<?xml version="1.0" encoding="UTF-8"?>
<testsuite xmlns:xsi="http://www.w3.org/2001/XMLSchema-instance" xsi:noNamespaceSchemaLocation="https://maven.apache.org/surefire/maven-surefire-plugin/xsd/surefire-test-report-3.0.xsd" version="3.0" name="org.apache.ratis.grpc.TestLeaderInstallSnapshot" time="112.623" tests="4" errors="1" skipped="0" failures="1">
  <properties>
    <property name="awt.toolkit" value="sun.awt.X11.XToolkit"/>
    <property name="java.specification.version" value="11"/>
    <property name="sun.cpu.isalist" value=""/>
    <property name="sun.jnu.encoding" value="UTF-8"/>
    <property name="java.class.path" value="/home/runner/work/ratis/ratis/ratis-test/target/test-classes:/home/runner/work/ratis/ratis/ratis-test/target/classes:/home/runner/work/ratis/ratis/ratis-common/target/classes:/home/runner/.m2/repository/org/apache/ratis/ratis-thirdparty-misc/1.0.4/ratis-thirdparty-misc-1.0.4.jar:/home/runner/work/ratis/ratis/ratis-proto/target/ratis-proto-3.0.0-SNAPSHOT.jar:/home/runner/work/ratis/ratis/ratis-common/target/test-classes:/home/runner/work/ratis/ratis/ratis-client/target/classes:/home/runner/work/ratis/ratis/ratis-server/target/classes:/home/runner/work/ratis/ratis/ratis-server-api/target/classes:/home/runner/work/ratis/ratis/ratis-metrics-api/target/classes:/home/runner/work/ratis/ratis/ratis-server/target/test-classes:/home/runner/work/ratis/ratis/ratis-metrics-default/target/classes:/home/runner/work/ratis/ratis/ratis-netty/target/classes:/home/runner/work/ratis/ratis/ratis-netty/target/test-classes:/home/runner/work/ratis/ratis/ratis-grpc/target/classes:/home/runner/work/ratis/ratis/ratis-grpc/target/test-classes:/home/runner/work/ratis/ratis/ratis-shell/target/classes:/home/runner/.m2/repository/commons-cli/commons-cli/1.5.0/commons-cli-1.5.0.jar:/home/runner/.m2/repository/org/reflections/reflections/0.10.2/reflections-0.10.2.jar:/home/runner/.m2/repository/org/javassist/javassist/3.28.0-GA/javassist-3.28.0-GA.jar:/home/runner/.m2/repository/com/google/code/findbugs/jsr305/3.0.2/jsr305-3.0.2.jar:/home/runner/.m2/repository/org/bouncycastle/bcprov-jdk15on/1.70/bcprov-jdk15on-1.70.jar:/home/runner/.m2/repository/org/bouncycastle/bcpkix-jdk15on/1.70/bcpkix-jdk15on-1.70.jar:/home/runner/.m2/repository/org/bouncycastle/bcutil-jdk15on/1.70/bcutil-jdk15on-1.70.jar:/home/runner/.m2/repository/org/slf4j/slf4j-api/2.0.7/slf4j-api-2.0.7.jar:/home/runner/.m2/repository/org/slf4j/slf4j-reload4j/2.0.7/slf4j-reload4j-2.0.7.jar:/home/runner/.m2/repository/ch/qos/reload4j/reload4j/1.2.22/reload4j-1.2.22.jar:/home/runner/.m2/repository/junit/junit/4.13.2/junit-4.13.2.jar:/home/runner/.m2/repository/org/hamcrest/hamcrest-core/1.3/hamcrest-core-1.3.jar:/home/runner/.m2/repository/org/mockito/mockito-core/4.3.1/mockito-core-4.3.1.jar:/home/runner/.m2/repository/net/bytebuddy/byte-buddy/1.12.7/byte-buddy-1.12.7.jar:/home/runner/.m2/repository/net/bytebuddy/byte-buddy-agent/1.12.7/byte-buddy-agent-1.12.7.jar:/home/runner/.m2/repository/org/objenesis/objenesis/3.2/objenesis-3.2.jar:"/>
    <property name="java.vm.vendor" value="Eclipse Adoptium"/>
    <property name="sun.arch.data.model" value="64"/>
    <property name="java.vendor.url" value="https://adoptium.net/"/>
    <property name="user.timezone" value=""/>
    <property name="java.vm.specification.version" value="11"/>
    <property name="os.name" value="Linux"/>
    <property name="sun.java.launcher" value="SUN_STANDARD"/>
    <property name="sun.boot.library.path" value="/usr/lib/jvm/temurin-11-jdk-amd64/lib"/>
    <property name="sun.java.command" value="/home/runner/work/ratis/ratis/ratis-test/target/surefire/surefirebooter-20230818032756829_203.jar /home/runner/work/ratis/ratis/ratis-test/target/surefire 2023-08-18T03-27-15_805-jvmRun1 surefire-20230818032756829_201tmp surefire_22-20230818032756829_202tmp"/>
    <property name="jdk.debug" value="release"/>
    <property name="surefire.test.class.path" value="/home/runner/work/ratis/ratis/ratis-test/target/test-classes:/home/runner/work/ratis/ratis/ratis-test/target/classes:/home/runner/work/ratis/ratis/ratis-common/target/classes:/home/runner/.m2/repository/org/apache/ratis/ratis-thirdparty-misc/1.0.4/ratis-thirdparty-misc-1.0.4.jar:/home/runner/work/ratis/ratis/ratis-proto/target/ratis-proto-3.0.0-SNAPSHOT.jar:/home/runner/work/ratis/ratis/ratis-common/target/test-classes:/home/runner/work/ratis/ratis/ratis-client/target/classes:/home/runner/work/ratis/ratis/ratis-server/target/classes:/home/runner/work/ratis/ratis/ratis-server-api/target/classes:/home/runner/work/ratis/ratis/ratis-metrics-api/target/classes:/home/runner/work/ratis/ratis/ratis-server/target/test-classes:/home/runner/work/ratis/ratis/ratis-metrics-default/target/classes:/home/runner/work/ratis/ratis/ratis-netty/target/classes:/home/runner/work/ratis/ratis/ratis-netty/target/test-classes:/home/runner/work/ratis/ratis/ratis-grpc/target/classes:/home/runner/work/ratis/ratis/ratis-grpc/target/test-classes:/home/runner/work/ratis/ratis/ratis-shell/target/classes:/home/runner/.m2/repository/commons-cli/commons-cli/1.5.0/commons-cli-1.5.0.jar:/home/runner/.m2/repository/org/reflections/reflections/0.10.2/reflections-0.10.2.jar:/home/runner/.m2/repository/org/javassist/javassist/3.28.0-GA/javassist-3.28.0-GA.jar:/home/runner/.m2/repository/com/google/code/findbugs/jsr305/3.0.2/jsr305-3.0.2.jar:/home/runner/.m2/repository/org/bouncycastle/bcprov-jdk15on/1.70/bcprov-jdk15on-1.70.jar:/home/runner/.m2/repository/org/bouncycastle/bcpkix-jdk15on/1.70/bcpkix-jdk15on-1.70.jar:/home/runner/.m2/repository/org/bouncycastle/bcutil-jdk15on/1.70/bcutil-jdk15on-1.70.jar:/home/runner/.m2/repository/org/slf4j/slf4j-api/2.0.7/slf4j-api-2.0.7.jar:/home/runner/.m2/repository/org/slf4j/slf4j-reload4j/2.0.7/slf4j-reload4j-2.0.7.jar:/home/runner/.m2/repository/ch/qos/reload4j/reload4j/1.2.22/reload4j-1.2.22.jar:/home/runner/.m2/repository/junit/junit/4.13.2/junit-4.13.2.jar:/home/runner/.m2/repository/org/hamcrest/hamcrest-core/1.3/hamcrest-core-1.3.jar:/home/runner/.m2/repository/org/mockito/mockito-core/4.3.1/mockito-core-4.3.1.jar:/home/runner/.m2/repository/net/bytebuddy/byte-buddy/1.12.7/byte-buddy-1.12.7.jar:/home/runner/.m2/repository/net/bytebuddy/byte-buddy-agent/1.12.7/byte-buddy-agent-1.12.7.jar:/home/runner/.m2/repository/org/objenesis/objenesis/3.2/objenesis-3.2.jar:"/>
    <property name="sun.cpu.endian" value="little"/>
    <property name="user.home" value="/home/runner"/>
    <property name="user.language" value="en"/>
    <property name="java.specification.vendor" value="Oracle Corporation"/>
    <property name="java.version.date" value="2023-07-18"/>
    <property name="java.home" value="/usr/lib/jvm/temurin-11-jdk-amd64"/>
    <property name="file.separator" value="/"/>
    <property name="basedir" value="/home/runner/work/ratis/ratis/ratis-test"/>
    <property name="java.vm.compressedOopsMode" value="32-bit"/>
    <property name="line.separator" value="&#10;"/>
    <property name="java.specification.name" value="Java Platform API Specification"/>
    <property name="java.vm.specification.vendor" value="Oracle Corporation"/>
    <property name="java.awt.graphicsenv" value="sun.awt.X11GraphicsEnvironment"/>
    <property name="surefire.real.class.path" value="/home/runner/work/ratis/ratis/ratis-test/target/surefire/surefirebooter-20230818032756829_203.jar"/>
    <property name="sun.management.compiler" value="HotSpot 64-Bit Tiered Compilers"/>
    <property name="java.runtime.version" value="11.0.20+8"/>
    <property name="user.name" value="runner"/>
    <property name="java.net.preferIPv4Stack" value="true"/>
    <property name="path.separator" value=":"/>
    <property name="os.version" value="5.15.0-1042-azure"/>
    <property name="java.runtime.name" value="OpenJDK Runtime Environment"/>
    <property name="file.encoding" value="UTF-8"/>
    <property name="java.vm.name" value="OpenJDK 64-Bit Server VM"/>
    <property name="java.vendor.version" value="Temurin-11.0.20+8"/>
    <property name="localRepository" value="/home/runner/.m2/repository"/>
    <property name="java.vendor.url.bug" value="https://github.com/adoptium/adoptium-support/issues"/>
    <property name="java.io.tmpdir" value="/tmp"/>
    <property name="java.version" value="11.0.20"/>
    <property name="user.dir" value="/home/runner/work/ratis/ratis/ratis-test"/>
    <property name="os.arch" value="amd64"/>
    <property name="ratis.tmp.dir" value="/home/runner/work/ratis/ratis/ratis-test/target/tmp"/>
    <property name="java.vm.specification.name" value="Java Virtual Machine Specification"/>
    <property name="java.awt.printerjob" value="sun.print.PSPrinterJob"/>
    <property name="ratis.log.dir" value="/home/runner/work/ratis/ratis/ratis-test/target/log"/>
    <property name="sun.os.patch.level" value="unknown"/>
    <property name="java.library.path" value="/usr/java/packages/lib:/usr/lib64:/lib64:/lib:/usr/lib"/>
    <property name="java.vm.info" value="mixed mode"/>
    <property name="java.vendor" value="Eclipse Adoptium"/>
    <property name="java.vm.version" value="11.0.20+8"/>
    <property name="java.specification.maintenance.version" value="2"/>
    <property name="sun.io.unicode.encoding" value="UnicodeLittle"/>
    <property name="java.class.version" value="55.0"/>
  </properties>
  <testcase name="testMultiFileInstallSnapshot[0]" classname="org.apache.ratis.grpc.TestLeaderInstallSnapshot" time="3.543">
    <system-out><![CDATA[2023-08-18 03:35:49,667 [main] INFO  util.LogUtils (Slf4jUtils.java:setLogLevel(38)) - Successfully set org.apache.ratis.conf.ConfUtils log level to WARN
2023-08-18 03:35:49,670 [main] INFO  util.LogUtils (Slf4jUtils.java:setLogLevel(38)) - Successfully set org.apache.ratis.util.FileUtils log level to TRACE
2023-08-18 03:35:49,697 [Time-limited test] INFO  impl.MiniRaftCluster (MiniRaftCluster.java:runWithNewCluster(135)) - Running runWithNewCluster
2023-08-18 03:35:49,737 [Time-limited test] INFO  impl.MiniRaftCluster (MiniRaftCluster.java:<init>(306)) - new MiniRaftClusterWithGrpc with group-B9F71DAC6F9C:[s0|rpc:localhost:33381|admin:localhost:43253|client:localhost:38991|dataStream:localhost:35229|priority:0|startupRole:FOLLOWER]
2023-08-18 03:35:49,737 [Time-limited test] INFO  impl.MiniRaftCluster (MiniRaftCluster.java:start(339)) - .............................................................. 
2023-08-18 03:35:49,737 [Time-limited test] INFO  impl.MiniRaftCluster (MiniRaftCluster.java:start(340)) - ... 
2023-08-18 03:35:49,738 [Time-limited test] INFO  impl.MiniRaftCluster (MiniRaftCluster.java:start(341)) - ...     Starting MiniRaftClusterWithGrpc
2023-08-18 03:35:49,738 [Time-limited test] INFO  impl.MiniRaftCluster (MiniRaftCluster.java:start(342)) - ... 
2023-08-18 03:35:49,738 [Time-limited test] INFO  impl.MiniRaftCluster (MiniRaftCluster.java:start(343)) - .............................................................. 
2023-08-18 03:35:49,738 [Time-limited test] INFO  impl.MiniRaftCluster (MiniRaftCluster.java:initServers(318)) - servers = {}
2023-08-18 03:35:49,742 [Time-limited test] INFO  impl.MiniRaftCluster (MiniRaftCluster.java:newRaftServer(382)) - newRaftServer: s0, group-B9F71DAC6F9C:[s0|rpc:localhost:33381|admin:localhost:43253|client:localhost:38991|dataStream:localhost:35229|priority:0|startupRole:FOLLOWER], format? true
2023-08-18 03:35:49,743 [Time-limited test] TRACE util.FileUtils (FileUtils.java:deleteFully(201)) - deleteFully target/test/data/24296cbb/MiniRaftClusterWithGrpceae4580e/s0
2023-08-18 03:35:49,744 [Time-limited test] TRACE util.FileUtils (FileUtils.java:deleteFully(217)) - deleteFully: target/test/data/24296cbb/MiniRaftClusterWithGrpceae4580e/s0 does not exist.
2023-08-18 03:35:49,744 [Time-limited test] INFO  impl.MiniRaftCluster (MiniRaftCluster.java:newRaftServer(387)) - Formatted directory target/test/data/24296cbb/MiniRaftClusterWithGrpceae4580e/s0
2023-08-18 03:35:49,769 [Time-limited test] INFO  server.RaftServer (ConfUtils.java:logGet(46)) - raft.rpc.type = GRPC (default)
2023-08-18 03:35:49,823 [Time-limited test] INFO  grpc.GrpcConfigKeys (ConfUtils.java:logFallback(53)) - raft.grpc.admin.host = null (fallback to raft.grpc.server.host)
2023-08-18 03:35:49,824 [Time-limited test] INFO  grpc.GrpcConfigKeys (ConfUtils.java:logGet(46)) - raft.grpc.admin.port = 43253 (custom)
2023-08-18 03:35:49,824 [Time-limited test] INFO  grpc.GrpcConfigKeys (ConfUtils.java:logFallback(53)) - raft.grpc.client.host = null (fallback to raft.grpc.server.host)
2023-08-18 03:35:49,825 [Time-limited test] INFO  grpc.GrpcConfigKeys (ConfUtils.java:logGet(46)) - raft.grpc.client.port = 38991 (custom)
2023-08-18 03:35:49,825 [Time-limited test] INFO  grpc.GrpcConfigKeys (ConfUtils.java:logGet(46)) - raft.grpc.server.host = null (default)
2023-08-18 03:35:49,825 [Time-limited test] INFO  grpc.GrpcConfigKeys (ConfUtils.java:logGet(46)) - raft.grpc.server.port = 33381 (custom)
2023-08-18 03:35:49,826 [Time-limited test] INFO  server.GrpcService (ConfUtils.java:logGet(46)) - raft.grpc.message.size.max = 64MB (=67108864) (default)
2023-08-18 03:35:49,828 [Time-limited test] INFO  server.RaftServerConfigKeys (ConfUtils.java:logGet(46)) - raft.server.log.appender.buffer.byte-limit = 4MB (=4194304) (default)
2023-08-18 03:35:49,828 [Time-limited test] INFO  server.GrpcService (ConfUtils.java:logGet(46)) - raft.grpc.flow.control.window = 1MB (=1048576) (default)
2023-08-18 03:35:49,831 [Time-limited test] INFO  server.RaftServerConfigKeys (ConfUtils.java:logGet(46)) - raft.server.rpc.request.timeout = 3000ms (default)
2023-08-18 03:35:49,844 [Time-limited test] INFO  grpc.GrpcConfigKeys (ConfUtils.java:logGet(46)) - raft.grpc.server.heartbeat.channel = false (custom)
2023-08-18 03:35:49,847 [Time-limited test] INFO  grpc.GrpcConfigKeys (ConfUtils.java:logGet(46)) - raft.grpc.server.async.request.thread.pool.cached = true (default)
2023-08-18 03:35:49,847 [Time-limited test] INFO  grpc.GrpcConfigKeys (ConfUtils.java:logGet(46)) - raft.grpc.server.async.request.thread.pool.size = 32 (default)
2023-08-18 03:35:49,999 [Time-limited test] INFO  impl.DataStreamServerImpl (ConfUtils.java:logGet(46)) - raft.datastream.type = DISABLED (default)
2023-08-18 03:35:50,001 [Time-limited test] INFO  server.RaftServerConfigKeys (ConfUtils.java:logGet(46)) - raft.server.threadpool.proxy.cached = true (default)
2023-08-18 03:35:50,002 [Time-limited test] INFO  server.RaftServerConfigKeys (ConfUtils.java:logGet(46)) - raft.server.threadpool.proxy.size = 0 (default)
2023-08-18 03:35:50,004 [Time-limited test] INFO  server.RaftServerConfigKeys (ConfUtils.java:logGet(46)) - raft.server.sleep.deviation.threshold = 300ms (default)
2023-08-18 03:35:50,005 [Time-limited test] INFO  server.RaftServerConfigKeys (ConfUtils.java:logGet(46)) - raft.server.rpc.slowness.timeout = 60s (default)
2023-08-18 03:35:50,006 [Time-limited test] INFO  server.RaftServerConfigKeys (ConfUtils.java:logGet(46)) - raft.server.leaderelection.leader.step-down.wait-time = 10s (default)
2023-08-18 03:35:50,009 [Time-limited test] INFO  server.RaftServerConfigKeys (ConfUtils.java:logGet(46)) - raft.server.storage.dir = [/home/runner/work/ratis/ratis/ratis-test/target/test/data/24296cbb/MiniRaftClusterWithGrpceae4580e/s0] (custom)
2023-08-18 03:35:50,027 [Time-limited test] INFO  server.RaftServer (RaftServerProxy.java:addNew(99)) - s0: addNew group-B9F71DAC6F9C:[s0|rpc:localhost:33381|admin:localhost:43253|client:localhost:38991|dataStream:localhost:35229|priority:0|startupRole:FOLLOWER] returns group-B9F71DAC6F9C:java.util.concurrent.CompletableFuture@7392143d[Not completed]
2023-08-18 03:35:50,037 [s0-groupManagement] INFO  server.RaftServerConfigKeys (ConfUtils.java:logGet(46)) - raft.server.log.segment.size.max = 8MB (=8388608) (default)
2023-08-18 03:35:50,038 [s0-groupManagement] INFO  server.RaftServerConfigKeys (ConfUtils.java:logGet(46)) - raft.server.log.preallocated.size = 4MB (=4194304) (default)
2023-08-18 03:35:50,038 [s0-groupManagement] INFO  server.RaftServerConfigKeys (ConfUtils.java:logGet(46)) - raft.server.log.write.buffer.size = 64KB (=65536) (default)
2023-08-18 03:35:50,040 [s0-groupManagement] INFO  server.RaftServer$Division (RaftServerImpl.java:<init>(250)) - s0: new RaftServerImpl for group-B9F71DAC6F9C:[s0|rpc:localhost:33381|admin:localhost:43253|client:localhost:38991|dataStream:localhost:35229|priority:0|startupRole:FOLLOWER] with StateMachineWithMultiNestedSnapshotFile:uninitialized
2023-08-18 03:35:50,041 [s0-groupManagement] INFO  server.RaftServerConfigKeys (ConfUtils.java:logGet(46)) - raft.server.rpc.timeout.min = 150ms (default)
2023-08-18 03:35:50,041 [s0-groupManagement] INFO  server.RaftServerConfigKeys (ConfUtils.java:logGet(46)) - raft.server.rpc.timeout.max = 300ms (default)
2023-08-18 03:35:50,041 [s0-groupManagement] INFO  server.RaftServerConfigKeys (ConfUtils.java:logGet(46)) - raft.server.rpc.sleep.time = 25ms (default)
2023-08-18 03:35:50,042 [s0-groupManagement] INFO  server.RaftServerConfigKeys (ConfUtils.java:logGet(46)) - raft.server.rpc.slowness.timeout = 60s (default)
2023-08-18 03:35:50,042 [s0-groupManagement] INFO  server.RaftServerConfigKeys (ConfUtils.java:logGet(46)) - raft.server.leaderelection.leader.step-down.wait-time = 10s (default)
2023-08-18 03:35:50,042 [s0-groupManagement] INFO  server.RaftServerConfigKeys (ConfUtils.java:logGet(46)) - raft.server.sleep.deviation.threshold = 300ms (default)
2023-08-18 03:35:50,060 [s0-groupManagement] INFO  server.RaftServer$Division (ServerState.java:<init>(113)) - s0@group-B9F71DAC6F9C: ConfigurationManager, init=-1: peers:[s0|rpc:localhost:33381|admin:localhost:43253|client:localhost:38991|dataStream:localhost:35229|priority:0|startupRole:FOLLOWER]|listeners:[], old=null, confs=<EMPTY_MAP>
2023-08-18 03:35:50,066 [s0-groupManagement] INFO  server.RaftServerConfigKeys (ConfUtils.java:logGet(46)) - raft.server.notification.no-leader.timeout = 60s (default)
2023-08-18 03:35:50,070 [s0-groupManagement] INFO  server.RaftServerConfigKeys (ConfUtils.java:logGet(46)) - raft.server.read.timeout = 10s (default)
2023-08-18 03:35:50,073 [s0-groupManagement] INFO  server.RaftServerConfigKeys (ConfUtils.java:logGet(46)) - raft.server.retrycache.expirytime = 60s (default)
2023-08-18 03:35:50,073 [s0-groupManagement] INFO  server.RaftServerConfigKeys (ConfUtils.java:logGet(46)) - raft.server.retrycache.statistics.expirytime = 100μs (default)
2023-08-18 03:35:50,087 [s0-groupManagement] INFO  server.RaftServerConfigKeys (ConfUtils.java:logGet(46)) - raft.server.read.option = DEFAULT (default)
2023-08-18 03:35:50,096 [s0-groupManagement] INFO  metrics.MetricRegistries (MetricRegistriesLoader.java:load(64)) - Loaded MetricRegistries class org.apache.ratis.metrics.impl.MetricRegistriesImpl
2023-08-18 03:35:50,179 [s0-groupManagement] INFO  server.RaftServerConfigKeys (ConfUtils.java:logGet(46)) - raft.server.rpc.request.timeout = 3000ms (default)
2023-08-18 03:35:50,181 [s0-groupManagement] INFO  server.RaftServerConfigKeys (ConfUtils.java:logGet(46)) - raft.server.log.appender.install.snapshot.enabled = true (default)
2023-08-18 03:35:50,181 [s0-groupManagement] INFO  server.RaftServerConfigKeys (ConfUtils.java:logGet(46)) - raft.server.threadpool.server.cached = true (default)
2023-08-18 03:35:50,182 [s0-groupManagement] INFO  server.RaftServerConfigKeys (ConfUtils.java:logGet(46)) - raft.server.threadpool.server.size = 0 (default)
2023-08-18 03:35:50,182 [s0-groupManagement] INFO  server.RaftServerConfigKeys (ConfUtils.java:logGet(46)) - raft.server.threadpool.client.cached = true (default)
2023-08-18 03:35:50,182 [s0-groupManagement] INFO  server.RaftServerConfigKeys (ConfUtils.java:logGet(46)) - raft.server.threadpool.client.size = 0 (default)
2023-08-18 03:35:50,183 [s0-impl-thread1] INFO  server.RaftServerConfigKeys (ConfUtils.java:logGet(46)) - raft.server.storage.free-space.min = 0MB (=0) (default)
2023-08-18 03:35:50,184 [s0-impl-thread1] INFO  server.RaftServerConfigKeys (ConfUtils.java:logGet(46)) - raft.server.log.corruption.policy = EXCEPTION (default)
2023-08-18 03:35:50,184 [s0-impl-thread1] INFO  server.RaftServerConfigKeys (ConfUtils.java:logGet(46)) - raft.server.storage.dir = [/home/runner/work/ratis/ratis/ratis-test/target/test/data/24296cbb/MiniRaftClusterWithGrpceae4580e/s0] (custom)
2023-08-18 03:35:50,194 [s0-impl-thread1] INFO  storage.RaftStorageDirectory (RaftStorageDirectoryImpl.java:analyzeStorage(138)) - The storage directory /home/runner/work/ratis/ratis/ratis-test/target/test/data/24296cbb/MiniRaftClusterWithGrpceae4580e/s0/04db416e-9121-4b21-a311-b9f71dac6f9c does not exist. Creating ...
2023-08-18 03:35:50,195 [s0-impl-thread1] TRACE util.FileUtils (LogUtils.java:runAndLog(49)) - Successfully ran Files.createDirectories /home/runner/work/ratis/ratis/ratis-test/target/test/data/24296cbb/MiniRaftClusterWithGrpceae4580e/s0/04db416e-9121-4b21-a311-b9f71dac6f9c
2023-08-18 03:35:50,198 [s0-impl-thread1] INFO  storage.RaftStorageDirectory (RaftStorageDirectoryImpl.java:tryLock(232)) - Lock on /home/runner/work/ratis/ratis/ratis-test/target/test/data/24296cbb/MiniRaftClusterWithGrpceae4580e/s0/04db416e-9121-4b21-a311-b9f71dac6f9c/in_use.lock acquired by nodename 15247@fv-az454-831
2023-08-18 03:35:50,198 [s0-impl-thread1] TRACE util.FileUtils (LogUtils.java:runAndLog(49)) - Successfully ran Files.createDirectories /home/runner/work/ratis/ratis/ratis-test/target/test/data/24296cbb/MiniRaftClusterWithGrpceae4580e/s0/04db416e-9121-4b21-a311-b9f71dac6f9c/current
2023-08-18 03:35:50,198 [s0-impl-thread1] TRACE util.FileUtils (LogUtils.java:runAndLog(49)) - Successfully ran Files.createDirectories /home/runner/work/ratis/ratis/ratis-test/target/test/data/24296cbb/MiniRaftClusterWithGrpceae4580e/s0/04db416e-9121-4b21-a311-b9f71dac6f9c/sm
2023-08-18 03:35:50,210 [s0-impl-thread1] INFO  storage.RaftStorage (RaftStorageImpl.java:format(97)) - Storage directory /home/runner/work/ratis/ratis/ratis-test/target/test/data/24296cbb/MiniRaftClusterWithGrpceae4580e/s0/04db416e-9121-4b21-a311-b9f71dac6f9c has been successfully formatted.
2023-08-18 03:35:50,210 [s0-impl-thread1] INFO  impl.SimpleStateMachine4Testing (SimpleStateMachine4Testing.java:initialize(213)) - Initializing StateMachineWithMultiNestedSnapshotFile:uninitialized
2023-08-18 03:35:50,212 [s0-impl-thread1] INFO  impl.SimpleStateMachine4Testing (SimpleStateMachine4Testing.java:loadSnapshot(293)) - Loading snapshot null
2023-08-18 03:35:50,213 [s0-impl-thread1] INFO  server.RaftServerConfigKeys (ConfUtils.java:logGet(46)) - raft.server.log.use.memory = false (default)
2023-08-18 03:35:50,217 [s0-impl-thread1] INFO  server.RaftServerConfigKeys (ConfUtils.java:logGet(46)) - raft.server.log.purge.gap = 8 (custom)
2023-08-18 03:35:50,218 [s0-impl-thread1] INFO  server.RaftServerConfigKeys (ConfUtils.java:logGet(46)) - raft.server.log.appender.buffer.byte-limit = 4MB (=4194304) (default)
2023-08-18 03:35:50,218 [s0-impl-thread1] INFO  server.RaftServerConfigKeys (ConfUtils.java:logGet(46)) - raft.server.log.statemachine.data.read.timeout = 1000ms (default)
2023-08-18 03:35:50,219 [s0-impl-thread1] INFO  server.RaftServerConfigKeys (ConfUtils.java:logGet(46)) - raft.server.log.purge.preservation.log.num = 0 (default)
2023-08-18 03:35:50,221 [s0-impl-thread1] INFO  server.RaftServerConfigKeys (ConfUtils.java:logGet(46)) - raft.server.log.segment.size.max = 8MB (=8388608) (default)
2023-08-18 03:35:50,226 [s0-impl-thread1] INFO  server.RaftServerConfigKeys (ConfUtils.java:logGet(46)) - raft.server.log.segment.cache.num.max = 6 (default)
2023-08-18 03:35:50,226 [s0-impl-thread1] INFO  server.RaftServerConfigKeys (ConfUtils.java:logGet(46)) - raft.server.log.segment.cache.size.max = 200MB (=209715200) (default)
2023-08-18 03:35:50,226 [s0-impl-thread1] INFO  server.RaftServerConfigKeys (ConfUtils.java:logGet(46)) - raft.server.log.appender.buffer.byte-limit = 4MB (=4194304) (default)
2023-08-18 03:35:50,229 [s0-impl-thread1] INFO  segmented.SegmentedRaftLogWorker (SegmentedRaftLogWorker.java:<init>(183)) - new s0@group-B9F71DAC6F9C-SegmentedRaftLogWorker for RaftStorageImpl:Storage Directory /home/runner/work/ratis/ratis/ratis-test/target/test/data/24296cbb/MiniRaftClusterWithGrpceae4580e/s0/04db416e-9121-4b21-a311-b9f71dac6f9c
2023-08-18 03:35:50,229 [s0-impl-thread1] INFO  server.RaftServerConfigKeys (ConfUtils.java:logGet(46)) - raft.server.log.queue.byte-limit = 64MB (=67108864) (default)
2023-08-18 03:35:50,229 [s0-impl-thread1] INFO  server.RaftServerConfigKeys (ConfUtils.java:logGet(46)) - raft.server.log.queue.element-limit = 4096 (default)
2023-08-18 03:35:50,230 [s0-impl-thread1] INFO  server.RaftServerConfigKeys (ConfUtils.java:logGet(46)) - raft.server.log.segment.size.max = 8MB (=8388608) (default)
2023-08-18 03:35:50,231 [s0-impl-thread1] INFO  server.RaftServerConfigKeys (ConfUtils.java:logGet(46)) - raft.server.log.preallocated.size = 4MB (=4194304) (default)
2023-08-18 03:35:50,231 [s0-impl-thread1] INFO  server.RaftServerConfigKeys (ConfUtils.java:logGet(46)) - raft.server.log.force.sync.num = 128 (default)
2023-08-18 03:35:50,232 [s0-impl-thread1] INFO  server.RaftServerConfigKeys (ConfUtils.java:logGet(46)) - raft.server.log.statemachine.data.sync = true (default)
2023-08-18 03:35:50,232 [s0-impl-thread1] INFO  server.RaftServerConfigKeys (ConfUtils.java:logGet(46)) - raft.server.log.statemachine.data.sync.timeout = 10s (default)
2023-08-18 03:35:50,232 [s0-impl-thread1] INFO  server.RaftServerConfigKeys (ConfUtils.java:logGet(46)) - raft.server.log.statemachine.data.sync.timeout.retry = -1 (default)
2023-08-18 03:35:50,233 [s0-impl-thread1] INFO  server.RaftServerConfigKeys (ConfUtils.java:logGet(46)) - raft.server.log.write.buffer.size = 64KB (=65536) (default)
2023-08-18 03:35:50,233 [s0-impl-thread1] INFO  server.RaftServerConfigKeys (ConfUtils.java:logGet(46)) - raft.server.log.appender.buffer.byte-limit = 4MB (=4194304) (default)
2023-08-18 03:35:50,235 [s0-impl-thread1] INFO  server.RaftServerConfigKeys (ConfUtils.java:logGet(46)) - raft.server.log.unsafe-flush.enabled = false (default)
2023-08-18 03:35:50,235 [s0-impl-thread1] INFO  server.RaftServerConfigKeys (ConfUtils.java:logGet(46)) - raft.server.log.async-flush.enabled = false (default)
2023-08-18 03:35:50,236 [s0-impl-thread1] INFO  server.RaftServerConfigKeys (ConfUtils.java:logGet(46)) - raft.server.log.statemachine.data.caching.enabled = false (default)
2023-08-18 03:35:50,240 [s0-impl-thread1] INFO  segmented.SegmentedRaftLogWorker (SegmentedRaftLogWorker.java:lambda$new$0(134)) - s0@group-B9F71DAC6F9C-SegmentedRaftLogWorker: flushIndex: setUnconditionally 0 -> -1
2023-08-18 03:35:50,240 [s0-impl-thread1] INFO  segmented.SegmentedRaftLogWorker (SegmentedRaftLogWorker.java:lambda$new$0(134)) - s0@group-B9F71DAC6F9C-SegmentedRaftLogWorker: safeCacheEvictIndex: setUnconditionally 0 -> -1
2023-08-18 03:35:50,244 [s0-impl-thread1] INFO  server.RaftServer$Division (RaftServerImpl.java:start(384)) - s0@group-B9F71DAC6F9C: start as a follower, conf=-1: peers:[s0|rpc:localhost:33381|admin:localhost:43253|client:localhost:38991|dataStream:localhost:35229|priority:0|startupRole:FOLLOWER]|listeners:[], old=null
2023-08-18 03:35:50,247 [s0-impl-thread1] INFO  server.RaftServer$Division (RaftServerImpl.java:setRole(371)) - s0@group-B9F71DAC6F9C: changes role from      null to FOLLOWER at term 0 for startAsFollower
2023-08-18 03:35:50,248 [s0-impl-thread1] INFO  impl.RoleInfo (RoleInfo.java:updateAndGet(138)) - s0: start s0@group-B9F71DAC6F9C-FollowerState
2023-08-18 03:35:50,253 [s0-impl-thread1] INFO  util.JmxRegister (JmxRegister.java:tryRegister(44)) - Successfully registered JMX Bean with object name Ratis:service=RaftServer,group=group-B9F71DAC6F9C,id=s0
2023-08-18 03:35:50,254 [s0-impl-thread1] INFO  server.RaftServerConfigKeys (ConfUtils.java:logGet(46)) - raft.server.snapshot.trigger-when-stop.enabled = true (default)
2023-08-18 03:35:50,255 [s0-impl-thread1] INFO  server.RaftServerConfigKeys (ConfUtils.java:logGet(46)) - raft.server.snapshot.auto.trigger.enabled = true (custom)
2023-08-18 03:35:50,255 [s0-impl-thread1] INFO  server.RaftServerConfigKeys (ConfUtils.java:logGet(46)) - raft.server.snapshot.auto.trigger.threshold = 64 (custom)
2023-08-18 03:35:50,255 [s0-impl-thread1] INFO  server.RaftServerConfigKeys (ConfUtils.java:logGet(46)) - raft.server.snapshot.retention.file.num = -1 (default)
2023-08-18 03:35:50,256 [s0-impl-thread1] INFO  server.RaftServerConfigKeys (ConfUtils.java:logGet(46)) - raft.server.log.purge.upto.snapshot.index = false (default)
2023-08-18 03:35:50,258 [Time-limited test] INFO  server.RaftServer (RaftServerProxy.java:startImpl(402)) - s0: start RPC server
2023-08-18 03:35:50,259 [s0@group-B9F71DAC6F9C-FollowerState] INFO  server.RaftServerConfigKeys (ConfUtils.java:logFallback(53)) - raft.server.rpc.first-election.timeout.min = 150ms (fallback to raft.server.rpc.timeout.min)
2023-08-18 03:35:50,259 [s0@group-B9F71DAC6F9C-FollowerState] INFO  server.RaftServerConfigKeys (ConfUtils.java:logFallback(53)) - raft.server.rpc.first-election.timeout.max = 300ms (fallback to raft.server.rpc.timeout.max)
2023-08-18 03:35:50,290 [Time-limited test] INFO  server.GrpcService (GrpcService.java:startImpl(302)) - s0: GrpcService started, listening on 38991
2023-08-18 03:35:50,292 [Time-limited test] INFO  server.GrpcService (GrpcService.java:startImpl(302)) - s0: GrpcService started, listening on 33381
2023-08-18 03:35:50,292 [Time-limited test] INFO  server.GrpcService (GrpcService.java:startImpl(302)) - s0: GrpcService started, listening on 43253
2023-08-18 03:35:50,296 [JvmPauseMonitor0] INFO  util.JvmPauseMonitor (JvmPauseMonitor.java:run(105)) - JvmPauseMonitor-s0: Started
2023-08-18 03:35:50,300 [Time-limited test] INFO  server.RaftServerConfigKeys (ConfUtils.java:logGet(46)) - raft.server.rpc.timeout.max = 300ms (default)
2023-08-18 03:35:50,301 [Time-limited test] INFO  ratis.RaftTestUtil (RaftTestUtil.java:waitForLeader(100)) - printing ALL groups
  s0:  RUNNING  FOLLOWER s0@group-B9F71DAC6F9C:t0, leader=null, voted=, raftlog=Memoized:s0@group-B9F71DAC6F9C-SegmentedRaftLog:OPENED:c-1, conf=-1: peers:[s0|rpc:localhost:33381|admin:localhost:43253|client:localhost:38991|dataStream:localhost:35229|priority:0|startupRole:FOLLOWER]|listeners:[], old=null RUNNING
2023-08-18 03:35:50,315 [Time-limited test] WARN  ratis.RaftTestUtil (JavaUtils.java:attempt(217)) - FAILED "waitForLeader-null-(expectLeader? true)", attempt #1/100: java.lang.IllegalStateException: No leader yet : printing ALL groups
  s0:  RUNNING  FOLLOWER s0@group-B9F71DAC6F9C:t0, leader=null, voted=, raftlog=Memoized:s0@group-B9F71DAC6F9C-SegmentedRaftLog:OPENED:c-1, conf=-1: peers:[s0|rpc:localhost:33381|admin:localhost:43253|client:localhost:38991|dataStream:localhost:35229|priority:0|startupRole:FOLLOWER]|listeners:[], old=null RUNNING, sleep 450ms and then retry.
java.lang.IllegalStateException: No leader yet : printing ALL groups
  s0:  RUNNING  FOLLOWER s0@group-B9F71DAC6F9C:t0, leader=null, voted=, raftlog=Memoized:s0@group-B9F71DAC6F9C-SegmentedRaftLog:OPENED:c-1, conf=-1: peers:[s0|rpc:localhost:33381|admin:localhost:43253|client:localhost:38991|dataStream:localhost:35229|priority:0|startupRole:FOLLOWER]|listeners:[], old=null RUNNING
	at org.apache.ratis.server.impl.MiniRaftCluster.newIllegalStateExceptionForNoLeaders(MiniRaftCluster.java:581)
	at org.apache.ratis.RaftTestUtil.lambda$waitForLeader$1(RaftTestUtil.java:104)
	at org.apache.ratis.server.impl.MiniRaftCluster.getLeader(MiniRaftCluster.java:615)
	at org.apache.ratis.server.impl.MiniRaftCluster.getLeader(MiniRaftCluster.java:608)
	at org.apache.ratis.RaftTestUtil.lambda$waitForLeader$3(RaftTestUtil.java:112)
	at org.apache.ratis.util.JavaUtils.attempt(JavaUtils.java:211)
	at org.apache.ratis.util.JavaUtils.attemptRepeatedly(JavaUtils.java:197)
	at org.apache.ratis.RaftTestUtil.waitForLeader(RaftTestUtil.java:111)
	at org.apache.ratis.RaftTestUtil.waitForLeader(RaftTestUtil.java:92)
	at org.apache.ratis.RaftTestUtil.waitForLeader(RaftTestUtil.java:87)
	at org.apache.ratis.InstallSnapshotFromLeaderTests.testMultiFileInstallSnapshot(InstallSnapshotFromLeaderTests.java:93)
	at org.apache.ratis.server.impl.MiniRaftCluster$Factory$Get.runWithNewCluster(MiniRaftCluster.java:141)
	at org.apache.ratis.server.impl.MiniRaftCluster$Factory$Get.runWithNewCluster(MiniRaftCluster.java:121)
	at org.apache.ratis.InstallSnapshotFromLeaderTests.testMultiFileInstallSnapshot(InstallSnapshotFromLeaderTests.java:80)
	at java.base/jdk.internal.reflect.NativeMethodAccessorImpl.invoke0(Native Method)
	at java.base/jdk.internal.reflect.NativeMethodAccessorImpl.invoke(NativeMethodAccessorImpl.java:62)
	at java.base/jdk.internal.reflect.DelegatingMethodAccessorImpl.invoke(DelegatingMethodAccessorImpl.java:43)
	at java.base/java.lang.reflect.Method.invoke(Method.java:566)
	at org.junit.runners.model.FrameworkMethod$1.runReflectiveCall(FrameworkMethod.java:59)
	at org.junit.internal.runners.model.ReflectiveCallable.run(ReflectiveCallable.java:12)
	at org.junit.runners.model.FrameworkMethod.invokeExplosively(FrameworkMethod.java:56)
	at org.junit.internal.runners.statements.InvokeMethod.evaluate(InvokeMethod.java:17)
	at org.junit.internal.runners.statements.RunAfters.evaluate(RunAfters.java:27)
	at org.junit.internal.runners.statements.FailOnTimeout$CallableStatement.call(FailOnTimeout.java:299)
	at org.junit.internal.runners.statements.FailOnTimeout$CallableStatement.call(FailOnTimeout.java:293)
	at java.base/java.util.concurrent.FutureTask.run(FutureTask.java:264)
	at java.base/java.lang.Thread.run(Thread.java:829)
2023-08-18 03:35:50,464 [s0@group-B9F71DAC6F9C-FollowerState] INFO  impl.FollowerState (FollowerState.java:run(143)) - s0@group-B9F71DAC6F9C-FollowerState: change to CANDIDATE, lastRpcElapsedTime:216425019ns, electionTimeout:204ms
2023-08-18 03:35:50,464 [s0@group-B9F71DAC6F9C-FollowerState] INFO  impl.RoleInfo (RoleInfo.java:shutdownFollowerState(109)) - s0: shutdown s0@group-B9F71DAC6F9C-FollowerState
2023-08-18 03:35:50,465 [s0@group-B9F71DAC6F9C-FollowerState] INFO  server.RaftServer$Division (RaftServerImpl.java:setRole(371)) - s0@group-B9F71DAC6F9C: changes role from  FOLLOWER to CANDIDATE at term 0 for changeToCandidate
2023-08-18 03:35:50,472 [s0@group-B9F71DAC6F9C-FollowerState] INFO  server.RaftServerConfigKeys (ConfUtils.java:logGet(46)) - raft.server.leaderelection.pre-vote = true (default)
2023-08-18 03:35:50,472 [s0@group-B9F71DAC6F9C-FollowerState] INFO  impl.RoleInfo (RoleInfo.java:updateAndGet(138)) - s0: start s0@group-B9F71DAC6F9C-LeaderElection1
2023-08-18 03:35:50,481 [s0@group-B9F71DAC6F9C-LeaderElection1] INFO  impl.LeaderElection (LeaderElection.java:askForVotes(320)) - s0@group-B9F71DAC6F9C-LeaderElection1 PRE_VOTE round 0: submit vote requests at term 0 for -1: peers:[s0|rpc:localhost:33381|admin:localhost:43253|client:localhost:38991|dataStream:localhost:35229|priority:0|startupRole:FOLLOWER]|listeners:[], old=null
2023-08-18 03:35:50,482 [s0@group-B9F71DAC6F9C-LeaderElection1] INFO  impl.LeaderElection (LeaderElection.java:askForVotes(322)) - s0@group-B9F71DAC6F9C-LeaderElection1 PRE_VOTE round 0: result PASSED (term=0)
2023-08-18 03:35:50,483 [s0@group-B9F71DAC6F9C-LeaderElection1] INFO  impl.LeaderElection (LeaderElection.java:askForVotes(320)) - s0@group-B9F71DAC6F9C-LeaderElection1 ELECTION round 0: submit vote requests at term 1 for -1: peers:[s0|rpc:localhost:33381|admin:localhost:43253|client:localhost:38991|dataStream:localhost:35229|priority:0|startupRole:FOLLOWER]|listeners:[], old=null
2023-08-18 03:35:50,484 [s0@group-B9F71DAC6F9C-LeaderElection1] INFO  impl.LeaderElection (LeaderElection.java:askForVotes(322)) - s0@group-B9F71DAC6F9C-LeaderElection1 ELECTION round 0: result PASSED (term=1)
2023-08-18 03:35:50,484 [s0@group-B9F71DAC6F9C-LeaderElection1] INFO  impl.RoleInfo (RoleInfo.java:shutdownLeaderElection(129)) - s0: shutdown s0@group-B9F71DAC6F9C-LeaderElection1
2023-08-18 03:35:50,485 [s0@group-B9F71DAC6F9C-LeaderElection1] INFO  server.RaftServer$Division (RaftServerImpl.java:setRole(371)) - s0@group-B9F71DAC6F9C: changes role from CANDIDATE to LEADER at term 1 for changeToLeader
2023-08-18 03:35:50,488 [s0@group-B9F71DAC6F9C-LeaderElection1] INFO  server.RaftServerConfigKeys (ConfUtils.java:logGet(46)) - raft.server.staging.catchup.gap = 1000 (default)
2023-08-18 03:35:50,492 [s0@group-B9F71DAC6F9C-LeaderElection1] INFO  server.RaftServerConfigKeys (ConfUtils.java:logGet(46)) - raft.server.write.element-limit = 4096 (default)
2023-08-18 03:35:50,493 [s0@group-B9F71DAC6F9C-LeaderElection1] INFO  server.RaftServerConfigKeys (ConfUtils.java:logGet(46)) - raft.server.write.byte-limit = 64MB (=67108864) (default)
2023-08-18 03:35:50,498 [s0@group-B9F71DAC6F9C-LeaderElection1] INFO  server.RaftServerConfigKeys (ConfUtils.java:logGet(46)) - raft.server.watch.timeout = 10s (default)
2023-08-18 03:35:50,499 [s0@group-B9F71DAC6F9C-LeaderElection1] INFO  server.RaftServerConfigKeys (ConfUtils.java:logGet(46)) - raft.server.watch.timeout.denomination = 1s (default)
2023-08-18 03:35:50,499 [s0@group-B9F71DAC6F9C-LeaderElection1] INFO  server.RaftServerConfigKeys (ConfUtils.java:logGet(46)) - raft.server.watch.element-limit = 65536 (default)
2023-08-18 03:35:50,503 [s0@group-B9F71DAC6F9C-LeaderElection1] INFO  server.RaftServerConfigKeys (ConfUtils.java:logGet(46)) - raft.server.write.element-limit = 4096 (default)
2023-08-18 03:35:50,507 [s0@group-B9F71DAC6F9C-LeaderElection1] INFO  server.RaftServerConfigKeys (ConfUtils.java:logGet(46)) - raft.server.write.follower.gap.ratio.max = -1.0 (default)
2023-08-18 03:35:50,508 [s0@group-B9F71DAC6F9C-LeaderElection1] INFO  impl.RoleInfo (RoleInfo.java:updateAndGet(138)) - s0: start s0@group-B9F71DAC6F9C-LeaderStateImpl
2023-08-18 03:35:50,508 [s0@group-B9F71DAC6F9C-LeaderElection1] INFO  server.RaftServer$Division (RaftServerImpl.java:setFirstElection(556)) - s0@group-B9F71DAC6F9C: set firstElectionSinceStartup to false for becomeLeader
2023-08-18 03:35:50,508 [s0@group-B9F71DAC6F9C-LeaderElection1] INFO  server.RaftServer$Division (ServerState.java:setLeader(260)) - s0@group-B9F71DAC6F9C: change Leader from null to s0 at term 1 for becomeLeader, leader elected after 442ms
2023-08-18 03:35:50,525 [s0@group-B9F71DAC6F9C-LeaderElection1] INFO  segmented.SegmentedRaftLogWorker (SegmentedRaftLogWorker.java:startLogSegment(427)) - s0@group-B9F71DAC6F9C-SegmentedRaftLogWorker: Starting segment from index:0
2023-08-18 03:35:50,546 [s0@group-B9F71DAC6F9C-LeaderElection1] INFO  server.RaftServer$Division (ServerState.java:setRaftConf(377)) - s0@group-B9F71DAC6F9C: set configuration 0: peers:[s0|rpc:localhost:33381|admin:localhost:43253|client:localhost:38991|dataStream:localhost:35229|priority:0|startupRole:FOLLOWER]|listeners:[], old=null
2023-08-18 03:35:50,593 [s0@group-B9F71DAC6F9C-SegmentedRaftLogWorker] INFO  segmented.SegmentedRaftLogWorker (SegmentedRaftLogWorker.java:execute(631)) - s0@group-B9F71DAC6F9C-SegmentedRaftLogWorker: created new log segment /home/runner/work/ratis/ratis/ratis-test/target/test/data/24296cbb/MiniRaftClusterWithGrpceae4580e/s0/04db416e-9121-4b21-a311-b9f71dac6f9c/current/log_inprogress_0
2023-08-18 03:35:50,768 [Time-limited test] INFO  ratis.RaftTestUtil (RaftTestUtil.java:waitForLeader(119)) - printing ALL groups
  s0:  RUNNING    LEADER s0@group-B9F71DAC6F9C:t1, leader=s0, voted=s0, raftlog=Memoized:s0@group-B9F71DAC6F9C-SegmentedRaftLog:OPENED:c0, conf=0: peers:[s0|rpc:localhost:33381|admin:localhost:43253|client:localhost:38991|dataStream:localhost:35229|priority:0|startupRole:FOLLOWER]|listeners:[], old=null RUNNING
2023-08-18 03:35:51,073 [s0@group-B9F71DAC6F9C-StateMachineUpdater] INFO  impl.SimpleStateMachine4Testing (SimpleStateMachine4Testing.java:put(205)) - s0: put 1, m0 -> (t:1, i:1), STATEMACHINELOGENTRY, 0@client-2DC2D47929AC
2023-08-18 03:35:51,109 [s0@group-B9F71DAC6F9C-StateMachineUpdater] INFO  impl.SimpleStateMachine4Testing (SimpleStateMachine4Testing.java:put(205)) - s0: put 3, m1 -> (t:1, i:3), STATEMACHINELOGENTRY, 1@client-2DC2D47929AC
2023-08-18 03:35:51,117 [s0@group-B9F71DAC6F9C-StateMachineUpdater] INFO  impl.SimpleStateMachine4Testing (SimpleStateMachine4Testing.java:put(205)) - s0: put 5, m2 -> (t:1, i:5), STATEMACHINELOGENTRY, 2@client-2DC2D47929AC
2023-08-18 03:35:51,123 [s0@group-B9F71DAC6F9C-StateMachineUpdater] INFO  impl.SimpleStateMachine4Testing (SimpleStateMachine4Testing.java:put(205)) - s0: put 7, m3 -> (t:1, i:7), STATEMACHINELOGENTRY, 3@client-2DC2D47929AC
2023-08-18 03:35:51,133 [s0@group-B9F71DAC6F9C-StateMachineUpdater] INFO  impl.SimpleStateMachine4Testing (SimpleStateMachine4Testing.java:put(205)) - s0: put 9, m4 -> (t:1, i:9), STATEMACHINELOGENTRY, 4@client-2DC2D47929AC
2023-08-18 03:35:51,141 [s0@group-B9F71DAC6F9C-StateMachineUpdater] INFO  impl.SimpleStateMachine4Testing (SimpleStateMachine4Testing.java:put(205)) - s0: put 11, m5 -> (t:1, i:11), STATEMACHINELOGENTRY, 5@client-2DC2D47929AC
2023-08-18 03:35:51,151 [s0@group-B9F71DAC6F9C-StateMachineUpdater] INFO  impl.SimpleStateMachine4Testing (SimpleStateMachine4Testing.java:put(205)) - s0: put 13, m6 -> (t:1, i:13), STATEMACHINELOGENTRY, 6@client-2DC2D47929AC
2023-08-18 03:35:51,157 [s0@group-B9F71DAC6F9C-StateMachineUpdater] INFO  impl.SimpleStateMachine4Testing (SimpleStateMachine4Testing.java:put(205)) - s0: put 15, m7 -> (t:1, i:15), STATEMACHINELOGENTRY, 7@client-2DC2D47929AC
2023-08-18 03:35:51,165 [s0@group-B9F71DAC6F9C-StateMachineUpdater] INFO  impl.SimpleStateMachine4Testing (SimpleStateMachine4Testing.java:put(205)) - s0: put 17, m8 -> (t:1, i:17), STATEMACHINELOGENTRY, 8@client-2DC2D47929AC
2023-08-18 03:35:51,176 [s0@group-B9F71DAC6F9C-StateMachineUpdater] INFO  impl.SimpleStateMachine4Testing (SimpleStateMachine4Testing.java:put(205)) - s0: put 19, m9 -> (t:1, i:19), STATEMACHINELOGENTRY, 9@client-2DC2D47929AC
2023-08-18 03:35:51,187 [s0@group-B9F71DAC6F9C-StateMachineUpdater] INFO  impl.SimpleStateMachine4Testing (SimpleStateMachine4Testing.java:put(205)) - s0: put 21, m10 -> (t:1, i:21), STATEMACHINELOGENTRY, 10@client-2DC2D47929AC
2023-08-18 03:35:51,195 [s0@group-B9F71DAC6F9C-StateMachineUpdater] INFO  impl.SimpleStateMachine4Testing (SimpleStateMachine4Testing.java:put(205)) - s0: put 23, m11 -> (t:1, i:23), STATEMACHINELOGENTRY, 11@client-2DC2D47929AC
2023-08-18 03:35:51,203 [s0@group-B9F71DAC6F9C-StateMachineUpdater] INFO  impl.SimpleStateMachine4Testing (SimpleStateMachine4Testing.java:put(205)) - s0: put 25, m12 -> (t:1, i:25), STATEMACHINELOGENTRY, 12@client-2DC2D47929AC
2023-08-18 03:35:51,211 [s0@group-B9F71DAC6F9C-StateMachineUpdater] INFO  impl.SimpleStateMachine4Testing (SimpleStateMachine4Testing.java:put(205)) - s0: put 27, m13 -> (t:1, i:27), STATEMACHINELOGENTRY, 13@client-2DC2D47929AC
2023-08-18 03:35:51,217 [s0@group-B9F71DAC6F9C-StateMachineUpdater] INFO  impl.SimpleStateMachine4Testing (SimpleStateMachine4Testing.java:put(205)) - s0: put 29, m14 -> (t:1, i:29), STATEMACHINELOGENTRY, 14@client-2DC2D47929AC
2023-08-18 03:35:51,222 [s0@group-B9F71DAC6F9C-StateMachineUpdater] INFO  impl.SimpleStateMachine4Testing (SimpleStateMachine4Testing.java:put(205)) - s0: put 31, m15 -> (t:1, i:31), STATEMACHINELOGENTRY, 15@client-2DC2D47929AC
2023-08-18 03:35:51,227 [s0@group-B9F71DAC6F9C-StateMachineUpdater] INFO  impl.SimpleStateMachine4Testing (SimpleStateMachine4Testing.java:put(205)) - s0: put 33, m16 -> (t:1, i:33), STATEMACHINELOGENTRY, 16@client-2DC2D47929AC
2023-08-18 03:35:51,232 [s0@group-B9F71DAC6F9C-StateMachineUpdater] INFO  impl.SimpleStateMachine4Testing (SimpleStateMachine4Testing.java:put(205)) - s0: put 35, m17 -> (t:1, i:35), STATEMACHINELOGENTRY, 17@client-2DC2D47929AC
2023-08-18 03:35:51,238 [s0@group-B9F71DAC6F9C-StateMachineUpdater] INFO  impl.SimpleStateMachine4Testing (SimpleStateMachine4Testing.java:put(205)) - s0: put 37, m18 -> (t:1, i:37), STATEMACHINELOGENTRY, 18@client-2DC2D47929AC
2023-08-18 03:35:51,247 [s0@group-B9F71DAC6F9C-StateMachineUpdater] INFO  impl.SimpleStateMachine4Testing (SimpleStateMachine4Testing.java:put(205)) - s0: put 39, m19 -> (t:1, i:39), STATEMACHINELOGENTRY, 19@client-2DC2D47929AC
2023-08-18 03:35:51,255 [s0@group-B9F71DAC6F9C-StateMachineUpdater] INFO  impl.SimpleStateMachine4Testing (SimpleStateMachine4Testing.java:put(205)) - s0: put 41, m20 -> (t:1, i:41), STATEMACHINELOGENTRY, 20@client-2DC2D47929AC
2023-08-18 03:35:51,259 [s0@group-B9F71DAC6F9C-StateMachineUpdater] INFO  impl.SimpleStateMachine4Testing (SimpleStateMachine4Testing.java:put(205)) - s0: put 43, m21 -> (t:1, i:43), STATEMACHINELOGENTRY, 21@client-2DC2D47929AC
2023-08-18 03:35:51,265 [s0@group-B9F71DAC6F9C-StateMachineUpdater] INFO  impl.SimpleStateMachine4Testing (SimpleStateMachine4Testing.java:put(205)) - s0: put 45, m22 -> (t:1, i:45), STATEMACHINELOGENTRY, 22@client-2DC2D47929AC
2023-08-18 03:35:51,269 [s0@group-B9F71DAC6F9C-StateMachineUpdater] INFO  impl.SimpleStateMachine4Testing (SimpleStateMachine4Testing.java:put(205)) - s0: put 47, m23 -> (t:1, i:47), STATEMACHINELOGENTRY, 23@client-2DC2D47929AC
2023-08-18 03:35:51,273 [s0@group-B9F71DAC6F9C-StateMachineUpdater] INFO  impl.SimpleStateMachine4Testing (SimpleStateMachine4Testing.java:put(205)) - s0: put 49, m24 -> (t:1, i:49), STATEMACHINELOGENTRY, 24@client-2DC2D47929AC
2023-08-18 03:35:51,281 [s0@group-B9F71DAC6F9C-StateMachineUpdater] INFO  impl.SimpleStateMachine4Testing (SimpleStateMachine4Testing.java:put(205)) - s0: put 51, m25 -> (t:1, i:51), STATEMACHINELOGENTRY, 25@client-2DC2D47929AC
2023-08-18 03:35:51,288 [s0@group-B9F71DAC6F9C-StateMachineUpdater] INFO  impl.SimpleStateMachine4Testing (SimpleStateMachine4Testing.java:put(205)) - s0: put 53, m26 -> (t:1, i:53), STATEMACHINELOGENTRY, 26@client-2DC2D47929AC
2023-08-18 03:35:51,293 [s0@group-B9F71DAC6F9C-StateMachineUpdater] INFO  impl.SimpleStateMachine4Testing (SimpleStateMachine4Testing.java:put(205)) - s0: put 55, m27 -> (t:1, i:55), STATEMACHINELOGENTRY, 27@client-2DC2D47929AC
2023-08-18 03:35:51,297 [s0@group-B9F71DAC6F9C-StateMachineUpdater] INFO  impl.SimpleStateMachine4Testing (SimpleStateMachine4Testing.java:put(205)) - s0: put 57, m28 -> (t:1, i:57), STATEMACHINELOGENTRY, 28@client-2DC2D47929AC
2023-08-18 03:35:51,301 [s0@group-B9F71DAC6F9C-StateMachineUpdater] INFO  impl.SimpleStateMachine4Testing (SimpleStateMachine4Testing.java:put(205)) - s0: put 59, m29 -> (t:1, i:59), STATEMACHINELOGENTRY, 29@client-2DC2D47929AC
2023-08-18 03:35:51,305 [s0@group-B9F71DAC6F9C-StateMachineUpdater] INFO  impl.SimpleStateMachine4Testing (SimpleStateMachine4Testing.java:put(205)) - s0: put 61, m30 -> (t:1, i:61), STATEMACHINELOGENTRY, 30@client-2DC2D47929AC
2023-08-18 03:35:51,313 [s0@group-B9F71DAC6F9C-StateMachineUpdater] INFO  impl.SimpleStateMachine4Testing (SimpleStateMachine4Testing.java:put(205)) - s0: put 63, m31 -> (t:1, i:63), STATEMACHINELOGENTRY, 31@client-2DC2D47929AC
2023-08-18 03:35:51,313 [s0@group-B9F71DAC6F9C-StateMachineUpdater] TRACE util.FileUtils (LogUtils.java:runAndLog(49)) - Successfully ran Files.createDirectories /home/runner/work/ratis/ratis/ratis-test/target/test/data/24296cbb/MiniRaftClusterWithGrpceae4580e/s0/04db416e-9121-4b21-a311-b9f71dac6f9c/sm/snapshot
2023-08-18 03:35:51,313 [s0@group-B9F71DAC6F9C-StateMachineUpdater] TRACE util.FileUtils (LogUtils.java:runAndLog(49)) - Successfully ran Files.createDirectories /home/runner/work/ratis/ratis/ratis-test/target/test/data/24296cbb/MiniRaftClusterWithGrpceae4580e/s0/04db416e-9121-4b21-a311-b9f71dac6f9c/sm/snapshot
2023-08-18 03:35:51,314 [s0@group-B9F71DAC6F9C-StateMachineUpdater] TRACE util.FileUtils (LogUtils.java:runAndLog(49)) - Successfully ran Files.createDirectories /home/runner/work/ratis/ratis/ratis-test/target/test/data/24296cbb/MiniRaftClusterWithGrpceae4580e/s0/04db416e-9121-4b21-a311-b9f71dac6f9c/sm/snapshot/sub
2023-08-18 03:35:51,316 [s0@group-B9F71DAC6F9C-StateMachineUpdater] TRACE util.FileUtils (LogUtils.java:supplyAndLog(70)) - Successfully supplied Files.newOutputStream CREATE_NEW /home/runner/work/ratis/ratis/ratis-test/target/test/data/24296cbb/MiniRaftClusterWithGrpceae4580e/s0/04db416e-9121-4b21-a311-b9f71dac6f9c/sm/snapshot/1.bin: java.nio.channels.Channels$1@66590d67
2023-08-18 03:35:51,316 [s0@group-B9F71DAC6F9C-StateMachineUpdater] TRACE util.FileUtils (LogUtils.java:supplyAndLog(70)) - Successfully supplied Files.newOutputStream CREATE_NEW /home/runner/work/ratis/ratis/ratis-test/target/test/data/24296cbb/MiniRaftClusterWithGrpceae4580e/s0/04db416e-9121-4b21-a311-b9f71dac6f9c/sm/snapshot/sub/2.bin: java.nio.channels.Channels$1@4f66c6a1
2023-08-18 03:35:51,334 [s0@group-B9F71DAC6F9C-StateMachineUpdater] INFO  impl.StateMachineUpdater (StateMachineUpdater.java:takeSnapshot(295)) - s0@group-B9F71DAC6F9C-StateMachineUpdater: Took a snapshot at index 63
2023-08-18 03:35:51,334 [s0@group-B9F71DAC6F9C-StateMachineUpdater] INFO  impl.StateMachineUpdater (StateMachineUpdater.java:lambda$new$0(98)) - s0@group-B9F71DAC6F9C-StateMachineUpdater: snapshotIndex: updateIncreasingly -1 -> 63
2023-08-18 03:35:51,336 [s0@group-B9F71DAC6F9C-StateMachineUpdater] INFO  raftlog.RaftLog (RaftLogBase.java:purge(315)) - s0@group-B9F71DAC6F9C-SegmentedRaftLog: purge 63
2023-08-18 03:35:51,337 [s0@group-B9F71DAC6F9C-StateMachineUpdater] INFO  raftlog.RaftLog (RaftLogBase.java:lambda$new$0(54)) - s0@group-B9F71DAC6F9C-SegmentedRaftLog: snapshotIndex: updateIncreasingly -1 -> 63
2023-08-18 03:35:51,338 [s0@group-B9F71DAC6F9C-StateMachineUpdater] INFO  raftlog.RaftLog (RaftLogBase.java:lambda$new$0(54)) - s0@group-B9F71DAC6F9C-SegmentedRaftLog: purgeIndex: updateToMax old=-1, new=63, updated? true
2023-08-18 03:35:51,338 [s0@group-B9F71DAC6F9C-StateMachineUpdater] INFO  impl.SimpleStateMachine4Testing (SimpleStateMachine4Testing.java:put(205)) - s0: put 65, m32 -> (t:1, i:65), STATEMACHINELOGENTRY, 32@client-2DC2D47929AC
2023-08-18 03:35:51,343 [s0@group-B9F71DAC6F9C-StateMachineUpdater] INFO  impl.SimpleStateMachine4Testing (SimpleStateMachine4Testing.java:put(205)) - s0: put 67, m33 -> (t:1, i:67), STATEMACHINELOGENTRY, 33@client-2DC2D47929AC
2023-08-18 03:35:51,350 [s0@group-B9F71DAC6F9C-StateMachineUpdater] INFO  impl.SimpleStateMachine4Testing (SimpleStateMachine4Testing.java:put(205)) - s0: put 69, m34 -> (t:1, i:69), STATEMACHINELOGENTRY, 34@client-2DC2D47929AC
2023-08-18 03:35:51,354 [s0@group-B9F71DAC6F9C-StateMachineUpdater] INFO  impl.SimpleStateMachine4Testing (SimpleStateMachine4Testing.java:put(205)) - s0: put 71, m35 -> (t:1, i:71), STATEMACHINELOGENTRY, 35@client-2DC2D47929AC
2023-08-18 03:35:51,358 [s0@group-B9F71DAC6F9C-StateMachineUpdater] INFO  impl.SimpleStateMachine4Testing (SimpleStateMachine4Testing.java:put(205)) - s0: put 73, m36 -> (t:1, i:73), STATEMACHINELOGENTRY, 36@client-2DC2D47929AC
2023-08-18 03:35:51,364 [s0@group-B9F71DAC6F9C-StateMachineUpdater] INFO  impl.SimpleStateMachine4Testing (SimpleStateMachine4Testing.java:put(205)) - s0: put 75, m37 -> (t:1, i:75), STATEMACHINELOGENTRY, 37@client-2DC2D47929AC
2023-08-18 03:35:51,368 [s0@group-B9F71DAC6F9C-StateMachineUpdater] INFO  impl.SimpleStateMachine4Testing (SimpleStateMachine4Testing.java:put(205)) - s0: put 77, m38 -> (t:1, i:77), STATEMACHINELOGENTRY, 38@client-2DC2D47929AC
2023-08-18 03:35:51,372 [s0@group-B9F71DAC6F9C-StateMachineUpdater] INFO  impl.SimpleStateMachine4Testing (SimpleStateMachine4Testing.java:put(205)) - s0: put 79, m39 -> (t:1, i:79), STATEMACHINELOGENTRY, 39@client-2DC2D47929AC
2023-08-18 03:35:51,376 [s0@group-B9F71DAC6F9C-StateMachineUpdater] INFO  impl.SimpleStateMachine4Testing (SimpleStateMachine4Testing.java:put(205)) - s0: put 81, m40 -> (t:1, i:81), STATEMACHINELOGENTRY, 40@client-2DC2D47929AC
2023-08-18 03:35:51,380 [s0@group-B9F71DAC6F9C-StateMachineUpdater] INFO  impl.SimpleStateMachine4Testing (SimpleStateMachine4Testing.java:put(205)) - s0: put 83, m41 -> (t:1, i:83), STATEMACHINELOGENTRY, 41@client-2DC2D47929AC
2023-08-18 03:35:51,384 [s0@group-B9F71DAC6F9C-StateMachineUpdater] INFO  impl.SimpleStateMachine4Testing (SimpleStateMachine4Testing.java:put(205)) - s0: put 85, m42 -> (t:1, i:85), STATEMACHINELOGENTRY, 42@client-2DC2D47929AC
2023-08-18 03:35:51,388 [s0@group-B9F71DAC6F9C-StateMachineUpdater] INFO  impl.SimpleStateMachine4Testing (SimpleStateMachine4Testing.java:put(205)) - s0: put 87, m43 -> (t:1, i:87), STATEMACHINELOGENTRY, 43@client-2DC2D47929AC
2023-08-18 03:35:51,391 [s0@group-B9F71DAC6F9C-StateMachineUpdater] INFO  impl.SimpleStateMachine4Testing (SimpleStateMachine4Testing.java:put(205)) - s0: put 89, m44 -> (t:1, i:89), STATEMACHINELOGENTRY, 44@client-2DC2D47929AC
2023-08-18 03:35:51,395 [s0@group-B9F71DAC6F9C-StateMachineUpdater] INFO  impl.SimpleStateMachine4Testing (SimpleStateMachine4Testing.java:put(205)) - s0: put 91, m45 -> (t:1, i:91), STATEMACHINELOGENTRY, 45@client-2DC2D47929AC
2023-08-18 03:35:51,399 [s0@group-B9F71DAC6F9C-StateMachineUpdater] INFO  impl.SimpleStateMachine4Testing (SimpleStateMachine4Testing.java:put(205)) - s0: put 93, m46 -> (t:1, i:93), STATEMACHINELOGENTRY, 46@client-2DC2D47929AC
2023-08-18 03:35:51,404 [s0@group-B9F71DAC6F9C-StateMachineUpdater] INFO  impl.SimpleStateMachine4Testing (SimpleStateMachine4Testing.java:put(205)) - s0: put 95, m47 -> (t:1, i:95), STATEMACHINELOGENTRY, 47@client-2DC2D47929AC
2023-08-18 03:35:51,408 [s0@group-B9F71DAC6F9C-StateMachineUpdater] INFO  impl.SimpleStateMachine4Testing (SimpleStateMachine4Testing.java:put(205)) - s0: put 97, m48 -> (t:1, i:97), STATEMACHINELOGENTRY, 48@client-2DC2D47929AC
2023-08-18 03:35:51,412 [s0@group-B9F71DAC6F9C-StateMachineUpdater] INFO  impl.SimpleStateMachine4Testing (SimpleStateMachine4Testing.java:put(205)) - s0: put 99, m49 -> (t:1, i:99), STATEMACHINELOGENTRY, 49@client-2DC2D47929AC
2023-08-18 03:35:51,417 [s0@group-B9F71DAC6F9C-StateMachineUpdater] INFO  impl.SimpleStateMachine4Testing (SimpleStateMachine4Testing.java:put(205)) - s0: put 101, m50 -> (t:1, i:101), STATEMACHINELOGENTRY, 50@client-2DC2D47929AC
2023-08-18 03:35:51,421 [s0@group-B9F71DAC6F9C-StateMachineUpdater] INFO  impl.SimpleStateMachine4Testing (SimpleStateMachine4Testing.java:put(205)) - s0: put 103, m51 -> (t:1, i:103), STATEMACHINELOGENTRY, 51@client-2DC2D47929AC
2023-08-18 03:35:51,425 [s0@group-B9F71DAC6F9C-StateMachineUpdater] INFO  impl.SimpleStateMachine4Testing (SimpleStateMachine4Testing.java:put(205)) - s0: put 105, m52 -> (t:1, i:105), STATEMACHINELOGENTRY, 52@client-2DC2D47929AC
2023-08-18 03:35:51,429 [s0@group-B9F71DAC6F9C-StateMachineUpdater] INFO  impl.SimpleStateMachine4Testing (SimpleStateMachine4Testing.java:put(205)) - s0: put 107, m53 -> (t:1, i:107), STATEMACHINELOGENTRY, 53@client-2DC2D47929AC
2023-08-18 03:35:51,433 [s0@group-B9F71DAC6F9C-StateMachineUpdater] INFO  impl.SimpleStateMachine4Testing (SimpleStateMachine4Testing.java:put(205)) - s0: put 109, m54 -> (t:1, i:109), STATEMACHINELOGENTRY, 54@client-2DC2D47929AC
2023-08-18 03:35:51,438 [s0@group-B9F71DAC6F9C-StateMachineUpdater] INFO  impl.SimpleStateMachine4Testing (SimpleStateMachine4Testing.java:put(205)) - s0: put 111, m55 -> (t:1, i:111), STATEMACHINELOGENTRY, 55@client-2DC2D47929AC
2023-08-18 03:35:51,442 [s0@group-B9F71DAC6F9C-StateMachineUpdater] INFO  impl.SimpleStateMachine4Testing (SimpleStateMachine4Testing.java:put(205)) - s0: put 113, m56 -> (t:1, i:113), STATEMACHINELOGENTRY, 56@client-2DC2D47929AC
2023-08-18 03:35:51,446 [s0@group-B9F71DAC6F9C-StateMachineUpdater] INFO  impl.SimpleStateMachine4Testing (SimpleStateMachine4Testing.java:put(205)) - s0: put 115, m57 -> (t:1, i:115), STATEMACHINELOGENTRY, 57@client-2DC2D47929AC
2023-08-18 03:35:51,450 [s0@group-B9F71DAC6F9C-StateMachineUpdater] INFO  impl.SimpleStateMachine4Testing (SimpleStateMachine4Testing.java:put(205)) - s0: put 117, m58 -> (t:1, i:117), STATEMACHINELOGENTRY, 58@client-2DC2D47929AC
2023-08-18 03:35:51,454 [s0@group-B9F71DAC6F9C-StateMachineUpdater] INFO  impl.SimpleStateMachine4Testing (SimpleStateMachine4Testing.java:put(205)) - s0: put 119, m59 -> (t:1, i:119), STATEMACHINELOGENTRY, 59@client-2DC2D47929AC
2023-08-18 03:35:51,458 [s0@group-B9F71DAC6F9C-StateMachineUpdater] INFO  impl.SimpleStateMachine4Testing (SimpleStateMachine4Testing.java:put(205)) - s0: put 121, m60 -> (t:1, i:121), STATEMACHINELOGENTRY, 60@client-2DC2D47929AC
2023-08-18 03:35:51,462 [s0@group-B9F71DAC6F9C-StateMachineUpdater] INFO  impl.SimpleStateMachine4Testing (SimpleStateMachine4Testing.java:put(205)) - s0: put 123, m61 -> (t:1, i:123), STATEMACHINELOGENTRY, 61@client-2DC2D47929AC
2023-08-18 03:35:51,471 [s0@group-B9F71DAC6F9C-StateMachineUpdater] INFO  impl.SimpleStateMachine4Testing (SimpleStateMachine4Testing.java:put(205)) - s0: put 125, m62 -> (t:1, i:125), STATEMACHINELOGENTRY, 62@client-2DC2D47929AC
2023-08-18 03:35:51,478 [s0@group-B9F71DAC6F9C-StateMachineUpdater] INFO  impl.SimpleStateMachine4Testing (SimpleStateMachine4Testing.java:put(205)) - s0: put 127, m63 -> (t:1, i:127), STATEMACHINELOGENTRY, 63@client-2DC2D47929AC
2023-08-18 03:35:51,490 [s0@group-B9F71DAC6F9C-StateMachineUpdater] INFO  impl.StateMachineUpdater (StateMachineUpdater.java:takeSnapshot(295)) - s0@group-B9F71DAC6F9C-StateMachineUpdater: Took a snapshot at index 127
2023-08-18 03:35:51,491 [s0@group-B9F71DAC6F9C-StateMachineUpdater] INFO  impl.StateMachineUpdater (StateMachineUpdater.java:lambda$new$0(98)) - s0@group-B9F71DAC6F9C-StateMachineUpdater: snapshotIndex: updateIncreasingly 63 -> 127
2023-08-18 03:35:51,491 [s0@group-B9F71DAC6F9C-StateMachineUpdater] INFO  raftlog.RaftLog (RaftLogBase.java:purge(315)) - s0@group-B9F71DAC6F9C-SegmentedRaftLog: purge 127
2023-08-18 03:35:51,491 [s0@group-B9F71DAC6F9C-StateMachineUpdater] INFO  raftlog.RaftLog (RaftLogBase.java:lambda$new$0(54)) - s0@group-B9F71DAC6F9C-SegmentedRaftLog: snapshotIndex: updateIncreasingly 63 -> 127
2023-08-18 03:35:51,491 [s0@group-B9F71DAC6F9C-StateMachineUpdater] INFO  raftlog.RaftLog (RaftLogBase.java:lambda$new$0(54)) - s0@group-B9F71DAC6F9C-SegmentedRaftLog: purgeIndex: updateToMax old=63, new=127, updated? true
2023-08-18 03:35:51,495 [s0@group-B9F71DAC6F9C-StateMachineUpdater] INFO  impl.SimpleStateMachine4Testing (SimpleStateMachine4Testing.java:put(205)) - s0: put 129, m64 -> (t:1, i:129), STATEMACHINELOGENTRY, 64@client-2DC2D47929AC
2023-08-18 03:35:51,499 [s0@group-B9F71DAC6F9C-StateMachineUpdater] INFO  impl.SimpleStateMachine4Testing (SimpleStateMachine4Testing.java:put(205)) - s0: put 131, m65 -> (t:1, i:131), STATEMACHINELOGENTRY, 65@client-2DC2D47929AC
2023-08-18 03:35:51,501 [s0@group-B9F71DAC6F9C-StateMachineUpdater] INFO  impl.SimpleStateMachine4Testing (SimpleStateMachine4Testing.java:put(205)) - s0: put 133, m66 -> (t:1, i:133), STATEMACHINELOGENTRY, 66@client-2DC2D47929AC
2023-08-18 03:35:51,504 [s0@group-B9F71DAC6F9C-StateMachineUpdater] INFO  impl.SimpleStateMachine4Testing (SimpleStateMachine4Testing.java:put(205)) - s0: put 135, m67 -> (t:1, i:135), STATEMACHINELOGENTRY, 67@client-2DC2D47929AC
2023-08-18 03:35:51,510 [s0@group-B9F71DAC6F9C-StateMachineUpdater] INFO  impl.SimpleStateMachine4Testing (SimpleStateMachine4Testing.java:put(205)) - s0: put 137, m68 -> (t:1, i:137), STATEMACHINELOGENTRY, 68@client-2DC2D47929AC
2023-08-18 03:35:51,513 [s0@group-B9F71DAC6F9C-StateMachineUpdater] INFO  impl.SimpleStateMachine4Testing (SimpleStateMachine4Testing.java:put(205)) - s0: put 139, m69 -> (t:1, i:139), STATEMACHINELOGENTRY, 69@client-2DC2D47929AC
2023-08-18 03:35:51,516 [s0@group-B9F71DAC6F9C-StateMachineUpdater] INFO  impl.SimpleStateMachine4Testing (SimpleStateMachine4Testing.java:put(205)) - s0: put 141, m70 -> (t:1, i:141), STATEMACHINELOGENTRY, 70@client-2DC2D47929AC
2023-08-18 03:35:51,519 [s0@group-B9F71DAC6F9C-StateMachineUpdater] INFO  impl.SimpleStateMachine4Testing (SimpleStateMachine4Testing.java:put(205)) - s0: put 143, m71 -> (t:1, i:143), STATEMACHINELOGENTRY, 71@client-2DC2D47929AC
2023-08-18 03:35:51,522 [s0@group-B9F71DAC6F9C-StateMachineUpdater] INFO  impl.SimpleStateMachine4Testing (SimpleStateMachine4Testing.java:put(205)) - s0: put 145, m72 -> (t:1, i:145), STATEMACHINELOGENTRY, 72@client-2DC2D47929AC
2023-08-18 03:35:51,525 [s0@group-B9F71DAC6F9C-StateMachineUpdater] INFO  impl.SimpleStateMachine4Testing (SimpleStateMachine4Testing.java:put(205)) - s0: put 147, m73 -> (t:1, i:147), STATEMACHINELOGENTRY, 73@client-2DC2D47929AC
2023-08-18 03:35:51,530 [s0@group-B9F71DAC6F9C-StateMachineUpdater] INFO  impl.SimpleStateMachine4Testing (SimpleStateMachine4Testing.java:put(205)) - s0: put 149, m74 -> (t:1, i:149), STATEMACHINELOGENTRY, 74@client-2DC2D47929AC
2023-08-18 03:35:51,533 [s0@group-B9F71DAC6F9C-StateMachineUpdater] INFO  impl.SimpleStateMachine4Testing (SimpleStateMachine4Testing.java:put(205)) - s0: put 151, m75 -> (t:1, i:151), STATEMACHINELOGENTRY, 75@client-2DC2D47929AC
2023-08-18 03:35:51,540 [s0@group-B9F71DAC6F9C-StateMachineUpdater] INFO  impl.SimpleStateMachine4Testing (SimpleStateMachine4Testing.java:put(205)) - s0: put 153, m76 -> (t:1, i:153), STATEMACHINELOGENTRY, 76@client-2DC2D47929AC
2023-08-18 03:35:51,543 [s0@group-B9F71DAC6F9C-StateMachineUpdater] INFO  impl.SimpleStateMachine4Testing (SimpleStateMachine4Testing.java:put(205)) - s0: put 155, m77 -> (t:1, i:155), STATEMACHINELOGENTRY, 77@client-2DC2D47929AC
2023-08-18 03:35:51,546 [s0@group-B9F71DAC6F9C-StateMachineUpdater] INFO  impl.SimpleStateMachine4Testing (SimpleStateMachine4Testing.java:put(205)) - s0: put 157, m78 -> (t:1, i:157), STATEMACHINELOGENTRY, 78@client-2DC2D47929AC
2023-08-18 03:35:51,549 [s0@group-B9F71DAC6F9C-StateMachineUpdater] INFO  impl.SimpleStateMachine4Testing (SimpleStateMachine4Testing.java:put(205)) - s0: put 159, m79 -> (t:1, i:159), STATEMACHINELOGENTRY, 79@client-2DC2D47929AC
2023-08-18 03:35:51,552 [s0@group-B9F71DAC6F9C-StateMachineUpdater] INFO  impl.SimpleStateMachine4Testing (SimpleStateMachine4Testing.java:put(205)) - s0: put 161, m80 -> (t:1, i:161), STATEMACHINELOGENTRY, 80@client-2DC2D47929AC
2023-08-18 03:35:51,555 [s0@group-B9F71DAC6F9C-StateMachineUpdater] INFO  impl.SimpleStateMachine4Testing (SimpleStateMachine4Testing.java:put(205)) - s0: put 163, m81 -> (t:1, i:163), STATEMACHINELOGENTRY, 81@client-2DC2D47929AC
2023-08-18 03:35:51,558 [s0@group-B9F71DAC6F9C-StateMachineUpdater] INFO  impl.SimpleStateMachine4Testing (SimpleStateMachine4Testing.java:put(205)) - s0: put 165, m82 -> (t:1, i:165), STATEMACHINELOGENTRY, 82@client-2DC2D47929AC
2023-08-18 03:35:51,561 [s0@group-B9F71DAC6F9C-StateMachineUpdater] INFO  impl.SimpleStateMachine4Testing (SimpleStateMachine4Testing.java:put(205)) - s0: put 167, m83 -> (t:1, i:167), STATEMACHINELOGENTRY, 83@client-2DC2D47929AC
2023-08-18 03:35:51,564 [s0@group-B9F71DAC6F9C-StateMachineUpdater] INFO  impl.SimpleStateMachine4Testing (SimpleStateMachine4Testing.java:put(205)) - s0: put 169, m84 -> (t:1, i:169), STATEMACHINELOGENTRY, 84@client-2DC2D47929AC
2023-08-18 03:35:51,568 [s0@group-B9F71DAC6F9C-StateMachineUpdater] INFO  impl.SimpleStateMachine4Testing (SimpleStateMachine4Testing.java:put(205)) - s0: put 171, m85 -> (t:1, i:171), STATEMACHINELOGENTRY, 85@client-2DC2D47929AC
2023-08-18 03:35:51,574 [s0@group-B9F71DAC6F9C-StateMachineUpdater] INFO  impl.SimpleStateMachine4Testing (SimpleStateMachine4Testing.java:put(205)) - s0: put 173, m86 -> (t:1, i:173), STATEMACHINELOGENTRY, 86@client-2DC2D47929AC
2023-08-18 03:35:51,577 [s0@group-B9F71DAC6F9C-StateMachineUpdater] INFO  impl.SimpleStateMachine4Testing (SimpleStateMachine4Testing.java:put(205)) - s0: put 175, m87 -> (t:1, i:175), STATEMACHINELOGENTRY, 87@client-2DC2D47929AC
2023-08-18 03:35:51,581 [s0@group-B9F71DAC6F9C-StateMachineUpdater] INFO  impl.SimpleStateMachine4Testing (SimpleStateMachine4Testing.java:put(205)) - s0: put 177, m88 -> (t:1, i:177), STATEMACHINELOGENTRY, 88@client-2DC2D47929AC
2023-08-18 03:35:51,584 [s0@group-B9F71DAC6F9C-StateMachineUpdater] INFO  impl.SimpleStateMachine4Testing (SimpleStateMachine4Testing.java:put(205)) - s0: put 179, m89 -> (t:1, i:179), STATEMACHINELOGENTRY, 89@client-2DC2D47929AC
2023-08-18 03:35:51,591 [s0@group-B9F71DAC6F9C-StateMachineUpdater] INFO  impl.SimpleStateMachine4Testing (SimpleStateMachine4Testing.java:put(205)) - s0: put 181, m90 -> (t:1, i:181), STATEMACHINELOGENTRY, 90@client-2DC2D47929AC
2023-08-18 03:35:51,595 [s0@group-B9F71DAC6F9C-StateMachineUpdater] INFO  impl.SimpleStateMachine4Testing (SimpleStateMachine4Testing.java:put(205)) - s0: put 183, m91 -> (t:1, i:183), STATEMACHINELOGENTRY, 91@client-2DC2D47929AC
2023-08-18 03:35:51,599 [s0@group-B9F71DAC6F9C-StateMachineUpdater] INFO  impl.SimpleStateMachine4Testing (SimpleStateMachine4Testing.java:put(205)) - s0: put 185, m92 -> (t:1, i:185), STATEMACHINELOGENTRY, 92@client-2DC2D47929AC
2023-08-18 03:35:51,602 [s0@group-B9F71DAC6F9C-StateMachineUpdater] INFO  impl.SimpleStateMachine4Testing (SimpleStateMachine4Testing.java:put(205)) - s0: put 187, m93 -> (t:1, i:187), STATEMACHINELOGENTRY, 93@client-2DC2D47929AC
2023-08-18 03:35:51,607 [s0@group-B9F71DAC6F9C-StateMachineUpdater] INFO  impl.SimpleStateMachine4Testing (SimpleStateMachine4Testing.java:put(205)) - s0: put 189, m94 -> (t:1, i:189), STATEMACHINELOGENTRY, 94@client-2DC2D47929AC
2023-08-18 03:35:51,613 [s0@group-B9F71DAC6F9C-StateMachineUpdater] INFO  impl.SimpleStateMachine4Testing (SimpleStateMachine4Testing.java:put(205)) - s0: put 191, m95 -> (t:1, i:191), STATEMACHINELOGENTRY, 95@client-2DC2D47929AC
2023-08-18 03:35:51,626 [s0@group-B9F71DAC6F9C-StateMachineUpdater] INFO  impl.StateMachineUpdater (StateMachineUpdater.java:takeSnapshot(295)) - s0@group-B9F71DAC6F9C-StateMachineUpdater: Took a snapshot at index 191
2023-08-18 03:35:51,626 [s0@group-B9F71DAC6F9C-StateMachineUpdater] INFO  impl.StateMachineUpdater (StateMachineUpdater.java:lambda$new$0(98)) - s0@group-B9F71DAC6F9C-StateMachineUpdater: snapshotIndex: updateIncreasingly 127 -> 191
2023-08-18 03:35:51,627 [s0@group-B9F71DAC6F9C-StateMachineUpdater] INFO  raftlog.RaftLog (RaftLogBase.java:purge(315)) - s0@group-B9F71DAC6F9C-SegmentedRaftLog: purge 191
2023-08-18 03:35:51,627 [s0@group-B9F71DAC6F9C-StateMachineUpdater] INFO  raftlog.RaftLog (RaftLogBase.java:lambda$new$0(54)) - s0@group-B9F71DAC6F9C-SegmentedRaftLog: snapshotIndex: updateIncreasingly 127 -> 191
2023-08-18 03:35:51,627 [s0@group-B9F71DAC6F9C-StateMachineUpdater] INFO  raftlog.RaftLog (RaftLogBase.java:lambda$new$0(54)) - s0@group-B9F71DAC6F9C-SegmentedRaftLog: purgeIndex: updateToMax old=127, new=191, updated? true
2023-08-18 03:35:51,628 [s0@group-B9F71DAC6F9C-StateMachineUpdater] INFO  impl.SimpleStateMachine4Testing (SimpleStateMachine4Testing.java:put(205)) - s0: put 193, m96 -> (t:1, i:193), STATEMACHINELOGENTRY, 96@client-2DC2D47929AC
2023-08-18 03:35:51,638 [s0@group-B9F71DAC6F9C-StateMachineUpdater] INFO  impl.SimpleStateMachine4Testing (SimpleStateMachine4Testing.java:put(205)) - s0: put 195, m97 -> (t:1, i:195), STATEMACHINELOGENTRY, 97@client-2DC2D47929AC
2023-08-18 03:35:51,640 [s0@group-B9F71DAC6F9C-StateMachineUpdater] INFO  impl.SimpleStateMachine4Testing (SimpleStateMachine4Testing.java:put(205)) - s0: put 197, m98 -> (t:1, i:197), STATEMACHINELOGENTRY, 98@client-2DC2D47929AC
2023-08-18 03:35:51,643 [s0@group-B9F71DAC6F9C-StateMachineUpdater] INFO  impl.SimpleStateMachine4Testing (SimpleStateMachine4Testing.java:put(205)) - s0: put 199, m99 -> (t:1, i:199), STATEMACHINELOGENTRY, 99@client-2DC2D47929AC
2023-08-18 03:35:51,646 [s0@group-B9F71DAC6F9C-StateMachineUpdater] INFO  impl.SimpleStateMachine4Testing (SimpleStateMachine4Testing.java:put(205)) - s0: put 201, m100 -> (t:1, i:201), STATEMACHINELOGENTRY, 100@client-2DC2D47929AC
2023-08-18 03:35:51,650 [s0@group-B9F71DAC6F9C-StateMachineUpdater] INFO  impl.SimpleStateMachine4Testing (SimpleStateMachine4Testing.java:put(205)) - s0: put 203, m101 -> (t:1, i:203), STATEMACHINELOGENTRY, 101@client-2DC2D47929AC
2023-08-18 03:35:51,654 [s0@group-B9F71DAC6F9C-StateMachineUpdater] INFO  impl.SimpleStateMachine4Testing (SimpleStateMachine4Testing.java:put(205)) - s0: put 205, m102 -> (t:1, i:205), STATEMACHINELOGENTRY, 102@client-2DC2D47929AC
2023-08-18 03:35:51,657 [s0@group-B9F71DAC6F9C-StateMachineUpdater] INFO  impl.SimpleStateMachine4Testing (SimpleStateMachine4Testing.java:put(205)) - s0: put 207, m103 -> (t:1, i:207), STATEMACHINELOGENTRY, 103@client-2DC2D47929AC
2023-08-18 03:35:51,660 [s0@group-B9F71DAC6F9C-StateMachineUpdater] INFO  impl.SimpleStateMachine4Testing (SimpleStateMachine4Testing.java:put(205)) - s0: put 209, m104 -> (t:1, i:209), STATEMACHINELOGENTRY, 104@client-2DC2D47929AC
2023-08-18 03:35:51,664 [s0@group-B9F71DAC6F9C-StateMachineUpdater] INFO  impl.SimpleStateMachine4Testing (SimpleStateMachine4Testing.java:put(205)) - s0: put 211, m105 -> (t:1, i:211), STATEMACHINELOGENTRY, 105@client-2DC2D47929AC
2023-08-18 03:35:51,669 [s0@group-B9F71DAC6F9C-StateMachineUpdater] INFO  impl.SimpleStateMachine4Testing (SimpleStateMachine4Testing.java:put(205)) - s0: put 213, m106 -> (t:1, i:213), STATEMACHINELOGENTRY, 106@client-2DC2D47929AC
2023-08-18 03:35:51,677 [s0@group-B9F71DAC6F9C-StateMachineUpdater] INFO  impl.SimpleStateMachine4Testing (SimpleStateMachine4Testing.java:put(205)) - s0: put 215, m107 -> (t:1, i:215), STATEMACHINELOGENTRY, 107@client-2DC2D47929AC
2023-08-18 03:35:51,679 [s0@group-B9F71DAC6F9C-StateMachineUpdater] INFO  impl.SimpleStateMachine4Testing (SimpleStateMachine4Testing.java:put(205)) - s0: put 217, m108 -> (t:1, i:217), STATEMACHINELOGENTRY, 108@client-2DC2D47929AC
2023-08-18 03:35:51,682 [s0@group-B9F71DAC6F9C-StateMachineUpdater] INFO  impl.SimpleStateMachine4Testing (SimpleStateMachine4Testing.java:put(205)) - s0: put 219, m109 -> (t:1, i:219), STATEMACHINELOGENTRY, 109@client-2DC2D47929AC
2023-08-18 03:35:51,685 [s0@group-B9F71DAC6F9C-StateMachineUpdater] INFO  impl.SimpleStateMachine4Testing (SimpleStateMachine4Testing.java:put(205)) - s0: put 221, m110 -> (t:1, i:221), STATEMACHINELOGENTRY, 110@client-2DC2D47929AC
2023-08-18 03:35:51,688 [s0@group-B9F71DAC6F9C-StateMachineUpdater] INFO  impl.SimpleStateMachine4Testing (SimpleStateMachine4Testing.java:put(205)) - s0: put 223, m111 -> (t:1, i:223), STATEMACHINELOGENTRY, 111@client-2DC2D47929AC
2023-08-18 03:35:51,691 [s0@group-B9F71DAC6F9C-StateMachineUpdater] INFO  impl.SimpleStateMachine4Testing (SimpleStateMachine4Testing.java:put(205)) - s0: put 225, m112 -> (t:1, i:225), STATEMACHINELOGENTRY, 112@client-2DC2D47929AC
2023-08-18 03:35:51,693 [s0@group-B9F71DAC6F9C-StateMachineUpdater] INFO  impl.SimpleStateMachine4Testing (SimpleStateMachine4Testing.java:put(205)) - s0: put 227, m113 -> (t:1, i:227), STATEMACHINELOGENTRY, 113@client-2DC2D47929AC
2023-08-18 03:35:51,696 [s0@group-B9F71DAC6F9C-StateMachineUpdater] INFO  impl.SimpleStateMachine4Testing (SimpleStateMachine4Testing.java:put(205)) - s0: put 229, m114 -> (t:1, i:229), STATEMACHINELOGENTRY, 114@client-2DC2D47929AC
2023-08-18 03:35:51,701 [s0@group-B9F71DAC6F9C-StateMachineUpdater] INFO  impl.SimpleStateMachine4Testing (SimpleStateMachine4Testing.java:put(205)) - s0: put 231, m115 -> (t:1, i:231), STATEMACHINELOGENTRY, 115@client-2DC2D47929AC
2023-08-18 03:35:51,705 [s0@group-B9F71DAC6F9C-StateMachineUpdater] INFO  impl.SimpleStateMachine4Testing (SimpleStateMachine4Testing.java:put(205)) - s0: put 233, m116 -> (t:1, i:233), STATEMACHINELOGENTRY, 116@client-2DC2D47929AC
2023-08-18 03:35:51,709 [s0@group-B9F71DAC6F9C-StateMachineUpdater] INFO  impl.SimpleStateMachine4Testing (SimpleStateMachine4Testing.java:put(205)) - s0: put 235, m117 -> (t:1, i:235), STATEMACHINELOGENTRY, 117@client-2DC2D47929AC
2023-08-18 03:35:51,712 [s0@group-B9F71DAC6F9C-StateMachineUpdater] INFO  impl.SimpleStateMachine4Testing (SimpleStateMachine4Testing.java:put(205)) - s0: put 237, m118 -> (t:1, i:237), STATEMACHINELOGENTRY, 118@client-2DC2D47929AC
2023-08-18 03:35:51,715 [s0@group-B9F71DAC6F9C-StateMachineUpdater] INFO  impl.SimpleStateMachine4Testing (SimpleStateMachine4Testing.java:put(205)) - s0: put 239, m119 -> (t:1, i:239), STATEMACHINELOGENTRY, 119@client-2DC2D47929AC
2023-08-18 03:35:51,719 [s0@group-B9F71DAC6F9C-StateMachineUpdater] INFO  impl.SimpleStateMachine4Testing (SimpleStateMachine4Testing.java:put(205)) - s0: put 241, m120 -> (t:1, i:241), STATEMACHINELOGENTRY, 120@client-2DC2D47929AC
2023-08-18 03:35:51,723 [s0@group-B9F71DAC6F9C-StateMachineUpdater] INFO  impl.SimpleStateMachine4Testing (SimpleStateMachine4Testing.java:put(205)) - s0: put 243, m121 -> (t:1, i:243), STATEMACHINELOGENTRY, 121@client-2DC2D47929AC
2023-08-18 03:35:51,727 [s0@group-B9F71DAC6F9C-StateMachineUpdater] INFO  impl.SimpleStateMachine4Testing (SimpleStateMachine4Testing.java:put(205)) - s0: put 245, m122 -> (t:1, i:245), STATEMACHINELOGENTRY, 122@client-2DC2D47929AC
2023-08-18 03:35:51,730 [s0@group-B9F71DAC6F9C-StateMachineUpdater] INFO  impl.SimpleStateMachine4Testing (SimpleStateMachine4Testing.java:put(205)) - s0: put 247, m123 -> (t:1, i:247), STATEMACHINELOGENTRY, 123@client-2DC2D47929AC
2023-08-18 03:35:51,733 [s0@group-B9F71DAC6F9C-StateMachineUpdater] INFO  impl.SimpleStateMachine4Testing (SimpleStateMachine4Testing.java:put(205)) - s0: put 249, m124 -> (t:1, i:249), STATEMACHINELOGENTRY, 124@client-2DC2D47929AC
2023-08-18 03:35:51,736 [s0@group-B9F71DAC6F9C-StateMachineUpdater] INFO  impl.SimpleStateMachine4Testing (SimpleStateMachine4Testing.java:put(205)) - s0: put 251, m125 -> (t:1, i:251), STATEMACHINELOGENTRY, 125@client-2DC2D47929AC
2023-08-18 03:35:51,743 [s0@group-B9F71DAC6F9C-StateMachineUpdater] INFO  impl.SimpleStateMachine4Testing (SimpleStateMachine4Testing.java:put(205)) - s0: put 253, m126 -> (t:1, i:253), STATEMACHINELOGENTRY, 126@client-2DC2D47929AC
2023-08-18 03:35:51,763 [s0-server-thread1] INFO  server.RaftServer$Division (RaftServerImpl.java:takeSnapshotAsync(1170)) - s0@group-B9F71DAC6F9C: takeSnapshotAsync SnapshotManagementRequest:client-2DC2D47929AC->s0@group-B9F71DAC6F9C, cid=127, seq=0, RO, null, Create:
2023-08-18 03:35:51,767 [s0-server-thread1] INFO  server.RaftServerConfigKeys (ConfUtils.java:logGet(46)) - raft.server.snapshot.creation.gap = 1024 (default)
2023-08-18 03:35:51,785 [Time-limited test] INFO  impl.MiniRaftCluster (MiniRaftCluster.java:addNewPeers(464)) - Add new peers [s1, s2]
2023-08-18 03:35:51,786 [Time-limited test] INFO  impl.MiniRaftCluster (MiniRaftCluster.java:newRaftServer(382)) - newRaftServer: s1, group-B9F71DAC6F9C:[], format? true
2023-08-18 03:35:51,786 [Time-limited test] TRACE util.FileUtils (FileUtils.java:deleteFully(201)) - deleteFully target/test/data/24296cbb/MiniRaftClusterWithGrpceae4580e/s1
2023-08-18 03:35:51,786 [Time-limited test] TRACE util.FileUtils (FileUtils.java:deleteFully(217)) - deleteFully: target/test/data/24296cbb/MiniRaftClusterWithGrpceae4580e/s1 does not exist.
2023-08-18 03:35:51,786 [Time-limited test] INFO  impl.MiniRaftCluster (MiniRaftCluster.java:newRaftServer(387)) - Formatted directory target/test/data/24296cbb/MiniRaftClusterWithGrpceae4580e/s1
2023-08-18 03:35:51,786 [Time-limited test] INFO  server.RaftServer (ConfUtils.java:logGet(46)) - raft.rpc.type = GRPC (default)
2023-08-18 03:35:51,787 [Time-limited test] INFO  grpc.GrpcConfigKeys (ConfUtils.java:logFallback(53)) - raft.grpc.admin.host = null (fallback to raft.grpc.server.host)
2023-08-18 03:35:51,787 [Time-limited test] INFO  grpc.GrpcConfigKeys (ConfUtils.java:logFallback(53)) - raft.grpc.admin.port = 41553 (fallback to raft.grpc.server.port)
2023-08-18 03:35:51,787 [Time-limited test] INFO  grpc.GrpcConfigKeys (ConfUtils.java:logFallback(53)) - raft.grpc.client.host = null (fallback to raft.grpc.server.host)
2023-08-18 03:35:51,787 [Time-limited test] INFO  grpc.GrpcConfigKeys (ConfUtils.java:logFallback(53)) - raft.grpc.client.port = 41553 (fallback to raft.grpc.server.port)
2023-08-18 03:35:51,787 [Time-limited test] INFO  grpc.GrpcConfigKeys (ConfUtils.java:logGet(46)) - raft.grpc.server.host = null (default)
2023-08-18 03:35:51,787 [Time-limited test] INFO  grpc.GrpcConfigKeys (ConfUtils.java:logGet(46)) - raft.grpc.server.port = 41553 (custom)
2023-08-18 03:35:51,788 [Time-limited test] INFO  server.GrpcService (ConfUtils.java:logGet(46)) - raft.grpc.message.size.max = 64MB (=67108864) (default)
2023-08-18 03:35:51,788 [Time-limited test] INFO  server.RaftServerConfigKeys (ConfUtils.java:logGet(46)) - raft.server.log.appender.buffer.byte-limit = 4MB (=4194304) (default)
2023-08-18 03:35:51,788 [Time-limited test] INFO  server.GrpcService (ConfUtils.java:logGet(46)) - raft.grpc.flow.control.window = 1MB (=1048576) (default)
2023-08-18 03:35:51,788 [Time-limited test] INFO  server.RaftServerConfigKeys (ConfUtils.java:logGet(46)) - raft.server.rpc.request.timeout = 3000ms (default)
2023-08-18 03:35:51,788 [Time-limited test] INFO  grpc.GrpcConfigKeys (ConfUtils.java:logGet(46)) - raft.grpc.server.heartbeat.channel = false (custom)
2023-08-18 03:35:51,788 [Time-limited test] INFO  grpc.GrpcConfigKeys (ConfUtils.java:logGet(46)) - raft.grpc.server.async.request.thread.pool.cached = true (default)
2023-08-18 03:35:51,788 [Time-limited test] INFO  grpc.GrpcConfigKeys (ConfUtils.java:logGet(46)) - raft.grpc.server.async.request.thread.pool.size = 32 (default)
2023-08-18 03:35:51,791 [Time-limited test] INFO  impl.DataStreamServerImpl (ConfUtils.java:logGet(46)) - raft.datastream.type = DISABLED (default)
2023-08-18 03:35:51,791 [Time-limited test] INFO  server.RaftServerConfigKeys (ConfUtils.java:logGet(46)) - raft.server.threadpool.proxy.cached = true (default)
2023-08-18 03:35:51,791 [Time-limited test] INFO  server.RaftServerConfigKeys (ConfUtils.java:logGet(46)) - raft.server.threadpool.proxy.size = 0 (default)
2023-08-18 03:35:51,791 [Time-limited test] INFO  server.RaftServerConfigKeys (ConfUtils.java:logGet(46)) - raft.server.sleep.deviation.threshold = 300ms (default)
2023-08-18 03:35:51,792 [Time-limited test] INFO  server.RaftServerConfigKeys (ConfUtils.java:logGet(46)) - raft.server.rpc.slowness.timeout = 60s (default)
2023-08-18 03:35:51,792 [Time-limited test] INFO  server.RaftServerConfigKeys (ConfUtils.java:logGet(46)) - raft.server.leaderelection.leader.step-down.wait-time = 10s (default)
2023-08-18 03:35:51,792 [Time-limited test] INFO  server.RaftServerConfigKeys (ConfUtils.java:logGet(46)) - raft.server.storage.dir = [/home/runner/work/ratis/ratis/ratis-test/target/test/data/24296cbb/MiniRaftClusterWithGrpceae4580e/s1] (custom)
2023-08-18 03:35:51,794 [Time-limited test] INFO  server.RaftServer (RaftServerProxy.java:addNew(99)) - s1: addNew group-B9F71DAC6F9C:[] returns group-B9F71DAC6F9C:java.util.concurrent.CompletableFuture@1dbe4340[Not completed]
2023-08-18 03:35:51,794 [Time-limited test] INFO  impl.MiniRaftCluster (MiniRaftCluster.java:newRaftServer(382)) - newRaftServer: s2, group-B9F71DAC6F9C:[], format? true
2023-08-18 03:35:51,794 [s1-groupManagement] INFO  server.RaftServerConfigKeys (ConfUtils.java:logGet(46)) - raft.server.log.segment.size.max = 8MB (=8388608) (default)
2023-08-18 03:35:51,794 [Time-limited test] TRACE util.FileUtils (FileUtils.java:deleteFully(201)) - deleteFully target/test/data/24296cbb/MiniRaftClusterWithGrpceae4580e/s2
2023-08-18 03:35:51,794 [Time-limited test] TRACE util.FileUtils (FileUtils.java:deleteFully(217)) - deleteFully: target/test/data/24296cbb/MiniRaftClusterWithGrpceae4580e/s2 does not exist.
2023-08-18 03:35:51,794 [Time-limited test] INFO  impl.MiniRaftCluster (MiniRaftCluster.java:newRaftServer(387)) - Formatted directory target/test/data/24296cbb/MiniRaftClusterWithGrpceae4580e/s2
2023-08-18 03:35:51,794 [Time-limited test] INFO  server.RaftServer (ConfUtils.java:logGet(46)) - raft.rpc.type = GRPC (default)
2023-08-18 03:35:51,795 [Time-limited test] INFO  grpc.GrpcConfigKeys (ConfUtils.java:logFallback(53)) - raft.grpc.admin.host = null (fallback to raft.grpc.server.host)
2023-08-18 03:35:51,795 [Time-limited test] INFO  grpc.GrpcConfigKeys (ConfUtils.java:logFallback(53)) - raft.grpc.admin.port = 39715 (fallback to raft.grpc.server.port)
2023-08-18 03:35:51,795 [Time-limited test] INFO  grpc.GrpcConfigKeys (ConfUtils.java:logFallback(53)) - raft.grpc.client.host = null (fallback to raft.grpc.server.host)
2023-08-18 03:35:51,795 [Time-limited test] INFO  grpc.GrpcConfigKeys (ConfUtils.java:logFallback(53)) - raft.grpc.client.port = 39715 (fallback to raft.grpc.server.port)
2023-08-18 03:35:51,795 [Time-limited test] INFO  grpc.GrpcConfigKeys (ConfUtils.java:logGet(46)) - raft.grpc.server.host = null (default)
2023-08-18 03:35:51,795 [Time-limited test] INFO  grpc.GrpcConfigKeys (ConfUtils.java:logGet(46)) - raft.grpc.server.port = 39715 (custom)
2023-08-18 03:35:51,795 [Time-limited test] INFO  server.GrpcService (ConfUtils.java:logGet(46)) - raft.grpc.message.size.max = 64MB (=67108864) (default)
2023-08-18 03:35:51,795 [Time-limited test] INFO  server.RaftServerConfigKeys (ConfUtils.java:logGet(46)) - raft.server.log.appender.buffer.byte-limit = 4MB (=4194304) (default)
2023-08-18 03:35:51,795 [Time-limited test] INFO  server.GrpcService (ConfUtils.java:logGet(46)) - raft.grpc.flow.control.window = 1MB (=1048576) (default)
2023-08-18 03:35:51,795 [Time-limited test] INFO  server.RaftServerConfigKeys (ConfUtils.java:logGet(46)) - raft.server.rpc.request.timeout = 3000ms (default)
2023-08-18 03:35:51,795 [Time-limited test] INFO  grpc.GrpcConfigKeys (ConfUtils.java:logGet(46)) - raft.grpc.server.heartbeat.channel = false (custom)
2023-08-18 03:35:51,796 [Time-limited test] INFO  grpc.GrpcConfigKeys (ConfUtils.java:logGet(46)) - raft.grpc.server.async.request.thread.pool.cached = true (default)
2023-08-18 03:35:51,796 [Time-limited test] INFO  grpc.GrpcConfigKeys (ConfUtils.java:logGet(46)) - raft.grpc.server.async.request.thread.pool.size = 32 (default)
2023-08-18 03:35:51,796 [Time-limited test] INFO  impl.DataStreamServerImpl (ConfUtils.java:logGet(46)) - raft.datastream.type = DISABLED (default)
2023-08-18 03:35:51,796 [Time-limited test] INFO  server.RaftServerConfigKeys (ConfUtils.java:logGet(46)) - raft.server.threadpool.proxy.cached = true (default)
2023-08-18 03:35:51,796 [Time-limited test] INFO  server.RaftServerConfigKeys (ConfUtils.java:logGet(46)) - raft.server.threadpool.proxy.size = 0 (default)
2023-08-18 03:35:51,796 [Time-limited test] INFO  server.RaftServerConfigKeys (ConfUtils.java:logGet(46)) - raft.server.sleep.deviation.threshold = 300ms (default)
2023-08-18 03:35:51,797 [Time-limited test] INFO  server.RaftServerConfigKeys (ConfUtils.java:logGet(46)) - raft.server.rpc.slowness.timeout = 60s (default)
2023-08-18 03:35:51,797 [Time-limited test] INFO  server.RaftServerConfigKeys (ConfUtils.java:logGet(46)) - raft.server.leaderelection.leader.step-down.wait-time = 10s (default)
2023-08-18 03:35:51,797 [Time-limited test] INFO  server.RaftServerConfigKeys (ConfUtils.java:logGet(46)) - raft.server.storage.dir = [/home/runner/work/ratis/ratis/ratis-test/target/test/data/24296cbb/MiniRaftClusterWithGrpceae4580e/s2] (custom)
2023-08-18 03:35:51,797 [s1-groupManagement] INFO  server.RaftServerConfigKeys (ConfUtils.java:logGet(46)) - raft.server.log.preallocated.size = 4MB (=4194304) (default)
2023-08-18 03:35:51,797 [s1-groupManagement] INFO  server.RaftServerConfigKeys (ConfUtils.java:logGet(46)) - raft.server.log.write.buffer.size = 64KB (=65536) (default)
2023-08-18 03:35:51,797 [s1-groupManagement] INFO  server.RaftServer$Division (RaftServerImpl.java:<init>(250)) - s1: new RaftServerImpl for group-B9F71DAC6F9C:[] with StateMachineWithMultiNestedSnapshotFile:uninitialized
2023-08-18 03:35:51,797 [s1-groupManagement] INFO  server.RaftServerConfigKeys (ConfUtils.java:logGet(46)) - raft.server.rpc.timeout.min = 150ms (default)
2023-08-18 03:35:51,797 [s1-groupManagement] INFO  server.RaftServerConfigKeys (ConfUtils.java:logGet(46)) - raft.server.rpc.timeout.max = 300ms (default)
2023-08-18 03:35:51,797 [s1-groupManagement] INFO  server.RaftServerConfigKeys (ConfUtils.java:logGet(46)) - raft.server.rpc.sleep.time = 25ms (default)
2023-08-18 03:35:51,797 [s1-groupManagement] INFO  server.RaftServerConfigKeys (ConfUtils.java:logGet(46)) - raft.server.rpc.slowness.timeout = 60s (default)
2023-08-18 03:35:51,798 [s1-groupManagement] INFO  server.RaftServerConfigKeys (ConfUtils.java:logGet(46)) - raft.server.leaderelection.leader.step-down.wait-time = 10s (default)
2023-08-18 03:35:51,798 [s1-groupManagement] INFO  server.RaftServerConfigKeys (ConfUtils.java:logGet(46)) - raft.server.sleep.deviation.threshold = 300ms (default)
2023-08-18 03:35:51,798 [s1-groupManagement] INFO  server.RaftServer$Division (ServerState.java:<init>(113)) - s1@group-B9F71DAC6F9C: ConfigurationManager, init=-1: peers:[]|listeners:[], old=null, confs=<EMPTY_MAP>
2023-08-18 03:35:51,798 [s1-groupManagement] INFO  server.RaftServerConfigKeys (ConfUtils.java:logGet(46)) - raft.server.notification.no-leader.timeout = 60s (default)
2023-08-18 03:35:51,798 [s1-groupManagement] INFO  server.RaftServerConfigKeys (ConfUtils.java:logGet(46)) - raft.server.read.timeout = 10s (default)
2023-08-18 03:35:51,798 [s1-groupManagement] INFO  server.RaftServerConfigKeys (ConfUtils.java:logGet(46)) - raft.server.retrycache.expirytime = 60s (default)
2023-08-18 03:35:51,798 [s1-groupManagement] INFO  server.RaftServerConfigKeys (ConfUtils.java:logGet(46)) - raft.server.retrycache.statistics.expirytime = 100μs (default)
2023-08-18 03:35:51,798 [s1-groupManagement] INFO  server.RaftServerConfigKeys (ConfUtils.java:logGet(46)) - raft.server.read.option = DEFAULT (default)
2023-08-18 03:35:51,800 [s1-groupManagement] INFO  server.RaftServerConfigKeys (ConfUtils.java:logGet(46)) - raft.server.rpc.request.timeout = 3000ms (default)
2023-08-18 03:35:51,800 [s1-groupManagement] INFO  server.RaftServerConfigKeys (ConfUtils.java:logGet(46)) - raft.server.log.appender.install.snapshot.enabled = true (default)
2023-08-18 03:35:51,800 [s1-groupManagement] INFO  server.RaftServerConfigKeys (ConfUtils.java:logGet(46)) - raft.server.threadpool.server.cached = true (default)
2023-08-18 03:35:51,800 [s1-groupManagement] INFO  server.RaftServerConfigKeys (ConfUtils.java:logGet(46)) - raft.server.threadpool.server.size = 0 (default)
2023-08-18 03:35:51,800 [s1-groupManagement] INFO  server.RaftServerConfigKeys (ConfUtils.java:logGet(46)) - raft.server.threadpool.client.cached = true (default)
2023-08-18 03:35:51,801 [s1-groupManagement] INFO  server.RaftServerConfigKeys (ConfUtils.java:logGet(46)) - raft.server.threadpool.client.size = 0 (default)
2023-08-18 03:35:51,808 [Time-limited test] INFO  server.RaftServer (RaftServerProxy.java:addNew(99)) - s2: addNew group-B9F71DAC6F9C:[] returns group-B9F71DAC6F9C:java.util.concurrent.CompletableFuture@1b2fe88[Not completed]
2023-08-18 03:35:51,808 [s1-impl-thread1] INFO  server.RaftServerConfigKeys (ConfUtils.java:logGet(46)) - raft.server.storage.free-space.min = 0MB (=0) (default)
2023-08-18 03:35:51,808 [s1-impl-thread1] INFO  server.RaftServerConfigKeys (ConfUtils.java:logGet(46)) - raft.server.log.corruption.policy = EXCEPTION (default)
2023-08-18 03:35:51,809 [s1-impl-thread1] INFO  server.RaftServerConfigKeys (ConfUtils.java:logGet(46)) - raft.server.storage.dir = [/home/runner/work/ratis/ratis/ratis-test/target/test/data/24296cbb/MiniRaftClusterWithGrpceae4580e/s1] (custom)
2023-08-18 03:35:51,809 [s1-impl-thread1] INFO  storage.RaftStorageDirectory (RaftStorageDirectoryImpl.java:analyzeStorage(138)) - The storage directory /home/runner/work/ratis/ratis/ratis-test/target/test/data/24296cbb/MiniRaftClusterWithGrpceae4580e/s1/04db416e-9121-4b21-a311-b9f71dac6f9c does not exist. Creating ...
2023-08-18 03:35:51,810 [s1-impl-thread1] TRACE util.FileUtils (LogUtils.java:runAndLog(49)) - Successfully ran Files.createDirectories /home/runner/work/ratis/ratis/ratis-test/target/test/data/24296cbb/MiniRaftClusterWithGrpceae4580e/s1/04db416e-9121-4b21-a311-b9f71dac6f9c
2023-08-18 03:35:51,809 [s2-groupManagement] INFO  server.RaftServerConfigKeys (ConfUtils.java:logGet(46)) - raft.server.log.segment.size.max = 8MB (=8388608) (default)
2023-08-18 03:35:51,810 [s2-groupManagement] INFO  server.RaftServerConfigKeys (ConfUtils.java:logGet(46)) - raft.server.log.preallocated.size = 4MB (=4194304) (default)
2023-08-18 03:35:51,810 [s2-groupManagement] INFO  server.RaftServerConfigKeys (ConfUtils.java:logGet(46)) - raft.server.log.write.buffer.size = 64KB (=65536) (default)
2023-08-18 03:35:51,810 [s2-groupManagement] INFO  server.RaftServer$Division (RaftServerImpl.java:<init>(250)) - s2: new RaftServerImpl for group-B9F71DAC6F9C:[] with StateMachineWithMultiNestedSnapshotFile:uninitialized
2023-08-18 03:35:51,810 [s1-impl-thread1] INFO  storage.RaftStorageDirectory (RaftStorageDirectoryImpl.java:tryLock(232)) - Lock on /home/runner/work/ratis/ratis/ratis-test/target/test/data/24296cbb/MiniRaftClusterWithGrpceae4580e/s1/04db416e-9121-4b21-a311-b9f71dac6f9c/in_use.lock acquired by nodename 15247@fv-az454-831
2023-08-18 03:35:51,811 [s1-impl-thread1] TRACE util.FileUtils (LogUtils.java:runAndLog(49)) - Successfully ran Files.createDirectories /home/runner/work/ratis/ratis/ratis-test/target/test/data/24296cbb/MiniRaftClusterWithGrpceae4580e/s1/04db416e-9121-4b21-a311-b9f71dac6f9c/current
2023-08-18 03:35:51,811 [s1-impl-thread1] TRACE util.FileUtils (LogUtils.java:runAndLog(49)) - Successfully ran Files.createDirectories /home/runner/work/ratis/ratis/ratis-test/target/test/data/24296cbb/MiniRaftClusterWithGrpceae4580e/s1/04db416e-9121-4b21-a311-b9f71dac6f9c/sm
2023-08-18 03:35:51,811 [s2-groupManagement] INFO  server.RaftServerConfigKeys (ConfUtils.java:logGet(46)) - raft.server.rpc.timeout.min = 150ms (default)
2023-08-18 03:35:51,811 [s2-groupManagement] INFO  server.RaftServerConfigKeys (ConfUtils.java:logGet(46)) - raft.server.rpc.timeout.max = 300ms (default)
2023-08-18 03:35:51,811 [s2-groupManagement] INFO  server.RaftServerConfigKeys (ConfUtils.java:logGet(46)) - raft.server.rpc.sleep.time = 25ms (default)
2023-08-18 03:35:51,812 [s2-groupManagement] INFO  server.RaftServerConfigKeys (ConfUtils.java:logGet(46)) - raft.server.rpc.slowness.timeout = 60s (default)
2023-08-18 03:35:51,812 [s1-impl-thread1] INFO  storage.RaftStorage (RaftStorageImpl.java:format(97)) - Storage directory /home/runner/work/ratis/ratis/ratis-test/target/test/data/24296cbb/MiniRaftClusterWithGrpceae4580e/s1/04db416e-9121-4b21-a311-b9f71dac6f9c has been successfully formatted.
2023-08-18 03:35:51,812 [s1-impl-thread1] INFO  impl.SimpleStateMachine4Testing (SimpleStateMachine4Testing.java:initialize(213)) - Initializing StateMachineWithMultiNestedSnapshotFile:uninitialized
2023-08-18 03:35:51,812 [s1-impl-thread1] INFO  impl.SimpleStateMachine4Testing (SimpleStateMachine4Testing.java:loadSnapshot(293)) - Loading snapshot null
2023-08-18 03:35:51,812 [s1-impl-thread1] INFO  server.RaftServerConfigKeys (ConfUtils.java:logGet(46)) - raft.server.log.use.memory = false (default)
2023-08-18 03:35:51,813 [s1-impl-thread1] INFO  server.RaftServerConfigKeys (ConfUtils.java:logGet(46)) - raft.server.log.purge.gap = 8 (custom)
2023-08-18 03:35:51,813 [s1-impl-thread1] INFO  server.RaftServerConfigKeys (ConfUtils.java:logGet(46)) - raft.server.log.appender.buffer.byte-limit = 4MB (=4194304) (default)
2023-08-18 03:35:51,813 [s1-impl-thread1] INFO  server.RaftServerConfigKeys (ConfUtils.java:logGet(46)) - raft.server.log.statemachine.data.read.timeout = 1000ms (default)
2023-08-18 03:35:51,813 [s1-impl-thread1] INFO  server.RaftServerConfigKeys (ConfUtils.java:logGet(46)) - raft.server.log.purge.preservation.log.num = 0 (default)
2023-08-18 03:35:51,814 [s1-impl-thread1] INFO  server.RaftServerConfigKeys (ConfUtils.java:logGet(46)) - raft.server.log.segment.size.max = 8MB (=8388608) (default)
2023-08-18 03:35:51,814 [s1-impl-thread1] INFO  server.RaftServerConfigKeys (ConfUtils.java:logGet(46)) - raft.server.log.segment.cache.num.max = 6 (default)
2023-08-18 03:35:51,814 [s1-impl-thread1] INFO  server.RaftServerConfigKeys (ConfUtils.java:logGet(46)) - raft.server.log.segment.cache.size.max = 200MB (=209715200) (default)
2023-08-18 03:35:51,814 [s1-impl-thread1] INFO  server.RaftServerConfigKeys (ConfUtils.java:logGet(46)) - raft.server.log.appender.buffer.byte-limit = 4MB (=4194304) (default)
2023-08-18 03:35:51,814 [s1-impl-thread1] INFO  segmented.SegmentedRaftLogWorker (SegmentedRaftLogWorker.java:<init>(183)) - new s1@group-B9F71DAC6F9C-SegmentedRaftLogWorker for RaftStorageImpl:Storage Directory /home/runner/work/ratis/ratis/ratis-test/target/test/data/24296cbb/MiniRaftClusterWithGrpceae4580e/s1/04db416e-9121-4b21-a311-b9f71dac6f9c
2023-08-18 03:35:51,814 [s1-impl-thread1] INFO  server.RaftServerConfigKeys (ConfUtils.java:logGet(46)) - raft.server.log.queue.byte-limit = 64MB (=67108864) (default)
2023-08-18 03:35:51,815 [s1-impl-thread1] INFO  server.RaftServerConfigKeys (ConfUtils.java:logGet(46)) - raft.server.log.queue.element-limit = 4096 (default)
2023-08-18 03:35:51,815 [s1-impl-thread1] INFO  server.RaftServerConfigKeys (ConfUtils.java:logGet(46)) - raft.server.log.segment.size.max = 8MB (=8388608) (default)
2023-08-18 03:35:51,815 [s1-impl-thread1] INFO  server.RaftServerConfigKeys (ConfUtils.java:logGet(46)) - raft.server.log.preallocated.size = 4MB (=4194304) (default)
2023-08-18 03:35:51,815 [s1-impl-thread1] INFO  server.RaftServerConfigKeys (ConfUtils.java:logGet(46)) - raft.server.log.force.sync.num = 128 (default)
2023-08-18 03:35:51,815 [s1-impl-thread1] INFO  server.RaftServerConfigKeys (ConfUtils.java:logGet(46)) - raft.server.log.statemachine.data.sync = true (default)
2023-08-18 03:35:51,815 [s1-impl-thread1] INFO  server.RaftServerConfigKeys (ConfUtils.java:logGet(46)) - raft.server.log.statemachine.data.sync.timeout = 10s (default)
2023-08-18 03:35:51,815 [s1-impl-thread1] INFO  server.RaftServerConfigKeys (ConfUtils.java:logGet(46)) - raft.server.log.statemachine.data.sync.timeout.retry = -1 (default)
2023-08-18 03:35:51,815 [s2-groupManagement] INFO  server.RaftServerConfigKeys (ConfUtils.java:logGet(46)) - raft.server.leaderelection.leader.step-down.wait-time = 10s (default)
2023-08-18 03:35:51,815 [s1-impl-thread1] INFO  server.RaftServerConfigKeys (ConfUtils.java:logGet(46)) - raft.server.log.write.buffer.size = 64KB (=65536) (default)
2023-08-18 03:35:51,815 [s2-groupManagement] INFO  server.RaftServerConfigKeys (ConfUtils.java:logGet(46)) - raft.server.sleep.deviation.threshold = 300ms (default)
2023-08-18 03:35:51,815 [s1-impl-thread1] INFO  server.RaftServerConfigKeys (ConfUtils.java:logGet(46)) - raft.server.log.appender.buffer.byte-limit = 4MB (=4194304) (default)
2023-08-18 03:35:51,815 [s2-groupManagement] INFO  server.RaftServer$Division (ServerState.java:<init>(113)) - s2@group-B9F71DAC6F9C: ConfigurationManager, init=-1: peers:[]|listeners:[], old=null, confs=<EMPTY_MAP>
2023-08-18 03:35:51,815 [s2-groupManagement] INFO  server.RaftServerConfigKeys (ConfUtils.java:logGet(46)) - raft.server.notification.no-leader.timeout = 60s (default)
2023-08-18 03:35:51,816 [s2-groupManagement] INFO  server.RaftServerConfigKeys (ConfUtils.java:logGet(46)) - raft.server.read.timeout = 10s (default)
2023-08-18 03:35:51,816 [s2-groupManagement] INFO  server.RaftServerConfigKeys (ConfUtils.java:logGet(46)) - raft.server.retrycache.expirytime = 60s (default)
2023-08-18 03:35:51,816 [s2-groupManagement] INFO  server.RaftServerConfigKeys (ConfUtils.java:logGet(46)) - raft.server.retrycache.statistics.expirytime = 100μs (default)
2023-08-18 03:35:51,816 [s2-groupManagement] INFO  server.RaftServerConfigKeys (ConfUtils.java:logGet(46)) - raft.server.read.option = DEFAULT (default)
2023-08-18 03:35:51,816 [s1-impl-thread1] INFO  server.RaftServerConfigKeys (ConfUtils.java:logGet(46)) - raft.server.log.unsafe-flush.enabled = false (default)
2023-08-18 03:35:51,816 [s1-impl-thread1] INFO  server.RaftServerConfigKeys (ConfUtils.java:logGet(46)) - raft.server.log.async-flush.enabled = false (default)
2023-08-18 03:35:51,817 [s1-impl-thread1] INFO  server.RaftServerConfigKeys (ConfUtils.java:logGet(46)) - raft.server.log.statemachine.data.caching.enabled = false (default)
2023-08-18 03:35:51,817 [s1-impl-thread1] INFO  segmented.SegmentedRaftLogWorker (SegmentedRaftLogWorker.java:lambda$new$0(134)) - s1@group-B9F71DAC6F9C-SegmentedRaftLogWorker: flushIndex: setUnconditionally 0 -> -1
2023-08-18 03:35:51,817 [s1-impl-thread1] INFO  segmented.SegmentedRaftLogWorker (SegmentedRaftLogWorker.java:lambda$new$0(134)) - s1@group-B9F71DAC6F9C-SegmentedRaftLogWorker: safeCacheEvictIndex: setUnconditionally 0 -> -1
2023-08-18 03:35:51,817 [s1-impl-thread1] INFO  server.RaftServer$Division (RaftServerImpl.java:start(390)) - s1@group-B9F71DAC6F9C: start with initializing state, conf=-1: peers:[]|listeners:[], old=null
2023-08-18 03:35:51,817 [s1-impl-thread1] INFO  server.RaftServer$Division (RaftServerImpl.java:setRole(371)) - s1@group-B9F71DAC6F9C: changes role from      null to FOLLOWER at term 0 for startInitializing
2023-08-18 03:35:51,817 [s1-impl-thread1] INFO  util.JmxRegister (JmxRegister.java:tryRegister(44)) - Successfully registered JMX Bean with object name Ratis:service=RaftServer,group=group-B9F71DAC6F9C,id=s1
2023-08-18 03:35:51,819 [s1-impl-thread1] INFO  server.RaftServerConfigKeys (ConfUtils.java:logGet(46)) - raft.server.snapshot.trigger-when-stop.enabled = true (default)
2023-08-18 03:35:51,819 [s1-impl-thread1] INFO  server.RaftServerConfigKeys (ConfUtils.java:logGet(46)) - raft.server.snapshot.auto.trigger.enabled = true (custom)
2023-08-18 03:35:51,819 [s1-impl-thread1] INFO  server.RaftServerConfigKeys (ConfUtils.java:logGet(46)) - raft.server.snapshot.auto.trigger.threshold = 64 (custom)
2023-08-18 03:35:51,819 [s1-impl-thread1] INFO  server.RaftServerConfigKeys (ConfUtils.java:logGet(46)) - raft.server.snapshot.retention.file.num = -1 (default)
2023-08-18 03:35:51,819 [s1-impl-thread1] INFO  server.RaftServerConfigKeys (ConfUtils.java:logGet(46)) - raft.server.log.purge.upto.snapshot.index = false (default)
2023-08-18 03:35:51,820 [Time-limited test] INFO  server.RaftServer (RaftServerProxy.java:startImpl(402)) - s1: start RPC server
2023-08-18 03:35:51,821 [Time-limited test] INFO  server.GrpcService (GrpcService.java:startImpl(302)) - s1: GrpcService started, listening on 41553
2023-08-18 03:35:51,821 [JvmPauseMonitor1] INFO  util.JvmPauseMonitor (JvmPauseMonitor.java:run(105)) - JvmPauseMonitor-s1: Started
2023-08-18 03:35:51,823 [s2-groupManagement] INFO  server.RaftServerConfigKeys (ConfUtils.java:logGet(46)) - raft.server.rpc.request.timeout = 3000ms (default)
2023-08-18 03:35:51,823 [s2-groupManagement] INFO  server.RaftServerConfigKeys (ConfUtils.java:logGet(46)) - raft.server.log.appender.install.snapshot.enabled = true (default)
2023-08-18 03:35:51,823 [s2-groupManagement] INFO  server.RaftServerConfigKeys (ConfUtils.java:logGet(46)) - raft.server.threadpool.server.cached = true (default)
2023-08-18 03:35:51,823 [s2-groupManagement] INFO  server.RaftServerConfigKeys (ConfUtils.java:logGet(46)) - raft.server.threadpool.server.size = 0 (default)
2023-08-18 03:35:51,823 [s2-groupManagement] INFO  server.RaftServerConfigKeys (ConfUtils.java:logGet(46)) - raft.server.threadpool.client.cached = true (default)
2023-08-18 03:35:51,823 [s2-groupManagement] INFO  server.RaftServerConfigKeys (ConfUtils.java:logGet(46)) - raft.server.threadpool.client.size = 0 (default)
2023-08-18 03:35:51,824 [s2-impl-thread1] INFO  server.RaftServerConfigKeys (ConfUtils.java:logGet(46)) - raft.server.storage.free-space.min = 0MB (=0) (default)
2023-08-18 03:35:51,824 [s2-impl-thread1] INFO  server.RaftServerConfigKeys (ConfUtils.java:logGet(46)) - raft.server.log.corruption.policy = EXCEPTION (default)
2023-08-18 03:35:51,824 [s2-impl-thread1] INFO  server.RaftServerConfigKeys (ConfUtils.java:logGet(46)) - raft.server.storage.dir = [/home/runner/work/ratis/ratis/ratis-test/target/test/data/24296cbb/MiniRaftClusterWithGrpceae4580e/s2] (custom)
2023-08-18 03:35:51,824 [s2-impl-thread1] INFO  storage.RaftStorageDirectory (RaftStorageDirectoryImpl.java:analyzeStorage(138)) - The storage directory /home/runner/work/ratis/ratis/ratis-test/target/test/data/24296cbb/MiniRaftClusterWithGrpceae4580e/s2/04db416e-9121-4b21-a311-b9f71dac6f9c does not exist. Creating ...
2023-08-18 03:35:51,824 [s2-impl-thread1] TRACE util.FileUtils (LogUtils.java:runAndLog(49)) - Successfully ran Files.createDirectories /home/runner/work/ratis/ratis/ratis-test/target/test/data/24296cbb/MiniRaftClusterWithGrpceae4580e/s2/04db416e-9121-4b21-a311-b9f71dac6f9c
2023-08-18 03:35:51,825 [s2-impl-thread1] INFO  storage.RaftStorageDirectory (RaftStorageDirectoryImpl.java:tryLock(232)) - Lock on /home/runner/work/ratis/ratis/ratis-test/target/test/data/24296cbb/MiniRaftClusterWithGrpceae4580e/s2/04db416e-9121-4b21-a311-b9f71dac6f9c/in_use.lock acquired by nodename 15247@fv-az454-831
2023-08-18 03:35:51,825 [s2-impl-thread1] TRACE util.FileUtils (LogUtils.java:runAndLog(49)) - Successfully ran Files.createDirectories /home/runner/work/ratis/ratis/ratis-test/target/test/data/24296cbb/MiniRaftClusterWithGrpceae4580e/s2/04db416e-9121-4b21-a311-b9f71dac6f9c/current
2023-08-18 03:35:51,826 [s2-impl-thread1] TRACE util.FileUtils (LogUtils.java:runAndLog(49)) - Successfully ran Files.createDirectories /home/runner/work/ratis/ratis/ratis-test/target/test/data/24296cbb/MiniRaftClusterWithGrpceae4580e/s2/04db416e-9121-4b21-a311-b9f71dac6f9c/sm
2023-08-18 03:35:51,826 [s2-impl-thread1] INFO  storage.RaftStorage (RaftStorageImpl.java:format(97)) - Storage directory /home/runner/work/ratis/ratis/ratis-test/target/test/data/24296cbb/MiniRaftClusterWithGrpceae4580e/s2/04db416e-9121-4b21-a311-b9f71dac6f9c has been successfully formatted.
2023-08-18 03:35:51,827 [s2-impl-thread1] INFO  impl.SimpleStateMachine4Testing (SimpleStateMachine4Testing.java:initialize(213)) - Initializing StateMachineWithMultiNestedSnapshotFile:uninitialized
2023-08-18 03:35:51,827 [s2-impl-thread1] INFO  impl.SimpleStateMachine4Testing (SimpleStateMachine4Testing.java:loadSnapshot(293)) - Loading snapshot null
2023-08-18 03:35:51,827 [s2-impl-thread1] INFO  server.RaftServerConfigKeys (ConfUtils.java:logGet(46)) - raft.server.log.use.memory = false (default)
2023-08-18 03:35:51,827 [s2-impl-thread1] INFO  server.RaftServerConfigKeys (ConfUtils.java:logGet(46)) - raft.server.log.purge.gap = 8 (custom)
2023-08-18 03:35:51,827 [s2-impl-thread1] INFO  server.RaftServerConfigKeys (ConfUtils.java:logGet(46)) - raft.server.log.appender.buffer.byte-limit = 4MB (=4194304) (default)
2023-08-18 03:35:51,827 [s2-impl-thread1] INFO  server.RaftServerConfigKeys (ConfUtils.java:logGet(46)) - raft.server.log.statemachine.data.read.timeout = 1000ms (default)
2023-08-18 03:35:51,827 [s2-impl-thread1] INFO  server.RaftServerConfigKeys (ConfUtils.java:logGet(46)) - raft.server.log.purge.preservation.log.num = 0 (default)
2023-08-18 03:35:51,828 [s2-impl-thread1] INFO  server.RaftServerConfigKeys (ConfUtils.java:logGet(46)) - raft.server.log.segment.size.max = 8MB (=8388608) (default)
2023-08-18 03:35:51,828 [s2-impl-thread1] INFO  server.RaftServerConfigKeys (ConfUtils.java:logGet(46)) - raft.server.log.segment.cache.num.max = 6 (default)
2023-08-18 03:35:51,828 [s2-impl-thread1] INFO  server.RaftServerConfigKeys (ConfUtils.java:logGet(46)) - raft.server.log.segment.cache.size.max = 200MB (=209715200) (default)
2023-08-18 03:35:51,829 [s2-impl-thread1] INFO  server.RaftServerConfigKeys (ConfUtils.java:logGet(46)) - raft.server.log.appender.buffer.byte-limit = 4MB (=4194304) (default)
2023-08-18 03:35:51,829 [s2-impl-thread1] INFO  segmented.SegmentedRaftLogWorker (SegmentedRaftLogWorker.java:<init>(183)) - new s2@group-B9F71DAC6F9C-SegmentedRaftLogWorker for RaftStorageImpl:Storage Directory /home/runner/work/ratis/ratis/ratis-test/target/test/data/24296cbb/MiniRaftClusterWithGrpceae4580e/s2/04db416e-9121-4b21-a311-b9f71dac6f9c
2023-08-18 03:35:51,829 [s2-impl-thread1] INFO  server.RaftServerConfigKeys (ConfUtils.java:logGet(46)) - raft.server.log.queue.byte-limit = 64MB (=67108864) (default)
2023-08-18 03:35:51,829 [s2-impl-thread1] INFO  server.RaftServerConfigKeys (ConfUtils.java:logGet(46)) - raft.server.log.queue.element-limit = 4096 (default)
2023-08-18 03:35:51,829 [s2-impl-thread1] INFO  server.RaftServerConfigKeys (ConfUtils.java:logGet(46)) - raft.server.log.segment.size.max = 8MB (=8388608) (default)
2023-08-18 03:35:51,829 [s2-impl-thread1] INFO  server.RaftServerConfigKeys (ConfUtils.java:logGet(46)) - raft.server.log.preallocated.size = 4MB (=4194304) (default)
2023-08-18 03:35:51,829 [s2-impl-thread1] INFO  server.RaftServerConfigKeys (ConfUtils.java:logGet(46)) - raft.server.log.force.sync.num = 128 (default)
2023-08-18 03:35:51,829 [s2-impl-thread1] INFO  server.RaftServerConfigKeys (ConfUtils.java:logGet(46)) - raft.server.log.statemachine.data.sync = true (default)
2023-08-18 03:35:51,829 [s2-impl-thread1] INFO  server.RaftServerConfigKeys (ConfUtils.java:logGet(46)) - raft.server.log.statemachine.data.sync.timeout = 10s (default)
2023-08-18 03:35:51,829 [s2-impl-thread1] INFO  server.RaftServerConfigKeys (ConfUtils.java:logGet(46)) - raft.server.log.statemachine.data.sync.timeout.retry = -1 (default)
2023-08-18 03:35:51,829 [s2-impl-thread1] INFO  server.RaftServerConfigKeys (ConfUtils.java:logGet(46)) - raft.server.log.write.buffer.size = 64KB (=65536) (default)
2023-08-18 03:35:51,830 [s2-impl-thread1] INFO  server.RaftServerConfigKeys (ConfUtils.java:logGet(46)) - raft.server.log.appender.buffer.byte-limit = 4MB (=4194304) (default)
2023-08-18 03:35:51,831 [s2-impl-thread1] INFO  server.RaftServerConfigKeys (ConfUtils.java:logGet(46)) - raft.server.log.unsafe-flush.enabled = false (default)
2023-08-18 03:35:51,831 [s2-impl-thread1] INFO  server.RaftServerConfigKeys (ConfUtils.java:logGet(46)) - raft.server.log.async-flush.enabled = false (default)
2023-08-18 03:35:51,831 [s2-impl-thread1] INFO  server.RaftServerConfigKeys (ConfUtils.java:logGet(46)) - raft.server.log.statemachine.data.caching.enabled = false (default)
2023-08-18 03:35:51,831 [s2-impl-thread1] INFO  segmented.SegmentedRaftLogWorker (SegmentedRaftLogWorker.java:lambda$new$0(134)) - s2@group-B9F71DAC6F9C-SegmentedRaftLogWorker: flushIndex: setUnconditionally 0 -> -1
2023-08-18 03:35:51,831 [s2-impl-thread1] INFO  segmented.SegmentedRaftLogWorker (SegmentedRaftLogWorker.java:lambda$new$0(134)) - s2@group-B9F71DAC6F9C-SegmentedRaftLogWorker: safeCacheEvictIndex: setUnconditionally 0 -> -1
2023-08-18 03:35:51,832 [s2-impl-thread1] INFO  server.RaftServer$Division (RaftServerImpl.java:start(390)) - s2@group-B9F71DAC6F9C: start with initializing state, conf=-1: peers:[]|listeners:[], old=null
2023-08-18 03:35:51,832 [s2-impl-thread1] INFO  server.RaftServer$Division (RaftServerImpl.java:setRole(371)) - s2@group-B9F71DAC6F9C: changes role from      null to FOLLOWER at term 0 for startInitializing
2023-08-18 03:35:51,832 [s2-impl-thread1] INFO  util.JmxRegister (JmxRegister.java:tryRegister(44)) - Successfully registered JMX Bean with object name Ratis:service=RaftServer,group=group-B9F71DAC6F9C,id=s2
2023-08-18 03:35:51,832 [s2-impl-thread1] INFO  server.RaftServerConfigKeys (ConfUtils.java:logGet(46)) - raft.server.snapshot.trigger-when-stop.enabled = true (default)
2023-08-18 03:35:51,832 [s2-impl-thread1] INFO  server.RaftServerConfigKeys (ConfUtils.java:logGet(46)) - raft.server.snapshot.auto.trigger.enabled = true (custom)
2023-08-18 03:35:51,832 [s2-impl-thread1] INFO  server.RaftServerConfigKeys (ConfUtils.java:logGet(46)) - raft.server.snapshot.auto.trigger.threshold = 64 (custom)
2023-08-18 03:35:51,832 [s2-impl-thread1] INFO  server.RaftServerConfigKeys (ConfUtils.java:logGet(46)) - raft.server.snapshot.retention.file.num = -1 (default)
2023-08-18 03:35:51,832 [s2-impl-thread1] INFO  server.RaftServerConfigKeys (ConfUtils.java:logGet(46)) - raft.server.log.purge.upto.snapshot.index = false (default)
2023-08-18 03:35:51,833 [Time-limited test] INFO  server.RaftServer (RaftServerProxy.java:startImpl(402)) - s2: start RPC server
2023-08-18 03:35:51,833 [Time-limited test] INFO  server.GrpcService (GrpcService.java:startImpl(302)) - s2: GrpcService started, listening on 39715
2023-08-18 03:35:51,836 [Time-limited test] INFO  impl.MiniRaftCluster (MiniRaftCluster.java:setConfiguration(819)) - Start changing the configuration: [s1|rpc:0.0.0.0:41553|priority:0|startupRole:FOLLOWER, s2|rpc:0.0.0.0:39715|priority:0|startupRole:FOLLOWER, s0|rpc:localhost:33381|admin:localhost:43253|client:localhost:38991|dataStream:localhost:35229|priority:0|startupRole:FOLLOWER]
2023-08-18 03:35:51,844 [JvmPauseMonitor2] INFO  util.JvmPauseMonitor (JvmPauseMonitor.java:run(105)) - JvmPauseMonitor-s2: Started
2023-08-18 03:35:51,854 [s0-server-thread1] INFO  server.RaftServer$Division (RaftServerImpl.java:setConfigurationAsync(1238)) - s0@group-B9F71DAC6F9C: receive setConfiguration SetConfigurationRequest:client-55B476E93FBD->s0@group-B9F71DAC6F9C, cid=128, seq=0, RW, null, SET_UNCONDITIONALLY, servers:[s1|rpc:0.0.0.0:41553|dataStream:|priority:0|startupRole:FOLLOWER, s2|rpc:0.0.0.0:39715|dataStream:|priority:0|startupRole:FOLLOWER, s0|rpc:localhost:33381|admin:localhost:43253|client:localhost:38991|dataStream:localhost:35229|priority:0|startupRole:FOLLOWER], listeners:[]
2023-08-18 03:35:51,855 [s0-server-thread1] INFO  server.RaftServer$Division (LeaderStateImpl.java:startSetConfiguration(443)) - s0@group-B9F71DAC6F9C-LeaderStateImpl: startSetConfiguration SetConfigurationRequest:client-55B476E93FBD->s0@group-B9F71DAC6F9C, cid=128, seq=0, RW, null, SET_UNCONDITIONALLY, servers:[s1|rpc:0.0.0.0:41553|dataStream:|priority:0|startupRole:FOLLOWER, s2|rpc:0.0.0.0:39715|dataStream:|priority:0|startupRole:FOLLOWER, s0|rpc:localhost:33381|admin:localhost:43253|client:localhost:38991|dataStream:localhost:35229|priority:0|startupRole:FOLLOWER], listeners:[]
2023-08-18 03:35:51,861 [s0-server-thread1] INFO  server.RaftServerConfigKeys (ConfUtils.java:logGet(46)) - raft.server.log.appender.snapshot.chunk.size.max = 1k (=1024) (custom)
2023-08-18 03:35:51,861 [s0-server-thread1] INFO  server.RaftServerConfigKeys (ConfUtils.java:logGet(46)) - raft.server.log.appender.buffer.byte-limit = 4MB (=4194304) (default)
2023-08-18 03:35:51,861 [s0-server-thread1] INFO  server.RaftServerConfigKeys (ConfUtils.java:logGet(46)) - raft.server.log.appender.buffer.element-limit = 0 (default)
2023-08-18 03:35:51,863 [s0-server-thread1] INFO  server.RaftServerConfigKeys (ConfUtils.java:logGet(46)) - raft.server.log.appender.wait-time.min = 10ms (default)
2023-08-18 03:35:51,863 [s0-server-thread1] INFO  grpc.GrpcConfigKeys (ConfUtils.java:logGet(46)) - raft.grpc.server.leader.outstanding.appends.max = 128 (default)
2023-08-18 03:35:51,864 [s0-server-thread1] INFO  server.RaftServerConfigKeys (ConfUtils.java:logGet(46)) - raft.server.rpc.request.timeout = 3000ms (default)
2023-08-18 03:35:51,864 [s0-server-thread1] INFO  grpc.GrpcConfigKeys (ConfUtils.java:logGet(46)) - raft.grpc.server.install_snapshot.request.element-limit = 8 (default)
2023-08-18 03:35:51,864 [s0-server-thread1] INFO  grpc.GrpcConfigKeys (ConfUtils.java:logGet(46)) - raft.grpc.server.install_snapshot.request.timeout = 3000ms (default)
2023-08-18 03:35:51,864 [s0-server-thread1] INFO  server.RaftServerConfigKeys (ConfUtils.java:logGet(46)) - raft.server.log.appender.install.snapshot.enabled = true (default)
2023-08-18 03:35:51,864 [s0-server-thread1] INFO  grpc.GrpcConfigKeys (ConfUtils.java:logGet(46)) - raft.grpc.server.heartbeat.channel = false (custom)
2023-08-18 03:35:51,867 [s0-server-thread1] INFO  server.RaftServerConfigKeys (ConfUtils.java:logGet(46)) - raft.server.log.appender.snapshot.chunk.size.max = 1k (=1024) (custom)
2023-08-18 03:35:51,867 [s0-server-thread1] INFO  server.RaftServerConfigKeys (ConfUtils.java:logGet(46)) - raft.server.log.appender.buffer.byte-limit = 4MB (=4194304) (default)
2023-08-18 03:35:51,867 [s0-server-thread1] INFO  server.RaftServerConfigKeys (ConfUtils.java:logGet(46)) - raft.server.log.appender.buffer.element-limit = 0 (default)
2023-08-18 03:35:51,867 [s0-server-thread1] INFO  server.RaftServerConfigKeys (ConfUtils.java:logGet(46)) - raft.server.log.appender.wait-time.min = 10ms (default)
2023-08-18 03:35:51,867 [s0-server-thread1] INFO  grpc.GrpcConfigKeys (ConfUtils.java:logGet(46)) - raft.grpc.server.leader.outstanding.appends.max = 128 (default)
2023-08-18 03:35:51,868 [s0-server-thread1] INFO  server.RaftServerConfigKeys (ConfUtils.java:logGet(46)) - raft.server.rpc.request.timeout = 3000ms (default)
2023-08-18 03:35:51,868 [s0-server-thread1] INFO  grpc.GrpcConfigKeys (ConfUtils.java:logGet(46)) - raft.grpc.server.install_snapshot.request.element-limit = 8 (default)
2023-08-18 03:35:51,868 [s0-server-thread1] INFO  grpc.GrpcConfigKeys (ConfUtils.java:logGet(46)) - raft.grpc.server.install_snapshot.request.timeout = 3000ms (default)
2023-08-18 03:35:51,868 [s0-server-thread1] INFO  server.RaftServerConfigKeys (ConfUtils.java:logGet(46)) - raft.server.log.appender.install.snapshot.enabled = true (default)
2023-08-18 03:35:51,868 [s0-server-thread1] INFO  grpc.GrpcConfigKeys (ConfUtils.java:logGet(46)) - raft.grpc.server.heartbeat.channel = false (custom)
2023-08-18 03:35:51,869 [s0@group-B9F71DAC6F9C->s1-GrpcLogAppender-LogAppenderDaemon] INFO  server.GrpcLogAppender (GrpcLogAppender.java:installSnapshot(638)) - s0@group-B9F71DAC6F9C->s1-GrpcLogAppender: followerNextIndex = 0 but logStartIndex = 0, send snapshot FileListSnapshotInfo(t:1, i:191):[/home/runner/work/ratis/ratis/ratis-test/target/test/data/24296cbb/MiniRaftClusterWithGrpceae4580e/s0/04db416e-9121-4b21-a311-b9f71dac6f9c/sm/snapshot/1.bin, /home/runner/work/ratis/ratis/ratis-test/target/test/data/24296cbb/MiniRaftClusterWithGrpceae4580e/s0/04db416e-9121-4b21-a311-b9f71dac6f9c/sm/snapshot/sub/2.bin, /home/runner/work/ratis/ratis/ratis-test/target/test/data/24296cbb/MiniRaftClusterWithGrpceae4580e/s0/04db416e-9121-4b21-a311-b9f71dac6f9c/sm/snapshot.1_191] to follower
2023-08-18 03:35:51,871 [s0@group-B9F71DAC6F9C->s1-GrpcLogAppender-LogAppenderDaemon] INFO  server.GrpcServerProtocolClient (GrpcServerProtocolClient.java:<init>(66)) - Build channel for s1
2023-08-18 03:35:51,875 [s0@group-B9F71DAC6F9C->s2-GrpcLogAppender-LogAppenderDaemon] INFO  server.GrpcLogAppender (GrpcLogAppender.java:installSnapshot(638)) - s0@group-B9F71DAC6F9C->s2-GrpcLogAppender: followerNextIndex = 0 but logStartIndex = 0, send snapshot FileListSnapshotInfo(t:1, i:191):[/home/runner/work/ratis/ratis/ratis-test/target/test/data/24296cbb/MiniRaftClusterWithGrpceae4580e/s0/04db416e-9121-4b21-a311-b9f71dac6f9c/sm/snapshot/1.bin, /home/runner/work/ratis/ratis/ratis-test/target/test/data/24296cbb/MiniRaftClusterWithGrpceae4580e/s0/04db416e-9121-4b21-a311-b9f71dac6f9c/sm/snapshot/sub/2.bin, /home/runner/work/ratis/ratis/ratis-test/target/test/data/24296cbb/MiniRaftClusterWithGrpceae4580e/s0/04db416e-9121-4b21-a311-b9f71dac6f9c/sm/snapshot.1_191] to follower
2023-08-18 03:35:51,875 [s0@group-B9F71DAC6F9C->s2-GrpcLogAppender-LogAppenderDaemon] INFO  server.GrpcServerProtocolClient (GrpcServerProtocolClient.java:<init>(66)) - Build channel for s2
2023-08-18 03:35:51,891 [grpc-default-executor-1] INFO  impl.SnapshotInstallationHandler (SnapshotInstallationHandler.java:installSnapshot(89)) - s2@group-B9F71DAC6F9C: receive installSnapshot: s0->s2#0-t1,chunk:55d5442a-2908-486f-8009-0e40669e736e,0
2023-08-18 03:35:51,892 [grpc-default-executor-2] INFO  impl.SnapshotInstallationHandler (SnapshotInstallationHandler.java:installSnapshot(89)) - s1@group-B9F71DAC6F9C: receive installSnapshot: s0->s1#0-t1,chunk:698b2d90-6b2f-4dd5-b64b-95ef052f3d74,0
2023-08-18 03:35:51,920 [grpc-default-executor-1] INFO  server.RaftServer$Division (RaftServerImpl.java:setFirstElection(556)) - s2@group-B9F71DAC6F9C: set firstElectionSinceStartup to false for installSnapshot
2023-08-18 03:35:51,920 [grpc-default-executor-1] INFO  server.RaftServer$Division (ServerState.java:setLeader(260)) - s2@group-B9F71DAC6F9C: change Leader from null to s0 at term 1 for installSnapshot, leader elected after 104ms
2023-08-18 03:35:51,921 [grpc-default-executor-2] INFO  server.RaftServer$Division (RaftServerImpl.java:setFirstElection(556)) - s1@group-B9F71DAC6F9C: set firstElectionSinceStartup to false for installSnapshot
2023-08-18 03:35:51,921 [grpc-default-executor-2] INFO  server.RaftServer$Division (ServerState.java:setLeader(260)) - s1@group-B9F71DAC6F9C: change Leader from null to s0 at term 1 for installSnapshot, leader elected after 123ms
2023-08-18 03:35:51,922 [grpc-default-executor-1] TRACE util.FileUtils (LogUtils.java:runAndLog(49)) - Successfully ran Files.createDirectories /home/runner/work/ratis/ratis/ratis-test/target/test/data/24296cbb/MiniRaftClusterWithGrpceae4580e/s2/04db416e-9121-4b21-a311-b9f71dac6f9c/tmp/snapshot-55d5442a-2908-486f-8009-0e40669e736e
2023-08-18 03:35:51,923 [grpc-default-executor-1] INFO  storage.SnapshotManager (SnapshotManager.java:installSnapshot(89)) - Installing snapshot:s0->s2#0-t1,chunk:55d5442a-2908-486f-8009-0e40669e736e,0, to tmp dir:/home/runner/work/ratis/ratis/ratis-test/target/test/data/24296cbb/MiniRaftClusterWithGrpceae4580e/s2/04db416e-9121-4b21-a311-b9f71dac6f9c/tmp/snapshot-55d5442a-2908-486f-8009-0e40669e736e
2023-08-18 03:35:51,923 [grpc-default-executor-2] TRACE util.FileUtils (LogUtils.java:runAndLog(49)) - Successfully ran Files.createDirectories /home/runner/work/ratis/ratis/ratis-test/target/test/data/24296cbb/MiniRaftClusterWithGrpceae4580e/s1/04db416e-9121-4b21-a311-b9f71dac6f9c/tmp/snapshot-698b2d90-6b2f-4dd5-b64b-95ef052f3d74
2023-08-18 03:35:51,924 [grpc-default-executor-1] TRACE util.FileUtils (LogUtils.java:runAndLog(49)) - Successfully ran Files.createDirectories /home/runner/work/ratis/ratis/ratis-test/target/test/data/24296cbb/MiniRaftClusterWithGrpceae4580e/s2/04db416e-9121-4b21-a311-b9f71dac6f9c/tmp/snapshot-55d5442a-2908-486f-8009-0e40669e736e/snapshot
2023-08-18 03:35:51,924 [grpc-default-executor-2] INFO  storage.SnapshotManager (SnapshotManager.java:installSnapshot(89)) - Installing snapshot:s0->s1#0-t1,chunk:698b2d90-6b2f-4dd5-b64b-95ef052f3d74,0, to tmp dir:/home/runner/work/ratis/ratis/ratis-test/target/test/data/24296cbb/MiniRaftClusterWithGrpceae4580e/s1/04db416e-9121-4b21-a311-b9f71dac6f9c/tmp/snapshot-698b2d90-6b2f-4dd5-b64b-95ef052f3d74
2023-08-18 03:35:51,925 [grpc-default-executor-2] TRACE util.FileUtils (LogUtils.java:runAndLog(49)) - Successfully ran Files.createDirectories /home/runner/work/ratis/ratis/ratis-test/target/test/data/24296cbb/MiniRaftClusterWithGrpceae4580e/s1/04db416e-9121-4b21-a311-b9f71dac6f9c/tmp/snapshot-698b2d90-6b2f-4dd5-b64b-95ef052f3d74/snapshot
2023-08-18 03:35:52,008 [grpc-default-executor-2] INFO  impl.SnapshotInstallationHandler (SnapshotInstallationHandler.java:installSnapshotImpl(134)) - s1@group-B9F71DAC6F9C: set new configuration configurationEntry {
  peers {
    id: "s0"
    address: "localhost:33381"
    dataStreamAddress: "localhost:35229"
    clientAddress: "localhost:38991"
    adminAddress: "localhost:43253"
    startupRole: FOLLOWER
  }
}
 from snapshot
2023-08-18 03:35:52,008 [grpc-default-executor-2] INFO  server.RaftServer$Division (ServerState.java:setRaftConf(377)) - s1@group-B9F71DAC6F9C: set configuration 0: peers:[s0|rpc:localhost:33381|admin:localhost:43253|client:localhost:38991|dataStream:localhost:35229|priority:0|startupRole:FOLLOWER]|listeners:[], old=null
2023-08-18 03:35:52,008 [grpc-default-executor-2] INFO  impl.SnapshotInstallationHandler (SnapshotInstallationHandler.java:installSnapshot(100)) - s1@group-B9F71DAC6F9C: reply installSnapshot: s0<-s1#0:OK-t0,SUCCESS,requestIndex=0
2023-08-18 03:35:52,010 [grpc-default-executor-1] INFO  impl.SnapshotInstallationHandler (SnapshotInstallationHandler.java:installSnapshotImpl(134)) - s2@group-B9F71DAC6F9C: set new configuration configurationEntry {
  peers {
    id: "s0"
    address: "localhost:33381"
    dataStreamAddress: "localhost:35229"
    clientAddress: "localhost:38991"
    adminAddress: "localhost:43253"
    startupRole: FOLLOWER
  }
}
 from snapshot
2023-08-18 03:35:52,011 [grpc-default-executor-1] INFO  server.RaftServer$Division (ServerState.java:setRaftConf(377)) - s2@group-B9F71DAC6F9C: set configuration 0: peers:[s0|rpc:localhost:33381|admin:localhost:43253|client:localhost:38991|dataStream:localhost:35229|priority:0|startupRole:FOLLOWER]|listeners:[], old=null
2023-08-18 03:35:52,012 [grpc-default-executor-0] INFO  server.GrpcLogAppender (GrpcLogAppender.java:onNext(541)) - s0@group-B9F71DAC6F9C->s1-InstallSnapshotResponseHandler: received the first reply s0<-s1#0:OK-t0,SUCCESS,requestIndex=0
2023-08-18 03:35:52,012 [grpc-default-executor-1] INFO  impl.SnapshotInstallationHandler (SnapshotInstallationHandler.java:installSnapshot(100)) - s2@group-B9F71DAC6F9C: reply installSnapshot: s0<-s2#0:OK-t0,SUCCESS,requestIndex=0
2023-08-18 03:35:52,013 [grpc-default-executor-0] INFO  server.GrpcLogAppender (GrpcLogAppender.java:onNext(555)) - s0@group-B9F71DAC6F9C->s1-InstallSnapshotResponseHandler: Completed InstallSnapshot. Reply: serverReply {
  requestorId: "s0"
  replyId: "s1"
  raftGroupId {
    id: "\004\333An\221!K!\243\021\271\367\035\254o\234"
  }
  success: true
}
requestIndex: 0

2023-08-18 03:35:52,014 [grpc-default-executor-0] INFO  leader.FollowerInfo (FollowerInfoImpl.java:setAttemptedToInstallSnapshot(126)) - Follower s0@group-B9F71DAC6F9C->s1 acknowledged installing snapshot
2023-08-18 03:35:52,014 [grpc-default-executor-1] INFO  impl.SnapshotInstallationHandler (SnapshotInstallationHandler.java:installSnapshot(89)) - s2@group-B9F71DAC6F9C: receive installSnapshot: s0->s2#0-t1,chunk:55d5442a-2908-486f-8009-0e40669e736e,1
2023-08-18 03:35:52,014 [grpc-default-executor-1] TRACE util.FileUtils (LogUtils.java:runAndLog(49)) - Successfully ran Files.createDirectories /home/runner/work/ratis/ratis/ratis-test/target/test/data/24296cbb/MiniRaftClusterWithGrpceae4580e/s2/04db416e-9121-4b21-a311-b9f71dac6f9c/tmp/snapshot-55d5442a-2908-486f-8009-0e40669e736e
2023-08-18 03:35:52,015 [grpc-default-executor-1] INFO  storage.SnapshotManager (SnapshotManager.java:installSnapshot(89)) - Installing snapshot:s0->s2#0-t1,chunk:55d5442a-2908-486f-8009-0e40669e736e,1, to tmp dir:/home/runner/work/ratis/ratis/ratis-test/target/test/data/24296cbb/MiniRaftClusterWithGrpceae4580e/s2/04db416e-9121-4b21-a311-b9f71dac6f9c/tmp/snapshot-55d5442a-2908-486f-8009-0e40669e736e
2023-08-18 03:35:52,015 [grpc-default-executor-1] TRACE util.FileUtils (LogUtils.java:runAndLog(49)) - Successfully ran Files.createDirectories /home/runner/work/ratis/ratis/ratis-test/target/test/data/24296cbb/MiniRaftClusterWithGrpceae4580e/s2/04db416e-9121-4b21-a311-b9f71dac6f9c/tmp/snapshot-55d5442a-2908-486f-8009-0e40669e736e/snapshot/sub
2023-08-18 03:35:52,015 [grpc-default-executor-1] INFO  impl.SnapshotInstallationHandler (SnapshotInstallationHandler.java:installSnapshot(100)) - s2@group-B9F71DAC6F9C: reply installSnapshot: s0<-s2#0:OK-t1,SUCCESS,requestIndex=1
2023-08-18 03:35:52,015 [grpc-default-executor-0] INFO  server.GrpcLogAppender (GrpcLogAppender.java:onNext(541)) - s0@group-B9F71DAC6F9C->s2-InstallSnapshotResponseHandler: received the first reply s0<-s2#0:OK-t0,SUCCESS,requestIndex=0
2023-08-18 03:35:52,015 [grpc-default-executor-0] INFO  server.GrpcLogAppender (GrpcLogAppender.java:onNext(555)) - s0@group-B9F71DAC6F9C->s2-InstallSnapshotResponseHandler: Completed InstallSnapshot. Reply: serverReply {
  requestorId: "s0"
  replyId: "s2"
  raftGroupId {
    id: "\004\333An\221!K!\243\021\271\367\035\254o\234"
  }
  success: true
}
requestIndex: 0

2023-08-18 03:35:52,015 [grpc-default-executor-0] INFO  leader.FollowerInfo (FollowerInfoImpl.java:setAttemptedToInstallSnapshot(126)) - Follower s0@group-B9F71DAC6F9C->s2 acknowledged installing snapshot
2023-08-18 03:35:52,016 [grpc-default-executor-0] INFO  impl.SnapshotInstallationHandler (SnapshotInstallationHandler.java:installSnapshot(89)) - s2@group-B9F71DAC6F9C: receive installSnapshot: s0->s2#0-t1,chunk:55d5442a-2908-486f-8009-0e40669e736e,2
2023-08-18 03:35:52,016 [grpc-default-executor-0] TRACE util.FileUtils (LogUtils.java:runAndLog(49)) - Successfully ran Files.createDirectories /home/runner/work/ratis/ratis/ratis-test/target/test/data/24296cbb/MiniRaftClusterWithGrpceae4580e/s2/04db416e-9121-4b21-a311-b9f71dac6f9c/tmp/snapshot-55d5442a-2908-486f-8009-0e40669e736e
2023-08-18 03:35:52,016 [grpc-default-executor-0] INFO  storage.SnapshotManager (SnapshotManager.java:installSnapshot(89)) - Installing snapshot:s0->s2#0-t1,chunk:55d5442a-2908-486f-8009-0e40669e736e,2, to tmp dir:/home/runner/work/ratis/ratis/ratis-test/target/test/data/24296cbb/MiniRaftClusterWithGrpceae4580e/s2/04db416e-9121-4b21-a311-b9f71dac6f9c/tmp/snapshot-55d5442a-2908-486f-8009-0e40669e736e
2023-08-18 03:35:52,016 [grpc-default-executor-0] TRACE util.FileUtils (LogUtils.java:runAndLog(49)) - Successfully ran Files.createDirectories /home/runner/work/ratis/ratis/ratis-test/target/test/data/24296cbb/MiniRaftClusterWithGrpceae4580e/s2/04db416e-9121-4b21-a311-b9f71dac6f9c/tmp/snapshot-55d5442a-2908-486f-8009-0e40669e736e/snapshot/sub
2023-08-18 03:35:52,017 [grpc-default-executor-0] INFO  impl.SnapshotInstallationHandler (SnapshotInstallationHandler.java:installSnapshot(100)) - s2@group-B9F71DAC6F9C: reply installSnapshot: s0<-s2#0:OK-t1,SUCCESS,requestIndex=2
2023-08-18 03:35:52,017 [grpc-default-executor-0] INFO  impl.SnapshotInstallationHandler (SnapshotInstallationHandler.java:installSnapshot(89)) - s2@group-B9F71DAC6F9C: receive installSnapshot: s0->s2#0-t1,chunk:55d5442a-2908-486f-8009-0e40669e736e,3
2023-08-18 03:35:52,017 [grpc-default-executor-0] TRACE util.FileUtils (LogUtils.java:runAndLog(49)) - Successfully ran Files.createDirectories /home/runner/work/ratis/ratis/ratis-test/target/test/data/24296cbb/MiniRaftClusterWithGrpceae4580e/s2/04db416e-9121-4b21-a311-b9f71dac6f9c/tmp/snapshot-55d5442a-2908-486f-8009-0e40669e736e
2023-08-18 03:35:52,017 [grpc-default-executor-0] INFO  storage.SnapshotManager (SnapshotManager.java:installSnapshot(89)) - Installing snapshot:s0->s2#0-t1,chunk:55d5442a-2908-486f-8009-0e40669e736e,3, to tmp dir:/home/runner/work/ratis/ratis/ratis-test/target/test/data/24296cbb/MiniRaftClusterWithGrpceae4580e/s2/04db416e-9121-4b21-a311-b9f71dac6f9c/tmp/snapshot-55d5442a-2908-486f-8009-0e40669e736e
2023-08-18 03:35:52,018 [grpc-default-executor-0] TRACE util.FileUtils (LogUtils.java:runAndLog(49)) - Successfully ran Files.createDirectories /home/runner/work/ratis/ratis/ratis-test/target/test/data/24296cbb/MiniRaftClusterWithGrpceae4580e/s2/04db416e-9121-4b21-a311-b9f71dac6f9c/tmp/snapshot-55d5442a-2908-486f-8009-0e40669e736e/snapshot/sub
2023-08-18 03:35:52,018 [grpc-default-executor-0] INFO  impl.SnapshotInstallationHandler (SnapshotInstallationHandler.java:installSnapshot(100)) - s2@group-B9F71DAC6F9C: reply installSnapshot: s0<-s2#0:OK-t1,SUCCESS,requestIndex=3
2023-08-18 03:35:52,018 [grpc-default-executor-0] INFO  impl.SnapshotInstallationHandler (SnapshotInstallationHandler.java:installSnapshot(89)) - s2@group-B9F71DAC6F9C: receive installSnapshot: s0->s2#0-t1,chunk:55d5442a-2908-486f-8009-0e40669e736e,4
2023-08-18 03:35:52,018 [grpc-default-executor-0] TRACE util.FileUtils (LogUtils.java:runAndLog(49)) - Successfully ran Files.createDirectories /home/runner/work/ratis/ratis/ratis-test/target/test/data/24296cbb/MiniRaftClusterWithGrpceae4580e/s2/04db416e-9121-4b21-a311-b9f71dac6f9c/tmp/snapshot-55d5442a-2908-486f-8009-0e40669e736e
2023-08-18 03:35:52,019 [grpc-default-executor-0] INFO  storage.SnapshotManager (SnapshotManager.java:installSnapshot(89)) - Installing snapshot:s0->s2#0-t1,chunk:55d5442a-2908-486f-8009-0e40669e736e,4, to tmp dir:/home/runner/work/ratis/ratis/ratis-test/target/test/data/24296cbb/MiniRaftClusterWithGrpceae4580e/s2/04db416e-9121-4b21-a311-b9f71dac6f9c/tmp/snapshot-55d5442a-2908-486f-8009-0e40669e736e
2023-08-18 03:35:52,019 [grpc-default-executor-0] TRACE util.FileUtils (LogUtils.java:runAndLog(49)) - Successfully ran Files.createDirectories /home/runner/work/ratis/ratis/ratis-test/target/test/data/24296cbb/MiniRaftClusterWithGrpceae4580e/s2/04db416e-9121-4b21-a311-b9f71dac6f9c/tmp/snapshot-55d5442a-2908-486f-8009-0e40669e736e/snapshot/sub
2023-08-18 03:35:52,019 [grpc-default-executor-1] INFO  server.GrpcLogAppender (GrpcLogAppender.java:onNext(541)) - s0@group-B9F71DAC6F9C->s2-InstallSnapshotResponseHandler: received a reply s0<-s2#0:OK-t1,SUCCESS,requestIndex=1
2023-08-18 03:35:52,020 [grpc-default-executor-1] INFO  server.GrpcLogAppender (GrpcLogAppender.java:onNext(555)) - s0@group-B9F71DAC6F9C->s2-InstallSnapshotResponseHandler: Completed InstallSnapshot. Reply: serverReply {
  requestorId: "s0"
  replyId: "s2"
  raftGroupId {
    id: "\004\333An\221!K!\243\021\271\367\035\254o\234"
  }
  success: true
}
term: 1
requestIndex: 1

2023-08-18 03:35:52,020 [grpc-default-executor-1] INFO  leader.FollowerInfo (FollowerInfoImpl.java:setAttemptedToInstallSnapshot(126)) - Follower s0@group-B9F71DAC6F9C->s2 acknowledged installing snapshot
2023-08-18 03:35:52,023 [grpc-default-executor-2] INFO  impl.SnapshotInstallationHandler (SnapshotInstallationHandler.java:installSnapshot(89)) - s1@group-B9F71DAC6F9C: receive installSnapshot: s0->s1#0-t1,chunk:698b2d90-6b2f-4dd5-b64b-95ef052f3d74,1
2023-08-18 03:35:52,023 [grpc-default-executor-2] TRACE util.FileUtils (LogUtils.java:runAndLog(49)) - Successfully ran Files.createDirectories /home/runner/work/ratis/ratis/ratis-test/target/test/data/24296cbb/MiniRaftClusterWithGrpceae4580e/s1/04db416e-9121-4b21-a311-b9f71dac6f9c/tmp/snapshot-698b2d90-6b2f-4dd5-b64b-95ef052f3d74
2023-08-18 03:35:52,023 [grpc-default-executor-2] INFO  storage.SnapshotManager (SnapshotManager.java:installSnapshot(89)) - Installing snapshot:s0->s1#0-t1,chunk:698b2d90-6b2f-4dd5-b64b-95ef052f3d74,1, to tmp dir:/home/runner/work/ratis/ratis/ratis-test/target/test/data/24296cbb/MiniRaftClusterWithGrpceae4580e/s1/04db416e-9121-4b21-a311-b9f71dac6f9c/tmp/snapshot-698b2d90-6b2f-4dd5-b64b-95ef052f3d74
2023-08-18 03:35:52,024 [grpc-default-executor-2] TRACE util.FileUtils (LogUtils.java:runAndLog(49)) - Successfully ran Files.createDirectories /home/runner/work/ratis/ratis/ratis-test/target/test/data/24296cbb/MiniRaftClusterWithGrpceae4580e/s1/04db416e-9121-4b21-a311-b9f71dac6f9c/tmp/snapshot-698b2d90-6b2f-4dd5-b64b-95ef052f3d74/snapshot/sub
2023-08-18 03:35:52,024 [grpc-default-executor-2] INFO  impl.SnapshotInstallationHandler (SnapshotInstallationHandler.java:installSnapshot(100)) - s1@group-B9F71DAC6F9C: reply installSnapshot: s0<-s1#0:OK-t1,SUCCESS,requestIndex=1
2023-08-18 03:35:52,024 [grpc-default-executor-0] INFO  impl.SnapshotInstallationHandler (SnapshotInstallationHandler.java:installSnapshot(100)) - s2@group-B9F71DAC6F9C: reply installSnapshot: s0<-s2#0:OK-t1,SUCCESS,requestIndex=4
2023-08-18 03:35:52,025 [grpc-default-executor-1] INFO  server.GrpcLogAppender (GrpcLogAppender.java:onNext(541)) - s0@group-B9F71DAC6F9C->s1-InstallSnapshotResponseHandler: received a reply s0<-s1#0:OK-t1,SUCCESS,requestIndex=1
2023-08-18 03:35:52,025 [grpc-default-executor-1] INFO  server.GrpcLogAppender (GrpcLogAppender.java:onNext(555)) - s0@group-B9F71DAC6F9C->s1-InstallSnapshotResponseHandler: Completed InstallSnapshot. Reply: serverReply {
  requestorId: "s0"
  replyId: "s1"
  raftGroupId {
    id: "\004\333An\221!K!\243\021\271\367\035\254o\234"
  }
  success: true
}
term: 1
requestIndex: 1

2023-08-18 03:35:52,025 [grpc-default-executor-1] INFO  leader.FollowerInfo (FollowerInfoImpl.java:setAttemptedToInstallSnapshot(126)) - Follower s0@group-B9F71DAC6F9C->s1 acknowledged installing snapshot
2023-08-18 03:35:52,025 [grpc-default-executor-2] INFO  impl.SnapshotInstallationHandler (SnapshotInstallationHandler.java:installSnapshot(89)) - s1@group-B9F71DAC6F9C: receive installSnapshot: s0->s1#0-t1,chunk:698b2d90-6b2f-4dd5-b64b-95ef052f3d74,2
2023-08-18 03:35:52,025 [grpc-default-executor-2] TRACE util.FileUtils (LogUtils.java:runAndLog(49)) - Successfully ran Files.createDirectories /home/runner/work/ratis/ratis/ratis-test/target/test/data/24296cbb/MiniRaftClusterWithGrpceae4580e/s1/04db416e-9121-4b21-a311-b9f71dac6f9c/tmp/snapshot-698b2d90-6b2f-4dd5-b64b-95ef052f3d74
2023-08-18 03:35:52,025 [grpc-default-executor-2] INFO  storage.SnapshotManager (SnapshotManager.java:installSnapshot(89)) - Installing snapshot:s0->s1#0-t1,chunk:698b2d90-6b2f-4dd5-b64b-95ef052f3d74,2, to tmp dir:/home/runner/work/ratis/ratis/ratis-test/target/test/data/24296cbb/MiniRaftClusterWithGrpceae4580e/s1/04db416e-9121-4b21-a311-b9f71dac6f9c/tmp/snapshot-698b2d90-6b2f-4dd5-b64b-95ef052f3d74
2023-08-18 03:35:52,025 [grpc-default-executor-2] TRACE util.FileUtils (LogUtils.java:runAndLog(49)) - Successfully ran Files.createDirectories /home/runner/work/ratis/ratis/ratis-test/target/test/data/24296cbb/MiniRaftClusterWithGrpceae4580e/s1/04db416e-9121-4b21-a311-b9f71dac6f9c/tmp/snapshot-698b2d90-6b2f-4dd5-b64b-95ef052f3d74/snapshot/sub
2023-08-18 03:35:52,025 [grpc-default-executor-2] INFO  impl.SnapshotInstallationHandler (SnapshotInstallationHandler.java:installSnapshot(100)) - s1@group-B9F71DAC6F9C: reply installSnapshot: s0<-s1#0:OK-t1,SUCCESS,requestIndex=2
2023-08-18 03:35:52,026 [grpc-default-executor-1] INFO  server.GrpcLogAppender (GrpcLogAppender.java:onNext(541)) - s0@group-B9F71DAC6F9C->s1-InstallSnapshotResponseHandler: received a reply s0<-s1#0:OK-t1,SUCCESS,requestIndex=2
2023-08-18 03:35:52,026 [grpc-default-executor-1] INFO  server.GrpcLogAppender (GrpcLogAppender.java:onNext(555)) - s0@group-B9F71DAC6F9C->s1-InstallSnapshotResponseHandler: Completed InstallSnapshot. Reply: serverReply {
  requestorId: "s0"
  replyId: "s1"
  raftGroupId {
    id: "\004\333An\221!K!\243\021\271\367\035\254o\234"
  }
  success: true
}
term: 1
requestIndex: 2

2023-08-18 03:35:52,026 [grpc-default-executor-1] INFO  leader.FollowerInfo (FollowerInfoImpl.java:setAttemptedToInstallSnapshot(126)) - Follower s0@group-B9F71DAC6F9C->s1 acknowledged installing snapshot
2023-08-18 03:35:52,027 [grpc-default-executor-0] INFO  server.GrpcLogAppender (GrpcLogAppender.java:onNext(541)) - s0@group-B9F71DAC6F9C->s2-InstallSnapshotResponseHandler: received a reply s0<-s2#0:OK-t1,SUCCESS,requestIndex=2
2023-08-18 03:35:52,027 [grpc-default-executor-0] INFO  server.GrpcLogAppender (GrpcLogAppender.java:onNext(555)) - s0@group-B9F71DAC6F9C->s2-InstallSnapshotResponseHandler: Completed InstallSnapshot. Reply: serverReply {
  requestorId: "s0"
  replyId: "s2"
  raftGroupId {
    id: "\004\333An\221!K!\243\021\271\367\035\254o\234"
  }
  success: true
}
term: 1
requestIndex: 2

2023-08-18 03:35:52,027 [grpc-default-executor-0] INFO  leader.FollowerInfo (FollowerInfoImpl.java:setAttemptedToInstallSnapshot(126)) - Follower s0@group-B9F71DAC6F9C->s2 acknowledged installing snapshot
2023-08-18 03:35:52,029 [grpc-default-executor-2] INFO  impl.SnapshotInstallationHandler (SnapshotInstallationHandler.java:installSnapshot(89)) - s1@group-B9F71DAC6F9C: receive installSnapshot: s0->s1#0-t1,chunk:698b2d90-6b2f-4dd5-b64b-95ef052f3d74,3
2023-08-18 03:35:52,029 [grpc-default-executor-2] TRACE util.FileUtils (LogUtils.java:runAndLog(49)) - Successfully ran Files.createDirectories /home/runner/work/ratis/ratis/ratis-test/target/test/data/24296cbb/MiniRaftClusterWithGrpceae4580e/s1/04db416e-9121-4b21-a311-b9f71dac6f9c/tmp/snapshot-698b2d90-6b2f-4dd5-b64b-95ef052f3d74
2023-08-18 03:35:52,030 [grpc-default-executor-2] INFO  storage.SnapshotManager (SnapshotManager.java:installSnapshot(89)) - Installing snapshot:s0->s1#0-t1,chunk:698b2d90-6b2f-4dd5-b64b-95ef052f3d74,3, to tmp dir:/home/runner/work/ratis/ratis/ratis-test/target/test/data/24296cbb/MiniRaftClusterWithGrpceae4580e/s1/04db416e-9121-4b21-a311-b9f71dac6f9c/tmp/snapshot-698b2d90-6b2f-4dd5-b64b-95ef052f3d74
2023-08-18 03:35:52,030 [grpc-default-executor-2] TRACE util.FileUtils (LogUtils.java:runAndLog(49)) - Successfully ran Files.createDirectories /home/runner/work/ratis/ratis/ratis-test/target/test/data/24296cbb/MiniRaftClusterWithGrpceae4580e/s1/04db416e-9121-4b21-a311-b9f71dac6f9c/tmp/snapshot-698b2d90-6b2f-4dd5-b64b-95ef052f3d74/snapshot/sub
2023-08-18 03:35:52,030 [grpc-default-executor-2] INFO  impl.SnapshotInstallationHandler (SnapshotInstallationHandler.java:installSnapshot(100)) - s1@group-B9F71DAC6F9C: reply installSnapshot: s0<-s1#0:OK-t1,SUCCESS,requestIndex=3
2023-08-18 03:35:52,030 [grpc-default-executor-0] INFO  server.GrpcLogAppender (GrpcLogAppender.java:onNext(541)) - s0@group-B9F71DAC6F9C->s1-InstallSnapshotResponseHandler: received a reply s0<-s1#0:OK-t1,SUCCESS,requestIndex=3
2023-08-18 03:35:52,031 [grpc-default-executor-0] INFO  server.GrpcLogAppender (GrpcLogAppender.java:onNext(555)) - s0@group-B9F71DAC6F9C->s1-InstallSnapshotResponseHandler: Completed InstallSnapshot. Reply: serverReply {
  requestorId: "s0"
  replyId: "s1"
  raftGroupId {
    id: "\004\333An\221!K!\243\021\271\367\035\254o\234"
  }
  success: true
}
term: 1
requestIndex: 3

2023-08-18 03:35:52,031 [grpc-default-executor-0] INFO  leader.FollowerInfo (FollowerInfoImpl.java:setAttemptedToInstallSnapshot(126)) - Follower s0@group-B9F71DAC6F9C->s1 acknowledged installing snapshot
2023-08-18 03:35:52,031 [grpc-default-executor-0] INFO  server.GrpcLogAppender (GrpcLogAppender.java:onNext(541)) - s0@group-B9F71DAC6F9C->s2-InstallSnapshotResponseHandler: received a reply s0<-s2#0:OK-t1,SUCCESS,requestIndex=3
2023-08-18 03:35:52,033 [grpc-default-executor-3] INFO  impl.SnapshotInstallationHandler (SnapshotInstallationHandler.java:installSnapshot(89)) - s2@group-B9F71DAC6F9C: receive installSnapshot: s0->s2#0-t1,chunk:55d5442a-2908-486f-8009-0e40669e736e,5
2023-08-18 03:35:52,033 [grpc-default-executor-2] INFO  impl.SnapshotInstallationHandler (SnapshotInstallationHandler.java:installSnapshot(89)) - s1@group-B9F71DAC6F9C: receive installSnapshot: s0->s1#0-t1,chunk:698b2d90-6b2f-4dd5-b64b-95ef052f3d74,4
2023-08-18 03:35:52,033 [grpc-default-executor-2] TRACE util.FileUtils (LogUtils.java:runAndLog(49)) - Successfully ran Files.createDirectories /home/runner/work/ratis/ratis/ratis-test/target/test/data/24296cbb/MiniRaftClusterWithGrpceae4580e/s1/04db416e-9121-4b21-a311-b9f71dac6f9c/tmp/snapshot-698b2d90-6b2f-4dd5-b64b-95ef052f3d74
2023-08-18 03:35:52,033 [grpc-default-executor-2] INFO  storage.SnapshotManager (SnapshotManager.java:installSnapshot(89)) - Installing snapshot:s0->s1#0-t1,chunk:698b2d90-6b2f-4dd5-b64b-95ef052f3d74,4, to tmp dir:/home/runner/work/ratis/ratis/ratis-test/target/test/data/24296cbb/MiniRaftClusterWithGrpceae4580e/s1/04db416e-9121-4b21-a311-b9f71dac6f9c/tmp/snapshot-698b2d90-6b2f-4dd5-b64b-95ef052f3d74
2023-08-18 03:35:52,033 [grpc-default-executor-3] TRACE util.FileUtils (LogUtils.java:runAndLog(49)) - Successfully ran Files.createDirectories /home/runner/work/ratis/ratis/ratis-test/target/test/data/24296cbb/MiniRaftClusterWithGrpceae4580e/s2/04db416e-9121-4b21-a311-b9f71dac6f9c/tmp/snapshot-55d5442a-2908-486f-8009-0e40669e736e
2023-08-18 03:35:52,033 [grpc-default-executor-3] INFO  storage.SnapshotManager (SnapshotManager.java:installSnapshot(89)) - Installing snapshot:s0->s2#0-t1,chunk:55d5442a-2908-486f-8009-0e40669e736e,5, to tmp dir:/home/runner/work/ratis/ratis/ratis-test/target/test/data/24296cbb/MiniRaftClusterWithGrpceae4580e/s2/04db416e-9121-4b21-a311-b9f71dac6f9c/tmp/snapshot-55d5442a-2908-486f-8009-0e40669e736e
2023-08-18 03:35:52,033 [grpc-default-executor-2] TRACE util.FileUtils (LogUtils.java:runAndLog(49)) - Successfully ran Files.createDirectories /home/runner/work/ratis/ratis/ratis-test/target/test/data/24296cbb/MiniRaftClusterWithGrpceae4580e/s1/04db416e-9121-4b21-a311-b9f71dac6f9c/tmp/snapshot-698b2d90-6b2f-4dd5-b64b-95ef052f3d74/snapshot/sub
2023-08-18 03:35:52,033 [grpc-default-executor-3] TRACE util.FileUtils (LogUtils.java:runAndLog(49)) - Successfully ran Files.createDirectories /home/runner/work/ratis/ratis/ratis-test/target/test/data/24296cbb/MiniRaftClusterWithGrpceae4580e/s2/04db416e-9121-4b21-a311-b9f71dac6f9c/tmp/snapshot-55d5442a-2908-486f-8009-0e40669e736e
2023-08-18 03:35:52,034 [grpc-default-executor-3] INFO  impl.SnapshotInstallationHandler (SnapshotInstallationHandler.java:installSnapshot(100)) - s2@group-B9F71DAC6F9C: reply installSnapshot: s0<-s2#0:OK-t1,SUCCESS,requestIndex=5
2023-08-18 03:35:52,033 [grpc-default-executor-0] INFO  server.GrpcLogAppender (GrpcLogAppender.java:onNext(555)) - s0@group-B9F71DAC6F9C->s2-InstallSnapshotResponseHandler: Completed InstallSnapshot. Reply: serverReply {
  requestorId: "s0"
  replyId: "s2"
  raftGroupId {
    id: "\004\333An\221!K!\243\021\271\367\035\254o\234"
  }
  success: true
}
term: 1
requestIndex: 3

2023-08-18 03:35:52,034 [grpc-default-executor-0] INFO  leader.FollowerInfo (FollowerInfoImpl.java:setAttemptedToInstallSnapshot(126)) - Follower s0@group-B9F71DAC6F9C->s2 acknowledged installing snapshot
2023-08-18 03:35:52,034 [grpc-default-executor-0] INFO  server.GrpcLogAppender (GrpcLogAppender.java:onNext(541)) - s0@group-B9F71DAC6F9C->s2-InstallSnapshotResponseHandler: received a reply s0<-s2#0:OK-t1,SUCCESS,requestIndex=4
2023-08-18 03:35:52,035 [grpc-default-executor-2] INFO  impl.SnapshotInstallationHandler (SnapshotInstallationHandler.java:installSnapshot(100)) - s1@group-B9F71DAC6F9C: reply installSnapshot: s0<-s1#0:OK-t1,SUCCESS,requestIndex=4
2023-08-18 03:35:52,035 [grpc-default-executor-0] INFO  server.GrpcLogAppender (GrpcLogAppender.java:onNext(555)) - s0@group-B9F71DAC6F9C->s2-InstallSnapshotResponseHandler: Completed InstallSnapshot. Reply: serverReply {
  requestorId: "s0"
  replyId: "s2"
  raftGroupId {
    id: "\004\333An\221!K!\243\021\271\367\035\254o\234"
  }
  success: true
}
term: 1
requestIndex: 4

2023-08-18 03:35:52,035 [grpc-default-executor-0] INFO  leader.FollowerInfo (FollowerInfoImpl.java:setAttemptedToInstallSnapshot(126)) - Follower s0@group-B9F71DAC6F9C->s2 acknowledged installing snapshot
2023-08-18 03:35:52,035 [grpc-default-executor-0] INFO  server.GrpcLogAppender (GrpcLogAppender.java:onNext(541)) - s0@group-B9F71DAC6F9C->s2-InstallSnapshotResponseHandler: received a reply s0<-s2#0:OK-t1,SUCCESS,requestIndex=5
2023-08-18 03:35:52,035 [grpc-default-executor-1] INFO  server.GrpcLogAppender (GrpcLogAppender.java:onNext(541)) - s0@group-B9F71DAC6F9C->s1-InstallSnapshotResponseHandler: received a reply s0<-s1#0:OK-t1,SUCCESS,requestIndex=4
2023-08-18 03:35:52,035 [grpc-default-executor-0] INFO  server.GrpcLogAppender (GrpcLogAppender.java:onNext(555)) - s0@group-B9F71DAC6F9C->s2-InstallSnapshotResponseHandler: Completed InstallSnapshot. Reply: serverReply {
  requestorId: "s0"
  replyId: "s2"
  raftGroupId {
    id: "\004\333An\221!K!\243\021\271\367\035\254o\234"
  }
  success: true
}
term: 1
requestIndex: 5

2023-08-18 03:35:52,035 [grpc-default-executor-0] INFO  leader.FollowerInfo (FollowerInfoImpl.java:setAttemptedToInstallSnapshot(126)) - Follower s0@group-B9F71DAC6F9C->s2 acknowledged installing snapshot
2023-08-18 03:35:52,035 [grpc-default-executor-1] INFO  server.GrpcLogAppender (GrpcLogAppender.java:onNext(555)) - s0@group-B9F71DAC6F9C->s1-InstallSnapshotResponseHandler: Completed InstallSnapshot. Reply: serverReply {
  requestorId: "s0"
  replyId: "s1"
  raftGroupId {
    id: "\004\333An\221!K!\243\021\271\367\035\254o\234"
  }
  success: true
}
term: 1
requestIndex: 4

2023-08-18 03:35:52,036 [grpc-default-executor-1] INFO  leader.FollowerInfo (FollowerInfoImpl.java:setAttemptedToInstallSnapshot(126)) - Follower s0@group-B9F71DAC6F9C->s1 acknowledged installing snapshot
2023-08-18 03:35:52,036 [grpc-default-executor-2] INFO  impl.SnapshotInstallationHandler (SnapshotInstallationHandler.java:installSnapshot(89)) - s1@group-B9F71DAC6F9C: receive installSnapshot: s0->s1#0-t1,chunk:698b2d90-6b2f-4dd5-b64b-95ef052f3d74,5
2023-08-18 03:35:52,036 [grpc-default-executor-2] TRACE util.FileUtils (LogUtils.java:runAndLog(49)) - Successfully ran Files.createDirectories /home/runner/work/ratis/ratis/ratis-test/target/test/data/24296cbb/MiniRaftClusterWithGrpceae4580e/s1/04db416e-9121-4b21-a311-b9f71dac6f9c/tmp/snapshot-698b2d90-6b2f-4dd5-b64b-95ef052f3d74
2023-08-18 03:35:52,036 [grpc-default-executor-2] INFO  storage.SnapshotManager (SnapshotManager.java:installSnapshot(89)) - Installing snapshot:s0->s1#0-t1,chunk:698b2d90-6b2f-4dd5-b64b-95ef052f3d74,5, to tmp dir:/home/runner/work/ratis/ratis/ratis-test/target/test/data/24296cbb/MiniRaftClusterWithGrpceae4580e/s1/04db416e-9121-4b21-a311-b9f71dac6f9c/tmp/snapshot-698b2d90-6b2f-4dd5-b64b-95ef052f3d74
2023-08-18 03:35:52,036 [grpc-default-executor-2] TRACE util.FileUtils (LogUtils.java:runAndLog(49)) - Successfully ran Files.createDirectories /home/runner/work/ratis/ratis/ratis-test/target/test/data/24296cbb/MiniRaftClusterWithGrpceae4580e/s1/04db416e-9121-4b21-a311-b9f71dac6f9c/tmp/snapshot-698b2d90-6b2f-4dd5-b64b-95ef052f3d74
2023-08-18 03:35:52,036 [grpc-default-executor-2] INFO  impl.SnapshotInstallationHandler (SnapshotInstallationHandler.java:installSnapshot(100)) - s1@group-B9F71DAC6F9C: reply installSnapshot: s0<-s1#0:OK-t1,SUCCESS,requestIndex=5
2023-08-18 03:35:52,037 [grpc-default-executor-1] INFO  server.GrpcLogAppender (GrpcLogAppender.java:onNext(541)) - s0@group-B9F71DAC6F9C->s1-InstallSnapshotResponseHandler: received a reply s0<-s1#0:OK-t1,SUCCESS,requestIndex=5
2023-08-18 03:35:52,037 [grpc-default-executor-1] INFO  server.GrpcLogAppender (GrpcLogAppender.java:onNext(555)) - s0@group-B9F71DAC6F9C->s1-InstallSnapshotResponseHandler: Completed InstallSnapshot. Reply: serverReply {
  requestorId: "s0"
  replyId: "s1"
  raftGroupId {
    id: "\004\333An\221!K!\243\021\271\367\035\254o\234"
  }
  success: true
}
term: 1
requestIndex: 5

2023-08-18 03:35:52,037 [grpc-default-executor-1] INFO  leader.FollowerInfo (FollowerInfoImpl.java:setAttemptedToInstallSnapshot(126)) - Follower s0@group-B9F71DAC6F9C->s1 acknowledged installing snapshot
2023-08-18 03:35:52,037 [grpc-default-executor-2] INFO  impl.SnapshotInstallationHandler (SnapshotInstallationHandler.java:installSnapshot(89)) - s1@group-B9F71DAC6F9C: receive installSnapshot: s0->s1#0-t1,chunk:698b2d90-6b2f-4dd5-b64b-95ef052f3d74,6
2023-08-18 03:35:52,037 [grpc-default-executor-2] TRACE util.FileUtils (LogUtils.java:runAndLog(49)) - Successfully ran Files.createDirectories /home/runner/work/ratis/ratis/ratis-test/target/test/data/24296cbb/MiniRaftClusterWithGrpceae4580e/s1/04db416e-9121-4b21-a311-b9f71dac6f9c/tmp/snapshot-698b2d90-6b2f-4dd5-b64b-95ef052f3d74
2023-08-18 03:35:52,038 [grpc-default-executor-2] INFO  storage.SnapshotManager (SnapshotManager.java:installSnapshot(89)) - Installing snapshot:s0->s1#0-t1,chunk:698b2d90-6b2f-4dd5-b64b-95ef052f3d74,6, to tmp dir:/home/runner/work/ratis/ratis/ratis-test/target/test/data/24296cbb/MiniRaftClusterWithGrpceae4580e/s1/04db416e-9121-4b21-a311-b9f71dac6f9c/tmp/snapshot-698b2d90-6b2f-4dd5-b64b-95ef052f3d74
2023-08-18 03:35:52,038 [grpc-default-executor-2] TRACE util.FileUtils (LogUtils.java:runAndLog(49)) - Successfully ran Files.createDirectories /home/runner/work/ratis/ratis/ratis-test/target/test/data/24296cbb/MiniRaftClusterWithGrpceae4580e/s1/04db416e-9121-4b21-a311-b9f71dac6f9c/tmp/snapshot-698b2d90-6b2f-4dd5-b64b-95ef052f3d74
2023-08-18 03:35:52,038 [grpc-default-executor-2] INFO  impl.SnapshotInstallationHandler (SnapshotInstallationHandler.java:installSnapshot(100)) - s1@group-B9F71DAC6F9C: reply installSnapshot: s0<-s1#0:OK-t1,SUCCESS,requestIndex=6
2023-08-18 03:35:52,038 [grpc-default-executor-1] INFO  server.GrpcLogAppender (GrpcLogAppender.java:onNext(541)) - s0@group-B9F71DAC6F9C->s1-InstallSnapshotResponseHandler: received a reply s0<-s1#0:OK-t1,SUCCESS,requestIndex=6
2023-08-18 03:35:52,038 [grpc-default-executor-1] INFO  server.GrpcLogAppender (GrpcLogAppender.java:onNext(555)) - s0@group-B9F71DAC6F9C->s1-InstallSnapshotResponseHandler: Completed InstallSnapshot. Reply: serverReply {
  requestorId: "s0"
  replyId: "s1"
  raftGroupId {
    id: "\004\333An\221!K!\243\021\271\367\035\254o\234"
  }
  success: true
}
term: 1
requestIndex: 6

2023-08-18 03:35:52,038 [grpc-default-executor-3] INFO  impl.SnapshotInstallationHandler (SnapshotInstallationHandler.java:installSnapshot(89)) - s2@group-B9F71DAC6F9C: receive installSnapshot: s0->s2#0-t1,chunk:55d5442a-2908-486f-8009-0e40669e736e,6
2023-08-18 03:35:52,039 [grpc-default-executor-1] INFO  leader.FollowerInfo (FollowerInfoImpl.java:setAttemptedToInstallSnapshot(126)) - Follower s0@group-B9F71DAC6F9C->s1 acknowledged installing snapshot
2023-08-18 03:35:52,039 [grpc-default-executor-2] INFO  impl.SnapshotInstallationHandler (SnapshotInstallationHandler.java:installSnapshot(89)) - s1@group-B9F71DAC6F9C: receive installSnapshot: s0->s1#0-t1,chunk:698b2d90-6b2f-4dd5-b64b-95ef052f3d74,7
2023-08-18 03:35:52,039 [grpc-default-executor-3] TRACE util.FileUtils (LogUtils.java:runAndLog(49)) - Successfully ran Files.createDirectories /home/runner/work/ratis/ratis/ratis-test/target/test/data/24296cbb/MiniRaftClusterWithGrpceae4580e/s2/04db416e-9121-4b21-a311-b9f71dac6f9c/tmp/snapshot-55d5442a-2908-486f-8009-0e40669e736e
2023-08-18 03:35:52,039 [grpc-default-executor-3] INFO  storage.SnapshotManager (SnapshotManager.java:installSnapshot(89)) - Installing snapshot:s0->s2#0-t1,chunk:55d5442a-2908-486f-8009-0e40669e736e,6, to tmp dir:/home/runner/work/ratis/ratis/ratis-test/target/test/data/24296cbb/MiniRaftClusterWithGrpceae4580e/s2/04db416e-9121-4b21-a311-b9f71dac6f9c/tmp/snapshot-55d5442a-2908-486f-8009-0e40669e736e
2023-08-18 03:35:52,039 [grpc-default-executor-2] TRACE util.FileUtils (LogUtils.java:runAndLog(49)) - Successfully ran Files.createDirectories /home/runner/work/ratis/ratis/ratis-test/target/test/data/24296cbb/MiniRaftClusterWithGrpceae4580e/s1/04db416e-9121-4b21-a311-b9f71dac6f9c/tmp/snapshot-698b2d90-6b2f-4dd5-b64b-95ef052f3d74
2023-08-18 03:35:52,039 [grpc-default-executor-2] INFO  storage.SnapshotManager (SnapshotManager.java:installSnapshot(89)) - Installing snapshot:s0->s1#0-t1,chunk:698b2d90-6b2f-4dd5-b64b-95ef052f3d74,7, to tmp dir:/home/runner/work/ratis/ratis/ratis-test/target/test/data/24296cbb/MiniRaftClusterWithGrpceae4580e/s1/04db416e-9121-4b21-a311-b9f71dac6f9c/tmp/snapshot-698b2d90-6b2f-4dd5-b64b-95ef052f3d74
2023-08-18 03:35:52,039 [grpc-default-executor-3] TRACE util.FileUtils (LogUtils.java:runAndLog(49)) - Successfully ran Files.createDirectories /home/runner/work/ratis/ratis/ratis-test/target/test/data/24296cbb/MiniRaftClusterWithGrpceae4580e/s2/04db416e-9121-4b21-a311-b9f71dac6f9c/tmp/snapshot-55d5442a-2908-486f-8009-0e40669e736e
2023-08-18 03:35:52,039 [grpc-default-executor-2] TRACE util.FileUtils (LogUtils.java:runAndLog(49)) - Successfully ran Files.createDirectories /home/runner/work/ratis/ratis/ratis-test/target/test/data/24296cbb/MiniRaftClusterWithGrpceae4580e/s1/04db416e-9121-4b21-a311-b9f71dac6f9c/tmp/snapshot-698b2d90-6b2f-4dd5-b64b-95ef052f3d74
2023-08-18 03:35:52,039 [grpc-default-executor-3] INFO  impl.SnapshotInstallationHandler (SnapshotInstallationHandler.java:installSnapshot(100)) - s2@group-B9F71DAC6F9C: reply installSnapshot: s0<-s2#0:OK-t1,SUCCESS,requestIndex=6
2023-08-18 03:35:52,039 [grpc-default-executor-2] INFO  impl.SnapshotInstallationHandler (SnapshotInstallationHandler.java:installSnapshot(100)) - s1@group-B9F71DAC6F9C: reply installSnapshot: s0<-s1#0:OK-t1,SUCCESS,requestIndex=7
2023-08-18 03:35:52,040 [grpc-default-executor-1] INFO  server.GrpcLogAppender (GrpcLogAppender.java:onNext(541)) - s0@group-B9F71DAC6F9C->s2-InstallSnapshotResponseHandler: received a reply s0<-s2#0:OK-t1,SUCCESS,requestIndex=6
2023-08-18 03:35:52,040 [grpc-default-executor-1] INFO  server.GrpcLogAppender (GrpcLogAppender.java:onNext(555)) - s0@group-B9F71DAC6F9C->s2-InstallSnapshotResponseHandler: Completed InstallSnapshot. Reply: serverReply {
  requestorId: "s0"
  replyId: "s2"
  raftGroupId {
    id: "\004\333An\221!K!\243\021\271\367\035\254o\234"
  }
  success: true
}
term: 1
requestIndex: 6

2023-08-18 03:35:52,040 [grpc-default-executor-1] INFO  leader.FollowerInfo (FollowerInfoImpl.java:setAttemptedToInstallSnapshot(126)) - Follower s0@group-B9F71DAC6F9C->s2 acknowledged installing snapshot
2023-08-18 03:35:52,040 [grpc-default-executor-0] INFO  server.GrpcLogAppender (GrpcLogAppender.java:onNext(541)) - s0@group-B9F71DAC6F9C->s1-InstallSnapshotResponseHandler: received a reply s0<-s1#0:OK-t1,SUCCESS,requestIndex=7
2023-08-18 03:35:52,040 [grpc-default-executor-0] INFO  server.GrpcLogAppender (GrpcLogAppender.java:onNext(555)) - s0@group-B9F71DAC6F9C->s1-InstallSnapshotResponseHandler: Completed InstallSnapshot. Reply: serverReply {
  requestorId: "s0"
  replyId: "s1"
  raftGroupId {
    id: "\004\333An\221!K!\243\021\271\367\035\254o\234"
  }
  success: true
}
term: 1
requestIndex: 7

2023-08-18 03:35:52,040 [grpc-default-executor-0] INFO  leader.FollowerInfo (FollowerInfoImpl.java:setAttemptedToInstallSnapshot(126)) - Follower s0@group-B9F71DAC6F9C->s1 acknowledged installing snapshot
2023-08-18 03:35:52,041 [grpc-default-executor-3] INFO  impl.SnapshotInstallationHandler (SnapshotInstallationHandler.java:installSnapshot(89)) - s2@group-B9F71DAC6F9C: receive installSnapshot: s0->s2#0-t1,chunk:55d5442a-2908-486f-8009-0e40669e736e,7
2023-08-18 03:35:52,041 [grpc-default-executor-2] INFO  impl.SnapshotInstallationHandler (SnapshotInstallationHandler.java:installSnapshot(89)) - s1@group-B9F71DAC6F9C: receive installSnapshot: s0->s1#0-t1,chunk:698b2d90-6b2f-4dd5-b64b-95ef052f3d74,8
2023-08-18 03:35:52,041 [grpc-default-executor-3] TRACE util.FileUtils (LogUtils.java:runAndLog(49)) - Successfully ran Files.createDirectories /home/runner/work/ratis/ratis/ratis-test/target/test/data/24296cbb/MiniRaftClusterWithGrpceae4580e/s2/04db416e-9121-4b21-a311-b9f71dac6f9c/tmp/snapshot-55d5442a-2908-486f-8009-0e40669e736e
2023-08-18 03:35:52,041 [grpc-default-executor-2] TRACE util.FileUtils (LogUtils.java:runAndLog(49)) - Successfully ran Files.createDirectories /home/runner/work/ratis/ratis/ratis-test/target/test/data/24296cbb/MiniRaftClusterWithGrpceae4580e/s1/04db416e-9121-4b21-a311-b9f71dac6f9c/tmp/snapshot-698b2d90-6b2f-4dd5-b64b-95ef052f3d74
2023-08-18 03:35:52,041 [grpc-default-executor-3] INFO  storage.SnapshotManager (SnapshotManager.java:installSnapshot(89)) - Installing snapshot:s0->s2#0-t1,chunk:55d5442a-2908-486f-8009-0e40669e736e,7, to tmp dir:/home/runner/work/ratis/ratis/ratis-test/target/test/data/24296cbb/MiniRaftClusterWithGrpceae4580e/s2/04db416e-9121-4b21-a311-b9f71dac6f9c/tmp/snapshot-55d5442a-2908-486f-8009-0e40669e736e
2023-08-18 03:35:52,041 [grpc-default-executor-2] INFO  storage.SnapshotManager (SnapshotManager.java:installSnapshot(89)) - Installing snapshot:s0->s1#0-t1,chunk:698b2d90-6b2f-4dd5-b64b-95ef052f3d74,8, to tmp dir:/home/runner/work/ratis/ratis/ratis-test/target/test/data/24296cbb/MiniRaftClusterWithGrpceae4580e/s1/04db416e-9121-4b21-a311-b9f71dac6f9c/tmp/snapshot-698b2d90-6b2f-4dd5-b64b-95ef052f3d74
2023-08-18 03:35:52,041 [grpc-default-executor-3] TRACE util.FileUtils (LogUtils.java:runAndLog(49)) - Successfully ran Files.createDirectories /home/runner/work/ratis/ratis/ratis-test/target/test/data/24296cbb/MiniRaftClusterWithGrpceae4580e/s2/04db416e-9121-4b21-a311-b9f71dac6f9c/tmp/snapshot-55d5442a-2908-486f-8009-0e40669e736e
2023-08-18 03:35:52,041 [grpc-default-executor-2] TRACE util.FileUtils (LogUtils.java:runAndLog(49)) - Successfully ran Files.createDirectories /home/runner/work/ratis/ratis/ratis-test/target/test/data/24296cbb/MiniRaftClusterWithGrpceae4580e/s1/04db416e-9121-4b21-a311-b9f71dac6f9c/tmp/snapshot-698b2d90-6b2f-4dd5-b64b-95ef052f3d74
2023-08-18 03:35:52,041 [grpc-default-executor-3] INFO  impl.SnapshotInstallationHandler (SnapshotInstallationHandler.java:installSnapshot(100)) - s2@group-B9F71DAC6F9C: reply installSnapshot: s0<-s2#0:OK-t1,SUCCESS,requestIndex=7
2023-08-18 03:35:52,041 [grpc-default-executor-2] INFO  impl.SnapshotInstallationHandler (SnapshotInstallationHandler.java:installSnapshot(100)) - s1@group-B9F71DAC6F9C: reply installSnapshot: s0<-s1#0:OK-t1,SUCCESS,requestIndex=8
2023-08-18 03:35:52,042 [grpc-default-executor-0] INFO  server.GrpcLogAppender (GrpcLogAppender.java:onNext(541)) - s0@group-B9F71DAC6F9C->s2-InstallSnapshotResponseHandler: received a reply s0<-s2#0:OK-t1,SUCCESS,requestIndex=7
2023-08-18 03:35:52,042 [grpc-default-executor-1] INFO  server.GrpcLogAppender (GrpcLogAppender.java:onNext(541)) - s0@group-B9F71DAC6F9C->s1-InstallSnapshotResponseHandler: received a reply s0<-s1#0:OK-t1,SUCCESS,requestIndex=8
2023-08-18 03:35:52,044 [grpc-default-executor-0] INFO  server.GrpcLogAppender (GrpcLogAppender.java:onNext(555)) - s0@group-B9F71DAC6F9C->s2-InstallSnapshotResponseHandler: Completed InstallSnapshot. Reply: serverReply {
  requestorId: "s0"
  replyId: "s2"
  raftGroupId {
    id: "\004\333An\221!K!\243\021\271\367\035\254o\234"
  }
  success: true
}
term: 1
requestIndex: 7

2023-08-18 03:35:52,044 [grpc-default-executor-0] INFO  leader.FollowerInfo (FollowerInfoImpl.java:setAttemptedToInstallSnapshot(126)) - Follower s0@group-B9F71DAC6F9C->s2 acknowledged installing snapshot
2023-08-18 03:35:52,044 [grpc-default-executor-2] INFO  impl.SnapshotInstallationHandler (SnapshotInstallationHandler.java:installSnapshot(89)) - s1@group-B9F71DAC6F9C: receive installSnapshot: s0->s1#0-t1,chunk:698b2d90-6b2f-4dd5-b64b-95ef052f3d74,9
2023-08-18 03:35:52,045 [grpc-default-executor-2] TRACE util.FileUtils (LogUtils.java:runAndLog(49)) - Successfully ran Files.createDirectories /home/runner/work/ratis/ratis/ratis-test/target/test/data/24296cbb/MiniRaftClusterWithGrpceae4580e/s1/04db416e-9121-4b21-a311-b9f71dac6f9c/tmp/snapshot-698b2d90-6b2f-4dd5-b64b-95ef052f3d74
2023-08-18 03:35:52,045 [grpc-default-executor-2] INFO  storage.SnapshotManager (SnapshotManager.java:installSnapshot(89)) - Installing snapshot:s0->s1#0-t1,chunk:698b2d90-6b2f-4dd5-b64b-95ef052f3d74,9, to tmp dir:/home/runner/work/ratis/ratis/ratis-test/target/test/data/24296cbb/MiniRaftClusterWithGrpceae4580e/s1/04db416e-9121-4b21-a311-b9f71dac6f9c/tmp/snapshot-698b2d90-6b2f-4dd5-b64b-95ef052f3d74
2023-08-18 03:35:52,045 [grpc-default-executor-2] TRACE util.FileUtils (LogUtils.java:runAndLog(49)) - Successfully ran Files.createDirectories /home/runner/work/ratis/ratis/ratis-test/target/test/data/24296cbb/MiniRaftClusterWithGrpceae4580e/s1/04db416e-9121-4b21-a311-b9f71dac6f9c/tmp/snapshot-698b2d90-6b2f-4dd5-b64b-95ef052f3d74
2023-08-18 03:35:52,045 [grpc-default-executor-2] INFO  impl.SnapshotInstallationHandler (SnapshotInstallationHandler.java:installSnapshot(100)) - s1@group-B9F71DAC6F9C: reply installSnapshot: s0<-s1#0:OK-t1,SUCCESS,requestIndex=9
2023-08-18 03:35:52,045 [grpc-default-executor-2] INFO  impl.SnapshotInstallationHandler (SnapshotInstallationHandler.java:installSnapshot(89)) - s1@group-B9F71DAC6F9C: receive installSnapshot: s0->s1#0-t1,chunk:698b2d90-6b2f-4dd5-b64b-95ef052f3d74,10
2023-08-18 03:35:52,046 [grpc-default-executor-2] TRACE util.FileUtils (LogUtils.java:runAndLog(49)) - Successfully ran Files.createDirectories /home/runner/work/ratis/ratis/ratis-test/target/test/data/24296cbb/MiniRaftClusterWithGrpceae4580e/s1/04db416e-9121-4b21-a311-b9f71dac6f9c/tmp/snapshot-698b2d90-6b2f-4dd5-b64b-95ef052f3d74
2023-08-18 03:35:52,046 [grpc-default-executor-2] INFO  storage.SnapshotManager (SnapshotManager.java:installSnapshot(89)) - Installing snapshot:s0->s1#0-t1,chunk:698b2d90-6b2f-4dd5-b64b-95ef052f3d74,10, to tmp dir:/home/runner/work/ratis/ratis/ratis-test/target/test/data/24296cbb/MiniRaftClusterWithGrpceae4580e/s1/04db416e-9121-4b21-a311-b9f71dac6f9c/tmp/snapshot-698b2d90-6b2f-4dd5-b64b-95ef052f3d74
2023-08-18 03:35:52,046 [s0@group-B9F71DAC6F9C-LeaderStateImpl] INFO  server.RaftServer$Division (ServerState.java:setRaftConf(377)) - s0@group-B9F71DAC6F9C: set configuration 255: peers:[s0|rpc:localhost:33381|admin:localhost:43253|client:localhost:38991|dataStream:localhost:35229|priority:0|startupRole:FOLLOWER, s1|rpc:0.0.0.0:41553|dataStream:|priority:0|startupRole:FOLLOWER, s2|rpc:0.0.0.0:39715|dataStream:|priority:0|startupRole:FOLLOWER]|listeners:[], old=peers:[s0|rpc:localhost:33381|admin:localhost:43253|client:localhost:38991|dataStream:localhost:35229|priority:0|startupRole:FOLLOWER]|listeners:[]
2023-08-18 03:35:52,046 [grpc-default-executor-2] TRACE util.FileUtils (LogUtils.java:runAndLog(49)) - Successfully ran Files.createDirectories /home/runner/work/ratis/ratis/ratis-test/target/test/data/24296cbb/MiniRaftClusterWithGrpceae4580e/s1/04db416e-9121-4b21-a311-b9f71dac6f9c/tmp/snapshot-698b2d90-6b2f-4dd5-b64b-95ef052f3d74
2023-08-18 03:35:52,047 [grpc-default-executor-3] INFO  impl.SnapshotInstallationHandler (SnapshotInstallationHandler.java:installSnapshot(89)) - s2@group-B9F71DAC6F9C: receive installSnapshot: s0->s2#0-t1,chunk:55d5442a-2908-486f-8009-0e40669e736e,8
2023-08-18 03:35:52,047 [grpc-default-executor-1] INFO  server.GrpcLogAppender (GrpcLogAppender.java:onNext(555)) - s0@group-B9F71DAC6F9C->s1-InstallSnapshotResponseHandler: Completed InstallSnapshot. Reply: serverReply {
  requestorId: "s0"
  replyId: "s1"
  raftGroupId {
    id: "\004\333An\221!K!\243\021\271\367\035\254o\234"
  }
  success: true
}
term: 1
requestIndex: 8

2023-08-18 03:35:52,047 [grpc-default-executor-1] INFO  leader.FollowerInfo (FollowerInfoImpl.java:setAttemptedToInstallSnapshot(126)) - Follower s0@group-B9F71DAC6F9C->s1 acknowledged installing snapshot
2023-08-18 03:35:52,047 [grpc-default-executor-3] TRACE util.FileUtils (LogUtils.java:runAndLog(49)) - Successfully ran Files.createDirectories /home/runner/work/ratis/ratis/ratis-test/target/test/data/24296cbb/MiniRaftClusterWithGrpceae4580e/s2/04db416e-9121-4b21-a311-b9f71dac6f9c/tmp/snapshot-55d5442a-2908-486f-8009-0e40669e736e
2023-08-18 03:35:52,048 [grpc-default-executor-3] INFO  storage.SnapshotManager (SnapshotManager.java:installSnapshot(89)) - Installing snapshot:s0->s2#0-t1,chunk:55d5442a-2908-486f-8009-0e40669e736e,8, to tmp dir:/home/runner/work/ratis/ratis/ratis-test/target/test/data/24296cbb/MiniRaftClusterWithGrpceae4580e/s2/04db416e-9121-4b21-a311-b9f71dac6f9c/tmp/snapshot-55d5442a-2908-486f-8009-0e40669e736e
2023-08-18 03:35:52,048 [grpc-default-executor-1] INFO  server.GrpcLogAppender (GrpcLogAppender.java:onNext(541)) - s0@group-B9F71DAC6F9C->s1-InstallSnapshotResponseHandler: received a reply s0<-s1#0:OK-t1,SUCCESS,requestIndex=9
2023-08-18 03:35:52,048 [grpc-default-executor-3] TRACE util.FileUtils (LogUtils.java:runAndLog(49)) - Successfully ran Files.createDirectories /home/runner/work/ratis/ratis/ratis-test/target/test/data/24296cbb/MiniRaftClusterWithGrpceae4580e/s2/04db416e-9121-4b21-a311-b9f71dac6f9c/tmp/snapshot-55d5442a-2908-486f-8009-0e40669e736e
2023-08-18 03:35:52,048 [grpc-default-executor-1] INFO  server.GrpcLogAppender (GrpcLogAppender.java:onNext(555)) - s0@group-B9F71DAC6F9C->s1-InstallSnapshotResponseHandler: Completed InstallSnapshot. Reply: serverReply {
  requestorId: "s0"
  replyId: "s1"
  raftGroupId {
    id: "\004\333An\221!K!\243\021\271\367\035\254o\234"
  }
  success: true
}
term: 1
requestIndex: 9

2023-08-18 03:35:52,048 [grpc-default-executor-1] INFO  leader.FollowerInfo (FollowerInfoImpl.java:setAttemptedToInstallSnapshot(126)) - Follower s0@group-B9F71DAC6F9C->s1 acknowledged installing snapshot
2023-08-18 03:35:52,048 [grpc-default-executor-3] INFO  impl.SnapshotInstallationHandler (SnapshotInstallationHandler.java:installSnapshot(100)) - s2@group-B9F71DAC6F9C: reply installSnapshot: s0<-s2#0:OK-t1,SUCCESS,requestIndex=8
2023-08-18 03:35:52,048 [grpc-default-executor-1] INFO  server.GrpcLogAppender (GrpcLogAppender.java:onNext(541)) - s0@group-B9F71DAC6F9C->s2-InstallSnapshotResponseHandler: received a reply s0<-s2#0:OK-t1,SUCCESS,requestIndex=8
2023-08-18 03:35:52,049 [grpc-default-executor-1] INFO  server.GrpcLogAppender (GrpcLogAppender.java:onNext(555)) - s0@group-B9F71DAC6F9C->s2-InstallSnapshotResponseHandler: Completed InstallSnapshot. Reply: serverReply {
  requestorId: "s0"
  replyId: "s2"
  raftGroupId {
    id: "\004\333An\221!K!\243\021\271\367\035\254o\234"
  }
  success: true
}
term: 1
requestIndex: 8

2023-08-18 03:35:52,049 [grpc-default-executor-1] INFO  leader.FollowerInfo (FollowerInfoImpl.java:setAttemptedToInstallSnapshot(126)) - Follower s0@group-B9F71DAC6F9C->s2 acknowledged installing snapshot
2023-08-18 03:35:52,049 [grpc-default-executor-3] INFO  impl.SnapshotInstallationHandler (SnapshotInstallationHandler.java:installSnapshot(89)) - s2@group-B9F71DAC6F9C: receive installSnapshot: s0->s2#0-t1,chunk:55d5442a-2908-486f-8009-0e40669e736e,9
2023-08-18 03:35:52,049 [grpc-default-executor-3] TRACE util.FileUtils (LogUtils.java:runAndLog(49)) - Successfully ran Files.createDirectories /home/runner/work/ratis/ratis/ratis-test/target/test/data/24296cbb/MiniRaftClusterWithGrpceae4580e/s2/04db416e-9121-4b21-a311-b9f71dac6f9c/tmp/snapshot-55d5442a-2908-486f-8009-0e40669e736e
2023-08-18 03:35:52,049 [grpc-default-executor-3] INFO  storage.SnapshotManager (SnapshotManager.java:installSnapshot(89)) - Installing snapshot:s0->s2#0-t1,chunk:55d5442a-2908-486f-8009-0e40669e736e,9, to tmp dir:/home/runner/work/ratis/ratis/ratis-test/target/test/data/24296cbb/MiniRaftClusterWithGrpceae4580e/s2/04db416e-9121-4b21-a311-b9f71dac6f9c/tmp/snapshot-55d5442a-2908-486f-8009-0e40669e736e
2023-08-18 03:35:52,049 [grpc-default-executor-3] TRACE util.FileUtils (LogUtils.java:runAndLog(49)) - Successfully ran Files.createDirectories /home/runner/work/ratis/ratis/ratis-test/target/test/data/24296cbb/MiniRaftClusterWithGrpceae4580e/s2/04db416e-9121-4b21-a311-b9f71dac6f9c/tmp/snapshot-55d5442a-2908-486f-8009-0e40669e736e
2023-08-18 03:35:52,049 [grpc-default-executor-3] INFO  impl.SnapshotInstallationHandler (SnapshotInstallationHandler.java:installSnapshot(100)) - s2@group-B9F71DAC6F9C: reply installSnapshot: s0<-s2#0:OK-t1,SUCCESS,requestIndex=9
2023-08-18 03:35:52,050 [grpc-default-executor-1] INFO  server.GrpcLogAppender (GrpcLogAppender.java:onNext(541)) - s0@group-B9F71DAC6F9C->s2-InstallSnapshotResponseHandler: received a reply s0<-s2#0:OK-t1,SUCCESS,requestIndex=9
2023-08-18 03:35:52,050 [grpc-default-executor-1] INFO  server.GrpcLogAppender (GrpcLogAppender.java:onNext(555)) - s0@group-B9F71DAC6F9C->s2-InstallSnapshotResponseHandler: Completed InstallSnapshot. Reply: serverReply {
  requestorId: "s0"
  replyId: "s2"
  raftGroupId {
    id: "\004\333An\221!K!\243\021\271\367\035\254o\234"
  }
  success: true
}
term: 1
requestIndex: 9

2023-08-18 03:35:52,050 [grpc-default-executor-1] INFO  leader.FollowerInfo (FollowerInfoImpl.java:setAttemptedToInstallSnapshot(126)) - Follower s0@group-B9F71DAC6F9C->s2 acknowledged installing snapshot
2023-08-18 03:35:52,050 [grpc-default-executor-3] INFO  impl.SnapshotInstallationHandler (SnapshotInstallationHandler.java:installSnapshot(89)) - s2@group-B9F71DAC6F9C: receive installSnapshot: s0->s2#0-t1,chunk:55d5442a-2908-486f-8009-0e40669e736e,10
2023-08-18 03:35:52,050 [grpc-default-executor-3] TRACE util.FileUtils (LogUtils.java:runAndLog(49)) - Successfully ran Files.createDirectories /home/runner/work/ratis/ratis/ratis-test/target/test/data/24296cbb/MiniRaftClusterWithGrpceae4580e/s2/04db416e-9121-4b21-a311-b9f71dac6f9c/tmp/snapshot-55d5442a-2908-486f-8009-0e40669e736e
2023-08-18 03:35:52,051 [grpc-default-executor-3] INFO  storage.SnapshotManager (SnapshotManager.java:installSnapshot(89)) - Installing snapshot:s0->s2#0-t1,chunk:55d5442a-2908-486f-8009-0e40669e736e,10, to tmp dir:/home/runner/work/ratis/ratis/ratis-test/target/test/data/24296cbb/MiniRaftClusterWithGrpceae4580e/s2/04db416e-9121-4b21-a311-b9f71dac6f9c/tmp/snapshot-55d5442a-2908-486f-8009-0e40669e736e
2023-08-18 03:35:52,051 [grpc-default-executor-3] TRACE util.FileUtils (LogUtils.java:runAndLog(49)) - Successfully ran Files.createDirectories /home/runner/work/ratis/ratis/ratis-test/target/test/data/24296cbb/MiniRaftClusterWithGrpceae4580e/s2/04db416e-9121-4b21-a311-b9f71dac6f9c/tmp/snapshot-55d5442a-2908-486f-8009-0e40669e736e
2023-08-18 03:35:52,051 [grpc-default-executor-2] INFO  storage.SnapshotManager (SnapshotManager.java:rename(168)) - Installed snapshot, renaming temporary dir /home/runner/work/ratis/ratis/ratis-test/target/test/data/24296cbb/MiniRaftClusterWithGrpceae4580e/s1/04db416e-9121-4b21-a311-b9f71dac6f9c/tmp/snapshot-698b2d90-6b2f-4dd5-b64b-95ef052f3d74 to /home/runner/work/ratis/ratis/ratis-test/target/test/data/24296cbb/MiniRaftClusterWithGrpceae4580e/s1/04db416e-9121-4b21-a311-b9f71dac6f9c/sm
2023-08-18 03:35:52,052 [grpc-default-executor-3] INFO  storage.SnapshotManager (SnapshotManager.java:rename(168)) - Installed snapshot, renaming temporary dir /home/runner/work/ratis/ratis/ratis-test/target/test/data/24296cbb/MiniRaftClusterWithGrpceae4580e/s2/04db416e-9121-4b21-a311-b9f71dac6f9c/tmp/snapshot-55d5442a-2908-486f-8009-0e40669e736e to /home/runner/work/ratis/ratis/ratis-test/target/test/data/24296cbb/MiniRaftClusterWithGrpceae4580e/s2/04db416e-9121-4b21-a311-b9f71dac6f9c/sm
2023-08-18 03:35:52,055 [grpc-default-executor-3] TRACE util.FileUtils (LogUtils.java:runAndLog(49)) - Successfully ran Atomic Files.move /home/runner/work/ratis/ratis/ratis-test/target/test/data/24296cbb/MiniRaftClusterWithGrpceae4580e/s2/04db416e-9121-4b21-a311-b9f71dac6f9c/sm to /home/runner/work/ratis/ratis/ratis-test/target/test/data/24296cbb/MiniRaftClusterWithGrpceae4580e/s2/04db416e-9121-4b21-a311-b9f71dac6f9c/sm.tmp20230818-033552_053
2023-08-18 03:35:52,055 [grpc-default-executor-3] TRACE util.FileUtils (LogUtils.java:runAndLog(49)) - Successfully ran Atomic Files.move /home/runner/work/ratis/ratis/ratis-test/target/test/data/24296cbb/MiniRaftClusterWithGrpceae4580e/s2/04db416e-9121-4b21-a311-b9f71dac6f9c/tmp/snapshot-55d5442a-2908-486f-8009-0e40669e736e to /home/runner/work/ratis/ratis/ratis-test/target/test/data/24296cbb/MiniRaftClusterWithGrpceae4580e/s2/04db416e-9121-4b21-a311-b9f71dac6f9c/sm
2023-08-18 03:35:52,055 [grpc-default-executor-3] TRACE util.FileUtils (FileUtils.java:deleteFully(201)) - deleteFully /home/runner/work/ratis/ratis/ratis-test/target/test/data/24296cbb/MiniRaftClusterWithGrpceae4580e/s2/04db416e-9121-4b21-a311-b9f71dac6f9c/sm.tmp20230818-033552_053
2023-08-18 03:35:52,056 [grpc-default-executor-3] TRACE util.FileUtils (LogUtils.java:runAndLog(49)) - Successfully ran Files.delete /home/runner/work/ratis/ratis/ratis-test/target/test/data/24296cbb/MiniRaftClusterWithGrpceae4580e/s2/04db416e-9121-4b21-a311-b9f71dac6f9c/sm.tmp20230818-033552_053
2023-08-18 03:35:52,059 [grpc-default-executor-2] TRACE util.FileUtils (LogUtils.java:runAndLog(49)) - Successfully ran Atomic Files.move /home/runner/work/ratis/ratis/ratis-test/target/test/data/24296cbb/MiniRaftClusterWithGrpceae4580e/s1/04db416e-9121-4b21-a311-b9f71dac6f9c/sm to /home/runner/work/ratis/ratis/ratis-test/target/test/data/24296cbb/MiniRaftClusterWithGrpceae4580e/s1/04db416e-9121-4b21-a311-b9f71dac6f9c/sm.tmp20230818-033552_053
2023-08-18 03:35:52,059 [grpc-default-executor-2] TRACE util.FileUtils (LogUtils.java:runAndLog(49)) - Successfully ran Atomic Files.move /home/runner/work/ratis/ratis/ratis-test/target/test/data/24296cbb/MiniRaftClusterWithGrpceae4580e/s1/04db416e-9121-4b21-a311-b9f71dac6f9c/tmp/snapshot-698b2d90-6b2f-4dd5-b64b-95ef052f3d74 to /home/runner/work/ratis/ratis/ratis-test/target/test/data/24296cbb/MiniRaftClusterWithGrpceae4580e/s1/04db416e-9121-4b21-a311-b9f71dac6f9c/sm
2023-08-18 03:35:52,059 [grpc-default-executor-2] TRACE util.FileUtils (FileUtils.java:deleteFully(201)) - deleteFully /home/runner/work/ratis/ratis/ratis-test/target/test/data/24296cbb/MiniRaftClusterWithGrpceae4580e/s1/04db416e-9121-4b21-a311-b9f71dac6f9c/sm.tmp20230818-033552_053
2023-08-18 03:35:52,059 [grpc-default-executor-2] TRACE util.FileUtils (LogUtils.java:runAndLog(49)) - Successfully ran Files.delete /home/runner/work/ratis/ratis/ratis-test/target/test/data/24296cbb/MiniRaftClusterWithGrpceae4580e/s1/04db416e-9121-4b21-a311-b9f71dac6f9c/sm.tmp20230818-033552_053
2023-08-18 03:35:52,059 [grpc-default-executor-2] INFO  raftlog.RaftLog (RaftLogBase.java:lambda$new$0(54)) - s1@group-B9F71DAC6F9C-SegmentedRaftLog: snapshotIndex: updateIncreasingly -1 -> 191
2023-08-18 03:35:52,060 [s2@group-B9F71DAC6F9C-StateMachineUpdater] INFO  impl.SimpleStateMachine4Testing (SimpleStateMachine4Testing.java:reinitialize(236)) - Reinitializing StateMachineWithMultiNestedSnapshotFile:s2:group-B9F71DAC6F9C
2023-08-18 03:35:52,056 [grpc-default-executor-3] INFO  raftlog.RaftLog (RaftLogBase.java:lambda$new$0(54)) - s2@group-B9F71DAC6F9C-SegmentedRaftLog: snapshotIndex: updateIncreasingly -1 -> 191
2023-08-18 03:35:52,059 [s1@group-B9F71DAC6F9C-StateMachineUpdater] INFO  impl.SimpleStateMachine4Testing (SimpleStateMachine4Testing.java:reinitialize(236)) - Reinitializing StateMachineWithMultiNestedSnapshotFile:s1:group-B9F71DAC6F9C
2023-08-18 03:35:52,062 [s2@group-B9F71DAC6F9C-StateMachineUpdater] INFO  impl.SimpleStateMachine4Testing (SimpleStateMachine4Testing.java:loadSnapshot(293)) - Loading snapshot SingleFileSnapshotInfo(t:1, i:191):[/home/runner/work/ratis/ratis/ratis-test/target/test/data/24296cbb/MiniRaftClusterWithGrpceae4580e/s2/04db416e-9121-4b21-a311-b9f71dac6f9c/sm/snapshot.1_191]
2023-08-18 03:35:52,062 [s1@group-B9F71DAC6F9C-StateMachineUpdater] INFO  impl.SimpleStateMachine4Testing (SimpleStateMachine4Testing.java:loadSnapshot(293)) - Loading snapshot SingleFileSnapshotInfo(t:1, i:191):[/home/runner/work/ratis/ratis/ratis-test/target/test/data/24296cbb/MiniRaftClusterWithGrpceae4580e/s1/04db416e-9121-4b21-a311-b9f71dac6f9c/sm/snapshot.1_191]
2023-08-18 03:35:52,062 [grpc-default-executor-3] INFO  segmented.SegmentedRaftLogWorker (SegmentedRaftLogWorker.java:lambda$new$0(134)) - s2@group-B9F71DAC6F9C-SegmentedRaftLogWorker: flushIndex: setUnconditionally -1 -> 191
2023-08-18 03:35:52,062 [grpc-default-executor-3] INFO  segmented.SegmentedRaftLogWorker (SegmentedRaftLogWorker.java:lambda$new$0(134)) - s2@group-B9F71DAC6F9C-SegmentedRaftLogWorker: safeCacheEvictIndex: setUnconditionally -1 -> 191
2023-08-18 03:35:52,062 [grpc-default-executor-3] INFO  impl.SnapshotInstallationHandler (SnapshotInstallationHandler.java:checkAndInstallSnapshot(194)) - s2@group-B9F71DAC6F9C: successfully install the entire snapshot-191
2023-08-18 03:35:52,062 [grpc-default-executor-3] INFO  impl.SnapshotInstallationHandler (SnapshotInstallationHandler.java:installSnapshot(100)) - s2@group-B9F71DAC6F9C: reply installSnapshot: s0<-s2#0:OK-t1,SUCCESS,requestIndex=10
2023-08-18 03:35:52,063 [grpc-default-executor-2] INFO  segmented.SegmentedRaftLogWorker (SegmentedRaftLogWorker.java:lambda$new$0(134)) - s1@group-B9F71DAC6F9C-SegmentedRaftLogWorker: flushIndex: setUnconditionally -1 -> 191
2023-08-18 03:35:52,063 [grpc-default-executor-2] INFO  segmented.SegmentedRaftLogWorker (SegmentedRaftLogWorker.java:lambda$new$0(134)) - s1@group-B9F71DAC6F9C-SegmentedRaftLogWorker: safeCacheEvictIndex: setUnconditionally -1 -> 191
2023-08-18 03:35:52,063 [grpc-default-executor-2] INFO  impl.SnapshotInstallationHandler (SnapshotInstallationHandler.java:checkAndInstallSnapshot(194)) - s1@group-B9F71DAC6F9C: successfully install the entire snapshot-191
2023-08-18 03:35:52,063 [grpc-default-executor-2] INFO  impl.SnapshotInstallationHandler (SnapshotInstallationHandler.java:installSnapshot(100)) - s1@group-B9F71DAC6F9C: reply installSnapshot: s0<-s1#0:OK-t1,SUCCESS,requestIndex=10
2023-08-18 03:35:52,064 [s1@group-B9F71DAC6F9C-StateMachineUpdater] INFO  impl.SimpleStateMachine4Testing (SimpleStateMachine4Testing.java:put(205)) - s1: put 1, m0 -> (t:1, i:1), STATEMACHINELOGENTRY, 0@client-2DC2D47929AC
2023-08-18 03:35:52,064 [s1@group-B9F71DAC6F9C-StateMachineUpdater] INFO  impl.SimpleStateMachine4Testing (SimpleStateMachine4Testing.java:put(205)) - s1: put 3, m1 -> (t:1, i:3), STATEMACHINELOGENTRY, 1@client-2DC2D47929AC
2023-08-18 03:35:52,064 [s1@group-B9F71DAC6F9C-StateMachineUpdater] INFO  impl.SimpleStateMachine4Testing (SimpleStateMachine4Testing.java:put(205)) - s1: put 5, m2 -> (t:1, i:5), STATEMACHINELOGENTRY, 2@client-2DC2D47929AC
2023-08-18 03:35:52,064 [s1@group-B9F71DAC6F9C-StateMachineUpdater] INFO  impl.SimpleStateMachine4Testing (SimpleStateMachine4Testing.java:put(205)) - s1: put 7, m3 -> (t:1, i:7), STATEMACHINELOGENTRY, 3@client-2DC2D47929AC
2023-08-18 03:35:52,064 [s1@group-B9F71DAC6F9C-StateMachineUpdater] INFO  impl.SimpleStateMachine4Testing (SimpleStateMachine4Testing.java:put(205)) - s1: put 9, m4 -> (t:1, i:9), STATEMACHINELOGENTRY, 4@client-2DC2D47929AC
2023-08-18 03:35:52,064 [s1@group-B9F71DAC6F9C-StateMachineUpdater] INFO  impl.SimpleStateMachine4Testing (SimpleStateMachine4Testing.java:put(205)) - s1: put 11, m5 -> (t:1, i:11), STATEMACHINELOGENTRY, 5@client-2DC2D47929AC
2023-08-18 03:35:52,065 [s1@group-B9F71DAC6F9C-StateMachineUpdater] INFO  impl.SimpleStateMachine4Testing (SimpleStateMachine4Testing.java:put(205)) - s1: put 13, m6 -> (t:1, i:13), STATEMACHINELOGENTRY, 6@client-2DC2D47929AC
2023-08-18 03:35:52,065 [s1@group-B9F71DAC6F9C-StateMachineUpdater] INFO  impl.SimpleStateMachine4Testing (SimpleStateMachine4Testing.java:put(205)) - s1: put 15, m7 -> (t:1, i:15), STATEMACHINELOGENTRY, 7@client-2DC2D47929AC
2023-08-18 03:35:52,065 [s1@group-B9F71DAC6F9C-StateMachineUpdater] INFO  impl.SimpleStateMachine4Testing (SimpleStateMachine4Testing.java:put(205)) - s1: put 17, m8 -> (t:1, i:17), STATEMACHINELOGENTRY, 8@client-2DC2D47929AC
2023-08-18 03:35:52,065 [s1@group-B9F71DAC6F9C-StateMachineUpdater] INFO  impl.SimpleStateMachine4Testing (SimpleStateMachine4Testing.java:put(205)) - s1: put 19, m9 -> (t:1, i:19), STATEMACHINELOGENTRY, 9@client-2DC2D47929AC
2023-08-18 03:35:52,065 [s1@group-B9F71DAC6F9C-StateMachineUpdater] INFO  impl.SimpleStateMachine4Testing (SimpleStateMachine4Testing.java:put(205)) - s1: put 21, m10 -> (t:1, i:21), STATEMACHINELOGENTRY, 10@client-2DC2D47929AC
2023-08-18 03:35:52,065 [s1@group-B9F71DAC6F9C-StateMachineUpdater] INFO  impl.SimpleStateMachine4Testing (SimpleStateMachine4Testing.java:put(205)) - s1: put 23, m11 -> (t:1, i:23), STATEMACHINELOGENTRY, 11@client-2DC2D47929AC
2023-08-18 03:35:52,065 [s1@group-B9F71DAC6F9C-StateMachineUpdater] INFO  impl.SimpleStateMachine4Testing (SimpleStateMachine4Testing.java:put(205)) - s1: put 25, m12 -> (t:1, i:25), STATEMACHINELOGENTRY, 12@client-2DC2D47929AC
2023-08-18 03:35:52,065 [s1@group-B9F71DAC6F9C-StateMachineUpdater] INFO  impl.SimpleStateMachine4Testing (SimpleStateMachine4Testing.java:put(205)) - s1: put 27, m13 -> (t:1, i:27), STATEMACHINELOGENTRY, 13@client-2DC2D47929AC
2023-08-18 03:35:52,065 [s1@group-B9F71DAC6F9C-StateMachineUpdater] INFO  impl.SimpleStateMachine4Testing (SimpleStateMachine4Testing.java:put(205)) - s1: put 29, m14 -> (t:1, i:29), STATEMACHINELOGENTRY, 14@client-2DC2D47929AC
2023-08-18 03:35:52,065 [s1@group-B9F71DAC6F9C-StateMachineUpdater] INFO  impl.SimpleStateMachine4Testing (SimpleStateMachine4Testing.java:put(205)) - s1: put 31, m15 -> (t:1, i:31), STATEMACHINELOGENTRY, 15@client-2DC2D47929AC
2023-08-18 03:35:52,065 [s1@group-B9F71DAC6F9C-StateMachineUpdater] INFO  impl.SimpleStateMachine4Testing (SimpleStateMachine4Testing.java:put(205)) - s1: put 33, m16 -> (t:1, i:33), STATEMACHINELOGENTRY, 16@client-2DC2D47929AC
2023-08-18 03:35:52,066 [s1@group-B9F71DAC6F9C-StateMachineUpdater] INFO  impl.SimpleStateMachine4Testing (SimpleStateMachine4Testing.java:put(205)) - s1: put 35, m17 -> (t:1, i:35), STATEMACHINELOGENTRY, 17@client-2DC2D47929AC
2023-08-18 03:35:52,066 [s1@group-B9F71DAC6F9C-StateMachineUpdater] INFO  impl.SimpleStateMachine4Testing (SimpleStateMachine4Testing.java:put(205)) - s1: put 37, m18 -> (t:1, i:37), STATEMACHINELOGENTRY, 18@client-2DC2D47929AC
2023-08-18 03:35:52,066 [s1@group-B9F71DAC6F9C-StateMachineUpdater] INFO  impl.SimpleStateMachine4Testing (SimpleStateMachine4Testing.java:put(205)) - s1: put 39, m19 -> (t:1, i:39), STATEMACHINELOGENTRY, 19@client-2DC2D47929AC
2023-08-18 03:35:52,066 [s1@group-B9F71DAC6F9C-StateMachineUpdater] INFO  impl.SimpleStateMachine4Testing (SimpleStateMachine4Testing.java:put(205)) - s1: put 41, m20 -> (t:1, i:41), STATEMACHINELOGENTRY, 20@client-2DC2D47929AC
2023-08-18 03:35:52,066 [s1@group-B9F71DAC6F9C-StateMachineUpdater] INFO  impl.SimpleStateMachine4Testing (SimpleStateMachine4Testing.java:put(205)) - s1: put 43, m21 -> (t:1, i:43), STATEMACHINELOGENTRY, 21@client-2DC2D47929AC
2023-08-18 03:35:52,066 [s1@group-B9F71DAC6F9C-StateMachineUpdater] INFO  impl.SimpleStateMachine4Testing (SimpleStateMachine4Testing.java:put(205)) - s1: put 45, m22 -> (t:1, i:45), STATEMACHINELOGENTRY, 22@client-2DC2D47929AC
2023-08-18 03:35:52,066 [s1@group-B9F71DAC6F9C-StateMachineUpdater] INFO  impl.SimpleStateMachine4Testing (SimpleStateMachine4Testing.java:put(205)) - s1: put 47, m23 -> (t:1, i:47), STATEMACHINELOGENTRY, 23@client-2DC2D47929AC
2023-08-18 03:35:52,066 [s1@group-B9F71DAC6F9C-StateMachineUpdater] INFO  impl.SimpleStateMachine4Testing (SimpleStateMachine4Testing.java:put(205)) - s1: put 49, m24 -> (t:1, i:49), STATEMACHINELOGENTRY, 24@client-2DC2D47929AC
2023-08-18 03:35:52,066 [s1@group-B9F71DAC6F9C-StateMachineUpdater] INFO  impl.SimpleStateMachine4Testing (SimpleStateMachine4Testing.java:put(205)) - s1: put 51, m25 -> (t:1, i:51), STATEMACHINELOGENTRY, 25@client-2DC2D47929AC
2023-08-18 03:35:52,066 [s1@group-B9F71DAC6F9C-StateMachineUpdater] INFO  impl.SimpleStateMachine4Testing (SimpleStateMachine4Testing.java:put(205)) - s1: put 53, m26 -> (t:1, i:53), STATEMACHINELOGENTRY, 26@client-2DC2D47929AC
2023-08-18 03:35:52,066 [s1@group-B9F71DAC6F9C-StateMachineUpdater] INFO  impl.SimpleStateMachine4Testing (SimpleStateMachine4Testing.java:put(205)) - s1: put 55, m27 -> (t:1, i:55), STATEMACHINELOGENTRY, 27@client-2DC2D47929AC
2023-08-18 03:35:52,067 [s1@group-B9F71DAC6F9C-StateMachineUpdater] INFO  impl.SimpleStateMachine4Testing (SimpleStateMachine4Testing.java:put(205)) - s1: put 57, m28 -> (t:1, i:57), STATEMACHINELOGENTRY, 28@client-2DC2D47929AC
2023-08-18 03:35:52,067 [s1@group-B9F71DAC6F9C-StateMachineUpdater] INFO  impl.SimpleStateMachine4Testing (SimpleStateMachine4Testing.java:put(205)) - s1: put 59, m29 -> (t:1, i:59), STATEMACHINELOGENTRY, 29@client-2DC2D47929AC
2023-08-18 03:35:52,067 [s1@group-B9F71DAC6F9C-StateMachineUpdater] INFO  impl.SimpleStateMachine4Testing (SimpleStateMachine4Testing.java:put(205)) - s1: put 61, m30 -> (t:1, i:61), STATEMACHINELOGENTRY, 30@client-2DC2D47929AC
2023-08-18 03:35:52,067 [s1@group-B9F71DAC6F9C-StateMachineUpdater] INFO  impl.SimpleStateMachine4Testing (SimpleStateMachine4Testing.java:put(205)) - s1: put 63, m31 -> (t:1, i:63), STATEMACHINELOGENTRY, 31@client-2DC2D47929AC
2023-08-18 03:35:52,067 [s1@group-B9F71DAC6F9C-StateMachineUpdater] INFO  impl.SimpleStateMachine4Testing (SimpleStateMachine4Testing.java:put(205)) - s1: put 65, m32 -> (t:1, i:65), STATEMACHINELOGENTRY, 32@client-2DC2D47929AC
2023-08-18 03:35:52,067 [grpc-default-executor-1] INFO  server.GrpcLogAppender (GrpcLogAppender.java:onNext(541)) - s0@group-B9F71DAC6F9C->s2-InstallSnapshotResponseHandler: received a reply s0<-s2#0:OK-t1,SUCCESS,requestIndex=10
2023-08-18 03:35:52,067 [grpc-default-executor-1] INFO  server.GrpcLogAppender (GrpcLogAppender.java:onNext(555)) - s0@group-B9F71DAC6F9C->s2-InstallSnapshotResponseHandler: Completed InstallSnapshot. Reply: serverReply {
  requestorId: "s0"
  replyId: "s2"
  raftGroupId {
    id: "\004\333An\221!K!\243\021\271\367\035\254o\234"
  }
  success: true
}
term: 1
requestIndex: 10

2023-08-18 03:35:52,067 [grpc-default-executor-1] INFO  leader.FollowerInfo (FollowerInfoImpl.java:setAttemptedToInstallSnapshot(126)) - Follower s0@group-B9F71DAC6F9C->s2 acknowledged installing snapshot
2023-08-18 03:35:52,068 [grpc-default-executor-0] INFO  server.GrpcLogAppender (GrpcLogAppender.java:onNext(541)) - s0@group-B9F71DAC6F9C->s1-InstallSnapshotResponseHandler: received a reply s0<-s1#0:OK-t1,SUCCESS,requestIndex=10
2023-08-18 03:35:52,068 [grpc-default-executor-0] INFO  server.GrpcLogAppender (GrpcLogAppender.java:onNext(555)) - s0@group-B9F71DAC6F9C->s1-InstallSnapshotResponseHandler: Completed InstallSnapshot. Reply: serverReply {
  requestorId: "s0"
  replyId: "s1"
  raftGroupId {
    id: "\004\333An\221!K!\243\021\271\367\035\254o\234"
  }
  success: true
}
term: 1
requestIndex: 10

2023-08-18 03:35:52,068 [grpc-default-executor-0] INFO  leader.FollowerInfo (FollowerInfoImpl.java:setAttemptedToInstallSnapshot(126)) - Follower s0@group-B9F71DAC6F9C->s1 acknowledged installing snapshot
2023-08-18 03:35:52,068 [s2@group-B9F71DAC6F9C-StateMachineUpdater] INFO  impl.SimpleStateMachine4Testing (SimpleStateMachine4Testing.java:put(205)) - s2: put 1, m0 -> (t:1, i:1), STATEMACHINELOGENTRY, 0@client-2DC2D47929AC
2023-08-18 03:35:52,068 [s2@group-B9F71DAC6F9C-StateMachineUpdater] INFO  impl.SimpleStateMachine4Testing (SimpleStateMachine4Testing.java:put(205)) - s2: put 3, m1 -> (t:1, i:3), STATEMACHINELOGENTRY, 1@client-2DC2D47929AC
2023-08-18 03:35:52,068 [s2@group-B9F71DAC6F9C-StateMachineUpdater] INFO  impl.SimpleStateMachine4Testing (SimpleStateMachine4Testing.java:put(205)) - s2: put 5, m2 -> (t:1, i:5), STATEMACHINELOGENTRY, 2@client-2DC2D47929AC
2023-08-18 03:35:52,068 [s2@group-B9F71DAC6F9C-StateMachineUpdater] INFO  impl.SimpleStateMachine4Testing (SimpleStateMachine4Testing.java:put(205)) - s2: put 7, m3 -> (t:1, i:7), STATEMACHINELOGENTRY, 3@client-2DC2D47929AC
2023-08-18 03:35:52,068 [grpc-default-executor-2] INFO  server.GrpcServerProtocolService (GrpcServerProtocolService.java:onCompleted(155)) - s1: Completed INSTALL_SNAPSHOT, lastRequest: s0->s1#0-t1,chunk:698b2d90-6b2f-4dd5-b64b-95ef052f3d74,10
2023-08-18 03:35:52,071 [s2@group-B9F71DAC6F9C-StateMachineUpdater] INFO  impl.SimpleStateMachine4Testing (SimpleStateMachine4Testing.java:put(205)) - s2: put 9, m4 -> (t:1, i:9), STATEMACHINELOGENTRY, 4@client-2DC2D47929AC
2023-08-18 03:35:52,071 [s2@group-B9F71DAC6F9C-StateMachineUpdater] INFO  impl.SimpleStateMachine4Testing (SimpleStateMachine4Testing.java:put(205)) - s2: put 11, m5 -> (t:1, i:11), STATEMACHINELOGENTRY, 5@client-2DC2D47929AC
2023-08-18 03:35:52,071 [grpc-default-executor-2] INFO  server.GrpcServerProtocolService (GrpcServerProtocolService.java:lambda$onCompleted$5(157)) - s1: Completed INSTALL_SNAPSHOT, lastReply: null
2023-08-18 03:35:52,071 [s2@group-B9F71DAC6F9C-StateMachineUpdater] INFO  impl.SimpleStateMachine4Testing (SimpleStateMachine4Testing.java:put(205)) - s2: put 13, m6 -> (t:1, i:13), STATEMACHINELOGENTRY, 6@client-2DC2D47929AC
2023-08-18 03:35:52,071 [s2@group-B9F71DAC6F9C-StateMachineUpdater] INFO  impl.SimpleStateMachine4Testing (SimpleStateMachine4Testing.java:put(205)) - s2: put 15, m7 -> (t:1, i:15), STATEMACHINELOGENTRY, 7@client-2DC2D47929AC
2023-08-18 03:35:52,071 [s2@group-B9F71DAC6F9C-StateMachineUpdater] INFO  impl.SimpleStateMachine4Testing (SimpleStateMachine4Testing.java:put(205)) - s2: put 17, m8 -> (t:1, i:17), STATEMACHINELOGENTRY, 8@client-2DC2D47929AC
2023-08-18 03:35:52,071 [s2@group-B9F71DAC6F9C-StateMachineUpdater] INFO  impl.SimpleStateMachine4Testing (SimpleStateMachine4Testing.java:put(205)) - s2: put 19, m9 -> (t:1, i:19), STATEMACHINELOGENTRY, 9@client-2DC2D47929AC
2023-08-18 03:35:52,071 [s2@group-B9F71DAC6F9C-StateMachineUpdater] INFO  impl.SimpleStateMachine4Testing (SimpleStateMachine4Testing.java:put(205)) - s2: put 21, m10 -> (t:1, i:21), STATEMACHINELOGENTRY, 10@client-2DC2D47929AC
2023-08-18 03:35:52,071 [s2@group-B9F71DAC6F9C-StateMachineUpdater] INFO  impl.SimpleStateMachine4Testing (SimpleStateMachine4Testing.java:put(205)) - s2: put 23, m11 -> (t:1, i:23), STATEMACHINELOGENTRY, 11@client-2DC2D47929AC
2023-08-18 03:35:52,071 [s2@group-B9F71DAC6F9C-StateMachineUpdater] INFO  impl.SimpleStateMachine4Testing (SimpleStateMachine4Testing.java:put(205)) - s2: put 25, m12 -> (t:1, i:25), STATEMACHINELOGENTRY, 12@client-2DC2D47929AC
2023-08-18 03:35:52,072 [grpc-default-executor-0] INFO  server.GrpcLogAppender (GrpcLogAppender.java:onCompleted(621)) - s0@group-B9F71DAC6F9C->s1-InstallSnapshotResponseHandler: follower responded installSnapshot COMPLETED
2023-08-18 03:35:52,072 [s0@group-B9F71DAC6F9C->s1-GrpcLogAppender-LogAppenderDaemon] INFO  leader.FollowerInfo (FollowerInfoImpl.java:lambda$new$0(52)) - s0@group-B9F71DAC6F9C->s1: snapshotIndex: setUnconditionally 0 -> 191
2023-08-18 03:35:52,072 [s0@group-B9F71DAC6F9C->s1-GrpcLogAppender-LogAppenderDaemon] INFO  leader.FollowerInfo (FollowerInfoImpl.java:lambda$new$0(52)) - s0@group-B9F71DAC6F9C->s1: matchIndex: setUnconditionally -1 -> 191
2023-08-18 03:35:52,072 [s0@group-B9F71DAC6F9C->s1-GrpcLogAppender-LogAppenderDaemon] INFO  leader.FollowerInfo (FollowerInfoImpl.java:lambda$new$0(52)) - s0@group-B9F71DAC6F9C->s1: nextIndex: setUnconditionally 0 -> 192
2023-08-18 03:35:52,072 [s0@group-B9F71DAC6F9C->s1-GrpcLogAppender-LogAppenderDaemon] INFO  server.GrpcLogAppender (GrpcLogAppender.java:installSnapshot(677)) - s0@group-B9F71DAC6F9C->s1-GrpcLogAppender: installed snapshot FileListSnapshotInfo(t:1, i:191):[/home/runner/work/ratis/ratis/ratis-test/target/test/data/24296cbb/MiniRaftClusterWithGrpceae4580e/s0/04db416e-9121-4b21-a311-b9f71dac6f9c/sm/snapshot/1.bin, /home/runner/work/ratis/ratis/ratis-test/target/test/data/24296cbb/MiniRaftClusterWithGrpceae4580e/s0/04db416e-9121-4b21-a311-b9f71dac6f9c/sm/snapshot/sub/2.bin, /home/runner/work/ratis/ratis/ratis-test/target/test/data/24296cbb/MiniRaftClusterWithGrpceae4580e/s0/04db416e-9121-4b21-a311-b9f71dac6f9c/sm/snapshot.1_191] successfully
2023-08-18 03:35:52,075 [s2@group-B9F71DAC6F9C-StateMachineUpdater] INFO  impl.SimpleStateMachine4Testing (SimpleStateMachine4Testing.java:put(205)) - s2: put 27, m13 -> (t:1, i:27), STATEMACHINELOGENTRY, 13@client-2DC2D47929AC
2023-08-18 03:35:52,075 [s1@group-B9F71DAC6F9C-StateMachineUpdater] INFO  impl.SimpleStateMachine4Testing (SimpleStateMachine4Testing.java:put(205)) - s1: put 67, m33 -> (t:1, i:67), STATEMACHINELOGENTRY, 33@client-2DC2D47929AC
2023-08-18 03:35:52,077 [s1@group-B9F71DAC6F9C-StateMachineUpdater] INFO  impl.SimpleStateMachine4Testing (SimpleStateMachine4Testing.java:put(205)) - s1: put 69, m34 -> (t:1, i:69), STATEMACHINELOGENTRY, 34@client-2DC2D47929AC
2023-08-18 03:35:52,077 [s1@group-B9F71DAC6F9C-StateMachineUpdater] INFO  impl.SimpleStateMachine4Testing (SimpleStateMachine4Testing.java:put(205)) - s1: put 71, m35 -> (t:1, i:71), STATEMACHINELOGENTRY, 35@client-2DC2D47929AC
2023-08-18 03:35:52,077 [s1@group-B9F71DAC6F9C-StateMachineUpdater] INFO  impl.SimpleStateMachine4Testing (SimpleStateMachine4Testing.java:put(205)) - s1: put 73, m36 -> (t:1, i:73), STATEMACHINELOGENTRY, 36@client-2DC2D47929AC
2023-08-18 03:35:52,077 [s1@group-B9F71DAC6F9C-StateMachineUpdater] INFO  impl.SimpleStateMachine4Testing (SimpleStateMachine4Testing.java:put(205)) - s1: put 75, m37 -> (t:1, i:75), STATEMACHINELOGENTRY, 37@client-2DC2D47929AC
2023-08-18 03:35:52,077 [s1@group-B9F71DAC6F9C-StateMachineUpdater] INFO  impl.SimpleStateMachine4Testing (SimpleStateMachine4Testing.java:put(205)) - s1: put 77, m38 -> (t:1, i:77), STATEMACHINELOGENTRY, 38@client-2DC2D47929AC
2023-08-18 03:35:52,077 [s1@group-B9F71DAC6F9C-StateMachineUpdater] INFO  impl.SimpleStateMachine4Testing (SimpleStateMachine4Testing.java:put(205)) - s1: put 79, m39 -> (t:1, i:79), STATEMACHINELOGENTRY, 39@client-2DC2D47929AC
2023-08-18 03:35:52,078 [s1@group-B9F71DAC6F9C-StateMachineUpdater] INFO  impl.SimpleStateMachine4Testing (SimpleStateMachine4Testing.java:put(205)) - s1: put 81, m40 -> (t:1, i:81), STATEMACHINELOGENTRY, 40@client-2DC2D47929AC
2023-08-18 03:35:52,078 [s1@group-B9F71DAC6F9C-StateMachineUpdater] INFO  impl.SimpleStateMachine4Testing (SimpleStateMachine4Testing.java:put(205)) - s1: put 83, m41 -> (t:1, i:83), STATEMACHINELOGENTRY, 41@client-2DC2D47929AC
2023-08-18 03:35:52,078 [s1@group-B9F71DAC6F9C-StateMachineUpdater] INFO  impl.SimpleStateMachine4Testing (SimpleStateMachine4Testing.java:put(205)) - s1: put 85, m42 -> (t:1, i:85), STATEMACHINELOGENTRY, 42@client-2DC2D47929AC
2023-08-18 03:35:52,079 [s1@group-B9F71DAC6F9C-StateMachineUpdater] INFO  impl.SimpleStateMachine4Testing (SimpleStateMachine4Testing.java:put(205)) - s1: put 87, m43 -> (t:1, i:87), STATEMACHINELOGENTRY, 43@client-2DC2D47929AC
2023-08-18 03:35:52,079 [s1@group-B9F71DAC6F9C-StateMachineUpdater] INFO  impl.SimpleStateMachine4Testing (SimpleStateMachine4Testing.java:put(205)) - s1: put 89, m44 -> (t:1, i:89), STATEMACHINELOGENTRY, 44@client-2DC2D47929AC
2023-08-18 03:35:52,079 [s1@group-B9F71DAC6F9C-StateMachineUpdater] INFO  impl.SimpleStateMachine4Testing (SimpleStateMachine4Testing.java:put(205)) - s1: put 91, m45 -> (t:1, i:91), STATEMACHINELOGENTRY, 45@client-2DC2D47929AC
2023-08-18 03:35:52,079 [s1@group-B9F71DAC6F9C-StateMachineUpdater] INFO  impl.SimpleStateMachine4Testing (SimpleStateMachine4Testing.java:put(205)) - s1: put 93, m46 -> (t:1, i:93), STATEMACHINELOGENTRY, 46@client-2DC2D47929AC
2023-08-18 03:35:52,079 [s2@group-B9F71DAC6F9C-StateMachineUpdater] INFO  impl.SimpleStateMachine4Testing (SimpleStateMachine4Testing.java:put(205)) - s2: put 29, m14 -> (t:1, i:29), STATEMACHINELOGENTRY, 14@client-2DC2D47929AC
2023-08-18 03:35:52,079 [s1@group-B9F71DAC6F9C-StateMachineUpdater] INFO  impl.SimpleStateMachine4Testing (SimpleStateMachine4Testing.java:put(205)) - s1: put 95, m47 -> (t:1, i:95), STATEMACHINELOGENTRY, 47@client-2DC2D47929AC
2023-08-18 03:35:52,079 [s2@group-B9F71DAC6F9C-StateMachineUpdater] INFO  impl.SimpleStateMachine4Testing (SimpleStateMachine4Testing.java:put(205)) - s2: put 31, m15 -> (t:1, i:31), STATEMACHINELOGENTRY, 15@client-2DC2D47929AC
2023-08-18 03:35:52,079 [s1@group-B9F71DAC6F9C-StateMachineUpdater] INFO  impl.SimpleStateMachine4Testing (SimpleStateMachine4Testing.java:put(205)) - s1: put 97, m48 -> (t:1, i:97), STATEMACHINELOGENTRY, 48@client-2DC2D47929AC
2023-08-18 03:35:52,079 [s2@group-B9F71DAC6F9C-StateMachineUpdater] INFO  impl.SimpleStateMachine4Testing (SimpleStateMachine4Testing.java:put(205)) - s2: put 33, m16 -> (t:1, i:33), STATEMACHINELOGENTRY, 16@client-2DC2D47929AC
2023-08-18 03:35:52,079 [s1@group-B9F71DAC6F9C-StateMachineUpdater] INFO  impl.SimpleStateMachine4Testing (SimpleStateMachine4Testing.java:put(205)) - s1: put 99, m49 -> (t:1, i:99), STATEMACHINELOGENTRY, 49@client-2DC2D47929AC
2023-08-18 03:35:52,079 [s2@group-B9F71DAC6F9C-StateMachineUpdater] INFO  impl.SimpleStateMachine4Testing (SimpleStateMachine4Testing.java:put(205)) - s2: put 35, m17 -> (t:1, i:35), STATEMACHINELOGENTRY, 17@client-2DC2D47929AC
2023-08-18 03:35:52,079 [s1@group-B9F71DAC6F9C-StateMachineUpdater] INFO  impl.SimpleStateMachine4Testing (SimpleStateMachine4Testing.java:put(205)) - s1: put 101, m50 -> (t:1, i:101), STATEMACHINELOGENTRY, 50@client-2DC2D47929AC
2023-08-18 03:35:52,080 [s2@group-B9F71DAC6F9C-StateMachineUpdater] INFO  impl.SimpleStateMachine4Testing (SimpleStateMachine4Testing.java:put(205)) - s2: put 37, m18 -> (t:1, i:37), STATEMACHINELOGENTRY, 18@client-2DC2D47929AC
2023-08-18 03:35:52,080 [s1@group-B9F71DAC6F9C-StateMachineUpdater] INFO  impl.SimpleStateMachine4Testing (SimpleStateMachine4Testing.java:put(205)) - s1: put 103, m51 -> (t:1, i:103), STATEMACHINELOGENTRY, 51@client-2DC2D47929AC
2023-08-18 03:35:52,080 [s2@group-B9F71DAC6F9C-StateMachineUpdater] INFO  impl.SimpleStateMachine4Testing (SimpleStateMachine4Testing.java:put(205)) - s2: put 39, m19 -> (t:1, i:39), STATEMACHINELOGENTRY, 19@client-2DC2D47929AC
2023-08-18 03:35:52,080 [s1@group-B9F71DAC6F9C-StateMachineUpdater] INFO  impl.SimpleStateMachine4Testing (SimpleStateMachine4Testing.java:put(205)) - s1: put 105, m52 -> (t:1, i:105), STATEMACHINELOGENTRY, 52@client-2DC2D47929AC
2023-08-18 03:35:52,080 [s2@group-B9F71DAC6F9C-StateMachineUpdater] INFO  impl.SimpleStateMachine4Testing (SimpleStateMachine4Testing.java:put(205)) - s2: put 41, m20 -> (t:1, i:41), STATEMACHINELOGENTRY, 20@client-2DC2D47929AC
2023-08-18 03:35:52,080 [s1@group-B9F71DAC6F9C-StateMachineUpdater] INFO  impl.SimpleStateMachine4Testing (SimpleStateMachine4Testing.java:put(205)) - s1: put 107, m53 -> (t:1, i:107), STATEMACHINELOGENTRY, 53@client-2DC2D47929AC
2023-08-18 03:35:52,080 [s2@group-B9F71DAC6F9C-StateMachineUpdater] INFO  impl.SimpleStateMachine4Testing (SimpleStateMachine4Testing.java:put(205)) - s2: put 43, m21 -> (t:1, i:43), STATEMACHINELOGENTRY, 21@client-2DC2D47929AC
2023-08-18 03:35:52,080 [s1@group-B9F71DAC6F9C-StateMachineUpdater] INFO  impl.SimpleStateMachine4Testing (SimpleStateMachine4Testing.java:put(205)) - s1: put 109, m54 -> (t:1, i:109), STATEMACHINELOGENTRY, 54@client-2DC2D47929AC
2023-08-18 03:35:52,080 [s2@group-B9F71DAC6F9C-StateMachineUpdater] INFO  impl.SimpleStateMachine4Testing (SimpleStateMachine4Testing.java:put(205)) - s2: put 45, m22 -> (t:1, i:45), STATEMACHINELOGENTRY, 22@client-2DC2D47929AC
2023-08-18 03:35:52,080 [s1@group-B9F71DAC6F9C-StateMachineUpdater] INFO  impl.SimpleStateMachine4Testing (SimpleStateMachine4Testing.java:put(205)) - s1: put 111, m55 -> (t:1, i:111), STATEMACHINELOGENTRY, 55@client-2DC2D47929AC
2023-08-18 03:35:52,080 [s2@group-B9F71DAC6F9C-StateMachineUpdater] INFO  impl.SimpleStateMachine4Testing (SimpleStateMachine4Testing.java:put(205)) - s2: put 47, m23 -> (t:1, i:47), STATEMACHINELOGENTRY, 23@client-2DC2D47929AC
2023-08-18 03:35:52,080 [s1@group-B9F71DAC6F9C-StateMachineUpdater] INFO  impl.SimpleStateMachine4Testing (SimpleStateMachine4Testing.java:put(205)) - s1: put 113, m56 -> (t:1, i:113), STATEMACHINELOGENTRY, 56@client-2DC2D47929AC
2023-08-18 03:35:52,080 [s2@group-B9F71DAC6F9C-StateMachineUpdater] INFO  impl.SimpleStateMachine4Testing (SimpleStateMachine4Testing.java:put(205)) - s2: put 49, m24 -> (t:1, i:49), STATEMACHINELOGENTRY, 24@client-2DC2D47929AC
2023-08-18 03:35:52,080 [s1@group-B9F71DAC6F9C-StateMachineUpdater] INFO  impl.SimpleStateMachine4Testing (SimpleStateMachine4Testing.java:put(205)) - s1: put 115, m57 -> (t:1, i:115), STATEMACHINELOGENTRY, 57@client-2DC2D47929AC
2023-08-18 03:35:52,080 [s2@group-B9F71DAC6F9C-StateMachineUpdater] INFO  impl.SimpleStateMachine4Testing (SimpleStateMachine4Testing.java:put(205)) - s2: put 51, m25 -> (t:1, i:51), STATEMACHINELOGENTRY, 25@client-2DC2D47929AC
2023-08-18 03:35:52,080 [s1@group-B9F71DAC6F9C-StateMachineUpdater] INFO  impl.SimpleStateMachine4Testing (SimpleStateMachine4Testing.java:put(205)) - s1: put 117, m58 -> (t:1, i:117), STATEMACHINELOGENTRY, 58@client-2DC2D47929AC
2023-08-18 03:35:52,080 [s2@group-B9F71DAC6F9C-StateMachineUpdater] INFO  impl.SimpleStateMachine4Testing (SimpleStateMachine4Testing.java:put(205)) - s2: put 53, m26 -> (t:1, i:53), STATEMACHINELOGENTRY, 26@client-2DC2D47929AC
2023-08-18 03:35:52,080 [s1@group-B9F71DAC6F9C-StateMachineUpdater] INFO  impl.SimpleStateMachine4Testing (SimpleStateMachine4Testing.java:put(205)) - s1: put 119, m59 -> (t:1, i:119), STATEMACHINELOGENTRY, 59@client-2DC2D47929AC
2023-08-18 03:35:52,080 [s2@group-B9F71DAC6F9C-StateMachineUpdater] INFO  impl.SimpleStateMachine4Testing (SimpleStateMachine4Testing.java:put(205)) - s2: put 55, m27 -> (t:1, i:55), STATEMACHINELOGENTRY, 27@client-2DC2D47929AC
2023-08-18 03:35:52,080 [s1@group-B9F71DAC6F9C-StateMachineUpdater] INFO  impl.SimpleStateMachine4Testing (SimpleStateMachine4Testing.java:put(205)) - s1: put 121, m60 -> (t:1, i:121), STATEMACHINELOGENTRY, 60@client-2DC2D47929AC
2023-08-18 03:35:52,080 [s2@group-B9F71DAC6F9C-StateMachineUpdater] INFO  impl.SimpleStateMachine4Testing (SimpleStateMachine4Testing.java:put(205)) - s2: put 57, m28 -> (t:1, i:57), STATEMACHINELOGENTRY, 28@client-2DC2D47929AC
2023-08-18 03:35:52,080 [s1@group-B9F71DAC6F9C-StateMachineUpdater] INFO  impl.SimpleStateMachine4Testing (SimpleStateMachine4Testing.java:put(205)) - s1: put 123, m61 -> (t:1, i:123), STATEMACHINELOGENTRY, 61@client-2DC2D47929AC
2023-08-18 03:35:52,081 [s2@group-B9F71DAC6F9C-StateMachineUpdater] INFO  impl.SimpleStateMachine4Testing (SimpleStateMachine4Testing.java:put(205)) - s2: put 59, m29 -> (t:1, i:59), STATEMACHINELOGENTRY, 29@client-2DC2D47929AC
2023-08-18 03:35:52,081 [s1@group-B9F71DAC6F9C-StateMachineUpdater] INFO  impl.SimpleStateMachine4Testing (SimpleStateMachine4Testing.java:put(205)) - s1: put 125, m62 -> (t:1, i:125), STATEMACHINELOGENTRY, 62@client-2DC2D47929AC
2023-08-18 03:35:52,081 [s2@group-B9F71DAC6F9C-StateMachineUpdater] INFO  impl.SimpleStateMachine4Testing (SimpleStateMachine4Testing.java:put(205)) - s2: put 61, m30 -> (t:1, i:61), STATEMACHINELOGENTRY, 30@client-2DC2D47929AC
2023-08-18 03:35:52,081 [s1@group-B9F71DAC6F9C-StateMachineUpdater] INFO  impl.SimpleStateMachine4Testing (SimpleStateMachine4Testing.java:put(205)) - s1: put 127, m63 -> (t:1, i:127), STATEMACHINELOGENTRY, 63@client-2DC2D47929AC
2023-08-18 03:35:52,081 [s2@group-B9F71DAC6F9C-StateMachineUpdater] INFO  impl.SimpleStateMachine4Testing (SimpleStateMachine4Testing.java:put(205)) - s2: put 63, m31 -> (t:1, i:63), STATEMACHINELOGENTRY, 31@client-2DC2D47929AC
2023-08-18 03:35:52,081 [s1@group-B9F71DAC6F9C-StateMachineUpdater] INFO  impl.SimpleStateMachine4Testing (SimpleStateMachine4Testing.java:put(205)) - s1: put 129, m64 -> (t:1, i:129), STATEMACHINELOGENTRY, 64@client-2DC2D47929AC
2023-08-18 03:35:52,081 [s2@group-B9F71DAC6F9C-StateMachineUpdater] INFO  impl.SimpleStateMachine4Testing (SimpleStateMachine4Testing.java:put(205)) - s2: put 65, m32 -> (t:1, i:65), STATEMACHINELOGENTRY, 32@client-2DC2D47929AC
2023-08-18 03:35:52,081 [s1@group-B9F71DAC6F9C-StateMachineUpdater] INFO  impl.SimpleStateMachine4Testing (SimpleStateMachine4Testing.java:put(205)) - s1: put 131, m65 -> (t:1, i:131), STATEMACHINELOGENTRY, 65@client-2DC2D47929AC
2023-08-18 03:35:52,081 [s2@group-B9F71DAC6F9C-StateMachineUpdater] INFO  impl.SimpleStateMachine4Testing (SimpleStateMachine4Testing.java:put(205)) - s2: put 67, m33 -> (t:1, i:67), STATEMACHINELOGENTRY, 33@client-2DC2D47929AC
2023-08-18 03:35:52,081 [s1@group-B9F71DAC6F9C-StateMachineUpdater] INFO  impl.SimpleStateMachine4Testing (SimpleStateMachine4Testing.java:put(205)) - s1: put 133, m66 -> (t:1, i:133), STATEMACHINELOGENTRY, 66@client-2DC2D47929AC
2023-08-18 03:35:52,081 [s2@group-B9F71DAC6F9C-StateMachineUpdater] INFO  impl.SimpleStateMachine4Testing (SimpleStateMachine4Testing.java:put(205)) - s2: put 69, m34 -> (t:1, i:69), STATEMACHINELOGENTRY, 34@client-2DC2D47929AC
2023-08-18 03:35:52,081 [s1@group-B9F71DAC6F9C-StateMachineUpdater] INFO  impl.SimpleStateMachine4Testing (SimpleStateMachine4Testing.java:put(205)) - s1: put 135, m67 -> (t:1, i:135), STATEMACHINELOGENTRY, 67@client-2DC2D47929AC
2023-08-18 03:35:52,081 [s2@group-B9F71DAC6F9C-StateMachineUpdater] INFO  impl.SimpleStateMachine4Testing (SimpleStateMachine4Testing.java:put(205)) - s2: put 71, m35 -> (t:1, i:71), STATEMACHINELOGENTRY, 35@client-2DC2D47929AC
2023-08-18 03:35:52,081 [s1@group-B9F71DAC6F9C-StateMachineUpdater] INFO  impl.SimpleStateMachine4Testing (SimpleStateMachine4Testing.java:put(205)) - s1: put 137, m68 -> (t:1, i:137), STATEMACHINELOGENTRY, 68@client-2DC2D47929AC
2023-08-18 03:35:52,081 [s2@group-B9F71DAC6F9C-StateMachineUpdater] INFO  impl.SimpleStateMachine4Testing (SimpleStateMachine4Testing.java:put(205)) - s2: put 73, m36 -> (t:1, i:73), STATEMACHINELOGENTRY, 36@client-2DC2D47929AC
2023-08-18 03:35:52,081 [s1@group-B9F71DAC6F9C-StateMachineUpdater] INFO  impl.SimpleStateMachine4Testing (SimpleStateMachine4Testing.java:put(205)) - s1: put 139, m69 -> (t:1, i:139), STATEMACHINELOGENTRY, 69@client-2DC2D47929AC
2023-08-18 03:35:52,081 [s2@group-B9F71DAC6F9C-StateMachineUpdater] INFO  impl.SimpleStateMachine4Testing (SimpleStateMachine4Testing.java:put(205)) - s2: put 75, m37 -> (t:1, i:75), STATEMACHINELOGENTRY, 37@client-2DC2D47929AC
2023-08-18 03:35:52,081 [s1@group-B9F71DAC6F9C-StateMachineUpdater] INFO  impl.SimpleStateMachine4Testing (SimpleStateMachine4Testing.java:put(205)) - s1: put 141, m70 -> (t:1, i:141), STATEMACHINELOGENTRY, 70@client-2DC2D47929AC
2023-08-18 03:35:52,081 [s2@group-B9F71DAC6F9C-StateMachineUpdater] INFO  impl.SimpleStateMachine4Testing (SimpleStateMachine4Testing.java:put(205)) - s2: put 77, m38 -> (t:1, i:77), STATEMACHINELOGENTRY, 38@client-2DC2D47929AC
2023-08-18 03:35:52,081 [s1@group-B9F71DAC6F9C-StateMachineUpdater] INFO  impl.SimpleStateMachine4Testing (SimpleStateMachine4Testing.java:put(205)) - s1: put 143, m71 -> (t:1, i:143), STATEMACHINELOGENTRY, 71@client-2DC2D47929AC
2023-08-18 03:35:52,082 [s2@group-B9F71DAC6F9C-StateMachineUpdater] INFO  impl.SimpleStateMachine4Testing (SimpleStateMachine4Testing.java:put(205)) - s2: put 79, m39 -> (t:1, i:79), STATEMACHINELOGENTRY, 39@client-2DC2D47929AC
2023-08-18 03:35:52,082 [s1@group-B9F71DAC6F9C-StateMachineUpdater] INFO  impl.SimpleStateMachine4Testing (SimpleStateMachine4Testing.java:put(205)) - s1: put 145, m72 -> (t:1, i:145), STATEMACHINELOGENTRY, 72@client-2DC2D47929AC
2023-08-18 03:35:52,082 [s2@group-B9F71DAC6F9C-StateMachineUpdater] INFO  impl.SimpleStateMachine4Testing (SimpleStateMachine4Testing.java:put(205)) - s2: put 81, m40 -> (t:1, i:81), STATEMACHINELOGENTRY, 40@client-2DC2D47929AC
2023-08-18 03:35:52,082 [s1@group-B9F71DAC6F9C-StateMachineUpdater] INFO  impl.SimpleStateMachine4Testing (SimpleStateMachine4Testing.java:put(205)) - s1: put 147, m73 -> (t:1, i:147), STATEMACHINELOGENTRY, 73@client-2DC2D47929AC
2023-08-18 03:35:52,082 [s2@group-B9F71DAC6F9C-StateMachineUpdater] INFO  impl.SimpleStateMachine4Testing (SimpleStateMachine4Testing.java:put(205)) - s2: put 83, m41 -> (t:1, i:83), STATEMACHINELOGENTRY, 41@client-2DC2D47929AC
2023-08-18 03:35:52,082 [s1@group-B9F71DAC6F9C-StateMachineUpdater] INFO  impl.SimpleStateMachine4Testing (SimpleStateMachine4Testing.java:put(205)) - s1: put 149, m74 -> (t:1, i:149), STATEMACHINELOGENTRY, 74@client-2DC2D47929AC
2023-08-18 03:35:52,082 [s2@group-B9F71DAC6F9C-StateMachineUpdater] INFO  impl.SimpleStateMachine4Testing (SimpleStateMachine4Testing.java:put(205)) - s2: put 85, m42 -> (t:1, i:85), STATEMACHINELOGENTRY, 42@client-2DC2D47929AC
2023-08-18 03:35:52,082 [s1@group-B9F71DAC6F9C-StateMachineUpdater] INFO  impl.SimpleStateMachine4Testing (SimpleStateMachine4Testing.java:put(205)) - s1: put 151, m75 -> (t:1, i:151), STATEMACHINELOGENTRY, 75@client-2DC2D47929AC
2023-08-18 03:35:52,082 [s2@group-B9F71DAC6F9C-StateMachineUpdater] INFO  impl.SimpleStateMachine4Testing (SimpleStateMachine4Testing.java:put(205)) - s2: put 87, m43 -> (t:1, i:87), STATEMACHINELOGENTRY, 43@client-2DC2D47929AC
2023-08-18 03:35:52,082 [s1@group-B9F71DAC6F9C-StateMachineUpdater] INFO  impl.SimpleStateMachine4Testing (SimpleStateMachine4Testing.java:put(205)) - s1: put 153, m76 -> (t:1, i:153), STATEMACHINELOGENTRY, 76@client-2DC2D47929AC
2023-08-18 03:35:52,082 [s2@group-B9F71DAC6F9C-StateMachineUpdater] INFO  impl.SimpleStateMachine4Testing (SimpleStateMachine4Testing.java:put(205)) - s2: put 89, m44 -> (t:1, i:89), STATEMACHINELOGENTRY, 44@client-2DC2D47929AC
2023-08-18 03:35:52,082 [s1@group-B9F71DAC6F9C-StateMachineUpdater] INFO  impl.SimpleStateMachine4Testing (SimpleStateMachine4Testing.java:put(205)) - s1: put 155, m77 -> (t:1, i:155), STATEMACHINELOGENTRY, 77@client-2DC2D47929AC
2023-08-18 03:35:52,082 [s2@group-B9F71DAC6F9C-StateMachineUpdater] INFO  impl.SimpleStateMachine4Testing (SimpleStateMachine4Testing.java:put(205)) - s2: put 91, m45 -> (t:1, i:91), STATEMACHINELOGENTRY, 45@client-2DC2D47929AC
2023-08-18 03:35:52,082 [s1@group-B9F71DAC6F9C-StateMachineUpdater] INFO  impl.SimpleStateMachine4Testing (SimpleStateMachine4Testing.java:put(205)) - s1: put 157, m78 -> (t:1, i:157), STATEMACHINELOGENTRY, 78@client-2DC2D47929AC
2023-08-18 03:35:52,082 [s2@group-B9F71DAC6F9C-StateMachineUpdater] INFO  impl.SimpleStateMachine4Testing (SimpleStateMachine4Testing.java:put(205)) - s2: put 93, m46 -> (t:1, i:93), STATEMACHINELOGENTRY, 46@client-2DC2D47929AC
2023-08-18 03:35:52,082 [s1@group-B9F71DAC6F9C-StateMachineUpdater] INFO  impl.SimpleStateMachine4Testing (SimpleStateMachine4Testing.java:put(205)) - s1: put 159, m79 -> (t:1, i:159), STATEMACHINELOGENTRY, 79@client-2DC2D47929AC
2023-08-18 03:35:52,082 [s2@group-B9F71DAC6F9C-StateMachineUpdater] INFO  impl.SimpleStateMachine4Testing (SimpleStateMachine4Testing.java:put(205)) - s2: put 95, m47 -> (t:1, i:95), STATEMACHINELOGENTRY, 47@client-2DC2D47929AC
2023-08-18 03:35:52,082 [s1@group-B9F71DAC6F9C-StateMachineUpdater] INFO  impl.SimpleStateMachine4Testing (SimpleStateMachine4Testing.java:put(205)) - s1: put 161, m80 -> (t:1, i:161), STATEMACHINELOGENTRY, 80@client-2DC2D47929AC
2023-08-18 03:35:52,082 [s2@group-B9F71DAC6F9C-StateMachineUpdater] INFO  impl.SimpleStateMachine4Testing (SimpleStateMachine4Testing.java:put(205)) - s2: put 97, m48 -> (t:1, i:97), STATEMACHINELOGENTRY, 48@client-2DC2D47929AC
2023-08-18 03:35:52,082 [s1@group-B9F71DAC6F9C-StateMachineUpdater] INFO  impl.SimpleStateMachine4Testing (SimpleStateMachine4Testing.java:put(205)) - s1: put 163, m81 -> (t:1, i:163), STATEMACHINELOGENTRY, 81@client-2DC2D47929AC
2023-08-18 03:35:52,082 [s2@group-B9F71DAC6F9C-StateMachineUpdater] INFO  impl.SimpleStateMachine4Testing (SimpleStateMachine4Testing.java:put(205)) - s2: put 99, m49 -> (t:1, i:99), STATEMACHINELOGENTRY, 49@client-2DC2D47929AC
2023-08-18 03:35:52,083 [s1@group-B9F71DAC6F9C-StateMachineUpdater] INFO  impl.SimpleStateMachine4Testing (SimpleStateMachine4Testing.java:put(205)) - s1: put 165, m82 -> (t:1, i:165), STATEMACHINELOGENTRY, 82@client-2DC2D47929AC
2023-08-18 03:35:52,083 [s2@group-B9F71DAC6F9C-StateMachineUpdater] INFO  impl.SimpleStateMachine4Testing (SimpleStateMachine4Testing.java:put(205)) - s2: put 101, m50 -> (t:1, i:101), STATEMACHINELOGENTRY, 50@client-2DC2D47929AC
2023-08-18 03:35:52,083 [s1@group-B9F71DAC6F9C-StateMachineUpdater] INFO  impl.SimpleStateMachine4Testing (SimpleStateMachine4Testing.java:put(205)) - s1: put 167, m83 -> (t:1, i:167), STATEMACHINELOGENTRY, 83@client-2DC2D47929AC
2023-08-18 03:35:52,083 [s2@group-B9F71DAC6F9C-StateMachineUpdater] INFO  impl.SimpleStateMachine4Testing (SimpleStateMachine4Testing.java:put(205)) - s2: put 103, m51 -> (t:1, i:103), STATEMACHINELOGENTRY, 51@client-2DC2D47929AC
2023-08-18 03:35:52,083 [s1@group-B9F71DAC6F9C-StateMachineUpdater] INFO  impl.SimpleStateMachine4Testing (SimpleStateMachine4Testing.java:put(205)) - s1: put 169, m84 -> (t:1, i:169), STATEMACHINELOGENTRY, 84@client-2DC2D47929AC
2023-08-18 03:35:52,083 [s2@group-B9F71DAC6F9C-StateMachineUpdater] INFO  impl.SimpleStateMachine4Testing (SimpleStateMachine4Testing.java:put(205)) - s2: put 105, m52 -> (t:1, i:105), STATEMACHINELOGENTRY, 52@client-2DC2D47929AC
2023-08-18 03:35:52,083 [s1@group-B9F71DAC6F9C-StateMachineUpdater] INFO  impl.SimpleStateMachine4Testing (SimpleStateMachine4Testing.java:put(205)) - s1: put 171, m85 -> (t:1, i:171), STATEMACHINELOGENTRY, 85@client-2DC2D47929AC
2023-08-18 03:35:52,083 [s2@group-B9F71DAC6F9C-StateMachineUpdater] INFO  impl.SimpleStateMachine4Testing (SimpleStateMachine4Testing.java:put(205)) - s2: put 107, m53 -> (t:1, i:107), STATEMACHINELOGENTRY, 53@client-2DC2D47929AC
2023-08-18 03:35:52,083 [s1@group-B9F71DAC6F9C-StateMachineUpdater] INFO  impl.SimpleStateMachine4Testing (SimpleStateMachine4Testing.java:put(205)) - s1: put 173, m86 -> (t:1, i:173), STATEMACHINELOGENTRY, 86@client-2DC2D47929AC
2023-08-18 03:35:52,083 [s1@group-B9F71DAC6F9C-StateMachineUpdater] INFO  impl.SimpleStateMachine4Testing (SimpleStateMachine4Testing.java:put(205)) - s1: put 175, m87 -> (t:1, i:175), STATEMACHINELOGENTRY, 87@client-2DC2D47929AC
2023-08-18 03:35:52,086 [s1@group-B9F71DAC6F9C-StateMachineUpdater] INFO  impl.SimpleStateMachine4Testing (SimpleStateMachine4Testing.java:put(205)) - s1: put 177, m88 -> (t:1, i:177), STATEMACHINELOGENTRY, 88@client-2DC2D47929AC
2023-08-18 03:35:52,087 [s1@group-B9F71DAC6F9C-StateMachineUpdater] INFO  impl.SimpleStateMachine4Testing (SimpleStateMachine4Testing.java:put(205)) - s1: put 179, m89 -> (t:1, i:179), STATEMACHINELOGENTRY, 89@client-2DC2D47929AC
2023-08-18 03:35:52,087 [s1@group-B9F71DAC6F9C-StateMachineUpdater] INFO  impl.SimpleStateMachine4Testing (SimpleStateMachine4Testing.java:put(205)) - s1: put 181, m90 -> (t:1, i:181), STATEMACHINELOGENTRY, 90@client-2DC2D47929AC
2023-08-18 03:35:52,087 [s1@group-B9F71DAC6F9C-StateMachineUpdater] INFO  impl.SimpleStateMachine4Testing (SimpleStateMachine4Testing.java:put(205)) - s1: put 183, m91 -> (t:1, i:183), STATEMACHINELOGENTRY, 91@client-2DC2D47929AC
2023-08-18 03:35:52,087 [s1@group-B9F71DAC6F9C-StateMachineUpdater] INFO  impl.SimpleStateMachine4Testing (SimpleStateMachine4Testing.java:put(205)) - s1: put 185, m92 -> (t:1, i:185), STATEMACHINELOGENTRY, 92@client-2DC2D47929AC
2023-08-18 03:35:52,083 [grpc-default-executor-3] INFO  server.GrpcServerProtocolService (GrpcServerProtocolService.java:onCompleted(155)) - s2: Completed INSTALL_SNAPSHOT, lastRequest: s0->s2#0-t1,chunk:55d5442a-2908-486f-8009-0e40669e736e,10
2023-08-18 03:35:52,087 [grpc-default-executor-3] INFO  server.GrpcServerProtocolService (GrpcServerProtocolService.java:lambda$onCompleted$5(157)) - s2: Completed INSTALL_SNAPSHOT, lastReply: null
2023-08-18 03:35:52,088 [grpc-default-executor-0] INFO  server.GrpcLogAppender (GrpcLogAppender.java:onCompleted(621)) - s0@group-B9F71DAC6F9C->s2-InstallSnapshotResponseHandler: follower responded installSnapshot COMPLETED
2023-08-18 03:35:52,088 [s0@group-B9F71DAC6F9C->s2-GrpcLogAppender-LogAppenderDaemon] INFO  leader.FollowerInfo (FollowerInfoImpl.java:lambda$new$0(52)) - s0@group-B9F71DAC6F9C->s2: snapshotIndex: setUnconditionally 0 -> 191
2023-08-18 03:35:52,088 [s0@group-B9F71DAC6F9C->s2-GrpcLogAppender-LogAppenderDaemon] INFO  leader.FollowerInfo (FollowerInfoImpl.java:lambda$new$0(52)) - s0@group-B9F71DAC6F9C->s2: matchIndex: setUnconditionally -1 -> 191
2023-08-18 03:35:52,088 [s0@group-B9F71DAC6F9C->s2-GrpcLogAppender-LogAppenderDaemon] INFO  leader.FollowerInfo (FollowerInfoImpl.java:lambda$new$0(52)) - s0@group-B9F71DAC6F9C->s2: nextIndex: setUnconditionally 0 -> 192
2023-08-18 03:35:52,088 [s0@group-B9F71DAC6F9C->s2-GrpcLogAppender-LogAppenderDaemon] INFO  server.GrpcLogAppender (GrpcLogAppender.java:installSnapshot(677)) - s0@group-B9F71DAC6F9C->s2-GrpcLogAppender: installed snapshot FileListSnapshotInfo(t:1, i:191):[/home/runner/work/ratis/ratis/ratis-test/target/test/data/24296cbb/MiniRaftClusterWithGrpceae4580e/s0/04db416e-9121-4b21-a311-b9f71dac6f9c/sm/snapshot/1.bin, /home/runner/work/ratis/ratis/ratis-test/target/test/data/24296cbb/MiniRaftClusterWithGrpceae4580e/s0/04db416e-9121-4b21-a311-b9f71dac6f9c/sm/snapshot/sub/2.bin, /home/runner/work/ratis/ratis/ratis-test/target/test/data/24296cbb/MiniRaftClusterWithGrpceae4580e/s0/04db416e-9121-4b21-a311-b9f71dac6f9c/sm/snapshot.1_191] successfully
2023-08-18 03:35:52,090 [s1@group-B9F71DAC6F9C-StateMachineUpdater] INFO  impl.SimpleStateMachine4Testing (SimpleStateMachine4Testing.java:put(205)) - s1: put 187, m93 -> (t:1, i:187), STATEMACHINELOGENTRY, 93@client-2DC2D47929AC
2023-08-18 03:35:52,090 [s1@group-B9F71DAC6F9C-StateMachineUpdater] INFO  impl.SimpleStateMachine4Testing (SimpleStateMachine4Testing.java:put(205)) - s1: put 189, m94 -> (t:1, i:189), STATEMACHINELOGENTRY, 94@client-2DC2D47929AC
2023-08-18 03:35:52,090 [s1@group-B9F71DAC6F9C-StateMachineUpdater] INFO  impl.SimpleStateMachine4Testing (SimpleStateMachine4Testing.java:put(205)) - s1: put 191, m95 -> (t:1, i:191), STATEMACHINELOGENTRY, 95@client-2DC2D47929AC
2023-08-18 03:35:52,091 [s1@group-B9F71DAC6F9C-StateMachineUpdater] INFO  impl.StateMachineUpdater (StateMachineUpdater.java:lambda$new$0(98)) - s1@group-B9F71DAC6F9C-StateMachineUpdater: snapshotIndex: setUnconditionally -1 -> 191
2023-08-18 03:35:52,098 [s1@group-B9F71DAC6F9C-StateMachineUpdater] INFO  impl.StateMachineUpdater (StateMachineUpdater.java:lambda$new$0(98)) - s1@group-B9F71DAC6F9C-StateMachineUpdater: appliedIndex: setUnconditionally -1 -> 191
2023-08-18 03:35:52,103 [s2@group-B9F71DAC6F9C-StateMachineUpdater] INFO  impl.SimpleStateMachine4Testing (SimpleStateMachine4Testing.java:put(205)) - s2: put 109, m54 -> (t:1, i:109), STATEMACHINELOGENTRY, 54@client-2DC2D47929AC
2023-08-18 03:35:52,108 [s2@group-B9F71DAC6F9C-StateMachineUpdater] INFO  impl.SimpleStateMachine4Testing (SimpleStateMachine4Testing.java:put(205)) - s2: put 111, m55 -> (t:1, i:111), STATEMACHINELOGENTRY, 55@client-2DC2D47929AC
2023-08-18 03:35:52,108 [s2@group-B9F71DAC6F9C-StateMachineUpdater] INFO  impl.SimpleStateMachine4Testing (SimpleStateMachine4Testing.java:put(205)) - s2: put 113, m56 -> (t:1, i:113), STATEMACHINELOGENTRY, 56@client-2DC2D47929AC
2023-08-18 03:35:52,108 [s2@group-B9F71DAC6F9C-StateMachineUpdater] INFO  impl.SimpleStateMachine4Testing (SimpleStateMachine4Testing.java:put(205)) - s2: put 115, m57 -> (t:1, i:115), STATEMACHINELOGENTRY, 57@client-2DC2D47929AC
2023-08-18 03:35:52,109 [s2@group-B9F71DAC6F9C-StateMachineUpdater] INFO  impl.SimpleStateMachine4Testing (SimpleStateMachine4Testing.java:put(205)) - s2: put 117, m58 -> (t:1, i:117), STATEMACHINELOGENTRY, 58@client-2DC2D47929AC
2023-08-18 03:35:52,109 [s2@group-B9F71DAC6F9C-StateMachineUpdater] INFO  impl.SimpleStateMachine4Testing (SimpleStateMachine4Testing.java:put(205)) - s2: put 119, m59 -> (t:1, i:119), STATEMACHINELOGENTRY, 59@client-2DC2D47929AC
2023-08-18 03:35:52,109 [s2@group-B9F71DAC6F9C-StateMachineUpdater] INFO  impl.SimpleStateMachine4Testing (SimpleStateMachine4Testing.java:put(205)) - s2: put 121, m60 -> (t:1, i:121), STATEMACHINELOGENTRY, 60@client-2DC2D47929AC
2023-08-18 03:35:52,109 [s2@group-B9F71DAC6F9C-StateMachineUpdater] INFO  impl.SimpleStateMachine4Testing (SimpleStateMachine4Testing.java:put(205)) - s2: put 123, m61 -> (t:1, i:123), STATEMACHINELOGENTRY, 61@client-2DC2D47929AC
2023-08-18 03:35:52,109 [s2@group-B9F71DAC6F9C-StateMachineUpdater] INFO  impl.SimpleStateMachine4Testing (SimpleStateMachine4Testing.java:put(205)) - s2: put 125, m62 -> (t:1, i:125), STATEMACHINELOGENTRY, 62@client-2DC2D47929AC
2023-08-18 03:35:52,109 [s2@group-B9F71DAC6F9C-StateMachineUpdater] INFO  impl.SimpleStateMachine4Testing (SimpleStateMachine4Testing.java:put(205)) - s2: put 127, m63 -> (t:1, i:127), STATEMACHINELOGENTRY, 63@client-2DC2D47929AC
2023-08-18 03:35:52,109 [s2@group-B9F71DAC6F9C-StateMachineUpdater] INFO  impl.SimpleStateMachine4Testing (SimpleStateMachine4Testing.java:put(205)) - s2: put 129, m64 -> (t:1, i:129), STATEMACHINELOGENTRY, 64@client-2DC2D47929AC
2023-08-18 03:35:52,109 [s2@group-B9F71DAC6F9C-StateMachineUpdater] INFO  impl.SimpleStateMachine4Testing (SimpleStateMachine4Testing.java:put(205)) - s2: put 131, m65 -> (t:1, i:131), STATEMACHINELOGENTRY, 65@client-2DC2D47929AC
2023-08-18 03:35:52,109 [s2@group-B9F71DAC6F9C-StateMachineUpdater] INFO  impl.SimpleStateMachine4Testing (SimpleStateMachine4Testing.java:put(205)) - s2: put 133, m66 -> (t:1, i:133), STATEMACHINELOGENTRY, 66@client-2DC2D47929AC
2023-08-18 03:35:52,109 [s2@group-B9F71DAC6F9C-StateMachineUpdater] INFO  impl.SimpleStateMachine4Testing (SimpleStateMachine4Testing.java:put(205)) - s2: put 135, m67 -> (t:1, i:135), STATEMACHINELOGENTRY, 67@client-2DC2D47929AC
2023-08-18 03:35:52,109 [s2@group-B9F71DAC6F9C-StateMachineUpdater] INFO  impl.SimpleStateMachine4Testing (SimpleStateMachine4Testing.java:put(205)) - s2: put 137, m68 -> (t:1, i:137), STATEMACHINELOGENTRY, 68@client-2DC2D47929AC
2023-08-18 03:35:52,109 [s2@group-B9F71DAC6F9C-StateMachineUpdater] INFO  impl.SimpleStateMachine4Testing (SimpleStateMachine4Testing.java:put(205)) - s2: put 139, m69 -> (t:1, i:139), STATEMACHINELOGENTRY, 69@client-2DC2D47929AC
2023-08-18 03:35:52,110 [s2@group-B9F71DAC6F9C-StateMachineUpdater] INFO  impl.SimpleStateMachine4Testing (SimpleStateMachine4Testing.java:put(205)) - s2: put 141, m70 -> (t:1, i:141), STATEMACHINELOGENTRY, 70@client-2DC2D47929AC
2023-08-18 03:35:52,110 [s2@group-B9F71DAC6F9C-StateMachineUpdater] INFO  impl.SimpleStateMachine4Testing (SimpleStateMachine4Testing.java:put(205)) - s2: put 143, m71 -> (t:1, i:143), STATEMACHINELOGENTRY, 71@client-2DC2D47929AC
2023-08-18 03:35:52,110 [s2@group-B9F71DAC6F9C-StateMachineUpdater] INFO  impl.SimpleStateMachine4Testing (SimpleStateMachine4Testing.java:put(205)) - s2: put 145, m72 -> (t:1, i:145), STATEMACHINELOGENTRY, 72@client-2DC2D47929AC
2023-08-18 03:35:52,110 [s2@group-B9F71DAC6F9C-StateMachineUpdater] INFO  impl.SimpleStateMachine4Testing (SimpleStateMachine4Testing.java:put(205)) - s2: put 147, m73 -> (t:1, i:147), STATEMACHINELOGENTRY, 73@client-2DC2D47929AC
2023-08-18 03:35:52,110 [s2@group-B9F71DAC6F9C-StateMachineUpdater] INFO  impl.SimpleStateMachine4Testing (SimpleStateMachine4Testing.java:put(205)) - s2: put 149, m74 -> (t:1, i:149), STATEMACHINELOGENTRY, 74@client-2DC2D47929AC
2023-08-18 03:35:52,110 [s2@group-B9F71DAC6F9C-StateMachineUpdater] INFO  impl.SimpleStateMachine4Testing (SimpleStateMachine4Testing.java:put(205)) - s2: put 151, m75 -> (t:1, i:151), STATEMACHINELOGENTRY, 75@client-2DC2D47929AC
2023-08-18 03:35:52,110 [s2@group-B9F71DAC6F9C-StateMachineUpdater] INFO  impl.SimpleStateMachine4Testing (SimpleStateMachine4Testing.java:put(205)) - s2: put 153, m76 -> (t:1, i:153), STATEMACHINELOGENTRY, 76@client-2DC2D47929AC
2023-08-18 03:35:52,110 [s2@group-B9F71DAC6F9C-StateMachineUpdater] INFO  impl.SimpleStateMachine4Testing (SimpleStateMachine4Testing.java:put(205)) - s2: put 155, m77 -> (t:1, i:155), STATEMACHINELOGENTRY, 77@client-2DC2D47929AC
2023-08-18 03:35:52,110 [s2@group-B9F71DAC6F9C-StateMachineUpdater] INFO  impl.SimpleStateMachine4Testing (SimpleStateMachine4Testing.java:put(205)) - s2: put 157, m78 -> (t:1, i:157), STATEMACHINELOGENTRY, 78@client-2DC2D47929AC
2023-08-18 03:35:52,110 [s2@group-B9F71DAC6F9C-StateMachineUpdater] INFO  impl.SimpleStateMachine4Testing (SimpleStateMachine4Testing.java:put(205)) - s2: put 159, m79 -> (t:1, i:159), STATEMACHINELOGENTRY, 79@client-2DC2D47929AC
2023-08-18 03:35:52,110 [s2@group-B9F71DAC6F9C-StateMachineUpdater] INFO  impl.SimpleStateMachine4Testing (SimpleStateMachine4Testing.java:put(205)) - s2: put 161, m80 -> (t:1, i:161), STATEMACHINELOGENTRY, 80@client-2DC2D47929AC
2023-08-18 03:35:52,110 [s2@group-B9F71DAC6F9C-StateMachineUpdater] INFO  impl.SimpleStateMachine4Testing (SimpleStateMachine4Testing.java:put(205)) - s2: put 163, m81 -> (t:1, i:163), STATEMACHINELOGENTRY, 81@client-2DC2D47929AC
2023-08-18 03:35:52,110 [s2@group-B9F71DAC6F9C-StateMachineUpdater] INFO  impl.SimpleStateMachine4Testing (SimpleStateMachine4Testing.java:put(205)) - s2: put 165, m82 -> (t:1, i:165), STATEMACHINELOGENTRY, 82@client-2DC2D47929AC
2023-08-18 03:35:52,111 [s2@group-B9F71DAC6F9C-StateMachineUpdater] INFO  impl.SimpleStateMachine4Testing (SimpleStateMachine4Testing.java:put(205)) - s2: put 167, m83 -> (t:1, i:167), STATEMACHINELOGENTRY, 83@client-2DC2D47929AC
2023-08-18 03:35:52,111 [s2@group-B9F71DAC6F9C-StateMachineUpdater] INFO  impl.SimpleStateMachine4Testing (SimpleStateMachine4Testing.java:put(205)) - s2: put 169, m84 -> (t:1, i:169), STATEMACHINELOGENTRY, 84@client-2DC2D47929AC
2023-08-18 03:35:52,113 [s2@group-B9F71DAC6F9C-StateMachineUpdater] INFO  impl.SimpleStateMachine4Testing (SimpleStateMachine4Testing.java:put(205)) - s2: put 171, m85 -> (t:1, i:171), STATEMACHINELOGENTRY, 85@client-2DC2D47929AC
2023-08-18 03:35:52,113 [s2@group-B9F71DAC6F9C-StateMachineUpdater] INFO  impl.SimpleStateMachine4Testing (SimpleStateMachine4Testing.java:put(205)) - s2: put 173, m86 -> (t:1, i:173), STATEMACHINELOGENTRY, 86@client-2DC2D47929AC
2023-08-18 03:35:52,113 [s2@group-B9F71DAC6F9C-StateMachineUpdater] INFO  impl.SimpleStateMachine4Testing (SimpleStateMachine4Testing.java:put(205)) - s2: put 175, m87 -> (t:1, i:175), STATEMACHINELOGENTRY, 87@client-2DC2D47929AC
2023-08-18 03:35:52,114 [s2@group-B9F71DAC6F9C-StateMachineUpdater] INFO  impl.SimpleStateMachine4Testing (SimpleStateMachine4Testing.java:put(205)) - s2: put 177, m88 -> (t:1, i:177), STATEMACHINELOGENTRY, 88@client-2DC2D47929AC
2023-08-18 03:35:52,114 [s2@group-B9F71DAC6F9C-StateMachineUpdater] INFO  impl.SimpleStateMachine4Testing (SimpleStateMachine4Testing.java:put(205)) - s2: put 179, m89 -> (t:1, i:179), STATEMACHINELOGENTRY, 89@client-2DC2D47929AC
2023-08-18 03:35:52,114 [s2@group-B9F71DAC6F9C-StateMachineUpdater] INFO  impl.SimpleStateMachine4Testing (SimpleStateMachine4Testing.java:put(205)) - s2: put 181, m90 -> (t:1, i:181), STATEMACHINELOGENTRY, 90@client-2DC2D47929AC
2023-08-18 03:35:52,114 [s2@group-B9F71DAC6F9C-StateMachineUpdater] INFO  impl.SimpleStateMachine4Testing (SimpleStateMachine4Testing.java:put(205)) - s2: put 183, m91 -> (t:1, i:183), STATEMACHINELOGENTRY, 91@client-2DC2D47929AC
2023-08-18 03:35:52,114 [s2@group-B9F71DAC6F9C-StateMachineUpdater] INFO  impl.SimpleStateMachine4Testing (SimpleStateMachine4Testing.java:put(205)) - s2: put 185, m92 -> (t:1, i:185), STATEMACHINELOGENTRY, 92@client-2DC2D47929AC
2023-08-18 03:35:52,114 [s2@group-B9F71DAC6F9C-StateMachineUpdater] INFO  impl.SimpleStateMachine4Testing (SimpleStateMachine4Testing.java:put(205)) - s2: put 187, m93 -> (t:1, i:187), STATEMACHINELOGENTRY, 93@client-2DC2D47929AC
2023-08-18 03:35:52,114 [s2@group-B9F71DAC6F9C-StateMachineUpdater] INFO  impl.SimpleStateMachine4Testing (SimpleStateMachine4Testing.java:put(205)) - s2: put 189, m94 -> (t:1, i:189), STATEMACHINELOGENTRY, 94@client-2DC2D47929AC
2023-08-18 03:35:52,114 [s2@group-B9F71DAC6F9C-StateMachineUpdater] INFO  impl.SimpleStateMachine4Testing (SimpleStateMachine4Testing.java:put(205)) - s2: put 191, m95 -> (t:1, i:191), STATEMACHINELOGENTRY, 95@client-2DC2D47929AC
2023-08-18 03:35:52,114 [s2@group-B9F71DAC6F9C-StateMachineUpdater] INFO  impl.StateMachineUpdater (StateMachineUpdater.java:lambda$new$0(98)) - s2@group-B9F71DAC6F9C-StateMachineUpdater: snapshotIndex: setUnconditionally -1 -> 191
2023-08-18 03:35:52,114 [s2@group-B9F71DAC6F9C-StateMachineUpdater] INFO  impl.StateMachineUpdater (StateMachineUpdater.java:lambda$new$0(98)) - s2@group-B9F71DAC6F9C-StateMachineUpdater: appliedIndex: setUnconditionally -1 -> 191
2023-08-18 03:35:52,114 [s2-server-thread2] INFO  server.RaftServer$Division (ServerState.java:setRaftConf(377)) - s2@group-B9F71DAC6F9C: set configuration 255: peers:[s0|rpc:localhost:33381|admin:localhost:43253|client:localhost:38991|dataStream:localhost:35229|priority:0|startupRole:FOLLOWER, s1|rpc:0.0.0.0:41553|dataStream:|priority:0|startupRole:FOLLOWER, s2|rpc:0.0.0.0:39715|dataStream:|priority:0|startupRole:FOLLOWER]|listeners:[], old=peers:[s0|rpc:localhost:33381|admin:localhost:43253|client:localhost:38991|dataStream:localhost:35229|priority:0|startupRole:FOLLOWER]|listeners:[]
2023-08-18 03:35:52,115 [s2-server-thread2] INFO  segmented.SegmentedRaftLogWorker (SegmentedRaftLogWorker.java:startLogSegment(427)) - s2@group-B9F71DAC6F9C-SegmentedRaftLogWorker: Starting segment from index:192
2023-08-18 03:35:52,126 [s1-server-thread1] INFO  server.RaftServer$Division (ServerState.java:setRaftConf(377)) - s1@group-B9F71DAC6F9C: set configuration 255: peers:[s0|rpc:localhost:33381|admin:localhost:43253|client:localhost:38991|dataStream:localhost:35229|priority:0|startupRole:FOLLOWER, s1|rpc:0.0.0.0:41553|dataStream:|priority:0|startupRole:FOLLOWER, s2|rpc:0.0.0.0:39715|dataStream:|priority:0|startupRole:FOLLOWER]|listeners:[], old=peers:[s0|rpc:localhost:33381|admin:localhost:43253|client:localhost:38991|dataStream:localhost:35229|priority:0|startupRole:FOLLOWER]|listeners:[]
2023-08-18 03:35:52,127 [s2@group-B9F71DAC6F9C-SegmentedRaftLogWorker] INFO  segmented.SegmentedRaftLogWorker (SegmentedRaftLogWorker.java:execute(631)) - s2@group-B9F71DAC6F9C-SegmentedRaftLogWorker: created new log segment /home/runner/work/ratis/ratis/ratis-test/target/test/data/24296cbb/MiniRaftClusterWithGrpceae4580e/s2/04db416e-9121-4b21-a311-b9f71dac6f9c/current/log_inprogress_192
2023-08-18 03:35:52,127 [s1-server-thread1] INFO  segmented.SegmentedRaftLogWorker (SegmentedRaftLogWorker.java:startLogSegment(427)) - s1@group-B9F71DAC6F9C-SegmentedRaftLogWorker: Starting segment from index:192
2023-08-18 03:35:52,140 [s2@group-B9F71DAC6F9C-StateMachineUpdater] INFO  impl.SimpleStateMachine4Testing (SimpleStateMachine4Testing.java:put(205)) - s2: put 193, m96 -> (t:1, i:193), STATEMACHINELOGENTRY, 96@client-2DC2D47929AC
2023-08-18 03:35:52,141 [s2@group-B9F71DAC6F9C-StateMachineUpdater] INFO  impl.SimpleStateMachine4Testing (SimpleStateMachine4Testing.java:put(205)) - s2: put 195, m97 -> (t:1, i:195), STATEMACHINELOGENTRY, 97@client-2DC2D47929AC
2023-08-18 03:35:52,141 [s2@group-B9F71DAC6F9C-StateMachineUpdater] INFO  impl.SimpleStateMachine4Testing (SimpleStateMachine4Testing.java:put(205)) - s2: put 197, m98 -> (t:1, i:197), STATEMACHINELOGENTRY, 98@client-2DC2D47929AC
2023-08-18 03:35:52,142 [s2@group-B9F71DAC6F9C-StateMachineUpdater] INFO  impl.SimpleStateMachine4Testing (SimpleStateMachine4Testing.java:put(205)) - s2: put 199, m99 -> (t:1, i:199), STATEMACHINELOGENTRY, 99@client-2DC2D47929AC
2023-08-18 03:35:52,142 [s2@group-B9F71DAC6F9C-StateMachineUpdater] INFO  impl.SimpleStateMachine4Testing (SimpleStateMachine4Testing.java:put(205)) - s2: put 201, m100 -> (t:1, i:201), STATEMACHINELOGENTRY, 100@client-2DC2D47929AC
2023-08-18 03:35:52,142 [s2@group-B9F71DAC6F9C-StateMachineUpdater] INFO  impl.SimpleStateMachine4Testing (SimpleStateMachine4Testing.java:put(205)) - s2: put 203, m101 -> (t:1, i:203), STATEMACHINELOGENTRY, 101@client-2DC2D47929AC
2023-08-18 03:35:52,142 [s2@group-B9F71DAC6F9C-StateMachineUpdater] INFO  impl.SimpleStateMachine4Testing (SimpleStateMachine4Testing.java:put(205)) - s2: put 205, m102 -> (t:1, i:205), STATEMACHINELOGENTRY, 102@client-2DC2D47929AC
2023-08-18 03:35:52,142 [s2@group-B9F71DAC6F9C-StateMachineUpdater] INFO  impl.SimpleStateMachine4Testing (SimpleStateMachine4Testing.java:put(205)) - s2: put 207, m103 -> (t:1, i:207), STATEMACHINELOGENTRY, 103@client-2DC2D47929AC
2023-08-18 03:35:52,143 [s2@group-B9F71DAC6F9C-StateMachineUpdater] INFO  impl.SimpleStateMachine4Testing (SimpleStateMachine4Testing.java:put(205)) - s2: put 209, m104 -> (t:1, i:209), STATEMACHINELOGENTRY, 104@client-2DC2D47929AC
2023-08-18 03:35:52,143 [s2@group-B9F71DAC6F9C-StateMachineUpdater] INFO  impl.SimpleStateMachine4Testing (SimpleStateMachine4Testing.java:put(205)) - s2: put 211, m105 -> (t:1, i:211), STATEMACHINELOGENTRY, 105@client-2DC2D47929AC
2023-08-18 03:35:52,143 [s2@group-B9F71DAC6F9C-StateMachineUpdater] INFO  impl.SimpleStateMachine4Testing (SimpleStateMachine4Testing.java:put(205)) - s2: put 213, m106 -> (t:1, i:213), STATEMACHINELOGENTRY, 106@client-2DC2D47929AC
2023-08-18 03:35:52,143 [s2@group-B9F71DAC6F9C-StateMachineUpdater] INFO  impl.SimpleStateMachine4Testing (SimpleStateMachine4Testing.java:put(205)) - s2: put 215, m107 -> (t:1, i:215), STATEMACHINELOGENTRY, 107@client-2DC2D47929AC
2023-08-18 03:35:52,143 [s2@group-B9F71DAC6F9C-StateMachineUpdater] INFO  impl.SimpleStateMachine4Testing (SimpleStateMachine4Testing.java:put(205)) - s2: put 217, m108 -> (t:1, i:217), STATEMACHINELOGENTRY, 108@client-2DC2D47929AC
2023-08-18 03:35:52,144 [s2@group-B9F71DAC6F9C-StateMachineUpdater] INFO  impl.SimpleStateMachine4Testing (SimpleStateMachine4Testing.java:put(205)) - s2: put 219, m109 -> (t:1, i:219), STATEMACHINELOGENTRY, 109@client-2DC2D47929AC
2023-08-18 03:35:52,144 [s2@group-B9F71DAC6F9C-StateMachineUpdater] INFO  impl.SimpleStateMachine4Testing (SimpleStateMachine4Testing.java:put(205)) - s2: put 221, m110 -> (t:1, i:221), STATEMACHINELOGENTRY, 110@client-2DC2D47929AC
2023-08-18 03:35:52,144 [s2@group-B9F71DAC6F9C-StateMachineUpdater] INFO  impl.SimpleStateMachine4Testing (SimpleStateMachine4Testing.java:put(205)) - s2: put 223, m111 -> (t:1, i:223), STATEMACHINELOGENTRY, 111@client-2DC2D47929AC
2023-08-18 03:35:52,145 [s2@group-B9F71DAC6F9C-StateMachineUpdater] INFO  impl.SimpleStateMachine4Testing (SimpleStateMachine4Testing.java:put(205)) - s2: put 225, m112 -> (t:1, i:225), STATEMACHINELOGENTRY, 112@client-2DC2D47929AC
2023-08-18 03:35:52,145 [s2@group-B9F71DAC6F9C-StateMachineUpdater] INFO  impl.SimpleStateMachine4Testing (SimpleStateMachine4Testing.java:put(205)) - s2: put 227, m113 -> (t:1, i:227), STATEMACHINELOGENTRY, 113@client-2DC2D47929AC
2023-08-18 03:35:52,145 [s2@group-B9F71DAC6F9C-StateMachineUpdater] INFO  impl.SimpleStateMachine4Testing (SimpleStateMachine4Testing.java:put(205)) - s2: put 229, m114 -> (t:1, i:229), STATEMACHINELOGENTRY, 114@client-2DC2D47929AC
2023-08-18 03:35:52,145 [s2@group-B9F71DAC6F9C-StateMachineUpdater] INFO  impl.SimpleStateMachine4Testing (SimpleStateMachine4Testing.java:put(205)) - s2: put 231, m115 -> (t:1, i:231), STATEMACHINELOGENTRY, 115@client-2DC2D47929AC
2023-08-18 03:35:52,145 [s2@group-B9F71DAC6F9C-StateMachineUpdater] INFO  impl.SimpleStateMachine4Testing (SimpleStateMachine4Testing.java:put(205)) - s2: put 233, m116 -> (t:1, i:233), STATEMACHINELOGENTRY, 116@client-2DC2D47929AC
2023-08-18 03:35:52,146 [s2@group-B9F71DAC6F9C-StateMachineUpdater] INFO  impl.SimpleStateMachine4Testing (SimpleStateMachine4Testing.java:put(205)) - s2: put 235, m117 -> (t:1, i:235), STATEMACHINELOGENTRY, 117@client-2DC2D47929AC
2023-08-18 03:35:52,146 [s2@group-B9F71DAC6F9C-StateMachineUpdater] INFO  impl.SimpleStateMachine4Testing (SimpleStateMachine4Testing.java:put(205)) - s2: put 237, m118 -> (t:1, i:237), STATEMACHINELOGENTRY, 118@client-2DC2D47929AC
2023-08-18 03:35:52,146 [s2@group-B9F71DAC6F9C-StateMachineUpdater] INFO  impl.SimpleStateMachine4Testing (SimpleStateMachine4Testing.java:put(205)) - s2: put 239, m119 -> (t:1, i:239), STATEMACHINELOGENTRY, 119@client-2DC2D47929AC
2023-08-18 03:35:52,146 [s2@group-B9F71DAC6F9C-StateMachineUpdater] INFO  impl.SimpleStateMachine4Testing (SimpleStateMachine4Testing.java:put(205)) - s2: put 241, m120 -> (t:1, i:241), STATEMACHINELOGENTRY, 120@client-2DC2D47929AC
2023-08-18 03:35:52,146 [s2@group-B9F71DAC6F9C-StateMachineUpdater] INFO  impl.SimpleStateMachine4Testing (SimpleStateMachine4Testing.java:put(205)) - s2: put 243, m121 -> (t:1, i:243), STATEMACHINELOGENTRY, 121@client-2DC2D47929AC
2023-08-18 03:35:52,146 [s1@group-B9F71DAC6F9C-SegmentedRaftLogWorker] INFO  segmented.SegmentedRaftLogWorker (SegmentedRaftLogWorker.java:execute(631)) - s1@group-B9F71DAC6F9C-SegmentedRaftLogWorker: created new log segment /home/runner/work/ratis/ratis/ratis-test/target/test/data/24296cbb/MiniRaftClusterWithGrpceae4580e/s1/04db416e-9121-4b21-a311-b9f71dac6f9c/current/log_inprogress_192
2023-08-18 03:35:52,149 [s0@group-B9F71DAC6F9C-LeaderStateImpl] INFO  server.RaftServer$Division (ServerState.java:setRaftConf(377)) - s0@group-B9F71DAC6F9C: set configuration 257: peers:[s0|rpc:localhost:33381|admin:localhost:43253|client:localhost:38991|dataStream:localhost:35229|priority:0|startupRole:FOLLOWER, s1|rpc:0.0.0.0:41553|dataStream:|priority:0|startupRole:FOLLOWER, s2|rpc:0.0.0.0:39715|dataStream:|priority:0|startupRole:FOLLOWER]|listeners:[], old=null
2023-08-18 03:35:52,150 [s2@group-B9F71DAC6F9C-StateMachineUpdater] INFO  impl.SimpleStateMachine4Testing (SimpleStateMachine4Testing.java:put(205)) - s2: put 245, m122 -> (t:1, i:245), STATEMACHINELOGENTRY, 122@client-2DC2D47929AC
2023-08-18 03:35:52,151 [s2@group-B9F71DAC6F9C-StateMachineUpdater] INFO  impl.SimpleStateMachine4Testing (SimpleStateMachine4Testing.java:put(205)) - s2: put 247, m123 -> (t:1, i:247), STATEMACHINELOGENTRY, 123@client-2DC2D47929AC
2023-08-18 03:35:52,154 [s1-server-thread1] INFO  server.RaftServer$Division (ServerState.java:setRaftConf(377)) - s1@group-B9F71DAC6F9C: set configuration 257: peers:[s0|rpc:localhost:33381|admin:localhost:43253|client:localhost:38991|dataStream:localhost:35229|priority:0|startupRole:FOLLOWER, s1|rpc:0.0.0.0:41553|dataStream:|priority:0|startupRole:FOLLOWER, s2|rpc:0.0.0.0:39715|dataStream:|priority:0|startupRole:FOLLOWER]|listeners:[], old=null
2023-08-18 03:35:52,155 [s2@group-B9F71DAC6F9C-StateMachineUpdater] INFO  impl.SimpleStateMachine4Testing (SimpleStateMachine4Testing.java:put(205)) - s2: put 249, m124 -> (t:1, i:249), STATEMACHINELOGENTRY, 124@client-2DC2D47929AC
2023-08-18 03:35:52,155 [s2-server-thread2] INFO  server.RaftServer$Division (ServerState.java:setRaftConf(377)) - s2@group-B9F71DAC6F9C: set configuration 257: peers:[s0|rpc:localhost:33381|admin:localhost:43253|client:localhost:38991|dataStream:localhost:35229|priority:0|startupRole:FOLLOWER, s1|rpc:0.0.0.0:41553|dataStream:|priority:0|startupRole:FOLLOWER, s2|rpc:0.0.0.0:39715|dataStream:|priority:0|startupRole:FOLLOWER]|listeners:[], old=null
2023-08-18 03:35:52,155 [s2@group-B9F71DAC6F9C-StateMachineUpdater] INFO  impl.SimpleStateMachine4Testing (SimpleStateMachine4Testing.java:put(205)) - s2: put 251, m125 -> (t:1, i:251), STATEMACHINELOGENTRY, 125@client-2DC2D47929AC
2023-08-18 03:35:52,155 [s1@group-B9F71DAC6F9C-StateMachineUpdater] INFO  impl.SimpleStateMachine4Testing (SimpleStateMachine4Testing.java:put(205)) - s1: put 193, m96 -> (t:1, i:193), STATEMACHINELOGENTRY, 96@client-2DC2D47929AC
2023-08-18 03:35:52,155 [s2@group-B9F71DAC6F9C-StateMachineUpdater] INFO  impl.SimpleStateMachine4Testing (SimpleStateMachine4Testing.java:put(205)) - s2: put 253, m126 -> (t:1, i:253), STATEMACHINELOGENTRY, 126@client-2DC2D47929AC
2023-08-18 03:35:52,155 [s1@group-B9F71DAC6F9C-StateMachineUpdater] INFO  impl.SimpleStateMachine4Testing (SimpleStateMachine4Testing.java:put(205)) - s1: put 195, m97 -> (t:1, i:195), STATEMACHINELOGENTRY, 97@client-2DC2D47929AC
2023-08-18 03:35:52,156 [s1@group-B9F71DAC6F9C-StateMachineUpdater] INFO  impl.SimpleStateMachine4Testing (SimpleStateMachine4Testing.java:put(205)) - s1: put 197, m98 -> (t:1, i:197), STATEMACHINELOGENTRY, 98@client-2DC2D47929AC
2023-08-18 03:35:52,156 [s1@group-B9F71DAC6F9C-StateMachineUpdater] INFO  impl.SimpleStateMachine4Testing (SimpleStateMachine4Testing.java:put(205)) - s1: put 199, m99 -> (t:1, i:199), STATEMACHINELOGENTRY, 99@client-2DC2D47929AC
2023-08-18 03:35:52,156 [s1@group-B9F71DAC6F9C-StateMachineUpdater] INFO  impl.SimpleStateMachine4Testing (SimpleStateMachine4Testing.java:put(205)) - s1: put 201, m100 -> (t:1, i:201), STATEMACHINELOGENTRY, 100@client-2DC2D47929AC
2023-08-18 03:35:52,156 [s1@group-B9F71DAC6F9C-StateMachineUpdater] INFO  impl.SimpleStateMachine4Testing (SimpleStateMachine4Testing.java:put(205)) - s1: put 203, m101 -> (t:1, i:203), STATEMACHINELOGENTRY, 101@client-2DC2D47929AC
2023-08-18 03:35:52,157 [s1@group-B9F71DAC6F9C-StateMachineUpdater] INFO  impl.SimpleStateMachine4Testing (SimpleStateMachine4Testing.java:put(205)) - s1: put 205, m102 -> (t:1, i:205), STATEMACHINELOGENTRY, 102@client-2DC2D47929AC
2023-08-18 03:35:52,157 [s1@group-B9F71DAC6F9C-StateMachineUpdater] INFO  impl.SimpleStateMachine4Testing (SimpleStateMachine4Testing.java:put(205)) - s1: put 207, m103 -> (t:1, i:207), STATEMACHINELOGENTRY, 103@client-2DC2D47929AC
2023-08-18 03:35:52,157 [s1@group-B9F71DAC6F9C-StateMachineUpdater] INFO  impl.SimpleStateMachine4Testing (SimpleStateMachine4Testing.java:put(205)) - s1: put 209, m104 -> (t:1, i:209), STATEMACHINELOGENTRY, 104@client-2DC2D47929AC
2023-08-18 03:35:52,157 [s1@group-B9F71DAC6F9C-StateMachineUpdater] INFO  impl.SimpleStateMachine4Testing (SimpleStateMachine4Testing.java:put(205)) - s1: put 211, m105 -> (t:1, i:211), STATEMACHINELOGENTRY, 105@client-2DC2D47929AC
2023-08-18 03:35:52,157 [s1@group-B9F71DAC6F9C-StateMachineUpdater] INFO  impl.SimpleStateMachine4Testing (SimpleStateMachine4Testing.java:put(205)) - s1: put 213, m106 -> (t:1, i:213), STATEMACHINELOGENTRY, 106@client-2DC2D47929AC
2023-08-18 03:35:52,158 [s1@group-B9F71DAC6F9C-StateMachineUpdater] INFO  impl.SimpleStateMachine4Testing (SimpleStateMachine4Testing.java:put(205)) - s1: put 215, m107 -> (t:1, i:215), STATEMACHINELOGENTRY, 107@client-2DC2D47929AC
2023-08-18 03:35:52,158 [s1@group-B9F71DAC6F9C-StateMachineUpdater] INFO  impl.SimpleStateMachine4Testing (SimpleStateMachine4Testing.java:put(205)) - s1: put 217, m108 -> (t:1, i:217), STATEMACHINELOGENTRY, 108@client-2DC2D47929AC
2023-08-18 03:35:52,158 [s1@group-B9F71DAC6F9C-StateMachineUpdater] INFO  impl.SimpleStateMachine4Testing (SimpleStateMachine4Testing.java:put(205)) - s1: put 219, m109 -> (t:1, i:219), STATEMACHINELOGENTRY, 109@client-2DC2D47929AC
2023-08-18 03:35:52,158 [s1@group-B9F71DAC6F9C-StateMachineUpdater] INFO  impl.SimpleStateMachine4Testing (SimpleStateMachine4Testing.java:put(205)) - s1: put 221, m110 -> (t:1, i:221), STATEMACHINELOGENTRY, 110@client-2DC2D47929AC
2023-08-18 03:35:52,158 [s1@group-B9F71DAC6F9C-StateMachineUpdater] INFO  impl.SimpleStateMachine4Testing (SimpleStateMachine4Testing.java:put(205)) - s1: put 223, m111 -> (t:1, i:223), STATEMACHINELOGENTRY, 111@client-2DC2D47929AC
2023-08-18 03:35:52,158 [s1@group-B9F71DAC6F9C-StateMachineUpdater] INFO  impl.SimpleStateMachine4Testing (SimpleStateMachine4Testing.java:put(205)) - s1: put 225, m112 -> (t:1, i:225), STATEMACHINELOGENTRY, 112@client-2DC2D47929AC
2023-08-18 03:35:52,159 [s1@group-B9F71DAC6F9C-StateMachineUpdater] INFO  impl.SimpleStateMachine4Testing (SimpleStateMachine4Testing.java:put(205)) - s1: put 227, m113 -> (t:1, i:227), STATEMACHINELOGENTRY, 113@client-2DC2D47929AC
2023-08-18 03:35:52,159 [s1@group-B9F71DAC6F9C-StateMachineUpdater] INFO  impl.SimpleStateMachine4Testing (SimpleStateMachine4Testing.java:put(205)) - s1: put 229, m114 -> (t:1, i:229), STATEMACHINELOGENTRY, 114@client-2DC2D47929AC
2023-08-18 03:35:52,160 [s1@group-B9F71DAC6F9C-StateMachineUpdater] INFO  impl.SimpleStateMachine4Testing (SimpleStateMachine4Testing.java:put(205)) - s1: put 231, m115 -> (t:1, i:231), STATEMACHINELOGENTRY, 115@client-2DC2D47929AC
2023-08-18 03:35:52,160 [s1@group-B9F71DAC6F9C-StateMachineUpdater] INFO  impl.SimpleStateMachine4Testing (SimpleStateMachine4Testing.java:put(205)) - s1: put 233, m116 -> (t:1, i:233), STATEMACHINELOGENTRY, 116@client-2DC2D47929AC
2023-08-18 03:35:52,160 [s1@group-B9F71DAC6F9C-StateMachineUpdater] INFO  impl.SimpleStateMachine4Testing (SimpleStateMachine4Testing.java:put(205)) - s1: put 235, m117 -> (t:1, i:235), STATEMACHINELOGENTRY, 117@client-2DC2D47929AC
2023-08-18 03:35:52,160 [s1@group-B9F71DAC6F9C-StateMachineUpdater] INFO  impl.SimpleStateMachine4Testing (SimpleStateMachine4Testing.java:put(205)) - s1: put 237, m118 -> (t:1, i:237), STATEMACHINELOGENTRY, 118@client-2DC2D47929AC
2023-08-18 03:35:52,161 [s1@group-B9F71DAC6F9C-StateMachineUpdater] INFO  impl.SimpleStateMachine4Testing (SimpleStateMachine4Testing.java:put(205)) - s1: put 239, m119 -> (t:1, i:239), STATEMACHINELOGENTRY, 119@client-2DC2D47929AC
2023-08-18 03:35:52,161 [s1@group-B9F71DAC6F9C-StateMachineUpdater] INFO  impl.SimpleStateMachine4Testing (SimpleStateMachine4Testing.java:put(205)) - s1: put 241, m120 -> (t:1, i:241), STATEMACHINELOGENTRY, 120@client-2DC2D47929AC
2023-08-18 03:35:52,161 [s1@group-B9F71DAC6F9C-StateMachineUpdater] INFO  impl.SimpleStateMachine4Testing (SimpleStateMachine4Testing.java:put(205)) - s1: put 243, m121 -> (t:1, i:243), STATEMACHINELOGENTRY, 121@client-2DC2D47929AC
2023-08-18 03:35:52,161 [s1@group-B9F71DAC6F9C-StateMachineUpdater] INFO  impl.SimpleStateMachine4Testing (SimpleStateMachine4Testing.java:put(205)) - s1: put 245, m122 -> (t:1, i:245), STATEMACHINELOGENTRY, 122@client-2DC2D47929AC
2023-08-18 03:35:52,161 [s1@group-B9F71DAC6F9C-StateMachineUpdater] INFO  impl.SimpleStateMachine4Testing (SimpleStateMachine4Testing.java:put(205)) - s1: put 247, m123 -> (t:1, i:247), STATEMACHINELOGENTRY, 123@client-2DC2D47929AC
2023-08-18 03:35:52,161 [s1@group-B9F71DAC6F9C-StateMachineUpdater] INFO  impl.SimpleStateMachine4Testing (SimpleStateMachine4Testing.java:put(205)) - s1: put 249, m124 -> (t:1, i:249), STATEMACHINELOGENTRY, 124@client-2DC2D47929AC
2023-08-18 03:35:52,162 [s1@group-B9F71DAC6F9C-StateMachineUpdater] INFO  impl.SimpleStateMachine4Testing (SimpleStateMachine4Testing.java:put(205)) - s1: put 251, m125 -> (t:1, i:251), STATEMACHINELOGENTRY, 125@client-2DC2D47929AC
2023-08-18 03:35:52,162 [s1@group-B9F71DAC6F9C-StateMachineUpdater] INFO  impl.SimpleStateMachine4Testing (SimpleStateMachine4Testing.java:put(205)) - s1: put 253, m126 -> (t:1, i:253), STATEMACHINELOGENTRY, 126@client-2DC2D47929AC
2023-08-18 03:35:52,169 [s0@group-B9F71DAC6F9C-StateMachineUpdater] INFO  impl.StateMachineUpdater (StateMachineUpdater.java:takeSnapshot(295)) - s0@group-B9F71DAC6F9C-StateMachineUpdater: Took a snapshot at index 255
2023-08-18 03:35:52,169 [s0@group-B9F71DAC6F9C-StateMachineUpdater] INFO  impl.StateMachineUpdater (StateMachineUpdater.java:lambda$new$0(98)) - s0@group-B9F71DAC6F9C-StateMachineUpdater: snapshotIndex: updateIncreasingly 191 -> 255
2023-08-18 03:35:52,170 [s0@group-B9F71DAC6F9C-StateMachineUpdater] INFO  raftlog.RaftLog (RaftLogBase.java:purge(315)) - s0@group-B9F71DAC6F9C-SegmentedRaftLog: purge 255
2023-08-18 03:35:52,170 [s0@group-B9F71DAC6F9C-StateMachineUpdater] INFO  raftlog.RaftLog (RaftLogBase.java:lambda$new$0(54)) - s0@group-B9F71DAC6F9C-SegmentedRaftLog: snapshotIndex: updateIncreasingly 191 -> 255
2023-08-18 03:35:52,170 [s0@group-B9F71DAC6F9C-StateMachineUpdater] INFO  raftlog.RaftLog (RaftLogBase.java:lambda$new$0(54)) - s0@group-B9F71DAC6F9C-SegmentedRaftLog: purgeIndex: updateToMax old=191, new=255, updated? true
2023-08-18 03:35:52,186 [Time-limited test] INFO  server.RaftServerConfigKeys (ConfUtils.java:logGet(46)) - raft.server.rpc.timeout.max = 300ms (default)
2023-08-18 03:35:52,187 [Time-limited test] INFO  impl.RaftServerTestUtil (RaftServerTestUtil.java:waitAndCheckNewConf(87)) - waitAndCheckNewConf: peers=[s1|rpc:0.0.0.0:41553|priority:0|startupRole:FOLLOWER, s2|rpc:0.0.0.0:39715|priority:0|startupRole:FOLLOWER, s0|rpc:localhost:33381|admin:localhost:43253|client:localhost:38991|dataStream:localhost:35229|priority:0|startupRole:FOLLOWER], deadPeers=null, printing ALL groups
  s0:  RUNNING    LEADER s0@group-B9F71DAC6F9C:t1, leader=s0, voted=s0, raftlog=Memoized:s0@group-B9F71DAC6F9C-SegmentedRaftLog:OPENED:c258, conf=257: peers:[s0|rpc:localhost:33381|admin:localhost:43253|client:localhost:38991|dataStream:localhost:35229|priority:0|startupRole:FOLLOWER, s1|rpc:0.0.0.0:41553|dataStream:|priority:0|startupRole:FOLLOWER, s2|rpc:0.0.0.0:39715|dataStream:|priority:0|startupRole:FOLLOWER]|listeners:[], old=null RUNNING
  s1:  RUNNING  FOLLOWER s1@group-B9F71DAC6F9C:t1, leader=s0, voted=null, raftlog=Memoized:s1@group-B9F71DAC6F9C-SegmentedRaftLog:OPENED:c257, conf=257: peers:[s0|rpc:localhost:33381|admin:localhost:43253|client:localhost:38991|dataStream:localhost:35229|priority:0|startupRole:FOLLOWER, s1|rpc:0.0.0.0:41553|dataStream:|priority:0|startupRole:FOLLOWER, s2|rpc:0.0.0.0:39715|dataStream:|priority:0|startupRole:FOLLOWER]|listeners:[], old=null STARTING
  s2:  RUNNING  FOLLOWER s2@group-B9F71DAC6F9C:t1, leader=s0, voted=null, raftlog=Memoized:s2@group-B9F71DAC6F9C-SegmentedRaftLog:OPENED:c257, conf=257: peers:[s0|rpc:localhost:33381|admin:localhost:43253|client:localhost:38991|dataStream:localhost:35229|priority:0|startupRole:FOLLOWER, s1|rpc:0.0.0.0:41553|dataStream:|priority:0|startupRole:FOLLOWER, s2|rpc:0.0.0.0:39715|dataStream:|priority:0|startupRole:FOLLOWER]|listeners:[], old=null STARTING
2023-08-18 03:35:52,188 [Time-limited test] INFO  impl.RaftServerTestUtil (RaftServerTestUtil.java:waitAndCheckNewConf(96)) - checking    LEADER s0@group-B9F71DAC6F9C:t1, leader=s0, voted=s0, raftlog=Memoized:s0@group-B9F71DAC6F9C-SegmentedRaftLog:OPENED:c258, conf=257: peers:[s0|rpc:localhost:33381|admin:localhost:43253|client:localhost:38991|dataStream:localhost:35229|priority:0|startupRole:FOLLOWER, s1|rpc:0.0.0.0:41553|dataStream:|priority:0|startupRole:FOLLOWER, s2|rpc:0.0.0.0:39715|dataStream:|priority:0|startupRole:FOLLOWER]|listeners:[], old=null RUNNING
2023-08-18 03:35:52,188 [Time-limited test] INFO  impl.RaftServerTestUtil (RaftServerTestUtil.java:waitAndCheckNewConf(96)) - checking  FOLLOWER s1@group-B9F71DAC6F9C:t1, leader=s0, voted=null, raftlog=Memoized:s1@group-B9F71DAC6F9C-SegmentedRaftLog:OPENED:c257, conf=257: peers:[s0|rpc:localhost:33381|admin:localhost:43253|client:localhost:38991|dataStream:localhost:35229|priority:0|startupRole:FOLLOWER, s1|rpc:0.0.0.0:41553|dataStream:|priority:0|startupRole:FOLLOWER, s2|rpc:0.0.0.0:39715|dataStream:|priority:0|startupRole:FOLLOWER]|listeners:[], old=null STARTING
2023-08-18 03:35:52,188 [Time-limited test] INFO  impl.RaftServerTestUtil (RaftServerTestUtil.java:waitAndCheckNewConf(96)) - checking  FOLLOWER s2@group-B9F71DAC6F9C:t1, leader=s0, voted=null, raftlog=Memoized:s2@group-B9F71DAC6F9C-SegmentedRaftLog:OPENED:c257, conf=257: peers:[s0|rpc:localhost:33381|admin:localhost:43253|client:localhost:38991|dataStream:localhost:35229|priority:0|startupRole:FOLLOWER, s1|rpc:0.0.0.0:41553|dataStream:|priority:0|startupRole:FOLLOWER, s2|rpc:0.0.0.0:39715|dataStream:|priority:0|startupRole:FOLLOWER]|listeners:[], old=null STARTING
2023-08-18 03:35:52,192 [Time-limited test] INFO  impl.MiniRaftCluster (MiniRaftCluster.java:shutdown(831)) - ************************************************************** 
2023-08-18 03:35:52,192 [Time-limited test] INFO  impl.MiniRaftCluster (MiniRaftCluster.java:shutdown(832)) - *** 
2023-08-18 03:35:52,192 [Time-limited test] INFO  impl.MiniRaftCluster (MiniRaftCluster.java:shutdown(833)) - ***     Stopping MiniRaftClusterWithGrpc
2023-08-18 03:35:52,192 [Time-limited test] INFO  impl.MiniRaftCluster (MiniRaftCluster.java:shutdown(834)) - *** 
2023-08-18 03:35:52,192 [Time-limited test] INFO  impl.MiniRaftCluster (MiniRaftCluster.java:shutdown(835)) - ************************************************************** 
2023-08-18 03:35:52,192 [Time-limited test] INFO  impl.MiniRaftCluster (MiniRaftCluster.java:shutdown(836)) - printing ALL groups
  s0:  RUNNING    LEADER s0@group-B9F71DAC6F9C:t1, leader=s0, voted=s0, raftlog=Memoized:s0@group-B9F71DAC6F9C-SegmentedRaftLog:OPENED:c258, conf=257: peers:[s0|rpc:localhost:33381|admin:localhost:43253|client:localhost:38991|dataStream:localhost:35229|priority:0|startupRole:FOLLOWER, s1|rpc:0.0.0.0:41553|dataStream:|priority:0|startupRole:FOLLOWER, s2|rpc:0.0.0.0:39715|dataStream:|priority:0|startupRole:FOLLOWER]|listeners:[], old=null RUNNING
  s1:  RUNNING  FOLLOWER s1@group-B9F71DAC6F9C:t1, leader=s0, voted=null, raftlog=Memoized:s1@group-B9F71DAC6F9C-SegmentedRaftLog:OPENED:c257, conf=257: peers:[s0|rpc:localhost:33381|admin:localhost:43253|client:localhost:38991|dataStream:localhost:35229|priority:0|startupRole:FOLLOWER, s1|rpc:0.0.0.0:41553|dataStream:|priority:0|startupRole:FOLLOWER, s2|rpc:0.0.0.0:39715|dataStream:|priority:0|startupRole:FOLLOWER]|listeners:[], old=null STARTING
  s2:  RUNNING  FOLLOWER s2@group-B9F71DAC6F9C:t1, leader=s0, voted=null, raftlog=Memoized:s2@group-B9F71DAC6F9C-SegmentedRaftLog:OPENED:c257, conf=257: peers:[s0|rpc:localhost:33381|admin:localhost:43253|client:localhost:38991|dataStream:localhost:35229|priority:0|startupRole:FOLLOWER, s1|rpc:0.0.0.0:41553|dataStream:|priority:0|startupRole:FOLLOWER, s2|rpc:0.0.0.0:39715|dataStream:|priority:0|startupRole:FOLLOWER]|listeners:[], old=null STARTING
2023-08-18 03:35:52,193 [s2@group-B9F71DAC6F9C-StateMachineUpdater] INFO  impl.StateMachineUpdater (StateMachineUpdater.java:takeSnapshot(295)) - s2@group-B9F71DAC6F9C-StateMachineUpdater: Took a snapshot at index 255
2023-08-18 03:35:52,196 [s2@group-B9F71DAC6F9C-StateMachineUpdater] INFO  impl.StateMachineUpdater (StateMachineUpdater.java:lambda$new$0(98)) - s2@group-B9F71DAC6F9C-StateMachineUpdater: snapshotIndex: updateIncreasingly 191 -> 255
2023-08-18 03:35:52,196 [s2@group-B9F71DAC6F9C-StateMachineUpdater] INFO  raftlog.RaftLog (RaftLogBase.java:purge(315)) - s2@group-B9F71DAC6F9C-SegmentedRaftLog: purge 255
2023-08-18 03:35:52,196 [s2@group-B9F71DAC6F9C-StateMachineUpdater] INFO  raftlog.RaftLog (RaftLogBase.java:lambda$new$0(54)) - s2@group-B9F71DAC6F9C-SegmentedRaftLog: snapshotIndex: updateIncreasingly 191 -> 255
2023-08-18 03:35:52,196 [s2@group-B9F71DAC6F9C-StateMachineUpdater] INFO  raftlog.RaftLog (RaftLogBase.java:lambda$new$0(54)) - s2@group-B9F71DAC6F9C-SegmentedRaftLog: purgeIndex: updateToMax old=-1, new=255, updated? true
2023-08-18 03:35:52,199 [s1@group-B9F71DAC6F9C-StateMachineUpdater] INFO  impl.StateMachineUpdater (StateMachineUpdater.java:takeSnapshot(295)) - s1@group-B9F71DAC6F9C-StateMachineUpdater: Took a snapshot at index 255
2023-08-18 03:35:52,200 [s1@group-B9F71DAC6F9C-StateMachineUpdater] INFO  impl.StateMachineUpdater (StateMachineUpdater.java:lambda$new$0(98)) - s1@group-B9F71DAC6F9C-StateMachineUpdater: snapshotIndex: updateIncreasingly 191 -> 255
2023-08-18 03:35:52,200 [s1@group-B9F71DAC6F9C-StateMachineUpdater] INFO  raftlog.RaftLog (RaftLogBase.java:purge(315)) - s1@group-B9F71DAC6F9C-SegmentedRaftLog: purge 254
2023-08-18 03:35:52,201 [s1@group-B9F71DAC6F9C-StateMachineUpdater] INFO  raftlog.RaftLog (RaftLogBase.java:lambda$new$0(54)) - s1@group-B9F71DAC6F9C-SegmentedRaftLog: snapshotIndex: updateIncreasingly 191 -> 255
2023-08-18 03:35:52,201 [s1@group-B9F71DAC6F9C-StateMachineUpdater] INFO  raftlog.RaftLog (RaftLogBase.java:lambda$new$0(54)) - s1@group-B9F71DAC6F9C-SegmentedRaftLog: purgeIndex: updateToMax old=-1, new=254, updated? true
2023-08-18 03:35:52,197 [MiniRaftCluster-2] INFO  server.RaftServer (RaftServerProxy.java:lambda$close$7(418)) - s1: close
2023-08-18 03:35:52,197 [MiniRaftCluster-3] INFO  server.RaftServer (RaftServerProxy.java:lambda$close$7(418)) - s2: close
2023-08-18 03:35:52,199 [MiniRaftCluster-1] INFO  server.RaftServer (RaftServerProxy.java:lambda$close$7(418)) - s0: close
2023-08-18 03:35:52,202 [MiniRaftCluster-2] INFO  server.GrpcService (GrpcService.java:closeImpl(311)) - s1: shutdown server GrpcServerProtocolService now
2023-08-18 03:35:52,202 [s1-impl-thread1] INFO  server.RaftServer$Division (RaftServerImpl.java:lambda$close$3(508)) - s1@group-B9F71DAC6F9C: shutdown
2023-08-18 03:35:52,202 [s1-impl-thread1] INFO  util.JmxRegister (JmxRegister.java:unregister(73)) - Successfully un-registered JMX Bean with object name Ratis:service=RaftServer,group=group-B9F71DAC6F9C,id=s1
2023-08-18 03:35:52,202 [s1-impl-thread1] INFO  impl.StateMachineUpdater (StateMachineUpdater.java:stopAndJoin(157)) - s1@group-B9F71DAC6F9C-StateMachineUpdater: set stopIndex = 257
2023-08-18 03:35:52,204 [s0-impl-thread1] INFO  server.RaftServer$Division (RaftServerImpl.java:lambda$close$3(508)) - s0@group-B9F71DAC6F9C: shutdown
2023-08-18 03:35:52,204 [s0-impl-thread1] INFO  util.JmxRegister (JmxRegister.java:unregister(73)) - Successfully un-registered JMX Bean with object name Ratis:service=RaftServer,group=group-B9F71DAC6F9C,id=s0
2023-08-18 03:35:52,204 [s0-impl-thread1] INFO  impl.RoleInfo (RoleInfo.java:shutdownLeaderState(92)) - s0: shutdown s0@group-B9F71DAC6F9C-LeaderStateImpl
2023-08-18 03:35:52,205 [s0-impl-thread1] INFO  impl.PendingRequests (PendingRequests.java:sendNotLeaderResponses(289)) - s0@group-B9F71DAC6F9C-PendingRequests: sendNotLeaderResponses
2023-08-18 03:35:52,205 [s0@group-B9F71DAC6F9C->s1-GrpcLogAppender-LogAppenderDaemon] WARN  server.GrpcLogAppender (GrpcLogAppender.java:mayWait(209)) - s0@group-B9F71DAC6F9C->s1-GrpcLogAppender: Wait interrupted by java.lang.InterruptedException
2023-08-18 03:35:52,206 [s0@group-B9F71DAC6F9C->s2-GrpcLogAppender-LogAppenderDaemon] WARN  server.GrpcLogAppender (GrpcLogAppender.java:mayWait(209)) - s0@group-B9F71DAC6F9C->s2-GrpcLogAppender: Wait interrupted by java.lang.InterruptedException
2023-08-18 03:35:52,206 [grpc-default-executor-0] INFO  server.GrpcServerProtocolService (GrpcServerProtocolService.java:onCompleted(155)) - s1: Completed APPEND_ENTRIES, lastRequest: s0->s1#8-t1,previous=(t:1, i:257),leaderCommit=257,initializing? true,entries: size=1, first=(t:1, i:258), METADATAENTRY(c:257)
2023-08-18 03:35:52,207 [grpc-default-executor-0] INFO  server.GrpcServerProtocolService (GrpcServerProtocolService.java:lambda$onCompleted$5(157)) - s1: Completed APPEND_ENTRIES, lastReply: null
2023-08-18 03:35:52,207 [grpc-default-executor-2] INFO  server.GrpcServerProtocolService (GrpcServerProtocolService.java:onCompleted(155)) - s2: Completed APPEND_ENTRIES, lastRequest: s0->s2#8-t1,previous=(t:1, i:257),leaderCommit=257,initializing? true,entries: size=1, first=(t:1, i:258), METADATAENTRY(c:257)
2023-08-18 03:35:52,207 [grpc-default-executor-2] INFO  server.GrpcServerProtocolService (GrpcServerProtocolService.java:lambda$onCompleted$5(157)) - s2: Completed APPEND_ENTRIES, lastReply: null
2023-08-18 03:35:52,208 [grpc-default-executor-3] INFO  server.GrpcLogAppender (GrpcLogAppender.java:onCompleted(461)) - s0@group-B9F71DAC6F9C->s1-AppendLogResponseHandler: follower responses appendEntries COMPLETED
2023-08-18 03:35:52,208 [grpc-default-executor-0] INFO  server.GrpcLogAppender (GrpcLogAppender.java:onCompleted(461)) - s0@group-B9F71DAC6F9C->s2-AppendLogResponseHandler: follower responses appendEntries COMPLETED
2023-08-18 03:35:52,209 [s2-impl-thread1] INFO  server.RaftServer$Division (RaftServerImpl.java:lambda$close$3(508)) - s2@group-B9F71DAC6F9C: shutdown
2023-08-18 03:35:52,209 [s2-impl-thread1] INFO  util.JmxRegister (JmxRegister.java:unregister(73)) - Successfully un-registered JMX Bean with object name Ratis:service=RaftServer,group=group-B9F71DAC6F9C,id=s2
2023-08-18 03:35:52,209 [s2-impl-thread1] INFO  impl.StateMachineUpdater (StateMachineUpdater.java:stopAndJoin(157)) - s2@group-B9F71DAC6F9C-StateMachineUpdater: set stopIndex = 257
2023-08-18 03:35:52,209 [grpc-default-executor-0] INFO  leader.FollowerInfo (FollowerInfoImpl.java:lambda$new$0(52)) - s0@group-B9F71DAC6F9C->s2: decreaseNextIndex nextIndex: updateUnconditionally 259 -> 258
2023-08-18 03:35:52,211 [grpc-default-executor-3] INFO  leader.FollowerInfo (FollowerInfoImpl.java:lambda$new$0(52)) - s0@group-B9F71DAC6F9C->s1: decreaseNextIndex nextIndex: updateUnconditionally 259 -> 258
2023-08-18 03:35:52,208 [MiniRaftCluster-3] INFO  server.GrpcService (GrpcService.java:closeImpl(311)) - s2: shutdown server GrpcServerProtocolService now
2023-08-18 03:35:52,208 [MiniRaftCluster-1] INFO  server.GrpcService (GrpcService.java:closeImpl(311)) - s0: shutdown server org.apache.ratis.grpc.server.GrpcClientProtocolService now
2023-08-18 03:35:52,225 [s2@group-B9F71DAC6F9C-StateMachineUpdater] INFO  impl.StateMachineUpdater (StateMachineUpdater.java:takeSnapshot(295)) - s2@group-B9F71DAC6F9C-StateMachineUpdater: Took a snapshot at index 257
2023-08-18 03:35:52,225 [s2@group-B9F71DAC6F9C-StateMachineUpdater] INFO  impl.StateMachineUpdater (StateMachineUpdater.java:lambda$new$0(98)) - s2@group-B9F71DAC6F9C-StateMachineUpdater: snapshotIndex: updateIncreasingly 255 -> 257
2023-08-18 03:35:52,233 [MiniRaftCluster-2] INFO  server.GrpcService (GrpcService.java:closeImpl(320)) - s1: shutdown server GrpcServerProtocolService successfully
2023-08-18 03:35:52,235 [s2-impl-thread1] INFO  server.RaftServer$Division (ServerState.java:close(415)) - s2@group-B9F71DAC6F9C: applyIndex: 257
2023-08-18 03:35:52,236 [MiniRaftCluster-3] INFO  server.GrpcService (GrpcService.java:closeImpl(320)) - s2: shutdown server GrpcServerProtocolService successfully
2023-08-18 03:35:52,237 [s1@group-B9F71DAC6F9C-StateMachineUpdater] INFO  impl.StateMachineUpdater (StateMachineUpdater.java:takeSnapshot(295)) - s1@group-B9F71DAC6F9C-StateMachineUpdater: Took a snapshot at index 257
2023-08-18 03:35:52,237 [s1@group-B9F71DAC6F9C-StateMachineUpdater] INFO  impl.StateMachineUpdater (StateMachineUpdater.java:lambda$new$0(98)) - s1@group-B9F71DAC6F9C-StateMachineUpdater: snapshotIndex: updateIncreasingly 255 -> 257
2023-08-18 03:35:52,237 [s0-impl-thread1] INFO  impl.StateMachineUpdater (StateMachineUpdater.java:stopAndJoin(157)) - s0@group-B9F71DAC6F9C-StateMachineUpdater: set stopIndex = 258
2023-08-18 03:35:52,240 [Thread-56] INFO  server.GrpcServerProtocolClient (GrpcServerProtocolClient.java:close(104)) - s1 Close channels
2023-08-18 03:35:52,241 [Thread-57] INFO  server.GrpcServerProtocolClient (GrpcServerProtocolClient.java:close(104)) - s2 Close channels
2023-08-18 03:35:52,241 [s1-impl-thread1] INFO  server.RaftServer$Division (ServerState.java:close(415)) - s1@group-B9F71DAC6F9C: applyIndex: 257
2023-08-18 03:35:52,241 [MiniRaftCluster-1] INFO  server.GrpcService (GrpcService.java:closeImpl(320)) - s0: shutdown server org.apache.ratis.grpc.server.GrpcClientProtocolService successfully
2023-08-18 03:35:52,241 [MiniRaftCluster-1] INFO  server.GrpcService (GrpcService.java:closeImpl(311)) - s0: shutdown server GrpcServerProtocolService now
2023-08-18 03:35:52,254 [s0@group-B9F71DAC6F9C-StateMachineUpdater] INFO  impl.StateMachineUpdater (StateMachineUpdater.java:takeSnapshot(295)) - s0@group-B9F71DAC6F9C-StateMachineUpdater: Took a snapshot at index 258
2023-08-18 03:35:52,254 [s0@group-B9F71DAC6F9C-StateMachineUpdater] INFO  impl.StateMachineUpdater (StateMachineUpdater.java:lambda$new$0(98)) - s0@group-B9F71DAC6F9C-StateMachineUpdater: snapshotIndex: updateIncreasingly 255 -> 258
2023-08-18 03:35:52,254 [s0-impl-thread1] INFO  server.RaftServer$Division (ServerState.java:close(415)) - s0@group-B9F71DAC6F9C: applyIndex: 258
2023-08-18 03:35:52,254 [MiniRaftCluster-1] INFO  server.GrpcService (GrpcService.java:closeImpl(320)) - s0: shutdown server GrpcServerProtocolService successfully
2023-08-18 03:35:52,255 [MiniRaftCluster-1] INFO  server.GrpcService (GrpcService.java:closeImpl(311)) - s0: shutdown server org.apache.ratis.grpc.server.GrpcAdminProtocolService now
2023-08-18 03:35:52,262 [MiniRaftCluster-1] INFO  server.GrpcService (GrpcService.java:closeImpl(320)) - s0: shutdown server org.apache.ratis.grpc.server.GrpcAdminProtocolService successfully
2023-08-18 03:35:53,170 [s0-impl-thread1] INFO  segmented.SegmentedRaftLogWorker (SegmentedRaftLogWorker.java:close(242)) - s0@group-B9F71DAC6F9C-SegmentedRaftLogWorker close()
2023-08-18 03:35:53,170 [s1-impl-thread1] INFO  segmented.SegmentedRaftLogWorker (SegmentedRaftLogWorker.java:close(242)) - s1@group-B9F71DAC6F9C-SegmentedRaftLogWorker close()
2023-08-18 03:35:53,170 [s2-impl-thread1] INFO  segmented.SegmentedRaftLogWorker (SegmentedRaftLogWorker.java:close(242)) - s2@group-B9F71DAC6F9C-SegmentedRaftLogWorker close()
2023-08-18 03:35:53,176 [JvmPauseMonitor0] INFO  util.JvmPauseMonitor (JvmPauseMonitor.java:run(111)) - JvmPauseMonitor-s0: Stopped
2023-08-18 03:35:53,179 [JvmPauseMonitor2] INFO  util.JvmPauseMonitor (JvmPauseMonitor.java:run(111)) - JvmPauseMonitor-s2: Stopped
2023-08-18 03:35:53,179 [JvmPauseMonitor1] INFO  util.JvmPauseMonitor (JvmPauseMonitor.java:run(111)) - JvmPauseMonitor-s1: Stopped
2023-08-18 03:35:53,180 [Time-limited test] INFO  impl.MiniRaftCluster (MiniRaftCluster.java:shutdown(855)) - MiniRaftClusterWithGrpc shutdown completed
2023-08-18 03:35:53,180 [Time-limited test] INFO  impl.MiniRaftCluster (MiniRaftCluster.java:shutdown(831)) - ************************************************************** 
2023-08-18 03:35:53,180 [Time-limited test] INFO  impl.MiniRaftCluster (MiniRaftCluster.java:shutdown(832)) - *** 
2023-08-18 03:35:53,180 [Time-limited test] INFO  impl.MiniRaftCluster (MiniRaftCluster.java:shutdown(833)) - ***     Stopping MiniRaftClusterWithGrpc
2023-08-18 03:35:53,180 [Time-limited test] INFO  impl.MiniRaftCluster (MiniRaftCluster.java:shutdown(834)) - *** 
2023-08-18 03:35:53,180 [Time-limited test] INFO  impl.MiniRaftCluster (MiniRaftCluster.java:shutdown(835)) - ************************************************************** 
2023-08-18 03:35:53,180 [Time-limited test] INFO  impl.MiniRaftCluster (MiniRaftCluster.java:shutdown(836)) - printing ALL groups
  s0:   CLOSED    LEADER s0@group-B9F71DAC6F9C:t1, leader=s0, voted=s0, raftlog=Memoized:s0@group-B9F71DAC6F9C-SegmentedRaftLog:CLOSED:c258, conf=257: peers:[s0|rpc:localhost:33381|admin:localhost:43253|client:localhost:38991|dataStream:localhost:35229|priority:0|startupRole:FOLLOWER, s1|rpc:0.0.0.0:41553|dataStream:|priority:0|startupRole:FOLLOWER, s2|rpc:0.0.0.0:39715|dataStream:|priority:0|startupRole:FOLLOWER]|listeners:[], old=null CLOSED
  s1:   CLOSED  FOLLOWER s1@group-B9F71DAC6F9C:t1, leader=s0, voted=null, raftlog=Memoized:s1@group-B9F71DAC6F9C-SegmentedRaftLog:CLOSED:c257, conf=257: peers:[s0|rpc:localhost:33381|admin:localhost:43253|client:localhost:38991|dataStream:localhost:35229|priority:0|startupRole:FOLLOWER, s1|rpc:0.0.0.0:41553|dataStream:|priority:0|startupRole:FOLLOWER, s2|rpc:0.0.0.0:39715|dataStream:|priority:0|startupRole:FOLLOWER]|listeners:[], old=null CLOSED
  s2:   CLOSED  FOLLOWER s2@group-B9F71DAC6F9C:t1, leader=s0, voted=null, raftlog=Memoized:s2@group-B9F71DAC6F9C-SegmentedRaftLog:CLOSED:c257, conf=257: peers:[s0|rpc:localhost:33381|admin:localhost:43253|client:localhost:38991|dataStream:localhost:35229|priority:0|startupRole:FOLLOWER, s1|rpc:0.0.0.0:41553|dataStream:|priority:0|startupRole:FOLLOWER, s2|rpc:0.0.0.0:39715|dataStream:|priority:0|startupRole:FOLLOWER]|listeners:[], old=null CLOSED
2023-08-18 03:35:53,187 [Time-limited test] INFO  impl.MiniRaftCluster (MiniRaftCluster.java:shutdown(855)) - MiniRaftClusterWithGrpc shutdown completed
]]></system-out>
  </testcase>
  <testcase name="testSeparateSnapshotInstallPath[0]" classname="org.apache.ratis.grpc.TestLeaderInstallSnapshot" time="7.08">
    <failure type="java.lang.AssertionError"><![CDATA[java.lang.AssertionError
	at org.junit.Assert.fail(Assert.java:87)
	at org.junit.Assert.assertTrue(Assert.java:42)
	at org.junit.Assert.assertTrue(Assert.java:53)
	at org.apache.ratis.server.impl.RaftServerTestUtil.waitAndCheckNewConf(RaftServerTestUtil.java:107)
	at org.apache.ratis.server.impl.RaftServerTestUtil.lambda$waitAndCheckNewConf$3(RaftServerTestUtil.java:82)
	at org.apache.ratis.util.function.CheckedRunnable.lambda$asCheckedSupplier$0(CheckedRunnable.java:32)
	at org.apache.ratis.util.JavaUtils.attempt(JavaUtils.java:211)
	at org.apache.ratis.util.JavaUtils.attemptRepeatedly(JavaUtils.java:197)
	at org.apache.ratis.util.JavaUtils.attempt(JavaUtils.java:231)
	at org.apache.ratis.server.impl.RaftServerTestUtil.waitAndCheckNewConf(RaftServerTestUtil.java:82)
	at org.apache.ratis.InstallSnapshotFromLeaderTests.testMultiFileInstallSnapshot(InstallSnapshotFromLeaderTests.java:116)
	at org.apache.ratis.server.impl.MiniRaftCluster$Factory$Get.runWithNewCluster(MiniRaftCluster.java:141)
	at org.apache.ratis.server.impl.MiniRaftCluster$Factory$Get.runWithNewCluster(MiniRaftCluster.java:121)
	at org.apache.ratis.InstallSnapshotFromLeaderTests.testSeparateSnapshotInstallPath(InstallSnapshotFromLeaderTests.java:87)
	at java.base/jdk.internal.reflect.NativeMethodAccessorImpl.invoke0(Native Method)
	at java.base/jdk.internal.reflect.NativeMethodAccessorImpl.invoke(NativeMethodAccessorImpl.java:62)
	at java.base/jdk.internal.reflect.DelegatingMethodAccessorImpl.invoke(DelegatingMethodAccessorImpl.java:43)
	at java.base/java.lang.reflect.Method.invoke(Method.java:566)
	at org.junit.runners.model.FrameworkMethod$1.runReflectiveCall(FrameworkMethod.java:59)
	at org.junit.internal.runners.model.ReflectiveCallable.run(ReflectiveCallable.java:12)
	at org.junit.runners.model.FrameworkMethod.invokeExplosively(FrameworkMethod.java:56)
	at org.junit.internal.runners.statements.InvokeMethod.evaluate(InvokeMethod.java:17)
	at org.junit.internal.runners.statements.RunAfters.evaluate(RunAfters.java:27)
	at org.junit.internal.runners.statements.FailOnTimeout$CallableStatement.call(FailOnTimeout.java:299)
	at org.junit.internal.runners.statements.FailOnTimeout$CallableStatement.call(FailOnTimeout.java:293)
	at java.base/java.util.concurrent.FutureTask.run(FutureTask.java:264)
	at java.base/java.lang.Thread.run(Thread.java:829)
]]></failure>
    <system-out><![CDATA[2023-08-18 03:35:53,192 [main] INFO  util.LogUtils (Slf4jUtils.java:setLogLevel(38)) - Successfully set org.apache.ratis.conf.ConfUtils log level to WARN
2023-08-18 03:35:53,193 [main] INFO  util.LogUtils (Slf4jUtils.java:setLogLevel(38)) - Successfully set org.apache.ratis.util.FileUtils log level to TRACE
2023-08-18 03:35:53,193 [Time-limited test] INFO  impl.MiniRaftCluster (MiniRaftCluster.java:runWithNewCluster(135)) - Running runWithNewCluster
2023-08-18 03:35:53,194 [Time-limited test] INFO  impl.MiniRaftCluster (MiniRaftCluster.java:<init>(306)) - new MiniRaftClusterWithGrpc with group-F015D9715A3D:[s0|rpc:localhost:39885|admin:localhost:37833|client:localhost:38819|dataStream:localhost:38673|priority:0|startupRole:FOLLOWER]
2023-08-18 03:35:53,194 [Time-limited test] INFO  impl.MiniRaftCluster (MiniRaftCluster.java:start(339)) - .............................................................. 
2023-08-18 03:35:53,194 [Time-limited test] INFO  impl.MiniRaftCluster (MiniRaftCluster.java:start(340)) - ... 
2023-08-18 03:35:53,194 [Time-limited test] INFO  impl.MiniRaftCluster (MiniRaftCluster.java:start(341)) - ...     Starting MiniRaftClusterWithGrpc
2023-08-18 03:35:53,194 [Time-limited test] INFO  impl.MiniRaftCluster (MiniRaftCluster.java:start(342)) - ... 
2023-08-18 03:35:53,194 [Time-limited test] INFO  impl.MiniRaftCluster (MiniRaftCluster.java:start(343)) - .............................................................. 
2023-08-18 03:35:53,194 [Time-limited test] INFO  impl.MiniRaftCluster (MiniRaftCluster.java:initServers(318)) - servers = {}
2023-08-18 03:35:53,194 [Time-limited test] INFO  impl.MiniRaftCluster (MiniRaftCluster.java:newRaftServer(382)) - newRaftServer: s0, group-F015D9715A3D:[s0|rpc:localhost:39885|admin:localhost:37833|client:localhost:38819|dataStream:localhost:38673|priority:0|startupRole:FOLLOWER], format? true
2023-08-18 03:35:53,194 [Time-limited test] TRACE util.FileUtils (FileUtils.java:deleteFully(201)) - deleteFully target/test/data/24296cbb/MiniRaftClusterWithGrpca15d4fa5/s0
2023-08-18 03:35:53,194 [Time-limited test] TRACE util.FileUtils (FileUtils.java:deleteFully(217)) - deleteFully: target/test/data/24296cbb/MiniRaftClusterWithGrpca15d4fa5/s0 does not exist.
2023-08-18 03:35:53,194 [Time-limited test] INFO  impl.MiniRaftCluster (MiniRaftCluster.java:newRaftServer(387)) - Formatted directory target/test/data/24296cbb/MiniRaftClusterWithGrpca15d4fa5/s0
2023-08-18 03:35:53,195 [Time-limited test] INFO  server.RaftServer (ConfUtils.java:logGet(46)) - raft.rpc.type = GRPC (default)
2023-08-18 03:35:53,195 [Time-limited test] INFO  grpc.GrpcConfigKeys (ConfUtils.java:logFallback(53)) - raft.grpc.admin.host = null (fallback to raft.grpc.server.host)
2023-08-18 03:35:53,195 [Time-limited test] INFO  grpc.GrpcConfigKeys (ConfUtils.java:logGet(46)) - raft.grpc.admin.port = 37833 (custom)
2023-08-18 03:35:53,195 [Time-limited test] INFO  grpc.GrpcConfigKeys (ConfUtils.java:logFallback(53)) - raft.grpc.client.host = null (fallback to raft.grpc.server.host)
2023-08-18 03:35:53,195 [Time-limited test] INFO  grpc.GrpcConfigKeys (ConfUtils.java:logGet(46)) - raft.grpc.client.port = 38819 (custom)
2023-08-18 03:35:53,195 [Time-limited test] INFO  grpc.GrpcConfigKeys (ConfUtils.java:logGet(46)) - raft.grpc.server.host = null (default)
2023-08-18 03:35:53,196 [Time-limited test] INFO  grpc.GrpcConfigKeys (ConfUtils.java:logGet(46)) - raft.grpc.server.port = 39885 (custom)
2023-08-18 03:35:53,196 [Time-limited test] INFO  server.GrpcService (ConfUtils.java:logGet(46)) - raft.grpc.message.size.max = 64MB (=67108864) (default)
2023-08-18 03:35:53,196 [Time-limited test] INFO  server.RaftServerConfigKeys (ConfUtils.java:logGet(46)) - raft.server.log.appender.buffer.byte-limit = 4MB (=4194304) (default)
2023-08-18 03:35:53,196 [Time-limited test] INFO  server.GrpcService (ConfUtils.java:logGet(46)) - raft.grpc.flow.control.window = 1MB (=1048576) (default)
2023-08-18 03:35:53,196 [Time-limited test] INFO  server.RaftServerConfigKeys (ConfUtils.java:logGet(46)) - raft.server.rpc.request.timeout = 3000ms (default)
2023-08-18 03:35:53,196 [Time-limited test] INFO  grpc.GrpcConfigKeys (ConfUtils.java:logGet(46)) - raft.grpc.server.heartbeat.channel = false (custom)
2023-08-18 03:35:53,196 [Time-limited test] INFO  grpc.GrpcConfigKeys (ConfUtils.java:logGet(46)) - raft.grpc.server.async.request.thread.pool.cached = true (default)
2023-08-18 03:35:53,196 [Time-limited test] INFO  grpc.GrpcConfigKeys (ConfUtils.java:logGet(46)) - raft.grpc.server.async.request.thread.pool.size = 32 (default)
2023-08-18 03:35:53,197 [Time-limited test] INFO  impl.DataStreamServerImpl (ConfUtils.java:logGet(46)) - raft.datastream.type = DISABLED (default)
2023-08-18 03:35:53,197 [Time-limited test] INFO  server.RaftServerConfigKeys (ConfUtils.java:logGet(46)) - raft.server.threadpool.proxy.cached = true (default)
2023-08-18 03:35:53,197 [Time-limited test] INFO  server.RaftServerConfigKeys (ConfUtils.java:logGet(46)) - raft.server.threadpool.proxy.size = 0 (default)
2023-08-18 03:35:53,197 [Time-limited test] INFO  server.RaftServerConfigKeys (ConfUtils.java:logGet(46)) - raft.server.sleep.deviation.threshold = 300ms (default)
2023-08-18 03:35:53,197 [Time-limited test] INFO  server.RaftServerConfigKeys (ConfUtils.java:logGet(46)) - raft.server.rpc.slowness.timeout = 60s (default)
2023-08-18 03:35:53,197 [Time-limited test] INFO  server.RaftServerConfigKeys (ConfUtils.java:logGet(46)) - raft.server.leaderelection.leader.step-down.wait-time = 10s (default)
2023-08-18 03:35:53,197 [Time-limited test] INFO  server.RaftServerConfigKeys (ConfUtils.java:logGet(46)) - raft.server.storage.dir = [/home/runner/work/ratis/ratis/ratis-test/target/test/data/24296cbb/MiniRaftClusterWithGrpca15d4fa5/s0] (custom)
2023-08-18 03:35:53,198 [Time-limited test] INFO  server.RaftServer (RaftServerProxy.java:addNew(99)) - s0: addNew group-F015D9715A3D:[s0|rpc:localhost:39885|admin:localhost:37833|client:localhost:38819|dataStream:localhost:38673|priority:0|startupRole:FOLLOWER] returns group-F015D9715A3D:java.util.concurrent.CompletableFuture@61bcc788[Not completed]
2023-08-18 03:35:53,198 [s0-groupManagement] INFO  server.RaftServerConfigKeys (ConfUtils.java:logGet(46)) - raft.server.log.segment.size.max = 8MB (=8388608) (default)
2023-08-18 03:35:53,198 [s0-groupManagement] INFO  server.RaftServerConfigKeys (ConfUtils.java:logGet(46)) - raft.server.log.preallocated.size = 4MB (=4194304) (default)
2023-08-18 03:35:53,198 [s0-groupManagement] INFO  server.RaftServerConfigKeys (ConfUtils.java:logGet(46)) - raft.server.log.write.buffer.size = 64KB (=65536) (default)
2023-08-18 03:35:53,198 [s0-groupManagement] INFO  server.RaftServer$Division (RaftServerImpl.java:<init>(250)) - s0: new RaftServerImpl for group-F015D9715A3D:[s0|rpc:localhost:39885|admin:localhost:37833|client:localhost:38819|dataStream:localhost:38673|priority:0|startupRole:FOLLOWER] with StateMachineWithSeparatedSnapshotPath:uninitialized
2023-08-18 03:35:53,198 [s0-groupManagement] INFO  server.RaftServerConfigKeys (ConfUtils.java:logGet(46)) - raft.server.rpc.timeout.min = 150ms (default)
2023-08-18 03:35:53,198 [s0-groupManagement] INFO  server.RaftServerConfigKeys (ConfUtils.java:logGet(46)) - raft.server.rpc.timeout.max = 300ms (default)
2023-08-18 03:35:53,198 [s0-groupManagement] INFO  server.RaftServerConfigKeys (ConfUtils.java:logGet(46)) - raft.server.rpc.sleep.time = 25ms (default)
2023-08-18 03:35:53,198 [s0-groupManagement] INFO  server.RaftServerConfigKeys (ConfUtils.java:logGet(46)) - raft.server.rpc.slowness.timeout = 60s (default)
2023-08-18 03:35:53,198 [s0-groupManagement] INFO  server.RaftServerConfigKeys (ConfUtils.java:logGet(46)) - raft.server.leaderelection.leader.step-down.wait-time = 10s (default)
2023-08-18 03:35:53,199 [s0-groupManagement] INFO  server.RaftServerConfigKeys (ConfUtils.java:logGet(46)) - raft.server.sleep.deviation.threshold = 300ms (default)
2023-08-18 03:35:53,199 [s0-groupManagement] INFO  server.RaftServer$Division (ServerState.java:<init>(113)) - s0@group-F015D9715A3D: ConfigurationManager, init=-1: peers:[s0|rpc:localhost:39885|admin:localhost:37833|client:localhost:38819|dataStream:localhost:38673|priority:0|startupRole:FOLLOWER]|listeners:[], old=null, confs=<EMPTY_MAP>
2023-08-18 03:35:53,199 [s0-groupManagement] INFO  server.RaftServerConfigKeys (ConfUtils.java:logGet(46)) - raft.server.notification.no-leader.timeout = 60s (default)
2023-08-18 03:35:53,199 [s0-groupManagement] INFO  server.RaftServerConfigKeys (ConfUtils.java:logGet(46)) - raft.server.read.timeout = 10s (default)
2023-08-18 03:35:53,199 [s0-groupManagement] INFO  server.RaftServerConfigKeys (ConfUtils.java:logGet(46)) - raft.server.retrycache.expirytime = 60s (default)
2023-08-18 03:35:53,199 [s0-groupManagement] INFO  server.RaftServerConfigKeys (ConfUtils.java:logGet(46)) - raft.server.retrycache.statistics.expirytime = 100μs (default)
2023-08-18 03:35:53,199 [s0-groupManagement] INFO  server.RaftServerConfigKeys (ConfUtils.java:logGet(46)) - raft.server.read.option = DEFAULT (default)
2023-08-18 03:35:53,200 [s0-groupManagement] INFO  server.RaftServerConfigKeys (ConfUtils.java:logGet(46)) - raft.server.rpc.request.timeout = 3000ms (default)
2023-08-18 03:35:53,200 [s0-groupManagement] INFO  server.RaftServerConfigKeys (ConfUtils.java:logGet(46)) - raft.server.log.appender.install.snapshot.enabled = true (default)
2023-08-18 03:35:53,200 [s0-groupManagement] INFO  server.RaftServerConfigKeys (ConfUtils.java:logGet(46)) - raft.server.threadpool.server.cached = true (default)
2023-08-18 03:35:53,200 [s0-groupManagement] INFO  server.RaftServerConfigKeys (ConfUtils.java:logGet(46)) - raft.server.threadpool.server.size = 0 (default)
2023-08-18 03:35:53,201 [s0-groupManagement] INFO  server.RaftServerConfigKeys (ConfUtils.java:logGet(46)) - raft.server.threadpool.client.cached = true (default)
2023-08-18 03:35:53,201 [s0-groupManagement] INFO  server.RaftServerConfigKeys (ConfUtils.java:logGet(46)) - raft.server.threadpool.client.size = 0 (default)
2023-08-18 03:35:53,201 [s0-impl-thread1] INFO  server.RaftServerConfigKeys (ConfUtils.java:logGet(46)) - raft.server.storage.free-space.min = 0MB (=0) (default)
2023-08-18 03:35:53,201 [s0-impl-thread1] INFO  server.RaftServerConfigKeys (ConfUtils.java:logGet(46)) - raft.server.log.corruption.policy = EXCEPTION (default)
2023-08-18 03:35:53,201 [s0-impl-thread1] INFO  server.RaftServerConfigKeys (ConfUtils.java:logGet(46)) - raft.server.storage.dir = [/home/runner/work/ratis/ratis/ratis-test/target/test/data/24296cbb/MiniRaftClusterWithGrpca15d4fa5/s0] (custom)
2023-08-18 03:35:53,201 [s0-impl-thread1] INFO  storage.RaftStorageDirectory (RaftStorageDirectoryImpl.java:analyzeStorage(138)) - The storage directory /home/runner/work/ratis/ratis/ratis-test/target/test/data/24296cbb/MiniRaftClusterWithGrpca15d4fa5/s0/462b30c7-1276-4db7-bf40-f015d9715a3d does not exist. Creating ...
2023-08-18 03:35:53,201 [s0-impl-thread1] TRACE util.FileUtils (LogUtils.java:runAndLog(49)) - Successfully ran Files.createDirectories /home/runner/work/ratis/ratis/ratis-test/target/test/data/24296cbb/MiniRaftClusterWithGrpca15d4fa5/s0/462b30c7-1276-4db7-bf40-f015d9715a3d
2023-08-18 03:35:53,202 [s0-impl-thread1] INFO  storage.RaftStorageDirectory (RaftStorageDirectoryImpl.java:tryLock(232)) - Lock on /home/runner/work/ratis/ratis/ratis-test/target/test/data/24296cbb/MiniRaftClusterWithGrpca15d4fa5/s0/462b30c7-1276-4db7-bf40-f015d9715a3d/in_use.lock acquired by nodename 15247@fv-az454-831
2023-08-18 03:35:53,203 [s0-impl-thread1] TRACE util.FileUtils (LogUtils.java:runAndLog(49)) - Successfully ran Files.createDirectories /home/runner/work/ratis/ratis/ratis-test/target/test/data/24296cbb/MiniRaftClusterWithGrpca15d4fa5/s0/462b30c7-1276-4db7-bf40-f015d9715a3d/current
2023-08-18 03:35:53,203 [s0-impl-thread1] TRACE util.FileUtils (LogUtils.java:runAndLog(49)) - Successfully ran Files.createDirectories /home/runner/work/ratis/ratis/ratis-test/target/test/data/24296cbb/MiniRaftClusterWithGrpca15d4fa5/s0/462b30c7-1276-4db7-bf40-f015d9715a3d/sm
2023-08-18 03:35:53,204 [s0-impl-thread1] INFO  storage.RaftStorage (RaftStorageImpl.java:format(97)) - Storage directory /home/runner/work/ratis/ratis/ratis-test/target/test/data/24296cbb/MiniRaftClusterWithGrpca15d4fa5/s0/462b30c7-1276-4db7-bf40-f015d9715a3d has been successfully formatted.
2023-08-18 03:35:53,204 [s0-impl-thread1] INFO  impl.SimpleStateMachine4Testing (SimpleStateMachine4Testing.java:initialize(213)) - Initializing StateMachineWithSeparatedSnapshotPath:uninitialized
2023-08-18 03:35:53,204 [s0-impl-thread1] INFO  impl.SimpleStateMachine4Testing (SimpleStateMachine4Testing.java:loadSnapshot(293)) - Loading snapshot null
2023-08-18 03:35:53,204 [s0-impl-thread1] TRACE util.FileUtils (FileUtils.java:deleteFully(201)) - deleteFully /tmp/ratis-tests/statemachine/s0
2023-08-18 03:35:53,204 [s0-impl-thread1] TRACE util.FileUtils (FileUtils.java:deleteFully(217)) - deleteFully: /tmp/ratis-tests/statemachine/s0 does not exist.
2023-08-18 03:35:53,204 [s0-impl-thread1] INFO  server.RaftServerConfigKeys (ConfUtils.java:logGet(46)) - raft.server.log.use.memory = false (default)
2023-08-18 03:35:53,205 [s0-impl-thread1] INFO  server.RaftServerConfigKeys (ConfUtils.java:logGet(46)) - raft.server.log.purge.gap = 8 (custom)
2023-08-18 03:35:53,205 [s0-impl-thread1] INFO  server.RaftServerConfigKeys (ConfUtils.java:logGet(46)) - raft.server.log.appender.buffer.byte-limit = 4MB (=4194304) (default)
2023-08-18 03:35:53,205 [s0-impl-thread1] INFO  server.RaftServerConfigKeys (ConfUtils.java:logGet(46)) - raft.server.log.statemachine.data.read.timeout = 1000ms (default)
2023-08-18 03:35:53,205 [s0-impl-thread1] INFO  server.RaftServerConfigKeys (ConfUtils.java:logGet(46)) - raft.server.log.purge.preservation.log.num = 0 (default)
2023-08-18 03:35:53,206 [s0-impl-thread1] INFO  server.RaftServerConfigKeys (ConfUtils.java:logGet(46)) - raft.server.log.segment.size.max = 8MB (=8388608) (default)
2023-08-18 03:35:53,206 [s0-impl-thread1] INFO  server.RaftServerConfigKeys (ConfUtils.java:logGet(46)) - raft.server.log.segment.cache.num.max = 6 (default)
2023-08-18 03:35:53,206 [s0-impl-thread1] INFO  server.RaftServerConfigKeys (ConfUtils.java:logGet(46)) - raft.server.log.segment.cache.size.max = 200MB (=209715200) (default)
2023-08-18 03:35:53,206 [s0-impl-thread1] INFO  server.RaftServerConfigKeys (ConfUtils.java:logGet(46)) - raft.server.log.appender.buffer.byte-limit = 4MB (=4194304) (default)
2023-08-18 03:35:53,206 [s0-impl-thread1] INFO  segmented.SegmentedRaftLogWorker (SegmentedRaftLogWorker.java:<init>(183)) - new s0@group-F015D9715A3D-SegmentedRaftLogWorker for RaftStorageImpl:Storage Directory /home/runner/work/ratis/ratis/ratis-test/target/test/data/24296cbb/MiniRaftClusterWithGrpca15d4fa5/s0/462b30c7-1276-4db7-bf40-f015d9715a3d
2023-08-18 03:35:53,206 [s0-impl-thread1] INFO  server.RaftServerConfigKeys (ConfUtils.java:logGet(46)) - raft.server.log.queue.byte-limit = 64MB (=67108864) (default)
2023-08-18 03:35:53,206 [s0-impl-thread1] INFO  server.RaftServerConfigKeys (ConfUtils.java:logGet(46)) - raft.server.log.queue.element-limit = 4096 (default)
2023-08-18 03:35:53,206 [s0-impl-thread1] INFO  server.RaftServerConfigKeys (ConfUtils.java:logGet(46)) - raft.server.log.segment.size.max = 8MB (=8388608) (default)
2023-08-18 03:35:53,206 [s0-impl-thread1] INFO  server.RaftServerConfigKeys (ConfUtils.java:logGet(46)) - raft.server.log.preallocated.size = 4MB (=4194304) (default)
2023-08-18 03:35:53,206 [s0-impl-thread1] INFO  server.RaftServerConfigKeys (ConfUtils.java:logGet(46)) - raft.server.log.force.sync.num = 128 (default)
2023-08-18 03:35:53,206 [s0-impl-thread1] INFO  server.RaftServerConfigKeys (ConfUtils.java:logGet(46)) - raft.server.log.statemachine.data.sync = true (default)
2023-08-18 03:35:53,206 [s0-impl-thread1] INFO  server.RaftServerConfigKeys (ConfUtils.java:logGet(46)) - raft.server.log.statemachine.data.sync.timeout = 10s (default)
2023-08-18 03:35:53,206 [s0-impl-thread1] INFO  server.RaftServerConfigKeys (ConfUtils.java:logGet(46)) - raft.server.log.statemachine.data.sync.timeout.retry = -1 (default)
2023-08-18 03:35:53,207 [s0-impl-thread1] INFO  server.RaftServerConfigKeys (ConfUtils.java:logGet(46)) - raft.server.log.write.buffer.size = 64KB (=65536) (default)
2023-08-18 03:35:53,207 [s0-impl-thread1] INFO  server.RaftServerConfigKeys (ConfUtils.java:logGet(46)) - raft.server.log.appender.buffer.byte-limit = 4MB (=4194304) (default)
2023-08-18 03:35:53,208 [s0-impl-thread1] INFO  server.RaftServerConfigKeys (ConfUtils.java:logGet(46)) - raft.server.log.unsafe-flush.enabled = false (default)
2023-08-18 03:35:53,208 [s0-impl-thread1] INFO  server.RaftServerConfigKeys (ConfUtils.java:logGet(46)) - raft.server.log.async-flush.enabled = false (default)
2023-08-18 03:35:53,208 [s0-impl-thread1] INFO  server.RaftServerConfigKeys (ConfUtils.java:logGet(46)) - raft.server.log.statemachine.data.caching.enabled = false (default)
2023-08-18 03:35:53,208 [s0-impl-thread1] INFO  segmented.SegmentedRaftLogWorker (SegmentedRaftLogWorker.java:lambda$new$0(134)) - s0@group-F015D9715A3D-SegmentedRaftLogWorker: flushIndex: setUnconditionally 0 -> -1
2023-08-18 03:35:53,208 [s0-impl-thread1] INFO  segmented.SegmentedRaftLogWorker (SegmentedRaftLogWorker.java:lambda$new$0(134)) - s0@group-F015D9715A3D-SegmentedRaftLogWorker: safeCacheEvictIndex: setUnconditionally 0 -> -1
2023-08-18 03:35:53,209 [s0-impl-thread1] INFO  server.RaftServer$Division (RaftServerImpl.java:start(384)) - s0@group-F015D9715A3D: start as a follower, conf=-1: peers:[s0|rpc:localhost:39885|admin:localhost:37833|client:localhost:38819|dataStream:localhost:38673|priority:0|startupRole:FOLLOWER]|listeners:[], old=null
2023-08-18 03:35:53,209 [s0-impl-thread1] INFO  server.RaftServer$Division (RaftServerImpl.java:setRole(371)) - s0@group-F015D9715A3D: changes role from      null to FOLLOWER at term 0 for startAsFollower
2023-08-18 03:35:53,209 [s0-impl-thread1] INFO  impl.RoleInfo (RoleInfo.java:updateAndGet(138)) - s0: start s0@group-F015D9715A3D-FollowerState
2023-08-18 03:35:53,211 [s0-impl-thread1] INFO  util.JmxRegister (JmxRegister.java:tryRegister(44)) - Successfully registered JMX Bean with object name Ratis:service=RaftServer,group=group-F015D9715A3D,id=s0
2023-08-18 03:35:53,211 [s0-impl-thread1] INFO  server.RaftServerConfigKeys (ConfUtils.java:logGet(46)) - raft.server.snapshot.trigger-when-stop.enabled = true (default)
2023-08-18 03:35:53,211 [s0-impl-thread1] INFO  server.RaftServerConfigKeys (ConfUtils.java:logGet(46)) - raft.server.snapshot.auto.trigger.enabled = true (custom)
2023-08-18 03:35:53,211 [s0-impl-thread1] INFO  server.RaftServerConfigKeys (ConfUtils.java:logGet(46)) - raft.server.snapshot.auto.trigger.threshold = 64 (custom)
2023-08-18 03:35:53,211 [s0-impl-thread1] INFO  server.RaftServerConfigKeys (ConfUtils.java:logGet(46)) - raft.server.snapshot.retention.file.num = -1 (default)
2023-08-18 03:35:53,211 [s0-impl-thread1] INFO  server.RaftServerConfigKeys (ConfUtils.java:logGet(46)) - raft.server.log.purge.upto.snapshot.index = false (default)
2023-08-18 03:35:53,212 [s0@group-F015D9715A3D-FollowerState] INFO  server.RaftServerConfigKeys (ConfUtils.java:logFallback(53)) - raft.server.rpc.first-election.timeout.min = 150ms (fallback to raft.server.rpc.timeout.min)
2023-08-18 03:35:53,212 [s0@group-F015D9715A3D-FollowerState] INFO  server.RaftServerConfigKeys (ConfUtils.java:logFallback(53)) - raft.server.rpc.first-election.timeout.max = 300ms (fallback to raft.server.rpc.timeout.max)
2023-08-18 03:35:53,213 [Time-limited test] INFO  server.RaftServer (RaftServerProxy.java:startImpl(402)) - s0: start RPC server
2023-08-18 03:35:53,214 [Time-limited test] INFO  server.GrpcService (GrpcService.java:startImpl(302)) - s0: GrpcService started, listening on 38819
2023-08-18 03:35:53,214 [Time-limited test] INFO  server.GrpcService (GrpcService.java:startImpl(302)) - s0: GrpcService started, listening on 39885
2023-08-18 03:35:53,215 [Time-limited test] INFO  server.GrpcService (GrpcService.java:startImpl(302)) - s0: GrpcService started, listening on 37833
2023-08-18 03:35:53,215 [JvmPauseMonitor3] INFO  util.JvmPauseMonitor (JvmPauseMonitor.java:run(105)) - JvmPauseMonitor-s0: Started
2023-08-18 03:35:53,216 [Time-limited test] INFO  server.RaftServerConfigKeys (ConfUtils.java:logGet(46)) - raft.server.rpc.timeout.max = 300ms (default)
2023-08-18 03:35:53,216 [Time-limited test] INFO  ratis.RaftTestUtil (RaftTestUtil.java:waitForLeader(100)) - printing ALL groups
  s0:  RUNNING  FOLLOWER s0@group-F015D9715A3D:t0, leader=null, voted=, raftlog=Memoized:s0@group-F015D9715A3D-SegmentedRaftLog:OPENED:c-1, conf=-1: peers:[s0|rpc:localhost:39885|admin:localhost:37833|client:localhost:38819|dataStream:localhost:38673|priority:0|startupRole:FOLLOWER]|listeners:[], old=null RUNNING
2023-08-18 03:35:53,216 [Time-limited test] WARN  ratis.RaftTestUtil (JavaUtils.java:attempt(217)) - FAILED "waitForLeader-null-(expectLeader? true)", attempt #1/100: java.lang.IllegalStateException: No leader yet : printing ALL groups
  s0:  RUNNING  FOLLOWER s0@group-F015D9715A3D:t0, leader=null, voted=, raftlog=Memoized:s0@group-F015D9715A3D-SegmentedRaftLog:OPENED:c-1, conf=-1: peers:[s0|rpc:localhost:39885|admin:localhost:37833|client:localhost:38819|dataStream:localhost:38673|priority:0|startupRole:FOLLOWER]|listeners:[], old=null RUNNING, sleep 450ms and then retry.
java.lang.IllegalStateException: No leader yet : printing ALL groups
  s0:  RUNNING  FOLLOWER s0@group-F015D9715A3D:t0, leader=null, voted=, raftlog=Memoized:s0@group-F015D9715A3D-SegmentedRaftLog:OPENED:c-1, conf=-1: peers:[s0|rpc:localhost:39885|admin:localhost:37833|client:localhost:38819|dataStream:localhost:38673|priority:0|startupRole:FOLLOWER]|listeners:[], old=null RUNNING
	at org.apache.ratis.server.impl.MiniRaftCluster.newIllegalStateExceptionForNoLeaders(MiniRaftCluster.java:581)
	at org.apache.ratis.RaftTestUtil.lambda$waitForLeader$1(RaftTestUtil.java:104)
	at org.apache.ratis.server.impl.MiniRaftCluster.getLeader(MiniRaftCluster.java:615)
	at org.apache.ratis.server.impl.MiniRaftCluster.getLeader(MiniRaftCluster.java:608)
	at org.apache.ratis.RaftTestUtil.lambda$waitForLeader$3(RaftTestUtil.java:112)
	at org.apache.ratis.util.JavaUtils.attempt(JavaUtils.java:211)
	at org.apache.ratis.util.JavaUtils.attemptRepeatedly(JavaUtils.java:197)
	at org.apache.ratis.RaftTestUtil.waitForLeader(RaftTestUtil.java:111)
	at org.apache.ratis.RaftTestUtil.waitForLeader(RaftTestUtil.java:92)
	at org.apache.ratis.RaftTestUtil.waitForLeader(RaftTestUtil.java:87)
	at org.apache.ratis.InstallSnapshotFromLeaderTests.testMultiFileInstallSnapshot(InstallSnapshotFromLeaderTests.java:93)
	at org.apache.ratis.server.impl.MiniRaftCluster$Factory$Get.runWithNewCluster(MiniRaftCluster.java:141)
	at org.apache.ratis.server.impl.MiniRaftCluster$Factory$Get.runWithNewCluster(MiniRaftCluster.java:121)
	at org.apache.ratis.InstallSnapshotFromLeaderTests.testSeparateSnapshotInstallPath(InstallSnapshotFromLeaderTests.java:87)
	at java.base/jdk.internal.reflect.NativeMethodAccessorImpl.invoke0(Native Method)
	at java.base/jdk.internal.reflect.NativeMethodAccessorImpl.invoke(NativeMethodAccessorImpl.java:62)
	at java.base/jdk.internal.reflect.DelegatingMethodAccessorImpl.invoke(DelegatingMethodAccessorImpl.java:43)
	at java.base/java.lang.reflect.Method.invoke(Method.java:566)
	at org.junit.runners.model.FrameworkMethod$1.runReflectiveCall(FrameworkMethod.java:59)
	at org.junit.internal.runners.model.ReflectiveCallable.run(ReflectiveCallable.java:12)
	at org.junit.runners.model.FrameworkMethod.invokeExplosively(FrameworkMethod.java:56)
	at org.junit.internal.runners.statements.InvokeMethod.evaluate(InvokeMethod.java:17)
	at org.junit.internal.runners.statements.RunAfters.evaluate(RunAfters.java:27)
	at org.junit.internal.runners.statements.FailOnTimeout$CallableStatement.call(FailOnTimeout.java:299)
	at org.junit.internal.runners.statements.FailOnTimeout$CallableStatement.call(FailOnTimeout.java:293)
	at java.base/java.util.concurrent.FutureTask.run(FutureTask.java:264)
	at java.base/java.lang.Thread.run(Thread.java:829)
2023-08-18 03:35:53,510 [s0@group-F015D9715A3D-FollowerState] INFO  impl.FollowerState (FollowerState.java:run(143)) - s0@group-F015D9715A3D-FollowerState: change to CANDIDATE, lastRpcElapsedTime:300731532ns, electionTimeout:297ms
2023-08-18 03:35:53,510 [s0@group-F015D9715A3D-FollowerState] INFO  impl.RoleInfo (RoleInfo.java:shutdownFollowerState(109)) - s0: shutdown s0@group-F015D9715A3D-FollowerState
2023-08-18 03:35:53,510 [s0@group-F015D9715A3D-FollowerState] INFO  server.RaftServer$Division (RaftServerImpl.java:setRole(371)) - s0@group-F015D9715A3D: changes role from  FOLLOWER to CANDIDATE at term 0 for changeToCandidate
2023-08-18 03:35:53,511 [s0@group-F015D9715A3D-FollowerState] INFO  server.RaftServerConfigKeys (ConfUtils.java:logGet(46)) - raft.server.leaderelection.pre-vote = true (default)
2023-08-18 03:35:53,511 [s0@group-F015D9715A3D-FollowerState] INFO  impl.RoleInfo (RoleInfo.java:updateAndGet(138)) - s0: start s0@group-F015D9715A3D-LeaderElection2
2023-08-18 03:35:53,514 [s0@group-F015D9715A3D-LeaderElection2] INFO  impl.LeaderElection (LeaderElection.java:askForVotes(320)) - s0@group-F015D9715A3D-LeaderElection2 PRE_VOTE round 0: submit vote requests at term 0 for -1: peers:[s0|rpc:localhost:39885|admin:localhost:37833|client:localhost:38819|dataStream:localhost:38673|priority:0|startupRole:FOLLOWER]|listeners:[], old=null
2023-08-18 03:35:53,514 [s0@group-F015D9715A3D-LeaderElection2] INFO  impl.LeaderElection (LeaderElection.java:askForVotes(322)) - s0@group-F015D9715A3D-LeaderElection2 PRE_VOTE round 0: result PASSED (term=0)
2023-08-18 03:35:53,516 [s0@group-F015D9715A3D-LeaderElection2] INFO  impl.LeaderElection (LeaderElection.java:askForVotes(320)) - s0@group-F015D9715A3D-LeaderElection2 ELECTION round 0: submit vote requests at term 1 for -1: peers:[s0|rpc:localhost:39885|admin:localhost:37833|client:localhost:38819|dataStream:localhost:38673|priority:0|startupRole:FOLLOWER]|listeners:[], old=null
2023-08-18 03:35:53,516 [s0@group-F015D9715A3D-LeaderElection2] INFO  impl.LeaderElection (LeaderElection.java:askForVotes(322)) - s0@group-F015D9715A3D-LeaderElection2 ELECTION round 0: result PASSED (term=1)
2023-08-18 03:35:53,516 [s0@group-F015D9715A3D-LeaderElection2] INFO  impl.RoleInfo (RoleInfo.java:shutdownLeaderElection(129)) - s0: shutdown s0@group-F015D9715A3D-LeaderElection2
2023-08-18 03:35:53,516 [s0@group-F015D9715A3D-LeaderElection2] INFO  server.RaftServer$Division (RaftServerImpl.java:setRole(371)) - s0@group-F015D9715A3D: changes role from CANDIDATE to LEADER at term 1 for changeToLeader
2023-08-18 03:35:53,516 [s0@group-F015D9715A3D-LeaderElection2] INFO  server.RaftServerConfigKeys (ConfUtils.java:logGet(46)) - raft.server.staging.catchup.gap = 1000 (default)
2023-08-18 03:35:53,516 [s0@group-F015D9715A3D-LeaderElection2] INFO  server.RaftServerConfigKeys (ConfUtils.java:logGet(46)) - raft.server.write.element-limit = 4096 (default)
2023-08-18 03:35:53,516 [s0@group-F015D9715A3D-LeaderElection2] INFO  server.RaftServerConfigKeys (ConfUtils.java:logGet(46)) - raft.server.write.byte-limit = 64MB (=67108864) (default)
2023-08-18 03:35:53,516 [s0@group-F015D9715A3D-LeaderElection2] INFO  server.RaftServerConfigKeys (ConfUtils.java:logGet(46)) - raft.server.watch.timeout = 10s (default)
2023-08-18 03:35:53,517 [s0@group-F015D9715A3D-LeaderElection2] INFO  server.RaftServerConfigKeys (ConfUtils.java:logGet(46)) - raft.server.watch.timeout.denomination = 1s (default)
2023-08-18 03:35:53,517 [s0@group-F015D9715A3D-LeaderElection2] INFO  server.RaftServerConfigKeys (ConfUtils.java:logGet(46)) - raft.server.watch.element-limit = 65536 (default)
2023-08-18 03:35:53,517 [s0@group-F015D9715A3D-LeaderElection2] INFO  server.RaftServerConfigKeys (ConfUtils.java:logGet(46)) - raft.server.write.element-limit = 4096 (default)
2023-08-18 03:35:53,517 [s0@group-F015D9715A3D-LeaderElection2] INFO  server.RaftServerConfigKeys (ConfUtils.java:logGet(46)) - raft.server.write.follower.gap.ratio.max = -1.0 (default)
2023-08-18 03:35:53,517 [s0@group-F015D9715A3D-LeaderElection2] INFO  impl.RoleInfo (RoleInfo.java:updateAndGet(138)) - s0: start s0@group-F015D9715A3D-LeaderStateImpl
2023-08-18 03:35:53,517 [s0@group-F015D9715A3D-LeaderElection2] INFO  server.RaftServer$Division (RaftServerImpl.java:setFirstElection(556)) - s0@group-F015D9715A3D: set firstElectionSinceStartup to false for becomeLeader
2023-08-18 03:35:53,517 [s0@group-F015D9715A3D-LeaderElection2] INFO  server.RaftServer$Division (ServerState.java:setLeader(260)) - s0@group-F015D9715A3D: change Leader from null to s0 at term 1 for becomeLeader, leader elected after 318ms
2023-08-18 03:35:53,517 [s0@group-F015D9715A3D-LeaderElection2] INFO  segmented.SegmentedRaftLogWorker (SegmentedRaftLogWorker.java:startLogSegment(427)) - s0@group-F015D9715A3D-SegmentedRaftLogWorker: Starting segment from index:0
2023-08-18 03:35:53,518 [s0@group-F015D9715A3D-LeaderElection2] INFO  server.RaftServer$Division (ServerState.java:setRaftConf(377)) - s0@group-F015D9715A3D: set configuration 0: peers:[s0|rpc:localhost:39885|admin:localhost:37833|client:localhost:38819|dataStream:localhost:38673|priority:0|startupRole:FOLLOWER]|listeners:[], old=null
2023-08-18 03:35:53,525 [s0@group-F015D9715A3D-SegmentedRaftLogWorker] INFO  segmented.SegmentedRaftLogWorker (SegmentedRaftLogWorker.java:execute(631)) - s0@group-F015D9715A3D-SegmentedRaftLogWorker: created new log segment /home/runner/work/ratis/ratis/ratis-test/target/test/data/24296cbb/MiniRaftClusterWithGrpca15d4fa5/s0/462b30c7-1276-4db7-bf40-f015d9715a3d/current/log_inprogress_0
2023-08-18 03:35:53,667 [Time-limited test] INFO  ratis.RaftTestUtil (RaftTestUtil.java:waitForLeader(119)) - printing ALL groups
  s0:  RUNNING    LEADER s0@group-F015D9715A3D:t1, leader=s0, voted=s0, raftlog=Memoized:s0@group-F015D9715A3D-SegmentedRaftLog:OPENED:c0, conf=0: peers:[s0|rpc:localhost:39885|admin:localhost:37833|client:localhost:38819|dataStream:localhost:38673|priority:0|startupRole:FOLLOWER]|listeners:[], old=null RUNNING
2023-08-18 03:35:53,678 [s0@group-F015D9715A3D-StateMachineUpdater] INFO  impl.SimpleStateMachine4Testing (SimpleStateMachine4Testing.java:put(205)) - s0: put 1, m0 -> (t:1, i:1), STATEMACHINELOGENTRY, 129@client-5F1BBC092756
2023-08-18 03:35:53,683 [s0@group-F015D9715A3D-StateMachineUpdater] INFO  impl.SimpleStateMachine4Testing (SimpleStateMachine4Testing.java:put(205)) - s0: put 3, m1 -> (t:1, i:3), STATEMACHINELOGENTRY, 130@client-5F1BBC092756
2023-08-18 03:35:53,687 [s0@group-F015D9715A3D-StateMachineUpdater] INFO  impl.SimpleStateMachine4Testing (SimpleStateMachine4Testing.java:put(205)) - s0: put 5, m2 -> (t:1, i:5), STATEMACHINELOGENTRY, 131@client-5F1BBC092756
2023-08-18 03:35:53,690 [s0@group-F015D9715A3D-StateMachineUpdater] INFO  impl.SimpleStateMachine4Testing (SimpleStateMachine4Testing.java:put(205)) - s0: put 7, m3 -> (t:1, i:7), STATEMACHINELOGENTRY, 132@client-5F1BBC092756
2023-08-18 03:35:53,693 [s0@group-F015D9715A3D-StateMachineUpdater] INFO  impl.SimpleStateMachine4Testing (SimpleStateMachine4Testing.java:put(205)) - s0: put 9, m4 -> (t:1, i:9), STATEMACHINELOGENTRY, 133@client-5F1BBC092756
2023-08-18 03:35:53,698 [s0@group-F015D9715A3D-StateMachineUpdater] INFO  impl.SimpleStateMachine4Testing (SimpleStateMachine4Testing.java:put(205)) - s0: put 11, m5 -> (t:1, i:11), STATEMACHINELOGENTRY, 134@client-5F1BBC092756
2023-08-18 03:35:53,700 [s0@group-F015D9715A3D-StateMachineUpdater] INFO  impl.SimpleStateMachine4Testing (SimpleStateMachine4Testing.java:put(205)) - s0: put 13, m6 -> (t:1, i:13), STATEMACHINELOGENTRY, 135@client-5F1BBC092756
2023-08-18 03:35:53,703 [s0@group-F015D9715A3D-StateMachineUpdater] INFO  impl.SimpleStateMachine4Testing (SimpleStateMachine4Testing.java:put(205)) - s0: put 15, m7 -> (t:1, i:15), STATEMACHINELOGENTRY, 136@client-5F1BBC092756
2023-08-18 03:35:53,706 [s0@group-F015D9715A3D-StateMachineUpdater] INFO  impl.SimpleStateMachine4Testing (SimpleStateMachine4Testing.java:put(205)) - s0: put 17, m8 -> (t:1, i:17), STATEMACHINELOGENTRY, 137@client-5F1BBC092756
2023-08-18 03:35:53,712 [s0@group-F015D9715A3D-StateMachineUpdater] INFO  impl.SimpleStateMachine4Testing (SimpleStateMachine4Testing.java:put(205)) - s0: put 19, m9 -> (t:1, i:19), STATEMACHINELOGENTRY, 138@client-5F1BBC092756
2023-08-18 03:35:53,726 [s0@group-F015D9715A3D-StateMachineUpdater] INFO  impl.SimpleStateMachine4Testing (SimpleStateMachine4Testing.java:put(205)) - s0: put 21, m10 -> (t:1, i:21), STATEMACHINELOGENTRY, 139@client-5F1BBC092756
2023-08-18 03:35:53,731 [s0@group-F015D9715A3D-StateMachineUpdater] INFO  impl.SimpleStateMachine4Testing (SimpleStateMachine4Testing.java:put(205)) - s0: put 23, m11 -> (t:1, i:23), STATEMACHINELOGENTRY, 140@client-5F1BBC092756
2023-08-18 03:35:53,737 [s0@group-F015D9715A3D-StateMachineUpdater] INFO  impl.SimpleStateMachine4Testing (SimpleStateMachine4Testing.java:put(205)) - s0: put 25, m12 -> (t:1, i:25), STATEMACHINELOGENTRY, 141@client-5F1BBC092756
2023-08-18 03:35:53,740 [s0@group-F015D9715A3D-StateMachineUpdater] INFO  impl.SimpleStateMachine4Testing (SimpleStateMachine4Testing.java:put(205)) - s0: put 27, m13 -> (t:1, i:27), STATEMACHINELOGENTRY, 142@client-5F1BBC092756
2023-08-18 03:35:53,743 [s0@group-F015D9715A3D-StateMachineUpdater] INFO  impl.SimpleStateMachine4Testing (SimpleStateMachine4Testing.java:put(205)) - s0: put 29, m14 -> (t:1, i:29), STATEMACHINELOGENTRY, 143@client-5F1BBC092756
2023-08-18 03:35:53,746 [s0@group-F015D9715A3D-StateMachineUpdater] INFO  impl.SimpleStateMachine4Testing (SimpleStateMachine4Testing.java:put(205)) - s0: put 31, m15 -> (t:1, i:31), STATEMACHINELOGENTRY, 144@client-5F1BBC092756
2023-08-18 03:35:53,752 [s0@group-F015D9715A3D-StateMachineUpdater] INFO  impl.SimpleStateMachine4Testing (SimpleStateMachine4Testing.java:put(205)) - s0: put 33, m16 -> (t:1, i:33), STATEMACHINELOGENTRY, 145@client-5F1BBC092756
2023-08-18 03:35:53,755 [s0@group-F015D9715A3D-StateMachineUpdater] INFO  impl.SimpleStateMachine4Testing (SimpleStateMachine4Testing.java:put(205)) - s0: put 35, m17 -> (t:1, i:35), STATEMACHINELOGENTRY, 146@client-5F1BBC092756
2023-08-18 03:35:53,757 [s0@group-F015D9715A3D-StateMachineUpdater] INFO  impl.SimpleStateMachine4Testing (SimpleStateMachine4Testing.java:put(205)) - s0: put 37, m18 -> (t:1, i:37), STATEMACHINELOGENTRY, 147@client-5F1BBC092756
2023-08-18 03:35:53,760 [s0@group-F015D9715A3D-StateMachineUpdater] INFO  impl.SimpleStateMachine4Testing (SimpleStateMachine4Testing.java:put(205)) - s0: put 39, m19 -> (t:1, i:39), STATEMACHINELOGENTRY, 148@client-5F1BBC092756
2023-08-18 03:35:53,762 [s0@group-F015D9715A3D-StateMachineUpdater] INFO  impl.SimpleStateMachine4Testing (SimpleStateMachine4Testing.java:put(205)) - s0: put 41, m20 -> (t:1, i:41), STATEMACHINELOGENTRY, 149@client-5F1BBC092756
2023-08-18 03:35:53,765 [s0@group-F015D9715A3D-StateMachineUpdater] INFO  impl.SimpleStateMachine4Testing (SimpleStateMachine4Testing.java:put(205)) - s0: put 43, m21 -> (t:1, i:43), STATEMACHINELOGENTRY, 150@client-5F1BBC092756
2023-08-18 03:35:53,767 [s0@group-F015D9715A3D-StateMachineUpdater] INFO  impl.SimpleStateMachine4Testing (SimpleStateMachine4Testing.java:put(205)) - s0: put 45, m22 -> (t:1, i:45), STATEMACHINELOGENTRY, 151@client-5F1BBC092756
2023-08-18 03:35:53,770 [s0@group-F015D9715A3D-StateMachineUpdater] INFO  impl.SimpleStateMachine4Testing (SimpleStateMachine4Testing.java:put(205)) - s0: put 47, m23 -> (t:1, i:47), STATEMACHINELOGENTRY, 152@client-5F1BBC092756
2023-08-18 03:35:53,772 [s0@group-F015D9715A3D-StateMachineUpdater] INFO  impl.SimpleStateMachine4Testing (SimpleStateMachine4Testing.java:put(205)) - s0: put 49, m24 -> (t:1, i:49), STATEMACHINELOGENTRY, 153@client-5F1BBC092756
2023-08-18 03:35:53,775 [s0@group-F015D9715A3D-StateMachineUpdater] INFO  impl.SimpleStateMachine4Testing (SimpleStateMachine4Testing.java:put(205)) - s0: put 51, m25 -> (t:1, i:51), STATEMACHINELOGENTRY, 154@client-5F1BBC092756
2023-08-18 03:35:53,777 [s0@group-F015D9715A3D-StateMachineUpdater] INFO  impl.SimpleStateMachine4Testing (SimpleStateMachine4Testing.java:put(205)) - s0: put 53, m26 -> (t:1, i:53), STATEMACHINELOGENTRY, 155@client-5F1BBC092756
2023-08-18 03:35:53,781 [s0@group-F015D9715A3D-StateMachineUpdater] INFO  impl.SimpleStateMachine4Testing (SimpleStateMachine4Testing.java:put(205)) - s0: put 55, m27 -> (t:1, i:55), STATEMACHINELOGENTRY, 156@client-5F1BBC092756
2023-08-18 03:35:53,784 [s0@group-F015D9715A3D-StateMachineUpdater] INFO  impl.SimpleStateMachine4Testing (SimpleStateMachine4Testing.java:put(205)) - s0: put 57, m28 -> (t:1, i:57), STATEMACHINELOGENTRY, 157@client-5F1BBC092756
2023-08-18 03:35:53,787 [s0@group-F015D9715A3D-StateMachineUpdater] INFO  impl.SimpleStateMachine4Testing (SimpleStateMachine4Testing.java:put(205)) - s0: put 59, m29 -> (t:1, i:59), STATEMACHINELOGENTRY, 158@client-5F1BBC092756
2023-08-18 03:35:53,789 [s0@group-F015D9715A3D-StateMachineUpdater] INFO  impl.SimpleStateMachine4Testing (SimpleStateMachine4Testing.java:put(205)) - s0: put 61, m30 -> (t:1, i:61), STATEMACHINELOGENTRY, 159@client-5F1BBC092756
2023-08-18 03:35:53,793 [s0@group-F015D9715A3D-StateMachineUpdater] INFO  impl.SimpleStateMachine4Testing (SimpleStateMachine4Testing.java:put(205)) - s0: put 63, m31 -> (t:1, i:63), STATEMACHINELOGENTRY, 160@client-5F1BBC092756
2023-08-18 03:35:53,793 [s0@group-F015D9715A3D-StateMachineUpdater] TRACE util.FileUtils (FileUtils.java:deleteFully(201)) - deleteFully /tmp/ratis-tests/statemachine/s0/snapshot/1_63
2023-08-18 03:35:53,793 [s0@group-F015D9715A3D-StateMachineUpdater] TRACE util.FileUtils (FileUtils.java:deleteFully(217)) - deleteFully: /tmp/ratis-tests/statemachine/s0/snapshot/1_63 does not exist.
2023-08-18 03:35:53,793 [s0@group-F015D9715A3D-StateMachineUpdater] TRACE util.FileUtils (FileUtils.java:deleteFully(201)) - deleteFully /tmp/ratis-tests/statemachine/s0/tmp/e77d905e-baad-43d7-a5cf-8f0856e18088
2023-08-18 03:35:53,793 [s0@group-F015D9715A3D-StateMachineUpdater] TRACE util.FileUtils (FileUtils.java:deleteFully(217)) - deleteFully: /tmp/ratis-tests/statemachine/s0/tmp/e77d905e-baad-43d7-a5cf-8f0856e18088 does not exist.
2023-08-18 03:35:53,794 [s0@group-F015D9715A3D-StateMachineUpdater] TRACE util.FileUtils (LogUtils.java:runAndLog(49)) - Successfully ran Atomic Files.move /tmp/ratis-tests/statemachine/s0/tmp/e77d905e-baad-43d7-a5cf-8f0856e18088 to /tmp/ratis-tests/statemachine/s0/snapshot/1_63
2023-08-18 03:35:53,794 [s0@group-F015D9715A3D-StateMachineUpdater] INFO  impl.StateMachineUpdater (StateMachineUpdater.java:takeSnapshot(295)) - s0@group-F015D9715A3D-StateMachineUpdater: Took a snapshot at index 63
2023-08-18 03:35:53,794 [s0@group-F015D9715A3D-StateMachineUpdater] INFO  impl.StateMachineUpdater (StateMachineUpdater.java:lambda$new$0(98)) - s0@group-F015D9715A3D-StateMachineUpdater: snapshotIndex: updateIncreasingly -1 -> 63
2023-08-18 03:35:53,794 [s0@group-F015D9715A3D-StateMachineUpdater] INFO  raftlog.RaftLog (RaftLogBase.java:purge(315)) - s0@group-F015D9715A3D-SegmentedRaftLog: purge 63
2023-08-18 03:35:53,794 [s0@group-F015D9715A3D-StateMachineUpdater] INFO  raftlog.RaftLog (RaftLogBase.java:lambda$new$0(54)) - s0@group-F015D9715A3D-SegmentedRaftLog: snapshotIndex: updateIncreasingly -1 -> 63
2023-08-18 03:35:53,794 [s0@group-F015D9715A3D-StateMachineUpdater] INFO  raftlog.RaftLog (RaftLogBase.java:lambda$new$0(54)) - s0@group-F015D9715A3D-SegmentedRaftLog: purgeIndex: updateToMax old=-1, new=63, updated? true
2023-08-18 03:35:53,796 [s0@group-F015D9715A3D-StateMachineUpdater] INFO  impl.SimpleStateMachine4Testing (SimpleStateMachine4Testing.java:put(205)) - s0: put 65, m32 -> (t:1, i:65), STATEMACHINELOGENTRY, 161@client-5F1BBC092756
2023-08-18 03:35:53,799 [s0@group-F015D9715A3D-StateMachineUpdater] INFO  impl.SimpleStateMachine4Testing (SimpleStateMachine4Testing.java:put(205)) - s0: put 67, m33 -> (t:1, i:67), STATEMACHINELOGENTRY, 162@client-5F1BBC092756
2023-08-18 03:35:53,801 [s0@group-F015D9715A3D-StateMachineUpdater] INFO  impl.SimpleStateMachine4Testing (SimpleStateMachine4Testing.java:put(205)) - s0: put 69, m34 -> (t:1, i:69), STATEMACHINELOGENTRY, 163@client-5F1BBC092756
2023-08-18 03:35:53,804 [s0@group-F015D9715A3D-StateMachineUpdater] INFO  impl.SimpleStateMachine4Testing (SimpleStateMachine4Testing.java:put(205)) - s0: put 71, m35 -> (t:1, i:71), STATEMACHINELOGENTRY, 164@client-5F1BBC092756
2023-08-18 03:35:53,810 [s0@group-F015D9715A3D-StateMachineUpdater] INFO  impl.SimpleStateMachine4Testing (SimpleStateMachine4Testing.java:put(205)) - s0: put 73, m36 -> (t:1, i:73), STATEMACHINELOGENTRY, 165@client-5F1BBC092756
2023-08-18 03:35:53,813 [s0@group-F015D9715A3D-StateMachineUpdater] INFO  impl.SimpleStateMachine4Testing (SimpleStateMachine4Testing.java:put(205)) - s0: put 75, m37 -> (t:1, i:75), STATEMACHINELOGENTRY, 166@client-5F1BBC092756
2023-08-18 03:35:53,815 [s0@group-F015D9715A3D-StateMachineUpdater] INFO  impl.SimpleStateMachine4Testing (SimpleStateMachine4Testing.java:put(205)) - s0: put 77, m38 -> (t:1, i:77), STATEMACHINELOGENTRY, 167@client-5F1BBC092756
2023-08-18 03:35:53,818 [s0@group-F015D9715A3D-StateMachineUpdater] INFO  impl.SimpleStateMachine4Testing (SimpleStateMachine4Testing.java:put(205)) - s0: put 79, m39 -> (t:1, i:79), STATEMACHINELOGENTRY, 168@client-5F1BBC092756
2023-08-18 03:35:53,822 [s0@group-F015D9715A3D-StateMachineUpdater] INFO  impl.SimpleStateMachine4Testing (SimpleStateMachine4Testing.java:put(205)) - s0: put 81, m40 -> (t:1, i:81), STATEMACHINELOGENTRY, 169@client-5F1BBC092756
2023-08-18 03:35:53,824 [s0@group-F015D9715A3D-StateMachineUpdater] INFO  impl.SimpleStateMachine4Testing (SimpleStateMachine4Testing.java:put(205)) - s0: put 83, m41 -> (t:1, i:83), STATEMACHINELOGENTRY, 170@client-5F1BBC092756
2023-08-18 03:35:53,832 [s0@group-F015D9715A3D-StateMachineUpdater] INFO  impl.SimpleStateMachine4Testing (SimpleStateMachine4Testing.java:put(205)) - s0: put 85, m42 -> (t:1, i:85), STATEMACHINELOGENTRY, 171@client-5F1BBC092756
2023-08-18 03:35:53,835 [s0@group-F015D9715A3D-StateMachineUpdater] INFO  impl.SimpleStateMachine4Testing (SimpleStateMachine4Testing.java:put(205)) - s0: put 87, m43 -> (t:1, i:87), STATEMACHINELOGENTRY, 172@client-5F1BBC092756
2023-08-18 03:35:53,838 [s0@group-F015D9715A3D-StateMachineUpdater] INFO  impl.SimpleStateMachine4Testing (SimpleStateMachine4Testing.java:put(205)) - s0: put 89, m44 -> (t:1, i:89), STATEMACHINELOGENTRY, 173@client-5F1BBC092756
2023-08-18 03:35:53,841 [s0@group-F015D9715A3D-StateMachineUpdater] INFO  impl.SimpleStateMachine4Testing (SimpleStateMachine4Testing.java:put(205)) - s0: put 91, m45 -> (t:1, i:91), STATEMACHINELOGENTRY, 174@client-5F1BBC092756
2023-08-18 03:35:53,844 [s0@group-F015D9715A3D-StateMachineUpdater] INFO  impl.SimpleStateMachine4Testing (SimpleStateMachine4Testing.java:put(205)) - s0: put 93, m46 -> (t:1, i:93), STATEMACHINELOGENTRY, 175@client-5F1BBC092756
2023-08-18 03:35:53,847 [s0@group-F015D9715A3D-StateMachineUpdater] INFO  impl.SimpleStateMachine4Testing (SimpleStateMachine4Testing.java:put(205)) - s0: put 95, m47 -> (t:1, i:95), STATEMACHINELOGENTRY, 176@client-5F1BBC092756
2023-08-18 03:35:53,849 [s0@group-F015D9715A3D-StateMachineUpdater] INFO  impl.SimpleStateMachine4Testing (SimpleStateMachine4Testing.java:put(205)) - s0: put 97, m48 -> (t:1, i:97), STATEMACHINELOGENTRY, 177@client-5F1BBC092756
2023-08-18 03:35:53,852 [s0@group-F015D9715A3D-StateMachineUpdater] INFO  impl.SimpleStateMachine4Testing (SimpleStateMachine4Testing.java:put(205)) - s0: put 99, m49 -> (t:1, i:99), STATEMACHINELOGENTRY, 178@client-5F1BBC092756
2023-08-18 03:35:53,855 [s0@group-F015D9715A3D-StateMachineUpdater] INFO  impl.SimpleStateMachine4Testing (SimpleStateMachine4Testing.java:put(205)) - s0: put 101, m50 -> (t:1, i:101), STATEMACHINELOGENTRY, 179@client-5F1BBC092756
2023-08-18 03:35:53,861 [s0@group-F015D9715A3D-StateMachineUpdater] INFO  impl.SimpleStateMachine4Testing (SimpleStateMachine4Testing.java:put(205)) - s0: put 103, m51 -> (t:1, i:103), STATEMACHINELOGENTRY, 180@client-5F1BBC092756
2023-08-18 03:35:53,863 [s0@group-F015D9715A3D-StateMachineUpdater] INFO  impl.SimpleStateMachine4Testing (SimpleStateMachine4Testing.java:put(205)) - s0: put 105, m52 -> (t:1, i:105), STATEMACHINELOGENTRY, 181@client-5F1BBC092756
2023-08-18 03:35:53,868 [s0@group-F015D9715A3D-StateMachineUpdater] INFO  impl.SimpleStateMachine4Testing (SimpleStateMachine4Testing.java:put(205)) - s0: put 107, m53 -> (t:1, i:107), STATEMACHINELOGENTRY, 182@client-5F1BBC092756
2023-08-18 03:35:53,871 [s0@group-F015D9715A3D-StateMachineUpdater] INFO  impl.SimpleStateMachine4Testing (SimpleStateMachine4Testing.java:put(205)) - s0: put 109, m54 -> (t:1, i:109), STATEMACHINELOGENTRY, 183@client-5F1BBC092756
2023-08-18 03:35:53,874 [s0@group-F015D9715A3D-StateMachineUpdater] INFO  impl.SimpleStateMachine4Testing (SimpleStateMachine4Testing.java:put(205)) - s0: put 111, m55 -> (t:1, i:111), STATEMACHINELOGENTRY, 184@client-5F1BBC092756
2023-08-18 03:35:53,877 [s0@group-F015D9715A3D-StateMachineUpdater] INFO  impl.SimpleStateMachine4Testing (SimpleStateMachine4Testing.java:put(205)) - s0: put 113, m56 -> (t:1, i:113), STATEMACHINELOGENTRY, 185@client-5F1BBC092756
2023-08-18 03:35:53,880 [s0@group-F015D9715A3D-StateMachineUpdater] INFO  impl.SimpleStateMachine4Testing (SimpleStateMachine4Testing.java:put(205)) - s0: put 115, m57 -> (t:1, i:115), STATEMACHINELOGENTRY, 186@client-5F1BBC092756
2023-08-18 03:35:53,883 [s0@group-F015D9715A3D-StateMachineUpdater] INFO  impl.SimpleStateMachine4Testing (SimpleStateMachine4Testing.java:put(205)) - s0: put 117, m58 -> (t:1, i:117), STATEMACHINELOGENTRY, 187@client-5F1BBC092756
2023-08-18 03:35:53,886 [s0@group-F015D9715A3D-StateMachineUpdater] INFO  impl.SimpleStateMachine4Testing (SimpleStateMachine4Testing.java:put(205)) - s0: put 119, m59 -> (t:1, i:119), STATEMACHINELOGENTRY, 188@client-5F1BBC092756
2023-08-18 03:35:53,889 [s0@group-F015D9715A3D-StateMachineUpdater] INFO  impl.SimpleStateMachine4Testing (SimpleStateMachine4Testing.java:put(205)) - s0: put 121, m60 -> (t:1, i:121), STATEMACHINELOGENTRY, 189@client-5F1BBC092756
2023-08-18 03:35:53,891 [s0@group-F015D9715A3D-StateMachineUpdater] INFO  impl.SimpleStateMachine4Testing (SimpleStateMachine4Testing.java:put(205)) - s0: put 123, m61 -> (t:1, i:123), STATEMACHINELOGENTRY, 190@client-5F1BBC092756
2023-08-18 03:35:53,894 [s0@group-F015D9715A3D-StateMachineUpdater] INFO  impl.SimpleStateMachine4Testing (SimpleStateMachine4Testing.java:put(205)) - s0: put 125, m62 -> (t:1, i:125), STATEMACHINELOGENTRY, 191@client-5F1BBC092756
2023-08-18 03:35:53,897 [s0@group-F015D9715A3D-StateMachineUpdater] INFO  impl.SimpleStateMachine4Testing (SimpleStateMachine4Testing.java:put(205)) - s0: put 127, m63 -> (t:1, i:127), STATEMACHINELOGENTRY, 192@client-5F1BBC092756
2023-08-18 03:35:53,897 [s0@group-F015D9715A3D-StateMachineUpdater] TRACE util.FileUtils (FileUtils.java:deleteFully(201)) - deleteFully /tmp/ratis-tests/statemachine/s0/snapshot/1_127
2023-08-18 03:35:53,897 [s0@group-F015D9715A3D-StateMachineUpdater] TRACE util.FileUtils (FileUtils.java:deleteFully(217)) - deleteFully: /tmp/ratis-tests/statemachine/s0/snapshot/1_127 does not exist.
2023-08-18 03:35:53,897 [s0@group-F015D9715A3D-StateMachineUpdater] TRACE util.FileUtils (FileUtils.java:deleteFully(201)) - deleteFully /tmp/ratis-tests/statemachine/s0/tmp/a184361b-a393-4f51-99d7-69a093e1299b
2023-08-18 03:35:53,897 [s0@group-F015D9715A3D-StateMachineUpdater] TRACE util.FileUtils (FileUtils.java:deleteFully(217)) - deleteFully: /tmp/ratis-tests/statemachine/s0/tmp/a184361b-a393-4f51-99d7-69a093e1299b does not exist.
2023-08-18 03:35:53,897 [s0@group-F015D9715A3D-StateMachineUpdater] TRACE util.FileUtils (LogUtils.java:runAndLog(49)) - Successfully ran Atomic Files.move /tmp/ratis-tests/statemachine/s0/tmp/a184361b-a393-4f51-99d7-69a093e1299b to /tmp/ratis-tests/statemachine/s0/snapshot/1_127
2023-08-18 03:35:53,897 [s0@group-F015D9715A3D-StateMachineUpdater] INFO  impl.StateMachineUpdater (StateMachineUpdater.java:takeSnapshot(295)) - s0@group-F015D9715A3D-StateMachineUpdater: Took a snapshot at index 127
2023-08-18 03:35:53,897 [s0@group-F015D9715A3D-StateMachineUpdater] INFO  impl.StateMachineUpdater (StateMachineUpdater.java:lambda$new$0(98)) - s0@group-F015D9715A3D-StateMachineUpdater: snapshotIndex: updateIncreasingly 63 -> 127
2023-08-18 03:35:53,898 [s0@group-F015D9715A3D-StateMachineUpdater] INFO  raftlog.RaftLog (RaftLogBase.java:purge(315)) - s0@group-F015D9715A3D-SegmentedRaftLog: purge 127
2023-08-18 03:35:53,898 [s0@group-F015D9715A3D-StateMachineUpdater] INFO  raftlog.RaftLog (RaftLogBase.java:lambda$new$0(54)) - s0@group-F015D9715A3D-SegmentedRaftLog: snapshotIndex: updateIncreasingly 63 -> 127
2023-08-18 03:35:53,898 [s0@group-F015D9715A3D-StateMachineUpdater] INFO  raftlog.RaftLog (RaftLogBase.java:lambda$new$0(54)) - s0@group-F015D9715A3D-SegmentedRaftLog: purgeIndex: updateToMax old=63, new=127, updated? true
2023-08-18 03:35:53,901 [s0@group-F015D9715A3D-StateMachineUpdater] INFO  impl.SimpleStateMachine4Testing (SimpleStateMachine4Testing.java:put(205)) - s0: put 129, m64 -> (t:1, i:129), STATEMACHINELOGENTRY, 193@client-5F1BBC092756
2023-08-18 03:35:53,903 [s0@group-F015D9715A3D-StateMachineUpdater] INFO  impl.SimpleStateMachine4Testing (SimpleStateMachine4Testing.java:put(205)) - s0: put 131, m65 -> (t:1, i:131), STATEMACHINELOGENTRY, 194@client-5F1BBC092756
2023-08-18 03:35:53,906 [s0@group-F015D9715A3D-StateMachineUpdater] INFO  impl.SimpleStateMachine4Testing (SimpleStateMachine4Testing.java:put(205)) - s0: put 133, m66 -> (t:1, i:133), STATEMACHINELOGENTRY, 195@client-5F1BBC092756
2023-08-18 03:35:53,912 [s0@group-F015D9715A3D-StateMachineUpdater] INFO  impl.SimpleStateMachine4Testing (SimpleStateMachine4Testing.java:put(205)) - s0: put 135, m67 -> (t:1, i:135), STATEMACHINELOGENTRY, 196@client-5F1BBC092756
2023-08-18 03:35:53,915 [s0@group-F015D9715A3D-StateMachineUpdater] INFO  impl.SimpleStateMachine4Testing (SimpleStateMachine4Testing.java:put(205)) - s0: put 137, m68 -> (t:1, i:137), STATEMACHINELOGENTRY, 197@client-5F1BBC092756
2023-08-18 03:35:53,921 [s0@group-F015D9715A3D-StateMachineUpdater] INFO  impl.SimpleStateMachine4Testing (SimpleStateMachine4Testing.java:put(205)) - s0: put 139, m69 -> (t:1, i:139), STATEMACHINELOGENTRY, 198@client-5F1BBC092756
2023-08-18 03:35:53,923 [s0@group-F015D9715A3D-StateMachineUpdater] INFO  impl.SimpleStateMachine4Testing (SimpleStateMachine4Testing.java:put(205)) - s0: put 141, m70 -> (t:1, i:141), STATEMACHINELOGENTRY, 199@client-5F1BBC092756
2023-08-18 03:35:53,926 [s0@group-F015D9715A3D-StateMachineUpdater] INFO  impl.SimpleStateMachine4Testing (SimpleStateMachine4Testing.java:put(205)) - s0: put 143, m71 -> (t:1, i:143), STATEMACHINELOGENTRY, 200@client-5F1BBC092756
2023-08-18 03:35:53,928 [s0@group-F015D9715A3D-StateMachineUpdater] INFO  impl.SimpleStateMachine4Testing (SimpleStateMachine4Testing.java:put(205)) - s0: put 145, m72 -> (t:1, i:145), STATEMACHINELOGENTRY, 201@client-5F1BBC092756
2023-08-18 03:35:53,931 [s0@group-F015D9715A3D-StateMachineUpdater] INFO  impl.SimpleStateMachine4Testing (SimpleStateMachine4Testing.java:put(205)) - s0: put 147, m73 -> (t:1, i:147), STATEMACHINELOGENTRY, 202@client-5F1BBC092756
2023-08-18 03:35:53,935 [s0@group-F015D9715A3D-StateMachineUpdater] INFO  impl.SimpleStateMachine4Testing (SimpleStateMachine4Testing.java:put(205)) - s0: put 149, m74 -> (t:1, i:149), STATEMACHINELOGENTRY, 203@client-5F1BBC092756
2023-08-18 03:35:53,937 [s0@group-F015D9715A3D-StateMachineUpdater] INFO  impl.SimpleStateMachine4Testing (SimpleStateMachine4Testing.java:put(205)) - s0: put 151, m75 -> (t:1, i:151), STATEMACHINELOGENTRY, 204@client-5F1BBC092756
2023-08-18 03:35:53,939 [s0@group-F015D9715A3D-StateMachineUpdater] INFO  impl.SimpleStateMachine4Testing (SimpleStateMachine4Testing.java:put(205)) - s0: put 153, m76 -> (t:1, i:153), STATEMACHINELOGENTRY, 205@client-5F1BBC092756
2023-08-18 03:35:53,943 [s0@group-F015D9715A3D-StateMachineUpdater] INFO  impl.SimpleStateMachine4Testing (SimpleStateMachine4Testing.java:put(205)) - s0: put 155, m77 -> (t:1, i:155), STATEMACHINELOGENTRY, 206@client-5F1BBC092756
2023-08-18 03:35:53,946 [s0@group-F015D9715A3D-StateMachineUpdater] INFO  impl.SimpleStateMachine4Testing (SimpleStateMachine4Testing.java:put(205)) - s0: put 157, m78 -> (t:1, i:157), STATEMACHINELOGENTRY, 207@client-5F1BBC092756
2023-08-18 03:35:53,948 [s0@group-F015D9715A3D-StateMachineUpdater] INFO  impl.SimpleStateMachine4Testing (SimpleStateMachine4Testing.java:put(205)) - s0: put 159, m79 -> (t:1, i:159), STATEMACHINELOGENTRY, 208@client-5F1BBC092756
2023-08-18 03:35:53,951 [s0@group-F015D9715A3D-StateMachineUpdater] INFO  impl.SimpleStateMachine4Testing (SimpleStateMachine4Testing.java:put(205)) - s0: put 161, m80 -> (t:1, i:161), STATEMACHINELOGENTRY, 209@client-5F1BBC092756
2023-08-18 03:35:53,954 [s0@group-F015D9715A3D-StateMachineUpdater] INFO  impl.SimpleStateMachine4Testing (SimpleStateMachine4Testing.java:put(205)) - s0: put 163, m81 -> (t:1, i:163), STATEMACHINELOGENTRY, 210@client-5F1BBC092756
2023-08-18 03:35:53,957 [s0@group-F015D9715A3D-StateMachineUpdater] INFO  impl.SimpleStateMachine4Testing (SimpleStateMachine4Testing.java:put(205)) - s0: put 165, m82 -> (t:1, i:165), STATEMACHINELOGENTRY, 211@client-5F1BBC092756
2023-08-18 03:35:53,960 [s0@group-F015D9715A3D-StateMachineUpdater] INFO  impl.SimpleStateMachine4Testing (SimpleStateMachine4Testing.java:put(205)) - s0: put 167, m83 -> (t:1, i:167), STATEMACHINELOGENTRY, 212@client-5F1BBC092756
2023-08-18 03:35:53,965 [s0@group-F015D9715A3D-StateMachineUpdater] INFO  impl.SimpleStateMachine4Testing (SimpleStateMachine4Testing.java:put(205)) - s0: put 169, m84 -> (t:1, i:169), STATEMACHINELOGENTRY, 213@client-5F1BBC092756
2023-08-18 03:35:53,968 [s0@group-F015D9715A3D-StateMachineUpdater] INFO  impl.SimpleStateMachine4Testing (SimpleStateMachine4Testing.java:put(205)) - s0: put 171, m85 -> (t:1, i:171), STATEMACHINELOGENTRY, 214@client-5F1BBC092756
2023-08-18 03:35:53,970 [s0@group-F015D9715A3D-StateMachineUpdater] INFO  impl.SimpleStateMachine4Testing (SimpleStateMachine4Testing.java:put(205)) - s0: put 173, m86 -> (t:1, i:173), STATEMACHINELOGENTRY, 215@client-5F1BBC092756
2023-08-18 03:35:53,973 [s0@group-F015D9715A3D-StateMachineUpdater] INFO  impl.SimpleStateMachine4Testing (SimpleStateMachine4Testing.java:put(205)) - s0: put 175, m87 -> (t:1, i:175), STATEMACHINELOGENTRY, 216@client-5F1BBC092756
2023-08-18 03:35:53,975 [s0@group-F015D9715A3D-StateMachineUpdater] INFO  impl.SimpleStateMachine4Testing (SimpleStateMachine4Testing.java:put(205)) - s0: put 177, m88 -> (t:1, i:177), STATEMACHINELOGENTRY, 217@client-5F1BBC092756
2023-08-18 03:35:53,977 [s0@group-F015D9715A3D-StateMachineUpdater] INFO  impl.SimpleStateMachine4Testing (SimpleStateMachine4Testing.java:put(205)) - s0: put 179, m89 -> (t:1, i:179), STATEMACHINELOGENTRY, 218@client-5F1BBC092756
2023-08-18 03:35:53,981 [s0@group-F015D9715A3D-StateMachineUpdater] INFO  impl.SimpleStateMachine4Testing (SimpleStateMachine4Testing.java:put(205)) - s0: put 181, m90 -> (t:1, i:181), STATEMACHINELOGENTRY, 219@client-5F1BBC092756
2023-08-18 03:35:53,983 [s0@group-F015D9715A3D-StateMachineUpdater] INFO  impl.SimpleStateMachine4Testing (SimpleStateMachine4Testing.java:put(205)) - s0: put 183, m91 -> (t:1, i:183), STATEMACHINELOGENTRY, 220@client-5F1BBC092756
2023-08-18 03:35:53,985 [s0@group-F015D9715A3D-StateMachineUpdater] INFO  impl.SimpleStateMachine4Testing (SimpleStateMachine4Testing.java:put(205)) - s0: put 185, m92 -> (t:1, i:185), STATEMACHINELOGENTRY, 221@client-5F1BBC092756
2023-08-18 03:35:53,988 [s0@group-F015D9715A3D-StateMachineUpdater] INFO  impl.SimpleStateMachine4Testing (SimpleStateMachine4Testing.java:put(205)) - s0: put 187, m93 -> (t:1, i:187), STATEMACHINELOGENTRY, 222@client-5F1BBC092756
2023-08-18 03:35:53,993 [s0@group-F015D9715A3D-StateMachineUpdater] INFO  impl.SimpleStateMachine4Testing (SimpleStateMachine4Testing.java:put(205)) - s0: put 189, m94 -> (t:1, i:189), STATEMACHINELOGENTRY, 223@client-5F1BBC092756
2023-08-18 03:35:53,996 [s0@group-F015D9715A3D-StateMachineUpdater] INFO  impl.SimpleStateMachine4Testing (SimpleStateMachine4Testing.java:put(205)) - s0: put 191, m95 -> (t:1, i:191), STATEMACHINELOGENTRY, 224@client-5F1BBC092756
2023-08-18 03:35:53,996 [s0@group-F015D9715A3D-StateMachineUpdater] TRACE util.FileUtils (FileUtils.java:deleteFully(201)) - deleteFully /tmp/ratis-tests/statemachine/s0/snapshot/1_191
2023-08-18 03:35:53,996 [s0@group-F015D9715A3D-StateMachineUpdater] TRACE util.FileUtils (FileUtils.java:deleteFully(217)) - deleteFully: /tmp/ratis-tests/statemachine/s0/snapshot/1_191 does not exist.
2023-08-18 03:35:53,996 [s0@group-F015D9715A3D-StateMachineUpdater] TRACE util.FileUtils (FileUtils.java:deleteFully(201)) - deleteFully /tmp/ratis-tests/statemachine/s0/tmp/84f994d7-d38a-453f-bfae-2a2821315c02
2023-08-18 03:35:53,997 [s0@group-F015D9715A3D-StateMachineUpdater] TRACE util.FileUtils (FileUtils.java:deleteFully(217)) - deleteFully: /tmp/ratis-tests/statemachine/s0/tmp/84f994d7-d38a-453f-bfae-2a2821315c02 does not exist.
2023-08-18 03:35:53,997 [s0@group-F015D9715A3D-StateMachineUpdater] TRACE util.FileUtils (LogUtils.java:runAndLog(49)) - Successfully ran Atomic Files.move /tmp/ratis-tests/statemachine/s0/tmp/84f994d7-d38a-453f-bfae-2a2821315c02 to /tmp/ratis-tests/statemachine/s0/snapshot/1_191
2023-08-18 03:35:53,997 [s0@group-F015D9715A3D-StateMachineUpdater] INFO  impl.StateMachineUpdater (StateMachineUpdater.java:takeSnapshot(295)) - s0@group-F015D9715A3D-StateMachineUpdater: Took a snapshot at index 191
2023-08-18 03:35:53,997 [s0@group-F015D9715A3D-StateMachineUpdater] INFO  impl.StateMachineUpdater (StateMachineUpdater.java:lambda$new$0(98)) - s0@group-F015D9715A3D-StateMachineUpdater: snapshotIndex: updateIncreasingly 127 -> 191
2023-08-18 03:35:53,997 [s0@group-F015D9715A3D-StateMachineUpdater] INFO  raftlog.RaftLog (RaftLogBase.java:purge(315)) - s0@group-F015D9715A3D-SegmentedRaftLog: purge 191
2023-08-18 03:35:53,997 [s0@group-F015D9715A3D-StateMachineUpdater] INFO  raftlog.RaftLog (RaftLogBase.java:lambda$new$0(54)) - s0@group-F015D9715A3D-SegmentedRaftLog: snapshotIndex: updateIncreasingly 127 -> 191
2023-08-18 03:35:53,997 [s0@group-F015D9715A3D-StateMachineUpdater] INFO  raftlog.RaftLog (RaftLogBase.java:lambda$new$0(54)) - s0@group-F015D9715A3D-SegmentedRaftLog: purgeIndex: updateToMax old=127, new=191, updated? true
2023-08-18 03:35:54,000 [s0@group-F015D9715A3D-StateMachineUpdater] INFO  impl.SimpleStateMachine4Testing (SimpleStateMachine4Testing.java:put(205)) - s0: put 193, m96 -> (t:1, i:193), STATEMACHINELOGENTRY, 225@client-5F1BBC092756
2023-08-18 03:35:54,002 [s0@group-F015D9715A3D-StateMachineUpdater] INFO  impl.SimpleStateMachine4Testing (SimpleStateMachine4Testing.java:put(205)) - s0: put 195, m97 -> (t:1, i:195), STATEMACHINELOGENTRY, 226@client-5F1BBC092756
2023-08-18 03:35:54,005 [s0@group-F015D9715A3D-StateMachineUpdater] INFO  impl.SimpleStateMachine4Testing (SimpleStateMachine4Testing.java:put(205)) - s0: put 197, m98 -> (t:1, i:197), STATEMACHINELOGENTRY, 227@client-5F1BBC092756
2023-08-18 03:35:54,008 [s0@group-F015D9715A3D-StateMachineUpdater] INFO  impl.SimpleStateMachine4Testing (SimpleStateMachine4Testing.java:put(205)) - s0: put 199, m99 -> (t:1, i:199), STATEMACHINELOGENTRY, 228@client-5F1BBC092756
2023-08-18 03:35:54,010 [s0@group-F015D9715A3D-StateMachineUpdater] INFO  impl.SimpleStateMachine4Testing (SimpleStateMachine4Testing.java:put(205)) - s0: put 201, m100 -> (t:1, i:201), STATEMACHINELOGENTRY, 229@client-5F1BBC092756
2023-08-18 03:35:54,013 [s0@group-F015D9715A3D-StateMachineUpdater] INFO  impl.SimpleStateMachine4Testing (SimpleStateMachine4Testing.java:put(205)) - s0: put 203, m101 -> (t:1, i:203), STATEMACHINELOGENTRY, 230@client-5F1BBC092756
2023-08-18 03:35:54,015 [s0@group-F015D9715A3D-StateMachineUpdater] INFO  impl.SimpleStateMachine4Testing (SimpleStateMachine4Testing.java:put(205)) - s0: put 205, m102 -> (t:1, i:205), STATEMACHINELOGENTRY, 231@client-5F1BBC092756
2023-08-18 03:35:54,017 [s0@group-F015D9715A3D-StateMachineUpdater] INFO  impl.SimpleStateMachine4Testing (SimpleStateMachine4Testing.java:put(205)) - s0: put 207, m103 -> (t:1, i:207), STATEMACHINELOGENTRY, 232@client-5F1BBC092756
2023-08-18 03:35:54,023 [s0@group-F015D9715A3D-StateMachineUpdater] INFO  impl.SimpleStateMachine4Testing (SimpleStateMachine4Testing.java:put(205)) - s0: put 209, m104 -> (t:1, i:209), STATEMACHINELOGENTRY, 233@client-5F1BBC092756
2023-08-18 03:35:54,026 [s0@group-F015D9715A3D-StateMachineUpdater] INFO  impl.SimpleStateMachine4Testing (SimpleStateMachine4Testing.java:put(205)) - s0: put 211, m105 -> (t:1, i:211), STATEMACHINELOGENTRY, 234@client-5F1BBC092756
2023-08-18 03:35:54,028 [s0@group-F015D9715A3D-StateMachineUpdater] INFO  impl.SimpleStateMachine4Testing (SimpleStateMachine4Testing.java:put(205)) - s0: put 213, m106 -> (t:1, i:213), STATEMACHINELOGENTRY, 235@client-5F1BBC092756
2023-08-18 03:35:54,030 [s0@group-F015D9715A3D-StateMachineUpdater] INFO  impl.SimpleStateMachine4Testing (SimpleStateMachine4Testing.java:put(205)) - s0: put 215, m107 -> (t:1, i:215), STATEMACHINELOGENTRY, 236@client-5F1BBC092756
2023-08-18 03:35:54,033 [s0@group-F015D9715A3D-StateMachineUpdater] INFO  impl.SimpleStateMachine4Testing (SimpleStateMachine4Testing.java:put(205)) - s0: put 217, m108 -> (t:1, i:217), STATEMACHINELOGENTRY, 237@client-5F1BBC092756
2023-08-18 03:35:54,035 [s0@group-F015D9715A3D-StateMachineUpdater] INFO  impl.SimpleStateMachine4Testing (SimpleStateMachine4Testing.java:put(205)) - s0: put 219, m109 -> (t:1, i:219), STATEMACHINELOGENTRY, 238@client-5F1BBC092756
2023-08-18 03:35:54,045 [s0@group-F015D9715A3D-StateMachineUpdater] INFO  impl.SimpleStateMachine4Testing (SimpleStateMachine4Testing.java:put(205)) - s0: put 221, m110 -> (t:1, i:221), STATEMACHINELOGENTRY, 239@client-5F1BBC092756
2023-08-18 03:35:54,048 [s0@group-F015D9715A3D-StateMachineUpdater] INFO  impl.SimpleStateMachine4Testing (SimpleStateMachine4Testing.java:put(205)) - s0: put 223, m111 -> (t:1, i:223), STATEMACHINELOGENTRY, 240@client-5F1BBC092756
2023-08-18 03:35:54,051 [s0@group-F015D9715A3D-StateMachineUpdater] INFO  impl.SimpleStateMachine4Testing (SimpleStateMachine4Testing.java:put(205)) - s0: put 225, m112 -> (t:1, i:225), STATEMACHINELOGENTRY, 241@client-5F1BBC092756
2023-08-18 03:35:54,053 [s0@group-F015D9715A3D-StateMachineUpdater] INFO  impl.SimpleStateMachine4Testing (SimpleStateMachine4Testing.java:put(205)) - s0: put 227, m113 -> (t:1, i:227), STATEMACHINELOGENTRY, 242@client-5F1BBC092756
2023-08-18 03:35:54,055 [s0@group-F015D9715A3D-StateMachineUpdater] INFO  impl.SimpleStateMachine4Testing (SimpleStateMachine4Testing.java:put(205)) - s0: put 229, m114 -> (t:1, i:229), STATEMACHINELOGENTRY, 243@client-5F1BBC092756
2023-08-18 03:35:54,057 [s0@group-F015D9715A3D-StateMachineUpdater] INFO  impl.SimpleStateMachine4Testing (SimpleStateMachine4Testing.java:put(205)) - s0: put 231, m115 -> (t:1, i:231), STATEMACHINELOGENTRY, 244@client-5F1BBC092756
2023-08-18 03:35:54,060 [s0@group-F015D9715A3D-StateMachineUpdater] INFO  impl.SimpleStateMachine4Testing (SimpleStateMachine4Testing.java:put(205)) - s0: put 233, m116 -> (t:1, i:233), STATEMACHINELOGENTRY, 245@client-5F1BBC092756
2023-08-18 03:35:54,062 [s0@group-F015D9715A3D-StateMachineUpdater] INFO  impl.SimpleStateMachine4Testing (SimpleStateMachine4Testing.java:put(205)) - s0: put 235, m117 -> (t:1, i:235), STATEMACHINELOGENTRY, 246@client-5F1BBC092756
2023-08-18 03:35:54,064 [s0@group-F015D9715A3D-StateMachineUpdater] INFO  impl.SimpleStateMachine4Testing (SimpleStateMachine4Testing.java:put(205)) - s0: put 237, m118 -> (t:1, i:237), STATEMACHINELOGENTRY, 247@client-5F1BBC092756
2023-08-18 03:35:54,067 [s0@group-F015D9715A3D-StateMachineUpdater] INFO  impl.SimpleStateMachine4Testing (SimpleStateMachine4Testing.java:put(205)) - s0: put 239, m119 -> (t:1, i:239), STATEMACHINELOGENTRY, 248@client-5F1BBC092756
2023-08-18 03:35:54,069 [s0@group-F015D9715A3D-StateMachineUpdater] INFO  impl.SimpleStateMachine4Testing (SimpleStateMachine4Testing.java:put(205)) - s0: put 241, m120 -> (t:1, i:241), STATEMACHINELOGENTRY, 249@client-5F1BBC092756
2023-08-18 03:35:54,071 [s0@group-F015D9715A3D-StateMachineUpdater] INFO  impl.SimpleStateMachine4Testing (SimpleStateMachine4Testing.java:put(205)) - s0: put 243, m121 -> (t:1, i:243), STATEMACHINELOGENTRY, 250@client-5F1BBC092756
2023-08-18 03:35:54,076 [s0@group-F015D9715A3D-StateMachineUpdater] INFO  impl.SimpleStateMachine4Testing (SimpleStateMachine4Testing.java:put(205)) - s0: put 245, m122 -> (t:1, i:245), STATEMACHINELOGENTRY, 251@client-5F1BBC092756
2023-08-18 03:35:54,080 [s0@group-F015D9715A3D-StateMachineUpdater] INFO  impl.SimpleStateMachine4Testing (SimpleStateMachine4Testing.java:put(205)) - s0: put 247, m123 -> (t:1, i:247), STATEMACHINELOGENTRY, 252@client-5F1BBC092756
2023-08-18 03:35:54,089 [s0@group-F015D9715A3D-StateMachineUpdater] INFO  impl.SimpleStateMachine4Testing (SimpleStateMachine4Testing.java:put(205)) - s0: put 249, m124 -> (t:1, i:249), STATEMACHINELOGENTRY, 253@client-5F1BBC092756
2023-08-18 03:35:54,095 [s0@group-F015D9715A3D-StateMachineUpdater] INFO  impl.SimpleStateMachine4Testing (SimpleStateMachine4Testing.java:put(205)) - s0: put 251, m125 -> (t:1, i:251), STATEMACHINELOGENTRY, 254@client-5F1BBC092756
2023-08-18 03:35:54,098 [s0@group-F015D9715A3D-StateMachineUpdater] INFO  impl.SimpleStateMachine4Testing (SimpleStateMachine4Testing.java:put(205)) - s0: put 253, m126 -> (t:1, i:253), STATEMACHINELOGENTRY, 255@client-5F1BBC092756
2023-08-18 03:35:54,107 [s0-server-thread1] INFO  server.RaftServer$Division (RaftServerImpl.java:takeSnapshotAsync(1170)) - s0@group-F015D9715A3D: takeSnapshotAsync SnapshotManagementRequest:client-5F1BBC092756->s0@group-F015D9715A3D, cid=256, seq=0, RO, null, Create:
2023-08-18 03:35:54,107 [s0-server-thread1] INFO  server.RaftServerConfigKeys (ConfUtils.java:logGet(46)) - raft.server.snapshot.creation.gap = 1024 (default)
2023-08-18 03:35:54,117 [Time-limited test] INFO  impl.MiniRaftCluster (MiniRaftCluster.java:addNewPeers(464)) - Add new peers [s1, s2]
2023-08-18 03:35:54,117 [Time-limited test] INFO  impl.MiniRaftCluster (MiniRaftCluster.java:newRaftServer(382)) - newRaftServer: s1, group-F015D9715A3D:[], format? true
2023-08-18 03:35:54,117 [Time-limited test] TRACE util.FileUtils (FileUtils.java:deleteFully(201)) - deleteFully target/test/data/24296cbb/MiniRaftClusterWithGrpca15d4fa5/s1
2023-08-18 03:35:54,118 [Time-limited test] TRACE util.FileUtils (FileUtils.java:deleteFully(217)) - deleteFully: target/test/data/24296cbb/MiniRaftClusterWithGrpca15d4fa5/s1 does not exist.
2023-08-18 03:35:54,118 [Time-limited test] INFO  impl.MiniRaftCluster (MiniRaftCluster.java:newRaftServer(387)) - Formatted directory target/test/data/24296cbb/MiniRaftClusterWithGrpca15d4fa5/s1
2023-08-18 03:35:54,118 [Time-limited test] INFO  server.RaftServer (ConfUtils.java:logGet(46)) - raft.rpc.type = GRPC (default)
2023-08-18 03:35:54,118 [Time-limited test] INFO  grpc.GrpcConfigKeys (ConfUtils.java:logFallback(53)) - raft.grpc.admin.host = null (fallback to raft.grpc.server.host)
2023-08-18 03:35:54,118 [Time-limited test] INFO  grpc.GrpcConfigKeys (ConfUtils.java:logFallback(53)) - raft.grpc.admin.port = 37449 (fallback to raft.grpc.server.port)
2023-08-18 03:35:54,118 [Time-limited test] INFO  grpc.GrpcConfigKeys (ConfUtils.java:logFallback(53)) - raft.grpc.client.host = null (fallback to raft.grpc.server.host)
2023-08-18 03:35:54,118 [Time-limited test] INFO  grpc.GrpcConfigKeys (ConfUtils.java:logFallback(53)) - raft.grpc.client.port = 37449 (fallback to raft.grpc.server.port)
2023-08-18 03:35:54,118 [Time-limited test] INFO  grpc.GrpcConfigKeys (ConfUtils.java:logGet(46)) - raft.grpc.server.host = null (default)
2023-08-18 03:35:54,118 [Time-limited test] INFO  grpc.GrpcConfigKeys (ConfUtils.java:logGet(46)) - raft.grpc.server.port = 37449 (custom)
2023-08-18 03:35:54,118 [Time-limited test] INFO  server.GrpcService (ConfUtils.java:logGet(46)) - raft.grpc.message.size.max = 64MB (=67108864) (default)
2023-08-18 03:35:54,118 [Time-limited test] INFO  server.RaftServerConfigKeys (ConfUtils.java:logGet(46)) - raft.server.log.appender.buffer.byte-limit = 4MB (=4194304) (default)
2023-08-18 03:35:54,118 [Time-limited test] INFO  server.GrpcService (ConfUtils.java:logGet(46)) - raft.grpc.flow.control.window = 1MB (=1048576) (default)
2023-08-18 03:35:54,118 [Time-limited test] INFO  server.RaftServerConfigKeys (ConfUtils.java:logGet(46)) - raft.server.rpc.request.timeout = 3000ms (default)
2023-08-18 03:35:54,118 [Time-limited test] INFO  grpc.GrpcConfigKeys (ConfUtils.java:logGet(46)) - raft.grpc.server.heartbeat.channel = false (custom)
2023-08-18 03:35:54,118 [Time-limited test] INFO  grpc.GrpcConfigKeys (ConfUtils.java:logGet(46)) - raft.grpc.server.async.request.thread.pool.cached = true (default)
2023-08-18 03:35:54,119 [Time-limited test] INFO  grpc.GrpcConfigKeys (ConfUtils.java:logGet(46)) - raft.grpc.server.async.request.thread.pool.size = 32 (default)
2023-08-18 03:35:54,119 [Time-limited test] INFO  impl.DataStreamServerImpl (ConfUtils.java:logGet(46)) - raft.datastream.type = DISABLED (default)
2023-08-18 03:35:54,119 [Time-limited test] INFO  server.RaftServerConfigKeys (ConfUtils.java:logGet(46)) - raft.server.threadpool.proxy.cached = true (default)
2023-08-18 03:35:54,119 [Time-limited test] INFO  server.RaftServerConfigKeys (ConfUtils.java:logGet(46)) - raft.server.threadpool.proxy.size = 0 (default)
2023-08-18 03:35:54,119 [Time-limited test] INFO  server.RaftServerConfigKeys (ConfUtils.java:logGet(46)) - raft.server.sleep.deviation.threshold = 300ms (default)
2023-08-18 03:35:54,119 [Time-limited test] INFO  server.RaftServerConfigKeys (ConfUtils.java:logGet(46)) - raft.server.rpc.slowness.timeout = 60s (default)
2023-08-18 03:35:54,119 [Time-limited test] INFO  server.RaftServerConfigKeys (ConfUtils.java:logGet(46)) - raft.server.leaderelection.leader.step-down.wait-time = 10s (default)
2023-08-18 03:35:54,120 [Time-limited test] INFO  server.RaftServerConfigKeys (ConfUtils.java:logGet(46)) - raft.server.storage.dir = [/home/runner/work/ratis/ratis/ratis-test/target/test/data/24296cbb/MiniRaftClusterWithGrpca15d4fa5/s1] (custom)
2023-08-18 03:35:54,121 [Time-limited test] INFO  server.RaftServer (RaftServerProxy.java:addNew(99)) - s1: addNew group-F015D9715A3D:[] returns group-F015D9715A3D:java.util.concurrent.CompletableFuture@7fc6af3d[Not completed]
2023-08-18 03:35:54,121 [Time-limited test] INFO  impl.MiniRaftCluster (MiniRaftCluster.java:newRaftServer(382)) - newRaftServer: s2, group-F015D9715A3D:[], format? true
2023-08-18 03:35:54,121 [Time-limited test] TRACE util.FileUtils (FileUtils.java:deleteFully(201)) - deleteFully target/test/data/24296cbb/MiniRaftClusterWithGrpca15d4fa5/s2
2023-08-18 03:35:54,121 [s1-groupManagement] INFO  server.RaftServerConfigKeys (ConfUtils.java:logGet(46)) - raft.server.log.segment.size.max = 8MB (=8388608) (default)
2023-08-18 03:35:54,121 [Time-limited test] TRACE util.FileUtils (FileUtils.java:deleteFully(217)) - deleteFully: target/test/data/24296cbb/MiniRaftClusterWithGrpca15d4fa5/s2 does not exist.
2023-08-18 03:35:54,121 [s1-groupManagement] INFO  server.RaftServerConfigKeys (ConfUtils.java:logGet(46)) - raft.server.log.preallocated.size = 4MB (=4194304) (default)
2023-08-18 03:35:54,121 [Time-limited test] INFO  impl.MiniRaftCluster (MiniRaftCluster.java:newRaftServer(387)) - Formatted directory target/test/data/24296cbb/MiniRaftClusterWithGrpca15d4fa5/s2
2023-08-18 03:35:54,121 [s1-groupManagement] INFO  server.RaftServerConfigKeys (ConfUtils.java:logGet(46)) - raft.server.log.write.buffer.size = 64KB (=65536) (default)
2023-08-18 03:35:54,121 [s1-groupManagement] INFO  server.RaftServer$Division (RaftServerImpl.java:<init>(250)) - s1: new RaftServerImpl for group-F015D9715A3D:[] with StateMachineWithSeparatedSnapshotPath:uninitialized
2023-08-18 03:35:54,122 [s1-groupManagement] INFO  server.RaftServerConfigKeys (ConfUtils.java:logGet(46)) - raft.server.rpc.timeout.min = 150ms (default)
2023-08-18 03:35:54,122 [s1-groupManagement] INFO  server.RaftServerConfigKeys (ConfUtils.java:logGet(46)) - raft.server.rpc.timeout.max = 300ms (default)
2023-08-18 03:35:54,122 [Time-limited test] INFO  server.RaftServer (ConfUtils.java:logGet(46)) - raft.rpc.type = GRPC (default)
2023-08-18 03:35:54,122 [s1-groupManagement] INFO  server.RaftServerConfigKeys (ConfUtils.java:logGet(46)) - raft.server.rpc.sleep.time = 25ms (default)
2023-08-18 03:35:54,122 [s1-groupManagement] INFO  server.RaftServerConfigKeys (ConfUtils.java:logGet(46)) - raft.server.rpc.slowness.timeout = 60s (default)
2023-08-18 03:35:54,122 [Time-limited test] INFO  grpc.GrpcConfigKeys (ConfUtils.java:logFallback(53)) - raft.grpc.admin.host = null (fallback to raft.grpc.server.host)
2023-08-18 03:35:54,122 [s1-groupManagement] INFO  server.RaftServerConfigKeys (ConfUtils.java:logGet(46)) - raft.server.leaderelection.leader.step-down.wait-time = 10s (default)
2023-08-18 03:35:54,122 [Time-limited test] INFO  grpc.GrpcConfigKeys (ConfUtils.java:logFallback(53)) - raft.grpc.admin.port = 45889 (fallback to raft.grpc.server.port)
2023-08-18 03:35:54,122 [s1-groupManagement] INFO  server.RaftServerConfigKeys (ConfUtils.java:logGet(46)) - raft.server.sleep.deviation.threshold = 300ms (default)
2023-08-18 03:35:54,122 [Time-limited test] INFO  grpc.GrpcConfigKeys (ConfUtils.java:logFallback(53)) - raft.grpc.client.host = null (fallback to raft.grpc.server.host)
2023-08-18 03:35:54,122 [s1-groupManagement] INFO  server.RaftServer$Division (ServerState.java:<init>(113)) - s1@group-F015D9715A3D: ConfigurationManager, init=-1: peers:[]|listeners:[], old=null, confs=<EMPTY_MAP>
2023-08-18 03:35:54,122 [Time-limited test] INFO  grpc.GrpcConfigKeys (ConfUtils.java:logFallback(53)) - raft.grpc.client.port = 45889 (fallback to raft.grpc.server.port)
2023-08-18 03:35:54,122 [s1-groupManagement] INFO  server.RaftServerConfigKeys (ConfUtils.java:logGet(46)) - raft.server.notification.no-leader.timeout = 60s (default)
2023-08-18 03:35:54,122 [Time-limited test] INFO  grpc.GrpcConfigKeys (ConfUtils.java:logGet(46)) - raft.grpc.server.host = null (default)
2023-08-18 03:35:54,122 [s1-groupManagement] INFO  server.RaftServerConfigKeys (ConfUtils.java:logGet(46)) - raft.server.read.timeout = 10s (default)
2023-08-18 03:35:54,122 [Time-limited test] INFO  grpc.GrpcConfigKeys (ConfUtils.java:logGet(46)) - raft.grpc.server.port = 45889 (custom)
2023-08-18 03:35:54,122 [s1-groupManagement] INFO  server.RaftServerConfigKeys (ConfUtils.java:logGet(46)) - raft.server.retrycache.expirytime = 60s (default)
2023-08-18 03:35:54,122 [Time-limited test] INFO  server.GrpcService (ConfUtils.java:logGet(46)) - raft.grpc.message.size.max = 64MB (=67108864) (default)
2023-08-18 03:35:54,122 [s1-groupManagement] INFO  server.RaftServerConfigKeys (ConfUtils.java:logGet(46)) - raft.server.retrycache.statistics.expirytime = 100μs (default)
2023-08-18 03:35:54,122 [Time-limited test] INFO  server.RaftServerConfigKeys (ConfUtils.java:logGet(46)) - raft.server.log.appender.buffer.byte-limit = 4MB (=4194304) (default)
2023-08-18 03:35:54,122 [Time-limited test] INFO  server.GrpcService (ConfUtils.java:logGet(46)) - raft.grpc.flow.control.window = 1MB (=1048576) (default)
2023-08-18 03:35:54,122 [s1-groupManagement] INFO  server.RaftServerConfigKeys (ConfUtils.java:logGet(46)) - raft.server.read.option = DEFAULT (default)
2023-08-18 03:35:54,122 [Time-limited test] INFO  server.RaftServerConfigKeys (ConfUtils.java:logGet(46)) - raft.server.rpc.request.timeout = 3000ms (default)
2023-08-18 03:35:54,122 [Time-limited test] INFO  grpc.GrpcConfigKeys (ConfUtils.java:logGet(46)) - raft.grpc.server.heartbeat.channel = false (custom)
2023-08-18 03:35:54,122 [Time-limited test] INFO  grpc.GrpcConfigKeys (ConfUtils.java:logGet(46)) - raft.grpc.server.async.request.thread.pool.cached = true (default)
2023-08-18 03:35:54,122 [Time-limited test] INFO  grpc.GrpcConfigKeys (ConfUtils.java:logGet(46)) - raft.grpc.server.async.request.thread.pool.size = 32 (default)
2023-08-18 03:35:54,123 [Time-limited test] INFO  impl.DataStreamServerImpl (ConfUtils.java:logGet(46)) - raft.datastream.type = DISABLED (default)
2023-08-18 03:35:54,123 [Time-limited test] INFO  server.RaftServerConfigKeys (ConfUtils.java:logGet(46)) - raft.server.threadpool.proxy.cached = true (default)
2023-08-18 03:35:54,123 [Time-limited test] INFO  server.RaftServerConfigKeys (ConfUtils.java:logGet(46)) - raft.server.threadpool.proxy.size = 0 (default)
2023-08-18 03:35:54,123 [Time-limited test] INFO  server.RaftServerConfigKeys (ConfUtils.java:logGet(46)) - raft.server.sleep.deviation.threshold = 300ms (default)
2023-08-18 03:35:54,123 [Time-limited test] INFO  server.RaftServerConfigKeys (ConfUtils.java:logGet(46)) - raft.server.rpc.slowness.timeout = 60s (default)
2023-08-18 03:35:54,123 [Time-limited test] INFO  server.RaftServerConfigKeys (ConfUtils.java:logGet(46)) - raft.server.leaderelection.leader.step-down.wait-time = 10s (default)
2023-08-18 03:35:54,123 [Time-limited test] INFO  server.RaftServerConfigKeys (ConfUtils.java:logGet(46)) - raft.server.storage.dir = [/home/runner/work/ratis/ratis/ratis-test/target/test/data/24296cbb/MiniRaftClusterWithGrpca15d4fa5/s2] (custom)
2023-08-18 03:35:54,124 [s1-groupManagement] INFO  server.RaftServerConfigKeys (ConfUtils.java:logGet(46)) - raft.server.rpc.request.timeout = 3000ms (default)
2023-08-18 03:35:54,124 [s1-groupManagement] INFO  server.RaftServerConfigKeys (ConfUtils.java:logGet(46)) - raft.server.log.appender.install.snapshot.enabled = true (default)
2023-08-18 03:35:54,124 [s1-groupManagement] INFO  server.RaftServerConfigKeys (ConfUtils.java:logGet(46)) - raft.server.threadpool.server.cached = true (default)
2023-08-18 03:35:54,124 [s1-groupManagement] INFO  server.RaftServerConfigKeys (ConfUtils.java:logGet(46)) - raft.server.threadpool.server.size = 0 (default)
2023-08-18 03:35:54,124 [s1-groupManagement] INFO  server.RaftServerConfigKeys (ConfUtils.java:logGet(46)) - raft.server.threadpool.client.cached = true (default)
2023-08-18 03:35:54,124 [s1-groupManagement] INFO  server.RaftServerConfigKeys (ConfUtils.java:logGet(46)) - raft.server.threadpool.client.size = 0 (default)
2023-08-18 03:35:54,124 [Time-limited test] INFO  server.RaftServer (RaftServerProxy.java:addNew(99)) - s2: addNew group-F015D9715A3D:[] returns group-F015D9715A3D:java.util.concurrent.CompletableFuture@7f8db798[Not completed]
2023-08-18 03:35:54,124 [s1-impl-thread1] INFO  server.RaftServerConfigKeys (ConfUtils.java:logGet(46)) - raft.server.storage.free-space.min = 0MB (=0) (default)
2023-08-18 03:35:54,124 [s1-impl-thread1] INFO  server.RaftServerConfigKeys (ConfUtils.java:logGet(46)) - raft.server.log.corruption.policy = EXCEPTION (default)
2023-08-18 03:35:54,124 [s1-impl-thread1] INFO  server.RaftServerConfigKeys (ConfUtils.java:logGet(46)) - raft.server.storage.dir = [/home/runner/work/ratis/ratis/ratis-test/target/test/data/24296cbb/MiniRaftClusterWithGrpca15d4fa5/s1] (custom)
2023-08-18 03:35:54,125 [s1-impl-thread1] INFO  storage.RaftStorageDirectory (RaftStorageDirectoryImpl.java:analyzeStorage(138)) - The storage directory /home/runner/work/ratis/ratis/ratis-test/target/test/data/24296cbb/MiniRaftClusterWithGrpca15d4fa5/s1/462b30c7-1276-4db7-bf40-f015d9715a3d does not exist. Creating ...
2023-08-18 03:35:54,125 [s1-impl-thread1] TRACE util.FileUtils (LogUtils.java:runAndLog(49)) - Successfully ran Files.createDirectories /home/runner/work/ratis/ratis/ratis-test/target/test/data/24296cbb/MiniRaftClusterWithGrpca15d4fa5/s1/462b30c7-1276-4db7-bf40-f015d9715a3d
2023-08-18 03:35:54,125 [s2-groupManagement] INFO  server.RaftServerConfigKeys (ConfUtils.java:logGet(46)) - raft.server.log.segment.size.max = 8MB (=8388608) (default)
2023-08-18 03:35:54,125 [s2-groupManagement] INFO  server.RaftServerConfigKeys (ConfUtils.java:logGet(46)) - raft.server.log.preallocated.size = 4MB (=4194304) (default)
2023-08-18 03:35:54,125 [s2-groupManagement] INFO  server.RaftServerConfigKeys (ConfUtils.java:logGet(46)) - raft.server.log.write.buffer.size = 64KB (=65536) (default)
2023-08-18 03:35:54,125 [s2-groupManagement] INFO  server.RaftServer$Division (RaftServerImpl.java:<init>(250)) - s2: new RaftServerImpl for group-F015D9715A3D:[] with StateMachineWithSeparatedSnapshotPath:uninitialized
2023-08-18 03:35:54,125 [s2-groupManagement] INFO  server.RaftServerConfigKeys (ConfUtils.java:logGet(46)) - raft.server.rpc.timeout.min = 150ms (default)
2023-08-18 03:35:54,125 [s2-groupManagement] INFO  server.RaftServerConfigKeys (ConfUtils.java:logGet(46)) - raft.server.rpc.timeout.max = 300ms (default)
2023-08-18 03:35:54,125 [s2-groupManagement] INFO  server.RaftServerConfigKeys (ConfUtils.java:logGet(46)) - raft.server.rpc.sleep.time = 25ms (default)
2023-08-18 03:35:54,125 [s2-groupManagement] INFO  server.RaftServerConfigKeys (ConfUtils.java:logGet(46)) - raft.server.rpc.slowness.timeout = 60s (default)
2023-08-18 03:35:54,125 [s2-groupManagement] INFO  server.RaftServerConfigKeys (ConfUtils.java:logGet(46)) - raft.server.leaderelection.leader.step-down.wait-time = 10s (default)
2023-08-18 03:35:54,125 [s2-groupManagement] INFO  server.RaftServerConfigKeys (ConfUtils.java:logGet(46)) - raft.server.sleep.deviation.threshold = 300ms (default)
2023-08-18 03:35:54,126 [s2-groupManagement] INFO  server.RaftServer$Division (ServerState.java:<init>(113)) - s2@group-F015D9715A3D: ConfigurationManager, init=-1: peers:[]|listeners:[], old=null, confs=<EMPTY_MAP>
2023-08-18 03:35:54,126 [s2-groupManagement] INFO  server.RaftServerConfigKeys (ConfUtils.java:logGet(46)) - raft.server.notification.no-leader.timeout = 60s (default)
2023-08-18 03:35:54,126 [s2-groupManagement] INFO  server.RaftServerConfigKeys (ConfUtils.java:logGet(46)) - raft.server.read.timeout = 10s (default)
2023-08-18 03:35:54,126 [s2-groupManagement] INFO  server.RaftServerConfigKeys (ConfUtils.java:logGet(46)) - raft.server.retrycache.expirytime = 60s (default)
2023-08-18 03:35:54,126 [s2-groupManagement] INFO  server.RaftServerConfigKeys (ConfUtils.java:logGet(46)) - raft.server.retrycache.statistics.expirytime = 100μs (default)
2023-08-18 03:35:54,126 [s2-groupManagement] INFO  server.RaftServerConfigKeys (ConfUtils.java:logGet(46)) - raft.server.read.option = DEFAULT (default)
2023-08-18 03:35:54,126 [s1-impl-thread1] INFO  storage.RaftStorageDirectory (RaftStorageDirectoryImpl.java:tryLock(232)) - Lock on /home/runner/work/ratis/ratis/ratis-test/target/test/data/24296cbb/MiniRaftClusterWithGrpca15d4fa5/s1/462b30c7-1276-4db7-bf40-f015d9715a3d/in_use.lock acquired by nodename 15247@fv-az454-831
2023-08-18 03:35:54,126 [s1-impl-thread1] TRACE util.FileUtils (LogUtils.java:runAndLog(49)) - Successfully ran Files.createDirectories /home/runner/work/ratis/ratis/ratis-test/target/test/data/24296cbb/MiniRaftClusterWithGrpca15d4fa5/s1/462b30c7-1276-4db7-bf40-f015d9715a3d/current
2023-08-18 03:35:54,126 [s1-impl-thread1] TRACE util.FileUtils (LogUtils.java:runAndLog(49)) - Successfully ran Files.createDirectories /home/runner/work/ratis/ratis/ratis-test/target/test/data/24296cbb/MiniRaftClusterWithGrpca15d4fa5/s1/462b30c7-1276-4db7-bf40-f015d9715a3d/sm
2023-08-18 03:35:54,127 [s1-impl-thread1] INFO  storage.RaftStorage (RaftStorageImpl.java:format(97)) - Storage directory /home/runner/work/ratis/ratis/ratis-test/target/test/data/24296cbb/MiniRaftClusterWithGrpca15d4fa5/s1/462b30c7-1276-4db7-bf40-f015d9715a3d has been successfully formatted.
2023-08-18 03:35:54,128 [s1-impl-thread1] INFO  impl.SimpleStateMachine4Testing (SimpleStateMachine4Testing.java:initialize(213)) - Initializing StateMachineWithSeparatedSnapshotPath:uninitialized
2023-08-18 03:35:54,128 [s1-impl-thread1] INFO  impl.SimpleStateMachine4Testing (SimpleStateMachine4Testing.java:loadSnapshot(293)) - Loading snapshot null
2023-08-18 03:35:54,128 [s1-impl-thread1] TRACE util.FileUtils (FileUtils.java:deleteFully(201)) - deleteFully /tmp/ratis-tests/statemachine/s1
2023-08-18 03:35:54,128 [s1-impl-thread1] TRACE util.FileUtils (FileUtils.java:deleteFully(217)) - deleteFully: /tmp/ratis-tests/statemachine/s1 does not exist.
2023-08-18 03:35:54,128 [s1-impl-thread1] INFO  server.RaftServerConfigKeys (ConfUtils.java:logGet(46)) - raft.server.log.use.memory = false (default)
2023-08-18 03:35:54,128 [s1-impl-thread1] INFO  server.RaftServerConfigKeys (ConfUtils.java:logGet(46)) - raft.server.log.purge.gap = 8 (custom)
2023-08-18 03:35:54,128 [s1-impl-thread1] INFO  server.RaftServerConfigKeys (ConfUtils.java:logGet(46)) - raft.server.log.appender.buffer.byte-limit = 4MB (=4194304) (default)
2023-08-18 03:35:54,128 [s1-impl-thread1] INFO  server.RaftServerConfigKeys (ConfUtils.java:logGet(46)) - raft.server.log.statemachine.data.read.timeout = 1000ms (default)
2023-08-18 03:35:54,128 [s1-impl-thread1] INFO  server.RaftServerConfigKeys (ConfUtils.java:logGet(46)) - raft.server.log.purge.preservation.log.num = 0 (default)
2023-08-18 03:35:54,129 [s1-impl-thread1] INFO  server.RaftServerConfigKeys (ConfUtils.java:logGet(46)) - raft.server.log.segment.size.max = 8MB (=8388608) (default)
2023-08-18 03:35:54,129 [s1-impl-thread1] INFO  server.RaftServerConfigKeys (ConfUtils.java:logGet(46)) - raft.server.log.segment.cache.num.max = 6 (default)
2023-08-18 03:35:54,129 [s1-impl-thread1] INFO  server.RaftServerConfigKeys (ConfUtils.java:logGet(46)) - raft.server.log.segment.cache.size.max = 200MB (=209715200) (default)
2023-08-18 03:35:54,129 [s1-impl-thread1] INFO  server.RaftServerConfigKeys (ConfUtils.java:logGet(46)) - raft.server.log.appender.buffer.byte-limit = 4MB (=4194304) (default)
2023-08-18 03:35:54,129 [s1-impl-thread1] INFO  segmented.SegmentedRaftLogWorker (SegmentedRaftLogWorker.java:<init>(183)) - new s1@group-F015D9715A3D-SegmentedRaftLogWorker for RaftStorageImpl:Storage Directory /home/runner/work/ratis/ratis/ratis-test/target/test/data/24296cbb/MiniRaftClusterWithGrpca15d4fa5/s1/462b30c7-1276-4db7-bf40-f015d9715a3d
2023-08-18 03:35:54,129 [s1-impl-thread1] INFO  server.RaftServerConfigKeys (ConfUtils.java:logGet(46)) - raft.server.log.queue.byte-limit = 64MB (=67108864) (default)
2023-08-18 03:35:54,129 [s1-impl-thread1] INFO  server.RaftServerConfigKeys (ConfUtils.java:logGet(46)) - raft.server.log.queue.element-limit = 4096 (default)
2023-08-18 03:35:54,129 [s1-impl-thread1] INFO  server.RaftServerConfigKeys (ConfUtils.java:logGet(46)) - raft.server.log.segment.size.max = 8MB (=8388608) (default)
2023-08-18 03:35:54,129 [s1-impl-thread1] INFO  server.RaftServerConfigKeys (ConfUtils.java:logGet(46)) - raft.server.log.preallocated.size = 4MB (=4194304) (default)
2023-08-18 03:35:54,129 [s1-impl-thread1] INFO  server.RaftServerConfigKeys (ConfUtils.java:logGet(46)) - raft.server.log.force.sync.num = 128 (default)
2023-08-18 03:35:54,129 [s1-impl-thread1] INFO  server.RaftServerConfigKeys (ConfUtils.java:logGet(46)) - raft.server.log.statemachine.data.sync = true (default)
2023-08-18 03:35:54,129 [s1-impl-thread1] INFO  server.RaftServerConfigKeys (ConfUtils.java:logGet(46)) - raft.server.log.statemachine.data.sync.timeout = 10s (default)
2023-08-18 03:35:54,129 [s1-impl-thread1] INFO  server.RaftServerConfigKeys (ConfUtils.java:logGet(46)) - raft.server.log.statemachine.data.sync.timeout.retry = -1 (default)
2023-08-18 03:35:54,130 [s1-impl-thread1] INFO  server.RaftServerConfigKeys (ConfUtils.java:logGet(46)) - raft.server.log.write.buffer.size = 64KB (=65536) (default)
2023-08-18 03:35:54,130 [s1-impl-thread1] INFO  server.RaftServerConfigKeys (ConfUtils.java:logGet(46)) - raft.server.log.appender.buffer.byte-limit = 4MB (=4194304) (default)
2023-08-18 03:35:54,131 [s1-impl-thread1] INFO  server.RaftServerConfigKeys (ConfUtils.java:logGet(46)) - raft.server.log.unsafe-flush.enabled = false (default)
2023-08-18 03:35:54,131 [s1-impl-thread1] INFO  server.RaftServerConfigKeys (ConfUtils.java:logGet(46)) - raft.server.log.async-flush.enabled = false (default)
2023-08-18 03:35:54,131 [s1-impl-thread1] INFO  server.RaftServerConfigKeys (ConfUtils.java:logGet(46)) - raft.server.log.statemachine.data.caching.enabled = false (default)
2023-08-18 03:35:54,131 [s1-impl-thread1] INFO  segmented.SegmentedRaftLogWorker (SegmentedRaftLogWorker.java:lambda$new$0(134)) - s1@group-F015D9715A3D-SegmentedRaftLogWorker: flushIndex: setUnconditionally 0 -> -1
2023-08-18 03:35:54,131 [s1-impl-thread1] INFO  segmented.SegmentedRaftLogWorker (SegmentedRaftLogWorker.java:lambda$new$0(134)) - s1@group-F015D9715A3D-SegmentedRaftLogWorker: safeCacheEvictIndex: setUnconditionally 0 -> -1
2023-08-18 03:35:54,132 [s2-groupManagement] INFO  server.RaftServerConfigKeys (ConfUtils.java:logGet(46)) - raft.server.rpc.request.timeout = 3000ms (default)
2023-08-18 03:35:54,132 [s2-groupManagement] INFO  server.RaftServerConfigKeys (ConfUtils.java:logGet(46)) - raft.server.log.appender.install.snapshot.enabled = true (default)
2023-08-18 03:35:54,132 [s2-groupManagement] INFO  server.RaftServerConfigKeys (ConfUtils.java:logGet(46)) - raft.server.threadpool.server.cached = true (default)
2023-08-18 03:35:54,132 [s2-groupManagement] INFO  server.RaftServerConfigKeys (ConfUtils.java:logGet(46)) - raft.server.threadpool.server.size = 0 (default)
2023-08-18 03:35:54,132 [s2-groupManagement] INFO  server.RaftServerConfigKeys (ConfUtils.java:logGet(46)) - raft.server.threadpool.client.cached = true (default)
2023-08-18 03:35:54,132 [s2-groupManagement] INFO  server.RaftServerConfigKeys (ConfUtils.java:logGet(46)) - raft.server.threadpool.client.size = 0 (default)
2023-08-18 03:35:54,132 [s1-impl-thread1] INFO  server.RaftServer$Division (RaftServerImpl.java:start(390)) - s1@group-F015D9715A3D: start with initializing state, conf=-1: peers:[]|listeners:[], old=null
2023-08-18 03:35:54,132 [s1-impl-thread1] INFO  server.RaftServer$Division (RaftServerImpl.java:setRole(371)) - s1@group-F015D9715A3D: changes role from      null to FOLLOWER at term 0 for startInitializing
2023-08-18 03:35:54,132 [s1-impl-thread1] INFO  util.JmxRegister (JmxRegister.java:tryRegister(44)) - Successfully registered JMX Bean with object name Ratis:service=RaftServer,group=group-F015D9715A3D,id=s1
2023-08-18 03:35:54,132 [s1-impl-thread1] INFO  server.RaftServerConfigKeys (ConfUtils.java:logGet(46)) - raft.server.snapshot.trigger-when-stop.enabled = true (default)
2023-08-18 03:35:54,133 [s1-impl-thread1] INFO  server.RaftServerConfigKeys (ConfUtils.java:logGet(46)) - raft.server.snapshot.auto.trigger.enabled = true (custom)
2023-08-18 03:35:54,133 [s1-impl-thread1] INFO  server.RaftServerConfigKeys (ConfUtils.java:logGet(46)) - raft.server.snapshot.auto.trigger.threshold = 64 (custom)
2023-08-18 03:35:54,133 [s1-impl-thread1] INFO  server.RaftServerConfigKeys (ConfUtils.java:logGet(46)) - raft.server.snapshot.retention.file.num = -1 (default)
2023-08-18 03:35:54,133 [s1-impl-thread1] INFO  server.RaftServerConfigKeys (ConfUtils.java:logGet(46)) - raft.server.log.purge.upto.snapshot.index = false (default)
2023-08-18 03:35:54,133 [Time-limited test] INFO  server.RaftServer (RaftServerProxy.java:startImpl(402)) - s1: start RPC server
2023-08-18 03:35:54,134 [Time-limited test] INFO  server.GrpcService (GrpcService.java:startImpl(302)) - s1: GrpcService started, listening on 37449
2023-08-18 03:35:54,134 [s2-impl-thread1] INFO  server.RaftServerConfigKeys (ConfUtils.java:logGet(46)) - raft.server.storage.free-space.min = 0MB (=0) (default)
2023-08-18 03:35:54,134 [s2-impl-thread1] INFO  server.RaftServerConfigKeys (ConfUtils.java:logGet(46)) - raft.server.log.corruption.policy = EXCEPTION (default)
2023-08-18 03:35:54,134 [s2-impl-thread1] INFO  server.RaftServerConfigKeys (ConfUtils.java:logGet(46)) - raft.server.storage.dir = [/home/runner/work/ratis/ratis/ratis-test/target/test/data/24296cbb/MiniRaftClusterWithGrpca15d4fa5/s2] (custom)
2023-08-18 03:35:54,135 [s2-impl-thread1] INFO  storage.RaftStorageDirectory (RaftStorageDirectoryImpl.java:analyzeStorage(138)) - The storage directory /home/runner/work/ratis/ratis/ratis-test/target/test/data/24296cbb/MiniRaftClusterWithGrpca15d4fa5/s2/462b30c7-1276-4db7-bf40-f015d9715a3d does not exist. Creating ...
2023-08-18 03:35:54,135 [s2-impl-thread1] TRACE util.FileUtils (LogUtils.java:runAndLog(49)) - Successfully ran Files.createDirectories /home/runner/work/ratis/ratis/ratis-test/target/test/data/24296cbb/MiniRaftClusterWithGrpca15d4fa5/s2/462b30c7-1276-4db7-bf40-f015d9715a3d
2023-08-18 03:35:54,135 [JvmPauseMonitor4] INFO  util.JvmPauseMonitor (JvmPauseMonitor.java:run(105)) - JvmPauseMonitor-s1: Started
2023-08-18 03:35:54,136 [s2-impl-thread1] INFO  storage.RaftStorageDirectory (RaftStorageDirectoryImpl.java:tryLock(232)) - Lock on /home/runner/work/ratis/ratis/ratis-test/target/test/data/24296cbb/MiniRaftClusterWithGrpca15d4fa5/s2/462b30c7-1276-4db7-bf40-f015d9715a3d/in_use.lock acquired by nodename 15247@fv-az454-831
2023-08-18 03:35:54,136 [s2-impl-thread1] TRACE util.FileUtils (LogUtils.java:runAndLog(49)) - Successfully ran Files.createDirectories /home/runner/work/ratis/ratis/ratis-test/target/test/data/24296cbb/MiniRaftClusterWithGrpca15d4fa5/s2/462b30c7-1276-4db7-bf40-f015d9715a3d/current
2023-08-18 03:35:54,136 [s2-impl-thread1] TRACE util.FileUtils (LogUtils.java:runAndLog(49)) - Successfully ran Files.createDirectories /home/runner/work/ratis/ratis/ratis-test/target/test/data/24296cbb/MiniRaftClusterWithGrpca15d4fa5/s2/462b30c7-1276-4db7-bf40-f015d9715a3d/sm
2023-08-18 03:35:54,138 [s2-impl-thread1] INFO  storage.RaftStorage (RaftStorageImpl.java:format(97)) - Storage directory /home/runner/work/ratis/ratis/ratis-test/target/test/data/24296cbb/MiniRaftClusterWithGrpca15d4fa5/s2/462b30c7-1276-4db7-bf40-f015d9715a3d has been successfully formatted.
2023-08-18 03:35:54,138 [s2-impl-thread1] INFO  impl.SimpleStateMachine4Testing (SimpleStateMachine4Testing.java:initialize(213)) - Initializing StateMachineWithSeparatedSnapshotPath:uninitialized
2023-08-18 03:35:54,138 [s2-impl-thread1] INFO  impl.SimpleStateMachine4Testing (SimpleStateMachine4Testing.java:loadSnapshot(293)) - Loading snapshot null
2023-08-18 03:35:54,138 [s2-impl-thread1] TRACE util.FileUtils (FileUtils.java:deleteFully(201)) - deleteFully /tmp/ratis-tests/statemachine/s2
2023-08-18 03:35:54,138 [s2-impl-thread1] TRACE util.FileUtils (FileUtils.java:deleteFully(217)) - deleteFully: /tmp/ratis-tests/statemachine/s2 does not exist.
2023-08-18 03:35:54,138 [s2-impl-thread1] INFO  server.RaftServerConfigKeys (ConfUtils.java:logGet(46)) - raft.server.log.use.memory = false (default)
2023-08-18 03:35:54,138 [s2-impl-thread1] INFO  server.RaftServerConfigKeys (ConfUtils.java:logGet(46)) - raft.server.log.purge.gap = 8 (custom)
2023-08-18 03:35:54,138 [s2-impl-thread1] INFO  server.RaftServerConfigKeys (ConfUtils.java:logGet(46)) - raft.server.log.appender.buffer.byte-limit = 4MB (=4194304) (default)
2023-08-18 03:35:54,138 [s2-impl-thread1] INFO  server.RaftServerConfigKeys (ConfUtils.java:logGet(46)) - raft.server.log.statemachine.data.read.timeout = 1000ms (default)
2023-08-18 03:35:54,139 [s2-impl-thread1] INFO  server.RaftServerConfigKeys (ConfUtils.java:logGet(46)) - raft.server.log.purge.preservation.log.num = 0 (default)
2023-08-18 03:35:54,139 [s2-impl-thread1] INFO  server.RaftServerConfigKeys (ConfUtils.java:logGet(46)) - raft.server.log.segment.size.max = 8MB (=8388608) (default)
2023-08-18 03:35:54,139 [s2-impl-thread1] INFO  server.RaftServerConfigKeys (ConfUtils.java:logGet(46)) - raft.server.log.segment.cache.num.max = 6 (default)
2023-08-18 03:35:54,139 [s2-impl-thread1] INFO  server.RaftServerConfigKeys (ConfUtils.java:logGet(46)) - raft.server.log.segment.cache.size.max = 200MB (=209715200) (default)
2023-08-18 03:35:54,139 [s2-impl-thread1] INFO  server.RaftServerConfigKeys (ConfUtils.java:logGet(46)) - raft.server.log.appender.buffer.byte-limit = 4MB (=4194304) (default)
2023-08-18 03:35:54,140 [s2-impl-thread1] INFO  segmented.SegmentedRaftLogWorker (SegmentedRaftLogWorker.java:<init>(183)) - new s2@group-F015D9715A3D-SegmentedRaftLogWorker for RaftStorageImpl:Storage Directory /home/runner/work/ratis/ratis/ratis-test/target/test/data/24296cbb/MiniRaftClusterWithGrpca15d4fa5/s2/462b30c7-1276-4db7-bf40-f015d9715a3d
2023-08-18 03:35:54,140 [s2-impl-thread1] INFO  server.RaftServerConfigKeys (ConfUtils.java:logGet(46)) - raft.server.log.queue.byte-limit = 64MB (=67108864) (default)
2023-08-18 03:35:54,140 [s2-impl-thread1] INFO  server.RaftServerConfigKeys (ConfUtils.java:logGet(46)) - raft.server.log.queue.element-limit = 4096 (default)
2023-08-18 03:35:54,140 [s2-impl-thread1] INFO  server.RaftServerConfigKeys (ConfUtils.java:logGet(46)) - raft.server.log.segment.size.max = 8MB (=8388608) (default)
2023-08-18 03:35:54,140 [s2-impl-thread1] INFO  server.RaftServerConfigKeys (ConfUtils.java:logGet(46)) - raft.server.log.preallocated.size = 4MB (=4194304) (default)
2023-08-18 03:35:54,140 [s2-impl-thread1] INFO  server.RaftServerConfigKeys (ConfUtils.java:logGet(46)) - raft.server.log.force.sync.num = 128 (default)
2023-08-18 03:35:54,140 [s2-impl-thread1] INFO  server.RaftServerConfigKeys (ConfUtils.java:logGet(46)) - raft.server.log.statemachine.data.sync = true (default)
2023-08-18 03:35:54,140 [s2-impl-thread1] INFO  server.RaftServerConfigKeys (ConfUtils.java:logGet(46)) - raft.server.log.statemachine.data.sync.timeout = 10s (default)
2023-08-18 03:35:54,140 [s2-impl-thread1] INFO  server.RaftServerConfigKeys (ConfUtils.java:logGet(46)) - raft.server.log.statemachine.data.sync.timeout.retry = -1 (default)
2023-08-18 03:35:54,140 [s2-impl-thread1] INFO  server.RaftServerConfigKeys (ConfUtils.java:logGet(46)) - raft.server.log.write.buffer.size = 64KB (=65536) (default)
2023-08-18 03:35:54,140 [s2-impl-thread1] INFO  server.RaftServerConfigKeys (ConfUtils.java:logGet(46)) - raft.server.log.appender.buffer.byte-limit = 4MB (=4194304) (default)
2023-08-18 03:35:54,141 [s2-impl-thread1] INFO  server.RaftServerConfigKeys (ConfUtils.java:logGet(46)) - raft.server.log.unsafe-flush.enabled = false (default)
2023-08-18 03:35:54,141 [s2-impl-thread1] INFO  server.RaftServerConfigKeys (ConfUtils.java:logGet(46)) - raft.server.log.async-flush.enabled = false (default)
2023-08-18 03:35:54,141 [s2-impl-thread1] INFO  server.RaftServerConfigKeys (ConfUtils.java:logGet(46)) - raft.server.log.statemachine.data.caching.enabled = false (default)
2023-08-18 03:35:54,141 [s2-impl-thread1] INFO  segmented.SegmentedRaftLogWorker (SegmentedRaftLogWorker.java:lambda$new$0(134)) - s2@group-F015D9715A3D-SegmentedRaftLogWorker: flushIndex: setUnconditionally 0 -> -1
2023-08-18 03:35:54,141 [s2-impl-thread1] INFO  segmented.SegmentedRaftLogWorker (SegmentedRaftLogWorker.java:lambda$new$0(134)) - s2@group-F015D9715A3D-SegmentedRaftLogWorker: safeCacheEvictIndex: setUnconditionally 0 -> -1
2023-08-18 03:35:54,141 [s2-impl-thread1] INFO  server.RaftServer$Division (RaftServerImpl.java:start(390)) - s2@group-F015D9715A3D: start with initializing state, conf=-1: peers:[]|listeners:[], old=null
2023-08-18 03:35:54,141 [s2-impl-thread1] INFO  server.RaftServer$Division (RaftServerImpl.java:setRole(371)) - s2@group-F015D9715A3D: changes role from      null to FOLLOWER at term 0 for startInitializing
2023-08-18 03:35:54,142 [s2-impl-thread1] INFO  util.JmxRegister (JmxRegister.java:tryRegister(44)) - Successfully registered JMX Bean with object name Ratis:service=RaftServer,group=group-F015D9715A3D,id=s2
2023-08-18 03:35:54,142 [s2-impl-thread1] INFO  server.RaftServerConfigKeys (ConfUtils.java:logGet(46)) - raft.server.snapshot.trigger-when-stop.enabled = true (default)
2023-08-18 03:35:54,142 [s2-impl-thread1] INFO  server.RaftServerConfigKeys (ConfUtils.java:logGet(46)) - raft.server.snapshot.auto.trigger.enabled = true (custom)
2023-08-18 03:35:54,142 [s2-impl-thread1] INFO  server.RaftServerConfigKeys (ConfUtils.java:logGet(46)) - raft.server.snapshot.auto.trigger.threshold = 64 (custom)
2023-08-18 03:35:54,142 [s2-impl-thread1] INFO  server.RaftServerConfigKeys (ConfUtils.java:logGet(46)) - raft.server.snapshot.retention.file.num = -1 (default)
2023-08-18 03:35:54,142 [s2-impl-thread1] INFO  server.RaftServerConfigKeys (ConfUtils.java:logGet(46)) - raft.server.log.purge.upto.snapshot.index = false (default)
2023-08-18 03:35:54,146 [Time-limited test] INFO  server.RaftServer (RaftServerProxy.java:startImpl(402)) - s2: start RPC server
2023-08-18 03:35:54,147 [Time-limited test] INFO  server.GrpcService (GrpcService.java:startImpl(302)) - s2: GrpcService started, listening on 45889
2023-08-18 03:35:54,148 [Time-limited test] INFO  impl.MiniRaftCluster (MiniRaftCluster.java:setConfiguration(819)) - Start changing the configuration: [s1|rpc:0.0.0.0:37449|priority:0|startupRole:FOLLOWER, s2|rpc:0.0.0.0:45889|priority:0|startupRole:FOLLOWER, s0|rpc:localhost:39885|admin:localhost:37833|client:localhost:38819|dataStream:localhost:38673|priority:0|startupRole:FOLLOWER]
2023-08-18 03:35:54,157 [s0-server-thread1] INFO  server.RaftServer$Division (RaftServerImpl.java:setConfigurationAsync(1238)) - s0@group-F015D9715A3D: receive setConfiguration SetConfigurationRequest:client-E430F5FB5DAD->s0@group-F015D9715A3D, cid=257, seq=0, RW, null, SET_UNCONDITIONALLY, servers:[s1|rpc:0.0.0.0:37449|dataStream:|priority:0|startupRole:FOLLOWER, s2|rpc:0.0.0.0:45889|dataStream:|priority:0|startupRole:FOLLOWER, s0|rpc:localhost:39885|admin:localhost:37833|client:localhost:38819|dataStream:localhost:38673|priority:0|startupRole:FOLLOWER], listeners:[]
2023-08-18 03:35:54,158 [s0-server-thread1] INFO  server.RaftServer$Division (LeaderStateImpl.java:startSetConfiguration(443)) - s0@group-F015D9715A3D-LeaderStateImpl: startSetConfiguration SetConfigurationRequest:client-E430F5FB5DAD->s0@group-F015D9715A3D, cid=257, seq=0, RW, null, SET_UNCONDITIONALLY, servers:[s1|rpc:0.0.0.0:37449|dataStream:|priority:0|startupRole:FOLLOWER, s2|rpc:0.0.0.0:45889|dataStream:|priority:0|startupRole:FOLLOWER, s0|rpc:localhost:39885|admin:localhost:37833|client:localhost:38819|dataStream:localhost:38673|priority:0|startupRole:FOLLOWER], listeners:[]
2023-08-18 03:35:54,158 [s0-server-thread1] INFO  server.RaftServerConfigKeys (ConfUtils.java:logGet(46)) - raft.server.log.appender.snapshot.chunk.size.max = 1k (=1024) (custom)
2023-08-18 03:35:54,158 [s0-server-thread1] INFO  server.RaftServerConfigKeys (ConfUtils.java:logGet(46)) - raft.server.log.appender.buffer.byte-limit = 4MB (=4194304) (default)
2023-08-18 03:35:54,158 [s0-server-thread1] INFO  server.RaftServerConfigKeys (ConfUtils.java:logGet(46)) - raft.server.log.appender.buffer.element-limit = 0 (default)
2023-08-18 03:35:54,158 [s0-server-thread1] INFO  server.RaftServerConfigKeys (ConfUtils.java:logGet(46)) - raft.server.log.appender.wait-time.min = 10ms (default)
2023-08-18 03:35:54,158 [s0-server-thread1] INFO  grpc.GrpcConfigKeys (ConfUtils.java:logGet(46)) - raft.grpc.server.leader.outstanding.appends.max = 128 (default)
2023-08-18 03:35:54,158 [s0-server-thread1] INFO  server.RaftServerConfigKeys (ConfUtils.java:logGet(46)) - raft.server.rpc.request.timeout = 3000ms (default)
2023-08-18 03:35:54,158 [s0-server-thread1] INFO  grpc.GrpcConfigKeys (ConfUtils.java:logGet(46)) - raft.grpc.server.install_snapshot.request.element-limit = 8 (default)
2023-08-18 03:35:54,158 [s0-server-thread1] INFO  grpc.GrpcConfigKeys (ConfUtils.java:logGet(46)) - raft.grpc.server.install_snapshot.request.timeout = 3000ms (default)
2023-08-18 03:35:54,158 [s0-server-thread1] INFO  server.RaftServerConfigKeys (ConfUtils.java:logGet(46)) - raft.server.log.appender.install.snapshot.enabled = true (default)
2023-08-18 03:35:54,158 [s0-server-thread1] INFO  grpc.GrpcConfigKeys (ConfUtils.java:logGet(46)) - raft.grpc.server.heartbeat.channel = false (custom)
2023-08-18 03:35:54,159 [s0-server-thread1] INFO  server.RaftServerConfigKeys (ConfUtils.java:logGet(46)) - raft.server.log.appender.snapshot.chunk.size.max = 1k (=1024) (custom)
2023-08-18 03:35:54,159 [s0-server-thread1] INFO  server.RaftServerConfigKeys (ConfUtils.java:logGet(46)) - raft.server.log.appender.buffer.byte-limit = 4MB (=4194304) (default)
2023-08-18 03:35:54,159 [s0-server-thread1] INFO  server.RaftServerConfigKeys (ConfUtils.java:logGet(46)) - raft.server.log.appender.buffer.element-limit = 0 (default)
2023-08-18 03:35:54,159 [s0-server-thread1] INFO  server.RaftServerConfigKeys (ConfUtils.java:logGet(46)) - raft.server.log.appender.wait-time.min = 10ms (default)
2023-08-18 03:35:54,159 [s0-server-thread1] INFO  grpc.GrpcConfigKeys (ConfUtils.java:logGet(46)) - raft.grpc.server.leader.outstanding.appends.max = 128 (default)
2023-08-18 03:35:54,159 [s0-server-thread1] INFO  server.RaftServerConfigKeys (ConfUtils.java:logGet(46)) - raft.server.rpc.request.timeout = 3000ms (default)
2023-08-18 03:35:54,159 [s0-server-thread1] INFO  grpc.GrpcConfigKeys (ConfUtils.java:logGet(46)) - raft.grpc.server.install_snapshot.request.element-limit = 8 (default)
2023-08-18 03:35:54,159 [s0-server-thread1] INFO  grpc.GrpcConfigKeys (ConfUtils.java:logGet(46)) - raft.grpc.server.install_snapshot.request.timeout = 3000ms (default)
2023-08-18 03:35:54,159 [s0-server-thread1] INFO  server.RaftServerConfigKeys (ConfUtils.java:logGet(46)) - raft.server.log.appender.install.snapshot.enabled = true (default)
2023-08-18 03:35:54,159 [s0-server-thread1] INFO  grpc.GrpcConfigKeys (ConfUtils.java:logGet(46)) - raft.grpc.server.heartbeat.channel = false (custom)
2023-08-18 03:35:54,166 [s0@group-F015D9715A3D->s1-GrpcLogAppender-LogAppenderDaemon] INFO  server.GrpcLogAppender (GrpcLogAppender.java:installSnapshot(638)) - s0@group-F015D9715A3D->s1-GrpcLogAppender: followerNextIndex = 0 but logStartIndex = 0, send snapshot FileListSnapshotInfo(t:1, i:191):[/tmp/ratis-tests/statemachine/s0/snapshot/1_191/loves, /tmp/ratis-tests/statemachine/s0/snapshot/1_191/deer, /tmp/ratis-tests/statemachine/s0/snapshot/1_191/vegetable] to follower
2023-08-18 03:35:54,170 [s0@group-F015D9715A3D->s1-GrpcLogAppender-LogAppenderDaemon] INFO  server.GrpcServerProtocolClient (GrpcServerProtocolClient.java:<init>(66)) - Build channel for s1
2023-08-18 03:35:54,166 [JvmPauseMonitor5] INFO  util.JvmPauseMonitor (JvmPauseMonitor.java:run(105)) - JvmPauseMonitor-s2: Started
2023-08-18 03:35:54,172 [s0@group-F015D9715A3D->s2-GrpcLogAppender-LogAppenderDaemon] INFO  server.GrpcLogAppender (GrpcLogAppender.java:installSnapshot(638)) - s0@group-F015D9715A3D->s2-GrpcLogAppender: followerNextIndex = 0 but logStartIndex = 0, send snapshot FileListSnapshotInfo(t:1, i:191):[/tmp/ratis-tests/statemachine/s0/snapshot/1_191/loves, /tmp/ratis-tests/statemachine/s0/snapshot/1_191/deer, /tmp/ratis-tests/statemachine/s0/snapshot/1_191/vegetable] to follower
2023-08-18 03:35:54,172 [s0@group-F015D9715A3D->s2-GrpcLogAppender-LogAppenderDaemon] INFO  server.GrpcServerProtocolClient (GrpcServerProtocolClient.java:<init>(66)) - Build channel for s2
2023-08-18 03:35:54,180 [grpc-default-executor-0] INFO  impl.SnapshotInstallationHandler (SnapshotInstallationHandler.java:installSnapshot(89)) - s1@group-F015D9715A3D: receive installSnapshot: s0->s1#0-t1,chunk:1f3461e9-f36f-4e4b-a6eb-a3589e66fc6c,0
2023-08-18 03:35:54,181 [grpc-default-executor-3] INFO  impl.SnapshotInstallationHandler (SnapshotInstallationHandler.java:installSnapshot(89)) - s2@group-F015D9715A3D: receive installSnapshot: s0->s2#0-t1,chunk:b59db315-5426-4da4-b62b-226d3c06f4ef,0
2023-08-18 03:35:54,182 [grpc-default-executor-0] INFO  server.RaftServer$Division (RaftServerImpl.java:setFirstElection(556)) - s1@group-F015D9715A3D: set firstElectionSinceStartup to false for installSnapshot
2023-08-18 03:35:54,182 [grpc-default-executor-0] INFO  server.RaftServer$Division (ServerState.java:setLeader(260)) - s1@group-F015D9715A3D: change Leader from null to s0 at term 1 for installSnapshot, leader elected after 59ms
2023-08-18 03:35:54,182 [grpc-default-executor-0] TRACE util.FileUtils (LogUtils.java:runAndLog(49)) - Successfully ran Files.createDirectories /tmp/ratis-tests/statemachine/s1/tmp/snapshot-1f3461e9-f36f-4e4b-a6eb-a3589e66fc6c
2023-08-18 03:35:54,182 [grpc-default-executor-0] INFO  storage.SnapshotManager (SnapshotManager.java:installSnapshot(89)) - Installing snapshot:s0->s1#0-t1,chunk:1f3461e9-f36f-4e4b-a6eb-a3589e66fc6c,0, to tmp dir:/tmp/ratis-tests/statemachine/s1/tmp/snapshot-1f3461e9-f36f-4e4b-a6eb-a3589e66fc6c
2023-08-18 03:35:54,182 [grpc-default-executor-0] TRACE util.FileUtils (LogUtils.java:runAndLog(49)) - Successfully ran Files.createDirectories /tmp/ratis-tests/statemachine/s1/tmp/snapshot-1f3461e9-f36f-4e4b-a6eb-a3589e66fc6c/1_191
2023-08-18 03:35:54,183 [grpc-default-executor-3] INFO  server.RaftServer$Division (RaftServerImpl.java:setFirstElection(556)) - s2@group-F015D9715A3D: set firstElectionSinceStartup to false for installSnapshot
2023-08-18 03:35:54,183 [grpc-default-executor-3] INFO  server.RaftServer$Division (ServerState.java:setLeader(260)) - s2@group-F015D9715A3D: change Leader from null to s0 at term 1 for installSnapshot, leader elected after 57ms
2023-08-18 03:35:54,184 [grpc-default-executor-3] TRACE util.FileUtils (LogUtils.java:runAndLog(49)) - Successfully ran Files.createDirectories /tmp/ratis-tests/statemachine/s2/tmp/snapshot-b59db315-5426-4da4-b62b-226d3c06f4ef
2023-08-18 03:35:54,184 [grpc-default-executor-3] INFO  storage.SnapshotManager (SnapshotManager.java:installSnapshot(89)) - Installing snapshot:s0->s2#0-t1,chunk:b59db315-5426-4da4-b62b-226d3c06f4ef,0, to tmp dir:/tmp/ratis-tests/statemachine/s2/tmp/snapshot-b59db315-5426-4da4-b62b-226d3c06f4ef
2023-08-18 03:35:54,184 [grpc-default-executor-3] TRACE util.FileUtils (LogUtils.java:runAndLog(49)) - Successfully ran Files.createDirectories /tmp/ratis-tests/statemachine/s2/tmp/snapshot-b59db315-5426-4da4-b62b-226d3c06f4ef/1_191
2023-08-18 03:35:54,185 [grpc-default-executor-0] INFO  impl.SnapshotInstallationHandler (SnapshotInstallationHandler.java:installSnapshotImpl(134)) - s1@group-F015D9715A3D: set new configuration configurationEntry {
  peers {
    id: "s0"
    address: "localhost:39885"
    dataStreamAddress: "localhost:38673"
    clientAddress: "localhost:38819"
    adminAddress: "localhost:37833"
    startupRole: FOLLOWER
  }
}
 from snapshot
2023-08-18 03:35:54,185 [grpc-default-executor-0] INFO  server.RaftServer$Division (ServerState.java:setRaftConf(377)) - s1@group-F015D9715A3D: set configuration 0: peers:[s0|rpc:localhost:39885|admin:localhost:37833|client:localhost:38819|dataStream:localhost:38673|priority:0|startupRole:FOLLOWER]|listeners:[], old=null
2023-08-18 03:35:54,185 [grpc-default-executor-0] INFO  impl.SnapshotInstallationHandler (SnapshotInstallationHandler.java:installSnapshot(100)) - s1@group-F015D9715A3D: reply installSnapshot: s0<-s1#0:OK-t0,SUCCESS,requestIndex=0
2023-08-18 03:35:54,186 [grpc-default-executor-3] INFO  impl.SnapshotInstallationHandler (SnapshotInstallationHandler.java:installSnapshotImpl(134)) - s2@group-F015D9715A3D: set new configuration configurationEntry {
  peers {
    id: "s0"
    address: "localhost:39885"
    dataStreamAddress: "localhost:38673"
    clientAddress: "localhost:38819"
    adminAddress: "localhost:37833"
    startupRole: FOLLOWER
  }
}
 from snapshot
2023-08-18 03:35:54,186 [grpc-default-executor-0] INFO  server.GrpcLogAppender (GrpcLogAppender.java:onNext(541)) - s0@group-F015D9715A3D->s1-InstallSnapshotResponseHandler: received the first reply s0<-s1#0:OK-t0,SUCCESS,requestIndex=0
2023-08-18 03:35:54,186 [grpc-default-executor-0] INFO  server.GrpcLogAppender (GrpcLogAppender.java:onNext(555)) - s0@group-F015D9715A3D->s1-InstallSnapshotResponseHandler: Completed InstallSnapshot. Reply: serverReply {
  requestorId: "s0"
  replyId: "s1"
  raftGroupId {
    id: "F+0\307\022vM\267\277@\360\025\331qZ="
  }
  success: true
}
requestIndex: 0

2023-08-18 03:35:54,186 [grpc-default-executor-0] INFO  leader.FollowerInfo (FollowerInfoImpl.java:setAttemptedToInstallSnapshot(126)) - Follower s0@group-F015D9715A3D->s1 acknowledged installing snapshot
2023-08-18 03:35:54,188 [grpc-default-executor-2] WARN  server.GrpcServerProtocolService (LogUtils.java:warn(122)) - s1: INSTALL_SNAPSHOT onError, lastRequest: s0->s1#0-t1,chunk:1f3461e9-f36f-4e4b-a6eb-a3589e66fc6c,0: org.apache.ratis.thirdparty.io.grpc.StatusRuntimeException: CANCELLED: client cancelled
2023-08-18 03:35:54,188 [grpc-default-executor-3] INFO  server.RaftServer$Division (ServerState.java:setRaftConf(377)) - s2@group-F015D9715A3D: set configuration 0: peers:[s0|rpc:localhost:39885|admin:localhost:37833|client:localhost:38819|dataStream:localhost:38673|priority:0|startupRole:FOLLOWER]|listeners:[], old=null
2023-08-18 03:35:54,188 [grpc-default-executor-3] INFO  impl.SnapshotInstallationHandler (SnapshotInstallationHandler.java:installSnapshot(100)) - s2@group-F015D9715A3D: reply installSnapshot: s0<-s2#0:OK-t0,SUCCESS,requestIndex=0
2023-08-18 03:35:54,189 [grpc-default-executor-0] WARN  server.GrpcLogAppender (LogUtils.java:warn(122)) - s0@group-F015D9715A3D->s1-InstallSnapshotResponseHandler: Failed InstallSnapshot: org.apache.ratis.thirdparty.io.grpc.StatusRuntimeException: CANCELLED: Failed to read message.
2023-08-18 03:35:54,190 [grpc-default-executor-3] INFO  impl.SnapshotInstallationHandler (SnapshotInstallationHandler.java:installSnapshot(89)) - s2@group-F015D9715A3D: receive installSnapshot: s0->s2#0-t1,chunk:b59db315-5426-4da4-b62b-226d3c06f4ef,1
2023-08-18 03:35:54,190 [grpc-default-executor-3] TRACE util.FileUtils (LogUtils.java:runAndLog(49)) - Successfully ran Files.createDirectories /tmp/ratis-tests/statemachine/s2/tmp/snapshot-b59db315-5426-4da4-b62b-226d3c06f4ef
2023-08-18 03:35:54,190 [grpc-default-executor-3] INFO  storage.SnapshotManager (SnapshotManager.java:installSnapshot(89)) - Installing snapshot:s0->s2#0-t1,chunk:b59db315-5426-4da4-b62b-226d3c06f4ef,1, to tmp dir:/tmp/ratis-tests/statemachine/s2/tmp/snapshot-b59db315-5426-4da4-b62b-226d3c06f4ef
2023-08-18 03:35:54,190 [grpc-default-executor-3] TRACE util.FileUtils (LogUtils.java:runAndLog(49)) - Successfully ran Files.createDirectories /tmp/ratis-tests/statemachine/s2/tmp/snapshot-b59db315-5426-4da4-b62b-226d3c06f4ef/1_191
2023-08-18 03:35:54,191 [grpc-default-executor-2] INFO  server.GrpcLogAppender (GrpcLogAppender.java:onNext(541)) - s0@group-F015D9715A3D->s2-InstallSnapshotResponseHandler: received the first reply s0<-s2#0:OK-t0,SUCCESS,requestIndex=0
2023-08-18 03:35:54,191 [grpc-default-executor-2] INFO  server.GrpcLogAppender (GrpcLogAppender.java:onNext(555)) - s0@group-F015D9715A3D->s2-InstallSnapshotResponseHandler: Completed InstallSnapshot. Reply: serverReply {
  requestorId: "s0"
  replyId: "s2"
  raftGroupId {
    id: "F+0\307\022vM\267\277@\360\025\331qZ="
  }
  success: true
}
requestIndex: 0

2023-08-18 03:35:54,192 [grpc-default-executor-2] INFO  leader.FollowerInfo (FollowerInfoImpl.java:setAttemptedToInstallSnapshot(126)) - Follower s0@group-F015D9715A3D->s2 acknowledged installing snapshot
2023-08-18 03:35:54,193 [grpc-default-executor-3] INFO  impl.SnapshotInstallationHandler (SnapshotInstallationHandler.java:installSnapshot(100)) - s2@group-F015D9715A3D: reply installSnapshot: s0<-s2#0:OK-t1,SUCCESS,requestIndex=1
2023-08-18 03:35:54,193 [grpc-default-executor-2] INFO  server.GrpcLogAppender (GrpcLogAppender.java:onNext(541)) - s0@group-F015D9715A3D->s2-InstallSnapshotResponseHandler: received a reply s0<-s2#0:OK-t1,SUCCESS,requestIndex=1
2023-08-18 03:35:54,193 [grpc-default-executor-2] INFO  server.GrpcLogAppender (GrpcLogAppender.java:onNext(555)) - s0@group-F015D9715A3D->s2-InstallSnapshotResponseHandler: Completed InstallSnapshot. Reply: serverReply {
  requestorId: "s0"
  replyId: "s2"
  raftGroupId {
    id: "F+0\307\022vM\267\277@\360\025\331qZ="
  }
  success: true
}
term: 1
requestIndex: 1

2023-08-18 03:35:54,193 [grpc-default-executor-2] INFO  leader.FollowerInfo (FollowerInfoImpl.java:setAttemptedToInstallSnapshot(126)) - Follower s0@group-F015D9715A3D->s2 acknowledged installing snapshot
2023-08-18 03:35:54,193 [grpc-default-executor-3] INFO  impl.SnapshotInstallationHandler (SnapshotInstallationHandler.java:installSnapshot(89)) - s2@group-F015D9715A3D: receive installSnapshot: s0->s2#0-t1,chunk:b59db315-5426-4da4-b62b-226d3c06f4ef,2
2023-08-18 03:35:54,193 [grpc-default-executor-3] TRACE util.FileUtils (LogUtils.java:runAndLog(49)) - Successfully ran Files.createDirectories /tmp/ratis-tests/statemachine/s2/tmp/snapshot-b59db315-5426-4da4-b62b-226d3c06f4ef
2023-08-18 03:35:54,193 [grpc-default-executor-3] INFO  storage.SnapshotManager (SnapshotManager.java:installSnapshot(89)) - Installing snapshot:s0->s2#0-t1,chunk:b59db315-5426-4da4-b62b-226d3c06f4ef,2, to tmp dir:/tmp/ratis-tests/statemachine/s2/tmp/snapshot-b59db315-5426-4da4-b62b-226d3c06f4ef
2023-08-18 03:35:54,194 [grpc-default-executor-3] TRACE util.FileUtils (LogUtils.java:runAndLog(49)) - Successfully ran Files.createDirectories /tmp/ratis-tests/statemachine/s2/tmp/snapshot-b59db315-5426-4da4-b62b-226d3c06f4ef/1_191
2023-08-18 03:35:54,197 [grpc-default-executor-3] INFO  storage.SnapshotManager (SnapshotManager.java:rename(168)) - Installed snapshot, renaming temporary dir /tmp/ratis-tests/statemachine/s2/tmp/snapshot-b59db315-5426-4da4-b62b-226d3c06f4ef to /tmp/ratis-tests/statemachine/s2/snapshot
2023-08-18 03:35:54,198 [grpc-default-executor-3] TRACE util.FileUtils (LogUtils.java:runAndLog(49)) - Successfully ran Atomic Files.move /tmp/ratis-tests/statemachine/s2/snapshot to /tmp/ratis-tests/statemachine/s2/snapshot.tmp20230818-033554_198
2023-08-18 03:35:54,198 [grpc-default-executor-3] TRACE util.FileUtils (LogUtils.java:runAndLog(49)) - Successfully ran Atomic Files.move /tmp/ratis-tests/statemachine/s2/tmp/snapshot-b59db315-5426-4da4-b62b-226d3c06f4ef to /tmp/ratis-tests/statemachine/s2/snapshot
2023-08-18 03:35:54,198 [grpc-default-executor-3] TRACE util.FileUtils (FileUtils.java:deleteFully(201)) - deleteFully /tmp/ratis-tests/statemachine/s2/snapshot.tmp20230818-033554_198
2023-08-18 03:35:54,198 [grpc-default-executor-3] TRACE util.FileUtils (LogUtils.java:runAndLog(49)) - Successfully ran Files.delete /tmp/ratis-tests/statemachine/s2/snapshot.tmp20230818-033554_198
2023-08-18 03:35:54,198 [grpc-default-executor-3] INFO  raftlog.RaftLog (RaftLogBase.java:lambda$new$0(54)) - s2@group-F015D9715A3D-SegmentedRaftLog: snapshotIndex: updateIncreasingly -1 -> 191
2023-08-18 03:35:54,198 [s2@group-F015D9715A3D-StateMachineUpdater] INFO  impl.SimpleStateMachine4Testing (SimpleStateMachine4Testing.java:reinitialize(236)) - Reinitializing StateMachineWithSeparatedSnapshotPath:s2:group-F015D9715A3D
2023-08-18 03:35:54,198 [grpc-default-executor-3] INFO  segmented.SegmentedRaftLogWorker (SegmentedRaftLogWorker.java:lambda$new$0(134)) - s2@group-F015D9715A3D-SegmentedRaftLogWorker: flushIndex: setUnconditionally -1 -> 191
2023-08-18 03:35:54,198 [grpc-default-executor-3] INFO  segmented.SegmentedRaftLogWorker (SegmentedRaftLogWorker.java:lambda$new$0(134)) - s2@group-F015D9715A3D-SegmentedRaftLogWorker: safeCacheEvictIndex: setUnconditionally -1 -> 191
2023-08-18 03:35:54,198 [s2@group-F015D9715A3D-StateMachineUpdater] INFO  impl.SimpleStateMachine4Testing (SimpleStateMachine4Testing.java:loadSnapshot(293)) - Loading snapshot null
2023-08-18 03:35:54,198 [grpc-default-executor-3] INFO  impl.SnapshotInstallationHandler (SnapshotInstallationHandler.java:checkAndInstallSnapshot(194)) - s2@group-F015D9715A3D: successfully install the entire snapshot-191
2023-08-18 03:35:54,198 [s2@group-F015D9715A3D-StateMachineUpdater] INFO  impl.StateMachineUpdater (StateMachineUpdater.java:lambda$new$0(98)) - s2@group-F015D9715A3D-StateMachineUpdater: snapshotIndex: setUnconditionally -1 -> 191
2023-08-18 03:35:54,198 [s2@group-F015D9715A3D-StateMachineUpdater] INFO  impl.StateMachineUpdater (StateMachineUpdater.java:lambda$new$0(98)) - s2@group-F015D9715A3D-StateMachineUpdater: appliedIndex: setUnconditionally -1 -> 191
2023-08-18 03:35:54,198 [grpc-default-executor-3] INFO  impl.SnapshotInstallationHandler (SnapshotInstallationHandler.java:installSnapshot(100)) - s2@group-F015D9715A3D: reply installSnapshot: s0<-s2#0:OK-t1,SUCCESS,requestIndex=2
2023-08-18 03:35:54,199 [grpc-default-executor-3] INFO  server.GrpcServerProtocolService (GrpcServerProtocolService.java:onCompleted(155)) - s2: Completed INSTALL_SNAPSHOT, lastRequest: s0->s2#0-t1,chunk:b59db315-5426-4da4-b62b-226d3c06f4ef,2
2023-08-18 03:35:54,199 [grpc-default-executor-3] INFO  server.GrpcServerProtocolService (GrpcServerProtocolService.java:lambda$onCompleted$5(157)) - s2: Completed INSTALL_SNAPSHOT, lastReply: null
2023-08-18 03:35:54,199 [grpc-default-executor-2] INFO  server.GrpcLogAppender (GrpcLogAppender.java:onNext(541)) - s0@group-F015D9715A3D->s2-InstallSnapshotResponseHandler: received a reply s0<-s2#0:OK-t1,SUCCESS,requestIndex=2
2023-08-18 03:35:54,199 [grpc-default-executor-2] INFO  server.GrpcLogAppender (GrpcLogAppender.java:onNext(555)) - s0@group-F015D9715A3D->s2-InstallSnapshotResponseHandler: Completed InstallSnapshot. Reply: serverReply {
  requestorId: "s0"
  replyId: "s2"
  raftGroupId {
    id: "F+0\307\022vM\267\277@\360\025\331qZ="
  }
  success: true
}
term: 1
requestIndex: 2

2023-08-18 03:35:54,199 [grpc-default-executor-2] INFO  leader.FollowerInfo (FollowerInfoImpl.java:setAttemptedToInstallSnapshot(126)) - Follower s0@group-F015D9715A3D->s2 acknowledged installing snapshot
2023-08-18 03:35:54,199 [grpc-default-executor-2] INFO  server.GrpcLogAppender (GrpcLogAppender.java:onCompleted(621)) - s0@group-F015D9715A3D->s2-InstallSnapshotResponseHandler: follower responded installSnapshot COMPLETED
2023-08-18 03:35:54,200 [s0@group-F015D9715A3D->s2-GrpcLogAppender-LogAppenderDaemon] INFO  leader.FollowerInfo (FollowerInfoImpl.java:lambda$new$0(52)) - s0@group-F015D9715A3D->s2: snapshotIndex: setUnconditionally 0 -> 191
2023-08-18 03:35:54,200 [s0@group-F015D9715A3D->s2-GrpcLogAppender-LogAppenderDaemon] INFO  leader.FollowerInfo (FollowerInfoImpl.java:lambda$new$0(52)) - s0@group-F015D9715A3D->s2: matchIndex: setUnconditionally -1 -> 191
2023-08-18 03:35:54,200 [s0@group-F015D9715A3D->s2-GrpcLogAppender-LogAppenderDaemon] INFO  leader.FollowerInfo (FollowerInfoImpl.java:lambda$new$0(52)) - s0@group-F015D9715A3D->s2: nextIndex: setUnconditionally 0 -> 192
2023-08-18 03:35:54,200 [s0@group-F015D9715A3D->s2-GrpcLogAppender-LogAppenderDaemon] INFO  server.GrpcLogAppender (GrpcLogAppender.java:installSnapshot(677)) - s0@group-F015D9715A3D->s2-GrpcLogAppender: installed snapshot FileListSnapshotInfo(t:1, i:191):[/tmp/ratis-tests/statemachine/s0/snapshot/1_191/loves, /tmp/ratis-tests/statemachine/s0/snapshot/1_191/deer, /tmp/ratis-tests/statemachine/s0/snapshot/1_191/vegetable] successfully
2023-08-18 03:35:54,213 [s2-server-thread1] INFO  impl.RoleInfo (RoleInfo.java:updateAndGet(138)) - s2: start s2@group-F015D9715A3D-FollowerState
2023-08-18 03:35:54,224 [s2-server-thread2] INFO  segmented.SegmentedRaftLogWorker (SegmentedRaftLogWorker.java:startLogSegment(427)) - s2@group-F015D9715A3D-SegmentedRaftLogWorker: Starting segment from index:192
2023-08-18 03:35:54,231 [s2@group-F015D9715A3D-SegmentedRaftLogWorker] INFO  segmented.SegmentedRaftLogWorker (SegmentedRaftLogWorker.java:execute(631)) - s2@group-F015D9715A3D-SegmentedRaftLogWorker: created new log segment /home/runner/work/ratis/ratis/ratis-test/target/test/data/24296cbb/MiniRaftClusterWithGrpca15d4fa5/s2/462b30c7-1276-4db7-bf40-f015d9715a3d/current/log_inprogress_192
2023-08-18 03:35:54,236 [s2@group-F015D9715A3D-StateMachineUpdater] INFO  impl.SimpleStateMachine4Testing (SimpleStateMachine4Testing.java:put(205)) - s2: put 193, m96 -> (t:1, i:193), STATEMACHINELOGENTRY, 225@client-5F1BBC092756
2023-08-18 03:35:54,236 [s2@group-F015D9715A3D-StateMachineUpdater] INFO  impl.SimpleStateMachine4Testing (SimpleStateMachine4Testing.java:put(205)) - s2: put 195, m97 -> (t:1, i:195), STATEMACHINELOGENTRY, 226@client-5F1BBC092756
2023-08-18 03:35:54,236 [s2@group-F015D9715A3D-StateMachineUpdater] INFO  impl.SimpleStateMachine4Testing (SimpleStateMachine4Testing.java:put(205)) - s2: put 197, m98 -> (t:1, i:197), STATEMACHINELOGENTRY, 227@client-5F1BBC092756
2023-08-18 03:35:54,236 [s2@group-F015D9715A3D-StateMachineUpdater] INFO  impl.SimpleStateMachine4Testing (SimpleStateMachine4Testing.java:put(205)) - s2: put 199, m99 -> (t:1, i:199), STATEMACHINELOGENTRY, 228@client-5F1BBC092756
2023-08-18 03:35:54,236 [s2@group-F015D9715A3D-StateMachineUpdater] INFO  impl.SimpleStateMachine4Testing (SimpleStateMachine4Testing.java:put(205)) - s2: put 201, m100 -> (t:1, i:201), STATEMACHINELOGENTRY, 229@client-5F1BBC092756
2023-08-18 03:35:54,236 [s2@group-F015D9715A3D-StateMachineUpdater] INFO  impl.SimpleStateMachine4Testing (SimpleStateMachine4Testing.java:put(205)) - s2: put 203, m101 -> (t:1, i:203), STATEMACHINELOGENTRY, 230@client-5F1BBC092756
2023-08-18 03:35:54,237 [s2@group-F015D9715A3D-StateMachineUpdater] INFO  impl.SimpleStateMachine4Testing (SimpleStateMachine4Testing.java:put(205)) - s2: put 205, m102 -> (t:1, i:205), STATEMACHINELOGENTRY, 231@client-5F1BBC092756
2023-08-18 03:35:54,237 [s2@group-F015D9715A3D-StateMachineUpdater] INFO  impl.SimpleStateMachine4Testing (SimpleStateMachine4Testing.java:put(205)) - s2: put 207, m103 -> (t:1, i:207), STATEMACHINELOGENTRY, 232@client-5F1BBC092756
2023-08-18 03:35:54,237 [s2@group-F015D9715A3D-StateMachineUpdater] INFO  impl.SimpleStateMachine4Testing (SimpleStateMachine4Testing.java:put(205)) - s2: put 209, m104 -> (t:1, i:209), STATEMACHINELOGENTRY, 233@client-5F1BBC092756
2023-08-18 03:35:54,237 [s2@group-F015D9715A3D-StateMachineUpdater] INFO  impl.SimpleStateMachine4Testing (SimpleStateMachine4Testing.java:put(205)) - s2: put 211, m105 -> (t:1, i:211), STATEMACHINELOGENTRY, 234@client-5F1BBC092756
2023-08-18 03:35:54,237 [s2@group-F015D9715A3D-StateMachineUpdater] INFO  impl.SimpleStateMachine4Testing (SimpleStateMachine4Testing.java:put(205)) - s2: put 213, m106 -> (t:1, i:213), STATEMACHINELOGENTRY, 235@client-5F1BBC092756
2023-08-18 03:35:54,237 [s2@group-F015D9715A3D-StateMachineUpdater] INFO  impl.SimpleStateMachine4Testing (SimpleStateMachine4Testing.java:put(205)) - s2: put 215, m107 -> (t:1, i:215), STATEMACHINELOGENTRY, 236@client-5F1BBC092756
2023-08-18 03:35:54,237 [s2@group-F015D9715A3D-StateMachineUpdater] INFO  impl.SimpleStateMachine4Testing (SimpleStateMachine4Testing.java:put(205)) - s2: put 217, m108 -> (t:1, i:217), STATEMACHINELOGENTRY, 237@client-5F1BBC092756
2023-08-18 03:35:54,237 [s2@group-F015D9715A3D-StateMachineUpdater] INFO  impl.SimpleStateMachine4Testing (SimpleStateMachine4Testing.java:put(205)) - s2: put 219, m109 -> (t:1, i:219), STATEMACHINELOGENTRY, 238@client-5F1BBC092756
2023-08-18 03:35:54,238 [s2@group-F015D9715A3D-StateMachineUpdater] INFO  impl.SimpleStateMachine4Testing (SimpleStateMachine4Testing.java:put(205)) - s2: put 221, m110 -> (t:1, i:221), STATEMACHINELOGENTRY, 239@client-5F1BBC092756
2023-08-18 03:35:54,238 [s2@group-F015D9715A3D-StateMachineUpdater] INFO  impl.SimpleStateMachine4Testing (SimpleStateMachine4Testing.java:put(205)) - s2: put 223, m111 -> (t:1, i:223), STATEMACHINELOGENTRY, 240@client-5F1BBC092756
2023-08-18 03:35:54,238 [s2@group-F015D9715A3D-StateMachineUpdater] INFO  impl.SimpleStateMachine4Testing (SimpleStateMachine4Testing.java:put(205)) - s2: put 225, m112 -> (t:1, i:225), STATEMACHINELOGENTRY, 241@client-5F1BBC092756
2023-08-18 03:35:54,238 [s2@group-F015D9715A3D-StateMachineUpdater] INFO  impl.SimpleStateMachine4Testing (SimpleStateMachine4Testing.java:put(205)) - s2: put 227, m113 -> (t:1, i:227), STATEMACHINELOGENTRY, 242@client-5F1BBC092756
2023-08-18 03:35:54,238 [s2@group-F015D9715A3D-StateMachineUpdater] INFO  impl.SimpleStateMachine4Testing (SimpleStateMachine4Testing.java:put(205)) - s2: put 229, m114 -> (t:1, i:229), STATEMACHINELOGENTRY, 243@client-5F1BBC092756
2023-08-18 03:35:54,238 [s2@group-F015D9715A3D-StateMachineUpdater] INFO  impl.SimpleStateMachine4Testing (SimpleStateMachine4Testing.java:put(205)) - s2: put 231, m115 -> (t:1, i:231), STATEMACHINELOGENTRY, 244@client-5F1BBC092756
2023-08-18 03:35:54,238 [s2@group-F015D9715A3D-StateMachineUpdater] INFO  impl.SimpleStateMachine4Testing (SimpleStateMachine4Testing.java:put(205)) - s2: put 233, m116 -> (t:1, i:233), STATEMACHINELOGENTRY, 245@client-5F1BBC092756
2023-08-18 03:35:54,238 [s2@group-F015D9715A3D-StateMachineUpdater] INFO  impl.SimpleStateMachine4Testing (SimpleStateMachine4Testing.java:put(205)) - s2: put 235, m117 -> (t:1, i:235), STATEMACHINELOGENTRY, 246@client-5F1BBC092756
2023-08-18 03:35:54,239 [s2@group-F015D9715A3D-StateMachineUpdater] INFO  impl.SimpleStateMachine4Testing (SimpleStateMachine4Testing.java:put(205)) - s2: put 237, m118 -> (t:1, i:237), STATEMACHINELOGENTRY, 247@client-5F1BBC092756
2023-08-18 03:35:54,239 [s2@group-F015D9715A3D-StateMachineUpdater] INFO  impl.SimpleStateMachine4Testing (SimpleStateMachine4Testing.java:put(205)) - s2: put 239, m119 -> (t:1, i:239), STATEMACHINELOGENTRY, 248@client-5F1BBC092756
2023-08-18 03:35:54,239 [s2@group-F015D9715A3D-StateMachineUpdater] INFO  impl.SimpleStateMachine4Testing (SimpleStateMachine4Testing.java:put(205)) - s2: put 241, m120 -> (t:1, i:241), STATEMACHINELOGENTRY, 249@client-5F1BBC092756
2023-08-18 03:35:54,239 [s2@group-F015D9715A3D-StateMachineUpdater] INFO  impl.SimpleStateMachine4Testing (SimpleStateMachine4Testing.java:put(205)) - s2: put 243, m121 -> (t:1, i:243), STATEMACHINELOGENTRY, 250@client-5F1BBC092756
2023-08-18 03:35:54,239 [s2@group-F015D9715A3D-StateMachineUpdater] INFO  impl.SimpleStateMachine4Testing (SimpleStateMachine4Testing.java:put(205)) - s2: put 245, m122 -> (t:1, i:245), STATEMACHINELOGENTRY, 251@client-5F1BBC092756
2023-08-18 03:35:54,239 [s2@group-F015D9715A3D-StateMachineUpdater] INFO  impl.SimpleStateMachine4Testing (SimpleStateMachine4Testing.java:put(205)) - s2: put 247, m123 -> (t:1, i:247), STATEMACHINELOGENTRY, 252@client-5F1BBC092756
2023-08-18 03:35:54,239 [s2@group-F015D9715A3D-StateMachineUpdater] INFO  impl.SimpleStateMachine4Testing (SimpleStateMachine4Testing.java:put(205)) - s2: put 249, m124 -> (t:1, i:249), STATEMACHINELOGENTRY, 253@client-5F1BBC092756
2023-08-18 03:35:54,240 [s2@group-F015D9715A3D-StateMachineUpdater] INFO  impl.SimpleStateMachine4Testing (SimpleStateMachine4Testing.java:put(205)) - s2: put 251, m125 -> (t:1, i:251), STATEMACHINELOGENTRY, 254@client-5F1BBC092756
2023-08-18 03:35:54,240 [s2@group-F015D9715A3D-StateMachineUpdater] INFO  impl.SimpleStateMachine4Testing (SimpleStateMachine4Testing.java:put(205)) - s2: put 253, m126 -> (t:1, i:253), STATEMACHINELOGENTRY, 255@client-5F1BBC092756
2023-08-18 03:35:54,241 [s0@group-F015D9715A3D-LeaderStateImpl] INFO  server.RaftServer$Division (ServerState.java:setRaftConf(377)) - s0@group-F015D9715A3D: set configuration 255: peers:[s0|rpc:localhost:39885|admin:localhost:37833|client:localhost:38819|dataStream:localhost:38673|priority:0|startupRole:FOLLOWER, s1|rpc:0.0.0.0:37449|dataStream:|priority:0|startupRole:FOLLOWER, s2|rpc:0.0.0.0:45889|dataStream:|priority:0|startupRole:FOLLOWER]|listeners:[], old=peers:[s0|rpc:localhost:39885|admin:localhost:37833|client:localhost:38819|dataStream:localhost:38673|priority:0|startupRole:FOLLOWER]|listeners:[]
2023-08-18 03:35:54,243 [s2-server-thread1] INFO  server.RaftServer$Division (ServerState.java:setRaftConf(377)) - s2@group-F015D9715A3D: set configuration 255: peers:[s0|rpc:localhost:39885|admin:localhost:37833|client:localhost:38819|dataStream:localhost:38673|priority:0|startupRole:FOLLOWER, s1|rpc:0.0.0.0:37449|dataStream:|priority:0|startupRole:FOLLOWER, s2|rpc:0.0.0.0:45889|dataStream:|priority:0|startupRole:FOLLOWER]|listeners:[], old=peers:[s0|rpc:localhost:39885|admin:localhost:37833|client:localhost:38819|dataStream:localhost:38673|priority:0|startupRole:FOLLOWER]|listeners:[]
2023-08-18 03:35:54,244 [s0@group-F015D9715A3D-LeaderStateImpl] INFO  server.RaftServer$Division (ServerState.java:setRaftConf(377)) - s0@group-F015D9715A3D: set configuration 257: peers:[s0|rpc:localhost:39885|admin:localhost:37833|client:localhost:38819|dataStream:localhost:38673|priority:0|startupRole:FOLLOWER, s1|rpc:0.0.0.0:37449|dataStream:|priority:0|startupRole:FOLLOWER, s2|rpc:0.0.0.0:45889|dataStream:|priority:0|startupRole:FOLLOWER]|listeners:[], old=null
2023-08-18 03:35:54,245 [s0@group-F015D9715A3D-StateMachineUpdater] TRACE util.FileUtils (FileUtils.java:deleteFully(201)) - deleteFully /tmp/ratis-tests/statemachine/s0/snapshot/1_255
2023-08-18 03:35:54,245 [s0@group-F015D9715A3D-StateMachineUpdater] TRACE util.FileUtils (FileUtils.java:deleteFully(217)) - deleteFully: /tmp/ratis-tests/statemachine/s0/snapshot/1_255 does not exist.
2023-08-18 03:35:54,245 [s0@group-F015D9715A3D-StateMachineUpdater] TRACE util.FileUtils (FileUtils.java:deleteFully(201)) - deleteFully /tmp/ratis-tests/statemachine/s0/tmp/51f68a0f-f454-46b5-9763-5300c2ea366a
2023-08-18 03:35:54,245 [s0@group-F015D9715A3D-StateMachineUpdater] TRACE util.FileUtils (FileUtils.java:deleteFully(217)) - deleteFully: /tmp/ratis-tests/statemachine/s0/tmp/51f68a0f-f454-46b5-9763-5300c2ea366a does not exist.
2023-08-18 03:35:54,246 [s0@group-F015D9715A3D-StateMachineUpdater] TRACE util.FileUtils (LogUtils.java:runAndLog(49)) - Successfully ran Atomic Files.move /tmp/ratis-tests/statemachine/s0/tmp/51f68a0f-f454-46b5-9763-5300c2ea366a to /tmp/ratis-tests/statemachine/s0/snapshot/1_255
2023-08-18 03:35:54,246 [s0@group-F015D9715A3D-StateMachineUpdater] INFO  impl.StateMachineUpdater (StateMachineUpdater.java:takeSnapshot(295)) - s0@group-F015D9715A3D-StateMachineUpdater: Took a snapshot at index 255
2023-08-18 03:35:54,246 [s0@group-F015D9715A3D-StateMachineUpdater] INFO  impl.StateMachineUpdater (StateMachineUpdater.java:lambda$new$0(98)) - s0@group-F015D9715A3D-StateMachineUpdater: snapshotIndex: updateIncreasingly 191 -> 255
2023-08-18 03:35:54,253 [s2-server-thread1] INFO  server.RaftServer$Division (ServerState.java:setRaftConf(377)) - s2@group-F015D9715A3D: set configuration 257: peers:[s0|rpc:localhost:39885|admin:localhost:37833|client:localhost:38819|dataStream:localhost:38673|priority:0|startupRole:FOLLOWER, s1|rpc:0.0.0.0:37449|dataStream:|priority:0|startupRole:FOLLOWER, s2|rpc:0.0.0.0:45889|dataStream:|priority:0|startupRole:FOLLOWER]|listeners:[], old=null
2023-08-18 03:35:54,254 [s2@group-F015D9715A3D-StateMachineUpdater] TRACE util.FileUtils (FileUtils.java:deleteFully(201)) - deleteFully /tmp/ratis-tests/statemachine/s2/snapshot/1_255
2023-08-18 03:35:54,255 [s2@group-F015D9715A3D-StateMachineUpdater] TRACE util.FileUtils (FileUtils.java:deleteFully(217)) - deleteFully: /tmp/ratis-tests/statemachine/s2/snapshot/1_255 does not exist.
2023-08-18 03:35:54,255 [s2@group-F015D9715A3D-StateMachineUpdater] TRACE util.FileUtils (FileUtils.java:deleteFully(201)) - deleteFully /tmp/ratis-tests/statemachine/s2/tmp/264ea6e3-fe5a-47b0-b79f-ca944253765e
2023-08-18 03:35:54,256 [s2@group-F015D9715A3D-StateMachineUpdater] TRACE util.FileUtils (FileUtils.java:deleteFully(217)) - deleteFully: /tmp/ratis-tests/statemachine/s2/tmp/264ea6e3-fe5a-47b0-b79f-ca944253765e does not exist.
2023-08-18 03:35:54,256 [s2@group-F015D9715A3D-StateMachineUpdater] TRACE util.FileUtils (LogUtils.java:runAndLog(49)) - Successfully ran Atomic Files.move /tmp/ratis-tests/statemachine/s2/tmp/264ea6e3-fe5a-47b0-b79f-ca944253765e to /tmp/ratis-tests/statemachine/s2/snapshot/1_255
2023-08-18 03:35:54,256 [s2@group-F015D9715A3D-StateMachineUpdater] INFO  impl.StateMachineUpdater (StateMachineUpdater.java:takeSnapshot(295)) - s2@group-F015D9715A3D-StateMachineUpdater: Took a snapshot at index 255
2023-08-18 03:35:54,256 [s2@group-F015D9715A3D-StateMachineUpdater] INFO  impl.StateMachineUpdater (StateMachineUpdater.java:lambda$new$0(98)) - s2@group-F015D9715A3D-StateMachineUpdater: snapshotIndex: updateIncreasingly 191 -> 255
2023-08-18 03:35:54,276 [Time-limited test] INFO  server.RaftServerConfigKeys (ConfUtils.java:logGet(46)) - raft.server.rpc.timeout.max = 300ms (default)
2023-08-18 03:35:54,276 [Time-limited test] INFO  impl.RaftServerTestUtil (RaftServerTestUtil.java:waitAndCheckNewConf(87)) - waitAndCheckNewConf: peers=[s1|rpc:0.0.0.0:37449|priority:0|startupRole:FOLLOWER, s2|rpc:0.0.0.0:45889|priority:0|startupRole:FOLLOWER, s0|rpc:localhost:39885|admin:localhost:37833|client:localhost:38819|dataStream:localhost:38673|priority:0|startupRole:FOLLOWER], deadPeers=null, printing ALL groups
  s0:  RUNNING    LEADER s0@group-F015D9715A3D:t1, leader=s0, voted=s0, raftlog=Memoized:s0@group-F015D9715A3D-SegmentedRaftLog:OPENED:c258, conf=257: peers:[s0|rpc:localhost:39885|admin:localhost:37833|client:localhost:38819|dataStream:localhost:38673|priority:0|startupRole:FOLLOWER, s1|rpc:0.0.0.0:37449|dataStream:|priority:0|startupRole:FOLLOWER, s2|rpc:0.0.0.0:45889|dataStream:|priority:0|startupRole:FOLLOWER]|listeners:[], old=null RUNNING
  s1:  RUNNING  FOLLOWER s1@group-F015D9715A3D:t1, leader=s0, voted=null, raftlog=Memoized:s1@group-F015D9715A3D-SegmentedRaftLog:OPENED:c-1, conf=0: peers:[s0|rpc:localhost:39885|admin:localhost:37833|client:localhost:38819|dataStream:localhost:38673|priority:0|startupRole:FOLLOWER]|listeners:[], old=null STARTING
  s2:  RUNNING  FOLLOWER s2@group-F015D9715A3D:t1, leader=s0, voted=null, raftlog=Memoized:s2@group-F015D9715A3D-SegmentedRaftLog:OPENED:c257, conf=257: peers:[s0|rpc:localhost:39885|admin:localhost:37833|client:localhost:38819|dataStream:localhost:38673|priority:0|startupRole:FOLLOWER, s1|rpc:0.0.0.0:37449|dataStream:|priority:0|startupRole:FOLLOWER, s2|rpc:0.0.0.0:45889|dataStream:|priority:0|startupRole:FOLLOWER]|listeners:[], old=null RUNNING
2023-08-18 03:35:54,276 [Time-limited test] INFO  impl.RaftServerTestUtil (RaftServerTestUtil.java:waitAndCheckNewConf(96)) - checking    LEADER s0@group-F015D9715A3D:t1, leader=s0, voted=s0, raftlog=Memoized:s0@group-F015D9715A3D-SegmentedRaftLog:OPENED:c258, conf=257: peers:[s0|rpc:localhost:39885|admin:localhost:37833|client:localhost:38819|dataStream:localhost:38673|priority:0|startupRole:FOLLOWER, s1|rpc:0.0.0.0:37449|dataStream:|priority:0|startupRole:FOLLOWER, s2|rpc:0.0.0.0:45889|dataStream:|priority:0|startupRole:FOLLOWER]|listeners:[], old=null RUNNING
2023-08-18 03:35:54,276 [Time-limited test] INFO  impl.RaftServerTestUtil (RaftServerTestUtil.java:waitAndCheckNewConf(96)) - checking  FOLLOWER s1@group-F015D9715A3D:t1, leader=s0, voted=null, raftlog=Memoized:s1@group-F015D9715A3D-SegmentedRaftLog:OPENED:c-1, conf=0: peers:[s0|rpc:localhost:39885|admin:localhost:37833|client:localhost:38819|dataStream:localhost:38673|priority:0|startupRole:FOLLOWER]|listeners:[], old=null STARTING
2023-08-18 03:35:54,277 [Time-limited test] WARN  impl.RaftServerTestUtil (JavaUtils.java:attempt(217)) - FAILED "waitAndCheckNewConf", attempt #1/10: java.lang.AssertionError, sleep 600ms and then retry.
java.lang.AssertionError
	at org.junit.Assert.fail(Assert.java:87)
	at org.junit.Assert.assertTrue(Assert.java:42)
	at org.junit.Assert.assertTrue(Assert.java:53)
	at org.apache.ratis.server.impl.RaftServerTestUtil.waitAndCheckNewConf(RaftServerTestUtil.java:107)
	at org.apache.ratis.server.impl.RaftServerTestUtil.lambda$waitAndCheckNewConf$3(RaftServerTestUtil.java:82)
	at org.apache.ratis.util.function.CheckedRunnable.lambda$asCheckedSupplier$0(CheckedRunnable.java:32)
	at org.apache.ratis.util.JavaUtils.attempt(JavaUtils.java:211)
	at org.apache.ratis.util.JavaUtils.attemptRepeatedly(JavaUtils.java:197)
	at org.apache.ratis.util.JavaUtils.attempt(JavaUtils.java:231)
	at org.apache.ratis.server.impl.RaftServerTestUtil.waitAndCheckNewConf(RaftServerTestUtil.java:82)
	at org.apache.ratis.InstallSnapshotFromLeaderTests.testMultiFileInstallSnapshot(InstallSnapshotFromLeaderTests.java:116)
	at org.apache.ratis.server.impl.MiniRaftCluster$Factory$Get.runWithNewCluster(MiniRaftCluster.java:141)
	at org.apache.ratis.server.impl.MiniRaftCluster$Factory$Get.runWithNewCluster(MiniRaftCluster.java:121)
	at org.apache.ratis.InstallSnapshotFromLeaderTests.testSeparateSnapshotInstallPath(InstallSnapshotFromLeaderTests.java:87)
	at java.base/jdk.internal.reflect.NativeMethodAccessorImpl.invoke0(Native Method)
	at java.base/jdk.internal.reflect.NativeMethodAccessorImpl.invoke(NativeMethodAccessorImpl.java:62)
	at java.base/jdk.internal.reflect.DelegatingMethodAccessorImpl.invoke(DelegatingMethodAccessorImpl.java:43)
	at java.base/java.lang.reflect.Method.invoke(Method.java:566)
	at org.junit.runners.model.FrameworkMethod$1.runReflectiveCall(FrameworkMethod.java:59)
	at org.junit.internal.runners.model.ReflectiveCallable.run(ReflectiveCallable.java:12)
	at org.junit.runners.model.FrameworkMethod.invokeExplosively(FrameworkMethod.java:56)
	at org.junit.internal.runners.statements.InvokeMethod.evaluate(InvokeMethod.java:17)
	at org.junit.internal.runners.statements.RunAfters.evaluate(RunAfters.java:27)
	at org.junit.internal.runners.statements.FailOnTimeout$CallableStatement.call(FailOnTimeout.java:299)
	at org.junit.internal.runners.statements.FailOnTimeout$CallableStatement.call(FailOnTimeout.java:293)
	at java.base/java.util.concurrent.FutureTask.run(FutureTask.java:264)
	at java.base/java.lang.Thread.run(Thread.java:829)
2023-08-18 03:35:54,877 [Time-limited test] INFO  impl.RaftServerTestUtil (RaftServerTestUtil.java:waitAndCheckNewConf(87)) - waitAndCheckNewConf: peers=[s1|rpc:0.0.0.0:37449|priority:0|startupRole:FOLLOWER, s2|rpc:0.0.0.0:45889|priority:0|startupRole:FOLLOWER, s0|rpc:localhost:39885|admin:localhost:37833|client:localhost:38819|dataStream:localhost:38673|priority:0|startupRole:FOLLOWER], deadPeers=null, printing ALL groups
  s0:  RUNNING    LEADER s0@group-F015D9715A3D:t1, leader=s0, voted=s0, raftlog=Memoized:s0@group-F015D9715A3D-SegmentedRaftLog:OPENED:c258, conf=257: peers:[s0|rpc:localhost:39885|admin:localhost:37833|client:localhost:38819|dataStream:localhost:38673|priority:0|startupRole:FOLLOWER, s1|rpc:0.0.0.0:37449|dataStream:|priority:0|startupRole:FOLLOWER, s2|rpc:0.0.0.0:45889|dataStream:|priority:0|startupRole:FOLLOWER]|listeners:[], old=null RUNNING
  s1:  RUNNING  FOLLOWER s1@group-F015D9715A3D:t1, leader=s0, voted=null, raftlog=Memoized:s1@group-F015D9715A3D-SegmentedRaftLog:OPENED:c-1, conf=0: peers:[s0|rpc:localhost:39885|admin:localhost:37833|client:localhost:38819|dataStream:localhost:38673|priority:0|startupRole:FOLLOWER]|listeners:[], old=null STARTING
  s2:  RUNNING  FOLLOWER s2@group-F015D9715A3D:t1, leader=s0, voted=null, raftlog=Memoized:s2@group-F015D9715A3D-SegmentedRaftLog:OPENED:c258, conf=257: peers:[s0|rpc:localhost:39885|admin:localhost:37833|client:localhost:38819|dataStream:localhost:38673|priority:0|startupRole:FOLLOWER, s1|rpc:0.0.0.0:37449|dataStream:|priority:0|startupRole:FOLLOWER, s2|rpc:0.0.0.0:45889|dataStream:|priority:0|startupRole:FOLLOWER]|listeners:[], old=null RUNNING
2023-08-18 03:35:54,877 [Time-limited test] INFO  impl.RaftServerTestUtil (RaftServerTestUtil.java:waitAndCheckNewConf(96)) - checking    LEADER s0@group-F015D9715A3D:t1, leader=s0, voted=s0, raftlog=Memoized:s0@group-F015D9715A3D-SegmentedRaftLog:OPENED:c258, conf=257: peers:[s0|rpc:localhost:39885|admin:localhost:37833|client:localhost:38819|dataStream:localhost:38673|priority:0|startupRole:FOLLOWER, s1|rpc:0.0.0.0:37449|dataStream:|priority:0|startupRole:FOLLOWER, s2|rpc:0.0.0.0:45889|dataStream:|priority:0|startupRole:FOLLOWER]|listeners:[], old=null RUNNING
2023-08-18 03:35:54,877 [Time-limited test] INFO  impl.RaftServerTestUtil (RaftServerTestUtil.java:waitAndCheckNewConf(96)) - checking  FOLLOWER s1@group-F015D9715A3D:t1, leader=s0, voted=null, raftlog=Memoized:s1@group-F015D9715A3D-SegmentedRaftLog:OPENED:c-1, conf=0: peers:[s0|rpc:localhost:39885|admin:localhost:37833|client:localhost:38819|dataStream:localhost:38673|priority:0|startupRole:FOLLOWER]|listeners:[], old=null STARTING
2023-08-18 03:35:54,878 [Time-limited test] WARN  impl.RaftServerTestUtil (JavaUtils.java:attempt(217)) - FAILED "waitAndCheckNewConf", attempt #2/10: java.lang.AssertionError, sleep 600ms and then retry.
java.lang.AssertionError
	at org.junit.Assert.fail(Assert.java:87)
	at org.junit.Assert.assertTrue(Assert.java:42)
	at org.junit.Assert.assertTrue(Assert.java:53)
	at org.apache.ratis.server.impl.RaftServerTestUtil.waitAndCheckNewConf(RaftServerTestUtil.java:107)
	at org.apache.ratis.server.impl.RaftServerTestUtil.lambda$waitAndCheckNewConf$3(RaftServerTestUtil.java:82)
	at org.apache.ratis.util.function.CheckedRunnable.lambda$asCheckedSupplier$0(CheckedRunnable.java:32)
	at org.apache.ratis.util.JavaUtils.attempt(JavaUtils.java:211)
	at org.apache.ratis.util.JavaUtils.attemptRepeatedly(JavaUtils.java:197)
	at org.apache.ratis.util.JavaUtils.attempt(JavaUtils.java:231)
	at org.apache.ratis.server.impl.RaftServerTestUtil.waitAndCheckNewConf(RaftServerTestUtil.java:82)
	at org.apache.ratis.InstallSnapshotFromLeaderTests.testMultiFileInstallSnapshot(InstallSnapshotFromLeaderTests.java:116)
	at org.apache.ratis.server.impl.MiniRaftCluster$Factory$Get.runWithNewCluster(MiniRaftCluster.java:141)
	at org.apache.ratis.server.impl.MiniRaftCluster$Factory$Get.runWithNewCluster(MiniRaftCluster.java:121)
	at org.apache.ratis.InstallSnapshotFromLeaderTests.testSeparateSnapshotInstallPath(InstallSnapshotFromLeaderTests.java:87)
	at java.base/jdk.internal.reflect.NativeMethodAccessorImpl.invoke0(Native Method)
	at java.base/jdk.internal.reflect.NativeMethodAccessorImpl.invoke(NativeMethodAccessorImpl.java:62)
	at java.base/jdk.internal.reflect.DelegatingMethodAccessorImpl.invoke(DelegatingMethodAccessorImpl.java:43)
	at java.base/java.lang.reflect.Method.invoke(Method.java:566)
	at org.junit.runners.model.FrameworkMethod$1.runReflectiveCall(FrameworkMethod.java:59)
	at org.junit.internal.runners.model.ReflectiveCallable.run(ReflectiveCallable.java:12)
	at org.junit.runners.model.FrameworkMethod.invokeExplosively(FrameworkMethod.java:56)
	at org.junit.internal.runners.statements.InvokeMethod.evaluate(InvokeMethod.java:17)
	at org.junit.internal.runners.statements.RunAfters.evaluate(RunAfters.java:27)
	at org.junit.internal.runners.statements.FailOnTimeout$CallableStatement.call(FailOnTimeout.java:299)
	at org.junit.internal.runners.statements.FailOnTimeout$CallableStatement.call(FailOnTimeout.java:293)
	at java.base/java.util.concurrent.FutureTask.run(FutureTask.java:264)
	at java.base/java.lang.Thread.run(Thread.java:829)
2023-08-18 03:35:55,478 [Time-limited test] INFO  impl.RaftServerTestUtil (RaftServerTestUtil.java:waitAndCheckNewConf(87)) - waitAndCheckNewConf: peers=[s1|rpc:0.0.0.0:37449|priority:0|startupRole:FOLLOWER, s2|rpc:0.0.0.0:45889|priority:0|startupRole:FOLLOWER, s0|rpc:localhost:39885|admin:localhost:37833|client:localhost:38819|dataStream:localhost:38673|priority:0|startupRole:FOLLOWER], deadPeers=null, printing ALL groups
  s0:  RUNNING    LEADER s0@group-F015D9715A3D:t1, leader=s0, voted=s0, raftlog=Memoized:s0@group-F015D9715A3D-SegmentedRaftLog:OPENED:c258, conf=257: peers:[s0|rpc:localhost:39885|admin:localhost:37833|client:localhost:38819|dataStream:localhost:38673|priority:0|startupRole:FOLLOWER, s1|rpc:0.0.0.0:37449|dataStream:|priority:0|startupRole:FOLLOWER, s2|rpc:0.0.0.0:45889|dataStream:|priority:0|startupRole:FOLLOWER]|listeners:[], old=null RUNNING
  s1:  RUNNING  FOLLOWER s1@group-F015D9715A3D:t1, leader=s0, voted=null, raftlog=Memoized:s1@group-F015D9715A3D-SegmentedRaftLog:OPENED:c-1, conf=0: peers:[s0|rpc:localhost:39885|admin:localhost:37833|client:localhost:38819|dataStream:localhost:38673|priority:0|startupRole:FOLLOWER]|listeners:[], old=null STARTING
  s2:  RUNNING  FOLLOWER s2@group-F015D9715A3D:t1, leader=s0, voted=null, raftlog=Memoized:s2@group-F015D9715A3D-SegmentedRaftLog:OPENED:c258, conf=257: peers:[s0|rpc:localhost:39885|admin:localhost:37833|client:localhost:38819|dataStream:localhost:38673|priority:0|startupRole:FOLLOWER, s1|rpc:0.0.0.0:37449|dataStream:|priority:0|startupRole:FOLLOWER, s2|rpc:0.0.0.0:45889|dataStream:|priority:0|startupRole:FOLLOWER]|listeners:[], old=null RUNNING
2023-08-18 03:35:55,478 [Time-limited test] INFO  impl.RaftServerTestUtil (RaftServerTestUtil.java:waitAndCheckNewConf(96)) - checking    LEADER s0@group-F015D9715A3D:t1, leader=s0, voted=s0, raftlog=Memoized:s0@group-F015D9715A3D-SegmentedRaftLog:OPENED:c258, conf=257: peers:[s0|rpc:localhost:39885|admin:localhost:37833|client:localhost:38819|dataStream:localhost:38673|priority:0|startupRole:FOLLOWER, s1|rpc:0.0.0.0:37449|dataStream:|priority:0|startupRole:FOLLOWER, s2|rpc:0.0.0.0:45889|dataStream:|priority:0|startupRole:FOLLOWER]|listeners:[], old=null RUNNING
2023-08-18 03:35:55,478 [Time-limited test] INFO  impl.RaftServerTestUtil (RaftServerTestUtil.java:waitAndCheckNewConf(96)) - checking  FOLLOWER s1@group-F015D9715A3D:t1, leader=s0, voted=null, raftlog=Memoized:s1@group-F015D9715A3D-SegmentedRaftLog:OPENED:c-1, conf=0: peers:[s0|rpc:localhost:39885|admin:localhost:37833|client:localhost:38819|dataStream:localhost:38673|priority:0|startupRole:FOLLOWER]|listeners:[], old=null STARTING
2023-08-18 03:35:55,479 [Time-limited test] WARN  impl.RaftServerTestUtil (JavaUtils.java:attempt(217)) - FAILED "waitAndCheckNewConf", attempt #3/10: java.lang.AssertionError, sleep 600ms and then retry.
java.lang.AssertionError
	at org.junit.Assert.fail(Assert.java:87)
	at org.junit.Assert.assertTrue(Assert.java:42)
	at org.junit.Assert.assertTrue(Assert.java:53)
	at org.apache.ratis.server.impl.RaftServerTestUtil.waitAndCheckNewConf(RaftServerTestUtil.java:107)
	at org.apache.ratis.server.impl.RaftServerTestUtil.lambda$waitAndCheckNewConf$3(RaftServerTestUtil.java:82)
	at org.apache.ratis.util.function.CheckedRunnable.lambda$asCheckedSupplier$0(CheckedRunnable.java:32)
	at org.apache.ratis.util.JavaUtils.attempt(JavaUtils.java:211)
	at org.apache.ratis.util.JavaUtils.attemptRepeatedly(JavaUtils.java:197)
	at org.apache.ratis.util.JavaUtils.attempt(JavaUtils.java:231)
	at org.apache.ratis.server.impl.RaftServerTestUtil.waitAndCheckNewConf(RaftServerTestUtil.java:82)
	at org.apache.ratis.InstallSnapshotFromLeaderTests.testMultiFileInstallSnapshot(InstallSnapshotFromLeaderTests.java:116)
	at org.apache.ratis.server.impl.MiniRaftCluster$Factory$Get.runWithNewCluster(MiniRaftCluster.java:141)
	at org.apache.ratis.server.impl.MiniRaftCluster$Factory$Get.runWithNewCluster(MiniRaftCluster.java:121)
	at org.apache.ratis.InstallSnapshotFromLeaderTests.testSeparateSnapshotInstallPath(InstallSnapshotFromLeaderTests.java:87)
	at java.base/jdk.internal.reflect.NativeMethodAccessorImpl.invoke0(Native Method)
	at java.base/jdk.internal.reflect.NativeMethodAccessorImpl.invoke(NativeMethodAccessorImpl.java:62)
	at java.base/jdk.internal.reflect.DelegatingMethodAccessorImpl.invoke(DelegatingMethodAccessorImpl.java:43)
	at java.base/java.lang.reflect.Method.invoke(Method.java:566)
	at org.junit.runners.model.FrameworkMethod$1.runReflectiveCall(FrameworkMethod.java:59)
	at org.junit.internal.runners.model.ReflectiveCallable.run(ReflectiveCallable.java:12)
	at org.junit.runners.model.FrameworkMethod.invokeExplosively(FrameworkMethod.java:56)
	at org.junit.internal.runners.statements.InvokeMethod.evaluate(InvokeMethod.java:17)
	at org.junit.internal.runners.statements.RunAfters.evaluate(RunAfters.java:27)
	at org.junit.internal.runners.statements.FailOnTimeout$CallableStatement.call(FailOnTimeout.java:299)
	at org.junit.internal.runners.statements.FailOnTimeout$CallableStatement.call(FailOnTimeout.java:293)
	at java.base/java.util.concurrent.FutureTask.run(FutureTask.java:264)
	at java.base/java.lang.Thread.run(Thread.java:829)
2023-08-18 03:35:56,079 [Time-limited test] INFO  impl.RaftServerTestUtil (RaftServerTestUtil.java:waitAndCheckNewConf(87)) - waitAndCheckNewConf: peers=[s1|rpc:0.0.0.0:37449|priority:0|startupRole:FOLLOWER, s2|rpc:0.0.0.0:45889|priority:0|startupRole:FOLLOWER, s0|rpc:localhost:39885|admin:localhost:37833|client:localhost:38819|dataStream:localhost:38673|priority:0|startupRole:FOLLOWER], deadPeers=null, printing ALL groups
  s0:  RUNNING    LEADER s0@group-F015D9715A3D:t1, leader=s0, voted=s0, raftlog=Memoized:s0@group-F015D9715A3D-SegmentedRaftLog:OPENED:c258, conf=257: peers:[s0|rpc:localhost:39885|admin:localhost:37833|client:localhost:38819|dataStream:localhost:38673|priority:0|startupRole:FOLLOWER, s1|rpc:0.0.0.0:37449|dataStream:|priority:0|startupRole:FOLLOWER, s2|rpc:0.0.0.0:45889|dataStream:|priority:0|startupRole:FOLLOWER]|listeners:[], old=null RUNNING
  s1:  RUNNING  FOLLOWER s1@group-F015D9715A3D:t1, leader=s0, voted=null, raftlog=Memoized:s1@group-F015D9715A3D-SegmentedRaftLog:OPENED:c-1, conf=0: peers:[s0|rpc:localhost:39885|admin:localhost:37833|client:localhost:38819|dataStream:localhost:38673|priority:0|startupRole:FOLLOWER]|listeners:[], old=null STARTING
  s2:  RUNNING  FOLLOWER s2@group-F015D9715A3D:t1, leader=s0, voted=null, raftlog=Memoized:s2@group-F015D9715A3D-SegmentedRaftLog:OPENED:c258, conf=257: peers:[s0|rpc:localhost:39885|admin:localhost:37833|client:localhost:38819|dataStream:localhost:38673|priority:0|startupRole:FOLLOWER, s1|rpc:0.0.0.0:37449|dataStream:|priority:0|startupRole:FOLLOWER, s2|rpc:0.0.0.0:45889|dataStream:|priority:0|startupRole:FOLLOWER]|listeners:[], old=null RUNNING
2023-08-18 03:35:56,079 [Time-limited test] INFO  impl.RaftServerTestUtil (RaftServerTestUtil.java:waitAndCheckNewConf(96)) - checking    LEADER s0@group-F015D9715A3D:t1, leader=s0, voted=s0, raftlog=Memoized:s0@group-F015D9715A3D-SegmentedRaftLog:OPENED:c258, conf=257: peers:[s0|rpc:localhost:39885|admin:localhost:37833|client:localhost:38819|dataStream:localhost:38673|priority:0|startupRole:FOLLOWER, s1|rpc:0.0.0.0:37449|dataStream:|priority:0|startupRole:FOLLOWER, s2|rpc:0.0.0.0:45889|dataStream:|priority:0|startupRole:FOLLOWER]|listeners:[], old=null RUNNING
2023-08-18 03:35:56,080 [Time-limited test] INFO  impl.RaftServerTestUtil (RaftServerTestUtil.java:waitAndCheckNewConf(96)) - checking  FOLLOWER s1@group-F015D9715A3D:t1, leader=s0, voted=null, raftlog=Memoized:s1@group-F015D9715A3D-SegmentedRaftLog:OPENED:c-1, conf=0: peers:[s0|rpc:localhost:39885|admin:localhost:37833|client:localhost:38819|dataStream:localhost:38673|priority:0|startupRole:FOLLOWER]|listeners:[], old=null STARTING
2023-08-18 03:35:56,080 [Time-limited test] WARN  impl.RaftServerTestUtil (JavaUtils.java:attempt(217)) - FAILED "waitAndCheckNewConf", attempt #4/10: java.lang.AssertionError, sleep 600ms and then retry.
java.lang.AssertionError
	at org.junit.Assert.fail(Assert.java:87)
	at org.junit.Assert.assertTrue(Assert.java:42)
	at org.junit.Assert.assertTrue(Assert.java:53)
	at org.apache.ratis.server.impl.RaftServerTestUtil.waitAndCheckNewConf(RaftServerTestUtil.java:107)
	at org.apache.ratis.server.impl.RaftServerTestUtil.lambda$waitAndCheckNewConf$3(RaftServerTestUtil.java:82)
	at org.apache.ratis.util.function.CheckedRunnable.lambda$asCheckedSupplier$0(CheckedRunnable.java:32)
	at org.apache.ratis.util.JavaUtils.attempt(JavaUtils.java:211)
	at org.apache.ratis.util.JavaUtils.attemptRepeatedly(JavaUtils.java:197)
	at org.apache.ratis.util.JavaUtils.attempt(JavaUtils.java:231)
	at org.apache.ratis.server.impl.RaftServerTestUtil.waitAndCheckNewConf(RaftServerTestUtil.java:82)
	at org.apache.ratis.InstallSnapshotFromLeaderTests.testMultiFileInstallSnapshot(InstallSnapshotFromLeaderTests.java:116)
	at org.apache.ratis.server.impl.MiniRaftCluster$Factory$Get.runWithNewCluster(MiniRaftCluster.java:141)
	at org.apache.ratis.server.impl.MiniRaftCluster$Factory$Get.runWithNewCluster(MiniRaftCluster.java:121)
	at org.apache.ratis.InstallSnapshotFromLeaderTests.testSeparateSnapshotInstallPath(InstallSnapshotFromLeaderTests.java:87)
	at java.base/jdk.internal.reflect.NativeMethodAccessorImpl.invoke0(Native Method)
	at java.base/jdk.internal.reflect.NativeMethodAccessorImpl.invoke(NativeMethodAccessorImpl.java:62)
	at java.base/jdk.internal.reflect.DelegatingMethodAccessorImpl.invoke(DelegatingMethodAccessorImpl.java:43)
	at java.base/java.lang.reflect.Method.invoke(Method.java:566)
	at org.junit.runners.model.FrameworkMethod$1.runReflectiveCall(FrameworkMethod.java:59)
	at org.junit.internal.runners.model.ReflectiveCallable.run(ReflectiveCallable.java:12)
	at org.junit.runners.model.FrameworkMethod.invokeExplosively(FrameworkMethod.java:56)
	at org.junit.internal.runners.statements.InvokeMethod.evaluate(InvokeMethod.java:17)
	at org.junit.internal.runners.statements.RunAfters.evaluate(RunAfters.java:27)
	at org.junit.internal.runners.statements.FailOnTimeout$CallableStatement.call(FailOnTimeout.java:299)
	at org.junit.internal.runners.statements.FailOnTimeout$CallableStatement.call(FailOnTimeout.java:293)
	at java.base/java.util.concurrent.FutureTask.run(FutureTask.java:264)
	at java.base/java.lang.Thread.run(Thread.java:829)
2023-08-18 03:35:56,680 [Time-limited test] INFO  impl.RaftServerTestUtil (RaftServerTestUtil.java:waitAndCheckNewConf(87)) - waitAndCheckNewConf: peers=[s1|rpc:0.0.0.0:37449|priority:0|startupRole:FOLLOWER, s2|rpc:0.0.0.0:45889|priority:0|startupRole:FOLLOWER, s0|rpc:localhost:39885|admin:localhost:37833|client:localhost:38819|dataStream:localhost:38673|priority:0|startupRole:FOLLOWER], deadPeers=null, printing ALL groups
  s0:  RUNNING    LEADER s0@group-F015D9715A3D:t1, leader=s0, voted=s0, raftlog=Memoized:s0@group-F015D9715A3D-SegmentedRaftLog:OPENED:c258, conf=257: peers:[s0|rpc:localhost:39885|admin:localhost:37833|client:localhost:38819|dataStream:localhost:38673|priority:0|startupRole:FOLLOWER, s1|rpc:0.0.0.0:37449|dataStream:|priority:0|startupRole:FOLLOWER, s2|rpc:0.0.0.0:45889|dataStream:|priority:0|startupRole:FOLLOWER]|listeners:[], old=null RUNNING
  s1:  RUNNING  FOLLOWER s1@group-F015D9715A3D:t1, leader=s0, voted=null, raftlog=Memoized:s1@group-F015D9715A3D-SegmentedRaftLog:OPENED:c-1, conf=0: peers:[s0|rpc:localhost:39885|admin:localhost:37833|client:localhost:38819|dataStream:localhost:38673|priority:0|startupRole:FOLLOWER]|listeners:[], old=null STARTING
  s2:  RUNNING  FOLLOWER s2@group-F015D9715A3D:t1, leader=s0, voted=null, raftlog=Memoized:s2@group-F015D9715A3D-SegmentedRaftLog:OPENED:c258, conf=257: peers:[s0|rpc:localhost:39885|admin:localhost:37833|client:localhost:38819|dataStream:localhost:38673|priority:0|startupRole:FOLLOWER, s1|rpc:0.0.0.0:37449|dataStream:|priority:0|startupRole:FOLLOWER, s2|rpc:0.0.0.0:45889|dataStream:|priority:0|startupRole:FOLLOWER]|listeners:[], old=null RUNNING
2023-08-18 03:35:56,680 [Time-limited test] INFO  impl.RaftServerTestUtil (RaftServerTestUtil.java:waitAndCheckNewConf(96)) - checking    LEADER s0@group-F015D9715A3D:t1, leader=s0, voted=s0, raftlog=Memoized:s0@group-F015D9715A3D-SegmentedRaftLog:OPENED:c258, conf=257: peers:[s0|rpc:localhost:39885|admin:localhost:37833|client:localhost:38819|dataStream:localhost:38673|priority:0|startupRole:FOLLOWER, s1|rpc:0.0.0.0:37449|dataStream:|priority:0|startupRole:FOLLOWER, s2|rpc:0.0.0.0:45889|dataStream:|priority:0|startupRole:FOLLOWER]|listeners:[], old=null RUNNING
2023-08-18 03:35:56,680 [Time-limited test] INFO  impl.RaftServerTestUtil (RaftServerTestUtil.java:waitAndCheckNewConf(96)) - checking  FOLLOWER s1@group-F015D9715A3D:t1, leader=s0, voted=null, raftlog=Memoized:s1@group-F015D9715A3D-SegmentedRaftLog:OPENED:c-1, conf=0: peers:[s0|rpc:localhost:39885|admin:localhost:37833|client:localhost:38819|dataStream:localhost:38673|priority:0|startupRole:FOLLOWER]|listeners:[], old=null STARTING
2023-08-18 03:35:56,680 [Time-limited test] WARN  impl.RaftServerTestUtil (JavaUtils.java:attempt(217)) - FAILED "waitAndCheckNewConf", attempt #5/10: java.lang.AssertionError, sleep 600ms and then retry.
java.lang.AssertionError
	at org.junit.Assert.fail(Assert.java:87)
	at org.junit.Assert.assertTrue(Assert.java:42)
	at org.junit.Assert.assertTrue(Assert.java:53)
	at org.apache.ratis.server.impl.RaftServerTestUtil.waitAndCheckNewConf(RaftServerTestUtil.java:107)
	at org.apache.ratis.server.impl.RaftServerTestUtil.lambda$waitAndCheckNewConf$3(RaftServerTestUtil.java:82)
	at org.apache.ratis.util.function.CheckedRunnable.lambda$asCheckedSupplier$0(CheckedRunnable.java:32)
	at org.apache.ratis.util.JavaUtils.attempt(JavaUtils.java:211)
	at org.apache.ratis.util.JavaUtils.attemptRepeatedly(JavaUtils.java:197)
	at org.apache.ratis.util.JavaUtils.attempt(JavaUtils.java:231)
	at org.apache.ratis.server.impl.RaftServerTestUtil.waitAndCheckNewConf(RaftServerTestUtil.java:82)
	at org.apache.ratis.InstallSnapshotFromLeaderTests.testMultiFileInstallSnapshot(InstallSnapshotFromLeaderTests.java:116)
	at org.apache.ratis.server.impl.MiniRaftCluster$Factory$Get.runWithNewCluster(MiniRaftCluster.java:141)
	at org.apache.ratis.server.impl.MiniRaftCluster$Factory$Get.runWithNewCluster(MiniRaftCluster.java:121)
	at org.apache.ratis.InstallSnapshotFromLeaderTests.testSeparateSnapshotInstallPath(InstallSnapshotFromLeaderTests.java:87)
	at java.base/jdk.internal.reflect.NativeMethodAccessorImpl.invoke0(Native Method)
	at java.base/jdk.internal.reflect.NativeMethodAccessorImpl.invoke(NativeMethodAccessorImpl.java:62)
	at java.base/jdk.internal.reflect.DelegatingMethodAccessorImpl.invoke(DelegatingMethodAccessorImpl.java:43)
	at java.base/java.lang.reflect.Method.invoke(Method.java:566)
	at org.junit.runners.model.FrameworkMethod$1.runReflectiveCall(FrameworkMethod.java:59)
	at org.junit.internal.runners.model.ReflectiveCallable.run(ReflectiveCallable.java:12)
	at org.junit.runners.model.FrameworkMethod.invokeExplosively(FrameworkMethod.java:56)
	at org.junit.internal.runners.statements.InvokeMethod.evaluate(InvokeMethod.java:17)
	at org.junit.internal.runners.statements.RunAfters.evaluate(RunAfters.java:27)
	at org.junit.internal.runners.statements.FailOnTimeout$CallableStatement.call(FailOnTimeout.java:299)
	at org.junit.internal.runners.statements.FailOnTimeout$CallableStatement.call(FailOnTimeout.java:293)
	at java.base/java.util.concurrent.FutureTask.run(FutureTask.java:264)
	at java.base/java.lang.Thread.run(Thread.java:829)
2023-08-18 03:35:57,281 [Time-limited test] INFO  impl.RaftServerTestUtil (RaftServerTestUtil.java:waitAndCheckNewConf(87)) - waitAndCheckNewConf: peers=[s1|rpc:0.0.0.0:37449|priority:0|startupRole:FOLLOWER, s2|rpc:0.0.0.0:45889|priority:0|startupRole:FOLLOWER, s0|rpc:localhost:39885|admin:localhost:37833|client:localhost:38819|dataStream:localhost:38673|priority:0|startupRole:FOLLOWER], deadPeers=null, printing ALL groups
  s0:  RUNNING    LEADER s0@group-F015D9715A3D:t1, leader=s0, voted=s0, raftlog=Memoized:s0@group-F015D9715A3D-SegmentedRaftLog:OPENED:c258, conf=257: peers:[s0|rpc:localhost:39885|admin:localhost:37833|client:localhost:38819|dataStream:localhost:38673|priority:0|startupRole:FOLLOWER, s1|rpc:0.0.0.0:37449|dataStream:|priority:0|startupRole:FOLLOWER, s2|rpc:0.0.0.0:45889|dataStream:|priority:0|startupRole:FOLLOWER]|listeners:[], old=null RUNNING
  s1:  RUNNING  FOLLOWER s1@group-F015D9715A3D:t1, leader=s0, voted=null, raftlog=Memoized:s1@group-F015D9715A3D-SegmentedRaftLog:OPENED:c-1, conf=0: peers:[s0|rpc:localhost:39885|admin:localhost:37833|client:localhost:38819|dataStream:localhost:38673|priority:0|startupRole:FOLLOWER]|listeners:[], old=null STARTING
  s2:  RUNNING  FOLLOWER s2@group-F015D9715A3D:t1, leader=s0, voted=null, raftlog=Memoized:s2@group-F015D9715A3D-SegmentedRaftLog:OPENED:c258, conf=257: peers:[s0|rpc:localhost:39885|admin:localhost:37833|client:localhost:38819|dataStream:localhost:38673|priority:0|startupRole:FOLLOWER, s1|rpc:0.0.0.0:37449|dataStream:|priority:0|startupRole:FOLLOWER, s2|rpc:0.0.0.0:45889|dataStream:|priority:0|startupRole:FOLLOWER]|listeners:[], old=null RUNNING
2023-08-18 03:35:57,281 [Time-limited test] INFO  impl.RaftServerTestUtil (RaftServerTestUtil.java:waitAndCheckNewConf(96)) - checking    LEADER s0@group-F015D9715A3D:t1, leader=s0, voted=s0, raftlog=Memoized:s0@group-F015D9715A3D-SegmentedRaftLog:OPENED:c258, conf=257: peers:[s0|rpc:localhost:39885|admin:localhost:37833|client:localhost:38819|dataStream:localhost:38673|priority:0|startupRole:FOLLOWER, s1|rpc:0.0.0.0:37449|dataStream:|priority:0|startupRole:FOLLOWER, s2|rpc:0.0.0.0:45889|dataStream:|priority:0|startupRole:FOLLOWER]|listeners:[], old=null RUNNING
2023-08-18 03:35:57,282 [Time-limited test] INFO  impl.RaftServerTestUtil (RaftServerTestUtil.java:waitAndCheckNewConf(96)) - checking  FOLLOWER s1@group-F015D9715A3D:t1, leader=s0, voted=null, raftlog=Memoized:s1@group-F015D9715A3D-SegmentedRaftLog:OPENED:c-1, conf=0: peers:[s0|rpc:localhost:39885|admin:localhost:37833|client:localhost:38819|dataStream:localhost:38673|priority:0|startupRole:FOLLOWER]|listeners:[], old=null STARTING
2023-08-18 03:35:57,282 [Time-limited test] WARN  impl.RaftServerTestUtil (JavaUtils.java:attempt(217)) - FAILED "waitAndCheckNewConf", attempt #6/10: java.lang.AssertionError, sleep 600ms and then retry.
java.lang.AssertionError
	at org.junit.Assert.fail(Assert.java:87)
	at org.junit.Assert.assertTrue(Assert.java:42)
	at org.junit.Assert.assertTrue(Assert.java:53)
	at org.apache.ratis.server.impl.RaftServerTestUtil.waitAndCheckNewConf(RaftServerTestUtil.java:107)
	at org.apache.ratis.server.impl.RaftServerTestUtil.lambda$waitAndCheckNewConf$3(RaftServerTestUtil.java:82)
	at org.apache.ratis.util.function.CheckedRunnable.lambda$asCheckedSupplier$0(CheckedRunnable.java:32)
	at org.apache.ratis.util.JavaUtils.attempt(JavaUtils.java:211)
	at org.apache.ratis.util.JavaUtils.attemptRepeatedly(JavaUtils.java:197)
	at org.apache.ratis.util.JavaUtils.attempt(JavaUtils.java:231)
	at org.apache.ratis.server.impl.RaftServerTestUtil.waitAndCheckNewConf(RaftServerTestUtil.java:82)
	at org.apache.ratis.InstallSnapshotFromLeaderTests.testMultiFileInstallSnapshot(InstallSnapshotFromLeaderTests.java:116)
	at org.apache.ratis.server.impl.MiniRaftCluster$Factory$Get.runWithNewCluster(MiniRaftCluster.java:141)
	at org.apache.ratis.server.impl.MiniRaftCluster$Factory$Get.runWithNewCluster(MiniRaftCluster.java:121)
	at org.apache.ratis.InstallSnapshotFromLeaderTests.testSeparateSnapshotInstallPath(InstallSnapshotFromLeaderTests.java:87)
	at java.base/jdk.internal.reflect.NativeMethodAccessorImpl.invoke0(Native Method)
	at java.base/jdk.internal.reflect.NativeMethodAccessorImpl.invoke(NativeMethodAccessorImpl.java:62)
	at java.base/jdk.internal.reflect.DelegatingMethodAccessorImpl.invoke(DelegatingMethodAccessorImpl.java:43)
	at java.base/java.lang.reflect.Method.invoke(Method.java:566)
	at org.junit.runners.model.FrameworkMethod$1.runReflectiveCall(FrameworkMethod.java:59)
	at org.junit.internal.runners.model.ReflectiveCallable.run(ReflectiveCallable.java:12)
	at org.junit.runners.model.FrameworkMethod.invokeExplosively(FrameworkMethod.java:56)
	at org.junit.internal.runners.statements.InvokeMethod.evaluate(InvokeMethod.java:17)
	at org.junit.internal.runners.statements.RunAfters.evaluate(RunAfters.java:27)
	at org.junit.internal.runners.statements.FailOnTimeout$CallableStatement.call(FailOnTimeout.java:299)
	at org.junit.internal.runners.statements.FailOnTimeout$CallableStatement.call(FailOnTimeout.java:293)
	at java.base/java.util.concurrent.FutureTask.run(FutureTask.java:264)
	at java.base/java.lang.Thread.run(Thread.java:829)
2023-08-18 03:35:57,882 [Time-limited test] INFO  impl.RaftServerTestUtil (RaftServerTestUtil.java:waitAndCheckNewConf(87)) - waitAndCheckNewConf: peers=[s1|rpc:0.0.0.0:37449|priority:0|startupRole:FOLLOWER, s2|rpc:0.0.0.0:45889|priority:0|startupRole:FOLLOWER, s0|rpc:localhost:39885|admin:localhost:37833|client:localhost:38819|dataStream:localhost:38673|priority:0|startupRole:FOLLOWER], deadPeers=null, printing ALL groups
  s0:  RUNNING    LEADER s0@group-F015D9715A3D:t1, leader=s0, voted=s0, raftlog=Memoized:s0@group-F015D9715A3D-SegmentedRaftLog:OPENED:c258, conf=257: peers:[s0|rpc:localhost:39885|admin:localhost:37833|client:localhost:38819|dataStream:localhost:38673|priority:0|startupRole:FOLLOWER, s1|rpc:0.0.0.0:37449|dataStream:|priority:0|startupRole:FOLLOWER, s2|rpc:0.0.0.0:45889|dataStream:|priority:0|startupRole:FOLLOWER]|listeners:[], old=null RUNNING
  s1:  RUNNING  FOLLOWER s1@group-F015D9715A3D:t1, leader=s0, voted=null, raftlog=Memoized:s1@group-F015D9715A3D-SegmentedRaftLog:OPENED:c-1, conf=0: peers:[s0|rpc:localhost:39885|admin:localhost:37833|client:localhost:38819|dataStream:localhost:38673|priority:0|startupRole:FOLLOWER]|listeners:[], old=null STARTING
  s2:  RUNNING  FOLLOWER s2@group-F015D9715A3D:t1, leader=s0, voted=null, raftlog=Memoized:s2@group-F015D9715A3D-SegmentedRaftLog:OPENED:c258, conf=257: peers:[s0|rpc:localhost:39885|admin:localhost:37833|client:localhost:38819|dataStream:localhost:38673|priority:0|startupRole:FOLLOWER, s1|rpc:0.0.0.0:37449|dataStream:|priority:0|startupRole:FOLLOWER, s2|rpc:0.0.0.0:45889|dataStream:|priority:0|startupRole:FOLLOWER]|listeners:[], old=null RUNNING
2023-08-18 03:35:57,882 [Time-limited test] INFO  impl.RaftServerTestUtil (RaftServerTestUtil.java:waitAndCheckNewConf(96)) - checking    LEADER s0@group-F015D9715A3D:t1, leader=s0, voted=s0, raftlog=Memoized:s0@group-F015D9715A3D-SegmentedRaftLog:OPENED:c258, conf=257: peers:[s0|rpc:localhost:39885|admin:localhost:37833|client:localhost:38819|dataStream:localhost:38673|priority:0|startupRole:FOLLOWER, s1|rpc:0.0.0.0:37449|dataStream:|priority:0|startupRole:FOLLOWER, s2|rpc:0.0.0.0:45889|dataStream:|priority:0|startupRole:FOLLOWER]|listeners:[], old=null RUNNING
2023-08-18 03:35:57,883 [Time-limited test] INFO  impl.RaftServerTestUtil (RaftServerTestUtil.java:waitAndCheckNewConf(96)) - checking  FOLLOWER s1@group-F015D9715A3D:t1, leader=s0, voted=null, raftlog=Memoized:s1@group-F015D9715A3D-SegmentedRaftLog:OPENED:c-1, conf=0: peers:[s0|rpc:localhost:39885|admin:localhost:37833|client:localhost:38819|dataStream:localhost:38673|priority:0|startupRole:FOLLOWER]|listeners:[], old=null STARTING
2023-08-18 03:35:57,883 [Time-limited test] WARN  impl.RaftServerTestUtil (JavaUtils.java:attempt(217)) - FAILED "waitAndCheckNewConf", attempt #7/10: java.lang.AssertionError, sleep 600ms and then retry.
java.lang.AssertionError
	at org.junit.Assert.fail(Assert.java:87)
	at org.junit.Assert.assertTrue(Assert.java:42)
	at org.junit.Assert.assertTrue(Assert.java:53)
	at org.apache.ratis.server.impl.RaftServerTestUtil.waitAndCheckNewConf(RaftServerTestUtil.java:107)
	at org.apache.ratis.server.impl.RaftServerTestUtil.lambda$waitAndCheckNewConf$3(RaftServerTestUtil.java:82)
	at org.apache.ratis.util.function.CheckedRunnable.lambda$asCheckedSupplier$0(CheckedRunnable.java:32)
	at org.apache.ratis.util.JavaUtils.attempt(JavaUtils.java:211)
	at org.apache.ratis.util.JavaUtils.attemptRepeatedly(JavaUtils.java:197)
	at org.apache.ratis.util.JavaUtils.attempt(JavaUtils.java:231)
	at org.apache.ratis.server.impl.RaftServerTestUtil.waitAndCheckNewConf(RaftServerTestUtil.java:82)
	at org.apache.ratis.InstallSnapshotFromLeaderTests.testMultiFileInstallSnapshot(InstallSnapshotFromLeaderTests.java:116)
	at org.apache.ratis.server.impl.MiniRaftCluster$Factory$Get.runWithNewCluster(MiniRaftCluster.java:141)
	at org.apache.ratis.server.impl.MiniRaftCluster$Factory$Get.runWithNewCluster(MiniRaftCluster.java:121)
	at org.apache.ratis.InstallSnapshotFromLeaderTests.testSeparateSnapshotInstallPath(InstallSnapshotFromLeaderTests.java:87)
	at java.base/jdk.internal.reflect.NativeMethodAccessorImpl.invoke0(Native Method)
	at java.base/jdk.internal.reflect.NativeMethodAccessorImpl.invoke(NativeMethodAccessorImpl.java:62)
	at java.base/jdk.internal.reflect.DelegatingMethodAccessorImpl.invoke(DelegatingMethodAccessorImpl.java:43)
	at java.base/java.lang.reflect.Method.invoke(Method.java:566)
	at org.junit.runners.model.FrameworkMethod$1.runReflectiveCall(FrameworkMethod.java:59)
	at org.junit.internal.runners.model.ReflectiveCallable.run(ReflectiveCallable.java:12)
	at org.junit.runners.model.FrameworkMethod.invokeExplosively(FrameworkMethod.java:56)
	at org.junit.internal.runners.statements.InvokeMethod.evaluate(InvokeMethod.java:17)
	at org.junit.internal.runners.statements.RunAfters.evaluate(RunAfters.java:27)
	at org.junit.internal.runners.statements.FailOnTimeout$CallableStatement.call(FailOnTimeout.java:299)
	at org.junit.internal.runners.statements.FailOnTimeout$CallableStatement.call(FailOnTimeout.java:293)
	at java.base/java.util.concurrent.FutureTask.run(FutureTask.java:264)
	at java.base/java.lang.Thread.run(Thread.java:829)
2023-08-18 03:35:58,483 [Time-limited test] INFO  impl.RaftServerTestUtil (RaftServerTestUtil.java:waitAndCheckNewConf(87)) - waitAndCheckNewConf: peers=[s1|rpc:0.0.0.0:37449|priority:0|startupRole:FOLLOWER, s2|rpc:0.0.0.0:45889|priority:0|startupRole:FOLLOWER, s0|rpc:localhost:39885|admin:localhost:37833|client:localhost:38819|dataStream:localhost:38673|priority:0|startupRole:FOLLOWER], deadPeers=null, printing ALL groups
  s0:  RUNNING    LEADER s0@group-F015D9715A3D:t1, leader=s0, voted=s0, raftlog=Memoized:s0@group-F015D9715A3D-SegmentedRaftLog:OPENED:c258, conf=257: peers:[s0|rpc:localhost:39885|admin:localhost:37833|client:localhost:38819|dataStream:localhost:38673|priority:0|startupRole:FOLLOWER, s1|rpc:0.0.0.0:37449|dataStream:|priority:0|startupRole:FOLLOWER, s2|rpc:0.0.0.0:45889|dataStream:|priority:0|startupRole:FOLLOWER]|listeners:[], old=null RUNNING
  s1:  RUNNING  FOLLOWER s1@group-F015D9715A3D:t1, leader=s0, voted=null, raftlog=Memoized:s1@group-F015D9715A3D-SegmentedRaftLog:OPENED:c-1, conf=0: peers:[s0|rpc:localhost:39885|admin:localhost:37833|client:localhost:38819|dataStream:localhost:38673|priority:0|startupRole:FOLLOWER]|listeners:[], old=null STARTING
  s2:  RUNNING  FOLLOWER s2@group-F015D9715A3D:t1, leader=s0, voted=null, raftlog=Memoized:s2@group-F015D9715A3D-SegmentedRaftLog:OPENED:c258, conf=257: peers:[s0|rpc:localhost:39885|admin:localhost:37833|client:localhost:38819|dataStream:localhost:38673|priority:0|startupRole:FOLLOWER, s1|rpc:0.0.0.0:37449|dataStream:|priority:0|startupRole:FOLLOWER, s2|rpc:0.0.0.0:45889|dataStream:|priority:0|startupRole:FOLLOWER]|listeners:[], old=null RUNNING
2023-08-18 03:35:58,484 [Time-limited test] INFO  impl.RaftServerTestUtil (RaftServerTestUtil.java:waitAndCheckNewConf(96)) - checking    LEADER s0@group-F015D9715A3D:t1, leader=s0, voted=s0, raftlog=Memoized:s0@group-F015D9715A3D-SegmentedRaftLog:OPENED:c258, conf=257: peers:[s0|rpc:localhost:39885|admin:localhost:37833|client:localhost:38819|dataStream:localhost:38673|priority:0|startupRole:FOLLOWER, s1|rpc:0.0.0.0:37449|dataStream:|priority:0|startupRole:FOLLOWER, s2|rpc:0.0.0.0:45889|dataStream:|priority:0|startupRole:FOLLOWER]|listeners:[], old=null RUNNING
2023-08-18 03:35:58,484 [Time-limited test] INFO  impl.RaftServerTestUtil (RaftServerTestUtil.java:waitAndCheckNewConf(96)) - checking  FOLLOWER s1@group-F015D9715A3D:t1, leader=s0, voted=null, raftlog=Memoized:s1@group-F015D9715A3D-SegmentedRaftLog:OPENED:c-1, conf=0: peers:[s0|rpc:localhost:39885|admin:localhost:37833|client:localhost:38819|dataStream:localhost:38673|priority:0|startupRole:FOLLOWER]|listeners:[], old=null STARTING
2023-08-18 03:35:58,484 [Time-limited test] WARN  impl.RaftServerTestUtil (JavaUtils.java:attempt(217)) - FAILED "waitAndCheckNewConf", attempt #8/10: java.lang.AssertionError, sleep 600ms and then retry.
java.lang.AssertionError
	at org.junit.Assert.fail(Assert.java:87)
	at org.junit.Assert.assertTrue(Assert.java:42)
	at org.junit.Assert.assertTrue(Assert.java:53)
	at org.apache.ratis.server.impl.RaftServerTestUtil.waitAndCheckNewConf(RaftServerTestUtil.java:107)
	at org.apache.ratis.server.impl.RaftServerTestUtil.lambda$waitAndCheckNewConf$3(RaftServerTestUtil.java:82)
	at org.apache.ratis.util.function.CheckedRunnable.lambda$asCheckedSupplier$0(CheckedRunnable.java:32)
	at org.apache.ratis.util.JavaUtils.attempt(JavaUtils.java:211)
	at org.apache.ratis.util.JavaUtils.attemptRepeatedly(JavaUtils.java:197)
	at org.apache.ratis.util.JavaUtils.attempt(JavaUtils.java:231)
	at org.apache.ratis.server.impl.RaftServerTestUtil.waitAndCheckNewConf(RaftServerTestUtil.java:82)
	at org.apache.ratis.InstallSnapshotFromLeaderTests.testMultiFileInstallSnapshot(InstallSnapshotFromLeaderTests.java:116)
	at org.apache.ratis.server.impl.MiniRaftCluster$Factory$Get.runWithNewCluster(MiniRaftCluster.java:141)
	at org.apache.ratis.server.impl.MiniRaftCluster$Factory$Get.runWithNewCluster(MiniRaftCluster.java:121)
	at org.apache.ratis.InstallSnapshotFromLeaderTests.testSeparateSnapshotInstallPath(InstallSnapshotFromLeaderTests.java:87)
	at java.base/jdk.internal.reflect.NativeMethodAccessorImpl.invoke0(Native Method)
	at java.base/jdk.internal.reflect.NativeMethodAccessorImpl.invoke(NativeMethodAccessorImpl.java:62)
	at java.base/jdk.internal.reflect.DelegatingMethodAccessorImpl.invoke(DelegatingMethodAccessorImpl.java:43)
	at java.base/java.lang.reflect.Method.invoke(Method.java:566)
	at org.junit.runners.model.FrameworkMethod$1.runReflectiveCall(FrameworkMethod.java:59)
	at org.junit.internal.runners.model.ReflectiveCallable.run(ReflectiveCallable.java:12)
	at org.junit.runners.model.FrameworkMethod.invokeExplosively(FrameworkMethod.java:56)
	at org.junit.internal.runners.statements.InvokeMethod.evaluate(InvokeMethod.java:17)
	at org.junit.internal.runners.statements.RunAfters.evaluate(RunAfters.java:27)
	at org.junit.internal.runners.statements.FailOnTimeout$CallableStatement.call(FailOnTimeout.java:299)
	at org.junit.internal.runners.statements.FailOnTimeout$CallableStatement.call(FailOnTimeout.java:293)
	at java.base/java.util.concurrent.FutureTask.run(FutureTask.java:264)
	at java.base/java.lang.Thread.run(Thread.java:829)
2023-08-18 03:35:59,084 [Time-limited test] INFO  impl.RaftServerTestUtil (RaftServerTestUtil.java:waitAndCheckNewConf(87)) - waitAndCheckNewConf: peers=[s1|rpc:0.0.0.0:37449|priority:0|startupRole:FOLLOWER, s2|rpc:0.0.0.0:45889|priority:0|startupRole:FOLLOWER, s0|rpc:localhost:39885|admin:localhost:37833|client:localhost:38819|dataStream:localhost:38673|priority:0|startupRole:FOLLOWER], deadPeers=null, printing ALL groups
  s0:  RUNNING    LEADER s0@group-F015D9715A3D:t1, leader=s0, voted=s0, raftlog=Memoized:s0@group-F015D9715A3D-SegmentedRaftLog:OPENED:c258, conf=257: peers:[s0|rpc:localhost:39885|admin:localhost:37833|client:localhost:38819|dataStream:localhost:38673|priority:0|startupRole:FOLLOWER, s1|rpc:0.0.0.0:37449|dataStream:|priority:0|startupRole:FOLLOWER, s2|rpc:0.0.0.0:45889|dataStream:|priority:0|startupRole:FOLLOWER]|listeners:[], old=null RUNNING
  s1:  RUNNING  FOLLOWER s1@group-F015D9715A3D:t1, leader=s0, voted=null, raftlog=Memoized:s1@group-F015D9715A3D-SegmentedRaftLog:OPENED:c-1, conf=0: peers:[s0|rpc:localhost:39885|admin:localhost:37833|client:localhost:38819|dataStream:localhost:38673|priority:0|startupRole:FOLLOWER]|listeners:[], old=null STARTING
  s2:  RUNNING  FOLLOWER s2@group-F015D9715A3D:t1, leader=s0, voted=null, raftlog=Memoized:s2@group-F015D9715A3D-SegmentedRaftLog:OPENED:c258, conf=257: peers:[s0|rpc:localhost:39885|admin:localhost:37833|client:localhost:38819|dataStream:localhost:38673|priority:0|startupRole:FOLLOWER, s1|rpc:0.0.0.0:37449|dataStream:|priority:0|startupRole:FOLLOWER, s2|rpc:0.0.0.0:45889|dataStream:|priority:0|startupRole:FOLLOWER]|listeners:[], old=null RUNNING
2023-08-18 03:35:59,085 [Time-limited test] INFO  impl.RaftServerTestUtil (RaftServerTestUtil.java:waitAndCheckNewConf(96)) - checking    LEADER s0@group-F015D9715A3D:t1, leader=s0, voted=s0, raftlog=Memoized:s0@group-F015D9715A3D-SegmentedRaftLog:OPENED:c258, conf=257: peers:[s0|rpc:localhost:39885|admin:localhost:37833|client:localhost:38819|dataStream:localhost:38673|priority:0|startupRole:FOLLOWER, s1|rpc:0.0.0.0:37449|dataStream:|priority:0|startupRole:FOLLOWER, s2|rpc:0.0.0.0:45889|dataStream:|priority:0|startupRole:FOLLOWER]|listeners:[], old=null RUNNING
2023-08-18 03:35:59,085 [Time-limited test] INFO  impl.RaftServerTestUtil (RaftServerTestUtil.java:waitAndCheckNewConf(96)) - checking  FOLLOWER s1@group-F015D9715A3D:t1, leader=s0, voted=null, raftlog=Memoized:s1@group-F015D9715A3D-SegmentedRaftLog:OPENED:c-1, conf=0: peers:[s0|rpc:localhost:39885|admin:localhost:37833|client:localhost:38819|dataStream:localhost:38673|priority:0|startupRole:FOLLOWER]|listeners:[], old=null STARTING
2023-08-18 03:35:59,085 [Time-limited test] WARN  impl.RaftServerTestUtil (JavaUtils.java:attempt(217)) - FAILED "waitAndCheckNewConf", attempt #9/10: java.lang.AssertionError, sleep 600ms and then retry.
java.lang.AssertionError
	at org.junit.Assert.fail(Assert.java:87)
	at org.junit.Assert.assertTrue(Assert.java:42)
	at org.junit.Assert.assertTrue(Assert.java:53)
	at org.apache.ratis.server.impl.RaftServerTestUtil.waitAndCheckNewConf(RaftServerTestUtil.java:107)
	at org.apache.ratis.server.impl.RaftServerTestUtil.lambda$waitAndCheckNewConf$3(RaftServerTestUtil.java:82)
	at org.apache.ratis.util.function.CheckedRunnable.lambda$asCheckedSupplier$0(CheckedRunnable.java:32)
	at org.apache.ratis.util.JavaUtils.attempt(JavaUtils.java:211)
	at org.apache.ratis.util.JavaUtils.attemptRepeatedly(JavaUtils.java:197)
	at org.apache.ratis.util.JavaUtils.attempt(JavaUtils.java:231)
	at org.apache.ratis.server.impl.RaftServerTestUtil.waitAndCheckNewConf(RaftServerTestUtil.java:82)
	at org.apache.ratis.InstallSnapshotFromLeaderTests.testMultiFileInstallSnapshot(InstallSnapshotFromLeaderTests.java:116)
	at org.apache.ratis.server.impl.MiniRaftCluster$Factory$Get.runWithNewCluster(MiniRaftCluster.java:141)
	at org.apache.ratis.server.impl.MiniRaftCluster$Factory$Get.runWithNewCluster(MiniRaftCluster.java:121)
	at org.apache.ratis.InstallSnapshotFromLeaderTests.testSeparateSnapshotInstallPath(InstallSnapshotFromLeaderTests.java:87)
	at java.base/jdk.internal.reflect.NativeMethodAccessorImpl.invoke0(Native Method)
	at java.base/jdk.internal.reflect.NativeMethodAccessorImpl.invoke(NativeMethodAccessorImpl.java:62)
	at java.base/jdk.internal.reflect.DelegatingMethodAccessorImpl.invoke(DelegatingMethodAccessorImpl.java:43)
	at java.base/java.lang.reflect.Method.invoke(Method.java:566)
	at org.junit.runners.model.FrameworkMethod$1.runReflectiveCall(FrameworkMethod.java:59)
	at org.junit.internal.runners.model.ReflectiveCallable.run(ReflectiveCallable.java:12)
	at org.junit.runners.model.FrameworkMethod.invokeExplosively(FrameworkMethod.java:56)
	at org.junit.internal.runners.statements.InvokeMethod.evaluate(InvokeMethod.java:17)
	at org.junit.internal.runners.statements.RunAfters.evaluate(RunAfters.java:27)
	at org.junit.internal.runners.statements.FailOnTimeout$CallableStatement.call(FailOnTimeout.java:299)
	at org.junit.internal.runners.statements.FailOnTimeout$CallableStatement.call(FailOnTimeout.java:293)
	at java.base/java.util.concurrent.FutureTask.run(FutureTask.java:264)
	at java.base/java.lang.Thread.run(Thread.java:829)
2023-08-18 03:35:59,685 [Time-limited test] INFO  impl.RaftServerTestUtil (RaftServerTestUtil.java:waitAndCheckNewConf(87)) - waitAndCheckNewConf: peers=[s1|rpc:0.0.0.0:37449|priority:0|startupRole:FOLLOWER, s2|rpc:0.0.0.0:45889|priority:0|startupRole:FOLLOWER, s0|rpc:localhost:39885|admin:localhost:37833|client:localhost:38819|dataStream:localhost:38673|priority:0|startupRole:FOLLOWER], deadPeers=null, printing ALL groups
  s0:  RUNNING    LEADER s0@group-F015D9715A3D:t1, leader=s0, voted=s0, raftlog=Memoized:s0@group-F015D9715A3D-SegmentedRaftLog:OPENED:c258, conf=257: peers:[s0|rpc:localhost:39885|admin:localhost:37833|client:localhost:38819|dataStream:localhost:38673|priority:0|startupRole:FOLLOWER, s1|rpc:0.0.0.0:37449|dataStream:|priority:0|startupRole:FOLLOWER, s2|rpc:0.0.0.0:45889|dataStream:|priority:0|startupRole:FOLLOWER]|listeners:[], old=null RUNNING
  s1:  RUNNING  FOLLOWER s1@group-F015D9715A3D:t1, leader=s0, voted=null, raftlog=Memoized:s1@group-F015D9715A3D-SegmentedRaftLog:OPENED:c-1, conf=0: peers:[s0|rpc:localhost:39885|admin:localhost:37833|client:localhost:38819|dataStream:localhost:38673|priority:0|startupRole:FOLLOWER]|listeners:[], old=null STARTING
  s2:  RUNNING  FOLLOWER s2@group-F015D9715A3D:t1, leader=s0, voted=null, raftlog=Memoized:s2@group-F015D9715A3D-SegmentedRaftLog:OPENED:c258, conf=257: peers:[s0|rpc:localhost:39885|admin:localhost:37833|client:localhost:38819|dataStream:localhost:38673|priority:0|startupRole:FOLLOWER, s1|rpc:0.0.0.0:37449|dataStream:|priority:0|startupRole:FOLLOWER, s2|rpc:0.0.0.0:45889|dataStream:|priority:0|startupRole:FOLLOWER]|listeners:[], old=null RUNNING
2023-08-18 03:35:59,686 [Time-limited test] INFO  impl.RaftServerTestUtil (RaftServerTestUtil.java:waitAndCheckNewConf(96)) - checking    LEADER s0@group-F015D9715A3D:t1, leader=s0, voted=s0, raftlog=Memoized:s0@group-F015D9715A3D-SegmentedRaftLog:OPENED:c258, conf=257: peers:[s0|rpc:localhost:39885|admin:localhost:37833|client:localhost:38819|dataStream:localhost:38673|priority:0|startupRole:FOLLOWER, s1|rpc:0.0.0.0:37449|dataStream:|priority:0|startupRole:FOLLOWER, s2|rpc:0.0.0.0:45889|dataStream:|priority:0|startupRole:FOLLOWER]|listeners:[], old=null RUNNING
2023-08-18 03:35:59,686 [Time-limited test] INFO  impl.RaftServerTestUtil (RaftServerTestUtil.java:waitAndCheckNewConf(96)) - checking  FOLLOWER s1@group-F015D9715A3D:t1, leader=s0, voted=null, raftlog=Memoized:s1@group-F015D9715A3D-SegmentedRaftLog:OPENED:c-1, conf=0: peers:[s0|rpc:localhost:39885|admin:localhost:37833|client:localhost:38819|dataStream:localhost:38673|priority:0|startupRole:FOLLOWER]|listeners:[], old=null STARTING
2023-08-18 03:35:59,686 [Time-limited test] INFO  impl.MiniRaftCluster (MiniRaftCluster.java:shutdown(831)) - ************************************************************** 
2023-08-18 03:35:59,686 [Time-limited test] INFO  impl.MiniRaftCluster (MiniRaftCluster.java:shutdown(832)) - *** 
2023-08-18 03:35:59,686 [Time-limited test] INFO  impl.MiniRaftCluster (MiniRaftCluster.java:shutdown(833)) - ***     Stopping MiniRaftClusterWithGrpc
2023-08-18 03:35:59,686 [Time-limited test] INFO  impl.MiniRaftCluster (MiniRaftCluster.java:shutdown(834)) - *** 
2023-08-18 03:35:59,686 [Time-limited test] INFO  impl.MiniRaftCluster (MiniRaftCluster.java:shutdown(835)) - ************************************************************** 
2023-08-18 03:35:59,686 [Time-limited test] INFO  impl.MiniRaftCluster (MiniRaftCluster.java:shutdown(836)) - printing ALL groups
  s0:  RUNNING    LEADER s0@group-F015D9715A3D:t1, leader=s0, voted=s0, raftlog=Memoized:s0@group-F015D9715A3D-SegmentedRaftLog:OPENED:c258, conf=257: peers:[s0|rpc:localhost:39885|admin:localhost:37833|client:localhost:38819|dataStream:localhost:38673|priority:0|startupRole:FOLLOWER, s1|rpc:0.0.0.0:37449|dataStream:|priority:0|startupRole:FOLLOWER, s2|rpc:0.0.0.0:45889|dataStream:|priority:0|startupRole:FOLLOWER]|listeners:[], old=null RUNNING
  s1:  RUNNING  FOLLOWER s1@group-F015D9715A3D:t1, leader=s0, voted=null, raftlog=Memoized:s1@group-F015D9715A3D-SegmentedRaftLog:OPENED:c-1, conf=0: peers:[s0|rpc:localhost:39885|admin:localhost:37833|client:localhost:38819|dataStream:localhost:38673|priority:0|startupRole:FOLLOWER]|listeners:[], old=null STARTING
  s2:  RUNNING  FOLLOWER s2@group-F015D9715A3D:t1, leader=s0, voted=null, raftlog=Memoized:s2@group-F015D9715A3D-SegmentedRaftLog:OPENED:c258, conf=257: peers:[s0|rpc:localhost:39885|admin:localhost:37833|client:localhost:38819|dataStream:localhost:38673|priority:0|startupRole:FOLLOWER, s1|rpc:0.0.0.0:37449|dataStream:|priority:0|startupRole:FOLLOWER, s2|rpc:0.0.0.0:45889|dataStream:|priority:0|startupRole:FOLLOWER]|listeners:[], old=null RUNNING
2023-08-18 03:35:59,686 [MiniRaftCluster-7] INFO  server.RaftServer (RaftServerProxy.java:lambda$close$7(418)) - s0: close
2023-08-18 03:35:59,687 [MiniRaftCluster-8] INFO  server.RaftServer (RaftServerProxy.java:lambda$close$7(418)) - s1: close
2023-08-18 03:35:59,687 [s0-impl-thread1] INFO  server.RaftServer$Division (RaftServerImpl.java:lambda$close$3(508)) - s0@group-F015D9715A3D: shutdown
2023-08-18 03:35:59,687 [s0-impl-thread1] INFO  util.JmxRegister (JmxRegister.java:unregister(73)) - Successfully un-registered JMX Bean with object name Ratis:service=RaftServer,group=group-F015D9715A3D,id=s0
2023-08-18 03:35:59,687 [s0-impl-thread1] INFO  impl.RoleInfo (RoleInfo.java:shutdownLeaderState(92)) - s0: shutdown s0@group-F015D9715A3D-LeaderStateImpl
2023-08-18 03:35:59,687 [MiniRaftCluster-7] INFO  server.GrpcService (GrpcService.java:closeImpl(311)) - s0: shutdown server org.apache.ratis.grpc.server.GrpcClientProtocolService now
2023-08-18 03:35:59,687 [s0-impl-thread1] INFO  impl.PendingRequests (PendingRequests.java:sendNotLeaderResponses(289)) - s0@group-F015D9715A3D-PendingRequests: sendNotLeaderResponses
2023-08-18 03:35:59,689 [s0@group-F015D9715A3D->s2-GrpcLogAppender-LogAppenderDaemon] WARN  server.GrpcLogAppender (GrpcLogAppender.java:mayWait(209)) - s0@group-F015D9715A3D->s2-GrpcLogAppender: Wait interrupted by java.lang.InterruptedException
2023-08-18 03:35:59,689 [s0@group-F015D9715A3D->s1-GrpcLogAppender-LogAppenderDaemon] WARN  server.GrpcLogAppender (GrpcLogAppender.java:mayWait(209)) - s0@group-F015D9715A3D->s1-GrpcLogAppender: Wait interrupted by java.lang.InterruptedException
2023-08-18 03:35:59,689 [s0-impl-thread1] INFO  impl.StateMachineUpdater (StateMachineUpdater.java:stopAndJoin(157)) - s0@group-F015D9715A3D-StateMachineUpdater: set stopIndex = 258
2023-08-18 03:35:59,689 [s0@group-F015D9715A3D-StateMachineUpdater] TRACE util.FileUtils (FileUtils.java:deleteFully(201)) - deleteFully /tmp/ratis-tests/statemachine/s0/snapshot/1_258
2023-08-18 03:35:59,690 [s0@group-F015D9715A3D-StateMachineUpdater] TRACE util.FileUtils (FileUtils.java:deleteFully(217)) - deleteFully: /tmp/ratis-tests/statemachine/s0/snapshot/1_258 does not exist.
2023-08-18 03:35:59,690 [s0@group-F015D9715A3D-StateMachineUpdater] TRACE util.FileUtils (FileUtils.java:deleteFully(201)) - deleteFully /tmp/ratis-tests/statemachine/s0/tmp/f5aa0ce2-948b-4ba5-9091-2294f833db87
2023-08-18 03:35:59,690 [s0@group-F015D9715A3D-StateMachineUpdater] TRACE util.FileUtils (FileUtils.java:deleteFully(217)) - deleteFully: /tmp/ratis-tests/statemachine/s0/tmp/f5aa0ce2-948b-4ba5-9091-2294f833db87 does not exist.
2023-08-18 03:35:59,690 [grpc-default-executor-0] INFO  server.GrpcServerProtocolService (GrpcServerProtocolService.java:onCompleted(155)) - s1: Completed APPEND_ENTRIES, lastRequest: null
2023-08-18 03:35:59,690 [grpc-default-executor-0] INFO  server.GrpcServerProtocolService (GrpcServerProtocolService.java:lambda$onCompleted$5(157)) - s1: Completed APPEND_ENTRIES, lastReply: null
2023-08-18 03:35:59,690 [s0@group-F015D9715A3D-StateMachineUpdater] TRACE util.FileUtils (LogUtils.java:runAndLog(49)) - Successfully ran Atomic Files.move /tmp/ratis-tests/statemachine/s0/tmp/f5aa0ce2-948b-4ba5-9091-2294f833db87 to /tmp/ratis-tests/statemachine/s0/snapshot/1_258
2023-08-18 03:35:59,690 [s0@group-F015D9715A3D-StateMachineUpdater] INFO  impl.StateMachineUpdater (StateMachineUpdater.java:takeSnapshot(295)) - s0@group-F015D9715A3D-StateMachineUpdater: Took a snapshot at index 258
2023-08-18 03:35:59,690 [s0@group-F015D9715A3D-StateMachineUpdater] INFO  impl.StateMachineUpdater (StateMachineUpdater.java:lambda$new$0(98)) - s0@group-F015D9715A3D-StateMachineUpdater: snapshotIndex: updateIncreasingly 255 -> 258
2023-08-18 03:35:59,690 [s0@group-F015D9715A3D-StateMachineUpdater] INFO  raftlog.RaftLog (RaftLogBase.java:purge(315)) - s0@group-F015D9715A3D-SegmentedRaftLog: purge 258
2023-08-18 03:35:59,690 [s0@group-F015D9715A3D-StateMachineUpdater] INFO  raftlog.RaftLog (RaftLogBase.java:lambda$new$0(54)) - s0@group-F015D9715A3D-SegmentedRaftLog: snapshotIndex: updateIncreasingly 191 -> 258
2023-08-18 03:35:59,690 [s0@group-F015D9715A3D-StateMachineUpdater] INFO  raftlog.RaftLog (RaftLogBase.java:lambda$new$0(54)) - s0@group-F015D9715A3D-SegmentedRaftLog: purgeIndex: updateToMax old=191, new=258, updated? true
2023-08-18 03:35:59,690 [MiniRaftCluster-9] INFO  server.RaftServer (RaftServerProxy.java:lambda$close$7(418)) - s2: close
2023-08-18 03:35:59,691 [grpc-default-executor-0] INFO  server.GrpcServerProtocolService (GrpcServerProtocolService.java:onCompleted(155)) - s2: Completed APPEND_ENTRIES, lastRequest: s0->s2#4-t1,previous=(t:1, i:257),leaderCommit=257,initializing? true,entries: size=1, first=(t:1, i:258), METADATAENTRY(c:257)
2023-08-18 03:35:59,692 [grpc-default-executor-0] INFO  server.GrpcServerProtocolService (GrpcServerProtocolService.java:lambda$onCompleted$5(157)) - s2: Completed APPEND_ENTRIES, lastReply: serverReply {
  requestorId: "s0"
  replyId: "s2"
  raftGroupId {
    id: "F+0\307\022vM\267\277@\360\025\331qZ="
  }
  callId: 75
  success: true
}
term: 1
nextIndex: 259
followerCommit: 258
matchIndex: 18446744073709551615
isHearbeat: true

2023-08-18 03:35:59,693 [grpc-default-executor-3] INFO  server.GrpcLogAppender (GrpcLogAppender.java:onCompleted(461)) - s0@group-F015D9715A3D->s1-AppendLogResponseHandler: follower responses appendEntries COMPLETED
2023-08-18 03:35:59,694 [MiniRaftCluster-8] INFO  server.GrpcService (GrpcService.java:closeImpl(311)) - s1: shutdown server GrpcServerProtocolService now
2023-08-18 03:35:59,694 [s1-impl-thread1] INFO  server.RaftServer$Division (RaftServerImpl.java:lambda$close$3(508)) - s1@group-F015D9715A3D: shutdown
2023-08-18 03:35:59,694 [s1-impl-thread1] INFO  util.JmxRegister (JmxRegister.java:unregister(73)) - Successfully un-registered JMX Bean with object name Ratis:service=RaftServer,group=group-F015D9715A3D,id=s1
2023-08-18 03:35:59,695 [s1-impl-thread1] INFO  impl.StateMachineUpdater (StateMachineUpdater.java:stopAndJoin(157)) - s1@group-F015D9715A3D-StateMachineUpdater: set stopIndex = -1
2023-08-18 03:35:59,695 [s0-impl-thread1] INFO  server.RaftServer$Division (ServerState.java:close(415)) - s0@group-F015D9715A3D: applyIndex: 258
2023-08-18 03:35:59,695 [MiniRaftCluster-9] INFO  server.GrpcService (GrpcService.java:closeImpl(311)) - s2: shutdown server GrpcServerProtocolService now
2023-08-18 03:35:59,695 [s2-impl-thread1] INFO  server.RaftServer$Division (RaftServerImpl.java:lambda$close$3(508)) - s2@group-F015D9715A3D: shutdown
2023-08-18 03:35:59,695 [s2-impl-thread1] INFO  util.JmxRegister (JmxRegister.java:unregister(73)) - Successfully un-registered JMX Bean with object name Ratis:service=RaftServer,group=group-F015D9715A3D,id=s2
2023-08-18 03:35:59,695 [s2-impl-thread1] INFO  impl.RoleInfo (RoleInfo.java:shutdownFollowerState(109)) - s2: shutdown s2@group-F015D9715A3D-FollowerState
2023-08-18 03:35:59,695 [s2-impl-thread1] INFO  impl.StateMachineUpdater (StateMachineUpdater.java:stopAndJoin(157)) - s2@group-F015D9715A3D-StateMachineUpdater: set stopIndex = 258
2023-08-18 03:35:59,695 [s2@group-F015D9715A3D-StateMachineUpdater] TRACE util.FileUtils (FileUtils.java:deleteFully(201)) - deleteFully /tmp/ratis-tests/statemachine/s2/snapshot/1_258
2023-08-18 03:35:59,695 [s2@group-F015D9715A3D-StateMachineUpdater] TRACE util.FileUtils (FileUtils.java:deleteFully(217)) - deleteFully: /tmp/ratis-tests/statemachine/s2/snapshot/1_258 does not exist.
2023-08-18 03:35:59,695 [s2@group-F015D9715A3D-StateMachineUpdater] TRACE util.FileUtils (FileUtils.java:deleteFully(201)) - deleteFully /tmp/ratis-tests/statemachine/s2/tmp/3d707db5-f581-4d34-afb7-e27a825ee419
2023-08-18 03:35:59,695 [grpc-default-executor-0] INFO  server.GrpcLogAppender (GrpcLogAppender.java:onCompleted(461)) - s0@group-F015D9715A3D->s2-AppendLogResponseHandler: follower responses appendEntries COMPLETED
2023-08-18 03:35:59,695 [s2@group-F015D9715A3D-StateMachineUpdater] TRACE util.FileUtils (FileUtils.java:deleteFully(217)) - deleteFully: /tmp/ratis-tests/statemachine/s2/tmp/3d707db5-f581-4d34-afb7-e27a825ee419 does not exist.
2023-08-18 03:35:59,695 [grpc-default-executor-0] INFO  leader.FollowerInfo (FollowerInfoImpl.java:lambda$new$0(52)) - s0@group-F015D9715A3D->s2: decreaseNextIndex nextIndex: updateUnconditionally 259 -> 258
2023-08-18 03:35:59,695 [s2@group-F015D9715A3D-StateMachineUpdater] TRACE util.FileUtils (LogUtils.java:runAndLog(49)) - Successfully ran Atomic Files.move /tmp/ratis-tests/statemachine/s2/tmp/3d707db5-f581-4d34-afb7-e27a825ee419 to /tmp/ratis-tests/statemachine/s2/snapshot/1_258
2023-08-18 03:35:59,696 [s2@group-F015D9715A3D-StateMachineUpdater] INFO  impl.StateMachineUpdater (StateMachineUpdater.java:takeSnapshot(295)) - s2@group-F015D9715A3D-StateMachineUpdater: Took a snapshot at index 258
2023-08-18 03:35:59,696 [s2@group-F015D9715A3D-StateMachineUpdater] INFO  impl.StateMachineUpdater (StateMachineUpdater.java:lambda$new$0(98)) - s2@group-F015D9715A3D-StateMachineUpdater: snapshotIndex: updateIncreasingly 255 -> 258
2023-08-18 03:35:59,696 [s2-impl-thread1] INFO  server.RaftServer$Division (ServerState.java:close(415)) - s2@group-F015D9715A3D: applyIndex: 258
2023-08-18 03:35:59,695 [s2@group-F015D9715A3D-FollowerState] INFO  impl.FollowerState (FollowerState.java:run(152)) - s2@group-F015D9715A3D-FollowerState was interrupted
2023-08-18 03:35:59,700 [Thread-108] INFO  server.GrpcServerProtocolClient (GrpcServerProtocolClient.java:close(104)) - s2 Close channels
2023-08-18 03:35:59,700 [s1-impl-thread1] INFO  server.RaftServer$Division (ServerState.java:close(415)) - s1@group-F015D9715A3D: applyIndex: -1
2023-08-18 03:35:59,701 [Thread-107] INFO  server.GrpcServerProtocolClient (GrpcServerProtocolClient.java:close(104)) - s1 Close channels
2023-08-18 03:35:59,702 [MiniRaftCluster-8] INFO  server.GrpcService (GrpcService.java:closeImpl(320)) - s1: shutdown server GrpcServerProtocolService successfully
2023-08-18 03:35:59,703 [MiniRaftCluster-9] INFO  server.GrpcService (GrpcService.java:closeImpl(320)) - s2: shutdown server GrpcServerProtocolService successfully
2023-08-18 03:35:59,704 [MiniRaftCluster-7] INFO  server.GrpcService (GrpcService.java:closeImpl(320)) - s0: shutdown server org.apache.ratis.grpc.server.GrpcClientProtocolService successfully
2023-08-18 03:35:59,704 [MiniRaftCluster-7] INFO  server.GrpcService (GrpcService.java:closeImpl(311)) - s0: shutdown server GrpcServerProtocolService now
2023-08-18 03:35:59,710 [MiniRaftCluster-7] INFO  server.GrpcService (GrpcService.java:closeImpl(320)) - s0: shutdown server GrpcServerProtocolService successfully
2023-08-18 03:35:59,710 [MiniRaftCluster-7] INFO  server.GrpcService (GrpcService.java:closeImpl(311)) - s0: shutdown server org.apache.ratis.grpc.server.GrpcAdminProtocolService now
2023-08-18 03:35:59,711 [MiniRaftCluster-7] INFO  server.GrpcService (GrpcService.java:closeImpl(320)) - s0: shutdown server org.apache.ratis.grpc.server.GrpcAdminProtocolService successfully
2023-08-18 03:36:00,134 [s1-impl-thread1] INFO  segmented.SegmentedRaftLogWorker (SegmentedRaftLogWorker.java:close(242)) - s1@group-F015D9715A3D-SegmentedRaftLogWorker close()
2023-08-18 03:36:00,135 [JvmPauseMonitor4] INFO  util.JvmPauseMonitor (JvmPauseMonitor.java:run(111)) - JvmPauseMonitor-s1: Stopped
2023-08-18 03:36:00,257 [s0-impl-thread1] INFO  segmented.SegmentedRaftLogWorker (SegmentedRaftLogWorker.java:close(242)) - s0@group-F015D9715A3D-SegmentedRaftLogWorker close()
2023-08-18 03:36:00,258 [JvmPauseMonitor3] INFO  util.JvmPauseMonitor (JvmPauseMonitor.java:run(111)) - JvmPauseMonitor-s0: Stopped
2023-08-18 03:36:00,266 [s2-impl-thread1] INFO  segmented.SegmentedRaftLogWorker (SegmentedRaftLogWorker.java:close(242)) - s2@group-F015D9715A3D-SegmentedRaftLogWorker close()
2023-08-18 03:36:00,267 [JvmPauseMonitor5] INFO  util.JvmPauseMonitor (JvmPauseMonitor.java:run(111)) - JvmPauseMonitor-s2: Stopped
2023-08-18 03:36:00,267 [Time-limited test] INFO  impl.MiniRaftCluster (MiniRaftCluster.java:shutdown(855)) - MiniRaftClusterWithGrpc shutdown completed
2023-08-18 03:36:00,267 [Time-limited test] INFO  impl.MiniRaftCluster (MiniRaftCluster.java:shutdown(831)) - ************************************************************** 
2023-08-18 03:36:00,267 [Time-limited test] INFO  impl.MiniRaftCluster (MiniRaftCluster.java:shutdown(832)) - *** 
2023-08-18 03:36:00,267 [Time-limited test] INFO  impl.MiniRaftCluster (MiniRaftCluster.java:shutdown(833)) - ***     Stopping MiniRaftClusterWithGrpc
2023-08-18 03:36:00,267 [Time-limited test] INFO  impl.MiniRaftCluster (MiniRaftCluster.java:shutdown(834)) - *** 
2023-08-18 03:36:00,267 [Time-limited test] INFO  impl.MiniRaftCluster (MiniRaftCluster.java:shutdown(835)) - ************************************************************** 
2023-08-18 03:36:00,267 [Time-limited test] INFO  impl.MiniRaftCluster (MiniRaftCluster.java:shutdown(836)) - printing ALL groups
  s0:   CLOSED    LEADER s0@group-F015D9715A3D:t1, leader=s0, voted=s0, raftlog=Memoized:s0@group-F015D9715A3D-SegmentedRaftLog:CLOSED:c258, conf=257: peers:[s0|rpc:localhost:39885|admin:localhost:37833|client:localhost:38819|dataStream:localhost:38673|priority:0|startupRole:FOLLOWER, s1|rpc:0.0.0.0:37449|dataStream:|priority:0|startupRole:FOLLOWER, s2|rpc:0.0.0.0:45889|dataStream:|priority:0|startupRole:FOLLOWER]|listeners:[], old=null CLOSED
  s1:   CLOSED  FOLLOWER s1@group-F015D9715A3D:t1, leader=s0, voted=null, raftlog=Memoized:s1@group-F015D9715A3D-SegmentedRaftLog:CLOSED:c-1, conf=0: peers:[s0|rpc:localhost:39885|admin:localhost:37833|client:localhost:38819|dataStream:localhost:38673|priority:0|startupRole:FOLLOWER]|listeners:[], old=null CLOSED
  s2:   CLOSED  FOLLOWER s2@group-F015D9715A3D:t1, leader=s0, voted=null, raftlog=Memoized:s2@group-F015D9715A3D-SegmentedRaftLog:CLOSED:c258, conf=257: peers:[s0|rpc:localhost:39885|admin:localhost:37833|client:localhost:38819|dataStream:localhost:38673|priority:0|startupRole:FOLLOWER, s1|rpc:0.0.0.0:37449|dataStream:|priority:0|startupRole:FOLLOWER, s2|rpc:0.0.0.0:45889|dataStream:|priority:0|startupRole:FOLLOWER]|listeners:[], old=null CLOSED
2023-08-18 03:36:00,268 [Time-limited test] INFO  impl.MiniRaftCluster (MiniRaftCluster.java:shutdown(855)) - MiniRaftClusterWithGrpc shutdown completed
]]></system-out>
    <system-err><![CDATA[Aug 18, 2023 3:35:54 AM org.apache.ratis.thirdparty.io.grpc.internal.SerializingExecutor run
SEVERE: Exception while executing runnable org.apache.ratis.thirdparty.io.grpc.internal.ClientCallImpl$ClientStreamListenerImpl$1StreamClosed@bc21e31
java.lang.NullPointerException
	at org.apache.ratis.grpc.server.GrpcLogAppender.resetClient(GrpcLogAppender.java:126)
	at org.apache.ratis.grpc.server.GrpcLogAppender.access$700(GrpcLogAppender.java:60)
	at org.apache.ratis.grpc.server.GrpcLogAppender$InstallSnapshotResponseHandler.onError(GrpcLogAppender.java:614)
	at org.apache.ratis.thirdparty.io.grpc.stub.ClientCalls$StreamObserverToCallListenerAdapter.onClose(ClientCalls.java:487)
	at org.apache.ratis.thirdparty.io.grpc.PartialForwardingClientCallListener.onClose(PartialForwardingClientCallListener.java:39)
	at org.apache.ratis.thirdparty.io.grpc.ForwardingClientCallListener.onClose(ForwardingClientCallListener.java:23)
	at org.apache.ratis.thirdparty.io.grpc.ForwardingClientCallListener$SimpleForwardingClientCallListener.onClose(ForwardingClientCallListener.java:40)
	at org.apache.ratis.thirdparty.io.grpc.internal.ClientCallImpl.closeObserver(ClientCallImpl.java:563)
	at org.apache.ratis.thirdparty.io.grpc.internal.ClientCallImpl.access$300(ClientCallImpl.java:70)
	at org.apache.ratis.thirdparty.io.grpc.internal.ClientCallImpl$ClientStreamListenerImpl$1StreamClosed.runInternal(ClientCallImpl.java:744)
	at org.apache.ratis.thirdparty.io.grpc.internal.ClientCallImpl$ClientStreamListenerImpl$1StreamClosed.runInContext(ClientCallImpl.java:723)
	at org.apache.ratis.thirdparty.io.grpc.internal.ContextRunnable.run(ContextRunnable.java:37)
	at org.apache.ratis.thirdparty.io.grpc.internal.SerializingExecutor.run(SerializingExecutor.java:133)
	at java.base/java.util.concurrent.ThreadPoolExecutor.runWorker(ThreadPoolExecutor.java:1128)
	at java.base/java.util.concurrent.ThreadPoolExecutor$Worker.run(ThreadPoolExecutor.java:628)
	at java.base/java.lang.Thread.run(Thread.java:829)

]]></system-err>
  </testcase>
  <testcase name="testMultiFileInstallSnapshot[1]" classname="org.apache.ratis.grpc.TestLeaderInstallSnapshot" time="100.008">
    <error message="test timed out after 100 seconds" type="org.junit.runners.model.TestTimedOutException"><![CDATA[org.junit.runners.model.TestTimedOutException: test timed out after 100 seconds
	at java.base@11.0.20/java.lang.Thread.sleep(Native Method)
	at java.base@11.0.20/java.lang.Thread.sleep(Thread.java:334)
	at java.base@11.0.20/java.util.concurrent.TimeUnit.sleep(TimeUnit.java:446)
	at app//org.apache.ratis.util.TimeDuration.sleep(TimeDuration.java:325)
	at app//org.apache.ratis.util.TimeDuration.sleep(TimeDuration.java:310)
	at app//org.apache.ratis.client.impl.BlockingImpl.sendRequestWithRetry(BlockingImpl.java:128)
	at app//org.apache.ratis.client.impl.AdminImpl.setConfiguration(AdminImpl.java:46)
	at app//org.apache.ratis.client.api.AdminApi.setConfiguration(AdminApi.java:51)
	at app//org.apache.ratis.client.api.AdminApi.setConfiguration(AdminApi.java:45)
	at app//org.apache.ratis.server.impl.MiniRaftCluster.setConfiguration(MiniRaftCluster.java:820)
	at app//org.apache.ratis.InstallSnapshotFromLeaderTests.testMultiFileInstallSnapshot(InstallSnapshotFromLeaderTests.java:113)
	at app//org.apache.ratis.InstallSnapshotFromLeaderTests$$Lambda$68/0x000000010014fc40.accept(Unknown Source)
	at app//org.apache.ratis.server.impl.MiniRaftCluster$Factory$Get.runWithNewCluster(MiniRaftCluster.java:141)
	at app//org.apache.ratis.server.impl.MiniRaftCluster$Factory$Get.runWithNewCluster(MiniRaftCluster.java:121)
	at app//org.apache.ratis.InstallSnapshotFromLeaderTests.testMultiFileInstallSnapshot(InstallSnapshotFromLeaderTests.java:80)
	at java.base@11.0.20/jdk.internal.reflect.NativeMethodAccessorImpl.invoke0(Native Method)
	at java.base@11.0.20/jdk.internal.reflect.NativeMethodAccessorImpl.invoke(NativeMethodAccessorImpl.java:62)
	at java.base@11.0.20/jdk.internal.reflect.DelegatingMethodAccessorImpl.invoke(DelegatingMethodAccessorImpl.java:43)
	at java.base@11.0.20/java.lang.reflect.Method.invoke(Method.java:566)
	at app//org.junit.runners.model.FrameworkMethod$1.runReflectiveCall(FrameworkMethod.java:59)
	at app//org.junit.internal.runners.model.ReflectiveCallable.run(ReflectiveCallable.java:12)
	at app//org.junit.runners.model.FrameworkMethod.invokeExplosively(FrameworkMethod.java:56)
	at app//org.junit.internal.runners.statements.InvokeMethod.evaluate(InvokeMethod.java:17)
	at app//org.junit.internal.runners.statements.RunAfters.evaluate(RunAfters.java:27)
	at app//org.junit.internal.runners.statements.FailOnTimeout$CallableStatement.call(FailOnTimeout.java:299)
	at app//org.junit.internal.runners.statements.FailOnTimeout$CallableStatement.call(FailOnTimeout.java:293)
	at java.base@11.0.20/java.util.concurrent.FutureTask.run(FutureTask.java:264)
	at java.base@11.0.20/java.lang.Thread.run(Thread.java:829)
]]></error>
    <system-out><![CDATA[2023-08-18 03:36:00,272 [main] INFO  util.LogUtils (Slf4jUtils.java:setLogLevel(38)) - Successfully set org.apache.ratis.conf.ConfUtils log level to WARN
2023-08-18 03:36:00,273 [main] INFO  util.LogUtils (Slf4jUtils.java:setLogLevel(38)) - Successfully set org.apache.ratis.util.FileUtils log level to TRACE
2023-08-18 03:36:00,279 [Time-limited test] INFO  impl.MiniRaftCluster (MiniRaftCluster.java:runWithNewCluster(135)) - Running runWithNewCluster
2023-08-18 03:36:00,280 [Time-limited test] INFO  impl.MiniRaftCluster (MiniRaftCluster.java:<init>(306)) - new MiniRaftClusterWithGrpc with group-E264CA5F8311:[s0|rpc:localhost:39295|admin:localhost:44843|client:localhost:40991|dataStream:localhost:40677|priority:0|startupRole:FOLLOWER]
2023-08-18 03:36:00,280 [Time-limited test] INFO  impl.MiniRaftCluster (MiniRaftCluster.java:start(339)) - .............................................................. 
2023-08-18 03:36:00,280 [Time-limited test] INFO  impl.MiniRaftCluster (MiniRaftCluster.java:start(340)) - ... 
2023-08-18 03:36:00,280 [Time-limited test] INFO  impl.MiniRaftCluster (MiniRaftCluster.java:start(341)) - ...     Starting MiniRaftClusterWithGrpc
2023-08-18 03:36:00,280 [Time-limited test] INFO  impl.MiniRaftCluster (MiniRaftCluster.java:start(342)) - ... 
2023-08-18 03:36:00,280 [Time-limited test] INFO  impl.MiniRaftCluster (MiniRaftCluster.java:start(343)) - .............................................................. 
2023-08-18 03:36:00,280 [Time-limited test] INFO  impl.MiniRaftCluster (MiniRaftCluster.java:initServers(318)) - servers = {}
2023-08-18 03:36:00,280 [Time-limited test] INFO  impl.MiniRaftCluster (MiniRaftCluster.java:newRaftServer(382)) - newRaftServer: s0, group-E264CA5F8311:[s0|rpc:localhost:39295|admin:localhost:44843|client:localhost:40991|dataStream:localhost:40677|priority:0|startupRole:FOLLOWER], format? true
2023-08-18 03:36:00,280 [Time-limited test] TRACE util.FileUtils (FileUtils.java:deleteFully(201)) - deleteFully target/test/data/24296cbb/MiniRaftClusterWithGrpcda665c53/s0
2023-08-18 03:36:00,280 [Time-limited test] TRACE util.FileUtils (FileUtils.java:deleteFully(217)) - deleteFully: target/test/data/24296cbb/MiniRaftClusterWithGrpcda665c53/s0 does not exist.
2023-08-18 03:36:00,280 [Time-limited test] INFO  impl.MiniRaftCluster (MiniRaftCluster.java:newRaftServer(387)) - Formatted directory target/test/data/24296cbb/MiniRaftClusterWithGrpcda665c53/s0
2023-08-18 03:36:00,281 [Time-limited test] INFO  server.RaftServer (ConfUtils.java:logGet(46)) - raft.rpc.type = GRPC (default)
2023-08-18 03:36:00,281 [Time-limited test] INFO  grpc.GrpcConfigKeys (ConfUtils.java:logFallback(53)) - raft.grpc.admin.host = null (fallback to raft.grpc.server.host)
2023-08-18 03:36:00,281 [Time-limited test] INFO  grpc.GrpcConfigKeys (ConfUtils.java:logGet(46)) - raft.grpc.admin.port = 44843 (custom)
2023-08-18 03:36:00,281 [Time-limited test] INFO  grpc.GrpcConfigKeys (ConfUtils.java:logFallback(53)) - raft.grpc.client.host = null (fallback to raft.grpc.server.host)
2023-08-18 03:36:00,281 [Time-limited test] INFO  grpc.GrpcConfigKeys (ConfUtils.java:logGet(46)) - raft.grpc.client.port = 40991 (custom)
2023-08-18 03:36:00,281 [Time-limited test] INFO  grpc.GrpcConfigKeys (ConfUtils.java:logGet(46)) - raft.grpc.server.host = null (default)
2023-08-18 03:36:00,281 [Time-limited test] INFO  grpc.GrpcConfigKeys (ConfUtils.java:logGet(46)) - raft.grpc.server.port = 39295 (custom)
2023-08-18 03:36:00,281 [Time-limited test] INFO  server.GrpcService (ConfUtils.java:logGet(46)) - raft.grpc.message.size.max = 64MB (=67108864) (default)
2023-08-18 03:36:00,281 [Time-limited test] INFO  server.RaftServerConfigKeys (ConfUtils.java:logGet(46)) - raft.server.log.appender.buffer.byte-limit = 4MB (=4194304) (default)
2023-08-18 03:36:00,281 [Time-limited test] INFO  server.GrpcService (ConfUtils.java:logGet(46)) - raft.grpc.flow.control.window = 1MB (=1048576) (default)
2023-08-18 03:36:00,281 [Time-limited test] INFO  server.RaftServerConfigKeys (ConfUtils.java:logGet(46)) - raft.server.rpc.request.timeout = 3000ms (default)
2023-08-18 03:36:00,281 [Time-limited test] INFO  grpc.GrpcConfigKeys (ConfUtils.java:logGet(46)) - raft.grpc.server.heartbeat.channel = true (default)
2023-08-18 03:36:00,281 [Time-limited test] INFO  grpc.GrpcConfigKeys (ConfUtils.java:logGet(46)) - raft.grpc.server.async.request.thread.pool.cached = true (default)
2023-08-18 03:36:00,281 [Time-limited test] INFO  grpc.GrpcConfigKeys (ConfUtils.java:logGet(46)) - raft.grpc.server.async.request.thread.pool.size = 32 (default)
2023-08-18 03:36:00,282 [Time-limited test] INFO  impl.DataStreamServerImpl (ConfUtils.java:logGet(46)) - raft.datastream.type = DISABLED (default)
2023-08-18 03:36:00,283 [Time-limited test] INFO  server.RaftServerConfigKeys (ConfUtils.java:logGet(46)) - raft.server.threadpool.proxy.cached = true (default)
2023-08-18 03:36:00,283 [Time-limited test] INFO  server.RaftServerConfigKeys (ConfUtils.java:logGet(46)) - raft.server.threadpool.proxy.size = 0 (default)
2023-08-18 03:36:00,283 [Time-limited test] INFO  server.RaftServerConfigKeys (ConfUtils.java:logGet(46)) - raft.server.sleep.deviation.threshold = 300ms (default)
2023-08-18 03:36:00,283 [Time-limited test] INFO  server.RaftServerConfigKeys (ConfUtils.java:logGet(46)) - raft.server.rpc.slowness.timeout = 60s (default)
2023-08-18 03:36:00,283 [Time-limited test] INFO  server.RaftServerConfigKeys (ConfUtils.java:logGet(46)) - raft.server.leaderelection.leader.step-down.wait-time = 10s (default)
2023-08-18 03:36:00,283 [Time-limited test] INFO  server.RaftServerConfigKeys (ConfUtils.java:logGet(46)) - raft.server.storage.dir = [/home/runner/work/ratis/ratis/ratis-test/target/test/data/24296cbb/MiniRaftClusterWithGrpcda665c53/s0] (custom)
2023-08-18 03:36:00,283 [Time-limited test] INFO  server.RaftServer (RaftServerProxy.java:addNew(99)) - s0: addNew group-E264CA5F8311:[s0|rpc:localhost:39295|admin:localhost:44843|client:localhost:40991|dataStream:localhost:40677|priority:0|startupRole:FOLLOWER] returns group-E264CA5F8311:java.util.concurrent.CompletableFuture@5ee1ea7e[Not completed]
2023-08-18 03:36:00,283 [s0-groupManagement] INFO  server.RaftServerConfigKeys (ConfUtils.java:logGet(46)) - raft.server.log.segment.size.max = 8MB (=8388608) (default)
2023-08-18 03:36:00,284 [s0-groupManagement] INFO  server.RaftServerConfigKeys (ConfUtils.java:logGet(46)) - raft.server.log.preallocated.size = 4MB (=4194304) (default)
2023-08-18 03:36:00,284 [s0-groupManagement] INFO  server.RaftServerConfigKeys (ConfUtils.java:logGet(46)) - raft.server.log.write.buffer.size = 64KB (=65536) (default)
2023-08-18 03:36:00,284 [s0-groupManagement] INFO  server.RaftServer$Division (RaftServerImpl.java:<init>(250)) - s0: new RaftServerImpl for group-E264CA5F8311:[s0|rpc:localhost:39295|admin:localhost:44843|client:localhost:40991|dataStream:localhost:40677|priority:0|startupRole:FOLLOWER] with StateMachineWithMultiNestedSnapshotFile:uninitialized
2023-08-18 03:36:00,284 [s0-groupManagement] INFO  server.RaftServerConfigKeys (ConfUtils.java:logGet(46)) - raft.server.rpc.timeout.min = 150ms (default)
2023-08-18 03:36:00,284 [s0-groupManagement] INFO  server.RaftServerConfigKeys (ConfUtils.java:logGet(46)) - raft.server.rpc.timeout.max = 300ms (default)
2023-08-18 03:36:00,284 [s0-groupManagement] INFO  server.RaftServerConfigKeys (ConfUtils.java:logGet(46)) - raft.server.rpc.sleep.time = 25ms (default)
2023-08-18 03:36:00,284 [s0-groupManagement] INFO  server.RaftServerConfigKeys (ConfUtils.java:logGet(46)) - raft.server.rpc.slowness.timeout = 60s (default)
2023-08-18 03:36:00,284 [s0-groupManagement] INFO  server.RaftServerConfigKeys (ConfUtils.java:logGet(46)) - raft.server.leaderelection.leader.step-down.wait-time = 10s (default)
2023-08-18 03:36:00,284 [s0-groupManagement] INFO  server.RaftServerConfigKeys (ConfUtils.java:logGet(46)) - raft.server.sleep.deviation.threshold = 300ms (default)
2023-08-18 03:36:00,284 [s0-groupManagement] INFO  server.RaftServer$Division (ServerState.java:<init>(113)) - s0@group-E264CA5F8311: ConfigurationManager, init=-1: peers:[s0|rpc:localhost:39295|admin:localhost:44843|client:localhost:40991|dataStream:localhost:40677|priority:0|startupRole:FOLLOWER]|listeners:[], old=null, confs=<EMPTY_MAP>
2023-08-18 03:36:00,284 [s0-groupManagement] INFO  server.RaftServerConfigKeys (ConfUtils.java:logGet(46)) - raft.server.notification.no-leader.timeout = 60s (default)
2023-08-18 03:36:00,284 [s0-groupManagement] INFO  server.RaftServerConfigKeys (ConfUtils.java:logGet(46)) - raft.server.read.timeout = 10s (default)
2023-08-18 03:36:00,284 [s0-groupManagement] INFO  server.RaftServerConfigKeys (ConfUtils.java:logGet(46)) - raft.server.retrycache.expirytime = 60s (default)
2023-08-18 03:36:00,284 [s0-groupManagement] INFO  server.RaftServerConfigKeys (ConfUtils.java:logGet(46)) - raft.server.retrycache.statistics.expirytime = 100μs (default)
2023-08-18 03:36:00,284 [s0-groupManagement] INFO  server.RaftServerConfigKeys (ConfUtils.java:logGet(46)) - raft.server.read.option = DEFAULT (default)
2023-08-18 03:36:00,285 [s0-groupManagement] INFO  server.RaftServerConfigKeys (ConfUtils.java:logGet(46)) - raft.server.rpc.request.timeout = 3000ms (default)
2023-08-18 03:36:00,285 [s0-groupManagement] INFO  server.RaftServerConfigKeys (ConfUtils.java:logGet(46)) - raft.server.log.appender.install.snapshot.enabled = true (default)
2023-08-18 03:36:00,285 [s0-groupManagement] INFO  server.RaftServerConfigKeys (ConfUtils.java:logGet(46)) - raft.server.threadpool.server.cached = true (default)
2023-08-18 03:36:00,285 [s0-groupManagement] INFO  server.RaftServerConfigKeys (ConfUtils.java:logGet(46)) - raft.server.threadpool.server.size = 0 (default)
2023-08-18 03:36:00,285 [s0-groupManagement] INFO  server.RaftServerConfigKeys (ConfUtils.java:logGet(46)) - raft.server.threadpool.client.cached = true (default)
2023-08-18 03:36:00,285 [s0-groupManagement] INFO  server.RaftServerConfigKeys (ConfUtils.java:logGet(46)) - raft.server.threadpool.client.size = 0 (default)
2023-08-18 03:36:00,285 [s0-impl-thread1] INFO  server.RaftServerConfigKeys (ConfUtils.java:logGet(46)) - raft.server.storage.free-space.min = 0MB (=0) (default)
2023-08-18 03:36:00,286 [s0-impl-thread1] INFO  server.RaftServerConfigKeys (ConfUtils.java:logGet(46)) - raft.server.log.corruption.policy = EXCEPTION (default)
2023-08-18 03:36:00,286 [s0-impl-thread1] INFO  server.RaftServerConfigKeys (ConfUtils.java:logGet(46)) - raft.server.storage.dir = [/home/runner/work/ratis/ratis/ratis-test/target/test/data/24296cbb/MiniRaftClusterWithGrpcda665c53/s0] (custom)
2023-08-18 03:36:00,286 [s0-impl-thread1] INFO  storage.RaftStorageDirectory (RaftStorageDirectoryImpl.java:analyzeStorage(138)) - The storage directory /home/runner/work/ratis/ratis/ratis-test/target/test/data/24296cbb/MiniRaftClusterWithGrpcda665c53/s0/33e4bec1-6c56-422e-957b-e264ca5f8311 does not exist. Creating ...
2023-08-18 03:36:00,286 [s0-impl-thread1] TRACE util.FileUtils (LogUtils.java:runAndLog(49)) - Successfully ran Files.createDirectories /home/runner/work/ratis/ratis/ratis-test/target/test/data/24296cbb/MiniRaftClusterWithGrpcda665c53/s0/33e4bec1-6c56-422e-957b-e264ca5f8311
2023-08-18 03:36:00,287 [s0-impl-thread1] INFO  storage.RaftStorageDirectory (RaftStorageDirectoryImpl.java:tryLock(232)) - Lock on /home/runner/work/ratis/ratis/ratis-test/target/test/data/24296cbb/MiniRaftClusterWithGrpcda665c53/s0/33e4bec1-6c56-422e-957b-e264ca5f8311/in_use.lock acquired by nodename 15247@fv-az454-831
2023-08-18 03:36:00,287 [s0-impl-thread1] TRACE util.FileUtils (LogUtils.java:runAndLog(49)) - Successfully ran Files.createDirectories /home/runner/work/ratis/ratis/ratis-test/target/test/data/24296cbb/MiniRaftClusterWithGrpcda665c53/s0/33e4bec1-6c56-422e-957b-e264ca5f8311/current
2023-08-18 03:36:00,287 [s0-impl-thread1] TRACE util.FileUtils (LogUtils.java:runAndLog(49)) - Successfully ran Files.createDirectories /home/runner/work/ratis/ratis/ratis-test/target/test/data/24296cbb/MiniRaftClusterWithGrpcda665c53/s0/33e4bec1-6c56-422e-957b-e264ca5f8311/sm
2023-08-18 03:36:00,289 [s0-impl-thread1] INFO  storage.RaftStorage (RaftStorageImpl.java:format(97)) - Storage directory /home/runner/work/ratis/ratis/ratis-test/target/test/data/24296cbb/MiniRaftClusterWithGrpcda665c53/s0/33e4bec1-6c56-422e-957b-e264ca5f8311 has been successfully formatted.
2023-08-18 03:36:00,289 [s0-impl-thread1] INFO  impl.SimpleStateMachine4Testing (SimpleStateMachine4Testing.java:initialize(213)) - Initializing StateMachineWithMultiNestedSnapshotFile:uninitialized
2023-08-18 03:36:00,289 [s0-impl-thread1] INFO  impl.SimpleStateMachine4Testing (SimpleStateMachine4Testing.java:loadSnapshot(293)) - Loading snapshot null
2023-08-18 03:36:00,289 [s0-impl-thread1] INFO  server.RaftServerConfigKeys (ConfUtils.java:logGet(46)) - raft.server.log.use.memory = false (default)
2023-08-18 03:36:00,289 [s0-impl-thread1] INFO  server.RaftServerConfigKeys (ConfUtils.java:logGet(46)) - raft.server.log.purge.gap = 8 (custom)
2023-08-18 03:36:00,289 [s0-impl-thread1] INFO  server.RaftServerConfigKeys (ConfUtils.java:logGet(46)) - raft.server.log.appender.buffer.byte-limit = 4MB (=4194304) (default)
2023-08-18 03:36:00,289 [s0-impl-thread1] INFO  server.RaftServerConfigKeys (ConfUtils.java:logGet(46)) - raft.server.log.statemachine.data.read.timeout = 1000ms (default)
2023-08-18 03:36:00,289 [s0-impl-thread1] INFO  server.RaftServerConfigKeys (ConfUtils.java:logGet(46)) - raft.server.log.purge.preservation.log.num = 0 (default)
2023-08-18 03:36:00,290 [s0-impl-thread1] INFO  server.RaftServerConfigKeys (ConfUtils.java:logGet(46)) - raft.server.log.segment.size.max = 8MB (=8388608) (default)
2023-08-18 03:36:00,290 [s0-impl-thread1] INFO  server.RaftServerConfigKeys (ConfUtils.java:logGet(46)) - raft.server.log.segment.cache.num.max = 6 (default)
2023-08-18 03:36:00,290 [s0-impl-thread1] INFO  server.RaftServerConfigKeys (ConfUtils.java:logGet(46)) - raft.server.log.segment.cache.size.max = 200MB (=209715200) (default)
2023-08-18 03:36:00,290 [s0-impl-thread1] INFO  server.RaftServerConfigKeys (ConfUtils.java:logGet(46)) - raft.server.log.appender.buffer.byte-limit = 4MB (=4194304) (default)
2023-08-18 03:36:00,290 [s0-impl-thread1] INFO  segmented.SegmentedRaftLogWorker (SegmentedRaftLogWorker.java:<init>(183)) - new s0@group-E264CA5F8311-SegmentedRaftLogWorker for RaftStorageImpl:Storage Directory /home/runner/work/ratis/ratis/ratis-test/target/test/data/24296cbb/MiniRaftClusterWithGrpcda665c53/s0/33e4bec1-6c56-422e-957b-e264ca5f8311
2023-08-18 03:36:00,290 [s0-impl-thread1] INFO  server.RaftServerConfigKeys (ConfUtils.java:logGet(46)) - raft.server.log.queue.byte-limit = 64MB (=67108864) (default)
2023-08-18 03:36:00,290 [s0-impl-thread1] INFO  server.RaftServerConfigKeys (ConfUtils.java:logGet(46)) - raft.server.log.queue.element-limit = 4096 (default)
2023-08-18 03:36:00,290 [s0-impl-thread1] INFO  server.RaftServerConfigKeys (ConfUtils.java:logGet(46)) - raft.server.log.segment.size.max = 8MB (=8388608) (default)
2023-08-18 03:36:00,290 [s0-impl-thread1] INFO  server.RaftServerConfigKeys (ConfUtils.java:logGet(46)) - raft.server.log.preallocated.size = 4MB (=4194304) (default)
2023-08-18 03:36:00,290 [s0-impl-thread1] INFO  server.RaftServerConfigKeys (ConfUtils.java:logGet(46)) - raft.server.log.force.sync.num = 128 (default)
2023-08-18 03:36:00,290 [s0-impl-thread1] INFO  server.RaftServerConfigKeys (ConfUtils.java:logGet(46)) - raft.server.log.statemachine.data.sync = true (default)
2023-08-18 03:36:00,290 [s0-impl-thread1] INFO  server.RaftServerConfigKeys (ConfUtils.java:logGet(46)) - raft.server.log.statemachine.data.sync.timeout = 10s (default)
2023-08-18 03:36:00,290 [s0-impl-thread1] INFO  server.RaftServerConfigKeys (ConfUtils.java:logGet(46)) - raft.server.log.statemachine.data.sync.timeout.retry = -1 (default)
2023-08-18 03:36:00,291 [s0-impl-thread1] INFO  server.RaftServerConfigKeys (ConfUtils.java:logGet(46)) - raft.server.log.write.buffer.size = 64KB (=65536) (default)
2023-08-18 03:36:00,291 [s0-impl-thread1] INFO  server.RaftServerConfigKeys (ConfUtils.java:logGet(46)) - raft.server.log.appender.buffer.byte-limit = 4MB (=4194304) (default)
2023-08-18 03:36:00,292 [s0-impl-thread1] INFO  server.RaftServerConfigKeys (ConfUtils.java:logGet(46)) - raft.server.log.unsafe-flush.enabled = false (default)
2023-08-18 03:36:00,292 [s0-impl-thread1] INFO  server.RaftServerConfigKeys (ConfUtils.java:logGet(46)) - raft.server.log.async-flush.enabled = false (default)
2023-08-18 03:36:00,292 [s0-impl-thread1] INFO  server.RaftServerConfigKeys (ConfUtils.java:logGet(46)) - raft.server.log.statemachine.data.caching.enabled = false (default)
2023-08-18 03:36:00,292 [s0-impl-thread1] INFO  segmented.SegmentedRaftLogWorker (SegmentedRaftLogWorker.java:lambda$new$0(134)) - s0@group-E264CA5F8311-SegmentedRaftLogWorker: flushIndex: setUnconditionally 0 -> -1
2023-08-18 03:36:00,292 [s0-impl-thread1] INFO  segmented.SegmentedRaftLogWorker (SegmentedRaftLogWorker.java:lambda$new$0(134)) - s0@group-E264CA5F8311-SegmentedRaftLogWorker: safeCacheEvictIndex: setUnconditionally 0 -> -1
2023-08-18 03:36:00,296 [s0-impl-thread1] INFO  server.RaftServer$Division (RaftServerImpl.java:start(384)) - s0@group-E264CA5F8311: start as a follower, conf=-1: peers:[s0|rpc:localhost:39295|admin:localhost:44843|client:localhost:40991|dataStream:localhost:40677|priority:0|startupRole:FOLLOWER]|listeners:[], old=null
2023-08-18 03:36:00,296 [s0-impl-thread1] INFO  server.RaftServer$Division (RaftServerImpl.java:setRole(371)) - s0@group-E264CA5F8311: changes role from      null to FOLLOWER at term 0 for startAsFollower
2023-08-18 03:36:00,296 [s0-impl-thread1] INFO  impl.RoleInfo (RoleInfo.java:updateAndGet(138)) - s0: start s0@group-E264CA5F8311-FollowerState
2023-08-18 03:36:00,296 [s0-impl-thread1] INFO  util.JmxRegister (JmxRegister.java:tryRegister(44)) - Successfully registered JMX Bean with object name Ratis:service=RaftServer,group=group-E264CA5F8311,id=s0
2023-08-18 03:36:00,296 [s0-impl-thread1] INFO  server.RaftServerConfigKeys (ConfUtils.java:logGet(46)) - raft.server.snapshot.trigger-when-stop.enabled = true (default)
2023-08-18 03:36:00,296 [s0-impl-thread1] INFO  server.RaftServerConfigKeys (ConfUtils.java:logGet(46)) - raft.server.snapshot.auto.trigger.enabled = true (custom)
2023-08-18 03:36:00,296 [s0-impl-thread1] INFO  server.RaftServerConfigKeys (ConfUtils.java:logGet(46)) - raft.server.snapshot.auto.trigger.threshold = 64 (custom)
2023-08-18 03:36:00,296 [s0-impl-thread1] INFO  server.RaftServerConfigKeys (ConfUtils.java:logGet(46)) - raft.server.snapshot.retention.file.num = -1 (default)
2023-08-18 03:36:00,296 [s0-impl-thread1] INFO  server.RaftServerConfigKeys (ConfUtils.java:logGet(46)) - raft.server.log.purge.upto.snapshot.index = false (default)
2023-08-18 03:36:00,297 [s0@group-E264CA5F8311-FollowerState] INFO  server.RaftServerConfigKeys (ConfUtils.java:logFallback(53)) - raft.server.rpc.first-election.timeout.min = 150ms (fallback to raft.server.rpc.timeout.min)
2023-08-18 03:36:00,297 [s0@group-E264CA5F8311-FollowerState] INFO  server.RaftServerConfigKeys (ConfUtils.java:logFallback(53)) - raft.server.rpc.first-election.timeout.max = 300ms (fallback to raft.server.rpc.timeout.max)
2023-08-18 03:36:00,299 [Time-limited test] INFO  server.RaftServer (RaftServerProxy.java:startImpl(402)) - s0: start RPC server
2023-08-18 03:36:00,300 [Time-limited test] INFO  server.GrpcService (GrpcService.java:startImpl(302)) - s0: GrpcService started, listening on 40991
2023-08-18 03:36:00,300 [Time-limited test] INFO  server.GrpcService (GrpcService.java:startImpl(302)) - s0: GrpcService started, listening on 39295
2023-08-18 03:36:00,301 [Time-limited test] INFO  server.GrpcService (GrpcService.java:startImpl(302)) - s0: GrpcService started, listening on 44843
2023-08-18 03:36:00,301 [JvmPauseMonitor6] INFO  util.JvmPauseMonitor (JvmPauseMonitor.java:run(105)) - JvmPauseMonitor-s0: Started
2023-08-18 03:36:00,306 [Time-limited test] INFO  server.RaftServerConfigKeys (ConfUtils.java:logGet(46)) - raft.server.rpc.timeout.max = 300ms (default)
2023-08-18 03:36:00,306 [Time-limited test] INFO  ratis.RaftTestUtil (RaftTestUtil.java:waitForLeader(100)) - printing ALL groups
  s0:  RUNNING  FOLLOWER s0@group-E264CA5F8311:t0, leader=null, voted=, raftlog=Memoized:s0@group-E264CA5F8311-SegmentedRaftLog:OPENED:c-1, conf=-1: peers:[s0|rpc:localhost:39295|admin:localhost:44843|client:localhost:40991|dataStream:localhost:40677|priority:0|startupRole:FOLLOWER]|listeners:[], old=null RUNNING
2023-08-18 03:36:00,306 [Time-limited test] WARN  ratis.RaftTestUtil (JavaUtils.java:attempt(217)) - FAILED "waitForLeader-null-(expectLeader? true)", attempt #1/100: java.lang.IllegalStateException: No leader yet : printing ALL groups
  s0:  RUNNING  FOLLOWER s0@group-E264CA5F8311:t0, leader=null, voted=, raftlog=Memoized:s0@group-E264CA5F8311-SegmentedRaftLog:OPENED:c-1, conf=-1: peers:[s0|rpc:localhost:39295|admin:localhost:44843|client:localhost:40991|dataStream:localhost:40677|priority:0|startupRole:FOLLOWER]|listeners:[], old=null RUNNING, sleep 450ms and then retry.
java.lang.IllegalStateException: No leader yet : printing ALL groups
  s0:  RUNNING  FOLLOWER s0@group-E264CA5F8311:t0, leader=null, voted=, raftlog=Memoized:s0@group-E264CA5F8311-SegmentedRaftLog:OPENED:c-1, conf=-1: peers:[s0|rpc:localhost:39295|admin:localhost:44843|client:localhost:40991|dataStream:localhost:40677|priority:0|startupRole:FOLLOWER]|listeners:[], old=null RUNNING
	at org.apache.ratis.server.impl.MiniRaftCluster.newIllegalStateExceptionForNoLeaders(MiniRaftCluster.java:581)
	at org.apache.ratis.RaftTestUtil.lambda$waitForLeader$1(RaftTestUtil.java:104)
	at org.apache.ratis.server.impl.MiniRaftCluster.getLeader(MiniRaftCluster.java:615)
	at org.apache.ratis.server.impl.MiniRaftCluster.getLeader(MiniRaftCluster.java:608)
	at org.apache.ratis.RaftTestUtil.lambda$waitForLeader$3(RaftTestUtil.java:112)
	at org.apache.ratis.util.JavaUtils.attempt(JavaUtils.java:211)
	at org.apache.ratis.util.JavaUtils.attemptRepeatedly(JavaUtils.java:197)
	at org.apache.ratis.RaftTestUtil.waitForLeader(RaftTestUtil.java:111)
	at org.apache.ratis.RaftTestUtil.waitForLeader(RaftTestUtil.java:92)
	at org.apache.ratis.RaftTestUtil.waitForLeader(RaftTestUtil.java:87)
	at org.apache.ratis.InstallSnapshotFromLeaderTests.testMultiFileInstallSnapshot(InstallSnapshotFromLeaderTests.java:93)
	at org.apache.ratis.server.impl.MiniRaftCluster$Factory$Get.runWithNewCluster(MiniRaftCluster.java:141)
	at org.apache.ratis.server.impl.MiniRaftCluster$Factory$Get.runWithNewCluster(MiniRaftCluster.java:121)
	at org.apache.ratis.InstallSnapshotFromLeaderTests.testMultiFileInstallSnapshot(InstallSnapshotFromLeaderTests.java:80)
	at java.base/jdk.internal.reflect.NativeMethodAccessorImpl.invoke0(Native Method)
	at java.base/jdk.internal.reflect.NativeMethodAccessorImpl.invoke(NativeMethodAccessorImpl.java:62)
	at java.base/jdk.internal.reflect.DelegatingMethodAccessorImpl.invoke(DelegatingMethodAccessorImpl.java:43)
	at java.base/java.lang.reflect.Method.invoke(Method.java:566)
	at org.junit.runners.model.FrameworkMethod$1.runReflectiveCall(FrameworkMethod.java:59)
	at org.junit.internal.runners.model.ReflectiveCallable.run(ReflectiveCallable.java:12)
	at org.junit.runners.model.FrameworkMethod.invokeExplosively(FrameworkMethod.java:56)
	at org.junit.internal.runners.statements.InvokeMethod.evaluate(InvokeMethod.java:17)
	at org.junit.internal.runners.statements.RunAfters.evaluate(RunAfters.java:27)
	at org.junit.internal.runners.statements.FailOnTimeout$CallableStatement.call(FailOnTimeout.java:299)
	at org.junit.internal.runners.statements.FailOnTimeout$CallableStatement.call(FailOnTimeout.java:293)
	at java.base/java.util.concurrent.FutureTask.run(FutureTask.java:264)
	at java.base/java.lang.Thread.run(Thread.java:829)
2023-08-18 03:36:00,567 [s0@group-E264CA5F8311-FollowerState] INFO  impl.FollowerState (FollowerState.java:run(143)) - s0@group-E264CA5F8311-FollowerState: change to CANDIDATE, lastRpcElapsedTime:271400950ns, electionTimeout:270ms
2023-08-18 03:36:00,567 [s0@group-E264CA5F8311-FollowerState] INFO  impl.RoleInfo (RoleInfo.java:shutdownFollowerState(109)) - s0: shutdown s0@group-E264CA5F8311-FollowerState
2023-08-18 03:36:00,567 [s0@group-E264CA5F8311-FollowerState] INFO  server.RaftServer$Division (RaftServerImpl.java:setRole(371)) - s0@group-E264CA5F8311: changes role from  FOLLOWER to CANDIDATE at term 0 for changeToCandidate
2023-08-18 03:36:00,568 [s0@group-E264CA5F8311-FollowerState] INFO  server.RaftServerConfigKeys (ConfUtils.java:logGet(46)) - raft.server.leaderelection.pre-vote = true (default)
2023-08-18 03:36:00,568 [s0@group-E264CA5F8311-FollowerState] INFO  impl.RoleInfo (RoleInfo.java:updateAndGet(138)) - s0: start s0@group-E264CA5F8311-LeaderElection3
2023-08-18 03:36:00,568 [s0@group-E264CA5F8311-LeaderElection3] INFO  impl.LeaderElection (LeaderElection.java:askForVotes(320)) - s0@group-E264CA5F8311-LeaderElection3 PRE_VOTE round 0: submit vote requests at term 0 for -1: peers:[s0|rpc:localhost:39295|admin:localhost:44843|client:localhost:40991|dataStream:localhost:40677|priority:0|startupRole:FOLLOWER]|listeners:[], old=null
2023-08-18 03:36:00,569 [s0@group-E264CA5F8311-LeaderElection3] INFO  impl.LeaderElection (LeaderElection.java:askForVotes(322)) - s0@group-E264CA5F8311-LeaderElection3 PRE_VOTE round 0: result PASSED (term=0)
2023-08-18 03:36:00,570 [s0@group-E264CA5F8311-LeaderElection3] INFO  impl.LeaderElection (LeaderElection.java:askForVotes(320)) - s0@group-E264CA5F8311-LeaderElection3 ELECTION round 0: submit vote requests at term 1 for -1: peers:[s0|rpc:localhost:39295|admin:localhost:44843|client:localhost:40991|dataStream:localhost:40677|priority:0|startupRole:FOLLOWER]|listeners:[], old=null
2023-08-18 03:36:00,570 [s0@group-E264CA5F8311-LeaderElection3] INFO  impl.LeaderElection (LeaderElection.java:askForVotes(322)) - s0@group-E264CA5F8311-LeaderElection3 ELECTION round 0: result PASSED (term=1)
2023-08-18 03:36:00,570 [s0@group-E264CA5F8311-LeaderElection3] INFO  impl.RoleInfo (RoleInfo.java:shutdownLeaderElection(129)) - s0: shutdown s0@group-E264CA5F8311-LeaderElection3
2023-08-18 03:36:00,570 [s0@group-E264CA5F8311-LeaderElection3] INFO  server.RaftServer$Division (RaftServerImpl.java:setRole(371)) - s0@group-E264CA5F8311: changes role from CANDIDATE to LEADER at term 1 for changeToLeader
2023-08-18 03:36:00,570 [s0@group-E264CA5F8311-LeaderElection3] INFO  server.RaftServerConfigKeys (ConfUtils.java:logGet(46)) - raft.server.staging.catchup.gap = 1000 (default)
2023-08-18 03:36:00,570 [s0@group-E264CA5F8311-LeaderElection3] INFO  server.RaftServerConfigKeys (ConfUtils.java:logGet(46)) - raft.server.write.element-limit = 4096 (default)
2023-08-18 03:36:00,570 [s0@group-E264CA5F8311-LeaderElection3] INFO  server.RaftServerConfigKeys (ConfUtils.java:logGet(46)) - raft.server.write.byte-limit = 64MB (=67108864) (default)
2023-08-18 03:36:00,570 [s0@group-E264CA5F8311-LeaderElection3] INFO  server.RaftServerConfigKeys (ConfUtils.java:logGet(46)) - raft.server.watch.timeout = 10s (default)
2023-08-18 03:36:00,570 [s0@group-E264CA5F8311-LeaderElection3] INFO  server.RaftServerConfigKeys (ConfUtils.java:logGet(46)) - raft.server.watch.timeout.denomination = 1s (default)
2023-08-18 03:36:00,570 [s0@group-E264CA5F8311-LeaderElection3] INFO  server.RaftServerConfigKeys (ConfUtils.java:logGet(46)) - raft.server.watch.element-limit = 65536 (default)
2023-08-18 03:36:00,570 [s0@group-E264CA5F8311-LeaderElection3] INFO  server.RaftServerConfigKeys (ConfUtils.java:logGet(46)) - raft.server.write.element-limit = 4096 (default)
2023-08-18 03:36:00,571 [s0@group-E264CA5F8311-LeaderElection3] INFO  server.RaftServerConfigKeys (ConfUtils.java:logGet(46)) - raft.server.write.follower.gap.ratio.max = -1.0 (default)
2023-08-18 03:36:00,571 [s0@group-E264CA5F8311-LeaderElection3] INFO  impl.RoleInfo (RoleInfo.java:updateAndGet(138)) - s0: start s0@group-E264CA5F8311-LeaderStateImpl
2023-08-18 03:36:00,571 [s0@group-E264CA5F8311-LeaderElection3] INFO  server.RaftServer$Division (RaftServerImpl.java:setFirstElection(556)) - s0@group-E264CA5F8311: set firstElectionSinceStartup to false for becomeLeader
2023-08-18 03:36:00,571 [s0@group-E264CA5F8311-LeaderElection3] INFO  server.RaftServer$Division (ServerState.java:setLeader(260)) - s0@group-E264CA5F8311: change Leader from null to s0 at term 1 for becomeLeader, leader elected after 286ms
2023-08-18 03:36:00,571 [s0@group-E264CA5F8311-LeaderElection3] INFO  segmented.SegmentedRaftLogWorker (SegmentedRaftLogWorker.java:startLogSegment(427)) - s0@group-E264CA5F8311-SegmentedRaftLogWorker: Starting segment from index:0
2023-08-18 03:36:00,578 [s0@group-E264CA5F8311-LeaderElection3] INFO  server.RaftServer$Division (ServerState.java:setRaftConf(377)) - s0@group-E264CA5F8311: set configuration 0: peers:[s0|rpc:localhost:39295|admin:localhost:44843|client:localhost:40991|dataStream:localhost:40677|priority:0|startupRole:FOLLOWER]|listeners:[], old=null
2023-08-18 03:36:00,578 [s0@group-E264CA5F8311-SegmentedRaftLogWorker] INFO  segmented.SegmentedRaftLogWorker (SegmentedRaftLogWorker.java:execute(631)) - s0@group-E264CA5F8311-SegmentedRaftLogWorker: created new log segment /home/runner/work/ratis/ratis/ratis-test/target/test/data/24296cbb/MiniRaftClusterWithGrpcda665c53/s0/33e4bec1-6c56-422e-957b-e264ca5f8311/current/log_inprogress_0
2023-08-18 03:36:00,757 [Time-limited test] INFO  ratis.RaftTestUtil (RaftTestUtil.java:waitForLeader(119)) - printing ALL groups
  s0:  RUNNING    LEADER s0@group-E264CA5F8311:t1, leader=s0, voted=s0, raftlog=Memoized:s0@group-E264CA5F8311-SegmentedRaftLog:OPENED:c0, conf=0: peers:[s0|rpc:localhost:39295|admin:localhost:44843|client:localhost:40991|dataStream:localhost:40677|priority:0|startupRole:FOLLOWER]|listeners:[], old=null RUNNING
2023-08-18 03:36:00,764 [s0@group-E264CA5F8311-StateMachineUpdater] INFO  impl.SimpleStateMachine4Testing (SimpleStateMachine4Testing.java:put(205)) - s0: put 1, m0 -> (t:1, i:1), STATEMACHINELOGENTRY, 258@client-7BD2AC0C27EA
2023-08-18 03:36:00,770 [s0@group-E264CA5F8311-StateMachineUpdater] INFO  impl.SimpleStateMachine4Testing (SimpleStateMachine4Testing.java:put(205)) - s0: put 3, m1 -> (t:1, i:3), STATEMACHINELOGENTRY, 259@client-7BD2AC0C27EA
2023-08-18 03:36:00,777 [s0@group-E264CA5F8311-StateMachineUpdater] INFO  impl.SimpleStateMachine4Testing (SimpleStateMachine4Testing.java:put(205)) - s0: put 5, m2 -> (t:1, i:5), STATEMACHINELOGENTRY, 260@client-7BD2AC0C27EA
2023-08-18 03:36:00,781 [s0@group-E264CA5F8311-StateMachineUpdater] INFO  impl.SimpleStateMachine4Testing (SimpleStateMachine4Testing.java:put(205)) - s0: put 7, m3 -> (t:1, i:7), STATEMACHINELOGENTRY, 261@client-7BD2AC0C27EA
2023-08-18 03:36:00,784 [s0@group-E264CA5F8311-StateMachineUpdater] INFO  impl.SimpleStateMachine4Testing (SimpleStateMachine4Testing.java:put(205)) - s0: put 9, m4 -> (t:1, i:9), STATEMACHINELOGENTRY, 262@client-7BD2AC0C27EA
2023-08-18 03:36:00,787 [s0@group-E264CA5F8311-StateMachineUpdater] INFO  impl.SimpleStateMachine4Testing (SimpleStateMachine4Testing.java:put(205)) - s0: put 11, m5 -> (t:1, i:11), STATEMACHINELOGENTRY, 263@client-7BD2AC0C27EA
2023-08-18 03:36:00,789 [s0@group-E264CA5F8311-StateMachineUpdater] INFO  impl.SimpleStateMachine4Testing (SimpleStateMachine4Testing.java:put(205)) - s0: put 13, m6 -> (t:1, i:13), STATEMACHINELOGENTRY, 264@client-7BD2AC0C27EA
2023-08-18 03:36:00,792 [s0@group-E264CA5F8311-StateMachineUpdater] INFO  impl.SimpleStateMachine4Testing (SimpleStateMachine4Testing.java:put(205)) - s0: put 15, m7 -> (t:1, i:15), STATEMACHINELOGENTRY, 265@client-7BD2AC0C27EA
2023-08-18 03:36:00,796 [s0@group-E264CA5F8311-StateMachineUpdater] INFO  impl.SimpleStateMachine4Testing (SimpleStateMachine4Testing.java:put(205)) - s0: put 17, m8 -> (t:1, i:17), STATEMACHINELOGENTRY, 266@client-7BD2AC0C27EA
2023-08-18 03:36:00,798 [s0@group-E264CA5F8311-StateMachineUpdater] INFO  impl.SimpleStateMachine4Testing (SimpleStateMachine4Testing.java:put(205)) - s0: put 19, m9 -> (t:1, i:19), STATEMACHINELOGENTRY, 267@client-7BD2AC0C27EA
2023-08-18 03:36:00,800 [s0@group-E264CA5F8311-StateMachineUpdater] INFO  impl.SimpleStateMachine4Testing (SimpleStateMachine4Testing.java:put(205)) - s0: put 21, m10 -> (t:1, i:21), STATEMACHINELOGENTRY, 268@client-7BD2AC0C27EA
2023-08-18 03:36:00,802 [s0@group-E264CA5F8311-StateMachineUpdater] INFO  impl.SimpleStateMachine4Testing (SimpleStateMachine4Testing.java:put(205)) - s0: put 23, m11 -> (t:1, i:23), STATEMACHINELOGENTRY, 269@client-7BD2AC0C27EA
2023-08-18 03:36:00,804 [s0@group-E264CA5F8311-StateMachineUpdater] INFO  impl.SimpleStateMachine4Testing (SimpleStateMachine4Testing.java:put(205)) - s0: put 25, m12 -> (t:1, i:25), STATEMACHINELOGENTRY, 270@client-7BD2AC0C27EA
2023-08-18 03:36:00,808 [s0@group-E264CA5F8311-StateMachineUpdater] INFO  impl.SimpleStateMachine4Testing (SimpleStateMachine4Testing.java:put(205)) - s0: put 27, m13 -> (t:1, i:27), STATEMACHINELOGENTRY, 271@client-7BD2AC0C27EA
2023-08-18 03:36:00,810 [s0@group-E264CA5F8311-StateMachineUpdater] INFO  impl.SimpleStateMachine4Testing (SimpleStateMachine4Testing.java:put(205)) - s0: put 29, m14 -> (t:1, i:29), STATEMACHINELOGENTRY, 272@client-7BD2AC0C27EA
2023-08-18 03:36:00,812 [s0@group-E264CA5F8311-StateMachineUpdater] INFO  impl.SimpleStateMachine4Testing (SimpleStateMachine4Testing.java:put(205)) - s0: put 31, m15 -> (t:1, i:31), STATEMACHINELOGENTRY, 273@client-7BD2AC0C27EA
2023-08-18 03:36:00,814 [s0@group-E264CA5F8311-StateMachineUpdater] INFO  impl.SimpleStateMachine4Testing (SimpleStateMachine4Testing.java:put(205)) - s0: put 33, m16 -> (t:1, i:33), STATEMACHINELOGENTRY, 274@client-7BD2AC0C27EA
2023-08-18 03:36:00,818 [s0@group-E264CA5F8311-StateMachineUpdater] INFO  impl.SimpleStateMachine4Testing (SimpleStateMachine4Testing.java:put(205)) - s0: put 35, m17 -> (t:1, i:35), STATEMACHINELOGENTRY, 275@client-7BD2AC0C27EA
2023-08-18 03:36:00,825 [s0@group-E264CA5F8311-StateMachineUpdater] INFO  impl.SimpleStateMachine4Testing (SimpleStateMachine4Testing.java:put(205)) - s0: put 37, m18 -> (t:1, i:37), STATEMACHINELOGENTRY, 276@client-7BD2AC0C27EA
2023-08-18 03:36:00,827 [s0@group-E264CA5F8311-StateMachineUpdater] INFO  impl.SimpleStateMachine4Testing (SimpleStateMachine4Testing.java:put(205)) - s0: put 39, m19 -> (t:1, i:39), STATEMACHINELOGENTRY, 277@client-7BD2AC0C27EA
2023-08-18 03:36:00,829 [s0@group-E264CA5F8311-StateMachineUpdater] INFO  impl.SimpleStateMachine4Testing (SimpleStateMachine4Testing.java:put(205)) - s0: put 41, m20 -> (t:1, i:41), STATEMACHINELOGENTRY, 278@client-7BD2AC0C27EA
2023-08-18 03:36:00,832 [s0@group-E264CA5F8311-StateMachineUpdater] INFO  impl.SimpleStateMachine4Testing (SimpleStateMachine4Testing.java:put(205)) - s0: put 43, m21 -> (t:1, i:43), STATEMACHINELOGENTRY, 279@client-7BD2AC0C27EA
2023-08-18 03:36:00,834 [s0@group-E264CA5F8311-StateMachineUpdater] INFO  impl.SimpleStateMachine4Testing (SimpleStateMachine4Testing.java:put(205)) - s0: put 45, m22 -> (t:1, i:45), STATEMACHINELOGENTRY, 280@client-7BD2AC0C27EA
2023-08-18 03:36:00,836 [s0@group-E264CA5F8311-StateMachineUpdater] INFO  impl.SimpleStateMachine4Testing (SimpleStateMachine4Testing.java:put(205)) - s0: put 47, m23 -> (t:1, i:47), STATEMACHINELOGENTRY, 281@client-7BD2AC0C27EA
2023-08-18 03:36:00,838 [s0@group-E264CA5F8311-StateMachineUpdater] INFO  impl.SimpleStateMachine4Testing (SimpleStateMachine4Testing.java:put(205)) - s0: put 49, m24 -> (t:1, i:49), STATEMACHINELOGENTRY, 282@client-7BD2AC0C27EA
2023-08-18 03:36:00,840 [s0@group-E264CA5F8311-StateMachineUpdater] INFO  impl.SimpleStateMachine4Testing (SimpleStateMachine4Testing.java:put(205)) - s0: put 51, m25 -> (t:1, i:51), STATEMACHINELOGENTRY, 283@client-7BD2AC0C27EA
2023-08-18 03:36:00,842 [s0@group-E264CA5F8311-StateMachineUpdater] INFO  impl.SimpleStateMachine4Testing (SimpleStateMachine4Testing.java:put(205)) - s0: put 53, m26 -> (t:1, i:53), STATEMACHINELOGENTRY, 284@client-7BD2AC0C27EA
2023-08-18 03:36:00,844 [s0@group-E264CA5F8311-StateMachineUpdater] INFO  impl.SimpleStateMachine4Testing (SimpleStateMachine4Testing.java:put(205)) - s0: put 55, m27 -> (t:1, i:55), STATEMACHINELOGENTRY, 285@client-7BD2AC0C27EA
2023-08-18 03:36:00,846 [s0@group-E264CA5F8311-StateMachineUpdater] INFO  impl.SimpleStateMachine4Testing (SimpleStateMachine4Testing.java:put(205)) - s0: put 57, m28 -> (t:1, i:57), STATEMACHINELOGENTRY, 286@client-7BD2AC0C27EA
2023-08-18 03:36:00,848 [s0@group-E264CA5F8311-StateMachineUpdater] INFO  impl.SimpleStateMachine4Testing (SimpleStateMachine4Testing.java:put(205)) - s0: put 59, m29 -> (t:1, i:59), STATEMACHINELOGENTRY, 287@client-7BD2AC0C27EA
2023-08-18 03:36:00,850 [s0@group-E264CA5F8311-StateMachineUpdater] INFO  impl.SimpleStateMachine4Testing (SimpleStateMachine4Testing.java:put(205)) - s0: put 61, m30 -> (t:1, i:61), STATEMACHINELOGENTRY, 288@client-7BD2AC0C27EA
2023-08-18 03:36:00,853 [s0@group-E264CA5F8311-StateMachineUpdater] INFO  impl.SimpleStateMachine4Testing (SimpleStateMachine4Testing.java:put(205)) - s0: put 63, m31 -> (t:1, i:63), STATEMACHINELOGENTRY, 289@client-7BD2AC0C27EA
2023-08-18 03:36:00,853 [s0@group-E264CA5F8311-StateMachineUpdater] TRACE util.FileUtils (LogUtils.java:runAndLog(49)) - Successfully ran Files.createDirectories /home/runner/work/ratis/ratis/ratis-test/target/test/data/24296cbb/MiniRaftClusterWithGrpcda665c53/s0/33e4bec1-6c56-422e-957b-e264ca5f8311/sm/snapshot
2023-08-18 03:36:00,853 [s0@group-E264CA5F8311-StateMachineUpdater] TRACE util.FileUtils (LogUtils.java:runAndLog(49)) - Successfully ran Files.createDirectories /home/runner/work/ratis/ratis/ratis-test/target/test/data/24296cbb/MiniRaftClusterWithGrpcda665c53/s0/33e4bec1-6c56-422e-957b-e264ca5f8311/sm/snapshot
2023-08-18 03:36:00,853 [s0@group-E264CA5F8311-StateMachineUpdater] TRACE util.FileUtils (LogUtils.java:runAndLog(49)) - Successfully ran Files.createDirectories /home/runner/work/ratis/ratis/ratis-test/target/test/data/24296cbb/MiniRaftClusterWithGrpcda665c53/s0/33e4bec1-6c56-422e-957b-e264ca5f8311/sm/snapshot/sub
2023-08-18 03:36:00,853 [s0@group-E264CA5F8311-StateMachineUpdater] TRACE util.FileUtils (LogUtils.java:supplyAndLog(70)) - Successfully supplied Files.newOutputStream CREATE_NEW /home/runner/work/ratis/ratis/ratis-test/target/test/data/24296cbb/MiniRaftClusterWithGrpcda665c53/s0/33e4bec1-6c56-422e-957b-e264ca5f8311/sm/snapshot/1.bin: java.nio.channels.Channels$1@1381c7e8
2023-08-18 03:36:00,853 [s0@group-E264CA5F8311-StateMachineUpdater] TRACE util.FileUtils (LogUtils.java:supplyAndLog(70)) - Successfully supplied Files.newOutputStream CREATE_NEW /home/runner/work/ratis/ratis/ratis-test/target/test/data/24296cbb/MiniRaftClusterWithGrpcda665c53/s0/33e4bec1-6c56-422e-957b-e264ca5f8311/sm/snapshot/sub/2.bin: java.nio.channels.Channels$1@17be5140
2023-08-18 03:36:00,864 [s0@group-E264CA5F8311-StateMachineUpdater] INFO  impl.StateMachineUpdater (StateMachineUpdater.java:takeSnapshot(295)) - s0@group-E264CA5F8311-StateMachineUpdater: Took a snapshot at index 63
2023-08-18 03:36:00,864 [s0@group-E264CA5F8311-StateMachineUpdater] INFO  impl.StateMachineUpdater (StateMachineUpdater.java:lambda$new$0(98)) - s0@group-E264CA5F8311-StateMachineUpdater: snapshotIndex: updateIncreasingly -1 -> 63
2023-08-18 03:36:00,864 [s0@group-E264CA5F8311-StateMachineUpdater] INFO  raftlog.RaftLog (RaftLogBase.java:purge(315)) - s0@group-E264CA5F8311-SegmentedRaftLog: purge 63
2023-08-18 03:36:00,864 [s0@group-E264CA5F8311-StateMachineUpdater] INFO  raftlog.RaftLog (RaftLogBase.java:lambda$new$0(54)) - s0@group-E264CA5F8311-SegmentedRaftLog: snapshotIndex: updateIncreasingly -1 -> 63
2023-08-18 03:36:00,864 [s0@group-E264CA5F8311-StateMachineUpdater] INFO  raftlog.RaftLog (RaftLogBase.java:lambda$new$0(54)) - s0@group-E264CA5F8311-SegmentedRaftLog: purgeIndex: updateToMax old=-1, new=63, updated? true
2023-08-18 03:36:00,864 [s0@group-E264CA5F8311-StateMachineUpdater] INFO  impl.SimpleStateMachine4Testing (SimpleStateMachine4Testing.java:put(205)) - s0: put 65, m32 -> (t:1, i:65), STATEMACHINELOGENTRY, 290@client-7BD2AC0C27EA
2023-08-18 03:36:00,866 [s0@group-E264CA5F8311-StateMachineUpdater] INFO  impl.SimpleStateMachine4Testing (SimpleStateMachine4Testing.java:put(205)) - s0: put 67, m33 -> (t:1, i:67), STATEMACHINELOGENTRY, 291@client-7BD2AC0C27EA
2023-08-18 03:36:00,869 [s0@group-E264CA5F8311-StateMachineUpdater] INFO  impl.SimpleStateMachine4Testing (SimpleStateMachine4Testing.java:put(205)) - s0: put 69, m34 -> (t:1, i:69), STATEMACHINELOGENTRY, 292@client-7BD2AC0C27EA
2023-08-18 03:36:00,871 [s0@group-E264CA5F8311-StateMachineUpdater] INFO  impl.SimpleStateMachine4Testing (SimpleStateMachine4Testing.java:put(205)) - s0: put 71, m35 -> (t:1, i:71), STATEMACHINELOGENTRY, 293@client-7BD2AC0C27EA
2023-08-18 03:36:00,874 [s0@group-E264CA5F8311-StateMachineUpdater] INFO  impl.SimpleStateMachine4Testing (SimpleStateMachine4Testing.java:put(205)) - s0: put 73, m36 -> (t:1, i:73), STATEMACHINELOGENTRY, 294@client-7BD2AC0C27EA
2023-08-18 03:36:00,876 [s0@group-E264CA5F8311-StateMachineUpdater] INFO  impl.SimpleStateMachine4Testing (SimpleStateMachine4Testing.java:put(205)) - s0: put 75, m37 -> (t:1, i:75), STATEMACHINELOGENTRY, 295@client-7BD2AC0C27EA
2023-08-18 03:36:00,878 [s0@group-E264CA5F8311-StateMachineUpdater] INFO  impl.SimpleStateMachine4Testing (SimpleStateMachine4Testing.java:put(205)) - s0: put 77, m38 -> (t:1, i:77), STATEMACHINELOGENTRY, 296@client-7BD2AC0C27EA
2023-08-18 03:36:00,880 [s0@group-E264CA5F8311-StateMachineUpdater] INFO  impl.SimpleStateMachine4Testing (SimpleStateMachine4Testing.java:put(205)) - s0: put 79, m39 -> (t:1, i:79), STATEMACHINELOGENTRY, 297@client-7BD2AC0C27EA
2023-08-18 03:36:00,882 [s0@group-E264CA5F8311-StateMachineUpdater] INFO  impl.SimpleStateMachine4Testing (SimpleStateMachine4Testing.java:put(205)) - s0: put 81, m40 -> (t:1, i:81), STATEMACHINELOGENTRY, 298@client-7BD2AC0C27EA
2023-08-18 03:36:00,885 [s0@group-E264CA5F8311-StateMachineUpdater] INFO  impl.SimpleStateMachine4Testing (SimpleStateMachine4Testing.java:put(205)) - s0: put 83, m41 -> (t:1, i:83), STATEMACHINELOGENTRY, 299@client-7BD2AC0C27EA
2023-08-18 03:36:00,887 [s0@group-E264CA5F8311-StateMachineUpdater] INFO  impl.SimpleStateMachine4Testing (SimpleStateMachine4Testing.java:put(205)) - s0: put 85, m42 -> (t:1, i:85), STATEMACHINELOGENTRY, 300@client-7BD2AC0C27EA
2023-08-18 03:36:00,889 [s0@group-E264CA5F8311-StateMachineUpdater] INFO  impl.SimpleStateMachine4Testing (SimpleStateMachine4Testing.java:put(205)) - s0: put 87, m43 -> (t:1, i:87), STATEMACHINELOGENTRY, 301@client-7BD2AC0C27EA
2023-08-18 03:36:00,891 [s0@group-E264CA5F8311-StateMachineUpdater] INFO  impl.SimpleStateMachine4Testing (SimpleStateMachine4Testing.java:put(205)) - s0: put 89, m44 -> (t:1, i:89), STATEMACHINELOGENTRY, 302@client-7BD2AC0C27EA
2023-08-18 03:36:00,893 [s0@group-E264CA5F8311-StateMachineUpdater] INFO  impl.SimpleStateMachine4Testing (SimpleStateMachine4Testing.java:put(205)) - s0: put 91, m45 -> (t:1, i:91), STATEMACHINELOGENTRY, 303@client-7BD2AC0C27EA
2023-08-18 03:36:00,895 [s0@group-E264CA5F8311-StateMachineUpdater] INFO  impl.SimpleStateMachine4Testing (SimpleStateMachine4Testing.java:put(205)) - s0: put 93, m46 -> (t:1, i:93), STATEMACHINELOGENTRY, 304@client-7BD2AC0C27EA
2023-08-18 03:36:00,897 [s0@group-E264CA5F8311-StateMachineUpdater] INFO  impl.SimpleStateMachine4Testing (SimpleStateMachine4Testing.java:put(205)) - s0: put 95, m47 -> (t:1, i:95), STATEMACHINELOGENTRY, 305@client-7BD2AC0C27EA
2023-08-18 03:36:00,899 [s0@group-E264CA5F8311-StateMachineUpdater] INFO  impl.SimpleStateMachine4Testing (SimpleStateMachine4Testing.java:put(205)) - s0: put 97, m48 -> (t:1, i:97), STATEMACHINELOGENTRY, 306@client-7BD2AC0C27EA
2023-08-18 03:36:00,901 [s0@group-E264CA5F8311-StateMachineUpdater] INFO  impl.SimpleStateMachine4Testing (SimpleStateMachine4Testing.java:put(205)) - s0: put 99, m49 -> (t:1, i:99), STATEMACHINELOGENTRY, 307@client-7BD2AC0C27EA
2023-08-18 03:36:00,904 [s0@group-E264CA5F8311-StateMachineUpdater] INFO  impl.SimpleStateMachine4Testing (SimpleStateMachine4Testing.java:put(205)) - s0: put 101, m50 -> (t:1, i:101), STATEMACHINELOGENTRY, 308@client-7BD2AC0C27EA
2023-08-18 03:36:00,906 [s0@group-E264CA5F8311-StateMachineUpdater] INFO  impl.SimpleStateMachine4Testing (SimpleStateMachine4Testing.java:put(205)) - s0: put 103, m51 -> (t:1, i:103), STATEMACHINELOGENTRY, 309@client-7BD2AC0C27EA
2023-08-18 03:36:00,908 [s0@group-E264CA5F8311-StateMachineUpdater] INFO  impl.SimpleStateMachine4Testing (SimpleStateMachine4Testing.java:put(205)) - s0: put 105, m52 -> (t:1, i:105), STATEMACHINELOGENTRY, 310@client-7BD2AC0C27EA
2023-08-18 03:36:00,910 [s0@group-E264CA5F8311-StateMachineUpdater] INFO  impl.SimpleStateMachine4Testing (SimpleStateMachine4Testing.java:put(205)) - s0: put 107, m53 -> (t:1, i:107), STATEMACHINELOGENTRY, 311@client-7BD2AC0C27EA
2023-08-18 03:36:00,912 [s0@group-E264CA5F8311-StateMachineUpdater] INFO  impl.SimpleStateMachine4Testing (SimpleStateMachine4Testing.java:put(205)) - s0: put 109, m54 -> (t:1, i:109), STATEMACHINELOGENTRY, 312@client-7BD2AC0C27EA
2023-08-18 03:36:00,915 [s0@group-E264CA5F8311-StateMachineUpdater] INFO  impl.SimpleStateMachine4Testing (SimpleStateMachine4Testing.java:put(205)) - s0: put 111, m55 -> (t:1, i:111), STATEMACHINELOGENTRY, 313@client-7BD2AC0C27EA
2023-08-18 03:36:00,917 [s0@group-E264CA5F8311-StateMachineUpdater] INFO  impl.SimpleStateMachine4Testing (SimpleStateMachine4Testing.java:put(205)) - s0: put 113, m56 -> (t:1, i:113), STATEMACHINELOGENTRY, 314@client-7BD2AC0C27EA
2023-08-18 03:36:00,919 [s0@group-E264CA5F8311-StateMachineUpdater] INFO  impl.SimpleStateMachine4Testing (SimpleStateMachine4Testing.java:put(205)) - s0: put 115, m57 -> (t:1, i:115), STATEMACHINELOGENTRY, 315@client-7BD2AC0C27EA
2023-08-18 03:36:00,921 [s0@group-E264CA5F8311-StateMachineUpdater] INFO  impl.SimpleStateMachine4Testing (SimpleStateMachine4Testing.java:put(205)) - s0: put 117, m58 -> (t:1, i:117), STATEMACHINELOGENTRY, 316@client-7BD2AC0C27EA
2023-08-18 03:36:00,922 [s0@group-E264CA5F8311-StateMachineUpdater] INFO  impl.SimpleStateMachine4Testing (SimpleStateMachine4Testing.java:put(205)) - s0: put 119, m59 -> (t:1, i:119), STATEMACHINELOGENTRY, 317@client-7BD2AC0C27EA
2023-08-18 03:36:00,925 [s0@group-E264CA5F8311-StateMachineUpdater] INFO  impl.SimpleStateMachine4Testing (SimpleStateMachine4Testing.java:put(205)) - s0: put 121, m60 -> (t:1, i:121), STATEMACHINELOGENTRY, 318@client-7BD2AC0C27EA
2023-08-18 03:36:00,927 [s0@group-E264CA5F8311-StateMachineUpdater] INFO  impl.SimpleStateMachine4Testing (SimpleStateMachine4Testing.java:put(205)) - s0: put 123, m61 -> (t:1, i:123), STATEMACHINELOGENTRY, 319@client-7BD2AC0C27EA
2023-08-18 03:36:00,937 [s0@group-E264CA5F8311-StateMachineUpdater] INFO  impl.SimpleStateMachine4Testing (SimpleStateMachine4Testing.java:put(205)) - s0: put 125, m62 -> (t:1, i:125), STATEMACHINELOGENTRY, 320@client-7BD2AC0C27EA
2023-08-18 03:36:00,939 [s0@group-E264CA5F8311-StateMachineUpdater] INFO  impl.SimpleStateMachine4Testing (SimpleStateMachine4Testing.java:put(205)) - s0: put 127, m63 -> (t:1, i:127), STATEMACHINELOGENTRY, 321@client-7BD2AC0C27EA
2023-08-18 03:36:00,949 [s0@group-E264CA5F8311-StateMachineUpdater] INFO  impl.StateMachineUpdater (StateMachineUpdater.java:takeSnapshot(295)) - s0@group-E264CA5F8311-StateMachineUpdater: Took a snapshot at index 127
2023-08-18 03:36:00,949 [s0@group-E264CA5F8311-StateMachineUpdater] INFO  impl.StateMachineUpdater (StateMachineUpdater.java:lambda$new$0(98)) - s0@group-E264CA5F8311-StateMachineUpdater: snapshotIndex: updateIncreasingly 63 -> 127
2023-08-18 03:36:00,949 [s0@group-E264CA5F8311-StateMachineUpdater] INFO  raftlog.RaftLog (RaftLogBase.java:purge(315)) - s0@group-E264CA5F8311-SegmentedRaftLog: purge 127
2023-08-18 03:36:00,949 [s0@group-E264CA5F8311-StateMachineUpdater] INFO  raftlog.RaftLog (RaftLogBase.java:lambda$new$0(54)) - s0@group-E264CA5F8311-SegmentedRaftLog: snapshotIndex: updateIncreasingly 63 -> 127
2023-08-18 03:36:00,949 [s0@group-E264CA5F8311-StateMachineUpdater] INFO  raftlog.RaftLog (RaftLogBase.java:lambda$new$0(54)) - s0@group-E264CA5F8311-SegmentedRaftLog: purgeIndex: updateToMax old=63, new=127, updated? true
2023-08-18 03:36:00,949 [s0@group-E264CA5F8311-StateMachineUpdater] INFO  impl.SimpleStateMachine4Testing (SimpleStateMachine4Testing.java:put(205)) - s0: put 129, m64 -> (t:1, i:129), STATEMACHINELOGENTRY, 322@client-7BD2AC0C27EA
2023-08-18 03:36:00,952 [s0@group-E264CA5F8311-StateMachineUpdater] INFO  impl.SimpleStateMachine4Testing (SimpleStateMachine4Testing.java:put(205)) - s0: put 131, m65 -> (t:1, i:131), STATEMACHINELOGENTRY, 323@client-7BD2AC0C27EA
2023-08-18 03:36:00,953 [s0@group-E264CA5F8311-StateMachineUpdater] INFO  impl.SimpleStateMachine4Testing (SimpleStateMachine4Testing.java:put(205)) - s0: put 133, m66 -> (t:1, i:133), STATEMACHINELOGENTRY, 324@client-7BD2AC0C27EA
2023-08-18 03:36:00,955 [s0@group-E264CA5F8311-StateMachineUpdater] INFO  impl.SimpleStateMachine4Testing (SimpleStateMachine4Testing.java:put(205)) - s0: put 135, m67 -> (t:1, i:135), STATEMACHINELOGENTRY, 325@client-7BD2AC0C27EA
2023-08-18 03:36:00,957 [s0@group-E264CA5F8311-StateMachineUpdater] INFO  impl.SimpleStateMachine4Testing (SimpleStateMachine4Testing.java:put(205)) - s0: put 137, m68 -> (t:1, i:137), STATEMACHINELOGENTRY, 326@client-7BD2AC0C27EA
2023-08-18 03:36:00,959 [s0@group-E264CA5F8311-StateMachineUpdater] INFO  impl.SimpleStateMachine4Testing (SimpleStateMachine4Testing.java:put(205)) - s0: put 139, m69 -> (t:1, i:139), STATEMACHINELOGENTRY, 327@client-7BD2AC0C27EA
2023-08-18 03:36:00,961 [s0@group-E264CA5F8311-StateMachineUpdater] INFO  impl.SimpleStateMachine4Testing (SimpleStateMachine4Testing.java:put(205)) - s0: put 141, m70 -> (t:1, i:141), STATEMACHINELOGENTRY, 328@client-7BD2AC0C27EA
2023-08-18 03:36:00,963 [s0@group-E264CA5F8311-StateMachineUpdater] INFO  impl.SimpleStateMachine4Testing (SimpleStateMachine4Testing.java:put(205)) - s0: put 143, m71 -> (t:1, i:143), STATEMACHINELOGENTRY, 329@client-7BD2AC0C27EA
2023-08-18 03:36:00,964 [s0@group-E264CA5F8311-StateMachineUpdater] INFO  impl.SimpleStateMachine4Testing (SimpleStateMachine4Testing.java:put(205)) - s0: put 145, m72 -> (t:1, i:145), STATEMACHINELOGENTRY, 330@client-7BD2AC0C27EA
2023-08-18 03:36:00,966 [s0@group-E264CA5F8311-StateMachineUpdater] INFO  impl.SimpleStateMachine4Testing (SimpleStateMachine4Testing.java:put(205)) - s0: put 147, m73 -> (t:1, i:147), STATEMACHINELOGENTRY, 331@client-7BD2AC0C27EA
2023-08-18 03:36:00,968 [s0@group-E264CA5F8311-StateMachineUpdater] INFO  impl.SimpleStateMachine4Testing (SimpleStateMachine4Testing.java:put(205)) - s0: put 149, m74 -> (t:1, i:149), STATEMACHINELOGENTRY, 332@client-7BD2AC0C27EA
2023-08-18 03:36:00,970 [s0@group-E264CA5F8311-StateMachineUpdater] INFO  impl.SimpleStateMachine4Testing (SimpleStateMachine4Testing.java:put(205)) - s0: put 151, m75 -> (t:1, i:151), STATEMACHINELOGENTRY, 333@client-7BD2AC0C27EA
2023-08-18 03:36:00,972 [s0@group-E264CA5F8311-StateMachineUpdater] INFO  impl.SimpleStateMachine4Testing (SimpleStateMachine4Testing.java:put(205)) - s0: put 153, m76 -> (t:1, i:153), STATEMACHINELOGENTRY, 334@client-7BD2AC0C27EA
2023-08-18 03:36:00,974 [s0@group-E264CA5F8311-StateMachineUpdater] INFO  impl.SimpleStateMachine4Testing (SimpleStateMachine4Testing.java:put(205)) - s0: put 155, m77 -> (t:1, i:155), STATEMACHINELOGENTRY, 335@client-7BD2AC0C27EA
2023-08-18 03:36:00,976 [s0@group-E264CA5F8311-StateMachineUpdater] INFO  impl.SimpleStateMachine4Testing (SimpleStateMachine4Testing.java:put(205)) - s0: put 157, m78 -> (t:1, i:157), STATEMACHINELOGENTRY, 336@client-7BD2AC0C27EA
2023-08-18 03:36:00,980 [s0@group-E264CA5F8311-StateMachineUpdater] INFO  impl.SimpleStateMachine4Testing (SimpleStateMachine4Testing.java:put(205)) - s0: put 159, m79 -> (t:1, i:159), STATEMACHINELOGENTRY, 337@client-7BD2AC0C27EA
2023-08-18 03:36:00,983 [s0@group-E264CA5F8311-StateMachineUpdater] INFO  impl.SimpleStateMachine4Testing (SimpleStateMachine4Testing.java:put(205)) - s0: put 161, m80 -> (t:1, i:161), STATEMACHINELOGENTRY, 338@client-7BD2AC0C27EA
2023-08-18 03:36:00,985 [s0@group-E264CA5F8311-StateMachineUpdater] INFO  impl.SimpleStateMachine4Testing (SimpleStateMachine4Testing.java:put(205)) - s0: put 163, m81 -> (t:1, i:163), STATEMACHINELOGENTRY, 339@client-7BD2AC0C27EA
2023-08-18 03:36:00,986 [s0@group-E264CA5F8311-StateMachineUpdater] INFO  impl.SimpleStateMachine4Testing (SimpleStateMachine4Testing.java:put(205)) - s0: put 165, m82 -> (t:1, i:165), STATEMACHINELOGENTRY, 340@client-7BD2AC0C27EA
2023-08-18 03:36:00,988 [s0@group-E264CA5F8311-StateMachineUpdater] INFO  impl.SimpleStateMachine4Testing (SimpleStateMachine4Testing.java:put(205)) - s0: put 167, m83 -> (t:1, i:167), STATEMACHINELOGENTRY, 341@client-7BD2AC0C27EA
2023-08-18 03:36:00,993 [s0@group-E264CA5F8311-StateMachineUpdater] INFO  impl.SimpleStateMachine4Testing (SimpleStateMachine4Testing.java:put(205)) - s0: put 169, m84 -> (t:1, i:169), STATEMACHINELOGENTRY, 342@client-7BD2AC0C27EA
2023-08-18 03:36:00,995 [s0@group-E264CA5F8311-StateMachineUpdater] INFO  impl.SimpleStateMachine4Testing (SimpleStateMachine4Testing.java:put(205)) - s0: put 171, m85 -> (t:1, i:171), STATEMACHINELOGENTRY, 343@client-7BD2AC0C27EA
2023-08-18 03:36:00,996 [s0@group-E264CA5F8311-StateMachineUpdater] INFO  impl.SimpleStateMachine4Testing (SimpleStateMachine4Testing.java:put(205)) - s0: put 173, m86 -> (t:1, i:173), STATEMACHINELOGENTRY, 344@client-7BD2AC0C27EA
2023-08-18 03:36:00,998 [s0@group-E264CA5F8311-StateMachineUpdater] INFO  impl.SimpleStateMachine4Testing (SimpleStateMachine4Testing.java:put(205)) - s0: put 175, m87 -> (t:1, i:175), STATEMACHINELOGENTRY, 345@client-7BD2AC0C27EA
2023-08-18 03:36:01,000 [s0@group-E264CA5F8311-StateMachineUpdater] INFO  impl.SimpleStateMachine4Testing (SimpleStateMachine4Testing.java:put(205)) - s0: put 177, m88 -> (t:1, i:177), STATEMACHINELOGENTRY, 346@client-7BD2AC0C27EA
2023-08-18 03:36:01,002 [s0@group-E264CA5F8311-StateMachineUpdater] INFO  impl.SimpleStateMachine4Testing (SimpleStateMachine4Testing.java:put(205)) - s0: put 179, m89 -> (t:1, i:179), STATEMACHINELOGENTRY, 347@client-7BD2AC0C27EA
2023-08-18 03:36:01,003 [s0@group-E264CA5F8311-StateMachineUpdater] INFO  impl.SimpleStateMachine4Testing (SimpleStateMachine4Testing.java:put(205)) - s0: put 181, m90 -> (t:1, i:181), STATEMACHINELOGENTRY, 348@client-7BD2AC0C27EA
2023-08-18 03:36:01,005 [s0@group-E264CA5F8311-StateMachineUpdater] INFO  impl.SimpleStateMachine4Testing (SimpleStateMachine4Testing.java:put(205)) - s0: put 183, m91 -> (t:1, i:183), STATEMACHINELOGENTRY, 349@client-7BD2AC0C27EA
2023-08-18 03:36:01,007 [s0@group-E264CA5F8311-StateMachineUpdater] INFO  impl.SimpleStateMachine4Testing (SimpleStateMachine4Testing.java:put(205)) - s0: put 185, m92 -> (t:1, i:185), STATEMACHINELOGENTRY, 350@client-7BD2AC0C27EA
2023-08-18 03:36:01,012 [s0@group-E264CA5F8311-StateMachineUpdater] INFO  impl.SimpleStateMachine4Testing (SimpleStateMachine4Testing.java:put(205)) - s0: put 187, m93 -> (t:1, i:187), STATEMACHINELOGENTRY, 351@client-7BD2AC0C27EA
2023-08-18 03:36:01,014 [s0@group-E264CA5F8311-StateMachineUpdater] INFO  impl.SimpleStateMachine4Testing (SimpleStateMachine4Testing.java:put(205)) - s0: put 189, m94 -> (t:1, i:189), STATEMACHINELOGENTRY, 352@client-7BD2AC0C27EA
2023-08-18 03:36:01,016 [s0@group-E264CA5F8311-StateMachineUpdater] INFO  impl.SimpleStateMachine4Testing (SimpleStateMachine4Testing.java:put(205)) - s0: put 191, m95 -> (t:1, i:191), STATEMACHINELOGENTRY, 353@client-7BD2AC0C27EA
2023-08-18 03:36:01,026 [s0@group-E264CA5F8311-StateMachineUpdater] INFO  impl.StateMachineUpdater (StateMachineUpdater.java:takeSnapshot(295)) - s0@group-E264CA5F8311-StateMachineUpdater: Took a snapshot at index 191
2023-08-18 03:36:01,026 [s0@group-E264CA5F8311-StateMachineUpdater] INFO  impl.StateMachineUpdater (StateMachineUpdater.java:lambda$new$0(98)) - s0@group-E264CA5F8311-StateMachineUpdater: snapshotIndex: updateIncreasingly 127 -> 191
2023-08-18 03:36:01,027 [s0@group-E264CA5F8311-StateMachineUpdater] INFO  raftlog.RaftLog (RaftLogBase.java:purge(315)) - s0@group-E264CA5F8311-SegmentedRaftLog: purge 191
2023-08-18 03:36:01,027 [s0@group-E264CA5F8311-StateMachineUpdater] INFO  raftlog.RaftLog (RaftLogBase.java:lambda$new$0(54)) - s0@group-E264CA5F8311-SegmentedRaftLog: snapshotIndex: updateIncreasingly 127 -> 191
2023-08-18 03:36:01,027 [s0@group-E264CA5F8311-StateMachineUpdater] INFO  raftlog.RaftLog (RaftLogBase.java:lambda$new$0(54)) - s0@group-E264CA5F8311-SegmentedRaftLog: purgeIndex: updateToMax old=127, new=191, updated? true
2023-08-18 03:36:01,027 [s0@group-E264CA5F8311-StateMachineUpdater] INFO  impl.SimpleStateMachine4Testing (SimpleStateMachine4Testing.java:put(205)) - s0: put 193, m96 -> (t:1, i:193), STATEMACHINELOGENTRY, 354@client-7BD2AC0C27EA
2023-08-18 03:36:01,029 [s0@group-E264CA5F8311-StateMachineUpdater] INFO  impl.SimpleStateMachine4Testing (SimpleStateMachine4Testing.java:put(205)) - s0: put 195, m97 -> (t:1, i:195), STATEMACHINELOGENTRY, 355@client-7BD2AC0C27EA
2023-08-18 03:36:01,031 [s0@group-E264CA5F8311-StateMachineUpdater] INFO  impl.SimpleStateMachine4Testing (SimpleStateMachine4Testing.java:put(205)) - s0: put 197, m98 -> (t:1, i:197), STATEMACHINELOGENTRY, 356@client-7BD2AC0C27EA
2023-08-18 03:36:01,033 [s0@group-E264CA5F8311-StateMachineUpdater] INFO  impl.SimpleStateMachine4Testing (SimpleStateMachine4Testing.java:put(205)) - s0: put 199, m99 -> (t:1, i:199), STATEMACHINELOGENTRY, 357@client-7BD2AC0C27EA
2023-08-18 03:36:01,036 [s0@group-E264CA5F8311-StateMachineUpdater] INFO  impl.SimpleStateMachine4Testing (SimpleStateMachine4Testing.java:put(205)) - s0: put 201, m100 -> (t:1, i:201), STATEMACHINELOGENTRY, 358@client-7BD2AC0C27EA
2023-08-18 03:36:01,038 [s0@group-E264CA5F8311-StateMachineUpdater] INFO  impl.SimpleStateMachine4Testing (SimpleStateMachine4Testing.java:put(205)) - s0: put 203, m101 -> (t:1, i:203), STATEMACHINELOGENTRY, 359@client-7BD2AC0C27EA
2023-08-18 03:36:01,040 [s0@group-E264CA5F8311-StateMachineUpdater] INFO  impl.SimpleStateMachine4Testing (SimpleStateMachine4Testing.java:put(205)) - s0: put 205, m102 -> (t:1, i:205), STATEMACHINELOGENTRY, 360@client-7BD2AC0C27EA
2023-08-18 03:36:01,042 [s0@group-E264CA5F8311-StateMachineUpdater] INFO  impl.SimpleStateMachine4Testing (SimpleStateMachine4Testing.java:put(205)) - s0: put 207, m103 -> (t:1, i:207), STATEMACHINELOGENTRY, 361@client-7BD2AC0C27EA
2023-08-18 03:36:01,044 [s0@group-E264CA5F8311-StateMachineUpdater] INFO  impl.SimpleStateMachine4Testing (SimpleStateMachine4Testing.java:put(205)) - s0: put 209, m104 -> (t:1, i:209), STATEMACHINELOGENTRY, 362@client-7BD2AC0C27EA
2023-08-18 03:36:01,046 [s0@group-E264CA5F8311-StateMachineUpdater] INFO  impl.SimpleStateMachine4Testing (SimpleStateMachine4Testing.java:put(205)) - s0: put 211, m105 -> (t:1, i:211), STATEMACHINELOGENTRY, 363@client-7BD2AC0C27EA
2023-08-18 03:36:01,048 [s0@group-E264CA5F8311-StateMachineUpdater] INFO  impl.SimpleStateMachine4Testing (SimpleStateMachine4Testing.java:put(205)) - s0: put 213, m106 -> (t:1, i:213), STATEMACHINELOGENTRY, 364@client-7BD2AC0C27EA
2023-08-18 03:36:01,051 [s0@group-E264CA5F8311-StateMachineUpdater] INFO  impl.SimpleStateMachine4Testing (SimpleStateMachine4Testing.java:put(205)) - s0: put 215, m107 -> (t:1, i:215), STATEMACHINELOGENTRY, 365@client-7BD2AC0C27EA
2023-08-18 03:36:01,054 [s0@group-E264CA5F8311-StateMachineUpdater] INFO  impl.SimpleStateMachine4Testing (SimpleStateMachine4Testing.java:put(205)) - s0: put 217, m108 -> (t:1, i:217), STATEMACHINELOGENTRY, 366@client-7BD2AC0C27EA
2023-08-18 03:36:01,056 [s0@group-E264CA5F8311-StateMachineUpdater] INFO  impl.SimpleStateMachine4Testing (SimpleStateMachine4Testing.java:put(205)) - s0: put 219, m109 -> (t:1, i:219), STATEMACHINELOGENTRY, 367@client-7BD2AC0C27EA
2023-08-18 03:36:01,058 [s0@group-E264CA5F8311-StateMachineUpdater] INFO  impl.SimpleStateMachine4Testing (SimpleStateMachine4Testing.java:put(205)) - s0: put 221, m110 -> (t:1, i:221), STATEMACHINELOGENTRY, 368@client-7BD2AC0C27EA
2023-08-18 03:36:01,060 [s0@group-E264CA5F8311-StateMachineUpdater] INFO  impl.SimpleStateMachine4Testing (SimpleStateMachine4Testing.java:put(205)) - s0: put 223, m111 -> (t:1, i:223), STATEMACHINELOGENTRY, 369@client-7BD2AC0C27EA
2023-08-18 03:36:01,064 [s0@group-E264CA5F8311-StateMachineUpdater] INFO  impl.SimpleStateMachine4Testing (SimpleStateMachine4Testing.java:put(205)) - s0: put 225, m112 -> (t:1, i:225), STATEMACHINELOGENTRY, 370@client-7BD2AC0C27EA
2023-08-18 03:36:01,066 [s0@group-E264CA5F8311-StateMachineUpdater] INFO  impl.SimpleStateMachine4Testing (SimpleStateMachine4Testing.java:put(205)) - s0: put 227, m113 -> (t:1, i:227), STATEMACHINELOGENTRY, 371@client-7BD2AC0C27EA
2023-08-18 03:36:01,069 [s0@group-E264CA5F8311-StateMachineUpdater] INFO  impl.SimpleStateMachine4Testing (SimpleStateMachine4Testing.java:put(205)) - s0: put 229, m114 -> (t:1, i:229), STATEMACHINELOGENTRY, 372@client-7BD2AC0C27EA
2023-08-18 03:36:01,071 [s0@group-E264CA5F8311-StateMachineUpdater] INFO  impl.SimpleStateMachine4Testing (SimpleStateMachine4Testing.java:put(205)) - s0: put 231, m115 -> (t:1, i:231), STATEMACHINELOGENTRY, 373@client-7BD2AC0C27EA
2023-08-18 03:36:01,074 [s0@group-E264CA5F8311-StateMachineUpdater] INFO  impl.SimpleStateMachine4Testing (SimpleStateMachine4Testing.java:put(205)) - s0: put 233, m116 -> (t:1, i:233), STATEMACHINELOGENTRY, 374@client-7BD2AC0C27EA
2023-08-18 03:36:01,084 [s0@group-E264CA5F8311-StateMachineUpdater] INFO  impl.SimpleStateMachine4Testing (SimpleStateMachine4Testing.java:put(205)) - s0: put 235, m117 -> (t:1, i:235), STATEMACHINELOGENTRY, 375@client-7BD2AC0C27EA
2023-08-18 03:36:01,086 [s0@group-E264CA5F8311-StateMachineUpdater] INFO  impl.SimpleStateMachine4Testing (SimpleStateMachine4Testing.java:put(205)) - s0: put 237, m118 -> (t:1, i:237), STATEMACHINELOGENTRY, 376@client-7BD2AC0C27EA
2023-08-18 03:36:01,088 [s0@group-E264CA5F8311-StateMachineUpdater] INFO  impl.SimpleStateMachine4Testing (SimpleStateMachine4Testing.java:put(205)) - s0: put 239, m119 -> (t:1, i:239), STATEMACHINELOGENTRY, 377@client-7BD2AC0C27EA
2023-08-18 03:36:01,090 [s0@group-E264CA5F8311-StateMachineUpdater] INFO  impl.SimpleStateMachine4Testing (SimpleStateMachine4Testing.java:put(205)) - s0: put 241, m120 -> (t:1, i:241), STATEMACHINELOGENTRY, 378@client-7BD2AC0C27EA
2023-08-18 03:36:01,091 [s0@group-E264CA5F8311-StateMachineUpdater] INFO  impl.SimpleStateMachine4Testing (SimpleStateMachine4Testing.java:put(205)) - s0: put 243, m121 -> (t:1, i:243), STATEMACHINELOGENTRY, 379@client-7BD2AC0C27EA
2023-08-18 03:36:01,093 [s0@group-E264CA5F8311-StateMachineUpdater] INFO  impl.SimpleStateMachine4Testing (SimpleStateMachine4Testing.java:put(205)) - s0: put 245, m122 -> (t:1, i:245), STATEMACHINELOGENTRY, 380@client-7BD2AC0C27EA
2023-08-18 03:36:01,104 [s0@group-E264CA5F8311-StateMachineUpdater] INFO  impl.SimpleStateMachine4Testing (SimpleStateMachine4Testing.java:put(205)) - s0: put 247, m123 -> (t:1, i:247), STATEMACHINELOGENTRY, 381@client-7BD2AC0C27EA
2023-08-18 03:36:01,106 [s0@group-E264CA5F8311-StateMachineUpdater] INFO  impl.SimpleStateMachine4Testing (SimpleStateMachine4Testing.java:put(205)) - s0: put 249, m124 -> (t:1, i:249), STATEMACHINELOGENTRY, 382@client-7BD2AC0C27EA
2023-08-18 03:36:01,108 [s0@group-E264CA5F8311-StateMachineUpdater] INFO  impl.SimpleStateMachine4Testing (SimpleStateMachine4Testing.java:put(205)) - s0: put 251, m125 -> (t:1, i:251), STATEMACHINELOGENTRY, 383@client-7BD2AC0C27EA
2023-08-18 03:36:01,110 [s0@group-E264CA5F8311-StateMachineUpdater] INFO  impl.SimpleStateMachine4Testing (SimpleStateMachine4Testing.java:put(205)) - s0: put 253, m126 -> (t:1, i:253), STATEMACHINELOGENTRY, 384@client-7BD2AC0C27EA
2023-08-18 03:36:01,123 [s0-server-thread1] INFO  server.RaftServer$Division (RaftServerImpl.java:takeSnapshotAsync(1170)) - s0@group-E264CA5F8311: takeSnapshotAsync SnapshotManagementRequest:client-7BD2AC0C27EA->s0@group-E264CA5F8311, cid=385, seq=0, RO, null, Create:
2023-08-18 03:36:01,123 [s0-server-thread1] INFO  server.RaftServerConfigKeys (ConfUtils.java:logGet(46)) - raft.server.snapshot.creation.gap = 1024 (default)
2023-08-18 03:36:01,130 [Time-limited test] INFO  impl.MiniRaftCluster (MiniRaftCluster.java:addNewPeers(464)) - Add new peers [s1, s2]
2023-08-18 03:36:01,130 [Time-limited test] INFO  impl.MiniRaftCluster (MiniRaftCluster.java:newRaftServer(382)) - newRaftServer: s1, group-E264CA5F8311:[], format? true
2023-08-18 03:36:01,130 [Time-limited test] TRACE util.FileUtils (FileUtils.java:deleteFully(201)) - deleteFully target/test/data/24296cbb/MiniRaftClusterWithGrpcda665c53/s1
2023-08-18 03:36:01,130 [Time-limited test] TRACE util.FileUtils (FileUtils.java:deleteFully(217)) - deleteFully: target/test/data/24296cbb/MiniRaftClusterWithGrpcda665c53/s1 does not exist.
2023-08-18 03:36:01,130 [Time-limited test] INFO  impl.MiniRaftCluster (MiniRaftCluster.java:newRaftServer(387)) - Formatted directory target/test/data/24296cbb/MiniRaftClusterWithGrpcda665c53/s1
2023-08-18 03:36:01,131 [Time-limited test] INFO  server.RaftServer (ConfUtils.java:logGet(46)) - raft.rpc.type = GRPC (default)
2023-08-18 03:36:01,131 [Time-limited test] INFO  grpc.GrpcConfigKeys (ConfUtils.java:logFallback(53)) - raft.grpc.admin.host = null (fallback to raft.grpc.server.host)
2023-08-18 03:36:01,131 [Time-limited test] INFO  grpc.GrpcConfigKeys (ConfUtils.java:logFallback(53)) - raft.grpc.admin.port = 34459 (fallback to raft.grpc.server.port)
2023-08-18 03:36:01,131 [Time-limited test] INFO  grpc.GrpcConfigKeys (ConfUtils.java:logFallback(53)) - raft.grpc.client.host = null (fallback to raft.grpc.server.host)
2023-08-18 03:36:01,131 [Time-limited test] INFO  grpc.GrpcConfigKeys (ConfUtils.java:logFallback(53)) - raft.grpc.client.port = 34459 (fallback to raft.grpc.server.port)
2023-08-18 03:36:01,131 [Time-limited test] INFO  grpc.GrpcConfigKeys (ConfUtils.java:logGet(46)) - raft.grpc.server.host = null (default)
2023-08-18 03:36:01,131 [Time-limited test] INFO  grpc.GrpcConfigKeys (ConfUtils.java:logGet(46)) - raft.grpc.server.port = 34459 (custom)
2023-08-18 03:36:01,131 [Time-limited test] INFO  server.GrpcService (ConfUtils.java:logGet(46)) - raft.grpc.message.size.max = 64MB (=67108864) (default)
2023-08-18 03:36:01,131 [Time-limited test] INFO  server.RaftServerConfigKeys (ConfUtils.java:logGet(46)) - raft.server.log.appender.buffer.byte-limit = 4MB (=4194304) (default)
2023-08-18 03:36:01,131 [Time-limited test] INFO  server.GrpcService (ConfUtils.java:logGet(46)) - raft.grpc.flow.control.window = 1MB (=1048576) (default)
2023-08-18 03:36:01,131 [Time-limited test] INFO  server.RaftServerConfigKeys (ConfUtils.java:logGet(46)) - raft.server.rpc.request.timeout = 3000ms (default)
2023-08-18 03:36:01,131 [Time-limited test] INFO  grpc.GrpcConfigKeys (ConfUtils.java:logGet(46)) - raft.grpc.server.heartbeat.channel = true (default)
2023-08-18 03:36:01,131 [Time-limited test] INFO  grpc.GrpcConfigKeys (ConfUtils.java:logGet(46)) - raft.grpc.server.async.request.thread.pool.cached = true (default)
2023-08-18 03:36:01,131 [Time-limited test] INFO  grpc.GrpcConfigKeys (ConfUtils.java:logGet(46)) - raft.grpc.server.async.request.thread.pool.size = 32 (default)
2023-08-18 03:36:01,132 [Time-limited test] INFO  impl.DataStreamServerImpl (ConfUtils.java:logGet(46)) - raft.datastream.type = DISABLED (default)
2023-08-18 03:36:01,132 [Time-limited test] INFO  server.RaftServerConfigKeys (ConfUtils.java:logGet(46)) - raft.server.threadpool.proxy.cached = true (default)
2023-08-18 03:36:01,132 [Time-limited test] INFO  server.RaftServerConfigKeys (ConfUtils.java:logGet(46)) - raft.server.threadpool.proxy.size = 0 (default)
2023-08-18 03:36:01,132 [Time-limited test] INFO  server.RaftServerConfigKeys (ConfUtils.java:logGet(46)) - raft.server.sleep.deviation.threshold = 300ms (default)
2023-08-18 03:36:01,132 [Time-limited test] INFO  server.RaftServerConfigKeys (ConfUtils.java:logGet(46)) - raft.server.rpc.slowness.timeout = 60s (default)
2023-08-18 03:36:01,132 [Time-limited test] INFO  server.RaftServerConfigKeys (ConfUtils.java:logGet(46)) - raft.server.leaderelection.leader.step-down.wait-time = 10s (default)
2023-08-18 03:36:01,132 [Time-limited test] INFO  server.RaftServerConfigKeys (ConfUtils.java:logGet(46)) - raft.server.storage.dir = [/home/runner/work/ratis/ratis/ratis-test/target/test/data/24296cbb/MiniRaftClusterWithGrpcda665c53/s1] (custom)
2023-08-18 03:36:01,139 [Time-limited test] INFO  server.RaftServer (RaftServerProxy.java:addNew(99)) - s1: addNew group-E264CA5F8311:[] returns group-E264CA5F8311:java.util.concurrent.CompletableFuture@3d9de1da[Not completed]
2023-08-18 03:36:01,139 [Time-limited test] INFO  impl.MiniRaftCluster (MiniRaftCluster.java:newRaftServer(382)) - newRaftServer: s2, group-E264CA5F8311:[], format? true
2023-08-18 03:36:01,139 [Time-limited test] TRACE util.FileUtils (FileUtils.java:deleteFully(201)) - deleteFully target/test/data/24296cbb/MiniRaftClusterWithGrpcda665c53/s2
2023-08-18 03:36:01,139 [Time-limited test] TRACE util.FileUtils (FileUtils.java:deleteFully(217)) - deleteFully: target/test/data/24296cbb/MiniRaftClusterWithGrpcda665c53/s2 does not exist.
2023-08-18 03:36:01,139 [Time-limited test] INFO  impl.MiniRaftCluster (MiniRaftCluster.java:newRaftServer(387)) - Formatted directory target/test/data/24296cbb/MiniRaftClusterWithGrpcda665c53/s2
2023-08-18 03:36:01,155 [Time-limited test] INFO  server.RaftServer (ConfUtils.java:logGet(46)) - raft.rpc.type = GRPC (default)
2023-08-18 03:36:01,156 [Time-limited test] INFO  grpc.GrpcConfigKeys (ConfUtils.java:logFallback(53)) - raft.grpc.admin.host = null (fallback to raft.grpc.server.host)
2023-08-18 03:36:01,156 [Time-limited test] INFO  grpc.GrpcConfigKeys (ConfUtils.java:logFallback(53)) - raft.grpc.admin.port = 43137 (fallback to raft.grpc.server.port)
2023-08-18 03:36:01,156 [Time-limited test] INFO  grpc.GrpcConfigKeys (ConfUtils.java:logFallback(53)) - raft.grpc.client.host = null (fallback to raft.grpc.server.host)
2023-08-18 03:36:01,156 [Time-limited test] INFO  grpc.GrpcConfigKeys (ConfUtils.java:logFallback(53)) - raft.grpc.client.port = 43137 (fallback to raft.grpc.server.port)
2023-08-18 03:36:01,156 [Time-limited test] INFO  grpc.GrpcConfigKeys (ConfUtils.java:logGet(46)) - raft.grpc.server.host = null (default)
2023-08-18 03:36:01,156 [Time-limited test] INFO  grpc.GrpcConfigKeys (ConfUtils.java:logGet(46)) - raft.grpc.server.port = 43137 (custom)
2023-08-18 03:36:01,156 [Time-limited test] INFO  server.GrpcService (ConfUtils.java:logGet(46)) - raft.grpc.message.size.max = 64MB (=67108864) (default)
2023-08-18 03:36:01,156 [Time-limited test] INFO  server.RaftServerConfigKeys (ConfUtils.java:logGet(46)) - raft.server.log.appender.buffer.byte-limit = 4MB (=4194304) (default)
2023-08-18 03:36:01,156 [Time-limited test] INFO  server.GrpcService (ConfUtils.java:logGet(46)) - raft.grpc.flow.control.window = 1MB (=1048576) (default)
2023-08-18 03:36:01,156 [Time-limited test] INFO  server.RaftServerConfigKeys (ConfUtils.java:logGet(46)) - raft.server.rpc.request.timeout = 3000ms (default)
2023-08-18 03:36:01,156 [Time-limited test] INFO  grpc.GrpcConfigKeys (ConfUtils.java:logGet(46)) - raft.grpc.server.heartbeat.channel = true (default)
2023-08-18 03:36:01,156 [Time-limited test] INFO  grpc.GrpcConfigKeys (ConfUtils.java:logGet(46)) - raft.grpc.server.async.request.thread.pool.cached = true (default)
2023-08-18 03:36:01,156 [Time-limited test] INFO  grpc.GrpcConfigKeys (ConfUtils.java:logGet(46)) - raft.grpc.server.async.request.thread.pool.size = 32 (default)
2023-08-18 03:36:01,157 [Time-limited test] INFO  impl.DataStreamServerImpl (ConfUtils.java:logGet(46)) - raft.datastream.type = DISABLED (default)
2023-08-18 03:36:01,157 [Time-limited test] INFO  server.RaftServerConfigKeys (ConfUtils.java:logGet(46)) - raft.server.threadpool.proxy.cached = true (default)
2023-08-18 03:36:01,157 [Time-limited test] INFO  server.RaftServerConfigKeys (ConfUtils.java:logGet(46)) - raft.server.threadpool.proxy.size = 0 (default)
2023-08-18 03:36:01,157 [Time-limited test] INFO  server.RaftServerConfigKeys (ConfUtils.java:logGet(46)) - raft.server.sleep.deviation.threshold = 300ms (default)
2023-08-18 03:36:01,157 [Time-limited test] INFO  server.RaftServerConfigKeys (ConfUtils.java:logGet(46)) - raft.server.rpc.slowness.timeout = 60s (default)
2023-08-18 03:36:01,157 [Time-limited test] INFO  server.RaftServerConfigKeys (ConfUtils.java:logGet(46)) - raft.server.leaderelection.leader.step-down.wait-time = 10s (default)
2023-08-18 03:36:01,157 [Time-limited test] INFO  server.RaftServerConfigKeys (ConfUtils.java:logGet(46)) - raft.server.storage.dir = [/home/runner/work/ratis/ratis/ratis-test/target/test/data/24296cbb/MiniRaftClusterWithGrpcda665c53/s2] (custom)
2023-08-18 03:36:01,159 [s1-groupManagement] INFO  server.RaftServerConfigKeys (ConfUtils.java:logGet(46)) - raft.server.log.segment.size.max = 8MB (=8388608) (default)
2023-08-18 03:36:01,160 [s1-groupManagement] INFO  server.RaftServerConfigKeys (ConfUtils.java:logGet(46)) - raft.server.log.preallocated.size = 4MB (=4194304) (default)
2023-08-18 03:36:01,160 [s1-groupManagement] INFO  server.RaftServerConfigKeys (ConfUtils.java:logGet(46)) - raft.server.log.write.buffer.size = 64KB (=65536) (default)
2023-08-18 03:36:01,160 [s1-groupManagement] INFO  server.RaftServer$Division (RaftServerImpl.java:<init>(250)) - s1: new RaftServerImpl for group-E264CA5F8311:[] with StateMachineWithMultiNestedSnapshotFile:uninitialized
2023-08-18 03:36:01,160 [s1-groupManagement] INFO  server.RaftServerConfigKeys (ConfUtils.java:logGet(46)) - raft.server.rpc.timeout.min = 150ms (default)
2023-08-18 03:36:01,160 [s1-groupManagement] INFO  server.RaftServerConfigKeys (ConfUtils.java:logGet(46)) - raft.server.rpc.timeout.max = 300ms (default)
2023-08-18 03:36:01,160 [s1-groupManagement] INFO  server.RaftServerConfigKeys (ConfUtils.java:logGet(46)) - raft.server.rpc.sleep.time = 25ms (default)
2023-08-18 03:36:01,160 [s1-groupManagement] INFO  server.RaftServerConfigKeys (ConfUtils.java:logGet(46)) - raft.server.rpc.slowness.timeout = 60s (default)
2023-08-18 03:36:01,160 [s1-groupManagement] INFO  server.RaftServerConfigKeys (ConfUtils.java:logGet(46)) - raft.server.leaderelection.leader.step-down.wait-time = 10s (default)
2023-08-18 03:36:01,160 [s1-groupManagement] INFO  server.RaftServerConfigKeys (ConfUtils.java:logGet(46)) - raft.server.sleep.deviation.threshold = 300ms (default)
2023-08-18 03:36:01,160 [s1-groupManagement] INFO  server.RaftServer$Division (ServerState.java:<init>(113)) - s1@group-E264CA5F8311: ConfigurationManager, init=-1: peers:[]|listeners:[], old=null, confs=<EMPTY_MAP>
2023-08-18 03:36:01,160 [s1-groupManagement] INFO  server.RaftServerConfigKeys (ConfUtils.java:logGet(46)) - raft.server.notification.no-leader.timeout = 60s (default)
2023-08-18 03:36:01,160 [s1-groupManagement] INFO  server.RaftServerConfigKeys (ConfUtils.java:logGet(46)) - raft.server.read.timeout = 10s (default)
2023-08-18 03:36:01,160 [s1-groupManagement] INFO  server.RaftServerConfigKeys (ConfUtils.java:logGet(46)) - raft.server.retrycache.expirytime = 60s (default)
2023-08-18 03:36:01,160 [s1-groupManagement] INFO  server.RaftServerConfigKeys (ConfUtils.java:logGet(46)) - raft.server.retrycache.statistics.expirytime = 100μs (default)
2023-08-18 03:36:01,160 [s1-groupManagement] INFO  server.RaftServerConfigKeys (ConfUtils.java:logGet(46)) - raft.server.read.option = DEFAULT (default)
2023-08-18 03:36:01,161 [s1-groupManagement] INFO  server.RaftServerConfigKeys (ConfUtils.java:logGet(46)) - raft.server.rpc.request.timeout = 3000ms (default)
2023-08-18 03:36:01,161 [s1-groupManagement] INFO  server.RaftServerConfigKeys (ConfUtils.java:logGet(46)) - raft.server.log.appender.install.snapshot.enabled = true (default)
2023-08-18 03:36:01,161 [s1-groupManagement] INFO  server.RaftServerConfigKeys (ConfUtils.java:logGet(46)) - raft.server.threadpool.server.cached = true (default)
2023-08-18 03:36:01,161 [s1-groupManagement] INFO  server.RaftServerConfigKeys (ConfUtils.java:logGet(46)) - raft.server.threadpool.server.size = 0 (default)
2023-08-18 03:36:01,161 [s1-groupManagement] INFO  server.RaftServerConfigKeys (ConfUtils.java:logGet(46)) - raft.server.threadpool.client.cached = true (default)
2023-08-18 03:36:01,161 [s1-groupManagement] INFO  server.RaftServerConfigKeys (ConfUtils.java:logGet(46)) - raft.server.threadpool.client.size = 0 (default)
2023-08-18 03:36:01,167 [Time-limited test] INFO  server.RaftServer (RaftServerProxy.java:addNew(99)) - s2: addNew group-E264CA5F8311:[] returns group-E264CA5F8311:java.util.concurrent.CompletableFuture@5d74f9b4[Not completed]
2023-08-18 03:36:01,167 [s1-impl-thread1] INFO  server.RaftServerConfigKeys (ConfUtils.java:logGet(46)) - raft.server.storage.free-space.min = 0MB (=0) (default)
2023-08-18 03:36:01,168 [s1-impl-thread1] INFO  server.RaftServerConfigKeys (ConfUtils.java:logGet(46)) - raft.server.log.corruption.policy = EXCEPTION (default)
2023-08-18 03:36:01,168 [s1-impl-thread1] INFO  server.RaftServerConfigKeys (ConfUtils.java:logGet(46)) - raft.server.storage.dir = [/home/runner/work/ratis/ratis/ratis-test/target/test/data/24296cbb/MiniRaftClusterWithGrpcda665c53/s1] (custom)
2023-08-18 03:36:01,168 [s1-impl-thread1] INFO  storage.RaftStorageDirectory (RaftStorageDirectoryImpl.java:analyzeStorage(138)) - The storage directory /home/runner/work/ratis/ratis/ratis-test/target/test/data/24296cbb/MiniRaftClusterWithGrpcda665c53/s1/33e4bec1-6c56-422e-957b-e264ca5f8311 does not exist. Creating ...
2023-08-18 03:36:01,168 [s1-impl-thread1] TRACE util.FileUtils (LogUtils.java:runAndLog(49)) - Successfully ran Files.createDirectories /home/runner/work/ratis/ratis/ratis-test/target/test/data/24296cbb/MiniRaftClusterWithGrpcda665c53/s1/33e4bec1-6c56-422e-957b-e264ca5f8311
2023-08-18 03:36:01,168 [s2-groupManagement] INFO  server.RaftServerConfigKeys (ConfUtils.java:logGet(46)) - raft.server.log.segment.size.max = 8MB (=8388608) (default)
2023-08-18 03:36:01,168 [s2-groupManagement] INFO  server.RaftServerConfigKeys (ConfUtils.java:logGet(46)) - raft.server.log.preallocated.size = 4MB (=4194304) (default)
2023-08-18 03:36:01,168 [s2-groupManagement] INFO  server.RaftServerConfigKeys (ConfUtils.java:logGet(46)) - raft.server.log.write.buffer.size = 64KB (=65536) (default)
2023-08-18 03:36:01,169 [s2-groupManagement] INFO  server.RaftServer$Division (RaftServerImpl.java:<init>(250)) - s2: new RaftServerImpl for group-E264CA5F8311:[] with StateMachineWithMultiNestedSnapshotFile:uninitialized
2023-08-18 03:36:01,169 [s2-groupManagement] INFO  server.RaftServerConfigKeys (ConfUtils.java:logGet(46)) - raft.server.rpc.timeout.min = 150ms (default)
2023-08-18 03:36:01,169 [s2-groupManagement] INFO  server.RaftServerConfigKeys (ConfUtils.java:logGet(46)) - raft.server.rpc.timeout.max = 300ms (default)
2023-08-18 03:36:01,169 [s2-groupManagement] INFO  server.RaftServerConfigKeys (ConfUtils.java:logGet(46)) - raft.server.rpc.sleep.time = 25ms (default)
2023-08-18 03:36:01,169 [s2-groupManagement] INFO  server.RaftServerConfigKeys (ConfUtils.java:logGet(46)) - raft.server.rpc.slowness.timeout = 60s (default)
2023-08-18 03:36:01,169 [s2-groupManagement] INFO  server.RaftServerConfigKeys (ConfUtils.java:logGet(46)) - raft.server.leaderelection.leader.step-down.wait-time = 10s (default)
2023-08-18 03:36:01,169 [s2-groupManagement] INFO  server.RaftServerConfigKeys (ConfUtils.java:logGet(46)) - raft.server.sleep.deviation.threshold = 300ms (default)
2023-08-18 03:36:01,169 [s2-groupManagement] INFO  server.RaftServer$Division (ServerState.java:<init>(113)) - s2@group-E264CA5F8311: ConfigurationManager, init=-1: peers:[]|listeners:[], old=null, confs=<EMPTY_MAP>
2023-08-18 03:36:01,169 [s2-groupManagement] INFO  server.RaftServerConfigKeys (ConfUtils.java:logGet(46)) - raft.server.notification.no-leader.timeout = 60s (default)
2023-08-18 03:36:01,169 [s2-groupManagement] INFO  server.RaftServerConfigKeys (ConfUtils.java:logGet(46)) - raft.server.read.timeout = 10s (default)
2023-08-18 03:36:01,169 [s1-impl-thread1] INFO  storage.RaftStorageDirectory (RaftStorageDirectoryImpl.java:tryLock(232)) - Lock on /home/runner/work/ratis/ratis/ratis-test/target/test/data/24296cbb/MiniRaftClusterWithGrpcda665c53/s1/33e4bec1-6c56-422e-957b-e264ca5f8311/in_use.lock acquired by nodename 15247@fv-az454-831
2023-08-18 03:36:01,169 [s1-impl-thread1] TRACE util.FileUtils (LogUtils.java:runAndLog(49)) - Successfully ran Files.createDirectories /home/runner/work/ratis/ratis/ratis-test/target/test/data/24296cbb/MiniRaftClusterWithGrpcda665c53/s1/33e4bec1-6c56-422e-957b-e264ca5f8311/current
2023-08-18 03:36:01,169 [s1-impl-thread1] TRACE util.FileUtils (LogUtils.java:runAndLog(49)) - Successfully ran Files.createDirectories /home/runner/work/ratis/ratis/ratis-test/target/test/data/24296cbb/MiniRaftClusterWithGrpcda665c53/s1/33e4bec1-6c56-422e-957b-e264ca5f8311/sm
2023-08-18 03:36:01,169 [s2-groupManagement] INFO  server.RaftServerConfigKeys (ConfUtils.java:logGet(46)) - raft.server.retrycache.expirytime = 60s (default)
2023-08-18 03:36:01,169 [s2-groupManagement] INFO  server.RaftServerConfigKeys (ConfUtils.java:logGet(46)) - raft.server.retrycache.statistics.expirytime = 100μs (default)
2023-08-18 03:36:01,170 [s2-groupManagement] INFO  server.RaftServerConfigKeys (ConfUtils.java:logGet(46)) - raft.server.read.option = DEFAULT (default)
2023-08-18 03:36:01,170 [s1-impl-thread1] INFO  storage.RaftStorage (RaftStorageImpl.java:format(97)) - Storage directory /home/runner/work/ratis/ratis/ratis-test/target/test/data/24296cbb/MiniRaftClusterWithGrpcda665c53/s1/33e4bec1-6c56-422e-957b-e264ca5f8311 has been successfully formatted.
2023-08-18 03:36:01,170 [s1-impl-thread1] INFO  impl.SimpleStateMachine4Testing (SimpleStateMachine4Testing.java:initialize(213)) - Initializing StateMachineWithMultiNestedSnapshotFile:uninitialized
2023-08-18 03:36:01,170 [s1-impl-thread1] INFO  impl.SimpleStateMachine4Testing (SimpleStateMachine4Testing.java:loadSnapshot(293)) - Loading snapshot null
2023-08-18 03:36:01,170 [s1-impl-thread1] INFO  server.RaftServerConfigKeys (ConfUtils.java:logGet(46)) - raft.server.log.use.memory = false (default)
2023-08-18 03:36:01,170 [s1-impl-thread1] INFO  server.RaftServerConfigKeys (ConfUtils.java:logGet(46)) - raft.server.log.purge.gap = 8 (custom)
2023-08-18 03:36:01,170 [s1-impl-thread1] INFO  server.RaftServerConfigKeys (ConfUtils.java:logGet(46)) - raft.server.log.appender.buffer.byte-limit = 4MB (=4194304) (default)
2023-08-18 03:36:01,171 [s1-impl-thread1] INFO  server.RaftServerConfigKeys (ConfUtils.java:logGet(46)) - raft.server.log.statemachine.data.read.timeout = 1000ms (default)
2023-08-18 03:36:01,171 [s1-impl-thread1] INFO  server.RaftServerConfigKeys (ConfUtils.java:logGet(46)) - raft.server.log.purge.preservation.log.num = 0 (default)
2023-08-18 03:36:01,171 [s1-impl-thread1] INFO  server.RaftServerConfigKeys (ConfUtils.java:logGet(46)) - raft.server.log.segment.size.max = 8MB (=8388608) (default)
2023-08-18 03:36:01,171 [s1-impl-thread1] INFO  server.RaftServerConfigKeys (ConfUtils.java:logGet(46)) - raft.server.log.segment.cache.num.max = 6 (default)
2023-08-18 03:36:01,171 [s1-impl-thread1] INFO  server.RaftServerConfigKeys (ConfUtils.java:logGet(46)) - raft.server.log.segment.cache.size.max = 200MB (=209715200) (default)
2023-08-18 03:36:01,171 [s1-impl-thread1] INFO  server.RaftServerConfigKeys (ConfUtils.java:logGet(46)) - raft.server.log.appender.buffer.byte-limit = 4MB (=4194304) (default)
2023-08-18 03:36:01,171 [s1-impl-thread1] INFO  segmented.SegmentedRaftLogWorker (SegmentedRaftLogWorker.java:<init>(183)) - new s1@group-E264CA5F8311-SegmentedRaftLogWorker for RaftStorageImpl:Storage Directory /home/runner/work/ratis/ratis/ratis-test/target/test/data/24296cbb/MiniRaftClusterWithGrpcda665c53/s1/33e4bec1-6c56-422e-957b-e264ca5f8311
2023-08-18 03:36:01,171 [s1-impl-thread1] INFO  server.RaftServerConfigKeys (ConfUtils.java:logGet(46)) - raft.server.log.queue.byte-limit = 64MB (=67108864) (default)
2023-08-18 03:36:01,171 [s1-impl-thread1] INFO  server.RaftServerConfigKeys (ConfUtils.java:logGet(46)) - raft.server.log.queue.element-limit = 4096 (default)
2023-08-18 03:36:01,171 [s1-impl-thread1] INFO  server.RaftServerConfigKeys (ConfUtils.java:logGet(46)) - raft.server.log.segment.size.max = 8MB (=8388608) (default)
2023-08-18 03:36:01,171 [s1-impl-thread1] INFO  server.RaftServerConfigKeys (ConfUtils.java:logGet(46)) - raft.server.log.preallocated.size = 4MB (=4194304) (default)
2023-08-18 03:36:01,171 [s1-impl-thread1] INFO  server.RaftServerConfigKeys (ConfUtils.java:logGet(46)) - raft.server.log.force.sync.num = 128 (default)
2023-08-18 03:36:01,171 [s1-impl-thread1] INFO  server.RaftServerConfigKeys (ConfUtils.java:logGet(46)) - raft.server.log.statemachine.data.sync = true (default)
2023-08-18 03:36:01,172 [s1-impl-thread1] INFO  server.RaftServerConfigKeys (ConfUtils.java:logGet(46)) - raft.server.log.statemachine.data.sync.timeout = 10s (default)
2023-08-18 03:36:01,172 [s1-impl-thread1] INFO  server.RaftServerConfigKeys (ConfUtils.java:logGet(46)) - raft.server.log.statemachine.data.sync.timeout.retry = -1 (default)
2023-08-18 03:36:01,172 [s1-impl-thread1] INFO  server.RaftServerConfigKeys (ConfUtils.java:logGet(46)) - raft.server.log.write.buffer.size = 64KB (=65536) (default)
2023-08-18 03:36:01,172 [s1-impl-thread1] INFO  server.RaftServerConfigKeys (ConfUtils.java:logGet(46)) - raft.server.log.appender.buffer.byte-limit = 4MB (=4194304) (default)
2023-08-18 03:36:01,172 [s1-impl-thread1] INFO  server.RaftServerConfigKeys (ConfUtils.java:logGet(46)) - raft.server.log.unsafe-flush.enabled = false (default)
2023-08-18 03:36:01,172 [s1-impl-thread1] INFO  server.RaftServerConfigKeys (ConfUtils.java:logGet(46)) - raft.server.log.async-flush.enabled = false (default)
2023-08-18 03:36:01,172 [s1-impl-thread1] INFO  server.RaftServerConfigKeys (ConfUtils.java:logGet(46)) - raft.server.log.statemachine.data.caching.enabled = false (default)
2023-08-18 03:36:01,172 [s1-impl-thread1] INFO  segmented.SegmentedRaftLogWorker (SegmentedRaftLogWorker.java:lambda$new$0(134)) - s1@group-E264CA5F8311-SegmentedRaftLogWorker: flushIndex: setUnconditionally 0 -> -1
2023-08-18 03:36:01,172 [s1-impl-thread1] INFO  segmented.SegmentedRaftLogWorker (SegmentedRaftLogWorker.java:lambda$new$0(134)) - s1@group-E264CA5F8311-SegmentedRaftLogWorker: safeCacheEvictIndex: setUnconditionally 0 -> -1
2023-08-18 03:36:01,175 [s2-groupManagement] INFO  server.RaftServerConfigKeys (ConfUtils.java:logGet(46)) - raft.server.rpc.request.timeout = 3000ms (default)
2023-08-18 03:36:01,175 [s2-groupManagement] INFO  server.RaftServerConfigKeys (ConfUtils.java:logGet(46)) - raft.server.log.appender.install.snapshot.enabled = true (default)
2023-08-18 03:36:01,175 [s2-groupManagement] INFO  server.RaftServerConfigKeys (ConfUtils.java:logGet(46)) - raft.server.threadpool.server.cached = true (default)
2023-08-18 03:36:01,175 [s2-groupManagement] INFO  server.RaftServerConfigKeys (ConfUtils.java:logGet(46)) - raft.server.threadpool.server.size = 0 (default)
2023-08-18 03:36:01,175 [s2-groupManagement] INFO  server.RaftServerConfigKeys (ConfUtils.java:logGet(46)) - raft.server.threadpool.client.cached = true (default)
2023-08-18 03:36:01,175 [s2-groupManagement] INFO  server.RaftServerConfigKeys (ConfUtils.java:logGet(46)) - raft.server.threadpool.client.size = 0 (default)
2023-08-18 03:36:01,175 [s1-impl-thread1] INFO  server.RaftServer$Division (RaftServerImpl.java:start(390)) - s1@group-E264CA5F8311: start with initializing state, conf=-1: peers:[]|listeners:[], old=null
2023-08-18 03:36:01,175 [s1-impl-thread1] INFO  server.RaftServer$Division (RaftServerImpl.java:setRole(371)) - s1@group-E264CA5F8311: changes role from      null to FOLLOWER at term 0 for startInitializing
2023-08-18 03:36:01,175 [s1-impl-thread1] INFO  util.JmxRegister (JmxRegister.java:tryRegister(44)) - Successfully registered JMX Bean with object name Ratis:service=RaftServer,group=group-E264CA5F8311,id=s1
2023-08-18 03:36:01,175 [s1-impl-thread1] INFO  server.RaftServerConfigKeys (ConfUtils.java:logGet(46)) - raft.server.snapshot.trigger-when-stop.enabled = true (default)
2023-08-18 03:36:01,175 [s1-impl-thread1] INFO  server.RaftServerConfigKeys (ConfUtils.java:logGet(46)) - raft.server.snapshot.auto.trigger.enabled = true (custom)
2023-08-18 03:36:01,175 [s1-impl-thread1] INFO  server.RaftServerConfigKeys (ConfUtils.java:logGet(46)) - raft.server.snapshot.auto.trigger.threshold = 64 (custom)
2023-08-18 03:36:01,175 [s1-impl-thread1] INFO  server.RaftServerConfigKeys (ConfUtils.java:logGet(46)) - raft.server.snapshot.retention.file.num = -1 (default)
2023-08-18 03:36:01,175 [s1-impl-thread1] INFO  server.RaftServerConfigKeys (ConfUtils.java:logGet(46)) - raft.server.log.purge.upto.snapshot.index = false (default)
2023-08-18 03:36:01,176 [Time-limited test] INFO  server.RaftServer (RaftServerProxy.java:startImpl(402)) - s1: start RPC server
2023-08-18 03:36:01,177 [Time-limited test] INFO  server.GrpcService (GrpcService.java:startImpl(302)) - s1: GrpcService started, listening on 34459
2023-08-18 03:36:01,179 [s2-impl-thread1] INFO  server.RaftServerConfigKeys (ConfUtils.java:logGet(46)) - raft.server.storage.free-space.min = 0MB (=0) (default)
2023-08-18 03:36:01,179 [s2-impl-thread1] INFO  server.RaftServerConfigKeys (ConfUtils.java:logGet(46)) - raft.server.log.corruption.policy = EXCEPTION (default)
2023-08-18 03:36:01,179 [s2-impl-thread1] INFO  server.RaftServerConfigKeys (ConfUtils.java:logGet(46)) - raft.server.storage.dir = [/home/runner/work/ratis/ratis/ratis-test/target/test/data/24296cbb/MiniRaftClusterWithGrpcda665c53/s2] (custom)
2023-08-18 03:36:01,179 [s2-impl-thread1] INFO  storage.RaftStorageDirectory (RaftStorageDirectoryImpl.java:analyzeStorage(138)) - The storage directory /home/runner/work/ratis/ratis/ratis-test/target/test/data/24296cbb/MiniRaftClusterWithGrpcda665c53/s2/33e4bec1-6c56-422e-957b-e264ca5f8311 does not exist. Creating ...
2023-08-18 03:36:01,179 [JvmPauseMonitor7] INFO  util.JvmPauseMonitor (JvmPauseMonitor.java:run(105)) - JvmPauseMonitor-s1: Started
2023-08-18 03:36:01,180 [s2-impl-thread1] TRACE util.FileUtils (LogUtils.java:runAndLog(49)) - Successfully ran Files.createDirectories /home/runner/work/ratis/ratis/ratis-test/target/test/data/24296cbb/MiniRaftClusterWithGrpcda665c53/s2/33e4bec1-6c56-422e-957b-e264ca5f8311
2023-08-18 03:36:01,180 [s2-impl-thread1] INFO  storage.RaftStorageDirectory (RaftStorageDirectoryImpl.java:tryLock(232)) - Lock on /home/runner/work/ratis/ratis/ratis-test/target/test/data/24296cbb/MiniRaftClusterWithGrpcda665c53/s2/33e4bec1-6c56-422e-957b-e264ca5f8311/in_use.lock acquired by nodename 15247@fv-az454-831
2023-08-18 03:36:01,181 [s2-impl-thread1] TRACE util.FileUtils (LogUtils.java:runAndLog(49)) - Successfully ran Files.createDirectories /home/runner/work/ratis/ratis/ratis-test/target/test/data/24296cbb/MiniRaftClusterWithGrpcda665c53/s2/33e4bec1-6c56-422e-957b-e264ca5f8311/current
2023-08-18 03:36:01,181 [s2-impl-thread1] TRACE util.FileUtils (LogUtils.java:runAndLog(49)) - Successfully ran Files.createDirectories /home/runner/work/ratis/ratis/ratis-test/target/test/data/24296cbb/MiniRaftClusterWithGrpcda665c53/s2/33e4bec1-6c56-422e-957b-e264ca5f8311/sm
2023-08-18 03:36:01,182 [s2-impl-thread1] INFO  storage.RaftStorage (RaftStorageImpl.java:format(97)) - Storage directory /home/runner/work/ratis/ratis/ratis-test/target/test/data/24296cbb/MiniRaftClusterWithGrpcda665c53/s2/33e4bec1-6c56-422e-957b-e264ca5f8311 has been successfully formatted.
2023-08-18 03:36:01,182 [s2-impl-thread1] INFO  impl.SimpleStateMachine4Testing (SimpleStateMachine4Testing.java:initialize(213)) - Initializing StateMachineWithMultiNestedSnapshotFile:uninitialized
2023-08-18 03:36:01,182 [s2-impl-thread1] INFO  impl.SimpleStateMachine4Testing (SimpleStateMachine4Testing.java:loadSnapshot(293)) - Loading snapshot null
2023-08-18 03:36:01,182 [s2-impl-thread1] INFO  server.RaftServerConfigKeys (ConfUtils.java:logGet(46)) - raft.server.log.use.memory = false (default)
2023-08-18 03:36:01,182 [s2-impl-thread1] INFO  server.RaftServerConfigKeys (ConfUtils.java:logGet(46)) - raft.server.log.purge.gap = 8 (custom)
2023-08-18 03:36:01,182 [s2-impl-thread1] INFO  server.RaftServerConfigKeys (ConfUtils.java:logGet(46)) - raft.server.log.appender.buffer.byte-limit = 4MB (=4194304) (default)
2023-08-18 03:36:01,182 [s2-impl-thread1] INFO  server.RaftServerConfigKeys (ConfUtils.java:logGet(46)) - raft.server.log.statemachine.data.read.timeout = 1000ms (default)
2023-08-18 03:36:01,182 [s2-impl-thread1] INFO  server.RaftServerConfigKeys (ConfUtils.java:logGet(46)) - raft.server.log.purge.preservation.log.num = 0 (default)
2023-08-18 03:36:01,182 [s2-impl-thread1] INFO  server.RaftServerConfigKeys (ConfUtils.java:logGet(46)) - raft.server.log.segment.size.max = 8MB (=8388608) (default)
2023-08-18 03:36:01,183 [s2-impl-thread1] INFO  server.RaftServerConfigKeys (ConfUtils.java:logGet(46)) - raft.server.log.segment.cache.num.max = 6 (default)
2023-08-18 03:36:01,183 [s2-impl-thread1] INFO  server.RaftServerConfigKeys (ConfUtils.java:logGet(46)) - raft.server.log.segment.cache.size.max = 200MB (=209715200) (default)
2023-08-18 03:36:01,183 [s2-impl-thread1] INFO  server.RaftServerConfigKeys (ConfUtils.java:logGet(46)) - raft.server.log.appender.buffer.byte-limit = 4MB (=4194304) (default)
2023-08-18 03:36:01,183 [s2-impl-thread1] INFO  segmented.SegmentedRaftLogWorker (SegmentedRaftLogWorker.java:<init>(183)) - new s2@group-E264CA5F8311-SegmentedRaftLogWorker for RaftStorageImpl:Storage Directory /home/runner/work/ratis/ratis/ratis-test/target/test/data/24296cbb/MiniRaftClusterWithGrpcda665c53/s2/33e4bec1-6c56-422e-957b-e264ca5f8311
2023-08-18 03:36:01,183 [s2-impl-thread1] INFO  server.RaftServerConfigKeys (ConfUtils.java:logGet(46)) - raft.server.log.queue.byte-limit = 64MB (=67108864) (default)
2023-08-18 03:36:01,183 [s2-impl-thread1] INFO  server.RaftServerConfigKeys (ConfUtils.java:logGet(46)) - raft.server.log.queue.element-limit = 4096 (default)
2023-08-18 03:36:01,183 [s2-impl-thread1] INFO  server.RaftServerConfigKeys (ConfUtils.java:logGet(46)) - raft.server.log.segment.size.max = 8MB (=8388608) (default)
2023-08-18 03:36:01,183 [s2-impl-thread1] INFO  server.RaftServerConfigKeys (ConfUtils.java:logGet(46)) - raft.server.log.preallocated.size = 4MB (=4194304) (default)
2023-08-18 03:36:01,183 [s2-impl-thread1] INFO  server.RaftServerConfigKeys (ConfUtils.java:logGet(46)) - raft.server.log.force.sync.num = 128 (default)
2023-08-18 03:36:01,183 [s2-impl-thread1] INFO  server.RaftServerConfigKeys (ConfUtils.java:logGet(46)) - raft.server.log.statemachine.data.sync = true (default)
2023-08-18 03:36:01,183 [s2-impl-thread1] INFO  server.RaftServerConfigKeys (ConfUtils.java:logGet(46)) - raft.server.log.statemachine.data.sync.timeout = 10s (default)
2023-08-18 03:36:01,183 [s2-impl-thread1] INFO  server.RaftServerConfigKeys (ConfUtils.java:logGet(46)) - raft.server.log.statemachine.data.sync.timeout.retry = -1 (default)
2023-08-18 03:36:01,183 [s2-impl-thread1] INFO  server.RaftServerConfigKeys (ConfUtils.java:logGet(46)) - raft.server.log.write.buffer.size = 64KB (=65536) (default)
2023-08-18 03:36:01,188 [s2-impl-thread1] INFO  server.RaftServerConfigKeys (ConfUtils.java:logGet(46)) - raft.server.log.appender.buffer.byte-limit = 4MB (=4194304) (default)
2023-08-18 03:36:01,189 [s2-impl-thread1] INFO  server.RaftServerConfigKeys (ConfUtils.java:logGet(46)) - raft.server.log.unsafe-flush.enabled = false (default)
2023-08-18 03:36:01,189 [s2-impl-thread1] INFO  server.RaftServerConfigKeys (ConfUtils.java:logGet(46)) - raft.server.log.async-flush.enabled = false (default)
2023-08-18 03:36:01,189 [s2-impl-thread1] INFO  server.RaftServerConfigKeys (ConfUtils.java:logGet(46)) - raft.server.log.statemachine.data.caching.enabled = false (default)
2023-08-18 03:36:01,189 [s2-impl-thread1] INFO  segmented.SegmentedRaftLogWorker (SegmentedRaftLogWorker.java:lambda$new$0(134)) - s2@group-E264CA5F8311-SegmentedRaftLogWorker: flushIndex: setUnconditionally 0 -> -1
2023-08-18 03:36:01,189 [s2-impl-thread1] INFO  segmented.SegmentedRaftLogWorker (SegmentedRaftLogWorker.java:lambda$new$0(134)) - s2@group-E264CA5F8311-SegmentedRaftLogWorker: safeCacheEvictIndex: setUnconditionally 0 -> -1
2023-08-18 03:36:01,189 [s2-impl-thread1] INFO  server.RaftServer$Division (RaftServerImpl.java:start(390)) - s2@group-E264CA5F8311: start with initializing state, conf=-1: peers:[]|listeners:[], old=null
2023-08-18 03:36:01,189 [s2-impl-thread1] INFO  server.RaftServer$Division (RaftServerImpl.java:setRole(371)) - s2@group-E264CA5F8311: changes role from      null to FOLLOWER at term 0 for startInitializing
2023-08-18 03:36:01,189 [s2-impl-thread1] INFO  util.JmxRegister (JmxRegister.java:tryRegister(44)) - Successfully registered JMX Bean with object name Ratis:service=RaftServer,group=group-E264CA5F8311,id=s2
2023-08-18 03:36:01,189 [s2-impl-thread1] INFO  server.RaftServerConfigKeys (ConfUtils.java:logGet(46)) - raft.server.snapshot.trigger-when-stop.enabled = true (default)
2023-08-18 03:36:01,189 [s2-impl-thread1] INFO  server.RaftServerConfigKeys (ConfUtils.java:logGet(46)) - raft.server.snapshot.auto.trigger.enabled = true (custom)
2023-08-18 03:36:01,190 [s2-impl-thread1] INFO  server.RaftServerConfigKeys (ConfUtils.java:logGet(46)) - raft.server.snapshot.auto.trigger.threshold = 64 (custom)
2023-08-18 03:36:01,190 [s2-impl-thread1] INFO  server.RaftServerConfigKeys (ConfUtils.java:logGet(46)) - raft.server.snapshot.retention.file.num = -1 (default)
2023-08-18 03:36:01,190 [s2-impl-thread1] INFO  server.RaftServerConfigKeys (ConfUtils.java:logGet(46)) - raft.server.log.purge.upto.snapshot.index = false (default)
2023-08-18 03:36:01,191 [Time-limited test] INFO  server.RaftServer (RaftServerProxy.java:startImpl(402)) - s2: start RPC server
2023-08-18 03:36:01,192 [Time-limited test] INFO  server.GrpcService (GrpcService.java:startImpl(302)) - s2: GrpcService started, listening on 43137
2023-08-18 03:36:01,195 [Time-limited test] INFO  impl.MiniRaftCluster (MiniRaftCluster.java:setConfiguration(819)) - Start changing the configuration: [s1|rpc:0.0.0.0:34459|priority:0|startupRole:FOLLOWER, s2|rpc:0.0.0.0:43137|priority:0|startupRole:FOLLOWER, s0|rpc:localhost:39295|admin:localhost:44843|client:localhost:40991|dataStream:localhost:40677|priority:0|startupRole:FOLLOWER]
2023-08-18 03:36:01,203 [JvmPauseMonitor8] INFO  util.JvmPauseMonitor (JvmPauseMonitor.java:run(105)) - JvmPauseMonitor-s2: Started
2023-08-18 03:36:01,203 [s0-server-thread1] INFO  server.RaftServer$Division (RaftServerImpl.java:setConfigurationAsync(1238)) - s0@group-E264CA5F8311: receive setConfiguration SetConfigurationRequest:client-255CF6B0DA3F->s0@group-E264CA5F8311, cid=386, seq=0, RW, null, SET_UNCONDITIONALLY, servers:[s1|rpc:0.0.0.0:34459|dataStream:|priority:0|startupRole:FOLLOWER, s2|rpc:0.0.0.0:43137|dataStream:|priority:0|startupRole:FOLLOWER, s0|rpc:localhost:39295|admin:localhost:44843|client:localhost:40991|dataStream:localhost:40677|priority:0|startupRole:FOLLOWER], listeners:[]
2023-08-18 03:36:01,203 [s0-server-thread1] INFO  server.RaftServer$Division (LeaderStateImpl.java:startSetConfiguration(443)) - s0@group-E264CA5F8311-LeaderStateImpl: startSetConfiguration SetConfigurationRequest:client-255CF6B0DA3F->s0@group-E264CA5F8311, cid=386, seq=0, RW, null, SET_UNCONDITIONALLY, servers:[s1|rpc:0.0.0.0:34459|dataStream:|priority:0|startupRole:FOLLOWER, s2|rpc:0.0.0.0:43137|dataStream:|priority:0|startupRole:FOLLOWER, s0|rpc:localhost:39295|admin:localhost:44843|client:localhost:40991|dataStream:localhost:40677|priority:0|startupRole:FOLLOWER], listeners:[]
2023-08-18 03:36:01,204 [s0-server-thread1] INFO  server.RaftServerConfigKeys (ConfUtils.java:logGet(46)) - raft.server.log.appender.snapshot.chunk.size.max = 1k (=1024) (custom)
2023-08-18 03:36:01,204 [s0-server-thread1] INFO  server.RaftServerConfigKeys (ConfUtils.java:logGet(46)) - raft.server.log.appender.buffer.byte-limit = 4MB (=4194304) (default)
2023-08-18 03:36:01,204 [s0-server-thread1] INFO  server.RaftServerConfigKeys (ConfUtils.java:logGet(46)) - raft.server.log.appender.buffer.element-limit = 0 (default)
2023-08-18 03:36:01,204 [s0-server-thread1] INFO  server.RaftServerConfigKeys (ConfUtils.java:logGet(46)) - raft.server.log.appender.wait-time.min = 10ms (default)
2023-08-18 03:36:01,204 [s0-server-thread1] INFO  grpc.GrpcConfigKeys (ConfUtils.java:logGet(46)) - raft.grpc.server.leader.outstanding.appends.max = 128 (default)
2023-08-18 03:36:01,204 [s0-server-thread1] INFO  server.RaftServerConfigKeys (ConfUtils.java:logGet(46)) - raft.server.rpc.request.timeout = 3000ms (default)
2023-08-18 03:36:01,204 [s0-server-thread1] INFO  grpc.GrpcConfigKeys (ConfUtils.java:logGet(46)) - raft.grpc.server.install_snapshot.request.element-limit = 8 (default)
2023-08-18 03:36:01,204 [s0-server-thread1] INFO  grpc.GrpcConfigKeys (ConfUtils.java:logGet(46)) - raft.grpc.server.install_snapshot.request.timeout = 3000ms (default)
2023-08-18 03:36:01,204 [s0-server-thread1] INFO  server.RaftServerConfigKeys (ConfUtils.java:logGet(46)) - raft.server.log.appender.install.snapshot.enabled = true (default)
2023-08-18 03:36:01,204 [s0-server-thread1] INFO  grpc.GrpcConfigKeys (ConfUtils.java:logGet(46)) - raft.grpc.server.heartbeat.channel = true (default)
2023-08-18 03:36:01,205 [s0-server-thread1] INFO  server.RaftServerConfigKeys (ConfUtils.java:logGet(46)) - raft.server.log.appender.snapshot.chunk.size.max = 1k (=1024) (custom)
2023-08-18 03:36:01,205 [s0-server-thread1] INFO  server.RaftServerConfigKeys (ConfUtils.java:logGet(46)) - raft.server.log.appender.buffer.byte-limit = 4MB (=4194304) (default)
2023-08-18 03:36:01,205 [s0-server-thread1] INFO  server.RaftServerConfigKeys (ConfUtils.java:logGet(46)) - raft.server.log.appender.buffer.element-limit = 0 (default)
2023-08-18 03:36:01,205 [s0-server-thread1] INFO  server.RaftServerConfigKeys (ConfUtils.java:logGet(46)) - raft.server.log.appender.wait-time.min = 10ms (default)
2023-08-18 03:36:01,205 [s0-server-thread1] INFO  grpc.GrpcConfigKeys (ConfUtils.java:logGet(46)) - raft.grpc.server.leader.outstanding.appends.max = 128 (default)
2023-08-18 03:36:01,205 [s0-server-thread1] INFO  server.RaftServerConfigKeys (ConfUtils.java:logGet(46)) - raft.server.rpc.request.timeout = 3000ms (default)
2023-08-18 03:36:01,205 [s0-server-thread1] INFO  grpc.GrpcConfigKeys (ConfUtils.java:logGet(46)) - raft.grpc.server.install_snapshot.request.element-limit = 8 (default)
2023-08-18 03:36:01,205 [s0-server-thread1] INFO  grpc.GrpcConfigKeys (ConfUtils.java:logGet(46)) - raft.grpc.server.install_snapshot.request.timeout = 3000ms (default)
2023-08-18 03:36:01,205 [s0-server-thread1] INFO  server.RaftServerConfigKeys (ConfUtils.java:logGet(46)) - raft.server.log.appender.install.snapshot.enabled = true (default)
2023-08-18 03:36:01,205 [s0-server-thread1] INFO  grpc.GrpcConfigKeys (ConfUtils.java:logGet(46)) - raft.grpc.server.heartbeat.channel = true (default)
2023-08-18 03:36:01,208 [s0@group-E264CA5F8311->s1-GrpcLogAppender-LogAppenderDaemon] INFO  server.GrpcLogAppender (GrpcLogAppender.java:installSnapshot(638)) - s0@group-E264CA5F8311->s1-GrpcLogAppender: followerNextIndex = 0 but logStartIndex = 0, send snapshot FileListSnapshotInfo(t:1, i:191):[/home/runner/work/ratis/ratis/ratis-test/target/test/data/24296cbb/MiniRaftClusterWithGrpcda665c53/s0/33e4bec1-6c56-422e-957b-e264ca5f8311/sm/snapshot/1.bin, /home/runner/work/ratis/ratis/ratis-test/target/test/data/24296cbb/MiniRaftClusterWithGrpcda665c53/s0/33e4bec1-6c56-422e-957b-e264ca5f8311/sm/snapshot/sub/2.bin, /home/runner/work/ratis/ratis/ratis-test/target/test/data/24296cbb/MiniRaftClusterWithGrpcda665c53/s0/33e4bec1-6c56-422e-957b-e264ca5f8311/sm/snapshot.1_191] to follower
2023-08-18 03:36:01,211 [s0@group-E264CA5F8311->s1-GrpcLogAppender-LogAppenderDaemon] INFO  server.GrpcServerProtocolClient (GrpcServerProtocolClient.java:<init>(66)) - Build channel for s1
2023-08-18 03:36:01,216 [grpc-default-executor-0] INFO  impl.SnapshotInstallationHandler (SnapshotInstallationHandler.java:installSnapshot(89)) - s1@group-E264CA5F8311: receive installSnapshot: s0->s1#0-t1,chunk:6c66f9c3-1798-4de7-af70-96df36d5f141,0
2023-08-18 03:36:01,219 [s0@group-E264CA5F8311->s2-GrpcLogAppender-LogAppenderDaemon] INFO  server.GrpcLogAppender (GrpcLogAppender.java:installSnapshot(638)) - s0@group-E264CA5F8311->s2-GrpcLogAppender: followerNextIndex = 0 but logStartIndex = 0, send snapshot FileListSnapshotInfo(t:1, i:191):[/home/runner/work/ratis/ratis/ratis-test/target/test/data/24296cbb/MiniRaftClusterWithGrpcda665c53/s0/33e4bec1-6c56-422e-957b-e264ca5f8311/sm/snapshot/1.bin, /home/runner/work/ratis/ratis/ratis-test/target/test/data/24296cbb/MiniRaftClusterWithGrpcda665c53/s0/33e4bec1-6c56-422e-957b-e264ca5f8311/sm/snapshot/sub/2.bin, /home/runner/work/ratis/ratis/ratis-test/target/test/data/24296cbb/MiniRaftClusterWithGrpcda665c53/s0/33e4bec1-6c56-422e-957b-e264ca5f8311/sm/snapshot.1_191] to follower
2023-08-18 03:36:01,219 [s0@group-E264CA5F8311->s2-GrpcLogAppender-LogAppenderDaemon] INFO  server.GrpcServerProtocolClient (GrpcServerProtocolClient.java:<init>(66)) - Build channel for s2
2023-08-18 03:36:01,220 [grpc-default-executor-0] INFO  server.RaftServer$Division (RaftServerImpl.java:setFirstElection(556)) - s1@group-E264CA5F8311: set firstElectionSinceStartup to false for installSnapshot
2023-08-18 03:36:01,220 [grpc-default-executor-0] INFO  server.RaftServer$Division (ServerState.java:setLeader(260)) - s1@group-E264CA5F8311: change Leader from null to s0 at term 1 for installSnapshot, leader elected after 59ms
2023-08-18 03:36:01,221 [grpc-default-executor-0] TRACE util.FileUtils (LogUtils.java:runAndLog(49)) - Successfully ran Files.createDirectories /home/runner/work/ratis/ratis/ratis-test/target/test/data/24296cbb/MiniRaftClusterWithGrpcda665c53/s1/33e4bec1-6c56-422e-957b-e264ca5f8311/tmp/snapshot-6c66f9c3-1798-4de7-af70-96df36d5f141
2023-08-18 03:36:01,221 [grpc-default-executor-0] INFO  storage.SnapshotManager (SnapshotManager.java:installSnapshot(89)) - Installing snapshot:s0->s1#0-t1,chunk:6c66f9c3-1798-4de7-af70-96df36d5f141,0, to tmp dir:/home/runner/work/ratis/ratis/ratis-test/target/test/data/24296cbb/MiniRaftClusterWithGrpcda665c53/s1/33e4bec1-6c56-422e-957b-e264ca5f8311/tmp/snapshot-6c66f9c3-1798-4de7-af70-96df36d5f141
2023-08-18 03:36:01,221 [grpc-default-executor-0] TRACE util.FileUtils (LogUtils.java:runAndLog(49)) - Successfully ran Files.createDirectories /home/runner/work/ratis/ratis/ratis-test/target/test/data/24296cbb/MiniRaftClusterWithGrpcda665c53/s1/33e4bec1-6c56-422e-957b-e264ca5f8311/tmp/snapshot-6c66f9c3-1798-4de7-af70-96df36d5f141/snapshot
2023-08-18 03:36:01,226 [grpc-default-executor-0] INFO  impl.SnapshotInstallationHandler (SnapshotInstallationHandler.java:installSnapshotImpl(134)) - s1@group-E264CA5F8311: set new configuration configurationEntry {
  peers {
    id: "s0"
    address: "localhost:39295"
    dataStreamAddress: "localhost:40677"
    clientAddress: "localhost:40991"
    adminAddress: "localhost:44843"
    startupRole: FOLLOWER
  }
}
 from snapshot
2023-08-18 03:36:01,227 [grpc-default-executor-0] INFO  server.RaftServer$Division (ServerState.java:setRaftConf(377)) - s1@group-E264CA5F8311: set configuration 0: peers:[s0|rpc:localhost:39295|admin:localhost:44843|client:localhost:40991|dataStream:localhost:40677|priority:0|startupRole:FOLLOWER]|listeners:[], old=null
2023-08-18 03:36:01,227 [grpc-default-executor-0] INFO  impl.SnapshotInstallationHandler (SnapshotInstallationHandler.java:installSnapshot(100)) - s1@group-E264CA5F8311: reply installSnapshot: s0<-s1#0:OK-t0,SUCCESS,requestIndex=0
2023-08-18 03:36:01,228 [grpc-default-executor-2] INFO  server.GrpcLogAppender (GrpcLogAppender.java:onNext(541)) - s0@group-E264CA5F8311->s1-InstallSnapshotResponseHandler: received the first reply s0<-s1#0:OK-t0,SUCCESS,requestIndex=0
2023-08-18 03:36:01,228 [grpc-default-executor-2] INFO  server.GrpcLogAppender (GrpcLogAppender.java:onNext(555)) - s0@group-E264CA5F8311->s1-InstallSnapshotResponseHandler: Completed InstallSnapshot. Reply: serverReply {
  requestorId: "s0"
  replyId: "s1"
  raftGroupId {
    id: "3\344\276\301lVB.\225{\342d\312_\203\021"
  }
  success: true
}
requestIndex: 0

2023-08-18 03:36:01,228 [grpc-default-executor-2] INFO  leader.FollowerInfo (FollowerInfoImpl.java:setAttemptedToInstallSnapshot(126)) - Follower s0@group-E264CA5F8311->s1 acknowledged installing snapshot
2023-08-18 03:36:01,228 [grpc-default-executor-0] INFO  impl.SnapshotInstallationHandler (SnapshotInstallationHandler.java:installSnapshot(89)) - s1@group-E264CA5F8311: receive installSnapshot: s0->s1#0-t1,chunk:6c66f9c3-1798-4de7-af70-96df36d5f141,1
2023-08-18 03:36:01,228 [grpc-default-executor-0] TRACE util.FileUtils (LogUtils.java:runAndLog(49)) - Successfully ran Files.createDirectories /home/runner/work/ratis/ratis/ratis-test/target/test/data/24296cbb/MiniRaftClusterWithGrpcda665c53/s1/33e4bec1-6c56-422e-957b-e264ca5f8311/tmp/snapshot-6c66f9c3-1798-4de7-af70-96df36d5f141
2023-08-18 03:36:01,228 [grpc-default-executor-0] INFO  storage.SnapshotManager (SnapshotManager.java:installSnapshot(89)) - Installing snapshot:s0->s1#0-t1,chunk:6c66f9c3-1798-4de7-af70-96df36d5f141,1, to tmp dir:/home/runner/work/ratis/ratis/ratis-test/target/test/data/24296cbb/MiniRaftClusterWithGrpcda665c53/s1/33e4bec1-6c56-422e-957b-e264ca5f8311/tmp/snapshot-6c66f9c3-1798-4de7-af70-96df36d5f141
2023-08-18 03:36:01,228 [grpc-default-executor-0] TRACE util.FileUtils (LogUtils.java:runAndLog(49)) - Successfully ran Files.createDirectories /home/runner/work/ratis/ratis/ratis-test/target/test/data/24296cbb/MiniRaftClusterWithGrpcda665c53/s1/33e4bec1-6c56-422e-957b-e264ca5f8311/tmp/snapshot-6c66f9c3-1798-4de7-af70-96df36d5f141/snapshot/sub
2023-08-18 03:36:01,229 [grpc-default-executor-0] INFO  impl.SnapshotInstallationHandler (SnapshotInstallationHandler.java:installSnapshot(100)) - s1@group-E264CA5F8311: reply installSnapshot: s0<-s1#0:OK-t1,SUCCESS,requestIndex=1
2023-08-18 03:36:01,229 [grpc-default-executor-0] INFO  server.GrpcLogAppender (GrpcLogAppender.java:onNext(541)) - s0@group-E264CA5F8311->s1-InstallSnapshotResponseHandler: received a reply s0<-s1#0:OK-t1,SUCCESS,requestIndex=1
2023-08-18 03:36:01,229 [grpc-default-executor-0] INFO  server.GrpcLogAppender (GrpcLogAppender.java:onNext(555)) - s0@group-E264CA5F8311->s1-InstallSnapshotResponseHandler: Completed InstallSnapshot. Reply: serverReply {
  requestorId: "s0"
  replyId: "s1"
  raftGroupId {
    id: "3\344\276\301lVB.\225{\342d\312_\203\021"
  }
  success: true
}
term: 1
requestIndex: 1

2023-08-18 03:36:01,229 [grpc-default-executor-0] INFO  leader.FollowerInfo (FollowerInfoImpl.java:setAttemptedToInstallSnapshot(126)) - Follower s0@group-E264CA5F8311->s1 acknowledged installing snapshot
2023-08-18 03:36:01,233 [grpc-default-executor-0] INFO  impl.SnapshotInstallationHandler (SnapshotInstallationHandler.java:installSnapshot(89)) - s1@group-E264CA5F8311: receive installSnapshot: s0->s1#0-t1,chunk:6c66f9c3-1798-4de7-af70-96df36d5f141,2
2023-08-18 03:36:01,233 [grpc-default-executor-0] TRACE util.FileUtils (LogUtils.java:runAndLog(49)) - Successfully ran Files.createDirectories /home/runner/work/ratis/ratis/ratis-test/target/test/data/24296cbb/MiniRaftClusterWithGrpcda665c53/s1/33e4bec1-6c56-422e-957b-e264ca5f8311/tmp/snapshot-6c66f9c3-1798-4de7-af70-96df36d5f141
2023-08-18 03:36:01,234 [grpc-default-executor-0] INFO  storage.SnapshotManager (SnapshotManager.java:installSnapshot(89)) - Installing snapshot:s0->s1#0-t1,chunk:6c66f9c3-1798-4de7-af70-96df36d5f141,2, to tmp dir:/home/runner/work/ratis/ratis/ratis-test/target/test/data/24296cbb/MiniRaftClusterWithGrpcda665c53/s1/33e4bec1-6c56-422e-957b-e264ca5f8311/tmp/snapshot-6c66f9c3-1798-4de7-af70-96df36d5f141
2023-08-18 03:36:01,234 [grpc-default-executor-0] TRACE util.FileUtils (LogUtils.java:runAndLog(49)) - Successfully ran Files.createDirectories /home/runner/work/ratis/ratis/ratis-test/target/test/data/24296cbb/MiniRaftClusterWithGrpcda665c53/s1/33e4bec1-6c56-422e-957b-e264ca5f8311/tmp/snapshot-6c66f9c3-1798-4de7-af70-96df36d5f141/snapshot/sub
2023-08-18 03:36:01,234 [grpc-default-executor-0] INFO  impl.SnapshotInstallationHandler (SnapshotInstallationHandler.java:installSnapshot(100)) - s1@group-E264CA5F8311: reply installSnapshot: s0<-s1#0:OK-t1,SUCCESS,requestIndex=2
2023-08-18 03:36:01,234 [grpc-default-executor-2] INFO  server.GrpcLogAppender (GrpcLogAppender.java:onNext(541)) - s0@group-E264CA5F8311->s1-InstallSnapshotResponseHandler: received a reply s0<-s1#0:OK-t1,SUCCESS,requestIndex=2
2023-08-18 03:36:01,234 [grpc-default-executor-2] INFO  server.GrpcLogAppender (GrpcLogAppender.java:onNext(555)) - s0@group-E264CA5F8311->s1-InstallSnapshotResponseHandler: Completed InstallSnapshot. Reply: serverReply {
  requestorId: "s0"
  replyId: "s1"
  raftGroupId {
    id: "3\344\276\301lVB.\225{\342d\312_\203\021"
  }
  success: true
}
term: 1
requestIndex: 2

2023-08-18 03:36:01,234 [grpc-default-executor-2] INFO  leader.FollowerInfo (FollowerInfoImpl.java:setAttemptedToInstallSnapshot(126)) - Follower s0@group-E264CA5F8311->s1 acknowledged installing snapshot
2023-08-18 03:36:01,235 [grpc-default-executor-2] WARN  server.GrpcLogAppender (LogUtils.java:warn(122)) - s0@group-E264CA5F8311->s1-InstallSnapshotResponseHandler: Failed InstallSnapshot: org.apache.ratis.thirdparty.io.grpc.StatusRuntimeException: CANCELLED: Failed to read message.
2023-08-18 03:36:01,235 [grpc-default-executor-0] WARN  server.GrpcServerProtocolService (LogUtils.java:warn(122)) - s1: INSTALL_SNAPSHOT onError, lastRequest: s0->s1#0-t1,chunk:6c66f9c3-1798-4de7-af70-96df36d5f141,2: org.apache.ratis.thirdparty.io.grpc.StatusRuntimeException: CANCELLED: client cancelled
2023-08-18 03:36:01,243 [grpc-default-executor-2] INFO  impl.SnapshotInstallationHandler (SnapshotInstallationHandler.java:installSnapshot(89)) - s2@group-E264CA5F8311: receive installSnapshot: s0->s2#0-t1,chunk:f9e386d4-00e1-4a53-a3eb-130c0a7a4d5d,0
2023-08-18 03:36:01,244 [grpc-default-executor-2] INFO  server.RaftServer$Division (RaftServerImpl.java:setFirstElection(556)) - s2@group-E264CA5F8311: set firstElectionSinceStartup to false for installSnapshot
2023-08-18 03:36:01,244 [grpc-default-executor-2] INFO  server.RaftServer$Division (ServerState.java:setLeader(260)) - s2@group-E264CA5F8311: change Leader from null to s0 at term 1 for installSnapshot, leader elected after 75ms
2023-08-18 03:36:01,245 [grpc-default-executor-2] TRACE util.FileUtils (LogUtils.java:runAndLog(49)) - Successfully ran Files.createDirectories /home/runner/work/ratis/ratis/ratis-test/target/test/data/24296cbb/MiniRaftClusterWithGrpcda665c53/s2/33e4bec1-6c56-422e-957b-e264ca5f8311/tmp/snapshot-f9e386d4-00e1-4a53-a3eb-130c0a7a4d5d
2023-08-18 03:36:01,245 [grpc-default-executor-2] INFO  storage.SnapshotManager (SnapshotManager.java:installSnapshot(89)) - Installing snapshot:s0->s2#0-t1,chunk:f9e386d4-00e1-4a53-a3eb-130c0a7a4d5d,0, to tmp dir:/home/runner/work/ratis/ratis/ratis-test/target/test/data/24296cbb/MiniRaftClusterWithGrpcda665c53/s2/33e4bec1-6c56-422e-957b-e264ca5f8311/tmp/snapshot-f9e386d4-00e1-4a53-a3eb-130c0a7a4d5d
2023-08-18 03:36:01,245 [grpc-default-executor-2] TRACE util.FileUtils (LogUtils.java:runAndLog(49)) - Successfully ran Files.createDirectories /home/runner/work/ratis/ratis/ratis-test/target/test/data/24296cbb/MiniRaftClusterWithGrpcda665c53/s2/33e4bec1-6c56-422e-957b-e264ca5f8311/tmp/snapshot-f9e386d4-00e1-4a53-a3eb-130c0a7a4d5d/snapshot
2023-08-18 03:36:01,246 [grpc-default-executor-2] INFO  impl.SnapshotInstallationHandler (SnapshotInstallationHandler.java:installSnapshotImpl(134)) - s2@group-E264CA5F8311: set new configuration configurationEntry {
  peers {
    id: "s0"
    address: "localhost:39295"
    dataStreamAddress: "localhost:40677"
    clientAddress: "localhost:40991"
    adminAddress: "localhost:44843"
    startupRole: FOLLOWER
  }
}
 from snapshot
2023-08-18 03:36:01,246 [grpc-default-executor-2] INFO  server.RaftServer$Division (ServerState.java:setRaftConf(377)) - s2@group-E264CA5F8311: set configuration 0: peers:[s0|rpc:localhost:39295|admin:localhost:44843|client:localhost:40991|dataStream:localhost:40677|priority:0|startupRole:FOLLOWER]|listeners:[], old=null
2023-08-18 03:36:01,247 [grpc-default-executor-2] INFO  impl.SnapshotInstallationHandler (SnapshotInstallationHandler.java:installSnapshot(100)) - s2@group-E264CA5F8311: reply installSnapshot: s0<-s2#0:OK-t0,SUCCESS,requestIndex=0
2023-08-18 03:36:01,247 [grpc-default-executor-0] INFO  server.GrpcLogAppender (GrpcLogAppender.java:onNext(541)) - s0@group-E264CA5F8311->s2-InstallSnapshotResponseHandler: received the first reply s0<-s2#0:OK-t0,SUCCESS,requestIndex=0
2023-08-18 03:36:01,247 [grpc-default-executor-0] INFO  server.GrpcLogAppender (GrpcLogAppender.java:onNext(555)) - s0@group-E264CA5F8311->s2-InstallSnapshotResponseHandler: Completed InstallSnapshot. Reply: serverReply {
  requestorId: "s0"
  replyId: "s2"
  raftGroupId {
    id: "3\344\276\301lVB.\225{\342d\312_\203\021"
  }
  success: true
}
requestIndex: 0

2023-08-18 03:36:01,247 [grpc-default-executor-0] INFO  leader.FollowerInfo (FollowerInfoImpl.java:setAttemptedToInstallSnapshot(126)) - Follower s0@group-E264CA5F8311->s2 acknowledged installing snapshot
2023-08-18 03:36:01,247 [grpc-default-executor-2] INFO  impl.SnapshotInstallationHandler (SnapshotInstallationHandler.java:installSnapshot(89)) - s2@group-E264CA5F8311: receive installSnapshot: s0->s2#0-t1,chunk:f9e386d4-00e1-4a53-a3eb-130c0a7a4d5d,1
2023-08-18 03:36:01,248 [grpc-default-executor-2] TRACE util.FileUtils (LogUtils.java:runAndLog(49)) - Successfully ran Files.createDirectories /home/runner/work/ratis/ratis/ratis-test/target/test/data/24296cbb/MiniRaftClusterWithGrpcda665c53/s2/33e4bec1-6c56-422e-957b-e264ca5f8311/tmp/snapshot-f9e386d4-00e1-4a53-a3eb-130c0a7a4d5d
2023-08-18 03:36:01,248 [grpc-default-executor-2] INFO  storage.SnapshotManager (SnapshotManager.java:installSnapshot(89)) - Installing snapshot:s0->s2#0-t1,chunk:f9e386d4-00e1-4a53-a3eb-130c0a7a4d5d,1, to tmp dir:/home/runner/work/ratis/ratis/ratis-test/target/test/data/24296cbb/MiniRaftClusterWithGrpcda665c53/s2/33e4bec1-6c56-422e-957b-e264ca5f8311/tmp/snapshot-f9e386d4-00e1-4a53-a3eb-130c0a7a4d5d
2023-08-18 03:36:01,248 [grpc-default-executor-2] TRACE util.FileUtils (LogUtils.java:runAndLog(49)) - Successfully ran Files.createDirectories /home/runner/work/ratis/ratis/ratis-test/target/test/data/24296cbb/MiniRaftClusterWithGrpcda665c53/s2/33e4bec1-6c56-422e-957b-e264ca5f8311/tmp/snapshot-f9e386d4-00e1-4a53-a3eb-130c0a7a4d5d/snapshot/sub
2023-08-18 03:36:01,248 [grpc-default-executor-2] INFO  impl.SnapshotInstallationHandler (SnapshotInstallationHandler.java:installSnapshot(100)) - s2@group-E264CA5F8311: reply installSnapshot: s0<-s2#0:OK-t1,SUCCESS,requestIndex=1
2023-08-18 03:36:01,248 [grpc-default-executor-0] INFO  server.GrpcLogAppender (GrpcLogAppender.java:onNext(541)) - s0@group-E264CA5F8311->s2-InstallSnapshotResponseHandler: received a reply s0<-s2#0:OK-t1,SUCCESS,requestIndex=1
2023-08-18 03:36:01,248 [grpc-default-executor-0] INFO  server.GrpcLogAppender (GrpcLogAppender.java:onNext(555)) - s0@group-E264CA5F8311->s2-InstallSnapshotResponseHandler: Completed InstallSnapshot. Reply: serverReply {
  requestorId: "s0"
  replyId: "s2"
  raftGroupId {
    id: "3\344\276\301lVB.\225{\342d\312_\203\021"
  }
  success: true
}
term: 1
requestIndex: 1

2023-08-18 03:36:01,248 [grpc-default-executor-0] INFO  leader.FollowerInfo (FollowerInfoImpl.java:setAttemptedToInstallSnapshot(126)) - Follower s0@group-E264CA5F8311->s2 acknowledged installing snapshot
2023-08-18 03:36:01,249 [grpc-default-executor-2] INFO  impl.SnapshotInstallationHandler (SnapshotInstallationHandler.java:installSnapshot(89)) - s2@group-E264CA5F8311: receive installSnapshot: s0->s2#0-t1,chunk:f9e386d4-00e1-4a53-a3eb-130c0a7a4d5d,2
2023-08-18 03:36:01,249 [grpc-default-executor-2] TRACE util.FileUtils (LogUtils.java:runAndLog(49)) - Successfully ran Files.createDirectories /home/runner/work/ratis/ratis/ratis-test/target/test/data/24296cbb/MiniRaftClusterWithGrpcda665c53/s2/33e4bec1-6c56-422e-957b-e264ca5f8311/tmp/snapshot-f9e386d4-00e1-4a53-a3eb-130c0a7a4d5d
2023-08-18 03:36:01,249 [grpc-default-executor-2] INFO  storage.SnapshotManager (SnapshotManager.java:installSnapshot(89)) - Installing snapshot:s0->s2#0-t1,chunk:f9e386d4-00e1-4a53-a3eb-130c0a7a4d5d,2, to tmp dir:/home/runner/work/ratis/ratis/ratis-test/target/test/data/24296cbb/MiniRaftClusterWithGrpcda665c53/s2/33e4bec1-6c56-422e-957b-e264ca5f8311/tmp/snapshot-f9e386d4-00e1-4a53-a3eb-130c0a7a4d5d
2023-08-18 03:36:01,249 [grpc-default-executor-2] TRACE util.FileUtils (LogUtils.java:runAndLog(49)) - Successfully ran Files.createDirectories /home/runner/work/ratis/ratis/ratis-test/target/test/data/24296cbb/MiniRaftClusterWithGrpcda665c53/s2/33e4bec1-6c56-422e-957b-e264ca5f8311/tmp/snapshot-f9e386d4-00e1-4a53-a3eb-130c0a7a4d5d/snapshot/sub
2023-08-18 03:36:01,249 [grpc-default-executor-2] INFO  impl.SnapshotInstallationHandler (SnapshotInstallationHandler.java:installSnapshot(100)) - s2@group-E264CA5F8311: reply installSnapshot: s0<-s2#0:OK-t1,SUCCESS,requestIndex=2
2023-08-18 03:36:01,249 [grpc-default-executor-0] INFO  server.GrpcLogAppender (GrpcLogAppender.java:onNext(541)) - s0@group-E264CA5F8311->s2-InstallSnapshotResponseHandler: received a reply s0<-s2#0:OK-t1,SUCCESS,requestIndex=2
2023-08-18 03:36:01,249 [grpc-default-executor-0] INFO  server.GrpcLogAppender (GrpcLogAppender.java:onNext(555)) - s0@group-E264CA5F8311->s2-InstallSnapshotResponseHandler: Completed InstallSnapshot. Reply: serverReply {
  requestorId: "s0"
  replyId: "s2"
  raftGroupId {
    id: "3\344\276\301lVB.\225{\342d\312_\203\021"
  }
  success: true
}
term: 1
requestIndex: 2

2023-08-18 03:36:01,249 [grpc-default-executor-0] INFO  leader.FollowerInfo (FollowerInfoImpl.java:setAttemptedToInstallSnapshot(126)) - Follower s0@group-E264CA5F8311->s2 acknowledged installing snapshot
2023-08-18 03:36:01,249 [grpc-default-executor-2] INFO  impl.SnapshotInstallationHandler (SnapshotInstallationHandler.java:installSnapshot(89)) - s2@group-E264CA5F8311: receive installSnapshot: s0->s2#0-t1,chunk:f9e386d4-00e1-4a53-a3eb-130c0a7a4d5d,3
2023-08-18 03:36:01,250 [grpc-default-executor-2] TRACE util.FileUtils (LogUtils.java:runAndLog(49)) - Successfully ran Files.createDirectories /home/runner/work/ratis/ratis/ratis-test/target/test/data/24296cbb/MiniRaftClusterWithGrpcda665c53/s2/33e4bec1-6c56-422e-957b-e264ca5f8311/tmp/snapshot-f9e386d4-00e1-4a53-a3eb-130c0a7a4d5d
2023-08-18 03:36:01,250 [grpc-default-executor-2] INFO  storage.SnapshotManager (SnapshotManager.java:installSnapshot(89)) - Installing snapshot:s0->s2#0-t1,chunk:f9e386d4-00e1-4a53-a3eb-130c0a7a4d5d,3, to tmp dir:/home/runner/work/ratis/ratis/ratis-test/target/test/data/24296cbb/MiniRaftClusterWithGrpcda665c53/s2/33e4bec1-6c56-422e-957b-e264ca5f8311/tmp/snapshot-f9e386d4-00e1-4a53-a3eb-130c0a7a4d5d
2023-08-18 03:36:01,250 [grpc-default-executor-2] TRACE util.FileUtils (LogUtils.java:runAndLog(49)) - Successfully ran Files.createDirectories /home/runner/work/ratis/ratis/ratis-test/target/test/data/24296cbb/MiniRaftClusterWithGrpcda665c53/s2/33e4bec1-6c56-422e-957b-e264ca5f8311/tmp/snapshot-f9e386d4-00e1-4a53-a3eb-130c0a7a4d5d/snapshot/sub
2023-08-18 03:36:01,250 [grpc-default-executor-2] INFO  impl.SnapshotInstallationHandler (SnapshotInstallationHandler.java:installSnapshot(100)) - s2@group-E264CA5F8311: reply installSnapshot: s0<-s2#0:OK-t1,SUCCESS,requestIndex=3
2023-08-18 03:36:01,250 [grpc-default-executor-0] INFO  server.GrpcLogAppender (GrpcLogAppender.java:onNext(541)) - s0@group-E264CA5F8311->s2-InstallSnapshotResponseHandler: received a reply s0<-s2#0:OK-t1,SUCCESS,requestIndex=3
2023-08-18 03:36:01,250 [grpc-default-executor-0] INFO  server.GrpcLogAppender (GrpcLogAppender.java:onNext(555)) - s0@group-E264CA5F8311->s2-InstallSnapshotResponseHandler: Completed InstallSnapshot. Reply: serverReply {
  requestorId: "s0"
  replyId: "s2"
  raftGroupId {
    id: "3\344\276\301lVB.\225{\342d\312_\203\021"
  }
  success: true
}
term: 1
requestIndex: 3

2023-08-18 03:36:01,250 [grpc-default-executor-0] INFO  leader.FollowerInfo (FollowerInfoImpl.java:setAttemptedToInstallSnapshot(126)) - Follower s0@group-E264CA5F8311->s2 acknowledged installing snapshot
2023-08-18 03:36:01,251 [grpc-default-executor-0] WARN  server.GrpcLogAppender (LogUtils.java:warn(122)) - s0@group-E264CA5F8311->s2-InstallSnapshotResponseHandler: Failed InstallSnapshot: org.apache.ratis.thirdparty.io.grpc.StatusRuntimeException: CANCELLED: Failed to read message.
2023-08-18 03:36:01,251 [grpc-default-executor-2] WARN  server.GrpcServerProtocolService (LogUtils.java:warn(122)) - s2: INSTALL_SNAPSHOT onError, lastRequest: s0->s2#0-t1,chunk:f9e386d4-00e1-4a53-a3eb-130c0a7a4d5d,3: org.apache.ratis.thirdparty.io.grpc.StatusRuntimeException: CANCELLED: client cancelled
2023-08-18 03:36:01,411 [s0@group-E264CA5F8311-LeaderStateImpl] INFO  server.RaftServer$Division (ServerState.java:setRaftConf(377)) - s0@group-E264CA5F8311: set configuration 255: peers:[s0|rpc:localhost:39295|admin:localhost:44843|client:localhost:40991|dataStream:localhost:40677|priority:0|startupRole:FOLLOWER, s1|rpc:0.0.0.0:34459|dataStream:|priority:0|startupRole:FOLLOWER, s2|rpc:0.0.0.0:43137|dataStream:|priority:0|startupRole:FOLLOWER]|listeners:[], old=peers:[s0|rpc:localhost:39295|admin:localhost:44843|client:localhost:40991|dataStream:localhost:40677|priority:0|startupRole:FOLLOWER]|listeners:[]
2023-08-18 03:36:01,712 [s0@group-E264CA5F8311-LeaderStateImpl] WARN  server.RaftServer$Division (LeaderStateImpl.java:checkLeadership(1045)) - s0@group-E264CA5F8311-LeaderStateImpl: Lost leadership on term: 1. Election timeout: 300ms. In charge for: 1141ms. Conf: 255: peers:[s0|rpc:localhost:39295|admin:localhost:44843|client:localhost:40991|dataStream:localhost:40677|priority:0|startupRole:FOLLOWER, s1|rpc:0.0.0.0:34459|dataStream:|priority:0|startupRole:FOLLOWER, s2|rpc:0.0.0.0:43137|dataStream:|priority:0|startupRole:FOLLOWER]|listeners:[], old=peers:[s0|rpc:localhost:39295|admin:localhost:44843|client:localhost:40991|dataStream:localhost:40677|priority:0|startupRole:FOLLOWER]|listeners:[]
2023-08-18 03:36:01,712 [s0@group-E264CA5F8311-LeaderStateImpl] WARN  server.RaftServer$Division (LeaderStateImpl.java:lambda$checkLeadership$19(1049)) - Follower s0@group-E264CA5F8311->s1(c-1,m-1,n0, caughtUp=true, lastRpcSendTime=474, lastRpcResponseTime=478)
2023-08-18 03:36:01,712 [s0@group-E264CA5F8311-LeaderStateImpl] WARN  server.RaftServer$Division (LeaderStateImpl.java:lambda$checkLeadership$19(1049)) - Follower s0@group-E264CA5F8311->s2(c-1,m-1,n0, caughtUp=true, lastRpcSendTime=459, lastRpcResponseTime=462)
2023-08-18 03:36:01,712 [s0@group-E264CA5F8311-LeaderStateImpl] INFO  server.RaftServer$Division (RaftServerImpl.java:setRole(371)) - s0@group-E264CA5F8311: changes role from    LEADER to FOLLOWER at term 1 for StepDownReason:LOST_MAJORITY_HEARTBEATS
2023-08-18 03:36:01,713 [s0@group-E264CA5F8311-LeaderStateImpl] INFO  impl.RoleInfo (RoleInfo.java:shutdownLeaderState(92)) - s0: shutdown s0@group-E264CA5F8311-LeaderStateImpl
2023-08-18 03:36:01,713 [s0@group-E264CA5F8311-LeaderStateImpl] INFO  impl.PendingRequests (PendingRequests.java:sendNotLeaderResponses(289)) - s0@group-E264CA5F8311-PendingRequests: sendNotLeaderResponses
2023-08-18 03:36:01,713 [s0@group-E264CA5F8311->s2-GrpcLogAppender-LogAppenderDaemon] WARN  server.GrpcLogAppender (GrpcLogAppender.java:mayWait(209)) - s0@group-E264CA5F8311->s2-GrpcLogAppender: Wait interrupted by java.lang.InterruptedException
2023-08-18 03:36:01,716 [grpc-default-executor-3] INFO  server.GrpcServerProtocolService (GrpcServerProtocolService.java:onCompleted(155)) - s2: Completed APPEND_ENTRIES, lastRequest: null
2023-08-18 03:36:01,716 [grpc-default-executor-3] INFO  server.GrpcServerProtocolService (GrpcServerProtocolService.java:lambda$onCompleted$5(157)) - s2: Completed APPEND_ENTRIES, lastReply: null
2023-08-18 03:36:01,716 [s0@group-E264CA5F8311-LeaderStateImpl] INFO  server.RaftServer$Division (ServerState.java:setLeader(260)) - s0@group-E264CA5F8311: change Leader from s0 to null at term 1 for StepDownReason:LOST_MAJORITY_HEARTBEATS
2023-08-18 03:36:01,716 [s0@group-E264CA5F8311-LeaderStateImpl] INFO  impl.RoleInfo (RoleInfo.java:updateAndGet(138)) - s0: start s0@group-E264CA5F8311-FollowerState
2023-08-18 03:36:01,716 [grpc-default-executor-3] INFO  server.GrpcLogAppender (GrpcLogAppender.java:onCompleted(461)) - s0@group-E264CA5F8311->s2-AppendLogResponseHandler: follower responses appendEntries COMPLETED
2023-08-18 03:36:01,725 [grpc-default-executor-3] INFO  server.GrpcServerProtocolService (GrpcServerProtocolService.java:onCompleted(155)) - s1: Completed APPEND_ENTRIES, lastRequest: null
2023-08-18 03:36:01,726 [grpc-default-executor-3] INFO  server.GrpcServerProtocolService (GrpcServerProtocolService.java:lambda$onCompleted$5(157)) - s1: Completed APPEND_ENTRIES, lastReply: null
2023-08-18 03:36:01,728 [grpc-default-executor-3] INFO  server.GrpcLogAppender (GrpcLogAppender.java:onCompleted(461)) - s0@group-E264CA5F8311->s1-AppendLogResponseHandler: follower responses appendEntries COMPLETED
2023-08-18 03:36:01,730 [grpc-default-executor-4] INFO  server.GrpcServerProtocolService (GrpcServerProtocolService.java:onCompleted(155)) - s1: Completed APPEND_ENTRIES, lastRequest: null
2023-08-18 03:36:01,730 [grpc-default-executor-4] INFO  server.GrpcServerProtocolService (GrpcServerProtocolService.java:lambda$onCompleted$5(157)) - s1: Completed APPEND_ENTRIES, lastReply: null
2023-08-18 03:36:01,730 [grpc-default-executor-0] INFO  server.GrpcServerProtocolService (GrpcServerProtocolService.java:onCompleted(155)) - s2: Completed APPEND_ENTRIES, lastRequest: null
2023-08-18 03:36:01,730 [grpc-default-executor-0] INFO  server.GrpcServerProtocolService (GrpcServerProtocolService.java:lambda$onCompleted$5(157)) - s2: Completed APPEND_ENTRIES, lastReply: null
2023-08-18 03:36:01,732 [grpc-default-executor-3] INFO  server.GrpcLogAppender (GrpcLogAppender.java:onCompleted(461)) - s0@group-E264CA5F8311->s1-AppendLogResponseHandler: follower responses appendEntries COMPLETED
2023-08-18 03:36:01,735 [grpc-default-executor-0] INFO  server.GrpcLogAppender (GrpcLogAppender.java:onCompleted(461)) - s0@group-E264CA5F8311->s2-AppendLogResponseHandler: follower responses appendEntries COMPLETED
2023-08-18 03:36:01,829 [s2-server-thread1] INFO  server.RaftServer$Division (RaftServerImpl.java:setConfigurationAsync(1238)) - s2@group-E264CA5F8311: receive setConfiguration SetConfigurationRequest:client-255CF6B0DA3F->s2@group-E264CA5F8311, cid=386, seq=0, RW, null, SET_UNCONDITIONALLY, servers:[s1|rpc:0.0.0.0:34459|dataStream:|priority:0|startupRole:FOLLOWER, s2|rpc:0.0.0.0:43137|dataStream:|priority:0|startupRole:FOLLOWER, s0|rpc:localhost:39295|admin:localhost:44843|client:localhost:40991|dataStream:localhost:40677|priority:0|startupRole:FOLLOWER], listeners:[]
2023-08-18 03:36:01,886 [s0@group-E264CA5F8311-FollowerState] INFO  impl.FollowerState (FollowerState.java:lostMajorityHeartbeatsRecently(108)) - s0@group-E264CA5F8311-FollowerState: Skipping leader election since it stepped down recently (elapsed = 169ms < waitTime = 10s)
2023-08-18 03:36:01,950 [s0-server-thread1] INFO  server.RaftServer$Division (RaftServerImpl.java:setConfigurationAsync(1238)) - s0@group-E264CA5F8311: receive setConfiguration SetConfigurationRequest:client-255CF6B0DA3F->s0@group-E264CA5F8311, cid=386, seq=0, RW, null, SET_UNCONDITIONALLY, servers:[s1|rpc:0.0.0.0:34459|dataStream:|priority:0|startupRole:FOLLOWER, s2|rpc:0.0.0.0:43137|dataStream:|priority:0|startupRole:FOLLOWER, s0|rpc:localhost:39295|admin:localhost:44843|client:localhost:40991|dataStream:localhost:40677|priority:0|startupRole:FOLLOWER], listeners:[]
2023-08-18 03:36:02,058 [s1-server-thread1] INFO  server.RaftServer$Division (RaftServerImpl.java:setConfigurationAsync(1238)) - s1@group-E264CA5F8311: receive setConfiguration SetConfigurationRequest:client-255CF6B0DA3F->s1@group-E264CA5F8311, cid=386, seq=0, RW, null, SET_UNCONDITIONALLY, servers:[s1|rpc:0.0.0.0:34459|dataStream:|priority:0|startupRole:FOLLOWER, s2|rpc:0.0.0.0:43137|dataStream:|priority:0|startupRole:FOLLOWER, s0|rpc:localhost:39295|admin:localhost:44843|client:localhost:40991|dataStream:localhost:40677|priority:0|startupRole:FOLLOWER], listeners:[]
2023-08-18 03:36:02,058 [s0@group-E264CA5F8311-FollowerState] INFO  impl.FollowerState (FollowerState.java:lostMajorityHeartbeatsRecently(108)) - s0@group-E264CA5F8311-FollowerState: Skipping leader election since it stepped down recently (elapsed = 342ms < waitTime = 10s)
2023-08-18 03:36:02,168 [s0-server-thread1] INFO  server.RaftServer$Division (RaftServerImpl.java:setConfigurationAsync(1238)) - s0@group-E264CA5F8311: receive setConfiguration SetConfigurationRequest:client-255CF6B0DA3F->s0@group-E264CA5F8311, cid=386, seq=0, RW, null, SET_UNCONDITIONALLY, servers:[s1|rpc:0.0.0.0:34459|dataStream:|priority:0|startupRole:FOLLOWER, s2|rpc:0.0.0.0:43137|dataStream:|priority:0|startupRole:FOLLOWER, s0|rpc:localhost:39295|admin:localhost:44843|client:localhost:40991|dataStream:localhost:40677|priority:0|startupRole:FOLLOWER], listeners:[]
2023-08-18 03:36:02,276 [s0@group-E264CA5F8311-FollowerState] INFO  impl.FollowerState (FollowerState.java:lostMajorityHeartbeatsRecently(108)) - s0@group-E264CA5F8311-FollowerState: Skipping leader election since it stepped down recently (elapsed = 559ms < waitTime = 10s)
2023-08-18 03:36:02,282 [s1-server-thread1] INFO  server.RaftServer$Division (RaftServerImpl.java:setConfigurationAsync(1238)) - s1@group-E264CA5F8311: receive setConfiguration SetConfigurationRequest:client-255CF6B0DA3F->s1@group-E264CA5F8311, cid=386, seq=0, RW, null, SET_UNCONDITIONALLY, servers:[s1|rpc:0.0.0.0:34459|dataStream:|priority:0|startupRole:FOLLOWER, s2|rpc:0.0.0.0:43137|dataStream:|priority:0|startupRole:FOLLOWER, s0|rpc:localhost:39295|admin:localhost:44843|client:localhost:40991|dataStream:localhost:40677|priority:0|startupRole:FOLLOWER], listeners:[]
2023-08-18 03:36:02,390 [s2-server-thread1] INFO  server.RaftServer$Division (RaftServerImpl.java:setConfigurationAsync(1238)) - s2@group-E264CA5F8311: receive setConfiguration SetConfigurationRequest:client-255CF6B0DA3F->s2@group-E264CA5F8311, cid=386, seq=0, RW, null, SET_UNCONDITIONALLY, servers:[s1|rpc:0.0.0.0:34459|dataStream:|priority:0|startupRole:FOLLOWER, s2|rpc:0.0.0.0:43137|dataStream:|priority:0|startupRole:FOLLOWER, s0|rpc:localhost:39295|admin:localhost:44843|client:localhost:40991|dataStream:localhost:40677|priority:0|startupRole:FOLLOWER], listeners:[]
2023-08-18 03:36:02,499 [s1-server-thread1] INFO  server.RaftServer$Division (RaftServerImpl.java:setConfigurationAsync(1238)) - s1@group-E264CA5F8311: receive setConfiguration SetConfigurationRequest:client-255CF6B0DA3F->s1@group-E264CA5F8311, cid=386, seq=0, RW, null, SET_UNCONDITIONALLY, servers:[s1|rpc:0.0.0.0:34459|dataStream:|priority:0|startupRole:FOLLOWER, s2|rpc:0.0.0.0:43137|dataStream:|priority:0|startupRole:FOLLOWER, s0|rpc:localhost:39295|admin:localhost:44843|client:localhost:40991|dataStream:localhost:40677|priority:0|startupRole:FOLLOWER], listeners:[]
2023-08-18 03:36:02,566 [s0@group-E264CA5F8311-FollowerState] INFO  impl.FollowerState (FollowerState.java:lostMajorityHeartbeatsRecently(108)) - s0@group-E264CA5F8311-FollowerState: Skipping leader election since it stepped down recently (elapsed = 849ms < waitTime = 10s)
2023-08-18 03:36:02,609 [s0-server-thread1] INFO  server.RaftServer$Division (RaftServerImpl.java:setConfigurationAsync(1238)) - s0@group-E264CA5F8311: receive setConfiguration SetConfigurationRequest:client-255CF6B0DA3F->s0@group-E264CA5F8311, cid=386, seq=0, RW, null, SET_UNCONDITIONALLY, servers:[s1|rpc:0.0.0.0:34459|dataStream:|priority:0|startupRole:FOLLOWER, s2|rpc:0.0.0.0:43137|dataStream:|priority:0|startupRole:FOLLOWER, s0|rpc:localhost:39295|admin:localhost:44843|client:localhost:40991|dataStream:localhost:40677|priority:0|startupRole:FOLLOWER], listeners:[]
2023-08-18 03:36:02,717 [s2-server-thread1] INFO  server.RaftServer$Division (RaftServerImpl.java:setConfigurationAsync(1238)) - s2@group-E264CA5F8311: receive setConfiguration SetConfigurationRequest:client-255CF6B0DA3F->s2@group-E264CA5F8311, cid=386, seq=0, RW, null, SET_UNCONDITIONALLY, servers:[s1|rpc:0.0.0.0:34459|dataStream:|priority:0|startupRole:FOLLOWER, s2|rpc:0.0.0.0:43137|dataStream:|priority:0|startupRole:FOLLOWER, s0|rpc:localhost:39295|admin:localhost:44843|client:localhost:40991|dataStream:localhost:40677|priority:0|startupRole:FOLLOWER], listeners:[]
2023-08-18 03:36:02,826 [s0-server-thread1] INFO  server.RaftServer$Division (RaftServerImpl.java:setConfigurationAsync(1238)) - s0@group-E264CA5F8311: receive setConfiguration SetConfigurationRequest:client-255CF6B0DA3F->s0@group-E264CA5F8311, cid=386, seq=0, RW, null, SET_UNCONDITIONALLY, servers:[s1|rpc:0.0.0.0:34459|dataStream:|priority:0|startupRole:FOLLOWER, s2|rpc:0.0.0.0:43137|dataStream:|priority:0|startupRole:FOLLOWER, s0|rpc:localhost:39295|admin:localhost:44843|client:localhost:40991|dataStream:localhost:40677|priority:0|startupRole:FOLLOWER], listeners:[]
2023-08-18 03:36:02,833 [s0@group-E264CA5F8311-FollowerState] INFO  impl.FollowerState (FollowerState.java:lostMajorityHeartbeatsRecently(108)) - s0@group-E264CA5F8311-FollowerState: Skipping leader election since it stepped down recently (elapsed = 1117ms < waitTime = 10s)
2023-08-18 03:36:02,932 [s1-server-thread1] INFO  server.RaftServer$Division (RaftServerImpl.java:setConfigurationAsync(1238)) - s1@group-E264CA5F8311: receive setConfiguration SetConfigurationRequest:client-255CF6B0DA3F->s1@group-E264CA5F8311, cid=386, seq=0, RW, null, SET_UNCONDITIONALLY, servers:[s1|rpc:0.0.0.0:34459|dataStream:|priority:0|startupRole:FOLLOWER, s2|rpc:0.0.0.0:43137|dataStream:|priority:0|startupRole:FOLLOWER, s0|rpc:localhost:39295|admin:localhost:44843|client:localhost:40991|dataStream:localhost:40677|priority:0|startupRole:FOLLOWER], listeners:[]
2023-08-18 03:36:03,043 [s2-server-thread1] INFO  server.RaftServer$Division (RaftServerImpl.java:setConfigurationAsync(1238)) - s2@group-E264CA5F8311: receive setConfiguration SetConfigurationRequest:client-255CF6B0DA3F->s2@group-E264CA5F8311, cid=386, seq=0, RW, null, SET_UNCONDITIONALLY, servers:[s1|rpc:0.0.0.0:34459|dataStream:|priority:0|startupRole:FOLLOWER, s2|rpc:0.0.0.0:43137|dataStream:|priority:0|startupRole:FOLLOWER, s0|rpc:localhost:39295|admin:localhost:44843|client:localhost:40991|dataStream:localhost:40677|priority:0|startupRole:FOLLOWER], listeners:[]
2023-08-18 03:36:03,090 [s0@group-E264CA5F8311-FollowerState] INFO  impl.FollowerState (FollowerState.java:lostMajorityHeartbeatsRecently(108)) - s0@group-E264CA5F8311-FollowerState: Skipping leader election since it stepped down recently (elapsed = 1373ms < waitTime = 10s)
2023-08-18 03:36:03,151 [s0-server-thread1] INFO  server.RaftServer$Division (RaftServerImpl.java:setConfigurationAsync(1238)) - s0@group-E264CA5F8311: receive setConfiguration SetConfigurationRequest:client-255CF6B0DA3F->s0@group-E264CA5F8311, cid=386, seq=0, RW, null, SET_UNCONDITIONALLY, servers:[s1|rpc:0.0.0.0:34459|dataStream:|priority:0|startupRole:FOLLOWER, s2|rpc:0.0.0.0:43137|dataStream:|priority:0|startupRole:FOLLOWER, s0|rpc:localhost:39295|admin:localhost:44843|client:localhost:40991|dataStream:localhost:40677|priority:0|startupRole:FOLLOWER], listeners:[]
2023-08-18 03:36:03,258 [s1-server-thread1] INFO  server.RaftServer$Division (RaftServerImpl.java:setConfigurationAsync(1238)) - s1@group-E264CA5F8311: receive setConfiguration SetConfigurationRequest:client-255CF6B0DA3F->s1@group-E264CA5F8311, cid=386, seq=0, RW, null, SET_UNCONDITIONALLY, servers:[s1|rpc:0.0.0.0:34459|dataStream:|priority:0|startupRole:FOLLOWER, s2|rpc:0.0.0.0:43137|dataStream:|priority:0|startupRole:FOLLOWER, s0|rpc:localhost:39295|admin:localhost:44843|client:localhost:40991|dataStream:localhost:40677|priority:0|startupRole:FOLLOWER], listeners:[]
2023-08-18 03:36:03,365 [s0-server-thread1] INFO  server.RaftServer$Division (RaftServerImpl.java:setConfigurationAsync(1238)) - s0@group-E264CA5F8311: receive setConfiguration SetConfigurationRequest:client-255CF6B0DA3F->s0@group-E264CA5F8311, cid=386, seq=0, RW, null, SET_UNCONDITIONALLY, servers:[s1|rpc:0.0.0.0:34459|dataStream:|priority:0|startupRole:FOLLOWER, s2|rpc:0.0.0.0:43137|dataStream:|priority:0|startupRole:FOLLOWER, s0|rpc:localhost:39295|admin:localhost:44843|client:localhost:40991|dataStream:localhost:40677|priority:0|startupRole:FOLLOWER], listeners:[]
2023-08-18 03:36:03,389 [s0@group-E264CA5F8311-FollowerState] INFO  impl.FollowerState (FollowerState.java:lostMajorityHeartbeatsRecently(108)) - s0@group-E264CA5F8311-FollowerState: Skipping leader election since it stepped down recently (elapsed = 1673ms < waitTime = 10s)
2023-08-18 03:36:03,472 [s2-server-thread1] INFO  server.RaftServer$Division (RaftServerImpl.java:setConfigurationAsync(1238)) - s2@group-E264CA5F8311: receive setConfiguration SetConfigurationRequest:client-255CF6B0DA3F->s2@group-E264CA5F8311, cid=386, seq=0, RW, null, SET_UNCONDITIONALLY, servers:[s1|rpc:0.0.0.0:34459|dataStream:|priority:0|startupRole:FOLLOWER, s2|rpc:0.0.0.0:43137|dataStream:|priority:0|startupRole:FOLLOWER, s0|rpc:localhost:39295|admin:localhost:44843|client:localhost:40991|dataStream:localhost:40677|priority:0|startupRole:FOLLOWER], listeners:[]
2023-08-18 03:36:03,580 [s1-server-thread1] INFO  server.RaftServer$Division (RaftServerImpl.java:setConfigurationAsync(1238)) - s1@group-E264CA5F8311: receive setConfiguration SetConfigurationRequest:client-255CF6B0DA3F->s1@group-E264CA5F8311, cid=386, seq=0, RW, null, SET_UNCONDITIONALLY, servers:[s1|rpc:0.0.0.0:34459|dataStream:|priority:0|startupRole:FOLLOWER, s2|rpc:0.0.0.0:43137|dataStream:|priority:0|startupRole:FOLLOWER, s0|rpc:localhost:39295|admin:localhost:44843|client:localhost:40991|dataStream:localhost:40677|priority:0|startupRole:FOLLOWER], listeners:[]
2023-08-18 03:36:03,637 [s0@group-E264CA5F8311-FollowerState] INFO  impl.FollowerState (FollowerState.java:lostMajorityHeartbeatsRecently(108)) - s0@group-E264CA5F8311-FollowerState: Skipping leader election since it stepped down recently (elapsed = 1920ms < waitTime = 10s)
2023-08-18 03:36:03,689 [s0-server-thread1] INFO  server.RaftServer$Division (RaftServerImpl.java:setConfigurationAsync(1238)) - s0@group-E264CA5F8311: receive setConfiguration SetConfigurationRequest:client-255CF6B0DA3F->s0@group-E264CA5F8311, cid=386, seq=0, RW, null, SET_UNCONDITIONALLY, servers:[s1|rpc:0.0.0.0:34459|dataStream:|priority:0|startupRole:FOLLOWER, s2|rpc:0.0.0.0:43137|dataStream:|priority:0|startupRole:FOLLOWER, s0|rpc:localhost:39295|admin:localhost:44843|client:localhost:40991|dataStream:localhost:40677|priority:0|startupRole:FOLLOWER], listeners:[]
2023-08-18 03:36:03,797 [s1-server-thread1] INFO  server.RaftServer$Division (RaftServerImpl.java:setConfigurationAsync(1238)) - s1@group-E264CA5F8311: receive setConfiguration SetConfigurationRequest:client-255CF6B0DA3F->s1@group-E264CA5F8311, cid=386, seq=0, RW, null, SET_UNCONDITIONALLY, servers:[s1|rpc:0.0.0.0:34459|dataStream:|priority:0|startupRole:FOLLOWER, s2|rpc:0.0.0.0:43137|dataStream:|priority:0|startupRole:FOLLOWER, s0|rpc:localhost:39295|admin:localhost:44843|client:localhost:40991|dataStream:localhost:40677|priority:0|startupRole:FOLLOWER], listeners:[]
2023-08-18 03:36:03,852 [s0@group-E264CA5F8311-FollowerState] INFO  impl.FollowerState (FollowerState.java:lostMajorityHeartbeatsRecently(108)) - s0@group-E264CA5F8311-FollowerState: Skipping leader election since it stepped down recently (elapsed = 2135ms < waitTime = 10s)
2023-08-18 03:36:03,904 [s2-server-thread1] INFO  server.RaftServer$Division (RaftServerImpl.java:setConfigurationAsync(1238)) - s2@group-E264CA5F8311: receive setConfiguration SetConfigurationRequest:client-255CF6B0DA3F->s2@group-E264CA5F8311, cid=386, seq=0, RW, null, SET_UNCONDITIONALLY, servers:[s1|rpc:0.0.0.0:34459|dataStream:|priority:0|startupRole:FOLLOWER, s2|rpc:0.0.0.0:43137|dataStream:|priority:0|startupRole:FOLLOWER, s0|rpc:localhost:39295|admin:localhost:44843|client:localhost:40991|dataStream:localhost:40677|priority:0|startupRole:FOLLOWER], listeners:[]
2023-08-18 03:36:04,012 [s0@group-E264CA5F8311-FollowerState] INFO  impl.FollowerState (FollowerState.java:lostMajorityHeartbeatsRecently(108)) - s0@group-E264CA5F8311-FollowerState: Skipping leader election since it stepped down recently (elapsed = 2296ms < waitTime = 10s)
2023-08-18 03:36:04,013 [s0-server-thread1] INFO  server.RaftServer$Division (RaftServerImpl.java:setConfigurationAsync(1238)) - s0@group-E264CA5F8311: receive setConfiguration SetConfigurationRequest:client-255CF6B0DA3F->s0@group-E264CA5F8311, cid=386, seq=0, RW, null, SET_UNCONDITIONALLY, servers:[s1|rpc:0.0.0.0:34459|dataStream:|priority:0|startupRole:FOLLOWER, s2|rpc:0.0.0.0:43137|dataStream:|priority:0|startupRole:FOLLOWER, s0|rpc:localhost:39295|admin:localhost:44843|client:localhost:40991|dataStream:localhost:40677|priority:0|startupRole:FOLLOWER], listeners:[]
2023-08-18 03:36:04,119 [s2-server-thread1] INFO  server.RaftServer$Division (RaftServerImpl.java:setConfigurationAsync(1238)) - s2@group-E264CA5F8311: receive setConfiguration SetConfigurationRequest:client-255CF6B0DA3F->s2@group-E264CA5F8311, cid=386, seq=0, RW, null, SET_UNCONDITIONALLY, servers:[s1|rpc:0.0.0.0:34459|dataStream:|priority:0|startupRole:FOLLOWER, s2|rpc:0.0.0.0:43137|dataStream:|priority:0|startupRole:FOLLOWER, s0|rpc:localhost:39295|admin:localhost:44843|client:localhost:40991|dataStream:localhost:40677|priority:0|startupRole:FOLLOWER], listeners:[]
2023-08-18 03:36:04,210 [s0@group-E264CA5F8311-FollowerState] INFO  impl.FollowerState (FollowerState.java:lostMajorityHeartbeatsRecently(108)) - s0@group-E264CA5F8311-FollowerState: Skipping leader election since it stepped down recently (elapsed = 2494ms < waitTime = 10s)
2023-08-18 03:36:04,229 [s0-server-thread1] INFO  server.RaftServer$Division (RaftServerImpl.java:setConfigurationAsync(1238)) - s0@group-E264CA5F8311: receive setConfiguration SetConfigurationRequest:client-255CF6B0DA3F->s0@group-E264CA5F8311, cid=386, seq=0, RW, null, SET_UNCONDITIONALLY, servers:[s1|rpc:0.0.0.0:34459|dataStream:|priority:0|startupRole:FOLLOWER, s2|rpc:0.0.0.0:43137|dataStream:|priority:0|startupRole:FOLLOWER, s0|rpc:localhost:39295|admin:localhost:44843|client:localhost:40991|dataStream:localhost:40677|priority:0|startupRole:FOLLOWER], listeners:[]
2023-08-18 03:36:04,339 [s2-server-thread1] INFO  server.RaftServer$Division (RaftServerImpl.java:setConfigurationAsync(1238)) - s2@group-E264CA5F8311: receive setConfiguration SetConfigurationRequest:client-255CF6B0DA3F->s2@group-E264CA5F8311, cid=386, seq=0, RW, null, SET_UNCONDITIONALLY, servers:[s1|rpc:0.0.0.0:34459|dataStream:|priority:0|startupRole:FOLLOWER, s2|rpc:0.0.0.0:43137|dataStream:|priority:0|startupRole:FOLLOWER, s0|rpc:localhost:39295|admin:localhost:44843|client:localhost:40991|dataStream:localhost:40677|priority:0|startupRole:FOLLOWER], listeners:[]
2023-08-18 03:36:04,374 [s0@group-E264CA5F8311-FollowerState] INFO  impl.FollowerState (FollowerState.java:lostMajorityHeartbeatsRecently(108)) - s0@group-E264CA5F8311-FollowerState: Skipping leader election since it stepped down recently (elapsed = 2657ms < waitTime = 10s)
2023-08-18 03:36:04,448 [s0-server-thread1] INFO  server.RaftServer$Division (RaftServerImpl.java:setConfigurationAsync(1238)) - s0@group-E264CA5F8311: receive setConfiguration SetConfigurationRequest:client-255CF6B0DA3F->s0@group-E264CA5F8311, cid=386, seq=0, RW, null, SET_UNCONDITIONALLY, servers:[s1|rpc:0.0.0.0:34459|dataStream:|priority:0|startupRole:FOLLOWER, s2|rpc:0.0.0.0:43137|dataStream:|priority:0|startupRole:FOLLOWER, s0|rpc:localhost:39295|admin:localhost:44843|client:localhost:40991|dataStream:localhost:40677|priority:0|startupRole:FOLLOWER], listeners:[]
2023-08-18 03:36:04,550 [s0@group-E264CA5F8311-FollowerState] INFO  impl.FollowerState (FollowerState.java:lostMajorityHeartbeatsRecently(108)) - s0@group-E264CA5F8311-FollowerState: Skipping leader election since it stepped down recently (elapsed = 2833ms < waitTime = 10s)
2023-08-18 03:36:04,553 [s2-server-thread1] INFO  server.RaftServer$Division (RaftServerImpl.java:setConfigurationAsync(1238)) - s2@group-E264CA5F8311: receive setConfiguration SetConfigurationRequest:client-255CF6B0DA3F->s2@group-E264CA5F8311, cid=386, seq=0, RW, null, SET_UNCONDITIONALLY, servers:[s1|rpc:0.0.0.0:34459|dataStream:|priority:0|startupRole:FOLLOWER, s2|rpc:0.0.0.0:43137|dataStream:|priority:0|startupRole:FOLLOWER, s0|rpc:localhost:39295|admin:localhost:44843|client:localhost:40991|dataStream:localhost:40677|priority:0|startupRole:FOLLOWER], listeners:[]
2023-08-18 03:36:04,664 [s1-server-thread1] INFO  server.RaftServer$Division (RaftServerImpl.java:setConfigurationAsync(1238)) - s1@group-E264CA5F8311: receive setConfiguration SetConfigurationRequest:client-255CF6B0DA3F->s1@group-E264CA5F8311, cid=386, seq=0, RW, null, SET_UNCONDITIONALLY, servers:[s1|rpc:0.0.0.0:34459|dataStream:|priority:0|startupRole:FOLLOWER, s2|rpc:0.0.0.0:43137|dataStream:|priority:0|startupRole:FOLLOWER, s0|rpc:localhost:39295|admin:localhost:44843|client:localhost:40991|dataStream:localhost:40677|priority:0|startupRole:FOLLOWER], listeners:[]
2023-08-18 03:36:04,771 [s2-server-thread1] INFO  server.RaftServer$Division (RaftServerImpl.java:setConfigurationAsync(1238)) - s2@group-E264CA5F8311: receive setConfiguration SetConfigurationRequest:client-255CF6B0DA3F->s2@group-E264CA5F8311, cid=386, seq=0, RW, null, SET_UNCONDITIONALLY, servers:[s1|rpc:0.0.0.0:34459|dataStream:|priority:0|startupRole:FOLLOWER, s2|rpc:0.0.0.0:43137|dataStream:|priority:0|startupRole:FOLLOWER, s0|rpc:localhost:39295|admin:localhost:44843|client:localhost:40991|dataStream:localhost:40677|priority:0|startupRole:FOLLOWER], listeners:[]
2023-08-18 03:36:04,784 [s0@group-E264CA5F8311-FollowerState] INFO  impl.FollowerState (FollowerState.java:lostMajorityHeartbeatsRecently(108)) - s0@group-E264CA5F8311-FollowerState: Skipping leader election since it stepped down recently (elapsed = 3067ms < waitTime = 10s)
2023-08-18 03:36:04,879 [s0-server-thread1] INFO  server.RaftServer$Division (RaftServerImpl.java:setConfigurationAsync(1238)) - s0@group-E264CA5F8311: receive setConfiguration SetConfigurationRequest:client-255CF6B0DA3F->s0@group-E264CA5F8311, cid=386, seq=0, RW, null, SET_UNCONDITIONALLY, servers:[s1|rpc:0.0.0.0:34459|dataStream:|priority:0|startupRole:FOLLOWER, s2|rpc:0.0.0.0:43137|dataStream:|priority:0|startupRole:FOLLOWER, s0|rpc:localhost:39295|admin:localhost:44843|client:localhost:40991|dataStream:localhost:40677|priority:0|startupRole:FOLLOWER], listeners:[]
2023-08-18 03:36:04,985 [s1-server-thread1] INFO  server.RaftServer$Division (RaftServerImpl.java:setConfigurationAsync(1238)) - s1@group-E264CA5F8311: receive setConfiguration SetConfigurationRequest:client-255CF6B0DA3F->s1@group-E264CA5F8311, cid=386, seq=0, RW, null, SET_UNCONDITIONALLY, servers:[s1|rpc:0.0.0.0:34459|dataStream:|priority:0|startupRole:FOLLOWER, s2|rpc:0.0.0.0:43137|dataStream:|priority:0|startupRole:FOLLOWER, s0|rpc:localhost:39295|admin:localhost:44843|client:localhost:40991|dataStream:localhost:40677|priority:0|startupRole:FOLLOWER], listeners:[]
2023-08-18 03:36:05,073 [s0@group-E264CA5F8311-FollowerState] INFO  impl.FollowerState (FollowerState.java:lostMajorityHeartbeatsRecently(108)) - s0@group-E264CA5F8311-FollowerState: Skipping leader election since it stepped down recently (elapsed = 3357ms < waitTime = 10s)
2023-08-18 03:36:05,093 [s0-server-thread1] INFO  server.RaftServer$Division (RaftServerImpl.java:setConfigurationAsync(1238)) - s0@group-E264CA5F8311: receive setConfiguration SetConfigurationRequest:client-255CF6B0DA3F->s0@group-E264CA5F8311, cid=386, seq=0, RW, null, SET_UNCONDITIONALLY, servers:[s1|rpc:0.0.0.0:34459|dataStream:|priority:0|startupRole:FOLLOWER, s2|rpc:0.0.0.0:43137|dataStream:|priority:0|startupRole:FOLLOWER, s0|rpc:localhost:39295|admin:localhost:44843|client:localhost:40991|dataStream:localhost:40677|priority:0|startupRole:FOLLOWER], listeners:[]
2023-08-18 03:36:05,198 [s2-server-thread1] INFO  server.RaftServer$Division (RaftServerImpl.java:setConfigurationAsync(1238)) - s2@group-E264CA5F8311: receive setConfiguration SetConfigurationRequest:client-255CF6B0DA3F->s2@group-E264CA5F8311, cid=386, seq=0, RW, null, SET_UNCONDITIONALLY, servers:[s1|rpc:0.0.0.0:34459|dataStream:|priority:0|startupRole:FOLLOWER, s2|rpc:0.0.0.0:43137|dataStream:|priority:0|startupRole:FOLLOWER, s0|rpc:localhost:39295|admin:localhost:44843|client:localhost:40991|dataStream:localhost:40677|priority:0|startupRole:FOLLOWER], listeners:[]
2023-08-18 03:36:05,308 [s1-server-thread1] INFO  server.RaftServer$Division (RaftServerImpl.java:setConfigurationAsync(1238)) - s1@group-E264CA5F8311: receive setConfiguration SetConfigurationRequest:client-255CF6B0DA3F->s1@group-E264CA5F8311, cid=386, seq=0, RW, null, SET_UNCONDITIONALLY, servers:[s1|rpc:0.0.0.0:34459|dataStream:|priority:0|startupRole:FOLLOWER, s2|rpc:0.0.0.0:43137|dataStream:|priority:0|startupRole:FOLLOWER, s0|rpc:localhost:39295|admin:localhost:44843|client:localhost:40991|dataStream:localhost:40677|priority:0|startupRole:FOLLOWER], listeners:[]
2023-08-18 03:36:05,332 [s0@group-E264CA5F8311-FollowerState] INFO  impl.FollowerState (FollowerState.java:lostMajorityHeartbeatsRecently(108)) - s0@group-E264CA5F8311-FollowerState: Skipping leader election since it stepped down recently (elapsed = 3616ms < waitTime = 10s)
2023-08-18 03:36:05,416 [s0-server-thread1] INFO  server.RaftServer$Division (RaftServerImpl.java:setConfigurationAsync(1238)) - s0@group-E264CA5F8311: receive setConfiguration SetConfigurationRequest:client-255CF6B0DA3F->s0@group-E264CA5F8311, cid=386, seq=0, RW, null, SET_UNCONDITIONALLY, servers:[s1|rpc:0.0.0.0:34459|dataStream:|priority:0|startupRole:FOLLOWER, s2|rpc:0.0.0.0:43137|dataStream:|priority:0|startupRole:FOLLOWER, s0|rpc:localhost:39295|admin:localhost:44843|client:localhost:40991|dataStream:localhost:40677|priority:0|startupRole:FOLLOWER], listeners:[]
2023-08-18 03:36:05,525 [s2-server-thread1] INFO  server.RaftServer$Division (RaftServerImpl.java:setConfigurationAsync(1238)) - s2@group-E264CA5F8311: receive setConfiguration SetConfigurationRequest:client-255CF6B0DA3F->s2@group-E264CA5F8311, cid=386, seq=0, RW, null, SET_UNCONDITIONALLY, servers:[s1|rpc:0.0.0.0:34459|dataStream:|priority:0|startupRole:FOLLOWER, s2|rpc:0.0.0.0:43137|dataStream:|priority:0|startupRole:FOLLOWER, s0|rpc:localhost:39295|admin:localhost:44843|client:localhost:40991|dataStream:localhost:40677|priority:0|startupRole:FOLLOWER], listeners:[]
2023-08-18 03:36:05,535 [s0@group-E264CA5F8311-FollowerState] INFO  impl.FollowerState (FollowerState.java:lostMajorityHeartbeatsRecently(108)) - s0@group-E264CA5F8311-FollowerState: Skipping leader election since it stepped down recently (elapsed = 3818ms < waitTime = 10s)
2023-08-18 03:36:05,632 [s1-server-thread1] INFO  server.RaftServer$Division (RaftServerImpl.java:setConfigurationAsync(1238)) - s1@group-E264CA5F8311: receive setConfiguration SetConfigurationRequest:client-255CF6B0DA3F->s1@group-E264CA5F8311, cid=386, seq=0, RW, null, SET_UNCONDITIONALLY, servers:[s1|rpc:0.0.0.0:34459|dataStream:|priority:0|startupRole:FOLLOWER, s2|rpc:0.0.0.0:43137|dataStream:|priority:0|startupRole:FOLLOWER, s0|rpc:localhost:39295|admin:localhost:44843|client:localhost:40991|dataStream:localhost:40677|priority:0|startupRole:FOLLOWER], listeners:[]
2023-08-18 03:36:05,739 [s2-server-thread1] INFO  server.RaftServer$Division (RaftServerImpl.java:setConfigurationAsync(1238)) - s2@group-E264CA5F8311: receive setConfiguration SetConfigurationRequest:client-255CF6B0DA3F->s2@group-E264CA5F8311, cid=386, seq=0, RW, null, SET_UNCONDITIONALLY, servers:[s1|rpc:0.0.0.0:34459|dataStream:|priority:0|startupRole:FOLLOWER, s2|rpc:0.0.0.0:43137|dataStream:|priority:0|startupRole:FOLLOWER, s0|rpc:localhost:39295|admin:localhost:44843|client:localhost:40991|dataStream:localhost:40677|priority:0|startupRole:FOLLOWER], listeners:[]
2023-08-18 03:36:05,753 [s0@group-E264CA5F8311-FollowerState] INFO  impl.FollowerState (FollowerState.java:lostMajorityHeartbeatsRecently(108)) - s0@group-E264CA5F8311-FollowerState: Skipping leader election since it stepped down recently (elapsed = 4036ms < waitTime = 10s)
2023-08-18 03:36:05,846 [s0-server-thread1] INFO  server.RaftServer$Division (RaftServerImpl.java:setConfigurationAsync(1238)) - s0@group-E264CA5F8311: receive setConfiguration SetConfigurationRequest:client-255CF6B0DA3F->s0@group-E264CA5F8311, cid=386, seq=0, RW, null, SET_UNCONDITIONALLY, servers:[s1|rpc:0.0.0.0:34459|dataStream:|priority:0|startupRole:FOLLOWER, s2|rpc:0.0.0.0:43137|dataStream:|priority:0|startupRole:FOLLOWER, s0|rpc:localhost:39295|admin:localhost:44843|client:localhost:40991|dataStream:localhost:40677|priority:0|startupRole:FOLLOWER], listeners:[]
2023-08-18 03:36:05,953 [s1-server-thread1] INFO  server.RaftServer$Division (RaftServerImpl.java:setConfigurationAsync(1238)) - s1@group-E264CA5F8311: receive setConfiguration SetConfigurationRequest:client-255CF6B0DA3F->s1@group-E264CA5F8311, cid=386, seq=0, RW, null, SET_UNCONDITIONALLY, servers:[s1|rpc:0.0.0.0:34459|dataStream:|priority:0|startupRole:FOLLOWER, s2|rpc:0.0.0.0:43137|dataStream:|priority:0|startupRole:FOLLOWER, s0|rpc:localhost:39295|admin:localhost:44843|client:localhost:40991|dataStream:localhost:40677|priority:0|startupRole:FOLLOWER], listeners:[]
2023-08-18 03:36:06,014 [s0@group-E264CA5F8311-FollowerState] INFO  impl.FollowerState (FollowerState.java:lostMajorityHeartbeatsRecently(108)) - s0@group-E264CA5F8311-FollowerState: Skipping leader election since it stepped down recently (elapsed = 4297ms < waitTime = 10s)
2023-08-18 03:36:06,061 [s2-server-thread1] INFO  server.RaftServer$Division (RaftServerImpl.java:setConfigurationAsync(1238)) - s2@group-E264CA5F8311: receive setConfiguration SetConfigurationRequest:client-255CF6B0DA3F->s2@group-E264CA5F8311, cid=386, seq=0, RW, null, SET_UNCONDITIONALLY, servers:[s1|rpc:0.0.0.0:34459|dataStream:|priority:0|startupRole:FOLLOWER, s2|rpc:0.0.0.0:43137|dataStream:|priority:0|startupRole:FOLLOWER, s0|rpc:localhost:39295|admin:localhost:44843|client:localhost:40991|dataStream:localhost:40677|priority:0|startupRole:FOLLOWER], listeners:[]
2023-08-18 03:36:06,168 [s1-server-thread1] INFO  server.RaftServer$Division (RaftServerImpl.java:setConfigurationAsync(1238)) - s1@group-E264CA5F8311: receive setConfiguration SetConfigurationRequest:client-255CF6B0DA3F->s1@group-E264CA5F8311, cid=386, seq=0, RW, null, SET_UNCONDITIONALLY, servers:[s1|rpc:0.0.0.0:34459|dataStream:|priority:0|startupRole:FOLLOWER, s2|rpc:0.0.0.0:43137|dataStream:|priority:0|startupRole:FOLLOWER, s0|rpc:localhost:39295|admin:localhost:44843|client:localhost:40991|dataStream:localhost:40677|priority:0|startupRole:FOLLOWER], listeners:[]
2023-08-18 03:36:06,174 [s0@group-E264CA5F8311-FollowerState] INFO  impl.FollowerState (FollowerState.java:lostMajorityHeartbeatsRecently(108)) - s0@group-E264CA5F8311-FollowerState: Skipping leader election since it stepped down recently (elapsed = 4458ms < waitTime = 10s)
2023-08-18 03:36:06,276 [s2-server-thread1] INFO  server.RaftServer$Division (RaftServerImpl.java:setConfigurationAsync(1238)) - s2@group-E264CA5F8311: receive setConfiguration SetConfigurationRequest:client-255CF6B0DA3F->s2@group-E264CA5F8311, cid=386, seq=0, RW, null, SET_UNCONDITIONALLY, servers:[s1|rpc:0.0.0.0:34459|dataStream:|priority:0|startupRole:FOLLOWER, s2|rpc:0.0.0.0:43137|dataStream:|priority:0|startupRole:FOLLOWER, s0|rpc:localhost:39295|admin:localhost:44843|client:localhost:40991|dataStream:localhost:40677|priority:0|startupRole:FOLLOWER], listeners:[]
2023-08-18 03:36:06,383 [s0-server-thread1] INFO  server.RaftServer$Division (RaftServerImpl.java:setConfigurationAsync(1238)) - s0@group-E264CA5F8311: receive setConfiguration SetConfigurationRequest:client-255CF6B0DA3F->s0@group-E264CA5F8311, cid=386, seq=0, RW, null, SET_UNCONDITIONALLY, servers:[s1|rpc:0.0.0.0:34459|dataStream:|priority:0|startupRole:FOLLOWER, s2|rpc:0.0.0.0:43137|dataStream:|priority:0|startupRole:FOLLOWER, s0|rpc:localhost:39295|admin:localhost:44843|client:localhost:40991|dataStream:localhost:40677|priority:0|startupRole:FOLLOWER], listeners:[]
2023-08-18 03:36:06,441 [s0@group-E264CA5F8311-FollowerState] INFO  impl.FollowerState (FollowerState.java:lostMajorityHeartbeatsRecently(108)) - s0@group-E264CA5F8311-FollowerState: Skipping leader election since it stepped down recently (elapsed = 4725ms < waitTime = 10s)
2023-08-18 03:36:06,489 [s1-server-thread1] INFO  server.RaftServer$Division (RaftServerImpl.java:setConfigurationAsync(1238)) - s1@group-E264CA5F8311: receive setConfiguration SetConfigurationRequest:client-255CF6B0DA3F->s1@group-E264CA5F8311, cid=386, seq=0, RW, null, SET_UNCONDITIONALLY, servers:[s1|rpc:0.0.0.0:34459|dataStream:|priority:0|startupRole:FOLLOWER, s2|rpc:0.0.0.0:43137|dataStream:|priority:0|startupRole:FOLLOWER, s0|rpc:localhost:39295|admin:localhost:44843|client:localhost:40991|dataStream:localhost:40677|priority:0|startupRole:FOLLOWER], listeners:[]
2023-08-18 03:36:06,597 [s0-server-thread1] INFO  server.RaftServer$Division (RaftServerImpl.java:setConfigurationAsync(1238)) - s0@group-E264CA5F8311: receive setConfiguration SetConfigurationRequest:client-255CF6B0DA3F->s0@group-E264CA5F8311, cid=386, seq=0, RW, null, SET_UNCONDITIONALLY, servers:[s1|rpc:0.0.0.0:34459|dataStream:|priority:0|startupRole:FOLLOWER, s2|rpc:0.0.0.0:43137|dataStream:|priority:0|startupRole:FOLLOWER, s0|rpc:localhost:39295|admin:localhost:44843|client:localhost:40991|dataStream:localhost:40677|priority:0|startupRole:FOLLOWER], listeners:[]
2023-08-18 03:36:06,677 [s0@group-E264CA5F8311-FollowerState] INFO  impl.FollowerState (FollowerState.java:lostMajorityHeartbeatsRecently(108)) - s0@group-E264CA5F8311-FollowerState: Skipping leader election since it stepped down recently (elapsed = 4960ms < waitTime = 10s)
2023-08-18 03:36:06,703 [s2-server-thread1] INFO  server.RaftServer$Division (RaftServerImpl.java:setConfigurationAsync(1238)) - s2@group-E264CA5F8311: receive setConfiguration SetConfigurationRequest:client-255CF6B0DA3F->s2@group-E264CA5F8311, cid=386, seq=0, RW, null, SET_UNCONDITIONALLY, servers:[s1|rpc:0.0.0.0:34459|dataStream:|priority:0|startupRole:FOLLOWER, s2|rpc:0.0.0.0:43137|dataStream:|priority:0|startupRole:FOLLOWER, s0|rpc:localhost:39295|admin:localhost:44843|client:localhost:40991|dataStream:localhost:40677|priority:0|startupRole:FOLLOWER], listeners:[]
2023-08-18 03:36:06,811 [s1-server-thread1] INFO  server.RaftServer$Division (RaftServerImpl.java:setConfigurationAsync(1238)) - s1@group-E264CA5F8311: receive setConfiguration SetConfigurationRequest:client-255CF6B0DA3F->s1@group-E264CA5F8311, cid=386, seq=0, RW, null, SET_UNCONDITIONALLY, servers:[s1|rpc:0.0.0.0:34459|dataStream:|priority:0|startupRole:FOLLOWER, s2|rpc:0.0.0.0:43137|dataStream:|priority:0|startupRole:FOLLOWER, s0|rpc:localhost:39295|admin:localhost:44843|client:localhost:40991|dataStream:localhost:40677|priority:0|startupRole:FOLLOWER], listeners:[]
2023-08-18 03:36:06,896 [s0@group-E264CA5F8311-FollowerState] INFO  impl.FollowerState (FollowerState.java:lostMajorityHeartbeatsRecently(108)) - s0@group-E264CA5F8311-FollowerState: Skipping leader election since it stepped down recently (elapsed = 5179ms < waitTime = 10s)
2023-08-18 03:36:06,918 [s0-server-thread1] INFO  server.RaftServer$Division (RaftServerImpl.java:setConfigurationAsync(1238)) - s0@group-E264CA5F8311: receive setConfiguration SetConfigurationRequest:client-255CF6B0DA3F->s0@group-E264CA5F8311, cid=386, seq=0, RW, null, SET_UNCONDITIONALLY, servers:[s1|rpc:0.0.0.0:34459|dataStream:|priority:0|startupRole:FOLLOWER, s2|rpc:0.0.0.0:43137|dataStream:|priority:0|startupRole:FOLLOWER, s0|rpc:localhost:39295|admin:localhost:44843|client:localhost:40991|dataStream:localhost:40677|priority:0|startupRole:FOLLOWER], listeners:[]
2023-08-18 03:36:07,023 [s2-server-thread1] INFO  server.RaftServer$Division (RaftServerImpl.java:setConfigurationAsync(1238)) - s2@group-E264CA5F8311: receive setConfiguration SetConfigurationRequest:client-255CF6B0DA3F->s2@group-E264CA5F8311, cid=386, seq=0, RW, null, SET_UNCONDITIONALLY, servers:[s1|rpc:0.0.0.0:34459|dataStream:|priority:0|startupRole:FOLLOWER, s2|rpc:0.0.0.0:43137|dataStream:|priority:0|startupRole:FOLLOWER, s0|rpc:localhost:39295|admin:localhost:44843|client:localhost:40991|dataStream:localhost:40677|priority:0|startupRole:FOLLOWER], listeners:[]
2023-08-18 03:36:07,133 [s0-server-thread1] INFO  server.RaftServer$Division (RaftServerImpl.java:setConfigurationAsync(1238)) - s0@group-E264CA5F8311: receive setConfiguration SetConfigurationRequest:client-255CF6B0DA3F->s0@group-E264CA5F8311, cid=386, seq=0, RW, null, SET_UNCONDITIONALLY, servers:[s1|rpc:0.0.0.0:34459|dataStream:|priority:0|startupRole:FOLLOWER, s2|rpc:0.0.0.0:43137|dataStream:|priority:0|startupRole:FOLLOWER, s0|rpc:localhost:39295|admin:localhost:44843|client:localhost:40991|dataStream:localhost:40677|priority:0|startupRole:FOLLOWER], listeners:[]
2023-08-18 03:36:07,155 [s0@group-E264CA5F8311-FollowerState] INFO  impl.FollowerState (FollowerState.java:lostMajorityHeartbeatsRecently(108)) - s0@group-E264CA5F8311-FollowerState: Skipping leader election since it stepped down recently (elapsed = 5438ms < waitTime = 10s)
2023-08-18 03:36:07,241 [s2-server-thread1] INFO  server.RaftServer$Division (RaftServerImpl.java:setConfigurationAsync(1238)) - s2@group-E264CA5F8311: receive setConfiguration SetConfigurationRequest:client-255CF6B0DA3F->s2@group-E264CA5F8311, cid=386, seq=0, RW, null, SET_UNCONDITIONALLY, servers:[s1|rpc:0.0.0.0:34459|dataStream:|priority:0|startupRole:FOLLOWER, s2|rpc:0.0.0.0:43137|dataStream:|priority:0|startupRole:FOLLOWER, s0|rpc:localhost:39295|admin:localhost:44843|client:localhost:40991|dataStream:localhost:40677|priority:0|startupRole:FOLLOWER], listeners:[]
2023-08-18 03:36:07,348 [s0-server-thread1] INFO  server.RaftServer$Division (RaftServerImpl.java:setConfigurationAsync(1238)) - s0@group-E264CA5F8311: receive setConfiguration SetConfigurationRequest:client-255CF6B0DA3F->s0@group-E264CA5F8311, cid=386, seq=0, RW, null, SET_UNCONDITIONALLY, servers:[s1|rpc:0.0.0.0:34459|dataStream:|priority:0|startupRole:FOLLOWER, s2|rpc:0.0.0.0:43137|dataStream:|priority:0|startupRole:FOLLOWER, s0|rpc:localhost:39295|admin:localhost:44843|client:localhost:40991|dataStream:localhost:40677|priority:0|startupRole:FOLLOWER], listeners:[]
2023-08-18 03:36:07,370 [s0@group-E264CA5F8311-FollowerState] INFO  impl.FollowerState (FollowerState.java:lostMajorityHeartbeatsRecently(108)) - s0@group-E264CA5F8311-FollowerState: Skipping leader election since it stepped down recently (elapsed = 5654ms < waitTime = 10s)
2023-08-18 03:36:07,453 [s2-server-thread1] INFO  server.RaftServer$Division (RaftServerImpl.java:setConfigurationAsync(1238)) - s2@group-E264CA5F8311: receive setConfiguration SetConfigurationRequest:client-255CF6B0DA3F->s2@group-E264CA5F8311, cid=386, seq=0, RW, null, SET_UNCONDITIONALLY, servers:[s1|rpc:0.0.0.0:34459|dataStream:|priority:0|startupRole:FOLLOWER, s2|rpc:0.0.0.0:43137|dataStream:|priority:0|startupRole:FOLLOWER, s0|rpc:localhost:39295|admin:localhost:44843|client:localhost:40991|dataStream:localhost:40677|priority:0|startupRole:FOLLOWER], listeners:[]
2023-08-18 03:36:07,560 [s0-server-thread1] INFO  server.RaftServer$Division (RaftServerImpl.java:setConfigurationAsync(1238)) - s0@group-E264CA5F8311: receive setConfiguration SetConfigurationRequest:client-255CF6B0DA3F->s0@group-E264CA5F8311, cid=386, seq=0, RW, null, SET_UNCONDITIONALLY, servers:[s1|rpc:0.0.0.0:34459|dataStream:|priority:0|startupRole:FOLLOWER, s2|rpc:0.0.0.0:43137|dataStream:|priority:0|startupRole:FOLLOWER, s0|rpc:localhost:39295|admin:localhost:44843|client:localhost:40991|dataStream:localhost:40677|priority:0|startupRole:FOLLOWER], listeners:[]
2023-08-18 03:36:07,569 [s0@group-E264CA5F8311-FollowerState] INFO  impl.FollowerState (FollowerState.java:lostMajorityHeartbeatsRecently(108)) - s0@group-E264CA5F8311-FollowerState: Skipping leader election since it stepped down recently (elapsed = 5853ms < waitTime = 10s)
2023-08-18 03:36:07,665 [s1-server-thread1] INFO  server.RaftServer$Division (RaftServerImpl.java:setConfigurationAsync(1238)) - s1@group-E264CA5F8311: receive setConfiguration SetConfigurationRequest:client-255CF6B0DA3F->s1@group-E264CA5F8311, cid=386, seq=0, RW, null, SET_UNCONDITIONALLY, servers:[s1|rpc:0.0.0.0:34459|dataStream:|priority:0|startupRole:FOLLOWER, s2|rpc:0.0.0.0:43137|dataStream:|priority:0|startupRole:FOLLOWER, s0|rpc:localhost:39295|admin:localhost:44843|client:localhost:40991|dataStream:localhost:40677|priority:0|startupRole:FOLLOWER], listeners:[]
2023-08-18 03:36:07,775 [s2-server-thread1] INFO  server.RaftServer$Division (RaftServerImpl.java:setConfigurationAsync(1238)) - s2@group-E264CA5F8311: receive setConfiguration SetConfigurationRequest:client-255CF6B0DA3F->s2@group-E264CA5F8311, cid=386, seq=0, RW, null, SET_UNCONDITIONALLY, servers:[s1|rpc:0.0.0.0:34459|dataStream:|priority:0|startupRole:FOLLOWER, s2|rpc:0.0.0.0:43137|dataStream:|priority:0|startupRole:FOLLOWER, s0|rpc:localhost:39295|admin:localhost:44843|client:localhost:40991|dataStream:localhost:40677|priority:0|startupRole:FOLLOWER], listeners:[]
2023-08-18 03:36:07,841 [s0@group-E264CA5F8311-FollowerState] INFO  impl.FollowerState (FollowerState.java:lostMajorityHeartbeatsRecently(108)) - s0@group-E264CA5F8311-FollowerState: Skipping leader election since it stepped down recently (elapsed = 6124ms < waitTime = 10s)
2023-08-18 03:36:07,882 [s0-server-thread1] INFO  server.RaftServer$Division (RaftServerImpl.java:setConfigurationAsync(1238)) - s0@group-E264CA5F8311: receive setConfiguration SetConfigurationRequest:client-255CF6B0DA3F->s0@group-E264CA5F8311, cid=386, seq=0, RW, null, SET_UNCONDITIONALLY, servers:[s1|rpc:0.0.0.0:34459|dataStream:|priority:0|startupRole:FOLLOWER, s2|rpc:0.0.0.0:43137|dataStream:|priority:0|startupRole:FOLLOWER, s0|rpc:localhost:39295|admin:localhost:44843|client:localhost:40991|dataStream:localhost:40677|priority:0|startupRole:FOLLOWER], listeners:[]
2023-08-18 03:36:07,988 [s2-server-thread1] INFO  server.RaftServer$Division (RaftServerImpl.java:setConfigurationAsync(1238)) - s2@group-E264CA5F8311: receive setConfiguration SetConfigurationRequest:client-255CF6B0DA3F->s2@group-E264CA5F8311, cid=386, seq=0, RW, null, SET_UNCONDITIONALLY, servers:[s1|rpc:0.0.0.0:34459|dataStream:|priority:0|startupRole:FOLLOWER, s2|rpc:0.0.0.0:43137|dataStream:|priority:0|startupRole:FOLLOWER, s0|rpc:localhost:39295|admin:localhost:44843|client:localhost:40991|dataStream:localhost:40677|priority:0|startupRole:FOLLOWER], listeners:[]
2023-08-18 03:36:08,083 [s0@group-E264CA5F8311-FollowerState] INFO  impl.FollowerState (FollowerState.java:lostMajorityHeartbeatsRecently(108)) - s0@group-E264CA5F8311-FollowerState: Skipping leader election since it stepped down recently (elapsed = 6366ms < waitTime = 10s)
2023-08-18 03:36:08,094 [s0-server-thread1] INFO  server.RaftServer$Division (RaftServerImpl.java:setConfigurationAsync(1238)) - s0@group-E264CA5F8311: receive setConfiguration SetConfigurationRequest:client-255CF6B0DA3F->s0@group-E264CA5F8311, cid=386, seq=0, RW, null, SET_UNCONDITIONALLY, servers:[s1|rpc:0.0.0.0:34459|dataStream:|priority:0|startupRole:FOLLOWER, s2|rpc:0.0.0.0:43137|dataStream:|priority:0|startupRole:FOLLOWER, s0|rpc:localhost:39295|admin:localhost:44843|client:localhost:40991|dataStream:localhost:40677|priority:0|startupRole:FOLLOWER], listeners:[]
2023-08-18 03:36:08,200 [s2-server-thread1] INFO  server.RaftServer$Division (RaftServerImpl.java:setConfigurationAsync(1238)) - s2@group-E264CA5F8311: receive setConfiguration SetConfigurationRequest:client-255CF6B0DA3F->s2@group-E264CA5F8311, cid=386, seq=0, RW, null, SET_UNCONDITIONALLY, servers:[s1|rpc:0.0.0.0:34459|dataStream:|priority:0|startupRole:FOLLOWER, s2|rpc:0.0.0.0:43137|dataStream:|priority:0|startupRole:FOLLOWER, s0|rpc:localhost:39295|admin:localhost:44843|client:localhost:40991|dataStream:localhost:40677|priority:0|startupRole:FOLLOWER], listeners:[]
2023-08-18 03:36:08,307 [s1-server-thread1] INFO  server.RaftServer$Division (RaftServerImpl.java:setConfigurationAsync(1238)) - s1@group-E264CA5F8311: receive setConfiguration SetConfigurationRequest:client-255CF6B0DA3F->s1@group-E264CA5F8311, cid=386, seq=0, RW, null, SET_UNCONDITIONALLY, servers:[s1|rpc:0.0.0.0:34459|dataStream:|priority:0|startupRole:FOLLOWER, s2|rpc:0.0.0.0:43137|dataStream:|priority:0|startupRole:FOLLOWER, s0|rpc:localhost:39295|admin:localhost:44843|client:localhost:40991|dataStream:localhost:40677|priority:0|startupRole:FOLLOWER], listeners:[]
2023-08-18 03:36:08,320 [s0@group-E264CA5F8311-FollowerState] INFO  impl.FollowerState (FollowerState.java:lostMajorityHeartbeatsRecently(108)) - s0@group-E264CA5F8311-FollowerState: Skipping leader election since it stepped down recently (elapsed = 6604ms < waitTime = 10s)
2023-08-18 03:36:08,413 [s2-server-thread1] INFO  server.RaftServer$Division (RaftServerImpl.java:setConfigurationAsync(1238)) - s2@group-E264CA5F8311: receive setConfiguration SetConfigurationRequest:client-255CF6B0DA3F->s2@group-E264CA5F8311, cid=386, seq=0, RW, null, SET_UNCONDITIONALLY, servers:[s1|rpc:0.0.0.0:34459|dataStream:|priority:0|startupRole:FOLLOWER, s2|rpc:0.0.0.0:43137|dataStream:|priority:0|startupRole:FOLLOWER, s0|rpc:localhost:39295|admin:localhost:44843|client:localhost:40991|dataStream:localhost:40677|priority:0|startupRole:FOLLOWER], listeners:[]
2023-08-18 03:36:08,520 [s0-server-thread1] INFO  server.RaftServer$Division (RaftServerImpl.java:setConfigurationAsync(1238)) - s0@group-E264CA5F8311: receive setConfiguration SetConfigurationRequest:client-255CF6B0DA3F->s0@group-E264CA5F8311, cid=386, seq=0, RW, null, SET_UNCONDITIONALLY, servers:[s1|rpc:0.0.0.0:34459|dataStream:|priority:0|startupRole:FOLLOWER, s2|rpc:0.0.0.0:43137|dataStream:|priority:0|startupRole:FOLLOWER, s0|rpc:localhost:39295|admin:localhost:44843|client:localhost:40991|dataStream:localhost:40677|priority:0|startupRole:FOLLOWER], listeners:[]
2023-08-18 03:36:08,520 [s0@group-E264CA5F8311-FollowerState] INFO  impl.FollowerState (FollowerState.java:lostMajorityHeartbeatsRecently(108)) - s0@group-E264CA5F8311-FollowerState: Skipping leader election since it stepped down recently (elapsed = 6804ms < waitTime = 10s)
2023-08-18 03:36:08,625 [s2-server-thread1] INFO  server.RaftServer$Division (RaftServerImpl.java:setConfigurationAsync(1238)) - s2@group-E264CA5F8311: receive setConfiguration SetConfigurationRequest:client-255CF6B0DA3F->s2@group-E264CA5F8311, cid=386, seq=0, RW, null, SET_UNCONDITIONALLY, servers:[s1|rpc:0.0.0.0:34459|dataStream:|priority:0|startupRole:FOLLOWER, s2|rpc:0.0.0.0:43137|dataStream:|priority:0|startupRole:FOLLOWER, s0|rpc:localhost:39295|admin:localhost:44843|client:localhost:40991|dataStream:localhost:40677|priority:0|startupRole:FOLLOWER], listeners:[]
2023-08-18 03:36:08,731 [s1-server-thread1] INFO  server.RaftServer$Division (RaftServerImpl.java:setConfigurationAsync(1238)) - s1@group-E264CA5F8311: receive setConfiguration SetConfigurationRequest:client-255CF6B0DA3F->s1@group-E264CA5F8311, cid=386, seq=0, RW, null, SET_UNCONDITIONALLY, servers:[s1|rpc:0.0.0.0:34459|dataStream:|priority:0|startupRole:FOLLOWER, s2|rpc:0.0.0.0:43137|dataStream:|priority:0|startupRole:FOLLOWER, s0|rpc:localhost:39295|admin:localhost:44843|client:localhost:40991|dataStream:localhost:40677|priority:0|startupRole:FOLLOWER], listeners:[]
2023-08-18 03:36:08,786 [s0@group-E264CA5F8311-FollowerState] INFO  impl.FollowerState (FollowerState.java:lostMajorityHeartbeatsRecently(108)) - s0@group-E264CA5F8311-FollowerState: Skipping leader election since it stepped down recently (elapsed = 7069ms < waitTime = 10s)
2023-08-18 03:36:08,837 [s0-server-thread1] INFO  server.RaftServer$Division (RaftServerImpl.java:setConfigurationAsync(1238)) - s0@group-E264CA5F8311: receive setConfiguration SetConfigurationRequest:client-255CF6B0DA3F->s0@group-E264CA5F8311, cid=386, seq=0, RW, null, SET_UNCONDITIONALLY, servers:[s1|rpc:0.0.0.0:34459|dataStream:|priority:0|startupRole:FOLLOWER, s2|rpc:0.0.0.0:43137|dataStream:|priority:0|startupRole:FOLLOWER, s0|rpc:localhost:39295|admin:localhost:44843|client:localhost:40991|dataStream:localhost:40677|priority:0|startupRole:FOLLOWER], listeners:[]
2023-08-18 03:36:08,943 [s1-server-thread1] INFO  server.RaftServer$Division (RaftServerImpl.java:setConfigurationAsync(1238)) - s1@group-E264CA5F8311: receive setConfiguration SetConfigurationRequest:client-255CF6B0DA3F->s1@group-E264CA5F8311, cid=386, seq=0, RW, null, SET_UNCONDITIONALLY, servers:[s1|rpc:0.0.0.0:34459|dataStream:|priority:0|startupRole:FOLLOWER, s2|rpc:0.0.0.0:43137|dataStream:|priority:0|startupRole:FOLLOWER, s0|rpc:localhost:39295|admin:localhost:44843|client:localhost:40991|dataStream:localhost:40677|priority:0|startupRole:FOLLOWER], listeners:[]
2023-08-18 03:36:09,040 [s0@group-E264CA5F8311-FollowerState] INFO  impl.FollowerState (FollowerState.java:lostMajorityHeartbeatsRecently(108)) - s0@group-E264CA5F8311-FollowerState: Skipping leader election since it stepped down recently (elapsed = 7323ms < waitTime = 10s)
2023-08-18 03:36:09,050 [s2-server-thread1] INFO  server.RaftServer$Division (RaftServerImpl.java:setConfigurationAsync(1238)) - s2@group-E264CA5F8311: receive setConfiguration SetConfigurationRequest:client-255CF6B0DA3F->s2@group-E264CA5F8311, cid=386, seq=0, RW, null, SET_UNCONDITIONALLY, servers:[s1|rpc:0.0.0.0:34459|dataStream:|priority:0|startupRole:FOLLOWER, s2|rpc:0.0.0.0:43137|dataStream:|priority:0|startupRole:FOLLOWER, s0|rpc:localhost:39295|admin:localhost:44843|client:localhost:40991|dataStream:localhost:40677|priority:0|startupRole:FOLLOWER], listeners:[]
2023-08-18 03:36:09,159 [s1-server-thread1] INFO  server.RaftServer$Division (RaftServerImpl.java:setConfigurationAsync(1238)) - s1@group-E264CA5F8311: receive setConfiguration SetConfigurationRequest:client-255CF6B0DA3F->s1@group-E264CA5F8311, cid=386, seq=0, RW, null, SET_UNCONDITIONALLY, servers:[s1|rpc:0.0.0.0:34459|dataStream:|priority:0|startupRole:FOLLOWER, s2|rpc:0.0.0.0:43137|dataStream:|priority:0|startupRole:FOLLOWER, s0|rpc:localhost:39295|admin:localhost:44843|client:localhost:40991|dataStream:localhost:40677|priority:0|startupRole:FOLLOWER], listeners:[]
2023-08-18 03:36:09,266 [s0-server-thread1] INFO  server.RaftServer$Division (RaftServerImpl.java:setConfigurationAsync(1238)) - s0@group-E264CA5F8311: receive setConfiguration SetConfigurationRequest:client-255CF6B0DA3F->s0@group-E264CA5F8311, cid=386, seq=0, RW, null, SET_UNCONDITIONALLY, servers:[s1|rpc:0.0.0.0:34459|dataStream:|priority:0|startupRole:FOLLOWER, s2|rpc:0.0.0.0:43137|dataStream:|priority:0|startupRole:FOLLOWER, s0|rpc:localhost:39295|admin:localhost:44843|client:localhost:40991|dataStream:localhost:40677|priority:0|startupRole:FOLLOWER], listeners:[]
2023-08-18 03:36:09,269 [s0@group-E264CA5F8311-FollowerState] INFO  impl.FollowerState (FollowerState.java:lostMajorityHeartbeatsRecently(108)) - s0@group-E264CA5F8311-FollowerState: Skipping leader election since it stepped down recently (elapsed = 7552ms < waitTime = 10s)
2023-08-18 03:36:09,371 [s2-server-thread1] INFO  server.RaftServer$Division (RaftServerImpl.java:setConfigurationAsync(1238)) - s2@group-E264CA5F8311: receive setConfiguration SetConfigurationRequest:client-255CF6B0DA3F->s2@group-E264CA5F8311, cid=386, seq=0, RW, null, SET_UNCONDITIONALLY, servers:[s1|rpc:0.0.0.0:34459|dataStream:|priority:0|startupRole:FOLLOWER, s2|rpc:0.0.0.0:43137|dataStream:|priority:0|startupRole:FOLLOWER, s0|rpc:localhost:39295|admin:localhost:44843|client:localhost:40991|dataStream:localhost:40677|priority:0|startupRole:FOLLOWER], listeners:[]
2023-08-18 03:36:09,478 [s0-server-thread1] INFO  server.RaftServer$Division (RaftServerImpl.java:setConfigurationAsync(1238)) - s0@group-E264CA5F8311: receive setConfiguration SetConfigurationRequest:client-255CF6B0DA3F->s0@group-E264CA5F8311, cid=386, seq=0, RW, null, SET_UNCONDITIONALLY, servers:[s1|rpc:0.0.0.0:34459|dataStream:|priority:0|startupRole:FOLLOWER, s2|rpc:0.0.0.0:43137|dataStream:|priority:0|startupRole:FOLLOWER, s0|rpc:localhost:39295|admin:localhost:44843|client:localhost:40991|dataStream:localhost:40677|priority:0|startupRole:FOLLOWER], listeners:[]
2023-08-18 03:36:09,543 [s0@group-E264CA5F8311-FollowerState] INFO  impl.FollowerState (FollowerState.java:lostMajorityHeartbeatsRecently(108)) - s0@group-E264CA5F8311-FollowerState: Skipping leader election since it stepped down recently (elapsed = 7827ms < waitTime = 10s)
2023-08-18 03:36:09,583 [s2-server-thread1] INFO  server.RaftServer$Division (RaftServerImpl.java:setConfigurationAsync(1238)) - s2@group-E264CA5F8311: receive setConfiguration SetConfigurationRequest:client-255CF6B0DA3F->s2@group-E264CA5F8311, cid=386, seq=0, RW, null, SET_UNCONDITIONALLY, servers:[s1|rpc:0.0.0.0:34459|dataStream:|priority:0|startupRole:FOLLOWER, s2|rpc:0.0.0.0:43137|dataStream:|priority:0|startupRole:FOLLOWER, s0|rpc:localhost:39295|admin:localhost:44843|client:localhost:40991|dataStream:localhost:40677|priority:0|startupRole:FOLLOWER], listeners:[]
2023-08-18 03:36:09,693 [s0-server-thread1] INFO  server.RaftServer$Division (RaftServerImpl.java:setConfigurationAsync(1238)) - s0@group-E264CA5F8311: receive setConfiguration SetConfigurationRequest:client-255CF6B0DA3F->s0@group-E264CA5F8311, cid=386, seq=0, RW, null, SET_UNCONDITIONALLY, servers:[s1|rpc:0.0.0.0:34459|dataStream:|priority:0|startupRole:FOLLOWER, s2|rpc:0.0.0.0:43137|dataStream:|priority:0|startupRole:FOLLOWER, s0|rpc:localhost:39295|admin:localhost:44843|client:localhost:40991|dataStream:localhost:40677|priority:0|startupRole:FOLLOWER], listeners:[]
2023-08-18 03:36:09,706 [s0@group-E264CA5F8311-FollowerState] INFO  impl.FollowerState (FollowerState.java:lostMajorityHeartbeatsRecently(108)) - s0@group-E264CA5F8311-FollowerState: Skipping leader election since it stepped down recently (elapsed = 7990ms < waitTime = 10s)
2023-08-18 03:36:09,798 [s1-server-thread1] INFO  server.RaftServer$Division (RaftServerImpl.java:setConfigurationAsync(1238)) - s1@group-E264CA5F8311: receive setConfiguration SetConfigurationRequest:client-255CF6B0DA3F->s1@group-E264CA5F8311, cid=386, seq=0, RW, null, SET_UNCONDITIONALLY, servers:[s1|rpc:0.0.0.0:34459|dataStream:|priority:0|startupRole:FOLLOWER, s2|rpc:0.0.0.0:43137|dataStream:|priority:0|startupRole:FOLLOWER, s0|rpc:localhost:39295|admin:localhost:44843|client:localhost:40991|dataStream:localhost:40677|priority:0|startupRole:FOLLOWER], listeners:[]
2023-08-18 03:36:09,908 [s0-server-thread1] INFO  server.RaftServer$Division (RaftServerImpl.java:setConfigurationAsync(1238)) - s0@group-E264CA5F8311: receive setConfiguration SetConfigurationRequest:client-255CF6B0DA3F->s0@group-E264CA5F8311, cid=386, seq=0, RW, null, SET_UNCONDITIONALLY, servers:[s1|rpc:0.0.0.0:34459|dataStream:|priority:0|startupRole:FOLLOWER, s2|rpc:0.0.0.0:43137|dataStream:|priority:0|startupRole:FOLLOWER, s0|rpc:localhost:39295|admin:localhost:44843|client:localhost:40991|dataStream:localhost:40677|priority:0|startupRole:FOLLOWER], listeners:[]
2023-08-18 03:36:09,935 [s0@group-E264CA5F8311-FollowerState] INFO  impl.FollowerState (FollowerState.java:lostMajorityHeartbeatsRecently(108)) - s0@group-E264CA5F8311-FollowerState: Skipping leader election since it stepped down recently (elapsed = 8218ms < waitTime = 10s)
2023-08-18 03:36:10,016 [s1-server-thread1] INFO  server.RaftServer$Division (RaftServerImpl.java:setConfigurationAsync(1238)) - s1@group-E264CA5F8311: receive setConfiguration SetConfigurationRequest:client-255CF6B0DA3F->s1@group-E264CA5F8311, cid=386, seq=0, RW, null, SET_UNCONDITIONALLY, servers:[s1|rpc:0.0.0.0:34459|dataStream:|priority:0|startupRole:FOLLOWER, s2|rpc:0.0.0.0:43137|dataStream:|priority:0|startupRole:FOLLOWER, s0|rpc:localhost:39295|admin:localhost:44843|client:localhost:40991|dataStream:localhost:40677|priority:0|startupRole:FOLLOWER], listeners:[]
2023-08-18 03:36:10,121 [s2-server-thread1] INFO  server.RaftServer$Division (RaftServerImpl.java:setConfigurationAsync(1238)) - s2@group-E264CA5F8311: receive setConfiguration SetConfigurationRequest:client-255CF6B0DA3F->s2@group-E264CA5F8311, cid=386, seq=0, RW, null, SET_UNCONDITIONALLY, servers:[s1|rpc:0.0.0.0:34459|dataStream:|priority:0|startupRole:FOLLOWER, s2|rpc:0.0.0.0:43137|dataStream:|priority:0|startupRole:FOLLOWER, s0|rpc:localhost:39295|admin:localhost:44843|client:localhost:40991|dataStream:localhost:40677|priority:0|startupRole:FOLLOWER], listeners:[]
2023-08-18 03:36:10,127 [s0@group-E264CA5F8311-FollowerState] INFO  impl.FollowerState (FollowerState.java:lostMajorityHeartbeatsRecently(108)) - s0@group-E264CA5F8311-FollowerState: Skipping leader election since it stepped down recently (elapsed = 8410ms < waitTime = 10s)
2023-08-18 03:36:10,230 [s1-server-thread1] INFO  server.RaftServer$Division (RaftServerImpl.java:setConfigurationAsync(1238)) - s1@group-E264CA5F8311: receive setConfiguration SetConfigurationRequest:client-255CF6B0DA3F->s1@group-E264CA5F8311, cid=386, seq=0, RW, null, SET_UNCONDITIONALLY, servers:[s1|rpc:0.0.0.0:34459|dataStream:|priority:0|startupRole:FOLLOWER, s2|rpc:0.0.0.0:43137|dataStream:|priority:0|startupRole:FOLLOWER, s0|rpc:localhost:39295|admin:localhost:44843|client:localhost:40991|dataStream:localhost:40677|priority:0|startupRole:FOLLOWER], listeners:[]
2023-08-18 03:36:10,299 [s0@group-E264CA5F8311-FollowerState] INFO  impl.FollowerState (FollowerState.java:lostMajorityHeartbeatsRecently(108)) - s0@group-E264CA5F8311-FollowerState: Skipping leader election since it stepped down recently (elapsed = 8582ms < waitTime = 10s)
2023-08-18 03:36:10,307 [Timer-2] INFO  impl.MiniRaftCluster (MiniRaftCluster.java:lambda$start$6(349)) - TIMED-PRINT: printing ALL groups
  s0:  RUNNING  FOLLOWER s0@group-E264CA5F8311:t1, leader=null, voted=s0, raftlog=Memoized:s0@group-E264CA5F8311-SegmentedRaftLog:OPENED:c254, conf=255: peers:[s0|rpc:localhost:39295|admin:localhost:44843|client:localhost:40991|dataStream:localhost:40677|priority:0|startupRole:FOLLOWER, s1|rpc:0.0.0.0:34459|dataStream:|priority:0|startupRole:FOLLOWER, s2|rpc:0.0.0.0:43137|dataStream:|priority:0|startupRole:FOLLOWER]|listeners:[], old=peers:[s0|rpc:localhost:39295|admin:localhost:44843|client:localhost:40991|dataStream:localhost:40677|priority:0|startupRole:FOLLOWER]|listeners:[] RUNNING
  s1:  RUNNING  FOLLOWER s1@group-E264CA5F8311:t1, leader=s0, voted=null, raftlog=Memoized:s1@group-E264CA5F8311-SegmentedRaftLog:OPENED:c-1, conf=0: peers:[s0|rpc:localhost:39295|admin:localhost:44843|client:localhost:40991|dataStream:localhost:40677|priority:0|startupRole:FOLLOWER]|listeners:[], old=null STARTING
  s2:  RUNNING  FOLLOWER s2@group-E264CA5F8311:t1, leader=s0, voted=null, raftlog=Memoized:s2@group-E264CA5F8311-SegmentedRaftLog:OPENED:c-1, conf=0: peers:[s0|rpc:localhost:39295|admin:localhost:44843|client:localhost:40991|dataStream:localhost:40677|priority:0|startupRole:FOLLOWER]|listeners:[], old=null STARTING
2023-08-18 03:36:10,336 [s2-server-thread1] INFO  server.RaftServer$Division (RaftServerImpl.java:setConfigurationAsync(1238)) - s2@group-E264CA5F8311: receive setConfiguration SetConfigurationRequest:client-255CF6B0DA3F->s2@group-E264CA5F8311, cid=386, seq=0, RW, null, SET_UNCONDITIONALLY, servers:[s1|rpc:0.0.0.0:34459|dataStream:|priority:0|startupRole:FOLLOWER, s2|rpc:0.0.0.0:43137|dataStream:|priority:0|startupRole:FOLLOWER, s0|rpc:localhost:39295|admin:localhost:44843|client:localhost:40991|dataStream:localhost:40677|priority:0|startupRole:FOLLOWER], listeners:[]
2023-08-18 03:36:10,441 [s1-server-thread1] INFO  server.RaftServer$Division (RaftServerImpl.java:setConfigurationAsync(1238)) - s1@group-E264CA5F8311: receive setConfiguration SetConfigurationRequest:client-255CF6B0DA3F->s1@group-E264CA5F8311, cid=386, seq=0, RW, null, SET_UNCONDITIONALLY, servers:[s1|rpc:0.0.0.0:34459|dataStream:|priority:0|startupRole:FOLLOWER, s2|rpc:0.0.0.0:43137|dataStream:|priority:0|startupRole:FOLLOWER, s0|rpc:localhost:39295|admin:localhost:44843|client:localhost:40991|dataStream:localhost:40677|priority:0|startupRole:FOLLOWER], listeners:[]
2023-08-18 03:36:10,547 [s0-server-thread1] INFO  server.RaftServer$Division (RaftServerImpl.java:setConfigurationAsync(1238)) - s0@group-E264CA5F8311: receive setConfiguration SetConfigurationRequest:client-255CF6B0DA3F->s0@group-E264CA5F8311, cid=386, seq=0, RW, null, SET_UNCONDITIONALLY, servers:[s1|rpc:0.0.0.0:34459|dataStream:|priority:0|startupRole:FOLLOWER, s2|rpc:0.0.0.0:43137|dataStream:|priority:0|startupRole:FOLLOWER, s0|rpc:localhost:39295|admin:localhost:44843|client:localhost:40991|dataStream:localhost:40677|priority:0|startupRole:FOLLOWER], listeners:[]
2023-08-18 03:36:10,567 [s0@group-E264CA5F8311-FollowerState] INFO  impl.FollowerState (FollowerState.java:lostMajorityHeartbeatsRecently(108)) - s0@group-E264CA5F8311-FollowerState: Skipping leader election since it stepped down recently (elapsed = 8851ms < waitTime = 10s)
2023-08-18 03:36:10,653 [s1-server-thread1] INFO  server.RaftServer$Division (RaftServerImpl.java:setConfigurationAsync(1238)) - s1@group-E264CA5F8311: receive setConfiguration SetConfigurationRequest:client-255CF6B0DA3F->s1@group-E264CA5F8311, cid=386, seq=0, RW, null, SET_UNCONDITIONALLY, servers:[s1|rpc:0.0.0.0:34459|dataStream:|priority:0|startupRole:FOLLOWER, s2|rpc:0.0.0.0:43137|dataStream:|priority:0|startupRole:FOLLOWER, s0|rpc:localhost:39295|admin:localhost:44843|client:localhost:40991|dataStream:localhost:40677|priority:0|startupRole:FOLLOWER], listeners:[]
2023-08-18 03:36:10,760 [s0-server-thread1] INFO  server.RaftServer$Division (RaftServerImpl.java:setConfigurationAsync(1238)) - s0@group-E264CA5F8311: receive setConfiguration SetConfigurationRequest:client-255CF6B0DA3F->s0@group-E264CA5F8311, cid=386, seq=0, RW, null, SET_UNCONDITIONALLY, servers:[s1|rpc:0.0.0.0:34459|dataStream:|priority:0|startupRole:FOLLOWER, s2|rpc:0.0.0.0:43137|dataStream:|priority:0|startupRole:FOLLOWER, s0|rpc:localhost:39295|admin:localhost:44843|client:localhost:40991|dataStream:localhost:40677|priority:0|startupRole:FOLLOWER], listeners:[]
2023-08-18 03:36:10,827 [s0@group-E264CA5F8311-FollowerState] INFO  impl.FollowerState (FollowerState.java:lostMajorityHeartbeatsRecently(108)) - s0@group-E264CA5F8311-FollowerState: Skipping leader election since it stepped down recently (elapsed = 9111ms < waitTime = 10s)
2023-08-18 03:36:10,867 [s2-server-thread1] INFO  server.RaftServer$Division (RaftServerImpl.java:setConfigurationAsync(1238)) - s2@group-E264CA5F8311: receive setConfiguration SetConfigurationRequest:client-255CF6B0DA3F->s2@group-E264CA5F8311, cid=386, seq=0, RW, null, SET_UNCONDITIONALLY, servers:[s1|rpc:0.0.0.0:34459|dataStream:|priority:0|startupRole:FOLLOWER, s2|rpc:0.0.0.0:43137|dataStream:|priority:0|startupRole:FOLLOWER, s0|rpc:localhost:39295|admin:localhost:44843|client:localhost:40991|dataStream:localhost:40677|priority:0|startupRole:FOLLOWER], listeners:[]
2023-08-18 03:36:10,973 [s1-server-thread1] INFO  server.RaftServer$Division (RaftServerImpl.java:setConfigurationAsync(1238)) - s1@group-E264CA5F8311: receive setConfiguration SetConfigurationRequest:client-255CF6B0DA3F->s1@group-E264CA5F8311, cid=386, seq=0, RW, null, SET_UNCONDITIONALLY, servers:[s1|rpc:0.0.0.0:34459|dataStream:|priority:0|startupRole:FOLLOWER, s2|rpc:0.0.0.0:43137|dataStream:|priority:0|startupRole:FOLLOWER, s0|rpc:localhost:39295|admin:localhost:44843|client:localhost:40991|dataStream:localhost:40677|priority:0|startupRole:FOLLOWER], listeners:[]
2023-08-18 03:36:10,999 [s0@group-E264CA5F8311-FollowerState] INFO  impl.FollowerState (FollowerState.java:lostMajorityHeartbeatsRecently(108)) - s0@group-E264CA5F8311-FollowerState: Skipping leader election since it stepped down recently (elapsed = 9282ms < waitTime = 10s)
2023-08-18 03:36:11,079 [s0-server-thread1] INFO  server.RaftServer$Division (RaftServerImpl.java:setConfigurationAsync(1238)) - s0@group-E264CA5F8311: receive setConfiguration SetConfigurationRequest:client-255CF6B0DA3F->s0@group-E264CA5F8311, cid=386, seq=0, RW, null, SET_UNCONDITIONALLY, servers:[s1|rpc:0.0.0.0:34459|dataStream:|priority:0|startupRole:FOLLOWER, s2|rpc:0.0.0.0:43137|dataStream:|priority:0|startupRole:FOLLOWER, s0|rpc:localhost:39295|admin:localhost:44843|client:localhost:40991|dataStream:localhost:40677|priority:0|startupRole:FOLLOWER], listeners:[]
2023-08-18 03:36:11,187 [s2-server-thread1] INFO  server.RaftServer$Division (RaftServerImpl.java:setConfigurationAsync(1238)) - s2@group-E264CA5F8311: receive setConfiguration SetConfigurationRequest:client-255CF6B0DA3F->s2@group-E264CA5F8311, cid=386, seq=0, RW, null, SET_UNCONDITIONALLY, servers:[s1|rpc:0.0.0.0:34459|dataStream:|priority:0|startupRole:FOLLOWER, s2|rpc:0.0.0.0:43137|dataStream:|priority:0|startupRole:FOLLOWER, s0|rpc:localhost:39295|admin:localhost:44843|client:localhost:40991|dataStream:localhost:40677|priority:0|startupRole:FOLLOWER], listeners:[]
2023-08-18 03:36:11,263 [s0@group-E264CA5F8311-FollowerState] INFO  impl.FollowerState (FollowerState.java:lostMajorityHeartbeatsRecently(108)) - s0@group-E264CA5F8311-FollowerState: Skipping leader election since it stepped down recently (elapsed = 9546ms < waitTime = 10s)
2023-08-18 03:36:11,295 [s1-server-thread1] INFO  server.RaftServer$Division (RaftServerImpl.java:setConfigurationAsync(1238)) - s1@group-E264CA5F8311: receive setConfiguration SetConfigurationRequest:client-255CF6B0DA3F->s1@group-E264CA5F8311, cid=386, seq=0, RW, null, SET_UNCONDITIONALLY, servers:[s1|rpc:0.0.0.0:34459|dataStream:|priority:0|startupRole:FOLLOWER, s2|rpc:0.0.0.0:43137|dataStream:|priority:0|startupRole:FOLLOWER, s0|rpc:localhost:39295|admin:localhost:44843|client:localhost:40991|dataStream:localhost:40677|priority:0|startupRole:FOLLOWER], listeners:[]
2023-08-18 03:36:11,402 [s2-server-thread1] INFO  server.RaftServer$Division (RaftServerImpl.java:setConfigurationAsync(1238)) - s2@group-E264CA5F8311: receive setConfiguration SetConfigurationRequest:client-255CF6B0DA3F->s2@group-E264CA5F8311, cid=386, seq=0, RW, null, SET_UNCONDITIONALLY, servers:[s1|rpc:0.0.0.0:34459|dataStream:|priority:0|startupRole:FOLLOWER, s2|rpc:0.0.0.0:43137|dataStream:|priority:0|startupRole:FOLLOWER, s0|rpc:localhost:39295|admin:localhost:44843|client:localhost:40991|dataStream:localhost:40677|priority:0|startupRole:FOLLOWER], listeners:[]
2023-08-18 03:36:11,413 [s0@group-E264CA5F8311-FollowerState] INFO  impl.FollowerState (FollowerState.java:lostMajorityHeartbeatsRecently(108)) - s0@group-E264CA5F8311-FollowerState: Skipping leader election since it stepped down recently (elapsed = 9696ms < waitTime = 10s)
2023-08-18 03:36:11,513 [s0-server-thread1] INFO  server.RaftServer$Division (RaftServerImpl.java:setConfigurationAsync(1238)) - s0@group-E264CA5F8311: receive setConfiguration SetConfigurationRequest:client-255CF6B0DA3F->s0@group-E264CA5F8311, cid=386, seq=0, RW, null, SET_UNCONDITIONALLY, servers:[s1|rpc:0.0.0.0:34459|dataStream:|priority:0|startupRole:FOLLOWER, s2|rpc:0.0.0.0:43137|dataStream:|priority:0|startupRole:FOLLOWER, s0|rpc:localhost:39295|admin:localhost:44843|client:localhost:40991|dataStream:localhost:40677|priority:0|startupRole:FOLLOWER], listeners:[]
2023-08-18 03:36:11,619 [s2-server-thread1] INFO  server.RaftServer$Division (RaftServerImpl.java:setConfigurationAsync(1238)) - s2@group-E264CA5F8311: receive setConfiguration SetConfigurationRequest:client-255CF6B0DA3F->s2@group-E264CA5F8311, cid=386, seq=0, RW, null, SET_UNCONDITIONALLY, servers:[s1|rpc:0.0.0.0:34459|dataStream:|priority:0|startupRole:FOLLOWER, s2|rpc:0.0.0.0:43137|dataStream:|priority:0|startupRole:FOLLOWER, s0|rpc:localhost:39295|admin:localhost:44843|client:localhost:40991|dataStream:localhost:40677|priority:0|startupRole:FOLLOWER], listeners:[]
2023-08-18 03:36:11,655 [s0@group-E264CA5F8311-FollowerState] INFO  impl.FollowerState (FollowerState.java:lostMajorityHeartbeatsRecently(108)) - s0@group-E264CA5F8311-FollowerState: Skipping leader election since it stepped down recently (elapsed = 9939ms < waitTime = 10s)
2023-08-18 03:36:11,725 [s0-server-thread1] INFO  server.RaftServer$Division (RaftServerImpl.java:setConfigurationAsync(1238)) - s0@group-E264CA5F8311: receive setConfiguration SetConfigurationRequest:client-255CF6B0DA3F->s0@group-E264CA5F8311, cid=386, seq=0, RW, null, SET_UNCONDITIONALLY, servers:[s1|rpc:0.0.0.0:34459|dataStream:|priority:0|startupRole:FOLLOWER, s2|rpc:0.0.0.0:43137|dataStream:|priority:0|startupRole:FOLLOWER, s0|rpc:localhost:39295|admin:localhost:44843|client:localhost:40991|dataStream:localhost:40677|priority:0|startupRole:FOLLOWER], listeners:[]
2023-08-18 03:36:11,830 [s2-server-thread1] INFO  server.RaftServer$Division (RaftServerImpl.java:setConfigurationAsync(1238)) - s2@group-E264CA5F8311: receive setConfiguration SetConfigurationRequest:client-255CF6B0DA3F->s2@group-E264CA5F8311, cid=386, seq=0, RW, null, SET_UNCONDITIONALLY, servers:[s1|rpc:0.0.0.0:34459|dataStream:|priority:0|startupRole:FOLLOWER, s2|rpc:0.0.0.0:43137|dataStream:|priority:0|startupRole:FOLLOWER, s0|rpc:localhost:39295|admin:localhost:44843|client:localhost:40991|dataStream:localhost:40677|priority:0|startupRole:FOLLOWER], listeners:[]
2023-08-18 03:36:11,860 [s0@group-E264CA5F8311-FollowerState] INFO  impl.FollowerState (FollowerState.java:run(143)) - s0@group-E264CA5F8311-FollowerState: change to CANDIDATE, lastRpcElapsedTime:10143381284ns, electionTimeout:204ms
2023-08-18 03:36:11,860 [s0@group-E264CA5F8311-FollowerState] INFO  impl.RoleInfo (RoleInfo.java:shutdownFollowerState(109)) - s0: shutdown s0@group-E264CA5F8311-FollowerState
2023-08-18 03:36:11,860 [s0@group-E264CA5F8311-FollowerState] INFO  server.RaftServer$Division (RaftServerImpl.java:setRole(371)) - s0@group-E264CA5F8311: changes role from  FOLLOWER to CANDIDATE at term 1 for changeToCandidate
2023-08-18 03:36:11,860 [s0@group-E264CA5F8311-FollowerState] INFO  server.RaftServerConfigKeys (ConfUtils.java:logGet(46)) - raft.server.leaderelection.pre-vote = true (default)
2023-08-18 03:36:11,860 [s0@group-E264CA5F8311-FollowerState] INFO  impl.RoleInfo (RoleInfo.java:updateAndGet(138)) - s0: start s0@group-E264CA5F8311-LeaderElection4
2023-08-18 03:36:11,860 [s0@group-E264CA5F8311-LeaderElection4] INFO  impl.LeaderElection (LeaderElection.java:askForVotes(320)) - s0@group-E264CA5F8311-LeaderElection4 PRE_VOTE round 0: submit vote requests at term 1 for 255: peers:[s0|rpc:localhost:39295|admin:localhost:44843|client:localhost:40991|dataStream:localhost:40677|priority:0|startupRole:FOLLOWER, s1|rpc:0.0.0.0:34459|dataStream:|priority:0|startupRole:FOLLOWER, s2|rpc:0.0.0.0:43137|dataStream:|priority:0|startupRole:FOLLOWER]|listeners:[], old=peers:[s0|rpc:localhost:39295|admin:localhost:44843|client:localhost:40991|dataStream:localhost:40677|priority:0|startupRole:FOLLOWER]|listeners:[]
2023-08-18 03:36:11,865 [grpc-default-executor-0] INFO  server.RaftServer$Division (RaftServerImpl.java:requestVote(1344)) - s1@group-E264CA5F8311: receive requestVote(PRE_VOTE, s0, group-E264CA5F8311, 1, (t:1, i:255))
2023-08-18 03:36:11,865 [grpc-default-executor-0] WARN  server.GrpcServerProtocolService (LogUtils.java:warn(122)) - s1: Failed requestVote s0->s1#0: org.apache.ratis.protocol.exceptions.ServerNotReadyException: s1@group-E264CA5F8311 is not in [RUNNING]: current state is STARTING
2023-08-18 03:36:11,867 [grpc-default-executor-4] INFO  server.RaftServer$Division (RaftServerImpl.java:requestVote(1344)) - s2@group-E264CA5F8311: receive requestVote(PRE_VOTE, s0, group-E264CA5F8311, 1, (t:1, i:255))
2023-08-18 03:36:11,867 [grpc-default-executor-4] WARN  server.GrpcServerProtocolService (LogUtils.java:warn(122)) - s2: Failed requestVote s0->s2#0: org.apache.ratis.protocol.exceptions.ServerNotReadyException: s2@group-E264CA5F8311 is not in [RUNNING]: current state is STARTING
2023-08-18 03:36:11,868 [s0@group-E264CA5F8311-LeaderElection4] INFO  impl.LeaderElection (LogUtils.java:infoOrTrace(137)) - s0@group-E264CA5F8311-LeaderElection4 got exception when requesting votes: java.util.concurrent.ExecutionException: org.apache.ratis.thirdparty.io.grpc.StatusRuntimeException: INTERNAL: s1@group-E264CA5F8311 is not in [RUNNING]: current state is STARTING
2023-08-18 03:36:11,872 [s0@group-E264CA5F8311-LeaderElection4] INFO  impl.LeaderElection (LogUtils.java:infoOrTrace(137)) - s0@group-E264CA5F8311-LeaderElection4 got exception when requesting votes: java.util.concurrent.ExecutionException: org.apache.ratis.thirdparty.io.grpc.StatusRuntimeException: INTERNAL: s2@group-E264CA5F8311 is not in [RUNNING]: current state is STARTING
2023-08-18 03:36:11,872 [s0@group-E264CA5F8311-LeaderElection4] INFO  impl.LeaderElection (LeaderElection.java:logAndReturn(89)) - s0@group-E264CA5F8311-LeaderElection4: PRE_VOTE REJECTED received 0 response(s) and 2 exception(s):
2023-08-18 03:36:11,872 [s0@group-E264CA5F8311-LeaderElection4] INFO  impl.LeaderElection (LogUtils.java:infoOrTrace(137)) -   Exception 0: java.util.concurrent.ExecutionException: org.apache.ratis.thirdparty.io.grpc.StatusRuntimeException: INTERNAL: s1@group-E264CA5F8311 is not in [RUNNING]: current state is STARTING
2023-08-18 03:36:11,872 [s0@group-E264CA5F8311-LeaderElection4] INFO  impl.LeaderElection (LogUtils.java:infoOrTrace(137)) -   Exception 1: java.util.concurrent.ExecutionException: org.apache.ratis.thirdparty.io.grpc.StatusRuntimeException: INTERNAL: s2@group-E264CA5F8311 is not in [RUNNING]: current state is STARTING
2023-08-18 03:36:11,872 [s0@group-E264CA5F8311-LeaderElection4] INFO  impl.LeaderElection (LeaderElection.java:askForVotes(322)) - s0@group-E264CA5F8311-LeaderElection4 PRE_VOTE round 0: result REJECTED
2023-08-18 03:36:11,872 [s0@group-E264CA5F8311-LeaderElection4] INFO  server.RaftServer$Division (RaftServerImpl.java:setRole(371)) - s0@group-E264CA5F8311: changes role from CANDIDATE to FOLLOWER at term 1 for REJECTED
2023-08-18 03:36:11,872 [s0@group-E264CA5F8311-LeaderElection4] INFO  impl.RoleInfo (RoleInfo.java:shutdownLeaderElection(129)) - s0: shutdown s0@group-E264CA5F8311-LeaderElection4
2023-08-18 03:36:11,872 [s0@group-E264CA5F8311-LeaderElection4] INFO  impl.RoleInfo (RoleInfo.java:updateAndGet(138)) - s0: start s0@group-E264CA5F8311-FollowerState
2023-08-18 03:36:11,937 [s1-server-thread1] INFO  server.RaftServer$Division (RaftServerImpl.java:setConfigurationAsync(1238)) - s1@group-E264CA5F8311: receive setConfiguration SetConfigurationRequest:client-255CF6B0DA3F->s1@group-E264CA5F8311, cid=386, seq=0, RW, null, SET_UNCONDITIONALLY, servers:[s1|rpc:0.0.0.0:34459|dataStream:|priority:0|startupRole:FOLLOWER, s2|rpc:0.0.0.0:43137|dataStream:|priority:0|startupRole:FOLLOWER, s0|rpc:localhost:39295|admin:localhost:44843|client:localhost:40991|dataStream:localhost:40677|priority:0|startupRole:FOLLOWER], listeners:[]
2023-08-18 03:36:12,043 [s0-server-thread1] INFO  server.RaftServer$Division (RaftServerImpl.java:setConfigurationAsync(1238)) - s0@group-E264CA5F8311: receive setConfiguration SetConfigurationRequest:client-255CF6B0DA3F->s0@group-E264CA5F8311, cid=386, seq=0, RW, null, SET_UNCONDITIONALLY, servers:[s1|rpc:0.0.0.0:34459|dataStream:|priority:0|startupRole:FOLLOWER, s2|rpc:0.0.0.0:43137|dataStream:|priority:0|startupRole:FOLLOWER, s0|rpc:localhost:39295|admin:localhost:44843|client:localhost:40991|dataStream:localhost:40677|priority:0|startupRole:FOLLOWER], listeners:[]
2023-08-18 03:36:12,137 [s0@group-E264CA5F8311-FollowerState] INFO  impl.FollowerState (FollowerState.java:run(143)) - s0@group-E264CA5F8311-FollowerState: change to CANDIDATE, lastRpcElapsedTime:264829722ns, electionTimeout:262ms
2023-08-18 03:36:12,137 [s0@group-E264CA5F8311-FollowerState] INFO  impl.RoleInfo (RoleInfo.java:shutdownFollowerState(109)) - s0: shutdown s0@group-E264CA5F8311-FollowerState
2023-08-18 03:36:12,137 [s0@group-E264CA5F8311-FollowerState] INFO  server.RaftServer$Division (RaftServerImpl.java:setRole(371)) - s0@group-E264CA5F8311: changes role from  FOLLOWER to CANDIDATE at term 1 for changeToCandidate
2023-08-18 03:36:12,138 [s0@group-E264CA5F8311-FollowerState] INFO  server.RaftServerConfigKeys (ConfUtils.java:logGet(46)) - raft.server.leaderelection.pre-vote = true (default)
2023-08-18 03:36:12,138 [s0@group-E264CA5F8311-FollowerState] INFO  impl.RoleInfo (RoleInfo.java:updateAndGet(138)) - s0: start s0@group-E264CA5F8311-LeaderElection5
2023-08-18 03:36:12,138 [s0@group-E264CA5F8311-LeaderElection5] INFO  impl.LeaderElection (LeaderElection.java:askForVotes(320)) - s0@group-E264CA5F8311-LeaderElection5 PRE_VOTE round 0: submit vote requests at term 1 for 255: peers:[s0|rpc:localhost:39295|admin:localhost:44843|client:localhost:40991|dataStream:localhost:40677|priority:0|startupRole:FOLLOWER, s1|rpc:0.0.0.0:34459|dataStream:|priority:0|startupRole:FOLLOWER, s2|rpc:0.0.0.0:43137|dataStream:|priority:0|startupRole:FOLLOWER]|listeners:[], old=peers:[s0|rpc:localhost:39295|admin:localhost:44843|client:localhost:40991|dataStream:localhost:40677|priority:0|startupRole:FOLLOWER]|listeners:[]
2023-08-18 03:36:12,141 [grpc-default-executor-4] INFO  server.RaftServer$Division (RaftServerImpl.java:requestVote(1344)) - s1@group-E264CA5F8311: receive requestVote(PRE_VOTE, s0, group-E264CA5F8311, 1, (t:1, i:255))
2023-08-18 03:36:12,141 [grpc-default-executor-0] INFO  server.RaftServer$Division (RaftServerImpl.java:requestVote(1344)) - s2@group-E264CA5F8311: receive requestVote(PRE_VOTE, s0, group-E264CA5F8311, 1, (t:1, i:255))
2023-08-18 03:36:12,141 [grpc-default-executor-0] WARN  server.GrpcServerProtocolService (LogUtils.java:warn(122)) - s2: Failed requestVote s0->s2#0: org.apache.ratis.protocol.exceptions.ServerNotReadyException: s2@group-E264CA5F8311 is not in [RUNNING]: current state is STARTING
2023-08-18 03:36:12,141 [grpc-default-executor-4] WARN  server.GrpcServerProtocolService (LogUtils.java:warn(122)) - s1: Failed requestVote s0->s1#0: org.apache.ratis.protocol.exceptions.ServerNotReadyException: s1@group-E264CA5F8311 is not in [RUNNING]: current state is STARTING
2023-08-18 03:36:12,144 [s0@group-E264CA5F8311-LeaderElection5] INFO  impl.LeaderElection (LogUtils.java:infoOrTrace(137)) - s0@group-E264CA5F8311-LeaderElection5 got exception when requesting votes: java.util.concurrent.ExecutionException: org.apache.ratis.thirdparty.io.grpc.StatusRuntimeException: INTERNAL: s1@group-E264CA5F8311 is not in [RUNNING]: current state is STARTING
2023-08-18 03:36:12,148 [s2-server-thread1] INFO  server.RaftServer$Division (RaftServerImpl.java:setConfigurationAsync(1238)) - s2@group-E264CA5F8311: receive setConfiguration SetConfigurationRequest:client-255CF6B0DA3F->s2@group-E264CA5F8311, cid=386, seq=0, RW, null, SET_UNCONDITIONALLY, servers:[s1|rpc:0.0.0.0:34459|dataStream:|priority:0|startupRole:FOLLOWER, s2|rpc:0.0.0.0:43137|dataStream:|priority:0|startupRole:FOLLOWER, s0|rpc:localhost:39295|admin:localhost:44843|client:localhost:40991|dataStream:localhost:40677|priority:0|startupRole:FOLLOWER], listeners:[]
2023-08-18 03:36:12,149 [s0@group-E264CA5F8311-LeaderElection5] INFO  impl.LeaderElection (LogUtils.java:infoOrTrace(137)) - s0@group-E264CA5F8311-LeaderElection5 got exception when requesting votes: java.util.concurrent.ExecutionException: org.apache.ratis.thirdparty.io.grpc.StatusRuntimeException: INTERNAL: s2@group-E264CA5F8311 is not in [RUNNING]: current state is STARTING
2023-08-18 03:36:12,150 [s0@group-E264CA5F8311-LeaderElection5] INFO  impl.LeaderElection (LeaderElection.java:logAndReturn(89)) - s0@group-E264CA5F8311-LeaderElection5: PRE_VOTE REJECTED received 0 response(s) and 2 exception(s):
2023-08-18 03:36:12,150 [s0@group-E264CA5F8311-LeaderElection5] INFO  impl.LeaderElection (LogUtils.java:infoOrTrace(137)) -   Exception 0: java.util.concurrent.ExecutionException: org.apache.ratis.thirdparty.io.grpc.StatusRuntimeException: INTERNAL: s1@group-E264CA5F8311 is not in [RUNNING]: current state is STARTING
2023-08-18 03:36:12,150 [s0@group-E264CA5F8311-LeaderElection5] INFO  impl.LeaderElection (LogUtils.java:infoOrTrace(137)) -   Exception 1: java.util.concurrent.ExecutionException: org.apache.ratis.thirdparty.io.grpc.StatusRuntimeException: INTERNAL: s2@group-E264CA5F8311 is not in [RUNNING]: current state is STARTING
2023-08-18 03:36:12,150 [s0@group-E264CA5F8311-LeaderElection5] INFO  impl.LeaderElection (LeaderElection.java:askForVotes(322)) - s0@group-E264CA5F8311-LeaderElection5 PRE_VOTE round 0: result REJECTED
2023-08-18 03:36:12,150 [s0@group-E264CA5F8311-LeaderElection5] INFO  server.RaftServer$Division (RaftServerImpl.java:setRole(371)) - s0@group-E264CA5F8311: changes role from CANDIDATE to FOLLOWER at term 1 for REJECTED
2023-08-18 03:36:12,150 [s0@group-E264CA5F8311-LeaderElection5] INFO  impl.RoleInfo (RoleInfo.java:shutdownLeaderElection(129)) - s0: shutdown s0@group-E264CA5F8311-LeaderElection5
2023-08-18 03:36:12,150 [s0@group-E264CA5F8311-LeaderElection5] INFO  impl.RoleInfo (RoleInfo.java:updateAndGet(138)) - s0: start s0@group-E264CA5F8311-FollowerState
2023-08-18 03:36:12,256 [s0-server-thread1] INFO  server.RaftServer$Division (RaftServerImpl.java:setConfigurationAsync(1238)) - s0@group-E264CA5F8311: receive setConfiguration SetConfigurationRequest:client-255CF6B0DA3F->s0@group-E264CA5F8311, cid=386, seq=0, RW, null, SET_UNCONDITIONALLY, servers:[s1|rpc:0.0.0.0:34459|dataStream:|priority:0|startupRole:FOLLOWER, s2|rpc:0.0.0.0:43137|dataStream:|priority:0|startupRole:FOLLOWER, s0|rpc:localhost:39295|admin:localhost:44843|client:localhost:40991|dataStream:localhost:40677|priority:0|startupRole:FOLLOWER], listeners:[]
2023-08-18 03:36:12,362 [s2-server-thread1] INFO  server.RaftServer$Division (RaftServerImpl.java:setConfigurationAsync(1238)) - s2@group-E264CA5F8311: receive setConfiguration SetConfigurationRequest:client-255CF6B0DA3F->s2@group-E264CA5F8311, cid=386, seq=0, RW, null, SET_UNCONDITIONALLY, servers:[s1|rpc:0.0.0.0:34459|dataStream:|priority:0|startupRole:FOLLOWER, s2|rpc:0.0.0.0:43137|dataStream:|priority:0|startupRole:FOLLOWER, s0|rpc:localhost:39295|admin:localhost:44843|client:localhost:40991|dataStream:localhost:40677|priority:0|startupRole:FOLLOWER], listeners:[]
2023-08-18 03:36:12,370 [s0@group-E264CA5F8311-FollowerState] INFO  impl.FollowerState (FollowerState.java:run(143)) - s0@group-E264CA5F8311-FollowerState: change to CANDIDATE, lastRpcElapsedTime:220450171ns, electionTimeout:216ms
2023-08-18 03:36:12,370 [s0@group-E264CA5F8311-FollowerState] INFO  impl.RoleInfo (RoleInfo.java:shutdownFollowerState(109)) - s0: shutdown s0@group-E264CA5F8311-FollowerState
2023-08-18 03:36:12,370 [s0@group-E264CA5F8311-FollowerState] INFO  server.RaftServer$Division (RaftServerImpl.java:setRole(371)) - s0@group-E264CA5F8311: changes role from  FOLLOWER to CANDIDATE at term 1 for changeToCandidate
2023-08-18 03:36:12,370 [s0@group-E264CA5F8311-FollowerState] INFO  server.RaftServerConfigKeys (ConfUtils.java:logGet(46)) - raft.server.leaderelection.pre-vote = true (default)
2023-08-18 03:36:12,370 [s0@group-E264CA5F8311-FollowerState] INFO  impl.RoleInfo (RoleInfo.java:updateAndGet(138)) - s0: start s0@group-E264CA5F8311-LeaderElection6
2023-08-18 03:36:12,371 [s0@group-E264CA5F8311-LeaderElection6] INFO  impl.LeaderElection (LeaderElection.java:askForVotes(320)) - s0@group-E264CA5F8311-LeaderElection6 PRE_VOTE round 0: submit vote requests at term 1 for 255: peers:[s0|rpc:localhost:39295|admin:localhost:44843|client:localhost:40991|dataStream:localhost:40677|priority:0|startupRole:FOLLOWER, s1|rpc:0.0.0.0:34459|dataStream:|priority:0|startupRole:FOLLOWER, s2|rpc:0.0.0.0:43137|dataStream:|priority:0|startupRole:FOLLOWER]|listeners:[], old=peers:[s0|rpc:localhost:39295|admin:localhost:44843|client:localhost:40991|dataStream:localhost:40677|priority:0|startupRole:FOLLOWER]|listeners:[]
2023-08-18 03:36:12,372 [grpc-default-executor-4] INFO  server.RaftServer$Division (RaftServerImpl.java:requestVote(1344)) - s2@group-E264CA5F8311: receive requestVote(PRE_VOTE, s0, group-E264CA5F8311, 1, (t:1, i:255))
2023-08-18 03:36:12,372 [grpc-default-executor-4] WARN  server.GrpcServerProtocolService (LogUtils.java:warn(122)) - s2: Failed requestVote s0->s2#0: org.apache.ratis.protocol.exceptions.ServerNotReadyException: s2@group-E264CA5F8311 is not in [RUNNING]: current state is STARTING
2023-08-18 03:36:12,373 [s0@group-E264CA5F8311-LeaderElection6] INFO  impl.LeaderElection (LogUtils.java:infoOrTrace(137)) - s0@group-E264CA5F8311-LeaderElection6 got exception when requesting votes: java.util.concurrent.ExecutionException: org.apache.ratis.thirdparty.io.grpc.StatusRuntimeException: INTERNAL: s2@group-E264CA5F8311 is not in [RUNNING]: current state is STARTING
2023-08-18 03:36:12,374 [grpc-default-executor-4] INFO  server.RaftServer$Division (RaftServerImpl.java:requestVote(1344)) - s1@group-E264CA5F8311: receive requestVote(PRE_VOTE, s0, group-E264CA5F8311, 1, (t:1, i:255))
2023-08-18 03:36:12,374 [grpc-default-executor-4] WARN  server.GrpcServerProtocolService (LogUtils.java:warn(122)) - s1: Failed requestVote s0->s1#0: org.apache.ratis.protocol.exceptions.ServerNotReadyException: s1@group-E264CA5F8311 is not in [RUNNING]: current state is STARTING
2023-08-18 03:36:12,375 [s0@group-E264CA5F8311-LeaderElection6] INFO  impl.LeaderElection (LogUtils.java:infoOrTrace(137)) - s0@group-E264CA5F8311-LeaderElection6 got exception when requesting votes: java.util.concurrent.ExecutionException: org.apache.ratis.thirdparty.io.grpc.StatusRuntimeException: INTERNAL: s1@group-E264CA5F8311 is not in [RUNNING]: current state is STARTING
2023-08-18 03:36:12,375 [s0@group-E264CA5F8311-LeaderElection6] INFO  impl.LeaderElection (LeaderElection.java:logAndReturn(89)) - s0@group-E264CA5F8311-LeaderElection6: PRE_VOTE REJECTED received 0 response(s) and 2 exception(s):
2023-08-18 03:36:12,375 [s0@group-E264CA5F8311-LeaderElection6] INFO  impl.LeaderElection (LogUtils.java:infoOrTrace(137)) -   Exception 0: java.util.concurrent.ExecutionException: org.apache.ratis.thirdparty.io.grpc.StatusRuntimeException: INTERNAL: s2@group-E264CA5F8311 is not in [RUNNING]: current state is STARTING
2023-08-18 03:36:12,375 [s0@group-E264CA5F8311-LeaderElection6] INFO  impl.LeaderElection (LogUtils.java:infoOrTrace(137)) -   Exception 1: java.util.concurrent.ExecutionException: org.apache.ratis.thirdparty.io.grpc.StatusRuntimeException: INTERNAL: s1@group-E264CA5F8311 is not in [RUNNING]: current state is STARTING
2023-08-18 03:36:12,375 [s0@group-E264CA5F8311-LeaderElection6] INFO  impl.LeaderElection (LeaderElection.java:askForVotes(322)) - s0@group-E264CA5F8311-LeaderElection6 PRE_VOTE round 0: result REJECTED
2023-08-18 03:36:12,375 [s0@group-E264CA5F8311-LeaderElection6] INFO  server.RaftServer$Division (RaftServerImpl.java:setRole(371)) - s0@group-E264CA5F8311: changes role from CANDIDATE to FOLLOWER at term 1 for REJECTED
2023-08-18 03:36:12,375 [s0@group-E264CA5F8311-LeaderElection6] INFO  impl.RoleInfo (RoleInfo.java:shutdownLeaderElection(129)) - s0: shutdown s0@group-E264CA5F8311-LeaderElection6
2023-08-18 03:36:12,375 [s0@group-E264CA5F8311-LeaderElection6] INFO  impl.RoleInfo (RoleInfo.java:updateAndGet(138)) - s0: start s0@group-E264CA5F8311-FollowerState
2023-08-18 03:36:12,468 [s1-server-thread1] INFO  server.RaftServer$Division (RaftServerImpl.java:setConfigurationAsync(1238)) - s1@group-E264CA5F8311: receive setConfiguration SetConfigurationRequest:client-255CF6B0DA3F->s1@group-E264CA5F8311, cid=386, seq=0, RW, null, SET_UNCONDITIONALLY, servers:[s1|rpc:0.0.0.0:34459|dataStream:|priority:0|startupRole:FOLLOWER, s2|rpc:0.0.0.0:43137|dataStream:|priority:0|startupRole:FOLLOWER, s0|rpc:localhost:39295|admin:localhost:44843|client:localhost:40991|dataStream:localhost:40677|priority:0|startupRole:FOLLOWER], listeners:[]
2023-08-18 03:36:12,574 [s2-server-thread1] INFO  server.RaftServer$Division (RaftServerImpl.java:setConfigurationAsync(1238)) - s2@group-E264CA5F8311: receive setConfiguration SetConfigurationRequest:client-255CF6B0DA3F->s2@group-E264CA5F8311, cid=386, seq=0, RW, null, SET_UNCONDITIONALLY, servers:[s1|rpc:0.0.0.0:34459|dataStream:|priority:0|startupRole:FOLLOWER, s2|rpc:0.0.0.0:43137|dataStream:|priority:0|startupRole:FOLLOWER, s0|rpc:localhost:39295|admin:localhost:44843|client:localhost:40991|dataStream:localhost:40677|priority:0|startupRole:FOLLOWER], listeners:[]
2023-08-18 03:36:12,666 [s0@group-E264CA5F8311-FollowerState] INFO  impl.FollowerState (FollowerState.java:run(143)) - s0@group-E264CA5F8311-FollowerState: change to CANDIDATE, lastRpcElapsedTime:290864018ns, electionTimeout:290ms
2023-08-18 03:36:12,666 [s0@group-E264CA5F8311-FollowerState] INFO  impl.RoleInfo (RoleInfo.java:shutdownFollowerState(109)) - s0: shutdown s0@group-E264CA5F8311-FollowerState
2023-08-18 03:36:12,666 [s0@group-E264CA5F8311-FollowerState] INFO  server.RaftServer$Division (RaftServerImpl.java:setRole(371)) - s0@group-E264CA5F8311: changes role from  FOLLOWER to CANDIDATE at term 1 for changeToCandidate
2023-08-18 03:36:12,666 [s0@group-E264CA5F8311-FollowerState] INFO  server.RaftServerConfigKeys (ConfUtils.java:logGet(46)) - raft.server.leaderelection.pre-vote = true (default)
2023-08-18 03:36:12,666 [s0@group-E264CA5F8311-FollowerState] INFO  impl.RoleInfo (RoleInfo.java:updateAndGet(138)) - s0: start s0@group-E264CA5F8311-LeaderElection7
2023-08-18 03:36:12,667 [s0@group-E264CA5F8311-LeaderElection7] INFO  impl.LeaderElection (LeaderElection.java:askForVotes(320)) - s0@group-E264CA5F8311-LeaderElection7 PRE_VOTE round 0: submit vote requests at term 1 for 255: peers:[s0|rpc:localhost:39295|admin:localhost:44843|client:localhost:40991|dataStream:localhost:40677|priority:0|startupRole:FOLLOWER, s1|rpc:0.0.0.0:34459|dataStream:|priority:0|startupRole:FOLLOWER, s2|rpc:0.0.0.0:43137|dataStream:|priority:0|startupRole:FOLLOWER]|listeners:[], old=peers:[s0|rpc:localhost:39295|admin:localhost:44843|client:localhost:40991|dataStream:localhost:40677|priority:0|startupRole:FOLLOWER]|listeners:[]
2023-08-18 03:36:12,669 [grpc-default-executor-4] INFO  server.RaftServer$Division (RaftServerImpl.java:requestVote(1344)) - s2@group-E264CA5F8311: receive requestVote(PRE_VOTE, s0, group-E264CA5F8311, 1, (t:1, i:255))
2023-08-18 03:36:12,669 [grpc-default-executor-4] WARN  server.GrpcServerProtocolService (LogUtils.java:warn(122)) - s2: Failed requestVote s0->s2#0: org.apache.ratis.protocol.exceptions.ServerNotReadyException: s2@group-E264CA5F8311 is not in [RUNNING]: current state is STARTING
2023-08-18 03:36:12,670 [grpc-default-executor-0] INFO  server.RaftServer$Division (RaftServerImpl.java:requestVote(1344)) - s1@group-E264CA5F8311: receive requestVote(PRE_VOTE, s0, group-E264CA5F8311, 1, (t:1, i:255))
2023-08-18 03:36:12,670 [grpc-default-executor-0] WARN  server.GrpcServerProtocolService (LogUtils.java:warn(122)) - s1: Failed requestVote s0->s1#0: org.apache.ratis.protocol.exceptions.ServerNotReadyException: s1@group-E264CA5F8311 is not in [RUNNING]: current state is STARTING
2023-08-18 03:36:12,671 [s0@group-E264CA5F8311-LeaderElection7] INFO  impl.LeaderElection (LogUtils.java:infoOrTrace(137)) - s0@group-E264CA5F8311-LeaderElection7 got exception when requesting votes: java.util.concurrent.ExecutionException: org.apache.ratis.thirdparty.io.grpc.StatusRuntimeException: INTERNAL: s1@group-E264CA5F8311 is not in [RUNNING]: current state is STARTING
2023-08-18 03:36:12,671 [s0@group-E264CA5F8311-LeaderElection7] INFO  impl.LeaderElection (LogUtils.java:infoOrTrace(137)) - s0@group-E264CA5F8311-LeaderElection7 got exception when requesting votes: java.util.concurrent.ExecutionException: org.apache.ratis.thirdparty.io.grpc.StatusRuntimeException: INTERNAL: s2@group-E264CA5F8311 is not in [RUNNING]: current state is STARTING
2023-08-18 03:36:12,672 [s0@group-E264CA5F8311-LeaderElection7] INFO  impl.LeaderElection (LeaderElection.java:logAndReturn(89)) - s0@group-E264CA5F8311-LeaderElection7: PRE_VOTE REJECTED received 0 response(s) and 2 exception(s):
2023-08-18 03:36:12,672 [s0@group-E264CA5F8311-LeaderElection7] INFO  impl.LeaderElection (LogUtils.java:infoOrTrace(137)) -   Exception 0: java.util.concurrent.ExecutionException: org.apache.ratis.thirdparty.io.grpc.StatusRuntimeException: INTERNAL: s1@group-E264CA5F8311 is not in [RUNNING]: current state is STARTING
2023-08-18 03:36:12,672 [s0@group-E264CA5F8311-LeaderElection7] INFO  impl.LeaderElection (LogUtils.java:infoOrTrace(137)) -   Exception 1: java.util.concurrent.ExecutionException: org.apache.ratis.thirdparty.io.grpc.StatusRuntimeException: INTERNAL: s2@group-E264CA5F8311 is not in [RUNNING]: current state is STARTING
2023-08-18 03:36:12,672 [s0@group-E264CA5F8311-LeaderElection7] INFO  impl.LeaderElection (LeaderElection.java:askForVotes(322)) - s0@group-E264CA5F8311-LeaderElection7 PRE_VOTE round 0: result REJECTED
2023-08-18 03:36:12,672 [s0@group-E264CA5F8311-LeaderElection7] INFO  server.RaftServer$Division (RaftServerImpl.java:setRole(371)) - s0@group-E264CA5F8311: changes role from CANDIDATE to FOLLOWER at term 1 for REJECTED
2023-08-18 03:36:12,672 [s0@group-E264CA5F8311-LeaderElection7] INFO  impl.RoleInfo (RoleInfo.java:shutdownLeaderElection(129)) - s0: shutdown s0@group-E264CA5F8311-LeaderElection7
2023-08-18 03:36:12,672 [s0@group-E264CA5F8311-LeaderElection7] INFO  impl.RoleInfo (RoleInfo.java:updateAndGet(138)) - s0: start s0@group-E264CA5F8311-FollowerState
2023-08-18 03:36:12,681 [s1-server-thread1] INFO  server.RaftServer$Division (RaftServerImpl.java:setConfigurationAsync(1238)) - s1@group-E264CA5F8311: receive setConfiguration SetConfigurationRequest:client-255CF6B0DA3F->s1@group-E264CA5F8311, cid=386, seq=0, RW, null, SET_UNCONDITIONALLY, servers:[s1|rpc:0.0.0.0:34459|dataStream:|priority:0|startupRole:FOLLOWER, s2|rpc:0.0.0.0:43137|dataStream:|priority:0|startupRole:FOLLOWER, s0|rpc:localhost:39295|admin:localhost:44843|client:localhost:40991|dataStream:localhost:40677|priority:0|startupRole:FOLLOWER], listeners:[]
2023-08-18 03:36:12,789 [s2-server-thread1] INFO  server.RaftServer$Division (RaftServerImpl.java:setConfigurationAsync(1238)) - s2@group-E264CA5F8311: receive setConfiguration SetConfigurationRequest:client-255CF6B0DA3F->s2@group-E264CA5F8311, cid=386, seq=0, RW, null, SET_UNCONDITIONALLY, servers:[s1|rpc:0.0.0.0:34459|dataStream:|priority:0|startupRole:FOLLOWER, s2|rpc:0.0.0.0:43137|dataStream:|priority:0|startupRole:FOLLOWER, s0|rpc:localhost:39295|admin:localhost:44843|client:localhost:40991|dataStream:localhost:40677|priority:0|startupRole:FOLLOWER], listeners:[]
2023-08-18 03:36:12,850 [s0@group-E264CA5F8311-FollowerState] INFO  impl.FollowerState (FollowerState.java:run(143)) - s0@group-E264CA5F8311-FollowerState: change to CANDIDATE, lastRpcElapsedTime:178492899ns, electionTimeout:175ms
2023-08-18 03:36:12,850 [s0@group-E264CA5F8311-FollowerState] INFO  impl.RoleInfo (RoleInfo.java:shutdownFollowerState(109)) - s0: shutdown s0@group-E264CA5F8311-FollowerState
2023-08-18 03:36:12,850 [s0@group-E264CA5F8311-FollowerState] INFO  server.RaftServer$Division (RaftServerImpl.java:setRole(371)) - s0@group-E264CA5F8311: changes role from  FOLLOWER to CANDIDATE at term 1 for changeToCandidate
2023-08-18 03:36:12,850 [s0@group-E264CA5F8311-FollowerState] INFO  server.RaftServerConfigKeys (ConfUtils.java:logGet(46)) - raft.server.leaderelection.pre-vote = true (default)
2023-08-18 03:36:12,851 [s0@group-E264CA5F8311-FollowerState] INFO  impl.RoleInfo (RoleInfo.java:updateAndGet(138)) - s0: start s0@group-E264CA5F8311-LeaderElection8
2023-08-18 03:36:12,851 [s0@group-E264CA5F8311-LeaderElection8] INFO  impl.LeaderElection (LeaderElection.java:askForVotes(320)) - s0@group-E264CA5F8311-LeaderElection8 PRE_VOTE round 0: submit vote requests at term 1 for 255: peers:[s0|rpc:localhost:39295|admin:localhost:44843|client:localhost:40991|dataStream:localhost:40677|priority:0|startupRole:FOLLOWER, s1|rpc:0.0.0.0:34459|dataStream:|priority:0|startupRole:FOLLOWER, s2|rpc:0.0.0.0:43137|dataStream:|priority:0|startupRole:FOLLOWER]|listeners:[], old=peers:[s0|rpc:localhost:39295|admin:localhost:44843|client:localhost:40991|dataStream:localhost:40677|priority:0|startupRole:FOLLOWER]|listeners:[]
2023-08-18 03:36:12,852 [grpc-default-executor-4] INFO  server.RaftServer$Division (RaftServerImpl.java:requestVote(1344)) - s1@group-E264CA5F8311: receive requestVote(PRE_VOTE, s0, group-E264CA5F8311, 1, (t:1, i:255))
2023-08-18 03:36:12,852 [grpc-default-executor-4] WARN  server.GrpcServerProtocolService (LogUtils.java:warn(122)) - s1: Failed requestVote s0->s1#0: org.apache.ratis.protocol.exceptions.ServerNotReadyException: s1@group-E264CA5F8311 is not in [RUNNING]: current state is STARTING
2023-08-18 03:36:12,854 [s0@group-E264CA5F8311-LeaderElection8] INFO  impl.LeaderElection (LogUtils.java:infoOrTrace(137)) - s0@group-E264CA5F8311-LeaderElection8 got exception when requesting votes: java.util.concurrent.ExecutionException: org.apache.ratis.thirdparty.io.grpc.StatusRuntimeException: INTERNAL: s1@group-E264CA5F8311 is not in [RUNNING]: current state is STARTING
2023-08-18 03:36:12,854 [grpc-default-executor-4] INFO  server.RaftServer$Division (RaftServerImpl.java:requestVote(1344)) - s2@group-E264CA5F8311: receive requestVote(PRE_VOTE, s0, group-E264CA5F8311, 1, (t:1, i:255))
2023-08-18 03:36:12,854 [grpc-default-executor-4] WARN  server.GrpcServerProtocolService (LogUtils.java:warn(122)) - s2: Failed requestVote s0->s2#0: org.apache.ratis.protocol.exceptions.ServerNotReadyException: s2@group-E264CA5F8311 is not in [RUNNING]: current state is STARTING
2023-08-18 03:36:12,855 [s0@group-E264CA5F8311-LeaderElection8] INFO  impl.LeaderElection (LogUtils.java:infoOrTrace(137)) - s0@group-E264CA5F8311-LeaderElection8 got exception when requesting votes: java.util.concurrent.ExecutionException: org.apache.ratis.thirdparty.io.grpc.StatusRuntimeException: INTERNAL: s2@group-E264CA5F8311 is not in [RUNNING]: current state is STARTING
2023-08-18 03:36:12,856 [s0@group-E264CA5F8311-LeaderElection8] INFO  impl.LeaderElection (LeaderElection.java:logAndReturn(89)) - s0@group-E264CA5F8311-LeaderElection8: PRE_VOTE REJECTED received 0 response(s) and 2 exception(s):
2023-08-18 03:36:12,856 [s0@group-E264CA5F8311-LeaderElection8] INFO  impl.LeaderElection (LogUtils.java:infoOrTrace(137)) -   Exception 0: java.util.concurrent.ExecutionException: org.apache.ratis.thirdparty.io.grpc.StatusRuntimeException: INTERNAL: s1@group-E264CA5F8311 is not in [RUNNING]: current state is STARTING
2023-08-18 03:36:12,856 [s0@group-E264CA5F8311-LeaderElection8] INFO  impl.LeaderElection (LogUtils.java:infoOrTrace(137)) -   Exception 1: java.util.concurrent.ExecutionException: org.apache.ratis.thirdparty.io.grpc.StatusRuntimeException: INTERNAL: s2@group-E264CA5F8311 is not in [RUNNING]: current state is STARTING
2023-08-18 03:36:12,856 [s0@group-E264CA5F8311-LeaderElection8] INFO  impl.LeaderElection (LeaderElection.java:askForVotes(322)) - s0@group-E264CA5F8311-LeaderElection8 PRE_VOTE round 0: result REJECTED
2023-08-18 03:36:12,856 [s0@group-E264CA5F8311-LeaderElection8] INFO  server.RaftServer$Division (RaftServerImpl.java:setRole(371)) - s0@group-E264CA5F8311: changes role from CANDIDATE to FOLLOWER at term 1 for REJECTED
2023-08-18 03:36:12,856 [s0@group-E264CA5F8311-LeaderElection8] INFO  impl.RoleInfo (RoleInfo.java:shutdownLeaderElection(129)) - s0: shutdown s0@group-E264CA5F8311-LeaderElection8
2023-08-18 03:36:12,856 [s0@group-E264CA5F8311-LeaderElection8] INFO  impl.RoleInfo (RoleInfo.java:updateAndGet(138)) - s0: start s0@group-E264CA5F8311-FollowerState
2023-08-18 03:36:12,895 [s1-server-thread1] INFO  server.RaftServer$Division (RaftServerImpl.java:setConfigurationAsync(1238)) - s1@group-E264CA5F8311: receive setConfiguration SetConfigurationRequest:client-255CF6B0DA3F->s1@group-E264CA5F8311, cid=386, seq=0, RW, null, SET_UNCONDITIONALLY, servers:[s1|rpc:0.0.0.0:34459|dataStream:|priority:0|startupRole:FOLLOWER, s2|rpc:0.0.0.0:43137|dataStream:|priority:0|startupRole:FOLLOWER, s0|rpc:localhost:39295|admin:localhost:44843|client:localhost:40991|dataStream:localhost:40677|priority:0|startupRole:FOLLOWER], listeners:[]
2023-08-18 03:36:13,001 [s0-server-thread1] INFO  server.RaftServer$Division (RaftServerImpl.java:setConfigurationAsync(1238)) - s0@group-E264CA5F8311: receive setConfiguration SetConfigurationRequest:client-255CF6B0DA3F->s0@group-E264CA5F8311, cid=386, seq=0, RW, null, SET_UNCONDITIONALLY, servers:[s1|rpc:0.0.0.0:34459|dataStream:|priority:0|startupRole:FOLLOWER, s2|rpc:0.0.0.0:43137|dataStream:|priority:0|startupRole:FOLLOWER, s0|rpc:localhost:39295|admin:localhost:44843|client:localhost:40991|dataStream:localhost:40677|priority:0|startupRole:FOLLOWER], listeners:[]
2023-08-18 03:36:13,044 [s0@group-E264CA5F8311-FollowerState] INFO  impl.FollowerState (FollowerState.java:run(143)) - s0@group-E264CA5F8311-FollowerState: change to CANDIDATE, lastRpcElapsedTime:188276223ns, electionTimeout:188ms
2023-08-18 03:36:13,044 [s0@group-E264CA5F8311-FollowerState] INFO  impl.RoleInfo (RoleInfo.java:shutdownFollowerState(109)) - s0: shutdown s0@group-E264CA5F8311-FollowerState
2023-08-18 03:36:13,044 [s0@group-E264CA5F8311-FollowerState] INFO  server.RaftServer$Division (RaftServerImpl.java:setRole(371)) - s0@group-E264CA5F8311: changes role from  FOLLOWER to CANDIDATE at term 1 for changeToCandidate
2023-08-18 03:36:13,044 [s0@group-E264CA5F8311-FollowerState] INFO  server.RaftServerConfigKeys (ConfUtils.java:logGet(46)) - raft.server.leaderelection.pre-vote = true (default)
2023-08-18 03:36:13,044 [s0@group-E264CA5F8311-FollowerState] INFO  impl.RoleInfo (RoleInfo.java:updateAndGet(138)) - s0: start s0@group-E264CA5F8311-LeaderElection9
2023-08-18 03:36:13,045 [s0@group-E264CA5F8311-LeaderElection9] INFO  impl.LeaderElection (LeaderElection.java:askForVotes(320)) - s0@group-E264CA5F8311-LeaderElection9 PRE_VOTE round 0: submit vote requests at term 1 for 255: peers:[s0|rpc:localhost:39295|admin:localhost:44843|client:localhost:40991|dataStream:localhost:40677|priority:0|startupRole:FOLLOWER, s1|rpc:0.0.0.0:34459|dataStream:|priority:0|startupRole:FOLLOWER, s2|rpc:0.0.0.0:43137|dataStream:|priority:0|startupRole:FOLLOWER]|listeners:[], old=peers:[s0|rpc:localhost:39295|admin:localhost:44843|client:localhost:40991|dataStream:localhost:40677|priority:0|startupRole:FOLLOWER]|listeners:[]
2023-08-18 03:36:13,046 [grpc-default-executor-4] INFO  server.RaftServer$Division (RaftServerImpl.java:requestVote(1344)) - s1@group-E264CA5F8311: receive requestVote(PRE_VOTE, s0, group-E264CA5F8311, 1, (t:1, i:255))
2023-08-18 03:36:13,046 [grpc-default-executor-4] WARN  server.GrpcServerProtocolService (LogUtils.java:warn(122)) - s1: Failed requestVote s0->s1#0: org.apache.ratis.protocol.exceptions.ServerNotReadyException: s1@group-E264CA5F8311 is not in [RUNNING]: current state is STARTING
2023-08-18 03:36:13,048 [s0@group-E264CA5F8311-LeaderElection9] INFO  impl.LeaderElection (LogUtils.java:infoOrTrace(137)) - s0@group-E264CA5F8311-LeaderElection9 got exception when requesting votes: java.util.concurrent.ExecutionException: org.apache.ratis.thirdparty.io.grpc.StatusRuntimeException: INTERNAL: s1@group-E264CA5F8311 is not in [RUNNING]: current state is STARTING
2023-08-18 03:36:13,048 [grpc-default-executor-4] INFO  server.RaftServer$Division (RaftServerImpl.java:requestVote(1344)) - s2@group-E264CA5F8311: receive requestVote(PRE_VOTE, s0, group-E264CA5F8311, 1, (t:1, i:255))
2023-08-18 03:36:13,048 [grpc-default-executor-4] WARN  server.GrpcServerProtocolService (LogUtils.java:warn(122)) - s2: Failed requestVote s0->s2#0: org.apache.ratis.protocol.exceptions.ServerNotReadyException: s2@group-E264CA5F8311 is not in [RUNNING]: current state is STARTING
2023-08-18 03:36:13,049 [s0@group-E264CA5F8311-LeaderElection9] INFO  impl.LeaderElection (LogUtils.java:infoOrTrace(137)) - s0@group-E264CA5F8311-LeaderElection9 got exception when requesting votes: java.util.concurrent.ExecutionException: org.apache.ratis.thirdparty.io.grpc.StatusRuntimeException: INTERNAL: s2@group-E264CA5F8311 is not in [RUNNING]: current state is STARTING
2023-08-18 03:36:13,049 [s0@group-E264CA5F8311-LeaderElection9] INFO  impl.LeaderElection (LeaderElection.java:logAndReturn(89)) - s0@group-E264CA5F8311-LeaderElection9: PRE_VOTE REJECTED received 0 response(s) and 2 exception(s):
2023-08-18 03:36:13,049 [s0@group-E264CA5F8311-LeaderElection9] INFO  impl.LeaderElection (LogUtils.java:infoOrTrace(137)) -   Exception 0: java.util.concurrent.ExecutionException: org.apache.ratis.thirdparty.io.grpc.StatusRuntimeException: INTERNAL: s1@group-E264CA5F8311 is not in [RUNNING]: current state is STARTING
2023-08-18 03:36:13,049 [s0@group-E264CA5F8311-LeaderElection9] INFO  impl.LeaderElection (LogUtils.java:infoOrTrace(137)) -   Exception 1: java.util.concurrent.ExecutionException: org.apache.ratis.thirdparty.io.grpc.StatusRuntimeException: INTERNAL: s2@group-E264CA5F8311 is not in [RUNNING]: current state is STARTING
2023-08-18 03:36:13,049 [s0@group-E264CA5F8311-LeaderElection9] INFO  impl.LeaderElection (LeaderElection.java:askForVotes(322)) - s0@group-E264CA5F8311-LeaderElection9 PRE_VOTE round 0: result REJECTED
2023-08-18 03:36:13,049 [s0@group-E264CA5F8311-LeaderElection9] INFO  server.RaftServer$Division (RaftServerImpl.java:setRole(371)) - s0@group-E264CA5F8311: changes role from CANDIDATE to FOLLOWER at term 1 for REJECTED
2023-08-18 03:36:13,049 [s0@group-E264CA5F8311-LeaderElection9] INFO  impl.RoleInfo (RoleInfo.java:shutdownLeaderElection(129)) - s0: shutdown s0@group-E264CA5F8311-LeaderElection9
2023-08-18 03:36:13,049 [s0@group-E264CA5F8311-LeaderElection9] INFO  impl.RoleInfo (RoleInfo.java:updateAndGet(138)) - s0: start s0@group-E264CA5F8311-FollowerState
2023-08-18 03:36:13,106 [s1-server-thread1] INFO  server.RaftServer$Division (RaftServerImpl.java:setConfigurationAsync(1238)) - s1@group-E264CA5F8311: receive setConfiguration SetConfigurationRequest:client-255CF6B0DA3F->s1@group-E264CA5F8311, cid=386, seq=0, RW, null, SET_UNCONDITIONALLY, servers:[s1|rpc:0.0.0.0:34459|dataStream:|priority:0|startupRole:FOLLOWER, s2|rpc:0.0.0.0:43137|dataStream:|priority:0|startupRole:FOLLOWER, s0|rpc:localhost:39295|admin:localhost:44843|client:localhost:40991|dataStream:localhost:40677|priority:0|startupRole:FOLLOWER], listeners:[]
2023-08-18 03:36:13,217 [s0-server-thread1] INFO  server.RaftServer$Division (RaftServerImpl.java:setConfigurationAsync(1238)) - s0@group-E264CA5F8311: receive setConfiguration SetConfigurationRequest:client-255CF6B0DA3F->s0@group-E264CA5F8311, cid=386, seq=0, RW, null, SET_UNCONDITIONALLY, servers:[s1|rpc:0.0.0.0:34459|dataStream:|priority:0|startupRole:FOLLOWER, s2|rpc:0.0.0.0:43137|dataStream:|priority:0|startupRole:FOLLOWER, s0|rpc:localhost:39295|admin:localhost:44843|client:localhost:40991|dataStream:localhost:40677|priority:0|startupRole:FOLLOWER], listeners:[]
2023-08-18 03:36:13,255 [s0@group-E264CA5F8311-FollowerState] INFO  impl.FollowerState (FollowerState.java:run(143)) - s0@group-E264CA5F8311-FollowerState: change to CANDIDATE, lastRpcElapsedTime:205383588ns, electionTimeout:205ms
2023-08-18 03:36:13,255 [s0@group-E264CA5F8311-FollowerState] INFO  impl.RoleInfo (RoleInfo.java:shutdownFollowerState(109)) - s0: shutdown s0@group-E264CA5F8311-FollowerState
2023-08-18 03:36:13,255 [s0@group-E264CA5F8311-FollowerState] INFO  server.RaftServer$Division (RaftServerImpl.java:setRole(371)) - s0@group-E264CA5F8311: changes role from  FOLLOWER to CANDIDATE at term 1 for changeToCandidate
2023-08-18 03:36:13,255 [s0@group-E264CA5F8311-FollowerState] INFO  server.RaftServerConfigKeys (ConfUtils.java:logGet(46)) - raft.server.leaderelection.pre-vote = true (default)
2023-08-18 03:36:13,255 [s0@group-E264CA5F8311-FollowerState] INFO  impl.RoleInfo (RoleInfo.java:updateAndGet(138)) - s0: start s0@group-E264CA5F8311-LeaderElection10
2023-08-18 03:36:13,256 [s0@group-E264CA5F8311-LeaderElection10] INFO  impl.LeaderElection (LeaderElection.java:askForVotes(320)) - s0@group-E264CA5F8311-LeaderElection10 PRE_VOTE round 0: submit vote requests at term 1 for 255: peers:[s0|rpc:localhost:39295|admin:localhost:44843|client:localhost:40991|dataStream:localhost:40677|priority:0|startupRole:FOLLOWER, s1|rpc:0.0.0.0:34459|dataStream:|priority:0|startupRole:FOLLOWER, s2|rpc:0.0.0.0:43137|dataStream:|priority:0|startupRole:FOLLOWER]|listeners:[], old=peers:[s0|rpc:localhost:39295|admin:localhost:44843|client:localhost:40991|dataStream:localhost:40677|priority:0|startupRole:FOLLOWER]|listeners:[]
2023-08-18 03:36:13,260 [grpc-default-executor-4] INFO  server.RaftServer$Division (RaftServerImpl.java:requestVote(1344)) - s1@group-E264CA5F8311: receive requestVote(PRE_VOTE, s0, group-E264CA5F8311, 1, (t:1, i:255))
2023-08-18 03:36:13,260 [grpc-default-executor-4] WARN  server.GrpcServerProtocolService (LogUtils.java:warn(122)) - s1: Failed requestVote s0->s1#0: org.apache.ratis.protocol.exceptions.ServerNotReadyException: s1@group-E264CA5F8311 is not in [RUNNING]: current state is STARTING
2023-08-18 03:36:13,261 [grpc-default-executor-4] INFO  server.RaftServer$Division (RaftServerImpl.java:requestVote(1344)) - s2@group-E264CA5F8311: receive requestVote(PRE_VOTE, s0, group-E264CA5F8311, 1, (t:1, i:255))
2023-08-18 03:36:13,261 [grpc-default-executor-4] WARN  server.GrpcServerProtocolService (LogUtils.java:warn(122)) - s2: Failed requestVote s0->s2#0: org.apache.ratis.protocol.exceptions.ServerNotReadyException: s2@group-E264CA5F8311 is not in [RUNNING]: current state is STARTING
2023-08-18 03:36:13,262 [s0@group-E264CA5F8311-LeaderElection10] INFO  impl.LeaderElection (LogUtils.java:infoOrTrace(137)) - s0@group-E264CA5F8311-LeaderElection10 got exception when requesting votes: java.util.concurrent.ExecutionException: org.apache.ratis.thirdparty.io.grpc.StatusRuntimeException: INTERNAL: s2@group-E264CA5F8311 is not in [RUNNING]: current state is STARTING
2023-08-18 03:36:13,263 [s0@group-E264CA5F8311-LeaderElection10] INFO  impl.LeaderElection (LogUtils.java:infoOrTrace(137)) - s0@group-E264CA5F8311-LeaderElection10 got exception when requesting votes: java.util.concurrent.ExecutionException: org.apache.ratis.thirdparty.io.grpc.StatusRuntimeException: INTERNAL: s1@group-E264CA5F8311 is not in [RUNNING]: current state is STARTING
2023-08-18 03:36:13,263 [s0@group-E264CA5F8311-LeaderElection10] INFO  impl.LeaderElection (LeaderElection.java:logAndReturn(89)) - s0@group-E264CA5F8311-LeaderElection10: PRE_VOTE REJECTED received 0 response(s) and 2 exception(s):
2023-08-18 03:36:13,263 [s0@group-E264CA5F8311-LeaderElection10] INFO  impl.LeaderElection (LogUtils.java:infoOrTrace(137)) -   Exception 0: java.util.concurrent.ExecutionException: org.apache.ratis.thirdparty.io.grpc.StatusRuntimeException: INTERNAL: s2@group-E264CA5F8311 is not in [RUNNING]: current state is STARTING
2023-08-18 03:36:13,263 [s0@group-E264CA5F8311-LeaderElection10] INFO  impl.LeaderElection (LogUtils.java:infoOrTrace(137)) -   Exception 1: java.util.concurrent.ExecutionException: org.apache.ratis.thirdparty.io.grpc.StatusRuntimeException: INTERNAL: s1@group-E264CA5F8311 is not in [RUNNING]: current state is STARTING
2023-08-18 03:36:13,263 [s0@group-E264CA5F8311-LeaderElection10] INFO  impl.LeaderElection (LeaderElection.java:askForVotes(322)) - s0@group-E264CA5F8311-LeaderElection10 PRE_VOTE round 0: result REJECTED
2023-08-18 03:36:13,263 [s0@group-E264CA5F8311-LeaderElection10] INFO  server.RaftServer$Division (RaftServerImpl.java:setRole(371)) - s0@group-E264CA5F8311: changes role from CANDIDATE to FOLLOWER at term 1 for REJECTED
2023-08-18 03:36:13,263 [s0@group-E264CA5F8311-LeaderElection10] INFO  impl.RoleInfo (RoleInfo.java:shutdownLeaderElection(129)) - s0: shutdown s0@group-E264CA5F8311-LeaderElection10
2023-08-18 03:36:13,263 [s0@group-E264CA5F8311-LeaderElection10] INFO  impl.RoleInfo (RoleInfo.java:updateAndGet(138)) - s0: start s0@group-E264CA5F8311-FollowerState
2023-08-18 03:36:13,323 [s2-server-thread1] INFO  server.RaftServer$Division (RaftServerImpl.java:setConfigurationAsync(1238)) - s2@group-E264CA5F8311: receive setConfiguration SetConfigurationRequest:client-255CF6B0DA3F->s2@group-E264CA5F8311, cid=386, seq=0, RW, null, SET_UNCONDITIONALLY, servers:[s1|rpc:0.0.0.0:34459|dataStream:|priority:0|startupRole:FOLLOWER, s2|rpc:0.0.0.0:43137|dataStream:|priority:0|startupRole:FOLLOWER, s0|rpc:localhost:39295|admin:localhost:44843|client:localhost:40991|dataStream:localhost:40677|priority:0|startupRole:FOLLOWER], listeners:[]
2023-08-18 03:36:13,418 [s0@group-E264CA5F8311-FollowerState] INFO  impl.FollowerState (FollowerState.java:run(143)) - s0@group-E264CA5F8311-FollowerState: change to CANDIDATE, lastRpcElapsedTime:155325381ns, electionTimeout:155ms
2023-08-18 03:36:13,418 [s0@group-E264CA5F8311-FollowerState] INFO  impl.RoleInfo (RoleInfo.java:shutdownFollowerState(109)) - s0: shutdown s0@group-E264CA5F8311-FollowerState
2023-08-18 03:36:13,418 [s0@group-E264CA5F8311-FollowerState] INFO  server.RaftServer$Division (RaftServerImpl.java:setRole(371)) - s0@group-E264CA5F8311: changes role from  FOLLOWER to CANDIDATE at term 1 for changeToCandidate
2023-08-18 03:36:13,419 [s0@group-E264CA5F8311-FollowerState] INFO  server.RaftServerConfigKeys (ConfUtils.java:logGet(46)) - raft.server.leaderelection.pre-vote = true (default)
2023-08-18 03:36:13,419 [s0@group-E264CA5F8311-FollowerState] INFO  impl.RoleInfo (RoleInfo.java:updateAndGet(138)) - s0: start s0@group-E264CA5F8311-LeaderElection11
2023-08-18 03:36:13,419 [s0@group-E264CA5F8311-LeaderElection11] INFO  impl.LeaderElection (LeaderElection.java:askForVotes(320)) - s0@group-E264CA5F8311-LeaderElection11 PRE_VOTE round 0: submit vote requests at term 1 for 255: peers:[s0|rpc:localhost:39295|admin:localhost:44843|client:localhost:40991|dataStream:localhost:40677|priority:0|startupRole:FOLLOWER, s1|rpc:0.0.0.0:34459|dataStream:|priority:0|startupRole:FOLLOWER, s2|rpc:0.0.0.0:43137|dataStream:|priority:0|startupRole:FOLLOWER]|listeners:[], old=peers:[s0|rpc:localhost:39295|admin:localhost:44843|client:localhost:40991|dataStream:localhost:40677|priority:0|startupRole:FOLLOWER]|listeners:[]
2023-08-18 03:36:13,420 [grpc-default-executor-4] INFO  server.RaftServer$Division (RaftServerImpl.java:requestVote(1344)) - s1@group-E264CA5F8311: receive requestVote(PRE_VOTE, s0, group-E264CA5F8311, 1, (t:1, i:255))
2023-08-18 03:36:13,420 [grpc-default-executor-4] WARN  server.GrpcServerProtocolService (LogUtils.java:warn(122)) - s1: Failed requestVote s0->s1#0: org.apache.ratis.protocol.exceptions.ServerNotReadyException: s1@group-E264CA5F8311 is not in [RUNNING]: current state is STARTING
2023-08-18 03:36:13,422 [grpc-default-executor-0] INFO  server.RaftServer$Division (RaftServerImpl.java:requestVote(1344)) - s2@group-E264CA5F8311: receive requestVote(PRE_VOTE, s0, group-E264CA5F8311, 1, (t:1, i:255))
2023-08-18 03:36:13,422 [grpc-default-executor-0] WARN  server.GrpcServerProtocolService (LogUtils.java:warn(122)) - s2: Failed requestVote s0->s2#0: org.apache.ratis.protocol.exceptions.ServerNotReadyException: s2@group-E264CA5F8311 is not in [RUNNING]: current state is STARTING
2023-08-18 03:36:13,424 [s0@group-E264CA5F8311-LeaderElection11] INFO  impl.LeaderElection (LogUtils.java:infoOrTrace(137)) - s0@group-E264CA5F8311-LeaderElection11 got exception when requesting votes: java.util.concurrent.ExecutionException: org.apache.ratis.thirdparty.io.grpc.StatusRuntimeException: INTERNAL: s1@group-E264CA5F8311 is not in [RUNNING]: current state is STARTING
2023-08-18 03:36:13,424 [s0@group-E264CA5F8311-LeaderElection11] INFO  impl.LeaderElection (LogUtils.java:infoOrTrace(137)) - s0@group-E264CA5F8311-LeaderElection11 got exception when requesting votes: java.util.concurrent.ExecutionException: org.apache.ratis.thirdparty.io.grpc.StatusRuntimeException: INTERNAL: s2@group-E264CA5F8311 is not in [RUNNING]: current state is STARTING
2023-08-18 03:36:13,424 [s0@group-E264CA5F8311-LeaderElection11] INFO  impl.LeaderElection (LeaderElection.java:logAndReturn(89)) - s0@group-E264CA5F8311-LeaderElection11: PRE_VOTE REJECTED received 0 response(s) and 2 exception(s):
2023-08-18 03:36:13,424 [s0@group-E264CA5F8311-LeaderElection11] INFO  impl.LeaderElection (LogUtils.java:infoOrTrace(137)) -   Exception 0: java.util.concurrent.ExecutionException: org.apache.ratis.thirdparty.io.grpc.StatusRuntimeException: INTERNAL: s1@group-E264CA5F8311 is not in [RUNNING]: current state is STARTING
2023-08-18 03:36:13,424 [s0@group-E264CA5F8311-LeaderElection11] INFO  impl.LeaderElection (LogUtils.java:infoOrTrace(137)) -   Exception 1: java.util.concurrent.ExecutionException: org.apache.ratis.thirdparty.io.grpc.StatusRuntimeException: INTERNAL: s2@group-E264CA5F8311 is not in [RUNNING]: current state is STARTING
2023-08-18 03:36:13,424 [s0@group-E264CA5F8311-LeaderElection11] INFO  impl.LeaderElection (LeaderElection.java:askForVotes(322)) - s0@group-E264CA5F8311-LeaderElection11 PRE_VOTE round 0: result REJECTED
2023-08-18 03:36:13,424 [s0@group-E264CA5F8311-LeaderElection11] INFO  server.RaftServer$Division (RaftServerImpl.java:setRole(371)) - s0@group-E264CA5F8311: changes role from CANDIDATE to FOLLOWER at term 1 for REJECTED
2023-08-18 03:36:13,424 [s0@group-E264CA5F8311-LeaderElection11] INFO  impl.RoleInfo (RoleInfo.java:shutdownLeaderElection(129)) - s0: shutdown s0@group-E264CA5F8311-LeaderElection11
2023-08-18 03:36:13,424 [s0@group-E264CA5F8311-LeaderElection11] INFO  impl.RoleInfo (RoleInfo.java:updateAndGet(138)) - s0: start s0@group-E264CA5F8311-FollowerState
2023-08-18 03:36:13,429 [s1-server-thread1] INFO  server.RaftServer$Division (RaftServerImpl.java:setConfigurationAsync(1238)) - s1@group-E264CA5F8311: receive setConfiguration SetConfigurationRequest:client-255CF6B0DA3F->s1@group-E264CA5F8311, cid=386, seq=0, RW, null, SET_UNCONDITIONALLY, servers:[s1|rpc:0.0.0.0:34459|dataStream:|priority:0|startupRole:FOLLOWER, s2|rpc:0.0.0.0:43137|dataStream:|priority:0|startupRole:FOLLOWER, s0|rpc:localhost:39295|admin:localhost:44843|client:localhost:40991|dataStream:localhost:40677|priority:0|startupRole:FOLLOWER], listeners:[]
2023-08-18 03:36:13,534 [s2-server-thread1] INFO  server.RaftServer$Division (RaftServerImpl.java:setConfigurationAsync(1238)) - s2@group-E264CA5F8311: receive setConfiguration SetConfigurationRequest:client-255CF6B0DA3F->s2@group-E264CA5F8311, cid=386, seq=0, RW, null, SET_UNCONDITIONALLY, servers:[s1|rpc:0.0.0.0:34459|dataStream:|priority:0|startupRole:FOLLOWER, s2|rpc:0.0.0.0:43137|dataStream:|priority:0|startupRole:FOLLOWER, s0|rpc:localhost:39295|admin:localhost:44843|client:localhost:40991|dataStream:localhost:40677|priority:0|startupRole:FOLLOWER], listeners:[]
2023-08-18 03:36:13,642 [s1-server-thread1] INFO  server.RaftServer$Division (RaftServerImpl.java:setConfigurationAsync(1238)) - s1@group-E264CA5F8311: receive setConfiguration SetConfigurationRequest:client-255CF6B0DA3F->s1@group-E264CA5F8311, cid=386, seq=0, RW, null, SET_UNCONDITIONALLY, servers:[s1|rpc:0.0.0.0:34459|dataStream:|priority:0|startupRole:FOLLOWER, s2|rpc:0.0.0.0:43137|dataStream:|priority:0|startupRole:FOLLOWER, s0|rpc:localhost:39295|admin:localhost:44843|client:localhost:40991|dataStream:localhost:40677|priority:0|startupRole:FOLLOWER], listeners:[]
2023-08-18 03:36:13,653 [s0@group-E264CA5F8311-FollowerState] INFO  impl.FollowerState (FollowerState.java:run(143)) - s0@group-E264CA5F8311-FollowerState: change to CANDIDATE, lastRpcElapsedTime:229383400ns, electionTimeout:229ms
2023-08-18 03:36:13,654 [s0@group-E264CA5F8311-FollowerState] INFO  impl.RoleInfo (RoleInfo.java:shutdownFollowerState(109)) - s0: shutdown s0@group-E264CA5F8311-FollowerState
2023-08-18 03:36:13,654 [s0@group-E264CA5F8311-FollowerState] INFO  server.RaftServer$Division (RaftServerImpl.java:setRole(371)) - s0@group-E264CA5F8311: changes role from  FOLLOWER to CANDIDATE at term 1 for changeToCandidate
2023-08-18 03:36:13,654 [s0@group-E264CA5F8311-FollowerState] INFO  server.RaftServerConfigKeys (ConfUtils.java:logGet(46)) - raft.server.leaderelection.pre-vote = true (default)
2023-08-18 03:36:13,654 [s0@group-E264CA5F8311-FollowerState] INFO  impl.RoleInfo (RoleInfo.java:updateAndGet(138)) - s0: start s0@group-E264CA5F8311-LeaderElection12
2023-08-18 03:36:13,654 [s0@group-E264CA5F8311-LeaderElection12] INFO  impl.LeaderElection (LeaderElection.java:askForVotes(320)) - s0@group-E264CA5F8311-LeaderElection12 PRE_VOTE round 0: submit vote requests at term 1 for 255: peers:[s0|rpc:localhost:39295|admin:localhost:44843|client:localhost:40991|dataStream:localhost:40677|priority:0|startupRole:FOLLOWER, s1|rpc:0.0.0.0:34459|dataStream:|priority:0|startupRole:FOLLOWER, s2|rpc:0.0.0.0:43137|dataStream:|priority:0|startupRole:FOLLOWER]|listeners:[], old=peers:[s0|rpc:localhost:39295|admin:localhost:44843|client:localhost:40991|dataStream:localhost:40677|priority:0|startupRole:FOLLOWER]|listeners:[]
2023-08-18 03:36:13,655 [grpc-default-executor-0] INFO  server.RaftServer$Division (RaftServerImpl.java:requestVote(1344)) - s1@group-E264CA5F8311: receive requestVote(PRE_VOTE, s0, group-E264CA5F8311, 1, (t:1, i:255))
2023-08-18 03:36:13,655 [grpc-default-executor-0] WARN  server.GrpcServerProtocolService (LogUtils.java:warn(122)) - s1: Failed requestVote s0->s1#0: org.apache.ratis.protocol.exceptions.ServerNotReadyException: s1@group-E264CA5F8311 is not in [RUNNING]: current state is STARTING
2023-08-18 03:36:13,656 [s0@group-E264CA5F8311-LeaderElection12] INFO  impl.LeaderElection (LogUtils.java:infoOrTrace(137)) - s0@group-E264CA5F8311-LeaderElection12 got exception when requesting votes: java.util.concurrent.ExecutionException: org.apache.ratis.thirdparty.io.grpc.StatusRuntimeException: INTERNAL: s1@group-E264CA5F8311 is not in [RUNNING]: current state is STARTING
2023-08-18 03:36:13,657 [grpc-default-executor-4] INFO  server.RaftServer$Division (RaftServerImpl.java:requestVote(1344)) - s2@group-E264CA5F8311: receive requestVote(PRE_VOTE, s0, group-E264CA5F8311, 1, (t:1, i:255))
2023-08-18 03:36:13,657 [grpc-default-executor-4] WARN  server.GrpcServerProtocolService (LogUtils.java:warn(122)) - s2: Failed requestVote s0->s2#0: org.apache.ratis.protocol.exceptions.ServerNotReadyException: s2@group-E264CA5F8311 is not in [RUNNING]: current state is STARTING
2023-08-18 03:36:13,658 [s0@group-E264CA5F8311-LeaderElection12] INFO  impl.LeaderElection (LogUtils.java:infoOrTrace(137)) - s0@group-E264CA5F8311-LeaderElection12 got exception when requesting votes: java.util.concurrent.ExecutionException: org.apache.ratis.thirdparty.io.grpc.StatusRuntimeException: INTERNAL: s2@group-E264CA5F8311 is not in [RUNNING]: current state is STARTING
2023-08-18 03:36:13,658 [s0@group-E264CA5F8311-LeaderElection12] INFO  impl.LeaderElection (LeaderElection.java:logAndReturn(89)) - s0@group-E264CA5F8311-LeaderElection12: PRE_VOTE REJECTED received 0 response(s) and 2 exception(s):
2023-08-18 03:36:13,658 [s0@group-E264CA5F8311-LeaderElection12] INFO  impl.LeaderElection (LogUtils.java:infoOrTrace(137)) -   Exception 0: java.util.concurrent.ExecutionException: org.apache.ratis.thirdparty.io.grpc.StatusRuntimeException: INTERNAL: s1@group-E264CA5F8311 is not in [RUNNING]: current state is STARTING
2023-08-18 03:36:13,658 [s0@group-E264CA5F8311-LeaderElection12] INFO  impl.LeaderElection (LogUtils.java:infoOrTrace(137)) -   Exception 1: java.util.concurrent.ExecutionException: org.apache.ratis.thirdparty.io.grpc.StatusRuntimeException: INTERNAL: s2@group-E264CA5F8311 is not in [RUNNING]: current state is STARTING
2023-08-18 03:36:13,658 [s0@group-E264CA5F8311-LeaderElection12] INFO  impl.LeaderElection (LeaderElection.java:askForVotes(322)) - s0@group-E264CA5F8311-LeaderElection12 PRE_VOTE round 0: result REJECTED
2023-08-18 03:36:13,658 [s0@group-E264CA5F8311-LeaderElection12] INFO  server.RaftServer$Division (RaftServerImpl.java:setRole(371)) - s0@group-E264CA5F8311: changes role from CANDIDATE to FOLLOWER at term 1 for REJECTED
2023-08-18 03:36:13,658 [s0@group-E264CA5F8311-LeaderElection12] INFO  impl.RoleInfo (RoleInfo.java:shutdownLeaderElection(129)) - s0: shutdown s0@group-E264CA5F8311-LeaderElection12
2023-08-18 03:36:13,658 [s0@group-E264CA5F8311-LeaderElection12] INFO  impl.RoleInfo (RoleInfo.java:updateAndGet(138)) - s0: start s0@group-E264CA5F8311-FollowerState
2023-08-18 03:36:13,748 [s2-server-thread1] INFO  server.RaftServer$Division (RaftServerImpl.java:setConfigurationAsync(1238)) - s2@group-E264CA5F8311: receive setConfiguration SetConfigurationRequest:client-255CF6B0DA3F->s2@group-E264CA5F8311, cid=386, seq=0, RW, null, SET_UNCONDITIONALLY, servers:[s1|rpc:0.0.0.0:34459|dataStream:|priority:0|startupRole:FOLLOWER, s2|rpc:0.0.0.0:43137|dataStream:|priority:0|startupRole:FOLLOWER, s0|rpc:localhost:39295|admin:localhost:44843|client:localhost:40991|dataStream:localhost:40677|priority:0|startupRole:FOLLOWER], listeners:[]
2023-08-18 03:36:13,853 [s1-server-thread1] INFO  server.RaftServer$Division (RaftServerImpl.java:setConfigurationAsync(1238)) - s1@group-E264CA5F8311: receive setConfiguration SetConfigurationRequest:client-255CF6B0DA3F->s1@group-E264CA5F8311, cid=386, seq=0, RW, null, SET_UNCONDITIONALLY, servers:[s1|rpc:0.0.0.0:34459|dataStream:|priority:0|startupRole:FOLLOWER, s2|rpc:0.0.0.0:43137|dataStream:|priority:0|startupRole:FOLLOWER, s0|rpc:localhost:39295|admin:localhost:44843|client:localhost:40991|dataStream:localhost:40677|priority:0|startupRole:FOLLOWER], listeners:[]
2023-08-18 03:36:13,932 [s0@group-E264CA5F8311-FollowerState] INFO  impl.FollowerState (FollowerState.java:run(143)) - s0@group-E264CA5F8311-FollowerState: change to CANDIDATE, lastRpcElapsedTime:274313448ns, electionTimeout:274ms
2023-08-18 03:36:13,933 [s0@group-E264CA5F8311-FollowerState] INFO  impl.RoleInfo (RoleInfo.java:shutdownFollowerState(109)) - s0: shutdown s0@group-E264CA5F8311-FollowerState
2023-08-18 03:36:13,933 [s0@group-E264CA5F8311-FollowerState] INFO  server.RaftServer$Division (RaftServerImpl.java:setRole(371)) - s0@group-E264CA5F8311: changes role from  FOLLOWER to CANDIDATE at term 1 for changeToCandidate
2023-08-18 03:36:13,933 [s0@group-E264CA5F8311-FollowerState] INFO  server.RaftServerConfigKeys (ConfUtils.java:logGet(46)) - raft.server.leaderelection.pre-vote = true (default)
2023-08-18 03:36:13,933 [s0@group-E264CA5F8311-FollowerState] INFO  impl.RoleInfo (RoleInfo.java:updateAndGet(138)) - s0: start s0@group-E264CA5F8311-LeaderElection13
2023-08-18 03:36:13,933 [s0@group-E264CA5F8311-LeaderElection13] INFO  impl.LeaderElection (LeaderElection.java:askForVotes(320)) - s0@group-E264CA5F8311-LeaderElection13 PRE_VOTE round 0: submit vote requests at term 1 for 255: peers:[s0|rpc:localhost:39295|admin:localhost:44843|client:localhost:40991|dataStream:localhost:40677|priority:0|startupRole:FOLLOWER, s1|rpc:0.0.0.0:34459|dataStream:|priority:0|startupRole:FOLLOWER, s2|rpc:0.0.0.0:43137|dataStream:|priority:0|startupRole:FOLLOWER]|listeners:[], old=peers:[s0|rpc:localhost:39295|admin:localhost:44843|client:localhost:40991|dataStream:localhost:40677|priority:0|startupRole:FOLLOWER]|listeners:[]
2023-08-18 03:36:13,935 [grpc-default-executor-0] INFO  server.RaftServer$Division (RaftServerImpl.java:requestVote(1344)) - s1@group-E264CA5F8311: receive requestVote(PRE_VOTE, s0, group-E264CA5F8311, 1, (t:1, i:255))
2023-08-18 03:36:13,935 [grpc-default-executor-0] WARN  server.GrpcServerProtocolService (LogUtils.java:warn(122)) - s1: Failed requestVote s0->s1#0: org.apache.ratis.protocol.exceptions.ServerNotReadyException: s1@group-E264CA5F8311 is not in [RUNNING]: current state is STARTING
2023-08-18 03:36:13,935 [grpc-default-executor-4] INFO  server.RaftServer$Division (RaftServerImpl.java:requestVote(1344)) - s2@group-E264CA5F8311: receive requestVote(PRE_VOTE, s0, group-E264CA5F8311, 1, (t:1, i:255))
2023-08-18 03:36:13,935 [grpc-default-executor-4] WARN  server.GrpcServerProtocolService (LogUtils.java:warn(122)) - s2: Failed requestVote s0->s2#0: org.apache.ratis.protocol.exceptions.ServerNotReadyException: s2@group-E264CA5F8311 is not in [RUNNING]: current state is STARTING
2023-08-18 03:36:13,937 [s0@group-E264CA5F8311-LeaderElection13] INFO  impl.LeaderElection (LogUtils.java:infoOrTrace(137)) - s0@group-E264CA5F8311-LeaderElection13 got exception when requesting votes: java.util.concurrent.ExecutionException: org.apache.ratis.thirdparty.io.grpc.StatusRuntimeException: INTERNAL: s1@group-E264CA5F8311 is not in [RUNNING]: current state is STARTING
2023-08-18 03:36:13,937 [s0@group-E264CA5F8311-LeaderElection13] INFO  impl.LeaderElection (LogUtils.java:infoOrTrace(137)) - s0@group-E264CA5F8311-LeaderElection13 got exception when requesting votes: java.util.concurrent.ExecutionException: org.apache.ratis.thirdparty.io.grpc.StatusRuntimeException: INTERNAL: s2@group-E264CA5F8311 is not in [RUNNING]: current state is STARTING
2023-08-18 03:36:13,937 [s0@group-E264CA5F8311-LeaderElection13] INFO  impl.LeaderElection (LeaderElection.java:logAndReturn(89)) - s0@group-E264CA5F8311-LeaderElection13: PRE_VOTE REJECTED received 0 response(s) and 2 exception(s):
2023-08-18 03:36:13,937 [s0@group-E264CA5F8311-LeaderElection13] INFO  impl.LeaderElection (LogUtils.java:infoOrTrace(137)) -   Exception 0: java.util.concurrent.ExecutionException: org.apache.ratis.thirdparty.io.grpc.StatusRuntimeException: INTERNAL: s1@group-E264CA5F8311 is not in [RUNNING]: current state is STARTING
2023-08-18 03:36:13,937 [s0@group-E264CA5F8311-LeaderElection13] INFO  impl.LeaderElection (LogUtils.java:infoOrTrace(137)) -   Exception 1: java.util.concurrent.ExecutionException: org.apache.ratis.thirdparty.io.grpc.StatusRuntimeException: INTERNAL: s2@group-E264CA5F8311 is not in [RUNNING]: current state is STARTING
2023-08-18 03:36:13,937 [s0@group-E264CA5F8311-LeaderElection13] INFO  impl.LeaderElection (LeaderElection.java:askForVotes(322)) - s0@group-E264CA5F8311-LeaderElection13 PRE_VOTE round 0: result REJECTED
2023-08-18 03:36:13,937 [s0@group-E264CA5F8311-LeaderElection13] INFO  server.RaftServer$Division (RaftServerImpl.java:setRole(371)) - s0@group-E264CA5F8311: changes role from CANDIDATE to FOLLOWER at term 1 for REJECTED
2023-08-18 03:36:13,937 [s0@group-E264CA5F8311-LeaderElection13] INFO  impl.RoleInfo (RoleInfo.java:shutdownLeaderElection(129)) - s0: shutdown s0@group-E264CA5F8311-LeaderElection13
2023-08-18 03:36:13,937 [s0@group-E264CA5F8311-LeaderElection13] INFO  impl.RoleInfo (RoleInfo.java:updateAndGet(138)) - s0: start s0@group-E264CA5F8311-FollowerState
2023-08-18 03:36:13,959 [s0-server-thread1] INFO  server.RaftServer$Division (RaftServerImpl.java:setConfigurationAsync(1238)) - s0@group-E264CA5F8311: receive setConfiguration SetConfigurationRequest:client-255CF6B0DA3F->s0@group-E264CA5F8311, cid=386, seq=0, RW, null, SET_UNCONDITIONALLY, servers:[s1|rpc:0.0.0.0:34459|dataStream:|priority:0|startupRole:FOLLOWER, s2|rpc:0.0.0.0:43137|dataStream:|priority:0|startupRole:FOLLOWER, s0|rpc:localhost:39295|admin:localhost:44843|client:localhost:40991|dataStream:localhost:40677|priority:0|startupRole:FOLLOWER], listeners:[]
2023-08-18 03:36:14,064 [s1-server-thread1] INFO  server.RaftServer$Division (RaftServerImpl.java:setConfigurationAsync(1238)) - s1@group-E264CA5F8311: receive setConfiguration SetConfigurationRequest:client-255CF6B0DA3F->s1@group-E264CA5F8311, cid=386, seq=0, RW, null, SET_UNCONDITIONALLY, servers:[s1|rpc:0.0.0.0:34459|dataStream:|priority:0|startupRole:FOLLOWER, s2|rpc:0.0.0.0:43137|dataStream:|priority:0|startupRole:FOLLOWER, s0|rpc:localhost:39295|admin:localhost:44843|client:localhost:40991|dataStream:localhost:40677|priority:0|startupRole:FOLLOWER], listeners:[]
2023-08-18 03:36:14,128 [s0@group-E264CA5F8311-FollowerState] INFO  impl.FollowerState (FollowerState.java:run(143)) - s0@group-E264CA5F8311-FollowerState: change to CANDIDATE, lastRpcElapsedTime:190355707ns, electionTimeout:189ms
2023-08-18 03:36:14,128 [s0@group-E264CA5F8311-FollowerState] INFO  impl.RoleInfo (RoleInfo.java:shutdownFollowerState(109)) - s0: shutdown s0@group-E264CA5F8311-FollowerState
2023-08-18 03:36:14,128 [s0@group-E264CA5F8311-FollowerState] INFO  server.RaftServer$Division (RaftServerImpl.java:setRole(371)) - s0@group-E264CA5F8311: changes role from  FOLLOWER to CANDIDATE at term 1 for changeToCandidate
2023-08-18 03:36:14,128 [s0@group-E264CA5F8311-FollowerState] INFO  server.RaftServerConfigKeys (ConfUtils.java:logGet(46)) - raft.server.leaderelection.pre-vote = true (default)
2023-08-18 03:36:14,128 [s0@group-E264CA5F8311-FollowerState] INFO  impl.RoleInfo (RoleInfo.java:updateAndGet(138)) - s0: start s0@group-E264CA5F8311-LeaderElection14
2023-08-18 03:36:14,128 [s0@group-E264CA5F8311-LeaderElection14] INFO  impl.LeaderElection (LeaderElection.java:askForVotes(320)) - s0@group-E264CA5F8311-LeaderElection14 PRE_VOTE round 0: submit vote requests at term 1 for 255: peers:[s0|rpc:localhost:39295|admin:localhost:44843|client:localhost:40991|dataStream:localhost:40677|priority:0|startupRole:FOLLOWER, s1|rpc:0.0.0.0:34459|dataStream:|priority:0|startupRole:FOLLOWER, s2|rpc:0.0.0.0:43137|dataStream:|priority:0|startupRole:FOLLOWER]|listeners:[], old=peers:[s0|rpc:localhost:39295|admin:localhost:44843|client:localhost:40991|dataStream:localhost:40677|priority:0|startupRole:FOLLOWER]|listeners:[]
2023-08-18 03:36:14,130 [grpc-default-executor-0] INFO  server.RaftServer$Division (RaftServerImpl.java:requestVote(1344)) - s1@group-E264CA5F8311: receive requestVote(PRE_VOTE, s0, group-E264CA5F8311, 1, (t:1, i:255))
2023-08-18 03:36:14,130 [grpc-default-executor-0] WARN  server.GrpcServerProtocolService (LogUtils.java:warn(122)) - s1: Failed requestVote s0->s1#0: org.apache.ratis.protocol.exceptions.ServerNotReadyException: s1@group-E264CA5F8311 is not in [RUNNING]: current state is STARTING
2023-08-18 03:36:14,130 [grpc-default-executor-4] INFO  server.RaftServer$Division (RaftServerImpl.java:requestVote(1344)) - s2@group-E264CA5F8311: receive requestVote(PRE_VOTE, s0, group-E264CA5F8311, 1, (t:1, i:255))
2023-08-18 03:36:14,130 [grpc-default-executor-4] WARN  server.GrpcServerProtocolService (LogUtils.java:warn(122)) - s2: Failed requestVote s0->s2#0: org.apache.ratis.protocol.exceptions.ServerNotReadyException: s2@group-E264CA5F8311 is not in [RUNNING]: current state is STARTING
2023-08-18 03:36:14,131 [s0@group-E264CA5F8311-LeaderElection14] INFO  impl.LeaderElection (LogUtils.java:infoOrTrace(137)) - s0@group-E264CA5F8311-LeaderElection14 got exception when requesting votes: java.util.concurrent.ExecutionException: org.apache.ratis.thirdparty.io.grpc.StatusRuntimeException: INTERNAL: s2@group-E264CA5F8311 is not in [RUNNING]: current state is STARTING
2023-08-18 03:36:14,134 [s0@group-E264CA5F8311-LeaderElection14] INFO  impl.LeaderElection (LogUtils.java:infoOrTrace(137)) - s0@group-E264CA5F8311-LeaderElection14 got exception when requesting votes: java.util.concurrent.ExecutionException: org.apache.ratis.thirdparty.io.grpc.StatusRuntimeException: INTERNAL: s1@group-E264CA5F8311 is not in [RUNNING]: current state is STARTING
2023-08-18 03:36:14,134 [s0@group-E264CA5F8311-LeaderElection14] INFO  impl.LeaderElection (LeaderElection.java:logAndReturn(89)) - s0@group-E264CA5F8311-LeaderElection14: PRE_VOTE REJECTED received 0 response(s) and 2 exception(s):
2023-08-18 03:36:14,134 [s0@group-E264CA5F8311-LeaderElection14] INFO  impl.LeaderElection (LogUtils.java:infoOrTrace(137)) -   Exception 0: java.util.concurrent.ExecutionException: org.apache.ratis.thirdparty.io.grpc.StatusRuntimeException: INTERNAL: s2@group-E264CA5F8311 is not in [RUNNING]: current state is STARTING
2023-08-18 03:36:14,135 [s0@group-E264CA5F8311-LeaderElection14] INFO  impl.LeaderElection (LogUtils.java:infoOrTrace(137)) -   Exception 1: java.util.concurrent.ExecutionException: org.apache.ratis.thirdparty.io.grpc.StatusRuntimeException: INTERNAL: s1@group-E264CA5F8311 is not in [RUNNING]: current state is STARTING
2023-08-18 03:36:14,135 [s0@group-E264CA5F8311-LeaderElection14] INFO  impl.LeaderElection (LeaderElection.java:askForVotes(322)) - s0@group-E264CA5F8311-LeaderElection14 PRE_VOTE round 0: result REJECTED
2023-08-18 03:36:14,135 [s0@group-E264CA5F8311-LeaderElection14] INFO  server.RaftServer$Division (RaftServerImpl.java:setRole(371)) - s0@group-E264CA5F8311: changes role from CANDIDATE to FOLLOWER at term 1 for REJECTED
2023-08-18 03:36:14,135 [s0@group-E264CA5F8311-LeaderElection14] INFO  impl.RoleInfo (RoleInfo.java:shutdownLeaderElection(129)) - s0: shutdown s0@group-E264CA5F8311-LeaderElection14
2023-08-18 03:36:14,135 [s0@group-E264CA5F8311-LeaderElection14] INFO  impl.RoleInfo (RoleInfo.java:updateAndGet(138)) - s0: start s0@group-E264CA5F8311-FollowerState
2023-08-18 03:36:14,169 [s2-server-thread1] INFO  server.RaftServer$Division (RaftServerImpl.java:setConfigurationAsync(1238)) - s2@group-E264CA5F8311: receive setConfiguration SetConfigurationRequest:client-255CF6B0DA3F->s2@group-E264CA5F8311, cid=386, seq=0, RW, null, SET_UNCONDITIONALLY, servers:[s1|rpc:0.0.0.0:34459|dataStream:|priority:0|startupRole:FOLLOWER, s2|rpc:0.0.0.0:43137|dataStream:|priority:0|startupRole:FOLLOWER, s0|rpc:localhost:39295|admin:localhost:44843|client:localhost:40991|dataStream:localhost:40677|priority:0|startupRole:FOLLOWER], listeners:[]
2023-08-18 03:36:14,276 [s0-server-thread1] INFO  server.RaftServer$Division (RaftServerImpl.java:setConfigurationAsync(1238)) - s0@group-E264CA5F8311: receive setConfiguration SetConfigurationRequest:client-255CF6B0DA3F->s0@group-E264CA5F8311, cid=386, seq=0, RW, null, SET_UNCONDITIONALLY, servers:[s1|rpc:0.0.0.0:34459|dataStream:|priority:0|startupRole:FOLLOWER, s2|rpc:0.0.0.0:43137|dataStream:|priority:0|startupRole:FOLLOWER, s0|rpc:localhost:39295|admin:localhost:44843|client:localhost:40991|dataStream:localhost:40677|priority:0|startupRole:FOLLOWER], listeners:[]
2023-08-18 03:36:14,290 [s0@group-E264CA5F8311-FollowerState] INFO  impl.FollowerState (FollowerState.java:run(143)) - s0@group-E264CA5F8311-FollowerState: change to CANDIDATE, lastRpcElapsedTime:155268582ns, electionTimeout:155ms
2023-08-18 03:36:14,290 [s0@group-E264CA5F8311-FollowerState] INFO  impl.RoleInfo (RoleInfo.java:shutdownFollowerState(109)) - s0: shutdown s0@group-E264CA5F8311-FollowerState
2023-08-18 03:36:14,290 [s0@group-E264CA5F8311-FollowerState] INFO  server.RaftServer$Division (RaftServerImpl.java:setRole(371)) - s0@group-E264CA5F8311: changes role from  FOLLOWER to CANDIDATE at term 1 for changeToCandidate
2023-08-18 03:36:14,290 [s0@group-E264CA5F8311-FollowerState] INFO  server.RaftServerConfigKeys (ConfUtils.java:logGet(46)) - raft.server.leaderelection.pre-vote = true (default)
2023-08-18 03:36:14,290 [s0@group-E264CA5F8311-FollowerState] INFO  impl.RoleInfo (RoleInfo.java:updateAndGet(138)) - s0: start s0@group-E264CA5F8311-LeaderElection15
2023-08-18 03:36:14,291 [s0@group-E264CA5F8311-LeaderElection15] INFO  impl.LeaderElection (LeaderElection.java:askForVotes(320)) - s0@group-E264CA5F8311-LeaderElection15 PRE_VOTE round 0: submit vote requests at term 1 for 255: peers:[s0|rpc:localhost:39295|admin:localhost:44843|client:localhost:40991|dataStream:localhost:40677|priority:0|startupRole:FOLLOWER, s1|rpc:0.0.0.0:34459|dataStream:|priority:0|startupRole:FOLLOWER, s2|rpc:0.0.0.0:43137|dataStream:|priority:0|startupRole:FOLLOWER]|listeners:[], old=peers:[s0|rpc:localhost:39295|admin:localhost:44843|client:localhost:40991|dataStream:localhost:40677|priority:0|startupRole:FOLLOWER]|listeners:[]
2023-08-18 03:36:14,292 [grpc-default-executor-0] INFO  server.RaftServer$Division (RaftServerImpl.java:requestVote(1344)) - s1@group-E264CA5F8311: receive requestVote(PRE_VOTE, s0, group-E264CA5F8311, 1, (t:1, i:255))
2023-08-18 03:36:14,292 [grpc-default-executor-0] WARN  server.GrpcServerProtocolService (LogUtils.java:warn(122)) - s1: Failed requestVote s0->s1#0: org.apache.ratis.protocol.exceptions.ServerNotReadyException: s1@group-E264CA5F8311 is not in [RUNNING]: current state is STARTING
2023-08-18 03:36:14,292 [grpc-default-executor-4] INFO  server.RaftServer$Division (RaftServerImpl.java:requestVote(1344)) - s2@group-E264CA5F8311: receive requestVote(PRE_VOTE, s0, group-E264CA5F8311, 1, (t:1, i:255))
2023-08-18 03:36:14,292 [grpc-default-executor-4] WARN  server.GrpcServerProtocolService (LogUtils.java:warn(122)) - s2: Failed requestVote s0->s2#0: org.apache.ratis.protocol.exceptions.ServerNotReadyException: s2@group-E264CA5F8311 is not in [RUNNING]: current state is STARTING
2023-08-18 03:36:14,293 [s0@group-E264CA5F8311-LeaderElection15] INFO  impl.LeaderElection (LogUtils.java:infoOrTrace(137)) - s0@group-E264CA5F8311-LeaderElection15 got exception when requesting votes: java.util.concurrent.ExecutionException: org.apache.ratis.thirdparty.io.grpc.StatusRuntimeException: INTERNAL: s1@group-E264CA5F8311 is not in [RUNNING]: current state is STARTING
2023-08-18 03:36:14,293 [s0@group-E264CA5F8311-LeaderElection15] INFO  impl.LeaderElection (LogUtils.java:infoOrTrace(137)) - s0@group-E264CA5F8311-LeaderElection15 got exception when requesting votes: java.util.concurrent.ExecutionException: org.apache.ratis.thirdparty.io.grpc.StatusRuntimeException: INTERNAL: s2@group-E264CA5F8311 is not in [RUNNING]: current state is STARTING
2023-08-18 03:36:14,293 [s0@group-E264CA5F8311-LeaderElection15] INFO  impl.LeaderElection (LeaderElection.java:logAndReturn(89)) - s0@group-E264CA5F8311-LeaderElection15: PRE_VOTE REJECTED received 0 response(s) and 2 exception(s):
2023-08-18 03:36:14,293 [s0@group-E264CA5F8311-LeaderElection15] INFO  impl.LeaderElection (LogUtils.java:infoOrTrace(137)) -   Exception 0: java.util.concurrent.ExecutionException: org.apache.ratis.thirdparty.io.grpc.StatusRuntimeException: INTERNAL: s1@group-E264CA5F8311 is not in [RUNNING]: current state is STARTING
2023-08-18 03:36:14,293 [s0@group-E264CA5F8311-LeaderElection15] INFO  impl.LeaderElection (LogUtils.java:infoOrTrace(137)) -   Exception 1: java.util.concurrent.ExecutionException: org.apache.ratis.thirdparty.io.grpc.StatusRuntimeException: INTERNAL: s2@group-E264CA5F8311 is not in [RUNNING]: current state is STARTING
2023-08-18 03:36:14,294 [s0@group-E264CA5F8311-LeaderElection15] INFO  impl.LeaderElection (LeaderElection.java:askForVotes(322)) - s0@group-E264CA5F8311-LeaderElection15 PRE_VOTE round 0: result REJECTED
2023-08-18 03:36:14,294 [s0@group-E264CA5F8311-LeaderElection15] INFO  server.RaftServer$Division (RaftServerImpl.java:setRole(371)) - s0@group-E264CA5F8311: changes role from CANDIDATE to FOLLOWER at term 1 for REJECTED
2023-08-18 03:36:14,294 [s0@group-E264CA5F8311-LeaderElection15] INFO  impl.RoleInfo (RoleInfo.java:shutdownLeaderElection(129)) - s0: shutdown s0@group-E264CA5F8311-LeaderElection15
2023-08-18 03:36:14,294 [s0@group-E264CA5F8311-LeaderElection15] INFO  impl.RoleInfo (RoleInfo.java:updateAndGet(138)) - s0: start s0@group-E264CA5F8311-FollowerState
2023-08-18 03:36:14,381 [s2-server-thread1] INFO  server.RaftServer$Division (RaftServerImpl.java:setConfigurationAsync(1238)) - s2@group-E264CA5F8311: receive setConfiguration SetConfigurationRequest:client-255CF6B0DA3F->s2@group-E264CA5F8311, cid=386, seq=0, RW, null, SET_UNCONDITIONALLY, servers:[s1|rpc:0.0.0.0:34459|dataStream:|priority:0|startupRole:FOLLOWER, s2|rpc:0.0.0.0:43137|dataStream:|priority:0|startupRole:FOLLOWER, s0|rpc:localhost:39295|admin:localhost:44843|client:localhost:40991|dataStream:localhost:40677|priority:0|startupRole:FOLLOWER], listeners:[]
2023-08-18 03:36:14,486 [s0-server-thread1] INFO  server.RaftServer$Division (RaftServerImpl.java:setConfigurationAsync(1238)) - s0@group-E264CA5F8311: receive setConfiguration SetConfigurationRequest:client-255CF6B0DA3F->s0@group-E264CA5F8311, cid=386, seq=0, RW, null, SET_UNCONDITIONALLY, servers:[s1|rpc:0.0.0.0:34459|dataStream:|priority:0|startupRole:FOLLOWER, s2|rpc:0.0.0.0:43137|dataStream:|priority:0|startupRole:FOLLOWER, s0|rpc:localhost:39295|admin:localhost:44843|client:localhost:40991|dataStream:localhost:40677|priority:0|startupRole:FOLLOWER], listeners:[]
2023-08-18 03:36:14,492 [s0@group-E264CA5F8311-FollowerState] INFO  impl.FollowerState (FollowerState.java:run(143)) - s0@group-E264CA5F8311-FollowerState: change to CANDIDATE, lastRpcElapsedTime:197988546ns, electionTimeout:197ms
2023-08-18 03:36:14,492 [s0@group-E264CA5F8311-FollowerState] INFO  impl.RoleInfo (RoleInfo.java:shutdownFollowerState(109)) - s0: shutdown s0@group-E264CA5F8311-FollowerState
2023-08-18 03:36:14,492 [s0@group-E264CA5F8311-FollowerState] INFO  server.RaftServer$Division (RaftServerImpl.java:setRole(371)) - s0@group-E264CA5F8311: changes role from  FOLLOWER to CANDIDATE at term 1 for changeToCandidate
2023-08-18 03:36:14,492 [s0@group-E264CA5F8311-FollowerState] INFO  server.RaftServerConfigKeys (ConfUtils.java:logGet(46)) - raft.server.leaderelection.pre-vote = true (default)
2023-08-18 03:36:14,492 [s0@group-E264CA5F8311-FollowerState] INFO  impl.RoleInfo (RoleInfo.java:updateAndGet(138)) - s0: start s0@group-E264CA5F8311-LeaderElection16
2023-08-18 03:36:14,492 [s0@group-E264CA5F8311-LeaderElection16] INFO  impl.LeaderElection (LeaderElection.java:askForVotes(320)) - s0@group-E264CA5F8311-LeaderElection16 PRE_VOTE round 0: submit vote requests at term 1 for 255: peers:[s0|rpc:localhost:39295|admin:localhost:44843|client:localhost:40991|dataStream:localhost:40677|priority:0|startupRole:FOLLOWER, s1|rpc:0.0.0.0:34459|dataStream:|priority:0|startupRole:FOLLOWER, s2|rpc:0.0.0.0:43137|dataStream:|priority:0|startupRole:FOLLOWER]|listeners:[], old=peers:[s0|rpc:localhost:39295|admin:localhost:44843|client:localhost:40991|dataStream:localhost:40677|priority:0|startupRole:FOLLOWER]|listeners:[]
2023-08-18 03:36:14,493 [grpc-default-executor-0] INFO  server.RaftServer$Division (RaftServerImpl.java:requestVote(1344)) - s1@group-E264CA5F8311: receive requestVote(PRE_VOTE, s0, group-E264CA5F8311, 1, (t:1, i:255))
2023-08-18 03:36:14,493 [grpc-default-executor-0] WARN  server.GrpcServerProtocolService (LogUtils.java:warn(122)) - s1: Failed requestVote s0->s1#0: org.apache.ratis.protocol.exceptions.ServerNotReadyException: s1@group-E264CA5F8311 is not in [RUNNING]: current state is STARTING
2023-08-18 03:36:14,494 [grpc-default-executor-4] INFO  server.RaftServer$Division (RaftServerImpl.java:requestVote(1344)) - s2@group-E264CA5F8311: receive requestVote(PRE_VOTE, s0, group-E264CA5F8311, 1, (t:1, i:255))
2023-08-18 03:36:14,494 [grpc-default-executor-4] WARN  server.GrpcServerProtocolService (LogUtils.java:warn(122)) - s2: Failed requestVote s0->s2#0: org.apache.ratis.protocol.exceptions.ServerNotReadyException: s2@group-E264CA5F8311 is not in [RUNNING]: current state is STARTING
2023-08-18 03:36:14,494 [s0@group-E264CA5F8311-LeaderElection16] INFO  impl.LeaderElection (LogUtils.java:infoOrTrace(137)) - s0@group-E264CA5F8311-LeaderElection16 got exception when requesting votes: java.util.concurrent.ExecutionException: org.apache.ratis.thirdparty.io.grpc.StatusRuntimeException: INTERNAL: s1@group-E264CA5F8311 is not in [RUNNING]: current state is STARTING
2023-08-18 03:36:14,498 [s0@group-E264CA5F8311-LeaderElection16] INFO  impl.LeaderElection (LogUtils.java:infoOrTrace(137)) - s0@group-E264CA5F8311-LeaderElection16 got exception when requesting votes: java.util.concurrent.ExecutionException: org.apache.ratis.thirdparty.io.grpc.StatusRuntimeException: INTERNAL: s2@group-E264CA5F8311 is not in [RUNNING]: current state is STARTING
2023-08-18 03:36:14,498 [s0@group-E264CA5F8311-LeaderElection16] INFO  impl.LeaderElection (LeaderElection.java:logAndReturn(89)) - s0@group-E264CA5F8311-LeaderElection16: PRE_VOTE REJECTED received 0 response(s) and 2 exception(s):
2023-08-18 03:36:14,498 [s0@group-E264CA5F8311-LeaderElection16] INFO  impl.LeaderElection (LogUtils.java:infoOrTrace(137)) -   Exception 0: java.util.concurrent.ExecutionException: org.apache.ratis.thirdparty.io.grpc.StatusRuntimeException: INTERNAL: s1@group-E264CA5F8311 is not in [RUNNING]: current state is STARTING
2023-08-18 03:36:14,498 [s0@group-E264CA5F8311-LeaderElection16] INFO  impl.LeaderElection (LogUtils.java:infoOrTrace(137)) -   Exception 1: java.util.concurrent.ExecutionException: org.apache.ratis.thirdparty.io.grpc.StatusRuntimeException: INTERNAL: s2@group-E264CA5F8311 is not in [RUNNING]: current state is STARTING
2023-08-18 03:36:14,498 [s0@group-E264CA5F8311-LeaderElection16] INFO  impl.LeaderElection (LeaderElection.java:askForVotes(322)) - s0@group-E264CA5F8311-LeaderElection16 PRE_VOTE round 0: result REJECTED
2023-08-18 03:36:14,498 [s0@group-E264CA5F8311-LeaderElection16] INFO  server.RaftServer$Division (RaftServerImpl.java:setRole(371)) - s0@group-E264CA5F8311: changes role from CANDIDATE to FOLLOWER at term 1 for REJECTED
2023-08-18 03:36:14,498 [s0@group-E264CA5F8311-LeaderElection16] INFO  impl.RoleInfo (RoleInfo.java:shutdownLeaderElection(129)) - s0: shutdown s0@group-E264CA5F8311-LeaderElection16
2023-08-18 03:36:14,498 [s0@group-E264CA5F8311-LeaderElection16] INFO  impl.RoleInfo (RoleInfo.java:updateAndGet(138)) - s0: start s0@group-E264CA5F8311-FollowerState
2023-08-18 03:36:14,591 [s2-server-thread1] INFO  server.RaftServer$Division (RaftServerImpl.java:setConfigurationAsync(1238)) - s2@group-E264CA5F8311: receive setConfiguration SetConfigurationRequest:client-255CF6B0DA3F->s2@group-E264CA5F8311, cid=386, seq=0, RW, null, SET_UNCONDITIONALLY, servers:[s1|rpc:0.0.0.0:34459|dataStream:|priority:0|startupRole:FOLLOWER, s2|rpc:0.0.0.0:43137|dataStream:|priority:0|startupRole:FOLLOWER, s0|rpc:localhost:39295|admin:localhost:44843|client:localhost:40991|dataStream:localhost:40677|priority:0|startupRole:FOLLOWER], listeners:[]
2023-08-18 03:36:14,696 [s0-server-thread1] INFO  server.RaftServer$Division (RaftServerImpl.java:setConfigurationAsync(1238)) - s0@group-E264CA5F8311: receive setConfiguration SetConfigurationRequest:client-255CF6B0DA3F->s0@group-E264CA5F8311, cid=386, seq=0, RW, null, SET_UNCONDITIONALLY, servers:[s1|rpc:0.0.0.0:34459|dataStream:|priority:0|startupRole:FOLLOWER, s2|rpc:0.0.0.0:43137|dataStream:|priority:0|startupRole:FOLLOWER, s0|rpc:localhost:39295|admin:localhost:44843|client:localhost:40991|dataStream:localhost:40677|priority:0|startupRole:FOLLOWER], listeners:[]
2023-08-18 03:36:14,758 [s0@group-E264CA5F8311-FollowerState] INFO  impl.FollowerState (FollowerState.java:run(143)) - s0@group-E264CA5F8311-FollowerState: change to CANDIDATE, lastRpcElapsedTime:259382165ns, electionTimeout:259ms
2023-08-18 03:36:14,758 [s0@group-E264CA5F8311-FollowerState] INFO  impl.RoleInfo (RoleInfo.java:shutdownFollowerState(109)) - s0: shutdown s0@group-E264CA5F8311-FollowerState
2023-08-18 03:36:14,758 [s0@group-E264CA5F8311-FollowerState] INFO  server.RaftServer$Division (RaftServerImpl.java:setRole(371)) - s0@group-E264CA5F8311: changes role from  FOLLOWER to CANDIDATE at term 1 for changeToCandidate
2023-08-18 03:36:14,758 [s0@group-E264CA5F8311-FollowerState] INFO  server.RaftServerConfigKeys (ConfUtils.java:logGet(46)) - raft.server.leaderelection.pre-vote = true (default)
2023-08-18 03:36:14,758 [s0@group-E264CA5F8311-FollowerState] INFO  impl.RoleInfo (RoleInfo.java:updateAndGet(138)) - s0: start s0@group-E264CA5F8311-LeaderElection17
2023-08-18 03:36:14,758 [s0@group-E264CA5F8311-LeaderElection17] INFO  impl.LeaderElection (LeaderElection.java:askForVotes(320)) - s0@group-E264CA5F8311-LeaderElection17 PRE_VOTE round 0: submit vote requests at term 1 for 255: peers:[s0|rpc:localhost:39295|admin:localhost:44843|client:localhost:40991|dataStream:localhost:40677|priority:0|startupRole:FOLLOWER, s1|rpc:0.0.0.0:34459|dataStream:|priority:0|startupRole:FOLLOWER, s2|rpc:0.0.0.0:43137|dataStream:|priority:0|startupRole:FOLLOWER]|listeners:[], old=peers:[s0|rpc:localhost:39295|admin:localhost:44843|client:localhost:40991|dataStream:localhost:40677|priority:0|startupRole:FOLLOWER]|listeners:[]
2023-08-18 03:36:14,760 [grpc-default-executor-0] INFO  server.RaftServer$Division (RaftServerImpl.java:requestVote(1344)) - s1@group-E264CA5F8311: receive requestVote(PRE_VOTE, s0, group-E264CA5F8311, 1, (t:1, i:255))
2023-08-18 03:36:14,760 [grpc-default-executor-0] WARN  server.GrpcServerProtocolService (LogUtils.java:warn(122)) - s1: Failed requestVote s0->s1#0: org.apache.ratis.protocol.exceptions.ServerNotReadyException: s1@group-E264CA5F8311 is not in [RUNNING]: current state is STARTING
2023-08-18 03:36:14,760 [grpc-default-executor-0] INFO  server.RaftServer$Division (RaftServerImpl.java:requestVote(1344)) - s2@group-E264CA5F8311: receive requestVote(PRE_VOTE, s0, group-E264CA5F8311, 1, (t:1, i:255))
2023-08-18 03:36:14,761 [grpc-default-executor-0] WARN  server.GrpcServerProtocolService (LogUtils.java:warn(122)) - s2: Failed requestVote s0->s2#0: org.apache.ratis.protocol.exceptions.ServerNotReadyException: s2@group-E264CA5F8311 is not in [RUNNING]: current state is STARTING
2023-08-18 03:36:14,761 [s0@group-E264CA5F8311-LeaderElection17] INFO  impl.LeaderElection (LogUtils.java:infoOrTrace(137)) - s0@group-E264CA5F8311-LeaderElection17 got exception when requesting votes: java.util.concurrent.ExecutionException: org.apache.ratis.thirdparty.io.grpc.StatusRuntimeException: INTERNAL: s2@group-E264CA5F8311 is not in [RUNNING]: current state is STARTING
2023-08-18 03:36:14,761 [s0@group-E264CA5F8311-LeaderElection17] INFO  impl.LeaderElection (LogUtils.java:infoOrTrace(137)) - s0@group-E264CA5F8311-LeaderElection17 got exception when requesting votes: java.util.concurrent.ExecutionException: org.apache.ratis.thirdparty.io.grpc.StatusRuntimeException: INTERNAL: s1@group-E264CA5F8311 is not in [RUNNING]: current state is STARTING
2023-08-18 03:36:14,761 [s0@group-E264CA5F8311-LeaderElection17] INFO  impl.LeaderElection (LeaderElection.java:logAndReturn(89)) - s0@group-E264CA5F8311-LeaderElection17: PRE_VOTE REJECTED received 0 response(s) and 2 exception(s):
2023-08-18 03:36:14,761 [s0@group-E264CA5F8311-LeaderElection17] INFO  impl.LeaderElection (LogUtils.java:infoOrTrace(137)) -   Exception 0: java.util.concurrent.ExecutionException: org.apache.ratis.thirdparty.io.grpc.StatusRuntimeException: INTERNAL: s2@group-E264CA5F8311 is not in [RUNNING]: current state is STARTING
2023-08-18 03:36:14,761 [s0@group-E264CA5F8311-LeaderElection17] INFO  impl.LeaderElection (LogUtils.java:infoOrTrace(137)) -   Exception 1: java.util.concurrent.ExecutionException: org.apache.ratis.thirdparty.io.grpc.StatusRuntimeException: INTERNAL: s1@group-E264CA5F8311 is not in [RUNNING]: current state is STARTING
2023-08-18 03:36:14,761 [s0@group-E264CA5F8311-LeaderElection17] INFO  impl.LeaderElection (LeaderElection.java:askForVotes(322)) - s0@group-E264CA5F8311-LeaderElection17 PRE_VOTE round 0: result REJECTED
2023-08-18 03:36:14,761 [s0@group-E264CA5F8311-LeaderElection17] INFO  server.RaftServer$Division (RaftServerImpl.java:setRole(371)) - s0@group-E264CA5F8311: changes role from CANDIDATE to FOLLOWER at term 1 for REJECTED
2023-08-18 03:36:14,761 [s0@group-E264CA5F8311-LeaderElection17] INFO  impl.RoleInfo (RoleInfo.java:shutdownLeaderElection(129)) - s0: shutdown s0@group-E264CA5F8311-LeaderElection17
2023-08-18 03:36:14,761 [s0@group-E264CA5F8311-LeaderElection17] INFO  impl.RoleInfo (RoleInfo.java:updateAndGet(138)) - s0: start s0@group-E264CA5F8311-FollowerState
2023-08-18 03:36:14,801 [s2-server-thread1] INFO  server.RaftServer$Division (RaftServerImpl.java:setConfigurationAsync(1238)) - s2@group-E264CA5F8311: receive setConfiguration SetConfigurationRequest:client-255CF6B0DA3F->s2@group-E264CA5F8311, cid=386, seq=0, RW, null, SET_UNCONDITIONALLY, servers:[s1|rpc:0.0.0.0:34459|dataStream:|priority:0|startupRole:FOLLOWER, s2|rpc:0.0.0.0:43137|dataStream:|priority:0|startupRole:FOLLOWER, s0|rpc:localhost:39295|admin:localhost:44843|client:localhost:40991|dataStream:localhost:40677|priority:0|startupRole:FOLLOWER], listeners:[]
2023-08-18 03:36:14,906 [s1-server-thread1] INFO  server.RaftServer$Division (RaftServerImpl.java:setConfigurationAsync(1238)) - s1@group-E264CA5F8311: receive setConfiguration SetConfigurationRequest:client-255CF6B0DA3F->s1@group-E264CA5F8311, cid=386, seq=0, RW, null, SET_UNCONDITIONALLY, servers:[s1|rpc:0.0.0.0:34459|dataStream:|priority:0|startupRole:FOLLOWER, s2|rpc:0.0.0.0:43137|dataStream:|priority:0|startupRole:FOLLOWER, s0|rpc:localhost:39295|admin:localhost:44843|client:localhost:40991|dataStream:localhost:40677|priority:0|startupRole:FOLLOWER], listeners:[]
2023-08-18 03:36:14,913 [s0@group-E264CA5F8311-FollowerState] INFO  impl.FollowerState (FollowerState.java:run(143)) - s0@group-E264CA5F8311-FollowerState: change to CANDIDATE, lastRpcElapsedTime:151347612ns, electionTimeout:151ms
2023-08-18 03:36:14,913 [s0@group-E264CA5F8311-FollowerState] INFO  impl.RoleInfo (RoleInfo.java:shutdownFollowerState(109)) - s0: shutdown s0@group-E264CA5F8311-FollowerState
2023-08-18 03:36:14,913 [s0@group-E264CA5F8311-FollowerState] INFO  server.RaftServer$Division (RaftServerImpl.java:setRole(371)) - s0@group-E264CA5F8311: changes role from  FOLLOWER to CANDIDATE at term 1 for changeToCandidate
2023-08-18 03:36:14,913 [s0@group-E264CA5F8311-FollowerState] INFO  server.RaftServerConfigKeys (ConfUtils.java:logGet(46)) - raft.server.leaderelection.pre-vote = true (default)
2023-08-18 03:36:14,913 [s0@group-E264CA5F8311-FollowerState] INFO  impl.RoleInfo (RoleInfo.java:updateAndGet(138)) - s0: start s0@group-E264CA5F8311-LeaderElection18
2023-08-18 03:36:14,913 [s0@group-E264CA5F8311-LeaderElection18] INFO  impl.LeaderElection (LeaderElection.java:askForVotes(320)) - s0@group-E264CA5F8311-LeaderElection18 PRE_VOTE round 0: submit vote requests at term 1 for 255: peers:[s0|rpc:localhost:39295|admin:localhost:44843|client:localhost:40991|dataStream:localhost:40677|priority:0|startupRole:FOLLOWER, s1|rpc:0.0.0.0:34459|dataStream:|priority:0|startupRole:FOLLOWER, s2|rpc:0.0.0.0:43137|dataStream:|priority:0|startupRole:FOLLOWER]|listeners:[], old=peers:[s0|rpc:localhost:39295|admin:localhost:44843|client:localhost:40991|dataStream:localhost:40677|priority:0|startupRole:FOLLOWER]|listeners:[]
2023-08-18 03:36:14,915 [grpc-default-executor-0] INFO  server.RaftServer$Division (RaftServerImpl.java:requestVote(1344)) - s2@group-E264CA5F8311: receive requestVote(PRE_VOTE, s0, group-E264CA5F8311, 1, (t:1, i:255))
2023-08-18 03:36:14,915 [grpc-default-executor-0] WARN  server.GrpcServerProtocolService (LogUtils.java:warn(122)) - s2: Failed requestVote s0->s2#0: org.apache.ratis.protocol.exceptions.ServerNotReadyException: s2@group-E264CA5F8311 is not in [RUNNING]: current state is STARTING
2023-08-18 03:36:14,919 [grpc-default-executor-4] INFO  server.RaftServer$Division (RaftServerImpl.java:requestVote(1344)) - s1@group-E264CA5F8311: receive requestVote(PRE_VOTE, s0, group-E264CA5F8311, 1, (t:1, i:255))
2023-08-18 03:36:14,919 [grpc-default-executor-4] WARN  server.GrpcServerProtocolService (LogUtils.java:warn(122)) - s1: Failed requestVote s0->s1#0: org.apache.ratis.protocol.exceptions.ServerNotReadyException: s1@group-E264CA5F8311 is not in [RUNNING]: current state is STARTING
2023-08-18 03:36:14,919 [s0@group-E264CA5F8311-LeaderElection18] INFO  impl.LeaderElection (LogUtils.java:infoOrTrace(137)) - s0@group-E264CA5F8311-LeaderElection18 got exception when requesting votes: java.util.concurrent.ExecutionException: org.apache.ratis.thirdparty.io.grpc.StatusRuntimeException: INTERNAL: s2@group-E264CA5F8311 is not in [RUNNING]: current state is STARTING
2023-08-18 03:36:14,919 [s0@group-E264CA5F8311-LeaderElection18] INFO  impl.LeaderElection (LogUtils.java:infoOrTrace(137)) - s0@group-E264CA5F8311-LeaderElection18 got exception when requesting votes: java.util.concurrent.ExecutionException: org.apache.ratis.thirdparty.io.grpc.StatusRuntimeException: INTERNAL: s1@group-E264CA5F8311 is not in [RUNNING]: current state is STARTING
2023-08-18 03:36:14,919 [s0@group-E264CA5F8311-LeaderElection18] INFO  impl.LeaderElection (LeaderElection.java:logAndReturn(89)) - s0@group-E264CA5F8311-LeaderElection18: PRE_VOTE REJECTED received 0 response(s) and 2 exception(s):
2023-08-18 03:36:14,919 [s0@group-E264CA5F8311-LeaderElection18] INFO  impl.LeaderElection (LogUtils.java:infoOrTrace(137)) -   Exception 0: java.util.concurrent.ExecutionException: org.apache.ratis.thirdparty.io.grpc.StatusRuntimeException: INTERNAL: s2@group-E264CA5F8311 is not in [RUNNING]: current state is STARTING
2023-08-18 03:36:14,919 [s0@group-E264CA5F8311-LeaderElection18] INFO  impl.LeaderElection (LogUtils.java:infoOrTrace(137)) -   Exception 1: java.util.concurrent.ExecutionException: org.apache.ratis.thirdparty.io.grpc.StatusRuntimeException: INTERNAL: s1@group-E264CA5F8311 is not in [RUNNING]: current state is STARTING
2023-08-18 03:36:14,919 [s0@group-E264CA5F8311-LeaderElection18] INFO  impl.LeaderElection (LeaderElection.java:askForVotes(322)) - s0@group-E264CA5F8311-LeaderElection18 PRE_VOTE round 0: result REJECTED
2023-08-18 03:36:14,919 [s0@group-E264CA5F8311-LeaderElection18] INFO  server.RaftServer$Division (RaftServerImpl.java:setRole(371)) - s0@group-E264CA5F8311: changes role from CANDIDATE to FOLLOWER at term 1 for REJECTED
2023-08-18 03:36:14,919 [s0@group-E264CA5F8311-LeaderElection18] INFO  impl.RoleInfo (RoleInfo.java:shutdownLeaderElection(129)) - s0: shutdown s0@group-E264CA5F8311-LeaderElection18
2023-08-18 03:36:14,919 [s0@group-E264CA5F8311-LeaderElection18] INFO  impl.RoleInfo (RoleInfo.java:updateAndGet(138)) - s0: start s0@group-E264CA5F8311-FollowerState
2023-08-18 03:36:15,011 [s0-server-thread1] INFO  server.RaftServer$Division (RaftServerImpl.java:setConfigurationAsync(1238)) - s0@group-E264CA5F8311: receive setConfiguration SetConfigurationRequest:client-255CF6B0DA3F->s0@group-E264CA5F8311, cid=386, seq=0, RW, null, SET_UNCONDITIONALLY, servers:[s1|rpc:0.0.0.0:34459|dataStream:|priority:0|startupRole:FOLLOWER, s2|rpc:0.0.0.0:43137|dataStream:|priority:0|startupRole:FOLLOWER, s0|rpc:localhost:39295|admin:localhost:44843|client:localhost:40991|dataStream:localhost:40677|priority:0|startupRole:FOLLOWER], listeners:[]
2023-08-18 03:36:15,118 [s1-server-thread1] INFO  server.RaftServer$Division (RaftServerImpl.java:setConfigurationAsync(1238)) - s1@group-E264CA5F8311: receive setConfiguration SetConfigurationRequest:client-255CF6B0DA3F->s1@group-E264CA5F8311, cid=386, seq=0, RW, null, SET_UNCONDITIONALLY, servers:[s1|rpc:0.0.0.0:34459|dataStream:|priority:0|startupRole:FOLLOWER, s2|rpc:0.0.0.0:43137|dataStream:|priority:0|startupRole:FOLLOWER, s0|rpc:localhost:39295|admin:localhost:44843|client:localhost:40991|dataStream:localhost:40677|priority:0|startupRole:FOLLOWER], listeners:[]
2023-08-18 03:36:15,143 [s0@group-E264CA5F8311-FollowerState] INFO  impl.FollowerState (FollowerState.java:run(143)) - s0@group-E264CA5F8311-FollowerState: change to CANDIDATE, lastRpcElapsedTime:223419747ns, electionTimeout:223ms
2023-08-18 03:36:15,143 [s0@group-E264CA5F8311-FollowerState] INFO  impl.RoleInfo (RoleInfo.java:shutdownFollowerState(109)) - s0: shutdown s0@group-E264CA5F8311-FollowerState
2023-08-18 03:36:15,143 [s0@group-E264CA5F8311-FollowerState] INFO  server.RaftServer$Division (RaftServerImpl.java:setRole(371)) - s0@group-E264CA5F8311: changes role from  FOLLOWER to CANDIDATE at term 1 for changeToCandidate
2023-08-18 03:36:15,143 [s0@group-E264CA5F8311-FollowerState] INFO  server.RaftServerConfigKeys (ConfUtils.java:logGet(46)) - raft.server.leaderelection.pre-vote = true (default)
2023-08-18 03:36:15,143 [s0@group-E264CA5F8311-FollowerState] INFO  impl.RoleInfo (RoleInfo.java:updateAndGet(138)) - s0: start s0@group-E264CA5F8311-LeaderElection19
2023-08-18 03:36:15,144 [s0@group-E264CA5F8311-LeaderElection19] INFO  impl.LeaderElection (LeaderElection.java:askForVotes(320)) - s0@group-E264CA5F8311-LeaderElection19 PRE_VOTE round 0: submit vote requests at term 1 for 255: peers:[s0|rpc:localhost:39295|admin:localhost:44843|client:localhost:40991|dataStream:localhost:40677|priority:0|startupRole:FOLLOWER, s1|rpc:0.0.0.0:34459|dataStream:|priority:0|startupRole:FOLLOWER, s2|rpc:0.0.0.0:43137|dataStream:|priority:0|startupRole:FOLLOWER]|listeners:[], old=peers:[s0|rpc:localhost:39295|admin:localhost:44843|client:localhost:40991|dataStream:localhost:40677|priority:0|startupRole:FOLLOWER]|listeners:[]
2023-08-18 03:36:15,145 [grpc-default-executor-4] INFO  server.RaftServer$Division (RaftServerImpl.java:requestVote(1344)) - s1@group-E264CA5F8311: receive requestVote(PRE_VOTE, s0, group-E264CA5F8311, 1, (t:1, i:255))
2023-08-18 03:36:15,145 [grpc-default-executor-4] WARN  server.GrpcServerProtocolService (LogUtils.java:warn(122)) - s1: Failed requestVote s0->s1#0: org.apache.ratis.protocol.exceptions.ServerNotReadyException: s1@group-E264CA5F8311 is not in [RUNNING]: current state is STARTING
2023-08-18 03:36:15,146 [grpc-default-executor-4] INFO  server.RaftServer$Division (RaftServerImpl.java:requestVote(1344)) - s2@group-E264CA5F8311: receive requestVote(PRE_VOTE, s0, group-E264CA5F8311, 1, (t:1, i:255))
2023-08-18 03:36:15,146 [grpc-default-executor-4] WARN  server.GrpcServerProtocolService (LogUtils.java:warn(122)) - s2: Failed requestVote s0->s2#0: org.apache.ratis.protocol.exceptions.ServerNotReadyException: s2@group-E264CA5F8311 is not in [RUNNING]: current state is STARTING
2023-08-18 03:36:15,146 [s0@group-E264CA5F8311-LeaderElection19] INFO  impl.LeaderElection (LogUtils.java:infoOrTrace(137)) - s0@group-E264CA5F8311-LeaderElection19 got exception when requesting votes: java.util.concurrent.ExecutionException: org.apache.ratis.thirdparty.io.grpc.StatusRuntimeException: INTERNAL: s1@group-E264CA5F8311 is not in [RUNNING]: current state is STARTING
2023-08-18 03:36:15,146 [s0@group-E264CA5F8311-LeaderElection19] INFO  impl.LeaderElection (LogUtils.java:infoOrTrace(137)) - s0@group-E264CA5F8311-LeaderElection19 got exception when requesting votes: java.util.concurrent.ExecutionException: org.apache.ratis.thirdparty.io.grpc.StatusRuntimeException: INTERNAL: s2@group-E264CA5F8311 is not in [RUNNING]: current state is STARTING
2023-08-18 03:36:15,146 [s0@group-E264CA5F8311-LeaderElection19] INFO  impl.LeaderElection (LeaderElection.java:logAndReturn(89)) - s0@group-E264CA5F8311-LeaderElection19: PRE_VOTE REJECTED received 0 response(s) and 2 exception(s):
2023-08-18 03:36:15,146 [s0@group-E264CA5F8311-LeaderElection19] INFO  impl.LeaderElection (LogUtils.java:infoOrTrace(137)) -   Exception 0: java.util.concurrent.ExecutionException: org.apache.ratis.thirdparty.io.grpc.StatusRuntimeException: INTERNAL: s1@group-E264CA5F8311 is not in [RUNNING]: current state is STARTING
2023-08-18 03:36:15,146 [s0@group-E264CA5F8311-LeaderElection19] INFO  impl.LeaderElection (LogUtils.java:infoOrTrace(137)) -   Exception 1: java.util.concurrent.ExecutionException: org.apache.ratis.thirdparty.io.grpc.StatusRuntimeException: INTERNAL: s2@group-E264CA5F8311 is not in [RUNNING]: current state is STARTING
2023-08-18 03:36:15,146 [s0@group-E264CA5F8311-LeaderElection19] INFO  impl.LeaderElection (LeaderElection.java:askForVotes(322)) - s0@group-E264CA5F8311-LeaderElection19 PRE_VOTE round 0: result REJECTED
2023-08-18 03:36:15,146 [s0@group-E264CA5F8311-LeaderElection19] INFO  server.RaftServer$Division (RaftServerImpl.java:setRole(371)) - s0@group-E264CA5F8311: changes role from CANDIDATE to FOLLOWER at term 1 for REJECTED
2023-08-18 03:36:15,146 [s0@group-E264CA5F8311-LeaderElection19] INFO  impl.RoleInfo (RoleInfo.java:shutdownLeaderElection(129)) - s0: shutdown s0@group-E264CA5F8311-LeaderElection19
2023-08-18 03:36:15,146 [s0@group-E264CA5F8311-LeaderElection19] INFO  impl.RoleInfo (RoleInfo.java:updateAndGet(138)) - s0: start s0@group-E264CA5F8311-FollowerState
2023-08-18 03:36:15,224 [s2-server-thread1] INFO  server.RaftServer$Division (RaftServerImpl.java:setConfigurationAsync(1238)) - s2@group-E264CA5F8311: receive setConfiguration SetConfigurationRequest:client-255CF6B0DA3F->s2@group-E264CA5F8311, cid=386, seq=0, RW, null, SET_UNCONDITIONALLY, servers:[s1|rpc:0.0.0.0:34459|dataStream:|priority:0|startupRole:FOLLOWER, s2|rpc:0.0.0.0:43137|dataStream:|priority:0|startupRole:FOLLOWER, s0|rpc:localhost:39295|admin:localhost:44843|client:localhost:40991|dataStream:localhost:40677|priority:0|startupRole:FOLLOWER], listeners:[]
2023-08-18 03:36:15,328 [s1-server-thread1] INFO  server.RaftServer$Division (RaftServerImpl.java:setConfigurationAsync(1238)) - s1@group-E264CA5F8311: receive setConfiguration SetConfigurationRequest:client-255CF6B0DA3F->s1@group-E264CA5F8311, cid=386, seq=0, RW, null, SET_UNCONDITIONALLY, servers:[s1|rpc:0.0.0.0:34459|dataStream:|priority:0|startupRole:FOLLOWER, s2|rpc:0.0.0.0:43137|dataStream:|priority:0|startupRole:FOLLOWER, s0|rpc:localhost:39295|admin:localhost:44843|client:localhost:40991|dataStream:localhost:40677|priority:0|startupRole:FOLLOWER], listeners:[]
2023-08-18 03:36:15,379 [s0@group-E264CA5F8311-FollowerState] INFO  impl.FollowerState (FollowerState.java:run(143)) - s0@group-E264CA5F8311-FollowerState: change to CANDIDATE, lastRpcElapsedTime:232951672ns, electionTimeout:232ms
2023-08-18 03:36:15,379 [s0@group-E264CA5F8311-FollowerState] INFO  impl.RoleInfo (RoleInfo.java:shutdownFollowerState(109)) - s0: shutdown s0@group-E264CA5F8311-FollowerState
2023-08-18 03:36:15,380 [s0@group-E264CA5F8311-FollowerState] INFO  server.RaftServer$Division (RaftServerImpl.java:setRole(371)) - s0@group-E264CA5F8311: changes role from  FOLLOWER to CANDIDATE at term 1 for changeToCandidate
2023-08-18 03:36:15,380 [s0@group-E264CA5F8311-FollowerState] INFO  server.RaftServerConfigKeys (ConfUtils.java:logGet(46)) - raft.server.leaderelection.pre-vote = true (default)
2023-08-18 03:36:15,380 [s0@group-E264CA5F8311-FollowerState] INFO  impl.RoleInfo (RoleInfo.java:updateAndGet(138)) - s0: start s0@group-E264CA5F8311-LeaderElection20
2023-08-18 03:36:15,380 [s0@group-E264CA5F8311-LeaderElection20] INFO  impl.LeaderElection (LeaderElection.java:askForVotes(320)) - s0@group-E264CA5F8311-LeaderElection20 PRE_VOTE round 0: submit vote requests at term 1 for 255: peers:[s0|rpc:localhost:39295|admin:localhost:44843|client:localhost:40991|dataStream:localhost:40677|priority:0|startupRole:FOLLOWER, s1|rpc:0.0.0.0:34459|dataStream:|priority:0|startupRole:FOLLOWER, s2|rpc:0.0.0.0:43137|dataStream:|priority:0|startupRole:FOLLOWER]|listeners:[], old=peers:[s0|rpc:localhost:39295|admin:localhost:44843|client:localhost:40991|dataStream:localhost:40677|priority:0|startupRole:FOLLOWER]|listeners:[]
2023-08-18 03:36:15,381 [grpc-default-executor-4] INFO  server.RaftServer$Division (RaftServerImpl.java:requestVote(1344)) - s1@group-E264CA5F8311: receive requestVote(PRE_VOTE, s0, group-E264CA5F8311, 1, (t:1, i:255))
2023-08-18 03:36:15,381 [grpc-default-executor-4] WARN  server.GrpcServerProtocolService (LogUtils.java:warn(122)) - s1: Failed requestVote s0->s1#0: org.apache.ratis.protocol.exceptions.ServerNotReadyException: s1@group-E264CA5F8311 is not in [RUNNING]: current state is STARTING
2023-08-18 03:36:15,381 [grpc-default-executor-0] INFO  server.RaftServer$Division (RaftServerImpl.java:requestVote(1344)) - s2@group-E264CA5F8311: receive requestVote(PRE_VOTE, s0, group-E264CA5F8311, 1, (t:1, i:255))
2023-08-18 03:36:15,381 [grpc-default-executor-0] WARN  server.GrpcServerProtocolService (LogUtils.java:warn(122)) - s2: Failed requestVote s0->s2#0: org.apache.ratis.protocol.exceptions.ServerNotReadyException: s2@group-E264CA5F8311 is not in [RUNNING]: current state is STARTING
2023-08-18 03:36:15,382 [s0@group-E264CA5F8311-LeaderElection20] INFO  impl.LeaderElection (LogUtils.java:infoOrTrace(137)) - s0@group-E264CA5F8311-LeaderElection20 got exception when requesting votes: java.util.concurrent.ExecutionException: org.apache.ratis.thirdparty.io.grpc.StatusRuntimeException: INTERNAL: s1@group-E264CA5F8311 is not in [RUNNING]: current state is STARTING
2023-08-18 03:36:15,382 [s0@group-E264CA5F8311-LeaderElection20] INFO  impl.LeaderElection (LogUtils.java:infoOrTrace(137)) - s0@group-E264CA5F8311-LeaderElection20 got exception when requesting votes: java.util.concurrent.ExecutionException: org.apache.ratis.thirdparty.io.grpc.StatusRuntimeException: INTERNAL: s2@group-E264CA5F8311 is not in [RUNNING]: current state is STARTING
2023-08-18 03:36:15,382 [s0@group-E264CA5F8311-LeaderElection20] INFO  impl.LeaderElection (LeaderElection.java:logAndReturn(89)) - s0@group-E264CA5F8311-LeaderElection20: PRE_VOTE REJECTED received 0 response(s) and 2 exception(s):
2023-08-18 03:36:15,382 [s0@group-E264CA5F8311-LeaderElection20] INFO  impl.LeaderElection (LogUtils.java:infoOrTrace(137)) -   Exception 0: java.util.concurrent.ExecutionException: org.apache.ratis.thirdparty.io.grpc.StatusRuntimeException: INTERNAL: s1@group-E264CA5F8311 is not in [RUNNING]: current state is STARTING
2023-08-18 03:36:15,382 [s0@group-E264CA5F8311-LeaderElection20] INFO  impl.LeaderElection (LogUtils.java:infoOrTrace(137)) -   Exception 1: java.util.concurrent.ExecutionException: org.apache.ratis.thirdparty.io.grpc.StatusRuntimeException: INTERNAL: s2@group-E264CA5F8311 is not in [RUNNING]: current state is STARTING
2023-08-18 03:36:15,382 [s0@group-E264CA5F8311-LeaderElection20] INFO  impl.LeaderElection (LeaderElection.java:askForVotes(322)) - s0@group-E264CA5F8311-LeaderElection20 PRE_VOTE round 0: result REJECTED
2023-08-18 03:36:15,383 [s0@group-E264CA5F8311-LeaderElection20] INFO  server.RaftServer$Division (RaftServerImpl.java:setRole(371)) - s0@group-E264CA5F8311: changes role from CANDIDATE to FOLLOWER at term 1 for REJECTED
2023-08-18 03:36:15,383 [s0@group-E264CA5F8311-LeaderElection20] INFO  impl.RoleInfo (RoleInfo.java:shutdownLeaderElection(129)) - s0: shutdown s0@group-E264CA5F8311-LeaderElection20
2023-08-18 03:36:15,383 [s0@group-E264CA5F8311-LeaderElection20] INFO  impl.RoleInfo (RoleInfo.java:updateAndGet(138)) - s0: start s0@group-E264CA5F8311-FollowerState
2023-08-18 03:36:15,434 [s0-server-thread1] INFO  server.RaftServer$Division (RaftServerImpl.java:setConfigurationAsync(1238)) - s0@group-E264CA5F8311: receive setConfiguration SetConfigurationRequest:client-255CF6B0DA3F->s0@group-E264CA5F8311, cid=386, seq=0, RW, null, SET_UNCONDITIONALLY, servers:[s1|rpc:0.0.0.0:34459|dataStream:|priority:0|startupRole:FOLLOWER, s2|rpc:0.0.0.0:43137|dataStream:|priority:0|startupRole:FOLLOWER, s0|rpc:localhost:39295|admin:localhost:44843|client:localhost:40991|dataStream:localhost:40677|priority:0|startupRole:FOLLOWER], listeners:[]
2023-08-18 03:36:15,540 [s1-server-thread1] INFO  server.RaftServer$Division (RaftServerImpl.java:setConfigurationAsync(1238)) - s1@group-E264CA5F8311: receive setConfiguration SetConfigurationRequest:client-255CF6B0DA3F->s1@group-E264CA5F8311, cid=386, seq=0, RW, null, SET_UNCONDITIONALLY, servers:[s1|rpc:0.0.0.0:34459|dataStream:|priority:0|startupRole:FOLLOWER, s2|rpc:0.0.0.0:43137|dataStream:|priority:0|startupRole:FOLLOWER, s0|rpc:localhost:39295|admin:localhost:44843|client:localhost:40991|dataStream:localhost:40677|priority:0|startupRole:FOLLOWER], listeners:[]
2023-08-18 03:36:15,610 [s0@group-E264CA5F8311-FollowerState] INFO  impl.FollowerState (FollowerState.java:run(143)) - s0@group-E264CA5F8311-FollowerState: change to CANDIDATE, lastRpcElapsedTime:227431916ns, electionTimeout:227ms
2023-08-18 03:36:15,610 [s0@group-E264CA5F8311-FollowerState] INFO  impl.RoleInfo (RoleInfo.java:shutdownFollowerState(109)) - s0: shutdown s0@group-E264CA5F8311-FollowerState
2023-08-18 03:36:15,610 [s0@group-E264CA5F8311-FollowerState] INFO  server.RaftServer$Division (RaftServerImpl.java:setRole(371)) - s0@group-E264CA5F8311: changes role from  FOLLOWER to CANDIDATE at term 1 for changeToCandidate
2023-08-18 03:36:15,610 [s0@group-E264CA5F8311-FollowerState] INFO  server.RaftServerConfigKeys (ConfUtils.java:logGet(46)) - raft.server.leaderelection.pre-vote = true (default)
2023-08-18 03:36:15,610 [s0@group-E264CA5F8311-FollowerState] INFO  impl.RoleInfo (RoleInfo.java:updateAndGet(138)) - s0: start s0@group-E264CA5F8311-LeaderElection21
2023-08-18 03:36:15,614 [s0@group-E264CA5F8311-LeaderElection21] INFO  impl.LeaderElection (LeaderElection.java:askForVotes(320)) - s0@group-E264CA5F8311-LeaderElection21 PRE_VOTE round 0: submit vote requests at term 1 for 255: peers:[s0|rpc:localhost:39295|admin:localhost:44843|client:localhost:40991|dataStream:localhost:40677|priority:0|startupRole:FOLLOWER, s1|rpc:0.0.0.0:34459|dataStream:|priority:0|startupRole:FOLLOWER, s2|rpc:0.0.0.0:43137|dataStream:|priority:0|startupRole:FOLLOWER]|listeners:[], old=peers:[s0|rpc:localhost:39295|admin:localhost:44843|client:localhost:40991|dataStream:localhost:40677|priority:0|startupRole:FOLLOWER]|listeners:[]
2023-08-18 03:36:15,615 [grpc-default-executor-4] INFO  server.RaftServer$Division (RaftServerImpl.java:requestVote(1344)) - s1@group-E264CA5F8311: receive requestVote(PRE_VOTE, s0, group-E264CA5F8311, 1, (t:1, i:255))
2023-08-18 03:36:15,615 [grpc-default-executor-4] WARN  server.GrpcServerProtocolService (LogUtils.java:warn(122)) - s1: Failed requestVote s0->s1#0: org.apache.ratis.protocol.exceptions.ServerNotReadyException: s1@group-E264CA5F8311 is not in [RUNNING]: current state is STARTING
2023-08-18 03:36:15,616 [s0@group-E264CA5F8311-LeaderElection21] INFO  impl.LeaderElection (LogUtils.java:infoOrTrace(137)) - s0@group-E264CA5F8311-LeaderElection21 got exception when requesting votes: java.util.concurrent.ExecutionException: org.apache.ratis.thirdparty.io.grpc.StatusRuntimeException: INTERNAL: s1@group-E264CA5F8311 is not in [RUNNING]: current state is STARTING
2023-08-18 03:36:15,616 [grpc-default-executor-4] INFO  server.RaftServer$Division (RaftServerImpl.java:requestVote(1344)) - s2@group-E264CA5F8311: receive requestVote(PRE_VOTE, s0, group-E264CA5F8311, 1, (t:1, i:255))
2023-08-18 03:36:15,617 [grpc-default-executor-4] WARN  server.GrpcServerProtocolService (LogUtils.java:warn(122)) - s2: Failed requestVote s0->s2#0: org.apache.ratis.protocol.exceptions.ServerNotReadyException: s2@group-E264CA5F8311 is not in [RUNNING]: current state is STARTING
2023-08-18 03:36:15,617 [s0@group-E264CA5F8311-LeaderElection21] INFO  impl.LeaderElection (LogUtils.java:infoOrTrace(137)) - s0@group-E264CA5F8311-LeaderElection21 got exception when requesting votes: java.util.concurrent.ExecutionException: org.apache.ratis.thirdparty.io.grpc.StatusRuntimeException: INTERNAL: s2@group-E264CA5F8311 is not in [RUNNING]: current state is STARTING
2023-08-18 03:36:15,617 [s0@group-E264CA5F8311-LeaderElection21] INFO  impl.LeaderElection (LeaderElection.java:logAndReturn(89)) - s0@group-E264CA5F8311-LeaderElection21: PRE_VOTE REJECTED received 0 response(s) and 2 exception(s):
2023-08-18 03:36:15,617 [s0@group-E264CA5F8311-LeaderElection21] INFO  impl.LeaderElection (LogUtils.java:infoOrTrace(137)) -   Exception 0: java.util.concurrent.ExecutionException: org.apache.ratis.thirdparty.io.grpc.StatusRuntimeException: INTERNAL: s1@group-E264CA5F8311 is not in [RUNNING]: current state is STARTING
2023-08-18 03:36:15,617 [s0@group-E264CA5F8311-LeaderElection21] INFO  impl.LeaderElection (LogUtils.java:infoOrTrace(137)) -   Exception 1: java.util.concurrent.ExecutionException: org.apache.ratis.thirdparty.io.grpc.StatusRuntimeException: INTERNAL: s2@group-E264CA5F8311 is not in [RUNNING]: current state is STARTING
2023-08-18 03:36:15,618 [s0@group-E264CA5F8311-LeaderElection21] INFO  impl.LeaderElection (LeaderElection.java:askForVotes(322)) - s0@group-E264CA5F8311-LeaderElection21 PRE_VOTE round 0: result REJECTED
2023-08-18 03:36:15,618 [s0@group-E264CA5F8311-LeaderElection21] INFO  server.RaftServer$Division (RaftServerImpl.java:setRole(371)) - s0@group-E264CA5F8311: changes role from CANDIDATE to FOLLOWER at term 1 for REJECTED
2023-08-18 03:36:15,618 [s0@group-E264CA5F8311-LeaderElection21] INFO  impl.RoleInfo (RoleInfo.java:shutdownLeaderElection(129)) - s0: shutdown s0@group-E264CA5F8311-LeaderElection21
2023-08-18 03:36:15,618 [s0@group-E264CA5F8311-LeaderElection21] INFO  impl.RoleInfo (RoleInfo.java:updateAndGet(138)) - s0: start s0@group-E264CA5F8311-FollowerState
2023-08-18 03:36:15,647 [s0-server-thread1] INFO  server.RaftServer$Division (RaftServerImpl.java:setConfigurationAsync(1238)) - s0@group-E264CA5F8311: receive setConfiguration SetConfigurationRequest:client-255CF6B0DA3F->s0@group-E264CA5F8311, cid=386, seq=0, RW, null, SET_UNCONDITIONALLY, servers:[s1|rpc:0.0.0.0:34459|dataStream:|priority:0|startupRole:FOLLOWER, s2|rpc:0.0.0.0:43137|dataStream:|priority:0|startupRole:FOLLOWER, s0|rpc:localhost:39295|admin:localhost:44843|client:localhost:40991|dataStream:localhost:40677|priority:0|startupRole:FOLLOWER], listeners:[]
2023-08-18 03:36:15,752 [s1-server-thread1] INFO  server.RaftServer$Division (RaftServerImpl.java:setConfigurationAsync(1238)) - s1@group-E264CA5F8311: receive setConfiguration SetConfigurationRequest:client-255CF6B0DA3F->s1@group-E264CA5F8311, cid=386, seq=0, RW, null, SET_UNCONDITIONALLY, servers:[s1|rpc:0.0.0.0:34459|dataStream:|priority:0|startupRole:FOLLOWER, s2|rpc:0.0.0.0:43137|dataStream:|priority:0|startupRole:FOLLOWER, s0|rpc:localhost:39295|admin:localhost:44843|client:localhost:40991|dataStream:localhost:40677|priority:0|startupRole:FOLLOWER], listeners:[]
2023-08-18 03:36:15,769 [s0@group-E264CA5F8311-FollowerState] INFO  impl.FollowerState (FollowerState.java:run(143)) - s0@group-E264CA5F8311-FollowerState: change to CANDIDATE, lastRpcElapsedTime:151715710ns, electionTimeout:151ms
2023-08-18 03:36:15,769 [s0@group-E264CA5F8311-FollowerState] INFO  impl.RoleInfo (RoleInfo.java:shutdownFollowerState(109)) - s0: shutdown s0@group-E264CA5F8311-FollowerState
2023-08-18 03:36:15,770 [s0@group-E264CA5F8311-FollowerState] INFO  server.RaftServer$Division (RaftServerImpl.java:setRole(371)) - s0@group-E264CA5F8311: changes role from  FOLLOWER to CANDIDATE at term 1 for changeToCandidate
2023-08-18 03:36:15,770 [s0@group-E264CA5F8311-FollowerState] INFO  server.RaftServerConfigKeys (ConfUtils.java:logGet(46)) - raft.server.leaderelection.pre-vote = true (default)
2023-08-18 03:36:15,770 [s0@group-E264CA5F8311-FollowerState] INFO  impl.RoleInfo (RoleInfo.java:updateAndGet(138)) - s0: start s0@group-E264CA5F8311-LeaderElection22
2023-08-18 03:36:15,770 [s0@group-E264CA5F8311-LeaderElection22] INFO  impl.LeaderElection (LeaderElection.java:askForVotes(320)) - s0@group-E264CA5F8311-LeaderElection22 PRE_VOTE round 0: submit vote requests at term 1 for 255: peers:[s0|rpc:localhost:39295|admin:localhost:44843|client:localhost:40991|dataStream:localhost:40677|priority:0|startupRole:FOLLOWER, s1|rpc:0.0.0.0:34459|dataStream:|priority:0|startupRole:FOLLOWER, s2|rpc:0.0.0.0:43137|dataStream:|priority:0|startupRole:FOLLOWER]|listeners:[], old=peers:[s0|rpc:localhost:39295|admin:localhost:44843|client:localhost:40991|dataStream:localhost:40677|priority:0|startupRole:FOLLOWER]|listeners:[]
2023-08-18 03:36:15,771 [grpc-default-executor-4] INFO  server.RaftServer$Division (RaftServerImpl.java:requestVote(1344)) - s1@group-E264CA5F8311: receive requestVote(PRE_VOTE, s0, group-E264CA5F8311, 1, (t:1, i:255))
2023-08-18 03:36:15,771 [grpc-default-executor-4] WARN  server.GrpcServerProtocolService (LogUtils.java:warn(122)) - s1: Failed requestVote s0->s1#0: org.apache.ratis.protocol.exceptions.ServerNotReadyException: s1@group-E264CA5F8311 is not in [RUNNING]: current state is STARTING
2023-08-18 03:36:15,772 [grpc-default-executor-0] INFO  server.RaftServer$Division (RaftServerImpl.java:requestVote(1344)) - s2@group-E264CA5F8311: receive requestVote(PRE_VOTE, s0, group-E264CA5F8311, 1, (t:1, i:255))
2023-08-18 03:36:15,772 [grpc-default-executor-0] WARN  server.GrpcServerProtocolService (LogUtils.java:warn(122)) - s2: Failed requestVote s0->s2#0: org.apache.ratis.protocol.exceptions.ServerNotReadyException: s2@group-E264CA5F8311 is not in [RUNNING]: current state is STARTING
2023-08-18 03:36:15,772 [s0@group-E264CA5F8311-LeaderElection22] INFO  impl.LeaderElection (LogUtils.java:infoOrTrace(137)) - s0@group-E264CA5F8311-LeaderElection22 got exception when requesting votes: java.util.concurrent.ExecutionException: org.apache.ratis.thirdparty.io.grpc.StatusRuntimeException: INTERNAL: s1@group-E264CA5F8311 is not in [RUNNING]: current state is STARTING
2023-08-18 03:36:15,775 [s0@group-E264CA5F8311-LeaderElection22] INFO  impl.LeaderElection (LogUtils.java:infoOrTrace(137)) - s0@group-E264CA5F8311-LeaderElection22 got exception when requesting votes: java.util.concurrent.ExecutionException: org.apache.ratis.thirdparty.io.grpc.StatusRuntimeException: INTERNAL: s2@group-E264CA5F8311 is not in [RUNNING]: current state is STARTING
2023-08-18 03:36:15,775 [s0@group-E264CA5F8311-LeaderElection22] INFO  impl.LeaderElection (LeaderElection.java:logAndReturn(89)) - s0@group-E264CA5F8311-LeaderElection22: PRE_VOTE REJECTED received 0 response(s) and 2 exception(s):
2023-08-18 03:36:15,775 [s0@group-E264CA5F8311-LeaderElection22] INFO  impl.LeaderElection (LogUtils.java:infoOrTrace(137)) -   Exception 0: java.util.concurrent.ExecutionException: org.apache.ratis.thirdparty.io.grpc.StatusRuntimeException: INTERNAL: s1@group-E264CA5F8311 is not in [RUNNING]: current state is STARTING
2023-08-18 03:36:15,775 [s0@group-E264CA5F8311-LeaderElection22] INFO  impl.LeaderElection (LogUtils.java:infoOrTrace(137)) -   Exception 1: java.util.concurrent.ExecutionException: org.apache.ratis.thirdparty.io.grpc.StatusRuntimeException: INTERNAL: s2@group-E264CA5F8311 is not in [RUNNING]: current state is STARTING
2023-08-18 03:36:15,775 [s0@group-E264CA5F8311-LeaderElection22] INFO  impl.LeaderElection (LeaderElection.java:askForVotes(322)) - s0@group-E264CA5F8311-LeaderElection22 PRE_VOTE round 0: result REJECTED
2023-08-18 03:36:15,775 [s0@group-E264CA5F8311-LeaderElection22] INFO  server.RaftServer$Division (RaftServerImpl.java:setRole(371)) - s0@group-E264CA5F8311: changes role from CANDIDATE to FOLLOWER at term 1 for REJECTED
2023-08-18 03:36:15,775 [s0@group-E264CA5F8311-LeaderElection22] INFO  impl.RoleInfo (RoleInfo.java:shutdownLeaderElection(129)) - s0: shutdown s0@group-E264CA5F8311-LeaderElection22
2023-08-18 03:36:15,775 [s0@group-E264CA5F8311-LeaderElection22] INFO  impl.RoleInfo (RoleInfo.java:updateAndGet(138)) - s0: start s0@group-E264CA5F8311-FollowerState
2023-08-18 03:36:15,857 [s2-server-thread1] INFO  server.RaftServer$Division (RaftServerImpl.java:setConfigurationAsync(1238)) - s2@group-E264CA5F8311: receive setConfiguration SetConfigurationRequest:client-255CF6B0DA3F->s2@group-E264CA5F8311, cid=386, seq=0, RW, null, SET_UNCONDITIONALLY, servers:[s1|rpc:0.0.0.0:34459|dataStream:|priority:0|startupRole:FOLLOWER, s2|rpc:0.0.0.0:43137|dataStream:|priority:0|startupRole:FOLLOWER, s0|rpc:localhost:39295|admin:localhost:44843|client:localhost:40991|dataStream:localhost:40677|priority:0|startupRole:FOLLOWER], listeners:[]
2023-08-18 03:36:15,962 [s1-server-thread1] INFO  server.RaftServer$Division (RaftServerImpl.java:setConfigurationAsync(1238)) - s1@group-E264CA5F8311: receive setConfiguration SetConfigurationRequest:client-255CF6B0DA3F->s1@group-E264CA5F8311, cid=386, seq=0, RW, null, SET_UNCONDITIONALLY, servers:[s1|rpc:0.0.0.0:34459|dataStream:|priority:0|startupRole:FOLLOWER, s2|rpc:0.0.0.0:43137|dataStream:|priority:0|startupRole:FOLLOWER, s0|rpc:localhost:39295|admin:localhost:44843|client:localhost:40991|dataStream:localhost:40677|priority:0|startupRole:FOLLOWER], listeners:[]
2023-08-18 03:36:16,014 [s0@group-E264CA5F8311-FollowerState] INFO  impl.FollowerState (FollowerState.java:run(143)) - s0@group-E264CA5F8311-FollowerState: change to CANDIDATE, lastRpcElapsedTime:238389830ns, electionTimeout:238ms
2023-08-18 03:36:16,014 [s0@group-E264CA5F8311-FollowerState] INFO  impl.RoleInfo (RoleInfo.java:shutdownFollowerState(109)) - s0: shutdown s0@group-E264CA5F8311-FollowerState
2023-08-18 03:36:16,014 [s0@group-E264CA5F8311-FollowerState] INFO  server.RaftServer$Division (RaftServerImpl.java:setRole(371)) - s0@group-E264CA5F8311: changes role from  FOLLOWER to CANDIDATE at term 1 for changeToCandidate
2023-08-18 03:36:16,014 [s0@group-E264CA5F8311-FollowerState] INFO  server.RaftServerConfigKeys (ConfUtils.java:logGet(46)) - raft.server.leaderelection.pre-vote = true (default)
2023-08-18 03:36:16,014 [s0@group-E264CA5F8311-FollowerState] INFO  impl.RoleInfo (RoleInfo.java:updateAndGet(138)) - s0: start s0@group-E264CA5F8311-LeaderElection23
2023-08-18 03:36:16,014 [s0@group-E264CA5F8311-LeaderElection23] INFO  impl.LeaderElection (LeaderElection.java:askForVotes(320)) - s0@group-E264CA5F8311-LeaderElection23 PRE_VOTE round 0: submit vote requests at term 1 for 255: peers:[s0|rpc:localhost:39295|admin:localhost:44843|client:localhost:40991|dataStream:localhost:40677|priority:0|startupRole:FOLLOWER, s1|rpc:0.0.0.0:34459|dataStream:|priority:0|startupRole:FOLLOWER, s2|rpc:0.0.0.0:43137|dataStream:|priority:0|startupRole:FOLLOWER]|listeners:[], old=peers:[s0|rpc:localhost:39295|admin:localhost:44843|client:localhost:40991|dataStream:localhost:40677|priority:0|startupRole:FOLLOWER]|listeners:[]
2023-08-18 03:36:16,016 [grpc-default-executor-0] INFO  server.RaftServer$Division (RaftServerImpl.java:requestVote(1344)) - s2@group-E264CA5F8311: receive requestVote(PRE_VOTE, s0, group-E264CA5F8311, 1, (t:1, i:255))
2023-08-18 03:36:16,016 [grpc-default-executor-4] INFO  server.RaftServer$Division (RaftServerImpl.java:requestVote(1344)) - s1@group-E264CA5F8311: receive requestVote(PRE_VOTE, s0, group-E264CA5F8311, 1, (t:1, i:255))
2023-08-18 03:36:16,016 [grpc-default-executor-0] WARN  server.GrpcServerProtocolService (LogUtils.java:warn(122)) - s2: Failed requestVote s0->s2#0: org.apache.ratis.protocol.exceptions.ServerNotReadyException: s2@group-E264CA5F8311 is not in [RUNNING]: current state is STARTING
2023-08-18 03:36:16,016 [grpc-default-executor-4] WARN  server.GrpcServerProtocolService (LogUtils.java:warn(122)) - s1: Failed requestVote s0->s1#0: org.apache.ratis.protocol.exceptions.ServerNotReadyException: s1@group-E264CA5F8311 is not in [RUNNING]: current state is STARTING
2023-08-18 03:36:16,017 [s0@group-E264CA5F8311-LeaderElection23] INFO  impl.LeaderElection (LogUtils.java:infoOrTrace(137)) - s0@group-E264CA5F8311-LeaderElection23 got exception when requesting votes: java.util.concurrent.ExecutionException: org.apache.ratis.thirdparty.io.grpc.StatusRuntimeException: INTERNAL: s1@group-E264CA5F8311 is not in [RUNNING]: current state is STARTING
2023-08-18 03:36:16,017 [s0@group-E264CA5F8311-LeaderElection23] INFO  impl.LeaderElection (LogUtils.java:infoOrTrace(137)) - s0@group-E264CA5F8311-LeaderElection23 got exception when requesting votes: java.util.concurrent.ExecutionException: org.apache.ratis.thirdparty.io.grpc.StatusRuntimeException: INTERNAL: s2@group-E264CA5F8311 is not in [RUNNING]: current state is STARTING
2023-08-18 03:36:16,017 [s0@group-E264CA5F8311-LeaderElection23] INFO  impl.LeaderElection (LeaderElection.java:logAndReturn(89)) - s0@group-E264CA5F8311-LeaderElection23: PRE_VOTE REJECTED received 0 response(s) and 2 exception(s):
2023-08-18 03:36:16,017 [s0@group-E264CA5F8311-LeaderElection23] INFO  impl.LeaderElection (LogUtils.java:infoOrTrace(137)) -   Exception 0: java.util.concurrent.ExecutionException: org.apache.ratis.thirdparty.io.grpc.StatusRuntimeException: INTERNAL: s1@group-E264CA5F8311 is not in [RUNNING]: current state is STARTING
2023-08-18 03:36:16,017 [s0@group-E264CA5F8311-LeaderElection23] INFO  impl.LeaderElection (LogUtils.java:infoOrTrace(137)) -   Exception 1: java.util.concurrent.ExecutionException: org.apache.ratis.thirdparty.io.grpc.StatusRuntimeException: INTERNAL: s2@group-E264CA5F8311 is not in [RUNNING]: current state is STARTING
2023-08-18 03:36:16,017 [s0@group-E264CA5F8311-LeaderElection23] INFO  impl.LeaderElection (LeaderElection.java:askForVotes(322)) - s0@group-E264CA5F8311-LeaderElection23 PRE_VOTE round 0: result REJECTED
2023-08-18 03:36:16,018 [s0@group-E264CA5F8311-LeaderElection23] INFO  server.RaftServer$Division (RaftServerImpl.java:setRole(371)) - s0@group-E264CA5F8311: changes role from CANDIDATE to FOLLOWER at term 1 for REJECTED
2023-08-18 03:36:16,018 [s0@group-E264CA5F8311-LeaderElection23] INFO  impl.RoleInfo (RoleInfo.java:shutdownLeaderElection(129)) - s0: shutdown s0@group-E264CA5F8311-LeaderElection23
2023-08-18 03:36:16,018 [s0@group-E264CA5F8311-LeaderElection23] INFO  impl.RoleInfo (RoleInfo.java:updateAndGet(138)) - s0: start s0@group-E264CA5F8311-FollowerState
2023-08-18 03:36:16,068 [s0-server-thread1] INFO  server.RaftServer$Division (RaftServerImpl.java:setConfigurationAsync(1238)) - s0@group-E264CA5F8311: receive setConfiguration SetConfigurationRequest:client-255CF6B0DA3F->s0@group-E264CA5F8311, cid=386, seq=0, RW, null, SET_UNCONDITIONALLY, servers:[s1|rpc:0.0.0.0:34459|dataStream:|priority:0|startupRole:FOLLOWER, s2|rpc:0.0.0.0:43137|dataStream:|priority:0|startupRole:FOLLOWER, s0|rpc:localhost:39295|admin:localhost:44843|client:localhost:40991|dataStream:localhost:40677|priority:0|startupRole:FOLLOWER], listeners:[]
2023-08-18 03:36:16,173 [s1-server-thread1] INFO  server.RaftServer$Division (RaftServerImpl.java:setConfigurationAsync(1238)) - s1@group-E264CA5F8311: receive setConfiguration SetConfigurationRequest:client-255CF6B0DA3F->s1@group-E264CA5F8311, cid=386, seq=0, RW, null, SET_UNCONDITIONALLY, servers:[s1|rpc:0.0.0.0:34459|dataStream:|priority:0|startupRole:FOLLOWER, s2|rpc:0.0.0.0:43137|dataStream:|priority:0|startupRole:FOLLOWER, s0|rpc:localhost:39295|admin:localhost:44843|client:localhost:40991|dataStream:localhost:40677|priority:0|startupRole:FOLLOWER], listeners:[]
2023-08-18 03:36:16,191 [s0@group-E264CA5F8311-FollowerState] INFO  impl.FollowerState (FollowerState.java:run(143)) - s0@group-E264CA5F8311-FollowerState: change to CANDIDATE, lastRpcElapsedTime:173712237ns, electionTimeout:173ms
2023-08-18 03:36:16,191 [s0@group-E264CA5F8311-FollowerState] INFO  impl.RoleInfo (RoleInfo.java:shutdownFollowerState(109)) - s0: shutdown s0@group-E264CA5F8311-FollowerState
2023-08-18 03:36:16,191 [s0@group-E264CA5F8311-FollowerState] INFO  server.RaftServer$Division (RaftServerImpl.java:setRole(371)) - s0@group-E264CA5F8311: changes role from  FOLLOWER to CANDIDATE at term 1 for changeToCandidate
2023-08-18 03:36:16,192 [s0@group-E264CA5F8311-FollowerState] INFO  server.RaftServerConfigKeys (ConfUtils.java:logGet(46)) - raft.server.leaderelection.pre-vote = true (default)
2023-08-18 03:36:16,192 [s0@group-E264CA5F8311-FollowerState] INFO  impl.RoleInfo (RoleInfo.java:updateAndGet(138)) - s0: start s0@group-E264CA5F8311-LeaderElection24
2023-08-18 03:36:16,192 [s0@group-E264CA5F8311-LeaderElection24] INFO  impl.LeaderElection (LeaderElection.java:askForVotes(320)) - s0@group-E264CA5F8311-LeaderElection24 PRE_VOTE round 0: submit vote requests at term 1 for 255: peers:[s0|rpc:localhost:39295|admin:localhost:44843|client:localhost:40991|dataStream:localhost:40677|priority:0|startupRole:FOLLOWER, s1|rpc:0.0.0.0:34459|dataStream:|priority:0|startupRole:FOLLOWER, s2|rpc:0.0.0.0:43137|dataStream:|priority:0|startupRole:FOLLOWER]|listeners:[], old=peers:[s0|rpc:localhost:39295|admin:localhost:44843|client:localhost:40991|dataStream:localhost:40677|priority:0|startupRole:FOLLOWER]|listeners:[]
2023-08-18 03:36:16,193 [grpc-default-executor-4] INFO  server.RaftServer$Division (RaftServerImpl.java:requestVote(1344)) - s1@group-E264CA5F8311: receive requestVote(PRE_VOTE, s0, group-E264CA5F8311, 1, (t:1, i:255))
2023-08-18 03:36:16,193 [grpc-default-executor-4] WARN  server.GrpcServerProtocolService (LogUtils.java:warn(122)) - s1: Failed requestVote s0->s1#0: org.apache.ratis.protocol.exceptions.ServerNotReadyException: s1@group-E264CA5F8311 is not in [RUNNING]: current state is STARTING
2023-08-18 03:36:16,194 [s0@group-E264CA5F8311-LeaderElection24] INFO  impl.LeaderElection (LogUtils.java:infoOrTrace(137)) - s0@group-E264CA5F8311-LeaderElection24 got exception when requesting votes: java.util.concurrent.ExecutionException: org.apache.ratis.thirdparty.io.grpc.StatusRuntimeException: INTERNAL: s1@group-E264CA5F8311 is not in [RUNNING]: current state is STARTING
2023-08-18 03:36:16,194 [grpc-default-executor-4] INFO  server.RaftServer$Division (RaftServerImpl.java:requestVote(1344)) - s2@group-E264CA5F8311: receive requestVote(PRE_VOTE, s0, group-E264CA5F8311, 1, (t:1, i:255))
2023-08-18 03:36:16,194 [grpc-default-executor-4] WARN  server.GrpcServerProtocolService (LogUtils.java:warn(122)) - s2: Failed requestVote s0->s2#0: org.apache.ratis.protocol.exceptions.ServerNotReadyException: s2@group-E264CA5F8311 is not in [RUNNING]: current state is STARTING
2023-08-18 03:36:16,194 [s0@group-E264CA5F8311-LeaderElection24] INFO  impl.LeaderElection (LogUtils.java:infoOrTrace(137)) - s0@group-E264CA5F8311-LeaderElection24 got exception when requesting votes: java.util.concurrent.ExecutionException: org.apache.ratis.thirdparty.io.grpc.StatusRuntimeException: INTERNAL: s2@group-E264CA5F8311 is not in [RUNNING]: current state is STARTING
2023-08-18 03:36:16,194 [s0@group-E264CA5F8311-LeaderElection24] INFO  impl.LeaderElection (LeaderElection.java:logAndReturn(89)) - s0@group-E264CA5F8311-LeaderElection24: PRE_VOTE REJECTED received 0 response(s) and 2 exception(s):
2023-08-18 03:36:16,194 [s0@group-E264CA5F8311-LeaderElection24] INFO  impl.LeaderElection (LogUtils.java:infoOrTrace(137)) -   Exception 0: java.util.concurrent.ExecutionException: org.apache.ratis.thirdparty.io.grpc.StatusRuntimeException: INTERNAL: s1@group-E264CA5F8311 is not in [RUNNING]: current state is STARTING
2023-08-18 03:36:16,194 [s0@group-E264CA5F8311-LeaderElection24] INFO  impl.LeaderElection (LogUtils.java:infoOrTrace(137)) -   Exception 1: java.util.concurrent.ExecutionException: org.apache.ratis.thirdparty.io.grpc.StatusRuntimeException: INTERNAL: s2@group-E264CA5F8311 is not in [RUNNING]: current state is STARTING
2023-08-18 03:36:16,194 [s0@group-E264CA5F8311-LeaderElection24] INFO  impl.LeaderElection (LeaderElection.java:askForVotes(322)) - s0@group-E264CA5F8311-LeaderElection24 PRE_VOTE round 0: result REJECTED
2023-08-18 03:36:16,194 [s0@group-E264CA5F8311-LeaderElection24] INFO  server.RaftServer$Division (RaftServerImpl.java:setRole(371)) - s0@group-E264CA5F8311: changes role from CANDIDATE to FOLLOWER at term 1 for REJECTED
2023-08-18 03:36:16,194 [s0@group-E264CA5F8311-LeaderElection24] INFO  impl.RoleInfo (RoleInfo.java:shutdownLeaderElection(129)) - s0: shutdown s0@group-E264CA5F8311-LeaderElection24
2023-08-18 03:36:16,195 [s0@group-E264CA5F8311-LeaderElection24] INFO  impl.RoleInfo (RoleInfo.java:updateAndGet(138)) - s0: start s0@group-E264CA5F8311-FollowerState
2023-08-18 03:36:16,279 [s0-server-thread1] INFO  server.RaftServer$Division (RaftServerImpl.java:setConfigurationAsync(1238)) - s0@group-E264CA5F8311: receive setConfiguration SetConfigurationRequest:client-255CF6B0DA3F->s0@group-E264CA5F8311, cid=386, seq=0, RW, null, SET_UNCONDITIONALLY, servers:[s1|rpc:0.0.0.0:34459|dataStream:|priority:0|startupRole:FOLLOWER, s2|rpc:0.0.0.0:43137|dataStream:|priority:0|startupRole:FOLLOWER, s0|rpc:localhost:39295|admin:localhost:44843|client:localhost:40991|dataStream:localhost:40677|priority:0|startupRole:FOLLOWER], listeners:[]
2023-08-18 03:36:16,384 [s1-server-thread1] INFO  server.RaftServer$Division (RaftServerImpl.java:setConfigurationAsync(1238)) - s1@group-E264CA5F8311: receive setConfiguration SetConfigurationRequest:client-255CF6B0DA3F->s1@group-E264CA5F8311, cid=386, seq=0, RW, null, SET_UNCONDITIONALLY, servers:[s1|rpc:0.0.0.0:34459|dataStream:|priority:0|startupRole:FOLLOWER, s2|rpc:0.0.0.0:43137|dataStream:|priority:0|startupRole:FOLLOWER, s0|rpc:localhost:39295|admin:localhost:44843|client:localhost:40991|dataStream:localhost:40677|priority:0|startupRole:FOLLOWER], listeners:[]
2023-08-18 03:36:16,405 [s0@group-E264CA5F8311-FollowerState] INFO  impl.FollowerState (FollowerState.java:run(143)) - s0@group-E264CA5F8311-FollowerState: change to CANDIDATE, lastRpcElapsedTime:210370949ns, electionTimeout:210ms
2023-08-18 03:36:16,405 [s0@group-E264CA5F8311-FollowerState] INFO  impl.RoleInfo (RoleInfo.java:shutdownFollowerState(109)) - s0: shutdown s0@group-E264CA5F8311-FollowerState
2023-08-18 03:36:16,405 [s0@group-E264CA5F8311-FollowerState] INFO  server.RaftServer$Division (RaftServerImpl.java:setRole(371)) - s0@group-E264CA5F8311: changes role from  FOLLOWER to CANDIDATE at term 1 for changeToCandidate
2023-08-18 03:36:16,405 [s0@group-E264CA5F8311-FollowerState] INFO  server.RaftServerConfigKeys (ConfUtils.java:logGet(46)) - raft.server.leaderelection.pre-vote = true (default)
2023-08-18 03:36:16,405 [s0@group-E264CA5F8311-FollowerState] INFO  impl.RoleInfo (RoleInfo.java:updateAndGet(138)) - s0: start s0@group-E264CA5F8311-LeaderElection25
2023-08-18 03:36:16,406 [s0@group-E264CA5F8311-LeaderElection25] INFO  impl.LeaderElection (LeaderElection.java:askForVotes(320)) - s0@group-E264CA5F8311-LeaderElection25 PRE_VOTE round 0: submit vote requests at term 1 for 255: peers:[s0|rpc:localhost:39295|admin:localhost:44843|client:localhost:40991|dataStream:localhost:40677|priority:0|startupRole:FOLLOWER, s1|rpc:0.0.0.0:34459|dataStream:|priority:0|startupRole:FOLLOWER, s2|rpc:0.0.0.0:43137|dataStream:|priority:0|startupRole:FOLLOWER]|listeners:[], old=peers:[s0|rpc:localhost:39295|admin:localhost:44843|client:localhost:40991|dataStream:localhost:40677|priority:0|startupRole:FOLLOWER]|listeners:[]
2023-08-18 03:36:16,407 [grpc-default-executor-4] INFO  server.RaftServer$Division (RaftServerImpl.java:requestVote(1344)) - s1@group-E264CA5F8311: receive requestVote(PRE_VOTE, s0, group-E264CA5F8311, 1, (t:1, i:255))
2023-08-18 03:36:16,407 [grpc-default-executor-4] WARN  server.GrpcServerProtocolService (LogUtils.java:warn(122)) - s1: Failed requestVote s0->s1#0: org.apache.ratis.protocol.exceptions.ServerNotReadyException: s1@group-E264CA5F8311 is not in [RUNNING]: current state is STARTING
2023-08-18 03:36:16,407 [grpc-default-executor-0] INFO  server.RaftServer$Division (RaftServerImpl.java:requestVote(1344)) - s2@group-E264CA5F8311: receive requestVote(PRE_VOTE, s0, group-E264CA5F8311, 1, (t:1, i:255))
2023-08-18 03:36:16,408 [grpc-default-executor-0] WARN  server.GrpcServerProtocolService (LogUtils.java:warn(122)) - s2: Failed requestVote s0->s2#0: org.apache.ratis.protocol.exceptions.ServerNotReadyException: s2@group-E264CA5F8311 is not in [RUNNING]: current state is STARTING
2023-08-18 03:36:16,408 [s0@group-E264CA5F8311-LeaderElection25] INFO  impl.LeaderElection (LogUtils.java:infoOrTrace(137)) - s0@group-E264CA5F8311-LeaderElection25 got exception when requesting votes: java.util.concurrent.ExecutionException: org.apache.ratis.thirdparty.io.grpc.StatusRuntimeException: INTERNAL: s1@group-E264CA5F8311 is not in [RUNNING]: current state is STARTING
2023-08-18 03:36:16,408 [s0@group-E264CA5F8311-LeaderElection25] INFO  impl.LeaderElection (LogUtils.java:infoOrTrace(137)) - s0@group-E264CA5F8311-LeaderElection25 got exception when requesting votes: java.util.concurrent.ExecutionException: org.apache.ratis.thirdparty.io.grpc.StatusRuntimeException: INTERNAL: s2@group-E264CA5F8311 is not in [RUNNING]: current state is STARTING
2023-08-18 03:36:16,408 [s0@group-E264CA5F8311-LeaderElection25] INFO  impl.LeaderElection (LeaderElection.java:logAndReturn(89)) - s0@group-E264CA5F8311-LeaderElection25: PRE_VOTE REJECTED received 0 response(s) and 2 exception(s):
2023-08-18 03:36:16,408 [s0@group-E264CA5F8311-LeaderElection25] INFO  impl.LeaderElection (LogUtils.java:infoOrTrace(137)) -   Exception 0: java.util.concurrent.ExecutionException: org.apache.ratis.thirdparty.io.grpc.StatusRuntimeException: INTERNAL: s1@group-E264CA5F8311 is not in [RUNNING]: current state is STARTING
2023-08-18 03:36:16,408 [s0@group-E264CA5F8311-LeaderElection25] INFO  impl.LeaderElection (LogUtils.java:infoOrTrace(137)) -   Exception 1: java.util.concurrent.ExecutionException: org.apache.ratis.thirdparty.io.grpc.StatusRuntimeException: INTERNAL: s2@group-E264CA5F8311 is not in [RUNNING]: current state is STARTING
2023-08-18 03:36:16,408 [s0@group-E264CA5F8311-LeaderElection25] INFO  impl.LeaderElection (LeaderElection.java:askForVotes(322)) - s0@group-E264CA5F8311-LeaderElection25 PRE_VOTE round 0: result REJECTED
2023-08-18 03:36:16,408 [s0@group-E264CA5F8311-LeaderElection25] INFO  server.RaftServer$Division (RaftServerImpl.java:setRole(371)) - s0@group-E264CA5F8311: changes role from CANDIDATE to FOLLOWER at term 1 for REJECTED
2023-08-18 03:36:16,408 [s0@group-E264CA5F8311-LeaderElection25] INFO  impl.RoleInfo (RoleInfo.java:shutdownLeaderElection(129)) - s0: shutdown s0@group-E264CA5F8311-LeaderElection25
2023-08-18 03:36:16,408 [s0@group-E264CA5F8311-LeaderElection25] INFO  impl.RoleInfo (RoleInfo.java:updateAndGet(138)) - s0: start s0@group-E264CA5F8311-FollowerState
2023-08-18 03:36:16,489 [s2-server-thread1] INFO  server.RaftServer$Division (RaftServerImpl.java:setConfigurationAsync(1238)) - s2@group-E264CA5F8311: receive setConfiguration SetConfigurationRequest:client-255CF6B0DA3F->s2@group-E264CA5F8311, cid=386, seq=0, RW, null, SET_UNCONDITIONALLY, servers:[s1|rpc:0.0.0.0:34459|dataStream:|priority:0|startupRole:FOLLOWER, s2|rpc:0.0.0.0:43137|dataStream:|priority:0|startupRole:FOLLOWER, s0|rpc:localhost:39295|admin:localhost:44843|client:localhost:40991|dataStream:localhost:40677|priority:0|startupRole:FOLLOWER], listeners:[]
2023-08-18 03:36:16,596 [s0-server-thread1] INFO  server.RaftServer$Division (RaftServerImpl.java:setConfigurationAsync(1238)) - s0@group-E264CA5F8311: receive setConfiguration SetConfigurationRequest:client-255CF6B0DA3F->s0@group-E264CA5F8311, cid=386, seq=0, RW, null, SET_UNCONDITIONALLY, servers:[s1|rpc:0.0.0.0:34459|dataStream:|priority:0|startupRole:FOLLOWER, s2|rpc:0.0.0.0:43137|dataStream:|priority:0|startupRole:FOLLOWER, s0|rpc:localhost:39295|admin:localhost:44843|client:localhost:40991|dataStream:localhost:40677|priority:0|startupRole:FOLLOWER], listeners:[]
2023-08-18 03:36:16,701 [s2-server-thread1] INFO  server.RaftServer$Division (RaftServerImpl.java:setConfigurationAsync(1238)) - s2@group-E264CA5F8311: receive setConfiguration SetConfigurationRequest:client-255CF6B0DA3F->s2@group-E264CA5F8311, cid=386, seq=0, RW, null, SET_UNCONDITIONALLY, servers:[s1|rpc:0.0.0.0:34459|dataStream:|priority:0|startupRole:FOLLOWER, s2|rpc:0.0.0.0:43137|dataStream:|priority:0|startupRole:FOLLOWER, s0|rpc:localhost:39295|admin:localhost:44843|client:localhost:40991|dataStream:localhost:40677|priority:0|startupRole:FOLLOWER], listeners:[]
2023-08-18 03:36:16,703 [s0@group-E264CA5F8311-FollowerState] INFO  impl.FollowerState (FollowerState.java:run(143)) - s0@group-E264CA5F8311-FollowerState: change to CANDIDATE, lastRpcElapsedTime:294354306ns, electionTimeout:294ms
2023-08-18 03:36:16,703 [s0@group-E264CA5F8311-FollowerState] INFO  impl.RoleInfo (RoleInfo.java:shutdownFollowerState(109)) - s0: shutdown s0@group-E264CA5F8311-FollowerState
2023-08-18 03:36:16,703 [s0@group-E264CA5F8311-FollowerState] INFO  server.RaftServer$Division (RaftServerImpl.java:setRole(371)) - s0@group-E264CA5F8311: changes role from  FOLLOWER to CANDIDATE at term 1 for changeToCandidate
2023-08-18 03:36:16,703 [s0@group-E264CA5F8311-FollowerState] INFO  server.RaftServerConfigKeys (ConfUtils.java:logGet(46)) - raft.server.leaderelection.pre-vote = true (default)
2023-08-18 03:36:16,703 [s0@group-E264CA5F8311-FollowerState] INFO  impl.RoleInfo (RoleInfo.java:updateAndGet(138)) - s0: start s0@group-E264CA5F8311-LeaderElection26
2023-08-18 03:36:16,706 [s0@group-E264CA5F8311-LeaderElection26] INFO  impl.LeaderElection (LeaderElection.java:askForVotes(320)) - s0@group-E264CA5F8311-LeaderElection26 PRE_VOTE round 0: submit vote requests at term 1 for 255: peers:[s0|rpc:localhost:39295|admin:localhost:44843|client:localhost:40991|dataStream:localhost:40677|priority:0|startupRole:FOLLOWER, s1|rpc:0.0.0.0:34459|dataStream:|priority:0|startupRole:FOLLOWER, s2|rpc:0.0.0.0:43137|dataStream:|priority:0|startupRole:FOLLOWER]|listeners:[], old=peers:[s0|rpc:localhost:39295|admin:localhost:44843|client:localhost:40991|dataStream:localhost:40677|priority:0|startupRole:FOLLOWER]|listeners:[]
2023-08-18 03:36:16,708 [grpc-default-executor-0] INFO  server.RaftServer$Division (RaftServerImpl.java:requestVote(1344)) - s1@group-E264CA5F8311: receive requestVote(PRE_VOTE, s0, group-E264CA5F8311, 1, (t:1, i:255))
2023-08-18 03:36:16,708 [grpc-default-executor-0] WARN  server.GrpcServerProtocolService (LogUtils.java:warn(122)) - s1: Failed requestVote s0->s1#0: org.apache.ratis.protocol.exceptions.ServerNotReadyException: s1@group-E264CA5F8311 is not in [RUNNING]: current state is STARTING
2023-08-18 03:36:16,709 [s0@group-E264CA5F8311-LeaderElection26] INFO  impl.LeaderElection (LogUtils.java:infoOrTrace(137)) - s0@group-E264CA5F8311-LeaderElection26 got exception when requesting votes: java.util.concurrent.ExecutionException: org.apache.ratis.thirdparty.io.grpc.StatusRuntimeException: INTERNAL: s1@group-E264CA5F8311 is not in [RUNNING]: current state is STARTING
2023-08-18 03:36:16,709 [grpc-default-executor-0] INFO  server.RaftServer$Division (RaftServerImpl.java:requestVote(1344)) - s2@group-E264CA5F8311: receive requestVote(PRE_VOTE, s0, group-E264CA5F8311, 1, (t:1, i:255))
2023-08-18 03:36:16,709 [grpc-default-executor-0] WARN  server.GrpcServerProtocolService (LogUtils.java:warn(122)) - s2: Failed requestVote s0->s2#0: org.apache.ratis.protocol.exceptions.ServerNotReadyException: s2@group-E264CA5F8311 is not in [RUNNING]: current state is STARTING
2023-08-18 03:36:16,710 [s0@group-E264CA5F8311-LeaderElection26] INFO  impl.LeaderElection (LogUtils.java:infoOrTrace(137)) - s0@group-E264CA5F8311-LeaderElection26 got exception when requesting votes: java.util.concurrent.ExecutionException: org.apache.ratis.thirdparty.io.grpc.StatusRuntimeException: INTERNAL: s2@group-E264CA5F8311 is not in [RUNNING]: current state is STARTING
2023-08-18 03:36:16,710 [s0@group-E264CA5F8311-LeaderElection26] INFO  impl.LeaderElection (LeaderElection.java:logAndReturn(89)) - s0@group-E264CA5F8311-LeaderElection26: PRE_VOTE REJECTED received 0 response(s) and 2 exception(s):
2023-08-18 03:36:16,710 [s0@group-E264CA5F8311-LeaderElection26] INFO  impl.LeaderElection (LogUtils.java:infoOrTrace(137)) -   Exception 0: java.util.concurrent.ExecutionException: org.apache.ratis.thirdparty.io.grpc.StatusRuntimeException: INTERNAL: s1@group-E264CA5F8311 is not in [RUNNING]: current state is STARTING
2023-08-18 03:36:16,710 [s0@group-E264CA5F8311-LeaderElection26] INFO  impl.LeaderElection (LogUtils.java:infoOrTrace(137)) -   Exception 1: java.util.concurrent.ExecutionException: org.apache.ratis.thirdparty.io.grpc.StatusRuntimeException: INTERNAL: s2@group-E264CA5F8311 is not in [RUNNING]: current state is STARTING
2023-08-18 03:36:16,710 [s0@group-E264CA5F8311-LeaderElection26] INFO  impl.LeaderElection (LeaderElection.java:askForVotes(322)) - s0@group-E264CA5F8311-LeaderElection26 PRE_VOTE round 0: result REJECTED
2023-08-18 03:36:16,710 [s0@group-E264CA5F8311-LeaderElection26] INFO  server.RaftServer$Division (RaftServerImpl.java:setRole(371)) - s0@group-E264CA5F8311: changes role from CANDIDATE to FOLLOWER at term 1 for REJECTED
2023-08-18 03:36:16,710 [s0@group-E264CA5F8311-LeaderElection26] INFO  impl.RoleInfo (RoleInfo.java:shutdownLeaderElection(129)) - s0: shutdown s0@group-E264CA5F8311-LeaderElection26
2023-08-18 03:36:16,710 [s0@group-E264CA5F8311-LeaderElection26] INFO  impl.RoleInfo (RoleInfo.java:updateAndGet(138)) - s0: start s0@group-E264CA5F8311-FollowerState
2023-08-18 03:36:16,811 [s0-server-thread1] INFO  server.RaftServer$Division (RaftServerImpl.java:setConfigurationAsync(1238)) - s0@group-E264CA5F8311: receive setConfiguration SetConfigurationRequest:client-255CF6B0DA3F->s0@group-E264CA5F8311, cid=386, seq=0, RW, null, SET_UNCONDITIONALLY, servers:[s1|rpc:0.0.0.0:34459|dataStream:|priority:0|startupRole:FOLLOWER, s2|rpc:0.0.0.0:43137|dataStream:|priority:0|startupRole:FOLLOWER, s0|rpc:localhost:39295|admin:localhost:44843|client:localhost:40991|dataStream:localhost:40677|priority:0|startupRole:FOLLOWER], listeners:[]
2023-08-18 03:36:16,916 [s1-server-thread1] INFO  server.RaftServer$Division (RaftServerImpl.java:setConfigurationAsync(1238)) - s1@group-E264CA5F8311: receive setConfiguration SetConfigurationRequest:client-255CF6B0DA3F->s1@group-E264CA5F8311, cid=386, seq=0, RW, null, SET_UNCONDITIONALLY, servers:[s1|rpc:0.0.0.0:34459|dataStream:|priority:0|startupRole:FOLLOWER, s2|rpc:0.0.0.0:43137|dataStream:|priority:0|startupRole:FOLLOWER, s0|rpc:localhost:39295|admin:localhost:44843|client:localhost:40991|dataStream:localhost:40677|priority:0|startupRole:FOLLOWER], listeners:[]
2023-08-18 03:36:16,946 [s0@group-E264CA5F8311-FollowerState] INFO  impl.FollowerState (FollowerState.java:run(143)) - s0@group-E264CA5F8311-FollowerState: change to CANDIDATE, lastRpcElapsedTime:235542030ns, electionTimeout:234ms
2023-08-18 03:36:16,946 [s0@group-E264CA5F8311-FollowerState] INFO  impl.RoleInfo (RoleInfo.java:shutdownFollowerState(109)) - s0: shutdown s0@group-E264CA5F8311-FollowerState
2023-08-18 03:36:16,946 [s0@group-E264CA5F8311-FollowerState] INFO  server.RaftServer$Division (RaftServerImpl.java:setRole(371)) - s0@group-E264CA5F8311: changes role from  FOLLOWER to CANDIDATE at term 1 for changeToCandidate
2023-08-18 03:36:16,946 [s0@group-E264CA5F8311-FollowerState] INFO  server.RaftServerConfigKeys (ConfUtils.java:logGet(46)) - raft.server.leaderelection.pre-vote = true (default)
2023-08-18 03:36:16,946 [s0@group-E264CA5F8311-FollowerState] INFO  impl.RoleInfo (RoleInfo.java:updateAndGet(138)) - s0: start s0@group-E264CA5F8311-LeaderElection27
2023-08-18 03:36:16,949 [s0@group-E264CA5F8311-LeaderElection27] INFO  impl.LeaderElection (LeaderElection.java:askForVotes(320)) - s0@group-E264CA5F8311-LeaderElection27 PRE_VOTE round 0: submit vote requests at term 1 for 255: peers:[s0|rpc:localhost:39295|admin:localhost:44843|client:localhost:40991|dataStream:localhost:40677|priority:0|startupRole:FOLLOWER, s1|rpc:0.0.0.0:34459|dataStream:|priority:0|startupRole:FOLLOWER, s2|rpc:0.0.0.0:43137|dataStream:|priority:0|startupRole:FOLLOWER]|listeners:[], old=peers:[s0|rpc:localhost:39295|admin:localhost:44843|client:localhost:40991|dataStream:localhost:40677|priority:0|startupRole:FOLLOWER]|listeners:[]
2023-08-18 03:36:16,951 [grpc-default-executor-0] INFO  server.RaftServer$Division (RaftServerImpl.java:requestVote(1344)) - s1@group-E264CA5F8311: receive requestVote(PRE_VOTE, s0, group-E264CA5F8311, 1, (t:1, i:255))
2023-08-18 03:36:16,951 [grpc-default-executor-0] WARN  server.GrpcServerProtocolService (LogUtils.java:warn(122)) - s1: Failed requestVote s0->s1#0: org.apache.ratis.protocol.exceptions.ServerNotReadyException: s1@group-E264CA5F8311 is not in [RUNNING]: current state is STARTING
2023-08-18 03:36:16,952 [grpc-default-executor-0] INFO  server.RaftServer$Division (RaftServerImpl.java:requestVote(1344)) - s2@group-E264CA5F8311: receive requestVote(PRE_VOTE, s0, group-E264CA5F8311, 1, (t:1, i:255))
2023-08-18 03:36:16,952 [grpc-default-executor-0] WARN  server.GrpcServerProtocolService (LogUtils.java:warn(122)) - s2: Failed requestVote s0->s2#0: org.apache.ratis.protocol.exceptions.ServerNotReadyException: s2@group-E264CA5F8311 is not in [RUNNING]: current state is STARTING
2023-08-18 03:36:16,952 [s0@group-E264CA5F8311-LeaderElection27] INFO  impl.LeaderElection (LogUtils.java:infoOrTrace(137)) - s0@group-E264CA5F8311-LeaderElection27 got exception when requesting votes: java.util.concurrent.ExecutionException: org.apache.ratis.thirdparty.io.grpc.StatusRuntimeException: INTERNAL: s1@group-E264CA5F8311 is not in [RUNNING]: current state is STARTING
2023-08-18 03:36:16,953 [s0@group-E264CA5F8311-LeaderElection27] INFO  impl.LeaderElection (LogUtils.java:infoOrTrace(137)) - s0@group-E264CA5F8311-LeaderElection27 got exception when requesting votes: java.util.concurrent.ExecutionException: org.apache.ratis.thirdparty.io.grpc.StatusRuntimeException: INTERNAL: s2@group-E264CA5F8311 is not in [RUNNING]: current state is STARTING
2023-08-18 03:36:16,953 [s0@group-E264CA5F8311-LeaderElection27] INFO  impl.LeaderElection (LeaderElection.java:logAndReturn(89)) - s0@group-E264CA5F8311-LeaderElection27: PRE_VOTE REJECTED received 0 response(s) and 2 exception(s):
2023-08-18 03:36:16,953 [s0@group-E264CA5F8311-LeaderElection27] INFO  impl.LeaderElection (LogUtils.java:infoOrTrace(137)) -   Exception 0: java.util.concurrent.ExecutionException: org.apache.ratis.thirdparty.io.grpc.StatusRuntimeException: INTERNAL: s1@group-E264CA5F8311 is not in [RUNNING]: current state is STARTING
2023-08-18 03:36:16,953 [s0@group-E264CA5F8311-LeaderElection27] INFO  impl.LeaderElection (LogUtils.java:infoOrTrace(137)) -   Exception 1: java.util.concurrent.ExecutionException: org.apache.ratis.thirdparty.io.grpc.StatusRuntimeException: INTERNAL: s2@group-E264CA5F8311 is not in [RUNNING]: current state is STARTING
2023-08-18 03:36:16,953 [s0@group-E264CA5F8311-LeaderElection27] INFO  impl.LeaderElection (LeaderElection.java:askForVotes(322)) - s0@group-E264CA5F8311-LeaderElection27 PRE_VOTE round 0: result REJECTED
2023-08-18 03:36:16,953 [s0@group-E264CA5F8311-LeaderElection27] INFO  server.RaftServer$Division (RaftServerImpl.java:setRole(371)) - s0@group-E264CA5F8311: changes role from CANDIDATE to FOLLOWER at term 1 for REJECTED
2023-08-18 03:36:16,953 [s0@group-E264CA5F8311-LeaderElection27] INFO  impl.RoleInfo (RoleInfo.java:shutdownLeaderElection(129)) - s0: shutdown s0@group-E264CA5F8311-LeaderElection27
2023-08-18 03:36:16,953 [s0@group-E264CA5F8311-LeaderElection27] INFO  impl.RoleInfo (RoleInfo.java:updateAndGet(138)) - s0: start s0@group-E264CA5F8311-FollowerState
2023-08-18 03:36:17,022 [s0-server-thread1] INFO  server.RaftServer$Division (RaftServerImpl.java:setConfigurationAsync(1238)) - s0@group-E264CA5F8311: receive setConfiguration SetConfigurationRequest:client-255CF6B0DA3F->s0@group-E264CA5F8311, cid=386, seq=0, RW, null, SET_UNCONDITIONALLY, servers:[s1|rpc:0.0.0.0:34459|dataStream:|priority:0|startupRole:FOLLOWER, s2|rpc:0.0.0.0:43137|dataStream:|priority:0|startupRole:FOLLOWER, s0|rpc:localhost:39295|admin:localhost:44843|client:localhost:40991|dataStream:localhost:40677|priority:0|startupRole:FOLLOWER], listeners:[]
2023-08-18 03:36:17,127 [s2-server-thread1] INFO  server.RaftServer$Division (RaftServerImpl.java:setConfigurationAsync(1238)) - s2@group-E264CA5F8311: receive setConfiguration SetConfigurationRequest:client-255CF6B0DA3F->s2@group-E264CA5F8311, cid=386, seq=0, RW, null, SET_UNCONDITIONALLY, servers:[s1|rpc:0.0.0.0:34459|dataStream:|priority:0|startupRole:FOLLOWER, s2|rpc:0.0.0.0:43137|dataStream:|priority:0|startupRole:FOLLOWER, s0|rpc:localhost:39295|admin:localhost:44843|client:localhost:40991|dataStream:localhost:40677|priority:0|startupRole:FOLLOWER], listeners:[]
2023-08-18 03:36:17,175 [s0@group-E264CA5F8311-FollowerState] INFO  impl.FollowerState (FollowerState.java:run(143)) - s0@group-E264CA5F8311-FollowerState: change to CANDIDATE, lastRpcElapsedTime:222411856ns, electionTimeout:222ms
2023-08-18 03:36:17,175 [s0@group-E264CA5F8311-FollowerState] INFO  impl.RoleInfo (RoleInfo.java:shutdownFollowerState(109)) - s0: shutdown s0@group-E264CA5F8311-FollowerState
2023-08-18 03:36:17,175 [s0@group-E264CA5F8311-FollowerState] INFO  server.RaftServer$Division (RaftServerImpl.java:setRole(371)) - s0@group-E264CA5F8311: changes role from  FOLLOWER to CANDIDATE at term 1 for changeToCandidate
2023-08-18 03:36:17,175 [s0@group-E264CA5F8311-FollowerState] INFO  server.RaftServerConfigKeys (ConfUtils.java:logGet(46)) - raft.server.leaderelection.pre-vote = true (default)
2023-08-18 03:36:17,175 [s0@group-E264CA5F8311-FollowerState] INFO  impl.RoleInfo (RoleInfo.java:updateAndGet(138)) - s0: start s0@group-E264CA5F8311-LeaderElection28
2023-08-18 03:36:17,176 [s0@group-E264CA5F8311-LeaderElection28] INFO  impl.LeaderElection (LeaderElection.java:askForVotes(320)) - s0@group-E264CA5F8311-LeaderElection28 PRE_VOTE round 0: submit vote requests at term 1 for 255: peers:[s0|rpc:localhost:39295|admin:localhost:44843|client:localhost:40991|dataStream:localhost:40677|priority:0|startupRole:FOLLOWER, s1|rpc:0.0.0.0:34459|dataStream:|priority:0|startupRole:FOLLOWER, s2|rpc:0.0.0.0:43137|dataStream:|priority:0|startupRole:FOLLOWER]|listeners:[], old=peers:[s0|rpc:localhost:39295|admin:localhost:44843|client:localhost:40991|dataStream:localhost:40677|priority:0|startupRole:FOLLOWER]|listeners:[]
2023-08-18 03:36:17,177 [grpc-default-executor-0] INFO  server.RaftServer$Division (RaftServerImpl.java:requestVote(1344)) - s1@group-E264CA5F8311: receive requestVote(PRE_VOTE, s0, group-E264CA5F8311, 1, (t:1, i:255))
2023-08-18 03:36:17,177 [grpc-default-executor-0] WARN  server.GrpcServerProtocolService (LogUtils.java:warn(122)) - s1: Failed requestVote s0->s1#0: org.apache.ratis.protocol.exceptions.ServerNotReadyException: s1@group-E264CA5F8311 is not in [RUNNING]: current state is STARTING
2023-08-18 03:36:17,180 [grpc-default-executor-4] INFO  server.RaftServer$Division (RaftServerImpl.java:requestVote(1344)) - s2@group-E264CA5F8311: receive requestVote(PRE_VOTE, s0, group-E264CA5F8311, 1, (t:1, i:255))
2023-08-18 03:36:17,180 [grpc-default-executor-4] WARN  server.GrpcServerProtocolService (LogUtils.java:warn(122)) - s2: Failed requestVote s0->s2#0: org.apache.ratis.protocol.exceptions.ServerNotReadyException: s2@group-E264CA5F8311 is not in [RUNNING]: current state is STARTING
2023-08-18 03:36:17,183 [s0@group-E264CA5F8311-LeaderElection28] INFO  impl.LeaderElection (LogUtils.java:infoOrTrace(137)) - s0@group-E264CA5F8311-LeaderElection28 got exception when requesting votes: java.util.concurrent.ExecutionException: org.apache.ratis.thirdparty.io.grpc.StatusRuntimeException: INTERNAL: s1@group-E264CA5F8311 is not in [RUNNING]: current state is STARTING
2023-08-18 03:36:17,183 [s0@group-E264CA5F8311-LeaderElection28] INFO  impl.LeaderElection (LogUtils.java:infoOrTrace(137)) - s0@group-E264CA5F8311-LeaderElection28 got exception when requesting votes: java.util.concurrent.ExecutionException: org.apache.ratis.thirdparty.io.grpc.StatusRuntimeException: INTERNAL: s2@group-E264CA5F8311 is not in [RUNNING]: current state is STARTING
2023-08-18 03:36:17,183 [s0@group-E264CA5F8311-LeaderElection28] INFO  impl.LeaderElection (LeaderElection.java:logAndReturn(89)) - s0@group-E264CA5F8311-LeaderElection28: PRE_VOTE REJECTED received 0 response(s) and 2 exception(s):
2023-08-18 03:36:17,183 [s0@group-E264CA5F8311-LeaderElection28] INFO  impl.LeaderElection (LogUtils.java:infoOrTrace(137)) -   Exception 0: java.util.concurrent.ExecutionException: org.apache.ratis.thirdparty.io.grpc.StatusRuntimeException: INTERNAL: s1@group-E264CA5F8311 is not in [RUNNING]: current state is STARTING
2023-08-18 03:36:17,183 [s0@group-E264CA5F8311-LeaderElection28] INFO  impl.LeaderElection (LogUtils.java:infoOrTrace(137)) -   Exception 1: java.util.concurrent.ExecutionException: org.apache.ratis.thirdparty.io.grpc.StatusRuntimeException: INTERNAL: s2@group-E264CA5F8311 is not in [RUNNING]: current state is STARTING
2023-08-18 03:36:17,183 [s0@group-E264CA5F8311-LeaderElection28] INFO  impl.LeaderElection (LeaderElection.java:askForVotes(322)) - s0@group-E264CA5F8311-LeaderElection28 PRE_VOTE round 0: result REJECTED
2023-08-18 03:36:17,183 [s0@group-E264CA5F8311-LeaderElection28] INFO  server.RaftServer$Division (RaftServerImpl.java:setRole(371)) - s0@group-E264CA5F8311: changes role from CANDIDATE to FOLLOWER at term 1 for REJECTED
2023-08-18 03:36:17,183 [s0@group-E264CA5F8311-LeaderElection28] INFO  impl.RoleInfo (RoleInfo.java:shutdownLeaderElection(129)) - s0: shutdown s0@group-E264CA5F8311-LeaderElection28
2023-08-18 03:36:17,183 [s0@group-E264CA5F8311-LeaderElection28] INFO  impl.RoleInfo (RoleInfo.java:updateAndGet(138)) - s0: start s0@group-E264CA5F8311-FollowerState
2023-08-18 03:36:17,232 [s0-server-thread1] INFO  server.RaftServer$Division (RaftServerImpl.java:setConfigurationAsync(1238)) - s0@group-E264CA5F8311: receive setConfiguration SetConfigurationRequest:client-255CF6B0DA3F->s0@group-E264CA5F8311, cid=386, seq=0, RW, null, SET_UNCONDITIONALLY, servers:[s1|rpc:0.0.0.0:34459|dataStream:|priority:0|startupRole:FOLLOWER, s2|rpc:0.0.0.0:43137|dataStream:|priority:0|startupRole:FOLLOWER, s0|rpc:localhost:39295|admin:localhost:44843|client:localhost:40991|dataStream:localhost:40677|priority:0|startupRole:FOLLOWER], listeners:[]
2023-08-18 03:36:17,338 [s2-server-thread1] INFO  server.RaftServer$Division (RaftServerImpl.java:setConfigurationAsync(1238)) - s2@group-E264CA5F8311: receive setConfiguration SetConfigurationRequest:client-255CF6B0DA3F->s2@group-E264CA5F8311, cid=386, seq=0, RW, null, SET_UNCONDITIONALLY, servers:[s1|rpc:0.0.0.0:34459|dataStream:|priority:0|startupRole:FOLLOWER, s2|rpc:0.0.0.0:43137|dataStream:|priority:0|startupRole:FOLLOWER, s0|rpc:localhost:39295|admin:localhost:44843|client:localhost:40991|dataStream:localhost:40677|priority:0|startupRole:FOLLOWER], listeners:[]
2023-08-18 03:36:17,431 [s0@group-E264CA5F8311-FollowerState] INFO  impl.FollowerState (FollowerState.java:run(143)) - s0@group-E264CA5F8311-FollowerState: change to CANDIDATE, lastRpcElapsedTime:247266917ns, electionTimeout:247ms
2023-08-18 03:36:17,431 [s0@group-E264CA5F8311-FollowerState] INFO  impl.RoleInfo (RoleInfo.java:shutdownFollowerState(109)) - s0: shutdown s0@group-E264CA5F8311-FollowerState
2023-08-18 03:36:17,431 [s0@group-E264CA5F8311-FollowerState] INFO  server.RaftServer$Division (RaftServerImpl.java:setRole(371)) - s0@group-E264CA5F8311: changes role from  FOLLOWER to CANDIDATE at term 1 for changeToCandidate
2023-08-18 03:36:17,431 [s0@group-E264CA5F8311-FollowerState] INFO  server.RaftServerConfigKeys (ConfUtils.java:logGet(46)) - raft.server.leaderelection.pre-vote = true (default)
2023-08-18 03:36:17,431 [s0@group-E264CA5F8311-FollowerState] INFO  impl.RoleInfo (RoleInfo.java:updateAndGet(138)) - s0: start s0@group-E264CA5F8311-LeaderElection29
2023-08-18 03:36:17,435 [s0@group-E264CA5F8311-LeaderElection29] INFO  impl.LeaderElection (LeaderElection.java:askForVotes(320)) - s0@group-E264CA5F8311-LeaderElection29 PRE_VOTE round 0: submit vote requests at term 1 for 255: peers:[s0|rpc:localhost:39295|admin:localhost:44843|client:localhost:40991|dataStream:localhost:40677|priority:0|startupRole:FOLLOWER, s1|rpc:0.0.0.0:34459|dataStream:|priority:0|startupRole:FOLLOWER, s2|rpc:0.0.0.0:43137|dataStream:|priority:0|startupRole:FOLLOWER]|listeners:[], old=peers:[s0|rpc:localhost:39295|admin:localhost:44843|client:localhost:40991|dataStream:localhost:40677|priority:0|startupRole:FOLLOWER]|listeners:[]
2023-08-18 03:36:17,436 [grpc-default-executor-0] INFO  server.RaftServer$Division (RaftServerImpl.java:requestVote(1344)) - s1@group-E264CA5F8311: receive requestVote(PRE_VOTE, s0, group-E264CA5F8311, 1, (t:1, i:255))
2023-08-18 03:36:17,436 [grpc-default-executor-0] WARN  server.GrpcServerProtocolService (LogUtils.java:warn(122)) - s1: Failed requestVote s0->s1#0: org.apache.ratis.protocol.exceptions.ServerNotReadyException: s1@group-E264CA5F8311 is not in [RUNNING]: current state is STARTING
2023-08-18 03:36:17,437 [grpc-default-executor-4] INFO  server.RaftServer$Division (RaftServerImpl.java:requestVote(1344)) - s2@group-E264CA5F8311: receive requestVote(PRE_VOTE, s0, group-E264CA5F8311, 1, (t:1, i:255))
2023-08-18 03:36:17,437 [grpc-default-executor-4] WARN  server.GrpcServerProtocolService (LogUtils.java:warn(122)) - s2: Failed requestVote s0->s2#0: org.apache.ratis.protocol.exceptions.ServerNotReadyException: s2@group-E264CA5F8311 is not in [RUNNING]: current state is STARTING
2023-08-18 03:36:17,437 [s0@group-E264CA5F8311-LeaderElection29] INFO  impl.LeaderElection (LogUtils.java:infoOrTrace(137)) - s0@group-E264CA5F8311-LeaderElection29 got exception when requesting votes: java.util.concurrent.ExecutionException: org.apache.ratis.thirdparty.io.grpc.StatusRuntimeException: INTERNAL: s2@group-E264CA5F8311 is not in [RUNNING]: current state is STARTING
2023-08-18 03:36:17,438 [s0@group-E264CA5F8311-LeaderElection29] INFO  impl.LeaderElection (LogUtils.java:infoOrTrace(137)) - s0@group-E264CA5F8311-LeaderElection29 got exception when requesting votes: java.util.concurrent.ExecutionException: org.apache.ratis.thirdparty.io.grpc.StatusRuntimeException: INTERNAL: s1@group-E264CA5F8311 is not in [RUNNING]: current state is STARTING
2023-08-18 03:36:17,438 [s0@group-E264CA5F8311-LeaderElection29] INFO  impl.LeaderElection (LeaderElection.java:logAndReturn(89)) - s0@group-E264CA5F8311-LeaderElection29: PRE_VOTE REJECTED received 0 response(s) and 2 exception(s):
2023-08-18 03:36:17,438 [s0@group-E264CA5F8311-LeaderElection29] INFO  impl.LeaderElection (LogUtils.java:infoOrTrace(137)) -   Exception 0: java.util.concurrent.ExecutionException: org.apache.ratis.thirdparty.io.grpc.StatusRuntimeException: INTERNAL: s2@group-E264CA5F8311 is not in [RUNNING]: current state is STARTING
2023-08-18 03:36:17,438 [s0@group-E264CA5F8311-LeaderElection29] INFO  impl.LeaderElection (LogUtils.java:infoOrTrace(137)) -   Exception 1: java.util.concurrent.ExecutionException: org.apache.ratis.thirdparty.io.grpc.StatusRuntimeException: INTERNAL: s1@group-E264CA5F8311 is not in [RUNNING]: current state is STARTING
2023-08-18 03:36:17,438 [s0@group-E264CA5F8311-LeaderElection29] INFO  impl.LeaderElection (LeaderElection.java:askForVotes(322)) - s0@group-E264CA5F8311-LeaderElection29 PRE_VOTE round 0: result REJECTED
2023-08-18 03:36:17,438 [s0@group-E264CA5F8311-LeaderElection29] INFO  server.RaftServer$Division (RaftServerImpl.java:setRole(371)) - s0@group-E264CA5F8311: changes role from CANDIDATE to FOLLOWER at term 1 for REJECTED
2023-08-18 03:36:17,438 [s0@group-E264CA5F8311-LeaderElection29] INFO  impl.RoleInfo (RoleInfo.java:shutdownLeaderElection(129)) - s0: shutdown s0@group-E264CA5F8311-LeaderElection29
2023-08-18 03:36:17,438 [s0@group-E264CA5F8311-LeaderElection29] INFO  impl.RoleInfo (RoleInfo.java:updateAndGet(138)) - s0: start s0@group-E264CA5F8311-FollowerState
2023-08-18 03:36:17,452 [s1-server-thread1] INFO  server.RaftServer$Division (RaftServerImpl.java:setConfigurationAsync(1238)) - s1@group-E264CA5F8311: receive setConfiguration SetConfigurationRequest:client-255CF6B0DA3F->s1@group-E264CA5F8311, cid=386, seq=0, RW, null, SET_UNCONDITIONALLY, servers:[s1|rpc:0.0.0.0:34459|dataStream:|priority:0|startupRole:FOLLOWER, s2|rpc:0.0.0.0:43137|dataStream:|priority:0|startupRole:FOLLOWER, s0|rpc:localhost:39295|admin:localhost:44843|client:localhost:40991|dataStream:localhost:40677|priority:0|startupRole:FOLLOWER], listeners:[]
2023-08-18 03:36:17,560 [s0-server-thread1] INFO  server.RaftServer$Division (RaftServerImpl.java:setConfigurationAsync(1238)) - s0@group-E264CA5F8311: receive setConfiguration SetConfigurationRequest:client-255CF6B0DA3F->s0@group-E264CA5F8311, cid=386, seq=0, RW, null, SET_UNCONDITIONALLY, servers:[s1|rpc:0.0.0.0:34459|dataStream:|priority:0|startupRole:FOLLOWER, s2|rpc:0.0.0.0:43137|dataStream:|priority:0|startupRole:FOLLOWER, s0|rpc:localhost:39295|admin:localhost:44843|client:localhost:40991|dataStream:localhost:40677|priority:0|startupRole:FOLLOWER], listeners:[]
2023-08-18 03:36:17,667 [s2-server-thread1] INFO  server.RaftServer$Division (RaftServerImpl.java:setConfigurationAsync(1238)) - s2@group-E264CA5F8311: receive setConfiguration SetConfigurationRequest:client-255CF6B0DA3F->s2@group-E264CA5F8311, cid=386, seq=0, RW, null, SET_UNCONDITIONALLY, servers:[s1|rpc:0.0.0.0:34459|dataStream:|priority:0|startupRole:FOLLOWER, s2|rpc:0.0.0.0:43137|dataStream:|priority:0|startupRole:FOLLOWER, s0|rpc:localhost:39295|admin:localhost:44843|client:localhost:40991|dataStream:localhost:40677|priority:0|startupRole:FOLLOWER], listeners:[]
2023-08-18 03:36:17,705 [s0@group-E264CA5F8311-FollowerState] INFO  impl.FollowerState (FollowerState.java:run(143)) - s0@group-E264CA5F8311-FollowerState: change to CANDIDATE, lastRpcElapsedTime:267455322ns, electionTimeout:267ms
2023-08-18 03:36:17,705 [s0@group-E264CA5F8311-FollowerState] INFO  impl.RoleInfo (RoleInfo.java:shutdownFollowerState(109)) - s0: shutdown s0@group-E264CA5F8311-FollowerState
2023-08-18 03:36:17,705 [s0@group-E264CA5F8311-FollowerState] INFO  server.RaftServer$Division (RaftServerImpl.java:setRole(371)) - s0@group-E264CA5F8311: changes role from  FOLLOWER to CANDIDATE at term 1 for changeToCandidate
2023-08-18 03:36:17,705 [s0@group-E264CA5F8311-FollowerState] INFO  server.RaftServerConfigKeys (ConfUtils.java:logGet(46)) - raft.server.leaderelection.pre-vote = true (default)
2023-08-18 03:36:17,705 [s0@group-E264CA5F8311-FollowerState] INFO  impl.RoleInfo (RoleInfo.java:updateAndGet(138)) - s0: start s0@group-E264CA5F8311-LeaderElection30
2023-08-18 03:36:17,706 [s0@group-E264CA5F8311-LeaderElection30] INFO  impl.LeaderElection (LeaderElection.java:askForVotes(320)) - s0@group-E264CA5F8311-LeaderElection30 PRE_VOTE round 0: submit vote requests at term 1 for 255: peers:[s0|rpc:localhost:39295|admin:localhost:44843|client:localhost:40991|dataStream:localhost:40677|priority:0|startupRole:FOLLOWER, s1|rpc:0.0.0.0:34459|dataStream:|priority:0|startupRole:FOLLOWER, s2|rpc:0.0.0.0:43137|dataStream:|priority:0|startupRole:FOLLOWER]|listeners:[], old=peers:[s0|rpc:localhost:39295|admin:localhost:44843|client:localhost:40991|dataStream:localhost:40677|priority:0|startupRole:FOLLOWER]|listeners:[]
2023-08-18 03:36:17,707 [grpc-default-executor-4] INFO  server.RaftServer$Division (RaftServerImpl.java:requestVote(1344)) - s1@group-E264CA5F8311: receive requestVote(PRE_VOTE, s0, group-E264CA5F8311, 1, (t:1, i:255))
2023-08-18 03:36:17,707 [grpc-default-executor-4] WARN  server.GrpcServerProtocolService (LogUtils.java:warn(122)) - s1: Failed requestVote s0->s1#0: org.apache.ratis.protocol.exceptions.ServerNotReadyException: s1@group-E264CA5F8311 is not in [RUNNING]: current state is STARTING
2023-08-18 03:36:17,708 [grpc-default-executor-4] INFO  server.RaftServer$Division (RaftServerImpl.java:requestVote(1344)) - s2@group-E264CA5F8311: receive requestVote(PRE_VOTE, s0, group-E264CA5F8311, 1, (t:1, i:255))
2023-08-18 03:36:17,708 [grpc-default-executor-4] WARN  server.GrpcServerProtocolService (LogUtils.java:warn(122)) - s2: Failed requestVote s0->s2#0: org.apache.ratis.protocol.exceptions.ServerNotReadyException: s2@group-E264CA5F8311 is not in [RUNNING]: current state is STARTING
2023-08-18 03:36:17,711 [s0@group-E264CA5F8311-LeaderElection30] INFO  impl.LeaderElection (LogUtils.java:infoOrTrace(137)) - s0@group-E264CA5F8311-LeaderElection30 got exception when requesting votes: java.util.concurrent.ExecutionException: org.apache.ratis.thirdparty.io.grpc.StatusRuntimeException: INTERNAL: s1@group-E264CA5F8311 is not in [RUNNING]: current state is STARTING
2023-08-18 03:36:17,711 [s0@group-E264CA5F8311-LeaderElection30] INFO  impl.LeaderElection (LogUtils.java:infoOrTrace(137)) - s0@group-E264CA5F8311-LeaderElection30 got exception when requesting votes: java.util.concurrent.ExecutionException: org.apache.ratis.thirdparty.io.grpc.StatusRuntimeException: INTERNAL: s2@group-E264CA5F8311 is not in [RUNNING]: current state is STARTING
2023-08-18 03:36:17,711 [s0@group-E264CA5F8311-LeaderElection30] INFO  impl.LeaderElection (LeaderElection.java:logAndReturn(89)) - s0@group-E264CA5F8311-LeaderElection30: PRE_VOTE REJECTED received 0 response(s) and 2 exception(s):
2023-08-18 03:36:17,711 [s0@group-E264CA5F8311-LeaderElection30] INFO  impl.LeaderElection (LogUtils.java:infoOrTrace(137)) -   Exception 0: java.util.concurrent.ExecutionException: org.apache.ratis.thirdparty.io.grpc.StatusRuntimeException: INTERNAL: s1@group-E264CA5F8311 is not in [RUNNING]: current state is STARTING
2023-08-18 03:36:17,711 [s0@group-E264CA5F8311-LeaderElection30] INFO  impl.LeaderElection (LogUtils.java:infoOrTrace(137)) -   Exception 1: java.util.concurrent.ExecutionException: org.apache.ratis.thirdparty.io.grpc.StatusRuntimeException: INTERNAL: s2@group-E264CA5F8311 is not in [RUNNING]: current state is STARTING
2023-08-18 03:36:17,711 [s0@group-E264CA5F8311-LeaderElection30] INFO  impl.LeaderElection (LeaderElection.java:askForVotes(322)) - s0@group-E264CA5F8311-LeaderElection30 PRE_VOTE round 0: result REJECTED
2023-08-18 03:36:17,711 [s0@group-E264CA5F8311-LeaderElection30] INFO  server.RaftServer$Division (RaftServerImpl.java:setRole(371)) - s0@group-E264CA5F8311: changes role from CANDIDATE to FOLLOWER at term 1 for REJECTED
2023-08-18 03:36:17,711 [s0@group-E264CA5F8311-LeaderElection30] INFO  impl.RoleInfo (RoleInfo.java:shutdownLeaderElection(129)) - s0: shutdown s0@group-E264CA5F8311-LeaderElection30
2023-08-18 03:36:17,711 [s0@group-E264CA5F8311-LeaderElection30] INFO  impl.RoleInfo (RoleInfo.java:updateAndGet(138)) - s0: start s0@group-E264CA5F8311-FollowerState
2023-08-18 03:36:17,773 [s1-server-thread1] INFO  server.RaftServer$Division (RaftServerImpl.java:setConfigurationAsync(1238)) - s1@group-E264CA5F8311: receive setConfiguration SetConfigurationRequest:client-255CF6B0DA3F->s1@group-E264CA5F8311, cid=386, seq=0, RW, null, SET_UNCONDITIONALLY, servers:[s1|rpc:0.0.0.0:34459|dataStream:|priority:0|startupRole:FOLLOWER, s2|rpc:0.0.0.0:43137|dataStream:|priority:0|startupRole:FOLLOWER, s0|rpc:localhost:39295|admin:localhost:44843|client:localhost:40991|dataStream:localhost:40677|priority:0|startupRole:FOLLOWER], listeners:[]
2023-08-18 03:36:17,878 [s0-server-thread1] INFO  server.RaftServer$Division (RaftServerImpl.java:setConfigurationAsync(1238)) - s0@group-E264CA5F8311: receive setConfiguration SetConfigurationRequest:client-255CF6B0DA3F->s0@group-E264CA5F8311, cid=386, seq=0, RW, null, SET_UNCONDITIONALLY, servers:[s1|rpc:0.0.0.0:34459|dataStream:|priority:0|startupRole:FOLLOWER, s2|rpc:0.0.0.0:43137|dataStream:|priority:0|startupRole:FOLLOWER, s0|rpc:localhost:39295|admin:localhost:44843|client:localhost:40991|dataStream:localhost:40677|priority:0|startupRole:FOLLOWER], listeners:[]
2023-08-18 03:36:17,985 [s2-server-thread1] INFO  server.RaftServer$Division (RaftServerImpl.java:setConfigurationAsync(1238)) - s2@group-E264CA5F8311: receive setConfiguration SetConfigurationRequest:client-255CF6B0DA3F->s2@group-E264CA5F8311, cid=386, seq=0, RW, null, SET_UNCONDITIONALLY, servers:[s1|rpc:0.0.0.0:34459|dataStream:|priority:0|startupRole:FOLLOWER, s2|rpc:0.0.0.0:43137|dataStream:|priority:0|startupRole:FOLLOWER, s0|rpc:localhost:39295|admin:localhost:44843|client:localhost:40991|dataStream:localhost:40677|priority:0|startupRole:FOLLOWER], listeners:[]
2023-08-18 03:36:18,007 [s0@group-E264CA5F8311-FollowerState] INFO  impl.FollowerState (FollowerState.java:run(143)) - s0@group-E264CA5F8311-FollowerState: change to CANDIDATE, lastRpcElapsedTime:295503352ns, electionTimeout:295ms
2023-08-18 03:36:18,007 [s0@group-E264CA5F8311-FollowerState] INFO  impl.RoleInfo (RoleInfo.java:shutdownFollowerState(109)) - s0: shutdown s0@group-E264CA5F8311-FollowerState
2023-08-18 03:36:18,007 [s0@group-E264CA5F8311-FollowerState] INFO  server.RaftServer$Division (RaftServerImpl.java:setRole(371)) - s0@group-E264CA5F8311: changes role from  FOLLOWER to CANDIDATE at term 1 for changeToCandidate
2023-08-18 03:36:18,007 [s0@group-E264CA5F8311-FollowerState] INFO  server.RaftServerConfigKeys (ConfUtils.java:logGet(46)) - raft.server.leaderelection.pre-vote = true (default)
2023-08-18 03:36:18,007 [s0@group-E264CA5F8311-FollowerState] INFO  impl.RoleInfo (RoleInfo.java:updateAndGet(138)) - s0: start s0@group-E264CA5F8311-LeaderElection31
2023-08-18 03:36:18,008 [s0@group-E264CA5F8311-LeaderElection31] INFO  impl.LeaderElection (LeaderElection.java:askForVotes(320)) - s0@group-E264CA5F8311-LeaderElection31 PRE_VOTE round 0: submit vote requests at term 1 for 255: peers:[s0|rpc:localhost:39295|admin:localhost:44843|client:localhost:40991|dataStream:localhost:40677|priority:0|startupRole:FOLLOWER, s1|rpc:0.0.0.0:34459|dataStream:|priority:0|startupRole:FOLLOWER, s2|rpc:0.0.0.0:43137|dataStream:|priority:0|startupRole:FOLLOWER]|listeners:[], old=peers:[s0|rpc:localhost:39295|admin:localhost:44843|client:localhost:40991|dataStream:localhost:40677|priority:0|startupRole:FOLLOWER]|listeners:[]
2023-08-18 03:36:18,009 [grpc-default-executor-4] INFO  server.RaftServer$Division (RaftServerImpl.java:requestVote(1344)) - s1@group-E264CA5F8311: receive requestVote(PRE_VOTE, s0, group-E264CA5F8311, 1, (t:1, i:255))
2023-08-18 03:36:18,009 [grpc-default-executor-4] WARN  server.GrpcServerProtocolService (LogUtils.java:warn(122)) - s1: Failed requestVote s0->s1#0: org.apache.ratis.protocol.exceptions.ServerNotReadyException: s1@group-E264CA5F8311 is not in [RUNNING]: current state is STARTING
2023-08-18 03:36:18,009 [grpc-default-executor-0] INFO  server.RaftServer$Division (RaftServerImpl.java:requestVote(1344)) - s2@group-E264CA5F8311: receive requestVote(PRE_VOTE, s0, group-E264CA5F8311, 1, (t:1, i:255))
2023-08-18 03:36:18,009 [grpc-default-executor-0] WARN  server.GrpcServerProtocolService (LogUtils.java:warn(122)) - s2: Failed requestVote s0->s2#0: org.apache.ratis.protocol.exceptions.ServerNotReadyException: s2@group-E264CA5F8311 is not in [RUNNING]: current state is STARTING
2023-08-18 03:36:18,010 [s0@group-E264CA5F8311-LeaderElection31] INFO  impl.LeaderElection (LogUtils.java:infoOrTrace(137)) - s0@group-E264CA5F8311-LeaderElection31 got exception when requesting votes: java.util.concurrent.ExecutionException: org.apache.ratis.thirdparty.io.grpc.StatusRuntimeException: INTERNAL: s1@group-E264CA5F8311 is not in [RUNNING]: current state is STARTING
2023-08-18 03:36:18,010 [s0@group-E264CA5F8311-LeaderElection31] INFO  impl.LeaderElection (LogUtils.java:infoOrTrace(137)) - s0@group-E264CA5F8311-LeaderElection31 got exception when requesting votes: java.util.concurrent.ExecutionException: org.apache.ratis.thirdparty.io.grpc.StatusRuntimeException: INTERNAL: s2@group-E264CA5F8311 is not in [RUNNING]: current state is STARTING
2023-08-18 03:36:18,010 [s0@group-E264CA5F8311-LeaderElection31] INFO  impl.LeaderElection (LeaderElection.java:logAndReturn(89)) - s0@group-E264CA5F8311-LeaderElection31: PRE_VOTE REJECTED received 0 response(s) and 2 exception(s):
2023-08-18 03:36:18,010 [s0@group-E264CA5F8311-LeaderElection31] INFO  impl.LeaderElection (LogUtils.java:infoOrTrace(137)) -   Exception 0: java.util.concurrent.ExecutionException: org.apache.ratis.thirdparty.io.grpc.StatusRuntimeException: INTERNAL: s1@group-E264CA5F8311 is not in [RUNNING]: current state is STARTING
2023-08-18 03:36:18,011 [s0@group-E264CA5F8311-LeaderElection31] INFO  impl.LeaderElection (LogUtils.java:infoOrTrace(137)) -   Exception 1: java.util.concurrent.ExecutionException: org.apache.ratis.thirdparty.io.grpc.StatusRuntimeException: INTERNAL: s2@group-E264CA5F8311 is not in [RUNNING]: current state is STARTING
2023-08-18 03:36:18,011 [s0@group-E264CA5F8311-LeaderElection31] INFO  impl.LeaderElection (LeaderElection.java:askForVotes(322)) - s0@group-E264CA5F8311-LeaderElection31 PRE_VOTE round 0: result REJECTED
2023-08-18 03:36:18,011 [s0@group-E264CA5F8311-LeaderElection31] INFO  server.RaftServer$Division (RaftServerImpl.java:setRole(371)) - s0@group-E264CA5F8311: changes role from CANDIDATE to FOLLOWER at term 1 for REJECTED
2023-08-18 03:36:18,011 [s0@group-E264CA5F8311-LeaderElection31] INFO  impl.RoleInfo (RoleInfo.java:shutdownLeaderElection(129)) - s0: shutdown s0@group-E264CA5F8311-LeaderElection31
2023-08-18 03:36:18,011 [s0@group-E264CA5F8311-LeaderElection31] INFO  impl.RoleInfo (RoleInfo.java:updateAndGet(138)) - s0: start s0@group-E264CA5F8311-FollowerState
2023-08-18 03:36:18,090 [s1-server-thread1] INFO  server.RaftServer$Division (RaftServerImpl.java:setConfigurationAsync(1238)) - s1@group-E264CA5F8311: receive setConfiguration SetConfigurationRequest:client-255CF6B0DA3F->s1@group-E264CA5F8311, cid=386, seq=0, RW, null, SET_UNCONDITIONALLY, servers:[s1|rpc:0.0.0.0:34459|dataStream:|priority:0|startupRole:FOLLOWER, s2|rpc:0.0.0.0:43137|dataStream:|priority:0|startupRole:FOLLOWER, s0|rpc:localhost:39295|admin:localhost:44843|client:localhost:40991|dataStream:localhost:40677|priority:0|startupRole:FOLLOWER], listeners:[]
2023-08-18 03:36:18,196 [s2-server-thread1] INFO  server.RaftServer$Division (RaftServerImpl.java:setConfigurationAsync(1238)) - s2@group-E264CA5F8311: receive setConfiguration SetConfigurationRequest:client-255CF6B0DA3F->s2@group-E264CA5F8311, cid=386, seq=0, RW, null, SET_UNCONDITIONALLY, servers:[s1|rpc:0.0.0.0:34459|dataStream:|priority:0|startupRole:FOLLOWER, s2|rpc:0.0.0.0:43137|dataStream:|priority:0|startupRole:FOLLOWER, s0|rpc:localhost:39295|admin:localhost:44843|client:localhost:40991|dataStream:localhost:40677|priority:0|startupRole:FOLLOWER], listeners:[]
2023-08-18 03:36:18,271 [s0@group-E264CA5F8311-FollowerState] INFO  impl.FollowerState (FollowerState.java:run(143)) - s0@group-E264CA5F8311-FollowerState: change to CANDIDATE, lastRpcElapsedTime:260344391ns, electionTimeout:260ms
2023-08-18 03:36:18,271 [s0@group-E264CA5F8311-FollowerState] INFO  impl.RoleInfo (RoleInfo.java:shutdownFollowerState(109)) - s0: shutdown s0@group-E264CA5F8311-FollowerState
2023-08-18 03:36:18,271 [s0@group-E264CA5F8311-FollowerState] INFO  server.RaftServer$Division (RaftServerImpl.java:setRole(371)) - s0@group-E264CA5F8311: changes role from  FOLLOWER to CANDIDATE at term 1 for changeToCandidate
2023-08-18 03:36:18,271 [s0@group-E264CA5F8311-FollowerState] INFO  server.RaftServerConfigKeys (ConfUtils.java:logGet(46)) - raft.server.leaderelection.pre-vote = true (default)
2023-08-18 03:36:18,271 [s0@group-E264CA5F8311-FollowerState] INFO  impl.RoleInfo (RoleInfo.java:updateAndGet(138)) - s0: start s0@group-E264CA5F8311-LeaderElection32
2023-08-18 03:36:18,272 [s0@group-E264CA5F8311-LeaderElection32] INFO  impl.LeaderElection (LeaderElection.java:askForVotes(320)) - s0@group-E264CA5F8311-LeaderElection32 PRE_VOTE round 0: submit vote requests at term 1 for 255: peers:[s0|rpc:localhost:39295|admin:localhost:44843|client:localhost:40991|dataStream:localhost:40677|priority:0|startupRole:FOLLOWER, s1|rpc:0.0.0.0:34459|dataStream:|priority:0|startupRole:FOLLOWER, s2|rpc:0.0.0.0:43137|dataStream:|priority:0|startupRole:FOLLOWER]|listeners:[], old=peers:[s0|rpc:localhost:39295|admin:localhost:44843|client:localhost:40991|dataStream:localhost:40677|priority:0|startupRole:FOLLOWER]|listeners:[]
2023-08-18 03:36:18,273 [grpc-default-executor-0] INFO  server.RaftServer$Division (RaftServerImpl.java:requestVote(1344)) - s2@group-E264CA5F8311: receive requestVote(PRE_VOTE, s0, group-E264CA5F8311, 1, (t:1, i:255))
2023-08-18 03:36:18,273 [grpc-default-executor-0] WARN  server.GrpcServerProtocolService (LogUtils.java:warn(122)) - s2: Failed requestVote s0->s2#0: org.apache.ratis.protocol.exceptions.ServerNotReadyException: s2@group-E264CA5F8311 is not in [RUNNING]: current state is STARTING
2023-08-18 03:36:18,273 [grpc-default-executor-4] INFO  server.RaftServer$Division (RaftServerImpl.java:requestVote(1344)) - s1@group-E264CA5F8311: receive requestVote(PRE_VOTE, s0, group-E264CA5F8311, 1, (t:1, i:255))
2023-08-18 03:36:18,273 [grpc-default-executor-4] WARN  server.GrpcServerProtocolService (LogUtils.java:warn(122)) - s1: Failed requestVote s0->s1#0: org.apache.ratis.protocol.exceptions.ServerNotReadyException: s1@group-E264CA5F8311 is not in [RUNNING]: current state is STARTING
2023-08-18 03:36:18,274 [s0@group-E264CA5F8311-LeaderElection32] INFO  impl.LeaderElection (LogUtils.java:infoOrTrace(137)) - s0@group-E264CA5F8311-LeaderElection32 got exception when requesting votes: java.util.concurrent.ExecutionException: org.apache.ratis.thirdparty.io.grpc.StatusRuntimeException: INTERNAL: s2@group-E264CA5F8311 is not in [RUNNING]: current state is STARTING
2023-08-18 03:36:18,276 [s0@group-E264CA5F8311-LeaderElection32] INFO  impl.LeaderElection (LogUtils.java:infoOrTrace(137)) - s0@group-E264CA5F8311-LeaderElection32 got exception when requesting votes: java.util.concurrent.ExecutionException: org.apache.ratis.thirdparty.io.grpc.StatusRuntimeException: INTERNAL: s1@group-E264CA5F8311 is not in [RUNNING]: current state is STARTING
2023-08-18 03:36:18,276 [s0@group-E264CA5F8311-LeaderElection32] INFO  impl.LeaderElection (LeaderElection.java:logAndReturn(89)) - s0@group-E264CA5F8311-LeaderElection32: PRE_VOTE REJECTED received 0 response(s) and 2 exception(s):
2023-08-18 03:36:18,276 [s0@group-E264CA5F8311-LeaderElection32] INFO  impl.LeaderElection (LogUtils.java:infoOrTrace(137)) -   Exception 0: java.util.concurrent.ExecutionException: org.apache.ratis.thirdparty.io.grpc.StatusRuntimeException: INTERNAL: s2@group-E264CA5F8311 is not in [RUNNING]: current state is STARTING
2023-08-18 03:36:18,276 [s0@group-E264CA5F8311-LeaderElection32] INFO  impl.LeaderElection (LogUtils.java:infoOrTrace(137)) -   Exception 1: java.util.concurrent.ExecutionException: org.apache.ratis.thirdparty.io.grpc.StatusRuntimeException: INTERNAL: s1@group-E264CA5F8311 is not in [RUNNING]: current state is STARTING
2023-08-18 03:36:18,276 [s0@group-E264CA5F8311-LeaderElection32] INFO  impl.LeaderElection (LeaderElection.java:askForVotes(322)) - s0@group-E264CA5F8311-LeaderElection32 PRE_VOTE round 0: result REJECTED
2023-08-18 03:36:18,276 [s0@group-E264CA5F8311-LeaderElection32] INFO  server.RaftServer$Division (RaftServerImpl.java:setRole(371)) - s0@group-E264CA5F8311: changes role from CANDIDATE to FOLLOWER at term 1 for REJECTED
2023-08-18 03:36:18,276 [s0@group-E264CA5F8311-LeaderElection32] INFO  impl.RoleInfo (RoleInfo.java:shutdownLeaderElection(129)) - s0: shutdown s0@group-E264CA5F8311-LeaderElection32
2023-08-18 03:36:18,276 [s0@group-E264CA5F8311-LeaderElection32] INFO  impl.RoleInfo (RoleInfo.java:updateAndGet(138)) - s0: start s0@group-E264CA5F8311-FollowerState
2023-08-18 03:36:18,300 [s1-server-thread1] INFO  server.RaftServer$Division (RaftServerImpl.java:setConfigurationAsync(1238)) - s1@group-E264CA5F8311: receive setConfiguration SetConfigurationRequest:client-255CF6B0DA3F->s1@group-E264CA5F8311, cid=386, seq=0, RW, null, SET_UNCONDITIONALLY, servers:[s1|rpc:0.0.0.0:34459|dataStream:|priority:0|startupRole:FOLLOWER, s2|rpc:0.0.0.0:43137|dataStream:|priority:0|startupRole:FOLLOWER, s0|rpc:localhost:39295|admin:localhost:44843|client:localhost:40991|dataStream:localhost:40677|priority:0|startupRole:FOLLOWER], listeners:[]
2023-08-18 03:36:18,405 [s0-server-thread1] INFO  server.RaftServer$Division (RaftServerImpl.java:setConfigurationAsync(1238)) - s0@group-E264CA5F8311: receive setConfiguration SetConfigurationRequest:client-255CF6B0DA3F->s0@group-E264CA5F8311, cid=386, seq=0, RW, null, SET_UNCONDITIONALLY, servers:[s1|rpc:0.0.0.0:34459|dataStream:|priority:0|startupRole:FOLLOWER, s2|rpc:0.0.0.0:43137|dataStream:|priority:0|startupRole:FOLLOWER, s0|rpc:localhost:39295|admin:localhost:44843|client:localhost:40991|dataStream:localhost:40677|priority:0|startupRole:FOLLOWER], listeners:[]
2023-08-18 03:36:18,511 [s2-server-thread1] INFO  server.RaftServer$Division (RaftServerImpl.java:setConfigurationAsync(1238)) - s2@group-E264CA5F8311: receive setConfiguration SetConfigurationRequest:client-255CF6B0DA3F->s2@group-E264CA5F8311, cid=386, seq=0, RW, null, SET_UNCONDITIONALLY, servers:[s1|rpc:0.0.0.0:34459|dataStream:|priority:0|startupRole:FOLLOWER, s2|rpc:0.0.0.0:43137|dataStream:|priority:0|startupRole:FOLLOWER, s0|rpc:localhost:39295|admin:localhost:44843|client:localhost:40991|dataStream:localhost:40677|priority:0|startupRole:FOLLOWER], listeners:[]
2023-08-18 03:36:18,511 [s0@group-E264CA5F8311-FollowerState] INFO  impl.FollowerState (FollowerState.java:run(143)) - s0@group-E264CA5F8311-FollowerState: change to CANDIDATE, lastRpcElapsedTime:235376132ns, electionTimeout:235ms
2023-08-18 03:36:18,512 [s0@group-E264CA5F8311-FollowerState] INFO  impl.RoleInfo (RoleInfo.java:shutdownFollowerState(109)) - s0: shutdown s0@group-E264CA5F8311-FollowerState
2023-08-18 03:36:18,512 [s0@group-E264CA5F8311-FollowerState] INFO  server.RaftServer$Division (RaftServerImpl.java:setRole(371)) - s0@group-E264CA5F8311: changes role from  FOLLOWER to CANDIDATE at term 1 for changeToCandidate
2023-08-18 03:36:18,512 [s0@group-E264CA5F8311-FollowerState] INFO  server.RaftServerConfigKeys (ConfUtils.java:logGet(46)) - raft.server.leaderelection.pre-vote = true (default)
2023-08-18 03:36:18,512 [s0@group-E264CA5F8311-FollowerState] INFO  impl.RoleInfo (RoleInfo.java:updateAndGet(138)) - s0: start s0@group-E264CA5F8311-LeaderElection33
2023-08-18 03:36:18,512 [s0@group-E264CA5F8311-LeaderElection33] INFO  impl.LeaderElection (LeaderElection.java:askForVotes(320)) - s0@group-E264CA5F8311-LeaderElection33 PRE_VOTE round 0: submit vote requests at term 1 for 255: peers:[s0|rpc:localhost:39295|admin:localhost:44843|client:localhost:40991|dataStream:localhost:40677|priority:0|startupRole:FOLLOWER, s1|rpc:0.0.0.0:34459|dataStream:|priority:0|startupRole:FOLLOWER, s2|rpc:0.0.0.0:43137|dataStream:|priority:0|startupRole:FOLLOWER]|listeners:[], old=peers:[s0|rpc:localhost:39295|admin:localhost:44843|client:localhost:40991|dataStream:localhost:40677|priority:0|startupRole:FOLLOWER]|listeners:[]
2023-08-18 03:36:18,514 [grpc-default-executor-0] INFO  server.RaftServer$Division (RaftServerImpl.java:requestVote(1344)) - s1@group-E264CA5F8311: receive requestVote(PRE_VOTE, s0, group-E264CA5F8311, 1, (t:1, i:255))
2023-08-18 03:36:18,514 [grpc-default-executor-4] INFO  server.RaftServer$Division (RaftServerImpl.java:requestVote(1344)) - s2@group-E264CA5F8311: receive requestVote(PRE_VOTE, s0, group-E264CA5F8311, 1, (t:1, i:255))
2023-08-18 03:36:18,514 [grpc-default-executor-0] WARN  server.GrpcServerProtocolService (LogUtils.java:warn(122)) - s1: Failed requestVote s0->s1#0: org.apache.ratis.protocol.exceptions.ServerNotReadyException: s1@group-E264CA5F8311 is not in [RUNNING]: current state is STARTING
2023-08-18 03:36:18,514 [grpc-default-executor-4] WARN  server.GrpcServerProtocolService (LogUtils.java:warn(122)) - s2: Failed requestVote s0->s2#0: org.apache.ratis.protocol.exceptions.ServerNotReadyException: s2@group-E264CA5F8311 is not in [RUNNING]: current state is STARTING
2023-08-18 03:36:18,516 [s0@group-E264CA5F8311-LeaderElection33] INFO  impl.LeaderElection (LogUtils.java:infoOrTrace(137)) - s0@group-E264CA5F8311-LeaderElection33 got exception when requesting votes: java.util.concurrent.ExecutionException: org.apache.ratis.thirdparty.io.grpc.StatusRuntimeException: INTERNAL: s1@group-E264CA5F8311 is not in [RUNNING]: current state is STARTING
2023-08-18 03:36:18,516 [s0@group-E264CA5F8311-LeaderElection33] INFO  impl.LeaderElection (LogUtils.java:infoOrTrace(137)) - s0@group-E264CA5F8311-LeaderElection33 got exception when requesting votes: java.util.concurrent.ExecutionException: org.apache.ratis.thirdparty.io.grpc.StatusRuntimeException: INTERNAL: s2@group-E264CA5F8311 is not in [RUNNING]: current state is STARTING
2023-08-18 03:36:18,516 [s0@group-E264CA5F8311-LeaderElection33] INFO  impl.LeaderElection (LeaderElection.java:logAndReturn(89)) - s0@group-E264CA5F8311-LeaderElection33: PRE_VOTE REJECTED received 0 response(s) and 2 exception(s):
2023-08-18 03:36:18,516 [s0@group-E264CA5F8311-LeaderElection33] INFO  impl.LeaderElection (LogUtils.java:infoOrTrace(137)) -   Exception 0: java.util.concurrent.ExecutionException: org.apache.ratis.thirdparty.io.grpc.StatusRuntimeException: INTERNAL: s1@group-E264CA5F8311 is not in [RUNNING]: current state is STARTING
2023-08-18 03:36:18,516 [s0@group-E264CA5F8311-LeaderElection33] INFO  impl.LeaderElection (LogUtils.java:infoOrTrace(137)) -   Exception 1: java.util.concurrent.ExecutionException: org.apache.ratis.thirdparty.io.grpc.StatusRuntimeException: INTERNAL: s2@group-E264CA5F8311 is not in [RUNNING]: current state is STARTING
2023-08-18 03:36:18,516 [s0@group-E264CA5F8311-LeaderElection33] INFO  impl.LeaderElection (LeaderElection.java:askForVotes(322)) - s0@group-E264CA5F8311-LeaderElection33 PRE_VOTE round 0: result REJECTED
2023-08-18 03:36:18,516 [s0@group-E264CA5F8311-LeaderElection33] INFO  server.RaftServer$Division (RaftServerImpl.java:setRole(371)) - s0@group-E264CA5F8311: changes role from CANDIDATE to FOLLOWER at term 1 for REJECTED
2023-08-18 03:36:18,516 [s0@group-E264CA5F8311-LeaderElection33] INFO  impl.RoleInfo (RoleInfo.java:shutdownLeaderElection(129)) - s0: shutdown s0@group-E264CA5F8311-LeaderElection33
2023-08-18 03:36:18,516 [s0@group-E264CA5F8311-LeaderElection33] INFO  impl.RoleInfo (RoleInfo.java:updateAndGet(138)) - s0: start s0@group-E264CA5F8311-FollowerState
2023-08-18 03:36:18,618 [s0-server-thread1] INFO  server.RaftServer$Division (RaftServerImpl.java:setConfigurationAsync(1238)) - s0@group-E264CA5F8311: receive setConfiguration SetConfigurationRequest:client-255CF6B0DA3F->s0@group-E264CA5F8311, cid=386, seq=0, RW, null, SET_UNCONDITIONALLY, servers:[s1|rpc:0.0.0.0:34459|dataStream:|priority:0|startupRole:FOLLOWER, s2|rpc:0.0.0.0:43137|dataStream:|priority:0|startupRole:FOLLOWER, s0|rpc:localhost:39295|admin:localhost:44843|client:localhost:40991|dataStream:localhost:40677|priority:0|startupRole:FOLLOWER], listeners:[]
2023-08-18 03:36:18,725 [s1-server-thread1] INFO  server.RaftServer$Division (RaftServerImpl.java:setConfigurationAsync(1238)) - s1@group-E264CA5F8311: receive setConfiguration SetConfigurationRequest:client-255CF6B0DA3F->s1@group-E264CA5F8311, cid=386, seq=0, RW, null, SET_UNCONDITIONALLY, servers:[s1|rpc:0.0.0.0:34459|dataStream:|priority:0|startupRole:FOLLOWER, s2|rpc:0.0.0.0:43137|dataStream:|priority:0|startupRole:FOLLOWER, s0|rpc:localhost:39295|admin:localhost:44843|client:localhost:40991|dataStream:localhost:40677|priority:0|startupRole:FOLLOWER], listeners:[]
2023-08-18 03:36:18,785 [s0@group-E264CA5F8311-FollowerState] INFO  impl.FollowerState (FollowerState.java:run(143)) - s0@group-E264CA5F8311-FollowerState: change to CANDIDATE, lastRpcElapsedTime:269480003ns, electionTimeout:269ms
2023-08-18 03:36:18,785 [s0@group-E264CA5F8311-FollowerState] INFO  impl.RoleInfo (RoleInfo.java:shutdownFollowerState(109)) - s0: shutdown s0@group-E264CA5F8311-FollowerState
2023-08-18 03:36:18,786 [s0@group-E264CA5F8311-FollowerState] INFO  server.RaftServer$Division (RaftServerImpl.java:setRole(371)) - s0@group-E264CA5F8311: changes role from  FOLLOWER to CANDIDATE at term 1 for changeToCandidate
2023-08-18 03:36:18,786 [s0@group-E264CA5F8311-FollowerState] INFO  server.RaftServerConfigKeys (ConfUtils.java:logGet(46)) - raft.server.leaderelection.pre-vote = true (default)
2023-08-18 03:36:18,786 [s0@group-E264CA5F8311-FollowerState] INFO  impl.RoleInfo (RoleInfo.java:updateAndGet(138)) - s0: start s0@group-E264CA5F8311-LeaderElection34
2023-08-18 03:36:18,786 [s0@group-E264CA5F8311-LeaderElection34] INFO  impl.LeaderElection (LeaderElection.java:askForVotes(320)) - s0@group-E264CA5F8311-LeaderElection34 PRE_VOTE round 0: submit vote requests at term 1 for 255: peers:[s0|rpc:localhost:39295|admin:localhost:44843|client:localhost:40991|dataStream:localhost:40677|priority:0|startupRole:FOLLOWER, s1|rpc:0.0.0.0:34459|dataStream:|priority:0|startupRole:FOLLOWER, s2|rpc:0.0.0.0:43137|dataStream:|priority:0|startupRole:FOLLOWER]|listeners:[], old=peers:[s0|rpc:localhost:39295|admin:localhost:44843|client:localhost:40991|dataStream:localhost:40677|priority:0|startupRole:FOLLOWER]|listeners:[]
2023-08-18 03:36:18,788 [grpc-default-executor-4] INFO  server.RaftServer$Division (RaftServerImpl.java:requestVote(1344)) - s1@group-E264CA5F8311: receive requestVote(PRE_VOTE, s0, group-E264CA5F8311, 1, (t:1, i:255))
2023-08-18 03:36:18,788 [grpc-default-executor-4] WARN  server.GrpcServerProtocolService (LogUtils.java:warn(122)) - s1: Failed requestVote s0->s1#0: org.apache.ratis.protocol.exceptions.ServerNotReadyException: s1@group-E264CA5F8311 is not in [RUNNING]: current state is STARTING
2023-08-18 03:36:18,789 [s0@group-E264CA5F8311-LeaderElection34] INFO  impl.LeaderElection (LogUtils.java:infoOrTrace(137)) - s0@group-E264CA5F8311-LeaderElection34 got exception when requesting votes: java.util.concurrent.ExecutionException: org.apache.ratis.thirdparty.io.grpc.StatusRuntimeException: INTERNAL: s1@group-E264CA5F8311 is not in [RUNNING]: current state is STARTING
2023-08-18 03:36:18,789 [grpc-default-executor-4] INFO  server.RaftServer$Division (RaftServerImpl.java:requestVote(1344)) - s2@group-E264CA5F8311: receive requestVote(PRE_VOTE, s0, group-E264CA5F8311, 1, (t:1, i:255))
2023-08-18 03:36:18,789 [grpc-default-executor-4] WARN  server.GrpcServerProtocolService (LogUtils.java:warn(122)) - s2: Failed requestVote s0->s2#0: org.apache.ratis.protocol.exceptions.ServerNotReadyException: s2@group-E264CA5F8311 is not in [RUNNING]: current state is STARTING
2023-08-18 03:36:18,790 [s0@group-E264CA5F8311-LeaderElection34] INFO  impl.LeaderElection (LogUtils.java:infoOrTrace(137)) - s0@group-E264CA5F8311-LeaderElection34 got exception when requesting votes: java.util.concurrent.ExecutionException: org.apache.ratis.thirdparty.io.grpc.StatusRuntimeException: INTERNAL: s2@group-E264CA5F8311 is not in [RUNNING]: current state is STARTING
2023-08-18 03:36:18,790 [s0@group-E264CA5F8311-LeaderElection34] INFO  impl.LeaderElection (LeaderElection.java:logAndReturn(89)) - s0@group-E264CA5F8311-LeaderElection34: PRE_VOTE REJECTED received 0 response(s) and 2 exception(s):
2023-08-18 03:36:18,790 [s0@group-E264CA5F8311-LeaderElection34] INFO  impl.LeaderElection (LogUtils.java:infoOrTrace(137)) -   Exception 0: java.util.concurrent.ExecutionException: org.apache.ratis.thirdparty.io.grpc.StatusRuntimeException: INTERNAL: s1@group-E264CA5F8311 is not in [RUNNING]: current state is STARTING
2023-08-18 03:36:18,790 [s0@group-E264CA5F8311-LeaderElection34] INFO  impl.LeaderElection (LogUtils.java:infoOrTrace(137)) -   Exception 1: java.util.concurrent.ExecutionException: org.apache.ratis.thirdparty.io.grpc.StatusRuntimeException: INTERNAL: s2@group-E264CA5F8311 is not in [RUNNING]: current state is STARTING
2023-08-18 03:36:18,790 [s0@group-E264CA5F8311-LeaderElection34] INFO  impl.LeaderElection (LeaderElection.java:askForVotes(322)) - s0@group-E264CA5F8311-LeaderElection34 PRE_VOTE round 0: result REJECTED
2023-08-18 03:36:18,790 [s0@group-E264CA5F8311-LeaderElection34] INFO  server.RaftServer$Division (RaftServerImpl.java:setRole(371)) - s0@group-E264CA5F8311: changes role from CANDIDATE to FOLLOWER at term 1 for REJECTED
2023-08-18 03:36:18,790 [s0@group-E264CA5F8311-LeaderElection34] INFO  impl.RoleInfo (RoleInfo.java:shutdownLeaderElection(129)) - s0: shutdown s0@group-E264CA5F8311-LeaderElection34
2023-08-18 03:36:18,790 [s0@group-E264CA5F8311-LeaderElection34] INFO  impl.RoleInfo (RoleInfo.java:updateAndGet(138)) - s0: start s0@group-E264CA5F8311-FollowerState
2023-08-18 03:36:18,830 [s2-server-thread1] INFO  server.RaftServer$Division (RaftServerImpl.java:setConfigurationAsync(1238)) - s2@group-E264CA5F8311: receive setConfiguration SetConfigurationRequest:client-255CF6B0DA3F->s2@group-E264CA5F8311, cid=386, seq=0, RW, null, SET_UNCONDITIONALLY, servers:[s1|rpc:0.0.0.0:34459|dataStream:|priority:0|startupRole:FOLLOWER, s2|rpc:0.0.0.0:43137|dataStream:|priority:0|startupRole:FOLLOWER, s0|rpc:localhost:39295|admin:localhost:44843|client:localhost:40991|dataStream:localhost:40677|priority:0|startupRole:FOLLOWER], listeners:[]
2023-08-18 03:36:18,935 [s1-server-thread1] INFO  server.RaftServer$Division (RaftServerImpl.java:setConfigurationAsync(1238)) - s1@group-E264CA5F8311: receive setConfiguration SetConfigurationRequest:client-255CF6B0DA3F->s1@group-E264CA5F8311, cid=386, seq=0, RW, null, SET_UNCONDITIONALLY, servers:[s1|rpc:0.0.0.0:34459|dataStream:|priority:0|startupRole:FOLLOWER, s2|rpc:0.0.0.0:43137|dataStream:|priority:0|startupRole:FOLLOWER, s0|rpc:localhost:39295|admin:localhost:44843|client:localhost:40991|dataStream:localhost:40677|priority:0|startupRole:FOLLOWER], listeners:[]
2023-08-18 03:36:19,040 [s0-server-thread1] INFO  server.RaftServer$Division (RaftServerImpl.java:setConfigurationAsync(1238)) - s0@group-E264CA5F8311: receive setConfiguration SetConfigurationRequest:client-255CF6B0DA3F->s0@group-E264CA5F8311, cid=386, seq=0, RW, null, SET_UNCONDITIONALLY, servers:[s1|rpc:0.0.0.0:34459|dataStream:|priority:0|startupRole:FOLLOWER, s2|rpc:0.0.0.0:43137|dataStream:|priority:0|startupRole:FOLLOWER, s0|rpc:localhost:39295|admin:localhost:44843|client:localhost:40991|dataStream:localhost:40677|priority:0|startupRole:FOLLOWER], listeners:[]
2023-08-18 03:36:19,057 [s0@group-E264CA5F8311-FollowerState] INFO  impl.FollowerState (FollowerState.java:run(143)) - s0@group-E264CA5F8311-FollowerState: change to CANDIDATE, lastRpcElapsedTime:267395023ns, electionTimeout:267ms
2023-08-18 03:36:19,057 [s0@group-E264CA5F8311-FollowerState] INFO  impl.RoleInfo (RoleInfo.java:shutdownFollowerState(109)) - s0: shutdown s0@group-E264CA5F8311-FollowerState
2023-08-18 03:36:19,058 [s0@group-E264CA5F8311-FollowerState] INFO  server.RaftServer$Division (RaftServerImpl.java:setRole(371)) - s0@group-E264CA5F8311: changes role from  FOLLOWER to CANDIDATE at term 1 for changeToCandidate
2023-08-18 03:36:19,058 [s0@group-E264CA5F8311-FollowerState] INFO  server.RaftServerConfigKeys (ConfUtils.java:logGet(46)) - raft.server.leaderelection.pre-vote = true (default)
2023-08-18 03:36:19,058 [s0@group-E264CA5F8311-FollowerState] INFO  impl.RoleInfo (RoleInfo.java:updateAndGet(138)) - s0: start s0@group-E264CA5F8311-LeaderElection35
2023-08-18 03:36:19,058 [s0@group-E264CA5F8311-LeaderElection35] INFO  impl.LeaderElection (LeaderElection.java:askForVotes(320)) - s0@group-E264CA5F8311-LeaderElection35 PRE_VOTE round 0: submit vote requests at term 1 for 255: peers:[s0|rpc:localhost:39295|admin:localhost:44843|client:localhost:40991|dataStream:localhost:40677|priority:0|startupRole:FOLLOWER, s1|rpc:0.0.0.0:34459|dataStream:|priority:0|startupRole:FOLLOWER, s2|rpc:0.0.0.0:43137|dataStream:|priority:0|startupRole:FOLLOWER]|listeners:[], old=peers:[s0|rpc:localhost:39295|admin:localhost:44843|client:localhost:40991|dataStream:localhost:40677|priority:0|startupRole:FOLLOWER]|listeners:[]
2023-08-18 03:36:19,059 [grpc-default-executor-0] INFO  server.RaftServer$Division (RaftServerImpl.java:requestVote(1344)) - s2@group-E264CA5F8311: receive requestVote(PRE_VOTE, s0, group-E264CA5F8311, 1, (t:1, i:255))
2023-08-18 03:36:19,059 [grpc-default-executor-0] WARN  server.GrpcServerProtocolService (LogUtils.java:warn(122)) - s2: Failed requestVote s0->s2#0: org.apache.ratis.protocol.exceptions.ServerNotReadyException: s2@group-E264CA5F8311 is not in [RUNNING]: current state is STARTING
2023-08-18 03:36:19,063 [grpc-default-executor-4] INFO  server.RaftServer$Division (RaftServerImpl.java:requestVote(1344)) - s1@group-E264CA5F8311: receive requestVote(PRE_VOTE, s0, group-E264CA5F8311, 1, (t:1, i:255))
2023-08-18 03:36:19,063 [grpc-default-executor-4] WARN  server.GrpcServerProtocolService (LogUtils.java:warn(122)) - s1: Failed requestVote s0->s1#0: org.apache.ratis.protocol.exceptions.ServerNotReadyException: s1@group-E264CA5F8311 is not in [RUNNING]: current state is STARTING
2023-08-18 03:36:19,066 [s0@group-E264CA5F8311-LeaderElection35] INFO  impl.LeaderElection (LogUtils.java:infoOrTrace(137)) - s0@group-E264CA5F8311-LeaderElection35 got exception when requesting votes: java.util.concurrent.ExecutionException: org.apache.ratis.thirdparty.io.grpc.StatusRuntimeException: INTERNAL: s2@group-E264CA5F8311 is not in [RUNNING]: current state is STARTING
2023-08-18 03:36:19,066 [s0@group-E264CA5F8311-LeaderElection35] INFO  impl.LeaderElection (LogUtils.java:infoOrTrace(137)) - s0@group-E264CA5F8311-LeaderElection35 got exception when requesting votes: java.util.concurrent.ExecutionException: org.apache.ratis.thirdparty.io.grpc.StatusRuntimeException: INTERNAL: s1@group-E264CA5F8311 is not in [RUNNING]: current state is STARTING
2023-08-18 03:36:19,066 [s0@group-E264CA5F8311-LeaderElection35] INFO  impl.LeaderElection (LeaderElection.java:logAndReturn(89)) - s0@group-E264CA5F8311-LeaderElection35: PRE_VOTE REJECTED received 0 response(s) and 2 exception(s):
2023-08-18 03:36:19,066 [s0@group-E264CA5F8311-LeaderElection35] INFO  impl.LeaderElection (LogUtils.java:infoOrTrace(137)) -   Exception 0: java.util.concurrent.ExecutionException: org.apache.ratis.thirdparty.io.grpc.StatusRuntimeException: INTERNAL: s2@group-E264CA5F8311 is not in [RUNNING]: current state is STARTING
2023-08-18 03:36:19,066 [s0@group-E264CA5F8311-LeaderElection35] INFO  impl.LeaderElection (LogUtils.java:infoOrTrace(137)) -   Exception 1: java.util.concurrent.ExecutionException: org.apache.ratis.thirdparty.io.grpc.StatusRuntimeException: INTERNAL: s1@group-E264CA5F8311 is not in [RUNNING]: current state is STARTING
2023-08-18 03:36:19,066 [s0@group-E264CA5F8311-LeaderElection35] INFO  impl.LeaderElection (LeaderElection.java:askForVotes(322)) - s0@group-E264CA5F8311-LeaderElection35 PRE_VOTE round 0: result REJECTED
2023-08-18 03:36:19,067 [s0@group-E264CA5F8311-LeaderElection35] INFO  server.RaftServer$Division (RaftServerImpl.java:setRole(371)) - s0@group-E264CA5F8311: changes role from CANDIDATE to FOLLOWER at term 1 for REJECTED
2023-08-18 03:36:19,067 [s0@group-E264CA5F8311-LeaderElection35] INFO  impl.RoleInfo (RoleInfo.java:shutdownLeaderElection(129)) - s0: shutdown s0@group-E264CA5F8311-LeaderElection35
2023-08-18 03:36:19,067 [s0@group-E264CA5F8311-LeaderElection35] INFO  impl.RoleInfo (RoleInfo.java:updateAndGet(138)) - s0: start s0@group-E264CA5F8311-FollowerState
2023-08-18 03:36:19,145 [s1-server-thread1] INFO  server.RaftServer$Division (RaftServerImpl.java:setConfigurationAsync(1238)) - s1@group-E264CA5F8311: receive setConfiguration SetConfigurationRequest:client-255CF6B0DA3F->s1@group-E264CA5F8311, cid=386, seq=0, RW, null, SET_UNCONDITIONALLY, servers:[s1|rpc:0.0.0.0:34459|dataStream:|priority:0|startupRole:FOLLOWER, s2|rpc:0.0.0.0:43137|dataStream:|priority:0|startupRole:FOLLOWER, s0|rpc:localhost:39295|admin:localhost:44843|client:localhost:40991|dataStream:localhost:40677|priority:0|startupRole:FOLLOWER], listeners:[]
2023-08-18 03:36:19,246 [s0@group-E264CA5F8311-FollowerState] INFO  impl.FollowerState (FollowerState.java:run(143)) - s0@group-E264CA5F8311-FollowerState: change to CANDIDATE, lastRpcElapsedTime:179291772ns, electionTimeout:179ms
2023-08-18 03:36:19,246 [s0@group-E264CA5F8311-FollowerState] INFO  impl.RoleInfo (RoleInfo.java:shutdownFollowerState(109)) - s0: shutdown s0@group-E264CA5F8311-FollowerState
2023-08-18 03:36:19,246 [s0@group-E264CA5F8311-FollowerState] INFO  server.RaftServer$Division (RaftServerImpl.java:setRole(371)) - s0@group-E264CA5F8311: changes role from  FOLLOWER to CANDIDATE at term 1 for changeToCandidate
2023-08-18 03:36:19,246 [s0@group-E264CA5F8311-FollowerState] INFO  server.RaftServerConfigKeys (ConfUtils.java:logGet(46)) - raft.server.leaderelection.pre-vote = true (default)
2023-08-18 03:36:19,246 [s0@group-E264CA5F8311-FollowerState] INFO  impl.RoleInfo (RoleInfo.java:updateAndGet(138)) - s0: start s0@group-E264CA5F8311-LeaderElection36
2023-08-18 03:36:19,247 [s0@group-E264CA5F8311-LeaderElection36] INFO  impl.LeaderElection (LeaderElection.java:askForVotes(320)) - s0@group-E264CA5F8311-LeaderElection36 PRE_VOTE round 0: submit vote requests at term 1 for 255: peers:[s0|rpc:localhost:39295|admin:localhost:44843|client:localhost:40991|dataStream:localhost:40677|priority:0|startupRole:FOLLOWER, s1|rpc:0.0.0.0:34459|dataStream:|priority:0|startupRole:FOLLOWER, s2|rpc:0.0.0.0:43137|dataStream:|priority:0|startupRole:FOLLOWER]|listeners:[], old=peers:[s0|rpc:localhost:39295|admin:localhost:44843|client:localhost:40991|dataStream:localhost:40677|priority:0|startupRole:FOLLOWER]|listeners:[]
2023-08-18 03:36:19,251 [grpc-default-executor-0] INFO  server.RaftServer$Division (RaftServerImpl.java:requestVote(1344)) - s2@group-E264CA5F8311: receive requestVote(PRE_VOTE, s0, group-E264CA5F8311, 1, (t:1, i:255))
2023-08-18 03:36:19,251 [grpc-default-executor-0] WARN  server.GrpcServerProtocolService (LogUtils.java:warn(122)) - s2: Failed requestVote s0->s2#0: org.apache.ratis.protocol.exceptions.ServerNotReadyException: s2@group-E264CA5F8311 is not in [RUNNING]: current state is STARTING
2023-08-18 03:36:19,252 [grpc-default-executor-4] INFO  server.RaftServer$Division (RaftServerImpl.java:requestVote(1344)) - s1@group-E264CA5F8311: receive requestVote(PRE_VOTE, s0, group-E264CA5F8311, 1, (t:1, i:255))
2023-08-18 03:36:19,252 [grpc-default-executor-4] WARN  server.GrpcServerProtocolService (LogUtils.java:warn(122)) - s1: Failed requestVote s0->s1#0: org.apache.ratis.protocol.exceptions.ServerNotReadyException: s1@group-E264CA5F8311 is not in [RUNNING]: current state is STARTING
2023-08-18 03:36:19,252 [s0@group-E264CA5F8311-LeaderElection36] INFO  impl.LeaderElection (LogUtils.java:infoOrTrace(137)) - s0@group-E264CA5F8311-LeaderElection36 got exception when requesting votes: java.util.concurrent.ExecutionException: org.apache.ratis.thirdparty.io.grpc.StatusRuntimeException: INTERNAL: s1@group-E264CA5F8311 is not in [RUNNING]: current state is STARTING
2023-08-18 03:36:19,253 [s0-server-thread1] INFO  server.RaftServer$Division (RaftServerImpl.java:setConfigurationAsync(1238)) - s0@group-E264CA5F8311: receive setConfiguration SetConfigurationRequest:client-255CF6B0DA3F->s0@group-E264CA5F8311, cid=386, seq=0, RW, null, SET_UNCONDITIONALLY, servers:[s1|rpc:0.0.0.0:34459|dataStream:|priority:0|startupRole:FOLLOWER, s2|rpc:0.0.0.0:43137|dataStream:|priority:0|startupRole:FOLLOWER, s0|rpc:localhost:39295|admin:localhost:44843|client:localhost:40991|dataStream:localhost:40677|priority:0|startupRole:FOLLOWER], listeners:[]
2023-08-18 03:36:19,253 [s0@group-E264CA5F8311-LeaderElection36] INFO  impl.LeaderElection (LogUtils.java:infoOrTrace(137)) - s0@group-E264CA5F8311-LeaderElection36 got exception when requesting votes: java.util.concurrent.ExecutionException: org.apache.ratis.thirdparty.io.grpc.StatusRuntimeException: INTERNAL: s2@group-E264CA5F8311 is not in [RUNNING]: current state is STARTING
2023-08-18 03:36:19,253 [s0@group-E264CA5F8311-LeaderElection36] INFO  impl.LeaderElection (LeaderElection.java:logAndReturn(89)) - s0@group-E264CA5F8311-LeaderElection36: PRE_VOTE REJECTED received 0 response(s) and 2 exception(s):
2023-08-18 03:36:19,253 [s0@group-E264CA5F8311-LeaderElection36] INFO  impl.LeaderElection (LogUtils.java:infoOrTrace(137)) -   Exception 0: java.util.concurrent.ExecutionException: org.apache.ratis.thirdparty.io.grpc.StatusRuntimeException: INTERNAL: s1@group-E264CA5F8311 is not in [RUNNING]: current state is STARTING
2023-08-18 03:36:19,253 [s0@group-E264CA5F8311-LeaderElection36] INFO  impl.LeaderElection (LogUtils.java:infoOrTrace(137)) -   Exception 1: java.util.concurrent.ExecutionException: org.apache.ratis.thirdparty.io.grpc.StatusRuntimeException: INTERNAL: s2@group-E264CA5F8311 is not in [RUNNING]: current state is STARTING
2023-08-18 03:36:19,253 [s0@group-E264CA5F8311-LeaderElection36] INFO  impl.LeaderElection (LeaderElection.java:askForVotes(322)) - s0@group-E264CA5F8311-LeaderElection36 PRE_VOTE round 0: result REJECTED
2023-08-18 03:36:19,253 [s0@group-E264CA5F8311-LeaderElection36] INFO  server.RaftServer$Division (RaftServerImpl.java:setRole(371)) - s0@group-E264CA5F8311: changes role from CANDIDATE to FOLLOWER at term 1 for REJECTED
2023-08-18 03:36:19,253 [s0@group-E264CA5F8311-LeaderElection36] INFO  impl.RoleInfo (RoleInfo.java:shutdownLeaderElection(129)) - s0: shutdown s0@group-E264CA5F8311-LeaderElection36
2023-08-18 03:36:19,253 [s0@group-E264CA5F8311-LeaderElection36] INFO  impl.RoleInfo (RoleInfo.java:updateAndGet(138)) - s0: start s0@group-E264CA5F8311-FollowerState
2023-08-18 03:36:19,358 [s2-server-thread1] INFO  server.RaftServer$Division (RaftServerImpl.java:setConfigurationAsync(1238)) - s2@group-E264CA5F8311: receive setConfiguration SetConfigurationRequest:client-255CF6B0DA3F->s2@group-E264CA5F8311, cid=386, seq=0, RW, null, SET_UNCONDITIONALLY, servers:[s1|rpc:0.0.0.0:34459|dataStream:|priority:0|startupRole:FOLLOWER, s2|rpc:0.0.0.0:43137|dataStream:|priority:0|startupRole:FOLLOWER, s0|rpc:localhost:39295|admin:localhost:44843|client:localhost:40991|dataStream:localhost:40677|priority:0|startupRole:FOLLOWER], listeners:[]
2023-08-18 03:36:19,468 [s0-server-thread1] INFO  server.RaftServer$Division (RaftServerImpl.java:setConfigurationAsync(1238)) - s0@group-E264CA5F8311: receive setConfiguration SetConfigurationRequest:client-255CF6B0DA3F->s0@group-E264CA5F8311, cid=386, seq=0, RW, null, SET_UNCONDITIONALLY, servers:[s1|rpc:0.0.0.0:34459|dataStream:|priority:0|startupRole:FOLLOWER, s2|rpc:0.0.0.0:43137|dataStream:|priority:0|startupRole:FOLLOWER, s0|rpc:localhost:39295|admin:localhost:44843|client:localhost:40991|dataStream:localhost:40677|priority:0|startupRole:FOLLOWER], listeners:[]
2023-08-18 03:36:19,528 [s0@group-E264CA5F8311-FollowerState] INFO  impl.FollowerState (FollowerState.java:run(143)) - s0@group-E264CA5F8311-FollowerState: change to CANDIDATE, lastRpcElapsedTime:274419156ns, electionTimeout:274ms
2023-08-18 03:36:19,528 [s0@group-E264CA5F8311-FollowerState] INFO  impl.RoleInfo (RoleInfo.java:shutdownFollowerState(109)) - s0: shutdown s0@group-E264CA5F8311-FollowerState
2023-08-18 03:36:19,528 [s0@group-E264CA5F8311-FollowerState] INFO  server.RaftServer$Division (RaftServerImpl.java:setRole(371)) - s0@group-E264CA5F8311: changes role from  FOLLOWER to CANDIDATE at term 1 for changeToCandidate
2023-08-18 03:36:19,528 [s0@group-E264CA5F8311-FollowerState] INFO  server.RaftServerConfigKeys (ConfUtils.java:logGet(46)) - raft.server.leaderelection.pre-vote = true (default)
2023-08-18 03:36:19,528 [s0@group-E264CA5F8311-FollowerState] INFO  impl.RoleInfo (RoleInfo.java:updateAndGet(138)) - s0: start s0@group-E264CA5F8311-LeaderElection37
2023-08-18 03:36:19,528 [s0@group-E264CA5F8311-LeaderElection37] INFO  impl.LeaderElection (LeaderElection.java:askForVotes(320)) - s0@group-E264CA5F8311-LeaderElection37 PRE_VOTE round 0: submit vote requests at term 1 for 255: peers:[s0|rpc:localhost:39295|admin:localhost:44843|client:localhost:40991|dataStream:localhost:40677|priority:0|startupRole:FOLLOWER, s1|rpc:0.0.0.0:34459|dataStream:|priority:0|startupRole:FOLLOWER, s2|rpc:0.0.0.0:43137|dataStream:|priority:0|startupRole:FOLLOWER]|listeners:[], old=peers:[s0|rpc:localhost:39295|admin:localhost:44843|client:localhost:40991|dataStream:localhost:40677|priority:0|startupRole:FOLLOWER]|listeners:[]
2023-08-18 03:36:19,531 [grpc-default-executor-4] INFO  server.RaftServer$Division (RaftServerImpl.java:requestVote(1344)) - s1@group-E264CA5F8311: receive requestVote(PRE_VOTE, s0, group-E264CA5F8311, 1, (t:1, i:255))
2023-08-18 03:36:19,531 [grpc-default-executor-4] WARN  server.GrpcServerProtocolService (LogUtils.java:warn(122)) - s1: Failed requestVote s0->s1#0: org.apache.ratis.protocol.exceptions.ServerNotReadyException: s1@group-E264CA5F8311 is not in [RUNNING]: current state is STARTING
2023-08-18 03:36:19,531 [grpc-default-executor-4] INFO  server.RaftServer$Division (RaftServerImpl.java:requestVote(1344)) - s2@group-E264CA5F8311: receive requestVote(PRE_VOTE, s0, group-E264CA5F8311, 1, (t:1, i:255))
2023-08-18 03:36:19,532 [grpc-default-executor-4] WARN  server.GrpcServerProtocolService (LogUtils.java:warn(122)) - s2: Failed requestVote s0->s2#0: org.apache.ratis.protocol.exceptions.ServerNotReadyException: s2@group-E264CA5F8311 is not in [RUNNING]: current state is STARTING
2023-08-18 03:36:19,532 [s0@group-E264CA5F8311-LeaderElection37] INFO  impl.LeaderElection (LogUtils.java:infoOrTrace(137)) - s0@group-E264CA5F8311-LeaderElection37 got exception when requesting votes: java.util.concurrent.ExecutionException: org.apache.ratis.thirdparty.io.grpc.StatusRuntimeException: INTERNAL: s1@group-E264CA5F8311 is not in [RUNNING]: current state is STARTING
2023-08-18 03:36:19,532 [s0@group-E264CA5F8311-LeaderElection37] INFO  impl.LeaderElection (LogUtils.java:infoOrTrace(137)) - s0@group-E264CA5F8311-LeaderElection37 got exception when requesting votes: java.util.concurrent.ExecutionException: org.apache.ratis.thirdparty.io.grpc.StatusRuntimeException: INTERNAL: s2@group-E264CA5F8311 is not in [RUNNING]: current state is STARTING
2023-08-18 03:36:19,532 [s0@group-E264CA5F8311-LeaderElection37] INFO  impl.LeaderElection (LeaderElection.java:logAndReturn(89)) - s0@group-E264CA5F8311-LeaderElection37: PRE_VOTE REJECTED received 0 response(s) and 2 exception(s):
2023-08-18 03:36:19,532 [s0@group-E264CA5F8311-LeaderElection37] INFO  impl.LeaderElection (LogUtils.java:infoOrTrace(137)) -   Exception 0: java.util.concurrent.ExecutionException: org.apache.ratis.thirdparty.io.grpc.StatusRuntimeException: INTERNAL: s1@group-E264CA5F8311 is not in [RUNNING]: current state is STARTING
2023-08-18 03:36:19,532 [s0@group-E264CA5F8311-LeaderElection37] INFO  impl.LeaderElection (LogUtils.java:infoOrTrace(137)) -   Exception 1: java.util.concurrent.ExecutionException: org.apache.ratis.thirdparty.io.grpc.StatusRuntimeException: INTERNAL: s2@group-E264CA5F8311 is not in [RUNNING]: current state is STARTING
2023-08-18 03:36:19,532 [s0@group-E264CA5F8311-LeaderElection37] INFO  impl.LeaderElection (LeaderElection.java:askForVotes(322)) - s0@group-E264CA5F8311-LeaderElection37 PRE_VOTE round 0: result REJECTED
2023-08-18 03:36:19,532 [s0@group-E264CA5F8311-LeaderElection37] INFO  server.RaftServer$Division (RaftServerImpl.java:setRole(371)) - s0@group-E264CA5F8311: changes role from CANDIDATE to FOLLOWER at term 1 for REJECTED
2023-08-18 03:36:19,532 [s0@group-E264CA5F8311-LeaderElection37] INFO  impl.RoleInfo (RoleInfo.java:shutdownLeaderElection(129)) - s0: shutdown s0@group-E264CA5F8311-LeaderElection37
2023-08-18 03:36:19,532 [s0@group-E264CA5F8311-LeaderElection37] INFO  impl.RoleInfo (RoleInfo.java:updateAndGet(138)) - s0: start s0@group-E264CA5F8311-FollowerState
2023-08-18 03:36:19,573 [s2-server-thread1] INFO  server.RaftServer$Division (RaftServerImpl.java:setConfigurationAsync(1238)) - s2@group-E264CA5F8311: receive setConfiguration SetConfigurationRequest:client-255CF6B0DA3F->s2@group-E264CA5F8311, cid=386, seq=0, RW, null, SET_UNCONDITIONALLY, servers:[s1|rpc:0.0.0.0:34459|dataStream:|priority:0|startupRole:FOLLOWER, s2|rpc:0.0.0.0:43137|dataStream:|priority:0|startupRole:FOLLOWER, s0|rpc:localhost:39295|admin:localhost:44843|client:localhost:40991|dataStream:localhost:40677|priority:0|startupRole:FOLLOWER], listeners:[]
2023-08-18 03:36:19,680 [s0-server-thread1] INFO  server.RaftServer$Division (RaftServerImpl.java:setConfigurationAsync(1238)) - s0@group-E264CA5F8311: receive setConfiguration SetConfigurationRequest:client-255CF6B0DA3F->s0@group-E264CA5F8311, cid=386, seq=0, RW, null, SET_UNCONDITIONALLY, servers:[s1|rpc:0.0.0.0:34459|dataStream:|priority:0|startupRole:FOLLOWER, s2|rpc:0.0.0.0:43137|dataStream:|priority:0|startupRole:FOLLOWER, s0|rpc:localhost:39295|admin:localhost:44843|client:localhost:40991|dataStream:localhost:40677|priority:0|startupRole:FOLLOWER], listeners:[]
2023-08-18 03:36:19,703 [s0@group-E264CA5F8311-FollowerState] INFO  impl.FollowerState (FollowerState.java:run(143)) - s0@group-E264CA5F8311-FollowerState: change to CANDIDATE, lastRpcElapsedTime:170383158ns, electionTimeout:170ms
2023-08-18 03:36:19,703 [s0@group-E264CA5F8311-FollowerState] INFO  impl.RoleInfo (RoleInfo.java:shutdownFollowerState(109)) - s0: shutdown s0@group-E264CA5F8311-FollowerState
2023-08-18 03:36:19,703 [s0@group-E264CA5F8311-FollowerState] INFO  server.RaftServer$Division (RaftServerImpl.java:setRole(371)) - s0@group-E264CA5F8311: changes role from  FOLLOWER to CANDIDATE at term 1 for changeToCandidate
2023-08-18 03:36:19,703 [s0@group-E264CA5F8311-FollowerState] INFO  server.RaftServerConfigKeys (ConfUtils.java:logGet(46)) - raft.server.leaderelection.pre-vote = true (default)
2023-08-18 03:36:19,703 [s0@group-E264CA5F8311-FollowerState] INFO  impl.RoleInfo (RoleInfo.java:updateAndGet(138)) - s0: start s0@group-E264CA5F8311-LeaderElection38
2023-08-18 03:36:19,704 [s0@group-E264CA5F8311-LeaderElection38] INFO  impl.LeaderElection (LeaderElection.java:askForVotes(320)) - s0@group-E264CA5F8311-LeaderElection38 PRE_VOTE round 0: submit vote requests at term 1 for 255: peers:[s0|rpc:localhost:39295|admin:localhost:44843|client:localhost:40991|dataStream:localhost:40677|priority:0|startupRole:FOLLOWER, s1|rpc:0.0.0.0:34459|dataStream:|priority:0|startupRole:FOLLOWER, s2|rpc:0.0.0.0:43137|dataStream:|priority:0|startupRole:FOLLOWER]|listeners:[], old=peers:[s0|rpc:localhost:39295|admin:localhost:44843|client:localhost:40991|dataStream:localhost:40677|priority:0|startupRole:FOLLOWER]|listeners:[]
2023-08-18 03:36:19,705 [grpc-default-executor-4] INFO  server.RaftServer$Division (RaftServerImpl.java:requestVote(1344)) - s1@group-E264CA5F8311: receive requestVote(PRE_VOTE, s0, group-E264CA5F8311, 1, (t:1, i:255))
2023-08-18 03:36:19,705 [grpc-default-executor-4] WARN  server.GrpcServerProtocolService (LogUtils.java:warn(122)) - s1: Failed requestVote s0->s1#0: org.apache.ratis.protocol.exceptions.ServerNotReadyException: s1@group-E264CA5F8311 is not in [RUNNING]: current state is STARTING
2023-08-18 03:36:19,706 [s0@group-E264CA5F8311-LeaderElection38] INFO  impl.LeaderElection (LogUtils.java:infoOrTrace(137)) - s0@group-E264CA5F8311-LeaderElection38 got exception when requesting votes: java.util.concurrent.ExecutionException: org.apache.ratis.thirdparty.io.grpc.StatusRuntimeException: INTERNAL: s1@group-E264CA5F8311 is not in [RUNNING]: current state is STARTING
2023-08-18 03:36:19,706 [grpc-default-executor-0] INFO  server.RaftServer$Division (RaftServerImpl.java:requestVote(1344)) - s2@group-E264CA5F8311: receive requestVote(PRE_VOTE, s0, group-E264CA5F8311, 1, (t:1, i:255))
2023-08-18 03:36:19,706 [grpc-default-executor-0] WARN  server.GrpcServerProtocolService (LogUtils.java:warn(122)) - s2: Failed requestVote s0->s2#0: org.apache.ratis.protocol.exceptions.ServerNotReadyException: s2@group-E264CA5F8311 is not in [RUNNING]: current state is STARTING
2023-08-18 03:36:19,706 [s0@group-E264CA5F8311-LeaderElection38] INFO  impl.LeaderElection (LogUtils.java:infoOrTrace(137)) - s0@group-E264CA5F8311-LeaderElection38 got exception when requesting votes: java.util.concurrent.ExecutionException: org.apache.ratis.thirdparty.io.grpc.StatusRuntimeException: INTERNAL: s2@group-E264CA5F8311 is not in [RUNNING]: current state is STARTING
2023-08-18 03:36:19,706 [s0@group-E264CA5F8311-LeaderElection38] INFO  impl.LeaderElection (LeaderElection.java:logAndReturn(89)) - s0@group-E264CA5F8311-LeaderElection38: PRE_VOTE REJECTED received 0 response(s) and 2 exception(s):
2023-08-18 03:36:19,706 [s0@group-E264CA5F8311-LeaderElection38] INFO  impl.LeaderElection (LogUtils.java:infoOrTrace(137)) -   Exception 0: java.util.concurrent.ExecutionException: org.apache.ratis.thirdparty.io.grpc.StatusRuntimeException: INTERNAL: s1@group-E264CA5F8311 is not in [RUNNING]: current state is STARTING
2023-08-18 03:36:19,706 [s0@group-E264CA5F8311-LeaderElection38] INFO  impl.LeaderElection (LogUtils.java:infoOrTrace(137)) -   Exception 1: java.util.concurrent.ExecutionException: org.apache.ratis.thirdparty.io.grpc.StatusRuntimeException: INTERNAL: s2@group-E264CA5F8311 is not in [RUNNING]: current state is STARTING
2023-08-18 03:36:19,706 [s0@group-E264CA5F8311-LeaderElection38] INFO  impl.LeaderElection (LeaderElection.java:askForVotes(322)) - s0@group-E264CA5F8311-LeaderElection38 PRE_VOTE round 0: result REJECTED
2023-08-18 03:36:19,706 [s0@group-E264CA5F8311-LeaderElection38] INFO  server.RaftServer$Division (RaftServerImpl.java:setRole(371)) - s0@group-E264CA5F8311: changes role from CANDIDATE to FOLLOWER at term 1 for REJECTED
2023-08-18 03:36:19,706 [s0@group-E264CA5F8311-LeaderElection38] INFO  impl.RoleInfo (RoleInfo.java:shutdownLeaderElection(129)) - s0: shutdown s0@group-E264CA5F8311-LeaderElection38
2023-08-18 03:36:19,707 [s0@group-E264CA5F8311-LeaderElection38] INFO  impl.RoleInfo (RoleInfo.java:updateAndGet(138)) - s0: start s0@group-E264CA5F8311-FollowerState
2023-08-18 03:36:19,786 [s1-server-thread1] INFO  server.RaftServer$Division (RaftServerImpl.java:setConfigurationAsync(1238)) - s1@group-E264CA5F8311: receive setConfiguration SetConfigurationRequest:client-255CF6B0DA3F->s1@group-E264CA5F8311, cid=386, seq=0, RW, null, SET_UNCONDITIONALLY, servers:[s1|rpc:0.0.0.0:34459|dataStream:|priority:0|startupRole:FOLLOWER, s2|rpc:0.0.0.0:43137|dataStream:|priority:0|startupRole:FOLLOWER, s0|rpc:localhost:39295|admin:localhost:44843|client:localhost:40991|dataStream:localhost:40677|priority:0|startupRole:FOLLOWER], listeners:[]
2023-08-18 03:36:19,891 [s0-server-thread1] INFO  server.RaftServer$Division (RaftServerImpl.java:setConfigurationAsync(1238)) - s0@group-E264CA5F8311: receive setConfiguration SetConfigurationRequest:client-255CF6B0DA3F->s0@group-E264CA5F8311, cid=386, seq=0, RW, null, SET_UNCONDITIONALLY, servers:[s1|rpc:0.0.0.0:34459|dataStream:|priority:0|startupRole:FOLLOWER, s2|rpc:0.0.0.0:43137|dataStream:|priority:0|startupRole:FOLLOWER, s0|rpc:localhost:39295|admin:localhost:44843|client:localhost:40991|dataStream:localhost:40677|priority:0|startupRole:FOLLOWER], listeners:[]
2023-08-18 03:36:19,988 [s0@group-E264CA5F8311-FollowerState] INFO  impl.FollowerState (FollowerState.java:run(143)) - s0@group-E264CA5F8311-FollowerState: change to CANDIDATE, lastRpcElapsedTime:281499787ns, electionTimeout:281ms
2023-08-18 03:36:19,988 [s0@group-E264CA5F8311-FollowerState] INFO  impl.RoleInfo (RoleInfo.java:shutdownFollowerState(109)) - s0: shutdown s0@group-E264CA5F8311-FollowerState
2023-08-18 03:36:19,988 [s0@group-E264CA5F8311-FollowerState] INFO  server.RaftServer$Division (RaftServerImpl.java:setRole(371)) - s0@group-E264CA5F8311: changes role from  FOLLOWER to CANDIDATE at term 1 for changeToCandidate
2023-08-18 03:36:19,988 [s0@group-E264CA5F8311-FollowerState] INFO  server.RaftServerConfigKeys (ConfUtils.java:logGet(46)) - raft.server.leaderelection.pre-vote = true (default)
2023-08-18 03:36:19,988 [s0@group-E264CA5F8311-FollowerState] INFO  impl.RoleInfo (RoleInfo.java:updateAndGet(138)) - s0: start s0@group-E264CA5F8311-LeaderElection39
2023-08-18 03:36:19,989 [s0@group-E264CA5F8311-LeaderElection39] INFO  impl.LeaderElection (LeaderElection.java:askForVotes(320)) - s0@group-E264CA5F8311-LeaderElection39 PRE_VOTE round 0: submit vote requests at term 1 for 255: peers:[s0|rpc:localhost:39295|admin:localhost:44843|client:localhost:40991|dataStream:localhost:40677|priority:0|startupRole:FOLLOWER, s1|rpc:0.0.0.0:34459|dataStream:|priority:0|startupRole:FOLLOWER, s2|rpc:0.0.0.0:43137|dataStream:|priority:0|startupRole:FOLLOWER]|listeners:[], old=peers:[s0|rpc:localhost:39295|admin:localhost:44843|client:localhost:40991|dataStream:localhost:40677|priority:0|startupRole:FOLLOWER]|listeners:[]
2023-08-18 03:36:19,990 [grpc-default-executor-0] INFO  server.RaftServer$Division (RaftServerImpl.java:requestVote(1344)) - s1@group-E264CA5F8311: receive requestVote(PRE_VOTE, s0, group-E264CA5F8311, 1, (t:1, i:255))
2023-08-18 03:36:19,990 [grpc-default-executor-0] WARN  server.GrpcServerProtocolService (LogUtils.java:warn(122)) - s1: Failed requestVote s0->s1#0: org.apache.ratis.protocol.exceptions.ServerNotReadyException: s1@group-E264CA5F8311 is not in [RUNNING]: current state is STARTING
2023-08-18 03:36:19,991 [s0@group-E264CA5F8311-LeaderElection39] INFO  impl.LeaderElection (LogUtils.java:infoOrTrace(137)) - s0@group-E264CA5F8311-LeaderElection39 got exception when requesting votes: java.util.concurrent.ExecutionException: org.apache.ratis.thirdparty.io.grpc.StatusRuntimeException: INTERNAL: s1@group-E264CA5F8311 is not in [RUNNING]: current state is STARTING
2023-08-18 03:36:19,991 [grpc-default-executor-0] INFO  server.RaftServer$Division (RaftServerImpl.java:requestVote(1344)) - s2@group-E264CA5F8311: receive requestVote(PRE_VOTE, s0, group-E264CA5F8311, 1, (t:1, i:255))
2023-08-18 03:36:19,991 [grpc-default-executor-0] WARN  server.GrpcServerProtocolService (LogUtils.java:warn(122)) - s2: Failed requestVote s0->s2#0: org.apache.ratis.protocol.exceptions.ServerNotReadyException: s2@group-E264CA5F8311 is not in [RUNNING]: current state is STARTING
2023-08-18 03:36:19,993 [s0@group-E264CA5F8311-LeaderElection39] INFO  impl.LeaderElection (LogUtils.java:infoOrTrace(137)) - s0@group-E264CA5F8311-LeaderElection39 got exception when requesting votes: java.util.concurrent.ExecutionException: org.apache.ratis.thirdparty.io.grpc.StatusRuntimeException: INTERNAL: s2@group-E264CA5F8311 is not in [RUNNING]: current state is STARTING
2023-08-18 03:36:19,993 [s0@group-E264CA5F8311-LeaderElection39] INFO  impl.LeaderElection (LeaderElection.java:logAndReturn(89)) - s0@group-E264CA5F8311-LeaderElection39: PRE_VOTE REJECTED received 0 response(s) and 2 exception(s):
2023-08-18 03:36:19,993 [s0@group-E264CA5F8311-LeaderElection39] INFO  impl.LeaderElection (LogUtils.java:infoOrTrace(137)) -   Exception 0: java.util.concurrent.ExecutionException: org.apache.ratis.thirdparty.io.grpc.StatusRuntimeException: INTERNAL: s1@group-E264CA5F8311 is not in [RUNNING]: current state is STARTING
2023-08-18 03:36:19,993 [s0@group-E264CA5F8311-LeaderElection39] INFO  impl.LeaderElection (LogUtils.java:infoOrTrace(137)) -   Exception 1: java.util.concurrent.ExecutionException: org.apache.ratis.thirdparty.io.grpc.StatusRuntimeException: INTERNAL: s2@group-E264CA5F8311 is not in [RUNNING]: current state is STARTING
2023-08-18 03:36:19,993 [s0@group-E264CA5F8311-LeaderElection39] INFO  impl.LeaderElection (LeaderElection.java:askForVotes(322)) - s0@group-E264CA5F8311-LeaderElection39 PRE_VOTE round 0: result REJECTED
2023-08-18 03:36:19,993 [s0@group-E264CA5F8311-LeaderElection39] INFO  server.RaftServer$Division (RaftServerImpl.java:setRole(371)) - s0@group-E264CA5F8311: changes role from CANDIDATE to FOLLOWER at term 1 for REJECTED
2023-08-18 03:36:19,993 [s0@group-E264CA5F8311-LeaderElection39] INFO  impl.RoleInfo (RoleInfo.java:shutdownLeaderElection(129)) - s0: shutdown s0@group-E264CA5F8311-LeaderElection39
2023-08-18 03:36:19,994 [s0@group-E264CA5F8311-LeaderElection39] INFO  impl.RoleInfo (RoleInfo.java:updateAndGet(138)) - s0: start s0@group-E264CA5F8311-FollowerState
2023-08-18 03:36:19,999 [s2-server-thread1] INFO  server.RaftServer$Division (RaftServerImpl.java:setConfigurationAsync(1238)) - s2@group-E264CA5F8311: receive setConfiguration SetConfigurationRequest:client-255CF6B0DA3F->s2@group-E264CA5F8311, cid=386, seq=0, RW, null, SET_UNCONDITIONALLY, servers:[s1|rpc:0.0.0.0:34459|dataStream:|priority:0|startupRole:FOLLOWER, s2|rpc:0.0.0.0:43137|dataStream:|priority:0|startupRole:FOLLOWER, s0|rpc:localhost:39295|admin:localhost:44843|client:localhost:40991|dataStream:localhost:40677|priority:0|startupRole:FOLLOWER], listeners:[]
2023-08-18 03:36:20,104 [s1-server-thread1] INFO  server.RaftServer$Division (RaftServerImpl.java:setConfigurationAsync(1238)) - s1@group-E264CA5F8311: receive setConfiguration SetConfigurationRequest:client-255CF6B0DA3F->s1@group-E264CA5F8311, cid=386, seq=0, RW, null, SET_UNCONDITIONALLY, servers:[s1|rpc:0.0.0.0:34459|dataStream:|priority:0|startupRole:FOLLOWER, s2|rpc:0.0.0.0:43137|dataStream:|priority:0|startupRole:FOLLOWER, s0|rpc:localhost:39295|admin:localhost:44843|client:localhost:40991|dataStream:localhost:40677|priority:0|startupRole:FOLLOWER], listeners:[]
2023-08-18 03:36:20,146 [s0@group-E264CA5F8311-FollowerState] INFO  impl.FollowerState (FollowerState.java:run(143)) - s0@group-E264CA5F8311-FollowerState: change to CANDIDATE, lastRpcElapsedTime:152366232ns, electionTimeout:152ms
2023-08-18 03:36:20,146 [s0@group-E264CA5F8311-FollowerState] INFO  impl.RoleInfo (RoleInfo.java:shutdownFollowerState(109)) - s0: shutdown s0@group-E264CA5F8311-FollowerState
2023-08-18 03:36:20,146 [s0@group-E264CA5F8311-FollowerState] INFO  server.RaftServer$Division (RaftServerImpl.java:setRole(371)) - s0@group-E264CA5F8311: changes role from  FOLLOWER to CANDIDATE at term 1 for changeToCandidate
2023-08-18 03:36:20,146 [s0@group-E264CA5F8311-FollowerState] INFO  server.RaftServerConfigKeys (ConfUtils.java:logGet(46)) - raft.server.leaderelection.pre-vote = true (default)
2023-08-18 03:36:20,146 [s0@group-E264CA5F8311-FollowerState] INFO  impl.RoleInfo (RoleInfo.java:updateAndGet(138)) - s0: start s0@group-E264CA5F8311-LeaderElection40
2023-08-18 03:36:20,146 [s0@group-E264CA5F8311-LeaderElection40] INFO  impl.LeaderElection (LeaderElection.java:askForVotes(320)) - s0@group-E264CA5F8311-LeaderElection40 PRE_VOTE round 0: submit vote requests at term 1 for 255: peers:[s0|rpc:localhost:39295|admin:localhost:44843|client:localhost:40991|dataStream:localhost:40677|priority:0|startupRole:FOLLOWER, s1|rpc:0.0.0.0:34459|dataStream:|priority:0|startupRole:FOLLOWER, s2|rpc:0.0.0.0:43137|dataStream:|priority:0|startupRole:FOLLOWER]|listeners:[], old=peers:[s0|rpc:localhost:39295|admin:localhost:44843|client:localhost:40991|dataStream:localhost:40677|priority:0|startupRole:FOLLOWER]|listeners:[]
2023-08-18 03:36:20,148 [grpc-default-executor-4] INFO  server.RaftServer$Division (RaftServerImpl.java:requestVote(1344)) - s2@group-E264CA5F8311: receive requestVote(PRE_VOTE, s0, group-E264CA5F8311, 1, (t:1, i:255))
2023-08-18 03:36:20,148 [grpc-default-executor-4] WARN  server.GrpcServerProtocolService (LogUtils.java:warn(122)) - s2: Failed requestVote s0->s2#0: org.apache.ratis.protocol.exceptions.ServerNotReadyException: s2@group-E264CA5F8311 is not in [RUNNING]: current state is STARTING
2023-08-18 03:36:20,148 [grpc-default-executor-0] INFO  server.RaftServer$Division (RaftServerImpl.java:requestVote(1344)) - s1@group-E264CA5F8311: receive requestVote(PRE_VOTE, s0, group-E264CA5F8311, 1, (t:1, i:255))
2023-08-18 03:36:20,148 [grpc-default-executor-0] WARN  server.GrpcServerProtocolService (LogUtils.java:warn(122)) - s1: Failed requestVote s0->s1#0: org.apache.ratis.protocol.exceptions.ServerNotReadyException: s1@group-E264CA5F8311 is not in [RUNNING]: current state is STARTING
2023-08-18 03:36:20,149 [s0@group-E264CA5F8311-LeaderElection40] INFO  impl.LeaderElection (LogUtils.java:infoOrTrace(137)) - s0@group-E264CA5F8311-LeaderElection40 got exception when requesting votes: java.util.concurrent.ExecutionException: org.apache.ratis.thirdparty.io.grpc.StatusRuntimeException: INTERNAL: s2@group-E264CA5F8311 is not in [RUNNING]: current state is STARTING
2023-08-18 03:36:20,149 [s0@group-E264CA5F8311-LeaderElection40] INFO  impl.LeaderElection (LogUtils.java:infoOrTrace(137)) - s0@group-E264CA5F8311-LeaderElection40 got exception when requesting votes: java.util.concurrent.ExecutionException: org.apache.ratis.thirdparty.io.grpc.StatusRuntimeException: INTERNAL: s1@group-E264CA5F8311 is not in [RUNNING]: current state is STARTING
2023-08-18 03:36:20,149 [s0@group-E264CA5F8311-LeaderElection40] INFO  impl.LeaderElection (LeaderElection.java:logAndReturn(89)) - s0@group-E264CA5F8311-LeaderElection40: PRE_VOTE REJECTED received 0 response(s) and 2 exception(s):
2023-08-18 03:36:20,149 [s0@group-E264CA5F8311-LeaderElection40] INFO  impl.LeaderElection (LogUtils.java:infoOrTrace(137)) -   Exception 0: java.util.concurrent.ExecutionException: org.apache.ratis.thirdparty.io.grpc.StatusRuntimeException: INTERNAL: s2@group-E264CA5F8311 is not in [RUNNING]: current state is STARTING
2023-08-18 03:36:20,149 [s0@group-E264CA5F8311-LeaderElection40] INFO  impl.LeaderElection (LogUtils.java:infoOrTrace(137)) -   Exception 1: java.util.concurrent.ExecutionException: org.apache.ratis.thirdparty.io.grpc.StatusRuntimeException: INTERNAL: s1@group-E264CA5F8311 is not in [RUNNING]: current state is STARTING
2023-08-18 03:36:20,149 [s0@group-E264CA5F8311-LeaderElection40] INFO  impl.LeaderElection (LeaderElection.java:askForVotes(322)) - s0@group-E264CA5F8311-LeaderElection40 PRE_VOTE round 0: result REJECTED
2023-08-18 03:36:20,149 [s0@group-E264CA5F8311-LeaderElection40] INFO  server.RaftServer$Division (RaftServerImpl.java:setRole(371)) - s0@group-E264CA5F8311: changes role from CANDIDATE to FOLLOWER at term 1 for REJECTED
2023-08-18 03:36:20,149 [s0@group-E264CA5F8311-LeaderElection40] INFO  impl.RoleInfo (RoleInfo.java:shutdownLeaderElection(129)) - s0: shutdown s0@group-E264CA5F8311-LeaderElection40
2023-08-18 03:36:20,149 [s0@group-E264CA5F8311-LeaderElection40] INFO  impl.RoleInfo (RoleInfo.java:updateAndGet(138)) - s0: start s0@group-E264CA5F8311-FollowerState
2023-08-18 03:36:20,208 [s2-server-thread1] INFO  server.RaftServer$Division (RaftServerImpl.java:setConfigurationAsync(1238)) - s2@group-E264CA5F8311: receive setConfiguration SetConfigurationRequest:client-255CF6B0DA3F->s2@group-E264CA5F8311, cid=386, seq=0, RW, null, SET_UNCONDITIONALLY, servers:[s1|rpc:0.0.0.0:34459|dataStream:|priority:0|startupRole:FOLLOWER, s2|rpc:0.0.0.0:43137|dataStream:|priority:0|startupRole:FOLLOWER, s0|rpc:localhost:39295|admin:localhost:44843|client:localhost:40991|dataStream:localhost:40677|priority:0|startupRole:FOLLOWER], listeners:[]
2023-08-18 03:36:20,307 [Timer-2] INFO  impl.MiniRaftCluster (MiniRaftCluster.java:lambda$start$6(349)) - TIMED-PRINT: printing ALL groups
  s0:  RUNNING  FOLLOWER s0@group-E264CA5F8311:t1, leader=null, voted=s0, raftlog=Memoized:s0@group-E264CA5F8311-SegmentedRaftLog:OPENED:c254, conf=255: peers:[s0|rpc:localhost:39295|admin:localhost:44843|client:localhost:40991|dataStream:localhost:40677|priority:0|startupRole:FOLLOWER, s1|rpc:0.0.0.0:34459|dataStream:|priority:0|startupRole:FOLLOWER, s2|rpc:0.0.0.0:43137|dataStream:|priority:0|startupRole:FOLLOWER]|listeners:[], old=peers:[s0|rpc:localhost:39295|admin:localhost:44843|client:localhost:40991|dataStream:localhost:40677|priority:0|startupRole:FOLLOWER]|listeners:[] RUNNING
  s1:  RUNNING  FOLLOWER s1@group-E264CA5F8311:t1, leader=s0, voted=null, raftlog=Memoized:s1@group-E264CA5F8311-SegmentedRaftLog:OPENED:c-1, conf=0: peers:[s0|rpc:localhost:39295|admin:localhost:44843|client:localhost:40991|dataStream:localhost:40677|priority:0|startupRole:FOLLOWER]|listeners:[], old=null STARTING
  s2:  RUNNING  FOLLOWER s2@group-E264CA5F8311:t1, leader=s0, voted=null, raftlog=Memoized:s2@group-E264CA5F8311-SegmentedRaftLog:OPENED:c-1, conf=0: peers:[s0|rpc:localhost:39295|admin:localhost:44843|client:localhost:40991|dataStream:localhost:40677|priority:0|startupRole:FOLLOWER]|listeners:[], old=null STARTING
2023-08-18 03:36:20,316 [s1-server-thread1] INFO  server.RaftServer$Division (RaftServerImpl.java:setConfigurationAsync(1238)) - s1@group-E264CA5F8311: receive setConfiguration SetConfigurationRequest:client-255CF6B0DA3F->s1@group-E264CA5F8311, cid=386, seq=0, RW, null, SET_UNCONDITIONALLY, servers:[s1|rpc:0.0.0.0:34459|dataStream:|priority:0|startupRole:FOLLOWER, s2|rpc:0.0.0.0:43137|dataStream:|priority:0|startupRole:FOLLOWER, s0|rpc:localhost:39295|admin:localhost:44843|client:localhost:40991|dataStream:localhost:40677|priority:0|startupRole:FOLLOWER], listeners:[]
2023-08-18 03:36:20,325 [s0@group-E264CA5F8311-FollowerState] INFO  impl.FollowerState (FollowerState.java:run(143)) - s0@group-E264CA5F8311-FollowerState: change to CANDIDATE, lastRpcElapsedTime:176417200ns, electionTimeout:176ms
2023-08-18 03:36:20,326 [s0@group-E264CA5F8311-FollowerState] INFO  impl.RoleInfo (RoleInfo.java:shutdownFollowerState(109)) - s0: shutdown s0@group-E264CA5F8311-FollowerState
2023-08-18 03:36:20,326 [s0@group-E264CA5F8311-FollowerState] INFO  server.RaftServer$Division (RaftServerImpl.java:setRole(371)) - s0@group-E264CA5F8311: changes role from  FOLLOWER to CANDIDATE at term 1 for changeToCandidate
2023-08-18 03:36:20,326 [s0@group-E264CA5F8311-FollowerState] INFO  server.RaftServerConfigKeys (ConfUtils.java:logGet(46)) - raft.server.leaderelection.pre-vote = true (default)
2023-08-18 03:36:20,326 [s0@group-E264CA5F8311-FollowerState] INFO  impl.RoleInfo (RoleInfo.java:updateAndGet(138)) - s0: start s0@group-E264CA5F8311-LeaderElection41
2023-08-18 03:36:20,326 [s0@group-E264CA5F8311-LeaderElection41] INFO  impl.LeaderElection (LeaderElection.java:askForVotes(320)) - s0@group-E264CA5F8311-LeaderElection41 PRE_VOTE round 0: submit vote requests at term 1 for 255: peers:[s0|rpc:localhost:39295|admin:localhost:44843|client:localhost:40991|dataStream:localhost:40677|priority:0|startupRole:FOLLOWER, s1|rpc:0.0.0.0:34459|dataStream:|priority:0|startupRole:FOLLOWER, s2|rpc:0.0.0.0:43137|dataStream:|priority:0|startupRole:FOLLOWER]|listeners:[], old=peers:[s0|rpc:localhost:39295|admin:localhost:44843|client:localhost:40991|dataStream:localhost:40677|priority:0|startupRole:FOLLOWER]|listeners:[]
2023-08-18 03:36:20,327 [grpc-default-executor-0] INFO  server.RaftServer$Division (RaftServerImpl.java:requestVote(1344)) - s2@group-E264CA5F8311: receive requestVote(PRE_VOTE, s0, group-E264CA5F8311, 1, (t:1, i:255))
2023-08-18 03:36:20,327 [grpc-default-executor-0] WARN  server.GrpcServerProtocolService (LogUtils.java:warn(122)) - s2: Failed requestVote s0->s2#0: org.apache.ratis.protocol.exceptions.ServerNotReadyException: s2@group-E264CA5F8311 is not in [RUNNING]: current state is STARTING
2023-08-18 03:36:20,327 [grpc-default-executor-4] INFO  server.RaftServer$Division (RaftServerImpl.java:requestVote(1344)) - s1@group-E264CA5F8311: receive requestVote(PRE_VOTE, s0, group-E264CA5F8311, 1, (t:1, i:255))
2023-08-18 03:36:20,328 [grpc-default-executor-4] WARN  server.GrpcServerProtocolService (LogUtils.java:warn(122)) - s1: Failed requestVote s0->s1#0: org.apache.ratis.protocol.exceptions.ServerNotReadyException: s1@group-E264CA5F8311 is not in [RUNNING]: current state is STARTING
2023-08-18 03:36:20,330 [s0@group-E264CA5F8311-LeaderElection41] INFO  impl.LeaderElection (LogUtils.java:infoOrTrace(137)) - s0@group-E264CA5F8311-LeaderElection41 got exception when requesting votes: java.util.concurrent.ExecutionException: org.apache.ratis.thirdparty.io.grpc.StatusRuntimeException: INTERNAL: s2@group-E264CA5F8311 is not in [RUNNING]: current state is STARTING
2023-08-18 03:36:20,333 [s0@group-E264CA5F8311-LeaderElection41] INFO  impl.LeaderElection (LogUtils.java:infoOrTrace(137)) - s0@group-E264CA5F8311-LeaderElection41 got exception when requesting votes: java.util.concurrent.ExecutionException: org.apache.ratis.thirdparty.io.grpc.StatusRuntimeException: INTERNAL: s1@group-E264CA5F8311 is not in [RUNNING]: current state is STARTING
2023-08-18 03:36:20,333 [s0@group-E264CA5F8311-LeaderElection41] INFO  impl.LeaderElection (LeaderElection.java:logAndReturn(89)) - s0@group-E264CA5F8311-LeaderElection41: PRE_VOTE REJECTED received 0 response(s) and 2 exception(s):
2023-08-18 03:36:20,333 [s0@group-E264CA5F8311-LeaderElection41] INFO  impl.LeaderElection (LogUtils.java:infoOrTrace(137)) -   Exception 0: java.util.concurrent.ExecutionException: org.apache.ratis.thirdparty.io.grpc.StatusRuntimeException: INTERNAL: s2@group-E264CA5F8311 is not in [RUNNING]: current state is STARTING
2023-08-18 03:36:20,333 [s0@group-E264CA5F8311-LeaderElection41] INFO  impl.LeaderElection (LogUtils.java:infoOrTrace(137)) -   Exception 1: java.util.concurrent.ExecutionException: org.apache.ratis.thirdparty.io.grpc.StatusRuntimeException: INTERNAL: s1@group-E264CA5F8311 is not in [RUNNING]: current state is STARTING
2023-08-18 03:36:20,333 [s0@group-E264CA5F8311-LeaderElection41] INFO  impl.LeaderElection (LeaderElection.java:askForVotes(322)) - s0@group-E264CA5F8311-LeaderElection41 PRE_VOTE round 0: result REJECTED
2023-08-18 03:36:20,333 [s0@group-E264CA5F8311-LeaderElection41] INFO  server.RaftServer$Division (RaftServerImpl.java:setRole(371)) - s0@group-E264CA5F8311: changes role from CANDIDATE to FOLLOWER at term 1 for REJECTED
2023-08-18 03:36:20,333 [s0@group-E264CA5F8311-LeaderElection41] INFO  impl.RoleInfo (RoleInfo.java:shutdownLeaderElection(129)) - s0: shutdown s0@group-E264CA5F8311-LeaderElection41
2023-08-18 03:36:20,333 [s0@group-E264CA5F8311-LeaderElection41] INFO  impl.RoleInfo (RoleInfo.java:updateAndGet(138)) - s0: start s0@group-E264CA5F8311-FollowerState
2023-08-18 03:36:20,423 [s0-server-thread1] INFO  server.RaftServer$Division (RaftServerImpl.java:setConfigurationAsync(1238)) - s0@group-E264CA5F8311: receive setConfiguration SetConfigurationRequest:client-255CF6B0DA3F->s0@group-E264CA5F8311, cid=386, seq=0, RW, null, SET_UNCONDITIONALLY, servers:[s1|rpc:0.0.0.0:34459|dataStream:|priority:0|startupRole:FOLLOWER, s2|rpc:0.0.0.0:43137|dataStream:|priority:0|startupRole:FOLLOWER, s0|rpc:localhost:39295|admin:localhost:44843|client:localhost:40991|dataStream:localhost:40677|priority:0|startupRole:FOLLOWER], listeners:[]
2023-08-18 03:36:20,528 [s1-server-thread1] INFO  server.RaftServer$Division (RaftServerImpl.java:setConfigurationAsync(1238)) - s1@group-E264CA5F8311: receive setConfiguration SetConfigurationRequest:client-255CF6B0DA3F->s1@group-E264CA5F8311, cid=386, seq=0, RW, null, SET_UNCONDITIONALLY, servers:[s1|rpc:0.0.0.0:34459|dataStream:|priority:0|startupRole:FOLLOWER, s2|rpc:0.0.0.0:43137|dataStream:|priority:0|startupRole:FOLLOWER, s0|rpc:localhost:39295|admin:localhost:44843|client:localhost:40991|dataStream:localhost:40677|priority:0|startupRole:FOLLOWER], listeners:[]
2023-08-18 03:36:20,536 [s0@group-E264CA5F8311-FollowerState] INFO  impl.FollowerState (FollowerState.java:run(143)) - s0@group-E264CA5F8311-FollowerState: change to CANDIDATE, lastRpcElapsedTime:203431540ns, electionTimeout:203ms
2023-08-18 03:36:20,536 [s0@group-E264CA5F8311-FollowerState] INFO  impl.RoleInfo (RoleInfo.java:shutdownFollowerState(109)) - s0: shutdown s0@group-E264CA5F8311-FollowerState
2023-08-18 03:36:20,536 [s0@group-E264CA5F8311-FollowerState] INFO  server.RaftServer$Division (RaftServerImpl.java:setRole(371)) - s0@group-E264CA5F8311: changes role from  FOLLOWER to CANDIDATE at term 1 for changeToCandidate
2023-08-18 03:36:20,537 [s0@group-E264CA5F8311-FollowerState] INFO  server.RaftServerConfigKeys (ConfUtils.java:logGet(46)) - raft.server.leaderelection.pre-vote = true (default)
2023-08-18 03:36:20,537 [s0@group-E264CA5F8311-FollowerState] INFO  impl.RoleInfo (RoleInfo.java:updateAndGet(138)) - s0: start s0@group-E264CA5F8311-LeaderElection42
2023-08-18 03:36:20,537 [s0@group-E264CA5F8311-LeaderElection42] INFO  impl.LeaderElection (LeaderElection.java:askForVotes(320)) - s0@group-E264CA5F8311-LeaderElection42 PRE_VOTE round 0: submit vote requests at term 1 for 255: peers:[s0|rpc:localhost:39295|admin:localhost:44843|client:localhost:40991|dataStream:localhost:40677|priority:0|startupRole:FOLLOWER, s1|rpc:0.0.0.0:34459|dataStream:|priority:0|startupRole:FOLLOWER, s2|rpc:0.0.0.0:43137|dataStream:|priority:0|startupRole:FOLLOWER]|listeners:[], old=peers:[s0|rpc:localhost:39295|admin:localhost:44843|client:localhost:40991|dataStream:localhost:40677|priority:0|startupRole:FOLLOWER]|listeners:[]
2023-08-18 03:36:20,538 [grpc-default-executor-0] INFO  server.RaftServer$Division (RaftServerImpl.java:requestVote(1344)) - s2@group-E264CA5F8311: receive requestVote(PRE_VOTE, s0, group-E264CA5F8311, 1, (t:1, i:255))
2023-08-18 03:36:20,538 [grpc-default-executor-0] WARN  server.GrpcServerProtocolService (LogUtils.java:warn(122)) - s2: Failed requestVote s0->s2#0: org.apache.ratis.protocol.exceptions.ServerNotReadyException: s2@group-E264CA5F8311 is not in [RUNNING]: current state is STARTING
2023-08-18 03:36:20,539 [s0@group-E264CA5F8311-LeaderElection42] INFO  impl.LeaderElection (LogUtils.java:infoOrTrace(137)) - s0@group-E264CA5F8311-LeaderElection42 got exception when requesting votes: java.util.concurrent.ExecutionException: org.apache.ratis.thirdparty.io.grpc.StatusRuntimeException: INTERNAL: s2@group-E264CA5F8311 is not in [RUNNING]: current state is STARTING
2023-08-18 03:36:20,539 [grpc-default-executor-0] INFO  server.RaftServer$Division (RaftServerImpl.java:requestVote(1344)) - s1@group-E264CA5F8311: receive requestVote(PRE_VOTE, s0, group-E264CA5F8311, 1, (t:1, i:255))
2023-08-18 03:36:20,539 [grpc-default-executor-0] WARN  server.GrpcServerProtocolService (LogUtils.java:warn(122)) - s1: Failed requestVote s0->s1#0: org.apache.ratis.protocol.exceptions.ServerNotReadyException: s1@group-E264CA5F8311 is not in [RUNNING]: current state is STARTING
2023-08-18 03:36:20,540 [s0@group-E264CA5F8311-LeaderElection42] INFO  impl.LeaderElection (LogUtils.java:infoOrTrace(137)) - s0@group-E264CA5F8311-LeaderElection42 got exception when requesting votes: java.util.concurrent.ExecutionException: org.apache.ratis.thirdparty.io.grpc.StatusRuntimeException: INTERNAL: s1@group-E264CA5F8311 is not in [RUNNING]: current state is STARTING
2023-08-18 03:36:20,540 [s0@group-E264CA5F8311-LeaderElection42] INFO  impl.LeaderElection (LeaderElection.java:logAndReturn(89)) - s0@group-E264CA5F8311-LeaderElection42: PRE_VOTE REJECTED received 0 response(s) and 2 exception(s):
2023-08-18 03:36:20,540 [s0@group-E264CA5F8311-LeaderElection42] INFO  impl.LeaderElection (LogUtils.java:infoOrTrace(137)) -   Exception 0: java.util.concurrent.ExecutionException: org.apache.ratis.thirdparty.io.grpc.StatusRuntimeException: INTERNAL: s2@group-E264CA5F8311 is not in [RUNNING]: current state is STARTING
2023-08-18 03:36:20,540 [s0@group-E264CA5F8311-LeaderElection42] INFO  impl.LeaderElection (LogUtils.java:infoOrTrace(137)) -   Exception 1: java.util.concurrent.ExecutionException: org.apache.ratis.thirdparty.io.grpc.StatusRuntimeException: INTERNAL: s1@group-E264CA5F8311 is not in [RUNNING]: current state is STARTING
2023-08-18 03:36:20,540 [s0@group-E264CA5F8311-LeaderElection42] INFO  impl.LeaderElection (LeaderElection.java:askForVotes(322)) - s0@group-E264CA5F8311-LeaderElection42 PRE_VOTE round 0: result REJECTED
2023-08-18 03:36:20,540 [s0@group-E264CA5F8311-LeaderElection42] INFO  server.RaftServer$Division (RaftServerImpl.java:setRole(371)) - s0@group-E264CA5F8311: changes role from CANDIDATE to FOLLOWER at term 1 for REJECTED
2023-08-18 03:36:20,540 [s0@group-E264CA5F8311-LeaderElection42] INFO  impl.RoleInfo (RoleInfo.java:shutdownLeaderElection(129)) - s0: shutdown s0@group-E264CA5F8311-LeaderElection42
2023-08-18 03:36:20,540 [s0@group-E264CA5F8311-LeaderElection42] INFO  impl.RoleInfo (RoleInfo.java:updateAndGet(138)) - s0: start s0@group-E264CA5F8311-FollowerState
2023-08-18 03:36:20,633 [s0-server-thread1] INFO  server.RaftServer$Division (RaftServerImpl.java:setConfigurationAsync(1238)) - s0@group-E264CA5F8311: receive setConfiguration SetConfigurationRequest:client-255CF6B0DA3F->s0@group-E264CA5F8311, cid=386, seq=0, RW, null, SET_UNCONDITIONALLY, servers:[s1|rpc:0.0.0.0:34459|dataStream:|priority:0|startupRole:FOLLOWER, s2|rpc:0.0.0.0:43137|dataStream:|priority:0|startupRole:FOLLOWER, s0|rpc:localhost:39295|admin:localhost:44843|client:localhost:40991|dataStream:localhost:40677|priority:0|startupRole:FOLLOWER], listeners:[]
2023-08-18 03:36:20,737 [s2-server-thread1] INFO  server.RaftServer$Division (RaftServerImpl.java:setConfigurationAsync(1238)) - s2@group-E264CA5F8311: receive setConfiguration SetConfigurationRequest:client-255CF6B0DA3F->s2@group-E264CA5F8311, cid=386, seq=0, RW, null, SET_UNCONDITIONALLY, servers:[s1|rpc:0.0.0.0:34459|dataStream:|priority:0|startupRole:FOLLOWER, s2|rpc:0.0.0.0:43137|dataStream:|priority:0|startupRole:FOLLOWER, s0|rpc:localhost:39295|admin:localhost:44843|client:localhost:40991|dataStream:localhost:40677|priority:0|startupRole:FOLLOWER], listeners:[]
2023-08-18 03:36:20,813 [s0@group-E264CA5F8311-FollowerState] INFO  impl.FollowerState (FollowerState.java:run(143)) - s0@group-E264CA5F8311-FollowerState: change to CANDIDATE, lastRpcElapsedTime:273298967ns, electionTimeout:273ms
2023-08-18 03:36:20,813 [s0@group-E264CA5F8311-FollowerState] INFO  impl.RoleInfo (RoleInfo.java:shutdownFollowerState(109)) - s0: shutdown s0@group-E264CA5F8311-FollowerState
2023-08-18 03:36:20,813 [s0@group-E264CA5F8311-FollowerState] INFO  server.RaftServer$Division (RaftServerImpl.java:setRole(371)) - s0@group-E264CA5F8311: changes role from  FOLLOWER to CANDIDATE at term 1 for changeToCandidate
2023-08-18 03:36:20,813 [s0@group-E264CA5F8311-FollowerState] INFO  server.RaftServerConfigKeys (ConfUtils.java:logGet(46)) - raft.server.leaderelection.pre-vote = true (default)
2023-08-18 03:36:20,813 [s0@group-E264CA5F8311-FollowerState] INFO  impl.RoleInfo (RoleInfo.java:updateAndGet(138)) - s0: start s0@group-E264CA5F8311-LeaderElection43
2023-08-18 03:36:20,814 [s0@group-E264CA5F8311-LeaderElection43] INFO  impl.LeaderElection (LeaderElection.java:askForVotes(320)) - s0@group-E264CA5F8311-LeaderElection43 PRE_VOTE round 0: submit vote requests at term 1 for 255: peers:[s0|rpc:localhost:39295|admin:localhost:44843|client:localhost:40991|dataStream:localhost:40677|priority:0|startupRole:FOLLOWER, s1|rpc:0.0.0.0:34459|dataStream:|priority:0|startupRole:FOLLOWER, s2|rpc:0.0.0.0:43137|dataStream:|priority:0|startupRole:FOLLOWER]|listeners:[], old=peers:[s0|rpc:localhost:39295|admin:localhost:44843|client:localhost:40991|dataStream:localhost:40677|priority:0|startupRole:FOLLOWER]|listeners:[]
2023-08-18 03:36:20,815 [grpc-default-executor-0] INFO  server.RaftServer$Division (RaftServerImpl.java:requestVote(1344)) - s2@group-E264CA5F8311: receive requestVote(PRE_VOTE, s0, group-E264CA5F8311, 1, (t:1, i:255))
2023-08-18 03:36:20,815 [grpc-default-executor-0] WARN  server.GrpcServerProtocolService (LogUtils.java:warn(122)) - s2: Failed requestVote s0->s2#0: org.apache.ratis.protocol.exceptions.ServerNotReadyException: s2@group-E264CA5F8311 is not in [RUNNING]: current state is STARTING
2023-08-18 03:36:20,816 [s0@group-E264CA5F8311-LeaderElection43] INFO  impl.LeaderElection (LogUtils.java:infoOrTrace(137)) - s0@group-E264CA5F8311-LeaderElection43 got exception when requesting votes: java.util.concurrent.ExecutionException: org.apache.ratis.thirdparty.io.grpc.StatusRuntimeException: INTERNAL: s2@group-E264CA5F8311 is not in [RUNNING]: current state is STARTING
2023-08-18 03:36:20,816 [grpc-default-executor-4] INFO  server.RaftServer$Division (RaftServerImpl.java:requestVote(1344)) - s1@group-E264CA5F8311: receive requestVote(PRE_VOTE, s0, group-E264CA5F8311, 1, (t:1, i:255))
2023-08-18 03:36:20,816 [grpc-default-executor-4] WARN  server.GrpcServerProtocolService (LogUtils.java:warn(122)) - s1: Failed requestVote s0->s1#0: org.apache.ratis.protocol.exceptions.ServerNotReadyException: s1@group-E264CA5F8311 is not in [RUNNING]: current state is STARTING
2023-08-18 03:36:20,817 [s0@group-E264CA5F8311-LeaderElection43] INFO  impl.LeaderElection (LogUtils.java:infoOrTrace(137)) - s0@group-E264CA5F8311-LeaderElection43 got exception when requesting votes: java.util.concurrent.ExecutionException: org.apache.ratis.thirdparty.io.grpc.StatusRuntimeException: INTERNAL: s1@group-E264CA5F8311 is not in [RUNNING]: current state is STARTING
2023-08-18 03:36:20,817 [s0@group-E264CA5F8311-LeaderElection43] INFO  impl.LeaderElection (LeaderElection.java:logAndReturn(89)) - s0@group-E264CA5F8311-LeaderElection43: PRE_VOTE REJECTED received 0 response(s) and 2 exception(s):
2023-08-18 03:36:20,817 [s0@group-E264CA5F8311-LeaderElection43] INFO  impl.LeaderElection (LogUtils.java:infoOrTrace(137)) -   Exception 0: java.util.concurrent.ExecutionException: org.apache.ratis.thirdparty.io.grpc.StatusRuntimeException: INTERNAL: s2@group-E264CA5F8311 is not in [RUNNING]: current state is STARTING
2023-08-18 03:36:20,817 [s0@group-E264CA5F8311-LeaderElection43] INFO  impl.LeaderElection (LogUtils.java:infoOrTrace(137)) -   Exception 1: java.util.concurrent.ExecutionException: org.apache.ratis.thirdparty.io.grpc.StatusRuntimeException: INTERNAL: s1@group-E264CA5F8311 is not in [RUNNING]: current state is STARTING
2023-08-18 03:36:20,817 [s0@group-E264CA5F8311-LeaderElection43] INFO  impl.LeaderElection (LeaderElection.java:askForVotes(322)) - s0@group-E264CA5F8311-LeaderElection43 PRE_VOTE round 0: result REJECTED
2023-08-18 03:36:20,817 [s0@group-E264CA5F8311-LeaderElection43] INFO  server.RaftServer$Division (RaftServerImpl.java:setRole(371)) - s0@group-E264CA5F8311: changes role from CANDIDATE to FOLLOWER at term 1 for REJECTED
2023-08-18 03:36:20,817 [s0@group-E264CA5F8311-LeaderElection43] INFO  impl.RoleInfo (RoleInfo.java:shutdownLeaderElection(129)) - s0: shutdown s0@group-E264CA5F8311-LeaderElection43
2023-08-18 03:36:20,817 [s0@group-E264CA5F8311-LeaderElection43] INFO  impl.RoleInfo (RoleInfo.java:updateAndGet(138)) - s0: start s0@group-E264CA5F8311-FollowerState
2023-08-18 03:36:20,843 [s1-server-thread1] INFO  server.RaftServer$Division (RaftServerImpl.java:setConfigurationAsync(1238)) - s1@group-E264CA5F8311: receive setConfiguration SetConfigurationRequest:client-255CF6B0DA3F->s1@group-E264CA5F8311, cid=386, seq=0, RW, null, SET_UNCONDITIONALLY, servers:[s1|rpc:0.0.0.0:34459|dataStream:|priority:0|startupRole:FOLLOWER, s2|rpc:0.0.0.0:43137|dataStream:|priority:0|startupRole:FOLLOWER, s0|rpc:localhost:39295|admin:localhost:44843|client:localhost:40991|dataStream:localhost:40677|priority:0|startupRole:FOLLOWER], listeners:[]
2023-08-18 03:36:20,948 [s2-server-thread1] INFO  server.RaftServer$Division (RaftServerImpl.java:setConfigurationAsync(1238)) - s2@group-E264CA5F8311: receive setConfiguration SetConfigurationRequest:client-255CF6B0DA3F->s2@group-E264CA5F8311, cid=386, seq=0, RW, null, SET_UNCONDITIONALLY, servers:[s1|rpc:0.0.0.0:34459|dataStream:|priority:0|startupRole:FOLLOWER, s2|rpc:0.0.0.0:43137|dataStream:|priority:0|startupRole:FOLLOWER, s0|rpc:localhost:39295|admin:localhost:44843|client:localhost:40991|dataStream:localhost:40677|priority:0|startupRole:FOLLOWER], listeners:[]
2023-08-18 03:36:20,995 [s0@group-E264CA5F8311-FollowerState] INFO  impl.FollowerState (FollowerState.java:run(143)) - s0@group-E264CA5F8311-FollowerState: change to CANDIDATE, lastRpcElapsedTime:178288782ns, electionTimeout:178ms
2023-08-18 03:36:20,995 [s0@group-E264CA5F8311-FollowerState] INFO  impl.RoleInfo (RoleInfo.java:shutdownFollowerState(109)) - s0: shutdown s0@group-E264CA5F8311-FollowerState
2023-08-18 03:36:20,995 [s0@group-E264CA5F8311-FollowerState] INFO  server.RaftServer$Division (RaftServerImpl.java:setRole(371)) - s0@group-E264CA5F8311: changes role from  FOLLOWER to CANDIDATE at term 1 for changeToCandidate
2023-08-18 03:36:20,995 [s0@group-E264CA5F8311-FollowerState] INFO  server.RaftServerConfigKeys (ConfUtils.java:logGet(46)) - raft.server.leaderelection.pre-vote = true (default)
2023-08-18 03:36:20,995 [s0@group-E264CA5F8311-FollowerState] INFO  impl.RoleInfo (RoleInfo.java:updateAndGet(138)) - s0: start s0@group-E264CA5F8311-LeaderElection44
2023-08-18 03:36:20,996 [s0@group-E264CA5F8311-LeaderElection44] INFO  impl.LeaderElection (LeaderElection.java:askForVotes(320)) - s0@group-E264CA5F8311-LeaderElection44 PRE_VOTE round 0: submit vote requests at term 1 for 255: peers:[s0|rpc:localhost:39295|admin:localhost:44843|client:localhost:40991|dataStream:localhost:40677|priority:0|startupRole:FOLLOWER, s1|rpc:0.0.0.0:34459|dataStream:|priority:0|startupRole:FOLLOWER, s2|rpc:0.0.0.0:43137|dataStream:|priority:0|startupRole:FOLLOWER]|listeners:[], old=peers:[s0|rpc:localhost:39295|admin:localhost:44843|client:localhost:40991|dataStream:localhost:40677|priority:0|startupRole:FOLLOWER]|listeners:[]
2023-08-18 03:36:20,997 [grpc-default-executor-4] INFO  server.RaftServer$Division (RaftServerImpl.java:requestVote(1344)) - s1@group-E264CA5F8311: receive requestVote(PRE_VOTE, s0, group-E264CA5F8311, 1, (t:1, i:255))
2023-08-18 03:36:20,997 [grpc-default-executor-4] WARN  server.GrpcServerProtocolService (LogUtils.java:warn(122)) - s1: Failed requestVote s0->s1#0: org.apache.ratis.protocol.exceptions.ServerNotReadyException: s1@group-E264CA5F8311 is not in [RUNNING]: current state is STARTING
2023-08-18 03:36:20,998 [grpc-default-executor-4] INFO  server.RaftServer$Division (RaftServerImpl.java:requestVote(1344)) - s2@group-E264CA5F8311: receive requestVote(PRE_VOTE, s0, group-E264CA5F8311, 1, (t:1, i:255))
2023-08-18 03:36:20,998 [grpc-default-executor-4] WARN  server.GrpcServerProtocolService (LogUtils.java:warn(122)) - s2: Failed requestVote s0->s2#0: org.apache.ratis.protocol.exceptions.ServerNotReadyException: s2@group-E264CA5F8311 is not in [RUNNING]: current state is STARTING
2023-08-18 03:36:20,998 [s0@group-E264CA5F8311-LeaderElection44] INFO  impl.LeaderElection (LogUtils.java:infoOrTrace(137)) - s0@group-E264CA5F8311-LeaderElection44 got exception when requesting votes: java.util.concurrent.ExecutionException: org.apache.ratis.thirdparty.io.grpc.StatusRuntimeException: INTERNAL: s1@group-E264CA5F8311 is not in [RUNNING]: current state is STARTING
2023-08-18 03:36:20,998 [s0@group-E264CA5F8311-LeaderElection44] INFO  impl.LeaderElection (LogUtils.java:infoOrTrace(137)) - s0@group-E264CA5F8311-LeaderElection44 got exception when requesting votes: java.util.concurrent.ExecutionException: org.apache.ratis.thirdparty.io.grpc.StatusRuntimeException: INTERNAL: s2@group-E264CA5F8311 is not in [RUNNING]: current state is STARTING
2023-08-18 03:36:20,998 [s0@group-E264CA5F8311-LeaderElection44] INFO  impl.LeaderElection (LeaderElection.java:logAndReturn(89)) - s0@group-E264CA5F8311-LeaderElection44: PRE_VOTE REJECTED received 0 response(s) and 2 exception(s):
2023-08-18 03:36:20,998 [s0@group-E264CA5F8311-LeaderElection44] INFO  impl.LeaderElection (LogUtils.java:infoOrTrace(137)) -   Exception 0: java.util.concurrent.ExecutionException: org.apache.ratis.thirdparty.io.grpc.StatusRuntimeException: INTERNAL: s1@group-E264CA5F8311 is not in [RUNNING]: current state is STARTING
2023-08-18 03:36:20,998 [s0@group-E264CA5F8311-LeaderElection44] INFO  impl.LeaderElection (LogUtils.java:infoOrTrace(137)) -   Exception 1: java.util.concurrent.ExecutionException: org.apache.ratis.thirdparty.io.grpc.StatusRuntimeException: INTERNAL: s2@group-E264CA5F8311 is not in [RUNNING]: current state is STARTING
2023-08-18 03:36:20,998 [s0@group-E264CA5F8311-LeaderElection44] INFO  impl.LeaderElection (LeaderElection.java:askForVotes(322)) - s0@group-E264CA5F8311-LeaderElection44 PRE_VOTE round 0: result REJECTED
2023-08-18 03:36:20,998 [s0@group-E264CA5F8311-LeaderElection44] INFO  server.RaftServer$Division (RaftServerImpl.java:setRole(371)) - s0@group-E264CA5F8311: changes role from CANDIDATE to FOLLOWER at term 1 for REJECTED
2023-08-18 03:36:20,998 [s0@group-E264CA5F8311-LeaderElection44] INFO  impl.RoleInfo (RoleInfo.java:shutdownLeaderElection(129)) - s0: shutdown s0@group-E264CA5F8311-LeaderElection44
2023-08-18 03:36:20,998 [s0@group-E264CA5F8311-LeaderElection44] INFO  impl.RoleInfo (RoleInfo.java:updateAndGet(138)) - s0: start s0@group-E264CA5F8311-FollowerState
2023-08-18 03:36:21,053 [s1-server-thread1] INFO  server.RaftServer$Division (RaftServerImpl.java:setConfigurationAsync(1238)) - s1@group-E264CA5F8311: receive setConfiguration SetConfigurationRequest:client-255CF6B0DA3F->s1@group-E264CA5F8311, cid=386, seq=0, RW, null, SET_UNCONDITIONALLY, servers:[s1|rpc:0.0.0.0:34459|dataStream:|priority:0|startupRole:FOLLOWER, s2|rpc:0.0.0.0:43137|dataStream:|priority:0|startupRole:FOLLOWER, s0|rpc:localhost:39295|admin:localhost:44843|client:localhost:40991|dataStream:localhost:40677|priority:0|startupRole:FOLLOWER], listeners:[]
2023-08-18 03:36:21,160 [s0-server-thread1] INFO  server.RaftServer$Division (RaftServerImpl.java:setConfigurationAsync(1238)) - s0@group-E264CA5F8311: receive setConfiguration SetConfigurationRequest:client-255CF6B0DA3F->s0@group-E264CA5F8311, cid=386, seq=0, RW, null, SET_UNCONDITIONALLY, servers:[s1|rpc:0.0.0.0:34459|dataStream:|priority:0|startupRole:FOLLOWER, s2|rpc:0.0.0.0:43137|dataStream:|priority:0|startupRole:FOLLOWER, s0|rpc:localhost:39295|admin:localhost:44843|client:localhost:40991|dataStream:localhost:40677|priority:0|startupRole:FOLLOWER], listeners:[]
2023-08-18 03:36:21,211 [s0@group-E264CA5F8311-FollowerState] INFO  impl.FollowerState (FollowerState.java:run(143)) - s0@group-E264CA5F8311-FollowerState: change to CANDIDATE, lastRpcElapsedTime:212250955ns, electionTimeout:212ms
2023-08-18 03:36:21,211 [s0@group-E264CA5F8311-FollowerState] INFO  impl.RoleInfo (RoleInfo.java:shutdownFollowerState(109)) - s0: shutdown s0@group-E264CA5F8311-FollowerState
2023-08-18 03:36:21,211 [s0@group-E264CA5F8311-FollowerState] INFO  server.RaftServer$Division (RaftServerImpl.java:setRole(371)) - s0@group-E264CA5F8311: changes role from  FOLLOWER to CANDIDATE at term 1 for changeToCandidate
2023-08-18 03:36:21,211 [s0@group-E264CA5F8311-FollowerState] INFO  server.RaftServerConfigKeys (ConfUtils.java:logGet(46)) - raft.server.leaderelection.pre-vote = true (default)
2023-08-18 03:36:21,211 [s0@group-E264CA5F8311-FollowerState] INFO  impl.RoleInfo (RoleInfo.java:updateAndGet(138)) - s0: start s0@group-E264CA5F8311-LeaderElection45
2023-08-18 03:36:21,211 [s0@group-E264CA5F8311-LeaderElection45] INFO  impl.LeaderElection (LeaderElection.java:askForVotes(320)) - s0@group-E264CA5F8311-LeaderElection45 PRE_VOTE round 0: submit vote requests at term 1 for 255: peers:[s0|rpc:localhost:39295|admin:localhost:44843|client:localhost:40991|dataStream:localhost:40677|priority:0|startupRole:FOLLOWER, s1|rpc:0.0.0.0:34459|dataStream:|priority:0|startupRole:FOLLOWER, s2|rpc:0.0.0.0:43137|dataStream:|priority:0|startupRole:FOLLOWER]|listeners:[], old=peers:[s0|rpc:localhost:39295|admin:localhost:44843|client:localhost:40991|dataStream:localhost:40677|priority:0|startupRole:FOLLOWER]|listeners:[]
2023-08-18 03:36:21,212 [grpc-default-executor-4] INFO  server.RaftServer$Division (RaftServerImpl.java:requestVote(1344)) - s1@group-E264CA5F8311: receive requestVote(PRE_VOTE, s0, group-E264CA5F8311, 1, (t:1, i:255))
2023-08-18 03:36:21,213 [grpc-default-executor-4] WARN  server.GrpcServerProtocolService (LogUtils.java:warn(122)) - s1: Failed requestVote s0->s1#0: org.apache.ratis.protocol.exceptions.ServerNotReadyException: s1@group-E264CA5F8311 is not in [RUNNING]: current state is STARTING
2023-08-18 03:36:21,215 [grpc-default-executor-4] INFO  server.RaftServer$Division (RaftServerImpl.java:requestVote(1344)) - s2@group-E264CA5F8311: receive requestVote(PRE_VOTE, s0, group-E264CA5F8311, 1, (t:1, i:255))
2023-08-18 03:36:21,215 [grpc-default-executor-4] WARN  server.GrpcServerProtocolService (LogUtils.java:warn(122)) - s2: Failed requestVote s0->s2#0: org.apache.ratis.protocol.exceptions.ServerNotReadyException: s2@group-E264CA5F8311 is not in [RUNNING]: current state is STARTING
2023-08-18 03:36:21,216 [s0@group-E264CA5F8311-LeaderElection45] INFO  impl.LeaderElection (LogUtils.java:infoOrTrace(137)) - s0@group-E264CA5F8311-LeaderElection45 got exception when requesting votes: java.util.concurrent.ExecutionException: org.apache.ratis.thirdparty.io.grpc.StatusRuntimeException: INTERNAL: s1@group-E264CA5F8311 is not in [RUNNING]: current state is STARTING
2023-08-18 03:36:21,216 [s0@group-E264CA5F8311-LeaderElection45] INFO  impl.LeaderElection (LogUtils.java:infoOrTrace(137)) - s0@group-E264CA5F8311-LeaderElection45 got exception when requesting votes: java.util.concurrent.ExecutionException: org.apache.ratis.thirdparty.io.grpc.StatusRuntimeException: INTERNAL: s2@group-E264CA5F8311 is not in [RUNNING]: current state is STARTING
2023-08-18 03:36:21,216 [s0@group-E264CA5F8311-LeaderElection45] INFO  impl.LeaderElection (LeaderElection.java:logAndReturn(89)) - s0@group-E264CA5F8311-LeaderElection45: PRE_VOTE REJECTED received 0 response(s) and 2 exception(s):
2023-08-18 03:36:21,216 [s0@group-E264CA5F8311-LeaderElection45] INFO  impl.LeaderElection (LogUtils.java:infoOrTrace(137)) -   Exception 0: java.util.concurrent.ExecutionException: org.apache.ratis.thirdparty.io.grpc.StatusRuntimeException: INTERNAL: s1@group-E264CA5F8311 is not in [RUNNING]: current state is STARTING
2023-08-18 03:36:21,216 [s0@group-E264CA5F8311-LeaderElection45] INFO  impl.LeaderElection (LogUtils.java:infoOrTrace(137)) -   Exception 1: java.util.concurrent.ExecutionException: org.apache.ratis.thirdparty.io.grpc.StatusRuntimeException: INTERNAL: s2@group-E264CA5F8311 is not in [RUNNING]: current state is STARTING
2023-08-18 03:36:21,216 [s0@group-E264CA5F8311-LeaderElection45] INFO  impl.LeaderElection (LeaderElection.java:askForVotes(322)) - s0@group-E264CA5F8311-LeaderElection45 PRE_VOTE round 0: result REJECTED
2023-08-18 03:36:21,216 [s0@group-E264CA5F8311-LeaderElection45] INFO  server.RaftServer$Division (RaftServerImpl.java:setRole(371)) - s0@group-E264CA5F8311: changes role from CANDIDATE to FOLLOWER at term 1 for REJECTED
2023-08-18 03:36:21,216 [s0@group-E264CA5F8311-LeaderElection45] INFO  impl.RoleInfo (RoleInfo.java:shutdownLeaderElection(129)) - s0: shutdown s0@group-E264CA5F8311-LeaderElection45
2023-08-18 03:36:21,216 [s0@group-E264CA5F8311-LeaderElection45] INFO  impl.RoleInfo (RoleInfo.java:updateAndGet(138)) - s0: start s0@group-E264CA5F8311-FollowerState
2023-08-18 03:36:21,265 [s2-server-thread1] INFO  server.RaftServer$Division (RaftServerImpl.java:setConfigurationAsync(1238)) - s2@group-E264CA5F8311: receive setConfiguration SetConfigurationRequest:client-255CF6B0DA3F->s2@group-E264CA5F8311, cid=386, seq=0, RW, null, SET_UNCONDITIONALLY, servers:[s1|rpc:0.0.0.0:34459|dataStream:|priority:0|startupRole:FOLLOWER, s2|rpc:0.0.0.0:43137|dataStream:|priority:0|startupRole:FOLLOWER, s0|rpc:localhost:39295|admin:localhost:44843|client:localhost:40991|dataStream:localhost:40677|priority:0|startupRole:FOLLOWER], listeners:[]
2023-08-18 03:36:21,370 [s0-server-thread1] INFO  server.RaftServer$Division (RaftServerImpl.java:setConfigurationAsync(1238)) - s0@group-E264CA5F8311: receive setConfiguration SetConfigurationRequest:client-255CF6B0DA3F->s0@group-E264CA5F8311, cid=386, seq=0, RW, null, SET_UNCONDITIONALLY, servers:[s1|rpc:0.0.0.0:34459|dataStream:|priority:0|startupRole:FOLLOWER, s2|rpc:0.0.0.0:43137|dataStream:|priority:0|startupRole:FOLLOWER, s0|rpc:localhost:39295|admin:localhost:44843|client:localhost:40991|dataStream:localhost:40677|priority:0|startupRole:FOLLOWER], listeners:[]
2023-08-18 03:36:21,458 [s0@group-E264CA5F8311-FollowerState] INFO  impl.FollowerState (FollowerState.java:run(143)) - s0@group-E264CA5F8311-FollowerState: change to CANDIDATE, lastRpcElapsedTime:242266965ns, electionTimeout:242ms
2023-08-18 03:36:21,459 [s0@group-E264CA5F8311-FollowerState] INFO  impl.RoleInfo (RoleInfo.java:shutdownFollowerState(109)) - s0: shutdown s0@group-E264CA5F8311-FollowerState
2023-08-18 03:36:21,459 [s0@group-E264CA5F8311-FollowerState] INFO  server.RaftServer$Division (RaftServerImpl.java:setRole(371)) - s0@group-E264CA5F8311: changes role from  FOLLOWER to CANDIDATE at term 1 for changeToCandidate
2023-08-18 03:36:21,459 [s0@group-E264CA5F8311-FollowerState] INFO  server.RaftServerConfigKeys (ConfUtils.java:logGet(46)) - raft.server.leaderelection.pre-vote = true (default)
2023-08-18 03:36:21,459 [s0@group-E264CA5F8311-FollowerState] INFO  impl.RoleInfo (RoleInfo.java:updateAndGet(138)) - s0: start s0@group-E264CA5F8311-LeaderElection46
2023-08-18 03:36:21,459 [s0@group-E264CA5F8311-LeaderElection46] INFO  impl.LeaderElection (LeaderElection.java:askForVotes(320)) - s0@group-E264CA5F8311-LeaderElection46 PRE_VOTE round 0: submit vote requests at term 1 for 255: peers:[s0|rpc:localhost:39295|admin:localhost:44843|client:localhost:40991|dataStream:localhost:40677|priority:0|startupRole:FOLLOWER, s1|rpc:0.0.0.0:34459|dataStream:|priority:0|startupRole:FOLLOWER, s2|rpc:0.0.0.0:43137|dataStream:|priority:0|startupRole:FOLLOWER]|listeners:[], old=peers:[s0|rpc:localhost:39295|admin:localhost:44843|client:localhost:40991|dataStream:localhost:40677|priority:0|startupRole:FOLLOWER]|listeners:[]
2023-08-18 03:36:21,461 [grpc-default-executor-4] INFO  server.RaftServer$Division (RaftServerImpl.java:requestVote(1344)) - s2@group-E264CA5F8311: receive requestVote(PRE_VOTE, s0, group-E264CA5F8311, 1, (t:1, i:255))
2023-08-18 03:36:21,461 [grpc-default-executor-4] WARN  server.GrpcServerProtocolService (LogUtils.java:warn(122)) - s2: Failed requestVote s0->s2#0: org.apache.ratis.protocol.exceptions.ServerNotReadyException: s2@group-E264CA5F8311 is not in [RUNNING]: current state is STARTING
2023-08-18 03:36:21,462 [grpc-default-executor-4] INFO  server.RaftServer$Division (RaftServerImpl.java:requestVote(1344)) - s1@group-E264CA5F8311: receive requestVote(PRE_VOTE, s0, group-E264CA5F8311, 1, (t:1, i:255))
2023-08-18 03:36:21,462 [grpc-default-executor-4] WARN  server.GrpcServerProtocolService (LogUtils.java:warn(122)) - s1: Failed requestVote s0->s1#0: org.apache.ratis.protocol.exceptions.ServerNotReadyException: s1@group-E264CA5F8311 is not in [RUNNING]: current state is STARTING
2023-08-18 03:36:21,462 [s0@group-E264CA5F8311-LeaderElection46] INFO  impl.LeaderElection (LogUtils.java:infoOrTrace(137)) - s0@group-E264CA5F8311-LeaderElection46 got exception when requesting votes: java.util.concurrent.ExecutionException: org.apache.ratis.thirdparty.io.grpc.StatusRuntimeException: INTERNAL: s2@group-E264CA5F8311 is not in [RUNNING]: current state is STARTING
2023-08-18 03:36:21,462 [s0@group-E264CA5F8311-LeaderElection46] INFO  impl.LeaderElection (LogUtils.java:infoOrTrace(137)) - s0@group-E264CA5F8311-LeaderElection46 got exception when requesting votes: java.util.concurrent.ExecutionException: org.apache.ratis.thirdparty.io.grpc.StatusRuntimeException: INTERNAL: s1@group-E264CA5F8311 is not in [RUNNING]: current state is STARTING
2023-08-18 03:36:21,462 [s0@group-E264CA5F8311-LeaderElection46] INFO  impl.LeaderElection (LeaderElection.java:logAndReturn(89)) - s0@group-E264CA5F8311-LeaderElection46: PRE_VOTE REJECTED received 0 response(s) and 2 exception(s):
2023-08-18 03:36:21,462 [s0@group-E264CA5F8311-LeaderElection46] INFO  impl.LeaderElection (LogUtils.java:infoOrTrace(137)) -   Exception 0: java.util.concurrent.ExecutionException: org.apache.ratis.thirdparty.io.grpc.StatusRuntimeException: INTERNAL: s2@group-E264CA5F8311 is not in [RUNNING]: current state is STARTING
2023-08-18 03:36:21,462 [s0@group-E264CA5F8311-LeaderElection46] INFO  impl.LeaderElection (LogUtils.java:infoOrTrace(137)) -   Exception 1: java.util.concurrent.ExecutionException: org.apache.ratis.thirdparty.io.grpc.StatusRuntimeException: INTERNAL: s1@group-E264CA5F8311 is not in [RUNNING]: current state is STARTING
2023-08-18 03:36:21,462 [s0@group-E264CA5F8311-LeaderElection46] INFO  impl.LeaderElection (LeaderElection.java:askForVotes(322)) - s0@group-E264CA5F8311-LeaderElection46 PRE_VOTE round 0: result REJECTED
2023-08-18 03:36:21,462 [s0@group-E264CA5F8311-LeaderElection46] INFO  server.RaftServer$Division (RaftServerImpl.java:setRole(371)) - s0@group-E264CA5F8311: changes role from CANDIDATE to FOLLOWER at term 1 for REJECTED
2023-08-18 03:36:21,462 [s0@group-E264CA5F8311-LeaderElection46] INFO  impl.RoleInfo (RoleInfo.java:shutdownLeaderElection(129)) - s0: shutdown s0@group-E264CA5F8311-LeaderElection46
2023-08-18 03:36:21,462 [s0@group-E264CA5F8311-LeaderElection46] INFO  impl.RoleInfo (RoleInfo.java:updateAndGet(138)) - s0: start s0@group-E264CA5F8311-FollowerState
2023-08-18 03:36:21,475 [s2-server-thread1] INFO  server.RaftServer$Division (RaftServerImpl.java:setConfigurationAsync(1238)) - s2@group-E264CA5F8311: receive setConfiguration SetConfigurationRequest:client-255CF6B0DA3F->s2@group-E264CA5F8311, cid=386, seq=0, RW, null, SET_UNCONDITIONALLY, servers:[s1|rpc:0.0.0.0:34459|dataStream:|priority:0|startupRole:FOLLOWER, s2|rpc:0.0.0.0:43137|dataStream:|priority:0|startupRole:FOLLOWER, s0|rpc:localhost:39295|admin:localhost:44843|client:localhost:40991|dataStream:localhost:40677|priority:0|startupRole:FOLLOWER], listeners:[]
2023-08-18 03:36:21,580 [s0-server-thread1] INFO  server.RaftServer$Division (RaftServerImpl.java:setConfigurationAsync(1238)) - s0@group-E264CA5F8311: receive setConfiguration SetConfigurationRequest:client-255CF6B0DA3F->s0@group-E264CA5F8311, cid=386, seq=0, RW, null, SET_UNCONDITIONALLY, servers:[s1|rpc:0.0.0.0:34459|dataStream:|priority:0|startupRole:FOLLOWER, s2|rpc:0.0.0.0:43137|dataStream:|priority:0|startupRole:FOLLOWER, s0|rpc:localhost:39295|admin:localhost:44843|client:localhost:40991|dataStream:localhost:40677|priority:0|startupRole:FOLLOWER], listeners:[]
2023-08-18 03:36:21,614 [s0@group-E264CA5F8311-FollowerState] INFO  impl.FollowerState (FollowerState.java:run(143)) - s0@group-E264CA5F8311-FollowerState: change to CANDIDATE, lastRpcElapsedTime:151297142ns, electionTimeout:151ms
2023-08-18 03:36:21,614 [s0@group-E264CA5F8311-FollowerState] INFO  impl.RoleInfo (RoleInfo.java:shutdownFollowerState(109)) - s0: shutdown s0@group-E264CA5F8311-FollowerState
2023-08-18 03:36:21,614 [s0@group-E264CA5F8311-FollowerState] INFO  server.RaftServer$Division (RaftServerImpl.java:setRole(371)) - s0@group-E264CA5F8311: changes role from  FOLLOWER to CANDIDATE at term 1 for changeToCandidate
2023-08-18 03:36:21,614 [s0@group-E264CA5F8311-FollowerState] INFO  server.RaftServerConfigKeys (ConfUtils.java:logGet(46)) - raft.server.leaderelection.pre-vote = true (default)
2023-08-18 03:36:21,614 [s0@group-E264CA5F8311-FollowerState] INFO  impl.RoleInfo (RoleInfo.java:updateAndGet(138)) - s0: start s0@group-E264CA5F8311-LeaderElection47
2023-08-18 03:36:21,614 [s0@group-E264CA5F8311-LeaderElection47] INFO  impl.LeaderElection (LeaderElection.java:askForVotes(320)) - s0@group-E264CA5F8311-LeaderElection47 PRE_VOTE round 0: submit vote requests at term 1 for 255: peers:[s0|rpc:localhost:39295|admin:localhost:44843|client:localhost:40991|dataStream:localhost:40677|priority:0|startupRole:FOLLOWER, s1|rpc:0.0.0.0:34459|dataStream:|priority:0|startupRole:FOLLOWER, s2|rpc:0.0.0.0:43137|dataStream:|priority:0|startupRole:FOLLOWER]|listeners:[], old=peers:[s0|rpc:localhost:39295|admin:localhost:44843|client:localhost:40991|dataStream:localhost:40677|priority:0|startupRole:FOLLOWER]|listeners:[]
2023-08-18 03:36:21,615 [grpc-default-executor-4] INFO  server.RaftServer$Division (RaftServerImpl.java:requestVote(1344)) - s1@group-E264CA5F8311: receive requestVote(PRE_VOTE, s0, group-E264CA5F8311, 1, (t:1, i:255))
2023-08-18 03:36:21,615 [grpc-default-executor-4] WARN  server.GrpcServerProtocolService (LogUtils.java:warn(122)) - s1: Failed requestVote s0->s1#0: org.apache.ratis.protocol.exceptions.ServerNotReadyException: s1@group-E264CA5F8311 is not in [RUNNING]: current state is STARTING
2023-08-18 03:36:21,616 [grpc-default-executor-4] INFO  server.RaftServer$Division (RaftServerImpl.java:requestVote(1344)) - s2@group-E264CA5F8311: receive requestVote(PRE_VOTE, s0, group-E264CA5F8311, 1, (t:1, i:255))
2023-08-18 03:36:21,617 [grpc-default-executor-4] WARN  server.GrpcServerProtocolService (LogUtils.java:warn(122)) - s2: Failed requestVote s0->s2#0: org.apache.ratis.protocol.exceptions.ServerNotReadyException: s2@group-E264CA5F8311 is not in [RUNNING]: current state is STARTING
2023-08-18 03:36:21,617 [s0@group-E264CA5F8311-LeaderElection47] INFO  impl.LeaderElection (LogUtils.java:infoOrTrace(137)) - s0@group-E264CA5F8311-LeaderElection47 got exception when requesting votes: java.util.concurrent.ExecutionException: org.apache.ratis.thirdparty.io.grpc.StatusRuntimeException: INTERNAL: s1@group-E264CA5F8311 is not in [RUNNING]: current state is STARTING
2023-08-18 03:36:21,617 [s0@group-E264CA5F8311-LeaderElection47] INFO  impl.LeaderElection (LogUtils.java:infoOrTrace(137)) - s0@group-E264CA5F8311-LeaderElection47 got exception when requesting votes: java.util.concurrent.ExecutionException: org.apache.ratis.thirdparty.io.grpc.StatusRuntimeException: INTERNAL: s2@group-E264CA5F8311 is not in [RUNNING]: current state is STARTING
2023-08-18 03:36:21,617 [s0@group-E264CA5F8311-LeaderElection47] INFO  impl.LeaderElection (LeaderElection.java:logAndReturn(89)) - s0@group-E264CA5F8311-LeaderElection47: PRE_VOTE REJECTED received 0 response(s) and 2 exception(s):
2023-08-18 03:36:21,617 [s0@group-E264CA5F8311-LeaderElection47] INFO  impl.LeaderElection (LogUtils.java:infoOrTrace(137)) -   Exception 0: java.util.concurrent.ExecutionException: org.apache.ratis.thirdparty.io.grpc.StatusRuntimeException: INTERNAL: s1@group-E264CA5F8311 is not in [RUNNING]: current state is STARTING
2023-08-18 03:36:21,617 [s0@group-E264CA5F8311-LeaderElection47] INFO  impl.LeaderElection (LogUtils.java:infoOrTrace(137)) -   Exception 1: java.util.concurrent.ExecutionException: org.apache.ratis.thirdparty.io.grpc.StatusRuntimeException: INTERNAL: s2@group-E264CA5F8311 is not in [RUNNING]: current state is STARTING
2023-08-18 03:36:21,617 [s0@group-E264CA5F8311-LeaderElection47] INFO  impl.LeaderElection (LeaderElection.java:askForVotes(322)) - s0@group-E264CA5F8311-LeaderElection47 PRE_VOTE round 0: result REJECTED
2023-08-18 03:36:21,617 [s0@group-E264CA5F8311-LeaderElection47] INFO  server.RaftServer$Division (RaftServerImpl.java:setRole(371)) - s0@group-E264CA5F8311: changes role from CANDIDATE to FOLLOWER at term 1 for REJECTED
2023-08-18 03:36:21,617 [s0@group-E264CA5F8311-LeaderElection47] INFO  impl.RoleInfo (RoleInfo.java:shutdownLeaderElection(129)) - s0: shutdown s0@group-E264CA5F8311-LeaderElection47
2023-08-18 03:36:21,617 [s0@group-E264CA5F8311-LeaderElection47] INFO  impl.RoleInfo (RoleInfo.java:updateAndGet(138)) - s0: start s0@group-E264CA5F8311-FollowerState
2023-08-18 03:36:21,685 [s2-server-thread1] INFO  server.RaftServer$Division (RaftServerImpl.java:setConfigurationAsync(1238)) - s2@group-E264CA5F8311: receive setConfiguration SetConfigurationRequest:client-255CF6B0DA3F->s2@group-E264CA5F8311, cid=386, seq=0, RW, null, SET_UNCONDITIONALLY, servers:[s1|rpc:0.0.0.0:34459|dataStream:|priority:0|startupRole:FOLLOWER, s2|rpc:0.0.0.0:43137|dataStream:|priority:0|startupRole:FOLLOWER, s0|rpc:localhost:39295|admin:localhost:44843|client:localhost:40991|dataStream:localhost:40677|priority:0|startupRole:FOLLOWER], listeners:[]
2023-08-18 03:36:21,790 [s1-server-thread1] INFO  server.RaftServer$Division (RaftServerImpl.java:setConfigurationAsync(1238)) - s1@group-E264CA5F8311: receive setConfiguration SetConfigurationRequest:client-255CF6B0DA3F->s1@group-E264CA5F8311, cid=386, seq=0, RW, null, SET_UNCONDITIONALLY, servers:[s1|rpc:0.0.0.0:34459|dataStream:|priority:0|startupRole:FOLLOWER, s2|rpc:0.0.0.0:43137|dataStream:|priority:0|startupRole:FOLLOWER, s0|rpc:localhost:39295|admin:localhost:44843|client:localhost:40991|dataStream:localhost:40677|priority:0|startupRole:FOLLOWER], listeners:[]
2023-08-18 03:36:21,873 [s0@group-E264CA5F8311-FollowerState] INFO  impl.FollowerState (FollowerState.java:run(143)) - s0@group-E264CA5F8311-FollowerState: change to CANDIDATE, lastRpcElapsedTime:256000333ns, electionTimeout:254ms
2023-08-18 03:36:21,873 [s0@group-E264CA5F8311-FollowerState] INFO  impl.RoleInfo (RoleInfo.java:shutdownFollowerState(109)) - s0: shutdown s0@group-E264CA5F8311-FollowerState
2023-08-18 03:36:21,873 [s0@group-E264CA5F8311-FollowerState] INFO  server.RaftServer$Division (RaftServerImpl.java:setRole(371)) - s0@group-E264CA5F8311: changes role from  FOLLOWER to CANDIDATE at term 1 for changeToCandidate
2023-08-18 03:36:21,874 [s0@group-E264CA5F8311-FollowerState] INFO  server.RaftServerConfigKeys (ConfUtils.java:logGet(46)) - raft.server.leaderelection.pre-vote = true (default)
2023-08-18 03:36:21,874 [s0@group-E264CA5F8311-FollowerState] INFO  impl.RoleInfo (RoleInfo.java:updateAndGet(138)) - s0: start s0@group-E264CA5F8311-LeaderElection48
2023-08-18 03:36:21,874 [s0@group-E264CA5F8311-LeaderElection48] INFO  impl.LeaderElection (LeaderElection.java:askForVotes(320)) - s0@group-E264CA5F8311-LeaderElection48 PRE_VOTE round 0: submit vote requests at term 1 for 255: peers:[s0|rpc:localhost:39295|admin:localhost:44843|client:localhost:40991|dataStream:localhost:40677|priority:0|startupRole:FOLLOWER, s1|rpc:0.0.0.0:34459|dataStream:|priority:0|startupRole:FOLLOWER, s2|rpc:0.0.0.0:43137|dataStream:|priority:0|startupRole:FOLLOWER]|listeners:[], old=peers:[s0|rpc:localhost:39295|admin:localhost:44843|client:localhost:40991|dataStream:localhost:40677|priority:0|startupRole:FOLLOWER]|listeners:[]
2023-08-18 03:36:21,875 [grpc-default-executor-4] INFO  server.RaftServer$Division (RaftServerImpl.java:requestVote(1344)) - s1@group-E264CA5F8311: receive requestVote(PRE_VOTE, s0, group-E264CA5F8311, 1, (t:1, i:255))
2023-08-18 03:36:21,875 [grpc-default-executor-4] WARN  server.GrpcServerProtocolService (LogUtils.java:warn(122)) - s1: Failed requestVote s0->s1#0: org.apache.ratis.protocol.exceptions.ServerNotReadyException: s1@group-E264CA5F8311 is not in [RUNNING]: current state is STARTING
2023-08-18 03:36:21,876 [grpc-default-executor-0] INFO  server.RaftServer$Division (RaftServerImpl.java:requestVote(1344)) - s2@group-E264CA5F8311: receive requestVote(PRE_VOTE, s0, group-E264CA5F8311, 1, (t:1, i:255))
2023-08-18 03:36:21,876 [grpc-default-executor-0] WARN  server.GrpcServerProtocolService (LogUtils.java:warn(122)) - s2: Failed requestVote s0->s2#0: org.apache.ratis.protocol.exceptions.ServerNotReadyException: s2@group-E264CA5F8311 is not in [RUNNING]: current state is STARTING
2023-08-18 03:36:21,876 [s0@group-E264CA5F8311-LeaderElection48] INFO  impl.LeaderElection (LogUtils.java:infoOrTrace(137)) - s0@group-E264CA5F8311-LeaderElection48 got exception when requesting votes: java.util.concurrent.ExecutionException: org.apache.ratis.thirdparty.io.grpc.StatusRuntimeException: INTERNAL: s1@group-E264CA5F8311 is not in [RUNNING]: current state is STARTING
2023-08-18 03:36:21,876 [s0@group-E264CA5F8311-LeaderElection48] INFO  impl.LeaderElection (LogUtils.java:infoOrTrace(137)) - s0@group-E264CA5F8311-LeaderElection48 got exception when requesting votes: java.util.concurrent.ExecutionException: org.apache.ratis.thirdparty.io.grpc.StatusRuntimeException: INTERNAL: s2@group-E264CA5F8311 is not in [RUNNING]: current state is STARTING
2023-08-18 03:36:21,876 [s0@group-E264CA5F8311-LeaderElection48] INFO  impl.LeaderElection (LeaderElection.java:logAndReturn(89)) - s0@group-E264CA5F8311-LeaderElection48: PRE_VOTE REJECTED received 0 response(s) and 2 exception(s):
2023-08-18 03:36:21,876 [s0@group-E264CA5F8311-LeaderElection48] INFO  impl.LeaderElection (LogUtils.java:infoOrTrace(137)) -   Exception 0: java.util.concurrent.ExecutionException: org.apache.ratis.thirdparty.io.grpc.StatusRuntimeException: INTERNAL: s1@group-E264CA5F8311 is not in [RUNNING]: current state is STARTING
2023-08-18 03:36:21,876 [s0@group-E264CA5F8311-LeaderElection48] INFO  impl.LeaderElection (LogUtils.java:infoOrTrace(137)) -   Exception 1: java.util.concurrent.ExecutionException: org.apache.ratis.thirdparty.io.grpc.StatusRuntimeException: INTERNAL: s2@group-E264CA5F8311 is not in [RUNNING]: current state is STARTING
2023-08-18 03:36:21,876 [s0@group-E264CA5F8311-LeaderElection48] INFO  impl.LeaderElection (LeaderElection.java:askForVotes(322)) - s0@group-E264CA5F8311-LeaderElection48 PRE_VOTE round 0: result REJECTED
2023-08-18 03:36:21,876 [s0@group-E264CA5F8311-LeaderElection48] INFO  server.RaftServer$Division (RaftServerImpl.java:setRole(371)) - s0@group-E264CA5F8311: changes role from CANDIDATE to FOLLOWER at term 1 for REJECTED
2023-08-18 03:36:21,876 [s0@group-E264CA5F8311-LeaderElection48] INFO  impl.RoleInfo (RoleInfo.java:shutdownLeaderElection(129)) - s0: shutdown s0@group-E264CA5F8311-LeaderElection48
2023-08-18 03:36:21,876 [s0@group-E264CA5F8311-LeaderElection48] INFO  impl.RoleInfo (RoleInfo.java:updateAndGet(138)) - s0: start s0@group-E264CA5F8311-FollowerState
2023-08-18 03:36:21,894 [s2-server-thread1] INFO  server.RaftServer$Division (RaftServerImpl.java:setConfigurationAsync(1238)) - s2@group-E264CA5F8311: receive setConfiguration SetConfigurationRequest:client-255CF6B0DA3F->s2@group-E264CA5F8311, cid=386, seq=0, RW, null, SET_UNCONDITIONALLY, servers:[s1|rpc:0.0.0.0:34459|dataStream:|priority:0|startupRole:FOLLOWER, s2|rpc:0.0.0.0:43137|dataStream:|priority:0|startupRole:FOLLOWER, s0|rpc:localhost:39295|admin:localhost:44843|client:localhost:40991|dataStream:localhost:40677|priority:0|startupRole:FOLLOWER], listeners:[]
2023-08-18 03:36:21,999 [s1-server-thread1] INFO  server.RaftServer$Division (RaftServerImpl.java:setConfigurationAsync(1238)) - s1@group-E264CA5F8311: receive setConfiguration SetConfigurationRequest:client-255CF6B0DA3F->s1@group-E264CA5F8311, cid=386, seq=0, RW, null, SET_UNCONDITIONALLY, servers:[s1|rpc:0.0.0.0:34459|dataStream:|priority:0|startupRole:FOLLOWER, s2|rpc:0.0.0.0:43137|dataStream:|priority:0|startupRole:FOLLOWER, s0|rpc:localhost:39295|admin:localhost:44843|client:localhost:40991|dataStream:localhost:40677|priority:0|startupRole:FOLLOWER], listeners:[]
2023-08-18 03:36:22,104 [s0-server-thread1] INFO  server.RaftServer$Division (RaftServerImpl.java:setConfigurationAsync(1238)) - s0@group-E264CA5F8311: receive setConfiguration SetConfigurationRequest:client-255CF6B0DA3F->s0@group-E264CA5F8311, cid=386, seq=0, RW, null, SET_UNCONDITIONALLY, servers:[s1|rpc:0.0.0.0:34459|dataStream:|priority:0|startupRole:FOLLOWER, s2|rpc:0.0.0.0:43137|dataStream:|priority:0|startupRole:FOLLOWER, s0|rpc:localhost:39295|admin:localhost:44843|client:localhost:40991|dataStream:localhost:40677|priority:0|startupRole:FOLLOWER], listeners:[]
2023-08-18 03:36:22,142 [s0@group-E264CA5F8311-FollowerState] INFO  impl.FollowerState (FollowerState.java:run(143)) - s0@group-E264CA5F8311-FollowerState: change to CANDIDATE, lastRpcElapsedTime:265342342ns, electionTimeout:265ms
2023-08-18 03:36:22,142 [s0@group-E264CA5F8311-FollowerState] INFO  impl.RoleInfo (RoleInfo.java:shutdownFollowerState(109)) - s0: shutdown s0@group-E264CA5F8311-FollowerState
2023-08-18 03:36:22,142 [s0@group-E264CA5F8311-FollowerState] INFO  server.RaftServer$Division (RaftServerImpl.java:setRole(371)) - s0@group-E264CA5F8311: changes role from  FOLLOWER to CANDIDATE at term 1 for changeToCandidate
2023-08-18 03:36:22,142 [s0@group-E264CA5F8311-FollowerState] INFO  server.RaftServerConfigKeys (ConfUtils.java:logGet(46)) - raft.server.leaderelection.pre-vote = true (default)
2023-08-18 03:36:22,142 [s0@group-E264CA5F8311-FollowerState] INFO  impl.RoleInfo (RoleInfo.java:updateAndGet(138)) - s0: start s0@group-E264CA5F8311-LeaderElection49
2023-08-18 03:36:22,142 [s0@group-E264CA5F8311-LeaderElection49] INFO  impl.LeaderElection (LeaderElection.java:askForVotes(320)) - s0@group-E264CA5F8311-LeaderElection49 PRE_VOTE round 0: submit vote requests at term 1 for 255: peers:[s0|rpc:localhost:39295|admin:localhost:44843|client:localhost:40991|dataStream:localhost:40677|priority:0|startupRole:FOLLOWER, s1|rpc:0.0.0.0:34459|dataStream:|priority:0|startupRole:FOLLOWER, s2|rpc:0.0.0.0:43137|dataStream:|priority:0|startupRole:FOLLOWER]|listeners:[], old=peers:[s0|rpc:localhost:39295|admin:localhost:44843|client:localhost:40991|dataStream:localhost:40677|priority:0|startupRole:FOLLOWER]|listeners:[]
2023-08-18 03:36:22,145 [grpc-default-executor-0] INFO  server.RaftServer$Division (RaftServerImpl.java:requestVote(1344)) - s2@group-E264CA5F8311: receive requestVote(PRE_VOTE, s0, group-E264CA5F8311, 1, (t:1, i:255))
2023-08-18 03:36:22,145 [grpc-default-executor-0] WARN  server.GrpcServerProtocolService (LogUtils.java:warn(122)) - s2: Failed requestVote s0->s2#0: org.apache.ratis.protocol.exceptions.ServerNotReadyException: s2@group-E264CA5F8311 is not in [RUNNING]: current state is STARTING
2023-08-18 03:36:22,145 [grpc-default-executor-4] INFO  server.RaftServer$Division (RaftServerImpl.java:requestVote(1344)) - s1@group-E264CA5F8311: receive requestVote(PRE_VOTE, s0, group-E264CA5F8311, 1, (t:1, i:255))
2023-08-18 03:36:22,145 [grpc-default-executor-4] WARN  server.GrpcServerProtocolService (LogUtils.java:warn(122)) - s1: Failed requestVote s0->s1#0: org.apache.ratis.protocol.exceptions.ServerNotReadyException: s1@group-E264CA5F8311 is not in [RUNNING]: current state is STARTING
2023-08-18 03:36:22,146 [s0@group-E264CA5F8311-LeaderElection49] INFO  impl.LeaderElection (LogUtils.java:infoOrTrace(137)) - s0@group-E264CA5F8311-LeaderElection49 got exception when requesting votes: java.util.concurrent.ExecutionException: org.apache.ratis.thirdparty.io.grpc.StatusRuntimeException: INTERNAL: s1@group-E264CA5F8311 is not in [RUNNING]: current state is STARTING
2023-08-18 03:36:22,146 [s0@group-E264CA5F8311-LeaderElection49] INFO  impl.LeaderElection (LogUtils.java:infoOrTrace(137)) - s0@group-E264CA5F8311-LeaderElection49 got exception when requesting votes: java.util.concurrent.ExecutionException: org.apache.ratis.thirdparty.io.grpc.StatusRuntimeException: INTERNAL: s2@group-E264CA5F8311 is not in [RUNNING]: current state is STARTING
2023-08-18 03:36:22,146 [s0@group-E264CA5F8311-LeaderElection49] INFO  impl.LeaderElection (LeaderElection.java:logAndReturn(89)) - s0@group-E264CA5F8311-LeaderElection49: PRE_VOTE REJECTED received 0 response(s) and 2 exception(s):
2023-08-18 03:36:22,146 [s0@group-E264CA5F8311-LeaderElection49] INFO  impl.LeaderElection (LogUtils.java:infoOrTrace(137)) -   Exception 0: java.util.concurrent.ExecutionException: org.apache.ratis.thirdparty.io.grpc.StatusRuntimeException: INTERNAL: s1@group-E264CA5F8311 is not in [RUNNING]: current state is STARTING
2023-08-18 03:36:22,146 [s0@group-E264CA5F8311-LeaderElection49] INFO  impl.LeaderElection (LogUtils.java:infoOrTrace(137)) -   Exception 1: java.util.concurrent.ExecutionException: org.apache.ratis.thirdparty.io.grpc.StatusRuntimeException: INTERNAL: s2@group-E264CA5F8311 is not in [RUNNING]: current state is STARTING
2023-08-18 03:36:22,146 [s0@group-E264CA5F8311-LeaderElection49] INFO  impl.LeaderElection (LeaderElection.java:askForVotes(322)) - s0@group-E264CA5F8311-LeaderElection49 PRE_VOTE round 0: result REJECTED
2023-08-18 03:36:22,146 [s0@group-E264CA5F8311-LeaderElection49] INFO  server.RaftServer$Division (RaftServerImpl.java:setRole(371)) - s0@group-E264CA5F8311: changes role from CANDIDATE to FOLLOWER at term 1 for REJECTED
2023-08-18 03:36:22,146 [s0@group-E264CA5F8311-LeaderElection49] INFO  impl.RoleInfo (RoleInfo.java:shutdownLeaderElection(129)) - s0: shutdown s0@group-E264CA5F8311-LeaderElection49
2023-08-18 03:36:22,146 [s0@group-E264CA5F8311-LeaderElection49] INFO  impl.RoleInfo (RoleInfo.java:updateAndGet(138)) - s0: start s0@group-E264CA5F8311-FollowerState
2023-08-18 03:36:22,210 [s1-server-thread1] INFO  server.RaftServer$Division (RaftServerImpl.java:setConfigurationAsync(1238)) - s1@group-E264CA5F8311: receive setConfiguration SetConfigurationRequest:client-255CF6B0DA3F->s1@group-E264CA5F8311, cid=386, seq=0, RW, null, SET_UNCONDITIONALLY, servers:[s1|rpc:0.0.0.0:34459|dataStream:|priority:0|startupRole:FOLLOWER, s2|rpc:0.0.0.0:43137|dataStream:|priority:0|startupRole:FOLLOWER, s0|rpc:localhost:39295|admin:localhost:44843|client:localhost:40991|dataStream:localhost:40677|priority:0|startupRole:FOLLOWER], listeners:[]
2023-08-18 03:36:22,318 [s0-server-thread1] INFO  server.RaftServer$Division (RaftServerImpl.java:setConfigurationAsync(1238)) - s0@group-E264CA5F8311: receive setConfiguration SetConfigurationRequest:client-255CF6B0DA3F->s0@group-E264CA5F8311, cid=386, seq=0, RW, null, SET_UNCONDITIONALLY, servers:[s1|rpc:0.0.0.0:34459|dataStream:|priority:0|startupRole:FOLLOWER, s2|rpc:0.0.0.0:43137|dataStream:|priority:0|startupRole:FOLLOWER, s0|rpc:localhost:39295|admin:localhost:44843|client:localhost:40991|dataStream:localhost:40677|priority:0|startupRole:FOLLOWER], listeners:[]
2023-08-18 03:36:22,322 [s0@group-E264CA5F8311-FollowerState] INFO  impl.FollowerState (FollowerState.java:run(143)) - s0@group-E264CA5F8311-FollowerState: change to CANDIDATE, lastRpcElapsedTime:175523709ns, electionTimeout:175ms
2023-08-18 03:36:22,322 [s0@group-E264CA5F8311-FollowerState] INFO  impl.RoleInfo (RoleInfo.java:shutdownFollowerState(109)) - s0: shutdown s0@group-E264CA5F8311-FollowerState
2023-08-18 03:36:22,322 [s0@group-E264CA5F8311-FollowerState] INFO  server.RaftServer$Division (RaftServerImpl.java:setRole(371)) - s0@group-E264CA5F8311: changes role from  FOLLOWER to CANDIDATE at term 1 for changeToCandidate
2023-08-18 03:36:22,322 [s0@group-E264CA5F8311-FollowerState] INFO  server.RaftServerConfigKeys (ConfUtils.java:logGet(46)) - raft.server.leaderelection.pre-vote = true (default)
2023-08-18 03:36:22,322 [s0@group-E264CA5F8311-FollowerState] INFO  impl.RoleInfo (RoleInfo.java:updateAndGet(138)) - s0: start s0@group-E264CA5F8311-LeaderElection50
2023-08-18 03:36:22,322 [s0@group-E264CA5F8311-LeaderElection50] INFO  impl.LeaderElection (LeaderElection.java:askForVotes(320)) - s0@group-E264CA5F8311-LeaderElection50 PRE_VOTE round 0: submit vote requests at term 1 for 255: peers:[s0|rpc:localhost:39295|admin:localhost:44843|client:localhost:40991|dataStream:localhost:40677|priority:0|startupRole:FOLLOWER, s1|rpc:0.0.0.0:34459|dataStream:|priority:0|startupRole:FOLLOWER, s2|rpc:0.0.0.0:43137|dataStream:|priority:0|startupRole:FOLLOWER]|listeners:[], old=peers:[s0|rpc:localhost:39295|admin:localhost:44843|client:localhost:40991|dataStream:localhost:40677|priority:0|startupRole:FOLLOWER]|listeners:[]
2023-08-18 03:36:22,323 [grpc-default-executor-4] INFO  server.RaftServer$Division (RaftServerImpl.java:requestVote(1344)) - s1@group-E264CA5F8311: receive requestVote(PRE_VOTE, s0, group-E264CA5F8311, 1, (t:1, i:255))
2023-08-18 03:36:22,323 [grpc-default-executor-4] WARN  server.GrpcServerProtocolService (LogUtils.java:warn(122)) - s1: Failed requestVote s0->s1#0: org.apache.ratis.protocol.exceptions.ServerNotReadyException: s1@group-E264CA5F8311 is not in [RUNNING]: current state is STARTING
2023-08-18 03:36:22,326 [grpc-default-executor-0] INFO  server.RaftServer$Division (RaftServerImpl.java:requestVote(1344)) - s2@group-E264CA5F8311: receive requestVote(PRE_VOTE, s0, group-E264CA5F8311, 1, (t:1, i:255))
2023-08-18 03:36:22,326 [grpc-default-executor-0] WARN  server.GrpcServerProtocolService (LogUtils.java:warn(122)) - s2: Failed requestVote s0->s2#0: org.apache.ratis.protocol.exceptions.ServerNotReadyException: s2@group-E264CA5F8311 is not in [RUNNING]: current state is STARTING
2023-08-18 03:36:22,327 [s0@group-E264CA5F8311-LeaderElection50] INFO  impl.LeaderElection (LogUtils.java:infoOrTrace(137)) - s0@group-E264CA5F8311-LeaderElection50 got exception when requesting votes: java.util.concurrent.ExecutionException: org.apache.ratis.thirdparty.io.grpc.StatusRuntimeException: INTERNAL: s2@group-E264CA5F8311 is not in [RUNNING]: current state is STARTING
2023-08-18 03:36:22,327 [s0@group-E264CA5F8311-LeaderElection50] INFO  impl.LeaderElection (LogUtils.java:infoOrTrace(137)) - s0@group-E264CA5F8311-LeaderElection50 got exception when requesting votes: java.util.concurrent.ExecutionException: org.apache.ratis.thirdparty.io.grpc.StatusRuntimeException: INTERNAL: s1@group-E264CA5F8311 is not in [RUNNING]: current state is STARTING
2023-08-18 03:36:22,327 [s0@group-E264CA5F8311-LeaderElection50] INFO  impl.LeaderElection (LeaderElection.java:logAndReturn(89)) - s0@group-E264CA5F8311-LeaderElection50: PRE_VOTE REJECTED received 0 response(s) and 2 exception(s):
2023-08-18 03:36:22,327 [s0@group-E264CA5F8311-LeaderElection50] INFO  impl.LeaderElection (LogUtils.java:infoOrTrace(137)) -   Exception 0: java.util.concurrent.ExecutionException: org.apache.ratis.thirdparty.io.grpc.StatusRuntimeException: INTERNAL: s2@group-E264CA5F8311 is not in [RUNNING]: current state is STARTING
2023-08-18 03:36:22,327 [s0@group-E264CA5F8311-LeaderElection50] INFO  impl.LeaderElection (LogUtils.java:infoOrTrace(137)) -   Exception 1: java.util.concurrent.ExecutionException: org.apache.ratis.thirdparty.io.grpc.StatusRuntimeException: INTERNAL: s1@group-E264CA5F8311 is not in [RUNNING]: current state is STARTING
2023-08-18 03:36:22,327 [s0@group-E264CA5F8311-LeaderElection50] INFO  impl.LeaderElection (LeaderElection.java:askForVotes(322)) - s0@group-E264CA5F8311-LeaderElection50 PRE_VOTE round 0: result REJECTED
2023-08-18 03:36:22,327 [s0@group-E264CA5F8311-LeaderElection50] INFO  server.RaftServer$Division (RaftServerImpl.java:setRole(371)) - s0@group-E264CA5F8311: changes role from CANDIDATE to FOLLOWER at term 1 for REJECTED
2023-08-18 03:36:22,327 [s0@group-E264CA5F8311-LeaderElection50] INFO  impl.RoleInfo (RoleInfo.java:shutdownLeaderElection(129)) - s0: shutdown s0@group-E264CA5F8311-LeaderElection50
2023-08-18 03:36:22,327 [s0@group-E264CA5F8311-LeaderElection50] INFO  impl.RoleInfo (RoleInfo.java:updateAndGet(138)) - s0: start s0@group-E264CA5F8311-FollowerState
2023-08-18 03:36:22,424 [s1-server-thread1] INFO  server.RaftServer$Division (RaftServerImpl.java:setConfigurationAsync(1238)) - s1@group-E264CA5F8311: receive setConfiguration SetConfigurationRequest:client-255CF6B0DA3F->s1@group-E264CA5F8311, cid=386, seq=0, RW, null, SET_UNCONDITIONALLY, servers:[s1|rpc:0.0.0.0:34459|dataStream:|priority:0|startupRole:FOLLOWER, s2|rpc:0.0.0.0:43137|dataStream:|priority:0|startupRole:FOLLOWER, s0|rpc:localhost:39295|admin:localhost:44843|client:localhost:40991|dataStream:localhost:40677|priority:0|startupRole:FOLLOWER], listeners:[]
2023-08-18 03:36:22,529 [s0-server-thread1] INFO  server.RaftServer$Division (RaftServerImpl.java:setConfigurationAsync(1238)) - s0@group-E264CA5F8311: receive setConfiguration SetConfigurationRequest:client-255CF6B0DA3F->s0@group-E264CA5F8311, cid=386, seq=0, RW, null, SET_UNCONDITIONALLY, servers:[s1|rpc:0.0.0.0:34459|dataStream:|priority:0|startupRole:FOLLOWER, s2|rpc:0.0.0.0:43137|dataStream:|priority:0|startupRole:FOLLOWER, s0|rpc:localhost:39295|admin:localhost:44843|client:localhost:40991|dataStream:localhost:40677|priority:0|startupRole:FOLLOWER], listeners:[]
2023-08-18 03:36:22,535 [s0@group-E264CA5F8311-FollowerState] INFO  impl.FollowerState (FollowerState.java:run(143)) - s0@group-E264CA5F8311-FollowerState: change to CANDIDATE, lastRpcElapsedTime:208305092ns, electionTimeout:208ms
2023-08-18 03:36:22,535 [s0@group-E264CA5F8311-FollowerState] INFO  impl.RoleInfo (RoleInfo.java:shutdownFollowerState(109)) - s0: shutdown s0@group-E264CA5F8311-FollowerState
2023-08-18 03:36:22,535 [s0@group-E264CA5F8311-FollowerState] INFO  server.RaftServer$Division (RaftServerImpl.java:setRole(371)) - s0@group-E264CA5F8311: changes role from  FOLLOWER to CANDIDATE at term 1 for changeToCandidate
2023-08-18 03:36:22,536 [s0@group-E264CA5F8311-FollowerState] INFO  server.RaftServerConfigKeys (ConfUtils.java:logGet(46)) - raft.server.leaderelection.pre-vote = true (default)
2023-08-18 03:36:22,536 [s0@group-E264CA5F8311-FollowerState] INFO  impl.RoleInfo (RoleInfo.java:updateAndGet(138)) - s0: start s0@group-E264CA5F8311-LeaderElection51
2023-08-18 03:36:22,536 [s0@group-E264CA5F8311-LeaderElection51] INFO  impl.LeaderElection (LeaderElection.java:askForVotes(320)) - s0@group-E264CA5F8311-LeaderElection51 PRE_VOTE round 0: submit vote requests at term 1 for 255: peers:[s0|rpc:localhost:39295|admin:localhost:44843|client:localhost:40991|dataStream:localhost:40677|priority:0|startupRole:FOLLOWER, s1|rpc:0.0.0.0:34459|dataStream:|priority:0|startupRole:FOLLOWER, s2|rpc:0.0.0.0:43137|dataStream:|priority:0|startupRole:FOLLOWER]|listeners:[], old=peers:[s0|rpc:localhost:39295|admin:localhost:44843|client:localhost:40991|dataStream:localhost:40677|priority:0|startupRole:FOLLOWER]|listeners:[]
2023-08-18 03:36:22,537 [grpc-default-executor-4] INFO  server.RaftServer$Division (RaftServerImpl.java:requestVote(1344)) - s2@group-E264CA5F8311: receive requestVote(PRE_VOTE, s0, group-E264CA5F8311, 1, (t:1, i:255))
2023-08-18 03:36:22,537 [grpc-default-executor-0] INFO  server.RaftServer$Division (RaftServerImpl.java:requestVote(1344)) - s1@group-E264CA5F8311: receive requestVote(PRE_VOTE, s0, group-E264CA5F8311, 1, (t:1, i:255))
2023-08-18 03:36:22,537 [grpc-default-executor-4] WARN  server.GrpcServerProtocolService (LogUtils.java:warn(122)) - s2: Failed requestVote s0->s2#0: org.apache.ratis.protocol.exceptions.ServerNotReadyException: s2@group-E264CA5F8311 is not in [RUNNING]: current state is STARTING
2023-08-18 03:36:22,537 [grpc-default-executor-0] WARN  server.GrpcServerProtocolService (LogUtils.java:warn(122)) - s1: Failed requestVote s0->s1#0: org.apache.ratis.protocol.exceptions.ServerNotReadyException: s1@group-E264CA5F8311 is not in [RUNNING]: current state is STARTING
2023-08-18 03:36:22,539 [s0@group-E264CA5F8311-LeaderElection51] INFO  impl.LeaderElection (LogUtils.java:infoOrTrace(137)) - s0@group-E264CA5F8311-LeaderElection51 got exception when requesting votes: java.util.concurrent.ExecutionException: org.apache.ratis.thirdparty.io.grpc.StatusRuntimeException: INTERNAL: s1@group-E264CA5F8311 is not in [RUNNING]: current state is STARTING
2023-08-18 03:36:22,539 [s0@group-E264CA5F8311-LeaderElection51] INFO  impl.LeaderElection (LogUtils.java:infoOrTrace(137)) - s0@group-E264CA5F8311-LeaderElection51 got exception when requesting votes: java.util.concurrent.ExecutionException: org.apache.ratis.thirdparty.io.grpc.StatusRuntimeException: INTERNAL: s2@group-E264CA5F8311 is not in [RUNNING]: current state is STARTING
2023-08-18 03:36:22,539 [s0@group-E264CA5F8311-LeaderElection51] INFO  impl.LeaderElection (LeaderElection.java:logAndReturn(89)) - s0@group-E264CA5F8311-LeaderElection51: PRE_VOTE REJECTED received 0 response(s) and 2 exception(s):
2023-08-18 03:36:22,539 [s0@group-E264CA5F8311-LeaderElection51] INFO  impl.LeaderElection (LogUtils.java:infoOrTrace(137)) -   Exception 0: java.util.concurrent.ExecutionException: org.apache.ratis.thirdparty.io.grpc.StatusRuntimeException: INTERNAL: s1@group-E264CA5F8311 is not in [RUNNING]: current state is STARTING
2023-08-18 03:36:22,539 [s0@group-E264CA5F8311-LeaderElection51] INFO  impl.LeaderElection (LogUtils.java:infoOrTrace(137)) -   Exception 1: java.util.concurrent.ExecutionException: org.apache.ratis.thirdparty.io.grpc.StatusRuntimeException: INTERNAL: s2@group-E264CA5F8311 is not in [RUNNING]: current state is STARTING
2023-08-18 03:36:22,539 [s0@group-E264CA5F8311-LeaderElection51] INFO  impl.LeaderElection (LeaderElection.java:askForVotes(322)) - s0@group-E264CA5F8311-LeaderElection51 PRE_VOTE round 0: result REJECTED
2023-08-18 03:36:22,539 [s0@group-E264CA5F8311-LeaderElection51] INFO  server.RaftServer$Division (RaftServerImpl.java:setRole(371)) - s0@group-E264CA5F8311: changes role from CANDIDATE to FOLLOWER at term 1 for REJECTED
2023-08-18 03:36:22,539 [s0@group-E264CA5F8311-LeaderElection51] INFO  impl.RoleInfo (RoleInfo.java:shutdownLeaderElection(129)) - s0: shutdown s0@group-E264CA5F8311-LeaderElection51
2023-08-18 03:36:22,539 [s0@group-E264CA5F8311-LeaderElection51] INFO  impl.RoleInfo (RoleInfo.java:updateAndGet(138)) - s0: start s0@group-E264CA5F8311-FollowerState
2023-08-18 03:36:22,633 [s2-server-thread1] INFO  server.RaftServer$Division (RaftServerImpl.java:setConfigurationAsync(1238)) - s2@group-E264CA5F8311: receive setConfiguration SetConfigurationRequest:client-255CF6B0DA3F->s2@group-E264CA5F8311, cid=386, seq=0, RW, null, SET_UNCONDITIONALLY, servers:[s1|rpc:0.0.0.0:34459|dataStream:|priority:0|startupRole:FOLLOWER, s2|rpc:0.0.0.0:43137|dataStream:|priority:0|startupRole:FOLLOWER, s0|rpc:localhost:39295|admin:localhost:44843|client:localhost:40991|dataStream:localhost:40677|priority:0|startupRole:FOLLOWER], listeners:[]
2023-08-18 03:36:22,693 [s0@group-E264CA5F8311-FollowerState] INFO  impl.FollowerState (FollowerState.java:run(143)) - s0@group-E264CA5F8311-FollowerState: change to CANDIDATE, lastRpcElapsedTime:153413122ns, electionTimeout:153ms
2023-08-18 03:36:22,693 [s0@group-E264CA5F8311-FollowerState] INFO  impl.RoleInfo (RoleInfo.java:shutdownFollowerState(109)) - s0: shutdown s0@group-E264CA5F8311-FollowerState
2023-08-18 03:36:22,693 [s0@group-E264CA5F8311-FollowerState] INFO  server.RaftServer$Division (RaftServerImpl.java:setRole(371)) - s0@group-E264CA5F8311: changes role from  FOLLOWER to CANDIDATE at term 1 for changeToCandidate
2023-08-18 03:36:22,693 [s0@group-E264CA5F8311-FollowerState] INFO  server.RaftServerConfigKeys (ConfUtils.java:logGet(46)) - raft.server.leaderelection.pre-vote = true (default)
2023-08-18 03:36:22,693 [s0@group-E264CA5F8311-FollowerState] INFO  impl.RoleInfo (RoleInfo.java:updateAndGet(138)) - s0: start s0@group-E264CA5F8311-LeaderElection52
2023-08-18 03:36:22,693 [s0@group-E264CA5F8311-LeaderElection52] INFO  impl.LeaderElection (LeaderElection.java:askForVotes(320)) - s0@group-E264CA5F8311-LeaderElection52 PRE_VOTE round 0: submit vote requests at term 1 for 255: peers:[s0|rpc:localhost:39295|admin:localhost:44843|client:localhost:40991|dataStream:localhost:40677|priority:0|startupRole:FOLLOWER, s1|rpc:0.0.0.0:34459|dataStream:|priority:0|startupRole:FOLLOWER, s2|rpc:0.0.0.0:43137|dataStream:|priority:0|startupRole:FOLLOWER]|listeners:[], old=peers:[s0|rpc:localhost:39295|admin:localhost:44843|client:localhost:40991|dataStream:localhost:40677|priority:0|startupRole:FOLLOWER]|listeners:[]
2023-08-18 03:36:22,694 [grpc-default-executor-0] INFO  server.RaftServer$Division (RaftServerImpl.java:requestVote(1344)) - s1@group-E264CA5F8311: receive requestVote(PRE_VOTE, s0, group-E264CA5F8311, 1, (t:1, i:255))
2023-08-18 03:36:22,694 [grpc-default-executor-0] WARN  server.GrpcServerProtocolService (LogUtils.java:warn(122)) - s1: Failed requestVote s0->s1#0: org.apache.ratis.protocol.exceptions.ServerNotReadyException: s1@group-E264CA5F8311 is not in [RUNNING]: current state is STARTING
2023-08-18 03:36:22,695 [s0@group-E264CA5F8311-LeaderElection52] INFO  impl.LeaderElection (LogUtils.java:infoOrTrace(137)) - s0@group-E264CA5F8311-LeaderElection52 got exception when requesting votes: java.util.concurrent.ExecutionException: org.apache.ratis.thirdparty.io.grpc.StatusRuntimeException: INTERNAL: s1@group-E264CA5F8311 is not in [RUNNING]: current state is STARTING
2023-08-18 03:36:22,696 [grpc-default-executor-0] INFO  server.RaftServer$Division (RaftServerImpl.java:requestVote(1344)) - s2@group-E264CA5F8311: receive requestVote(PRE_VOTE, s0, group-E264CA5F8311, 1, (t:1, i:255))
2023-08-18 03:36:22,696 [grpc-default-executor-0] WARN  server.GrpcServerProtocolService (LogUtils.java:warn(122)) - s2: Failed requestVote s0->s2#0: org.apache.ratis.protocol.exceptions.ServerNotReadyException: s2@group-E264CA5F8311 is not in [RUNNING]: current state is STARTING
2023-08-18 03:36:22,696 [s0@group-E264CA5F8311-LeaderElection52] INFO  impl.LeaderElection (LogUtils.java:infoOrTrace(137)) - s0@group-E264CA5F8311-LeaderElection52 got exception when requesting votes: java.util.concurrent.ExecutionException: org.apache.ratis.thirdparty.io.grpc.StatusRuntimeException: INTERNAL: s2@group-E264CA5F8311 is not in [RUNNING]: current state is STARTING
2023-08-18 03:36:22,696 [s0@group-E264CA5F8311-LeaderElection52] INFO  impl.LeaderElection (LeaderElection.java:logAndReturn(89)) - s0@group-E264CA5F8311-LeaderElection52: PRE_VOTE REJECTED received 0 response(s) and 2 exception(s):
2023-08-18 03:36:22,696 [s0@group-E264CA5F8311-LeaderElection52] INFO  impl.LeaderElection (LogUtils.java:infoOrTrace(137)) -   Exception 0: java.util.concurrent.ExecutionException: org.apache.ratis.thirdparty.io.grpc.StatusRuntimeException: INTERNAL: s1@group-E264CA5F8311 is not in [RUNNING]: current state is STARTING
2023-08-18 03:36:22,696 [s0@group-E264CA5F8311-LeaderElection52] INFO  impl.LeaderElection (LogUtils.java:infoOrTrace(137)) -   Exception 1: java.util.concurrent.ExecutionException: org.apache.ratis.thirdparty.io.grpc.StatusRuntimeException: INTERNAL: s2@group-E264CA5F8311 is not in [RUNNING]: current state is STARTING
2023-08-18 03:36:22,696 [s0@group-E264CA5F8311-LeaderElection52] INFO  impl.LeaderElection (LeaderElection.java:askForVotes(322)) - s0@group-E264CA5F8311-LeaderElection52 PRE_VOTE round 0: result REJECTED
2023-08-18 03:36:22,696 [s0@group-E264CA5F8311-LeaderElection52] INFO  server.RaftServer$Division (RaftServerImpl.java:setRole(371)) - s0@group-E264CA5F8311: changes role from CANDIDATE to FOLLOWER at term 1 for REJECTED
2023-08-18 03:36:22,696 [s0@group-E264CA5F8311-LeaderElection52] INFO  impl.RoleInfo (RoleInfo.java:shutdownLeaderElection(129)) - s0: shutdown s0@group-E264CA5F8311-LeaderElection52
2023-08-18 03:36:22,697 [s0@group-E264CA5F8311-LeaderElection52] INFO  impl.RoleInfo (RoleInfo.java:updateAndGet(138)) - s0: start s0@group-E264CA5F8311-FollowerState
2023-08-18 03:36:22,737 [s1-server-thread1] INFO  server.RaftServer$Division (RaftServerImpl.java:setConfigurationAsync(1238)) - s1@group-E264CA5F8311: receive setConfiguration SetConfigurationRequest:client-255CF6B0DA3F->s1@group-E264CA5F8311, cid=386, seq=0, RW, null, SET_UNCONDITIONALLY, servers:[s1|rpc:0.0.0.0:34459|dataStream:|priority:0|startupRole:FOLLOWER, s2|rpc:0.0.0.0:43137|dataStream:|priority:0|startupRole:FOLLOWER, s0|rpc:localhost:39295|admin:localhost:44843|client:localhost:40991|dataStream:localhost:40677|priority:0|startupRole:FOLLOWER], listeners:[]
2023-08-18 03:36:22,842 [s2-server-thread1] INFO  server.RaftServer$Division (RaftServerImpl.java:setConfigurationAsync(1238)) - s2@group-E264CA5F8311: receive setConfiguration SetConfigurationRequest:client-255CF6B0DA3F->s2@group-E264CA5F8311, cid=386, seq=0, RW, null, SET_UNCONDITIONALLY, servers:[s1|rpc:0.0.0.0:34459|dataStream:|priority:0|startupRole:FOLLOWER, s2|rpc:0.0.0.0:43137|dataStream:|priority:0|startupRole:FOLLOWER, s0|rpc:localhost:39295|admin:localhost:44843|client:localhost:40991|dataStream:localhost:40677|priority:0|startupRole:FOLLOWER], listeners:[]
2023-08-18 03:36:22,847 [s0@group-E264CA5F8311-FollowerState] INFO  impl.FollowerState (FollowerState.java:run(143)) - s0@group-E264CA5F8311-FollowerState: change to CANDIDATE, lastRpcElapsedTime:150239352ns, electionTimeout:150ms
2023-08-18 03:36:22,847 [s0@group-E264CA5F8311-FollowerState] INFO  impl.RoleInfo (RoleInfo.java:shutdownFollowerState(109)) - s0: shutdown s0@group-E264CA5F8311-FollowerState
2023-08-18 03:36:22,847 [s0@group-E264CA5F8311-FollowerState] INFO  server.RaftServer$Division (RaftServerImpl.java:setRole(371)) - s0@group-E264CA5F8311: changes role from  FOLLOWER to CANDIDATE at term 1 for changeToCandidate
2023-08-18 03:36:22,847 [s0@group-E264CA5F8311-FollowerState] INFO  server.RaftServerConfigKeys (ConfUtils.java:logGet(46)) - raft.server.leaderelection.pre-vote = true (default)
2023-08-18 03:36:22,847 [s0@group-E264CA5F8311-FollowerState] INFO  impl.RoleInfo (RoleInfo.java:updateAndGet(138)) - s0: start s0@group-E264CA5F8311-LeaderElection53
2023-08-18 03:36:22,847 [s0@group-E264CA5F8311-LeaderElection53] INFO  impl.LeaderElection (LeaderElection.java:askForVotes(320)) - s0@group-E264CA5F8311-LeaderElection53 PRE_VOTE round 0: submit vote requests at term 1 for 255: peers:[s0|rpc:localhost:39295|admin:localhost:44843|client:localhost:40991|dataStream:localhost:40677|priority:0|startupRole:FOLLOWER, s1|rpc:0.0.0.0:34459|dataStream:|priority:0|startupRole:FOLLOWER, s2|rpc:0.0.0.0:43137|dataStream:|priority:0|startupRole:FOLLOWER]|listeners:[], old=peers:[s0|rpc:localhost:39295|admin:localhost:44843|client:localhost:40991|dataStream:localhost:40677|priority:0|startupRole:FOLLOWER]|listeners:[]
2023-08-18 03:36:22,849 [grpc-default-executor-4] INFO  server.RaftServer$Division (RaftServerImpl.java:requestVote(1344)) - s2@group-E264CA5F8311: receive requestVote(PRE_VOTE, s0, group-E264CA5F8311, 1, (t:1, i:255))
2023-08-18 03:36:22,849 [grpc-default-executor-4] WARN  server.GrpcServerProtocolService (LogUtils.java:warn(122)) - s2: Failed requestVote s0->s2#0: org.apache.ratis.protocol.exceptions.ServerNotReadyException: s2@group-E264CA5F8311 is not in [RUNNING]: current state is STARTING
2023-08-18 03:36:22,849 [s0@group-E264CA5F8311-LeaderElection53] INFO  impl.LeaderElection (LogUtils.java:infoOrTrace(137)) - s0@group-E264CA5F8311-LeaderElection53 got exception when requesting votes: java.util.concurrent.ExecutionException: org.apache.ratis.thirdparty.io.grpc.StatusRuntimeException: INTERNAL: s2@group-E264CA5F8311 is not in [RUNNING]: current state is STARTING
2023-08-18 03:36:22,849 [grpc-default-executor-0] INFO  server.RaftServer$Division (RaftServerImpl.java:requestVote(1344)) - s1@group-E264CA5F8311: receive requestVote(PRE_VOTE, s0, group-E264CA5F8311, 1, (t:1, i:255))
2023-08-18 03:36:22,849 [grpc-default-executor-0] WARN  server.GrpcServerProtocolService (LogUtils.java:warn(122)) - s1: Failed requestVote s0->s1#0: org.apache.ratis.protocol.exceptions.ServerNotReadyException: s1@group-E264CA5F8311 is not in [RUNNING]: current state is STARTING
2023-08-18 03:36:22,850 [s0@group-E264CA5F8311-LeaderElection53] INFO  impl.LeaderElection (LogUtils.java:infoOrTrace(137)) - s0@group-E264CA5F8311-LeaderElection53 got exception when requesting votes: java.util.concurrent.ExecutionException: org.apache.ratis.thirdparty.io.grpc.StatusRuntimeException: INTERNAL: s1@group-E264CA5F8311 is not in [RUNNING]: current state is STARTING
2023-08-18 03:36:22,850 [s0@group-E264CA5F8311-LeaderElection53] INFO  impl.LeaderElection (LeaderElection.java:logAndReturn(89)) - s0@group-E264CA5F8311-LeaderElection53: PRE_VOTE REJECTED received 0 response(s) and 2 exception(s):
2023-08-18 03:36:22,850 [s0@group-E264CA5F8311-LeaderElection53] INFO  impl.LeaderElection (LogUtils.java:infoOrTrace(137)) -   Exception 0: java.util.concurrent.ExecutionException: org.apache.ratis.thirdparty.io.grpc.StatusRuntimeException: INTERNAL: s2@group-E264CA5F8311 is not in [RUNNING]: current state is STARTING
2023-08-18 03:36:22,850 [s0@group-E264CA5F8311-LeaderElection53] INFO  impl.LeaderElection (LogUtils.java:infoOrTrace(137)) -   Exception 1: java.util.concurrent.ExecutionException: org.apache.ratis.thirdparty.io.grpc.StatusRuntimeException: INTERNAL: s1@group-E264CA5F8311 is not in [RUNNING]: current state is STARTING
2023-08-18 03:36:22,850 [s0@group-E264CA5F8311-LeaderElection53] INFO  impl.LeaderElection (LeaderElection.java:askForVotes(322)) - s0@group-E264CA5F8311-LeaderElection53 PRE_VOTE round 0: result REJECTED
2023-08-18 03:36:22,850 [s0@group-E264CA5F8311-LeaderElection53] INFO  server.RaftServer$Division (RaftServerImpl.java:setRole(371)) - s0@group-E264CA5F8311: changes role from CANDIDATE to FOLLOWER at term 1 for REJECTED
2023-08-18 03:36:22,850 [s0@group-E264CA5F8311-LeaderElection53] INFO  impl.RoleInfo (RoleInfo.java:shutdownLeaderElection(129)) - s0: shutdown s0@group-E264CA5F8311-LeaderElection53
2023-08-18 03:36:22,850 [s0@group-E264CA5F8311-LeaderElection53] INFO  impl.RoleInfo (RoleInfo.java:updateAndGet(138)) - s0: start s0@group-E264CA5F8311-FollowerState
2023-08-18 03:36:22,946 [s0-server-thread1] INFO  server.RaftServer$Division (RaftServerImpl.java:setConfigurationAsync(1238)) - s0@group-E264CA5F8311: receive setConfiguration SetConfigurationRequest:client-255CF6B0DA3F->s0@group-E264CA5F8311, cid=386, seq=0, RW, null, SET_UNCONDITIONALLY, servers:[s1|rpc:0.0.0.0:34459|dataStream:|priority:0|startupRole:FOLLOWER, s2|rpc:0.0.0.0:43137|dataStream:|priority:0|startupRole:FOLLOWER, s0|rpc:localhost:39295|admin:localhost:44843|client:localhost:40991|dataStream:localhost:40677|priority:0|startupRole:FOLLOWER], listeners:[]
2023-08-18 03:36:23,054 [s1-server-thread1] INFO  server.RaftServer$Division (RaftServerImpl.java:setConfigurationAsync(1238)) - s1@group-E264CA5F8311: receive setConfiguration SetConfigurationRequest:client-255CF6B0DA3F->s1@group-E264CA5F8311, cid=386, seq=0, RW, null, SET_UNCONDITIONALLY, servers:[s1|rpc:0.0.0.0:34459|dataStream:|priority:0|startupRole:FOLLOWER, s2|rpc:0.0.0.0:43137|dataStream:|priority:0|startupRole:FOLLOWER, s0|rpc:localhost:39295|admin:localhost:44843|client:localhost:40991|dataStream:localhost:40677|priority:0|startupRole:FOLLOWER], listeners:[]
2023-08-18 03:36:23,088 [s0@group-E264CA5F8311-FollowerState] INFO  impl.FollowerState (FollowerState.java:run(143)) - s0@group-E264CA5F8311-FollowerState: change to CANDIDATE, lastRpcElapsedTime:237916407ns, electionTimeout:237ms
2023-08-18 03:36:23,088 [s0@group-E264CA5F8311-FollowerState] INFO  impl.RoleInfo (RoleInfo.java:shutdownFollowerState(109)) - s0: shutdown s0@group-E264CA5F8311-FollowerState
2023-08-18 03:36:23,088 [s0@group-E264CA5F8311-FollowerState] INFO  server.RaftServer$Division (RaftServerImpl.java:setRole(371)) - s0@group-E264CA5F8311: changes role from  FOLLOWER to CANDIDATE at term 1 for changeToCandidate
2023-08-18 03:36:23,088 [s0@group-E264CA5F8311-FollowerState] INFO  server.RaftServerConfigKeys (ConfUtils.java:logGet(46)) - raft.server.leaderelection.pre-vote = true (default)
2023-08-18 03:36:23,088 [s0@group-E264CA5F8311-FollowerState] INFO  impl.RoleInfo (RoleInfo.java:updateAndGet(138)) - s0: start s0@group-E264CA5F8311-LeaderElection54
2023-08-18 03:36:23,089 [s0@group-E264CA5F8311-LeaderElection54] INFO  impl.LeaderElection (LeaderElection.java:askForVotes(320)) - s0@group-E264CA5F8311-LeaderElection54 PRE_VOTE round 0: submit vote requests at term 1 for 255: peers:[s0|rpc:localhost:39295|admin:localhost:44843|client:localhost:40991|dataStream:localhost:40677|priority:0|startupRole:FOLLOWER, s1|rpc:0.0.0.0:34459|dataStream:|priority:0|startupRole:FOLLOWER, s2|rpc:0.0.0.0:43137|dataStream:|priority:0|startupRole:FOLLOWER]|listeners:[], old=peers:[s0|rpc:localhost:39295|admin:localhost:44843|client:localhost:40991|dataStream:localhost:40677|priority:0|startupRole:FOLLOWER]|listeners:[]
2023-08-18 03:36:23,090 [grpc-default-executor-0] INFO  server.RaftServer$Division (RaftServerImpl.java:requestVote(1344)) - s1@group-E264CA5F8311: receive requestVote(PRE_VOTE, s0, group-E264CA5F8311, 1, (t:1, i:255))
2023-08-18 03:36:23,090 [grpc-default-executor-0] WARN  server.GrpcServerProtocolService (LogUtils.java:warn(122)) - s1: Failed requestVote s0->s1#0: org.apache.ratis.protocol.exceptions.ServerNotReadyException: s1@group-E264CA5F8311 is not in [RUNNING]: current state is STARTING
2023-08-18 03:36:23,090 [grpc-default-executor-0] INFO  server.RaftServer$Division (RaftServerImpl.java:requestVote(1344)) - s2@group-E264CA5F8311: receive requestVote(PRE_VOTE, s0, group-E264CA5F8311, 1, (t:1, i:255))
2023-08-18 03:36:23,090 [grpc-default-executor-0] WARN  server.GrpcServerProtocolService (LogUtils.java:warn(122)) - s2: Failed requestVote s0->s2#0: org.apache.ratis.protocol.exceptions.ServerNotReadyException: s2@group-E264CA5F8311 is not in [RUNNING]: current state is STARTING
2023-08-18 03:36:23,091 [s0@group-E264CA5F8311-LeaderElection54] INFO  impl.LeaderElection (LogUtils.java:infoOrTrace(137)) - s0@group-E264CA5F8311-LeaderElection54 got exception when requesting votes: java.util.concurrent.ExecutionException: org.apache.ratis.thirdparty.io.grpc.StatusRuntimeException: INTERNAL: s1@group-E264CA5F8311 is not in [RUNNING]: current state is STARTING
2023-08-18 03:36:23,091 [s0@group-E264CA5F8311-LeaderElection54] INFO  impl.LeaderElection (LogUtils.java:infoOrTrace(137)) - s0@group-E264CA5F8311-LeaderElection54 got exception when requesting votes: java.util.concurrent.ExecutionException: org.apache.ratis.thirdparty.io.grpc.StatusRuntimeException: INTERNAL: s2@group-E264CA5F8311 is not in [RUNNING]: current state is STARTING
2023-08-18 03:36:23,091 [s0@group-E264CA5F8311-LeaderElection54] INFO  impl.LeaderElection (LeaderElection.java:logAndReturn(89)) - s0@group-E264CA5F8311-LeaderElection54: PRE_VOTE REJECTED received 0 response(s) and 2 exception(s):
2023-08-18 03:36:23,091 [s0@group-E264CA5F8311-LeaderElection54] INFO  impl.LeaderElection (LogUtils.java:infoOrTrace(137)) -   Exception 0: java.util.concurrent.ExecutionException: org.apache.ratis.thirdparty.io.grpc.StatusRuntimeException: INTERNAL: s1@group-E264CA5F8311 is not in [RUNNING]: current state is STARTING
2023-08-18 03:36:23,091 [s0@group-E264CA5F8311-LeaderElection54] INFO  impl.LeaderElection (LogUtils.java:infoOrTrace(137)) -   Exception 1: java.util.concurrent.ExecutionException: org.apache.ratis.thirdparty.io.grpc.StatusRuntimeException: INTERNAL: s2@group-E264CA5F8311 is not in [RUNNING]: current state is STARTING
2023-08-18 03:36:23,091 [s0@group-E264CA5F8311-LeaderElection54] INFO  impl.LeaderElection (LeaderElection.java:askForVotes(322)) - s0@group-E264CA5F8311-LeaderElection54 PRE_VOTE round 0: result REJECTED
2023-08-18 03:36:23,091 [s0@group-E264CA5F8311-LeaderElection54] INFO  server.RaftServer$Division (RaftServerImpl.java:setRole(371)) - s0@group-E264CA5F8311: changes role from CANDIDATE to FOLLOWER at term 1 for REJECTED
2023-08-18 03:36:23,091 [s0@group-E264CA5F8311-LeaderElection54] INFO  impl.RoleInfo (RoleInfo.java:shutdownLeaderElection(129)) - s0: shutdown s0@group-E264CA5F8311-LeaderElection54
2023-08-18 03:36:23,091 [s0@group-E264CA5F8311-LeaderElection54] INFO  impl.RoleInfo (RoleInfo.java:updateAndGet(138)) - s0: start s0@group-E264CA5F8311-FollowerState
2023-08-18 03:36:23,160 [s2-server-thread1] INFO  server.RaftServer$Division (RaftServerImpl.java:setConfigurationAsync(1238)) - s2@group-E264CA5F8311: receive setConfiguration SetConfigurationRequest:client-255CF6B0DA3F->s2@group-E264CA5F8311, cid=386, seq=0, RW, null, SET_UNCONDITIONALLY, servers:[s1|rpc:0.0.0.0:34459|dataStream:|priority:0|startupRole:FOLLOWER, s2|rpc:0.0.0.0:43137|dataStream:|priority:0|startupRole:FOLLOWER, s0|rpc:localhost:39295|admin:localhost:44843|client:localhost:40991|dataStream:localhost:40677|priority:0|startupRole:FOLLOWER], listeners:[]
2023-08-18 03:36:23,270 [s1-server-thread1] INFO  server.RaftServer$Division (RaftServerImpl.java:setConfigurationAsync(1238)) - s1@group-E264CA5F8311: receive setConfiguration SetConfigurationRequest:client-255CF6B0DA3F->s1@group-E264CA5F8311, cid=386, seq=0, RW, null, SET_UNCONDITIONALLY, servers:[s1|rpc:0.0.0.0:34459|dataStream:|priority:0|startupRole:FOLLOWER, s2|rpc:0.0.0.0:43137|dataStream:|priority:0|startupRole:FOLLOWER, s0|rpc:localhost:39295|admin:localhost:44843|client:localhost:40991|dataStream:localhost:40677|priority:0|startupRole:FOLLOWER], listeners:[]
2023-08-18 03:36:23,360 [s0@group-E264CA5F8311-FollowerState] INFO  impl.FollowerState (FollowerState.java:run(143)) - s0@group-E264CA5F8311-FollowerState: change to CANDIDATE, lastRpcElapsedTime:269361904ns, electionTimeout:269ms
2023-08-18 03:36:23,360 [s0@group-E264CA5F8311-FollowerState] INFO  impl.RoleInfo (RoleInfo.java:shutdownFollowerState(109)) - s0: shutdown s0@group-E264CA5F8311-FollowerState
2023-08-18 03:36:23,360 [s0@group-E264CA5F8311-FollowerState] INFO  server.RaftServer$Division (RaftServerImpl.java:setRole(371)) - s0@group-E264CA5F8311: changes role from  FOLLOWER to CANDIDATE at term 1 for changeToCandidate
2023-08-18 03:36:23,360 [s0@group-E264CA5F8311-FollowerState] INFO  server.RaftServerConfigKeys (ConfUtils.java:logGet(46)) - raft.server.leaderelection.pre-vote = true (default)
2023-08-18 03:36:23,361 [s0@group-E264CA5F8311-FollowerState] INFO  impl.RoleInfo (RoleInfo.java:updateAndGet(138)) - s0: start s0@group-E264CA5F8311-LeaderElection55
2023-08-18 03:36:23,361 [s0@group-E264CA5F8311-LeaderElection55] INFO  impl.LeaderElection (LeaderElection.java:askForVotes(320)) - s0@group-E264CA5F8311-LeaderElection55 PRE_VOTE round 0: submit vote requests at term 1 for 255: peers:[s0|rpc:localhost:39295|admin:localhost:44843|client:localhost:40991|dataStream:localhost:40677|priority:0|startupRole:FOLLOWER, s1|rpc:0.0.0.0:34459|dataStream:|priority:0|startupRole:FOLLOWER, s2|rpc:0.0.0.0:43137|dataStream:|priority:0|startupRole:FOLLOWER]|listeners:[], old=peers:[s0|rpc:localhost:39295|admin:localhost:44843|client:localhost:40991|dataStream:localhost:40677|priority:0|startupRole:FOLLOWER]|listeners:[]
2023-08-18 03:36:23,362 [grpc-default-executor-0] INFO  server.RaftServer$Division (RaftServerImpl.java:requestVote(1344)) - s1@group-E264CA5F8311: receive requestVote(PRE_VOTE, s0, group-E264CA5F8311, 1, (t:1, i:255))
2023-08-18 03:36:23,362 [grpc-default-executor-0] WARN  server.GrpcServerProtocolService (LogUtils.java:warn(122)) - s1: Failed requestVote s0->s1#0: org.apache.ratis.protocol.exceptions.ServerNotReadyException: s1@group-E264CA5F8311 is not in [RUNNING]: current state is STARTING
2023-08-18 03:36:23,362 [grpc-default-executor-0] INFO  server.RaftServer$Division (RaftServerImpl.java:requestVote(1344)) - s2@group-E264CA5F8311: receive requestVote(PRE_VOTE, s0, group-E264CA5F8311, 1, (t:1, i:255))
2023-08-18 03:36:23,363 [grpc-default-executor-0] WARN  server.GrpcServerProtocolService (LogUtils.java:warn(122)) - s2: Failed requestVote s0->s2#0: org.apache.ratis.protocol.exceptions.ServerNotReadyException: s2@group-E264CA5F8311 is not in [RUNNING]: current state is STARTING
2023-08-18 03:36:23,363 [s0@group-E264CA5F8311-LeaderElection55] INFO  impl.LeaderElection (LogUtils.java:infoOrTrace(137)) - s0@group-E264CA5F8311-LeaderElection55 got exception when requesting votes: java.util.concurrent.ExecutionException: org.apache.ratis.thirdparty.io.grpc.StatusRuntimeException: INTERNAL: s1@group-E264CA5F8311 is not in [RUNNING]: current state is STARTING
2023-08-18 03:36:23,363 [s0@group-E264CA5F8311-LeaderElection55] INFO  impl.LeaderElection (LogUtils.java:infoOrTrace(137)) - s0@group-E264CA5F8311-LeaderElection55 got exception when requesting votes: java.util.concurrent.ExecutionException: org.apache.ratis.thirdparty.io.grpc.StatusRuntimeException: INTERNAL: s2@group-E264CA5F8311 is not in [RUNNING]: current state is STARTING
2023-08-18 03:36:23,363 [s0@group-E264CA5F8311-LeaderElection55] INFO  impl.LeaderElection (LeaderElection.java:logAndReturn(89)) - s0@group-E264CA5F8311-LeaderElection55: PRE_VOTE REJECTED received 0 response(s) and 2 exception(s):
2023-08-18 03:36:23,363 [s0@group-E264CA5F8311-LeaderElection55] INFO  impl.LeaderElection (LogUtils.java:infoOrTrace(137)) -   Exception 0: java.util.concurrent.ExecutionException: org.apache.ratis.thirdparty.io.grpc.StatusRuntimeException: INTERNAL: s1@group-E264CA5F8311 is not in [RUNNING]: current state is STARTING
2023-08-18 03:36:23,363 [s0@group-E264CA5F8311-LeaderElection55] INFO  impl.LeaderElection (LogUtils.java:infoOrTrace(137)) -   Exception 1: java.util.concurrent.ExecutionException: org.apache.ratis.thirdparty.io.grpc.StatusRuntimeException: INTERNAL: s2@group-E264CA5F8311 is not in [RUNNING]: current state is STARTING
2023-08-18 03:36:23,363 [s0@group-E264CA5F8311-LeaderElection55] INFO  impl.LeaderElection (LeaderElection.java:askForVotes(322)) - s0@group-E264CA5F8311-LeaderElection55 PRE_VOTE round 0: result REJECTED
2023-08-18 03:36:23,363 [s0@group-E264CA5F8311-LeaderElection55] INFO  server.RaftServer$Division (RaftServerImpl.java:setRole(371)) - s0@group-E264CA5F8311: changes role from CANDIDATE to FOLLOWER at term 1 for REJECTED
2023-08-18 03:36:23,363 [s0@group-E264CA5F8311-LeaderElection55] INFO  impl.RoleInfo (RoleInfo.java:shutdownLeaderElection(129)) - s0: shutdown s0@group-E264CA5F8311-LeaderElection55
2023-08-18 03:36:23,363 [s0@group-E264CA5F8311-LeaderElection55] INFO  impl.RoleInfo (RoleInfo.java:updateAndGet(138)) - s0: start s0@group-E264CA5F8311-FollowerState
2023-08-18 03:36:23,375 [s0-server-thread1] INFO  server.RaftServer$Division (RaftServerImpl.java:setConfigurationAsync(1238)) - s0@group-E264CA5F8311: receive setConfiguration SetConfigurationRequest:client-255CF6B0DA3F->s0@group-E264CA5F8311, cid=386, seq=0, RW, null, SET_UNCONDITIONALLY, servers:[s1|rpc:0.0.0.0:34459|dataStream:|priority:0|startupRole:FOLLOWER, s2|rpc:0.0.0.0:43137|dataStream:|priority:0|startupRole:FOLLOWER, s0|rpc:localhost:39295|admin:localhost:44843|client:localhost:40991|dataStream:localhost:40677|priority:0|startupRole:FOLLOWER], listeners:[]
2023-08-18 03:36:23,480 [s1-server-thread1] INFO  server.RaftServer$Division (RaftServerImpl.java:setConfigurationAsync(1238)) - s1@group-E264CA5F8311: receive setConfiguration SetConfigurationRequest:client-255CF6B0DA3F->s1@group-E264CA5F8311, cid=386, seq=0, RW, null, SET_UNCONDITIONALLY, servers:[s1|rpc:0.0.0.0:34459|dataStream:|priority:0|startupRole:FOLLOWER, s2|rpc:0.0.0.0:43137|dataStream:|priority:0|startupRole:FOLLOWER, s0|rpc:localhost:39295|admin:localhost:44843|client:localhost:40991|dataStream:localhost:40677|priority:0|startupRole:FOLLOWER], listeners:[]
2023-08-18 03:36:23,586 [s0-server-thread1] INFO  server.RaftServer$Division (RaftServerImpl.java:setConfigurationAsync(1238)) - s0@group-E264CA5F8311: receive setConfiguration SetConfigurationRequest:client-255CF6B0DA3F->s0@group-E264CA5F8311, cid=386, seq=0, RW, null, SET_UNCONDITIONALLY, servers:[s1|rpc:0.0.0.0:34459|dataStream:|priority:0|startupRole:FOLLOWER, s2|rpc:0.0.0.0:43137|dataStream:|priority:0|startupRole:FOLLOWER, s0|rpc:localhost:39295|admin:localhost:44843|client:localhost:40991|dataStream:localhost:40677|priority:0|startupRole:FOLLOWER], listeners:[]
2023-08-18 03:36:23,623 [s0@group-E264CA5F8311-FollowerState] INFO  impl.FollowerState (FollowerState.java:run(143)) - s0@group-E264CA5F8311-FollowerState: change to CANDIDATE, lastRpcElapsedTime:259361300ns, electionTimeout:259ms
2023-08-18 03:36:23,623 [s0@group-E264CA5F8311-FollowerState] INFO  impl.RoleInfo (RoleInfo.java:shutdownFollowerState(109)) - s0: shutdown s0@group-E264CA5F8311-FollowerState
2023-08-18 03:36:23,623 [s0@group-E264CA5F8311-FollowerState] INFO  server.RaftServer$Division (RaftServerImpl.java:setRole(371)) - s0@group-E264CA5F8311: changes role from  FOLLOWER to CANDIDATE at term 1 for changeToCandidate
2023-08-18 03:36:23,623 [s0@group-E264CA5F8311-FollowerState] INFO  server.RaftServerConfigKeys (ConfUtils.java:logGet(46)) - raft.server.leaderelection.pre-vote = true (default)
2023-08-18 03:36:23,623 [s0@group-E264CA5F8311-FollowerState] INFO  impl.RoleInfo (RoleInfo.java:updateAndGet(138)) - s0: start s0@group-E264CA5F8311-LeaderElection56
2023-08-18 03:36:23,623 [s0@group-E264CA5F8311-LeaderElection56] INFO  impl.LeaderElection (LeaderElection.java:askForVotes(320)) - s0@group-E264CA5F8311-LeaderElection56 PRE_VOTE round 0: submit vote requests at term 1 for 255: peers:[s0|rpc:localhost:39295|admin:localhost:44843|client:localhost:40991|dataStream:localhost:40677|priority:0|startupRole:FOLLOWER, s1|rpc:0.0.0.0:34459|dataStream:|priority:0|startupRole:FOLLOWER, s2|rpc:0.0.0.0:43137|dataStream:|priority:0|startupRole:FOLLOWER]|listeners:[], old=peers:[s0|rpc:localhost:39295|admin:localhost:44843|client:localhost:40991|dataStream:localhost:40677|priority:0|startupRole:FOLLOWER]|listeners:[]
2023-08-18 03:36:23,624 [grpc-default-executor-0] INFO  server.RaftServer$Division (RaftServerImpl.java:requestVote(1344)) - s1@group-E264CA5F8311: receive requestVote(PRE_VOTE, s0, group-E264CA5F8311, 1, (t:1, i:255))
2023-08-18 03:36:23,624 [grpc-default-executor-0] WARN  server.GrpcServerProtocolService (LogUtils.java:warn(122)) - s1: Failed requestVote s0->s1#0: org.apache.ratis.protocol.exceptions.ServerNotReadyException: s1@group-E264CA5F8311 is not in [RUNNING]: current state is STARTING
2023-08-18 03:36:23,624 [grpc-default-executor-4] INFO  server.RaftServer$Division (RaftServerImpl.java:requestVote(1344)) - s2@group-E264CA5F8311: receive requestVote(PRE_VOTE, s0, group-E264CA5F8311, 1, (t:1, i:255))
2023-08-18 03:36:23,624 [grpc-default-executor-4] WARN  server.GrpcServerProtocolService (LogUtils.java:warn(122)) - s2: Failed requestVote s0->s2#0: org.apache.ratis.protocol.exceptions.ServerNotReadyException: s2@group-E264CA5F8311 is not in [RUNNING]: current state is STARTING
2023-08-18 03:36:23,625 [s0@group-E264CA5F8311-LeaderElection56] INFO  impl.LeaderElection (LogUtils.java:infoOrTrace(137)) - s0@group-E264CA5F8311-LeaderElection56 got exception when requesting votes: java.util.concurrent.ExecutionException: org.apache.ratis.thirdparty.io.grpc.StatusRuntimeException: INTERNAL: s1@group-E264CA5F8311 is not in [RUNNING]: current state is STARTING
2023-08-18 03:36:23,625 [s0@group-E264CA5F8311-LeaderElection56] INFO  impl.LeaderElection (LogUtils.java:infoOrTrace(137)) - s0@group-E264CA5F8311-LeaderElection56 got exception when requesting votes: java.util.concurrent.ExecutionException: org.apache.ratis.thirdparty.io.grpc.StatusRuntimeException: INTERNAL: s2@group-E264CA5F8311 is not in [RUNNING]: current state is STARTING
2023-08-18 03:36:23,625 [s0@group-E264CA5F8311-LeaderElection56] INFO  impl.LeaderElection (LeaderElection.java:logAndReturn(89)) - s0@group-E264CA5F8311-LeaderElection56: PRE_VOTE REJECTED received 0 response(s) and 2 exception(s):
2023-08-18 03:36:23,625 [s0@group-E264CA5F8311-LeaderElection56] INFO  impl.LeaderElection (LogUtils.java:infoOrTrace(137)) -   Exception 0: java.util.concurrent.ExecutionException: org.apache.ratis.thirdparty.io.grpc.StatusRuntimeException: INTERNAL: s1@group-E264CA5F8311 is not in [RUNNING]: current state is STARTING
2023-08-18 03:36:23,625 [s0@group-E264CA5F8311-LeaderElection56] INFO  impl.LeaderElection (LogUtils.java:infoOrTrace(137)) -   Exception 1: java.util.concurrent.ExecutionException: org.apache.ratis.thirdparty.io.grpc.StatusRuntimeException: INTERNAL: s2@group-E264CA5F8311 is not in [RUNNING]: current state is STARTING
2023-08-18 03:36:23,625 [s0@group-E264CA5F8311-LeaderElection56] INFO  impl.LeaderElection (LeaderElection.java:askForVotes(322)) - s0@group-E264CA5F8311-LeaderElection56 PRE_VOTE round 0: result REJECTED
2023-08-18 03:36:23,625 [s0@group-E264CA5F8311-LeaderElection56] INFO  server.RaftServer$Division (RaftServerImpl.java:setRole(371)) - s0@group-E264CA5F8311: changes role from CANDIDATE to FOLLOWER at term 1 for REJECTED
2023-08-18 03:36:23,625 [s0@group-E264CA5F8311-LeaderElection56] INFO  impl.RoleInfo (RoleInfo.java:shutdownLeaderElection(129)) - s0: shutdown s0@group-E264CA5F8311-LeaderElection56
2023-08-18 03:36:23,625 [s0@group-E264CA5F8311-LeaderElection56] INFO  impl.RoleInfo (RoleInfo.java:updateAndGet(138)) - s0: start s0@group-E264CA5F8311-FollowerState
2023-08-18 03:36:23,690 [s2-server-thread1] INFO  server.RaftServer$Division (RaftServerImpl.java:setConfigurationAsync(1238)) - s2@group-E264CA5F8311: receive setConfiguration SetConfigurationRequest:client-255CF6B0DA3F->s2@group-E264CA5F8311, cid=386, seq=0, RW, null, SET_UNCONDITIONALLY, servers:[s1|rpc:0.0.0.0:34459|dataStream:|priority:0|startupRole:FOLLOWER, s2|rpc:0.0.0.0:43137|dataStream:|priority:0|startupRole:FOLLOWER, s0|rpc:localhost:39295|admin:localhost:44843|client:localhost:40991|dataStream:localhost:40677|priority:0|startupRole:FOLLOWER], listeners:[]
2023-08-18 03:36:23,795 [s0-server-thread1] INFO  server.RaftServer$Division (RaftServerImpl.java:setConfigurationAsync(1238)) - s0@group-E264CA5F8311: receive setConfiguration SetConfigurationRequest:client-255CF6B0DA3F->s0@group-E264CA5F8311, cid=386, seq=0, RW, null, SET_UNCONDITIONALLY, servers:[s1|rpc:0.0.0.0:34459|dataStream:|priority:0|startupRole:FOLLOWER, s2|rpc:0.0.0.0:43137|dataStream:|priority:0|startupRole:FOLLOWER, s0|rpc:localhost:39295|admin:localhost:44843|client:localhost:40991|dataStream:localhost:40677|priority:0|startupRole:FOLLOWER], listeners:[]
2023-08-18 03:36:23,863 [s0@group-E264CA5F8311-FollowerState] INFO  impl.FollowerState (FollowerState.java:run(143)) - s0@group-E264CA5F8311-FollowerState: change to CANDIDATE, lastRpcElapsedTime:237404113ns, electionTimeout:237ms
2023-08-18 03:36:23,863 [s0@group-E264CA5F8311-FollowerState] INFO  impl.RoleInfo (RoleInfo.java:shutdownFollowerState(109)) - s0: shutdown s0@group-E264CA5F8311-FollowerState
2023-08-18 03:36:23,863 [s0@group-E264CA5F8311-FollowerState] INFO  server.RaftServer$Division (RaftServerImpl.java:setRole(371)) - s0@group-E264CA5F8311: changes role from  FOLLOWER to CANDIDATE at term 1 for changeToCandidate
2023-08-18 03:36:23,863 [s0@group-E264CA5F8311-FollowerState] INFO  server.RaftServerConfigKeys (ConfUtils.java:logGet(46)) - raft.server.leaderelection.pre-vote = true (default)
2023-08-18 03:36:23,863 [s0@group-E264CA5F8311-FollowerState] INFO  impl.RoleInfo (RoleInfo.java:updateAndGet(138)) - s0: start s0@group-E264CA5F8311-LeaderElection57
2023-08-18 03:36:23,863 [s0@group-E264CA5F8311-LeaderElection57] INFO  impl.LeaderElection (LeaderElection.java:askForVotes(320)) - s0@group-E264CA5F8311-LeaderElection57 PRE_VOTE round 0: submit vote requests at term 1 for 255: peers:[s0|rpc:localhost:39295|admin:localhost:44843|client:localhost:40991|dataStream:localhost:40677|priority:0|startupRole:FOLLOWER, s1|rpc:0.0.0.0:34459|dataStream:|priority:0|startupRole:FOLLOWER, s2|rpc:0.0.0.0:43137|dataStream:|priority:0|startupRole:FOLLOWER]|listeners:[], old=peers:[s0|rpc:localhost:39295|admin:localhost:44843|client:localhost:40991|dataStream:localhost:40677|priority:0|startupRole:FOLLOWER]|listeners:[]
2023-08-18 03:36:23,865 [grpc-default-executor-4] INFO  server.RaftServer$Division (RaftServerImpl.java:requestVote(1344)) - s1@group-E264CA5F8311: receive requestVote(PRE_VOTE, s0, group-E264CA5F8311, 1, (t:1, i:255))
2023-08-18 03:36:23,865 [grpc-default-executor-4] WARN  server.GrpcServerProtocolService (LogUtils.java:warn(122)) - s1: Failed requestVote s0->s1#0: org.apache.ratis.protocol.exceptions.ServerNotReadyException: s1@group-E264CA5F8311 is not in [RUNNING]: current state is STARTING
2023-08-18 03:36:23,865 [grpc-default-executor-0] INFO  server.RaftServer$Division (RaftServerImpl.java:requestVote(1344)) - s2@group-E264CA5F8311: receive requestVote(PRE_VOTE, s0, group-E264CA5F8311, 1, (t:1, i:255))
2023-08-18 03:36:23,865 [grpc-default-executor-0] WARN  server.GrpcServerProtocolService (LogUtils.java:warn(122)) - s2: Failed requestVote s0->s2#0: org.apache.ratis.protocol.exceptions.ServerNotReadyException: s2@group-E264CA5F8311 is not in [RUNNING]: current state is STARTING
2023-08-18 03:36:23,865 [s0@group-E264CA5F8311-LeaderElection57] INFO  impl.LeaderElection (LogUtils.java:infoOrTrace(137)) - s0@group-E264CA5F8311-LeaderElection57 got exception when requesting votes: java.util.concurrent.ExecutionException: org.apache.ratis.thirdparty.io.grpc.StatusRuntimeException: INTERNAL: s1@group-E264CA5F8311 is not in [RUNNING]: current state is STARTING
2023-08-18 03:36:23,866 [s0@group-E264CA5F8311-LeaderElection57] INFO  impl.LeaderElection (LogUtils.java:infoOrTrace(137)) - s0@group-E264CA5F8311-LeaderElection57 got exception when requesting votes: java.util.concurrent.ExecutionException: org.apache.ratis.thirdparty.io.grpc.StatusRuntimeException: INTERNAL: s2@group-E264CA5F8311 is not in [RUNNING]: current state is STARTING
2023-08-18 03:36:23,866 [s0@group-E264CA5F8311-LeaderElection57] INFO  impl.LeaderElection (LeaderElection.java:logAndReturn(89)) - s0@group-E264CA5F8311-LeaderElection57: PRE_VOTE REJECTED received 0 response(s) and 2 exception(s):
2023-08-18 03:36:23,866 [s0@group-E264CA5F8311-LeaderElection57] INFO  impl.LeaderElection (LogUtils.java:infoOrTrace(137)) -   Exception 0: java.util.concurrent.ExecutionException: org.apache.ratis.thirdparty.io.grpc.StatusRuntimeException: INTERNAL: s1@group-E264CA5F8311 is not in [RUNNING]: current state is STARTING
2023-08-18 03:36:23,866 [s0@group-E264CA5F8311-LeaderElection57] INFO  impl.LeaderElection (LogUtils.java:infoOrTrace(137)) -   Exception 1: java.util.concurrent.ExecutionException: org.apache.ratis.thirdparty.io.grpc.StatusRuntimeException: INTERNAL: s2@group-E264CA5F8311 is not in [RUNNING]: current state is STARTING
2023-08-18 03:36:23,866 [s0@group-E264CA5F8311-LeaderElection57] INFO  impl.LeaderElection (LeaderElection.java:askForVotes(322)) - s0@group-E264CA5F8311-LeaderElection57 PRE_VOTE round 0: result REJECTED
2023-08-18 03:36:23,866 [s0@group-E264CA5F8311-LeaderElection57] INFO  server.RaftServer$Division (RaftServerImpl.java:setRole(371)) - s0@group-E264CA5F8311: changes role from CANDIDATE to FOLLOWER at term 1 for REJECTED
2023-08-18 03:36:23,866 [s0@group-E264CA5F8311-LeaderElection57] INFO  impl.RoleInfo (RoleInfo.java:shutdownLeaderElection(129)) - s0: shutdown s0@group-E264CA5F8311-LeaderElection57
2023-08-18 03:36:23,866 [s0@group-E264CA5F8311-LeaderElection57] INFO  impl.RoleInfo (RoleInfo.java:updateAndGet(138)) - s0: start s0@group-E264CA5F8311-FollowerState
2023-08-18 03:36:23,901 [s2-server-thread1] INFO  server.RaftServer$Division (RaftServerImpl.java:setConfigurationAsync(1238)) - s2@group-E264CA5F8311: receive setConfiguration SetConfigurationRequest:client-255CF6B0DA3F->s2@group-E264CA5F8311, cid=386, seq=0, RW, null, SET_UNCONDITIONALLY, servers:[s1|rpc:0.0.0.0:34459|dataStream:|priority:0|startupRole:FOLLOWER, s2|rpc:0.0.0.0:43137|dataStream:|priority:0|startupRole:FOLLOWER, s0|rpc:localhost:39295|admin:localhost:44843|client:localhost:40991|dataStream:localhost:40677|priority:0|startupRole:FOLLOWER], listeners:[]
2023-08-18 03:36:24,006 [s0-server-thread1] INFO  server.RaftServer$Division (RaftServerImpl.java:setConfigurationAsync(1238)) - s0@group-E264CA5F8311: receive setConfiguration SetConfigurationRequest:client-255CF6B0DA3F->s0@group-E264CA5F8311, cid=386, seq=0, RW, null, SET_UNCONDITIONALLY, servers:[s1|rpc:0.0.0.0:34459|dataStream:|priority:0|startupRole:FOLLOWER, s2|rpc:0.0.0.0:43137|dataStream:|priority:0|startupRole:FOLLOWER, s0|rpc:localhost:39295|admin:localhost:44843|client:localhost:40991|dataStream:localhost:40677|priority:0|startupRole:FOLLOWER], listeners:[]
2023-08-18 03:36:24,057 [s0@group-E264CA5F8311-FollowerState] INFO  impl.FollowerState (FollowerState.java:run(143)) - s0@group-E264CA5F8311-FollowerState: change to CANDIDATE, lastRpcElapsedTime:190974659ns, electionTimeout:189ms
2023-08-18 03:36:24,057 [s0@group-E264CA5F8311-FollowerState] INFO  impl.RoleInfo (RoleInfo.java:shutdownFollowerState(109)) - s0: shutdown s0@group-E264CA5F8311-FollowerState
2023-08-18 03:36:24,057 [s0@group-E264CA5F8311-FollowerState] INFO  server.RaftServer$Division (RaftServerImpl.java:setRole(371)) - s0@group-E264CA5F8311: changes role from  FOLLOWER to CANDIDATE at term 1 for changeToCandidate
2023-08-18 03:36:24,057 [s0@group-E264CA5F8311-FollowerState] INFO  server.RaftServerConfigKeys (ConfUtils.java:logGet(46)) - raft.server.leaderelection.pre-vote = true (default)
2023-08-18 03:36:24,057 [s0@group-E264CA5F8311-FollowerState] INFO  impl.RoleInfo (RoleInfo.java:updateAndGet(138)) - s0: start s0@group-E264CA5F8311-LeaderElection58
2023-08-18 03:36:24,058 [s0@group-E264CA5F8311-LeaderElection58] INFO  impl.LeaderElection (LeaderElection.java:askForVotes(320)) - s0@group-E264CA5F8311-LeaderElection58 PRE_VOTE round 0: submit vote requests at term 1 for 255: peers:[s0|rpc:localhost:39295|admin:localhost:44843|client:localhost:40991|dataStream:localhost:40677|priority:0|startupRole:FOLLOWER, s1|rpc:0.0.0.0:34459|dataStream:|priority:0|startupRole:FOLLOWER, s2|rpc:0.0.0.0:43137|dataStream:|priority:0|startupRole:FOLLOWER]|listeners:[], old=peers:[s0|rpc:localhost:39295|admin:localhost:44843|client:localhost:40991|dataStream:localhost:40677|priority:0|startupRole:FOLLOWER]|listeners:[]
2023-08-18 03:36:24,059 [grpc-default-executor-4] INFO  server.RaftServer$Division (RaftServerImpl.java:requestVote(1344)) - s2@group-E264CA5F8311: receive requestVote(PRE_VOTE, s0, group-E264CA5F8311, 1, (t:1, i:255))
2023-08-18 03:36:24,059 [grpc-default-executor-0] INFO  server.RaftServer$Division (RaftServerImpl.java:requestVote(1344)) - s1@group-E264CA5F8311: receive requestVote(PRE_VOTE, s0, group-E264CA5F8311, 1, (t:1, i:255))
2023-08-18 03:36:24,059 [grpc-default-executor-4] WARN  server.GrpcServerProtocolService (LogUtils.java:warn(122)) - s2: Failed requestVote s0->s2#0: org.apache.ratis.protocol.exceptions.ServerNotReadyException: s2@group-E264CA5F8311 is not in [RUNNING]: current state is STARTING
2023-08-18 03:36:24,059 [grpc-default-executor-0] WARN  server.GrpcServerProtocolService (LogUtils.java:warn(122)) - s1: Failed requestVote s0->s1#0: org.apache.ratis.protocol.exceptions.ServerNotReadyException: s1@group-E264CA5F8311 is not in [RUNNING]: current state is STARTING
2023-08-18 03:36:24,060 [s0@group-E264CA5F8311-LeaderElection58] INFO  impl.LeaderElection (LogUtils.java:infoOrTrace(137)) - s0@group-E264CA5F8311-LeaderElection58 got exception when requesting votes: java.util.concurrent.ExecutionException: org.apache.ratis.thirdparty.io.grpc.StatusRuntimeException: INTERNAL: s1@group-E264CA5F8311 is not in [RUNNING]: current state is STARTING
2023-08-18 03:36:24,060 [s0@group-E264CA5F8311-LeaderElection58] INFO  impl.LeaderElection (LogUtils.java:infoOrTrace(137)) - s0@group-E264CA5F8311-LeaderElection58 got exception when requesting votes: java.util.concurrent.ExecutionException: org.apache.ratis.thirdparty.io.grpc.StatusRuntimeException: INTERNAL: s2@group-E264CA5F8311 is not in [RUNNING]: current state is STARTING
2023-08-18 03:36:24,060 [s0@group-E264CA5F8311-LeaderElection58] INFO  impl.LeaderElection (LeaderElection.java:logAndReturn(89)) - s0@group-E264CA5F8311-LeaderElection58: PRE_VOTE REJECTED received 0 response(s) and 2 exception(s):
2023-08-18 03:36:24,060 [s0@group-E264CA5F8311-LeaderElection58] INFO  impl.LeaderElection (LogUtils.java:infoOrTrace(137)) -   Exception 0: java.util.concurrent.ExecutionException: org.apache.ratis.thirdparty.io.grpc.StatusRuntimeException: INTERNAL: s1@group-E264CA5F8311 is not in [RUNNING]: current state is STARTING
2023-08-18 03:36:24,060 [s0@group-E264CA5F8311-LeaderElection58] INFO  impl.LeaderElection (LogUtils.java:infoOrTrace(137)) -   Exception 1: java.util.concurrent.ExecutionException: org.apache.ratis.thirdparty.io.grpc.StatusRuntimeException: INTERNAL: s2@group-E264CA5F8311 is not in [RUNNING]: current state is STARTING
2023-08-18 03:36:24,060 [s0@group-E264CA5F8311-LeaderElection58] INFO  impl.LeaderElection (LeaderElection.java:askForVotes(322)) - s0@group-E264CA5F8311-LeaderElection58 PRE_VOTE round 0: result REJECTED
2023-08-18 03:36:24,060 [s0@group-E264CA5F8311-LeaderElection58] INFO  server.RaftServer$Division (RaftServerImpl.java:setRole(371)) - s0@group-E264CA5F8311: changes role from CANDIDATE to FOLLOWER at term 1 for REJECTED
2023-08-18 03:36:24,060 [s0@group-E264CA5F8311-LeaderElection58] INFO  impl.RoleInfo (RoleInfo.java:shutdownLeaderElection(129)) - s0: shutdown s0@group-E264CA5F8311-LeaderElection58
2023-08-18 03:36:24,060 [s0@group-E264CA5F8311-LeaderElection58] INFO  impl.RoleInfo (RoleInfo.java:updateAndGet(138)) - s0: start s0@group-E264CA5F8311-FollowerState
2023-08-18 03:36:24,111 [s1-server-thread1] INFO  server.RaftServer$Division (RaftServerImpl.java:setConfigurationAsync(1238)) - s1@group-E264CA5F8311: receive setConfiguration SetConfigurationRequest:client-255CF6B0DA3F->s1@group-E264CA5F8311, cid=386, seq=0, RW, null, SET_UNCONDITIONALLY, servers:[s1|rpc:0.0.0.0:34459|dataStream:|priority:0|startupRole:FOLLOWER, s2|rpc:0.0.0.0:43137|dataStream:|priority:0|startupRole:FOLLOWER, s0|rpc:localhost:39295|admin:localhost:44843|client:localhost:40991|dataStream:localhost:40677|priority:0|startupRole:FOLLOWER], listeners:[]
2023-08-18 03:36:24,216 [s0-server-thread1] INFO  server.RaftServer$Division (RaftServerImpl.java:setConfigurationAsync(1238)) - s0@group-E264CA5F8311: receive setConfiguration SetConfigurationRequest:client-255CF6B0DA3F->s0@group-E264CA5F8311, cid=386, seq=0, RW, null, SET_UNCONDITIONALLY, servers:[s1|rpc:0.0.0.0:34459|dataStream:|priority:0|startupRole:FOLLOWER, s2|rpc:0.0.0.0:43137|dataStream:|priority:0|startupRole:FOLLOWER, s0|rpc:localhost:39295|admin:localhost:44843|client:localhost:40991|dataStream:localhost:40677|priority:0|startupRole:FOLLOWER], listeners:[]
2023-08-18 03:36:24,246 [s0@group-E264CA5F8311-FollowerState] INFO  impl.FollowerState (FollowerState.java:run(143)) - s0@group-E264CA5F8311-FollowerState: change to CANDIDATE, lastRpcElapsedTime:186306704ns, electionTimeout:186ms
2023-08-18 03:36:24,246 [s0@group-E264CA5F8311-FollowerState] INFO  impl.RoleInfo (RoleInfo.java:shutdownFollowerState(109)) - s0: shutdown s0@group-E264CA5F8311-FollowerState
2023-08-18 03:36:24,247 [s0@group-E264CA5F8311-FollowerState] INFO  server.RaftServer$Division (RaftServerImpl.java:setRole(371)) - s0@group-E264CA5F8311: changes role from  FOLLOWER to CANDIDATE at term 1 for changeToCandidate
2023-08-18 03:36:24,247 [s0@group-E264CA5F8311-FollowerState] INFO  server.RaftServerConfigKeys (ConfUtils.java:logGet(46)) - raft.server.leaderelection.pre-vote = true (default)
2023-08-18 03:36:24,247 [s0@group-E264CA5F8311-FollowerState] INFO  impl.RoleInfo (RoleInfo.java:updateAndGet(138)) - s0: start s0@group-E264CA5F8311-LeaderElection59
2023-08-18 03:36:24,247 [s0@group-E264CA5F8311-LeaderElection59] INFO  impl.LeaderElection (LeaderElection.java:askForVotes(320)) - s0@group-E264CA5F8311-LeaderElection59 PRE_VOTE round 0: submit vote requests at term 1 for 255: peers:[s0|rpc:localhost:39295|admin:localhost:44843|client:localhost:40991|dataStream:localhost:40677|priority:0|startupRole:FOLLOWER, s1|rpc:0.0.0.0:34459|dataStream:|priority:0|startupRole:FOLLOWER, s2|rpc:0.0.0.0:43137|dataStream:|priority:0|startupRole:FOLLOWER]|listeners:[], old=peers:[s0|rpc:localhost:39295|admin:localhost:44843|client:localhost:40991|dataStream:localhost:40677|priority:0|startupRole:FOLLOWER]|listeners:[]
2023-08-18 03:36:24,248 [grpc-default-executor-4] INFO  server.RaftServer$Division (RaftServerImpl.java:requestVote(1344)) - s2@group-E264CA5F8311: receive requestVote(PRE_VOTE, s0, group-E264CA5F8311, 1, (t:1, i:255))
2023-08-18 03:36:24,248 [grpc-default-executor-0] INFO  server.RaftServer$Division (RaftServerImpl.java:requestVote(1344)) - s1@group-E264CA5F8311: receive requestVote(PRE_VOTE, s0, group-E264CA5F8311, 1, (t:1, i:255))
2023-08-18 03:36:24,248 [grpc-default-executor-4] WARN  server.GrpcServerProtocolService (LogUtils.java:warn(122)) - s2: Failed requestVote s0->s2#0: org.apache.ratis.protocol.exceptions.ServerNotReadyException: s2@group-E264CA5F8311 is not in [RUNNING]: current state is STARTING
2023-08-18 03:36:24,248 [grpc-default-executor-0] WARN  server.GrpcServerProtocolService (LogUtils.java:warn(122)) - s1: Failed requestVote s0->s1#0: org.apache.ratis.protocol.exceptions.ServerNotReadyException: s1@group-E264CA5F8311 is not in [RUNNING]: current state is STARTING
2023-08-18 03:36:24,249 [s0@group-E264CA5F8311-LeaderElection59] INFO  impl.LeaderElection (LogUtils.java:infoOrTrace(137)) - s0@group-E264CA5F8311-LeaderElection59 got exception when requesting votes: java.util.concurrent.ExecutionException: org.apache.ratis.thirdparty.io.grpc.StatusRuntimeException: INTERNAL: s2@group-E264CA5F8311 is not in [RUNNING]: current state is STARTING
2023-08-18 03:36:24,249 [s0@group-E264CA5F8311-LeaderElection59] INFO  impl.LeaderElection (LogUtils.java:infoOrTrace(137)) - s0@group-E264CA5F8311-LeaderElection59 got exception when requesting votes: java.util.concurrent.ExecutionException: org.apache.ratis.thirdparty.io.grpc.StatusRuntimeException: INTERNAL: s1@group-E264CA5F8311 is not in [RUNNING]: current state is STARTING
2023-08-18 03:36:24,249 [s0@group-E264CA5F8311-LeaderElection59] INFO  impl.LeaderElection (LeaderElection.java:logAndReturn(89)) - s0@group-E264CA5F8311-LeaderElection59: PRE_VOTE REJECTED received 0 response(s) and 2 exception(s):
2023-08-18 03:36:24,249 [s0@group-E264CA5F8311-LeaderElection59] INFO  impl.LeaderElection (LogUtils.java:infoOrTrace(137)) -   Exception 0: java.util.concurrent.ExecutionException: org.apache.ratis.thirdparty.io.grpc.StatusRuntimeException: INTERNAL: s2@group-E264CA5F8311 is not in [RUNNING]: current state is STARTING
2023-08-18 03:36:24,249 [s0@group-E264CA5F8311-LeaderElection59] INFO  impl.LeaderElection (LogUtils.java:infoOrTrace(137)) -   Exception 1: java.util.concurrent.ExecutionException: org.apache.ratis.thirdparty.io.grpc.StatusRuntimeException: INTERNAL: s1@group-E264CA5F8311 is not in [RUNNING]: current state is STARTING
2023-08-18 03:36:24,250 [s0@group-E264CA5F8311-LeaderElection59] INFO  impl.LeaderElection (LeaderElection.java:askForVotes(322)) - s0@group-E264CA5F8311-LeaderElection59 PRE_VOTE round 0: result REJECTED
2023-08-18 03:36:24,250 [s0@group-E264CA5F8311-LeaderElection59] INFO  server.RaftServer$Division (RaftServerImpl.java:setRole(371)) - s0@group-E264CA5F8311: changes role from CANDIDATE to FOLLOWER at term 1 for REJECTED
2023-08-18 03:36:24,250 [s0@group-E264CA5F8311-LeaderElection59] INFO  impl.RoleInfo (RoleInfo.java:shutdownLeaderElection(129)) - s0: shutdown s0@group-E264CA5F8311-LeaderElection59
2023-08-18 03:36:24,250 [s0@group-E264CA5F8311-LeaderElection59] INFO  impl.RoleInfo (RoleInfo.java:updateAndGet(138)) - s0: start s0@group-E264CA5F8311-FollowerState
2023-08-18 03:36:24,320 [s1-server-thread1] INFO  server.RaftServer$Division (RaftServerImpl.java:setConfigurationAsync(1238)) - s1@group-E264CA5F8311: receive setConfiguration SetConfigurationRequest:client-255CF6B0DA3F->s1@group-E264CA5F8311, cid=386, seq=0, RW, null, SET_UNCONDITIONALLY, servers:[s1|rpc:0.0.0.0:34459|dataStream:|priority:0|startupRole:FOLLOWER, s2|rpc:0.0.0.0:43137|dataStream:|priority:0|startupRole:FOLLOWER, s0|rpc:localhost:39295|admin:localhost:44843|client:localhost:40991|dataStream:localhost:40677|priority:0|startupRole:FOLLOWER], listeners:[]
2023-08-18 03:36:24,425 [s0@group-E264CA5F8311-FollowerState] INFO  impl.FollowerState (FollowerState.java:run(143)) - s0@group-E264CA5F8311-FollowerState: change to CANDIDATE, lastRpcElapsedTime:175332811ns, electionTimeout:175ms
2023-08-18 03:36:24,425 [s0@group-E264CA5F8311-FollowerState] INFO  impl.RoleInfo (RoleInfo.java:shutdownFollowerState(109)) - s0: shutdown s0@group-E264CA5F8311-FollowerState
2023-08-18 03:36:24,425 [s0@group-E264CA5F8311-FollowerState] INFO  server.RaftServer$Division (RaftServerImpl.java:setRole(371)) - s0@group-E264CA5F8311: changes role from  FOLLOWER to CANDIDATE at term 1 for changeToCandidate
2023-08-18 03:36:24,425 [s0@group-E264CA5F8311-FollowerState] INFO  server.RaftServerConfigKeys (ConfUtils.java:logGet(46)) - raft.server.leaderelection.pre-vote = true (default)
2023-08-18 03:36:24,425 [s0@group-E264CA5F8311-FollowerState] INFO  impl.RoleInfo (RoleInfo.java:updateAndGet(138)) - s0: start s0@group-E264CA5F8311-LeaderElection60
2023-08-18 03:36:24,426 [s0@group-E264CA5F8311-LeaderElection60] INFO  impl.LeaderElection (LeaderElection.java:askForVotes(320)) - s0@group-E264CA5F8311-LeaderElection60 PRE_VOTE round 0: submit vote requests at term 1 for 255: peers:[s0|rpc:localhost:39295|admin:localhost:44843|client:localhost:40991|dataStream:localhost:40677|priority:0|startupRole:FOLLOWER, s1|rpc:0.0.0.0:34459|dataStream:|priority:0|startupRole:FOLLOWER, s2|rpc:0.0.0.0:43137|dataStream:|priority:0|startupRole:FOLLOWER]|listeners:[], old=peers:[s0|rpc:localhost:39295|admin:localhost:44843|client:localhost:40991|dataStream:localhost:40677|priority:0|startupRole:FOLLOWER]|listeners:[]
2023-08-18 03:36:24,426 [s2-server-thread1] INFO  server.RaftServer$Division (RaftServerImpl.java:setConfigurationAsync(1238)) - s2@group-E264CA5F8311: receive setConfiguration SetConfigurationRequest:client-255CF6B0DA3F->s2@group-E264CA5F8311, cid=386, seq=0, RW, null, SET_UNCONDITIONALLY, servers:[s1|rpc:0.0.0.0:34459|dataStream:|priority:0|startupRole:FOLLOWER, s2|rpc:0.0.0.0:43137|dataStream:|priority:0|startupRole:FOLLOWER, s0|rpc:localhost:39295|admin:localhost:44843|client:localhost:40991|dataStream:localhost:40677|priority:0|startupRole:FOLLOWER], listeners:[]
2023-08-18 03:36:24,427 [grpc-default-executor-3] INFO  server.RaftServer$Division (RaftServerImpl.java:requestVote(1344)) - s2@group-E264CA5F8311: receive requestVote(PRE_VOTE, s0, group-E264CA5F8311, 1, (t:1, i:255))
2023-08-18 03:36:24,427 [grpc-default-executor-0] INFO  server.RaftServer$Division (RaftServerImpl.java:requestVote(1344)) - s1@group-E264CA5F8311: receive requestVote(PRE_VOTE, s0, group-E264CA5F8311, 1, (t:1, i:255))
2023-08-18 03:36:24,427 [grpc-default-executor-0] WARN  server.GrpcServerProtocolService (LogUtils.java:warn(122)) - s1: Failed requestVote s0->s1#0: org.apache.ratis.protocol.exceptions.ServerNotReadyException: s1@group-E264CA5F8311 is not in [RUNNING]: current state is STARTING
2023-08-18 03:36:24,428 [grpc-default-executor-3] WARN  server.GrpcServerProtocolService (LogUtils.java:warn(122)) - s2: Failed requestVote s0->s2#0: org.apache.ratis.protocol.exceptions.ServerNotReadyException: s2@group-E264CA5F8311 is not in [RUNNING]: current state is STARTING
2023-08-18 03:36:24,429 [s0@group-E264CA5F8311-LeaderElection60] INFO  impl.LeaderElection (LogUtils.java:infoOrTrace(137)) - s0@group-E264CA5F8311-LeaderElection60 got exception when requesting votes: java.util.concurrent.ExecutionException: org.apache.ratis.thirdparty.io.grpc.StatusRuntimeException: INTERNAL: s1@group-E264CA5F8311 is not in [RUNNING]: current state is STARTING
2023-08-18 03:36:24,429 [s0@group-E264CA5F8311-LeaderElection60] INFO  impl.LeaderElection (LogUtils.java:infoOrTrace(137)) - s0@group-E264CA5F8311-LeaderElection60 got exception when requesting votes: java.util.concurrent.ExecutionException: org.apache.ratis.thirdparty.io.grpc.StatusRuntimeException: INTERNAL: s2@group-E264CA5F8311 is not in [RUNNING]: current state is STARTING
2023-08-18 03:36:24,429 [s0@group-E264CA5F8311-LeaderElection60] INFO  impl.LeaderElection (LeaderElection.java:logAndReturn(89)) - s0@group-E264CA5F8311-LeaderElection60: PRE_VOTE REJECTED received 0 response(s) and 2 exception(s):
2023-08-18 03:36:24,429 [s0@group-E264CA5F8311-LeaderElection60] INFO  impl.LeaderElection (LogUtils.java:infoOrTrace(137)) -   Exception 0: java.util.concurrent.ExecutionException: org.apache.ratis.thirdparty.io.grpc.StatusRuntimeException: INTERNAL: s1@group-E264CA5F8311 is not in [RUNNING]: current state is STARTING
2023-08-18 03:36:24,429 [s0@group-E264CA5F8311-LeaderElection60] INFO  impl.LeaderElection (LogUtils.java:infoOrTrace(137)) -   Exception 1: java.util.concurrent.ExecutionException: org.apache.ratis.thirdparty.io.grpc.StatusRuntimeException: INTERNAL: s2@group-E264CA5F8311 is not in [RUNNING]: current state is STARTING
2023-08-18 03:36:24,429 [s0@group-E264CA5F8311-LeaderElection60] INFO  impl.LeaderElection (LeaderElection.java:askForVotes(322)) - s0@group-E264CA5F8311-LeaderElection60 PRE_VOTE round 0: result REJECTED
2023-08-18 03:36:24,429 [s0@group-E264CA5F8311-LeaderElection60] INFO  server.RaftServer$Division (RaftServerImpl.java:setRole(371)) - s0@group-E264CA5F8311: changes role from CANDIDATE to FOLLOWER at term 1 for REJECTED
2023-08-18 03:36:24,429 [s0@group-E264CA5F8311-LeaderElection60] INFO  impl.RoleInfo (RoleInfo.java:shutdownLeaderElection(129)) - s0: shutdown s0@group-E264CA5F8311-LeaderElection60
2023-08-18 03:36:24,429 [s0@group-E264CA5F8311-LeaderElection60] INFO  impl.RoleInfo (RoleInfo.java:updateAndGet(138)) - s0: start s0@group-E264CA5F8311-FollowerState
2023-08-18 03:36:24,532 [s0-server-thread1] INFO  server.RaftServer$Division (RaftServerImpl.java:setConfigurationAsync(1238)) - s0@group-E264CA5F8311: receive setConfiguration SetConfigurationRequest:client-255CF6B0DA3F->s0@group-E264CA5F8311, cid=386, seq=0, RW, null, SET_UNCONDITIONALLY, servers:[s1|rpc:0.0.0.0:34459|dataStream:|priority:0|startupRole:FOLLOWER, s2|rpc:0.0.0.0:43137|dataStream:|priority:0|startupRole:FOLLOWER, s0|rpc:localhost:39295|admin:localhost:44843|client:localhost:40991|dataStream:localhost:40677|priority:0|startupRole:FOLLOWER], listeners:[]
2023-08-18 03:36:24,627 [s0@group-E264CA5F8311-FollowerState] INFO  impl.FollowerState (FollowerState.java:run(143)) - s0@group-E264CA5F8311-FollowerState: change to CANDIDATE, lastRpcElapsedTime:197967288ns, electionTimeout:196ms
2023-08-18 03:36:24,628 [s0@group-E264CA5F8311-FollowerState] INFO  impl.RoleInfo (RoleInfo.java:shutdownFollowerState(109)) - s0: shutdown s0@group-E264CA5F8311-FollowerState
2023-08-18 03:36:24,628 [s0@group-E264CA5F8311-FollowerState] INFO  server.RaftServer$Division (RaftServerImpl.java:setRole(371)) - s0@group-E264CA5F8311: changes role from  FOLLOWER to CANDIDATE at term 1 for changeToCandidate
2023-08-18 03:36:24,628 [s0@group-E264CA5F8311-FollowerState] INFO  server.RaftServerConfigKeys (ConfUtils.java:logGet(46)) - raft.server.leaderelection.pre-vote = true (default)
2023-08-18 03:36:24,628 [s0@group-E264CA5F8311-FollowerState] INFO  impl.RoleInfo (RoleInfo.java:updateAndGet(138)) - s0: start s0@group-E264CA5F8311-LeaderElection61
2023-08-18 03:36:24,628 [s0@group-E264CA5F8311-LeaderElection61] INFO  impl.LeaderElection (LeaderElection.java:askForVotes(320)) - s0@group-E264CA5F8311-LeaderElection61 PRE_VOTE round 0: submit vote requests at term 1 for 255: peers:[s0|rpc:localhost:39295|admin:localhost:44843|client:localhost:40991|dataStream:localhost:40677|priority:0|startupRole:FOLLOWER, s1|rpc:0.0.0.0:34459|dataStream:|priority:0|startupRole:FOLLOWER, s2|rpc:0.0.0.0:43137|dataStream:|priority:0|startupRole:FOLLOWER]|listeners:[], old=peers:[s0|rpc:localhost:39295|admin:localhost:44843|client:localhost:40991|dataStream:localhost:40677|priority:0|startupRole:FOLLOWER]|listeners:[]
2023-08-18 03:36:24,630 [grpc-default-executor-3] INFO  server.RaftServer$Division (RaftServerImpl.java:requestVote(1344)) - s1@group-E264CA5F8311: receive requestVote(PRE_VOTE, s0, group-E264CA5F8311, 1, (t:1, i:255))
2023-08-18 03:36:24,630 [grpc-default-executor-3] WARN  server.GrpcServerProtocolService (LogUtils.java:warn(122)) - s1: Failed requestVote s0->s1#0: org.apache.ratis.protocol.exceptions.ServerNotReadyException: s1@group-E264CA5F8311 is not in [RUNNING]: current state is STARTING
2023-08-18 03:36:24,630 [grpc-default-executor-3] INFO  server.RaftServer$Division (RaftServerImpl.java:requestVote(1344)) - s2@group-E264CA5F8311: receive requestVote(PRE_VOTE, s0, group-E264CA5F8311, 1, (t:1, i:255))
2023-08-18 03:36:24,630 [grpc-default-executor-3] WARN  server.GrpcServerProtocolService (LogUtils.java:warn(122)) - s2: Failed requestVote s0->s2#0: org.apache.ratis.protocol.exceptions.ServerNotReadyException: s2@group-E264CA5F8311 is not in [RUNNING]: current state is STARTING
2023-08-18 03:36:24,632 [s0@group-E264CA5F8311-LeaderElection61] INFO  impl.LeaderElection (LogUtils.java:infoOrTrace(137)) - s0@group-E264CA5F8311-LeaderElection61 got exception when requesting votes: java.util.concurrent.ExecutionException: org.apache.ratis.thirdparty.io.grpc.StatusRuntimeException: INTERNAL: s2@group-E264CA5F8311 is not in [RUNNING]: current state is STARTING
2023-08-18 03:36:24,636 [s0@group-E264CA5F8311-LeaderElection61] INFO  impl.LeaderElection (LogUtils.java:infoOrTrace(137)) - s0@group-E264CA5F8311-LeaderElection61 got exception when requesting votes: java.util.concurrent.ExecutionException: org.apache.ratis.thirdparty.io.grpc.StatusRuntimeException: INTERNAL: s1@group-E264CA5F8311 is not in [RUNNING]: current state is STARTING
2023-08-18 03:36:24,636 [s0@group-E264CA5F8311-LeaderElection61] INFO  impl.LeaderElection (LeaderElection.java:logAndReturn(89)) - s0@group-E264CA5F8311-LeaderElection61: PRE_VOTE REJECTED received 0 response(s) and 2 exception(s):
2023-08-18 03:36:24,636 [s0@group-E264CA5F8311-LeaderElection61] INFO  impl.LeaderElection (LogUtils.java:infoOrTrace(137)) -   Exception 0: java.util.concurrent.ExecutionException: org.apache.ratis.thirdparty.io.grpc.StatusRuntimeException: INTERNAL: s2@group-E264CA5F8311 is not in [RUNNING]: current state is STARTING
2023-08-18 03:36:24,636 [s0@group-E264CA5F8311-LeaderElection61] INFO  impl.LeaderElection (LogUtils.java:infoOrTrace(137)) -   Exception 1: java.util.concurrent.ExecutionException: org.apache.ratis.thirdparty.io.grpc.StatusRuntimeException: INTERNAL: s1@group-E264CA5F8311 is not in [RUNNING]: current state is STARTING
2023-08-18 03:36:24,636 [s0@group-E264CA5F8311-LeaderElection61] INFO  impl.LeaderElection (LeaderElection.java:askForVotes(322)) - s0@group-E264CA5F8311-LeaderElection61 PRE_VOTE round 0: result REJECTED
2023-08-18 03:36:24,636 [s0@group-E264CA5F8311-LeaderElection61] INFO  server.RaftServer$Division (RaftServerImpl.java:setRole(371)) - s0@group-E264CA5F8311: changes role from CANDIDATE to FOLLOWER at term 1 for REJECTED
2023-08-18 03:36:24,636 [s0@group-E264CA5F8311-LeaderElection61] INFO  impl.RoleInfo (RoleInfo.java:shutdownLeaderElection(129)) - s0: shutdown s0@group-E264CA5F8311-LeaderElection61
2023-08-18 03:36:24,636 [s0@group-E264CA5F8311-LeaderElection61] INFO  impl.RoleInfo (RoleInfo.java:updateAndGet(138)) - s0: start s0@group-E264CA5F8311-FollowerState
2023-08-18 03:36:24,637 [s2-server-thread1] INFO  server.RaftServer$Division (RaftServerImpl.java:setConfigurationAsync(1238)) - s2@group-E264CA5F8311: receive setConfiguration SetConfigurationRequest:client-255CF6B0DA3F->s2@group-E264CA5F8311, cid=386, seq=0, RW, null, SET_UNCONDITIONALLY, servers:[s1|rpc:0.0.0.0:34459|dataStream:|priority:0|startupRole:FOLLOWER, s2|rpc:0.0.0.0:43137|dataStream:|priority:0|startupRole:FOLLOWER, s0|rpc:localhost:39295|admin:localhost:44843|client:localhost:40991|dataStream:localhost:40677|priority:0|startupRole:FOLLOWER], listeners:[]
2023-08-18 03:36:24,741 [s0-server-thread1] INFO  server.RaftServer$Division (RaftServerImpl.java:setConfigurationAsync(1238)) - s0@group-E264CA5F8311: receive setConfiguration SetConfigurationRequest:client-255CF6B0DA3F->s0@group-E264CA5F8311, cid=386, seq=0, RW, null, SET_UNCONDITIONALLY, servers:[s1|rpc:0.0.0.0:34459|dataStream:|priority:0|startupRole:FOLLOWER, s2|rpc:0.0.0.0:43137|dataStream:|priority:0|startupRole:FOLLOWER, s0|rpc:localhost:39295|admin:localhost:44843|client:localhost:40991|dataStream:localhost:40677|priority:0|startupRole:FOLLOWER], listeners:[]
2023-08-18 03:36:24,824 [s0@group-E264CA5F8311-FollowerState] INFO  impl.FollowerState (FollowerState.java:run(143)) - s0@group-E264CA5F8311-FollowerState: change to CANDIDATE, lastRpcElapsedTime:187438289ns, electionTimeout:187ms
2023-08-18 03:36:24,824 [s0@group-E264CA5F8311-FollowerState] INFO  impl.RoleInfo (RoleInfo.java:shutdownFollowerState(109)) - s0: shutdown s0@group-E264CA5F8311-FollowerState
2023-08-18 03:36:24,824 [s0@group-E264CA5F8311-FollowerState] INFO  server.RaftServer$Division (RaftServerImpl.java:setRole(371)) - s0@group-E264CA5F8311: changes role from  FOLLOWER to CANDIDATE at term 1 for changeToCandidate
2023-08-18 03:36:24,824 [s0@group-E264CA5F8311-FollowerState] INFO  server.RaftServerConfigKeys (ConfUtils.java:logGet(46)) - raft.server.leaderelection.pre-vote = true (default)
2023-08-18 03:36:24,824 [s0@group-E264CA5F8311-FollowerState] INFO  impl.RoleInfo (RoleInfo.java:updateAndGet(138)) - s0: start s0@group-E264CA5F8311-LeaderElection62
2023-08-18 03:36:24,824 [s0@group-E264CA5F8311-LeaderElection62] INFO  impl.LeaderElection (LeaderElection.java:askForVotes(320)) - s0@group-E264CA5F8311-LeaderElection62 PRE_VOTE round 0: submit vote requests at term 1 for 255: peers:[s0|rpc:localhost:39295|admin:localhost:44843|client:localhost:40991|dataStream:localhost:40677|priority:0|startupRole:FOLLOWER, s1|rpc:0.0.0.0:34459|dataStream:|priority:0|startupRole:FOLLOWER, s2|rpc:0.0.0.0:43137|dataStream:|priority:0|startupRole:FOLLOWER]|listeners:[], old=peers:[s0|rpc:localhost:39295|admin:localhost:44843|client:localhost:40991|dataStream:localhost:40677|priority:0|startupRole:FOLLOWER]|listeners:[]
2023-08-18 03:36:24,826 [grpc-default-executor-3] INFO  server.RaftServer$Division (RaftServerImpl.java:requestVote(1344)) - s1@group-E264CA5F8311: receive requestVote(PRE_VOTE, s0, group-E264CA5F8311, 1, (t:1, i:255))
2023-08-18 03:36:24,826 [grpc-default-executor-3] WARN  server.GrpcServerProtocolService (LogUtils.java:warn(122)) - s1: Failed requestVote s0->s1#0: org.apache.ratis.protocol.exceptions.ServerNotReadyException: s1@group-E264CA5F8311 is not in [RUNNING]: current state is STARTING
2023-08-18 03:36:24,827 [grpc-default-executor-4] INFO  server.RaftServer$Division (RaftServerImpl.java:requestVote(1344)) - s2@group-E264CA5F8311: receive requestVote(PRE_VOTE, s0, group-E264CA5F8311, 1, (t:1, i:255))
2023-08-18 03:36:24,827 [grpc-default-executor-4] WARN  server.GrpcServerProtocolService (LogUtils.java:warn(122)) - s2: Failed requestVote s0->s2#0: org.apache.ratis.protocol.exceptions.ServerNotReadyException: s2@group-E264CA5F8311 is not in [RUNNING]: current state is STARTING
2023-08-18 03:36:24,828 [s0@group-E264CA5F8311-LeaderElection62] INFO  impl.LeaderElection (LogUtils.java:infoOrTrace(137)) - s0@group-E264CA5F8311-LeaderElection62 got exception when requesting votes: java.util.concurrent.ExecutionException: org.apache.ratis.thirdparty.io.grpc.StatusRuntimeException: INTERNAL: s2@group-E264CA5F8311 is not in [RUNNING]: current state is STARTING
2023-08-18 03:36:24,828 [s0@group-E264CA5F8311-LeaderElection62] INFO  impl.LeaderElection (LogUtils.java:infoOrTrace(137)) - s0@group-E264CA5F8311-LeaderElection62 got exception when requesting votes: java.util.concurrent.ExecutionException: org.apache.ratis.thirdparty.io.grpc.StatusRuntimeException: INTERNAL: s1@group-E264CA5F8311 is not in [RUNNING]: current state is STARTING
2023-08-18 03:36:24,828 [s0@group-E264CA5F8311-LeaderElection62] INFO  impl.LeaderElection (LeaderElection.java:logAndReturn(89)) - s0@group-E264CA5F8311-LeaderElection62: PRE_VOTE REJECTED received 0 response(s) and 2 exception(s):
2023-08-18 03:36:24,828 [s0@group-E264CA5F8311-LeaderElection62] INFO  impl.LeaderElection (LogUtils.java:infoOrTrace(137)) -   Exception 0: java.util.concurrent.ExecutionException: org.apache.ratis.thirdparty.io.grpc.StatusRuntimeException: INTERNAL: s2@group-E264CA5F8311 is not in [RUNNING]: current state is STARTING
2023-08-18 03:36:24,828 [s0@group-E264CA5F8311-LeaderElection62] INFO  impl.LeaderElection (LogUtils.java:infoOrTrace(137)) -   Exception 1: java.util.concurrent.ExecutionException: org.apache.ratis.thirdparty.io.grpc.StatusRuntimeException: INTERNAL: s1@group-E264CA5F8311 is not in [RUNNING]: current state is STARTING
2023-08-18 03:36:24,828 [s0@group-E264CA5F8311-LeaderElection62] INFO  impl.LeaderElection (LeaderElection.java:askForVotes(322)) - s0@group-E264CA5F8311-LeaderElection62 PRE_VOTE round 0: result REJECTED
2023-08-18 03:36:24,828 [s0@group-E264CA5F8311-LeaderElection62] INFO  server.RaftServer$Division (RaftServerImpl.java:setRole(371)) - s0@group-E264CA5F8311: changes role from CANDIDATE to FOLLOWER at term 1 for REJECTED
2023-08-18 03:36:24,828 [s0@group-E264CA5F8311-LeaderElection62] INFO  impl.RoleInfo (RoleInfo.java:shutdownLeaderElection(129)) - s0: shutdown s0@group-E264CA5F8311-LeaderElection62
2023-08-18 03:36:24,828 [s0@group-E264CA5F8311-LeaderElection62] INFO  impl.RoleInfo (RoleInfo.java:updateAndGet(138)) - s0: start s0@group-E264CA5F8311-FollowerState
2023-08-18 03:36:24,846 [s2-server-thread1] INFO  server.RaftServer$Division (RaftServerImpl.java:setConfigurationAsync(1238)) - s2@group-E264CA5F8311: receive setConfiguration SetConfigurationRequest:client-255CF6B0DA3F->s2@group-E264CA5F8311, cid=386, seq=0, RW, null, SET_UNCONDITIONALLY, servers:[s1|rpc:0.0.0.0:34459|dataStream:|priority:0|startupRole:FOLLOWER, s2|rpc:0.0.0.0:43137|dataStream:|priority:0|startupRole:FOLLOWER, s0|rpc:localhost:39295|admin:localhost:44843|client:localhost:40991|dataStream:localhost:40677|priority:0|startupRole:FOLLOWER], listeners:[]
2023-08-18 03:36:24,951 [s1-server-thread1] INFO  server.RaftServer$Division (RaftServerImpl.java:setConfigurationAsync(1238)) - s1@group-E264CA5F8311: receive setConfiguration SetConfigurationRequest:client-255CF6B0DA3F->s1@group-E264CA5F8311, cid=386, seq=0, RW, null, SET_UNCONDITIONALLY, servers:[s1|rpc:0.0.0.0:34459|dataStream:|priority:0|startupRole:FOLLOWER, s2|rpc:0.0.0.0:43137|dataStream:|priority:0|startupRole:FOLLOWER, s0|rpc:localhost:39295|admin:localhost:44843|client:localhost:40991|dataStream:localhost:40677|priority:0|startupRole:FOLLOWER], listeners:[]
2023-08-18 03:36:25,057 [s2-server-thread1] INFO  server.RaftServer$Division (RaftServerImpl.java:setConfigurationAsync(1238)) - s2@group-E264CA5F8311: receive setConfiguration SetConfigurationRequest:client-255CF6B0DA3F->s2@group-E264CA5F8311, cid=386, seq=0, RW, null, SET_UNCONDITIONALLY, servers:[s1|rpc:0.0.0.0:34459|dataStream:|priority:0|startupRole:FOLLOWER, s2|rpc:0.0.0.0:43137|dataStream:|priority:0|startupRole:FOLLOWER, s0|rpc:localhost:39295|admin:localhost:44843|client:localhost:40991|dataStream:localhost:40677|priority:0|startupRole:FOLLOWER], listeners:[]
2023-08-18 03:36:25,112 [s0@group-E264CA5F8311-FollowerState] INFO  impl.FollowerState (FollowerState.java:run(143)) - s0@group-E264CA5F8311-FollowerState: change to CANDIDATE, lastRpcElapsedTime:283444018ns, electionTimeout:283ms
2023-08-18 03:36:25,112 [s0@group-E264CA5F8311-FollowerState] INFO  impl.RoleInfo (RoleInfo.java:shutdownFollowerState(109)) - s0: shutdown s0@group-E264CA5F8311-FollowerState
2023-08-18 03:36:25,112 [s0@group-E264CA5F8311-FollowerState] INFO  server.RaftServer$Division (RaftServerImpl.java:setRole(371)) - s0@group-E264CA5F8311: changes role from  FOLLOWER to CANDIDATE at term 1 for changeToCandidate
2023-08-18 03:36:25,112 [s0@group-E264CA5F8311-FollowerState] INFO  server.RaftServerConfigKeys (ConfUtils.java:logGet(46)) - raft.server.leaderelection.pre-vote = true (default)
2023-08-18 03:36:25,112 [s0@group-E264CA5F8311-FollowerState] INFO  impl.RoleInfo (RoleInfo.java:updateAndGet(138)) - s0: start s0@group-E264CA5F8311-LeaderElection63
2023-08-18 03:36:25,112 [s0@group-E264CA5F8311-LeaderElection63] INFO  impl.LeaderElection (LeaderElection.java:askForVotes(320)) - s0@group-E264CA5F8311-LeaderElection63 PRE_VOTE round 0: submit vote requests at term 1 for 255: peers:[s0|rpc:localhost:39295|admin:localhost:44843|client:localhost:40991|dataStream:localhost:40677|priority:0|startupRole:FOLLOWER, s1|rpc:0.0.0.0:34459|dataStream:|priority:0|startupRole:FOLLOWER, s2|rpc:0.0.0.0:43137|dataStream:|priority:0|startupRole:FOLLOWER]|listeners:[], old=peers:[s0|rpc:localhost:39295|admin:localhost:44843|client:localhost:40991|dataStream:localhost:40677|priority:0|startupRole:FOLLOWER]|listeners:[]
2023-08-18 03:36:25,114 [grpc-default-executor-3] INFO  server.RaftServer$Division (RaftServerImpl.java:requestVote(1344)) - s1@group-E264CA5F8311: receive requestVote(PRE_VOTE, s0, group-E264CA5F8311, 1, (t:1, i:255))
2023-08-18 03:36:25,114 [grpc-default-executor-3] WARN  server.GrpcServerProtocolService (LogUtils.java:warn(122)) - s1: Failed requestVote s0->s1#0: org.apache.ratis.protocol.exceptions.ServerNotReadyException: s1@group-E264CA5F8311 is not in [RUNNING]: current state is STARTING
2023-08-18 03:36:25,114 [grpc-default-executor-4] INFO  server.RaftServer$Division (RaftServerImpl.java:requestVote(1344)) - s2@group-E264CA5F8311: receive requestVote(PRE_VOTE, s0, group-E264CA5F8311, 1, (t:1, i:255))
2023-08-18 03:36:25,114 [grpc-default-executor-4] WARN  server.GrpcServerProtocolService (LogUtils.java:warn(122)) - s2: Failed requestVote s0->s2#0: org.apache.ratis.protocol.exceptions.ServerNotReadyException: s2@group-E264CA5F8311 is not in [RUNNING]: current state is STARTING
2023-08-18 03:36:25,114 [s0@group-E264CA5F8311-LeaderElection63] INFO  impl.LeaderElection (LogUtils.java:infoOrTrace(137)) - s0@group-E264CA5F8311-LeaderElection63 got exception when requesting votes: java.util.concurrent.ExecutionException: org.apache.ratis.thirdparty.io.grpc.StatusRuntimeException: INTERNAL: s1@group-E264CA5F8311 is not in [RUNNING]: current state is STARTING
2023-08-18 03:36:25,114 [s0@group-E264CA5F8311-LeaderElection63] INFO  impl.LeaderElection (LogUtils.java:infoOrTrace(137)) - s0@group-E264CA5F8311-LeaderElection63 got exception when requesting votes: java.util.concurrent.ExecutionException: org.apache.ratis.thirdparty.io.grpc.StatusRuntimeException: INTERNAL: s2@group-E264CA5F8311 is not in [RUNNING]: current state is STARTING
2023-08-18 03:36:25,114 [s0@group-E264CA5F8311-LeaderElection63] INFO  impl.LeaderElection (LeaderElection.java:logAndReturn(89)) - s0@group-E264CA5F8311-LeaderElection63: PRE_VOTE REJECTED received 0 response(s) and 2 exception(s):
2023-08-18 03:36:25,114 [s0@group-E264CA5F8311-LeaderElection63] INFO  impl.LeaderElection (LogUtils.java:infoOrTrace(137)) -   Exception 0: java.util.concurrent.ExecutionException: org.apache.ratis.thirdparty.io.grpc.StatusRuntimeException: INTERNAL: s1@group-E264CA5F8311 is not in [RUNNING]: current state is STARTING
2023-08-18 03:36:25,114 [s0@group-E264CA5F8311-LeaderElection63] INFO  impl.LeaderElection (LogUtils.java:infoOrTrace(137)) -   Exception 1: java.util.concurrent.ExecutionException: org.apache.ratis.thirdparty.io.grpc.StatusRuntimeException: INTERNAL: s2@group-E264CA5F8311 is not in [RUNNING]: current state is STARTING
2023-08-18 03:36:25,114 [s0@group-E264CA5F8311-LeaderElection63] INFO  impl.LeaderElection (LeaderElection.java:askForVotes(322)) - s0@group-E264CA5F8311-LeaderElection63 PRE_VOTE round 0: result REJECTED
2023-08-18 03:36:25,114 [s0@group-E264CA5F8311-LeaderElection63] INFO  server.RaftServer$Division (RaftServerImpl.java:setRole(371)) - s0@group-E264CA5F8311: changes role from CANDIDATE to FOLLOWER at term 1 for REJECTED
2023-08-18 03:36:25,114 [s0@group-E264CA5F8311-LeaderElection63] INFO  impl.RoleInfo (RoleInfo.java:shutdownLeaderElection(129)) - s0: shutdown s0@group-E264CA5F8311-LeaderElection63
2023-08-18 03:36:25,115 [s0@group-E264CA5F8311-LeaderElection63] INFO  impl.RoleInfo (RoleInfo.java:updateAndGet(138)) - s0: start s0@group-E264CA5F8311-FollowerState
2023-08-18 03:36:25,162 [s1-server-thread1] INFO  server.RaftServer$Division (RaftServerImpl.java:setConfigurationAsync(1238)) - s1@group-E264CA5F8311: receive setConfiguration SetConfigurationRequest:client-255CF6B0DA3F->s1@group-E264CA5F8311, cid=386, seq=0, RW, null, SET_UNCONDITIONALLY, servers:[s1|rpc:0.0.0.0:34459|dataStream:|priority:0|startupRole:FOLLOWER, s2|rpc:0.0.0.0:43137|dataStream:|priority:0|startupRole:FOLLOWER, s0|rpc:localhost:39295|admin:localhost:44843|client:localhost:40991|dataStream:localhost:40677|priority:0|startupRole:FOLLOWER], listeners:[]
2023-08-18 03:36:25,267 [s0-server-thread1] INFO  server.RaftServer$Division (RaftServerImpl.java:setConfigurationAsync(1238)) - s0@group-E264CA5F8311: receive setConfiguration SetConfigurationRequest:client-255CF6B0DA3F->s0@group-E264CA5F8311, cid=386, seq=0, RW, null, SET_UNCONDITIONALLY, servers:[s1|rpc:0.0.0.0:34459|dataStream:|priority:0|startupRole:FOLLOWER, s2|rpc:0.0.0.0:43137|dataStream:|priority:0|startupRole:FOLLOWER, s0|rpc:localhost:39295|admin:localhost:44843|client:localhost:40991|dataStream:localhost:40677|priority:0|startupRole:FOLLOWER], listeners:[]
2023-08-18 03:36:25,358 [s0@group-E264CA5F8311-FollowerState] INFO  impl.FollowerState (FollowerState.java:run(143)) - s0@group-E264CA5F8311-FollowerState: change to CANDIDATE, lastRpcElapsedTime:243290699ns, electionTimeout:243ms
2023-08-18 03:36:25,358 [s0@group-E264CA5F8311-FollowerState] INFO  impl.RoleInfo (RoleInfo.java:shutdownFollowerState(109)) - s0: shutdown s0@group-E264CA5F8311-FollowerState
2023-08-18 03:36:25,358 [s0@group-E264CA5F8311-FollowerState] INFO  server.RaftServer$Division (RaftServerImpl.java:setRole(371)) - s0@group-E264CA5F8311: changes role from  FOLLOWER to CANDIDATE at term 1 for changeToCandidate
2023-08-18 03:36:25,358 [s0@group-E264CA5F8311-FollowerState] INFO  server.RaftServerConfigKeys (ConfUtils.java:logGet(46)) - raft.server.leaderelection.pre-vote = true (default)
2023-08-18 03:36:25,358 [s0@group-E264CA5F8311-FollowerState] INFO  impl.RoleInfo (RoleInfo.java:updateAndGet(138)) - s0: start s0@group-E264CA5F8311-LeaderElection64
2023-08-18 03:36:25,358 [s0@group-E264CA5F8311-LeaderElection64] INFO  impl.LeaderElection (LeaderElection.java:askForVotes(320)) - s0@group-E264CA5F8311-LeaderElection64 PRE_VOTE round 0: submit vote requests at term 1 for 255: peers:[s0|rpc:localhost:39295|admin:localhost:44843|client:localhost:40991|dataStream:localhost:40677|priority:0|startupRole:FOLLOWER, s1|rpc:0.0.0.0:34459|dataStream:|priority:0|startupRole:FOLLOWER, s2|rpc:0.0.0.0:43137|dataStream:|priority:0|startupRole:FOLLOWER]|listeners:[], old=peers:[s0|rpc:localhost:39295|admin:localhost:44843|client:localhost:40991|dataStream:localhost:40677|priority:0|startupRole:FOLLOWER]|listeners:[]
2023-08-18 03:36:25,360 [grpc-default-executor-4] INFO  server.RaftServer$Division (RaftServerImpl.java:requestVote(1344)) - s1@group-E264CA5F8311: receive requestVote(PRE_VOTE, s0, group-E264CA5F8311, 1, (t:1, i:255))
2023-08-18 03:36:25,360 [grpc-default-executor-4] WARN  server.GrpcServerProtocolService (LogUtils.java:warn(122)) - s1: Failed requestVote s0->s1#0: org.apache.ratis.protocol.exceptions.ServerNotReadyException: s1@group-E264CA5F8311 is not in [RUNNING]: current state is STARTING
2023-08-18 03:36:25,360 [grpc-default-executor-3] INFO  server.RaftServer$Division (RaftServerImpl.java:requestVote(1344)) - s2@group-E264CA5F8311: receive requestVote(PRE_VOTE, s0, group-E264CA5F8311, 1, (t:1, i:255))
2023-08-18 03:36:25,361 [grpc-default-executor-3] WARN  server.GrpcServerProtocolService (LogUtils.java:warn(122)) - s2: Failed requestVote s0->s2#0: org.apache.ratis.protocol.exceptions.ServerNotReadyException: s2@group-E264CA5F8311 is not in [RUNNING]: current state is STARTING
2023-08-18 03:36:25,361 [s0@group-E264CA5F8311-LeaderElection64] INFO  impl.LeaderElection (LogUtils.java:infoOrTrace(137)) - s0@group-E264CA5F8311-LeaderElection64 got exception when requesting votes: java.util.concurrent.ExecutionException: org.apache.ratis.thirdparty.io.grpc.StatusRuntimeException: INTERNAL: s1@group-E264CA5F8311 is not in [RUNNING]: current state is STARTING
2023-08-18 03:36:25,361 [s0@group-E264CA5F8311-LeaderElection64] INFO  impl.LeaderElection (LogUtils.java:infoOrTrace(137)) - s0@group-E264CA5F8311-LeaderElection64 got exception when requesting votes: java.util.concurrent.ExecutionException: org.apache.ratis.thirdparty.io.grpc.StatusRuntimeException: INTERNAL: s2@group-E264CA5F8311 is not in [RUNNING]: current state is STARTING
2023-08-18 03:36:25,361 [s0@group-E264CA5F8311-LeaderElection64] INFO  impl.LeaderElection (LeaderElection.java:logAndReturn(89)) - s0@group-E264CA5F8311-LeaderElection64: PRE_VOTE REJECTED received 0 response(s) and 2 exception(s):
2023-08-18 03:36:25,361 [s0@group-E264CA5F8311-LeaderElection64] INFO  impl.LeaderElection (LogUtils.java:infoOrTrace(137)) -   Exception 0: java.util.concurrent.ExecutionException: org.apache.ratis.thirdparty.io.grpc.StatusRuntimeException: INTERNAL: s1@group-E264CA5F8311 is not in [RUNNING]: current state is STARTING
2023-08-18 03:36:25,361 [s0@group-E264CA5F8311-LeaderElection64] INFO  impl.LeaderElection (LogUtils.java:infoOrTrace(137)) -   Exception 1: java.util.concurrent.ExecutionException: org.apache.ratis.thirdparty.io.grpc.StatusRuntimeException: INTERNAL: s2@group-E264CA5F8311 is not in [RUNNING]: current state is STARTING
2023-08-18 03:36:25,361 [s0@group-E264CA5F8311-LeaderElection64] INFO  impl.LeaderElection (LeaderElection.java:askForVotes(322)) - s0@group-E264CA5F8311-LeaderElection64 PRE_VOTE round 0: result REJECTED
2023-08-18 03:36:25,361 [s0@group-E264CA5F8311-LeaderElection64] INFO  server.RaftServer$Division (RaftServerImpl.java:setRole(371)) - s0@group-E264CA5F8311: changes role from CANDIDATE to FOLLOWER at term 1 for REJECTED
2023-08-18 03:36:25,361 [s0@group-E264CA5F8311-LeaderElection64] INFO  impl.RoleInfo (RoleInfo.java:shutdownLeaderElection(129)) - s0: shutdown s0@group-E264CA5F8311-LeaderElection64
2023-08-18 03:36:25,361 [s0@group-E264CA5F8311-LeaderElection64] INFO  impl.RoleInfo (RoleInfo.java:updateAndGet(138)) - s0: start s0@group-E264CA5F8311-FollowerState
2023-08-18 03:36:25,371 [s1-server-thread1] INFO  server.RaftServer$Division (RaftServerImpl.java:setConfigurationAsync(1238)) - s1@group-E264CA5F8311: receive setConfiguration SetConfigurationRequest:client-255CF6B0DA3F->s1@group-E264CA5F8311, cid=386, seq=0, RW, null, SET_UNCONDITIONALLY, servers:[s1|rpc:0.0.0.0:34459|dataStream:|priority:0|startupRole:FOLLOWER, s2|rpc:0.0.0.0:43137|dataStream:|priority:0|startupRole:FOLLOWER, s0|rpc:localhost:39295|admin:localhost:44843|client:localhost:40991|dataStream:localhost:40677|priority:0|startupRole:FOLLOWER], listeners:[]
2023-08-18 03:36:25,478 [s0-server-thread1] INFO  server.RaftServer$Division (RaftServerImpl.java:setConfigurationAsync(1238)) - s0@group-E264CA5F8311: receive setConfiguration SetConfigurationRequest:client-255CF6B0DA3F->s0@group-E264CA5F8311, cid=386, seq=0, RW, null, SET_UNCONDITIONALLY, servers:[s1|rpc:0.0.0.0:34459|dataStream:|priority:0|startupRole:FOLLOWER, s2|rpc:0.0.0.0:43137|dataStream:|priority:0|startupRole:FOLLOWER, s0|rpc:localhost:39295|admin:localhost:44843|client:localhost:40991|dataStream:localhost:40677|priority:0|startupRole:FOLLOWER], listeners:[]
2023-08-18 03:36:25,583 [s1-server-thread1] INFO  server.RaftServer$Division (RaftServerImpl.java:setConfigurationAsync(1238)) - s1@group-E264CA5F8311: receive setConfiguration SetConfigurationRequest:client-255CF6B0DA3F->s1@group-E264CA5F8311, cid=386, seq=0, RW, null, SET_UNCONDITIONALLY, servers:[s1|rpc:0.0.0.0:34459|dataStream:|priority:0|startupRole:FOLLOWER, s2|rpc:0.0.0.0:43137|dataStream:|priority:0|startupRole:FOLLOWER, s0|rpc:localhost:39295|admin:localhost:44843|client:localhost:40991|dataStream:localhost:40677|priority:0|startupRole:FOLLOWER], listeners:[]
2023-08-18 03:36:25,616 [s0@group-E264CA5F8311-FollowerState] INFO  impl.FollowerState (FollowerState.java:run(143)) - s0@group-E264CA5F8311-FollowerState: change to CANDIDATE, lastRpcElapsedTime:254353922ns, electionTimeout:254ms
2023-08-18 03:36:25,616 [s0@group-E264CA5F8311-FollowerState] INFO  impl.RoleInfo (RoleInfo.java:shutdownFollowerState(109)) - s0: shutdown s0@group-E264CA5F8311-FollowerState
2023-08-18 03:36:25,616 [s0@group-E264CA5F8311-FollowerState] INFO  server.RaftServer$Division (RaftServerImpl.java:setRole(371)) - s0@group-E264CA5F8311: changes role from  FOLLOWER to CANDIDATE at term 1 for changeToCandidate
2023-08-18 03:36:25,616 [s0@group-E264CA5F8311-FollowerState] INFO  server.RaftServerConfigKeys (ConfUtils.java:logGet(46)) - raft.server.leaderelection.pre-vote = true (default)
2023-08-18 03:36:25,616 [s0@group-E264CA5F8311-FollowerState] INFO  impl.RoleInfo (RoleInfo.java:updateAndGet(138)) - s0: start s0@group-E264CA5F8311-LeaderElection65
2023-08-18 03:36:25,616 [s0@group-E264CA5F8311-LeaderElection65] INFO  impl.LeaderElection (LeaderElection.java:askForVotes(320)) - s0@group-E264CA5F8311-LeaderElection65 PRE_VOTE round 0: submit vote requests at term 1 for 255: peers:[s0|rpc:localhost:39295|admin:localhost:44843|client:localhost:40991|dataStream:localhost:40677|priority:0|startupRole:FOLLOWER, s1|rpc:0.0.0.0:34459|dataStream:|priority:0|startupRole:FOLLOWER, s2|rpc:0.0.0.0:43137|dataStream:|priority:0|startupRole:FOLLOWER]|listeners:[], old=peers:[s0|rpc:localhost:39295|admin:localhost:44843|client:localhost:40991|dataStream:localhost:40677|priority:0|startupRole:FOLLOWER]|listeners:[]
2023-08-18 03:36:25,618 [grpc-default-executor-3] INFO  server.RaftServer$Division (RaftServerImpl.java:requestVote(1344)) - s2@group-E264CA5F8311: receive requestVote(PRE_VOTE, s0, group-E264CA5F8311, 1, (t:1, i:255))
2023-08-18 03:36:25,618 [grpc-default-executor-4] INFO  server.RaftServer$Division (RaftServerImpl.java:requestVote(1344)) - s1@group-E264CA5F8311: receive requestVote(PRE_VOTE, s0, group-E264CA5F8311, 1, (t:1, i:255))
2023-08-18 03:36:25,618 [grpc-default-executor-3] WARN  server.GrpcServerProtocolService (LogUtils.java:warn(122)) - s2: Failed requestVote s0->s2#0: org.apache.ratis.protocol.exceptions.ServerNotReadyException: s2@group-E264CA5F8311 is not in [RUNNING]: current state is STARTING
2023-08-18 03:36:25,618 [grpc-default-executor-4] WARN  server.GrpcServerProtocolService (LogUtils.java:warn(122)) - s1: Failed requestVote s0->s1#0: org.apache.ratis.protocol.exceptions.ServerNotReadyException: s1@group-E264CA5F8311 is not in [RUNNING]: current state is STARTING
2023-08-18 03:36:25,619 [s0@group-E264CA5F8311-LeaderElection65] INFO  impl.LeaderElection (LogUtils.java:infoOrTrace(137)) - s0@group-E264CA5F8311-LeaderElection65 got exception when requesting votes: java.util.concurrent.ExecutionException: org.apache.ratis.thirdparty.io.grpc.StatusRuntimeException: INTERNAL: s1@group-E264CA5F8311 is not in [RUNNING]: current state is STARTING
2023-08-18 03:36:25,619 [s0@group-E264CA5F8311-LeaderElection65] INFO  impl.LeaderElection (LogUtils.java:infoOrTrace(137)) - s0@group-E264CA5F8311-LeaderElection65 got exception when requesting votes: java.util.concurrent.ExecutionException: org.apache.ratis.thirdparty.io.grpc.StatusRuntimeException: INTERNAL: s2@group-E264CA5F8311 is not in [RUNNING]: current state is STARTING
2023-08-18 03:36:25,619 [s0@group-E264CA5F8311-LeaderElection65] INFO  impl.LeaderElection (LeaderElection.java:logAndReturn(89)) - s0@group-E264CA5F8311-LeaderElection65: PRE_VOTE REJECTED received 0 response(s) and 2 exception(s):
2023-08-18 03:36:25,619 [s0@group-E264CA5F8311-LeaderElection65] INFO  impl.LeaderElection (LogUtils.java:infoOrTrace(137)) -   Exception 0: java.util.concurrent.ExecutionException: org.apache.ratis.thirdparty.io.grpc.StatusRuntimeException: INTERNAL: s1@group-E264CA5F8311 is not in [RUNNING]: current state is STARTING
2023-08-18 03:36:25,619 [s0@group-E264CA5F8311-LeaderElection65] INFO  impl.LeaderElection (LogUtils.java:infoOrTrace(137)) -   Exception 1: java.util.concurrent.ExecutionException: org.apache.ratis.thirdparty.io.grpc.StatusRuntimeException: INTERNAL: s2@group-E264CA5F8311 is not in [RUNNING]: current state is STARTING
2023-08-18 03:36:25,619 [s0@group-E264CA5F8311-LeaderElection65] INFO  impl.LeaderElection (LeaderElection.java:askForVotes(322)) - s0@group-E264CA5F8311-LeaderElection65 PRE_VOTE round 0: result REJECTED
2023-08-18 03:36:25,619 [s0@group-E264CA5F8311-LeaderElection65] INFO  server.RaftServer$Division (RaftServerImpl.java:setRole(371)) - s0@group-E264CA5F8311: changes role from CANDIDATE to FOLLOWER at term 1 for REJECTED
2023-08-18 03:36:25,619 [s0@group-E264CA5F8311-LeaderElection65] INFO  impl.RoleInfo (RoleInfo.java:shutdownLeaderElection(129)) - s0: shutdown s0@group-E264CA5F8311-LeaderElection65
2023-08-18 03:36:25,619 [s0@group-E264CA5F8311-LeaderElection65] INFO  impl.RoleInfo (RoleInfo.java:updateAndGet(138)) - s0: start s0@group-E264CA5F8311-FollowerState
2023-08-18 03:36:25,687 [s0-server-thread1] INFO  server.RaftServer$Division (RaftServerImpl.java:setConfigurationAsync(1238)) - s0@group-E264CA5F8311: receive setConfiguration SetConfigurationRequest:client-255CF6B0DA3F->s0@group-E264CA5F8311, cid=386, seq=0, RW, null, SET_UNCONDITIONALLY, servers:[s1|rpc:0.0.0.0:34459|dataStream:|priority:0|startupRole:FOLLOWER, s2|rpc:0.0.0.0:43137|dataStream:|priority:0|startupRole:FOLLOWER, s0|rpc:localhost:39295|admin:localhost:44843|client:localhost:40991|dataStream:localhost:40677|priority:0|startupRole:FOLLOWER], listeners:[]
2023-08-18 03:36:25,796 [s2-server-thread1] INFO  server.RaftServer$Division (RaftServerImpl.java:setConfigurationAsync(1238)) - s2@group-E264CA5F8311: receive setConfiguration SetConfigurationRequest:client-255CF6B0DA3F->s2@group-E264CA5F8311, cid=386, seq=0, RW, null, SET_UNCONDITIONALLY, servers:[s1|rpc:0.0.0.0:34459|dataStream:|priority:0|startupRole:FOLLOWER, s2|rpc:0.0.0.0:43137|dataStream:|priority:0|startupRole:FOLLOWER, s0|rpc:localhost:39295|admin:localhost:44843|client:localhost:40991|dataStream:localhost:40677|priority:0|startupRole:FOLLOWER], listeners:[]
2023-08-18 03:36:25,825 [s0@group-E264CA5F8311-FollowerState] INFO  impl.FollowerState (FollowerState.java:run(143)) - s0@group-E264CA5F8311-FollowerState: change to CANDIDATE, lastRpcElapsedTime:205322064ns, electionTimeout:205ms
2023-08-18 03:36:25,825 [s0@group-E264CA5F8311-FollowerState] INFO  impl.RoleInfo (RoleInfo.java:shutdownFollowerState(109)) - s0: shutdown s0@group-E264CA5F8311-FollowerState
2023-08-18 03:36:25,825 [s0@group-E264CA5F8311-FollowerState] INFO  server.RaftServer$Division (RaftServerImpl.java:setRole(371)) - s0@group-E264CA5F8311: changes role from  FOLLOWER to CANDIDATE at term 1 for changeToCandidate
2023-08-18 03:36:25,825 [s0@group-E264CA5F8311-FollowerState] INFO  server.RaftServerConfigKeys (ConfUtils.java:logGet(46)) - raft.server.leaderelection.pre-vote = true (default)
2023-08-18 03:36:25,825 [s0@group-E264CA5F8311-FollowerState] INFO  impl.RoleInfo (RoleInfo.java:updateAndGet(138)) - s0: start s0@group-E264CA5F8311-LeaderElection66
2023-08-18 03:36:25,825 [s0@group-E264CA5F8311-LeaderElection66] INFO  impl.LeaderElection (LeaderElection.java:askForVotes(320)) - s0@group-E264CA5F8311-LeaderElection66 PRE_VOTE round 0: submit vote requests at term 1 for 255: peers:[s0|rpc:localhost:39295|admin:localhost:44843|client:localhost:40991|dataStream:localhost:40677|priority:0|startupRole:FOLLOWER, s1|rpc:0.0.0.0:34459|dataStream:|priority:0|startupRole:FOLLOWER, s2|rpc:0.0.0.0:43137|dataStream:|priority:0|startupRole:FOLLOWER]|listeners:[], old=peers:[s0|rpc:localhost:39295|admin:localhost:44843|client:localhost:40991|dataStream:localhost:40677|priority:0|startupRole:FOLLOWER]|listeners:[]
2023-08-18 03:36:25,826 [grpc-default-executor-4] INFO  server.RaftServer$Division (RaftServerImpl.java:requestVote(1344)) - s1@group-E264CA5F8311: receive requestVote(PRE_VOTE, s0, group-E264CA5F8311, 1, (t:1, i:255))
2023-08-18 03:36:25,826 [grpc-default-executor-4] WARN  server.GrpcServerProtocolService (LogUtils.java:warn(122)) - s1: Failed requestVote s0->s1#0: org.apache.ratis.protocol.exceptions.ServerNotReadyException: s1@group-E264CA5F8311 is not in [RUNNING]: current state is STARTING
2023-08-18 03:36:25,828 [s0@group-E264CA5F8311-LeaderElection66] INFO  impl.LeaderElection (LogUtils.java:infoOrTrace(137)) - s0@group-E264CA5F8311-LeaderElection66 got exception when requesting votes: java.util.concurrent.ExecutionException: org.apache.ratis.thirdparty.io.grpc.StatusRuntimeException: INTERNAL: s1@group-E264CA5F8311 is not in [RUNNING]: current state is STARTING
2023-08-18 03:36:25,829 [grpc-default-executor-4] INFO  server.RaftServer$Division (RaftServerImpl.java:requestVote(1344)) - s2@group-E264CA5F8311: receive requestVote(PRE_VOTE, s0, group-E264CA5F8311, 1, (t:1, i:255))
2023-08-18 03:36:25,829 [grpc-default-executor-4] WARN  server.GrpcServerProtocolService (LogUtils.java:warn(122)) - s2: Failed requestVote s0->s2#0: org.apache.ratis.protocol.exceptions.ServerNotReadyException: s2@group-E264CA5F8311 is not in [RUNNING]: current state is STARTING
2023-08-18 03:36:25,829 [s0@group-E264CA5F8311-LeaderElection66] INFO  impl.LeaderElection (LogUtils.java:infoOrTrace(137)) - s0@group-E264CA5F8311-LeaderElection66 got exception when requesting votes: java.util.concurrent.ExecutionException: org.apache.ratis.thirdparty.io.grpc.StatusRuntimeException: INTERNAL: s2@group-E264CA5F8311 is not in [RUNNING]: current state is STARTING
2023-08-18 03:36:25,829 [s0@group-E264CA5F8311-LeaderElection66] INFO  impl.LeaderElection (LeaderElection.java:logAndReturn(89)) - s0@group-E264CA5F8311-LeaderElection66: PRE_VOTE REJECTED received 0 response(s) and 2 exception(s):
2023-08-18 03:36:25,829 [s0@group-E264CA5F8311-LeaderElection66] INFO  impl.LeaderElection (LogUtils.java:infoOrTrace(137)) -   Exception 0: java.util.concurrent.ExecutionException: org.apache.ratis.thirdparty.io.grpc.StatusRuntimeException: INTERNAL: s1@group-E264CA5F8311 is not in [RUNNING]: current state is STARTING
2023-08-18 03:36:25,829 [s0@group-E264CA5F8311-LeaderElection66] INFO  impl.LeaderElection (LogUtils.java:infoOrTrace(137)) -   Exception 1: java.util.concurrent.ExecutionException: org.apache.ratis.thirdparty.io.grpc.StatusRuntimeException: INTERNAL: s2@group-E264CA5F8311 is not in [RUNNING]: current state is STARTING
2023-08-18 03:36:25,829 [s0@group-E264CA5F8311-LeaderElection66] INFO  impl.LeaderElection (LeaderElection.java:askForVotes(322)) - s0@group-E264CA5F8311-LeaderElection66 PRE_VOTE round 0: result REJECTED
2023-08-18 03:36:25,829 [s0@group-E264CA5F8311-LeaderElection66] INFO  server.RaftServer$Division (RaftServerImpl.java:setRole(371)) - s0@group-E264CA5F8311: changes role from CANDIDATE to FOLLOWER at term 1 for REJECTED
2023-08-18 03:36:25,829 [s0@group-E264CA5F8311-LeaderElection66] INFO  impl.RoleInfo (RoleInfo.java:shutdownLeaderElection(129)) - s0: shutdown s0@group-E264CA5F8311-LeaderElection66
2023-08-18 03:36:25,829 [s0@group-E264CA5F8311-LeaderElection66] INFO  impl.RoleInfo (RoleInfo.java:updateAndGet(138)) - s0: start s0@group-E264CA5F8311-FollowerState
2023-08-18 03:36:25,901 [s0-server-thread1] INFO  server.RaftServer$Division (RaftServerImpl.java:setConfigurationAsync(1238)) - s0@group-E264CA5F8311: receive setConfiguration SetConfigurationRequest:client-255CF6B0DA3F->s0@group-E264CA5F8311, cid=386, seq=0, RW, null, SET_UNCONDITIONALLY, servers:[s1|rpc:0.0.0.0:34459|dataStream:|priority:0|startupRole:FOLLOWER, s2|rpc:0.0.0.0:43137|dataStream:|priority:0|startupRole:FOLLOWER, s0|rpc:localhost:39295|admin:localhost:44843|client:localhost:40991|dataStream:localhost:40677|priority:0|startupRole:FOLLOWER], listeners:[]
2023-08-18 03:36:26,005 [s1-server-thread1] INFO  server.RaftServer$Division (RaftServerImpl.java:setConfigurationAsync(1238)) - s1@group-E264CA5F8311: receive setConfiguration SetConfigurationRequest:client-255CF6B0DA3F->s1@group-E264CA5F8311, cid=386, seq=0, RW, null, SET_UNCONDITIONALLY, servers:[s1|rpc:0.0.0.0:34459|dataStream:|priority:0|startupRole:FOLLOWER, s2|rpc:0.0.0.0:43137|dataStream:|priority:0|startupRole:FOLLOWER, s0|rpc:localhost:39295|admin:localhost:44843|client:localhost:40991|dataStream:localhost:40677|priority:0|startupRole:FOLLOWER], listeners:[]
2023-08-18 03:36:26,030 [s0@group-E264CA5F8311-FollowerState] INFO  impl.FollowerState (FollowerState.java:run(143)) - s0@group-E264CA5F8311-FollowerState: change to CANDIDATE, lastRpcElapsedTime:200459598ns, electionTimeout:200ms
2023-08-18 03:36:26,030 [s0@group-E264CA5F8311-FollowerState] INFO  impl.RoleInfo (RoleInfo.java:shutdownFollowerState(109)) - s0: shutdown s0@group-E264CA5F8311-FollowerState
2023-08-18 03:36:26,030 [s0@group-E264CA5F8311-FollowerState] INFO  server.RaftServer$Division (RaftServerImpl.java:setRole(371)) - s0@group-E264CA5F8311: changes role from  FOLLOWER to CANDIDATE at term 1 for changeToCandidate
2023-08-18 03:36:26,030 [s0@group-E264CA5F8311-FollowerState] INFO  server.RaftServerConfigKeys (ConfUtils.java:logGet(46)) - raft.server.leaderelection.pre-vote = true (default)
2023-08-18 03:36:26,030 [s0@group-E264CA5F8311-FollowerState] INFO  impl.RoleInfo (RoleInfo.java:updateAndGet(138)) - s0: start s0@group-E264CA5F8311-LeaderElection67
2023-08-18 03:36:26,031 [s0@group-E264CA5F8311-LeaderElection67] INFO  impl.LeaderElection (LeaderElection.java:askForVotes(320)) - s0@group-E264CA5F8311-LeaderElection67 PRE_VOTE round 0: submit vote requests at term 1 for 255: peers:[s0|rpc:localhost:39295|admin:localhost:44843|client:localhost:40991|dataStream:localhost:40677|priority:0|startupRole:FOLLOWER, s1|rpc:0.0.0.0:34459|dataStream:|priority:0|startupRole:FOLLOWER, s2|rpc:0.0.0.0:43137|dataStream:|priority:0|startupRole:FOLLOWER]|listeners:[], old=peers:[s0|rpc:localhost:39295|admin:localhost:44843|client:localhost:40991|dataStream:localhost:40677|priority:0|startupRole:FOLLOWER]|listeners:[]
2023-08-18 03:36:26,032 [grpc-default-executor-4] INFO  server.RaftServer$Division (RaftServerImpl.java:requestVote(1344)) - s2@group-E264CA5F8311: receive requestVote(PRE_VOTE, s0, group-E264CA5F8311, 1, (t:1, i:255))
2023-08-18 03:36:26,032 [grpc-default-executor-4] WARN  server.GrpcServerProtocolService (LogUtils.java:warn(122)) - s2: Failed requestVote s0->s2#0: org.apache.ratis.protocol.exceptions.ServerNotReadyException: s2@group-E264CA5F8311 is not in [RUNNING]: current state is STARTING
2023-08-18 03:36:26,033 [s0@group-E264CA5F8311-LeaderElection67] INFO  impl.LeaderElection (LogUtils.java:infoOrTrace(137)) - s0@group-E264CA5F8311-LeaderElection67 got exception when requesting votes: java.util.concurrent.ExecutionException: org.apache.ratis.thirdparty.io.grpc.StatusRuntimeException: INTERNAL: s2@group-E264CA5F8311 is not in [RUNNING]: current state is STARTING
2023-08-18 03:36:26,033 [grpc-default-executor-4] INFO  server.RaftServer$Division (RaftServerImpl.java:requestVote(1344)) - s1@group-E264CA5F8311: receive requestVote(PRE_VOTE, s0, group-E264CA5F8311, 1, (t:1, i:255))
2023-08-18 03:36:26,033 [grpc-default-executor-4] WARN  server.GrpcServerProtocolService (LogUtils.java:warn(122)) - s1: Failed requestVote s0->s1#0: org.apache.ratis.protocol.exceptions.ServerNotReadyException: s1@group-E264CA5F8311 is not in [RUNNING]: current state is STARTING
2023-08-18 03:36:26,034 [s0@group-E264CA5F8311-LeaderElection67] INFO  impl.LeaderElection (LogUtils.java:infoOrTrace(137)) - s0@group-E264CA5F8311-LeaderElection67 got exception when requesting votes: java.util.concurrent.ExecutionException: org.apache.ratis.thirdparty.io.grpc.StatusRuntimeException: INTERNAL: s1@group-E264CA5F8311 is not in [RUNNING]: current state is STARTING
2023-08-18 03:36:26,034 [s0@group-E264CA5F8311-LeaderElection67] INFO  impl.LeaderElection (LeaderElection.java:logAndReturn(89)) - s0@group-E264CA5F8311-LeaderElection67: PRE_VOTE REJECTED received 0 response(s) and 2 exception(s):
2023-08-18 03:36:26,034 [s0@group-E264CA5F8311-LeaderElection67] INFO  impl.LeaderElection (LogUtils.java:infoOrTrace(137)) -   Exception 0: java.util.concurrent.ExecutionException: org.apache.ratis.thirdparty.io.grpc.StatusRuntimeException: INTERNAL: s2@group-E264CA5F8311 is not in [RUNNING]: current state is STARTING
2023-08-18 03:36:26,034 [s0@group-E264CA5F8311-LeaderElection67] INFO  impl.LeaderElection (LogUtils.java:infoOrTrace(137)) -   Exception 1: java.util.concurrent.ExecutionException: org.apache.ratis.thirdparty.io.grpc.StatusRuntimeException: INTERNAL: s1@group-E264CA5F8311 is not in [RUNNING]: current state is STARTING
2023-08-18 03:36:26,034 [s0@group-E264CA5F8311-LeaderElection67] INFO  impl.LeaderElection (LeaderElection.java:askForVotes(322)) - s0@group-E264CA5F8311-LeaderElection67 PRE_VOTE round 0: result REJECTED
2023-08-18 03:36:26,034 [s0@group-E264CA5F8311-LeaderElection67] INFO  server.RaftServer$Division (RaftServerImpl.java:setRole(371)) - s0@group-E264CA5F8311: changes role from CANDIDATE to FOLLOWER at term 1 for REJECTED
2023-08-18 03:36:26,034 [s0@group-E264CA5F8311-LeaderElection67] INFO  impl.RoleInfo (RoleInfo.java:shutdownLeaderElection(129)) - s0: shutdown s0@group-E264CA5F8311-LeaderElection67
2023-08-18 03:36:26,034 [s0@group-E264CA5F8311-LeaderElection67] INFO  impl.RoleInfo (RoleInfo.java:updateAndGet(138)) - s0: start s0@group-E264CA5F8311-FollowerState
2023-08-18 03:36:26,109 [s2-server-thread1] INFO  server.RaftServer$Division (RaftServerImpl.java:setConfigurationAsync(1238)) - s2@group-E264CA5F8311: receive setConfiguration SetConfigurationRequest:client-255CF6B0DA3F->s2@group-E264CA5F8311, cid=386, seq=0, RW, null, SET_UNCONDITIONALLY, servers:[s1|rpc:0.0.0.0:34459|dataStream:|priority:0|startupRole:FOLLOWER, s2|rpc:0.0.0.0:43137|dataStream:|priority:0|startupRole:FOLLOWER, s0|rpc:localhost:39295|admin:localhost:44843|client:localhost:40991|dataStream:localhost:40677|priority:0|startupRole:FOLLOWER], listeners:[]
2023-08-18 03:36:26,214 [s0-server-thread1] INFO  server.RaftServer$Division (RaftServerImpl.java:setConfigurationAsync(1238)) - s0@group-E264CA5F8311: receive setConfiguration SetConfigurationRequest:client-255CF6B0DA3F->s0@group-E264CA5F8311, cid=386, seq=0, RW, null, SET_UNCONDITIONALLY, servers:[s1|rpc:0.0.0.0:34459|dataStream:|priority:0|startupRole:FOLLOWER, s2|rpc:0.0.0.0:43137|dataStream:|priority:0|startupRole:FOLLOWER, s0|rpc:localhost:39295|admin:localhost:44843|client:localhost:40991|dataStream:localhost:40677|priority:0|startupRole:FOLLOWER], listeners:[]
2023-08-18 03:36:26,282 [s0@group-E264CA5F8311-FollowerState] INFO  impl.FollowerState (FollowerState.java:run(143)) - s0@group-E264CA5F8311-FollowerState: change to CANDIDATE, lastRpcElapsedTime:248441463ns, electionTimeout:248ms
2023-08-18 03:36:26,282 [s0@group-E264CA5F8311-FollowerState] INFO  impl.RoleInfo (RoleInfo.java:shutdownFollowerState(109)) - s0: shutdown s0@group-E264CA5F8311-FollowerState
2023-08-18 03:36:26,282 [s0@group-E264CA5F8311-FollowerState] INFO  server.RaftServer$Division (RaftServerImpl.java:setRole(371)) - s0@group-E264CA5F8311: changes role from  FOLLOWER to CANDIDATE at term 1 for changeToCandidate
2023-08-18 03:36:26,282 [s0@group-E264CA5F8311-FollowerState] INFO  server.RaftServerConfigKeys (ConfUtils.java:logGet(46)) - raft.server.leaderelection.pre-vote = true (default)
2023-08-18 03:36:26,282 [s0@group-E264CA5F8311-FollowerState] INFO  impl.RoleInfo (RoleInfo.java:updateAndGet(138)) - s0: start s0@group-E264CA5F8311-LeaderElection68
2023-08-18 03:36:26,283 [s0@group-E264CA5F8311-LeaderElection68] INFO  impl.LeaderElection (LeaderElection.java:askForVotes(320)) - s0@group-E264CA5F8311-LeaderElection68 PRE_VOTE round 0: submit vote requests at term 1 for 255: peers:[s0|rpc:localhost:39295|admin:localhost:44843|client:localhost:40991|dataStream:localhost:40677|priority:0|startupRole:FOLLOWER, s1|rpc:0.0.0.0:34459|dataStream:|priority:0|startupRole:FOLLOWER, s2|rpc:0.0.0.0:43137|dataStream:|priority:0|startupRole:FOLLOWER]|listeners:[], old=peers:[s0|rpc:localhost:39295|admin:localhost:44843|client:localhost:40991|dataStream:localhost:40677|priority:0|startupRole:FOLLOWER]|listeners:[]
2023-08-18 03:36:26,284 [grpc-default-executor-4] INFO  server.RaftServer$Division (RaftServerImpl.java:requestVote(1344)) - s1@group-E264CA5F8311: receive requestVote(PRE_VOTE, s0, group-E264CA5F8311, 1, (t:1, i:255))
2023-08-18 03:36:26,284 [grpc-default-executor-4] WARN  server.GrpcServerProtocolService (LogUtils.java:warn(122)) - s1: Failed requestVote s0->s1#0: org.apache.ratis.protocol.exceptions.ServerNotReadyException: s1@group-E264CA5F8311 is not in [RUNNING]: current state is STARTING
2023-08-18 03:36:26,284 [grpc-default-executor-4] INFO  server.RaftServer$Division (RaftServerImpl.java:requestVote(1344)) - s2@group-E264CA5F8311: receive requestVote(PRE_VOTE, s0, group-E264CA5F8311, 1, (t:1, i:255))
2023-08-18 03:36:26,284 [grpc-default-executor-4] WARN  server.GrpcServerProtocolService (LogUtils.java:warn(122)) - s2: Failed requestVote s0->s2#0: org.apache.ratis.protocol.exceptions.ServerNotReadyException: s2@group-E264CA5F8311 is not in [RUNNING]: current state is STARTING
2023-08-18 03:36:26,285 [s0@group-E264CA5F8311-LeaderElection68] INFO  impl.LeaderElection (LogUtils.java:infoOrTrace(137)) - s0@group-E264CA5F8311-LeaderElection68 got exception when requesting votes: java.util.concurrent.ExecutionException: org.apache.ratis.thirdparty.io.grpc.StatusRuntimeException: INTERNAL: s1@group-E264CA5F8311 is not in [RUNNING]: current state is STARTING
2023-08-18 03:36:26,285 [s0@group-E264CA5F8311-LeaderElection68] INFO  impl.LeaderElection (LogUtils.java:infoOrTrace(137)) - s0@group-E264CA5F8311-LeaderElection68 got exception when requesting votes: java.util.concurrent.ExecutionException: org.apache.ratis.thirdparty.io.grpc.StatusRuntimeException: INTERNAL: s2@group-E264CA5F8311 is not in [RUNNING]: current state is STARTING
2023-08-18 03:36:26,285 [s0@group-E264CA5F8311-LeaderElection68] INFO  impl.LeaderElection (LeaderElection.java:logAndReturn(89)) - s0@group-E264CA5F8311-LeaderElection68: PRE_VOTE REJECTED received 0 response(s) and 2 exception(s):
2023-08-18 03:36:26,285 [s0@group-E264CA5F8311-LeaderElection68] INFO  impl.LeaderElection (LogUtils.java:infoOrTrace(137)) -   Exception 0: java.util.concurrent.ExecutionException: org.apache.ratis.thirdparty.io.grpc.StatusRuntimeException: INTERNAL: s1@group-E264CA5F8311 is not in [RUNNING]: current state is STARTING
2023-08-18 03:36:26,285 [s0@group-E264CA5F8311-LeaderElection68] INFO  impl.LeaderElection (LogUtils.java:infoOrTrace(137)) -   Exception 1: java.util.concurrent.ExecutionException: org.apache.ratis.thirdparty.io.grpc.StatusRuntimeException: INTERNAL: s2@group-E264CA5F8311 is not in [RUNNING]: current state is STARTING
2023-08-18 03:36:26,285 [s0@group-E264CA5F8311-LeaderElection68] INFO  impl.LeaderElection (LeaderElection.java:askForVotes(322)) - s0@group-E264CA5F8311-LeaderElection68 PRE_VOTE round 0: result REJECTED
2023-08-18 03:36:26,285 [s0@group-E264CA5F8311-LeaderElection68] INFO  server.RaftServer$Division (RaftServerImpl.java:setRole(371)) - s0@group-E264CA5F8311: changes role from CANDIDATE to FOLLOWER at term 1 for REJECTED
2023-08-18 03:36:26,285 [s0@group-E264CA5F8311-LeaderElection68] INFO  impl.RoleInfo (RoleInfo.java:shutdownLeaderElection(129)) - s0: shutdown s0@group-E264CA5F8311-LeaderElection68
2023-08-18 03:36:26,285 [s0@group-E264CA5F8311-LeaderElection68] INFO  impl.RoleInfo (RoleInfo.java:updateAndGet(138)) - s0: start s0@group-E264CA5F8311-FollowerState
2023-08-18 03:36:26,319 [s1-server-thread1] INFO  server.RaftServer$Division (RaftServerImpl.java:setConfigurationAsync(1238)) - s1@group-E264CA5F8311: receive setConfiguration SetConfigurationRequest:client-255CF6B0DA3F->s1@group-E264CA5F8311, cid=386, seq=0, RW, null, SET_UNCONDITIONALLY, servers:[s1|rpc:0.0.0.0:34459|dataStream:|priority:0|startupRole:FOLLOWER, s2|rpc:0.0.0.0:43137|dataStream:|priority:0|startupRole:FOLLOWER, s0|rpc:localhost:39295|admin:localhost:44843|client:localhost:40991|dataStream:localhost:40677|priority:0|startupRole:FOLLOWER], listeners:[]
2023-08-18 03:36:26,427 [s2-server-thread1] INFO  server.RaftServer$Division (RaftServerImpl.java:setConfigurationAsync(1238)) - s2@group-E264CA5F8311: receive setConfiguration SetConfigurationRequest:client-255CF6B0DA3F->s2@group-E264CA5F8311, cid=386, seq=0, RW, null, SET_UNCONDITIONALLY, servers:[s1|rpc:0.0.0.0:34459|dataStream:|priority:0|startupRole:FOLLOWER, s2|rpc:0.0.0.0:43137|dataStream:|priority:0|startupRole:FOLLOWER, s0|rpc:localhost:39295|admin:localhost:44843|client:localhost:40991|dataStream:localhost:40677|priority:0|startupRole:FOLLOWER], listeners:[]
2023-08-18 03:36:26,490 [s0@group-E264CA5F8311-FollowerState] INFO  impl.FollowerState (FollowerState.java:run(143)) - s0@group-E264CA5F8311-FollowerState: change to CANDIDATE, lastRpcElapsedTime:205291064ns, electionTimeout:205ms
2023-08-18 03:36:26,491 [s0@group-E264CA5F8311-FollowerState] INFO  impl.RoleInfo (RoleInfo.java:shutdownFollowerState(109)) - s0: shutdown s0@group-E264CA5F8311-FollowerState
2023-08-18 03:36:26,491 [s0@group-E264CA5F8311-FollowerState] INFO  server.RaftServer$Division (RaftServerImpl.java:setRole(371)) - s0@group-E264CA5F8311: changes role from  FOLLOWER to CANDIDATE at term 1 for changeToCandidate
2023-08-18 03:36:26,491 [s0@group-E264CA5F8311-FollowerState] INFO  server.RaftServerConfigKeys (ConfUtils.java:logGet(46)) - raft.server.leaderelection.pre-vote = true (default)
2023-08-18 03:36:26,491 [s0@group-E264CA5F8311-FollowerState] INFO  impl.RoleInfo (RoleInfo.java:updateAndGet(138)) - s0: start s0@group-E264CA5F8311-LeaderElection69
2023-08-18 03:36:26,491 [s0@group-E264CA5F8311-LeaderElection69] INFO  impl.LeaderElection (LeaderElection.java:askForVotes(320)) - s0@group-E264CA5F8311-LeaderElection69 PRE_VOTE round 0: submit vote requests at term 1 for 255: peers:[s0|rpc:localhost:39295|admin:localhost:44843|client:localhost:40991|dataStream:localhost:40677|priority:0|startupRole:FOLLOWER, s1|rpc:0.0.0.0:34459|dataStream:|priority:0|startupRole:FOLLOWER, s2|rpc:0.0.0.0:43137|dataStream:|priority:0|startupRole:FOLLOWER]|listeners:[], old=peers:[s0|rpc:localhost:39295|admin:localhost:44843|client:localhost:40991|dataStream:localhost:40677|priority:0|startupRole:FOLLOWER]|listeners:[]
2023-08-18 03:36:26,492 [grpc-default-executor-3] INFO  server.RaftServer$Division (RaftServerImpl.java:requestVote(1344)) - s2@group-E264CA5F8311: receive requestVote(PRE_VOTE, s0, group-E264CA5F8311, 1, (t:1, i:255))
2023-08-18 03:36:26,492 [grpc-default-executor-4] INFO  server.RaftServer$Division (RaftServerImpl.java:requestVote(1344)) - s1@group-E264CA5F8311: receive requestVote(PRE_VOTE, s0, group-E264CA5F8311, 1, (t:1, i:255))
2023-08-18 03:36:26,492 [grpc-default-executor-3] WARN  server.GrpcServerProtocolService (LogUtils.java:warn(122)) - s2: Failed requestVote s0->s2#0: org.apache.ratis.protocol.exceptions.ServerNotReadyException: s2@group-E264CA5F8311 is not in [RUNNING]: current state is STARTING
2023-08-18 03:36:26,493 [grpc-default-executor-4] WARN  server.GrpcServerProtocolService (LogUtils.java:warn(122)) - s1: Failed requestVote s0->s1#0: org.apache.ratis.protocol.exceptions.ServerNotReadyException: s1@group-E264CA5F8311 is not in [RUNNING]: current state is STARTING
2023-08-18 03:36:26,493 [s0@group-E264CA5F8311-LeaderElection69] INFO  impl.LeaderElection (LogUtils.java:infoOrTrace(137)) - s0@group-E264CA5F8311-LeaderElection69 got exception when requesting votes: java.util.concurrent.ExecutionException: org.apache.ratis.thirdparty.io.grpc.StatusRuntimeException: INTERNAL: s1@group-E264CA5F8311 is not in [RUNNING]: current state is STARTING
2023-08-18 03:36:26,493 [s0@group-E264CA5F8311-LeaderElection69] INFO  impl.LeaderElection (LogUtils.java:infoOrTrace(137)) - s0@group-E264CA5F8311-LeaderElection69 got exception when requesting votes: java.util.concurrent.ExecutionException: org.apache.ratis.thirdparty.io.grpc.StatusRuntimeException: INTERNAL: s2@group-E264CA5F8311 is not in [RUNNING]: current state is STARTING
2023-08-18 03:36:26,493 [s0@group-E264CA5F8311-LeaderElection69] INFO  impl.LeaderElection (LeaderElection.java:logAndReturn(89)) - s0@group-E264CA5F8311-LeaderElection69: PRE_VOTE REJECTED received 0 response(s) and 2 exception(s):
2023-08-18 03:36:26,493 [s0@group-E264CA5F8311-LeaderElection69] INFO  impl.LeaderElection (LogUtils.java:infoOrTrace(137)) -   Exception 0: java.util.concurrent.ExecutionException: org.apache.ratis.thirdparty.io.grpc.StatusRuntimeException: INTERNAL: s1@group-E264CA5F8311 is not in [RUNNING]: current state is STARTING
2023-08-18 03:36:26,493 [s0@group-E264CA5F8311-LeaderElection69] INFO  impl.LeaderElection (LogUtils.java:infoOrTrace(137)) -   Exception 1: java.util.concurrent.ExecutionException: org.apache.ratis.thirdparty.io.grpc.StatusRuntimeException: INTERNAL: s2@group-E264CA5F8311 is not in [RUNNING]: current state is STARTING
2023-08-18 03:36:26,493 [s0@group-E264CA5F8311-LeaderElection69] INFO  impl.LeaderElection (LeaderElection.java:askForVotes(322)) - s0@group-E264CA5F8311-LeaderElection69 PRE_VOTE round 0: result REJECTED
2023-08-18 03:36:26,493 [s0@group-E264CA5F8311-LeaderElection69] INFO  server.RaftServer$Division (RaftServerImpl.java:setRole(371)) - s0@group-E264CA5F8311: changes role from CANDIDATE to FOLLOWER at term 1 for REJECTED
2023-08-18 03:36:26,493 [s0@group-E264CA5F8311-LeaderElection69] INFO  impl.RoleInfo (RoleInfo.java:shutdownLeaderElection(129)) - s0: shutdown s0@group-E264CA5F8311-LeaderElection69
2023-08-18 03:36:26,493 [s0@group-E264CA5F8311-LeaderElection69] INFO  impl.RoleInfo (RoleInfo.java:updateAndGet(138)) - s0: start s0@group-E264CA5F8311-FollowerState
2023-08-18 03:36:26,531 [s1-server-thread1] INFO  server.RaftServer$Division (RaftServerImpl.java:setConfigurationAsync(1238)) - s1@group-E264CA5F8311: receive setConfiguration SetConfigurationRequest:client-255CF6B0DA3F->s1@group-E264CA5F8311, cid=386, seq=0, RW, null, SET_UNCONDITIONALLY, servers:[s1|rpc:0.0.0.0:34459|dataStream:|priority:0|startupRole:FOLLOWER, s2|rpc:0.0.0.0:43137|dataStream:|priority:0|startupRole:FOLLOWER, s0|rpc:localhost:39295|admin:localhost:44843|client:localhost:40991|dataStream:localhost:40677|priority:0|startupRole:FOLLOWER], listeners:[]
2023-08-18 03:36:26,636 [s2-server-thread1] INFO  server.RaftServer$Division (RaftServerImpl.java:setConfigurationAsync(1238)) - s2@group-E264CA5F8311: receive setConfiguration SetConfigurationRequest:client-255CF6B0DA3F->s2@group-E264CA5F8311, cid=386, seq=0, RW, null, SET_UNCONDITIONALLY, servers:[s1|rpc:0.0.0.0:34459|dataStream:|priority:0|startupRole:FOLLOWER, s2|rpc:0.0.0.0:43137|dataStream:|priority:0|startupRole:FOLLOWER, s0|rpc:localhost:39295|admin:localhost:44843|client:localhost:40991|dataStream:localhost:40677|priority:0|startupRole:FOLLOWER], listeners:[]
2023-08-18 03:36:26,741 [s1-server-thread1] INFO  server.RaftServer$Division (RaftServerImpl.java:setConfigurationAsync(1238)) - s1@group-E264CA5F8311: receive setConfiguration SetConfigurationRequest:client-255CF6B0DA3F->s1@group-E264CA5F8311, cid=386, seq=0, RW, null, SET_UNCONDITIONALLY, servers:[s1|rpc:0.0.0.0:34459|dataStream:|priority:0|startupRole:FOLLOWER, s2|rpc:0.0.0.0:43137|dataStream:|priority:0|startupRole:FOLLOWER, s0|rpc:localhost:39295|admin:localhost:44843|client:localhost:40991|dataStream:localhost:40677|priority:0|startupRole:FOLLOWER], listeners:[]
2023-08-18 03:36:26,742 [s0@group-E264CA5F8311-FollowerState] INFO  impl.FollowerState (FollowerState.java:run(143)) - s0@group-E264CA5F8311-FollowerState: change to CANDIDATE, lastRpcElapsedTime:248835459ns, electionTimeout:247ms
2023-08-18 03:36:26,742 [s0@group-E264CA5F8311-FollowerState] INFO  impl.RoleInfo (RoleInfo.java:shutdownFollowerState(109)) - s0: shutdown s0@group-E264CA5F8311-FollowerState
2023-08-18 03:36:26,742 [s0@group-E264CA5F8311-FollowerState] INFO  server.RaftServer$Division (RaftServerImpl.java:setRole(371)) - s0@group-E264CA5F8311: changes role from  FOLLOWER to CANDIDATE at term 1 for changeToCandidate
2023-08-18 03:36:26,742 [s0@group-E264CA5F8311-FollowerState] INFO  server.RaftServerConfigKeys (ConfUtils.java:logGet(46)) - raft.server.leaderelection.pre-vote = true (default)
2023-08-18 03:36:26,742 [s0@group-E264CA5F8311-FollowerState] INFO  impl.RoleInfo (RoleInfo.java:updateAndGet(138)) - s0: start s0@group-E264CA5F8311-LeaderElection70
2023-08-18 03:36:26,743 [s0@group-E264CA5F8311-LeaderElection70] INFO  impl.LeaderElection (LeaderElection.java:askForVotes(320)) - s0@group-E264CA5F8311-LeaderElection70 PRE_VOTE round 0: submit vote requests at term 1 for 255: peers:[s0|rpc:localhost:39295|admin:localhost:44843|client:localhost:40991|dataStream:localhost:40677|priority:0|startupRole:FOLLOWER, s1|rpc:0.0.0.0:34459|dataStream:|priority:0|startupRole:FOLLOWER, s2|rpc:0.0.0.0:43137|dataStream:|priority:0|startupRole:FOLLOWER]|listeners:[], old=peers:[s0|rpc:localhost:39295|admin:localhost:44843|client:localhost:40991|dataStream:localhost:40677|priority:0|startupRole:FOLLOWER]|listeners:[]
2023-08-18 03:36:26,747 [grpc-default-executor-4] INFO  server.RaftServer$Division (RaftServerImpl.java:requestVote(1344)) - s1@group-E264CA5F8311: receive requestVote(PRE_VOTE, s0, group-E264CA5F8311, 1, (t:1, i:255))
2023-08-18 03:36:26,747 [grpc-default-executor-4] WARN  server.GrpcServerProtocolService (LogUtils.java:warn(122)) - s1: Failed requestVote s0->s1#0: org.apache.ratis.protocol.exceptions.ServerNotReadyException: s1@group-E264CA5F8311 is not in [RUNNING]: current state is STARTING
2023-08-18 03:36:26,748 [s0@group-E264CA5F8311-LeaderElection70] INFO  impl.LeaderElection (LogUtils.java:infoOrTrace(137)) - s0@group-E264CA5F8311-LeaderElection70 got exception when requesting votes: java.util.concurrent.ExecutionException: org.apache.ratis.thirdparty.io.grpc.StatusRuntimeException: INTERNAL: s1@group-E264CA5F8311 is not in [RUNNING]: current state is STARTING
2023-08-18 03:36:26,749 [grpc-default-executor-4] INFO  server.RaftServer$Division (RaftServerImpl.java:requestVote(1344)) - s2@group-E264CA5F8311: receive requestVote(PRE_VOTE, s0, group-E264CA5F8311, 1, (t:1, i:255))
2023-08-18 03:36:26,749 [grpc-default-executor-4] WARN  server.GrpcServerProtocolService (LogUtils.java:warn(122)) - s2: Failed requestVote s0->s2#0: org.apache.ratis.protocol.exceptions.ServerNotReadyException: s2@group-E264CA5F8311 is not in [RUNNING]: current state is STARTING
2023-08-18 03:36:26,749 [s0@group-E264CA5F8311-LeaderElection70] INFO  impl.LeaderElection (LogUtils.java:infoOrTrace(137)) - s0@group-E264CA5F8311-LeaderElection70 got exception when requesting votes: java.util.concurrent.ExecutionException: org.apache.ratis.thirdparty.io.grpc.StatusRuntimeException: INTERNAL: s2@group-E264CA5F8311 is not in [RUNNING]: current state is STARTING
2023-08-18 03:36:26,749 [s0@group-E264CA5F8311-LeaderElection70] INFO  impl.LeaderElection (LeaderElection.java:logAndReturn(89)) - s0@group-E264CA5F8311-LeaderElection70: PRE_VOTE REJECTED received 0 response(s) and 2 exception(s):
2023-08-18 03:36:26,749 [s0@group-E264CA5F8311-LeaderElection70] INFO  impl.LeaderElection (LogUtils.java:infoOrTrace(137)) -   Exception 0: java.util.concurrent.ExecutionException: org.apache.ratis.thirdparty.io.grpc.StatusRuntimeException: INTERNAL: s1@group-E264CA5F8311 is not in [RUNNING]: current state is STARTING
2023-08-18 03:36:26,749 [s0@group-E264CA5F8311-LeaderElection70] INFO  impl.LeaderElection (LogUtils.java:infoOrTrace(137)) -   Exception 1: java.util.concurrent.ExecutionException: org.apache.ratis.thirdparty.io.grpc.StatusRuntimeException: INTERNAL: s2@group-E264CA5F8311 is not in [RUNNING]: current state is STARTING
2023-08-18 03:36:26,749 [s0@group-E264CA5F8311-LeaderElection70] INFO  impl.LeaderElection (LeaderElection.java:askForVotes(322)) - s0@group-E264CA5F8311-LeaderElection70 PRE_VOTE round 0: result REJECTED
2023-08-18 03:36:26,749 [s0@group-E264CA5F8311-LeaderElection70] INFO  server.RaftServer$Division (RaftServerImpl.java:setRole(371)) - s0@group-E264CA5F8311: changes role from CANDIDATE to FOLLOWER at term 1 for REJECTED
2023-08-18 03:36:26,749 [s0@group-E264CA5F8311-LeaderElection70] INFO  impl.RoleInfo (RoleInfo.java:shutdownLeaderElection(129)) - s0: shutdown s0@group-E264CA5F8311-LeaderElection70
2023-08-18 03:36:26,749 [s0@group-E264CA5F8311-LeaderElection70] INFO  impl.RoleInfo (RoleInfo.java:updateAndGet(138)) - s0: start s0@group-E264CA5F8311-FollowerState
2023-08-18 03:36:26,845 [s0-server-thread1] INFO  server.RaftServer$Division (RaftServerImpl.java:setConfigurationAsync(1238)) - s0@group-E264CA5F8311: receive setConfiguration SetConfigurationRequest:client-255CF6B0DA3F->s0@group-E264CA5F8311, cid=386, seq=0, RW, null, SET_UNCONDITIONALLY, servers:[s1|rpc:0.0.0.0:34459|dataStream:|priority:0|startupRole:FOLLOWER, s2|rpc:0.0.0.0:43137|dataStream:|priority:0|startupRole:FOLLOWER, s0|rpc:localhost:39295|admin:localhost:44843|client:localhost:40991|dataStream:localhost:40677|priority:0|startupRole:FOLLOWER], listeners:[]
2023-08-18 03:36:26,950 [s1-server-thread1] INFO  server.RaftServer$Division (RaftServerImpl.java:setConfigurationAsync(1238)) - s1@group-E264CA5F8311: receive setConfiguration SetConfigurationRequest:client-255CF6B0DA3F->s1@group-E264CA5F8311, cid=386, seq=0, RW, null, SET_UNCONDITIONALLY, servers:[s1|rpc:0.0.0.0:34459|dataStream:|priority:0|startupRole:FOLLOWER, s2|rpc:0.0.0.0:43137|dataStream:|priority:0|startupRole:FOLLOWER, s0|rpc:localhost:39295|admin:localhost:44843|client:localhost:40991|dataStream:localhost:40677|priority:0|startupRole:FOLLOWER], listeners:[]
2023-08-18 03:36:27,002 [s0@group-E264CA5F8311-FollowerState] INFO  impl.FollowerState (FollowerState.java:run(143)) - s0@group-E264CA5F8311-FollowerState: change to CANDIDATE, lastRpcElapsedTime:252445734ns, electionTimeout:252ms
2023-08-18 03:36:27,002 [s0@group-E264CA5F8311-FollowerState] INFO  impl.RoleInfo (RoleInfo.java:shutdownFollowerState(109)) - s0: shutdown s0@group-E264CA5F8311-FollowerState
2023-08-18 03:36:27,002 [s0@group-E264CA5F8311-FollowerState] INFO  server.RaftServer$Division (RaftServerImpl.java:setRole(371)) - s0@group-E264CA5F8311: changes role from  FOLLOWER to CANDIDATE at term 1 for changeToCandidate
2023-08-18 03:36:27,002 [s0@group-E264CA5F8311-FollowerState] INFO  server.RaftServerConfigKeys (ConfUtils.java:logGet(46)) - raft.server.leaderelection.pre-vote = true (default)
2023-08-18 03:36:27,002 [s0@group-E264CA5F8311-FollowerState] INFO  impl.RoleInfo (RoleInfo.java:updateAndGet(138)) - s0: start s0@group-E264CA5F8311-LeaderElection71
2023-08-18 03:36:27,002 [s0@group-E264CA5F8311-LeaderElection71] INFO  impl.LeaderElection (LeaderElection.java:askForVotes(320)) - s0@group-E264CA5F8311-LeaderElection71 PRE_VOTE round 0: submit vote requests at term 1 for 255: peers:[s0|rpc:localhost:39295|admin:localhost:44843|client:localhost:40991|dataStream:localhost:40677|priority:0|startupRole:FOLLOWER, s1|rpc:0.0.0.0:34459|dataStream:|priority:0|startupRole:FOLLOWER, s2|rpc:0.0.0.0:43137|dataStream:|priority:0|startupRole:FOLLOWER]|listeners:[], old=peers:[s0|rpc:localhost:39295|admin:localhost:44843|client:localhost:40991|dataStream:localhost:40677|priority:0|startupRole:FOLLOWER]|listeners:[]
2023-08-18 03:36:27,004 [grpc-default-executor-3] INFO  server.RaftServer$Division (RaftServerImpl.java:requestVote(1344)) - s2@group-E264CA5F8311: receive requestVote(PRE_VOTE, s0, group-E264CA5F8311, 1, (t:1, i:255))
2023-08-18 03:36:27,004 [grpc-default-executor-3] WARN  server.GrpcServerProtocolService (LogUtils.java:warn(122)) - s2: Failed requestVote s0->s2#0: org.apache.ratis.protocol.exceptions.ServerNotReadyException: s2@group-E264CA5F8311 is not in [RUNNING]: current state is STARTING
2023-08-18 03:36:27,006 [s0@group-E264CA5F8311-LeaderElection71] INFO  impl.LeaderElection (LogUtils.java:infoOrTrace(137)) - s0@group-E264CA5F8311-LeaderElection71 got exception when requesting votes: java.util.concurrent.ExecutionException: org.apache.ratis.thirdparty.io.grpc.StatusRuntimeException: INTERNAL: s2@group-E264CA5F8311 is not in [RUNNING]: current state is STARTING
2023-08-18 03:36:27,006 [grpc-default-executor-4] INFO  server.RaftServer$Division (RaftServerImpl.java:requestVote(1344)) - s1@group-E264CA5F8311: receive requestVote(PRE_VOTE, s0, group-E264CA5F8311, 1, (t:1, i:255))
2023-08-18 03:36:27,006 [grpc-default-executor-4] WARN  server.GrpcServerProtocolService (LogUtils.java:warn(122)) - s1: Failed requestVote s0->s1#0: org.apache.ratis.protocol.exceptions.ServerNotReadyException: s1@group-E264CA5F8311 is not in [RUNNING]: current state is STARTING
2023-08-18 03:36:27,006 [s0@group-E264CA5F8311-LeaderElection71] INFO  impl.LeaderElection (LogUtils.java:infoOrTrace(137)) - s0@group-E264CA5F8311-LeaderElection71 got exception when requesting votes: java.util.concurrent.ExecutionException: org.apache.ratis.thirdparty.io.grpc.StatusRuntimeException: INTERNAL: s1@group-E264CA5F8311 is not in [RUNNING]: current state is STARTING
2023-08-18 03:36:27,006 [s0@group-E264CA5F8311-LeaderElection71] INFO  impl.LeaderElection (LeaderElection.java:logAndReturn(89)) - s0@group-E264CA5F8311-LeaderElection71: PRE_VOTE REJECTED received 0 response(s) and 2 exception(s):
2023-08-18 03:36:27,006 [s0@group-E264CA5F8311-LeaderElection71] INFO  impl.LeaderElection (LogUtils.java:infoOrTrace(137)) -   Exception 0: java.util.concurrent.ExecutionException: org.apache.ratis.thirdparty.io.grpc.StatusRuntimeException: INTERNAL: s2@group-E264CA5F8311 is not in [RUNNING]: current state is STARTING
2023-08-18 03:36:27,006 [s0@group-E264CA5F8311-LeaderElection71] INFO  impl.LeaderElection (LogUtils.java:infoOrTrace(137)) -   Exception 1: java.util.concurrent.ExecutionException: org.apache.ratis.thirdparty.io.grpc.StatusRuntimeException: INTERNAL: s1@group-E264CA5F8311 is not in [RUNNING]: current state is STARTING
2023-08-18 03:36:27,007 [s0@group-E264CA5F8311-LeaderElection71] INFO  impl.LeaderElection (LeaderElection.java:askForVotes(322)) - s0@group-E264CA5F8311-LeaderElection71 PRE_VOTE round 0: result REJECTED
2023-08-18 03:36:27,007 [s0@group-E264CA5F8311-LeaderElection71] INFO  server.RaftServer$Division (RaftServerImpl.java:setRole(371)) - s0@group-E264CA5F8311: changes role from CANDIDATE to FOLLOWER at term 1 for REJECTED
2023-08-18 03:36:27,007 [s0@group-E264CA5F8311-LeaderElection71] INFO  impl.RoleInfo (RoleInfo.java:shutdownLeaderElection(129)) - s0: shutdown s0@group-E264CA5F8311-LeaderElection71
2023-08-18 03:36:27,007 [s0@group-E264CA5F8311-LeaderElection71] INFO  impl.RoleInfo (RoleInfo.java:updateAndGet(138)) - s0: start s0@group-E264CA5F8311-FollowerState
2023-08-18 03:36:27,055 [s0-server-thread1] INFO  server.RaftServer$Division (RaftServerImpl.java:setConfigurationAsync(1238)) - s0@group-E264CA5F8311: receive setConfiguration SetConfigurationRequest:client-255CF6B0DA3F->s0@group-E264CA5F8311, cid=386, seq=0, RW, null, SET_UNCONDITIONALLY, servers:[s1|rpc:0.0.0.0:34459|dataStream:|priority:0|startupRole:FOLLOWER, s2|rpc:0.0.0.0:43137|dataStream:|priority:0|startupRole:FOLLOWER, s0|rpc:localhost:39295|admin:localhost:44843|client:localhost:40991|dataStream:localhost:40677|priority:0|startupRole:FOLLOWER], listeners:[]
2023-08-18 03:36:27,163 [s1-server-thread1] INFO  server.RaftServer$Division (RaftServerImpl.java:setConfigurationAsync(1238)) - s1@group-E264CA5F8311: receive setConfiguration SetConfigurationRequest:client-255CF6B0DA3F->s1@group-E264CA5F8311, cid=386, seq=0, RW, null, SET_UNCONDITIONALLY, servers:[s1|rpc:0.0.0.0:34459|dataStream:|priority:0|startupRole:FOLLOWER, s2|rpc:0.0.0.0:43137|dataStream:|priority:0|startupRole:FOLLOWER, s0|rpc:localhost:39295|admin:localhost:44843|client:localhost:40991|dataStream:localhost:40677|priority:0|startupRole:FOLLOWER], listeners:[]
2023-08-18 03:36:27,270 [s0-server-thread1] INFO  server.RaftServer$Division (RaftServerImpl.java:setConfigurationAsync(1238)) - s0@group-E264CA5F8311: receive setConfiguration SetConfigurationRequest:client-255CF6B0DA3F->s0@group-E264CA5F8311, cid=386, seq=0, RW, null, SET_UNCONDITIONALLY, servers:[s1|rpc:0.0.0.0:34459|dataStream:|priority:0|startupRole:FOLLOWER, s2|rpc:0.0.0.0:43137|dataStream:|priority:0|startupRole:FOLLOWER, s0|rpc:localhost:39295|admin:localhost:44843|client:localhost:40991|dataStream:localhost:40677|priority:0|startupRole:FOLLOWER], listeners:[]
2023-08-18 03:36:27,299 [s0@group-E264CA5F8311-FollowerState] INFO  impl.FollowerState (FollowerState.java:run(143)) - s0@group-E264CA5F8311-FollowerState: change to CANDIDATE, lastRpcElapsedTime:292380655ns, electionTimeout:292ms
2023-08-18 03:36:27,299 [s0@group-E264CA5F8311-FollowerState] INFO  impl.RoleInfo (RoleInfo.java:shutdownFollowerState(109)) - s0: shutdown s0@group-E264CA5F8311-FollowerState
2023-08-18 03:36:27,299 [s0@group-E264CA5F8311-FollowerState] INFO  server.RaftServer$Division (RaftServerImpl.java:setRole(371)) - s0@group-E264CA5F8311: changes role from  FOLLOWER to CANDIDATE at term 1 for changeToCandidate
2023-08-18 03:36:27,299 [s0@group-E264CA5F8311-FollowerState] INFO  server.RaftServerConfigKeys (ConfUtils.java:logGet(46)) - raft.server.leaderelection.pre-vote = true (default)
2023-08-18 03:36:27,299 [s0@group-E264CA5F8311-FollowerState] INFO  impl.RoleInfo (RoleInfo.java:updateAndGet(138)) - s0: start s0@group-E264CA5F8311-LeaderElection72
2023-08-18 03:36:27,300 [s0@group-E264CA5F8311-LeaderElection72] INFO  impl.LeaderElection (LeaderElection.java:askForVotes(320)) - s0@group-E264CA5F8311-LeaderElection72 PRE_VOTE round 0: submit vote requests at term 1 for 255: peers:[s0|rpc:localhost:39295|admin:localhost:44843|client:localhost:40991|dataStream:localhost:40677|priority:0|startupRole:FOLLOWER, s1|rpc:0.0.0.0:34459|dataStream:|priority:0|startupRole:FOLLOWER, s2|rpc:0.0.0.0:43137|dataStream:|priority:0|startupRole:FOLLOWER]|listeners:[], old=peers:[s0|rpc:localhost:39295|admin:localhost:44843|client:localhost:40991|dataStream:localhost:40677|priority:0|startupRole:FOLLOWER]|listeners:[]
2023-08-18 03:36:27,301 [grpc-default-executor-3] INFO  server.RaftServer$Division (RaftServerImpl.java:requestVote(1344)) - s2@group-E264CA5F8311: receive requestVote(PRE_VOTE, s0, group-E264CA5F8311, 1, (t:1, i:255))
2023-08-18 03:36:27,301 [grpc-default-executor-3] WARN  server.GrpcServerProtocolService (LogUtils.java:warn(122)) - s2: Failed requestVote s0->s2#0: org.apache.ratis.protocol.exceptions.ServerNotReadyException: s2@group-E264CA5F8311 is not in [RUNNING]: current state is STARTING
2023-08-18 03:36:27,301 [grpc-default-executor-4] INFO  server.RaftServer$Division (RaftServerImpl.java:requestVote(1344)) - s1@group-E264CA5F8311: receive requestVote(PRE_VOTE, s0, group-E264CA5F8311, 1, (t:1, i:255))
2023-08-18 03:36:27,302 [grpc-default-executor-4] WARN  server.GrpcServerProtocolService (LogUtils.java:warn(122)) - s1: Failed requestVote s0->s1#0: org.apache.ratis.protocol.exceptions.ServerNotReadyException: s1@group-E264CA5F8311 is not in [RUNNING]: current state is STARTING
2023-08-18 03:36:27,303 [s0@group-E264CA5F8311-LeaderElection72] INFO  impl.LeaderElection (LogUtils.java:infoOrTrace(137)) - s0@group-E264CA5F8311-LeaderElection72 got exception when requesting votes: java.util.concurrent.ExecutionException: org.apache.ratis.thirdparty.io.grpc.StatusRuntimeException: INTERNAL: s2@group-E264CA5F8311 is not in [RUNNING]: current state is STARTING
2023-08-18 03:36:27,303 [s0@group-E264CA5F8311-LeaderElection72] INFO  impl.LeaderElection (LogUtils.java:infoOrTrace(137)) - s0@group-E264CA5F8311-LeaderElection72 got exception when requesting votes: java.util.concurrent.ExecutionException: org.apache.ratis.thirdparty.io.grpc.StatusRuntimeException: INTERNAL: s1@group-E264CA5F8311 is not in [RUNNING]: current state is STARTING
2023-08-18 03:36:27,303 [s0@group-E264CA5F8311-LeaderElection72] INFO  impl.LeaderElection (LeaderElection.java:logAndReturn(89)) - s0@group-E264CA5F8311-LeaderElection72: PRE_VOTE REJECTED received 0 response(s) and 2 exception(s):
2023-08-18 03:36:27,303 [s0@group-E264CA5F8311-LeaderElection72] INFO  impl.LeaderElection (LogUtils.java:infoOrTrace(137)) -   Exception 0: java.util.concurrent.ExecutionException: org.apache.ratis.thirdparty.io.grpc.StatusRuntimeException: INTERNAL: s2@group-E264CA5F8311 is not in [RUNNING]: current state is STARTING
2023-08-18 03:36:27,303 [s0@group-E264CA5F8311-LeaderElection72] INFO  impl.LeaderElection (LogUtils.java:infoOrTrace(137)) -   Exception 1: java.util.concurrent.ExecutionException: org.apache.ratis.thirdparty.io.grpc.StatusRuntimeException: INTERNAL: s1@group-E264CA5F8311 is not in [RUNNING]: current state is STARTING
2023-08-18 03:36:27,303 [s0@group-E264CA5F8311-LeaderElection72] INFO  impl.LeaderElection (LeaderElection.java:askForVotes(322)) - s0@group-E264CA5F8311-LeaderElection72 PRE_VOTE round 0: result REJECTED
2023-08-18 03:36:27,303 [s0@group-E264CA5F8311-LeaderElection72] INFO  server.RaftServer$Division (RaftServerImpl.java:setRole(371)) - s0@group-E264CA5F8311: changes role from CANDIDATE to FOLLOWER at term 1 for REJECTED
2023-08-18 03:36:27,303 [s0@group-E264CA5F8311-LeaderElection72] INFO  impl.RoleInfo (RoleInfo.java:shutdownLeaderElection(129)) - s0: shutdown s0@group-E264CA5F8311-LeaderElection72
2023-08-18 03:36:27,303 [s0@group-E264CA5F8311-LeaderElection72] INFO  impl.RoleInfo (RoleInfo.java:updateAndGet(138)) - s0: start s0@group-E264CA5F8311-FollowerState
2023-08-18 03:36:27,375 [s1-server-thread1] INFO  server.RaftServer$Division (RaftServerImpl.java:setConfigurationAsync(1238)) - s1@group-E264CA5F8311: receive setConfiguration SetConfigurationRequest:client-255CF6B0DA3F->s1@group-E264CA5F8311, cid=386, seq=0, RW, null, SET_UNCONDITIONALLY, servers:[s1|rpc:0.0.0.0:34459|dataStream:|priority:0|startupRole:FOLLOWER, s2|rpc:0.0.0.0:43137|dataStream:|priority:0|startupRole:FOLLOWER, s0|rpc:localhost:39295|admin:localhost:44843|client:localhost:40991|dataStream:localhost:40677|priority:0|startupRole:FOLLOWER], listeners:[]
2023-08-18 03:36:27,470 [s0@group-E264CA5F8311-FollowerState] INFO  impl.FollowerState (FollowerState.java:run(143)) - s0@group-E264CA5F8311-FollowerState: change to CANDIDATE, lastRpcElapsedTime:167097531ns, electionTimeout:166ms
2023-08-18 03:36:27,471 [s0@group-E264CA5F8311-FollowerState] INFO  impl.RoleInfo (RoleInfo.java:shutdownFollowerState(109)) - s0: shutdown s0@group-E264CA5F8311-FollowerState
2023-08-18 03:36:27,471 [s0@group-E264CA5F8311-FollowerState] INFO  server.RaftServer$Division (RaftServerImpl.java:setRole(371)) - s0@group-E264CA5F8311: changes role from  FOLLOWER to CANDIDATE at term 1 for changeToCandidate
2023-08-18 03:36:27,471 [s0@group-E264CA5F8311-FollowerState] INFO  server.RaftServerConfigKeys (ConfUtils.java:logGet(46)) - raft.server.leaderelection.pre-vote = true (default)
2023-08-18 03:36:27,471 [s0@group-E264CA5F8311-FollowerState] INFO  impl.RoleInfo (RoleInfo.java:updateAndGet(138)) - s0: start s0@group-E264CA5F8311-LeaderElection73
2023-08-18 03:36:27,471 [s0@group-E264CA5F8311-LeaderElection73] INFO  impl.LeaderElection (LeaderElection.java:askForVotes(320)) - s0@group-E264CA5F8311-LeaderElection73 PRE_VOTE round 0: submit vote requests at term 1 for 255: peers:[s0|rpc:localhost:39295|admin:localhost:44843|client:localhost:40991|dataStream:localhost:40677|priority:0|startupRole:FOLLOWER, s1|rpc:0.0.0.0:34459|dataStream:|priority:0|startupRole:FOLLOWER, s2|rpc:0.0.0.0:43137|dataStream:|priority:0|startupRole:FOLLOWER]|listeners:[], old=peers:[s0|rpc:localhost:39295|admin:localhost:44843|client:localhost:40991|dataStream:localhost:40677|priority:0|startupRole:FOLLOWER]|listeners:[]
2023-08-18 03:36:27,473 [grpc-default-executor-3] INFO  server.RaftServer$Division (RaftServerImpl.java:requestVote(1344)) - s2@group-E264CA5F8311: receive requestVote(PRE_VOTE, s0, group-E264CA5F8311, 1, (t:1, i:255))
2023-08-18 03:36:27,473 [grpc-default-executor-3] WARN  server.GrpcServerProtocolService (LogUtils.java:warn(122)) - s2: Failed requestVote s0->s2#0: org.apache.ratis.protocol.exceptions.ServerNotReadyException: s2@group-E264CA5F8311 is not in [RUNNING]: current state is STARTING
2023-08-18 03:36:27,473 [grpc-default-executor-4] INFO  server.RaftServer$Division (RaftServerImpl.java:requestVote(1344)) - s1@group-E264CA5F8311: receive requestVote(PRE_VOTE, s0, group-E264CA5F8311, 1, (t:1, i:255))
2023-08-18 03:36:27,473 [grpc-default-executor-4] WARN  server.GrpcServerProtocolService (LogUtils.java:warn(122)) - s1: Failed requestVote s0->s1#0: org.apache.ratis.protocol.exceptions.ServerNotReadyException: s1@group-E264CA5F8311 is not in [RUNNING]: current state is STARTING
2023-08-18 03:36:27,473 [s0@group-E264CA5F8311-LeaderElection73] INFO  impl.LeaderElection (LogUtils.java:infoOrTrace(137)) - s0@group-E264CA5F8311-LeaderElection73 got exception when requesting votes: java.util.concurrent.ExecutionException: org.apache.ratis.thirdparty.io.grpc.StatusRuntimeException: INTERNAL: s2@group-E264CA5F8311 is not in [RUNNING]: current state is STARTING
2023-08-18 03:36:27,474 [s0@group-E264CA5F8311-LeaderElection73] INFO  impl.LeaderElection (LogUtils.java:infoOrTrace(137)) - s0@group-E264CA5F8311-LeaderElection73 got exception when requesting votes: java.util.concurrent.ExecutionException: org.apache.ratis.thirdparty.io.grpc.StatusRuntimeException: INTERNAL: s1@group-E264CA5F8311 is not in [RUNNING]: current state is STARTING
2023-08-18 03:36:27,474 [s0@group-E264CA5F8311-LeaderElection73] INFO  impl.LeaderElection (LeaderElection.java:logAndReturn(89)) - s0@group-E264CA5F8311-LeaderElection73: PRE_VOTE REJECTED received 0 response(s) and 2 exception(s):
2023-08-18 03:36:27,474 [s0@group-E264CA5F8311-LeaderElection73] INFO  impl.LeaderElection (LogUtils.java:infoOrTrace(137)) -   Exception 0: java.util.concurrent.ExecutionException: org.apache.ratis.thirdparty.io.grpc.StatusRuntimeException: INTERNAL: s2@group-E264CA5F8311 is not in [RUNNING]: current state is STARTING
2023-08-18 03:36:27,474 [s0@group-E264CA5F8311-LeaderElection73] INFO  impl.LeaderElection (LogUtils.java:infoOrTrace(137)) -   Exception 1: java.util.concurrent.ExecutionException: org.apache.ratis.thirdparty.io.grpc.StatusRuntimeException: INTERNAL: s1@group-E264CA5F8311 is not in [RUNNING]: current state is STARTING
2023-08-18 03:36:27,474 [s0@group-E264CA5F8311-LeaderElection73] INFO  impl.LeaderElection (LeaderElection.java:askForVotes(322)) - s0@group-E264CA5F8311-LeaderElection73 PRE_VOTE round 0: result REJECTED
2023-08-18 03:36:27,474 [s0@group-E264CA5F8311-LeaderElection73] INFO  server.RaftServer$Division (RaftServerImpl.java:setRole(371)) - s0@group-E264CA5F8311: changes role from CANDIDATE to FOLLOWER at term 1 for REJECTED
2023-08-18 03:36:27,474 [s0@group-E264CA5F8311-LeaderElection73] INFO  impl.RoleInfo (RoleInfo.java:shutdownLeaderElection(129)) - s0: shutdown s0@group-E264CA5F8311-LeaderElection73
2023-08-18 03:36:27,474 [s0@group-E264CA5F8311-LeaderElection73] INFO  impl.RoleInfo (RoleInfo.java:updateAndGet(138)) - s0: start s0@group-E264CA5F8311-FollowerState
2023-08-18 03:36:27,479 [s2-server-thread1] INFO  server.RaftServer$Division (RaftServerImpl.java:setConfigurationAsync(1238)) - s2@group-E264CA5F8311: receive setConfiguration SetConfigurationRequest:client-255CF6B0DA3F->s2@group-E264CA5F8311, cid=386, seq=0, RW, null, SET_UNCONDITIONALLY, servers:[s1|rpc:0.0.0.0:34459|dataStream:|priority:0|startupRole:FOLLOWER, s2|rpc:0.0.0.0:43137|dataStream:|priority:0|startupRole:FOLLOWER, s0|rpc:localhost:39295|admin:localhost:44843|client:localhost:40991|dataStream:localhost:40677|priority:0|startupRole:FOLLOWER], listeners:[]
2023-08-18 03:36:27,584 [s1-server-thread1] INFO  server.RaftServer$Division (RaftServerImpl.java:setConfigurationAsync(1238)) - s1@group-E264CA5F8311: receive setConfiguration SetConfigurationRequest:client-255CF6B0DA3F->s1@group-E264CA5F8311, cid=386, seq=0, RW, null, SET_UNCONDITIONALLY, servers:[s1|rpc:0.0.0.0:34459|dataStream:|priority:0|startupRole:FOLLOWER, s2|rpc:0.0.0.0:43137|dataStream:|priority:0|startupRole:FOLLOWER, s0|rpc:localhost:39295|admin:localhost:44843|client:localhost:40991|dataStream:localhost:40677|priority:0|startupRole:FOLLOWER], listeners:[]
2023-08-18 03:36:27,689 [s2-server-thread1] INFO  server.RaftServer$Division (RaftServerImpl.java:setConfigurationAsync(1238)) - s2@group-E264CA5F8311: receive setConfiguration SetConfigurationRequest:client-255CF6B0DA3F->s2@group-E264CA5F8311, cid=386, seq=0, RW, null, SET_UNCONDITIONALLY, servers:[s1|rpc:0.0.0.0:34459|dataStream:|priority:0|startupRole:FOLLOWER, s2|rpc:0.0.0.0:43137|dataStream:|priority:0|startupRole:FOLLOWER, s0|rpc:localhost:39295|admin:localhost:44843|client:localhost:40991|dataStream:localhost:40677|priority:0|startupRole:FOLLOWER], listeners:[]
2023-08-18 03:36:27,738 [s0@group-E264CA5F8311-FollowerState] INFO  impl.FollowerState (FollowerState.java:run(143)) - s0@group-E264CA5F8311-FollowerState: change to CANDIDATE, lastRpcElapsedTime:264344751ns, electionTimeout:264ms
2023-08-18 03:36:27,738 [s0@group-E264CA5F8311-FollowerState] INFO  impl.RoleInfo (RoleInfo.java:shutdownFollowerState(109)) - s0: shutdown s0@group-E264CA5F8311-FollowerState
2023-08-18 03:36:27,738 [s0@group-E264CA5F8311-FollowerState] INFO  server.RaftServer$Division (RaftServerImpl.java:setRole(371)) - s0@group-E264CA5F8311: changes role from  FOLLOWER to CANDIDATE at term 1 for changeToCandidate
2023-08-18 03:36:27,738 [s0@group-E264CA5F8311-FollowerState] INFO  server.RaftServerConfigKeys (ConfUtils.java:logGet(46)) - raft.server.leaderelection.pre-vote = true (default)
2023-08-18 03:36:27,738 [s0@group-E264CA5F8311-FollowerState] INFO  impl.RoleInfo (RoleInfo.java:updateAndGet(138)) - s0: start s0@group-E264CA5F8311-LeaderElection74
2023-08-18 03:36:27,739 [s0@group-E264CA5F8311-LeaderElection74] INFO  impl.LeaderElection (LeaderElection.java:askForVotes(320)) - s0@group-E264CA5F8311-LeaderElection74 PRE_VOTE round 0: submit vote requests at term 1 for 255: peers:[s0|rpc:localhost:39295|admin:localhost:44843|client:localhost:40991|dataStream:localhost:40677|priority:0|startupRole:FOLLOWER, s1|rpc:0.0.0.0:34459|dataStream:|priority:0|startupRole:FOLLOWER, s2|rpc:0.0.0.0:43137|dataStream:|priority:0|startupRole:FOLLOWER]|listeners:[], old=peers:[s0|rpc:localhost:39295|admin:localhost:44843|client:localhost:40991|dataStream:localhost:40677|priority:0|startupRole:FOLLOWER]|listeners:[]
2023-08-18 03:36:27,740 [grpc-default-executor-3] INFO  server.RaftServer$Division (RaftServerImpl.java:requestVote(1344)) - s2@group-E264CA5F8311: receive requestVote(PRE_VOTE, s0, group-E264CA5F8311, 1, (t:1, i:255))
2023-08-18 03:36:27,740 [grpc-default-executor-3] WARN  server.GrpcServerProtocolService (LogUtils.java:warn(122)) - s2: Failed requestVote s0->s2#0: org.apache.ratis.protocol.exceptions.ServerNotReadyException: s2@group-E264CA5F8311 is not in [RUNNING]: current state is STARTING
2023-08-18 03:36:27,743 [grpc-default-executor-4] INFO  server.RaftServer$Division (RaftServerImpl.java:requestVote(1344)) - s1@group-E264CA5F8311: receive requestVote(PRE_VOTE, s0, group-E264CA5F8311, 1, (t:1, i:255))
2023-08-18 03:36:27,743 [grpc-default-executor-4] WARN  server.GrpcServerProtocolService (LogUtils.java:warn(122)) - s1: Failed requestVote s0->s1#0: org.apache.ratis.protocol.exceptions.ServerNotReadyException: s1@group-E264CA5F8311 is not in [RUNNING]: current state is STARTING
2023-08-18 03:36:27,743 [s0@group-E264CA5F8311-LeaderElection74] INFO  impl.LeaderElection (LogUtils.java:infoOrTrace(137)) - s0@group-E264CA5F8311-LeaderElection74 got exception when requesting votes: java.util.concurrent.ExecutionException: org.apache.ratis.thirdparty.io.grpc.StatusRuntimeException: INTERNAL: s1@group-E264CA5F8311 is not in [RUNNING]: current state is STARTING
2023-08-18 03:36:27,744 [s0@group-E264CA5F8311-LeaderElection74] INFO  impl.LeaderElection (LogUtils.java:infoOrTrace(137)) - s0@group-E264CA5F8311-LeaderElection74 got exception when requesting votes: java.util.concurrent.ExecutionException: org.apache.ratis.thirdparty.io.grpc.StatusRuntimeException: INTERNAL: s2@group-E264CA5F8311 is not in [RUNNING]: current state is STARTING
2023-08-18 03:36:27,744 [s0@group-E264CA5F8311-LeaderElection74] INFO  impl.LeaderElection (LeaderElection.java:logAndReturn(89)) - s0@group-E264CA5F8311-LeaderElection74: PRE_VOTE REJECTED received 0 response(s) and 2 exception(s):
2023-08-18 03:36:27,744 [s0@group-E264CA5F8311-LeaderElection74] INFO  impl.LeaderElection (LogUtils.java:infoOrTrace(137)) -   Exception 0: java.util.concurrent.ExecutionException: org.apache.ratis.thirdparty.io.grpc.StatusRuntimeException: INTERNAL: s1@group-E264CA5F8311 is not in [RUNNING]: current state is STARTING
2023-08-18 03:36:27,744 [s0@group-E264CA5F8311-LeaderElection74] INFO  impl.LeaderElection (LogUtils.java:infoOrTrace(137)) -   Exception 1: java.util.concurrent.ExecutionException: org.apache.ratis.thirdparty.io.grpc.StatusRuntimeException: INTERNAL: s2@group-E264CA5F8311 is not in [RUNNING]: current state is STARTING
2023-08-18 03:36:27,744 [s0@group-E264CA5F8311-LeaderElection74] INFO  impl.LeaderElection (LeaderElection.java:askForVotes(322)) - s0@group-E264CA5F8311-LeaderElection74 PRE_VOTE round 0: result REJECTED
2023-08-18 03:36:27,744 [s0@group-E264CA5F8311-LeaderElection74] INFO  server.RaftServer$Division (RaftServerImpl.java:setRole(371)) - s0@group-E264CA5F8311: changes role from CANDIDATE to FOLLOWER at term 1 for REJECTED
2023-08-18 03:36:27,744 [s0@group-E264CA5F8311-LeaderElection74] INFO  impl.RoleInfo (RoleInfo.java:shutdownLeaderElection(129)) - s0: shutdown s0@group-E264CA5F8311-LeaderElection74
2023-08-18 03:36:27,744 [s0@group-E264CA5F8311-LeaderElection74] INFO  impl.RoleInfo (RoleInfo.java:updateAndGet(138)) - s0: start s0@group-E264CA5F8311-FollowerState
2023-08-18 03:36:27,794 [s1-server-thread1] INFO  server.RaftServer$Division (RaftServerImpl.java:setConfigurationAsync(1238)) - s1@group-E264CA5F8311: receive setConfiguration SetConfigurationRequest:client-255CF6B0DA3F->s1@group-E264CA5F8311, cid=386, seq=0, RW, null, SET_UNCONDITIONALLY, servers:[s1|rpc:0.0.0.0:34459|dataStream:|priority:0|startupRole:FOLLOWER, s2|rpc:0.0.0.0:43137|dataStream:|priority:0|startupRole:FOLLOWER, s0|rpc:localhost:39295|admin:localhost:44843|client:localhost:40991|dataStream:localhost:40677|priority:0|startupRole:FOLLOWER], listeners:[]
2023-08-18 03:36:27,898 [s2-server-thread1] INFO  server.RaftServer$Division (RaftServerImpl.java:setConfigurationAsync(1238)) - s2@group-E264CA5F8311: receive setConfiguration SetConfigurationRequest:client-255CF6B0DA3F->s2@group-E264CA5F8311, cid=386, seq=0, RW, null, SET_UNCONDITIONALLY, servers:[s1|rpc:0.0.0.0:34459|dataStream:|priority:0|startupRole:FOLLOWER, s2|rpc:0.0.0.0:43137|dataStream:|priority:0|startupRole:FOLLOWER, s0|rpc:localhost:39295|admin:localhost:44843|client:localhost:40991|dataStream:localhost:40677|priority:0|startupRole:FOLLOWER], listeners:[]
2023-08-18 03:36:28,003 [s0-server-thread1] INFO  server.RaftServer$Division (RaftServerImpl.java:setConfigurationAsync(1238)) - s0@group-E264CA5F8311: receive setConfiguration SetConfigurationRequest:client-255CF6B0DA3F->s0@group-E264CA5F8311, cid=386, seq=0, RW, null, SET_UNCONDITIONALLY, servers:[s1|rpc:0.0.0.0:34459|dataStream:|priority:0|startupRole:FOLLOWER, s2|rpc:0.0.0.0:43137|dataStream:|priority:0|startupRole:FOLLOWER, s0|rpc:localhost:39295|admin:localhost:44843|client:localhost:40991|dataStream:localhost:40677|priority:0|startupRole:FOLLOWER], listeners:[]
2023-08-18 03:36:28,016 [s0@group-E264CA5F8311-FollowerState] INFO  impl.FollowerState (FollowerState.java:run(143)) - s0@group-E264CA5F8311-FollowerState: change to CANDIDATE, lastRpcElapsedTime:272300996ns, electionTimeout:272ms
2023-08-18 03:36:28,016 [s0@group-E264CA5F8311-FollowerState] INFO  impl.RoleInfo (RoleInfo.java:shutdownFollowerState(109)) - s0: shutdown s0@group-E264CA5F8311-FollowerState
2023-08-18 03:36:28,016 [s0@group-E264CA5F8311-FollowerState] INFO  server.RaftServer$Division (RaftServerImpl.java:setRole(371)) - s0@group-E264CA5F8311: changes role from  FOLLOWER to CANDIDATE at term 1 for changeToCandidate
2023-08-18 03:36:28,016 [s0@group-E264CA5F8311-FollowerState] INFO  server.RaftServerConfigKeys (ConfUtils.java:logGet(46)) - raft.server.leaderelection.pre-vote = true (default)
2023-08-18 03:36:28,016 [s0@group-E264CA5F8311-FollowerState] INFO  impl.RoleInfo (RoleInfo.java:updateAndGet(138)) - s0: start s0@group-E264CA5F8311-LeaderElection75
2023-08-18 03:36:28,017 [s0@group-E264CA5F8311-LeaderElection75] INFO  impl.LeaderElection (LeaderElection.java:askForVotes(320)) - s0@group-E264CA5F8311-LeaderElection75 PRE_VOTE round 0: submit vote requests at term 1 for 255: peers:[s0|rpc:localhost:39295|admin:localhost:44843|client:localhost:40991|dataStream:localhost:40677|priority:0|startupRole:FOLLOWER, s1|rpc:0.0.0.0:34459|dataStream:|priority:0|startupRole:FOLLOWER, s2|rpc:0.0.0.0:43137|dataStream:|priority:0|startupRole:FOLLOWER]|listeners:[], old=peers:[s0|rpc:localhost:39295|admin:localhost:44843|client:localhost:40991|dataStream:localhost:40677|priority:0|startupRole:FOLLOWER]|listeners:[]
2023-08-18 03:36:28,018 [grpc-default-executor-4] INFO  server.RaftServer$Division (RaftServerImpl.java:requestVote(1344)) - s1@group-E264CA5F8311: receive requestVote(PRE_VOTE, s0, group-E264CA5F8311, 1, (t:1, i:255))
2023-08-18 03:36:28,018 [grpc-default-executor-4] WARN  server.GrpcServerProtocolService (LogUtils.java:warn(122)) - s1: Failed requestVote s0->s1#0: org.apache.ratis.protocol.exceptions.ServerNotReadyException: s1@group-E264CA5F8311 is not in [RUNNING]: current state is STARTING
2023-08-18 03:36:28,019 [grpc-default-executor-4] INFO  server.RaftServer$Division (RaftServerImpl.java:requestVote(1344)) - s2@group-E264CA5F8311: receive requestVote(PRE_VOTE, s0, group-E264CA5F8311, 1, (t:1, i:255))
2023-08-18 03:36:28,019 [grpc-default-executor-4] WARN  server.GrpcServerProtocolService (LogUtils.java:warn(122)) - s2: Failed requestVote s0->s2#0: org.apache.ratis.protocol.exceptions.ServerNotReadyException: s2@group-E264CA5F8311 is not in [RUNNING]: current state is STARTING
2023-08-18 03:36:28,019 [s0@group-E264CA5F8311-LeaderElection75] INFO  impl.LeaderElection (LogUtils.java:infoOrTrace(137)) - s0@group-E264CA5F8311-LeaderElection75 got exception when requesting votes: java.util.concurrent.ExecutionException: org.apache.ratis.thirdparty.io.grpc.StatusRuntimeException: INTERNAL: s1@group-E264CA5F8311 is not in [RUNNING]: current state is STARTING
2023-08-18 03:36:28,019 [s0@group-E264CA5F8311-LeaderElection75] INFO  impl.LeaderElection (LogUtils.java:infoOrTrace(137)) - s0@group-E264CA5F8311-LeaderElection75 got exception when requesting votes: java.util.concurrent.ExecutionException: org.apache.ratis.thirdparty.io.grpc.StatusRuntimeException: INTERNAL: s2@group-E264CA5F8311 is not in [RUNNING]: current state is STARTING
2023-08-18 03:36:28,019 [s0@group-E264CA5F8311-LeaderElection75] INFO  impl.LeaderElection (LeaderElection.java:logAndReturn(89)) - s0@group-E264CA5F8311-LeaderElection75: PRE_VOTE REJECTED received 0 response(s) and 2 exception(s):
2023-08-18 03:36:28,019 [s0@group-E264CA5F8311-LeaderElection75] INFO  impl.LeaderElection (LogUtils.java:infoOrTrace(137)) -   Exception 0: java.util.concurrent.ExecutionException: org.apache.ratis.thirdparty.io.grpc.StatusRuntimeException: INTERNAL: s1@group-E264CA5F8311 is not in [RUNNING]: current state is STARTING
2023-08-18 03:36:28,019 [s0@group-E264CA5F8311-LeaderElection75] INFO  impl.LeaderElection (LogUtils.java:infoOrTrace(137)) -   Exception 1: java.util.concurrent.ExecutionException: org.apache.ratis.thirdparty.io.grpc.StatusRuntimeException: INTERNAL: s2@group-E264CA5F8311 is not in [RUNNING]: current state is STARTING
2023-08-18 03:36:28,019 [s0@group-E264CA5F8311-LeaderElection75] INFO  impl.LeaderElection (LeaderElection.java:askForVotes(322)) - s0@group-E264CA5F8311-LeaderElection75 PRE_VOTE round 0: result REJECTED
2023-08-18 03:36:28,019 [s0@group-E264CA5F8311-LeaderElection75] INFO  server.RaftServer$Division (RaftServerImpl.java:setRole(371)) - s0@group-E264CA5F8311: changes role from CANDIDATE to FOLLOWER at term 1 for REJECTED
2023-08-18 03:36:28,019 [s0@group-E264CA5F8311-LeaderElection75] INFO  impl.RoleInfo (RoleInfo.java:shutdownLeaderElection(129)) - s0: shutdown s0@group-E264CA5F8311-LeaderElection75
2023-08-18 03:36:28,020 [s0@group-E264CA5F8311-LeaderElection75] INFO  impl.RoleInfo (RoleInfo.java:updateAndGet(138)) - s0: start s0@group-E264CA5F8311-FollowerState
2023-08-18 03:36:28,110 [s1-server-thread1] INFO  server.RaftServer$Division (RaftServerImpl.java:setConfigurationAsync(1238)) - s1@group-E264CA5F8311: receive setConfiguration SetConfigurationRequest:client-255CF6B0DA3F->s1@group-E264CA5F8311, cid=386, seq=0, RW, null, SET_UNCONDITIONALLY, servers:[s1|rpc:0.0.0.0:34459|dataStream:|priority:0|startupRole:FOLLOWER, s2|rpc:0.0.0.0:43137|dataStream:|priority:0|startupRole:FOLLOWER, s0|rpc:localhost:39295|admin:localhost:44843|client:localhost:40991|dataStream:localhost:40677|priority:0|startupRole:FOLLOWER], listeners:[]
2023-08-18 03:36:28,198 [s0@group-E264CA5F8311-FollowerState] INFO  impl.FollowerState (FollowerState.java:run(143)) - s0@group-E264CA5F8311-FollowerState: change to CANDIDATE, lastRpcElapsedTime:178410752ns, electionTimeout:178ms
2023-08-18 03:36:28,198 [s0@group-E264CA5F8311-FollowerState] INFO  impl.RoleInfo (RoleInfo.java:shutdownFollowerState(109)) - s0: shutdown s0@group-E264CA5F8311-FollowerState
2023-08-18 03:36:28,198 [s0@group-E264CA5F8311-FollowerState] INFO  server.RaftServer$Division (RaftServerImpl.java:setRole(371)) - s0@group-E264CA5F8311: changes role from  FOLLOWER to CANDIDATE at term 1 for changeToCandidate
2023-08-18 03:36:28,198 [s0@group-E264CA5F8311-FollowerState] INFO  server.RaftServerConfigKeys (ConfUtils.java:logGet(46)) - raft.server.leaderelection.pre-vote = true (default)
2023-08-18 03:36:28,198 [s0@group-E264CA5F8311-FollowerState] INFO  impl.RoleInfo (RoleInfo.java:updateAndGet(138)) - s0: start s0@group-E264CA5F8311-LeaderElection76
2023-08-18 03:36:28,198 [s0@group-E264CA5F8311-LeaderElection76] INFO  impl.LeaderElection (LeaderElection.java:askForVotes(320)) - s0@group-E264CA5F8311-LeaderElection76 PRE_VOTE round 0: submit vote requests at term 1 for 255: peers:[s0|rpc:localhost:39295|admin:localhost:44843|client:localhost:40991|dataStream:localhost:40677|priority:0|startupRole:FOLLOWER, s1|rpc:0.0.0.0:34459|dataStream:|priority:0|startupRole:FOLLOWER, s2|rpc:0.0.0.0:43137|dataStream:|priority:0|startupRole:FOLLOWER]|listeners:[], old=peers:[s0|rpc:localhost:39295|admin:localhost:44843|client:localhost:40991|dataStream:localhost:40677|priority:0|startupRole:FOLLOWER]|listeners:[]
2023-08-18 03:36:28,200 [grpc-default-executor-4] INFO  server.RaftServer$Division (RaftServerImpl.java:requestVote(1344)) - s1@group-E264CA5F8311: receive requestVote(PRE_VOTE, s0, group-E264CA5F8311, 1, (t:1, i:255))
2023-08-18 03:36:28,200 [grpc-default-executor-3] INFO  server.RaftServer$Division (RaftServerImpl.java:requestVote(1344)) - s2@group-E264CA5F8311: receive requestVote(PRE_VOTE, s0, group-E264CA5F8311, 1, (t:1, i:255))
2023-08-18 03:36:28,200 [grpc-default-executor-4] WARN  server.GrpcServerProtocolService (LogUtils.java:warn(122)) - s1: Failed requestVote s0->s1#0: org.apache.ratis.protocol.exceptions.ServerNotReadyException: s1@group-E264CA5F8311 is not in [RUNNING]: current state is STARTING
2023-08-18 03:36:28,200 [grpc-default-executor-3] WARN  server.GrpcServerProtocolService (LogUtils.java:warn(122)) - s2: Failed requestVote s0->s2#0: org.apache.ratis.protocol.exceptions.ServerNotReadyException: s2@group-E264CA5F8311 is not in [RUNNING]: current state is STARTING
2023-08-18 03:36:28,200 [s0@group-E264CA5F8311-LeaderElection76] INFO  impl.LeaderElection (LogUtils.java:infoOrTrace(137)) - s0@group-E264CA5F8311-LeaderElection76 got exception when requesting votes: java.util.concurrent.ExecutionException: org.apache.ratis.thirdparty.io.grpc.StatusRuntimeException: INTERNAL: s1@group-E264CA5F8311 is not in [RUNNING]: current state is STARTING
2023-08-18 03:36:28,201 [s0@group-E264CA5F8311-LeaderElection76] INFO  impl.LeaderElection (LogUtils.java:infoOrTrace(137)) - s0@group-E264CA5F8311-LeaderElection76 got exception when requesting votes: java.util.concurrent.ExecutionException: org.apache.ratis.thirdparty.io.grpc.StatusRuntimeException: INTERNAL: s2@group-E264CA5F8311 is not in [RUNNING]: current state is STARTING
2023-08-18 03:36:28,201 [s0@group-E264CA5F8311-LeaderElection76] INFO  impl.LeaderElection (LeaderElection.java:logAndReturn(89)) - s0@group-E264CA5F8311-LeaderElection76: PRE_VOTE REJECTED received 0 response(s) and 2 exception(s):
2023-08-18 03:36:28,201 [s0@group-E264CA5F8311-LeaderElection76] INFO  impl.LeaderElection (LogUtils.java:infoOrTrace(137)) -   Exception 0: java.util.concurrent.ExecutionException: org.apache.ratis.thirdparty.io.grpc.StatusRuntimeException: INTERNAL: s1@group-E264CA5F8311 is not in [RUNNING]: current state is STARTING
2023-08-18 03:36:28,201 [s0@group-E264CA5F8311-LeaderElection76] INFO  impl.LeaderElection (LogUtils.java:infoOrTrace(137)) -   Exception 1: java.util.concurrent.ExecutionException: org.apache.ratis.thirdparty.io.grpc.StatusRuntimeException: INTERNAL: s2@group-E264CA5F8311 is not in [RUNNING]: current state is STARTING
2023-08-18 03:36:28,201 [s0@group-E264CA5F8311-LeaderElection76] INFO  impl.LeaderElection (LeaderElection.java:askForVotes(322)) - s0@group-E264CA5F8311-LeaderElection76 PRE_VOTE round 0: result REJECTED
2023-08-18 03:36:28,201 [s0@group-E264CA5F8311-LeaderElection76] INFO  server.RaftServer$Division (RaftServerImpl.java:setRole(371)) - s0@group-E264CA5F8311: changes role from CANDIDATE to FOLLOWER at term 1 for REJECTED
2023-08-18 03:36:28,201 [s0@group-E264CA5F8311-LeaderElection76] INFO  impl.RoleInfo (RoleInfo.java:shutdownLeaderElection(129)) - s0: shutdown s0@group-E264CA5F8311-LeaderElection76
2023-08-18 03:36:28,201 [s0@group-E264CA5F8311-LeaderElection76] INFO  impl.RoleInfo (RoleInfo.java:updateAndGet(138)) - s0: start s0@group-E264CA5F8311-FollowerState
2023-08-18 03:36:28,215 [s2-server-thread1] INFO  server.RaftServer$Division (RaftServerImpl.java:setConfigurationAsync(1238)) - s2@group-E264CA5F8311: receive setConfiguration SetConfigurationRequest:client-255CF6B0DA3F->s2@group-E264CA5F8311, cid=386, seq=0, RW, null, SET_UNCONDITIONALLY, servers:[s1|rpc:0.0.0.0:34459|dataStream:|priority:0|startupRole:FOLLOWER, s2|rpc:0.0.0.0:43137|dataStream:|priority:0|startupRole:FOLLOWER, s0|rpc:localhost:39295|admin:localhost:44843|client:localhost:40991|dataStream:localhost:40677|priority:0|startupRole:FOLLOWER], listeners:[]
2023-08-18 03:36:28,320 [s0-server-thread1] INFO  server.RaftServer$Division (RaftServerImpl.java:setConfigurationAsync(1238)) - s0@group-E264CA5F8311: receive setConfiguration SetConfigurationRequest:client-255CF6B0DA3F->s0@group-E264CA5F8311, cid=386, seq=0, RW, null, SET_UNCONDITIONALLY, servers:[s1|rpc:0.0.0.0:34459|dataStream:|priority:0|startupRole:FOLLOWER, s2|rpc:0.0.0.0:43137|dataStream:|priority:0|startupRole:FOLLOWER, s0|rpc:localhost:39295|admin:localhost:44843|client:localhost:40991|dataStream:localhost:40677|priority:0|startupRole:FOLLOWER], listeners:[]
2023-08-18 03:36:28,391 [s0@group-E264CA5F8311-FollowerState] INFO  impl.FollowerState (FollowerState.java:run(143)) - s0@group-E264CA5F8311-FollowerState: change to CANDIDATE, lastRpcElapsedTime:190482268ns, electionTimeout:190ms
2023-08-18 03:36:28,391 [s0@group-E264CA5F8311-FollowerState] INFO  impl.RoleInfo (RoleInfo.java:shutdownFollowerState(109)) - s0: shutdown s0@group-E264CA5F8311-FollowerState
2023-08-18 03:36:28,392 [s0@group-E264CA5F8311-FollowerState] INFO  server.RaftServer$Division (RaftServerImpl.java:setRole(371)) - s0@group-E264CA5F8311: changes role from  FOLLOWER to CANDIDATE at term 1 for changeToCandidate
2023-08-18 03:36:28,392 [s0@group-E264CA5F8311-FollowerState] INFO  server.RaftServerConfigKeys (ConfUtils.java:logGet(46)) - raft.server.leaderelection.pre-vote = true (default)
2023-08-18 03:36:28,392 [s0@group-E264CA5F8311-FollowerState] INFO  impl.RoleInfo (RoleInfo.java:updateAndGet(138)) - s0: start s0@group-E264CA5F8311-LeaderElection77
2023-08-18 03:36:28,392 [s0@group-E264CA5F8311-LeaderElection77] INFO  impl.LeaderElection (LeaderElection.java:askForVotes(320)) - s0@group-E264CA5F8311-LeaderElection77 PRE_VOTE round 0: submit vote requests at term 1 for 255: peers:[s0|rpc:localhost:39295|admin:localhost:44843|client:localhost:40991|dataStream:localhost:40677|priority:0|startupRole:FOLLOWER, s1|rpc:0.0.0.0:34459|dataStream:|priority:0|startupRole:FOLLOWER, s2|rpc:0.0.0.0:43137|dataStream:|priority:0|startupRole:FOLLOWER]|listeners:[], old=peers:[s0|rpc:localhost:39295|admin:localhost:44843|client:localhost:40991|dataStream:localhost:40677|priority:0|startupRole:FOLLOWER]|listeners:[]
2023-08-18 03:36:28,393 [grpc-default-executor-4] INFO  server.RaftServer$Division (RaftServerImpl.java:requestVote(1344)) - s2@group-E264CA5F8311: receive requestVote(PRE_VOTE, s0, group-E264CA5F8311, 1, (t:1, i:255))
2023-08-18 03:36:28,393 [grpc-default-executor-3] INFO  server.RaftServer$Division (RaftServerImpl.java:requestVote(1344)) - s1@group-E264CA5F8311: receive requestVote(PRE_VOTE, s0, group-E264CA5F8311, 1, (t:1, i:255))
2023-08-18 03:36:28,393 [grpc-default-executor-4] WARN  server.GrpcServerProtocolService (LogUtils.java:warn(122)) - s2: Failed requestVote s0->s2#0: org.apache.ratis.protocol.exceptions.ServerNotReadyException: s2@group-E264CA5F8311 is not in [RUNNING]: current state is STARTING
2023-08-18 03:36:28,393 [grpc-default-executor-3] WARN  server.GrpcServerProtocolService (LogUtils.java:warn(122)) - s1: Failed requestVote s0->s1#0: org.apache.ratis.protocol.exceptions.ServerNotReadyException: s1@group-E264CA5F8311 is not in [RUNNING]: current state is STARTING
2023-08-18 03:36:28,394 [s0@group-E264CA5F8311-LeaderElection77] INFO  impl.LeaderElection (LogUtils.java:infoOrTrace(137)) - s0@group-E264CA5F8311-LeaderElection77 got exception when requesting votes: java.util.concurrent.ExecutionException: org.apache.ratis.thirdparty.io.grpc.StatusRuntimeException: INTERNAL: s1@group-E264CA5F8311 is not in [RUNNING]: current state is STARTING
2023-08-18 03:36:28,394 [s0@group-E264CA5F8311-LeaderElection77] INFO  impl.LeaderElection (LogUtils.java:infoOrTrace(137)) - s0@group-E264CA5F8311-LeaderElection77 got exception when requesting votes: java.util.concurrent.ExecutionException: org.apache.ratis.thirdparty.io.grpc.StatusRuntimeException: INTERNAL: s2@group-E264CA5F8311 is not in [RUNNING]: current state is STARTING
2023-08-18 03:36:28,394 [s0@group-E264CA5F8311-LeaderElection77] INFO  impl.LeaderElection (LeaderElection.java:logAndReturn(89)) - s0@group-E264CA5F8311-LeaderElection77: PRE_VOTE REJECTED received 0 response(s) and 2 exception(s):
2023-08-18 03:36:28,394 [s0@group-E264CA5F8311-LeaderElection77] INFO  impl.LeaderElection (LogUtils.java:infoOrTrace(137)) -   Exception 0: java.util.concurrent.ExecutionException: org.apache.ratis.thirdparty.io.grpc.StatusRuntimeException: INTERNAL: s1@group-E264CA5F8311 is not in [RUNNING]: current state is STARTING
2023-08-18 03:36:28,394 [s0@group-E264CA5F8311-LeaderElection77] INFO  impl.LeaderElection (LogUtils.java:infoOrTrace(137)) -   Exception 1: java.util.concurrent.ExecutionException: org.apache.ratis.thirdparty.io.grpc.StatusRuntimeException: INTERNAL: s2@group-E264CA5F8311 is not in [RUNNING]: current state is STARTING
2023-08-18 03:36:28,394 [s0@group-E264CA5F8311-LeaderElection77] INFO  impl.LeaderElection (LeaderElection.java:askForVotes(322)) - s0@group-E264CA5F8311-LeaderElection77 PRE_VOTE round 0: result REJECTED
2023-08-18 03:36:28,394 [s0@group-E264CA5F8311-LeaderElection77] INFO  server.RaftServer$Division (RaftServerImpl.java:setRole(371)) - s0@group-E264CA5F8311: changes role from CANDIDATE to FOLLOWER at term 1 for REJECTED
2023-08-18 03:36:28,394 [s0@group-E264CA5F8311-LeaderElection77] INFO  impl.RoleInfo (RoleInfo.java:shutdownLeaderElection(129)) - s0: shutdown s0@group-E264CA5F8311-LeaderElection77
2023-08-18 03:36:28,394 [s0@group-E264CA5F8311-LeaderElection77] INFO  impl.RoleInfo (RoleInfo.java:updateAndGet(138)) - s0: start s0@group-E264CA5F8311-FollowerState
2023-08-18 03:36:28,426 [s1-server-thread1] INFO  server.RaftServer$Division (RaftServerImpl.java:setConfigurationAsync(1238)) - s1@group-E264CA5F8311: receive setConfiguration SetConfigurationRequest:client-255CF6B0DA3F->s1@group-E264CA5F8311, cid=386, seq=0, RW, null, SET_UNCONDITIONALLY, servers:[s1|rpc:0.0.0.0:34459|dataStream:|priority:0|startupRole:FOLLOWER, s2|rpc:0.0.0.0:43137|dataStream:|priority:0|startupRole:FOLLOWER, s0|rpc:localhost:39295|admin:localhost:44843|client:localhost:40991|dataStream:localhost:40677|priority:0|startupRole:FOLLOWER], listeners:[]
2023-08-18 03:36:28,530 [s2-server-thread1] INFO  server.RaftServer$Division (RaftServerImpl.java:setConfigurationAsync(1238)) - s2@group-E264CA5F8311: receive setConfiguration SetConfigurationRequest:client-255CF6B0DA3F->s2@group-E264CA5F8311, cid=386, seq=0, RW, null, SET_UNCONDITIONALLY, servers:[s1|rpc:0.0.0.0:34459|dataStream:|priority:0|startupRole:FOLLOWER, s2|rpc:0.0.0.0:43137|dataStream:|priority:0|startupRole:FOLLOWER, s0|rpc:localhost:39295|admin:localhost:44843|client:localhost:40991|dataStream:localhost:40677|priority:0|startupRole:FOLLOWER], listeners:[]
2023-08-18 03:36:28,631 [s0@group-E264CA5F8311-FollowerState] INFO  impl.FollowerState (FollowerState.java:run(143)) - s0@group-E264CA5F8311-FollowerState: change to CANDIDATE, lastRpcElapsedTime:236362147ns, electionTimeout:236ms
2023-08-18 03:36:28,631 [s0@group-E264CA5F8311-FollowerState] INFO  impl.RoleInfo (RoleInfo.java:shutdownFollowerState(109)) - s0: shutdown s0@group-E264CA5F8311-FollowerState
2023-08-18 03:36:28,631 [s0@group-E264CA5F8311-FollowerState] INFO  server.RaftServer$Division (RaftServerImpl.java:setRole(371)) - s0@group-E264CA5F8311: changes role from  FOLLOWER to CANDIDATE at term 1 for changeToCandidate
2023-08-18 03:36:28,631 [s0@group-E264CA5F8311-FollowerState] INFO  server.RaftServerConfigKeys (ConfUtils.java:logGet(46)) - raft.server.leaderelection.pre-vote = true (default)
2023-08-18 03:36:28,631 [s0@group-E264CA5F8311-FollowerState] INFO  impl.RoleInfo (RoleInfo.java:updateAndGet(138)) - s0: start s0@group-E264CA5F8311-LeaderElection78
2023-08-18 03:36:28,631 [s0@group-E264CA5F8311-LeaderElection78] INFO  impl.LeaderElection (LeaderElection.java:askForVotes(320)) - s0@group-E264CA5F8311-LeaderElection78 PRE_VOTE round 0: submit vote requests at term 1 for 255: peers:[s0|rpc:localhost:39295|admin:localhost:44843|client:localhost:40991|dataStream:localhost:40677|priority:0|startupRole:FOLLOWER, s1|rpc:0.0.0.0:34459|dataStream:|priority:0|startupRole:FOLLOWER, s2|rpc:0.0.0.0:43137|dataStream:|priority:0|startupRole:FOLLOWER]|listeners:[], old=peers:[s0|rpc:localhost:39295|admin:localhost:44843|client:localhost:40991|dataStream:localhost:40677|priority:0|startupRole:FOLLOWER]|listeners:[]
2023-08-18 03:36:28,633 [grpc-default-executor-3] INFO  server.RaftServer$Division (RaftServerImpl.java:requestVote(1344)) - s1@group-E264CA5F8311: receive requestVote(PRE_VOTE, s0, group-E264CA5F8311, 1, (t:1, i:255))
2023-08-18 03:36:28,633 [grpc-default-executor-3] WARN  server.GrpcServerProtocolService (LogUtils.java:warn(122)) - s1: Failed requestVote s0->s1#0: org.apache.ratis.protocol.exceptions.ServerNotReadyException: s1@group-E264CA5F8311 is not in [RUNNING]: current state is STARTING
2023-08-18 03:36:28,633 [grpc-default-executor-3] INFO  server.RaftServer$Division (RaftServerImpl.java:requestVote(1344)) - s2@group-E264CA5F8311: receive requestVote(PRE_VOTE, s0, group-E264CA5F8311, 1, (t:1, i:255))
2023-08-18 03:36:28,633 [grpc-default-executor-3] WARN  server.GrpcServerProtocolService (LogUtils.java:warn(122)) - s2: Failed requestVote s0->s2#0: org.apache.ratis.protocol.exceptions.ServerNotReadyException: s2@group-E264CA5F8311 is not in [RUNNING]: current state is STARTING
2023-08-18 03:36:28,633 [s0@group-E264CA5F8311-LeaderElection78] INFO  impl.LeaderElection (LogUtils.java:infoOrTrace(137)) - s0@group-E264CA5F8311-LeaderElection78 got exception when requesting votes: java.util.concurrent.ExecutionException: org.apache.ratis.thirdparty.io.grpc.StatusRuntimeException: INTERNAL: s1@group-E264CA5F8311 is not in [RUNNING]: current state is STARTING
2023-08-18 03:36:28,634 [s0@group-E264CA5F8311-LeaderElection78] INFO  impl.LeaderElection (LogUtils.java:infoOrTrace(137)) - s0@group-E264CA5F8311-LeaderElection78 got exception when requesting votes: java.util.concurrent.ExecutionException: org.apache.ratis.thirdparty.io.grpc.StatusRuntimeException: INTERNAL: s2@group-E264CA5F8311 is not in [RUNNING]: current state is STARTING
2023-08-18 03:36:28,634 [s0@group-E264CA5F8311-LeaderElection78] INFO  impl.LeaderElection (LeaderElection.java:logAndReturn(89)) - s0@group-E264CA5F8311-LeaderElection78: PRE_VOTE REJECTED received 0 response(s) and 2 exception(s):
2023-08-18 03:36:28,634 [s0@group-E264CA5F8311-LeaderElection78] INFO  impl.LeaderElection (LogUtils.java:infoOrTrace(137)) -   Exception 0: java.util.concurrent.ExecutionException: org.apache.ratis.thirdparty.io.grpc.StatusRuntimeException: INTERNAL: s1@group-E264CA5F8311 is not in [RUNNING]: current state is STARTING
2023-08-18 03:36:28,634 [s0@group-E264CA5F8311-LeaderElection78] INFO  impl.LeaderElection (LogUtils.java:infoOrTrace(137)) -   Exception 1: java.util.concurrent.ExecutionException: org.apache.ratis.thirdparty.io.grpc.StatusRuntimeException: INTERNAL: s2@group-E264CA5F8311 is not in [RUNNING]: current state is STARTING
2023-08-18 03:36:28,634 [s0@group-E264CA5F8311-LeaderElection78] INFO  impl.LeaderElection (LeaderElection.java:askForVotes(322)) - s0@group-E264CA5F8311-LeaderElection78 PRE_VOTE round 0: result REJECTED
2023-08-18 03:36:28,634 [s0@group-E264CA5F8311-LeaderElection78] INFO  server.RaftServer$Division (RaftServerImpl.java:setRole(371)) - s0@group-E264CA5F8311: changes role from CANDIDATE to FOLLOWER at term 1 for REJECTED
2023-08-18 03:36:28,634 [s0@group-E264CA5F8311-LeaderElection78] INFO  impl.RoleInfo (RoleInfo.java:shutdownLeaderElection(129)) - s0: shutdown s0@group-E264CA5F8311-LeaderElection78
2023-08-18 03:36:28,634 [s0@group-E264CA5F8311-LeaderElection78] INFO  impl.RoleInfo (RoleInfo.java:updateAndGet(138)) - s0: start s0@group-E264CA5F8311-FollowerState
2023-08-18 03:36:28,644 [s0-server-thread1] INFO  server.RaftServer$Division (RaftServerImpl.java:setConfigurationAsync(1238)) - s0@group-E264CA5F8311: receive setConfiguration SetConfigurationRequest:client-255CF6B0DA3F->s0@group-E264CA5F8311, cid=386, seq=0, RW, null, SET_UNCONDITIONALLY, servers:[s1|rpc:0.0.0.0:34459|dataStream:|priority:0|startupRole:FOLLOWER, s2|rpc:0.0.0.0:43137|dataStream:|priority:0|startupRole:FOLLOWER, s0|rpc:localhost:39295|admin:localhost:44843|client:localhost:40991|dataStream:localhost:40677|priority:0|startupRole:FOLLOWER], listeners:[]
2023-08-18 03:36:28,751 [s1-server-thread1] INFO  server.RaftServer$Division (RaftServerImpl.java:setConfigurationAsync(1238)) - s1@group-E264CA5F8311: receive setConfiguration SetConfigurationRequest:client-255CF6B0DA3F->s1@group-E264CA5F8311, cid=386, seq=0, RW, null, SET_UNCONDITIONALLY, servers:[s1|rpc:0.0.0.0:34459|dataStream:|priority:0|startupRole:FOLLOWER, s2|rpc:0.0.0.0:43137|dataStream:|priority:0|startupRole:FOLLOWER, s0|rpc:localhost:39295|admin:localhost:44843|client:localhost:40991|dataStream:localhost:40677|priority:0|startupRole:FOLLOWER], listeners:[]
2023-08-18 03:36:28,813 [s0@group-E264CA5F8311-FollowerState] INFO  impl.FollowerState (FollowerState.java:run(143)) - s0@group-E264CA5F8311-FollowerState: change to CANDIDATE, lastRpcElapsedTime:179275246ns, electionTimeout:179ms
2023-08-18 03:36:28,813 [s0@group-E264CA5F8311-FollowerState] INFO  impl.RoleInfo (RoleInfo.java:shutdownFollowerState(109)) - s0: shutdown s0@group-E264CA5F8311-FollowerState
2023-08-18 03:36:28,813 [s0@group-E264CA5F8311-FollowerState] INFO  server.RaftServer$Division (RaftServerImpl.java:setRole(371)) - s0@group-E264CA5F8311: changes role from  FOLLOWER to CANDIDATE at term 1 for changeToCandidate
2023-08-18 03:36:28,813 [s0@group-E264CA5F8311-FollowerState] INFO  server.RaftServerConfigKeys (ConfUtils.java:logGet(46)) - raft.server.leaderelection.pre-vote = true (default)
2023-08-18 03:36:28,813 [s0@group-E264CA5F8311-FollowerState] INFO  impl.RoleInfo (RoleInfo.java:updateAndGet(138)) - s0: start s0@group-E264CA5F8311-LeaderElection79
2023-08-18 03:36:28,814 [s0@group-E264CA5F8311-LeaderElection79] INFO  impl.LeaderElection (LeaderElection.java:askForVotes(320)) - s0@group-E264CA5F8311-LeaderElection79 PRE_VOTE round 0: submit vote requests at term 1 for 255: peers:[s0|rpc:localhost:39295|admin:localhost:44843|client:localhost:40991|dataStream:localhost:40677|priority:0|startupRole:FOLLOWER, s1|rpc:0.0.0.0:34459|dataStream:|priority:0|startupRole:FOLLOWER, s2|rpc:0.0.0.0:43137|dataStream:|priority:0|startupRole:FOLLOWER]|listeners:[], old=peers:[s0|rpc:localhost:39295|admin:localhost:44843|client:localhost:40991|dataStream:localhost:40677|priority:0|startupRole:FOLLOWER]|listeners:[]
2023-08-18 03:36:28,815 [grpc-default-executor-4] INFO  server.RaftServer$Division (RaftServerImpl.java:requestVote(1344)) - s1@group-E264CA5F8311: receive requestVote(PRE_VOTE, s0, group-E264CA5F8311, 1, (t:1, i:255))
2023-08-18 03:36:28,815 [grpc-default-executor-4] WARN  server.GrpcServerProtocolService (LogUtils.java:warn(122)) - s1: Failed requestVote s0->s1#0: org.apache.ratis.protocol.exceptions.ServerNotReadyException: s1@group-E264CA5F8311 is not in [RUNNING]: current state is STARTING
2023-08-18 03:36:28,815 [grpc-default-executor-3] INFO  server.RaftServer$Division (RaftServerImpl.java:requestVote(1344)) - s2@group-E264CA5F8311: receive requestVote(PRE_VOTE, s0, group-E264CA5F8311, 1, (t:1, i:255))
2023-08-18 03:36:28,815 [grpc-default-executor-3] WARN  server.GrpcServerProtocolService (LogUtils.java:warn(122)) - s2: Failed requestVote s0->s2#0: org.apache.ratis.protocol.exceptions.ServerNotReadyException: s2@group-E264CA5F8311 is not in [RUNNING]: current state is STARTING
2023-08-18 03:36:28,817 [s0@group-E264CA5F8311-LeaderElection79] INFO  impl.LeaderElection (LogUtils.java:infoOrTrace(137)) - s0@group-E264CA5F8311-LeaderElection79 got exception when requesting votes: java.util.concurrent.ExecutionException: org.apache.ratis.thirdparty.io.grpc.StatusRuntimeException: INTERNAL: s1@group-E264CA5F8311 is not in [RUNNING]: current state is STARTING
2023-08-18 03:36:28,817 [s0@group-E264CA5F8311-LeaderElection79] INFO  impl.LeaderElection (LogUtils.java:infoOrTrace(137)) - s0@group-E264CA5F8311-LeaderElection79 got exception when requesting votes: java.util.concurrent.ExecutionException: org.apache.ratis.thirdparty.io.grpc.StatusRuntimeException: INTERNAL: s2@group-E264CA5F8311 is not in [RUNNING]: current state is STARTING
2023-08-18 03:36:28,818 [s0@group-E264CA5F8311-LeaderElection79] INFO  impl.LeaderElection (LeaderElection.java:logAndReturn(89)) - s0@group-E264CA5F8311-LeaderElection79: PRE_VOTE REJECTED received 0 response(s) and 2 exception(s):
2023-08-18 03:36:28,818 [s0@group-E264CA5F8311-LeaderElection79] INFO  impl.LeaderElection (LogUtils.java:infoOrTrace(137)) -   Exception 0: java.util.concurrent.ExecutionException: org.apache.ratis.thirdparty.io.grpc.StatusRuntimeException: INTERNAL: s1@group-E264CA5F8311 is not in [RUNNING]: current state is STARTING
2023-08-18 03:36:28,818 [s0@group-E264CA5F8311-LeaderElection79] INFO  impl.LeaderElection (LogUtils.java:infoOrTrace(137)) -   Exception 1: java.util.concurrent.ExecutionException: org.apache.ratis.thirdparty.io.grpc.StatusRuntimeException: INTERNAL: s2@group-E264CA5F8311 is not in [RUNNING]: current state is STARTING
2023-08-18 03:36:28,818 [s0@group-E264CA5F8311-LeaderElection79] INFO  impl.LeaderElection (LeaderElection.java:askForVotes(322)) - s0@group-E264CA5F8311-LeaderElection79 PRE_VOTE round 0: result REJECTED
2023-08-18 03:36:28,818 [s0@group-E264CA5F8311-LeaderElection79] INFO  server.RaftServer$Division (RaftServerImpl.java:setRole(371)) - s0@group-E264CA5F8311: changes role from CANDIDATE to FOLLOWER at term 1 for REJECTED
2023-08-18 03:36:28,818 [s0@group-E264CA5F8311-LeaderElection79] INFO  impl.RoleInfo (RoleInfo.java:shutdownLeaderElection(129)) - s0: shutdown s0@group-E264CA5F8311-LeaderElection79
2023-08-18 03:36:28,818 [s0@group-E264CA5F8311-LeaderElection79] INFO  impl.RoleInfo (RoleInfo.java:updateAndGet(138)) - s0: start s0@group-E264CA5F8311-FollowerState
2023-08-18 03:36:28,857 [s2-server-thread1] INFO  server.RaftServer$Division (RaftServerImpl.java:setConfigurationAsync(1238)) - s2@group-E264CA5F8311: receive setConfiguration SetConfigurationRequest:client-255CF6B0DA3F->s2@group-E264CA5F8311, cid=386, seq=0, RW, null, SET_UNCONDITIONALLY, servers:[s1|rpc:0.0.0.0:34459|dataStream:|priority:0|startupRole:FOLLOWER, s2|rpc:0.0.0.0:43137|dataStream:|priority:0|startupRole:FOLLOWER, s0|rpc:localhost:39295|admin:localhost:44843|client:localhost:40991|dataStream:localhost:40677|priority:0|startupRole:FOLLOWER], listeners:[]
2023-08-18 03:36:28,962 [s1-server-thread1] INFO  server.RaftServer$Division (RaftServerImpl.java:setConfigurationAsync(1238)) - s1@group-E264CA5F8311: receive setConfiguration SetConfigurationRequest:client-255CF6B0DA3F->s1@group-E264CA5F8311, cid=386, seq=0, RW, null, SET_UNCONDITIONALLY, servers:[s1|rpc:0.0.0.0:34459|dataStream:|priority:0|startupRole:FOLLOWER, s2|rpc:0.0.0.0:43137|dataStream:|priority:0|startupRole:FOLLOWER, s0|rpc:localhost:39295|admin:localhost:44843|client:localhost:40991|dataStream:localhost:40677|priority:0|startupRole:FOLLOWER], listeners:[]
2023-08-18 03:36:29,009 [s0@group-E264CA5F8311-FollowerState] INFO  impl.FollowerState (FollowerState.java:run(143)) - s0@group-E264CA5F8311-FollowerState: change to CANDIDATE, lastRpcElapsedTime:191491761ns, electionTimeout:191ms
2023-08-18 03:36:29,009 [s0@group-E264CA5F8311-FollowerState] INFO  impl.RoleInfo (RoleInfo.java:shutdownFollowerState(109)) - s0: shutdown s0@group-E264CA5F8311-FollowerState
2023-08-18 03:36:29,009 [s0@group-E264CA5F8311-FollowerState] INFO  server.RaftServer$Division (RaftServerImpl.java:setRole(371)) - s0@group-E264CA5F8311: changes role from  FOLLOWER to CANDIDATE at term 1 for changeToCandidate
2023-08-18 03:36:29,009 [s0@group-E264CA5F8311-FollowerState] INFO  server.RaftServerConfigKeys (ConfUtils.java:logGet(46)) - raft.server.leaderelection.pre-vote = true (default)
2023-08-18 03:36:29,009 [s0@group-E264CA5F8311-FollowerState] INFO  impl.RoleInfo (RoleInfo.java:updateAndGet(138)) - s0: start s0@group-E264CA5F8311-LeaderElection80
2023-08-18 03:36:29,010 [s0@group-E264CA5F8311-LeaderElection80] INFO  impl.LeaderElection (LeaderElection.java:askForVotes(320)) - s0@group-E264CA5F8311-LeaderElection80 PRE_VOTE round 0: submit vote requests at term 1 for 255: peers:[s0|rpc:localhost:39295|admin:localhost:44843|client:localhost:40991|dataStream:localhost:40677|priority:0|startupRole:FOLLOWER, s1|rpc:0.0.0.0:34459|dataStream:|priority:0|startupRole:FOLLOWER, s2|rpc:0.0.0.0:43137|dataStream:|priority:0|startupRole:FOLLOWER]|listeners:[], old=peers:[s0|rpc:localhost:39295|admin:localhost:44843|client:localhost:40991|dataStream:localhost:40677|priority:0|startupRole:FOLLOWER]|listeners:[]
2023-08-18 03:36:29,011 [grpc-default-executor-3] INFO  server.RaftServer$Division (RaftServerImpl.java:requestVote(1344)) - s1@group-E264CA5F8311: receive requestVote(PRE_VOTE, s0, group-E264CA5F8311, 1, (t:1, i:255))
2023-08-18 03:36:29,011 [grpc-default-executor-4] INFO  server.RaftServer$Division (RaftServerImpl.java:requestVote(1344)) - s2@group-E264CA5F8311: receive requestVote(PRE_VOTE, s0, group-E264CA5F8311, 1, (t:1, i:255))
2023-08-18 03:36:29,011 [grpc-default-executor-3] WARN  server.GrpcServerProtocolService (LogUtils.java:warn(122)) - s1: Failed requestVote s0->s1#0: org.apache.ratis.protocol.exceptions.ServerNotReadyException: s1@group-E264CA5F8311 is not in [RUNNING]: current state is STARTING
2023-08-18 03:36:29,011 [grpc-default-executor-4] WARN  server.GrpcServerProtocolService (LogUtils.java:warn(122)) - s2: Failed requestVote s0->s2#0: org.apache.ratis.protocol.exceptions.ServerNotReadyException: s2@group-E264CA5F8311 is not in [RUNNING]: current state is STARTING
2023-08-18 03:36:29,012 [s0@group-E264CA5F8311-LeaderElection80] INFO  impl.LeaderElection (LogUtils.java:infoOrTrace(137)) - s0@group-E264CA5F8311-LeaderElection80 got exception when requesting votes: java.util.concurrent.ExecutionException: org.apache.ratis.thirdparty.io.grpc.StatusRuntimeException: INTERNAL: s2@group-E264CA5F8311 is not in [RUNNING]: current state is STARTING
2023-08-18 03:36:29,012 [s0@group-E264CA5F8311-LeaderElection80] INFO  impl.LeaderElection (LogUtils.java:infoOrTrace(137)) - s0@group-E264CA5F8311-LeaderElection80 got exception when requesting votes: java.util.concurrent.ExecutionException: org.apache.ratis.thirdparty.io.grpc.StatusRuntimeException: INTERNAL: s1@group-E264CA5F8311 is not in [RUNNING]: current state is STARTING
2023-08-18 03:36:29,012 [s0@group-E264CA5F8311-LeaderElection80] INFO  impl.LeaderElection (LeaderElection.java:logAndReturn(89)) - s0@group-E264CA5F8311-LeaderElection80: PRE_VOTE REJECTED received 0 response(s) and 2 exception(s):
2023-08-18 03:36:29,012 [s0@group-E264CA5F8311-LeaderElection80] INFO  impl.LeaderElection (LogUtils.java:infoOrTrace(137)) -   Exception 0: java.util.concurrent.ExecutionException: org.apache.ratis.thirdparty.io.grpc.StatusRuntimeException: INTERNAL: s2@group-E264CA5F8311 is not in [RUNNING]: current state is STARTING
2023-08-18 03:36:29,012 [s0@group-E264CA5F8311-LeaderElection80] INFO  impl.LeaderElection (LogUtils.java:infoOrTrace(137)) -   Exception 1: java.util.concurrent.ExecutionException: org.apache.ratis.thirdparty.io.grpc.StatusRuntimeException: INTERNAL: s1@group-E264CA5F8311 is not in [RUNNING]: current state is STARTING
2023-08-18 03:36:29,012 [s0@group-E264CA5F8311-LeaderElection80] INFO  impl.LeaderElection (LeaderElection.java:askForVotes(322)) - s0@group-E264CA5F8311-LeaderElection80 PRE_VOTE round 0: result REJECTED
2023-08-18 03:36:29,012 [s0@group-E264CA5F8311-LeaderElection80] INFO  server.RaftServer$Division (RaftServerImpl.java:setRole(371)) - s0@group-E264CA5F8311: changes role from CANDIDATE to FOLLOWER at term 1 for REJECTED
2023-08-18 03:36:29,012 [s0@group-E264CA5F8311-LeaderElection80] INFO  impl.RoleInfo (RoleInfo.java:shutdownLeaderElection(129)) - s0: shutdown s0@group-E264CA5F8311-LeaderElection80
2023-08-18 03:36:29,012 [s0@group-E264CA5F8311-LeaderElection80] INFO  impl.RoleInfo (RoleInfo.java:updateAndGet(138)) - s0: start s0@group-E264CA5F8311-FollowerState
2023-08-18 03:36:29,067 [s2-server-thread1] INFO  server.RaftServer$Division (RaftServerImpl.java:setConfigurationAsync(1238)) - s2@group-E264CA5F8311: receive setConfiguration SetConfigurationRequest:client-255CF6B0DA3F->s2@group-E264CA5F8311, cid=386, seq=0, RW, null, SET_UNCONDITIONALLY, servers:[s1|rpc:0.0.0.0:34459|dataStream:|priority:0|startupRole:FOLLOWER, s2|rpc:0.0.0.0:43137|dataStream:|priority:0|startupRole:FOLLOWER, s0|rpc:localhost:39295|admin:localhost:44843|client:localhost:40991|dataStream:localhost:40677|priority:0|startupRole:FOLLOWER], listeners:[]
2023-08-18 03:36:29,171 [s1-server-thread1] INFO  server.RaftServer$Division (RaftServerImpl.java:setConfigurationAsync(1238)) - s1@group-E264CA5F8311: receive setConfiguration SetConfigurationRequest:client-255CF6B0DA3F->s1@group-E264CA5F8311, cid=386, seq=0, RW, null, SET_UNCONDITIONALLY, servers:[s1|rpc:0.0.0.0:34459|dataStream:|priority:0|startupRole:FOLLOWER, s2|rpc:0.0.0.0:43137|dataStream:|priority:0|startupRole:FOLLOWER, s0|rpc:localhost:39295|admin:localhost:44843|client:localhost:40991|dataStream:localhost:40677|priority:0|startupRole:FOLLOWER], listeners:[]
2023-08-18 03:36:29,254 [s0@group-E264CA5F8311-FollowerState] INFO  impl.FollowerState (FollowerState.java:run(143)) - s0@group-E264CA5F8311-FollowerState: change to CANDIDATE, lastRpcElapsedTime:242262206ns, electionTimeout:242ms
2023-08-18 03:36:29,254 [s0@group-E264CA5F8311-FollowerState] INFO  impl.RoleInfo (RoleInfo.java:shutdownFollowerState(109)) - s0: shutdown s0@group-E264CA5F8311-FollowerState
2023-08-18 03:36:29,254 [s0@group-E264CA5F8311-FollowerState] INFO  server.RaftServer$Division (RaftServerImpl.java:setRole(371)) - s0@group-E264CA5F8311: changes role from  FOLLOWER to CANDIDATE at term 1 for changeToCandidate
2023-08-18 03:36:29,254 [s0@group-E264CA5F8311-FollowerState] INFO  server.RaftServerConfigKeys (ConfUtils.java:logGet(46)) - raft.server.leaderelection.pre-vote = true (default)
2023-08-18 03:36:29,254 [s0@group-E264CA5F8311-FollowerState] INFO  impl.RoleInfo (RoleInfo.java:updateAndGet(138)) - s0: start s0@group-E264CA5F8311-LeaderElection81
2023-08-18 03:36:29,255 [s0@group-E264CA5F8311-LeaderElection81] INFO  impl.LeaderElection (LeaderElection.java:askForVotes(320)) - s0@group-E264CA5F8311-LeaderElection81 PRE_VOTE round 0: submit vote requests at term 1 for 255: peers:[s0|rpc:localhost:39295|admin:localhost:44843|client:localhost:40991|dataStream:localhost:40677|priority:0|startupRole:FOLLOWER, s1|rpc:0.0.0.0:34459|dataStream:|priority:0|startupRole:FOLLOWER, s2|rpc:0.0.0.0:43137|dataStream:|priority:0|startupRole:FOLLOWER]|listeners:[], old=peers:[s0|rpc:localhost:39295|admin:localhost:44843|client:localhost:40991|dataStream:localhost:40677|priority:0|startupRole:FOLLOWER]|listeners:[]
2023-08-18 03:36:29,256 [grpc-default-executor-4] INFO  server.RaftServer$Division (RaftServerImpl.java:requestVote(1344)) - s2@group-E264CA5F8311: receive requestVote(PRE_VOTE, s0, group-E264CA5F8311, 1, (t:1, i:255))
2023-08-18 03:36:29,256 [grpc-default-executor-3] INFO  server.RaftServer$Division (RaftServerImpl.java:requestVote(1344)) - s1@group-E264CA5F8311: receive requestVote(PRE_VOTE, s0, group-E264CA5F8311, 1, (t:1, i:255))
2023-08-18 03:36:29,256 [grpc-default-executor-4] WARN  server.GrpcServerProtocolService (LogUtils.java:warn(122)) - s2: Failed requestVote s0->s2#0: org.apache.ratis.protocol.exceptions.ServerNotReadyException: s2@group-E264CA5F8311 is not in [RUNNING]: current state is STARTING
2023-08-18 03:36:29,256 [grpc-default-executor-3] WARN  server.GrpcServerProtocolService (LogUtils.java:warn(122)) - s1: Failed requestVote s0->s1#0: org.apache.ratis.protocol.exceptions.ServerNotReadyException: s1@group-E264CA5F8311 is not in [RUNNING]: current state is STARTING
2023-08-18 03:36:29,257 [s0@group-E264CA5F8311-LeaderElection81] INFO  impl.LeaderElection (LogUtils.java:infoOrTrace(137)) - s0@group-E264CA5F8311-LeaderElection81 got exception when requesting votes: java.util.concurrent.ExecutionException: org.apache.ratis.thirdparty.io.grpc.StatusRuntimeException: INTERNAL: s1@group-E264CA5F8311 is not in [RUNNING]: current state is STARTING
2023-08-18 03:36:29,257 [s0@group-E264CA5F8311-LeaderElection81] INFO  impl.LeaderElection (LogUtils.java:infoOrTrace(137)) - s0@group-E264CA5F8311-LeaderElection81 got exception when requesting votes: java.util.concurrent.ExecutionException: org.apache.ratis.thirdparty.io.grpc.StatusRuntimeException: INTERNAL: s2@group-E264CA5F8311 is not in [RUNNING]: current state is STARTING
2023-08-18 03:36:29,257 [s0@group-E264CA5F8311-LeaderElection81] INFO  impl.LeaderElection (LeaderElection.java:logAndReturn(89)) - s0@group-E264CA5F8311-LeaderElection81: PRE_VOTE REJECTED received 0 response(s) and 2 exception(s):
2023-08-18 03:36:29,257 [s0@group-E264CA5F8311-LeaderElection81] INFO  impl.LeaderElection (LogUtils.java:infoOrTrace(137)) -   Exception 0: java.util.concurrent.ExecutionException: org.apache.ratis.thirdparty.io.grpc.StatusRuntimeException: INTERNAL: s1@group-E264CA5F8311 is not in [RUNNING]: current state is STARTING
2023-08-18 03:36:29,257 [s0@group-E264CA5F8311-LeaderElection81] INFO  impl.LeaderElection (LogUtils.java:infoOrTrace(137)) -   Exception 1: java.util.concurrent.ExecutionException: org.apache.ratis.thirdparty.io.grpc.StatusRuntimeException: INTERNAL: s2@group-E264CA5F8311 is not in [RUNNING]: current state is STARTING
2023-08-18 03:36:29,257 [s0@group-E264CA5F8311-LeaderElection81] INFO  impl.LeaderElection (LeaderElection.java:askForVotes(322)) - s0@group-E264CA5F8311-LeaderElection81 PRE_VOTE round 0: result REJECTED
2023-08-18 03:36:29,257 [s0@group-E264CA5F8311-LeaderElection81] INFO  server.RaftServer$Division (RaftServerImpl.java:setRole(371)) - s0@group-E264CA5F8311: changes role from CANDIDATE to FOLLOWER at term 1 for REJECTED
2023-08-18 03:36:29,257 [s0@group-E264CA5F8311-LeaderElection81] INFO  impl.RoleInfo (RoleInfo.java:shutdownLeaderElection(129)) - s0: shutdown s0@group-E264CA5F8311-LeaderElection81
2023-08-18 03:36:29,257 [s0@group-E264CA5F8311-LeaderElection81] INFO  impl.RoleInfo (RoleInfo.java:updateAndGet(138)) - s0: start s0@group-E264CA5F8311-FollowerState
2023-08-18 03:36:29,275 [s2-server-thread1] INFO  server.RaftServer$Division (RaftServerImpl.java:setConfigurationAsync(1238)) - s2@group-E264CA5F8311: receive setConfiguration SetConfigurationRequest:client-255CF6B0DA3F->s2@group-E264CA5F8311, cid=386, seq=0, RW, null, SET_UNCONDITIONALLY, servers:[s1|rpc:0.0.0.0:34459|dataStream:|priority:0|startupRole:FOLLOWER, s2|rpc:0.0.0.0:43137|dataStream:|priority:0|startupRole:FOLLOWER, s0|rpc:localhost:39295|admin:localhost:44843|client:localhost:40991|dataStream:localhost:40677|priority:0|startupRole:FOLLOWER], listeners:[]
2023-08-18 03:36:29,379 [s1-server-thread1] INFO  server.RaftServer$Division (RaftServerImpl.java:setConfigurationAsync(1238)) - s1@group-E264CA5F8311: receive setConfiguration SetConfigurationRequest:client-255CF6B0DA3F->s1@group-E264CA5F8311, cid=386, seq=0, RW, null, SET_UNCONDITIONALLY, servers:[s1|rpc:0.0.0.0:34459|dataStream:|priority:0|startupRole:FOLLOWER, s2|rpc:0.0.0.0:43137|dataStream:|priority:0|startupRole:FOLLOWER, s0|rpc:localhost:39295|admin:localhost:44843|client:localhost:40991|dataStream:localhost:40677|priority:0|startupRole:FOLLOWER], listeners:[]
2023-08-18 03:36:29,485 [s0-server-thread1] INFO  server.RaftServer$Division (RaftServerImpl.java:setConfigurationAsync(1238)) - s0@group-E264CA5F8311: receive setConfiguration SetConfigurationRequest:client-255CF6B0DA3F->s0@group-E264CA5F8311, cid=386, seq=0, RW, null, SET_UNCONDITIONALLY, servers:[s1|rpc:0.0.0.0:34459|dataStream:|priority:0|startupRole:FOLLOWER, s2|rpc:0.0.0.0:43137|dataStream:|priority:0|startupRole:FOLLOWER, s0|rpc:localhost:39295|admin:localhost:44843|client:localhost:40991|dataStream:localhost:40677|priority:0|startupRole:FOLLOWER], listeners:[]
2023-08-18 03:36:29,496 [s0@group-E264CA5F8311-FollowerState] INFO  impl.FollowerState (FollowerState.java:run(143)) - s0@group-E264CA5F8311-FollowerState: change to CANDIDATE, lastRpcElapsedTime:239245727ns, electionTimeout:239ms
2023-08-18 03:36:29,496 [s0@group-E264CA5F8311-FollowerState] INFO  impl.RoleInfo (RoleInfo.java:shutdownFollowerState(109)) - s0: shutdown s0@group-E264CA5F8311-FollowerState
2023-08-18 03:36:29,496 [s0@group-E264CA5F8311-FollowerState] INFO  server.RaftServer$Division (RaftServerImpl.java:setRole(371)) - s0@group-E264CA5F8311: changes role from  FOLLOWER to CANDIDATE at term 1 for changeToCandidate
2023-08-18 03:36:29,496 [s0@group-E264CA5F8311-FollowerState] INFO  server.RaftServerConfigKeys (ConfUtils.java:logGet(46)) - raft.server.leaderelection.pre-vote = true (default)
2023-08-18 03:36:29,496 [s0@group-E264CA5F8311-FollowerState] INFO  impl.RoleInfo (RoleInfo.java:updateAndGet(138)) - s0: start s0@group-E264CA5F8311-LeaderElection82
2023-08-18 03:36:29,497 [s0@group-E264CA5F8311-LeaderElection82] INFO  impl.LeaderElection (LeaderElection.java:askForVotes(320)) - s0@group-E264CA5F8311-LeaderElection82 PRE_VOTE round 0: submit vote requests at term 1 for 255: peers:[s0|rpc:localhost:39295|admin:localhost:44843|client:localhost:40991|dataStream:localhost:40677|priority:0|startupRole:FOLLOWER, s1|rpc:0.0.0.0:34459|dataStream:|priority:0|startupRole:FOLLOWER, s2|rpc:0.0.0.0:43137|dataStream:|priority:0|startupRole:FOLLOWER]|listeners:[], old=peers:[s0|rpc:localhost:39295|admin:localhost:44843|client:localhost:40991|dataStream:localhost:40677|priority:0|startupRole:FOLLOWER]|listeners:[]
2023-08-18 03:36:29,498 [grpc-default-executor-3] INFO  server.RaftServer$Division (RaftServerImpl.java:requestVote(1344)) - s1@group-E264CA5F8311: receive requestVote(PRE_VOTE, s0, group-E264CA5F8311, 1, (t:1, i:255))
2023-08-18 03:36:29,498 [grpc-default-executor-3] WARN  server.GrpcServerProtocolService (LogUtils.java:warn(122)) - s1: Failed requestVote s0->s1#0: org.apache.ratis.protocol.exceptions.ServerNotReadyException: s1@group-E264CA5F8311 is not in [RUNNING]: current state is STARTING
2023-08-18 03:36:29,498 [grpc-default-executor-4] INFO  server.RaftServer$Division (RaftServerImpl.java:requestVote(1344)) - s2@group-E264CA5F8311: receive requestVote(PRE_VOTE, s0, group-E264CA5F8311, 1, (t:1, i:255))
2023-08-18 03:36:29,498 [grpc-default-executor-4] WARN  server.GrpcServerProtocolService (LogUtils.java:warn(122)) - s2: Failed requestVote s0->s2#0: org.apache.ratis.protocol.exceptions.ServerNotReadyException: s2@group-E264CA5F8311 is not in [RUNNING]: current state is STARTING
2023-08-18 03:36:29,499 [s0@group-E264CA5F8311-LeaderElection82] INFO  impl.LeaderElection (LogUtils.java:infoOrTrace(137)) - s0@group-E264CA5F8311-LeaderElection82 got exception when requesting votes: java.util.concurrent.ExecutionException: org.apache.ratis.thirdparty.io.grpc.StatusRuntimeException: INTERNAL: s1@group-E264CA5F8311 is not in [RUNNING]: current state is STARTING
2023-08-18 03:36:29,499 [s0@group-E264CA5F8311-LeaderElection82] INFO  impl.LeaderElection (LogUtils.java:infoOrTrace(137)) - s0@group-E264CA5F8311-LeaderElection82 got exception when requesting votes: java.util.concurrent.ExecutionException: org.apache.ratis.thirdparty.io.grpc.StatusRuntimeException: INTERNAL: s2@group-E264CA5F8311 is not in [RUNNING]: current state is STARTING
2023-08-18 03:36:29,499 [s0@group-E264CA5F8311-LeaderElection82] INFO  impl.LeaderElection (LeaderElection.java:logAndReturn(89)) - s0@group-E264CA5F8311-LeaderElection82: PRE_VOTE REJECTED received 0 response(s) and 2 exception(s):
2023-08-18 03:36:29,499 [s0@group-E264CA5F8311-LeaderElection82] INFO  impl.LeaderElection (LogUtils.java:infoOrTrace(137)) -   Exception 0: java.util.concurrent.ExecutionException: org.apache.ratis.thirdparty.io.grpc.StatusRuntimeException: INTERNAL: s1@group-E264CA5F8311 is not in [RUNNING]: current state is STARTING
2023-08-18 03:36:29,499 [s0@group-E264CA5F8311-LeaderElection82] INFO  impl.LeaderElection (LogUtils.java:infoOrTrace(137)) -   Exception 1: java.util.concurrent.ExecutionException: org.apache.ratis.thirdparty.io.grpc.StatusRuntimeException: INTERNAL: s2@group-E264CA5F8311 is not in [RUNNING]: current state is STARTING
2023-08-18 03:36:29,499 [s0@group-E264CA5F8311-LeaderElection82] INFO  impl.LeaderElection (LeaderElection.java:askForVotes(322)) - s0@group-E264CA5F8311-LeaderElection82 PRE_VOTE round 0: result REJECTED
2023-08-18 03:36:29,499 [s0@group-E264CA5F8311-LeaderElection82] INFO  server.RaftServer$Division (RaftServerImpl.java:setRole(371)) - s0@group-E264CA5F8311: changes role from CANDIDATE to FOLLOWER at term 1 for REJECTED
2023-08-18 03:36:29,499 [s0@group-E264CA5F8311-LeaderElection82] INFO  impl.RoleInfo (RoleInfo.java:shutdownLeaderElection(129)) - s0: shutdown s0@group-E264CA5F8311-LeaderElection82
2023-08-18 03:36:29,499 [s0@group-E264CA5F8311-LeaderElection82] INFO  impl.RoleInfo (RoleInfo.java:updateAndGet(138)) - s0: start s0@group-E264CA5F8311-FollowerState
2023-08-18 03:36:29,589 [s1-server-thread1] INFO  server.RaftServer$Division (RaftServerImpl.java:setConfigurationAsync(1238)) - s1@group-E264CA5F8311: receive setConfiguration SetConfigurationRequest:client-255CF6B0DA3F->s1@group-E264CA5F8311, cid=386, seq=0, RW, null, SET_UNCONDITIONALLY, servers:[s1|rpc:0.0.0.0:34459|dataStream:|priority:0|startupRole:FOLLOWER, s2|rpc:0.0.0.0:43137|dataStream:|priority:0|startupRole:FOLLOWER, s0|rpc:localhost:39295|admin:localhost:44843|client:localhost:40991|dataStream:localhost:40677|priority:0|startupRole:FOLLOWER], listeners:[]
2023-08-18 03:36:29,695 [s0-server-thread1] INFO  server.RaftServer$Division (RaftServerImpl.java:setConfigurationAsync(1238)) - s0@group-E264CA5F8311: receive setConfiguration SetConfigurationRequest:client-255CF6B0DA3F->s0@group-E264CA5F8311, cid=386, seq=0, RW, null, SET_UNCONDITIONALLY, servers:[s1|rpc:0.0.0.0:34459|dataStream:|priority:0|startupRole:FOLLOWER, s2|rpc:0.0.0.0:43137|dataStream:|priority:0|startupRole:FOLLOWER, s0|rpc:localhost:39295|admin:localhost:44843|client:localhost:40991|dataStream:localhost:40677|priority:0|startupRole:FOLLOWER], listeners:[]
2023-08-18 03:36:29,770 [s0@group-E264CA5F8311-FollowerState] INFO  impl.FollowerState (FollowerState.java:run(143)) - s0@group-E264CA5F8311-FollowerState: change to CANDIDATE, lastRpcElapsedTime:270419608ns, electionTimeout:270ms
2023-08-18 03:36:29,770 [s0@group-E264CA5F8311-FollowerState] INFO  impl.RoleInfo (RoleInfo.java:shutdownFollowerState(109)) - s0: shutdown s0@group-E264CA5F8311-FollowerState
2023-08-18 03:36:29,770 [s0@group-E264CA5F8311-FollowerState] INFO  server.RaftServer$Division (RaftServerImpl.java:setRole(371)) - s0@group-E264CA5F8311: changes role from  FOLLOWER to CANDIDATE at term 1 for changeToCandidate
2023-08-18 03:36:29,770 [s0@group-E264CA5F8311-FollowerState] INFO  server.RaftServerConfigKeys (ConfUtils.java:logGet(46)) - raft.server.leaderelection.pre-vote = true (default)
2023-08-18 03:36:29,770 [s0@group-E264CA5F8311-FollowerState] INFO  impl.RoleInfo (RoleInfo.java:updateAndGet(138)) - s0: start s0@group-E264CA5F8311-LeaderElection83
2023-08-18 03:36:29,770 [s0@group-E264CA5F8311-LeaderElection83] INFO  impl.LeaderElection (LeaderElection.java:askForVotes(320)) - s0@group-E264CA5F8311-LeaderElection83 PRE_VOTE round 0: submit vote requests at term 1 for 255: peers:[s0|rpc:localhost:39295|admin:localhost:44843|client:localhost:40991|dataStream:localhost:40677|priority:0|startupRole:FOLLOWER, s1|rpc:0.0.0.0:34459|dataStream:|priority:0|startupRole:FOLLOWER, s2|rpc:0.0.0.0:43137|dataStream:|priority:0|startupRole:FOLLOWER]|listeners:[], old=peers:[s0|rpc:localhost:39295|admin:localhost:44843|client:localhost:40991|dataStream:localhost:40677|priority:0|startupRole:FOLLOWER]|listeners:[]
2023-08-18 03:36:29,771 [grpc-default-executor-4] INFO  server.RaftServer$Division (RaftServerImpl.java:requestVote(1344)) - s2@group-E264CA5F8311: receive requestVote(PRE_VOTE, s0, group-E264CA5F8311, 1, (t:1, i:255))
2023-08-18 03:36:29,771 [grpc-default-executor-4] WARN  server.GrpcServerProtocolService (LogUtils.java:warn(122)) - s2: Failed requestVote s0->s2#0: org.apache.ratis.protocol.exceptions.ServerNotReadyException: s2@group-E264CA5F8311 is not in [RUNNING]: current state is STARTING
2023-08-18 03:36:29,771 [grpc-default-executor-3] INFO  server.RaftServer$Division (RaftServerImpl.java:requestVote(1344)) - s1@group-E264CA5F8311: receive requestVote(PRE_VOTE, s0, group-E264CA5F8311, 1, (t:1, i:255))
2023-08-18 03:36:29,771 [grpc-default-executor-3] WARN  server.GrpcServerProtocolService (LogUtils.java:warn(122)) - s1: Failed requestVote s0->s1#0: org.apache.ratis.protocol.exceptions.ServerNotReadyException: s1@group-E264CA5F8311 is not in [RUNNING]: current state is STARTING
2023-08-18 03:36:29,772 [s0@group-E264CA5F8311-LeaderElection83] INFO  impl.LeaderElection (LogUtils.java:infoOrTrace(137)) - s0@group-E264CA5F8311-LeaderElection83 got exception when requesting votes: java.util.concurrent.ExecutionException: org.apache.ratis.thirdparty.io.grpc.StatusRuntimeException: INTERNAL: s2@group-E264CA5F8311 is not in [RUNNING]: current state is STARTING
2023-08-18 03:36:29,772 [s0@group-E264CA5F8311-LeaderElection83] INFO  impl.LeaderElection (LogUtils.java:infoOrTrace(137)) - s0@group-E264CA5F8311-LeaderElection83 got exception when requesting votes: java.util.concurrent.ExecutionException: org.apache.ratis.thirdparty.io.grpc.StatusRuntimeException: INTERNAL: s1@group-E264CA5F8311 is not in [RUNNING]: current state is STARTING
2023-08-18 03:36:29,772 [s0@group-E264CA5F8311-LeaderElection83] INFO  impl.LeaderElection (LeaderElection.java:logAndReturn(89)) - s0@group-E264CA5F8311-LeaderElection83: PRE_VOTE REJECTED received 0 response(s) and 2 exception(s):
2023-08-18 03:36:29,772 [s0@group-E264CA5F8311-LeaderElection83] INFO  impl.LeaderElection (LogUtils.java:infoOrTrace(137)) -   Exception 0: java.util.concurrent.ExecutionException: org.apache.ratis.thirdparty.io.grpc.StatusRuntimeException: INTERNAL: s2@group-E264CA5F8311 is not in [RUNNING]: current state is STARTING
2023-08-18 03:36:29,772 [s0@group-E264CA5F8311-LeaderElection83] INFO  impl.LeaderElection (LogUtils.java:infoOrTrace(137)) -   Exception 1: java.util.concurrent.ExecutionException: org.apache.ratis.thirdparty.io.grpc.StatusRuntimeException: INTERNAL: s1@group-E264CA5F8311 is not in [RUNNING]: current state is STARTING
2023-08-18 03:36:29,772 [s0@group-E264CA5F8311-LeaderElection83] INFO  impl.LeaderElection (LeaderElection.java:askForVotes(322)) - s0@group-E264CA5F8311-LeaderElection83 PRE_VOTE round 0: result REJECTED
2023-08-18 03:36:29,772 [s0@group-E264CA5F8311-LeaderElection83] INFO  server.RaftServer$Division (RaftServerImpl.java:setRole(371)) - s0@group-E264CA5F8311: changes role from CANDIDATE to FOLLOWER at term 1 for REJECTED
2023-08-18 03:36:29,772 [s0@group-E264CA5F8311-LeaderElection83] INFO  impl.RoleInfo (RoleInfo.java:shutdownLeaderElection(129)) - s0: shutdown s0@group-E264CA5F8311-LeaderElection83
2023-08-18 03:36:29,772 [s0@group-E264CA5F8311-LeaderElection83] INFO  impl.RoleInfo (RoleInfo.java:updateAndGet(138)) - s0: start s0@group-E264CA5F8311-FollowerState
2023-08-18 03:36:29,800 [s1-server-thread1] INFO  server.RaftServer$Division (RaftServerImpl.java:setConfigurationAsync(1238)) - s1@group-E264CA5F8311: receive setConfiguration SetConfigurationRequest:client-255CF6B0DA3F->s1@group-E264CA5F8311, cid=386, seq=0, RW, null, SET_UNCONDITIONALLY, servers:[s1|rpc:0.0.0.0:34459|dataStream:|priority:0|startupRole:FOLLOWER, s2|rpc:0.0.0.0:43137|dataStream:|priority:0|startupRole:FOLLOWER, s0|rpc:localhost:39295|admin:localhost:44843|client:localhost:40991|dataStream:localhost:40677|priority:0|startupRole:FOLLOWER], listeners:[]
2023-08-18 03:36:29,904 [s2-server-thread1] INFO  server.RaftServer$Division (RaftServerImpl.java:setConfigurationAsync(1238)) - s2@group-E264CA5F8311: receive setConfiguration SetConfigurationRequest:client-255CF6B0DA3F->s2@group-E264CA5F8311, cid=386, seq=0, RW, null, SET_UNCONDITIONALLY, servers:[s1|rpc:0.0.0.0:34459|dataStream:|priority:0|startupRole:FOLLOWER, s2|rpc:0.0.0.0:43137|dataStream:|priority:0|startupRole:FOLLOWER, s0|rpc:localhost:39295|admin:localhost:44843|client:localhost:40991|dataStream:localhost:40677|priority:0|startupRole:FOLLOWER], listeners:[]
2023-08-18 03:36:30,005 [s0@group-E264CA5F8311-FollowerState] INFO  impl.FollowerState (FollowerState.java:run(143)) - s0@group-E264CA5F8311-FollowerState: change to CANDIDATE, lastRpcElapsedTime:233262469ns, electionTimeout:233ms
2023-08-18 03:36:30,006 [s0@group-E264CA5F8311-FollowerState] INFO  impl.RoleInfo (RoleInfo.java:shutdownFollowerState(109)) - s0: shutdown s0@group-E264CA5F8311-FollowerState
2023-08-18 03:36:30,006 [s0@group-E264CA5F8311-FollowerState] INFO  server.RaftServer$Division (RaftServerImpl.java:setRole(371)) - s0@group-E264CA5F8311: changes role from  FOLLOWER to CANDIDATE at term 1 for changeToCandidate
2023-08-18 03:36:30,006 [s0@group-E264CA5F8311-FollowerState] INFO  server.RaftServerConfigKeys (ConfUtils.java:logGet(46)) - raft.server.leaderelection.pre-vote = true (default)
2023-08-18 03:36:30,006 [s0@group-E264CA5F8311-FollowerState] INFO  impl.RoleInfo (RoleInfo.java:updateAndGet(138)) - s0: start s0@group-E264CA5F8311-LeaderElection84
2023-08-18 03:36:30,006 [s0@group-E264CA5F8311-LeaderElection84] INFO  impl.LeaderElection (LeaderElection.java:askForVotes(320)) - s0@group-E264CA5F8311-LeaderElection84 PRE_VOTE round 0: submit vote requests at term 1 for 255: peers:[s0|rpc:localhost:39295|admin:localhost:44843|client:localhost:40991|dataStream:localhost:40677|priority:0|startupRole:FOLLOWER, s1|rpc:0.0.0.0:34459|dataStream:|priority:0|startupRole:FOLLOWER, s2|rpc:0.0.0.0:43137|dataStream:|priority:0|startupRole:FOLLOWER]|listeners:[], old=peers:[s0|rpc:localhost:39295|admin:localhost:44843|client:localhost:40991|dataStream:localhost:40677|priority:0|startupRole:FOLLOWER]|listeners:[]
2023-08-18 03:36:30,008 [grpc-default-executor-4] INFO  server.RaftServer$Division (RaftServerImpl.java:requestVote(1344)) - s1@group-E264CA5F8311: receive requestVote(PRE_VOTE, s0, group-E264CA5F8311, 1, (t:1, i:255))
2023-08-18 03:36:30,008 [grpc-default-executor-4] WARN  server.GrpcServerProtocolService (LogUtils.java:warn(122)) - s1: Failed requestVote s0->s1#0: org.apache.ratis.protocol.exceptions.ServerNotReadyException: s1@group-E264CA5F8311 is not in [RUNNING]: current state is STARTING
2023-08-18 03:36:30,008 [grpc-default-executor-3] INFO  server.RaftServer$Division (RaftServerImpl.java:requestVote(1344)) - s2@group-E264CA5F8311: receive requestVote(PRE_VOTE, s0, group-E264CA5F8311, 1, (t:1, i:255))
2023-08-18 03:36:30,009 [grpc-default-executor-3] WARN  server.GrpcServerProtocolService (LogUtils.java:warn(122)) - s2: Failed requestVote s0->s2#0: org.apache.ratis.protocol.exceptions.ServerNotReadyException: s2@group-E264CA5F8311 is not in [RUNNING]: current state is STARTING
2023-08-18 03:36:30,009 [s0@group-E264CA5F8311-LeaderElection84] INFO  impl.LeaderElection (LogUtils.java:infoOrTrace(137)) - s0@group-E264CA5F8311-LeaderElection84 got exception when requesting votes: java.util.concurrent.ExecutionException: org.apache.ratis.thirdparty.io.grpc.StatusRuntimeException: INTERNAL: s1@group-E264CA5F8311 is not in [RUNNING]: current state is STARTING
2023-08-18 03:36:30,009 [s0@group-E264CA5F8311-LeaderElection84] INFO  impl.LeaderElection (LogUtils.java:infoOrTrace(137)) - s0@group-E264CA5F8311-LeaderElection84 got exception when requesting votes: java.util.concurrent.ExecutionException: org.apache.ratis.thirdparty.io.grpc.StatusRuntimeException: INTERNAL: s2@group-E264CA5F8311 is not in [RUNNING]: current state is STARTING
2023-08-18 03:36:30,009 [s0@group-E264CA5F8311-LeaderElection84] INFO  impl.LeaderElection (LeaderElection.java:logAndReturn(89)) - s0@group-E264CA5F8311-LeaderElection84: PRE_VOTE REJECTED received 0 response(s) and 2 exception(s):
2023-08-18 03:36:30,009 [s0@group-E264CA5F8311-LeaderElection84] INFO  impl.LeaderElection (LogUtils.java:infoOrTrace(137)) -   Exception 0: java.util.concurrent.ExecutionException: org.apache.ratis.thirdparty.io.grpc.StatusRuntimeException: INTERNAL: s1@group-E264CA5F8311 is not in [RUNNING]: current state is STARTING
2023-08-18 03:36:30,009 [s0@group-E264CA5F8311-LeaderElection84] INFO  impl.LeaderElection (LogUtils.java:infoOrTrace(137)) -   Exception 1: java.util.concurrent.ExecutionException: org.apache.ratis.thirdparty.io.grpc.StatusRuntimeException: INTERNAL: s2@group-E264CA5F8311 is not in [RUNNING]: current state is STARTING
2023-08-18 03:36:30,009 [s0@group-E264CA5F8311-LeaderElection84] INFO  impl.LeaderElection (LeaderElection.java:askForVotes(322)) - s0@group-E264CA5F8311-LeaderElection84 PRE_VOTE round 0: result REJECTED
2023-08-18 03:36:30,009 [s0-server-thread1] INFO  server.RaftServer$Division (RaftServerImpl.java:setConfigurationAsync(1238)) - s0@group-E264CA5F8311: receive setConfiguration SetConfigurationRequest:client-255CF6B0DA3F->s0@group-E264CA5F8311, cid=386, seq=0, RW, null, SET_UNCONDITIONALLY, servers:[s1|rpc:0.0.0.0:34459|dataStream:|priority:0|startupRole:FOLLOWER, s2|rpc:0.0.0.0:43137|dataStream:|priority:0|startupRole:FOLLOWER, s0|rpc:localhost:39295|admin:localhost:44843|client:localhost:40991|dataStream:localhost:40677|priority:0|startupRole:FOLLOWER], listeners:[]
2023-08-18 03:36:30,009 [s0@group-E264CA5F8311-LeaderElection84] INFO  server.RaftServer$Division (RaftServerImpl.java:setRole(371)) - s0@group-E264CA5F8311: changes role from CANDIDATE to FOLLOWER at term 1 for REJECTED
2023-08-18 03:36:30,009 [s0@group-E264CA5F8311-LeaderElection84] INFO  impl.RoleInfo (RoleInfo.java:shutdownLeaderElection(129)) - s0: shutdown s0@group-E264CA5F8311-LeaderElection84
2023-08-18 03:36:30,009 [s0@group-E264CA5F8311-LeaderElection84] INFO  impl.RoleInfo (RoleInfo.java:updateAndGet(138)) - s0: start s0@group-E264CA5F8311-FollowerState
2023-08-18 03:36:30,114 [s1-server-thread1] INFO  server.RaftServer$Division (RaftServerImpl.java:setConfigurationAsync(1238)) - s1@group-E264CA5F8311: receive setConfiguration SetConfigurationRequest:client-255CF6B0DA3F->s1@group-E264CA5F8311, cid=386, seq=0, RW, null, SET_UNCONDITIONALLY, servers:[s1|rpc:0.0.0.0:34459|dataStream:|priority:0|startupRole:FOLLOWER, s2|rpc:0.0.0.0:43137|dataStream:|priority:0|startupRole:FOLLOWER, s0|rpc:localhost:39295|admin:localhost:44843|client:localhost:40991|dataStream:localhost:40677|priority:0|startupRole:FOLLOWER], listeners:[]
2023-08-18 03:36:30,172 [s0@group-E264CA5F8311-FollowerState] INFO  impl.FollowerState (FollowerState.java:run(143)) - s0@group-E264CA5F8311-FollowerState: change to CANDIDATE, lastRpcElapsedTime:162450863ns, electionTimeout:162ms
2023-08-18 03:36:30,172 [s0@group-E264CA5F8311-FollowerState] INFO  impl.RoleInfo (RoleInfo.java:shutdownFollowerState(109)) - s0: shutdown s0@group-E264CA5F8311-FollowerState
2023-08-18 03:36:30,172 [s0@group-E264CA5F8311-FollowerState] INFO  server.RaftServer$Division (RaftServerImpl.java:setRole(371)) - s0@group-E264CA5F8311: changes role from  FOLLOWER to CANDIDATE at term 1 for changeToCandidate
2023-08-18 03:36:30,172 [s0@group-E264CA5F8311-FollowerState] INFO  server.RaftServerConfigKeys (ConfUtils.java:logGet(46)) - raft.server.leaderelection.pre-vote = true (default)
2023-08-18 03:36:30,172 [s0@group-E264CA5F8311-FollowerState] INFO  impl.RoleInfo (RoleInfo.java:updateAndGet(138)) - s0: start s0@group-E264CA5F8311-LeaderElection85
2023-08-18 03:36:30,173 [s0@group-E264CA5F8311-LeaderElection85] INFO  impl.LeaderElection (LeaderElection.java:askForVotes(320)) - s0@group-E264CA5F8311-LeaderElection85 PRE_VOTE round 0: submit vote requests at term 1 for 255: peers:[s0|rpc:localhost:39295|admin:localhost:44843|client:localhost:40991|dataStream:localhost:40677|priority:0|startupRole:FOLLOWER, s1|rpc:0.0.0.0:34459|dataStream:|priority:0|startupRole:FOLLOWER, s2|rpc:0.0.0.0:43137|dataStream:|priority:0|startupRole:FOLLOWER]|listeners:[], old=peers:[s0|rpc:localhost:39295|admin:localhost:44843|client:localhost:40991|dataStream:localhost:40677|priority:0|startupRole:FOLLOWER]|listeners:[]
2023-08-18 03:36:30,174 [grpc-default-executor-4] INFO  server.RaftServer$Division (RaftServerImpl.java:requestVote(1344)) - s1@group-E264CA5F8311: receive requestVote(PRE_VOTE, s0, group-E264CA5F8311, 1, (t:1, i:255))
2023-08-18 03:36:30,174 [grpc-default-executor-4] WARN  server.GrpcServerProtocolService (LogUtils.java:warn(122)) - s1: Failed requestVote s0->s1#0: org.apache.ratis.protocol.exceptions.ServerNotReadyException: s1@group-E264CA5F8311 is not in [RUNNING]: current state is STARTING
2023-08-18 03:36:30,174 [grpc-default-executor-3] INFO  server.RaftServer$Division (RaftServerImpl.java:requestVote(1344)) - s2@group-E264CA5F8311: receive requestVote(PRE_VOTE, s0, group-E264CA5F8311, 1, (t:1, i:255))
2023-08-18 03:36:30,174 [grpc-default-executor-3] WARN  server.GrpcServerProtocolService (LogUtils.java:warn(122)) - s2: Failed requestVote s0->s2#0: org.apache.ratis.protocol.exceptions.ServerNotReadyException: s2@group-E264CA5F8311 is not in [RUNNING]: current state is STARTING
2023-08-18 03:36:30,174 [s0@group-E264CA5F8311-LeaderElection85] INFO  impl.LeaderElection (LogUtils.java:infoOrTrace(137)) - s0@group-E264CA5F8311-LeaderElection85 got exception when requesting votes: java.util.concurrent.ExecutionException: org.apache.ratis.thirdparty.io.grpc.StatusRuntimeException: INTERNAL: s1@group-E264CA5F8311 is not in [RUNNING]: current state is STARTING
2023-08-18 03:36:30,175 [s0@group-E264CA5F8311-LeaderElection85] INFO  impl.LeaderElection (LogUtils.java:infoOrTrace(137)) - s0@group-E264CA5F8311-LeaderElection85 got exception when requesting votes: java.util.concurrent.ExecutionException: org.apache.ratis.thirdparty.io.grpc.StatusRuntimeException: INTERNAL: s2@group-E264CA5F8311 is not in [RUNNING]: current state is STARTING
2023-08-18 03:36:30,175 [s0@group-E264CA5F8311-LeaderElection85] INFO  impl.LeaderElection (LeaderElection.java:logAndReturn(89)) - s0@group-E264CA5F8311-LeaderElection85: PRE_VOTE REJECTED received 0 response(s) and 2 exception(s):
2023-08-18 03:36:30,175 [s0@group-E264CA5F8311-LeaderElection85] INFO  impl.LeaderElection (LogUtils.java:infoOrTrace(137)) -   Exception 0: java.util.concurrent.ExecutionException: org.apache.ratis.thirdparty.io.grpc.StatusRuntimeException: INTERNAL: s1@group-E264CA5F8311 is not in [RUNNING]: current state is STARTING
2023-08-18 03:36:30,175 [s0@group-E264CA5F8311-LeaderElection85] INFO  impl.LeaderElection (LogUtils.java:infoOrTrace(137)) -   Exception 1: java.util.concurrent.ExecutionException: org.apache.ratis.thirdparty.io.grpc.StatusRuntimeException: INTERNAL: s2@group-E264CA5F8311 is not in [RUNNING]: current state is STARTING
2023-08-18 03:36:30,175 [s0@group-E264CA5F8311-LeaderElection85] INFO  impl.LeaderElection (LeaderElection.java:askForVotes(322)) - s0@group-E264CA5F8311-LeaderElection85 PRE_VOTE round 0: result REJECTED
2023-08-18 03:36:30,175 [s0@group-E264CA5F8311-LeaderElection85] INFO  server.RaftServer$Division (RaftServerImpl.java:setRole(371)) - s0@group-E264CA5F8311: changes role from CANDIDATE to FOLLOWER at term 1 for REJECTED
2023-08-18 03:36:30,175 [s0@group-E264CA5F8311-LeaderElection85] INFO  impl.RoleInfo (RoleInfo.java:shutdownLeaderElection(129)) - s0: shutdown s0@group-E264CA5F8311-LeaderElection85
2023-08-18 03:36:30,175 [s0@group-E264CA5F8311-LeaderElection85] INFO  impl.RoleInfo (RoleInfo.java:updateAndGet(138)) - s0: start s0@group-E264CA5F8311-FollowerState
2023-08-18 03:36:30,226 [s2-server-thread1] INFO  server.RaftServer$Division (RaftServerImpl.java:setConfigurationAsync(1238)) - s2@group-E264CA5F8311: receive setConfiguration SetConfigurationRequest:client-255CF6B0DA3F->s2@group-E264CA5F8311, cid=386, seq=0, RW, null, SET_UNCONDITIONALLY, servers:[s1|rpc:0.0.0.0:34459|dataStream:|priority:0|startupRole:FOLLOWER, s2|rpc:0.0.0.0:43137|dataStream:|priority:0|startupRole:FOLLOWER, s0|rpc:localhost:39295|admin:localhost:44843|client:localhost:40991|dataStream:localhost:40677|priority:0|startupRole:FOLLOWER], listeners:[]
2023-08-18 03:36:30,306 [Timer-2] INFO  impl.MiniRaftCluster (MiniRaftCluster.java:lambda$start$6(349)) - TIMED-PRINT: printing ALL groups
  s0:  RUNNING  FOLLOWER s0@group-E264CA5F8311:t1, leader=null, voted=s0, raftlog=Memoized:s0@group-E264CA5F8311-SegmentedRaftLog:OPENED:c254, conf=255: peers:[s0|rpc:localhost:39295|admin:localhost:44843|client:localhost:40991|dataStream:localhost:40677|priority:0|startupRole:FOLLOWER, s1|rpc:0.0.0.0:34459|dataStream:|priority:0|startupRole:FOLLOWER, s2|rpc:0.0.0.0:43137|dataStream:|priority:0|startupRole:FOLLOWER]|listeners:[], old=peers:[s0|rpc:localhost:39295|admin:localhost:44843|client:localhost:40991|dataStream:localhost:40677|priority:0|startupRole:FOLLOWER]|listeners:[] RUNNING
  s1:  RUNNING  FOLLOWER s1@group-E264CA5F8311:t1, leader=s0, voted=null, raftlog=Memoized:s1@group-E264CA5F8311-SegmentedRaftLog:OPENED:c-1, conf=0: peers:[s0|rpc:localhost:39295|admin:localhost:44843|client:localhost:40991|dataStream:localhost:40677|priority:0|startupRole:FOLLOWER]|listeners:[], old=null STARTING
  s2:  RUNNING  FOLLOWER s2@group-E264CA5F8311:t1, leader=s0, voted=null, raftlog=Memoized:s2@group-E264CA5F8311-SegmentedRaftLog:OPENED:c-1, conf=0: peers:[s0|rpc:localhost:39295|admin:localhost:44843|client:localhost:40991|dataStream:localhost:40677|priority:0|startupRole:FOLLOWER]|listeners:[], old=null STARTING
2023-08-18 03:36:30,331 [s0-server-thread1] INFO  server.RaftServer$Division (RaftServerImpl.java:setConfigurationAsync(1238)) - s0@group-E264CA5F8311: receive setConfiguration SetConfigurationRequest:client-255CF6B0DA3F->s0@group-E264CA5F8311, cid=386, seq=0, RW, null, SET_UNCONDITIONALLY, servers:[s1|rpc:0.0.0.0:34459|dataStream:|priority:0|startupRole:FOLLOWER, s2|rpc:0.0.0.0:43137|dataStream:|priority:0|startupRole:FOLLOWER, s0|rpc:localhost:39295|admin:localhost:44843|client:localhost:40991|dataStream:localhost:40677|priority:0|startupRole:FOLLOWER], listeners:[]
2023-08-18 03:36:30,411 [s0@group-E264CA5F8311-FollowerState] INFO  impl.FollowerState (FollowerState.java:run(143)) - s0@group-E264CA5F8311-FollowerState: change to CANDIDATE, lastRpcElapsedTime:236476246ns, electionTimeout:236ms
2023-08-18 03:36:30,411 [s0@group-E264CA5F8311-FollowerState] INFO  impl.RoleInfo (RoleInfo.java:shutdownFollowerState(109)) - s0: shutdown s0@group-E264CA5F8311-FollowerState
2023-08-18 03:36:30,411 [s0@group-E264CA5F8311-FollowerState] INFO  server.RaftServer$Division (RaftServerImpl.java:setRole(371)) - s0@group-E264CA5F8311: changes role from  FOLLOWER to CANDIDATE at term 1 for changeToCandidate
2023-08-18 03:36:30,411 [s0@group-E264CA5F8311-FollowerState] INFO  server.RaftServerConfigKeys (ConfUtils.java:logGet(46)) - raft.server.leaderelection.pre-vote = true (default)
2023-08-18 03:36:30,411 [s0@group-E264CA5F8311-FollowerState] INFO  impl.RoleInfo (RoleInfo.java:updateAndGet(138)) - s0: start s0@group-E264CA5F8311-LeaderElection86
2023-08-18 03:36:30,412 [s0@group-E264CA5F8311-LeaderElection86] INFO  impl.LeaderElection (LeaderElection.java:askForVotes(320)) - s0@group-E264CA5F8311-LeaderElection86 PRE_VOTE round 0: submit vote requests at term 1 for 255: peers:[s0|rpc:localhost:39295|admin:localhost:44843|client:localhost:40991|dataStream:localhost:40677|priority:0|startupRole:FOLLOWER, s1|rpc:0.0.0.0:34459|dataStream:|priority:0|startupRole:FOLLOWER, s2|rpc:0.0.0.0:43137|dataStream:|priority:0|startupRole:FOLLOWER]|listeners:[], old=peers:[s0|rpc:localhost:39295|admin:localhost:44843|client:localhost:40991|dataStream:localhost:40677|priority:0|startupRole:FOLLOWER]|listeners:[]
2023-08-18 03:36:30,413 [grpc-default-executor-3] INFO  server.RaftServer$Division (RaftServerImpl.java:requestVote(1344)) - s1@group-E264CA5F8311: receive requestVote(PRE_VOTE, s0, group-E264CA5F8311, 1, (t:1, i:255))
2023-08-18 03:36:30,413 [grpc-default-executor-4] INFO  server.RaftServer$Division (RaftServerImpl.java:requestVote(1344)) - s2@group-E264CA5F8311: receive requestVote(PRE_VOTE, s0, group-E264CA5F8311, 1, (t:1, i:255))
2023-08-18 03:36:30,413 [grpc-default-executor-3] WARN  server.GrpcServerProtocolService (LogUtils.java:warn(122)) - s1: Failed requestVote s0->s1#0: org.apache.ratis.protocol.exceptions.ServerNotReadyException: s1@group-E264CA5F8311 is not in [RUNNING]: current state is STARTING
2023-08-18 03:36:30,413 [grpc-default-executor-4] WARN  server.GrpcServerProtocolService (LogUtils.java:warn(122)) - s2: Failed requestVote s0->s2#0: org.apache.ratis.protocol.exceptions.ServerNotReadyException: s2@group-E264CA5F8311 is not in [RUNNING]: current state is STARTING
2023-08-18 03:36:30,414 [s0@group-E264CA5F8311-LeaderElection86] INFO  impl.LeaderElection (LogUtils.java:infoOrTrace(137)) - s0@group-E264CA5F8311-LeaderElection86 got exception when requesting votes: java.util.concurrent.ExecutionException: org.apache.ratis.thirdparty.io.grpc.StatusRuntimeException: INTERNAL: s1@group-E264CA5F8311 is not in [RUNNING]: current state is STARTING
2023-08-18 03:36:30,414 [s0@group-E264CA5F8311-LeaderElection86] INFO  impl.LeaderElection (LogUtils.java:infoOrTrace(137)) - s0@group-E264CA5F8311-LeaderElection86 got exception when requesting votes: java.util.concurrent.ExecutionException: org.apache.ratis.thirdparty.io.grpc.StatusRuntimeException: INTERNAL: s2@group-E264CA5F8311 is not in [RUNNING]: current state is STARTING
2023-08-18 03:36:30,414 [s0@group-E264CA5F8311-LeaderElection86] INFO  impl.LeaderElection (LeaderElection.java:logAndReturn(89)) - s0@group-E264CA5F8311-LeaderElection86: PRE_VOTE REJECTED received 0 response(s) and 2 exception(s):
2023-08-18 03:36:30,414 [s0@group-E264CA5F8311-LeaderElection86] INFO  impl.LeaderElection (LogUtils.java:infoOrTrace(137)) -   Exception 0: java.util.concurrent.ExecutionException: org.apache.ratis.thirdparty.io.grpc.StatusRuntimeException: INTERNAL: s1@group-E264CA5F8311 is not in [RUNNING]: current state is STARTING
2023-08-18 03:36:30,414 [s0@group-E264CA5F8311-LeaderElection86] INFO  impl.LeaderElection (LogUtils.java:infoOrTrace(137)) -   Exception 1: java.util.concurrent.ExecutionException: org.apache.ratis.thirdparty.io.grpc.StatusRuntimeException: INTERNAL: s2@group-E264CA5F8311 is not in [RUNNING]: current state is STARTING
2023-08-18 03:36:30,415 [s0@group-E264CA5F8311-LeaderElection86] INFO  impl.LeaderElection (LeaderElection.java:askForVotes(322)) - s0@group-E264CA5F8311-LeaderElection86 PRE_VOTE round 0: result REJECTED
2023-08-18 03:36:30,415 [s0@group-E264CA5F8311-LeaderElection86] INFO  server.RaftServer$Division (RaftServerImpl.java:setRole(371)) - s0@group-E264CA5F8311: changes role from CANDIDATE to FOLLOWER at term 1 for REJECTED
2023-08-18 03:36:30,415 [s0@group-E264CA5F8311-LeaderElection86] INFO  impl.RoleInfo (RoleInfo.java:shutdownLeaderElection(129)) - s0: shutdown s0@group-E264CA5F8311-LeaderElection86
2023-08-18 03:36:30,415 [s0@group-E264CA5F8311-LeaderElection86] INFO  impl.RoleInfo (RoleInfo.java:updateAndGet(138)) - s0: start s0@group-E264CA5F8311-FollowerState
2023-08-18 03:36:30,435 [s2-server-thread1] INFO  server.RaftServer$Division (RaftServerImpl.java:setConfigurationAsync(1238)) - s2@group-E264CA5F8311: receive setConfiguration SetConfigurationRequest:client-255CF6B0DA3F->s2@group-E264CA5F8311, cid=386, seq=0, RW, null, SET_UNCONDITIONALLY, servers:[s1|rpc:0.0.0.0:34459|dataStream:|priority:0|startupRole:FOLLOWER, s2|rpc:0.0.0.0:43137|dataStream:|priority:0|startupRole:FOLLOWER, s0|rpc:localhost:39295|admin:localhost:44843|client:localhost:40991|dataStream:localhost:40677|priority:0|startupRole:FOLLOWER], listeners:[]
2023-08-18 03:36:30,540 [s0-server-thread1] INFO  server.RaftServer$Division (RaftServerImpl.java:setConfigurationAsync(1238)) - s0@group-E264CA5F8311: receive setConfiguration SetConfigurationRequest:client-255CF6B0DA3F->s0@group-E264CA5F8311, cid=386, seq=0, RW, null, SET_UNCONDITIONALLY, servers:[s1|rpc:0.0.0.0:34459|dataStream:|priority:0|startupRole:FOLLOWER, s2|rpc:0.0.0.0:43137|dataStream:|priority:0|startupRole:FOLLOWER, s0|rpc:localhost:39295|admin:localhost:44843|client:localhost:40991|dataStream:localhost:40677|priority:0|startupRole:FOLLOWER], listeners:[]
2023-08-18 03:36:30,598 [s0@group-E264CA5F8311-FollowerState] INFO  impl.FollowerState (FollowerState.java:run(143)) - s0@group-E264CA5F8311-FollowerState: change to CANDIDATE, lastRpcElapsedTime:183443017ns, electionTimeout:183ms
2023-08-18 03:36:30,598 [s0@group-E264CA5F8311-FollowerState] INFO  impl.RoleInfo (RoleInfo.java:shutdownFollowerState(109)) - s0: shutdown s0@group-E264CA5F8311-FollowerState
2023-08-18 03:36:30,598 [s0@group-E264CA5F8311-FollowerState] INFO  server.RaftServer$Division (RaftServerImpl.java:setRole(371)) - s0@group-E264CA5F8311: changes role from  FOLLOWER to CANDIDATE at term 1 for changeToCandidate
2023-08-18 03:36:30,598 [s0@group-E264CA5F8311-FollowerState] INFO  server.RaftServerConfigKeys (ConfUtils.java:logGet(46)) - raft.server.leaderelection.pre-vote = true (default)
2023-08-18 03:36:30,598 [s0@group-E264CA5F8311-FollowerState] INFO  impl.RoleInfo (RoleInfo.java:updateAndGet(138)) - s0: start s0@group-E264CA5F8311-LeaderElection87
2023-08-18 03:36:30,599 [s0@group-E264CA5F8311-LeaderElection87] INFO  impl.LeaderElection (LeaderElection.java:askForVotes(320)) - s0@group-E264CA5F8311-LeaderElection87 PRE_VOTE round 0: submit vote requests at term 1 for 255: peers:[s0|rpc:localhost:39295|admin:localhost:44843|client:localhost:40991|dataStream:localhost:40677|priority:0|startupRole:FOLLOWER, s1|rpc:0.0.0.0:34459|dataStream:|priority:0|startupRole:FOLLOWER, s2|rpc:0.0.0.0:43137|dataStream:|priority:0|startupRole:FOLLOWER]|listeners:[], old=peers:[s0|rpc:localhost:39295|admin:localhost:44843|client:localhost:40991|dataStream:localhost:40677|priority:0|startupRole:FOLLOWER]|listeners:[]
2023-08-18 03:36:30,600 [grpc-default-executor-4] INFO  server.RaftServer$Division (RaftServerImpl.java:requestVote(1344)) - s1@group-E264CA5F8311: receive requestVote(PRE_VOTE, s0, group-E264CA5F8311, 1, (t:1, i:255))
2023-08-18 03:36:30,600 [grpc-default-executor-4] WARN  server.GrpcServerProtocolService (LogUtils.java:warn(122)) - s1: Failed requestVote s0->s1#0: org.apache.ratis.protocol.exceptions.ServerNotReadyException: s1@group-E264CA5F8311 is not in [RUNNING]: current state is STARTING
2023-08-18 03:36:30,601 [grpc-default-executor-4] INFO  server.RaftServer$Division (RaftServerImpl.java:requestVote(1344)) - s2@group-E264CA5F8311: receive requestVote(PRE_VOTE, s0, group-E264CA5F8311, 1, (t:1, i:255))
2023-08-18 03:36:30,601 [grpc-default-executor-4] WARN  server.GrpcServerProtocolService (LogUtils.java:warn(122)) - s2: Failed requestVote s0->s2#0: org.apache.ratis.protocol.exceptions.ServerNotReadyException: s2@group-E264CA5F8311 is not in [RUNNING]: current state is STARTING
2023-08-18 03:36:30,601 [s0@group-E264CA5F8311-LeaderElection87] INFO  impl.LeaderElection (LogUtils.java:infoOrTrace(137)) - s0@group-E264CA5F8311-LeaderElection87 got exception when requesting votes: java.util.concurrent.ExecutionException: org.apache.ratis.thirdparty.io.grpc.StatusRuntimeException: INTERNAL: s2@group-E264CA5F8311 is not in [RUNNING]: current state is STARTING
2023-08-18 03:36:30,601 [s0@group-E264CA5F8311-LeaderElection87] INFO  impl.LeaderElection (LogUtils.java:infoOrTrace(137)) - s0@group-E264CA5F8311-LeaderElection87 got exception when requesting votes: java.util.concurrent.ExecutionException: org.apache.ratis.thirdparty.io.grpc.StatusRuntimeException: INTERNAL: s1@group-E264CA5F8311 is not in [RUNNING]: current state is STARTING
2023-08-18 03:36:30,601 [s0@group-E264CA5F8311-LeaderElection87] INFO  impl.LeaderElection (LeaderElection.java:logAndReturn(89)) - s0@group-E264CA5F8311-LeaderElection87: PRE_VOTE REJECTED received 0 response(s) and 2 exception(s):
2023-08-18 03:36:30,602 [s0@group-E264CA5F8311-LeaderElection87] INFO  impl.LeaderElection (LogUtils.java:infoOrTrace(137)) -   Exception 0: java.util.concurrent.ExecutionException: org.apache.ratis.thirdparty.io.grpc.StatusRuntimeException: INTERNAL: s2@group-E264CA5F8311 is not in [RUNNING]: current state is STARTING
2023-08-18 03:36:30,602 [s0@group-E264CA5F8311-LeaderElection87] INFO  impl.LeaderElection (LogUtils.java:infoOrTrace(137)) -   Exception 1: java.util.concurrent.ExecutionException: org.apache.ratis.thirdparty.io.grpc.StatusRuntimeException: INTERNAL: s1@group-E264CA5F8311 is not in [RUNNING]: current state is STARTING
2023-08-18 03:36:30,602 [s0@group-E264CA5F8311-LeaderElection87] INFO  impl.LeaderElection (LeaderElection.java:askForVotes(322)) - s0@group-E264CA5F8311-LeaderElection87 PRE_VOTE round 0: result REJECTED
2023-08-18 03:36:30,602 [s0@group-E264CA5F8311-LeaderElection87] INFO  server.RaftServer$Division (RaftServerImpl.java:setRole(371)) - s0@group-E264CA5F8311: changes role from CANDIDATE to FOLLOWER at term 1 for REJECTED
2023-08-18 03:36:30,602 [s0@group-E264CA5F8311-LeaderElection87] INFO  impl.RoleInfo (RoleInfo.java:shutdownLeaderElection(129)) - s0: shutdown s0@group-E264CA5F8311-LeaderElection87
2023-08-18 03:36:30,602 [s0@group-E264CA5F8311-LeaderElection87] INFO  impl.RoleInfo (RoleInfo.java:updateAndGet(138)) - s0: start s0@group-E264CA5F8311-FollowerState
2023-08-18 03:36:30,644 [s1-server-thread1] INFO  server.RaftServer$Division (RaftServerImpl.java:setConfigurationAsync(1238)) - s1@group-E264CA5F8311: receive setConfiguration SetConfigurationRequest:client-255CF6B0DA3F->s1@group-E264CA5F8311, cid=386, seq=0, RW, null, SET_UNCONDITIONALLY, servers:[s1|rpc:0.0.0.0:34459|dataStream:|priority:0|startupRole:FOLLOWER, s2|rpc:0.0.0.0:43137|dataStream:|priority:0|startupRole:FOLLOWER, s0|rpc:localhost:39295|admin:localhost:44843|client:localhost:40991|dataStream:localhost:40677|priority:0|startupRole:FOLLOWER], listeners:[]
2023-08-18 03:36:30,751 [s0-server-thread1] INFO  server.RaftServer$Division (RaftServerImpl.java:setConfigurationAsync(1238)) - s0@group-E264CA5F8311: receive setConfiguration SetConfigurationRequest:client-255CF6B0DA3F->s0@group-E264CA5F8311, cid=386, seq=0, RW, null, SET_UNCONDITIONALLY, servers:[s1|rpc:0.0.0.0:34459|dataStream:|priority:0|startupRole:FOLLOWER, s2|rpc:0.0.0.0:43137|dataStream:|priority:0|startupRole:FOLLOWER, s0|rpc:localhost:39295|admin:localhost:44843|client:localhost:40991|dataStream:localhost:40677|priority:0|startupRole:FOLLOWER], listeners:[]
2023-08-18 03:36:30,826 [s0@group-E264CA5F8311-FollowerState] INFO  impl.FollowerState (FollowerState.java:run(143)) - s0@group-E264CA5F8311-FollowerState: change to CANDIDATE, lastRpcElapsedTime:224415131ns, electionTimeout:223ms
2023-08-18 03:36:30,826 [s0@group-E264CA5F8311-FollowerState] INFO  impl.RoleInfo (RoleInfo.java:shutdownFollowerState(109)) - s0: shutdown s0@group-E264CA5F8311-FollowerState
2023-08-18 03:36:30,826 [s0@group-E264CA5F8311-FollowerState] INFO  server.RaftServer$Division (RaftServerImpl.java:setRole(371)) - s0@group-E264CA5F8311: changes role from  FOLLOWER to CANDIDATE at term 1 for changeToCandidate
2023-08-18 03:36:30,826 [s0@group-E264CA5F8311-FollowerState] INFO  server.RaftServerConfigKeys (ConfUtils.java:logGet(46)) - raft.server.leaderelection.pre-vote = true (default)
2023-08-18 03:36:30,826 [s0@group-E264CA5F8311-FollowerState] INFO  impl.RoleInfo (RoleInfo.java:updateAndGet(138)) - s0: start s0@group-E264CA5F8311-LeaderElection88
2023-08-18 03:36:30,827 [s0@group-E264CA5F8311-LeaderElection88] INFO  impl.LeaderElection (LeaderElection.java:askForVotes(320)) - s0@group-E264CA5F8311-LeaderElection88 PRE_VOTE round 0: submit vote requests at term 1 for 255: peers:[s0|rpc:localhost:39295|admin:localhost:44843|client:localhost:40991|dataStream:localhost:40677|priority:0|startupRole:FOLLOWER, s1|rpc:0.0.0.0:34459|dataStream:|priority:0|startupRole:FOLLOWER, s2|rpc:0.0.0.0:43137|dataStream:|priority:0|startupRole:FOLLOWER]|listeners:[], old=peers:[s0|rpc:localhost:39295|admin:localhost:44843|client:localhost:40991|dataStream:localhost:40677|priority:0|startupRole:FOLLOWER]|listeners:[]
2023-08-18 03:36:30,828 [grpc-default-executor-3] INFO  server.RaftServer$Division (RaftServerImpl.java:requestVote(1344)) - s1@group-E264CA5F8311: receive requestVote(PRE_VOTE, s0, group-E264CA5F8311, 1, (t:1, i:255))
2023-08-18 03:36:30,828 [grpc-default-executor-4] INFO  server.RaftServer$Division (RaftServerImpl.java:requestVote(1344)) - s2@group-E264CA5F8311: receive requestVote(PRE_VOTE, s0, group-E264CA5F8311, 1, (t:1, i:255))
2023-08-18 03:36:30,828 [grpc-default-executor-3] WARN  server.GrpcServerProtocolService (LogUtils.java:warn(122)) - s1: Failed requestVote s0->s1#0: org.apache.ratis.protocol.exceptions.ServerNotReadyException: s1@group-E264CA5F8311 is not in [RUNNING]: current state is STARTING
2023-08-18 03:36:30,828 [grpc-default-executor-4] WARN  server.GrpcServerProtocolService (LogUtils.java:warn(122)) - s2: Failed requestVote s0->s2#0: org.apache.ratis.protocol.exceptions.ServerNotReadyException: s2@group-E264CA5F8311 is not in [RUNNING]: current state is STARTING
2023-08-18 03:36:30,828 [s0@group-E264CA5F8311-LeaderElection88] INFO  impl.LeaderElection (LogUtils.java:infoOrTrace(137)) - s0@group-E264CA5F8311-LeaderElection88 got exception when requesting votes: java.util.concurrent.ExecutionException: org.apache.ratis.thirdparty.io.grpc.StatusRuntimeException: INTERNAL: s2@group-E264CA5F8311 is not in [RUNNING]: current state is STARTING
2023-08-18 03:36:30,829 [s0@group-E264CA5F8311-LeaderElection88] INFO  impl.LeaderElection (LogUtils.java:infoOrTrace(137)) - s0@group-E264CA5F8311-LeaderElection88 got exception when requesting votes: java.util.concurrent.ExecutionException: org.apache.ratis.thirdparty.io.grpc.StatusRuntimeException: INTERNAL: s1@group-E264CA5F8311 is not in [RUNNING]: current state is STARTING
2023-08-18 03:36:30,829 [s0@group-E264CA5F8311-LeaderElection88] INFO  impl.LeaderElection (LeaderElection.java:logAndReturn(89)) - s0@group-E264CA5F8311-LeaderElection88: PRE_VOTE REJECTED received 0 response(s) and 2 exception(s):
2023-08-18 03:36:30,829 [s0@group-E264CA5F8311-LeaderElection88] INFO  impl.LeaderElection (LogUtils.java:infoOrTrace(137)) -   Exception 0: java.util.concurrent.ExecutionException: org.apache.ratis.thirdparty.io.grpc.StatusRuntimeException: INTERNAL: s2@group-E264CA5F8311 is not in [RUNNING]: current state is STARTING
2023-08-18 03:36:30,829 [s0@group-E264CA5F8311-LeaderElection88] INFO  impl.LeaderElection (LogUtils.java:infoOrTrace(137)) -   Exception 1: java.util.concurrent.ExecutionException: org.apache.ratis.thirdparty.io.grpc.StatusRuntimeException: INTERNAL: s1@group-E264CA5F8311 is not in [RUNNING]: current state is STARTING
2023-08-18 03:36:30,829 [s0@group-E264CA5F8311-LeaderElection88] INFO  impl.LeaderElection (LeaderElection.java:askForVotes(322)) - s0@group-E264CA5F8311-LeaderElection88 PRE_VOTE round 0: result REJECTED
2023-08-18 03:36:30,829 [s0@group-E264CA5F8311-LeaderElection88] INFO  server.RaftServer$Division (RaftServerImpl.java:setRole(371)) - s0@group-E264CA5F8311: changes role from CANDIDATE to FOLLOWER at term 1 for REJECTED
2023-08-18 03:36:30,829 [s0@group-E264CA5F8311-LeaderElection88] INFO  impl.RoleInfo (RoleInfo.java:shutdownLeaderElection(129)) - s0: shutdown s0@group-E264CA5F8311-LeaderElection88
2023-08-18 03:36:30,829 [s0@group-E264CA5F8311-LeaderElection88] INFO  impl.RoleInfo (RoleInfo.java:updateAndGet(138)) - s0: start s0@group-E264CA5F8311-FollowerState
2023-08-18 03:36:30,854 [s2-server-thread1] INFO  server.RaftServer$Division (RaftServerImpl.java:setConfigurationAsync(1238)) - s2@group-E264CA5F8311: receive setConfiguration SetConfigurationRequest:client-255CF6B0DA3F->s2@group-E264CA5F8311, cid=386, seq=0, RW, null, SET_UNCONDITIONALLY, servers:[s1|rpc:0.0.0.0:34459|dataStream:|priority:0|startupRole:FOLLOWER, s2|rpc:0.0.0.0:43137|dataStream:|priority:0|startupRole:FOLLOWER, s0|rpc:localhost:39295|admin:localhost:44843|client:localhost:40991|dataStream:localhost:40677|priority:0|startupRole:FOLLOWER], listeners:[]
2023-08-18 03:36:30,960 [s0-server-thread1] INFO  server.RaftServer$Division (RaftServerImpl.java:setConfigurationAsync(1238)) - s0@group-E264CA5F8311: receive setConfiguration SetConfigurationRequest:client-255CF6B0DA3F->s0@group-E264CA5F8311, cid=386, seq=0, RW, null, SET_UNCONDITIONALLY, servers:[s1|rpc:0.0.0.0:34459|dataStream:|priority:0|startupRole:FOLLOWER, s2|rpc:0.0.0.0:43137|dataStream:|priority:0|startupRole:FOLLOWER, s0|rpc:localhost:39295|admin:localhost:44843|client:localhost:40991|dataStream:localhost:40677|priority:0|startupRole:FOLLOWER], listeners:[]
2023-08-18 03:36:31,015 [s0@group-E264CA5F8311-FollowerState] INFO  impl.FollowerState (FollowerState.java:run(143)) - s0@group-E264CA5F8311-FollowerState: change to CANDIDATE, lastRpcElapsedTime:186262997ns, electionTimeout:186ms
2023-08-18 03:36:31,015 [s0@group-E264CA5F8311-FollowerState] INFO  impl.RoleInfo (RoleInfo.java:shutdownFollowerState(109)) - s0: shutdown s0@group-E264CA5F8311-FollowerState
2023-08-18 03:36:31,015 [s0@group-E264CA5F8311-FollowerState] INFO  server.RaftServer$Division (RaftServerImpl.java:setRole(371)) - s0@group-E264CA5F8311: changes role from  FOLLOWER to CANDIDATE at term 1 for changeToCandidate
2023-08-18 03:36:31,015 [s0@group-E264CA5F8311-FollowerState] INFO  server.RaftServerConfigKeys (ConfUtils.java:logGet(46)) - raft.server.leaderelection.pre-vote = true (default)
2023-08-18 03:36:31,015 [s0@group-E264CA5F8311-FollowerState] INFO  impl.RoleInfo (RoleInfo.java:updateAndGet(138)) - s0: start s0@group-E264CA5F8311-LeaderElection89
2023-08-18 03:36:31,016 [s0@group-E264CA5F8311-LeaderElection89] INFO  impl.LeaderElection (LeaderElection.java:askForVotes(320)) - s0@group-E264CA5F8311-LeaderElection89 PRE_VOTE round 0: submit vote requests at term 1 for 255: peers:[s0|rpc:localhost:39295|admin:localhost:44843|client:localhost:40991|dataStream:localhost:40677|priority:0|startupRole:FOLLOWER, s1|rpc:0.0.0.0:34459|dataStream:|priority:0|startupRole:FOLLOWER, s2|rpc:0.0.0.0:43137|dataStream:|priority:0|startupRole:FOLLOWER]|listeners:[], old=peers:[s0|rpc:localhost:39295|admin:localhost:44843|client:localhost:40991|dataStream:localhost:40677|priority:0|startupRole:FOLLOWER]|listeners:[]
2023-08-18 03:36:31,017 [grpc-default-executor-4] INFO  server.RaftServer$Division (RaftServerImpl.java:requestVote(1344)) - s2@group-E264CA5F8311: receive requestVote(PRE_VOTE, s0, group-E264CA5F8311, 1, (t:1, i:255))
2023-08-18 03:36:31,017 [grpc-default-executor-4] WARN  server.GrpcServerProtocolService (LogUtils.java:warn(122)) - s2: Failed requestVote s0->s2#0: org.apache.ratis.protocol.exceptions.ServerNotReadyException: s2@group-E264CA5F8311 is not in [RUNNING]: current state is STARTING
2023-08-18 03:36:31,018 [s0@group-E264CA5F8311-LeaderElection89] INFO  impl.LeaderElection (LogUtils.java:infoOrTrace(137)) - s0@group-E264CA5F8311-LeaderElection89 got exception when requesting votes: java.util.concurrent.ExecutionException: org.apache.ratis.thirdparty.io.grpc.StatusRuntimeException: INTERNAL: s2@group-E264CA5F8311 is not in [RUNNING]: current state is STARTING
2023-08-18 03:36:31,018 [grpc-default-executor-4] INFO  server.RaftServer$Division (RaftServerImpl.java:requestVote(1344)) - s1@group-E264CA5F8311: receive requestVote(PRE_VOTE, s0, group-E264CA5F8311, 1, (t:1, i:255))
2023-08-18 03:36:31,018 [grpc-default-executor-4] WARN  server.GrpcServerProtocolService (LogUtils.java:warn(122)) - s1: Failed requestVote s0->s1#0: org.apache.ratis.protocol.exceptions.ServerNotReadyException: s1@group-E264CA5F8311 is not in [RUNNING]: current state is STARTING
2023-08-18 03:36:31,018 [s0@group-E264CA5F8311-LeaderElection89] INFO  impl.LeaderElection (LogUtils.java:infoOrTrace(137)) - s0@group-E264CA5F8311-LeaderElection89 got exception when requesting votes: java.util.concurrent.ExecutionException: org.apache.ratis.thirdparty.io.grpc.StatusRuntimeException: INTERNAL: s1@group-E264CA5F8311 is not in [RUNNING]: current state is STARTING
2023-08-18 03:36:31,018 [s0@group-E264CA5F8311-LeaderElection89] INFO  impl.LeaderElection (LeaderElection.java:logAndReturn(89)) - s0@group-E264CA5F8311-LeaderElection89: PRE_VOTE REJECTED received 0 response(s) and 2 exception(s):
2023-08-18 03:36:31,018 [s0@group-E264CA5F8311-LeaderElection89] INFO  impl.LeaderElection (LogUtils.java:infoOrTrace(137)) -   Exception 0: java.util.concurrent.ExecutionException: org.apache.ratis.thirdparty.io.grpc.StatusRuntimeException: INTERNAL: s2@group-E264CA5F8311 is not in [RUNNING]: current state is STARTING
2023-08-18 03:36:31,018 [s0@group-E264CA5F8311-LeaderElection89] INFO  impl.LeaderElection (LogUtils.java:infoOrTrace(137)) -   Exception 1: java.util.concurrent.ExecutionException: org.apache.ratis.thirdparty.io.grpc.StatusRuntimeException: INTERNAL: s1@group-E264CA5F8311 is not in [RUNNING]: current state is STARTING
2023-08-18 03:36:31,018 [s0@group-E264CA5F8311-LeaderElection89] INFO  impl.LeaderElection (LeaderElection.java:askForVotes(322)) - s0@group-E264CA5F8311-LeaderElection89 PRE_VOTE round 0: result REJECTED
2023-08-18 03:36:31,018 [s0@group-E264CA5F8311-LeaderElection89] INFO  server.RaftServer$Division (RaftServerImpl.java:setRole(371)) - s0@group-E264CA5F8311: changes role from CANDIDATE to FOLLOWER at term 1 for REJECTED
2023-08-18 03:36:31,019 [s0@group-E264CA5F8311-LeaderElection89] INFO  impl.RoleInfo (RoleInfo.java:shutdownLeaderElection(129)) - s0: shutdown s0@group-E264CA5F8311-LeaderElection89
2023-08-18 03:36:31,019 [s0@group-E264CA5F8311-LeaderElection89] INFO  impl.RoleInfo (RoleInfo.java:updateAndGet(138)) - s0: start s0@group-E264CA5F8311-FollowerState
2023-08-18 03:36:31,066 [s1-server-thread1] INFO  server.RaftServer$Division (RaftServerImpl.java:setConfigurationAsync(1238)) - s1@group-E264CA5F8311: receive setConfiguration SetConfigurationRequest:client-255CF6B0DA3F->s1@group-E264CA5F8311, cid=386, seq=0, RW, null, SET_UNCONDITIONALLY, servers:[s1|rpc:0.0.0.0:34459|dataStream:|priority:0|startupRole:FOLLOWER, s2|rpc:0.0.0.0:43137|dataStream:|priority:0|startupRole:FOLLOWER, s0|rpc:localhost:39295|admin:localhost:44843|client:localhost:40991|dataStream:localhost:40677|priority:0|startupRole:FOLLOWER], listeners:[]
2023-08-18 03:36:31,170 [s2-server-thread1] INFO  server.RaftServer$Division (RaftServerImpl.java:setConfigurationAsync(1238)) - s2@group-E264CA5F8311: receive setConfiguration SetConfigurationRequest:client-255CF6B0DA3F->s2@group-E264CA5F8311, cid=386, seq=0, RW, null, SET_UNCONDITIONALLY, servers:[s1|rpc:0.0.0.0:34459|dataStream:|priority:0|startupRole:FOLLOWER, s2|rpc:0.0.0.0:43137|dataStream:|priority:0|startupRole:FOLLOWER, s0|rpc:localhost:39295|admin:localhost:44843|client:localhost:40991|dataStream:localhost:40677|priority:0|startupRole:FOLLOWER], listeners:[]
2023-08-18 03:36:31,231 [s0@group-E264CA5F8311-FollowerState] INFO  impl.FollowerState (FollowerState.java:run(143)) - s0@group-E264CA5F8311-FollowerState: change to CANDIDATE, lastRpcElapsedTime:212323715ns, electionTimeout:212ms
2023-08-18 03:36:31,231 [s0@group-E264CA5F8311-FollowerState] INFO  impl.RoleInfo (RoleInfo.java:shutdownFollowerState(109)) - s0: shutdown s0@group-E264CA5F8311-FollowerState
2023-08-18 03:36:31,231 [s0@group-E264CA5F8311-FollowerState] INFO  server.RaftServer$Division (RaftServerImpl.java:setRole(371)) - s0@group-E264CA5F8311: changes role from  FOLLOWER to CANDIDATE at term 1 for changeToCandidate
2023-08-18 03:36:31,231 [s0@group-E264CA5F8311-FollowerState] INFO  server.RaftServerConfigKeys (ConfUtils.java:logGet(46)) - raft.server.leaderelection.pre-vote = true (default)
2023-08-18 03:36:31,231 [s0@group-E264CA5F8311-FollowerState] INFO  impl.RoleInfo (RoleInfo.java:updateAndGet(138)) - s0: start s0@group-E264CA5F8311-LeaderElection90
2023-08-18 03:36:31,231 [s0@group-E264CA5F8311-LeaderElection90] INFO  impl.LeaderElection (LeaderElection.java:askForVotes(320)) - s0@group-E264CA5F8311-LeaderElection90 PRE_VOTE round 0: submit vote requests at term 1 for 255: peers:[s0|rpc:localhost:39295|admin:localhost:44843|client:localhost:40991|dataStream:localhost:40677|priority:0|startupRole:FOLLOWER, s1|rpc:0.0.0.0:34459|dataStream:|priority:0|startupRole:FOLLOWER, s2|rpc:0.0.0.0:43137|dataStream:|priority:0|startupRole:FOLLOWER]|listeners:[], old=peers:[s0|rpc:localhost:39295|admin:localhost:44843|client:localhost:40991|dataStream:localhost:40677|priority:0|startupRole:FOLLOWER]|listeners:[]
2023-08-18 03:36:31,232 [grpc-default-executor-3] INFO  server.RaftServer$Division (RaftServerImpl.java:requestVote(1344)) - s2@group-E264CA5F8311: receive requestVote(PRE_VOTE, s0, group-E264CA5F8311, 1, (t:1, i:255))
2023-08-18 03:36:31,233 [grpc-default-executor-3] WARN  server.GrpcServerProtocolService (LogUtils.java:warn(122)) - s2: Failed requestVote s0->s2#0: org.apache.ratis.protocol.exceptions.ServerNotReadyException: s2@group-E264CA5F8311 is not in [RUNNING]: current state is STARTING
2023-08-18 03:36:31,233 [grpc-default-executor-3] INFO  server.RaftServer$Division (RaftServerImpl.java:requestVote(1344)) - s1@group-E264CA5F8311: receive requestVote(PRE_VOTE, s0, group-E264CA5F8311, 1, (t:1, i:255))
2023-08-18 03:36:31,233 [grpc-default-executor-3] WARN  server.GrpcServerProtocolService (LogUtils.java:warn(122)) - s1: Failed requestVote s0->s1#0: org.apache.ratis.protocol.exceptions.ServerNotReadyException: s1@group-E264CA5F8311 is not in [RUNNING]: current state is STARTING
2023-08-18 03:36:31,233 [s0@group-E264CA5F8311-LeaderElection90] INFO  impl.LeaderElection (LogUtils.java:infoOrTrace(137)) - s0@group-E264CA5F8311-LeaderElection90 got exception when requesting votes: java.util.concurrent.ExecutionException: org.apache.ratis.thirdparty.io.grpc.StatusRuntimeException: INTERNAL: s2@group-E264CA5F8311 is not in [RUNNING]: current state is STARTING
2023-08-18 03:36:31,233 [s0@group-E264CA5F8311-LeaderElection90] INFO  impl.LeaderElection (LogUtils.java:infoOrTrace(137)) - s0@group-E264CA5F8311-LeaderElection90 got exception when requesting votes: java.util.concurrent.ExecutionException: org.apache.ratis.thirdparty.io.grpc.StatusRuntimeException: INTERNAL: s1@group-E264CA5F8311 is not in [RUNNING]: current state is STARTING
2023-08-18 03:36:31,233 [s0@group-E264CA5F8311-LeaderElection90] INFO  impl.LeaderElection (LeaderElection.java:logAndReturn(89)) - s0@group-E264CA5F8311-LeaderElection90: PRE_VOTE REJECTED received 0 response(s) and 2 exception(s):
2023-08-18 03:36:31,233 [s0@group-E264CA5F8311-LeaderElection90] INFO  impl.LeaderElection (LogUtils.java:infoOrTrace(137)) -   Exception 0: java.util.concurrent.ExecutionException: org.apache.ratis.thirdparty.io.grpc.StatusRuntimeException: INTERNAL: s2@group-E264CA5F8311 is not in [RUNNING]: current state is STARTING
2023-08-18 03:36:31,233 [s0@group-E264CA5F8311-LeaderElection90] INFO  impl.LeaderElection (LogUtils.java:infoOrTrace(137)) -   Exception 1: java.util.concurrent.ExecutionException: org.apache.ratis.thirdparty.io.grpc.StatusRuntimeException: INTERNAL: s1@group-E264CA5F8311 is not in [RUNNING]: current state is STARTING
2023-08-18 03:36:31,233 [s0@group-E264CA5F8311-LeaderElection90] INFO  impl.LeaderElection (LeaderElection.java:askForVotes(322)) - s0@group-E264CA5F8311-LeaderElection90 PRE_VOTE round 0: result REJECTED
2023-08-18 03:36:31,233 [s0@group-E264CA5F8311-LeaderElection90] INFO  server.RaftServer$Division (RaftServerImpl.java:setRole(371)) - s0@group-E264CA5F8311: changes role from CANDIDATE to FOLLOWER at term 1 for REJECTED
2023-08-18 03:36:31,233 [s0@group-E264CA5F8311-LeaderElection90] INFO  impl.RoleInfo (RoleInfo.java:shutdownLeaderElection(129)) - s0: shutdown s0@group-E264CA5F8311-LeaderElection90
2023-08-18 03:36:31,234 [s0@group-E264CA5F8311-LeaderElection90] INFO  impl.RoleInfo (RoleInfo.java:updateAndGet(138)) - s0: start s0@group-E264CA5F8311-FollowerState
2023-08-18 03:36:31,275 [s0-server-thread1] INFO  server.RaftServer$Division (RaftServerImpl.java:setConfigurationAsync(1238)) - s0@group-E264CA5F8311: receive setConfiguration SetConfigurationRequest:client-255CF6B0DA3F->s0@group-E264CA5F8311, cid=386, seq=0, RW, null, SET_UNCONDITIONALLY, servers:[s1|rpc:0.0.0.0:34459|dataStream:|priority:0|startupRole:FOLLOWER, s2|rpc:0.0.0.0:43137|dataStream:|priority:0|startupRole:FOLLOWER, s0|rpc:localhost:39295|admin:localhost:44843|client:localhost:40991|dataStream:localhost:40677|priority:0|startupRole:FOLLOWER], listeners:[]
2023-08-18 03:36:31,379 [s2-server-thread1] INFO  server.RaftServer$Division (RaftServerImpl.java:setConfigurationAsync(1238)) - s2@group-E264CA5F8311: receive setConfiguration SetConfigurationRequest:client-255CF6B0DA3F->s2@group-E264CA5F8311, cid=386, seq=0, RW, null, SET_UNCONDITIONALLY, servers:[s1|rpc:0.0.0.0:34459|dataStream:|priority:0|startupRole:FOLLOWER, s2|rpc:0.0.0.0:43137|dataStream:|priority:0|startupRole:FOLLOWER, s0|rpc:localhost:39295|admin:localhost:44843|client:localhost:40991|dataStream:localhost:40677|priority:0|startupRole:FOLLOWER], listeners:[]
2023-08-18 03:36:31,483 [s1-server-thread1] INFO  server.RaftServer$Division (RaftServerImpl.java:setConfigurationAsync(1238)) - s1@group-E264CA5F8311: receive setConfiguration SetConfigurationRequest:client-255CF6B0DA3F->s1@group-E264CA5F8311, cid=386, seq=0, RW, null, SET_UNCONDITIONALLY, servers:[s1|rpc:0.0.0.0:34459|dataStream:|priority:0|startupRole:FOLLOWER, s2|rpc:0.0.0.0:43137|dataStream:|priority:0|startupRole:FOLLOWER, s0|rpc:localhost:39295|admin:localhost:44843|client:localhost:40991|dataStream:localhost:40677|priority:0|startupRole:FOLLOWER], listeners:[]
2023-08-18 03:36:31,533 [s0@group-E264CA5F8311-FollowerState] INFO  impl.FollowerState (FollowerState.java:run(143)) - s0@group-E264CA5F8311-FollowerState: change to CANDIDATE, lastRpcElapsedTime:299270207ns, electionTimeout:299ms
2023-08-18 03:36:31,533 [s0@group-E264CA5F8311-FollowerState] INFO  impl.RoleInfo (RoleInfo.java:shutdownFollowerState(109)) - s0: shutdown s0@group-E264CA5F8311-FollowerState
2023-08-18 03:36:31,533 [s0@group-E264CA5F8311-FollowerState] INFO  server.RaftServer$Division (RaftServerImpl.java:setRole(371)) - s0@group-E264CA5F8311: changes role from  FOLLOWER to CANDIDATE at term 1 for changeToCandidate
2023-08-18 03:36:31,533 [s0@group-E264CA5F8311-FollowerState] INFO  server.RaftServerConfigKeys (ConfUtils.java:logGet(46)) - raft.server.leaderelection.pre-vote = true (default)
2023-08-18 03:36:31,533 [s0@group-E264CA5F8311-FollowerState] INFO  impl.RoleInfo (RoleInfo.java:updateAndGet(138)) - s0: start s0@group-E264CA5F8311-LeaderElection91
2023-08-18 03:36:31,533 [s0@group-E264CA5F8311-LeaderElection91] INFO  impl.LeaderElection (LeaderElection.java:askForVotes(320)) - s0@group-E264CA5F8311-LeaderElection91 PRE_VOTE round 0: submit vote requests at term 1 for 255: peers:[s0|rpc:localhost:39295|admin:localhost:44843|client:localhost:40991|dataStream:localhost:40677|priority:0|startupRole:FOLLOWER, s1|rpc:0.0.0.0:34459|dataStream:|priority:0|startupRole:FOLLOWER, s2|rpc:0.0.0.0:43137|dataStream:|priority:0|startupRole:FOLLOWER]|listeners:[], old=peers:[s0|rpc:localhost:39295|admin:localhost:44843|client:localhost:40991|dataStream:localhost:40677|priority:0|startupRole:FOLLOWER]|listeners:[]
2023-08-18 03:36:31,535 [grpc-default-executor-4] INFO  server.RaftServer$Division (RaftServerImpl.java:requestVote(1344)) - s2@group-E264CA5F8311: receive requestVote(PRE_VOTE, s0, group-E264CA5F8311, 1, (t:1, i:255))
2023-08-18 03:36:31,535 [grpc-default-executor-4] WARN  server.GrpcServerProtocolService (LogUtils.java:warn(122)) - s2: Failed requestVote s0->s2#0: org.apache.ratis.protocol.exceptions.ServerNotReadyException: s2@group-E264CA5F8311 is not in [RUNNING]: current state is STARTING
2023-08-18 03:36:31,535 [grpc-default-executor-3] INFO  server.RaftServer$Division (RaftServerImpl.java:requestVote(1344)) - s1@group-E264CA5F8311: receive requestVote(PRE_VOTE, s0, group-E264CA5F8311, 1, (t:1, i:255))
2023-08-18 03:36:31,535 [grpc-default-executor-3] WARN  server.GrpcServerProtocolService (LogUtils.java:warn(122)) - s1: Failed requestVote s0->s1#0: org.apache.ratis.protocol.exceptions.ServerNotReadyException: s1@group-E264CA5F8311 is not in [RUNNING]: current state is STARTING
2023-08-18 03:36:31,536 [s0@group-E264CA5F8311-LeaderElection91] INFO  impl.LeaderElection (LogUtils.java:infoOrTrace(137)) - s0@group-E264CA5F8311-LeaderElection91 got exception when requesting votes: java.util.concurrent.ExecutionException: org.apache.ratis.thirdparty.io.grpc.StatusRuntimeException: INTERNAL: s1@group-E264CA5F8311 is not in [RUNNING]: current state is STARTING
2023-08-18 03:36:31,536 [s0@group-E264CA5F8311-LeaderElection91] INFO  impl.LeaderElection (LogUtils.java:infoOrTrace(137)) - s0@group-E264CA5F8311-LeaderElection91 got exception when requesting votes: java.util.concurrent.ExecutionException: org.apache.ratis.thirdparty.io.grpc.StatusRuntimeException: INTERNAL: s2@group-E264CA5F8311 is not in [RUNNING]: current state is STARTING
2023-08-18 03:36:31,536 [s0@group-E264CA5F8311-LeaderElection91] INFO  impl.LeaderElection (LeaderElection.java:logAndReturn(89)) - s0@group-E264CA5F8311-LeaderElection91: PRE_VOTE REJECTED received 0 response(s) and 2 exception(s):
2023-08-18 03:36:31,536 [s0@group-E264CA5F8311-LeaderElection91] INFO  impl.LeaderElection (LogUtils.java:infoOrTrace(137)) -   Exception 0: java.util.concurrent.ExecutionException: org.apache.ratis.thirdparty.io.grpc.StatusRuntimeException: INTERNAL: s1@group-E264CA5F8311 is not in [RUNNING]: current state is STARTING
2023-08-18 03:36:31,536 [s0@group-E264CA5F8311-LeaderElection91] INFO  impl.LeaderElection (LogUtils.java:infoOrTrace(137)) -   Exception 1: java.util.concurrent.ExecutionException: org.apache.ratis.thirdparty.io.grpc.StatusRuntimeException: INTERNAL: s2@group-E264CA5F8311 is not in [RUNNING]: current state is STARTING
2023-08-18 03:36:31,536 [s0@group-E264CA5F8311-LeaderElection91] INFO  impl.LeaderElection (LeaderElection.java:askForVotes(322)) - s0@group-E264CA5F8311-LeaderElection91 PRE_VOTE round 0: result REJECTED
2023-08-18 03:36:31,536 [s0@group-E264CA5F8311-LeaderElection91] INFO  server.RaftServer$Division (RaftServerImpl.java:setRole(371)) - s0@group-E264CA5F8311: changes role from CANDIDATE to FOLLOWER at term 1 for REJECTED
2023-08-18 03:36:31,536 [s0@group-E264CA5F8311-LeaderElection91] INFO  impl.RoleInfo (RoleInfo.java:shutdownLeaderElection(129)) - s0: shutdown s0@group-E264CA5F8311-LeaderElection91
2023-08-18 03:36:31,536 [s0@group-E264CA5F8311-LeaderElection91] INFO  impl.RoleInfo (RoleInfo.java:updateAndGet(138)) - s0: start s0@group-E264CA5F8311-FollowerState
2023-08-18 03:36:31,587 [s0-server-thread1] INFO  server.RaftServer$Division (RaftServerImpl.java:setConfigurationAsync(1238)) - s0@group-E264CA5F8311: receive setConfiguration SetConfigurationRequest:client-255CF6B0DA3F->s0@group-E264CA5F8311, cid=386, seq=0, RW, null, SET_UNCONDITIONALLY, servers:[s1|rpc:0.0.0.0:34459|dataStream:|priority:0|startupRole:FOLLOWER, s2|rpc:0.0.0.0:43137|dataStream:|priority:0|startupRole:FOLLOWER, s0|rpc:localhost:39295|admin:localhost:44843|client:localhost:40991|dataStream:localhost:40677|priority:0|startupRole:FOLLOWER], listeners:[]
2023-08-18 03:36:31,691 [s1-server-thread1] INFO  server.RaftServer$Division (RaftServerImpl.java:setConfigurationAsync(1238)) - s1@group-E264CA5F8311: receive setConfiguration SetConfigurationRequest:client-255CF6B0DA3F->s1@group-E264CA5F8311, cid=386, seq=0, RW, null, SET_UNCONDITIONALLY, servers:[s1|rpc:0.0.0.0:34459|dataStream:|priority:0|startupRole:FOLLOWER, s2|rpc:0.0.0.0:43137|dataStream:|priority:0|startupRole:FOLLOWER, s0|rpc:localhost:39295|admin:localhost:44843|client:localhost:40991|dataStream:localhost:40677|priority:0|startupRole:FOLLOWER], listeners:[]
2023-08-18 03:36:31,789 [s0@group-E264CA5F8311-FollowerState] INFO  impl.FollowerState (FollowerState.java:run(143)) - s0@group-E264CA5F8311-FollowerState: change to CANDIDATE, lastRpcElapsedTime:252462435ns, electionTimeout:252ms
2023-08-18 03:36:31,789 [s0@group-E264CA5F8311-FollowerState] INFO  impl.RoleInfo (RoleInfo.java:shutdownFollowerState(109)) - s0: shutdown s0@group-E264CA5F8311-FollowerState
2023-08-18 03:36:31,789 [s0@group-E264CA5F8311-FollowerState] INFO  server.RaftServer$Division (RaftServerImpl.java:setRole(371)) - s0@group-E264CA5F8311: changes role from  FOLLOWER to CANDIDATE at term 1 for changeToCandidate
2023-08-18 03:36:31,789 [s0@group-E264CA5F8311-FollowerState] INFO  server.RaftServerConfigKeys (ConfUtils.java:logGet(46)) - raft.server.leaderelection.pre-vote = true (default)
2023-08-18 03:36:31,789 [s0@group-E264CA5F8311-FollowerState] INFO  impl.RoleInfo (RoleInfo.java:updateAndGet(138)) - s0: start s0@group-E264CA5F8311-LeaderElection92
2023-08-18 03:36:31,789 [s0@group-E264CA5F8311-LeaderElection92] INFO  impl.LeaderElection (LeaderElection.java:askForVotes(320)) - s0@group-E264CA5F8311-LeaderElection92 PRE_VOTE round 0: submit vote requests at term 1 for 255: peers:[s0|rpc:localhost:39295|admin:localhost:44843|client:localhost:40991|dataStream:localhost:40677|priority:0|startupRole:FOLLOWER, s1|rpc:0.0.0.0:34459|dataStream:|priority:0|startupRole:FOLLOWER, s2|rpc:0.0.0.0:43137|dataStream:|priority:0|startupRole:FOLLOWER]|listeners:[], old=peers:[s0|rpc:localhost:39295|admin:localhost:44843|client:localhost:40991|dataStream:localhost:40677|priority:0|startupRole:FOLLOWER]|listeners:[]
2023-08-18 03:36:31,790 [grpc-default-executor-3] INFO  server.RaftServer$Division (RaftServerImpl.java:requestVote(1344)) - s2@group-E264CA5F8311: receive requestVote(PRE_VOTE, s0, group-E264CA5F8311, 1, (t:1, i:255))
2023-08-18 03:36:31,790 [grpc-default-executor-4] INFO  server.RaftServer$Division (RaftServerImpl.java:requestVote(1344)) - s1@group-E264CA5F8311: receive requestVote(PRE_VOTE, s0, group-E264CA5F8311, 1, (t:1, i:255))
2023-08-18 03:36:31,790 [grpc-default-executor-3] WARN  server.GrpcServerProtocolService (LogUtils.java:warn(122)) - s2: Failed requestVote s0->s2#0: org.apache.ratis.protocol.exceptions.ServerNotReadyException: s2@group-E264CA5F8311 is not in [RUNNING]: current state is STARTING
2023-08-18 03:36:31,790 [grpc-default-executor-4] WARN  server.GrpcServerProtocolService (LogUtils.java:warn(122)) - s1: Failed requestVote s0->s1#0: org.apache.ratis.protocol.exceptions.ServerNotReadyException: s1@group-E264CA5F8311 is not in [RUNNING]: current state is STARTING
2023-08-18 03:36:31,791 [s0@group-E264CA5F8311-LeaderElection92] INFO  impl.LeaderElection (LogUtils.java:infoOrTrace(137)) - s0@group-E264CA5F8311-LeaderElection92 got exception when requesting votes: java.util.concurrent.ExecutionException: org.apache.ratis.thirdparty.io.grpc.StatusRuntimeException: INTERNAL: s2@group-E264CA5F8311 is not in [RUNNING]: current state is STARTING
2023-08-18 03:36:31,791 [s0@group-E264CA5F8311-LeaderElection92] INFO  impl.LeaderElection (LogUtils.java:infoOrTrace(137)) - s0@group-E264CA5F8311-LeaderElection92 got exception when requesting votes: java.util.concurrent.ExecutionException: org.apache.ratis.thirdparty.io.grpc.StatusRuntimeException: INTERNAL: s1@group-E264CA5F8311 is not in [RUNNING]: current state is STARTING
2023-08-18 03:36:31,791 [s0@group-E264CA5F8311-LeaderElection92] INFO  impl.LeaderElection (LeaderElection.java:logAndReturn(89)) - s0@group-E264CA5F8311-LeaderElection92: PRE_VOTE REJECTED received 0 response(s) and 2 exception(s):
2023-08-18 03:36:31,791 [s0@group-E264CA5F8311-LeaderElection92] INFO  impl.LeaderElection (LogUtils.java:infoOrTrace(137)) -   Exception 0: java.util.concurrent.ExecutionException: org.apache.ratis.thirdparty.io.grpc.StatusRuntimeException: INTERNAL: s2@group-E264CA5F8311 is not in [RUNNING]: current state is STARTING
2023-08-18 03:36:31,791 [s0@group-E264CA5F8311-LeaderElection92] INFO  impl.LeaderElection (LogUtils.java:infoOrTrace(137)) -   Exception 1: java.util.concurrent.ExecutionException: org.apache.ratis.thirdparty.io.grpc.StatusRuntimeException: INTERNAL: s1@group-E264CA5F8311 is not in [RUNNING]: current state is STARTING
2023-08-18 03:36:31,791 [s0@group-E264CA5F8311-LeaderElection92] INFO  impl.LeaderElection (LeaderElection.java:askForVotes(322)) - s0@group-E264CA5F8311-LeaderElection92 PRE_VOTE round 0: result REJECTED
2023-08-18 03:36:31,791 [s0@group-E264CA5F8311-LeaderElection92] INFO  server.RaftServer$Division (RaftServerImpl.java:setRole(371)) - s0@group-E264CA5F8311: changes role from CANDIDATE to FOLLOWER at term 1 for REJECTED
2023-08-18 03:36:31,791 [s0@group-E264CA5F8311-LeaderElection92] INFO  impl.RoleInfo (RoleInfo.java:shutdownLeaderElection(129)) - s0: shutdown s0@group-E264CA5F8311-LeaderElection92
2023-08-18 03:36:31,791 [s0@group-E264CA5F8311-LeaderElection92] INFO  impl.RoleInfo (RoleInfo.java:updateAndGet(138)) - s0: start s0@group-E264CA5F8311-FollowerState
2023-08-18 03:36:31,796 [s2-server-thread1] INFO  server.RaftServer$Division (RaftServerImpl.java:setConfigurationAsync(1238)) - s2@group-E264CA5F8311: receive setConfiguration SetConfigurationRequest:client-255CF6B0DA3F->s2@group-E264CA5F8311, cid=386, seq=0, RW, null, SET_UNCONDITIONALLY, servers:[s1|rpc:0.0.0.0:34459|dataStream:|priority:0|startupRole:FOLLOWER, s2|rpc:0.0.0.0:43137|dataStream:|priority:0|startupRole:FOLLOWER, s0|rpc:localhost:39295|admin:localhost:44843|client:localhost:40991|dataStream:localhost:40677|priority:0|startupRole:FOLLOWER], listeners:[]
2023-08-18 03:36:31,901 [s1-server-thread1] INFO  server.RaftServer$Division (RaftServerImpl.java:setConfigurationAsync(1238)) - s1@group-E264CA5F8311: receive setConfiguration SetConfigurationRequest:client-255CF6B0DA3F->s1@group-E264CA5F8311, cid=386, seq=0, RW, null, SET_UNCONDITIONALLY, servers:[s1|rpc:0.0.0.0:34459|dataStream:|priority:0|startupRole:FOLLOWER, s2|rpc:0.0.0.0:43137|dataStream:|priority:0|startupRole:FOLLOWER, s0|rpc:localhost:39295|admin:localhost:44843|client:localhost:40991|dataStream:localhost:40677|priority:0|startupRole:FOLLOWER], listeners:[]
2023-08-18 03:36:31,949 [s0@group-E264CA5F8311-FollowerState] INFO  impl.FollowerState (FollowerState.java:run(143)) - s0@group-E264CA5F8311-FollowerState: change to CANDIDATE, lastRpcElapsedTime:158373992ns, electionTimeout:158ms
2023-08-18 03:36:31,950 [s0@group-E264CA5F8311-FollowerState] INFO  impl.RoleInfo (RoleInfo.java:shutdownFollowerState(109)) - s0: shutdown s0@group-E264CA5F8311-FollowerState
2023-08-18 03:36:31,950 [s0@group-E264CA5F8311-FollowerState] INFO  server.RaftServer$Division (RaftServerImpl.java:setRole(371)) - s0@group-E264CA5F8311: changes role from  FOLLOWER to CANDIDATE at term 1 for changeToCandidate
2023-08-18 03:36:31,950 [s0@group-E264CA5F8311-FollowerState] INFO  server.RaftServerConfigKeys (ConfUtils.java:logGet(46)) - raft.server.leaderelection.pre-vote = true (default)
2023-08-18 03:36:31,950 [s0@group-E264CA5F8311-FollowerState] INFO  impl.RoleInfo (RoleInfo.java:updateAndGet(138)) - s0: start s0@group-E264CA5F8311-LeaderElection93
2023-08-18 03:36:31,950 [s0@group-E264CA5F8311-LeaderElection93] INFO  impl.LeaderElection (LeaderElection.java:askForVotes(320)) - s0@group-E264CA5F8311-LeaderElection93 PRE_VOTE round 0: submit vote requests at term 1 for 255: peers:[s0|rpc:localhost:39295|admin:localhost:44843|client:localhost:40991|dataStream:localhost:40677|priority:0|startupRole:FOLLOWER, s1|rpc:0.0.0.0:34459|dataStream:|priority:0|startupRole:FOLLOWER, s2|rpc:0.0.0.0:43137|dataStream:|priority:0|startupRole:FOLLOWER]|listeners:[], old=peers:[s0|rpc:localhost:39295|admin:localhost:44843|client:localhost:40991|dataStream:localhost:40677|priority:0|startupRole:FOLLOWER]|listeners:[]
2023-08-18 03:36:31,951 [grpc-default-executor-3] INFO  server.RaftServer$Division (RaftServerImpl.java:requestVote(1344)) - s1@group-E264CA5F8311: receive requestVote(PRE_VOTE, s0, group-E264CA5F8311, 1, (t:1, i:255))
2023-08-18 03:36:31,951 [grpc-default-executor-3] WARN  server.GrpcServerProtocolService (LogUtils.java:warn(122)) - s1: Failed requestVote s0->s1#0: org.apache.ratis.protocol.exceptions.ServerNotReadyException: s1@group-E264CA5F8311 is not in [RUNNING]: current state is STARTING
2023-08-18 03:36:31,951 [grpc-default-executor-3] INFO  server.RaftServer$Division (RaftServerImpl.java:requestVote(1344)) - s2@group-E264CA5F8311: receive requestVote(PRE_VOTE, s0, group-E264CA5F8311, 1, (t:1, i:255))
2023-08-18 03:36:31,951 [grpc-default-executor-3] WARN  server.GrpcServerProtocolService (LogUtils.java:warn(122)) - s2: Failed requestVote s0->s2#0: org.apache.ratis.protocol.exceptions.ServerNotReadyException: s2@group-E264CA5F8311 is not in [RUNNING]: current state is STARTING
2023-08-18 03:36:31,952 [s0@group-E264CA5F8311-LeaderElection93] INFO  impl.LeaderElection (LogUtils.java:infoOrTrace(137)) - s0@group-E264CA5F8311-LeaderElection93 got exception when requesting votes: java.util.concurrent.ExecutionException: org.apache.ratis.thirdparty.io.grpc.StatusRuntimeException: INTERNAL: s1@group-E264CA5F8311 is not in [RUNNING]: current state is STARTING
2023-08-18 03:36:31,952 [s0@group-E264CA5F8311-LeaderElection93] INFO  impl.LeaderElection (LogUtils.java:infoOrTrace(137)) - s0@group-E264CA5F8311-LeaderElection93 got exception when requesting votes: java.util.concurrent.ExecutionException: org.apache.ratis.thirdparty.io.grpc.StatusRuntimeException: INTERNAL: s2@group-E264CA5F8311 is not in [RUNNING]: current state is STARTING
2023-08-18 03:36:31,952 [s0@group-E264CA5F8311-LeaderElection93] INFO  impl.LeaderElection (LeaderElection.java:logAndReturn(89)) - s0@group-E264CA5F8311-LeaderElection93: PRE_VOTE REJECTED received 0 response(s) and 2 exception(s):
2023-08-18 03:36:31,952 [s0@group-E264CA5F8311-LeaderElection93] INFO  impl.LeaderElection (LogUtils.java:infoOrTrace(137)) -   Exception 0: java.util.concurrent.ExecutionException: org.apache.ratis.thirdparty.io.grpc.StatusRuntimeException: INTERNAL: s1@group-E264CA5F8311 is not in [RUNNING]: current state is STARTING
2023-08-18 03:36:31,952 [s0@group-E264CA5F8311-LeaderElection93] INFO  impl.LeaderElection (LogUtils.java:infoOrTrace(137)) -   Exception 1: java.util.concurrent.ExecutionException: org.apache.ratis.thirdparty.io.grpc.StatusRuntimeException: INTERNAL: s2@group-E264CA5F8311 is not in [RUNNING]: current state is STARTING
2023-08-18 03:36:31,952 [s0@group-E264CA5F8311-LeaderElection93] INFO  impl.LeaderElection (LeaderElection.java:askForVotes(322)) - s0@group-E264CA5F8311-LeaderElection93 PRE_VOTE round 0: result REJECTED
2023-08-18 03:36:31,952 [s0@group-E264CA5F8311-LeaderElection93] INFO  server.RaftServer$Division (RaftServerImpl.java:setRole(371)) - s0@group-E264CA5F8311: changes role from CANDIDATE to FOLLOWER at term 1 for REJECTED
2023-08-18 03:36:31,952 [s0@group-E264CA5F8311-LeaderElection93] INFO  impl.RoleInfo (RoleInfo.java:shutdownLeaderElection(129)) - s0: shutdown s0@group-E264CA5F8311-LeaderElection93
2023-08-18 03:36:31,952 [s0@group-E264CA5F8311-LeaderElection93] INFO  impl.RoleInfo (RoleInfo.java:updateAndGet(138)) - s0: start s0@group-E264CA5F8311-FollowerState
2023-08-18 03:36:32,005 [s0-server-thread1] INFO  server.RaftServer$Division (RaftServerImpl.java:setConfigurationAsync(1238)) - s0@group-E264CA5F8311: receive setConfiguration SetConfigurationRequest:client-255CF6B0DA3F->s0@group-E264CA5F8311, cid=386, seq=0, RW, null, SET_UNCONDITIONALLY, servers:[s1|rpc:0.0.0.0:34459|dataStream:|priority:0|startupRole:FOLLOWER, s2|rpc:0.0.0.0:43137|dataStream:|priority:0|startupRole:FOLLOWER, s0|rpc:localhost:39295|admin:localhost:44843|client:localhost:40991|dataStream:localhost:40677|priority:0|startupRole:FOLLOWER], listeners:[]
2023-08-18 03:36:32,109 [s1-server-thread1] INFO  server.RaftServer$Division (RaftServerImpl.java:setConfigurationAsync(1238)) - s1@group-E264CA5F8311: receive setConfiguration SetConfigurationRequest:client-255CF6B0DA3F->s1@group-E264CA5F8311, cid=386, seq=0, RW, null, SET_UNCONDITIONALLY, servers:[s1|rpc:0.0.0.0:34459|dataStream:|priority:0|startupRole:FOLLOWER, s2|rpc:0.0.0.0:43137|dataStream:|priority:0|startupRole:FOLLOWER, s0|rpc:localhost:39295|admin:localhost:44843|client:localhost:40991|dataStream:localhost:40677|priority:0|startupRole:FOLLOWER], listeners:[]
2023-08-18 03:36:32,213 [s2-server-thread1] INFO  server.RaftServer$Division (RaftServerImpl.java:setConfigurationAsync(1238)) - s2@group-E264CA5F8311: receive setConfiguration SetConfigurationRequest:client-255CF6B0DA3F->s2@group-E264CA5F8311, cid=386, seq=0, RW, null, SET_UNCONDITIONALLY, servers:[s1|rpc:0.0.0.0:34459|dataStream:|priority:0|startupRole:FOLLOWER, s2|rpc:0.0.0.0:43137|dataStream:|priority:0|startupRole:FOLLOWER, s0|rpc:localhost:39295|admin:localhost:44843|client:localhost:40991|dataStream:localhost:40677|priority:0|startupRole:FOLLOWER], listeners:[]
2023-08-18 03:36:32,242 [s0@group-E264CA5F8311-FollowerState] INFO  impl.FollowerState (FollowerState.java:run(143)) - s0@group-E264CA5F8311-FollowerState: change to CANDIDATE, lastRpcElapsedTime:290248870ns, electionTimeout:290ms
2023-08-18 03:36:32,242 [s0@group-E264CA5F8311-FollowerState] INFO  impl.RoleInfo (RoleInfo.java:shutdownFollowerState(109)) - s0: shutdown s0@group-E264CA5F8311-FollowerState
2023-08-18 03:36:32,242 [s0@group-E264CA5F8311-FollowerState] INFO  server.RaftServer$Division (RaftServerImpl.java:setRole(371)) - s0@group-E264CA5F8311: changes role from  FOLLOWER to CANDIDATE at term 1 for changeToCandidate
2023-08-18 03:36:32,242 [s0@group-E264CA5F8311-FollowerState] INFO  server.RaftServerConfigKeys (ConfUtils.java:logGet(46)) - raft.server.leaderelection.pre-vote = true (default)
2023-08-18 03:36:32,243 [s0@group-E264CA5F8311-FollowerState] INFO  impl.RoleInfo (RoleInfo.java:updateAndGet(138)) - s0: start s0@group-E264CA5F8311-LeaderElection94
2023-08-18 03:36:32,243 [s0@group-E264CA5F8311-LeaderElection94] INFO  impl.LeaderElection (LeaderElection.java:askForVotes(320)) - s0@group-E264CA5F8311-LeaderElection94 PRE_VOTE round 0: submit vote requests at term 1 for 255: peers:[s0|rpc:localhost:39295|admin:localhost:44843|client:localhost:40991|dataStream:localhost:40677|priority:0|startupRole:FOLLOWER, s1|rpc:0.0.0.0:34459|dataStream:|priority:0|startupRole:FOLLOWER, s2|rpc:0.0.0.0:43137|dataStream:|priority:0|startupRole:FOLLOWER]|listeners:[], old=peers:[s0|rpc:localhost:39295|admin:localhost:44843|client:localhost:40991|dataStream:localhost:40677|priority:0|startupRole:FOLLOWER]|listeners:[]
2023-08-18 03:36:32,244 [grpc-default-executor-3] INFO  server.RaftServer$Division (RaftServerImpl.java:requestVote(1344)) - s2@group-E264CA5F8311: receive requestVote(PRE_VOTE, s0, group-E264CA5F8311, 1, (t:1, i:255))
2023-08-18 03:36:32,244 [grpc-default-executor-4] INFO  server.RaftServer$Division (RaftServerImpl.java:requestVote(1344)) - s1@group-E264CA5F8311: receive requestVote(PRE_VOTE, s0, group-E264CA5F8311, 1, (t:1, i:255))
2023-08-18 03:36:32,244 [grpc-default-executor-3] WARN  server.GrpcServerProtocolService (LogUtils.java:warn(122)) - s2: Failed requestVote s0->s2#0: org.apache.ratis.protocol.exceptions.ServerNotReadyException: s2@group-E264CA5F8311 is not in [RUNNING]: current state is STARTING
2023-08-18 03:36:32,244 [grpc-default-executor-4] WARN  server.GrpcServerProtocolService (LogUtils.java:warn(122)) - s1: Failed requestVote s0->s1#0: org.apache.ratis.protocol.exceptions.ServerNotReadyException: s1@group-E264CA5F8311 is not in [RUNNING]: current state is STARTING
2023-08-18 03:36:32,244 [s0@group-E264CA5F8311-LeaderElection94] INFO  impl.LeaderElection (LogUtils.java:infoOrTrace(137)) - s0@group-E264CA5F8311-LeaderElection94 got exception when requesting votes: java.util.concurrent.ExecutionException: org.apache.ratis.thirdparty.io.grpc.StatusRuntimeException: INTERNAL: s1@group-E264CA5F8311 is not in [RUNNING]: current state is STARTING
2023-08-18 03:36:32,245 [s0@group-E264CA5F8311-LeaderElection94] INFO  impl.LeaderElection (LogUtils.java:infoOrTrace(137)) - s0@group-E264CA5F8311-LeaderElection94 got exception when requesting votes: java.util.concurrent.ExecutionException: org.apache.ratis.thirdparty.io.grpc.StatusRuntimeException: INTERNAL: s2@group-E264CA5F8311 is not in [RUNNING]: current state is STARTING
2023-08-18 03:36:32,245 [s0@group-E264CA5F8311-LeaderElection94] INFO  impl.LeaderElection (LeaderElection.java:logAndReturn(89)) - s0@group-E264CA5F8311-LeaderElection94: PRE_VOTE REJECTED received 0 response(s) and 2 exception(s):
2023-08-18 03:36:32,245 [s0@group-E264CA5F8311-LeaderElection94] INFO  impl.LeaderElection (LogUtils.java:infoOrTrace(137)) -   Exception 0: java.util.concurrent.ExecutionException: org.apache.ratis.thirdparty.io.grpc.StatusRuntimeException: INTERNAL: s1@group-E264CA5F8311 is not in [RUNNING]: current state is STARTING
2023-08-18 03:36:32,245 [s0@group-E264CA5F8311-LeaderElection94] INFO  impl.LeaderElection (LogUtils.java:infoOrTrace(137)) -   Exception 1: java.util.concurrent.ExecutionException: org.apache.ratis.thirdparty.io.grpc.StatusRuntimeException: INTERNAL: s2@group-E264CA5F8311 is not in [RUNNING]: current state is STARTING
2023-08-18 03:36:32,245 [s0@group-E264CA5F8311-LeaderElection94] INFO  impl.LeaderElection (LeaderElection.java:askForVotes(322)) - s0@group-E264CA5F8311-LeaderElection94 PRE_VOTE round 0: result REJECTED
2023-08-18 03:36:32,245 [s0@group-E264CA5F8311-LeaderElection94] INFO  server.RaftServer$Division (RaftServerImpl.java:setRole(371)) - s0@group-E264CA5F8311: changes role from CANDIDATE to FOLLOWER at term 1 for REJECTED
2023-08-18 03:36:32,245 [s0@group-E264CA5F8311-LeaderElection94] INFO  impl.RoleInfo (RoleInfo.java:shutdownLeaderElection(129)) - s0: shutdown s0@group-E264CA5F8311-LeaderElection94
2023-08-18 03:36:32,245 [s0@group-E264CA5F8311-LeaderElection94] INFO  impl.RoleInfo (RoleInfo.java:updateAndGet(138)) - s0: start s0@group-E264CA5F8311-FollowerState
2023-08-18 03:36:32,317 [s0-server-thread1] INFO  server.RaftServer$Division (RaftServerImpl.java:setConfigurationAsync(1238)) - s0@group-E264CA5F8311: receive setConfiguration SetConfigurationRequest:client-255CF6B0DA3F->s0@group-E264CA5F8311, cid=386, seq=0, RW, null, SET_UNCONDITIONALLY, servers:[s1|rpc:0.0.0.0:34459|dataStream:|priority:0|startupRole:FOLLOWER, s2|rpc:0.0.0.0:43137|dataStream:|priority:0|startupRole:FOLLOWER, s0|rpc:localhost:39295|admin:localhost:44843|client:localhost:40991|dataStream:localhost:40677|priority:0|startupRole:FOLLOWER], listeners:[]
2023-08-18 03:36:32,422 [s2-server-thread1] INFO  server.RaftServer$Division (RaftServerImpl.java:setConfigurationAsync(1238)) - s2@group-E264CA5F8311: receive setConfiguration SetConfigurationRequest:client-255CF6B0DA3F->s2@group-E264CA5F8311, cid=386, seq=0, RW, null, SET_UNCONDITIONALLY, servers:[s1|rpc:0.0.0.0:34459|dataStream:|priority:0|startupRole:FOLLOWER, s2|rpc:0.0.0.0:43137|dataStream:|priority:0|startupRole:FOLLOWER, s0|rpc:localhost:39295|admin:localhost:44843|client:localhost:40991|dataStream:localhost:40677|priority:0|startupRole:FOLLOWER], listeners:[]
2023-08-18 03:36:32,447 [s0@group-E264CA5F8311-FollowerState] INFO  impl.FollowerState (FollowerState.java:run(143)) - s0@group-E264CA5F8311-FollowerState: change to CANDIDATE, lastRpcElapsedTime:202317385ns, electionTimeout:202ms
2023-08-18 03:36:32,447 [s0@group-E264CA5F8311-FollowerState] INFO  impl.RoleInfo (RoleInfo.java:shutdownFollowerState(109)) - s0: shutdown s0@group-E264CA5F8311-FollowerState
2023-08-18 03:36:32,447 [s0@group-E264CA5F8311-FollowerState] INFO  server.RaftServer$Division (RaftServerImpl.java:setRole(371)) - s0@group-E264CA5F8311: changes role from  FOLLOWER to CANDIDATE at term 1 for changeToCandidate
2023-08-18 03:36:32,447 [s0@group-E264CA5F8311-FollowerState] INFO  server.RaftServerConfigKeys (ConfUtils.java:logGet(46)) - raft.server.leaderelection.pre-vote = true (default)
2023-08-18 03:36:32,447 [s0@group-E264CA5F8311-FollowerState] INFO  impl.RoleInfo (RoleInfo.java:updateAndGet(138)) - s0: start s0@group-E264CA5F8311-LeaderElection95
2023-08-18 03:36:32,448 [s0@group-E264CA5F8311-LeaderElection95] INFO  impl.LeaderElection (LeaderElection.java:askForVotes(320)) - s0@group-E264CA5F8311-LeaderElection95 PRE_VOTE round 0: submit vote requests at term 1 for 255: peers:[s0|rpc:localhost:39295|admin:localhost:44843|client:localhost:40991|dataStream:localhost:40677|priority:0|startupRole:FOLLOWER, s1|rpc:0.0.0.0:34459|dataStream:|priority:0|startupRole:FOLLOWER, s2|rpc:0.0.0.0:43137|dataStream:|priority:0|startupRole:FOLLOWER]|listeners:[], old=peers:[s0|rpc:localhost:39295|admin:localhost:44843|client:localhost:40991|dataStream:localhost:40677|priority:0|startupRole:FOLLOWER]|listeners:[]
2023-08-18 03:36:32,449 [grpc-default-executor-4] INFO  server.RaftServer$Division (RaftServerImpl.java:requestVote(1344)) - s1@group-E264CA5F8311: receive requestVote(PRE_VOTE, s0, group-E264CA5F8311, 1, (t:1, i:255))
2023-08-18 03:36:32,449 [grpc-default-executor-4] WARN  server.GrpcServerProtocolService (LogUtils.java:warn(122)) - s1: Failed requestVote s0->s1#0: org.apache.ratis.protocol.exceptions.ServerNotReadyException: s1@group-E264CA5F8311 is not in [RUNNING]: current state is STARTING
2023-08-18 03:36:32,449 [grpc-default-executor-4] INFO  server.RaftServer$Division (RaftServerImpl.java:requestVote(1344)) - s2@group-E264CA5F8311: receive requestVote(PRE_VOTE, s0, group-E264CA5F8311, 1, (t:1, i:255))
2023-08-18 03:36:32,449 [grpc-default-executor-4] WARN  server.GrpcServerProtocolService (LogUtils.java:warn(122)) - s2: Failed requestVote s0->s2#0: org.apache.ratis.protocol.exceptions.ServerNotReadyException: s2@group-E264CA5F8311 is not in [RUNNING]: current state is STARTING
2023-08-18 03:36:32,449 [s0@group-E264CA5F8311-LeaderElection95] INFO  impl.LeaderElection (LogUtils.java:infoOrTrace(137)) - s0@group-E264CA5F8311-LeaderElection95 got exception when requesting votes: java.util.concurrent.ExecutionException: org.apache.ratis.thirdparty.io.grpc.StatusRuntimeException: INTERNAL: s1@group-E264CA5F8311 is not in [RUNNING]: current state is STARTING
2023-08-18 03:36:32,449 [s0@group-E264CA5F8311-LeaderElection95] INFO  impl.LeaderElection (LogUtils.java:infoOrTrace(137)) - s0@group-E264CA5F8311-LeaderElection95 got exception when requesting votes: java.util.concurrent.ExecutionException: org.apache.ratis.thirdparty.io.grpc.StatusRuntimeException: INTERNAL: s2@group-E264CA5F8311 is not in [RUNNING]: current state is STARTING
2023-08-18 03:36:32,449 [s0@group-E264CA5F8311-LeaderElection95] INFO  impl.LeaderElection (LeaderElection.java:logAndReturn(89)) - s0@group-E264CA5F8311-LeaderElection95: PRE_VOTE REJECTED received 0 response(s) and 2 exception(s):
2023-08-18 03:36:32,449 [s0@group-E264CA5F8311-LeaderElection95] INFO  impl.LeaderElection (LogUtils.java:infoOrTrace(137)) -   Exception 0: java.util.concurrent.ExecutionException: org.apache.ratis.thirdparty.io.grpc.StatusRuntimeException: INTERNAL: s1@group-E264CA5F8311 is not in [RUNNING]: current state is STARTING
2023-08-18 03:36:32,449 [s0@group-E264CA5F8311-LeaderElection95] INFO  impl.LeaderElection (LogUtils.java:infoOrTrace(137)) -   Exception 1: java.util.concurrent.ExecutionException: org.apache.ratis.thirdparty.io.grpc.StatusRuntimeException: INTERNAL: s2@group-E264CA5F8311 is not in [RUNNING]: current state is STARTING
2023-08-18 03:36:32,450 [s0@group-E264CA5F8311-LeaderElection95] INFO  impl.LeaderElection (LeaderElection.java:askForVotes(322)) - s0@group-E264CA5F8311-LeaderElection95 PRE_VOTE round 0: result REJECTED
2023-08-18 03:36:32,450 [s0@group-E264CA5F8311-LeaderElection95] INFO  server.RaftServer$Division (RaftServerImpl.java:setRole(371)) - s0@group-E264CA5F8311: changes role from CANDIDATE to FOLLOWER at term 1 for REJECTED
2023-08-18 03:36:32,450 [s0@group-E264CA5F8311-LeaderElection95] INFO  impl.RoleInfo (RoleInfo.java:shutdownLeaderElection(129)) - s0: shutdown s0@group-E264CA5F8311-LeaderElection95
2023-08-18 03:36:32,450 [s0@group-E264CA5F8311-LeaderElection95] INFO  impl.RoleInfo (RoleInfo.java:updateAndGet(138)) - s0: start s0@group-E264CA5F8311-FollowerState
2023-08-18 03:36:32,527 [s0-server-thread1] INFO  server.RaftServer$Division (RaftServerImpl.java:setConfigurationAsync(1238)) - s0@group-E264CA5F8311: receive setConfiguration SetConfigurationRequest:client-255CF6B0DA3F->s0@group-E264CA5F8311, cid=386, seq=0, RW, null, SET_UNCONDITIONALLY, servers:[s1|rpc:0.0.0.0:34459|dataStream:|priority:0|startupRole:FOLLOWER, s2|rpc:0.0.0.0:43137|dataStream:|priority:0|startupRole:FOLLOWER, s0|rpc:localhost:39295|admin:localhost:44843|client:localhost:40991|dataStream:localhost:40677|priority:0|startupRole:FOLLOWER], listeners:[]
2023-08-18 03:36:32,631 [s2-server-thread1] INFO  server.RaftServer$Division (RaftServerImpl.java:setConfigurationAsync(1238)) - s2@group-E264CA5F8311: receive setConfiguration SetConfigurationRequest:client-255CF6B0DA3F->s2@group-E264CA5F8311, cid=386, seq=0, RW, null, SET_UNCONDITIONALLY, servers:[s1|rpc:0.0.0.0:34459|dataStream:|priority:0|startupRole:FOLLOWER, s2|rpc:0.0.0.0:43137|dataStream:|priority:0|startupRole:FOLLOWER, s0|rpc:localhost:39295|admin:localhost:44843|client:localhost:40991|dataStream:localhost:40677|priority:0|startupRole:FOLLOWER], listeners:[]
2023-08-18 03:36:32,712 [s0@group-E264CA5F8311-FollowerState] INFO  impl.FollowerState (FollowerState.java:run(143)) - s0@group-E264CA5F8311-FollowerState: change to CANDIDATE, lastRpcElapsedTime:262254358ns, electionTimeout:262ms
2023-08-18 03:36:32,712 [s0@group-E264CA5F8311-FollowerState] INFO  impl.RoleInfo (RoleInfo.java:shutdownFollowerState(109)) - s0: shutdown s0@group-E264CA5F8311-FollowerState
2023-08-18 03:36:32,712 [s0@group-E264CA5F8311-FollowerState] INFO  server.RaftServer$Division (RaftServerImpl.java:setRole(371)) - s0@group-E264CA5F8311: changes role from  FOLLOWER to CANDIDATE at term 1 for changeToCandidate
2023-08-18 03:36:32,712 [s0@group-E264CA5F8311-FollowerState] INFO  server.RaftServerConfigKeys (ConfUtils.java:logGet(46)) - raft.server.leaderelection.pre-vote = true (default)
2023-08-18 03:36:32,712 [s0@group-E264CA5F8311-FollowerState] INFO  impl.RoleInfo (RoleInfo.java:updateAndGet(138)) - s0: start s0@group-E264CA5F8311-LeaderElection96
2023-08-18 03:36:32,712 [s0@group-E264CA5F8311-LeaderElection96] INFO  impl.LeaderElection (LeaderElection.java:askForVotes(320)) - s0@group-E264CA5F8311-LeaderElection96 PRE_VOTE round 0: submit vote requests at term 1 for 255: peers:[s0|rpc:localhost:39295|admin:localhost:44843|client:localhost:40991|dataStream:localhost:40677|priority:0|startupRole:FOLLOWER, s1|rpc:0.0.0.0:34459|dataStream:|priority:0|startupRole:FOLLOWER, s2|rpc:0.0.0.0:43137|dataStream:|priority:0|startupRole:FOLLOWER]|listeners:[], old=peers:[s0|rpc:localhost:39295|admin:localhost:44843|client:localhost:40991|dataStream:localhost:40677|priority:0|startupRole:FOLLOWER]|listeners:[]
2023-08-18 03:36:32,713 [grpc-default-executor-4] INFO  server.RaftServer$Division (RaftServerImpl.java:requestVote(1344)) - s1@group-E264CA5F8311: receive requestVote(PRE_VOTE, s0, group-E264CA5F8311, 1, (t:1, i:255))
2023-08-18 03:36:32,714 [grpc-default-executor-4] WARN  server.GrpcServerProtocolService (LogUtils.java:warn(122)) - s1: Failed requestVote s0->s1#0: org.apache.ratis.protocol.exceptions.ServerNotReadyException: s1@group-E264CA5F8311 is not in [RUNNING]: current state is STARTING
2023-08-18 03:36:32,714 [grpc-default-executor-3] INFO  server.RaftServer$Division (RaftServerImpl.java:requestVote(1344)) - s2@group-E264CA5F8311: receive requestVote(PRE_VOTE, s0, group-E264CA5F8311, 1, (t:1, i:255))
2023-08-18 03:36:32,714 [grpc-default-executor-3] WARN  server.GrpcServerProtocolService (LogUtils.java:warn(122)) - s2: Failed requestVote s0->s2#0: org.apache.ratis.protocol.exceptions.ServerNotReadyException: s2@group-E264CA5F8311 is not in [RUNNING]: current state is STARTING
2023-08-18 03:36:32,714 [s0@group-E264CA5F8311-LeaderElection96] INFO  impl.LeaderElection (LogUtils.java:infoOrTrace(137)) - s0@group-E264CA5F8311-LeaderElection96 got exception when requesting votes: java.util.concurrent.ExecutionException: org.apache.ratis.thirdparty.io.grpc.StatusRuntimeException: INTERNAL: s1@group-E264CA5F8311 is not in [RUNNING]: current state is STARTING
2023-08-18 03:36:32,714 [s0@group-E264CA5F8311-LeaderElection96] INFO  impl.LeaderElection (LogUtils.java:infoOrTrace(137)) - s0@group-E264CA5F8311-LeaderElection96 got exception when requesting votes: java.util.concurrent.ExecutionException: org.apache.ratis.thirdparty.io.grpc.StatusRuntimeException: INTERNAL: s2@group-E264CA5F8311 is not in [RUNNING]: current state is STARTING
2023-08-18 03:36:32,714 [s0@group-E264CA5F8311-LeaderElection96] INFO  impl.LeaderElection (LeaderElection.java:logAndReturn(89)) - s0@group-E264CA5F8311-LeaderElection96: PRE_VOTE REJECTED received 0 response(s) and 2 exception(s):
2023-08-18 03:36:32,714 [s0@group-E264CA5F8311-LeaderElection96] INFO  impl.LeaderElection (LogUtils.java:infoOrTrace(137)) -   Exception 0: java.util.concurrent.ExecutionException: org.apache.ratis.thirdparty.io.grpc.StatusRuntimeException: INTERNAL: s1@group-E264CA5F8311 is not in [RUNNING]: current state is STARTING
2023-08-18 03:36:32,714 [s0@group-E264CA5F8311-LeaderElection96] INFO  impl.LeaderElection (LogUtils.java:infoOrTrace(137)) -   Exception 1: java.util.concurrent.ExecutionException: org.apache.ratis.thirdparty.io.grpc.StatusRuntimeException: INTERNAL: s2@group-E264CA5F8311 is not in [RUNNING]: current state is STARTING
2023-08-18 03:36:32,714 [s0@group-E264CA5F8311-LeaderElection96] INFO  impl.LeaderElection (LeaderElection.java:askForVotes(322)) - s0@group-E264CA5F8311-LeaderElection96 PRE_VOTE round 0: result REJECTED
2023-08-18 03:36:32,714 [s0@group-E264CA5F8311-LeaderElection96] INFO  server.RaftServer$Division (RaftServerImpl.java:setRole(371)) - s0@group-E264CA5F8311: changes role from CANDIDATE to FOLLOWER at term 1 for REJECTED
2023-08-18 03:36:32,714 [s0@group-E264CA5F8311-LeaderElection96] INFO  impl.RoleInfo (RoleInfo.java:shutdownLeaderElection(129)) - s0: shutdown s0@group-E264CA5F8311-LeaderElection96
2023-08-18 03:36:32,714 [s0@group-E264CA5F8311-LeaderElection96] INFO  impl.RoleInfo (RoleInfo.java:updateAndGet(138)) - s0: start s0@group-E264CA5F8311-FollowerState
2023-08-18 03:36:32,749 [s1-server-thread1] INFO  server.RaftServer$Division (RaftServerImpl.java:setConfigurationAsync(1238)) - s1@group-E264CA5F8311: receive setConfiguration SetConfigurationRequest:client-255CF6B0DA3F->s1@group-E264CA5F8311, cid=386, seq=0, RW, null, SET_UNCONDITIONALLY, servers:[s1|rpc:0.0.0.0:34459|dataStream:|priority:0|startupRole:FOLLOWER, s2|rpc:0.0.0.0:43137|dataStream:|priority:0|startupRole:FOLLOWER, s0|rpc:localhost:39295|admin:localhost:44843|client:localhost:40991|dataStream:localhost:40677|priority:0|startupRole:FOLLOWER], listeners:[]
2023-08-18 03:36:32,854 [s0-server-thread1] INFO  server.RaftServer$Division (RaftServerImpl.java:setConfigurationAsync(1238)) - s0@group-E264CA5F8311: receive setConfiguration SetConfigurationRequest:client-255CF6B0DA3F->s0@group-E264CA5F8311, cid=386, seq=0, RW, null, SET_UNCONDITIONALLY, servers:[s1|rpc:0.0.0.0:34459|dataStream:|priority:0|startupRole:FOLLOWER, s2|rpc:0.0.0.0:43137|dataStream:|priority:0|startupRole:FOLLOWER, s0|rpc:localhost:39295|admin:localhost:44843|client:localhost:40991|dataStream:localhost:40677|priority:0|startupRole:FOLLOWER], listeners:[]
2023-08-18 03:36:32,884 [s0@group-E264CA5F8311-FollowerState] INFO  impl.FollowerState (FollowerState.java:run(143)) - s0@group-E264CA5F8311-FollowerState: change to CANDIDATE, lastRpcElapsedTime:169344093ns, electionTimeout:169ms
2023-08-18 03:36:32,884 [s0@group-E264CA5F8311-FollowerState] INFO  impl.RoleInfo (RoleInfo.java:shutdownFollowerState(109)) - s0: shutdown s0@group-E264CA5F8311-FollowerState
2023-08-18 03:36:32,884 [s0@group-E264CA5F8311-FollowerState] INFO  server.RaftServer$Division (RaftServerImpl.java:setRole(371)) - s0@group-E264CA5F8311: changes role from  FOLLOWER to CANDIDATE at term 1 for changeToCandidate
2023-08-18 03:36:32,884 [s0@group-E264CA5F8311-FollowerState] INFO  server.RaftServerConfigKeys (ConfUtils.java:logGet(46)) - raft.server.leaderelection.pre-vote = true (default)
2023-08-18 03:36:32,884 [s0@group-E264CA5F8311-FollowerState] INFO  impl.RoleInfo (RoleInfo.java:updateAndGet(138)) - s0: start s0@group-E264CA5F8311-LeaderElection97
2023-08-18 03:36:32,884 [s0@group-E264CA5F8311-LeaderElection97] INFO  impl.LeaderElection (LeaderElection.java:askForVotes(320)) - s0@group-E264CA5F8311-LeaderElection97 PRE_VOTE round 0: submit vote requests at term 1 for 255: peers:[s0|rpc:localhost:39295|admin:localhost:44843|client:localhost:40991|dataStream:localhost:40677|priority:0|startupRole:FOLLOWER, s1|rpc:0.0.0.0:34459|dataStream:|priority:0|startupRole:FOLLOWER, s2|rpc:0.0.0.0:43137|dataStream:|priority:0|startupRole:FOLLOWER]|listeners:[], old=peers:[s0|rpc:localhost:39295|admin:localhost:44843|client:localhost:40991|dataStream:localhost:40677|priority:0|startupRole:FOLLOWER]|listeners:[]
2023-08-18 03:36:32,885 [grpc-default-executor-4] INFO  server.RaftServer$Division (RaftServerImpl.java:requestVote(1344)) - s1@group-E264CA5F8311: receive requestVote(PRE_VOTE, s0, group-E264CA5F8311, 1, (t:1, i:255))
2023-08-18 03:36:32,885 [grpc-default-executor-4] WARN  server.GrpcServerProtocolService (LogUtils.java:warn(122)) - s1: Failed requestVote s0->s1#0: org.apache.ratis.protocol.exceptions.ServerNotReadyException: s1@group-E264CA5F8311 is not in [RUNNING]: current state is STARTING
2023-08-18 03:36:32,885 [grpc-default-executor-3] INFO  server.RaftServer$Division (RaftServerImpl.java:requestVote(1344)) - s2@group-E264CA5F8311: receive requestVote(PRE_VOTE, s0, group-E264CA5F8311, 1, (t:1, i:255))
2023-08-18 03:36:32,885 [grpc-default-executor-3] WARN  server.GrpcServerProtocolService (LogUtils.java:warn(122)) - s2: Failed requestVote s0->s2#0: org.apache.ratis.protocol.exceptions.ServerNotReadyException: s2@group-E264CA5F8311 is not in [RUNNING]: current state is STARTING
2023-08-18 03:36:32,886 [s0@group-E264CA5F8311-LeaderElection97] INFO  impl.LeaderElection (LogUtils.java:infoOrTrace(137)) - s0@group-E264CA5F8311-LeaderElection97 got exception when requesting votes: java.util.concurrent.ExecutionException: org.apache.ratis.thirdparty.io.grpc.StatusRuntimeException: INTERNAL: s1@group-E264CA5F8311 is not in [RUNNING]: current state is STARTING
2023-08-18 03:36:32,886 [s0@group-E264CA5F8311-LeaderElection97] INFO  impl.LeaderElection (LogUtils.java:infoOrTrace(137)) - s0@group-E264CA5F8311-LeaderElection97 got exception when requesting votes: java.util.concurrent.ExecutionException: org.apache.ratis.thirdparty.io.grpc.StatusRuntimeException: INTERNAL: s2@group-E264CA5F8311 is not in [RUNNING]: current state is STARTING
2023-08-18 03:36:32,886 [s0@group-E264CA5F8311-LeaderElection97] INFO  impl.LeaderElection (LeaderElection.java:logAndReturn(89)) - s0@group-E264CA5F8311-LeaderElection97: PRE_VOTE REJECTED received 0 response(s) and 2 exception(s):
2023-08-18 03:36:32,886 [s0@group-E264CA5F8311-LeaderElection97] INFO  impl.LeaderElection (LogUtils.java:infoOrTrace(137)) -   Exception 0: java.util.concurrent.ExecutionException: org.apache.ratis.thirdparty.io.grpc.StatusRuntimeException: INTERNAL: s1@group-E264CA5F8311 is not in [RUNNING]: current state is STARTING
2023-08-18 03:36:32,886 [s0@group-E264CA5F8311-LeaderElection97] INFO  impl.LeaderElection (LogUtils.java:infoOrTrace(137)) -   Exception 1: java.util.concurrent.ExecutionException: org.apache.ratis.thirdparty.io.grpc.StatusRuntimeException: INTERNAL: s2@group-E264CA5F8311 is not in [RUNNING]: current state is STARTING
2023-08-18 03:36:32,886 [s0@group-E264CA5F8311-LeaderElection97] INFO  impl.LeaderElection (LeaderElection.java:askForVotes(322)) - s0@group-E264CA5F8311-LeaderElection97 PRE_VOTE round 0: result REJECTED
2023-08-18 03:36:32,886 [s0@group-E264CA5F8311-LeaderElection97] INFO  server.RaftServer$Division (RaftServerImpl.java:setRole(371)) - s0@group-E264CA5F8311: changes role from CANDIDATE to FOLLOWER at term 1 for REJECTED
2023-08-18 03:36:32,886 [s0@group-E264CA5F8311-LeaderElection97] INFO  impl.RoleInfo (RoleInfo.java:shutdownLeaderElection(129)) - s0: shutdown s0@group-E264CA5F8311-LeaderElection97
2023-08-18 03:36:32,886 [s0@group-E264CA5F8311-LeaderElection97] INFO  impl.RoleInfo (RoleInfo.java:updateAndGet(138)) - s0: start s0@group-E264CA5F8311-FollowerState
2023-08-18 03:36:32,962 [s1-server-thread1] INFO  server.RaftServer$Division (RaftServerImpl.java:setConfigurationAsync(1238)) - s1@group-E264CA5F8311: receive setConfiguration SetConfigurationRequest:client-255CF6B0DA3F->s1@group-E264CA5F8311, cid=386, seq=0, RW, null, SET_UNCONDITIONALLY, servers:[s1|rpc:0.0.0.0:34459|dataStream:|priority:0|startupRole:FOLLOWER, s2|rpc:0.0.0.0:43137|dataStream:|priority:0|startupRole:FOLLOWER, s0|rpc:localhost:39295|admin:localhost:44843|client:localhost:40991|dataStream:localhost:40677|priority:0|startupRole:FOLLOWER], listeners:[]
2023-08-18 03:36:33,067 [s2-server-thread1] INFO  server.RaftServer$Division (RaftServerImpl.java:setConfigurationAsync(1238)) - s2@group-E264CA5F8311: receive setConfiguration SetConfigurationRequest:client-255CF6B0DA3F->s2@group-E264CA5F8311, cid=386, seq=0, RW, null, SET_UNCONDITIONALLY, servers:[s1|rpc:0.0.0.0:34459|dataStream:|priority:0|startupRole:FOLLOWER, s2|rpc:0.0.0.0:43137|dataStream:|priority:0|startupRole:FOLLOWER, s0|rpc:localhost:39295|admin:localhost:44843|client:localhost:40991|dataStream:localhost:40677|priority:0|startupRole:FOLLOWER], listeners:[]
2023-08-18 03:36:33,112 [s0@group-E264CA5F8311-FollowerState] INFO  impl.FollowerState (FollowerState.java:run(143)) - s0@group-E264CA5F8311-FollowerState: change to CANDIDATE, lastRpcElapsedTime:225456860ns, electionTimeout:225ms
2023-08-18 03:36:33,112 [s0@group-E264CA5F8311-FollowerState] INFO  impl.RoleInfo (RoleInfo.java:shutdownFollowerState(109)) - s0: shutdown s0@group-E264CA5F8311-FollowerState
2023-08-18 03:36:33,112 [s0@group-E264CA5F8311-FollowerState] INFO  server.RaftServer$Division (RaftServerImpl.java:setRole(371)) - s0@group-E264CA5F8311: changes role from  FOLLOWER to CANDIDATE at term 1 for changeToCandidate
2023-08-18 03:36:33,112 [s0@group-E264CA5F8311-FollowerState] INFO  server.RaftServerConfigKeys (ConfUtils.java:logGet(46)) - raft.server.leaderelection.pre-vote = true (default)
2023-08-18 03:36:33,112 [s0@group-E264CA5F8311-FollowerState] INFO  impl.RoleInfo (RoleInfo.java:updateAndGet(138)) - s0: start s0@group-E264CA5F8311-LeaderElection98
2023-08-18 03:36:33,112 [s0@group-E264CA5F8311-LeaderElection98] INFO  impl.LeaderElection (LeaderElection.java:askForVotes(320)) - s0@group-E264CA5F8311-LeaderElection98 PRE_VOTE round 0: submit vote requests at term 1 for 255: peers:[s0|rpc:localhost:39295|admin:localhost:44843|client:localhost:40991|dataStream:localhost:40677|priority:0|startupRole:FOLLOWER, s1|rpc:0.0.0.0:34459|dataStream:|priority:0|startupRole:FOLLOWER, s2|rpc:0.0.0.0:43137|dataStream:|priority:0|startupRole:FOLLOWER]|listeners:[], old=peers:[s0|rpc:localhost:39295|admin:localhost:44843|client:localhost:40991|dataStream:localhost:40677|priority:0|startupRole:FOLLOWER]|listeners:[]
2023-08-18 03:36:33,114 [grpc-default-executor-3] INFO  server.RaftServer$Division (RaftServerImpl.java:requestVote(1344)) - s1@group-E264CA5F8311: receive requestVote(PRE_VOTE, s0, group-E264CA5F8311, 1, (t:1, i:255))
2023-08-18 03:36:33,114 [grpc-default-executor-4] INFO  server.RaftServer$Division (RaftServerImpl.java:requestVote(1344)) - s2@group-E264CA5F8311: receive requestVote(PRE_VOTE, s0, group-E264CA5F8311, 1, (t:1, i:255))
2023-08-18 03:36:33,114 [grpc-default-executor-3] WARN  server.GrpcServerProtocolService (LogUtils.java:warn(122)) - s1: Failed requestVote s0->s1#0: org.apache.ratis.protocol.exceptions.ServerNotReadyException: s1@group-E264CA5F8311 is not in [RUNNING]: current state is STARTING
2023-08-18 03:36:33,114 [grpc-default-executor-4] WARN  server.GrpcServerProtocolService (LogUtils.java:warn(122)) - s2: Failed requestVote s0->s2#0: org.apache.ratis.protocol.exceptions.ServerNotReadyException: s2@group-E264CA5F8311 is not in [RUNNING]: current state is STARTING
2023-08-18 03:36:33,114 [s0@group-E264CA5F8311-LeaderElection98] INFO  impl.LeaderElection (LogUtils.java:infoOrTrace(137)) - s0@group-E264CA5F8311-LeaderElection98 got exception when requesting votes: java.util.concurrent.ExecutionException: org.apache.ratis.thirdparty.io.grpc.StatusRuntimeException: INTERNAL: s1@group-E264CA5F8311 is not in [RUNNING]: current state is STARTING
2023-08-18 03:36:33,115 [s0@group-E264CA5F8311-LeaderElection98] INFO  impl.LeaderElection (LogUtils.java:infoOrTrace(137)) - s0@group-E264CA5F8311-LeaderElection98 got exception when requesting votes: java.util.concurrent.ExecutionException: org.apache.ratis.thirdparty.io.grpc.StatusRuntimeException: INTERNAL: s2@group-E264CA5F8311 is not in [RUNNING]: current state is STARTING
2023-08-18 03:36:33,115 [s0@group-E264CA5F8311-LeaderElection98] INFO  impl.LeaderElection (LeaderElection.java:logAndReturn(89)) - s0@group-E264CA5F8311-LeaderElection98: PRE_VOTE REJECTED received 0 response(s) and 2 exception(s):
2023-08-18 03:36:33,115 [s0@group-E264CA5F8311-LeaderElection98] INFO  impl.LeaderElection (LogUtils.java:infoOrTrace(137)) -   Exception 0: java.util.concurrent.ExecutionException: org.apache.ratis.thirdparty.io.grpc.StatusRuntimeException: INTERNAL: s1@group-E264CA5F8311 is not in [RUNNING]: current state is STARTING
2023-08-18 03:36:33,115 [s0@group-E264CA5F8311-LeaderElection98] INFO  impl.LeaderElection (LogUtils.java:infoOrTrace(137)) -   Exception 1: java.util.concurrent.ExecutionException: org.apache.ratis.thirdparty.io.grpc.StatusRuntimeException: INTERNAL: s2@group-E264CA5F8311 is not in [RUNNING]: current state is STARTING
2023-08-18 03:36:33,115 [s0@group-E264CA5F8311-LeaderElection98] INFO  impl.LeaderElection (LeaderElection.java:askForVotes(322)) - s0@group-E264CA5F8311-LeaderElection98 PRE_VOTE round 0: result REJECTED
2023-08-18 03:36:33,115 [s0@group-E264CA5F8311-LeaderElection98] INFO  server.RaftServer$Division (RaftServerImpl.java:setRole(371)) - s0@group-E264CA5F8311: changes role from CANDIDATE to FOLLOWER at term 1 for REJECTED
2023-08-18 03:36:33,115 [s0@group-E264CA5F8311-LeaderElection98] INFO  impl.RoleInfo (RoleInfo.java:shutdownLeaderElection(129)) - s0: shutdown s0@group-E264CA5F8311-LeaderElection98
2023-08-18 03:36:33,115 [s0@group-E264CA5F8311-LeaderElection98] INFO  impl.RoleInfo (RoleInfo.java:updateAndGet(138)) - s0: start s0@group-E264CA5F8311-FollowerState
2023-08-18 03:36:33,177 [s0-server-thread1] INFO  server.RaftServer$Division (RaftServerImpl.java:setConfigurationAsync(1238)) - s0@group-E264CA5F8311: receive setConfiguration SetConfigurationRequest:client-255CF6B0DA3F->s0@group-E264CA5F8311, cid=386, seq=0, RW, null, SET_UNCONDITIONALLY, servers:[s1|rpc:0.0.0.0:34459|dataStream:|priority:0|startupRole:FOLLOWER, s2|rpc:0.0.0.0:43137|dataStream:|priority:0|startupRole:FOLLOWER, s0|rpc:localhost:39295|admin:localhost:44843|client:localhost:40991|dataStream:localhost:40677|priority:0|startupRole:FOLLOWER], listeners:[]
2023-08-18 03:36:33,286 [s1-server-thread1] INFO  server.RaftServer$Division (RaftServerImpl.java:setConfigurationAsync(1238)) - s1@group-E264CA5F8311: receive setConfiguration SetConfigurationRequest:client-255CF6B0DA3F->s1@group-E264CA5F8311, cid=386, seq=0, RW, null, SET_UNCONDITIONALLY, servers:[s1|rpc:0.0.0.0:34459|dataStream:|priority:0|startupRole:FOLLOWER, s2|rpc:0.0.0.0:43137|dataStream:|priority:0|startupRole:FOLLOWER, s0|rpc:localhost:39295|admin:localhost:44843|client:localhost:40991|dataStream:localhost:40677|priority:0|startupRole:FOLLOWER], listeners:[]
2023-08-18 03:36:33,390 [s2-server-thread1] INFO  server.RaftServer$Division (RaftServerImpl.java:setConfigurationAsync(1238)) - s2@group-E264CA5F8311: receive setConfiguration SetConfigurationRequest:client-255CF6B0DA3F->s2@group-E264CA5F8311, cid=386, seq=0, RW, null, SET_UNCONDITIONALLY, servers:[s1|rpc:0.0.0.0:34459|dataStream:|priority:0|startupRole:FOLLOWER, s2|rpc:0.0.0.0:43137|dataStream:|priority:0|startupRole:FOLLOWER, s0|rpc:localhost:39295|admin:localhost:44843|client:localhost:40991|dataStream:localhost:40677|priority:0|startupRole:FOLLOWER], listeners:[]
2023-08-18 03:36:33,403 [s0@group-E264CA5F8311-FollowerState] INFO  impl.FollowerState (FollowerState.java:run(143)) - s0@group-E264CA5F8311-FollowerState: change to CANDIDATE, lastRpcElapsedTime:288462774ns, electionTimeout:288ms
2023-08-18 03:36:33,403 [s0@group-E264CA5F8311-FollowerState] INFO  impl.RoleInfo (RoleInfo.java:shutdownFollowerState(109)) - s0: shutdown s0@group-E264CA5F8311-FollowerState
2023-08-18 03:36:33,403 [s0@group-E264CA5F8311-FollowerState] INFO  server.RaftServer$Division (RaftServerImpl.java:setRole(371)) - s0@group-E264CA5F8311: changes role from  FOLLOWER to CANDIDATE at term 1 for changeToCandidate
2023-08-18 03:36:33,403 [s0@group-E264CA5F8311-FollowerState] INFO  server.RaftServerConfigKeys (ConfUtils.java:logGet(46)) - raft.server.leaderelection.pre-vote = true (default)
2023-08-18 03:36:33,403 [s0@group-E264CA5F8311-FollowerState] INFO  impl.RoleInfo (RoleInfo.java:updateAndGet(138)) - s0: start s0@group-E264CA5F8311-LeaderElection99
2023-08-18 03:36:33,404 [s0@group-E264CA5F8311-LeaderElection99] INFO  impl.LeaderElection (LeaderElection.java:askForVotes(320)) - s0@group-E264CA5F8311-LeaderElection99 PRE_VOTE round 0: submit vote requests at term 1 for 255: peers:[s0|rpc:localhost:39295|admin:localhost:44843|client:localhost:40991|dataStream:localhost:40677|priority:0|startupRole:FOLLOWER, s1|rpc:0.0.0.0:34459|dataStream:|priority:0|startupRole:FOLLOWER, s2|rpc:0.0.0.0:43137|dataStream:|priority:0|startupRole:FOLLOWER]|listeners:[], old=peers:[s0|rpc:localhost:39295|admin:localhost:44843|client:localhost:40991|dataStream:localhost:40677|priority:0|startupRole:FOLLOWER]|listeners:[]
2023-08-18 03:36:33,405 [grpc-default-executor-3] INFO  server.RaftServer$Division (RaftServerImpl.java:requestVote(1344)) - s1@group-E264CA5F8311: receive requestVote(PRE_VOTE, s0, group-E264CA5F8311, 1, (t:1, i:255))
2023-08-18 03:36:33,405 [grpc-default-executor-3] WARN  server.GrpcServerProtocolService (LogUtils.java:warn(122)) - s1: Failed requestVote s0->s1#0: org.apache.ratis.protocol.exceptions.ServerNotReadyException: s1@group-E264CA5F8311 is not in [RUNNING]: current state is STARTING
2023-08-18 03:36:33,405 [s0@group-E264CA5F8311-LeaderElection99] INFO  impl.LeaderElection (LogUtils.java:infoOrTrace(137)) - s0@group-E264CA5F8311-LeaderElection99 got exception when requesting votes: java.util.concurrent.ExecutionException: org.apache.ratis.thirdparty.io.grpc.StatusRuntimeException: INTERNAL: s1@group-E264CA5F8311 is not in [RUNNING]: current state is STARTING
2023-08-18 03:36:33,405 [grpc-default-executor-4] INFO  server.RaftServer$Division (RaftServerImpl.java:requestVote(1344)) - s2@group-E264CA5F8311: receive requestVote(PRE_VOTE, s0, group-E264CA5F8311, 1, (t:1, i:255))
2023-08-18 03:36:33,405 [grpc-default-executor-4] WARN  server.GrpcServerProtocolService (LogUtils.java:warn(122)) - s2: Failed requestVote s0->s2#0: org.apache.ratis.protocol.exceptions.ServerNotReadyException: s2@group-E264CA5F8311 is not in [RUNNING]: current state is STARTING
2023-08-18 03:36:33,407 [s0@group-E264CA5F8311-LeaderElection99] INFO  impl.LeaderElection (LogUtils.java:infoOrTrace(137)) - s0@group-E264CA5F8311-LeaderElection99 got exception when requesting votes: java.util.concurrent.ExecutionException: org.apache.ratis.thirdparty.io.grpc.StatusRuntimeException: INTERNAL: s2@group-E264CA5F8311 is not in [RUNNING]: current state is STARTING
2023-08-18 03:36:33,407 [s0@group-E264CA5F8311-LeaderElection99] INFO  impl.LeaderElection (LeaderElection.java:logAndReturn(89)) - s0@group-E264CA5F8311-LeaderElection99: PRE_VOTE REJECTED received 0 response(s) and 2 exception(s):
2023-08-18 03:36:33,407 [s0@group-E264CA5F8311-LeaderElection99] INFO  impl.LeaderElection (LogUtils.java:infoOrTrace(137)) -   Exception 0: java.util.concurrent.ExecutionException: org.apache.ratis.thirdparty.io.grpc.StatusRuntimeException: INTERNAL: s1@group-E264CA5F8311 is not in [RUNNING]: current state is STARTING
2023-08-18 03:36:33,407 [s0@group-E264CA5F8311-LeaderElection99] INFO  impl.LeaderElection (LogUtils.java:infoOrTrace(137)) -   Exception 1: java.util.concurrent.ExecutionException: org.apache.ratis.thirdparty.io.grpc.StatusRuntimeException: INTERNAL: s2@group-E264CA5F8311 is not in [RUNNING]: current state is STARTING
2023-08-18 03:36:33,407 [s0@group-E264CA5F8311-LeaderElection99] INFO  impl.LeaderElection (LeaderElection.java:askForVotes(322)) - s0@group-E264CA5F8311-LeaderElection99 PRE_VOTE round 0: result REJECTED
2023-08-18 03:36:33,407 [s0@group-E264CA5F8311-LeaderElection99] INFO  server.RaftServer$Division (RaftServerImpl.java:setRole(371)) - s0@group-E264CA5F8311: changes role from CANDIDATE to FOLLOWER at term 1 for REJECTED
2023-08-18 03:36:33,407 [s0@group-E264CA5F8311-LeaderElection99] INFO  impl.RoleInfo (RoleInfo.java:shutdownLeaderElection(129)) - s0: shutdown s0@group-E264CA5F8311-LeaderElection99
2023-08-18 03:36:33,407 [s0@group-E264CA5F8311-LeaderElection99] INFO  impl.RoleInfo (RoleInfo.java:updateAndGet(138)) - s0: start s0@group-E264CA5F8311-FollowerState
2023-08-18 03:36:33,495 [s1-server-thread1] INFO  server.RaftServer$Division (RaftServerImpl.java:setConfigurationAsync(1238)) - s1@group-E264CA5F8311: receive setConfiguration SetConfigurationRequest:client-255CF6B0DA3F->s1@group-E264CA5F8311, cid=386, seq=0, RW, null, SET_UNCONDITIONALLY, servers:[s1|rpc:0.0.0.0:34459|dataStream:|priority:0|startupRole:FOLLOWER, s2|rpc:0.0.0.0:43137|dataStream:|priority:0|startupRole:FOLLOWER, s0|rpc:localhost:39295|admin:localhost:44843|client:localhost:40991|dataStream:localhost:40677|priority:0|startupRole:FOLLOWER], listeners:[]
2023-08-18 03:36:33,599 [s0-server-thread1] INFO  server.RaftServer$Division (RaftServerImpl.java:setConfigurationAsync(1238)) - s0@group-E264CA5F8311: receive setConfiguration SetConfigurationRequest:client-255CF6B0DA3F->s0@group-E264CA5F8311, cid=386, seq=0, RW, null, SET_UNCONDITIONALLY, servers:[s1|rpc:0.0.0.0:34459|dataStream:|priority:0|startupRole:FOLLOWER, s2|rpc:0.0.0.0:43137|dataStream:|priority:0|startupRole:FOLLOWER, s0|rpc:localhost:39295|admin:localhost:44843|client:localhost:40991|dataStream:localhost:40677|priority:0|startupRole:FOLLOWER], listeners:[]
2023-08-18 03:36:33,612 [s0@group-E264CA5F8311-FollowerState] INFO  impl.FollowerState (FollowerState.java:run(143)) - s0@group-E264CA5F8311-FollowerState: change to CANDIDATE, lastRpcElapsedTime:204894718ns, electionTimeout:202ms
2023-08-18 03:36:33,612 [s0@group-E264CA5F8311-FollowerState] INFO  impl.RoleInfo (RoleInfo.java:shutdownFollowerState(109)) - s0: shutdown s0@group-E264CA5F8311-FollowerState
2023-08-18 03:36:33,612 [s0@group-E264CA5F8311-FollowerState] INFO  server.RaftServer$Division (RaftServerImpl.java:setRole(371)) - s0@group-E264CA5F8311: changes role from  FOLLOWER to CANDIDATE at term 1 for changeToCandidate
2023-08-18 03:36:33,612 [s0@group-E264CA5F8311-FollowerState] INFO  server.RaftServerConfigKeys (ConfUtils.java:logGet(46)) - raft.server.leaderelection.pre-vote = true (default)
2023-08-18 03:36:33,612 [s0@group-E264CA5F8311-FollowerState] INFO  impl.RoleInfo (RoleInfo.java:updateAndGet(138)) - s0: start s0@group-E264CA5F8311-LeaderElection100
2023-08-18 03:36:33,612 [s0@group-E264CA5F8311-LeaderElection100] INFO  impl.LeaderElection (LeaderElection.java:askForVotes(320)) - s0@group-E264CA5F8311-LeaderElection100 PRE_VOTE round 0: submit vote requests at term 1 for 255: peers:[s0|rpc:localhost:39295|admin:localhost:44843|client:localhost:40991|dataStream:localhost:40677|priority:0|startupRole:FOLLOWER, s1|rpc:0.0.0.0:34459|dataStream:|priority:0|startupRole:FOLLOWER, s2|rpc:0.0.0.0:43137|dataStream:|priority:0|startupRole:FOLLOWER]|listeners:[], old=peers:[s0|rpc:localhost:39295|admin:localhost:44843|client:localhost:40991|dataStream:localhost:40677|priority:0|startupRole:FOLLOWER]|listeners:[]
2023-08-18 03:36:33,613 [grpc-default-executor-4] INFO  server.RaftServer$Division (RaftServerImpl.java:requestVote(1344)) - s2@group-E264CA5F8311: receive requestVote(PRE_VOTE, s0, group-E264CA5F8311, 1, (t:1, i:255))
2023-08-18 03:36:33,614 [grpc-default-executor-3] INFO  server.RaftServer$Division (RaftServerImpl.java:requestVote(1344)) - s1@group-E264CA5F8311: receive requestVote(PRE_VOTE, s0, group-E264CA5F8311, 1, (t:1, i:255))
2023-08-18 03:36:33,614 [grpc-default-executor-4] WARN  server.GrpcServerProtocolService (LogUtils.java:warn(122)) - s2: Failed requestVote s0->s2#0: org.apache.ratis.protocol.exceptions.ServerNotReadyException: s2@group-E264CA5F8311 is not in [RUNNING]: current state is STARTING
2023-08-18 03:36:33,614 [grpc-default-executor-3] WARN  server.GrpcServerProtocolService (LogUtils.java:warn(122)) - s1: Failed requestVote s0->s1#0: org.apache.ratis.protocol.exceptions.ServerNotReadyException: s1@group-E264CA5F8311 is not in [RUNNING]: current state is STARTING
2023-08-18 03:36:33,614 [s0@group-E264CA5F8311-LeaderElection100] INFO  impl.LeaderElection (LogUtils.java:infoOrTrace(137)) - s0@group-E264CA5F8311-LeaderElection100 got exception when requesting votes: java.util.concurrent.ExecutionException: org.apache.ratis.thirdparty.io.grpc.StatusRuntimeException: INTERNAL: s1@group-E264CA5F8311 is not in [RUNNING]: current state is STARTING
2023-08-18 03:36:33,614 [s0@group-E264CA5F8311-LeaderElection100] INFO  impl.LeaderElection (LogUtils.java:infoOrTrace(137)) - s0@group-E264CA5F8311-LeaderElection100 got exception when requesting votes: java.util.concurrent.ExecutionException: org.apache.ratis.thirdparty.io.grpc.StatusRuntimeException: INTERNAL: s2@group-E264CA5F8311 is not in [RUNNING]: current state is STARTING
2023-08-18 03:36:33,614 [s0@group-E264CA5F8311-LeaderElection100] INFO  impl.LeaderElection (LeaderElection.java:logAndReturn(89)) - s0@group-E264CA5F8311-LeaderElection100: PRE_VOTE REJECTED received 0 response(s) and 2 exception(s):
2023-08-18 03:36:33,614 [s0@group-E264CA5F8311-LeaderElection100] INFO  impl.LeaderElection (LogUtils.java:infoOrTrace(137)) -   Exception 0: java.util.concurrent.ExecutionException: org.apache.ratis.thirdparty.io.grpc.StatusRuntimeException: INTERNAL: s1@group-E264CA5F8311 is not in [RUNNING]: current state is STARTING
2023-08-18 03:36:33,614 [s0@group-E264CA5F8311-LeaderElection100] INFO  impl.LeaderElection (LogUtils.java:infoOrTrace(137)) -   Exception 1: java.util.concurrent.ExecutionException: org.apache.ratis.thirdparty.io.grpc.StatusRuntimeException: INTERNAL: s2@group-E264CA5F8311 is not in [RUNNING]: current state is STARTING
2023-08-18 03:36:33,614 [s0@group-E264CA5F8311-LeaderElection100] INFO  impl.LeaderElection (LeaderElection.java:askForVotes(322)) - s0@group-E264CA5F8311-LeaderElection100 PRE_VOTE round 0: result REJECTED
2023-08-18 03:36:33,614 [s0@group-E264CA5F8311-LeaderElection100] INFO  server.RaftServer$Division (RaftServerImpl.java:setRole(371)) - s0@group-E264CA5F8311: changes role from CANDIDATE to FOLLOWER at term 1 for REJECTED
2023-08-18 03:36:33,614 [s0@group-E264CA5F8311-LeaderElection100] INFO  impl.RoleInfo (RoleInfo.java:shutdownLeaderElection(129)) - s0: shutdown s0@group-E264CA5F8311-LeaderElection100
2023-08-18 03:36:33,614 [s0@group-E264CA5F8311-LeaderElection100] INFO  impl.RoleInfo (RoleInfo.java:updateAndGet(138)) - s0: start s0@group-E264CA5F8311-FollowerState
2023-08-18 03:36:33,709 [s2-server-thread1] INFO  server.RaftServer$Division (RaftServerImpl.java:setConfigurationAsync(1238)) - s2@group-E264CA5F8311: receive setConfiguration SetConfigurationRequest:client-255CF6B0DA3F->s2@group-E264CA5F8311, cid=386, seq=0, RW, null, SET_UNCONDITIONALLY, servers:[s1|rpc:0.0.0.0:34459|dataStream:|priority:0|startupRole:FOLLOWER, s2|rpc:0.0.0.0:43137|dataStream:|priority:0|startupRole:FOLLOWER, s0|rpc:localhost:39295|admin:localhost:44843|client:localhost:40991|dataStream:localhost:40677|priority:0|startupRole:FOLLOWER], listeners:[]
2023-08-18 03:36:33,814 [s0-server-thread1] INFO  server.RaftServer$Division (RaftServerImpl.java:setConfigurationAsync(1238)) - s0@group-E264CA5F8311: receive setConfiguration SetConfigurationRequest:client-255CF6B0DA3F->s0@group-E264CA5F8311, cid=386, seq=0, RW, null, SET_UNCONDITIONALLY, servers:[s1|rpc:0.0.0.0:34459|dataStream:|priority:0|startupRole:FOLLOWER, s2|rpc:0.0.0.0:43137|dataStream:|priority:0|startupRole:FOLLOWER, s0|rpc:localhost:39295|admin:localhost:44843|client:localhost:40991|dataStream:localhost:40677|priority:0|startupRole:FOLLOWER], listeners:[]
2023-08-18 03:36:33,849 [s0@group-E264CA5F8311-FollowerState] INFO  impl.FollowerState (FollowerState.java:run(143)) - s0@group-E264CA5F8311-FollowerState: change to CANDIDATE, lastRpcElapsedTime:234956187ns, electionTimeout:234ms
2023-08-18 03:36:33,850 [s0@group-E264CA5F8311-FollowerState] INFO  impl.RoleInfo (RoleInfo.java:shutdownFollowerState(109)) - s0: shutdown s0@group-E264CA5F8311-FollowerState
2023-08-18 03:36:33,850 [s0@group-E264CA5F8311-FollowerState] INFO  server.RaftServer$Division (RaftServerImpl.java:setRole(371)) - s0@group-E264CA5F8311: changes role from  FOLLOWER to CANDIDATE at term 1 for changeToCandidate
2023-08-18 03:36:33,850 [s0@group-E264CA5F8311-FollowerState] INFO  server.RaftServerConfigKeys (ConfUtils.java:logGet(46)) - raft.server.leaderelection.pre-vote = true (default)
2023-08-18 03:36:33,850 [s0@group-E264CA5F8311-FollowerState] INFO  impl.RoleInfo (RoleInfo.java:updateAndGet(138)) - s0: start s0@group-E264CA5F8311-LeaderElection101
2023-08-18 03:36:33,850 [s0@group-E264CA5F8311-LeaderElection101] INFO  impl.LeaderElection (LeaderElection.java:askForVotes(320)) - s0@group-E264CA5F8311-LeaderElection101 PRE_VOTE round 0: submit vote requests at term 1 for 255: peers:[s0|rpc:localhost:39295|admin:localhost:44843|client:localhost:40991|dataStream:localhost:40677|priority:0|startupRole:FOLLOWER, s1|rpc:0.0.0.0:34459|dataStream:|priority:0|startupRole:FOLLOWER, s2|rpc:0.0.0.0:43137|dataStream:|priority:0|startupRole:FOLLOWER]|listeners:[], old=peers:[s0|rpc:localhost:39295|admin:localhost:44843|client:localhost:40991|dataStream:localhost:40677|priority:0|startupRole:FOLLOWER]|listeners:[]
2023-08-18 03:36:33,851 [grpc-default-executor-4] INFO  server.RaftServer$Division (RaftServerImpl.java:requestVote(1344)) - s2@group-E264CA5F8311: receive requestVote(PRE_VOTE, s0, group-E264CA5F8311, 1, (t:1, i:255))
2023-08-18 03:36:33,851 [grpc-default-executor-4] WARN  server.GrpcServerProtocolService (LogUtils.java:warn(122)) - s2: Failed requestVote s0->s2#0: org.apache.ratis.protocol.exceptions.ServerNotReadyException: s2@group-E264CA5F8311 is not in [RUNNING]: current state is STARTING
2023-08-18 03:36:33,852 [grpc-default-executor-3] INFO  server.RaftServer$Division (RaftServerImpl.java:requestVote(1344)) - s1@group-E264CA5F8311: receive requestVote(PRE_VOTE, s0, group-E264CA5F8311, 1, (t:1, i:255))
2023-08-18 03:36:33,852 [grpc-default-executor-3] WARN  server.GrpcServerProtocolService (LogUtils.java:warn(122)) - s1: Failed requestVote s0->s1#0: org.apache.ratis.protocol.exceptions.ServerNotReadyException: s1@group-E264CA5F8311 is not in [RUNNING]: current state is STARTING
2023-08-18 03:36:33,852 [s0@group-E264CA5F8311-LeaderElection101] INFO  impl.LeaderElection (LogUtils.java:infoOrTrace(137)) - s0@group-E264CA5F8311-LeaderElection101 got exception when requesting votes: java.util.concurrent.ExecutionException: org.apache.ratis.thirdparty.io.grpc.StatusRuntimeException: INTERNAL: s1@group-E264CA5F8311 is not in [RUNNING]: current state is STARTING
2023-08-18 03:36:33,852 [s0@group-E264CA5F8311-LeaderElection101] INFO  impl.LeaderElection (LogUtils.java:infoOrTrace(137)) - s0@group-E264CA5F8311-LeaderElection101 got exception when requesting votes: java.util.concurrent.ExecutionException: org.apache.ratis.thirdparty.io.grpc.StatusRuntimeException: INTERNAL: s2@group-E264CA5F8311 is not in [RUNNING]: current state is STARTING
2023-08-18 03:36:33,852 [s0@group-E264CA5F8311-LeaderElection101] INFO  impl.LeaderElection (LeaderElection.java:logAndReturn(89)) - s0@group-E264CA5F8311-LeaderElection101: PRE_VOTE REJECTED received 0 response(s) and 2 exception(s):
2023-08-18 03:36:33,852 [s0@group-E264CA5F8311-LeaderElection101] INFO  impl.LeaderElection (LogUtils.java:infoOrTrace(137)) -   Exception 0: java.util.concurrent.ExecutionException: org.apache.ratis.thirdparty.io.grpc.StatusRuntimeException: INTERNAL: s1@group-E264CA5F8311 is not in [RUNNING]: current state is STARTING
2023-08-18 03:36:33,852 [s0@group-E264CA5F8311-LeaderElection101] INFO  impl.LeaderElection (LogUtils.java:infoOrTrace(137)) -   Exception 1: java.util.concurrent.ExecutionException: org.apache.ratis.thirdparty.io.grpc.StatusRuntimeException: INTERNAL: s2@group-E264CA5F8311 is not in [RUNNING]: current state is STARTING
2023-08-18 03:36:33,852 [s0@group-E264CA5F8311-LeaderElection101] INFO  impl.LeaderElection (LeaderElection.java:askForVotes(322)) - s0@group-E264CA5F8311-LeaderElection101 PRE_VOTE round 0: result REJECTED
2023-08-18 03:36:33,852 [s0@group-E264CA5F8311-LeaderElection101] INFO  server.RaftServer$Division (RaftServerImpl.java:setRole(371)) - s0@group-E264CA5F8311: changes role from CANDIDATE to FOLLOWER at term 1 for REJECTED
2023-08-18 03:36:33,852 [s0@group-E264CA5F8311-LeaderElection101] INFO  impl.RoleInfo (RoleInfo.java:shutdownLeaderElection(129)) - s0: shutdown s0@group-E264CA5F8311-LeaderElection101
2023-08-18 03:36:33,853 [s0@group-E264CA5F8311-LeaderElection101] INFO  impl.RoleInfo (RoleInfo.java:updateAndGet(138)) - s0: start s0@group-E264CA5F8311-FollowerState
2023-08-18 03:36:33,918 [s1-server-thread1] INFO  server.RaftServer$Division (RaftServerImpl.java:setConfigurationAsync(1238)) - s1@group-E264CA5F8311: receive setConfiguration SetConfigurationRequest:client-255CF6B0DA3F->s1@group-E264CA5F8311, cid=386, seq=0, RW, null, SET_UNCONDITIONALLY, servers:[s1|rpc:0.0.0.0:34459|dataStream:|priority:0|startupRole:FOLLOWER, s2|rpc:0.0.0.0:43137|dataStream:|priority:0|startupRole:FOLLOWER, s0|rpc:localhost:39295|admin:localhost:44843|client:localhost:40991|dataStream:localhost:40677|priority:0|startupRole:FOLLOWER], listeners:[]
2023-08-18 03:36:34,023 [s2-server-thread1] INFO  server.RaftServer$Division (RaftServerImpl.java:setConfigurationAsync(1238)) - s2@group-E264CA5F8311: receive setConfiguration SetConfigurationRequest:client-255CF6B0DA3F->s2@group-E264CA5F8311, cid=386, seq=0, RW, null, SET_UNCONDITIONALLY, servers:[s1|rpc:0.0.0.0:34459|dataStream:|priority:0|startupRole:FOLLOWER, s2|rpc:0.0.0.0:43137|dataStream:|priority:0|startupRole:FOLLOWER, s0|rpc:localhost:39295|admin:localhost:44843|client:localhost:40991|dataStream:localhost:40677|priority:0|startupRole:FOLLOWER], listeners:[]
2023-08-18 03:36:34,029 [s0@group-E264CA5F8311-FollowerState] INFO  impl.FollowerState (FollowerState.java:run(143)) - s0@group-E264CA5F8311-FollowerState: change to CANDIDATE, lastRpcElapsedTime:176430938ns, electionTimeout:176ms
2023-08-18 03:36:34,029 [s0@group-E264CA5F8311-FollowerState] INFO  impl.RoleInfo (RoleInfo.java:shutdownFollowerState(109)) - s0: shutdown s0@group-E264CA5F8311-FollowerState
2023-08-18 03:36:34,029 [s0@group-E264CA5F8311-FollowerState] INFO  server.RaftServer$Division (RaftServerImpl.java:setRole(371)) - s0@group-E264CA5F8311: changes role from  FOLLOWER to CANDIDATE at term 1 for changeToCandidate
2023-08-18 03:36:34,029 [s0@group-E264CA5F8311-FollowerState] INFO  server.RaftServerConfigKeys (ConfUtils.java:logGet(46)) - raft.server.leaderelection.pre-vote = true (default)
2023-08-18 03:36:34,029 [s0@group-E264CA5F8311-FollowerState] INFO  impl.RoleInfo (RoleInfo.java:updateAndGet(138)) - s0: start s0@group-E264CA5F8311-LeaderElection102
2023-08-18 03:36:34,029 [s0@group-E264CA5F8311-LeaderElection102] INFO  impl.LeaderElection (LeaderElection.java:askForVotes(320)) - s0@group-E264CA5F8311-LeaderElection102 PRE_VOTE round 0: submit vote requests at term 1 for 255: peers:[s0|rpc:localhost:39295|admin:localhost:44843|client:localhost:40991|dataStream:localhost:40677|priority:0|startupRole:FOLLOWER, s1|rpc:0.0.0.0:34459|dataStream:|priority:0|startupRole:FOLLOWER, s2|rpc:0.0.0.0:43137|dataStream:|priority:0|startupRole:FOLLOWER]|listeners:[], old=peers:[s0|rpc:localhost:39295|admin:localhost:44843|client:localhost:40991|dataStream:localhost:40677|priority:0|startupRole:FOLLOWER]|listeners:[]
2023-08-18 03:36:34,030 [grpc-default-executor-4] INFO  server.RaftServer$Division (RaftServerImpl.java:requestVote(1344)) - s2@group-E264CA5F8311: receive requestVote(PRE_VOTE, s0, group-E264CA5F8311, 1, (t:1, i:255))
2023-08-18 03:36:34,030 [grpc-default-executor-4] WARN  server.GrpcServerProtocolService (LogUtils.java:warn(122)) - s2: Failed requestVote s0->s2#0: org.apache.ratis.protocol.exceptions.ServerNotReadyException: s2@group-E264CA5F8311 is not in [RUNNING]: current state is STARTING
2023-08-18 03:36:34,031 [s0@group-E264CA5F8311-LeaderElection102] INFO  impl.LeaderElection (LogUtils.java:infoOrTrace(137)) - s0@group-E264CA5F8311-LeaderElection102 got exception when requesting votes: java.util.concurrent.ExecutionException: org.apache.ratis.thirdparty.io.grpc.StatusRuntimeException: INTERNAL: s2@group-E264CA5F8311 is not in [RUNNING]: current state is STARTING
2023-08-18 03:36:34,031 [grpc-default-executor-3] INFO  server.RaftServer$Division (RaftServerImpl.java:requestVote(1344)) - s1@group-E264CA5F8311: receive requestVote(PRE_VOTE, s0, group-E264CA5F8311, 1, (t:1, i:255))
2023-08-18 03:36:34,031 [grpc-default-executor-3] WARN  server.GrpcServerProtocolService (LogUtils.java:warn(122)) - s1: Failed requestVote s0->s1#0: org.apache.ratis.protocol.exceptions.ServerNotReadyException: s1@group-E264CA5F8311 is not in [RUNNING]: current state is STARTING
2023-08-18 03:36:34,031 [s0@group-E264CA5F8311-LeaderElection102] INFO  impl.LeaderElection (LogUtils.java:infoOrTrace(137)) - s0@group-E264CA5F8311-LeaderElection102 got exception when requesting votes: java.util.concurrent.ExecutionException: org.apache.ratis.thirdparty.io.grpc.StatusRuntimeException: INTERNAL: s1@group-E264CA5F8311 is not in [RUNNING]: current state is STARTING
2023-08-18 03:36:34,031 [s0@group-E264CA5F8311-LeaderElection102] INFO  impl.LeaderElection (LeaderElection.java:logAndReturn(89)) - s0@group-E264CA5F8311-LeaderElection102: PRE_VOTE REJECTED received 0 response(s) and 2 exception(s):
2023-08-18 03:36:34,031 [s0@group-E264CA5F8311-LeaderElection102] INFO  impl.LeaderElection (LogUtils.java:infoOrTrace(137)) -   Exception 0: java.util.concurrent.ExecutionException: org.apache.ratis.thirdparty.io.grpc.StatusRuntimeException: INTERNAL: s2@group-E264CA5F8311 is not in [RUNNING]: current state is STARTING
2023-08-18 03:36:34,031 [s0@group-E264CA5F8311-LeaderElection102] INFO  impl.LeaderElection (LogUtils.java:infoOrTrace(137)) -   Exception 1: java.util.concurrent.ExecutionException: org.apache.ratis.thirdparty.io.grpc.StatusRuntimeException: INTERNAL: s1@group-E264CA5F8311 is not in [RUNNING]: current state is STARTING
2023-08-18 03:36:34,031 [s0@group-E264CA5F8311-LeaderElection102] INFO  impl.LeaderElection (LeaderElection.java:askForVotes(322)) - s0@group-E264CA5F8311-LeaderElection102 PRE_VOTE round 0: result REJECTED
2023-08-18 03:36:34,031 [s0@group-E264CA5F8311-LeaderElection102] INFO  server.RaftServer$Division (RaftServerImpl.java:setRole(371)) - s0@group-E264CA5F8311: changes role from CANDIDATE to FOLLOWER at term 1 for REJECTED
2023-08-18 03:36:34,031 [s0@group-E264CA5F8311-LeaderElection102] INFO  impl.RoleInfo (RoleInfo.java:shutdownLeaderElection(129)) - s0: shutdown s0@group-E264CA5F8311-LeaderElection102
2023-08-18 03:36:34,031 [s0@group-E264CA5F8311-LeaderElection102] INFO  impl.RoleInfo (RoleInfo.java:updateAndGet(138)) - s0: start s0@group-E264CA5F8311-FollowerState
2023-08-18 03:36:34,128 [s0-server-thread1] INFO  server.RaftServer$Division (RaftServerImpl.java:setConfigurationAsync(1238)) - s0@group-E264CA5F8311: receive setConfiguration SetConfigurationRequest:client-255CF6B0DA3F->s0@group-E264CA5F8311, cid=386, seq=0, RW, null, SET_UNCONDITIONALLY, servers:[s1|rpc:0.0.0.0:34459|dataStream:|priority:0|startupRole:FOLLOWER, s2|rpc:0.0.0.0:43137|dataStream:|priority:0|startupRole:FOLLOWER, s0|rpc:localhost:39295|admin:localhost:44843|client:localhost:40991|dataStream:localhost:40677|priority:0|startupRole:FOLLOWER], listeners:[]
2023-08-18 03:36:34,231 [s1-server-thread1] INFO  server.RaftServer$Division (RaftServerImpl.java:setConfigurationAsync(1238)) - s1@group-E264CA5F8311: receive setConfiguration SetConfigurationRequest:client-255CF6B0DA3F->s1@group-E264CA5F8311, cid=386, seq=0, RW, null, SET_UNCONDITIONALLY, servers:[s1|rpc:0.0.0.0:34459|dataStream:|priority:0|startupRole:FOLLOWER, s2|rpc:0.0.0.0:43137|dataStream:|priority:0|startupRole:FOLLOWER, s0|rpc:localhost:39295|admin:localhost:44843|client:localhost:40991|dataStream:localhost:40677|priority:0|startupRole:FOLLOWER], listeners:[]
2023-08-18 03:36:34,327 [s0@group-E264CA5F8311-FollowerState] INFO  impl.FollowerState (FollowerState.java:run(143)) - s0@group-E264CA5F8311-FollowerState: change to CANDIDATE, lastRpcElapsedTime:295449220ns, electionTimeout:295ms
2023-08-18 03:36:34,327 [s0@group-E264CA5F8311-FollowerState] INFO  impl.RoleInfo (RoleInfo.java:shutdownFollowerState(109)) - s0: shutdown s0@group-E264CA5F8311-FollowerState
2023-08-18 03:36:34,327 [s0@group-E264CA5F8311-FollowerState] INFO  server.RaftServer$Division (RaftServerImpl.java:setRole(371)) - s0@group-E264CA5F8311: changes role from  FOLLOWER to CANDIDATE at term 1 for changeToCandidate
2023-08-18 03:36:34,327 [s0@group-E264CA5F8311-FollowerState] INFO  server.RaftServerConfigKeys (ConfUtils.java:logGet(46)) - raft.server.leaderelection.pre-vote = true (default)
2023-08-18 03:36:34,327 [s0@group-E264CA5F8311-FollowerState] INFO  impl.RoleInfo (RoleInfo.java:updateAndGet(138)) - s0: start s0@group-E264CA5F8311-LeaderElection103
2023-08-18 03:36:34,327 [s0@group-E264CA5F8311-LeaderElection103] INFO  impl.LeaderElection (LeaderElection.java:askForVotes(320)) - s0@group-E264CA5F8311-LeaderElection103 PRE_VOTE round 0: submit vote requests at term 1 for 255: peers:[s0|rpc:localhost:39295|admin:localhost:44843|client:localhost:40991|dataStream:localhost:40677|priority:0|startupRole:FOLLOWER, s1|rpc:0.0.0.0:34459|dataStream:|priority:0|startupRole:FOLLOWER, s2|rpc:0.0.0.0:43137|dataStream:|priority:0|startupRole:FOLLOWER]|listeners:[], old=peers:[s0|rpc:localhost:39295|admin:localhost:44843|client:localhost:40991|dataStream:localhost:40677|priority:0|startupRole:FOLLOWER]|listeners:[]
2023-08-18 03:36:34,328 [grpc-default-executor-4] INFO  server.RaftServer$Division (RaftServerImpl.java:requestVote(1344)) - s2@group-E264CA5F8311: receive requestVote(PRE_VOTE, s0, group-E264CA5F8311, 1, (t:1, i:255))
2023-08-18 03:36:34,328 [grpc-default-executor-4] WARN  server.GrpcServerProtocolService (LogUtils.java:warn(122)) - s2: Failed requestVote s0->s2#0: org.apache.ratis.protocol.exceptions.ServerNotReadyException: s2@group-E264CA5F8311 is not in [RUNNING]: current state is STARTING
2023-08-18 03:36:34,329 [grpc-default-executor-3] INFO  server.RaftServer$Division (RaftServerImpl.java:requestVote(1344)) - s1@group-E264CA5F8311: receive requestVote(PRE_VOTE, s0, group-E264CA5F8311, 1, (t:1, i:255))
2023-08-18 03:36:34,329 [grpc-default-executor-3] WARN  server.GrpcServerProtocolService (LogUtils.java:warn(122)) - s1: Failed requestVote s0->s1#0: org.apache.ratis.protocol.exceptions.ServerNotReadyException: s1@group-E264CA5F8311 is not in [RUNNING]: current state is STARTING
2023-08-18 03:36:34,329 [s0@group-E264CA5F8311-LeaderElection103] INFO  impl.LeaderElection (LogUtils.java:infoOrTrace(137)) - s0@group-E264CA5F8311-LeaderElection103 got exception when requesting votes: java.util.concurrent.ExecutionException: org.apache.ratis.thirdparty.io.grpc.StatusRuntimeException: INTERNAL: s2@group-E264CA5F8311 is not in [RUNNING]: current state is STARTING
2023-08-18 03:36:34,329 [s0@group-E264CA5F8311-LeaderElection103] INFO  impl.LeaderElection (LogUtils.java:infoOrTrace(137)) - s0@group-E264CA5F8311-LeaderElection103 got exception when requesting votes: java.util.concurrent.ExecutionException: org.apache.ratis.thirdparty.io.grpc.StatusRuntimeException: INTERNAL: s1@group-E264CA5F8311 is not in [RUNNING]: current state is STARTING
2023-08-18 03:36:34,329 [s0@group-E264CA5F8311-LeaderElection103] INFO  impl.LeaderElection (LeaderElection.java:logAndReturn(89)) - s0@group-E264CA5F8311-LeaderElection103: PRE_VOTE REJECTED received 0 response(s) and 2 exception(s):
2023-08-18 03:36:34,329 [s0@group-E264CA5F8311-LeaderElection103] INFO  impl.LeaderElection (LogUtils.java:infoOrTrace(137)) -   Exception 0: java.util.concurrent.ExecutionException: org.apache.ratis.thirdparty.io.grpc.StatusRuntimeException: INTERNAL: s2@group-E264CA5F8311 is not in [RUNNING]: current state is STARTING
2023-08-18 03:36:34,329 [s0@group-E264CA5F8311-LeaderElection103] INFO  impl.LeaderElection (LogUtils.java:infoOrTrace(137)) -   Exception 1: java.util.concurrent.ExecutionException: org.apache.ratis.thirdparty.io.grpc.StatusRuntimeException: INTERNAL: s1@group-E264CA5F8311 is not in [RUNNING]: current state is STARTING
2023-08-18 03:36:34,329 [s0@group-E264CA5F8311-LeaderElection103] INFO  impl.LeaderElection (LeaderElection.java:askForVotes(322)) - s0@group-E264CA5F8311-LeaderElection103 PRE_VOTE round 0: result REJECTED
2023-08-18 03:36:34,329 [s0@group-E264CA5F8311-LeaderElection103] INFO  server.RaftServer$Division (RaftServerImpl.java:setRole(371)) - s0@group-E264CA5F8311: changes role from CANDIDATE to FOLLOWER at term 1 for REJECTED
2023-08-18 03:36:34,329 [s0@group-E264CA5F8311-LeaderElection103] INFO  impl.RoleInfo (RoleInfo.java:shutdownLeaderElection(129)) - s0: shutdown s0@group-E264CA5F8311-LeaderElection103
2023-08-18 03:36:34,329 [s0@group-E264CA5F8311-LeaderElection103] INFO  impl.RoleInfo (RoleInfo.java:updateAndGet(138)) - s0: start s0@group-E264CA5F8311-FollowerState
2023-08-18 03:36:34,335 [s2-server-thread1] INFO  server.RaftServer$Division (RaftServerImpl.java:setConfigurationAsync(1238)) - s2@group-E264CA5F8311: receive setConfiguration SetConfigurationRequest:client-255CF6B0DA3F->s2@group-E264CA5F8311, cid=386, seq=0, RW, null, SET_UNCONDITIONALLY, servers:[s1|rpc:0.0.0.0:34459|dataStream:|priority:0|startupRole:FOLLOWER, s2|rpc:0.0.0.0:43137|dataStream:|priority:0|startupRole:FOLLOWER, s0|rpc:localhost:39295|admin:localhost:44843|client:localhost:40991|dataStream:localhost:40677|priority:0|startupRole:FOLLOWER], listeners:[]
2023-08-18 03:36:34,439 [s1-server-thread1] INFO  server.RaftServer$Division (RaftServerImpl.java:setConfigurationAsync(1238)) - s1@group-E264CA5F8311: receive setConfiguration SetConfigurationRequest:client-255CF6B0DA3F->s1@group-E264CA5F8311, cid=386, seq=0, RW, null, SET_UNCONDITIONALLY, servers:[s1|rpc:0.0.0.0:34459|dataStream:|priority:0|startupRole:FOLLOWER, s2|rpc:0.0.0.0:43137|dataStream:|priority:0|startupRole:FOLLOWER, s0|rpc:localhost:39295|admin:localhost:44843|client:localhost:40991|dataStream:localhost:40677|priority:0|startupRole:FOLLOWER], listeners:[]
2023-08-18 03:36:34,543 [s0-server-thread1] INFO  server.RaftServer$Division (RaftServerImpl.java:setConfigurationAsync(1238)) - s0@group-E264CA5F8311: receive setConfiguration SetConfigurationRequest:client-255CF6B0DA3F->s0@group-E264CA5F8311, cid=386, seq=0, RW, null, SET_UNCONDITIONALLY, servers:[s1|rpc:0.0.0.0:34459|dataStream:|priority:0|startupRole:FOLLOWER, s2|rpc:0.0.0.0:43137|dataStream:|priority:0|startupRole:FOLLOWER, s0|rpc:localhost:39295|admin:localhost:44843|client:localhost:40991|dataStream:localhost:40677|priority:0|startupRole:FOLLOWER], listeners:[]
2023-08-18 03:36:34,549 [s0@group-E264CA5F8311-FollowerState] INFO  impl.FollowerState (FollowerState.java:run(143)) - s0@group-E264CA5F8311-FollowerState: change to CANDIDATE, lastRpcElapsedTime:219660405ns, electionTimeout:219ms
2023-08-18 03:36:34,549 [s0@group-E264CA5F8311-FollowerState] INFO  impl.RoleInfo (RoleInfo.java:shutdownFollowerState(109)) - s0: shutdown s0@group-E264CA5F8311-FollowerState
2023-08-18 03:36:34,549 [s0@group-E264CA5F8311-FollowerState] INFO  server.RaftServer$Division (RaftServerImpl.java:setRole(371)) - s0@group-E264CA5F8311: changes role from  FOLLOWER to CANDIDATE at term 1 for changeToCandidate
2023-08-18 03:36:34,549 [s0@group-E264CA5F8311-FollowerState] INFO  server.RaftServerConfigKeys (ConfUtils.java:logGet(46)) - raft.server.leaderelection.pre-vote = true (default)
2023-08-18 03:36:34,549 [s0@group-E264CA5F8311-FollowerState] INFO  impl.RoleInfo (RoleInfo.java:updateAndGet(138)) - s0: start s0@group-E264CA5F8311-LeaderElection104
2023-08-18 03:36:34,549 [s0@group-E264CA5F8311-LeaderElection104] INFO  impl.LeaderElection (LeaderElection.java:askForVotes(320)) - s0@group-E264CA5F8311-LeaderElection104 PRE_VOTE round 0: submit vote requests at term 1 for 255: peers:[s0|rpc:localhost:39295|admin:localhost:44843|client:localhost:40991|dataStream:localhost:40677|priority:0|startupRole:FOLLOWER, s1|rpc:0.0.0.0:34459|dataStream:|priority:0|startupRole:FOLLOWER, s2|rpc:0.0.0.0:43137|dataStream:|priority:0|startupRole:FOLLOWER]|listeners:[], old=peers:[s0|rpc:localhost:39295|admin:localhost:44843|client:localhost:40991|dataStream:localhost:40677|priority:0|startupRole:FOLLOWER]|listeners:[]
2023-08-18 03:36:34,550 [grpc-default-executor-4] INFO  server.RaftServer$Division (RaftServerImpl.java:requestVote(1344)) - s1@group-E264CA5F8311: receive requestVote(PRE_VOTE, s0, group-E264CA5F8311, 1, (t:1, i:255))
2023-08-18 03:36:34,550 [grpc-default-executor-4] WARN  server.GrpcServerProtocolService (LogUtils.java:warn(122)) - s1: Failed requestVote s0->s1#0: org.apache.ratis.protocol.exceptions.ServerNotReadyException: s1@group-E264CA5F8311 is not in [RUNNING]: current state is STARTING
2023-08-18 03:36:34,551 [grpc-default-executor-3] INFO  server.RaftServer$Division (RaftServerImpl.java:requestVote(1344)) - s2@group-E264CA5F8311: receive requestVote(PRE_VOTE, s0, group-E264CA5F8311, 1, (t:1, i:255))
2023-08-18 03:36:34,551 [grpc-default-executor-3] WARN  server.GrpcServerProtocolService (LogUtils.java:warn(122)) - s2: Failed requestVote s0->s2#0: org.apache.ratis.protocol.exceptions.ServerNotReadyException: s2@group-E264CA5F8311 is not in [RUNNING]: current state is STARTING
2023-08-18 03:36:34,551 [s0@group-E264CA5F8311-LeaderElection104] INFO  impl.LeaderElection (LogUtils.java:infoOrTrace(137)) - s0@group-E264CA5F8311-LeaderElection104 got exception when requesting votes: java.util.concurrent.ExecutionException: org.apache.ratis.thirdparty.io.grpc.StatusRuntimeException: INTERNAL: s1@group-E264CA5F8311 is not in [RUNNING]: current state is STARTING
2023-08-18 03:36:34,551 [s0@group-E264CA5F8311-LeaderElection104] INFO  impl.LeaderElection (LogUtils.java:infoOrTrace(137)) - s0@group-E264CA5F8311-LeaderElection104 got exception when requesting votes: java.util.concurrent.ExecutionException: org.apache.ratis.thirdparty.io.grpc.StatusRuntimeException: INTERNAL: s2@group-E264CA5F8311 is not in [RUNNING]: current state is STARTING
2023-08-18 03:36:34,551 [s0@group-E264CA5F8311-LeaderElection104] INFO  impl.LeaderElection (LeaderElection.java:logAndReturn(89)) - s0@group-E264CA5F8311-LeaderElection104: PRE_VOTE REJECTED received 0 response(s) and 2 exception(s):
2023-08-18 03:36:34,551 [s0@group-E264CA5F8311-LeaderElection104] INFO  impl.LeaderElection (LogUtils.java:infoOrTrace(137)) -   Exception 0: java.util.concurrent.ExecutionException: org.apache.ratis.thirdparty.io.grpc.StatusRuntimeException: INTERNAL: s1@group-E264CA5F8311 is not in [RUNNING]: current state is STARTING
2023-08-18 03:36:34,551 [s0@group-E264CA5F8311-LeaderElection104] INFO  impl.LeaderElection (LogUtils.java:infoOrTrace(137)) -   Exception 1: java.util.concurrent.ExecutionException: org.apache.ratis.thirdparty.io.grpc.StatusRuntimeException: INTERNAL: s2@group-E264CA5F8311 is not in [RUNNING]: current state is STARTING
2023-08-18 03:36:34,551 [s0@group-E264CA5F8311-LeaderElection104] INFO  impl.LeaderElection (LeaderElection.java:askForVotes(322)) - s0@group-E264CA5F8311-LeaderElection104 PRE_VOTE round 0: result REJECTED
2023-08-18 03:36:34,551 [s0@group-E264CA5F8311-LeaderElection104] INFO  server.RaftServer$Division (RaftServerImpl.java:setRole(371)) - s0@group-E264CA5F8311: changes role from CANDIDATE to FOLLOWER at term 1 for REJECTED
2023-08-18 03:36:34,551 [s0@group-E264CA5F8311-LeaderElection104] INFO  impl.RoleInfo (RoleInfo.java:shutdownLeaderElection(129)) - s0: shutdown s0@group-E264CA5F8311-LeaderElection104
2023-08-18 03:36:34,551 [s0@group-E264CA5F8311-LeaderElection104] INFO  impl.RoleInfo (RoleInfo.java:updateAndGet(138)) - s0: start s0@group-E264CA5F8311-FollowerState
2023-08-18 03:36:34,647 [s1-server-thread1] INFO  server.RaftServer$Division (RaftServerImpl.java:setConfigurationAsync(1238)) - s1@group-E264CA5F8311: receive setConfiguration SetConfigurationRequest:client-255CF6B0DA3F->s1@group-E264CA5F8311, cid=386, seq=0, RW, null, SET_UNCONDITIONALLY, servers:[s1|rpc:0.0.0.0:34459|dataStream:|priority:0|startupRole:FOLLOWER, s2|rpc:0.0.0.0:43137|dataStream:|priority:0|startupRole:FOLLOWER, s0|rpc:localhost:39295|admin:localhost:44843|client:localhost:40991|dataStream:localhost:40677|priority:0|startupRole:FOLLOWER], listeners:[]
2023-08-18 03:36:34,719 [s0@group-E264CA5F8311-FollowerState] INFO  impl.FollowerState (FollowerState.java:run(143)) - s0@group-E264CA5F8311-FollowerState: change to CANDIDATE, lastRpcElapsedTime:167248609ns, electionTimeout:167ms
2023-08-18 03:36:34,719 [s0@group-E264CA5F8311-FollowerState] INFO  impl.RoleInfo (RoleInfo.java:shutdownFollowerState(109)) - s0: shutdown s0@group-E264CA5F8311-FollowerState
2023-08-18 03:36:34,719 [s0@group-E264CA5F8311-FollowerState] INFO  server.RaftServer$Division (RaftServerImpl.java:setRole(371)) - s0@group-E264CA5F8311: changes role from  FOLLOWER to CANDIDATE at term 1 for changeToCandidate
2023-08-18 03:36:34,719 [s0@group-E264CA5F8311-FollowerState] INFO  server.RaftServerConfigKeys (ConfUtils.java:logGet(46)) - raft.server.leaderelection.pre-vote = true (default)
2023-08-18 03:36:34,719 [s0@group-E264CA5F8311-FollowerState] INFO  impl.RoleInfo (RoleInfo.java:updateAndGet(138)) - s0: start s0@group-E264CA5F8311-LeaderElection105
2023-08-18 03:36:34,719 [s0@group-E264CA5F8311-LeaderElection105] INFO  impl.LeaderElection (LeaderElection.java:askForVotes(320)) - s0@group-E264CA5F8311-LeaderElection105 PRE_VOTE round 0: submit vote requests at term 1 for 255: peers:[s0|rpc:localhost:39295|admin:localhost:44843|client:localhost:40991|dataStream:localhost:40677|priority:0|startupRole:FOLLOWER, s1|rpc:0.0.0.0:34459|dataStream:|priority:0|startupRole:FOLLOWER, s2|rpc:0.0.0.0:43137|dataStream:|priority:0|startupRole:FOLLOWER]|listeners:[], old=peers:[s0|rpc:localhost:39295|admin:localhost:44843|client:localhost:40991|dataStream:localhost:40677|priority:0|startupRole:FOLLOWER]|listeners:[]
2023-08-18 03:36:34,720 [grpc-default-executor-4] INFO  server.RaftServer$Division (RaftServerImpl.java:requestVote(1344)) - s2@group-E264CA5F8311: receive requestVote(PRE_VOTE, s0, group-E264CA5F8311, 1, (t:1, i:255))
2023-08-18 03:36:34,720 [grpc-default-executor-4] WARN  server.GrpcServerProtocolService (LogUtils.java:warn(122)) - s2: Failed requestVote s0->s2#0: org.apache.ratis.protocol.exceptions.ServerNotReadyException: s2@group-E264CA5F8311 is not in [RUNNING]: current state is STARTING
2023-08-18 03:36:34,721 [grpc-default-executor-3] INFO  server.RaftServer$Division (RaftServerImpl.java:requestVote(1344)) - s1@group-E264CA5F8311: receive requestVote(PRE_VOTE, s0, group-E264CA5F8311, 1, (t:1, i:255))
2023-08-18 03:36:34,721 [grpc-default-executor-3] WARN  server.GrpcServerProtocolService (LogUtils.java:warn(122)) - s1: Failed requestVote s0->s1#0: org.apache.ratis.protocol.exceptions.ServerNotReadyException: s1@group-E264CA5F8311 is not in [RUNNING]: current state is STARTING
2023-08-18 03:36:34,721 [s0@group-E264CA5F8311-LeaderElection105] INFO  impl.LeaderElection (LogUtils.java:infoOrTrace(137)) - s0@group-E264CA5F8311-LeaderElection105 got exception when requesting votes: java.util.concurrent.ExecutionException: org.apache.ratis.thirdparty.io.grpc.StatusRuntimeException: INTERNAL: s2@group-E264CA5F8311 is not in [RUNNING]: current state is STARTING
2023-08-18 03:36:34,721 [s0@group-E264CA5F8311-LeaderElection105] INFO  impl.LeaderElection (LogUtils.java:infoOrTrace(137)) - s0@group-E264CA5F8311-LeaderElection105 got exception when requesting votes: java.util.concurrent.ExecutionException: org.apache.ratis.thirdparty.io.grpc.StatusRuntimeException: INTERNAL: s1@group-E264CA5F8311 is not in [RUNNING]: current state is STARTING
2023-08-18 03:36:34,721 [s0@group-E264CA5F8311-LeaderElection105] INFO  impl.LeaderElection (LeaderElection.java:logAndReturn(89)) - s0@group-E264CA5F8311-LeaderElection105: PRE_VOTE REJECTED received 0 response(s) and 2 exception(s):
2023-08-18 03:36:34,721 [s0@group-E264CA5F8311-LeaderElection105] INFO  impl.LeaderElection (LogUtils.java:infoOrTrace(137)) -   Exception 0: java.util.concurrent.ExecutionException: org.apache.ratis.thirdparty.io.grpc.StatusRuntimeException: INTERNAL: s2@group-E264CA5F8311 is not in [RUNNING]: current state is STARTING
2023-08-18 03:36:34,721 [s0@group-E264CA5F8311-LeaderElection105] INFO  impl.LeaderElection (LogUtils.java:infoOrTrace(137)) -   Exception 1: java.util.concurrent.ExecutionException: org.apache.ratis.thirdparty.io.grpc.StatusRuntimeException: INTERNAL: s1@group-E264CA5F8311 is not in [RUNNING]: current state is STARTING
2023-08-18 03:36:34,721 [s0@group-E264CA5F8311-LeaderElection105] INFO  impl.LeaderElection (LeaderElection.java:askForVotes(322)) - s0@group-E264CA5F8311-LeaderElection105 PRE_VOTE round 0: result REJECTED
2023-08-18 03:36:34,721 [s0@group-E264CA5F8311-LeaderElection105] INFO  server.RaftServer$Division (RaftServerImpl.java:setRole(371)) - s0@group-E264CA5F8311: changes role from CANDIDATE to FOLLOWER at term 1 for REJECTED
2023-08-18 03:36:34,721 [s0@group-E264CA5F8311-LeaderElection105] INFO  impl.RoleInfo (RoleInfo.java:shutdownLeaderElection(129)) - s0: shutdown s0@group-E264CA5F8311-LeaderElection105
2023-08-18 03:36:34,721 [s0@group-E264CA5F8311-LeaderElection105] INFO  impl.RoleInfo (RoleInfo.java:updateAndGet(138)) - s0: start s0@group-E264CA5F8311-FollowerState
2023-08-18 03:36:34,751 [s2-server-thread1] INFO  server.RaftServer$Division (RaftServerImpl.java:setConfigurationAsync(1238)) - s2@group-E264CA5F8311: receive setConfiguration SetConfigurationRequest:client-255CF6B0DA3F->s2@group-E264CA5F8311, cid=386, seq=0, RW, null, SET_UNCONDITIONALLY, servers:[s1|rpc:0.0.0.0:34459|dataStream:|priority:0|startupRole:FOLLOWER, s2|rpc:0.0.0.0:43137|dataStream:|priority:0|startupRole:FOLLOWER, s0|rpc:localhost:39295|admin:localhost:44843|client:localhost:40991|dataStream:localhost:40677|priority:0|startupRole:FOLLOWER], listeners:[]
2023-08-18 03:36:34,855 [s1-server-thread1] INFO  server.RaftServer$Division (RaftServerImpl.java:setConfigurationAsync(1238)) - s1@group-E264CA5F8311: receive setConfiguration SetConfigurationRequest:client-255CF6B0DA3F->s1@group-E264CA5F8311, cid=386, seq=0, RW, null, SET_UNCONDITIONALLY, servers:[s1|rpc:0.0.0.0:34459|dataStream:|priority:0|startupRole:FOLLOWER, s2|rpc:0.0.0.0:43137|dataStream:|priority:0|startupRole:FOLLOWER, s0|rpc:localhost:39295|admin:localhost:44843|client:localhost:40991|dataStream:localhost:40677|priority:0|startupRole:FOLLOWER], listeners:[]
2023-08-18 03:36:34,931 [s0@group-E264CA5F8311-FollowerState] INFO  impl.FollowerState (FollowerState.java:run(143)) - s0@group-E264CA5F8311-FollowerState: change to CANDIDATE, lastRpcElapsedTime:209564883ns, electionTimeout:209ms
2023-08-18 03:36:34,931 [s0@group-E264CA5F8311-FollowerState] INFO  impl.RoleInfo (RoleInfo.java:shutdownFollowerState(109)) - s0: shutdown s0@group-E264CA5F8311-FollowerState
2023-08-18 03:36:34,931 [s0@group-E264CA5F8311-FollowerState] INFO  server.RaftServer$Division (RaftServerImpl.java:setRole(371)) - s0@group-E264CA5F8311: changes role from  FOLLOWER to CANDIDATE at term 1 for changeToCandidate
2023-08-18 03:36:34,931 [s0@group-E264CA5F8311-FollowerState] INFO  server.RaftServerConfigKeys (ConfUtils.java:logGet(46)) - raft.server.leaderelection.pre-vote = true (default)
2023-08-18 03:36:34,931 [s0@group-E264CA5F8311-FollowerState] INFO  impl.RoleInfo (RoleInfo.java:updateAndGet(138)) - s0: start s0@group-E264CA5F8311-LeaderElection106
2023-08-18 03:36:34,932 [s0@group-E264CA5F8311-LeaderElection106] INFO  impl.LeaderElection (LeaderElection.java:askForVotes(320)) - s0@group-E264CA5F8311-LeaderElection106 PRE_VOTE round 0: submit vote requests at term 1 for 255: peers:[s0|rpc:localhost:39295|admin:localhost:44843|client:localhost:40991|dataStream:localhost:40677|priority:0|startupRole:FOLLOWER, s1|rpc:0.0.0.0:34459|dataStream:|priority:0|startupRole:FOLLOWER, s2|rpc:0.0.0.0:43137|dataStream:|priority:0|startupRole:FOLLOWER]|listeners:[], old=peers:[s0|rpc:localhost:39295|admin:localhost:44843|client:localhost:40991|dataStream:localhost:40677|priority:0|startupRole:FOLLOWER]|listeners:[]
2023-08-18 03:36:34,933 [grpc-default-executor-4] INFO  server.RaftServer$Division (RaftServerImpl.java:requestVote(1344)) - s1@group-E264CA5F8311: receive requestVote(PRE_VOTE, s0, group-E264CA5F8311, 1, (t:1, i:255))
2023-08-18 03:36:34,933 [grpc-default-executor-3] INFO  server.RaftServer$Division (RaftServerImpl.java:requestVote(1344)) - s2@group-E264CA5F8311: receive requestVote(PRE_VOTE, s0, group-E264CA5F8311, 1, (t:1, i:255))
2023-08-18 03:36:34,933 [grpc-default-executor-3] WARN  server.GrpcServerProtocolService (LogUtils.java:warn(122)) - s2: Failed requestVote s0->s2#0: org.apache.ratis.protocol.exceptions.ServerNotReadyException: s2@group-E264CA5F8311 is not in [RUNNING]: current state is STARTING
2023-08-18 03:36:34,933 [s0@group-E264CA5F8311-LeaderElection106] INFO  impl.LeaderElection (LogUtils.java:infoOrTrace(137)) - s0@group-E264CA5F8311-LeaderElection106 got exception when requesting votes: java.util.concurrent.ExecutionException: org.apache.ratis.thirdparty.io.grpc.StatusRuntimeException: INTERNAL: s2@group-E264CA5F8311 is not in [RUNNING]: current state is STARTING
2023-08-18 03:36:34,933 [grpc-default-executor-4] WARN  server.GrpcServerProtocolService (LogUtils.java:warn(122)) - s1: Failed requestVote s0->s1#0: org.apache.ratis.protocol.exceptions.ServerNotReadyException: s1@group-E264CA5F8311 is not in [RUNNING]: current state is STARTING
2023-08-18 03:36:34,934 [s0@group-E264CA5F8311-LeaderElection106] INFO  impl.LeaderElection (LogUtils.java:infoOrTrace(137)) - s0@group-E264CA5F8311-LeaderElection106 got exception when requesting votes: java.util.concurrent.ExecutionException: org.apache.ratis.thirdparty.io.grpc.StatusRuntimeException: INTERNAL: s1@group-E264CA5F8311 is not in [RUNNING]: current state is STARTING
2023-08-18 03:36:34,934 [s0@group-E264CA5F8311-LeaderElection106] INFO  impl.LeaderElection (LeaderElection.java:logAndReturn(89)) - s0@group-E264CA5F8311-LeaderElection106: PRE_VOTE REJECTED received 0 response(s) and 2 exception(s):
2023-08-18 03:36:34,934 [s0@group-E264CA5F8311-LeaderElection106] INFO  impl.LeaderElection (LogUtils.java:infoOrTrace(137)) -   Exception 0: java.util.concurrent.ExecutionException: org.apache.ratis.thirdparty.io.grpc.StatusRuntimeException: INTERNAL: s2@group-E264CA5F8311 is not in [RUNNING]: current state is STARTING
2023-08-18 03:36:34,934 [s0@group-E264CA5F8311-LeaderElection106] INFO  impl.LeaderElection (LogUtils.java:infoOrTrace(137)) -   Exception 1: java.util.concurrent.ExecutionException: org.apache.ratis.thirdparty.io.grpc.StatusRuntimeException: INTERNAL: s1@group-E264CA5F8311 is not in [RUNNING]: current state is STARTING
2023-08-18 03:36:34,934 [s0@group-E264CA5F8311-LeaderElection106] INFO  impl.LeaderElection (LeaderElection.java:askForVotes(322)) - s0@group-E264CA5F8311-LeaderElection106 PRE_VOTE round 0: result REJECTED
2023-08-18 03:36:34,934 [s0@group-E264CA5F8311-LeaderElection106] INFO  server.RaftServer$Division (RaftServerImpl.java:setRole(371)) - s0@group-E264CA5F8311: changes role from CANDIDATE to FOLLOWER at term 1 for REJECTED
2023-08-18 03:36:34,934 [s0@group-E264CA5F8311-LeaderElection106] INFO  impl.RoleInfo (RoleInfo.java:shutdownLeaderElection(129)) - s0: shutdown s0@group-E264CA5F8311-LeaderElection106
2023-08-18 03:36:34,934 [s0@group-E264CA5F8311-LeaderElection106] INFO  impl.RoleInfo (RoleInfo.java:updateAndGet(138)) - s0: start s0@group-E264CA5F8311-FollowerState
2023-08-18 03:36:34,959 [s0-server-thread1] INFO  server.RaftServer$Division (RaftServerImpl.java:setConfigurationAsync(1238)) - s0@group-E264CA5F8311: receive setConfiguration SetConfigurationRequest:client-255CF6B0DA3F->s0@group-E264CA5F8311, cid=386, seq=0, RW, null, SET_UNCONDITIONALLY, servers:[s1|rpc:0.0.0.0:34459|dataStream:|priority:0|startupRole:FOLLOWER, s2|rpc:0.0.0.0:43137|dataStream:|priority:0|startupRole:FOLLOWER, s0|rpc:localhost:39295|admin:localhost:44843|client:localhost:40991|dataStream:localhost:40677|priority:0|startupRole:FOLLOWER], listeners:[]
2023-08-18 03:36:35,063 [s1-server-thread1] INFO  server.RaftServer$Division (RaftServerImpl.java:setConfigurationAsync(1238)) - s1@group-E264CA5F8311: receive setConfiguration SetConfigurationRequest:client-255CF6B0DA3F->s1@group-E264CA5F8311, cid=386, seq=0, RW, null, SET_UNCONDITIONALLY, servers:[s1|rpc:0.0.0.0:34459|dataStream:|priority:0|startupRole:FOLLOWER, s2|rpc:0.0.0.0:43137|dataStream:|priority:0|startupRole:FOLLOWER, s0|rpc:localhost:39295|admin:localhost:44843|client:localhost:40991|dataStream:localhost:40677|priority:0|startupRole:FOLLOWER], listeners:[]
2023-08-18 03:36:35,167 [s2-server-thread1] INFO  server.RaftServer$Division (RaftServerImpl.java:setConfigurationAsync(1238)) - s2@group-E264CA5F8311: receive setConfiguration SetConfigurationRequest:client-255CF6B0DA3F->s2@group-E264CA5F8311, cid=386, seq=0, RW, null, SET_UNCONDITIONALLY, servers:[s1|rpc:0.0.0.0:34459|dataStream:|priority:0|startupRole:FOLLOWER, s2|rpc:0.0.0.0:43137|dataStream:|priority:0|startupRole:FOLLOWER, s0|rpc:localhost:39295|admin:localhost:44843|client:localhost:40991|dataStream:localhost:40677|priority:0|startupRole:FOLLOWER], listeners:[]
2023-08-18 03:36:35,219 [s0@group-E264CA5F8311-FollowerState] INFO  impl.FollowerState (FollowerState.java:run(143)) - s0@group-E264CA5F8311-FollowerState: change to CANDIDATE, lastRpcElapsedTime:285352498ns, electionTimeout:285ms
2023-08-18 03:36:35,220 [s0@group-E264CA5F8311-FollowerState] INFO  impl.RoleInfo (RoleInfo.java:shutdownFollowerState(109)) - s0: shutdown s0@group-E264CA5F8311-FollowerState
2023-08-18 03:36:35,220 [s0@group-E264CA5F8311-FollowerState] INFO  server.RaftServer$Division (RaftServerImpl.java:setRole(371)) - s0@group-E264CA5F8311: changes role from  FOLLOWER to CANDIDATE at term 1 for changeToCandidate
2023-08-18 03:36:35,220 [s0@group-E264CA5F8311-FollowerState] INFO  server.RaftServerConfigKeys (ConfUtils.java:logGet(46)) - raft.server.leaderelection.pre-vote = true (default)
2023-08-18 03:36:35,220 [s0@group-E264CA5F8311-FollowerState] INFO  impl.RoleInfo (RoleInfo.java:updateAndGet(138)) - s0: start s0@group-E264CA5F8311-LeaderElection107
2023-08-18 03:36:35,220 [s0@group-E264CA5F8311-LeaderElection107] INFO  impl.LeaderElection (LeaderElection.java:askForVotes(320)) - s0@group-E264CA5F8311-LeaderElection107 PRE_VOTE round 0: submit vote requests at term 1 for 255: peers:[s0|rpc:localhost:39295|admin:localhost:44843|client:localhost:40991|dataStream:localhost:40677|priority:0|startupRole:FOLLOWER, s1|rpc:0.0.0.0:34459|dataStream:|priority:0|startupRole:FOLLOWER, s2|rpc:0.0.0.0:43137|dataStream:|priority:0|startupRole:FOLLOWER]|listeners:[], old=peers:[s0|rpc:localhost:39295|admin:localhost:44843|client:localhost:40991|dataStream:localhost:40677|priority:0|startupRole:FOLLOWER]|listeners:[]
2023-08-18 03:36:35,221 [grpc-default-executor-4] INFO  server.RaftServer$Division (RaftServerImpl.java:requestVote(1344)) - s1@group-E264CA5F8311: receive requestVote(PRE_VOTE, s0, group-E264CA5F8311, 1, (t:1, i:255))
2023-08-18 03:36:35,221 [grpc-default-executor-4] WARN  server.GrpcServerProtocolService (LogUtils.java:warn(122)) - s1: Failed requestVote s0->s1#0: org.apache.ratis.protocol.exceptions.ServerNotReadyException: s1@group-E264CA5F8311 is not in [RUNNING]: current state is STARTING
2023-08-18 03:36:35,221 [grpc-default-executor-4] INFO  server.RaftServer$Division (RaftServerImpl.java:requestVote(1344)) - s2@group-E264CA5F8311: receive requestVote(PRE_VOTE, s0, group-E264CA5F8311, 1, (t:1, i:255))
2023-08-18 03:36:35,221 [grpc-default-executor-4] WARN  server.GrpcServerProtocolService (LogUtils.java:warn(122)) - s2: Failed requestVote s0->s2#0: org.apache.ratis.protocol.exceptions.ServerNotReadyException: s2@group-E264CA5F8311 is not in [RUNNING]: current state is STARTING
2023-08-18 03:36:35,222 [s0@group-E264CA5F8311-LeaderElection107] INFO  impl.LeaderElection (LogUtils.java:infoOrTrace(137)) - s0@group-E264CA5F8311-LeaderElection107 got exception when requesting votes: java.util.concurrent.ExecutionException: org.apache.ratis.thirdparty.io.grpc.StatusRuntimeException: INTERNAL: s1@group-E264CA5F8311 is not in [RUNNING]: current state is STARTING
2023-08-18 03:36:35,222 [s0@group-E264CA5F8311-LeaderElection107] INFO  impl.LeaderElection (LogUtils.java:infoOrTrace(137)) - s0@group-E264CA5F8311-LeaderElection107 got exception when requesting votes: java.util.concurrent.ExecutionException: org.apache.ratis.thirdparty.io.grpc.StatusRuntimeException: INTERNAL: s2@group-E264CA5F8311 is not in [RUNNING]: current state is STARTING
2023-08-18 03:36:35,222 [s0@group-E264CA5F8311-LeaderElection107] INFO  impl.LeaderElection (LeaderElection.java:logAndReturn(89)) - s0@group-E264CA5F8311-LeaderElection107: PRE_VOTE REJECTED received 0 response(s) and 2 exception(s):
2023-08-18 03:36:35,222 [s0@group-E264CA5F8311-LeaderElection107] INFO  impl.LeaderElection (LogUtils.java:infoOrTrace(137)) -   Exception 0: java.util.concurrent.ExecutionException: org.apache.ratis.thirdparty.io.grpc.StatusRuntimeException: INTERNAL: s1@group-E264CA5F8311 is not in [RUNNING]: current state is STARTING
2023-08-18 03:36:35,222 [s0@group-E264CA5F8311-LeaderElection107] INFO  impl.LeaderElection (LogUtils.java:infoOrTrace(137)) -   Exception 1: java.util.concurrent.ExecutionException: org.apache.ratis.thirdparty.io.grpc.StatusRuntimeException: INTERNAL: s2@group-E264CA5F8311 is not in [RUNNING]: current state is STARTING
2023-08-18 03:36:35,222 [s0@group-E264CA5F8311-LeaderElection107] INFO  impl.LeaderElection (LeaderElection.java:askForVotes(322)) - s0@group-E264CA5F8311-LeaderElection107 PRE_VOTE round 0: result REJECTED
2023-08-18 03:36:35,222 [s0@group-E264CA5F8311-LeaderElection107] INFO  server.RaftServer$Division (RaftServerImpl.java:setRole(371)) - s0@group-E264CA5F8311: changes role from CANDIDATE to FOLLOWER at term 1 for REJECTED
2023-08-18 03:36:35,222 [s0@group-E264CA5F8311-LeaderElection107] INFO  impl.RoleInfo (RoleInfo.java:shutdownLeaderElection(129)) - s0: shutdown s0@group-E264CA5F8311-LeaderElection107
2023-08-18 03:36:35,222 [s0@group-E264CA5F8311-LeaderElection107] INFO  impl.RoleInfo (RoleInfo.java:updateAndGet(138)) - s0: start s0@group-E264CA5F8311-FollowerState
2023-08-18 03:36:35,271 [s1-server-thread1] INFO  server.RaftServer$Division (RaftServerImpl.java:setConfigurationAsync(1238)) - s1@group-E264CA5F8311: receive setConfiguration SetConfigurationRequest:client-255CF6B0DA3F->s1@group-E264CA5F8311, cid=386, seq=0, RW, null, SET_UNCONDITIONALLY, servers:[s1|rpc:0.0.0.0:34459|dataStream:|priority:0|startupRole:FOLLOWER, s2|rpc:0.0.0.0:43137|dataStream:|priority:0|startupRole:FOLLOWER, s0|rpc:localhost:39295|admin:localhost:44843|client:localhost:40991|dataStream:localhost:40677|priority:0|startupRole:FOLLOWER], listeners:[]
2023-08-18 03:36:35,376 [s0-server-thread1] INFO  server.RaftServer$Division (RaftServerImpl.java:setConfigurationAsync(1238)) - s0@group-E264CA5F8311: receive setConfiguration SetConfigurationRequest:client-255CF6B0DA3F->s0@group-E264CA5F8311, cid=386, seq=0, RW, null, SET_UNCONDITIONALLY, servers:[s1|rpc:0.0.0.0:34459|dataStream:|priority:0|startupRole:FOLLOWER, s2|rpc:0.0.0.0:43137|dataStream:|priority:0|startupRole:FOLLOWER, s0|rpc:localhost:39295|admin:localhost:44843|client:localhost:40991|dataStream:localhost:40677|priority:0|startupRole:FOLLOWER], listeners:[]
2023-08-18 03:36:35,433 [s0@group-E264CA5F8311-FollowerState] INFO  impl.FollowerState (FollowerState.java:run(143)) - s0@group-E264CA5F8311-FollowerState: change to CANDIDATE, lastRpcElapsedTime:210410676ns, electionTimeout:210ms
2023-08-18 03:36:35,433 [s0@group-E264CA5F8311-FollowerState] INFO  impl.RoleInfo (RoleInfo.java:shutdownFollowerState(109)) - s0: shutdown s0@group-E264CA5F8311-FollowerState
2023-08-18 03:36:35,433 [s0@group-E264CA5F8311-FollowerState] INFO  server.RaftServer$Division (RaftServerImpl.java:setRole(371)) - s0@group-E264CA5F8311: changes role from  FOLLOWER to CANDIDATE at term 1 for changeToCandidate
2023-08-18 03:36:35,433 [s0@group-E264CA5F8311-FollowerState] INFO  server.RaftServerConfigKeys (ConfUtils.java:logGet(46)) - raft.server.leaderelection.pre-vote = true (default)
2023-08-18 03:36:35,433 [s0@group-E264CA5F8311-FollowerState] INFO  impl.RoleInfo (RoleInfo.java:updateAndGet(138)) - s0: start s0@group-E264CA5F8311-LeaderElection108
2023-08-18 03:36:35,433 [s0@group-E264CA5F8311-LeaderElection108] INFO  impl.LeaderElection (LeaderElection.java:askForVotes(320)) - s0@group-E264CA5F8311-LeaderElection108 PRE_VOTE round 0: submit vote requests at term 1 for 255: peers:[s0|rpc:localhost:39295|admin:localhost:44843|client:localhost:40991|dataStream:localhost:40677|priority:0|startupRole:FOLLOWER, s1|rpc:0.0.0.0:34459|dataStream:|priority:0|startupRole:FOLLOWER, s2|rpc:0.0.0.0:43137|dataStream:|priority:0|startupRole:FOLLOWER]|listeners:[], old=peers:[s0|rpc:localhost:39295|admin:localhost:44843|client:localhost:40991|dataStream:localhost:40677|priority:0|startupRole:FOLLOWER]|listeners:[]
2023-08-18 03:36:35,434 [grpc-default-executor-4] INFO  server.RaftServer$Division (RaftServerImpl.java:requestVote(1344)) - s1@group-E264CA5F8311: receive requestVote(PRE_VOTE, s0, group-E264CA5F8311, 1, (t:1, i:255))
2023-08-18 03:36:35,434 [grpc-default-executor-4] WARN  server.GrpcServerProtocolService (LogUtils.java:warn(122)) - s1: Failed requestVote s0->s1#0: org.apache.ratis.protocol.exceptions.ServerNotReadyException: s1@group-E264CA5F8311 is not in [RUNNING]: current state is STARTING
2023-08-18 03:36:35,435 [grpc-default-executor-3] INFO  server.RaftServer$Division (RaftServerImpl.java:requestVote(1344)) - s2@group-E264CA5F8311: receive requestVote(PRE_VOTE, s0, group-E264CA5F8311, 1, (t:1, i:255))
2023-08-18 03:36:35,435 [grpc-default-executor-3] WARN  server.GrpcServerProtocolService (LogUtils.java:warn(122)) - s2: Failed requestVote s0->s2#0: org.apache.ratis.protocol.exceptions.ServerNotReadyException: s2@group-E264CA5F8311 is not in [RUNNING]: current state is STARTING
2023-08-18 03:36:35,435 [s0@group-E264CA5F8311-LeaderElection108] INFO  impl.LeaderElection (LogUtils.java:infoOrTrace(137)) - s0@group-E264CA5F8311-LeaderElection108 got exception when requesting votes: java.util.concurrent.ExecutionException: org.apache.ratis.thirdparty.io.grpc.StatusRuntimeException: INTERNAL: s1@group-E264CA5F8311 is not in [RUNNING]: current state is STARTING
2023-08-18 03:36:35,435 [s0@group-E264CA5F8311-LeaderElection108] INFO  impl.LeaderElection (LogUtils.java:infoOrTrace(137)) - s0@group-E264CA5F8311-LeaderElection108 got exception when requesting votes: java.util.concurrent.ExecutionException: org.apache.ratis.thirdparty.io.grpc.StatusRuntimeException: INTERNAL: s2@group-E264CA5F8311 is not in [RUNNING]: current state is STARTING
2023-08-18 03:36:35,435 [s0@group-E264CA5F8311-LeaderElection108] INFO  impl.LeaderElection (LeaderElection.java:logAndReturn(89)) - s0@group-E264CA5F8311-LeaderElection108: PRE_VOTE REJECTED received 0 response(s) and 2 exception(s):
2023-08-18 03:36:35,435 [s0@group-E264CA5F8311-LeaderElection108] INFO  impl.LeaderElection (LogUtils.java:infoOrTrace(137)) -   Exception 0: java.util.concurrent.ExecutionException: org.apache.ratis.thirdparty.io.grpc.StatusRuntimeException: INTERNAL: s1@group-E264CA5F8311 is not in [RUNNING]: current state is STARTING
2023-08-18 03:36:35,435 [s0@group-E264CA5F8311-LeaderElection108] INFO  impl.LeaderElection (LogUtils.java:infoOrTrace(137)) -   Exception 1: java.util.concurrent.ExecutionException: org.apache.ratis.thirdparty.io.grpc.StatusRuntimeException: INTERNAL: s2@group-E264CA5F8311 is not in [RUNNING]: current state is STARTING
2023-08-18 03:36:35,435 [s0@group-E264CA5F8311-LeaderElection108] INFO  impl.LeaderElection (LeaderElection.java:askForVotes(322)) - s0@group-E264CA5F8311-LeaderElection108 PRE_VOTE round 0: result REJECTED
2023-08-18 03:36:35,435 [s0@group-E264CA5F8311-LeaderElection108] INFO  server.RaftServer$Division (RaftServerImpl.java:setRole(371)) - s0@group-E264CA5F8311: changes role from CANDIDATE to FOLLOWER at term 1 for REJECTED
2023-08-18 03:36:35,435 [s0@group-E264CA5F8311-LeaderElection108] INFO  impl.RoleInfo (RoleInfo.java:shutdownLeaderElection(129)) - s0: shutdown s0@group-E264CA5F8311-LeaderElection108
2023-08-18 03:36:35,435 [s0@group-E264CA5F8311-LeaderElection108] INFO  impl.RoleInfo (RoleInfo.java:updateAndGet(138)) - s0: start s0@group-E264CA5F8311-FollowerState
2023-08-18 03:36:35,482 [s1-server-thread1] INFO  server.RaftServer$Division (RaftServerImpl.java:setConfigurationAsync(1238)) - s1@group-E264CA5F8311: receive setConfiguration SetConfigurationRequest:client-255CF6B0DA3F->s1@group-E264CA5F8311, cid=386, seq=0, RW, null, SET_UNCONDITIONALLY, servers:[s1|rpc:0.0.0.0:34459|dataStream:|priority:0|startupRole:FOLLOWER, s2|rpc:0.0.0.0:43137|dataStream:|priority:0|startupRole:FOLLOWER, s0|rpc:localhost:39295|admin:localhost:44843|client:localhost:40991|dataStream:localhost:40677|priority:0|startupRole:FOLLOWER], listeners:[]
2023-08-18 03:36:35,586 [s0-server-thread1] INFO  server.RaftServer$Division (RaftServerImpl.java:setConfigurationAsync(1238)) - s0@group-E264CA5F8311: receive setConfiguration SetConfigurationRequest:client-255CF6B0DA3F->s0@group-E264CA5F8311, cid=386, seq=0, RW, null, SET_UNCONDITIONALLY, servers:[s1|rpc:0.0.0.0:34459|dataStream:|priority:0|startupRole:FOLLOWER, s2|rpc:0.0.0.0:43137|dataStream:|priority:0|startupRole:FOLLOWER, s0|rpc:localhost:39295|admin:localhost:44843|client:localhost:40991|dataStream:localhost:40677|priority:0|startupRole:FOLLOWER], listeners:[]
2023-08-18 03:36:35,691 [s0@group-E264CA5F8311-FollowerState] INFO  impl.FollowerState (FollowerState.java:run(143)) - s0@group-E264CA5F8311-FollowerState: change to CANDIDATE, lastRpcElapsedTime:256287622ns, electionTimeout:256ms
2023-08-18 03:36:35,692 [s0@group-E264CA5F8311-FollowerState] INFO  impl.RoleInfo (RoleInfo.java:shutdownFollowerState(109)) - s0: shutdown s0@group-E264CA5F8311-FollowerState
2023-08-18 03:36:35,692 [s0@group-E264CA5F8311-FollowerState] INFO  server.RaftServer$Division (RaftServerImpl.java:setRole(371)) - s0@group-E264CA5F8311: changes role from  FOLLOWER to CANDIDATE at term 1 for changeToCandidate
2023-08-18 03:36:35,692 [s0@group-E264CA5F8311-FollowerState] INFO  server.RaftServerConfigKeys (ConfUtils.java:logGet(46)) - raft.server.leaderelection.pre-vote = true (default)
2023-08-18 03:36:35,692 [s0@group-E264CA5F8311-FollowerState] INFO  impl.RoleInfo (RoleInfo.java:updateAndGet(138)) - s0: start s0@group-E264CA5F8311-LeaderElection109
2023-08-18 03:36:35,692 [s0@group-E264CA5F8311-LeaderElection109] INFO  impl.LeaderElection (LeaderElection.java:askForVotes(320)) - s0@group-E264CA5F8311-LeaderElection109 PRE_VOTE round 0: submit vote requests at term 1 for 255: peers:[s0|rpc:localhost:39295|admin:localhost:44843|client:localhost:40991|dataStream:localhost:40677|priority:0|startupRole:FOLLOWER, s1|rpc:0.0.0.0:34459|dataStream:|priority:0|startupRole:FOLLOWER, s2|rpc:0.0.0.0:43137|dataStream:|priority:0|startupRole:FOLLOWER]|listeners:[], old=peers:[s0|rpc:localhost:39295|admin:localhost:44843|client:localhost:40991|dataStream:localhost:40677|priority:0|startupRole:FOLLOWER]|listeners:[]
2023-08-18 03:36:35,693 [grpc-default-executor-4] INFO  server.RaftServer$Division (RaftServerImpl.java:requestVote(1344)) - s2@group-E264CA5F8311: receive requestVote(PRE_VOTE, s0, group-E264CA5F8311, 1, (t:1, i:255))
2023-08-18 03:36:35,693 [grpc-default-executor-4] WARN  server.GrpcServerProtocolService (LogUtils.java:warn(122)) - s2: Failed requestVote s0->s2#0: org.apache.ratis.protocol.exceptions.ServerNotReadyException: s2@group-E264CA5F8311 is not in [RUNNING]: current state is STARTING
2023-08-18 03:36:35,694 [grpc-default-executor-3] INFO  server.RaftServer$Division (RaftServerImpl.java:requestVote(1344)) - s1@group-E264CA5F8311: receive requestVote(PRE_VOTE, s0, group-E264CA5F8311, 1, (t:1, i:255))
2023-08-18 03:36:35,694 [grpc-default-executor-3] WARN  server.GrpcServerProtocolService (LogUtils.java:warn(122)) - s1: Failed requestVote s0->s1#0: org.apache.ratis.protocol.exceptions.ServerNotReadyException: s1@group-E264CA5F8311 is not in [RUNNING]: current state is STARTING
2023-08-18 03:36:35,694 [s0@group-E264CA5F8311-LeaderElection109] INFO  impl.LeaderElection (LogUtils.java:infoOrTrace(137)) - s0@group-E264CA5F8311-LeaderElection109 got exception when requesting votes: java.util.concurrent.ExecutionException: org.apache.ratis.thirdparty.io.grpc.StatusRuntimeException: INTERNAL: s2@group-E264CA5F8311 is not in [RUNNING]: current state is STARTING
2023-08-18 03:36:35,694 [s1-server-thread1] INFO  server.RaftServer$Division (RaftServerImpl.java:setConfigurationAsync(1238)) - s1@group-E264CA5F8311: receive setConfiguration SetConfigurationRequest:client-255CF6B0DA3F->s1@group-E264CA5F8311, cid=386, seq=0, RW, null, SET_UNCONDITIONALLY, servers:[s1|rpc:0.0.0.0:34459|dataStream:|priority:0|startupRole:FOLLOWER, s2|rpc:0.0.0.0:43137|dataStream:|priority:0|startupRole:FOLLOWER, s0|rpc:localhost:39295|admin:localhost:44843|client:localhost:40991|dataStream:localhost:40677|priority:0|startupRole:FOLLOWER], listeners:[]
2023-08-18 03:36:35,694 [s0@group-E264CA5F8311-LeaderElection109] INFO  impl.LeaderElection (LogUtils.java:infoOrTrace(137)) - s0@group-E264CA5F8311-LeaderElection109 got exception when requesting votes: java.util.concurrent.ExecutionException: org.apache.ratis.thirdparty.io.grpc.StatusRuntimeException: INTERNAL: s1@group-E264CA5F8311 is not in [RUNNING]: current state is STARTING
2023-08-18 03:36:35,694 [s0@group-E264CA5F8311-LeaderElection109] INFO  impl.LeaderElection (LeaderElection.java:logAndReturn(89)) - s0@group-E264CA5F8311-LeaderElection109: PRE_VOTE REJECTED received 0 response(s) and 2 exception(s):
2023-08-18 03:36:35,694 [s0@group-E264CA5F8311-LeaderElection109] INFO  impl.LeaderElection (LogUtils.java:infoOrTrace(137)) -   Exception 0: java.util.concurrent.ExecutionException: org.apache.ratis.thirdparty.io.grpc.StatusRuntimeException: INTERNAL: s2@group-E264CA5F8311 is not in [RUNNING]: current state is STARTING
2023-08-18 03:36:35,694 [s0@group-E264CA5F8311-LeaderElection109] INFO  impl.LeaderElection (LogUtils.java:infoOrTrace(137)) -   Exception 1: java.util.concurrent.ExecutionException: org.apache.ratis.thirdparty.io.grpc.StatusRuntimeException: INTERNAL: s1@group-E264CA5F8311 is not in [RUNNING]: current state is STARTING
2023-08-18 03:36:35,694 [s0@group-E264CA5F8311-LeaderElection109] INFO  impl.LeaderElection (LeaderElection.java:askForVotes(322)) - s0@group-E264CA5F8311-LeaderElection109 PRE_VOTE round 0: result REJECTED
2023-08-18 03:36:35,694 [s0@group-E264CA5F8311-LeaderElection109] INFO  server.RaftServer$Division (RaftServerImpl.java:setRole(371)) - s0@group-E264CA5F8311: changes role from CANDIDATE to FOLLOWER at term 1 for REJECTED
2023-08-18 03:36:35,694 [s0@group-E264CA5F8311-LeaderElection109] INFO  impl.RoleInfo (RoleInfo.java:shutdownLeaderElection(129)) - s0: shutdown s0@group-E264CA5F8311-LeaderElection109
2023-08-18 03:36:35,694 [s0@group-E264CA5F8311-LeaderElection109] INFO  impl.RoleInfo (RoleInfo.java:updateAndGet(138)) - s0: start s0@group-E264CA5F8311-FollowerState
2023-08-18 03:36:35,798 [s2-server-thread1] INFO  server.RaftServer$Division (RaftServerImpl.java:setConfigurationAsync(1238)) - s2@group-E264CA5F8311: receive setConfiguration SetConfigurationRequest:client-255CF6B0DA3F->s2@group-E264CA5F8311, cid=386, seq=0, RW, null, SET_UNCONDITIONALLY, servers:[s1|rpc:0.0.0.0:34459|dataStream:|priority:0|startupRole:FOLLOWER, s2|rpc:0.0.0.0:43137|dataStream:|priority:0|startupRole:FOLLOWER, s0|rpc:localhost:39295|admin:localhost:44843|client:localhost:40991|dataStream:localhost:40677|priority:0|startupRole:FOLLOWER], listeners:[]
2023-08-18 03:36:35,903 [s0-server-thread1] INFO  server.RaftServer$Division (RaftServerImpl.java:setConfigurationAsync(1238)) - s0@group-E264CA5F8311: receive setConfiguration SetConfigurationRequest:client-255CF6B0DA3F->s0@group-E264CA5F8311, cid=386, seq=0, RW, null, SET_UNCONDITIONALLY, servers:[s1|rpc:0.0.0.0:34459|dataStream:|priority:0|startupRole:FOLLOWER, s2|rpc:0.0.0.0:43137|dataStream:|priority:0|startupRole:FOLLOWER, s0|rpc:localhost:39295|admin:localhost:44843|client:localhost:40991|dataStream:localhost:40677|priority:0|startupRole:FOLLOWER], listeners:[]
2023-08-18 03:36:35,932 [s0@group-E264CA5F8311-FollowerState] INFO  impl.FollowerState (FollowerState.java:run(143)) - s0@group-E264CA5F8311-FollowerState: change to CANDIDATE, lastRpcElapsedTime:237435368ns, electionTimeout:237ms
2023-08-18 03:36:35,932 [s0@group-E264CA5F8311-FollowerState] INFO  impl.RoleInfo (RoleInfo.java:shutdownFollowerState(109)) - s0: shutdown s0@group-E264CA5F8311-FollowerState
2023-08-18 03:36:35,932 [s0@group-E264CA5F8311-FollowerState] INFO  server.RaftServer$Division (RaftServerImpl.java:setRole(371)) - s0@group-E264CA5F8311: changes role from  FOLLOWER to CANDIDATE at term 1 for changeToCandidate
2023-08-18 03:36:35,932 [s0@group-E264CA5F8311-FollowerState] INFO  server.RaftServerConfigKeys (ConfUtils.java:logGet(46)) - raft.server.leaderelection.pre-vote = true (default)
2023-08-18 03:36:35,932 [s0@group-E264CA5F8311-FollowerState] INFO  impl.RoleInfo (RoleInfo.java:updateAndGet(138)) - s0: start s0@group-E264CA5F8311-LeaderElection110
2023-08-18 03:36:35,932 [s0@group-E264CA5F8311-LeaderElection110] INFO  impl.LeaderElection (LeaderElection.java:askForVotes(320)) - s0@group-E264CA5F8311-LeaderElection110 PRE_VOTE round 0: submit vote requests at term 1 for 255: peers:[s0|rpc:localhost:39295|admin:localhost:44843|client:localhost:40991|dataStream:localhost:40677|priority:0|startupRole:FOLLOWER, s1|rpc:0.0.0.0:34459|dataStream:|priority:0|startupRole:FOLLOWER, s2|rpc:0.0.0.0:43137|dataStream:|priority:0|startupRole:FOLLOWER]|listeners:[], old=peers:[s0|rpc:localhost:39295|admin:localhost:44843|client:localhost:40991|dataStream:localhost:40677|priority:0|startupRole:FOLLOWER]|listeners:[]
2023-08-18 03:36:35,933 [grpc-default-executor-0] INFO  server.RaftServer$Division (RaftServerImpl.java:requestVote(1344)) - s1@group-E264CA5F8311: receive requestVote(PRE_VOTE, s0, group-E264CA5F8311, 1, (t:1, i:255))
2023-08-18 03:36:35,933 [grpc-default-executor-0] WARN  server.GrpcServerProtocolService (LogUtils.java:warn(122)) - s1: Failed requestVote s0->s1#0: org.apache.ratis.protocol.exceptions.ServerNotReadyException: s1@group-E264CA5F8311 is not in [RUNNING]: current state is STARTING
2023-08-18 03:36:35,934 [grpc-default-executor-3] INFO  server.RaftServer$Division (RaftServerImpl.java:requestVote(1344)) - s2@group-E264CA5F8311: receive requestVote(PRE_VOTE, s0, group-E264CA5F8311, 1, (t:1, i:255))
2023-08-18 03:36:35,934 [grpc-default-executor-3] WARN  server.GrpcServerProtocolService (LogUtils.java:warn(122)) - s2: Failed requestVote s0->s2#0: org.apache.ratis.protocol.exceptions.ServerNotReadyException: s2@group-E264CA5F8311 is not in [RUNNING]: current state is STARTING
2023-08-18 03:36:35,934 [s0@group-E264CA5F8311-LeaderElection110] INFO  impl.LeaderElection (LogUtils.java:infoOrTrace(137)) - s0@group-E264CA5F8311-LeaderElection110 got exception when requesting votes: java.util.concurrent.ExecutionException: org.apache.ratis.thirdparty.io.grpc.StatusRuntimeException: INTERNAL: s1@group-E264CA5F8311 is not in [RUNNING]: current state is STARTING
2023-08-18 03:36:35,934 [s0@group-E264CA5F8311-LeaderElection110] INFO  impl.LeaderElection (LogUtils.java:infoOrTrace(137)) - s0@group-E264CA5F8311-LeaderElection110 got exception when requesting votes: java.util.concurrent.ExecutionException: org.apache.ratis.thirdparty.io.grpc.StatusRuntimeException: INTERNAL: s2@group-E264CA5F8311 is not in [RUNNING]: current state is STARTING
2023-08-18 03:36:35,934 [s0@group-E264CA5F8311-LeaderElection110] INFO  impl.LeaderElection (LeaderElection.java:logAndReturn(89)) - s0@group-E264CA5F8311-LeaderElection110: PRE_VOTE REJECTED received 0 response(s) and 2 exception(s):
2023-08-18 03:36:35,934 [s0@group-E264CA5F8311-LeaderElection110] INFO  impl.LeaderElection (LogUtils.java:infoOrTrace(137)) -   Exception 0: java.util.concurrent.ExecutionException: org.apache.ratis.thirdparty.io.grpc.StatusRuntimeException: INTERNAL: s1@group-E264CA5F8311 is not in [RUNNING]: current state is STARTING
2023-08-18 03:36:35,934 [s0@group-E264CA5F8311-LeaderElection110] INFO  impl.LeaderElection (LogUtils.java:infoOrTrace(137)) -   Exception 1: java.util.concurrent.ExecutionException: org.apache.ratis.thirdparty.io.grpc.StatusRuntimeException: INTERNAL: s2@group-E264CA5F8311 is not in [RUNNING]: current state is STARTING
2023-08-18 03:36:35,934 [s0@group-E264CA5F8311-LeaderElection110] INFO  impl.LeaderElection (LeaderElection.java:askForVotes(322)) - s0@group-E264CA5F8311-LeaderElection110 PRE_VOTE round 0: result REJECTED
2023-08-18 03:36:35,934 [s0@group-E264CA5F8311-LeaderElection110] INFO  server.RaftServer$Division (RaftServerImpl.java:setRole(371)) - s0@group-E264CA5F8311: changes role from CANDIDATE to FOLLOWER at term 1 for REJECTED
2023-08-18 03:36:35,934 [s0@group-E264CA5F8311-LeaderElection110] INFO  impl.RoleInfo (RoleInfo.java:shutdownLeaderElection(129)) - s0: shutdown s0@group-E264CA5F8311-LeaderElection110
2023-08-18 03:36:35,934 [s0@group-E264CA5F8311-LeaderElection110] INFO  impl.RoleInfo (RoleInfo.java:updateAndGet(138)) - s0: start s0@group-E264CA5F8311-FollowerState
2023-08-18 03:36:36,007 [s1-server-thread1] INFO  server.RaftServer$Division (RaftServerImpl.java:setConfigurationAsync(1238)) - s1@group-E264CA5F8311: receive setConfiguration SetConfigurationRequest:client-255CF6B0DA3F->s1@group-E264CA5F8311, cid=386, seq=0, RW, null, SET_UNCONDITIONALLY, servers:[s1|rpc:0.0.0.0:34459|dataStream:|priority:0|startupRole:FOLLOWER, s2|rpc:0.0.0.0:43137|dataStream:|priority:0|startupRole:FOLLOWER, s0|rpc:localhost:39295|admin:localhost:44843|client:localhost:40991|dataStream:localhost:40677|priority:0|startupRole:FOLLOWER], listeners:[]
2023-08-18 03:36:36,113 [s0-server-thread1] INFO  server.RaftServer$Division (RaftServerImpl.java:setConfigurationAsync(1238)) - s0@group-E264CA5F8311: receive setConfiguration SetConfigurationRequest:client-255CF6B0DA3F->s0@group-E264CA5F8311, cid=386, seq=0, RW, null, SET_UNCONDITIONALLY, servers:[s1|rpc:0.0.0.0:34459|dataStream:|priority:0|startupRole:FOLLOWER, s2|rpc:0.0.0.0:43137|dataStream:|priority:0|startupRole:FOLLOWER, s0|rpc:localhost:39295|admin:localhost:44843|client:localhost:40991|dataStream:localhost:40677|priority:0|startupRole:FOLLOWER], listeners:[]
2023-08-18 03:36:36,181 [s0@group-E264CA5F8311-FollowerState] INFO  impl.FollowerState (FollowerState.java:run(143)) - s0@group-E264CA5F8311-FollowerState: change to CANDIDATE, lastRpcElapsedTime:246449498ns, electionTimeout:246ms
2023-08-18 03:36:36,181 [s0@group-E264CA5F8311-FollowerState] INFO  impl.RoleInfo (RoleInfo.java:shutdownFollowerState(109)) - s0: shutdown s0@group-E264CA5F8311-FollowerState
2023-08-18 03:36:36,181 [s0@group-E264CA5F8311-FollowerState] INFO  server.RaftServer$Division (RaftServerImpl.java:setRole(371)) - s0@group-E264CA5F8311: changes role from  FOLLOWER to CANDIDATE at term 1 for changeToCandidate
2023-08-18 03:36:36,181 [s0@group-E264CA5F8311-FollowerState] INFO  server.RaftServerConfigKeys (ConfUtils.java:logGet(46)) - raft.server.leaderelection.pre-vote = true (default)
2023-08-18 03:36:36,181 [s0@group-E264CA5F8311-FollowerState] INFO  impl.RoleInfo (RoleInfo.java:updateAndGet(138)) - s0: start s0@group-E264CA5F8311-LeaderElection111
2023-08-18 03:36:36,181 [s0@group-E264CA5F8311-LeaderElection111] INFO  impl.LeaderElection (LeaderElection.java:askForVotes(320)) - s0@group-E264CA5F8311-LeaderElection111 PRE_VOTE round 0: submit vote requests at term 1 for 255: peers:[s0|rpc:localhost:39295|admin:localhost:44843|client:localhost:40991|dataStream:localhost:40677|priority:0|startupRole:FOLLOWER, s1|rpc:0.0.0.0:34459|dataStream:|priority:0|startupRole:FOLLOWER, s2|rpc:0.0.0.0:43137|dataStream:|priority:0|startupRole:FOLLOWER]|listeners:[], old=peers:[s0|rpc:localhost:39295|admin:localhost:44843|client:localhost:40991|dataStream:localhost:40677|priority:0|startupRole:FOLLOWER]|listeners:[]
2023-08-18 03:36:36,182 [grpc-default-executor-0] INFO  server.RaftServer$Division (RaftServerImpl.java:requestVote(1344)) - s1@group-E264CA5F8311: receive requestVote(PRE_VOTE, s0, group-E264CA5F8311, 1, (t:1, i:255))
2023-08-18 03:36:36,182 [grpc-default-executor-3] INFO  server.RaftServer$Division (RaftServerImpl.java:requestVote(1344)) - s2@group-E264CA5F8311: receive requestVote(PRE_VOTE, s0, group-E264CA5F8311, 1, (t:1, i:255))
2023-08-18 03:36:36,183 [grpc-default-executor-0] WARN  server.GrpcServerProtocolService (LogUtils.java:warn(122)) - s1: Failed requestVote s0->s1#0: org.apache.ratis.protocol.exceptions.ServerNotReadyException: s1@group-E264CA5F8311 is not in [RUNNING]: current state is STARTING
2023-08-18 03:36:36,183 [grpc-default-executor-3] WARN  server.GrpcServerProtocolService (LogUtils.java:warn(122)) - s2: Failed requestVote s0->s2#0: org.apache.ratis.protocol.exceptions.ServerNotReadyException: s2@group-E264CA5F8311 is not in [RUNNING]: current state is STARTING
2023-08-18 03:36:36,183 [s0@group-E264CA5F8311-LeaderElection111] INFO  impl.LeaderElection (LogUtils.java:infoOrTrace(137)) - s0@group-E264CA5F8311-LeaderElection111 got exception when requesting votes: java.util.concurrent.ExecutionException: org.apache.ratis.thirdparty.io.grpc.StatusRuntimeException: INTERNAL: s1@group-E264CA5F8311 is not in [RUNNING]: current state is STARTING
2023-08-18 03:36:36,183 [s0@group-E264CA5F8311-LeaderElection111] INFO  impl.LeaderElection (LogUtils.java:infoOrTrace(137)) - s0@group-E264CA5F8311-LeaderElection111 got exception when requesting votes: java.util.concurrent.ExecutionException: org.apache.ratis.thirdparty.io.grpc.StatusRuntimeException: INTERNAL: s2@group-E264CA5F8311 is not in [RUNNING]: current state is STARTING
2023-08-18 03:36:36,184 [s0@group-E264CA5F8311-LeaderElection111] INFO  impl.LeaderElection (LeaderElection.java:logAndReturn(89)) - s0@group-E264CA5F8311-LeaderElection111: PRE_VOTE REJECTED received 0 response(s) and 2 exception(s):
2023-08-18 03:36:36,184 [s0@group-E264CA5F8311-LeaderElection111] INFO  impl.LeaderElection (LogUtils.java:infoOrTrace(137)) -   Exception 0: java.util.concurrent.ExecutionException: org.apache.ratis.thirdparty.io.grpc.StatusRuntimeException: INTERNAL: s1@group-E264CA5F8311 is not in [RUNNING]: current state is STARTING
2023-08-18 03:36:36,184 [s0@group-E264CA5F8311-LeaderElection111] INFO  impl.LeaderElection (LogUtils.java:infoOrTrace(137)) -   Exception 1: java.util.concurrent.ExecutionException: org.apache.ratis.thirdparty.io.grpc.StatusRuntimeException: INTERNAL: s2@group-E264CA5F8311 is not in [RUNNING]: current state is STARTING
2023-08-18 03:36:36,184 [s0@group-E264CA5F8311-LeaderElection111] INFO  impl.LeaderElection (LeaderElection.java:askForVotes(322)) - s0@group-E264CA5F8311-LeaderElection111 PRE_VOTE round 0: result REJECTED
2023-08-18 03:36:36,184 [s0@group-E264CA5F8311-LeaderElection111] INFO  server.RaftServer$Division (RaftServerImpl.java:setRole(371)) - s0@group-E264CA5F8311: changes role from CANDIDATE to FOLLOWER at term 1 for REJECTED
2023-08-18 03:36:36,184 [s0@group-E264CA5F8311-LeaderElection111] INFO  impl.RoleInfo (RoleInfo.java:shutdownLeaderElection(129)) - s0: shutdown s0@group-E264CA5F8311-LeaderElection111
2023-08-18 03:36:36,184 [s0@group-E264CA5F8311-LeaderElection111] INFO  impl.RoleInfo (RoleInfo.java:updateAndGet(138)) - s0: start s0@group-E264CA5F8311-FollowerState
2023-08-18 03:36:36,217 [s2-server-thread1] INFO  server.RaftServer$Division (RaftServerImpl.java:setConfigurationAsync(1238)) - s2@group-E264CA5F8311: receive setConfiguration SetConfigurationRequest:client-255CF6B0DA3F->s2@group-E264CA5F8311, cid=386, seq=0, RW, null, SET_UNCONDITIONALLY, servers:[s1|rpc:0.0.0.0:34459|dataStream:|priority:0|startupRole:FOLLOWER, s2|rpc:0.0.0.0:43137|dataStream:|priority:0|startupRole:FOLLOWER, s0|rpc:localhost:39295|admin:localhost:44843|client:localhost:40991|dataStream:localhost:40677|priority:0|startupRole:FOLLOWER], listeners:[]
2023-08-18 03:36:36,321 [s0-server-thread1] INFO  server.RaftServer$Division (RaftServerImpl.java:setConfigurationAsync(1238)) - s0@group-E264CA5F8311: receive setConfiguration SetConfigurationRequest:client-255CF6B0DA3F->s0@group-E264CA5F8311, cid=386, seq=0, RW, null, SET_UNCONDITIONALLY, servers:[s1|rpc:0.0.0.0:34459|dataStream:|priority:0|startupRole:FOLLOWER, s2|rpc:0.0.0.0:43137|dataStream:|priority:0|startupRole:FOLLOWER, s0|rpc:localhost:39295|admin:localhost:44843|client:localhost:40991|dataStream:localhost:40677|priority:0|startupRole:FOLLOWER], listeners:[]
2023-08-18 03:36:36,367 [s0@group-E264CA5F8311-FollowerState] INFO  impl.FollowerState (FollowerState.java:run(143)) - s0@group-E264CA5F8311-FollowerState: change to CANDIDATE, lastRpcElapsedTime:183292885ns, electionTimeout:183ms
2023-08-18 03:36:36,367 [s0@group-E264CA5F8311-FollowerState] INFO  impl.RoleInfo (RoleInfo.java:shutdownFollowerState(109)) - s0: shutdown s0@group-E264CA5F8311-FollowerState
2023-08-18 03:36:36,367 [s0@group-E264CA5F8311-FollowerState] INFO  server.RaftServer$Division (RaftServerImpl.java:setRole(371)) - s0@group-E264CA5F8311: changes role from  FOLLOWER to CANDIDATE at term 1 for changeToCandidate
2023-08-18 03:36:36,367 [s0@group-E264CA5F8311-FollowerState] INFO  server.RaftServerConfigKeys (ConfUtils.java:logGet(46)) - raft.server.leaderelection.pre-vote = true (default)
2023-08-18 03:36:36,367 [s0@group-E264CA5F8311-FollowerState] INFO  impl.RoleInfo (RoleInfo.java:updateAndGet(138)) - s0: start s0@group-E264CA5F8311-LeaderElection112
2023-08-18 03:36:36,368 [s0@group-E264CA5F8311-LeaderElection112] INFO  impl.LeaderElection (LeaderElection.java:askForVotes(320)) - s0@group-E264CA5F8311-LeaderElection112 PRE_VOTE round 0: submit vote requests at term 1 for 255: peers:[s0|rpc:localhost:39295|admin:localhost:44843|client:localhost:40991|dataStream:localhost:40677|priority:0|startupRole:FOLLOWER, s1|rpc:0.0.0.0:34459|dataStream:|priority:0|startupRole:FOLLOWER, s2|rpc:0.0.0.0:43137|dataStream:|priority:0|startupRole:FOLLOWER]|listeners:[], old=peers:[s0|rpc:localhost:39295|admin:localhost:44843|client:localhost:40991|dataStream:localhost:40677|priority:0|startupRole:FOLLOWER]|listeners:[]
2023-08-18 03:36:36,369 [grpc-default-executor-3] INFO  server.RaftServer$Division (RaftServerImpl.java:requestVote(1344)) - s1@group-E264CA5F8311: receive requestVote(PRE_VOTE, s0, group-E264CA5F8311, 1, (t:1, i:255))
2023-08-18 03:36:36,369 [grpc-default-executor-3] WARN  server.GrpcServerProtocolService (LogUtils.java:warn(122)) - s1: Failed requestVote s0->s1#0: org.apache.ratis.protocol.exceptions.ServerNotReadyException: s1@group-E264CA5F8311 is not in [RUNNING]: current state is STARTING
2023-08-18 03:36:36,369 [grpc-default-executor-3] INFO  server.RaftServer$Division (RaftServerImpl.java:requestVote(1344)) - s2@group-E264CA5F8311: receive requestVote(PRE_VOTE, s0, group-E264CA5F8311, 1, (t:1, i:255))
2023-08-18 03:36:36,369 [grpc-default-executor-3] WARN  server.GrpcServerProtocolService (LogUtils.java:warn(122)) - s2: Failed requestVote s0->s2#0: org.apache.ratis.protocol.exceptions.ServerNotReadyException: s2@group-E264CA5F8311 is not in [RUNNING]: current state is STARTING
2023-08-18 03:36:36,370 [s0@group-E264CA5F8311-LeaderElection112] INFO  impl.LeaderElection (LogUtils.java:infoOrTrace(137)) - s0@group-E264CA5F8311-LeaderElection112 got exception when requesting votes: java.util.concurrent.ExecutionException: org.apache.ratis.thirdparty.io.grpc.StatusRuntimeException: INTERNAL: s1@group-E264CA5F8311 is not in [RUNNING]: current state is STARTING
2023-08-18 03:36:36,370 [s0@group-E264CA5F8311-LeaderElection112] INFO  impl.LeaderElection (LogUtils.java:infoOrTrace(137)) - s0@group-E264CA5F8311-LeaderElection112 got exception when requesting votes: java.util.concurrent.ExecutionException: org.apache.ratis.thirdparty.io.grpc.StatusRuntimeException: INTERNAL: s2@group-E264CA5F8311 is not in [RUNNING]: current state is STARTING
2023-08-18 03:36:36,370 [s0@group-E264CA5F8311-LeaderElection112] INFO  impl.LeaderElection (LeaderElection.java:logAndReturn(89)) - s0@group-E264CA5F8311-LeaderElection112: PRE_VOTE REJECTED received 0 response(s) and 2 exception(s):
2023-08-18 03:36:36,370 [s0@group-E264CA5F8311-LeaderElection112] INFO  impl.LeaderElection (LogUtils.java:infoOrTrace(137)) -   Exception 0: java.util.concurrent.ExecutionException: org.apache.ratis.thirdparty.io.grpc.StatusRuntimeException: INTERNAL: s1@group-E264CA5F8311 is not in [RUNNING]: current state is STARTING
2023-08-18 03:36:36,370 [s0@group-E264CA5F8311-LeaderElection112] INFO  impl.LeaderElection (LogUtils.java:infoOrTrace(137)) -   Exception 1: java.util.concurrent.ExecutionException: org.apache.ratis.thirdparty.io.grpc.StatusRuntimeException: INTERNAL: s2@group-E264CA5F8311 is not in [RUNNING]: current state is STARTING
2023-08-18 03:36:36,370 [s0@group-E264CA5F8311-LeaderElection112] INFO  impl.LeaderElection (LeaderElection.java:askForVotes(322)) - s0@group-E264CA5F8311-LeaderElection112 PRE_VOTE round 0: result REJECTED
2023-08-18 03:36:36,370 [s0@group-E264CA5F8311-LeaderElection112] INFO  server.RaftServer$Division (RaftServerImpl.java:setRole(371)) - s0@group-E264CA5F8311: changes role from CANDIDATE to FOLLOWER at term 1 for REJECTED
2023-08-18 03:36:36,370 [s0@group-E264CA5F8311-LeaderElection112] INFO  impl.RoleInfo (RoleInfo.java:shutdownLeaderElection(129)) - s0: shutdown s0@group-E264CA5F8311-LeaderElection112
2023-08-18 03:36:36,370 [s0@group-E264CA5F8311-LeaderElection112] INFO  impl.RoleInfo (RoleInfo.java:updateAndGet(138)) - s0: start s0@group-E264CA5F8311-FollowerState
2023-08-18 03:36:36,426 [s1-server-thread1] INFO  server.RaftServer$Division (RaftServerImpl.java:setConfigurationAsync(1238)) - s1@group-E264CA5F8311: receive setConfiguration SetConfigurationRequest:client-255CF6B0DA3F->s1@group-E264CA5F8311, cid=386, seq=0, RW, null, SET_UNCONDITIONALLY, servers:[s1|rpc:0.0.0.0:34459|dataStream:|priority:0|startupRole:FOLLOWER, s2|rpc:0.0.0.0:43137|dataStream:|priority:0|startupRole:FOLLOWER, s0|rpc:localhost:39295|admin:localhost:44843|client:localhost:40991|dataStream:localhost:40677|priority:0|startupRole:FOLLOWER], listeners:[]
2023-08-18 03:36:36,531 [s2-server-thread1] INFO  server.RaftServer$Division (RaftServerImpl.java:setConfigurationAsync(1238)) - s2@group-E264CA5F8311: receive setConfiguration SetConfigurationRequest:client-255CF6B0DA3F->s2@group-E264CA5F8311, cid=386, seq=0, RW, null, SET_UNCONDITIONALLY, servers:[s1|rpc:0.0.0.0:34459|dataStream:|priority:0|startupRole:FOLLOWER, s2|rpc:0.0.0.0:43137|dataStream:|priority:0|startupRole:FOLLOWER, s0|rpc:localhost:39295|admin:localhost:44843|client:localhost:40991|dataStream:localhost:40677|priority:0|startupRole:FOLLOWER], listeners:[]
2023-08-18 03:36:36,635 [s1-server-thread1] INFO  server.RaftServer$Division (RaftServerImpl.java:setConfigurationAsync(1238)) - s1@group-E264CA5F8311: receive setConfiguration SetConfigurationRequest:client-255CF6B0DA3F->s1@group-E264CA5F8311, cid=386, seq=0, RW, null, SET_UNCONDITIONALLY, servers:[s1|rpc:0.0.0.0:34459|dataStream:|priority:0|startupRole:FOLLOWER, s2|rpc:0.0.0.0:43137|dataStream:|priority:0|startupRole:FOLLOWER, s0|rpc:localhost:39295|admin:localhost:44843|client:localhost:40991|dataStream:localhost:40677|priority:0|startupRole:FOLLOWER], listeners:[]
2023-08-18 03:36:36,658 [s0@group-E264CA5F8311-FollowerState] INFO  impl.FollowerState (FollowerState.java:run(143)) - s0@group-E264CA5F8311-FollowerState: change to CANDIDATE, lastRpcElapsedTime:288365074ns, electionTimeout:288ms
2023-08-18 03:36:36,658 [s0@group-E264CA5F8311-FollowerState] INFO  impl.RoleInfo (RoleInfo.java:shutdownFollowerState(109)) - s0: shutdown s0@group-E264CA5F8311-FollowerState
2023-08-18 03:36:36,658 [s0@group-E264CA5F8311-FollowerState] INFO  server.RaftServer$Division (RaftServerImpl.java:setRole(371)) - s0@group-E264CA5F8311: changes role from  FOLLOWER to CANDIDATE at term 1 for changeToCandidate
2023-08-18 03:36:36,659 [s0@group-E264CA5F8311-FollowerState] INFO  server.RaftServerConfigKeys (ConfUtils.java:logGet(46)) - raft.server.leaderelection.pre-vote = true (default)
2023-08-18 03:36:36,659 [s0@group-E264CA5F8311-FollowerState] INFO  impl.RoleInfo (RoleInfo.java:updateAndGet(138)) - s0: start s0@group-E264CA5F8311-LeaderElection113
2023-08-18 03:36:36,659 [s0@group-E264CA5F8311-LeaderElection113] INFO  impl.LeaderElection (LeaderElection.java:askForVotes(320)) - s0@group-E264CA5F8311-LeaderElection113 PRE_VOTE round 0: submit vote requests at term 1 for 255: peers:[s0|rpc:localhost:39295|admin:localhost:44843|client:localhost:40991|dataStream:localhost:40677|priority:0|startupRole:FOLLOWER, s1|rpc:0.0.0.0:34459|dataStream:|priority:0|startupRole:FOLLOWER, s2|rpc:0.0.0.0:43137|dataStream:|priority:0|startupRole:FOLLOWER]|listeners:[], old=peers:[s0|rpc:localhost:39295|admin:localhost:44843|client:localhost:40991|dataStream:localhost:40677|priority:0|startupRole:FOLLOWER]|listeners:[]
2023-08-18 03:36:36,660 [grpc-default-executor-3] INFO  server.RaftServer$Division (RaftServerImpl.java:requestVote(1344)) - s1@group-E264CA5F8311: receive requestVote(PRE_VOTE, s0, group-E264CA5F8311, 1, (t:1, i:255))
2023-08-18 03:36:36,660 [grpc-default-executor-0] INFO  server.RaftServer$Division (RaftServerImpl.java:requestVote(1344)) - s2@group-E264CA5F8311: receive requestVote(PRE_VOTE, s0, group-E264CA5F8311, 1, (t:1, i:255))
2023-08-18 03:36:36,660 [grpc-default-executor-3] WARN  server.GrpcServerProtocolService (LogUtils.java:warn(122)) - s1: Failed requestVote s0->s1#0: org.apache.ratis.protocol.exceptions.ServerNotReadyException: s1@group-E264CA5F8311 is not in [RUNNING]: current state is STARTING
2023-08-18 03:36:36,660 [grpc-default-executor-0] WARN  server.GrpcServerProtocolService (LogUtils.java:warn(122)) - s2: Failed requestVote s0->s2#0: org.apache.ratis.protocol.exceptions.ServerNotReadyException: s2@group-E264CA5F8311 is not in [RUNNING]: current state is STARTING
2023-08-18 03:36:36,661 [s0@group-E264CA5F8311-LeaderElection113] INFO  impl.LeaderElection (LogUtils.java:infoOrTrace(137)) - s0@group-E264CA5F8311-LeaderElection113 got exception when requesting votes: java.util.concurrent.ExecutionException: org.apache.ratis.thirdparty.io.grpc.StatusRuntimeException: INTERNAL: s1@group-E264CA5F8311 is not in [RUNNING]: current state is STARTING
2023-08-18 03:36:36,661 [s0@group-E264CA5F8311-LeaderElection113] INFO  impl.LeaderElection (LogUtils.java:infoOrTrace(137)) - s0@group-E264CA5F8311-LeaderElection113 got exception when requesting votes: java.util.concurrent.ExecutionException: org.apache.ratis.thirdparty.io.grpc.StatusRuntimeException: INTERNAL: s2@group-E264CA5F8311 is not in [RUNNING]: current state is STARTING
2023-08-18 03:36:36,661 [s0@group-E264CA5F8311-LeaderElection113] INFO  impl.LeaderElection (LeaderElection.java:logAndReturn(89)) - s0@group-E264CA5F8311-LeaderElection113: PRE_VOTE REJECTED received 0 response(s) and 2 exception(s):
2023-08-18 03:36:36,661 [s0@group-E264CA5F8311-LeaderElection113] INFO  impl.LeaderElection (LogUtils.java:infoOrTrace(137)) -   Exception 0: java.util.concurrent.ExecutionException: org.apache.ratis.thirdparty.io.grpc.StatusRuntimeException: INTERNAL: s1@group-E264CA5F8311 is not in [RUNNING]: current state is STARTING
2023-08-18 03:36:36,661 [s0@group-E264CA5F8311-LeaderElection113] INFO  impl.LeaderElection (LogUtils.java:infoOrTrace(137)) -   Exception 1: java.util.concurrent.ExecutionException: org.apache.ratis.thirdparty.io.grpc.StatusRuntimeException: INTERNAL: s2@group-E264CA5F8311 is not in [RUNNING]: current state is STARTING
2023-08-18 03:36:36,661 [s0@group-E264CA5F8311-LeaderElection113] INFO  impl.LeaderElection (LeaderElection.java:askForVotes(322)) - s0@group-E264CA5F8311-LeaderElection113 PRE_VOTE round 0: result REJECTED
2023-08-18 03:36:36,661 [s0@group-E264CA5F8311-LeaderElection113] INFO  server.RaftServer$Division (RaftServerImpl.java:setRole(371)) - s0@group-E264CA5F8311: changes role from CANDIDATE to FOLLOWER at term 1 for REJECTED
2023-08-18 03:36:36,661 [s0@group-E264CA5F8311-LeaderElection113] INFO  impl.RoleInfo (RoleInfo.java:shutdownLeaderElection(129)) - s0: shutdown s0@group-E264CA5F8311-LeaderElection113
2023-08-18 03:36:36,661 [s0@group-E264CA5F8311-LeaderElection113] INFO  impl.RoleInfo (RoleInfo.java:updateAndGet(138)) - s0: start s0@group-E264CA5F8311-FollowerState
2023-08-18 03:36:36,739 [s2-server-thread1] INFO  server.RaftServer$Division (RaftServerImpl.java:setConfigurationAsync(1238)) - s2@group-E264CA5F8311: receive setConfiguration SetConfigurationRequest:client-255CF6B0DA3F->s2@group-E264CA5F8311, cid=386, seq=0, RW, null, SET_UNCONDITIONALLY, servers:[s1|rpc:0.0.0.0:34459|dataStream:|priority:0|startupRole:FOLLOWER, s2|rpc:0.0.0.0:43137|dataStream:|priority:0|startupRole:FOLLOWER, s0|rpc:localhost:39295|admin:localhost:44843|client:localhost:40991|dataStream:localhost:40677|priority:0|startupRole:FOLLOWER], listeners:[]
2023-08-18 03:36:36,840 [s0@group-E264CA5F8311-FollowerState] INFO  impl.FollowerState (FollowerState.java:run(143)) - s0@group-E264CA5F8311-FollowerState: change to CANDIDATE, lastRpcElapsedTime:179297916ns, electionTimeout:179ms
2023-08-18 03:36:36,840 [s0@group-E264CA5F8311-FollowerState] INFO  impl.RoleInfo (RoleInfo.java:shutdownFollowerState(109)) - s0: shutdown s0@group-E264CA5F8311-FollowerState
2023-08-18 03:36:36,840 [s0@group-E264CA5F8311-FollowerState] INFO  server.RaftServer$Division (RaftServerImpl.java:setRole(371)) - s0@group-E264CA5F8311: changes role from  FOLLOWER to CANDIDATE at term 1 for changeToCandidate
2023-08-18 03:36:36,841 [s0@group-E264CA5F8311-FollowerState] INFO  server.RaftServerConfigKeys (ConfUtils.java:logGet(46)) - raft.server.leaderelection.pre-vote = true (default)
2023-08-18 03:36:36,841 [s0@group-E264CA5F8311-FollowerState] INFO  impl.RoleInfo (RoleInfo.java:updateAndGet(138)) - s0: start s0@group-E264CA5F8311-LeaderElection114
2023-08-18 03:36:36,841 [s0@group-E264CA5F8311-LeaderElection114] INFO  impl.LeaderElection (LeaderElection.java:askForVotes(320)) - s0@group-E264CA5F8311-LeaderElection114 PRE_VOTE round 0: submit vote requests at term 1 for 255: peers:[s0|rpc:localhost:39295|admin:localhost:44843|client:localhost:40991|dataStream:localhost:40677|priority:0|startupRole:FOLLOWER, s1|rpc:0.0.0.0:34459|dataStream:|priority:0|startupRole:FOLLOWER, s2|rpc:0.0.0.0:43137|dataStream:|priority:0|startupRole:FOLLOWER]|listeners:[], old=peers:[s0|rpc:localhost:39295|admin:localhost:44843|client:localhost:40991|dataStream:localhost:40677|priority:0|startupRole:FOLLOWER]|listeners:[]
2023-08-18 03:36:36,844 [grpc-default-executor-0] INFO  server.RaftServer$Division (RaftServerImpl.java:requestVote(1344)) - s2@group-E264CA5F8311: receive requestVote(PRE_VOTE, s0, group-E264CA5F8311, 1, (t:1, i:255))
2023-08-18 03:36:36,844 [grpc-default-executor-0] WARN  server.GrpcServerProtocolService (LogUtils.java:warn(122)) - s2: Failed requestVote s0->s2#0: org.apache.ratis.protocol.exceptions.ServerNotReadyException: s2@group-E264CA5F8311 is not in [RUNNING]: current state is STARTING
2023-08-18 03:36:36,844 [s0@group-E264CA5F8311-LeaderElection114] INFO  impl.LeaderElection (LogUtils.java:infoOrTrace(137)) - s0@group-E264CA5F8311-LeaderElection114 got exception when requesting votes: java.util.concurrent.ExecutionException: org.apache.ratis.thirdparty.io.grpc.StatusRuntimeException: INTERNAL: s2@group-E264CA5F8311 is not in [RUNNING]: current state is STARTING
2023-08-18 03:36:36,845 [grpc-default-executor-0] INFO  server.RaftServer$Division (RaftServerImpl.java:requestVote(1344)) - s1@group-E264CA5F8311: receive requestVote(PRE_VOTE, s0, group-E264CA5F8311, 1, (t:1, i:255))
2023-08-18 03:36:36,845 [grpc-default-executor-0] WARN  server.GrpcServerProtocolService (LogUtils.java:warn(122)) - s1: Failed requestVote s0->s1#0: org.apache.ratis.protocol.exceptions.ServerNotReadyException: s1@group-E264CA5F8311 is not in [RUNNING]: current state is STARTING
2023-08-18 03:36:36,845 [s1-server-thread1] INFO  server.RaftServer$Division (RaftServerImpl.java:setConfigurationAsync(1238)) - s1@group-E264CA5F8311: receive setConfiguration SetConfigurationRequest:client-255CF6B0DA3F->s1@group-E264CA5F8311, cid=386, seq=0, RW, null, SET_UNCONDITIONALLY, servers:[s1|rpc:0.0.0.0:34459|dataStream:|priority:0|startupRole:FOLLOWER, s2|rpc:0.0.0.0:43137|dataStream:|priority:0|startupRole:FOLLOWER, s0|rpc:localhost:39295|admin:localhost:44843|client:localhost:40991|dataStream:localhost:40677|priority:0|startupRole:FOLLOWER], listeners:[]
2023-08-18 03:36:36,846 [s0@group-E264CA5F8311-LeaderElection114] INFO  impl.LeaderElection (LogUtils.java:infoOrTrace(137)) - s0@group-E264CA5F8311-LeaderElection114 got exception when requesting votes: java.util.concurrent.ExecutionException: org.apache.ratis.thirdparty.io.grpc.StatusRuntimeException: INTERNAL: s1@group-E264CA5F8311 is not in [RUNNING]: current state is STARTING
2023-08-18 03:36:36,846 [s0@group-E264CA5F8311-LeaderElection114] INFO  impl.LeaderElection (LeaderElection.java:logAndReturn(89)) - s0@group-E264CA5F8311-LeaderElection114: PRE_VOTE REJECTED received 0 response(s) and 2 exception(s):
2023-08-18 03:36:36,846 [s0@group-E264CA5F8311-LeaderElection114] INFO  impl.LeaderElection (LogUtils.java:infoOrTrace(137)) -   Exception 0: java.util.concurrent.ExecutionException: org.apache.ratis.thirdparty.io.grpc.StatusRuntimeException: INTERNAL: s2@group-E264CA5F8311 is not in [RUNNING]: current state is STARTING
2023-08-18 03:36:36,846 [s0@group-E264CA5F8311-LeaderElection114] INFO  impl.LeaderElection (LogUtils.java:infoOrTrace(137)) -   Exception 1: java.util.concurrent.ExecutionException: org.apache.ratis.thirdparty.io.grpc.StatusRuntimeException: INTERNAL: s1@group-E264CA5F8311 is not in [RUNNING]: current state is STARTING
2023-08-18 03:36:36,846 [s0@group-E264CA5F8311-LeaderElection114] INFO  impl.LeaderElection (LeaderElection.java:askForVotes(322)) - s0@group-E264CA5F8311-LeaderElection114 PRE_VOTE round 0: result REJECTED
2023-08-18 03:36:36,846 [s0@group-E264CA5F8311-LeaderElection114] INFO  server.RaftServer$Division (RaftServerImpl.java:setRole(371)) - s0@group-E264CA5F8311: changes role from CANDIDATE to FOLLOWER at term 1 for REJECTED
2023-08-18 03:36:36,846 [s0@group-E264CA5F8311-LeaderElection114] INFO  impl.RoleInfo (RoleInfo.java:shutdownLeaderElection(129)) - s0: shutdown s0@group-E264CA5F8311-LeaderElection114
2023-08-18 03:36:36,846 [s0@group-E264CA5F8311-LeaderElection114] INFO  impl.RoleInfo (RoleInfo.java:updateAndGet(138)) - s0: start s0@group-E264CA5F8311-FollowerState
2023-08-18 03:36:36,950 [s0-server-thread1] INFO  server.RaftServer$Division (RaftServerImpl.java:setConfigurationAsync(1238)) - s0@group-E264CA5F8311: receive setConfiguration SetConfigurationRequest:client-255CF6B0DA3F->s0@group-E264CA5F8311, cid=386, seq=0, RW, null, SET_UNCONDITIONALLY, servers:[s1|rpc:0.0.0.0:34459|dataStream:|priority:0|startupRole:FOLLOWER, s2|rpc:0.0.0.0:43137|dataStream:|priority:0|startupRole:FOLLOWER, s0|rpc:localhost:39295|admin:localhost:44843|client:localhost:40991|dataStream:localhost:40677|priority:0|startupRole:FOLLOWER], listeners:[]
2023-08-18 03:36:37,045 [s0@group-E264CA5F8311-FollowerState] INFO  impl.FollowerState (FollowerState.java:run(143)) - s0@group-E264CA5F8311-FollowerState: change to CANDIDATE, lastRpcElapsedTime:199539360ns, electionTimeout:199ms
2023-08-18 03:36:37,045 [s0@group-E264CA5F8311-FollowerState] INFO  impl.RoleInfo (RoleInfo.java:shutdownFollowerState(109)) - s0: shutdown s0@group-E264CA5F8311-FollowerState
2023-08-18 03:36:37,046 [s0@group-E264CA5F8311-FollowerState] INFO  server.RaftServer$Division (RaftServerImpl.java:setRole(371)) - s0@group-E264CA5F8311: changes role from  FOLLOWER to CANDIDATE at term 1 for changeToCandidate
2023-08-18 03:36:37,046 [s0@group-E264CA5F8311-FollowerState] INFO  server.RaftServerConfigKeys (ConfUtils.java:logGet(46)) - raft.server.leaderelection.pre-vote = true (default)
2023-08-18 03:36:37,046 [s0@group-E264CA5F8311-FollowerState] INFO  impl.RoleInfo (RoleInfo.java:updateAndGet(138)) - s0: start s0@group-E264CA5F8311-LeaderElection115
2023-08-18 03:36:37,046 [s0@group-E264CA5F8311-LeaderElection115] INFO  impl.LeaderElection (LeaderElection.java:askForVotes(320)) - s0@group-E264CA5F8311-LeaderElection115 PRE_VOTE round 0: submit vote requests at term 1 for 255: peers:[s0|rpc:localhost:39295|admin:localhost:44843|client:localhost:40991|dataStream:localhost:40677|priority:0|startupRole:FOLLOWER, s1|rpc:0.0.0.0:34459|dataStream:|priority:0|startupRole:FOLLOWER, s2|rpc:0.0.0.0:43137|dataStream:|priority:0|startupRole:FOLLOWER]|listeners:[], old=peers:[s0|rpc:localhost:39295|admin:localhost:44843|client:localhost:40991|dataStream:localhost:40677|priority:0|startupRole:FOLLOWER]|listeners:[]
2023-08-18 03:36:37,047 [grpc-default-executor-3] INFO  server.RaftServer$Division (RaftServerImpl.java:requestVote(1344)) - s1@group-E264CA5F8311: receive requestVote(PRE_VOTE, s0, group-E264CA5F8311, 1, (t:1, i:255))
2023-08-18 03:36:37,047 [grpc-default-executor-0] INFO  server.RaftServer$Division (RaftServerImpl.java:requestVote(1344)) - s2@group-E264CA5F8311: receive requestVote(PRE_VOTE, s0, group-E264CA5F8311, 1, (t:1, i:255))
2023-08-18 03:36:37,047 [grpc-default-executor-3] WARN  server.GrpcServerProtocolService (LogUtils.java:warn(122)) - s1: Failed requestVote s0->s1#0: org.apache.ratis.protocol.exceptions.ServerNotReadyException: s1@group-E264CA5F8311 is not in [RUNNING]: current state is STARTING
2023-08-18 03:36:37,047 [grpc-default-executor-0] WARN  server.GrpcServerProtocolService (LogUtils.java:warn(122)) - s2: Failed requestVote s0->s2#0: org.apache.ratis.protocol.exceptions.ServerNotReadyException: s2@group-E264CA5F8311 is not in [RUNNING]: current state is STARTING
2023-08-18 03:36:37,048 [s0@group-E264CA5F8311-LeaderElection115] INFO  impl.LeaderElection (LogUtils.java:infoOrTrace(137)) - s0@group-E264CA5F8311-LeaderElection115 got exception when requesting votes: java.util.concurrent.ExecutionException: org.apache.ratis.thirdparty.io.grpc.StatusRuntimeException: INTERNAL: s1@group-E264CA5F8311 is not in [RUNNING]: current state is STARTING
2023-08-18 03:36:37,048 [s0@group-E264CA5F8311-LeaderElection115] INFO  impl.LeaderElection (LogUtils.java:infoOrTrace(137)) - s0@group-E264CA5F8311-LeaderElection115 got exception when requesting votes: java.util.concurrent.ExecutionException: org.apache.ratis.thirdparty.io.grpc.StatusRuntimeException: INTERNAL: s2@group-E264CA5F8311 is not in [RUNNING]: current state is STARTING
2023-08-18 03:36:37,048 [s0@group-E264CA5F8311-LeaderElection115] INFO  impl.LeaderElection (LeaderElection.java:logAndReturn(89)) - s0@group-E264CA5F8311-LeaderElection115: PRE_VOTE REJECTED received 0 response(s) and 2 exception(s):
2023-08-18 03:36:37,048 [s0@group-E264CA5F8311-LeaderElection115] INFO  impl.LeaderElection (LogUtils.java:infoOrTrace(137)) -   Exception 0: java.util.concurrent.ExecutionException: org.apache.ratis.thirdparty.io.grpc.StatusRuntimeException: INTERNAL: s1@group-E264CA5F8311 is not in [RUNNING]: current state is STARTING
2023-08-18 03:36:37,048 [s0@group-E264CA5F8311-LeaderElection115] INFO  impl.LeaderElection (LogUtils.java:infoOrTrace(137)) -   Exception 1: java.util.concurrent.ExecutionException: org.apache.ratis.thirdparty.io.grpc.StatusRuntimeException: INTERNAL: s2@group-E264CA5F8311 is not in [RUNNING]: current state is STARTING
2023-08-18 03:36:37,048 [s0@group-E264CA5F8311-LeaderElection115] INFO  impl.LeaderElection (LeaderElection.java:askForVotes(322)) - s0@group-E264CA5F8311-LeaderElection115 PRE_VOTE round 0: result REJECTED
2023-08-18 03:36:37,048 [s0@group-E264CA5F8311-LeaderElection115] INFO  server.RaftServer$Division (RaftServerImpl.java:setRole(371)) - s0@group-E264CA5F8311: changes role from CANDIDATE to FOLLOWER at term 1 for REJECTED
2023-08-18 03:36:37,048 [s0@group-E264CA5F8311-LeaderElection115] INFO  impl.RoleInfo (RoleInfo.java:shutdownLeaderElection(129)) - s0: shutdown s0@group-E264CA5F8311-LeaderElection115
2023-08-18 03:36:37,048 [s0@group-E264CA5F8311-LeaderElection115] INFO  impl.RoleInfo (RoleInfo.java:updateAndGet(138)) - s0: start s0@group-E264CA5F8311-FollowerState
2023-08-18 03:36:37,054 [s1-server-thread1] INFO  server.RaftServer$Division (RaftServerImpl.java:setConfigurationAsync(1238)) - s1@group-E264CA5F8311: receive setConfiguration SetConfigurationRequest:client-255CF6B0DA3F->s1@group-E264CA5F8311, cid=386, seq=0, RW, null, SET_UNCONDITIONALLY, servers:[s1|rpc:0.0.0.0:34459|dataStream:|priority:0|startupRole:FOLLOWER, s2|rpc:0.0.0.0:43137|dataStream:|priority:0|startupRole:FOLLOWER, s0|rpc:localhost:39295|admin:localhost:44843|client:localhost:40991|dataStream:localhost:40677|priority:0|startupRole:FOLLOWER], listeners:[]
2023-08-18 03:36:37,158 [s2-server-thread1] INFO  server.RaftServer$Division (RaftServerImpl.java:setConfigurationAsync(1238)) - s2@group-E264CA5F8311: receive setConfiguration SetConfigurationRequest:client-255CF6B0DA3F->s2@group-E264CA5F8311, cid=386, seq=0, RW, null, SET_UNCONDITIONALLY, servers:[s1|rpc:0.0.0.0:34459|dataStream:|priority:0|startupRole:FOLLOWER, s2|rpc:0.0.0.0:43137|dataStream:|priority:0|startupRole:FOLLOWER, s0|rpc:localhost:39295|admin:localhost:44843|client:localhost:40991|dataStream:localhost:40677|priority:0|startupRole:FOLLOWER], listeners:[]
2023-08-18 03:36:37,262 [s1-server-thread1] INFO  server.RaftServer$Division (RaftServerImpl.java:setConfigurationAsync(1238)) - s1@group-E264CA5F8311: receive setConfiguration SetConfigurationRequest:client-255CF6B0DA3F->s1@group-E264CA5F8311, cid=386, seq=0, RW, null, SET_UNCONDITIONALLY, servers:[s1|rpc:0.0.0.0:34459|dataStream:|priority:0|startupRole:FOLLOWER, s2|rpc:0.0.0.0:43137|dataStream:|priority:0|startupRole:FOLLOWER, s0|rpc:localhost:39295|admin:localhost:44843|client:localhost:40991|dataStream:localhost:40677|priority:0|startupRole:FOLLOWER], listeners:[]
2023-08-18 03:36:37,309 [s0@group-E264CA5F8311-FollowerState] INFO  impl.FollowerState (FollowerState.java:run(143)) - s0@group-E264CA5F8311-FollowerState: change to CANDIDATE, lastRpcElapsedTime:260791987ns, electionTimeout:260ms
2023-08-18 03:36:37,309 [s0@group-E264CA5F8311-FollowerState] INFO  impl.RoleInfo (RoleInfo.java:shutdownFollowerState(109)) - s0: shutdown s0@group-E264CA5F8311-FollowerState
2023-08-18 03:36:37,309 [s0@group-E264CA5F8311-FollowerState] INFO  server.RaftServer$Division (RaftServerImpl.java:setRole(371)) - s0@group-E264CA5F8311: changes role from  FOLLOWER to CANDIDATE at term 1 for changeToCandidate
2023-08-18 03:36:37,309 [s0@group-E264CA5F8311-FollowerState] INFO  server.RaftServerConfigKeys (ConfUtils.java:logGet(46)) - raft.server.leaderelection.pre-vote = true (default)
2023-08-18 03:36:37,310 [s0@group-E264CA5F8311-FollowerState] INFO  impl.RoleInfo (RoleInfo.java:updateAndGet(138)) - s0: start s0@group-E264CA5F8311-LeaderElection116
2023-08-18 03:36:37,310 [s0@group-E264CA5F8311-LeaderElection116] INFO  impl.LeaderElection (LeaderElection.java:askForVotes(320)) - s0@group-E264CA5F8311-LeaderElection116 PRE_VOTE round 0: submit vote requests at term 1 for 255: peers:[s0|rpc:localhost:39295|admin:localhost:44843|client:localhost:40991|dataStream:localhost:40677|priority:0|startupRole:FOLLOWER, s1|rpc:0.0.0.0:34459|dataStream:|priority:0|startupRole:FOLLOWER, s2|rpc:0.0.0.0:43137|dataStream:|priority:0|startupRole:FOLLOWER]|listeners:[], old=peers:[s0|rpc:localhost:39295|admin:localhost:44843|client:localhost:40991|dataStream:localhost:40677|priority:0|startupRole:FOLLOWER]|listeners:[]
2023-08-18 03:36:37,311 [grpc-default-executor-3] INFO  server.RaftServer$Division (RaftServerImpl.java:requestVote(1344)) - s2@group-E264CA5F8311: receive requestVote(PRE_VOTE, s0, group-E264CA5F8311, 1, (t:1, i:255))
2023-08-18 03:36:37,311 [grpc-default-executor-3] WARN  server.GrpcServerProtocolService (LogUtils.java:warn(122)) - s2: Failed requestVote s0->s2#0: org.apache.ratis.protocol.exceptions.ServerNotReadyException: s2@group-E264CA5F8311 is not in [RUNNING]: current state is STARTING
2023-08-18 03:36:37,312 [grpc-default-executor-0] INFO  server.RaftServer$Division (RaftServerImpl.java:requestVote(1344)) - s1@group-E264CA5F8311: receive requestVote(PRE_VOTE, s0, group-E264CA5F8311, 1, (t:1, i:255))
2023-08-18 03:36:37,312 [grpc-default-executor-0] WARN  server.GrpcServerProtocolService (LogUtils.java:warn(122)) - s1: Failed requestVote s0->s1#0: org.apache.ratis.protocol.exceptions.ServerNotReadyException: s1@group-E264CA5F8311 is not in [RUNNING]: current state is STARTING
2023-08-18 03:36:37,312 [s0@group-E264CA5F8311-LeaderElection116] INFO  impl.LeaderElection (LogUtils.java:infoOrTrace(137)) - s0@group-E264CA5F8311-LeaderElection116 got exception when requesting votes: java.util.concurrent.ExecutionException: org.apache.ratis.thirdparty.io.grpc.StatusRuntimeException: INTERNAL: s1@group-E264CA5F8311 is not in [RUNNING]: current state is STARTING
2023-08-18 03:36:37,312 [s0@group-E264CA5F8311-LeaderElection116] INFO  impl.LeaderElection (LogUtils.java:infoOrTrace(137)) - s0@group-E264CA5F8311-LeaderElection116 got exception when requesting votes: java.util.concurrent.ExecutionException: org.apache.ratis.thirdparty.io.grpc.StatusRuntimeException: INTERNAL: s2@group-E264CA5F8311 is not in [RUNNING]: current state is STARTING
2023-08-18 03:36:37,312 [s0@group-E264CA5F8311-LeaderElection116] INFO  impl.LeaderElection (LeaderElection.java:logAndReturn(89)) - s0@group-E264CA5F8311-LeaderElection116: PRE_VOTE REJECTED received 0 response(s) and 2 exception(s):
2023-08-18 03:36:37,312 [s0@group-E264CA5F8311-LeaderElection116] INFO  impl.LeaderElection (LogUtils.java:infoOrTrace(137)) -   Exception 0: java.util.concurrent.ExecutionException: org.apache.ratis.thirdparty.io.grpc.StatusRuntimeException: INTERNAL: s1@group-E264CA5F8311 is not in [RUNNING]: current state is STARTING
2023-08-18 03:36:37,312 [s0@group-E264CA5F8311-LeaderElection116] INFO  impl.LeaderElection (LogUtils.java:infoOrTrace(137)) -   Exception 1: java.util.concurrent.ExecutionException: org.apache.ratis.thirdparty.io.grpc.StatusRuntimeException: INTERNAL: s2@group-E264CA5F8311 is not in [RUNNING]: current state is STARTING
2023-08-18 03:36:37,312 [s0@group-E264CA5F8311-LeaderElection116] INFO  impl.LeaderElection (LeaderElection.java:askForVotes(322)) - s0@group-E264CA5F8311-LeaderElection116 PRE_VOTE round 0: result REJECTED
2023-08-18 03:36:37,312 [s0@group-E264CA5F8311-LeaderElection116] INFO  server.RaftServer$Division (RaftServerImpl.java:setRole(371)) - s0@group-E264CA5F8311: changes role from CANDIDATE to FOLLOWER at term 1 for REJECTED
2023-08-18 03:36:37,312 [s0@group-E264CA5F8311-LeaderElection116] INFO  impl.RoleInfo (RoleInfo.java:shutdownLeaderElection(129)) - s0: shutdown s0@group-E264CA5F8311-LeaderElection116
2023-08-18 03:36:37,312 [s0@group-E264CA5F8311-LeaderElection116] INFO  impl.RoleInfo (RoleInfo.java:updateAndGet(138)) - s0: start s0@group-E264CA5F8311-FollowerState
2023-08-18 03:36:37,366 [s2-server-thread1] INFO  server.RaftServer$Division (RaftServerImpl.java:setConfigurationAsync(1238)) - s2@group-E264CA5F8311: receive setConfiguration SetConfigurationRequest:client-255CF6B0DA3F->s2@group-E264CA5F8311, cid=386, seq=0, RW, null, SET_UNCONDITIONALLY, servers:[s1|rpc:0.0.0.0:34459|dataStream:|priority:0|startupRole:FOLLOWER, s2|rpc:0.0.0.0:43137|dataStream:|priority:0|startupRole:FOLLOWER, s0|rpc:localhost:39295|admin:localhost:44843|client:localhost:40991|dataStream:localhost:40677|priority:0|startupRole:FOLLOWER], listeners:[]
2023-08-18 03:36:37,471 [s1-server-thread1] INFO  server.RaftServer$Division (RaftServerImpl.java:setConfigurationAsync(1238)) - s1@group-E264CA5F8311: receive setConfiguration SetConfigurationRequest:client-255CF6B0DA3F->s1@group-E264CA5F8311, cid=386, seq=0, RW, null, SET_UNCONDITIONALLY, servers:[s1|rpc:0.0.0.0:34459|dataStream:|priority:0|startupRole:FOLLOWER, s2|rpc:0.0.0.0:43137|dataStream:|priority:0|startupRole:FOLLOWER, s0|rpc:localhost:39295|admin:localhost:44843|client:localhost:40991|dataStream:localhost:40677|priority:0|startupRole:FOLLOWER], listeners:[]
2023-08-18 03:36:37,504 [s0@group-E264CA5F8311-FollowerState] INFO  impl.FollowerState (FollowerState.java:run(143)) - s0@group-E264CA5F8311-FollowerState: change to CANDIDATE, lastRpcElapsedTime:191462122ns, electionTimeout:191ms
2023-08-18 03:36:37,504 [s0@group-E264CA5F8311-FollowerState] INFO  impl.RoleInfo (RoleInfo.java:shutdownFollowerState(109)) - s0: shutdown s0@group-E264CA5F8311-FollowerState
2023-08-18 03:36:37,504 [s0@group-E264CA5F8311-FollowerState] INFO  server.RaftServer$Division (RaftServerImpl.java:setRole(371)) - s0@group-E264CA5F8311: changes role from  FOLLOWER to CANDIDATE at term 1 for changeToCandidate
2023-08-18 03:36:37,504 [s0@group-E264CA5F8311-FollowerState] INFO  server.RaftServerConfigKeys (ConfUtils.java:logGet(46)) - raft.server.leaderelection.pre-vote = true (default)
2023-08-18 03:36:37,504 [s0@group-E264CA5F8311-FollowerState] INFO  impl.RoleInfo (RoleInfo.java:updateAndGet(138)) - s0: start s0@group-E264CA5F8311-LeaderElection117
2023-08-18 03:36:37,505 [s0@group-E264CA5F8311-LeaderElection117] INFO  impl.LeaderElection (LeaderElection.java:askForVotes(320)) - s0@group-E264CA5F8311-LeaderElection117 PRE_VOTE round 0: submit vote requests at term 1 for 255: peers:[s0|rpc:localhost:39295|admin:localhost:44843|client:localhost:40991|dataStream:localhost:40677|priority:0|startupRole:FOLLOWER, s1|rpc:0.0.0.0:34459|dataStream:|priority:0|startupRole:FOLLOWER, s2|rpc:0.0.0.0:43137|dataStream:|priority:0|startupRole:FOLLOWER]|listeners:[], old=peers:[s0|rpc:localhost:39295|admin:localhost:44843|client:localhost:40991|dataStream:localhost:40677|priority:0|startupRole:FOLLOWER]|listeners:[]
2023-08-18 03:36:37,506 [grpc-default-executor-0] INFO  server.RaftServer$Division (RaftServerImpl.java:requestVote(1344)) - s2@group-E264CA5F8311: receive requestVote(PRE_VOTE, s0, group-E264CA5F8311, 1, (t:1, i:255))
2023-08-18 03:36:37,506 [grpc-default-executor-0] WARN  server.GrpcServerProtocolService (LogUtils.java:warn(122)) - s2: Failed requestVote s0->s2#0: org.apache.ratis.protocol.exceptions.ServerNotReadyException: s2@group-E264CA5F8311 is not in [RUNNING]: current state is STARTING
2023-08-18 03:36:37,506 [grpc-default-executor-3] INFO  server.RaftServer$Division (RaftServerImpl.java:requestVote(1344)) - s1@group-E264CA5F8311: receive requestVote(PRE_VOTE, s0, group-E264CA5F8311, 1, (t:1, i:255))
2023-08-18 03:36:37,506 [grpc-default-executor-3] WARN  server.GrpcServerProtocolService (LogUtils.java:warn(122)) - s1: Failed requestVote s0->s1#0: org.apache.ratis.protocol.exceptions.ServerNotReadyException: s1@group-E264CA5F8311 is not in [RUNNING]: current state is STARTING
2023-08-18 03:36:37,506 [s0@group-E264CA5F8311-LeaderElection117] INFO  impl.LeaderElection (LogUtils.java:infoOrTrace(137)) - s0@group-E264CA5F8311-LeaderElection117 got exception when requesting votes: java.util.concurrent.ExecutionException: org.apache.ratis.thirdparty.io.grpc.StatusRuntimeException: INTERNAL: s2@group-E264CA5F8311 is not in [RUNNING]: current state is STARTING
2023-08-18 03:36:37,506 [s0@group-E264CA5F8311-LeaderElection117] INFO  impl.LeaderElection (LogUtils.java:infoOrTrace(137)) - s0@group-E264CA5F8311-LeaderElection117 got exception when requesting votes: java.util.concurrent.ExecutionException: org.apache.ratis.thirdparty.io.grpc.StatusRuntimeException: INTERNAL: s1@group-E264CA5F8311 is not in [RUNNING]: current state is STARTING
2023-08-18 03:36:37,506 [s0@group-E264CA5F8311-LeaderElection117] INFO  impl.LeaderElection (LeaderElection.java:logAndReturn(89)) - s0@group-E264CA5F8311-LeaderElection117: PRE_VOTE REJECTED received 0 response(s) and 2 exception(s):
2023-08-18 03:36:37,506 [s0@group-E264CA5F8311-LeaderElection117] INFO  impl.LeaderElection (LogUtils.java:infoOrTrace(137)) -   Exception 0: java.util.concurrent.ExecutionException: org.apache.ratis.thirdparty.io.grpc.StatusRuntimeException: INTERNAL: s2@group-E264CA5F8311 is not in [RUNNING]: current state is STARTING
2023-08-18 03:36:37,506 [s0@group-E264CA5F8311-LeaderElection117] INFO  impl.LeaderElection (LogUtils.java:infoOrTrace(137)) -   Exception 1: java.util.concurrent.ExecutionException: org.apache.ratis.thirdparty.io.grpc.StatusRuntimeException: INTERNAL: s1@group-E264CA5F8311 is not in [RUNNING]: current state is STARTING
2023-08-18 03:36:37,506 [s0@group-E264CA5F8311-LeaderElection117] INFO  impl.LeaderElection (LeaderElection.java:askForVotes(322)) - s0@group-E264CA5F8311-LeaderElection117 PRE_VOTE round 0: result REJECTED
2023-08-18 03:36:37,507 [s0@group-E264CA5F8311-LeaderElection117] INFO  server.RaftServer$Division (RaftServerImpl.java:setRole(371)) - s0@group-E264CA5F8311: changes role from CANDIDATE to FOLLOWER at term 1 for REJECTED
2023-08-18 03:36:37,507 [s0@group-E264CA5F8311-LeaderElection117] INFO  impl.RoleInfo (RoleInfo.java:shutdownLeaderElection(129)) - s0: shutdown s0@group-E264CA5F8311-LeaderElection117
2023-08-18 03:36:37,507 [s0@group-E264CA5F8311-LeaderElection117] INFO  impl.RoleInfo (RoleInfo.java:updateAndGet(138)) - s0: start s0@group-E264CA5F8311-FollowerState
2023-08-18 03:36:37,576 [s2-server-thread1] INFO  server.RaftServer$Division (RaftServerImpl.java:setConfigurationAsync(1238)) - s2@group-E264CA5F8311: receive setConfiguration SetConfigurationRequest:client-255CF6B0DA3F->s2@group-E264CA5F8311, cid=386, seq=0, RW, null, SET_UNCONDITIONALLY, servers:[s1|rpc:0.0.0.0:34459|dataStream:|priority:0|startupRole:FOLLOWER, s2|rpc:0.0.0.0:43137|dataStream:|priority:0|startupRole:FOLLOWER, s0|rpc:localhost:39295|admin:localhost:44843|client:localhost:40991|dataStream:localhost:40677|priority:0|startupRole:FOLLOWER], listeners:[]
2023-08-18 03:36:37,680 [s0-server-thread1] INFO  server.RaftServer$Division (RaftServerImpl.java:setConfigurationAsync(1238)) - s0@group-E264CA5F8311: receive setConfiguration SetConfigurationRequest:client-255CF6B0DA3F->s0@group-E264CA5F8311, cid=386, seq=0, RW, null, SET_UNCONDITIONALLY, servers:[s1|rpc:0.0.0.0:34459|dataStream:|priority:0|startupRole:FOLLOWER, s2|rpc:0.0.0.0:43137|dataStream:|priority:0|startupRole:FOLLOWER, s0|rpc:localhost:39295|admin:localhost:44843|client:localhost:40991|dataStream:localhost:40677|priority:0|startupRole:FOLLOWER], listeners:[]
2023-08-18 03:36:37,773 [s0@group-E264CA5F8311-FollowerState] INFO  impl.FollowerState (FollowerState.java:run(143)) - s0@group-E264CA5F8311-FollowerState: change to CANDIDATE, lastRpcElapsedTime:266317945ns, electionTimeout:266ms
2023-08-18 03:36:37,773 [s0@group-E264CA5F8311-FollowerState] INFO  impl.RoleInfo (RoleInfo.java:shutdownFollowerState(109)) - s0: shutdown s0@group-E264CA5F8311-FollowerState
2023-08-18 03:36:37,773 [s0@group-E264CA5F8311-FollowerState] INFO  server.RaftServer$Division (RaftServerImpl.java:setRole(371)) - s0@group-E264CA5F8311: changes role from  FOLLOWER to CANDIDATE at term 1 for changeToCandidate
2023-08-18 03:36:37,773 [s0@group-E264CA5F8311-FollowerState] INFO  server.RaftServerConfigKeys (ConfUtils.java:logGet(46)) - raft.server.leaderelection.pre-vote = true (default)
2023-08-18 03:36:37,773 [s0@group-E264CA5F8311-FollowerState] INFO  impl.RoleInfo (RoleInfo.java:updateAndGet(138)) - s0: start s0@group-E264CA5F8311-LeaderElection118
2023-08-18 03:36:37,774 [s0@group-E264CA5F8311-LeaderElection118] INFO  impl.LeaderElection (LeaderElection.java:askForVotes(320)) - s0@group-E264CA5F8311-LeaderElection118 PRE_VOTE round 0: submit vote requests at term 1 for 255: peers:[s0|rpc:localhost:39295|admin:localhost:44843|client:localhost:40991|dataStream:localhost:40677|priority:0|startupRole:FOLLOWER, s1|rpc:0.0.0.0:34459|dataStream:|priority:0|startupRole:FOLLOWER, s2|rpc:0.0.0.0:43137|dataStream:|priority:0|startupRole:FOLLOWER]|listeners:[], old=peers:[s0|rpc:localhost:39295|admin:localhost:44843|client:localhost:40991|dataStream:localhost:40677|priority:0|startupRole:FOLLOWER]|listeners:[]
2023-08-18 03:36:37,774 [grpc-default-executor-0] INFO  server.RaftServer$Division (RaftServerImpl.java:requestVote(1344)) - s1@group-E264CA5F8311: receive requestVote(PRE_VOTE, s0, group-E264CA5F8311, 1, (t:1, i:255))
2023-08-18 03:36:37,775 [grpc-default-executor-0] WARN  server.GrpcServerProtocolService (LogUtils.java:warn(122)) - s1: Failed requestVote s0->s1#0: org.apache.ratis.protocol.exceptions.ServerNotReadyException: s1@group-E264CA5F8311 is not in [RUNNING]: current state is STARTING
2023-08-18 03:36:37,775 [s0@group-E264CA5F8311-LeaderElection118] INFO  impl.LeaderElection (LogUtils.java:infoOrTrace(137)) - s0@group-E264CA5F8311-LeaderElection118 got exception when requesting votes: java.util.concurrent.ExecutionException: org.apache.ratis.thirdparty.io.grpc.StatusRuntimeException: INTERNAL: s1@group-E264CA5F8311 is not in [RUNNING]: current state is STARTING
2023-08-18 03:36:37,775 [grpc-default-executor-3] INFO  server.RaftServer$Division (RaftServerImpl.java:requestVote(1344)) - s2@group-E264CA5F8311: receive requestVote(PRE_VOTE, s0, group-E264CA5F8311, 1, (t:1, i:255))
2023-08-18 03:36:37,775 [grpc-default-executor-3] WARN  server.GrpcServerProtocolService (LogUtils.java:warn(122)) - s2: Failed requestVote s0->s2#0: org.apache.ratis.protocol.exceptions.ServerNotReadyException: s2@group-E264CA5F8311 is not in [RUNNING]: current state is STARTING
2023-08-18 03:36:37,776 [s0@group-E264CA5F8311-LeaderElection118] INFO  impl.LeaderElection (LogUtils.java:infoOrTrace(137)) - s0@group-E264CA5F8311-LeaderElection118 got exception when requesting votes: java.util.concurrent.ExecutionException: org.apache.ratis.thirdparty.io.grpc.StatusRuntimeException: INTERNAL: s2@group-E264CA5F8311 is not in [RUNNING]: current state is STARTING
2023-08-18 03:36:37,776 [s0@group-E264CA5F8311-LeaderElection118] INFO  impl.LeaderElection (LeaderElection.java:logAndReturn(89)) - s0@group-E264CA5F8311-LeaderElection118: PRE_VOTE REJECTED received 0 response(s) and 2 exception(s):
2023-08-18 03:36:37,776 [s0@group-E264CA5F8311-LeaderElection118] INFO  impl.LeaderElection (LogUtils.java:infoOrTrace(137)) -   Exception 0: java.util.concurrent.ExecutionException: org.apache.ratis.thirdparty.io.grpc.StatusRuntimeException: INTERNAL: s1@group-E264CA5F8311 is not in [RUNNING]: current state is STARTING
2023-08-18 03:36:37,776 [s0@group-E264CA5F8311-LeaderElection118] INFO  impl.LeaderElection (LogUtils.java:infoOrTrace(137)) -   Exception 1: java.util.concurrent.ExecutionException: org.apache.ratis.thirdparty.io.grpc.StatusRuntimeException: INTERNAL: s2@group-E264CA5F8311 is not in [RUNNING]: current state is STARTING
2023-08-18 03:36:37,776 [s0@group-E264CA5F8311-LeaderElection118] INFO  impl.LeaderElection (LeaderElection.java:askForVotes(322)) - s0@group-E264CA5F8311-LeaderElection118 PRE_VOTE round 0: result REJECTED
2023-08-18 03:36:37,776 [s0@group-E264CA5F8311-LeaderElection118] INFO  server.RaftServer$Division (RaftServerImpl.java:setRole(371)) - s0@group-E264CA5F8311: changes role from CANDIDATE to FOLLOWER at term 1 for REJECTED
2023-08-18 03:36:37,776 [s0@group-E264CA5F8311-LeaderElection118] INFO  impl.RoleInfo (RoleInfo.java:shutdownLeaderElection(129)) - s0: shutdown s0@group-E264CA5F8311-LeaderElection118
2023-08-18 03:36:37,776 [s0@group-E264CA5F8311-LeaderElection118] INFO  impl.RoleInfo (RoleInfo.java:updateAndGet(138)) - s0: start s0@group-E264CA5F8311-FollowerState
2023-08-18 03:36:37,784 [s2-server-thread1] INFO  server.RaftServer$Division (RaftServerImpl.java:setConfigurationAsync(1238)) - s2@group-E264CA5F8311: receive setConfiguration SetConfigurationRequest:client-255CF6B0DA3F->s2@group-E264CA5F8311, cid=386, seq=0, RW, null, SET_UNCONDITIONALLY, servers:[s1|rpc:0.0.0.0:34459|dataStream:|priority:0|startupRole:FOLLOWER, s2|rpc:0.0.0.0:43137|dataStream:|priority:0|startupRole:FOLLOWER, s0|rpc:localhost:39295|admin:localhost:44843|client:localhost:40991|dataStream:localhost:40677|priority:0|startupRole:FOLLOWER], listeners:[]
2023-08-18 03:36:37,888 [s1-server-thread1] INFO  server.RaftServer$Division (RaftServerImpl.java:setConfigurationAsync(1238)) - s1@group-E264CA5F8311: receive setConfiguration SetConfigurationRequest:client-255CF6B0DA3F->s1@group-E264CA5F8311, cid=386, seq=0, RW, null, SET_UNCONDITIONALLY, servers:[s1|rpc:0.0.0.0:34459|dataStream:|priority:0|startupRole:FOLLOWER, s2|rpc:0.0.0.0:43137|dataStream:|priority:0|startupRole:FOLLOWER, s0|rpc:localhost:39295|admin:localhost:44843|client:localhost:40991|dataStream:localhost:40677|priority:0|startupRole:FOLLOWER], listeners:[]
2023-08-18 03:36:37,954 [s0@group-E264CA5F8311-FollowerState] INFO  impl.FollowerState (FollowerState.java:run(143)) - s0@group-E264CA5F8311-FollowerState: change to CANDIDATE, lastRpcElapsedTime:178369323ns, electionTimeout:178ms
2023-08-18 03:36:37,955 [s0@group-E264CA5F8311-FollowerState] INFO  impl.RoleInfo (RoleInfo.java:shutdownFollowerState(109)) - s0: shutdown s0@group-E264CA5F8311-FollowerState
2023-08-18 03:36:37,955 [s0@group-E264CA5F8311-FollowerState] INFO  server.RaftServer$Division (RaftServerImpl.java:setRole(371)) - s0@group-E264CA5F8311: changes role from  FOLLOWER to CANDIDATE at term 1 for changeToCandidate
2023-08-18 03:36:37,955 [s0@group-E264CA5F8311-FollowerState] INFO  server.RaftServerConfigKeys (ConfUtils.java:logGet(46)) - raft.server.leaderelection.pre-vote = true (default)
2023-08-18 03:36:37,955 [s0@group-E264CA5F8311-FollowerState] INFO  impl.RoleInfo (RoleInfo.java:updateAndGet(138)) - s0: start s0@group-E264CA5F8311-LeaderElection119
2023-08-18 03:36:37,955 [s0@group-E264CA5F8311-LeaderElection119] INFO  impl.LeaderElection (LeaderElection.java:askForVotes(320)) - s0@group-E264CA5F8311-LeaderElection119 PRE_VOTE round 0: submit vote requests at term 1 for 255: peers:[s0|rpc:localhost:39295|admin:localhost:44843|client:localhost:40991|dataStream:localhost:40677|priority:0|startupRole:FOLLOWER, s1|rpc:0.0.0.0:34459|dataStream:|priority:0|startupRole:FOLLOWER, s2|rpc:0.0.0.0:43137|dataStream:|priority:0|startupRole:FOLLOWER]|listeners:[], old=peers:[s0|rpc:localhost:39295|admin:localhost:44843|client:localhost:40991|dataStream:localhost:40677|priority:0|startupRole:FOLLOWER]|listeners:[]
2023-08-18 03:36:37,956 [grpc-default-executor-0] INFO  server.RaftServer$Division (RaftServerImpl.java:requestVote(1344)) - s2@group-E264CA5F8311: receive requestVote(PRE_VOTE, s0, group-E264CA5F8311, 1, (t:1, i:255))
2023-08-18 03:36:37,956 [grpc-default-executor-0] WARN  server.GrpcServerProtocolService (LogUtils.java:warn(122)) - s2: Failed requestVote s0->s2#0: org.apache.ratis.protocol.exceptions.ServerNotReadyException: s2@group-E264CA5F8311 is not in [RUNNING]: current state is STARTING
2023-08-18 03:36:37,957 [grpc-default-executor-3] INFO  server.RaftServer$Division (RaftServerImpl.java:requestVote(1344)) - s1@group-E264CA5F8311: receive requestVote(PRE_VOTE, s0, group-E264CA5F8311, 1, (t:1, i:255))
2023-08-18 03:36:37,957 [grpc-default-executor-3] WARN  server.GrpcServerProtocolService (LogUtils.java:warn(122)) - s1: Failed requestVote s0->s1#0: org.apache.ratis.protocol.exceptions.ServerNotReadyException: s1@group-E264CA5F8311 is not in [RUNNING]: current state is STARTING
2023-08-18 03:36:37,958 [s0@group-E264CA5F8311-LeaderElection119] INFO  impl.LeaderElection (LogUtils.java:infoOrTrace(137)) - s0@group-E264CA5F8311-LeaderElection119 got exception when requesting votes: java.util.concurrent.ExecutionException: org.apache.ratis.thirdparty.io.grpc.StatusRuntimeException: INTERNAL: s1@group-E264CA5F8311 is not in [RUNNING]: current state is STARTING
2023-08-18 03:36:37,958 [s0@group-E264CA5F8311-LeaderElection119] INFO  impl.LeaderElection (LogUtils.java:infoOrTrace(137)) - s0@group-E264CA5F8311-LeaderElection119 got exception when requesting votes: java.util.concurrent.ExecutionException: org.apache.ratis.thirdparty.io.grpc.StatusRuntimeException: INTERNAL: s2@group-E264CA5F8311 is not in [RUNNING]: current state is STARTING
2023-08-18 03:36:37,958 [s0@group-E264CA5F8311-LeaderElection119] INFO  impl.LeaderElection (LeaderElection.java:logAndReturn(89)) - s0@group-E264CA5F8311-LeaderElection119: PRE_VOTE REJECTED received 0 response(s) and 2 exception(s):
2023-08-18 03:36:37,958 [s0@group-E264CA5F8311-LeaderElection119] INFO  impl.LeaderElection (LogUtils.java:infoOrTrace(137)) -   Exception 0: java.util.concurrent.ExecutionException: org.apache.ratis.thirdparty.io.grpc.StatusRuntimeException: INTERNAL: s1@group-E264CA5F8311 is not in [RUNNING]: current state is STARTING
2023-08-18 03:36:37,958 [s0@group-E264CA5F8311-LeaderElection119] INFO  impl.LeaderElection (LogUtils.java:infoOrTrace(137)) -   Exception 1: java.util.concurrent.ExecutionException: org.apache.ratis.thirdparty.io.grpc.StatusRuntimeException: INTERNAL: s2@group-E264CA5F8311 is not in [RUNNING]: current state is STARTING
2023-08-18 03:36:37,958 [s0@group-E264CA5F8311-LeaderElection119] INFO  impl.LeaderElection (LeaderElection.java:askForVotes(322)) - s0@group-E264CA5F8311-LeaderElection119 PRE_VOTE round 0: result REJECTED
2023-08-18 03:36:37,958 [s0@group-E264CA5F8311-LeaderElection119] INFO  server.RaftServer$Division (RaftServerImpl.java:setRole(371)) - s0@group-E264CA5F8311: changes role from CANDIDATE to FOLLOWER at term 1 for REJECTED
2023-08-18 03:36:37,958 [s0@group-E264CA5F8311-LeaderElection119] INFO  impl.RoleInfo (RoleInfo.java:shutdownLeaderElection(129)) - s0: shutdown s0@group-E264CA5F8311-LeaderElection119
2023-08-18 03:36:37,958 [s0@group-E264CA5F8311-LeaderElection119] INFO  impl.RoleInfo (RoleInfo.java:updateAndGet(138)) - s0: start s0@group-E264CA5F8311-FollowerState
2023-08-18 03:36:37,993 [s0-server-thread1] INFO  server.RaftServer$Division (RaftServerImpl.java:setConfigurationAsync(1238)) - s0@group-E264CA5F8311: receive setConfiguration SetConfigurationRequest:client-255CF6B0DA3F->s0@group-E264CA5F8311, cid=386, seq=0, RW, null, SET_UNCONDITIONALLY, servers:[s1|rpc:0.0.0.0:34459|dataStream:|priority:0|startupRole:FOLLOWER, s2|rpc:0.0.0.0:43137|dataStream:|priority:0|startupRole:FOLLOWER, s0|rpc:localhost:39295|admin:localhost:44843|client:localhost:40991|dataStream:localhost:40677|priority:0|startupRole:FOLLOWER], listeners:[]
2023-08-18 03:36:38,098 [s2-server-thread1] INFO  server.RaftServer$Division (RaftServerImpl.java:setConfigurationAsync(1238)) - s2@group-E264CA5F8311: receive setConfiguration SetConfigurationRequest:client-255CF6B0DA3F->s2@group-E264CA5F8311, cid=386, seq=0, RW, null, SET_UNCONDITIONALLY, servers:[s1|rpc:0.0.0.0:34459|dataStream:|priority:0|startupRole:FOLLOWER, s2|rpc:0.0.0.0:43137|dataStream:|priority:0|startupRole:FOLLOWER, s0|rpc:localhost:39295|admin:localhost:44843|client:localhost:40991|dataStream:localhost:40677|priority:0|startupRole:FOLLOWER], listeners:[]
2023-08-18 03:36:38,124 [s0@group-E264CA5F8311-FollowerState] INFO  impl.FollowerState (FollowerState.java:run(143)) - s0@group-E264CA5F8311-FollowerState: change to CANDIDATE, lastRpcElapsedTime:166413816ns, electionTimeout:166ms
2023-08-18 03:36:38,124 [s0@group-E264CA5F8311-FollowerState] INFO  impl.RoleInfo (RoleInfo.java:shutdownFollowerState(109)) - s0: shutdown s0@group-E264CA5F8311-FollowerState
2023-08-18 03:36:38,125 [s0@group-E264CA5F8311-FollowerState] INFO  server.RaftServer$Division (RaftServerImpl.java:setRole(371)) - s0@group-E264CA5F8311: changes role from  FOLLOWER to CANDIDATE at term 1 for changeToCandidate
2023-08-18 03:36:38,125 [s0@group-E264CA5F8311-FollowerState] INFO  server.RaftServerConfigKeys (ConfUtils.java:logGet(46)) - raft.server.leaderelection.pre-vote = true (default)
2023-08-18 03:36:38,125 [s0@group-E264CA5F8311-FollowerState] INFO  impl.RoleInfo (RoleInfo.java:updateAndGet(138)) - s0: start s0@group-E264CA5F8311-LeaderElection120
2023-08-18 03:36:38,125 [s0@group-E264CA5F8311-LeaderElection120] INFO  impl.LeaderElection (LeaderElection.java:askForVotes(320)) - s0@group-E264CA5F8311-LeaderElection120 PRE_VOTE round 0: submit vote requests at term 1 for 255: peers:[s0|rpc:localhost:39295|admin:localhost:44843|client:localhost:40991|dataStream:localhost:40677|priority:0|startupRole:FOLLOWER, s1|rpc:0.0.0.0:34459|dataStream:|priority:0|startupRole:FOLLOWER, s2|rpc:0.0.0.0:43137|dataStream:|priority:0|startupRole:FOLLOWER]|listeners:[], old=peers:[s0|rpc:localhost:39295|admin:localhost:44843|client:localhost:40991|dataStream:localhost:40677|priority:0|startupRole:FOLLOWER]|listeners:[]
2023-08-18 03:36:38,126 [grpc-default-executor-3] INFO  server.RaftServer$Division (RaftServerImpl.java:requestVote(1344)) - s2@group-E264CA5F8311: receive requestVote(PRE_VOTE, s0, group-E264CA5F8311, 1, (t:1, i:255))
2023-08-18 03:36:38,126 [grpc-default-executor-3] WARN  server.GrpcServerProtocolService (LogUtils.java:warn(122)) - s2: Failed requestVote s0->s2#0: org.apache.ratis.protocol.exceptions.ServerNotReadyException: s2@group-E264CA5F8311 is not in [RUNNING]: current state is STARTING
2023-08-18 03:36:38,126 [grpc-default-executor-0] INFO  server.RaftServer$Division (RaftServerImpl.java:requestVote(1344)) - s1@group-E264CA5F8311: receive requestVote(PRE_VOTE, s0, group-E264CA5F8311, 1, (t:1, i:255))
2023-08-18 03:36:38,126 [grpc-default-executor-0] WARN  server.GrpcServerProtocolService (LogUtils.java:warn(122)) - s1: Failed requestVote s0->s1#0: org.apache.ratis.protocol.exceptions.ServerNotReadyException: s1@group-E264CA5F8311 is not in [RUNNING]: current state is STARTING
2023-08-18 03:36:38,127 [s0@group-E264CA5F8311-LeaderElection120] INFO  impl.LeaderElection (LogUtils.java:infoOrTrace(137)) - s0@group-E264CA5F8311-LeaderElection120 got exception when requesting votes: java.util.concurrent.ExecutionException: org.apache.ratis.thirdparty.io.grpc.StatusRuntimeException: INTERNAL: s2@group-E264CA5F8311 is not in [RUNNING]: current state is STARTING
2023-08-18 03:36:38,127 [s0@group-E264CA5F8311-LeaderElection120] INFO  impl.LeaderElection (LogUtils.java:infoOrTrace(137)) - s0@group-E264CA5F8311-LeaderElection120 got exception when requesting votes: java.util.concurrent.ExecutionException: org.apache.ratis.thirdparty.io.grpc.StatusRuntimeException: INTERNAL: s1@group-E264CA5F8311 is not in [RUNNING]: current state is STARTING
2023-08-18 03:36:38,127 [s0@group-E264CA5F8311-LeaderElection120] INFO  impl.LeaderElection (LeaderElection.java:logAndReturn(89)) - s0@group-E264CA5F8311-LeaderElection120: PRE_VOTE REJECTED received 0 response(s) and 2 exception(s):
2023-08-18 03:36:38,127 [s0@group-E264CA5F8311-LeaderElection120] INFO  impl.LeaderElection (LogUtils.java:infoOrTrace(137)) -   Exception 0: java.util.concurrent.ExecutionException: org.apache.ratis.thirdparty.io.grpc.StatusRuntimeException: INTERNAL: s2@group-E264CA5F8311 is not in [RUNNING]: current state is STARTING
2023-08-18 03:36:38,127 [s0@group-E264CA5F8311-LeaderElection120] INFO  impl.LeaderElection (LogUtils.java:infoOrTrace(137)) -   Exception 1: java.util.concurrent.ExecutionException: org.apache.ratis.thirdparty.io.grpc.StatusRuntimeException: INTERNAL: s1@group-E264CA5F8311 is not in [RUNNING]: current state is STARTING
2023-08-18 03:36:38,127 [s0@group-E264CA5F8311-LeaderElection120] INFO  impl.LeaderElection (LeaderElection.java:askForVotes(322)) - s0@group-E264CA5F8311-LeaderElection120 PRE_VOTE round 0: result REJECTED
2023-08-18 03:36:38,127 [s0@group-E264CA5F8311-LeaderElection120] INFO  server.RaftServer$Division (RaftServerImpl.java:setRole(371)) - s0@group-E264CA5F8311: changes role from CANDIDATE to FOLLOWER at term 1 for REJECTED
2023-08-18 03:36:38,127 [s0@group-E264CA5F8311-LeaderElection120] INFO  impl.RoleInfo (RoleInfo.java:shutdownLeaderElection(129)) - s0: shutdown s0@group-E264CA5F8311-LeaderElection120
2023-08-18 03:36:38,128 [s0@group-E264CA5F8311-LeaderElection120] INFO  impl.RoleInfo (RoleInfo.java:updateAndGet(138)) - s0: start s0@group-E264CA5F8311-FollowerState
2023-08-18 03:36:38,202 [s0-server-thread1] INFO  server.RaftServer$Division (RaftServerImpl.java:setConfigurationAsync(1238)) - s0@group-E264CA5F8311: receive setConfiguration SetConfigurationRequest:client-255CF6B0DA3F->s0@group-E264CA5F8311, cid=386, seq=0, RW, null, SET_UNCONDITIONALLY, servers:[s1|rpc:0.0.0.0:34459|dataStream:|priority:0|startupRole:FOLLOWER, s2|rpc:0.0.0.0:43137|dataStream:|priority:0|startupRole:FOLLOWER, s0|rpc:localhost:39295|admin:localhost:44843|client:localhost:40991|dataStream:localhost:40677|priority:0|startupRole:FOLLOWER], listeners:[]
2023-08-18 03:36:38,306 [s1-server-thread1] INFO  server.RaftServer$Division (RaftServerImpl.java:setConfigurationAsync(1238)) - s1@group-E264CA5F8311: receive setConfiguration SetConfigurationRequest:client-255CF6B0DA3F->s1@group-E264CA5F8311, cid=386, seq=0, RW, null, SET_UNCONDITIONALLY, servers:[s1|rpc:0.0.0.0:34459|dataStream:|priority:0|startupRole:FOLLOWER, s2|rpc:0.0.0.0:43137|dataStream:|priority:0|startupRole:FOLLOWER, s0|rpc:localhost:39295|admin:localhost:44843|client:localhost:40991|dataStream:localhost:40677|priority:0|startupRole:FOLLOWER], listeners:[]
2023-08-18 03:36:38,412 [s0-server-thread1] INFO  server.RaftServer$Division (RaftServerImpl.java:setConfigurationAsync(1238)) - s0@group-E264CA5F8311: receive setConfiguration SetConfigurationRequest:client-255CF6B0DA3F->s0@group-E264CA5F8311, cid=386, seq=0, RW, null, SET_UNCONDITIONALLY, servers:[s1|rpc:0.0.0.0:34459|dataStream:|priority:0|startupRole:FOLLOWER, s2|rpc:0.0.0.0:43137|dataStream:|priority:0|startupRole:FOLLOWER, s0|rpc:localhost:39295|admin:localhost:44843|client:localhost:40991|dataStream:localhost:40677|priority:0|startupRole:FOLLOWER], listeners:[]
2023-08-18 03:36:38,421 [s0@group-E264CA5F8311-FollowerState] INFO  impl.FollowerState (FollowerState.java:run(143)) - s0@group-E264CA5F8311-FollowerState: change to CANDIDATE, lastRpcElapsedTime:293415135ns, electionTimeout:293ms
2023-08-18 03:36:38,421 [s0@group-E264CA5F8311-FollowerState] INFO  impl.RoleInfo (RoleInfo.java:shutdownFollowerState(109)) - s0: shutdown s0@group-E264CA5F8311-FollowerState
2023-08-18 03:36:38,421 [s0@group-E264CA5F8311-FollowerState] INFO  server.RaftServer$Division (RaftServerImpl.java:setRole(371)) - s0@group-E264CA5F8311: changes role from  FOLLOWER to CANDIDATE at term 1 for changeToCandidate
2023-08-18 03:36:38,421 [s0@group-E264CA5F8311-FollowerState] INFO  server.RaftServerConfigKeys (ConfUtils.java:logGet(46)) - raft.server.leaderelection.pre-vote = true (default)
2023-08-18 03:36:38,421 [s0@group-E264CA5F8311-FollowerState] INFO  impl.RoleInfo (RoleInfo.java:updateAndGet(138)) - s0: start s0@group-E264CA5F8311-LeaderElection121
2023-08-18 03:36:38,421 [s0@group-E264CA5F8311-LeaderElection121] INFO  impl.LeaderElection (LeaderElection.java:askForVotes(320)) - s0@group-E264CA5F8311-LeaderElection121 PRE_VOTE round 0: submit vote requests at term 1 for 255: peers:[s0|rpc:localhost:39295|admin:localhost:44843|client:localhost:40991|dataStream:localhost:40677|priority:0|startupRole:FOLLOWER, s1|rpc:0.0.0.0:34459|dataStream:|priority:0|startupRole:FOLLOWER, s2|rpc:0.0.0.0:43137|dataStream:|priority:0|startupRole:FOLLOWER]|listeners:[], old=peers:[s0|rpc:localhost:39295|admin:localhost:44843|client:localhost:40991|dataStream:localhost:40677|priority:0|startupRole:FOLLOWER]|listeners:[]
2023-08-18 03:36:38,422 [grpc-default-executor-3] INFO  server.RaftServer$Division (RaftServerImpl.java:requestVote(1344)) - s2@group-E264CA5F8311: receive requestVote(PRE_VOTE, s0, group-E264CA5F8311, 1, (t:1, i:255))
2023-08-18 03:36:38,422 [grpc-default-executor-3] WARN  server.GrpcServerProtocolService (LogUtils.java:warn(122)) - s2: Failed requestVote s0->s2#0: org.apache.ratis.protocol.exceptions.ServerNotReadyException: s2@group-E264CA5F8311 is not in [RUNNING]: current state is STARTING
2023-08-18 03:36:38,423 [grpc-default-executor-0] INFO  server.RaftServer$Division (RaftServerImpl.java:requestVote(1344)) - s1@group-E264CA5F8311: receive requestVote(PRE_VOTE, s0, group-E264CA5F8311, 1, (t:1, i:255))
2023-08-18 03:36:38,423 [grpc-default-executor-0] WARN  server.GrpcServerProtocolService (LogUtils.java:warn(122)) - s1: Failed requestVote s0->s1#0: org.apache.ratis.protocol.exceptions.ServerNotReadyException: s1@group-E264CA5F8311 is not in [RUNNING]: current state is STARTING
2023-08-18 03:36:38,423 [s0@group-E264CA5F8311-LeaderElection121] INFO  impl.LeaderElection (LogUtils.java:infoOrTrace(137)) - s0@group-E264CA5F8311-LeaderElection121 got exception when requesting votes: java.util.concurrent.ExecutionException: org.apache.ratis.thirdparty.io.grpc.StatusRuntimeException: INTERNAL: s2@group-E264CA5F8311 is not in [RUNNING]: current state is STARTING
2023-08-18 03:36:38,423 [s0@group-E264CA5F8311-LeaderElection121] INFO  impl.LeaderElection (LogUtils.java:infoOrTrace(137)) - s0@group-E264CA5F8311-LeaderElection121 got exception when requesting votes: java.util.concurrent.ExecutionException: org.apache.ratis.thirdparty.io.grpc.StatusRuntimeException: INTERNAL: s1@group-E264CA5F8311 is not in [RUNNING]: current state is STARTING
2023-08-18 03:36:38,423 [s0@group-E264CA5F8311-LeaderElection121] INFO  impl.LeaderElection (LeaderElection.java:logAndReturn(89)) - s0@group-E264CA5F8311-LeaderElection121: PRE_VOTE REJECTED received 0 response(s) and 2 exception(s):
2023-08-18 03:36:38,423 [s0@group-E264CA5F8311-LeaderElection121] INFO  impl.LeaderElection (LogUtils.java:infoOrTrace(137)) -   Exception 0: java.util.concurrent.ExecutionException: org.apache.ratis.thirdparty.io.grpc.StatusRuntimeException: INTERNAL: s2@group-E264CA5F8311 is not in [RUNNING]: current state is STARTING
2023-08-18 03:36:38,423 [s0@group-E264CA5F8311-LeaderElection121] INFO  impl.LeaderElection (LogUtils.java:infoOrTrace(137)) -   Exception 1: java.util.concurrent.ExecutionException: org.apache.ratis.thirdparty.io.grpc.StatusRuntimeException: INTERNAL: s1@group-E264CA5F8311 is not in [RUNNING]: current state is STARTING
2023-08-18 03:36:38,423 [s0@group-E264CA5F8311-LeaderElection121] INFO  impl.LeaderElection (LeaderElection.java:askForVotes(322)) - s0@group-E264CA5F8311-LeaderElection121 PRE_VOTE round 0: result REJECTED
2023-08-18 03:36:38,423 [s0@group-E264CA5F8311-LeaderElection121] INFO  server.RaftServer$Division (RaftServerImpl.java:setRole(371)) - s0@group-E264CA5F8311: changes role from CANDIDATE to FOLLOWER at term 1 for REJECTED
2023-08-18 03:36:38,423 [s0@group-E264CA5F8311-LeaderElection121] INFO  impl.RoleInfo (RoleInfo.java:shutdownLeaderElection(129)) - s0: shutdown s0@group-E264CA5F8311-LeaderElection121
2023-08-18 03:36:38,423 [s0@group-E264CA5F8311-LeaderElection121] INFO  impl.RoleInfo (RoleInfo.java:updateAndGet(138)) - s0: start s0@group-E264CA5F8311-FollowerState
2023-08-18 03:36:38,516 [s1-server-thread1] INFO  server.RaftServer$Division (RaftServerImpl.java:setConfigurationAsync(1238)) - s1@group-E264CA5F8311: receive setConfiguration SetConfigurationRequest:client-255CF6B0DA3F->s1@group-E264CA5F8311, cid=386, seq=0, RW, null, SET_UNCONDITIONALLY, servers:[s1|rpc:0.0.0.0:34459|dataStream:|priority:0|startupRole:FOLLOWER, s2|rpc:0.0.0.0:43137|dataStream:|priority:0|startupRole:FOLLOWER, s0|rpc:localhost:39295|admin:localhost:44843|client:localhost:40991|dataStream:localhost:40677|priority:0|startupRole:FOLLOWER], listeners:[]
2023-08-18 03:36:38,620 [s2-server-thread1] INFO  server.RaftServer$Division (RaftServerImpl.java:setConfigurationAsync(1238)) - s2@group-E264CA5F8311: receive setConfiguration SetConfigurationRequest:client-255CF6B0DA3F->s2@group-E264CA5F8311, cid=386, seq=0, RW, null, SET_UNCONDITIONALLY, servers:[s1|rpc:0.0.0.0:34459|dataStream:|priority:0|startupRole:FOLLOWER, s2|rpc:0.0.0.0:43137|dataStream:|priority:0|startupRole:FOLLOWER, s0|rpc:localhost:39295|admin:localhost:44843|client:localhost:40991|dataStream:localhost:40677|priority:0|startupRole:FOLLOWER], listeners:[]
2023-08-18 03:36:38,691 [s0@group-E264CA5F8311-FollowerState] INFO  impl.FollowerState (FollowerState.java:run(143)) - s0@group-E264CA5F8311-FollowerState: change to CANDIDATE, lastRpcElapsedTime:267262637ns, electionTimeout:267ms
2023-08-18 03:36:38,691 [s0@group-E264CA5F8311-FollowerState] INFO  impl.RoleInfo (RoleInfo.java:shutdownFollowerState(109)) - s0: shutdown s0@group-E264CA5F8311-FollowerState
2023-08-18 03:36:38,691 [s0@group-E264CA5F8311-FollowerState] INFO  server.RaftServer$Division (RaftServerImpl.java:setRole(371)) - s0@group-E264CA5F8311: changes role from  FOLLOWER to CANDIDATE at term 1 for changeToCandidate
2023-08-18 03:36:38,691 [s0@group-E264CA5F8311-FollowerState] INFO  server.RaftServerConfigKeys (ConfUtils.java:logGet(46)) - raft.server.leaderelection.pre-vote = true (default)
2023-08-18 03:36:38,691 [s0@group-E264CA5F8311-FollowerState] INFO  impl.RoleInfo (RoleInfo.java:updateAndGet(138)) - s0: start s0@group-E264CA5F8311-LeaderElection122
2023-08-18 03:36:38,691 [s0@group-E264CA5F8311-LeaderElection122] INFO  impl.LeaderElection (LeaderElection.java:askForVotes(320)) - s0@group-E264CA5F8311-LeaderElection122 PRE_VOTE round 0: submit vote requests at term 1 for 255: peers:[s0|rpc:localhost:39295|admin:localhost:44843|client:localhost:40991|dataStream:localhost:40677|priority:0|startupRole:FOLLOWER, s1|rpc:0.0.0.0:34459|dataStream:|priority:0|startupRole:FOLLOWER, s2|rpc:0.0.0.0:43137|dataStream:|priority:0|startupRole:FOLLOWER]|listeners:[], old=peers:[s0|rpc:localhost:39295|admin:localhost:44843|client:localhost:40991|dataStream:localhost:40677|priority:0|startupRole:FOLLOWER]|listeners:[]
2023-08-18 03:36:38,692 [grpc-default-executor-3] INFO  server.RaftServer$Division (RaftServerImpl.java:requestVote(1344)) - s1@group-E264CA5F8311: receive requestVote(PRE_VOTE, s0, group-E264CA5F8311, 1, (t:1, i:255))
2023-08-18 03:36:38,692 [grpc-default-executor-3] WARN  server.GrpcServerProtocolService (LogUtils.java:warn(122)) - s1: Failed requestVote s0->s1#0: org.apache.ratis.protocol.exceptions.ServerNotReadyException: s1@group-E264CA5F8311 is not in [RUNNING]: current state is STARTING
2023-08-18 03:36:38,693 [grpc-default-executor-3] INFO  server.RaftServer$Division (RaftServerImpl.java:requestVote(1344)) - s2@group-E264CA5F8311: receive requestVote(PRE_VOTE, s0, group-E264CA5F8311, 1, (t:1, i:255))
2023-08-18 03:36:38,693 [grpc-default-executor-3] WARN  server.GrpcServerProtocolService (LogUtils.java:warn(122)) - s2: Failed requestVote s0->s2#0: org.apache.ratis.protocol.exceptions.ServerNotReadyException: s2@group-E264CA5F8311 is not in [RUNNING]: current state is STARTING
2023-08-18 03:36:38,693 [s0@group-E264CA5F8311-LeaderElection122] INFO  impl.LeaderElection (LogUtils.java:infoOrTrace(137)) - s0@group-E264CA5F8311-LeaderElection122 got exception when requesting votes: java.util.concurrent.ExecutionException: org.apache.ratis.thirdparty.io.grpc.StatusRuntimeException: INTERNAL: s1@group-E264CA5F8311 is not in [RUNNING]: current state is STARTING
2023-08-18 03:36:38,693 [s0@group-E264CA5F8311-LeaderElection122] INFO  impl.LeaderElection (LogUtils.java:infoOrTrace(137)) - s0@group-E264CA5F8311-LeaderElection122 got exception when requesting votes: java.util.concurrent.ExecutionException: org.apache.ratis.thirdparty.io.grpc.StatusRuntimeException: INTERNAL: s2@group-E264CA5F8311 is not in [RUNNING]: current state is STARTING
2023-08-18 03:36:38,693 [s0@group-E264CA5F8311-LeaderElection122] INFO  impl.LeaderElection (LeaderElection.java:logAndReturn(89)) - s0@group-E264CA5F8311-LeaderElection122: PRE_VOTE REJECTED received 0 response(s) and 2 exception(s):
2023-08-18 03:36:38,693 [s0@group-E264CA5F8311-LeaderElection122] INFO  impl.LeaderElection (LogUtils.java:infoOrTrace(137)) -   Exception 0: java.util.concurrent.ExecutionException: org.apache.ratis.thirdparty.io.grpc.StatusRuntimeException: INTERNAL: s1@group-E264CA5F8311 is not in [RUNNING]: current state is STARTING
2023-08-18 03:36:38,693 [s0@group-E264CA5F8311-LeaderElection122] INFO  impl.LeaderElection (LogUtils.java:infoOrTrace(137)) -   Exception 1: java.util.concurrent.ExecutionException: org.apache.ratis.thirdparty.io.grpc.StatusRuntimeException: INTERNAL: s2@group-E264CA5F8311 is not in [RUNNING]: current state is STARTING
2023-08-18 03:36:38,693 [s0@group-E264CA5F8311-LeaderElection122] INFO  impl.LeaderElection (LeaderElection.java:askForVotes(322)) - s0@group-E264CA5F8311-LeaderElection122 PRE_VOTE round 0: result REJECTED
2023-08-18 03:36:38,693 [s0@group-E264CA5F8311-LeaderElection122] INFO  server.RaftServer$Division (RaftServerImpl.java:setRole(371)) - s0@group-E264CA5F8311: changes role from CANDIDATE to FOLLOWER at term 1 for REJECTED
2023-08-18 03:36:38,693 [s0@group-E264CA5F8311-LeaderElection122] INFO  impl.RoleInfo (RoleInfo.java:shutdownLeaderElection(129)) - s0: shutdown s0@group-E264CA5F8311-LeaderElection122
2023-08-18 03:36:38,693 [s0@group-E264CA5F8311-LeaderElection122] INFO  impl.RoleInfo (RoleInfo.java:updateAndGet(138)) - s0: start s0@group-E264CA5F8311-FollowerState
2023-08-18 03:36:38,725 [s0-server-thread1] INFO  server.RaftServer$Division (RaftServerImpl.java:setConfigurationAsync(1238)) - s0@group-E264CA5F8311: receive setConfiguration SetConfigurationRequest:client-255CF6B0DA3F->s0@group-E264CA5F8311, cid=386, seq=0, RW, null, SET_UNCONDITIONALLY, servers:[s1|rpc:0.0.0.0:34459|dataStream:|priority:0|startupRole:FOLLOWER, s2|rpc:0.0.0.0:43137|dataStream:|priority:0|startupRole:FOLLOWER, s0|rpc:localhost:39295|admin:localhost:44843|client:localhost:40991|dataStream:localhost:40677|priority:0|startupRole:FOLLOWER], listeners:[]
2023-08-18 03:36:38,830 [s2-server-thread1] INFO  server.RaftServer$Division (RaftServerImpl.java:setConfigurationAsync(1238)) - s2@group-E264CA5F8311: receive setConfiguration SetConfigurationRequest:client-255CF6B0DA3F->s2@group-E264CA5F8311, cid=386, seq=0, RW, null, SET_UNCONDITIONALLY, servers:[s1|rpc:0.0.0.0:34459|dataStream:|priority:0|startupRole:FOLLOWER, s2|rpc:0.0.0.0:43137|dataStream:|priority:0|startupRole:FOLLOWER, s0|rpc:localhost:39295|admin:localhost:44843|client:localhost:40991|dataStream:localhost:40677|priority:0|startupRole:FOLLOWER], listeners:[]
2023-08-18 03:36:38,935 [s1-server-thread1] INFO  server.RaftServer$Division (RaftServerImpl.java:setConfigurationAsync(1238)) - s1@group-E264CA5F8311: receive setConfiguration SetConfigurationRequest:client-255CF6B0DA3F->s1@group-E264CA5F8311, cid=386, seq=0, RW, null, SET_UNCONDITIONALLY, servers:[s1|rpc:0.0.0.0:34459|dataStream:|priority:0|startupRole:FOLLOWER, s2|rpc:0.0.0.0:43137|dataStream:|priority:0|startupRole:FOLLOWER, s0|rpc:localhost:39295|admin:localhost:44843|client:localhost:40991|dataStream:localhost:40677|priority:0|startupRole:FOLLOWER], listeners:[]
2023-08-18 03:36:38,939 [s0@group-E264CA5F8311-FollowerState] INFO  impl.FollowerState (FollowerState.java:run(143)) - s0@group-E264CA5F8311-FollowerState: change to CANDIDATE, lastRpcElapsedTime:245247907ns, electionTimeout:245ms
2023-08-18 03:36:38,939 [s0@group-E264CA5F8311-FollowerState] INFO  impl.RoleInfo (RoleInfo.java:shutdownFollowerState(109)) - s0: shutdown s0@group-E264CA5F8311-FollowerState
2023-08-18 03:36:38,939 [s0@group-E264CA5F8311-FollowerState] INFO  server.RaftServer$Division (RaftServerImpl.java:setRole(371)) - s0@group-E264CA5F8311: changes role from  FOLLOWER to CANDIDATE at term 1 for changeToCandidate
2023-08-18 03:36:38,939 [s0@group-E264CA5F8311-FollowerState] INFO  server.RaftServerConfigKeys (ConfUtils.java:logGet(46)) - raft.server.leaderelection.pre-vote = true (default)
2023-08-18 03:36:38,939 [s0@group-E264CA5F8311-FollowerState] INFO  impl.RoleInfo (RoleInfo.java:updateAndGet(138)) - s0: start s0@group-E264CA5F8311-LeaderElection123
2023-08-18 03:36:38,939 [s0@group-E264CA5F8311-LeaderElection123] INFO  impl.LeaderElection (LeaderElection.java:askForVotes(320)) - s0@group-E264CA5F8311-LeaderElection123 PRE_VOTE round 0: submit vote requests at term 1 for 255: peers:[s0|rpc:localhost:39295|admin:localhost:44843|client:localhost:40991|dataStream:localhost:40677|priority:0|startupRole:FOLLOWER, s1|rpc:0.0.0.0:34459|dataStream:|priority:0|startupRole:FOLLOWER, s2|rpc:0.0.0.0:43137|dataStream:|priority:0|startupRole:FOLLOWER]|listeners:[], old=peers:[s0|rpc:localhost:39295|admin:localhost:44843|client:localhost:40991|dataStream:localhost:40677|priority:0|startupRole:FOLLOWER]|listeners:[]
2023-08-18 03:36:38,941 [grpc-default-executor-3] INFO  server.RaftServer$Division (RaftServerImpl.java:requestVote(1344)) - s1@group-E264CA5F8311: receive requestVote(PRE_VOTE, s0, group-E264CA5F8311, 1, (t:1, i:255))
2023-08-18 03:36:38,941 [grpc-default-executor-3] WARN  server.GrpcServerProtocolService (LogUtils.java:warn(122)) - s1: Failed requestVote s0->s1#0: org.apache.ratis.protocol.exceptions.ServerNotReadyException: s1@group-E264CA5F8311 is not in [RUNNING]: current state is STARTING
2023-08-18 03:36:38,941 [grpc-default-executor-0] INFO  server.RaftServer$Division (RaftServerImpl.java:requestVote(1344)) - s2@group-E264CA5F8311: receive requestVote(PRE_VOTE, s0, group-E264CA5F8311, 1, (t:1, i:255))
2023-08-18 03:36:38,941 [grpc-default-executor-0] WARN  server.GrpcServerProtocolService (LogUtils.java:warn(122)) - s2: Failed requestVote s0->s2#0: org.apache.ratis.protocol.exceptions.ServerNotReadyException: s2@group-E264CA5F8311 is not in [RUNNING]: current state is STARTING
2023-08-18 03:36:38,941 [s0@group-E264CA5F8311-LeaderElection123] INFO  impl.LeaderElection (LogUtils.java:infoOrTrace(137)) - s0@group-E264CA5F8311-LeaderElection123 got exception when requesting votes: java.util.concurrent.ExecutionException: org.apache.ratis.thirdparty.io.grpc.StatusRuntimeException: INTERNAL: s1@group-E264CA5F8311 is not in [RUNNING]: current state is STARTING
2023-08-18 03:36:38,942 [s0@group-E264CA5F8311-LeaderElection123] INFO  impl.LeaderElection (LogUtils.java:infoOrTrace(137)) - s0@group-E264CA5F8311-LeaderElection123 got exception when requesting votes: java.util.concurrent.ExecutionException: org.apache.ratis.thirdparty.io.grpc.StatusRuntimeException: INTERNAL: s2@group-E264CA5F8311 is not in [RUNNING]: current state is STARTING
2023-08-18 03:36:38,942 [s0@group-E264CA5F8311-LeaderElection123] INFO  impl.LeaderElection (LeaderElection.java:logAndReturn(89)) - s0@group-E264CA5F8311-LeaderElection123: PRE_VOTE REJECTED received 0 response(s) and 2 exception(s):
2023-08-18 03:36:38,942 [s0@group-E264CA5F8311-LeaderElection123] INFO  impl.LeaderElection (LogUtils.java:infoOrTrace(137)) -   Exception 0: java.util.concurrent.ExecutionException: org.apache.ratis.thirdparty.io.grpc.StatusRuntimeException: INTERNAL: s1@group-E264CA5F8311 is not in [RUNNING]: current state is STARTING
2023-08-18 03:36:38,942 [s0@group-E264CA5F8311-LeaderElection123] INFO  impl.LeaderElection (LogUtils.java:infoOrTrace(137)) -   Exception 1: java.util.concurrent.ExecutionException: org.apache.ratis.thirdparty.io.grpc.StatusRuntimeException: INTERNAL: s2@group-E264CA5F8311 is not in [RUNNING]: current state is STARTING
2023-08-18 03:36:38,942 [s0@group-E264CA5F8311-LeaderElection123] INFO  impl.LeaderElection (LeaderElection.java:askForVotes(322)) - s0@group-E264CA5F8311-LeaderElection123 PRE_VOTE round 0: result REJECTED
2023-08-18 03:36:38,942 [s0@group-E264CA5F8311-LeaderElection123] INFO  server.RaftServer$Division (RaftServerImpl.java:setRole(371)) - s0@group-E264CA5F8311: changes role from CANDIDATE to FOLLOWER at term 1 for REJECTED
2023-08-18 03:36:38,942 [s0@group-E264CA5F8311-LeaderElection123] INFO  impl.RoleInfo (RoleInfo.java:shutdownLeaderElection(129)) - s0: shutdown s0@group-E264CA5F8311-LeaderElection123
2023-08-18 03:36:38,942 [s0@group-E264CA5F8311-LeaderElection123] INFO  impl.RoleInfo (RoleInfo.java:updateAndGet(138)) - s0: start s0@group-E264CA5F8311-FollowerState
2023-08-18 03:36:39,044 [s0-server-thread1] INFO  server.RaftServer$Division (RaftServerImpl.java:setConfigurationAsync(1238)) - s0@group-E264CA5F8311: receive setConfiguration SetConfigurationRequest:client-255CF6B0DA3F->s0@group-E264CA5F8311, cid=386, seq=0, RW, null, SET_UNCONDITIONALLY, servers:[s1|rpc:0.0.0.0:34459|dataStream:|priority:0|startupRole:FOLLOWER, s2|rpc:0.0.0.0:43137|dataStream:|priority:0|startupRole:FOLLOWER, s0|rpc:localhost:39295|admin:localhost:44843|client:localhost:40991|dataStream:localhost:40677|priority:0|startupRole:FOLLOWER], listeners:[]
2023-08-18 03:36:39,151 [s0@group-E264CA5F8311-FollowerState] INFO  impl.FollowerState (FollowerState.java:run(143)) - s0@group-E264CA5F8311-FollowerState: change to CANDIDATE, lastRpcElapsedTime:209245285ns, electionTimeout:208ms
2023-08-18 03:36:39,151 [s0@group-E264CA5F8311-FollowerState] INFO  impl.RoleInfo (RoleInfo.java:shutdownFollowerState(109)) - s0: shutdown s0@group-E264CA5F8311-FollowerState
2023-08-18 03:36:39,151 [s0@group-E264CA5F8311-FollowerState] INFO  server.RaftServer$Division (RaftServerImpl.java:setRole(371)) - s0@group-E264CA5F8311: changes role from  FOLLOWER to CANDIDATE at term 1 for changeToCandidate
2023-08-18 03:36:39,151 [s0@group-E264CA5F8311-FollowerState] INFO  server.RaftServerConfigKeys (ConfUtils.java:logGet(46)) - raft.server.leaderelection.pre-vote = true (default)
2023-08-18 03:36:39,151 [s0@group-E264CA5F8311-FollowerState] INFO  impl.RoleInfo (RoleInfo.java:updateAndGet(138)) - s0: start s0@group-E264CA5F8311-LeaderElection124
2023-08-18 03:36:39,151 [s1-server-thread1] INFO  server.RaftServer$Division (RaftServerImpl.java:setConfigurationAsync(1238)) - s1@group-E264CA5F8311: receive setConfiguration SetConfigurationRequest:client-255CF6B0DA3F->s1@group-E264CA5F8311, cid=386, seq=0, RW, null, SET_UNCONDITIONALLY, servers:[s1|rpc:0.0.0.0:34459|dataStream:|priority:0|startupRole:FOLLOWER, s2|rpc:0.0.0.0:43137|dataStream:|priority:0|startupRole:FOLLOWER, s0|rpc:localhost:39295|admin:localhost:44843|client:localhost:40991|dataStream:localhost:40677|priority:0|startupRole:FOLLOWER], listeners:[]
2023-08-18 03:36:39,152 [s0@group-E264CA5F8311-LeaderElection124] INFO  impl.LeaderElection (LeaderElection.java:askForVotes(320)) - s0@group-E264CA5F8311-LeaderElection124 PRE_VOTE round 0: submit vote requests at term 1 for 255: peers:[s0|rpc:localhost:39295|admin:localhost:44843|client:localhost:40991|dataStream:localhost:40677|priority:0|startupRole:FOLLOWER, s1|rpc:0.0.0.0:34459|dataStream:|priority:0|startupRole:FOLLOWER, s2|rpc:0.0.0.0:43137|dataStream:|priority:0|startupRole:FOLLOWER]|listeners:[], old=peers:[s0|rpc:localhost:39295|admin:localhost:44843|client:localhost:40991|dataStream:localhost:40677|priority:0|startupRole:FOLLOWER]|listeners:[]
2023-08-18 03:36:39,153 [grpc-default-executor-3] INFO  server.RaftServer$Division (RaftServerImpl.java:requestVote(1344)) - s2@group-E264CA5F8311: receive requestVote(PRE_VOTE, s0, group-E264CA5F8311, 1, (t:1, i:255))
2023-08-18 03:36:39,153 [grpc-default-executor-3] WARN  server.GrpcServerProtocolService (LogUtils.java:warn(122)) - s2: Failed requestVote s0->s2#0: org.apache.ratis.protocol.exceptions.ServerNotReadyException: s2@group-E264CA5F8311 is not in [RUNNING]: current state is STARTING
2023-08-18 03:36:39,153 [grpc-default-executor-3] INFO  server.RaftServer$Division (RaftServerImpl.java:requestVote(1344)) - s1@group-E264CA5F8311: receive requestVote(PRE_VOTE, s0, group-E264CA5F8311, 1, (t:1, i:255))
2023-08-18 03:36:39,153 [grpc-default-executor-3] WARN  server.GrpcServerProtocolService (LogUtils.java:warn(122)) - s1: Failed requestVote s0->s1#0: org.apache.ratis.protocol.exceptions.ServerNotReadyException: s1@group-E264CA5F8311 is not in [RUNNING]: current state is STARTING
2023-08-18 03:36:39,155 [s0@group-E264CA5F8311-LeaderElection124] INFO  impl.LeaderElection (LogUtils.java:infoOrTrace(137)) - s0@group-E264CA5F8311-LeaderElection124 got exception when requesting votes: java.util.concurrent.ExecutionException: org.apache.ratis.thirdparty.io.grpc.StatusRuntimeException: INTERNAL: s1@group-E264CA5F8311 is not in [RUNNING]: current state is STARTING
2023-08-18 03:36:39,155 [s0@group-E264CA5F8311-LeaderElection124] INFO  impl.LeaderElection (LogUtils.java:infoOrTrace(137)) - s0@group-E264CA5F8311-LeaderElection124 got exception when requesting votes: java.util.concurrent.ExecutionException: org.apache.ratis.thirdparty.io.grpc.StatusRuntimeException: INTERNAL: s2@group-E264CA5F8311 is not in [RUNNING]: current state is STARTING
2023-08-18 03:36:39,155 [s0@group-E264CA5F8311-LeaderElection124] INFO  impl.LeaderElection (LeaderElection.java:logAndReturn(89)) - s0@group-E264CA5F8311-LeaderElection124: PRE_VOTE REJECTED received 0 response(s) and 2 exception(s):
2023-08-18 03:36:39,155 [s0@group-E264CA5F8311-LeaderElection124] INFO  impl.LeaderElection (LogUtils.java:infoOrTrace(137)) -   Exception 0: java.util.concurrent.ExecutionException: org.apache.ratis.thirdparty.io.grpc.StatusRuntimeException: INTERNAL: s1@group-E264CA5F8311 is not in [RUNNING]: current state is STARTING
2023-08-18 03:36:39,155 [s0@group-E264CA5F8311-LeaderElection124] INFO  impl.LeaderElection (LogUtils.java:infoOrTrace(137)) -   Exception 1: java.util.concurrent.ExecutionException: org.apache.ratis.thirdparty.io.grpc.StatusRuntimeException: INTERNAL: s2@group-E264CA5F8311 is not in [RUNNING]: current state is STARTING
2023-08-18 03:36:39,156 [s0@group-E264CA5F8311-LeaderElection124] INFO  impl.LeaderElection (LeaderElection.java:askForVotes(322)) - s0@group-E264CA5F8311-LeaderElection124 PRE_VOTE round 0: result REJECTED
2023-08-18 03:36:39,156 [s0@group-E264CA5F8311-LeaderElection124] INFO  server.RaftServer$Division (RaftServerImpl.java:setRole(371)) - s0@group-E264CA5F8311: changes role from CANDIDATE to FOLLOWER at term 1 for REJECTED
2023-08-18 03:36:39,156 [s0@group-E264CA5F8311-LeaderElection124] INFO  impl.RoleInfo (RoleInfo.java:shutdownLeaderElection(129)) - s0: shutdown s0@group-E264CA5F8311-LeaderElection124
2023-08-18 03:36:39,156 [s0@group-E264CA5F8311-LeaderElection124] INFO  impl.RoleInfo (RoleInfo.java:updateAndGet(138)) - s0: start s0@group-E264CA5F8311-FollowerState
2023-08-18 03:36:39,256 [s2-server-thread1] INFO  server.RaftServer$Division (RaftServerImpl.java:setConfigurationAsync(1238)) - s2@group-E264CA5F8311: receive setConfiguration SetConfigurationRequest:client-255CF6B0DA3F->s2@group-E264CA5F8311, cid=386, seq=0, RW, null, SET_UNCONDITIONALLY, servers:[s1|rpc:0.0.0.0:34459|dataStream:|priority:0|startupRole:FOLLOWER, s2|rpc:0.0.0.0:43137|dataStream:|priority:0|startupRole:FOLLOWER, s0|rpc:localhost:39295|admin:localhost:44843|client:localhost:40991|dataStream:localhost:40677|priority:0|startupRole:FOLLOWER], listeners:[]
2023-08-18 03:36:39,361 [s0-server-thread1] INFO  server.RaftServer$Division (RaftServerImpl.java:setConfigurationAsync(1238)) - s0@group-E264CA5F8311: receive setConfiguration SetConfigurationRequest:client-255CF6B0DA3F->s0@group-E264CA5F8311, cid=386, seq=0, RW, null, SET_UNCONDITIONALLY, servers:[s1|rpc:0.0.0.0:34459|dataStream:|priority:0|startupRole:FOLLOWER, s2|rpc:0.0.0.0:43137|dataStream:|priority:0|startupRole:FOLLOWER, s0|rpc:localhost:39295|admin:localhost:44843|client:localhost:40991|dataStream:localhost:40677|priority:0|startupRole:FOLLOWER], listeners:[]
2023-08-18 03:36:39,459 [s0@group-E264CA5F8311-FollowerState] INFO  impl.FollowerState (FollowerState.java:run(143)) - s0@group-E264CA5F8311-FollowerState: change to CANDIDATE, lastRpcElapsedTime:303635557ns, electionTimeout:300ms
2023-08-18 03:36:39,459 [s0@group-E264CA5F8311-FollowerState] INFO  impl.RoleInfo (RoleInfo.java:shutdownFollowerState(109)) - s0: shutdown s0@group-E264CA5F8311-FollowerState
2023-08-18 03:36:39,459 [s0@group-E264CA5F8311-FollowerState] INFO  server.RaftServer$Division (RaftServerImpl.java:setRole(371)) - s0@group-E264CA5F8311: changes role from  FOLLOWER to CANDIDATE at term 1 for changeToCandidate
2023-08-18 03:36:39,459 [s0@group-E264CA5F8311-FollowerState] INFO  server.RaftServerConfigKeys (ConfUtils.java:logGet(46)) - raft.server.leaderelection.pre-vote = true (default)
2023-08-18 03:36:39,459 [s0@group-E264CA5F8311-FollowerState] INFO  impl.RoleInfo (RoleInfo.java:updateAndGet(138)) - s0: start s0@group-E264CA5F8311-LeaderElection125
2023-08-18 03:36:39,460 [s0@group-E264CA5F8311-LeaderElection125] INFO  impl.LeaderElection (LeaderElection.java:askForVotes(320)) - s0@group-E264CA5F8311-LeaderElection125 PRE_VOTE round 0: submit vote requests at term 1 for 255: peers:[s0|rpc:localhost:39295|admin:localhost:44843|client:localhost:40991|dataStream:localhost:40677|priority:0|startupRole:FOLLOWER, s1|rpc:0.0.0.0:34459|dataStream:|priority:0|startupRole:FOLLOWER, s2|rpc:0.0.0.0:43137|dataStream:|priority:0|startupRole:FOLLOWER]|listeners:[], old=peers:[s0|rpc:localhost:39295|admin:localhost:44843|client:localhost:40991|dataStream:localhost:40677|priority:0|startupRole:FOLLOWER]|listeners:[]
2023-08-18 03:36:39,461 [grpc-default-executor-3] INFO  server.RaftServer$Division (RaftServerImpl.java:requestVote(1344)) - s1@group-E264CA5F8311: receive requestVote(PRE_VOTE, s0, group-E264CA5F8311, 1, (t:1, i:255))
2023-08-18 03:36:39,461 [grpc-default-executor-0] INFO  server.RaftServer$Division (RaftServerImpl.java:requestVote(1344)) - s2@group-E264CA5F8311: receive requestVote(PRE_VOTE, s0, group-E264CA5F8311, 1, (t:1, i:255))
2023-08-18 03:36:39,461 [grpc-default-executor-3] WARN  server.GrpcServerProtocolService (LogUtils.java:warn(122)) - s1: Failed requestVote s0->s1#0: org.apache.ratis.protocol.exceptions.ServerNotReadyException: s1@group-E264CA5F8311 is not in [RUNNING]: current state is STARTING
2023-08-18 03:36:39,461 [grpc-default-executor-0] WARN  server.GrpcServerProtocolService (LogUtils.java:warn(122)) - s2: Failed requestVote s0->s2#0: org.apache.ratis.protocol.exceptions.ServerNotReadyException: s2@group-E264CA5F8311 is not in [RUNNING]: current state is STARTING
2023-08-18 03:36:39,462 [s0@group-E264CA5F8311-LeaderElection125] INFO  impl.LeaderElection (LogUtils.java:infoOrTrace(137)) - s0@group-E264CA5F8311-LeaderElection125 got exception when requesting votes: java.util.concurrent.ExecutionException: org.apache.ratis.thirdparty.io.grpc.StatusRuntimeException: INTERNAL: s1@group-E264CA5F8311 is not in [RUNNING]: current state is STARTING
2023-08-18 03:36:39,462 [s0@group-E264CA5F8311-LeaderElection125] INFO  impl.LeaderElection (LogUtils.java:infoOrTrace(137)) - s0@group-E264CA5F8311-LeaderElection125 got exception when requesting votes: java.util.concurrent.ExecutionException: org.apache.ratis.thirdparty.io.grpc.StatusRuntimeException: INTERNAL: s2@group-E264CA5F8311 is not in [RUNNING]: current state is STARTING
2023-08-18 03:36:39,462 [s0@group-E264CA5F8311-LeaderElection125] INFO  impl.LeaderElection (LeaderElection.java:logAndReturn(89)) - s0@group-E264CA5F8311-LeaderElection125: PRE_VOTE REJECTED received 0 response(s) and 2 exception(s):
2023-08-18 03:36:39,462 [s0@group-E264CA5F8311-LeaderElection125] INFO  impl.LeaderElection (LogUtils.java:infoOrTrace(137)) -   Exception 0: java.util.concurrent.ExecutionException: org.apache.ratis.thirdparty.io.grpc.StatusRuntimeException: INTERNAL: s1@group-E264CA5F8311 is not in [RUNNING]: current state is STARTING
2023-08-18 03:36:39,462 [s0@group-E264CA5F8311-LeaderElection125] INFO  impl.LeaderElection (LogUtils.java:infoOrTrace(137)) -   Exception 1: java.util.concurrent.ExecutionException: org.apache.ratis.thirdparty.io.grpc.StatusRuntimeException: INTERNAL: s2@group-E264CA5F8311 is not in [RUNNING]: current state is STARTING
2023-08-18 03:36:39,462 [s0@group-E264CA5F8311-LeaderElection125] INFO  impl.LeaderElection (LeaderElection.java:askForVotes(322)) - s0@group-E264CA5F8311-LeaderElection125 PRE_VOTE round 0: result REJECTED
2023-08-18 03:36:39,462 [s0@group-E264CA5F8311-LeaderElection125] INFO  server.RaftServer$Division (RaftServerImpl.java:setRole(371)) - s0@group-E264CA5F8311: changes role from CANDIDATE to FOLLOWER at term 1 for REJECTED
2023-08-18 03:36:39,462 [s0@group-E264CA5F8311-LeaderElection125] INFO  impl.RoleInfo (RoleInfo.java:shutdownLeaderElection(129)) - s0: shutdown s0@group-E264CA5F8311-LeaderElection125
2023-08-18 03:36:39,462 [s0@group-E264CA5F8311-LeaderElection125] INFO  impl.RoleInfo (RoleInfo.java:updateAndGet(138)) - s0: start s0@group-E264CA5F8311-FollowerState
2023-08-18 03:36:39,464 [s1-server-thread1] INFO  server.RaftServer$Division (RaftServerImpl.java:setConfigurationAsync(1238)) - s1@group-E264CA5F8311: receive setConfiguration SetConfigurationRequest:client-255CF6B0DA3F->s1@group-E264CA5F8311, cid=386, seq=0, RW, null, SET_UNCONDITIONALLY, servers:[s1|rpc:0.0.0.0:34459|dataStream:|priority:0|startupRole:FOLLOWER, s2|rpc:0.0.0.0:43137|dataStream:|priority:0|startupRole:FOLLOWER, s0|rpc:localhost:39295|admin:localhost:44843|client:localhost:40991|dataStream:localhost:40677|priority:0|startupRole:FOLLOWER], listeners:[]
2023-08-18 03:36:39,569 [s0-server-thread1] INFO  server.RaftServer$Division (RaftServerImpl.java:setConfigurationAsync(1238)) - s0@group-E264CA5F8311: receive setConfiguration SetConfigurationRequest:client-255CF6B0DA3F->s0@group-E264CA5F8311, cid=386, seq=0, RW, null, SET_UNCONDITIONALLY, servers:[s1|rpc:0.0.0.0:34459|dataStream:|priority:0|startupRole:FOLLOWER, s2|rpc:0.0.0.0:43137|dataStream:|priority:0|startupRole:FOLLOWER, s0|rpc:localhost:39295|admin:localhost:44843|client:localhost:40991|dataStream:localhost:40677|priority:0|startupRole:FOLLOWER], listeners:[]
2023-08-18 03:36:39,673 [s1-server-thread1] INFO  server.RaftServer$Division (RaftServerImpl.java:setConfigurationAsync(1238)) - s1@group-E264CA5F8311: receive setConfiguration SetConfigurationRequest:client-255CF6B0DA3F->s1@group-E264CA5F8311, cid=386, seq=0, RW, null, SET_UNCONDITIONALLY, servers:[s1|rpc:0.0.0.0:34459|dataStream:|priority:0|startupRole:FOLLOWER, s2|rpc:0.0.0.0:43137|dataStream:|priority:0|startupRole:FOLLOWER, s0|rpc:localhost:39295|admin:localhost:44843|client:localhost:40991|dataStream:localhost:40677|priority:0|startupRole:FOLLOWER], listeners:[]
2023-08-18 03:36:39,708 [s0@group-E264CA5F8311-FollowerState] INFO  impl.FollowerState (FollowerState.java:run(143)) - s0@group-E264CA5F8311-FollowerState: change to CANDIDATE, lastRpcElapsedTime:245313906ns, electionTimeout:243ms
2023-08-18 03:36:39,708 [s0@group-E264CA5F8311-FollowerState] INFO  impl.RoleInfo (RoleInfo.java:shutdownFollowerState(109)) - s0: shutdown s0@group-E264CA5F8311-FollowerState
2023-08-18 03:36:39,708 [s0@group-E264CA5F8311-FollowerState] INFO  server.RaftServer$Division (RaftServerImpl.java:setRole(371)) - s0@group-E264CA5F8311: changes role from  FOLLOWER to CANDIDATE at term 1 for changeToCandidate
2023-08-18 03:36:39,708 [s0@group-E264CA5F8311-FollowerState] INFO  server.RaftServerConfigKeys (ConfUtils.java:logGet(46)) - raft.server.leaderelection.pre-vote = true (default)
2023-08-18 03:36:39,708 [s0@group-E264CA5F8311-FollowerState] INFO  impl.RoleInfo (RoleInfo.java:updateAndGet(138)) - s0: start s0@group-E264CA5F8311-LeaderElection126
2023-08-18 03:36:39,708 [s0@group-E264CA5F8311-LeaderElection126] INFO  impl.LeaderElection (LeaderElection.java:askForVotes(320)) - s0@group-E264CA5F8311-LeaderElection126 PRE_VOTE round 0: submit vote requests at term 1 for 255: peers:[s0|rpc:localhost:39295|admin:localhost:44843|client:localhost:40991|dataStream:localhost:40677|priority:0|startupRole:FOLLOWER, s1|rpc:0.0.0.0:34459|dataStream:|priority:0|startupRole:FOLLOWER, s2|rpc:0.0.0.0:43137|dataStream:|priority:0|startupRole:FOLLOWER]|listeners:[], old=peers:[s0|rpc:localhost:39295|admin:localhost:44843|client:localhost:40991|dataStream:localhost:40677|priority:0|startupRole:FOLLOWER]|listeners:[]
2023-08-18 03:36:39,709 [grpc-default-executor-3] INFO  server.RaftServer$Division (RaftServerImpl.java:requestVote(1344)) - s1@group-E264CA5F8311: receive requestVote(PRE_VOTE, s0, group-E264CA5F8311, 1, (t:1, i:255))
2023-08-18 03:36:39,709 [grpc-default-executor-3] WARN  server.GrpcServerProtocolService (LogUtils.java:warn(122)) - s1: Failed requestVote s0->s1#0: org.apache.ratis.protocol.exceptions.ServerNotReadyException: s1@group-E264CA5F8311 is not in [RUNNING]: current state is STARTING
2023-08-18 03:36:39,710 [s0@group-E264CA5F8311-LeaderElection126] INFO  impl.LeaderElection (LogUtils.java:infoOrTrace(137)) - s0@group-E264CA5F8311-LeaderElection126 got exception when requesting votes: java.util.concurrent.ExecutionException: org.apache.ratis.thirdparty.io.grpc.StatusRuntimeException: INTERNAL: s1@group-E264CA5F8311 is not in [RUNNING]: current state is STARTING
2023-08-18 03:36:39,711 [grpc-default-executor-3] INFO  server.RaftServer$Division (RaftServerImpl.java:requestVote(1344)) - s2@group-E264CA5F8311: receive requestVote(PRE_VOTE, s0, group-E264CA5F8311, 1, (t:1, i:255))
2023-08-18 03:36:39,711 [grpc-default-executor-3] WARN  server.GrpcServerProtocolService (LogUtils.java:warn(122)) - s2: Failed requestVote s0->s2#0: org.apache.ratis.protocol.exceptions.ServerNotReadyException: s2@group-E264CA5F8311 is not in [RUNNING]: current state is STARTING
2023-08-18 03:36:39,711 [s0@group-E264CA5F8311-LeaderElection126] INFO  impl.LeaderElection (LogUtils.java:infoOrTrace(137)) - s0@group-E264CA5F8311-LeaderElection126 got exception when requesting votes: java.util.concurrent.ExecutionException: org.apache.ratis.thirdparty.io.grpc.StatusRuntimeException: INTERNAL: s2@group-E264CA5F8311 is not in [RUNNING]: current state is STARTING
2023-08-18 03:36:39,711 [s0@group-E264CA5F8311-LeaderElection126] INFO  impl.LeaderElection (LeaderElection.java:logAndReturn(89)) - s0@group-E264CA5F8311-LeaderElection126: PRE_VOTE REJECTED received 0 response(s) and 2 exception(s):
2023-08-18 03:36:39,711 [s0@group-E264CA5F8311-LeaderElection126] INFO  impl.LeaderElection (LogUtils.java:infoOrTrace(137)) -   Exception 0: java.util.concurrent.ExecutionException: org.apache.ratis.thirdparty.io.grpc.StatusRuntimeException: INTERNAL: s1@group-E264CA5F8311 is not in [RUNNING]: current state is STARTING
2023-08-18 03:36:39,711 [s0@group-E264CA5F8311-LeaderElection126] INFO  impl.LeaderElection (LogUtils.java:infoOrTrace(137)) -   Exception 1: java.util.concurrent.ExecutionException: org.apache.ratis.thirdparty.io.grpc.StatusRuntimeException: INTERNAL: s2@group-E264CA5F8311 is not in [RUNNING]: current state is STARTING
2023-08-18 03:36:39,711 [s0@group-E264CA5F8311-LeaderElection126] INFO  impl.LeaderElection (LeaderElection.java:askForVotes(322)) - s0@group-E264CA5F8311-LeaderElection126 PRE_VOTE round 0: result REJECTED
2023-08-18 03:36:39,711 [s0@group-E264CA5F8311-LeaderElection126] INFO  server.RaftServer$Division (RaftServerImpl.java:setRole(371)) - s0@group-E264CA5F8311: changes role from CANDIDATE to FOLLOWER at term 1 for REJECTED
2023-08-18 03:36:39,711 [s0@group-E264CA5F8311-LeaderElection126] INFO  impl.RoleInfo (RoleInfo.java:shutdownLeaderElection(129)) - s0: shutdown s0@group-E264CA5F8311-LeaderElection126
2023-08-18 03:36:39,711 [s0@group-E264CA5F8311-LeaderElection126] INFO  impl.RoleInfo (RoleInfo.java:updateAndGet(138)) - s0: start s0@group-E264CA5F8311-FollowerState
2023-08-18 03:36:39,777 [s0-server-thread1] INFO  server.RaftServer$Division (RaftServerImpl.java:setConfigurationAsync(1238)) - s0@group-E264CA5F8311: receive setConfiguration SetConfigurationRequest:client-255CF6B0DA3F->s0@group-E264CA5F8311, cid=386, seq=0, RW, null, SET_UNCONDITIONALLY, servers:[s1|rpc:0.0.0.0:34459|dataStream:|priority:0|startupRole:FOLLOWER, s2|rpc:0.0.0.0:43137|dataStream:|priority:0|startupRole:FOLLOWER, s0|rpc:localhost:39295|admin:localhost:44843|client:localhost:40991|dataStream:localhost:40677|priority:0|startupRole:FOLLOWER], listeners:[]
2023-08-18 03:36:39,881 [s1-server-thread1] INFO  server.RaftServer$Division (RaftServerImpl.java:setConfigurationAsync(1238)) - s1@group-E264CA5F8311: receive setConfiguration SetConfigurationRequest:client-255CF6B0DA3F->s1@group-E264CA5F8311, cid=386, seq=0, RW, null, SET_UNCONDITIONALLY, servers:[s1|rpc:0.0.0.0:34459|dataStream:|priority:0|startupRole:FOLLOWER, s2|rpc:0.0.0.0:43137|dataStream:|priority:0|startupRole:FOLLOWER, s0|rpc:localhost:39295|admin:localhost:44843|client:localhost:40991|dataStream:localhost:40677|priority:0|startupRole:FOLLOWER], listeners:[]
2023-08-18 03:36:39,921 [s0@group-E264CA5F8311-FollowerState] INFO  impl.FollowerState (FollowerState.java:run(143)) - s0@group-E264CA5F8311-FollowerState: change to CANDIDATE, lastRpcElapsedTime:209405284ns, electionTimeout:209ms
2023-08-18 03:36:39,921 [s0@group-E264CA5F8311-FollowerState] INFO  impl.RoleInfo (RoleInfo.java:shutdownFollowerState(109)) - s0: shutdown s0@group-E264CA5F8311-FollowerState
2023-08-18 03:36:39,921 [s0@group-E264CA5F8311-FollowerState] INFO  server.RaftServer$Division (RaftServerImpl.java:setRole(371)) - s0@group-E264CA5F8311: changes role from  FOLLOWER to CANDIDATE at term 1 for changeToCandidate
2023-08-18 03:36:39,921 [s0@group-E264CA5F8311-FollowerState] INFO  server.RaftServerConfigKeys (ConfUtils.java:logGet(46)) - raft.server.leaderelection.pre-vote = true (default)
2023-08-18 03:36:39,921 [s0@group-E264CA5F8311-FollowerState] INFO  impl.RoleInfo (RoleInfo.java:updateAndGet(138)) - s0: start s0@group-E264CA5F8311-LeaderElection127
2023-08-18 03:36:39,926 [s0@group-E264CA5F8311-LeaderElection127] INFO  impl.LeaderElection (LeaderElection.java:askForVotes(320)) - s0@group-E264CA5F8311-LeaderElection127 PRE_VOTE round 0: submit vote requests at term 1 for 255: peers:[s0|rpc:localhost:39295|admin:localhost:44843|client:localhost:40991|dataStream:localhost:40677|priority:0|startupRole:FOLLOWER, s1|rpc:0.0.0.0:34459|dataStream:|priority:0|startupRole:FOLLOWER, s2|rpc:0.0.0.0:43137|dataStream:|priority:0|startupRole:FOLLOWER]|listeners:[], old=peers:[s0|rpc:localhost:39295|admin:localhost:44843|client:localhost:40991|dataStream:localhost:40677|priority:0|startupRole:FOLLOWER]|listeners:[]
2023-08-18 03:36:39,927 [grpc-default-executor-3] INFO  server.RaftServer$Division (RaftServerImpl.java:requestVote(1344)) - s1@group-E264CA5F8311: receive requestVote(PRE_VOTE, s0, group-E264CA5F8311, 1, (t:1, i:255))
2023-08-18 03:36:39,928 [grpc-default-executor-3] WARN  server.GrpcServerProtocolService (LogUtils.java:warn(122)) - s1: Failed requestVote s0->s1#0: org.apache.ratis.protocol.exceptions.ServerNotReadyException: s1@group-E264CA5F8311 is not in [RUNNING]: current state is STARTING
2023-08-18 03:36:39,928 [s0@group-E264CA5F8311-LeaderElection127] INFO  impl.LeaderElection (LogUtils.java:infoOrTrace(137)) - s0@group-E264CA5F8311-LeaderElection127 got exception when requesting votes: java.util.concurrent.ExecutionException: org.apache.ratis.thirdparty.io.grpc.StatusRuntimeException: INTERNAL: s1@group-E264CA5F8311 is not in [RUNNING]: current state is STARTING
2023-08-18 03:36:39,929 [grpc-default-executor-3] INFO  server.RaftServer$Division (RaftServerImpl.java:requestVote(1344)) - s2@group-E264CA5F8311: receive requestVote(PRE_VOTE, s0, group-E264CA5F8311, 1, (t:1, i:255))
2023-08-18 03:36:39,929 [grpc-default-executor-3] WARN  server.GrpcServerProtocolService (LogUtils.java:warn(122)) - s2: Failed requestVote s0->s2#0: org.apache.ratis.protocol.exceptions.ServerNotReadyException: s2@group-E264CA5F8311 is not in [RUNNING]: current state is STARTING
2023-08-18 03:36:39,929 [s0@group-E264CA5F8311-LeaderElection127] INFO  impl.LeaderElection (LogUtils.java:infoOrTrace(137)) - s0@group-E264CA5F8311-LeaderElection127 got exception when requesting votes: java.util.concurrent.ExecutionException: org.apache.ratis.thirdparty.io.grpc.StatusRuntimeException: INTERNAL: s2@group-E264CA5F8311 is not in [RUNNING]: current state is STARTING
2023-08-18 03:36:39,929 [s0@group-E264CA5F8311-LeaderElection127] INFO  impl.LeaderElection (LeaderElection.java:logAndReturn(89)) - s0@group-E264CA5F8311-LeaderElection127: PRE_VOTE REJECTED received 0 response(s) and 2 exception(s):
2023-08-18 03:36:39,929 [s0@group-E264CA5F8311-LeaderElection127] INFO  impl.LeaderElection (LogUtils.java:infoOrTrace(137)) -   Exception 0: java.util.concurrent.ExecutionException: org.apache.ratis.thirdparty.io.grpc.StatusRuntimeException: INTERNAL: s1@group-E264CA5F8311 is not in [RUNNING]: current state is STARTING
2023-08-18 03:36:39,929 [s0@group-E264CA5F8311-LeaderElection127] INFO  impl.LeaderElection (LogUtils.java:infoOrTrace(137)) -   Exception 1: java.util.concurrent.ExecutionException: org.apache.ratis.thirdparty.io.grpc.StatusRuntimeException: INTERNAL: s2@group-E264CA5F8311 is not in [RUNNING]: current state is STARTING
2023-08-18 03:36:39,929 [s0@group-E264CA5F8311-LeaderElection127] INFO  impl.LeaderElection (LeaderElection.java:askForVotes(322)) - s0@group-E264CA5F8311-LeaderElection127 PRE_VOTE round 0: result REJECTED
2023-08-18 03:36:39,929 [s0@group-E264CA5F8311-LeaderElection127] INFO  server.RaftServer$Division (RaftServerImpl.java:setRole(371)) - s0@group-E264CA5F8311: changes role from CANDIDATE to FOLLOWER at term 1 for REJECTED
2023-08-18 03:36:39,929 [s0@group-E264CA5F8311-LeaderElection127] INFO  impl.RoleInfo (RoleInfo.java:shutdownLeaderElection(129)) - s0: shutdown s0@group-E264CA5F8311-LeaderElection127
2023-08-18 03:36:39,929 [s0@group-E264CA5F8311-LeaderElection127] INFO  impl.RoleInfo (RoleInfo.java:updateAndGet(138)) - s0: start s0@group-E264CA5F8311-FollowerState
2023-08-18 03:36:39,987 [s0-server-thread1] INFO  server.RaftServer$Division (RaftServerImpl.java:setConfigurationAsync(1238)) - s0@group-E264CA5F8311: receive setConfiguration SetConfigurationRequest:client-255CF6B0DA3F->s0@group-E264CA5F8311, cid=386, seq=0, RW, null, SET_UNCONDITIONALLY, servers:[s1|rpc:0.0.0.0:34459|dataStream:|priority:0|startupRole:FOLLOWER, s2|rpc:0.0.0.0:43137|dataStream:|priority:0|startupRole:FOLLOWER, s0|rpc:localhost:39295|admin:localhost:44843|client:localhost:40991|dataStream:localhost:40677|priority:0|startupRole:FOLLOWER], listeners:[]
2023-08-18 03:36:40,092 [s2-server-thread1] INFO  server.RaftServer$Division (RaftServerImpl.java:setConfigurationAsync(1238)) - s2@group-E264CA5F8311: receive setConfiguration SetConfigurationRequest:client-255CF6B0DA3F->s2@group-E264CA5F8311, cid=386, seq=0, RW, null, SET_UNCONDITIONALLY, servers:[s1|rpc:0.0.0.0:34459|dataStream:|priority:0|startupRole:FOLLOWER, s2|rpc:0.0.0.0:43137|dataStream:|priority:0|startupRole:FOLLOWER, s0|rpc:localhost:39295|admin:localhost:44843|client:localhost:40991|dataStream:localhost:40677|priority:0|startupRole:FOLLOWER], listeners:[]
2023-08-18 03:36:40,134 [s0@group-E264CA5F8311-FollowerState] INFO  impl.FollowerState (FollowerState.java:run(143)) - s0@group-E264CA5F8311-FollowerState: change to CANDIDATE, lastRpcElapsedTime:204426423ns, electionTimeout:204ms
2023-08-18 03:36:40,134 [s0@group-E264CA5F8311-FollowerState] INFO  impl.RoleInfo (RoleInfo.java:shutdownFollowerState(109)) - s0: shutdown s0@group-E264CA5F8311-FollowerState
2023-08-18 03:36:40,134 [s0@group-E264CA5F8311-FollowerState] INFO  server.RaftServer$Division (RaftServerImpl.java:setRole(371)) - s0@group-E264CA5F8311: changes role from  FOLLOWER to CANDIDATE at term 1 for changeToCandidate
2023-08-18 03:36:40,134 [s0@group-E264CA5F8311-FollowerState] INFO  server.RaftServerConfigKeys (ConfUtils.java:logGet(46)) - raft.server.leaderelection.pre-vote = true (default)
2023-08-18 03:36:40,134 [s0@group-E264CA5F8311-FollowerState] INFO  impl.RoleInfo (RoleInfo.java:updateAndGet(138)) - s0: start s0@group-E264CA5F8311-LeaderElection128
2023-08-18 03:36:40,135 [s0@group-E264CA5F8311-LeaderElection128] INFO  impl.LeaderElection (LeaderElection.java:askForVotes(320)) - s0@group-E264CA5F8311-LeaderElection128 PRE_VOTE round 0: submit vote requests at term 1 for 255: peers:[s0|rpc:localhost:39295|admin:localhost:44843|client:localhost:40991|dataStream:localhost:40677|priority:0|startupRole:FOLLOWER, s1|rpc:0.0.0.0:34459|dataStream:|priority:0|startupRole:FOLLOWER, s2|rpc:0.0.0.0:43137|dataStream:|priority:0|startupRole:FOLLOWER]|listeners:[], old=peers:[s0|rpc:localhost:39295|admin:localhost:44843|client:localhost:40991|dataStream:localhost:40677|priority:0|startupRole:FOLLOWER]|listeners:[]
2023-08-18 03:36:40,137 [grpc-default-executor-3] INFO  server.RaftServer$Division (RaftServerImpl.java:requestVote(1344)) - s1@group-E264CA5F8311: receive requestVote(PRE_VOTE, s0, group-E264CA5F8311, 1, (t:1, i:255))
2023-08-18 03:36:40,137 [grpc-default-executor-3] WARN  server.GrpcServerProtocolService (LogUtils.java:warn(122)) - s1: Failed requestVote s0->s1#0: org.apache.ratis.protocol.exceptions.ServerNotReadyException: s1@group-E264CA5F8311 is not in [RUNNING]: current state is STARTING
2023-08-18 03:36:40,138 [grpc-default-executor-0] INFO  server.RaftServer$Division (RaftServerImpl.java:requestVote(1344)) - s2@group-E264CA5F8311: receive requestVote(PRE_VOTE, s0, group-E264CA5F8311, 1, (t:1, i:255))
2023-08-18 03:36:40,138 [grpc-default-executor-0] WARN  server.GrpcServerProtocolService (LogUtils.java:warn(122)) - s2: Failed requestVote s0->s2#0: org.apache.ratis.protocol.exceptions.ServerNotReadyException: s2@group-E264CA5F8311 is not in [RUNNING]: current state is STARTING
2023-08-18 03:36:40,138 [s0@group-E264CA5F8311-LeaderElection128] INFO  impl.LeaderElection (LogUtils.java:infoOrTrace(137)) - s0@group-E264CA5F8311-LeaderElection128 got exception when requesting votes: java.util.concurrent.ExecutionException: org.apache.ratis.thirdparty.io.grpc.StatusRuntimeException: INTERNAL: s1@group-E264CA5F8311 is not in [RUNNING]: current state is STARTING
2023-08-18 03:36:40,138 [s0@group-E264CA5F8311-LeaderElection128] INFO  impl.LeaderElection (LogUtils.java:infoOrTrace(137)) - s0@group-E264CA5F8311-LeaderElection128 got exception when requesting votes: java.util.concurrent.ExecutionException: org.apache.ratis.thirdparty.io.grpc.StatusRuntimeException: INTERNAL: s2@group-E264CA5F8311 is not in [RUNNING]: current state is STARTING
2023-08-18 03:36:40,138 [s0@group-E264CA5F8311-LeaderElection128] INFO  impl.LeaderElection (LeaderElection.java:logAndReturn(89)) - s0@group-E264CA5F8311-LeaderElection128: PRE_VOTE REJECTED received 0 response(s) and 2 exception(s):
2023-08-18 03:36:40,138 [s0@group-E264CA5F8311-LeaderElection128] INFO  impl.LeaderElection (LogUtils.java:infoOrTrace(137)) -   Exception 0: java.util.concurrent.ExecutionException: org.apache.ratis.thirdparty.io.grpc.StatusRuntimeException: INTERNAL: s1@group-E264CA5F8311 is not in [RUNNING]: current state is STARTING
2023-08-18 03:36:40,138 [s0@group-E264CA5F8311-LeaderElection128] INFO  impl.LeaderElection (LogUtils.java:infoOrTrace(137)) -   Exception 1: java.util.concurrent.ExecutionException: org.apache.ratis.thirdparty.io.grpc.StatusRuntimeException: INTERNAL: s2@group-E264CA5F8311 is not in [RUNNING]: current state is STARTING
2023-08-18 03:36:40,138 [s0@group-E264CA5F8311-LeaderElection128] INFO  impl.LeaderElection (LeaderElection.java:askForVotes(322)) - s0@group-E264CA5F8311-LeaderElection128 PRE_VOTE round 0: result REJECTED
2023-08-18 03:36:40,138 [s0@group-E264CA5F8311-LeaderElection128] INFO  server.RaftServer$Division (RaftServerImpl.java:setRole(371)) - s0@group-E264CA5F8311: changes role from CANDIDATE to FOLLOWER at term 1 for REJECTED
2023-08-18 03:36:40,138 [s0@group-E264CA5F8311-LeaderElection128] INFO  impl.RoleInfo (RoleInfo.java:shutdownLeaderElection(129)) - s0: shutdown s0@group-E264CA5F8311-LeaderElection128
2023-08-18 03:36:40,138 [s0@group-E264CA5F8311-LeaderElection128] INFO  impl.RoleInfo (RoleInfo.java:updateAndGet(138)) - s0: start s0@group-E264CA5F8311-FollowerState
2023-08-18 03:36:40,196 [s1-server-thread1] INFO  server.RaftServer$Division (RaftServerImpl.java:setConfigurationAsync(1238)) - s1@group-E264CA5F8311: receive setConfiguration SetConfigurationRequest:client-255CF6B0DA3F->s1@group-E264CA5F8311, cid=386, seq=0, RW, null, SET_UNCONDITIONALLY, servers:[s1|rpc:0.0.0.0:34459|dataStream:|priority:0|startupRole:FOLLOWER, s2|rpc:0.0.0.0:43137|dataStream:|priority:0|startupRole:FOLLOWER, s0|rpc:localhost:39295|admin:localhost:44843|client:localhost:40991|dataStream:localhost:40677|priority:0|startupRole:FOLLOWER], listeners:[]
2023-08-18 03:36:40,301 [s0-server-thread1] INFO  server.RaftServer$Division (RaftServerImpl.java:setConfigurationAsync(1238)) - s0@group-E264CA5F8311: receive setConfiguration SetConfigurationRequest:client-255CF6B0DA3F->s0@group-E264CA5F8311, cid=386, seq=0, RW, null, SET_UNCONDITIONALLY, servers:[s1|rpc:0.0.0.0:34459|dataStream:|priority:0|startupRole:FOLLOWER, s2|rpc:0.0.0.0:43137|dataStream:|priority:0|startupRole:FOLLOWER, s0|rpc:localhost:39295|admin:localhost:44843|client:localhost:40991|dataStream:localhost:40677|priority:0|startupRole:FOLLOWER], listeners:[]
2023-08-18 03:36:40,306 [Timer-2] INFO  impl.MiniRaftCluster (MiniRaftCluster.java:lambda$start$6(349)) - TIMED-PRINT: printing ALL groups
  s0:  RUNNING  FOLLOWER s0@group-E264CA5F8311:t1, leader=null, voted=s0, raftlog=Memoized:s0@group-E264CA5F8311-SegmentedRaftLog:OPENED:c254, conf=255: peers:[s0|rpc:localhost:39295|admin:localhost:44843|client:localhost:40991|dataStream:localhost:40677|priority:0|startupRole:FOLLOWER, s1|rpc:0.0.0.0:34459|dataStream:|priority:0|startupRole:FOLLOWER, s2|rpc:0.0.0.0:43137|dataStream:|priority:0|startupRole:FOLLOWER]|listeners:[], old=peers:[s0|rpc:localhost:39295|admin:localhost:44843|client:localhost:40991|dataStream:localhost:40677|priority:0|startupRole:FOLLOWER]|listeners:[] RUNNING
  s1:  RUNNING  FOLLOWER s1@group-E264CA5F8311:t1, leader=s0, voted=null, raftlog=Memoized:s1@group-E264CA5F8311-SegmentedRaftLog:OPENED:c-1, conf=0: peers:[s0|rpc:localhost:39295|admin:localhost:44843|client:localhost:40991|dataStream:localhost:40677|priority:0|startupRole:FOLLOWER]|listeners:[], old=null STARTING
  s2:  RUNNING  FOLLOWER s2@group-E264CA5F8311:t1, leader=s0, voted=null, raftlog=Memoized:s2@group-E264CA5F8311-SegmentedRaftLog:OPENED:c-1, conf=0: peers:[s0|rpc:localhost:39295|admin:localhost:44843|client:localhost:40991|dataStream:localhost:40677|priority:0|startupRole:FOLLOWER]|listeners:[], old=null STARTING
2023-08-18 03:36:40,375 [s0@group-E264CA5F8311-FollowerState] INFO  impl.FollowerState (FollowerState.java:run(143)) - s0@group-E264CA5F8311-FollowerState: change to CANDIDATE, lastRpcElapsedTime:236447875ns, electionTimeout:236ms
2023-08-18 03:36:40,375 [s0@group-E264CA5F8311-FollowerState] INFO  impl.RoleInfo (RoleInfo.java:shutdownFollowerState(109)) - s0: shutdown s0@group-E264CA5F8311-FollowerState
2023-08-18 03:36:40,375 [s0@group-E264CA5F8311-FollowerState] INFO  server.RaftServer$Division (RaftServerImpl.java:setRole(371)) - s0@group-E264CA5F8311: changes role from  FOLLOWER to CANDIDATE at term 1 for changeToCandidate
2023-08-18 03:36:40,375 [s0@group-E264CA5F8311-FollowerState] INFO  server.RaftServerConfigKeys (ConfUtils.java:logGet(46)) - raft.server.leaderelection.pre-vote = true (default)
2023-08-18 03:36:40,375 [s0@group-E264CA5F8311-FollowerState] INFO  impl.RoleInfo (RoleInfo.java:updateAndGet(138)) - s0: start s0@group-E264CA5F8311-LeaderElection129
2023-08-18 03:36:40,375 [s0@group-E264CA5F8311-LeaderElection129] INFO  impl.LeaderElection (LeaderElection.java:askForVotes(320)) - s0@group-E264CA5F8311-LeaderElection129 PRE_VOTE round 0: submit vote requests at term 1 for 255: peers:[s0|rpc:localhost:39295|admin:localhost:44843|client:localhost:40991|dataStream:localhost:40677|priority:0|startupRole:FOLLOWER, s1|rpc:0.0.0.0:34459|dataStream:|priority:0|startupRole:FOLLOWER, s2|rpc:0.0.0.0:43137|dataStream:|priority:0|startupRole:FOLLOWER]|listeners:[], old=peers:[s0|rpc:localhost:39295|admin:localhost:44843|client:localhost:40991|dataStream:localhost:40677|priority:0|startupRole:FOLLOWER]|listeners:[]
2023-08-18 03:36:40,377 [grpc-default-executor-0] INFO  server.RaftServer$Division (RaftServerImpl.java:requestVote(1344)) - s1@group-E264CA5F8311: receive requestVote(PRE_VOTE, s0, group-E264CA5F8311, 1, (t:1, i:255))
2023-08-18 03:36:40,377 [grpc-default-executor-0] WARN  server.GrpcServerProtocolService (LogUtils.java:warn(122)) - s1: Failed requestVote s0->s1#0: org.apache.ratis.protocol.exceptions.ServerNotReadyException: s1@group-E264CA5F8311 is not in [RUNNING]: current state is STARTING
2023-08-18 03:36:40,377 [s0@group-E264CA5F8311-LeaderElection129] INFO  impl.LeaderElection (LogUtils.java:infoOrTrace(137)) - s0@group-E264CA5F8311-LeaderElection129 got exception when requesting votes: java.util.concurrent.ExecutionException: org.apache.ratis.thirdparty.io.grpc.StatusRuntimeException: INTERNAL: s1@group-E264CA5F8311 is not in [RUNNING]: current state is STARTING
2023-08-18 03:36:40,377 [grpc-default-executor-0] INFO  server.RaftServer$Division (RaftServerImpl.java:requestVote(1344)) - s2@group-E264CA5F8311: receive requestVote(PRE_VOTE, s0, group-E264CA5F8311, 1, (t:1, i:255))
2023-08-18 03:36:40,378 [grpc-default-executor-0] WARN  server.GrpcServerProtocolService (LogUtils.java:warn(122)) - s2: Failed requestVote s0->s2#0: org.apache.ratis.protocol.exceptions.ServerNotReadyException: s2@group-E264CA5F8311 is not in [RUNNING]: current state is STARTING
2023-08-18 03:36:40,378 [s0@group-E264CA5F8311-LeaderElection129] INFO  impl.LeaderElection (LogUtils.java:infoOrTrace(137)) - s0@group-E264CA5F8311-LeaderElection129 got exception when requesting votes: java.util.concurrent.ExecutionException: org.apache.ratis.thirdparty.io.grpc.StatusRuntimeException: INTERNAL: s2@group-E264CA5F8311 is not in [RUNNING]: current state is STARTING
2023-08-18 03:36:40,378 [s0@group-E264CA5F8311-LeaderElection129] INFO  impl.LeaderElection (LeaderElection.java:logAndReturn(89)) - s0@group-E264CA5F8311-LeaderElection129: PRE_VOTE REJECTED received 0 response(s) and 2 exception(s):
2023-08-18 03:36:40,378 [s0@group-E264CA5F8311-LeaderElection129] INFO  impl.LeaderElection (LogUtils.java:infoOrTrace(137)) -   Exception 0: java.util.concurrent.ExecutionException: org.apache.ratis.thirdparty.io.grpc.StatusRuntimeException: INTERNAL: s1@group-E264CA5F8311 is not in [RUNNING]: current state is STARTING
2023-08-18 03:36:40,378 [s0@group-E264CA5F8311-LeaderElection129] INFO  impl.LeaderElection (LogUtils.java:infoOrTrace(137)) -   Exception 1: java.util.concurrent.ExecutionException: org.apache.ratis.thirdparty.io.grpc.StatusRuntimeException: INTERNAL: s2@group-E264CA5F8311 is not in [RUNNING]: current state is STARTING
2023-08-18 03:36:40,378 [s0@group-E264CA5F8311-LeaderElection129] INFO  impl.LeaderElection (LeaderElection.java:askForVotes(322)) - s0@group-E264CA5F8311-LeaderElection129 PRE_VOTE round 0: result REJECTED
2023-08-18 03:36:40,378 [s0@group-E264CA5F8311-LeaderElection129] INFO  server.RaftServer$Division (RaftServerImpl.java:setRole(371)) - s0@group-E264CA5F8311: changes role from CANDIDATE to FOLLOWER at term 1 for REJECTED
2023-08-18 03:36:40,378 [s0@group-E264CA5F8311-LeaderElection129] INFO  impl.RoleInfo (RoleInfo.java:shutdownLeaderElection(129)) - s0: shutdown s0@group-E264CA5F8311-LeaderElection129
2023-08-18 03:36:40,378 [s0@group-E264CA5F8311-LeaderElection129] INFO  impl.RoleInfo (RoleInfo.java:updateAndGet(138)) - s0: start s0@group-E264CA5F8311-FollowerState
2023-08-18 03:36:40,405 [s2-server-thread1] INFO  server.RaftServer$Division (RaftServerImpl.java:setConfigurationAsync(1238)) - s2@group-E264CA5F8311: receive setConfiguration SetConfigurationRequest:client-255CF6B0DA3F->s2@group-E264CA5F8311, cid=386, seq=0, RW, null, SET_UNCONDITIONALLY, servers:[s1|rpc:0.0.0.0:34459|dataStream:|priority:0|startupRole:FOLLOWER, s2|rpc:0.0.0.0:43137|dataStream:|priority:0|startupRole:FOLLOWER, s0|rpc:localhost:39295|admin:localhost:44843|client:localhost:40991|dataStream:localhost:40677|priority:0|startupRole:FOLLOWER], listeners:[]
2023-08-18 03:36:40,509 [s0-server-thread1] INFO  server.RaftServer$Division (RaftServerImpl.java:setConfigurationAsync(1238)) - s0@group-E264CA5F8311: receive setConfiguration SetConfigurationRequest:client-255CF6B0DA3F->s0@group-E264CA5F8311, cid=386, seq=0, RW, null, SET_UNCONDITIONALLY, servers:[s1|rpc:0.0.0.0:34459|dataStream:|priority:0|startupRole:FOLLOWER, s2|rpc:0.0.0.0:43137|dataStream:|priority:0|startupRole:FOLLOWER, s0|rpc:localhost:39295|admin:localhost:44843|client:localhost:40991|dataStream:localhost:40677|priority:0|startupRole:FOLLOWER], listeners:[]
2023-08-18 03:36:40,618 [s1-server-thread1] INFO  server.RaftServer$Division (RaftServerImpl.java:setConfigurationAsync(1238)) - s1@group-E264CA5F8311: receive setConfiguration SetConfigurationRequest:client-255CF6B0DA3F->s1@group-E264CA5F8311, cid=386, seq=0, RW, null, SET_UNCONDITIONALLY, servers:[s1|rpc:0.0.0.0:34459|dataStream:|priority:0|startupRole:FOLLOWER, s2|rpc:0.0.0.0:43137|dataStream:|priority:0|startupRole:FOLLOWER, s0|rpc:localhost:39295|admin:localhost:44843|client:localhost:40991|dataStream:localhost:40677|priority:0|startupRole:FOLLOWER], listeners:[]
2023-08-18 03:36:40,641 [s0@group-E264CA5F8311-FollowerState] INFO  impl.FollowerState (FollowerState.java:run(143)) - s0@group-E264CA5F8311-FollowerState: change to CANDIDATE, lastRpcElapsedTime:263298154ns, electionTimeout:263ms
2023-08-18 03:36:40,642 [s0@group-E264CA5F8311-FollowerState] INFO  impl.RoleInfo (RoleInfo.java:shutdownFollowerState(109)) - s0: shutdown s0@group-E264CA5F8311-FollowerState
2023-08-18 03:36:40,642 [s0@group-E264CA5F8311-FollowerState] INFO  server.RaftServer$Division (RaftServerImpl.java:setRole(371)) - s0@group-E264CA5F8311: changes role from  FOLLOWER to CANDIDATE at term 1 for changeToCandidate
2023-08-18 03:36:40,642 [s0@group-E264CA5F8311-FollowerState] INFO  server.RaftServerConfigKeys (ConfUtils.java:logGet(46)) - raft.server.leaderelection.pre-vote = true (default)
2023-08-18 03:36:40,642 [s0@group-E264CA5F8311-FollowerState] INFO  impl.RoleInfo (RoleInfo.java:updateAndGet(138)) - s0: start s0@group-E264CA5F8311-LeaderElection130
2023-08-18 03:36:40,642 [s0@group-E264CA5F8311-LeaderElection130] INFO  impl.LeaderElection (LeaderElection.java:askForVotes(320)) - s0@group-E264CA5F8311-LeaderElection130 PRE_VOTE round 0: submit vote requests at term 1 for 255: peers:[s0|rpc:localhost:39295|admin:localhost:44843|client:localhost:40991|dataStream:localhost:40677|priority:0|startupRole:FOLLOWER, s1|rpc:0.0.0.0:34459|dataStream:|priority:0|startupRole:FOLLOWER, s2|rpc:0.0.0.0:43137|dataStream:|priority:0|startupRole:FOLLOWER]|listeners:[], old=peers:[s0|rpc:localhost:39295|admin:localhost:44843|client:localhost:40991|dataStream:localhost:40677|priority:0|startupRole:FOLLOWER]|listeners:[]
2023-08-18 03:36:40,643 [grpc-default-executor-0] INFO  server.RaftServer$Division (RaftServerImpl.java:requestVote(1344)) - s1@group-E264CA5F8311: receive requestVote(PRE_VOTE, s0, group-E264CA5F8311, 1, (t:1, i:255))
2023-08-18 03:36:40,643 [grpc-default-executor-0] WARN  server.GrpcServerProtocolService (LogUtils.java:warn(122)) - s1: Failed requestVote s0->s1#0: org.apache.ratis.protocol.exceptions.ServerNotReadyException: s1@group-E264CA5F8311 is not in [RUNNING]: current state is STARTING
2023-08-18 03:36:40,643 [grpc-default-executor-3] INFO  server.RaftServer$Division (RaftServerImpl.java:requestVote(1344)) - s2@group-E264CA5F8311: receive requestVote(PRE_VOTE, s0, group-E264CA5F8311, 1, (t:1, i:255))
2023-08-18 03:36:40,643 [grpc-default-executor-3] WARN  server.GrpcServerProtocolService (LogUtils.java:warn(122)) - s2: Failed requestVote s0->s2#0: org.apache.ratis.protocol.exceptions.ServerNotReadyException: s2@group-E264CA5F8311 is not in [RUNNING]: current state is STARTING
2023-08-18 03:36:40,644 [s0@group-E264CA5F8311-LeaderElection130] INFO  impl.LeaderElection (LogUtils.java:infoOrTrace(137)) - s0@group-E264CA5F8311-LeaderElection130 got exception when requesting votes: java.util.concurrent.ExecutionException: org.apache.ratis.thirdparty.io.grpc.StatusRuntimeException: INTERNAL: s1@group-E264CA5F8311 is not in [RUNNING]: current state is STARTING
2023-08-18 03:36:40,644 [s0@group-E264CA5F8311-LeaderElection130] INFO  impl.LeaderElection (LogUtils.java:infoOrTrace(137)) - s0@group-E264CA5F8311-LeaderElection130 got exception when requesting votes: java.util.concurrent.ExecutionException: org.apache.ratis.thirdparty.io.grpc.StatusRuntimeException: INTERNAL: s2@group-E264CA5F8311 is not in [RUNNING]: current state is STARTING
2023-08-18 03:36:40,644 [s0@group-E264CA5F8311-LeaderElection130] INFO  impl.LeaderElection (LeaderElection.java:logAndReturn(89)) - s0@group-E264CA5F8311-LeaderElection130: PRE_VOTE REJECTED received 0 response(s) and 2 exception(s):
2023-08-18 03:36:40,644 [s0@group-E264CA5F8311-LeaderElection130] INFO  impl.LeaderElection (LogUtils.java:infoOrTrace(137)) -   Exception 0: java.util.concurrent.ExecutionException: org.apache.ratis.thirdparty.io.grpc.StatusRuntimeException: INTERNAL: s1@group-E264CA5F8311 is not in [RUNNING]: current state is STARTING
2023-08-18 03:36:40,645 [s0@group-E264CA5F8311-LeaderElection130] INFO  impl.LeaderElection (LogUtils.java:infoOrTrace(137)) -   Exception 1: java.util.concurrent.ExecutionException: org.apache.ratis.thirdparty.io.grpc.StatusRuntimeException: INTERNAL: s2@group-E264CA5F8311 is not in [RUNNING]: current state is STARTING
2023-08-18 03:36:40,645 [s0@group-E264CA5F8311-LeaderElection130] INFO  impl.LeaderElection (LeaderElection.java:askForVotes(322)) - s0@group-E264CA5F8311-LeaderElection130 PRE_VOTE round 0: result REJECTED
2023-08-18 03:36:40,645 [s0@group-E264CA5F8311-LeaderElection130] INFO  server.RaftServer$Division (RaftServerImpl.java:setRole(371)) - s0@group-E264CA5F8311: changes role from CANDIDATE to FOLLOWER at term 1 for REJECTED
2023-08-18 03:36:40,645 [s0@group-E264CA5F8311-LeaderElection130] INFO  impl.RoleInfo (RoleInfo.java:shutdownLeaderElection(129)) - s0: shutdown s0@group-E264CA5F8311-LeaderElection130
2023-08-18 03:36:40,645 [s0@group-E264CA5F8311-LeaderElection130] INFO  impl.RoleInfo (RoleInfo.java:updateAndGet(138)) - s0: start s0@group-E264CA5F8311-FollowerState
2023-08-18 03:36:40,727 [s0-server-thread1] INFO  server.RaftServer$Division (RaftServerImpl.java:setConfigurationAsync(1238)) - s0@group-E264CA5F8311: receive setConfiguration SetConfigurationRequest:client-255CF6B0DA3F->s0@group-E264CA5F8311, cid=386, seq=0, RW, null, SET_UNCONDITIONALLY, servers:[s1|rpc:0.0.0.0:34459|dataStream:|priority:0|startupRole:FOLLOWER, s2|rpc:0.0.0.0:43137|dataStream:|priority:0|startupRole:FOLLOWER, s0|rpc:localhost:39295|admin:localhost:44843|client:localhost:40991|dataStream:localhost:40677|priority:0|startupRole:FOLLOWER], listeners:[]
2023-08-18 03:36:40,832 [s1-server-thread1] INFO  server.RaftServer$Division (RaftServerImpl.java:setConfigurationAsync(1238)) - s1@group-E264CA5F8311: receive setConfiguration SetConfigurationRequest:client-255CF6B0DA3F->s1@group-E264CA5F8311, cid=386, seq=0, RW, null, SET_UNCONDITIONALLY, servers:[s1|rpc:0.0.0.0:34459|dataStream:|priority:0|startupRole:FOLLOWER, s2|rpc:0.0.0.0:43137|dataStream:|priority:0|startupRole:FOLLOWER, s0|rpc:localhost:39295|admin:localhost:44843|client:localhost:40991|dataStream:localhost:40677|priority:0|startupRole:FOLLOWER], listeners:[]
2023-08-18 03:36:40,877 [s0@group-E264CA5F8311-FollowerState] INFO  impl.FollowerState (FollowerState.java:run(143)) - s0@group-E264CA5F8311-FollowerState: change to CANDIDATE, lastRpcElapsedTime:231882564ns, electionTimeout:231ms
2023-08-18 03:36:40,877 [s0@group-E264CA5F8311-FollowerState] INFO  impl.RoleInfo (RoleInfo.java:shutdownFollowerState(109)) - s0: shutdown s0@group-E264CA5F8311-FollowerState
2023-08-18 03:36:40,877 [s0@group-E264CA5F8311-FollowerState] INFO  server.RaftServer$Division (RaftServerImpl.java:setRole(371)) - s0@group-E264CA5F8311: changes role from  FOLLOWER to CANDIDATE at term 1 for changeToCandidate
2023-08-18 03:36:40,877 [s0@group-E264CA5F8311-FollowerState] INFO  server.RaftServerConfigKeys (ConfUtils.java:logGet(46)) - raft.server.leaderelection.pre-vote = true (default)
2023-08-18 03:36:40,877 [s0@group-E264CA5F8311-FollowerState] INFO  impl.RoleInfo (RoleInfo.java:updateAndGet(138)) - s0: start s0@group-E264CA5F8311-LeaderElection131
2023-08-18 03:36:40,877 [s0@group-E264CA5F8311-LeaderElection131] INFO  impl.LeaderElection (LeaderElection.java:askForVotes(320)) - s0@group-E264CA5F8311-LeaderElection131 PRE_VOTE round 0: submit vote requests at term 1 for 255: peers:[s0|rpc:localhost:39295|admin:localhost:44843|client:localhost:40991|dataStream:localhost:40677|priority:0|startupRole:FOLLOWER, s1|rpc:0.0.0.0:34459|dataStream:|priority:0|startupRole:FOLLOWER, s2|rpc:0.0.0.0:43137|dataStream:|priority:0|startupRole:FOLLOWER]|listeners:[], old=peers:[s0|rpc:localhost:39295|admin:localhost:44843|client:localhost:40991|dataStream:localhost:40677|priority:0|startupRole:FOLLOWER]|listeners:[]
2023-08-18 03:36:40,878 [grpc-default-executor-0] INFO  server.RaftServer$Division (RaftServerImpl.java:requestVote(1344)) - s2@group-E264CA5F8311: receive requestVote(PRE_VOTE, s0, group-E264CA5F8311, 1, (t:1, i:255))
2023-08-18 03:36:40,878 [grpc-default-executor-0] WARN  server.GrpcServerProtocolService (LogUtils.java:warn(122)) - s2: Failed requestVote s0->s2#0: org.apache.ratis.protocol.exceptions.ServerNotReadyException: s2@group-E264CA5F8311 is not in [RUNNING]: current state is STARTING
2023-08-18 03:36:40,879 [s0@group-E264CA5F8311-LeaderElection131] INFO  impl.LeaderElection (LogUtils.java:infoOrTrace(137)) - s0@group-E264CA5F8311-LeaderElection131 got exception when requesting votes: java.util.concurrent.ExecutionException: org.apache.ratis.thirdparty.io.grpc.StatusRuntimeException: INTERNAL: s2@group-E264CA5F8311 is not in [RUNNING]: current state is STARTING
2023-08-18 03:36:40,879 [grpc-default-executor-0] INFO  server.RaftServer$Division (RaftServerImpl.java:requestVote(1344)) - s1@group-E264CA5F8311: receive requestVote(PRE_VOTE, s0, group-E264CA5F8311, 1, (t:1, i:255))
2023-08-18 03:36:40,879 [grpc-default-executor-0] WARN  server.GrpcServerProtocolService (LogUtils.java:warn(122)) - s1: Failed requestVote s0->s1#0: org.apache.ratis.protocol.exceptions.ServerNotReadyException: s1@group-E264CA5F8311 is not in [RUNNING]: current state is STARTING
2023-08-18 03:36:40,880 [s0@group-E264CA5F8311-LeaderElection131] INFO  impl.LeaderElection (LogUtils.java:infoOrTrace(137)) - s0@group-E264CA5F8311-LeaderElection131 got exception when requesting votes: java.util.concurrent.ExecutionException: org.apache.ratis.thirdparty.io.grpc.StatusRuntimeException: INTERNAL: s1@group-E264CA5F8311 is not in [RUNNING]: current state is STARTING
2023-08-18 03:36:40,880 [s0@group-E264CA5F8311-LeaderElection131] INFO  impl.LeaderElection (LeaderElection.java:logAndReturn(89)) - s0@group-E264CA5F8311-LeaderElection131: PRE_VOTE REJECTED received 0 response(s) and 2 exception(s):
2023-08-18 03:36:40,880 [s0@group-E264CA5F8311-LeaderElection131] INFO  impl.LeaderElection (LogUtils.java:infoOrTrace(137)) -   Exception 0: java.util.concurrent.ExecutionException: org.apache.ratis.thirdparty.io.grpc.StatusRuntimeException: INTERNAL: s2@group-E264CA5F8311 is not in [RUNNING]: current state is STARTING
2023-08-18 03:36:40,880 [s0@group-E264CA5F8311-LeaderElection131] INFO  impl.LeaderElection (LogUtils.java:infoOrTrace(137)) -   Exception 1: java.util.concurrent.ExecutionException: org.apache.ratis.thirdparty.io.grpc.StatusRuntimeException: INTERNAL: s1@group-E264CA5F8311 is not in [RUNNING]: current state is STARTING
2023-08-18 03:36:40,880 [s0@group-E264CA5F8311-LeaderElection131] INFO  impl.LeaderElection (LeaderElection.java:askForVotes(322)) - s0@group-E264CA5F8311-LeaderElection131 PRE_VOTE round 0: result REJECTED
2023-08-18 03:36:40,880 [s0@group-E264CA5F8311-LeaderElection131] INFO  server.RaftServer$Division (RaftServerImpl.java:setRole(371)) - s0@group-E264CA5F8311: changes role from CANDIDATE to FOLLOWER at term 1 for REJECTED
2023-08-18 03:36:40,880 [s0@group-E264CA5F8311-LeaderElection131] INFO  impl.RoleInfo (RoleInfo.java:shutdownLeaderElection(129)) - s0: shutdown s0@group-E264CA5F8311-LeaderElection131
2023-08-18 03:36:40,880 [s0@group-E264CA5F8311-LeaderElection131] INFO  impl.RoleInfo (RoleInfo.java:updateAndGet(138)) - s0: start s0@group-E264CA5F8311-FollowerState
2023-08-18 03:36:40,936 [s0-server-thread1] INFO  server.RaftServer$Division (RaftServerImpl.java:setConfigurationAsync(1238)) - s0@group-E264CA5F8311: receive setConfiguration SetConfigurationRequest:client-255CF6B0DA3F->s0@group-E264CA5F8311, cid=386, seq=0, RW, null, SET_UNCONDITIONALLY, servers:[s1|rpc:0.0.0.0:34459|dataStream:|priority:0|startupRole:FOLLOWER, s2|rpc:0.0.0.0:43137|dataStream:|priority:0|startupRole:FOLLOWER, s0|rpc:localhost:39295|admin:localhost:44843|client:localhost:40991|dataStream:localhost:40677|priority:0|startupRole:FOLLOWER], listeners:[]
2023-08-18 03:36:41,042 [s1-server-thread1] INFO  server.RaftServer$Division (RaftServerImpl.java:setConfigurationAsync(1238)) - s1@group-E264CA5F8311: receive setConfiguration SetConfigurationRequest:client-255CF6B0DA3F->s1@group-E264CA5F8311, cid=386, seq=0, RW, null, SET_UNCONDITIONALLY, servers:[s1|rpc:0.0.0.0:34459|dataStream:|priority:0|startupRole:FOLLOWER, s2|rpc:0.0.0.0:43137|dataStream:|priority:0|startupRole:FOLLOWER, s0|rpc:localhost:39295|admin:localhost:44843|client:localhost:40991|dataStream:localhost:40677|priority:0|startupRole:FOLLOWER], listeners:[]
2023-08-18 03:36:41,066 [s0@group-E264CA5F8311-FollowerState] INFO  impl.FollowerState (FollowerState.java:run(143)) - s0@group-E264CA5F8311-FollowerState: change to CANDIDATE, lastRpcElapsedTime:185850729ns, electionTimeout:183ms
2023-08-18 03:36:41,066 [s0@group-E264CA5F8311-FollowerState] INFO  impl.RoleInfo (RoleInfo.java:shutdownFollowerState(109)) - s0: shutdown s0@group-E264CA5F8311-FollowerState
2023-08-18 03:36:41,066 [s0@group-E264CA5F8311-FollowerState] INFO  server.RaftServer$Division (RaftServerImpl.java:setRole(371)) - s0@group-E264CA5F8311: changes role from  FOLLOWER to CANDIDATE at term 1 for changeToCandidate
2023-08-18 03:36:41,066 [s0@group-E264CA5F8311-FollowerState] INFO  server.RaftServerConfigKeys (ConfUtils.java:logGet(46)) - raft.server.leaderelection.pre-vote = true (default)
2023-08-18 03:36:41,066 [s0@group-E264CA5F8311-FollowerState] INFO  impl.RoleInfo (RoleInfo.java:updateAndGet(138)) - s0: start s0@group-E264CA5F8311-LeaderElection132
2023-08-18 03:36:41,067 [s0@group-E264CA5F8311-LeaderElection132] INFO  impl.LeaderElection (LeaderElection.java:askForVotes(320)) - s0@group-E264CA5F8311-LeaderElection132 PRE_VOTE round 0: submit vote requests at term 1 for 255: peers:[s0|rpc:localhost:39295|admin:localhost:44843|client:localhost:40991|dataStream:localhost:40677|priority:0|startupRole:FOLLOWER, s1|rpc:0.0.0.0:34459|dataStream:|priority:0|startupRole:FOLLOWER, s2|rpc:0.0.0.0:43137|dataStream:|priority:0|startupRole:FOLLOWER]|listeners:[], old=peers:[s0|rpc:localhost:39295|admin:localhost:44843|client:localhost:40991|dataStream:localhost:40677|priority:0|startupRole:FOLLOWER]|listeners:[]
2023-08-18 03:36:41,067 [grpc-default-executor-0] INFO  server.RaftServer$Division (RaftServerImpl.java:requestVote(1344)) - s1@group-E264CA5F8311: receive requestVote(PRE_VOTE, s0, group-E264CA5F8311, 1, (t:1, i:255))
2023-08-18 03:36:41,068 [grpc-default-executor-0] WARN  server.GrpcServerProtocolService (LogUtils.java:warn(122)) - s1: Failed requestVote s0->s1#0: org.apache.ratis.protocol.exceptions.ServerNotReadyException: s1@group-E264CA5F8311 is not in [RUNNING]: current state is STARTING
2023-08-18 03:36:41,069 [grpc-default-executor-0] INFO  server.RaftServer$Division (RaftServerImpl.java:requestVote(1344)) - s2@group-E264CA5F8311: receive requestVote(PRE_VOTE, s0, group-E264CA5F8311, 1, (t:1, i:255))
2023-08-18 03:36:41,069 [grpc-default-executor-0] WARN  server.GrpcServerProtocolService (LogUtils.java:warn(122)) - s2: Failed requestVote s0->s2#0: org.apache.ratis.protocol.exceptions.ServerNotReadyException: s2@group-E264CA5F8311 is not in [RUNNING]: current state is STARTING
2023-08-18 03:36:41,069 [s0@group-E264CA5F8311-LeaderElection132] INFO  impl.LeaderElection (LogUtils.java:infoOrTrace(137)) - s0@group-E264CA5F8311-LeaderElection132 got exception when requesting votes: java.util.concurrent.ExecutionException: org.apache.ratis.thirdparty.io.grpc.StatusRuntimeException: INTERNAL: s1@group-E264CA5F8311 is not in [RUNNING]: current state is STARTING
2023-08-18 03:36:41,070 [s0@group-E264CA5F8311-LeaderElection132] INFO  impl.LeaderElection (LogUtils.java:infoOrTrace(137)) - s0@group-E264CA5F8311-LeaderElection132 got exception when requesting votes: java.util.concurrent.ExecutionException: org.apache.ratis.thirdparty.io.grpc.StatusRuntimeException: INTERNAL: s2@group-E264CA5F8311 is not in [RUNNING]: current state is STARTING
2023-08-18 03:36:41,070 [s0@group-E264CA5F8311-LeaderElection132] INFO  impl.LeaderElection (LeaderElection.java:logAndReturn(89)) - s0@group-E264CA5F8311-LeaderElection132: PRE_VOTE REJECTED received 0 response(s) and 2 exception(s):
2023-08-18 03:36:41,070 [s0@group-E264CA5F8311-LeaderElection132] INFO  impl.LeaderElection (LogUtils.java:infoOrTrace(137)) -   Exception 0: java.util.concurrent.ExecutionException: org.apache.ratis.thirdparty.io.grpc.StatusRuntimeException: INTERNAL: s1@group-E264CA5F8311 is not in [RUNNING]: current state is STARTING
2023-08-18 03:36:41,070 [s0@group-E264CA5F8311-LeaderElection132] INFO  impl.LeaderElection (LogUtils.java:infoOrTrace(137)) -   Exception 1: java.util.concurrent.ExecutionException: org.apache.ratis.thirdparty.io.grpc.StatusRuntimeException: INTERNAL: s2@group-E264CA5F8311 is not in [RUNNING]: current state is STARTING
2023-08-18 03:36:41,070 [s0@group-E264CA5F8311-LeaderElection132] INFO  impl.LeaderElection (LeaderElection.java:askForVotes(322)) - s0@group-E264CA5F8311-LeaderElection132 PRE_VOTE round 0: result REJECTED
2023-08-18 03:36:41,070 [s0@group-E264CA5F8311-LeaderElection132] INFO  server.RaftServer$Division (RaftServerImpl.java:setRole(371)) - s0@group-E264CA5F8311: changes role from CANDIDATE to FOLLOWER at term 1 for REJECTED
2023-08-18 03:36:41,070 [s0@group-E264CA5F8311-LeaderElection132] INFO  impl.RoleInfo (RoleInfo.java:shutdownLeaderElection(129)) - s0: shutdown s0@group-E264CA5F8311-LeaderElection132
2023-08-18 03:36:41,070 [s0@group-E264CA5F8311-LeaderElection132] INFO  impl.RoleInfo (RoleInfo.java:updateAndGet(138)) - s0: start s0@group-E264CA5F8311-FollowerState
2023-08-18 03:36:41,146 [s2-server-thread1] INFO  server.RaftServer$Division (RaftServerImpl.java:setConfigurationAsync(1238)) - s2@group-E264CA5F8311: receive setConfiguration SetConfigurationRequest:client-255CF6B0DA3F->s2@group-E264CA5F8311, cid=386, seq=0, RW, null, SET_UNCONDITIONALLY, servers:[s1|rpc:0.0.0.0:34459|dataStream:|priority:0|startupRole:FOLLOWER, s2|rpc:0.0.0.0:43137|dataStream:|priority:0|startupRole:FOLLOWER, s0|rpc:localhost:39295|admin:localhost:44843|client:localhost:40991|dataStream:localhost:40677|priority:0|startupRole:FOLLOWER], listeners:[]
2023-08-18 03:36:41,253 [s0-server-thread1] INFO  server.RaftServer$Division (RaftServerImpl.java:setConfigurationAsync(1238)) - s0@group-E264CA5F8311: receive setConfiguration SetConfigurationRequest:client-255CF6B0DA3F->s0@group-E264CA5F8311, cid=386, seq=0, RW, null, SET_UNCONDITIONALLY, servers:[s1|rpc:0.0.0.0:34459|dataStream:|priority:0|startupRole:FOLLOWER, s2|rpc:0.0.0.0:43137|dataStream:|priority:0|startupRole:FOLLOWER, s0|rpc:localhost:39295|admin:localhost:44843|client:localhost:40991|dataStream:localhost:40677|priority:0|startupRole:FOLLOWER], listeners:[]
2023-08-18 03:36:41,256 [s0@group-E264CA5F8311-FollowerState] INFO  impl.FollowerState (FollowerState.java:run(143)) - s0@group-E264CA5F8311-FollowerState: change to CANDIDATE, lastRpcElapsedTime:186367524ns, electionTimeout:186ms
2023-08-18 03:36:41,256 [s0@group-E264CA5F8311-FollowerState] INFO  impl.RoleInfo (RoleInfo.java:shutdownFollowerState(109)) - s0: shutdown s0@group-E264CA5F8311-FollowerState
2023-08-18 03:36:41,256 [s0@group-E264CA5F8311-FollowerState] INFO  server.RaftServer$Division (RaftServerImpl.java:setRole(371)) - s0@group-E264CA5F8311: changes role from  FOLLOWER to CANDIDATE at term 1 for changeToCandidate
2023-08-18 03:36:41,256 [s0@group-E264CA5F8311-FollowerState] INFO  server.RaftServerConfigKeys (ConfUtils.java:logGet(46)) - raft.server.leaderelection.pre-vote = true (default)
2023-08-18 03:36:41,256 [s0@group-E264CA5F8311-FollowerState] INFO  impl.RoleInfo (RoleInfo.java:updateAndGet(138)) - s0: start s0@group-E264CA5F8311-LeaderElection133
2023-08-18 03:36:41,257 [s0@group-E264CA5F8311-LeaderElection133] INFO  impl.LeaderElection (LeaderElection.java:askForVotes(320)) - s0@group-E264CA5F8311-LeaderElection133 PRE_VOTE round 0: submit vote requests at term 1 for 255: peers:[s0|rpc:localhost:39295|admin:localhost:44843|client:localhost:40991|dataStream:localhost:40677|priority:0|startupRole:FOLLOWER, s1|rpc:0.0.0.0:34459|dataStream:|priority:0|startupRole:FOLLOWER, s2|rpc:0.0.0.0:43137|dataStream:|priority:0|startupRole:FOLLOWER]|listeners:[], old=peers:[s0|rpc:localhost:39295|admin:localhost:44843|client:localhost:40991|dataStream:localhost:40677|priority:0|startupRole:FOLLOWER]|listeners:[]
2023-08-18 03:36:41,257 [grpc-default-executor-0] INFO  server.RaftServer$Division (RaftServerImpl.java:requestVote(1344)) - s1@group-E264CA5F8311: receive requestVote(PRE_VOTE, s0, group-E264CA5F8311, 1, (t:1, i:255))
2023-08-18 03:36:41,257 [grpc-default-executor-0] WARN  server.GrpcServerProtocolService (LogUtils.java:warn(122)) - s1: Failed requestVote s0->s1#0: org.apache.ratis.protocol.exceptions.ServerNotReadyException: s1@group-E264CA5F8311 is not in [RUNNING]: current state is STARTING
2023-08-18 03:36:41,259 [grpc-default-executor-3] INFO  server.RaftServer$Division (RaftServerImpl.java:requestVote(1344)) - s2@group-E264CA5F8311: receive requestVote(PRE_VOTE, s0, group-E264CA5F8311, 1, (t:1, i:255))
2023-08-18 03:36:41,259 [grpc-default-executor-3] WARN  server.GrpcServerProtocolService (LogUtils.java:warn(122)) - s2: Failed requestVote s0->s2#0: org.apache.ratis.protocol.exceptions.ServerNotReadyException: s2@group-E264CA5F8311 is not in [RUNNING]: current state is STARTING
2023-08-18 03:36:41,259 [s0@group-E264CA5F8311-LeaderElection133] INFO  impl.LeaderElection (LogUtils.java:infoOrTrace(137)) - s0@group-E264CA5F8311-LeaderElection133 got exception when requesting votes: java.util.concurrent.ExecutionException: org.apache.ratis.thirdparty.io.grpc.StatusRuntimeException: INTERNAL: s1@group-E264CA5F8311 is not in [RUNNING]: current state is STARTING
2023-08-18 03:36:41,259 [s0@group-E264CA5F8311-LeaderElection133] INFO  impl.LeaderElection (LogUtils.java:infoOrTrace(137)) - s0@group-E264CA5F8311-LeaderElection133 got exception when requesting votes: java.util.concurrent.ExecutionException: org.apache.ratis.thirdparty.io.grpc.StatusRuntimeException: INTERNAL: s2@group-E264CA5F8311 is not in [RUNNING]: current state is STARTING
2023-08-18 03:36:41,259 [s0@group-E264CA5F8311-LeaderElection133] INFO  impl.LeaderElection (LeaderElection.java:logAndReturn(89)) - s0@group-E264CA5F8311-LeaderElection133: PRE_VOTE REJECTED received 0 response(s) and 2 exception(s):
2023-08-18 03:36:41,259 [s0@group-E264CA5F8311-LeaderElection133] INFO  impl.LeaderElection (LogUtils.java:infoOrTrace(137)) -   Exception 0: java.util.concurrent.ExecutionException: org.apache.ratis.thirdparty.io.grpc.StatusRuntimeException: INTERNAL: s1@group-E264CA5F8311 is not in [RUNNING]: current state is STARTING
2023-08-18 03:36:41,260 [s0@group-E264CA5F8311-LeaderElection133] INFO  impl.LeaderElection (LogUtils.java:infoOrTrace(137)) -   Exception 1: java.util.concurrent.ExecutionException: org.apache.ratis.thirdparty.io.grpc.StatusRuntimeException: INTERNAL: s2@group-E264CA5F8311 is not in [RUNNING]: current state is STARTING
2023-08-18 03:36:41,260 [s0@group-E264CA5F8311-LeaderElection133] INFO  impl.LeaderElection (LeaderElection.java:askForVotes(322)) - s0@group-E264CA5F8311-LeaderElection133 PRE_VOTE round 0: result REJECTED
2023-08-18 03:36:41,260 [s0@group-E264CA5F8311-LeaderElection133] INFO  server.RaftServer$Division (RaftServerImpl.java:setRole(371)) - s0@group-E264CA5F8311: changes role from CANDIDATE to FOLLOWER at term 1 for REJECTED
2023-08-18 03:36:41,260 [s0@group-E264CA5F8311-LeaderElection133] INFO  impl.RoleInfo (RoleInfo.java:shutdownLeaderElection(129)) - s0: shutdown s0@group-E264CA5F8311-LeaderElection133
2023-08-18 03:36:41,260 [s0@group-E264CA5F8311-LeaderElection133] INFO  impl.RoleInfo (RoleInfo.java:updateAndGet(138)) - s0: start s0@group-E264CA5F8311-FollowerState
2023-08-18 03:36:41,357 [s2-server-thread1] INFO  server.RaftServer$Division (RaftServerImpl.java:setConfigurationAsync(1238)) - s2@group-E264CA5F8311: receive setConfiguration SetConfigurationRequest:client-255CF6B0DA3F->s2@group-E264CA5F8311, cid=386, seq=0, RW, null, SET_UNCONDITIONALLY, servers:[s1|rpc:0.0.0.0:34459|dataStream:|priority:0|startupRole:FOLLOWER, s2|rpc:0.0.0.0:43137|dataStream:|priority:0|startupRole:FOLLOWER, s0|rpc:localhost:39295|admin:localhost:44843|client:localhost:40991|dataStream:localhost:40677|priority:0|startupRole:FOLLOWER], listeners:[]
2023-08-18 03:36:41,424 [s0@group-E264CA5F8311-FollowerState] INFO  impl.FollowerState (FollowerState.java:run(143)) - s0@group-E264CA5F8311-FollowerState: change to CANDIDATE, lastRpcElapsedTime:164070601ns, electionTimeout:163ms
2023-08-18 03:36:41,424 [s0@group-E264CA5F8311-FollowerState] INFO  impl.RoleInfo (RoleInfo.java:shutdownFollowerState(109)) - s0: shutdown s0@group-E264CA5F8311-FollowerState
2023-08-18 03:36:41,424 [s0@group-E264CA5F8311-FollowerState] INFO  server.RaftServer$Division (RaftServerImpl.java:setRole(371)) - s0@group-E264CA5F8311: changes role from  FOLLOWER to CANDIDATE at term 1 for changeToCandidate
2023-08-18 03:36:41,424 [s0@group-E264CA5F8311-FollowerState] INFO  server.RaftServerConfigKeys (ConfUtils.java:logGet(46)) - raft.server.leaderelection.pre-vote = true (default)
2023-08-18 03:36:41,424 [s0@group-E264CA5F8311-FollowerState] INFO  impl.RoleInfo (RoleInfo.java:updateAndGet(138)) - s0: start s0@group-E264CA5F8311-LeaderElection134
2023-08-18 03:36:41,424 [s0@group-E264CA5F8311-LeaderElection134] INFO  impl.LeaderElection (LeaderElection.java:askForVotes(320)) - s0@group-E264CA5F8311-LeaderElection134 PRE_VOTE round 0: submit vote requests at term 1 for 255: peers:[s0|rpc:localhost:39295|admin:localhost:44843|client:localhost:40991|dataStream:localhost:40677|priority:0|startupRole:FOLLOWER, s1|rpc:0.0.0.0:34459|dataStream:|priority:0|startupRole:FOLLOWER, s2|rpc:0.0.0.0:43137|dataStream:|priority:0|startupRole:FOLLOWER]|listeners:[], old=peers:[s0|rpc:localhost:39295|admin:localhost:44843|client:localhost:40991|dataStream:localhost:40677|priority:0|startupRole:FOLLOWER]|listeners:[]
2023-08-18 03:36:41,425 [grpc-default-executor-3] INFO  server.RaftServer$Division (RaftServerImpl.java:requestVote(1344)) - s1@group-E264CA5F8311: receive requestVote(PRE_VOTE, s0, group-E264CA5F8311, 1, (t:1, i:255))
2023-08-18 03:36:41,425 [grpc-default-executor-3] WARN  server.GrpcServerProtocolService (LogUtils.java:warn(122)) - s1: Failed requestVote s0->s1#0: org.apache.ratis.protocol.exceptions.ServerNotReadyException: s1@group-E264CA5F8311 is not in [RUNNING]: current state is STARTING
2023-08-18 03:36:41,426 [grpc-default-executor-3] INFO  server.RaftServer$Division (RaftServerImpl.java:requestVote(1344)) - s2@group-E264CA5F8311: receive requestVote(PRE_VOTE, s0, group-E264CA5F8311, 1, (t:1, i:255))
2023-08-18 03:36:41,426 [grpc-default-executor-3] WARN  server.GrpcServerProtocolService (LogUtils.java:warn(122)) - s2: Failed requestVote s0->s2#0: org.apache.ratis.protocol.exceptions.ServerNotReadyException: s2@group-E264CA5F8311 is not in [RUNNING]: current state is STARTING
2023-08-18 03:36:41,426 [s0@group-E264CA5F8311-LeaderElection134] INFO  impl.LeaderElection (LogUtils.java:infoOrTrace(137)) - s0@group-E264CA5F8311-LeaderElection134 got exception when requesting votes: java.util.concurrent.ExecutionException: org.apache.ratis.thirdparty.io.grpc.StatusRuntimeException: INTERNAL: s1@group-E264CA5F8311 is not in [RUNNING]: current state is STARTING
2023-08-18 03:36:41,426 [s0@group-E264CA5F8311-LeaderElection134] INFO  impl.LeaderElection (LogUtils.java:infoOrTrace(137)) - s0@group-E264CA5F8311-LeaderElection134 got exception when requesting votes: java.util.concurrent.ExecutionException: org.apache.ratis.thirdparty.io.grpc.StatusRuntimeException: INTERNAL: s2@group-E264CA5F8311 is not in [RUNNING]: current state is STARTING
2023-08-18 03:36:41,426 [s0@group-E264CA5F8311-LeaderElection134] INFO  impl.LeaderElection (LeaderElection.java:logAndReturn(89)) - s0@group-E264CA5F8311-LeaderElection134: PRE_VOTE REJECTED received 0 response(s) and 2 exception(s):
2023-08-18 03:36:41,426 [s0@group-E264CA5F8311-LeaderElection134] INFO  impl.LeaderElection (LogUtils.java:infoOrTrace(137)) -   Exception 0: java.util.concurrent.ExecutionException: org.apache.ratis.thirdparty.io.grpc.StatusRuntimeException: INTERNAL: s1@group-E264CA5F8311 is not in [RUNNING]: current state is STARTING
2023-08-18 03:36:41,426 [s0@group-E264CA5F8311-LeaderElection134] INFO  impl.LeaderElection (LogUtils.java:infoOrTrace(137)) -   Exception 1: java.util.concurrent.ExecutionException: org.apache.ratis.thirdparty.io.grpc.StatusRuntimeException: INTERNAL: s2@group-E264CA5F8311 is not in [RUNNING]: current state is STARTING
2023-08-18 03:36:41,426 [s0@group-E264CA5F8311-LeaderElection134] INFO  impl.LeaderElection (LeaderElection.java:askForVotes(322)) - s0@group-E264CA5F8311-LeaderElection134 PRE_VOTE round 0: result REJECTED
2023-08-18 03:36:41,426 [s0@group-E264CA5F8311-LeaderElection134] INFO  server.RaftServer$Division (RaftServerImpl.java:setRole(371)) - s0@group-E264CA5F8311: changes role from CANDIDATE to FOLLOWER at term 1 for REJECTED
2023-08-18 03:36:41,426 [s0@group-E264CA5F8311-LeaderElection134] INFO  impl.RoleInfo (RoleInfo.java:shutdownLeaderElection(129)) - s0: shutdown s0@group-E264CA5F8311-LeaderElection134
2023-08-18 03:36:41,426 [s0@group-E264CA5F8311-LeaderElection134] INFO  impl.RoleInfo (RoleInfo.java:updateAndGet(138)) - s0: start s0@group-E264CA5F8311-FollowerState
2023-08-18 03:36:41,462 [s0-server-thread1] INFO  server.RaftServer$Division (RaftServerImpl.java:setConfigurationAsync(1238)) - s0@group-E264CA5F8311: receive setConfiguration SetConfigurationRequest:client-255CF6B0DA3F->s0@group-E264CA5F8311, cid=386, seq=0, RW, null, SET_UNCONDITIONALLY, servers:[s1|rpc:0.0.0.0:34459|dataStream:|priority:0|startupRole:FOLLOWER, s2|rpc:0.0.0.0:43137|dataStream:|priority:0|startupRole:FOLLOWER, s0|rpc:localhost:39295|admin:localhost:44843|client:localhost:40991|dataStream:localhost:40677|priority:0|startupRole:FOLLOWER], listeners:[]
2023-08-18 03:36:41,567 [s2-server-thread1] INFO  server.RaftServer$Division (RaftServerImpl.java:setConfigurationAsync(1238)) - s2@group-E264CA5F8311: receive setConfiguration SetConfigurationRequest:client-255CF6B0DA3F->s2@group-E264CA5F8311, cid=386, seq=0, RW, null, SET_UNCONDITIONALLY, servers:[s1|rpc:0.0.0.0:34459|dataStream:|priority:0|startupRole:FOLLOWER, s2|rpc:0.0.0.0:43137|dataStream:|priority:0|startupRole:FOLLOWER, s0|rpc:localhost:39295|admin:localhost:44843|client:localhost:40991|dataStream:localhost:40677|priority:0|startupRole:FOLLOWER], listeners:[]
2023-08-18 03:36:41,671 [s1-server-thread1] INFO  server.RaftServer$Division (RaftServerImpl.java:setConfigurationAsync(1238)) - s1@group-E264CA5F8311: receive setConfiguration SetConfigurationRequest:client-255CF6B0DA3F->s1@group-E264CA5F8311, cid=386, seq=0, RW, null, SET_UNCONDITIONALLY, servers:[s1|rpc:0.0.0.0:34459|dataStream:|priority:0|startupRole:FOLLOWER, s2|rpc:0.0.0.0:43137|dataStream:|priority:0|startupRole:FOLLOWER, s0|rpc:localhost:39295|admin:localhost:44843|client:localhost:40991|dataStream:localhost:40677|priority:0|startupRole:FOLLOWER], listeners:[]
2023-08-18 03:36:41,710 [s0@group-E264CA5F8311-FollowerState] INFO  impl.FollowerState (FollowerState.java:run(143)) - s0@group-E264CA5F8311-FollowerState: change to CANDIDATE, lastRpcElapsedTime:283437256ns, electionTimeout:283ms
2023-08-18 03:36:41,710 [s0@group-E264CA5F8311-FollowerState] INFO  impl.RoleInfo (RoleInfo.java:shutdownFollowerState(109)) - s0: shutdown s0@group-E264CA5F8311-FollowerState
2023-08-18 03:36:41,710 [s0@group-E264CA5F8311-FollowerState] INFO  server.RaftServer$Division (RaftServerImpl.java:setRole(371)) - s0@group-E264CA5F8311: changes role from  FOLLOWER to CANDIDATE at term 1 for changeToCandidate
2023-08-18 03:36:41,710 [s0@group-E264CA5F8311-FollowerState] INFO  server.RaftServerConfigKeys (ConfUtils.java:logGet(46)) - raft.server.leaderelection.pre-vote = true (default)
2023-08-18 03:36:41,710 [s0@group-E264CA5F8311-FollowerState] INFO  impl.RoleInfo (RoleInfo.java:updateAndGet(138)) - s0: start s0@group-E264CA5F8311-LeaderElection135
2023-08-18 03:36:41,710 [s0@group-E264CA5F8311-LeaderElection135] INFO  impl.LeaderElection (LeaderElection.java:askForVotes(320)) - s0@group-E264CA5F8311-LeaderElection135 PRE_VOTE round 0: submit vote requests at term 1 for 255: peers:[s0|rpc:localhost:39295|admin:localhost:44843|client:localhost:40991|dataStream:localhost:40677|priority:0|startupRole:FOLLOWER, s1|rpc:0.0.0.0:34459|dataStream:|priority:0|startupRole:FOLLOWER, s2|rpc:0.0.0.0:43137|dataStream:|priority:0|startupRole:FOLLOWER]|listeners:[], old=peers:[s0|rpc:localhost:39295|admin:localhost:44843|client:localhost:40991|dataStream:localhost:40677|priority:0|startupRole:FOLLOWER]|listeners:[]
2023-08-18 03:36:41,711 [grpc-default-executor-0] INFO  server.RaftServer$Division (RaftServerImpl.java:requestVote(1344)) - s1@group-E264CA5F8311: receive requestVote(PRE_VOTE, s0, group-E264CA5F8311, 1, (t:1, i:255))
2023-08-18 03:36:41,711 [grpc-default-executor-0] WARN  server.GrpcServerProtocolService (LogUtils.java:warn(122)) - s1: Failed requestVote s0->s1#0: org.apache.ratis.protocol.exceptions.ServerNotReadyException: s1@group-E264CA5F8311 is not in [RUNNING]: current state is STARTING
2023-08-18 03:36:41,712 [grpc-default-executor-3] INFO  server.RaftServer$Division (RaftServerImpl.java:requestVote(1344)) - s2@group-E264CA5F8311: receive requestVote(PRE_VOTE, s0, group-E264CA5F8311, 1, (t:1, i:255))
2023-08-18 03:36:41,712 [grpc-default-executor-3] WARN  server.GrpcServerProtocolService (LogUtils.java:warn(122)) - s2: Failed requestVote s0->s2#0: org.apache.ratis.protocol.exceptions.ServerNotReadyException: s2@group-E264CA5F8311 is not in [RUNNING]: current state is STARTING
2023-08-18 03:36:41,712 [s0@group-E264CA5F8311-LeaderElection135] INFO  impl.LeaderElection (LogUtils.java:infoOrTrace(137)) - s0@group-E264CA5F8311-LeaderElection135 got exception when requesting votes: java.util.concurrent.ExecutionException: org.apache.ratis.thirdparty.io.grpc.StatusRuntimeException: INTERNAL: s1@group-E264CA5F8311 is not in [RUNNING]: current state is STARTING
2023-08-18 03:36:41,714 [s0@group-E264CA5F8311-LeaderElection135] INFO  impl.LeaderElection (LogUtils.java:infoOrTrace(137)) - s0@group-E264CA5F8311-LeaderElection135 got exception when requesting votes: java.util.concurrent.ExecutionException: org.apache.ratis.thirdparty.io.grpc.StatusRuntimeException: INTERNAL: s2@group-E264CA5F8311 is not in [RUNNING]: current state is STARTING
2023-08-18 03:36:41,714 [s0@group-E264CA5F8311-LeaderElection135] INFO  impl.LeaderElection (LeaderElection.java:logAndReturn(89)) - s0@group-E264CA5F8311-LeaderElection135: PRE_VOTE REJECTED received 0 response(s) and 2 exception(s):
2023-08-18 03:36:41,714 [s0@group-E264CA5F8311-LeaderElection135] INFO  impl.LeaderElection (LogUtils.java:infoOrTrace(137)) -   Exception 0: java.util.concurrent.ExecutionException: org.apache.ratis.thirdparty.io.grpc.StatusRuntimeException: INTERNAL: s1@group-E264CA5F8311 is not in [RUNNING]: current state is STARTING
2023-08-18 03:36:41,714 [s0@group-E264CA5F8311-LeaderElection135] INFO  impl.LeaderElection (LogUtils.java:infoOrTrace(137)) -   Exception 1: java.util.concurrent.ExecutionException: org.apache.ratis.thirdparty.io.grpc.StatusRuntimeException: INTERNAL: s2@group-E264CA5F8311 is not in [RUNNING]: current state is STARTING
2023-08-18 03:36:41,714 [s0@group-E264CA5F8311-LeaderElection135] INFO  impl.LeaderElection (LeaderElection.java:askForVotes(322)) - s0@group-E264CA5F8311-LeaderElection135 PRE_VOTE round 0: result REJECTED
2023-08-18 03:36:41,714 [s0@group-E264CA5F8311-LeaderElection135] INFO  server.RaftServer$Division (RaftServerImpl.java:setRole(371)) - s0@group-E264CA5F8311: changes role from CANDIDATE to FOLLOWER at term 1 for REJECTED
2023-08-18 03:36:41,714 [s0@group-E264CA5F8311-LeaderElection135] INFO  impl.RoleInfo (RoleInfo.java:shutdownLeaderElection(129)) - s0: shutdown s0@group-E264CA5F8311-LeaderElection135
2023-08-18 03:36:41,714 [s0@group-E264CA5F8311-LeaderElection135] INFO  impl.RoleInfo (RoleInfo.java:updateAndGet(138)) - s0: start s0@group-E264CA5F8311-FollowerState
2023-08-18 03:36:41,780 [s0-server-thread1] INFO  server.RaftServer$Division (RaftServerImpl.java:setConfigurationAsync(1238)) - s0@group-E264CA5F8311: receive setConfiguration SetConfigurationRequest:client-255CF6B0DA3F->s0@group-E264CA5F8311, cid=386, seq=0, RW, null, SET_UNCONDITIONALLY, servers:[s1|rpc:0.0.0.0:34459|dataStream:|priority:0|startupRole:FOLLOWER, s2|rpc:0.0.0.0:43137|dataStream:|priority:0|startupRole:FOLLOWER, s0|rpc:localhost:39295|admin:localhost:44843|client:localhost:40991|dataStream:localhost:40677|priority:0|startupRole:FOLLOWER], listeners:[]
2023-08-18 03:36:41,884 [s2-server-thread1] INFO  server.RaftServer$Division (RaftServerImpl.java:setConfigurationAsync(1238)) - s2@group-E264CA5F8311: receive setConfiguration SetConfigurationRequest:client-255CF6B0DA3F->s2@group-E264CA5F8311, cid=386, seq=0, RW, null, SET_UNCONDITIONALLY, servers:[s1|rpc:0.0.0.0:34459|dataStream:|priority:0|startupRole:FOLLOWER, s2|rpc:0.0.0.0:43137|dataStream:|priority:0|startupRole:FOLLOWER, s0|rpc:localhost:39295|admin:localhost:44843|client:localhost:40991|dataStream:localhost:40677|priority:0|startupRole:FOLLOWER], listeners:[]
2023-08-18 03:36:41,958 [s0@group-E264CA5F8311-FollowerState] INFO  impl.FollowerState (FollowerState.java:run(143)) - s0@group-E264CA5F8311-FollowerState: change to CANDIDATE, lastRpcElapsedTime:243451572ns, electionTimeout:243ms
2023-08-18 03:36:41,958 [s0@group-E264CA5F8311-FollowerState] INFO  impl.RoleInfo (RoleInfo.java:shutdownFollowerState(109)) - s0: shutdown s0@group-E264CA5F8311-FollowerState
2023-08-18 03:36:41,958 [s0@group-E264CA5F8311-FollowerState] INFO  server.RaftServer$Division (RaftServerImpl.java:setRole(371)) - s0@group-E264CA5F8311: changes role from  FOLLOWER to CANDIDATE at term 1 for changeToCandidate
2023-08-18 03:36:41,958 [s0@group-E264CA5F8311-FollowerState] INFO  server.RaftServerConfigKeys (ConfUtils.java:logGet(46)) - raft.server.leaderelection.pre-vote = true (default)
2023-08-18 03:36:41,958 [s0@group-E264CA5F8311-FollowerState] INFO  impl.RoleInfo (RoleInfo.java:updateAndGet(138)) - s0: start s0@group-E264CA5F8311-LeaderElection136
2023-08-18 03:36:41,958 [s0@group-E264CA5F8311-LeaderElection136] INFO  impl.LeaderElection (LeaderElection.java:askForVotes(320)) - s0@group-E264CA5F8311-LeaderElection136 PRE_VOTE round 0: submit vote requests at term 1 for 255: peers:[s0|rpc:localhost:39295|admin:localhost:44843|client:localhost:40991|dataStream:localhost:40677|priority:0|startupRole:FOLLOWER, s1|rpc:0.0.0.0:34459|dataStream:|priority:0|startupRole:FOLLOWER, s2|rpc:0.0.0.0:43137|dataStream:|priority:0|startupRole:FOLLOWER]|listeners:[], old=peers:[s0|rpc:localhost:39295|admin:localhost:44843|client:localhost:40991|dataStream:localhost:40677|priority:0|startupRole:FOLLOWER]|listeners:[]
2023-08-18 03:36:41,960 [grpc-default-executor-0] INFO  server.RaftServer$Division (RaftServerImpl.java:requestVote(1344)) - s1@group-E264CA5F8311: receive requestVote(PRE_VOTE, s0, group-E264CA5F8311, 1, (t:1, i:255))
2023-08-18 03:36:41,960 [grpc-default-executor-0] WARN  server.GrpcServerProtocolService (LogUtils.java:warn(122)) - s1: Failed requestVote s0->s1#0: org.apache.ratis.protocol.exceptions.ServerNotReadyException: s1@group-E264CA5F8311 is not in [RUNNING]: current state is STARTING
2023-08-18 03:36:41,960 [grpc-default-executor-0] INFO  server.RaftServer$Division (RaftServerImpl.java:requestVote(1344)) - s2@group-E264CA5F8311: receive requestVote(PRE_VOTE, s0, group-E264CA5F8311, 1, (t:1, i:255))
2023-08-18 03:36:41,960 [grpc-default-executor-0] WARN  server.GrpcServerProtocolService (LogUtils.java:warn(122)) - s2: Failed requestVote s0->s2#0: org.apache.ratis.protocol.exceptions.ServerNotReadyException: s2@group-E264CA5F8311 is not in [RUNNING]: current state is STARTING
2023-08-18 03:36:41,960 [s0@group-E264CA5F8311-LeaderElection136] INFO  impl.LeaderElection (LogUtils.java:infoOrTrace(137)) - s0@group-E264CA5F8311-LeaderElection136 got exception when requesting votes: java.util.concurrent.ExecutionException: org.apache.ratis.thirdparty.io.grpc.StatusRuntimeException: INTERNAL: s1@group-E264CA5F8311 is not in [RUNNING]: current state is STARTING
2023-08-18 03:36:41,961 [s0@group-E264CA5F8311-LeaderElection136] INFO  impl.LeaderElection (LogUtils.java:infoOrTrace(137)) - s0@group-E264CA5F8311-LeaderElection136 got exception when requesting votes: java.util.concurrent.ExecutionException: org.apache.ratis.thirdparty.io.grpc.StatusRuntimeException: INTERNAL: s2@group-E264CA5F8311 is not in [RUNNING]: current state is STARTING
2023-08-18 03:36:41,961 [s0@group-E264CA5F8311-LeaderElection136] INFO  impl.LeaderElection (LeaderElection.java:logAndReturn(89)) - s0@group-E264CA5F8311-LeaderElection136: PRE_VOTE REJECTED received 0 response(s) and 2 exception(s):
2023-08-18 03:36:41,961 [s0@group-E264CA5F8311-LeaderElection136] INFO  impl.LeaderElection (LogUtils.java:infoOrTrace(137)) -   Exception 0: java.util.concurrent.ExecutionException: org.apache.ratis.thirdparty.io.grpc.StatusRuntimeException: INTERNAL: s1@group-E264CA5F8311 is not in [RUNNING]: current state is STARTING
2023-08-18 03:36:41,961 [s0@group-E264CA5F8311-LeaderElection136] INFO  impl.LeaderElection (LogUtils.java:infoOrTrace(137)) -   Exception 1: java.util.concurrent.ExecutionException: org.apache.ratis.thirdparty.io.grpc.StatusRuntimeException: INTERNAL: s2@group-E264CA5F8311 is not in [RUNNING]: current state is STARTING
2023-08-18 03:36:41,961 [s0@group-E264CA5F8311-LeaderElection136] INFO  impl.LeaderElection (LeaderElection.java:askForVotes(322)) - s0@group-E264CA5F8311-LeaderElection136 PRE_VOTE round 0: result REJECTED
2023-08-18 03:36:41,961 [s0@group-E264CA5F8311-LeaderElection136] INFO  server.RaftServer$Division (RaftServerImpl.java:setRole(371)) - s0@group-E264CA5F8311: changes role from CANDIDATE to FOLLOWER at term 1 for REJECTED
2023-08-18 03:36:41,961 [s0@group-E264CA5F8311-LeaderElection136] INFO  impl.RoleInfo (RoleInfo.java:shutdownLeaderElection(129)) - s0: shutdown s0@group-E264CA5F8311-LeaderElection136
2023-08-18 03:36:41,961 [s0@group-E264CA5F8311-LeaderElection136] INFO  impl.RoleInfo (RoleInfo.java:updateAndGet(138)) - s0: start s0@group-E264CA5F8311-FollowerState
2023-08-18 03:36:41,988 [s1-server-thread1] INFO  server.RaftServer$Division (RaftServerImpl.java:setConfigurationAsync(1238)) - s1@group-E264CA5F8311: receive setConfiguration SetConfigurationRequest:client-255CF6B0DA3F->s1@group-E264CA5F8311, cid=386, seq=0, RW, null, SET_UNCONDITIONALLY, servers:[s1|rpc:0.0.0.0:34459|dataStream:|priority:0|startupRole:FOLLOWER, s2|rpc:0.0.0.0:43137|dataStream:|priority:0|startupRole:FOLLOWER, s0|rpc:localhost:39295|admin:localhost:44843|client:localhost:40991|dataStream:localhost:40677|priority:0|startupRole:FOLLOWER], listeners:[]
2023-08-18 03:36:42,092 [s0-server-thread1] INFO  server.RaftServer$Division (RaftServerImpl.java:setConfigurationAsync(1238)) - s0@group-E264CA5F8311: receive setConfiguration SetConfigurationRequest:client-255CF6B0DA3F->s0@group-E264CA5F8311, cid=386, seq=0, RW, null, SET_UNCONDITIONALLY, servers:[s1|rpc:0.0.0.0:34459|dataStream:|priority:0|startupRole:FOLLOWER, s2|rpc:0.0.0.0:43137|dataStream:|priority:0|startupRole:FOLLOWER, s0|rpc:localhost:39295|admin:localhost:44843|client:localhost:40991|dataStream:localhost:40677|priority:0|startupRole:FOLLOWER], listeners:[]
2023-08-18 03:36:42,121 [s0@group-E264CA5F8311-FollowerState] INFO  impl.FollowerState (FollowerState.java:run(143)) - s0@group-E264CA5F8311-FollowerState: change to CANDIDATE, lastRpcElapsedTime:160343430ns, electionTimeout:160ms
2023-08-18 03:36:42,121 [s0@group-E264CA5F8311-FollowerState] INFO  impl.RoleInfo (RoleInfo.java:shutdownFollowerState(109)) - s0: shutdown s0@group-E264CA5F8311-FollowerState
2023-08-18 03:36:42,121 [s0@group-E264CA5F8311-FollowerState] INFO  server.RaftServer$Division (RaftServerImpl.java:setRole(371)) - s0@group-E264CA5F8311: changes role from  FOLLOWER to CANDIDATE at term 1 for changeToCandidate
2023-08-18 03:36:42,121 [s0@group-E264CA5F8311-FollowerState] INFO  server.RaftServerConfigKeys (ConfUtils.java:logGet(46)) - raft.server.leaderelection.pre-vote = true (default)
2023-08-18 03:36:42,121 [s0@group-E264CA5F8311-FollowerState] INFO  impl.RoleInfo (RoleInfo.java:updateAndGet(138)) - s0: start s0@group-E264CA5F8311-LeaderElection137
2023-08-18 03:36:42,122 [s0@group-E264CA5F8311-LeaderElection137] INFO  impl.LeaderElection (LeaderElection.java:askForVotes(320)) - s0@group-E264CA5F8311-LeaderElection137 PRE_VOTE round 0: submit vote requests at term 1 for 255: peers:[s0|rpc:localhost:39295|admin:localhost:44843|client:localhost:40991|dataStream:localhost:40677|priority:0|startupRole:FOLLOWER, s1|rpc:0.0.0.0:34459|dataStream:|priority:0|startupRole:FOLLOWER, s2|rpc:0.0.0.0:43137|dataStream:|priority:0|startupRole:FOLLOWER]|listeners:[], old=peers:[s0|rpc:localhost:39295|admin:localhost:44843|client:localhost:40991|dataStream:localhost:40677|priority:0|startupRole:FOLLOWER]|listeners:[]
2023-08-18 03:36:42,123 [grpc-default-executor-0] INFO  server.RaftServer$Division (RaftServerImpl.java:requestVote(1344)) - s2@group-E264CA5F8311: receive requestVote(PRE_VOTE, s0, group-E264CA5F8311, 1, (t:1, i:255))
2023-08-18 03:36:42,123 [grpc-default-executor-3] INFO  server.RaftServer$Division (RaftServerImpl.java:requestVote(1344)) - s1@group-E264CA5F8311: receive requestVote(PRE_VOTE, s0, group-E264CA5F8311, 1, (t:1, i:255))
2023-08-18 03:36:42,123 [grpc-default-executor-3] WARN  server.GrpcServerProtocolService (LogUtils.java:warn(122)) - s1: Failed requestVote s0->s1#0: org.apache.ratis.protocol.exceptions.ServerNotReadyException: s1@group-E264CA5F8311 is not in [RUNNING]: current state is STARTING
2023-08-18 03:36:42,123 [grpc-default-executor-0] WARN  server.GrpcServerProtocolService (LogUtils.java:warn(122)) - s2: Failed requestVote s0->s2#0: org.apache.ratis.protocol.exceptions.ServerNotReadyException: s2@group-E264CA5F8311 is not in [RUNNING]: current state is STARTING
2023-08-18 03:36:42,123 [s0@group-E264CA5F8311-LeaderElection137] INFO  impl.LeaderElection (LogUtils.java:infoOrTrace(137)) - s0@group-E264CA5F8311-LeaderElection137 got exception when requesting votes: java.util.concurrent.ExecutionException: org.apache.ratis.thirdparty.io.grpc.StatusRuntimeException: INTERNAL: s1@group-E264CA5F8311 is not in [RUNNING]: current state is STARTING
2023-08-18 03:36:42,124 [s0@group-E264CA5F8311-LeaderElection137] INFO  impl.LeaderElection (LogUtils.java:infoOrTrace(137)) - s0@group-E264CA5F8311-LeaderElection137 got exception when requesting votes: java.util.concurrent.ExecutionException: org.apache.ratis.thirdparty.io.grpc.StatusRuntimeException: INTERNAL: s2@group-E264CA5F8311 is not in [RUNNING]: current state is STARTING
2023-08-18 03:36:42,124 [s0@group-E264CA5F8311-LeaderElection137] INFO  impl.LeaderElection (LeaderElection.java:logAndReturn(89)) - s0@group-E264CA5F8311-LeaderElection137: PRE_VOTE REJECTED received 0 response(s) and 2 exception(s):
2023-08-18 03:36:42,124 [s0@group-E264CA5F8311-LeaderElection137] INFO  impl.LeaderElection (LogUtils.java:infoOrTrace(137)) -   Exception 0: java.util.concurrent.ExecutionException: org.apache.ratis.thirdparty.io.grpc.StatusRuntimeException: INTERNAL: s1@group-E264CA5F8311 is not in [RUNNING]: current state is STARTING
2023-08-18 03:36:42,124 [s0@group-E264CA5F8311-LeaderElection137] INFO  impl.LeaderElection (LogUtils.java:infoOrTrace(137)) -   Exception 1: java.util.concurrent.ExecutionException: org.apache.ratis.thirdparty.io.grpc.StatusRuntimeException: INTERNAL: s2@group-E264CA5F8311 is not in [RUNNING]: current state is STARTING
2023-08-18 03:36:42,124 [s0@group-E264CA5F8311-LeaderElection137] INFO  impl.LeaderElection (LeaderElection.java:askForVotes(322)) - s0@group-E264CA5F8311-LeaderElection137 PRE_VOTE round 0: result REJECTED
2023-08-18 03:36:42,124 [s0@group-E264CA5F8311-LeaderElection137] INFO  server.RaftServer$Division (RaftServerImpl.java:setRole(371)) - s0@group-E264CA5F8311: changes role from CANDIDATE to FOLLOWER at term 1 for REJECTED
2023-08-18 03:36:42,124 [s0@group-E264CA5F8311-LeaderElection137] INFO  impl.RoleInfo (RoleInfo.java:shutdownLeaderElection(129)) - s0: shutdown s0@group-E264CA5F8311-LeaderElection137
2023-08-18 03:36:42,124 [s0@group-E264CA5F8311-LeaderElection137] INFO  impl.RoleInfo (RoleInfo.java:updateAndGet(138)) - s0: start s0@group-E264CA5F8311-FollowerState
2023-08-18 03:36:42,198 [s1-server-thread1] INFO  server.RaftServer$Division (RaftServerImpl.java:setConfigurationAsync(1238)) - s1@group-E264CA5F8311: receive setConfiguration SetConfigurationRequest:client-255CF6B0DA3F->s1@group-E264CA5F8311, cid=386, seq=0, RW, null, SET_UNCONDITIONALLY, servers:[s1|rpc:0.0.0.0:34459|dataStream:|priority:0|startupRole:FOLLOWER, s2|rpc:0.0.0.0:43137|dataStream:|priority:0|startupRole:FOLLOWER, s0|rpc:localhost:39295|admin:localhost:44843|client:localhost:40991|dataStream:localhost:40677|priority:0|startupRole:FOLLOWER], listeners:[]
2023-08-18 03:36:42,303 [s0-server-thread1] INFO  server.RaftServer$Division (RaftServerImpl.java:setConfigurationAsync(1238)) - s0@group-E264CA5F8311: receive setConfiguration SetConfigurationRequest:client-255CF6B0DA3F->s0@group-E264CA5F8311, cid=386, seq=0, RW, null, SET_UNCONDITIONALLY, servers:[s1|rpc:0.0.0.0:34459|dataStream:|priority:0|startupRole:FOLLOWER, s2|rpc:0.0.0.0:43137|dataStream:|priority:0|startupRole:FOLLOWER, s0|rpc:localhost:39295|admin:localhost:44843|client:localhost:40991|dataStream:localhost:40677|priority:0|startupRole:FOLLOWER], listeners:[]
2023-08-18 03:36:42,380 [s0@group-E264CA5F8311-FollowerState] INFO  impl.FollowerState (FollowerState.java:run(143)) - s0@group-E264CA5F8311-FollowerState: change to CANDIDATE, lastRpcElapsedTime:256436270ns, electionTimeout:256ms
2023-08-18 03:36:42,380 [s0@group-E264CA5F8311-FollowerState] INFO  impl.RoleInfo (RoleInfo.java:shutdownFollowerState(109)) - s0: shutdown s0@group-E264CA5F8311-FollowerState
2023-08-18 03:36:42,380 [s0@group-E264CA5F8311-FollowerState] INFO  server.RaftServer$Division (RaftServerImpl.java:setRole(371)) - s0@group-E264CA5F8311: changes role from  FOLLOWER to CANDIDATE at term 1 for changeToCandidate
2023-08-18 03:36:42,380 [s0@group-E264CA5F8311-FollowerState] INFO  server.RaftServerConfigKeys (ConfUtils.java:logGet(46)) - raft.server.leaderelection.pre-vote = true (default)
2023-08-18 03:36:42,380 [s0@group-E264CA5F8311-FollowerState] INFO  impl.RoleInfo (RoleInfo.java:updateAndGet(138)) - s0: start s0@group-E264CA5F8311-LeaderElection138
2023-08-18 03:36:42,381 [s0@group-E264CA5F8311-LeaderElection138] INFO  impl.LeaderElection (LeaderElection.java:askForVotes(320)) - s0@group-E264CA5F8311-LeaderElection138 PRE_VOTE round 0: submit vote requests at term 1 for 255: peers:[s0|rpc:localhost:39295|admin:localhost:44843|client:localhost:40991|dataStream:localhost:40677|priority:0|startupRole:FOLLOWER, s1|rpc:0.0.0.0:34459|dataStream:|priority:0|startupRole:FOLLOWER, s2|rpc:0.0.0.0:43137|dataStream:|priority:0|startupRole:FOLLOWER]|listeners:[], old=peers:[s0|rpc:localhost:39295|admin:localhost:44843|client:localhost:40991|dataStream:localhost:40677|priority:0|startupRole:FOLLOWER]|listeners:[]
2023-08-18 03:36:42,382 [grpc-default-executor-0] INFO  server.RaftServer$Division (RaftServerImpl.java:requestVote(1344)) - s1@group-E264CA5F8311: receive requestVote(PRE_VOTE, s0, group-E264CA5F8311, 1, (t:1, i:255))
2023-08-18 03:36:42,382 [grpc-default-executor-0] WARN  server.GrpcServerProtocolService (LogUtils.java:warn(122)) - s1: Failed requestVote s0->s1#0: org.apache.ratis.protocol.exceptions.ServerNotReadyException: s1@group-E264CA5F8311 is not in [RUNNING]: current state is STARTING
2023-08-18 03:36:42,382 [s0@group-E264CA5F8311-LeaderElection138] INFO  impl.LeaderElection (LogUtils.java:infoOrTrace(137)) - s0@group-E264CA5F8311-LeaderElection138 got exception when requesting votes: java.util.concurrent.ExecutionException: org.apache.ratis.thirdparty.io.grpc.StatusRuntimeException: INTERNAL: s1@group-E264CA5F8311 is not in [RUNNING]: current state is STARTING
2023-08-18 03:36:42,383 [grpc-default-executor-0] INFO  server.RaftServer$Division (RaftServerImpl.java:requestVote(1344)) - s2@group-E264CA5F8311: receive requestVote(PRE_VOTE, s0, group-E264CA5F8311, 1, (t:1, i:255))
2023-08-18 03:36:42,383 [grpc-default-executor-0] WARN  server.GrpcServerProtocolService (LogUtils.java:warn(122)) - s2: Failed requestVote s0->s2#0: org.apache.ratis.protocol.exceptions.ServerNotReadyException: s2@group-E264CA5F8311 is not in [RUNNING]: current state is STARTING
2023-08-18 03:36:42,383 [s0@group-E264CA5F8311-LeaderElection138] INFO  impl.LeaderElection (LogUtils.java:infoOrTrace(137)) - s0@group-E264CA5F8311-LeaderElection138 got exception when requesting votes: java.util.concurrent.ExecutionException: org.apache.ratis.thirdparty.io.grpc.StatusRuntimeException: INTERNAL: s2@group-E264CA5F8311 is not in [RUNNING]: current state is STARTING
2023-08-18 03:36:42,383 [s0@group-E264CA5F8311-LeaderElection138] INFO  impl.LeaderElection (LeaderElection.java:logAndReturn(89)) - s0@group-E264CA5F8311-LeaderElection138: PRE_VOTE REJECTED received 0 response(s) and 2 exception(s):
2023-08-18 03:36:42,383 [s0@group-E264CA5F8311-LeaderElection138] INFO  impl.LeaderElection (LogUtils.java:infoOrTrace(137)) -   Exception 0: java.util.concurrent.ExecutionException: org.apache.ratis.thirdparty.io.grpc.StatusRuntimeException: INTERNAL: s1@group-E264CA5F8311 is not in [RUNNING]: current state is STARTING
2023-08-18 03:36:42,383 [s0@group-E264CA5F8311-LeaderElection138] INFO  impl.LeaderElection (LogUtils.java:infoOrTrace(137)) -   Exception 1: java.util.concurrent.ExecutionException: org.apache.ratis.thirdparty.io.grpc.StatusRuntimeException: INTERNAL: s2@group-E264CA5F8311 is not in [RUNNING]: current state is STARTING
2023-08-18 03:36:42,383 [s0@group-E264CA5F8311-LeaderElection138] INFO  impl.LeaderElection (LeaderElection.java:askForVotes(322)) - s0@group-E264CA5F8311-LeaderElection138 PRE_VOTE round 0: result REJECTED
2023-08-18 03:36:42,383 [s0@group-E264CA5F8311-LeaderElection138] INFO  server.RaftServer$Division (RaftServerImpl.java:setRole(371)) - s0@group-E264CA5F8311: changes role from CANDIDATE to FOLLOWER at term 1 for REJECTED
2023-08-18 03:36:42,383 [s0@group-E264CA5F8311-LeaderElection138] INFO  impl.RoleInfo (RoleInfo.java:shutdownLeaderElection(129)) - s0: shutdown s0@group-E264CA5F8311-LeaderElection138
2023-08-18 03:36:42,383 [s0@group-E264CA5F8311-LeaderElection138] INFO  impl.RoleInfo (RoleInfo.java:updateAndGet(138)) - s0: start s0@group-E264CA5F8311-FollowerState
2023-08-18 03:36:42,406 [s2-server-thread1] INFO  server.RaftServer$Division (RaftServerImpl.java:setConfigurationAsync(1238)) - s2@group-E264CA5F8311: receive setConfiguration SetConfigurationRequest:client-255CF6B0DA3F->s2@group-E264CA5F8311, cid=386, seq=0, RW, null, SET_UNCONDITIONALLY, servers:[s1|rpc:0.0.0.0:34459|dataStream:|priority:0|startupRole:FOLLOWER, s2|rpc:0.0.0.0:43137|dataStream:|priority:0|startupRole:FOLLOWER, s0|rpc:localhost:39295|admin:localhost:44843|client:localhost:40991|dataStream:localhost:40677|priority:0|startupRole:FOLLOWER], listeners:[]
2023-08-18 03:36:42,511 [s0-server-thread1] INFO  server.RaftServer$Division (RaftServerImpl.java:setConfigurationAsync(1238)) - s0@group-E264CA5F8311: receive setConfiguration SetConfigurationRequest:client-255CF6B0DA3F->s0@group-E264CA5F8311, cid=386, seq=0, RW, null, SET_UNCONDITIONALLY, servers:[s1|rpc:0.0.0.0:34459|dataStream:|priority:0|startupRole:FOLLOWER, s2|rpc:0.0.0.0:43137|dataStream:|priority:0|startupRole:FOLLOWER, s0|rpc:localhost:39295|admin:localhost:44843|client:localhost:40991|dataStream:localhost:40677|priority:0|startupRole:FOLLOWER], listeners:[]
2023-08-18 03:36:42,591 [s0@group-E264CA5F8311-FollowerState] INFO  impl.FollowerState (FollowerState.java:run(143)) - s0@group-E264CA5F8311-FollowerState: change to CANDIDATE, lastRpcElapsedTime:207434458ns, electionTimeout:207ms
2023-08-18 03:36:42,591 [s0@group-E264CA5F8311-FollowerState] INFO  impl.RoleInfo (RoleInfo.java:shutdownFollowerState(109)) - s0: shutdown s0@group-E264CA5F8311-FollowerState
2023-08-18 03:36:42,591 [s0@group-E264CA5F8311-FollowerState] INFO  server.RaftServer$Division (RaftServerImpl.java:setRole(371)) - s0@group-E264CA5F8311: changes role from  FOLLOWER to CANDIDATE at term 1 for changeToCandidate
2023-08-18 03:36:42,591 [s0@group-E264CA5F8311-FollowerState] INFO  server.RaftServerConfigKeys (ConfUtils.java:logGet(46)) - raft.server.leaderelection.pre-vote = true (default)
2023-08-18 03:36:42,591 [s0@group-E264CA5F8311-FollowerState] INFO  impl.RoleInfo (RoleInfo.java:updateAndGet(138)) - s0: start s0@group-E264CA5F8311-LeaderElection139
2023-08-18 03:36:42,592 [s0@group-E264CA5F8311-LeaderElection139] INFO  impl.LeaderElection (LeaderElection.java:askForVotes(320)) - s0@group-E264CA5F8311-LeaderElection139 PRE_VOTE round 0: submit vote requests at term 1 for 255: peers:[s0|rpc:localhost:39295|admin:localhost:44843|client:localhost:40991|dataStream:localhost:40677|priority:0|startupRole:FOLLOWER, s1|rpc:0.0.0.0:34459|dataStream:|priority:0|startupRole:FOLLOWER, s2|rpc:0.0.0.0:43137|dataStream:|priority:0|startupRole:FOLLOWER]|listeners:[], old=peers:[s0|rpc:localhost:39295|admin:localhost:44843|client:localhost:40991|dataStream:localhost:40677|priority:0|startupRole:FOLLOWER]|listeners:[]
2023-08-18 03:36:42,593 [grpc-default-executor-0] INFO  server.RaftServer$Division (RaftServerImpl.java:requestVote(1344)) - s1@group-E264CA5F8311: receive requestVote(PRE_VOTE, s0, group-E264CA5F8311, 1, (t:1, i:255))
2023-08-18 03:36:42,593 [grpc-default-executor-0] WARN  server.GrpcServerProtocolService (LogUtils.java:warn(122)) - s1: Failed requestVote s0->s1#0: org.apache.ratis.protocol.exceptions.ServerNotReadyException: s1@group-E264CA5F8311 is not in [RUNNING]: current state is STARTING
2023-08-18 03:36:42,593 [grpc-default-executor-0] INFO  server.RaftServer$Division (RaftServerImpl.java:requestVote(1344)) - s2@group-E264CA5F8311: receive requestVote(PRE_VOTE, s0, group-E264CA5F8311, 1, (t:1, i:255))
2023-08-18 03:36:42,593 [grpc-default-executor-0] WARN  server.GrpcServerProtocolService (LogUtils.java:warn(122)) - s2: Failed requestVote s0->s2#0: org.apache.ratis.protocol.exceptions.ServerNotReadyException: s2@group-E264CA5F8311 is not in [RUNNING]: current state is STARTING
2023-08-18 03:36:42,593 [s0@group-E264CA5F8311-LeaderElection139] INFO  impl.LeaderElection (LogUtils.java:infoOrTrace(137)) - s0@group-E264CA5F8311-LeaderElection139 got exception when requesting votes: java.util.concurrent.ExecutionException: org.apache.ratis.thirdparty.io.grpc.StatusRuntimeException: INTERNAL: s1@group-E264CA5F8311 is not in [RUNNING]: current state is STARTING
2023-08-18 03:36:42,594 [s0@group-E264CA5F8311-LeaderElection139] INFO  impl.LeaderElection (LogUtils.java:infoOrTrace(137)) - s0@group-E264CA5F8311-LeaderElection139 got exception when requesting votes: java.util.concurrent.ExecutionException: org.apache.ratis.thirdparty.io.grpc.StatusRuntimeException: INTERNAL: s2@group-E264CA5F8311 is not in [RUNNING]: current state is STARTING
2023-08-18 03:36:42,594 [s0@group-E264CA5F8311-LeaderElection139] INFO  impl.LeaderElection (LeaderElection.java:logAndReturn(89)) - s0@group-E264CA5F8311-LeaderElection139: PRE_VOTE REJECTED received 0 response(s) and 2 exception(s):
2023-08-18 03:36:42,594 [s0@group-E264CA5F8311-LeaderElection139] INFO  impl.LeaderElection (LogUtils.java:infoOrTrace(137)) -   Exception 0: java.util.concurrent.ExecutionException: org.apache.ratis.thirdparty.io.grpc.StatusRuntimeException: INTERNAL: s1@group-E264CA5F8311 is not in [RUNNING]: current state is STARTING
2023-08-18 03:36:42,594 [s0@group-E264CA5F8311-LeaderElection139] INFO  impl.LeaderElection (LogUtils.java:infoOrTrace(137)) -   Exception 1: java.util.concurrent.ExecutionException: org.apache.ratis.thirdparty.io.grpc.StatusRuntimeException: INTERNAL: s2@group-E264CA5F8311 is not in [RUNNING]: current state is STARTING
2023-08-18 03:36:42,594 [s0@group-E264CA5F8311-LeaderElection139] INFO  impl.LeaderElection (LeaderElection.java:askForVotes(322)) - s0@group-E264CA5F8311-LeaderElection139 PRE_VOTE round 0: result REJECTED
2023-08-18 03:36:42,594 [s0@group-E264CA5F8311-LeaderElection139] INFO  server.RaftServer$Division (RaftServerImpl.java:setRole(371)) - s0@group-E264CA5F8311: changes role from CANDIDATE to FOLLOWER at term 1 for REJECTED
2023-08-18 03:36:42,594 [s0@group-E264CA5F8311-LeaderElection139] INFO  impl.RoleInfo (RoleInfo.java:shutdownLeaderElection(129)) - s0: shutdown s0@group-E264CA5F8311-LeaderElection139
2023-08-18 03:36:42,594 [s0@group-E264CA5F8311-LeaderElection139] INFO  impl.RoleInfo (RoleInfo.java:updateAndGet(138)) - s0: start s0@group-E264CA5F8311-FollowerState
2023-08-18 03:36:42,614 [s2-server-thread1] INFO  server.RaftServer$Division (RaftServerImpl.java:setConfigurationAsync(1238)) - s2@group-E264CA5F8311: receive setConfiguration SetConfigurationRequest:client-255CF6B0DA3F->s2@group-E264CA5F8311, cid=386, seq=0, RW, null, SET_UNCONDITIONALLY, servers:[s1|rpc:0.0.0.0:34459|dataStream:|priority:0|startupRole:FOLLOWER, s2|rpc:0.0.0.0:43137|dataStream:|priority:0|startupRole:FOLLOWER, s0|rpc:localhost:39295|admin:localhost:44843|client:localhost:40991|dataStream:localhost:40677|priority:0|startupRole:FOLLOWER], listeners:[]
2023-08-18 03:36:42,719 [s0-server-thread1] INFO  server.RaftServer$Division (RaftServerImpl.java:setConfigurationAsync(1238)) - s0@group-E264CA5F8311: receive setConfiguration SetConfigurationRequest:client-255CF6B0DA3F->s0@group-E264CA5F8311, cid=386, seq=0, RW, null, SET_UNCONDITIONALLY, servers:[s1|rpc:0.0.0.0:34459|dataStream:|priority:0|startupRole:FOLLOWER, s2|rpc:0.0.0.0:43137|dataStream:|priority:0|startupRole:FOLLOWER, s0|rpc:localhost:39295|admin:localhost:44843|client:localhost:40991|dataStream:localhost:40677|priority:0|startupRole:FOLLOWER], listeners:[]
2023-08-18 03:36:42,754 [s0@group-E264CA5F8311-FollowerState] INFO  impl.FollowerState (FollowerState.java:run(143)) - s0@group-E264CA5F8311-FollowerState: change to CANDIDATE, lastRpcElapsedTime:160305530ns, electionTimeout:160ms
2023-08-18 03:36:42,754 [s0@group-E264CA5F8311-FollowerState] INFO  impl.RoleInfo (RoleInfo.java:shutdownFollowerState(109)) - s0: shutdown s0@group-E264CA5F8311-FollowerState
2023-08-18 03:36:42,754 [s0@group-E264CA5F8311-FollowerState] INFO  server.RaftServer$Division (RaftServerImpl.java:setRole(371)) - s0@group-E264CA5F8311: changes role from  FOLLOWER to CANDIDATE at term 1 for changeToCandidate
2023-08-18 03:36:42,754 [s0@group-E264CA5F8311-FollowerState] INFO  server.RaftServerConfigKeys (ConfUtils.java:logGet(46)) - raft.server.leaderelection.pre-vote = true (default)
2023-08-18 03:36:42,754 [s0@group-E264CA5F8311-FollowerState] INFO  impl.RoleInfo (RoleInfo.java:updateAndGet(138)) - s0: start s0@group-E264CA5F8311-LeaderElection140
2023-08-18 03:36:42,755 [s0@group-E264CA5F8311-LeaderElection140] INFO  impl.LeaderElection (LeaderElection.java:askForVotes(320)) - s0@group-E264CA5F8311-LeaderElection140 PRE_VOTE round 0: submit vote requests at term 1 for 255: peers:[s0|rpc:localhost:39295|admin:localhost:44843|client:localhost:40991|dataStream:localhost:40677|priority:0|startupRole:FOLLOWER, s1|rpc:0.0.0.0:34459|dataStream:|priority:0|startupRole:FOLLOWER, s2|rpc:0.0.0.0:43137|dataStream:|priority:0|startupRole:FOLLOWER]|listeners:[], old=peers:[s0|rpc:localhost:39295|admin:localhost:44843|client:localhost:40991|dataStream:localhost:40677|priority:0|startupRole:FOLLOWER]|listeners:[]
2023-08-18 03:36:42,756 [grpc-default-executor-0] INFO  server.RaftServer$Division (RaftServerImpl.java:requestVote(1344)) - s1@group-E264CA5F8311: receive requestVote(PRE_VOTE, s0, group-E264CA5F8311, 1, (t:1, i:255))
2023-08-18 03:36:42,756 [grpc-default-executor-0] WARN  server.GrpcServerProtocolService (LogUtils.java:warn(122)) - s1: Failed requestVote s0->s1#0: org.apache.ratis.protocol.exceptions.ServerNotReadyException: s1@group-E264CA5F8311 is not in [RUNNING]: current state is STARTING
2023-08-18 03:36:42,756 [s0@group-E264CA5F8311-LeaderElection140] INFO  impl.LeaderElection (LogUtils.java:infoOrTrace(137)) - s0@group-E264CA5F8311-LeaderElection140 got exception when requesting votes: java.util.concurrent.ExecutionException: org.apache.ratis.thirdparty.io.grpc.StatusRuntimeException: INTERNAL: s1@group-E264CA5F8311 is not in [RUNNING]: current state is STARTING
2023-08-18 03:36:42,756 [grpc-default-executor-3] INFO  server.RaftServer$Division (RaftServerImpl.java:requestVote(1344)) - s2@group-E264CA5F8311: receive requestVote(PRE_VOTE, s0, group-E264CA5F8311, 1, (t:1, i:255))
2023-08-18 03:36:42,756 [grpc-default-executor-3] WARN  server.GrpcServerProtocolService (LogUtils.java:warn(122)) - s2: Failed requestVote s0->s2#0: org.apache.ratis.protocol.exceptions.ServerNotReadyException: s2@group-E264CA5F8311 is not in [RUNNING]: current state is STARTING
2023-08-18 03:36:42,757 [s0@group-E264CA5F8311-LeaderElection140] INFO  impl.LeaderElection (LogUtils.java:infoOrTrace(137)) - s0@group-E264CA5F8311-LeaderElection140 got exception when requesting votes: java.util.concurrent.ExecutionException: org.apache.ratis.thirdparty.io.grpc.StatusRuntimeException: INTERNAL: s2@group-E264CA5F8311 is not in [RUNNING]: current state is STARTING
2023-08-18 03:36:42,757 [s0@group-E264CA5F8311-LeaderElection140] INFO  impl.LeaderElection (LeaderElection.java:logAndReturn(89)) - s0@group-E264CA5F8311-LeaderElection140: PRE_VOTE REJECTED received 0 response(s) and 2 exception(s):
2023-08-18 03:36:42,757 [s0@group-E264CA5F8311-LeaderElection140] INFO  impl.LeaderElection (LogUtils.java:infoOrTrace(137)) -   Exception 0: java.util.concurrent.ExecutionException: org.apache.ratis.thirdparty.io.grpc.StatusRuntimeException: INTERNAL: s1@group-E264CA5F8311 is not in [RUNNING]: current state is STARTING
2023-08-18 03:36:42,757 [s0@group-E264CA5F8311-LeaderElection140] INFO  impl.LeaderElection (LogUtils.java:infoOrTrace(137)) -   Exception 1: java.util.concurrent.ExecutionException: org.apache.ratis.thirdparty.io.grpc.StatusRuntimeException: INTERNAL: s2@group-E264CA5F8311 is not in [RUNNING]: current state is STARTING
2023-08-18 03:36:42,757 [s0@group-E264CA5F8311-LeaderElection140] INFO  impl.LeaderElection (LeaderElection.java:askForVotes(322)) - s0@group-E264CA5F8311-LeaderElection140 PRE_VOTE round 0: result REJECTED
2023-08-18 03:36:42,757 [s0@group-E264CA5F8311-LeaderElection140] INFO  server.RaftServer$Division (RaftServerImpl.java:setRole(371)) - s0@group-E264CA5F8311: changes role from CANDIDATE to FOLLOWER at term 1 for REJECTED
2023-08-18 03:36:42,757 [s0@group-E264CA5F8311-LeaderElection140] INFO  impl.RoleInfo (RoleInfo.java:shutdownLeaderElection(129)) - s0: shutdown s0@group-E264CA5F8311-LeaderElection140
2023-08-18 03:36:42,757 [s0@group-E264CA5F8311-LeaderElection140] INFO  impl.RoleInfo (RoleInfo.java:updateAndGet(138)) - s0: start s0@group-E264CA5F8311-FollowerState
2023-08-18 03:36:42,823 [s1-server-thread1] INFO  server.RaftServer$Division (RaftServerImpl.java:setConfigurationAsync(1238)) - s1@group-E264CA5F8311: receive setConfiguration SetConfigurationRequest:client-255CF6B0DA3F->s1@group-E264CA5F8311, cid=386, seq=0, RW, null, SET_UNCONDITIONALLY, servers:[s1|rpc:0.0.0.0:34459|dataStream:|priority:0|startupRole:FOLLOWER, s2|rpc:0.0.0.0:43137|dataStream:|priority:0|startupRole:FOLLOWER, s0|rpc:localhost:39295|admin:localhost:44843|client:localhost:40991|dataStream:localhost:40677|priority:0|startupRole:FOLLOWER], listeners:[]
2023-08-18 03:36:42,928 [s0-server-thread1] INFO  server.RaftServer$Division (RaftServerImpl.java:setConfigurationAsync(1238)) - s0@group-E264CA5F8311: receive setConfiguration SetConfigurationRequest:client-255CF6B0DA3F->s0@group-E264CA5F8311, cid=386, seq=0, RW, null, SET_UNCONDITIONALLY, servers:[s1|rpc:0.0.0.0:34459|dataStream:|priority:0|startupRole:FOLLOWER, s2|rpc:0.0.0.0:43137|dataStream:|priority:0|startupRole:FOLLOWER, s0|rpc:localhost:39295|admin:localhost:44843|client:localhost:40991|dataStream:localhost:40677|priority:0|startupRole:FOLLOWER], listeners:[]
2023-08-18 03:36:42,935 [s0@group-E264CA5F8311-FollowerState] INFO  impl.FollowerState (FollowerState.java:run(143)) - s0@group-E264CA5F8311-FollowerState: change to CANDIDATE, lastRpcElapsedTime:178356788ns, electionTimeout:178ms
2023-08-18 03:36:42,935 [s0@group-E264CA5F8311-FollowerState] INFO  impl.RoleInfo (RoleInfo.java:shutdownFollowerState(109)) - s0: shutdown s0@group-E264CA5F8311-FollowerState
2023-08-18 03:36:42,935 [s0@group-E264CA5F8311-FollowerState] INFO  server.RaftServer$Division (RaftServerImpl.java:setRole(371)) - s0@group-E264CA5F8311: changes role from  FOLLOWER to CANDIDATE at term 1 for changeToCandidate
2023-08-18 03:36:42,935 [s0@group-E264CA5F8311-FollowerState] INFO  server.RaftServerConfigKeys (ConfUtils.java:logGet(46)) - raft.server.leaderelection.pre-vote = true (default)
2023-08-18 03:36:42,935 [s0@group-E264CA5F8311-FollowerState] INFO  impl.RoleInfo (RoleInfo.java:updateAndGet(138)) - s0: start s0@group-E264CA5F8311-LeaderElection141
2023-08-18 03:36:42,936 [s0@group-E264CA5F8311-LeaderElection141] INFO  impl.LeaderElection (LeaderElection.java:askForVotes(320)) - s0@group-E264CA5F8311-LeaderElection141 PRE_VOTE round 0: submit vote requests at term 1 for 255: peers:[s0|rpc:localhost:39295|admin:localhost:44843|client:localhost:40991|dataStream:localhost:40677|priority:0|startupRole:FOLLOWER, s1|rpc:0.0.0.0:34459|dataStream:|priority:0|startupRole:FOLLOWER, s2|rpc:0.0.0.0:43137|dataStream:|priority:0|startupRole:FOLLOWER]|listeners:[], old=peers:[s0|rpc:localhost:39295|admin:localhost:44843|client:localhost:40991|dataStream:localhost:40677|priority:0|startupRole:FOLLOWER]|listeners:[]
2023-08-18 03:36:42,936 [grpc-default-executor-3] INFO  server.RaftServer$Division (RaftServerImpl.java:requestVote(1344)) - s1@group-E264CA5F8311: receive requestVote(PRE_VOTE, s0, group-E264CA5F8311, 1, (t:1, i:255))
2023-08-18 03:36:42,937 [grpc-default-executor-0] INFO  server.RaftServer$Division (RaftServerImpl.java:requestVote(1344)) - s2@group-E264CA5F8311: receive requestVote(PRE_VOTE, s0, group-E264CA5F8311, 1, (t:1, i:255))
2023-08-18 03:36:42,937 [grpc-default-executor-3] WARN  server.GrpcServerProtocolService (LogUtils.java:warn(122)) - s1: Failed requestVote s0->s1#0: org.apache.ratis.protocol.exceptions.ServerNotReadyException: s1@group-E264CA5F8311 is not in [RUNNING]: current state is STARTING
2023-08-18 03:36:42,937 [grpc-default-executor-0] WARN  server.GrpcServerProtocolService (LogUtils.java:warn(122)) - s2: Failed requestVote s0->s2#0: org.apache.ratis.protocol.exceptions.ServerNotReadyException: s2@group-E264CA5F8311 is not in [RUNNING]: current state is STARTING
2023-08-18 03:36:42,937 [s0@group-E264CA5F8311-LeaderElection141] INFO  impl.LeaderElection (LogUtils.java:infoOrTrace(137)) - s0@group-E264CA5F8311-LeaderElection141 got exception when requesting votes: java.util.concurrent.ExecutionException: org.apache.ratis.thirdparty.io.grpc.StatusRuntimeException: INTERNAL: s2@group-E264CA5F8311 is not in [RUNNING]: current state is STARTING
2023-08-18 03:36:42,937 [s0@group-E264CA5F8311-LeaderElection141] INFO  impl.LeaderElection (LogUtils.java:infoOrTrace(137)) - s0@group-E264CA5F8311-LeaderElection141 got exception when requesting votes: java.util.concurrent.ExecutionException: org.apache.ratis.thirdparty.io.grpc.StatusRuntimeException: INTERNAL: s1@group-E264CA5F8311 is not in [RUNNING]: current state is STARTING
2023-08-18 03:36:42,937 [s0@group-E264CA5F8311-LeaderElection141] INFO  impl.LeaderElection (LeaderElection.java:logAndReturn(89)) - s0@group-E264CA5F8311-LeaderElection141: PRE_VOTE REJECTED received 0 response(s) and 2 exception(s):
2023-08-18 03:36:42,937 [s0@group-E264CA5F8311-LeaderElection141] INFO  impl.LeaderElection (LogUtils.java:infoOrTrace(137)) -   Exception 0: java.util.concurrent.ExecutionException: org.apache.ratis.thirdparty.io.grpc.StatusRuntimeException: INTERNAL: s2@group-E264CA5F8311 is not in [RUNNING]: current state is STARTING
2023-08-18 03:36:42,937 [s0@group-E264CA5F8311-LeaderElection141] INFO  impl.LeaderElection (LogUtils.java:infoOrTrace(137)) -   Exception 1: java.util.concurrent.ExecutionException: org.apache.ratis.thirdparty.io.grpc.StatusRuntimeException: INTERNAL: s1@group-E264CA5F8311 is not in [RUNNING]: current state is STARTING
2023-08-18 03:36:42,937 [s0@group-E264CA5F8311-LeaderElection141] INFO  impl.LeaderElection (LeaderElection.java:askForVotes(322)) - s0@group-E264CA5F8311-LeaderElection141 PRE_VOTE round 0: result REJECTED
2023-08-18 03:36:42,937 [s0@group-E264CA5F8311-LeaderElection141] INFO  server.RaftServer$Division (RaftServerImpl.java:setRole(371)) - s0@group-E264CA5F8311: changes role from CANDIDATE to FOLLOWER at term 1 for REJECTED
2023-08-18 03:36:42,937 [s0@group-E264CA5F8311-LeaderElection141] INFO  impl.RoleInfo (RoleInfo.java:shutdownLeaderElection(129)) - s0: shutdown s0@group-E264CA5F8311-LeaderElection141
2023-08-18 03:36:42,937 [s0@group-E264CA5F8311-LeaderElection141] INFO  impl.RoleInfo (RoleInfo.java:updateAndGet(138)) - s0: start s0@group-E264CA5F8311-FollowerState
2023-08-18 03:36:43,032 [s1-server-thread1] INFO  server.RaftServer$Division (RaftServerImpl.java:setConfigurationAsync(1238)) - s1@group-E264CA5F8311: receive setConfiguration SetConfigurationRequest:client-255CF6B0DA3F->s1@group-E264CA5F8311, cid=386, seq=0, RW, null, SET_UNCONDITIONALLY, servers:[s1|rpc:0.0.0.0:34459|dataStream:|priority:0|startupRole:FOLLOWER, s2|rpc:0.0.0.0:43137|dataStream:|priority:0|startupRole:FOLLOWER, s0|rpc:localhost:39295|admin:localhost:44843|client:localhost:40991|dataStream:localhost:40677|priority:0|startupRole:FOLLOWER], listeners:[]
2023-08-18 03:36:43,104 [s0@group-E264CA5F8311-FollowerState] INFO  impl.FollowerState (FollowerState.java:run(143)) - s0@group-E264CA5F8311-FollowerState: change to CANDIDATE, lastRpcElapsedTime:166430382ns, electionTimeout:166ms
2023-08-18 03:36:43,104 [s0@group-E264CA5F8311-FollowerState] INFO  impl.RoleInfo (RoleInfo.java:shutdownFollowerState(109)) - s0: shutdown s0@group-E264CA5F8311-FollowerState
2023-08-18 03:36:43,104 [s0@group-E264CA5F8311-FollowerState] INFO  server.RaftServer$Division (RaftServerImpl.java:setRole(371)) - s0@group-E264CA5F8311: changes role from  FOLLOWER to CANDIDATE at term 1 for changeToCandidate
2023-08-18 03:36:43,104 [s0@group-E264CA5F8311-FollowerState] INFO  server.RaftServerConfigKeys (ConfUtils.java:logGet(46)) - raft.server.leaderelection.pre-vote = true (default)
2023-08-18 03:36:43,104 [s0@group-E264CA5F8311-FollowerState] INFO  impl.RoleInfo (RoleInfo.java:updateAndGet(138)) - s0: start s0@group-E264CA5F8311-LeaderElection142
2023-08-18 03:36:43,104 [s0@group-E264CA5F8311-LeaderElection142] INFO  impl.LeaderElection (LeaderElection.java:askForVotes(320)) - s0@group-E264CA5F8311-LeaderElection142 PRE_VOTE round 0: submit vote requests at term 1 for 255: peers:[s0|rpc:localhost:39295|admin:localhost:44843|client:localhost:40991|dataStream:localhost:40677|priority:0|startupRole:FOLLOWER, s1|rpc:0.0.0.0:34459|dataStream:|priority:0|startupRole:FOLLOWER, s2|rpc:0.0.0.0:43137|dataStream:|priority:0|startupRole:FOLLOWER]|listeners:[], old=peers:[s0|rpc:localhost:39295|admin:localhost:44843|client:localhost:40991|dataStream:localhost:40677|priority:0|startupRole:FOLLOWER]|listeners:[]
2023-08-18 03:36:43,105 [grpc-default-executor-0] INFO  server.RaftServer$Division (RaftServerImpl.java:requestVote(1344)) - s1@group-E264CA5F8311: receive requestVote(PRE_VOTE, s0, group-E264CA5F8311, 1, (t:1, i:255))
2023-08-18 03:36:43,105 [grpc-default-executor-0] WARN  server.GrpcServerProtocolService (LogUtils.java:warn(122)) - s1: Failed requestVote s0->s1#0: org.apache.ratis.protocol.exceptions.ServerNotReadyException: s1@group-E264CA5F8311 is not in [RUNNING]: current state is STARTING
2023-08-18 03:36:43,106 [grpc-default-executor-0] INFO  server.RaftServer$Division (RaftServerImpl.java:requestVote(1344)) - s2@group-E264CA5F8311: receive requestVote(PRE_VOTE, s0, group-E264CA5F8311, 1, (t:1, i:255))
2023-08-18 03:36:43,106 [grpc-default-executor-0] WARN  server.GrpcServerProtocolService (LogUtils.java:warn(122)) - s2: Failed requestVote s0->s2#0: org.apache.ratis.protocol.exceptions.ServerNotReadyException: s2@group-E264CA5F8311 is not in [RUNNING]: current state is STARTING
2023-08-18 03:36:43,107 [s0@group-E264CA5F8311-LeaderElection142] INFO  impl.LeaderElection (LogUtils.java:infoOrTrace(137)) - s0@group-E264CA5F8311-LeaderElection142 got exception when requesting votes: java.util.concurrent.ExecutionException: org.apache.ratis.thirdparty.io.grpc.StatusRuntimeException: INTERNAL: s1@group-E264CA5F8311 is not in [RUNNING]: current state is STARTING
2023-08-18 03:36:43,107 [s0@group-E264CA5F8311-LeaderElection142] INFO  impl.LeaderElection (LogUtils.java:infoOrTrace(137)) - s0@group-E264CA5F8311-LeaderElection142 got exception when requesting votes: java.util.concurrent.ExecutionException: org.apache.ratis.thirdparty.io.grpc.StatusRuntimeException: INTERNAL: s2@group-E264CA5F8311 is not in [RUNNING]: current state is STARTING
2023-08-18 03:36:43,107 [s0@group-E264CA5F8311-LeaderElection142] INFO  impl.LeaderElection (LeaderElection.java:logAndReturn(89)) - s0@group-E264CA5F8311-LeaderElection142: PRE_VOTE REJECTED received 0 response(s) and 2 exception(s):
2023-08-18 03:36:43,107 [s0@group-E264CA5F8311-LeaderElection142] INFO  impl.LeaderElection (LogUtils.java:infoOrTrace(137)) -   Exception 0: java.util.concurrent.ExecutionException: org.apache.ratis.thirdparty.io.grpc.StatusRuntimeException: INTERNAL: s1@group-E264CA5F8311 is not in [RUNNING]: current state is STARTING
2023-08-18 03:36:43,107 [s0@group-E264CA5F8311-LeaderElection142] INFO  impl.LeaderElection (LogUtils.java:infoOrTrace(137)) -   Exception 1: java.util.concurrent.ExecutionException: org.apache.ratis.thirdparty.io.grpc.StatusRuntimeException: INTERNAL: s2@group-E264CA5F8311 is not in [RUNNING]: current state is STARTING
2023-08-18 03:36:43,107 [s0@group-E264CA5F8311-LeaderElection142] INFO  impl.LeaderElection (LeaderElection.java:askForVotes(322)) - s0@group-E264CA5F8311-LeaderElection142 PRE_VOTE round 0: result REJECTED
2023-08-18 03:36:43,107 [s0@group-E264CA5F8311-LeaderElection142] INFO  server.RaftServer$Division (RaftServerImpl.java:setRole(371)) - s0@group-E264CA5F8311: changes role from CANDIDATE to FOLLOWER at term 1 for REJECTED
2023-08-18 03:36:43,107 [s0@group-E264CA5F8311-LeaderElection142] INFO  impl.RoleInfo (RoleInfo.java:shutdownLeaderElection(129)) - s0: shutdown s0@group-E264CA5F8311-LeaderElection142
2023-08-18 03:36:43,107 [s0@group-E264CA5F8311-LeaderElection142] INFO  impl.RoleInfo (RoleInfo.java:updateAndGet(138)) - s0: start s0@group-E264CA5F8311-FollowerState
2023-08-18 03:36:43,136 [s2-server-thread1] INFO  server.RaftServer$Division (RaftServerImpl.java:setConfigurationAsync(1238)) - s2@group-E264CA5F8311: receive setConfiguration SetConfigurationRequest:client-255CF6B0DA3F->s2@group-E264CA5F8311, cid=386, seq=0, RW, null, SET_UNCONDITIONALLY, servers:[s1|rpc:0.0.0.0:34459|dataStream:|priority:0|startupRole:FOLLOWER, s2|rpc:0.0.0.0:43137|dataStream:|priority:0|startupRole:FOLLOWER, s0|rpc:localhost:39295|admin:localhost:44843|client:localhost:40991|dataStream:localhost:40677|priority:0|startupRole:FOLLOWER], listeners:[]
2023-08-18 03:36:43,240 [s1-server-thread1] INFO  server.RaftServer$Division (RaftServerImpl.java:setConfigurationAsync(1238)) - s1@group-E264CA5F8311: receive setConfiguration SetConfigurationRequest:client-255CF6B0DA3F->s1@group-E264CA5F8311, cid=386, seq=0, RW, null, SET_UNCONDITIONALLY, servers:[s1|rpc:0.0.0.0:34459|dataStream:|priority:0|startupRole:FOLLOWER, s2|rpc:0.0.0.0:43137|dataStream:|priority:0|startupRole:FOLLOWER, s0|rpc:localhost:39295|admin:localhost:44843|client:localhost:40991|dataStream:localhost:40677|priority:0|startupRole:FOLLOWER], listeners:[]
2023-08-18 03:36:43,344 [s0-server-thread1] INFO  server.RaftServer$Division (RaftServerImpl.java:setConfigurationAsync(1238)) - s0@group-E264CA5F8311: receive setConfiguration SetConfigurationRequest:client-255CF6B0DA3F->s0@group-E264CA5F8311, cid=386, seq=0, RW, null, SET_UNCONDITIONALLY, servers:[s1|rpc:0.0.0.0:34459|dataStream:|priority:0|startupRole:FOLLOWER, s2|rpc:0.0.0.0:43137|dataStream:|priority:0|startupRole:FOLLOWER, s0|rpc:localhost:39295|admin:localhost:44843|client:localhost:40991|dataStream:localhost:40677|priority:0|startupRole:FOLLOWER], listeners:[]
2023-08-18 03:36:43,395 [s0@group-E264CA5F8311-FollowerState] INFO  impl.FollowerState (FollowerState.java:run(143)) - s0@group-E264CA5F8311-FollowerState: change to CANDIDATE, lastRpcElapsedTime:288446817ns, electionTimeout:288ms
2023-08-18 03:36:43,395 [s0@group-E264CA5F8311-FollowerState] INFO  impl.RoleInfo (RoleInfo.java:shutdownFollowerState(109)) - s0: shutdown s0@group-E264CA5F8311-FollowerState
2023-08-18 03:36:43,395 [s0@group-E264CA5F8311-FollowerState] INFO  server.RaftServer$Division (RaftServerImpl.java:setRole(371)) - s0@group-E264CA5F8311: changes role from  FOLLOWER to CANDIDATE at term 1 for changeToCandidate
2023-08-18 03:36:43,395 [s0@group-E264CA5F8311-FollowerState] INFO  server.RaftServerConfigKeys (ConfUtils.java:logGet(46)) - raft.server.leaderelection.pre-vote = true (default)
2023-08-18 03:36:43,395 [s0@group-E264CA5F8311-FollowerState] INFO  impl.RoleInfo (RoleInfo.java:updateAndGet(138)) - s0: start s0@group-E264CA5F8311-LeaderElection143
2023-08-18 03:36:43,396 [s0@group-E264CA5F8311-LeaderElection143] INFO  impl.LeaderElection (LeaderElection.java:askForVotes(320)) - s0@group-E264CA5F8311-LeaderElection143 PRE_VOTE round 0: submit vote requests at term 1 for 255: peers:[s0|rpc:localhost:39295|admin:localhost:44843|client:localhost:40991|dataStream:localhost:40677|priority:0|startupRole:FOLLOWER, s1|rpc:0.0.0.0:34459|dataStream:|priority:0|startupRole:FOLLOWER, s2|rpc:0.0.0.0:43137|dataStream:|priority:0|startupRole:FOLLOWER]|listeners:[], old=peers:[s0|rpc:localhost:39295|admin:localhost:44843|client:localhost:40991|dataStream:localhost:40677|priority:0|startupRole:FOLLOWER]|listeners:[]
2023-08-18 03:36:43,397 [grpc-default-executor-0] INFO  server.RaftServer$Division (RaftServerImpl.java:requestVote(1344)) - s1@group-E264CA5F8311: receive requestVote(PRE_VOTE, s0, group-E264CA5F8311, 1, (t:1, i:255))
2023-08-18 03:36:43,397 [grpc-default-executor-0] WARN  server.GrpcServerProtocolService (LogUtils.java:warn(122)) - s1: Failed requestVote s0->s1#0: org.apache.ratis.protocol.exceptions.ServerNotReadyException: s1@group-E264CA5F8311 is not in [RUNNING]: current state is STARTING
2023-08-18 03:36:43,397 [grpc-default-executor-3] INFO  server.RaftServer$Division (RaftServerImpl.java:requestVote(1344)) - s2@group-E264CA5F8311: receive requestVote(PRE_VOTE, s0, group-E264CA5F8311, 1, (t:1, i:255))
2023-08-18 03:36:43,397 [grpc-default-executor-3] WARN  server.GrpcServerProtocolService (LogUtils.java:warn(122)) - s2: Failed requestVote s0->s2#0: org.apache.ratis.protocol.exceptions.ServerNotReadyException: s2@group-E264CA5F8311 is not in [RUNNING]: current state is STARTING
2023-08-18 03:36:43,397 [s0@group-E264CA5F8311-LeaderElection143] INFO  impl.LeaderElection (LogUtils.java:infoOrTrace(137)) - s0@group-E264CA5F8311-LeaderElection143 got exception when requesting votes: java.util.concurrent.ExecutionException: org.apache.ratis.thirdparty.io.grpc.StatusRuntimeException: INTERNAL: s1@group-E264CA5F8311 is not in [RUNNING]: current state is STARTING
2023-08-18 03:36:43,398 [s0@group-E264CA5F8311-LeaderElection143] INFO  impl.LeaderElection (LogUtils.java:infoOrTrace(137)) - s0@group-E264CA5F8311-LeaderElection143 got exception when requesting votes: java.util.concurrent.ExecutionException: org.apache.ratis.thirdparty.io.grpc.StatusRuntimeException: INTERNAL: s2@group-E264CA5F8311 is not in [RUNNING]: current state is STARTING
2023-08-18 03:36:43,398 [s0@group-E264CA5F8311-LeaderElection143] INFO  impl.LeaderElection (LeaderElection.java:logAndReturn(89)) - s0@group-E264CA5F8311-LeaderElection143: PRE_VOTE REJECTED received 0 response(s) and 2 exception(s):
2023-08-18 03:36:43,398 [s0@group-E264CA5F8311-LeaderElection143] INFO  impl.LeaderElection (LogUtils.java:infoOrTrace(137)) -   Exception 0: java.util.concurrent.ExecutionException: org.apache.ratis.thirdparty.io.grpc.StatusRuntimeException: INTERNAL: s1@group-E264CA5F8311 is not in [RUNNING]: current state is STARTING
2023-08-18 03:36:43,398 [s0@group-E264CA5F8311-LeaderElection143] INFO  impl.LeaderElection (LogUtils.java:infoOrTrace(137)) -   Exception 1: java.util.concurrent.ExecutionException: org.apache.ratis.thirdparty.io.grpc.StatusRuntimeException: INTERNAL: s2@group-E264CA5F8311 is not in [RUNNING]: current state is STARTING
2023-08-18 03:36:43,398 [s0@group-E264CA5F8311-LeaderElection143] INFO  impl.LeaderElection (LeaderElection.java:askForVotes(322)) - s0@group-E264CA5F8311-LeaderElection143 PRE_VOTE round 0: result REJECTED
2023-08-18 03:36:43,398 [s0@group-E264CA5F8311-LeaderElection143] INFO  server.RaftServer$Division (RaftServerImpl.java:setRole(371)) - s0@group-E264CA5F8311: changes role from CANDIDATE to FOLLOWER at term 1 for REJECTED
2023-08-18 03:36:43,398 [s0@group-E264CA5F8311-LeaderElection143] INFO  impl.RoleInfo (RoleInfo.java:shutdownLeaderElection(129)) - s0: shutdown s0@group-E264CA5F8311-LeaderElection143
2023-08-18 03:36:43,398 [s0@group-E264CA5F8311-LeaderElection143] INFO  impl.RoleInfo (RoleInfo.java:updateAndGet(138)) - s0: start s0@group-E264CA5F8311-FollowerState
2023-08-18 03:36:43,448 [s2-server-thread1] INFO  server.RaftServer$Division (RaftServerImpl.java:setConfigurationAsync(1238)) - s2@group-E264CA5F8311: receive setConfiguration SetConfigurationRequest:client-255CF6B0DA3F->s2@group-E264CA5F8311, cid=386, seq=0, RW, null, SET_UNCONDITIONALLY, servers:[s1|rpc:0.0.0.0:34459|dataStream:|priority:0|startupRole:FOLLOWER, s2|rpc:0.0.0.0:43137|dataStream:|priority:0|startupRole:FOLLOWER, s0|rpc:localhost:39295|admin:localhost:44843|client:localhost:40991|dataStream:localhost:40677|priority:0|startupRole:FOLLOWER], listeners:[]
2023-08-18 03:36:43,552 [s0-server-thread1] INFO  server.RaftServer$Division (RaftServerImpl.java:setConfigurationAsync(1238)) - s0@group-E264CA5F8311: receive setConfiguration SetConfigurationRequest:client-255CF6B0DA3F->s0@group-E264CA5F8311, cid=386, seq=0, RW, null, SET_UNCONDITIONALLY, servers:[s1|rpc:0.0.0.0:34459|dataStream:|priority:0|startupRole:FOLLOWER, s2|rpc:0.0.0.0:43137|dataStream:|priority:0|startupRole:FOLLOWER, s0|rpc:localhost:39295|admin:localhost:44843|client:localhost:40991|dataStream:localhost:40677|priority:0|startupRole:FOLLOWER], listeners:[]
2023-08-18 03:36:43,559 [s0@group-E264CA5F8311-FollowerState] INFO  impl.FollowerState (FollowerState.java:run(143)) - s0@group-E264CA5F8311-FollowerState: change to CANDIDATE, lastRpcElapsedTime:161249723ns, electionTimeout:161ms
2023-08-18 03:36:43,559 [s0@group-E264CA5F8311-FollowerState] INFO  impl.RoleInfo (RoleInfo.java:shutdownFollowerState(109)) - s0: shutdown s0@group-E264CA5F8311-FollowerState
2023-08-18 03:36:43,559 [s0@group-E264CA5F8311-FollowerState] INFO  server.RaftServer$Division (RaftServerImpl.java:setRole(371)) - s0@group-E264CA5F8311: changes role from  FOLLOWER to CANDIDATE at term 1 for changeToCandidate
2023-08-18 03:36:43,559 [s0@group-E264CA5F8311-FollowerState] INFO  server.RaftServerConfigKeys (ConfUtils.java:logGet(46)) - raft.server.leaderelection.pre-vote = true (default)
2023-08-18 03:36:43,559 [s0@group-E264CA5F8311-FollowerState] INFO  impl.RoleInfo (RoleInfo.java:updateAndGet(138)) - s0: start s0@group-E264CA5F8311-LeaderElection144
2023-08-18 03:36:43,560 [s0@group-E264CA5F8311-LeaderElection144] INFO  impl.LeaderElection (LeaderElection.java:askForVotes(320)) - s0@group-E264CA5F8311-LeaderElection144 PRE_VOTE round 0: submit vote requests at term 1 for 255: peers:[s0|rpc:localhost:39295|admin:localhost:44843|client:localhost:40991|dataStream:localhost:40677|priority:0|startupRole:FOLLOWER, s1|rpc:0.0.0.0:34459|dataStream:|priority:0|startupRole:FOLLOWER, s2|rpc:0.0.0.0:43137|dataStream:|priority:0|startupRole:FOLLOWER]|listeners:[], old=peers:[s0|rpc:localhost:39295|admin:localhost:44843|client:localhost:40991|dataStream:localhost:40677|priority:0|startupRole:FOLLOWER]|listeners:[]
2023-08-18 03:36:43,560 [grpc-default-executor-3] INFO  server.RaftServer$Division (RaftServerImpl.java:requestVote(1344)) - s1@group-E264CA5F8311: receive requestVote(PRE_VOTE, s0, group-E264CA5F8311, 1, (t:1, i:255))
2023-08-18 03:36:43,560 [grpc-default-executor-3] WARN  server.GrpcServerProtocolService (LogUtils.java:warn(122)) - s1: Failed requestVote s0->s1#0: org.apache.ratis.protocol.exceptions.ServerNotReadyException: s1@group-E264CA5F8311 is not in [RUNNING]: current state is STARTING
2023-08-18 03:36:43,561 [s0@group-E264CA5F8311-LeaderElection144] INFO  impl.LeaderElection (LogUtils.java:infoOrTrace(137)) - s0@group-E264CA5F8311-LeaderElection144 got exception when requesting votes: java.util.concurrent.ExecutionException: org.apache.ratis.thirdparty.io.grpc.StatusRuntimeException: INTERNAL: s1@group-E264CA5F8311 is not in [RUNNING]: current state is STARTING
2023-08-18 03:36:43,561 [grpc-default-executor-3] INFO  server.RaftServer$Division (RaftServerImpl.java:requestVote(1344)) - s2@group-E264CA5F8311: receive requestVote(PRE_VOTE, s0, group-E264CA5F8311, 1, (t:1, i:255))
2023-08-18 03:36:43,561 [grpc-default-executor-3] WARN  server.GrpcServerProtocolService (LogUtils.java:warn(122)) - s2: Failed requestVote s0->s2#0: org.apache.ratis.protocol.exceptions.ServerNotReadyException: s2@group-E264CA5F8311 is not in [RUNNING]: current state is STARTING
2023-08-18 03:36:43,561 [s0@group-E264CA5F8311-LeaderElection144] INFO  impl.LeaderElection (LogUtils.java:infoOrTrace(137)) - s0@group-E264CA5F8311-LeaderElection144 got exception when requesting votes: java.util.concurrent.ExecutionException: org.apache.ratis.thirdparty.io.grpc.StatusRuntimeException: INTERNAL: s2@group-E264CA5F8311 is not in [RUNNING]: current state is STARTING
2023-08-18 03:36:43,562 [s0@group-E264CA5F8311-LeaderElection144] INFO  impl.LeaderElection (LeaderElection.java:logAndReturn(89)) - s0@group-E264CA5F8311-LeaderElection144: PRE_VOTE REJECTED received 0 response(s) and 2 exception(s):
2023-08-18 03:36:43,562 [s0@group-E264CA5F8311-LeaderElection144] INFO  impl.LeaderElection (LogUtils.java:infoOrTrace(137)) -   Exception 0: java.util.concurrent.ExecutionException: org.apache.ratis.thirdparty.io.grpc.StatusRuntimeException: INTERNAL: s1@group-E264CA5F8311 is not in [RUNNING]: current state is STARTING
2023-08-18 03:36:43,562 [s0@group-E264CA5F8311-LeaderElection144] INFO  impl.LeaderElection (LogUtils.java:infoOrTrace(137)) -   Exception 1: java.util.concurrent.ExecutionException: org.apache.ratis.thirdparty.io.grpc.StatusRuntimeException: INTERNAL: s2@group-E264CA5F8311 is not in [RUNNING]: current state is STARTING
2023-08-18 03:36:43,562 [s0@group-E264CA5F8311-LeaderElection144] INFO  impl.LeaderElection (LeaderElection.java:askForVotes(322)) - s0@group-E264CA5F8311-LeaderElection144 PRE_VOTE round 0: result REJECTED
2023-08-18 03:36:43,562 [s0@group-E264CA5F8311-LeaderElection144] INFO  server.RaftServer$Division (RaftServerImpl.java:setRole(371)) - s0@group-E264CA5F8311: changes role from CANDIDATE to FOLLOWER at term 1 for REJECTED
2023-08-18 03:36:43,562 [s0@group-E264CA5F8311-LeaderElection144] INFO  impl.RoleInfo (RoleInfo.java:shutdownLeaderElection(129)) - s0: shutdown s0@group-E264CA5F8311-LeaderElection144
2023-08-18 03:36:43,562 [s0@group-E264CA5F8311-LeaderElection144] INFO  impl.RoleInfo (RoleInfo.java:updateAndGet(138)) - s0: start s0@group-E264CA5F8311-FollowerState
2023-08-18 03:36:43,656 [s1-server-thread1] INFO  server.RaftServer$Division (RaftServerImpl.java:setConfigurationAsync(1238)) - s1@group-E264CA5F8311: receive setConfiguration SetConfigurationRequest:client-255CF6B0DA3F->s1@group-E264CA5F8311, cid=386, seq=0, RW, null, SET_UNCONDITIONALLY, servers:[s1|rpc:0.0.0.0:34459|dataStream:|priority:0|startupRole:FOLLOWER, s2|rpc:0.0.0.0:43137|dataStream:|priority:0|startupRole:FOLLOWER, s0|rpc:localhost:39295|admin:localhost:44843|client:localhost:40991|dataStream:localhost:40677|priority:0|startupRole:FOLLOWER], listeners:[]
2023-08-18 03:36:43,761 [s0-server-thread1] INFO  server.RaftServer$Division (RaftServerImpl.java:setConfigurationAsync(1238)) - s0@group-E264CA5F8311: receive setConfiguration SetConfigurationRequest:client-255CF6B0DA3F->s0@group-E264CA5F8311, cid=386, seq=0, RW, null, SET_UNCONDITIONALLY, servers:[s1|rpc:0.0.0.0:34459|dataStream:|priority:0|startupRole:FOLLOWER, s2|rpc:0.0.0.0:43137|dataStream:|priority:0|startupRole:FOLLOWER, s0|rpc:localhost:39295|admin:localhost:44843|client:localhost:40991|dataStream:localhost:40677|priority:0|startupRole:FOLLOWER], listeners:[]
2023-08-18 03:36:43,804 [s0@group-E264CA5F8311-FollowerState] INFO  impl.FollowerState (FollowerState.java:run(143)) - s0@group-E264CA5F8311-FollowerState: change to CANDIDATE, lastRpcElapsedTime:242459880ns, electionTimeout:242ms
2023-08-18 03:36:43,804 [s0@group-E264CA5F8311-FollowerState] INFO  impl.RoleInfo (RoleInfo.java:shutdownFollowerState(109)) - s0: shutdown s0@group-E264CA5F8311-FollowerState
2023-08-18 03:36:43,804 [s0@group-E264CA5F8311-FollowerState] INFO  server.RaftServer$Division (RaftServerImpl.java:setRole(371)) - s0@group-E264CA5F8311: changes role from  FOLLOWER to CANDIDATE at term 1 for changeToCandidate
2023-08-18 03:36:43,804 [s0@group-E264CA5F8311-FollowerState] INFO  server.RaftServerConfigKeys (ConfUtils.java:logGet(46)) - raft.server.leaderelection.pre-vote = true (default)
2023-08-18 03:36:43,804 [s0@group-E264CA5F8311-FollowerState] INFO  impl.RoleInfo (RoleInfo.java:updateAndGet(138)) - s0: start s0@group-E264CA5F8311-LeaderElection145
2023-08-18 03:36:43,805 [s0@group-E264CA5F8311-LeaderElection145] INFO  impl.LeaderElection (LeaderElection.java:askForVotes(320)) - s0@group-E264CA5F8311-LeaderElection145 PRE_VOTE round 0: submit vote requests at term 1 for 255: peers:[s0|rpc:localhost:39295|admin:localhost:44843|client:localhost:40991|dataStream:localhost:40677|priority:0|startupRole:FOLLOWER, s1|rpc:0.0.0.0:34459|dataStream:|priority:0|startupRole:FOLLOWER, s2|rpc:0.0.0.0:43137|dataStream:|priority:0|startupRole:FOLLOWER]|listeners:[], old=peers:[s0|rpc:localhost:39295|admin:localhost:44843|client:localhost:40991|dataStream:localhost:40677|priority:0|startupRole:FOLLOWER]|listeners:[]
2023-08-18 03:36:43,806 [grpc-default-executor-3] INFO  server.RaftServer$Division (RaftServerImpl.java:requestVote(1344)) - s1@group-E264CA5F8311: receive requestVote(PRE_VOTE, s0, group-E264CA5F8311, 1, (t:1, i:255))
2023-08-18 03:36:43,806 [grpc-default-executor-3] WARN  server.GrpcServerProtocolService (LogUtils.java:warn(122)) - s1: Failed requestVote s0->s1#0: org.apache.ratis.protocol.exceptions.ServerNotReadyException: s1@group-E264CA5F8311 is not in [RUNNING]: current state is STARTING
2023-08-18 03:36:43,806 [grpc-default-executor-0] INFO  server.RaftServer$Division (RaftServerImpl.java:requestVote(1344)) - s2@group-E264CA5F8311: receive requestVote(PRE_VOTE, s0, group-E264CA5F8311, 1, (t:1, i:255))
2023-08-18 03:36:43,806 [grpc-default-executor-0] WARN  server.GrpcServerProtocolService (LogUtils.java:warn(122)) - s2: Failed requestVote s0->s2#0: org.apache.ratis.protocol.exceptions.ServerNotReadyException: s2@group-E264CA5F8311 is not in [RUNNING]: current state is STARTING
2023-08-18 03:36:43,806 [s0@group-E264CA5F8311-LeaderElection145] INFO  impl.LeaderElection (LogUtils.java:infoOrTrace(137)) - s0@group-E264CA5F8311-LeaderElection145 got exception when requesting votes: java.util.concurrent.ExecutionException: org.apache.ratis.thirdparty.io.grpc.StatusRuntimeException: INTERNAL: s2@group-E264CA5F8311 is not in [RUNNING]: current state is STARTING
2023-08-18 03:36:43,807 [s0@group-E264CA5F8311-LeaderElection145] INFO  impl.LeaderElection (LogUtils.java:infoOrTrace(137)) - s0@group-E264CA5F8311-LeaderElection145 got exception when requesting votes: java.util.concurrent.ExecutionException: org.apache.ratis.thirdparty.io.grpc.StatusRuntimeException: INTERNAL: s1@group-E264CA5F8311 is not in [RUNNING]: current state is STARTING
2023-08-18 03:36:43,807 [s0@group-E264CA5F8311-LeaderElection145] INFO  impl.LeaderElection (LeaderElection.java:logAndReturn(89)) - s0@group-E264CA5F8311-LeaderElection145: PRE_VOTE REJECTED received 0 response(s) and 2 exception(s):
2023-08-18 03:36:43,807 [s0@group-E264CA5F8311-LeaderElection145] INFO  impl.LeaderElection (LogUtils.java:infoOrTrace(137)) -   Exception 0: java.util.concurrent.ExecutionException: org.apache.ratis.thirdparty.io.grpc.StatusRuntimeException: INTERNAL: s2@group-E264CA5F8311 is not in [RUNNING]: current state is STARTING
2023-08-18 03:36:43,807 [s0@group-E264CA5F8311-LeaderElection145] INFO  impl.LeaderElection (LogUtils.java:infoOrTrace(137)) -   Exception 1: java.util.concurrent.ExecutionException: org.apache.ratis.thirdparty.io.grpc.StatusRuntimeException: INTERNAL: s1@group-E264CA5F8311 is not in [RUNNING]: current state is STARTING
2023-08-18 03:36:43,807 [s0@group-E264CA5F8311-LeaderElection145] INFO  impl.LeaderElection (LeaderElection.java:askForVotes(322)) - s0@group-E264CA5F8311-LeaderElection145 PRE_VOTE round 0: result REJECTED
2023-08-18 03:36:43,807 [s0@group-E264CA5F8311-LeaderElection145] INFO  server.RaftServer$Division (RaftServerImpl.java:setRole(371)) - s0@group-E264CA5F8311: changes role from CANDIDATE to FOLLOWER at term 1 for REJECTED
2023-08-18 03:36:43,807 [s0@group-E264CA5F8311-LeaderElection145] INFO  impl.RoleInfo (RoleInfo.java:shutdownLeaderElection(129)) - s0: shutdown s0@group-E264CA5F8311-LeaderElection145
2023-08-18 03:36:43,807 [s0@group-E264CA5F8311-LeaderElection145] INFO  impl.RoleInfo (RoleInfo.java:updateAndGet(138)) - s0: start s0@group-E264CA5F8311-FollowerState
2023-08-18 03:36:43,865 [s1-server-thread1] INFO  server.RaftServer$Division (RaftServerImpl.java:setConfigurationAsync(1238)) - s1@group-E264CA5F8311: receive setConfiguration SetConfigurationRequest:client-255CF6B0DA3F->s1@group-E264CA5F8311, cid=386, seq=0, RW, null, SET_UNCONDITIONALLY, servers:[s1|rpc:0.0.0.0:34459|dataStream:|priority:0|startupRole:FOLLOWER, s2|rpc:0.0.0.0:43137|dataStream:|priority:0|startupRole:FOLLOWER, s0|rpc:localhost:39295|admin:localhost:44843|client:localhost:40991|dataStream:localhost:40677|priority:0|startupRole:FOLLOWER], listeners:[]
2023-08-18 03:36:43,968 [s0-server-thread1] INFO  server.RaftServer$Division (RaftServerImpl.java:setConfigurationAsync(1238)) - s0@group-E264CA5F8311: receive setConfiguration SetConfigurationRequest:client-255CF6B0DA3F->s0@group-E264CA5F8311, cid=386, seq=0, RW, null, SET_UNCONDITIONALLY, servers:[s1|rpc:0.0.0.0:34459|dataStream:|priority:0|startupRole:FOLLOWER, s2|rpc:0.0.0.0:43137|dataStream:|priority:0|startupRole:FOLLOWER, s0|rpc:localhost:39295|admin:localhost:44843|client:localhost:40991|dataStream:localhost:40677|priority:0|startupRole:FOLLOWER], listeners:[]
2023-08-18 03:36:44,075 [s2-server-thread1] INFO  server.RaftServer$Division (RaftServerImpl.java:setConfigurationAsync(1238)) - s2@group-E264CA5F8311: receive setConfiguration SetConfigurationRequest:client-255CF6B0DA3F->s2@group-E264CA5F8311, cid=386, seq=0, RW, null, SET_UNCONDITIONALLY, servers:[s1|rpc:0.0.0.0:34459|dataStream:|priority:0|startupRole:FOLLOWER, s2|rpc:0.0.0.0:43137|dataStream:|priority:0|startupRole:FOLLOWER, s0|rpc:localhost:39295|admin:localhost:44843|client:localhost:40991|dataStream:localhost:40677|priority:0|startupRole:FOLLOWER], listeners:[]
2023-08-18 03:36:44,102 [s0@group-E264CA5F8311-FollowerState] INFO  impl.FollowerState (FollowerState.java:run(143)) - s0@group-E264CA5F8311-FollowerState: change to CANDIDATE, lastRpcElapsedTime:295395261ns, electionTimeout:295ms
2023-08-18 03:36:44,102 [s0@group-E264CA5F8311-FollowerState] INFO  impl.RoleInfo (RoleInfo.java:shutdownFollowerState(109)) - s0: shutdown s0@group-E264CA5F8311-FollowerState
2023-08-18 03:36:44,102 [s0@group-E264CA5F8311-FollowerState] INFO  server.RaftServer$Division (RaftServerImpl.java:setRole(371)) - s0@group-E264CA5F8311: changes role from  FOLLOWER to CANDIDATE at term 1 for changeToCandidate
2023-08-18 03:36:44,102 [s0@group-E264CA5F8311-FollowerState] INFO  server.RaftServerConfigKeys (ConfUtils.java:logGet(46)) - raft.server.leaderelection.pre-vote = true (default)
2023-08-18 03:36:44,102 [s0@group-E264CA5F8311-FollowerState] INFO  impl.RoleInfo (RoleInfo.java:updateAndGet(138)) - s0: start s0@group-E264CA5F8311-LeaderElection146
2023-08-18 03:36:44,103 [s0@group-E264CA5F8311-LeaderElection146] INFO  impl.LeaderElection (LeaderElection.java:askForVotes(320)) - s0@group-E264CA5F8311-LeaderElection146 PRE_VOTE round 0: submit vote requests at term 1 for 255: peers:[s0|rpc:localhost:39295|admin:localhost:44843|client:localhost:40991|dataStream:localhost:40677|priority:0|startupRole:FOLLOWER, s1|rpc:0.0.0.0:34459|dataStream:|priority:0|startupRole:FOLLOWER, s2|rpc:0.0.0.0:43137|dataStream:|priority:0|startupRole:FOLLOWER]|listeners:[], old=peers:[s0|rpc:localhost:39295|admin:localhost:44843|client:localhost:40991|dataStream:localhost:40677|priority:0|startupRole:FOLLOWER]|listeners:[]
2023-08-18 03:36:44,104 [grpc-default-executor-3] INFO  server.RaftServer$Division (RaftServerImpl.java:requestVote(1344)) - s2@group-E264CA5F8311: receive requestVote(PRE_VOTE, s0, group-E264CA5F8311, 1, (t:1, i:255))
2023-08-18 03:36:44,104 [grpc-default-executor-3] WARN  server.GrpcServerProtocolService (LogUtils.java:warn(122)) - s2: Failed requestVote s0->s2#0: org.apache.ratis.protocol.exceptions.ServerNotReadyException: s2@group-E264CA5F8311 is not in [RUNNING]: current state is STARTING
2023-08-18 03:36:44,104 [grpc-default-executor-0] INFO  server.RaftServer$Division (RaftServerImpl.java:requestVote(1344)) - s1@group-E264CA5F8311: receive requestVote(PRE_VOTE, s0, group-E264CA5F8311, 1, (t:1, i:255))
2023-08-18 03:36:44,104 [grpc-default-executor-0] WARN  server.GrpcServerProtocolService (LogUtils.java:warn(122)) - s1: Failed requestVote s0->s1#0: org.apache.ratis.protocol.exceptions.ServerNotReadyException: s1@group-E264CA5F8311 is not in [RUNNING]: current state is STARTING
2023-08-18 03:36:44,104 [s0@group-E264CA5F8311-LeaderElection146] INFO  impl.LeaderElection (LogUtils.java:infoOrTrace(137)) - s0@group-E264CA5F8311-LeaderElection146 got exception when requesting votes: java.util.concurrent.ExecutionException: org.apache.ratis.thirdparty.io.grpc.StatusRuntimeException: INTERNAL: s2@group-E264CA5F8311 is not in [RUNNING]: current state is STARTING
2023-08-18 03:36:44,104 [s0@group-E264CA5F8311-LeaderElection146] INFO  impl.LeaderElection (LogUtils.java:infoOrTrace(137)) - s0@group-E264CA5F8311-LeaderElection146 got exception when requesting votes: java.util.concurrent.ExecutionException: org.apache.ratis.thirdparty.io.grpc.StatusRuntimeException: INTERNAL: s1@group-E264CA5F8311 is not in [RUNNING]: current state is STARTING
2023-08-18 03:36:44,104 [s0@group-E264CA5F8311-LeaderElection146] INFO  impl.LeaderElection (LeaderElection.java:logAndReturn(89)) - s0@group-E264CA5F8311-LeaderElection146: PRE_VOTE REJECTED received 0 response(s) and 2 exception(s):
2023-08-18 03:36:44,104 [s0@group-E264CA5F8311-LeaderElection146] INFO  impl.LeaderElection (LogUtils.java:infoOrTrace(137)) -   Exception 0: java.util.concurrent.ExecutionException: org.apache.ratis.thirdparty.io.grpc.StatusRuntimeException: INTERNAL: s2@group-E264CA5F8311 is not in [RUNNING]: current state is STARTING
2023-08-18 03:36:44,104 [s0@group-E264CA5F8311-LeaderElection146] INFO  impl.LeaderElection (LogUtils.java:infoOrTrace(137)) -   Exception 1: java.util.concurrent.ExecutionException: org.apache.ratis.thirdparty.io.grpc.StatusRuntimeException: INTERNAL: s1@group-E264CA5F8311 is not in [RUNNING]: current state is STARTING
2023-08-18 03:36:44,104 [s0@group-E264CA5F8311-LeaderElection146] INFO  impl.LeaderElection (LeaderElection.java:askForVotes(322)) - s0@group-E264CA5F8311-LeaderElection146 PRE_VOTE round 0: result REJECTED
2023-08-18 03:36:44,104 [s0@group-E264CA5F8311-LeaderElection146] INFO  server.RaftServer$Division (RaftServerImpl.java:setRole(371)) - s0@group-E264CA5F8311: changes role from CANDIDATE to FOLLOWER at term 1 for REJECTED
2023-08-18 03:36:44,104 [s0@group-E264CA5F8311-LeaderElection146] INFO  impl.RoleInfo (RoleInfo.java:shutdownLeaderElection(129)) - s0: shutdown s0@group-E264CA5F8311-LeaderElection146
2023-08-18 03:36:44,104 [s0@group-E264CA5F8311-LeaderElection146] INFO  impl.RoleInfo (RoleInfo.java:updateAndGet(138)) - s0: start s0@group-E264CA5F8311-FollowerState
2023-08-18 03:36:44,179 [s0-server-thread1] INFO  server.RaftServer$Division (RaftServerImpl.java:setConfigurationAsync(1238)) - s0@group-E264CA5F8311: receive setConfiguration SetConfigurationRequest:client-255CF6B0DA3F->s0@group-E264CA5F8311, cid=386, seq=0, RW, null, SET_UNCONDITIONALLY, servers:[s1|rpc:0.0.0.0:34459|dataStream:|priority:0|startupRole:FOLLOWER, s2|rpc:0.0.0.0:43137|dataStream:|priority:0|startupRole:FOLLOWER, s0|rpc:localhost:39295|admin:localhost:44843|client:localhost:40991|dataStream:localhost:40677|priority:0|startupRole:FOLLOWER], listeners:[]
2023-08-18 03:36:44,283 [s1-server-thread1] INFO  server.RaftServer$Division (RaftServerImpl.java:setConfigurationAsync(1238)) - s1@group-E264CA5F8311: receive setConfiguration SetConfigurationRequest:client-255CF6B0DA3F->s1@group-E264CA5F8311, cid=386, seq=0, RW, null, SET_UNCONDITIONALLY, servers:[s1|rpc:0.0.0.0:34459|dataStream:|priority:0|startupRole:FOLLOWER, s2|rpc:0.0.0.0:43137|dataStream:|priority:0|startupRole:FOLLOWER, s0|rpc:localhost:39295|admin:localhost:44843|client:localhost:40991|dataStream:localhost:40677|priority:0|startupRole:FOLLOWER], listeners:[]
2023-08-18 03:36:44,313 [s0@group-E264CA5F8311-FollowerState] INFO  impl.FollowerState (FollowerState.java:run(143)) - s0@group-E264CA5F8311-FollowerState: change to CANDIDATE, lastRpcElapsedTime:208354550ns, electionTimeout:208ms
2023-08-18 03:36:44,313 [s0@group-E264CA5F8311-FollowerState] INFO  impl.RoleInfo (RoleInfo.java:shutdownFollowerState(109)) - s0: shutdown s0@group-E264CA5F8311-FollowerState
2023-08-18 03:36:44,313 [s0@group-E264CA5F8311-FollowerState] INFO  server.RaftServer$Division (RaftServerImpl.java:setRole(371)) - s0@group-E264CA5F8311: changes role from  FOLLOWER to CANDIDATE at term 1 for changeToCandidate
2023-08-18 03:36:44,313 [s0@group-E264CA5F8311-FollowerState] INFO  server.RaftServerConfigKeys (ConfUtils.java:logGet(46)) - raft.server.leaderelection.pre-vote = true (default)
2023-08-18 03:36:44,313 [s0@group-E264CA5F8311-FollowerState] INFO  impl.RoleInfo (RoleInfo.java:updateAndGet(138)) - s0: start s0@group-E264CA5F8311-LeaderElection147
2023-08-18 03:36:44,313 [s0@group-E264CA5F8311-LeaderElection147] INFO  impl.LeaderElection (LeaderElection.java:askForVotes(320)) - s0@group-E264CA5F8311-LeaderElection147 PRE_VOTE round 0: submit vote requests at term 1 for 255: peers:[s0|rpc:localhost:39295|admin:localhost:44843|client:localhost:40991|dataStream:localhost:40677|priority:0|startupRole:FOLLOWER, s1|rpc:0.0.0.0:34459|dataStream:|priority:0|startupRole:FOLLOWER, s2|rpc:0.0.0.0:43137|dataStream:|priority:0|startupRole:FOLLOWER]|listeners:[], old=peers:[s0|rpc:localhost:39295|admin:localhost:44843|client:localhost:40991|dataStream:localhost:40677|priority:0|startupRole:FOLLOWER]|listeners:[]
2023-08-18 03:36:44,314 [grpc-default-executor-3] INFO  server.RaftServer$Division (RaftServerImpl.java:requestVote(1344)) - s1@group-E264CA5F8311: receive requestVote(PRE_VOTE, s0, group-E264CA5F8311, 1, (t:1, i:255))
2023-08-18 03:36:44,314 [grpc-default-executor-3] WARN  server.GrpcServerProtocolService (LogUtils.java:warn(122)) - s1: Failed requestVote s0->s1#0: org.apache.ratis.protocol.exceptions.ServerNotReadyException: s1@group-E264CA5F8311 is not in [RUNNING]: current state is STARTING
2023-08-18 03:36:44,315 [grpc-default-executor-3] INFO  server.RaftServer$Division (RaftServerImpl.java:requestVote(1344)) - s2@group-E264CA5F8311: receive requestVote(PRE_VOTE, s0, group-E264CA5F8311, 1, (t:1, i:255))
2023-08-18 03:36:44,315 [grpc-default-executor-3] WARN  server.GrpcServerProtocolService (LogUtils.java:warn(122)) - s2: Failed requestVote s0->s2#0: org.apache.ratis.protocol.exceptions.ServerNotReadyException: s2@group-E264CA5F8311 is not in [RUNNING]: current state is STARTING
2023-08-18 03:36:44,315 [s0@group-E264CA5F8311-LeaderElection147] INFO  impl.LeaderElection (LogUtils.java:infoOrTrace(137)) - s0@group-E264CA5F8311-LeaderElection147 got exception when requesting votes: java.util.concurrent.ExecutionException: org.apache.ratis.thirdparty.io.grpc.StatusRuntimeException: INTERNAL: s1@group-E264CA5F8311 is not in [RUNNING]: current state is STARTING
2023-08-18 03:36:44,315 [s0@group-E264CA5F8311-LeaderElection147] INFO  impl.LeaderElection (LogUtils.java:infoOrTrace(137)) - s0@group-E264CA5F8311-LeaderElection147 got exception when requesting votes: java.util.concurrent.ExecutionException: org.apache.ratis.thirdparty.io.grpc.StatusRuntimeException: INTERNAL: s2@group-E264CA5F8311 is not in [RUNNING]: current state is STARTING
2023-08-18 03:36:44,315 [s0@group-E264CA5F8311-LeaderElection147] INFO  impl.LeaderElection (LeaderElection.java:logAndReturn(89)) - s0@group-E264CA5F8311-LeaderElection147: PRE_VOTE REJECTED received 0 response(s) and 2 exception(s):
2023-08-18 03:36:44,315 [s0@group-E264CA5F8311-LeaderElection147] INFO  impl.LeaderElection (LogUtils.java:infoOrTrace(137)) -   Exception 0: java.util.concurrent.ExecutionException: org.apache.ratis.thirdparty.io.grpc.StatusRuntimeException: INTERNAL: s1@group-E264CA5F8311 is not in [RUNNING]: current state is STARTING
2023-08-18 03:36:44,315 [s0@group-E264CA5F8311-LeaderElection147] INFO  impl.LeaderElection (LogUtils.java:infoOrTrace(137)) -   Exception 1: java.util.concurrent.ExecutionException: org.apache.ratis.thirdparty.io.grpc.StatusRuntimeException: INTERNAL: s2@group-E264CA5F8311 is not in [RUNNING]: current state is STARTING
2023-08-18 03:36:44,315 [s0@group-E264CA5F8311-LeaderElection147] INFO  impl.LeaderElection (LeaderElection.java:askForVotes(322)) - s0@group-E264CA5F8311-LeaderElection147 PRE_VOTE round 0: result REJECTED
2023-08-18 03:36:44,315 [s0@group-E264CA5F8311-LeaderElection147] INFO  server.RaftServer$Division (RaftServerImpl.java:setRole(371)) - s0@group-E264CA5F8311: changes role from CANDIDATE to FOLLOWER at term 1 for REJECTED
2023-08-18 03:36:44,315 [s0@group-E264CA5F8311-LeaderElection147] INFO  impl.RoleInfo (RoleInfo.java:shutdownLeaderElection(129)) - s0: shutdown s0@group-E264CA5F8311-LeaderElection147
2023-08-18 03:36:44,315 [s0@group-E264CA5F8311-LeaderElection147] INFO  impl.RoleInfo (RoleInfo.java:updateAndGet(138)) - s0: start s0@group-E264CA5F8311-FollowerState
2023-08-18 03:36:44,387 [s2-server-thread1] INFO  server.RaftServer$Division (RaftServerImpl.java:setConfigurationAsync(1238)) - s2@group-E264CA5F8311: receive setConfiguration SetConfigurationRequest:client-255CF6B0DA3F->s2@group-E264CA5F8311, cid=386, seq=0, RW, null, SET_UNCONDITIONALLY, servers:[s1|rpc:0.0.0.0:34459|dataStream:|priority:0|startupRole:FOLLOWER, s2|rpc:0.0.0.0:43137|dataStream:|priority:0|startupRole:FOLLOWER, s0|rpc:localhost:39295|admin:localhost:44843|client:localhost:40991|dataStream:localhost:40677|priority:0|startupRole:FOLLOWER], listeners:[]
2023-08-18 03:36:44,491 [s0-server-thread1] INFO  server.RaftServer$Division (RaftServerImpl.java:setConfigurationAsync(1238)) - s0@group-E264CA5F8311: receive setConfiguration SetConfigurationRequest:client-255CF6B0DA3F->s0@group-E264CA5F8311, cid=386, seq=0, RW, null, SET_UNCONDITIONALLY, servers:[s1|rpc:0.0.0.0:34459|dataStream:|priority:0|startupRole:FOLLOWER, s2|rpc:0.0.0.0:43137|dataStream:|priority:0|startupRole:FOLLOWER, s0|rpc:localhost:39295|admin:localhost:44843|client:localhost:40991|dataStream:localhost:40677|priority:0|startupRole:FOLLOWER], listeners:[]
2023-08-18 03:36:44,596 [s1-server-thread1] INFO  server.RaftServer$Division (RaftServerImpl.java:setConfigurationAsync(1238)) - s1@group-E264CA5F8311: receive setConfiguration SetConfigurationRequest:client-255CF6B0DA3F->s1@group-E264CA5F8311, cid=386, seq=0, RW, null, SET_UNCONDITIONALLY, servers:[s1|rpc:0.0.0.0:34459|dataStream:|priority:0|startupRole:FOLLOWER, s2|rpc:0.0.0.0:43137|dataStream:|priority:0|startupRole:FOLLOWER, s0|rpc:localhost:39295|admin:localhost:44843|client:localhost:40991|dataStream:localhost:40677|priority:0|startupRole:FOLLOWER], listeners:[]
2023-08-18 03:36:44,598 [s0@group-E264CA5F8311-FollowerState] INFO  impl.FollowerState (FollowerState.java:run(143)) - s0@group-E264CA5F8311-FollowerState: change to CANDIDATE, lastRpcElapsedTime:282253665ns, electionTimeout:282ms
2023-08-18 03:36:44,598 [s0@group-E264CA5F8311-FollowerState] INFO  impl.RoleInfo (RoleInfo.java:shutdownFollowerState(109)) - s0: shutdown s0@group-E264CA5F8311-FollowerState
2023-08-18 03:36:44,598 [s0@group-E264CA5F8311-FollowerState] INFO  server.RaftServer$Division (RaftServerImpl.java:setRole(371)) - s0@group-E264CA5F8311: changes role from  FOLLOWER to CANDIDATE at term 1 for changeToCandidate
2023-08-18 03:36:44,598 [s0@group-E264CA5F8311-FollowerState] INFO  server.RaftServerConfigKeys (ConfUtils.java:logGet(46)) - raft.server.leaderelection.pre-vote = true (default)
2023-08-18 03:36:44,598 [s0@group-E264CA5F8311-FollowerState] INFO  impl.RoleInfo (RoleInfo.java:updateAndGet(138)) - s0: start s0@group-E264CA5F8311-LeaderElection148
2023-08-18 03:36:44,598 [s0@group-E264CA5F8311-LeaderElection148] INFO  impl.LeaderElection (LeaderElection.java:askForVotes(320)) - s0@group-E264CA5F8311-LeaderElection148 PRE_VOTE round 0: submit vote requests at term 1 for 255: peers:[s0|rpc:localhost:39295|admin:localhost:44843|client:localhost:40991|dataStream:localhost:40677|priority:0|startupRole:FOLLOWER, s1|rpc:0.0.0.0:34459|dataStream:|priority:0|startupRole:FOLLOWER, s2|rpc:0.0.0.0:43137|dataStream:|priority:0|startupRole:FOLLOWER]|listeners:[], old=peers:[s0|rpc:localhost:39295|admin:localhost:44843|client:localhost:40991|dataStream:localhost:40677|priority:0|startupRole:FOLLOWER]|listeners:[]
2023-08-18 03:36:44,599 [grpc-default-executor-3] INFO  server.RaftServer$Division (RaftServerImpl.java:requestVote(1344)) - s1@group-E264CA5F8311: receive requestVote(PRE_VOTE, s0, group-E264CA5F8311, 1, (t:1, i:255))
2023-08-18 03:36:44,599 [grpc-default-executor-3] WARN  server.GrpcServerProtocolService (LogUtils.java:warn(122)) - s1: Failed requestVote s0->s1#0: org.apache.ratis.protocol.exceptions.ServerNotReadyException: s1@group-E264CA5F8311 is not in [RUNNING]: current state is STARTING
2023-08-18 03:36:44,599 [s0@group-E264CA5F8311-LeaderElection148] INFO  impl.LeaderElection (LogUtils.java:infoOrTrace(137)) - s0@group-E264CA5F8311-LeaderElection148 got exception when requesting votes: java.util.concurrent.ExecutionException: org.apache.ratis.thirdparty.io.grpc.StatusRuntimeException: INTERNAL: s1@group-E264CA5F8311 is not in [RUNNING]: current state is STARTING
2023-08-18 03:36:44,600 [grpc-default-executor-3] INFO  server.RaftServer$Division (RaftServerImpl.java:requestVote(1344)) - s2@group-E264CA5F8311: receive requestVote(PRE_VOTE, s0, group-E264CA5F8311, 1, (t:1, i:255))
2023-08-18 03:36:44,600 [grpc-default-executor-3] WARN  server.GrpcServerProtocolService (LogUtils.java:warn(122)) - s2: Failed requestVote s0->s2#0: org.apache.ratis.protocol.exceptions.ServerNotReadyException: s2@group-E264CA5F8311 is not in [RUNNING]: current state is STARTING
2023-08-18 03:36:44,600 [s0@group-E264CA5F8311-LeaderElection148] INFO  impl.LeaderElection (LogUtils.java:infoOrTrace(137)) - s0@group-E264CA5F8311-LeaderElection148 got exception when requesting votes: java.util.concurrent.ExecutionException: org.apache.ratis.thirdparty.io.grpc.StatusRuntimeException: INTERNAL: s2@group-E264CA5F8311 is not in [RUNNING]: current state is STARTING
2023-08-18 03:36:44,600 [s0@group-E264CA5F8311-LeaderElection148] INFO  impl.LeaderElection (LeaderElection.java:logAndReturn(89)) - s0@group-E264CA5F8311-LeaderElection148: PRE_VOTE REJECTED received 0 response(s) and 2 exception(s):
2023-08-18 03:36:44,600 [s0@group-E264CA5F8311-LeaderElection148] INFO  impl.LeaderElection (LogUtils.java:infoOrTrace(137)) -   Exception 0: java.util.concurrent.ExecutionException: org.apache.ratis.thirdparty.io.grpc.StatusRuntimeException: INTERNAL: s1@group-E264CA5F8311 is not in [RUNNING]: current state is STARTING
2023-08-18 03:36:44,600 [s0@group-E264CA5F8311-LeaderElection148] INFO  impl.LeaderElection (LogUtils.java:infoOrTrace(137)) -   Exception 1: java.util.concurrent.ExecutionException: org.apache.ratis.thirdparty.io.grpc.StatusRuntimeException: INTERNAL: s2@group-E264CA5F8311 is not in [RUNNING]: current state is STARTING
2023-08-18 03:36:44,600 [s0@group-E264CA5F8311-LeaderElection148] INFO  impl.LeaderElection (LeaderElection.java:askForVotes(322)) - s0@group-E264CA5F8311-LeaderElection148 PRE_VOTE round 0: result REJECTED
2023-08-18 03:36:44,600 [s0@group-E264CA5F8311-LeaderElection148] INFO  server.RaftServer$Division (RaftServerImpl.java:setRole(371)) - s0@group-E264CA5F8311: changes role from CANDIDATE to FOLLOWER at term 1 for REJECTED
2023-08-18 03:36:44,600 [s0@group-E264CA5F8311-LeaderElection148] INFO  impl.RoleInfo (RoleInfo.java:shutdownLeaderElection(129)) - s0: shutdown s0@group-E264CA5F8311-LeaderElection148
2023-08-18 03:36:44,600 [s0@group-E264CA5F8311-LeaderElection148] INFO  impl.RoleInfo (RoleInfo.java:updateAndGet(138)) - s0: start s0@group-E264CA5F8311-FollowerState
2023-08-18 03:36:44,700 [s2-server-thread1] INFO  server.RaftServer$Division (RaftServerImpl.java:setConfigurationAsync(1238)) - s2@group-E264CA5F8311: receive setConfiguration SetConfigurationRequest:client-255CF6B0DA3F->s2@group-E264CA5F8311, cid=386, seq=0, RW, null, SET_UNCONDITIONALLY, servers:[s1|rpc:0.0.0.0:34459|dataStream:|priority:0|startupRole:FOLLOWER, s2|rpc:0.0.0.0:43137|dataStream:|priority:0|startupRole:FOLLOWER, s0|rpc:localhost:39295|admin:localhost:44843|client:localhost:40991|dataStream:localhost:40677|priority:0|startupRole:FOLLOWER], listeners:[]
2023-08-18 03:36:44,803 [s1-server-thread1] INFO  server.RaftServer$Division (RaftServerImpl.java:setConfigurationAsync(1238)) - s1@group-E264CA5F8311: receive setConfiguration SetConfigurationRequest:client-255CF6B0DA3F->s1@group-E264CA5F8311, cid=386, seq=0, RW, null, SET_UNCONDITIONALLY, servers:[s1|rpc:0.0.0.0:34459|dataStream:|priority:0|startupRole:FOLLOWER, s2|rpc:0.0.0.0:43137|dataStream:|priority:0|startupRole:FOLLOWER, s0|rpc:localhost:39295|admin:localhost:44843|client:localhost:40991|dataStream:localhost:40677|priority:0|startupRole:FOLLOWER], listeners:[]
2023-08-18 03:36:44,889 [s0@group-E264CA5F8311-FollowerState] INFO  impl.FollowerState (FollowerState.java:run(143)) - s0@group-E264CA5F8311-FollowerState: change to CANDIDATE, lastRpcElapsedTime:289012712ns, electionTimeout:286ms
2023-08-18 03:36:44,889 [s0@group-E264CA5F8311-FollowerState] INFO  impl.RoleInfo (RoleInfo.java:shutdownFollowerState(109)) - s0: shutdown s0@group-E264CA5F8311-FollowerState
2023-08-18 03:36:44,889 [s0@group-E264CA5F8311-FollowerState] INFO  server.RaftServer$Division (RaftServerImpl.java:setRole(371)) - s0@group-E264CA5F8311: changes role from  FOLLOWER to CANDIDATE at term 1 for changeToCandidate
2023-08-18 03:36:44,890 [s0@group-E264CA5F8311-FollowerState] INFO  server.RaftServerConfigKeys (ConfUtils.java:logGet(46)) - raft.server.leaderelection.pre-vote = true (default)
2023-08-18 03:36:44,890 [s0@group-E264CA5F8311-FollowerState] INFO  impl.RoleInfo (RoleInfo.java:updateAndGet(138)) - s0: start s0@group-E264CA5F8311-LeaderElection149
2023-08-18 03:36:44,890 [s0@group-E264CA5F8311-LeaderElection149] INFO  impl.LeaderElection (LeaderElection.java:askForVotes(320)) - s0@group-E264CA5F8311-LeaderElection149 PRE_VOTE round 0: submit vote requests at term 1 for 255: peers:[s0|rpc:localhost:39295|admin:localhost:44843|client:localhost:40991|dataStream:localhost:40677|priority:0|startupRole:FOLLOWER, s1|rpc:0.0.0.0:34459|dataStream:|priority:0|startupRole:FOLLOWER, s2|rpc:0.0.0.0:43137|dataStream:|priority:0|startupRole:FOLLOWER]|listeners:[], old=peers:[s0|rpc:localhost:39295|admin:localhost:44843|client:localhost:40991|dataStream:localhost:40677|priority:0|startupRole:FOLLOWER]|listeners:[]
2023-08-18 03:36:44,891 [grpc-default-executor-3] INFO  server.RaftServer$Division (RaftServerImpl.java:requestVote(1344)) - s1@group-E264CA5F8311: receive requestVote(PRE_VOTE, s0, group-E264CA5F8311, 1, (t:1, i:255))
2023-08-18 03:36:44,891 [grpc-default-executor-3] WARN  server.GrpcServerProtocolService (LogUtils.java:warn(122)) - s1: Failed requestVote s0->s1#0: org.apache.ratis.protocol.exceptions.ServerNotReadyException: s1@group-E264CA5F8311 is not in [RUNNING]: current state is STARTING
2023-08-18 03:36:44,891 [grpc-default-executor-3] INFO  server.RaftServer$Division (RaftServerImpl.java:requestVote(1344)) - s2@group-E264CA5F8311: receive requestVote(PRE_VOTE, s0, group-E264CA5F8311, 1, (t:1, i:255))
2023-08-18 03:36:44,891 [grpc-default-executor-3] WARN  server.GrpcServerProtocolService (LogUtils.java:warn(122)) - s2: Failed requestVote s0->s2#0: org.apache.ratis.protocol.exceptions.ServerNotReadyException: s2@group-E264CA5F8311 is not in [RUNNING]: current state is STARTING
2023-08-18 03:36:44,892 [s0@group-E264CA5F8311-LeaderElection149] INFO  impl.LeaderElection (LogUtils.java:infoOrTrace(137)) - s0@group-E264CA5F8311-LeaderElection149 got exception when requesting votes: java.util.concurrent.ExecutionException: org.apache.ratis.thirdparty.io.grpc.StatusRuntimeException: INTERNAL: s1@group-E264CA5F8311 is not in [RUNNING]: current state is STARTING
2023-08-18 03:36:44,892 [s0@group-E264CA5F8311-LeaderElection149] INFO  impl.LeaderElection (LogUtils.java:infoOrTrace(137)) - s0@group-E264CA5F8311-LeaderElection149 got exception when requesting votes: java.util.concurrent.ExecutionException: org.apache.ratis.thirdparty.io.grpc.StatusRuntimeException: INTERNAL: s2@group-E264CA5F8311 is not in [RUNNING]: current state is STARTING
2023-08-18 03:36:44,892 [s0@group-E264CA5F8311-LeaderElection149] INFO  impl.LeaderElection (LeaderElection.java:logAndReturn(89)) - s0@group-E264CA5F8311-LeaderElection149: PRE_VOTE REJECTED received 0 response(s) and 2 exception(s):
2023-08-18 03:36:44,892 [s0@group-E264CA5F8311-LeaderElection149] INFO  impl.LeaderElection (LogUtils.java:infoOrTrace(137)) -   Exception 0: java.util.concurrent.ExecutionException: org.apache.ratis.thirdparty.io.grpc.StatusRuntimeException: INTERNAL: s1@group-E264CA5F8311 is not in [RUNNING]: current state is STARTING
2023-08-18 03:36:44,892 [s0@group-E264CA5F8311-LeaderElection149] INFO  impl.LeaderElection (LogUtils.java:infoOrTrace(137)) -   Exception 1: java.util.concurrent.ExecutionException: org.apache.ratis.thirdparty.io.grpc.StatusRuntimeException: INTERNAL: s2@group-E264CA5F8311 is not in [RUNNING]: current state is STARTING
2023-08-18 03:36:44,892 [s0@group-E264CA5F8311-LeaderElection149] INFO  impl.LeaderElection (LeaderElection.java:askForVotes(322)) - s0@group-E264CA5F8311-LeaderElection149 PRE_VOTE round 0: result REJECTED
2023-08-18 03:36:44,892 [s0@group-E264CA5F8311-LeaderElection149] INFO  server.RaftServer$Division (RaftServerImpl.java:setRole(371)) - s0@group-E264CA5F8311: changes role from CANDIDATE to FOLLOWER at term 1 for REJECTED
2023-08-18 03:36:44,892 [s0@group-E264CA5F8311-LeaderElection149] INFO  impl.RoleInfo (RoleInfo.java:shutdownLeaderElection(129)) - s0: shutdown s0@group-E264CA5F8311-LeaderElection149
2023-08-18 03:36:44,892 [s0@group-E264CA5F8311-LeaderElection149] INFO  impl.RoleInfo (RoleInfo.java:updateAndGet(138)) - s0: start s0@group-E264CA5F8311-FollowerState
2023-08-18 03:36:44,907 [s0-server-thread1] INFO  server.RaftServer$Division (RaftServerImpl.java:setConfigurationAsync(1238)) - s0@group-E264CA5F8311: receive setConfiguration SetConfigurationRequest:client-255CF6B0DA3F->s0@group-E264CA5F8311, cid=386, seq=0, RW, null, SET_UNCONDITIONALLY, servers:[s1|rpc:0.0.0.0:34459|dataStream:|priority:0|startupRole:FOLLOWER, s2|rpc:0.0.0.0:43137|dataStream:|priority:0|startupRole:FOLLOWER, s0|rpc:localhost:39295|admin:localhost:44843|client:localhost:40991|dataStream:localhost:40677|priority:0|startupRole:FOLLOWER], listeners:[]
2023-08-18 03:36:45,011 [s2-server-thread1] INFO  server.RaftServer$Division (RaftServerImpl.java:setConfigurationAsync(1238)) - s2@group-E264CA5F8311: receive setConfiguration SetConfigurationRequest:client-255CF6B0DA3F->s2@group-E264CA5F8311, cid=386, seq=0, RW, null, SET_UNCONDITIONALLY, servers:[s1|rpc:0.0.0.0:34459|dataStream:|priority:0|startupRole:FOLLOWER, s2|rpc:0.0.0.0:43137|dataStream:|priority:0|startupRole:FOLLOWER, s0|rpc:localhost:39295|admin:localhost:44843|client:localhost:40991|dataStream:localhost:40677|priority:0|startupRole:FOLLOWER], listeners:[]
2023-08-18 03:36:45,115 [s0-server-thread1] INFO  server.RaftServer$Division (RaftServerImpl.java:setConfigurationAsync(1238)) - s0@group-E264CA5F8311: receive setConfiguration SetConfigurationRequest:client-255CF6B0DA3F->s0@group-E264CA5F8311, cid=386, seq=0, RW, null, SET_UNCONDITIONALLY, servers:[s1|rpc:0.0.0.0:34459|dataStream:|priority:0|startupRole:FOLLOWER, s2|rpc:0.0.0.0:43137|dataStream:|priority:0|startupRole:FOLLOWER, s0|rpc:localhost:39295|admin:localhost:44843|client:localhost:40991|dataStream:localhost:40677|priority:0|startupRole:FOLLOWER], listeners:[]
2023-08-18 03:36:45,136 [s0@group-E264CA5F8311-FollowerState] INFO  impl.FollowerState (FollowerState.java:run(143)) - s0@group-E264CA5F8311-FollowerState: change to CANDIDATE, lastRpcElapsedTime:244435365ns, electionTimeout:244ms
2023-08-18 03:36:45,137 [s0@group-E264CA5F8311-FollowerState] INFO  impl.RoleInfo (RoleInfo.java:shutdownFollowerState(109)) - s0: shutdown s0@group-E264CA5F8311-FollowerState
2023-08-18 03:36:45,137 [s0@group-E264CA5F8311-FollowerState] INFO  server.RaftServer$Division (RaftServerImpl.java:setRole(371)) - s0@group-E264CA5F8311: changes role from  FOLLOWER to CANDIDATE at term 1 for changeToCandidate
2023-08-18 03:36:45,137 [s0@group-E264CA5F8311-FollowerState] INFO  server.RaftServerConfigKeys (ConfUtils.java:logGet(46)) - raft.server.leaderelection.pre-vote = true (default)
2023-08-18 03:36:45,137 [s0@group-E264CA5F8311-FollowerState] INFO  impl.RoleInfo (RoleInfo.java:updateAndGet(138)) - s0: start s0@group-E264CA5F8311-LeaderElection150
2023-08-18 03:36:45,137 [s0@group-E264CA5F8311-LeaderElection150] INFO  impl.LeaderElection (LeaderElection.java:askForVotes(320)) - s0@group-E264CA5F8311-LeaderElection150 PRE_VOTE round 0: submit vote requests at term 1 for 255: peers:[s0|rpc:localhost:39295|admin:localhost:44843|client:localhost:40991|dataStream:localhost:40677|priority:0|startupRole:FOLLOWER, s1|rpc:0.0.0.0:34459|dataStream:|priority:0|startupRole:FOLLOWER, s2|rpc:0.0.0.0:43137|dataStream:|priority:0|startupRole:FOLLOWER]|listeners:[], old=peers:[s0|rpc:localhost:39295|admin:localhost:44843|client:localhost:40991|dataStream:localhost:40677|priority:0|startupRole:FOLLOWER]|listeners:[]
2023-08-18 03:36:45,138 [grpc-default-executor-3] INFO  server.RaftServer$Division (RaftServerImpl.java:requestVote(1344)) - s2@group-E264CA5F8311: receive requestVote(PRE_VOTE, s0, group-E264CA5F8311, 1, (t:1, i:255))
2023-08-18 03:36:45,138 [grpc-default-executor-3] WARN  server.GrpcServerProtocolService (LogUtils.java:warn(122)) - s2: Failed requestVote s0->s2#0: org.apache.ratis.protocol.exceptions.ServerNotReadyException: s2@group-E264CA5F8311 is not in [RUNNING]: current state is STARTING
2023-08-18 03:36:45,138 [grpc-default-executor-0] INFO  server.RaftServer$Division (RaftServerImpl.java:requestVote(1344)) - s1@group-E264CA5F8311: receive requestVote(PRE_VOTE, s0, group-E264CA5F8311, 1, (t:1, i:255))
2023-08-18 03:36:45,138 [grpc-default-executor-0] WARN  server.GrpcServerProtocolService (LogUtils.java:warn(122)) - s1: Failed requestVote s0->s1#0: org.apache.ratis.protocol.exceptions.ServerNotReadyException: s1@group-E264CA5F8311 is not in [RUNNING]: current state is STARTING
2023-08-18 03:36:45,139 [s0@group-E264CA5F8311-LeaderElection150] INFO  impl.LeaderElection (LogUtils.java:infoOrTrace(137)) - s0@group-E264CA5F8311-LeaderElection150 got exception when requesting votes: java.util.concurrent.ExecutionException: org.apache.ratis.thirdparty.io.grpc.StatusRuntimeException: INTERNAL: s2@group-E264CA5F8311 is not in [RUNNING]: current state is STARTING
2023-08-18 03:36:45,139 [s0@group-E264CA5F8311-LeaderElection150] INFO  impl.LeaderElection (LogUtils.java:infoOrTrace(137)) - s0@group-E264CA5F8311-LeaderElection150 got exception when requesting votes: java.util.concurrent.ExecutionException: org.apache.ratis.thirdparty.io.grpc.StatusRuntimeException: INTERNAL: s1@group-E264CA5F8311 is not in [RUNNING]: current state is STARTING
2023-08-18 03:36:45,139 [s0@group-E264CA5F8311-LeaderElection150] INFO  impl.LeaderElection (LeaderElection.java:logAndReturn(89)) - s0@group-E264CA5F8311-LeaderElection150: PRE_VOTE REJECTED received 0 response(s) and 2 exception(s):
2023-08-18 03:36:45,139 [s0@group-E264CA5F8311-LeaderElection150] INFO  impl.LeaderElection (LogUtils.java:infoOrTrace(137)) -   Exception 0: java.util.concurrent.ExecutionException: org.apache.ratis.thirdparty.io.grpc.StatusRuntimeException: INTERNAL: s2@group-E264CA5F8311 is not in [RUNNING]: current state is STARTING
2023-08-18 03:36:45,139 [s0@group-E264CA5F8311-LeaderElection150] INFO  impl.LeaderElection (LogUtils.java:infoOrTrace(137)) -   Exception 1: java.util.concurrent.ExecutionException: org.apache.ratis.thirdparty.io.grpc.StatusRuntimeException: INTERNAL: s1@group-E264CA5F8311 is not in [RUNNING]: current state is STARTING
2023-08-18 03:36:45,139 [s0@group-E264CA5F8311-LeaderElection150] INFO  impl.LeaderElection (LeaderElection.java:askForVotes(322)) - s0@group-E264CA5F8311-LeaderElection150 PRE_VOTE round 0: result REJECTED
2023-08-18 03:36:45,139 [s0@group-E264CA5F8311-LeaderElection150] INFO  server.RaftServer$Division (RaftServerImpl.java:setRole(371)) - s0@group-E264CA5F8311: changes role from CANDIDATE to FOLLOWER at term 1 for REJECTED
2023-08-18 03:36:45,139 [s0@group-E264CA5F8311-LeaderElection150] INFO  impl.RoleInfo (RoleInfo.java:shutdownLeaderElection(129)) - s0: shutdown s0@group-E264CA5F8311-LeaderElection150
2023-08-18 03:36:45,139 [s0@group-E264CA5F8311-LeaderElection150] INFO  impl.RoleInfo (RoleInfo.java:updateAndGet(138)) - s0: start s0@group-E264CA5F8311-FollowerState
2023-08-18 03:36:45,219 [s2-server-thread1] INFO  server.RaftServer$Division (RaftServerImpl.java:setConfigurationAsync(1238)) - s2@group-E264CA5F8311: receive setConfiguration SetConfigurationRequest:client-255CF6B0DA3F->s2@group-E264CA5F8311, cid=386, seq=0, RW, null, SET_UNCONDITIONALLY, servers:[s1|rpc:0.0.0.0:34459|dataStream:|priority:0|startupRole:FOLLOWER, s2|rpc:0.0.0.0:43137|dataStream:|priority:0|startupRole:FOLLOWER, s0|rpc:localhost:39295|admin:localhost:44843|client:localhost:40991|dataStream:localhost:40677|priority:0|startupRole:FOLLOWER], listeners:[]
2023-08-18 03:36:45,323 [s0-server-thread1] INFO  server.RaftServer$Division (RaftServerImpl.java:setConfigurationAsync(1238)) - s0@group-E264CA5F8311: receive setConfiguration SetConfigurationRequest:client-255CF6B0DA3F->s0@group-E264CA5F8311, cid=386, seq=0, RW, null, SET_UNCONDITIONALLY, servers:[s1|rpc:0.0.0.0:34459|dataStream:|priority:0|startupRole:FOLLOWER, s2|rpc:0.0.0.0:43137|dataStream:|priority:0|startupRole:FOLLOWER, s0|rpc:localhost:39295|admin:localhost:44843|client:localhost:40991|dataStream:localhost:40677|priority:0|startupRole:FOLLOWER], listeners:[]
2023-08-18 03:36:45,405 [s0@group-E264CA5F8311-FollowerState] INFO  impl.FollowerState (FollowerState.java:run(143)) - s0@group-E264CA5F8311-FollowerState: change to CANDIDATE, lastRpcElapsedTime:266273592ns, electionTimeout:266ms
2023-08-18 03:36:45,405 [s0@group-E264CA5F8311-FollowerState] INFO  impl.RoleInfo (RoleInfo.java:shutdownFollowerState(109)) - s0: shutdown s0@group-E264CA5F8311-FollowerState
2023-08-18 03:36:45,405 [s0@group-E264CA5F8311-FollowerState] INFO  server.RaftServer$Division (RaftServerImpl.java:setRole(371)) - s0@group-E264CA5F8311: changes role from  FOLLOWER to CANDIDATE at term 1 for changeToCandidate
2023-08-18 03:36:45,406 [s0@group-E264CA5F8311-FollowerState] INFO  server.RaftServerConfigKeys (ConfUtils.java:logGet(46)) - raft.server.leaderelection.pre-vote = true (default)
2023-08-18 03:36:45,406 [s0@group-E264CA5F8311-FollowerState] INFO  impl.RoleInfo (RoleInfo.java:updateAndGet(138)) - s0: start s0@group-E264CA5F8311-LeaderElection151
2023-08-18 03:36:45,406 [s0@group-E264CA5F8311-LeaderElection151] INFO  impl.LeaderElection (LeaderElection.java:askForVotes(320)) - s0@group-E264CA5F8311-LeaderElection151 PRE_VOTE round 0: submit vote requests at term 1 for 255: peers:[s0|rpc:localhost:39295|admin:localhost:44843|client:localhost:40991|dataStream:localhost:40677|priority:0|startupRole:FOLLOWER, s1|rpc:0.0.0.0:34459|dataStream:|priority:0|startupRole:FOLLOWER, s2|rpc:0.0.0.0:43137|dataStream:|priority:0|startupRole:FOLLOWER]|listeners:[], old=peers:[s0|rpc:localhost:39295|admin:localhost:44843|client:localhost:40991|dataStream:localhost:40677|priority:0|startupRole:FOLLOWER]|listeners:[]
2023-08-18 03:36:45,407 [grpc-default-executor-3] INFO  server.RaftServer$Division (RaftServerImpl.java:requestVote(1344)) - s1@group-E264CA5F8311: receive requestVote(PRE_VOTE, s0, group-E264CA5F8311, 1, (t:1, i:255))
2023-08-18 03:36:45,407 [grpc-default-executor-3] WARN  server.GrpcServerProtocolService (LogUtils.java:warn(122)) - s1: Failed requestVote s0->s1#0: org.apache.ratis.protocol.exceptions.ServerNotReadyException: s1@group-E264CA5F8311 is not in [RUNNING]: current state is STARTING
2023-08-18 03:36:45,407 [grpc-default-executor-0] INFO  server.RaftServer$Division (RaftServerImpl.java:requestVote(1344)) - s2@group-E264CA5F8311: receive requestVote(PRE_VOTE, s0, group-E264CA5F8311, 1, (t:1, i:255))
2023-08-18 03:36:45,407 [grpc-default-executor-0] WARN  server.GrpcServerProtocolService (LogUtils.java:warn(122)) - s2: Failed requestVote s0->s2#0: org.apache.ratis.protocol.exceptions.ServerNotReadyException: s2@group-E264CA5F8311 is not in [RUNNING]: current state is STARTING
2023-08-18 03:36:45,407 [s0@group-E264CA5F8311-LeaderElection151] INFO  impl.LeaderElection (LogUtils.java:infoOrTrace(137)) - s0@group-E264CA5F8311-LeaderElection151 got exception when requesting votes: java.util.concurrent.ExecutionException: org.apache.ratis.thirdparty.io.grpc.StatusRuntimeException: INTERNAL: s1@group-E264CA5F8311 is not in [RUNNING]: current state is STARTING
2023-08-18 03:36:45,408 [s0@group-E264CA5F8311-LeaderElection151] INFO  impl.LeaderElection (LogUtils.java:infoOrTrace(137)) - s0@group-E264CA5F8311-LeaderElection151 got exception when requesting votes: java.util.concurrent.ExecutionException: org.apache.ratis.thirdparty.io.grpc.StatusRuntimeException: INTERNAL: s2@group-E264CA5F8311 is not in [RUNNING]: current state is STARTING
2023-08-18 03:36:45,408 [s0@group-E264CA5F8311-LeaderElection151] INFO  impl.LeaderElection (LeaderElection.java:logAndReturn(89)) - s0@group-E264CA5F8311-LeaderElection151: PRE_VOTE REJECTED received 0 response(s) and 2 exception(s):
2023-08-18 03:36:45,408 [s0@group-E264CA5F8311-LeaderElection151] INFO  impl.LeaderElection (LogUtils.java:infoOrTrace(137)) -   Exception 0: java.util.concurrent.ExecutionException: org.apache.ratis.thirdparty.io.grpc.StatusRuntimeException: INTERNAL: s1@group-E264CA5F8311 is not in [RUNNING]: current state is STARTING
2023-08-18 03:36:45,408 [s0@group-E264CA5F8311-LeaderElection151] INFO  impl.LeaderElection (LogUtils.java:infoOrTrace(137)) -   Exception 1: java.util.concurrent.ExecutionException: org.apache.ratis.thirdparty.io.grpc.StatusRuntimeException: INTERNAL: s2@group-E264CA5F8311 is not in [RUNNING]: current state is STARTING
2023-08-18 03:36:45,408 [s0@group-E264CA5F8311-LeaderElection151] INFO  impl.LeaderElection (LeaderElection.java:askForVotes(322)) - s0@group-E264CA5F8311-LeaderElection151 PRE_VOTE round 0: result REJECTED
2023-08-18 03:36:45,408 [s0@group-E264CA5F8311-LeaderElection151] INFO  server.RaftServer$Division (RaftServerImpl.java:setRole(371)) - s0@group-E264CA5F8311: changes role from CANDIDATE to FOLLOWER at term 1 for REJECTED
2023-08-18 03:36:45,408 [s0@group-E264CA5F8311-LeaderElection151] INFO  impl.RoleInfo (RoleInfo.java:shutdownLeaderElection(129)) - s0: shutdown s0@group-E264CA5F8311-LeaderElection151
2023-08-18 03:36:45,408 [s0@group-E264CA5F8311-LeaderElection151] INFO  impl.RoleInfo (RoleInfo.java:updateAndGet(138)) - s0: start s0@group-E264CA5F8311-FollowerState
2023-08-18 03:36:45,427 [s2-server-thread1] INFO  server.RaftServer$Division (RaftServerImpl.java:setConfigurationAsync(1238)) - s2@group-E264CA5F8311: receive setConfiguration SetConfigurationRequest:client-255CF6B0DA3F->s2@group-E264CA5F8311, cid=386, seq=0, RW, null, SET_UNCONDITIONALLY, servers:[s1|rpc:0.0.0.0:34459|dataStream:|priority:0|startupRole:FOLLOWER, s2|rpc:0.0.0.0:43137|dataStream:|priority:0|startupRole:FOLLOWER, s0|rpc:localhost:39295|admin:localhost:44843|client:localhost:40991|dataStream:localhost:40677|priority:0|startupRole:FOLLOWER], listeners:[]
2023-08-18 03:36:45,531 [s0-server-thread1] INFO  server.RaftServer$Division (RaftServerImpl.java:setConfigurationAsync(1238)) - s0@group-E264CA5F8311: receive setConfiguration SetConfigurationRequest:client-255CF6B0DA3F->s0@group-E264CA5F8311, cid=386, seq=0, RW, null, SET_UNCONDITIONALLY, servers:[s1|rpc:0.0.0.0:34459|dataStream:|priority:0|startupRole:FOLLOWER, s2|rpc:0.0.0.0:43137|dataStream:|priority:0|startupRole:FOLLOWER, s0|rpc:localhost:39295|admin:localhost:44843|client:localhost:40991|dataStream:localhost:40677|priority:0|startupRole:FOLLOWER], listeners:[]
2023-08-18 03:36:45,616 [s0@group-E264CA5F8311-FollowerState] INFO  impl.FollowerState (FollowerState.java:run(143)) - s0@group-E264CA5F8311-FollowerState: change to CANDIDATE, lastRpcElapsedTime:208298651ns, electionTimeout:208ms
2023-08-18 03:36:45,616 [s0@group-E264CA5F8311-FollowerState] INFO  impl.RoleInfo (RoleInfo.java:shutdownFollowerState(109)) - s0: shutdown s0@group-E264CA5F8311-FollowerState
2023-08-18 03:36:45,616 [s0@group-E264CA5F8311-FollowerState] INFO  server.RaftServer$Division (RaftServerImpl.java:setRole(371)) - s0@group-E264CA5F8311: changes role from  FOLLOWER to CANDIDATE at term 1 for changeToCandidate
2023-08-18 03:36:45,616 [s0@group-E264CA5F8311-FollowerState] INFO  server.RaftServerConfigKeys (ConfUtils.java:logGet(46)) - raft.server.leaderelection.pre-vote = true (default)
2023-08-18 03:36:45,616 [s0@group-E264CA5F8311-FollowerState] INFO  impl.RoleInfo (RoleInfo.java:updateAndGet(138)) - s0: start s0@group-E264CA5F8311-LeaderElection152
2023-08-18 03:36:45,617 [s0@group-E264CA5F8311-LeaderElection152] INFO  impl.LeaderElection (LeaderElection.java:askForVotes(320)) - s0@group-E264CA5F8311-LeaderElection152 PRE_VOTE round 0: submit vote requests at term 1 for 255: peers:[s0|rpc:localhost:39295|admin:localhost:44843|client:localhost:40991|dataStream:localhost:40677|priority:0|startupRole:FOLLOWER, s1|rpc:0.0.0.0:34459|dataStream:|priority:0|startupRole:FOLLOWER, s2|rpc:0.0.0.0:43137|dataStream:|priority:0|startupRole:FOLLOWER]|listeners:[], old=peers:[s0|rpc:localhost:39295|admin:localhost:44843|client:localhost:40991|dataStream:localhost:40677|priority:0|startupRole:FOLLOWER]|listeners:[]
2023-08-18 03:36:45,618 [grpc-default-executor-3] INFO  server.RaftServer$Division (RaftServerImpl.java:requestVote(1344)) - s1@group-E264CA5F8311: receive requestVote(PRE_VOTE, s0, group-E264CA5F8311, 1, (t:1, i:255))
2023-08-18 03:36:45,618 [grpc-default-executor-3] WARN  server.GrpcServerProtocolService (LogUtils.java:warn(122)) - s1: Failed requestVote s0->s1#0: org.apache.ratis.protocol.exceptions.ServerNotReadyException: s1@group-E264CA5F8311 is not in [RUNNING]: current state is STARTING
2023-08-18 03:36:45,618 [grpc-default-executor-0] INFO  server.RaftServer$Division (RaftServerImpl.java:requestVote(1344)) - s2@group-E264CA5F8311: receive requestVote(PRE_VOTE, s0, group-E264CA5F8311, 1, (t:1, i:255))
2023-08-18 03:36:45,618 [grpc-default-executor-0] WARN  server.GrpcServerProtocolService (LogUtils.java:warn(122)) - s2: Failed requestVote s0->s2#0: org.apache.ratis.protocol.exceptions.ServerNotReadyException: s2@group-E264CA5F8311 is not in [RUNNING]: current state is STARTING
2023-08-18 03:36:45,618 [s0@group-E264CA5F8311-LeaderElection152] INFO  impl.LeaderElection (LogUtils.java:infoOrTrace(137)) - s0@group-E264CA5F8311-LeaderElection152 got exception when requesting votes: java.util.concurrent.ExecutionException: org.apache.ratis.thirdparty.io.grpc.StatusRuntimeException: INTERNAL: s1@group-E264CA5F8311 is not in [RUNNING]: current state is STARTING
2023-08-18 03:36:45,618 [s0@group-E264CA5F8311-LeaderElection152] INFO  impl.LeaderElection (LogUtils.java:infoOrTrace(137)) - s0@group-E264CA5F8311-LeaderElection152 got exception when requesting votes: java.util.concurrent.ExecutionException: org.apache.ratis.thirdparty.io.grpc.StatusRuntimeException: INTERNAL: s2@group-E264CA5F8311 is not in [RUNNING]: current state is STARTING
2023-08-18 03:36:45,618 [s0@group-E264CA5F8311-LeaderElection152] INFO  impl.LeaderElection (LeaderElection.java:logAndReturn(89)) - s0@group-E264CA5F8311-LeaderElection152: PRE_VOTE REJECTED received 0 response(s) and 2 exception(s):
2023-08-18 03:36:45,618 [s0@group-E264CA5F8311-LeaderElection152] INFO  impl.LeaderElection (LogUtils.java:infoOrTrace(137)) -   Exception 0: java.util.concurrent.ExecutionException: org.apache.ratis.thirdparty.io.grpc.StatusRuntimeException: INTERNAL: s1@group-E264CA5F8311 is not in [RUNNING]: current state is STARTING
2023-08-18 03:36:45,618 [s0@group-E264CA5F8311-LeaderElection152] INFO  impl.LeaderElection (LogUtils.java:infoOrTrace(137)) -   Exception 1: java.util.concurrent.ExecutionException: org.apache.ratis.thirdparty.io.grpc.StatusRuntimeException: INTERNAL: s2@group-E264CA5F8311 is not in [RUNNING]: current state is STARTING
2023-08-18 03:36:45,618 [s0@group-E264CA5F8311-LeaderElection152] INFO  impl.LeaderElection (LeaderElection.java:askForVotes(322)) - s0@group-E264CA5F8311-LeaderElection152 PRE_VOTE round 0: result REJECTED
2023-08-18 03:36:45,618 [s0@group-E264CA5F8311-LeaderElection152] INFO  server.RaftServer$Division (RaftServerImpl.java:setRole(371)) - s0@group-E264CA5F8311: changes role from CANDIDATE to FOLLOWER at term 1 for REJECTED
2023-08-18 03:36:45,618 [s0@group-E264CA5F8311-LeaderElection152] INFO  impl.RoleInfo (RoleInfo.java:shutdownLeaderElection(129)) - s0: shutdown s0@group-E264CA5F8311-LeaderElection152
2023-08-18 03:36:45,618 [s0@group-E264CA5F8311-LeaderElection152] INFO  impl.RoleInfo (RoleInfo.java:updateAndGet(138)) - s0: start s0@group-E264CA5F8311-FollowerState
2023-08-18 03:36:45,635 [s1-server-thread1] INFO  server.RaftServer$Division (RaftServerImpl.java:setConfigurationAsync(1238)) - s1@group-E264CA5F8311: receive setConfiguration SetConfigurationRequest:client-255CF6B0DA3F->s1@group-E264CA5F8311, cid=386, seq=0, RW, null, SET_UNCONDITIONALLY, servers:[s1|rpc:0.0.0.0:34459|dataStream:|priority:0|startupRole:FOLLOWER, s2|rpc:0.0.0.0:43137|dataStream:|priority:0|startupRole:FOLLOWER, s0|rpc:localhost:39295|admin:localhost:44843|client:localhost:40991|dataStream:localhost:40677|priority:0|startupRole:FOLLOWER], listeners:[]
2023-08-18 03:36:45,739 [s2-server-thread1] INFO  server.RaftServer$Division (RaftServerImpl.java:setConfigurationAsync(1238)) - s2@group-E264CA5F8311: receive setConfiguration SetConfigurationRequest:client-255CF6B0DA3F->s2@group-E264CA5F8311, cid=386, seq=0, RW, null, SET_UNCONDITIONALLY, servers:[s1|rpc:0.0.0.0:34459|dataStream:|priority:0|startupRole:FOLLOWER, s2|rpc:0.0.0.0:43137|dataStream:|priority:0|startupRole:FOLLOWER, s0|rpc:localhost:39295|admin:localhost:44843|client:localhost:40991|dataStream:localhost:40677|priority:0|startupRole:FOLLOWER], listeners:[]
2023-08-18 03:36:45,841 [s0@group-E264CA5F8311-FollowerState] INFO  impl.FollowerState (FollowerState.java:run(143)) - s0@group-E264CA5F8311-FollowerState: change to CANDIDATE, lastRpcElapsedTime:222575238ns, electionTimeout:222ms
2023-08-18 03:36:45,841 [s0@group-E264CA5F8311-FollowerState] INFO  impl.RoleInfo (RoleInfo.java:shutdownFollowerState(109)) - s0: shutdown s0@group-E264CA5F8311-FollowerState
2023-08-18 03:36:45,841 [s0@group-E264CA5F8311-FollowerState] INFO  server.RaftServer$Division (RaftServerImpl.java:setRole(371)) - s0@group-E264CA5F8311: changes role from  FOLLOWER to CANDIDATE at term 1 for changeToCandidate
2023-08-18 03:36:45,841 [s0@group-E264CA5F8311-FollowerState] INFO  server.RaftServerConfigKeys (ConfUtils.java:logGet(46)) - raft.server.leaderelection.pre-vote = true (default)
2023-08-18 03:36:45,841 [s0@group-E264CA5F8311-FollowerState] INFO  impl.RoleInfo (RoleInfo.java:updateAndGet(138)) - s0: start s0@group-E264CA5F8311-LeaderElection153
2023-08-18 03:36:45,842 [s0@group-E264CA5F8311-LeaderElection153] INFO  impl.LeaderElection (LeaderElection.java:askForVotes(320)) - s0@group-E264CA5F8311-LeaderElection153 PRE_VOTE round 0: submit vote requests at term 1 for 255: peers:[s0|rpc:localhost:39295|admin:localhost:44843|client:localhost:40991|dataStream:localhost:40677|priority:0|startupRole:FOLLOWER, s1|rpc:0.0.0.0:34459|dataStream:|priority:0|startupRole:FOLLOWER, s2|rpc:0.0.0.0:43137|dataStream:|priority:0|startupRole:FOLLOWER]|listeners:[], old=peers:[s0|rpc:localhost:39295|admin:localhost:44843|client:localhost:40991|dataStream:localhost:40677|priority:0|startupRole:FOLLOWER]|listeners:[]
2023-08-18 03:36:45,843 [grpc-default-executor-3] INFO  server.RaftServer$Division (RaftServerImpl.java:requestVote(1344)) - s2@group-E264CA5F8311: receive requestVote(PRE_VOTE, s0, group-E264CA5F8311, 1, (t:1, i:255))
2023-08-18 03:36:45,843 [grpc-default-executor-3] WARN  server.GrpcServerProtocolService (LogUtils.java:warn(122)) - s2: Failed requestVote s0->s2#0: org.apache.ratis.protocol.exceptions.ServerNotReadyException: s2@group-E264CA5F8311 is not in [RUNNING]: current state is STARTING
2023-08-18 03:36:45,843 [grpc-default-executor-0] INFO  server.RaftServer$Division (RaftServerImpl.java:requestVote(1344)) - s1@group-E264CA5F8311: receive requestVote(PRE_VOTE, s0, group-E264CA5F8311, 1, (t:1, i:255))
2023-08-18 03:36:45,843 [grpc-default-executor-0] WARN  server.GrpcServerProtocolService (LogUtils.java:warn(122)) - s1: Failed requestVote s0->s1#0: org.apache.ratis.protocol.exceptions.ServerNotReadyException: s1@group-E264CA5F8311 is not in [RUNNING]: current state is STARTING
2023-08-18 03:36:45,844 [s0@group-E264CA5F8311-LeaderElection153] INFO  impl.LeaderElection (LogUtils.java:infoOrTrace(137)) - s0@group-E264CA5F8311-LeaderElection153 got exception when requesting votes: java.util.concurrent.ExecutionException: org.apache.ratis.thirdparty.io.grpc.StatusRuntimeException: INTERNAL: s1@group-E264CA5F8311 is not in [RUNNING]: current state is STARTING
2023-08-18 03:36:45,844 [s0-server-thread1] INFO  server.RaftServer$Division (RaftServerImpl.java:setConfigurationAsync(1238)) - s0@group-E264CA5F8311: receive setConfiguration SetConfigurationRequest:client-255CF6B0DA3F->s0@group-E264CA5F8311, cid=386, seq=0, RW, null, SET_UNCONDITIONALLY, servers:[s1|rpc:0.0.0.0:34459|dataStream:|priority:0|startupRole:FOLLOWER, s2|rpc:0.0.0.0:43137|dataStream:|priority:0|startupRole:FOLLOWER, s0|rpc:localhost:39295|admin:localhost:44843|client:localhost:40991|dataStream:localhost:40677|priority:0|startupRole:FOLLOWER], listeners:[]
2023-08-18 03:36:45,844 [s0@group-E264CA5F8311-LeaderElection153] INFO  impl.LeaderElection (LogUtils.java:infoOrTrace(137)) - s0@group-E264CA5F8311-LeaderElection153 got exception when requesting votes: java.util.concurrent.ExecutionException: org.apache.ratis.thirdparty.io.grpc.StatusRuntimeException: INTERNAL: s2@group-E264CA5F8311 is not in [RUNNING]: current state is STARTING
2023-08-18 03:36:45,844 [s0@group-E264CA5F8311-LeaderElection153] INFO  impl.LeaderElection (LeaderElection.java:logAndReturn(89)) - s0@group-E264CA5F8311-LeaderElection153: PRE_VOTE REJECTED received 0 response(s) and 2 exception(s):
2023-08-18 03:36:45,844 [s0@group-E264CA5F8311-LeaderElection153] INFO  impl.LeaderElection (LogUtils.java:infoOrTrace(137)) -   Exception 0: java.util.concurrent.ExecutionException: org.apache.ratis.thirdparty.io.grpc.StatusRuntimeException: INTERNAL: s1@group-E264CA5F8311 is not in [RUNNING]: current state is STARTING
2023-08-18 03:36:45,844 [s0@group-E264CA5F8311-LeaderElection153] INFO  impl.LeaderElection (LogUtils.java:infoOrTrace(137)) -   Exception 1: java.util.concurrent.ExecutionException: org.apache.ratis.thirdparty.io.grpc.StatusRuntimeException: INTERNAL: s2@group-E264CA5F8311 is not in [RUNNING]: current state is STARTING
2023-08-18 03:36:45,844 [s0@group-E264CA5F8311-LeaderElection153] INFO  impl.LeaderElection (LeaderElection.java:askForVotes(322)) - s0@group-E264CA5F8311-LeaderElection153 PRE_VOTE round 0: result REJECTED
2023-08-18 03:36:45,844 [s0@group-E264CA5F8311-LeaderElection153] INFO  server.RaftServer$Division (RaftServerImpl.java:setRole(371)) - s0@group-E264CA5F8311: changes role from CANDIDATE to FOLLOWER at term 1 for REJECTED
2023-08-18 03:36:45,844 [s0@group-E264CA5F8311-LeaderElection153] INFO  impl.RoleInfo (RoleInfo.java:shutdownLeaderElection(129)) - s0: shutdown s0@group-E264CA5F8311-LeaderElection153
2023-08-18 03:36:45,844 [s0@group-E264CA5F8311-LeaderElection153] INFO  impl.RoleInfo (RoleInfo.java:updateAndGet(138)) - s0: start s0@group-E264CA5F8311-FollowerState
2023-08-18 03:36:45,948 [s2-server-thread1] INFO  server.RaftServer$Division (RaftServerImpl.java:setConfigurationAsync(1238)) - s2@group-E264CA5F8311: receive setConfiguration SetConfigurationRequest:client-255CF6B0DA3F->s2@group-E264CA5F8311, cid=386, seq=0, RW, null, SET_UNCONDITIONALLY, servers:[s1|rpc:0.0.0.0:34459|dataStream:|priority:0|startupRole:FOLLOWER, s2|rpc:0.0.0.0:43137|dataStream:|priority:0|startupRole:FOLLOWER, s0|rpc:localhost:39295|admin:localhost:44843|client:localhost:40991|dataStream:localhost:40677|priority:0|startupRole:FOLLOWER], listeners:[]
2023-08-18 03:36:46,052 [s0-server-thread1] INFO  server.RaftServer$Division (RaftServerImpl.java:setConfigurationAsync(1238)) - s0@group-E264CA5F8311: receive setConfiguration SetConfigurationRequest:client-255CF6B0DA3F->s0@group-E264CA5F8311, cid=386, seq=0, RW, null, SET_UNCONDITIONALLY, servers:[s1|rpc:0.0.0.0:34459|dataStream:|priority:0|startupRole:FOLLOWER, s2|rpc:0.0.0.0:43137|dataStream:|priority:0|startupRole:FOLLOWER, s0|rpc:localhost:39295|admin:localhost:44843|client:localhost:40991|dataStream:localhost:40677|priority:0|startupRole:FOLLOWER], listeners:[]
2023-08-18 03:36:46,112 [s0@group-E264CA5F8311-FollowerState] INFO  impl.FollowerState (FollowerState.java:run(143)) - s0@group-E264CA5F8311-FollowerState: change to CANDIDATE, lastRpcElapsedTime:268319775ns, electionTimeout:268ms
2023-08-18 03:36:46,112 [s0@group-E264CA5F8311-FollowerState] INFO  impl.RoleInfo (RoleInfo.java:shutdownFollowerState(109)) - s0: shutdown s0@group-E264CA5F8311-FollowerState
2023-08-18 03:36:46,113 [s0@group-E264CA5F8311-FollowerState] INFO  server.RaftServer$Division (RaftServerImpl.java:setRole(371)) - s0@group-E264CA5F8311: changes role from  FOLLOWER to CANDIDATE at term 1 for changeToCandidate
2023-08-18 03:36:46,113 [s0@group-E264CA5F8311-FollowerState] INFO  server.RaftServerConfigKeys (ConfUtils.java:logGet(46)) - raft.server.leaderelection.pre-vote = true (default)
2023-08-18 03:36:46,113 [s0@group-E264CA5F8311-FollowerState] INFO  impl.RoleInfo (RoleInfo.java:updateAndGet(138)) - s0: start s0@group-E264CA5F8311-LeaderElection154
2023-08-18 03:36:46,113 [s0@group-E264CA5F8311-LeaderElection154] INFO  impl.LeaderElection (LeaderElection.java:askForVotes(320)) - s0@group-E264CA5F8311-LeaderElection154 PRE_VOTE round 0: submit vote requests at term 1 for 255: peers:[s0|rpc:localhost:39295|admin:localhost:44843|client:localhost:40991|dataStream:localhost:40677|priority:0|startupRole:FOLLOWER, s1|rpc:0.0.0.0:34459|dataStream:|priority:0|startupRole:FOLLOWER, s2|rpc:0.0.0.0:43137|dataStream:|priority:0|startupRole:FOLLOWER]|listeners:[], old=peers:[s0|rpc:localhost:39295|admin:localhost:44843|client:localhost:40991|dataStream:localhost:40677|priority:0|startupRole:FOLLOWER]|listeners:[]
2023-08-18 03:36:46,114 [grpc-default-executor-3] INFO  server.RaftServer$Division (RaftServerImpl.java:requestVote(1344)) - s1@group-E264CA5F8311: receive requestVote(PRE_VOTE, s0, group-E264CA5F8311, 1, (t:1, i:255))
2023-08-18 03:36:46,114 [grpc-default-executor-0] INFO  server.RaftServer$Division (RaftServerImpl.java:requestVote(1344)) - s2@group-E264CA5F8311: receive requestVote(PRE_VOTE, s0, group-E264CA5F8311, 1, (t:1, i:255))
2023-08-18 03:36:46,114 [grpc-default-executor-3] WARN  server.GrpcServerProtocolService (LogUtils.java:warn(122)) - s1: Failed requestVote s0->s1#0: org.apache.ratis.protocol.exceptions.ServerNotReadyException: s1@group-E264CA5F8311 is not in [RUNNING]: current state is STARTING
2023-08-18 03:36:46,114 [grpc-default-executor-0] WARN  server.GrpcServerProtocolService (LogUtils.java:warn(122)) - s2: Failed requestVote s0->s2#0: org.apache.ratis.protocol.exceptions.ServerNotReadyException: s2@group-E264CA5F8311 is not in [RUNNING]: current state is STARTING
2023-08-18 03:36:46,115 [s0@group-E264CA5F8311-LeaderElection154] INFO  impl.LeaderElection (LogUtils.java:infoOrTrace(137)) - s0@group-E264CA5F8311-LeaderElection154 got exception when requesting votes: java.util.concurrent.ExecutionException: org.apache.ratis.thirdparty.io.grpc.StatusRuntimeException: INTERNAL: s1@group-E264CA5F8311 is not in [RUNNING]: current state is STARTING
2023-08-18 03:36:46,115 [s0@group-E264CA5F8311-LeaderElection154] INFO  impl.LeaderElection (LogUtils.java:infoOrTrace(137)) - s0@group-E264CA5F8311-LeaderElection154 got exception when requesting votes: java.util.concurrent.ExecutionException: org.apache.ratis.thirdparty.io.grpc.StatusRuntimeException: INTERNAL: s2@group-E264CA5F8311 is not in [RUNNING]: current state is STARTING
2023-08-18 03:36:46,115 [s0@group-E264CA5F8311-LeaderElection154] INFO  impl.LeaderElection (LeaderElection.java:logAndReturn(89)) - s0@group-E264CA5F8311-LeaderElection154: PRE_VOTE REJECTED received 0 response(s) and 2 exception(s):
2023-08-18 03:36:46,115 [s0@group-E264CA5F8311-LeaderElection154] INFO  impl.LeaderElection (LogUtils.java:infoOrTrace(137)) -   Exception 0: java.util.concurrent.ExecutionException: org.apache.ratis.thirdparty.io.grpc.StatusRuntimeException: INTERNAL: s1@group-E264CA5F8311 is not in [RUNNING]: current state is STARTING
2023-08-18 03:36:46,115 [s0@group-E264CA5F8311-LeaderElection154] INFO  impl.LeaderElection (LogUtils.java:infoOrTrace(137)) -   Exception 1: java.util.concurrent.ExecutionException: org.apache.ratis.thirdparty.io.grpc.StatusRuntimeException: INTERNAL: s2@group-E264CA5F8311 is not in [RUNNING]: current state is STARTING
2023-08-18 03:36:46,115 [s0@group-E264CA5F8311-LeaderElection154] INFO  impl.LeaderElection (LeaderElection.java:askForVotes(322)) - s0@group-E264CA5F8311-LeaderElection154 PRE_VOTE round 0: result REJECTED
2023-08-18 03:36:46,115 [s0@group-E264CA5F8311-LeaderElection154] INFO  server.RaftServer$Division (RaftServerImpl.java:setRole(371)) - s0@group-E264CA5F8311: changes role from CANDIDATE to FOLLOWER at term 1 for REJECTED
2023-08-18 03:36:46,115 [s0@group-E264CA5F8311-LeaderElection154] INFO  impl.RoleInfo (RoleInfo.java:shutdownLeaderElection(129)) - s0: shutdown s0@group-E264CA5F8311-LeaderElection154
2023-08-18 03:36:46,115 [s0@group-E264CA5F8311-LeaderElection154] INFO  impl.RoleInfo (RoleInfo.java:updateAndGet(138)) - s0: start s0@group-E264CA5F8311-FollowerState
2023-08-18 03:36:46,156 [s2-server-thread1] INFO  server.RaftServer$Division (RaftServerImpl.java:setConfigurationAsync(1238)) - s2@group-E264CA5F8311: receive setConfiguration SetConfigurationRequest:client-255CF6B0DA3F->s2@group-E264CA5F8311, cid=386, seq=0, RW, null, SET_UNCONDITIONALLY, servers:[s1|rpc:0.0.0.0:34459|dataStream:|priority:0|startupRole:FOLLOWER, s2|rpc:0.0.0.0:43137|dataStream:|priority:0|startupRole:FOLLOWER, s0|rpc:localhost:39295|admin:localhost:44843|client:localhost:40991|dataStream:localhost:40677|priority:0|startupRole:FOLLOWER], listeners:[]
2023-08-18 03:36:46,260 [s1-server-thread1] INFO  server.RaftServer$Division (RaftServerImpl.java:setConfigurationAsync(1238)) - s1@group-E264CA5F8311: receive setConfiguration SetConfigurationRequest:client-255CF6B0DA3F->s1@group-E264CA5F8311, cid=386, seq=0, RW, null, SET_UNCONDITIONALLY, servers:[s1|rpc:0.0.0.0:34459|dataStream:|priority:0|startupRole:FOLLOWER, s2|rpc:0.0.0.0:43137|dataStream:|priority:0|startupRole:FOLLOWER, s0|rpc:localhost:39295|admin:localhost:44843|client:localhost:40991|dataStream:localhost:40677|priority:0|startupRole:FOLLOWER], listeners:[]
2023-08-18 03:36:46,364 [s0-server-thread1] INFO  server.RaftServer$Division (RaftServerImpl.java:setConfigurationAsync(1238)) - s0@group-E264CA5F8311: receive setConfiguration SetConfigurationRequest:client-255CF6B0DA3F->s0@group-E264CA5F8311, cid=386, seq=0, RW, null, SET_UNCONDITIONALLY, servers:[s1|rpc:0.0.0.0:34459|dataStream:|priority:0|startupRole:FOLLOWER, s2|rpc:0.0.0.0:43137|dataStream:|priority:0|startupRole:FOLLOWER, s0|rpc:localhost:39295|admin:localhost:44843|client:localhost:40991|dataStream:localhost:40677|priority:0|startupRole:FOLLOWER], listeners:[]
2023-08-18 03:36:46,381 [s0@group-E264CA5F8311-FollowerState] INFO  impl.FollowerState (FollowerState.java:run(143)) - s0@group-E264CA5F8311-FollowerState: change to CANDIDATE, lastRpcElapsedTime:265461398ns, electionTimeout:258ms
2023-08-18 03:36:46,381 [s0@group-E264CA5F8311-FollowerState] INFO  impl.RoleInfo (RoleInfo.java:shutdownFollowerState(109)) - s0: shutdown s0@group-E264CA5F8311-FollowerState
2023-08-18 03:36:46,381 [s0@group-E264CA5F8311-FollowerState] INFO  server.RaftServer$Division (RaftServerImpl.java:setRole(371)) - s0@group-E264CA5F8311: changes role from  FOLLOWER to CANDIDATE at term 1 for changeToCandidate
2023-08-18 03:36:46,381 [s0@group-E264CA5F8311-FollowerState] INFO  server.RaftServerConfigKeys (ConfUtils.java:logGet(46)) - raft.server.leaderelection.pre-vote = true (default)
2023-08-18 03:36:46,381 [s0@group-E264CA5F8311-FollowerState] INFO  impl.RoleInfo (RoleInfo.java:updateAndGet(138)) - s0: start s0@group-E264CA5F8311-LeaderElection155
2023-08-18 03:36:46,381 [s0@group-E264CA5F8311-LeaderElection155] INFO  impl.LeaderElection (LeaderElection.java:askForVotes(320)) - s0@group-E264CA5F8311-LeaderElection155 PRE_VOTE round 0: submit vote requests at term 1 for 255: peers:[s0|rpc:localhost:39295|admin:localhost:44843|client:localhost:40991|dataStream:localhost:40677|priority:0|startupRole:FOLLOWER, s1|rpc:0.0.0.0:34459|dataStream:|priority:0|startupRole:FOLLOWER, s2|rpc:0.0.0.0:43137|dataStream:|priority:0|startupRole:FOLLOWER]|listeners:[], old=peers:[s0|rpc:localhost:39295|admin:localhost:44843|client:localhost:40991|dataStream:localhost:40677|priority:0|startupRole:FOLLOWER]|listeners:[]
2023-08-18 03:36:46,382 [grpc-default-executor-3] INFO  server.RaftServer$Division (RaftServerImpl.java:requestVote(1344)) - s1@group-E264CA5F8311: receive requestVote(PRE_VOTE, s0, group-E264CA5F8311, 1, (t:1, i:255))
2023-08-18 03:36:46,382 [grpc-default-executor-3] WARN  server.GrpcServerProtocolService (LogUtils.java:warn(122)) - s1: Failed requestVote s0->s1#0: org.apache.ratis.protocol.exceptions.ServerNotReadyException: s1@group-E264CA5F8311 is not in [RUNNING]: current state is STARTING
2023-08-18 03:36:46,383 [grpc-default-executor-3] INFO  server.RaftServer$Division (RaftServerImpl.java:requestVote(1344)) - s2@group-E264CA5F8311: receive requestVote(PRE_VOTE, s0, group-E264CA5F8311, 1, (t:1, i:255))
2023-08-18 03:36:46,383 [grpc-default-executor-3] WARN  server.GrpcServerProtocolService (LogUtils.java:warn(122)) - s2: Failed requestVote s0->s2#0: org.apache.ratis.protocol.exceptions.ServerNotReadyException: s2@group-E264CA5F8311 is not in [RUNNING]: current state is STARTING
2023-08-18 03:36:46,383 [s0@group-E264CA5F8311-LeaderElection155] INFO  impl.LeaderElection (LogUtils.java:infoOrTrace(137)) - s0@group-E264CA5F8311-LeaderElection155 got exception when requesting votes: java.util.concurrent.ExecutionException: org.apache.ratis.thirdparty.io.grpc.StatusRuntimeException: INTERNAL: s1@group-E264CA5F8311 is not in [RUNNING]: current state is STARTING
2023-08-18 03:36:46,383 [s0@group-E264CA5F8311-LeaderElection155] INFO  impl.LeaderElection (LogUtils.java:infoOrTrace(137)) - s0@group-E264CA5F8311-LeaderElection155 got exception when requesting votes: java.util.concurrent.ExecutionException: org.apache.ratis.thirdparty.io.grpc.StatusRuntimeException: INTERNAL: s2@group-E264CA5F8311 is not in [RUNNING]: current state is STARTING
2023-08-18 03:36:46,383 [s0@group-E264CA5F8311-LeaderElection155] INFO  impl.LeaderElection (LeaderElection.java:logAndReturn(89)) - s0@group-E264CA5F8311-LeaderElection155: PRE_VOTE REJECTED received 0 response(s) and 2 exception(s):
2023-08-18 03:36:46,384 [s0@group-E264CA5F8311-LeaderElection155] INFO  impl.LeaderElection (LogUtils.java:infoOrTrace(137)) -   Exception 0: java.util.concurrent.ExecutionException: org.apache.ratis.thirdparty.io.grpc.StatusRuntimeException: INTERNAL: s1@group-E264CA5F8311 is not in [RUNNING]: current state is STARTING
2023-08-18 03:36:46,384 [s0@group-E264CA5F8311-LeaderElection155] INFO  impl.LeaderElection (LogUtils.java:infoOrTrace(137)) -   Exception 1: java.util.concurrent.ExecutionException: org.apache.ratis.thirdparty.io.grpc.StatusRuntimeException: INTERNAL: s2@group-E264CA5F8311 is not in [RUNNING]: current state is STARTING
2023-08-18 03:36:46,384 [s0@group-E264CA5F8311-LeaderElection155] INFO  impl.LeaderElection (LeaderElection.java:askForVotes(322)) - s0@group-E264CA5F8311-LeaderElection155 PRE_VOTE round 0: result REJECTED
2023-08-18 03:36:46,384 [s0@group-E264CA5F8311-LeaderElection155] INFO  server.RaftServer$Division (RaftServerImpl.java:setRole(371)) - s0@group-E264CA5F8311: changes role from CANDIDATE to FOLLOWER at term 1 for REJECTED
2023-08-18 03:36:46,384 [s0@group-E264CA5F8311-LeaderElection155] INFO  impl.RoleInfo (RoleInfo.java:shutdownLeaderElection(129)) - s0: shutdown s0@group-E264CA5F8311-LeaderElection155
2023-08-18 03:36:46,384 [s0@group-E264CA5F8311-LeaderElection155] INFO  impl.RoleInfo (RoleInfo.java:updateAndGet(138)) - s0: start s0@group-E264CA5F8311-FollowerState
2023-08-18 03:36:46,468 [s1-server-thread1] INFO  server.RaftServer$Division (RaftServerImpl.java:setConfigurationAsync(1238)) - s1@group-E264CA5F8311: receive setConfiguration SetConfigurationRequest:client-255CF6B0DA3F->s1@group-E264CA5F8311, cid=386, seq=0, RW, null, SET_UNCONDITIONALLY, servers:[s1|rpc:0.0.0.0:34459|dataStream:|priority:0|startupRole:FOLLOWER, s2|rpc:0.0.0.0:43137|dataStream:|priority:0|startupRole:FOLLOWER, s0|rpc:localhost:39295|admin:localhost:44843|client:localhost:40991|dataStream:localhost:40677|priority:0|startupRole:FOLLOWER], listeners:[]
2023-08-18 03:36:46,572 [s0-server-thread1] INFO  server.RaftServer$Division (RaftServerImpl.java:setConfigurationAsync(1238)) - s0@group-E264CA5F8311: receive setConfiguration SetConfigurationRequest:client-255CF6B0DA3F->s0@group-E264CA5F8311, cid=386, seq=0, RW, null, SET_UNCONDITIONALLY, servers:[s1|rpc:0.0.0.0:34459|dataStream:|priority:0|startupRole:FOLLOWER, s2|rpc:0.0.0.0:43137|dataStream:|priority:0|startupRole:FOLLOWER, s0|rpc:localhost:39295|admin:localhost:44843|client:localhost:40991|dataStream:localhost:40677|priority:0|startupRole:FOLLOWER], listeners:[]
2023-08-18 03:36:46,668 [s0@group-E264CA5F8311-FollowerState] INFO  impl.FollowerState (FollowerState.java:run(143)) - s0@group-E264CA5F8311-FollowerState: change to CANDIDATE, lastRpcElapsedTime:284435048ns, electionTimeout:284ms
2023-08-18 03:36:46,668 [s0@group-E264CA5F8311-FollowerState] INFO  impl.RoleInfo (RoleInfo.java:shutdownFollowerState(109)) - s0: shutdown s0@group-E264CA5F8311-FollowerState
2023-08-18 03:36:46,668 [s0@group-E264CA5F8311-FollowerState] INFO  server.RaftServer$Division (RaftServerImpl.java:setRole(371)) - s0@group-E264CA5F8311: changes role from  FOLLOWER to CANDIDATE at term 1 for changeToCandidate
2023-08-18 03:36:46,668 [s0@group-E264CA5F8311-FollowerState] INFO  server.RaftServerConfigKeys (ConfUtils.java:logGet(46)) - raft.server.leaderelection.pre-vote = true (default)
2023-08-18 03:36:46,668 [s0@group-E264CA5F8311-FollowerState] INFO  impl.RoleInfo (RoleInfo.java:updateAndGet(138)) - s0: start s0@group-E264CA5F8311-LeaderElection156
2023-08-18 03:36:46,669 [s0@group-E264CA5F8311-LeaderElection156] INFO  impl.LeaderElection (LeaderElection.java:askForVotes(320)) - s0@group-E264CA5F8311-LeaderElection156 PRE_VOTE round 0: submit vote requests at term 1 for 255: peers:[s0|rpc:localhost:39295|admin:localhost:44843|client:localhost:40991|dataStream:localhost:40677|priority:0|startupRole:FOLLOWER, s1|rpc:0.0.0.0:34459|dataStream:|priority:0|startupRole:FOLLOWER, s2|rpc:0.0.0.0:43137|dataStream:|priority:0|startupRole:FOLLOWER]|listeners:[], old=peers:[s0|rpc:localhost:39295|admin:localhost:44843|client:localhost:40991|dataStream:localhost:40677|priority:0|startupRole:FOLLOWER]|listeners:[]
2023-08-18 03:36:46,670 [grpc-default-executor-3] INFO  server.RaftServer$Division (RaftServerImpl.java:requestVote(1344)) - s1@group-E264CA5F8311: receive requestVote(PRE_VOTE, s0, group-E264CA5F8311, 1, (t:1, i:255))
2023-08-18 03:36:46,670 [grpc-default-executor-3] WARN  server.GrpcServerProtocolService (LogUtils.java:warn(122)) - s1: Failed requestVote s0->s1#0: org.apache.ratis.protocol.exceptions.ServerNotReadyException: s1@group-E264CA5F8311 is not in [RUNNING]: current state is STARTING
2023-08-18 03:36:46,671 [s0@group-E264CA5F8311-LeaderElection156] INFO  impl.LeaderElection (LogUtils.java:infoOrTrace(137)) - s0@group-E264CA5F8311-LeaderElection156 got exception when requesting votes: java.util.concurrent.ExecutionException: org.apache.ratis.thirdparty.io.grpc.StatusRuntimeException: INTERNAL: s1@group-E264CA5F8311 is not in [RUNNING]: current state is STARTING
2023-08-18 03:36:46,671 [grpc-default-executor-0] INFO  server.RaftServer$Division (RaftServerImpl.java:requestVote(1344)) - s2@group-E264CA5F8311: receive requestVote(PRE_VOTE, s0, group-E264CA5F8311, 1, (t:1, i:255))
2023-08-18 03:36:46,671 [grpc-default-executor-0] WARN  server.GrpcServerProtocolService (LogUtils.java:warn(122)) - s2: Failed requestVote s0->s2#0: org.apache.ratis.protocol.exceptions.ServerNotReadyException: s2@group-E264CA5F8311 is not in [RUNNING]: current state is STARTING
2023-08-18 03:36:46,672 [s0@group-E264CA5F8311-LeaderElection156] INFO  impl.LeaderElection (LogUtils.java:infoOrTrace(137)) - s0@group-E264CA5F8311-LeaderElection156 got exception when requesting votes: java.util.concurrent.ExecutionException: org.apache.ratis.thirdparty.io.grpc.StatusRuntimeException: INTERNAL: s2@group-E264CA5F8311 is not in [RUNNING]: current state is STARTING
2023-08-18 03:36:46,672 [s0@group-E264CA5F8311-LeaderElection156] INFO  impl.LeaderElection (LeaderElection.java:logAndReturn(89)) - s0@group-E264CA5F8311-LeaderElection156: PRE_VOTE REJECTED received 0 response(s) and 2 exception(s):
2023-08-18 03:36:46,672 [s0@group-E264CA5F8311-LeaderElection156] INFO  impl.LeaderElection (LogUtils.java:infoOrTrace(137)) -   Exception 0: java.util.concurrent.ExecutionException: org.apache.ratis.thirdparty.io.grpc.StatusRuntimeException: INTERNAL: s1@group-E264CA5F8311 is not in [RUNNING]: current state is STARTING
2023-08-18 03:36:46,672 [s0@group-E264CA5F8311-LeaderElection156] INFO  impl.LeaderElection (LogUtils.java:infoOrTrace(137)) -   Exception 1: java.util.concurrent.ExecutionException: org.apache.ratis.thirdparty.io.grpc.StatusRuntimeException: INTERNAL: s2@group-E264CA5F8311 is not in [RUNNING]: current state is STARTING
2023-08-18 03:36:46,672 [s0@group-E264CA5F8311-LeaderElection156] INFO  impl.LeaderElection (LeaderElection.java:askForVotes(322)) - s0@group-E264CA5F8311-LeaderElection156 PRE_VOTE round 0: result REJECTED
2023-08-18 03:36:46,672 [s0@group-E264CA5F8311-LeaderElection156] INFO  server.RaftServer$Division (RaftServerImpl.java:setRole(371)) - s0@group-E264CA5F8311: changes role from CANDIDATE to FOLLOWER at term 1 for REJECTED
2023-08-18 03:36:46,672 [s0@group-E264CA5F8311-LeaderElection156] INFO  impl.RoleInfo (RoleInfo.java:shutdownLeaderElection(129)) - s0: shutdown s0@group-E264CA5F8311-LeaderElection156
2023-08-18 03:36:46,672 [s0@group-E264CA5F8311-LeaderElection156] INFO  impl.RoleInfo (RoleInfo.java:updateAndGet(138)) - s0: start s0@group-E264CA5F8311-FollowerState
2023-08-18 03:36:46,676 [s1-server-thread1] INFO  server.RaftServer$Division (RaftServerImpl.java:setConfigurationAsync(1238)) - s1@group-E264CA5F8311: receive setConfiguration SetConfigurationRequest:client-255CF6B0DA3F->s1@group-E264CA5F8311, cid=386, seq=0, RW, null, SET_UNCONDITIONALLY, servers:[s1|rpc:0.0.0.0:34459|dataStream:|priority:0|startupRole:FOLLOWER, s2|rpc:0.0.0.0:43137|dataStream:|priority:0|startupRole:FOLLOWER, s0|rpc:localhost:39295|admin:localhost:44843|client:localhost:40991|dataStream:localhost:40677|priority:0|startupRole:FOLLOWER], listeners:[]
2023-08-18 03:36:46,780 [s0-server-thread1] INFO  server.RaftServer$Division (RaftServerImpl.java:setConfigurationAsync(1238)) - s0@group-E264CA5F8311: receive setConfiguration SetConfigurationRequest:client-255CF6B0DA3F->s0@group-E264CA5F8311, cid=386, seq=0, RW, null, SET_UNCONDITIONALLY, servers:[s1|rpc:0.0.0.0:34459|dataStream:|priority:0|startupRole:FOLLOWER, s2|rpc:0.0.0.0:43137|dataStream:|priority:0|startupRole:FOLLOWER, s0|rpc:localhost:39295|admin:localhost:44843|client:localhost:40991|dataStream:localhost:40677|priority:0|startupRole:FOLLOWER], listeners:[]
2023-08-18 03:36:46,883 [s1-server-thread1] INFO  server.RaftServer$Division (RaftServerImpl.java:setConfigurationAsync(1238)) - s1@group-E264CA5F8311: receive setConfiguration SetConfigurationRequest:client-255CF6B0DA3F->s1@group-E264CA5F8311, cid=386, seq=0, RW, null, SET_UNCONDITIONALLY, servers:[s1|rpc:0.0.0.0:34459|dataStream:|priority:0|startupRole:FOLLOWER, s2|rpc:0.0.0.0:43137|dataStream:|priority:0|startupRole:FOLLOWER, s0|rpc:localhost:39295|admin:localhost:44843|client:localhost:40991|dataStream:localhost:40677|priority:0|startupRole:FOLLOWER], listeners:[]
2023-08-18 03:36:46,950 [s0@group-E264CA5F8311-FollowerState] INFO  impl.FollowerState (FollowerState.java:run(143)) - s0@group-E264CA5F8311-FollowerState: change to CANDIDATE, lastRpcElapsedTime:278446996ns, electionTimeout:278ms
2023-08-18 03:36:46,951 [s0@group-E264CA5F8311-FollowerState] INFO  impl.RoleInfo (RoleInfo.java:shutdownFollowerState(109)) - s0: shutdown s0@group-E264CA5F8311-FollowerState
2023-08-18 03:36:46,951 [s0@group-E264CA5F8311-FollowerState] INFO  server.RaftServer$Division (RaftServerImpl.java:setRole(371)) - s0@group-E264CA5F8311: changes role from  FOLLOWER to CANDIDATE at term 1 for changeToCandidate
2023-08-18 03:36:46,951 [s0@group-E264CA5F8311-FollowerState] INFO  server.RaftServerConfigKeys (ConfUtils.java:logGet(46)) - raft.server.leaderelection.pre-vote = true (default)
2023-08-18 03:36:46,951 [s0@group-E264CA5F8311-FollowerState] INFO  impl.RoleInfo (RoleInfo.java:updateAndGet(138)) - s0: start s0@group-E264CA5F8311-LeaderElection157
2023-08-18 03:36:46,951 [s0@group-E264CA5F8311-LeaderElection157] INFO  impl.LeaderElection (LeaderElection.java:askForVotes(320)) - s0@group-E264CA5F8311-LeaderElection157 PRE_VOTE round 0: submit vote requests at term 1 for 255: peers:[s0|rpc:localhost:39295|admin:localhost:44843|client:localhost:40991|dataStream:localhost:40677|priority:0|startupRole:FOLLOWER, s1|rpc:0.0.0.0:34459|dataStream:|priority:0|startupRole:FOLLOWER, s2|rpc:0.0.0.0:43137|dataStream:|priority:0|startupRole:FOLLOWER]|listeners:[], old=peers:[s0|rpc:localhost:39295|admin:localhost:44843|client:localhost:40991|dataStream:localhost:40677|priority:0|startupRole:FOLLOWER]|listeners:[]
2023-08-18 03:36:46,952 [grpc-default-executor-0] INFO  server.RaftServer$Division (RaftServerImpl.java:requestVote(1344)) - s1@group-E264CA5F8311: receive requestVote(PRE_VOTE, s0, group-E264CA5F8311, 1, (t:1, i:255))
2023-08-18 03:36:46,952 [grpc-default-executor-0] WARN  server.GrpcServerProtocolService (LogUtils.java:warn(122)) - s1: Failed requestVote s0->s1#0: org.apache.ratis.protocol.exceptions.ServerNotReadyException: s1@group-E264CA5F8311 is not in [RUNNING]: current state is STARTING
2023-08-18 03:36:46,952 [grpc-default-executor-0] INFO  server.RaftServer$Division (RaftServerImpl.java:requestVote(1344)) - s2@group-E264CA5F8311: receive requestVote(PRE_VOTE, s0, group-E264CA5F8311, 1, (t:1, i:255))
2023-08-18 03:36:46,952 [grpc-default-executor-0] WARN  server.GrpcServerProtocolService (LogUtils.java:warn(122)) - s2: Failed requestVote s0->s2#0: org.apache.ratis.protocol.exceptions.ServerNotReadyException: s2@group-E264CA5F8311 is not in [RUNNING]: current state is STARTING
2023-08-18 03:36:46,953 [s0@group-E264CA5F8311-LeaderElection157] INFO  impl.LeaderElection (LogUtils.java:infoOrTrace(137)) - s0@group-E264CA5F8311-LeaderElection157 got exception when requesting votes: java.util.concurrent.ExecutionException: org.apache.ratis.thirdparty.io.grpc.StatusRuntimeException: INTERNAL: s1@group-E264CA5F8311 is not in [RUNNING]: current state is STARTING
2023-08-18 03:36:46,953 [s0@group-E264CA5F8311-LeaderElection157] INFO  impl.LeaderElection (LogUtils.java:infoOrTrace(137)) - s0@group-E264CA5F8311-LeaderElection157 got exception when requesting votes: java.util.concurrent.ExecutionException: org.apache.ratis.thirdparty.io.grpc.StatusRuntimeException: INTERNAL: s2@group-E264CA5F8311 is not in [RUNNING]: current state is STARTING
2023-08-18 03:36:46,953 [s0@group-E264CA5F8311-LeaderElection157] INFO  impl.LeaderElection (LeaderElection.java:logAndReturn(89)) - s0@group-E264CA5F8311-LeaderElection157: PRE_VOTE REJECTED received 0 response(s) and 2 exception(s):
2023-08-18 03:36:46,953 [s0@group-E264CA5F8311-LeaderElection157] INFO  impl.LeaderElection (LogUtils.java:infoOrTrace(137)) -   Exception 0: java.util.concurrent.ExecutionException: org.apache.ratis.thirdparty.io.grpc.StatusRuntimeException: INTERNAL: s1@group-E264CA5F8311 is not in [RUNNING]: current state is STARTING
2023-08-18 03:36:46,953 [s0@group-E264CA5F8311-LeaderElection157] INFO  impl.LeaderElection (LogUtils.java:infoOrTrace(137)) -   Exception 1: java.util.concurrent.ExecutionException: org.apache.ratis.thirdparty.io.grpc.StatusRuntimeException: INTERNAL: s2@group-E264CA5F8311 is not in [RUNNING]: current state is STARTING
2023-08-18 03:36:46,953 [s0@group-E264CA5F8311-LeaderElection157] INFO  impl.LeaderElection (LeaderElection.java:askForVotes(322)) - s0@group-E264CA5F8311-LeaderElection157 PRE_VOTE round 0: result REJECTED
2023-08-18 03:36:46,953 [s0@group-E264CA5F8311-LeaderElection157] INFO  server.RaftServer$Division (RaftServerImpl.java:setRole(371)) - s0@group-E264CA5F8311: changes role from CANDIDATE to FOLLOWER at term 1 for REJECTED
2023-08-18 03:36:46,953 [s0@group-E264CA5F8311-LeaderElection157] INFO  impl.RoleInfo (RoleInfo.java:shutdownLeaderElection(129)) - s0: shutdown s0@group-E264CA5F8311-LeaderElection157
2023-08-18 03:36:46,953 [s0@group-E264CA5F8311-LeaderElection157] INFO  impl.RoleInfo (RoleInfo.java:updateAndGet(138)) - s0: start s0@group-E264CA5F8311-FollowerState
2023-08-18 03:36:46,987 [s2-server-thread1] INFO  server.RaftServer$Division (RaftServerImpl.java:setConfigurationAsync(1238)) - s2@group-E264CA5F8311: receive setConfiguration SetConfigurationRequest:client-255CF6B0DA3F->s2@group-E264CA5F8311, cid=386, seq=0, RW, null, SET_UNCONDITIONALLY, servers:[s1|rpc:0.0.0.0:34459|dataStream:|priority:0|startupRole:FOLLOWER, s2|rpc:0.0.0.0:43137|dataStream:|priority:0|startupRole:FOLLOWER, s0|rpc:localhost:39295|admin:localhost:44843|client:localhost:40991|dataStream:localhost:40677|priority:0|startupRole:FOLLOWER], listeners:[]
2023-08-18 03:36:47,091 [s0-server-thread1] INFO  server.RaftServer$Division (RaftServerImpl.java:setConfigurationAsync(1238)) - s0@group-E264CA5F8311: receive setConfiguration SetConfigurationRequest:client-255CF6B0DA3F->s0@group-E264CA5F8311, cid=386, seq=0, RW, null, SET_UNCONDITIONALLY, servers:[s1|rpc:0.0.0.0:34459|dataStream:|priority:0|startupRole:FOLLOWER, s2|rpc:0.0.0.0:43137|dataStream:|priority:0|startupRole:FOLLOWER, s0|rpc:localhost:39295|admin:localhost:44843|client:localhost:40991|dataStream:localhost:40677|priority:0|startupRole:FOLLOWER], listeners:[]
2023-08-18 03:36:47,140 [s0@group-E264CA5F8311-FollowerState] INFO  impl.FollowerState (FollowerState.java:run(143)) - s0@group-E264CA5F8311-FollowerState: change to CANDIDATE, lastRpcElapsedTime:187323817ns, electionTimeout:187ms
2023-08-18 03:36:47,140 [s0@group-E264CA5F8311-FollowerState] INFO  impl.RoleInfo (RoleInfo.java:shutdownFollowerState(109)) - s0: shutdown s0@group-E264CA5F8311-FollowerState
2023-08-18 03:36:47,140 [s0@group-E264CA5F8311-FollowerState] INFO  server.RaftServer$Division (RaftServerImpl.java:setRole(371)) - s0@group-E264CA5F8311: changes role from  FOLLOWER to CANDIDATE at term 1 for changeToCandidate
2023-08-18 03:36:47,141 [s0@group-E264CA5F8311-FollowerState] INFO  server.RaftServerConfigKeys (ConfUtils.java:logGet(46)) - raft.server.leaderelection.pre-vote = true (default)
2023-08-18 03:36:47,141 [s0@group-E264CA5F8311-FollowerState] INFO  impl.RoleInfo (RoleInfo.java:updateAndGet(138)) - s0: start s0@group-E264CA5F8311-LeaderElection158
2023-08-18 03:36:47,141 [s0@group-E264CA5F8311-LeaderElection158] INFO  impl.LeaderElection (LeaderElection.java:askForVotes(320)) - s0@group-E264CA5F8311-LeaderElection158 PRE_VOTE round 0: submit vote requests at term 1 for 255: peers:[s0|rpc:localhost:39295|admin:localhost:44843|client:localhost:40991|dataStream:localhost:40677|priority:0|startupRole:FOLLOWER, s1|rpc:0.0.0.0:34459|dataStream:|priority:0|startupRole:FOLLOWER, s2|rpc:0.0.0.0:43137|dataStream:|priority:0|startupRole:FOLLOWER]|listeners:[], old=peers:[s0|rpc:localhost:39295|admin:localhost:44843|client:localhost:40991|dataStream:localhost:40677|priority:0|startupRole:FOLLOWER]|listeners:[]
2023-08-18 03:36:47,142 [grpc-default-executor-3] INFO  server.RaftServer$Division (RaftServerImpl.java:requestVote(1344)) - s2@group-E264CA5F8311: receive requestVote(PRE_VOTE, s0, group-E264CA5F8311, 1, (t:1, i:255))
2023-08-18 03:36:47,142 [grpc-default-executor-0] INFO  server.RaftServer$Division (RaftServerImpl.java:requestVote(1344)) - s1@group-E264CA5F8311: receive requestVote(PRE_VOTE, s0, group-E264CA5F8311, 1, (t:1, i:255))
2023-08-18 03:36:47,142 [grpc-default-executor-3] WARN  server.GrpcServerProtocolService (LogUtils.java:warn(122)) - s2: Failed requestVote s0->s2#0: org.apache.ratis.protocol.exceptions.ServerNotReadyException: s2@group-E264CA5F8311 is not in [RUNNING]: current state is STARTING
2023-08-18 03:36:47,142 [grpc-default-executor-0] WARN  server.GrpcServerProtocolService (LogUtils.java:warn(122)) - s1: Failed requestVote s0->s1#0: org.apache.ratis.protocol.exceptions.ServerNotReadyException: s1@group-E264CA5F8311 is not in [RUNNING]: current state is STARTING
2023-08-18 03:36:47,143 [s0@group-E264CA5F8311-LeaderElection158] INFO  impl.LeaderElection (LogUtils.java:infoOrTrace(137)) - s0@group-E264CA5F8311-LeaderElection158 got exception when requesting votes: java.util.concurrent.ExecutionException: org.apache.ratis.thirdparty.io.grpc.StatusRuntimeException: INTERNAL: s1@group-E264CA5F8311 is not in [RUNNING]: current state is STARTING
2023-08-18 03:36:47,143 [s0@group-E264CA5F8311-LeaderElection158] INFO  impl.LeaderElection (LogUtils.java:infoOrTrace(137)) - s0@group-E264CA5F8311-LeaderElection158 got exception when requesting votes: java.util.concurrent.ExecutionException: org.apache.ratis.thirdparty.io.grpc.StatusRuntimeException: INTERNAL: s2@group-E264CA5F8311 is not in [RUNNING]: current state is STARTING
2023-08-18 03:36:47,143 [s0@group-E264CA5F8311-LeaderElection158] INFO  impl.LeaderElection (LeaderElection.java:logAndReturn(89)) - s0@group-E264CA5F8311-LeaderElection158: PRE_VOTE REJECTED received 0 response(s) and 2 exception(s):
2023-08-18 03:36:47,143 [s0@group-E264CA5F8311-LeaderElection158] INFO  impl.LeaderElection (LogUtils.java:infoOrTrace(137)) -   Exception 0: java.util.concurrent.ExecutionException: org.apache.ratis.thirdparty.io.grpc.StatusRuntimeException: INTERNAL: s1@group-E264CA5F8311 is not in [RUNNING]: current state is STARTING
2023-08-18 03:36:47,143 [s0@group-E264CA5F8311-LeaderElection158] INFO  impl.LeaderElection (LogUtils.java:infoOrTrace(137)) -   Exception 1: java.util.concurrent.ExecutionException: org.apache.ratis.thirdparty.io.grpc.StatusRuntimeException: INTERNAL: s2@group-E264CA5F8311 is not in [RUNNING]: current state is STARTING
2023-08-18 03:36:47,143 [s0@group-E264CA5F8311-LeaderElection158] INFO  impl.LeaderElection (LeaderElection.java:askForVotes(322)) - s0@group-E264CA5F8311-LeaderElection158 PRE_VOTE round 0: result REJECTED
2023-08-18 03:36:47,143 [s0@group-E264CA5F8311-LeaderElection158] INFO  server.RaftServer$Division (RaftServerImpl.java:setRole(371)) - s0@group-E264CA5F8311: changes role from CANDIDATE to FOLLOWER at term 1 for REJECTED
2023-08-18 03:36:47,143 [s0@group-E264CA5F8311-LeaderElection158] INFO  impl.RoleInfo (RoleInfo.java:shutdownLeaderElection(129)) - s0: shutdown s0@group-E264CA5F8311-LeaderElection158
2023-08-18 03:36:47,143 [s0@group-E264CA5F8311-LeaderElection158] INFO  impl.RoleInfo (RoleInfo.java:updateAndGet(138)) - s0: start s0@group-E264CA5F8311-FollowerState
2023-08-18 03:36:47,196 [s1-server-thread1] INFO  server.RaftServer$Division (RaftServerImpl.java:setConfigurationAsync(1238)) - s1@group-E264CA5F8311: receive setConfiguration SetConfigurationRequest:client-255CF6B0DA3F->s1@group-E264CA5F8311, cid=386, seq=0, RW, null, SET_UNCONDITIONALLY, servers:[s1|rpc:0.0.0.0:34459|dataStream:|priority:0|startupRole:FOLLOWER, s2|rpc:0.0.0.0:43137|dataStream:|priority:0|startupRole:FOLLOWER, s0|rpc:localhost:39295|admin:localhost:44843|client:localhost:40991|dataStream:localhost:40677|priority:0|startupRole:FOLLOWER], listeners:[]
2023-08-18 03:36:47,301 [s2-server-thread1] INFO  server.RaftServer$Division (RaftServerImpl.java:setConfigurationAsync(1238)) - s2@group-E264CA5F8311: receive setConfiguration SetConfigurationRequest:client-255CF6B0DA3F->s2@group-E264CA5F8311, cid=386, seq=0, RW, null, SET_UNCONDITIONALLY, servers:[s1|rpc:0.0.0.0:34459|dataStream:|priority:0|startupRole:FOLLOWER, s2|rpc:0.0.0.0:43137|dataStream:|priority:0|startupRole:FOLLOWER, s0|rpc:localhost:39295|admin:localhost:44843|client:localhost:40991|dataStream:localhost:40677|priority:0|startupRole:FOLLOWER], listeners:[]
2023-08-18 03:36:47,373 [s0@group-E264CA5F8311-FollowerState] INFO  impl.FollowerState (FollowerState.java:run(143)) - s0@group-E264CA5F8311-FollowerState: change to CANDIDATE, lastRpcElapsedTime:229497583ns, electionTimeout:229ms
2023-08-18 03:36:47,373 [s0@group-E264CA5F8311-FollowerState] INFO  impl.RoleInfo (RoleInfo.java:shutdownFollowerState(109)) - s0: shutdown s0@group-E264CA5F8311-FollowerState
2023-08-18 03:36:47,373 [s0@group-E264CA5F8311-FollowerState] INFO  server.RaftServer$Division (RaftServerImpl.java:setRole(371)) - s0@group-E264CA5F8311: changes role from  FOLLOWER to CANDIDATE at term 1 for changeToCandidate
2023-08-18 03:36:47,373 [s0@group-E264CA5F8311-FollowerState] INFO  server.RaftServerConfigKeys (ConfUtils.java:logGet(46)) - raft.server.leaderelection.pre-vote = true (default)
2023-08-18 03:36:47,373 [s0@group-E264CA5F8311-FollowerState] INFO  impl.RoleInfo (RoleInfo.java:updateAndGet(138)) - s0: start s0@group-E264CA5F8311-LeaderElection159
2023-08-18 03:36:47,373 [s0@group-E264CA5F8311-LeaderElection159] INFO  impl.LeaderElection (LeaderElection.java:askForVotes(320)) - s0@group-E264CA5F8311-LeaderElection159 PRE_VOTE round 0: submit vote requests at term 1 for 255: peers:[s0|rpc:localhost:39295|admin:localhost:44843|client:localhost:40991|dataStream:localhost:40677|priority:0|startupRole:FOLLOWER, s1|rpc:0.0.0.0:34459|dataStream:|priority:0|startupRole:FOLLOWER, s2|rpc:0.0.0.0:43137|dataStream:|priority:0|startupRole:FOLLOWER]|listeners:[], old=peers:[s0|rpc:localhost:39295|admin:localhost:44843|client:localhost:40991|dataStream:localhost:40677|priority:0|startupRole:FOLLOWER]|listeners:[]
2023-08-18 03:36:47,374 [grpc-default-executor-0] INFO  server.RaftServer$Division (RaftServerImpl.java:requestVote(1344)) - s1@group-E264CA5F8311: receive requestVote(PRE_VOTE, s0, group-E264CA5F8311, 1, (t:1, i:255))
2023-08-18 03:36:47,374 [grpc-default-executor-3] INFO  server.RaftServer$Division (RaftServerImpl.java:requestVote(1344)) - s2@group-E264CA5F8311: receive requestVote(PRE_VOTE, s0, group-E264CA5F8311, 1, (t:1, i:255))
2023-08-18 03:36:47,374 [grpc-default-executor-0] WARN  server.GrpcServerProtocolService (LogUtils.java:warn(122)) - s1: Failed requestVote s0->s1#0: org.apache.ratis.protocol.exceptions.ServerNotReadyException: s1@group-E264CA5F8311 is not in [RUNNING]: current state is STARTING
2023-08-18 03:36:47,374 [grpc-default-executor-3] WARN  server.GrpcServerProtocolService (LogUtils.java:warn(122)) - s2: Failed requestVote s0->s2#0: org.apache.ratis.protocol.exceptions.ServerNotReadyException: s2@group-E264CA5F8311 is not in [RUNNING]: current state is STARTING
2023-08-18 03:36:47,375 [s0@group-E264CA5F8311-LeaderElection159] INFO  impl.LeaderElection (LogUtils.java:infoOrTrace(137)) - s0@group-E264CA5F8311-LeaderElection159 got exception when requesting votes: java.util.concurrent.ExecutionException: org.apache.ratis.thirdparty.io.grpc.StatusRuntimeException: INTERNAL: s1@group-E264CA5F8311 is not in [RUNNING]: current state is STARTING
2023-08-18 03:36:47,375 [s0@group-E264CA5F8311-LeaderElection159] INFO  impl.LeaderElection (LogUtils.java:infoOrTrace(137)) - s0@group-E264CA5F8311-LeaderElection159 got exception when requesting votes: java.util.concurrent.ExecutionException: org.apache.ratis.thirdparty.io.grpc.StatusRuntimeException: INTERNAL: s2@group-E264CA5F8311 is not in [RUNNING]: current state is STARTING
2023-08-18 03:36:47,375 [s0@group-E264CA5F8311-LeaderElection159] INFO  impl.LeaderElection (LeaderElection.java:logAndReturn(89)) - s0@group-E264CA5F8311-LeaderElection159: PRE_VOTE REJECTED received 0 response(s) and 2 exception(s):
2023-08-18 03:36:47,375 [s0@group-E264CA5F8311-LeaderElection159] INFO  impl.LeaderElection (LogUtils.java:infoOrTrace(137)) -   Exception 0: java.util.concurrent.ExecutionException: org.apache.ratis.thirdparty.io.grpc.StatusRuntimeException: INTERNAL: s1@group-E264CA5F8311 is not in [RUNNING]: current state is STARTING
2023-08-18 03:36:47,375 [s0@group-E264CA5F8311-LeaderElection159] INFO  impl.LeaderElection (LogUtils.java:infoOrTrace(137)) -   Exception 1: java.util.concurrent.ExecutionException: org.apache.ratis.thirdparty.io.grpc.StatusRuntimeException: INTERNAL: s2@group-E264CA5F8311 is not in [RUNNING]: current state is STARTING
2023-08-18 03:36:47,375 [s0@group-E264CA5F8311-LeaderElection159] INFO  impl.LeaderElection (LeaderElection.java:askForVotes(322)) - s0@group-E264CA5F8311-LeaderElection159 PRE_VOTE round 0: result REJECTED
2023-08-18 03:36:47,375 [s0@group-E264CA5F8311-LeaderElection159] INFO  server.RaftServer$Division (RaftServerImpl.java:setRole(371)) - s0@group-E264CA5F8311: changes role from CANDIDATE to FOLLOWER at term 1 for REJECTED
2023-08-18 03:36:47,375 [s0@group-E264CA5F8311-LeaderElection159] INFO  impl.RoleInfo (RoleInfo.java:shutdownLeaderElection(129)) - s0: shutdown s0@group-E264CA5F8311-LeaderElection159
2023-08-18 03:36:47,375 [s0@group-E264CA5F8311-LeaderElection159] INFO  impl.RoleInfo (RoleInfo.java:updateAndGet(138)) - s0: start s0@group-E264CA5F8311-FollowerState
2023-08-18 03:36:47,405 [s0-server-thread1] INFO  server.RaftServer$Division (RaftServerImpl.java:setConfigurationAsync(1238)) - s0@group-E264CA5F8311: receive setConfiguration SetConfigurationRequest:client-255CF6B0DA3F->s0@group-E264CA5F8311, cid=386, seq=0, RW, null, SET_UNCONDITIONALLY, servers:[s1|rpc:0.0.0.0:34459|dataStream:|priority:0|startupRole:FOLLOWER, s2|rpc:0.0.0.0:43137|dataStream:|priority:0|startupRole:FOLLOWER, s0|rpc:localhost:39295|admin:localhost:44843|client:localhost:40991|dataStream:localhost:40677|priority:0|startupRole:FOLLOWER], listeners:[]
2023-08-18 03:36:47,509 [s1-server-thread1] INFO  server.RaftServer$Division (RaftServerImpl.java:setConfigurationAsync(1238)) - s1@group-E264CA5F8311: receive setConfiguration SetConfigurationRequest:client-255CF6B0DA3F->s1@group-E264CA5F8311, cid=386, seq=0, RW, null, SET_UNCONDITIONALLY, servers:[s1|rpc:0.0.0.0:34459|dataStream:|priority:0|startupRole:FOLLOWER, s2|rpc:0.0.0.0:43137|dataStream:|priority:0|startupRole:FOLLOWER, s0|rpc:localhost:39295|admin:localhost:44843|client:localhost:40991|dataStream:localhost:40677|priority:0|startupRole:FOLLOWER], listeners:[]
2023-08-18 03:36:47,533 [s0@group-E264CA5F8311-FollowerState] INFO  impl.FollowerState (FollowerState.java:run(143)) - s0@group-E264CA5F8311-FollowerState: change to CANDIDATE, lastRpcElapsedTime:158297647ns, electionTimeout:158ms
2023-08-18 03:36:47,533 [s0@group-E264CA5F8311-FollowerState] INFO  impl.RoleInfo (RoleInfo.java:shutdownFollowerState(109)) - s0: shutdown s0@group-E264CA5F8311-FollowerState
2023-08-18 03:36:47,533 [s0@group-E264CA5F8311-FollowerState] INFO  server.RaftServer$Division (RaftServerImpl.java:setRole(371)) - s0@group-E264CA5F8311: changes role from  FOLLOWER to CANDIDATE at term 1 for changeToCandidate
2023-08-18 03:36:47,533 [s0@group-E264CA5F8311-FollowerState] INFO  server.RaftServerConfigKeys (ConfUtils.java:logGet(46)) - raft.server.leaderelection.pre-vote = true (default)
2023-08-18 03:36:47,533 [s0@group-E264CA5F8311-FollowerState] INFO  impl.RoleInfo (RoleInfo.java:updateAndGet(138)) - s0: start s0@group-E264CA5F8311-LeaderElection160
2023-08-18 03:36:47,534 [s0@group-E264CA5F8311-LeaderElection160] INFO  impl.LeaderElection (LeaderElection.java:askForVotes(320)) - s0@group-E264CA5F8311-LeaderElection160 PRE_VOTE round 0: submit vote requests at term 1 for 255: peers:[s0|rpc:localhost:39295|admin:localhost:44843|client:localhost:40991|dataStream:localhost:40677|priority:0|startupRole:FOLLOWER, s1|rpc:0.0.0.0:34459|dataStream:|priority:0|startupRole:FOLLOWER, s2|rpc:0.0.0.0:43137|dataStream:|priority:0|startupRole:FOLLOWER]|listeners:[], old=peers:[s0|rpc:localhost:39295|admin:localhost:44843|client:localhost:40991|dataStream:localhost:40677|priority:0|startupRole:FOLLOWER]|listeners:[]
2023-08-18 03:36:47,535 [grpc-default-executor-3] INFO  server.RaftServer$Division (RaftServerImpl.java:requestVote(1344)) - s1@group-E264CA5F8311: receive requestVote(PRE_VOTE, s0, group-E264CA5F8311, 1, (t:1, i:255))
2023-08-18 03:36:47,535 [grpc-default-executor-3] WARN  server.GrpcServerProtocolService (LogUtils.java:warn(122)) - s1: Failed requestVote s0->s1#0: org.apache.ratis.protocol.exceptions.ServerNotReadyException: s1@group-E264CA5F8311 is not in [RUNNING]: current state is STARTING
2023-08-18 03:36:47,535 [grpc-default-executor-3] INFO  server.RaftServer$Division (RaftServerImpl.java:requestVote(1344)) - s2@group-E264CA5F8311: receive requestVote(PRE_VOTE, s0, group-E264CA5F8311, 1, (t:1, i:255))
2023-08-18 03:36:47,535 [grpc-default-executor-3] WARN  server.GrpcServerProtocolService (LogUtils.java:warn(122)) - s2: Failed requestVote s0->s2#0: org.apache.ratis.protocol.exceptions.ServerNotReadyException: s2@group-E264CA5F8311 is not in [RUNNING]: current state is STARTING
2023-08-18 03:36:47,535 [s0@group-E264CA5F8311-LeaderElection160] INFO  impl.LeaderElection (LogUtils.java:infoOrTrace(137)) - s0@group-E264CA5F8311-LeaderElection160 got exception when requesting votes: java.util.concurrent.ExecutionException: org.apache.ratis.thirdparty.io.grpc.StatusRuntimeException: INTERNAL: s1@group-E264CA5F8311 is not in [RUNNING]: current state is STARTING
2023-08-18 03:36:47,535 [s0@group-E264CA5F8311-LeaderElection160] INFO  impl.LeaderElection (LogUtils.java:infoOrTrace(137)) - s0@group-E264CA5F8311-LeaderElection160 got exception when requesting votes: java.util.concurrent.ExecutionException: org.apache.ratis.thirdparty.io.grpc.StatusRuntimeException: INTERNAL: s2@group-E264CA5F8311 is not in [RUNNING]: current state is STARTING
2023-08-18 03:36:47,535 [s0@group-E264CA5F8311-LeaderElection160] INFO  impl.LeaderElection (LeaderElection.java:logAndReturn(89)) - s0@group-E264CA5F8311-LeaderElection160: PRE_VOTE REJECTED received 0 response(s) and 2 exception(s):
2023-08-18 03:36:47,535 [s0@group-E264CA5F8311-LeaderElection160] INFO  impl.LeaderElection (LogUtils.java:infoOrTrace(137)) -   Exception 0: java.util.concurrent.ExecutionException: org.apache.ratis.thirdparty.io.grpc.StatusRuntimeException: INTERNAL: s1@group-E264CA5F8311 is not in [RUNNING]: current state is STARTING
2023-08-18 03:36:47,535 [s0@group-E264CA5F8311-LeaderElection160] INFO  impl.LeaderElection (LogUtils.java:infoOrTrace(137)) -   Exception 1: java.util.concurrent.ExecutionException: org.apache.ratis.thirdparty.io.grpc.StatusRuntimeException: INTERNAL: s2@group-E264CA5F8311 is not in [RUNNING]: current state is STARTING
2023-08-18 03:36:47,535 [s0@group-E264CA5F8311-LeaderElection160] INFO  impl.LeaderElection (LeaderElection.java:askForVotes(322)) - s0@group-E264CA5F8311-LeaderElection160 PRE_VOTE round 0: result REJECTED
2023-08-18 03:36:47,536 [s0@group-E264CA5F8311-LeaderElection160] INFO  server.RaftServer$Division (RaftServerImpl.java:setRole(371)) - s0@group-E264CA5F8311: changes role from CANDIDATE to FOLLOWER at term 1 for REJECTED
2023-08-18 03:36:47,536 [s0@group-E264CA5F8311-LeaderElection160] INFO  impl.RoleInfo (RoleInfo.java:shutdownLeaderElection(129)) - s0: shutdown s0@group-E264CA5F8311-LeaderElection160
2023-08-18 03:36:47,536 [s0@group-E264CA5F8311-LeaderElection160] INFO  impl.RoleInfo (RoleInfo.java:updateAndGet(138)) - s0: start s0@group-E264CA5F8311-FollowerState
2023-08-18 03:36:47,613 [s2-server-thread1] INFO  server.RaftServer$Division (RaftServerImpl.java:setConfigurationAsync(1238)) - s2@group-E264CA5F8311: receive setConfiguration SetConfigurationRequest:client-255CF6B0DA3F->s2@group-E264CA5F8311, cid=386, seq=0, RW, null, SET_UNCONDITIONALLY, servers:[s1|rpc:0.0.0.0:34459|dataStream:|priority:0|startupRole:FOLLOWER, s2|rpc:0.0.0.0:43137|dataStream:|priority:0|startupRole:FOLLOWER, s0|rpc:localhost:39295|admin:localhost:44843|client:localhost:40991|dataStream:localhost:40677|priority:0|startupRole:FOLLOWER], listeners:[]
2023-08-18 03:36:47,716 [s1-server-thread1] INFO  server.RaftServer$Division (RaftServerImpl.java:setConfigurationAsync(1238)) - s1@group-E264CA5F8311: receive setConfiguration SetConfigurationRequest:client-255CF6B0DA3F->s1@group-E264CA5F8311, cid=386, seq=0, RW, null, SET_UNCONDITIONALLY, servers:[s1|rpc:0.0.0.0:34459|dataStream:|priority:0|startupRole:FOLLOWER, s2|rpc:0.0.0.0:43137|dataStream:|priority:0|startupRole:FOLLOWER, s0|rpc:localhost:39295|admin:localhost:44843|client:localhost:40991|dataStream:localhost:40677|priority:0|startupRole:FOLLOWER], listeners:[]
2023-08-18 03:36:47,718 [s0@group-E264CA5F8311-FollowerState] INFO  impl.FollowerState (FollowerState.java:run(143)) - s0@group-E264CA5F8311-FollowerState: change to CANDIDATE, lastRpcElapsedTime:182262257ns, electionTimeout:182ms
2023-08-18 03:36:47,718 [s0@group-E264CA5F8311-FollowerState] INFO  impl.RoleInfo (RoleInfo.java:shutdownFollowerState(109)) - s0: shutdown s0@group-E264CA5F8311-FollowerState
2023-08-18 03:36:47,718 [s0@group-E264CA5F8311-FollowerState] INFO  server.RaftServer$Division (RaftServerImpl.java:setRole(371)) - s0@group-E264CA5F8311: changes role from  FOLLOWER to CANDIDATE at term 1 for changeToCandidate
2023-08-18 03:36:47,718 [s0@group-E264CA5F8311-FollowerState] INFO  server.RaftServerConfigKeys (ConfUtils.java:logGet(46)) - raft.server.leaderelection.pre-vote = true (default)
2023-08-18 03:36:47,718 [s0@group-E264CA5F8311-FollowerState] INFO  impl.RoleInfo (RoleInfo.java:updateAndGet(138)) - s0: start s0@group-E264CA5F8311-LeaderElection161
2023-08-18 03:36:47,718 [s0@group-E264CA5F8311-LeaderElection161] INFO  impl.LeaderElection (LeaderElection.java:askForVotes(320)) - s0@group-E264CA5F8311-LeaderElection161 PRE_VOTE round 0: submit vote requests at term 1 for 255: peers:[s0|rpc:localhost:39295|admin:localhost:44843|client:localhost:40991|dataStream:localhost:40677|priority:0|startupRole:FOLLOWER, s1|rpc:0.0.0.0:34459|dataStream:|priority:0|startupRole:FOLLOWER, s2|rpc:0.0.0.0:43137|dataStream:|priority:0|startupRole:FOLLOWER]|listeners:[], old=peers:[s0|rpc:localhost:39295|admin:localhost:44843|client:localhost:40991|dataStream:localhost:40677|priority:0|startupRole:FOLLOWER]|listeners:[]
2023-08-18 03:36:47,719 [grpc-default-executor-3] INFO  server.RaftServer$Division (RaftServerImpl.java:requestVote(1344)) - s1@group-E264CA5F8311: receive requestVote(PRE_VOTE, s0, group-E264CA5F8311, 1, (t:1, i:255))
2023-08-18 03:36:47,719 [grpc-default-executor-3] WARN  server.GrpcServerProtocolService (LogUtils.java:warn(122)) - s1: Failed requestVote s0->s1#0: org.apache.ratis.protocol.exceptions.ServerNotReadyException: s1@group-E264CA5F8311 is not in [RUNNING]: current state is STARTING
2023-08-18 03:36:47,719 [s0@group-E264CA5F8311-LeaderElection161] INFO  impl.LeaderElection (LogUtils.java:infoOrTrace(137)) - s0@group-E264CA5F8311-LeaderElection161 got exception when requesting votes: java.util.concurrent.ExecutionException: org.apache.ratis.thirdparty.io.grpc.StatusRuntimeException: INTERNAL: s1@group-E264CA5F8311 is not in [RUNNING]: current state is STARTING
2023-08-18 03:36:47,719 [grpc-default-executor-0] INFO  server.RaftServer$Division (RaftServerImpl.java:requestVote(1344)) - s2@group-E264CA5F8311: receive requestVote(PRE_VOTE, s0, group-E264CA5F8311, 1, (t:1, i:255))
2023-08-18 03:36:47,720 [grpc-default-executor-0] WARN  server.GrpcServerProtocolService (LogUtils.java:warn(122)) - s2: Failed requestVote s0->s2#0: org.apache.ratis.protocol.exceptions.ServerNotReadyException: s2@group-E264CA5F8311 is not in [RUNNING]: current state is STARTING
2023-08-18 03:36:47,724 [s0@group-E264CA5F8311-LeaderElection161] INFO  impl.LeaderElection (LogUtils.java:infoOrTrace(137)) - s0@group-E264CA5F8311-LeaderElection161 got exception when requesting votes: java.util.concurrent.ExecutionException: org.apache.ratis.thirdparty.io.grpc.StatusRuntimeException: INTERNAL: s2@group-E264CA5F8311 is not in [RUNNING]: current state is STARTING
2023-08-18 03:36:47,724 [s0@group-E264CA5F8311-LeaderElection161] INFO  impl.LeaderElection (LeaderElection.java:logAndReturn(89)) - s0@group-E264CA5F8311-LeaderElection161: PRE_VOTE REJECTED received 0 response(s) and 2 exception(s):
2023-08-18 03:36:47,724 [s0@group-E264CA5F8311-LeaderElection161] INFO  impl.LeaderElection (LogUtils.java:infoOrTrace(137)) -   Exception 0: java.util.concurrent.ExecutionException: org.apache.ratis.thirdparty.io.grpc.StatusRuntimeException: INTERNAL: s1@group-E264CA5F8311 is not in [RUNNING]: current state is STARTING
2023-08-18 03:36:47,724 [s0@group-E264CA5F8311-LeaderElection161] INFO  impl.LeaderElection (LogUtils.java:infoOrTrace(137)) -   Exception 1: java.util.concurrent.ExecutionException: org.apache.ratis.thirdparty.io.grpc.StatusRuntimeException: INTERNAL: s2@group-E264CA5F8311 is not in [RUNNING]: current state is STARTING
2023-08-18 03:36:47,724 [s0@group-E264CA5F8311-LeaderElection161] INFO  impl.LeaderElection (LeaderElection.java:askForVotes(322)) - s0@group-E264CA5F8311-LeaderElection161 PRE_VOTE round 0: result REJECTED
2023-08-18 03:36:47,724 [s0@group-E264CA5F8311-LeaderElection161] INFO  server.RaftServer$Division (RaftServerImpl.java:setRole(371)) - s0@group-E264CA5F8311: changes role from CANDIDATE to FOLLOWER at term 1 for REJECTED
2023-08-18 03:36:47,724 [s0@group-E264CA5F8311-LeaderElection161] INFO  impl.RoleInfo (RoleInfo.java:shutdownLeaderElection(129)) - s0: shutdown s0@group-E264CA5F8311-LeaderElection161
2023-08-18 03:36:47,724 [s0@group-E264CA5F8311-LeaderElection161] INFO  impl.RoleInfo (RoleInfo.java:updateAndGet(138)) - s0: start s0@group-E264CA5F8311-FollowerState
2023-08-18 03:36:47,821 [s0-server-thread1] INFO  server.RaftServer$Division (RaftServerImpl.java:setConfigurationAsync(1238)) - s0@group-E264CA5F8311: receive setConfiguration SetConfigurationRequest:client-255CF6B0DA3F->s0@group-E264CA5F8311, cid=386, seq=0, RW, null, SET_UNCONDITIONALLY, servers:[s1|rpc:0.0.0.0:34459|dataStream:|priority:0|startupRole:FOLLOWER, s2|rpc:0.0.0.0:43137|dataStream:|priority:0|startupRole:FOLLOWER, s0|rpc:localhost:39295|admin:localhost:44843|client:localhost:40991|dataStream:localhost:40677|priority:0|startupRole:FOLLOWER], listeners:[]
2023-08-18 03:36:47,924 [s2-server-thread1] INFO  server.RaftServer$Division (RaftServerImpl.java:setConfigurationAsync(1238)) - s2@group-E264CA5F8311: receive setConfiguration SetConfigurationRequest:client-255CF6B0DA3F->s2@group-E264CA5F8311, cid=386, seq=0, RW, null, SET_UNCONDITIONALLY, servers:[s1|rpc:0.0.0.0:34459|dataStream:|priority:0|startupRole:FOLLOWER, s2|rpc:0.0.0.0:43137|dataStream:|priority:0|startupRole:FOLLOWER, s0|rpc:localhost:39295|admin:localhost:44843|client:localhost:40991|dataStream:localhost:40677|priority:0|startupRole:FOLLOWER], listeners:[]
2023-08-18 03:36:48,025 [s0@group-E264CA5F8311-FollowerState] INFO  impl.FollowerState (FollowerState.java:run(143)) - s0@group-E264CA5F8311-FollowerState: change to CANDIDATE, lastRpcElapsedTime:300292323ns, electionTimeout:300ms
2023-08-18 03:36:48,025 [s0@group-E264CA5F8311-FollowerState] INFO  impl.RoleInfo (RoleInfo.java:shutdownFollowerState(109)) - s0: shutdown s0@group-E264CA5F8311-FollowerState
2023-08-18 03:36:48,025 [s0@group-E264CA5F8311-FollowerState] INFO  server.RaftServer$Division (RaftServerImpl.java:setRole(371)) - s0@group-E264CA5F8311: changes role from  FOLLOWER to CANDIDATE at term 1 for changeToCandidate
2023-08-18 03:36:48,025 [s0@group-E264CA5F8311-FollowerState] INFO  server.RaftServerConfigKeys (ConfUtils.java:logGet(46)) - raft.server.leaderelection.pre-vote = true (default)
2023-08-18 03:36:48,025 [s0@group-E264CA5F8311-FollowerState] INFO  impl.RoleInfo (RoleInfo.java:updateAndGet(138)) - s0: start s0@group-E264CA5F8311-LeaderElection162
2023-08-18 03:36:48,025 [s0@group-E264CA5F8311-LeaderElection162] INFO  impl.LeaderElection (LeaderElection.java:askForVotes(320)) - s0@group-E264CA5F8311-LeaderElection162 PRE_VOTE round 0: submit vote requests at term 1 for 255: peers:[s0|rpc:localhost:39295|admin:localhost:44843|client:localhost:40991|dataStream:localhost:40677|priority:0|startupRole:FOLLOWER, s1|rpc:0.0.0.0:34459|dataStream:|priority:0|startupRole:FOLLOWER, s2|rpc:0.0.0.0:43137|dataStream:|priority:0|startupRole:FOLLOWER]|listeners:[], old=peers:[s0|rpc:localhost:39295|admin:localhost:44843|client:localhost:40991|dataStream:localhost:40677|priority:0|startupRole:FOLLOWER]|listeners:[]
2023-08-18 03:36:48,028 [grpc-default-executor-3] INFO  server.RaftServer$Division (RaftServerImpl.java:requestVote(1344)) - s2@group-E264CA5F8311: receive requestVote(PRE_VOTE, s0, group-E264CA5F8311, 1, (t:1, i:255))
2023-08-18 03:36:48,028 [grpc-default-executor-3] WARN  server.GrpcServerProtocolService (LogUtils.java:warn(122)) - s2: Failed requestVote s0->s2#0: org.apache.ratis.protocol.exceptions.ServerNotReadyException: s2@group-E264CA5F8311 is not in [RUNNING]: current state is STARTING
2023-08-18 03:36:48,029 [s1-server-thread1] INFO  server.RaftServer$Division (RaftServerImpl.java:setConfigurationAsync(1238)) - s1@group-E264CA5F8311: receive setConfiguration SetConfigurationRequest:client-255CF6B0DA3F->s1@group-E264CA5F8311, cid=386, seq=0, RW, null, SET_UNCONDITIONALLY, servers:[s1|rpc:0.0.0.0:34459|dataStream:|priority:0|startupRole:FOLLOWER, s2|rpc:0.0.0.0:43137|dataStream:|priority:0|startupRole:FOLLOWER, s0|rpc:localhost:39295|admin:localhost:44843|client:localhost:40991|dataStream:localhost:40677|priority:0|startupRole:FOLLOWER], listeners:[]
2023-08-18 03:36:48,029 [s0@group-E264CA5F8311-LeaderElection162] INFO  impl.LeaderElection (LogUtils.java:infoOrTrace(137)) - s0@group-E264CA5F8311-LeaderElection162 got exception when requesting votes: java.util.concurrent.ExecutionException: org.apache.ratis.thirdparty.io.grpc.StatusRuntimeException: INTERNAL: s2@group-E264CA5F8311 is not in [RUNNING]: current state is STARTING
2023-08-18 03:36:48,029 [grpc-default-executor-0] INFO  server.RaftServer$Division (RaftServerImpl.java:requestVote(1344)) - s1@group-E264CA5F8311: receive requestVote(PRE_VOTE, s0, group-E264CA5F8311, 1, (t:1, i:255))
2023-08-18 03:36:48,029 [grpc-default-executor-0] WARN  server.GrpcServerProtocolService (LogUtils.java:warn(122)) - s1: Failed requestVote s0->s1#0: org.apache.ratis.protocol.exceptions.ServerNotReadyException: s1@group-E264CA5F8311 is not in [RUNNING]: current state is STARTING
2023-08-18 03:36:48,030 [s0@group-E264CA5F8311-LeaderElection162] INFO  impl.LeaderElection (LogUtils.java:infoOrTrace(137)) - s0@group-E264CA5F8311-LeaderElection162 got exception when requesting votes: java.util.concurrent.ExecutionException: org.apache.ratis.thirdparty.io.grpc.StatusRuntimeException: INTERNAL: s1@group-E264CA5F8311 is not in [RUNNING]: current state is STARTING
2023-08-18 03:36:48,030 [s0@group-E264CA5F8311-LeaderElection162] INFO  impl.LeaderElection (LeaderElection.java:logAndReturn(89)) - s0@group-E264CA5F8311-LeaderElection162: PRE_VOTE REJECTED received 0 response(s) and 2 exception(s):
2023-08-18 03:36:48,030 [s0@group-E264CA5F8311-LeaderElection162] INFO  impl.LeaderElection (LogUtils.java:infoOrTrace(137)) -   Exception 0: java.util.concurrent.ExecutionException: org.apache.ratis.thirdparty.io.grpc.StatusRuntimeException: INTERNAL: s2@group-E264CA5F8311 is not in [RUNNING]: current state is STARTING
2023-08-18 03:36:48,030 [s0@group-E264CA5F8311-LeaderElection162] INFO  impl.LeaderElection (LogUtils.java:infoOrTrace(137)) -   Exception 1: java.util.concurrent.ExecutionException: org.apache.ratis.thirdparty.io.grpc.StatusRuntimeException: INTERNAL: s1@group-E264CA5F8311 is not in [RUNNING]: current state is STARTING
2023-08-18 03:36:48,030 [s0@group-E264CA5F8311-LeaderElection162] INFO  impl.LeaderElection (LeaderElection.java:askForVotes(322)) - s0@group-E264CA5F8311-LeaderElection162 PRE_VOTE round 0: result REJECTED
2023-08-18 03:36:48,030 [s0@group-E264CA5F8311-LeaderElection162] INFO  server.RaftServer$Division (RaftServerImpl.java:setRole(371)) - s0@group-E264CA5F8311: changes role from CANDIDATE to FOLLOWER at term 1 for REJECTED
2023-08-18 03:36:48,030 [s0@group-E264CA5F8311-LeaderElection162] INFO  impl.RoleInfo (RoleInfo.java:shutdownLeaderElection(129)) - s0: shutdown s0@group-E264CA5F8311-LeaderElection162
2023-08-18 03:36:48,030 [s0@group-E264CA5F8311-LeaderElection162] INFO  impl.RoleInfo (RoleInfo.java:updateAndGet(138)) - s0: start s0@group-E264CA5F8311-FollowerState
2023-08-18 03:36:48,133 [s0-server-thread1] INFO  server.RaftServer$Division (RaftServerImpl.java:setConfigurationAsync(1238)) - s0@group-E264CA5F8311: receive setConfiguration SetConfigurationRequest:client-255CF6B0DA3F->s0@group-E264CA5F8311, cid=386, seq=0, RW, null, SET_UNCONDITIONALLY, servers:[s1|rpc:0.0.0.0:34459|dataStream:|priority:0|startupRole:FOLLOWER, s2|rpc:0.0.0.0:43137|dataStream:|priority:0|startupRole:FOLLOWER, s0|rpc:localhost:39295|admin:localhost:44843|client:localhost:40991|dataStream:localhost:40677|priority:0|startupRole:FOLLOWER], listeners:[]
2023-08-18 03:36:48,194 [s0@group-E264CA5F8311-FollowerState] INFO  impl.FollowerState (FollowerState.java:run(143)) - s0@group-E264CA5F8311-FollowerState: change to CANDIDATE, lastRpcElapsedTime:164377198ns, electionTimeout:164ms
2023-08-18 03:36:48,194 [s0@group-E264CA5F8311-FollowerState] INFO  impl.RoleInfo (RoleInfo.java:shutdownFollowerState(109)) - s0: shutdown s0@group-E264CA5F8311-FollowerState
2023-08-18 03:36:48,194 [s0@group-E264CA5F8311-FollowerState] INFO  server.RaftServer$Division (RaftServerImpl.java:setRole(371)) - s0@group-E264CA5F8311: changes role from  FOLLOWER to CANDIDATE at term 1 for changeToCandidate
2023-08-18 03:36:48,195 [s0@group-E264CA5F8311-FollowerState] INFO  server.RaftServerConfigKeys (ConfUtils.java:logGet(46)) - raft.server.leaderelection.pre-vote = true (default)
2023-08-18 03:36:48,195 [s0@group-E264CA5F8311-FollowerState] INFO  impl.RoleInfo (RoleInfo.java:updateAndGet(138)) - s0: start s0@group-E264CA5F8311-LeaderElection163
2023-08-18 03:36:48,195 [s0@group-E264CA5F8311-LeaderElection163] INFO  impl.LeaderElection (LeaderElection.java:askForVotes(320)) - s0@group-E264CA5F8311-LeaderElection163 PRE_VOTE round 0: submit vote requests at term 1 for 255: peers:[s0|rpc:localhost:39295|admin:localhost:44843|client:localhost:40991|dataStream:localhost:40677|priority:0|startupRole:FOLLOWER, s1|rpc:0.0.0.0:34459|dataStream:|priority:0|startupRole:FOLLOWER, s2|rpc:0.0.0.0:43137|dataStream:|priority:0|startupRole:FOLLOWER]|listeners:[], old=peers:[s0|rpc:localhost:39295|admin:localhost:44843|client:localhost:40991|dataStream:localhost:40677|priority:0|startupRole:FOLLOWER]|listeners:[]
2023-08-18 03:36:48,196 [grpc-default-executor-0] INFO  server.RaftServer$Division (RaftServerImpl.java:requestVote(1344)) - s2@group-E264CA5F8311: receive requestVote(PRE_VOTE, s0, group-E264CA5F8311, 1, (t:1, i:255))
2023-08-18 03:36:48,196 [grpc-default-executor-0] WARN  server.GrpcServerProtocolService (LogUtils.java:warn(122)) - s2: Failed requestVote s0->s2#0: org.apache.ratis.protocol.exceptions.ServerNotReadyException: s2@group-E264CA5F8311 is not in [RUNNING]: current state is STARTING
2023-08-18 03:36:48,196 [grpc-default-executor-3] INFO  server.RaftServer$Division (RaftServerImpl.java:requestVote(1344)) - s1@group-E264CA5F8311: receive requestVote(PRE_VOTE, s0, group-E264CA5F8311, 1, (t:1, i:255))
2023-08-18 03:36:48,196 [grpc-default-executor-3] WARN  server.GrpcServerProtocolService (LogUtils.java:warn(122)) - s1: Failed requestVote s0->s1#0: org.apache.ratis.protocol.exceptions.ServerNotReadyException: s1@group-E264CA5F8311 is not in [RUNNING]: current state is STARTING
2023-08-18 03:36:48,197 [s0@group-E264CA5F8311-LeaderElection163] INFO  impl.LeaderElection (LogUtils.java:infoOrTrace(137)) - s0@group-E264CA5F8311-LeaderElection163 got exception when requesting votes: java.util.concurrent.ExecutionException: org.apache.ratis.thirdparty.io.grpc.StatusRuntimeException: INTERNAL: s2@group-E264CA5F8311 is not in [RUNNING]: current state is STARTING
2023-08-18 03:36:48,197 [s0@group-E264CA5F8311-LeaderElection163] INFO  impl.LeaderElection (LogUtils.java:infoOrTrace(137)) - s0@group-E264CA5F8311-LeaderElection163 got exception when requesting votes: java.util.concurrent.ExecutionException: org.apache.ratis.thirdparty.io.grpc.StatusRuntimeException: INTERNAL: s1@group-E264CA5F8311 is not in [RUNNING]: current state is STARTING
2023-08-18 03:36:48,197 [s0@group-E264CA5F8311-LeaderElection163] INFO  impl.LeaderElection (LeaderElection.java:logAndReturn(89)) - s0@group-E264CA5F8311-LeaderElection163: PRE_VOTE REJECTED received 0 response(s) and 2 exception(s):
2023-08-18 03:36:48,197 [s0@group-E264CA5F8311-LeaderElection163] INFO  impl.LeaderElection (LogUtils.java:infoOrTrace(137)) -   Exception 0: java.util.concurrent.ExecutionException: org.apache.ratis.thirdparty.io.grpc.StatusRuntimeException: INTERNAL: s2@group-E264CA5F8311 is not in [RUNNING]: current state is STARTING
2023-08-18 03:36:48,197 [s0@group-E264CA5F8311-LeaderElection163] INFO  impl.LeaderElection (LogUtils.java:infoOrTrace(137)) -   Exception 1: java.util.concurrent.ExecutionException: org.apache.ratis.thirdparty.io.grpc.StatusRuntimeException: INTERNAL: s1@group-E264CA5F8311 is not in [RUNNING]: current state is STARTING
2023-08-18 03:36:48,197 [s0@group-E264CA5F8311-LeaderElection163] INFO  impl.LeaderElection (LeaderElection.java:askForVotes(322)) - s0@group-E264CA5F8311-LeaderElection163 PRE_VOTE round 0: result REJECTED
2023-08-18 03:36:48,197 [s0@group-E264CA5F8311-LeaderElection163] INFO  server.RaftServer$Division (RaftServerImpl.java:setRole(371)) - s0@group-E264CA5F8311: changes role from CANDIDATE to FOLLOWER at term 1 for REJECTED
2023-08-18 03:36:48,197 [s0@group-E264CA5F8311-LeaderElection163] INFO  impl.RoleInfo (RoleInfo.java:shutdownLeaderElection(129)) - s0: shutdown s0@group-E264CA5F8311-LeaderElection163
2023-08-18 03:36:48,197 [s0@group-E264CA5F8311-LeaderElection163] INFO  impl.RoleInfo (RoleInfo.java:updateAndGet(138)) - s0: start s0@group-E264CA5F8311-FollowerState
2023-08-18 03:36:48,236 [s2-server-thread1] INFO  server.RaftServer$Division (RaftServerImpl.java:setConfigurationAsync(1238)) - s2@group-E264CA5F8311: receive setConfiguration SetConfigurationRequest:client-255CF6B0DA3F->s2@group-E264CA5F8311, cid=386, seq=0, RW, null, SET_UNCONDITIONALLY, servers:[s1|rpc:0.0.0.0:34459|dataStream:|priority:0|startupRole:FOLLOWER, s2|rpc:0.0.0.0:43137|dataStream:|priority:0|startupRole:FOLLOWER, s0|rpc:localhost:39295|admin:localhost:44843|client:localhost:40991|dataStream:localhost:40677|priority:0|startupRole:FOLLOWER], listeners:[]
2023-08-18 03:36:48,340 [s1-server-thread1] INFO  server.RaftServer$Division (RaftServerImpl.java:setConfigurationAsync(1238)) - s1@group-E264CA5F8311: receive setConfiguration SetConfigurationRequest:client-255CF6B0DA3F->s1@group-E264CA5F8311, cid=386, seq=0, RW, null, SET_UNCONDITIONALLY, servers:[s1|rpc:0.0.0.0:34459|dataStream:|priority:0|startupRole:FOLLOWER, s2|rpc:0.0.0.0:43137|dataStream:|priority:0|startupRole:FOLLOWER, s0|rpc:localhost:39295|admin:localhost:44843|client:localhost:40991|dataStream:localhost:40677|priority:0|startupRole:FOLLOWER], listeners:[]
2023-08-18 03:36:48,387 [s0@group-E264CA5F8311-FollowerState] INFO  impl.FollowerState (FollowerState.java:run(143)) - s0@group-E264CA5F8311-FollowerState: change to CANDIDATE, lastRpcElapsedTime:190337593ns, electionTimeout:190ms
2023-08-18 03:36:48,387 [s0@group-E264CA5F8311-FollowerState] INFO  impl.RoleInfo (RoleInfo.java:shutdownFollowerState(109)) - s0: shutdown s0@group-E264CA5F8311-FollowerState
2023-08-18 03:36:48,387 [s0@group-E264CA5F8311-FollowerState] INFO  server.RaftServer$Division (RaftServerImpl.java:setRole(371)) - s0@group-E264CA5F8311: changes role from  FOLLOWER to CANDIDATE at term 1 for changeToCandidate
2023-08-18 03:36:48,387 [s0@group-E264CA5F8311-FollowerState] INFO  server.RaftServerConfigKeys (ConfUtils.java:logGet(46)) - raft.server.leaderelection.pre-vote = true (default)
2023-08-18 03:36:48,388 [s0@group-E264CA5F8311-FollowerState] INFO  impl.RoleInfo (RoleInfo.java:updateAndGet(138)) - s0: start s0@group-E264CA5F8311-LeaderElection164
2023-08-18 03:36:48,388 [s0@group-E264CA5F8311-LeaderElection164] INFO  impl.LeaderElection (LeaderElection.java:askForVotes(320)) - s0@group-E264CA5F8311-LeaderElection164 PRE_VOTE round 0: submit vote requests at term 1 for 255: peers:[s0|rpc:localhost:39295|admin:localhost:44843|client:localhost:40991|dataStream:localhost:40677|priority:0|startupRole:FOLLOWER, s1|rpc:0.0.0.0:34459|dataStream:|priority:0|startupRole:FOLLOWER, s2|rpc:0.0.0.0:43137|dataStream:|priority:0|startupRole:FOLLOWER]|listeners:[], old=peers:[s0|rpc:localhost:39295|admin:localhost:44843|client:localhost:40991|dataStream:localhost:40677|priority:0|startupRole:FOLLOWER]|listeners:[]
2023-08-18 03:36:48,389 [grpc-default-executor-0] INFO  server.RaftServer$Division (RaftServerImpl.java:requestVote(1344)) - s1@group-E264CA5F8311: receive requestVote(PRE_VOTE, s0, group-E264CA5F8311, 1, (t:1, i:255))
2023-08-18 03:36:48,389 [grpc-default-executor-3] INFO  server.RaftServer$Division (RaftServerImpl.java:requestVote(1344)) - s2@group-E264CA5F8311: receive requestVote(PRE_VOTE, s0, group-E264CA5F8311, 1, (t:1, i:255))
2023-08-18 03:36:48,389 [grpc-default-executor-0] WARN  server.GrpcServerProtocolService (LogUtils.java:warn(122)) - s1: Failed requestVote s0->s1#0: org.apache.ratis.protocol.exceptions.ServerNotReadyException: s1@group-E264CA5F8311 is not in [RUNNING]: current state is STARTING
2023-08-18 03:36:48,389 [grpc-default-executor-3] WARN  server.GrpcServerProtocolService (LogUtils.java:warn(122)) - s2: Failed requestVote s0->s2#0: org.apache.ratis.protocol.exceptions.ServerNotReadyException: s2@group-E264CA5F8311 is not in [RUNNING]: current state is STARTING
2023-08-18 03:36:48,389 [s0@group-E264CA5F8311-LeaderElection164] INFO  impl.LeaderElection (LogUtils.java:infoOrTrace(137)) - s0@group-E264CA5F8311-LeaderElection164 got exception when requesting votes: java.util.concurrent.ExecutionException: org.apache.ratis.thirdparty.io.grpc.StatusRuntimeException: INTERNAL: s2@group-E264CA5F8311 is not in [RUNNING]: current state is STARTING
2023-08-18 03:36:48,389 [s0@group-E264CA5F8311-LeaderElection164] INFO  impl.LeaderElection (LogUtils.java:infoOrTrace(137)) - s0@group-E264CA5F8311-LeaderElection164 got exception when requesting votes: java.util.concurrent.ExecutionException: org.apache.ratis.thirdparty.io.grpc.StatusRuntimeException: INTERNAL: s1@group-E264CA5F8311 is not in [RUNNING]: current state is STARTING
2023-08-18 03:36:48,389 [s0@group-E264CA5F8311-LeaderElection164] INFO  impl.LeaderElection (LeaderElection.java:logAndReturn(89)) - s0@group-E264CA5F8311-LeaderElection164: PRE_VOTE REJECTED received 0 response(s) and 2 exception(s):
2023-08-18 03:36:48,389 [s0@group-E264CA5F8311-LeaderElection164] INFO  impl.LeaderElection (LogUtils.java:infoOrTrace(137)) -   Exception 0: java.util.concurrent.ExecutionException: org.apache.ratis.thirdparty.io.grpc.StatusRuntimeException: INTERNAL: s2@group-E264CA5F8311 is not in [RUNNING]: current state is STARTING
2023-08-18 03:36:48,390 [s0@group-E264CA5F8311-LeaderElection164] INFO  impl.LeaderElection (LogUtils.java:infoOrTrace(137)) -   Exception 1: java.util.concurrent.ExecutionException: org.apache.ratis.thirdparty.io.grpc.StatusRuntimeException: INTERNAL: s1@group-E264CA5F8311 is not in [RUNNING]: current state is STARTING
2023-08-18 03:36:48,390 [s0@group-E264CA5F8311-LeaderElection164] INFO  impl.LeaderElection (LeaderElection.java:askForVotes(322)) - s0@group-E264CA5F8311-LeaderElection164 PRE_VOTE round 0: result REJECTED
2023-08-18 03:36:48,390 [s0@group-E264CA5F8311-LeaderElection164] INFO  server.RaftServer$Division (RaftServerImpl.java:setRole(371)) - s0@group-E264CA5F8311: changes role from CANDIDATE to FOLLOWER at term 1 for REJECTED
2023-08-18 03:36:48,390 [s0@group-E264CA5F8311-LeaderElection164] INFO  impl.RoleInfo (RoleInfo.java:shutdownLeaderElection(129)) - s0: shutdown s0@group-E264CA5F8311-LeaderElection164
2023-08-18 03:36:48,390 [s0@group-E264CA5F8311-LeaderElection164] INFO  impl.RoleInfo (RoleInfo.java:updateAndGet(138)) - s0: start s0@group-E264CA5F8311-FollowerState
2023-08-18 03:36:48,444 [s0-server-thread1] INFO  server.RaftServer$Division (RaftServerImpl.java:setConfigurationAsync(1238)) - s0@group-E264CA5F8311: receive setConfiguration SetConfigurationRequest:client-255CF6B0DA3F->s0@group-E264CA5F8311, cid=386, seq=0, RW, null, SET_UNCONDITIONALLY, servers:[s1|rpc:0.0.0.0:34459|dataStream:|priority:0|startupRole:FOLLOWER, s2|rpc:0.0.0.0:43137|dataStream:|priority:0|startupRole:FOLLOWER, s0|rpc:localhost:39295|admin:localhost:44843|client:localhost:40991|dataStream:localhost:40677|priority:0|startupRole:FOLLOWER], listeners:[]
2023-08-18 03:36:48,548 [s1-server-thread1] INFO  server.RaftServer$Division (RaftServerImpl.java:setConfigurationAsync(1238)) - s1@group-E264CA5F8311: receive setConfiguration SetConfigurationRequest:client-255CF6B0DA3F->s1@group-E264CA5F8311, cid=386, seq=0, RW, null, SET_UNCONDITIONALLY, servers:[s1|rpc:0.0.0.0:34459|dataStream:|priority:0|startupRole:FOLLOWER, s2|rpc:0.0.0.0:43137|dataStream:|priority:0|startupRole:FOLLOWER, s0|rpc:localhost:39295|admin:localhost:44843|client:localhost:40991|dataStream:localhost:40677|priority:0|startupRole:FOLLOWER], listeners:[]
2023-08-18 03:36:48,615 [s0@group-E264CA5F8311-FollowerState] INFO  impl.FollowerState (FollowerState.java:run(143)) - s0@group-E264CA5F8311-FollowerState: change to CANDIDATE, lastRpcElapsedTime:225249532ns, electionTimeout:225ms
2023-08-18 03:36:48,615 [s0@group-E264CA5F8311-FollowerState] INFO  impl.RoleInfo (RoleInfo.java:shutdownFollowerState(109)) - s0: shutdown s0@group-E264CA5F8311-FollowerState
2023-08-18 03:36:48,615 [s0@group-E264CA5F8311-FollowerState] INFO  server.RaftServer$Division (RaftServerImpl.java:setRole(371)) - s0@group-E264CA5F8311: changes role from  FOLLOWER to CANDIDATE at term 1 for changeToCandidate
2023-08-18 03:36:48,615 [s0@group-E264CA5F8311-FollowerState] INFO  server.RaftServerConfigKeys (ConfUtils.java:logGet(46)) - raft.server.leaderelection.pre-vote = true (default)
2023-08-18 03:36:48,615 [s0@group-E264CA5F8311-FollowerState] INFO  impl.RoleInfo (RoleInfo.java:updateAndGet(138)) - s0: start s0@group-E264CA5F8311-LeaderElection165
2023-08-18 03:36:48,615 [s0@group-E264CA5F8311-LeaderElection165] INFO  impl.LeaderElection (LeaderElection.java:askForVotes(320)) - s0@group-E264CA5F8311-LeaderElection165 PRE_VOTE round 0: submit vote requests at term 1 for 255: peers:[s0|rpc:localhost:39295|admin:localhost:44843|client:localhost:40991|dataStream:localhost:40677|priority:0|startupRole:FOLLOWER, s1|rpc:0.0.0.0:34459|dataStream:|priority:0|startupRole:FOLLOWER, s2|rpc:0.0.0.0:43137|dataStream:|priority:0|startupRole:FOLLOWER]|listeners:[], old=peers:[s0|rpc:localhost:39295|admin:localhost:44843|client:localhost:40991|dataStream:localhost:40677|priority:0|startupRole:FOLLOWER]|listeners:[]
2023-08-18 03:36:48,625 [grpc-default-executor-3] INFO  server.RaftServer$Division (RaftServerImpl.java:requestVote(1344)) - s1@group-E264CA5F8311: receive requestVote(PRE_VOTE, s0, group-E264CA5F8311, 1, (t:1, i:255))
2023-08-18 03:36:48,625 [grpc-default-executor-3] WARN  server.GrpcServerProtocolService (LogUtils.java:warn(122)) - s1: Failed requestVote s0->s1#0: org.apache.ratis.protocol.exceptions.ServerNotReadyException: s1@group-E264CA5F8311 is not in [RUNNING]: current state is STARTING
2023-08-18 03:36:48,626 [s0@group-E264CA5F8311-LeaderElection165] INFO  impl.LeaderElection (LogUtils.java:infoOrTrace(137)) - s0@group-E264CA5F8311-LeaderElection165 got exception when requesting votes: java.util.concurrent.ExecutionException: org.apache.ratis.thirdparty.io.grpc.StatusRuntimeException: INTERNAL: s1@group-E264CA5F8311 is not in [RUNNING]: current state is STARTING
2023-08-18 03:36:48,626 [grpc-default-executor-3] INFO  server.RaftServer$Division (RaftServerImpl.java:requestVote(1344)) - s2@group-E264CA5F8311: receive requestVote(PRE_VOTE, s0, group-E264CA5F8311, 1, (t:1, i:255))
2023-08-18 03:36:48,626 [grpc-default-executor-3] WARN  server.GrpcServerProtocolService (LogUtils.java:warn(122)) - s2: Failed requestVote s0->s2#0: org.apache.ratis.protocol.exceptions.ServerNotReadyException: s2@group-E264CA5F8311 is not in [RUNNING]: current state is STARTING
2023-08-18 03:36:48,627 [s0@group-E264CA5F8311-LeaderElection165] INFO  impl.LeaderElection (LogUtils.java:infoOrTrace(137)) - s0@group-E264CA5F8311-LeaderElection165 got exception when requesting votes: java.util.concurrent.ExecutionException: org.apache.ratis.thirdparty.io.grpc.StatusRuntimeException: INTERNAL: s2@group-E264CA5F8311 is not in [RUNNING]: current state is STARTING
2023-08-18 03:36:48,627 [s0@group-E264CA5F8311-LeaderElection165] INFO  impl.LeaderElection (LeaderElection.java:logAndReturn(89)) - s0@group-E264CA5F8311-LeaderElection165: PRE_VOTE REJECTED received 0 response(s) and 2 exception(s):
2023-08-18 03:36:48,627 [s0@group-E264CA5F8311-LeaderElection165] INFO  impl.LeaderElection (LogUtils.java:infoOrTrace(137)) -   Exception 0: java.util.concurrent.ExecutionException: org.apache.ratis.thirdparty.io.grpc.StatusRuntimeException: INTERNAL: s1@group-E264CA5F8311 is not in [RUNNING]: current state is STARTING
2023-08-18 03:36:48,627 [s0@group-E264CA5F8311-LeaderElection165] INFO  impl.LeaderElection (LogUtils.java:infoOrTrace(137)) -   Exception 1: java.util.concurrent.ExecutionException: org.apache.ratis.thirdparty.io.grpc.StatusRuntimeException: INTERNAL: s2@group-E264CA5F8311 is not in [RUNNING]: current state is STARTING
2023-08-18 03:36:48,627 [s0@group-E264CA5F8311-LeaderElection165] INFO  impl.LeaderElection (LeaderElection.java:askForVotes(322)) - s0@group-E264CA5F8311-LeaderElection165 PRE_VOTE round 0: result REJECTED
2023-08-18 03:36:48,627 [s0@group-E264CA5F8311-LeaderElection165] INFO  server.RaftServer$Division (RaftServerImpl.java:setRole(371)) - s0@group-E264CA5F8311: changes role from CANDIDATE to FOLLOWER at term 1 for REJECTED
2023-08-18 03:36:48,627 [s0@group-E264CA5F8311-LeaderElection165] INFO  impl.RoleInfo (RoleInfo.java:shutdownLeaderElection(129)) - s0: shutdown s0@group-E264CA5F8311-LeaderElection165
2023-08-18 03:36:48,627 [s0@group-E264CA5F8311-LeaderElection165] INFO  impl.RoleInfo (RoleInfo.java:updateAndGet(138)) - s0: start s0@group-E264CA5F8311-FollowerState
2023-08-18 03:36:48,652 [s0-server-thread1] INFO  server.RaftServer$Division (RaftServerImpl.java:setConfigurationAsync(1238)) - s0@group-E264CA5F8311: receive setConfiguration SetConfigurationRequest:client-255CF6B0DA3F->s0@group-E264CA5F8311, cid=386, seq=0, RW, null, SET_UNCONDITIONALLY, servers:[s1|rpc:0.0.0.0:34459|dataStream:|priority:0|startupRole:FOLLOWER, s2|rpc:0.0.0.0:43137|dataStream:|priority:0|startupRole:FOLLOWER, s0|rpc:localhost:39295|admin:localhost:44843|client:localhost:40991|dataStream:localhost:40677|priority:0|startupRole:FOLLOWER], listeners:[]
2023-08-18 03:36:48,755 [s2-server-thread1] INFO  server.RaftServer$Division (RaftServerImpl.java:setConfigurationAsync(1238)) - s2@group-E264CA5F8311: receive setConfiguration SetConfigurationRequest:client-255CF6B0DA3F->s2@group-E264CA5F8311, cid=386, seq=0, RW, null, SET_UNCONDITIONALLY, servers:[s1|rpc:0.0.0.0:34459|dataStream:|priority:0|startupRole:FOLLOWER, s2|rpc:0.0.0.0:43137|dataStream:|priority:0|startupRole:FOLLOWER, s0|rpc:localhost:39295|admin:localhost:44843|client:localhost:40991|dataStream:localhost:40677|priority:0|startupRole:FOLLOWER], listeners:[]
2023-08-18 03:36:48,859 [s1-server-thread1] INFO  server.RaftServer$Division (RaftServerImpl.java:setConfigurationAsync(1238)) - s1@group-E264CA5F8311: receive setConfiguration SetConfigurationRequest:client-255CF6B0DA3F->s1@group-E264CA5F8311, cid=386, seq=0, RW, null, SET_UNCONDITIONALLY, servers:[s1|rpc:0.0.0.0:34459|dataStream:|priority:0|startupRole:FOLLOWER, s2|rpc:0.0.0.0:43137|dataStream:|priority:0|startupRole:FOLLOWER, s0|rpc:localhost:39295|admin:localhost:44843|client:localhost:40991|dataStream:localhost:40677|priority:0|startupRole:FOLLOWER], listeners:[]
2023-08-18 03:36:48,883 [s0@group-E264CA5F8311-FollowerState] INFO  impl.FollowerState (FollowerState.java:run(143)) - s0@group-E264CA5F8311-FollowerState: change to CANDIDATE, lastRpcElapsedTime:256289786ns, electionTimeout:256ms
2023-08-18 03:36:48,883 [s0@group-E264CA5F8311-FollowerState] INFO  impl.RoleInfo (RoleInfo.java:shutdownFollowerState(109)) - s0: shutdown s0@group-E264CA5F8311-FollowerState
2023-08-18 03:36:48,883 [s0@group-E264CA5F8311-FollowerState] INFO  server.RaftServer$Division (RaftServerImpl.java:setRole(371)) - s0@group-E264CA5F8311: changes role from  FOLLOWER to CANDIDATE at term 1 for changeToCandidate
2023-08-18 03:36:48,883 [s0@group-E264CA5F8311-FollowerState] INFO  server.RaftServerConfigKeys (ConfUtils.java:logGet(46)) - raft.server.leaderelection.pre-vote = true (default)
2023-08-18 03:36:48,883 [s0@group-E264CA5F8311-FollowerState] INFO  impl.RoleInfo (RoleInfo.java:updateAndGet(138)) - s0: start s0@group-E264CA5F8311-LeaderElection166
2023-08-18 03:36:48,884 [s0@group-E264CA5F8311-LeaderElection166] INFO  impl.LeaderElection (LeaderElection.java:askForVotes(320)) - s0@group-E264CA5F8311-LeaderElection166 PRE_VOTE round 0: submit vote requests at term 1 for 255: peers:[s0|rpc:localhost:39295|admin:localhost:44843|client:localhost:40991|dataStream:localhost:40677|priority:0|startupRole:FOLLOWER, s1|rpc:0.0.0.0:34459|dataStream:|priority:0|startupRole:FOLLOWER, s2|rpc:0.0.0.0:43137|dataStream:|priority:0|startupRole:FOLLOWER]|listeners:[], old=peers:[s0|rpc:localhost:39295|admin:localhost:44843|client:localhost:40991|dataStream:localhost:40677|priority:0|startupRole:FOLLOWER]|listeners:[]
2023-08-18 03:36:48,885 [grpc-default-executor-3] INFO  server.RaftServer$Division (RaftServerImpl.java:requestVote(1344)) - s1@group-E264CA5F8311: receive requestVote(PRE_VOTE, s0, group-E264CA5F8311, 1, (t:1, i:255))
2023-08-18 03:36:48,885 [grpc-default-executor-3] WARN  server.GrpcServerProtocolService (LogUtils.java:warn(122)) - s1: Failed requestVote s0->s1#0: org.apache.ratis.protocol.exceptions.ServerNotReadyException: s1@group-E264CA5F8311 is not in [RUNNING]: current state is STARTING
2023-08-18 03:36:48,885 [grpc-default-executor-3] INFO  server.RaftServer$Division (RaftServerImpl.java:requestVote(1344)) - s2@group-E264CA5F8311: receive requestVote(PRE_VOTE, s0, group-E264CA5F8311, 1, (t:1, i:255))
2023-08-18 03:36:48,885 [grpc-default-executor-3] WARN  server.GrpcServerProtocolService (LogUtils.java:warn(122)) - s2: Failed requestVote s0->s2#0: org.apache.ratis.protocol.exceptions.ServerNotReadyException: s2@group-E264CA5F8311 is not in [RUNNING]: current state is STARTING
2023-08-18 03:36:48,885 [s0@group-E264CA5F8311-LeaderElection166] INFO  impl.LeaderElection (LogUtils.java:infoOrTrace(137)) - s0@group-E264CA5F8311-LeaderElection166 got exception when requesting votes: java.util.concurrent.ExecutionException: org.apache.ratis.thirdparty.io.grpc.StatusRuntimeException: INTERNAL: s1@group-E264CA5F8311 is not in [RUNNING]: current state is STARTING
2023-08-18 03:36:48,885 [s0@group-E264CA5F8311-LeaderElection166] INFO  impl.LeaderElection (LogUtils.java:infoOrTrace(137)) - s0@group-E264CA5F8311-LeaderElection166 got exception when requesting votes: java.util.concurrent.ExecutionException: org.apache.ratis.thirdparty.io.grpc.StatusRuntimeException: INTERNAL: s2@group-E264CA5F8311 is not in [RUNNING]: current state is STARTING
2023-08-18 03:36:48,885 [s0@group-E264CA5F8311-LeaderElection166] INFO  impl.LeaderElection (LeaderElection.java:logAndReturn(89)) - s0@group-E264CA5F8311-LeaderElection166: PRE_VOTE REJECTED received 0 response(s) and 2 exception(s):
2023-08-18 03:36:48,885 [s0@group-E264CA5F8311-LeaderElection166] INFO  impl.LeaderElection (LogUtils.java:infoOrTrace(137)) -   Exception 0: java.util.concurrent.ExecutionException: org.apache.ratis.thirdparty.io.grpc.StatusRuntimeException: INTERNAL: s1@group-E264CA5F8311 is not in [RUNNING]: current state is STARTING
2023-08-18 03:36:48,885 [s0@group-E264CA5F8311-LeaderElection166] INFO  impl.LeaderElection (LogUtils.java:infoOrTrace(137)) -   Exception 1: java.util.concurrent.ExecutionException: org.apache.ratis.thirdparty.io.grpc.StatusRuntimeException: INTERNAL: s2@group-E264CA5F8311 is not in [RUNNING]: current state is STARTING
2023-08-18 03:36:48,885 [s0@group-E264CA5F8311-LeaderElection166] INFO  impl.LeaderElection (LeaderElection.java:askForVotes(322)) - s0@group-E264CA5F8311-LeaderElection166 PRE_VOTE round 0: result REJECTED
2023-08-18 03:36:48,885 [s0@group-E264CA5F8311-LeaderElection166] INFO  server.RaftServer$Division (RaftServerImpl.java:setRole(371)) - s0@group-E264CA5F8311: changes role from CANDIDATE to FOLLOWER at term 1 for REJECTED
2023-08-18 03:36:48,886 [s0@group-E264CA5F8311-LeaderElection166] INFO  impl.RoleInfo (RoleInfo.java:shutdownLeaderElection(129)) - s0: shutdown s0@group-E264CA5F8311-LeaderElection166
2023-08-18 03:36:48,886 [s0@group-E264CA5F8311-LeaderElection166] INFO  impl.RoleInfo (RoleInfo.java:updateAndGet(138)) - s0: start s0@group-E264CA5F8311-FollowerState
2023-08-18 03:36:48,964 [s0-server-thread1] INFO  server.RaftServer$Division (RaftServerImpl.java:setConfigurationAsync(1238)) - s0@group-E264CA5F8311: receive setConfiguration SetConfigurationRequest:client-255CF6B0DA3F->s0@group-E264CA5F8311, cid=386, seq=0, RW, null, SET_UNCONDITIONALLY, servers:[s1|rpc:0.0.0.0:34459|dataStream:|priority:0|startupRole:FOLLOWER, s2|rpc:0.0.0.0:43137|dataStream:|priority:0|startupRole:FOLLOWER, s0|rpc:localhost:39295|admin:localhost:44843|client:localhost:40991|dataStream:localhost:40677|priority:0|startupRole:FOLLOWER], listeners:[]
2023-08-18 03:36:49,068 [s1-server-thread1] INFO  server.RaftServer$Division (RaftServerImpl.java:setConfigurationAsync(1238)) - s1@group-E264CA5F8311: receive setConfiguration SetConfigurationRequest:client-255CF6B0DA3F->s1@group-E264CA5F8311, cid=386, seq=0, RW, null, SET_UNCONDITIONALLY, servers:[s1|rpc:0.0.0.0:34459|dataStream:|priority:0|startupRole:FOLLOWER, s2|rpc:0.0.0.0:43137|dataStream:|priority:0|startupRole:FOLLOWER, s0|rpc:localhost:39295|admin:localhost:44843|client:localhost:40991|dataStream:localhost:40677|priority:0|startupRole:FOLLOWER], listeners:[]
2023-08-18 03:36:49,138 [s0@group-E264CA5F8311-FollowerState] INFO  impl.FollowerState (FollowerState.java:run(143)) - s0@group-E264CA5F8311-FollowerState: change to CANDIDATE, lastRpcElapsedTime:252259416ns, electionTimeout:252ms
2023-08-18 03:36:49,138 [s0@group-E264CA5F8311-FollowerState] INFO  impl.RoleInfo (RoleInfo.java:shutdownFollowerState(109)) - s0: shutdown s0@group-E264CA5F8311-FollowerState
2023-08-18 03:36:49,138 [s0@group-E264CA5F8311-FollowerState] INFO  server.RaftServer$Division (RaftServerImpl.java:setRole(371)) - s0@group-E264CA5F8311: changes role from  FOLLOWER to CANDIDATE at term 1 for changeToCandidate
2023-08-18 03:36:49,138 [s0@group-E264CA5F8311-FollowerState] INFO  server.RaftServerConfigKeys (ConfUtils.java:logGet(46)) - raft.server.leaderelection.pre-vote = true (default)
2023-08-18 03:36:49,138 [s0@group-E264CA5F8311-FollowerState] INFO  impl.RoleInfo (RoleInfo.java:updateAndGet(138)) - s0: start s0@group-E264CA5F8311-LeaderElection167
2023-08-18 03:36:49,138 [s0@group-E264CA5F8311-LeaderElection167] INFO  impl.LeaderElection (LeaderElection.java:askForVotes(320)) - s0@group-E264CA5F8311-LeaderElection167 PRE_VOTE round 0: submit vote requests at term 1 for 255: peers:[s0|rpc:localhost:39295|admin:localhost:44843|client:localhost:40991|dataStream:localhost:40677|priority:0|startupRole:FOLLOWER, s1|rpc:0.0.0.0:34459|dataStream:|priority:0|startupRole:FOLLOWER, s2|rpc:0.0.0.0:43137|dataStream:|priority:0|startupRole:FOLLOWER]|listeners:[], old=peers:[s0|rpc:localhost:39295|admin:localhost:44843|client:localhost:40991|dataStream:localhost:40677|priority:0|startupRole:FOLLOWER]|listeners:[]
2023-08-18 03:36:49,139 [grpc-default-executor-3] INFO  server.RaftServer$Division (RaftServerImpl.java:requestVote(1344)) - s2@group-E264CA5F8311: receive requestVote(PRE_VOTE, s0, group-E264CA5F8311, 1, (t:1, i:255))
2023-08-18 03:36:49,139 [grpc-default-executor-0] INFO  server.RaftServer$Division (RaftServerImpl.java:requestVote(1344)) - s1@group-E264CA5F8311: receive requestVote(PRE_VOTE, s0, group-E264CA5F8311, 1, (t:1, i:255))
2023-08-18 03:36:49,139 [grpc-default-executor-3] WARN  server.GrpcServerProtocolService (LogUtils.java:warn(122)) - s2: Failed requestVote s0->s2#0: org.apache.ratis.protocol.exceptions.ServerNotReadyException: s2@group-E264CA5F8311 is not in [RUNNING]: current state is STARTING
2023-08-18 03:36:49,139 [grpc-default-executor-0] WARN  server.GrpcServerProtocolService (LogUtils.java:warn(122)) - s1: Failed requestVote s0->s1#0: org.apache.ratis.protocol.exceptions.ServerNotReadyException: s1@group-E264CA5F8311 is not in [RUNNING]: current state is STARTING
2023-08-18 03:36:49,140 [s0@group-E264CA5F8311-LeaderElection167] INFO  impl.LeaderElection (LogUtils.java:infoOrTrace(137)) - s0@group-E264CA5F8311-LeaderElection167 got exception when requesting votes: java.util.concurrent.ExecutionException: org.apache.ratis.thirdparty.io.grpc.StatusRuntimeException: INTERNAL: s1@group-E264CA5F8311 is not in [RUNNING]: current state is STARTING
2023-08-18 03:36:49,140 [s0@group-E264CA5F8311-LeaderElection167] INFO  impl.LeaderElection (LogUtils.java:infoOrTrace(137)) - s0@group-E264CA5F8311-LeaderElection167 got exception when requesting votes: java.util.concurrent.ExecutionException: org.apache.ratis.thirdparty.io.grpc.StatusRuntimeException: INTERNAL: s2@group-E264CA5F8311 is not in [RUNNING]: current state is STARTING
2023-08-18 03:36:49,140 [s0@group-E264CA5F8311-LeaderElection167] INFO  impl.LeaderElection (LeaderElection.java:logAndReturn(89)) - s0@group-E264CA5F8311-LeaderElection167: PRE_VOTE REJECTED received 0 response(s) and 2 exception(s):
2023-08-18 03:36:49,140 [s0@group-E264CA5F8311-LeaderElection167] INFO  impl.LeaderElection (LogUtils.java:infoOrTrace(137)) -   Exception 0: java.util.concurrent.ExecutionException: org.apache.ratis.thirdparty.io.grpc.StatusRuntimeException: INTERNAL: s1@group-E264CA5F8311 is not in [RUNNING]: current state is STARTING
2023-08-18 03:36:49,140 [s0@group-E264CA5F8311-LeaderElection167] INFO  impl.LeaderElection (LogUtils.java:infoOrTrace(137)) -   Exception 1: java.util.concurrent.ExecutionException: org.apache.ratis.thirdparty.io.grpc.StatusRuntimeException: INTERNAL: s2@group-E264CA5F8311 is not in [RUNNING]: current state is STARTING
2023-08-18 03:36:49,140 [s0@group-E264CA5F8311-LeaderElection167] INFO  impl.LeaderElection (LeaderElection.java:askForVotes(322)) - s0@group-E264CA5F8311-LeaderElection167 PRE_VOTE round 0: result REJECTED
2023-08-18 03:36:49,140 [s0@group-E264CA5F8311-LeaderElection167] INFO  server.RaftServer$Division (RaftServerImpl.java:setRole(371)) - s0@group-E264CA5F8311: changes role from CANDIDATE to FOLLOWER at term 1 for REJECTED
2023-08-18 03:36:49,140 [s0@group-E264CA5F8311-LeaderElection167] INFO  impl.RoleInfo (RoleInfo.java:shutdownLeaderElection(129)) - s0: shutdown s0@group-E264CA5F8311-LeaderElection167
2023-08-18 03:36:49,140 [s0@group-E264CA5F8311-LeaderElection167] INFO  impl.RoleInfo (RoleInfo.java:updateAndGet(138)) - s0: start s0@group-E264CA5F8311-FollowerState
2023-08-18 03:36:49,171 [s2-server-thread1] INFO  server.RaftServer$Division (RaftServerImpl.java:setConfigurationAsync(1238)) - s2@group-E264CA5F8311: receive setConfiguration SetConfigurationRequest:client-255CF6B0DA3F->s2@group-E264CA5F8311, cid=386, seq=0, RW, null, SET_UNCONDITIONALLY, servers:[s1|rpc:0.0.0.0:34459|dataStream:|priority:0|startupRole:FOLLOWER, s2|rpc:0.0.0.0:43137|dataStream:|priority:0|startupRole:FOLLOWER, s0|rpc:localhost:39295|admin:localhost:44843|client:localhost:40991|dataStream:localhost:40677|priority:0|startupRole:FOLLOWER], listeners:[]
2023-08-18 03:36:49,275 [s1-server-thread1] INFO  server.RaftServer$Division (RaftServerImpl.java:setConfigurationAsync(1238)) - s1@group-E264CA5F8311: receive setConfiguration SetConfigurationRequest:client-255CF6B0DA3F->s1@group-E264CA5F8311, cid=386, seq=0, RW, null, SET_UNCONDITIONALLY, servers:[s1|rpc:0.0.0.0:34459|dataStream:|priority:0|startupRole:FOLLOWER, s2|rpc:0.0.0.0:43137|dataStream:|priority:0|startupRole:FOLLOWER, s0|rpc:localhost:39295|admin:localhost:44843|client:localhost:40991|dataStream:localhost:40677|priority:0|startupRole:FOLLOWER], listeners:[]
2023-08-18 03:36:49,379 [s2-server-thread1] INFO  server.RaftServer$Division (RaftServerImpl.java:setConfigurationAsync(1238)) - s2@group-E264CA5F8311: receive setConfiguration SetConfigurationRequest:client-255CF6B0DA3F->s2@group-E264CA5F8311, cid=386, seq=0, RW, null, SET_UNCONDITIONALLY, servers:[s1|rpc:0.0.0.0:34459|dataStream:|priority:0|startupRole:FOLLOWER, s2|rpc:0.0.0.0:43137|dataStream:|priority:0|startupRole:FOLLOWER, s0|rpc:localhost:39295|admin:localhost:44843|client:localhost:40991|dataStream:localhost:40677|priority:0|startupRole:FOLLOWER], listeners:[]
2023-08-18 03:36:49,382 [s0@group-E264CA5F8311-FollowerState] INFO  impl.FollowerState (FollowerState.java:run(143)) - s0@group-E264CA5F8311-FollowerState: change to CANDIDATE, lastRpcElapsedTime:242299791ns, electionTimeout:242ms
2023-08-18 03:36:49,383 [s0@group-E264CA5F8311-FollowerState] INFO  impl.RoleInfo (RoleInfo.java:shutdownFollowerState(109)) - s0: shutdown s0@group-E264CA5F8311-FollowerState
2023-08-18 03:36:49,383 [s0@group-E264CA5F8311-FollowerState] INFO  server.RaftServer$Division (RaftServerImpl.java:setRole(371)) - s0@group-E264CA5F8311: changes role from  FOLLOWER to CANDIDATE at term 1 for changeToCandidate
2023-08-18 03:36:49,383 [s0@group-E264CA5F8311-FollowerState] INFO  server.RaftServerConfigKeys (ConfUtils.java:logGet(46)) - raft.server.leaderelection.pre-vote = true (default)
2023-08-18 03:36:49,383 [s0@group-E264CA5F8311-FollowerState] INFO  impl.RoleInfo (RoleInfo.java:updateAndGet(138)) - s0: start s0@group-E264CA5F8311-LeaderElection168
2023-08-18 03:36:49,383 [s0@group-E264CA5F8311-LeaderElection168] INFO  impl.LeaderElection (LeaderElection.java:askForVotes(320)) - s0@group-E264CA5F8311-LeaderElection168 PRE_VOTE round 0: submit vote requests at term 1 for 255: peers:[s0|rpc:localhost:39295|admin:localhost:44843|client:localhost:40991|dataStream:localhost:40677|priority:0|startupRole:FOLLOWER, s1|rpc:0.0.0.0:34459|dataStream:|priority:0|startupRole:FOLLOWER, s2|rpc:0.0.0.0:43137|dataStream:|priority:0|startupRole:FOLLOWER]|listeners:[], old=peers:[s0|rpc:localhost:39295|admin:localhost:44843|client:localhost:40991|dataStream:localhost:40677|priority:0|startupRole:FOLLOWER]|listeners:[]
2023-08-18 03:36:49,384 [grpc-default-executor-0] INFO  server.RaftServer$Division (RaftServerImpl.java:requestVote(1344)) - s1@group-E264CA5F8311: receive requestVote(PRE_VOTE, s0, group-E264CA5F8311, 1, (t:1, i:255))
2023-08-18 03:36:49,384 [grpc-default-executor-0] WARN  server.GrpcServerProtocolService (LogUtils.java:warn(122)) - s1: Failed requestVote s0->s1#0: org.apache.ratis.protocol.exceptions.ServerNotReadyException: s1@group-E264CA5F8311 is not in [RUNNING]: current state is STARTING
2023-08-18 03:36:49,384 [grpc-default-executor-3] INFO  server.RaftServer$Division (RaftServerImpl.java:requestVote(1344)) - s2@group-E264CA5F8311: receive requestVote(PRE_VOTE, s0, group-E264CA5F8311, 1, (t:1, i:255))
2023-08-18 03:36:49,384 [grpc-default-executor-3] WARN  server.GrpcServerProtocolService (LogUtils.java:warn(122)) - s2: Failed requestVote s0->s2#0: org.apache.ratis.protocol.exceptions.ServerNotReadyException: s2@group-E264CA5F8311 is not in [RUNNING]: current state is STARTING
2023-08-18 03:36:49,384 [s0@group-E264CA5F8311-LeaderElection168] INFO  impl.LeaderElection (LogUtils.java:infoOrTrace(137)) - s0@group-E264CA5F8311-LeaderElection168 got exception when requesting votes: java.util.concurrent.ExecutionException: org.apache.ratis.thirdparty.io.grpc.StatusRuntimeException: INTERNAL: s1@group-E264CA5F8311 is not in [RUNNING]: current state is STARTING
2023-08-18 03:36:49,384 [s0@group-E264CA5F8311-LeaderElection168] INFO  impl.LeaderElection (LogUtils.java:infoOrTrace(137)) - s0@group-E264CA5F8311-LeaderElection168 got exception when requesting votes: java.util.concurrent.ExecutionException: org.apache.ratis.thirdparty.io.grpc.StatusRuntimeException: INTERNAL: s2@group-E264CA5F8311 is not in [RUNNING]: current state is STARTING
2023-08-18 03:36:49,384 [s0@group-E264CA5F8311-LeaderElection168] INFO  impl.LeaderElection (LeaderElection.java:logAndReturn(89)) - s0@group-E264CA5F8311-LeaderElection168: PRE_VOTE REJECTED received 0 response(s) and 2 exception(s):
2023-08-18 03:36:49,384 [s0@group-E264CA5F8311-LeaderElection168] INFO  impl.LeaderElection (LogUtils.java:infoOrTrace(137)) -   Exception 0: java.util.concurrent.ExecutionException: org.apache.ratis.thirdparty.io.grpc.StatusRuntimeException: INTERNAL: s1@group-E264CA5F8311 is not in [RUNNING]: current state is STARTING
2023-08-18 03:36:49,384 [s0@group-E264CA5F8311-LeaderElection168] INFO  impl.LeaderElection (LogUtils.java:infoOrTrace(137)) -   Exception 1: java.util.concurrent.ExecutionException: org.apache.ratis.thirdparty.io.grpc.StatusRuntimeException: INTERNAL: s2@group-E264CA5F8311 is not in [RUNNING]: current state is STARTING
2023-08-18 03:36:49,384 [s0@group-E264CA5F8311-LeaderElection168] INFO  impl.LeaderElection (LeaderElection.java:askForVotes(322)) - s0@group-E264CA5F8311-LeaderElection168 PRE_VOTE round 0: result REJECTED
2023-08-18 03:36:49,384 [s0@group-E264CA5F8311-LeaderElection168] INFO  server.RaftServer$Division (RaftServerImpl.java:setRole(371)) - s0@group-E264CA5F8311: changes role from CANDIDATE to FOLLOWER at term 1 for REJECTED
2023-08-18 03:36:49,384 [s0@group-E264CA5F8311-LeaderElection168] INFO  impl.RoleInfo (RoleInfo.java:shutdownLeaderElection(129)) - s0: shutdown s0@group-E264CA5F8311-LeaderElection168
2023-08-18 03:36:49,384 [s0@group-E264CA5F8311-LeaderElection168] INFO  impl.RoleInfo (RoleInfo.java:updateAndGet(138)) - s0: start s0@group-E264CA5F8311-FollowerState
2023-08-18 03:36:49,483 [s0-server-thread1] INFO  server.RaftServer$Division (RaftServerImpl.java:setConfigurationAsync(1238)) - s0@group-E264CA5F8311: receive setConfiguration SetConfigurationRequest:client-255CF6B0DA3F->s0@group-E264CA5F8311, cid=386, seq=0, RW, null, SET_UNCONDITIONALLY, servers:[s1|rpc:0.0.0.0:34459|dataStream:|priority:0|startupRole:FOLLOWER, s2|rpc:0.0.0.0:43137|dataStream:|priority:0|startupRole:FOLLOWER, s0|rpc:localhost:39295|admin:localhost:44843|client:localhost:40991|dataStream:localhost:40677|priority:0|startupRole:FOLLOWER], listeners:[]
2023-08-18 03:36:49,552 [s0@group-E264CA5F8311-FollowerState] INFO  impl.FollowerState (FollowerState.java:run(143)) - s0@group-E264CA5F8311-FollowerState: change to CANDIDATE, lastRpcElapsedTime:167370950ns, electionTimeout:167ms
2023-08-18 03:36:49,552 [s0@group-E264CA5F8311-FollowerState] INFO  impl.RoleInfo (RoleInfo.java:shutdownFollowerState(109)) - s0: shutdown s0@group-E264CA5F8311-FollowerState
2023-08-18 03:36:49,552 [s0@group-E264CA5F8311-FollowerState] INFO  server.RaftServer$Division (RaftServerImpl.java:setRole(371)) - s0@group-E264CA5F8311: changes role from  FOLLOWER to CANDIDATE at term 1 for changeToCandidate
2023-08-18 03:36:49,552 [s0@group-E264CA5F8311-FollowerState] INFO  server.RaftServerConfigKeys (ConfUtils.java:logGet(46)) - raft.server.leaderelection.pre-vote = true (default)
2023-08-18 03:36:49,552 [s0@group-E264CA5F8311-FollowerState] INFO  impl.RoleInfo (RoleInfo.java:updateAndGet(138)) - s0: start s0@group-E264CA5F8311-LeaderElection169
2023-08-18 03:36:49,552 [s0@group-E264CA5F8311-LeaderElection169] INFO  impl.LeaderElection (LeaderElection.java:askForVotes(320)) - s0@group-E264CA5F8311-LeaderElection169 PRE_VOTE round 0: submit vote requests at term 1 for 255: peers:[s0|rpc:localhost:39295|admin:localhost:44843|client:localhost:40991|dataStream:localhost:40677|priority:0|startupRole:FOLLOWER, s1|rpc:0.0.0.0:34459|dataStream:|priority:0|startupRole:FOLLOWER, s2|rpc:0.0.0.0:43137|dataStream:|priority:0|startupRole:FOLLOWER]|listeners:[], old=peers:[s0|rpc:localhost:39295|admin:localhost:44843|client:localhost:40991|dataStream:localhost:40677|priority:0|startupRole:FOLLOWER]|listeners:[]
2023-08-18 03:36:49,553 [grpc-default-executor-0] INFO  server.RaftServer$Division (RaftServerImpl.java:requestVote(1344)) - s1@group-E264CA5F8311: receive requestVote(PRE_VOTE, s0, group-E264CA5F8311, 1, (t:1, i:255))
2023-08-18 03:36:49,553 [grpc-default-executor-0] WARN  server.GrpcServerProtocolService (LogUtils.java:warn(122)) - s1: Failed requestVote s0->s1#0: org.apache.ratis.protocol.exceptions.ServerNotReadyException: s1@group-E264CA5F8311 is not in [RUNNING]: current state is STARTING
2023-08-18 03:36:49,554 [s0@group-E264CA5F8311-LeaderElection169] INFO  impl.LeaderElection (LogUtils.java:infoOrTrace(137)) - s0@group-E264CA5F8311-LeaderElection169 got exception when requesting votes: java.util.concurrent.ExecutionException: org.apache.ratis.thirdparty.io.grpc.StatusRuntimeException: INTERNAL: s1@group-E264CA5F8311 is not in [RUNNING]: current state is STARTING
2023-08-18 03:36:49,554 [grpc-default-executor-0] INFO  server.RaftServer$Division (RaftServerImpl.java:requestVote(1344)) - s2@group-E264CA5F8311: receive requestVote(PRE_VOTE, s0, group-E264CA5F8311, 1, (t:1, i:255))
2023-08-18 03:36:49,554 [grpc-default-executor-0] WARN  server.GrpcServerProtocolService (LogUtils.java:warn(122)) - s2: Failed requestVote s0->s2#0: org.apache.ratis.protocol.exceptions.ServerNotReadyException: s2@group-E264CA5F8311 is not in [RUNNING]: current state is STARTING
2023-08-18 03:36:49,554 [s0@group-E264CA5F8311-LeaderElection169] INFO  impl.LeaderElection (LogUtils.java:infoOrTrace(137)) - s0@group-E264CA5F8311-LeaderElection169 got exception when requesting votes: java.util.concurrent.ExecutionException: org.apache.ratis.thirdparty.io.grpc.StatusRuntimeException: INTERNAL: s2@group-E264CA5F8311 is not in [RUNNING]: current state is STARTING
2023-08-18 03:36:49,554 [s0@group-E264CA5F8311-LeaderElection169] INFO  impl.LeaderElection (LeaderElection.java:logAndReturn(89)) - s0@group-E264CA5F8311-LeaderElection169: PRE_VOTE REJECTED received 0 response(s) and 2 exception(s):
2023-08-18 03:36:49,554 [s0@group-E264CA5F8311-LeaderElection169] INFO  impl.LeaderElection (LogUtils.java:infoOrTrace(137)) -   Exception 0: java.util.concurrent.ExecutionException: org.apache.ratis.thirdparty.io.grpc.StatusRuntimeException: INTERNAL: s1@group-E264CA5F8311 is not in [RUNNING]: current state is STARTING
2023-08-18 03:36:49,554 [s0@group-E264CA5F8311-LeaderElection169] INFO  impl.LeaderElection (LogUtils.java:infoOrTrace(137)) -   Exception 1: java.util.concurrent.ExecutionException: org.apache.ratis.thirdparty.io.grpc.StatusRuntimeException: INTERNAL: s2@group-E264CA5F8311 is not in [RUNNING]: current state is STARTING
2023-08-18 03:36:49,554 [s0@group-E264CA5F8311-LeaderElection169] INFO  impl.LeaderElection (LeaderElection.java:askForVotes(322)) - s0@group-E264CA5F8311-LeaderElection169 PRE_VOTE round 0: result REJECTED
2023-08-18 03:36:49,554 [s0@group-E264CA5F8311-LeaderElection169] INFO  server.RaftServer$Division (RaftServerImpl.java:setRole(371)) - s0@group-E264CA5F8311: changes role from CANDIDATE to FOLLOWER at term 1 for REJECTED
2023-08-18 03:36:49,554 [s0@group-E264CA5F8311-LeaderElection169] INFO  impl.RoleInfo (RoleInfo.java:shutdownLeaderElection(129)) - s0: shutdown s0@group-E264CA5F8311-LeaderElection169
2023-08-18 03:36:49,554 [s0@group-E264CA5F8311-LeaderElection169] INFO  impl.RoleInfo (RoleInfo.java:updateAndGet(138)) - s0: start s0@group-E264CA5F8311-FollowerState
2023-08-18 03:36:49,587 [s2-server-thread1] INFO  server.RaftServer$Division (RaftServerImpl.java:setConfigurationAsync(1238)) - s2@group-E264CA5F8311: receive setConfiguration SetConfigurationRequest:client-255CF6B0DA3F->s2@group-E264CA5F8311, cid=386, seq=0, RW, null, SET_UNCONDITIONALLY, servers:[s1|rpc:0.0.0.0:34459|dataStream:|priority:0|startupRole:FOLLOWER, s2|rpc:0.0.0.0:43137|dataStream:|priority:0|startupRole:FOLLOWER, s0|rpc:localhost:39295|admin:localhost:44843|client:localhost:40991|dataStream:localhost:40677|priority:0|startupRole:FOLLOWER], listeners:[]
2023-08-18 03:36:49,691 [s1-server-thread1] INFO  server.RaftServer$Division (RaftServerImpl.java:setConfigurationAsync(1238)) - s1@group-E264CA5F8311: receive setConfiguration SetConfigurationRequest:client-255CF6B0DA3F->s1@group-E264CA5F8311, cid=386, seq=0, RW, null, SET_UNCONDITIONALLY, servers:[s1|rpc:0.0.0.0:34459|dataStream:|priority:0|startupRole:FOLLOWER, s2|rpc:0.0.0.0:43137|dataStream:|priority:0|startupRole:FOLLOWER, s0|rpc:localhost:39295|admin:localhost:44843|client:localhost:40991|dataStream:localhost:40677|priority:0|startupRole:FOLLOWER], listeners:[]
2023-08-18 03:36:49,795 [s0-server-thread1] INFO  server.RaftServer$Division (RaftServerImpl.java:setConfigurationAsync(1238)) - s0@group-E264CA5F8311: receive setConfiguration SetConfigurationRequest:client-255CF6B0DA3F->s0@group-E264CA5F8311, cid=386, seq=0, RW, null, SET_UNCONDITIONALLY, servers:[s1|rpc:0.0.0.0:34459|dataStream:|priority:0|startupRole:FOLLOWER, s2|rpc:0.0.0.0:43137|dataStream:|priority:0|startupRole:FOLLOWER, s0|rpc:localhost:39295|admin:localhost:44843|client:localhost:40991|dataStream:localhost:40677|priority:0|startupRole:FOLLOWER], listeners:[]
2023-08-18 03:36:49,815 [s0@group-E264CA5F8311-FollowerState] INFO  impl.FollowerState (FollowerState.java:run(143)) - s0@group-E264CA5F8311-FollowerState: change to CANDIDATE, lastRpcElapsedTime:260337056ns, electionTimeout:260ms
2023-08-18 03:36:49,815 [s0@group-E264CA5F8311-FollowerState] INFO  impl.RoleInfo (RoleInfo.java:shutdownFollowerState(109)) - s0: shutdown s0@group-E264CA5F8311-FollowerState
2023-08-18 03:36:49,815 [s0@group-E264CA5F8311-FollowerState] INFO  server.RaftServer$Division (RaftServerImpl.java:setRole(371)) - s0@group-E264CA5F8311: changes role from  FOLLOWER to CANDIDATE at term 1 for changeToCandidate
2023-08-18 03:36:49,815 [s0@group-E264CA5F8311-FollowerState] INFO  server.RaftServerConfigKeys (ConfUtils.java:logGet(46)) - raft.server.leaderelection.pre-vote = true (default)
2023-08-18 03:36:49,815 [s0@group-E264CA5F8311-FollowerState] INFO  impl.RoleInfo (RoleInfo.java:updateAndGet(138)) - s0: start s0@group-E264CA5F8311-LeaderElection170
2023-08-18 03:36:49,815 [s0@group-E264CA5F8311-LeaderElection170] INFO  impl.LeaderElection (LeaderElection.java:askForVotes(320)) - s0@group-E264CA5F8311-LeaderElection170 PRE_VOTE round 0: submit vote requests at term 1 for 255: peers:[s0|rpc:localhost:39295|admin:localhost:44843|client:localhost:40991|dataStream:localhost:40677|priority:0|startupRole:FOLLOWER, s1|rpc:0.0.0.0:34459|dataStream:|priority:0|startupRole:FOLLOWER, s2|rpc:0.0.0.0:43137|dataStream:|priority:0|startupRole:FOLLOWER]|listeners:[], old=peers:[s0|rpc:localhost:39295|admin:localhost:44843|client:localhost:40991|dataStream:localhost:40677|priority:0|startupRole:FOLLOWER]|listeners:[]
2023-08-18 03:36:49,816 [grpc-default-executor-0] INFO  server.RaftServer$Division (RaftServerImpl.java:requestVote(1344)) - s1@group-E264CA5F8311: receive requestVote(PRE_VOTE, s0, group-E264CA5F8311, 1, (t:1, i:255))
2023-08-18 03:36:49,816 [grpc-default-executor-0] WARN  server.GrpcServerProtocolService (LogUtils.java:warn(122)) - s1: Failed requestVote s0->s1#0: org.apache.ratis.protocol.exceptions.ServerNotReadyException: s1@group-E264CA5F8311 is not in [RUNNING]: current state is STARTING
2023-08-18 03:36:49,816 [grpc-default-executor-0] INFO  server.RaftServer$Division (RaftServerImpl.java:requestVote(1344)) - s2@group-E264CA5F8311: receive requestVote(PRE_VOTE, s0, group-E264CA5F8311, 1, (t:1, i:255))
2023-08-18 03:36:49,816 [grpc-default-executor-0] WARN  server.GrpcServerProtocolService (LogUtils.java:warn(122)) - s2: Failed requestVote s0->s2#0: org.apache.ratis.protocol.exceptions.ServerNotReadyException: s2@group-E264CA5F8311 is not in [RUNNING]: current state is STARTING
2023-08-18 03:36:49,817 [s0@group-E264CA5F8311-LeaderElection170] INFO  impl.LeaderElection (LogUtils.java:infoOrTrace(137)) - s0@group-E264CA5F8311-LeaderElection170 got exception when requesting votes: java.util.concurrent.ExecutionException: org.apache.ratis.thirdparty.io.grpc.StatusRuntimeException: INTERNAL: s1@group-E264CA5F8311 is not in [RUNNING]: current state is STARTING
2023-08-18 03:36:49,817 [s0@group-E264CA5F8311-LeaderElection170] INFO  impl.LeaderElection (LogUtils.java:infoOrTrace(137)) - s0@group-E264CA5F8311-LeaderElection170 got exception when requesting votes: java.util.concurrent.ExecutionException: org.apache.ratis.thirdparty.io.grpc.StatusRuntimeException: INTERNAL: s2@group-E264CA5F8311 is not in [RUNNING]: current state is STARTING
2023-08-18 03:36:49,817 [s0@group-E264CA5F8311-LeaderElection170] INFO  impl.LeaderElection (LeaderElection.java:logAndReturn(89)) - s0@group-E264CA5F8311-LeaderElection170: PRE_VOTE REJECTED received 0 response(s) and 2 exception(s):
2023-08-18 03:36:49,817 [s0@group-E264CA5F8311-LeaderElection170] INFO  impl.LeaderElection (LogUtils.java:infoOrTrace(137)) -   Exception 0: java.util.concurrent.ExecutionException: org.apache.ratis.thirdparty.io.grpc.StatusRuntimeException: INTERNAL: s1@group-E264CA5F8311 is not in [RUNNING]: current state is STARTING
2023-08-18 03:36:49,817 [s0@group-E264CA5F8311-LeaderElection170] INFO  impl.LeaderElection (LogUtils.java:infoOrTrace(137)) -   Exception 1: java.util.concurrent.ExecutionException: org.apache.ratis.thirdparty.io.grpc.StatusRuntimeException: INTERNAL: s2@group-E264CA5F8311 is not in [RUNNING]: current state is STARTING
2023-08-18 03:36:49,817 [s0@group-E264CA5F8311-LeaderElection170] INFO  impl.LeaderElection (LeaderElection.java:askForVotes(322)) - s0@group-E264CA5F8311-LeaderElection170 PRE_VOTE round 0: result REJECTED
2023-08-18 03:36:49,817 [s0@group-E264CA5F8311-LeaderElection170] INFO  server.RaftServer$Division (RaftServerImpl.java:setRole(371)) - s0@group-E264CA5F8311: changes role from CANDIDATE to FOLLOWER at term 1 for REJECTED
2023-08-18 03:36:49,817 [s0@group-E264CA5F8311-LeaderElection170] INFO  impl.RoleInfo (RoleInfo.java:shutdownLeaderElection(129)) - s0: shutdown s0@group-E264CA5F8311-LeaderElection170
2023-08-18 03:36:49,817 [s0@group-E264CA5F8311-LeaderElection170] INFO  impl.RoleInfo (RoleInfo.java:updateAndGet(138)) - s0: start s0@group-E264CA5F8311-FollowerState
2023-08-18 03:36:49,899 [s2-server-thread1] INFO  server.RaftServer$Division (RaftServerImpl.java:setConfigurationAsync(1238)) - s2@group-E264CA5F8311: receive setConfiguration SetConfigurationRequest:client-255CF6B0DA3F->s2@group-E264CA5F8311, cid=386, seq=0, RW, null, SET_UNCONDITIONALLY, servers:[s1|rpc:0.0.0.0:34459|dataStream:|priority:0|startupRole:FOLLOWER, s2|rpc:0.0.0.0:43137|dataStream:|priority:0|startupRole:FOLLOWER, s0|rpc:localhost:39295|admin:localhost:44843|client:localhost:40991|dataStream:localhost:40677|priority:0|startupRole:FOLLOWER], listeners:[]
2023-08-18 03:36:50,003 [s1-server-thread1] INFO  server.RaftServer$Division (RaftServerImpl.java:setConfigurationAsync(1238)) - s1@group-E264CA5F8311: receive setConfiguration SetConfigurationRequest:client-255CF6B0DA3F->s1@group-E264CA5F8311, cid=386, seq=0, RW, null, SET_UNCONDITIONALLY, servers:[s1|rpc:0.0.0.0:34459|dataStream:|priority:0|startupRole:FOLLOWER, s2|rpc:0.0.0.0:43137|dataStream:|priority:0|startupRole:FOLLOWER, s0|rpc:localhost:39295|admin:localhost:44843|client:localhost:40991|dataStream:localhost:40677|priority:0|startupRole:FOLLOWER], listeners:[]
2023-08-18 03:36:50,073 [s0@group-E264CA5F8311-FollowerState] INFO  impl.FollowerState (FollowerState.java:run(143)) - s0@group-E264CA5F8311-FollowerState: change to CANDIDATE, lastRpcElapsedTime:256313686ns, electionTimeout:256ms
2023-08-18 03:36:50,073 [s0@group-E264CA5F8311-FollowerState] INFO  impl.RoleInfo (RoleInfo.java:shutdownFollowerState(109)) - s0: shutdown s0@group-E264CA5F8311-FollowerState
2023-08-18 03:36:50,073 [s0@group-E264CA5F8311-FollowerState] INFO  server.RaftServer$Division (RaftServerImpl.java:setRole(371)) - s0@group-E264CA5F8311: changes role from  FOLLOWER to CANDIDATE at term 1 for changeToCandidate
2023-08-18 03:36:50,073 [s0@group-E264CA5F8311-FollowerState] INFO  server.RaftServerConfigKeys (ConfUtils.java:logGet(46)) - raft.server.leaderelection.pre-vote = true (default)
2023-08-18 03:36:50,074 [s0@group-E264CA5F8311-FollowerState] INFO  impl.RoleInfo (RoleInfo.java:updateAndGet(138)) - s0: start s0@group-E264CA5F8311-LeaderElection171
2023-08-18 03:36:50,074 [s0@group-E264CA5F8311-LeaderElection171] INFO  impl.LeaderElection (LeaderElection.java:askForVotes(320)) - s0@group-E264CA5F8311-LeaderElection171 PRE_VOTE round 0: submit vote requests at term 1 for 255: peers:[s0|rpc:localhost:39295|admin:localhost:44843|client:localhost:40991|dataStream:localhost:40677|priority:0|startupRole:FOLLOWER, s1|rpc:0.0.0.0:34459|dataStream:|priority:0|startupRole:FOLLOWER, s2|rpc:0.0.0.0:43137|dataStream:|priority:0|startupRole:FOLLOWER]|listeners:[], old=peers:[s0|rpc:localhost:39295|admin:localhost:44843|client:localhost:40991|dataStream:localhost:40677|priority:0|startupRole:FOLLOWER]|listeners:[]
2023-08-18 03:36:50,075 [grpc-default-executor-0] INFO  server.RaftServer$Division (RaftServerImpl.java:requestVote(1344)) - s2@group-E264CA5F8311: receive requestVote(PRE_VOTE, s0, group-E264CA5F8311, 1, (t:1, i:255))
2023-08-18 03:36:50,075 [grpc-default-executor-0] WARN  server.GrpcServerProtocolService (LogUtils.java:warn(122)) - s2: Failed requestVote s0->s2#0: org.apache.ratis.protocol.exceptions.ServerNotReadyException: s2@group-E264CA5F8311 is not in [RUNNING]: current state is STARTING
2023-08-18 03:36:50,075 [grpc-default-executor-3] INFO  server.RaftServer$Division (RaftServerImpl.java:requestVote(1344)) - s1@group-E264CA5F8311: receive requestVote(PRE_VOTE, s0, group-E264CA5F8311, 1, (t:1, i:255))
2023-08-18 03:36:50,075 [grpc-default-executor-3] WARN  server.GrpcServerProtocolService (LogUtils.java:warn(122)) - s1: Failed requestVote s0->s1#0: org.apache.ratis.protocol.exceptions.ServerNotReadyException: s1@group-E264CA5F8311 is not in [RUNNING]: current state is STARTING
2023-08-18 03:36:50,075 [s0@group-E264CA5F8311-LeaderElection171] INFO  impl.LeaderElection (LogUtils.java:infoOrTrace(137)) - s0@group-E264CA5F8311-LeaderElection171 got exception when requesting votes: java.util.concurrent.ExecutionException: org.apache.ratis.thirdparty.io.grpc.StatusRuntimeException: INTERNAL: s2@group-E264CA5F8311 is not in [RUNNING]: current state is STARTING
2023-08-18 03:36:50,075 [s0@group-E264CA5F8311-LeaderElection171] INFO  impl.LeaderElection (LogUtils.java:infoOrTrace(137)) - s0@group-E264CA5F8311-LeaderElection171 got exception when requesting votes: java.util.concurrent.ExecutionException: org.apache.ratis.thirdparty.io.grpc.StatusRuntimeException: INTERNAL: s1@group-E264CA5F8311 is not in [RUNNING]: current state is STARTING
2023-08-18 03:36:50,076 [s0@group-E264CA5F8311-LeaderElection171] INFO  impl.LeaderElection (LeaderElection.java:logAndReturn(89)) - s0@group-E264CA5F8311-LeaderElection171: PRE_VOTE REJECTED received 0 response(s) and 2 exception(s):
2023-08-18 03:36:50,076 [s0@group-E264CA5F8311-LeaderElection171] INFO  impl.LeaderElection (LogUtils.java:infoOrTrace(137)) -   Exception 0: java.util.concurrent.ExecutionException: org.apache.ratis.thirdparty.io.grpc.StatusRuntimeException: INTERNAL: s2@group-E264CA5F8311 is not in [RUNNING]: current state is STARTING
2023-08-18 03:36:50,076 [s0@group-E264CA5F8311-LeaderElection171] INFO  impl.LeaderElection (LogUtils.java:infoOrTrace(137)) -   Exception 1: java.util.concurrent.ExecutionException: org.apache.ratis.thirdparty.io.grpc.StatusRuntimeException: INTERNAL: s1@group-E264CA5F8311 is not in [RUNNING]: current state is STARTING
2023-08-18 03:36:50,076 [s0@group-E264CA5F8311-LeaderElection171] INFO  impl.LeaderElection (LeaderElection.java:askForVotes(322)) - s0@group-E264CA5F8311-LeaderElection171 PRE_VOTE round 0: result REJECTED
2023-08-18 03:36:50,076 [s0@group-E264CA5F8311-LeaderElection171] INFO  server.RaftServer$Division (RaftServerImpl.java:setRole(371)) - s0@group-E264CA5F8311: changes role from CANDIDATE to FOLLOWER at term 1 for REJECTED
2023-08-18 03:36:50,076 [s0@group-E264CA5F8311-LeaderElection171] INFO  impl.RoleInfo (RoleInfo.java:shutdownLeaderElection(129)) - s0: shutdown s0@group-E264CA5F8311-LeaderElection171
2023-08-18 03:36:50,076 [s0@group-E264CA5F8311-LeaderElection171] INFO  impl.RoleInfo (RoleInfo.java:updateAndGet(138)) - s0: start s0@group-E264CA5F8311-FollowerState
2023-08-18 03:36:50,107 [s2-server-thread1] INFO  server.RaftServer$Division (RaftServerImpl.java:setConfigurationAsync(1238)) - s2@group-E264CA5F8311: receive setConfiguration SetConfigurationRequest:client-255CF6B0DA3F->s2@group-E264CA5F8311, cid=386, seq=0, RW, null, SET_UNCONDITIONALLY, servers:[s1|rpc:0.0.0.0:34459|dataStream:|priority:0|startupRole:FOLLOWER, s2|rpc:0.0.0.0:43137|dataStream:|priority:0|startupRole:FOLLOWER, s0|rpc:localhost:39295|admin:localhost:44843|client:localhost:40991|dataStream:localhost:40677|priority:0|startupRole:FOLLOWER], listeners:[]
2023-08-18 03:36:50,211 [s1-server-thread1] INFO  server.RaftServer$Division (RaftServerImpl.java:setConfigurationAsync(1238)) - s1@group-E264CA5F8311: receive setConfiguration SetConfigurationRequest:client-255CF6B0DA3F->s1@group-E264CA5F8311, cid=386, seq=0, RW, null, SET_UNCONDITIONALLY, servers:[s1|rpc:0.0.0.0:34459|dataStream:|priority:0|startupRole:FOLLOWER, s2|rpc:0.0.0.0:43137|dataStream:|priority:0|startupRole:FOLLOWER, s0|rpc:localhost:39295|admin:localhost:44843|client:localhost:40991|dataStream:localhost:40677|priority:0|startupRole:FOLLOWER], listeners:[]
2023-08-18 03:36:50,307 [Timer-2] INFO  impl.MiniRaftCluster (MiniRaftCluster.java:lambda$start$6(349)) - TIMED-PRINT: printing ALL groups
  s0:  RUNNING  FOLLOWER s0@group-E264CA5F8311:t1, leader=null, voted=s0, raftlog=Memoized:s0@group-E264CA5F8311-SegmentedRaftLog:OPENED:c254, conf=255: peers:[s0|rpc:localhost:39295|admin:localhost:44843|client:localhost:40991|dataStream:localhost:40677|priority:0|startupRole:FOLLOWER, s1|rpc:0.0.0.0:34459|dataStream:|priority:0|startupRole:FOLLOWER, s2|rpc:0.0.0.0:43137|dataStream:|priority:0|startupRole:FOLLOWER]|listeners:[], old=peers:[s0|rpc:localhost:39295|admin:localhost:44843|client:localhost:40991|dataStream:localhost:40677|priority:0|startupRole:FOLLOWER]|listeners:[] RUNNING
  s1:  RUNNING  FOLLOWER s1@group-E264CA5F8311:t1, leader=s0, voted=null, raftlog=Memoized:s1@group-E264CA5F8311-SegmentedRaftLog:OPENED:c-1, conf=0: peers:[s0|rpc:localhost:39295|admin:localhost:44843|client:localhost:40991|dataStream:localhost:40677|priority:0|startupRole:FOLLOWER]|listeners:[], old=null STARTING
  s2:  RUNNING  FOLLOWER s2@group-E264CA5F8311:t1, leader=s0, voted=null, raftlog=Memoized:s2@group-E264CA5F8311-SegmentedRaftLog:OPENED:c-1, conf=0: peers:[s0|rpc:localhost:39295|admin:localhost:44843|client:localhost:40991|dataStream:localhost:40677|priority:0|startupRole:FOLLOWER]|listeners:[], old=null STARTING
2023-08-18 03:36:50,315 [s0-server-thread1] INFO  server.RaftServer$Division (RaftServerImpl.java:setConfigurationAsync(1238)) - s0@group-E264CA5F8311: receive setConfiguration SetConfigurationRequest:client-255CF6B0DA3F->s0@group-E264CA5F8311, cid=386, seq=0, RW, null, SET_UNCONDITIONALLY, servers:[s1|rpc:0.0.0.0:34459|dataStream:|priority:0|startupRole:FOLLOWER, s2|rpc:0.0.0.0:43137|dataStream:|priority:0|startupRole:FOLLOWER, s0|rpc:localhost:39295|admin:localhost:44843|client:localhost:40991|dataStream:localhost:40677|priority:0|startupRole:FOLLOWER], listeners:[]
2023-08-18 03:36:50,372 [s0@group-E264CA5F8311-FollowerState] INFO  impl.FollowerState (FollowerState.java:run(143)) - s0@group-E264CA5F8311-FollowerState: change to CANDIDATE, lastRpcElapsedTime:296435886ns, electionTimeout:296ms
2023-08-18 03:36:50,372 [s0@group-E264CA5F8311-FollowerState] INFO  impl.RoleInfo (RoleInfo.java:shutdownFollowerState(109)) - s0: shutdown s0@group-E264CA5F8311-FollowerState
2023-08-18 03:36:50,372 [s0@group-E264CA5F8311-FollowerState] INFO  server.RaftServer$Division (RaftServerImpl.java:setRole(371)) - s0@group-E264CA5F8311: changes role from  FOLLOWER to CANDIDATE at term 1 for changeToCandidate
2023-08-18 03:36:50,372 [s0@group-E264CA5F8311-FollowerState] INFO  server.RaftServerConfigKeys (ConfUtils.java:logGet(46)) - raft.server.leaderelection.pre-vote = true (default)
2023-08-18 03:36:50,372 [s0@group-E264CA5F8311-FollowerState] INFO  impl.RoleInfo (RoleInfo.java:updateAndGet(138)) - s0: start s0@group-E264CA5F8311-LeaderElection172
2023-08-18 03:36:50,373 [s0@group-E264CA5F8311-LeaderElection172] INFO  impl.LeaderElection (LeaderElection.java:askForVotes(320)) - s0@group-E264CA5F8311-LeaderElection172 PRE_VOTE round 0: submit vote requests at term 1 for 255: peers:[s0|rpc:localhost:39295|admin:localhost:44843|client:localhost:40991|dataStream:localhost:40677|priority:0|startupRole:FOLLOWER, s1|rpc:0.0.0.0:34459|dataStream:|priority:0|startupRole:FOLLOWER, s2|rpc:0.0.0.0:43137|dataStream:|priority:0|startupRole:FOLLOWER]|listeners:[], old=peers:[s0|rpc:localhost:39295|admin:localhost:44843|client:localhost:40991|dataStream:localhost:40677|priority:0|startupRole:FOLLOWER]|listeners:[]
2023-08-18 03:36:50,373 [grpc-default-executor-0] INFO  server.RaftServer$Division (RaftServerImpl.java:requestVote(1344)) - s1@group-E264CA5F8311: receive requestVote(PRE_VOTE, s0, group-E264CA5F8311, 1, (t:1, i:255))
2023-08-18 03:36:50,373 [grpc-default-executor-3] INFO  server.RaftServer$Division (RaftServerImpl.java:requestVote(1344)) - s2@group-E264CA5F8311: receive requestVote(PRE_VOTE, s0, group-E264CA5F8311, 1, (t:1, i:255))
2023-08-18 03:36:50,373 [grpc-default-executor-0] WARN  server.GrpcServerProtocolService (LogUtils.java:warn(122)) - s1: Failed requestVote s0->s1#0: org.apache.ratis.protocol.exceptions.ServerNotReadyException: s1@group-E264CA5F8311 is not in [RUNNING]: current state is STARTING
2023-08-18 03:36:50,374 [grpc-default-executor-3] WARN  server.GrpcServerProtocolService (LogUtils.java:warn(122)) - s2: Failed requestVote s0->s2#0: org.apache.ratis.protocol.exceptions.ServerNotReadyException: s2@group-E264CA5F8311 is not in [RUNNING]: current state is STARTING
2023-08-18 03:36:50,374 [s0@group-E264CA5F8311-LeaderElection172] INFO  impl.LeaderElection (LogUtils.java:infoOrTrace(137)) - s0@group-E264CA5F8311-LeaderElection172 got exception when requesting votes: java.util.concurrent.ExecutionException: org.apache.ratis.thirdparty.io.grpc.StatusRuntimeException: INTERNAL: s1@group-E264CA5F8311 is not in [RUNNING]: current state is STARTING
2023-08-18 03:36:50,374 [s0@group-E264CA5F8311-LeaderElection172] INFO  impl.LeaderElection (LogUtils.java:infoOrTrace(137)) - s0@group-E264CA5F8311-LeaderElection172 got exception when requesting votes: java.util.concurrent.ExecutionException: org.apache.ratis.thirdparty.io.grpc.StatusRuntimeException: INTERNAL: s2@group-E264CA5F8311 is not in [RUNNING]: current state is STARTING
2023-08-18 03:36:50,374 [s0@group-E264CA5F8311-LeaderElection172] INFO  impl.LeaderElection (LeaderElection.java:logAndReturn(89)) - s0@group-E264CA5F8311-LeaderElection172: PRE_VOTE REJECTED received 0 response(s) and 2 exception(s):
2023-08-18 03:36:50,374 [s0@group-E264CA5F8311-LeaderElection172] INFO  impl.LeaderElection (LogUtils.java:infoOrTrace(137)) -   Exception 0: java.util.concurrent.ExecutionException: org.apache.ratis.thirdparty.io.grpc.StatusRuntimeException: INTERNAL: s1@group-E264CA5F8311 is not in [RUNNING]: current state is STARTING
2023-08-18 03:36:50,374 [s0@group-E264CA5F8311-LeaderElection172] INFO  impl.LeaderElection (LogUtils.java:infoOrTrace(137)) -   Exception 1: java.util.concurrent.ExecutionException: org.apache.ratis.thirdparty.io.grpc.StatusRuntimeException: INTERNAL: s2@group-E264CA5F8311 is not in [RUNNING]: current state is STARTING
2023-08-18 03:36:50,374 [s0@group-E264CA5F8311-LeaderElection172] INFO  impl.LeaderElection (LeaderElection.java:askForVotes(322)) - s0@group-E264CA5F8311-LeaderElection172 PRE_VOTE round 0: result REJECTED
2023-08-18 03:36:50,374 [s0@group-E264CA5F8311-LeaderElection172] INFO  server.RaftServer$Division (RaftServerImpl.java:setRole(371)) - s0@group-E264CA5F8311: changes role from CANDIDATE to FOLLOWER at term 1 for REJECTED
2023-08-18 03:36:50,374 [s0@group-E264CA5F8311-LeaderElection172] INFO  impl.RoleInfo (RoleInfo.java:shutdownLeaderElection(129)) - s0: shutdown s0@group-E264CA5F8311-LeaderElection172
2023-08-18 03:36:50,374 [s0@group-E264CA5F8311-LeaderElection172] INFO  impl.RoleInfo (RoleInfo.java:updateAndGet(138)) - s0: start s0@group-E264CA5F8311-FollowerState
2023-08-18 03:36:50,420 [s2-server-thread1] INFO  server.RaftServer$Division (RaftServerImpl.java:setConfigurationAsync(1238)) - s2@group-E264CA5F8311: receive setConfiguration SetConfigurationRequest:client-255CF6B0DA3F->s2@group-E264CA5F8311, cid=386, seq=0, RW, null, SET_UNCONDITIONALLY, servers:[s1|rpc:0.0.0.0:34459|dataStream:|priority:0|startupRole:FOLLOWER, s2|rpc:0.0.0.0:43137|dataStream:|priority:0|startupRole:FOLLOWER, s0|rpc:localhost:39295|admin:localhost:44843|client:localhost:40991|dataStream:localhost:40677|priority:0|startupRole:FOLLOWER], listeners:[]
2023-08-18 03:36:50,524 [s0-server-thread1] INFO  server.RaftServer$Division (RaftServerImpl.java:setConfigurationAsync(1238)) - s0@group-E264CA5F8311: receive setConfiguration SetConfigurationRequest:client-255CF6B0DA3F->s0@group-E264CA5F8311, cid=386, seq=0, RW, null, SET_UNCONDITIONALLY, servers:[s1|rpc:0.0.0.0:34459|dataStream:|priority:0|startupRole:FOLLOWER, s2|rpc:0.0.0.0:43137|dataStream:|priority:0|startupRole:FOLLOWER, s0|rpc:localhost:39295|admin:localhost:44843|client:localhost:40991|dataStream:localhost:40677|priority:0|startupRole:FOLLOWER], listeners:[]
2023-08-18 03:36:50,587 [s0@group-E264CA5F8311-FollowerState] INFO  impl.FollowerState (FollowerState.java:run(143)) - s0@group-E264CA5F8311-FollowerState: change to CANDIDATE, lastRpcElapsedTime:212442713ns, electionTimeout:212ms
2023-08-18 03:36:50,587 [s0@group-E264CA5F8311-FollowerState] INFO  impl.RoleInfo (RoleInfo.java:shutdownFollowerState(109)) - s0: shutdown s0@group-E264CA5F8311-FollowerState
2023-08-18 03:36:50,587 [s0@group-E264CA5F8311-FollowerState] INFO  server.RaftServer$Division (RaftServerImpl.java:setRole(371)) - s0@group-E264CA5F8311: changes role from  FOLLOWER to CANDIDATE at term 1 for changeToCandidate
2023-08-18 03:36:50,587 [s0@group-E264CA5F8311-FollowerState] INFO  server.RaftServerConfigKeys (ConfUtils.java:logGet(46)) - raft.server.leaderelection.pre-vote = true (default)
2023-08-18 03:36:50,587 [s0@group-E264CA5F8311-FollowerState] INFO  impl.RoleInfo (RoleInfo.java:updateAndGet(138)) - s0: start s0@group-E264CA5F8311-LeaderElection173
2023-08-18 03:36:50,587 [s0@group-E264CA5F8311-LeaderElection173] INFO  impl.LeaderElection (LeaderElection.java:askForVotes(320)) - s0@group-E264CA5F8311-LeaderElection173 PRE_VOTE round 0: submit vote requests at term 1 for 255: peers:[s0|rpc:localhost:39295|admin:localhost:44843|client:localhost:40991|dataStream:localhost:40677|priority:0|startupRole:FOLLOWER, s1|rpc:0.0.0.0:34459|dataStream:|priority:0|startupRole:FOLLOWER, s2|rpc:0.0.0.0:43137|dataStream:|priority:0|startupRole:FOLLOWER]|listeners:[], old=peers:[s0|rpc:localhost:39295|admin:localhost:44843|client:localhost:40991|dataStream:localhost:40677|priority:0|startupRole:FOLLOWER]|listeners:[]
2023-08-18 03:36:50,588 [grpc-default-executor-3] INFO  server.RaftServer$Division (RaftServerImpl.java:requestVote(1344)) - s1@group-E264CA5F8311: receive requestVote(PRE_VOTE, s0, group-E264CA5F8311, 1, (t:1, i:255))
2023-08-18 03:36:50,589 [grpc-default-executor-3] WARN  server.GrpcServerProtocolService (LogUtils.java:warn(122)) - s1: Failed requestVote s0->s1#0: org.apache.ratis.protocol.exceptions.ServerNotReadyException: s1@group-E264CA5F8311 is not in [RUNNING]: current state is STARTING
2023-08-18 03:36:50,589 [grpc-default-executor-3] INFO  server.RaftServer$Division (RaftServerImpl.java:requestVote(1344)) - s2@group-E264CA5F8311: receive requestVote(PRE_VOTE, s0, group-E264CA5F8311, 1, (t:1, i:255))
2023-08-18 03:36:50,589 [grpc-default-executor-3] WARN  server.GrpcServerProtocolService (LogUtils.java:warn(122)) - s2: Failed requestVote s0->s2#0: org.apache.ratis.protocol.exceptions.ServerNotReadyException: s2@group-E264CA5F8311 is not in [RUNNING]: current state is STARTING
2023-08-18 03:36:50,589 [s0@group-E264CA5F8311-LeaderElection173] INFO  impl.LeaderElection (LogUtils.java:infoOrTrace(137)) - s0@group-E264CA5F8311-LeaderElection173 got exception when requesting votes: java.util.concurrent.ExecutionException: org.apache.ratis.thirdparty.io.grpc.StatusRuntimeException: INTERNAL: s1@group-E264CA5F8311 is not in [RUNNING]: current state is STARTING
2023-08-18 03:36:50,589 [s0@group-E264CA5F8311-LeaderElection173] INFO  impl.LeaderElection (LogUtils.java:infoOrTrace(137)) - s0@group-E264CA5F8311-LeaderElection173 got exception when requesting votes: java.util.concurrent.ExecutionException: org.apache.ratis.thirdparty.io.grpc.StatusRuntimeException: INTERNAL: s2@group-E264CA5F8311 is not in [RUNNING]: current state is STARTING
2023-08-18 03:36:50,589 [s0@group-E264CA5F8311-LeaderElection173] INFO  impl.LeaderElection (LeaderElection.java:logAndReturn(89)) - s0@group-E264CA5F8311-LeaderElection173: PRE_VOTE REJECTED received 0 response(s) and 2 exception(s):
2023-08-18 03:36:50,589 [s0@group-E264CA5F8311-LeaderElection173] INFO  impl.LeaderElection (LogUtils.java:infoOrTrace(137)) -   Exception 0: java.util.concurrent.ExecutionException: org.apache.ratis.thirdparty.io.grpc.StatusRuntimeException: INTERNAL: s1@group-E264CA5F8311 is not in [RUNNING]: current state is STARTING
2023-08-18 03:36:50,589 [s0@group-E264CA5F8311-LeaderElection173] INFO  impl.LeaderElection (LogUtils.java:infoOrTrace(137)) -   Exception 1: java.util.concurrent.ExecutionException: org.apache.ratis.thirdparty.io.grpc.StatusRuntimeException: INTERNAL: s2@group-E264CA5F8311 is not in [RUNNING]: current state is STARTING
2023-08-18 03:36:50,589 [s0@group-E264CA5F8311-LeaderElection173] INFO  impl.LeaderElection (LeaderElection.java:askForVotes(322)) - s0@group-E264CA5F8311-LeaderElection173 PRE_VOTE round 0: result REJECTED
2023-08-18 03:36:50,589 [s0@group-E264CA5F8311-LeaderElection173] INFO  server.RaftServer$Division (RaftServerImpl.java:setRole(371)) - s0@group-E264CA5F8311: changes role from CANDIDATE to FOLLOWER at term 1 for REJECTED
2023-08-18 03:36:50,589 [s0@group-E264CA5F8311-LeaderElection173] INFO  impl.RoleInfo (RoleInfo.java:shutdownLeaderElection(129)) - s0: shutdown s0@group-E264CA5F8311-LeaderElection173
2023-08-18 03:36:50,589 [s0@group-E264CA5F8311-LeaderElection173] INFO  impl.RoleInfo (RoleInfo.java:updateAndGet(138)) - s0: start s0@group-E264CA5F8311-FollowerState
2023-08-18 03:36:50,628 [s1-server-thread1] INFO  server.RaftServer$Division (RaftServerImpl.java:setConfigurationAsync(1238)) - s1@group-E264CA5F8311: receive setConfiguration SetConfigurationRequest:client-255CF6B0DA3F->s1@group-E264CA5F8311, cid=386, seq=0, RW, null, SET_UNCONDITIONALLY, servers:[s1|rpc:0.0.0.0:34459|dataStream:|priority:0|startupRole:FOLLOWER, s2|rpc:0.0.0.0:43137|dataStream:|priority:0|startupRole:FOLLOWER, s0|rpc:localhost:39295|admin:localhost:44843|client:localhost:40991|dataStream:localhost:40677|priority:0|startupRole:FOLLOWER], listeners:[]
2023-08-18 03:36:50,732 [s2-server-thread1] INFO  server.RaftServer$Division (RaftServerImpl.java:setConfigurationAsync(1238)) - s2@group-E264CA5F8311: receive setConfiguration SetConfigurationRequest:client-255CF6B0DA3F->s2@group-E264CA5F8311, cid=386, seq=0, RW, null, SET_UNCONDITIONALLY, servers:[s1|rpc:0.0.0.0:34459|dataStream:|priority:0|startupRole:FOLLOWER, s2|rpc:0.0.0.0:43137|dataStream:|priority:0|startupRole:FOLLOWER, s0|rpc:localhost:39295|admin:localhost:44843|client:localhost:40991|dataStream:localhost:40677|priority:0|startupRole:FOLLOWER], listeners:[]
2023-08-18 03:36:50,771 [s0@group-E264CA5F8311-FollowerState] INFO  impl.FollowerState (FollowerState.java:run(143)) - s0@group-E264CA5F8311-FollowerState: change to CANDIDATE, lastRpcElapsedTime:181240747ns, electionTimeout:181ms
2023-08-18 03:36:50,771 [s0@group-E264CA5F8311-FollowerState] INFO  impl.RoleInfo (RoleInfo.java:shutdownFollowerState(109)) - s0: shutdown s0@group-E264CA5F8311-FollowerState
2023-08-18 03:36:50,771 [s0@group-E264CA5F8311-FollowerState] INFO  server.RaftServer$Division (RaftServerImpl.java:setRole(371)) - s0@group-E264CA5F8311: changes role from  FOLLOWER to CANDIDATE at term 1 for changeToCandidate
2023-08-18 03:36:50,771 [s0@group-E264CA5F8311-FollowerState] INFO  server.RaftServerConfigKeys (ConfUtils.java:logGet(46)) - raft.server.leaderelection.pre-vote = true (default)
2023-08-18 03:36:50,771 [s0@group-E264CA5F8311-FollowerState] INFO  impl.RoleInfo (RoleInfo.java:updateAndGet(138)) - s0: start s0@group-E264CA5F8311-LeaderElection174
2023-08-18 03:36:50,771 [s0@group-E264CA5F8311-LeaderElection174] INFO  impl.LeaderElection (LeaderElection.java:askForVotes(320)) - s0@group-E264CA5F8311-LeaderElection174 PRE_VOTE round 0: submit vote requests at term 1 for 255: peers:[s0|rpc:localhost:39295|admin:localhost:44843|client:localhost:40991|dataStream:localhost:40677|priority:0|startupRole:FOLLOWER, s1|rpc:0.0.0.0:34459|dataStream:|priority:0|startupRole:FOLLOWER, s2|rpc:0.0.0.0:43137|dataStream:|priority:0|startupRole:FOLLOWER]|listeners:[], old=peers:[s0|rpc:localhost:39295|admin:localhost:44843|client:localhost:40991|dataStream:localhost:40677|priority:0|startupRole:FOLLOWER]|listeners:[]
2023-08-18 03:36:50,772 [grpc-default-executor-3] INFO  server.RaftServer$Division (RaftServerImpl.java:requestVote(1344)) - s1@group-E264CA5F8311: receive requestVote(PRE_VOTE, s0, group-E264CA5F8311, 1, (t:1, i:255))
2023-08-18 03:36:50,772 [grpc-default-executor-3] WARN  server.GrpcServerProtocolService (LogUtils.java:warn(122)) - s1: Failed requestVote s0->s1#0: org.apache.ratis.protocol.exceptions.ServerNotReadyException: s1@group-E264CA5F8311 is not in [RUNNING]: current state is STARTING
2023-08-18 03:36:50,772 [grpc-default-executor-3] INFO  server.RaftServer$Division (RaftServerImpl.java:requestVote(1344)) - s2@group-E264CA5F8311: receive requestVote(PRE_VOTE, s0, group-E264CA5F8311, 1, (t:1, i:255))
2023-08-18 03:36:50,772 [grpc-default-executor-3] WARN  server.GrpcServerProtocolService (LogUtils.java:warn(122)) - s2: Failed requestVote s0->s2#0: org.apache.ratis.protocol.exceptions.ServerNotReadyException: s2@group-E264CA5F8311 is not in [RUNNING]: current state is STARTING
2023-08-18 03:36:50,773 [s0@group-E264CA5F8311-LeaderElection174] INFO  impl.LeaderElection (LogUtils.java:infoOrTrace(137)) - s0@group-E264CA5F8311-LeaderElection174 got exception when requesting votes: java.util.concurrent.ExecutionException: org.apache.ratis.thirdparty.io.grpc.StatusRuntimeException: INTERNAL: s1@group-E264CA5F8311 is not in [RUNNING]: current state is STARTING
2023-08-18 03:36:50,773 [s0@group-E264CA5F8311-LeaderElection174] INFO  impl.LeaderElection (LogUtils.java:infoOrTrace(137)) - s0@group-E264CA5F8311-LeaderElection174 got exception when requesting votes: java.util.concurrent.ExecutionException: org.apache.ratis.thirdparty.io.grpc.StatusRuntimeException: INTERNAL: s2@group-E264CA5F8311 is not in [RUNNING]: current state is STARTING
2023-08-18 03:36:50,773 [s0@group-E264CA5F8311-LeaderElection174] INFO  impl.LeaderElection (LeaderElection.java:logAndReturn(89)) - s0@group-E264CA5F8311-LeaderElection174: PRE_VOTE REJECTED received 0 response(s) and 2 exception(s):
2023-08-18 03:36:50,773 [s0@group-E264CA5F8311-LeaderElection174] INFO  impl.LeaderElection (LogUtils.java:infoOrTrace(137)) -   Exception 0: java.util.concurrent.ExecutionException: org.apache.ratis.thirdparty.io.grpc.StatusRuntimeException: INTERNAL: s1@group-E264CA5F8311 is not in [RUNNING]: current state is STARTING
2023-08-18 03:36:50,773 [s0@group-E264CA5F8311-LeaderElection174] INFO  impl.LeaderElection (LogUtils.java:infoOrTrace(137)) -   Exception 1: java.util.concurrent.ExecutionException: org.apache.ratis.thirdparty.io.grpc.StatusRuntimeException: INTERNAL: s2@group-E264CA5F8311 is not in [RUNNING]: current state is STARTING
2023-08-18 03:36:50,773 [s0@group-E264CA5F8311-LeaderElection174] INFO  impl.LeaderElection (LeaderElection.java:askForVotes(322)) - s0@group-E264CA5F8311-LeaderElection174 PRE_VOTE round 0: result REJECTED
2023-08-18 03:36:50,773 [s0@group-E264CA5F8311-LeaderElection174] INFO  server.RaftServer$Division (RaftServerImpl.java:setRole(371)) - s0@group-E264CA5F8311: changes role from CANDIDATE to FOLLOWER at term 1 for REJECTED
2023-08-18 03:36:50,773 [s0@group-E264CA5F8311-LeaderElection174] INFO  impl.RoleInfo (RoleInfo.java:shutdownLeaderElection(129)) - s0: shutdown s0@group-E264CA5F8311-LeaderElection174
2023-08-18 03:36:50,773 [s0@group-E264CA5F8311-LeaderElection174] INFO  impl.RoleInfo (RoleInfo.java:updateAndGet(138)) - s0: start s0@group-E264CA5F8311-FollowerState
2023-08-18 03:36:50,836 [s1-server-thread1] INFO  server.RaftServer$Division (RaftServerImpl.java:setConfigurationAsync(1238)) - s1@group-E264CA5F8311: receive setConfiguration SetConfigurationRequest:client-255CF6B0DA3F->s1@group-E264CA5F8311, cid=386, seq=0, RW, null, SET_UNCONDITIONALLY, servers:[s1|rpc:0.0.0.0:34459|dataStream:|priority:0|startupRole:FOLLOWER, s2|rpc:0.0.0.0:43137|dataStream:|priority:0|startupRole:FOLLOWER, s0|rpc:localhost:39295|admin:localhost:44843|client:localhost:40991|dataStream:localhost:40677|priority:0|startupRole:FOLLOWER], listeners:[]
2023-08-18 03:36:50,942 [s0-server-thread1] INFO  server.RaftServer$Division (RaftServerImpl.java:setConfigurationAsync(1238)) - s0@group-E264CA5F8311: receive setConfiguration SetConfigurationRequest:client-255CF6B0DA3F->s0@group-E264CA5F8311, cid=386, seq=0, RW, null, SET_UNCONDITIONALLY, servers:[s1|rpc:0.0.0.0:34459|dataStream:|priority:0|startupRole:FOLLOWER, s2|rpc:0.0.0.0:43137|dataStream:|priority:0|startupRole:FOLLOWER, s0|rpc:localhost:39295|admin:localhost:44843|client:localhost:40991|dataStream:localhost:40677|priority:0|startupRole:FOLLOWER], listeners:[]
2023-08-18 03:36:50,943 [s0@group-E264CA5F8311-FollowerState] INFO  impl.FollowerState (FollowerState.java:run(143)) - s0@group-E264CA5F8311-FollowerState: change to CANDIDATE, lastRpcElapsedTime:170350028ns, electionTimeout:168ms
2023-08-18 03:36:50,943 [s0@group-E264CA5F8311-FollowerState] INFO  impl.RoleInfo (RoleInfo.java:shutdownFollowerState(109)) - s0: shutdown s0@group-E264CA5F8311-FollowerState
2023-08-18 03:36:50,943 [s0@group-E264CA5F8311-FollowerState] INFO  server.RaftServer$Division (RaftServerImpl.java:setRole(371)) - s0@group-E264CA5F8311: changes role from  FOLLOWER to CANDIDATE at term 1 for changeToCandidate
2023-08-18 03:36:50,943 [s0@group-E264CA5F8311-FollowerState] INFO  server.RaftServerConfigKeys (ConfUtils.java:logGet(46)) - raft.server.leaderelection.pre-vote = true (default)
2023-08-18 03:36:50,943 [s0@group-E264CA5F8311-FollowerState] INFO  impl.RoleInfo (RoleInfo.java:updateAndGet(138)) - s0: start s0@group-E264CA5F8311-LeaderElection175
2023-08-18 03:36:50,944 [s0@group-E264CA5F8311-LeaderElection175] INFO  impl.LeaderElection (LeaderElection.java:askForVotes(320)) - s0@group-E264CA5F8311-LeaderElection175 PRE_VOTE round 0: submit vote requests at term 1 for 255: peers:[s0|rpc:localhost:39295|admin:localhost:44843|client:localhost:40991|dataStream:localhost:40677|priority:0|startupRole:FOLLOWER, s1|rpc:0.0.0.0:34459|dataStream:|priority:0|startupRole:FOLLOWER, s2|rpc:0.0.0.0:43137|dataStream:|priority:0|startupRole:FOLLOWER]|listeners:[], old=peers:[s0|rpc:localhost:39295|admin:localhost:44843|client:localhost:40991|dataStream:localhost:40677|priority:0|startupRole:FOLLOWER]|listeners:[]
2023-08-18 03:36:50,944 [grpc-default-executor-3] INFO  server.RaftServer$Division (RaftServerImpl.java:requestVote(1344)) - s1@group-E264CA5F8311: receive requestVote(PRE_VOTE, s0, group-E264CA5F8311, 1, (t:1, i:255))
2023-08-18 03:36:50,944 [grpc-default-executor-3] WARN  server.GrpcServerProtocolService (LogUtils.java:warn(122)) - s1: Failed requestVote s0->s1#0: org.apache.ratis.protocol.exceptions.ServerNotReadyException: s1@group-E264CA5F8311 is not in [RUNNING]: current state is STARTING
2023-08-18 03:36:50,947 [grpc-default-executor-3] INFO  server.RaftServer$Division (RaftServerImpl.java:requestVote(1344)) - s2@group-E264CA5F8311: receive requestVote(PRE_VOTE, s0, group-E264CA5F8311, 1, (t:1, i:255))
2023-08-18 03:36:50,947 [grpc-default-executor-3] WARN  server.GrpcServerProtocolService (LogUtils.java:warn(122)) - s2: Failed requestVote s0->s2#0: org.apache.ratis.protocol.exceptions.ServerNotReadyException: s2@group-E264CA5F8311 is not in [RUNNING]: current state is STARTING
2023-08-18 03:36:50,948 [s0@group-E264CA5F8311-LeaderElection175] INFO  impl.LeaderElection (LogUtils.java:infoOrTrace(137)) - s0@group-E264CA5F8311-LeaderElection175 got exception when requesting votes: java.util.concurrent.ExecutionException: org.apache.ratis.thirdparty.io.grpc.StatusRuntimeException: INTERNAL: s1@group-E264CA5F8311 is not in [RUNNING]: current state is STARTING
2023-08-18 03:36:50,948 [s0@group-E264CA5F8311-LeaderElection175] INFO  impl.LeaderElection (LogUtils.java:infoOrTrace(137)) - s0@group-E264CA5F8311-LeaderElection175 got exception when requesting votes: java.util.concurrent.ExecutionException: org.apache.ratis.thirdparty.io.grpc.StatusRuntimeException: INTERNAL: s2@group-E264CA5F8311 is not in [RUNNING]: current state is STARTING
2023-08-18 03:36:50,948 [s0@group-E264CA5F8311-LeaderElection175] INFO  impl.LeaderElection (LeaderElection.java:logAndReturn(89)) - s0@group-E264CA5F8311-LeaderElection175: PRE_VOTE REJECTED received 0 response(s) and 2 exception(s):
2023-08-18 03:36:50,948 [s0@group-E264CA5F8311-LeaderElection175] INFO  impl.LeaderElection (LogUtils.java:infoOrTrace(137)) -   Exception 0: java.util.concurrent.ExecutionException: org.apache.ratis.thirdparty.io.grpc.StatusRuntimeException: INTERNAL: s1@group-E264CA5F8311 is not in [RUNNING]: current state is STARTING
2023-08-18 03:36:50,948 [s0@group-E264CA5F8311-LeaderElection175] INFO  impl.LeaderElection (LogUtils.java:infoOrTrace(137)) -   Exception 1: java.util.concurrent.ExecutionException: org.apache.ratis.thirdparty.io.grpc.StatusRuntimeException: INTERNAL: s2@group-E264CA5F8311 is not in [RUNNING]: current state is STARTING
2023-08-18 03:36:50,948 [s0@group-E264CA5F8311-LeaderElection175] INFO  impl.LeaderElection (LeaderElection.java:askForVotes(322)) - s0@group-E264CA5F8311-LeaderElection175 PRE_VOTE round 0: result REJECTED
2023-08-18 03:36:50,948 [s0@group-E264CA5F8311-LeaderElection175] INFO  server.RaftServer$Division (RaftServerImpl.java:setRole(371)) - s0@group-E264CA5F8311: changes role from CANDIDATE to FOLLOWER at term 1 for REJECTED
2023-08-18 03:36:50,948 [s0@group-E264CA5F8311-LeaderElection175] INFO  impl.RoleInfo (RoleInfo.java:shutdownLeaderElection(129)) - s0: shutdown s0@group-E264CA5F8311-LeaderElection175
2023-08-18 03:36:50,948 [s0@group-E264CA5F8311-LeaderElection175] INFO  impl.RoleInfo (RoleInfo.java:updateAndGet(138)) - s0: start s0@group-E264CA5F8311-FollowerState
2023-08-18 03:36:51,046 [s2-server-thread1] INFO  server.RaftServer$Division (RaftServerImpl.java:setConfigurationAsync(1238)) - s2@group-E264CA5F8311: receive setConfiguration SetConfigurationRequest:client-255CF6B0DA3F->s2@group-E264CA5F8311, cid=386, seq=0, RW, null, SET_UNCONDITIONALLY, servers:[s1|rpc:0.0.0.0:34459|dataStream:|priority:0|startupRole:FOLLOWER, s2|rpc:0.0.0.0:43137|dataStream:|priority:0|startupRole:FOLLOWER, s0|rpc:localhost:39295|admin:localhost:44843|client:localhost:40991|dataStream:localhost:40677|priority:0|startupRole:FOLLOWER], listeners:[]
2023-08-18 03:36:51,148 [s0@group-E264CA5F8311-FollowerState] INFO  impl.FollowerState (FollowerState.java:run(143)) - s0@group-E264CA5F8311-FollowerState: change to CANDIDATE, lastRpcElapsedTime:200404704ns, electionTimeout:200ms
2023-08-18 03:36:51,148 [s0@group-E264CA5F8311-FollowerState] INFO  impl.RoleInfo (RoleInfo.java:shutdownFollowerState(109)) - s0: shutdown s0@group-E264CA5F8311-FollowerState
2023-08-18 03:36:51,149 [s0@group-E264CA5F8311-FollowerState] INFO  server.RaftServer$Division (RaftServerImpl.java:setRole(371)) - s0@group-E264CA5F8311: changes role from  FOLLOWER to CANDIDATE at term 1 for changeToCandidate
2023-08-18 03:36:51,149 [s0@group-E264CA5F8311-FollowerState] INFO  server.RaftServerConfigKeys (ConfUtils.java:logGet(46)) - raft.server.leaderelection.pre-vote = true (default)
2023-08-18 03:36:51,149 [s0@group-E264CA5F8311-FollowerState] INFO  impl.RoleInfo (RoleInfo.java:updateAndGet(138)) - s0: start s0@group-E264CA5F8311-LeaderElection176
2023-08-18 03:36:51,149 [s0@group-E264CA5F8311-LeaderElection176] INFO  impl.LeaderElection (LeaderElection.java:askForVotes(320)) - s0@group-E264CA5F8311-LeaderElection176 PRE_VOTE round 0: submit vote requests at term 1 for 255: peers:[s0|rpc:localhost:39295|admin:localhost:44843|client:localhost:40991|dataStream:localhost:40677|priority:0|startupRole:FOLLOWER, s1|rpc:0.0.0.0:34459|dataStream:|priority:0|startupRole:FOLLOWER, s2|rpc:0.0.0.0:43137|dataStream:|priority:0|startupRole:FOLLOWER]|listeners:[], old=peers:[s0|rpc:localhost:39295|admin:localhost:44843|client:localhost:40991|dataStream:localhost:40677|priority:0|startupRole:FOLLOWER]|listeners:[]
2023-08-18 03:36:51,150 [s1-server-thread1] INFO  server.RaftServer$Division (RaftServerImpl.java:setConfigurationAsync(1238)) - s1@group-E264CA5F8311: receive setConfiguration SetConfigurationRequest:client-255CF6B0DA3F->s1@group-E264CA5F8311, cid=386, seq=0, RW, null, SET_UNCONDITIONALLY, servers:[s1|rpc:0.0.0.0:34459|dataStream:|priority:0|startupRole:FOLLOWER, s2|rpc:0.0.0.0:43137|dataStream:|priority:0|startupRole:FOLLOWER, s0|rpc:localhost:39295|admin:localhost:44843|client:localhost:40991|dataStream:localhost:40677|priority:0|startupRole:FOLLOWER], listeners:[]
2023-08-18 03:36:51,150 [grpc-default-executor-3] INFO  server.RaftServer$Division (RaftServerImpl.java:requestVote(1344)) - s2@group-E264CA5F8311: receive requestVote(PRE_VOTE, s0, group-E264CA5F8311, 1, (t:1, i:255))
2023-08-18 03:36:51,150 [grpc-default-executor-3] WARN  server.GrpcServerProtocolService (LogUtils.java:warn(122)) - s2: Failed requestVote s0->s2#0: org.apache.ratis.protocol.exceptions.ServerNotReadyException: s2@group-E264CA5F8311 is not in [RUNNING]: current state is STARTING
2023-08-18 03:36:51,151 [grpc-default-executor-0] INFO  server.RaftServer$Division (RaftServerImpl.java:requestVote(1344)) - s1@group-E264CA5F8311: receive requestVote(PRE_VOTE, s0, group-E264CA5F8311, 1, (t:1, i:255))
2023-08-18 03:36:51,151 [grpc-default-executor-0] WARN  server.GrpcServerProtocolService (LogUtils.java:warn(122)) - s1: Failed requestVote s0->s1#0: org.apache.ratis.protocol.exceptions.ServerNotReadyException: s1@group-E264CA5F8311 is not in [RUNNING]: current state is STARTING
2023-08-18 03:36:51,151 [s0@group-E264CA5F8311-LeaderElection176] INFO  impl.LeaderElection (LogUtils.java:infoOrTrace(137)) - s0@group-E264CA5F8311-LeaderElection176 got exception when requesting votes: java.util.concurrent.ExecutionException: org.apache.ratis.thirdparty.io.grpc.StatusRuntimeException: INTERNAL: s2@group-E264CA5F8311 is not in [RUNNING]: current state is STARTING
2023-08-18 03:36:51,152 [s0@group-E264CA5F8311-LeaderElection176] INFO  impl.LeaderElection (LogUtils.java:infoOrTrace(137)) - s0@group-E264CA5F8311-LeaderElection176 got exception when requesting votes: java.util.concurrent.ExecutionException: org.apache.ratis.thirdparty.io.grpc.StatusRuntimeException: INTERNAL: s1@group-E264CA5F8311 is not in [RUNNING]: current state is STARTING
2023-08-18 03:36:51,152 [s0@group-E264CA5F8311-LeaderElection176] INFO  impl.LeaderElection (LeaderElection.java:logAndReturn(89)) - s0@group-E264CA5F8311-LeaderElection176: PRE_VOTE REJECTED received 0 response(s) and 2 exception(s):
2023-08-18 03:36:51,152 [s0@group-E264CA5F8311-LeaderElection176] INFO  impl.LeaderElection (LogUtils.java:infoOrTrace(137)) -   Exception 0: java.util.concurrent.ExecutionException: org.apache.ratis.thirdparty.io.grpc.StatusRuntimeException: INTERNAL: s2@group-E264CA5F8311 is not in [RUNNING]: current state is STARTING
2023-08-18 03:36:51,152 [s0@group-E264CA5F8311-LeaderElection176] INFO  impl.LeaderElection (LogUtils.java:infoOrTrace(137)) -   Exception 1: java.util.concurrent.ExecutionException: org.apache.ratis.thirdparty.io.grpc.StatusRuntimeException: INTERNAL: s1@group-E264CA5F8311 is not in [RUNNING]: current state is STARTING
2023-08-18 03:36:51,152 [s0@group-E264CA5F8311-LeaderElection176] INFO  impl.LeaderElection (LeaderElection.java:askForVotes(322)) - s0@group-E264CA5F8311-LeaderElection176 PRE_VOTE round 0: result REJECTED
2023-08-18 03:36:51,152 [s0@group-E264CA5F8311-LeaderElection176] INFO  server.RaftServer$Division (RaftServerImpl.java:setRole(371)) - s0@group-E264CA5F8311: changes role from CANDIDATE to FOLLOWER at term 1 for REJECTED
2023-08-18 03:36:51,152 [s0@group-E264CA5F8311-LeaderElection176] INFO  impl.RoleInfo (RoleInfo.java:shutdownLeaderElection(129)) - s0: shutdown s0@group-E264CA5F8311-LeaderElection176
2023-08-18 03:36:51,152 [s0@group-E264CA5F8311-LeaderElection176] INFO  impl.RoleInfo (RoleInfo.java:updateAndGet(138)) - s0: start s0@group-E264CA5F8311-FollowerState
2023-08-18 03:36:51,255 [s0-server-thread1] INFO  server.RaftServer$Division (RaftServerImpl.java:setConfigurationAsync(1238)) - s0@group-E264CA5F8311: receive setConfiguration SetConfigurationRequest:client-255CF6B0DA3F->s0@group-E264CA5F8311, cid=386, seq=0, RW, null, SET_UNCONDITIONALLY, servers:[s1|rpc:0.0.0.0:34459|dataStream:|priority:0|startupRole:FOLLOWER, s2|rpc:0.0.0.0:43137|dataStream:|priority:0|startupRole:FOLLOWER, s0|rpc:localhost:39295|admin:localhost:44843|client:localhost:40991|dataStream:localhost:40677|priority:0|startupRole:FOLLOWER], listeners:[]
2023-08-18 03:36:51,358 [s2-server-thread1] INFO  server.RaftServer$Division (RaftServerImpl.java:setConfigurationAsync(1238)) - s2@group-E264CA5F8311: receive setConfiguration SetConfigurationRequest:client-255CF6B0DA3F->s2@group-E264CA5F8311, cid=386, seq=0, RW, null, SET_UNCONDITIONALLY, servers:[s1|rpc:0.0.0.0:34459|dataStream:|priority:0|startupRole:FOLLOWER, s2|rpc:0.0.0.0:43137|dataStream:|priority:0|startupRole:FOLLOWER, s0|rpc:localhost:39295|admin:localhost:44843|client:localhost:40991|dataStream:localhost:40677|priority:0|startupRole:FOLLOWER], listeners:[]
2023-08-18 03:36:51,398 [s0@group-E264CA5F8311-FollowerState] INFO  impl.FollowerState (FollowerState.java:run(143)) - s0@group-E264CA5F8311-FollowerState: change to CANDIDATE, lastRpcElapsedTime:245492667ns, electionTimeout:245ms
2023-08-18 03:36:51,398 [s0@group-E264CA5F8311-FollowerState] INFO  impl.RoleInfo (RoleInfo.java:shutdownFollowerState(109)) - s0: shutdown s0@group-E264CA5F8311-FollowerState
2023-08-18 03:36:51,398 [s0@group-E264CA5F8311-FollowerState] INFO  server.RaftServer$Division (RaftServerImpl.java:setRole(371)) - s0@group-E264CA5F8311: changes role from  FOLLOWER to CANDIDATE at term 1 for changeToCandidate
2023-08-18 03:36:51,398 [s0@group-E264CA5F8311-FollowerState] INFO  server.RaftServerConfigKeys (ConfUtils.java:logGet(46)) - raft.server.leaderelection.pre-vote = true (default)
2023-08-18 03:36:51,398 [s0@group-E264CA5F8311-FollowerState] INFO  impl.RoleInfo (RoleInfo.java:updateAndGet(138)) - s0: start s0@group-E264CA5F8311-LeaderElection177
2023-08-18 03:36:51,398 [s0@group-E264CA5F8311-LeaderElection177] INFO  impl.LeaderElection (LeaderElection.java:askForVotes(320)) - s0@group-E264CA5F8311-LeaderElection177 PRE_VOTE round 0: submit vote requests at term 1 for 255: peers:[s0|rpc:localhost:39295|admin:localhost:44843|client:localhost:40991|dataStream:localhost:40677|priority:0|startupRole:FOLLOWER, s1|rpc:0.0.0.0:34459|dataStream:|priority:0|startupRole:FOLLOWER, s2|rpc:0.0.0.0:43137|dataStream:|priority:0|startupRole:FOLLOWER]|listeners:[], old=peers:[s0|rpc:localhost:39295|admin:localhost:44843|client:localhost:40991|dataStream:localhost:40677|priority:0|startupRole:FOLLOWER]|listeners:[]
2023-08-18 03:36:51,399 [grpc-default-executor-3] INFO  server.RaftServer$Division (RaftServerImpl.java:requestVote(1344)) - s2@group-E264CA5F8311: receive requestVote(PRE_VOTE, s0, group-E264CA5F8311, 1, (t:1, i:255))
2023-08-18 03:36:51,399 [grpc-default-executor-0] INFO  server.RaftServer$Division (RaftServerImpl.java:requestVote(1344)) - s1@group-E264CA5F8311: receive requestVote(PRE_VOTE, s0, group-E264CA5F8311, 1, (t:1, i:255))
2023-08-18 03:36:51,399 [grpc-default-executor-3] WARN  server.GrpcServerProtocolService (LogUtils.java:warn(122)) - s2: Failed requestVote s0->s2#0: org.apache.ratis.protocol.exceptions.ServerNotReadyException: s2@group-E264CA5F8311 is not in [RUNNING]: current state is STARTING
2023-08-18 03:36:51,400 [grpc-default-executor-0] WARN  server.GrpcServerProtocolService (LogUtils.java:warn(122)) - s1: Failed requestVote s0->s1#0: org.apache.ratis.protocol.exceptions.ServerNotReadyException: s1@group-E264CA5F8311 is not in [RUNNING]: current state is STARTING
2023-08-18 03:36:51,400 [s0@group-E264CA5F8311-LeaderElection177] INFO  impl.LeaderElection (LogUtils.java:infoOrTrace(137)) - s0@group-E264CA5F8311-LeaderElection177 got exception when requesting votes: java.util.concurrent.ExecutionException: org.apache.ratis.thirdparty.io.grpc.StatusRuntimeException: INTERNAL: s1@group-E264CA5F8311 is not in [RUNNING]: current state is STARTING
2023-08-18 03:36:51,400 [s0@group-E264CA5F8311-LeaderElection177] INFO  impl.LeaderElection (LogUtils.java:infoOrTrace(137)) - s0@group-E264CA5F8311-LeaderElection177 got exception when requesting votes: java.util.concurrent.ExecutionException: org.apache.ratis.thirdparty.io.grpc.StatusRuntimeException: INTERNAL: s2@group-E264CA5F8311 is not in [RUNNING]: current state is STARTING
2023-08-18 03:36:51,400 [s0@group-E264CA5F8311-LeaderElection177] INFO  impl.LeaderElection (LeaderElection.java:logAndReturn(89)) - s0@group-E264CA5F8311-LeaderElection177: PRE_VOTE REJECTED received 0 response(s) and 2 exception(s):
2023-08-18 03:36:51,400 [s0@group-E264CA5F8311-LeaderElection177] INFO  impl.LeaderElection (LogUtils.java:infoOrTrace(137)) -   Exception 0: java.util.concurrent.ExecutionException: org.apache.ratis.thirdparty.io.grpc.StatusRuntimeException: INTERNAL: s1@group-E264CA5F8311 is not in [RUNNING]: current state is STARTING
2023-08-18 03:36:51,400 [s0@group-E264CA5F8311-LeaderElection177] INFO  impl.LeaderElection (LogUtils.java:infoOrTrace(137)) -   Exception 1: java.util.concurrent.ExecutionException: org.apache.ratis.thirdparty.io.grpc.StatusRuntimeException: INTERNAL: s2@group-E264CA5F8311 is not in [RUNNING]: current state is STARTING
2023-08-18 03:36:51,400 [s0@group-E264CA5F8311-LeaderElection177] INFO  impl.LeaderElection (LeaderElection.java:askForVotes(322)) - s0@group-E264CA5F8311-LeaderElection177 PRE_VOTE round 0: result REJECTED
2023-08-18 03:36:51,400 [s0@group-E264CA5F8311-LeaderElection177] INFO  server.RaftServer$Division (RaftServerImpl.java:setRole(371)) - s0@group-E264CA5F8311: changes role from CANDIDATE to FOLLOWER at term 1 for REJECTED
2023-08-18 03:36:51,400 [s0@group-E264CA5F8311-LeaderElection177] INFO  impl.RoleInfo (RoleInfo.java:shutdownLeaderElection(129)) - s0: shutdown s0@group-E264CA5F8311-LeaderElection177
2023-08-18 03:36:51,400 [s0@group-E264CA5F8311-LeaderElection177] INFO  impl.RoleInfo (RoleInfo.java:updateAndGet(138)) - s0: start s0@group-E264CA5F8311-FollowerState
2023-08-18 03:36:51,462 [s1-server-thread1] INFO  server.RaftServer$Division (RaftServerImpl.java:setConfigurationAsync(1238)) - s1@group-E264CA5F8311: receive setConfiguration SetConfigurationRequest:client-255CF6B0DA3F->s1@group-E264CA5F8311, cid=386, seq=0, RW, null, SET_UNCONDITIONALLY, servers:[s1|rpc:0.0.0.0:34459|dataStream:|priority:0|startupRole:FOLLOWER, s2|rpc:0.0.0.0:43137|dataStream:|priority:0|startupRole:FOLLOWER, s0|rpc:localhost:39295|admin:localhost:44843|client:localhost:40991|dataStream:localhost:40677|priority:0|startupRole:FOLLOWER], listeners:[]
2023-08-18 03:36:51,565 [s2-server-thread1] INFO  server.RaftServer$Division (RaftServerImpl.java:setConfigurationAsync(1238)) - s2@group-E264CA5F8311: receive setConfiguration SetConfigurationRequest:client-255CF6B0DA3F->s2@group-E264CA5F8311, cid=386, seq=0, RW, null, SET_UNCONDITIONALLY, servers:[s1|rpc:0.0.0.0:34459|dataStream:|priority:0|startupRole:FOLLOWER, s2|rpc:0.0.0.0:43137|dataStream:|priority:0|startupRole:FOLLOWER, s0|rpc:localhost:39295|admin:localhost:44843|client:localhost:40991|dataStream:localhost:40677|priority:0|startupRole:FOLLOWER], listeners:[]
2023-08-18 03:36:51,629 [s0@group-E264CA5F8311-FollowerState] INFO  impl.FollowerState (FollowerState.java:run(143)) - s0@group-E264CA5F8311-FollowerState: change to CANDIDATE, lastRpcElapsedTime:228311595ns, electionTimeout:228ms
2023-08-18 03:36:51,629 [s0@group-E264CA5F8311-FollowerState] INFO  impl.RoleInfo (RoleInfo.java:shutdownFollowerState(109)) - s0: shutdown s0@group-E264CA5F8311-FollowerState
2023-08-18 03:36:51,629 [s0@group-E264CA5F8311-FollowerState] INFO  server.RaftServer$Division (RaftServerImpl.java:setRole(371)) - s0@group-E264CA5F8311: changes role from  FOLLOWER to CANDIDATE at term 1 for changeToCandidate
2023-08-18 03:36:51,629 [s0@group-E264CA5F8311-FollowerState] INFO  server.RaftServerConfigKeys (ConfUtils.java:logGet(46)) - raft.server.leaderelection.pre-vote = true (default)
2023-08-18 03:36:51,629 [s0@group-E264CA5F8311-FollowerState] INFO  impl.RoleInfo (RoleInfo.java:updateAndGet(138)) - s0: start s0@group-E264CA5F8311-LeaderElection178
2023-08-18 03:36:51,629 [s0@group-E264CA5F8311-LeaderElection178] INFO  impl.LeaderElection (LeaderElection.java:askForVotes(320)) - s0@group-E264CA5F8311-LeaderElection178 PRE_VOTE round 0: submit vote requests at term 1 for 255: peers:[s0|rpc:localhost:39295|admin:localhost:44843|client:localhost:40991|dataStream:localhost:40677|priority:0|startupRole:FOLLOWER, s1|rpc:0.0.0.0:34459|dataStream:|priority:0|startupRole:FOLLOWER, s2|rpc:0.0.0.0:43137|dataStream:|priority:0|startupRole:FOLLOWER]|listeners:[], old=peers:[s0|rpc:localhost:39295|admin:localhost:44843|client:localhost:40991|dataStream:localhost:40677|priority:0|startupRole:FOLLOWER]|listeners:[]
2023-08-18 03:36:51,630 [grpc-default-executor-0] INFO  server.RaftServer$Division (RaftServerImpl.java:requestVote(1344)) - s2@group-E264CA5F8311: receive requestVote(PRE_VOTE, s0, group-E264CA5F8311, 1, (t:1, i:255))
2023-08-18 03:36:51,630 [grpc-default-executor-3] INFO  server.RaftServer$Division (RaftServerImpl.java:requestVote(1344)) - s1@group-E264CA5F8311: receive requestVote(PRE_VOTE, s0, group-E264CA5F8311, 1, (t:1, i:255))
2023-08-18 03:36:51,630 [grpc-default-executor-0] WARN  server.GrpcServerProtocolService (LogUtils.java:warn(122)) - s2: Failed requestVote s0->s2#0: org.apache.ratis.protocol.exceptions.ServerNotReadyException: s2@group-E264CA5F8311 is not in [RUNNING]: current state is STARTING
2023-08-18 03:36:51,630 [grpc-default-executor-3] WARN  server.GrpcServerProtocolService (LogUtils.java:warn(122)) - s1: Failed requestVote s0->s1#0: org.apache.ratis.protocol.exceptions.ServerNotReadyException: s1@group-E264CA5F8311 is not in [RUNNING]: current state is STARTING
2023-08-18 03:36:51,630 [s0@group-E264CA5F8311-LeaderElection178] INFO  impl.LeaderElection (LogUtils.java:infoOrTrace(137)) - s0@group-E264CA5F8311-LeaderElection178 got exception when requesting votes: java.util.concurrent.ExecutionException: org.apache.ratis.thirdparty.io.grpc.StatusRuntimeException: INTERNAL: s1@group-E264CA5F8311 is not in [RUNNING]: current state is STARTING
2023-08-18 03:36:51,631 [s0@group-E264CA5F8311-LeaderElection178] INFO  impl.LeaderElection (LogUtils.java:infoOrTrace(137)) - s0@group-E264CA5F8311-LeaderElection178 got exception when requesting votes: java.util.concurrent.ExecutionException: org.apache.ratis.thirdparty.io.grpc.StatusRuntimeException: INTERNAL: s2@group-E264CA5F8311 is not in [RUNNING]: current state is STARTING
2023-08-18 03:36:51,631 [s0@group-E264CA5F8311-LeaderElection178] INFO  impl.LeaderElection (LeaderElection.java:logAndReturn(89)) - s0@group-E264CA5F8311-LeaderElection178: PRE_VOTE REJECTED received 0 response(s) and 2 exception(s):
2023-08-18 03:36:51,631 [s0@group-E264CA5F8311-LeaderElection178] INFO  impl.LeaderElection (LogUtils.java:infoOrTrace(137)) -   Exception 0: java.util.concurrent.ExecutionException: org.apache.ratis.thirdparty.io.grpc.StatusRuntimeException: INTERNAL: s1@group-E264CA5F8311 is not in [RUNNING]: current state is STARTING
2023-08-18 03:36:51,631 [s0@group-E264CA5F8311-LeaderElection178] INFO  impl.LeaderElection (LogUtils.java:infoOrTrace(137)) -   Exception 1: java.util.concurrent.ExecutionException: org.apache.ratis.thirdparty.io.grpc.StatusRuntimeException: INTERNAL: s2@group-E264CA5F8311 is not in [RUNNING]: current state is STARTING
2023-08-18 03:36:51,631 [s0@group-E264CA5F8311-LeaderElection178] INFO  impl.LeaderElection (LeaderElection.java:askForVotes(322)) - s0@group-E264CA5F8311-LeaderElection178 PRE_VOTE round 0: result REJECTED
2023-08-18 03:36:51,631 [s0@group-E264CA5F8311-LeaderElection178] INFO  server.RaftServer$Division (RaftServerImpl.java:setRole(371)) - s0@group-E264CA5F8311: changes role from CANDIDATE to FOLLOWER at term 1 for REJECTED
2023-08-18 03:36:51,631 [s0@group-E264CA5F8311-LeaderElection178] INFO  impl.RoleInfo (RoleInfo.java:shutdownLeaderElection(129)) - s0: shutdown s0@group-E264CA5F8311-LeaderElection178
2023-08-18 03:36:51,631 [s0@group-E264CA5F8311-LeaderElection178] INFO  impl.RoleInfo (RoleInfo.java:updateAndGet(138)) - s0: start s0@group-E264CA5F8311-FollowerState
2023-08-18 03:36:51,669 [s1-server-thread1] INFO  server.RaftServer$Division (RaftServerImpl.java:setConfigurationAsync(1238)) - s1@group-E264CA5F8311: receive setConfiguration SetConfigurationRequest:client-255CF6B0DA3F->s1@group-E264CA5F8311, cid=386, seq=0, RW, null, SET_UNCONDITIONALLY, servers:[s1|rpc:0.0.0.0:34459|dataStream:|priority:0|startupRole:FOLLOWER, s2|rpc:0.0.0.0:43137|dataStream:|priority:0|startupRole:FOLLOWER, s0|rpc:localhost:39295|admin:localhost:44843|client:localhost:40991|dataStream:localhost:40677|priority:0|startupRole:FOLLOWER], listeners:[]
2023-08-18 03:36:51,775 [s0-server-thread1] INFO  server.RaftServer$Division (RaftServerImpl.java:setConfigurationAsync(1238)) - s0@group-E264CA5F8311: receive setConfiguration SetConfigurationRequest:client-255CF6B0DA3F->s0@group-E264CA5F8311, cid=386, seq=0, RW, null, SET_UNCONDITIONALLY, servers:[s1|rpc:0.0.0.0:34459|dataStream:|priority:0|startupRole:FOLLOWER, s2|rpc:0.0.0.0:43137|dataStream:|priority:0|startupRole:FOLLOWER, s0|rpc:localhost:39295|admin:localhost:44843|client:localhost:40991|dataStream:localhost:40677|priority:0|startupRole:FOLLOWER], listeners:[]
2023-08-18 03:36:51,864 [s0@group-E264CA5F8311-FollowerState] INFO  impl.FollowerState (FollowerState.java:run(143)) - s0@group-E264CA5F8311-FollowerState: change to CANDIDATE, lastRpcElapsedTime:233272558ns, electionTimeout:233ms
2023-08-18 03:36:51,864 [s0@group-E264CA5F8311-FollowerState] INFO  impl.RoleInfo (RoleInfo.java:shutdownFollowerState(109)) - s0: shutdown s0@group-E264CA5F8311-FollowerState
2023-08-18 03:36:51,864 [s0@group-E264CA5F8311-FollowerState] INFO  server.RaftServer$Division (RaftServerImpl.java:setRole(371)) - s0@group-E264CA5F8311: changes role from  FOLLOWER to CANDIDATE at term 1 for changeToCandidate
2023-08-18 03:36:51,864 [s0@group-E264CA5F8311-FollowerState] INFO  server.RaftServerConfigKeys (ConfUtils.java:logGet(46)) - raft.server.leaderelection.pre-vote = true (default)
2023-08-18 03:36:51,864 [s0@group-E264CA5F8311-FollowerState] INFO  impl.RoleInfo (RoleInfo.java:updateAndGet(138)) - s0: start s0@group-E264CA5F8311-LeaderElection179
2023-08-18 03:36:51,864 [s0@group-E264CA5F8311-LeaderElection179] INFO  impl.LeaderElection (LeaderElection.java:askForVotes(320)) - s0@group-E264CA5F8311-LeaderElection179 PRE_VOTE round 0: submit vote requests at term 1 for 255: peers:[s0|rpc:localhost:39295|admin:localhost:44843|client:localhost:40991|dataStream:localhost:40677|priority:0|startupRole:FOLLOWER, s1|rpc:0.0.0.0:34459|dataStream:|priority:0|startupRole:FOLLOWER, s2|rpc:0.0.0.0:43137|dataStream:|priority:0|startupRole:FOLLOWER]|listeners:[], old=peers:[s0|rpc:localhost:39295|admin:localhost:44843|client:localhost:40991|dataStream:localhost:40677|priority:0|startupRole:FOLLOWER]|listeners:[]
2023-08-18 03:36:51,866 [grpc-default-executor-3] INFO  server.RaftServer$Division (RaftServerImpl.java:requestVote(1344)) - s2@group-E264CA5F8311: receive requestVote(PRE_VOTE, s0, group-E264CA5F8311, 1, (t:1, i:255))
2023-08-18 03:36:51,866 [grpc-default-executor-3] WARN  server.GrpcServerProtocolService (LogUtils.java:warn(122)) - s2: Failed requestVote s0->s2#0: org.apache.ratis.protocol.exceptions.ServerNotReadyException: s2@group-E264CA5F8311 is not in [RUNNING]: current state is STARTING
2023-08-18 03:36:51,866 [s0@group-E264CA5F8311-LeaderElection179] INFO  impl.LeaderElection (LogUtils.java:infoOrTrace(137)) - s0@group-E264CA5F8311-LeaderElection179 got exception when requesting votes: java.util.concurrent.ExecutionException: org.apache.ratis.thirdparty.io.grpc.StatusRuntimeException: INTERNAL: s2@group-E264CA5F8311 is not in [RUNNING]: current state is STARTING
2023-08-18 03:36:51,866 [grpc-default-executor-0] INFO  server.RaftServer$Division (RaftServerImpl.java:requestVote(1344)) - s1@group-E264CA5F8311: receive requestVote(PRE_VOTE, s0, group-E264CA5F8311, 1, (t:1, i:255))
2023-08-18 03:36:51,866 [grpc-default-executor-0] WARN  server.GrpcServerProtocolService (LogUtils.java:warn(122)) - s1: Failed requestVote s0->s1#0: org.apache.ratis.protocol.exceptions.ServerNotReadyException: s1@group-E264CA5F8311 is not in [RUNNING]: current state is STARTING
2023-08-18 03:36:51,867 [s0@group-E264CA5F8311-LeaderElection179] INFO  impl.LeaderElection (LogUtils.java:infoOrTrace(137)) - s0@group-E264CA5F8311-LeaderElection179 got exception when requesting votes: java.util.concurrent.ExecutionException: org.apache.ratis.thirdparty.io.grpc.StatusRuntimeException: INTERNAL: s1@group-E264CA5F8311 is not in [RUNNING]: current state is STARTING
2023-08-18 03:36:51,867 [s0@group-E264CA5F8311-LeaderElection179] INFO  impl.LeaderElection (LeaderElection.java:logAndReturn(89)) - s0@group-E264CA5F8311-LeaderElection179: PRE_VOTE REJECTED received 0 response(s) and 2 exception(s):
2023-08-18 03:36:51,867 [s0@group-E264CA5F8311-LeaderElection179] INFO  impl.LeaderElection (LogUtils.java:infoOrTrace(137)) -   Exception 0: java.util.concurrent.ExecutionException: org.apache.ratis.thirdparty.io.grpc.StatusRuntimeException: INTERNAL: s2@group-E264CA5F8311 is not in [RUNNING]: current state is STARTING
2023-08-18 03:36:51,867 [s0@group-E264CA5F8311-LeaderElection179] INFO  impl.LeaderElection (LogUtils.java:infoOrTrace(137)) -   Exception 1: java.util.concurrent.ExecutionException: org.apache.ratis.thirdparty.io.grpc.StatusRuntimeException: INTERNAL: s1@group-E264CA5F8311 is not in [RUNNING]: current state is STARTING
2023-08-18 03:36:51,867 [s0@group-E264CA5F8311-LeaderElection179] INFO  impl.LeaderElection (LeaderElection.java:askForVotes(322)) - s0@group-E264CA5F8311-LeaderElection179 PRE_VOTE round 0: result REJECTED
2023-08-18 03:36:51,867 [s0@group-E264CA5F8311-LeaderElection179] INFO  server.RaftServer$Division (RaftServerImpl.java:setRole(371)) - s0@group-E264CA5F8311: changes role from CANDIDATE to FOLLOWER at term 1 for REJECTED
2023-08-18 03:36:51,867 [s0@group-E264CA5F8311-LeaderElection179] INFO  impl.RoleInfo (RoleInfo.java:shutdownLeaderElection(129)) - s0: shutdown s0@group-E264CA5F8311-LeaderElection179
2023-08-18 03:36:51,867 [s0@group-E264CA5F8311-LeaderElection179] INFO  impl.RoleInfo (RoleInfo.java:updateAndGet(138)) - s0: start s0@group-E264CA5F8311-FollowerState
2023-08-18 03:36:51,879 [s2-server-thread1] INFO  server.RaftServer$Division (RaftServerImpl.java:setConfigurationAsync(1238)) - s2@group-E264CA5F8311: receive setConfiguration SetConfigurationRequest:client-255CF6B0DA3F->s2@group-E264CA5F8311, cid=386, seq=0, RW, null, SET_UNCONDITIONALLY, servers:[s1|rpc:0.0.0.0:34459|dataStream:|priority:0|startupRole:FOLLOWER, s2|rpc:0.0.0.0:43137|dataStream:|priority:0|startupRole:FOLLOWER, s0|rpc:localhost:39295|admin:localhost:44843|client:localhost:40991|dataStream:localhost:40677|priority:0|startupRole:FOLLOWER], listeners:[]
2023-08-18 03:36:51,982 [s1-server-thread1] INFO  server.RaftServer$Division (RaftServerImpl.java:setConfigurationAsync(1238)) - s1@group-E264CA5F8311: receive setConfiguration SetConfigurationRequest:client-255CF6B0DA3F->s1@group-E264CA5F8311, cid=386, seq=0, RW, null, SET_UNCONDITIONALLY, servers:[s1|rpc:0.0.0.0:34459|dataStream:|priority:0|startupRole:FOLLOWER, s2|rpc:0.0.0.0:43137|dataStream:|priority:0|startupRole:FOLLOWER, s0|rpc:localhost:39295|admin:localhost:44843|client:localhost:40991|dataStream:localhost:40677|priority:0|startupRole:FOLLOWER], listeners:[]
2023-08-18 03:36:52,041 [s0@group-E264CA5F8311-FollowerState] INFO  impl.FollowerState (FollowerState.java:run(143)) - s0@group-E264CA5F8311-FollowerState: change to CANDIDATE, lastRpcElapsedTime:173492104ns, electionTimeout:173ms
2023-08-18 03:36:52,041 [s0@group-E264CA5F8311-FollowerState] INFO  impl.RoleInfo (RoleInfo.java:shutdownFollowerState(109)) - s0: shutdown s0@group-E264CA5F8311-FollowerState
2023-08-18 03:36:52,041 [s0@group-E264CA5F8311-FollowerState] INFO  server.RaftServer$Division (RaftServerImpl.java:setRole(371)) - s0@group-E264CA5F8311: changes role from  FOLLOWER to CANDIDATE at term 1 for changeToCandidate
2023-08-18 03:36:52,041 [s0@group-E264CA5F8311-FollowerState] INFO  server.RaftServerConfigKeys (ConfUtils.java:logGet(46)) - raft.server.leaderelection.pre-vote = true (default)
2023-08-18 03:36:52,041 [s0@group-E264CA5F8311-FollowerState] INFO  impl.RoleInfo (RoleInfo.java:updateAndGet(138)) - s0: start s0@group-E264CA5F8311-LeaderElection180
2023-08-18 03:36:52,041 [s0@group-E264CA5F8311-LeaderElection180] INFO  impl.LeaderElection (LeaderElection.java:askForVotes(320)) - s0@group-E264CA5F8311-LeaderElection180 PRE_VOTE round 0: submit vote requests at term 1 for 255: peers:[s0|rpc:localhost:39295|admin:localhost:44843|client:localhost:40991|dataStream:localhost:40677|priority:0|startupRole:FOLLOWER, s1|rpc:0.0.0.0:34459|dataStream:|priority:0|startupRole:FOLLOWER, s2|rpc:0.0.0.0:43137|dataStream:|priority:0|startupRole:FOLLOWER]|listeners:[], old=peers:[s0|rpc:localhost:39295|admin:localhost:44843|client:localhost:40991|dataStream:localhost:40677|priority:0|startupRole:FOLLOWER]|listeners:[]
2023-08-18 03:36:52,042 [grpc-default-executor-0] INFO  server.RaftServer$Division (RaftServerImpl.java:requestVote(1344)) - s2@group-E264CA5F8311: receive requestVote(PRE_VOTE, s0, group-E264CA5F8311, 1, (t:1, i:255))
2023-08-18 03:36:52,042 [grpc-default-executor-3] INFO  server.RaftServer$Division (RaftServerImpl.java:requestVote(1344)) - s1@group-E264CA5F8311: receive requestVote(PRE_VOTE, s0, group-E264CA5F8311, 1, (t:1, i:255))
2023-08-18 03:36:52,042 [grpc-default-executor-0] WARN  server.GrpcServerProtocolService (LogUtils.java:warn(122)) - s2: Failed requestVote s0->s2#0: org.apache.ratis.protocol.exceptions.ServerNotReadyException: s2@group-E264CA5F8311 is not in [RUNNING]: current state is STARTING
2023-08-18 03:36:52,042 [grpc-default-executor-3] WARN  server.GrpcServerProtocolService (LogUtils.java:warn(122)) - s1: Failed requestVote s0->s1#0: org.apache.ratis.protocol.exceptions.ServerNotReadyException: s1@group-E264CA5F8311 is not in [RUNNING]: current state is STARTING
2023-08-18 03:36:52,042 [s0@group-E264CA5F8311-LeaderElection180] INFO  impl.LeaderElection (LogUtils.java:infoOrTrace(137)) - s0@group-E264CA5F8311-LeaderElection180 got exception when requesting votes: java.util.concurrent.ExecutionException: org.apache.ratis.thirdparty.io.grpc.StatusRuntimeException: INTERNAL: s2@group-E264CA5F8311 is not in [RUNNING]: current state is STARTING
2023-08-18 03:36:52,043 [s0@group-E264CA5F8311-LeaderElection180] INFO  impl.LeaderElection (LogUtils.java:infoOrTrace(137)) - s0@group-E264CA5F8311-LeaderElection180 got exception when requesting votes: java.util.concurrent.ExecutionException: org.apache.ratis.thirdparty.io.grpc.StatusRuntimeException: INTERNAL: s1@group-E264CA5F8311 is not in [RUNNING]: current state is STARTING
2023-08-18 03:36:52,043 [s0@group-E264CA5F8311-LeaderElection180] INFO  impl.LeaderElection (LeaderElection.java:logAndReturn(89)) - s0@group-E264CA5F8311-LeaderElection180: PRE_VOTE REJECTED received 0 response(s) and 2 exception(s):
2023-08-18 03:36:52,043 [s0@group-E264CA5F8311-LeaderElection180] INFO  impl.LeaderElection (LogUtils.java:infoOrTrace(137)) -   Exception 0: java.util.concurrent.ExecutionException: org.apache.ratis.thirdparty.io.grpc.StatusRuntimeException: INTERNAL: s2@group-E264CA5F8311 is not in [RUNNING]: current state is STARTING
2023-08-18 03:36:52,043 [s0@group-E264CA5F8311-LeaderElection180] INFO  impl.LeaderElection (LogUtils.java:infoOrTrace(137)) -   Exception 1: java.util.concurrent.ExecutionException: org.apache.ratis.thirdparty.io.grpc.StatusRuntimeException: INTERNAL: s1@group-E264CA5F8311 is not in [RUNNING]: current state is STARTING
2023-08-18 03:36:52,043 [s0@group-E264CA5F8311-LeaderElection180] INFO  impl.LeaderElection (LeaderElection.java:askForVotes(322)) - s0@group-E264CA5F8311-LeaderElection180 PRE_VOTE round 0: result REJECTED
2023-08-18 03:36:52,043 [s0@group-E264CA5F8311-LeaderElection180] INFO  server.RaftServer$Division (RaftServerImpl.java:setRole(371)) - s0@group-E264CA5F8311: changes role from CANDIDATE to FOLLOWER at term 1 for REJECTED
2023-08-18 03:36:52,043 [s0@group-E264CA5F8311-LeaderElection180] INFO  impl.RoleInfo (RoleInfo.java:shutdownLeaderElection(129)) - s0: shutdown s0@group-E264CA5F8311-LeaderElection180
2023-08-18 03:36:52,043 [s0@group-E264CA5F8311-LeaderElection180] INFO  impl.RoleInfo (RoleInfo.java:updateAndGet(138)) - s0: start s0@group-E264CA5F8311-FollowerState
2023-08-18 03:36:52,086 [s0-server-thread1] INFO  server.RaftServer$Division (RaftServerImpl.java:setConfigurationAsync(1238)) - s0@group-E264CA5F8311: receive setConfiguration SetConfigurationRequest:client-255CF6B0DA3F->s0@group-E264CA5F8311, cid=386, seq=0, RW, null, SET_UNCONDITIONALLY, servers:[s1|rpc:0.0.0.0:34459|dataStream:|priority:0|startupRole:FOLLOWER, s2|rpc:0.0.0.0:43137|dataStream:|priority:0|startupRole:FOLLOWER, s0|rpc:localhost:39295|admin:localhost:44843|client:localhost:40991|dataStream:localhost:40677|priority:0|startupRole:FOLLOWER], listeners:[]
2023-08-18 03:36:52,189 [s2-server-thread1] INFO  server.RaftServer$Division (RaftServerImpl.java:setConfigurationAsync(1238)) - s2@group-E264CA5F8311: receive setConfiguration SetConfigurationRequest:client-255CF6B0DA3F->s2@group-E264CA5F8311, cid=386, seq=0, RW, null, SET_UNCONDITIONALLY, servers:[s1|rpc:0.0.0.0:34459|dataStream:|priority:0|startupRole:FOLLOWER, s2|rpc:0.0.0.0:43137|dataStream:|priority:0|startupRole:FOLLOWER, s0|rpc:localhost:39295|admin:localhost:44843|client:localhost:40991|dataStream:localhost:40677|priority:0|startupRole:FOLLOWER], listeners:[]
2023-08-18 03:36:52,295 [s0-server-thread1] INFO  server.RaftServer$Division (RaftServerImpl.java:setConfigurationAsync(1238)) - s0@group-E264CA5F8311: receive setConfiguration SetConfigurationRequest:client-255CF6B0DA3F->s0@group-E264CA5F8311, cid=386, seq=0, RW, null, SET_UNCONDITIONALLY, servers:[s1|rpc:0.0.0.0:34459|dataStream:|priority:0|startupRole:FOLLOWER, s2|rpc:0.0.0.0:43137|dataStream:|priority:0|startupRole:FOLLOWER, s0|rpc:localhost:39295|admin:localhost:44843|client:localhost:40991|dataStream:localhost:40677|priority:0|startupRole:FOLLOWER], listeners:[]
2023-08-18 03:36:52,311 [s0@group-E264CA5F8311-FollowerState] INFO  impl.FollowerState (FollowerState.java:run(143)) - s0@group-E264CA5F8311-FollowerState: change to CANDIDATE, lastRpcElapsedTime:267430303ns, electionTimeout:267ms
2023-08-18 03:36:52,311 [s0@group-E264CA5F8311-FollowerState] INFO  impl.RoleInfo (RoleInfo.java:shutdownFollowerState(109)) - s0: shutdown s0@group-E264CA5F8311-FollowerState
2023-08-18 03:36:52,311 [s0@group-E264CA5F8311-FollowerState] INFO  server.RaftServer$Division (RaftServerImpl.java:setRole(371)) - s0@group-E264CA5F8311: changes role from  FOLLOWER to CANDIDATE at term 1 for changeToCandidate
2023-08-18 03:36:52,311 [s0@group-E264CA5F8311-FollowerState] INFO  server.RaftServerConfigKeys (ConfUtils.java:logGet(46)) - raft.server.leaderelection.pre-vote = true (default)
2023-08-18 03:36:52,311 [s0@group-E264CA5F8311-FollowerState] INFO  impl.RoleInfo (RoleInfo.java:updateAndGet(138)) - s0: start s0@group-E264CA5F8311-LeaderElection181
2023-08-18 03:36:52,311 [s0@group-E264CA5F8311-LeaderElection181] INFO  impl.LeaderElection (LeaderElection.java:askForVotes(320)) - s0@group-E264CA5F8311-LeaderElection181 PRE_VOTE round 0: submit vote requests at term 1 for 255: peers:[s0|rpc:localhost:39295|admin:localhost:44843|client:localhost:40991|dataStream:localhost:40677|priority:0|startupRole:FOLLOWER, s1|rpc:0.0.0.0:34459|dataStream:|priority:0|startupRole:FOLLOWER, s2|rpc:0.0.0.0:43137|dataStream:|priority:0|startupRole:FOLLOWER]|listeners:[], old=peers:[s0|rpc:localhost:39295|admin:localhost:44843|client:localhost:40991|dataStream:localhost:40677|priority:0|startupRole:FOLLOWER]|listeners:[]
2023-08-18 03:36:52,312 [grpc-default-executor-0] INFO  server.RaftServer$Division (RaftServerImpl.java:requestVote(1344)) - s1@group-E264CA5F8311: receive requestVote(PRE_VOTE, s0, group-E264CA5F8311, 1, (t:1, i:255))
2023-08-18 03:36:52,312 [grpc-default-executor-0] WARN  server.GrpcServerProtocolService (LogUtils.java:warn(122)) - s1: Failed requestVote s0->s1#0: org.apache.ratis.protocol.exceptions.ServerNotReadyException: s1@group-E264CA5F8311 is not in [RUNNING]: current state is STARTING
2023-08-18 03:36:52,313 [s0@group-E264CA5F8311-LeaderElection181] INFO  impl.LeaderElection (LogUtils.java:infoOrTrace(137)) - s0@group-E264CA5F8311-LeaderElection181 got exception when requesting votes: java.util.concurrent.ExecutionException: org.apache.ratis.thirdparty.io.grpc.StatusRuntimeException: INTERNAL: s1@group-E264CA5F8311 is not in [RUNNING]: current state is STARTING
2023-08-18 03:36:52,313 [grpc-default-executor-0] INFO  server.RaftServer$Division (RaftServerImpl.java:requestVote(1344)) - s2@group-E264CA5F8311: receive requestVote(PRE_VOTE, s0, group-E264CA5F8311, 1, (t:1, i:255))
2023-08-18 03:36:52,313 [grpc-default-executor-0] WARN  server.GrpcServerProtocolService (LogUtils.java:warn(122)) - s2: Failed requestVote s0->s2#0: org.apache.ratis.protocol.exceptions.ServerNotReadyException: s2@group-E264CA5F8311 is not in [RUNNING]: current state is STARTING
2023-08-18 03:36:52,313 [s0@group-E264CA5F8311-LeaderElection181] INFO  impl.LeaderElection (LogUtils.java:infoOrTrace(137)) - s0@group-E264CA5F8311-LeaderElection181 got exception when requesting votes: java.util.concurrent.ExecutionException: org.apache.ratis.thirdparty.io.grpc.StatusRuntimeException: INTERNAL: s2@group-E264CA5F8311 is not in [RUNNING]: current state is STARTING
2023-08-18 03:36:52,313 [s0@group-E264CA5F8311-LeaderElection181] INFO  impl.LeaderElection (LeaderElection.java:logAndReturn(89)) - s0@group-E264CA5F8311-LeaderElection181: PRE_VOTE REJECTED received 0 response(s) and 2 exception(s):
2023-08-18 03:36:52,313 [s0@group-E264CA5F8311-LeaderElection181] INFO  impl.LeaderElection (LogUtils.java:infoOrTrace(137)) -   Exception 0: java.util.concurrent.ExecutionException: org.apache.ratis.thirdparty.io.grpc.StatusRuntimeException: INTERNAL: s1@group-E264CA5F8311 is not in [RUNNING]: current state is STARTING
2023-08-18 03:36:52,314 [s0@group-E264CA5F8311-LeaderElection181] INFO  impl.LeaderElection (LogUtils.java:infoOrTrace(137)) -   Exception 1: java.util.concurrent.ExecutionException: org.apache.ratis.thirdparty.io.grpc.StatusRuntimeException: INTERNAL: s2@group-E264CA5F8311 is not in [RUNNING]: current state is STARTING
2023-08-18 03:36:52,314 [s0@group-E264CA5F8311-LeaderElection181] INFO  impl.LeaderElection (LeaderElection.java:askForVotes(322)) - s0@group-E264CA5F8311-LeaderElection181 PRE_VOTE round 0: result REJECTED
2023-08-18 03:36:52,314 [s0@group-E264CA5F8311-LeaderElection181] INFO  server.RaftServer$Division (RaftServerImpl.java:setRole(371)) - s0@group-E264CA5F8311: changes role from CANDIDATE to FOLLOWER at term 1 for REJECTED
2023-08-18 03:36:52,314 [s0@group-E264CA5F8311-LeaderElection181] INFO  impl.RoleInfo (RoleInfo.java:shutdownLeaderElection(129)) - s0: shutdown s0@group-E264CA5F8311-LeaderElection181
2023-08-18 03:36:52,314 [s0@group-E264CA5F8311-LeaderElection181] INFO  impl.RoleInfo (RoleInfo.java:updateAndGet(138)) - s0: start s0@group-E264CA5F8311-FollowerState
2023-08-18 03:36:52,401 [s1-server-thread1] INFO  server.RaftServer$Division (RaftServerImpl.java:setConfigurationAsync(1238)) - s1@group-E264CA5F8311: receive setConfiguration SetConfigurationRequest:client-255CF6B0DA3F->s1@group-E264CA5F8311, cid=386, seq=0, RW, null, SET_UNCONDITIONALLY, servers:[s1|rpc:0.0.0.0:34459|dataStream:|priority:0|startupRole:FOLLOWER, s2|rpc:0.0.0.0:43137|dataStream:|priority:0|startupRole:FOLLOWER, s0|rpc:localhost:39295|admin:localhost:44843|client:localhost:40991|dataStream:localhost:40677|priority:0|startupRole:FOLLOWER], listeners:[]
2023-08-18 03:36:52,505 [s0-server-thread1] INFO  server.RaftServer$Division (RaftServerImpl.java:setConfigurationAsync(1238)) - s0@group-E264CA5F8311: receive setConfiguration SetConfigurationRequest:client-255CF6B0DA3F->s0@group-E264CA5F8311, cid=386, seq=0, RW, null, SET_UNCONDITIONALLY, servers:[s1|rpc:0.0.0.0:34459|dataStream:|priority:0|startupRole:FOLLOWER, s2|rpc:0.0.0.0:43137|dataStream:|priority:0|startupRole:FOLLOWER, s0|rpc:localhost:39295|admin:localhost:44843|client:localhost:40991|dataStream:localhost:40677|priority:0|startupRole:FOLLOWER], listeners:[]
2023-08-18 03:36:52,582 [s0@group-E264CA5F8311-FollowerState] INFO  impl.FollowerState (FollowerState.java:run(143)) - s0@group-E264CA5F8311-FollowerState: change to CANDIDATE, lastRpcElapsedTime:268653894ns, electionTimeout:267ms
2023-08-18 03:36:52,582 [s0@group-E264CA5F8311-FollowerState] INFO  impl.RoleInfo (RoleInfo.java:shutdownFollowerState(109)) - s0: shutdown s0@group-E264CA5F8311-FollowerState
2023-08-18 03:36:52,582 [s0@group-E264CA5F8311-FollowerState] INFO  server.RaftServer$Division (RaftServerImpl.java:setRole(371)) - s0@group-E264CA5F8311: changes role from  FOLLOWER to CANDIDATE at term 1 for changeToCandidate
2023-08-18 03:36:52,582 [s0@group-E264CA5F8311-FollowerState] INFO  server.RaftServerConfigKeys (ConfUtils.java:logGet(46)) - raft.server.leaderelection.pre-vote = true (default)
2023-08-18 03:36:52,583 [s0@group-E264CA5F8311-FollowerState] INFO  impl.RoleInfo (RoleInfo.java:updateAndGet(138)) - s0: start s0@group-E264CA5F8311-LeaderElection182
2023-08-18 03:36:52,583 [s0@group-E264CA5F8311-LeaderElection182] INFO  impl.LeaderElection (LeaderElection.java:askForVotes(320)) - s0@group-E264CA5F8311-LeaderElection182 PRE_VOTE round 0: submit vote requests at term 1 for 255: peers:[s0|rpc:localhost:39295|admin:localhost:44843|client:localhost:40991|dataStream:localhost:40677|priority:0|startupRole:FOLLOWER, s1|rpc:0.0.0.0:34459|dataStream:|priority:0|startupRole:FOLLOWER, s2|rpc:0.0.0.0:43137|dataStream:|priority:0|startupRole:FOLLOWER]|listeners:[], old=peers:[s0|rpc:localhost:39295|admin:localhost:44843|client:localhost:40991|dataStream:localhost:40677|priority:0|startupRole:FOLLOWER]|listeners:[]
2023-08-18 03:36:52,584 [grpc-default-executor-3] INFO  server.RaftServer$Division (RaftServerImpl.java:requestVote(1344)) - s2@group-E264CA5F8311: receive requestVote(PRE_VOTE, s0, group-E264CA5F8311, 1, (t:1, i:255))
2023-08-18 03:36:52,584 [grpc-default-executor-0] INFO  server.RaftServer$Division (RaftServerImpl.java:requestVote(1344)) - s1@group-E264CA5F8311: receive requestVote(PRE_VOTE, s0, group-E264CA5F8311, 1, (t:1, i:255))
2023-08-18 03:36:52,584 [grpc-default-executor-3] WARN  server.GrpcServerProtocolService (LogUtils.java:warn(122)) - s2: Failed requestVote s0->s2#0: org.apache.ratis.protocol.exceptions.ServerNotReadyException: s2@group-E264CA5F8311 is not in [RUNNING]: current state is STARTING
2023-08-18 03:36:52,584 [grpc-default-executor-0] WARN  server.GrpcServerProtocolService (LogUtils.java:warn(122)) - s1: Failed requestVote s0->s1#0: org.apache.ratis.protocol.exceptions.ServerNotReadyException: s1@group-E264CA5F8311 is not in [RUNNING]: current state is STARTING
2023-08-18 03:36:52,584 [s0@group-E264CA5F8311-LeaderElection182] INFO  impl.LeaderElection (LogUtils.java:infoOrTrace(137)) - s0@group-E264CA5F8311-LeaderElection182 got exception when requesting votes: java.util.concurrent.ExecutionException: org.apache.ratis.thirdparty.io.grpc.StatusRuntimeException: INTERNAL: s2@group-E264CA5F8311 is not in [RUNNING]: current state is STARTING
2023-08-18 03:36:52,584 [s0@group-E264CA5F8311-LeaderElection182] INFO  impl.LeaderElection (LogUtils.java:infoOrTrace(137)) - s0@group-E264CA5F8311-LeaderElection182 got exception when requesting votes: java.util.concurrent.ExecutionException: org.apache.ratis.thirdparty.io.grpc.StatusRuntimeException: INTERNAL: s1@group-E264CA5F8311 is not in [RUNNING]: current state is STARTING
2023-08-18 03:36:52,584 [s0@group-E264CA5F8311-LeaderElection182] INFO  impl.LeaderElection (LeaderElection.java:logAndReturn(89)) - s0@group-E264CA5F8311-LeaderElection182: PRE_VOTE REJECTED received 0 response(s) and 2 exception(s):
2023-08-18 03:36:52,584 [s0@group-E264CA5F8311-LeaderElection182] INFO  impl.LeaderElection (LogUtils.java:infoOrTrace(137)) -   Exception 0: java.util.concurrent.ExecutionException: org.apache.ratis.thirdparty.io.grpc.StatusRuntimeException: INTERNAL: s2@group-E264CA5F8311 is not in [RUNNING]: current state is STARTING
2023-08-18 03:36:52,584 [s0@group-E264CA5F8311-LeaderElection182] INFO  impl.LeaderElection (LogUtils.java:infoOrTrace(137)) -   Exception 1: java.util.concurrent.ExecutionException: org.apache.ratis.thirdparty.io.grpc.StatusRuntimeException: INTERNAL: s1@group-E264CA5F8311 is not in [RUNNING]: current state is STARTING
2023-08-18 03:36:52,584 [s0@group-E264CA5F8311-LeaderElection182] INFO  impl.LeaderElection (LeaderElection.java:askForVotes(322)) - s0@group-E264CA5F8311-LeaderElection182 PRE_VOTE round 0: result REJECTED
2023-08-18 03:36:52,584 [s0@group-E264CA5F8311-LeaderElection182] INFO  server.RaftServer$Division (RaftServerImpl.java:setRole(371)) - s0@group-E264CA5F8311: changes role from CANDIDATE to FOLLOWER at term 1 for REJECTED
2023-08-18 03:36:52,584 [s0@group-E264CA5F8311-LeaderElection182] INFO  impl.RoleInfo (RoleInfo.java:shutdownLeaderElection(129)) - s0: shutdown s0@group-E264CA5F8311-LeaderElection182
2023-08-18 03:36:52,585 [s0@group-E264CA5F8311-LeaderElection182] INFO  impl.RoleInfo (RoleInfo.java:updateAndGet(138)) - s0: start s0@group-E264CA5F8311-FollowerState
2023-08-18 03:36:52,608 [s1-server-thread1] INFO  server.RaftServer$Division (RaftServerImpl.java:setConfigurationAsync(1238)) - s1@group-E264CA5F8311: receive setConfiguration SetConfigurationRequest:client-255CF6B0DA3F->s1@group-E264CA5F8311, cid=386, seq=0, RW, null, SET_UNCONDITIONALLY, servers:[s1|rpc:0.0.0.0:34459|dataStream:|priority:0|startupRole:FOLLOWER, s2|rpc:0.0.0.0:43137|dataStream:|priority:0|startupRole:FOLLOWER, s0|rpc:localhost:39295|admin:localhost:44843|client:localhost:40991|dataStream:localhost:40677|priority:0|startupRole:FOLLOWER], listeners:[]
2023-08-18 03:36:52,712 [s0-server-thread1] INFO  server.RaftServer$Division (RaftServerImpl.java:setConfigurationAsync(1238)) - s0@group-E264CA5F8311: receive setConfiguration SetConfigurationRequest:client-255CF6B0DA3F->s0@group-E264CA5F8311, cid=386, seq=0, RW, null, SET_UNCONDITIONALLY, servers:[s1|rpc:0.0.0.0:34459|dataStream:|priority:0|startupRole:FOLLOWER, s2|rpc:0.0.0.0:43137|dataStream:|priority:0|startupRole:FOLLOWER, s0|rpc:localhost:39295|admin:localhost:44843|client:localhost:40991|dataStream:localhost:40677|priority:0|startupRole:FOLLOWER], listeners:[]
2023-08-18 03:36:52,799 [s0@group-E264CA5F8311-FollowerState] INFO  impl.FollowerState (FollowerState.java:run(143)) - s0@group-E264CA5F8311-FollowerState: change to CANDIDATE, lastRpcElapsedTime:214360800ns, electionTimeout:214ms
2023-08-18 03:36:52,799 [s0@group-E264CA5F8311-FollowerState] INFO  impl.RoleInfo (RoleInfo.java:shutdownFollowerState(109)) - s0: shutdown s0@group-E264CA5F8311-FollowerState
2023-08-18 03:36:52,799 [s0@group-E264CA5F8311-FollowerState] INFO  server.RaftServer$Division (RaftServerImpl.java:setRole(371)) - s0@group-E264CA5F8311: changes role from  FOLLOWER to CANDIDATE at term 1 for changeToCandidate
2023-08-18 03:36:52,799 [s0@group-E264CA5F8311-FollowerState] INFO  server.RaftServerConfigKeys (ConfUtils.java:logGet(46)) - raft.server.leaderelection.pre-vote = true (default)
2023-08-18 03:36:52,799 [s0@group-E264CA5F8311-FollowerState] INFO  impl.RoleInfo (RoleInfo.java:updateAndGet(138)) - s0: start s0@group-E264CA5F8311-LeaderElection183
2023-08-18 03:36:52,800 [s0@group-E264CA5F8311-LeaderElection183] INFO  impl.LeaderElection (LeaderElection.java:askForVotes(320)) - s0@group-E264CA5F8311-LeaderElection183 PRE_VOTE round 0: submit vote requests at term 1 for 255: peers:[s0|rpc:localhost:39295|admin:localhost:44843|client:localhost:40991|dataStream:localhost:40677|priority:0|startupRole:FOLLOWER, s1|rpc:0.0.0.0:34459|dataStream:|priority:0|startupRole:FOLLOWER, s2|rpc:0.0.0.0:43137|dataStream:|priority:0|startupRole:FOLLOWER]|listeners:[], old=peers:[s0|rpc:localhost:39295|admin:localhost:44843|client:localhost:40991|dataStream:localhost:40677|priority:0|startupRole:FOLLOWER]|listeners:[]
2023-08-18 03:36:52,801 [grpc-default-executor-0] INFO  server.RaftServer$Division (RaftServerImpl.java:requestVote(1344)) - s2@group-E264CA5F8311: receive requestVote(PRE_VOTE, s0, group-E264CA5F8311, 1, (t:1, i:255))
2023-08-18 03:36:52,801 [grpc-default-executor-0] WARN  server.GrpcServerProtocolService (LogUtils.java:warn(122)) - s2: Failed requestVote s0->s2#0: org.apache.ratis.protocol.exceptions.ServerNotReadyException: s2@group-E264CA5F8311 is not in [RUNNING]: current state is STARTING
2023-08-18 03:36:52,801 [grpc-default-executor-3] INFO  server.RaftServer$Division (RaftServerImpl.java:requestVote(1344)) - s1@group-E264CA5F8311: receive requestVote(PRE_VOTE, s0, group-E264CA5F8311, 1, (t:1, i:255))
2023-08-18 03:36:52,801 [grpc-default-executor-3] WARN  server.GrpcServerProtocolService (LogUtils.java:warn(122)) - s1: Failed requestVote s0->s1#0: org.apache.ratis.protocol.exceptions.ServerNotReadyException: s1@group-E264CA5F8311 is not in [RUNNING]: current state is STARTING
2023-08-18 03:36:52,803 [s0@group-E264CA5F8311-LeaderElection183] INFO  impl.LeaderElection (LogUtils.java:infoOrTrace(137)) - s0@group-E264CA5F8311-LeaderElection183 got exception when requesting votes: java.util.concurrent.ExecutionException: org.apache.ratis.thirdparty.io.grpc.StatusRuntimeException: INTERNAL: s1@group-E264CA5F8311 is not in [RUNNING]: current state is STARTING
2023-08-18 03:36:52,803 [s0@group-E264CA5F8311-LeaderElection183] INFO  impl.LeaderElection (LogUtils.java:infoOrTrace(137)) - s0@group-E264CA5F8311-LeaderElection183 got exception when requesting votes: java.util.concurrent.ExecutionException: org.apache.ratis.thirdparty.io.grpc.StatusRuntimeException: INTERNAL: s2@group-E264CA5F8311 is not in [RUNNING]: current state is STARTING
2023-08-18 03:36:52,803 [s0@group-E264CA5F8311-LeaderElection183] INFO  impl.LeaderElection (LeaderElection.java:logAndReturn(89)) - s0@group-E264CA5F8311-LeaderElection183: PRE_VOTE REJECTED received 0 response(s) and 2 exception(s):
2023-08-18 03:36:52,803 [s0@group-E264CA5F8311-LeaderElection183] INFO  impl.LeaderElection (LogUtils.java:infoOrTrace(137)) -   Exception 0: java.util.concurrent.ExecutionException: org.apache.ratis.thirdparty.io.grpc.StatusRuntimeException: INTERNAL: s1@group-E264CA5F8311 is not in [RUNNING]: current state is STARTING
2023-08-18 03:36:52,803 [s0@group-E264CA5F8311-LeaderElection183] INFO  impl.LeaderElection (LogUtils.java:infoOrTrace(137)) -   Exception 1: java.util.concurrent.ExecutionException: org.apache.ratis.thirdparty.io.grpc.StatusRuntimeException: INTERNAL: s2@group-E264CA5F8311 is not in [RUNNING]: current state is STARTING
2023-08-18 03:36:52,803 [s0@group-E264CA5F8311-LeaderElection183] INFO  impl.LeaderElection (LeaderElection.java:askForVotes(322)) - s0@group-E264CA5F8311-LeaderElection183 PRE_VOTE round 0: result REJECTED
2023-08-18 03:36:52,803 [s0@group-E264CA5F8311-LeaderElection183] INFO  server.RaftServer$Division (RaftServerImpl.java:setRole(371)) - s0@group-E264CA5F8311: changes role from CANDIDATE to FOLLOWER at term 1 for REJECTED
2023-08-18 03:36:52,803 [s0@group-E264CA5F8311-LeaderElection183] INFO  impl.RoleInfo (RoleInfo.java:shutdownLeaderElection(129)) - s0: shutdown s0@group-E264CA5F8311-LeaderElection183
2023-08-18 03:36:52,803 [s0@group-E264CA5F8311-LeaderElection183] INFO  impl.RoleInfo (RoleInfo.java:updateAndGet(138)) - s0: start s0@group-E264CA5F8311-FollowerState
2023-08-18 03:36:52,816 [s2-server-thread1] INFO  server.RaftServer$Division (RaftServerImpl.java:setConfigurationAsync(1238)) - s2@group-E264CA5F8311: receive setConfiguration SetConfigurationRequest:client-255CF6B0DA3F->s2@group-E264CA5F8311, cid=386, seq=0, RW, null, SET_UNCONDITIONALLY, servers:[s1|rpc:0.0.0.0:34459|dataStream:|priority:0|startupRole:FOLLOWER, s2|rpc:0.0.0.0:43137|dataStream:|priority:0|startupRole:FOLLOWER, s0|rpc:localhost:39295|admin:localhost:44843|client:localhost:40991|dataStream:localhost:40677|priority:0|startupRole:FOLLOWER], listeners:[]
2023-08-18 03:36:52,920 [s0-server-thread1] INFO  server.RaftServer$Division (RaftServerImpl.java:setConfigurationAsync(1238)) - s0@group-E264CA5F8311: receive setConfiguration SetConfigurationRequest:client-255CF6B0DA3F->s0@group-E264CA5F8311, cid=386, seq=0, RW, null, SET_UNCONDITIONALLY, servers:[s1|rpc:0.0.0.0:34459|dataStream:|priority:0|startupRole:FOLLOWER, s2|rpc:0.0.0.0:43137|dataStream:|priority:0|startupRole:FOLLOWER, s0|rpc:localhost:39295|admin:localhost:44843|client:localhost:40991|dataStream:localhost:40677|priority:0|startupRole:FOLLOWER], listeners:[]
2023-08-18 03:36:52,956 [s0@group-E264CA5F8311-FollowerState] INFO  impl.FollowerState (FollowerState.java:run(143)) - s0@group-E264CA5F8311-FollowerState: change to CANDIDATE, lastRpcElapsedTime:152345362ns, electionTimeout:152ms
2023-08-18 03:36:52,956 [s0@group-E264CA5F8311-FollowerState] INFO  impl.RoleInfo (RoleInfo.java:shutdownFollowerState(109)) - s0: shutdown s0@group-E264CA5F8311-FollowerState
2023-08-18 03:36:52,956 [s0@group-E264CA5F8311-FollowerState] INFO  server.RaftServer$Division (RaftServerImpl.java:setRole(371)) - s0@group-E264CA5F8311: changes role from  FOLLOWER to CANDIDATE at term 1 for changeToCandidate
2023-08-18 03:36:52,956 [s0@group-E264CA5F8311-FollowerState] INFO  server.RaftServerConfigKeys (ConfUtils.java:logGet(46)) - raft.server.leaderelection.pre-vote = true (default)
2023-08-18 03:36:52,956 [s0@group-E264CA5F8311-FollowerState] INFO  impl.RoleInfo (RoleInfo.java:updateAndGet(138)) - s0: start s0@group-E264CA5F8311-LeaderElection184
2023-08-18 03:36:52,956 [s0@group-E264CA5F8311-LeaderElection184] INFO  impl.LeaderElection (LeaderElection.java:askForVotes(320)) - s0@group-E264CA5F8311-LeaderElection184 PRE_VOTE round 0: submit vote requests at term 1 for 255: peers:[s0|rpc:localhost:39295|admin:localhost:44843|client:localhost:40991|dataStream:localhost:40677|priority:0|startupRole:FOLLOWER, s1|rpc:0.0.0.0:34459|dataStream:|priority:0|startupRole:FOLLOWER, s2|rpc:0.0.0.0:43137|dataStream:|priority:0|startupRole:FOLLOWER]|listeners:[], old=peers:[s0|rpc:localhost:39295|admin:localhost:44843|client:localhost:40991|dataStream:localhost:40677|priority:0|startupRole:FOLLOWER]|listeners:[]
2023-08-18 03:36:52,957 [grpc-default-executor-3] INFO  server.RaftServer$Division (RaftServerImpl.java:requestVote(1344)) - s2@group-E264CA5F8311: receive requestVote(PRE_VOTE, s0, group-E264CA5F8311, 1, (t:1, i:255))
2023-08-18 03:36:52,957 [grpc-default-executor-3] WARN  server.GrpcServerProtocolService (LogUtils.java:warn(122)) - s2: Failed requestVote s0->s2#0: org.apache.ratis.protocol.exceptions.ServerNotReadyException: s2@group-E264CA5F8311 is not in [RUNNING]: current state is STARTING
2023-08-18 03:36:52,957 [grpc-default-executor-0] INFO  server.RaftServer$Division (RaftServerImpl.java:requestVote(1344)) - s1@group-E264CA5F8311: receive requestVote(PRE_VOTE, s0, group-E264CA5F8311, 1, (t:1, i:255))
2023-08-18 03:36:52,957 [grpc-default-executor-0] WARN  server.GrpcServerProtocolService (LogUtils.java:warn(122)) - s1: Failed requestVote s0->s1#0: org.apache.ratis.protocol.exceptions.ServerNotReadyException: s1@group-E264CA5F8311 is not in [RUNNING]: current state is STARTING
2023-08-18 03:36:52,957 [s0@group-E264CA5F8311-LeaderElection184] INFO  impl.LeaderElection (LogUtils.java:infoOrTrace(137)) - s0@group-E264CA5F8311-LeaderElection184 got exception when requesting votes: java.util.concurrent.ExecutionException: org.apache.ratis.thirdparty.io.grpc.StatusRuntimeException: INTERNAL: s2@group-E264CA5F8311 is not in [RUNNING]: current state is STARTING
2023-08-18 03:36:52,958 [s0@group-E264CA5F8311-LeaderElection184] INFO  impl.LeaderElection (LogUtils.java:infoOrTrace(137)) - s0@group-E264CA5F8311-LeaderElection184 got exception when requesting votes: java.util.concurrent.ExecutionException: org.apache.ratis.thirdparty.io.grpc.StatusRuntimeException: INTERNAL: s1@group-E264CA5F8311 is not in [RUNNING]: current state is STARTING
2023-08-18 03:36:52,958 [s0@group-E264CA5F8311-LeaderElection184] INFO  impl.LeaderElection (LeaderElection.java:logAndReturn(89)) - s0@group-E264CA5F8311-LeaderElection184: PRE_VOTE REJECTED received 0 response(s) and 2 exception(s):
2023-08-18 03:36:52,958 [s0@group-E264CA5F8311-LeaderElection184] INFO  impl.LeaderElection (LogUtils.java:infoOrTrace(137)) -   Exception 0: java.util.concurrent.ExecutionException: org.apache.ratis.thirdparty.io.grpc.StatusRuntimeException: INTERNAL: s2@group-E264CA5F8311 is not in [RUNNING]: current state is STARTING
2023-08-18 03:36:52,958 [s0@group-E264CA5F8311-LeaderElection184] INFO  impl.LeaderElection (LogUtils.java:infoOrTrace(137)) -   Exception 1: java.util.concurrent.ExecutionException: org.apache.ratis.thirdparty.io.grpc.StatusRuntimeException: INTERNAL: s1@group-E264CA5F8311 is not in [RUNNING]: current state is STARTING
2023-08-18 03:36:52,958 [s0@group-E264CA5F8311-LeaderElection184] INFO  impl.LeaderElection (LeaderElection.java:askForVotes(322)) - s0@group-E264CA5F8311-LeaderElection184 PRE_VOTE round 0: result REJECTED
2023-08-18 03:36:52,958 [s0@group-E264CA5F8311-LeaderElection184] INFO  server.RaftServer$Division (RaftServerImpl.java:setRole(371)) - s0@group-E264CA5F8311: changes role from CANDIDATE to FOLLOWER at term 1 for REJECTED
2023-08-18 03:36:52,958 [s0@group-E264CA5F8311-LeaderElection184] INFO  impl.RoleInfo (RoleInfo.java:shutdownLeaderElection(129)) - s0: shutdown s0@group-E264CA5F8311-LeaderElection184
2023-08-18 03:36:52,958 [s0@group-E264CA5F8311-LeaderElection184] INFO  impl.RoleInfo (RoleInfo.java:updateAndGet(138)) - s0: start s0@group-E264CA5F8311-FollowerState
2023-08-18 03:36:53,023 [s1-server-thread1] INFO  server.RaftServer$Division (RaftServerImpl.java:setConfigurationAsync(1238)) - s1@group-E264CA5F8311: receive setConfiguration SetConfigurationRequest:client-255CF6B0DA3F->s1@group-E264CA5F8311, cid=386, seq=0, RW, null, SET_UNCONDITIONALLY, servers:[s1|rpc:0.0.0.0:34459|dataStream:|priority:0|startupRole:FOLLOWER, s2|rpc:0.0.0.0:43137|dataStream:|priority:0|startupRole:FOLLOWER, s0|rpc:localhost:39295|admin:localhost:44843|client:localhost:40991|dataStream:localhost:40677|priority:0|startupRole:FOLLOWER], listeners:[]
2023-08-18 03:36:53,127 [s2-server-thread1] INFO  server.RaftServer$Division (RaftServerImpl.java:setConfigurationAsync(1238)) - s2@group-E264CA5F8311: receive setConfiguration SetConfigurationRequest:client-255CF6B0DA3F->s2@group-E264CA5F8311, cid=386, seq=0, RW, null, SET_UNCONDITIONALLY, servers:[s1|rpc:0.0.0.0:34459|dataStream:|priority:0|startupRole:FOLLOWER, s2|rpc:0.0.0.0:43137|dataStream:|priority:0|startupRole:FOLLOWER, s0|rpc:localhost:39295|admin:localhost:44843|client:localhost:40991|dataStream:localhost:40677|priority:0|startupRole:FOLLOWER], listeners:[]
2023-08-18 03:36:53,188 [s0@group-E264CA5F8311-FollowerState] INFO  impl.FollowerState (FollowerState.java:run(143)) - s0@group-E264CA5F8311-FollowerState: change to CANDIDATE, lastRpcElapsedTime:230255381ns, electionTimeout:230ms
2023-08-18 03:36:53,188 [s0@group-E264CA5F8311-FollowerState] INFO  impl.RoleInfo (RoleInfo.java:shutdownFollowerState(109)) - s0: shutdown s0@group-E264CA5F8311-FollowerState
2023-08-18 03:36:53,188 [s0@group-E264CA5F8311-FollowerState] INFO  server.RaftServer$Division (RaftServerImpl.java:setRole(371)) - s0@group-E264CA5F8311: changes role from  FOLLOWER to CANDIDATE at term 1 for changeToCandidate
2023-08-18 03:36:53,188 [s0@group-E264CA5F8311-FollowerState] INFO  server.RaftServerConfigKeys (ConfUtils.java:logGet(46)) - raft.server.leaderelection.pre-vote = true (default)
2023-08-18 03:36:53,188 [s0@group-E264CA5F8311-FollowerState] INFO  impl.RoleInfo (RoleInfo.java:updateAndGet(138)) - s0: start s0@group-E264CA5F8311-LeaderElection185
2023-08-18 03:36:53,189 [s0@group-E264CA5F8311-LeaderElection185] INFO  impl.LeaderElection (LeaderElection.java:askForVotes(320)) - s0@group-E264CA5F8311-LeaderElection185 PRE_VOTE round 0: submit vote requests at term 1 for 255: peers:[s0|rpc:localhost:39295|admin:localhost:44843|client:localhost:40991|dataStream:localhost:40677|priority:0|startupRole:FOLLOWER, s1|rpc:0.0.0.0:34459|dataStream:|priority:0|startupRole:FOLLOWER, s2|rpc:0.0.0.0:43137|dataStream:|priority:0|startupRole:FOLLOWER]|listeners:[], old=peers:[s0|rpc:localhost:39295|admin:localhost:44843|client:localhost:40991|dataStream:localhost:40677|priority:0|startupRole:FOLLOWER]|listeners:[]
2023-08-18 03:36:53,190 [grpc-default-executor-3] INFO  server.RaftServer$Division (RaftServerImpl.java:requestVote(1344)) - s1@group-E264CA5F8311: receive requestVote(PRE_VOTE, s0, group-E264CA5F8311, 1, (t:1, i:255))
2023-08-18 03:36:53,190 [grpc-default-executor-3] WARN  server.GrpcServerProtocolService (LogUtils.java:warn(122)) - s1: Failed requestVote s0->s1#0: org.apache.ratis.protocol.exceptions.ServerNotReadyException: s1@group-E264CA5F8311 is not in [RUNNING]: current state is STARTING
2023-08-18 03:36:53,191 [grpc-default-executor-3] INFO  server.RaftServer$Division (RaftServerImpl.java:requestVote(1344)) - s2@group-E264CA5F8311: receive requestVote(PRE_VOTE, s0, group-E264CA5F8311, 1, (t:1, i:255))
2023-08-18 03:36:53,191 [grpc-default-executor-3] WARN  server.GrpcServerProtocolService (LogUtils.java:warn(122)) - s2: Failed requestVote s0->s2#0: org.apache.ratis.protocol.exceptions.ServerNotReadyException: s2@group-E264CA5F8311 is not in [RUNNING]: current state is STARTING
2023-08-18 03:36:53,191 [s0@group-E264CA5F8311-LeaderElection185] INFO  impl.LeaderElection (LogUtils.java:infoOrTrace(137)) - s0@group-E264CA5F8311-LeaderElection185 got exception when requesting votes: java.util.concurrent.ExecutionException: org.apache.ratis.thirdparty.io.grpc.StatusRuntimeException: INTERNAL: s1@group-E264CA5F8311 is not in [RUNNING]: current state is STARTING
2023-08-18 03:36:53,191 [s0@group-E264CA5F8311-LeaderElection185] INFO  impl.LeaderElection (LogUtils.java:infoOrTrace(137)) - s0@group-E264CA5F8311-LeaderElection185 got exception when requesting votes: java.util.concurrent.ExecutionException: org.apache.ratis.thirdparty.io.grpc.StatusRuntimeException: INTERNAL: s2@group-E264CA5F8311 is not in [RUNNING]: current state is STARTING
2023-08-18 03:36:53,191 [s0@group-E264CA5F8311-LeaderElection185] INFO  impl.LeaderElection (LeaderElection.java:logAndReturn(89)) - s0@group-E264CA5F8311-LeaderElection185: PRE_VOTE REJECTED received 0 response(s) and 2 exception(s):
2023-08-18 03:36:53,191 [s0@group-E264CA5F8311-LeaderElection185] INFO  impl.LeaderElection (LogUtils.java:infoOrTrace(137)) -   Exception 0: java.util.concurrent.ExecutionException: org.apache.ratis.thirdparty.io.grpc.StatusRuntimeException: INTERNAL: s1@group-E264CA5F8311 is not in [RUNNING]: current state is STARTING
2023-08-18 03:36:53,191 [s0@group-E264CA5F8311-LeaderElection185] INFO  impl.LeaderElection (LogUtils.java:infoOrTrace(137)) -   Exception 1: java.util.concurrent.ExecutionException: org.apache.ratis.thirdparty.io.grpc.StatusRuntimeException: INTERNAL: s2@group-E264CA5F8311 is not in [RUNNING]: current state is STARTING
2023-08-18 03:36:53,191 [s0@group-E264CA5F8311-LeaderElection185] INFO  impl.LeaderElection (LeaderElection.java:askForVotes(322)) - s0@group-E264CA5F8311-LeaderElection185 PRE_VOTE round 0: result REJECTED
2023-08-18 03:36:53,191 [s0@group-E264CA5F8311-LeaderElection185] INFO  server.RaftServer$Division (RaftServerImpl.java:setRole(371)) - s0@group-E264CA5F8311: changes role from CANDIDATE to FOLLOWER at term 1 for REJECTED
2023-08-18 03:36:53,191 [s0@group-E264CA5F8311-LeaderElection185] INFO  impl.RoleInfo (RoleInfo.java:shutdownLeaderElection(129)) - s0: shutdown s0@group-E264CA5F8311-LeaderElection185
2023-08-18 03:36:53,191 [s0@group-E264CA5F8311-LeaderElection185] INFO  impl.RoleInfo (RoleInfo.java:updateAndGet(138)) - s0: start s0@group-E264CA5F8311-FollowerState
2023-08-18 03:36:53,231 [s0-server-thread1] INFO  server.RaftServer$Division (RaftServerImpl.java:setConfigurationAsync(1238)) - s0@group-E264CA5F8311: receive setConfiguration SetConfigurationRequest:client-255CF6B0DA3F->s0@group-E264CA5F8311, cid=386, seq=0, RW, null, SET_UNCONDITIONALLY, servers:[s1|rpc:0.0.0.0:34459|dataStream:|priority:0|startupRole:FOLLOWER, s2|rpc:0.0.0.0:43137|dataStream:|priority:0|startupRole:FOLLOWER, s0|rpc:localhost:39295|admin:localhost:44843|client:localhost:40991|dataStream:localhost:40677|priority:0|startupRole:FOLLOWER], listeners:[]
2023-08-18 03:36:53,334 [s1-server-thread1] INFO  server.RaftServer$Division (RaftServerImpl.java:setConfigurationAsync(1238)) - s1@group-E264CA5F8311: receive setConfiguration SetConfigurationRequest:client-255CF6B0DA3F->s1@group-E264CA5F8311, cid=386, seq=0, RW, null, SET_UNCONDITIONALLY, servers:[s1|rpc:0.0.0.0:34459|dataStream:|priority:0|startupRole:FOLLOWER, s2|rpc:0.0.0.0:43137|dataStream:|priority:0|startupRole:FOLLOWER, s0|rpc:localhost:39295|admin:localhost:44843|client:localhost:40991|dataStream:localhost:40677|priority:0|startupRole:FOLLOWER], listeners:[]
2023-08-18 03:36:53,360 [s0@group-E264CA5F8311-FollowerState] INFO  impl.FollowerState (FollowerState.java:run(143)) - s0@group-E264CA5F8311-FollowerState: change to CANDIDATE, lastRpcElapsedTime:168278343ns, electionTimeout:168ms
2023-08-18 03:36:53,360 [s0@group-E264CA5F8311-FollowerState] INFO  impl.RoleInfo (RoleInfo.java:shutdownFollowerState(109)) - s0: shutdown s0@group-E264CA5F8311-FollowerState
2023-08-18 03:36:53,360 [s0@group-E264CA5F8311-FollowerState] INFO  server.RaftServer$Division (RaftServerImpl.java:setRole(371)) - s0@group-E264CA5F8311: changes role from  FOLLOWER to CANDIDATE at term 1 for changeToCandidate
2023-08-18 03:36:53,360 [s0@group-E264CA5F8311-FollowerState] INFO  server.RaftServerConfigKeys (ConfUtils.java:logGet(46)) - raft.server.leaderelection.pre-vote = true (default)
2023-08-18 03:36:53,360 [s0@group-E264CA5F8311-FollowerState] INFO  impl.RoleInfo (RoleInfo.java:updateAndGet(138)) - s0: start s0@group-E264CA5F8311-LeaderElection186
2023-08-18 03:36:53,360 [s0@group-E264CA5F8311-LeaderElection186] INFO  impl.LeaderElection (LeaderElection.java:askForVotes(320)) - s0@group-E264CA5F8311-LeaderElection186 PRE_VOTE round 0: submit vote requests at term 1 for 255: peers:[s0|rpc:localhost:39295|admin:localhost:44843|client:localhost:40991|dataStream:localhost:40677|priority:0|startupRole:FOLLOWER, s1|rpc:0.0.0.0:34459|dataStream:|priority:0|startupRole:FOLLOWER, s2|rpc:0.0.0.0:43137|dataStream:|priority:0|startupRole:FOLLOWER]|listeners:[], old=peers:[s0|rpc:localhost:39295|admin:localhost:44843|client:localhost:40991|dataStream:localhost:40677|priority:0|startupRole:FOLLOWER]|listeners:[]
2023-08-18 03:36:53,361 [grpc-default-executor-0] INFO  server.RaftServer$Division (RaftServerImpl.java:requestVote(1344)) - s2@group-E264CA5F8311: receive requestVote(PRE_VOTE, s0, group-E264CA5F8311, 1, (t:1, i:255))
2023-08-18 03:36:53,361 [grpc-default-executor-0] WARN  server.GrpcServerProtocolService (LogUtils.java:warn(122)) - s2: Failed requestVote s0->s2#0: org.apache.ratis.protocol.exceptions.ServerNotReadyException: s2@group-E264CA5F8311 is not in [RUNNING]: current state is STARTING
2023-08-18 03:36:53,361 [grpc-default-executor-3] INFO  server.RaftServer$Division (RaftServerImpl.java:requestVote(1344)) - s1@group-E264CA5F8311: receive requestVote(PRE_VOTE, s0, group-E264CA5F8311, 1, (t:1, i:255))
2023-08-18 03:36:53,361 [grpc-default-executor-3] WARN  server.GrpcServerProtocolService (LogUtils.java:warn(122)) - s1: Failed requestVote s0->s1#0: org.apache.ratis.protocol.exceptions.ServerNotReadyException: s1@group-E264CA5F8311 is not in [RUNNING]: current state is STARTING
2023-08-18 03:36:53,361 [s0@group-E264CA5F8311-LeaderElection186] INFO  impl.LeaderElection (LogUtils.java:infoOrTrace(137)) - s0@group-E264CA5F8311-LeaderElection186 got exception when requesting votes: java.util.concurrent.ExecutionException: org.apache.ratis.thirdparty.io.grpc.StatusRuntimeException: INTERNAL: s2@group-E264CA5F8311 is not in [RUNNING]: current state is STARTING
2023-08-18 03:36:53,362 [s0@group-E264CA5F8311-LeaderElection186] INFO  impl.LeaderElection (LogUtils.java:infoOrTrace(137)) - s0@group-E264CA5F8311-LeaderElection186 got exception when requesting votes: java.util.concurrent.ExecutionException: org.apache.ratis.thirdparty.io.grpc.StatusRuntimeException: INTERNAL: s1@group-E264CA5F8311 is not in [RUNNING]: current state is STARTING
2023-08-18 03:36:53,362 [s0@group-E264CA5F8311-LeaderElection186] INFO  impl.LeaderElection (LeaderElection.java:logAndReturn(89)) - s0@group-E264CA5F8311-LeaderElection186: PRE_VOTE REJECTED received 0 response(s) and 2 exception(s):
2023-08-18 03:36:53,362 [s0@group-E264CA5F8311-LeaderElection186] INFO  impl.LeaderElection (LogUtils.java:infoOrTrace(137)) -   Exception 0: java.util.concurrent.ExecutionException: org.apache.ratis.thirdparty.io.grpc.StatusRuntimeException: INTERNAL: s2@group-E264CA5F8311 is not in [RUNNING]: current state is STARTING
2023-08-18 03:36:53,362 [s0@group-E264CA5F8311-LeaderElection186] INFO  impl.LeaderElection (LogUtils.java:infoOrTrace(137)) -   Exception 1: java.util.concurrent.ExecutionException: org.apache.ratis.thirdparty.io.grpc.StatusRuntimeException: INTERNAL: s1@group-E264CA5F8311 is not in [RUNNING]: current state is STARTING
2023-08-18 03:36:53,362 [s0@group-E264CA5F8311-LeaderElection186] INFO  impl.LeaderElection (LeaderElection.java:askForVotes(322)) - s0@group-E264CA5F8311-LeaderElection186 PRE_VOTE round 0: result REJECTED
2023-08-18 03:36:53,362 [s0@group-E264CA5F8311-LeaderElection186] INFO  server.RaftServer$Division (RaftServerImpl.java:setRole(371)) - s0@group-E264CA5F8311: changes role from CANDIDATE to FOLLOWER at term 1 for REJECTED
2023-08-18 03:36:53,362 [s0@group-E264CA5F8311-LeaderElection186] INFO  impl.RoleInfo (RoleInfo.java:shutdownLeaderElection(129)) - s0: shutdown s0@group-E264CA5F8311-LeaderElection186
2023-08-18 03:36:53,362 [s0@group-E264CA5F8311-LeaderElection186] INFO  impl.RoleInfo (RoleInfo.java:updateAndGet(138)) - s0: start s0@group-E264CA5F8311-FollowerState
2023-08-18 03:36:53,438 [s2-server-thread1] INFO  server.RaftServer$Division (RaftServerImpl.java:setConfigurationAsync(1238)) - s2@group-E264CA5F8311: receive setConfiguration SetConfigurationRequest:client-255CF6B0DA3F->s2@group-E264CA5F8311, cid=386, seq=0, RW, null, SET_UNCONDITIONALLY, servers:[s1|rpc:0.0.0.0:34459|dataStream:|priority:0|startupRole:FOLLOWER, s2|rpc:0.0.0.0:43137|dataStream:|priority:0|startupRole:FOLLOWER, s0|rpc:localhost:39295|admin:localhost:44843|client:localhost:40991|dataStream:localhost:40677|priority:0|startupRole:FOLLOWER], listeners:[]
2023-08-18 03:36:53,542 [s1-server-thread1] INFO  server.RaftServer$Division (RaftServerImpl.java:setConfigurationAsync(1238)) - s1@group-E264CA5F8311: receive setConfiguration SetConfigurationRequest:client-255CF6B0DA3F->s1@group-E264CA5F8311, cid=386, seq=0, RW, null, SET_UNCONDITIONALLY, servers:[s1|rpc:0.0.0.0:34459|dataStream:|priority:0|startupRole:FOLLOWER, s2|rpc:0.0.0.0:43137|dataStream:|priority:0|startupRole:FOLLOWER, s0|rpc:localhost:39295|admin:localhost:44843|client:localhost:40991|dataStream:localhost:40677|priority:0|startupRole:FOLLOWER], listeners:[]
2023-08-18 03:36:53,584 [s0@group-E264CA5F8311-FollowerState] INFO  impl.FollowerState (FollowerState.java:run(143)) - s0@group-E264CA5F8311-FollowerState: change to CANDIDATE, lastRpcElapsedTime:222289040ns, electionTimeout:222ms
2023-08-18 03:36:53,584 [s0@group-E264CA5F8311-FollowerState] INFO  impl.RoleInfo (RoleInfo.java:shutdownFollowerState(109)) - s0: shutdown s0@group-E264CA5F8311-FollowerState
2023-08-18 03:36:53,584 [s0@group-E264CA5F8311-FollowerState] INFO  server.RaftServer$Division (RaftServerImpl.java:setRole(371)) - s0@group-E264CA5F8311: changes role from  FOLLOWER to CANDIDATE at term 1 for changeToCandidate
2023-08-18 03:36:53,584 [s0@group-E264CA5F8311-FollowerState] INFO  server.RaftServerConfigKeys (ConfUtils.java:logGet(46)) - raft.server.leaderelection.pre-vote = true (default)
2023-08-18 03:36:53,584 [s0@group-E264CA5F8311-FollowerState] INFO  impl.RoleInfo (RoleInfo.java:updateAndGet(138)) - s0: start s0@group-E264CA5F8311-LeaderElection187
2023-08-18 03:36:53,585 [s0@group-E264CA5F8311-LeaderElection187] INFO  impl.LeaderElection (LeaderElection.java:askForVotes(320)) - s0@group-E264CA5F8311-LeaderElection187 PRE_VOTE round 0: submit vote requests at term 1 for 255: peers:[s0|rpc:localhost:39295|admin:localhost:44843|client:localhost:40991|dataStream:localhost:40677|priority:0|startupRole:FOLLOWER, s1|rpc:0.0.0.0:34459|dataStream:|priority:0|startupRole:FOLLOWER, s2|rpc:0.0.0.0:43137|dataStream:|priority:0|startupRole:FOLLOWER]|listeners:[], old=peers:[s0|rpc:localhost:39295|admin:localhost:44843|client:localhost:40991|dataStream:localhost:40677|priority:0|startupRole:FOLLOWER]|listeners:[]
2023-08-18 03:36:53,585 [grpc-default-executor-0] INFO  server.RaftServer$Division (RaftServerImpl.java:requestVote(1344)) - s1@group-E264CA5F8311: receive requestVote(PRE_VOTE, s0, group-E264CA5F8311, 1, (t:1, i:255))
2023-08-18 03:36:53,585 [grpc-default-executor-0] WARN  server.GrpcServerProtocolService (LogUtils.java:warn(122)) - s1: Failed requestVote s0->s1#0: org.apache.ratis.protocol.exceptions.ServerNotReadyException: s1@group-E264CA5F8311 is not in [RUNNING]: current state is STARTING
2023-08-18 03:36:53,586 [s0@group-E264CA5F8311-LeaderElection187] INFO  impl.LeaderElection (LogUtils.java:infoOrTrace(137)) - s0@group-E264CA5F8311-LeaderElection187 got exception when requesting votes: java.util.concurrent.ExecutionException: org.apache.ratis.thirdparty.io.grpc.StatusRuntimeException: INTERNAL: s1@group-E264CA5F8311 is not in [RUNNING]: current state is STARTING
2023-08-18 03:36:53,586 [grpc-default-executor-0] INFO  server.RaftServer$Division (RaftServerImpl.java:requestVote(1344)) - s2@group-E264CA5F8311: receive requestVote(PRE_VOTE, s0, group-E264CA5F8311, 1, (t:1, i:255))
2023-08-18 03:36:53,587 [grpc-default-executor-0] WARN  server.GrpcServerProtocolService (LogUtils.java:warn(122)) - s2: Failed requestVote s0->s2#0: org.apache.ratis.protocol.exceptions.ServerNotReadyException: s2@group-E264CA5F8311 is not in [RUNNING]: current state is STARTING
2023-08-18 03:36:53,587 [s0@group-E264CA5F8311-LeaderElection187] INFO  impl.LeaderElection (LogUtils.java:infoOrTrace(137)) - s0@group-E264CA5F8311-LeaderElection187 got exception when requesting votes: java.util.concurrent.ExecutionException: org.apache.ratis.thirdparty.io.grpc.StatusRuntimeException: INTERNAL: s2@group-E264CA5F8311 is not in [RUNNING]: current state is STARTING
2023-08-18 03:36:53,587 [s0@group-E264CA5F8311-LeaderElection187] INFO  impl.LeaderElection (LeaderElection.java:logAndReturn(89)) - s0@group-E264CA5F8311-LeaderElection187: PRE_VOTE REJECTED received 0 response(s) and 2 exception(s):
2023-08-18 03:36:53,587 [s0@group-E264CA5F8311-LeaderElection187] INFO  impl.LeaderElection (LogUtils.java:infoOrTrace(137)) -   Exception 0: java.util.concurrent.ExecutionException: org.apache.ratis.thirdparty.io.grpc.StatusRuntimeException: INTERNAL: s1@group-E264CA5F8311 is not in [RUNNING]: current state is STARTING
2023-08-18 03:36:53,588 [s0@group-E264CA5F8311-LeaderElection187] INFO  impl.LeaderElection (LogUtils.java:infoOrTrace(137)) -   Exception 1: java.util.concurrent.ExecutionException: org.apache.ratis.thirdparty.io.grpc.StatusRuntimeException: INTERNAL: s2@group-E264CA5F8311 is not in [RUNNING]: current state is STARTING
2023-08-18 03:36:53,588 [s0@group-E264CA5F8311-LeaderElection187] INFO  impl.LeaderElection (LeaderElection.java:askForVotes(322)) - s0@group-E264CA5F8311-LeaderElection187 PRE_VOTE round 0: result REJECTED
2023-08-18 03:36:53,588 [s0@group-E264CA5F8311-LeaderElection187] INFO  server.RaftServer$Division (RaftServerImpl.java:setRole(371)) - s0@group-E264CA5F8311: changes role from CANDIDATE to FOLLOWER at term 1 for REJECTED
2023-08-18 03:36:53,588 [s0@group-E264CA5F8311-LeaderElection187] INFO  impl.RoleInfo (RoleInfo.java:shutdownLeaderElection(129)) - s0: shutdown s0@group-E264CA5F8311-LeaderElection187
2023-08-18 03:36:53,588 [s0@group-E264CA5F8311-LeaderElection187] INFO  impl.RoleInfo (RoleInfo.java:updateAndGet(138)) - s0: start s0@group-E264CA5F8311-FollowerState
2023-08-18 03:36:53,646 [s0-server-thread1] INFO  server.RaftServer$Division (RaftServerImpl.java:setConfigurationAsync(1238)) - s0@group-E264CA5F8311: receive setConfiguration SetConfigurationRequest:client-255CF6B0DA3F->s0@group-E264CA5F8311, cid=386, seq=0, RW, null, SET_UNCONDITIONALLY, servers:[s1|rpc:0.0.0.0:34459|dataStream:|priority:0|startupRole:FOLLOWER, s2|rpc:0.0.0.0:43137|dataStream:|priority:0|startupRole:FOLLOWER, s0|rpc:localhost:39295|admin:localhost:44843|client:localhost:40991|dataStream:localhost:40677|priority:0|startupRole:FOLLOWER], listeners:[]
2023-08-18 03:36:53,750 [s2-server-thread1] INFO  server.RaftServer$Division (RaftServerImpl.java:setConfigurationAsync(1238)) - s2@group-E264CA5F8311: receive setConfiguration SetConfigurationRequest:client-255CF6B0DA3F->s2@group-E264CA5F8311, cid=386, seq=0, RW, null, SET_UNCONDITIONALLY, servers:[s1|rpc:0.0.0.0:34459|dataStream:|priority:0|startupRole:FOLLOWER, s2|rpc:0.0.0.0:43137|dataStream:|priority:0|startupRole:FOLLOWER, s0|rpc:localhost:39295|admin:localhost:44843|client:localhost:40991|dataStream:localhost:40677|priority:0|startupRole:FOLLOWER], listeners:[]
2023-08-18 03:36:53,854 [s1-server-thread1] INFO  server.RaftServer$Division (RaftServerImpl.java:setConfigurationAsync(1238)) - s1@group-E264CA5F8311: receive setConfiguration SetConfigurationRequest:client-255CF6B0DA3F->s1@group-E264CA5F8311, cid=386, seq=0, RW, null, SET_UNCONDITIONALLY, servers:[s1|rpc:0.0.0.0:34459|dataStream:|priority:0|startupRole:FOLLOWER, s2|rpc:0.0.0.0:43137|dataStream:|priority:0|startupRole:FOLLOWER, s0|rpc:localhost:39295|admin:localhost:44843|client:localhost:40991|dataStream:localhost:40677|priority:0|startupRole:FOLLOWER], listeners:[]
2023-08-18 03:36:53,863 [s0@group-E264CA5F8311-FollowerState] INFO  impl.FollowerState (FollowerState.java:run(143)) - s0@group-E264CA5F8311-FollowerState: change to CANDIDATE, lastRpcElapsedTime:274407451ns, electionTimeout:274ms
2023-08-18 03:36:53,863 [s0@group-E264CA5F8311-FollowerState] INFO  impl.RoleInfo (RoleInfo.java:shutdownFollowerState(109)) - s0: shutdown s0@group-E264CA5F8311-FollowerState
2023-08-18 03:36:53,863 [s0@group-E264CA5F8311-FollowerState] INFO  server.RaftServer$Division (RaftServerImpl.java:setRole(371)) - s0@group-E264CA5F8311: changes role from  FOLLOWER to CANDIDATE at term 1 for changeToCandidate
2023-08-18 03:36:53,863 [s0@group-E264CA5F8311-FollowerState] INFO  server.RaftServerConfigKeys (ConfUtils.java:logGet(46)) - raft.server.leaderelection.pre-vote = true (default)
2023-08-18 03:36:53,863 [s0@group-E264CA5F8311-FollowerState] INFO  impl.RoleInfo (RoleInfo.java:updateAndGet(138)) - s0: start s0@group-E264CA5F8311-LeaderElection188
2023-08-18 03:36:53,863 [s0@group-E264CA5F8311-LeaderElection188] INFO  impl.LeaderElection (LeaderElection.java:askForVotes(320)) - s0@group-E264CA5F8311-LeaderElection188 PRE_VOTE round 0: submit vote requests at term 1 for 255: peers:[s0|rpc:localhost:39295|admin:localhost:44843|client:localhost:40991|dataStream:localhost:40677|priority:0|startupRole:FOLLOWER, s1|rpc:0.0.0.0:34459|dataStream:|priority:0|startupRole:FOLLOWER, s2|rpc:0.0.0.0:43137|dataStream:|priority:0|startupRole:FOLLOWER]|listeners:[], old=peers:[s0|rpc:localhost:39295|admin:localhost:44843|client:localhost:40991|dataStream:localhost:40677|priority:0|startupRole:FOLLOWER]|listeners:[]
2023-08-18 03:36:53,867 [grpc-default-executor-0] INFO  server.RaftServer$Division (RaftServerImpl.java:requestVote(1344)) - s1@group-E264CA5F8311: receive requestVote(PRE_VOTE, s0, group-E264CA5F8311, 1, (t:1, i:255))
2023-08-18 03:36:53,867 [grpc-default-executor-0] WARN  server.GrpcServerProtocolService (LogUtils.java:warn(122)) - s1: Failed requestVote s0->s1#0: org.apache.ratis.protocol.exceptions.ServerNotReadyException: s1@group-E264CA5F8311 is not in [RUNNING]: current state is STARTING
2023-08-18 03:36:53,867 [grpc-default-executor-3] INFO  server.RaftServer$Division (RaftServerImpl.java:requestVote(1344)) - s2@group-E264CA5F8311: receive requestVote(PRE_VOTE, s0, group-E264CA5F8311, 1, (t:1, i:255))
2023-08-18 03:36:53,867 [grpc-default-executor-3] WARN  server.GrpcServerProtocolService (LogUtils.java:warn(122)) - s2: Failed requestVote s0->s2#0: org.apache.ratis.protocol.exceptions.ServerNotReadyException: s2@group-E264CA5F8311 is not in [RUNNING]: current state is STARTING
2023-08-18 03:36:53,868 [s0@group-E264CA5F8311-LeaderElection188] INFO  impl.LeaderElection (LogUtils.java:infoOrTrace(137)) - s0@group-E264CA5F8311-LeaderElection188 got exception when requesting votes: java.util.concurrent.ExecutionException: org.apache.ratis.thirdparty.io.grpc.StatusRuntimeException: INTERNAL: s1@group-E264CA5F8311 is not in [RUNNING]: current state is STARTING
2023-08-18 03:36:53,868 [s0@group-E264CA5F8311-LeaderElection188] INFO  impl.LeaderElection (LogUtils.java:infoOrTrace(137)) - s0@group-E264CA5F8311-LeaderElection188 got exception when requesting votes: java.util.concurrent.ExecutionException: org.apache.ratis.thirdparty.io.grpc.StatusRuntimeException: INTERNAL: s2@group-E264CA5F8311 is not in [RUNNING]: current state is STARTING
2023-08-18 03:36:53,868 [s0@group-E264CA5F8311-LeaderElection188] INFO  impl.LeaderElection (LeaderElection.java:logAndReturn(89)) - s0@group-E264CA5F8311-LeaderElection188: PRE_VOTE REJECTED received 0 response(s) and 2 exception(s):
2023-08-18 03:36:53,868 [s0@group-E264CA5F8311-LeaderElection188] INFO  impl.LeaderElection (LogUtils.java:infoOrTrace(137)) -   Exception 0: java.util.concurrent.ExecutionException: org.apache.ratis.thirdparty.io.grpc.StatusRuntimeException: INTERNAL: s1@group-E264CA5F8311 is not in [RUNNING]: current state is STARTING
2023-08-18 03:36:53,868 [s0@group-E264CA5F8311-LeaderElection188] INFO  impl.LeaderElection (LogUtils.java:infoOrTrace(137)) -   Exception 1: java.util.concurrent.ExecutionException: org.apache.ratis.thirdparty.io.grpc.StatusRuntimeException: INTERNAL: s2@group-E264CA5F8311 is not in [RUNNING]: current state is STARTING
2023-08-18 03:36:53,868 [s0@group-E264CA5F8311-LeaderElection188] INFO  impl.LeaderElection (LeaderElection.java:askForVotes(322)) - s0@group-E264CA5F8311-LeaderElection188 PRE_VOTE round 0: result REJECTED
2023-08-18 03:36:53,868 [s0@group-E264CA5F8311-LeaderElection188] INFO  server.RaftServer$Division (RaftServerImpl.java:setRole(371)) - s0@group-E264CA5F8311: changes role from CANDIDATE to FOLLOWER at term 1 for REJECTED
2023-08-18 03:36:53,868 [s0@group-E264CA5F8311-LeaderElection188] INFO  impl.RoleInfo (RoleInfo.java:shutdownLeaderElection(129)) - s0: shutdown s0@group-E264CA5F8311-LeaderElection188
2023-08-18 03:36:53,868 [s0@group-E264CA5F8311-LeaderElection188] INFO  impl.RoleInfo (RoleInfo.java:updateAndGet(138)) - s0: start s0@group-E264CA5F8311-FollowerState
2023-08-18 03:36:53,959 [s2-server-thread1] INFO  server.RaftServer$Division (RaftServerImpl.java:setConfigurationAsync(1238)) - s2@group-E264CA5F8311: receive setConfiguration SetConfigurationRequest:client-255CF6B0DA3F->s2@group-E264CA5F8311, cid=386, seq=0, RW, null, SET_UNCONDITIONALLY, servers:[s1|rpc:0.0.0.0:34459|dataStream:|priority:0|startupRole:FOLLOWER, s2|rpc:0.0.0.0:43137|dataStream:|priority:0|startupRole:FOLLOWER, s0|rpc:localhost:39295|admin:localhost:44843|client:localhost:40991|dataStream:localhost:40677|priority:0|startupRole:FOLLOWER], listeners:[]
2023-08-18 03:36:54,063 [s0-server-thread1] INFO  server.RaftServer$Division (RaftServerImpl.java:setConfigurationAsync(1238)) - s0@group-E264CA5F8311: receive setConfiguration SetConfigurationRequest:client-255CF6B0DA3F->s0@group-E264CA5F8311, cid=386, seq=0, RW, null, SET_UNCONDITIONALLY, servers:[s1|rpc:0.0.0.0:34459|dataStream:|priority:0|startupRole:FOLLOWER, s2|rpc:0.0.0.0:43137|dataStream:|priority:0|startupRole:FOLLOWER, s0|rpc:localhost:39295|admin:localhost:44843|client:localhost:40991|dataStream:localhost:40677|priority:0|startupRole:FOLLOWER], listeners:[]
2023-08-18 03:36:54,144 [s0@group-E264CA5F8311-FollowerState] INFO  impl.FollowerState (FollowerState.java:run(143)) - s0@group-E264CA5F8311-FollowerState: change to CANDIDATE, lastRpcElapsedTime:275265545ns, electionTimeout:275ms
2023-08-18 03:36:54,144 [s0@group-E264CA5F8311-FollowerState] INFO  impl.RoleInfo (RoleInfo.java:shutdownFollowerState(109)) - s0: shutdown s0@group-E264CA5F8311-FollowerState
2023-08-18 03:36:54,144 [s0@group-E264CA5F8311-FollowerState] INFO  server.RaftServer$Division (RaftServerImpl.java:setRole(371)) - s0@group-E264CA5F8311: changes role from  FOLLOWER to CANDIDATE at term 1 for changeToCandidate
2023-08-18 03:36:54,144 [s0@group-E264CA5F8311-FollowerState] INFO  server.RaftServerConfigKeys (ConfUtils.java:logGet(46)) - raft.server.leaderelection.pre-vote = true (default)
2023-08-18 03:36:54,144 [s0@group-E264CA5F8311-FollowerState] INFO  impl.RoleInfo (RoleInfo.java:updateAndGet(138)) - s0: start s0@group-E264CA5F8311-LeaderElection189
2023-08-18 03:36:54,145 [s0@group-E264CA5F8311-LeaderElection189] INFO  impl.LeaderElection (LeaderElection.java:askForVotes(320)) - s0@group-E264CA5F8311-LeaderElection189 PRE_VOTE round 0: submit vote requests at term 1 for 255: peers:[s0|rpc:localhost:39295|admin:localhost:44843|client:localhost:40991|dataStream:localhost:40677|priority:0|startupRole:FOLLOWER, s1|rpc:0.0.0.0:34459|dataStream:|priority:0|startupRole:FOLLOWER, s2|rpc:0.0.0.0:43137|dataStream:|priority:0|startupRole:FOLLOWER]|listeners:[], old=peers:[s0|rpc:localhost:39295|admin:localhost:44843|client:localhost:40991|dataStream:localhost:40677|priority:0|startupRole:FOLLOWER]|listeners:[]
2023-08-18 03:36:54,146 [grpc-default-executor-3] INFO  server.RaftServer$Division (RaftServerImpl.java:requestVote(1344)) - s2@group-E264CA5F8311: receive requestVote(PRE_VOTE, s0, group-E264CA5F8311, 1, (t:1, i:255))
2023-08-18 03:36:54,146 [grpc-default-executor-0] INFO  server.RaftServer$Division (RaftServerImpl.java:requestVote(1344)) - s1@group-E264CA5F8311: receive requestVote(PRE_VOTE, s0, group-E264CA5F8311, 1, (t:1, i:255))
2023-08-18 03:36:54,146 [grpc-default-executor-3] WARN  server.GrpcServerProtocolService (LogUtils.java:warn(122)) - s2: Failed requestVote s0->s2#0: org.apache.ratis.protocol.exceptions.ServerNotReadyException: s2@group-E264CA5F8311 is not in [RUNNING]: current state is STARTING
2023-08-18 03:36:54,146 [grpc-default-executor-0] WARN  server.GrpcServerProtocolService (LogUtils.java:warn(122)) - s1: Failed requestVote s0->s1#0: org.apache.ratis.protocol.exceptions.ServerNotReadyException: s1@group-E264CA5F8311 is not in [RUNNING]: current state is STARTING
2023-08-18 03:36:54,146 [s0@group-E264CA5F8311-LeaderElection189] INFO  impl.LeaderElection (LogUtils.java:infoOrTrace(137)) - s0@group-E264CA5F8311-LeaderElection189 got exception when requesting votes: java.util.concurrent.ExecutionException: org.apache.ratis.thirdparty.io.grpc.StatusRuntimeException: INTERNAL: s2@group-E264CA5F8311 is not in [RUNNING]: current state is STARTING
2023-08-18 03:36:54,147 [s0@group-E264CA5F8311-LeaderElection189] INFO  impl.LeaderElection (LogUtils.java:infoOrTrace(137)) - s0@group-E264CA5F8311-LeaderElection189 got exception when requesting votes: java.util.concurrent.ExecutionException: org.apache.ratis.thirdparty.io.grpc.StatusRuntimeException: INTERNAL: s1@group-E264CA5F8311 is not in [RUNNING]: current state is STARTING
2023-08-18 03:36:54,147 [s0@group-E264CA5F8311-LeaderElection189] INFO  impl.LeaderElection (LeaderElection.java:logAndReturn(89)) - s0@group-E264CA5F8311-LeaderElection189: PRE_VOTE REJECTED received 0 response(s) and 2 exception(s):
2023-08-18 03:36:54,147 [s0@group-E264CA5F8311-LeaderElection189] INFO  impl.LeaderElection (LogUtils.java:infoOrTrace(137)) -   Exception 0: java.util.concurrent.ExecutionException: org.apache.ratis.thirdparty.io.grpc.StatusRuntimeException: INTERNAL: s2@group-E264CA5F8311 is not in [RUNNING]: current state is STARTING
2023-08-18 03:36:54,147 [s0@group-E264CA5F8311-LeaderElection189] INFO  impl.LeaderElection (LogUtils.java:infoOrTrace(137)) -   Exception 1: java.util.concurrent.ExecutionException: org.apache.ratis.thirdparty.io.grpc.StatusRuntimeException: INTERNAL: s1@group-E264CA5F8311 is not in [RUNNING]: current state is STARTING
2023-08-18 03:36:54,147 [s0@group-E264CA5F8311-LeaderElection189] INFO  impl.LeaderElection (LeaderElection.java:askForVotes(322)) - s0@group-E264CA5F8311-LeaderElection189 PRE_VOTE round 0: result REJECTED
2023-08-18 03:36:54,147 [s0@group-E264CA5F8311-LeaderElection189] INFO  server.RaftServer$Division (RaftServerImpl.java:setRole(371)) - s0@group-E264CA5F8311: changes role from CANDIDATE to FOLLOWER at term 1 for REJECTED
2023-08-18 03:36:54,147 [s0@group-E264CA5F8311-LeaderElection189] INFO  impl.RoleInfo (RoleInfo.java:shutdownLeaderElection(129)) - s0: shutdown s0@group-E264CA5F8311-LeaderElection189
2023-08-18 03:36:54,147 [s0@group-E264CA5F8311-LeaderElection189] INFO  impl.RoleInfo (RoleInfo.java:updateAndGet(138)) - s0: start s0@group-E264CA5F8311-FollowerState
2023-08-18 03:36:54,167 [s2-server-thread1] INFO  server.RaftServer$Division (RaftServerImpl.java:setConfigurationAsync(1238)) - s2@group-E264CA5F8311: receive setConfiguration SetConfigurationRequest:client-255CF6B0DA3F->s2@group-E264CA5F8311, cid=386, seq=0, RW, null, SET_UNCONDITIONALLY, servers:[s1|rpc:0.0.0.0:34459|dataStream:|priority:0|startupRole:FOLLOWER, s2|rpc:0.0.0.0:43137|dataStream:|priority:0|startupRole:FOLLOWER, s0|rpc:localhost:39295|admin:localhost:44843|client:localhost:40991|dataStream:localhost:40677|priority:0|startupRole:FOLLOWER], listeners:[]
2023-08-18 03:36:54,270 [s1-server-thread1] INFO  server.RaftServer$Division (RaftServerImpl.java:setConfigurationAsync(1238)) - s1@group-E264CA5F8311: receive setConfiguration SetConfigurationRequest:client-255CF6B0DA3F->s1@group-E264CA5F8311, cid=386, seq=0, RW, null, SET_UNCONDITIONALLY, servers:[s1|rpc:0.0.0.0:34459|dataStream:|priority:0|startupRole:FOLLOWER, s2|rpc:0.0.0.0:43137|dataStream:|priority:0|startupRole:FOLLOWER, s0|rpc:localhost:39295|admin:localhost:44843|client:localhost:40991|dataStream:localhost:40677|priority:0|startupRole:FOLLOWER], listeners:[]
2023-08-18 03:36:54,374 [s0-server-thread1] INFO  server.RaftServer$Division (RaftServerImpl.java:setConfigurationAsync(1238)) - s0@group-E264CA5F8311: receive setConfiguration SetConfigurationRequest:client-255CF6B0DA3F->s0@group-E264CA5F8311, cid=386, seq=0, RW, null, SET_UNCONDITIONALLY, servers:[s1|rpc:0.0.0.0:34459|dataStream:|priority:0|startupRole:FOLLOWER, s2|rpc:0.0.0.0:43137|dataStream:|priority:0|startupRole:FOLLOWER, s0|rpc:localhost:39295|admin:localhost:44843|client:localhost:40991|dataStream:localhost:40677|priority:0|startupRole:FOLLOWER], listeners:[]
2023-08-18 03:36:54,429 [s0@group-E264CA5F8311-FollowerState] INFO  impl.FollowerState (FollowerState.java:run(143)) - s0@group-E264CA5F8311-FollowerState: change to CANDIDATE, lastRpcElapsedTime:281458898ns, electionTimeout:281ms
2023-08-18 03:36:54,429 [s0@group-E264CA5F8311-FollowerState] INFO  impl.RoleInfo (RoleInfo.java:shutdownFollowerState(109)) - s0: shutdown s0@group-E264CA5F8311-FollowerState
2023-08-18 03:36:54,429 [s0@group-E264CA5F8311-FollowerState] INFO  server.RaftServer$Division (RaftServerImpl.java:setRole(371)) - s0@group-E264CA5F8311: changes role from  FOLLOWER to CANDIDATE at term 1 for changeToCandidate
2023-08-18 03:36:54,429 [s0@group-E264CA5F8311-FollowerState] INFO  server.RaftServerConfigKeys (ConfUtils.java:logGet(46)) - raft.server.leaderelection.pre-vote = true (default)
2023-08-18 03:36:54,429 [s0@group-E264CA5F8311-FollowerState] INFO  impl.RoleInfo (RoleInfo.java:updateAndGet(138)) - s0: start s0@group-E264CA5F8311-LeaderElection190
2023-08-18 03:36:54,429 [s0@group-E264CA5F8311-LeaderElection190] INFO  impl.LeaderElection (LeaderElection.java:askForVotes(320)) - s0@group-E264CA5F8311-LeaderElection190 PRE_VOTE round 0: submit vote requests at term 1 for 255: peers:[s0|rpc:localhost:39295|admin:localhost:44843|client:localhost:40991|dataStream:localhost:40677|priority:0|startupRole:FOLLOWER, s1|rpc:0.0.0.0:34459|dataStream:|priority:0|startupRole:FOLLOWER, s2|rpc:0.0.0.0:43137|dataStream:|priority:0|startupRole:FOLLOWER]|listeners:[], old=peers:[s0|rpc:localhost:39295|admin:localhost:44843|client:localhost:40991|dataStream:localhost:40677|priority:0|startupRole:FOLLOWER]|listeners:[]
2023-08-18 03:36:54,430 [grpc-default-executor-3] INFO  server.RaftServer$Division (RaftServerImpl.java:requestVote(1344)) - s2@group-E264CA5F8311: receive requestVote(PRE_VOTE, s0, group-E264CA5F8311, 1, (t:1, i:255))
2023-08-18 03:36:54,430 [grpc-default-executor-0] INFO  server.RaftServer$Division (RaftServerImpl.java:requestVote(1344)) - s1@group-E264CA5F8311: receive requestVote(PRE_VOTE, s0, group-E264CA5F8311, 1, (t:1, i:255))
2023-08-18 03:36:54,430 [grpc-default-executor-3] WARN  server.GrpcServerProtocolService (LogUtils.java:warn(122)) - s2: Failed requestVote s0->s2#0: org.apache.ratis.protocol.exceptions.ServerNotReadyException: s2@group-E264CA5F8311 is not in [RUNNING]: current state is STARTING
2023-08-18 03:36:54,430 [grpc-default-executor-0] WARN  server.GrpcServerProtocolService (LogUtils.java:warn(122)) - s1: Failed requestVote s0->s1#0: org.apache.ratis.protocol.exceptions.ServerNotReadyException: s1@group-E264CA5F8311 is not in [RUNNING]: current state is STARTING
2023-08-18 03:36:54,431 [s0@group-E264CA5F8311-LeaderElection190] INFO  impl.LeaderElection (LogUtils.java:infoOrTrace(137)) - s0@group-E264CA5F8311-LeaderElection190 got exception when requesting votes: java.util.concurrent.ExecutionException: org.apache.ratis.thirdparty.io.grpc.StatusRuntimeException: INTERNAL: s1@group-E264CA5F8311 is not in [RUNNING]: current state is STARTING
2023-08-18 03:36:54,431 [s0@group-E264CA5F8311-LeaderElection190] INFO  impl.LeaderElection (LogUtils.java:infoOrTrace(137)) - s0@group-E264CA5F8311-LeaderElection190 got exception when requesting votes: java.util.concurrent.ExecutionException: org.apache.ratis.thirdparty.io.grpc.StatusRuntimeException: INTERNAL: s2@group-E264CA5F8311 is not in [RUNNING]: current state is STARTING
2023-08-18 03:36:54,431 [s0@group-E264CA5F8311-LeaderElection190] INFO  impl.LeaderElection (LeaderElection.java:logAndReturn(89)) - s0@group-E264CA5F8311-LeaderElection190: PRE_VOTE REJECTED received 0 response(s) and 2 exception(s):
2023-08-18 03:36:54,431 [s0@group-E264CA5F8311-LeaderElection190] INFO  impl.LeaderElection (LogUtils.java:infoOrTrace(137)) -   Exception 0: java.util.concurrent.ExecutionException: org.apache.ratis.thirdparty.io.grpc.StatusRuntimeException: INTERNAL: s1@group-E264CA5F8311 is not in [RUNNING]: current state is STARTING
2023-08-18 03:36:54,431 [s0@group-E264CA5F8311-LeaderElection190] INFO  impl.LeaderElection (LogUtils.java:infoOrTrace(137)) -   Exception 1: java.util.concurrent.ExecutionException: org.apache.ratis.thirdparty.io.grpc.StatusRuntimeException: INTERNAL: s2@group-E264CA5F8311 is not in [RUNNING]: current state is STARTING
2023-08-18 03:36:54,431 [s0@group-E264CA5F8311-LeaderElection190] INFO  impl.LeaderElection (LeaderElection.java:askForVotes(322)) - s0@group-E264CA5F8311-LeaderElection190 PRE_VOTE round 0: result REJECTED
2023-08-18 03:36:54,431 [s0@group-E264CA5F8311-LeaderElection190] INFO  server.RaftServer$Division (RaftServerImpl.java:setRole(371)) - s0@group-E264CA5F8311: changes role from CANDIDATE to FOLLOWER at term 1 for REJECTED
2023-08-18 03:36:54,431 [s0@group-E264CA5F8311-LeaderElection190] INFO  impl.RoleInfo (RoleInfo.java:shutdownLeaderElection(129)) - s0: shutdown s0@group-E264CA5F8311-LeaderElection190
2023-08-18 03:36:54,431 [s0@group-E264CA5F8311-LeaderElection190] INFO  impl.RoleInfo (RoleInfo.java:updateAndGet(138)) - s0: start s0@group-E264CA5F8311-FollowerState
2023-08-18 03:36:54,482 [s2-server-thread1] INFO  server.RaftServer$Division (RaftServerImpl.java:setConfigurationAsync(1238)) - s2@group-E264CA5F8311: receive setConfiguration SetConfigurationRequest:client-255CF6B0DA3F->s2@group-E264CA5F8311, cid=386, seq=0, RW, null, SET_UNCONDITIONALLY, servers:[s1|rpc:0.0.0.0:34459|dataStream:|priority:0|startupRole:FOLLOWER, s2|rpc:0.0.0.0:43137|dataStream:|priority:0|startupRole:FOLLOWER, s0|rpc:localhost:39295|admin:localhost:44843|client:localhost:40991|dataStream:localhost:40677|priority:0|startupRole:FOLLOWER], listeners:[]
2023-08-18 03:36:54,587 [s0-server-thread1] INFO  server.RaftServer$Division (RaftServerImpl.java:setConfigurationAsync(1238)) - s0@group-E264CA5F8311: receive setConfiguration SetConfigurationRequest:client-255CF6B0DA3F->s0@group-E264CA5F8311, cid=386, seq=0, RW, null, SET_UNCONDITIONALLY, servers:[s1|rpc:0.0.0.0:34459|dataStream:|priority:0|startupRole:FOLLOWER, s2|rpc:0.0.0.0:43137|dataStream:|priority:0|startupRole:FOLLOWER, s0|rpc:localhost:39295|admin:localhost:44843|client:localhost:40991|dataStream:localhost:40677|priority:0|startupRole:FOLLOWER], listeners:[]
2023-08-18 03:36:54,691 [s2-server-thread1] INFO  server.RaftServer$Division (RaftServerImpl.java:setConfigurationAsync(1238)) - s2@group-E264CA5F8311: receive setConfiguration SetConfigurationRequest:client-255CF6B0DA3F->s2@group-E264CA5F8311, cid=386, seq=0, RW, null, SET_UNCONDITIONALLY, servers:[s1|rpc:0.0.0.0:34459|dataStream:|priority:0|startupRole:FOLLOWER, s2|rpc:0.0.0.0:43137|dataStream:|priority:0|startupRole:FOLLOWER, s0|rpc:localhost:39295|admin:localhost:44843|client:localhost:40991|dataStream:localhost:40677|priority:0|startupRole:FOLLOWER], listeners:[]
2023-08-18 03:36:54,713 [s0@group-E264CA5F8311-FollowerState] INFO  impl.FollowerState (FollowerState.java:run(143)) - s0@group-E264CA5F8311-FollowerState: change to CANDIDATE, lastRpcElapsedTime:282281492ns, electionTimeout:282ms
2023-08-18 03:36:54,713 [s0@group-E264CA5F8311-FollowerState] INFO  impl.RoleInfo (RoleInfo.java:shutdownFollowerState(109)) - s0: shutdown s0@group-E264CA5F8311-FollowerState
2023-08-18 03:36:54,713 [s0@group-E264CA5F8311-FollowerState] INFO  server.RaftServer$Division (RaftServerImpl.java:setRole(371)) - s0@group-E264CA5F8311: changes role from  FOLLOWER to CANDIDATE at term 1 for changeToCandidate
2023-08-18 03:36:54,713 [s0@group-E264CA5F8311-FollowerState] INFO  server.RaftServerConfigKeys (ConfUtils.java:logGet(46)) - raft.server.leaderelection.pre-vote = true (default)
2023-08-18 03:36:54,713 [s0@group-E264CA5F8311-FollowerState] INFO  impl.RoleInfo (RoleInfo.java:updateAndGet(138)) - s0: start s0@group-E264CA5F8311-LeaderElection191
2023-08-18 03:36:54,714 [s0@group-E264CA5F8311-LeaderElection191] INFO  impl.LeaderElection (LeaderElection.java:askForVotes(320)) - s0@group-E264CA5F8311-LeaderElection191 PRE_VOTE round 0: submit vote requests at term 1 for 255: peers:[s0|rpc:localhost:39295|admin:localhost:44843|client:localhost:40991|dataStream:localhost:40677|priority:0|startupRole:FOLLOWER, s1|rpc:0.0.0.0:34459|dataStream:|priority:0|startupRole:FOLLOWER, s2|rpc:0.0.0.0:43137|dataStream:|priority:0|startupRole:FOLLOWER]|listeners:[], old=peers:[s0|rpc:localhost:39295|admin:localhost:44843|client:localhost:40991|dataStream:localhost:40677|priority:0|startupRole:FOLLOWER]|listeners:[]
2023-08-18 03:36:54,714 [grpc-default-executor-3] INFO  server.RaftServer$Division (RaftServerImpl.java:requestVote(1344)) - s2@group-E264CA5F8311: receive requestVote(PRE_VOTE, s0, group-E264CA5F8311, 1, (t:1, i:255))
2023-08-18 03:36:54,715 [grpc-default-executor-0] INFO  server.RaftServer$Division (RaftServerImpl.java:requestVote(1344)) - s1@group-E264CA5F8311: receive requestVote(PRE_VOTE, s0, group-E264CA5F8311, 1, (t:1, i:255))
2023-08-18 03:36:54,715 [grpc-default-executor-3] WARN  server.GrpcServerProtocolService (LogUtils.java:warn(122)) - s2: Failed requestVote s0->s2#0: org.apache.ratis.protocol.exceptions.ServerNotReadyException: s2@group-E264CA5F8311 is not in [RUNNING]: current state is STARTING
2023-08-18 03:36:54,715 [grpc-default-executor-0] WARN  server.GrpcServerProtocolService (LogUtils.java:warn(122)) - s1: Failed requestVote s0->s1#0: org.apache.ratis.protocol.exceptions.ServerNotReadyException: s1@group-E264CA5F8311 is not in [RUNNING]: current state is STARTING
2023-08-18 03:36:54,715 [s0@group-E264CA5F8311-LeaderElection191] INFO  impl.LeaderElection (LogUtils.java:infoOrTrace(137)) - s0@group-E264CA5F8311-LeaderElection191 got exception when requesting votes: java.util.concurrent.ExecutionException: org.apache.ratis.thirdparty.io.grpc.StatusRuntimeException: INTERNAL: s2@group-E264CA5F8311 is not in [RUNNING]: current state is STARTING
2023-08-18 03:36:54,715 [s0@group-E264CA5F8311-LeaderElection191] INFO  impl.LeaderElection (LogUtils.java:infoOrTrace(137)) - s0@group-E264CA5F8311-LeaderElection191 got exception when requesting votes: java.util.concurrent.ExecutionException: org.apache.ratis.thirdparty.io.grpc.StatusRuntimeException: INTERNAL: s1@group-E264CA5F8311 is not in [RUNNING]: current state is STARTING
2023-08-18 03:36:54,715 [s0@group-E264CA5F8311-LeaderElection191] INFO  impl.LeaderElection (LeaderElection.java:logAndReturn(89)) - s0@group-E264CA5F8311-LeaderElection191: PRE_VOTE REJECTED received 0 response(s) and 2 exception(s):
2023-08-18 03:36:54,715 [s0@group-E264CA5F8311-LeaderElection191] INFO  impl.LeaderElection (LogUtils.java:infoOrTrace(137)) -   Exception 0: java.util.concurrent.ExecutionException: org.apache.ratis.thirdparty.io.grpc.StatusRuntimeException: INTERNAL: s2@group-E264CA5F8311 is not in [RUNNING]: current state is STARTING
2023-08-18 03:36:54,715 [s0@group-E264CA5F8311-LeaderElection191] INFO  impl.LeaderElection (LogUtils.java:infoOrTrace(137)) -   Exception 1: java.util.concurrent.ExecutionException: org.apache.ratis.thirdparty.io.grpc.StatusRuntimeException: INTERNAL: s1@group-E264CA5F8311 is not in [RUNNING]: current state is STARTING
2023-08-18 03:36:54,715 [s0@group-E264CA5F8311-LeaderElection191] INFO  impl.LeaderElection (LeaderElection.java:askForVotes(322)) - s0@group-E264CA5F8311-LeaderElection191 PRE_VOTE round 0: result REJECTED
2023-08-18 03:36:54,715 [s0@group-E264CA5F8311-LeaderElection191] INFO  server.RaftServer$Division (RaftServerImpl.java:setRole(371)) - s0@group-E264CA5F8311: changes role from CANDIDATE to FOLLOWER at term 1 for REJECTED
2023-08-18 03:36:54,715 [s0@group-E264CA5F8311-LeaderElection191] INFO  impl.RoleInfo (RoleInfo.java:shutdownLeaderElection(129)) - s0: shutdown s0@group-E264CA5F8311-LeaderElection191
2023-08-18 03:36:54,715 [s0@group-E264CA5F8311-LeaderElection191] INFO  impl.RoleInfo (RoleInfo.java:updateAndGet(138)) - s0: start s0@group-E264CA5F8311-FollowerState
2023-08-18 03:36:54,794 [s1-server-thread1] INFO  server.RaftServer$Division (RaftServerImpl.java:setConfigurationAsync(1238)) - s1@group-E264CA5F8311: receive setConfiguration SetConfigurationRequest:client-255CF6B0DA3F->s1@group-E264CA5F8311, cid=386, seq=0, RW, null, SET_UNCONDITIONALLY, servers:[s1|rpc:0.0.0.0:34459|dataStream:|priority:0|startupRole:FOLLOWER, s2|rpc:0.0.0.0:43137|dataStream:|priority:0|startupRole:FOLLOWER, s0|rpc:localhost:39295|admin:localhost:44843|client:localhost:40991|dataStream:localhost:40677|priority:0|startupRole:FOLLOWER], listeners:[]
2023-08-18 03:36:54,899 [s0-server-thread1] INFO  server.RaftServer$Division (RaftServerImpl.java:setConfigurationAsync(1238)) - s0@group-E264CA5F8311: receive setConfiguration SetConfigurationRequest:client-255CF6B0DA3F->s0@group-E264CA5F8311, cid=386, seq=0, RW, null, SET_UNCONDITIONALLY, servers:[s1|rpc:0.0.0.0:34459|dataStream:|priority:0|startupRole:FOLLOWER, s2|rpc:0.0.0.0:43137|dataStream:|priority:0|startupRole:FOLLOWER, s0|rpc:localhost:39295|admin:localhost:44843|client:localhost:40991|dataStream:localhost:40677|priority:0|startupRole:FOLLOWER], listeners:[]
2023-08-18 03:36:54,993 [s0@group-E264CA5F8311-FollowerState] INFO  impl.FollowerState (FollowerState.java:run(143)) - s0@group-E264CA5F8311-FollowerState: change to CANDIDATE, lastRpcElapsedTime:277290129ns, electionTimeout:277ms
2023-08-18 03:36:54,993 [s0@group-E264CA5F8311-FollowerState] INFO  impl.RoleInfo (RoleInfo.java:shutdownFollowerState(109)) - s0: shutdown s0@group-E264CA5F8311-FollowerState
2023-08-18 03:36:54,993 [s0@group-E264CA5F8311-FollowerState] INFO  server.RaftServer$Division (RaftServerImpl.java:setRole(371)) - s0@group-E264CA5F8311: changes role from  FOLLOWER to CANDIDATE at term 1 for changeToCandidate
2023-08-18 03:36:54,993 [s0@group-E264CA5F8311-FollowerState] INFO  server.RaftServerConfigKeys (ConfUtils.java:logGet(46)) - raft.server.leaderelection.pre-vote = true (default)
2023-08-18 03:36:54,993 [s0@group-E264CA5F8311-FollowerState] INFO  impl.RoleInfo (RoleInfo.java:updateAndGet(138)) - s0: start s0@group-E264CA5F8311-LeaderElection192
2023-08-18 03:36:54,993 [s0@group-E264CA5F8311-LeaderElection192] INFO  impl.LeaderElection (LeaderElection.java:askForVotes(320)) - s0@group-E264CA5F8311-LeaderElection192 PRE_VOTE round 0: submit vote requests at term 1 for 255: peers:[s0|rpc:localhost:39295|admin:localhost:44843|client:localhost:40991|dataStream:localhost:40677|priority:0|startupRole:FOLLOWER, s1|rpc:0.0.0.0:34459|dataStream:|priority:0|startupRole:FOLLOWER, s2|rpc:0.0.0.0:43137|dataStream:|priority:0|startupRole:FOLLOWER]|listeners:[], old=peers:[s0|rpc:localhost:39295|admin:localhost:44843|client:localhost:40991|dataStream:localhost:40677|priority:0|startupRole:FOLLOWER]|listeners:[]
2023-08-18 03:36:54,994 [grpc-default-executor-0] INFO  server.RaftServer$Division (RaftServerImpl.java:requestVote(1344)) - s1@group-E264CA5F8311: receive requestVote(PRE_VOTE, s0, group-E264CA5F8311, 1, (t:1, i:255))
2023-08-18 03:36:54,994 [grpc-default-executor-3] INFO  server.RaftServer$Division (RaftServerImpl.java:requestVote(1344)) - s2@group-E264CA5F8311: receive requestVote(PRE_VOTE, s0, group-E264CA5F8311, 1, (t:1, i:255))
2023-08-18 03:36:54,994 [grpc-default-executor-0] WARN  server.GrpcServerProtocolService (LogUtils.java:warn(122)) - s1: Failed requestVote s0->s1#0: org.apache.ratis.protocol.exceptions.ServerNotReadyException: s1@group-E264CA5F8311 is not in [RUNNING]: current state is STARTING
2023-08-18 03:36:54,994 [grpc-default-executor-3] WARN  server.GrpcServerProtocolService (LogUtils.java:warn(122)) - s2: Failed requestVote s0->s2#0: org.apache.ratis.protocol.exceptions.ServerNotReadyException: s2@group-E264CA5F8311 is not in [RUNNING]: current state is STARTING
2023-08-18 03:36:54,996 [s0@group-E264CA5F8311-LeaderElection192] INFO  impl.LeaderElection (LogUtils.java:infoOrTrace(137)) - s0@group-E264CA5F8311-LeaderElection192 got exception when requesting votes: java.util.concurrent.ExecutionException: org.apache.ratis.thirdparty.io.grpc.StatusRuntimeException: INTERNAL: s2@group-E264CA5F8311 is not in [RUNNING]: current state is STARTING
2023-08-18 03:36:54,996 [s0@group-E264CA5F8311-LeaderElection192] INFO  impl.LeaderElection (LogUtils.java:infoOrTrace(137)) - s0@group-E264CA5F8311-LeaderElection192 got exception when requesting votes: java.util.concurrent.ExecutionException: org.apache.ratis.thirdparty.io.grpc.StatusRuntimeException: INTERNAL: s1@group-E264CA5F8311 is not in [RUNNING]: current state is STARTING
2023-08-18 03:36:54,996 [s0@group-E264CA5F8311-LeaderElection192] INFO  impl.LeaderElection (LeaderElection.java:logAndReturn(89)) - s0@group-E264CA5F8311-LeaderElection192: PRE_VOTE REJECTED received 0 response(s) and 2 exception(s):
2023-08-18 03:36:54,996 [s0@group-E264CA5F8311-LeaderElection192] INFO  impl.LeaderElection (LogUtils.java:infoOrTrace(137)) -   Exception 0: java.util.concurrent.ExecutionException: org.apache.ratis.thirdparty.io.grpc.StatusRuntimeException: INTERNAL: s2@group-E264CA5F8311 is not in [RUNNING]: current state is STARTING
2023-08-18 03:36:54,996 [s0@group-E264CA5F8311-LeaderElection192] INFO  impl.LeaderElection (LogUtils.java:infoOrTrace(137)) -   Exception 1: java.util.concurrent.ExecutionException: org.apache.ratis.thirdparty.io.grpc.StatusRuntimeException: INTERNAL: s1@group-E264CA5F8311 is not in [RUNNING]: current state is STARTING
2023-08-18 03:36:54,996 [s0@group-E264CA5F8311-LeaderElection192] INFO  impl.LeaderElection (LeaderElection.java:askForVotes(322)) - s0@group-E264CA5F8311-LeaderElection192 PRE_VOTE round 0: result REJECTED
2023-08-18 03:36:54,996 [s0@group-E264CA5F8311-LeaderElection192] INFO  server.RaftServer$Division (RaftServerImpl.java:setRole(371)) - s0@group-E264CA5F8311: changes role from CANDIDATE to FOLLOWER at term 1 for REJECTED
2023-08-18 03:36:54,996 [s0@group-E264CA5F8311-LeaderElection192] INFO  impl.RoleInfo (RoleInfo.java:shutdownLeaderElection(129)) - s0: shutdown s0@group-E264CA5F8311-LeaderElection192
2023-08-18 03:36:54,996 [s0@group-E264CA5F8311-LeaderElection192] INFO  impl.RoleInfo (RoleInfo.java:updateAndGet(138)) - s0: start s0@group-E264CA5F8311-FollowerState
2023-08-18 03:36:55,002 [s1-server-thread1] INFO  server.RaftServer$Division (RaftServerImpl.java:setConfigurationAsync(1238)) - s1@group-E264CA5F8311: receive setConfiguration SetConfigurationRequest:client-255CF6B0DA3F->s1@group-E264CA5F8311, cid=386, seq=0, RW, null, SET_UNCONDITIONALLY, servers:[s1|rpc:0.0.0.0:34459|dataStream:|priority:0|startupRole:FOLLOWER, s2|rpc:0.0.0.0:43137|dataStream:|priority:0|startupRole:FOLLOWER, s0|rpc:localhost:39295|admin:localhost:44843|client:localhost:40991|dataStream:localhost:40677|priority:0|startupRole:FOLLOWER], listeners:[]
2023-08-18 03:36:55,106 [s0-server-thread1] INFO  server.RaftServer$Division (RaftServerImpl.java:setConfigurationAsync(1238)) - s0@group-E264CA5F8311: receive setConfiguration SetConfigurationRequest:client-255CF6B0DA3F->s0@group-E264CA5F8311, cid=386, seq=0, RW, null, SET_UNCONDITIONALLY, servers:[s1|rpc:0.0.0.0:34459|dataStream:|priority:0|startupRole:FOLLOWER, s2|rpc:0.0.0.0:43137|dataStream:|priority:0|startupRole:FOLLOWER, s0|rpc:localhost:39295|admin:localhost:44843|client:localhost:40991|dataStream:localhost:40677|priority:0|startupRole:FOLLOWER], listeners:[]
2023-08-18 03:36:55,213 [s1-server-thread1] INFO  server.RaftServer$Division (RaftServerImpl.java:setConfigurationAsync(1238)) - s1@group-E264CA5F8311: receive setConfiguration SetConfigurationRequest:client-255CF6B0DA3F->s1@group-E264CA5F8311, cid=386, seq=0, RW, null, SET_UNCONDITIONALLY, servers:[s1|rpc:0.0.0.0:34459|dataStream:|priority:0|startupRole:FOLLOWER, s2|rpc:0.0.0.0:43137|dataStream:|priority:0|startupRole:FOLLOWER, s0|rpc:localhost:39295|admin:localhost:44843|client:localhost:40991|dataStream:localhost:40677|priority:0|startupRole:FOLLOWER], listeners:[]
2023-08-18 03:36:55,249 [s0@group-E264CA5F8311-FollowerState] INFO  impl.FollowerState (FollowerState.java:run(143)) - s0@group-E264CA5F8311-FollowerState: change to CANDIDATE, lastRpcElapsedTime:252444315ns, electionTimeout:252ms
2023-08-18 03:36:55,249 [s0@group-E264CA5F8311-FollowerState] INFO  impl.RoleInfo (RoleInfo.java:shutdownFollowerState(109)) - s0: shutdown s0@group-E264CA5F8311-FollowerState
2023-08-18 03:36:55,249 [s0@group-E264CA5F8311-FollowerState] INFO  server.RaftServer$Division (RaftServerImpl.java:setRole(371)) - s0@group-E264CA5F8311: changes role from  FOLLOWER to CANDIDATE at term 1 for changeToCandidate
2023-08-18 03:36:55,249 [s0@group-E264CA5F8311-FollowerState] INFO  server.RaftServerConfigKeys (ConfUtils.java:logGet(46)) - raft.server.leaderelection.pre-vote = true (default)
2023-08-18 03:36:55,249 [s0@group-E264CA5F8311-FollowerState] INFO  impl.RoleInfo (RoleInfo.java:updateAndGet(138)) - s0: start s0@group-E264CA5F8311-LeaderElection193
2023-08-18 03:36:55,249 [s0@group-E264CA5F8311-LeaderElection193] INFO  impl.LeaderElection (LeaderElection.java:askForVotes(320)) - s0@group-E264CA5F8311-LeaderElection193 PRE_VOTE round 0: submit vote requests at term 1 for 255: peers:[s0|rpc:localhost:39295|admin:localhost:44843|client:localhost:40991|dataStream:localhost:40677|priority:0|startupRole:FOLLOWER, s1|rpc:0.0.0.0:34459|dataStream:|priority:0|startupRole:FOLLOWER, s2|rpc:0.0.0.0:43137|dataStream:|priority:0|startupRole:FOLLOWER]|listeners:[], old=peers:[s0|rpc:localhost:39295|admin:localhost:44843|client:localhost:40991|dataStream:localhost:40677|priority:0|startupRole:FOLLOWER]|listeners:[]
2023-08-18 03:36:55,250 [grpc-default-executor-0] INFO  server.RaftServer$Division (RaftServerImpl.java:requestVote(1344)) - s2@group-E264CA5F8311: receive requestVote(PRE_VOTE, s0, group-E264CA5F8311, 1, (t:1, i:255))
2023-08-18 03:36:55,250 [grpc-default-executor-3] INFO  server.RaftServer$Division (RaftServerImpl.java:requestVote(1344)) - s1@group-E264CA5F8311: receive requestVote(PRE_VOTE, s0, group-E264CA5F8311, 1, (t:1, i:255))
2023-08-18 03:36:55,250 [grpc-default-executor-0] WARN  server.GrpcServerProtocolService (LogUtils.java:warn(122)) - s2: Failed requestVote s0->s2#0: org.apache.ratis.protocol.exceptions.ServerNotReadyException: s2@group-E264CA5F8311 is not in [RUNNING]: current state is STARTING
2023-08-18 03:36:55,250 [grpc-default-executor-3] WARN  server.GrpcServerProtocolService (LogUtils.java:warn(122)) - s1: Failed requestVote s0->s1#0: org.apache.ratis.protocol.exceptions.ServerNotReadyException: s1@group-E264CA5F8311 is not in [RUNNING]: current state is STARTING
2023-08-18 03:36:55,251 [s0@group-E264CA5F8311-LeaderElection193] INFO  impl.LeaderElection (LogUtils.java:infoOrTrace(137)) - s0@group-E264CA5F8311-LeaderElection193 got exception when requesting votes: java.util.concurrent.ExecutionException: org.apache.ratis.thirdparty.io.grpc.StatusRuntimeException: INTERNAL: s1@group-E264CA5F8311 is not in [RUNNING]: current state is STARTING
2023-08-18 03:36:55,251 [s0@group-E264CA5F8311-LeaderElection193] INFO  impl.LeaderElection (LogUtils.java:infoOrTrace(137)) - s0@group-E264CA5F8311-LeaderElection193 got exception when requesting votes: java.util.concurrent.ExecutionException: org.apache.ratis.thirdparty.io.grpc.StatusRuntimeException: INTERNAL: s2@group-E264CA5F8311 is not in [RUNNING]: current state is STARTING
2023-08-18 03:36:55,251 [s0@group-E264CA5F8311-LeaderElection193] INFO  impl.LeaderElection (LeaderElection.java:logAndReturn(89)) - s0@group-E264CA5F8311-LeaderElection193: PRE_VOTE REJECTED received 0 response(s) and 2 exception(s):
2023-08-18 03:36:55,251 [s0@group-E264CA5F8311-LeaderElection193] INFO  impl.LeaderElection (LogUtils.java:infoOrTrace(137)) -   Exception 0: java.util.concurrent.ExecutionException: org.apache.ratis.thirdparty.io.grpc.StatusRuntimeException: INTERNAL: s1@group-E264CA5F8311 is not in [RUNNING]: current state is STARTING
2023-08-18 03:36:55,251 [s0@group-E264CA5F8311-LeaderElection193] INFO  impl.LeaderElection (LogUtils.java:infoOrTrace(137)) -   Exception 1: java.util.concurrent.ExecutionException: org.apache.ratis.thirdparty.io.grpc.StatusRuntimeException: INTERNAL: s2@group-E264CA5F8311 is not in [RUNNING]: current state is STARTING
2023-08-18 03:36:55,251 [s0@group-E264CA5F8311-LeaderElection193] INFO  impl.LeaderElection (LeaderElection.java:askForVotes(322)) - s0@group-E264CA5F8311-LeaderElection193 PRE_VOTE round 0: result REJECTED
2023-08-18 03:36:55,251 [s0@group-E264CA5F8311-LeaderElection193] INFO  server.RaftServer$Division (RaftServerImpl.java:setRole(371)) - s0@group-E264CA5F8311: changes role from CANDIDATE to FOLLOWER at term 1 for REJECTED
2023-08-18 03:36:55,251 [s0@group-E264CA5F8311-LeaderElection193] INFO  impl.RoleInfo (RoleInfo.java:shutdownLeaderElection(129)) - s0: shutdown s0@group-E264CA5F8311-LeaderElection193
2023-08-18 03:36:55,251 [s0@group-E264CA5F8311-LeaderElection193] INFO  impl.RoleInfo (RoleInfo.java:updateAndGet(138)) - s0: start s0@group-E264CA5F8311-FollowerState
2023-08-18 03:36:55,316 [s2-server-thread1] INFO  server.RaftServer$Division (RaftServerImpl.java:setConfigurationAsync(1238)) - s2@group-E264CA5F8311: receive setConfiguration SetConfigurationRequest:client-255CF6B0DA3F->s2@group-E264CA5F8311, cid=386, seq=0, RW, null, SET_UNCONDITIONALLY, servers:[s1|rpc:0.0.0.0:34459|dataStream:|priority:0|startupRole:FOLLOWER, s2|rpc:0.0.0.0:43137|dataStream:|priority:0|startupRole:FOLLOWER, s0|rpc:localhost:39295|admin:localhost:44843|client:localhost:40991|dataStream:localhost:40677|priority:0|startupRole:FOLLOWER], listeners:[]
2023-08-18 03:36:55,421 [s0-server-thread1] INFO  server.RaftServer$Division (RaftServerImpl.java:setConfigurationAsync(1238)) - s0@group-E264CA5F8311: receive setConfiguration SetConfigurationRequest:client-255CF6B0DA3F->s0@group-E264CA5F8311, cid=386, seq=0, RW, null, SET_UNCONDITIONALLY, servers:[s1|rpc:0.0.0.0:34459|dataStream:|priority:0|startupRole:FOLLOWER, s2|rpc:0.0.0.0:43137|dataStream:|priority:0|startupRole:FOLLOWER, s0|rpc:localhost:39295|admin:localhost:44843|client:localhost:40991|dataStream:localhost:40677|priority:0|startupRole:FOLLOWER], listeners:[]
2023-08-18 03:36:55,494 [s0@group-E264CA5F8311-FollowerState] INFO  impl.FollowerState (FollowerState.java:run(143)) - s0@group-E264CA5F8311-FollowerState: change to CANDIDATE, lastRpcElapsedTime:243454782ns, electionTimeout:243ms
2023-08-18 03:36:55,495 [s0@group-E264CA5F8311-FollowerState] INFO  impl.RoleInfo (RoleInfo.java:shutdownFollowerState(109)) - s0: shutdown s0@group-E264CA5F8311-FollowerState
2023-08-18 03:36:55,495 [s0@group-E264CA5F8311-FollowerState] INFO  server.RaftServer$Division (RaftServerImpl.java:setRole(371)) - s0@group-E264CA5F8311: changes role from  FOLLOWER to CANDIDATE at term 1 for changeToCandidate
2023-08-18 03:36:55,495 [s0@group-E264CA5F8311-FollowerState] INFO  server.RaftServerConfigKeys (ConfUtils.java:logGet(46)) - raft.server.leaderelection.pre-vote = true (default)
2023-08-18 03:36:55,495 [s0@group-E264CA5F8311-FollowerState] INFO  impl.RoleInfo (RoleInfo.java:updateAndGet(138)) - s0: start s0@group-E264CA5F8311-LeaderElection194
2023-08-18 03:36:55,495 [s0@group-E264CA5F8311-LeaderElection194] INFO  impl.LeaderElection (LeaderElection.java:askForVotes(320)) - s0@group-E264CA5F8311-LeaderElection194 PRE_VOTE round 0: submit vote requests at term 1 for 255: peers:[s0|rpc:localhost:39295|admin:localhost:44843|client:localhost:40991|dataStream:localhost:40677|priority:0|startupRole:FOLLOWER, s1|rpc:0.0.0.0:34459|dataStream:|priority:0|startupRole:FOLLOWER, s2|rpc:0.0.0.0:43137|dataStream:|priority:0|startupRole:FOLLOWER]|listeners:[], old=peers:[s0|rpc:localhost:39295|admin:localhost:44843|client:localhost:40991|dataStream:localhost:40677|priority:0|startupRole:FOLLOWER]|listeners:[]
2023-08-18 03:36:55,496 [grpc-default-executor-3] INFO  server.RaftServer$Division (RaftServerImpl.java:requestVote(1344)) - s1@group-E264CA5F8311: receive requestVote(PRE_VOTE, s0, group-E264CA5F8311, 1, (t:1, i:255))
2023-08-18 03:36:55,496 [grpc-default-executor-3] WARN  server.GrpcServerProtocolService (LogUtils.java:warn(122)) - s1: Failed requestVote s0->s1#0: org.apache.ratis.protocol.exceptions.ServerNotReadyException: s1@group-E264CA5F8311 is not in [RUNNING]: current state is STARTING
2023-08-18 03:36:55,496 [grpc-default-executor-0] INFO  server.RaftServer$Division (RaftServerImpl.java:requestVote(1344)) - s2@group-E264CA5F8311: receive requestVote(PRE_VOTE, s0, group-E264CA5F8311, 1, (t:1, i:255))
2023-08-18 03:36:55,497 [grpc-default-executor-0] WARN  server.GrpcServerProtocolService (LogUtils.java:warn(122)) - s2: Failed requestVote s0->s2#0: org.apache.ratis.protocol.exceptions.ServerNotReadyException: s2@group-E264CA5F8311 is not in [RUNNING]: current state is STARTING
2023-08-18 03:36:55,497 [s0@group-E264CA5F8311-LeaderElection194] INFO  impl.LeaderElection (LogUtils.java:infoOrTrace(137)) - s0@group-E264CA5F8311-LeaderElection194 got exception when requesting votes: java.util.concurrent.ExecutionException: org.apache.ratis.thirdparty.io.grpc.StatusRuntimeException: INTERNAL: s1@group-E264CA5F8311 is not in [RUNNING]: current state is STARTING
2023-08-18 03:36:55,499 [s0@group-E264CA5F8311-LeaderElection194] INFO  impl.LeaderElection (LogUtils.java:infoOrTrace(137)) - s0@group-E264CA5F8311-LeaderElection194 got exception when requesting votes: java.util.concurrent.ExecutionException: org.apache.ratis.thirdparty.io.grpc.StatusRuntimeException: INTERNAL: s2@group-E264CA5F8311 is not in [RUNNING]: current state is STARTING
2023-08-18 03:36:55,499 [s0@group-E264CA5F8311-LeaderElection194] INFO  impl.LeaderElection (LeaderElection.java:logAndReturn(89)) - s0@group-E264CA5F8311-LeaderElection194: PRE_VOTE REJECTED received 0 response(s) and 2 exception(s):
2023-08-18 03:36:55,499 [s0@group-E264CA5F8311-LeaderElection194] INFO  impl.LeaderElection (LogUtils.java:infoOrTrace(137)) -   Exception 0: java.util.concurrent.ExecutionException: org.apache.ratis.thirdparty.io.grpc.StatusRuntimeException: INTERNAL: s1@group-E264CA5F8311 is not in [RUNNING]: current state is STARTING
2023-08-18 03:36:55,499 [s0@group-E264CA5F8311-LeaderElection194] INFO  impl.LeaderElection (LogUtils.java:infoOrTrace(137)) -   Exception 1: java.util.concurrent.ExecutionException: org.apache.ratis.thirdparty.io.grpc.StatusRuntimeException: INTERNAL: s2@group-E264CA5F8311 is not in [RUNNING]: current state is STARTING
2023-08-18 03:36:55,499 [s0@group-E264CA5F8311-LeaderElection194] INFO  impl.LeaderElection (LeaderElection.java:askForVotes(322)) - s0@group-E264CA5F8311-LeaderElection194 PRE_VOTE round 0: result REJECTED
2023-08-18 03:36:55,499 [s0@group-E264CA5F8311-LeaderElection194] INFO  server.RaftServer$Division (RaftServerImpl.java:setRole(371)) - s0@group-E264CA5F8311: changes role from CANDIDATE to FOLLOWER at term 1 for REJECTED
2023-08-18 03:36:55,499 [s0@group-E264CA5F8311-LeaderElection194] INFO  impl.RoleInfo (RoleInfo.java:shutdownLeaderElection(129)) - s0: shutdown s0@group-E264CA5F8311-LeaderElection194
2023-08-18 03:36:55,499 [s0@group-E264CA5F8311-LeaderElection194] INFO  impl.RoleInfo (RoleInfo.java:updateAndGet(138)) - s0: start s0@group-E264CA5F8311-FollowerState
2023-08-18 03:36:55,524 [s2-server-thread1] INFO  server.RaftServer$Division (RaftServerImpl.java:setConfigurationAsync(1238)) - s2@group-E264CA5F8311: receive setConfiguration SetConfigurationRequest:client-255CF6B0DA3F->s2@group-E264CA5F8311, cid=386, seq=0, RW, null, SET_UNCONDITIONALLY, servers:[s1|rpc:0.0.0.0:34459|dataStream:|priority:0|startupRole:FOLLOWER, s2|rpc:0.0.0.0:43137|dataStream:|priority:0|startupRole:FOLLOWER, s0|rpc:localhost:39295|admin:localhost:44843|client:localhost:40991|dataStream:localhost:40677|priority:0|startupRole:FOLLOWER], listeners:[]
2023-08-18 03:36:55,628 [s0-server-thread1] INFO  server.RaftServer$Division (RaftServerImpl.java:setConfigurationAsync(1238)) - s0@group-E264CA5F8311: receive setConfiguration SetConfigurationRequest:client-255CF6B0DA3F->s0@group-E264CA5F8311, cid=386, seq=0, RW, null, SET_UNCONDITIONALLY, servers:[s1|rpc:0.0.0.0:34459|dataStream:|priority:0|startupRole:FOLLOWER, s2|rpc:0.0.0.0:43137|dataStream:|priority:0|startupRole:FOLLOWER, s0|rpc:localhost:39295|admin:localhost:44843|client:localhost:40991|dataStream:localhost:40677|priority:0|startupRole:FOLLOWER], listeners:[]
2023-08-18 03:36:55,719 [s0@group-E264CA5F8311-FollowerState] INFO  impl.FollowerState (FollowerState.java:run(143)) - s0@group-E264CA5F8311-FollowerState: change to CANDIDATE, lastRpcElapsedTime:219411762ns, electionTimeout:219ms
2023-08-18 03:36:55,719 [s0@group-E264CA5F8311-FollowerState] INFO  impl.RoleInfo (RoleInfo.java:shutdownFollowerState(109)) - s0: shutdown s0@group-E264CA5F8311-FollowerState
2023-08-18 03:36:55,719 [s0@group-E264CA5F8311-FollowerState] INFO  server.RaftServer$Division (RaftServerImpl.java:setRole(371)) - s0@group-E264CA5F8311: changes role from  FOLLOWER to CANDIDATE at term 1 for changeToCandidate
2023-08-18 03:36:55,719 [s0@group-E264CA5F8311-FollowerState] INFO  server.RaftServerConfigKeys (ConfUtils.java:logGet(46)) - raft.server.leaderelection.pre-vote = true (default)
2023-08-18 03:36:55,719 [s0@group-E264CA5F8311-FollowerState] INFO  impl.RoleInfo (RoleInfo.java:updateAndGet(138)) - s0: start s0@group-E264CA5F8311-LeaderElection195
2023-08-18 03:36:55,719 [s0@group-E264CA5F8311-LeaderElection195] INFO  impl.LeaderElection (LeaderElection.java:askForVotes(320)) - s0@group-E264CA5F8311-LeaderElection195 PRE_VOTE round 0: submit vote requests at term 1 for 255: peers:[s0|rpc:localhost:39295|admin:localhost:44843|client:localhost:40991|dataStream:localhost:40677|priority:0|startupRole:FOLLOWER, s1|rpc:0.0.0.0:34459|dataStream:|priority:0|startupRole:FOLLOWER, s2|rpc:0.0.0.0:43137|dataStream:|priority:0|startupRole:FOLLOWER]|listeners:[], old=peers:[s0|rpc:localhost:39295|admin:localhost:44843|client:localhost:40991|dataStream:localhost:40677|priority:0|startupRole:FOLLOWER]|listeners:[]
2023-08-18 03:36:55,720 [grpc-default-executor-0] INFO  server.RaftServer$Division (RaftServerImpl.java:requestVote(1344)) - s1@group-E264CA5F8311: receive requestVote(PRE_VOTE, s0, group-E264CA5F8311, 1, (t:1, i:255))
2023-08-18 03:36:55,720 [grpc-default-executor-0] WARN  server.GrpcServerProtocolService (LogUtils.java:warn(122)) - s1: Failed requestVote s0->s1#0: org.apache.ratis.protocol.exceptions.ServerNotReadyException: s1@group-E264CA5F8311 is not in [RUNNING]: current state is STARTING
2023-08-18 03:36:55,721 [s0@group-E264CA5F8311-LeaderElection195] INFO  impl.LeaderElection (LogUtils.java:infoOrTrace(137)) - s0@group-E264CA5F8311-LeaderElection195 got exception when requesting votes: java.util.concurrent.ExecutionException: org.apache.ratis.thirdparty.io.grpc.StatusRuntimeException: INTERNAL: s1@group-E264CA5F8311 is not in [RUNNING]: current state is STARTING
2023-08-18 03:36:55,721 [grpc-default-executor-0] INFO  server.RaftServer$Division (RaftServerImpl.java:requestVote(1344)) - s2@group-E264CA5F8311: receive requestVote(PRE_VOTE, s0, group-E264CA5F8311, 1, (t:1, i:255))
2023-08-18 03:36:55,721 [grpc-default-executor-0] WARN  server.GrpcServerProtocolService (LogUtils.java:warn(122)) - s2: Failed requestVote s0->s2#0: org.apache.ratis.protocol.exceptions.ServerNotReadyException: s2@group-E264CA5F8311 is not in [RUNNING]: current state is STARTING
2023-08-18 03:36:55,722 [s0@group-E264CA5F8311-LeaderElection195] INFO  impl.LeaderElection (LogUtils.java:infoOrTrace(137)) - s0@group-E264CA5F8311-LeaderElection195 got exception when requesting votes: java.util.concurrent.ExecutionException: org.apache.ratis.thirdparty.io.grpc.StatusRuntimeException: INTERNAL: s2@group-E264CA5F8311 is not in [RUNNING]: current state is STARTING
2023-08-18 03:36:55,722 [s0@group-E264CA5F8311-LeaderElection195] INFO  impl.LeaderElection (LeaderElection.java:logAndReturn(89)) - s0@group-E264CA5F8311-LeaderElection195: PRE_VOTE REJECTED received 0 response(s) and 2 exception(s):
2023-08-18 03:36:55,722 [s0@group-E264CA5F8311-LeaderElection195] INFO  impl.LeaderElection (LogUtils.java:infoOrTrace(137)) -   Exception 0: java.util.concurrent.ExecutionException: org.apache.ratis.thirdparty.io.grpc.StatusRuntimeException: INTERNAL: s1@group-E264CA5F8311 is not in [RUNNING]: current state is STARTING
2023-08-18 03:36:55,722 [s0@group-E264CA5F8311-LeaderElection195] INFO  impl.LeaderElection (LogUtils.java:infoOrTrace(137)) -   Exception 1: java.util.concurrent.ExecutionException: org.apache.ratis.thirdparty.io.grpc.StatusRuntimeException: INTERNAL: s2@group-E264CA5F8311 is not in [RUNNING]: current state is STARTING
2023-08-18 03:36:55,722 [s0@group-E264CA5F8311-LeaderElection195] INFO  impl.LeaderElection (LeaderElection.java:askForVotes(322)) - s0@group-E264CA5F8311-LeaderElection195 PRE_VOTE round 0: result REJECTED
2023-08-18 03:36:55,722 [s0@group-E264CA5F8311-LeaderElection195] INFO  server.RaftServer$Division (RaftServerImpl.java:setRole(371)) - s0@group-E264CA5F8311: changes role from CANDIDATE to FOLLOWER at term 1 for REJECTED
2023-08-18 03:36:55,722 [s0@group-E264CA5F8311-LeaderElection195] INFO  impl.RoleInfo (RoleInfo.java:shutdownLeaderElection(129)) - s0: shutdown s0@group-E264CA5F8311-LeaderElection195
2023-08-18 03:36:55,722 [s0@group-E264CA5F8311-LeaderElection195] INFO  impl.RoleInfo (RoleInfo.java:updateAndGet(138)) - s0: start s0@group-E264CA5F8311-FollowerState
2023-08-18 03:36:55,731 [s1-server-thread1] INFO  server.RaftServer$Division (RaftServerImpl.java:setConfigurationAsync(1238)) - s1@group-E264CA5F8311: receive setConfiguration SetConfigurationRequest:client-255CF6B0DA3F->s1@group-E264CA5F8311, cid=386, seq=0, RW, null, SET_UNCONDITIONALLY, servers:[s1|rpc:0.0.0.0:34459|dataStream:|priority:0|startupRole:FOLLOWER, s2|rpc:0.0.0.0:43137|dataStream:|priority:0|startupRole:FOLLOWER, s0|rpc:localhost:39295|admin:localhost:44843|client:localhost:40991|dataStream:localhost:40677|priority:0|startupRole:FOLLOWER], listeners:[]
2023-08-18 03:36:55,835 [s0-server-thread1] INFO  server.RaftServer$Division (RaftServerImpl.java:setConfigurationAsync(1238)) - s0@group-E264CA5F8311: receive setConfiguration SetConfigurationRequest:client-255CF6B0DA3F->s0@group-E264CA5F8311, cid=386, seq=0, RW, null, SET_UNCONDITIONALLY, servers:[s1|rpc:0.0.0.0:34459|dataStream:|priority:0|startupRole:FOLLOWER, s2|rpc:0.0.0.0:43137|dataStream:|priority:0|startupRole:FOLLOWER, s0|rpc:localhost:39295|admin:localhost:44843|client:localhost:40991|dataStream:localhost:40677|priority:0|startupRole:FOLLOWER], listeners:[]
2023-08-18 03:36:55,940 [s1-server-thread1] INFO  server.RaftServer$Division (RaftServerImpl.java:setConfigurationAsync(1238)) - s1@group-E264CA5F8311: receive setConfiguration SetConfigurationRequest:client-255CF6B0DA3F->s1@group-E264CA5F8311, cid=386, seq=0, RW, null, SET_UNCONDITIONALLY, servers:[s1|rpc:0.0.0.0:34459|dataStream:|priority:0|startupRole:FOLLOWER, s2|rpc:0.0.0.0:43137|dataStream:|priority:0|startupRole:FOLLOWER, s0|rpc:localhost:39295|admin:localhost:44843|client:localhost:40991|dataStream:localhost:40677|priority:0|startupRole:FOLLOWER], listeners:[]
2023-08-18 03:36:55,963 [s0@group-E264CA5F8311-FollowerState] INFO  impl.FollowerState (FollowerState.java:run(143)) - s0@group-E264CA5F8311-FollowerState: change to CANDIDATE, lastRpcElapsedTime:241425297ns, electionTimeout:241ms
2023-08-18 03:36:55,964 [s0@group-E264CA5F8311-FollowerState] INFO  impl.RoleInfo (RoleInfo.java:shutdownFollowerState(109)) - s0: shutdown s0@group-E264CA5F8311-FollowerState
2023-08-18 03:36:55,964 [s0@group-E264CA5F8311-FollowerState] INFO  server.RaftServer$Division (RaftServerImpl.java:setRole(371)) - s0@group-E264CA5F8311: changes role from  FOLLOWER to CANDIDATE at term 1 for changeToCandidate
2023-08-18 03:36:55,964 [s0@group-E264CA5F8311-FollowerState] INFO  server.RaftServerConfigKeys (ConfUtils.java:logGet(46)) - raft.server.leaderelection.pre-vote = true (default)
2023-08-18 03:36:55,964 [s0@group-E264CA5F8311-FollowerState] INFO  impl.RoleInfo (RoleInfo.java:updateAndGet(138)) - s0: start s0@group-E264CA5F8311-LeaderElection196
2023-08-18 03:36:55,964 [s0@group-E264CA5F8311-LeaderElection196] INFO  impl.LeaderElection (LeaderElection.java:askForVotes(320)) - s0@group-E264CA5F8311-LeaderElection196 PRE_VOTE round 0: submit vote requests at term 1 for 255: peers:[s0|rpc:localhost:39295|admin:localhost:44843|client:localhost:40991|dataStream:localhost:40677|priority:0|startupRole:FOLLOWER, s1|rpc:0.0.0.0:34459|dataStream:|priority:0|startupRole:FOLLOWER, s2|rpc:0.0.0.0:43137|dataStream:|priority:0|startupRole:FOLLOWER]|listeners:[], old=peers:[s0|rpc:localhost:39295|admin:localhost:44843|client:localhost:40991|dataStream:localhost:40677|priority:0|startupRole:FOLLOWER]|listeners:[]
2023-08-18 03:36:55,965 [grpc-default-executor-0] INFO  server.RaftServer$Division (RaftServerImpl.java:requestVote(1344)) - s1@group-E264CA5F8311: receive requestVote(PRE_VOTE, s0, group-E264CA5F8311, 1, (t:1, i:255))
2023-08-18 03:36:55,965 [grpc-default-executor-0] WARN  server.GrpcServerProtocolService (LogUtils.java:warn(122)) - s1: Failed requestVote s0->s1#0: org.apache.ratis.protocol.exceptions.ServerNotReadyException: s1@group-E264CA5F8311 is not in [RUNNING]: current state is STARTING
2023-08-18 03:36:55,966 [grpc-default-executor-3] INFO  server.RaftServer$Division (RaftServerImpl.java:requestVote(1344)) - s2@group-E264CA5F8311: receive requestVote(PRE_VOTE, s0, group-E264CA5F8311, 1, (t:1, i:255))
2023-08-18 03:36:55,966 [grpc-default-executor-3] WARN  server.GrpcServerProtocolService (LogUtils.java:warn(122)) - s2: Failed requestVote s0->s2#0: org.apache.ratis.protocol.exceptions.ServerNotReadyException: s2@group-E264CA5F8311 is not in [RUNNING]: current state is STARTING
2023-08-18 03:36:55,969 [s0@group-E264CA5F8311-LeaderElection196] INFO  impl.LeaderElection (LogUtils.java:infoOrTrace(137)) - s0@group-E264CA5F8311-LeaderElection196 got exception when requesting votes: java.util.concurrent.ExecutionException: org.apache.ratis.thirdparty.io.grpc.StatusRuntimeException: INTERNAL: s1@group-E264CA5F8311 is not in [RUNNING]: current state is STARTING
2023-08-18 03:36:55,969 [s0@group-E264CA5F8311-LeaderElection196] INFO  impl.LeaderElection (LogUtils.java:infoOrTrace(137)) - s0@group-E264CA5F8311-LeaderElection196 got exception when requesting votes: java.util.concurrent.ExecutionException: org.apache.ratis.thirdparty.io.grpc.StatusRuntimeException: INTERNAL: s2@group-E264CA5F8311 is not in [RUNNING]: current state is STARTING
2023-08-18 03:36:55,969 [s0@group-E264CA5F8311-LeaderElection196] INFO  impl.LeaderElection (LeaderElection.java:logAndReturn(89)) - s0@group-E264CA5F8311-LeaderElection196: PRE_VOTE REJECTED received 0 response(s) and 2 exception(s):
2023-08-18 03:36:55,969 [s0@group-E264CA5F8311-LeaderElection196] INFO  impl.LeaderElection (LogUtils.java:infoOrTrace(137)) -   Exception 0: java.util.concurrent.ExecutionException: org.apache.ratis.thirdparty.io.grpc.StatusRuntimeException: INTERNAL: s1@group-E264CA5F8311 is not in [RUNNING]: current state is STARTING
2023-08-18 03:36:55,969 [s0@group-E264CA5F8311-LeaderElection196] INFO  impl.LeaderElection (LogUtils.java:infoOrTrace(137)) -   Exception 1: java.util.concurrent.ExecutionException: org.apache.ratis.thirdparty.io.grpc.StatusRuntimeException: INTERNAL: s2@group-E264CA5F8311 is not in [RUNNING]: current state is STARTING
2023-08-18 03:36:55,969 [s0@group-E264CA5F8311-LeaderElection196] INFO  impl.LeaderElection (LeaderElection.java:askForVotes(322)) - s0@group-E264CA5F8311-LeaderElection196 PRE_VOTE round 0: result REJECTED
2023-08-18 03:36:55,969 [s0@group-E264CA5F8311-LeaderElection196] INFO  server.RaftServer$Division (RaftServerImpl.java:setRole(371)) - s0@group-E264CA5F8311: changes role from CANDIDATE to FOLLOWER at term 1 for REJECTED
2023-08-18 03:36:55,969 [s0@group-E264CA5F8311-LeaderElection196] INFO  impl.RoleInfo (RoleInfo.java:shutdownLeaderElection(129)) - s0: shutdown s0@group-E264CA5F8311-LeaderElection196
2023-08-18 03:36:55,969 [s0@group-E264CA5F8311-LeaderElection196] INFO  impl.RoleInfo (RoleInfo.java:updateAndGet(138)) - s0: start s0@group-E264CA5F8311-FollowerState
2023-08-18 03:36:56,043 [s2-server-thread1] INFO  server.RaftServer$Division (RaftServerImpl.java:setConfigurationAsync(1238)) - s2@group-E264CA5F8311: receive setConfiguration SetConfigurationRequest:client-255CF6B0DA3F->s2@group-E264CA5F8311, cid=386, seq=0, RW, null, SET_UNCONDITIONALLY, servers:[s1|rpc:0.0.0.0:34459|dataStream:|priority:0|startupRole:FOLLOWER, s2|rpc:0.0.0.0:43137|dataStream:|priority:0|startupRole:FOLLOWER, s0|rpc:localhost:39295|admin:localhost:44843|client:localhost:40991|dataStream:localhost:40677|priority:0|startupRole:FOLLOWER], listeners:[]
2023-08-18 03:36:56,147 [s1-server-thread1] INFO  server.RaftServer$Division (RaftServerImpl.java:setConfigurationAsync(1238)) - s1@group-E264CA5F8311: receive setConfiguration SetConfigurationRequest:client-255CF6B0DA3F->s1@group-E264CA5F8311, cid=386, seq=0, RW, null, SET_UNCONDITIONALLY, servers:[s1|rpc:0.0.0.0:34459|dataStream:|priority:0|startupRole:FOLLOWER, s2|rpc:0.0.0.0:43137|dataStream:|priority:0|startupRole:FOLLOWER, s0|rpc:localhost:39295|admin:localhost:44843|client:localhost:40991|dataStream:localhost:40677|priority:0|startupRole:FOLLOWER], listeners:[]
2023-08-18 03:36:56,232 [s0@group-E264CA5F8311-FollowerState] INFO  impl.FollowerState (FollowerState.java:run(143)) - s0@group-E264CA5F8311-FollowerState: change to CANDIDATE, lastRpcElapsedTime:262419040ns, electionTimeout:262ms
2023-08-18 03:36:56,232 [s0@group-E264CA5F8311-FollowerState] INFO  impl.RoleInfo (RoleInfo.java:shutdownFollowerState(109)) - s0: shutdown s0@group-E264CA5F8311-FollowerState
2023-08-18 03:36:56,232 [s0@group-E264CA5F8311-FollowerState] INFO  server.RaftServer$Division (RaftServerImpl.java:setRole(371)) - s0@group-E264CA5F8311: changes role from  FOLLOWER to CANDIDATE at term 1 for changeToCandidate
2023-08-18 03:36:56,232 [s0@group-E264CA5F8311-FollowerState] INFO  server.RaftServerConfigKeys (ConfUtils.java:logGet(46)) - raft.server.leaderelection.pre-vote = true (default)
2023-08-18 03:36:56,232 [s0@group-E264CA5F8311-FollowerState] INFO  impl.RoleInfo (RoleInfo.java:updateAndGet(138)) - s0: start s0@group-E264CA5F8311-LeaderElection197
2023-08-18 03:36:56,232 [s0@group-E264CA5F8311-LeaderElection197] INFO  impl.LeaderElection (LeaderElection.java:askForVotes(320)) - s0@group-E264CA5F8311-LeaderElection197 PRE_VOTE round 0: submit vote requests at term 1 for 255: peers:[s0|rpc:localhost:39295|admin:localhost:44843|client:localhost:40991|dataStream:localhost:40677|priority:0|startupRole:FOLLOWER, s1|rpc:0.0.0.0:34459|dataStream:|priority:0|startupRole:FOLLOWER, s2|rpc:0.0.0.0:43137|dataStream:|priority:0|startupRole:FOLLOWER]|listeners:[], old=peers:[s0|rpc:localhost:39295|admin:localhost:44843|client:localhost:40991|dataStream:localhost:40677|priority:0|startupRole:FOLLOWER]|listeners:[]
2023-08-18 03:36:56,233 [grpc-default-executor-0] INFO  server.RaftServer$Division (RaftServerImpl.java:requestVote(1344)) - s1@group-E264CA5F8311: receive requestVote(PRE_VOTE, s0, group-E264CA5F8311, 1, (t:1, i:255))
2023-08-18 03:36:56,233 [grpc-default-executor-3] INFO  server.RaftServer$Division (RaftServerImpl.java:requestVote(1344)) - s2@group-E264CA5F8311: receive requestVote(PRE_VOTE, s0, group-E264CA5F8311, 1, (t:1, i:255))
2023-08-18 03:36:56,233 [grpc-default-executor-0] WARN  server.GrpcServerProtocolService (LogUtils.java:warn(122)) - s1: Failed requestVote s0->s1#0: org.apache.ratis.protocol.exceptions.ServerNotReadyException: s1@group-E264CA5F8311 is not in [RUNNING]: current state is STARTING
2023-08-18 03:36:56,233 [grpc-default-executor-3] WARN  server.GrpcServerProtocolService (LogUtils.java:warn(122)) - s2: Failed requestVote s0->s2#0: org.apache.ratis.protocol.exceptions.ServerNotReadyException: s2@group-E264CA5F8311 is not in [RUNNING]: current state is STARTING
2023-08-18 03:36:56,234 [s0@group-E264CA5F8311-LeaderElection197] INFO  impl.LeaderElection (LogUtils.java:infoOrTrace(137)) - s0@group-E264CA5F8311-LeaderElection197 got exception when requesting votes: java.util.concurrent.ExecutionException: org.apache.ratis.thirdparty.io.grpc.StatusRuntimeException: INTERNAL: s1@group-E264CA5F8311 is not in [RUNNING]: current state is STARTING
2023-08-18 03:36:56,235 [s0@group-E264CA5F8311-LeaderElection197] INFO  impl.LeaderElection (LogUtils.java:infoOrTrace(137)) - s0@group-E264CA5F8311-LeaderElection197 got exception when requesting votes: java.util.concurrent.ExecutionException: org.apache.ratis.thirdparty.io.grpc.StatusRuntimeException: INTERNAL: s2@group-E264CA5F8311 is not in [RUNNING]: current state is STARTING
2023-08-18 03:36:56,235 [s0@group-E264CA5F8311-LeaderElection197] INFO  impl.LeaderElection (LeaderElection.java:logAndReturn(89)) - s0@group-E264CA5F8311-LeaderElection197: PRE_VOTE REJECTED received 0 response(s) and 2 exception(s):
2023-08-18 03:36:56,235 [s0@group-E264CA5F8311-LeaderElection197] INFO  impl.LeaderElection (LogUtils.java:infoOrTrace(137)) -   Exception 0: java.util.concurrent.ExecutionException: org.apache.ratis.thirdparty.io.grpc.StatusRuntimeException: INTERNAL: s1@group-E264CA5F8311 is not in [RUNNING]: current state is STARTING
2023-08-18 03:36:56,235 [s0@group-E264CA5F8311-LeaderElection197] INFO  impl.LeaderElection (LogUtils.java:infoOrTrace(137)) -   Exception 1: java.util.concurrent.ExecutionException: org.apache.ratis.thirdparty.io.grpc.StatusRuntimeException: INTERNAL: s2@group-E264CA5F8311 is not in [RUNNING]: current state is STARTING
2023-08-18 03:36:56,235 [s0@group-E264CA5F8311-LeaderElection197] INFO  impl.LeaderElection (LeaderElection.java:askForVotes(322)) - s0@group-E264CA5F8311-LeaderElection197 PRE_VOTE round 0: result REJECTED
2023-08-18 03:36:56,235 [s0@group-E264CA5F8311-LeaderElection197] INFO  server.RaftServer$Division (RaftServerImpl.java:setRole(371)) - s0@group-E264CA5F8311: changes role from CANDIDATE to FOLLOWER at term 1 for REJECTED
2023-08-18 03:36:56,235 [s0@group-E264CA5F8311-LeaderElection197] INFO  impl.RoleInfo (RoleInfo.java:shutdownLeaderElection(129)) - s0: shutdown s0@group-E264CA5F8311-LeaderElection197
2023-08-18 03:36:56,235 [s0@group-E264CA5F8311-LeaderElection197] INFO  impl.RoleInfo (RoleInfo.java:updateAndGet(138)) - s0: start s0@group-E264CA5F8311-FollowerState
2023-08-18 03:36:56,250 [s2-server-thread1] INFO  server.RaftServer$Division (RaftServerImpl.java:setConfigurationAsync(1238)) - s2@group-E264CA5F8311: receive setConfiguration SetConfigurationRequest:client-255CF6B0DA3F->s2@group-E264CA5F8311, cid=386, seq=0, RW, null, SET_UNCONDITIONALLY, servers:[s1|rpc:0.0.0.0:34459|dataStream:|priority:0|startupRole:FOLLOWER, s2|rpc:0.0.0.0:43137|dataStream:|priority:0|startupRole:FOLLOWER, s0|rpc:localhost:39295|admin:localhost:44843|client:localhost:40991|dataStream:localhost:40677|priority:0|startupRole:FOLLOWER], listeners:[]
2023-08-18 03:36:56,355 [s0-server-thread1] INFO  server.RaftServer$Division (RaftServerImpl.java:setConfigurationAsync(1238)) - s0@group-E264CA5F8311: receive setConfiguration SetConfigurationRequest:client-255CF6B0DA3F->s0@group-E264CA5F8311, cid=386, seq=0, RW, null, SET_UNCONDITIONALLY, servers:[s1|rpc:0.0.0.0:34459|dataStream:|priority:0|startupRole:FOLLOWER, s2|rpc:0.0.0.0:43137|dataStream:|priority:0|startupRole:FOLLOWER, s0|rpc:localhost:39295|admin:localhost:44843|client:localhost:40991|dataStream:localhost:40677|priority:0|startupRole:FOLLOWER], listeners:[]
2023-08-18 03:36:56,458 [s1-server-thread1] INFO  server.RaftServer$Division (RaftServerImpl.java:setConfigurationAsync(1238)) - s1@group-E264CA5F8311: receive setConfiguration SetConfigurationRequest:client-255CF6B0DA3F->s1@group-E264CA5F8311, cid=386, seq=0, RW, null, SET_UNCONDITIONALLY, servers:[s1|rpc:0.0.0.0:34459|dataStream:|priority:0|startupRole:FOLLOWER, s2|rpc:0.0.0.0:43137|dataStream:|priority:0|startupRole:FOLLOWER, s0|rpc:localhost:39295|admin:localhost:44843|client:localhost:40991|dataStream:localhost:40677|priority:0|startupRole:FOLLOWER], listeners:[]
2023-08-18 03:36:56,530 [s0@group-E264CA5F8311-FollowerState] INFO  impl.FollowerState (FollowerState.java:run(143)) - s0@group-E264CA5F8311-FollowerState: change to CANDIDATE, lastRpcElapsedTime:295316194ns, electionTimeout:295ms
2023-08-18 03:36:56,530 [s0@group-E264CA5F8311-FollowerState] INFO  impl.RoleInfo (RoleInfo.java:shutdownFollowerState(109)) - s0: shutdown s0@group-E264CA5F8311-FollowerState
2023-08-18 03:36:56,530 [s0@group-E264CA5F8311-FollowerState] INFO  server.RaftServer$Division (RaftServerImpl.java:setRole(371)) - s0@group-E264CA5F8311: changes role from  FOLLOWER to CANDIDATE at term 1 for changeToCandidate
2023-08-18 03:36:56,530 [s0@group-E264CA5F8311-FollowerState] INFO  server.RaftServerConfigKeys (ConfUtils.java:logGet(46)) - raft.server.leaderelection.pre-vote = true (default)
2023-08-18 03:36:56,530 [s0@group-E264CA5F8311-FollowerState] INFO  impl.RoleInfo (RoleInfo.java:updateAndGet(138)) - s0: start s0@group-E264CA5F8311-LeaderElection198
2023-08-18 03:36:56,531 [s0@group-E264CA5F8311-LeaderElection198] INFO  impl.LeaderElection (LeaderElection.java:askForVotes(320)) - s0@group-E264CA5F8311-LeaderElection198 PRE_VOTE round 0: submit vote requests at term 1 for 255: peers:[s0|rpc:localhost:39295|admin:localhost:44843|client:localhost:40991|dataStream:localhost:40677|priority:0|startupRole:FOLLOWER, s1|rpc:0.0.0.0:34459|dataStream:|priority:0|startupRole:FOLLOWER, s2|rpc:0.0.0.0:43137|dataStream:|priority:0|startupRole:FOLLOWER]|listeners:[], old=peers:[s0|rpc:localhost:39295|admin:localhost:44843|client:localhost:40991|dataStream:localhost:40677|priority:0|startupRole:FOLLOWER]|listeners:[]
2023-08-18 03:36:56,531 [grpc-default-executor-0] INFO  server.RaftServer$Division (RaftServerImpl.java:requestVote(1344)) - s1@group-E264CA5F8311: receive requestVote(PRE_VOTE, s0, group-E264CA5F8311, 1, (t:1, i:255))
2023-08-18 03:36:56,532 [grpc-default-executor-3] INFO  server.RaftServer$Division (RaftServerImpl.java:requestVote(1344)) - s2@group-E264CA5F8311: receive requestVote(PRE_VOTE, s0, group-E264CA5F8311, 1, (t:1, i:255))
2023-08-18 03:36:56,532 [grpc-default-executor-0] WARN  server.GrpcServerProtocolService (LogUtils.java:warn(122)) - s1: Failed requestVote s0->s1#0: org.apache.ratis.protocol.exceptions.ServerNotReadyException: s1@group-E264CA5F8311 is not in [RUNNING]: current state is STARTING
2023-08-18 03:36:56,532 [grpc-default-executor-3] WARN  server.GrpcServerProtocolService (LogUtils.java:warn(122)) - s2: Failed requestVote s0->s2#0: org.apache.ratis.protocol.exceptions.ServerNotReadyException: s2@group-E264CA5F8311 is not in [RUNNING]: current state is STARTING
2023-08-18 03:36:56,532 [s0@group-E264CA5F8311-LeaderElection198] INFO  impl.LeaderElection (LogUtils.java:infoOrTrace(137)) - s0@group-E264CA5F8311-LeaderElection198 got exception when requesting votes: java.util.concurrent.ExecutionException: org.apache.ratis.thirdparty.io.grpc.StatusRuntimeException: INTERNAL: s2@group-E264CA5F8311 is not in [RUNNING]: current state is STARTING
2023-08-18 03:36:56,532 [s0@group-E264CA5F8311-LeaderElection198] INFO  impl.LeaderElection (LogUtils.java:infoOrTrace(137)) - s0@group-E264CA5F8311-LeaderElection198 got exception when requesting votes: java.util.concurrent.ExecutionException: org.apache.ratis.thirdparty.io.grpc.StatusRuntimeException: INTERNAL: s1@group-E264CA5F8311 is not in [RUNNING]: current state is STARTING
2023-08-18 03:36:56,532 [s0@group-E264CA5F8311-LeaderElection198] INFO  impl.LeaderElection (LeaderElection.java:logAndReturn(89)) - s0@group-E264CA5F8311-LeaderElection198: PRE_VOTE REJECTED received 0 response(s) and 2 exception(s):
2023-08-18 03:36:56,532 [s0@group-E264CA5F8311-LeaderElection198] INFO  impl.LeaderElection (LogUtils.java:infoOrTrace(137)) -   Exception 0: java.util.concurrent.ExecutionException: org.apache.ratis.thirdparty.io.grpc.StatusRuntimeException: INTERNAL: s2@group-E264CA5F8311 is not in [RUNNING]: current state is STARTING
2023-08-18 03:36:56,532 [s0@group-E264CA5F8311-LeaderElection198] INFO  impl.LeaderElection (LogUtils.java:infoOrTrace(137)) -   Exception 1: java.util.concurrent.ExecutionException: org.apache.ratis.thirdparty.io.grpc.StatusRuntimeException: INTERNAL: s1@group-E264CA5F8311 is not in [RUNNING]: current state is STARTING
2023-08-18 03:36:56,532 [s0@group-E264CA5F8311-LeaderElection198] INFO  impl.LeaderElection (LeaderElection.java:askForVotes(322)) - s0@group-E264CA5F8311-LeaderElection198 PRE_VOTE round 0: result REJECTED
2023-08-18 03:36:56,532 [s0@group-E264CA5F8311-LeaderElection198] INFO  server.RaftServer$Division (RaftServerImpl.java:setRole(371)) - s0@group-E264CA5F8311: changes role from CANDIDATE to FOLLOWER at term 1 for REJECTED
2023-08-18 03:36:56,532 [s0@group-E264CA5F8311-LeaderElection198] INFO  impl.RoleInfo (RoleInfo.java:shutdownLeaderElection(129)) - s0: shutdown s0@group-E264CA5F8311-LeaderElection198
2023-08-18 03:36:56,532 [s0@group-E264CA5F8311-LeaderElection198] INFO  impl.RoleInfo (RoleInfo.java:updateAndGet(138)) - s0: start s0@group-E264CA5F8311-FollowerState
2023-08-18 03:36:56,562 [s0-server-thread1] INFO  server.RaftServer$Division (RaftServerImpl.java:setConfigurationAsync(1238)) - s0@group-E264CA5F8311: receive setConfiguration SetConfigurationRequest:client-255CF6B0DA3F->s0@group-E264CA5F8311, cid=386, seq=0, RW, null, SET_UNCONDITIONALLY, servers:[s1|rpc:0.0.0.0:34459|dataStream:|priority:0|startupRole:FOLLOWER, s2|rpc:0.0.0.0:43137|dataStream:|priority:0|startupRole:FOLLOWER, s0|rpc:localhost:39295|admin:localhost:44843|client:localhost:40991|dataStream:localhost:40677|priority:0|startupRole:FOLLOWER], listeners:[]
2023-08-18 03:36:56,665 [s2-server-thread1] INFO  server.RaftServer$Division (RaftServerImpl.java:setConfigurationAsync(1238)) - s2@group-E264CA5F8311: receive setConfiguration SetConfigurationRequest:client-255CF6B0DA3F->s2@group-E264CA5F8311, cid=386, seq=0, RW, null, SET_UNCONDITIONALLY, servers:[s1|rpc:0.0.0.0:34459|dataStream:|priority:0|startupRole:FOLLOWER, s2|rpc:0.0.0.0:43137|dataStream:|priority:0|startupRole:FOLLOWER, s0|rpc:localhost:39295|admin:localhost:44843|client:localhost:40991|dataStream:localhost:40677|priority:0|startupRole:FOLLOWER], listeners:[]
2023-08-18 03:36:56,746 [s0@group-E264CA5F8311-FollowerState] INFO  impl.FollowerState (FollowerState.java:run(143)) - s0@group-E264CA5F8311-FollowerState: change to CANDIDATE, lastRpcElapsedTime:213255023ns, electionTimeout:213ms
2023-08-18 03:36:56,746 [s0@group-E264CA5F8311-FollowerState] INFO  impl.RoleInfo (RoleInfo.java:shutdownFollowerState(109)) - s0: shutdown s0@group-E264CA5F8311-FollowerState
2023-08-18 03:36:56,746 [s0@group-E264CA5F8311-FollowerState] INFO  server.RaftServer$Division (RaftServerImpl.java:setRole(371)) - s0@group-E264CA5F8311: changes role from  FOLLOWER to CANDIDATE at term 1 for changeToCandidate
2023-08-18 03:36:56,746 [s0@group-E264CA5F8311-FollowerState] INFO  server.RaftServerConfigKeys (ConfUtils.java:logGet(46)) - raft.server.leaderelection.pre-vote = true (default)
2023-08-18 03:36:56,746 [s0@group-E264CA5F8311-FollowerState] INFO  impl.RoleInfo (RoleInfo.java:updateAndGet(138)) - s0: start s0@group-E264CA5F8311-LeaderElection199
2023-08-18 03:36:56,746 [s0@group-E264CA5F8311-LeaderElection199] INFO  impl.LeaderElection (LeaderElection.java:askForVotes(320)) - s0@group-E264CA5F8311-LeaderElection199 PRE_VOTE round 0: submit vote requests at term 1 for 255: peers:[s0|rpc:localhost:39295|admin:localhost:44843|client:localhost:40991|dataStream:localhost:40677|priority:0|startupRole:FOLLOWER, s1|rpc:0.0.0.0:34459|dataStream:|priority:0|startupRole:FOLLOWER, s2|rpc:0.0.0.0:43137|dataStream:|priority:0|startupRole:FOLLOWER]|listeners:[], old=peers:[s0|rpc:localhost:39295|admin:localhost:44843|client:localhost:40991|dataStream:localhost:40677|priority:0|startupRole:FOLLOWER]|listeners:[]
2023-08-18 03:36:56,747 [grpc-default-executor-3] INFO  server.RaftServer$Division (RaftServerImpl.java:requestVote(1344)) - s1@group-E264CA5F8311: receive requestVote(PRE_VOTE, s0, group-E264CA5F8311, 1, (t:1, i:255))
2023-08-18 03:36:56,747 [grpc-default-executor-3] WARN  server.GrpcServerProtocolService (LogUtils.java:warn(122)) - s1: Failed requestVote s0->s1#0: org.apache.ratis.protocol.exceptions.ServerNotReadyException: s1@group-E264CA5F8311 is not in [RUNNING]: current state is STARTING
2023-08-18 03:36:56,747 [grpc-default-executor-3] INFO  server.RaftServer$Division (RaftServerImpl.java:requestVote(1344)) - s2@group-E264CA5F8311: receive requestVote(PRE_VOTE, s0, group-E264CA5F8311, 1, (t:1, i:255))
2023-08-18 03:36:56,747 [grpc-default-executor-3] WARN  server.GrpcServerProtocolService (LogUtils.java:warn(122)) - s2: Failed requestVote s0->s2#0: org.apache.ratis.protocol.exceptions.ServerNotReadyException: s2@group-E264CA5F8311 is not in [RUNNING]: current state is STARTING
2023-08-18 03:36:56,748 [s0@group-E264CA5F8311-LeaderElection199] INFO  impl.LeaderElection (LogUtils.java:infoOrTrace(137)) - s0@group-E264CA5F8311-LeaderElection199 got exception when requesting votes: java.util.concurrent.ExecutionException: org.apache.ratis.thirdparty.io.grpc.StatusRuntimeException: INTERNAL: s1@group-E264CA5F8311 is not in [RUNNING]: current state is STARTING
2023-08-18 03:36:56,748 [s0@group-E264CA5F8311-LeaderElection199] INFO  impl.LeaderElection (LogUtils.java:infoOrTrace(137)) - s0@group-E264CA5F8311-LeaderElection199 got exception when requesting votes: java.util.concurrent.ExecutionException: org.apache.ratis.thirdparty.io.grpc.StatusRuntimeException: INTERNAL: s2@group-E264CA5F8311 is not in [RUNNING]: current state is STARTING
2023-08-18 03:36:56,748 [s0@group-E264CA5F8311-LeaderElection199] INFO  impl.LeaderElection (LeaderElection.java:logAndReturn(89)) - s0@group-E264CA5F8311-LeaderElection199: PRE_VOTE REJECTED received 0 response(s) and 2 exception(s):
2023-08-18 03:36:56,748 [s0@group-E264CA5F8311-LeaderElection199] INFO  impl.LeaderElection (LogUtils.java:infoOrTrace(137)) -   Exception 0: java.util.concurrent.ExecutionException: org.apache.ratis.thirdparty.io.grpc.StatusRuntimeException: INTERNAL: s1@group-E264CA5F8311 is not in [RUNNING]: current state is STARTING
2023-08-18 03:36:56,748 [s0@group-E264CA5F8311-LeaderElection199] INFO  impl.LeaderElection (LogUtils.java:infoOrTrace(137)) -   Exception 1: java.util.concurrent.ExecutionException: org.apache.ratis.thirdparty.io.grpc.StatusRuntimeException: INTERNAL: s2@group-E264CA5F8311 is not in [RUNNING]: current state is STARTING
2023-08-18 03:36:56,748 [s0@group-E264CA5F8311-LeaderElection199] INFO  impl.LeaderElection (LeaderElection.java:askForVotes(322)) - s0@group-E264CA5F8311-LeaderElection199 PRE_VOTE round 0: result REJECTED
2023-08-18 03:36:56,748 [s0@group-E264CA5F8311-LeaderElection199] INFO  server.RaftServer$Division (RaftServerImpl.java:setRole(371)) - s0@group-E264CA5F8311: changes role from CANDIDATE to FOLLOWER at term 1 for REJECTED
2023-08-18 03:36:56,748 [s0@group-E264CA5F8311-LeaderElection199] INFO  impl.RoleInfo (RoleInfo.java:shutdownLeaderElection(129)) - s0: shutdown s0@group-E264CA5F8311-LeaderElection199
2023-08-18 03:36:56,748 [s0@group-E264CA5F8311-LeaderElection199] INFO  impl.RoleInfo (RoleInfo.java:updateAndGet(138)) - s0: start s0@group-E264CA5F8311-FollowerState
2023-08-18 03:36:56,769 [s0-server-thread1] INFO  server.RaftServer$Division (RaftServerImpl.java:setConfigurationAsync(1238)) - s0@group-E264CA5F8311: receive setConfiguration SetConfigurationRequest:client-255CF6B0DA3F->s0@group-E264CA5F8311, cid=386, seq=0, RW, null, SET_UNCONDITIONALLY, servers:[s1|rpc:0.0.0.0:34459|dataStream:|priority:0|startupRole:FOLLOWER, s2|rpc:0.0.0.0:43137|dataStream:|priority:0|startupRole:FOLLOWER, s0|rpc:localhost:39295|admin:localhost:44843|client:localhost:40991|dataStream:localhost:40677|priority:0|startupRole:FOLLOWER], listeners:[]
2023-08-18 03:36:56,872 [s2-server-thread1] INFO  server.RaftServer$Division (RaftServerImpl.java:setConfigurationAsync(1238)) - s2@group-E264CA5F8311: receive setConfiguration SetConfigurationRequest:client-255CF6B0DA3F->s2@group-E264CA5F8311, cid=386, seq=0, RW, null, SET_UNCONDITIONALLY, servers:[s1|rpc:0.0.0.0:34459|dataStream:|priority:0|startupRole:FOLLOWER, s2|rpc:0.0.0.0:43137|dataStream:|priority:0|startupRole:FOLLOWER, s0|rpc:localhost:39295|admin:localhost:44843|client:localhost:40991|dataStream:localhost:40677|priority:0|startupRole:FOLLOWER], listeners:[]
2023-08-18 03:36:56,976 [s1-server-thread1] INFO  server.RaftServer$Division (RaftServerImpl.java:setConfigurationAsync(1238)) - s1@group-E264CA5F8311: receive setConfiguration SetConfigurationRequest:client-255CF6B0DA3F->s1@group-E264CA5F8311, cid=386, seq=0, RW, null, SET_UNCONDITIONALLY, servers:[s1|rpc:0.0.0.0:34459|dataStream:|priority:0|startupRole:FOLLOWER, s2|rpc:0.0.0.0:43137|dataStream:|priority:0|startupRole:FOLLOWER, s0|rpc:localhost:39295|admin:localhost:44843|client:localhost:40991|dataStream:localhost:40677|priority:0|startupRole:FOLLOWER], listeners:[]
2023-08-18 03:36:57,010 [s0@group-E264CA5F8311-FollowerState] INFO  impl.FollowerState (FollowerState.java:run(143)) - s0@group-E264CA5F8311-FollowerState: change to CANDIDATE, lastRpcElapsedTime:262425703ns, electionTimeout:262ms
2023-08-18 03:36:57,011 [s0@group-E264CA5F8311-FollowerState] INFO  impl.RoleInfo (RoleInfo.java:shutdownFollowerState(109)) - s0: shutdown s0@group-E264CA5F8311-FollowerState
2023-08-18 03:36:57,011 [s0@group-E264CA5F8311-FollowerState] INFO  server.RaftServer$Division (RaftServerImpl.java:setRole(371)) - s0@group-E264CA5F8311: changes role from  FOLLOWER to CANDIDATE at term 1 for changeToCandidate
2023-08-18 03:36:57,011 [s0@group-E264CA5F8311-FollowerState] INFO  server.RaftServerConfigKeys (ConfUtils.java:logGet(46)) - raft.server.leaderelection.pre-vote = true (default)
2023-08-18 03:36:57,011 [s0@group-E264CA5F8311-FollowerState] INFO  impl.RoleInfo (RoleInfo.java:updateAndGet(138)) - s0: start s0@group-E264CA5F8311-LeaderElection200
2023-08-18 03:36:57,011 [s0@group-E264CA5F8311-LeaderElection200] INFO  impl.LeaderElection (LeaderElection.java:askForVotes(320)) - s0@group-E264CA5F8311-LeaderElection200 PRE_VOTE round 0: submit vote requests at term 1 for 255: peers:[s0|rpc:localhost:39295|admin:localhost:44843|client:localhost:40991|dataStream:localhost:40677|priority:0|startupRole:FOLLOWER, s1|rpc:0.0.0.0:34459|dataStream:|priority:0|startupRole:FOLLOWER, s2|rpc:0.0.0.0:43137|dataStream:|priority:0|startupRole:FOLLOWER]|listeners:[], old=peers:[s0|rpc:localhost:39295|admin:localhost:44843|client:localhost:40991|dataStream:localhost:40677|priority:0|startupRole:FOLLOWER]|listeners:[]
2023-08-18 03:36:57,012 [grpc-default-executor-3] INFO  server.RaftServer$Division (RaftServerImpl.java:requestVote(1344)) - s1@group-E264CA5F8311: receive requestVote(PRE_VOTE, s0, group-E264CA5F8311, 1, (t:1, i:255))
2023-08-18 03:36:57,012 [grpc-default-executor-3] WARN  server.GrpcServerProtocolService (LogUtils.java:warn(122)) - s1: Failed requestVote s0->s1#0: org.apache.ratis.protocol.exceptions.ServerNotReadyException: s1@group-E264CA5F8311 is not in [RUNNING]: current state is STARTING
2023-08-18 03:36:57,012 [s0@group-E264CA5F8311-LeaderElection200] INFO  impl.LeaderElection (LogUtils.java:infoOrTrace(137)) - s0@group-E264CA5F8311-LeaderElection200 got exception when requesting votes: java.util.concurrent.ExecutionException: org.apache.ratis.thirdparty.io.grpc.StatusRuntimeException: INTERNAL: s1@group-E264CA5F8311 is not in [RUNNING]: current state is STARTING
2023-08-18 03:36:57,013 [grpc-default-executor-3] INFO  server.RaftServer$Division (RaftServerImpl.java:requestVote(1344)) - s2@group-E264CA5F8311: receive requestVote(PRE_VOTE, s0, group-E264CA5F8311, 1, (t:1, i:255))
2023-08-18 03:36:57,013 [grpc-default-executor-3] WARN  server.GrpcServerProtocolService (LogUtils.java:warn(122)) - s2: Failed requestVote s0->s2#0: org.apache.ratis.protocol.exceptions.ServerNotReadyException: s2@group-E264CA5F8311 is not in [RUNNING]: current state is STARTING
2023-08-18 03:36:57,013 [s0@group-E264CA5F8311-LeaderElection200] INFO  impl.LeaderElection (LogUtils.java:infoOrTrace(137)) - s0@group-E264CA5F8311-LeaderElection200 got exception when requesting votes: java.util.concurrent.ExecutionException: org.apache.ratis.thirdparty.io.grpc.StatusRuntimeException: INTERNAL: s2@group-E264CA5F8311 is not in [RUNNING]: current state is STARTING
2023-08-18 03:36:57,013 [s0@group-E264CA5F8311-LeaderElection200] INFO  impl.LeaderElection (LeaderElection.java:logAndReturn(89)) - s0@group-E264CA5F8311-LeaderElection200: PRE_VOTE REJECTED received 0 response(s) and 2 exception(s):
2023-08-18 03:36:57,013 [s0@group-E264CA5F8311-LeaderElection200] INFO  impl.LeaderElection (LogUtils.java:infoOrTrace(137)) -   Exception 0: java.util.concurrent.ExecutionException: org.apache.ratis.thirdparty.io.grpc.StatusRuntimeException: INTERNAL: s1@group-E264CA5F8311 is not in [RUNNING]: current state is STARTING
2023-08-18 03:36:57,013 [s0@group-E264CA5F8311-LeaderElection200] INFO  impl.LeaderElection (LogUtils.java:infoOrTrace(137)) -   Exception 1: java.util.concurrent.ExecutionException: org.apache.ratis.thirdparty.io.grpc.StatusRuntimeException: INTERNAL: s2@group-E264CA5F8311 is not in [RUNNING]: current state is STARTING
2023-08-18 03:36:57,013 [s0@group-E264CA5F8311-LeaderElection200] INFO  impl.LeaderElection (LeaderElection.java:askForVotes(322)) - s0@group-E264CA5F8311-LeaderElection200 PRE_VOTE round 0: result REJECTED
2023-08-18 03:36:57,013 [s0@group-E264CA5F8311-LeaderElection200] INFO  server.RaftServer$Division (RaftServerImpl.java:setRole(371)) - s0@group-E264CA5F8311: changes role from CANDIDATE to FOLLOWER at term 1 for REJECTED
2023-08-18 03:36:57,013 [s0@group-E264CA5F8311-LeaderElection200] INFO  impl.RoleInfo (RoleInfo.java:shutdownLeaderElection(129)) - s0: shutdown s0@group-E264CA5F8311-LeaderElection200
2023-08-18 03:36:57,013 [s0@group-E264CA5F8311-LeaderElection200] INFO  impl.RoleInfo (RoleInfo.java:updateAndGet(138)) - s0: start s0@group-E264CA5F8311-FollowerState
2023-08-18 03:36:57,080 [s0-server-thread1] INFO  server.RaftServer$Division (RaftServerImpl.java:setConfigurationAsync(1238)) - s0@group-E264CA5F8311: receive setConfiguration SetConfigurationRequest:client-255CF6B0DA3F->s0@group-E264CA5F8311, cid=386, seq=0, RW, null, SET_UNCONDITIONALLY, servers:[s1|rpc:0.0.0.0:34459|dataStream:|priority:0|startupRole:FOLLOWER, s2|rpc:0.0.0.0:43137|dataStream:|priority:0|startupRole:FOLLOWER, s0|rpc:localhost:39295|admin:localhost:44843|client:localhost:40991|dataStream:localhost:40677|priority:0|startupRole:FOLLOWER], listeners:[]
2023-08-18 03:36:57,184 [s1-server-thread1] INFO  server.RaftServer$Division (RaftServerImpl.java:setConfigurationAsync(1238)) - s1@group-E264CA5F8311: receive setConfiguration SetConfigurationRequest:client-255CF6B0DA3F->s1@group-E264CA5F8311, cid=386, seq=0, RW, null, SET_UNCONDITIONALLY, servers:[s1|rpc:0.0.0.0:34459|dataStream:|priority:0|startupRole:FOLLOWER, s2|rpc:0.0.0.0:43137|dataStream:|priority:0|startupRole:FOLLOWER, s0|rpc:localhost:39295|admin:localhost:44843|client:localhost:40991|dataStream:localhost:40677|priority:0|startupRole:FOLLOWER], listeners:[]
2023-08-18 03:36:57,209 [s0@group-E264CA5F8311-FollowerState] INFO  impl.FollowerState (FollowerState.java:run(143)) - s0@group-E264CA5F8311-FollowerState: change to CANDIDATE, lastRpcElapsedTime:195159048ns, electionTimeout:194ms
2023-08-18 03:36:57,209 [s0@group-E264CA5F8311-FollowerState] INFO  impl.RoleInfo (RoleInfo.java:shutdownFollowerState(109)) - s0: shutdown s0@group-E264CA5F8311-FollowerState
2023-08-18 03:36:57,209 [s0@group-E264CA5F8311-FollowerState] INFO  server.RaftServer$Division (RaftServerImpl.java:setRole(371)) - s0@group-E264CA5F8311: changes role from  FOLLOWER to CANDIDATE at term 1 for changeToCandidate
2023-08-18 03:36:57,209 [s0@group-E264CA5F8311-FollowerState] INFO  server.RaftServerConfigKeys (ConfUtils.java:logGet(46)) - raft.server.leaderelection.pre-vote = true (default)
2023-08-18 03:36:57,209 [s0@group-E264CA5F8311-FollowerState] INFO  impl.RoleInfo (RoleInfo.java:updateAndGet(138)) - s0: start s0@group-E264CA5F8311-LeaderElection201
2023-08-18 03:36:57,209 [s0@group-E264CA5F8311-LeaderElection201] INFO  impl.LeaderElection (LeaderElection.java:askForVotes(320)) - s0@group-E264CA5F8311-LeaderElection201 PRE_VOTE round 0: submit vote requests at term 1 for 255: peers:[s0|rpc:localhost:39295|admin:localhost:44843|client:localhost:40991|dataStream:localhost:40677|priority:0|startupRole:FOLLOWER, s1|rpc:0.0.0.0:34459|dataStream:|priority:0|startupRole:FOLLOWER, s2|rpc:0.0.0.0:43137|dataStream:|priority:0|startupRole:FOLLOWER]|listeners:[], old=peers:[s0|rpc:localhost:39295|admin:localhost:44843|client:localhost:40991|dataStream:localhost:40677|priority:0|startupRole:FOLLOWER]|listeners:[]
2023-08-18 03:36:57,210 [grpc-default-executor-3] INFO  server.RaftServer$Division (RaftServerImpl.java:requestVote(1344)) - s1@group-E264CA5F8311: receive requestVote(PRE_VOTE, s0, group-E264CA5F8311, 1, (t:1, i:255))
2023-08-18 03:36:57,210 [grpc-default-executor-3] WARN  server.GrpcServerProtocolService (LogUtils.java:warn(122)) - s1: Failed requestVote s0->s1#0: org.apache.ratis.protocol.exceptions.ServerNotReadyException: s1@group-E264CA5F8311 is not in [RUNNING]: current state is STARTING
2023-08-18 03:36:57,210 [grpc-default-executor-0] INFO  server.RaftServer$Division (RaftServerImpl.java:requestVote(1344)) - s2@group-E264CA5F8311: receive requestVote(PRE_VOTE, s0, group-E264CA5F8311, 1, (t:1, i:255))
2023-08-18 03:36:57,210 [grpc-default-executor-0] WARN  server.GrpcServerProtocolService (LogUtils.java:warn(122)) - s2: Failed requestVote s0->s2#0: org.apache.ratis.protocol.exceptions.ServerNotReadyException: s2@group-E264CA5F8311 is not in [RUNNING]: current state is STARTING
2023-08-18 03:36:57,210 [s0@group-E264CA5F8311-LeaderElection201] INFO  impl.LeaderElection (LogUtils.java:infoOrTrace(137)) - s0@group-E264CA5F8311-LeaderElection201 got exception when requesting votes: java.util.concurrent.ExecutionException: org.apache.ratis.thirdparty.io.grpc.StatusRuntimeException: INTERNAL: s1@group-E264CA5F8311 is not in [RUNNING]: current state is STARTING
2023-08-18 03:36:57,210 [s0@group-E264CA5F8311-LeaderElection201] INFO  impl.LeaderElection (LogUtils.java:infoOrTrace(137)) - s0@group-E264CA5F8311-LeaderElection201 got exception when requesting votes: java.util.concurrent.ExecutionException: org.apache.ratis.thirdparty.io.grpc.StatusRuntimeException: INTERNAL: s2@group-E264CA5F8311 is not in [RUNNING]: current state is STARTING
2023-08-18 03:36:57,210 [s0@group-E264CA5F8311-LeaderElection201] INFO  impl.LeaderElection (LeaderElection.java:logAndReturn(89)) - s0@group-E264CA5F8311-LeaderElection201: PRE_VOTE REJECTED received 0 response(s) and 2 exception(s):
2023-08-18 03:36:57,211 [s0@group-E264CA5F8311-LeaderElection201] INFO  impl.LeaderElection (LogUtils.java:infoOrTrace(137)) -   Exception 0: java.util.concurrent.ExecutionException: org.apache.ratis.thirdparty.io.grpc.StatusRuntimeException: INTERNAL: s1@group-E264CA5F8311 is not in [RUNNING]: current state is STARTING
2023-08-18 03:36:57,211 [s0@group-E264CA5F8311-LeaderElection201] INFO  impl.LeaderElection (LogUtils.java:infoOrTrace(137)) -   Exception 1: java.util.concurrent.ExecutionException: org.apache.ratis.thirdparty.io.grpc.StatusRuntimeException: INTERNAL: s2@group-E264CA5F8311 is not in [RUNNING]: current state is STARTING
2023-08-18 03:36:57,211 [s0@group-E264CA5F8311-LeaderElection201] INFO  impl.LeaderElection (LeaderElection.java:askForVotes(322)) - s0@group-E264CA5F8311-LeaderElection201 PRE_VOTE round 0: result REJECTED
2023-08-18 03:36:57,211 [s0@group-E264CA5F8311-LeaderElection201] INFO  server.RaftServer$Division (RaftServerImpl.java:setRole(371)) - s0@group-E264CA5F8311: changes role from CANDIDATE to FOLLOWER at term 1 for REJECTED
2023-08-18 03:36:57,211 [s0@group-E264CA5F8311-LeaderElection201] INFO  impl.RoleInfo (RoleInfo.java:shutdownLeaderElection(129)) - s0: shutdown s0@group-E264CA5F8311-LeaderElection201
2023-08-18 03:36:57,211 [s0@group-E264CA5F8311-LeaderElection201] INFO  impl.RoleInfo (RoleInfo.java:updateAndGet(138)) - s0: start s0@group-E264CA5F8311-FollowerState
2023-08-18 03:36:57,287 [s2-server-thread1] INFO  server.RaftServer$Division (RaftServerImpl.java:setConfigurationAsync(1238)) - s2@group-E264CA5F8311: receive setConfiguration SetConfigurationRequest:client-255CF6B0DA3F->s2@group-E264CA5F8311, cid=386, seq=0, RW, null, SET_UNCONDITIONALLY, servers:[s1|rpc:0.0.0.0:34459|dataStream:|priority:0|startupRole:FOLLOWER, s2|rpc:0.0.0.0:43137|dataStream:|priority:0|startupRole:FOLLOWER, s0|rpc:localhost:39295|admin:localhost:44843|client:localhost:40991|dataStream:localhost:40677|priority:0|startupRole:FOLLOWER], listeners:[]
2023-08-18 03:36:57,391 [s0-server-thread1] INFO  server.RaftServer$Division (RaftServerImpl.java:setConfigurationAsync(1238)) - s0@group-E264CA5F8311: receive setConfiguration SetConfigurationRequest:client-255CF6B0DA3F->s0@group-E264CA5F8311, cid=386, seq=0, RW, null, SET_UNCONDITIONALLY, servers:[s1|rpc:0.0.0.0:34459|dataStream:|priority:0|startupRole:FOLLOWER, s2|rpc:0.0.0.0:43137|dataStream:|priority:0|startupRole:FOLLOWER, s0|rpc:localhost:39295|admin:localhost:44843|client:localhost:40991|dataStream:localhost:40677|priority:0|startupRole:FOLLOWER], listeners:[]
2023-08-18 03:36:57,412 [s0@group-E264CA5F8311-FollowerState] INFO  impl.FollowerState (FollowerState.java:run(143)) - s0@group-E264CA5F8311-FollowerState: change to CANDIDATE, lastRpcElapsedTime:201282771ns, electionTimeout:201ms
2023-08-18 03:36:57,412 [s0@group-E264CA5F8311-FollowerState] INFO  impl.RoleInfo (RoleInfo.java:shutdownFollowerState(109)) - s0: shutdown s0@group-E264CA5F8311-FollowerState
2023-08-18 03:36:57,412 [s0@group-E264CA5F8311-FollowerState] INFO  server.RaftServer$Division (RaftServerImpl.java:setRole(371)) - s0@group-E264CA5F8311: changes role from  FOLLOWER to CANDIDATE at term 1 for changeToCandidate
2023-08-18 03:36:57,412 [s0@group-E264CA5F8311-FollowerState] INFO  server.RaftServerConfigKeys (ConfUtils.java:logGet(46)) - raft.server.leaderelection.pre-vote = true (default)
2023-08-18 03:36:57,412 [s0@group-E264CA5F8311-FollowerState] INFO  impl.RoleInfo (RoleInfo.java:updateAndGet(138)) - s0: start s0@group-E264CA5F8311-LeaderElection202
2023-08-18 03:36:57,412 [s0@group-E264CA5F8311-LeaderElection202] INFO  impl.LeaderElection (LeaderElection.java:askForVotes(320)) - s0@group-E264CA5F8311-LeaderElection202 PRE_VOTE round 0: submit vote requests at term 1 for 255: peers:[s0|rpc:localhost:39295|admin:localhost:44843|client:localhost:40991|dataStream:localhost:40677|priority:0|startupRole:FOLLOWER, s1|rpc:0.0.0.0:34459|dataStream:|priority:0|startupRole:FOLLOWER, s2|rpc:0.0.0.0:43137|dataStream:|priority:0|startupRole:FOLLOWER]|listeners:[], old=peers:[s0|rpc:localhost:39295|admin:localhost:44843|client:localhost:40991|dataStream:localhost:40677|priority:0|startupRole:FOLLOWER]|listeners:[]
2023-08-18 03:36:57,413 [grpc-default-executor-3] INFO  server.RaftServer$Division (RaftServerImpl.java:requestVote(1344)) - s1@group-E264CA5F8311: receive requestVote(PRE_VOTE, s0, group-E264CA5F8311, 1, (t:1, i:255))
2023-08-18 03:36:57,413 [grpc-default-executor-0] INFO  server.RaftServer$Division (RaftServerImpl.java:requestVote(1344)) - s2@group-E264CA5F8311: receive requestVote(PRE_VOTE, s0, group-E264CA5F8311, 1, (t:1, i:255))
2023-08-18 03:36:57,413 [grpc-default-executor-3] WARN  server.GrpcServerProtocolService (LogUtils.java:warn(122)) - s1: Failed requestVote s0->s1#0: org.apache.ratis.protocol.exceptions.ServerNotReadyException: s1@group-E264CA5F8311 is not in [RUNNING]: current state is STARTING
2023-08-18 03:36:57,413 [grpc-default-executor-0] WARN  server.GrpcServerProtocolService (LogUtils.java:warn(122)) - s2: Failed requestVote s0->s2#0: org.apache.ratis.protocol.exceptions.ServerNotReadyException: s2@group-E264CA5F8311 is not in [RUNNING]: current state is STARTING
2023-08-18 03:36:57,414 [s0@group-E264CA5F8311-LeaderElection202] INFO  impl.LeaderElection (LogUtils.java:infoOrTrace(137)) - s0@group-E264CA5F8311-LeaderElection202 got exception when requesting votes: java.util.concurrent.ExecutionException: org.apache.ratis.thirdparty.io.grpc.StatusRuntimeException: INTERNAL: s2@group-E264CA5F8311 is not in [RUNNING]: current state is STARTING
2023-08-18 03:36:57,414 [s0@group-E264CA5F8311-LeaderElection202] INFO  impl.LeaderElection (LogUtils.java:infoOrTrace(137)) - s0@group-E264CA5F8311-LeaderElection202 got exception when requesting votes: java.util.concurrent.ExecutionException: org.apache.ratis.thirdparty.io.grpc.StatusRuntimeException: INTERNAL: s1@group-E264CA5F8311 is not in [RUNNING]: current state is STARTING
2023-08-18 03:36:57,414 [s0@group-E264CA5F8311-LeaderElection202] INFO  impl.LeaderElection (LeaderElection.java:logAndReturn(89)) - s0@group-E264CA5F8311-LeaderElection202: PRE_VOTE REJECTED received 0 response(s) and 2 exception(s):
2023-08-18 03:36:57,414 [s0@group-E264CA5F8311-LeaderElection202] INFO  impl.LeaderElection (LogUtils.java:infoOrTrace(137)) -   Exception 0: java.util.concurrent.ExecutionException: org.apache.ratis.thirdparty.io.grpc.StatusRuntimeException: INTERNAL: s2@group-E264CA5F8311 is not in [RUNNING]: current state is STARTING
2023-08-18 03:36:57,414 [s0@group-E264CA5F8311-LeaderElection202] INFO  impl.LeaderElection (LogUtils.java:infoOrTrace(137)) -   Exception 1: java.util.concurrent.ExecutionException: org.apache.ratis.thirdparty.io.grpc.StatusRuntimeException: INTERNAL: s1@group-E264CA5F8311 is not in [RUNNING]: current state is STARTING
2023-08-18 03:36:57,414 [s0@group-E264CA5F8311-LeaderElection202] INFO  impl.LeaderElection (LeaderElection.java:askForVotes(322)) - s0@group-E264CA5F8311-LeaderElection202 PRE_VOTE round 0: result REJECTED
2023-08-18 03:36:57,414 [s0@group-E264CA5F8311-LeaderElection202] INFO  server.RaftServer$Division (RaftServerImpl.java:setRole(371)) - s0@group-E264CA5F8311: changes role from CANDIDATE to FOLLOWER at term 1 for REJECTED
2023-08-18 03:36:57,414 [s0@group-E264CA5F8311-LeaderElection202] INFO  impl.RoleInfo (RoleInfo.java:shutdownLeaderElection(129)) - s0: shutdown s0@group-E264CA5F8311-LeaderElection202
2023-08-18 03:36:57,414 [s0@group-E264CA5F8311-LeaderElection202] INFO  impl.RoleInfo (RoleInfo.java:updateAndGet(138)) - s0: start s0@group-E264CA5F8311-FollowerState
2023-08-18 03:36:57,495 [s2-server-thread1] INFO  server.RaftServer$Division (RaftServerImpl.java:setConfigurationAsync(1238)) - s2@group-E264CA5F8311: receive setConfiguration SetConfigurationRequest:client-255CF6B0DA3F->s2@group-E264CA5F8311, cid=386, seq=0, RW, null, SET_UNCONDITIONALLY, servers:[s1|rpc:0.0.0.0:34459|dataStream:|priority:0|startupRole:FOLLOWER, s2|rpc:0.0.0.0:43137|dataStream:|priority:0|startupRole:FOLLOWER, s0|rpc:localhost:39295|admin:localhost:44843|client:localhost:40991|dataStream:localhost:40677|priority:0|startupRole:FOLLOWER], listeners:[]
2023-08-18 03:36:57,598 [s1-server-thread1] INFO  server.RaftServer$Division (RaftServerImpl.java:setConfigurationAsync(1238)) - s1@group-E264CA5F8311: receive setConfiguration SetConfigurationRequest:client-255CF6B0DA3F->s1@group-E264CA5F8311, cid=386, seq=0, RW, null, SET_UNCONDITIONALLY, servers:[s1|rpc:0.0.0.0:34459|dataStream:|priority:0|startupRole:FOLLOWER, s2|rpc:0.0.0.0:43137|dataStream:|priority:0|startupRole:FOLLOWER, s0|rpc:localhost:39295|admin:localhost:44843|client:localhost:40991|dataStream:localhost:40677|priority:0|startupRole:FOLLOWER], listeners:[]
2023-08-18 03:36:57,656 [s0@group-E264CA5F8311-FollowerState] INFO  impl.FollowerState (FollowerState.java:run(143)) - s0@group-E264CA5F8311-FollowerState: change to CANDIDATE, lastRpcElapsedTime:242382755ns, electionTimeout:242ms
2023-08-18 03:36:57,657 [s0@group-E264CA5F8311-FollowerState] INFO  impl.RoleInfo (RoleInfo.java:shutdownFollowerState(109)) - s0: shutdown s0@group-E264CA5F8311-FollowerState
2023-08-18 03:36:57,657 [s0@group-E264CA5F8311-FollowerState] INFO  server.RaftServer$Division (RaftServerImpl.java:setRole(371)) - s0@group-E264CA5F8311: changes role from  FOLLOWER to CANDIDATE at term 1 for changeToCandidate
2023-08-18 03:36:57,657 [s0@group-E264CA5F8311-FollowerState] INFO  server.RaftServerConfigKeys (ConfUtils.java:logGet(46)) - raft.server.leaderelection.pre-vote = true (default)
2023-08-18 03:36:57,657 [s0@group-E264CA5F8311-FollowerState] INFO  impl.RoleInfo (RoleInfo.java:updateAndGet(138)) - s0: start s0@group-E264CA5F8311-LeaderElection203
2023-08-18 03:36:57,657 [s0@group-E264CA5F8311-LeaderElection203] INFO  impl.LeaderElection (LeaderElection.java:askForVotes(320)) - s0@group-E264CA5F8311-LeaderElection203 PRE_VOTE round 0: submit vote requests at term 1 for 255: peers:[s0|rpc:localhost:39295|admin:localhost:44843|client:localhost:40991|dataStream:localhost:40677|priority:0|startupRole:FOLLOWER, s1|rpc:0.0.0.0:34459|dataStream:|priority:0|startupRole:FOLLOWER, s2|rpc:0.0.0.0:43137|dataStream:|priority:0|startupRole:FOLLOWER]|listeners:[], old=peers:[s0|rpc:localhost:39295|admin:localhost:44843|client:localhost:40991|dataStream:localhost:40677|priority:0|startupRole:FOLLOWER]|listeners:[]
2023-08-18 03:36:57,658 [grpc-default-executor-3] INFO  server.RaftServer$Division (RaftServerImpl.java:requestVote(1344)) - s1@group-E264CA5F8311: receive requestVote(PRE_VOTE, s0, group-E264CA5F8311, 1, (t:1, i:255))
2023-08-18 03:36:57,658 [grpc-default-executor-3] WARN  server.GrpcServerProtocolService (LogUtils.java:warn(122)) - s1: Failed requestVote s0->s1#0: org.apache.ratis.protocol.exceptions.ServerNotReadyException: s1@group-E264CA5F8311 is not in [RUNNING]: current state is STARTING
2023-08-18 03:36:57,658 [grpc-default-executor-0] INFO  server.RaftServer$Division (RaftServerImpl.java:requestVote(1344)) - s2@group-E264CA5F8311: receive requestVote(PRE_VOTE, s0, group-E264CA5F8311, 1, (t:1, i:255))
2023-08-18 03:36:57,658 [grpc-default-executor-0] WARN  server.GrpcServerProtocolService (LogUtils.java:warn(122)) - s2: Failed requestVote s0->s2#0: org.apache.ratis.protocol.exceptions.ServerNotReadyException: s2@group-E264CA5F8311 is not in [RUNNING]: current state is STARTING
2023-08-18 03:36:57,659 [s0@group-E264CA5F8311-LeaderElection203] INFO  impl.LeaderElection (LogUtils.java:infoOrTrace(137)) - s0@group-E264CA5F8311-LeaderElection203 got exception when requesting votes: java.util.concurrent.ExecutionException: org.apache.ratis.thirdparty.io.grpc.StatusRuntimeException: INTERNAL: s1@group-E264CA5F8311 is not in [RUNNING]: current state is STARTING
2023-08-18 03:36:57,659 [s0@group-E264CA5F8311-LeaderElection203] INFO  impl.LeaderElection (LogUtils.java:infoOrTrace(137)) - s0@group-E264CA5F8311-LeaderElection203 got exception when requesting votes: java.util.concurrent.ExecutionException: org.apache.ratis.thirdparty.io.grpc.StatusRuntimeException: INTERNAL: s2@group-E264CA5F8311 is not in [RUNNING]: current state is STARTING
2023-08-18 03:36:57,659 [s0@group-E264CA5F8311-LeaderElection203] INFO  impl.LeaderElection (LeaderElection.java:logAndReturn(89)) - s0@group-E264CA5F8311-LeaderElection203: PRE_VOTE REJECTED received 0 response(s) and 2 exception(s):
2023-08-18 03:36:57,659 [s0@group-E264CA5F8311-LeaderElection203] INFO  impl.LeaderElection (LogUtils.java:infoOrTrace(137)) -   Exception 0: java.util.concurrent.ExecutionException: org.apache.ratis.thirdparty.io.grpc.StatusRuntimeException: INTERNAL: s1@group-E264CA5F8311 is not in [RUNNING]: current state is STARTING
2023-08-18 03:36:57,659 [s0@group-E264CA5F8311-LeaderElection203] INFO  impl.LeaderElection (LogUtils.java:infoOrTrace(137)) -   Exception 1: java.util.concurrent.ExecutionException: org.apache.ratis.thirdparty.io.grpc.StatusRuntimeException: INTERNAL: s2@group-E264CA5F8311 is not in [RUNNING]: current state is STARTING
2023-08-18 03:36:57,659 [s0@group-E264CA5F8311-LeaderElection203] INFO  impl.LeaderElection (LeaderElection.java:askForVotes(322)) - s0@group-E264CA5F8311-LeaderElection203 PRE_VOTE round 0: result REJECTED
2023-08-18 03:36:57,659 [s0@group-E264CA5F8311-LeaderElection203] INFO  server.RaftServer$Division (RaftServerImpl.java:setRole(371)) - s0@group-E264CA5F8311: changes role from CANDIDATE to FOLLOWER at term 1 for REJECTED
2023-08-18 03:36:57,659 [s0@group-E264CA5F8311-LeaderElection203] INFO  impl.RoleInfo (RoleInfo.java:shutdownLeaderElection(129)) - s0: shutdown s0@group-E264CA5F8311-LeaderElection203
2023-08-18 03:36:57,659 [s0@group-E264CA5F8311-LeaderElection203] INFO  impl.RoleInfo (RoleInfo.java:updateAndGet(138)) - s0: start s0@group-E264CA5F8311-FollowerState
2023-08-18 03:36:57,702 [s0-server-thread1] INFO  server.RaftServer$Division (RaftServerImpl.java:setConfigurationAsync(1238)) - s0@group-E264CA5F8311: receive setConfiguration SetConfigurationRequest:client-255CF6B0DA3F->s0@group-E264CA5F8311, cid=386, seq=0, RW, null, SET_UNCONDITIONALLY, servers:[s1|rpc:0.0.0.0:34459|dataStream:|priority:0|startupRole:FOLLOWER, s2|rpc:0.0.0.0:43137|dataStream:|priority:0|startupRole:FOLLOWER, s0|rpc:localhost:39295|admin:localhost:44843|client:localhost:40991|dataStream:localhost:40677|priority:0|startupRole:FOLLOWER], listeners:[]
2023-08-18 03:36:57,805 [s1-server-thread1] INFO  server.RaftServer$Division (RaftServerImpl.java:setConfigurationAsync(1238)) - s1@group-E264CA5F8311: receive setConfiguration SetConfigurationRequest:client-255CF6B0DA3F->s1@group-E264CA5F8311, cid=386, seq=0, RW, null, SET_UNCONDITIONALLY, servers:[s1|rpc:0.0.0.0:34459|dataStream:|priority:0|startupRole:FOLLOWER, s2|rpc:0.0.0.0:43137|dataStream:|priority:0|startupRole:FOLLOWER, s0|rpc:localhost:39295|admin:localhost:44843|client:localhost:40991|dataStream:localhost:40677|priority:0|startupRole:FOLLOWER], listeners:[]
2023-08-18 03:36:57,844 [s0@group-E264CA5F8311-FollowerState] INFO  impl.FollowerState (FollowerState.java:run(143)) - s0@group-E264CA5F8311-FollowerState: change to CANDIDATE, lastRpcElapsedTime:185444070ns, electionTimeout:185ms
2023-08-18 03:36:57,844 [s0@group-E264CA5F8311-FollowerState] INFO  impl.RoleInfo (RoleInfo.java:shutdownFollowerState(109)) - s0: shutdown s0@group-E264CA5F8311-FollowerState
2023-08-18 03:36:57,844 [s0@group-E264CA5F8311-FollowerState] INFO  server.RaftServer$Division (RaftServerImpl.java:setRole(371)) - s0@group-E264CA5F8311: changes role from  FOLLOWER to CANDIDATE at term 1 for changeToCandidate
2023-08-18 03:36:57,844 [s0@group-E264CA5F8311-FollowerState] INFO  server.RaftServerConfigKeys (ConfUtils.java:logGet(46)) - raft.server.leaderelection.pre-vote = true (default)
2023-08-18 03:36:57,845 [s0@group-E264CA5F8311-FollowerState] INFO  impl.RoleInfo (RoleInfo.java:updateAndGet(138)) - s0: start s0@group-E264CA5F8311-LeaderElection204
2023-08-18 03:36:57,845 [s0@group-E264CA5F8311-LeaderElection204] INFO  impl.LeaderElection (LeaderElection.java:askForVotes(320)) - s0@group-E264CA5F8311-LeaderElection204 PRE_VOTE round 0: submit vote requests at term 1 for 255: peers:[s0|rpc:localhost:39295|admin:localhost:44843|client:localhost:40991|dataStream:localhost:40677|priority:0|startupRole:FOLLOWER, s1|rpc:0.0.0.0:34459|dataStream:|priority:0|startupRole:FOLLOWER, s2|rpc:0.0.0.0:43137|dataStream:|priority:0|startupRole:FOLLOWER]|listeners:[], old=peers:[s0|rpc:localhost:39295|admin:localhost:44843|client:localhost:40991|dataStream:localhost:40677|priority:0|startupRole:FOLLOWER]|listeners:[]
2023-08-18 03:36:57,846 [grpc-default-executor-0] INFO  server.RaftServer$Division (RaftServerImpl.java:requestVote(1344)) - s1@group-E264CA5F8311: receive requestVote(PRE_VOTE, s0, group-E264CA5F8311, 1, (t:1, i:255))
2023-08-18 03:36:57,846 [grpc-default-executor-0] WARN  server.GrpcServerProtocolService (LogUtils.java:warn(122)) - s1: Failed requestVote s0->s1#0: org.apache.ratis.protocol.exceptions.ServerNotReadyException: s1@group-E264CA5F8311 is not in [RUNNING]: current state is STARTING
2023-08-18 03:36:57,846 [s0@group-E264CA5F8311-LeaderElection204] INFO  impl.LeaderElection (LogUtils.java:infoOrTrace(137)) - s0@group-E264CA5F8311-LeaderElection204 got exception when requesting votes: java.util.concurrent.ExecutionException: org.apache.ratis.thirdparty.io.grpc.StatusRuntimeException: INTERNAL: s1@group-E264CA5F8311 is not in [RUNNING]: current state is STARTING
2023-08-18 03:36:57,847 [grpc-default-executor-0] INFO  server.RaftServer$Division (RaftServerImpl.java:requestVote(1344)) - s2@group-E264CA5F8311: receive requestVote(PRE_VOTE, s0, group-E264CA5F8311, 1, (t:1, i:255))
2023-08-18 03:36:57,847 [grpc-default-executor-0] WARN  server.GrpcServerProtocolService (LogUtils.java:warn(122)) - s2: Failed requestVote s0->s2#0: org.apache.ratis.protocol.exceptions.ServerNotReadyException: s2@group-E264CA5F8311 is not in [RUNNING]: current state is STARTING
2023-08-18 03:36:57,847 [s0@group-E264CA5F8311-LeaderElection204] INFO  impl.LeaderElection (LogUtils.java:infoOrTrace(137)) - s0@group-E264CA5F8311-LeaderElection204 got exception when requesting votes: java.util.concurrent.ExecutionException: org.apache.ratis.thirdparty.io.grpc.StatusRuntimeException: INTERNAL: s2@group-E264CA5F8311 is not in [RUNNING]: current state is STARTING
2023-08-18 03:36:57,847 [s0@group-E264CA5F8311-LeaderElection204] INFO  impl.LeaderElection (LeaderElection.java:logAndReturn(89)) - s0@group-E264CA5F8311-LeaderElection204: PRE_VOTE REJECTED received 0 response(s) and 2 exception(s):
2023-08-18 03:36:57,847 [s0@group-E264CA5F8311-LeaderElection204] INFO  impl.LeaderElection (LogUtils.java:infoOrTrace(137)) -   Exception 0: java.util.concurrent.ExecutionException: org.apache.ratis.thirdparty.io.grpc.StatusRuntimeException: INTERNAL: s1@group-E264CA5F8311 is not in [RUNNING]: current state is STARTING
2023-08-18 03:36:57,847 [s0@group-E264CA5F8311-LeaderElection204] INFO  impl.LeaderElection (LogUtils.java:infoOrTrace(137)) -   Exception 1: java.util.concurrent.ExecutionException: org.apache.ratis.thirdparty.io.grpc.StatusRuntimeException: INTERNAL: s2@group-E264CA5F8311 is not in [RUNNING]: current state is STARTING
2023-08-18 03:36:57,847 [s0@group-E264CA5F8311-LeaderElection204] INFO  impl.LeaderElection (LeaderElection.java:askForVotes(322)) - s0@group-E264CA5F8311-LeaderElection204 PRE_VOTE round 0: result REJECTED
2023-08-18 03:36:57,847 [s0@group-E264CA5F8311-LeaderElection204] INFO  server.RaftServer$Division (RaftServerImpl.java:setRole(371)) - s0@group-E264CA5F8311: changes role from CANDIDATE to FOLLOWER at term 1 for REJECTED
2023-08-18 03:36:57,847 [s0@group-E264CA5F8311-LeaderElection204] INFO  impl.RoleInfo (RoleInfo.java:shutdownLeaderElection(129)) - s0: shutdown s0@group-E264CA5F8311-LeaderElection204
2023-08-18 03:36:57,847 [s0@group-E264CA5F8311-LeaderElection204] INFO  impl.RoleInfo (RoleInfo.java:updateAndGet(138)) - s0: start s0@group-E264CA5F8311-FollowerState
2023-08-18 03:36:57,911 [s0-server-thread1] INFO  server.RaftServer$Division (RaftServerImpl.java:setConfigurationAsync(1238)) - s0@group-E264CA5F8311: receive setConfiguration SetConfigurationRequest:client-255CF6B0DA3F->s0@group-E264CA5F8311, cid=386, seq=0, RW, null, SET_UNCONDITIONALLY, servers:[s1|rpc:0.0.0.0:34459|dataStream:|priority:0|startupRole:FOLLOWER, s2|rpc:0.0.0.0:43137|dataStream:|priority:0|startupRole:FOLLOWER, s0|rpc:localhost:39295|admin:localhost:44843|client:localhost:40991|dataStream:localhost:40677|priority:0|startupRole:FOLLOWER], listeners:[]
2023-08-18 03:36:58,015 [s1-server-thread1] INFO  server.RaftServer$Division (RaftServerImpl.java:setConfigurationAsync(1238)) - s1@group-E264CA5F8311: receive setConfiguration SetConfigurationRequest:client-255CF6B0DA3F->s1@group-E264CA5F8311, cid=386, seq=0, RW, null, SET_UNCONDITIONALLY, servers:[s1|rpc:0.0.0.0:34459|dataStream:|priority:0|startupRole:FOLLOWER, s2|rpc:0.0.0.0:43137|dataStream:|priority:0|startupRole:FOLLOWER, s0|rpc:localhost:39295|admin:localhost:44843|client:localhost:40991|dataStream:localhost:40677|priority:0|startupRole:FOLLOWER], listeners:[]
2023-08-18 03:36:58,119 [s0-server-thread1] INFO  server.RaftServer$Division (RaftServerImpl.java:setConfigurationAsync(1238)) - s0@group-E264CA5F8311: receive setConfiguration SetConfigurationRequest:client-255CF6B0DA3F->s0@group-E264CA5F8311, cid=386, seq=0, RW, null, SET_UNCONDITIONALLY, servers:[s1|rpc:0.0.0.0:34459|dataStream:|priority:0|startupRole:FOLLOWER, s2|rpc:0.0.0.0:43137|dataStream:|priority:0|startupRole:FOLLOWER, s0|rpc:localhost:39295|admin:localhost:44843|client:localhost:40991|dataStream:localhost:40677|priority:0|startupRole:FOLLOWER], listeners:[]
2023-08-18 03:36:58,143 [s0@group-E264CA5F8311-FollowerState] INFO  impl.FollowerState (FollowerState.java:run(143)) - s0@group-E264CA5F8311-FollowerState: change to CANDIDATE, lastRpcElapsedTime:295424988ns, electionTimeout:295ms
2023-08-18 03:36:58,143 [s0@group-E264CA5F8311-FollowerState] INFO  impl.RoleInfo (RoleInfo.java:shutdownFollowerState(109)) - s0: shutdown s0@group-E264CA5F8311-FollowerState
2023-08-18 03:36:58,143 [s0@group-E264CA5F8311-FollowerState] INFO  server.RaftServer$Division (RaftServerImpl.java:setRole(371)) - s0@group-E264CA5F8311: changes role from  FOLLOWER to CANDIDATE at term 1 for changeToCandidate
2023-08-18 03:36:58,143 [s0@group-E264CA5F8311-FollowerState] INFO  server.RaftServerConfigKeys (ConfUtils.java:logGet(46)) - raft.server.leaderelection.pre-vote = true (default)
2023-08-18 03:36:58,143 [s0@group-E264CA5F8311-FollowerState] INFO  impl.RoleInfo (RoleInfo.java:updateAndGet(138)) - s0: start s0@group-E264CA5F8311-LeaderElection205
2023-08-18 03:36:58,143 [s0@group-E264CA5F8311-LeaderElection205] INFO  impl.LeaderElection (LeaderElection.java:askForVotes(320)) - s0@group-E264CA5F8311-LeaderElection205 PRE_VOTE round 0: submit vote requests at term 1 for 255: peers:[s0|rpc:localhost:39295|admin:localhost:44843|client:localhost:40991|dataStream:localhost:40677|priority:0|startupRole:FOLLOWER, s1|rpc:0.0.0.0:34459|dataStream:|priority:0|startupRole:FOLLOWER, s2|rpc:0.0.0.0:43137|dataStream:|priority:0|startupRole:FOLLOWER]|listeners:[], old=peers:[s0|rpc:localhost:39295|admin:localhost:44843|client:localhost:40991|dataStream:localhost:40677|priority:0|startupRole:FOLLOWER]|listeners:[]
2023-08-18 03:36:58,144 [grpc-default-executor-0] INFO  server.RaftServer$Division (RaftServerImpl.java:requestVote(1344)) - s1@group-E264CA5F8311: receive requestVote(PRE_VOTE, s0, group-E264CA5F8311, 1, (t:1, i:255))
2023-08-18 03:36:58,144 [grpc-default-executor-0] WARN  server.GrpcServerProtocolService (LogUtils.java:warn(122)) - s1: Failed requestVote s0->s1#0: org.apache.ratis.protocol.exceptions.ServerNotReadyException: s1@group-E264CA5F8311 is not in [RUNNING]: current state is STARTING
2023-08-18 03:36:58,144 [s0@group-E264CA5F8311-LeaderElection205] INFO  impl.LeaderElection (LogUtils.java:infoOrTrace(137)) - s0@group-E264CA5F8311-LeaderElection205 got exception when requesting votes: java.util.concurrent.ExecutionException: org.apache.ratis.thirdparty.io.grpc.StatusRuntimeException: INTERNAL: s1@group-E264CA5F8311 is not in [RUNNING]: current state is STARTING
2023-08-18 03:36:58,145 [grpc-default-executor-3] INFO  server.RaftServer$Division (RaftServerImpl.java:requestVote(1344)) - s2@group-E264CA5F8311: receive requestVote(PRE_VOTE, s0, group-E264CA5F8311, 1, (t:1, i:255))
2023-08-18 03:36:58,145 [grpc-default-executor-3] WARN  server.GrpcServerProtocolService (LogUtils.java:warn(122)) - s2: Failed requestVote s0->s2#0: org.apache.ratis.protocol.exceptions.ServerNotReadyException: s2@group-E264CA5F8311 is not in [RUNNING]: current state is STARTING
2023-08-18 03:36:58,145 [s0@group-E264CA5F8311-LeaderElection205] INFO  impl.LeaderElection (LogUtils.java:infoOrTrace(137)) - s0@group-E264CA5F8311-LeaderElection205 got exception when requesting votes: java.util.concurrent.ExecutionException: org.apache.ratis.thirdparty.io.grpc.StatusRuntimeException: INTERNAL: s2@group-E264CA5F8311 is not in [RUNNING]: current state is STARTING
2023-08-18 03:36:58,145 [s0@group-E264CA5F8311-LeaderElection205] INFO  impl.LeaderElection (LeaderElection.java:logAndReturn(89)) - s0@group-E264CA5F8311-LeaderElection205: PRE_VOTE REJECTED received 0 response(s) and 2 exception(s):
2023-08-18 03:36:58,145 [s0@group-E264CA5F8311-LeaderElection205] INFO  impl.LeaderElection (LogUtils.java:infoOrTrace(137)) -   Exception 0: java.util.concurrent.ExecutionException: org.apache.ratis.thirdparty.io.grpc.StatusRuntimeException: INTERNAL: s1@group-E264CA5F8311 is not in [RUNNING]: current state is STARTING
2023-08-18 03:36:58,145 [s0@group-E264CA5F8311-LeaderElection205] INFO  impl.LeaderElection (LogUtils.java:infoOrTrace(137)) -   Exception 1: java.util.concurrent.ExecutionException: org.apache.ratis.thirdparty.io.grpc.StatusRuntimeException: INTERNAL: s2@group-E264CA5F8311 is not in [RUNNING]: current state is STARTING
2023-08-18 03:36:58,145 [s0@group-E264CA5F8311-LeaderElection205] INFO  impl.LeaderElection (LeaderElection.java:askForVotes(322)) - s0@group-E264CA5F8311-LeaderElection205 PRE_VOTE round 0: result REJECTED
2023-08-18 03:36:58,145 [s0@group-E264CA5F8311-LeaderElection205] INFO  server.RaftServer$Division (RaftServerImpl.java:setRole(371)) - s0@group-E264CA5F8311: changes role from CANDIDATE to FOLLOWER at term 1 for REJECTED
2023-08-18 03:36:58,145 [s0@group-E264CA5F8311-LeaderElection205] INFO  impl.RoleInfo (RoleInfo.java:shutdownLeaderElection(129)) - s0: shutdown s0@group-E264CA5F8311-LeaderElection205
2023-08-18 03:36:58,145 [s0@group-E264CA5F8311-LeaderElection205] INFO  impl.RoleInfo (RoleInfo.java:updateAndGet(138)) - s0: start s0@group-E264CA5F8311-FollowerState
2023-08-18 03:36:58,222 [s2-server-thread1] INFO  server.RaftServer$Division (RaftServerImpl.java:setConfigurationAsync(1238)) - s2@group-E264CA5F8311: receive setConfiguration SetConfigurationRequest:client-255CF6B0DA3F->s2@group-E264CA5F8311, cid=386, seq=0, RW, null, SET_UNCONDITIONALLY, servers:[s1|rpc:0.0.0.0:34459|dataStream:|priority:0|startupRole:FOLLOWER, s2|rpc:0.0.0.0:43137|dataStream:|priority:0|startupRole:FOLLOWER, s0|rpc:localhost:39295|admin:localhost:44843|client:localhost:40991|dataStream:localhost:40677|priority:0|startupRole:FOLLOWER], listeners:[]
2023-08-18 03:36:58,326 [s0-server-thread1] INFO  server.RaftServer$Division (RaftServerImpl.java:setConfigurationAsync(1238)) - s0@group-E264CA5F8311: receive setConfiguration SetConfigurationRequest:client-255CF6B0DA3F->s0@group-E264CA5F8311, cid=386, seq=0, RW, null, SET_UNCONDITIONALLY, servers:[s1|rpc:0.0.0.0:34459|dataStream:|priority:0|startupRole:FOLLOWER, s2|rpc:0.0.0.0:43137|dataStream:|priority:0|startupRole:FOLLOWER, s0|rpc:localhost:39295|admin:localhost:44843|client:localhost:40991|dataStream:localhost:40677|priority:0|startupRole:FOLLOWER], listeners:[]
2023-08-18 03:36:58,344 [s0@group-E264CA5F8311-FollowerState] INFO  impl.FollowerState (FollowerState.java:run(143)) - s0@group-E264CA5F8311-FollowerState: change to CANDIDATE, lastRpcElapsedTime:199247996ns, electionTimeout:199ms
2023-08-18 03:36:58,344 [s0@group-E264CA5F8311-FollowerState] INFO  impl.RoleInfo (RoleInfo.java:shutdownFollowerState(109)) - s0: shutdown s0@group-E264CA5F8311-FollowerState
2023-08-18 03:36:58,344 [s0@group-E264CA5F8311-FollowerState] INFO  server.RaftServer$Division (RaftServerImpl.java:setRole(371)) - s0@group-E264CA5F8311: changes role from  FOLLOWER to CANDIDATE at term 1 for changeToCandidate
2023-08-18 03:36:58,345 [s0@group-E264CA5F8311-FollowerState] INFO  server.RaftServerConfigKeys (ConfUtils.java:logGet(46)) - raft.server.leaderelection.pre-vote = true (default)
2023-08-18 03:36:58,345 [s0@group-E264CA5F8311-FollowerState] INFO  impl.RoleInfo (RoleInfo.java:updateAndGet(138)) - s0: start s0@group-E264CA5F8311-LeaderElection206
2023-08-18 03:36:58,345 [s0@group-E264CA5F8311-LeaderElection206] INFO  impl.LeaderElection (LeaderElection.java:askForVotes(320)) - s0@group-E264CA5F8311-LeaderElection206 PRE_VOTE round 0: submit vote requests at term 1 for 255: peers:[s0|rpc:localhost:39295|admin:localhost:44843|client:localhost:40991|dataStream:localhost:40677|priority:0|startupRole:FOLLOWER, s1|rpc:0.0.0.0:34459|dataStream:|priority:0|startupRole:FOLLOWER, s2|rpc:0.0.0.0:43137|dataStream:|priority:0|startupRole:FOLLOWER]|listeners:[], old=peers:[s0|rpc:localhost:39295|admin:localhost:44843|client:localhost:40991|dataStream:localhost:40677|priority:0|startupRole:FOLLOWER]|listeners:[]
2023-08-18 03:36:58,346 [grpc-default-executor-3] INFO  server.RaftServer$Division (RaftServerImpl.java:requestVote(1344)) - s1@group-E264CA5F8311: receive requestVote(PRE_VOTE, s0, group-E264CA5F8311, 1, (t:1, i:255))
2023-08-18 03:36:58,346 [grpc-default-executor-3] WARN  server.GrpcServerProtocolService (LogUtils.java:warn(122)) - s1: Failed requestVote s0->s1#0: org.apache.ratis.protocol.exceptions.ServerNotReadyException: s1@group-E264CA5F8311 is not in [RUNNING]: current state is STARTING
2023-08-18 03:36:58,346 [grpc-default-executor-0] INFO  server.RaftServer$Division (RaftServerImpl.java:requestVote(1344)) - s2@group-E264CA5F8311: receive requestVote(PRE_VOTE, s0, group-E264CA5F8311, 1, (t:1, i:255))
2023-08-18 03:36:58,346 [grpc-default-executor-0] WARN  server.GrpcServerProtocolService (LogUtils.java:warn(122)) - s2: Failed requestVote s0->s2#0: org.apache.ratis.protocol.exceptions.ServerNotReadyException: s2@group-E264CA5F8311 is not in [RUNNING]: current state is STARTING
2023-08-18 03:36:58,346 [s0@group-E264CA5F8311-LeaderElection206] INFO  impl.LeaderElection (LogUtils.java:infoOrTrace(137)) - s0@group-E264CA5F8311-LeaderElection206 got exception when requesting votes: java.util.concurrent.ExecutionException: org.apache.ratis.thirdparty.io.grpc.StatusRuntimeException: INTERNAL: s1@group-E264CA5F8311 is not in [RUNNING]: current state is STARTING
2023-08-18 03:36:58,346 [s0@group-E264CA5F8311-LeaderElection206] INFO  impl.LeaderElection (LogUtils.java:infoOrTrace(137)) - s0@group-E264CA5F8311-LeaderElection206 got exception when requesting votes: java.util.concurrent.ExecutionException: org.apache.ratis.thirdparty.io.grpc.StatusRuntimeException: INTERNAL: s2@group-E264CA5F8311 is not in [RUNNING]: current state is STARTING
2023-08-18 03:36:58,346 [s0@group-E264CA5F8311-LeaderElection206] INFO  impl.LeaderElection (LeaderElection.java:logAndReturn(89)) - s0@group-E264CA5F8311-LeaderElection206: PRE_VOTE REJECTED received 0 response(s) and 2 exception(s):
2023-08-18 03:36:58,346 [s0@group-E264CA5F8311-LeaderElection206] INFO  impl.LeaderElection (LogUtils.java:infoOrTrace(137)) -   Exception 0: java.util.concurrent.ExecutionException: org.apache.ratis.thirdparty.io.grpc.StatusRuntimeException: INTERNAL: s1@group-E264CA5F8311 is not in [RUNNING]: current state is STARTING
2023-08-18 03:36:58,347 [s0@group-E264CA5F8311-LeaderElection206] INFO  impl.LeaderElection (LogUtils.java:infoOrTrace(137)) -   Exception 1: java.util.concurrent.ExecutionException: org.apache.ratis.thirdparty.io.grpc.StatusRuntimeException: INTERNAL: s2@group-E264CA5F8311 is not in [RUNNING]: current state is STARTING
2023-08-18 03:36:58,347 [s0@group-E264CA5F8311-LeaderElection206] INFO  impl.LeaderElection (LeaderElection.java:askForVotes(322)) - s0@group-E264CA5F8311-LeaderElection206 PRE_VOTE round 0: result REJECTED
2023-08-18 03:36:58,347 [s0@group-E264CA5F8311-LeaderElection206] INFO  server.RaftServer$Division (RaftServerImpl.java:setRole(371)) - s0@group-E264CA5F8311: changes role from CANDIDATE to FOLLOWER at term 1 for REJECTED
2023-08-18 03:36:58,347 [s0@group-E264CA5F8311-LeaderElection206] INFO  impl.RoleInfo (RoleInfo.java:shutdownLeaderElection(129)) - s0: shutdown s0@group-E264CA5F8311-LeaderElection206
2023-08-18 03:36:58,347 [s0@group-E264CA5F8311-LeaderElection206] INFO  impl.RoleInfo (RoleInfo.java:updateAndGet(138)) - s0: start s0@group-E264CA5F8311-FollowerState
2023-08-18 03:36:58,430 [s2-server-thread1] INFO  server.RaftServer$Division (RaftServerImpl.java:setConfigurationAsync(1238)) - s2@group-E264CA5F8311: receive setConfiguration SetConfigurationRequest:client-255CF6B0DA3F->s2@group-E264CA5F8311, cid=386, seq=0, RW, null, SET_UNCONDITIONALLY, servers:[s1|rpc:0.0.0.0:34459|dataStream:|priority:0|startupRole:FOLLOWER, s2|rpc:0.0.0.0:43137|dataStream:|priority:0|startupRole:FOLLOWER, s0|rpc:localhost:39295|admin:localhost:44843|client:localhost:40991|dataStream:localhost:40677|priority:0|startupRole:FOLLOWER], listeners:[]
2023-08-18 03:36:58,533 [s1-server-thread1] INFO  server.RaftServer$Division (RaftServerImpl.java:setConfigurationAsync(1238)) - s1@group-E264CA5F8311: receive setConfiguration SetConfigurationRequest:client-255CF6B0DA3F->s1@group-E264CA5F8311, cid=386, seq=0, RW, null, SET_UNCONDITIONALLY, servers:[s1|rpc:0.0.0.0:34459|dataStream:|priority:0|startupRole:FOLLOWER, s2|rpc:0.0.0.0:43137|dataStream:|priority:0|startupRole:FOLLOWER, s0|rpc:localhost:39295|admin:localhost:44843|client:localhost:40991|dataStream:localhost:40677|priority:0|startupRole:FOLLOWER], listeners:[]
2023-08-18 03:36:58,632 [s0@group-E264CA5F8311-FollowerState] INFO  impl.FollowerState (FollowerState.java:run(143)) - s0@group-E264CA5F8311-FollowerState: change to CANDIDATE, lastRpcElapsedTime:285367715ns, electionTimeout:285ms
2023-08-18 03:36:58,632 [s0@group-E264CA5F8311-FollowerState] INFO  impl.RoleInfo (RoleInfo.java:shutdownFollowerState(109)) - s0: shutdown s0@group-E264CA5F8311-FollowerState
2023-08-18 03:36:58,632 [s0@group-E264CA5F8311-FollowerState] INFO  server.RaftServer$Division (RaftServerImpl.java:setRole(371)) - s0@group-E264CA5F8311: changes role from  FOLLOWER to CANDIDATE at term 1 for changeToCandidate
2023-08-18 03:36:58,632 [s0@group-E264CA5F8311-FollowerState] INFO  server.RaftServerConfigKeys (ConfUtils.java:logGet(46)) - raft.server.leaderelection.pre-vote = true (default)
2023-08-18 03:36:58,632 [s0@group-E264CA5F8311-FollowerState] INFO  impl.RoleInfo (RoleInfo.java:updateAndGet(138)) - s0: start s0@group-E264CA5F8311-LeaderElection207
2023-08-18 03:36:58,633 [s0@group-E264CA5F8311-LeaderElection207] INFO  impl.LeaderElection (LeaderElection.java:askForVotes(320)) - s0@group-E264CA5F8311-LeaderElection207 PRE_VOTE round 0: submit vote requests at term 1 for 255: peers:[s0|rpc:localhost:39295|admin:localhost:44843|client:localhost:40991|dataStream:localhost:40677|priority:0|startupRole:FOLLOWER, s1|rpc:0.0.0.0:34459|dataStream:|priority:0|startupRole:FOLLOWER, s2|rpc:0.0.0.0:43137|dataStream:|priority:0|startupRole:FOLLOWER]|listeners:[], old=peers:[s0|rpc:localhost:39295|admin:localhost:44843|client:localhost:40991|dataStream:localhost:40677|priority:0|startupRole:FOLLOWER]|listeners:[]
2023-08-18 03:36:58,633 [grpc-default-executor-3] INFO  server.RaftServer$Division (RaftServerImpl.java:requestVote(1344)) - s1@group-E264CA5F8311: receive requestVote(PRE_VOTE, s0, group-E264CA5F8311, 1, (t:1, i:255))
2023-08-18 03:36:58,633 [grpc-default-executor-0] INFO  server.RaftServer$Division (RaftServerImpl.java:requestVote(1344)) - s2@group-E264CA5F8311: receive requestVote(PRE_VOTE, s0, group-E264CA5F8311, 1, (t:1, i:255))
2023-08-18 03:36:58,634 [grpc-default-executor-3] WARN  server.GrpcServerProtocolService (LogUtils.java:warn(122)) - s1: Failed requestVote s0->s1#0: org.apache.ratis.protocol.exceptions.ServerNotReadyException: s1@group-E264CA5F8311 is not in [RUNNING]: current state is STARTING
2023-08-18 03:36:58,634 [grpc-default-executor-0] WARN  server.GrpcServerProtocolService (LogUtils.java:warn(122)) - s2: Failed requestVote s0->s2#0: org.apache.ratis.protocol.exceptions.ServerNotReadyException: s2@group-E264CA5F8311 is not in [RUNNING]: current state is STARTING
2023-08-18 03:36:58,634 [s0@group-E264CA5F8311-LeaderElection207] INFO  impl.LeaderElection (LogUtils.java:infoOrTrace(137)) - s0@group-E264CA5F8311-LeaderElection207 got exception when requesting votes: java.util.concurrent.ExecutionException: org.apache.ratis.thirdparty.io.grpc.StatusRuntimeException: INTERNAL: s2@group-E264CA5F8311 is not in [RUNNING]: current state is STARTING
2023-08-18 03:36:58,634 [s0@group-E264CA5F8311-LeaderElection207] INFO  impl.LeaderElection (LogUtils.java:infoOrTrace(137)) - s0@group-E264CA5F8311-LeaderElection207 got exception when requesting votes: java.util.concurrent.ExecutionException: org.apache.ratis.thirdparty.io.grpc.StatusRuntimeException: INTERNAL: s1@group-E264CA5F8311 is not in [RUNNING]: current state is STARTING
2023-08-18 03:36:58,634 [s0@group-E264CA5F8311-LeaderElection207] INFO  impl.LeaderElection (LeaderElection.java:logAndReturn(89)) - s0@group-E264CA5F8311-LeaderElection207: PRE_VOTE REJECTED received 0 response(s) and 2 exception(s):
2023-08-18 03:36:58,634 [s0@group-E264CA5F8311-LeaderElection207] INFO  impl.LeaderElection (LogUtils.java:infoOrTrace(137)) -   Exception 0: java.util.concurrent.ExecutionException: org.apache.ratis.thirdparty.io.grpc.StatusRuntimeException: INTERNAL: s2@group-E264CA5F8311 is not in [RUNNING]: current state is STARTING
2023-08-18 03:36:58,634 [s0@group-E264CA5F8311-LeaderElection207] INFO  impl.LeaderElection (LogUtils.java:infoOrTrace(137)) -   Exception 1: java.util.concurrent.ExecutionException: org.apache.ratis.thirdparty.io.grpc.StatusRuntimeException: INTERNAL: s1@group-E264CA5F8311 is not in [RUNNING]: current state is STARTING
2023-08-18 03:36:58,634 [s0@group-E264CA5F8311-LeaderElection207] INFO  impl.LeaderElection (LeaderElection.java:askForVotes(322)) - s0@group-E264CA5F8311-LeaderElection207 PRE_VOTE round 0: result REJECTED
2023-08-18 03:36:58,634 [s0@group-E264CA5F8311-LeaderElection207] INFO  server.RaftServer$Division (RaftServerImpl.java:setRole(371)) - s0@group-E264CA5F8311: changes role from CANDIDATE to FOLLOWER at term 1 for REJECTED
2023-08-18 03:36:58,634 [s0@group-E264CA5F8311-LeaderElection207] INFO  impl.RoleInfo (RoleInfo.java:shutdownLeaderElection(129)) - s0: shutdown s0@group-E264CA5F8311-LeaderElection207
2023-08-18 03:36:58,634 [s0@group-E264CA5F8311-LeaderElection207] INFO  impl.RoleInfo (RoleInfo.java:updateAndGet(138)) - s0: start s0@group-E264CA5F8311-FollowerState
2023-08-18 03:36:58,639 [s0-server-thread1] INFO  server.RaftServer$Division (RaftServerImpl.java:setConfigurationAsync(1238)) - s0@group-E264CA5F8311: receive setConfiguration SetConfigurationRequest:client-255CF6B0DA3F->s0@group-E264CA5F8311, cid=386, seq=0, RW, null, SET_UNCONDITIONALLY, servers:[s1|rpc:0.0.0.0:34459|dataStream:|priority:0|startupRole:FOLLOWER, s2|rpc:0.0.0.0:43137|dataStream:|priority:0|startupRole:FOLLOWER, s0|rpc:localhost:39295|admin:localhost:44843|client:localhost:40991|dataStream:localhost:40677|priority:0|startupRole:FOLLOWER], listeners:[]
2023-08-18 03:36:58,743 [s2-server-thread1] INFO  server.RaftServer$Division (RaftServerImpl.java:setConfigurationAsync(1238)) - s2@group-E264CA5F8311: receive setConfiguration SetConfigurationRequest:client-255CF6B0DA3F->s2@group-E264CA5F8311, cid=386, seq=0, RW, null, SET_UNCONDITIONALLY, servers:[s1|rpc:0.0.0.0:34459|dataStream:|priority:0|startupRole:FOLLOWER, s2|rpc:0.0.0.0:43137|dataStream:|priority:0|startupRole:FOLLOWER, s0|rpc:localhost:39295|admin:localhost:44843|client:localhost:40991|dataStream:localhost:40677|priority:0|startupRole:FOLLOWER], listeners:[]
2023-08-18 03:36:58,835 [s0@group-E264CA5F8311-FollowerState] INFO  impl.FollowerState (FollowerState.java:run(143)) - s0@group-E264CA5F8311-FollowerState: change to CANDIDATE, lastRpcElapsedTime:200299583ns, electionTimeout:200ms
2023-08-18 03:36:58,835 [s0@group-E264CA5F8311-FollowerState] INFO  impl.RoleInfo (RoleInfo.java:shutdownFollowerState(109)) - s0: shutdown s0@group-E264CA5F8311-FollowerState
2023-08-18 03:36:58,835 [s0@group-E264CA5F8311-FollowerState] INFO  server.RaftServer$Division (RaftServerImpl.java:setRole(371)) - s0@group-E264CA5F8311: changes role from  FOLLOWER to CANDIDATE at term 1 for changeToCandidate
2023-08-18 03:36:58,835 [s0@group-E264CA5F8311-FollowerState] INFO  server.RaftServerConfigKeys (ConfUtils.java:logGet(46)) - raft.server.leaderelection.pre-vote = true (default)
2023-08-18 03:36:58,835 [s0@group-E264CA5F8311-FollowerState] INFO  impl.RoleInfo (RoleInfo.java:updateAndGet(138)) - s0: start s0@group-E264CA5F8311-LeaderElection208
2023-08-18 03:36:58,835 [s0@group-E264CA5F8311-LeaderElection208] INFO  impl.LeaderElection (LeaderElection.java:askForVotes(320)) - s0@group-E264CA5F8311-LeaderElection208 PRE_VOTE round 0: submit vote requests at term 1 for 255: peers:[s0|rpc:localhost:39295|admin:localhost:44843|client:localhost:40991|dataStream:localhost:40677|priority:0|startupRole:FOLLOWER, s1|rpc:0.0.0.0:34459|dataStream:|priority:0|startupRole:FOLLOWER, s2|rpc:0.0.0.0:43137|dataStream:|priority:0|startupRole:FOLLOWER]|listeners:[], old=peers:[s0|rpc:localhost:39295|admin:localhost:44843|client:localhost:40991|dataStream:localhost:40677|priority:0|startupRole:FOLLOWER]|listeners:[]
2023-08-18 03:36:58,836 [grpc-default-executor-0] INFO  server.RaftServer$Division (RaftServerImpl.java:requestVote(1344)) - s1@group-E264CA5F8311: receive requestVote(PRE_VOTE, s0, group-E264CA5F8311, 1, (t:1, i:255))
2023-08-18 03:36:58,836 [grpc-default-executor-0] WARN  server.GrpcServerProtocolService (LogUtils.java:warn(122)) - s1: Failed requestVote s0->s1#0: org.apache.ratis.protocol.exceptions.ServerNotReadyException: s1@group-E264CA5F8311 is not in [RUNNING]: current state is STARTING
2023-08-18 03:36:58,836 [grpc-default-executor-0] INFO  server.RaftServer$Division (RaftServerImpl.java:requestVote(1344)) - s2@group-E264CA5F8311: receive requestVote(PRE_VOTE, s0, group-E264CA5F8311, 1, (t:1, i:255))
2023-08-18 03:36:58,836 [grpc-default-executor-0] WARN  server.GrpcServerProtocolService (LogUtils.java:warn(122)) - s2: Failed requestVote s0->s2#0: org.apache.ratis.protocol.exceptions.ServerNotReadyException: s2@group-E264CA5F8311 is not in [RUNNING]: current state is STARTING
2023-08-18 03:36:58,837 [s0@group-E264CA5F8311-LeaderElection208] INFO  impl.LeaderElection (LogUtils.java:infoOrTrace(137)) - s0@group-E264CA5F8311-LeaderElection208 got exception when requesting votes: java.util.concurrent.ExecutionException: org.apache.ratis.thirdparty.io.grpc.StatusRuntimeException: INTERNAL: s1@group-E264CA5F8311 is not in [RUNNING]: current state is STARTING
2023-08-18 03:36:58,837 [s0@group-E264CA5F8311-LeaderElection208] INFO  impl.LeaderElection (LogUtils.java:infoOrTrace(137)) - s0@group-E264CA5F8311-LeaderElection208 got exception when requesting votes: java.util.concurrent.ExecutionException: org.apache.ratis.thirdparty.io.grpc.StatusRuntimeException: INTERNAL: s2@group-E264CA5F8311 is not in [RUNNING]: current state is STARTING
2023-08-18 03:36:58,837 [s0@group-E264CA5F8311-LeaderElection208] INFO  impl.LeaderElection (LeaderElection.java:logAndReturn(89)) - s0@group-E264CA5F8311-LeaderElection208: PRE_VOTE REJECTED received 0 response(s) and 2 exception(s):
2023-08-18 03:36:58,837 [s0@group-E264CA5F8311-LeaderElection208] INFO  impl.LeaderElection (LogUtils.java:infoOrTrace(137)) -   Exception 0: java.util.concurrent.ExecutionException: org.apache.ratis.thirdparty.io.grpc.StatusRuntimeException: INTERNAL: s1@group-E264CA5F8311 is not in [RUNNING]: current state is STARTING
2023-08-18 03:36:58,837 [s0@group-E264CA5F8311-LeaderElection208] INFO  impl.LeaderElection (LogUtils.java:infoOrTrace(137)) -   Exception 1: java.util.concurrent.ExecutionException: org.apache.ratis.thirdparty.io.grpc.StatusRuntimeException: INTERNAL: s2@group-E264CA5F8311 is not in [RUNNING]: current state is STARTING
2023-08-18 03:36:58,837 [s0@group-E264CA5F8311-LeaderElection208] INFO  impl.LeaderElection (LeaderElection.java:askForVotes(322)) - s0@group-E264CA5F8311-LeaderElection208 PRE_VOTE round 0: result REJECTED
2023-08-18 03:36:58,837 [s0@group-E264CA5F8311-LeaderElection208] INFO  server.RaftServer$Division (RaftServerImpl.java:setRole(371)) - s0@group-E264CA5F8311: changes role from CANDIDATE to FOLLOWER at term 1 for REJECTED
2023-08-18 03:36:58,837 [s0@group-E264CA5F8311-LeaderElection208] INFO  impl.RoleInfo (RoleInfo.java:shutdownLeaderElection(129)) - s0: shutdown s0@group-E264CA5F8311-LeaderElection208
2023-08-18 03:36:58,837 [s0@group-E264CA5F8311-LeaderElection208] INFO  impl.RoleInfo (RoleInfo.java:updateAndGet(138)) - s0: start s0@group-E264CA5F8311-FollowerState
2023-08-18 03:36:58,846 [s0-server-thread1] INFO  server.RaftServer$Division (RaftServerImpl.java:setConfigurationAsync(1238)) - s0@group-E264CA5F8311: receive setConfiguration SetConfigurationRequest:client-255CF6B0DA3F->s0@group-E264CA5F8311, cid=386, seq=0, RW, null, SET_UNCONDITIONALLY, servers:[s1|rpc:0.0.0.0:34459|dataStream:|priority:0|startupRole:FOLLOWER, s2|rpc:0.0.0.0:43137|dataStream:|priority:0|startupRole:FOLLOWER, s0|rpc:localhost:39295|admin:localhost:44843|client:localhost:40991|dataStream:localhost:40677|priority:0|startupRole:FOLLOWER], listeners:[]
2023-08-18 03:36:58,950 [s1-server-thread1] INFO  server.RaftServer$Division (RaftServerImpl.java:setConfigurationAsync(1238)) - s1@group-E264CA5F8311: receive setConfiguration SetConfigurationRequest:client-255CF6B0DA3F->s1@group-E264CA5F8311, cid=386, seq=0, RW, null, SET_UNCONDITIONALLY, servers:[s1|rpc:0.0.0.0:34459|dataStream:|priority:0|startupRole:FOLLOWER, s2|rpc:0.0.0.0:43137|dataStream:|priority:0|startupRole:FOLLOWER, s0|rpc:localhost:39295|admin:localhost:44843|client:localhost:40991|dataStream:localhost:40677|priority:0|startupRole:FOLLOWER], listeners:[]
2023-08-18 03:36:59,053 [s2-server-thread1] INFO  server.RaftServer$Division (RaftServerImpl.java:setConfigurationAsync(1238)) - s2@group-E264CA5F8311: receive setConfiguration SetConfigurationRequest:client-255CF6B0DA3F->s2@group-E264CA5F8311, cid=386, seq=0, RW, null, SET_UNCONDITIONALLY, servers:[s1|rpc:0.0.0.0:34459|dataStream:|priority:0|startupRole:FOLLOWER, s2|rpc:0.0.0.0:43137|dataStream:|priority:0|startupRole:FOLLOWER, s0|rpc:localhost:39295|admin:localhost:44843|client:localhost:40991|dataStream:localhost:40677|priority:0|startupRole:FOLLOWER], listeners:[]
2023-08-18 03:36:59,077 [s0@group-E264CA5F8311-FollowerState] INFO  impl.FollowerState (FollowerState.java:run(143)) - s0@group-E264CA5F8311-FollowerState: change to CANDIDATE, lastRpcElapsedTime:240241781ns, electionTimeout:240ms
2023-08-18 03:36:59,077 [s0@group-E264CA5F8311-FollowerState] INFO  impl.RoleInfo (RoleInfo.java:shutdownFollowerState(109)) - s0: shutdown s0@group-E264CA5F8311-FollowerState
2023-08-18 03:36:59,077 [s0@group-E264CA5F8311-FollowerState] INFO  server.RaftServer$Division (RaftServerImpl.java:setRole(371)) - s0@group-E264CA5F8311: changes role from  FOLLOWER to CANDIDATE at term 1 for changeToCandidate
2023-08-18 03:36:59,077 [s0@group-E264CA5F8311-FollowerState] INFO  server.RaftServerConfigKeys (ConfUtils.java:logGet(46)) - raft.server.leaderelection.pre-vote = true (default)
2023-08-18 03:36:59,077 [s0@group-E264CA5F8311-FollowerState] INFO  impl.RoleInfo (RoleInfo.java:updateAndGet(138)) - s0: start s0@group-E264CA5F8311-LeaderElection209
2023-08-18 03:36:59,078 [s0@group-E264CA5F8311-LeaderElection209] INFO  impl.LeaderElection (LeaderElection.java:askForVotes(320)) - s0@group-E264CA5F8311-LeaderElection209 PRE_VOTE round 0: submit vote requests at term 1 for 255: peers:[s0|rpc:localhost:39295|admin:localhost:44843|client:localhost:40991|dataStream:localhost:40677|priority:0|startupRole:FOLLOWER, s1|rpc:0.0.0.0:34459|dataStream:|priority:0|startupRole:FOLLOWER, s2|rpc:0.0.0.0:43137|dataStream:|priority:0|startupRole:FOLLOWER]|listeners:[], old=peers:[s0|rpc:localhost:39295|admin:localhost:44843|client:localhost:40991|dataStream:localhost:40677|priority:0|startupRole:FOLLOWER]|listeners:[]
2023-08-18 03:36:59,079 [grpc-default-executor-0] INFO  server.RaftServer$Division (RaftServerImpl.java:requestVote(1344)) - s1@group-E264CA5F8311: receive requestVote(PRE_VOTE, s0, group-E264CA5F8311, 1, (t:1, i:255))
2023-08-18 03:36:59,079 [grpc-default-executor-0] WARN  server.GrpcServerProtocolService (LogUtils.java:warn(122)) - s1: Failed requestVote s0->s1#0: org.apache.ratis.protocol.exceptions.ServerNotReadyException: s1@group-E264CA5F8311 is not in [RUNNING]: current state is STARTING
2023-08-18 03:36:59,079 [grpc-default-executor-3] INFO  server.RaftServer$Division (RaftServerImpl.java:requestVote(1344)) - s2@group-E264CA5F8311: receive requestVote(PRE_VOTE, s0, group-E264CA5F8311, 1, (t:1, i:255))
2023-08-18 03:36:59,079 [grpc-default-executor-3] WARN  server.GrpcServerProtocolService (LogUtils.java:warn(122)) - s2: Failed requestVote s0->s2#0: org.apache.ratis.protocol.exceptions.ServerNotReadyException: s2@group-E264CA5F8311 is not in [RUNNING]: current state is STARTING
2023-08-18 03:36:59,079 [s0@group-E264CA5F8311-LeaderElection209] INFO  impl.LeaderElection (LogUtils.java:infoOrTrace(137)) - s0@group-E264CA5F8311-LeaderElection209 got exception when requesting votes: java.util.concurrent.ExecutionException: org.apache.ratis.thirdparty.io.grpc.StatusRuntimeException: INTERNAL: s1@group-E264CA5F8311 is not in [RUNNING]: current state is STARTING
2023-08-18 03:36:59,083 [s0@group-E264CA5F8311-LeaderElection209] INFO  impl.LeaderElection (LogUtils.java:infoOrTrace(137)) - s0@group-E264CA5F8311-LeaderElection209 got exception when requesting votes: java.util.concurrent.ExecutionException: org.apache.ratis.thirdparty.io.grpc.StatusRuntimeException: INTERNAL: s2@group-E264CA5F8311 is not in [RUNNING]: current state is STARTING
2023-08-18 03:36:59,083 [s0@group-E264CA5F8311-LeaderElection209] INFO  impl.LeaderElection (LeaderElection.java:logAndReturn(89)) - s0@group-E264CA5F8311-LeaderElection209: PRE_VOTE REJECTED received 0 response(s) and 2 exception(s):
2023-08-18 03:36:59,083 [s0@group-E264CA5F8311-LeaderElection209] INFO  impl.LeaderElection (LogUtils.java:infoOrTrace(137)) -   Exception 0: java.util.concurrent.ExecutionException: org.apache.ratis.thirdparty.io.grpc.StatusRuntimeException: INTERNAL: s1@group-E264CA5F8311 is not in [RUNNING]: current state is STARTING
2023-08-18 03:36:59,083 [s0@group-E264CA5F8311-LeaderElection209] INFO  impl.LeaderElection (LogUtils.java:infoOrTrace(137)) -   Exception 1: java.util.concurrent.ExecutionException: org.apache.ratis.thirdparty.io.grpc.StatusRuntimeException: INTERNAL: s2@group-E264CA5F8311 is not in [RUNNING]: current state is STARTING
2023-08-18 03:36:59,083 [s0@group-E264CA5F8311-LeaderElection209] INFO  impl.LeaderElection (LeaderElection.java:askForVotes(322)) - s0@group-E264CA5F8311-LeaderElection209 PRE_VOTE round 0: result REJECTED
2023-08-18 03:36:59,083 [s0@group-E264CA5F8311-LeaderElection209] INFO  server.RaftServer$Division (RaftServerImpl.java:setRole(371)) - s0@group-E264CA5F8311: changes role from CANDIDATE to FOLLOWER at term 1 for REJECTED
2023-08-18 03:36:59,083 [s0@group-E264CA5F8311-LeaderElection209] INFO  impl.RoleInfo (RoleInfo.java:shutdownLeaderElection(129)) - s0: shutdown s0@group-E264CA5F8311-LeaderElection209
2023-08-18 03:36:59,083 [s0@group-E264CA5F8311-LeaderElection209] INFO  impl.RoleInfo (RoleInfo.java:updateAndGet(138)) - s0: start s0@group-E264CA5F8311-FollowerState
2023-08-18 03:36:59,157 [s1-server-thread1] INFO  server.RaftServer$Division (RaftServerImpl.java:setConfigurationAsync(1238)) - s1@group-E264CA5F8311: receive setConfiguration SetConfigurationRequest:client-255CF6B0DA3F->s1@group-E264CA5F8311, cid=386, seq=0, RW, null, SET_UNCONDITIONALLY, servers:[s1|rpc:0.0.0.0:34459|dataStream:|priority:0|startupRole:FOLLOWER, s2|rpc:0.0.0.0:43137|dataStream:|priority:0|startupRole:FOLLOWER, s0|rpc:localhost:39295|admin:localhost:44843|client:localhost:40991|dataStream:localhost:40677|priority:0|startupRole:FOLLOWER], listeners:[]
2023-08-18 03:36:59,256 [s0@group-E264CA5F8311-FollowerState] INFO  impl.FollowerState (FollowerState.java:run(143)) - s0@group-E264CA5F8311-FollowerState: change to CANDIDATE, lastRpcElapsedTime:172324835ns, electionTimeout:172ms
2023-08-18 03:36:59,256 [s0@group-E264CA5F8311-FollowerState] INFO  impl.RoleInfo (RoleInfo.java:shutdownFollowerState(109)) - s0: shutdown s0@group-E264CA5F8311-FollowerState
2023-08-18 03:36:59,256 [s0@group-E264CA5F8311-FollowerState] INFO  server.RaftServer$Division (RaftServerImpl.java:setRole(371)) - s0@group-E264CA5F8311: changes role from  FOLLOWER to CANDIDATE at term 1 for changeToCandidate
2023-08-18 03:36:59,256 [s0@group-E264CA5F8311-FollowerState] INFO  server.RaftServerConfigKeys (ConfUtils.java:logGet(46)) - raft.server.leaderelection.pre-vote = true (default)
2023-08-18 03:36:59,256 [s0@group-E264CA5F8311-FollowerState] INFO  impl.RoleInfo (RoleInfo.java:updateAndGet(138)) - s0: start s0@group-E264CA5F8311-LeaderElection210
2023-08-18 03:36:59,256 [s0@group-E264CA5F8311-LeaderElection210] INFO  impl.LeaderElection (LeaderElection.java:askForVotes(320)) - s0@group-E264CA5F8311-LeaderElection210 PRE_VOTE round 0: submit vote requests at term 1 for 255: peers:[s0|rpc:localhost:39295|admin:localhost:44843|client:localhost:40991|dataStream:localhost:40677|priority:0|startupRole:FOLLOWER, s1|rpc:0.0.0.0:34459|dataStream:|priority:0|startupRole:FOLLOWER, s2|rpc:0.0.0.0:43137|dataStream:|priority:0|startupRole:FOLLOWER]|listeners:[], old=peers:[s0|rpc:localhost:39295|admin:localhost:44843|client:localhost:40991|dataStream:localhost:40677|priority:0|startupRole:FOLLOWER]|listeners:[]
2023-08-18 03:36:59,257 [grpc-default-executor-3] INFO  server.RaftServer$Division (RaftServerImpl.java:requestVote(1344)) - s1@group-E264CA5F8311: receive requestVote(PRE_VOTE, s0, group-E264CA5F8311, 1, (t:1, i:255))
2023-08-18 03:36:59,257 [grpc-default-executor-0] INFO  server.RaftServer$Division (RaftServerImpl.java:requestVote(1344)) - s2@group-E264CA5F8311: receive requestVote(PRE_VOTE, s0, group-E264CA5F8311, 1, (t:1, i:255))
2023-08-18 03:36:59,257 [grpc-default-executor-3] WARN  server.GrpcServerProtocolService (LogUtils.java:warn(122)) - s1: Failed requestVote s0->s1#0: org.apache.ratis.protocol.exceptions.ServerNotReadyException: s1@group-E264CA5F8311 is not in [RUNNING]: current state is STARTING
2023-08-18 03:36:59,257 [grpc-default-executor-0] WARN  server.GrpcServerProtocolService (LogUtils.java:warn(122)) - s2: Failed requestVote s0->s2#0: org.apache.ratis.protocol.exceptions.ServerNotReadyException: s2@group-E264CA5F8311 is not in [RUNNING]: current state is STARTING
2023-08-18 03:36:59,258 [s0@group-E264CA5F8311-LeaderElection210] INFO  impl.LeaderElection (LogUtils.java:infoOrTrace(137)) - s0@group-E264CA5F8311-LeaderElection210 got exception when requesting votes: java.util.concurrent.ExecutionException: org.apache.ratis.thirdparty.io.grpc.StatusRuntimeException: INTERNAL: s1@group-E264CA5F8311 is not in [RUNNING]: current state is STARTING
2023-08-18 03:36:59,258 [s0@group-E264CA5F8311-LeaderElection210] INFO  impl.LeaderElection (LogUtils.java:infoOrTrace(137)) - s0@group-E264CA5F8311-LeaderElection210 got exception when requesting votes: java.util.concurrent.ExecutionException: org.apache.ratis.thirdparty.io.grpc.StatusRuntimeException: INTERNAL: s2@group-E264CA5F8311 is not in [RUNNING]: current state is STARTING
2023-08-18 03:36:59,258 [s0@group-E264CA5F8311-LeaderElection210] INFO  impl.LeaderElection (LeaderElection.java:logAndReturn(89)) - s0@group-E264CA5F8311-LeaderElection210: PRE_VOTE REJECTED received 0 response(s) and 2 exception(s):
2023-08-18 03:36:59,258 [s0@group-E264CA5F8311-LeaderElection210] INFO  impl.LeaderElection (LogUtils.java:infoOrTrace(137)) -   Exception 0: java.util.concurrent.ExecutionException: org.apache.ratis.thirdparty.io.grpc.StatusRuntimeException: INTERNAL: s1@group-E264CA5F8311 is not in [RUNNING]: current state is STARTING
2023-08-18 03:36:59,258 [s0@group-E264CA5F8311-LeaderElection210] INFO  impl.LeaderElection (LogUtils.java:infoOrTrace(137)) -   Exception 1: java.util.concurrent.ExecutionException: org.apache.ratis.thirdparty.io.grpc.StatusRuntimeException: INTERNAL: s2@group-E264CA5F8311 is not in [RUNNING]: current state is STARTING
2023-08-18 03:36:59,258 [s0@group-E264CA5F8311-LeaderElection210] INFO  impl.LeaderElection (LeaderElection.java:askForVotes(322)) - s0@group-E264CA5F8311-LeaderElection210 PRE_VOTE round 0: result REJECTED
2023-08-18 03:36:59,258 [s0@group-E264CA5F8311-LeaderElection210] INFO  server.RaftServer$Division (RaftServerImpl.java:setRole(371)) - s0@group-E264CA5F8311: changes role from CANDIDATE to FOLLOWER at term 1 for REJECTED
2023-08-18 03:36:59,258 [s0@group-E264CA5F8311-LeaderElection210] INFO  impl.RoleInfo (RoleInfo.java:shutdownLeaderElection(129)) - s0: shutdown s0@group-E264CA5F8311-LeaderElection210
2023-08-18 03:36:59,258 [s0@group-E264CA5F8311-LeaderElection210] INFO  impl.RoleInfo (RoleInfo.java:updateAndGet(138)) - s0: start s0@group-E264CA5F8311-FollowerState
2023-08-18 03:36:59,261 [s2-server-thread1] INFO  server.RaftServer$Division (RaftServerImpl.java:setConfigurationAsync(1238)) - s2@group-E264CA5F8311: receive setConfiguration SetConfigurationRequest:client-255CF6B0DA3F->s2@group-E264CA5F8311, cid=386, seq=0, RW, null, SET_UNCONDITIONALLY, servers:[s1|rpc:0.0.0.0:34459|dataStream:|priority:0|startupRole:FOLLOWER, s2|rpc:0.0.0.0:43137|dataStream:|priority:0|startupRole:FOLLOWER, s0|rpc:localhost:39295|admin:localhost:44843|client:localhost:40991|dataStream:localhost:40677|priority:0|startupRole:FOLLOWER], listeners:[]
2023-08-18 03:36:59,365 [s0-server-thread1] INFO  server.RaftServer$Division (RaftServerImpl.java:setConfigurationAsync(1238)) - s0@group-E264CA5F8311: receive setConfiguration SetConfigurationRequest:client-255CF6B0DA3F->s0@group-E264CA5F8311, cid=386, seq=0, RW, null, SET_UNCONDITIONALLY, servers:[s1|rpc:0.0.0.0:34459|dataStream:|priority:0|startupRole:FOLLOWER, s2|rpc:0.0.0.0:43137|dataStream:|priority:0|startupRole:FOLLOWER, s0|rpc:localhost:39295|admin:localhost:44843|client:localhost:40991|dataStream:localhost:40677|priority:0|startupRole:FOLLOWER], listeners:[]
2023-08-18 03:36:59,421 [s0@group-E264CA5F8311-FollowerState] INFO  impl.FollowerState (FollowerState.java:run(143)) - s0@group-E264CA5F8311-FollowerState: change to CANDIDATE, lastRpcElapsedTime:163438846ns, electionTimeout:163ms
2023-08-18 03:36:59,422 [s0@group-E264CA5F8311-FollowerState] INFO  impl.RoleInfo (RoleInfo.java:shutdownFollowerState(109)) - s0: shutdown s0@group-E264CA5F8311-FollowerState
2023-08-18 03:36:59,422 [s0@group-E264CA5F8311-FollowerState] INFO  server.RaftServer$Division (RaftServerImpl.java:setRole(371)) - s0@group-E264CA5F8311: changes role from  FOLLOWER to CANDIDATE at term 1 for changeToCandidate
2023-08-18 03:36:59,422 [s0@group-E264CA5F8311-FollowerState] INFO  server.RaftServerConfigKeys (ConfUtils.java:logGet(46)) - raft.server.leaderelection.pre-vote = true (default)
2023-08-18 03:36:59,422 [s0@group-E264CA5F8311-FollowerState] INFO  impl.RoleInfo (RoleInfo.java:updateAndGet(138)) - s0: start s0@group-E264CA5F8311-LeaderElection211
2023-08-18 03:36:59,422 [s0@group-E264CA5F8311-LeaderElection211] INFO  impl.LeaderElection (LeaderElection.java:askForVotes(320)) - s0@group-E264CA5F8311-LeaderElection211 PRE_VOTE round 0: submit vote requests at term 1 for 255: peers:[s0|rpc:localhost:39295|admin:localhost:44843|client:localhost:40991|dataStream:localhost:40677|priority:0|startupRole:FOLLOWER, s1|rpc:0.0.0.0:34459|dataStream:|priority:0|startupRole:FOLLOWER, s2|rpc:0.0.0.0:43137|dataStream:|priority:0|startupRole:FOLLOWER]|listeners:[], old=peers:[s0|rpc:localhost:39295|admin:localhost:44843|client:localhost:40991|dataStream:localhost:40677|priority:0|startupRole:FOLLOWER]|listeners:[]
2023-08-18 03:36:59,423 [grpc-default-executor-3] INFO  server.RaftServer$Division (RaftServerImpl.java:requestVote(1344)) - s1@group-E264CA5F8311: receive requestVote(PRE_VOTE, s0, group-E264CA5F8311, 1, (t:1, i:255))
2023-08-18 03:36:59,423 [grpc-default-executor-0] INFO  server.RaftServer$Division (RaftServerImpl.java:requestVote(1344)) - s2@group-E264CA5F8311: receive requestVote(PRE_VOTE, s0, group-E264CA5F8311, 1, (t:1, i:255))
2023-08-18 03:36:59,423 [grpc-default-executor-3] WARN  server.GrpcServerProtocolService (LogUtils.java:warn(122)) - s1: Failed requestVote s0->s1#0: org.apache.ratis.protocol.exceptions.ServerNotReadyException: s1@group-E264CA5F8311 is not in [RUNNING]: current state is STARTING
2023-08-18 03:36:59,423 [grpc-default-executor-0] WARN  server.GrpcServerProtocolService (LogUtils.java:warn(122)) - s2: Failed requestVote s0->s2#0: org.apache.ratis.protocol.exceptions.ServerNotReadyException: s2@group-E264CA5F8311 is not in [RUNNING]: current state is STARTING
2023-08-18 03:36:59,423 [s0@group-E264CA5F8311-LeaderElection211] INFO  impl.LeaderElection (LogUtils.java:infoOrTrace(137)) - s0@group-E264CA5F8311-LeaderElection211 got exception when requesting votes: java.util.concurrent.ExecutionException: org.apache.ratis.thirdparty.io.grpc.StatusRuntimeException: INTERNAL: s1@group-E264CA5F8311 is not in [RUNNING]: current state is STARTING
2023-08-18 03:36:59,424 [s0@group-E264CA5F8311-LeaderElection211] INFO  impl.LeaderElection (LogUtils.java:infoOrTrace(137)) - s0@group-E264CA5F8311-LeaderElection211 got exception when requesting votes: java.util.concurrent.ExecutionException: org.apache.ratis.thirdparty.io.grpc.StatusRuntimeException: INTERNAL: s2@group-E264CA5F8311 is not in [RUNNING]: current state is STARTING
2023-08-18 03:36:59,424 [s0@group-E264CA5F8311-LeaderElection211] INFO  impl.LeaderElection (LeaderElection.java:logAndReturn(89)) - s0@group-E264CA5F8311-LeaderElection211: PRE_VOTE REJECTED received 0 response(s) and 2 exception(s):
2023-08-18 03:36:59,424 [s0@group-E264CA5F8311-LeaderElection211] INFO  impl.LeaderElection (LogUtils.java:infoOrTrace(137)) -   Exception 0: java.util.concurrent.ExecutionException: org.apache.ratis.thirdparty.io.grpc.StatusRuntimeException: INTERNAL: s1@group-E264CA5F8311 is not in [RUNNING]: current state is STARTING
2023-08-18 03:36:59,424 [s0@group-E264CA5F8311-LeaderElection211] INFO  impl.LeaderElection (LogUtils.java:infoOrTrace(137)) -   Exception 1: java.util.concurrent.ExecutionException: org.apache.ratis.thirdparty.io.grpc.StatusRuntimeException: INTERNAL: s2@group-E264CA5F8311 is not in [RUNNING]: current state is STARTING
2023-08-18 03:36:59,424 [s0@group-E264CA5F8311-LeaderElection211] INFO  impl.LeaderElection (LeaderElection.java:askForVotes(322)) - s0@group-E264CA5F8311-LeaderElection211 PRE_VOTE round 0: result REJECTED
2023-08-18 03:36:59,424 [s0@group-E264CA5F8311-LeaderElection211] INFO  server.RaftServer$Division (RaftServerImpl.java:setRole(371)) - s0@group-E264CA5F8311: changes role from CANDIDATE to FOLLOWER at term 1 for REJECTED
2023-08-18 03:36:59,424 [s0@group-E264CA5F8311-LeaderElection211] INFO  impl.RoleInfo (RoleInfo.java:shutdownLeaderElection(129)) - s0: shutdown s0@group-E264CA5F8311-LeaderElection211
2023-08-18 03:36:59,424 [s0@group-E264CA5F8311-LeaderElection211] INFO  impl.RoleInfo (RoleInfo.java:updateAndGet(138)) - s0: start s0@group-E264CA5F8311-FollowerState
2023-08-18 03:36:59,468 [s1-server-thread1] INFO  server.RaftServer$Division (RaftServerImpl.java:setConfigurationAsync(1238)) - s1@group-E264CA5F8311: receive setConfiguration SetConfigurationRequest:client-255CF6B0DA3F->s1@group-E264CA5F8311, cid=386, seq=0, RW, null, SET_UNCONDITIONALLY, servers:[s1|rpc:0.0.0.0:34459|dataStream:|priority:0|startupRole:FOLLOWER, s2|rpc:0.0.0.0:43137|dataStream:|priority:0|startupRole:FOLLOWER, s0|rpc:localhost:39295|admin:localhost:44843|client:localhost:40991|dataStream:localhost:40677|priority:0|startupRole:FOLLOWER], listeners:[]
2023-08-18 03:36:59,572 [s0-server-thread1] INFO  server.RaftServer$Division (RaftServerImpl.java:setConfigurationAsync(1238)) - s0@group-E264CA5F8311: receive setConfiguration SetConfigurationRequest:client-255CF6B0DA3F->s0@group-E264CA5F8311, cid=386, seq=0, RW, null, SET_UNCONDITIONALLY, servers:[s1|rpc:0.0.0.0:34459|dataStream:|priority:0|startupRole:FOLLOWER, s2|rpc:0.0.0.0:43137|dataStream:|priority:0|startupRole:FOLLOWER, s0|rpc:localhost:39295|admin:localhost:44843|client:localhost:40991|dataStream:localhost:40677|priority:0|startupRole:FOLLOWER], listeners:[]
2023-08-18 03:36:59,594 [s0@group-E264CA5F8311-FollowerState] INFO  impl.FollowerState (FollowerState.java:run(143)) - s0@group-E264CA5F8311-FollowerState: change to CANDIDATE, lastRpcElapsedTime:170370760ns, electionTimeout:170ms
2023-08-18 03:36:59,594 [s0@group-E264CA5F8311-FollowerState] INFO  impl.RoleInfo (RoleInfo.java:shutdownFollowerState(109)) - s0: shutdown s0@group-E264CA5F8311-FollowerState
2023-08-18 03:36:59,594 [s0@group-E264CA5F8311-FollowerState] INFO  server.RaftServer$Division (RaftServerImpl.java:setRole(371)) - s0@group-E264CA5F8311: changes role from  FOLLOWER to CANDIDATE at term 1 for changeToCandidate
2023-08-18 03:36:59,594 [s0@group-E264CA5F8311-FollowerState] INFO  server.RaftServerConfigKeys (ConfUtils.java:logGet(46)) - raft.server.leaderelection.pre-vote = true (default)
2023-08-18 03:36:59,594 [s0@group-E264CA5F8311-FollowerState] INFO  impl.RoleInfo (RoleInfo.java:updateAndGet(138)) - s0: start s0@group-E264CA5F8311-LeaderElection212
2023-08-18 03:36:59,595 [s0@group-E264CA5F8311-LeaderElection212] INFO  impl.LeaderElection (LeaderElection.java:askForVotes(320)) - s0@group-E264CA5F8311-LeaderElection212 PRE_VOTE round 0: submit vote requests at term 1 for 255: peers:[s0|rpc:localhost:39295|admin:localhost:44843|client:localhost:40991|dataStream:localhost:40677|priority:0|startupRole:FOLLOWER, s1|rpc:0.0.0.0:34459|dataStream:|priority:0|startupRole:FOLLOWER, s2|rpc:0.0.0.0:43137|dataStream:|priority:0|startupRole:FOLLOWER]|listeners:[], old=peers:[s0|rpc:localhost:39295|admin:localhost:44843|client:localhost:40991|dataStream:localhost:40677|priority:0|startupRole:FOLLOWER]|listeners:[]
2023-08-18 03:36:59,596 [grpc-default-executor-0] INFO  server.RaftServer$Division (RaftServerImpl.java:requestVote(1344)) - s1@group-E264CA5F8311: receive requestVote(PRE_VOTE, s0, group-E264CA5F8311, 1, (t:1, i:255))
2023-08-18 03:36:59,596 [grpc-default-executor-0] WARN  server.GrpcServerProtocolService (LogUtils.java:warn(122)) - s1: Failed requestVote s0->s1#0: org.apache.ratis.protocol.exceptions.ServerNotReadyException: s1@group-E264CA5F8311 is not in [RUNNING]: current state is STARTING
2023-08-18 03:36:59,597 [s0@group-E264CA5F8311-LeaderElection212] INFO  impl.LeaderElection (LogUtils.java:infoOrTrace(137)) - s0@group-E264CA5F8311-LeaderElection212 got exception when requesting votes: java.util.concurrent.ExecutionException: org.apache.ratis.thirdparty.io.grpc.StatusRuntimeException: INTERNAL: s1@group-E264CA5F8311 is not in [RUNNING]: current state is STARTING
2023-08-18 03:36:59,597 [grpc-default-executor-0] INFO  server.RaftServer$Division (RaftServerImpl.java:requestVote(1344)) - s2@group-E264CA5F8311: receive requestVote(PRE_VOTE, s0, group-E264CA5F8311, 1, (t:1, i:255))
2023-08-18 03:36:59,597 [grpc-default-executor-0] WARN  server.GrpcServerProtocolService (LogUtils.java:warn(122)) - s2: Failed requestVote s0->s2#0: org.apache.ratis.protocol.exceptions.ServerNotReadyException: s2@group-E264CA5F8311 is not in [RUNNING]: current state is STARTING
2023-08-18 03:36:59,598 [s0@group-E264CA5F8311-LeaderElection212] INFO  impl.LeaderElection (LogUtils.java:infoOrTrace(137)) - s0@group-E264CA5F8311-LeaderElection212 got exception when requesting votes: java.util.concurrent.ExecutionException: org.apache.ratis.thirdparty.io.grpc.StatusRuntimeException: INTERNAL: s2@group-E264CA5F8311 is not in [RUNNING]: current state is STARTING
2023-08-18 03:36:59,598 [s0@group-E264CA5F8311-LeaderElection212] INFO  impl.LeaderElection (LeaderElection.java:logAndReturn(89)) - s0@group-E264CA5F8311-LeaderElection212: PRE_VOTE REJECTED received 0 response(s) and 2 exception(s):
2023-08-18 03:36:59,598 [s0@group-E264CA5F8311-LeaderElection212] INFO  impl.LeaderElection (LogUtils.java:infoOrTrace(137)) -   Exception 0: java.util.concurrent.ExecutionException: org.apache.ratis.thirdparty.io.grpc.StatusRuntimeException: INTERNAL: s1@group-E264CA5F8311 is not in [RUNNING]: current state is STARTING
2023-08-18 03:36:59,598 [s0@group-E264CA5F8311-LeaderElection212] INFO  impl.LeaderElection (LogUtils.java:infoOrTrace(137)) -   Exception 1: java.util.concurrent.ExecutionException: org.apache.ratis.thirdparty.io.grpc.StatusRuntimeException: INTERNAL: s2@group-E264CA5F8311 is not in [RUNNING]: current state is STARTING
2023-08-18 03:36:59,598 [s0@group-E264CA5F8311-LeaderElection212] INFO  impl.LeaderElection (LeaderElection.java:askForVotes(322)) - s0@group-E264CA5F8311-LeaderElection212 PRE_VOTE round 0: result REJECTED
2023-08-18 03:36:59,598 [s0@group-E264CA5F8311-LeaderElection212] INFO  server.RaftServer$Division (RaftServerImpl.java:setRole(371)) - s0@group-E264CA5F8311: changes role from CANDIDATE to FOLLOWER at term 1 for REJECTED
2023-08-18 03:36:59,598 [s0@group-E264CA5F8311-LeaderElection212] INFO  impl.RoleInfo (RoleInfo.java:shutdownLeaderElection(129)) - s0: shutdown s0@group-E264CA5F8311-LeaderElection212
2023-08-18 03:36:59,598 [s0@group-E264CA5F8311-LeaderElection212] INFO  impl.RoleInfo (RoleInfo.java:updateAndGet(138)) - s0: start s0@group-E264CA5F8311-FollowerState
2023-08-18 03:36:59,676 [s2-server-thread1] INFO  server.RaftServer$Division (RaftServerImpl.java:setConfigurationAsync(1238)) - s2@group-E264CA5F8311: receive setConfiguration SetConfigurationRequest:client-255CF6B0DA3F->s2@group-E264CA5F8311, cid=386, seq=0, RW, null, SET_UNCONDITIONALLY, servers:[s1|rpc:0.0.0.0:34459|dataStream:|priority:0|startupRole:FOLLOWER, s2|rpc:0.0.0.0:43137|dataStream:|priority:0|startupRole:FOLLOWER, s0|rpc:localhost:39295|admin:localhost:44843|client:localhost:40991|dataStream:localhost:40677|priority:0|startupRole:FOLLOWER], listeners:[]
2023-08-18 03:36:59,779 [s0-server-thread1] INFO  server.RaftServer$Division (RaftServerImpl.java:setConfigurationAsync(1238)) - s0@group-E264CA5F8311: receive setConfiguration SetConfigurationRequest:client-255CF6B0DA3F->s0@group-E264CA5F8311, cid=386, seq=0, RW, null, SET_UNCONDITIONALLY, servers:[s1|rpc:0.0.0.0:34459|dataStream:|priority:0|startupRole:FOLLOWER, s2|rpc:0.0.0.0:43137|dataStream:|priority:0|startupRole:FOLLOWER, s0|rpc:localhost:39295|admin:localhost:44843|client:localhost:40991|dataStream:localhost:40677|priority:0|startupRole:FOLLOWER], listeners:[]
2023-08-18 03:36:59,883 [s2-server-thread1] INFO  server.RaftServer$Division (RaftServerImpl.java:setConfigurationAsync(1238)) - s2@group-E264CA5F8311: receive setConfiguration SetConfigurationRequest:client-255CF6B0DA3F->s2@group-E264CA5F8311, cid=386, seq=0, RW, null, SET_UNCONDITIONALLY, servers:[s1|rpc:0.0.0.0:34459|dataStream:|priority:0|startupRole:FOLLOWER, s2|rpc:0.0.0.0:43137|dataStream:|priority:0|startupRole:FOLLOWER, s0|rpc:localhost:39295|admin:localhost:44843|client:localhost:40991|dataStream:localhost:40677|priority:0|startupRole:FOLLOWER], listeners:[]
2023-08-18 03:36:59,896 [s0@group-E264CA5F8311-FollowerState] INFO  impl.FollowerState (FollowerState.java:run(143)) - s0@group-E264CA5F8311-FollowerState: change to CANDIDATE, lastRpcElapsedTime:298440051ns, electionTimeout:298ms
2023-08-18 03:36:59,896 [s0@group-E264CA5F8311-FollowerState] INFO  impl.RoleInfo (RoleInfo.java:shutdownFollowerState(109)) - s0: shutdown s0@group-E264CA5F8311-FollowerState
2023-08-18 03:36:59,897 [s0@group-E264CA5F8311-FollowerState] INFO  server.RaftServer$Division (RaftServerImpl.java:setRole(371)) - s0@group-E264CA5F8311: changes role from  FOLLOWER to CANDIDATE at term 1 for changeToCandidate
2023-08-18 03:36:59,897 [s0@group-E264CA5F8311-FollowerState] INFO  server.RaftServerConfigKeys (ConfUtils.java:logGet(46)) - raft.server.leaderelection.pre-vote = true (default)
2023-08-18 03:36:59,897 [s0@group-E264CA5F8311-FollowerState] INFO  impl.RoleInfo (RoleInfo.java:updateAndGet(138)) - s0: start s0@group-E264CA5F8311-LeaderElection213
2023-08-18 03:36:59,897 [s0@group-E264CA5F8311-LeaderElection213] INFO  impl.LeaderElection (LeaderElection.java:askForVotes(320)) - s0@group-E264CA5F8311-LeaderElection213 PRE_VOTE round 0: submit vote requests at term 1 for 255: peers:[s0|rpc:localhost:39295|admin:localhost:44843|client:localhost:40991|dataStream:localhost:40677|priority:0|startupRole:FOLLOWER, s1|rpc:0.0.0.0:34459|dataStream:|priority:0|startupRole:FOLLOWER, s2|rpc:0.0.0.0:43137|dataStream:|priority:0|startupRole:FOLLOWER]|listeners:[], old=peers:[s0|rpc:localhost:39295|admin:localhost:44843|client:localhost:40991|dataStream:localhost:40677|priority:0|startupRole:FOLLOWER]|listeners:[]
2023-08-18 03:36:59,898 [grpc-default-executor-0] INFO  server.RaftServer$Division (RaftServerImpl.java:requestVote(1344)) - s1@group-E264CA5F8311: receive requestVote(PRE_VOTE, s0, group-E264CA5F8311, 1, (t:1, i:255))
2023-08-18 03:36:59,898 [grpc-default-executor-0] WARN  server.GrpcServerProtocolService (LogUtils.java:warn(122)) - s1: Failed requestVote s0->s1#0: org.apache.ratis.protocol.exceptions.ServerNotReadyException: s1@group-E264CA5F8311 is not in [RUNNING]: current state is STARTING
2023-08-18 03:36:59,900 [s0@group-E264CA5F8311-LeaderElection213] INFO  impl.LeaderElection (LogUtils.java:infoOrTrace(137)) - s0@group-E264CA5F8311-LeaderElection213 got exception when requesting votes: java.util.concurrent.ExecutionException: org.apache.ratis.thirdparty.io.grpc.StatusRuntimeException: INTERNAL: s1@group-E264CA5F8311 is not in [RUNNING]: current state is STARTING
2023-08-18 03:36:59,900 [grpc-default-executor-3] INFO  server.RaftServer$Division (RaftServerImpl.java:requestVote(1344)) - s2@group-E264CA5F8311: receive requestVote(PRE_VOTE, s0, group-E264CA5F8311, 1, (t:1, i:255))
2023-08-18 03:36:59,900 [grpc-default-executor-3] WARN  server.GrpcServerProtocolService (LogUtils.java:warn(122)) - s2: Failed requestVote s0->s2#0: org.apache.ratis.protocol.exceptions.ServerNotReadyException: s2@group-E264CA5F8311 is not in [RUNNING]: current state is STARTING
2023-08-18 03:36:59,900 [s0@group-E264CA5F8311-LeaderElection213] INFO  impl.LeaderElection (LogUtils.java:infoOrTrace(137)) - s0@group-E264CA5F8311-LeaderElection213 got exception when requesting votes: java.util.concurrent.ExecutionException: org.apache.ratis.thirdparty.io.grpc.StatusRuntimeException: INTERNAL: s2@group-E264CA5F8311 is not in [RUNNING]: current state is STARTING
2023-08-18 03:36:59,900 [s0@group-E264CA5F8311-LeaderElection213] INFO  impl.LeaderElection (LeaderElection.java:logAndReturn(89)) - s0@group-E264CA5F8311-LeaderElection213: PRE_VOTE REJECTED received 0 response(s) and 2 exception(s):
2023-08-18 03:36:59,900 [s0@group-E264CA5F8311-LeaderElection213] INFO  impl.LeaderElection (LogUtils.java:infoOrTrace(137)) -   Exception 0: java.util.concurrent.ExecutionException: org.apache.ratis.thirdparty.io.grpc.StatusRuntimeException: INTERNAL: s1@group-E264CA5F8311 is not in [RUNNING]: current state is STARTING
2023-08-18 03:36:59,900 [s0@group-E264CA5F8311-LeaderElection213] INFO  impl.LeaderElection (LogUtils.java:infoOrTrace(137)) -   Exception 1: java.util.concurrent.ExecutionException: org.apache.ratis.thirdparty.io.grpc.StatusRuntimeException: INTERNAL: s2@group-E264CA5F8311 is not in [RUNNING]: current state is STARTING
2023-08-18 03:36:59,900 [s0@group-E264CA5F8311-LeaderElection213] INFO  impl.LeaderElection (LeaderElection.java:askForVotes(322)) - s0@group-E264CA5F8311-LeaderElection213 PRE_VOTE round 0: result REJECTED
2023-08-18 03:36:59,900 [s0@group-E264CA5F8311-LeaderElection213] INFO  server.RaftServer$Division (RaftServerImpl.java:setRole(371)) - s0@group-E264CA5F8311: changes role from CANDIDATE to FOLLOWER at term 1 for REJECTED
2023-08-18 03:36:59,900 [s0@group-E264CA5F8311-LeaderElection213] INFO  impl.RoleInfo (RoleInfo.java:shutdownLeaderElection(129)) - s0: shutdown s0@group-E264CA5F8311-LeaderElection213
2023-08-18 03:36:59,900 [s0@group-E264CA5F8311-LeaderElection213] INFO  impl.RoleInfo (RoleInfo.java:updateAndGet(138)) - s0: start s0@group-E264CA5F8311-FollowerState
2023-08-18 03:36:59,987 [s0-server-thread1] INFO  server.RaftServer$Division (RaftServerImpl.java:setConfigurationAsync(1238)) - s0@group-E264CA5F8311: receive setConfiguration SetConfigurationRequest:client-255CF6B0DA3F->s0@group-E264CA5F8311, cid=386, seq=0, RW, null, SET_UNCONDITIONALLY, servers:[s1|rpc:0.0.0.0:34459|dataStream:|priority:0|startupRole:FOLLOWER, s2|rpc:0.0.0.0:43137|dataStream:|priority:0|startupRole:FOLLOWER, s0|rpc:localhost:39295|admin:localhost:44843|client:localhost:40991|dataStream:localhost:40677|priority:0|startupRole:FOLLOWER], listeners:[]
2023-08-18 03:37:00,069 [s0@group-E264CA5F8311-FollowerState] INFO  impl.FollowerState (FollowerState.java:run(143)) - s0@group-E264CA5F8311-FollowerState: change to CANDIDATE, lastRpcElapsedTime:168414784ns, electionTimeout:168ms
2023-08-18 03:37:00,069 [s0@group-E264CA5F8311-FollowerState] INFO  impl.RoleInfo (RoleInfo.java:shutdownFollowerState(109)) - s0: shutdown s0@group-E264CA5F8311-FollowerState
2023-08-18 03:37:00,069 [s0@group-E264CA5F8311-FollowerState] INFO  server.RaftServer$Division (RaftServerImpl.java:setRole(371)) - s0@group-E264CA5F8311: changes role from  FOLLOWER to CANDIDATE at term 1 for changeToCandidate
2023-08-18 03:37:00,069 [s0@group-E264CA5F8311-FollowerState] INFO  server.RaftServerConfigKeys (ConfUtils.java:logGet(46)) - raft.server.leaderelection.pre-vote = true (default)
2023-08-18 03:37:00,069 [s0@group-E264CA5F8311-FollowerState] INFO  impl.RoleInfo (RoleInfo.java:updateAndGet(138)) - s0: start s0@group-E264CA5F8311-LeaderElection214
2023-08-18 03:37:00,069 [s0@group-E264CA5F8311-LeaderElection214] INFO  impl.LeaderElection (LeaderElection.java:askForVotes(320)) - s0@group-E264CA5F8311-LeaderElection214 PRE_VOTE round 0: submit vote requests at term 1 for 255: peers:[s0|rpc:localhost:39295|admin:localhost:44843|client:localhost:40991|dataStream:localhost:40677|priority:0|startupRole:FOLLOWER, s1|rpc:0.0.0.0:34459|dataStream:|priority:0|startupRole:FOLLOWER, s2|rpc:0.0.0.0:43137|dataStream:|priority:0|startupRole:FOLLOWER]|listeners:[], old=peers:[s0|rpc:localhost:39295|admin:localhost:44843|client:localhost:40991|dataStream:localhost:40677|priority:0|startupRole:FOLLOWER]|listeners:[]
2023-08-18 03:37:00,070 [grpc-default-executor-3] INFO  server.RaftServer$Division (RaftServerImpl.java:requestVote(1344)) - s1@group-E264CA5F8311: receive requestVote(PRE_VOTE, s0, group-E264CA5F8311, 1, (t:1, i:255))
2023-08-18 03:37:00,070 [grpc-default-executor-3] WARN  server.GrpcServerProtocolService (LogUtils.java:warn(122)) - s1: Failed requestVote s0->s1#0: org.apache.ratis.protocol.exceptions.ServerNotReadyException: s1@group-E264CA5F8311 is not in [RUNNING]: current state is STARTING
2023-08-18 03:37:00,071 [s0@group-E264CA5F8311-LeaderElection214] INFO  impl.LeaderElection (LogUtils.java:infoOrTrace(137)) - s0@group-E264CA5F8311-LeaderElection214 got exception when requesting votes: java.util.concurrent.ExecutionException: org.apache.ratis.thirdparty.io.grpc.StatusRuntimeException: INTERNAL: s1@group-E264CA5F8311 is not in [RUNNING]: current state is STARTING
2023-08-18 03:37:00,071 [grpc-default-executor-0] INFO  server.RaftServer$Division (RaftServerImpl.java:requestVote(1344)) - s2@group-E264CA5F8311: receive requestVote(PRE_VOTE, s0, group-E264CA5F8311, 1, (t:1, i:255))
2023-08-18 03:37:00,071 [grpc-default-executor-0] WARN  server.GrpcServerProtocolService (LogUtils.java:warn(122)) - s2: Failed requestVote s0->s2#0: org.apache.ratis.protocol.exceptions.ServerNotReadyException: s2@group-E264CA5F8311 is not in [RUNNING]: current state is STARTING
2023-08-18 03:37:00,071 [s0@group-E264CA5F8311-LeaderElection214] INFO  impl.LeaderElection (LogUtils.java:infoOrTrace(137)) - s0@group-E264CA5F8311-LeaderElection214 got exception when requesting votes: java.util.concurrent.ExecutionException: org.apache.ratis.thirdparty.io.grpc.StatusRuntimeException: INTERNAL: s2@group-E264CA5F8311 is not in [RUNNING]: current state is STARTING
2023-08-18 03:37:00,071 [s0@group-E264CA5F8311-LeaderElection214] INFO  impl.LeaderElection (LeaderElection.java:logAndReturn(89)) - s0@group-E264CA5F8311-LeaderElection214: PRE_VOTE REJECTED received 0 response(s) and 2 exception(s):
2023-08-18 03:37:00,071 [s0@group-E264CA5F8311-LeaderElection214] INFO  impl.LeaderElection (LogUtils.java:infoOrTrace(137)) -   Exception 0: java.util.concurrent.ExecutionException: org.apache.ratis.thirdparty.io.grpc.StatusRuntimeException: INTERNAL: s1@group-E264CA5F8311 is not in [RUNNING]: current state is STARTING
2023-08-18 03:37:00,071 [s0@group-E264CA5F8311-LeaderElection214] INFO  impl.LeaderElection (LogUtils.java:infoOrTrace(137)) -   Exception 1: java.util.concurrent.ExecutionException: org.apache.ratis.thirdparty.io.grpc.StatusRuntimeException: INTERNAL: s2@group-E264CA5F8311 is not in [RUNNING]: current state is STARTING
2023-08-18 03:37:00,071 [s0@group-E264CA5F8311-LeaderElection214] INFO  impl.LeaderElection (LeaderElection.java:askForVotes(322)) - s0@group-E264CA5F8311-LeaderElection214 PRE_VOTE round 0: result REJECTED
2023-08-18 03:37:00,071 [s0@group-E264CA5F8311-LeaderElection214] INFO  server.RaftServer$Division (RaftServerImpl.java:setRole(371)) - s0@group-E264CA5F8311: changes role from CANDIDATE to FOLLOWER at term 1 for REJECTED
2023-08-18 03:37:00,071 [s0@group-E264CA5F8311-LeaderElection214] INFO  impl.RoleInfo (RoleInfo.java:shutdownLeaderElection(129)) - s0: shutdown s0@group-E264CA5F8311-LeaderElection214
2023-08-18 03:37:00,071 [s0@group-E264CA5F8311-LeaderElection214] INFO  impl.RoleInfo (RoleInfo.java:updateAndGet(138)) - s0: start s0@group-E264CA5F8311-FollowerState
2023-08-18 03:37:00,090 [s2-server-thread1] INFO  server.RaftServer$Division (RaftServerImpl.java:setConfigurationAsync(1238)) - s2@group-E264CA5F8311: receive setConfiguration SetConfigurationRequest:client-255CF6B0DA3F->s2@group-E264CA5F8311, cid=386, seq=0, RW, null, SET_UNCONDITIONALLY, servers:[s1|rpc:0.0.0.0:34459|dataStream:|priority:0|startupRole:FOLLOWER, s2|rpc:0.0.0.0:43137|dataStream:|priority:0|startupRole:FOLLOWER, s0|rpc:localhost:39295|admin:localhost:44843|client:localhost:40991|dataStream:localhost:40677|priority:0|startupRole:FOLLOWER], listeners:[]
2023-08-18 03:37:00,194 [s0-server-thread1] INFO  server.RaftServer$Division (RaftServerImpl.java:setConfigurationAsync(1238)) - s0@group-E264CA5F8311: receive setConfiguration SetConfigurationRequest:client-255CF6B0DA3F->s0@group-E264CA5F8311, cid=386, seq=0, RW, null, SET_UNCONDITIONALLY, servers:[s1|rpc:0.0.0.0:34459|dataStream:|priority:0|startupRole:FOLLOWER, s2|rpc:0.0.0.0:43137|dataStream:|priority:0|startupRole:FOLLOWER, s0|rpc:localhost:39295|admin:localhost:44843|client:localhost:40991|dataStream:localhost:40677|priority:0|startupRole:FOLLOWER], listeners:[]
2023-08-18 03:37:00,298 [s1-server-thread1] INFO  server.RaftServer$Division (RaftServerImpl.java:setConfigurationAsync(1238)) - s1@group-E264CA5F8311: receive setConfiguration SetConfigurationRequest:client-255CF6B0DA3F->s1@group-E264CA5F8311, cid=386, seq=0, RW, null, SET_UNCONDITIONALLY, servers:[s1|rpc:0.0.0.0:34459|dataStream:|priority:0|startupRole:FOLLOWER, s2|rpc:0.0.0.0:43137|dataStream:|priority:0|startupRole:FOLLOWER, s0|rpc:localhost:39295|admin:localhost:44843|client:localhost:40991|dataStream:localhost:40677|priority:0|startupRole:FOLLOWER], listeners:[]
2023-08-18 03:37:00,306 [Timer-2] INFO  impl.MiniRaftCluster (MiniRaftCluster.java:lambda$start$6(349)) - TIMED-PRINT: printing ALL groups
  s0:  RUNNING  FOLLOWER s0@group-E264CA5F8311:t1, leader=null, voted=s0, raftlog=Memoized:s0@group-E264CA5F8311-SegmentedRaftLog:OPENED:c254, conf=255: peers:[s0|rpc:localhost:39295|admin:localhost:44843|client:localhost:40991|dataStream:localhost:40677|priority:0|startupRole:FOLLOWER, s1|rpc:0.0.0.0:34459|dataStream:|priority:0|startupRole:FOLLOWER, s2|rpc:0.0.0.0:43137|dataStream:|priority:0|startupRole:FOLLOWER]|listeners:[], old=peers:[s0|rpc:localhost:39295|admin:localhost:44843|client:localhost:40991|dataStream:localhost:40677|priority:0|startupRole:FOLLOWER]|listeners:[] RUNNING
  s1:  RUNNING  FOLLOWER s1@group-E264CA5F8311:t1, leader=s0, voted=null, raftlog=Memoized:s1@group-E264CA5F8311-SegmentedRaftLog:OPENED:c-1, conf=0: peers:[s0|rpc:localhost:39295|admin:localhost:44843|client:localhost:40991|dataStream:localhost:40677|priority:0|startupRole:FOLLOWER]|listeners:[], old=null STARTING
  s2:  RUNNING  FOLLOWER s2@group-E264CA5F8311:t1, leader=s0, voted=null, raftlog=Memoized:s2@group-E264CA5F8311-SegmentedRaftLog:OPENED:c-1, conf=0: peers:[s0|rpc:localhost:39295|admin:localhost:44843|client:localhost:40991|dataStream:localhost:40677|priority:0|startupRole:FOLLOWER]|listeners:[], old=null STARTING
2023-08-18 03:37:00,363 [s0@group-E264CA5F8311-FollowerState] INFO  impl.FollowerState (FollowerState.java:run(143)) - s0@group-E264CA5F8311-FollowerState: change to CANDIDATE, lastRpcElapsedTime:291260741ns, electionTimeout:291ms
2023-08-18 03:37:00,363 [s0@group-E264CA5F8311-FollowerState] INFO  impl.RoleInfo (RoleInfo.java:shutdownFollowerState(109)) - s0: shutdown s0@group-E264CA5F8311-FollowerState
2023-08-18 03:37:00,363 [s0@group-E264CA5F8311-FollowerState] INFO  server.RaftServer$Division (RaftServerImpl.java:setRole(371)) - s0@group-E264CA5F8311: changes role from  FOLLOWER to CANDIDATE at term 1 for changeToCandidate
2023-08-18 03:37:00,363 [s0@group-E264CA5F8311-FollowerState] INFO  server.RaftServerConfigKeys (ConfUtils.java:logGet(46)) - raft.server.leaderelection.pre-vote = true (default)
2023-08-18 03:37:00,363 [s0@group-E264CA5F8311-FollowerState] INFO  impl.RoleInfo (RoleInfo.java:updateAndGet(138)) - s0: start s0@group-E264CA5F8311-LeaderElection215
2023-08-18 03:37:00,363 [s0@group-E264CA5F8311-LeaderElection215] INFO  impl.LeaderElection (LeaderElection.java:askForVotes(320)) - s0@group-E264CA5F8311-LeaderElection215 PRE_VOTE round 0: submit vote requests at term 1 for 255: peers:[s0|rpc:localhost:39295|admin:localhost:44843|client:localhost:40991|dataStream:localhost:40677|priority:0|startupRole:FOLLOWER, s1|rpc:0.0.0.0:34459|dataStream:|priority:0|startupRole:FOLLOWER, s2|rpc:0.0.0.0:43137|dataStream:|priority:0|startupRole:FOLLOWER]|listeners:[], old=peers:[s0|rpc:localhost:39295|admin:localhost:44843|client:localhost:40991|dataStream:localhost:40677|priority:0|startupRole:FOLLOWER]|listeners:[]
2023-08-18 03:37:00,364 [grpc-default-executor-0] INFO  server.RaftServer$Division (RaftServerImpl.java:requestVote(1344)) - s2@group-E264CA5F8311: receive requestVote(PRE_VOTE, s0, group-E264CA5F8311, 1, (t:1, i:255))
2023-08-18 03:37:00,364 [grpc-default-executor-3] INFO  server.RaftServer$Division (RaftServerImpl.java:requestVote(1344)) - s1@group-E264CA5F8311: receive requestVote(PRE_VOTE, s0, group-E264CA5F8311, 1, (t:1, i:255))
2023-08-18 03:37:00,364 [grpc-default-executor-0] WARN  server.GrpcServerProtocolService (LogUtils.java:warn(122)) - s2: Failed requestVote s0->s2#0: org.apache.ratis.protocol.exceptions.ServerNotReadyException: s2@group-E264CA5F8311 is not in [RUNNING]: current state is STARTING
2023-08-18 03:37:00,364 [grpc-default-executor-3] WARN  server.GrpcServerProtocolService (LogUtils.java:warn(122)) - s1: Failed requestVote s0->s1#0: org.apache.ratis.protocol.exceptions.ServerNotReadyException: s1@group-E264CA5F8311 is not in [RUNNING]: current state is STARTING
2023-08-18 03:37:00,365 [s0@group-E264CA5F8311-LeaderElection215] INFO  impl.LeaderElection (LogUtils.java:infoOrTrace(137)) - s0@group-E264CA5F8311-LeaderElection215 got exception when requesting votes: java.util.concurrent.ExecutionException: org.apache.ratis.thirdparty.io.grpc.StatusRuntimeException: INTERNAL: s1@group-E264CA5F8311 is not in [RUNNING]: current state is STARTING
2023-08-18 03:37:00,365 [s0@group-E264CA5F8311-LeaderElection215] INFO  impl.LeaderElection (LogUtils.java:infoOrTrace(137)) - s0@group-E264CA5F8311-LeaderElection215 got exception when requesting votes: java.util.concurrent.ExecutionException: org.apache.ratis.thirdparty.io.grpc.StatusRuntimeException: INTERNAL: s2@group-E264CA5F8311 is not in [RUNNING]: current state is STARTING
2023-08-18 03:37:00,365 [s0@group-E264CA5F8311-LeaderElection215] INFO  impl.LeaderElection (LeaderElection.java:logAndReturn(89)) - s0@group-E264CA5F8311-LeaderElection215: PRE_VOTE REJECTED received 0 response(s) and 2 exception(s):
2023-08-18 03:37:00,365 [s0@group-E264CA5F8311-LeaderElection215] INFO  impl.LeaderElection (LogUtils.java:infoOrTrace(137)) -   Exception 0: java.util.concurrent.ExecutionException: org.apache.ratis.thirdparty.io.grpc.StatusRuntimeException: INTERNAL: s1@group-E264CA5F8311 is not in [RUNNING]: current state is STARTING
2023-08-18 03:37:00,365 [s0@group-E264CA5F8311-LeaderElection215] INFO  impl.LeaderElection (LogUtils.java:infoOrTrace(137)) -   Exception 1: java.util.concurrent.ExecutionException: org.apache.ratis.thirdparty.io.grpc.StatusRuntimeException: INTERNAL: s2@group-E264CA5F8311 is not in [RUNNING]: current state is STARTING
2023-08-18 03:37:00,365 [s0@group-E264CA5F8311-LeaderElection215] INFO  impl.LeaderElection (LeaderElection.java:askForVotes(322)) - s0@group-E264CA5F8311-LeaderElection215 PRE_VOTE round 0: result REJECTED
2023-08-18 03:37:00,365 [s0@group-E264CA5F8311-LeaderElection215] INFO  server.RaftServer$Division (RaftServerImpl.java:setRole(371)) - s0@group-E264CA5F8311: changes role from CANDIDATE to FOLLOWER at term 1 for REJECTED
2023-08-18 03:37:00,365 [s0@group-E264CA5F8311-LeaderElection215] INFO  impl.RoleInfo (RoleInfo.java:shutdownLeaderElection(129)) - s0: shutdown s0@group-E264CA5F8311-LeaderElection215
2023-08-18 03:37:00,365 [s0@group-E264CA5F8311-LeaderElection215] INFO  impl.RoleInfo (RoleInfo.java:updateAndGet(138)) - s0: start s0@group-E264CA5F8311-FollowerState
2023-08-18 03:37:00,401 [s2-server-thread1] INFO  server.RaftServer$Division (RaftServerImpl.java:setConfigurationAsync(1238)) - s2@group-E264CA5F8311: receive setConfiguration SetConfigurationRequest:client-255CF6B0DA3F->s2@group-E264CA5F8311, cid=386, seq=0, RW, null, SET_UNCONDITIONALLY, servers:[s1|rpc:0.0.0.0:34459|dataStream:|priority:0|startupRole:FOLLOWER, s2|rpc:0.0.0.0:43137|dataStream:|priority:0|startupRole:FOLLOWER, s0|rpc:localhost:39295|admin:localhost:44843|client:localhost:40991|dataStream:localhost:40677|priority:0|startupRole:FOLLOWER], listeners:[]
2023-08-18 03:37:00,505 [s0-server-thread1] INFO  server.RaftServer$Division (RaftServerImpl.java:setConfigurationAsync(1238)) - s0@group-E264CA5F8311: receive setConfiguration SetConfigurationRequest:client-255CF6B0DA3F->s0@group-E264CA5F8311, cid=386, seq=0, RW, null, SET_UNCONDITIONALLY, servers:[s1|rpc:0.0.0.0:34459|dataStream:|priority:0|startupRole:FOLLOWER, s2|rpc:0.0.0.0:43137|dataStream:|priority:0|startupRole:FOLLOWER, s0|rpc:localhost:39295|admin:localhost:44843|client:localhost:40991|dataStream:localhost:40677|priority:0|startupRole:FOLLOWER], listeners:[]
2023-08-18 03:37:00,609 [s1-server-thread1] INFO  server.RaftServer$Division (RaftServerImpl.java:setConfigurationAsync(1238)) - s1@group-E264CA5F8311: receive setConfiguration SetConfigurationRequest:client-255CF6B0DA3F->s1@group-E264CA5F8311, cid=386, seq=0, RW, null, SET_UNCONDITIONALLY, servers:[s1|rpc:0.0.0.0:34459|dataStream:|priority:0|startupRole:FOLLOWER, s2|rpc:0.0.0.0:43137|dataStream:|priority:0|startupRole:FOLLOWER, s0|rpc:localhost:39295|admin:localhost:44843|client:localhost:40991|dataStream:localhost:40677|priority:0|startupRole:FOLLOWER], listeners:[]
2023-08-18 03:37:00,649 [s0@group-E264CA5F8311-FollowerState] INFO  impl.FollowerState (FollowerState.java:run(143)) - s0@group-E264CA5F8311-FollowerState: change to CANDIDATE, lastRpcElapsedTime:284345728ns, electionTimeout:284ms
2023-08-18 03:37:00,649 [s0@group-E264CA5F8311-FollowerState] INFO  impl.RoleInfo (RoleInfo.java:shutdownFollowerState(109)) - s0: shutdown s0@group-E264CA5F8311-FollowerState
2023-08-18 03:37:00,649 [s0@group-E264CA5F8311-FollowerState] INFO  server.RaftServer$Division (RaftServerImpl.java:setRole(371)) - s0@group-E264CA5F8311: changes role from  FOLLOWER to CANDIDATE at term 1 for changeToCandidate
2023-08-18 03:37:00,649 [s0@group-E264CA5F8311-FollowerState] INFO  server.RaftServerConfigKeys (ConfUtils.java:logGet(46)) - raft.server.leaderelection.pre-vote = true (default)
2023-08-18 03:37:00,650 [s0@group-E264CA5F8311-FollowerState] INFO  impl.RoleInfo (RoleInfo.java:updateAndGet(138)) - s0: start s0@group-E264CA5F8311-LeaderElection216
2023-08-18 03:37:00,650 [s0@group-E264CA5F8311-LeaderElection216] INFO  impl.LeaderElection (LeaderElection.java:askForVotes(320)) - s0@group-E264CA5F8311-LeaderElection216 PRE_VOTE round 0: submit vote requests at term 1 for 255: peers:[s0|rpc:localhost:39295|admin:localhost:44843|client:localhost:40991|dataStream:localhost:40677|priority:0|startupRole:FOLLOWER, s1|rpc:0.0.0.0:34459|dataStream:|priority:0|startupRole:FOLLOWER, s2|rpc:0.0.0.0:43137|dataStream:|priority:0|startupRole:FOLLOWER]|listeners:[], old=peers:[s0|rpc:localhost:39295|admin:localhost:44843|client:localhost:40991|dataStream:localhost:40677|priority:0|startupRole:FOLLOWER]|listeners:[]
2023-08-18 03:37:00,651 [grpc-default-executor-0] INFO  server.RaftServer$Division (RaftServerImpl.java:requestVote(1344)) - s1@group-E264CA5F8311: receive requestVote(PRE_VOTE, s0, group-E264CA5F8311, 1, (t:1, i:255))
2023-08-18 03:37:00,651 [grpc-default-executor-3] INFO  server.RaftServer$Division (RaftServerImpl.java:requestVote(1344)) - s2@group-E264CA5F8311: receive requestVote(PRE_VOTE, s0, group-E264CA5F8311, 1, (t:1, i:255))
2023-08-18 03:37:00,651 [grpc-default-executor-0] WARN  server.GrpcServerProtocolService (LogUtils.java:warn(122)) - s1: Failed requestVote s0->s1#0: org.apache.ratis.protocol.exceptions.ServerNotReadyException: s1@group-E264CA5F8311 is not in [RUNNING]: current state is STARTING
2023-08-18 03:37:00,651 [grpc-default-executor-3] WARN  server.GrpcServerProtocolService (LogUtils.java:warn(122)) - s2: Failed requestVote s0->s2#0: org.apache.ratis.protocol.exceptions.ServerNotReadyException: s2@group-E264CA5F8311 is not in [RUNNING]: current state is STARTING
2023-08-18 03:37:00,651 [s0@group-E264CA5F8311-LeaderElection216] INFO  impl.LeaderElection (LogUtils.java:infoOrTrace(137)) - s0@group-E264CA5F8311-LeaderElection216 got exception when requesting votes: java.util.concurrent.ExecutionException: org.apache.ratis.thirdparty.io.grpc.StatusRuntimeException: INTERNAL: s2@group-E264CA5F8311 is not in [RUNNING]: current state is STARTING
2023-08-18 03:37:00,652 [s0@group-E264CA5F8311-LeaderElection216] INFO  impl.LeaderElection (LogUtils.java:infoOrTrace(137)) - s0@group-E264CA5F8311-LeaderElection216 got exception when requesting votes: java.util.concurrent.ExecutionException: org.apache.ratis.thirdparty.io.grpc.StatusRuntimeException: INTERNAL: s1@group-E264CA5F8311 is not in [RUNNING]: current state is STARTING
2023-08-18 03:37:00,652 [s0@group-E264CA5F8311-LeaderElection216] INFO  impl.LeaderElection (LeaderElection.java:logAndReturn(89)) - s0@group-E264CA5F8311-LeaderElection216: PRE_VOTE REJECTED received 0 response(s) and 2 exception(s):
2023-08-18 03:37:00,652 [s0@group-E264CA5F8311-LeaderElection216] INFO  impl.LeaderElection (LogUtils.java:infoOrTrace(137)) -   Exception 0: java.util.concurrent.ExecutionException: org.apache.ratis.thirdparty.io.grpc.StatusRuntimeException: INTERNAL: s2@group-E264CA5F8311 is not in [RUNNING]: current state is STARTING
2023-08-18 03:37:00,652 [s0@group-E264CA5F8311-LeaderElection216] INFO  impl.LeaderElection (LogUtils.java:infoOrTrace(137)) -   Exception 1: java.util.concurrent.ExecutionException: org.apache.ratis.thirdparty.io.grpc.StatusRuntimeException: INTERNAL: s1@group-E264CA5F8311 is not in [RUNNING]: current state is STARTING
2023-08-18 03:37:00,652 [s0@group-E264CA5F8311-LeaderElection216] INFO  impl.LeaderElection (LeaderElection.java:askForVotes(322)) - s0@group-E264CA5F8311-LeaderElection216 PRE_VOTE round 0: result REJECTED
2023-08-18 03:37:00,652 [s0@group-E264CA5F8311-LeaderElection216] INFO  server.RaftServer$Division (RaftServerImpl.java:setRole(371)) - s0@group-E264CA5F8311: changes role from CANDIDATE to FOLLOWER at term 1 for REJECTED
2023-08-18 03:37:00,652 [s0@group-E264CA5F8311-LeaderElection216] INFO  impl.RoleInfo (RoleInfo.java:shutdownLeaderElection(129)) - s0: shutdown s0@group-E264CA5F8311-LeaderElection216
2023-08-18 03:37:00,652 [s0@group-E264CA5F8311-LeaderElection216] INFO  impl.RoleInfo (RoleInfo.java:updateAndGet(138)) - s0: start s0@group-E264CA5F8311-FollowerState
2023-08-18 03:37:00,713 [s0-server-thread1] INFO  server.RaftServer$Division (RaftServerImpl.java:setConfigurationAsync(1238)) - s0@group-E264CA5F8311: receive setConfiguration SetConfigurationRequest:client-255CF6B0DA3F->s0@group-E264CA5F8311, cid=386, seq=0, RW, null, SET_UNCONDITIONALLY, servers:[s1|rpc:0.0.0.0:34459|dataStream:|priority:0|startupRole:FOLLOWER, s2|rpc:0.0.0.0:43137|dataStream:|priority:0|startupRole:FOLLOWER, s0|rpc:localhost:39295|admin:localhost:44843|client:localhost:40991|dataStream:localhost:40677|priority:0|startupRole:FOLLOWER], listeners:[]
2023-08-18 03:37:00,817 [s1-server-thread1] INFO  server.RaftServer$Division (RaftServerImpl.java:setConfigurationAsync(1238)) - s1@group-E264CA5F8311: receive setConfiguration SetConfigurationRequest:client-255CF6B0DA3F->s1@group-E264CA5F8311, cid=386, seq=0, RW, null, SET_UNCONDITIONALLY, servers:[s1|rpc:0.0.0.0:34459|dataStream:|priority:0|startupRole:FOLLOWER, s2|rpc:0.0.0.0:43137|dataStream:|priority:0|startupRole:FOLLOWER, s0|rpc:localhost:39295|admin:localhost:44843|client:localhost:40991|dataStream:localhost:40677|priority:0|startupRole:FOLLOWER], listeners:[]
2023-08-18 03:37:00,895 [s0@group-E264CA5F8311-FollowerState] INFO  impl.FollowerState (FollowerState.java:run(143)) - s0@group-E264CA5F8311-FollowerState: change to CANDIDATE, lastRpcElapsedTime:243294543ns, electionTimeout:243ms
2023-08-18 03:37:00,895 [s0@group-E264CA5F8311-FollowerState] INFO  impl.RoleInfo (RoleInfo.java:shutdownFollowerState(109)) - s0: shutdown s0@group-E264CA5F8311-FollowerState
2023-08-18 03:37:00,895 [s0@group-E264CA5F8311-FollowerState] INFO  server.RaftServer$Division (RaftServerImpl.java:setRole(371)) - s0@group-E264CA5F8311: changes role from  FOLLOWER to CANDIDATE at term 1 for changeToCandidate
2023-08-18 03:37:00,895 [s0@group-E264CA5F8311-FollowerState] INFO  server.RaftServerConfigKeys (ConfUtils.java:logGet(46)) - raft.server.leaderelection.pre-vote = true (default)
2023-08-18 03:37:00,895 [s0@group-E264CA5F8311-FollowerState] INFO  impl.RoleInfo (RoleInfo.java:updateAndGet(138)) - s0: start s0@group-E264CA5F8311-LeaderElection217
2023-08-18 03:37:00,896 [s0@group-E264CA5F8311-LeaderElection217] INFO  impl.LeaderElection (LeaderElection.java:askForVotes(320)) - s0@group-E264CA5F8311-LeaderElection217 PRE_VOTE round 0: submit vote requests at term 1 for 255: peers:[s0|rpc:localhost:39295|admin:localhost:44843|client:localhost:40991|dataStream:localhost:40677|priority:0|startupRole:FOLLOWER, s1|rpc:0.0.0.0:34459|dataStream:|priority:0|startupRole:FOLLOWER, s2|rpc:0.0.0.0:43137|dataStream:|priority:0|startupRole:FOLLOWER]|listeners:[], old=peers:[s0|rpc:localhost:39295|admin:localhost:44843|client:localhost:40991|dataStream:localhost:40677|priority:0|startupRole:FOLLOWER]|listeners:[]
2023-08-18 03:37:00,897 [grpc-default-executor-0] INFO  server.RaftServer$Division (RaftServerImpl.java:requestVote(1344)) - s1@group-E264CA5F8311: receive requestVote(PRE_VOTE, s0, group-E264CA5F8311, 1, (t:1, i:255))
2023-08-18 03:37:00,897 [grpc-default-executor-3] INFO  server.RaftServer$Division (RaftServerImpl.java:requestVote(1344)) - s2@group-E264CA5F8311: receive requestVote(PRE_VOTE, s0, group-E264CA5F8311, 1, (t:1, i:255))
2023-08-18 03:37:00,897 [grpc-default-executor-0] WARN  server.GrpcServerProtocolService (LogUtils.java:warn(122)) - s1: Failed requestVote s0->s1#0: org.apache.ratis.protocol.exceptions.ServerNotReadyException: s1@group-E264CA5F8311 is not in [RUNNING]: current state is STARTING
2023-08-18 03:37:00,897 [grpc-default-executor-3] WARN  server.GrpcServerProtocolService (LogUtils.java:warn(122)) - s2: Failed requestVote s0->s2#0: org.apache.ratis.protocol.exceptions.ServerNotReadyException: s2@group-E264CA5F8311 is not in [RUNNING]: current state is STARTING
2023-08-18 03:37:00,897 [s0@group-E264CA5F8311-LeaderElection217] INFO  impl.LeaderElection (LogUtils.java:infoOrTrace(137)) - s0@group-E264CA5F8311-LeaderElection217 got exception when requesting votes: java.util.concurrent.ExecutionException: org.apache.ratis.thirdparty.io.grpc.StatusRuntimeException: INTERNAL: s1@group-E264CA5F8311 is not in [RUNNING]: current state is STARTING
2023-08-18 03:37:00,897 [s0@group-E264CA5F8311-LeaderElection217] INFO  impl.LeaderElection (LogUtils.java:infoOrTrace(137)) - s0@group-E264CA5F8311-LeaderElection217 got exception when requesting votes: java.util.concurrent.ExecutionException: org.apache.ratis.thirdparty.io.grpc.StatusRuntimeException: INTERNAL: s2@group-E264CA5F8311 is not in [RUNNING]: current state is STARTING
2023-08-18 03:37:00,897 [s0@group-E264CA5F8311-LeaderElection217] INFO  impl.LeaderElection (LeaderElection.java:logAndReturn(89)) - s0@group-E264CA5F8311-LeaderElection217: PRE_VOTE REJECTED received 0 response(s) and 2 exception(s):
2023-08-18 03:37:00,897 [s0@group-E264CA5F8311-LeaderElection217] INFO  impl.LeaderElection (LogUtils.java:infoOrTrace(137)) -   Exception 0: java.util.concurrent.ExecutionException: org.apache.ratis.thirdparty.io.grpc.StatusRuntimeException: INTERNAL: s1@group-E264CA5F8311 is not in [RUNNING]: current state is STARTING
2023-08-18 03:37:00,897 [s0@group-E264CA5F8311-LeaderElection217] INFO  impl.LeaderElection (LogUtils.java:infoOrTrace(137)) -   Exception 1: java.util.concurrent.ExecutionException: org.apache.ratis.thirdparty.io.grpc.StatusRuntimeException: INTERNAL: s2@group-E264CA5F8311 is not in [RUNNING]: current state is STARTING
2023-08-18 03:37:00,897 [s0@group-E264CA5F8311-LeaderElection217] INFO  impl.LeaderElection (LeaderElection.java:askForVotes(322)) - s0@group-E264CA5F8311-LeaderElection217 PRE_VOTE round 0: result REJECTED
2023-08-18 03:37:00,897 [s0@group-E264CA5F8311-LeaderElection217] INFO  server.RaftServer$Division (RaftServerImpl.java:setRole(371)) - s0@group-E264CA5F8311: changes role from CANDIDATE to FOLLOWER at term 1 for REJECTED
2023-08-18 03:37:00,897 [s0@group-E264CA5F8311-LeaderElection217] INFO  impl.RoleInfo (RoleInfo.java:shutdownLeaderElection(129)) - s0: shutdown s0@group-E264CA5F8311-LeaderElection217
2023-08-18 03:37:00,897 [s0@group-E264CA5F8311-LeaderElection217] INFO  impl.RoleInfo (RoleInfo.java:updateAndGet(138)) - s0: start s0@group-E264CA5F8311-FollowerState
2023-08-18 03:37:00,920 [s2-server-thread1] INFO  server.RaftServer$Division (RaftServerImpl.java:setConfigurationAsync(1238)) - s2@group-E264CA5F8311: receive setConfiguration SetConfigurationRequest:client-255CF6B0DA3F->s2@group-E264CA5F8311, cid=386, seq=0, RW, null, SET_UNCONDITIONALLY, servers:[s1|rpc:0.0.0.0:34459|dataStream:|priority:0|startupRole:FOLLOWER, s2|rpc:0.0.0.0:43137|dataStream:|priority:0|startupRole:FOLLOWER, s0|rpc:localhost:39295|admin:localhost:44843|client:localhost:40991|dataStream:localhost:40677|priority:0|startupRole:FOLLOWER], listeners:[]
2023-08-18 03:37:01,023 [s1-server-thread1] INFO  server.RaftServer$Division (RaftServerImpl.java:setConfigurationAsync(1238)) - s1@group-E264CA5F8311: receive setConfiguration SetConfigurationRequest:client-255CF6B0DA3F->s1@group-E264CA5F8311, cid=386, seq=0, RW, null, SET_UNCONDITIONALLY, servers:[s1|rpc:0.0.0.0:34459|dataStream:|priority:0|startupRole:FOLLOWER, s2|rpc:0.0.0.0:43137|dataStream:|priority:0|startupRole:FOLLOWER, s0|rpc:localhost:39295|admin:localhost:44843|client:localhost:40991|dataStream:localhost:40677|priority:0|startupRole:FOLLOWER], listeners:[]
2023-08-18 03:37:01,127 [s2-server-thread1] INFO  server.RaftServer$Division (RaftServerImpl.java:setConfigurationAsync(1238)) - s2@group-E264CA5F8311: receive setConfiguration SetConfigurationRequest:client-255CF6B0DA3F->s2@group-E264CA5F8311, cid=386, seq=0, RW, null, SET_UNCONDITIONALLY, servers:[s1|rpc:0.0.0.0:34459|dataStream:|priority:0|startupRole:FOLLOWER, s2|rpc:0.0.0.0:43137|dataStream:|priority:0|startupRole:FOLLOWER, s0|rpc:localhost:39295|admin:localhost:44843|client:localhost:40991|dataStream:localhost:40677|priority:0|startupRole:FOLLOWER], listeners:[]
2023-08-18 03:37:01,148 [s0@group-E264CA5F8311-FollowerState] INFO  impl.FollowerState (FollowerState.java:run(143)) - s0@group-E264CA5F8311-FollowerState: change to CANDIDATE, lastRpcElapsedTime:250269955ns, electionTimeout:250ms
2023-08-18 03:37:01,148 [s0@group-E264CA5F8311-FollowerState] INFO  impl.RoleInfo (RoleInfo.java:shutdownFollowerState(109)) - s0: shutdown s0@group-E264CA5F8311-FollowerState
2023-08-18 03:37:01,148 [s0@group-E264CA5F8311-FollowerState] INFO  server.RaftServer$Division (RaftServerImpl.java:setRole(371)) - s0@group-E264CA5F8311: changes role from  FOLLOWER to CANDIDATE at term 1 for changeToCandidate
2023-08-18 03:37:01,148 [s0@group-E264CA5F8311-FollowerState] INFO  server.RaftServerConfigKeys (ConfUtils.java:logGet(46)) - raft.server.leaderelection.pre-vote = true (default)
2023-08-18 03:37:01,148 [s0@group-E264CA5F8311-FollowerState] INFO  impl.RoleInfo (RoleInfo.java:updateAndGet(138)) - s0: start s0@group-E264CA5F8311-LeaderElection218
2023-08-18 03:37:01,148 [s0@group-E264CA5F8311-LeaderElection218] INFO  impl.LeaderElection (LeaderElection.java:askForVotes(320)) - s0@group-E264CA5F8311-LeaderElection218 PRE_VOTE round 0: submit vote requests at term 1 for 255: peers:[s0|rpc:localhost:39295|admin:localhost:44843|client:localhost:40991|dataStream:localhost:40677|priority:0|startupRole:FOLLOWER, s1|rpc:0.0.0.0:34459|dataStream:|priority:0|startupRole:FOLLOWER, s2|rpc:0.0.0.0:43137|dataStream:|priority:0|startupRole:FOLLOWER]|listeners:[], old=peers:[s0|rpc:localhost:39295|admin:localhost:44843|client:localhost:40991|dataStream:localhost:40677|priority:0|startupRole:FOLLOWER]|listeners:[]
2023-08-18 03:37:01,149 [grpc-default-executor-0] INFO  server.RaftServer$Division (RaftServerImpl.java:requestVote(1344)) - s2@group-E264CA5F8311: receive requestVote(PRE_VOTE, s0, group-E264CA5F8311, 1, (t:1, i:255))
2023-08-18 03:37:01,149 [grpc-default-executor-3] INFO  server.RaftServer$Division (RaftServerImpl.java:requestVote(1344)) - s1@group-E264CA5F8311: receive requestVote(PRE_VOTE, s0, group-E264CA5F8311, 1, (t:1, i:255))
2023-08-18 03:37:01,149 [grpc-default-executor-0] WARN  server.GrpcServerProtocolService (LogUtils.java:warn(122)) - s2: Failed requestVote s0->s2#0: org.apache.ratis.protocol.exceptions.ServerNotReadyException: s2@group-E264CA5F8311 is not in [RUNNING]: current state is STARTING
2023-08-18 03:37:01,149 [grpc-default-executor-3] WARN  server.GrpcServerProtocolService (LogUtils.java:warn(122)) - s1: Failed requestVote s0->s1#0: org.apache.ratis.protocol.exceptions.ServerNotReadyException: s1@group-E264CA5F8311 is not in [RUNNING]: current state is STARTING
2023-08-18 03:37:01,149 [s0@group-E264CA5F8311-LeaderElection218] INFO  impl.LeaderElection (LogUtils.java:infoOrTrace(137)) - s0@group-E264CA5F8311-LeaderElection218 got exception when requesting votes: java.util.concurrent.ExecutionException: org.apache.ratis.thirdparty.io.grpc.StatusRuntimeException: INTERNAL: s1@group-E264CA5F8311 is not in [RUNNING]: current state is STARTING
2023-08-18 03:37:01,151 [s0@group-E264CA5F8311-LeaderElection218] INFO  impl.LeaderElection (LogUtils.java:infoOrTrace(137)) - s0@group-E264CA5F8311-LeaderElection218 got exception when requesting votes: java.util.concurrent.ExecutionException: org.apache.ratis.thirdparty.io.grpc.StatusRuntimeException: INTERNAL: s2@group-E264CA5F8311 is not in [RUNNING]: current state is STARTING
2023-08-18 03:37:01,151 [s0@group-E264CA5F8311-LeaderElection218] INFO  impl.LeaderElection (LeaderElection.java:logAndReturn(89)) - s0@group-E264CA5F8311-LeaderElection218: PRE_VOTE REJECTED received 0 response(s) and 2 exception(s):
2023-08-18 03:37:01,151 [s0@group-E264CA5F8311-LeaderElection218] INFO  impl.LeaderElection (LogUtils.java:infoOrTrace(137)) -   Exception 0: java.util.concurrent.ExecutionException: org.apache.ratis.thirdparty.io.grpc.StatusRuntimeException: INTERNAL: s1@group-E264CA5F8311 is not in [RUNNING]: current state is STARTING
2023-08-18 03:37:01,151 [s0@group-E264CA5F8311-LeaderElection218] INFO  impl.LeaderElection (LogUtils.java:infoOrTrace(137)) -   Exception 1: java.util.concurrent.ExecutionException: org.apache.ratis.thirdparty.io.grpc.StatusRuntimeException: INTERNAL: s2@group-E264CA5F8311 is not in [RUNNING]: current state is STARTING
2023-08-18 03:37:01,151 [s0@group-E264CA5F8311-LeaderElection218] INFO  impl.LeaderElection (LeaderElection.java:askForVotes(322)) - s0@group-E264CA5F8311-LeaderElection218 PRE_VOTE round 0: result REJECTED
2023-08-18 03:37:01,151 [s0@group-E264CA5F8311-LeaderElection218] INFO  server.RaftServer$Division (RaftServerImpl.java:setRole(371)) - s0@group-E264CA5F8311: changes role from CANDIDATE to FOLLOWER at term 1 for REJECTED
2023-08-18 03:37:01,151 [s0@group-E264CA5F8311-LeaderElection218] INFO  impl.RoleInfo (RoleInfo.java:shutdownLeaderElection(129)) - s0: shutdown s0@group-E264CA5F8311-LeaderElection218
2023-08-18 03:37:01,151 [s0@group-E264CA5F8311-LeaderElection218] INFO  impl.RoleInfo (RoleInfo.java:updateAndGet(138)) - s0: start s0@group-E264CA5F8311-FollowerState
2023-08-18 03:37:01,231 [s0-server-thread1] INFO  server.RaftServer$Division (RaftServerImpl.java:setConfigurationAsync(1238)) - s0@group-E264CA5F8311: receive setConfiguration SetConfigurationRequest:client-255CF6B0DA3F->s0@group-E264CA5F8311, cid=386, seq=0, RW, null, SET_UNCONDITIONALLY, servers:[s1|rpc:0.0.0.0:34459|dataStream:|priority:0|startupRole:FOLLOWER, s2|rpc:0.0.0.0:43137|dataStream:|priority:0|startupRole:FOLLOWER, s0|rpc:localhost:39295|admin:localhost:44843|client:localhost:40991|dataStream:localhost:40677|priority:0|startupRole:FOLLOWER], listeners:[]
2023-08-18 03:37:01,334 [s1-server-thread1] INFO  server.RaftServer$Division (RaftServerImpl.java:setConfigurationAsync(1238)) - s1@group-E264CA5F8311: receive setConfiguration SetConfigurationRequest:client-255CF6B0DA3F->s1@group-E264CA5F8311, cid=386, seq=0, RW, null, SET_UNCONDITIONALLY, servers:[s1|rpc:0.0.0.0:34459|dataStream:|priority:0|startupRole:FOLLOWER, s2|rpc:0.0.0.0:43137|dataStream:|priority:0|startupRole:FOLLOWER, s0|rpc:localhost:39295|admin:localhost:44843|client:localhost:40991|dataStream:localhost:40677|priority:0|startupRole:FOLLOWER], listeners:[]
2023-08-18 03:37:01,407 [s0@group-E264CA5F8311-FollowerState] INFO  impl.FollowerState (FollowerState.java:run(143)) - s0@group-E264CA5F8311-FollowerState: change to CANDIDATE, lastRpcElapsedTime:255464691ns, electionTimeout:255ms
2023-08-18 03:37:01,407 [s0@group-E264CA5F8311-FollowerState] INFO  impl.RoleInfo (RoleInfo.java:shutdownFollowerState(109)) - s0: shutdown s0@group-E264CA5F8311-FollowerState
2023-08-18 03:37:01,407 [s0@group-E264CA5F8311-FollowerState] INFO  server.RaftServer$Division (RaftServerImpl.java:setRole(371)) - s0@group-E264CA5F8311: changes role from  FOLLOWER to CANDIDATE at term 1 for changeToCandidate
2023-08-18 03:37:01,407 [s0@group-E264CA5F8311-FollowerState] INFO  server.RaftServerConfigKeys (ConfUtils.java:logGet(46)) - raft.server.leaderelection.pre-vote = true (default)
2023-08-18 03:37:01,407 [s0@group-E264CA5F8311-FollowerState] INFO  impl.RoleInfo (RoleInfo.java:updateAndGet(138)) - s0: start s0@group-E264CA5F8311-LeaderElection219
2023-08-18 03:37:01,407 [s0@group-E264CA5F8311-LeaderElection219] INFO  impl.LeaderElection (LeaderElection.java:askForVotes(320)) - s0@group-E264CA5F8311-LeaderElection219 PRE_VOTE round 0: submit vote requests at term 1 for 255: peers:[s0|rpc:localhost:39295|admin:localhost:44843|client:localhost:40991|dataStream:localhost:40677|priority:0|startupRole:FOLLOWER, s1|rpc:0.0.0.0:34459|dataStream:|priority:0|startupRole:FOLLOWER, s2|rpc:0.0.0.0:43137|dataStream:|priority:0|startupRole:FOLLOWER]|listeners:[], old=peers:[s0|rpc:localhost:39295|admin:localhost:44843|client:localhost:40991|dataStream:localhost:40677|priority:0|startupRole:FOLLOWER]|listeners:[]
2023-08-18 03:37:01,408 [grpc-default-executor-3] INFO  server.RaftServer$Division (RaftServerImpl.java:requestVote(1344)) - s1@group-E264CA5F8311: receive requestVote(PRE_VOTE, s0, group-E264CA5F8311, 1, (t:1, i:255))
2023-08-18 03:37:01,408 [grpc-default-executor-0] INFO  server.RaftServer$Division (RaftServerImpl.java:requestVote(1344)) - s2@group-E264CA5F8311: receive requestVote(PRE_VOTE, s0, group-E264CA5F8311, 1, (t:1, i:255))
2023-08-18 03:37:01,409 [grpc-default-executor-3] WARN  server.GrpcServerProtocolService (LogUtils.java:warn(122)) - s1: Failed requestVote s0->s1#0: org.apache.ratis.protocol.exceptions.ServerNotReadyException: s1@group-E264CA5F8311 is not in [RUNNING]: current state is STARTING
2023-08-18 03:37:01,409 [grpc-default-executor-0] WARN  server.GrpcServerProtocolService (LogUtils.java:warn(122)) - s2: Failed requestVote s0->s2#0: org.apache.ratis.protocol.exceptions.ServerNotReadyException: s2@group-E264CA5F8311 is not in [RUNNING]: current state is STARTING
2023-08-18 03:37:01,409 [s0@group-E264CA5F8311-LeaderElection219] INFO  impl.LeaderElection (LogUtils.java:infoOrTrace(137)) - s0@group-E264CA5F8311-LeaderElection219 got exception when requesting votes: java.util.concurrent.ExecutionException: org.apache.ratis.thirdparty.io.grpc.StatusRuntimeException: INTERNAL: s1@group-E264CA5F8311 is not in [RUNNING]: current state is STARTING
2023-08-18 03:37:01,409 [s0@group-E264CA5F8311-LeaderElection219] INFO  impl.LeaderElection (LogUtils.java:infoOrTrace(137)) - s0@group-E264CA5F8311-LeaderElection219 got exception when requesting votes: java.util.concurrent.ExecutionException: org.apache.ratis.thirdparty.io.grpc.StatusRuntimeException: INTERNAL: s2@group-E264CA5F8311 is not in [RUNNING]: current state is STARTING
2023-08-18 03:37:01,409 [s0@group-E264CA5F8311-LeaderElection219] INFO  impl.LeaderElection (LeaderElection.java:logAndReturn(89)) - s0@group-E264CA5F8311-LeaderElection219: PRE_VOTE REJECTED received 0 response(s) and 2 exception(s):
2023-08-18 03:37:01,409 [s0@group-E264CA5F8311-LeaderElection219] INFO  impl.LeaderElection (LogUtils.java:infoOrTrace(137)) -   Exception 0: java.util.concurrent.ExecutionException: org.apache.ratis.thirdparty.io.grpc.StatusRuntimeException: INTERNAL: s1@group-E264CA5F8311 is not in [RUNNING]: current state is STARTING
2023-08-18 03:37:01,409 [s0@group-E264CA5F8311-LeaderElection219] INFO  impl.LeaderElection (LogUtils.java:infoOrTrace(137)) -   Exception 1: java.util.concurrent.ExecutionException: org.apache.ratis.thirdparty.io.grpc.StatusRuntimeException: INTERNAL: s2@group-E264CA5F8311 is not in [RUNNING]: current state is STARTING
2023-08-18 03:37:01,409 [s0@group-E264CA5F8311-LeaderElection219] INFO  impl.LeaderElection (LeaderElection.java:askForVotes(322)) - s0@group-E264CA5F8311-LeaderElection219 PRE_VOTE round 0: result REJECTED
2023-08-18 03:37:01,409 [s0@group-E264CA5F8311-LeaderElection219] INFO  server.RaftServer$Division (RaftServerImpl.java:setRole(371)) - s0@group-E264CA5F8311: changes role from CANDIDATE to FOLLOWER at term 1 for REJECTED
2023-08-18 03:37:01,409 [s0@group-E264CA5F8311-LeaderElection219] INFO  impl.RoleInfo (RoleInfo.java:shutdownLeaderElection(129)) - s0: shutdown s0@group-E264CA5F8311-LeaderElection219
2023-08-18 03:37:01,410 [s0@group-E264CA5F8311-LeaderElection219] INFO  impl.RoleInfo (RoleInfo.java:updateAndGet(138)) - s0: start s0@group-E264CA5F8311-FollowerState
2023-08-18 03:37:01,438 [s2-server-thread1] INFO  server.RaftServer$Division (RaftServerImpl.java:setConfigurationAsync(1238)) - s2@group-E264CA5F8311: receive setConfiguration SetConfigurationRequest:client-255CF6B0DA3F->s2@group-E264CA5F8311, cid=386, seq=0, RW, null, SET_UNCONDITIONALLY, servers:[s1|rpc:0.0.0.0:34459|dataStream:|priority:0|startupRole:FOLLOWER, s2|rpc:0.0.0.0:43137|dataStream:|priority:0|startupRole:FOLLOWER, s0|rpc:localhost:39295|admin:localhost:44843|client:localhost:40991|dataStream:localhost:40677|priority:0|startupRole:FOLLOWER], listeners:[]
2023-08-18 03:37:01,541 [s1-server-thread1] INFO  server.RaftServer$Division (RaftServerImpl.java:setConfigurationAsync(1238)) - s1@group-E264CA5F8311: receive setConfiguration SetConfigurationRequest:client-255CF6B0DA3F->s1@group-E264CA5F8311, cid=386, seq=0, RW, null, SET_UNCONDITIONALLY, servers:[s1|rpc:0.0.0.0:34459|dataStream:|priority:0|startupRole:FOLLOWER, s2|rpc:0.0.0.0:43137|dataStream:|priority:0|startupRole:FOLLOWER, s0|rpc:localhost:39295|admin:localhost:44843|client:localhost:40991|dataStream:localhost:40677|priority:0|startupRole:FOLLOWER], listeners:[]
2023-08-18 03:37:01,590 [s0@group-E264CA5F8311-FollowerState] INFO  impl.FollowerState (FollowerState.java:run(143)) - s0@group-E264CA5F8311-FollowerState: change to CANDIDATE, lastRpcElapsedTime:180307035ns, electionTimeout:180ms
2023-08-18 03:37:01,590 [s0@group-E264CA5F8311-FollowerState] INFO  impl.RoleInfo (RoleInfo.java:shutdownFollowerState(109)) - s0: shutdown s0@group-E264CA5F8311-FollowerState
2023-08-18 03:37:01,590 [s0@group-E264CA5F8311-FollowerState] INFO  server.RaftServer$Division (RaftServerImpl.java:setRole(371)) - s0@group-E264CA5F8311: changes role from  FOLLOWER to CANDIDATE at term 1 for changeToCandidate
2023-08-18 03:37:01,590 [s0@group-E264CA5F8311-FollowerState] INFO  server.RaftServerConfigKeys (ConfUtils.java:logGet(46)) - raft.server.leaderelection.pre-vote = true (default)
2023-08-18 03:37:01,590 [s0@group-E264CA5F8311-FollowerState] INFO  impl.RoleInfo (RoleInfo.java:updateAndGet(138)) - s0: start s0@group-E264CA5F8311-LeaderElection220
2023-08-18 03:37:01,590 [s0@group-E264CA5F8311-LeaderElection220] INFO  impl.LeaderElection (LeaderElection.java:askForVotes(320)) - s0@group-E264CA5F8311-LeaderElection220 PRE_VOTE round 0: submit vote requests at term 1 for 255: peers:[s0|rpc:localhost:39295|admin:localhost:44843|client:localhost:40991|dataStream:localhost:40677|priority:0|startupRole:FOLLOWER, s1|rpc:0.0.0.0:34459|dataStream:|priority:0|startupRole:FOLLOWER, s2|rpc:0.0.0.0:43137|dataStream:|priority:0|startupRole:FOLLOWER]|listeners:[], old=peers:[s0|rpc:localhost:39295|admin:localhost:44843|client:localhost:40991|dataStream:localhost:40677|priority:0|startupRole:FOLLOWER]|listeners:[]
2023-08-18 03:37:01,591 [grpc-default-executor-3] INFO  server.RaftServer$Division (RaftServerImpl.java:requestVote(1344)) - s1@group-E264CA5F8311: receive requestVote(PRE_VOTE, s0, group-E264CA5F8311, 1, (t:1, i:255))
2023-08-18 03:37:01,591 [grpc-default-executor-0] INFO  server.RaftServer$Division (RaftServerImpl.java:requestVote(1344)) - s2@group-E264CA5F8311: receive requestVote(PRE_VOTE, s0, group-E264CA5F8311, 1, (t:1, i:255))
2023-08-18 03:37:01,591 [grpc-default-executor-3] WARN  server.GrpcServerProtocolService (LogUtils.java:warn(122)) - s1: Failed requestVote s0->s1#0: org.apache.ratis.protocol.exceptions.ServerNotReadyException: s1@group-E264CA5F8311 is not in [RUNNING]: current state is STARTING
2023-08-18 03:37:01,591 [grpc-default-executor-0] WARN  server.GrpcServerProtocolService (LogUtils.java:warn(122)) - s2: Failed requestVote s0->s2#0: org.apache.ratis.protocol.exceptions.ServerNotReadyException: s2@group-E264CA5F8311 is not in [RUNNING]: current state is STARTING
2023-08-18 03:37:01,592 [s0@group-E264CA5F8311-LeaderElection220] INFO  impl.LeaderElection (LogUtils.java:infoOrTrace(137)) - s0@group-E264CA5F8311-LeaderElection220 got exception when requesting votes: java.util.concurrent.ExecutionException: org.apache.ratis.thirdparty.io.grpc.StatusRuntimeException: INTERNAL: s2@group-E264CA5F8311 is not in [RUNNING]: current state is STARTING
2023-08-18 03:37:01,592 [s0@group-E264CA5F8311-LeaderElection220] INFO  impl.LeaderElection (LogUtils.java:infoOrTrace(137)) - s0@group-E264CA5F8311-LeaderElection220 got exception when requesting votes: java.util.concurrent.ExecutionException: org.apache.ratis.thirdparty.io.grpc.StatusRuntimeException: INTERNAL: s1@group-E264CA5F8311 is not in [RUNNING]: current state is STARTING
2023-08-18 03:37:01,592 [s0@group-E264CA5F8311-LeaderElection220] INFO  impl.LeaderElection (LeaderElection.java:logAndReturn(89)) - s0@group-E264CA5F8311-LeaderElection220: PRE_VOTE REJECTED received 0 response(s) and 2 exception(s):
2023-08-18 03:37:01,592 [s0@group-E264CA5F8311-LeaderElection220] INFO  impl.LeaderElection (LogUtils.java:infoOrTrace(137)) -   Exception 0: java.util.concurrent.ExecutionException: org.apache.ratis.thirdparty.io.grpc.StatusRuntimeException: INTERNAL: s2@group-E264CA5F8311 is not in [RUNNING]: current state is STARTING
2023-08-18 03:37:01,592 [s0@group-E264CA5F8311-LeaderElection220] INFO  impl.LeaderElection (LogUtils.java:infoOrTrace(137)) -   Exception 1: java.util.concurrent.ExecutionException: org.apache.ratis.thirdparty.io.grpc.StatusRuntimeException: INTERNAL: s1@group-E264CA5F8311 is not in [RUNNING]: current state is STARTING
2023-08-18 03:37:01,592 [s0@group-E264CA5F8311-LeaderElection220] INFO  impl.LeaderElection (LeaderElection.java:askForVotes(322)) - s0@group-E264CA5F8311-LeaderElection220 PRE_VOTE round 0: result REJECTED
2023-08-18 03:37:01,592 [s0@group-E264CA5F8311-LeaderElection220] INFO  server.RaftServer$Division (RaftServerImpl.java:setRole(371)) - s0@group-E264CA5F8311: changes role from CANDIDATE to FOLLOWER at term 1 for REJECTED
2023-08-18 03:37:01,592 [s0@group-E264CA5F8311-LeaderElection220] INFO  impl.RoleInfo (RoleInfo.java:shutdownLeaderElection(129)) - s0: shutdown s0@group-E264CA5F8311-LeaderElection220
2023-08-18 03:37:01,592 [s0@group-E264CA5F8311-LeaderElection220] INFO  impl.RoleInfo (RoleInfo.java:updateAndGet(138)) - s0: start s0@group-E264CA5F8311-FollowerState
2023-08-18 03:37:01,646 [s0-server-thread1] INFO  server.RaftServer$Division (RaftServerImpl.java:setConfigurationAsync(1238)) - s0@group-E264CA5F8311: receive setConfiguration SetConfigurationRequest:client-255CF6B0DA3F->s0@group-E264CA5F8311, cid=386, seq=0, RW, null, SET_UNCONDITIONALLY, servers:[s1|rpc:0.0.0.0:34459|dataStream:|priority:0|startupRole:FOLLOWER, s2|rpc:0.0.0.0:43137|dataStream:|priority:0|startupRole:FOLLOWER, s0|rpc:localhost:39295|admin:localhost:44843|client:localhost:40991|dataStream:localhost:40677|priority:0|startupRole:FOLLOWER], listeners:[]
2023-08-18 03:37:01,750 [s2-server-thread1] INFO  server.RaftServer$Division (RaftServerImpl.java:setConfigurationAsync(1238)) - s2@group-E264CA5F8311: receive setConfiguration SetConfigurationRequest:client-255CF6B0DA3F->s2@group-E264CA5F8311, cid=386, seq=0, RW, null, SET_UNCONDITIONALLY, servers:[s1|rpc:0.0.0.0:34459|dataStream:|priority:0|startupRole:FOLLOWER, s2|rpc:0.0.0.0:43137|dataStream:|priority:0|startupRole:FOLLOWER, s0|rpc:localhost:39295|admin:localhost:44843|client:localhost:40991|dataStream:localhost:40677|priority:0|startupRole:FOLLOWER], listeners:[]
2023-08-18 03:37:01,853 [s0-server-thread1] INFO  server.RaftServer$Division (RaftServerImpl.java:setConfigurationAsync(1238)) - s0@group-E264CA5F8311: receive setConfiguration SetConfigurationRequest:client-255CF6B0DA3F->s0@group-E264CA5F8311, cid=386, seq=0, RW, null, SET_UNCONDITIONALLY, servers:[s1|rpc:0.0.0.0:34459|dataStream:|priority:0|startupRole:FOLLOWER, s2|rpc:0.0.0.0:43137|dataStream:|priority:0|startupRole:FOLLOWER, s0|rpc:localhost:39295|admin:localhost:44843|client:localhost:40991|dataStream:localhost:40677|priority:0|startupRole:FOLLOWER], listeners:[]
2023-08-18 03:37:01,854 [s0@group-E264CA5F8311-FollowerState] INFO  impl.FollowerState (FollowerState.java:run(143)) - s0@group-E264CA5F8311-FollowerState: change to CANDIDATE, lastRpcElapsedTime:262242606ns, electionTimeout:262ms
2023-08-18 03:37:01,854 [s0@group-E264CA5F8311-FollowerState] INFO  impl.RoleInfo (RoleInfo.java:shutdownFollowerState(109)) - s0: shutdown s0@group-E264CA5F8311-FollowerState
2023-08-18 03:37:01,854 [s0@group-E264CA5F8311-FollowerState] INFO  server.RaftServer$Division (RaftServerImpl.java:setRole(371)) - s0@group-E264CA5F8311: changes role from  FOLLOWER to CANDIDATE at term 1 for changeToCandidate
2023-08-18 03:37:01,862 [s0@group-E264CA5F8311-FollowerState] INFO  impl.SimpleStateMachine4Testing (SimpleStateMachine4Testing.java:notifyExtendedNoLeader(411)) - StateMachineWithMultiNestedSnapshotFile:s0:group-E264CA5F8311: notifyExtendedNoLeader group-E264CA5F8311, self {
  id: "s0"
  address: "localhost:39295"
  dataStreamAddress: "localhost:40677"
  clientAddress: "localhost:40991"
  adminAddress: "localhost:44843"
  startupRole: FOLLOWER
}
role: CANDIDATE
roleElapsedTimeMs: 3
candidateInfo {
  lastLeaderElapsedTimeMs: 60143
}

2023-08-18 03:37:01,862 [s0@group-E264CA5F8311-FollowerState] INFO  server.RaftServerConfigKeys (ConfUtils.java:logGet(46)) - raft.server.leaderelection.pre-vote = true (default)
2023-08-18 03:37:01,862 [s0@group-E264CA5F8311-FollowerState] INFO  impl.RoleInfo (RoleInfo.java:updateAndGet(138)) - s0: start s0@group-E264CA5F8311-LeaderElection221
2023-08-18 03:37:01,863 [s0@group-E264CA5F8311-LeaderElection221] INFO  impl.LeaderElection (LeaderElection.java:askForVotes(320)) - s0@group-E264CA5F8311-LeaderElection221 PRE_VOTE round 0: submit vote requests at term 1 for 255: peers:[s0|rpc:localhost:39295|admin:localhost:44843|client:localhost:40991|dataStream:localhost:40677|priority:0|startupRole:FOLLOWER, s1|rpc:0.0.0.0:34459|dataStream:|priority:0|startupRole:FOLLOWER, s2|rpc:0.0.0.0:43137|dataStream:|priority:0|startupRole:FOLLOWER]|listeners:[], old=peers:[s0|rpc:localhost:39295|admin:localhost:44843|client:localhost:40991|dataStream:localhost:40677|priority:0|startupRole:FOLLOWER]|listeners:[]
2023-08-18 03:37:01,864 [grpc-default-executor-3] INFO  server.RaftServer$Division (RaftServerImpl.java:requestVote(1344)) - s1@group-E264CA5F8311: receive requestVote(PRE_VOTE, s0, group-E264CA5F8311, 1, (t:1, i:255))
2023-08-18 03:37:01,864 [grpc-default-executor-3] WARN  server.GrpcServerProtocolService (LogUtils.java:warn(122)) - s1: Failed requestVote s0->s1#0: org.apache.ratis.protocol.exceptions.ServerNotReadyException: s1@group-E264CA5F8311 is not in [RUNNING]: current state is STARTING
2023-08-18 03:37:01,864 [grpc-default-executor-0] INFO  server.RaftServer$Division (RaftServerImpl.java:requestVote(1344)) - s2@group-E264CA5F8311: receive requestVote(PRE_VOTE, s0, group-E264CA5F8311, 1, (t:1, i:255))
2023-08-18 03:37:01,864 [grpc-default-executor-0] WARN  server.GrpcServerProtocolService (LogUtils.java:warn(122)) - s2: Failed requestVote s0->s2#0: org.apache.ratis.protocol.exceptions.ServerNotReadyException: s2@group-E264CA5F8311 is not in [RUNNING]: current state is STARTING
2023-08-18 03:37:01,864 [s0@group-E264CA5F8311-LeaderElection221] INFO  impl.LeaderElection (LogUtils.java:infoOrTrace(137)) - s0@group-E264CA5F8311-LeaderElection221 got exception when requesting votes: java.util.concurrent.ExecutionException: org.apache.ratis.thirdparty.io.grpc.StatusRuntimeException: INTERNAL: s1@group-E264CA5F8311 is not in [RUNNING]: current state is STARTING
2023-08-18 03:37:01,864 [s0@group-E264CA5F8311-LeaderElection221] INFO  impl.LeaderElection (LogUtils.java:infoOrTrace(137)) - s0@group-E264CA5F8311-LeaderElection221 got exception when requesting votes: java.util.concurrent.ExecutionException: org.apache.ratis.thirdparty.io.grpc.StatusRuntimeException: INTERNAL: s2@group-E264CA5F8311 is not in [RUNNING]: current state is STARTING
2023-08-18 03:37:01,864 [s0@group-E264CA5F8311-LeaderElection221] INFO  impl.LeaderElection (LeaderElection.java:logAndReturn(89)) - s0@group-E264CA5F8311-LeaderElection221: PRE_VOTE REJECTED received 0 response(s) and 2 exception(s):
2023-08-18 03:37:01,864 [s0@group-E264CA5F8311-LeaderElection221] INFO  impl.LeaderElection (LogUtils.java:infoOrTrace(137)) -   Exception 0: java.util.concurrent.ExecutionException: org.apache.ratis.thirdparty.io.grpc.StatusRuntimeException: INTERNAL: s1@group-E264CA5F8311 is not in [RUNNING]: current state is STARTING
2023-08-18 03:37:01,865 [s0@group-E264CA5F8311-LeaderElection221] INFO  impl.LeaderElection (LogUtils.java:infoOrTrace(137)) -   Exception 1: java.util.concurrent.ExecutionException: org.apache.ratis.thirdparty.io.grpc.StatusRuntimeException: INTERNAL: s2@group-E264CA5F8311 is not in [RUNNING]: current state is STARTING
2023-08-18 03:37:01,865 [s0@group-E264CA5F8311-LeaderElection221] INFO  impl.LeaderElection (LeaderElection.java:askForVotes(322)) - s0@group-E264CA5F8311-LeaderElection221 PRE_VOTE round 0: result REJECTED
2023-08-18 03:37:01,865 [s0@group-E264CA5F8311-LeaderElection221] INFO  server.RaftServer$Division (RaftServerImpl.java:setRole(371)) - s0@group-E264CA5F8311: changes role from CANDIDATE to FOLLOWER at term 1 for REJECTED
2023-08-18 03:37:01,865 [s0@group-E264CA5F8311-LeaderElection221] INFO  impl.RoleInfo (RoleInfo.java:shutdownLeaderElection(129)) - s0: shutdown s0@group-E264CA5F8311-LeaderElection221
2023-08-18 03:37:01,865 [s0@group-E264CA5F8311-LeaderElection221] INFO  impl.RoleInfo (RoleInfo.java:updateAndGet(138)) - s0: start s0@group-E264CA5F8311-FollowerState
2023-08-18 03:37:01,966 [s2-server-thread1] INFO  server.RaftServer$Division (RaftServerImpl.java:setConfigurationAsync(1238)) - s2@group-E264CA5F8311: receive setConfiguration SetConfigurationRequest:client-255CF6B0DA3F->s2@group-E264CA5F8311, cid=386, seq=0, RW, null, SET_UNCONDITIONALLY, servers:[s1|rpc:0.0.0.0:34459|dataStream:|priority:0|startupRole:FOLLOWER, s2|rpc:0.0.0.0:43137|dataStream:|priority:0|startupRole:FOLLOWER, s0|rpc:localhost:39295|admin:localhost:44843|client:localhost:40991|dataStream:localhost:40677|priority:0|startupRole:FOLLOWER], listeners:[]
2023-08-18 03:37:02,062 [s0@group-E264CA5F8311-FollowerState] INFO  impl.FollowerState (FollowerState.java:run(143)) - s0@group-E264CA5F8311-FollowerState: change to CANDIDATE, lastRpcElapsedTime:197439520ns, electionTimeout:197ms
2023-08-18 03:37:02,062 [s0@group-E264CA5F8311-FollowerState] INFO  impl.RoleInfo (RoleInfo.java:shutdownFollowerState(109)) - s0: shutdown s0@group-E264CA5F8311-FollowerState
2023-08-18 03:37:02,062 [s0@group-E264CA5F8311-FollowerState] INFO  server.RaftServer$Division (RaftServerImpl.java:setRole(371)) - s0@group-E264CA5F8311: changes role from  FOLLOWER to CANDIDATE at term 1 for changeToCandidate
2023-08-18 03:37:02,064 [s0@group-E264CA5F8311-FollowerState] INFO  impl.SimpleStateMachine4Testing (SimpleStateMachine4Testing.java:notifyExtendedNoLeader(411)) - StateMachineWithMultiNestedSnapshotFile:s0:group-E264CA5F8311: notifyExtendedNoLeader group-E264CA5F8311, self {
  id: "s0"
  address: "localhost:39295"
  dataStreamAddress: "localhost:40677"
  clientAddress: "localhost:40991"
  adminAddress: "localhost:44843"
  startupRole: FOLLOWER
}
role: CANDIDATE
candidateInfo {
  lastLeaderElapsedTimeMs: 60346
}

2023-08-18 03:37:02,064 [s0@group-E264CA5F8311-FollowerState] INFO  server.RaftServerConfigKeys (ConfUtils.java:logGet(46)) - raft.server.leaderelection.pre-vote = true (default)
2023-08-18 03:37:02,064 [s0@group-E264CA5F8311-FollowerState] INFO  impl.RoleInfo (RoleInfo.java:updateAndGet(138)) - s0: start s0@group-E264CA5F8311-LeaderElection222
2023-08-18 03:37:02,064 [s0@group-E264CA5F8311-LeaderElection222] INFO  impl.LeaderElection (LeaderElection.java:askForVotes(320)) - s0@group-E264CA5F8311-LeaderElection222 PRE_VOTE round 0: submit vote requests at term 1 for 255: peers:[s0|rpc:localhost:39295|admin:localhost:44843|client:localhost:40991|dataStream:localhost:40677|priority:0|startupRole:FOLLOWER, s1|rpc:0.0.0.0:34459|dataStream:|priority:0|startupRole:FOLLOWER, s2|rpc:0.0.0.0:43137|dataStream:|priority:0|startupRole:FOLLOWER]|listeners:[], old=peers:[s0|rpc:localhost:39295|admin:localhost:44843|client:localhost:40991|dataStream:localhost:40677|priority:0|startupRole:FOLLOWER]|listeners:[]
2023-08-18 03:37:02,065 [grpc-default-executor-3] INFO  server.RaftServer$Division (RaftServerImpl.java:requestVote(1344)) - s1@group-E264CA5F8311: receive requestVote(PRE_VOTE, s0, group-E264CA5F8311, 1, (t:1, i:255))
2023-08-18 03:37:02,065 [grpc-default-executor-3] WARN  server.GrpcServerProtocolService (LogUtils.java:warn(122)) - s1: Failed requestVote s0->s1#0: org.apache.ratis.protocol.exceptions.ServerNotReadyException: s1@group-E264CA5F8311 is not in [RUNNING]: current state is STARTING
2023-08-18 03:37:02,066 [s0@group-E264CA5F8311-LeaderElection222] INFO  impl.LeaderElection (LogUtils.java:infoOrTrace(137)) - s0@group-E264CA5F8311-LeaderElection222 got exception when requesting votes: java.util.concurrent.ExecutionException: org.apache.ratis.thirdparty.io.grpc.StatusRuntimeException: INTERNAL: s1@group-E264CA5F8311 is not in [RUNNING]: current state is STARTING
2023-08-18 03:37:02,066 [grpc-default-executor-3] INFO  server.RaftServer$Division (RaftServerImpl.java:requestVote(1344)) - s2@group-E264CA5F8311: receive requestVote(PRE_VOTE, s0, group-E264CA5F8311, 1, (t:1, i:255))
2023-08-18 03:37:02,066 [grpc-default-executor-3] WARN  server.GrpcServerProtocolService (LogUtils.java:warn(122)) - s2: Failed requestVote s0->s2#0: org.apache.ratis.protocol.exceptions.ServerNotReadyException: s2@group-E264CA5F8311 is not in [RUNNING]: current state is STARTING
2023-08-18 03:37:02,067 [s0@group-E264CA5F8311-LeaderElection222] INFO  impl.LeaderElection (LogUtils.java:infoOrTrace(137)) - s0@group-E264CA5F8311-LeaderElection222 got exception when requesting votes: java.util.concurrent.ExecutionException: org.apache.ratis.thirdparty.io.grpc.StatusRuntimeException: INTERNAL: s2@group-E264CA5F8311 is not in [RUNNING]: current state is STARTING
2023-08-18 03:37:02,067 [s0@group-E264CA5F8311-LeaderElection222] INFO  impl.LeaderElection (LeaderElection.java:logAndReturn(89)) - s0@group-E264CA5F8311-LeaderElection222: PRE_VOTE REJECTED received 0 response(s) and 2 exception(s):
2023-08-18 03:37:02,067 [s0@group-E264CA5F8311-LeaderElection222] INFO  impl.LeaderElection (LogUtils.java:infoOrTrace(137)) -   Exception 0: java.util.concurrent.ExecutionException: org.apache.ratis.thirdparty.io.grpc.StatusRuntimeException: INTERNAL: s1@group-E264CA5F8311 is not in [RUNNING]: current state is STARTING
2023-08-18 03:37:02,067 [s0@group-E264CA5F8311-LeaderElection222] INFO  impl.LeaderElection (LogUtils.java:infoOrTrace(137)) -   Exception 1: java.util.concurrent.ExecutionException: org.apache.ratis.thirdparty.io.grpc.StatusRuntimeException: INTERNAL: s2@group-E264CA5F8311 is not in [RUNNING]: current state is STARTING
2023-08-18 03:37:02,067 [s0@group-E264CA5F8311-LeaderElection222] INFO  impl.LeaderElection (LeaderElection.java:askForVotes(322)) - s0@group-E264CA5F8311-LeaderElection222 PRE_VOTE round 0: result REJECTED
2023-08-18 03:37:02,067 [s0@group-E264CA5F8311-LeaderElection222] INFO  server.RaftServer$Division (RaftServerImpl.java:setRole(371)) - s0@group-E264CA5F8311: changes role from CANDIDATE to FOLLOWER at term 1 for REJECTED
2023-08-18 03:37:02,067 [s0@group-E264CA5F8311-LeaderElection222] INFO  impl.RoleInfo (RoleInfo.java:shutdownLeaderElection(129)) - s0: shutdown s0@group-E264CA5F8311-LeaderElection222
2023-08-18 03:37:02,067 [s0@group-E264CA5F8311-LeaderElection222] INFO  impl.RoleInfo (RoleInfo.java:updateAndGet(138)) - s0: start s0@group-E264CA5F8311-FollowerState
2023-08-18 03:37:02,069 [s1-server-thread1] INFO  server.RaftServer$Division (RaftServerImpl.java:setConfigurationAsync(1238)) - s1@group-E264CA5F8311: receive setConfiguration SetConfigurationRequest:client-255CF6B0DA3F->s1@group-E264CA5F8311, cid=386, seq=0, RW, null, SET_UNCONDITIONALLY, servers:[s1|rpc:0.0.0.0:34459|dataStream:|priority:0|startupRole:FOLLOWER, s2|rpc:0.0.0.0:43137|dataStream:|priority:0|startupRole:FOLLOWER, s0|rpc:localhost:39295|admin:localhost:44843|client:localhost:40991|dataStream:localhost:40677|priority:0|startupRole:FOLLOWER], listeners:[]
2023-08-18 03:37:02,172 [s2-server-thread1] INFO  server.RaftServer$Division (RaftServerImpl.java:setConfigurationAsync(1238)) - s2@group-E264CA5F8311: receive setConfiguration SetConfigurationRequest:client-255CF6B0DA3F->s2@group-E264CA5F8311, cid=386, seq=0, RW, null, SET_UNCONDITIONALLY, servers:[s1|rpc:0.0.0.0:34459|dataStream:|priority:0|startupRole:FOLLOWER, s2|rpc:0.0.0.0:43137|dataStream:|priority:0|startupRole:FOLLOWER, s0|rpc:localhost:39295|admin:localhost:44843|client:localhost:40991|dataStream:localhost:40677|priority:0|startupRole:FOLLOWER], listeners:[]
2023-08-18 03:37:02,247 [s0@group-E264CA5F8311-FollowerState] INFO  impl.FollowerState (FollowerState.java:run(143)) - s0@group-E264CA5F8311-FollowerState: change to CANDIDATE, lastRpcElapsedTime:180433633ns, electionTimeout:180ms
2023-08-18 03:37:02,247 [s0@group-E264CA5F8311-FollowerState] INFO  impl.RoleInfo (RoleInfo.java:shutdownFollowerState(109)) - s0: shutdown s0@group-E264CA5F8311-FollowerState
2023-08-18 03:37:02,248 [s0@group-E264CA5F8311-FollowerState] INFO  server.RaftServer$Division (RaftServerImpl.java:setRole(371)) - s0@group-E264CA5F8311: changes role from  FOLLOWER to CANDIDATE at term 1 for changeToCandidate
2023-08-18 03:37:02,248 [s0@group-E264CA5F8311-FollowerState] INFO  impl.SimpleStateMachine4Testing (SimpleStateMachine4Testing.java:notifyExtendedNoLeader(411)) - StateMachineWithMultiNestedSnapshotFile:s0:group-E264CA5F8311: notifyExtendedNoLeader group-E264CA5F8311, self {
  id: "s0"
  address: "localhost:39295"
  dataStreamAddress: "localhost:40677"
  clientAddress: "localhost:40991"
  adminAddress: "localhost:44843"
  startupRole: FOLLOWER
}
role: CANDIDATE
candidateInfo {
  lastLeaderElapsedTimeMs: 60531
}

2023-08-18 03:37:02,248 [s0@group-E264CA5F8311-FollowerState] INFO  server.RaftServerConfigKeys (ConfUtils.java:logGet(46)) - raft.server.leaderelection.pre-vote = true (default)
2023-08-18 03:37:02,248 [s0@group-E264CA5F8311-FollowerState] INFO  impl.RoleInfo (RoleInfo.java:updateAndGet(138)) - s0: start s0@group-E264CA5F8311-LeaderElection223
2023-08-18 03:37:02,248 [s0@group-E264CA5F8311-LeaderElection223] INFO  impl.LeaderElection (LeaderElection.java:askForVotes(320)) - s0@group-E264CA5F8311-LeaderElection223 PRE_VOTE round 0: submit vote requests at term 1 for 255: peers:[s0|rpc:localhost:39295|admin:localhost:44843|client:localhost:40991|dataStream:localhost:40677|priority:0|startupRole:FOLLOWER, s1|rpc:0.0.0.0:34459|dataStream:|priority:0|startupRole:FOLLOWER, s2|rpc:0.0.0.0:43137|dataStream:|priority:0|startupRole:FOLLOWER]|listeners:[], old=peers:[s0|rpc:localhost:39295|admin:localhost:44843|client:localhost:40991|dataStream:localhost:40677|priority:0|startupRole:FOLLOWER]|listeners:[]
2023-08-18 03:37:02,249 [grpc-default-executor-3] INFO  server.RaftServer$Division (RaftServerImpl.java:requestVote(1344)) - s1@group-E264CA5F8311: receive requestVote(PRE_VOTE, s0, group-E264CA5F8311, 1, (t:1, i:255))
2023-08-18 03:37:02,249 [grpc-default-executor-0] INFO  server.RaftServer$Division (RaftServerImpl.java:requestVote(1344)) - s2@group-E264CA5F8311: receive requestVote(PRE_VOTE, s0, group-E264CA5F8311, 1, (t:1, i:255))
2023-08-18 03:37:02,249 [grpc-default-executor-3] WARN  server.GrpcServerProtocolService (LogUtils.java:warn(122)) - s1: Failed requestVote s0->s1#0: org.apache.ratis.protocol.exceptions.ServerNotReadyException: s1@group-E264CA5F8311 is not in [RUNNING]: current state is STARTING
2023-08-18 03:37:02,249 [grpc-default-executor-0] WARN  server.GrpcServerProtocolService (LogUtils.java:warn(122)) - s2: Failed requestVote s0->s2#0: org.apache.ratis.protocol.exceptions.ServerNotReadyException: s2@group-E264CA5F8311 is not in [RUNNING]: current state is STARTING
2023-08-18 03:37:02,250 [s0@group-E264CA5F8311-LeaderElection223] INFO  impl.LeaderElection (LogUtils.java:infoOrTrace(137)) - s0@group-E264CA5F8311-LeaderElection223 got exception when requesting votes: java.util.concurrent.ExecutionException: org.apache.ratis.thirdparty.io.grpc.StatusRuntimeException: INTERNAL: s1@group-E264CA5F8311 is not in [RUNNING]: current state is STARTING
2023-08-18 03:37:02,250 [s0@group-E264CA5F8311-LeaderElection223] INFO  impl.LeaderElection (LogUtils.java:infoOrTrace(137)) - s0@group-E264CA5F8311-LeaderElection223 got exception when requesting votes: java.util.concurrent.ExecutionException: org.apache.ratis.thirdparty.io.grpc.StatusRuntimeException: INTERNAL: s2@group-E264CA5F8311 is not in [RUNNING]: current state is STARTING
2023-08-18 03:37:02,250 [s0@group-E264CA5F8311-LeaderElection223] INFO  impl.LeaderElection (LeaderElection.java:logAndReturn(89)) - s0@group-E264CA5F8311-LeaderElection223: PRE_VOTE REJECTED received 0 response(s) and 2 exception(s):
2023-08-18 03:37:02,250 [s0@group-E264CA5F8311-LeaderElection223] INFO  impl.LeaderElection (LogUtils.java:infoOrTrace(137)) -   Exception 0: java.util.concurrent.ExecutionException: org.apache.ratis.thirdparty.io.grpc.StatusRuntimeException: INTERNAL: s1@group-E264CA5F8311 is not in [RUNNING]: current state is STARTING
2023-08-18 03:37:02,250 [s0@group-E264CA5F8311-LeaderElection223] INFO  impl.LeaderElection (LogUtils.java:infoOrTrace(137)) -   Exception 1: java.util.concurrent.ExecutionException: org.apache.ratis.thirdparty.io.grpc.StatusRuntimeException: INTERNAL: s2@group-E264CA5F8311 is not in [RUNNING]: current state is STARTING
2023-08-18 03:37:02,250 [s0@group-E264CA5F8311-LeaderElection223] INFO  impl.LeaderElection (LeaderElection.java:askForVotes(322)) - s0@group-E264CA5F8311-LeaderElection223 PRE_VOTE round 0: result REJECTED
2023-08-18 03:37:02,250 [s0@group-E264CA5F8311-LeaderElection223] INFO  server.RaftServer$Division (RaftServerImpl.java:setRole(371)) - s0@group-E264CA5F8311: changes role from CANDIDATE to FOLLOWER at term 1 for REJECTED
2023-08-18 03:37:02,250 [s0@group-E264CA5F8311-LeaderElection223] INFO  impl.RoleInfo (RoleInfo.java:shutdownLeaderElection(129)) - s0: shutdown s0@group-E264CA5F8311-LeaderElection223
2023-08-18 03:37:02,250 [s0@group-E264CA5F8311-LeaderElection223] INFO  impl.RoleInfo (RoleInfo.java:updateAndGet(138)) - s0: start s0@group-E264CA5F8311-FollowerState
2023-08-18 03:37:02,279 [s0-server-thread1] INFO  server.RaftServer$Division (RaftServerImpl.java:setConfigurationAsync(1238)) - s0@group-E264CA5F8311: receive setConfiguration SetConfigurationRequest:client-255CF6B0DA3F->s0@group-E264CA5F8311, cid=386, seq=0, RW, null, SET_UNCONDITIONALLY, servers:[s1|rpc:0.0.0.0:34459|dataStream:|priority:0|startupRole:FOLLOWER, s2|rpc:0.0.0.0:43137|dataStream:|priority:0|startupRole:FOLLOWER, s0|rpc:localhost:39295|admin:localhost:44843|client:localhost:40991|dataStream:localhost:40677|priority:0|startupRole:FOLLOWER], listeners:[]
2023-08-18 03:37:02,383 [s2-server-thread1] INFO  server.RaftServer$Division (RaftServerImpl.java:setConfigurationAsync(1238)) - s2@group-E264CA5F8311: receive setConfiguration SetConfigurationRequest:client-255CF6B0DA3F->s2@group-E264CA5F8311, cid=386, seq=0, RW, null, SET_UNCONDITIONALLY, servers:[s1|rpc:0.0.0.0:34459|dataStream:|priority:0|startupRole:FOLLOWER, s2|rpc:0.0.0.0:43137|dataStream:|priority:0|startupRole:FOLLOWER, s0|rpc:localhost:39295|admin:localhost:44843|client:localhost:40991|dataStream:localhost:40677|priority:0|startupRole:FOLLOWER], listeners:[]
2023-08-18 03:37:02,487 [s1-server-thread1] INFO  server.RaftServer$Division (RaftServerImpl.java:setConfigurationAsync(1238)) - s1@group-E264CA5F8311: receive setConfiguration SetConfigurationRequest:client-255CF6B0DA3F->s1@group-E264CA5F8311, cid=386, seq=0, RW, null, SET_UNCONDITIONALLY, servers:[s1|rpc:0.0.0.0:34459|dataStream:|priority:0|startupRole:FOLLOWER, s2|rpc:0.0.0.0:43137|dataStream:|priority:0|startupRole:FOLLOWER, s0|rpc:localhost:39295|admin:localhost:44843|client:localhost:40991|dataStream:localhost:40677|priority:0|startupRole:FOLLOWER], listeners:[]
2023-08-18 03:37:02,509 [s0@group-E264CA5F8311-FollowerState] INFO  impl.FollowerState (FollowerState.java:run(143)) - s0@group-E264CA5F8311-FollowerState: change to CANDIDATE, lastRpcElapsedTime:259359541ns, electionTimeout:259ms
2023-08-18 03:37:02,509 [s0@group-E264CA5F8311-FollowerState] INFO  impl.RoleInfo (RoleInfo.java:shutdownFollowerState(109)) - s0: shutdown s0@group-E264CA5F8311-FollowerState
2023-08-18 03:37:02,509 [s0@group-E264CA5F8311-FollowerState] INFO  server.RaftServer$Division (RaftServerImpl.java:setRole(371)) - s0@group-E264CA5F8311: changes role from  FOLLOWER to CANDIDATE at term 1 for changeToCandidate
2023-08-18 03:37:02,510 [s0@group-E264CA5F8311-FollowerState] INFO  impl.SimpleStateMachine4Testing (SimpleStateMachine4Testing.java:notifyExtendedNoLeader(411)) - StateMachineWithMultiNestedSnapshotFile:s0:group-E264CA5F8311: notifyExtendedNoLeader group-E264CA5F8311, self {
  id: "s0"
  address: "localhost:39295"
  dataStreamAddress: "localhost:40677"
  clientAddress: "localhost:40991"
  adminAddress: "localhost:44843"
  startupRole: FOLLOWER
}
role: CANDIDATE
candidateInfo {
  lastLeaderElapsedTimeMs: 60793
}

2023-08-18 03:37:02,510 [s0@group-E264CA5F8311-FollowerState] INFO  server.RaftServerConfigKeys (ConfUtils.java:logGet(46)) - raft.server.leaderelection.pre-vote = true (default)
2023-08-18 03:37:02,510 [s0@group-E264CA5F8311-FollowerState] INFO  impl.RoleInfo (RoleInfo.java:updateAndGet(138)) - s0: start s0@group-E264CA5F8311-LeaderElection224
2023-08-18 03:37:02,510 [s0@group-E264CA5F8311-LeaderElection224] INFO  impl.LeaderElection (LeaderElection.java:askForVotes(320)) - s0@group-E264CA5F8311-LeaderElection224 PRE_VOTE round 0: submit vote requests at term 1 for 255: peers:[s0|rpc:localhost:39295|admin:localhost:44843|client:localhost:40991|dataStream:localhost:40677|priority:0|startupRole:FOLLOWER, s1|rpc:0.0.0.0:34459|dataStream:|priority:0|startupRole:FOLLOWER, s2|rpc:0.0.0.0:43137|dataStream:|priority:0|startupRole:FOLLOWER]|listeners:[], old=peers:[s0|rpc:localhost:39295|admin:localhost:44843|client:localhost:40991|dataStream:localhost:40677|priority:0|startupRole:FOLLOWER]|listeners:[]
2023-08-18 03:37:02,511 [grpc-default-executor-3] INFO  server.RaftServer$Division (RaftServerImpl.java:requestVote(1344)) - s2@group-E264CA5F8311: receive requestVote(PRE_VOTE, s0, group-E264CA5F8311, 1, (t:1, i:255))
2023-08-18 03:37:02,511 [grpc-default-executor-3] WARN  server.GrpcServerProtocolService (LogUtils.java:warn(122)) - s2: Failed requestVote s0->s2#0: org.apache.ratis.protocol.exceptions.ServerNotReadyException: s2@group-E264CA5F8311 is not in [RUNNING]: current state is STARTING
2023-08-18 03:37:02,511 [grpc-default-executor-0] INFO  server.RaftServer$Division (RaftServerImpl.java:requestVote(1344)) - s1@group-E264CA5F8311: receive requestVote(PRE_VOTE, s0, group-E264CA5F8311, 1, (t:1, i:255))
2023-08-18 03:37:02,511 [grpc-default-executor-0] WARN  server.GrpcServerProtocolService (LogUtils.java:warn(122)) - s1: Failed requestVote s0->s1#0: org.apache.ratis.protocol.exceptions.ServerNotReadyException: s1@group-E264CA5F8311 is not in [RUNNING]: current state is STARTING
2023-08-18 03:37:02,511 [s0@group-E264CA5F8311-LeaderElection224] INFO  impl.LeaderElection (LogUtils.java:infoOrTrace(137)) - s0@group-E264CA5F8311-LeaderElection224 got exception when requesting votes: java.util.concurrent.ExecutionException: org.apache.ratis.thirdparty.io.grpc.StatusRuntimeException: INTERNAL: s2@group-E264CA5F8311 is not in [RUNNING]: current state is STARTING
2023-08-18 03:37:02,512 [s0@group-E264CA5F8311-LeaderElection224] INFO  impl.LeaderElection (LogUtils.java:infoOrTrace(137)) - s0@group-E264CA5F8311-LeaderElection224 got exception when requesting votes: java.util.concurrent.ExecutionException: org.apache.ratis.thirdparty.io.grpc.StatusRuntimeException: INTERNAL: s1@group-E264CA5F8311 is not in [RUNNING]: current state is STARTING
2023-08-18 03:37:02,513 [s0@group-E264CA5F8311-LeaderElection224] INFO  impl.LeaderElection (LeaderElection.java:logAndReturn(89)) - s0@group-E264CA5F8311-LeaderElection224: PRE_VOTE REJECTED received 0 response(s) and 2 exception(s):
2023-08-18 03:37:02,513 [s0@group-E264CA5F8311-LeaderElection224] INFO  impl.LeaderElection (LogUtils.java:infoOrTrace(137)) -   Exception 0: java.util.concurrent.ExecutionException: org.apache.ratis.thirdparty.io.grpc.StatusRuntimeException: INTERNAL: s2@group-E264CA5F8311 is not in [RUNNING]: current state is STARTING
2023-08-18 03:37:02,513 [s0@group-E264CA5F8311-LeaderElection224] INFO  impl.LeaderElection (LogUtils.java:infoOrTrace(137)) -   Exception 1: java.util.concurrent.ExecutionException: org.apache.ratis.thirdparty.io.grpc.StatusRuntimeException: INTERNAL: s1@group-E264CA5F8311 is not in [RUNNING]: current state is STARTING
2023-08-18 03:37:02,513 [s0@group-E264CA5F8311-LeaderElection224] INFO  impl.LeaderElection (LeaderElection.java:askForVotes(322)) - s0@group-E264CA5F8311-LeaderElection224 PRE_VOTE round 0: result REJECTED
2023-08-18 03:37:02,513 [s0@group-E264CA5F8311-LeaderElection224] INFO  server.RaftServer$Division (RaftServerImpl.java:setRole(371)) - s0@group-E264CA5F8311: changes role from CANDIDATE to FOLLOWER at term 1 for REJECTED
2023-08-18 03:37:02,513 [s0@group-E264CA5F8311-LeaderElection224] INFO  impl.RoleInfo (RoleInfo.java:shutdownLeaderElection(129)) - s0: shutdown s0@group-E264CA5F8311-LeaderElection224
2023-08-18 03:37:02,513 [s0@group-E264CA5F8311-LeaderElection224] INFO  impl.RoleInfo (RoleInfo.java:updateAndGet(138)) - s0: start s0@group-E264CA5F8311-FollowerState
2023-08-18 03:37:02,592 [s0-server-thread1] INFO  server.RaftServer$Division (RaftServerImpl.java:setConfigurationAsync(1238)) - s0@group-E264CA5F8311: receive setConfiguration SetConfigurationRequest:client-255CF6B0DA3F->s0@group-E264CA5F8311, cid=386, seq=0, RW, null, SET_UNCONDITIONALLY, servers:[s1|rpc:0.0.0.0:34459|dataStream:|priority:0|startupRole:FOLLOWER, s2|rpc:0.0.0.0:43137|dataStream:|priority:0|startupRole:FOLLOWER, s0|rpc:localhost:39295|admin:localhost:44843|client:localhost:40991|dataStream:localhost:40677|priority:0|startupRole:FOLLOWER], listeners:[]
2023-08-18 03:37:02,695 [s1-server-thread1] INFO  server.RaftServer$Division (RaftServerImpl.java:setConfigurationAsync(1238)) - s1@group-E264CA5F8311: receive setConfiguration SetConfigurationRequest:client-255CF6B0DA3F->s1@group-E264CA5F8311, cid=386, seq=0, RW, null, SET_UNCONDITIONALLY, servers:[s1|rpc:0.0.0.0:34459|dataStream:|priority:0|startupRole:FOLLOWER, s2|rpc:0.0.0.0:43137|dataStream:|priority:0|startupRole:FOLLOWER, s0|rpc:localhost:39295|admin:localhost:44843|client:localhost:40991|dataStream:localhost:40677|priority:0|startupRole:FOLLOWER], listeners:[]
2023-08-18 03:37:02,720 [s0@group-E264CA5F8311-FollowerState] INFO  impl.FollowerState (FollowerState.java:run(143)) - s0@group-E264CA5F8311-FollowerState: change to CANDIDATE, lastRpcElapsedTime:207320695ns, electionTimeout:207ms
2023-08-18 03:37:02,720 [s0@group-E264CA5F8311-FollowerState] INFO  impl.RoleInfo (RoleInfo.java:shutdownFollowerState(109)) - s0: shutdown s0@group-E264CA5F8311-FollowerState
2023-08-18 03:37:02,720 [s0@group-E264CA5F8311-FollowerState] INFO  server.RaftServer$Division (RaftServerImpl.java:setRole(371)) - s0@group-E264CA5F8311: changes role from  FOLLOWER to CANDIDATE at term 1 for changeToCandidate
2023-08-18 03:37:02,720 [s0@group-E264CA5F8311-FollowerState] INFO  impl.SimpleStateMachine4Testing (SimpleStateMachine4Testing.java:notifyExtendedNoLeader(411)) - StateMachineWithMultiNestedSnapshotFile:s0:group-E264CA5F8311: notifyExtendedNoLeader group-E264CA5F8311, self {
  id: "s0"
  address: "localhost:39295"
  dataStreamAddress: "localhost:40677"
  clientAddress: "localhost:40991"
  adminAddress: "localhost:44843"
  startupRole: FOLLOWER
}
role: CANDIDATE
candidateInfo {
  lastLeaderElapsedTimeMs: 61004
}

2023-08-18 03:37:02,720 [s0@group-E264CA5F8311-FollowerState] INFO  server.RaftServerConfigKeys (ConfUtils.java:logGet(46)) - raft.server.leaderelection.pre-vote = true (default)
2023-08-18 03:37:02,720 [s0@group-E264CA5F8311-FollowerState] INFO  impl.RoleInfo (RoleInfo.java:updateAndGet(138)) - s0: start s0@group-E264CA5F8311-LeaderElection225
2023-08-18 03:37:02,721 [s0@group-E264CA5F8311-LeaderElection225] INFO  impl.LeaderElection (LeaderElection.java:askForVotes(320)) - s0@group-E264CA5F8311-LeaderElection225 PRE_VOTE round 0: submit vote requests at term 1 for 255: peers:[s0|rpc:localhost:39295|admin:localhost:44843|client:localhost:40991|dataStream:localhost:40677|priority:0|startupRole:FOLLOWER, s1|rpc:0.0.0.0:34459|dataStream:|priority:0|startupRole:FOLLOWER, s2|rpc:0.0.0.0:43137|dataStream:|priority:0|startupRole:FOLLOWER]|listeners:[], old=peers:[s0|rpc:localhost:39295|admin:localhost:44843|client:localhost:40991|dataStream:localhost:40677|priority:0|startupRole:FOLLOWER]|listeners:[]
2023-08-18 03:37:02,722 [grpc-default-executor-0] INFO  server.RaftServer$Division (RaftServerImpl.java:requestVote(1344)) - s1@group-E264CA5F8311: receive requestVote(PRE_VOTE, s0, group-E264CA5F8311, 1, (t:1, i:255))
2023-08-18 03:37:02,722 [grpc-default-executor-0] WARN  server.GrpcServerProtocolService (LogUtils.java:warn(122)) - s1: Failed requestVote s0->s1#0: org.apache.ratis.protocol.exceptions.ServerNotReadyException: s1@group-E264CA5F8311 is not in [RUNNING]: current state is STARTING
2023-08-18 03:37:02,722 [grpc-default-executor-3] INFO  server.RaftServer$Division (RaftServerImpl.java:requestVote(1344)) - s2@group-E264CA5F8311: receive requestVote(PRE_VOTE, s0, group-E264CA5F8311, 1, (t:1, i:255))
2023-08-18 03:37:02,722 [grpc-default-executor-3] WARN  server.GrpcServerProtocolService (LogUtils.java:warn(122)) - s2: Failed requestVote s0->s2#0: org.apache.ratis.protocol.exceptions.ServerNotReadyException: s2@group-E264CA5F8311 is not in [RUNNING]: current state is STARTING
2023-08-18 03:37:02,722 [s0@group-E264CA5F8311-LeaderElection225] INFO  impl.LeaderElection (LogUtils.java:infoOrTrace(137)) - s0@group-E264CA5F8311-LeaderElection225 got exception when requesting votes: java.util.concurrent.ExecutionException: org.apache.ratis.thirdparty.io.grpc.StatusRuntimeException: INTERNAL: s1@group-E264CA5F8311 is not in [RUNNING]: current state is STARTING
2023-08-18 03:37:02,722 [s0@group-E264CA5F8311-LeaderElection225] INFO  impl.LeaderElection (LogUtils.java:infoOrTrace(137)) - s0@group-E264CA5F8311-LeaderElection225 got exception when requesting votes: java.util.concurrent.ExecutionException: org.apache.ratis.thirdparty.io.grpc.StatusRuntimeException: INTERNAL: s2@group-E264CA5F8311 is not in [RUNNING]: current state is STARTING
2023-08-18 03:37:02,722 [s0@group-E264CA5F8311-LeaderElection225] INFO  impl.LeaderElection (LeaderElection.java:logAndReturn(89)) - s0@group-E264CA5F8311-LeaderElection225: PRE_VOTE REJECTED received 0 response(s) and 2 exception(s):
2023-08-18 03:37:02,722 [s0@group-E264CA5F8311-LeaderElection225] INFO  impl.LeaderElection (LogUtils.java:infoOrTrace(137)) -   Exception 0: java.util.concurrent.ExecutionException: org.apache.ratis.thirdparty.io.grpc.StatusRuntimeException: INTERNAL: s1@group-E264CA5F8311 is not in [RUNNING]: current state is STARTING
2023-08-18 03:37:02,722 [s0@group-E264CA5F8311-LeaderElection225] INFO  impl.LeaderElection (LogUtils.java:infoOrTrace(137)) -   Exception 1: java.util.concurrent.ExecutionException: org.apache.ratis.thirdparty.io.grpc.StatusRuntimeException: INTERNAL: s2@group-E264CA5F8311 is not in [RUNNING]: current state is STARTING
2023-08-18 03:37:02,722 [s0@group-E264CA5F8311-LeaderElection225] INFO  impl.LeaderElection (LeaderElection.java:askForVotes(322)) - s0@group-E264CA5F8311-LeaderElection225 PRE_VOTE round 0: result REJECTED
2023-08-18 03:37:02,722 [s0@group-E264CA5F8311-LeaderElection225] INFO  server.RaftServer$Division (RaftServerImpl.java:setRole(371)) - s0@group-E264CA5F8311: changes role from CANDIDATE to FOLLOWER at term 1 for REJECTED
2023-08-18 03:37:02,722 [s0@group-E264CA5F8311-LeaderElection225] INFO  impl.RoleInfo (RoleInfo.java:shutdownLeaderElection(129)) - s0: shutdown s0@group-E264CA5F8311-LeaderElection225
2023-08-18 03:37:02,722 [s0@group-E264CA5F8311-LeaderElection225] INFO  impl.RoleInfo (RoleInfo.java:updateAndGet(138)) - s0: start s0@group-E264CA5F8311-FollowerState
2023-08-18 03:37:02,799 [s2-server-thread1] INFO  server.RaftServer$Division (RaftServerImpl.java:setConfigurationAsync(1238)) - s2@group-E264CA5F8311: receive setConfiguration SetConfigurationRequest:client-255CF6B0DA3F->s2@group-E264CA5F8311, cid=386, seq=0, RW, null, SET_UNCONDITIONALLY, servers:[s1|rpc:0.0.0.0:34459|dataStream:|priority:0|startupRole:FOLLOWER, s2|rpc:0.0.0.0:43137|dataStream:|priority:0|startupRole:FOLLOWER, s0|rpc:localhost:39295|admin:localhost:44843|client:localhost:40991|dataStream:localhost:40677|priority:0|startupRole:FOLLOWER], listeners:[]
2023-08-18 03:37:02,903 [s1-server-thread1] INFO  server.RaftServer$Division (RaftServerImpl.java:setConfigurationAsync(1238)) - s1@group-E264CA5F8311: receive setConfiguration SetConfigurationRequest:client-255CF6B0DA3F->s1@group-E264CA5F8311, cid=386, seq=0, RW, null, SET_UNCONDITIONALLY, servers:[s1|rpc:0.0.0.0:34459|dataStream:|priority:0|startupRole:FOLLOWER, s2|rpc:0.0.0.0:43137|dataStream:|priority:0|startupRole:FOLLOWER, s0|rpc:localhost:39295|admin:localhost:44843|client:localhost:40991|dataStream:localhost:40677|priority:0|startupRole:FOLLOWER], listeners:[]
2023-08-18 03:37:02,943 [s0@group-E264CA5F8311-FollowerState] INFO  impl.FollowerState (FollowerState.java:run(143)) - s0@group-E264CA5F8311-FollowerState: change to CANDIDATE, lastRpcElapsedTime:220367231ns, electionTimeout:220ms
2023-08-18 03:37:02,943 [s0@group-E264CA5F8311-FollowerState] INFO  impl.RoleInfo (RoleInfo.java:shutdownFollowerState(109)) - s0: shutdown s0@group-E264CA5F8311-FollowerState
2023-08-18 03:37:02,943 [s0@group-E264CA5F8311-FollowerState] INFO  server.RaftServer$Division (RaftServerImpl.java:setRole(371)) - s0@group-E264CA5F8311: changes role from  FOLLOWER to CANDIDATE at term 1 for changeToCandidate
2023-08-18 03:37:02,943 [s0@group-E264CA5F8311-FollowerState] INFO  impl.SimpleStateMachine4Testing (SimpleStateMachine4Testing.java:notifyExtendedNoLeader(411)) - StateMachineWithMultiNestedSnapshotFile:s0:group-E264CA5F8311: notifyExtendedNoLeader group-E264CA5F8311, self {
  id: "s0"
  address: "localhost:39295"
  dataStreamAddress: "localhost:40677"
  clientAddress: "localhost:40991"
  adminAddress: "localhost:44843"
  startupRole: FOLLOWER
}
role: CANDIDATE
candidateInfo {
  lastLeaderElapsedTimeMs: 61227
}

2023-08-18 03:37:02,943 [s0@group-E264CA5F8311-FollowerState] INFO  server.RaftServerConfigKeys (ConfUtils.java:logGet(46)) - raft.server.leaderelection.pre-vote = true (default)
2023-08-18 03:37:02,943 [s0@group-E264CA5F8311-FollowerState] INFO  impl.RoleInfo (RoleInfo.java:updateAndGet(138)) - s0: start s0@group-E264CA5F8311-LeaderElection226
2023-08-18 03:37:02,944 [s0@group-E264CA5F8311-LeaderElection226] INFO  impl.LeaderElection (LeaderElection.java:askForVotes(320)) - s0@group-E264CA5F8311-LeaderElection226 PRE_VOTE round 0: submit vote requests at term 1 for 255: peers:[s0|rpc:localhost:39295|admin:localhost:44843|client:localhost:40991|dataStream:localhost:40677|priority:0|startupRole:FOLLOWER, s1|rpc:0.0.0.0:34459|dataStream:|priority:0|startupRole:FOLLOWER, s2|rpc:0.0.0.0:43137|dataStream:|priority:0|startupRole:FOLLOWER]|listeners:[], old=peers:[s0|rpc:localhost:39295|admin:localhost:44843|client:localhost:40991|dataStream:localhost:40677|priority:0|startupRole:FOLLOWER]|listeners:[]
2023-08-18 03:37:02,945 [grpc-default-executor-0] INFO  server.RaftServer$Division (RaftServerImpl.java:requestVote(1344)) - s1@group-E264CA5F8311: receive requestVote(PRE_VOTE, s0, group-E264CA5F8311, 1, (t:1, i:255))
2023-08-18 03:37:02,945 [grpc-default-executor-0] WARN  server.GrpcServerProtocolService (LogUtils.java:warn(122)) - s1: Failed requestVote s0->s1#0: org.apache.ratis.protocol.exceptions.ServerNotReadyException: s1@group-E264CA5F8311 is not in [RUNNING]: current state is STARTING
2023-08-18 03:37:02,945 [grpc-default-executor-0] INFO  server.RaftServer$Division (RaftServerImpl.java:requestVote(1344)) - s2@group-E264CA5F8311: receive requestVote(PRE_VOTE, s0, group-E264CA5F8311, 1, (t:1, i:255))
2023-08-18 03:37:02,945 [grpc-default-executor-0] WARN  server.GrpcServerProtocolService (LogUtils.java:warn(122)) - s2: Failed requestVote s0->s2#0: org.apache.ratis.protocol.exceptions.ServerNotReadyException: s2@group-E264CA5F8311 is not in [RUNNING]: current state is STARTING
2023-08-18 03:37:02,946 [s0@group-E264CA5F8311-LeaderElection226] INFO  impl.LeaderElection (LogUtils.java:infoOrTrace(137)) - s0@group-E264CA5F8311-LeaderElection226 got exception when requesting votes: java.util.concurrent.ExecutionException: org.apache.ratis.thirdparty.io.grpc.StatusRuntimeException: INTERNAL: s1@group-E264CA5F8311 is not in [RUNNING]: current state is STARTING
2023-08-18 03:37:02,946 [s0@group-E264CA5F8311-LeaderElection226] INFO  impl.LeaderElection (LogUtils.java:infoOrTrace(137)) - s0@group-E264CA5F8311-LeaderElection226 got exception when requesting votes: java.util.concurrent.ExecutionException: org.apache.ratis.thirdparty.io.grpc.StatusRuntimeException: INTERNAL: s2@group-E264CA5F8311 is not in [RUNNING]: current state is STARTING
2023-08-18 03:37:02,946 [s0@group-E264CA5F8311-LeaderElection226] INFO  impl.LeaderElection (LeaderElection.java:logAndReturn(89)) - s0@group-E264CA5F8311-LeaderElection226: PRE_VOTE REJECTED received 0 response(s) and 2 exception(s):
2023-08-18 03:37:02,946 [s0@group-E264CA5F8311-LeaderElection226] INFO  impl.LeaderElection (LogUtils.java:infoOrTrace(137)) -   Exception 0: java.util.concurrent.ExecutionException: org.apache.ratis.thirdparty.io.grpc.StatusRuntimeException: INTERNAL: s1@group-E264CA5F8311 is not in [RUNNING]: current state is STARTING
2023-08-18 03:37:02,946 [s0@group-E264CA5F8311-LeaderElection226] INFO  impl.LeaderElection (LogUtils.java:infoOrTrace(137)) -   Exception 1: java.util.concurrent.ExecutionException: org.apache.ratis.thirdparty.io.grpc.StatusRuntimeException: INTERNAL: s2@group-E264CA5F8311 is not in [RUNNING]: current state is STARTING
2023-08-18 03:37:02,946 [s0@group-E264CA5F8311-LeaderElection226] INFO  impl.LeaderElection (LeaderElection.java:askForVotes(322)) - s0@group-E264CA5F8311-LeaderElection226 PRE_VOTE round 0: result REJECTED
2023-08-18 03:37:02,946 [s0@group-E264CA5F8311-LeaderElection226] INFO  server.RaftServer$Division (RaftServerImpl.java:setRole(371)) - s0@group-E264CA5F8311: changes role from CANDIDATE to FOLLOWER at term 1 for REJECTED
2023-08-18 03:37:02,946 [s0@group-E264CA5F8311-LeaderElection226] INFO  impl.RoleInfo (RoleInfo.java:shutdownLeaderElection(129)) - s0: shutdown s0@group-E264CA5F8311-LeaderElection226
2023-08-18 03:37:02,946 [s0@group-E264CA5F8311-LeaderElection226] INFO  impl.RoleInfo (RoleInfo.java:updateAndGet(138)) - s0: start s0@group-E264CA5F8311-FollowerState
2023-08-18 03:37:03,007 [s0-server-thread1] INFO  server.RaftServer$Division (RaftServerImpl.java:setConfigurationAsync(1238)) - s0@group-E264CA5F8311: receive setConfiguration SetConfigurationRequest:client-255CF6B0DA3F->s0@group-E264CA5F8311, cid=386, seq=0, RW, null, SET_UNCONDITIONALLY, servers:[s1|rpc:0.0.0.0:34459|dataStream:|priority:0|startupRole:FOLLOWER, s2|rpc:0.0.0.0:43137|dataStream:|priority:0|startupRole:FOLLOWER, s0|rpc:localhost:39295|admin:localhost:44843|client:localhost:40991|dataStream:localhost:40677|priority:0|startupRole:FOLLOWER], listeners:[]
2023-08-18 03:37:03,110 [s1-server-thread1] INFO  server.RaftServer$Division (RaftServerImpl.java:setConfigurationAsync(1238)) - s1@group-E264CA5F8311: receive setConfiguration SetConfigurationRequest:client-255CF6B0DA3F->s1@group-E264CA5F8311, cid=386, seq=0, RW, null, SET_UNCONDITIONALLY, servers:[s1|rpc:0.0.0.0:34459|dataStream:|priority:0|startupRole:FOLLOWER, s2|rpc:0.0.0.0:43137|dataStream:|priority:0|startupRole:FOLLOWER, s0|rpc:localhost:39295|admin:localhost:44843|client:localhost:40991|dataStream:localhost:40677|priority:0|startupRole:FOLLOWER], listeners:[]
2023-08-18 03:37:03,135 [s0@group-E264CA5F8311-FollowerState] INFO  impl.FollowerState (FollowerState.java:run(143)) - s0@group-E264CA5F8311-FollowerState: change to CANDIDATE, lastRpcElapsedTime:189406421ns, electionTimeout:189ms
2023-08-18 03:37:03,135 [s0@group-E264CA5F8311-FollowerState] INFO  impl.RoleInfo (RoleInfo.java:shutdownFollowerState(109)) - s0: shutdown s0@group-E264CA5F8311-FollowerState
2023-08-18 03:37:03,135 [s0@group-E264CA5F8311-FollowerState] INFO  server.RaftServer$Division (RaftServerImpl.java:setRole(371)) - s0@group-E264CA5F8311: changes role from  FOLLOWER to CANDIDATE at term 1 for changeToCandidate
2023-08-18 03:37:03,136 [s0@group-E264CA5F8311-FollowerState] INFO  impl.SimpleStateMachine4Testing (SimpleStateMachine4Testing.java:notifyExtendedNoLeader(411)) - StateMachineWithMultiNestedSnapshotFile:s0:group-E264CA5F8311: notifyExtendedNoLeader group-E264CA5F8311, self {
  id: "s0"
  address: "localhost:39295"
  dataStreamAddress: "localhost:40677"
  clientAddress: "localhost:40991"
  adminAddress: "localhost:44843"
  startupRole: FOLLOWER
}
role: CANDIDATE
candidateInfo {
  lastLeaderElapsedTimeMs: 61419
}

2023-08-18 03:37:03,136 [s0@group-E264CA5F8311-FollowerState] INFO  server.RaftServerConfigKeys (ConfUtils.java:logGet(46)) - raft.server.leaderelection.pre-vote = true (default)
2023-08-18 03:37:03,136 [s0@group-E264CA5F8311-FollowerState] INFO  impl.RoleInfo (RoleInfo.java:updateAndGet(138)) - s0: start s0@group-E264CA5F8311-LeaderElection227
2023-08-18 03:37:03,136 [s0@group-E264CA5F8311-LeaderElection227] INFO  impl.LeaderElection (LeaderElection.java:askForVotes(320)) - s0@group-E264CA5F8311-LeaderElection227 PRE_VOTE round 0: submit vote requests at term 1 for 255: peers:[s0|rpc:localhost:39295|admin:localhost:44843|client:localhost:40991|dataStream:localhost:40677|priority:0|startupRole:FOLLOWER, s1|rpc:0.0.0.0:34459|dataStream:|priority:0|startupRole:FOLLOWER, s2|rpc:0.0.0.0:43137|dataStream:|priority:0|startupRole:FOLLOWER]|listeners:[], old=peers:[s0|rpc:localhost:39295|admin:localhost:44843|client:localhost:40991|dataStream:localhost:40677|priority:0|startupRole:FOLLOWER]|listeners:[]
2023-08-18 03:37:03,137 [grpc-default-executor-0] INFO  server.RaftServer$Division (RaftServerImpl.java:requestVote(1344)) - s1@group-E264CA5F8311: receive requestVote(PRE_VOTE, s0, group-E264CA5F8311, 1, (t:1, i:255))
2023-08-18 03:37:03,137 [grpc-default-executor-0] WARN  server.GrpcServerProtocolService (LogUtils.java:warn(122)) - s1: Failed requestVote s0->s1#0: org.apache.ratis.protocol.exceptions.ServerNotReadyException: s1@group-E264CA5F8311 is not in [RUNNING]: current state is STARTING
2023-08-18 03:37:03,137 [s0@group-E264CA5F8311-LeaderElection227] INFO  impl.LeaderElection (LogUtils.java:infoOrTrace(137)) - s0@group-E264CA5F8311-LeaderElection227 got exception when requesting votes: java.util.concurrent.ExecutionException: org.apache.ratis.thirdparty.io.grpc.StatusRuntimeException: INTERNAL: s1@group-E264CA5F8311 is not in [RUNNING]: current state is STARTING
2023-08-18 03:37:03,138 [grpc-default-executor-0] INFO  server.RaftServer$Division (RaftServerImpl.java:requestVote(1344)) - s2@group-E264CA5F8311: receive requestVote(PRE_VOTE, s0, group-E264CA5F8311, 1, (t:1, i:255))
2023-08-18 03:37:03,138 [grpc-default-executor-0] WARN  server.GrpcServerProtocolService (LogUtils.java:warn(122)) - s2: Failed requestVote s0->s2#0: org.apache.ratis.protocol.exceptions.ServerNotReadyException: s2@group-E264CA5F8311 is not in [RUNNING]: current state is STARTING
2023-08-18 03:37:03,138 [s0@group-E264CA5F8311-LeaderElection227] INFO  impl.LeaderElection (LogUtils.java:infoOrTrace(137)) - s0@group-E264CA5F8311-LeaderElection227 got exception when requesting votes: java.util.concurrent.ExecutionException: org.apache.ratis.thirdparty.io.grpc.StatusRuntimeException: INTERNAL: s2@group-E264CA5F8311 is not in [RUNNING]: current state is STARTING
2023-08-18 03:37:03,138 [s0@group-E264CA5F8311-LeaderElection227] INFO  impl.LeaderElection (LeaderElection.java:logAndReturn(89)) - s0@group-E264CA5F8311-LeaderElection227: PRE_VOTE REJECTED received 0 response(s) and 2 exception(s):
2023-08-18 03:37:03,138 [s0@group-E264CA5F8311-LeaderElection227] INFO  impl.LeaderElection (LogUtils.java:infoOrTrace(137)) -   Exception 0: java.util.concurrent.ExecutionException: org.apache.ratis.thirdparty.io.grpc.StatusRuntimeException: INTERNAL: s1@group-E264CA5F8311 is not in [RUNNING]: current state is STARTING
2023-08-18 03:37:03,138 [s0@group-E264CA5F8311-LeaderElection227] INFO  impl.LeaderElection (LogUtils.java:infoOrTrace(137)) -   Exception 1: java.util.concurrent.ExecutionException: org.apache.ratis.thirdparty.io.grpc.StatusRuntimeException: INTERNAL: s2@group-E264CA5F8311 is not in [RUNNING]: current state is STARTING
2023-08-18 03:37:03,138 [s0@group-E264CA5F8311-LeaderElection227] INFO  impl.LeaderElection (LeaderElection.java:askForVotes(322)) - s0@group-E264CA5F8311-LeaderElection227 PRE_VOTE round 0: result REJECTED
2023-08-18 03:37:03,138 [s0@group-E264CA5F8311-LeaderElection227] INFO  server.RaftServer$Division (RaftServerImpl.java:setRole(371)) - s0@group-E264CA5F8311: changes role from CANDIDATE to FOLLOWER at term 1 for REJECTED
2023-08-18 03:37:03,138 [s0@group-E264CA5F8311-LeaderElection227] INFO  impl.RoleInfo (RoleInfo.java:shutdownLeaderElection(129)) - s0: shutdown s0@group-E264CA5F8311-LeaderElection227
2023-08-18 03:37:03,138 [s0@group-E264CA5F8311-LeaderElection227] INFO  impl.RoleInfo (RoleInfo.java:updateAndGet(138)) - s0: start s0@group-E264CA5F8311-FollowerState
2023-08-18 03:37:03,214 [s0-server-thread1] INFO  server.RaftServer$Division (RaftServerImpl.java:setConfigurationAsync(1238)) - s0@group-E264CA5F8311: receive setConfiguration SetConfigurationRequest:client-255CF6B0DA3F->s0@group-E264CA5F8311, cid=386, seq=0, RW, null, SET_UNCONDITIONALLY, servers:[s1|rpc:0.0.0.0:34459|dataStream:|priority:0|startupRole:FOLLOWER, s2|rpc:0.0.0.0:43137|dataStream:|priority:0|startupRole:FOLLOWER, s0|rpc:localhost:39295|admin:localhost:44843|client:localhost:40991|dataStream:localhost:40677|priority:0|startupRole:FOLLOWER], listeners:[]
2023-08-18 03:37:03,317 [s1-server-thread1] INFO  server.RaftServer$Division (RaftServerImpl.java:setConfigurationAsync(1238)) - s1@group-E264CA5F8311: receive setConfiguration SetConfigurationRequest:client-255CF6B0DA3F->s1@group-E264CA5F8311, cid=386, seq=0, RW, null, SET_UNCONDITIONALLY, servers:[s1|rpc:0.0.0.0:34459|dataStream:|priority:0|startupRole:FOLLOWER, s2|rpc:0.0.0.0:43137|dataStream:|priority:0|startupRole:FOLLOWER, s0|rpc:localhost:39295|admin:localhost:44843|client:localhost:40991|dataStream:localhost:40677|priority:0|startupRole:FOLLOWER], listeners:[]
2023-08-18 03:37:03,421 [s2-server-thread1] INFO  server.RaftServer$Division (RaftServerImpl.java:setConfigurationAsync(1238)) - s2@group-E264CA5F8311: receive setConfiguration SetConfigurationRequest:client-255CF6B0DA3F->s2@group-E264CA5F8311, cid=386, seq=0, RW, null, SET_UNCONDITIONALLY, servers:[s1|rpc:0.0.0.0:34459|dataStream:|priority:0|startupRole:FOLLOWER, s2|rpc:0.0.0.0:43137|dataStream:|priority:0|startupRole:FOLLOWER, s0|rpc:localhost:39295|admin:localhost:44843|client:localhost:40991|dataStream:localhost:40677|priority:0|startupRole:FOLLOWER], listeners:[]
2023-08-18 03:37:03,428 [s0@group-E264CA5F8311-FollowerState] INFO  impl.FollowerState (FollowerState.java:run(143)) - s0@group-E264CA5F8311-FollowerState: change to CANDIDATE, lastRpcElapsedTime:290151955ns, electionTimeout:288ms
2023-08-18 03:37:03,429 [s0@group-E264CA5F8311-FollowerState] INFO  impl.RoleInfo (RoleInfo.java:shutdownFollowerState(109)) - s0: shutdown s0@group-E264CA5F8311-FollowerState
2023-08-18 03:37:03,429 [s0@group-E264CA5F8311-FollowerState] INFO  server.RaftServer$Division (RaftServerImpl.java:setRole(371)) - s0@group-E264CA5F8311: changes role from  FOLLOWER to CANDIDATE at term 1 for changeToCandidate
2023-08-18 03:37:03,430 [s0@group-E264CA5F8311-FollowerState] INFO  impl.SimpleStateMachine4Testing (SimpleStateMachine4Testing.java:notifyExtendedNoLeader(411)) - StateMachineWithMultiNestedSnapshotFile:s0:group-E264CA5F8311: notifyExtendedNoLeader group-E264CA5F8311, self {
  id: "s0"
  address: "localhost:39295"
  dataStreamAddress: "localhost:40677"
  clientAddress: "localhost:40991"
  adminAddress: "localhost:44843"
  startupRole: FOLLOWER
}
role: CANDIDATE
candidateInfo {
  lastLeaderElapsedTimeMs: 61712
}

2023-08-18 03:37:03,430 [s0@group-E264CA5F8311-FollowerState] INFO  server.RaftServerConfigKeys (ConfUtils.java:logGet(46)) - raft.server.leaderelection.pre-vote = true (default)
2023-08-18 03:37:03,430 [s0@group-E264CA5F8311-FollowerState] INFO  impl.RoleInfo (RoleInfo.java:updateAndGet(138)) - s0: start s0@group-E264CA5F8311-LeaderElection228
2023-08-18 03:37:03,431 [s0@group-E264CA5F8311-LeaderElection228] INFO  impl.LeaderElection (LeaderElection.java:askForVotes(320)) - s0@group-E264CA5F8311-LeaderElection228 PRE_VOTE round 0: submit vote requests at term 1 for 255: peers:[s0|rpc:localhost:39295|admin:localhost:44843|client:localhost:40991|dataStream:localhost:40677|priority:0|startupRole:FOLLOWER, s1|rpc:0.0.0.0:34459|dataStream:|priority:0|startupRole:FOLLOWER, s2|rpc:0.0.0.0:43137|dataStream:|priority:0|startupRole:FOLLOWER]|listeners:[], old=peers:[s0|rpc:localhost:39295|admin:localhost:44843|client:localhost:40991|dataStream:localhost:40677|priority:0|startupRole:FOLLOWER]|listeners:[]
2023-08-18 03:37:03,432 [grpc-default-executor-3] INFO  server.RaftServer$Division (RaftServerImpl.java:requestVote(1344)) - s2@group-E264CA5F8311: receive requestVote(PRE_VOTE, s0, group-E264CA5F8311, 1, (t:1, i:255))
2023-08-18 03:37:03,432 [grpc-default-executor-3] WARN  server.GrpcServerProtocolService (LogUtils.java:warn(122)) - s2: Failed requestVote s0->s2#0: org.apache.ratis.protocol.exceptions.ServerNotReadyException: s2@group-E264CA5F8311 is not in [RUNNING]: current state is STARTING
2023-08-18 03:37:03,432 [grpc-default-executor-3] INFO  server.RaftServer$Division (RaftServerImpl.java:requestVote(1344)) - s1@group-E264CA5F8311: receive requestVote(PRE_VOTE, s0, group-E264CA5F8311, 1, (t:1, i:255))
2023-08-18 03:37:03,432 [grpc-default-executor-3] WARN  server.GrpcServerProtocolService (LogUtils.java:warn(122)) - s1: Failed requestVote s0->s1#0: org.apache.ratis.protocol.exceptions.ServerNotReadyException: s1@group-E264CA5F8311 is not in [RUNNING]: current state is STARTING
2023-08-18 03:37:03,432 [s0@group-E264CA5F8311-LeaderElection228] INFO  impl.LeaderElection (LogUtils.java:infoOrTrace(137)) - s0@group-E264CA5F8311-LeaderElection228 got exception when requesting votes: java.util.concurrent.ExecutionException: org.apache.ratis.thirdparty.io.grpc.StatusRuntimeException: INTERNAL: s2@group-E264CA5F8311 is not in [RUNNING]: current state is STARTING
2023-08-18 03:37:03,432 [s0@group-E264CA5F8311-LeaderElection228] INFO  impl.LeaderElection (LogUtils.java:infoOrTrace(137)) - s0@group-E264CA5F8311-LeaderElection228 got exception when requesting votes: java.util.concurrent.ExecutionException: org.apache.ratis.thirdparty.io.grpc.StatusRuntimeException: INTERNAL: s1@group-E264CA5F8311 is not in [RUNNING]: current state is STARTING
2023-08-18 03:37:03,432 [s0@group-E264CA5F8311-LeaderElection228] INFO  impl.LeaderElection (LeaderElection.java:logAndReturn(89)) - s0@group-E264CA5F8311-LeaderElection228: PRE_VOTE REJECTED received 0 response(s) and 2 exception(s):
2023-08-18 03:37:03,432 [s0@group-E264CA5F8311-LeaderElection228] INFO  impl.LeaderElection (LogUtils.java:infoOrTrace(137)) -   Exception 0: java.util.concurrent.ExecutionException: org.apache.ratis.thirdparty.io.grpc.StatusRuntimeException: INTERNAL: s2@group-E264CA5F8311 is not in [RUNNING]: current state is STARTING
2023-08-18 03:37:03,432 [s0@group-E264CA5F8311-LeaderElection228] INFO  impl.LeaderElection (LogUtils.java:infoOrTrace(137)) -   Exception 1: java.util.concurrent.ExecutionException: org.apache.ratis.thirdparty.io.grpc.StatusRuntimeException: INTERNAL: s1@group-E264CA5F8311 is not in [RUNNING]: current state is STARTING
2023-08-18 03:37:03,432 [s0@group-E264CA5F8311-LeaderElection228] INFO  impl.LeaderElection (LeaderElection.java:askForVotes(322)) - s0@group-E264CA5F8311-LeaderElection228 PRE_VOTE round 0: result REJECTED
2023-08-18 03:37:03,432 [s0@group-E264CA5F8311-LeaderElection228] INFO  server.RaftServer$Division (RaftServerImpl.java:setRole(371)) - s0@group-E264CA5F8311: changes role from CANDIDATE to FOLLOWER at term 1 for REJECTED
2023-08-18 03:37:03,432 [s0@group-E264CA5F8311-LeaderElection228] INFO  impl.RoleInfo (RoleInfo.java:shutdownLeaderElection(129)) - s0: shutdown s0@group-E264CA5F8311-LeaderElection228
2023-08-18 03:37:03,432 [s0@group-E264CA5F8311-LeaderElection228] INFO  impl.RoleInfo (RoleInfo.java:updateAndGet(138)) - s0: start s0@group-E264CA5F8311-FollowerState
2023-08-18 03:37:03,525 [s0-server-thread1] INFO  server.RaftServer$Division (RaftServerImpl.java:setConfigurationAsync(1238)) - s0@group-E264CA5F8311: receive setConfiguration SetConfigurationRequest:client-255CF6B0DA3F->s0@group-E264CA5F8311, cid=386, seq=0, RW, null, SET_UNCONDITIONALLY, servers:[s1|rpc:0.0.0.0:34459|dataStream:|priority:0|startupRole:FOLLOWER, s2|rpc:0.0.0.0:43137|dataStream:|priority:0|startupRole:FOLLOWER, s0|rpc:localhost:39295|admin:localhost:44843|client:localhost:40991|dataStream:localhost:40677|priority:0|startupRole:FOLLOWER], listeners:[]
2023-08-18 03:37:03,628 [s1-server-thread1] INFO  server.RaftServer$Division (RaftServerImpl.java:setConfigurationAsync(1238)) - s1@group-E264CA5F8311: receive setConfiguration SetConfigurationRequest:client-255CF6B0DA3F->s1@group-E264CA5F8311, cid=386, seq=0, RW, null, SET_UNCONDITIONALLY, servers:[s1|rpc:0.0.0.0:34459|dataStream:|priority:0|startupRole:FOLLOWER, s2|rpc:0.0.0.0:43137|dataStream:|priority:0|startupRole:FOLLOWER, s0|rpc:localhost:39295|admin:localhost:44843|client:localhost:40991|dataStream:localhost:40677|priority:0|startupRole:FOLLOWER], listeners:[]
2023-08-18 03:37:03,722 [s0@group-E264CA5F8311-FollowerState] INFO  impl.FollowerState (FollowerState.java:run(143)) - s0@group-E264CA5F8311-FollowerState: change to CANDIDATE, lastRpcElapsedTime:289426796ns, electionTimeout:289ms
2023-08-18 03:37:03,722 [s0@group-E264CA5F8311-FollowerState] INFO  impl.RoleInfo (RoleInfo.java:shutdownFollowerState(109)) - s0: shutdown s0@group-E264CA5F8311-FollowerState
2023-08-18 03:37:03,722 [s0@group-E264CA5F8311-FollowerState] INFO  server.RaftServer$Division (RaftServerImpl.java:setRole(371)) - s0@group-E264CA5F8311: changes role from  FOLLOWER to CANDIDATE at term 1 for changeToCandidate
2023-08-18 03:37:03,723 [s0@group-E264CA5F8311-FollowerState] INFO  impl.SimpleStateMachine4Testing (SimpleStateMachine4Testing.java:notifyExtendedNoLeader(411)) - StateMachineWithMultiNestedSnapshotFile:s0:group-E264CA5F8311: notifyExtendedNoLeader group-E264CA5F8311, self {
  id: "s0"
  address: "localhost:39295"
  dataStreamAddress: "localhost:40677"
  clientAddress: "localhost:40991"
  adminAddress: "localhost:44843"
  startupRole: FOLLOWER
}
role: CANDIDATE
candidateInfo {
  lastLeaderElapsedTimeMs: 62006
}

2023-08-18 03:37:03,723 [s0@group-E264CA5F8311-FollowerState] INFO  server.RaftServerConfigKeys (ConfUtils.java:logGet(46)) - raft.server.leaderelection.pre-vote = true (default)
2023-08-18 03:37:03,723 [s0@group-E264CA5F8311-FollowerState] INFO  impl.RoleInfo (RoleInfo.java:updateAndGet(138)) - s0: start s0@group-E264CA5F8311-LeaderElection229
2023-08-18 03:37:03,723 [s0@group-E264CA5F8311-LeaderElection229] INFO  impl.LeaderElection (LeaderElection.java:askForVotes(320)) - s0@group-E264CA5F8311-LeaderElection229 PRE_VOTE round 0: submit vote requests at term 1 for 255: peers:[s0|rpc:localhost:39295|admin:localhost:44843|client:localhost:40991|dataStream:localhost:40677|priority:0|startupRole:FOLLOWER, s1|rpc:0.0.0.0:34459|dataStream:|priority:0|startupRole:FOLLOWER, s2|rpc:0.0.0.0:43137|dataStream:|priority:0|startupRole:FOLLOWER]|listeners:[], old=peers:[s0|rpc:localhost:39295|admin:localhost:44843|client:localhost:40991|dataStream:localhost:40677|priority:0|startupRole:FOLLOWER]|listeners:[]
2023-08-18 03:37:03,724 [grpc-default-executor-0] INFO  server.RaftServer$Division (RaftServerImpl.java:requestVote(1344)) - s2@group-E264CA5F8311: receive requestVote(PRE_VOTE, s0, group-E264CA5F8311, 1, (t:1, i:255))
2023-08-18 03:37:03,724 [grpc-default-executor-0] WARN  server.GrpcServerProtocolService (LogUtils.java:warn(122)) - s2: Failed requestVote s0->s2#0: org.apache.ratis.protocol.exceptions.ServerNotReadyException: s2@group-E264CA5F8311 is not in [RUNNING]: current state is STARTING
2023-08-18 03:37:03,724 [grpc-default-executor-3] INFO  server.RaftServer$Division (RaftServerImpl.java:requestVote(1344)) - s1@group-E264CA5F8311: receive requestVote(PRE_VOTE, s0, group-E264CA5F8311, 1, (t:1, i:255))
2023-08-18 03:37:03,724 [grpc-default-executor-3] WARN  server.GrpcServerProtocolService (LogUtils.java:warn(122)) - s1: Failed requestVote s0->s1#0: org.apache.ratis.protocol.exceptions.ServerNotReadyException: s1@group-E264CA5F8311 is not in [RUNNING]: current state is STARTING
2023-08-18 03:37:03,725 [s0@group-E264CA5F8311-LeaderElection229] INFO  impl.LeaderElection (LogUtils.java:infoOrTrace(137)) - s0@group-E264CA5F8311-LeaderElection229 got exception when requesting votes: java.util.concurrent.ExecutionException: org.apache.ratis.thirdparty.io.grpc.StatusRuntimeException: INTERNAL: s1@group-E264CA5F8311 is not in [RUNNING]: current state is STARTING
2023-08-18 03:37:03,725 [s0@group-E264CA5F8311-LeaderElection229] INFO  impl.LeaderElection (LogUtils.java:infoOrTrace(137)) - s0@group-E264CA5F8311-LeaderElection229 got exception when requesting votes: java.util.concurrent.ExecutionException: org.apache.ratis.thirdparty.io.grpc.StatusRuntimeException: INTERNAL: s2@group-E264CA5F8311 is not in [RUNNING]: current state is STARTING
2023-08-18 03:37:03,725 [s0@group-E264CA5F8311-LeaderElection229] INFO  impl.LeaderElection (LeaderElection.java:logAndReturn(89)) - s0@group-E264CA5F8311-LeaderElection229: PRE_VOTE REJECTED received 0 response(s) and 2 exception(s):
2023-08-18 03:37:03,725 [s0@group-E264CA5F8311-LeaderElection229] INFO  impl.LeaderElection (LogUtils.java:infoOrTrace(137)) -   Exception 0: java.util.concurrent.ExecutionException: org.apache.ratis.thirdparty.io.grpc.StatusRuntimeException: INTERNAL: s1@group-E264CA5F8311 is not in [RUNNING]: current state is STARTING
2023-08-18 03:37:03,725 [s0@group-E264CA5F8311-LeaderElection229] INFO  impl.LeaderElection (LogUtils.java:infoOrTrace(137)) -   Exception 1: java.util.concurrent.ExecutionException: org.apache.ratis.thirdparty.io.grpc.StatusRuntimeException: INTERNAL: s2@group-E264CA5F8311 is not in [RUNNING]: current state is STARTING
2023-08-18 03:37:03,725 [s0@group-E264CA5F8311-LeaderElection229] INFO  impl.LeaderElection (LeaderElection.java:askForVotes(322)) - s0@group-E264CA5F8311-LeaderElection229 PRE_VOTE round 0: result REJECTED
2023-08-18 03:37:03,725 [s0@group-E264CA5F8311-LeaderElection229] INFO  server.RaftServer$Division (RaftServerImpl.java:setRole(371)) - s0@group-E264CA5F8311: changes role from CANDIDATE to FOLLOWER at term 1 for REJECTED
2023-08-18 03:37:03,725 [s0@group-E264CA5F8311-LeaderElection229] INFO  impl.RoleInfo (RoleInfo.java:shutdownLeaderElection(129)) - s0: shutdown s0@group-E264CA5F8311-LeaderElection229
2023-08-18 03:37:03,725 [s0@group-E264CA5F8311-LeaderElection229] INFO  impl.RoleInfo (RoleInfo.java:updateAndGet(138)) - s0: start s0@group-E264CA5F8311-FollowerState
2023-08-18 03:37:03,732 [s0-server-thread1] INFO  server.RaftServer$Division (RaftServerImpl.java:setConfigurationAsync(1238)) - s0@group-E264CA5F8311: receive setConfiguration SetConfigurationRequest:client-255CF6B0DA3F->s0@group-E264CA5F8311, cid=386, seq=0, RW, null, SET_UNCONDITIONALLY, servers:[s1|rpc:0.0.0.0:34459|dataStream:|priority:0|startupRole:FOLLOWER, s2|rpc:0.0.0.0:43137|dataStream:|priority:0|startupRole:FOLLOWER, s0|rpc:localhost:39295|admin:localhost:44843|client:localhost:40991|dataStream:localhost:40677|priority:0|startupRole:FOLLOWER], listeners:[]
2023-08-18 03:37:03,835 [s2-server-thread1] INFO  server.RaftServer$Division (RaftServerImpl.java:setConfigurationAsync(1238)) - s2@group-E264CA5F8311: receive setConfiguration SetConfigurationRequest:client-255CF6B0DA3F->s2@group-E264CA5F8311, cid=386, seq=0, RW, null, SET_UNCONDITIONALLY, servers:[s1|rpc:0.0.0.0:34459|dataStream:|priority:0|startupRole:FOLLOWER, s2|rpc:0.0.0.0:43137|dataStream:|priority:0|startupRole:FOLLOWER, s0|rpc:localhost:39295|admin:localhost:44843|client:localhost:40991|dataStream:localhost:40677|priority:0|startupRole:FOLLOWER], listeners:[]
2023-08-18 03:37:03,938 [s1-server-thread1] INFO  server.RaftServer$Division (RaftServerImpl.java:setConfigurationAsync(1238)) - s1@group-E264CA5F8311: receive setConfiguration SetConfigurationRequest:client-255CF6B0DA3F->s1@group-E264CA5F8311, cid=386, seq=0, RW, null, SET_UNCONDITIONALLY, servers:[s1|rpc:0.0.0.0:34459|dataStream:|priority:0|startupRole:FOLLOWER, s2|rpc:0.0.0.0:43137|dataStream:|priority:0|startupRole:FOLLOWER, s0|rpc:localhost:39295|admin:localhost:44843|client:localhost:40991|dataStream:localhost:40677|priority:0|startupRole:FOLLOWER], listeners:[]
2023-08-18 03:37:04,010 [s0@group-E264CA5F8311-FollowerState] INFO  impl.FollowerState (FollowerState.java:run(143)) - s0@group-E264CA5F8311-FollowerState: change to CANDIDATE, lastRpcElapsedTime:285388971ns, electionTimeout:285ms
2023-08-18 03:37:04,011 [s0@group-E264CA5F8311-FollowerState] INFO  impl.RoleInfo (RoleInfo.java:shutdownFollowerState(109)) - s0: shutdown s0@group-E264CA5F8311-FollowerState
2023-08-18 03:37:04,011 [s0@group-E264CA5F8311-FollowerState] INFO  server.RaftServer$Division (RaftServerImpl.java:setRole(371)) - s0@group-E264CA5F8311: changes role from  FOLLOWER to CANDIDATE at term 1 for changeToCandidate
2023-08-18 03:37:04,011 [s0@group-E264CA5F8311-FollowerState] INFO  impl.SimpleStateMachine4Testing (SimpleStateMachine4Testing.java:notifyExtendedNoLeader(411)) - StateMachineWithMultiNestedSnapshotFile:s0:group-E264CA5F8311: notifyExtendedNoLeader group-E264CA5F8311, self {
  id: "s0"
  address: "localhost:39295"
  dataStreamAddress: "localhost:40677"
  clientAddress: "localhost:40991"
  adminAddress: "localhost:44843"
  startupRole: FOLLOWER
}
role: CANDIDATE
candidateInfo {
  lastLeaderElapsedTimeMs: 62294
}

2023-08-18 03:37:04,011 [s0@group-E264CA5F8311-FollowerState] INFO  server.RaftServerConfigKeys (ConfUtils.java:logGet(46)) - raft.server.leaderelection.pre-vote = true (default)
2023-08-18 03:37:04,011 [s0@group-E264CA5F8311-FollowerState] INFO  impl.RoleInfo (RoleInfo.java:updateAndGet(138)) - s0: start s0@group-E264CA5F8311-LeaderElection230
2023-08-18 03:37:04,012 [s0@group-E264CA5F8311-LeaderElection230] INFO  impl.LeaderElection (LeaderElection.java:askForVotes(320)) - s0@group-E264CA5F8311-LeaderElection230 PRE_VOTE round 0: submit vote requests at term 1 for 255: peers:[s0|rpc:localhost:39295|admin:localhost:44843|client:localhost:40991|dataStream:localhost:40677|priority:0|startupRole:FOLLOWER, s1|rpc:0.0.0.0:34459|dataStream:|priority:0|startupRole:FOLLOWER, s2|rpc:0.0.0.0:43137|dataStream:|priority:0|startupRole:FOLLOWER]|listeners:[], old=peers:[s0|rpc:localhost:39295|admin:localhost:44843|client:localhost:40991|dataStream:localhost:40677|priority:0|startupRole:FOLLOWER]|listeners:[]
2023-08-18 03:37:04,013 [grpc-default-executor-0] INFO  server.RaftServer$Division (RaftServerImpl.java:requestVote(1344)) - s1@group-E264CA5F8311: receive requestVote(PRE_VOTE, s0, group-E264CA5F8311, 1, (t:1, i:255))
2023-08-18 03:37:04,013 [grpc-default-executor-3] INFO  server.RaftServer$Division (RaftServerImpl.java:requestVote(1344)) - s2@group-E264CA5F8311: receive requestVote(PRE_VOTE, s0, group-E264CA5F8311, 1, (t:1, i:255))
2023-08-18 03:37:04,013 [grpc-default-executor-0] WARN  server.GrpcServerProtocolService (LogUtils.java:warn(122)) - s1: Failed requestVote s0->s1#0: org.apache.ratis.protocol.exceptions.ServerNotReadyException: s1@group-E264CA5F8311 is not in [RUNNING]: current state is STARTING
2023-08-18 03:37:04,013 [grpc-default-executor-3] WARN  server.GrpcServerProtocolService (LogUtils.java:warn(122)) - s2: Failed requestVote s0->s2#0: org.apache.ratis.protocol.exceptions.ServerNotReadyException: s2@group-E264CA5F8311 is not in [RUNNING]: current state is STARTING
2023-08-18 03:37:04,013 [s0@group-E264CA5F8311-LeaderElection230] INFO  impl.LeaderElection (LogUtils.java:infoOrTrace(137)) - s0@group-E264CA5F8311-LeaderElection230 got exception when requesting votes: java.util.concurrent.ExecutionException: org.apache.ratis.thirdparty.io.grpc.StatusRuntimeException: INTERNAL: s1@group-E264CA5F8311 is not in [RUNNING]: current state is STARTING
2023-08-18 03:37:04,013 [s0@group-E264CA5F8311-LeaderElection230] INFO  impl.LeaderElection (LogUtils.java:infoOrTrace(137)) - s0@group-E264CA5F8311-LeaderElection230 got exception when requesting votes: java.util.concurrent.ExecutionException: org.apache.ratis.thirdparty.io.grpc.StatusRuntimeException: INTERNAL: s2@group-E264CA5F8311 is not in [RUNNING]: current state is STARTING
2023-08-18 03:37:04,013 [s0@group-E264CA5F8311-LeaderElection230] INFO  impl.LeaderElection (LeaderElection.java:logAndReturn(89)) - s0@group-E264CA5F8311-LeaderElection230: PRE_VOTE REJECTED received 0 response(s) and 2 exception(s):
2023-08-18 03:37:04,013 [s0@group-E264CA5F8311-LeaderElection230] INFO  impl.LeaderElection (LogUtils.java:infoOrTrace(137)) -   Exception 0: java.util.concurrent.ExecutionException: org.apache.ratis.thirdparty.io.grpc.StatusRuntimeException: INTERNAL: s1@group-E264CA5F8311 is not in [RUNNING]: current state is STARTING
2023-08-18 03:37:04,013 [s0@group-E264CA5F8311-LeaderElection230] INFO  impl.LeaderElection (LogUtils.java:infoOrTrace(137)) -   Exception 1: java.util.concurrent.ExecutionException: org.apache.ratis.thirdparty.io.grpc.StatusRuntimeException: INTERNAL: s2@group-E264CA5F8311 is not in [RUNNING]: current state is STARTING
2023-08-18 03:37:04,013 [s0@group-E264CA5F8311-LeaderElection230] INFO  impl.LeaderElection (LeaderElection.java:askForVotes(322)) - s0@group-E264CA5F8311-LeaderElection230 PRE_VOTE round 0: result REJECTED
2023-08-18 03:37:04,013 [s0@group-E264CA5F8311-LeaderElection230] INFO  server.RaftServer$Division (RaftServerImpl.java:setRole(371)) - s0@group-E264CA5F8311: changes role from CANDIDATE to FOLLOWER at term 1 for REJECTED
2023-08-18 03:37:04,013 [s0@group-E264CA5F8311-LeaderElection230] INFO  impl.RoleInfo (RoleInfo.java:shutdownLeaderElection(129)) - s0: shutdown s0@group-E264CA5F8311-LeaderElection230
2023-08-18 03:37:04,013 [s0@group-E264CA5F8311-LeaderElection230] INFO  impl.RoleInfo (RoleInfo.java:updateAndGet(138)) - s0: start s0@group-E264CA5F8311-FollowerState
2023-08-18 03:37:04,045 [s2-server-thread1] INFO  server.RaftServer$Division (RaftServerImpl.java:setConfigurationAsync(1238)) - s2@group-E264CA5F8311: receive setConfiguration SetConfigurationRequest:client-255CF6B0DA3F->s2@group-E264CA5F8311, cid=386, seq=0, RW, null, SET_UNCONDITIONALLY, servers:[s1|rpc:0.0.0.0:34459|dataStream:|priority:0|startupRole:FOLLOWER, s2|rpc:0.0.0.0:43137|dataStream:|priority:0|startupRole:FOLLOWER, s0|rpc:localhost:39295|admin:localhost:44843|client:localhost:40991|dataStream:localhost:40677|priority:0|startupRole:FOLLOWER], listeners:[]
2023-08-18 03:37:04,150 [s1-server-thread1] INFO  server.RaftServer$Division (RaftServerImpl.java:setConfigurationAsync(1238)) - s1@group-E264CA5F8311: receive setConfiguration SetConfigurationRequest:client-255CF6B0DA3F->s1@group-E264CA5F8311, cid=386, seq=0, RW, null, SET_UNCONDITIONALLY, servers:[s1|rpc:0.0.0.0:34459|dataStream:|priority:0|startupRole:FOLLOWER, s2|rpc:0.0.0.0:43137|dataStream:|priority:0|startupRole:FOLLOWER, s0|rpc:localhost:39295|admin:localhost:44843|client:localhost:40991|dataStream:localhost:40677|priority:0|startupRole:FOLLOWER], listeners:[]
2023-08-18 03:37:04,254 [s0-server-thread1] INFO  server.RaftServer$Division (RaftServerImpl.java:setConfigurationAsync(1238)) - s0@group-E264CA5F8311: receive setConfiguration SetConfigurationRequest:client-255CF6B0DA3F->s0@group-E264CA5F8311, cid=386, seq=0, RW, null, SET_UNCONDITIONALLY, servers:[s1|rpc:0.0.0.0:34459|dataStream:|priority:0|startupRole:FOLLOWER, s2|rpc:0.0.0.0:43137|dataStream:|priority:0|startupRole:FOLLOWER, s0|rpc:localhost:39295|admin:localhost:44843|client:localhost:40991|dataStream:localhost:40677|priority:0|startupRole:FOLLOWER], listeners:[]
2023-08-18 03:37:04,281 [s0@group-E264CA5F8311-FollowerState] INFO  impl.FollowerState (FollowerState.java:run(143)) - s0@group-E264CA5F8311-FollowerState: change to CANDIDATE, lastRpcElapsedTime:267244213ns, electionTimeout:267ms
2023-08-18 03:37:04,281 [s0@group-E264CA5F8311-FollowerState] INFO  impl.RoleInfo (RoleInfo.java:shutdownFollowerState(109)) - s0: shutdown s0@group-E264CA5F8311-FollowerState
2023-08-18 03:37:04,281 [s0@group-E264CA5F8311-FollowerState] INFO  server.RaftServer$Division (RaftServerImpl.java:setRole(371)) - s0@group-E264CA5F8311: changes role from  FOLLOWER to CANDIDATE at term 1 for changeToCandidate
2023-08-18 03:37:04,281 [s0@group-E264CA5F8311-FollowerState] INFO  impl.SimpleStateMachine4Testing (SimpleStateMachine4Testing.java:notifyExtendedNoLeader(411)) - StateMachineWithMultiNestedSnapshotFile:s0:group-E264CA5F8311: notifyExtendedNoLeader group-E264CA5F8311, self {
  id: "s0"
  address: "localhost:39295"
  dataStreamAddress: "localhost:40677"
  clientAddress: "localhost:40991"
  adminAddress: "localhost:44843"
  startupRole: FOLLOWER
}
role: CANDIDATE
candidateInfo {
  lastLeaderElapsedTimeMs: 62565
}

2023-08-18 03:37:04,281 [s0@group-E264CA5F8311-FollowerState] INFO  server.RaftServerConfigKeys (ConfUtils.java:logGet(46)) - raft.server.leaderelection.pre-vote = true (default)
2023-08-18 03:37:04,281 [s0@group-E264CA5F8311-FollowerState] INFO  impl.RoleInfo (RoleInfo.java:updateAndGet(138)) - s0: start s0@group-E264CA5F8311-LeaderElection231
2023-08-18 03:37:04,281 [s0@group-E264CA5F8311-LeaderElection231] INFO  impl.LeaderElection (LeaderElection.java:askForVotes(320)) - s0@group-E264CA5F8311-LeaderElection231 PRE_VOTE round 0: submit vote requests at term 1 for 255: peers:[s0|rpc:localhost:39295|admin:localhost:44843|client:localhost:40991|dataStream:localhost:40677|priority:0|startupRole:FOLLOWER, s1|rpc:0.0.0.0:34459|dataStream:|priority:0|startupRole:FOLLOWER, s2|rpc:0.0.0.0:43137|dataStream:|priority:0|startupRole:FOLLOWER]|listeners:[], old=peers:[s0|rpc:localhost:39295|admin:localhost:44843|client:localhost:40991|dataStream:localhost:40677|priority:0|startupRole:FOLLOWER]|listeners:[]
2023-08-18 03:37:04,282 [grpc-default-executor-3] INFO  server.RaftServer$Division (RaftServerImpl.java:requestVote(1344)) - s1@group-E264CA5F8311: receive requestVote(PRE_VOTE, s0, group-E264CA5F8311, 1, (t:1, i:255))
2023-08-18 03:37:04,282 [grpc-default-executor-0] INFO  server.RaftServer$Division (RaftServerImpl.java:requestVote(1344)) - s2@group-E264CA5F8311: receive requestVote(PRE_VOTE, s0, group-E264CA5F8311, 1, (t:1, i:255))
2023-08-18 03:37:04,282 [grpc-default-executor-3] WARN  server.GrpcServerProtocolService (LogUtils.java:warn(122)) - s1: Failed requestVote s0->s1#0: org.apache.ratis.protocol.exceptions.ServerNotReadyException: s1@group-E264CA5F8311 is not in [RUNNING]: current state is STARTING
2023-08-18 03:37:04,282 [grpc-default-executor-0] WARN  server.GrpcServerProtocolService (LogUtils.java:warn(122)) - s2: Failed requestVote s0->s2#0: org.apache.ratis.protocol.exceptions.ServerNotReadyException: s2@group-E264CA5F8311 is not in [RUNNING]: current state is STARTING
2023-08-18 03:37:04,283 [s0@group-E264CA5F8311-LeaderElection231] INFO  impl.LeaderElection (LogUtils.java:infoOrTrace(137)) - s0@group-E264CA5F8311-LeaderElection231 got exception when requesting votes: java.util.concurrent.ExecutionException: org.apache.ratis.thirdparty.io.grpc.StatusRuntimeException: INTERNAL: s2@group-E264CA5F8311 is not in [RUNNING]: current state is STARTING
2023-08-18 03:37:04,283 [s0@group-E264CA5F8311-LeaderElection231] INFO  impl.LeaderElection (LogUtils.java:infoOrTrace(137)) - s0@group-E264CA5F8311-LeaderElection231 got exception when requesting votes: java.util.concurrent.ExecutionException: org.apache.ratis.thirdparty.io.grpc.StatusRuntimeException: INTERNAL: s1@group-E264CA5F8311 is not in [RUNNING]: current state is STARTING
2023-08-18 03:37:04,283 [s0@group-E264CA5F8311-LeaderElection231] INFO  impl.LeaderElection (LeaderElection.java:logAndReturn(89)) - s0@group-E264CA5F8311-LeaderElection231: PRE_VOTE REJECTED received 0 response(s) and 2 exception(s):
2023-08-18 03:37:04,283 [s0@group-E264CA5F8311-LeaderElection231] INFO  impl.LeaderElection (LogUtils.java:infoOrTrace(137)) -   Exception 0: java.util.concurrent.ExecutionException: org.apache.ratis.thirdparty.io.grpc.StatusRuntimeException: INTERNAL: s2@group-E264CA5F8311 is not in [RUNNING]: current state is STARTING
2023-08-18 03:37:04,283 [s0@group-E264CA5F8311-LeaderElection231] INFO  impl.LeaderElection (LogUtils.java:infoOrTrace(137)) -   Exception 1: java.util.concurrent.ExecutionException: org.apache.ratis.thirdparty.io.grpc.StatusRuntimeException: INTERNAL: s1@group-E264CA5F8311 is not in [RUNNING]: current state is STARTING
2023-08-18 03:37:04,283 [s0@group-E264CA5F8311-LeaderElection231] INFO  impl.LeaderElection (LeaderElection.java:askForVotes(322)) - s0@group-E264CA5F8311-LeaderElection231 PRE_VOTE round 0: result REJECTED
2023-08-18 03:37:04,283 [s0@group-E264CA5F8311-LeaderElection231] INFO  server.RaftServer$Division (RaftServerImpl.java:setRole(371)) - s0@group-E264CA5F8311: changes role from CANDIDATE to FOLLOWER at term 1 for REJECTED
2023-08-18 03:37:04,283 [s0@group-E264CA5F8311-LeaderElection231] INFO  impl.RoleInfo (RoleInfo.java:shutdownLeaderElection(129)) - s0: shutdown s0@group-E264CA5F8311-LeaderElection231
2023-08-18 03:37:04,283 [s0@group-E264CA5F8311-LeaderElection231] INFO  impl.RoleInfo (RoleInfo.java:updateAndGet(138)) - s0: start s0@group-E264CA5F8311-FollowerState
2023-08-18 03:37:04,357 [s2-server-thread1] INFO  server.RaftServer$Division (RaftServerImpl.java:setConfigurationAsync(1238)) - s2@group-E264CA5F8311: receive setConfiguration SetConfigurationRequest:client-255CF6B0DA3F->s2@group-E264CA5F8311, cid=386, seq=0, RW, null, SET_UNCONDITIONALLY, servers:[s1|rpc:0.0.0.0:34459|dataStream:|priority:0|startupRole:FOLLOWER, s2|rpc:0.0.0.0:43137|dataStream:|priority:0|startupRole:FOLLOWER, s0|rpc:localhost:39295|admin:localhost:44843|client:localhost:40991|dataStream:localhost:40677|priority:0|startupRole:FOLLOWER], listeners:[]
2023-08-18 03:37:04,440 [s0@group-E264CA5F8311-FollowerState] INFO  impl.FollowerState (FollowerState.java:run(143)) - s0@group-E264CA5F8311-FollowerState: change to CANDIDATE, lastRpcElapsedTime:157277172ns, electionTimeout:157ms
2023-08-18 03:37:04,440 [s0@group-E264CA5F8311-FollowerState] INFO  impl.RoleInfo (RoleInfo.java:shutdownFollowerState(109)) - s0: shutdown s0@group-E264CA5F8311-FollowerState
2023-08-18 03:37:04,440 [s0@group-E264CA5F8311-FollowerState] INFO  server.RaftServer$Division (RaftServerImpl.java:setRole(371)) - s0@group-E264CA5F8311: changes role from  FOLLOWER to CANDIDATE at term 1 for changeToCandidate
2023-08-18 03:37:04,441 [s0@group-E264CA5F8311-FollowerState] INFO  impl.SimpleStateMachine4Testing (SimpleStateMachine4Testing.java:notifyExtendedNoLeader(411)) - StateMachineWithMultiNestedSnapshotFile:s0:group-E264CA5F8311: notifyExtendedNoLeader group-E264CA5F8311, self {
  id: "s0"
  address: "localhost:39295"
  dataStreamAddress: "localhost:40677"
  clientAddress: "localhost:40991"
  adminAddress: "localhost:44843"
  startupRole: FOLLOWER
}
role: CANDIDATE
candidateInfo {
  lastLeaderElapsedTimeMs: 62724
}

2023-08-18 03:37:04,441 [s0@group-E264CA5F8311-FollowerState] INFO  server.RaftServerConfigKeys (ConfUtils.java:logGet(46)) - raft.server.leaderelection.pre-vote = true (default)
2023-08-18 03:37:04,441 [s0@group-E264CA5F8311-FollowerState] INFO  impl.RoleInfo (RoleInfo.java:updateAndGet(138)) - s0: start s0@group-E264CA5F8311-LeaderElection232
2023-08-18 03:37:04,441 [s0@group-E264CA5F8311-LeaderElection232] INFO  impl.LeaderElection (LeaderElection.java:askForVotes(320)) - s0@group-E264CA5F8311-LeaderElection232 PRE_VOTE round 0: submit vote requests at term 1 for 255: peers:[s0|rpc:localhost:39295|admin:localhost:44843|client:localhost:40991|dataStream:localhost:40677|priority:0|startupRole:FOLLOWER, s1|rpc:0.0.0.0:34459|dataStream:|priority:0|startupRole:FOLLOWER, s2|rpc:0.0.0.0:43137|dataStream:|priority:0|startupRole:FOLLOWER]|listeners:[], old=peers:[s0|rpc:localhost:39295|admin:localhost:44843|client:localhost:40991|dataStream:localhost:40677|priority:0|startupRole:FOLLOWER]|listeners:[]
2023-08-18 03:37:04,442 [grpc-default-executor-3] INFO  server.RaftServer$Division (RaftServerImpl.java:requestVote(1344)) - s1@group-E264CA5F8311: receive requestVote(PRE_VOTE, s0, group-E264CA5F8311, 1, (t:1, i:255))
2023-08-18 03:37:04,442 [grpc-default-executor-3] WARN  server.GrpcServerProtocolService (LogUtils.java:warn(122)) - s1: Failed requestVote s0->s1#0: org.apache.ratis.protocol.exceptions.ServerNotReadyException: s1@group-E264CA5F8311 is not in [RUNNING]: current state is STARTING
2023-08-18 03:37:04,442 [s0@group-E264CA5F8311-LeaderElection232] INFO  impl.LeaderElection (LogUtils.java:infoOrTrace(137)) - s0@group-E264CA5F8311-LeaderElection232 got exception when requesting votes: java.util.concurrent.ExecutionException: org.apache.ratis.thirdparty.io.grpc.StatusRuntimeException: INTERNAL: s1@group-E264CA5F8311 is not in [RUNNING]: current state is STARTING
2023-08-18 03:37:04,442 [grpc-default-executor-0] INFO  server.RaftServer$Division (RaftServerImpl.java:requestVote(1344)) - s2@group-E264CA5F8311: receive requestVote(PRE_VOTE, s0, group-E264CA5F8311, 1, (t:1, i:255))
2023-08-18 03:37:04,442 [grpc-default-executor-0] WARN  server.GrpcServerProtocolService (LogUtils.java:warn(122)) - s2: Failed requestVote s0->s2#0: org.apache.ratis.protocol.exceptions.ServerNotReadyException: s2@group-E264CA5F8311 is not in [RUNNING]: current state is STARTING
2023-08-18 03:37:04,443 [s0@group-E264CA5F8311-LeaderElection232] INFO  impl.LeaderElection (LogUtils.java:infoOrTrace(137)) - s0@group-E264CA5F8311-LeaderElection232 got exception when requesting votes: java.util.concurrent.ExecutionException: org.apache.ratis.thirdparty.io.grpc.StatusRuntimeException: INTERNAL: s2@group-E264CA5F8311 is not in [RUNNING]: current state is STARTING
2023-08-18 03:37:04,443 [s0@group-E264CA5F8311-LeaderElection232] INFO  impl.LeaderElection (LeaderElection.java:logAndReturn(89)) - s0@group-E264CA5F8311-LeaderElection232: PRE_VOTE REJECTED received 0 response(s) and 2 exception(s):
2023-08-18 03:37:04,443 [s0@group-E264CA5F8311-LeaderElection232] INFO  impl.LeaderElection (LogUtils.java:infoOrTrace(137)) -   Exception 0: java.util.concurrent.ExecutionException: org.apache.ratis.thirdparty.io.grpc.StatusRuntimeException: INTERNAL: s1@group-E264CA5F8311 is not in [RUNNING]: current state is STARTING
2023-08-18 03:37:04,443 [s0@group-E264CA5F8311-LeaderElection232] INFO  impl.LeaderElection (LogUtils.java:infoOrTrace(137)) -   Exception 1: java.util.concurrent.ExecutionException: org.apache.ratis.thirdparty.io.grpc.StatusRuntimeException: INTERNAL: s2@group-E264CA5F8311 is not in [RUNNING]: current state is STARTING
2023-08-18 03:37:04,443 [s0@group-E264CA5F8311-LeaderElection232] INFO  impl.LeaderElection (LeaderElection.java:askForVotes(322)) - s0@group-E264CA5F8311-LeaderElection232 PRE_VOTE round 0: result REJECTED
2023-08-18 03:37:04,443 [s0@group-E264CA5F8311-LeaderElection232] INFO  server.RaftServer$Division (RaftServerImpl.java:setRole(371)) - s0@group-E264CA5F8311: changes role from CANDIDATE to FOLLOWER at term 1 for REJECTED
2023-08-18 03:37:04,443 [s0@group-E264CA5F8311-LeaderElection232] INFO  impl.RoleInfo (RoleInfo.java:shutdownLeaderElection(129)) - s0: shutdown s0@group-E264CA5F8311-LeaderElection232
2023-08-18 03:37:04,443 [s0@group-E264CA5F8311-LeaderElection232] INFO  impl.RoleInfo (RoleInfo.java:updateAndGet(138)) - s0: start s0@group-E264CA5F8311-FollowerState
2023-08-18 03:37:04,460 [s0-server-thread1] INFO  server.RaftServer$Division (RaftServerImpl.java:setConfigurationAsync(1238)) - s0@group-E264CA5F8311: receive setConfiguration SetConfigurationRequest:client-255CF6B0DA3F->s0@group-E264CA5F8311, cid=386, seq=0, RW, null, SET_UNCONDITIONALLY, servers:[s1|rpc:0.0.0.0:34459|dataStream:|priority:0|startupRole:FOLLOWER, s2|rpc:0.0.0.0:43137|dataStream:|priority:0|startupRole:FOLLOWER, s0|rpc:localhost:39295|admin:localhost:44843|client:localhost:40991|dataStream:localhost:40677|priority:0|startupRole:FOLLOWER], listeners:[]
2023-08-18 03:37:04,570 [s1-server-thread1] INFO  server.RaftServer$Division (RaftServerImpl.java:setConfigurationAsync(1238)) - s1@group-E264CA5F8311: receive setConfiguration SetConfigurationRequest:client-255CF6B0DA3F->s1@group-E264CA5F8311, cid=386, seq=0, RW, null, SET_UNCONDITIONALLY, servers:[s1|rpc:0.0.0.0:34459|dataStream:|priority:0|startupRole:FOLLOWER, s2|rpc:0.0.0.0:43137|dataStream:|priority:0|startupRole:FOLLOWER, s0|rpc:localhost:39295|admin:localhost:44843|client:localhost:40991|dataStream:localhost:40677|priority:0|startupRole:FOLLOWER], listeners:[]
2023-08-18 03:37:04,660 [s0@group-E264CA5F8311-FollowerState] INFO  impl.FollowerState (FollowerState.java:run(143)) - s0@group-E264CA5F8311-FollowerState: change to CANDIDATE, lastRpcElapsedTime:217358567ns, electionTimeout:217ms
2023-08-18 03:37:04,660 [s0@group-E264CA5F8311-FollowerState] INFO  impl.RoleInfo (RoleInfo.java:shutdownFollowerState(109)) - s0: shutdown s0@group-E264CA5F8311-FollowerState
2023-08-18 03:37:04,660 [s0@group-E264CA5F8311-FollowerState] INFO  server.RaftServer$Division (RaftServerImpl.java:setRole(371)) - s0@group-E264CA5F8311: changes role from  FOLLOWER to CANDIDATE at term 1 for changeToCandidate
2023-08-18 03:37:04,661 [s0@group-E264CA5F8311-FollowerState] INFO  impl.SimpleStateMachine4Testing (SimpleStateMachine4Testing.java:notifyExtendedNoLeader(411)) - StateMachineWithMultiNestedSnapshotFile:s0:group-E264CA5F8311: notifyExtendedNoLeader group-E264CA5F8311, self {
  id: "s0"
  address: "localhost:39295"
  dataStreamAddress: "localhost:40677"
  clientAddress: "localhost:40991"
  adminAddress: "localhost:44843"
  startupRole: FOLLOWER
}
role: CANDIDATE
candidateInfo {
  lastLeaderElapsedTimeMs: 62944
}

2023-08-18 03:37:04,661 [s0@group-E264CA5F8311-FollowerState] INFO  server.RaftServerConfigKeys (ConfUtils.java:logGet(46)) - raft.server.leaderelection.pre-vote = true (default)
2023-08-18 03:37:04,661 [s0@group-E264CA5F8311-FollowerState] INFO  impl.RoleInfo (RoleInfo.java:updateAndGet(138)) - s0: start s0@group-E264CA5F8311-LeaderElection233
2023-08-18 03:37:04,661 [s0@group-E264CA5F8311-LeaderElection233] INFO  impl.LeaderElection (LeaderElection.java:askForVotes(320)) - s0@group-E264CA5F8311-LeaderElection233 PRE_VOTE round 0: submit vote requests at term 1 for 255: peers:[s0|rpc:localhost:39295|admin:localhost:44843|client:localhost:40991|dataStream:localhost:40677|priority:0|startupRole:FOLLOWER, s1|rpc:0.0.0.0:34459|dataStream:|priority:0|startupRole:FOLLOWER, s2|rpc:0.0.0.0:43137|dataStream:|priority:0|startupRole:FOLLOWER]|listeners:[], old=peers:[s0|rpc:localhost:39295|admin:localhost:44843|client:localhost:40991|dataStream:localhost:40677|priority:0|startupRole:FOLLOWER]|listeners:[]
2023-08-18 03:37:04,662 [grpc-default-executor-0] INFO  server.RaftServer$Division (RaftServerImpl.java:requestVote(1344)) - s1@group-E264CA5F8311: receive requestVote(PRE_VOTE, s0, group-E264CA5F8311, 1, (t:1, i:255))
2023-08-18 03:37:04,662 [grpc-default-executor-3] INFO  server.RaftServer$Division (RaftServerImpl.java:requestVote(1344)) - s2@group-E264CA5F8311: receive requestVote(PRE_VOTE, s0, group-E264CA5F8311, 1, (t:1, i:255))
2023-08-18 03:37:04,662 [grpc-default-executor-0] WARN  server.GrpcServerProtocolService (LogUtils.java:warn(122)) - s1: Failed requestVote s0->s1#0: org.apache.ratis.protocol.exceptions.ServerNotReadyException: s1@group-E264CA5F8311 is not in [RUNNING]: current state is STARTING
2023-08-18 03:37:04,662 [grpc-default-executor-3] WARN  server.GrpcServerProtocolService (LogUtils.java:warn(122)) - s2: Failed requestVote s0->s2#0: org.apache.ratis.protocol.exceptions.ServerNotReadyException: s2@group-E264CA5F8311 is not in [RUNNING]: current state is STARTING
2023-08-18 03:37:04,662 [s0@group-E264CA5F8311-LeaderElection233] INFO  impl.LeaderElection (LogUtils.java:infoOrTrace(137)) - s0@group-E264CA5F8311-LeaderElection233 got exception when requesting votes: java.util.concurrent.ExecutionException: org.apache.ratis.thirdparty.io.grpc.StatusRuntimeException: INTERNAL: s1@group-E264CA5F8311 is not in [RUNNING]: current state is STARTING
2023-08-18 03:37:04,662 [s0@group-E264CA5F8311-LeaderElection233] INFO  impl.LeaderElection (LogUtils.java:infoOrTrace(137)) - s0@group-E264CA5F8311-LeaderElection233 got exception when requesting votes: java.util.concurrent.ExecutionException: org.apache.ratis.thirdparty.io.grpc.StatusRuntimeException: INTERNAL: s2@group-E264CA5F8311 is not in [RUNNING]: current state is STARTING
2023-08-18 03:37:04,662 [s0@group-E264CA5F8311-LeaderElection233] INFO  impl.LeaderElection (LeaderElection.java:logAndReturn(89)) - s0@group-E264CA5F8311-LeaderElection233: PRE_VOTE REJECTED received 0 response(s) and 2 exception(s):
2023-08-18 03:37:04,662 [s0@group-E264CA5F8311-LeaderElection233] INFO  impl.LeaderElection (LogUtils.java:infoOrTrace(137)) -   Exception 0: java.util.concurrent.ExecutionException: org.apache.ratis.thirdparty.io.grpc.StatusRuntimeException: INTERNAL: s1@group-E264CA5F8311 is not in [RUNNING]: current state is STARTING
2023-08-18 03:37:04,662 [s0@group-E264CA5F8311-LeaderElection233] INFO  impl.LeaderElection (LogUtils.java:infoOrTrace(137)) -   Exception 1: java.util.concurrent.ExecutionException: org.apache.ratis.thirdparty.io.grpc.StatusRuntimeException: INTERNAL: s2@group-E264CA5F8311 is not in [RUNNING]: current state is STARTING
2023-08-18 03:37:04,662 [s0@group-E264CA5F8311-LeaderElection233] INFO  impl.LeaderElection (LeaderElection.java:askForVotes(322)) - s0@group-E264CA5F8311-LeaderElection233 PRE_VOTE round 0: result REJECTED
2023-08-18 03:37:04,663 [s0@group-E264CA5F8311-LeaderElection233] INFO  server.RaftServer$Division (RaftServerImpl.java:setRole(371)) - s0@group-E264CA5F8311: changes role from CANDIDATE to FOLLOWER at term 1 for REJECTED
2023-08-18 03:37:04,663 [s0@group-E264CA5F8311-LeaderElection233] INFO  impl.RoleInfo (RoleInfo.java:shutdownLeaderElection(129)) - s0: shutdown s0@group-E264CA5F8311-LeaderElection233
2023-08-18 03:37:04,663 [s0@group-E264CA5F8311-LeaderElection233] INFO  impl.RoleInfo (RoleInfo.java:updateAndGet(138)) - s0: start s0@group-E264CA5F8311-FollowerState
2023-08-18 03:37:04,674 [s2-server-thread1] INFO  server.RaftServer$Division (RaftServerImpl.java:setConfigurationAsync(1238)) - s2@group-E264CA5F8311: receive setConfiguration SetConfigurationRequest:client-255CF6B0DA3F->s2@group-E264CA5F8311, cid=386, seq=0, RW, null, SET_UNCONDITIONALLY, servers:[s1|rpc:0.0.0.0:34459|dataStream:|priority:0|startupRole:FOLLOWER, s2|rpc:0.0.0.0:43137|dataStream:|priority:0|startupRole:FOLLOWER, s0|rpc:localhost:39295|admin:localhost:44843|client:localhost:40991|dataStream:localhost:40677|priority:0|startupRole:FOLLOWER], listeners:[]
2023-08-18 03:37:04,778 [s0-server-thread1] INFO  server.RaftServer$Division (RaftServerImpl.java:setConfigurationAsync(1238)) - s0@group-E264CA5F8311: receive setConfiguration SetConfigurationRequest:client-255CF6B0DA3F->s0@group-E264CA5F8311, cid=386, seq=0, RW, null, SET_UNCONDITIONALLY, servers:[s1|rpc:0.0.0.0:34459|dataStream:|priority:0|startupRole:FOLLOWER, s2|rpc:0.0.0.0:43137|dataStream:|priority:0|startupRole:FOLLOWER, s0|rpc:localhost:39295|admin:localhost:44843|client:localhost:40991|dataStream:localhost:40677|priority:0|startupRole:FOLLOWER], listeners:[]
2023-08-18 03:37:04,881 [s0@group-E264CA5F8311-FollowerState] INFO  impl.FollowerState (FollowerState.java:run(143)) - s0@group-E264CA5F8311-FollowerState: change to CANDIDATE, lastRpcElapsedTime:218311533ns, electionTimeout:218ms
2023-08-18 03:37:04,881 [s0@group-E264CA5F8311-FollowerState] INFO  impl.RoleInfo (RoleInfo.java:shutdownFollowerState(109)) - s0: shutdown s0@group-E264CA5F8311-FollowerState
2023-08-18 03:37:04,881 [s0@group-E264CA5F8311-FollowerState] INFO  server.RaftServer$Division (RaftServerImpl.java:setRole(371)) - s0@group-E264CA5F8311: changes role from  FOLLOWER to CANDIDATE at term 1 for changeToCandidate
2023-08-18 03:37:04,881 [s0@group-E264CA5F8311-FollowerState] INFO  impl.SimpleStateMachine4Testing (SimpleStateMachine4Testing.java:notifyExtendedNoLeader(411)) - StateMachineWithMultiNestedSnapshotFile:s0:group-E264CA5F8311: notifyExtendedNoLeader group-E264CA5F8311, self {
  id: "s0"
  address: "localhost:39295"
  dataStreamAddress: "localhost:40677"
  clientAddress: "localhost:40991"
  adminAddress: "localhost:44843"
  startupRole: FOLLOWER
}
role: CANDIDATE
candidateInfo {
  lastLeaderElapsedTimeMs: 63165
}

2023-08-18 03:37:04,881 [s0@group-E264CA5F8311-FollowerState] INFO  server.RaftServerConfigKeys (ConfUtils.java:logGet(46)) - raft.server.leaderelection.pre-vote = true (default)
2023-08-18 03:37:04,881 [s0@group-E264CA5F8311-FollowerState] INFO  impl.RoleInfo (RoleInfo.java:updateAndGet(138)) - s0: start s0@group-E264CA5F8311-LeaderElection234
2023-08-18 03:37:04,881 [s1-server-thread1] INFO  server.RaftServer$Division (RaftServerImpl.java:setConfigurationAsync(1238)) - s1@group-E264CA5F8311: receive setConfiguration SetConfigurationRequest:client-255CF6B0DA3F->s1@group-E264CA5F8311, cid=386, seq=0, RW, null, SET_UNCONDITIONALLY, servers:[s1|rpc:0.0.0.0:34459|dataStream:|priority:0|startupRole:FOLLOWER, s2|rpc:0.0.0.0:43137|dataStream:|priority:0|startupRole:FOLLOWER, s0|rpc:localhost:39295|admin:localhost:44843|client:localhost:40991|dataStream:localhost:40677|priority:0|startupRole:FOLLOWER], listeners:[]
2023-08-18 03:37:04,882 [s0@group-E264CA5F8311-LeaderElection234] INFO  impl.LeaderElection (LeaderElection.java:askForVotes(320)) - s0@group-E264CA5F8311-LeaderElection234 PRE_VOTE round 0: submit vote requests at term 1 for 255: peers:[s0|rpc:localhost:39295|admin:localhost:44843|client:localhost:40991|dataStream:localhost:40677|priority:0|startupRole:FOLLOWER, s1|rpc:0.0.0.0:34459|dataStream:|priority:0|startupRole:FOLLOWER, s2|rpc:0.0.0.0:43137|dataStream:|priority:0|startupRole:FOLLOWER]|listeners:[], old=peers:[s0|rpc:localhost:39295|admin:localhost:44843|client:localhost:40991|dataStream:localhost:40677|priority:0|startupRole:FOLLOWER]|listeners:[]
2023-08-18 03:37:04,883 [grpc-default-executor-3] INFO  server.RaftServer$Division (RaftServerImpl.java:requestVote(1344)) - s1@group-E264CA5F8311: receive requestVote(PRE_VOTE, s0, group-E264CA5F8311, 1, (t:1, i:255))
2023-08-18 03:37:04,883 [grpc-default-executor-0] INFO  server.RaftServer$Division (RaftServerImpl.java:requestVote(1344)) - s2@group-E264CA5F8311: receive requestVote(PRE_VOTE, s0, group-E264CA5F8311, 1, (t:1, i:255))
2023-08-18 03:37:04,883 [grpc-default-executor-0] WARN  server.GrpcServerProtocolService (LogUtils.java:warn(122)) - s2: Failed requestVote s0->s2#0: org.apache.ratis.protocol.exceptions.ServerNotReadyException: s2@group-E264CA5F8311 is not in [RUNNING]: current state is STARTING
2023-08-18 03:37:04,883 [grpc-default-executor-3] WARN  server.GrpcServerProtocolService (LogUtils.java:warn(122)) - s1: Failed requestVote s0->s1#0: org.apache.ratis.protocol.exceptions.ServerNotReadyException: s1@group-E264CA5F8311 is not in [RUNNING]: current state is STARTING
2023-08-18 03:37:04,884 [s0@group-E264CA5F8311-LeaderElection234] INFO  impl.LeaderElection (LogUtils.java:infoOrTrace(137)) - s0@group-E264CA5F8311-LeaderElection234 got exception when requesting votes: java.util.concurrent.ExecutionException: org.apache.ratis.thirdparty.io.grpc.StatusRuntimeException: INTERNAL: s1@group-E264CA5F8311 is not in [RUNNING]: current state is STARTING
2023-08-18 03:37:04,884 [s0@group-E264CA5F8311-LeaderElection234] INFO  impl.LeaderElection (LogUtils.java:infoOrTrace(137)) - s0@group-E264CA5F8311-LeaderElection234 got exception when requesting votes: java.util.concurrent.ExecutionException: org.apache.ratis.thirdparty.io.grpc.StatusRuntimeException: INTERNAL: s2@group-E264CA5F8311 is not in [RUNNING]: current state is STARTING
2023-08-18 03:37:04,884 [s0@group-E264CA5F8311-LeaderElection234] INFO  impl.LeaderElection (LeaderElection.java:logAndReturn(89)) - s0@group-E264CA5F8311-LeaderElection234: PRE_VOTE REJECTED received 0 response(s) and 2 exception(s):
2023-08-18 03:37:04,884 [s0@group-E264CA5F8311-LeaderElection234] INFO  impl.LeaderElection (LogUtils.java:infoOrTrace(137)) -   Exception 0: java.util.concurrent.ExecutionException: org.apache.ratis.thirdparty.io.grpc.StatusRuntimeException: INTERNAL: s1@group-E264CA5F8311 is not in [RUNNING]: current state is STARTING
2023-08-18 03:37:04,884 [s0@group-E264CA5F8311-LeaderElection234] INFO  impl.LeaderElection (LogUtils.java:infoOrTrace(137)) -   Exception 1: java.util.concurrent.ExecutionException: org.apache.ratis.thirdparty.io.grpc.StatusRuntimeException: INTERNAL: s2@group-E264CA5F8311 is not in [RUNNING]: current state is STARTING
2023-08-18 03:37:04,884 [s0@group-E264CA5F8311-LeaderElection234] INFO  impl.LeaderElection (LeaderElection.java:askForVotes(322)) - s0@group-E264CA5F8311-LeaderElection234 PRE_VOTE round 0: result REJECTED
2023-08-18 03:37:04,884 [s0@group-E264CA5F8311-LeaderElection234] INFO  server.RaftServer$Division (RaftServerImpl.java:setRole(371)) - s0@group-E264CA5F8311: changes role from CANDIDATE to FOLLOWER at term 1 for REJECTED
2023-08-18 03:37:04,884 [s0@group-E264CA5F8311-LeaderElection234] INFO  impl.RoleInfo (RoleInfo.java:shutdownLeaderElection(129)) - s0: shutdown s0@group-E264CA5F8311-LeaderElection234
2023-08-18 03:37:04,884 [s0@group-E264CA5F8311-LeaderElection234] INFO  impl.RoleInfo (RoleInfo.java:updateAndGet(138)) - s0: start s0@group-E264CA5F8311-FollowerState
2023-08-18 03:37:04,985 [s0-server-thread1] INFO  server.RaftServer$Division (RaftServerImpl.java:setConfigurationAsync(1238)) - s0@group-E264CA5F8311: receive setConfiguration SetConfigurationRequest:client-255CF6B0DA3F->s0@group-E264CA5F8311, cid=386, seq=0, RW, null, SET_UNCONDITIONALLY, servers:[s1|rpc:0.0.0.0:34459|dataStream:|priority:0|startupRole:FOLLOWER, s2|rpc:0.0.0.0:43137|dataStream:|priority:0|startupRole:FOLLOWER, s0|rpc:localhost:39295|admin:localhost:44843|client:localhost:40991|dataStream:localhost:40677|priority:0|startupRole:FOLLOWER], listeners:[]
2023-08-18 03:37:05,088 [s1-server-thread1] INFO  server.RaftServer$Division (RaftServerImpl.java:setConfigurationAsync(1238)) - s1@group-E264CA5F8311: receive setConfiguration SetConfigurationRequest:client-255CF6B0DA3F->s1@group-E264CA5F8311, cid=386, seq=0, RW, null, SET_UNCONDITIONALLY, servers:[s1|rpc:0.0.0.0:34459|dataStream:|priority:0|startupRole:FOLLOWER, s2|rpc:0.0.0.0:43137|dataStream:|priority:0|startupRole:FOLLOWER, s0|rpc:localhost:39295|admin:localhost:44843|client:localhost:40991|dataStream:localhost:40677|priority:0|startupRole:FOLLOWER], listeners:[]
2023-08-18 03:37:05,177 [s0@group-E264CA5F8311-FollowerState] INFO  impl.FollowerState (FollowerState.java:run(143)) - s0@group-E264CA5F8311-FollowerState: change to CANDIDATE, lastRpcElapsedTime:293284930ns, electionTimeout:293ms
2023-08-18 03:37:05,177 [s0@group-E264CA5F8311-FollowerState] INFO  impl.RoleInfo (RoleInfo.java:shutdownFollowerState(109)) - s0: shutdown s0@group-E264CA5F8311-FollowerState
2023-08-18 03:37:05,177 [s0@group-E264CA5F8311-FollowerState] INFO  server.RaftServer$Division (RaftServerImpl.java:setRole(371)) - s0@group-E264CA5F8311: changes role from  FOLLOWER to CANDIDATE at term 1 for changeToCandidate
2023-08-18 03:37:05,178 [s0@group-E264CA5F8311-FollowerState] INFO  impl.SimpleStateMachine4Testing (SimpleStateMachine4Testing.java:notifyExtendedNoLeader(411)) - StateMachineWithMultiNestedSnapshotFile:s0:group-E264CA5F8311: notifyExtendedNoLeader group-E264CA5F8311, self {
  id: "s0"
  address: "localhost:39295"
  dataStreamAddress: "localhost:40677"
  clientAddress: "localhost:40991"
  adminAddress: "localhost:44843"
  startupRole: FOLLOWER
}
role: CANDIDATE
candidateInfo {
  lastLeaderElapsedTimeMs: 63461
}

2023-08-18 03:37:05,178 [s0@group-E264CA5F8311-FollowerState] INFO  server.RaftServerConfigKeys (ConfUtils.java:logGet(46)) - raft.server.leaderelection.pre-vote = true (default)
2023-08-18 03:37:05,178 [s0@group-E264CA5F8311-FollowerState] INFO  impl.RoleInfo (RoleInfo.java:updateAndGet(138)) - s0: start s0@group-E264CA5F8311-LeaderElection235
2023-08-18 03:37:05,178 [s0@group-E264CA5F8311-LeaderElection235] INFO  impl.LeaderElection (LeaderElection.java:askForVotes(320)) - s0@group-E264CA5F8311-LeaderElection235 PRE_VOTE round 0: submit vote requests at term 1 for 255: peers:[s0|rpc:localhost:39295|admin:localhost:44843|client:localhost:40991|dataStream:localhost:40677|priority:0|startupRole:FOLLOWER, s1|rpc:0.0.0.0:34459|dataStream:|priority:0|startupRole:FOLLOWER, s2|rpc:0.0.0.0:43137|dataStream:|priority:0|startupRole:FOLLOWER]|listeners:[], old=peers:[s0|rpc:localhost:39295|admin:localhost:44843|client:localhost:40991|dataStream:localhost:40677|priority:0|startupRole:FOLLOWER]|listeners:[]
2023-08-18 03:37:05,179 [grpc-default-executor-0] INFO  server.RaftServer$Division (RaftServerImpl.java:requestVote(1344)) - s1@group-E264CA5F8311: receive requestVote(PRE_VOTE, s0, group-E264CA5F8311, 1, (t:1, i:255))
2023-08-18 03:37:05,179 [grpc-default-executor-0] WARN  server.GrpcServerProtocolService (LogUtils.java:warn(122)) - s1: Failed requestVote s0->s1#0: org.apache.ratis.protocol.exceptions.ServerNotReadyException: s1@group-E264CA5F8311 is not in [RUNNING]: current state is STARTING
2023-08-18 03:37:05,180 [s0@group-E264CA5F8311-LeaderElection235] INFO  impl.LeaderElection (LogUtils.java:infoOrTrace(137)) - s0@group-E264CA5F8311-LeaderElection235 got exception when requesting votes: java.util.concurrent.ExecutionException: org.apache.ratis.thirdparty.io.grpc.StatusRuntimeException: INTERNAL: s1@group-E264CA5F8311 is not in [RUNNING]: current state is STARTING
2023-08-18 03:37:05,180 [grpc-default-executor-3] INFO  server.RaftServer$Division (RaftServerImpl.java:requestVote(1344)) - s2@group-E264CA5F8311: receive requestVote(PRE_VOTE, s0, group-E264CA5F8311, 1, (t:1, i:255))
2023-08-18 03:37:05,180 [grpc-default-executor-3] WARN  server.GrpcServerProtocolService (LogUtils.java:warn(122)) - s2: Failed requestVote s0->s2#0: org.apache.ratis.protocol.exceptions.ServerNotReadyException: s2@group-E264CA5F8311 is not in [RUNNING]: current state is STARTING
2023-08-18 03:37:05,180 [s0@group-E264CA5F8311-LeaderElection235] INFO  impl.LeaderElection (LogUtils.java:infoOrTrace(137)) - s0@group-E264CA5F8311-LeaderElection235 got exception when requesting votes: java.util.concurrent.ExecutionException: org.apache.ratis.thirdparty.io.grpc.StatusRuntimeException: INTERNAL: s2@group-E264CA5F8311 is not in [RUNNING]: current state is STARTING
2023-08-18 03:37:05,180 [s0@group-E264CA5F8311-LeaderElection235] INFO  impl.LeaderElection (LeaderElection.java:logAndReturn(89)) - s0@group-E264CA5F8311-LeaderElection235: PRE_VOTE REJECTED received 0 response(s) and 2 exception(s):
2023-08-18 03:37:05,180 [s0@group-E264CA5F8311-LeaderElection235] INFO  impl.LeaderElection (LogUtils.java:infoOrTrace(137)) -   Exception 0: java.util.concurrent.ExecutionException: org.apache.ratis.thirdparty.io.grpc.StatusRuntimeException: INTERNAL: s1@group-E264CA5F8311 is not in [RUNNING]: current state is STARTING
2023-08-18 03:37:05,180 [s0@group-E264CA5F8311-LeaderElection235] INFO  impl.LeaderElection (LogUtils.java:infoOrTrace(137)) -   Exception 1: java.util.concurrent.ExecutionException: org.apache.ratis.thirdparty.io.grpc.StatusRuntimeException: INTERNAL: s2@group-E264CA5F8311 is not in [RUNNING]: current state is STARTING
2023-08-18 03:37:05,180 [s0@group-E264CA5F8311-LeaderElection235] INFO  impl.LeaderElection (LeaderElection.java:askForVotes(322)) - s0@group-E264CA5F8311-LeaderElection235 PRE_VOTE round 0: result REJECTED
2023-08-18 03:37:05,180 [s0@group-E264CA5F8311-LeaderElection235] INFO  server.RaftServer$Division (RaftServerImpl.java:setRole(371)) - s0@group-E264CA5F8311: changes role from CANDIDATE to FOLLOWER at term 1 for REJECTED
2023-08-18 03:37:05,180 [s0@group-E264CA5F8311-LeaderElection235] INFO  impl.RoleInfo (RoleInfo.java:shutdownLeaderElection(129)) - s0: shutdown s0@group-E264CA5F8311-LeaderElection235
2023-08-18 03:37:05,180 [s0@group-E264CA5F8311-LeaderElection235] INFO  impl.RoleInfo (RoleInfo.java:updateAndGet(138)) - s0: start s0@group-E264CA5F8311-FollowerState
2023-08-18 03:37:05,192 [s0-server-thread1] INFO  server.RaftServer$Division (RaftServerImpl.java:setConfigurationAsync(1238)) - s0@group-E264CA5F8311: receive setConfiguration SetConfigurationRequest:client-255CF6B0DA3F->s0@group-E264CA5F8311, cid=386, seq=0, RW, null, SET_UNCONDITIONALLY, servers:[s1|rpc:0.0.0.0:34459|dataStream:|priority:0|startupRole:FOLLOWER, s2|rpc:0.0.0.0:43137|dataStream:|priority:0|startupRole:FOLLOWER, s0|rpc:localhost:39295|admin:localhost:44843|client:localhost:40991|dataStream:localhost:40677|priority:0|startupRole:FOLLOWER], listeners:[]
2023-08-18 03:37:05,295 [s2-server-thread1] INFO  server.RaftServer$Division (RaftServerImpl.java:setConfigurationAsync(1238)) - s2@group-E264CA5F8311: receive setConfiguration SetConfigurationRequest:client-255CF6B0DA3F->s2@group-E264CA5F8311, cid=386, seq=0, RW, null, SET_UNCONDITIONALLY, servers:[s1|rpc:0.0.0.0:34459|dataStream:|priority:0|startupRole:FOLLOWER, s2|rpc:0.0.0.0:43137|dataStream:|priority:0|startupRole:FOLLOWER, s0|rpc:localhost:39295|admin:localhost:44843|client:localhost:40991|dataStream:localhost:40677|priority:0|startupRole:FOLLOWER], listeners:[]
2023-08-18 03:37:05,398 [s0-server-thread1] INFO  server.RaftServer$Division (RaftServerImpl.java:setConfigurationAsync(1238)) - s0@group-E264CA5F8311: receive setConfiguration SetConfigurationRequest:client-255CF6B0DA3F->s0@group-E264CA5F8311, cid=386, seq=0, RW, null, SET_UNCONDITIONALLY, servers:[s1|rpc:0.0.0.0:34459|dataStream:|priority:0|startupRole:FOLLOWER, s2|rpc:0.0.0.0:43137|dataStream:|priority:0|startupRole:FOLLOWER, s0|rpc:localhost:39295|admin:localhost:44843|client:localhost:40991|dataStream:localhost:40677|priority:0|startupRole:FOLLOWER], listeners:[]
2023-08-18 03:37:05,435 [s0@group-E264CA5F8311-FollowerState] INFO  impl.FollowerState (FollowerState.java:run(143)) - s0@group-E264CA5F8311-FollowerState: change to CANDIDATE, lastRpcElapsedTime:254352092ns, electionTimeout:254ms
2023-08-18 03:37:05,435 [s0@group-E264CA5F8311-FollowerState] INFO  impl.RoleInfo (RoleInfo.java:shutdownFollowerState(109)) - s0: shutdown s0@group-E264CA5F8311-FollowerState
2023-08-18 03:37:05,435 [s0@group-E264CA5F8311-FollowerState] INFO  server.RaftServer$Division (RaftServerImpl.java:setRole(371)) - s0@group-E264CA5F8311: changes role from  FOLLOWER to CANDIDATE at term 1 for changeToCandidate
2023-08-18 03:37:05,436 [s0@group-E264CA5F8311-FollowerState] INFO  impl.SimpleStateMachine4Testing (SimpleStateMachine4Testing.java:notifyExtendedNoLeader(411)) - StateMachineWithMultiNestedSnapshotFile:s0:group-E264CA5F8311: notifyExtendedNoLeader group-E264CA5F8311, self {
  id: "s0"
  address: "localhost:39295"
  dataStreamAddress: "localhost:40677"
  clientAddress: "localhost:40991"
  adminAddress: "localhost:44843"
  startupRole: FOLLOWER
}
role: CANDIDATE
candidateInfo {
  lastLeaderElapsedTimeMs: 63719
}

2023-08-18 03:37:05,436 [s0@group-E264CA5F8311-FollowerState] INFO  server.RaftServerConfigKeys (ConfUtils.java:logGet(46)) - raft.server.leaderelection.pre-vote = true (default)
2023-08-18 03:37:05,436 [s0@group-E264CA5F8311-FollowerState] INFO  impl.RoleInfo (RoleInfo.java:updateAndGet(138)) - s0: start s0@group-E264CA5F8311-LeaderElection236
2023-08-18 03:37:05,436 [s0@group-E264CA5F8311-LeaderElection236] INFO  impl.LeaderElection (LeaderElection.java:askForVotes(320)) - s0@group-E264CA5F8311-LeaderElection236 PRE_VOTE round 0: submit vote requests at term 1 for 255: peers:[s0|rpc:localhost:39295|admin:localhost:44843|client:localhost:40991|dataStream:localhost:40677|priority:0|startupRole:FOLLOWER, s1|rpc:0.0.0.0:34459|dataStream:|priority:0|startupRole:FOLLOWER, s2|rpc:0.0.0.0:43137|dataStream:|priority:0|startupRole:FOLLOWER]|listeners:[], old=peers:[s0|rpc:localhost:39295|admin:localhost:44843|client:localhost:40991|dataStream:localhost:40677|priority:0|startupRole:FOLLOWER]|listeners:[]
2023-08-18 03:37:05,437 [grpc-default-executor-0] INFO  server.RaftServer$Division (RaftServerImpl.java:requestVote(1344)) - s1@group-E264CA5F8311: receive requestVote(PRE_VOTE, s0, group-E264CA5F8311, 1, (t:1, i:255))
2023-08-18 03:37:05,437 [grpc-default-executor-0] WARN  server.GrpcServerProtocolService (LogUtils.java:warn(122)) - s1: Failed requestVote s0->s1#0: org.apache.ratis.protocol.exceptions.ServerNotReadyException: s1@group-E264CA5F8311 is not in [RUNNING]: current state is STARTING
2023-08-18 03:37:05,437 [grpc-default-executor-0] INFO  server.RaftServer$Division (RaftServerImpl.java:requestVote(1344)) - s2@group-E264CA5F8311: receive requestVote(PRE_VOTE, s0, group-E264CA5F8311, 1, (t:1, i:255))
2023-08-18 03:37:05,437 [grpc-default-executor-0] WARN  server.GrpcServerProtocolService (LogUtils.java:warn(122)) - s2: Failed requestVote s0->s2#0: org.apache.ratis.protocol.exceptions.ServerNotReadyException: s2@group-E264CA5F8311 is not in [RUNNING]: current state is STARTING
2023-08-18 03:37:05,438 [s0@group-E264CA5F8311-LeaderElection236] INFO  impl.LeaderElection (LogUtils.java:infoOrTrace(137)) - s0@group-E264CA5F8311-LeaderElection236 got exception when requesting votes: java.util.concurrent.ExecutionException: org.apache.ratis.thirdparty.io.grpc.StatusRuntimeException: INTERNAL: s1@group-E264CA5F8311 is not in [RUNNING]: current state is STARTING
2023-08-18 03:37:05,438 [s0@group-E264CA5F8311-LeaderElection236] INFO  impl.LeaderElection (LogUtils.java:infoOrTrace(137)) - s0@group-E264CA5F8311-LeaderElection236 got exception when requesting votes: java.util.concurrent.ExecutionException: org.apache.ratis.thirdparty.io.grpc.StatusRuntimeException: INTERNAL: s2@group-E264CA5F8311 is not in [RUNNING]: current state is STARTING
2023-08-18 03:37:05,438 [s0@group-E264CA5F8311-LeaderElection236] INFO  impl.LeaderElection (LeaderElection.java:logAndReturn(89)) - s0@group-E264CA5F8311-LeaderElection236: PRE_VOTE REJECTED received 0 response(s) and 2 exception(s):
2023-08-18 03:37:05,438 [s0@group-E264CA5F8311-LeaderElection236] INFO  impl.LeaderElection (LogUtils.java:infoOrTrace(137)) -   Exception 0: java.util.concurrent.ExecutionException: org.apache.ratis.thirdparty.io.grpc.StatusRuntimeException: INTERNAL: s1@group-E264CA5F8311 is not in [RUNNING]: current state is STARTING
2023-08-18 03:37:05,438 [s0@group-E264CA5F8311-LeaderElection236] INFO  impl.LeaderElection (LogUtils.java:infoOrTrace(137)) -   Exception 1: java.util.concurrent.ExecutionException: org.apache.ratis.thirdparty.io.grpc.StatusRuntimeException: INTERNAL: s2@group-E264CA5F8311 is not in [RUNNING]: current state is STARTING
2023-08-18 03:37:05,438 [s0@group-E264CA5F8311-LeaderElection236] INFO  impl.LeaderElection (LeaderElection.java:askForVotes(322)) - s0@group-E264CA5F8311-LeaderElection236 PRE_VOTE round 0: result REJECTED
2023-08-18 03:37:05,438 [s0@group-E264CA5F8311-LeaderElection236] INFO  server.RaftServer$Division (RaftServerImpl.java:setRole(371)) - s0@group-E264CA5F8311: changes role from CANDIDATE to FOLLOWER at term 1 for REJECTED
2023-08-18 03:37:05,438 [s0@group-E264CA5F8311-LeaderElection236] INFO  impl.RoleInfo (RoleInfo.java:shutdownLeaderElection(129)) - s0: shutdown s0@group-E264CA5F8311-LeaderElection236
2023-08-18 03:37:05,438 [s0@group-E264CA5F8311-LeaderElection236] INFO  impl.RoleInfo (RoleInfo.java:updateAndGet(138)) - s0: start s0@group-E264CA5F8311-FollowerState
2023-08-18 03:37:05,502 [s2-server-thread1] INFO  server.RaftServer$Division (RaftServerImpl.java:setConfigurationAsync(1238)) - s2@group-E264CA5F8311: receive setConfiguration SetConfigurationRequest:client-255CF6B0DA3F->s2@group-E264CA5F8311, cid=386, seq=0, RW, null, SET_UNCONDITIONALLY, servers:[s1|rpc:0.0.0.0:34459|dataStream:|priority:0|startupRole:FOLLOWER, s2|rpc:0.0.0.0:43137|dataStream:|priority:0|startupRole:FOLLOWER, s0|rpc:localhost:39295|admin:localhost:44843|client:localhost:40991|dataStream:localhost:40677|priority:0|startupRole:FOLLOWER], listeners:[]
2023-08-18 03:37:05,605 [s1-server-thread1] INFO  server.RaftServer$Division (RaftServerImpl.java:setConfigurationAsync(1238)) - s1@group-E264CA5F8311: receive setConfiguration SetConfigurationRequest:client-255CF6B0DA3F->s1@group-E264CA5F8311, cid=386, seq=0, RW, null, SET_UNCONDITIONALLY, servers:[s1|rpc:0.0.0.0:34459|dataStream:|priority:0|startupRole:FOLLOWER, s2|rpc:0.0.0.0:43137|dataStream:|priority:0|startupRole:FOLLOWER, s0|rpc:localhost:39295|admin:localhost:44843|client:localhost:40991|dataStream:localhost:40677|priority:0|startupRole:FOLLOWER], listeners:[]
2023-08-18 03:37:05,709 [s0-server-thread1] INFO  server.RaftServer$Division (RaftServerImpl.java:setConfigurationAsync(1238)) - s0@group-E264CA5F8311: receive setConfiguration SetConfigurationRequest:client-255CF6B0DA3F->s0@group-E264CA5F8311, cid=386, seq=0, RW, null, SET_UNCONDITIONALLY, servers:[s1|rpc:0.0.0.0:34459|dataStream:|priority:0|startupRole:FOLLOWER, s2|rpc:0.0.0.0:43137|dataStream:|priority:0|startupRole:FOLLOWER, s0|rpc:localhost:39295|admin:localhost:44843|client:localhost:40991|dataStream:localhost:40677|priority:0|startupRole:FOLLOWER], listeners:[]
2023-08-18 03:37:05,719 [s0@group-E264CA5F8311-FollowerState] INFO  impl.FollowerState (FollowerState.java:run(143)) - s0@group-E264CA5F8311-FollowerState: change to CANDIDATE, lastRpcElapsedTime:281330910ns, electionTimeout:281ms
2023-08-18 03:37:05,719 [s0@group-E264CA5F8311-FollowerState] INFO  impl.RoleInfo (RoleInfo.java:shutdownFollowerState(109)) - s0: shutdown s0@group-E264CA5F8311-FollowerState
2023-08-18 03:37:05,720 [s0@group-E264CA5F8311-FollowerState] INFO  server.RaftServer$Division (RaftServerImpl.java:setRole(371)) - s0@group-E264CA5F8311: changes role from  FOLLOWER to CANDIDATE at term 1 for changeToCandidate
2023-08-18 03:37:05,720 [s0@group-E264CA5F8311-FollowerState] INFO  impl.SimpleStateMachine4Testing (SimpleStateMachine4Testing.java:notifyExtendedNoLeader(411)) - StateMachineWithMultiNestedSnapshotFile:s0:group-E264CA5F8311: notifyExtendedNoLeader group-E264CA5F8311, self {
  id: "s0"
  address: "localhost:39295"
  dataStreamAddress: "localhost:40677"
  clientAddress: "localhost:40991"
  adminAddress: "localhost:44843"
  startupRole: FOLLOWER
}
role: CANDIDATE
candidateInfo {
  lastLeaderElapsedTimeMs: 64003
}

2023-08-18 03:37:05,720 [s0@group-E264CA5F8311-FollowerState] INFO  server.RaftServerConfigKeys (ConfUtils.java:logGet(46)) - raft.server.leaderelection.pre-vote = true (default)
2023-08-18 03:37:05,720 [s0@group-E264CA5F8311-FollowerState] INFO  impl.RoleInfo (RoleInfo.java:updateAndGet(138)) - s0: start s0@group-E264CA5F8311-LeaderElection237
2023-08-18 03:37:05,720 [s0@group-E264CA5F8311-LeaderElection237] INFO  impl.LeaderElection (LeaderElection.java:askForVotes(320)) - s0@group-E264CA5F8311-LeaderElection237 PRE_VOTE round 0: submit vote requests at term 1 for 255: peers:[s0|rpc:localhost:39295|admin:localhost:44843|client:localhost:40991|dataStream:localhost:40677|priority:0|startupRole:FOLLOWER, s1|rpc:0.0.0.0:34459|dataStream:|priority:0|startupRole:FOLLOWER, s2|rpc:0.0.0.0:43137|dataStream:|priority:0|startupRole:FOLLOWER]|listeners:[], old=peers:[s0|rpc:localhost:39295|admin:localhost:44843|client:localhost:40991|dataStream:localhost:40677|priority:0|startupRole:FOLLOWER]|listeners:[]
2023-08-18 03:37:05,721 [grpc-default-executor-0] INFO  server.RaftServer$Division (RaftServerImpl.java:requestVote(1344)) - s1@group-E264CA5F8311: receive requestVote(PRE_VOTE, s0, group-E264CA5F8311, 1, (t:1, i:255))
2023-08-18 03:37:05,721 [grpc-default-executor-3] INFO  server.RaftServer$Division (RaftServerImpl.java:requestVote(1344)) - s2@group-E264CA5F8311: receive requestVote(PRE_VOTE, s0, group-E264CA5F8311, 1, (t:1, i:255))
2023-08-18 03:37:05,721 [grpc-default-executor-0] WARN  server.GrpcServerProtocolService (LogUtils.java:warn(122)) - s1: Failed requestVote s0->s1#0: org.apache.ratis.protocol.exceptions.ServerNotReadyException: s1@group-E264CA5F8311 is not in [RUNNING]: current state is STARTING
2023-08-18 03:37:05,721 [grpc-default-executor-3] WARN  server.GrpcServerProtocolService (LogUtils.java:warn(122)) - s2: Failed requestVote s0->s2#0: org.apache.ratis.protocol.exceptions.ServerNotReadyException: s2@group-E264CA5F8311 is not in [RUNNING]: current state is STARTING
2023-08-18 03:37:05,721 [s0@group-E264CA5F8311-LeaderElection237] INFO  impl.LeaderElection (LogUtils.java:infoOrTrace(137)) - s0@group-E264CA5F8311-LeaderElection237 got exception when requesting votes: java.util.concurrent.ExecutionException: org.apache.ratis.thirdparty.io.grpc.StatusRuntimeException: INTERNAL: s2@group-E264CA5F8311 is not in [RUNNING]: current state is STARTING
2023-08-18 03:37:05,721 [s0@group-E264CA5F8311-LeaderElection237] INFO  impl.LeaderElection (LogUtils.java:infoOrTrace(137)) - s0@group-E264CA5F8311-LeaderElection237 got exception when requesting votes: java.util.concurrent.ExecutionException: org.apache.ratis.thirdparty.io.grpc.StatusRuntimeException: INTERNAL: s1@group-E264CA5F8311 is not in [RUNNING]: current state is STARTING
2023-08-18 03:37:05,721 [s0@group-E264CA5F8311-LeaderElection237] INFO  impl.LeaderElection (LeaderElection.java:logAndReturn(89)) - s0@group-E264CA5F8311-LeaderElection237: PRE_VOTE REJECTED received 0 response(s) and 2 exception(s):
2023-08-18 03:37:05,721 [s0@group-E264CA5F8311-LeaderElection237] INFO  impl.LeaderElection (LogUtils.java:infoOrTrace(137)) -   Exception 0: java.util.concurrent.ExecutionException: org.apache.ratis.thirdparty.io.grpc.StatusRuntimeException: INTERNAL: s2@group-E264CA5F8311 is not in [RUNNING]: current state is STARTING
2023-08-18 03:37:05,721 [s0@group-E264CA5F8311-LeaderElection237] INFO  impl.LeaderElection (LogUtils.java:infoOrTrace(137)) -   Exception 1: java.util.concurrent.ExecutionException: org.apache.ratis.thirdparty.io.grpc.StatusRuntimeException: INTERNAL: s1@group-E264CA5F8311 is not in [RUNNING]: current state is STARTING
2023-08-18 03:37:05,721 [s0@group-E264CA5F8311-LeaderElection237] INFO  impl.LeaderElection (LeaderElection.java:askForVotes(322)) - s0@group-E264CA5F8311-LeaderElection237 PRE_VOTE round 0: result REJECTED
2023-08-18 03:37:05,722 [s0@group-E264CA5F8311-LeaderElection237] INFO  server.RaftServer$Division (RaftServerImpl.java:setRole(371)) - s0@group-E264CA5F8311: changes role from CANDIDATE to FOLLOWER at term 1 for REJECTED
2023-08-18 03:37:05,722 [s0@group-E264CA5F8311-LeaderElection237] INFO  impl.RoleInfo (RoleInfo.java:shutdownLeaderElection(129)) - s0: shutdown s0@group-E264CA5F8311-LeaderElection237
2023-08-18 03:37:05,722 [s0@group-E264CA5F8311-LeaderElection237] INFO  impl.RoleInfo (RoleInfo.java:updateAndGet(138)) - s0: start s0@group-E264CA5F8311-FollowerState
2023-08-18 03:37:05,813 [s1-server-thread1] INFO  server.RaftServer$Division (RaftServerImpl.java:setConfigurationAsync(1238)) - s1@group-E264CA5F8311: receive setConfiguration SetConfigurationRequest:client-255CF6B0DA3F->s1@group-E264CA5F8311, cid=386, seq=0, RW, null, SET_UNCONDITIONALLY, servers:[s1|rpc:0.0.0.0:34459|dataStream:|priority:0|startupRole:FOLLOWER, s2|rpc:0.0.0.0:43137|dataStream:|priority:0|startupRole:FOLLOWER, s0|rpc:localhost:39295|admin:localhost:44843|client:localhost:40991|dataStream:localhost:40677|priority:0|startupRole:FOLLOWER], listeners:[]
2023-08-18 03:37:05,906 [s0@group-E264CA5F8311-FollowerState] INFO  impl.FollowerState (FollowerState.java:run(143)) - s0@group-E264CA5F8311-FollowerState: change to CANDIDATE, lastRpcElapsedTime:184406262ns, electionTimeout:184ms
2023-08-18 03:37:05,906 [s0@group-E264CA5F8311-FollowerState] INFO  impl.RoleInfo (RoleInfo.java:shutdownFollowerState(109)) - s0: shutdown s0@group-E264CA5F8311-FollowerState
2023-08-18 03:37:05,906 [s0@group-E264CA5F8311-FollowerState] INFO  server.RaftServer$Division (RaftServerImpl.java:setRole(371)) - s0@group-E264CA5F8311: changes role from  FOLLOWER to CANDIDATE at term 1 for changeToCandidate
2023-08-18 03:37:05,906 [s0@group-E264CA5F8311-FollowerState] INFO  impl.SimpleStateMachine4Testing (SimpleStateMachine4Testing.java:notifyExtendedNoLeader(411)) - StateMachineWithMultiNestedSnapshotFile:s0:group-E264CA5F8311: notifyExtendedNoLeader group-E264CA5F8311, self {
  id: "s0"
  address: "localhost:39295"
  dataStreamAddress: "localhost:40677"
  clientAddress: "localhost:40991"
  adminAddress: "localhost:44843"
  startupRole: FOLLOWER
}
role: CANDIDATE
candidateInfo {
  lastLeaderElapsedTimeMs: 64190
}

2023-08-18 03:37:05,906 [s0@group-E264CA5F8311-FollowerState] INFO  server.RaftServerConfigKeys (ConfUtils.java:logGet(46)) - raft.server.leaderelection.pre-vote = true (default)
2023-08-18 03:37:05,906 [s0@group-E264CA5F8311-FollowerState] INFO  impl.RoleInfo (RoleInfo.java:updateAndGet(138)) - s0: start s0@group-E264CA5F8311-LeaderElection238
2023-08-18 03:37:05,907 [s0@group-E264CA5F8311-LeaderElection238] INFO  impl.LeaderElection (LeaderElection.java:askForVotes(320)) - s0@group-E264CA5F8311-LeaderElection238 PRE_VOTE round 0: submit vote requests at term 1 for 255: peers:[s0|rpc:localhost:39295|admin:localhost:44843|client:localhost:40991|dataStream:localhost:40677|priority:0|startupRole:FOLLOWER, s1|rpc:0.0.0.0:34459|dataStream:|priority:0|startupRole:FOLLOWER, s2|rpc:0.0.0.0:43137|dataStream:|priority:0|startupRole:FOLLOWER]|listeners:[], old=peers:[s0|rpc:localhost:39295|admin:localhost:44843|client:localhost:40991|dataStream:localhost:40677|priority:0|startupRole:FOLLOWER]|listeners:[]
2023-08-18 03:37:05,908 [grpc-default-executor-0] INFO  server.RaftServer$Division (RaftServerImpl.java:requestVote(1344)) - s1@group-E264CA5F8311: receive requestVote(PRE_VOTE, s0, group-E264CA5F8311, 1, (t:1, i:255))
2023-08-18 03:37:05,908 [grpc-default-executor-3] INFO  server.RaftServer$Division (RaftServerImpl.java:requestVote(1344)) - s2@group-E264CA5F8311: receive requestVote(PRE_VOTE, s0, group-E264CA5F8311, 1, (t:1, i:255))
2023-08-18 03:37:05,908 [grpc-default-executor-0] WARN  server.GrpcServerProtocolService (LogUtils.java:warn(122)) - s1: Failed requestVote s0->s1#0: org.apache.ratis.protocol.exceptions.ServerNotReadyException: s1@group-E264CA5F8311 is not in [RUNNING]: current state is STARTING
2023-08-18 03:37:05,908 [grpc-default-executor-3] WARN  server.GrpcServerProtocolService (LogUtils.java:warn(122)) - s2: Failed requestVote s0->s2#0: org.apache.ratis.protocol.exceptions.ServerNotReadyException: s2@group-E264CA5F8311 is not in [RUNNING]: current state is STARTING
2023-08-18 03:37:05,908 [s0@group-E264CA5F8311-LeaderElection238] INFO  impl.LeaderElection (LogUtils.java:infoOrTrace(137)) - s0@group-E264CA5F8311-LeaderElection238 got exception when requesting votes: java.util.concurrent.ExecutionException: org.apache.ratis.thirdparty.io.grpc.StatusRuntimeException: INTERNAL: s1@group-E264CA5F8311 is not in [RUNNING]: current state is STARTING
2023-08-18 03:37:05,908 [s0@group-E264CA5F8311-LeaderElection238] INFO  impl.LeaderElection (LogUtils.java:infoOrTrace(137)) - s0@group-E264CA5F8311-LeaderElection238 got exception when requesting votes: java.util.concurrent.ExecutionException: org.apache.ratis.thirdparty.io.grpc.StatusRuntimeException: INTERNAL: s2@group-E264CA5F8311 is not in [RUNNING]: current state is STARTING
2023-08-18 03:37:05,908 [s0@group-E264CA5F8311-LeaderElection238] INFO  impl.LeaderElection (LeaderElection.java:logAndReturn(89)) - s0@group-E264CA5F8311-LeaderElection238: PRE_VOTE REJECTED received 0 response(s) and 2 exception(s):
2023-08-18 03:37:05,908 [s0@group-E264CA5F8311-LeaderElection238] INFO  impl.LeaderElection (LogUtils.java:infoOrTrace(137)) -   Exception 0: java.util.concurrent.ExecutionException: org.apache.ratis.thirdparty.io.grpc.StatusRuntimeException: INTERNAL: s1@group-E264CA5F8311 is not in [RUNNING]: current state is STARTING
2023-08-18 03:37:05,908 [s0@group-E264CA5F8311-LeaderElection238] INFO  impl.LeaderElection (LogUtils.java:infoOrTrace(137)) -   Exception 1: java.util.concurrent.ExecutionException: org.apache.ratis.thirdparty.io.grpc.StatusRuntimeException: INTERNAL: s2@group-E264CA5F8311 is not in [RUNNING]: current state is STARTING
2023-08-18 03:37:05,908 [s0@group-E264CA5F8311-LeaderElection238] INFO  impl.LeaderElection (LeaderElection.java:askForVotes(322)) - s0@group-E264CA5F8311-LeaderElection238 PRE_VOTE round 0: result REJECTED
2023-08-18 03:37:05,909 [s0@group-E264CA5F8311-LeaderElection238] INFO  server.RaftServer$Division (RaftServerImpl.java:setRole(371)) - s0@group-E264CA5F8311: changes role from CANDIDATE to FOLLOWER at term 1 for REJECTED
2023-08-18 03:37:05,909 [s0@group-E264CA5F8311-LeaderElection238] INFO  impl.RoleInfo (RoleInfo.java:shutdownLeaderElection(129)) - s0: shutdown s0@group-E264CA5F8311-LeaderElection238
2023-08-18 03:37:05,909 [s0@group-E264CA5F8311-LeaderElection238] INFO  impl.RoleInfo (RoleInfo.java:updateAndGet(138)) - s0: start s0@group-E264CA5F8311-FollowerState
2023-08-18 03:37:05,916 [s0-server-thread1] INFO  server.RaftServer$Division (RaftServerImpl.java:setConfigurationAsync(1238)) - s0@group-E264CA5F8311: receive setConfiguration SetConfigurationRequest:client-255CF6B0DA3F->s0@group-E264CA5F8311, cid=386, seq=0, RW, null, SET_UNCONDITIONALLY, servers:[s1|rpc:0.0.0.0:34459|dataStream:|priority:0|startupRole:FOLLOWER, s2|rpc:0.0.0.0:43137|dataStream:|priority:0|startupRole:FOLLOWER, s0|rpc:localhost:39295|admin:localhost:44843|client:localhost:40991|dataStream:localhost:40677|priority:0|startupRole:FOLLOWER], listeners:[]
2023-08-18 03:37:06,019 [s1-server-thread1] INFO  server.RaftServer$Division (RaftServerImpl.java:setConfigurationAsync(1238)) - s1@group-E264CA5F8311: receive setConfiguration SetConfigurationRequest:client-255CF6B0DA3F->s1@group-E264CA5F8311, cid=386, seq=0, RW, null, SET_UNCONDITIONALLY, servers:[s1|rpc:0.0.0.0:34459|dataStream:|priority:0|startupRole:FOLLOWER, s2|rpc:0.0.0.0:43137|dataStream:|priority:0|startupRole:FOLLOWER, s0|rpc:localhost:39295|admin:localhost:44843|client:localhost:40991|dataStream:localhost:40677|priority:0|startupRole:FOLLOWER], listeners:[]
2023-08-18 03:37:06,123 [s2-server-thread1] INFO  server.RaftServer$Division (RaftServerImpl.java:setConfigurationAsync(1238)) - s2@group-E264CA5F8311: receive setConfiguration SetConfigurationRequest:client-255CF6B0DA3F->s2@group-E264CA5F8311, cid=386, seq=0, RW, null, SET_UNCONDITIONALLY, servers:[s1|rpc:0.0.0.0:34459|dataStream:|priority:0|startupRole:FOLLOWER, s2|rpc:0.0.0.0:43137|dataStream:|priority:0|startupRole:FOLLOWER, s0|rpc:localhost:39295|admin:localhost:44843|client:localhost:40991|dataStream:localhost:40677|priority:0|startupRole:FOLLOWER], listeners:[]
2023-08-18 03:37:06,129 [s0@group-E264CA5F8311-FollowerState] INFO  impl.FollowerState (FollowerState.java:run(143)) - s0@group-E264CA5F8311-FollowerState: change to CANDIDATE, lastRpcElapsedTime:220276721ns, electionTimeout:220ms
2023-08-18 03:37:06,129 [s0@group-E264CA5F8311-FollowerState] INFO  impl.RoleInfo (RoleInfo.java:shutdownFollowerState(109)) - s0: shutdown s0@group-E264CA5F8311-FollowerState
2023-08-18 03:37:06,129 [s0@group-E264CA5F8311-FollowerState] INFO  server.RaftServer$Division (RaftServerImpl.java:setRole(371)) - s0@group-E264CA5F8311: changes role from  FOLLOWER to CANDIDATE at term 1 for changeToCandidate
2023-08-18 03:37:06,129 [s0@group-E264CA5F8311-FollowerState] INFO  impl.SimpleStateMachine4Testing (SimpleStateMachine4Testing.java:notifyExtendedNoLeader(411)) - StateMachineWithMultiNestedSnapshotFile:s0:group-E264CA5F8311: notifyExtendedNoLeader group-E264CA5F8311, self {
  id: "s0"
  address: "localhost:39295"
  dataStreamAddress: "localhost:40677"
  clientAddress: "localhost:40991"
  adminAddress: "localhost:44843"
  startupRole: FOLLOWER
}
role: CANDIDATE
candidateInfo {
  lastLeaderElapsedTimeMs: 64413
}

2023-08-18 03:37:06,129 [s0@group-E264CA5F8311-FollowerState] INFO  server.RaftServerConfigKeys (ConfUtils.java:logGet(46)) - raft.server.leaderelection.pre-vote = true (default)
2023-08-18 03:37:06,129 [s0@group-E264CA5F8311-FollowerState] INFO  impl.RoleInfo (RoleInfo.java:updateAndGet(138)) - s0: start s0@group-E264CA5F8311-LeaderElection239
2023-08-18 03:37:06,129 [s0@group-E264CA5F8311-LeaderElection239] INFO  impl.LeaderElection (LeaderElection.java:askForVotes(320)) - s0@group-E264CA5F8311-LeaderElection239 PRE_VOTE round 0: submit vote requests at term 1 for 255: peers:[s0|rpc:localhost:39295|admin:localhost:44843|client:localhost:40991|dataStream:localhost:40677|priority:0|startupRole:FOLLOWER, s1|rpc:0.0.0.0:34459|dataStream:|priority:0|startupRole:FOLLOWER, s2|rpc:0.0.0.0:43137|dataStream:|priority:0|startupRole:FOLLOWER]|listeners:[], old=peers:[s0|rpc:localhost:39295|admin:localhost:44843|client:localhost:40991|dataStream:localhost:40677|priority:0|startupRole:FOLLOWER]|listeners:[]
2023-08-18 03:37:06,130 [grpc-default-executor-3] INFO  server.RaftServer$Division (RaftServerImpl.java:requestVote(1344)) - s1@group-E264CA5F8311: receive requestVote(PRE_VOTE, s0, group-E264CA5F8311, 1, (t:1, i:255))
2023-08-18 03:37:06,130 [grpc-default-executor-3] WARN  server.GrpcServerProtocolService (LogUtils.java:warn(122)) - s1: Failed requestVote s0->s1#0: org.apache.ratis.protocol.exceptions.ServerNotReadyException: s1@group-E264CA5F8311 is not in [RUNNING]: current state is STARTING
2023-08-18 03:37:06,131 [grpc-default-executor-0] INFO  server.RaftServer$Division (RaftServerImpl.java:requestVote(1344)) - s2@group-E264CA5F8311: receive requestVote(PRE_VOTE, s0, group-E264CA5F8311, 1, (t:1, i:255))
2023-08-18 03:37:06,131 [grpc-default-executor-0] WARN  server.GrpcServerProtocolService (LogUtils.java:warn(122)) - s2: Failed requestVote s0->s2#0: org.apache.ratis.protocol.exceptions.ServerNotReadyException: s2@group-E264CA5F8311 is not in [RUNNING]: current state is STARTING
2023-08-18 03:37:06,131 [s0@group-E264CA5F8311-LeaderElection239] INFO  impl.LeaderElection (LogUtils.java:infoOrTrace(137)) - s0@group-E264CA5F8311-LeaderElection239 got exception when requesting votes: java.util.concurrent.ExecutionException: org.apache.ratis.thirdparty.io.grpc.StatusRuntimeException: INTERNAL: s1@group-E264CA5F8311 is not in [RUNNING]: current state is STARTING
2023-08-18 03:37:06,131 [s0@group-E264CA5F8311-LeaderElection239] INFO  impl.LeaderElection (LogUtils.java:infoOrTrace(137)) - s0@group-E264CA5F8311-LeaderElection239 got exception when requesting votes: java.util.concurrent.ExecutionException: org.apache.ratis.thirdparty.io.grpc.StatusRuntimeException: INTERNAL: s2@group-E264CA5F8311 is not in [RUNNING]: current state is STARTING
2023-08-18 03:37:06,131 [s0@group-E264CA5F8311-LeaderElection239] INFO  impl.LeaderElection (LeaderElection.java:logAndReturn(89)) - s0@group-E264CA5F8311-LeaderElection239: PRE_VOTE REJECTED received 0 response(s) and 2 exception(s):
2023-08-18 03:37:06,131 [s0@group-E264CA5F8311-LeaderElection239] INFO  impl.LeaderElection (LogUtils.java:infoOrTrace(137)) -   Exception 0: java.util.concurrent.ExecutionException: org.apache.ratis.thirdparty.io.grpc.StatusRuntimeException: INTERNAL: s1@group-E264CA5F8311 is not in [RUNNING]: current state is STARTING
2023-08-18 03:37:06,131 [s0@group-E264CA5F8311-LeaderElection239] INFO  impl.LeaderElection (LogUtils.java:infoOrTrace(137)) -   Exception 1: java.util.concurrent.ExecutionException: org.apache.ratis.thirdparty.io.grpc.StatusRuntimeException: INTERNAL: s2@group-E264CA5F8311 is not in [RUNNING]: current state is STARTING
2023-08-18 03:37:06,131 [s0@group-E264CA5F8311-LeaderElection239] INFO  impl.LeaderElection (LeaderElection.java:askForVotes(322)) - s0@group-E264CA5F8311-LeaderElection239 PRE_VOTE round 0: result REJECTED
2023-08-18 03:37:06,131 [s0@group-E264CA5F8311-LeaderElection239] INFO  server.RaftServer$Division (RaftServerImpl.java:setRole(371)) - s0@group-E264CA5F8311: changes role from CANDIDATE to FOLLOWER at term 1 for REJECTED
2023-08-18 03:37:06,131 [s0@group-E264CA5F8311-LeaderElection239] INFO  impl.RoleInfo (RoleInfo.java:shutdownLeaderElection(129)) - s0: shutdown s0@group-E264CA5F8311-LeaderElection239
2023-08-18 03:37:06,131 [s0@group-E264CA5F8311-LeaderElection239] INFO  impl.RoleInfo (RoleInfo.java:updateAndGet(138)) - s0: start s0@group-E264CA5F8311-FollowerState
2023-08-18 03:37:06,227 [s0-server-thread1] INFO  server.RaftServer$Division (RaftServerImpl.java:setConfigurationAsync(1238)) - s0@group-E264CA5F8311: receive setConfiguration SetConfigurationRequest:client-255CF6B0DA3F->s0@group-E264CA5F8311, cid=386, seq=0, RW, null, SET_UNCONDITIONALLY, servers:[s1|rpc:0.0.0.0:34459|dataStream:|priority:0|startupRole:FOLLOWER, s2|rpc:0.0.0.0:43137|dataStream:|priority:0|startupRole:FOLLOWER, s0|rpc:localhost:39295|admin:localhost:44843|client:localhost:40991|dataStream:localhost:40677|priority:0|startupRole:FOLLOWER], listeners:[]
2023-08-18 03:37:06,330 [s1-server-thread1] INFO  server.RaftServer$Division (RaftServerImpl.java:setConfigurationAsync(1238)) - s1@group-E264CA5F8311: receive setConfiguration SetConfigurationRequest:client-255CF6B0DA3F->s1@group-E264CA5F8311, cid=386, seq=0, RW, null, SET_UNCONDITIONALLY, servers:[s1|rpc:0.0.0.0:34459|dataStream:|priority:0|startupRole:FOLLOWER, s2|rpc:0.0.0.0:43137|dataStream:|priority:0|startupRole:FOLLOWER, s0|rpc:localhost:39295|admin:localhost:44843|client:localhost:40991|dataStream:localhost:40677|priority:0|startupRole:FOLLOWER], listeners:[]
2023-08-18 03:37:06,421 [s0@group-E264CA5F8311-FollowerState] INFO  impl.FollowerState (FollowerState.java:run(143)) - s0@group-E264CA5F8311-FollowerState: change to CANDIDATE, lastRpcElapsedTime:290322150ns, electionTimeout:289ms
2023-08-18 03:37:06,421 [s0@group-E264CA5F8311-FollowerState] INFO  impl.RoleInfo (RoleInfo.java:shutdownFollowerState(109)) - s0: shutdown s0@group-E264CA5F8311-FollowerState
2023-08-18 03:37:06,422 [s0@group-E264CA5F8311-FollowerState] INFO  server.RaftServer$Division (RaftServerImpl.java:setRole(371)) - s0@group-E264CA5F8311: changes role from  FOLLOWER to CANDIDATE at term 1 for changeToCandidate
2023-08-18 03:37:06,422 [s0@group-E264CA5F8311-FollowerState] INFO  impl.SimpleStateMachine4Testing (SimpleStateMachine4Testing.java:notifyExtendedNoLeader(411)) - StateMachineWithMultiNestedSnapshotFile:s0:group-E264CA5F8311: notifyExtendedNoLeader group-E264CA5F8311, self {
  id: "s0"
  address: "localhost:39295"
  dataStreamAddress: "localhost:40677"
  clientAddress: "localhost:40991"
  adminAddress: "localhost:44843"
  startupRole: FOLLOWER
}
role: CANDIDATE
candidateInfo {
  lastLeaderElapsedTimeMs: 64705
}

2023-08-18 03:37:06,422 [s0@group-E264CA5F8311-FollowerState] INFO  server.RaftServerConfigKeys (ConfUtils.java:logGet(46)) - raft.server.leaderelection.pre-vote = true (default)
2023-08-18 03:37:06,422 [s0@group-E264CA5F8311-FollowerState] INFO  impl.RoleInfo (RoleInfo.java:updateAndGet(138)) - s0: start s0@group-E264CA5F8311-LeaderElection240
2023-08-18 03:37:06,422 [s0@group-E264CA5F8311-LeaderElection240] INFO  impl.LeaderElection (LeaderElection.java:askForVotes(320)) - s0@group-E264CA5F8311-LeaderElection240 PRE_VOTE round 0: submit vote requests at term 1 for 255: peers:[s0|rpc:localhost:39295|admin:localhost:44843|client:localhost:40991|dataStream:localhost:40677|priority:0|startupRole:FOLLOWER, s1|rpc:0.0.0.0:34459|dataStream:|priority:0|startupRole:FOLLOWER, s2|rpc:0.0.0.0:43137|dataStream:|priority:0|startupRole:FOLLOWER]|listeners:[], old=peers:[s0|rpc:localhost:39295|admin:localhost:44843|client:localhost:40991|dataStream:localhost:40677|priority:0|startupRole:FOLLOWER]|listeners:[]
2023-08-18 03:37:06,424 [grpc-default-executor-0] INFO  server.RaftServer$Division (RaftServerImpl.java:requestVote(1344)) - s1@group-E264CA5F8311: receive requestVote(PRE_VOTE, s0, group-E264CA5F8311, 1, (t:1, i:255))
2023-08-18 03:37:06,424 [grpc-default-executor-3] INFO  server.RaftServer$Division (RaftServerImpl.java:requestVote(1344)) - s2@group-E264CA5F8311: receive requestVote(PRE_VOTE, s0, group-E264CA5F8311, 1, (t:1, i:255))
2023-08-18 03:37:06,424 [grpc-default-executor-0] WARN  server.GrpcServerProtocolService (LogUtils.java:warn(122)) - s1: Failed requestVote s0->s1#0: org.apache.ratis.protocol.exceptions.ServerNotReadyException: s1@group-E264CA5F8311 is not in [RUNNING]: current state is STARTING
2023-08-18 03:37:06,424 [grpc-default-executor-3] WARN  server.GrpcServerProtocolService (LogUtils.java:warn(122)) - s2: Failed requestVote s0->s2#0: org.apache.ratis.protocol.exceptions.ServerNotReadyException: s2@group-E264CA5F8311 is not in [RUNNING]: current state is STARTING
2023-08-18 03:37:06,424 [s0@group-E264CA5F8311-LeaderElection240] INFO  impl.LeaderElection (LogUtils.java:infoOrTrace(137)) - s0@group-E264CA5F8311-LeaderElection240 got exception when requesting votes: java.util.concurrent.ExecutionException: org.apache.ratis.thirdparty.io.grpc.StatusRuntimeException: INTERNAL: s1@group-E264CA5F8311 is not in [RUNNING]: current state is STARTING
2023-08-18 03:37:06,424 [s0@group-E264CA5F8311-LeaderElection240] INFO  impl.LeaderElection (LogUtils.java:infoOrTrace(137)) - s0@group-E264CA5F8311-LeaderElection240 got exception when requesting votes: java.util.concurrent.ExecutionException: org.apache.ratis.thirdparty.io.grpc.StatusRuntimeException: INTERNAL: s2@group-E264CA5F8311 is not in [RUNNING]: current state is STARTING
2023-08-18 03:37:06,424 [s0@group-E264CA5F8311-LeaderElection240] INFO  impl.LeaderElection (LeaderElection.java:logAndReturn(89)) - s0@group-E264CA5F8311-LeaderElection240: PRE_VOTE REJECTED received 0 response(s) and 2 exception(s):
2023-08-18 03:37:06,424 [s0@group-E264CA5F8311-LeaderElection240] INFO  impl.LeaderElection (LogUtils.java:infoOrTrace(137)) -   Exception 0: java.util.concurrent.ExecutionException: org.apache.ratis.thirdparty.io.grpc.StatusRuntimeException: INTERNAL: s1@group-E264CA5F8311 is not in [RUNNING]: current state is STARTING
2023-08-18 03:37:06,424 [s0@group-E264CA5F8311-LeaderElection240] INFO  impl.LeaderElection (LogUtils.java:infoOrTrace(137)) -   Exception 1: java.util.concurrent.ExecutionException: org.apache.ratis.thirdparty.io.grpc.StatusRuntimeException: INTERNAL: s2@group-E264CA5F8311 is not in [RUNNING]: current state is STARTING
2023-08-18 03:37:06,424 [s0@group-E264CA5F8311-LeaderElection240] INFO  impl.LeaderElection (LeaderElection.java:askForVotes(322)) - s0@group-E264CA5F8311-LeaderElection240 PRE_VOTE round 0: result REJECTED
2023-08-18 03:37:06,424 [s0@group-E264CA5F8311-LeaderElection240] INFO  server.RaftServer$Division (RaftServerImpl.java:setRole(371)) - s0@group-E264CA5F8311: changes role from CANDIDATE to FOLLOWER at term 1 for REJECTED
2023-08-18 03:37:06,425 [s0@group-E264CA5F8311-LeaderElection240] INFO  impl.RoleInfo (RoleInfo.java:shutdownLeaderElection(129)) - s0: shutdown s0@group-E264CA5F8311-LeaderElection240
2023-08-18 03:37:06,425 [s0@group-E264CA5F8311-LeaderElection240] INFO  impl.RoleInfo (RoleInfo.java:updateAndGet(138)) - s0: start s0@group-E264CA5F8311-FollowerState
2023-08-18 03:37:06,434 [s0-server-thread1] INFO  server.RaftServer$Division (RaftServerImpl.java:setConfigurationAsync(1238)) - s0@group-E264CA5F8311: receive setConfiguration SetConfigurationRequest:client-255CF6B0DA3F->s0@group-E264CA5F8311, cid=386, seq=0, RW, null, SET_UNCONDITIONALLY, servers:[s1|rpc:0.0.0.0:34459|dataStream:|priority:0|startupRole:FOLLOWER, s2|rpc:0.0.0.0:43137|dataStream:|priority:0|startupRole:FOLLOWER, s0|rpc:localhost:39295|admin:localhost:44843|client:localhost:40991|dataStream:localhost:40677|priority:0|startupRole:FOLLOWER], listeners:[]
2023-08-18 03:37:06,537 [s2-server-thread1] INFO  server.RaftServer$Division (RaftServerImpl.java:setConfigurationAsync(1238)) - s2@group-E264CA5F8311: receive setConfiguration SetConfigurationRequest:client-255CF6B0DA3F->s2@group-E264CA5F8311, cid=386, seq=0, RW, null, SET_UNCONDITIONALLY, servers:[s1|rpc:0.0.0.0:34459|dataStream:|priority:0|startupRole:FOLLOWER, s2|rpc:0.0.0.0:43137|dataStream:|priority:0|startupRole:FOLLOWER, s0|rpc:localhost:39295|admin:localhost:44843|client:localhost:40991|dataStream:localhost:40677|priority:0|startupRole:FOLLOWER], listeners:[]
2023-08-18 03:37:06,609 [s0@group-E264CA5F8311-FollowerState] INFO  impl.FollowerState (FollowerState.java:run(143)) - s0@group-E264CA5F8311-FollowerState: change to CANDIDATE, lastRpcElapsedTime:184492961ns, electionTimeout:184ms
2023-08-18 03:37:06,609 [s0@group-E264CA5F8311-FollowerState] INFO  impl.RoleInfo (RoleInfo.java:shutdownFollowerState(109)) - s0: shutdown s0@group-E264CA5F8311-FollowerState
2023-08-18 03:37:06,609 [s0@group-E264CA5F8311-FollowerState] INFO  server.RaftServer$Division (RaftServerImpl.java:setRole(371)) - s0@group-E264CA5F8311: changes role from  FOLLOWER to CANDIDATE at term 1 for changeToCandidate
2023-08-18 03:37:06,609 [s0@group-E264CA5F8311-FollowerState] INFO  impl.SimpleStateMachine4Testing (SimpleStateMachine4Testing.java:notifyExtendedNoLeader(411)) - StateMachineWithMultiNestedSnapshotFile:s0:group-E264CA5F8311: notifyExtendedNoLeader group-E264CA5F8311, self {
  id: "s0"
  address: "localhost:39295"
  dataStreamAddress: "localhost:40677"
  clientAddress: "localhost:40991"
  adminAddress: "localhost:44843"
  startupRole: FOLLOWER
}
role: CANDIDATE
candidateInfo {
  lastLeaderElapsedTimeMs: 64893
}

2023-08-18 03:37:06,609 [s0@group-E264CA5F8311-FollowerState] INFO  server.RaftServerConfigKeys (ConfUtils.java:logGet(46)) - raft.server.leaderelection.pre-vote = true (default)
2023-08-18 03:37:06,609 [s0@group-E264CA5F8311-FollowerState] INFO  impl.RoleInfo (RoleInfo.java:updateAndGet(138)) - s0: start s0@group-E264CA5F8311-LeaderElection241
2023-08-18 03:37:06,610 [s0@group-E264CA5F8311-LeaderElection241] INFO  impl.LeaderElection (LeaderElection.java:askForVotes(320)) - s0@group-E264CA5F8311-LeaderElection241 PRE_VOTE round 0: submit vote requests at term 1 for 255: peers:[s0|rpc:localhost:39295|admin:localhost:44843|client:localhost:40991|dataStream:localhost:40677|priority:0|startupRole:FOLLOWER, s1|rpc:0.0.0.0:34459|dataStream:|priority:0|startupRole:FOLLOWER, s2|rpc:0.0.0.0:43137|dataStream:|priority:0|startupRole:FOLLOWER]|listeners:[], old=peers:[s0|rpc:localhost:39295|admin:localhost:44843|client:localhost:40991|dataStream:localhost:40677|priority:0|startupRole:FOLLOWER]|listeners:[]
2023-08-18 03:37:06,611 [grpc-default-executor-0] INFO  server.RaftServer$Division (RaftServerImpl.java:requestVote(1344)) - s2@group-E264CA5F8311: receive requestVote(PRE_VOTE, s0, group-E264CA5F8311, 1, (t:1, i:255))
2023-08-18 03:37:06,611 [grpc-default-executor-3] INFO  server.RaftServer$Division (RaftServerImpl.java:requestVote(1344)) - s1@group-E264CA5F8311: receive requestVote(PRE_VOTE, s0, group-E264CA5F8311, 1, (t:1, i:255))
2023-08-18 03:37:06,611 [grpc-default-executor-0] WARN  server.GrpcServerProtocolService (LogUtils.java:warn(122)) - s2: Failed requestVote s0->s2#0: org.apache.ratis.protocol.exceptions.ServerNotReadyException: s2@group-E264CA5F8311 is not in [RUNNING]: current state is STARTING
2023-08-18 03:37:06,611 [grpc-default-executor-3] WARN  server.GrpcServerProtocolService (LogUtils.java:warn(122)) - s1: Failed requestVote s0->s1#0: org.apache.ratis.protocol.exceptions.ServerNotReadyException: s1@group-E264CA5F8311 is not in [RUNNING]: current state is STARTING
2023-08-18 03:37:06,611 [s0@group-E264CA5F8311-LeaderElection241] INFO  impl.LeaderElection (LogUtils.java:infoOrTrace(137)) - s0@group-E264CA5F8311-LeaderElection241 got exception when requesting votes: java.util.concurrent.ExecutionException: org.apache.ratis.thirdparty.io.grpc.StatusRuntimeException: INTERNAL: s2@group-E264CA5F8311 is not in [RUNNING]: current state is STARTING
2023-08-18 03:37:06,611 [s0@group-E264CA5F8311-LeaderElection241] INFO  impl.LeaderElection (LogUtils.java:infoOrTrace(137)) - s0@group-E264CA5F8311-LeaderElection241 got exception when requesting votes: java.util.concurrent.ExecutionException: org.apache.ratis.thirdparty.io.grpc.StatusRuntimeException: INTERNAL: s1@group-E264CA5F8311 is not in [RUNNING]: current state is STARTING
2023-08-18 03:37:06,611 [s0@group-E264CA5F8311-LeaderElection241] INFO  impl.LeaderElection (LeaderElection.java:logAndReturn(89)) - s0@group-E264CA5F8311-LeaderElection241: PRE_VOTE REJECTED received 0 response(s) and 2 exception(s):
2023-08-18 03:37:06,611 [s0@group-E264CA5F8311-LeaderElection241] INFO  impl.LeaderElection (LogUtils.java:infoOrTrace(137)) -   Exception 0: java.util.concurrent.ExecutionException: org.apache.ratis.thirdparty.io.grpc.StatusRuntimeException: INTERNAL: s2@group-E264CA5F8311 is not in [RUNNING]: current state is STARTING
2023-08-18 03:37:06,611 [s0@group-E264CA5F8311-LeaderElection241] INFO  impl.LeaderElection (LogUtils.java:infoOrTrace(137)) -   Exception 1: java.util.concurrent.ExecutionException: org.apache.ratis.thirdparty.io.grpc.StatusRuntimeException: INTERNAL: s1@group-E264CA5F8311 is not in [RUNNING]: current state is STARTING
2023-08-18 03:37:06,612 [s0@group-E264CA5F8311-LeaderElection241] INFO  impl.LeaderElection (LeaderElection.java:askForVotes(322)) - s0@group-E264CA5F8311-LeaderElection241 PRE_VOTE round 0: result REJECTED
2023-08-18 03:37:06,612 [s0@group-E264CA5F8311-LeaderElection241] INFO  server.RaftServer$Division (RaftServerImpl.java:setRole(371)) - s0@group-E264CA5F8311: changes role from CANDIDATE to FOLLOWER at term 1 for REJECTED
2023-08-18 03:37:06,612 [s0@group-E264CA5F8311-LeaderElection241] INFO  impl.RoleInfo (RoleInfo.java:shutdownLeaderElection(129)) - s0: shutdown s0@group-E264CA5F8311-LeaderElection241
2023-08-18 03:37:06,612 [s0@group-E264CA5F8311-LeaderElection241] INFO  impl.RoleInfo (RoleInfo.java:updateAndGet(138)) - s0: start s0@group-E264CA5F8311-FollowerState
2023-08-18 03:37:06,641 [s0-server-thread1] INFO  server.RaftServer$Division (RaftServerImpl.java:setConfigurationAsync(1238)) - s0@group-E264CA5F8311: receive setConfiguration SetConfigurationRequest:client-255CF6B0DA3F->s0@group-E264CA5F8311, cid=386, seq=0, RW, null, SET_UNCONDITIONALLY, servers:[s1|rpc:0.0.0.0:34459|dataStream:|priority:0|startupRole:FOLLOWER, s2|rpc:0.0.0.0:43137|dataStream:|priority:0|startupRole:FOLLOWER, s0|rpc:localhost:39295|admin:localhost:44843|client:localhost:40991|dataStream:localhost:40677|priority:0|startupRole:FOLLOWER], listeners:[]
2023-08-18 03:37:06,745 [s2-server-thread1] INFO  server.RaftServer$Division (RaftServerImpl.java:setConfigurationAsync(1238)) - s2@group-E264CA5F8311: receive setConfiguration SetConfigurationRequest:client-255CF6B0DA3F->s2@group-E264CA5F8311, cid=386, seq=0, RW, null, SET_UNCONDITIONALLY, servers:[s1|rpc:0.0.0.0:34459|dataStream:|priority:0|startupRole:FOLLOWER, s2|rpc:0.0.0.0:43137|dataStream:|priority:0|startupRole:FOLLOWER, s0|rpc:localhost:39295|admin:localhost:44843|client:localhost:40991|dataStream:localhost:40677|priority:0|startupRole:FOLLOWER], listeners:[]
2023-08-18 03:37:06,848 [s1-server-thread1] INFO  server.RaftServer$Division (RaftServerImpl.java:setConfigurationAsync(1238)) - s1@group-E264CA5F8311: receive setConfiguration SetConfigurationRequest:client-255CF6B0DA3F->s1@group-E264CA5F8311, cid=386, seq=0, RW, null, SET_UNCONDITIONALLY, servers:[s1|rpc:0.0.0.0:34459|dataStream:|priority:0|startupRole:FOLLOWER, s2|rpc:0.0.0.0:43137|dataStream:|priority:0|startupRole:FOLLOWER, s0|rpc:localhost:39295|admin:localhost:44843|client:localhost:40991|dataStream:localhost:40677|priority:0|startupRole:FOLLOWER], listeners:[]
2023-08-18 03:37:06,866 [s0@group-E264CA5F8311-FollowerState] INFO  impl.FollowerState (FollowerState.java:run(143)) - s0@group-E264CA5F8311-FollowerState: change to CANDIDATE, lastRpcElapsedTime:254339092ns, electionTimeout:254ms
2023-08-18 03:37:06,866 [s0@group-E264CA5F8311-FollowerState] INFO  impl.RoleInfo (RoleInfo.java:shutdownFollowerState(109)) - s0: shutdown s0@group-E264CA5F8311-FollowerState
2023-08-18 03:37:06,866 [s0@group-E264CA5F8311-FollowerState] INFO  server.RaftServer$Division (RaftServerImpl.java:setRole(371)) - s0@group-E264CA5F8311: changes role from  FOLLOWER to CANDIDATE at term 1 for changeToCandidate
2023-08-18 03:37:06,866 [s0@group-E264CA5F8311-FollowerState] INFO  impl.SimpleStateMachine4Testing (SimpleStateMachine4Testing.java:notifyExtendedNoLeader(411)) - StateMachineWithMultiNestedSnapshotFile:s0:group-E264CA5F8311: notifyExtendedNoLeader group-E264CA5F8311, self {
  id: "s0"
  address: "localhost:39295"
  dataStreamAddress: "localhost:40677"
  clientAddress: "localhost:40991"
  adminAddress: "localhost:44843"
  startupRole: FOLLOWER
}
role: CANDIDATE
candidateInfo {
  lastLeaderElapsedTimeMs: 65150
}

2023-08-18 03:37:06,866 [s0@group-E264CA5F8311-FollowerState] INFO  server.RaftServerConfigKeys (ConfUtils.java:logGet(46)) - raft.server.leaderelection.pre-vote = true (default)
2023-08-18 03:37:06,866 [s0@group-E264CA5F8311-FollowerState] INFO  impl.RoleInfo (RoleInfo.java:updateAndGet(138)) - s0: start s0@group-E264CA5F8311-LeaderElection242
2023-08-18 03:37:06,867 [s0@group-E264CA5F8311-LeaderElection242] INFO  impl.LeaderElection (LeaderElection.java:askForVotes(320)) - s0@group-E264CA5F8311-LeaderElection242 PRE_VOTE round 0: submit vote requests at term 1 for 255: peers:[s0|rpc:localhost:39295|admin:localhost:44843|client:localhost:40991|dataStream:localhost:40677|priority:0|startupRole:FOLLOWER, s1|rpc:0.0.0.0:34459|dataStream:|priority:0|startupRole:FOLLOWER, s2|rpc:0.0.0.0:43137|dataStream:|priority:0|startupRole:FOLLOWER]|listeners:[], old=peers:[s0|rpc:localhost:39295|admin:localhost:44843|client:localhost:40991|dataStream:localhost:40677|priority:0|startupRole:FOLLOWER]|listeners:[]
2023-08-18 03:37:06,867 [grpc-default-executor-0] INFO  server.RaftServer$Division (RaftServerImpl.java:requestVote(1344)) - s1@group-E264CA5F8311: receive requestVote(PRE_VOTE, s0, group-E264CA5F8311, 1, (t:1, i:255))
2023-08-18 03:37:06,867 [grpc-default-executor-0] WARN  server.GrpcServerProtocolService (LogUtils.java:warn(122)) - s1: Failed requestVote s0->s1#0: org.apache.ratis.protocol.exceptions.ServerNotReadyException: s1@group-E264CA5F8311 is not in [RUNNING]: current state is STARTING
2023-08-18 03:37:06,868 [grpc-default-executor-0] INFO  server.RaftServer$Division (RaftServerImpl.java:requestVote(1344)) - s2@group-E264CA5F8311: receive requestVote(PRE_VOTE, s0, group-E264CA5F8311, 1, (t:1, i:255))
2023-08-18 03:37:06,868 [grpc-default-executor-0] WARN  server.GrpcServerProtocolService (LogUtils.java:warn(122)) - s2: Failed requestVote s0->s2#0: org.apache.ratis.protocol.exceptions.ServerNotReadyException: s2@group-E264CA5F8311 is not in [RUNNING]: current state is STARTING
2023-08-18 03:37:06,868 [s0@group-E264CA5F8311-LeaderElection242] INFO  impl.LeaderElection (LogUtils.java:infoOrTrace(137)) - s0@group-E264CA5F8311-LeaderElection242 got exception when requesting votes: java.util.concurrent.ExecutionException: org.apache.ratis.thirdparty.io.grpc.StatusRuntimeException: INTERNAL: s1@group-E264CA5F8311 is not in [RUNNING]: current state is STARTING
2023-08-18 03:37:06,868 [s0@group-E264CA5F8311-LeaderElection242] INFO  impl.LeaderElection (LogUtils.java:infoOrTrace(137)) - s0@group-E264CA5F8311-LeaderElection242 got exception when requesting votes: java.util.concurrent.ExecutionException: org.apache.ratis.thirdparty.io.grpc.StatusRuntimeException: INTERNAL: s2@group-E264CA5F8311 is not in [RUNNING]: current state is STARTING
2023-08-18 03:37:06,868 [s0@group-E264CA5F8311-LeaderElection242] INFO  impl.LeaderElection (LeaderElection.java:logAndReturn(89)) - s0@group-E264CA5F8311-LeaderElection242: PRE_VOTE REJECTED received 0 response(s) and 2 exception(s):
2023-08-18 03:37:06,868 [s0@group-E264CA5F8311-LeaderElection242] INFO  impl.LeaderElection (LogUtils.java:infoOrTrace(137)) -   Exception 0: java.util.concurrent.ExecutionException: org.apache.ratis.thirdparty.io.grpc.StatusRuntimeException: INTERNAL: s1@group-E264CA5F8311 is not in [RUNNING]: current state is STARTING
2023-08-18 03:37:06,868 [s0@group-E264CA5F8311-LeaderElection242] INFO  impl.LeaderElection (LogUtils.java:infoOrTrace(137)) -   Exception 1: java.util.concurrent.ExecutionException: org.apache.ratis.thirdparty.io.grpc.StatusRuntimeException: INTERNAL: s2@group-E264CA5F8311 is not in [RUNNING]: current state is STARTING
2023-08-18 03:37:06,868 [s0@group-E264CA5F8311-LeaderElection242] INFO  impl.LeaderElection (LeaderElection.java:askForVotes(322)) - s0@group-E264CA5F8311-LeaderElection242 PRE_VOTE round 0: result REJECTED
2023-08-18 03:37:06,868 [s0@group-E264CA5F8311-LeaderElection242] INFO  server.RaftServer$Division (RaftServerImpl.java:setRole(371)) - s0@group-E264CA5F8311: changes role from CANDIDATE to FOLLOWER at term 1 for REJECTED
2023-08-18 03:37:06,868 [s0@group-E264CA5F8311-LeaderElection242] INFO  impl.RoleInfo (RoleInfo.java:shutdownLeaderElection(129)) - s0: shutdown s0@group-E264CA5F8311-LeaderElection242
2023-08-18 03:37:06,868 [s0@group-E264CA5F8311-LeaderElection242] INFO  impl.RoleInfo (RoleInfo.java:updateAndGet(138)) - s0: start s0@group-E264CA5F8311-FollowerState
2023-08-18 03:37:06,951 [s2-server-thread1] INFO  server.RaftServer$Division (RaftServerImpl.java:setConfigurationAsync(1238)) - s2@group-E264CA5F8311: receive setConfiguration SetConfigurationRequest:client-255CF6B0DA3F->s2@group-E264CA5F8311, cid=386, seq=0, RW, null, SET_UNCONDITIONALLY, servers:[s1|rpc:0.0.0.0:34459|dataStream:|priority:0|startupRole:FOLLOWER, s2|rpc:0.0.0.0:43137|dataStream:|priority:0|startupRole:FOLLOWER, s0|rpc:localhost:39295|admin:localhost:44843|client:localhost:40991|dataStream:localhost:40677|priority:0|startupRole:FOLLOWER], listeners:[]
2023-08-18 03:37:07,056 [s1-server-thread1] INFO  server.RaftServer$Division (RaftServerImpl.java:setConfigurationAsync(1238)) - s1@group-E264CA5F8311: receive setConfiguration SetConfigurationRequest:client-255CF6B0DA3F->s1@group-E264CA5F8311, cid=386, seq=0, RW, null, SET_UNCONDITIONALLY, servers:[s1|rpc:0.0.0.0:34459|dataStream:|priority:0|startupRole:FOLLOWER, s2|rpc:0.0.0.0:43137|dataStream:|priority:0|startupRole:FOLLOWER, s0|rpc:localhost:39295|admin:localhost:44843|client:localhost:40991|dataStream:localhost:40677|priority:0|startupRole:FOLLOWER], listeners:[]
2023-08-18 03:37:07,111 [s0@group-E264CA5F8311-FollowerState] INFO  impl.FollowerState (FollowerState.java:run(143)) - s0@group-E264CA5F8311-FollowerState: change to CANDIDATE, lastRpcElapsedTime:242315873ns, electionTimeout:242ms
2023-08-18 03:37:07,111 [s0@group-E264CA5F8311-FollowerState] INFO  impl.RoleInfo (RoleInfo.java:shutdownFollowerState(109)) - s0: shutdown s0@group-E264CA5F8311-FollowerState
2023-08-18 03:37:07,111 [s0@group-E264CA5F8311-FollowerState] INFO  server.RaftServer$Division (RaftServerImpl.java:setRole(371)) - s0@group-E264CA5F8311: changes role from  FOLLOWER to CANDIDATE at term 1 for changeToCandidate
2023-08-18 03:37:07,111 [s0@group-E264CA5F8311-FollowerState] INFO  impl.SimpleStateMachine4Testing (SimpleStateMachine4Testing.java:notifyExtendedNoLeader(411)) - StateMachineWithMultiNestedSnapshotFile:s0:group-E264CA5F8311: notifyExtendedNoLeader group-E264CA5F8311, self {
  id: "s0"
  address: "localhost:39295"
  dataStreamAddress: "localhost:40677"
  clientAddress: "localhost:40991"
  adminAddress: "localhost:44843"
  startupRole: FOLLOWER
}
role: CANDIDATE
candidateInfo {
  lastLeaderElapsedTimeMs: 65395
}

2023-08-18 03:37:07,111 [s0@group-E264CA5F8311-FollowerState] INFO  server.RaftServerConfigKeys (ConfUtils.java:logGet(46)) - raft.server.leaderelection.pre-vote = true (default)
2023-08-18 03:37:07,111 [s0@group-E264CA5F8311-FollowerState] INFO  impl.RoleInfo (RoleInfo.java:updateAndGet(138)) - s0: start s0@group-E264CA5F8311-LeaderElection243
2023-08-18 03:37:07,115 [s0@group-E264CA5F8311-LeaderElection243] INFO  impl.LeaderElection (LeaderElection.java:askForVotes(320)) - s0@group-E264CA5F8311-LeaderElection243 PRE_VOTE round 0: submit vote requests at term 1 for 255: peers:[s0|rpc:localhost:39295|admin:localhost:44843|client:localhost:40991|dataStream:localhost:40677|priority:0|startupRole:FOLLOWER, s1|rpc:0.0.0.0:34459|dataStream:|priority:0|startupRole:FOLLOWER, s2|rpc:0.0.0.0:43137|dataStream:|priority:0|startupRole:FOLLOWER]|listeners:[], old=peers:[s0|rpc:localhost:39295|admin:localhost:44843|client:localhost:40991|dataStream:localhost:40677|priority:0|startupRole:FOLLOWER]|listeners:[]
2023-08-18 03:37:07,116 [grpc-default-executor-0] INFO  server.RaftServer$Division (RaftServerImpl.java:requestVote(1344)) - s1@group-E264CA5F8311: receive requestVote(PRE_VOTE, s0, group-E264CA5F8311, 1, (t:1, i:255))
2023-08-18 03:37:07,116 [grpc-default-executor-0] WARN  server.GrpcServerProtocolService (LogUtils.java:warn(122)) - s1: Failed requestVote s0->s1#0: org.apache.ratis.protocol.exceptions.ServerNotReadyException: s1@group-E264CA5F8311 is not in [RUNNING]: current state is STARTING
2023-08-18 03:37:07,116 [grpc-default-executor-0] INFO  server.RaftServer$Division (RaftServerImpl.java:requestVote(1344)) - s2@group-E264CA5F8311: receive requestVote(PRE_VOTE, s0, group-E264CA5F8311, 1, (t:1, i:255))
2023-08-18 03:37:07,116 [s0@group-E264CA5F8311-LeaderElection243] INFO  impl.LeaderElection (LogUtils.java:infoOrTrace(137)) - s0@group-E264CA5F8311-LeaderElection243 got exception when requesting votes: java.util.concurrent.ExecutionException: org.apache.ratis.thirdparty.io.grpc.StatusRuntimeException: INTERNAL: s1@group-E264CA5F8311 is not in [RUNNING]: current state is STARTING
2023-08-18 03:37:07,117 [grpc-default-executor-0] WARN  server.GrpcServerProtocolService (LogUtils.java:warn(122)) - s2: Failed requestVote s0->s2#0: org.apache.ratis.protocol.exceptions.ServerNotReadyException: s2@group-E264CA5F8311 is not in [RUNNING]: current state is STARTING
2023-08-18 03:37:07,117 [s0@group-E264CA5F8311-LeaderElection243] INFO  impl.LeaderElection (LogUtils.java:infoOrTrace(137)) - s0@group-E264CA5F8311-LeaderElection243 got exception when requesting votes: java.util.concurrent.ExecutionException: org.apache.ratis.thirdparty.io.grpc.StatusRuntimeException: INTERNAL: s2@group-E264CA5F8311 is not in [RUNNING]: current state is STARTING
2023-08-18 03:37:07,117 [s0@group-E264CA5F8311-LeaderElection243] INFO  impl.LeaderElection (LeaderElection.java:logAndReturn(89)) - s0@group-E264CA5F8311-LeaderElection243: PRE_VOTE REJECTED received 0 response(s) and 2 exception(s):
2023-08-18 03:37:07,117 [s0@group-E264CA5F8311-LeaderElection243] INFO  impl.LeaderElection (LogUtils.java:infoOrTrace(137)) -   Exception 0: java.util.concurrent.ExecutionException: org.apache.ratis.thirdparty.io.grpc.StatusRuntimeException: INTERNAL: s1@group-E264CA5F8311 is not in [RUNNING]: current state is STARTING
2023-08-18 03:37:07,117 [s0@group-E264CA5F8311-LeaderElection243] INFO  impl.LeaderElection (LogUtils.java:infoOrTrace(137)) -   Exception 1: java.util.concurrent.ExecutionException: org.apache.ratis.thirdparty.io.grpc.StatusRuntimeException: INTERNAL: s2@group-E264CA5F8311 is not in [RUNNING]: current state is STARTING
2023-08-18 03:37:07,117 [s0@group-E264CA5F8311-LeaderElection243] INFO  impl.LeaderElection (LeaderElection.java:askForVotes(322)) - s0@group-E264CA5F8311-LeaderElection243 PRE_VOTE round 0: result REJECTED
2023-08-18 03:37:07,117 [s0@group-E264CA5F8311-LeaderElection243] INFO  server.RaftServer$Division (RaftServerImpl.java:setRole(371)) - s0@group-E264CA5F8311: changes role from CANDIDATE to FOLLOWER at term 1 for REJECTED
2023-08-18 03:37:07,117 [s0@group-E264CA5F8311-LeaderElection243] INFO  impl.RoleInfo (RoleInfo.java:shutdownLeaderElection(129)) - s0: shutdown s0@group-E264CA5F8311-LeaderElection243
2023-08-18 03:37:07,117 [s0@group-E264CA5F8311-LeaderElection243] INFO  impl.RoleInfo (RoleInfo.java:updateAndGet(138)) - s0: start s0@group-E264CA5F8311-FollowerState
2023-08-18 03:37:07,160 [s0-server-thread1] INFO  server.RaftServer$Division (RaftServerImpl.java:setConfigurationAsync(1238)) - s0@group-E264CA5F8311: receive setConfiguration SetConfigurationRequest:client-255CF6B0DA3F->s0@group-E264CA5F8311, cid=386, seq=0, RW, null, SET_UNCONDITIONALLY, servers:[s1|rpc:0.0.0.0:34459|dataStream:|priority:0|startupRole:FOLLOWER, s2|rpc:0.0.0.0:43137|dataStream:|priority:0|startupRole:FOLLOWER, s0|rpc:localhost:39295|admin:localhost:44843|client:localhost:40991|dataStream:localhost:40677|priority:0|startupRole:FOLLOWER], listeners:[]
2023-08-18 03:37:07,264 [s2-server-thread1] INFO  server.RaftServer$Division (RaftServerImpl.java:setConfigurationAsync(1238)) - s2@group-E264CA5F8311: receive setConfiguration SetConfigurationRequest:client-255CF6B0DA3F->s2@group-E264CA5F8311, cid=386, seq=0, RW, null, SET_UNCONDITIONALLY, servers:[s1|rpc:0.0.0.0:34459|dataStream:|priority:0|startupRole:FOLLOWER, s2|rpc:0.0.0.0:43137|dataStream:|priority:0|startupRole:FOLLOWER, s0|rpc:localhost:39295|admin:localhost:44843|client:localhost:40991|dataStream:localhost:40677|priority:0|startupRole:FOLLOWER], listeners:[]
2023-08-18 03:37:07,367 [s1-server-thread1] INFO  server.RaftServer$Division (RaftServerImpl.java:setConfigurationAsync(1238)) - s1@group-E264CA5F8311: receive setConfiguration SetConfigurationRequest:client-255CF6B0DA3F->s1@group-E264CA5F8311, cid=386, seq=0, RW, null, SET_UNCONDITIONALLY, servers:[s1|rpc:0.0.0.0:34459|dataStream:|priority:0|startupRole:FOLLOWER, s2|rpc:0.0.0.0:43137|dataStream:|priority:0|startupRole:FOLLOWER, s0|rpc:localhost:39295|admin:localhost:44843|client:localhost:40991|dataStream:localhost:40677|priority:0|startupRole:FOLLOWER], listeners:[]
2023-08-18 03:37:07,413 [s0@group-E264CA5F8311-FollowerState] INFO  impl.FollowerState (FollowerState.java:run(143)) - s0@group-E264CA5F8311-FollowerState: change to CANDIDATE, lastRpcElapsedTime:295585515ns, electionTimeout:295ms
2023-08-18 03:37:07,413 [s0@group-E264CA5F8311-FollowerState] INFO  impl.RoleInfo (RoleInfo.java:shutdownFollowerState(109)) - s0: shutdown s0@group-E264CA5F8311-FollowerState
2023-08-18 03:37:07,413 [s0@group-E264CA5F8311-FollowerState] INFO  server.RaftServer$Division (RaftServerImpl.java:setRole(371)) - s0@group-E264CA5F8311: changes role from  FOLLOWER to CANDIDATE at term 1 for changeToCandidate
2023-08-18 03:37:07,413 [s0@group-E264CA5F8311-FollowerState] INFO  impl.SimpleStateMachine4Testing (SimpleStateMachine4Testing.java:notifyExtendedNoLeader(411)) - StateMachineWithMultiNestedSnapshotFile:s0:group-E264CA5F8311: notifyExtendedNoLeader group-E264CA5F8311, self {
  id: "s0"
  address: "localhost:39295"
  dataStreamAddress: "localhost:40677"
  clientAddress: "localhost:40991"
  adminAddress: "localhost:44843"
  startupRole: FOLLOWER
}
role: CANDIDATE
candidateInfo {
  lastLeaderElapsedTimeMs: 65697
}

2023-08-18 03:37:07,413 [s0@group-E264CA5F8311-FollowerState] INFO  server.RaftServerConfigKeys (ConfUtils.java:logGet(46)) - raft.server.leaderelection.pre-vote = true (default)
2023-08-18 03:37:07,413 [s0@group-E264CA5F8311-FollowerState] INFO  impl.RoleInfo (RoleInfo.java:updateAndGet(138)) - s0: start s0@group-E264CA5F8311-LeaderElection244
2023-08-18 03:37:07,413 [s0@group-E264CA5F8311-LeaderElection244] INFO  impl.LeaderElection (LeaderElection.java:askForVotes(320)) - s0@group-E264CA5F8311-LeaderElection244 PRE_VOTE round 0: submit vote requests at term 1 for 255: peers:[s0|rpc:localhost:39295|admin:localhost:44843|client:localhost:40991|dataStream:localhost:40677|priority:0|startupRole:FOLLOWER, s1|rpc:0.0.0.0:34459|dataStream:|priority:0|startupRole:FOLLOWER, s2|rpc:0.0.0.0:43137|dataStream:|priority:0|startupRole:FOLLOWER]|listeners:[], old=peers:[s0|rpc:localhost:39295|admin:localhost:44843|client:localhost:40991|dataStream:localhost:40677|priority:0|startupRole:FOLLOWER]|listeners:[]
2023-08-18 03:37:07,414 [grpc-default-executor-0] INFO  server.RaftServer$Division (RaftServerImpl.java:requestVote(1344)) - s2@group-E264CA5F8311: receive requestVote(PRE_VOTE, s0, group-E264CA5F8311, 1, (t:1, i:255))
2023-08-18 03:37:07,415 [grpc-default-executor-0] WARN  server.GrpcServerProtocolService (LogUtils.java:warn(122)) - s2: Failed requestVote s0->s2#0: org.apache.ratis.protocol.exceptions.ServerNotReadyException: s2@group-E264CA5F8311 is not in [RUNNING]: current state is STARTING
2023-08-18 03:37:07,415 [grpc-default-executor-0] INFO  server.RaftServer$Division (RaftServerImpl.java:requestVote(1344)) - s1@group-E264CA5F8311: receive requestVote(PRE_VOTE, s0, group-E264CA5F8311, 1, (t:1, i:255))
2023-08-18 03:37:07,415 [grpc-default-executor-0] WARN  server.GrpcServerProtocolService (LogUtils.java:warn(122)) - s1: Failed requestVote s0->s1#0: org.apache.ratis.protocol.exceptions.ServerNotReadyException: s1@group-E264CA5F8311 is not in [RUNNING]: current state is STARTING
2023-08-18 03:37:07,415 [s0@group-E264CA5F8311-LeaderElection244] INFO  impl.LeaderElection (LogUtils.java:infoOrTrace(137)) - s0@group-E264CA5F8311-LeaderElection244 got exception when requesting votes: java.util.concurrent.ExecutionException: org.apache.ratis.thirdparty.io.grpc.StatusRuntimeException: INTERNAL: s2@group-E264CA5F8311 is not in [RUNNING]: current state is STARTING
2023-08-18 03:37:07,415 [s0@group-E264CA5F8311-LeaderElection244] INFO  impl.LeaderElection (LogUtils.java:infoOrTrace(137)) - s0@group-E264CA5F8311-LeaderElection244 got exception when requesting votes: java.util.concurrent.ExecutionException: org.apache.ratis.thirdparty.io.grpc.StatusRuntimeException: INTERNAL: s1@group-E264CA5F8311 is not in [RUNNING]: current state is STARTING
2023-08-18 03:37:07,415 [s0@group-E264CA5F8311-LeaderElection244] INFO  impl.LeaderElection (LeaderElection.java:logAndReturn(89)) - s0@group-E264CA5F8311-LeaderElection244: PRE_VOTE REJECTED received 0 response(s) and 2 exception(s):
2023-08-18 03:37:07,415 [s0@group-E264CA5F8311-LeaderElection244] INFO  impl.LeaderElection (LogUtils.java:infoOrTrace(137)) -   Exception 0: java.util.concurrent.ExecutionException: org.apache.ratis.thirdparty.io.grpc.StatusRuntimeException: INTERNAL: s2@group-E264CA5F8311 is not in [RUNNING]: current state is STARTING
2023-08-18 03:37:07,415 [s0@group-E264CA5F8311-LeaderElection244] INFO  impl.LeaderElection (LogUtils.java:infoOrTrace(137)) -   Exception 1: java.util.concurrent.ExecutionException: org.apache.ratis.thirdparty.io.grpc.StatusRuntimeException: INTERNAL: s1@group-E264CA5F8311 is not in [RUNNING]: current state is STARTING
2023-08-18 03:37:07,415 [s0@group-E264CA5F8311-LeaderElection244] INFO  impl.LeaderElection (LeaderElection.java:askForVotes(322)) - s0@group-E264CA5F8311-LeaderElection244 PRE_VOTE round 0: result REJECTED
2023-08-18 03:37:07,415 [s0@group-E264CA5F8311-LeaderElection244] INFO  server.RaftServer$Division (RaftServerImpl.java:setRole(371)) - s0@group-E264CA5F8311: changes role from CANDIDATE to FOLLOWER at term 1 for REJECTED
2023-08-18 03:37:07,415 [s0@group-E264CA5F8311-LeaderElection244] INFO  impl.RoleInfo (RoleInfo.java:shutdownLeaderElection(129)) - s0: shutdown s0@group-E264CA5F8311-LeaderElection244
2023-08-18 03:37:07,415 [s0@group-E264CA5F8311-LeaderElection244] INFO  impl.RoleInfo (RoleInfo.java:updateAndGet(138)) - s0: start s0@group-E264CA5F8311-FollowerState
2023-08-18 03:37:07,471 [s0-server-thread1] INFO  server.RaftServer$Division (RaftServerImpl.java:setConfigurationAsync(1238)) - s0@group-E264CA5F8311: receive setConfiguration SetConfigurationRequest:client-255CF6B0DA3F->s0@group-E264CA5F8311, cid=386, seq=0, RW, null, SET_UNCONDITIONALLY, servers:[s1|rpc:0.0.0.0:34459|dataStream:|priority:0|startupRole:FOLLOWER, s2|rpc:0.0.0.0:43137|dataStream:|priority:0|startupRole:FOLLOWER, s0|rpc:localhost:39295|admin:localhost:44843|client:localhost:40991|dataStream:localhost:40677|priority:0|startupRole:FOLLOWER], listeners:[]
2023-08-18 03:37:07,574 [s1-server-thread1] INFO  server.RaftServer$Division (RaftServerImpl.java:setConfigurationAsync(1238)) - s1@group-E264CA5F8311: receive setConfiguration SetConfigurationRequest:client-255CF6B0DA3F->s1@group-E264CA5F8311, cid=386, seq=0, RW, null, SET_UNCONDITIONALLY, servers:[s1|rpc:0.0.0.0:34459|dataStream:|priority:0|startupRole:FOLLOWER, s2|rpc:0.0.0.0:43137|dataStream:|priority:0|startupRole:FOLLOWER, s0|rpc:localhost:39295|admin:localhost:44843|client:localhost:40991|dataStream:localhost:40677|priority:0|startupRole:FOLLOWER], listeners:[]
2023-08-18 03:37:07,678 [s2-server-thread1] INFO  server.RaftServer$Division (RaftServerImpl.java:setConfigurationAsync(1238)) - s2@group-E264CA5F8311: receive setConfiguration SetConfigurationRequest:client-255CF6B0DA3F->s2@group-E264CA5F8311, cid=386, seq=0, RW, null, SET_UNCONDITIONALLY, servers:[s1|rpc:0.0.0.0:34459|dataStream:|priority:0|startupRole:FOLLOWER, s2|rpc:0.0.0.0:43137|dataStream:|priority:0|startupRole:FOLLOWER, s0|rpc:localhost:39295|admin:localhost:44843|client:localhost:40991|dataStream:localhost:40677|priority:0|startupRole:FOLLOWER], listeners:[]
2023-08-18 03:37:07,709 [s0@group-E264CA5F8311-FollowerState] INFO  impl.FollowerState (FollowerState.java:run(143)) - s0@group-E264CA5F8311-FollowerState: change to CANDIDATE, lastRpcElapsedTime:293328530ns, electionTimeout:293ms
2023-08-18 03:37:07,709 [s0@group-E264CA5F8311-FollowerState] INFO  impl.RoleInfo (RoleInfo.java:shutdownFollowerState(109)) - s0: shutdown s0@group-E264CA5F8311-FollowerState
2023-08-18 03:37:07,709 [s0@group-E264CA5F8311-FollowerState] INFO  server.RaftServer$Division (RaftServerImpl.java:setRole(371)) - s0@group-E264CA5F8311: changes role from  FOLLOWER to CANDIDATE at term 1 for changeToCandidate
2023-08-18 03:37:07,709 [s0@group-E264CA5F8311-FollowerState] INFO  impl.SimpleStateMachine4Testing (SimpleStateMachine4Testing.java:notifyExtendedNoLeader(411)) - StateMachineWithMultiNestedSnapshotFile:s0:group-E264CA5F8311: notifyExtendedNoLeader group-E264CA5F8311, self {
  id: "s0"
  address: "localhost:39295"
  dataStreamAddress: "localhost:40677"
  clientAddress: "localhost:40991"
  adminAddress: "localhost:44843"
  startupRole: FOLLOWER
}
role: CANDIDATE
candidateInfo {
  lastLeaderElapsedTimeMs: 65992
}

2023-08-18 03:37:07,709 [s0@group-E264CA5F8311-FollowerState] INFO  server.RaftServerConfigKeys (ConfUtils.java:logGet(46)) - raft.server.leaderelection.pre-vote = true (default)
2023-08-18 03:37:07,709 [s0@group-E264CA5F8311-FollowerState] INFO  impl.RoleInfo (RoleInfo.java:updateAndGet(138)) - s0: start s0@group-E264CA5F8311-LeaderElection245
2023-08-18 03:37:07,710 [s0@group-E264CA5F8311-LeaderElection245] INFO  impl.LeaderElection (LeaderElection.java:askForVotes(320)) - s0@group-E264CA5F8311-LeaderElection245 PRE_VOTE round 0: submit vote requests at term 1 for 255: peers:[s0|rpc:localhost:39295|admin:localhost:44843|client:localhost:40991|dataStream:localhost:40677|priority:0|startupRole:FOLLOWER, s1|rpc:0.0.0.0:34459|dataStream:|priority:0|startupRole:FOLLOWER, s2|rpc:0.0.0.0:43137|dataStream:|priority:0|startupRole:FOLLOWER]|listeners:[], old=peers:[s0|rpc:localhost:39295|admin:localhost:44843|client:localhost:40991|dataStream:localhost:40677|priority:0|startupRole:FOLLOWER]|listeners:[]
2023-08-18 03:37:07,711 [grpc-default-executor-0] INFO  server.RaftServer$Division (RaftServerImpl.java:requestVote(1344)) - s1@group-E264CA5F8311: receive requestVote(PRE_VOTE, s0, group-E264CA5F8311, 1, (t:1, i:255))
2023-08-18 03:37:07,711 [grpc-default-executor-3] INFO  server.RaftServer$Division (RaftServerImpl.java:requestVote(1344)) - s2@group-E264CA5F8311: receive requestVote(PRE_VOTE, s0, group-E264CA5F8311, 1, (t:1, i:255))
2023-08-18 03:37:07,711 [grpc-default-executor-0] WARN  server.GrpcServerProtocolService (LogUtils.java:warn(122)) - s1: Failed requestVote s0->s1#0: org.apache.ratis.protocol.exceptions.ServerNotReadyException: s1@group-E264CA5F8311 is not in [RUNNING]: current state is STARTING
2023-08-18 03:37:07,711 [grpc-default-executor-3] WARN  server.GrpcServerProtocolService (LogUtils.java:warn(122)) - s2: Failed requestVote s0->s2#0: org.apache.ratis.protocol.exceptions.ServerNotReadyException: s2@group-E264CA5F8311 is not in [RUNNING]: current state is STARTING
2023-08-18 03:37:07,712 [s0@group-E264CA5F8311-LeaderElection245] INFO  impl.LeaderElection (LogUtils.java:infoOrTrace(137)) - s0@group-E264CA5F8311-LeaderElection245 got exception when requesting votes: java.util.concurrent.ExecutionException: org.apache.ratis.thirdparty.io.grpc.StatusRuntimeException: INTERNAL: s1@group-E264CA5F8311 is not in [RUNNING]: current state is STARTING
2023-08-18 03:37:07,712 [s0@group-E264CA5F8311-LeaderElection245] INFO  impl.LeaderElection (LogUtils.java:infoOrTrace(137)) - s0@group-E264CA5F8311-LeaderElection245 got exception when requesting votes: java.util.concurrent.ExecutionException: org.apache.ratis.thirdparty.io.grpc.StatusRuntimeException: INTERNAL: s2@group-E264CA5F8311 is not in [RUNNING]: current state is STARTING
2023-08-18 03:37:07,712 [s0@group-E264CA5F8311-LeaderElection245] INFO  impl.LeaderElection (LeaderElection.java:logAndReturn(89)) - s0@group-E264CA5F8311-LeaderElection245: PRE_VOTE REJECTED received 0 response(s) and 2 exception(s):
2023-08-18 03:37:07,712 [s0@group-E264CA5F8311-LeaderElection245] INFO  impl.LeaderElection (LogUtils.java:infoOrTrace(137)) -   Exception 0: java.util.concurrent.ExecutionException: org.apache.ratis.thirdparty.io.grpc.StatusRuntimeException: INTERNAL: s1@group-E264CA5F8311 is not in [RUNNING]: current state is STARTING
2023-08-18 03:37:07,712 [s0@group-E264CA5F8311-LeaderElection245] INFO  impl.LeaderElection (LogUtils.java:infoOrTrace(137)) -   Exception 1: java.util.concurrent.ExecutionException: org.apache.ratis.thirdparty.io.grpc.StatusRuntimeException: INTERNAL: s2@group-E264CA5F8311 is not in [RUNNING]: current state is STARTING
2023-08-18 03:37:07,712 [s0@group-E264CA5F8311-LeaderElection245] INFO  impl.LeaderElection (LeaderElection.java:askForVotes(322)) - s0@group-E264CA5F8311-LeaderElection245 PRE_VOTE round 0: result REJECTED
2023-08-18 03:37:07,712 [s0@group-E264CA5F8311-LeaderElection245] INFO  server.RaftServer$Division (RaftServerImpl.java:setRole(371)) - s0@group-E264CA5F8311: changes role from CANDIDATE to FOLLOWER at term 1 for REJECTED
2023-08-18 03:37:07,712 [s0@group-E264CA5F8311-LeaderElection245] INFO  impl.RoleInfo (RoleInfo.java:shutdownLeaderElection(129)) - s0: shutdown s0@group-E264CA5F8311-LeaderElection245
2023-08-18 03:37:07,712 [s0@group-E264CA5F8311-LeaderElection245] INFO  impl.RoleInfo (RoleInfo.java:updateAndGet(138)) - s0: start s0@group-E264CA5F8311-FollowerState
2023-08-18 03:37:07,782 [s0-server-thread1] INFO  server.RaftServer$Division (RaftServerImpl.java:setConfigurationAsync(1238)) - s0@group-E264CA5F8311: receive setConfiguration SetConfigurationRequest:client-255CF6B0DA3F->s0@group-E264CA5F8311, cid=386, seq=0, RW, null, SET_UNCONDITIONALLY, servers:[s1|rpc:0.0.0.0:34459|dataStream:|priority:0|startupRole:FOLLOWER, s2|rpc:0.0.0.0:43137|dataStream:|priority:0|startupRole:FOLLOWER, s0|rpc:localhost:39295|admin:localhost:44843|client:localhost:40991|dataStream:localhost:40677|priority:0|startupRole:FOLLOWER], listeners:[]
2023-08-18 03:37:07,885 [s1-server-thread1] INFO  server.RaftServer$Division (RaftServerImpl.java:setConfigurationAsync(1238)) - s1@group-E264CA5F8311: receive setConfiguration SetConfigurationRequest:client-255CF6B0DA3F->s1@group-E264CA5F8311, cid=386, seq=0, RW, null, SET_UNCONDITIONALLY, servers:[s1|rpc:0.0.0.0:34459|dataStream:|priority:0|startupRole:FOLLOWER, s2|rpc:0.0.0.0:43137|dataStream:|priority:0|startupRole:FOLLOWER, s0|rpc:localhost:39295|admin:localhost:44843|client:localhost:40991|dataStream:localhost:40677|priority:0|startupRole:FOLLOWER], listeners:[]
2023-08-18 03:37:07,990 [s2-server-thread1] INFO  server.RaftServer$Division (RaftServerImpl.java:setConfigurationAsync(1238)) - s2@group-E264CA5F8311: receive setConfiguration SetConfigurationRequest:client-255CF6B0DA3F->s2@group-E264CA5F8311, cid=386, seq=0, RW, null, SET_UNCONDITIONALLY, servers:[s1|rpc:0.0.0.0:34459|dataStream:|priority:0|startupRole:FOLLOWER, s2|rpc:0.0.0.0:43137|dataStream:|priority:0|startupRole:FOLLOWER, s0|rpc:localhost:39295|admin:localhost:44843|client:localhost:40991|dataStream:localhost:40677|priority:0|startupRole:FOLLOWER], listeners:[]
2023-08-18 03:37:07,992 [s0@group-E264CA5F8311-FollowerState] INFO  impl.FollowerState (FollowerState.java:run(143)) - s0@group-E264CA5F8311-FollowerState: change to CANDIDATE, lastRpcElapsedTime:280425017ns, electionTimeout:280ms
2023-08-18 03:37:07,992 [s0@group-E264CA5F8311-FollowerState] INFO  impl.RoleInfo (RoleInfo.java:shutdownFollowerState(109)) - s0: shutdown s0@group-E264CA5F8311-FollowerState
2023-08-18 03:37:07,992 [s0@group-E264CA5F8311-FollowerState] INFO  server.RaftServer$Division (RaftServerImpl.java:setRole(371)) - s0@group-E264CA5F8311: changes role from  FOLLOWER to CANDIDATE at term 1 for changeToCandidate
2023-08-18 03:37:07,993 [s0@group-E264CA5F8311-FollowerState] INFO  impl.SimpleStateMachine4Testing (SimpleStateMachine4Testing.java:notifyExtendedNoLeader(411)) - StateMachineWithMultiNestedSnapshotFile:s0:group-E264CA5F8311: notifyExtendedNoLeader group-E264CA5F8311, self {
  id: "s0"
  address: "localhost:39295"
  dataStreamAddress: "localhost:40677"
  clientAddress: "localhost:40991"
  adminAddress: "localhost:44843"
  startupRole: FOLLOWER
}
role: CANDIDATE
candidateInfo {
  lastLeaderElapsedTimeMs: 66276
}

2023-08-18 03:37:07,993 [s0@group-E264CA5F8311-FollowerState] INFO  server.RaftServerConfigKeys (ConfUtils.java:logGet(46)) - raft.server.leaderelection.pre-vote = true (default)
2023-08-18 03:37:07,993 [s0@group-E264CA5F8311-FollowerState] INFO  impl.RoleInfo (RoleInfo.java:updateAndGet(138)) - s0: start s0@group-E264CA5F8311-LeaderElection246
2023-08-18 03:37:07,993 [s0@group-E264CA5F8311-LeaderElection246] INFO  impl.LeaderElection (LeaderElection.java:askForVotes(320)) - s0@group-E264CA5F8311-LeaderElection246 PRE_VOTE round 0: submit vote requests at term 1 for 255: peers:[s0|rpc:localhost:39295|admin:localhost:44843|client:localhost:40991|dataStream:localhost:40677|priority:0|startupRole:FOLLOWER, s1|rpc:0.0.0.0:34459|dataStream:|priority:0|startupRole:FOLLOWER, s2|rpc:0.0.0.0:43137|dataStream:|priority:0|startupRole:FOLLOWER]|listeners:[], old=peers:[s0|rpc:localhost:39295|admin:localhost:44843|client:localhost:40991|dataStream:localhost:40677|priority:0|startupRole:FOLLOWER]|listeners:[]
2023-08-18 03:37:07,994 [grpc-default-executor-0] INFO  server.RaftServer$Division (RaftServerImpl.java:requestVote(1344)) - s2@group-E264CA5F8311: receive requestVote(PRE_VOTE, s0, group-E264CA5F8311, 1, (t:1, i:255))
2023-08-18 03:37:07,994 [grpc-default-executor-0] WARN  server.GrpcServerProtocolService (LogUtils.java:warn(122)) - s2: Failed requestVote s0->s2#0: org.apache.ratis.protocol.exceptions.ServerNotReadyException: s2@group-E264CA5F8311 is not in [RUNNING]: current state is STARTING
2023-08-18 03:37:07,995 [grpc-default-executor-3] INFO  server.RaftServer$Division (RaftServerImpl.java:requestVote(1344)) - s1@group-E264CA5F8311: receive requestVote(PRE_VOTE, s0, group-E264CA5F8311, 1, (t:1, i:255))
2023-08-18 03:37:07,995 [grpc-default-executor-3] WARN  server.GrpcServerProtocolService (LogUtils.java:warn(122)) - s1: Failed requestVote s0->s1#0: org.apache.ratis.protocol.exceptions.ServerNotReadyException: s1@group-E264CA5F8311 is not in [RUNNING]: current state is STARTING
2023-08-18 03:37:07,995 [s0@group-E264CA5F8311-LeaderElection246] INFO  impl.LeaderElection (LogUtils.java:infoOrTrace(137)) - s0@group-E264CA5F8311-LeaderElection246 got exception when requesting votes: java.util.concurrent.ExecutionException: org.apache.ratis.thirdparty.io.grpc.StatusRuntimeException: INTERNAL: s2@group-E264CA5F8311 is not in [RUNNING]: current state is STARTING
2023-08-18 03:37:07,995 [s0@group-E264CA5F8311-LeaderElection246] INFO  impl.LeaderElection (LogUtils.java:infoOrTrace(137)) - s0@group-E264CA5F8311-LeaderElection246 got exception when requesting votes: java.util.concurrent.ExecutionException: org.apache.ratis.thirdparty.io.grpc.StatusRuntimeException: INTERNAL: s1@group-E264CA5F8311 is not in [RUNNING]: current state is STARTING
2023-08-18 03:37:07,995 [s0@group-E264CA5F8311-LeaderElection246] INFO  impl.LeaderElection (LeaderElection.java:logAndReturn(89)) - s0@group-E264CA5F8311-LeaderElection246: PRE_VOTE REJECTED received 0 response(s) and 2 exception(s):
2023-08-18 03:37:07,995 [s0@group-E264CA5F8311-LeaderElection246] INFO  impl.LeaderElection (LogUtils.java:infoOrTrace(137)) -   Exception 0: java.util.concurrent.ExecutionException: org.apache.ratis.thirdparty.io.grpc.StatusRuntimeException: INTERNAL: s2@group-E264CA5F8311 is not in [RUNNING]: current state is STARTING
2023-08-18 03:37:07,995 [s0@group-E264CA5F8311-LeaderElection246] INFO  impl.LeaderElection (LogUtils.java:infoOrTrace(137)) -   Exception 1: java.util.concurrent.ExecutionException: org.apache.ratis.thirdparty.io.grpc.StatusRuntimeException: INTERNAL: s1@group-E264CA5F8311 is not in [RUNNING]: current state is STARTING
2023-08-18 03:37:07,995 [s0@group-E264CA5F8311-LeaderElection246] INFO  impl.LeaderElection (LeaderElection.java:askForVotes(322)) - s0@group-E264CA5F8311-LeaderElection246 PRE_VOTE round 0: result REJECTED
2023-08-18 03:37:07,995 [s0@group-E264CA5F8311-LeaderElection246] INFO  server.RaftServer$Division (RaftServerImpl.java:setRole(371)) - s0@group-E264CA5F8311: changes role from CANDIDATE to FOLLOWER at term 1 for REJECTED
2023-08-18 03:37:07,995 [s0@group-E264CA5F8311-LeaderElection246] INFO  impl.RoleInfo (RoleInfo.java:shutdownLeaderElection(129)) - s0: shutdown s0@group-E264CA5F8311-LeaderElection246
2023-08-18 03:37:07,996 [s0@group-E264CA5F8311-LeaderElection246] INFO  impl.RoleInfo (RoleInfo.java:updateAndGet(138)) - s0: start s0@group-E264CA5F8311-FollowerState
2023-08-18 03:37:08,095 [s1-server-thread1] INFO  server.RaftServer$Division (RaftServerImpl.java:setConfigurationAsync(1238)) - s1@group-E264CA5F8311: receive setConfiguration SetConfigurationRequest:client-255CF6B0DA3F->s1@group-E264CA5F8311, cid=386, seq=0, RW, null, SET_UNCONDITIONALLY, servers:[s1|rpc:0.0.0.0:34459|dataStream:|priority:0|startupRole:FOLLOWER, s2|rpc:0.0.0.0:43137|dataStream:|priority:0|startupRole:FOLLOWER, s0|rpc:localhost:39295|admin:localhost:44843|client:localhost:40991|dataStream:localhost:40677|priority:0|startupRole:FOLLOWER], listeners:[]
2023-08-18 03:37:08,193 [s0@group-E264CA5F8311-FollowerState] INFO  impl.FollowerState (FollowerState.java:run(143)) - s0@group-E264CA5F8311-FollowerState: change to CANDIDATE, lastRpcElapsedTime:197419574ns, electionTimeout:197ms
2023-08-18 03:37:08,193 [s0@group-E264CA5F8311-FollowerState] INFO  impl.RoleInfo (RoleInfo.java:shutdownFollowerState(109)) - s0: shutdown s0@group-E264CA5F8311-FollowerState
2023-08-18 03:37:08,193 [s0@group-E264CA5F8311-FollowerState] INFO  server.RaftServer$Division (RaftServerImpl.java:setRole(371)) - s0@group-E264CA5F8311: changes role from  FOLLOWER to CANDIDATE at term 1 for changeToCandidate
2023-08-18 03:37:08,193 [s0@group-E264CA5F8311-FollowerState] INFO  impl.SimpleStateMachine4Testing (SimpleStateMachine4Testing.java:notifyExtendedNoLeader(411)) - StateMachineWithMultiNestedSnapshotFile:s0:group-E264CA5F8311: notifyExtendedNoLeader group-E264CA5F8311, self {
  id: "s0"
  address: "localhost:39295"
  dataStreamAddress: "localhost:40677"
  clientAddress: "localhost:40991"
  adminAddress: "localhost:44843"
  startupRole: FOLLOWER
}
role: CANDIDATE
candidateInfo {
  lastLeaderElapsedTimeMs: 66477
}

2023-08-18 03:37:08,193 [s0@group-E264CA5F8311-FollowerState] INFO  server.RaftServerConfigKeys (ConfUtils.java:logGet(46)) - raft.server.leaderelection.pre-vote = true (default)
2023-08-18 03:37:08,193 [s0@group-E264CA5F8311-FollowerState] INFO  impl.RoleInfo (RoleInfo.java:updateAndGet(138)) - s0: start s0@group-E264CA5F8311-LeaderElection247
2023-08-18 03:37:08,194 [s0@group-E264CA5F8311-LeaderElection247] INFO  impl.LeaderElection (LeaderElection.java:askForVotes(320)) - s0@group-E264CA5F8311-LeaderElection247 PRE_VOTE round 0: submit vote requests at term 1 for 255: peers:[s0|rpc:localhost:39295|admin:localhost:44843|client:localhost:40991|dataStream:localhost:40677|priority:0|startupRole:FOLLOWER, s1|rpc:0.0.0.0:34459|dataStream:|priority:0|startupRole:FOLLOWER, s2|rpc:0.0.0.0:43137|dataStream:|priority:0|startupRole:FOLLOWER]|listeners:[], old=peers:[s0|rpc:localhost:39295|admin:localhost:44843|client:localhost:40991|dataStream:localhost:40677|priority:0|startupRole:FOLLOWER]|listeners:[]
2023-08-18 03:37:08,195 [grpc-default-executor-3] INFO  server.RaftServer$Division (RaftServerImpl.java:requestVote(1344)) - s1@group-E264CA5F8311: receive requestVote(PRE_VOTE, s0, group-E264CA5F8311, 1, (t:1, i:255))
2023-08-18 03:37:08,195 [grpc-default-executor-3] WARN  server.GrpcServerProtocolService (LogUtils.java:warn(122)) - s1: Failed requestVote s0->s1#0: org.apache.ratis.protocol.exceptions.ServerNotReadyException: s1@group-E264CA5F8311 is not in [RUNNING]: current state is STARTING
2023-08-18 03:37:08,195 [grpc-default-executor-0] INFO  server.RaftServer$Division (RaftServerImpl.java:requestVote(1344)) - s2@group-E264CA5F8311: receive requestVote(PRE_VOTE, s0, group-E264CA5F8311, 1, (t:1, i:255))
2023-08-18 03:37:08,195 [grpc-default-executor-0] WARN  server.GrpcServerProtocolService (LogUtils.java:warn(122)) - s2: Failed requestVote s0->s2#0: org.apache.ratis.protocol.exceptions.ServerNotReadyException: s2@group-E264CA5F8311 is not in [RUNNING]: current state is STARTING
2023-08-18 03:37:08,195 [s0@group-E264CA5F8311-LeaderElection247] INFO  impl.LeaderElection (LogUtils.java:infoOrTrace(137)) - s0@group-E264CA5F8311-LeaderElection247 got exception when requesting votes: java.util.concurrent.ExecutionException: org.apache.ratis.thirdparty.io.grpc.StatusRuntimeException: INTERNAL: s1@group-E264CA5F8311 is not in [RUNNING]: current state is STARTING
2023-08-18 03:37:08,195 [s0@group-E264CA5F8311-LeaderElection247] INFO  impl.LeaderElection (LogUtils.java:infoOrTrace(137)) - s0@group-E264CA5F8311-LeaderElection247 got exception when requesting votes: java.util.concurrent.ExecutionException: org.apache.ratis.thirdparty.io.grpc.StatusRuntimeException: INTERNAL: s2@group-E264CA5F8311 is not in [RUNNING]: current state is STARTING
2023-08-18 03:37:08,195 [s0@group-E264CA5F8311-LeaderElection247] INFO  impl.LeaderElection (LeaderElection.java:logAndReturn(89)) - s0@group-E264CA5F8311-LeaderElection247: PRE_VOTE REJECTED received 0 response(s) and 2 exception(s):
2023-08-18 03:37:08,195 [s0@group-E264CA5F8311-LeaderElection247] INFO  impl.LeaderElection (LogUtils.java:infoOrTrace(137)) -   Exception 0: java.util.concurrent.ExecutionException: org.apache.ratis.thirdparty.io.grpc.StatusRuntimeException: INTERNAL: s1@group-E264CA5F8311 is not in [RUNNING]: current state is STARTING
2023-08-18 03:37:08,195 [s0@group-E264CA5F8311-LeaderElection247] INFO  impl.LeaderElection (LogUtils.java:infoOrTrace(137)) -   Exception 1: java.util.concurrent.ExecutionException: org.apache.ratis.thirdparty.io.grpc.StatusRuntimeException: INTERNAL: s2@group-E264CA5F8311 is not in [RUNNING]: current state is STARTING
2023-08-18 03:37:08,195 [s0@group-E264CA5F8311-LeaderElection247] INFO  impl.LeaderElection (LeaderElection.java:askForVotes(322)) - s0@group-E264CA5F8311-LeaderElection247 PRE_VOTE round 0: result REJECTED
2023-08-18 03:37:08,195 [s0@group-E264CA5F8311-LeaderElection247] INFO  server.RaftServer$Division (RaftServerImpl.java:setRole(371)) - s0@group-E264CA5F8311: changes role from CANDIDATE to FOLLOWER at term 1 for REJECTED
2023-08-18 03:37:08,195 [s0@group-E264CA5F8311-LeaderElection247] INFO  impl.RoleInfo (RoleInfo.java:shutdownLeaderElection(129)) - s0: shutdown s0@group-E264CA5F8311-LeaderElection247
2023-08-18 03:37:08,195 [s0@group-E264CA5F8311-LeaderElection247] INFO  impl.RoleInfo (RoleInfo.java:updateAndGet(138)) - s0: start s0@group-E264CA5F8311-FollowerState
2023-08-18 03:37:08,201 [s2-server-thread1] INFO  server.RaftServer$Division (RaftServerImpl.java:setConfigurationAsync(1238)) - s2@group-E264CA5F8311: receive setConfiguration SetConfigurationRequest:client-255CF6B0DA3F->s2@group-E264CA5F8311, cid=386, seq=0, RW, null, SET_UNCONDITIONALLY, servers:[s1|rpc:0.0.0.0:34459|dataStream:|priority:0|startupRole:FOLLOWER, s2|rpc:0.0.0.0:43137|dataStream:|priority:0|startupRole:FOLLOWER, s0|rpc:localhost:39295|admin:localhost:44843|client:localhost:40991|dataStream:localhost:40677|priority:0|startupRole:FOLLOWER], listeners:[]
2023-08-18 03:37:08,304 [s1-server-thread1] INFO  server.RaftServer$Division (RaftServerImpl.java:setConfigurationAsync(1238)) - s1@group-E264CA5F8311: receive setConfiguration SetConfigurationRequest:client-255CF6B0DA3F->s1@group-E264CA5F8311, cid=386, seq=0, RW, null, SET_UNCONDITIONALLY, servers:[s1|rpc:0.0.0.0:34459|dataStream:|priority:0|startupRole:FOLLOWER, s2|rpc:0.0.0.0:43137|dataStream:|priority:0|startupRole:FOLLOWER, s0|rpc:localhost:39295|admin:localhost:44843|client:localhost:40991|dataStream:localhost:40677|priority:0|startupRole:FOLLOWER], listeners:[]
2023-08-18 03:37:08,364 [s0@group-E264CA5F8311-FollowerState] INFO  impl.FollowerState (FollowerState.java:run(143)) - s0@group-E264CA5F8311-FollowerState: change to CANDIDATE, lastRpcElapsedTime:168392469ns, electionTimeout:168ms
2023-08-18 03:37:08,364 [s0@group-E264CA5F8311-FollowerState] INFO  impl.RoleInfo (RoleInfo.java:shutdownFollowerState(109)) - s0: shutdown s0@group-E264CA5F8311-FollowerState
2023-08-18 03:37:08,364 [s0@group-E264CA5F8311-FollowerState] INFO  server.RaftServer$Division (RaftServerImpl.java:setRole(371)) - s0@group-E264CA5F8311: changes role from  FOLLOWER to CANDIDATE at term 1 for changeToCandidate
2023-08-18 03:37:08,364 [s0@group-E264CA5F8311-FollowerState] INFO  impl.SimpleStateMachine4Testing (SimpleStateMachine4Testing.java:notifyExtendedNoLeader(411)) - StateMachineWithMultiNestedSnapshotFile:s0:group-E264CA5F8311: notifyExtendedNoLeader group-E264CA5F8311, self {
  id: "s0"
  address: "localhost:39295"
  dataStreamAddress: "localhost:40677"
  clientAddress: "localhost:40991"
  adminAddress: "localhost:44843"
  startupRole: FOLLOWER
}
role: CANDIDATE
candidateInfo {
  lastLeaderElapsedTimeMs: 66648
}

2023-08-18 03:37:08,364 [s0@group-E264CA5F8311-FollowerState] INFO  server.RaftServerConfigKeys (ConfUtils.java:logGet(46)) - raft.server.leaderelection.pre-vote = true (default)
2023-08-18 03:37:08,364 [s0@group-E264CA5F8311-FollowerState] INFO  impl.RoleInfo (RoleInfo.java:updateAndGet(138)) - s0: start s0@group-E264CA5F8311-LeaderElection248
2023-08-18 03:37:08,364 [s0@group-E264CA5F8311-LeaderElection248] INFO  impl.LeaderElection (LeaderElection.java:askForVotes(320)) - s0@group-E264CA5F8311-LeaderElection248 PRE_VOTE round 0: submit vote requests at term 1 for 255: peers:[s0|rpc:localhost:39295|admin:localhost:44843|client:localhost:40991|dataStream:localhost:40677|priority:0|startupRole:FOLLOWER, s1|rpc:0.0.0.0:34459|dataStream:|priority:0|startupRole:FOLLOWER, s2|rpc:0.0.0.0:43137|dataStream:|priority:0|startupRole:FOLLOWER]|listeners:[], old=peers:[s0|rpc:localhost:39295|admin:localhost:44843|client:localhost:40991|dataStream:localhost:40677|priority:0|startupRole:FOLLOWER]|listeners:[]
2023-08-18 03:37:08,365 [grpc-default-executor-3] INFO  server.RaftServer$Division (RaftServerImpl.java:requestVote(1344)) - s1@group-E264CA5F8311: receive requestVote(PRE_VOTE, s0, group-E264CA5F8311, 1, (t:1, i:255))
2023-08-18 03:37:08,365 [grpc-default-executor-3] WARN  server.GrpcServerProtocolService (LogUtils.java:warn(122)) - s1: Failed requestVote s0->s1#0: org.apache.ratis.protocol.exceptions.ServerNotReadyException: s1@group-E264CA5F8311 is not in [RUNNING]: current state is STARTING
2023-08-18 03:37:08,366 [s0@group-E264CA5F8311-LeaderElection248] INFO  impl.LeaderElection (LogUtils.java:infoOrTrace(137)) - s0@group-E264CA5F8311-LeaderElection248 got exception when requesting votes: java.util.concurrent.ExecutionException: org.apache.ratis.thirdparty.io.grpc.StatusRuntimeException: INTERNAL: s1@group-E264CA5F8311 is not in [RUNNING]: current state is STARTING
2023-08-18 03:37:08,366 [grpc-default-executor-3] INFO  server.RaftServer$Division (RaftServerImpl.java:requestVote(1344)) - s2@group-E264CA5F8311: receive requestVote(PRE_VOTE, s0, group-E264CA5F8311, 1, (t:1, i:255))
2023-08-18 03:37:08,366 [grpc-default-executor-3] WARN  server.GrpcServerProtocolService (LogUtils.java:warn(122)) - s2: Failed requestVote s0->s2#0: org.apache.ratis.protocol.exceptions.ServerNotReadyException: s2@group-E264CA5F8311 is not in [RUNNING]: current state is STARTING
2023-08-18 03:37:08,366 [s0@group-E264CA5F8311-LeaderElection248] INFO  impl.LeaderElection (LogUtils.java:infoOrTrace(137)) - s0@group-E264CA5F8311-LeaderElection248 got exception when requesting votes: java.util.concurrent.ExecutionException: org.apache.ratis.thirdparty.io.grpc.StatusRuntimeException: INTERNAL: s2@group-E264CA5F8311 is not in [RUNNING]: current state is STARTING
2023-08-18 03:37:08,366 [s0@group-E264CA5F8311-LeaderElection248] INFO  impl.LeaderElection (LeaderElection.java:logAndReturn(89)) - s0@group-E264CA5F8311-LeaderElection248: PRE_VOTE REJECTED received 0 response(s) and 2 exception(s):
2023-08-18 03:37:08,366 [s0@group-E264CA5F8311-LeaderElection248] INFO  impl.LeaderElection (LogUtils.java:infoOrTrace(137)) -   Exception 0: java.util.concurrent.ExecutionException: org.apache.ratis.thirdparty.io.grpc.StatusRuntimeException: INTERNAL: s1@group-E264CA5F8311 is not in [RUNNING]: current state is STARTING
2023-08-18 03:37:08,366 [s0@group-E264CA5F8311-LeaderElection248] INFO  impl.LeaderElection (LogUtils.java:infoOrTrace(137)) -   Exception 1: java.util.concurrent.ExecutionException: org.apache.ratis.thirdparty.io.grpc.StatusRuntimeException: INTERNAL: s2@group-E264CA5F8311 is not in [RUNNING]: current state is STARTING
2023-08-18 03:37:08,366 [s0@group-E264CA5F8311-LeaderElection248] INFO  impl.LeaderElection (LeaderElection.java:askForVotes(322)) - s0@group-E264CA5F8311-LeaderElection248 PRE_VOTE round 0: result REJECTED
2023-08-18 03:37:08,366 [s0@group-E264CA5F8311-LeaderElection248] INFO  server.RaftServer$Division (RaftServerImpl.java:setRole(371)) - s0@group-E264CA5F8311: changes role from CANDIDATE to FOLLOWER at term 1 for REJECTED
2023-08-18 03:37:08,366 [s0@group-E264CA5F8311-LeaderElection248] INFO  impl.RoleInfo (RoleInfo.java:shutdownLeaderElection(129)) - s0: shutdown s0@group-E264CA5F8311-LeaderElection248
2023-08-18 03:37:08,366 [s0@group-E264CA5F8311-LeaderElection248] INFO  impl.RoleInfo (RoleInfo.java:updateAndGet(138)) - s0: start s0@group-E264CA5F8311-FollowerState
2023-08-18 03:37:08,408 [s2-server-thread1] INFO  server.RaftServer$Division (RaftServerImpl.java:setConfigurationAsync(1238)) - s2@group-E264CA5F8311: receive setConfiguration SetConfigurationRequest:client-255CF6B0DA3F->s2@group-E264CA5F8311, cid=386, seq=0, RW, null, SET_UNCONDITIONALLY, servers:[s1|rpc:0.0.0.0:34459|dataStream:|priority:0|startupRole:FOLLOWER, s2|rpc:0.0.0.0:43137|dataStream:|priority:0|startupRole:FOLLOWER, s0|rpc:localhost:39295|admin:localhost:44843|client:localhost:40991|dataStream:localhost:40677|priority:0|startupRole:FOLLOWER], listeners:[]
2023-08-18 03:37:08,512 [s1-server-thread1] INFO  server.RaftServer$Division (RaftServerImpl.java:setConfigurationAsync(1238)) - s1@group-E264CA5F8311: receive setConfiguration SetConfigurationRequest:client-255CF6B0DA3F->s1@group-E264CA5F8311, cid=386, seq=0, RW, null, SET_UNCONDITIONALLY, servers:[s1|rpc:0.0.0.0:34459|dataStream:|priority:0|startupRole:FOLLOWER, s2|rpc:0.0.0.0:43137|dataStream:|priority:0|startupRole:FOLLOWER, s0|rpc:localhost:39295|admin:localhost:44843|client:localhost:40991|dataStream:localhost:40677|priority:0|startupRole:FOLLOWER], listeners:[]
2023-08-18 03:37:08,531 [s0@group-E264CA5F8311-FollowerState] INFO  impl.FollowerState (FollowerState.java:run(143)) - s0@group-E264CA5F8311-FollowerState: change to CANDIDATE, lastRpcElapsedTime:165246390ns, electionTimeout:165ms
2023-08-18 03:37:08,532 [s0@group-E264CA5F8311-FollowerState] INFO  impl.RoleInfo (RoleInfo.java:shutdownFollowerState(109)) - s0: shutdown s0@group-E264CA5F8311-FollowerState
2023-08-18 03:37:08,532 [s0@group-E264CA5F8311-FollowerState] INFO  server.RaftServer$Division (RaftServerImpl.java:setRole(371)) - s0@group-E264CA5F8311: changes role from  FOLLOWER to CANDIDATE at term 1 for changeToCandidate
2023-08-18 03:37:08,532 [s0@group-E264CA5F8311-FollowerState] INFO  impl.SimpleStateMachine4Testing (SimpleStateMachine4Testing.java:notifyExtendedNoLeader(411)) - StateMachineWithMultiNestedSnapshotFile:s0:group-E264CA5F8311: notifyExtendedNoLeader group-E264CA5F8311, self {
  id: "s0"
  address: "localhost:39295"
  dataStreamAddress: "localhost:40677"
  clientAddress: "localhost:40991"
  adminAddress: "localhost:44843"
  startupRole: FOLLOWER
}
role: CANDIDATE
candidateInfo {
  lastLeaderElapsedTimeMs: 66815
}

2023-08-18 03:37:08,532 [s0@group-E264CA5F8311-FollowerState] INFO  server.RaftServerConfigKeys (ConfUtils.java:logGet(46)) - raft.server.leaderelection.pre-vote = true (default)
2023-08-18 03:37:08,532 [s0@group-E264CA5F8311-FollowerState] INFO  impl.RoleInfo (RoleInfo.java:updateAndGet(138)) - s0: start s0@group-E264CA5F8311-LeaderElection249
2023-08-18 03:37:08,532 [s0@group-E264CA5F8311-LeaderElection249] INFO  impl.LeaderElection (LeaderElection.java:askForVotes(320)) - s0@group-E264CA5F8311-LeaderElection249 PRE_VOTE round 0: submit vote requests at term 1 for 255: peers:[s0|rpc:localhost:39295|admin:localhost:44843|client:localhost:40991|dataStream:localhost:40677|priority:0|startupRole:FOLLOWER, s1|rpc:0.0.0.0:34459|dataStream:|priority:0|startupRole:FOLLOWER, s2|rpc:0.0.0.0:43137|dataStream:|priority:0|startupRole:FOLLOWER]|listeners:[], old=peers:[s0|rpc:localhost:39295|admin:localhost:44843|client:localhost:40991|dataStream:localhost:40677|priority:0|startupRole:FOLLOWER]|listeners:[]
2023-08-18 03:37:08,533 [grpc-default-executor-0] INFO  server.RaftServer$Division (RaftServerImpl.java:requestVote(1344)) - s1@group-E264CA5F8311: receive requestVote(PRE_VOTE, s0, group-E264CA5F8311, 1, (t:1, i:255))
2023-08-18 03:37:08,533 [grpc-default-executor-3] INFO  server.RaftServer$Division (RaftServerImpl.java:requestVote(1344)) - s2@group-E264CA5F8311: receive requestVote(PRE_VOTE, s0, group-E264CA5F8311, 1, (t:1, i:255))
2023-08-18 03:37:08,533 [grpc-default-executor-0] WARN  server.GrpcServerProtocolService (LogUtils.java:warn(122)) - s1: Failed requestVote s0->s1#0: org.apache.ratis.protocol.exceptions.ServerNotReadyException: s1@group-E264CA5F8311 is not in [RUNNING]: current state is STARTING
2023-08-18 03:37:08,533 [grpc-default-executor-3] WARN  server.GrpcServerProtocolService (LogUtils.java:warn(122)) - s2: Failed requestVote s0->s2#0: org.apache.ratis.protocol.exceptions.ServerNotReadyException: s2@group-E264CA5F8311 is not in [RUNNING]: current state is STARTING
2023-08-18 03:37:08,534 [s0@group-E264CA5F8311-LeaderElection249] INFO  impl.LeaderElection (LogUtils.java:infoOrTrace(137)) - s0@group-E264CA5F8311-LeaderElection249 got exception when requesting votes: java.util.concurrent.ExecutionException: org.apache.ratis.thirdparty.io.grpc.StatusRuntimeException: INTERNAL: s2@group-E264CA5F8311 is not in [RUNNING]: current state is STARTING
2023-08-18 03:37:08,534 [s0@group-E264CA5F8311-LeaderElection249] INFO  impl.LeaderElection (LogUtils.java:infoOrTrace(137)) - s0@group-E264CA5F8311-LeaderElection249 got exception when requesting votes: java.util.concurrent.ExecutionException: org.apache.ratis.thirdparty.io.grpc.StatusRuntimeException: INTERNAL: s1@group-E264CA5F8311 is not in [RUNNING]: current state is STARTING
2023-08-18 03:37:08,534 [s0@group-E264CA5F8311-LeaderElection249] INFO  impl.LeaderElection (LeaderElection.java:logAndReturn(89)) - s0@group-E264CA5F8311-LeaderElection249: PRE_VOTE REJECTED received 0 response(s) and 2 exception(s):
2023-08-18 03:37:08,534 [s0@group-E264CA5F8311-LeaderElection249] INFO  impl.LeaderElection (LogUtils.java:infoOrTrace(137)) -   Exception 0: java.util.concurrent.ExecutionException: org.apache.ratis.thirdparty.io.grpc.StatusRuntimeException: INTERNAL: s2@group-E264CA5F8311 is not in [RUNNING]: current state is STARTING
2023-08-18 03:37:08,534 [s0@group-E264CA5F8311-LeaderElection249] INFO  impl.LeaderElection (LogUtils.java:infoOrTrace(137)) -   Exception 1: java.util.concurrent.ExecutionException: org.apache.ratis.thirdparty.io.grpc.StatusRuntimeException: INTERNAL: s1@group-E264CA5F8311 is not in [RUNNING]: current state is STARTING
2023-08-18 03:37:08,534 [s0@group-E264CA5F8311-LeaderElection249] INFO  impl.LeaderElection (LeaderElection.java:askForVotes(322)) - s0@group-E264CA5F8311-LeaderElection249 PRE_VOTE round 0: result REJECTED
2023-08-18 03:37:08,534 [s0@group-E264CA5F8311-LeaderElection249] INFO  server.RaftServer$Division (RaftServerImpl.java:setRole(371)) - s0@group-E264CA5F8311: changes role from CANDIDATE to FOLLOWER at term 1 for REJECTED
2023-08-18 03:37:08,534 [s0@group-E264CA5F8311-LeaderElection249] INFO  impl.RoleInfo (RoleInfo.java:shutdownLeaderElection(129)) - s0: shutdown s0@group-E264CA5F8311-LeaderElection249
2023-08-18 03:37:08,534 [s0@group-E264CA5F8311-LeaderElection249] INFO  impl.RoleInfo (RoleInfo.java:updateAndGet(138)) - s0: start s0@group-E264CA5F8311-FollowerState
2023-08-18 03:37:08,615 [s2-server-thread1] INFO  server.RaftServer$Division (RaftServerImpl.java:setConfigurationAsync(1238)) - s2@group-E264CA5F8311: receive setConfiguration SetConfigurationRequest:client-255CF6B0DA3F->s2@group-E264CA5F8311, cid=386, seq=0, RW, null, SET_UNCONDITIONALLY, servers:[s1|rpc:0.0.0.0:34459|dataStream:|priority:0|startupRole:FOLLOWER, s2|rpc:0.0.0.0:43137|dataStream:|priority:0|startupRole:FOLLOWER, s0|rpc:localhost:39295|admin:localhost:44843|client:localhost:40991|dataStream:localhost:40677|priority:0|startupRole:FOLLOWER], listeners:[]
2023-08-18 03:37:08,719 [s1-server-thread1] INFO  server.RaftServer$Division (RaftServerImpl.java:setConfigurationAsync(1238)) - s1@group-E264CA5F8311: receive setConfiguration SetConfigurationRequest:client-255CF6B0DA3F->s1@group-E264CA5F8311, cid=386, seq=0, RW, null, SET_UNCONDITIONALLY, servers:[s1|rpc:0.0.0.0:34459|dataStream:|priority:0|startupRole:FOLLOWER, s2|rpc:0.0.0.0:43137|dataStream:|priority:0|startupRole:FOLLOWER, s0|rpc:localhost:39295|admin:localhost:44843|client:localhost:40991|dataStream:localhost:40677|priority:0|startupRole:FOLLOWER], listeners:[]
2023-08-18 03:37:08,754 [s0@group-E264CA5F8311-FollowerState] INFO  impl.FollowerState (FollowerState.java:run(143)) - s0@group-E264CA5F8311-FollowerState: change to CANDIDATE, lastRpcElapsedTime:220257621ns, electionTimeout:220ms
2023-08-18 03:37:08,754 [s0@group-E264CA5F8311-FollowerState] INFO  impl.RoleInfo (RoleInfo.java:shutdownFollowerState(109)) - s0: shutdown s0@group-E264CA5F8311-FollowerState
2023-08-18 03:37:08,754 [s0@group-E264CA5F8311-FollowerState] INFO  server.RaftServer$Division (RaftServerImpl.java:setRole(371)) - s0@group-E264CA5F8311: changes role from  FOLLOWER to CANDIDATE at term 1 for changeToCandidate
2023-08-18 03:37:08,754 [s0@group-E264CA5F8311-FollowerState] INFO  impl.SimpleStateMachine4Testing (SimpleStateMachine4Testing.java:notifyExtendedNoLeader(411)) - StateMachineWithMultiNestedSnapshotFile:s0:group-E264CA5F8311: notifyExtendedNoLeader group-E264CA5F8311, self {
  id: "s0"
  address: "localhost:39295"
  dataStreamAddress: "localhost:40677"
  clientAddress: "localhost:40991"
  adminAddress: "localhost:44843"
  startupRole: FOLLOWER
}
role: CANDIDATE
candidateInfo {
  lastLeaderElapsedTimeMs: 67038
}

2023-08-18 03:37:08,755 [s0@group-E264CA5F8311-FollowerState] INFO  server.RaftServerConfigKeys (ConfUtils.java:logGet(46)) - raft.server.leaderelection.pre-vote = true (default)
2023-08-18 03:37:08,755 [s0@group-E264CA5F8311-FollowerState] INFO  impl.RoleInfo (RoleInfo.java:updateAndGet(138)) - s0: start s0@group-E264CA5F8311-LeaderElection250
2023-08-18 03:37:08,755 [s0@group-E264CA5F8311-LeaderElection250] INFO  impl.LeaderElection (LeaderElection.java:askForVotes(320)) - s0@group-E264CA5F8311-LeaderElection250 PRE_VOTE round 0: submit vote requests at term 1 for 255: peers:[s0|rpc:localhost:39295|admin:localhost:44843|client:localhost:40991|dataStream:localhost:40677|priority:0|startupRole:FOLLOWER, s1|rpc:0.0.0.0:34459|dataStream:|priority:0|startupRole:FOLLOWER, s2|rpc:0.0.0.0:43137|dataStream:|priority:0|startupRole:FOLLOWER]|listeners:[], old=peers:[s0|rpc:localhost:39295|admin:localhost:44843|client:localhost:40991|dataStream:localhost:40677|priority:0|startupRole:FOLLOWER]|listeners:[]
2023-08-18 03:37:08,756 [grpc-default-executor-0] INFO  server.RaftServer$Division (RaftServerImpl.java:requestVote(1344)) - s1@group-E264CA5F8311: receive requestVote(PRE_VOTE, s0, group-E264CA5F8311, 1, (t:1, i:255))
2023-08-18 03:37:08,756 [grpc-default-executor-3] INFO  server.RaftServer$Division (RaftServerImpl.java:requestVote(1344)) - s2@group-E264CA5F8311: receive requestVote(PRE_VOTE, s0, group-E264CA5F8311, 1, (t:1, i:255))
2023-08-18 03:37:08,756 [grpc-default-executor-0] WARN  server.GrpcServerProtocolService (LogUtils.java:warn(122)) - s1: Failed requestVote s0->s1#0: org.apache.ratis.protocol.exceptions.ServerNotReadyException: s1@group-E264CA5F8311 is not in [RUNNING]: current state is STARTING
2023-08-18 03:37:08,756 [grpc-default-executor-3] WARN  server.GrpcServerProtocolService (LogUtils.java:warn(122)) - s2: Failed requestVote s0->s2#0: org.apache.ratis.protocol.exceptions.ServerNotReadyException: s2@group-E264CA5F8311 is not in [RUNNING]: current state is STARTING
2023-08-18 03:37:08,757 [s0@group-E264CA5F8311-LeaderElection250] INFO  impl.LeaderElection (LogUtils.java:infoOrTrace(137)) - s0@group-E264CA5F8311-LeaderElection250 got exception when requesting votes: java.util.concurrent.ExecutionException: org.apache.ratis.thirdparty.io.grpc.StatusRuntimeException: INTERNAL: s1@group-E264CA5F8311 is not in [RUNNING]: current state is STARTING
2023-08-18 03:37:08,757 [s0@group-E264CA5F8311-LeaderElection250] INFO  impl.LeaderElection (LogUtils.java:infoOrTrace(137)) - s0@group-E264CA5F8311-LeaderElection250 got exception when requesting votes: java.util.concurrent.ExecutionException: org.apache.ratis.thirdparty.io.grpc.StatusRuntimeException: INTERNAL: s2@group-E264CA5F8311 is not in [RUNNING]: current state is STARTING
2023-08-18 03:37:08,757 [s0@group-E264CA5F8311-LeaderElection250] INFO  impl.LeaderElection (LeaderElection.java:logAndReturn(89)) - s0@group-E264CA5F8311-LeaderElection250: PRE_VOTE REJECTED received 0 response(s) and 2 exception(s):
2023-08-18 03:37:08,757 [s0@group-E264CA5F8311-LeaderElection250] INFO  impl.LeaderElection (LogUtils.java:infoOrTrace(137)) -   Exception 0: java.util.concurrent.ExecutionException: org.apache.ratis.thirdparty.io.grpc.StatusRuntimeException: INTERNAL: s1@group-E264CA5F8311 is not in [RUNNING]: current state is STARTING
2023-08-18 03:37:08,757 [s0@group-E264CA5F8311-LeaderElection250] INFO  impl.LeaderElection (LogUtils.java:infoOrTrace(137)) -   Exception 1: java.util.concurrent.ExecutionException: org.apache.ratis.thirdparty.io.grpc.StatusRuntimeException: INTERNAL: s2@group-E264CA5F8311 is not in [RUNNING]: current state is STARTING
2023-08-18 03:37:08,757 [s0@group-E264CA5F8311-LeaderElection250] INFO  impl.LeaderElection (LeaderElection.java:askForVotes(322)) - s0@group-E264CA5F8311-LeaderElection250 PRE_VOTE round 0: result REJECTED
2023-08-18 03:37:08,757 [s0@group-E264CA5F8311-LeaderElection250] INFO  server.RaftServer$Division (RaftServerImpl.java:setRole(371)) - s0@group-E264CA5F8311: changes role from CANDIDATE to FOLLOWER at term 1 for REJECTED
2023-08-18 03:37:08,757 [s0@group-E264CA5F8311-LeaderElection250] INFO  impl.RoleInfo (RoleInfo.java:shutdownLeaderElection(129)) - s0: shutdown s0@group-E264CA5F8311-LeaderElection250
2023-08-18 03:37:08,757 [s0@group-E264CA5F8311-LeaderElection250] INFO  impl.RoleInfo (RoleInfo.java:updateAndGet(138)) - s0: start s0@group-E264CA5F8311-FollowerState
2023-08-18 03:37:08,826 [s2-server-thread1] INFO  server.RaftServer$Division (RaftServerImpl.java:setConfigurationAsync(1238)) - s2@group-E264CA5F8311: receive setConfiguration SetConfigurationRequest:client-255CF6B0DA3F->s2@group-E264CA5F8311, cid=386, seq=0, RW, null, SET_UNCONDITIONALLY, servers:[s1|rpc:0.0.0.0:34459|dataStream:|priority:0|startupRole:FOLLOWER, s2|rpc:0.0.0.0:43137|dataStream:|priority:0|startupRole:FOLLOWER, s0|rpc:localhost:39295|admin:localhost:44843|client:localhost:40991|dataStream:localhost:40677|priority:0|startupRole:FOLLOWER], listeners:[]
2023-08-18 03:37:08,930 [s1-server-thread1] INFO  server.RaftServer$Division (RaftServerImpl.java:setConfigurationAsync(1238)) - s1@group-E264CA5F8311: receive setConfiguration SetConfigurationRequest:client-255CF6B0DA3F->s1@group-E264CA5F8311, cid=386, seq=0, RW, null, SET_UNCONDITIONALLY, servers:[s1|rpc:0.0.0.0:34459|dataStream:|priority:0|startupRole:FOLLOWER, s2|rpc:0.0.0.0:43137|dataStream:|priority:0|startupRole:FOLLOWER, s0|rpc:localhost:39295|admin:localhost:44843|client:localhost:40991|dataStream:localhost:40677|priority:0|startupRole:FOLLOWER], listeners:[]
2023-08-18 03:37:09,010 [s0@group-E264CA5F8311-FollowerState] INFO  impl.FollowerState (FollowerState.java:run(143)) - s0@group-E264CA5F8311-FollowerState: change to CANDIDATE, lastRpcElapsedTime:253356398ns, electionTimeout:253ms
2023-08-18 03:37:09,010 [s0@group-E264CA5F8311-FollowerState] INFO  impl.RoleInfo (RoleInfo.java:shutdownFollowerState(109)) - s0: shutdown s0@group-E264CA5F8311-FollowerState
2023-08-18 03:37:09,010 [s0@group-E264CA5F8311-FollowerState] INFO  server.RaftServer$Division (RaftServerImpl.java:setRole(371)) - s0@group-E264CA5F8311: changes role from  FOLLOWER to CANDIDATE at term 1 for changeToCandidate
2023-08-18 03:37:09,011 [s0@group-E264CA5F8311-FollowerState] INFO  impl.SimpleStateMachine4Testing (SimpleStateMachine4Testing.java:notifyExtendedNoLeader(411)) - StateMachineWithMultiNestedSnapshotFile:s0:group-E264CA5F8311: notifyExtendedNoLeader group-E264CA5F8311, self {
  id: "s0"
  address: "localhost:39295"
  dataStreamAddress: "localhost:40677"
  clientAddress: "localhost:40991"
  adminAddress: "localhost:44843"
  startupRole: FOLLOWER
}
role: CANDIDATE
candidateInfo {
  lastLeaderElapsedTimeMs: 67294
}

2023-08-18 03:37:09,011 [s0@group-E264CA5F8311-FollowerState] INFO  server.RaftServerConfigKeys (ConfUtils.java:logGet(46)) - raft.server.leaderelection.pre-vote = true (default)
2023-08-18 03:37:09,011 [s0@group-E264CA5F8311-FollowerState] INFO  impl.RoleInfo (RoleInfo.java:updateAndGet(138)) - s0: start s0@group-E264CA5F8311-LeaderElection251
2023-08-18 03:37:09,011 [s0@group-E264CA5F8311-LeaderElection251] INFO  impl.LeaderElection (LeaderElection.java:askForVotes(320)) - s0@group-E264CA5F8311-LeaderElection251 PRE_VOTE round 0: submit vote requests at term 1 for 255: peers:[s0|rpc:localhost:39295|admin:localhost:44843|client:localhost:40991|dataStream:localhost:40677|priority:0|startupRole:FOLLOWER, s1|rpc:0.0.0.0:34459|dataStream:|priority:0|startupRole:FOLLOWER, s2|rpc:0.0.0.0:43137|dataStream:|priority:0|startupRole:FOLLOWER]|listeners:[], old=peers:[s0|rpc:localhost:39295|admin:localhost:44843|client:localhost:40991|dataStream:localhost:40677|priority:0|startupRole:FOLLOWER]|listeners:[]
2023-08-18 03:37:09,012 [grpc-default-executor-0] INFO  server.RaftServer$Division (RaftServerImpl.java:requestVote(1344)) - s1@group-E264CA5F8311: receive requestVote(PRE_VOTE, s0, group-E264CA5F8311, 1, (t:1, i:255))
2023-08-18 03:37:09,012 [grpc-default-executor-0] WARN  server.GrpcServerProtocolService (LogUtils.java:warn(122)) - s1: Failed requestVote s0->s1#0: org.apache.ratis.protocol.exceptions.ServerNotReadyException: s1@group-E264CA5F8311 is not in [RUNNING]: current state is STARTING
2023-08-18 03:37:09,012 [grpc-default-executor-3] INFO  server.RaftServer$Division (RaftServerImpl.java:requestVote(1344)) - s2@group-E264CA5F8311: receive requestVote(PRE_VOTE, s0, group-E264CA5F8311, 1, (t:1, i:255))
2023-08-18 03:37:09,012 [grpc-default-executor-3] WARN  server.GrpcServerProtocolService (LogUtils.java:warn(122)) - s2: Failed requestVote s0->s2#0: org.apache.ratis.protocol.exceptions.ServerNotReadyException: s2@group-E264CA5F8311 is not in [RUNNING]: current state is STARTING
2023-08-18 03:37:09,013 [s0@group-E264CA5F8311-LeaderElection251] INFO  impl.LeaderElection (LogUtils.java:infoOrTrace(137)) - s0@group-E264CA5F8311-LeaderElection251 got exception when requesting votes: java.util.concurrent.ExecutionException: org.apache.ratis.thirdparty.io.grpc.StatusRuntimeException: INTERNAL: s1@group-E264CA5F8311 is not in [RUNNING]: current state is STARTING
2023-08-18 03:37:09,013 [s0@group-E264CA5F8311-LeaderElection251] INFO  impl.LeaderElection (LogUtils.java:infoOrTrace(137)) - s0@group-E264CA5F8311-LeaderElection251 got exception when requesting votes: java.util.concurrent.ExecutionException: org.apache.ratis.thirdparty.io.grpc.StatusRuntimeException: INTERNAL: s2@group-E264CA5F8311 is not in [RUNNING]: current state is STARTING
2023-08-18 03:37:09,013 [s0@group-E264CA5F8311-LeaderElection251] INFO  impl.LeaderElection (LeaderElection.java:logAndReturn(89)) - s0@group-E264CA5F8311-LeaderElection251: PRE_VOTE REJECTED received 0 response(s) and 2 exception(s):
2023-08-18 03:37:09,013 [s0@group-E264CA5F8311-LeaderElection251] INFO  impl.LeaderElection (LogUtils.java:infoOrTrace(137)) -   Exception 0: java.util.concurrent.ExecutionException: org.apache.ratis.thirdparty.io.grpc.StatusRuntimeException: INTERNAL: s1@group-E264CA5F8311 is not in [RUNNING]: current state is STARTING
2023-08-18 03:37:09,014 [s0@group-E264CA5F8311-LeaderElection251] INFO  impl.LeaderElection (LogUtils.java:infoOrTrace(137)) -   Exception 1: java.util.concurrent.ExecutionException: org.apache.ratis.thirdparty.io.grpc.StatusRuntimeException: INTERNAL: s2@group-E264CA5F8311 is not in [RUNNING]: current state is STARTING
2023-08-18 03:37:09,014 [s0@group-E264CA5F8311-LeaderElection251] INFO  impl.LeaderElection (LeaderElection.java:askForVotes(322)) - s0@group-E264CA5F8311-LeaderElection251 PRE_VOTE round 0: result REJECTED
2023-08-18 03:37:09,014 [s0@group-E264CA5F8311-LeaderElection251] INFO  server.RaftServer$Division (RaftServerImpl.java:setRole(371)) - s0@group-E264CA5F8311: changes role from CANDIDATE to FOLLOWER at term 1 for REJECTED
2023-08-18 03:37:09,014 [s0@group-E264CA5F8311-LeaderElection251] INFO  impl.RoleInfo (RoleInfo.java:shutdownLeaderElection(129)) - s0: shutdown s0@group-E264CA5F8311-LeaderElection251
2023-08-18 03:37:09,014 [s0@group-E264CA5F8311-LeaderElection251] INFO  impl.RoleInfo (RoleInfo.java:updateAndGet(138)) - s0: start s0@group-E264CA5F8311-FollowerState
2023-08-18 03:37:09,034 [s0-server-thread1] INFO  server.RaftServer$Division (RaftServerImpl.java:setConfigurationAsync(1238)) - s0@group-E264CA5F8311: receive setConfiguration SetConfigurationRequest:client-255CF6B0DA3F->s0@group-E264CA5F8311, cid=386, seq=0, RW, null, SET_UNCONDITIONALLY, servers:[s1|rpc:0.0.0.0:34459|dataStream:|priority:0|startupRole:FOLLOWER, s2|rpc:0.0.0.0:43137|dataStream:|priority:0|startupRole:FOLLOWER, s0|rpc:localhost:39295|admin:localhost:44843|client:localhost:40991|dataStream:localhost:40677|priority:0|startupRole:FOLLOWER], listeners:[]
2023-08-18 03:37:09,137 [s2-server-thread1] INFO  server.RaftServer$Division (RaftServerImpl.java:setConfigurationAsync(1238)) - s2@group-E264CA5F8311: receive setConfiguration SetConfigurationRequest:client-255CF6B0DA3F->s2@group-E264CA5F8311, cid=386, seq=0, RW, null, SET_UNCONDITIONALLY, servers:[s1|rpc:0.0.0.0:34459|dataStream:|priority:0|startupRole:FOLLOWER, s2|rpc:0.0.0.0:43137|dataStream:|priority:0|startupRole:FOLLOWER, s0|rpc:localhost:39295|admin:localhost:44843|client:localhost:40991|dataStream:localhost:40677|priority:0|startupRole:FOLLOWER], listeners:[]
2023-08-18 03:37:09,241 [s0-server-thread1] INFO  server.RaftServer$Division (RaftServerImpl.java:setConfigurationAsync(1238)) - s0@group-E264CA5F8311: receive setConfiguration SetConfigurationRequest:client-255CF6B0DA3F->s0@group-E264CA5F8311, cid=386, seq=0, RW, null, SET_UNCONDITIONALLY, servers:[s1|rpc:0.0.0.0:34459|dataStream:|priority:0|startupRole:FOLLOWER, s2|rpc:0.0.0.0:43137|dataStream:|priority:0|startupRole:FOLLOWER, s0|rpc:localhost:39295|admin:localhost:44843|client:localhost:40991|dataStream:localhost:40677|priority:0|startupRole:FOLLOWER], listeners:[]
2023-08-18 03:37:09,248 [s0@group-E264CA5F8311-FollowerState] INFO  impl.FollowerState (FollowerState.java:run(143)) - s0@group-E264CA5F8311-FollowerState: change to CANDIDATE, lastRpcElapsedTime:234317726ns, electionTimeout:234ms
2023-08-18 03:37:09,248 [s0@group-E264CA5F8311-FollowerState] INFO  impl.RoleInfo (RoleInfo.java:shutdownFollowerState(109)) - s0: shutdown s0@group-E264CA5F8311-FollowerState
2023-08-18 03:37:09,248 [s0@group-E264CA5F8311-FollowerState] INFO  server.RaftServer$Division (RaftServerImpl.java:setRole(371)) - s0@group-E264CA5F8311: changes role from  FOLLOWER to CANDIDATE at term 1 for changeToCandidate
2023-08-18 03:37:09,248 [s0@group-E264CA5F8311-FollowerState] INFO  impl.SimpleStateMachine4Testing (SimpleStateMachine4Testing.java:notifyExtendedNoLeader(411)) - StateMachineWithMultiNestedSnapshotFile:s0:group-E264CA5F8311: notifyExtendedNoLeader group-E264CA5F8311, self {
  id: "s0"
  address: "localhost:39295"
  dataStreamAddress: "localhost:40677"
  clientAddress: "localhost:40991"
  adminAddress: "localhost:44843"
  startupRole: FOLLOWER
}
role: CANDIDATE
candidateInfo {
  lastLeaderElapsedTimeMs: 67532
}

2023-08-18 03:37:09,248 [s0@group-E264CA5F8311-FollowerState] INFO  server.RaftServerConfigKeys (ConfUtils.java:logGet(46)) - raft.server.leaderelection.pre-vote = true (default)
2023-08-18 03:37:09,248 [s0@group-E264CA5F8311-FollowerState] INFO  impl.RoleInfo (RoleInfo.java:updateAndGet(138)) - s0: start s0@group-E264CA5F8311-LeaderElection252
2023-08-18 03:37:09,249 [s0@group-E264CA5F8311-LeaderElection252] INFO  impl.LeaderElection (LeaderElection.java:askForVotes(320)) - s0@group-E264CA5F8311-LeaderElection252 PRE_VOTE round 0: submit vote requests at term 1 for 255: peers:[s0|rpc:localhost:39295|admin:localhost:44843|client:localhost:40991|dataStream:localhost:40677|priority:0|startupRole:FOLLOWER, s1|rpc:0.0.0.0:34459|dataStream:|priority:0|startupRole:FOLLOWER, s2|rpc:0.0.0.0:43137|dataStream:|priority:0|startupRole:FOLLOWER]|listeners:[], old=peers:[s0|rpc:localhost:39295|admin:localhost:44843|client:localhost:40991|dataStream:localhost:40677|priority:0|startupRole:FOLLOWER]|listeners:[]
2023-08-18 03:37:09,249 [grpc-default-executor-0] INFO  server.RaftServer$Division (RaftServerImpl.java:requestVote(1344)) - s1@group-E264CA5F8311: receive requestVote(PRE_VOTE, s0, group-E264CA5F8311, 1, (t:1, i:255))
2023-08-18 03:37:09,249 [grpc-default-executor-0] WARN  server.GrpcServerProtocolService (LogUtils.java:warn(122)) - s1: Failed requestVote s0->s1#0: org.apache.ratis.protocol.exceptions.ServerNotReadyException: s1@group-E264CA5F8311 is not in [RUNNING]: current state is STARTING
2023-08-18 03:37:09,250 [grpc-default-executor-0] INFO  server.RaftServer$Division (RaftServerImpl.java:requestVote(1344)) - s2@group-E264CA5F8311: receive requestVote(PRE_VOTE, s0, group-E264CA5F8311, 1, (t:1, i:255))
2023-08-18 03:37:09,250 [s0@group-E264CA5F8311-LeaderElection252] INFO  impl.LeaderElection (LogUtils.java:infoOrTrace(137)) - s0@group-E264CA5F8311-LeaderElection252 got exception when requesting votes: java.util.concurrent.ExecutionException: org.apache.ratis.thirdparty.io.grpc.StatusRuntimeException: INTERNAL: s1@group-E264CA5F8311 is not in [RUNNING]: current state is STARTING
2023-08-18 03:37:09,250 [grpc-default-executor-0] WARN  server.GrpcServerProtocolService (LogUtils.java:warn(122)) - s2: Failed requestVote s0->s2#0: org.apache.ratis.protocol.exceptions.ServerNotReadyException: s2@group-E264CA5F8311 is not in [RUNNING]: current state is STARTING
2023-08-18 03:37:09,250 [s0@group-E264CA5F8311-LeaderElection252] INFO  impl.LeaderElection (LogUtils.java:infoOrTrace(137)) - s0@group-E264CA5F8311-LeaderElection252 got exception when requesting votes: java.util.concurrent.ExecutionException: org.apache.ratis.thirdparty.io.grpc.StatusRuntimeException: INTERNAL: s2@group-E264CA5F8311 is not in [RUNNING]: current state is STARTING
2023-08-18 03:37:09,250 [s0@group-E264CA5F8311-LeaderElection252] INFO  impl.LeaderElection (LeaderElection.java:logAndReturn(89)) - s0@group-E264CA5F8311-LeaderElection252: PRE_VOTE REJECTED received 0 response(s) and 2 exception(s):
2023-08-18 03:37:09,250 [s0@group-E264CA5F8311-LeaderElection252] INFO  impl.LeaderElection (LogUtils.java:infoOrTrace(137)) -   Exception 0: java.util.concurrent.ExecutionException: org.apache.ratis.thirdparty.io.grpc.StatusRuntimeException: INTERNAL: s1@group-E264CA5F8311 is not in [RUNNING]: current state is STARTING
2023-08-18 03:37:09,250 [s0@group-E264CA5F8311-LeaderElection252] INFO  impl.LeaderElection (LogUtils.java:infoOrTrace(137)) -   Exception 1: java.util.concurrent.ExecutionException: org.apache.ratis.thirdparty.io.grpc.StatusRuntimeException: INTERNAL: s2@group-E264CA5F8311 is not in [RUNNING]: current state is STARTING
2023-08-18 03:37:09,250 [s0@group-E264CA5F8311-LeaderElection252] INFO  impl.LeaderElection (LeaderElection.java:askForVotes(322)) - s0@group-E264CA5F8311-LeaderElection252 PRE_VOTE round 0: result REJECTED
2023-08-18 03:37:09,250 [s0@group-E264CA5F8311-LeaderElection252] INFO  server.RaftServer$Division (RaftServerImpl.java:setRole(371)) - s0@group-E264CA5F8311: changes role from CANDIDATE to FOLLOWER at term 1 for REJECTED
2023-08-18 03:37:09,250 [s0@group-E264CA5F8311-LeaderElection252] INFO  impl.RoleInfo (RoleInfo.java:shutdownLeaderElection(129)) - s0: shutdown s0@group-E264CA5F8311-LeaderElection252
2023-08-18 03:37:09,250 [s0@group-E264CA5F8311-LeaderElection252] INFO  impl.RoleInfo (RoleInfo.java:updateAndGet(138)) - s0: start s0@group-E264CA5F8311-FollowerState
2023-08-18 03:37:09,346 [s1-server-thread1] INFO  server.RaftServer$Division (RaftServerImpl.java:setConfigurationAsync(1238)) - s1@group-E264CA5F8311: receive setConfiguration SetConfigurationRequest:client-255CF6B0DA3F->s1@group-E264CA5F8311, cid=386, seq=0, RW, null, SET_UNCONDITIONALLY, servers:[s1|rpc:0.0.0.0:34459|dataStream:|priority:0|startupRole:FOLLOWER, s2|rpc:0.0.0.0:43137|dataStream:|priority:0|startupRole:FOLLOWER, s0|rpc:localhost:39295|admin:localhost:44843|client:localhost:40991|dataStream:localhost:40677|priority:0|startupRole:FOLLOWER], listeners:[]
2023-08-18 03:37:09,449 [s0-server-thread1] INFO  server.RaftServer$Division (RaftServerImpl.java:setConfigurationAsync(1238)) - s0@group-E264CA5F8311: receive setConfiguration SetConfigurationRequest:client-255CF6B0DA3F->s0@group-E264CA5F8311, cid=386, seq=0, RW, null, SET_UNCONDITIONALLY, servers:[s1|rpc:0.0.0.0:34459|dataStream:|priority:0|startupRole:FOLLOWER, s2|rpc:0.0.0.0:43137|dataStream:|priority:0|startupRole:FOLLOWER, s0|rpc:localhost:39295|admin:localhost:44843|client:localhost:40991|dataStream:localhost:40677|priority:0|startupRole:FOLLOWER], listeners:[]
2023-08-18 03:37:09,519 [s0@group-E264CA5F8311-FollowerState] INFO  impl.FollowerState (FollowerState.java:run(143)) - s0@group-E264CA5F8311-FollowerState: change to CANDIDATE, lastRpcElapsedTime:268328498ns, electionTimeout:268ms
2023-08-18 03:37:09,519 [s0@group-E264CA5F8311-FollowerState] INFO  impl.RoleInfo (RoleInfo.java:shutdownFollowerState(109)) - s0: shutdown s0@group-E264CA5F8311-FollowerState
2023-08-18 03:37:09,519 [s0@group-E264CA5F8311-FollowerState] INFO  server.RaftServer$Division (RaftServerImpl.java:setRole(371)) - s0@group-E264CA5F8311: changes role from  FOLLOWER to CANDIDATE at term 1 for changeToCandidate
2023-08-18 03:37:09,519 [s0@group-E264CA5F8311-FollowerState] INFO  impl.SimpleStateMachine4Testing (SimpleStateMachine4Testing.java:notifyExtendedNoLeader(411)) - StateMachineWithMultiNestedSnapshotFile:s0:group-E264CA5F8311: notifyExtendedNoLeader group-E264CA5F8311, self {
  id: "s0"
  address: "localhost:39295"
  dataStreamAddress: "localhost:40677"
  clientAddress: "localhost:40991"
  adminAddress: "localhost:44843"
  startupRole: FOLLOWER
}
role: CANDIDATE
candidateInfo {
  lastLeaderElapsedTimeMs: 67803
}

2023-08-18 03:37:09,519 [s0@group-E264CA5F8311-FollowerState] INFO  server.RaftServerConfigKeys (ConfUtils.java:logGet(46)) - raft.server.leaderelection.pre-vote = true (default)
2023-08-18 03:37:09,519 [s0@group-E264CA5F8311-FollowerState] INFO  impl.RoleInfo (RoleInfo.java:updateAndGet(138)) - s0: start s0@group-E264CA5F8311-LeaderElection253
2023-08-18 03:37:09,519 [s0@group-E264CA5F8311-LeaderElection253] INFO  impl.LeaderElection (LeaderElection.java:askForVotes(320)) - s0@group-E264CA5F8311-LeaderElection253 PRE_VOTE round 0: submit vote requests at term 1 for 255: peers:[s0|rpc:localhost:39295|admin:localhost:44843|client:localhost:40991|dataStream:localhost:40677|priority:0|startupRole:FOLLOWER, s1|rpc:0.0.0.0:34459|dataStream:|priority:0|startupRole:FOLLOWER, s2|rpc:0.0.0.0:43137|dataStream:|priority:0|startupRole:FOLLOWER]|listeners:[], old=peers:[s0|rpc:localhost:39295|admin:localhost:44843|client:localhost:40991|dataStream:localhost:40677|priority:0|startupRole:FOLLOWER]|listeners:[]
2023-08-18 03:37:09,521 [grpc-default-executor-0] INFO  server.RaftServer$Division (RaftServerImpl.java:requestVote(1344)) - s1@group-E264CA5F8311: receive requestVote(PRE_VOTE, s0, group-E264CA5F8311, 1, (t:1, i:255))
2023-08-18 03:37:09,521 [grpc-default-executor-0] WARN  server.GrpcServerProtocolService (LogUtils.java:warn(122)) - s1: Failed requestVote s0->s1#0: org.apache.ratis.protocol.exceptions.ServerNotReadyException: s1@group-E264CA5F8311 is not in [RUNNING]: current state is STARTING
2023-08-18 03:37:09,521 [grpc-default-executor-0] INFO  server.RaftServer$Division (RaftServerImpl.java:requestVote(1344)) - s2@group-E264CA5F8311: receive requestVote(PRE_VOTE, s0, group-E264CA5F8311, 1, (t:1, i:255))
2023-08-18 03:37:09,521 [grpc-default-executor-0] WARN  server.GrpcServerProtocolService (LogUtils.java:warn(122)) - s2: Failed requestVote s0->s2#0: org.apache.ratis.protocol.exceptions.ServerNotReadyException: s2@group-E264CA5F8311 is not in [RUNNING]: current state is STARTING
2023-08-18 03:37:09,521 [s0@group-E264CA5F8311-LeaderElection253] INFO  impl.LeaderElection (LogUtils.java:infoOrTrace(137)) - s0@group-E264CA5F8311-LeaderElection253 got exception when requesting votes: java.util.concurrent.ExecutionException: org.apache.ratis.thirdparty.io.grpc.StatusRuntimeException: INTERNAL: s1@group-E264CA5F8311 is not in [RUNNING]: current state is STARTING
2023-08-18 03:37:09,521 [s0@group-E264CA5F8311-LeaderElection253] INFO  impl.LeaderElection (LogUtils.java:infoOrTrace(137)) - s0@group-E264CA5F8311-LeaderElection253 got exception when requesting votes: java.util.concurrent.ExecutionException: org.apache.ratis.thirdparty.io.grpc.StatusRuntimeException: INTERNAL: s2@group-E264CA5F8311 is not in [RUNNING]: current state is STARTING
2023-08-18 03:37:09,521 [s0@group-E264CA5F8311-LeaderElection253] INFO  impl.LeaderElection (LeaderElection.java:logAndReturn(89)) - s0@group-E264CA5F8311-LeaderElection253: PRE_VOTE REJECTED received 0 response(s) and 2 exception(s):
2023-08-18 03:37:09,522 [s0@group-E264CA5F8311-LeaderElection253] INFO  impl.LeaderElection (LogUtils.java:infoOrTrace(137)) -   Exception 0: java.util.concurrent.ExecutionException: org.apache.ratis.thirdparty.io.grpc.StatusRuntimeException: INTERNAL: s1@group-E264CA5F8311 is not in [RUNNING]: current state is STARTING
2023-08-18 03:37:09,522 [s0@group-E264CA5F8311-LeaderElection253] INFO  impl.LeaderElection (LogUtils.java:infoOrTrace(137)) -   Exception 1: java.util.concurrent.ExecutionException: org.apache.ratis.thirdparty.io.grpc.StatusRuntimeException: INTERNAL: s2@group-E264CA5F8311 is not in [RUNNING]: current state is STARTING
2023-08-18 03:37:09,522 [s0@group-E264CA5F8311-LeaderElection253] INFO  impl.LeaderElection (LeaderElection.java:askForVotes(322)) - s0@group-E264CA5F8311-LeaderElection253 PRE_VOTE round 0: result REJECTED
2023-08-18 03:37:09,522 [s0@group-E264CA5F8311-LeaderElection253] INFO  server.RaftServer$Division (RaftServerImpl.java:setRole(371)) - s0@group-E264CA5F8311: changes role from CANDIDATE to FOLLOWER at term 1 for REJECTED
2023-08-18 03:37:09,522 [s0@group-E264CA5F8311-LeaderElection253] INFO  impl.RoleInfo (RoleInfo.java:shutdownLeaderElection(129)) - s0: shutdown s0@group-E264CA5F8311-LeaderElection253
2023-08-18 03:37:09,522 [s0@group-E264CA5F8311-LeaderElection253] INFO  impl.RoleInfo (RoleInfo.java:updateAndGet(138)) - s0: start s0@group-E264CA5F8311-FollowerState
2023-08-18 03:37:09,553 [s2-server-thread1] INFO  server.RaftServer$Division (RaftServerImpl.java:setConfigurationAsync(1238)) - s2@group-E264CA5F8311: receive setConfiguration SetConfigurationRequest:client-255CF6B0DA3F->s2@group-E264CA5F8311, cid=386, seq=0, RW, null, SET_UNCONDITIONALLY, servers:[s1|rpc:0.0.0.0:34459|dataStream:|priority:0|startupRole:FOLLOWER, s2|rpc:0.0.0.0:43137|dataStream:|priority:0|startupRole:FOLLOWER, s0|rpc:localhost:39295|admin:localhost:44843|client:localhost:40991|dataStream:localhost:40677|priority:0|startupRole:FOLLOWER], listeners:[]
2023-08-18 03:37:09,657 [s0-server-thread1] INFO  server.RaftServer$Division (RaftServerImpl.java:setConfigurationAsync(1238)) - s0@group-E264CA5F8311: receive setConfiguration SetConfigurationRequest:client-255CF6B0DA3F->s0@group-E264CA5F8311, cid=386, seq=0, RW, null, SET_UNCONDITIONALLY, servers:[s1|rpc:0.0.0.0:34459|dataStream:|priority:0|startupRole:FOLLOWER, s2|rpc:0.0.0.0:43137|dataStream:|priority:0|startupRole:FOLLOWER, s0|rpc:localhost:39295|admin:localhost:44843|client:localhost:40991|dataStream:localhost:40677|priority:0|startupRole:FOLLOWER], listeners:[]
2023-08-18 03:37:09,753 [s0@group-E264CA5F8311-FollowerState] INFO  impl.FollowerState (FollowerState.java:run(143)) - s0@group-E264CA5F8311-FollowerState: change to CANDIDATE, lastRpcElapsedTime:231421946ns, electionTimeout:231ms
2023-08-18 03:37:09,753 [s0@group-E264CA5F8311-FollowerState] INFO  impl.RoleInfo (RoleInfo.java:shutdownFollowerState(109)) - s0: shutdown s0@group-E264CA5F8311-FollowerState
2023-08-18 03:37:09,753 [s0@group-E264CA5F8311-FollowerState] INFO  server.RaftServer$Division (RaftServerImpl.java:setRole(371)) - s0@group-E264CA5F8311: changes role from  FOLLOWER to CANDIDATE at term 1 for changeToCandidate
2023-08-18 03:37:09,753 [s0@group-E264CA5F8311-FollowerState] INFO  impl.SimpleStateMachine4Testing (SimpleStateMachine4Testing.java:notifyExtendedNoLeader(411)) - StateMachineWithMultiNestedSnapshotFile:s0:group-E264CA5F8311: notifyExtendedNoLeader group-E264CA5F8311, self {
  id: "s0"
  address: "localhost:39295"
  dataStreamAddress: "localhost:40677"
  clientAddress: "localhost:40991"
  adminAddress: "localhost:44843"
  startupRole: FOLLOWER
}
role: CANDIDATE
candidateInfo {
  lastLeaderElapsedTimeMs: 68037
}

2023-08-18 03:37:09,753 [s0@group-E264CA5F8311-FollowerState] INFO  server.RaftServerConfigKeys (ConfUtils.java:logGet(46)) - raft.server.leaderelection.pre-vote = true (default)
2023-08-18 03:37:09,753 [s0@group-E264CA5F8311-FollowerState] INFO  impl.RoleInfo (RoleInfo.java:updateAndGet(138)) - s0: start s0@group-E264CA5F8311-LeaderElection254
2023-08-18 03:37:09,754 [s0@group-E264CA5F8311-LeaderElection254] INFO  impl.LeaderElection (LeaderElection.java:askForVotes(320)) - s0@group-E264CA5F8311-LeaderElection254 PRE_VOTE round 0: submit vote requests at term 1 for 255: peers:[s0|rpc:localhost:39295|admin:localhost:44843|client:localhost:40991|dataStream:localhost:40677|priority:0|startupRole:FOLLOWER, s1|rpc:0.0.0.0:34459|dataStream:|priority:0|startupRole:FOLLOWER, s2|rpc:0.0.0.0:43137|dataStream:|priority:0|startupRole:FOLLOWER]|listeners:[], old=peers:[s0|rpc:localhost:39295|admin:localhost:44843|client:localhost:40991|dataStream:localhost:40677|priority:0|startupRole:FOLLOWER]|listeners:[]
2023-08-18 03:37:09,755 [grpc-default-executor-0] INFO  server.RaftServer$Division (RaftServerImpl.java:requestVote(1344)) - s1@group-E264CA5F8311: receive requestVote(PRE_VOTE, s0, group-E264CA5F8311, 1, (t:1, i:255))
2023-08-18 03:37:09,755 [grpc-default-executor-3] INFO  server.RaftServer$Division (RaftServerImpl.java:requestVote(1344)) - s2@group-E264CA5F8311: receive requestVote(PRE_VOTE, s0, group-E264CA5F8311, 1, (t:1, i:255))
2023-08-18 03:37:09,755 [grpc-default-executor-0] WARN  server.GrpcServerProtocolService (LogUtils.java:warn(122)) - s1: Failed requestVote s0->s1#0: org.apache.ratis.protocol.exceptions.ServerNotReadyException: s1@group-E264CA5F8311 is not in [RUNNING]: current state is STARTING
2023-08-18 03:37:09,755 [grpc-default-executor-3] WARN  server.GrpcServerProtocolService (LogUtils.java:warn(122)) - s2: Failed requestVote s0->s2#0: org.apache.ratis.protocol.exceptions.ServerNotReadyException: s2@group-E264CA5F8311 is not in [RUNNING]: current state is STARTING
2023-08-18 03:37:09,755 [s0@group-E264CA5F8311-LeaderElection254] INFO  impl.LeaderElection (LogUtils.java:infoOrTrace(137)) - s0@group-E264CA5F8311-LeaderElection254 got exception when requesting votes: java.util.concurrent.ExecutionException: org.apache.ratis.thirdparty.io.grpc.StatusRuntimeException: INTERNAL: s2@group-E264CA5F8311 is not in [RUNNING]: current state is STARTING
2023-08-18 03:37:09,756 [s0@group-E264CA5F8311-LeaderElection254] INFO  impl.LeaderElection (LogUtils.java:infoOrTrace(137)) - s0@group-E264CA5F8311-LeaderElection254 got exception when requesting votes: java.util.concurrent.ExecutionException: org.apache.ratis.thirdparty.io.grpc.StatusRuntimeException: INTERNAL: s1@group-E264CA5F8311 is not in [RUNNING]: current state is STARTING
2023-08-18 03:37:09,756 [s0@group-E264CA5F8311-LeaderElection254] INFO  impl.LeaderElection (LeaderElection.java:logAndReturn(89)) - s0@group-E264CA5F8311-LeaderElection254: PRE_VOTE REJECTED received 0 response(s) and 2 exception(s):
2023-08-18 03:37:09,756 [s0@group-E264CA5F8311-LeaderElection254] INFO  impl.LeaderElection (LogUtils.java:infoOrTrace(137)) -   Exception 0: java.util.concurrent.ExecutionException: org.apache.ratis.thirdparty.io.grpc.StatusRuntimeException: INTERNAL: s2@group-E264CA5F8311 is not in [RUNNING]: current state is STARTING
2023-08-18 03:37:09,756 [s0@group-E264CA5F8311-LeaderElection254] INFO  impl.LeaderElection (LogUtils.java:infoOrTrace(137)) -   Exception 1: java.util.concurrent.ExecutionException: org.apache.ratis.thirdparty.io.grpc.StatusRuntimeException: INTERNAL: s1@group-E264CA5F8311 is not in [RUNNING]: current state is STARTING
2023-08-18 03:37:09,756 [s0@group-E264CA5F8311-LeaderElection254] INFO  impl.LeaderElection (LeaderElection.java:askForVotes(322)) - s0@group-E264CA5F8311-LeaderElection254 PRE_VOTE round 0: result REJECTED
2023-08-18 03:37:09,756 [s0@group-E264CA5F8311-LeaderElection254] INFO  server.RaftServer$Division (RaftServerImpl.java:setRole(371)) - s0@group-E264CA5F8311: changes role from CANDIDATE to FOLLOWER at term 1 for REJECTED
2023-08-18 03:37:09,756 [s0@group-E264CA5F8311-LeaderElection254] INFO  impl.RoleInfo (RoleInfo.java:shutdownLeaderElection(129)) - s0: shutdown s0@group-E264CA5F8311-LeaderElection254
2023-08-18 03:37:09,756 [s0@group-E264CA5F8311-LeaderElection254] INFO  impl.RoleInfo (RoleInfo.java:updateAndGet(138)) - s0: start s0@group-E264CA5F8311-FollowerState
2023-08-18 03:37:09,760 [s2-server-thread1] INFO  server.RaftServer$Division (RaftServerImpl.java:setConfigurationAsync(1238)) - s2@group-E264CA5F8311: receive setConfiguration SetConfigurationRequest:client-255CF6B0DA3F->s2@group-E264CA5F8311, cid=386, seq=0, RW, null, SET_UNCONDITIONALLY, servers:[s1|rpc:0.0.0.0:34459|dataStream:|priority:0|startupRole:FOLLOWER, s2|rpc:0.0.0.0:43137|dataStream:|priority:0|startupRole:FOLLOWER, s0|rpc:localhost:39295|admin:localhost:44843|client:localhost:40991|dataStream:localhost:40677|priority:0|startupRole:FOLLOWER], listeners:[]
2023-08-18 03:37:09,863 [s0-server-thread1] INFO  server.RaftServer$Division (RaftServerImpl.java:setConfigurationAsync(1238)) - s0@group-E264CA5F8311: receive setConfiguration SetConfigurationRequest:client-255CF6B0DA3F->s0@group-E264CA5F8311, cid=386, seq=0, RW, null, SET_UNCONDITIONALLY, servers:[s1|rpc:0.0.0.0:34459|dataStream:|priority:0|startupRole:FOLLOWER, s2|rpc:0.0.0.0:43137|dataStream:|priority:0|startupRole:FOLLOWER, s0|rpc:localhost:39295|admin:localhost:44843|client:localhost:40991|dataStream:localhost:40677|priority:0|startupRole:FOLLOWER], listeners:[]
2023-08-18 03:37:09,968 [s1-server-thread1] INFO  server.RaftServer$Division (RaftServerImpl.java:setConfigurationAsync(1238)) - s1@group-E264CA5F8311: receive setConfiguration SetConfigurationRequest:client-255CF6B0DA3F->s1@group-E264CA5F8311, cid=386, seq=0, RW, null, SET_UNCONDITIONALLY, servers:[s1|rpc:0.0.0.0:34459|dataStream:|priority:0|startupRole:FOLLOWER, s2|rpc:0.0.0.0:43137|dataStream:|priority:0|startupRole:FOLLOWER, s0|rpc:localhost:39295|admin:localhost:44843|client:localhost:40991|dataStream:localhost:40677|priority:0|startupRole:FOLLOWER], listeners:[]
2023-08-18 03:37:09,971 [s0@group-E264CA5F8311-FollowerState] INFO  impl.FollowerState (FollowerState.java:run(143)) - s0@group-E264CA5F8311-FollowerState: change to CANDIDATE, lastRpcElapsedTime:214910657ns, electionTimeout:212ms
2023-08-18 03:37:09,971 [s0@group-E264CA5F8311-FollowerState] INFO  impl.RoleInfo (RoleInfo.java:shutdownFollowerState(109)) - s0: shutdown s0@group-E264CA5F8311-FollowerState
2023-08-18 03:37:09,971 [s0@group-E264CA5F8311-FollowerState] INFO  server.RaftServer$Division (RaftServerImpl.java:setRole(371)) - s0@group-E264CA5F8311: changes role from  FOLLOWER to CANDIDATE at term 1 for changeToCandidate
2023-08-18 03:37:09,971 [s0@group-E264CA5F8311-FollowerState] INFO  impl.SimpleStateMachine4Testing (SimpleStateMachine4Testing.java:notifyExtendedNoLeader(411)) - StateMachineWithMultiNestedSnapshotFile:s0:group-E264CA5F8311: notifyExtendedNoLeader group-E264CA5F8311, self {
  id: "s0"
  address: "localhost:39295"
  dataStreamAddress: "localhost:40677"
  clientAddress: "localhost:40991"
  adminAddress: "localhost:44843"
  startupRole: FOLLOWER
}
role: CANDIDATE
candidateInfo {
  lastLeaderElapsedTimeMs: 68255
}

2023-08-18 03:37:09,971 [s0@group-E264CA5F8311-FollowerState] INFO  server.RaftServerConfigKeys (ConfUtils.java:logGet(46)) - raft.server.leaderelection.pre-vote = true (default)
2023-08-18 03:37:09,971 [s0@group-E264CA5F8311-FollowerState] INFO  impl.RoleInfo (RoleInfo.java:updateAndGet(138)) - s0: start s0@group-E264CA5F8311-LeaderElection255
2023-08-18 03:37:09,971 [s0@group-E264CA5F8311-LeaderElection255] INFO  impl.LeaderElection (LeaderElection.java:askForVotes(320)) - s0@group-E264CA5F8311-LeaderElection255 PRE_VOTE round 0: submit vote requests at term 1 for 255: peers:[s0|rpc:localhost:39295|admin:localhost:44843|client:localhost:40991|dataStream:localhost:40677|priority:0|startupRole:FOLLOWER, s1|rpc:0.0.0.0:34459|dataStream:|priority:0|startupRole:FOLLOWER, s2|rpc:0.0.0.0:43137|dataStream:|priority:0|startupRole:FOLLOWER]|listeners:[], old=peers:[s0|rpc:localhost:39295|admin:localhost:44843|client:localhost:40991|dataStream:localhost:40677|priority:0|startupRole:FOLLOWER]|listeners:[]
2023-08-18 03:37:09,972 [grpc-default-executor-3] INFO  server.RaftServer$Division (RaftServerImpl.java:requestVote(1344)) - s1@group-E264CA5F8311: receive requestVote(PRE_VOTE, s0, group-E264CA5F8311, 1, (t:1, i:255))
2023-08-18 03:37:09,973 [grpc-default-executor-3] WARN  server.GrpcServerProtocolService (LogUtils.java:warn(122)) - s1: Failed requestVote s0->s1#0: org.apache.ratis.protocol.exceptions.ServerNotReadyException: s1@group-E264CA5F8311 is not in [RUNNING]: current state is STARTING
2023-08-18 03:37:09,973 [grpc-default-executor-0] INFO  server.RaftServer$Division (RaftServerImpl.java:requestVote(1344)) - s2@group-E264CA5F8311: receive requestVote(PRE_VOTE, s0, group-E264CA5F8311, 1, (t:1, i:255))
2023-08-18 03:37:09,973 [grpc-default-executor-0] WARN  server.GrpcServerProtocolService (LogUtils.java:warn(122)) - s2: Failed requestVote s0->s2#0: org.apache.ratis.protocol.exceptions.ServerNotReadyException: s2@group-E264CA5F8311 is not in [RUNNING]: current state is STARTING
2023-08-18 03:37:09,973 [s0@group-E264CA5F8311-LeaderElection255] INFO  impl.LeaderElection (LogUtils.java:infoOrTrace(137)) - s0@group-E264CA5F8311-LeaderElection255 got exception when requesting votes: java.util.concurrent.ExecutionException: org.apache.ratis.thirdparty.io.grpc.StatusRuntimeException: INTERNAL: s1@group-E264CA5F8311 is not in [RUNNING]: current state is STARTING
2023-08-18 03:37:09,973 [s0@group-E264CA5F8311-LeaderElection255] INFO  impl.LeaderElection (LogUtils.java:infoOrTrace(137)) - s0@group-E264CA5F8311-LeaderElection255 got exception when requesting votes: java.util.concurrent.ExecutionException: org.apache.ratis.thirdparty.io.grpc.StatusRuntimeException: INTERNAL: s2@group-E264CA5F8311 is not in [RUNNING]: current state is STARTING
2023-08-18 03:37:09,973 [s0@group-E264CA5F8311-LeaderElection255] INFO  impl.LeaderElection (LeaderElection.java:logAndReturn(89)) - s0@group-E264CA5F8311-LeaderElection255: PRE_VOTE REJECTED received 0 response(s) and 2 exception(s):
2023-08-18 03:37:09,973 [s0@group-E264CA5F8311-LeaderElection255] INFO  impl.LeaderElection (LogUtils.java:infoOrTrace(137)) -   Exception 0: java.util.concurrent.ExecutionException: org.apache.ratis.thirdparty.io.grpc.StatusRuntimeException: INTERNAL: s1@group-E264CA5F8311 is not in [RUNNING]: current state is STARTING
2023-08-18 03:37:09,973 [s0@group-E264CA5F8311-LeaderElection255] INFO  impl.LeaderElection (LogUtils.java:infoOrTrace(137)) -   Exception 1: java.util.concurrent.ExecutionException: org.apache.ratis.thirdparty.io.grpc.StatusRuntimeException: INTERNAL: s2@group-E264CA5F8311 is not in [RUNNING]: current state is STARTING
2023-08-18 03:37:09,973 [s0@group-E264CA5F8311-LeaderElection255] INFO  impl.LeaderElection (LeaderElection.java:askForVotes(322)) - s0@group-E264CA5F8311-LeaderElection255 PRE_VOTE round 0: result REJECTED
2023-08-18 03:37:09,973 [s0@group-E264CA5F8311-LeaderElection255] INFO  server.RaftServer$Division (RaftServerImpl.java:setRole(371)) - s0@group-E264CA5F8311: changes role from CANDIDATE to FOLLOWER at term 1 for REJECTED
2023-08-18 03:37:09,973 [s0@group-E264CA5F8311-LeaderElection255] INFO  impl.RoleInfo (RoleInfo.java:shutdownLeaderElection(129)) - s0: shutdown s0@group-E264CA5F8311-LeaderElection255
2023-08-18 03:37:09,973 [s0@group-E264CA5F8311-LeaderElection255] INFO  impl.RoleInfo (RoleInfo.java:updateAndGet(138)) - s0: start s0@group-E264CA5F8311-FollowerState
2023-08-18 03:37:10,074 [s0-server-thread1] INFO  server.RaftServer$Division (RaftServerImpl.java:setConfigurationAsync(1238)) - s0@group-E264CA5F8311: receive setConfiguration SetConfigurationRequest:client-255CF6B0DA3F->s0@group-E264CA5F8311, cid=386, seq=0, RW, null, SET_UNCONDITIONALLY, servers:[s1|rpc:0.0.0.0:34459|dataStream:|priority:0|startupRole:FOLLOWER, s2|rpc:0.0.0.0:43137|dataStream:|priority:0|startupRole:FOLLOWER, s0|rpc:localhost:39295|admin:localhost:44843|client:localhost:40991|dataStream:localhost:40677|priority:0|startupRole:FOLLOWER], listeners:[]
2023-08-18 03:37:10,174 [s0@group-E264CA5F8311-FollowerState] INFO  impl.FollowerState (FollowerState.java:run(143)) - s0@group-E264CA5F8311-FollowerState: change to CANDIDATE, lastRpcElapsedTime:200360355ns, electionTimeout:200ms
2023-08-18 03:37:10,174 [s0@group-E264CA5F8311-FollowerState] INFO  impl.RoleInfo (RoleInfo.java:shutdownFollowerState(109)) - s0: shutdown s0@group-E264CA5F8311-FollowerState
2023-08-18 03:37:10,174 [s0@group-E264CA5F8311-FollowerState] INFO  server.RaftServer$Division (RaftServerImpl.java:setRole(371)) - s0@group-E264CA5F8311: changes role from  FOLLOWER to CANDIDATE at term 1 for changeToCandidate
2023-08-18 03:37:10,174 [s0@group-E264CA5F8311-FollowerState] INFO  impl.SimpleStateMachine4Testing (SimpleStateMachine4Testing.java:notifyExtendedNoLeader(411)) - StateMachineWithMultiNestedSnapshotFile:s0:group-E264CA5F8311: notifyExtendedNoLeader group-E264CA5F8311, self {
  id: "s0"
  address: "localhost:39295"
  dataStreamAddress: "localhost:40677"
  clientAddress: "localhost:40991"
  adminAddress: "localhost:44843"
  startupRole: FOLLOWER
}
role: CANDIDATE
candidateInfo {
  lastLeaderElapsedTimeMs: 68458
}

2023-08-18 03:37:10,174 [s0@group-E264CA5F8311-FollowerState] INFO  server.RaftServerConfigKeys (ConfUtils.java:logGet(46)) - raft.server.leaderelection.pre-vote = true (default)
2023-08-18 03:37:10,174 [s0@group-E264CA5F8311-FollowerState] INFO  impl.RoleInfo (RoleInfo.java:updateAndGet(138)) - s0: start s0@group-E264CA5F8311-LeaderElection256
2023-08-18 03:37:10,174 [s0@group-E264CA5F8311-LeaderElection256] INFO  impl.LeaderElection (LeaderElection.java:askForVotes(320)) - s0@group-E264CA5F8311-LeaderElection256 PRE_VOTE round 0: submit vote requests at term 1 for 255: peers:[s0|rpc:localhost:39295|admin:localhost:44843|client:localhost:40991|dataStream:localhost:40677|priority:0|startupRole:FOLLOWER, s1|rpc:0.0.0.0:34459|dataStream:|priority:0|startupRole:FOLLOWER, s2|rpc:0.0.0.0:43137|dataStream:|priority:0|startupRole:FOLLOWER]|listeners:[], old=peers:[s0|rpc:localhost:39295|admin:localhost:44843|client:localhost:40991|dataStream:localhost:40677|priority:0|startupRole:FOLLOWER]|listeners:[]
2023-08-18 03:37:10,176 [grpc-default-executor-0] INFO  server.RaftServer$Division (RaftServerImpl.java:requestVote(1344)) - s2@group-E264CA5F8311: receive requestVote(PRE_VOTE, s0, group-E264CA5F8311, 1, (t:1, i:255))
2023-08-18 03:37:10,176 [grpc-default-executor-0] WARN  server.GrpcServerProtocolService (LogUtils.java:warn(122)) - s2: Failed requestVote s0->s2#0: org.apache.ratis.protocol.exceptions.ServerNotReadyException: s2@group-E264CA5F8311 is not in [RUNNING]: current state is STARTING
2023-08-18 03:37:10,176 [grpc-default-executor-0] INFO  server.RaftServer$Division (RaftServerImpl.java:requestVote(1344)) - s1@group-E264CA5F8311: receive requestVote(PRE_VOTE, s0, group-E264CA5F8311, 1, (t:1, i:255))
2023-08-18 03:37:10,176 [grpc-default-executor-0] WARN  server.GrpcServerProtocolService (LogUtils.java:warn(122)) - s1: Failed requestVote s0->s1#0: org.apache.ratis.protocol.exceptions.ServerNotReadyException: s1@group-E264CA5F8311 is not in [RUNNING]: current state is STARTING
2023-08-18 03:37:10,176 [s0@group-E264CA5F8311-LeaderElection256] INFO  impl.LeaderElection (LogUtils.java:infoOrTrace(137)) - s0@group-E264CA5F8311-LeaderElection256 got exception when requesting votes: java.util.concurrent.ExecutionException: org.apache.ratis.thirdparty.io.grpc.StatusRuntimeException: INTERNAL: s2@group-E264CA5F8311 is not in [RUNNING]: current state is STARTING
2023-08-18 03:37:10,176 [s0@group-E264CA5F8311-LeaderElection256] INFO  impl.LeaderElection (LogUtils.java:infoOrTrace(137)) - s0@group-E264CA5F8311-LeaderElection256 got exception when requesting votes: java.util.concurrent.ExecutionException: org.apache.ratis.thirdparty.io.grpc.StatusRuntimeException: INTERNAL: s1@group-E264CA5F8311 is not in [RUNNING]: current state is STARTING
2023-08-18 03:37:10,176 [s0@group-E264CA5F8311-LeaderElection256] INFO  impl.LeaderElection (LeaderElection.java:logAndReturn(89)) - s0@group-E264CA5F8311-LeaderElection256: PRE_VOTE REJECTED received 0 response(s) and 2 exception(s):
2023-08-18 03:37:10,176 [s0@group-E264CA5F8311-LeaderElection256] INFO  impl.LeaderElection (LogUtils.java:infoOrTrace(137)) -   Exception 0: java.util.concurrent.ExecutionException: org.apache.ratis.thirdparty.io.grpc.StatusRuntimeException: INTERNAL: s2@group-E264CA5F8311 is not in [RUNNING]: current state is STARTING
2023-08-18 03:37:10,176 [s0@group-E264CA5F8311-LeaderElection256] INFO  impl.LeaderElection (LogUtils.java:infoOrTrace(137)) -   Exception 1: java.util.concurrent.ExecutionException: org.apache.ratis.thirdparty.io.grpc.StatusRuntimeException: INTERNAL: s1@group-E264CA5F8311 is not in [RUNNING]: current state is STARTING
2023-08-18 03:37:10,176 [s0@group-E264CA5F8311-LeaderElection256] INFO  impl.LeaderElection (LeaderElection.java:askForVotes(322)) - s0@group-E264CA5F8311-LeaderElection256 PRE_VOTE round 0: result REJECTED
2023-08-18 03:37:10,176 [s0@group-E264CA5F8311-LeaderElection256] INFO  server.RaftServer$Division (RaftServerImpl.java:setRole(371)) - s0@group-E264CA5F8311: changes role from CANDIDATE to FOLLOWER at term 1 for REJECTED
2023-08-18 03:37:10,176 [s0@group-E264CA5F8311-LeaderElection256] INFO  impl.RoleInfo (RoleInfo.java:shutdownLeaderElection(129)) - s0: shutdown s0@group-E264CA5F8311-LeaderElection256
2023-08-18 03:37:10,177 [s0@group-E264CA5F8311-LeaderElection256] INFO  impl.RoleInfo (RoleInfo.java:updateAndGet(138)) - s0: start s0@group-E264CA5F8311-FollowerState
2023-08-18 03:37:10,186 [s2-server-thread1] INFO  server.RaftServer$Division (RaftServerImpl.java:setConfigurationAsync(1238)) - s2@group-E264CA5F8311: receive setConfiguration SetConfigurationRequest:client-255CF6B0DA3F->s2@group-E264CA5F8311, cid=386, seq=0, RW, null, SET_UNCONDITIONALLY, servers:[s1|rpc:0.0.0.0:34459|dataStream:|priority:0|startupRole:FOLLOWER, s2|rpc:0.0.0.0:43137|dataStream:|priority:0|startupRole:FOLLOWER, s0|rpc:localhost:39295|admin:localhost:44843|client:localhost:40991|dataStream:localhost:40677|priority:0|startupRole:FOLLOWER], listeners:[]
2023-08-18 03:37:10,290 [s0-server-thread1] INFO  server.RaftServer$Division (RaftServerImpl.java:setConfigurationAsync(1238)) - s0@group-E264CA5F8311: receive setConfiguration SetConfigurationRequest:client-255CF6B0DA3F->s0@group-E264CA5F8311, cid=386, seq=0, RW, null, SET_UNCONDITIONALLY, servers:[s1|rpc:0.0.0.0:34459|dataStream:|priority:0|startupRole:FOLLOWER, s2|rpc:0.0.0.0:43137|dataStream:|priority:0|startupRole:FOLLOWER, s0|rpc:localhost:39295|admin:localhost:44843|client:localhost:40991|dataStream:localhost:40677|priority:0|startupRole:FOLLOWER], listeners:[]
2023-08-18 03:37:10,306 [Timer-2] INFO  impl.MiniRaftCluster (MiniRaftCluster.java:lambda$start$6(349)) - TIMED-PRINT: printing ALL groups
  s0:  RUNNING  FOLLOWER s0@group-E264CA5F8311:t1, leader=null, voted=s0, raftlog=Memoized:s0@group-E264CA5F8311-SegmentedRaftLog:OPENED:c254, conf=255: peers:[s0|rpc:localhost:39295|admin:localhost:44843|client:localhost:40991|dataStream:localhost:40677|priority:0|startupRole:FOLLOWER, s1|rpc:0.0.0.0:34459|dataStream:|priority:0|startupRole:FOLLOWER, s2|rpc:0.0.0.0:43137|dataStream:|priority:0|startupRole:FOLLOWER]|listeners:[], old=peers:[s0|rpc:localhost:39295|admin:localhost:44843|client:localhost:40991|dataStream:localhost:40677|priority:0|startupRole:FOLLOWER]|listeners:[] RUNNING
  s1:  RUNNING  FOLLOWER s1@group-E264CA5F8311:t1, leader=s0, voted=null, raftlog=Memoized:s1@group-E264CA5F8311-SegmentedRaftLog:OPENED:c-1, conf=0: peers:[s0|rpc:localhost:39295|admin:localhost:44843|client:localhost:40991|dataStream:localhost:40677|priority:0|startupRole:FOLLOWER]|listeners:[], old=null STARTING
  s2:  RUNNING  FOLLOWER s2@group-E264CA5F8311:t1, leader=s0, voted=null, raftlog=Memoized:s2@group-E264CA5F8311-SegmentedRaftLog:OPENED:c-1, conf=0: peers:[s0|rpc:localhost:39295|admin:localhost:44843|client:localhost:40991|dataStream:localhost:40677|priority:0|startupRole:FOLLOWER]|listeners:[], old=null STARTING
2023-08-18 03:37:10,393 [s1-server-thread1] INFO  server.RaftServer$Division (RaftServerImpl.java:setConfigurationAsync(1238)) - s1@group-E264CA5F8311: receive setConfiguration SetConfigurationRequest:client-255CF6B0DA3F->s1@group-E264CA5F8311, cid=386, seq=0, RW, null, SET_UNCONDITIONALLY, servers:[s1|rpc:0.0.0.0:34459|dataStream:|priority:0|startupRole:FOLLOWER, s2|rpc:0.0.0.0:43137|dataStream:|priority:0|startupRole:FOLLOWER, s0|rpc:localhost:39295|admin:localhost:44843|client:localhost:40991|dataStream:localhost:40677|priority:0|startupRole:FOLLOWER], listeners:[]
2023-08-18 03:37:10,413 [s0@group-E264CA5F8311-FollowerState] INFO  impl.FollowerState (FollowerState.java:run(143)) - s0@group-E264CA5F8311-FollowerState: change to CANDIDATE, lastRpcElapsedTime:236340713ns, electionTimeout:236ms
2023-08-18 03:37:10,413 [s0@group-E264CA5F8311-FollowerState] INFO  impl.RoleInfo (RoleInfo.java:shutdownFollowerState(109)) - s0: shutdown s0@group-E264CA5F8311-FollowerState
2023-08-18 03:37:10,413 [s0@group-E264CA5F8311-FollowerState] INFO  server.RaftServer$Division (RaftServerImpl.java:setRole(371)) - s0@group-E264CA5F8311: changes role from  FOLLOWER to CANDIDATE at term 1 for changeToCandidate
2023-08-18 03:37:10,413 [s0@group-E264CA5F8311-FollowerState] INFO  impl.SimpleStateMachine4Testing (SimpleStateMachine4Testing.java:notifyExtendedNoLeader(411)) - StateMachineWithMultiNestedSnapshotFile:s0:group-E264CA5F8311: notifyExtendedNoLeader group-E264CA5F8311, self {
  id: "s0"
  address: "localhost:39295"
  dataStreamAddress: "localhost:40677"
  clientAddress: "localhost:40991"
  adminAddress: "localhost:44843"
  startupRole: FOLLOWER
}
role: CANDIDATE
candidateInfo {
  lastLeaderElapsedTimeMs: 68697
}

2023-08-18 03:37:10,413 [s0@group-E264CA5F8311-FollowerState] INFO  server.RaftServerConfigKeys (ConfUtils.java:logGet(46)) - raft.server.leaderelection.pre-vote = true (default)
2023-08-18 03:37:10,413 [s0@group-E264CA5F8311-FollowerState] INFO  impl.RoleInfo (RoleInfo.java:updateAndGet(138)) - s0: start s0@group-E264CA5F8311-LeaderElection257
2023-08-18 03:37:10,414 [s0@group-E264CA5F8311-LeaderElection257] INFO  impl.LeaderElection (LeaderElection.java:askForVotes(320)) - s0@group-E264CA5F8311-LeaderElection257 PRE_VOTE round 0: submit vote requests at term 1 for 255: peers:[s0|rpc:localhost:39295|admin:localhost:44843|client:localhost:40991|dataStream:localhost:40677|priority:0|startupRole:FOLLOWER, s1|rpc:0.0.0.0:34459|dataStream:|priority:0|startupRole:FOLLOWER, s2|rpc:0.0.0.0:43137|dataStream:|priority:0|startupRole:FOLLOWER]|listeners:[], old=peers:[s0|rpc:localhost:39295|admin:localhost:44843|client:localhost:40991|dataStream:localhost:40677|priority:0|startupRole:FOLLOWER]|listeners:[]
2023-08-18 03:37:10,414 [grpc-default-executor-3] INFO  server.RaftServer$Division (RaftServerImpl.java:requestVote(1344)) - s2@group-E264CA5F8311: receive requestVote(PRE_VOTE, s0, group-E264CA5F8311, 1, (t:1, i:255))
2023-08-18 03:37:10,415 [grpc-default-executor-3] WARN  server.GrpcServerProtocolService (LogUtils.java:warn(122)) - s2: Failed requestVote s0->s2#0: org.apache.ratis.protocol.exceptions.ServerNotReadyException: s2@group-E264CA5F8311 is not in [RUNNING]: current state is STARTING
2023-08-18 03:37:10,415 [grpc-default-executor-0] INFO  server.RaftServer$Division (RaftServerImpl.java:requestVote(1344)) - s1@group-E264CA5F8311: receive requestVote(PRE_VOTE, s0, group-E264CA5F8311, 1, (t:1, i:255))
2023-08-18 03:37:10,415 [grpc-default-executor-0] WARN  server.GrpcServerProtocolService (LogUtils.java:warn(122)) - s1: Failed requestVote s0->s1#0: org.apache.ratis.protocol.exceptions.ServerNotReadyException: s1@group-E264CA5F8311 is not in [RUNNING]: current state is STARTING
2023-08-18 03:37:10,415 [s0@group-E264CA5F8311-LeaderElection257] INFO  impl.LeaderElection (LogUtils.java:infoOrTrace(137)) - s0@group-E264CA5F8311-LeaderElection257 got exception when requesting votes: java.util.concurrent.ExecutionException: org.apache.ratis.thirdparty.io.grpc.StatusRuntimeException: INTERNAL: s2@group-E264CA5F8311 is not in [RUNNING]: current state is STARTING
2023-08-18 03:37:10,415 [s0@group-E264CA5F8311-LeaderElection257] INFO  impl.LeaderElection (LogUtils.java:infoOrTrace(137)) - s0@group-E264CA5F8311-LeaderElection257 got exception when requesting votes: java.util.concurrent.ExecutionException: org.apache.ratis.thirdparty.io.grpc.StatusRuntimeException: INTERNAL: s1@group-E264CA5F8311 is not in [RUNNING]: current state is STARTING
2023-08-18 03:37:10,415 [s0@group-E264CA5F8311-LeaderElection257] INFO  impl.LeaderElection (LeaderElection.java:logAndReturn(89)) - s0@group-E264CA5F8311-LeaderElection257: PRE_VOTE REJECTED received 0 response(s) and 2 exception(s):
2023-08-18 03:37:10,415 [s0@group-E264CA5F8311-LeaderElection257] INFO  impl.LeaderElection (LogUtils.java:infoOrTrace(137)) -   Exception 0: java.util.concurrent.ExecutionException: org.apache.ratis.thirdparty.io.grpc.StatusRuntimeException: INTERNAL: s2@group-E264CA5F8311 is not in [RUNNING]: current state is STARTING
2023-08-18 03:37:10,415 [s0@group-E264CA5F8311-LeaderElection257] INFO  impl.LeaderElection (LogUtils.java:infoOrTrace(137)) -   Exception 1: java.util.concurrent.ExecutionException: org.apache.ratis.thirdparty.io.grpc.StatusRuntimeException: INTERNAL: s1@group-E264CA5F8311 is not in [RUNNING]: current state is STARTING
2023-08-18 03:37:10,415 [s0@group-E264CA5F8311-LeaderElection257] INFO  impl.LeaderElection (LeaderElection.java:askForVotes(322)) - s0@group-E264CA5F8311-LeaderElection257 PRE_VOTE round 0: result REJECTED
2023-08-18 03:37:10,415 [s0@group-E264CA5F8311-LeaderElection257] INFO  server.RaftServer$Division (RaftServerImpl.java:setRole(371)) - s0@group-E264CA5F8311: changes role from CANDIDATE to FOLLOWER at term 1 for REJECTED
2023-08-18 03:37:10,415 [s0@group-E264CA5F8311-LeaderElection257] INFO  impl.RoleInfo (RoleInfo.java:shutdownLeaderElection(129)) - s0: shutdown s0@group-E264CA5F8311-LeaderElection257
2023-08-18 03:37:10,415 [s0@group-E264CA5F8311-LeaderElection257] INFO  impl.RoleInfo (RoleInfo.java:updateAndGet(138)) - s0: start s0@group-E264CA5F8311-FollowerState
2023-08-18 03:37:10,496 [s0-server-thread1] INFO  server.RaftServer$Division (RaftServerImpl.java:setConfigurationAsync(1238)) - s0@group-E264CA5F8311: receive setConfiguration SetConfigurationRequest:client-255CF6B0DA3F->s0@group-E264CA5F8311, cid=386, seq=0, RW, null, SET_UNCONDITIONALLY, servers:[s1|rpc:0.0.0.0:34459|dataStream:|priority:0|startupRole:FOLLOWER, s2|rpc:0.0.0.0:43137|dataStream:|priority:0|startupRole:FOLLOWER, s0|rpc:localhost:39295|admin:localhost:44843|client:localhost:40991|dataStream:localhost:40677|priority:0|startupRole:FOLLOWER], listeners:[]
2023-08-18 03:37:10,571 [s0@group-E264CA5F8311-FollowerState] INFO  impl.FollowerState (FollowerState.java:run(143)) - s0@group-E264CA5F8311-FollowerState: change to CANDIDATE, lastRpcElapsedTime:155270657ns, electionTimeout:155ms
2023-08-18 03:37:10,571 [s0@group-E264CA5F8311-FollowerState] INFO  impl.RoleInfo (RoleInfo.java:shutdownFollowerState(109)) - s0: shutdown s0@group-E264CA5F8311-FollowerState
2023-08-18 03:37:10,571 [s0@group-E264CA5F8311-FollowerState] INFO  server.RaftServer$Division (RaftServerImpl.java:setRole(371)) - s0@group-E264CA5F8311: changes role from  FOLLOWER to CANDIDATE at term 1 for changeToCandidate
2023-08-18 03:37:10,571 [s0@group-E264CA5F8311-FollowerState] INFO  impl.SimpleStateMachine4Testing (SimpleStateMachine4Testing.java:notifyExtendedNoLeader(411)) - StateMachineWithMultiNestedSnapshotFile:s0:group-E264CA5F8311: notifyExtendedNoLeader group-E264CA5F8311, self {
  id: "s0"
  address: "localhost:39295"
  dataStreamAddress: "localhost:40677"
  clientAddress: "localhost:40991"
  adminAddress: "localhost:44843"
  startupRole: FOLLOWER
}
role: CANDIDATE
candidateInfo {
  lastLeaderElapsedTimeMs: 68855
}

2023-08-18 03:37:10,571 [s0@group-E264CA5F8311-FollowerState] INFO  server.RaftServerConfigKeys (ConfUtils.java:logGet(46)) - raft.server.leaderelection.pre-vote = true (default)
2023-08-18 03:37:10,571 [s0@group-E264CA5F8311-FollowerState] INFO  impl.RoleInfo (RoleInfo.java:updateAndGet(138)) - s0: start s0@group-E264CA5F8311-LeaderElection258
2023-08-18 03:37:10,571 [s0@group-E264CA5F8311-LeaderElection258] INFO  impl.LeaderElection (LeaderElection.java:askForVotes(320)) - s0@group-E264CA5F8311-LeaderElection258 PRE_VOTE round 0: submit vote requests at term 1 for 255: peers:[s0|rpc:localhost:39295|admin:localhost:44843|client:localhost:40991|dataStream:localhost:40677|priority:0|startupRole:FOLLOWER, s1|rpc:0.0.0.0:34459|dataStream:|priority:0|startupRole:FOLLOWER, s2|rpc:0.0.0.0:43137|dataStream:|priority:0|startupRole:FOLLOWER]|listeners:[], old=peers:[s0|rpc:localhost:39295|admin:localhost:44843|client:localhost:40991|dataStream:localhost:40677|priority:0|startupRole:FOLLOWER]|listeners:[]
2023-08-18 03:37:10,572 [grpc-default-executor-3] INFO  server.RaftServer$Division (RaftServerImpl.java:requestVote(1344)) - s2@group-E264CA5F8311: receive requestVote(PRE_VOTE, s0, group-E264CA5F8311, 1, (t:1, i:255))
2023-08-18 03:37:10,572 [grpc-default-executor-0] INFO  server.RaftServer$Division (RaftServerImpl.java:requestVote(1344)) - s1@group-E264CA5F8311: receive requestVote(PRE_VOTE, s0, group-E264CA5F8311, 1, (t:1, i:255))
2023-08-18 03:37:10,572 [grpc-default-executor-3] WARN  server.GrpcServerProtocolService (LogUtils.java:warn(122)) - s2: Failed requestVote s0->s2#0: org.apache.ratis.protocol.exceptions.ServerNotReadyException: s2@group-E264CA5F8311 is not in [RUNNING]: current state is STARTING
2023-08-18 03:37:10,572 [grpc-default-executor-0] WARN  server.GrpcServerProtocolService (LogUtils.java:warn(122)) - s1: Failed requestVote s0->s1#0: org.apache.ratis.protocol.exceptions.ServerNotReadyException: s1@group-E264CA5F8311 is not in [RUNNING]: current state is STARTING
2023-08-18 03:37:10,573 [s0@group-E264CA5F8311-LeaderElection258] INFO  impl.LeaderElection (LogUtils.java:infoOrTrace(137)) - s0@group-E264CA5F8311-LeaderElection258 got exception when requesting votes: java.util.concurrent.ExecutionException: org.apache.ratis.thirdparty.io.grpc.StatusRuntimeException: INTERNAL: s1@group-E264CA5F8311 is not in [RUNNING]: current state is STARTING
2023-08-18 03:37:10,573 [s0@group-E264CA5F8311-LeaderElection258] INFO  impl.LeaderElection (LogUtils.java:infoOrTrace(137)) - s0@group-E264CA5F8311-LeaderElection258 got exception when requesting votes: java.util.concurrent.ExecutionException: org.apache.ratis.thirdparty.io.grpc.StatusRuntimeException: INTERNAL: s2@group-E264CA5F8311 is not in [RUNNING]: current state is STARTING
2023-08-18 03:37:10,573 [s0@group-E264CA5F8311-LeaderElection258] INFO  impl.LeaderElection (LeaderElection.java:logAndReturn(89)) - s0@group-E264CA5F8311-LeaderElection258: PRE_VOTE REJECTED received 0 response(s) and 2 exception(s):
2023-08-18 03:37:10,573 [s0@group-E264CA5F8311-LeaderElection258] INFO  impl.LeaderElection (LogUtils.java:infoOrTrace(137)) -   Exception 0: java.util.concurrent.ExecutionException: org.apache.ratis.thirdparty.io.grpc.StatusRuntimeException: INTERNAL: s1@group-E264CA5F8311 is not in [RUNNING]: current state is STARTING
2023-08-18 03:37:10,573 [s0@group-E264CA5F8311-LeaderElection258] INFO  impl.LeaderElection (LogUtils.java:infoOrTrace(137)) -   Exception 1: java.util.concurrent.ExecutionException: org.apache.ratis.thirdparty.io.grpc.StatusRuntimeException: INTERNAL: s2@group-E264CA5F8311 is not in [RUNNING]: current state is STARTING
2023-08-18 03:37:10,573 [s0@group-E264CA5F8311-LeaderElection258] INFO  impl.LeaderElection (LeaderElection.java:askForVotes(322)) - s0@group-E264CA5F8311-LeaderElection258 PRE_VOTE round 0: result REJECTED
2023-08-18 03:37:10,573 [s0@group-E264CA5F8311-LeaderElection258] INFO  server.RaftServer$Division (RaftServerImpl.java:setRole(371)) - s0@group-E264CA5F8311: changes role from CANDIDATE to FOLLOWER at term 1 for REJECTED
2023-08-18 03:37:10,573 [s0@group-E264CA5F8311-LeaderElection258] INFO  impl.RoleInfo (RoleInfo.java:shutdownLeaderElection(129)) - s0: shutdown s0@group-E264CA5F8311-LeaderElection258
2023-08-18 03:37:10,573 [s0@group-E264CA5F8311-LeaderElection258] INFO  impl.RoleInfo (RoleInfo.java:updateAndGet(138)) - s0: start s0@group-E264CA5F8311-FollowerState
2023-08-18 03:37:10,600 [s1-server-thread1] INFO  server.RaftServer$Division (RaftServerImpl.java:setConfigurationAsync(1238)) - s1@group-E264CA5F8311: receive setConfiguration SetConfigurationRequest:client-255CF6B0DA3F->s1@group-E264CA5F8311, cid=386, seq=0, RW, null, SET_UNCONDITIONALLY, servers:[s1|rpc:0.0.0.0:34459|dataStream:|priority:0|startupRole:FOLLOWER, s2|rpc:0.0.0.0:43137|dataStream:|priority:0|startupRole:FOLLOWER, s0|rpc:localhost:39295|admin:localhost:44843|client:localhost:40991|dataStream:localhost:40677|priority:0|startupRole:FOLLOWER], listeners:[]
2023-08-18 03:37:10,703 [s2-server-thread1] INFO  server.RaftServer$Division (RaftServerImpl.java:setConfigurationAsync(1238)) - s2@group-E264CA5F8311: receive setConfiguration SetConfigurationRequest:client-255CF6B0DA3F->s2@group-E264CA5F8311, cid=386, seq=0, RW, null, SET_UNCONDITIONALLY, servers:[s1|rpc:0.0.0.0:34459|dataStream:|priority:0|startupRole:FOLLOWER, s2|rpc:0.0.0.0:43137|dataStream:|priority:0|startupRole:FOLLOWER, s0|rpc:localhost:39295|admin:localhost:44843|client:localhost:40991|dataStream:localhost:40677|priority:0|startupRole:FOLLOWER], listeners:[]
2023-08-18 03:37:10,806 [s1-server-thread1] INFO  server.RaftServer$Division (RaftServerImpl.java:setConfigurationAsync(1238)) - s1@group-E264CA5F8311: receive setConfiguration SetConfigurationRequest:client-255CF6B0DA3F->s1@group-E264CA5F8311, cid=386, seq=0, RW, null, SET_UNCONDITIONALLY, servers:[s1|rpc:0.0.0.0:34459|dataStream:|priority:0|startupRole:FOLLOWER, s2|rpc:0.0.0.0:43137|dataStream:|priority:0|startupRole:FOLLOWER, s0|rpc:localhost:39295|admin:localhost:44843|client:localhost:40991|dataStream:localhost:40677|priority:0|startupRole:FOLLOWER], listeners:[]
2023-08-18 03:37:10,866 [s0@group-E264CA5F8311-FollowerState] INFO  impl.FollowerState (FollowerState.java:run(143)) - s0@group-E264CA5F8311-FollowerState: change to CANDIDATE, lastRpcElapsedTime:293247030ns, electionTimeout:293ms
2023-08-18 03:37:10,866 [s0@group-E264CA5F8311-FollowerState] INFO  impl.RoleInfo (RoleInfo.java:shutdownFollowerState(109)) - s0: shutdown s0@group-E264CA5F8311-FollowerState
2023-08-18 03:37:10,866 [s0@group-E264CA5F8311-FollowerState] INFO  server.RaftServer$Division (RaftServerImpl.java:setRole(371)) - s0@group-E264CA5F8311: changes role from  FOLLOWER to CANDIDATE at term 1 for changeToCandidate
2023-08-18 03:37:10,867 [s0@group-E264CA5F8311-FollowerState] INFO  impl.SimpleStateMachine4Testing (SimpleStateMachine4Testing.java:notifyExtendedNoLeader(411)) - StateMachineWithMultiNestedSnapshotFile:s0:group-E264CA5F8311: notifyExtendedNoLeader group-E264CA5F8311, self {
  id: "s0"
  address: "localhost:39295"
  dataStreamAddress: "localhost:40677"
  clientAddress: "localhost:40991"
  adminAddress: "localhost:44843"
  startupRole: FOLLOWER
}
role: CANDIDATE
candidateInfo {
  lastLeaderElapsedTimeMs: 69150
}

2023-08-18 03:37:10,867 [s0@group-E264CA5F8311-FollowerState] INFO  server.RaftServerConfigKeys (ConfUtils.java:logGet(46)) - raft.server.leaderelection.pre-vote = true (default)
2023-08-18 03:37:10,867 [s0@group-E264CA5F8311-FollowerState] INFO  impl.RoleInfo (RoleInfo.java:updateAndGet(138)) - s0: start s0@group-E264CA5F8311-LeaderElection259
2023-08-18 03:37:10,867 [s0@group-E264CA5F8311-LeaderElection259] INFO  impl.LeaderElection (LeaderElection.java:askForVotes(320)) - s0@group-E264CA5F8311-LeaderElection259 PRE_VOTE round 0: submit vote requests at term 1 for 255: peers:[s0|rpc:localhost:39295|admin:localhost:44843|client:localhost:40991|dataStream:localhost:40677|priority:0|startupRole:FOLLOWER, s1|rpc:0.0.0.0:34459|dataStream:|priority:0|startupRole:FOLLOWER, s2|rpc:0.0.0.0:43137|dataStream:|priority:0|startupRole:FOLLOWER]|listeners:[], old=peers:[s0|rpc:localhost:39295|admin:localhost:44843|client:localhost:40991|dataStream:localhost:40677|priority:0|startupRole:FOLLOWER]|listeners:[]
2023-08-18 03:37:10,869 [grpc-default-executor-0] INFO  server.RaftServer$Division (RaftServerImpl.java:requestVote(1344)) - s1@group-E264CA5F8311: receive requestVote(PRE_VOTE, s0, group-E264CA5F8311, 1, (t:1, i:255))
2023-08-18 03:37:10,869 [grpc-default-executor-0] WARN  server.GrpcServerProtocolService (LogUtils.java:warn(122)) - s1: Failed requestVote s0->s1#0: org.apache.ratis.protocol.exceptions.ServerNotReadyException: s1@group-E264CA5F8311 is not in [RUNNING]: current state is STARTING
2023-08-18 03:37:10,870 [grpc-default-executor-0] INFO  server.RaftServer$Division (RaftServerImpl.java:requestVote(1344)) - s2@group-E264CA5F8311: receive requestVote(PRE_VOTE, s0, group-E264CA5F8311, 1, (t:1, i:255))
2023-08-18 03:37:10,870 [grpc-default-executor-0] WARN  server.GrpcServerProtocolService (LogUtils.java:warn(122)) - s2: Failed requestVote s0->s2#0: org.apache.ratis.protocol.exceptions.ServerNotReadyException: s2@group-E264CA5F8311 is not in [RUNNING]: current state is STARTING
2023-08-18 03:37:10,870 [s0@group-E264CA5F8311-LeaderElection259] INFO  impl.LeaderElection (LogUtils.java:infoOrTrace(137)) - s0@group-E264CA5F8311-LeaderElection259 got exception when requesting votes: java.util.concurrent.ExecutionException: org.apache.ratis.thirdparty.io.grpc.StatusRuntimeException: INTERNAL: s1@group-E264CA5F8311 is not in [RUNNING]: current state is STARTING
2023-08-18 03:37:10,870 [s0@group-E264CA5F8311-LeaderElection259] INFO  impl.LeaderElection (LogUtils.java:infoOrTrace(137)) - s0@group-E264CA5F8311-LeaderElection259 got exception when requesting votes: java.util.concurrent.ExecutionException: org.apache.ratis.thirdparty.io.grpc.StatusRuntimeException: INTERNAL: s2@group-E264CA5F8311 is not in [RUNNING]: current state is STARTING
2023-08-18 03:37:10,870 [s0@group-E264CA5F8311-LeaderElection259] INFO  impl.LeaderElection (LeaderElection.java:logAndReturn(89)) - s0@group-E264CA5F8311-LeaderElection259: PRE_VOTE REJECTED received 0 response(s) and 2 exception(s):
2023-08-18 03:37:10,870 [s0@group-E264CA5F8311-LeaderElection259] INFO  impl.LeaderElection (LogUtils.java:infoOrTrace(137)) -   Exception 0: java.util.concurrent.ExecutionException: org.apache.ratis.thirdparty.io.grpc.StatusRuntimeException: INTERNAL: s1@group-E264CA5F8311 is not in [RUNNING]: current state is STARTING
2023-08-18 03:37:10,870 [s0@group-E264CA5F8311-LeaderElection259] INFO  impl.LeaderElection (LogUtils.java:infoOrTrace(137)) -   Exception 1: java.util.concurrent.ExecutionException: org.apache.ratis.thirdparty.io.grpc.StatusRuntimeException: INTERNAL: s2@group-E264CA5F8311 is not in [RUNNING]: current state is STARTING
2023-08-18 03:37:10,870 [s0@group-E264CA5F8311-LeaderElection259] INFO  impl.LeaderElection (LeaderElection.java:askForVotes(322)) - s0@group-E264CA5F8311-LeaderElection259 PRE_VOTE round 0: result REJECTED
2023-08-18 03:37:10,870 [s0@group-E264CA5F8311-LeaderElection259] INFO  server.RaftServer$Division (RaftServerImpl.java:setRole(371)) - s0@group-E264CA5F8311: changes role from CANDIDATE to FOLLOWER at term 1 for REJECTED
2023-08-18 03:37:10,870 [s0@group-E264CA5F8311-LeaderElection259] INFO  impl.RoleInfo (RoleInfo.java:shutdownLeaderElection(129)) - s0: shutdown s0@group-E264CA5F8311-LeaderElection259
2023-08-18 03:37:10,870 [s0@group-E264CA5F8311-LeaderElection259] INFO  impl.RoleInfo (RoleInfo.java:updateAndGet(138)) - s0: start s0@group-E264CA5F8311-FollowerState
2023-08-18 03:37:10,910 [s0-server-thread1] INFO  server.RaftServer$Division (RaftServerImpl.java:setConfigurationAsync(1238)) - s0@group-E264CA5F8311: receive setConfiguration SetConfigurationRequest:client-255CF6B0DA3F->s0@group-E264CA5F8311, cid=386, seq=0, RW, null, SET_UNCONDITIONALLY, servers:[s1|rpc:0.0.0.0:34459|dataStream:|priority:0|startupRole:FOLLOWER, s2|rpc:0.0.0.0:43137|dataStream:|priority:0|startupRole:FOLLOWER, s0|rpc:localhost:39295|admin:localhost:44843|client:localhost:40991|dataStream:localhost:40677|priority:0|startupRole:FOLLOWER], listeners:[]
2023-08-18 03:37:11,013 [s2-server-thread1] INFO  server.RaftServer$Division (RaftServerImpl.java:setConfigurationAsync(1238)) - s2@group-E264CA5F8311: receive setConfiguration SetConfigurationRequest:client-255CF6B0DA3F->s2@group-E264CA5F8311, cid=386, seq=0, RW, null, SET_UNCONDITIONALLY, servers:[s1|rpc:0.0.0.0:34459|dataStream:|priority:0|startupRole:FOLLOWER, s2|rpc:0.0.0.0:43137|dataStream:|priority:0|startupRole:FOLLOWER, s0|rpc:localhost:39295|admin:localhost:44843|client:localhost:40991|dataStream:localhost:40677|priority:0|startupRole:FOLLOWER], listeners:[]
2023-08-18 03:37:11,117 [s0-server-thread1] INFO  server.RaftServer$Division (RaftServerImpl.java:setConfigurationAsync(1238)) - s0@group-E264CA5F8311: receive setConfiguration SetConfigurationRequest:client-255CF6B0DA3F->s0@group-E264CA5F8311, cid=386, seq=0, RW, null, SET_UNCONDITIONALLY, servers:[s1|rpc:0.0.0.0:34459|dataStream:|priority:0|startupRole:FOLLOWER, s2|rpc:0.0.0.0:43137|dataStream:|priority:0|startupRole:FOLLOWER, s0|rpc:localhost:39295|admin:localhost:44843|client:localhost:40991|dataStream:localhost:40677|priority:0|startupRole:FOLLOWER], listeners:[]
2023-08-18 03:37:11,118 [s0@group-E264CA5F8311-FollowerState] INFO  impl.FollowerState (FollowerState.java:run(143)) - s0@group-E264CA5F8311-FollowerState: change to CANDIDATE, lastRpcElapsedTime:247268340ns, electionTimeout:246ms
2023-08-18 03:37:11,118 [s0@group-E264CA5F8311-FollowerState] INFO  impl.RoleInfo (RoleInfo.java:shutdownFollowerState(109)) - s0: shutdown s0@group-E264CA5F8311-FollowerState
2023-08-18 03:37:11,118 [s0@group-E264CA5F8311-FollowerState] INFO  server.RaftServer$Division (RaftServerImpl.java:setRole(371)) - s0@group-E264CA5F8311: changes role from  FOLLOWER to CANDIDATE at term 1 for changeToCandidate
2023-08-18 03:37:11,118 [s0@group-E264CA5F8311-FollowerState] INFO  impl.SimpleStateMachine4Testing (SimpleStateMachine4Testing.java:notifyExtendedNoLeader(411)) - StateMachineWithMultiNestedSnapshotFile:s0:group-E264CA5F8311: notifyExtendedNoLeader group-E264CA5F8311, self {
  id: "s0"
  address: "localhost:39295"
  dataStreamAddress: "localhost:40677"
  clientAddress: "localhost:40991"
  adminAddress: "localhost:44843"
  startupRole: FOLLOWER
}
role: CANDIDATE
candidateInfo {
  lastLeaderElapsedTimeMs: 69402
}

2023-08-18 03:37:11,118 [s0@group-E264CA5F8311-FollowerState] INFO  server.RaftServerConfigKeys (ConfUtils.java:logGet(46)) - raft.server.leaderelection.pre-vote = true (default)
2023-08-18 03:37:11,118 [s0@group-E264CA5F8311-FollowerState] INFO  impl.RoleInfo (RoleInfo.java:updateAndGet(138)) - s0: start s0@group-E264CA5F8311-LeaderElection260
2023-08-18 03:37:11,118 [s0@group-E264CA5F8311-LeaderElection260] INFO  impl.LeaderElection (LeaderElection.java:askForVotes(320)) - s0@group-E264CA5F8311-LeaderElection260 PRE_VOTE round 0: submit vote requests at term 1 for 255: peers:[s0|rpc:localhost:39295|admin:localhost:44843|client:localhost:40991|dataStream:localhost:40677|priority:0|startupRole:FOLLOWER, s1|rpc:0.0.0.0:34459|dataStream:|priority:0|startupRole:FOLLOWER, s2|rpc:0.0.0.0:43137|dataStream:|priority:0|startupRole:FOLLOWER]|listeners:[], old=peers:[s0|rpc:localhost:39295|admin:localhost:44843|client:localhost:40991|dataStream:localhost:40677|priority:0|startupRole:FOLLOWER]|listeners:[]
2023-08-18 03:37:11,119 [grpc-default-executor-3] INFO  server.RaftServer$Division (RaftServerImpl.java:requestVote(1344)) - s2@group-E264CA5F8311: receive requestVote(PRE_VOTE, s0, group-E264CA5F8311, 1, (t:1, i:255))
2023-08-18 03:37:11,119 [grpc-default-executor-3] WARN  server.GrpcServerProtocolService (LogUtils.java:warn(122)) - s2: Failed requestVote s0->s2#0: org.apache.ratis.protocol.exceptions.ServerNotReadyException: s2@group-E264CA5F8311 is not in [RUNNING]: current state is STARTING
2023-08-18 03:37:11,119 [grpc-default-executor-0] INFO  server.RaftServer$Division (RaftServerImpl.java:requestVote(1344)) - s1@group-E264CA5F8311: receive requestVote(PRE_VOTE, s0, group-E264CA5F8311, 1, (t:1, i:255))
2023-08-18 03:37:11,119 [grpc-default-executor-0] WARN  server.GrpcServerProtocolService (LogUtils.java:warn(122)) - s1: Failed requestVote s0->s1#0: org.apache.ratis.protocol.exceptions.ServerNotReadyException: s1@group-E264CA5F8311 is not in [RUNNING]: current state is STARTING
2023-08-18 03:37:11,120 [s0@group-E264CA5F8311-LeaderElection260] INFO  impl.LeaderElection (LogUtils.java:infoOrTrace(137)) - s0@group-E264CA5F8311-LeaderElection260 got exception when requesting votes: java.util.concurrent.ExecutionException: org.apache.ratis.thirdparty.io.grpc.StatusRuntimeException: INTERNAL: s2@group-E264CA5F8311 is not in [RUNNING]: current state is STARTING
2023-08-18 03:37:11,120 [s0@group-E264CA5F8311-LeaderElection260] INFO  impl.LeaderElection (LogUtils.java:infoOrTrace(137)) - s0@group-E264CA5F8311-LeaderElection260 got exception when requesting votes: java.util.concurrent.ExecutionException: org.apache.ratis.thirdparty.io.grpc.StatusRuntimeException: INTERNAL: s1@group-E264CA5F8311 is not in [RUNNING]: current state is STARTING
2023-08-18 03:37:11,120 [s0@group-E264CA5F8311-LeaderElection260] INFO  impl.LeaderElection (LeaderElection.java:logAndReturn(89)) - s0@group-E264CA5F8311-LeaderElection260: PRE_VOTE REJECTED received 0 response(s) and 2 exception(s):
2023-08-18 03:37:11,120 [s0@group-E264CA5F8311-LeaderElection260] INFO  impl.LeaderElection (LogUtils.java:infoOrTrace(137)) -   Exception 0: java.util.concurrent.ExecutionException: org.apache.ratis.thirdparty.io.grpc.StatusRuntimeException: INTERNAL: s2@group-E264CA5F8311 is not in [RUNNING]: current state is STARTING
2023-08-18 03:37:11,120 [s0@group-E264CA5F8311-LeaderElection260] INFO  impl.LeaderElection (LogUtils.java:infoOrTrace(137)) -   Exception 1: java.util.concurrent.ExecutionException: org.apache.ratis.thirdparty.io.grpc.StatusRuntimeException: INTERNAL: s1@group-E264CA5F8311 is not in [RUNNING]: current state is STARTING
2023-08-18 03:37:11,120 [s0@group-E264CA5F8311-LeaderElection260] INFO  impl.LeaderElection (LeaderElection.java:askForVotes(322)) - s0@group-E264CA5F8311-LeaderElection260 PRE_VOTE round 0: result REJECTED
2023-08-18 03:37:11,120 [s0@group-E264CA5F8311-LeaderElection260] INFO  server.RaftServer$Division (RaftServerImpl.java:setRole(371)) - s0@group-E264CA5F8311: changes role from CANDIDATE to FOLLOWER at term 1 for REJECTED
2023-08-18 03:37:11,120 [s0@group-E264CA5F8311-LeaderElection260] INFO  impl.RoleInfo (RoleInfo.java:shutdownLeaderElection(129)) - s0: shutdown s0@group-E264CA5F8311-LeaderElection260
2023-08-18 03:37:11,120 [s0@group-E264CA5F8311-LeaderElection260] INFO  impl.RoleInfo (RoleInfo.java:updateAndGet(138)) - s0: start s0@group-E264CA5F8311-FollowerState
2023-08-18 03:37:11,221 [s1-server-thread1] INFO  server.RaftServer$Division (RaftServerImpl.java:setConfigurationAsync(1238)) - s1@group-E264CA5F8311: receive setConfiguration SetConfigurationRequest:client-255CF6B0DA3F->s1@group-E264CA5F8311, cid=386, seq=0, RW, null, SET_UNCONDITIONALLY, servers:[s1|rpc:0.0.0.0:34459|dataStream:|priority:0|startupRole:FOLLOWER, s2|rpc:0.0.0.0:43137|dataStream:|priority:0|startupRole:FOLLOWER, s0|rpc:localhost:39295|admin:localhost:44843|client:localhost:40991|dataStream:localhost:40677|priority:0|startupRole:FOLLOWER], listeners:[]
2023-08-18 03:37:11,324 [s2-server-thread1] INFO  server.RaftServer$Division (RaftServerImpl.java:setConfigurationAsync(1238)) - s2@group-E264CA5F8311: receive setConfiguration SetConfigurationRequest:client-255CF6B0DA3F->s2@group-E264CA5F8311, cid=386, seq=0, RW, null, SET_UNCONDITIONALLY, servers:[s1|rpc:0.0.0.0:34459|dataStream:|priority:0|startupRole:FOLLOWER, s2|rpc:0.0.0.0:43137|dataStream:|priority:0|startupRole:FOLLOWER, s0|rpc:localhost:39295|admin:localhost:44843|client:localhost:40991|dataStream:localhost:40677|priority:0|startupRole:FOLLOWER], listeners:[]
2023-08-18 03:37:11,367 [s0@group-E264CA5F8311-FollowerState] INFO  impl.FollowerState (FollowerState.java:run(143)) - s0@group-E264CA5F8311-FollowerState: change to CANDIDATE, lastRpcElapsedTime:247475838ns, electionTimeout:247ms
2023-08-18 03:37:11,368 [s0@group-E264CA5F8311-FollowerState] INFO  impl.RoleInfo (RoleInfo.java:shutdownFollowerState(109)) - s0: shutdown s0@group-E264CA5F8311-FollowerState
2023-08-18 03:37:11,368 [s0@group-E264CA5F8311-FollowerState] INFO  server.RaftServer$Division (RaftServerImpl.java:setRole(371)) - s0@group-E264CA5F8311: changes role from  FOLLOWER to CANDIDATE at term 1 for changeToCandidate
2023-08-18 03:37:11,368 [s0@group-E264CA5F8311-FollowerState] INFO  impl.SimpleStateMachine4Testing (SimpleStateMachine4Testing.java:notifyExtendedNoLeader(411)) - StateMachineWithMultiNestedSnapshotFile:s0:group-E264CA5F8311: notifyExtendedNoLeader group-E264CA5F8311, self {
  id: "s0"
  address: "localhost:39295"
  dataStreamAddress: "localhost:40677"
  clientAddress: "localhost:40991"
  adminAddress: "localhost:44843"
  startupRole: FOLLOWER
}
role: CANDIDATE
candidateInfo {
  lastLeaderElapsedTimeMs: 69651
}

2023-08-18 03:37:11,368 [s0@group-E264CA5F8311-FollowerState] INFO  server.RaftServerConfigKeys (ConfUtils.java:logGet(46)) - raft.server.leaderelection.pre-vote = true (default)
2023-08-18 03:37:11,368 [s0@group-E264CA5F8311-FollowerState] INFO  impl.RoleInfo (RoleInfo.java:updateAndGet(138)) - s0: start s0@group-E264CA5F8311-LeaderElection261
2023-08-18 03:37:11,368 [s0@group-E264CA5F8311-LeaderElection261] INFO  impl.LeaderElection (LeaderElection.java:askForVotes(320)) - s0@group-E264CA5F8311-LeaderElection261 PRE_VOTE round 0: submit vote requests at term 1 for 255: peers:[s0|rpc:localhost:39295|admin:localhost:44843|client:localhost:40991|dataStream:localhost:40677|priority:0|startupRole:FOLLOWER, s1|rpc:0.0.0.0:34459|dataStream:|priority:0|startupRole:FOLLOWER, s2|rpc:0.0.0.0:43137|dataStream:|priority:0|startupRole:FOLLOWER]|listeners:[], old=peers:[s0|rpc:localhost:39295|admin:localhost:44843|client:localhost:40991|dataStream:localhost:40677|priority:0|startupRole:FOLLOWER]|listeners:[]
2023-08-18 03:37:11,369 [grpc-default-executor-3] INFO  server.RaftServer$Division (RaftServerImpl.java:requestVote(1344)) - s2@group-E264CA5F8311: receive requestVote(PRE_VOTE, s0, group-E264CA5F8311, 1, (t:1, i:255))
2023-08-18 03:37:11,369 [grpc-default-executor-0] INFO  server.RaftServer$Division (RaftServerImpl.java:requestVote(1344)) - s1@group-E264CA5F8311: receive requestVote(PRE_VOTE, s0, group-E264CA5F8311, 1, (t:1, i:255))
2023-08-18 03:37:11,369 [grpc-default-executor-3] WARN  server.GrpcServerProtocolService (LogUtils.java:warn(122)) - s2: Failed requestVote s0->s2#0: org.apache.ratis.protocol.exceptions.ServerNotReadyException: s2@group-E264CA5F8311 is not in [RUNNING]: current state is STARTING
2023-08-18 03:37:11,369 [grpc-default-executor-0] WARN  server.GrpcServerProtocolService (LogUtils.java:warn(122)) - s1: Failed requestVote s0->s1#0: org.apache.ratis.protocol.exceptions.ServerNotReadyException: s1@group-E264CA5F8311 is not in [RUNNING]: current state is STARTING
2023-08-18 03:37:11,369 [s0@group-E264CA5F8311-LeaderElection261] INFO  impl.LeaderElection (LogUtils.java:infoOrTrace(137)) - s0@group-E264CA5F8311-LeaderElection261 got exception when requesting votes: java.util.concurrent.ExecutionException: org.apache.ratis.thirdparty.io.grpc.StatusRuntimeException: INTERNAL: s2@group-E264CA5F8311 is not in [RUNNING]: current state is STARTING
2023-08-18 03:37:11,369 [s0@group-E264CA5F8311-LeaderElection261] INFO  impl.LeaderElection (LogUtils.java:infoOrTrace(137)) - s0@group-E264CA5F8311-LeaderElection261 got exception when requesting votes: java.util.concurrent.ExecutionException: org.apache.ratis.thirdparty.io.grpc.StatusRuntimeException: INTERNAL: s1@group-E264CA5F8311 is not in [RUNNING]: current state is STARTING
2023-08-18 03:37:11,369 [s0@group-E264CA5F8311-LeaderElection261] INFO  impl.LeaderElection (LeaderElection.java:logAndReturn(89)) - s0@group-E264CA5F8311-LeaderElection261: PRE_VOTE REJECTED received 0 response(s) and 2 exception(s):
2023-08-18 03:37:11,370 [s0@group-E264CA5F8311-LeaderElection261] INFO  impl.LeaderElection (LogUtils.java:infoOrTrace(137)) -   Exception 0: java.util.concurrent.ExecutionException: org.apache.ratis.thirdparty.io.grpc.StatusRuntimeException: INTERNAL: s2@group-E264CA5F8311 is not in [RUNNING]: current state is STARTING
2023-08-18 03:37:11,370 [s0@group-E264CA5F8311-LeaderElection261] INFO  impl.LeaderElection (LogUtils.java:infoOrTrace(137)) -   Exception 1: java.util.concurrent.ExecutionException: org.apache.ratis.thirdparty.io.grpc.StatusRuntimeException: INTERNAL: s1@group-E264CA5F8311 is not in [RUNNING]: current state is STARTING
2023-08-18 03:37:11,370 [s0@group-E264CA5F8311-LeaderElection261] INFO  impl.LeaderElection (LeaderElection.java:askForVotes(322)) - s0@group-E264CA5F8311-LeaderElection261 PRE_VOTE round 0: result REJECTED
2023-08-18 03:37:11,370 [s0@group-E264CA5F8311-LeaderElection261] INFO  server.RaftServer$Division (RaftServerImpl.java:setRole(371)) - s0@group-E264CA5F8311: changes role from CANDIDATE to FOLLOWER at term 1 for REJECTED
2023-08-18 03:37:11,370 [s0@group-E264CA5F8311-LeaderElection261] INFO  impl.RoleInfo (RoleInfo.java:shutdownLeaderElection(129)) - s0: shutdown s0@group-E264CA5F8311-LeaderElection261
2023-08-18 03:37:11,370 [s0@group-E264CA5F8311-LeaderElection261] INFO  impl.RoleInfo (RoleInfo.java:updateAndGet(138)) - s0: start s0@group-E264CA5F8311-FollowerState
2023-08-18 03:37:11,427 [s1-server-thread1] INFO  server.RaftServer$Division (RaftServerImpl.java:setConfigurationAsync(1238)) - s1@group-E264CA5F8311: receive setConfiguration SetConfigurationRequest:client-255CF6B0DA3F->s1@group-E264CA5F8311, cid=386, seq=0, RW, null, SET_UNCONDITIONALLY, servers:[s1|rpc:0.0.0.0:34459|dataStream:|priority:0|startupRole:FOLLOWER, s2|rpc:0.0.0.0:43137|dataStream:|priority:0|startupRole:FOLLOWER, s0|rpc:localhost:39295|admin:localhost:44843|client:localhost:40991|dataStream:localhost:40677|priority:0|startupRole:FOLLOWER], listeners:[]
2023-08-18 03:37:11,531 [s2-server-thread1] INFO  server.RaftServer$Division (RaftServerImpl.java:setConfigurationAsync(1238)) - s2@group-E264CA5F8311: receive setConfiguration SetConfigurationRequest:client-255CF6B0DA3F->s2@group-E264CA5F8311, cid=386, seq=0, RW, null, SET_UNCONDITIONALLY, servers:[s1|rpc:0.0.0.0:34459|dataStream:|priority:0|startupRole:FOLLOWER, s2|rpc:0.0.0.0:43137|dataStream:|priority:0|startupRole:FOLLOWER, s0|rpc:localhost:39295|admin:localhost:44843|client:localhost:40991|dataStream:localhost:40677|priority:0|startupRole:FOLLOWER], listeners:[]
2023-08-18 03:37:11,634 [s0-server-thread1] INFO  server.RaftServer$Division (RaftServerImpl.java:setConfigurationAsync(1238)) - s0@group-E264CA5F8311: receive setConfiguration SetConfigurationRequest:client-255CF6B0DA3F->s0@group-E264CA5F8311, cid=386, seq=0, RW, null, SET_UNCONDITIONALLY, servers:[s1|rpc:0.0.0.0:34459|dataStream:|priority:0|startupRole:FOLLOWER, s2|rpc:0.0.0.0:43137|dataStream:|priority:0|startupRole:FOLLOWER, s0|rpc:localhost:39295|admin:localhost:44843|client:localhost:40991|dataStream:localhost:40677|priority:0|startupRole:FOLLOWER], listeners:[]
2023-08-18 03:37:11,667 [s0@group-E264CA5F8311-FollowerState] INFO  impl.FollowerState (FollowerState.java:run(143)) - s0@group-E264CA5F8311-FollowerState: change to CANDIDATE, lastRpcElapsedTime:297318903ns, electionTimeout:297ms
2023-08-18 03:37:11,667 [s0@group-E264CA5F8311-FollowerState] INFO  impl.RoleInfo (RoleInfo.java:shutdownFollowerState(109)) - s0: shutdown s0@group-E264CA5F8311-FollowerState
2023-08-18 03:37:11,667 [s0@group-E264CA5F8311-FollowerState] INFO  server.RaftServer$Division (RaftServerImpl.java:setRole(371)) - s0@group-E264CA5F8311: changes role from  FOLLOWER to CANDIDATE at term 1 for changeToCandidate
2023-08-18 03:37:11,667 [s0@group-E264CA5F8311-FollowerState] INFO  impl.SimpleStateMachine4Testing (SimpleStateMachine4Testing.java:notifyExtendedNoLeader(411)) - StateMachineWithMultiNestedSnapshotFile:s0:group-E264CA5F8311: notifyExtendedNoLeader group-E264CA5F8311, self {
  id: "s0"
  address: "localhost:39295"
  dataStreamAddress: "localhost:40677"
  clientAddress: "localhost:40991"
  adminAddress: "localhost:44843"
  startupRole: FOLLOWER
}
role: CANDIDATE
candidateInfo {
  lastLeaderElapsedTimeMs: 69951
}

2023-08-18 03:37:11,667 [s0@group-E264CA5F8311-FollowerState] INFO  server.RaftServerConfigKeys (ConfUtils.java:logGet(46)) - raft.server.leaderelection.pre-vote = true (default)
2023-08-18 03:37:11,667 [s0@group-E264CA5F8311-FollowerState] INFO  impl.RoleInfo (RoleInfo.java:updateAndGet(138)) - s0: start s0@group-E264CA5F8311-LeaderElection262
2023-08-18 03:37:11,668 [s0@group-E264CA5F8311-LeaderElection262] INFO  impl.LeaderElection (LeaderElection.java:askForVotes(320)) - s0@group-E264CA5F8311-LeaderElection262 PRE_VOTE round 0: submit vote requests at term 1 for 255: peers:[s0|rpc:localhost:39295|admin:localhost:44843|client:localhost:40991|dataStream:localhost:40677|priority:0|startupRole:FOLLOWER, s1|rpc:0.0.0.0:34459|dataStream:|priority:0|startupRole:FOLLOWER, s2|rpc:0.0.0.0:43137|dataStream:|priority:0|startupRole:FOLLOWER]|listeners:[], old=peers:[s0|rpc:localhost:39295|admin:localhost:44843|client:localhost:40991|dataStream:localhost:40677|priority:0|startupRole:FOLLOWER]|listeners:[]
2023-08-18 03:37:11,671 [grpc-default-executor-3] INFO  server.RaftServer$Division (RaftServerImpl.java:requestVote(1344)) - s1@group-E264CA5F8311: receive requestVote(PRE_VOTE, s0, group-E264CA5F8311, 1, (t:1, i:255))
2023-08-18 03:37:11,671 [grpc-default-executor-3] WARN  server.GrpcServerProtocolService (LogUtils.java:warn(122)) - s1: Failed requestVote s0->s1#0: org.apache.ratis.protocol.exceptions.ServerNotReadyException: s1@group-E264CA5F8311 is not in [RUNNING]: current state is STARTING
2023-08-18 03:37:11,672 [s0@group-E264CA5F8311-LeaderElection262] INFO  impl.LeaderElection (LogUtils.java:infoOrTrace(137)) - s0@group-E264CA5F8311-LeaderElection262 got exception when requesting votes: java.util.concurrent.ExecutionException: org.apache.ratis.thirdparty.io.grpc.StatusRuntimeException: INTERNAL: s1@group-E264CA5F8311 is not in [RUNNING]: current state is STARTING
2023-08-18 03:37:11,672 [grpc-default-executor-0] INFO  server.RaftServer$Division (RaftServerImpl.java:requestVote(1344)) - s2@group-E264CA5F8311: receive requestVote(PRE_VOTE, s0, group-E264CA5F8311, 1, (t:1, i:255))
2023-08-18 03:37:11,672 [grpc-default-executor-0] WARN  server.GrpcServerProtocolService (LogUtils.java:warn(122)) - s2: Failed requestVote s0->s2#0: org.apache.ratis.protocol.exceptions.ServerNotReadyException: s2@group-E264CA5F8311 is not in [RUNNING]: current state is STARTING
2023-08-18 03:37:11,672 [s0@group-E264CA5F8311-LeaderElection262] INFO  impl.LeaderElection (LogUtils.java:infoOrTrace(137)) - s0@group-E264CA5F8311-LeaderElection262 got exception when requesting votes: java.util.concurrent.ExecutionException: org.apache.ratis.thirdparty.io.grpc.StatusRuntimeException: INTERNAL: s2@group-E264CA5F8311 is not in [RUNNING]: current state is STARTING
2023-08-18 03:37:11,672 [s0@group-E264CA5F8311-LeaderElection262] INFO  impl.LeaderElection (LeaderElection.java:logAndReturn(89)) - s0@group-E264CA5F8311-LeaderElection262: PRE_VOTE REJECTED received 0 response(s) and 2 exception(s):
2023-08-18 03:37:11,672 [s0@group-E264CA5F8311-LeaderElection262] INFO  impl.LeaderElection (LogUtils.java:infoOrTrace(137)) -   Exception 0: java.util.concurrent.ExecutionException: org.apache.ratis.thirdparty.io.grpc.StatusRuntimeException: INTERNAL: s1@group-E264CA5F8311 is not in [RUNNING]: current state is STARTING
2023-08-18 03:37:11,672 [s0@group-E264CA5F8311-LeaderElection262] INFO  impl.LeaderElection (LogUtils.java:infoOrTrace(137)) -   Exception 1: java.util.concurrent.ExecutionException: org.apache.ratis.thirdparty.io.grpc.StatusRuntimeException: INTERNAL: s2@group-E264CA5F8311 is not in [RUNNING]: current state is STARTING
2023-08-18 03:37:11,672 [s0@group-E264CA5F8311-LeaderElection262] INFO  impl.LeaderElection (LeaderElection.java:askForVotes(322)) - s0@group-E264CA5F8311-LeaderElection262 PRE_VOTE round 0: result REJECTED
2023-08-18 03:37:11,672 [s0@group-E264CA5F8311-LeaderElection262] INFO  server.RaftServer$Division (RaftServerImpl.java:setRole(371)) - s0@group-E264CA5F8311: changes role from CANDIDATE to FOLLOWER at term 1 for REJECTED
2023-08-18 03:37:11,672 [s0@group-E264CA5F8311-LeaderElection262] INFO  impl.RoleInfo (RoleInfo.java:shutdownLeaderElection(129)) - s0: shutdown s0@group-E264CA5F8311-LeaderElection262
2023-08-18 03:37:11,672 [s0@group-E264CA5F8311-LeaderElection262] INFO  impl.RoleInfo (RoleInfo.java:updateAndGet(138)) - s0: start s0@group-E264CA5F8311-FollowerState
2023-08-18 03:37:11,738 [s1-server-thread1] INFO  server.RaftServer$Division (RaftServerImpl.java:setConfigurationAsync(1238)) - s1@group-E264CA5F8311: receive setConfiguration SetConfigurationRequest:client-255CF6B0DA3F->s1@group-E264CA5F8311, cid=386, seq=0, RW, null, SET_UNCONDITIONALLY, servers:[s1|rpc:0.0.0.0:34459|dataStream:|priority:0|startupRole:FOLLOWER, s2|rpc:0.0.0.0:43137|dataStream:|priority:0|startupRole:FOLLOWER, s0|rpc:localhost:39295|admin:localhost:44843|client:localhost:40991|dataStream:localhost:40677|priority:0|startupRole:FOLLOWER], listeners:[]
2023-08-18 03:37:11,841 [s2-server-thread1] INFO  server.RaftServer$Division (RaftServerImpl.java:setConfigurationAsync(1238)) - s2@group-E264CA5F8311: receive setConfiguration SetConfigurationRequest:client-255CF6B0DA3F->s2@group-E264CA5F8311, cid=386, seq=0, RW, null, SET_UNCONDITIONALLY, servers:[s1|rpc:0.0.0.0:34459|dataStream:|priority:0|startupRole:FOLLOWER, s2|rpc:0.0.0.0:43137|dataStream:|priority:0|startupRole:FOLLOWER, s0|rpc:localhost:39295|admin:localhost:44843|client:localhost:40991|dataStream:localhost:40677|priority:0|startupRole:FOLLOWER], listeners:[]
2023-08-18 03:37:11,945 [s1-server-thread1] INFO  server.RaftServer$Division (RaftServerImpl.java:setConfigurationAsync(1238)) - s1@group-E264CA5F8311: receive setConfiguration SetConfigurationRequest:client-255CF6B0DA3F->s1@group-E264CA5F8311, cid=386, seq=0, RW, null, SET_UNCONDITIONALLY, servers:[s1|rpc:0.0.0.0:34459|dataStream:|priority:0|startupRole:FOLLOWER, s2|rpc:0.0.0.0:43137|dataStream:|priority:0|startupRole:FOLLOWER, s0|rpc:localhost:39295|admin:localhost:44843|client:localhost:40991|dataStream:localhost:40677|priority:0|startupRole:FOLLOWER], listeners:[]
2023-08-18 03:37:11,957 [s0@group-E264CA5F8311-FollowerState] INFO  impl.FollowerState (FollowerState.java:run(143)) - s0@group-E264CA5F8311-FollowerState: change to CANDIDATE, lastRpcElapsedTime:284371190ns, electionTimeout:284ms
2023-08-18 03:37:11,957 [s0@group-E264CA5F8311-FollowerState] INFO  impl.RoleInfo (RoleInfo.java:shutdownFollowerState(109)) - s0: shutdown s0@group-E264CA5F8311-FollowerState
2023-08-18 03:37:11,957 [s0@group-E264CA5F8311-FollowerState] INFO  server.RaftServer$Division (RaftServerImpl.java:setRole(371)) - s0@group-E264CA5F8311: changes role from  FOLLOWER to CANDIDATE at term 1 for changeToCandidate
2023-08-18 03:37:11,957 [s0@group-E264CA5F8311-FollowerState] INFO  impl.SimpleStateMachine4Testing (SimpleStateMachine4Testing.java:notifyExtendedNoLeader(411)) - StateMachineWithMultiNestedSnapshotFile:s0:group-E264CA5F8311: notifyExtendedNoLeader group-E264CA5F8311, self {
  id: "s0"
  address: "localhost:39295"
  dataStreamAddress: "localhost:40677"
  clientAddress: "localhost:40991"
  adminAddress: "localhost:44843"
  startupRole: FOLLOWER
}
role: CANDIDATE
candidateInfo {
  lastLeaderElapsedTimeMs: 70240
}

2023-08-18 03:37:11,957 [s0@group-E264CA5F8311-FollowerState] INFO  server.RaftServerConfigKeys (ConfUtils.java:logGet(46)) - raft.server.leaderelection.pre-vote = true (default)
2023-08-18 03:37:11,957 [s0@group-E264CA5F8311-FollowerState] INFO  impl.RoleInfo (RoleInfo.java:updateAndGet(138)) - s0: start s0@group-E264CA5F8311-LeaderElection263
2023-08-18 03:37:11,957 [s0@group-E264CA5F8311-LeaderElection263] INFO  impl.LeaderElection (LeaderElection.java:askForVotes(320)) - s0@group-E264CA5F8311-LeaderElection263 PRE_VOTE round 0: submit vote requests at term 1 for 255: peers:[s0|rpc:localhost:39295|admin:localhost:44843|client:localhost:40991|dataStream:localhost:40677|priority:0|startupRole:FOLLOWER, s1|rpc:0.0.0.0:34459|dataStream:|priority:0|startupRole:FOLLOWER, s2|rpc:0.0.0.0:43137|dataStream:|priority:0|startupRole:FOLLOWER]|listeners:[], old=peers:[s0|rpc:localhost:39295|admin:localhost:44843|client:localhost:40991|dataStream:localhost:40677|priority:0|startupRole:FOLLOWER]|listeners:[]
2023-08-18 03:37:11,958 [grpc-default-executor-0] INFO  server.RaftServer$Division (RaftServerImpl.java:requestVote(1344)) - s1@group-E264CA5F8311: receive requestVote(PRE_VOTE, s0, group-E264CA5F8311, 1, (t:1, i:255))
2023-08-18 03:37:11,958 [grpc-default-executor-0] WARN  server.GrpcServerProtocolService (LogUtils.java:warn(122)) - s1: Failed requestVote s0->s1#0: org.apache.ratis.protocol.exceptions.ServerNotReadyException: s1@group-E264CA5F8311 is not in [RUNNING]: current state is STARTING
2023-08-18 03:37:11,958 [grpc-default-executor-0] INFO  server.RaftServer$Division (RaftServerImpl.java:requestVote(1344)) - s2@group-E264CA5F8311: receive requestVote(PRE_VOTE, s0, group-E264CA5F8311, 1, (t:1, i:255))
2023-08-18 03:37:11,958 [grpc-default-executor-0] WARN  server.GrpcServerProtocolService (LogUtils.java:warn(122)) - s2: Failed requestVote s0->s2#0: org.apache.ratis.protocol.exceptions.ServerNotReadyException: s2@group-E264CA5F8311 is not in [RUNNING]: current state is STARTING
2023-08-18 03:37:11,958 [s0@group-E264CA5F8311-LeaderElection263] INFO  impl.LeaderElection (LogUtils.java:infoOrTrace(137)) - s0@group-E264CA5F8311-LeaderElection263 got exception when requesting votes: java.util.concurrent.ExecutionException: org.apache.ratis.thirdparty.io.grpc.StatusRuntimeException: INTERNAL: s1@group-E264CA5F8311 is not in [RUNNING]: current state is STARTING
2023-08-18 03:37:11,958 [s0@group-E264CA5F8311-LeaderElection263] INFO  impl.LeaderElection (LogUtils.java:infoOrTrace(137)) - s0@group-E264CA5F8311-LeaderElection263 got exception when requesting votes: java.util.concurrent.ExecutionException: org.apache.ratis.thirdparty.io.grpc.StatusRuntimeException: INTERNAL: s2@group-E264CA5F8311 is not in [RUNNING]: current state is STARTING
2023-08-18 03:37:11,958 [s0@group-E264CA5F8311-LeaderElection263] INFO  impl.LeaderElection (LeaderElection.java:logAndReturn(89)) - s0@group-E264CA5F8311-LeaderElection263: PRE_VOTE REJECTED received 0 response(s) and 2 exception(s):
2023-08-18 03:37:11,959 [s0@group-E264CA5F8311-LeaderElection263] INFO  impl.LeaderElection (LogUtils.java:infoOrTrace(137)) -   Exception 0: java.util.concurrent.ExecutionException: org.apache.ratis.thirdparty.io.grpc.StatusRuntimeException: INTERNAL: s1@group-E264CA5F8311 is not in [RUNNING]: current state is STARTING
2023-08-18 03:37:11,959 [s0@group-E264CA5F8311-LeaderElection263] INFO  impl.LeaderElection (LogUtils.java:infoOrTrace(137)) -   Exception 1: java.util.concurrent.ExecutionException: org.apache.ratis.thirdparty.io.grpc.StatusRuntimeException: INTERNAL: s2@group-E264CA5F8311 is not in [RUNNING]: current state is STARTING
2023-08-18 03:37:11,959 [s0@group-E264CA5F8311-LeaderElection263] INFO  impl.LeaderElection (LeaderElection.java:askForVotes(322)) - s0@group-E264CA5F8311-LeaderElection263 PRE_VOTE round 0: result REJECTED
2023-08-18 03:37:11,959 [s0@group-E264CA5F8311-LeaderElection263] INFO  server.RaftServer$Division (RaftServerImpl.java:setRole(371)) - s0@group-E264CA5F8311: changes role from CANDIDATE to FOLLOWER at term 1 for REJECTED
2023-08-18 03:37:11,959 [s0@group-E264CA5F8311-LeaderElection263] INFO  impl.RoleInfo (RoleInfo.java:shutdownLeaderElection(129)) - s0: shutdown s0@group-E264CA5F8311-LeaderElection263
2023-08-18 03:37:11,959 [s0@group-E264CA5F8311-LeaderElection263] INFO  impl.RoleInfo (RoleInfo.java:updateAndGet(138)) - s0: start s0@group-E264CA5F8311-FollowerState
2023-08-18 03:37:12,049 [s2-server-thread1] INFO  server.RaftServer$Division (RaftServerImpl.java:setConfigurationAsync(1238)) - s2@group-E264CA5F8311: receive setConfiguration SetConfigurationRequest:client-255CF6B0DA3F->s2@group-E264CA5F8311, cid=386, seq=0, RW, null, SET_UNCONDITIONALLY, servers:[s1|rpc:0.0.0.0:34459|dataStream:|priority:0|startupRole:FOLLOWER, s2|rpc:0.0.0.0:43137|dataStream:|priority:0|startupRole:FOLLOWER, s0|rpc:localhost:39295|admin:localhost:44843|client:localhost:40991|dataStream:localhost:40677|priority:0|startupRole:FOLLOWER], listeners:[]
2023-08-18 03:37:12,152 [s0-server-thread1] INFO  server.RaftServer$Division (RaftServerImpl.java:setConfigurationAsync(1238)) - s0@group-E264CA5F8311: receive setConfiguration SetConfigurationRequest:client-255CF6B0DA3F->s0@group-E264CA5F8311, cid=386, seq=0, RW, null, SET_UNCONDITIONALLY, servers:[s1|rpc:0.0.0.0:34459|dataStream:|priority:0|startupRole:FOLLOWER, s2|rpc:0.0.0.0:43137|dataStream:|priority:0|startupRole:FOLLOWER, s0|rpc:localhost:39295|admin:localhost:44843|client:localhost:40991|dataStream:localhost:40677|priority:0|startupRole:FOLLOWER], listeners:[]
2023-08-18 03:37:12,227 [s0@group-E264CA5F8311-FollowerState] INFO  impl.FollowerState (FollowerState.java:run(143)) - s0@group-E264CA5F8311-FollowerState: change to CANDIDATE, lastRpcElapsedTime:268297298ns, electionTimeout:268ms
2023-08-18 03:37:12,227 [s0@group-E264CA5F8311-FollowerState] INFO  impl.RoleInfo (RoleInfo.java:shutdownFollowerState(109)) - s0: shutdown s0@group-E264CA5F8311-FollowerState
2023-08-18 03:37:12,227 [s0@group-E264CA5F8311-FollowerState] INFO  server.RaftServer$Division (RaftServerImpl.java:setRole(371)) - s0@group-E264CA5F8311: changes role from  FOLLOWER to CANDIDATE at term 1 for changeToCandidate
2023-08-18 03:37:12,227 [s0@group-E264CA5F8311-FollowerState] INFO  impl.SimpleStateMachine4Testing (SimpleStateMachine4Testing.java:notifyExtendedNoLeader(411)) - StateMachineWithMultiNestedSnapshotFile:s0:group-E264CA5F8311: notifyExtendedNoLeader group-E264CA5F8311, self {
  id: "s0"
  address: "localhost:39295"
  dataStreamAddress: "localhost:40677"
  clientAddress: "localhost:40991"
  adminAddress: "localhost:44843"
  startupRole: FOLLOWER
}
role: CANDIDATE
candidateInfo {
  lastLeaderElapsedTimeMs: 70511
}

2023-08-18 03:37:12,227 [s0@group-E264CA5F8311-FollowerState] INFO  server.RaftServerConfigKeys (ConfUtils.java:logGet(46)) - raft.server.leaderelection.pre-vote = true (default)
2023-08-18 03:37:12,227 [s0@group-E264CA5F8311-FollowerState] INFO  impl.RoleInfo (RoleInfo.java:updateAndGet(138)) - s0: start s0@group-E264CA5F8311-LeaderElection264
2023-08-18 03:37:12,228 [s0@group-E264CA5F8311-LeaderElection264] INFO  impl.LeaderElection (LeaderElection.java:askForVotes(320)) - s0@group-E264CA5F8311-LeaderElection264 PRE_VOTE round 0: submit vote requests at term 1 for 255: peers:[s0|rpc:localhost:39295|admin:localhost:44843|client:localhost:40991|dataStream:localhost:40677|priority:0|startupRole:FOLLOWER, s1|rpc:0.0.0.0:34459|dataStream:|priority:0|startupRole:FOLLOWER, s2|rpc:0.0.0.0:43137|dataStream:|priority:0|startupRole:FOLLOWER]|listeners:[], old=peers:[s0|rpc:localhost:39295|admin:localhost:44843|client:localhost:40991|dataStream:localhost:40677|priority:0|startupRole:FOLLOWER]|listeners:[]
2023-08-18 03:37:12,229 [grpc-default-executor-0] INFO  server.RaftServer$Division (RaftServerImpl.java:requestVote(1344)) - s1@group-E264CA5F8311: receive requestVote(PRE_VOTE, s0, group-E264CA5F8311, 1, (t:1, i:255))
2023-08-18 03:37:12,229 [grpc-default-executor-0] WARN  server.GrpcServerProtocolService (LogUtils.java:warn(122)) - s1: Failed requestVote s0->s1#0: org.apache.ratis.protocol.exceptions.ServerNotReadyException: s1@group-E264CA5F8311 is not in [RUNNING]: current state is STARTING
2023-08-18 03:37:12,229 [s0@group-E264CA5F8311-LeaderElection264] INFO  impl.LeaderElection (LogUtils.java:infoOrTrace(137)) - s0@group-E264CA5F8311-LeaderElection264 got exception when requesting votes: java.util.concurrent.ExecutionException: org.apache.ratis.thirdparty.io.grpc.StatusRuntimeException: INTERNAL: s1@group-E264CA5F8311 is not in [RUNNING]: current state is STARTING
2023-08-18 03:37:12,229 [grpc-default-executor-0] INFO  server.RaftServer$Division (RaftServerImpl.java:requestVote(1344)) - s2@group-E264CA5F8311: receive requestVote(PRE_VOTE, s0, group-E264CA5F8311, 1, (t:1, i:255))
2023-08-18 03:37:12,229 [grpc-default-executor-0] WARN  server.GrpcServerProtocolService (LogUtils.java:warn(122)) - s2: Failed requestVote s0->s2#0: org.apache.ratis.protocol.exceptions.ServerNotReadyException: s2@group-E264CA5F8311 is not in [RUNNING]: current state is STARTING
2023-08-18 03:37:12,230 [s0@group-E264CA5F8311-LeaderElection264] INFO  impl.LeaderElection (LogUtils.java:infoOrTrace(137)) - s0@group-E264CA5F8311-LeaderElection264 got exception when requesting votes: java.util.concurrent.ExecutionException: org.apache.ratis.thirdparty.io.grpc.StatusRuntimeException: INTERNAL: s2@group-E264CA5F8311 is not in [RUNNING]: current state is STARTING
2023-08-18 03:37:12,230 [s0@group-E264CA5F8311-LeaderElection264] INFO  impl.LeaderElection (LeaderElection.java:logAndReturn(89)) - s0@group-E264CA5F8311-LeaderElection264: PRE_VOTE REJECTED received 0 response(s) and 2 exception(s):
2023-08-18 03:37:12,230 [s0@group-E264CA5F8311-LeaderElection264] INFO  impl.LeaderElection (LogUtils.java:infoOrTrace(137)) -   Exception 0: java.util.concurrent.ExecutionException: org.apache.ratis.thirdparty.io.grpc.StatusRuntimeException: INTERNAL: s1@group-E264CA5F8311 is not in [RUNNING]: current state is STARTING
2023-08-18 03:37:12,230 [s0@group-E264CA5F8311-LeaderElection264] INFO  impl.LeaderElection (LogUtils.java:infoOrTrace(137)) -   Exception 1: java.util.concurrent.ExecutionException: org.apache.ratis.thirdparty.io.grpc.StatusRuntimeException: INTERNAL: s2@group-E264CA5F8311 is not in [RUNNING]: current state is STARTING
2023-08-18 03:37:12,230 [s0@group-E264CA5F8311-LeaderElection264] INFO  impl.LeaderElection (LeaderElection.java:askForVotes(322)) - s0@group-E264CA5F8311-LeaderElection264 PRE_VOTE round 0: result REJECTED
2023-08-18 03:37:12,230 [s0@group-E264CA5F8311-LeaderElection264] INFO  server.RaftServer$Division (RaftServerImpl.java:setRole(371)) - s0@group-E264CA5F8311: changes role from CANDIDATE to FOLLOWER at term 1 for REJECTED
2023-08-18 03:37:12,230 [s0@group-E264CA5F8311-LeaderElection264] INFO  impl.RoleInfo (RoleInfo.java:shutdownLeaderElection(129)) - s0: shutdown s0@group-E264CA5F8311-LeaderElection264
2023-08-18 03:37:12,230 [s0@group-E264CA5F8311-LeaderElection264] INFO  impl.RoleInfo (RoleInfo.java:updateAndGet(138)) - s0: start s0@group-E264CA5F8311-FollowerState
2023-08-18 03:37:12,258 [s1-server-thread1] INFO  server.RaftServer$Division (RaftServerImpl.java:setConfigurationAsync(1238)) - s1@group-E264CA5F8311: receive setConfiguration SetConfigurationRequest:client-255CF6B0DA3F->s1@group-E264CA5F8311, cid=386, seq=0, RW, null, SET_UNCONDITIONALLY, servers:[s1|rpc:0.0.0.0:34459|dataStream:|priority:0|startupRole:FOLLOWER, s2|rpc:0.0.0.0:43137|dataStream:|priority:0|startupRole:FOLLOWER, s0|rpc:localhost:39295|admin:localhost:44843|client:localhost:40991|dataStream:localhost:40677|priority:0|startupRole:FOLLOWER], listeners:[]
2023-08-18 03:37:12,362 [s0-server-thread1] INFO  server.RaftServer$Division (RaftServerImpl.java:setConfigurationAsync(1238)) - s0@group-E264CA5F8311: receive setConfiguration SetConfigurationRequest:client-255CF6B0DA3F->s0@group-E264CA5F8311, cid=386, seq=0, RW, null, SET_UNCONDITIONALLY, servers:[s1|rpc:0.0.0.0:34459|dataStream:|priority:0|startupRole:FOLLOWER, s2|rpc:0.0.0.0:43137|dataStream:|priority:0|startupRole:FOLLOWER, s0|rpc:localhost:39295|admin:localhost:44843|client:localhost:40991|dataStream:localhost:40677|priority:0|startupRole:FOLLOWER], listeners:[]
2023-08-18 03:37:12,407 [s0@group-E264CA5F8311-FollowerState] INFO  impl.FollowerState (FollowerState.java:run(143)) - s0@group-E264CA5F8311-FollowerState: change to CANDIDATE, lastRpcElapsedTime:177224710ns, electionTimeout:177ms
2023-08-18 03:37:12,407 [s0@group-E264CA5F8311-FollowerState] INFO  impl.RoleInfo (RoleInfo.java:shutdownFollowerState(109)) - s0: shutdown s0@group-E264CA5F8311-FollowerState
2023-08-18 03:37:12,407 [s0@group-E264CA5F8311-FollowerState] INFO  server.RaftServer$Division (RaftServerImpl.java:setRole(371)) - s0@group-E264CA5F8311: changes role from  FOLLOWER to CANDIDATE at term 1 for changeToCandidate
2023-08-18 03:37:12,407 [s0@group-E264CA5F8311-FollowerState] INFO  impl.SimpleStateMachine4Testing (SimpleStateMachine4Testing.java:notifyExtendedNoLeader(411)) - StateMachineWithMultiNestedSnapshotFile:s0:group-E264CA5F8311: notifyExtendedNoLeader group-E264CA5F8311, self {
  id: "s0"
  address: "localhost:39295"
  dataStreamAddress: "localhost:40677"
  clientAddress: "localhost:40991"
  adminAddress: "localhost:44843"
  startupRole: FOLLOWER
}
role: CANDIDATE
candidateInfo {
  lastLeaderElapsedTimeMs: 70691
}

2023-08-18 03:37:12,407 [s0@group-E264CA5F8311-FollowerState] INFO  server.RaftServerConfigKeys (ConfUtils.java:logGet(46)) - raft.server.leaderelection.pre-vote = true (default)
2023-08-18 03:37:12,407 [s0@group-E264CA5F8311-FollowerState] INFO  impl.RoleInfo (RoleInfo.java:updateAndGet(138)) - s0: start s0@group-E264CA5F8311-LeaderElection265
2023-08-18 03:37:12,408 [s0@group-E264CA5F8311-LeaderElection265] INFO  impl.LeaderElection (LeaderElection.java:askForVotes(320)) - s0@group-E264CA5F8311-LeaderElection265 PRE_VOTE round 0: submit vote requests at term 1 for 255: peers:[s0|rpc:localhost:39295|admin:localhost:44843|client:localhost:40991|dataStream:localhost:40677|priority:0|startupRole:FOLLOWER, s1|rpc:0.0.0.0:34459|dataStream:|priority:0|startupRole:FOLLOWER, s2|rpc:0.0.0.0:43137|dataStream:|priority:0|startupRole:FOLLOWER]|listeners:[], old=peers:[s0|rpc:localhost:39295|admin:localhost:44843|client:localhost:40991|dataStream:localhost:40677|priority:0|startupRole:FOLLOWER]|listeners:[]
2023-08-18 03:37:12,408 [grpc-default-executor-0] INFO  server.RaftServer$Division (RaftServerImpl.java:requestVote(1344)) - s1@group-E264CA5F8311: receive requestVote(PRE_VOTE, s0, group-E264CA5F8311, 1, (t:1, i:255))
2023-08-18 03:37:12,409 [grpc-default-executor-0] WARN  server.GrpcServerProtocolService (LogUtils.java:warn(122)) - s1: Failed requestVote s0->s1#0: org.apache.ratis.protocol.exceptions.ServerNotReadyException: s1@group-E264CA5F8311 is not in [RUNNING]: current state is STARTING
2023-08-18 03:37:12,409 [s0@group-E264CA5F8311-LeaderElection265] INFO  impl.LeaderElection (LogUtils.java:infoOrTrace(137)) - s0@group-E264CA5F8311-LeaderElection265 got exception when requesting votes: java.util.concurrent.ExecutionException: org.apache.ratis.thirdparty.io.grpc.StatusRuntimeException: INTERNAL: s1@group-E264CA5F8311 is not in [RUNNING]: current state is STARTING
2023-08-18 03:37:12,409 [grpc-default-executor-0] INFO  server.RaftServer$Division (RaftServerImpl.java:requestVote(1344)) - s2@group-E264CA5F8311: receive requestVote(PRE_VOTE, s0, group-E264CA5F8311, 1, (t:1, i:255))
2023-08-18 03:37:12,409 [grpc-default-executor-0] WARN  server.GrpcServerProtocolService (LogUtils.java:warn(122)) - s2: Failed requestVote s0->s2#0: org.apache.ratis.protocol.exceptions.ServerNotReadyException: s2@group-E264CA5F8311 is not in [RUNNING]: current state is STARTING
2023-08-18 03:37:12,409 [s0@group-E264CA5F8311-LeaderElection265] INFO  impl.LeaderElection (LogUtils.java:infoOrTrace(137)) - s0@group-E264CA5F8311-LeaderElection265 got exception when requesting votes: java.util.concurrent.ExecutionException: org.apache.ratis.thirdparty.io.grpc.StatusRuntimeException: INTERNAL: s2@group-E264CA5F8311 is not in [RUNNING]: current state is STARTING
2023-08-18 03:37:12,410 [s0@group-E264CA5F8311-LeaderElection265] INFO  impl.LeaderElection (LeaderElection.java:logAndReturn(89)) - s0@group-E264CA5F8311-LeaderElection265: PRE_VOTE REJECTED received 0 response(s) and 2 exception(s):
2023-08-18 03:37:12,410 [s0@group-E264CA5F8311-LeaderElection265] INFO  impl.LeaderElection (LogUtils.java:infoOrTrace(137)) -   Exception 0: java.util.concurrent.ExecutionException: org.apache.ratis.thirdparty.io.grpc.StatusRuntimeException: INTERNAL: s1@group-E264CA5F8311 is not in [RUNNING]: current state is STARTING
2023-08-18 03:37:12,410 [s0@group-E264CA5F8311-LeaderElection265] INFO  impl.LeaderElection (LogUtils.java:infoOrTrace(137)) -   Exception 1: java.util.concurrent.ExecutionException: org.apache.ratis.thirdparty.io.grpc.StatusRuntimeException: INTERNAL: s2@group-E264CA5F8311 is not in [RUNNING]: current state is STARTING
2023-08-18 03:37:12,410 [s0@group-E264CA5F8311-LeaderElection265] INFO  impl.LeaderElection (LeaderElection.java:askForVotes(322)) - s0@group-E264CA5F8311-LeaderElection265 PRE_VOTE round 0: result REJECTED
2023-08-18 03:37:12,410 [s0@group-E264CA5F8311-LeaderElection265] INFO  server.RaftServer$Division (RaftServerImpl.java:setRole(371)) - s0@group-E264CA5F8311: changes role from CANDIDATE to FOLLOWER at term 1 for REJECTED
2023-08-18 03:37:12,410 [s0@group-E264CA5F8311-LeaderElection265] INFO  impl.RoleInfo (RoleInfo.java:shutdownLeaderElection(129)) - s0: shutdown s0@group-E264CA5F8311-LeaderElection265
2023-08-18 03:37:12,410 [s0@group-E264CA5F8311-LeaderElection265] INFO  impl.RoleInfo (RoleInfo.java:updateAndGet(138)) - s0: start s0@group-E264CA5F8311-FollowerState
2023-08-18 03:37:12,466 [s1-server-thread1] INFO  server.RaftServer$Division (RaftServerImpl.java:setConfigurationAsync(1238)) - s1@group-E264CA5F8311: receive setConfiguration SetConfigurationRequest:client-255CF6B0DA3F->s1@group-E264CA5F8311, cid=386, seq=0, RW, null, SET_UNCONDITIONALLY, servers:[s1|rpc:0.0.0.0:34459|dataStream:|priority:0|startupRole:FOLLOWER, s2|rpc:0.0.0.0:43137|dataStream:|priority:0|startupRole:FOLLOWER, s0|rpc:localhost:39295|admin:localhost:44843|client:localhost:40991|dataStream:localhost:40677|priority:0|startupRole:FOLLOWER], listeners:[]
2023-08-18 03:37:12,569 [s2-server-thread1] INFO  server.RaftServer$Division (RaftServerImpl.java:setConfigurationAsync(1238)) - s2@group-E264CA5F8311: receive setConfiguration SetConfigurationRequest:client-255CF6B0DA3F->s2@group-E264CA5F8311, cid=386, seq=0, RW, null, SET_UNCONDITIONALLY, servers:[s1|rpc:0.0.0.0:34459|dataStream:|priority:0|startupRole:FOLLOWER, s2|rpc:0.0.0.0:43137|dataStream:|priority:0|startupRole:FOLLOWER, s0|rpc:localhost:39295|admin:localhost:44843|client:localhost:40991|dataStream:localhost:40677|priority:0|startupRole:FOLLOWER], listeners:[]
2023-08-18 03:37:12,673 [s1-server-thread1] INFO  server.RaftServer$Division (RaftServerImpl.java:setConfigurationAsync(1238)) - s1@group-E264CA5F8311: receive setConfiguration SetConfigurationRequest:client-255CF6B0DA3F->s1@group-E264CA5F8311, cid=386, seq=0, RW, null, SET_UNCONDITIONALLY, servers:[s1|rpc:0.0.0.0:34459|dataStream:|priority:0|startupRole:FOLLOWER, s2|rpc:0.0.0.0:43137|dataStream:|priority:0|startupRole:FOLLOWER, s0|rpc:localhost:39295|admin:localhost:44843|client:localhost:40991|dataStream:localhost:40677|priority:0|startupRole:FOLLOWER], listeners:[]
2023-08-18 03:37:12,703 [s0@group-E264CA5F8311-FollowerState] INFO  impl.FollowerState (FollowerState.java:run(143)) - s0@group-E264CA5F8311-FollowerState: change to CANDIDATE, lastRpcElapsedTime:293247682ns, electionTimeout:293ms
2023-08-18 03:37:12,703 [s0@group-E264CA5F8311-FollowerState] INFO  impl.RoleInfo (RoleInfo.java:shutdownFollowerState(109)) - s0: shutdown s0@group-E264CA5F8311-FollowerState
2023-08-18 03:37:12,703 [s0@group-E264CA5F8311-FollowerState] INFO  server.RaftServer$Division (RaftServerImpl.java:setRole(371)) - s0@group-E264CA5F8311: changes role from  FOLLOWER to CANDIDATE at term 1 for changeToCandidate
2023-08-18 03:37:12,703 [s0@group-E264CA5F8311-FollowerState] INFO  impl.SimpleStateMachine4Testing (SimpleStateMachine4Testing.java:notifyExtendedNoLeader(411)) - StateMachineWithMultiNestedSnapshotFile:s0:group-E264CA5F8311: notifyExtendedNoLeader group-E264CA5F8311, self {
  id: "s0"
  address: "localhost:39295"
  dataStreamAddress: "localhost:40677"
  clientAddress: "localhost:40991"
  adminAddress: "localhost:44843"
  startupRole: FOLLOWER
}
role: CANDIDATE
candidateInfo {
  lastLeaderElapsedTimeMs: 70987
}

2023-08-18 03:37:12,703 [s0@group-E264CA5F8311-FollowerState] INFO  server.RaftServerConfigKeys (ConfUtils.java:logGet(46)) - raft.server.leaderelection.pre-vote = true (default)
2023-08-18 03:37:12,703 [s0@group-E264CA5F8311-FollowerState] INFO  impl.RoleInfo (RoleInfo.java:updateAndGet(138)) - s0: start s0@group-E264CA5F8311-LeaderElection266
2023-08-18 03:37:12,704 [s0@group-E264CA5F8311-LeaderElection266] INFO  impl.LeaderElection (LeaderElection.java:askForVotes(320)) - s0@group-E264CA5F8311-LeaderElection266 PRE_VOTE round 0: submit vote requests at term 1 for 255: peers:[s0|rpc:localhost:39295|admin:localhost:44843|client:localhost:40991|dataStream:localhost:40677|priority:0|startupRole:FOLLOWER, s1|rpc:0.0.0.0:34459|dataStream:|priority:0|startupRole:FOLLOWER, s2|rpc:0.0.0.0:43137|dataStream:|priority:0|startupRole:FOLLOWER]|listeners:[], old=peers:[s0|rpc:localhost:39295|admin:localhost:44843|client:localhost:40991|dataStream:localhost:40677|priority:0|startupRole:FOLLOWER]|listeners:[]
2023-08-18 03:37:12,705 [grpc-default-executor-3] INFO  server.RaftServer$Division (RaftServerImpl.java:requestVote(1344)) - s2@group-E264CA5F8311: receive requestVote(PRE_VOTE, s0, group-E264CA5F8311, 1, (t:1, i:255))
2023-08-18 03:37:12,705 [grpc-default-executor-3] WARN  server.GrpcServerProtocolService (LogUtils.java:warn(122)) - s2: Failed requestVote s0->s2#0: org.apache.ratis.protocol.exceptions.ServerNotReadyException: s2@group-E264CA5F8311 is not in [RUNNING]: current state is STARTING
2023-08-18 03:37:12,705 [grpc-default-executor-0] INFO  server.RaftServer$Division (RaftServerImpl.java:requestVote(1344)) - s1@group-E264CA5F8311: receive requestVote(PRE_VOTE, s0, group-E264CA5F8311, 1, (t:1, i:255))
2023-08-18 03:37:12,705 [grpc-default-executor-0] WARN  server.GrpcServerProtocolService (LogUtils.java:warn(122)) - s1: Failed requestVote s0->s1#0: org.apache.ratis.protocol.exceptions.ServerNotReadyException: s1@group-E264CA5F8311 is not in [RUNNING]: current state is STARTING
2023-08-18 03:37:12,705 [s0@group-E264CA5F8311-LeaderElection266] INFO  impl.LeaderElection (LogUtils.java:infoOrTrace(137)) - s0@group-E264CA5F8311-LeaderElection266 got exception when requesting votes: java.util.concurrent.ExecutionException: org.apache.ratis.thirdparty.io.grpc.StatusRuntimeException: INTERNAL: s2@group-E264CA5F8311 is not in [RUNNING]: current state is STARTING
2023-08-18 03:37:12,705 [s0@group-E264CA5F8311-LeaderElection266] INFO  impl.LeaderElection (LogUtils.java:infoOrTrace(137)) - s0@group-E264CA5F8311-LeaderElection266 got exception when requesting votes: java.util.concurrent.ExecutionException: org.apache.ratis.thirdparty.io.grpc.StatusRuntimeException: INTERNAL: s1@group-E264CA5F8311 is not in [RUNNING]: current state is STARTING
2023-08-18 03:37:12,705 [s0@group-E264CA5F8311-LeaderElection266] INFO  impl.LeaderElection (LeaderElection.java:logAndReturn(89)) - s0@group-E264CA5F8311-LeaderElection266: PRE_VOTE REJECTED received 0 response(s) and 2 exception(s):
2023-08-18 03:37:12,706 [s0@group-E264CA5F8311-LeaderElection266] INFO  impl.LeaderElection (LogUtils.java:infoOrTrace(137)) -   Exception 0: java.util.concurrent.ExecutionException: org.apache.ratis.thirdparty.io.grpc.StatusRuntimeException: INTERNAL: s2@group-E264CA5F8311 is not in [RUNNING]: current state is STARTING
2023-08-18 03:37:12,706 [s0@group-E264CA5F8311-LeaderElection266] INFO  impl.LeaderElection (LogUtils.java:infoOrTrace(137)) -   Exception 1: java.util.concurrent.ExecutionException: org.apache.ratis.thirdparty.io.grpc.StatusRuntimeException: INTERNAL: s1@group-E264CA5F8311 is not in [RUNNING]: current state is STARTING
2023-08-18 03:37:12,706 [s0@group-E264CA5F8311-LeaderElection266] INFO  impl.LeaderElection (LeaderElection.java:askForVotes(322)) - s0@group-E264CA5F8311-LeaderElection266 PRE_VOTE round 0: result REJECTED
2023-08-18 03:37:12,706 [s0@group-E264CA5F8311-LeaderElection266] INFO  server.RaftServer$Division (RaftServerImpl.java:setRole(371)) - s0@group-E264CA5F8311: changes role from CANDIDATE to FOLLOWER at term 1 for REJECTED
2023-08-18 03:37:12,706 [s0@group-E264CA5F8311-LeaderElection266] INFO  impl.RoleInfo (RoleInfo.java:shutdownLeaderElection(129)) - s0: shutdown s0@group-E264CA5F8311-LeaderElection266
2023-08-18 03:37:12,706 [s0@group-E264CA5F8311-LeaderElection266] INFO  impl.RoleInfo (RoleInfo.java:updateAndGet(138)) - s0: start s0@group-E264CA5F8311-FollowerState
2023-08-18 03:37:12,776 [s2-server-thread1] INFO  server.RaftServer$Division (RaftServerImpl.java:setConfigurationAsync(1238)) - s2@group-E264CA5F8311: receive setConfiguration SetConfigurationRequest:client-255CF6B0DA3F->s2@group-E264CA5F8311, cid=386, seq=0, RW, null, SET_UNCONDITIONALLY, servers:[s1|rpc:0.0.0.0:34459|dataStream:|priority:0|startupRole:FOLLOWER, s2|rpc:0.0.0.0:43137|dataStream:|priority:0|startupRole:FOLLOWER, s0|rpc:localhost:39295|admin:localhost:44843|client:localhost:40991|dataStream:localhost:40677|priority:0|startupRole:FOLLOWER], listeners:[]
2023-08-18 03:37:12,880 [s0-server-thread1] INFO  server.RaftServer$Division (RaftServerImpl.java:setConfigurationAsync(1238)) - s0@group-E264CA5F8311: receive setConfiguration SetConfigurationRequest:client-255CF6B0DA3F->s0@group-E264CA5F8311, cid=386, seq=0, RW, null, SET_UNCONDITIONALLY, servers:[s1|rpc:0.0.0.0:34459|dataStream:|priority:0|startupRole:FOLLOWER, s2|rpc:0.0.0.0:43137|dataStream:|priority:0|startupRole:FOLLOWER, s0|rpc:localhost:39295|admin:localhost:44843|client:localhost:40991|dataStream:localhost:40677|priority:0|startupRole:FOLLOWER], listeners:[]
2023-08-18 03:37:12,919 [s0@group-E264CA5F8311-FollowerState] INFO  impl.FollowerState (FollowerState.java:run(143)) - s0@group-E264CA5F8311-FollowerState: change to CANDIDATE, lastRpcElapsedTime:213268586ns, electionTimeout:213ms
2023-08-18 03:37:12,919 [s0@group-E264CA5F8311-FollowerState] INFO  impl.RoleInfo (RoleInfo.java:shutdownFollowerState(109)) - s0: shutdown s0@group-E264CA5F8311-FollowerState
2023-08-18 03:37:12,919 [s0@group-E264CA5F8311-FollowerState] INFO  server.RaftServer$Division (RaftServerImpl.java:setRole(371)) - s0@group-E264CA5F8311: changes role from  FOLLOWER to CANDIDATE at term 1 for changeToCandidate
2023-08-18 03:37:12,919 [s0@group-E264CA5F8311-FollowerState] INFO  impl.SimpleStateMachine4Testing (SimpleStateMachine4Testing.java:notifyExtendedNoLeader(411)) - StateMachineWithMultiNestedSnapshotFile:s0:group-E264CA5F8311: notifyExtendedNoLeader group-E264CA5F8311, self {
  id: "s0"
  address: "localhost:39295"
  dataStreamAddress: "localhost:40677"
  clientAddress: "localhost:40991"
  adminAddress: "localhost:44843"
  startupRole: FOLLOWER
}
role: CANDIDATE
candidateInfo {
  lastLeaderElapsedTimeMs: 71203
}

2023-08-18 03:37:12,919 [s0@group-E264CA5F8311-FollowerState] INFO  server.RaftServerConfigKeys (ConfUtils.java:logGet(46)) - raft.server.leaderelection.pre-vote = true (default)
2023-08-18 03:37:12,919 [s0@group-E264CA5F8311-FollowerState] INFO  impl.RoleInfo (RoleInfo.java:updateAndGet(138)) - s0: start s0@group-E264CA5F8311-LeaderElection267
2023-08-18 03:37:12,920 [s0@group-E264CA5F8311-LeaderElection267] INFO  impl.LeaderElection (LeaderElection.java:askForVotes(320)) - s0@group-E264CA5F8311-LeaderElection267 PRE_VOTE round 0: submit vote requests at term 1 for 255: peers:[s0|rpc:localhost:39295|admin:localhost:44843|client:localhost:40991|dataStream:localhost:40677|priority:0|startupRole:FOLLOWER, s1|rpc:0.0.0.0:34459|dataStream:|priority:0|startupRole:FOLLOWER, s2|rpc:0.0.0.0:43137|dataStream:|priority:0|startupRole:FOLLOWER]|listeners:[], old=peers:[s0|rpc:localhost:39295|admin:localhost:44843|client:localhost:40991|dataStream:localhost:40677|priority:0|startupRole:FOLLOWER]|listeners:[]
2023-08-18 03:37:12,921 [grpc-default-executor-3] INFO  server.RaftServer$Division (RaftServerImpl.java:requestVote(1344)) - s1@group-E264CA5F8311: receive requestVote(PRE_VOTE, s0, group-E264CA5F8311, 1, (t:1, i:255))
2023-08-18 03:37:12,921 [grpc-default-executor-3] WARN  server.GrpcServerProtocolService (LogUtils.java:warn(122)) - s1: Failed requestVote s0->s1#0: org.apache.ratis.protocol.exceptions.ServerNotReadyException: s1@group-E264CA5F8311 is not in [RUNNING]: current state is STARTING
2023-08-18 03:37:12,921 [s0@group-E264CA5F8311-LeaderElection267] INFO  impl.LeaderElection (LogUtils.java:infoOrTrace(137)) - s0@group-E264CA5F8311-LeaderElection267 got exception when requesting votes: java.util.concurrent.ExecutionException: org.apache.ratis.thirdparty.io.grpc.StatusRuntimeException: INTERNAL: s1@group-E264CA5F8311 is not in [RUNNING]: current state is STARTING
2023-08-18 03:37:12,922 [grpc-default-executor-0] INFO  server.RaftServer$Division (RaftServerImpl.java:requestVote(1344)) - s2@group-E264CA5F8311: receive requestVote(PRE_VOTE, s0, group-E264CA5F8311, 1, (t:1, i:255))
2023-08-18 03:37:12,922 [grpc-default-executor-0] WARN  server.GrpcServerProtocolService (LogUtils.java:warn(122)) - s2: Failed requestVote s0->s2#0: org.apache.ratis.protocol.exceptions.ServerNotReadyException: s2@group-E264CA5F8311 is not in [RUNNING]: current state is STARTING
2023-08-18 03:37:12,922 [s0@group-E264CA5F8311-LeaderElection267] INFO  impl.LeaderElection (LogUtils.java:infoOrTrace(137)) - s0@group-E264CA5F8311-LeaderElection267 got exception when requesting votes: java.util.concurrent.ExecutionException: org.apache.ratis.thirdparty.io.grpc.StatusRuntimeException: INTERNAL: s2@group-E264CA5F8311 is not in [RUNNING]: current state is STARTING
2023-08-18 03:37:12,922 [s0@group-E264CA5F8311-LeaderElection267] INFO  impl.LeaderElection (LeaderElection.java:logAndReturn(89)) - s0@group-E264CA5F8311-LeaderElection267: PRE_VOTE REJECTED received 0 response(s) and 2 exception(s):
2023-08-18 03:37:12,922 [s0@group-E264CA5F8311-LeaderElection267] INFO  impl.LeaderElection (LogUtils.java:infoOrTrace(137)) -   Exception 0: java.util.concurrent.ExecutionException: org.apache.ratis.thirdparty.io.grpc.StatusRuntimeException: INTERNAL: s1@group-E264CA5F8311 is not in [RUNNING]: current state is STARTING
2023-08-18 03:37:12,922 [s0@group-E264CA5F8311-LeaderElection267] INFO  impl.LeaderElection (LogUtils.java:infoOrTrace(137)) -   Exception 1: java.util.concurrent.ExecutionException: org.apache.ratis.thirdparty.io.grpc.StatusRuntimeException: INTERNAL: s2@group-E264CA5F8311 is not in [RUNNING]: current state is STARTING
2023-08-18 03:37:12,922 [s0@group-E264CA5F8311-LeaderElection267] INFO  impl.LeaderElection (LeaderElection.java:askForVotes(322)) - s0@group-E264CA5F8311-LeaderElection267 PRE_VOTE round 0: result REJECTED
2023-08-18 03:37:12,922 [s0@group-E264CA5F8311-LeaderElection267] INFO  server.RaftServer$Division (RaftServerImpl.java:setRole(371)) - s0@group-E264CA5F8311: changes role from CANDIDATE to FOLLOWER at term 1 for REJECTED
2023-08-18 03:37:12,922 [s0@group-E264CA5F8311-LeaderElection267] INFO  impl.RoleInfo (RoleInfo.java:shutdownLeaderElection(129)) - s0: shutdown s0@group-E264CA5F8311-LeaderElection267
2023-08-18 03:37:12,922 [s0@group-E264CA5F8311-LeaderElection267] INFO  impl.RoleInfo (RoleInfo.java:updateAndGet(138)) - s0: start s0@group-E264CA5F8311-FollowerState
2023-08-18 03:37:12,983 [s1-server-thread1] INFO  server.RaftServer$Division (RaftServerImpl.java:setConfigurationAsync(1238)) - s1@group-E264CA5F8311: receive setConfiguration SetConfigurationRequest:client-255CF6B0DA3F->s1@group-E264CA5F8311, cid=386, seq=0, RW, null, SET_UNCONDITIONALLY, servers:[s1|rpc:0.0.0.0:34459|dataStream:|priority:0|startupRole:FOLLOWER, s2|rpc:0.0.0.0:43137|dataStream:|priority:0|startupRole:FOLLOWER, s0|rpc:localhost:39295|admin:localhost:44843|client:localhost:40991|dataStream:localhost:40677|priority:0|startupRole:FOLLOWER], listeners:[]
2023-08-18 03:37:13,086 [s2-server-thread1] INFO  server.RaftServer$Division (RaftServerImpl.java:setConfigurationAsync(1238)) - s2@group-E264CA5F8311: receive setConfiguration SetConfigurationRequest:client-255CF6B0DA3F->s2@group-E264CA5F8311, cid=386, seq=0, RW, null, SET_UNCONDITIONALLY, servers:[s1|rpc:0.0.0.0:34459|dataStream:|priority:0|startupRole:FOLLOWER, s2|rpc:0.0.0.0:43137|dataStream:|priority:0|startupRole:FOLLOWER, s0|rpc:localhost:39295|admin:localhost:44843|client:localhost:40991|dataStream:localhost:40677|priority:0|startupRole:FOLLOWER], listeners:[]
2023-08-18 03:37:13,140 [s0@group-E264CA5F8311-FollowerState] INFO  impl.FollowerState (FollowerState.java:run(143)) - s0@group-E264CA5F8311-FollowerState: change to CANDIDATE, lastRpcElapsedTime:217409961ns, electionTimeout:217ms
2023-08-18 03:37:13,140 [s0@group-E264CA5F8311-FollowerState] INFO  impl.RoleInfo (RoleInfo.java:shutdownFollowerState(109)) - s0: shutdown s0@group-E264CA5F8311-FollowerState
2023-08-18 03:37:13,140 [s0@group-E264CA5F8311-FollowerState] INFO  server.RaftServer$Division (RaftServerImpl.java:setRole(371)) - s0@group-E264CA5F8311: changes role from  FOLLOWER to CANDIDATE at term 1 for changeToCandidate
2023-08-18 03:37:13,140 [s0@group-E264CA5F8311-FollowerState] INFO  impl.SimpleStateMachine4Testing (SimpleStateMachine4Testing.java:notifyExtendedNoLeader(411)) - StateMachineWithMultiNestedSnapshotFile:s0:group-E264CA5F8311: notifyExtendedNoLeader group-E264CA5F8311, self {
  id: "s0"
  address: "localhost:39295"
  dataStreamAddress: "localhost:40677"
  clientAddress: "localhost:40991"
  adminAddress: "localhost:44843"
  startupRole: FOLLOWER
}
role: CANDIDATE
candidateInfo {
  lastLeaderElapsedTimeMs: 71423
}

2023-08-18 03:37:13,140 [s0@group-E264CA5F8311-FollowerState] INFO  server.RaftServerConfigKeys (ConfUtils.java:logGet(46)) - raft.server.leaderelection.pre-vote = true (default)
2023-08-18 03:37:13,140 [s0@group-E264CA5F8311-FollowerState] INFO  impl.RoleInfo (RoleInfo.java:updateAndGet(138)) - s0: start s0@group-E264CA5F8311-LeaderElection268
2023-08-18 03:37:13,140 [s0@group-E264CA5F8311-LeaderElection268] INFO  impl.LeaderElection (LeaderElection.java:askForVotes(320)) - s0@group-E264CA5F8311-LeaderElection268 PRE_VOTE round 0: submit vote requests at term 1 for 255: peers:[s0|rpc:localhost:39295|admin:localhost:44843|client:localhost:40991|dataStream:localhost:40677|priority:0|startupRole:FOLLOWER, s1|rpc:0.0.0.0:34459|dataStream:|priority:0|startupRole:FOLLOWER, s2|rpc:0.0.0.0:43137|dataStream:|priority:0|startupRole:FOLLOWER]|listeners:[], old=peers:[s0|rpc:localhost:39295|admin:localhost:44843|client:localhost:40991|dataStream:localhost:40677|priority:0|startupRole:FOLLOWER]|listeners:[]
2023-08-18 03:37:13,141 [grpc-default-executor-0] INFO  server.RaftServer$Division (RaftServerImpl.java:requestVote(1344)) - s1@group-E264CA5F8311: receive requestVote(PRE_VOTE, s0, group-E264CA5F8311, 1, (t:1, i:255))
2023-08-18 03:37:13,141 [grpc-default-executor-3] INFO  server.RaftServer$Division (RaftServerImpl.java:requestVote(1344)) - s2@group-E264CA5F8311: receive requestVote(PRE_VOTE, s0, group-E264CA5F8311, 1, (t:1, i:255))
2023-08-18 03:37:13,141 [grpc-default-executor-0] WARN  server.GrpcServerProtocolService (LogUtils.java:warn(122)) - s1: Failed requestVote s0->s1#0: org.apache.ratis.protocol.exceptions.ServerNotReadyException: s1@group-E264CA5F8311 is not in [RUNNING]: current state is STARTING
2023-08-18 03:37:13,141 [grpc-default-executor-3] WARN  server.GrpcServerProtocolService (LogUtils.java:warn(122)) - s2: Failed requestVote s0->s2#0: org.apache.ratis.protocol.exceptions.ServerNotReadyException: s2@group-E264CA5F8311 is not in [RUNNING]: current state is STARTING
2023-08-18 03:37:13,142 [s0@group-E264CA5F8311-LeaderElection268] INFO  impl.LeaderElection (LogUtils.java:infoOrTrace(137)) - s0@group-E264CA5F8311-LeaderElection268 got exception when requesting votes: java.util.concurrent.ExecutionException: org.apache.ratis.thirdparty.io.grpc.StatusRuntimeException: INTERNAL: s1@group-E264CA5F8311 is not in [RUNNING]: current state is STARTING
2023-08-18 03:37:13,142 [s0@group-E264CA5F8311-LeaderElection268] INFO  impl.LeaderElection (LogUtils.java:infoOrTrace(137)) - s0@group-E264CA5F8311-LeaderElection268 got exception when requesting votes: java.util.concurrent.ExecutionException: org.apache.ratis.thirdparty.io.grpc.StatusRuntimeException: INTERNAL: s2@group-E264CA5F8311 is not in [RUNNING]: current state is STARTING
2023-08-18 03:37:13,142 [s0@group-E264CA5F8311-LeaderElection268] INFO  impl.LeaderElection (LeaderElection.java:logAndReturn(89)) - s0@group-E264CA5F8311-LeaderElection268: PRE_VOTE REJECTED received 0 response(s) and 2 exception(s):
2023-08-18 03:37:13,142 [s0@group-E264CA5F8311-LeaderElection268] INFO  impl.LeaderElection (LogUtils.java:infoOrTrace(137)) -   Exception 0: java.util.concurrent.ExecutionException: org.apache.ratis.thirdparty.io.grpc.StatusRuntimeException: INTERNAL: s1@group-E264CA5F8311 is not in [RUNNING]: current state is STARTING
2023-08-18 03:37:13,142 [s0@group-E264CA5F8311-LeaderElection268] INFO  impl.LeaderElection (LogUtils.java:infoOrTrace(137)) -   Exception 1: java.util.concurrent.ExecutionException: org.apache.ratis.thirdparty.io.grpc.StatusRuntimeException: INTERNAL: s2@group-E264CA5F8311 is not in [RUNNING]: current state is STARTING
2023-08-18 03:37:13,142 [s0@group-E264CA5F8311-LeaderElection268] INFO  impl.LeaderElection (LeaderElection.java:askForVotes(322)) - s0@group-E264CA5F8311-LeaderElection268 PRE_VOTE round 0: result REJECTED
2023-08-18 03:37:13,142 [s0@group-E264CA5F8311-LeaderElection268] INFO  server.RaftServer$Division (RaftServerImpl.java:setRole(371)) - s0@group-E264CA5F8311: changes role from CANDIDATE to FOLLOWER at term 1 for REJECTED
2023-08-18 03:37:13,142 [s0@group-E264CA5F8311-LeaderElection268] INFO  impl.RoleInfo (RoleInfo.java:shutdownLeaderElection(129)) - s0: shutdown s0@group-E264CA5F8311-LeaderElection268
2023-08-18 03:37:13,142 [s0@group-E264CA5F8311-LeaderElection268] INFO  impl.RoleInfo (RoleInfo.java:updateAndGet(138)) - s0: start s0@group-E264CA5F8311-FollowerState
2023-08-18 03:37:13,190 [s1-server-thread1] INFO  server.RaftServer$Division (RaftServerImpl.java:setConfigurationAsync(1238)) - s1@group-E264CA5F8311: receive setConfiguration SetConfigurationRequest:client-255CF6B0DA3F->s1@group-E264CA5F8311, cid=386, seq=0, RW, null, SET_UNCONDITIONALLY, servers:[s1|rpc:0.0.0.0:34459|dataStream:|priority:0|startupRole:FOLLOWER, s2|rpc:0.0.0.0:43137|dataStream:|priority:0|startupRole:FOLLOWER, s0|rpc:localhost:39295|admin:localhost:44843|client:localhost:40991|dataStream:localhost:40677|priority:0|startupRole:FOLLOWER], listeners:[]
2023-08-18 03:37:13,293 [s2-server-thread1] INFO  server.RaftServer$Division (RaftServerImpl.java:setConfigurationAsync(1238)) - s2@group-E264CA5F8311: receive setConfiguration SetConfigurationRequest:client-255CF6B0DA3F->s2@group-E264CA5F8311, cid=386, seq=0, RW, null, SET_UNCONDITIONALLY, servers:[s1|rpc:0.0.0.0:34459|dataStream:|priority:0|startupRole:FOLLOWER, s2|rpc:0.0.0.0:43137|dataStream:|priority:0|startupRole:FOLLOWER, s0|rpc:localhost:39295|admin:localhost:44843|client:localhost:40991|dataStream:localhost:40677|priority:0|startupRole:FOLLOWER], listeners:[]
2023-08-18 03:37:13,296 [s0@group-E264CA5F8311-FollowerState] INFO  impl.FollowerState (FollowerState.java:run(143)) - s0@group-E264CA5F8311-FollowerState: change to CANDIDATE, lastRpcElapsedTime:154248150ns, electionTimeout:154ms
2023-08-18 03:37:13,296 [s0@group-E264CA5F8311-FollowerState] INFO  impl.RoleInfo (RoleInfo.java:shutdownFollowerState(109)) - s0: shutdown s0@group-E264CA5F8311-FollowerState
2023-08-18 03:37:13,296 [s0@group-E264CA5F8311-FollowerState] INFO  server.RaftServer$Division (RaftServerImpl.java:setRole(371)) - s0@group-E264CA5F8311: changes role from  FOLLOWER to CANDIDATE at term 1 for changeToCandidate
2023-08-18 03:37:13,297 [s0@group-E264CA5F8311-FollowerState] INFO  impl.SimpleStateMachine4Testing (SimpleStateMachine4Testing.java:notifyExtendedNoLeader(411)) - StateMachineWithMultiNestedSnapshotFile:s0:group-E264CA5F8311: notifyExtendedNoLeader group-E264CA5F8311, self {
  id: "s0"
  address: "localhost:39295"
  dataStreamAddress: "localhost:40677"
  clientAddress: "localhost:40991"
  adminAddress: "localhost:44843"
  startupRole: FOLLOWER
}
role: CANDIDATE
candidateInfo {
  lastLeaderElapsedTimeMs: 71580
}

2023-08-18 03:37:13,297 [s0@group-E264CA5F8311-FollowerState] INFO  server.RaftServerConfigKeys (ConfUtils.java:logGet(46)) - raft.server.leaderelection.pre-vote = true (default)
2023-08-18 03:37:13,297 [s0@group-E264CA5F8311-FollowerState] INFO  impl.RoleInfo (RoleInfo.java:updateAndGet(138)) - s0: start s0@group-E264CA5F8311-LeaderElection269
2023-08-18 03:37:13,297 [s0@group-E264CA5F8311-LeaderElection269] INFO  impl.LeaderElection (LeaderElection.java:askForVotes(320)) - s0@group-E264CA5F8311-LeaderElection269 PRE_VOTE round 0: submit vote requests at term 1 for 255: peers:[s0|rpc:localhost:39295|admin:localhost:44843|client:localhost:40991|dataStream:localhost:40677|priority:0|startupRole:FOLLOWER, s1|rpc:0.0.0.0:34459|dataStream:|priority:0|startupRole:FOLLOWER, s2|rpc:0.0.0.0:43137|dataStream:|priority:0|startupRole:FOLLOWER]|listeners:[], old=peers:[s0|rpc:localhost:39295|admin:localhost:44843|client:localhost:40991|dataStream:localhost:40677|priority:0|startupRole:FOLLOWER]|listeners:[]
2023-08-18 03:37:13,298 [grpc-default-executor-3] INFO  server.RaftServer$Division (RaftServerImpl.java:requestVote(1344)) - s1@group-E264CA5F8311: receive requestVote(PRE_VOTE, s0, group-E264CA5F8311, 1, (t:1, i:255))
2023-08-18 03:37:13,298 [grpc-default-executor-0] INFO  server.RaftServer$Division (RaftServerImpl.java:requestVote(1344)) - s2@group-E264CA5F8311: receive requestVote(PRE_VOTE, s0, group-E264CA5F8311, 1, (t:1, i:255))
2023-08-18 03:37:13,298 [grpc-default-executor-3] WARN  server.GrpcServerProtocolService (LogUtils.java:warn(122)) - s1: Failed requestVote s0->s1#0: org.apache.ratis.protocol.exceptions.ServerNotReadyException: s1@group-E264CA5F8311 is not in [RUNNING]: current state is STARTING
2023-08-18 03:37:13,298 [grpc-default-executor-0] WARN  server.GrpcServerProtocolService (LogUtils.java:warn(122)) - s2: Failed requestVote s0->s2#0: org.apache.ratis.protocol.exceptions.ServerNotReadyException: s2@group-E264CA5F8311 is not in [RUNNING]: current state is STARTING
2023-08-18 03:37:13,298 [s0@group-E264CA5F8311-LeaderElection269] INFO  impl.LeaderElection (LogUtils.java:infoOrTrace(137)) - s0@group-E264CA5F8311-LeaderElection269 got exception when requesting votes: java.util.concurrent.ExecutionException: org.apache.ratis.thirdparty.io.grpc.StatusRuntimeException: INTERNAL: s1@group-E264CA5F8311 is not in [RUNNING]: current state is STARTING
2023-08-18 03:37:13,298 [s0@group-E264CA5F8311-LeaderElection269] INFO  impl.LeaderElection (LogUtils.java:infoOrTrace(137)) - s0@group-E264CA5F8311-LeaderElection269 got exception when requesting votes: java.util.concurrent.ExecutionException: org.apache.ratis.thirdparty.io.grpc.StatusRuntimeException: INTERNAL: s2@group-E264CA5F8311 is not in [RUNNING]: current state is STARTING
2023-08-18 03:37:13,298 [s0@group-E264CA5F8311-LeaderElection269] INFO  impl.LeaderElection (LeaderElection.java:logAndReturn(89)) - s0@group-E264CA5F8311-LeaderElection269: PRE_VOTE REJECTED received 0 response(s) and 2 exception(s):
2023-08-18 03:37:13,298 [s0@group-E264CA5F8311-LeaderElection269] INFO  impl.LeaderElection (LogUtils.java:infoOrTrace(137)) -   Exception 0: java.util.concurrent.ExecutionException: org.apache.ratis.thirdparty.io.grpc.StatusRuntimeException: INTERNAL: s1@group-E264CA5F8311 is not in [RUNNING]: current state is STARTING
2023-08-18 03:37:13,298 [s0@group-E264CA5F8311-LeaderElection269] INFO  impl.LeaderElection (LogUtils.java:infoOrTrace(137)) -   Exception 1: java.util.concurrent.ExecutionException: org.apache.ratis.thirdparty.io.grpc.StatusRuntimeException: INTERNAL: s2@group-E264CA5F8311 is not in [RUNNING]: current state is STARTING
2023-08-18 03:37:13,298 [s0@group-E264CA5F8311-LeaderElection269] INFO  impl.LeaderElection (LeaderElection.java:askForVotes(322)) - s0@group-E264CA5F8311-LeaderElection269 PRE_VOTE round 0: result REJECTED
2023-08-18 03:37:13,298 [s0@group-E264CA5F8311-LeaderElection269] INFO  server.RaftServer$Division (RaftServerImpl.java:setRole(371)) - s0@group-E264CA5F8311: changes role from CANDIDATE to FOLLOWER at term 1 for REJECTED
2023-08-18 03:37:13,298 [s0@group-E264CA5F8311-LeaderElection269] INFO  impl.RoleInfo (RoleInfo.java:shutdownLeaderElection(129)) - s0: shutdown s0@group-E264CA5F8311-LeaderElection269
2023-08-18 03:37:13,298 [s0@group-E264CA5F8311-LeaderElection269] INFO  impl.RoleInfo (RoleInfo.java:updateAndGet(138)) - s0: start s0@group-E264CA5F8311-FollowerState
2023-08-18 03:37:13,397 [s0-server-thread1] INFO  server.RaftServer$Division (RaftServerImpl.java:setConfigurationAsync(1238)) - s0@group-E264CA5F8311: receive setConfiguration SetConfigurationRequest:client-255CF6B0DA3F->s0@group-E264CA5F8311, cid=386, seq=0, RW, null, SET_UNCONDITIONALLY, servers:[s1|rpc:0.0.0.0:34459|dataStream:|priority:0|startupRole:FOLLOWER, s2|rpc:0.0.0.0:43137|dataStream:|priority:0|startupRole:FOLLOWER, s0|rpc:localhost:39295|admin:localhost:44843|client:localhost:40991|dataStream:localhost:40677|priority:0|startupRole:FOLLOWER], listeners:[]
2023-08-18 03:37:13,501 [s2-server-thread1] INFO  server.RaftServer$Division (RaftServerImpl.java:setConfigurationAsync(1238)) - s2@group-E264CA5F8311: receive setConfiguration SetConfigurationRequest:client-255CF6B0DA3F->s2@group-E264CA5F8311, cid=386, seq=0, RW, null, SET_UNCONDITIONALLY, servers:[s1|rpc:0.0.0.0:34459|dataStream:|priority:0|startupRole:FOLLOWER, s2|rpc:0.0.0.0:43137|dataStream:|priority:0|startupRole:FOLLOWER, s0|rpc:localhost:39295|admin:localhost:44843|client:localhost:40991|dataStream:localhost:40677|priority:0|startupRole:FOLLOWER], listeners:[]
2023-08-18 03:37:13,561 [s0@group-E264CA5F8311-FollowerState] INFO  impl.FollowerState (FollowerState.java:run(143)) - s0@group-E264CA5F8311-FollowerState: change to CANDIDATE, lastRpcElapsedTime:262321884ns, electionTimeout:262ms
2023-08-18 03:37:13,561 [s0@group-E264CA5F8311-FollowerState] INFO  impl.RoleInfo (RoleInfo.java:shutdownFollowerState(109)) - s0: shutdown s0@group-E264CA5F8311-FollowerState
2023-08-18 03:37:13,561 [s0@group-E264CA5F8311-FollowerState] INFO  server.RaftServer$Division (RaftServerImpl.java:setRole(371)) - s0@group-E264CA5F8311: changes role from  FOLLOWER to CANDIDATE at term 1 for changeToCandidate
2023-08-18 03:37:13,561 [s0@group-E264CA5F8311-FollowerState] INFO  impl.SimpleStateMachine4Testing (SimpleStateMachine4Testing.java:notifyExtendedNoLeader(411)) - StateMachineWithMultiNestedSnapshotFile:s0:group-E264CA5F8311: notifyExtendedNoLeader group-E264CA5F8311, self {
  id: "s0"
  address: "localhost:39295"
  dataStreamAddress: "localhost:40677"
  clientAddress: "localhost:40991"
  adminAddress: "localhost:44843"
  startupRole: FOLLOWER
}
role: CANDIDATE
candidateInfo {
  lastLeaderElapsedTimeMs: 71845
}

2023-08-18 03:37:13,561 [s0@group-E264CA5F8311-FollowerState] INFO  server.RaftServerConfigKeys (ConfUtils.java:logGet(46)) - raft.server.leaderelection.pre-vote = true (default)
2023-08-18 03:37:13,561 [s0@group-E264CA5F8311-FollowerState] INFO  impl.RoleInfo (RoleInfo.java:updateAndGet(138)) - s0: start s0@group-E264CA5F8311-LeaderElection270
2023-08-18 03:37:13,561 [s0@group-E264CA5F8311-LeaderElection270] INFO  impl.LeaderElection (LeaderElection.java:askForVotes(320)) - s0@group-E264CA5F8311-LeaderElection270 PRE_VOTE round 0: submit vote requests at term 1 for 255: peers:[s0|rpc:localhost:39295|admin:localhost:44843|client:localhost:40991|dataStream:localhost:40677|priority:0|startupRole:FOLLOWER, s1|rpc:0.0.0.0:34459|dataStream:|priority:0|startupRole:FOLLOWER, s2|rpc:0.0.0.0:43137|dataStream:|priority:0|startupRole:FOLLOWER]|listeners:[], old=peers:[s0|rpc:localhost:39295|admin:localhost:44843|client:localhost:40991|dataStream:localhost:40677|priority:0|startupRole:FOLLOWER]|listeners:[]
2023-08-18 03:37:13,562 [grpc-default-executor-0] INFO  server.RaftServer$Division (RaftServerImpl.java:requestVote(1344)) - s1@group-E264CA5F8311: receive requestVote(PRE_VOTE, s0, group-E264CA5F8311, 1, (t:1, i:255))
2023-08-18 03:37:13,562 [grpc-default-executor-3] INFO  server.RaftServer$Division (RaftServerImpl.java:requestVote(1344)) - s2@group-E264CA5F8311: receive requestVote(PRE_VOTE, s0, group-E264CA5F8311, 1, (t:1, i:255))
2023-08-18 03:37:13,563 [grpc-default-executor-0] WARN  server.GrpcServerProtocolService (LogUtils.java:warn(122)) - s1: Failed requestVote s0->s1#0: org.apache.ratis.protocol.exceptions.ServerNotReadyException: s1@group-E264CA5F8311 is not in [RUNNING]: current state is STARTING
2023-08-18 03:37:13,563 [grpc-default-executor-3] WARN  server.GrpcServerProtocolService (LogUtils.java:warn(122)) - s2: Failed requestVote s0->s2#0: org.apache.ratis.protocol.exceptions.ServerNotReadyException: s2@group-E264CA5F8311 is not in [RUNNING]: current state is STARTING
2023-08-18 03:37:13,563 [s0@group-E264CA5F8311-LeaderElection270] INFO  impl.LeaderElection (LogUtils.java:infoOrTrace(137)) - s0@group-E264CA5F8311-LeaderElection270 got exception when requesting votes: java.util.concurrent.ExecutionException: org.apache.ratis.thirdparty.io.grpc.StatusRuntimeException: INTERNAL: s1@group-E264CA5F8311 is not in [RUNNING]: current state is STARTING
2023-08-18 03:37:13,563 [s0@group-E264CA5F8311-LeaderElection270] INFO  impl.LeaderElection (LogUtils.java:infoOrTrace(137)) - s0@group-E264CA5F8311-LeaderElection270 got exception when requesting votes: java.util.concurrent.ExecutionException: org.apache.ratis.thirdparty.io.grpc.StatusRuntimeException: INTERNAL: s2@group-E264CA5F8311 is not in [RUNNING]: current state is STARTING
2023-08-18 03:37:13,563 [s0@group-E264CA5F8311-LeaderElection270] INFO  impl.LeaderElection (LeaderElection.java:logAndReturn(89)) - s0@group-E264CA5F8311-LeaderElection270: PRE_VOTE REJECTED received 0 response(s) and 2 exception(s):
2023-08-18 03:37:13,563 [s0@group-E264CA5F8311-LeaderElection270] INFO  impl.LeaderElection (LogUtils.java:infoOrTrace(137)) -   Exception 0: java.util.concurrent.ExecutionException: org.apache.ratis.thirdparty.io.grpc.StatusRuntimeException: INTERNAL: s1@group-E264CA5F8311 is not in [RUNNING]: current state is STARTING
2023-08-18 03:37:13,563 [s0@group-E264CA5F8311-LeaderElection270] INFO  impl.LeaderElection (LogUtils.java:infoOrTrace(137)) -   Exception 1: java.util.concurrent.ExecutionException: org.apache.ratis.thirdparty.io.grpc.StatusRuntimeException: INTERNAL: s2@group-E264CA5F8311 is not in [RUNNING]: current state is STARTING
2023-08-18 03:37:13,563 [s0@group-E264CA5F8311-LeaderElection270] INFO  impl.LeaderElection (LeaderElection.java:askForVotes(322)) - s0@group-E264CA5F8311-LeaderElection270 PRE_VOTE round 0: result REJECTED
2023-08-18 03:37:13,563 [s0@group-E264CA5F8311-LeaderElection270] INFO  server.RaftServer$Division (RaftServerImpl.java:setRole(371)) - s0@group-E264CA5F8311: changes role from CANDIDATE to FOLLOWER at term 1 for REJECTED
2023-08-18 03:37:13,563 [s0@group-E264CA5F8311-LeaderElection270] INFO  impl.RoleInfo (RoleInfo.java:shutdownLeaderElection(129)) - s0: shutdown s0@group-E264CA5F8311-LeaderElection270
2023-08-18 03:37:13,563 [s0@group-E264CA5F8311-LeaderElection270] INFO  impl.RoleInfo (RoleInfo.java:updateAndGet(138)) - s0: start s0@group-E264CA5F8311-FollowerState
2023-08-18 03:37:13,605 [s0-server-thread1] INFO  server.RaftServer$Division (RaftServerImpl.java:setConfigurationAsync(1238)) - s0@group-E264CA5F8311: receive setConfiguration SetConfigurationRequest:client-255CF6B0DA3F->s0@group-E264CA5F8311, cid=386, seq=0, RW, null, SET_UNCONDITIONALLY, servers:[s1|rpc:0.0.0.0:34459|dataStream:|priority:0|startupRole:FOLLOWER, s2|rpc:0.0.0.0:43137|dataStream:|priority:0|startupRole:FOLLOWER, s0|rpc:localhost:39295|admin:localhost:44843|client:localhost:40991|dataStream:localhost:40677|priority:0|startupRole:FOLLOWER], listeners:[]
2023-08-18 03:37:13,708 [s1-server-thread1] INFO  server.RaftServer$Division (RaftServerImpl.java:setConfigurationAsync(1238)) - s1@group-E264CA5F8311: receive setConfiguration SetConfigurationRequest:client-255CF6B0DA3F->s1@group-E264CA5F8311, cid=386, seq=0, RW, null, SET_UNCONDITIONALLY, servers:[s1|rpc:0.0.0.0:34459|dataStream:|priority:0|startupRole:FOLLOWER, s2|rpc:0.0.0.0:43137|dataStream:|priority:0|startupRole:FOLLOWER, s0|rpc:localhost:39295|admin:localhost:44843|client:localhost:40991|dataStream:localhost:40677|priority:0|startupRole:FOLLOWER], listeners:[]
2023-08-18 03:37:13,723 [s0@group-E264CA5F8311-FollowerState] INFO  impl.FollowerState (FollowerState.java:run(143)) - s0@group-E264CA5F8311-FollowerState: change to CANDIDATE, lastRpcElapsedTime:159299619ns, electionTimeout:159ms
2023-08-18 03:37:13,723 [s0@group-E264CA5F8311-FollowerState] INFO  impl.RoleInfo (RoleInfo.java:shutdownFollowerState(109)) - s0: shutdown s0@group-E264CA5F8311-FollowerState
2023-08-18 03:37:13,723 [s0@group-E264CA5F8311-FollowerState] INFO  server.RaftServer$Division (RaftServerImpl.java:setRole(371)) - s0@group-E264CA5F8311: changes role from  FOLLOWER to CANDIDATE at term 1 for changeToCandidate
2023-08-18 03:37:13,723 [s0@group-E264CA5F8311-FollowerState] INFO  impl.SimpleStateMachine4Testing (SimpleStateMachine4Testing.java:notifyExtendedNoLeader(411)) - StateMachineWithMultiNestedSnapshotFile:s0:group-E264CA5F8311: notifyExtendedNoLeader group-E264CA5F8311, self {
  id: "s0"
  address: "localhost:39295"
  dataStreamAddress: "localhost:40677"
  clientAddress: "localhost:40991"
  adminAddress: "localhost:44843"
  startupRole: FOLLOWER
}
role: CANDIDATE
candidateInfo {
  lastLeaderElapsedTimeMs: 72006
}

2023-08-18 03:37:13,723 [s0@group-E264CA5F8311-FollowerState] INFO  server.RaftServerConfigKeys (ConfUtils.java:logGet(46)) - raft.server.leaderelection.pre-vote = true (default)
2023-08-18 03:37:13,723 [s0@group-E264CA5F8311-FollowerState] INFO  impl.RoleInfo (RoleInfo.java:updateAndGet(138)) - s0: start s0@group-E264CA5F8311-LeaderElection271
2023-08-18 03:37:13,723 [s0@group-E264CA5F8311-LeaderElection271] INFO  impl.LeaderElection (LeaderElection.java:askForVotes(320)) - s0@group-E264CA5F8311-LeaderElection271 PRE_VOTE round 0: submit vote requests at term 1 for 255: peers:[s0|rpc:localhost:39295|admin:localhost:44843|client:localhost:40991|dataStream:localhost:40677|priority:0|startupRole:FOLLOWER, s1|rpc:0.0.0.0:34459|dataStream:|priority:0|startupRole:FOLLOWER, s2|rpc:0.0.0.0:43137|dataStream:|priority:0|startupRole:FOLLOWER]|listeners:[], old=peers:[s0|rpc:localhost:39295|admin:localhost:44843|client:localhost:40991|dataStream:localhost:40677|priority:0|startupRole:FOLLOWER]|listeners:[]
2023-08-18 03:37:13,725 [grpc-default-executor-3] INFO  server.RaftServer$Division (RaftServerImpl.java:requestVote(1344)) - s1@group-E264CA5F8311: receive requestVote(PRE_VOTE, s0, group-E264CA5F8311, 1, (t:1, i:255))
2023-08-18 03:37:13,725 [grpc-default-executor-0] INFO  server.RaftServer$Division (RaftServerImpl.java:requestVote(1344)) - s2@group-E264CA5F8311: receive requestVote(PRE_VOTE, s0, group-E264CA5F8311, 1, (t:1, i:255))
2023-08-18 03:37:13,725 [grpc-default-executor-3] WARN  server.GrpcServerProtocolService (LogUtils.java:warn(122)) - s1: Failed requestVote s0->s1#0: org.apache.ratis.protocol.exceptions.ServerNotReadyException: s1@group-E264CA5F8311 is not in [RUNNING]: current state is STARTING
2023-08-18 03:37:13,725 [grpc-default-executor-0] WARN  server.GrpcServerProtocolService (LogUtils.java:warn(122)) - s2: Failed requestVote s0->s2#0: org.apache.ratis.protocol.exceptions.ServerNotReadyException: s2@group-E264CA5F8311 is not in [RUNNING]: current state is STARTING
2023-08-18 03:37:13,725 [s0@group-E264CA5F8311-LeaderElection271] INFO  impl.LeaderElection (LogUtils.java:infoOrTrace(137)) - s0@group-E264CA5F8311-LeaderElection271 got exception when requesting votes: java.util.concurrent.ExecutionException: org.apache.ratis.thirdparty.io.grpc.StatusRuntimeException: INTERNAL: s1@group-E264CA5F8311 is not in [RUNNING]: current state is STARTING
2023-08-18 03:37:13,725 [s0@group-E264CA5F8311-LeaderElection271] INFO  impl.LeaderElection (LogUtils.java:infoOrTrace(137)) - s0@group-E264CA5F8311-LeaderElection271 got exception when requesting votes: java.util.concurrent.ExecutionException: org.apache.ratis.thirdparty.io.grpc.StatusRuntimeException: INTERNAL: s2@group-E264CA5F8311 is not in [RUNNING]: current state is STARTING
2023-08-18 03:37:13,725 [s0@group-E264CA5F8311-LeaderElection271] INFO  impl.LeaderElection (LeaderElection.java:logAndReturn(89)) - s0@group-E264CA5F8311-LeaderElection271: PRE_VOTE REJECTED received 0 response(s) and 2 exception(s):
2023-08-18 03:37:13,725 [s0@group-E264CA5F8311-LeaderElection271] INFO  impl.LeaderElection (LogUtils.java:infoOrTrace(137)) -   Exception 0: java.util.concurrent.ExecutionException: org.apache.ratis.thirdparty.io.grpc.StatusRuntimeException: INTERNAL: s1@group-E264CA5F8311 is not in [RUNNING]: current state is STARTING
2023-08-18 03:37:13,725 [s0@group-E264CA5F8311-LeaderElection271] INFO  impl.LeaderElection (LogUtils.java:infoOrTrace(137)) -   Exception 1: java.util.concurrent.ExecutionException: org.apache.ratis.thirdparty.io.grpc.StatusRuntimeException: INTERNAL: s2@group-E264CA5F8311 is not in [RUNNING]: current state is STARTING
2023-08-18 03:37:13,725 [s0@group-E264CA5F8311-LeaderElection271] INFO  impl.LeaderElection (LeaderElection.java:askForVotes(322)) - s0@group-E264CA5F8311-LeaderElection271 PRE_VOTE round 0: result REJECTED
2023-08-18 03:37:13,725 [s0@group-E264CA5F8311-LeaderElection271] INFO  server.RaftServer$Division (RaftServerImpl.java:setRole(371)) - s0@group-E264CA5F8311: changes role from CANDIDATE to FOLLOWER at term 1 for REJECTED
2023-08-18 03:37:13,725 [s0@group-E264CA5F8311-LeaderElection271] INFO  impl.RoleInfo (RoleInfo.java:shutdownLeaderElection(129)) - s0: shutdown s0@group-E264CA5F8311-LeaderElection271
2023-08-18 03:37:13,725 [s0@group-E264CA5F8311-LeaderElection271] INFO  impl.RoleInfo (RoleInfo.java:updateAndGet(138)) - s0: start s0@group-E264CA5F8311-FollowerState
2023-08-18 03:37:13,811 [s0-server-thread1] INFO  server.RaftServer$Division (RaftServerImpl.java:setConfigurationAsync(1238)) - s0@group-E264CA5F8311: receive setConfiguration SetConfigurationRequest:client-255CF6B0DA3F->s0@group-E264CA5F8311, cid=386, seq=0, RW, null, SET_UNCONDITIONALLY, servers:[s1|rpc:0.0.0.0:34459|dataStream:|priority:0|startupRole:FOLLOWER, s2|rpc:0.0.0.0:43137|dataStream:|priority:0|startupRole:FOLLOWER, s0|rpc:localhost:39295|admin:localhost:44843|client:localhost:40991|dataStream:localhost:40677|priority:0|startupRole:FOLLOWER], listeners:[]
2023-08-18 03:37:13,916 [s1-server-thread1] INFO  server.RaftServer$Division (RaftServerImpl.java:setConfigurationAsync(1238)) - s1@group-E264CA5F8311: receive setConfiguration SetConfigurationRequest:client-255CF6B0DA3F->s1@group-E264CA5F8311, cid=386, seq=0, RW, null, SET_UNCONDITIONALLY, servers:[s1|rpc:0.0.0.0:34459|dataStream:|priority:0|startupRole:FOLLOWER, s2|rpc:0.0.0.0:43137|dataStream:|priority:0|startupRole:FOLLOWER, s0|rpc:localhost:39295|admin:localhost:44843|client:localhost:40991|dataStream:localhost:40677|priority:0|startupRole:FOLLOWER], listeners:[]
2023-08-18 03:37:13,989 [s0@group-E264CA5F8311-FollowerState] INFO  impl.FollowerState (FollowerState.java:run(143)) - s0@group-E264CA5F8311-FollowerState: change to CANDIDATE, lastRpcElapsedTime:263324078ns, electionTimeout:263ms
2023-08-18 03:37:13,989 [s0@group-E264CA5F8311-FollowerState] INFO  impl.RoleInfo (RoleInfo.java:shutdownFollowerState(109)) - s0: shutdown s0@group-E264CA5F8311-FollowerState
2023-08-18 03:37:13,989 [s0@group-E264CA5F8311-FollowerState] INFO  server.RaftServer$Division (RaftServerImpl.java:setRole(371)) - s0@group-E264CA5F8311: changes role from  FOLLOWER to CANDIDATE at term 1 for changeToCandidate
2023-08-18 03:37:13,989 [s0@group-E264CA5F8311-FollowerState] INFO  impl.SimpleStateMachine4Testing (SimpleStateMachine4Testing.java:notifyExtendedNoLeader(411)) - StateMachineWithMultiNestedSnapshotFile:s0:group-E264CA5F8311: notifyExtendedNoLeader group-E264CA5F8311, self {
  id: "s0"
  address: "localhost:39295"
  dataStreamAddress: "localhost:40677"
  clientAddress: "localhost:40991"
  adminAddress: "localhost:44843"
  startupRole: FOLLOWER
}
role: CANDIDATE
candidateInfo {
  lastLeaderElapsedTimeMs: 72273
}

2023-08-18 03:37:13,989 [s0@group-E264CA5F8311-FollowerState] INFO  server.RaftServerConfigKeys (ConfUtils.java:logGet(46)) - raft.server.leaderelection.pre-vote = true (default)
2023-08-18 03:37:13,989 [s0@group-E264CA5F8311-FollowerState] INFO  impl.RoleInfo (RoleInfo.java:updateAndGet(138)) - s0: start s0@group-E264CA5F8311-LeaderElection272
2023-08-18 03:37:13,989 [s0@group-E264CA5F8311-LeaderElection272] INFO  impl.LeaderElection (LeaderElection.java:askForVotes(320)) - s0@group-E264CA5F8311-LeaderElection272 PRE_VOTE round 0: submit vote requests at term 1 for 255: peers:[s0|rpc:localhost:39295|admin:localhost:44843|client:localhost:40991|dataStream:localhost:40677|priority:0|startupRole:FOLLOWER, s1|rpc:0.0.0.0:34459|dataStream:|priority:0|startupRole:FOLLOWER, s2|rpc:0.0.0.0:43137|dataStream:|priority:0|startupRole:FOLLOWER]|listeners:[], old=peers:[s0|rpc:localhost:39295|admin:localhost:44843|client:localhost:40991|dataStream:localhost:40677|priority:0|startupRole:FOLLOWER]|listeners:[]
2023-08-18 03:37:13,990 [grpc-default-executor-0] INFO  server.RaftServer$Division (RaftServerImpl.java:requestVote(1344)) - s1@group-E264CA5F8311: receive requestVote(PRE_VOTE, s0, group-E264CA5F8311, 1, (t:1, i:255))
2023-08-18 03:37:13,990 [grpc-default-executor-3] INFO  server.RaftServer$Division (RaftServerImpl.java:requestVote(1344)) - s2@group-E264CA5F8311: receive requestVote(PRE_VOTE, s0, group-E264CA5F8311, 1, (t:1, i:255))
2023-08-18 03:37:13,990 [grpc-default-executor-0] WARN  server.GrpcServerProtocolService (LogUtils.java:warn(122)) - s1: Failed requestVote s0->s1#0: org.apache.ratis.protocol.exceptions.ServerNotReadyException: s1@group-E264CA5F8311 is not in [RUNNING]: current state is STARTING
2023-08-18 03:37:13,990 [grpc-default-executor-3] WARN  server.GrpcServerProtocolService (LogUtils.java:warn(122)) - s2: Failed requestVote s0->s2#0: org.apache.ratis.protocol.exceptions.ServerNotReadyException: s2@group-E264CA5F8311 is not in [RUNNING]: current state is STARTING
2023-08-18 03:37:13,991 [s0@group-E264CA5F8311-LeaderElection272] INFO  impl.LeaderElection (LogUtils.java:infoOrTrace(137)) - s0@group-E264CA5F8311-LeaderElection272 got exception when requesting votes: java.util.concurrent.ExecutionException: org.apache.ratis.thirdparty.io.grpc.StatusRuntimeException: INTERNAL: s2@group-E264CA5F8311 is not in [RUNNING]: current state is STARTING
2023-08-18 03:37:13,991 [s0@group-E264CA5F8311-LeaderElection272] INFO  impl.LeaderElection (LogUtils.java:infoOrTrace(137)) - s0@group-E264CA5F8311-LeaderElection272 got exception when requesting votes: java.util.concurrent.ExecutionException: org.apache.ratis.thirdparty.io.grpc.StatusRuntimeException: INTERNAL: s1@group-E264CA5F8311 is not in [RUNNING]: current state is STARTING
2023-08-18 03:37:13,991 [s0@group-E264CA5F8311-LeaderElection272] INFO  impl.LeaderElection (LeaderElection.java:logAndReturn(89)) - s0@group-E264CA5F8311-LeaderElection272: PRE_VOTE REJECTED received 0 response(s) and 2 exception(s):
2023-08-18 03:37:13,991 [s0@group-E264CA5F8311-LeaderElection272] INFO  impl.LeaderElection (LogUtils.java:infoOrTrace(137)) -   Exception 0: java.util.concurrent.ExecutionException: org.apache.ratis.thirdparty.io.grpc.StatusRuntimeException: INTERNAL: s2@group-E264CA5F8311 is not in [RUNNING]: current state is STARTING
2023-08-18 03:37:13,991 [s0@group-E264CA5F8311-LeaderElection272] INFO  impl.LeaderElection (LogUtils.java:infoOrTrace(137)) -   Exception 1: java.util.concurrent.ExecutionException: org.apache.ratis.thirdparty.io.grpc.StatusRuntimeException: INTERNAL: s1@group-E264CA5F8311 is not in [RUNNING]: current state is STARTING
2023-08-18 03:37:13,991 [s0@group-E264CA5F8311-LeaderElection272] INFO  impl.LeaderElection (LeaderElection.java:askForVotes(322)) - s0@group-E264CA5F8311-LeaderElection272 PRE_VOTE round 0: result REJECTED
2023-08-18 03:37:13,991 [s0@group-E264CA5F8311-LeaderElection272] INFO  server.RaftServer$Division (RaftServerImpl.java:setRole(371)) - s0@group-E264CA5F8311: changes role from CANDIDATE to FOLLOWER at term 1 for REJECTED
2023-08-18 03:37:13,991 [s0@group-E264CA5F8311-LeaderElection272] INFO  impl.RoleInfo (RoleInfo.java:shutdownLeaderElection(129)) - s0: shutdown s0@group-E264CA5F8311-LeaderElection272
2023-08-18 03:37:13,991 [s0@group-E264CA5F8311-LeaderElection272] INFO  impl.RoleInfo (RoleInfo.java:updateAndGet(138)) - s0: start s0@group-E264CA5F8311-FollowerState
2023-08-18 03:37:14,020 [s0-server-thread1] INFO  server.RaftServer$Division (RaftServerImpl.java:setConfigurationAsync(1238)) - s0@group-E264CA5F8311: receive setConfiguration SetConfigurationRequest:client-255CF6B0DA3F->s0@group-E264CA5F8311, cid=386, seq=0, RW, null, SET_UNCONDITIONALLY, servers:[s1|rpc:0.0.0.0:34459|dataStream:|priority:0|startupRole:FOLLOWER, s2|rpc:0.0.0.0:43137|dataStream:|priority:0|startupRole:FOLLOWER, s0|rpc:localhost:39295|admin:localhost:44843|client:localhost:40991|dataStream:localhost:40677|priority:0|startupRole:FOLLOWER], listeners:[]
2023-08-18 03:37:14,123 [s1-server-thread1] INFO  server.RaftServer$Division (RaftServerImpl.java:setConfigurationAsync(1238)) - s1@group-E264CA5F8311: receive setConfiguration SetConfigurationRequest:client-255CF6B0DA3F->s1@group-E264CA5F8311, cid=386, seq=0, RW, null, SET_UNCONDITIONALLY, servers:[s1|rpc:0.0.0.0:34459|dataStream:|priority:0|startupRole:FOLLOWER, s2|rpc:0.0.0.0:43137|dataStream:|priority:0|startupRole:FOLLOWER, s0|rpc:localhost:39295|admin:localhost:44843|client:localhost:40991|dataStream:localhost:40677|priority:0|startupRole:FOLLOWER], listeners:[]
2023-08-18 03:37:14,186 [s0@group-E264CA5F8311-FollowerState] INFO  impl.FollowerState (FollowerState.java:run(143)) - s0@group-E264CA5F8311-FollowerState: change to CANDIDATE, lastRpcElapsedTime:195229097ns, electionTimeout:195ms
2023-08-18 03:37:14,187 [s0@group-E264CA5F8311-FollowerState] INFO  impl.RoleInfo (RoleInfo.java:shutdownFollowerState(109)) - s0: shutdown s0@group-E264CA5F8311-FollowerState
2023-08-18 03:37:14,187 [s0@group-E264CA5F8311-FollowerState] INFO  server.RaftServer$Division (RaftServerImpl.java:setRole(371)) - s0@group-E264CA5F8311: changes role from  FOLLOWER to CANDIDATE at term 1 for changeToCandidate
2023-08-18 03:37:14,187 [s0@group-E264CA5F8311-FollowerState] INFO  impl.SimpleStateMachine4Testing (SimpleStateMachine4Testing.java:notifyExtendedNoLeader(411)) - StateMachineWithMultiNestedSnapshotFile:s0:group-E264CA5F8311: notifyExtendedNoLeader group-E264CA5F8311, self {
  id: "s0"
  address: "localhost:39295"
  dataStreamAddress: "localhost:40677"
  clientAddress: "localhost:40991"
  adminAddress: "localhost:44843"
  startupRole: FOLLOWER
}
role: CANDIDATE
candidateInfo {
  lastLeaderElapsedTimeMs: 72470
}

2023-08-18 03:37:14,187 [s0@group-E264CA5F8311-FollowerState] INFO  server.RaftServerConfigKeys (ConfUtils.java:logGet(46)) - raft.server.leaderelection.pre-vote = true (default)
2023-08-18 03:37:14,187 [s0@group-E264CA5F8311-FollowerState] INFO  impl.RoleInfo (RoleInfo.java:updateAndGet(138)) - s0: start s0@group-E264CA5F8311-LeaderElection273
2023-08-18 03:37:14,187 [s0@group-E264CA5F8311-LeaderElection273] INFO  impl.LeaderElection (LeaderElection.java:askForVotes(320)) - s0@group-E264CA5F8311-LeaderElection273 PRE_VOTE round 0: submit vote requests at term 1 for 255: peers:[s0|rpc:localhost:39295|admin:localhost:44843|client:localhost:40991|dataStream:localhost:40677|priority:0|startupRole:FOLLOWER, s1|rpc:0.0.0.0:34459|dataStream:|priority:0|startupRole:FOLLOWER, s2|rpc:0.0.0.0:43137|dataStream:|priority:0|startupRole:FOLLOWER]|listeners:[], old=peers:[s0|rpc:localhost:39295|admin:localhost:44843|client:localhost:40991|dataStream:localhost:40677|priority:0|startupRole:FOLLOWER]|listeners:[]
2023-08-18 03:37:14,188 [grpc-default-executor-0] INFO  server.RaftServer$Division (RaftServerImpl.java:requestVote(1344)) - s1@group-E264CA5F8311: receive requestVote(PRE_VOTE, s0, group-E264CA5F8311, 1, (t:1, i:255))
2023-08-18 03:37:14,188 [grpc-default-executor-3] INFO  server.RaftServer$Division (RaftServerImpl.java:requestVote(1344)) - s2@group-E264CA5F8311: receive requestVote(PRE_VOTE, s0, group-E264CA5F8311, 1, (t:1, i:255))
2023-08-18 03:37:14,188 [grpc-default-executor-0] WARN  server.GrpcServerProtocolService (LogUtils.java:warn(122)) - s1: Failed requestVote s0->s1#0: org.apache.ratis.protocol.exceptions.ServerNotReadyException: s1@group-E264CA5F8311 is not in [RUNNING]: current state is STARTING
2023-08-18 03:37:14,188 [grpc-default-executor-3] WARN  server.GrpcServerProtocolService (LogUtils.java:warn(122)) - s2: Failed requestVote s0->s2#0: org.apache.ratis.protocol.exceptions.ServerNotReadyException: s2@group-E264CA5F8311 is not in [RUNNING]: current state is STARTING
2023-08-18 03:37:14,189 [s0@group-E264CA5F8311-LeaderElection273] INFO  impl.LeaderElection (LogUtils.java:infoOrTrace(137)) - s0@group-E264CA5F8311-LeaderElection273 got exception when requesting votes: java.util.concurrent.ExecutionException: org.apache.ratis.thirdparty.io.grpc.StatusRuntimeException: INTERNAL: s2@group-E264CA5F8311 is not in [RUNNING]: current state is STARTING
2023-08-18 03:37:14,189 [s0@group-E264CA5F8311-LeaderElection273] INFO  impl.LeaderElection (LogUtils.java:infoOrTrace(137)) - s0@group-E264CA5F8311-LeaderElection273 got exception when requesting votes: java.util.concurrent.ExecutionException: org.apache.ratis.thirdparty.io.grpc.StatusRuntimeException: INTERNAL: s1@group-E264CA5F8311 is not in [RUNNING]: current state is STARTING
2023-08-18 03:37:14,189 [s0@group-E264CA5F8311-LeaderElection273] INFO  impl.LeaderElection (LeaderElection.java:logAndReturn(89)) - s0@group-E264CA5F8311-LeaderElection273: PRE_VOTE REJECTED received 0 response(s) and 2 exception(s):
2023-08-18 03:37:14,189 [s0@group-E264CA5F8311-LeaderElection273] INFO  impl.LeaderElection (LogUtils.java:infoOrTrace(137)) -   Exception 0: java.util.concurrent.ExecutionException: org.apache.ratis.thirdparty.io.grpc.StatusRuntimeException: INTERNAL: s2@group-E264CA5F8311 is not in [RUNNING]: current state is STARTING
2023-08-18 03:37:14,189 [s0@group-E264CA5F8311-LeaderElection273] INFO  impl.LeaderElection (LogUtils.java:infoOrTrace(137)) -   Exception 1: java.util.concurrent.ExecutionException: org.apache.ratis.thirdparty.io.grpc.StatusRuntimeException: INTERNAL: s1@group-E264CA5F8311 is not in [RUNNING]: current state is STARTING
2023-08-18 03:37:14,189 [s0@group-E264CA5F8311-LeaderElection273] INFO  impl.LeaderElection (LeaderElection.java:askForVotes(322)) - s0@group-E264CA5F8311-LeaderElection273 PRE_VOTE round 0: result REJECTED
2023-08-18 03:37:14,189 [s0@group-E264CA5F8311-LeaderElection273] INFO  server.RaftServer$Division (RaftServerImpl.java:setRole(371)) - s0@group-E264CA5F8311: changes role from CANDIDATE to FOLLOWER at term 1 for REJECTED
2023-08-18 03:37:14,189 [s0@group-E264CA5F8311-LeaderElection273] INFO  impl.RoleInfo (RoleInfo.java:shutdownLeaderElection(129)) - s0: shutdown s0@group-E264CA5F8311-LeaderElection273
2023-08-18 03:37:14,189 [s0@group-E264CA5F8311-LeaderElection273] INFO  impl.RoleInfo (RoleInfo.java:updateAndGet(138)) - s0: start s0@group-E264CA5F8311-FollowerState
2023-08-18 03:37:14,227 [s0-server-thread1] INFO  server.RaftServer$Division (RaftServerImpl.java:setConfigurationAsync(1238)) - s0@group-E264CA5F8311: receive setConfiguration SetConfigurationRequest:client-255CF6B0DA3F->s0@group-E264CA5F8311, cid=386, seq=0, RW, null, SET_UNCONDITIONALLY, servers:[s1|rpc:0.0.0.0:34459|dataStream:|priority:0|startupRole:FOLLOWER, s2|rpc:0.0.0.0:43137|dataStream:|priority:0|startupRole:FOLLOWER, s0|rpc:localhost:39295|admin:localhost:44843|client:localhost:40991|dataStream:localhost:40677|priority:0|startupRole:FOLLOWER], listeners:[]
2023-08-18 03:37:14,330 [s1-server-thread1] INFO  server.RaftServer$Division (RaftServerImpl.java:setConfigurationAsync(1238)) - s1@group-E264CA5F8311: receive setConfiguration SetConfigurationRequest:client-255CF6B0DA3F->s1@group-E264CA5F8311, cid=386, seq=0, RW, null, SET_UNCONDITIONALLY, servers:[s1|rpc:0.0.0.0:34459|dataStream:|priority:0|startupRole:FOLLOWER, s2|rpc:0.0.0.0:43137|dataStream:|priority:0|startupRole:FOLLOWER, s0|rpc:localhost:39295|admin:localhost:44843|client:localhost:40991|dataStream:localhost:40677|priority:0|startupRole:FOLLOWER], listeners:[]
2023-08-18 03:37:14,419 [s0@group-E264CA5F8311-FollowerState] INFO  impl.FollowerState (FollowerState.java:run(143)) - s0@group-E264CA5F8311-FollowerState: change to CANDIDATE, lastRpcElapsedTime:230202882ns, electionTimeout:230ms
2023-08-18 03:37:14,419 [s0@group-E264CA5F8311-FollowerState] INFO  impl.RoleInfo (RoleInfo.java:shutdownFollowerState(109)) - s0: shutdown s0@group-E264CA5F8311-FollowerState
2023-08-18 03:37:14,419 [s0@group-E264CA5F8311-FollowerState] INFO  server.RaftServer$Division (RaftServerImpl.java:setRole(371)) - s0@group-E264CA5F8311: changes role from  FOLLOWER to CANDIDATE at term 1 for changeToCandidate
2023-08-18 03:37:14,419 [s0@group-E264CA5F8311-FollowerState] INFO  impl.SimpleStateMachine4Testing (SimpleStateMachine4Testing.java:notifyExtendedNoLeader(411)) - StateMachineWithMultiNestedSnapshotFile:s0:group-E264CA5F8311: notifyExtendedNoLeader group-E264CA5F8311, self {
  id: "s0"
  address: "localhost:39295"
  dataStreamAddress: "localhost:40677"
  clientAddress: "localhost:40991"
  adminAddress: "localhost:44843"
  startupRole: FOLLOWER
}
role: CANDIDATE
candidateInfo {
  lastLeaderElapsedTimeMs: 72703
}

2023-08-18 03:37:14,419 [s0@group-E264CA5F8311-FollowerState] INFO  server.RaftServerConfigKeys (ConfUtils.java:logGet(46)) - raft.server.leaderelection.pre-vote = true (default)
2023-08-18 03:37:14,419 [s0@group-E264CA5F8311-FollowerState] INFO  impl.RoleInfo (RoleInfo.java:updateAndGet(138)) - s0: start s0@group-E264CA5F8311-LeaderElection274
2023-08-18 03:37:14,420 [s0@group-E264CA5F8311-LeaderElection274] INFO  impl.LeaderElection (LeaderElection.java:askForVotes(320)) - s0@group-E264CA5F8311-LeaderElection274 PRE_VOTE round 0: submit vote requests at term 1 for 255: peers:[s0|rpc:localhost:39295|admin:localhost:44843|client:localhost:40991|dataStream:localhost:40677|priority:0|startupRole:FOLLOWER, s1|rpc:0.0.0.0:34459|dataStream:|priority:0|startupRole:FOLLOWER, s2|rpc:0.0.0.0:43137|dataStream:|priority:0|startupRole:FOLLOWER]|listeners:[], old=peers:[s0|rpc:localhost:39295|admin:localhost:44843|client:localhost:40991|dataStream:localhost:40677|priority:0|startupRole:FOLLOWER]|listeners:[]
2023-08-18 03:37:14,421 [grpc-default-executor-3] INFO  server.RaftServer$Division (RaftServerImpl.java:requestVote(1344)) - s1@group-E264CA5F8311: receive requestVote(PRE_VOTE, s0, group-E264CA5F8311, 1, (t:1, i:255))
2023-08-18 03:37:14,421 [grpc-default-executor-0] INFO  server.RaftServer$Division (RaftServerImpl.java:requestVote(1344)) - s2@group-E264CA5F8311: receive requestVote(PRE_VOTE, s0, group-E264CA5F8311, 1, (t:1, i:255))
2023-08-18 03:37:14,421 [grpc-default-executor-3] WARN  server.GrpcServerProtocolService (LogUtils.java:warn(122)) - s1: Failed requestVote s0->s1#0: org.apache.ratis.protocol.exceptions.ServerNotReadyException: s1@group-E264CA5F8311 is not in [RUNNING]: current state is STARTING
2023-08-18 03:37:14,421 [grpc-default-executor-0] WARN  server.GrpcServerProtocolService (LogUtils.java:warn(122)) - s2: Failed requestVote s0->s2#0: org.apache.ratis.protocol.exceptions.ServerNotReadyException: s2@group-E264CA5F8311 is not in [RUNNING]: current state is STARTING
2023-08-18 03:37:14,421 [s0@group-E264CA5F8311-LeaderElection274] INFO  impl.LeaderElection (LogUtils.java:infoOrTrace(137)) - s0@group-E264CA5F8311-LeaderElection274 got exception when requesting votes: java.util.concurrent.ExecutionException: org.apache.ratis.thirdparty.io.grpc.StatusRuntimeException: INTERNAL: s1@group-E264CA5F8311 is not in [RUNNING]: current state is STARTING
2023-08-18 03:37:14,421 [s0@group-E264CA5F8311-LeaderElection274] INFO  impl.LeaderElection (LogUtils.java:infoOrTrace(137)) - s0@group-E264CA5F8311-LeaderElection274 got exception when requesting votes: java.util.concurrent.ExecutionException: org.apache.ratis.thirdparty.io.grpc.StatusRuntimeException: INTERNAL: s2@group-E264CA5F8311 is not in [RUNNING]: current state is STARTING
2023-08-18 03:37:14,421 [s0@group-E264CA5F8311-LeaderElection274] INFO  impl.LeaderElection (LeaderElection.java:logAndReturn(89)) - s0@group-E264CA5F8311-LeaderElection274: PRE_VOTE REJECTED received 0 response(s) and 2 exception(s):
2023-08-18 03:37:14,421 [s0@group-E264CA5F8311-LeaderElection274] INFO  impl.LeaderElection (LogUtils.java:infoOrTrace(137)) -   Exception 0: java.util.concurrent.ExecutionException: org.apache.ratis.thirdparty.io.grpc.StatusRuntimeException: INTERNAL: s1@group-E264CA5F8311 is not in [RUNNING]: current state is STARTING
2023-08-18 03:37:14,421 [s0@group-E264CA5F8311-LeaderElection274] INFO  impl.LeaderElection (LogUtils.java:infoOrTrace(137)) -   Exception 1: java.util.concurrent.ExecutionException: org.apache.ratis.thirdparty.io.grpc.StatusRuntimeException: INTERNAL: s2@group-E264CA5F8311 is not in [RUNNING]: current state is STARTING
2023-08-18 03:37:14,421 [s0@group-E264CA5F8311-LeaderElection274] INFO  impl.LeaderElection (LeaderElection.java:askForVotes(322)) - s0@group-E264CA5F8311-LeaderElection274 PRE_VOTE round 0: result REJECTED
2023-08-18 03:37:14,421 [s0@group-E264CA5F8311-LeaderElection274] INFO  server.RaftServer$Division (RaftServerImpl.java:setRole(371)) - s0@group-E264CA5F8311: changes role from CANDIDATE to FOLLOWER at term 1 for REJECTED
2023-08-18 03:37:14,421 [s0@group-E264CA5F8311-LeaderElection274] INFO  impl.RoleInfo (RoleInfo.java:shutdownLeaderElection(129)) - s0: shutdown s0@group-E264CA5F8311-LeaderElection274
2023-08-18 03:37:14,421 [s0@group-E264CA5F8311-LeaderElection274] INFO  impl.RoleInfo (RoleInfo.java:updateAndGet(138)) - s0: start s0@group-E264CA5F8311-FollowerState
2023-08-18 03:37:14,433 [s2-server-thread1] INFO  server.RaftServer$Division (RaftServerImpl.java:setConfigurationAsync(1238)) - s2@group-E264CA5F8311: receive setConfiguration SetConfigurationRequest:client-255CF6B0DA3F->s2@group-E264CA5F8311, cid=386, seq=0, RW, null, SET_UNCONDITIONALLY, servers:[s1|rpc:0.0.0.0:34459|dataStream:|priority:0|startupRole:FOLLOWER, s2|rpc:0.0.0.0:43137|dataStream:|priority:0|startupRole:FOLLOWER, s0|rpc:localhost:39295|admin:localhost:44843|client:localhost:40991|dataStream:localhost:40677|priority:0|startupRole:FOLLOWER], listeners:[]
2023-08-18 03:37:14,536 [s1-server-thread1] INFO  server.RaftServer$Division (RaftServerImpl.java:setConfigurationAsync(1238)) - s1@group-E264CA5F8311: receive setConfiguration SetConfigurationRequest:client-255CF6B0DA3F->s1@group-E264CA5F8311, cid=386, seq=0, RW, null, SET_UNCONDITIONALLY, servers:[s1|rpc:0.0.0.0:34459|dataStream:|priority:0|startupRole:FOLLOWER, s2|rpc:0.0.0.0:43137|dataStream:|priority:0|startupRole:FOLLOWER, s0|rpc:localhost:39295|admin:localhost:44843|client:localhost:40991|dataStream:localhost:40677|priority:0|startupRole:FOLLOWER], listeners:[]
2023-08-18 03:37:14,575 [s0@group-E264CA5F8311-FollowerState] INFO  impl.FollowerState (FollowerState.java:run(143)) - s0@group-E264CA5F8311-FollowerState: change to CANDIDATE, lastRpcElapsedTime:153278956ns, electionTimeout:153ms
2023-08-18 03:37:14,575 [s0@group-E264CA5F8311-FollowerState] INFO  impl.RoleInfo (RoleInfo.java:shutdownFollowerState(109)) - s0: shutdown s0@group-E264CA5F8311-FollowerState
2023-08-18 03:37:14,575 [s0@group-E264CA5F8311-FollowerState] INFO  server.RaftServer$Division (RaftServerImpl.java:setRole(371)) - s0@group-E264CA5F8311: changes role from  FOLLOWER to CANDIDATE at term 1 for changeToCandidate
2023-08-18 03:37:14,575 [s0@group-E264CA5F8311-FollowerState] INFO  impl.SimpleStateMachine4Testing (SimpleStateMachine4Testing.java:notifyExtendedNoLeader(411)) - StateMachineWithMultiNestedSnapshotFile:s0:group-E264CA5F8311: notifyExtendedNoLeader group-E264CA5F8311, self {
  id: "s0"
  address: "localhost:39295"
  dataStreamAddress: "localhost:40677"
  clientAddress: "localhost:40991"
  adminAddress: "localhost:44843"
  startupRole: FOLLOWER
}
role: CANDIDATE
candidateInfo {
  lastLeaderElapsedTimeMs: 72858
}

2023-08-18 03:37:14,575 [s0@group-E264CA5F8311-FollowerState] INFO  server.RaftServerConfigKeys (ConfUtils.java:logGet(46)) - raft.server.leaderelection.pre-vote = true (default)
2023-08-18 03:37:14,575 [s0@group-E264CA5F8311-FollowerState] INFO  impl.RoleInfo (RoleInfo.java:updateAndGet(138)) - s0: start s0@group-E264CA5F8311-LeaderElection275
2023-08-18 03:37:14,575 [s0@group-E264CA5F8311-LeaderElection275] INFO  impl.LeaderElection (LeaderElection.java:askForVotes(320)) - s0@group-E264CA5F8311-LeaderElection275 PRE_VOTE round 0: submit vote requests at term 1 for 255: peers:[s0|rpc:localhost:39295|admin:localhost:44843|client:localhost:40991|dataStream:localhost:40677|priority:0|startupRole:FOLLOWER, s1|rpc:0.0.0.0:34459|dataStream:|priority:0|startupRole:FOLLOWER, s2|rpc:0.0.0.0:43137|dataStream:|priority:0|startupRole:FOLLOWER]|listeners:[], old=peers:[s0|rpc:localhost:39295|admin:localhost:44843|client:localhost:40991|dataStream:localhost:40677|priority:0|startupRole:FOLLOWER]|listeners:[]
2023-08-18 03:37:14,576 [grpc-default-executor-3] INFO  server.RaftServer$Division (RaftServerImpl.java:requestVote(1344)) - s1@group-E264CA5F8311: receive requestVote(PRE_VOTE, s0, group-E264CA5F8311, 1, (t:1, i:255))
2023-08-18 03:37:14,576 [grpc-default-executor-3] WARN  server.GrpcServerProtocolService (LogUtils.java:warn(122)) - s1: Failed requestVote s0->s1#0: org.apache.ratis.protocol.exceptions.ServerNotReadyException: s1@group-E264CA5F8311 is not in [RUNNING]: current state is STARTING
2023-08-18 03:37:14,576 [grpc-default-executor-0] INFO  server.RaftServer$Division (RaftServerImpl.java:requestVote(1344)) - s2@group-E264CA5F8311: receive requestVote(PRE_VOTE, s0, group-E264CA5F8311, 1, (t:1, i:255))
2023-08-18 03:37:14,576 [grpc-default-executor-0] WARN  server.GrpcServerProtocolService (LogUtils.java:warn(122)) - s2: Failed requestVote s0->s2#0: org.apache.ratis.protocol.exceptions.ServerNotReadyException: s2@group-E264CA5F8311 is not in [RUNNING]: current state is STARTING
2023-08-18 03:37:14,577 [s0@group-E264CA5F8311-LeaderElection275] INFO  impl.LeaderElection (LogUtils.java:infoOrTrace(137)) - s0@group-E264CA5F8311-LeaderElection275 got exception when requesting votes: java.util.concurrent.ExecutionException: org.apache.ratis.thirdparty.io.grpc.StatusRuntimeException: INTERNAL: s1@group-E264CA5F8311 is not in [RUNNING]: current state is STARTING
2023-08-18 03:37:14,577 [s0@group-E264CA5F8311-LeaderElection275] INFO  impl.LeaderElection (LogUtils.java:infoOrTrace(137)) - s0@group-E264CA5F8311-LeaderElection275 got exception when requesting votes: java.util.concurrent.ExecutionException: org.apache.ratis.thirdparty.io.grpc.StatusRuntimeException: INTERNAL: s2@group-E264CA5F8311 is not in [RUNNING]: current state is STARTING
2023-08-18 03:37:14,577 [s0@group-E264CA5F8311-LeaderElection275] INFO  impl.LeaderElection (LeaderElection.java:logAndReturn(89)) - s0@group-E264CA5F8311-LeaderElection275: PRE_VOTE REJECTED received 0 response(s) and 2 exception(s):
2023-08-18 03:37:14,577 [s0@group-E264CA5F8311-LeaderElection275] INFO  impl.LeaderElection (LogUtils.java:infoOrTrace(137)) -   Exception 0: java.util.concurrent.ExecutionException: org.apache.ratis.thirdparty.io.grpc.StatusRuntimeException: INTERNAL: s1@group-E264CA5F8311 is not in [RUNNING]: current state is STARTING
2023-08-18 03:37:14,577 [s0@group-E264CA5F8311-LeaderElection275] INFO  impl.LeaderElection (LogUtils.java:infoOrTrace(137)) -   Exception 1: java.util.concurrent.ExecutionException: org.apache.ratis.thirdparty.io.grpc.StatusRuntimeException: INTERNAL: s2@group-E264CA5F8311 is not in [RUNNING]: current state is STARTING
2023-08-18 03:37:14,577 [s0@group-E264CA5F8311-LeaderElection275] INFO  impl.LeaderElection (LeaderElection.java:askForVotes(322)) - s0@group-E264CA5F8311-LeaderElection275 PRE_VOTE round 0: result REJECTED
2023-08-18 03:37:14,577 [s0@group-E264CA5F8311-LeaderElection275] INFO  server.RaftServer$Division (RaftServerImpl.java:setRole(371)) - s0@group-E264CA5F8311: changes role from CANDIDATE to FOLLOWER at term 1 for REJECTED
2023-08-18 03:37:14,577 [s0@group-E264CA5F8311-LeaderElection275] INFO  impl.RoleInfo (RoleInfo.java:shutdownLeaderElection(129)) - s0: shutdown s0@group-E264CA5F8311-LeaderElection275
2023-08-18 03:37:14,577 [s0@group-E264CA5F8311-LeaderElection275] INFO  impl.RoleInfo (RoleInfo.java:updateAndGet(138)) - s0: start s0@group-E264CA5F8311-FollowerState
2023-08-18 03:37:14,640 [s2-server-thread1] INFO  server.RaftServer$Division (RaftServerImpl.java:setConfigurationAsync(1238)) - s2@group-E264CA5F8311: receive setConfiguration SetConfigurationRequest:client-255CF6B0DA3F->s2@group-E264CA5F8311, cid=386, seq=0, RW, null, SET_UNCONDITIONALLY, servers:[s1|rpc:0.0.0.0:34459|dataStream:|priority:0|startupRole:FOLLOWER, s2|rpc:0.0.0.0:43137|dataStream:|priority:0|startupRole:FOLLOWER, s0|rpc:localhost:39295|admin:localhost:44843|client:localhost:40991|dataStream:localhost:40677|priority:0|startupRole:FOLLOWER], listeners:[]
2023-08-18 03:37:14,743 [s0-server-thread1] INFO  server.RaftServer$Division (RaftServerImpl.java:setConfigurationAsync(1238)) - s0@group-E264CA5F8311: receive setConfiguration SetConfigurationRequest:client-255CF6B0DA3F->s0@group-E264CA5F8311, cid=386, seq=0, RW, null, SET_UNCONDITIONALLY, servers:[s1|rpc:0.0.0.0:34459|dataStream:|priority:0|startupRole:FOLLOWER, s2|rpc:0.0.0.0:43137|dataStream:|priority:0|startupRole:FOLLOWER, s0|rpc:localhost:39295|admin:localhost:44843|client:localhost:40991|dataStream:localhost:40677|priority:0|startupRole:FOLLOWER], listeners:[]
2023-08-18 03:37:14,847 [s2-server-thread1] INFO  server.RaftServer$Division (RaftServerImpl.java:setConfigurationAsync(1238)) - s2@group-E264CA5F8311: receive setConfiguration SetConfigurationRequest:client-255CF6B0DA3F->s2@group-E264CA5F8311, cid=386, seq=0, RW, null, SET_UNCONDITIONALLY, servers:[s1|rpc:0.0.0.0:34459|dataStream:|priority:0|startupRole:FOLLOWER, s2|rpc:0.0.0.0:43137|dataStream:|priority:0|startupRole:FOLLOWER, s0|rpc:localhost:39295|admin:localhost:44843|client:localhost:40991|dataStream:localhost:40677|priority:0|startupRole:FOLLOWER], listeners:[]
2023-08-18 03:37:14,860 [s0@group-E264CA5F8311-FollowerState] INFO  impl.FollowerState (FollowerState.java:run(143)) - s0@group-E264CA5F8311-FollowerState: change to CANDIDATE, lastRpcElapsedTime:283229455ns, electionTimeout:283ms
2023-08-18 03:37:14,860 [s0@group-E264CA5F8311-FollowerState] INFO  impl.RoleInfo (RoleInfo.java:shutdownFollowerState(109)) - s0: shutdown s0@group-E264CA5F8311-FollowerState
2023-08-18 03:37:14,860 [s0@group-E264CA5F8311-FollowerState] INFO  server.RaftServer$Division (RaftServerImpl.java:setRole(371)) - s0@group-E264CA5F8311: changes role from  FOLLOWER to CANDIDATE at term 1 for changeToCandidate
2023-08-18 03:37:14,861 [s0@group-E264CA5F8311-FollowerState] INFO  impl.SimpleStateMachine4Testing (SimpleStateMachine4Testing.java:notifyExtendedNoLeader(411)) - StateMachineWithMultiNestedSnapshotFile:s0:group-E264CA5F8311: notifyExtendedNoLeader group-E264CA5F8311, self {
  id: "s0"
  address: "localhost:39295"
  dataStreamAddress: "localhost:40677"
  clientAddress: "localhost:40991"
  adminAddress: "localhost:44843"
  startupRole: FOLLOWER
}
role: CANDIDATE
candidateInfo {
  lastLeaderElapsedTimeMs: 73144
}

2023-08-18 03:37:14,861 [s0@group-E264CA5F8311-FollowerState] INFO  server.RaftServerConfigKeys (ConfUtils.java:logGet(46)) - raft.server.leaderelection.pre-vote = true (default)
2023-08-18 03:37:14,861 [s0@group-E264CA5F8311-FollowerState] INFO  impl.RoleInfo (RoleInfo.java:updateAndGet(138)) - s0: start s0@group-E264CA5F8311-LeaderElection276
2023-08-18 03:37:14,861 [s0@group-E264CA5F8311-LeaderElection276] INFO  impl.LeaderElection (LeaderElection.java:askForVotes(320)) - s0@group-E264CA5F8311-LeaderElection276 PRE_VOTE round 0: submit vote requests at term 1 for 255: peers:[s0|rpc:localhost:39295|admin:localhost:44843|client:localhost:40991|dataStream:localhost:40677|priority:0|startupRole:FOLLOWER, s1|rpc:0.0.0.0:34459|dataStream:|priority:0|startupRole:FOLLOWER, s2|rpc:0.0.0.0:43137|dataStream:|priority:0|startupRole:FOLLOWER]|listeners:[], old=peers:[s0|rpc:localhost:39295|admin:localhost:44843|client:localhost:40991|dataStream:localhost:40677|priority:0|startupRole:FOLLOWER]|listeners:[]
2023-08-18 03:37:14,862 [grpc-default-executor-3] INFO  server.RaftServer$Division (RaftServerImpl.java:requestVote(1344)) - s1@group-E264CA5F8311: receive requestVote(PRE_VOTE, s0, group-E264CA5F8311, 1, (t:1, i:255))
2023-08-18 03:37:14,862 [grpc-default-executor-3] WARN  server.GrpcServerProtocolService (LogUtils.java:warn(122)) - s1: Failed requestVote s0->s1#0: org.apache.ratis.protocol.exceptions.ServerNotReadyException: s1@group-E264CA5F8311 is not in [RUNNING]: current state is STARTING
2023-08-18 03:37:14,862 [grpc-default-executor-0] INFO  server.RaftServer$Division (RaftServerImpl.java:requestVote(1344)) - s2@group-E264CA5F8311: receive requestVote(PRE_VOTE, s0, group-E264CA5F8311, 1, (t:1, i:255))
2023-08-18 03:37:14,862 [grpc-default-executor-0] WARN  server.GrpcServerProtocolService (LogUtils.java:warn(122)) - s2: Failed requestVote s0->s2#0: org.apache.ratis.protocol.exceptions.ServerNotReadyException: s2@group-E264CA5F8311 is not in [RUNNING]: current state is STARTING
2023-08-18 03:37:14,862 [s0@group-E264CA5F8311-LeaderElection276] INFO  impl.LeaderElection (LogUtils.java:infoOrTrace(137)) - s0@group-E264CA5F8311-LeaderElection276 got exception when requesting votes: java.util.concurrent.ExecutionException: org.apache.ratis.thirdparty.io.grpc.StatusRuntimeException: INTERNAL: s1@group-E264CA5F8311 is not in [RUNNING]: current state is STARTING
2023-08-18 03:37:14,862 [s0@group-E264CA5F8311-LeaderElection276] INFO  impl.LeaderElection (LogUtils.java:infoOrTrace(137)) - s0@group-E264CA5F8311-LeaderElection276 got exception when requesting votes: java.util.concurrent.ExecutionException: org.apache.ratis.thirdparty.io.grpc.StatusRuntimeException: INTERNAL: s2@group-E264CA5F8311 is not in [RUNNING]: current state is STARTING
2023-08-18 03:37:14,862 [s0@group-E264CA5F8311-LeaderElection276] INFO  impl.LeaderElection (LeaderElection.java:logAndReturn(89)) - s0@group-E264CA5F8311-LeaderElection276: PRE_VOTE REJECTED received 0 response(s) and 2 exception(s):
2023-08-18 03:37:14,862 [s0@group-E264CA5F8311-LeaderElection276] INFO  impl.LeaderElection (LogUtils.java:infoOrTrace(137)) -   Exception 0: java.util.concurrent.ExecutionException: org.apache.ratis.thirdparty.io.grpc.StatusRuntimeException: INTERNAL: s1@group-E264CA5F8311 is not in [RUNNING]: current state is STARTING
2023-08-18 03:37:14,862 [s0@group-E264CA5F8311-LeaderElection276] INFO  impl.LeaderElection (LogUtils.java:infoOrTrace(137)) -   Exception 1: java.util.concurrent.ExecutionException: org.apache.ratis.thirdparty.io.grpc.StatusRuntimeException: INTERNAL: s2@group-E264CA5F8311 is not in [RUNNING]: current state is STARTING
2023-08-18 03:37:14,862 [s0@group-E264CA5F8311-LeaderElection276] INFO  impl.LeaderElection (LeaderElection.java:askForVotes(322)) - s0@group-E264CA5F8311-LeaderElection276 PRE_VOTE round 0: result REJECTED
2023-08-18 03:37:14,862 [s0@group-E264CA5F8311-LeaderElection276] INFO  server.RaftServer$Division (RaftServerImpl.java:setRole(371)) - s0@group-E264CA5F8311: changes role from CANDIDATE to FOLLOWER at term 1 for REJECTED
2023-08-18 03:37:14,862 [s0@group-E264CA5F8311-LeaderElection276] INFO  impl.RoleInfo (RoleInfo.java:shutdownLeaderElection(129)) - s0: shutdown s0@group-E264CA5F8311-LeaderElection276
2023-08-18 03:37:14,862 [s0@group-E264CA5F8311-LeaderElection276] INFO  impl.RoleInfo (RoleInfo.java:updateAndGet(138)) - s0: start s0@group-E264CA5F8311-FollowerState
2023-08-18 03:37:14,950 [s0-server-thread1] INFO  server.RaftServer$Division (RaftServerImpl.java:setConfigurationAsync(1238)) - s0@group-E264CA5F8311: receive setConfiguration SetConfigurationRequest:client-255CF6B0DA3F->s0@group-E264CA5F8311, cid=386, seq=0, RW, null, SET_UNCONDITIONALLY, servers:[s1|rpc:0.0.0.0:34459|dataStream:|priority:0|startupRole:FOLLOWER, s2|rpc:0.0.0.0:43137|dataStream:|priority:0|startupRole:FOLLOWER, s0|rpc:localhost:39295|admin:localhost:44843|client:localhost:40991|dataStream:localhost:40677|priority:0|startupRole:FOLLOWER], listeners:[]
2023-08-18 03:37:15,053 [s1-server-thread1] INFO  server.RaftServer$Division (RaftServerImpl.java:setConfigurationAsync(1238)) - s1@group-E264CA5F8311: receive setConfiguration SetConfigurationRequest:client-255CF6B0DA3F->s1@group-E264CA5F8311, cid=386, seq=0, RW, null, SET_UNCONDITIONALLY, servers:[s1|rpc:0.0.0.0:34459|dataStream:|priority:0|startupRole:FOLLOWER, s2|rpc:0.0.0.0:43137|dataStream:|priority:0|startupRole:FOLLOWER, s0|rpc:localhost:39295|admin:localhost:44843|client:localhost:40991|dataStream:localhost:40677|priority:0|startupRole:FOLLOWER], listeners:[]
2023-08-18 03:37:15,083 [s0@group-E264CA5F8311-FollowerState] INFO  impl.FollowerState (FollowerState.java:run(143)) - s0@group-E264CA5F8311-FollowerState: change to CANDIDATE, lastRpcElapsedTime:220208944ns, electionTimeout:220ms
2023-08-18 03:37:15,083 [s0@group-E264CA5F8311-FollowerState] INFO  impl.RoleInfo (RoleInfo.java:shutdownFollowerState(109)) - s0: shutdown s0@group-E264CA5F8311-FollowerState
2023-08-18 03:37:15,083 [s0@group-E264CA5F8311-FollowerState] INFO  server.RaftServer$Division (RaftServerImpl.java:setRole(371)) - s0@group-E264CA5F8311: changes role from  FOLLOWER to CANDIDATE at term 1 for changeToCandidate
2023-08-18 03:37:15,083 [s0@group-E264CA5F8311-FollowerState] INFO  impl.SimpleStateMachine4Testing (SimpleStateMachine4Testing.java:notifyExtendedNoLeader(411)) - StateMachineWithMultiNestedSnapshotFile:s0:group-E264CA5F8311: notifyExtendedNoLeader group-E264CA5F8311, self {
  id: "s0"
  address: "localhost:39295"
  dataStreamAddress: "localhost:40677"
  clientAddress: "localhost:40991"
  adminAddress: "localhost:44843"
  startupRole: FOLLOWER
}
role: CANDIDATE
candidateInfo {
  lastLeaderElapsedTimeMs: 73367
}

2023-08-18 03:37:15,083 [s0@group-E264CA5F8311-FollowerState] INFO  server.RaftServerConfigKeys (ConfUtils.java:logGet(46)) - raft.server.leaderelection.pre-vote = true (default)
2023-08-18 03:37:15,083 [s0@group-E264CA5F8311-FollowerState] INFO  impl.RoleInfo (RoleInfo.java:updateAndGet(138)) - s0: start s0@group-E264CA5F8311-LeaderElection277
2023-08-18 03:37:15,083 [s0@group-E264CA5F8311-LeaderElection277] INFO  impl.LeaderElection (LeaderElection.java:askForVotes(320)) - s0@group-E264CA5F8311-LeaderElection277 PRE_VOTE round 0: submit vote requests at term 1 for 255: peers:[s0|rpc:localhost:39295|admin:localhost:44843|client:localhost:40991|dataStream:localhost:40677|priority:0|startupRole:FOLLOWER, s1|rpc:0.0.0.0:34459|dataStream:|priority:0|startupRole:FOLLOWER, s2|rpc:0.0.0.0:43137|dataStream:|priority:0|startupRole:FOLLOWER]|listeners:[], old=peers:[s0|rpc:localhost:39295|admin:localhost:44843|client:localhost:40991|dataStream:localhost:40677|priority:0|startupRole:FOLLOWER]|listeners:[]
2023-08-18 03:37:15,084 [grpc-default-executor-3] INFO  server.RaftServer$Division (RaftServerImpl.java:requestVote(1344)) - s1@group-E264CA5F8311: receive requestVote(PRE_VOTE, s0, group-E264CA5F8311, 1, (t:1, i:255))
2023-08-18 03:37:15,084 [grpc-default-executor-0] INFO  server.RaftServer$Division (RaftServerImpl.java:requestVote(1344)) - s2@group-E264CA5F8311: receive requestVote(PRE_VOTE, s0, group-E264CA5F8311, 1, (t:1, i:255))
2023-08-18 03:37:15,084 [grpc-default-executor-3] WARN  server.GrpcServerProtocolService (LogUtils.java:warn(122)) - s1: Failed requestVote s0->s1#0: org.apache.ratis.protocol.exceptions.ServerNotReadyException: s1@group-E264CA5F8311 is not in [RUNNING]: current state is STARTING
2023-08-18 03:37:15,084 [grpc-default-executor-0] WARN  server.GrpcServerProtocolService (LogUtils.java:warn(122)) - s2: Failed requestVote s0->s2#0: org.apache.ratis.protocol.exceptions.ServerNotReadyException: s2@group-E264CA5F8311 is not in [RUNNING]: current state is STARTING
2023-08-18 03:37:15,085 [s0@group-E264CA5F8311-LeaderElection277] INFO  impl.LeaderElection (LogUtils.java:infoOrTrace(137)) - s0@group-E264CA5F8311-LeaderElection277 got exception when requesting votes: java.util.concurrent.ExecutionException: org.apache.ratis.thirdparty.io.grpc.StatusRuntimeException: INTERNAL: s2@group-E264CA5F8311 is not in [RUNNING]: current state is STARTING
2023-08-18 03:37:15,085 [s0@group-E264CA5F8311-LeaderElection277] INFO  impl.LeaderElection (LogUtils.java:infoOrTrace(137)) - s0@group-E264CA5F8311-LeaderElection277 got exception when requesting votes: java.util.concurrent.ExecutionException: org.apache.ratis.thirdparty.io.grpc.StatusRuntimeException: INTERNAL: s1@group-E264CA5F8311 is not in [RUNNING]: current state is STARTING
2023-08-18 03:37:15,085 [s0@group-E264CA5F8311-LeaderElection277] INFO  impl.LeaderElection (LeaderElection.java:logAndReturn(89)) - s0@group-E264CA5F8311-LeaderElection277: PRE_VOTE REJECTED received 0 response(s) and 2 exception(s):
2023-08-18 03:37:15,085 [s0@group-E264CA5F8311-LeaderElection277] INFO  impl.LeaderElection (LogUtils.java:infoOrTrace(137)) -   Exception 0: java.util.concurrent.ExecutionException: org.apache.ratis.thirdparty.io.grpc.StatusRuntimeException: INTERNAL: s2@group-E264CA5F8311 is not in [RUNNING]: current state is STARTING
2023-08-18 03:37:15,085 [s0@group-E264CA5F8311-LeaderElection277] INFO  impl.LeaderElection (LogUtils.java:infoOrTrace(137)) -   Exception 1: java.util.concurrent.ExecutionException: org.apache.ratis.thirdparty.io.grpc.StatusRuntimeException: INTERNAL: s1@group-E264CA5F8311 is not in [RUNNING]: current state is STARTING
2023-08-18 03:37:15,085 [s0@group-E264CA5F8311-LeaderElection277] INFO  impl.LeaderElection (LeaderElection.java:askForVotes(322)) - s0@group-E264CA5F8311-LeaderElection277 PRE_VOTE round 0: result REJECTED
2023-08-18 03:37:15,085 [s0@group-E264CA5F8311-LeaderElection277] INFO  server.RaftServer$Division (RaftServerImpl.java:setRole(371)) - s0@group-E264CA5F8311: changes role from CANDIDATE to FOLLOWER at term 1 for REJECTED
2023-08-18 03:37:15,085 [s0@group-E264CA5F8311-LeaderElection277] INFO  impl.RoleInfo (RoleInfo.java:shutdownLeaderElection(129)) - s0: shutdown s0@group-E264CA5F8311-LeaderElection277
2023-08-18 03:37:15,085 [s0@group-E264CA5F8311-LeaderElection277] INFO  impl.RoleInfo (RoleInfo.java:updateAndGet(138)) - s0: start s0@group-E264CA5F8311-FollowerState
2023-08-18 03:37:15,157 [s2-server-thread1] INFO  server.RaftServer$Division (RaftServerImpl.java:setConfigurationAsync(1238)) - s2@group-E264CA5F8311: receive setConfiguration SetConfigurationRequest:client-255CF6B0DA3F->s2@group-E264CA5F8311, cid=386, seq=0, RW, null, SET_UNCONDITIONALLY, servers:[s1|rpc:0.0.0.0:34459|dataStream:|priority:0|startupRole:FOLLOWER, s2|rpc:0.0.0.0:43137|dataStream:|priority:0|startupRole:FOLLOWER, s0|rpc:localhost:39295|admin:localhost:44843|client:localhost:40991|dataStream:localhost:40677|priority:0|startupRole:FOLLOWER], listeners:[]
2023-08-18 03:37:15,261 [s0-server-thread1] INFO  server.RaftServer$Division (RaftServerImpl.java:setConfigurationAsync(1238)) - s0@group-E264CA5F8311: receive setConfiguration SetConfigurationRequest:client-255CF6B0DA3F->s0@group-E264CA5F8311, cid=386, seq=0, RW, null, SET_UNCONDITIONALLY, servers:[s1|rpc:0.0.0.0:34459|dataStream:|priority:0|startupRole:FOLLOWER, s2|rpc:0.0.0.0:43137|dataStream:|priority:0|startupRole:FOLLOWER, s0|rpc:localhost:39295|admin:localhost:44843|client:localhost:40991|dataStream:localhost:40677|priority:0|startupRole:FOLLOWER], listeners:[]
2023-08-18 03:37:15,321 [s0@group-E264CA5F8311-FollowerState] INFO  impl.FollowerState (FollowerState.java:run(143)) - s0@group-E264CA5F8311-FollowerState: change to CANDIDATE, lastRpcElapsedTime:236347244ns, electionTimeout:236ms
2023-08-18 03:37:15,322 [s0@group-E264CA5F8311-FollowerState] INFO  impl.RoleInfo (RoleInfo.java:shutdownFollowerState(109)) - s0: shutdown s0@group-E264CA5F8311-FollowerState
2023-08-18 03:37:15,322 [s0@group-E264CA5F8311-FollowerState] INFO  server.RaftServer$Division (RaftServerImpl.java:setRole(371)) - s0@group-E264CA5F8311: changes role from  FOLLOWER to CANDIDATE at term 1 for changeToCandidate
2023-08-18 03:37:15,322 [s0@group-E264CA5F8311-FollowerState] INFO  impl.SimpleStateMachine4Testing (SimpleStateMachine4Testing.java:notifyExtendedNoLeader(411)) - StateMachineWithMultiNestedSnapshotFile:s0:group-E264CA5F8311: notifyExtendedNoLeader group-E264CA5F8311, self {
  id: "s0"
  address: "localhost:39295"
  dataStreamAddress: "localhost:40677"
  clientAddress: "localhost:40991"
  adminAddress: "localhost:44843"
  startupRole: FOLLOWER
}
role: CANDIDATE
candidateInfo {
  lastLeaderElapsedTimeMs: 73605
}

2023-08-18 03:37:15,322 [s0@group-E264CA5F8311-FollowerState] INFO  server.RaftServerConfigKeys (ConfUtils.java:logGet(46)) - raft.server.leaderelection.pre-vote = true (default)
2023-08-18 03:37:15,322 [s0@group-E264CA5F8311-FollowerState] INFO  impl.RoleInfo (RoleInfo.java:updateAndGet(138)) - s0: start s0@group-E264CA5F8311-LeaderElection278
2023-08-18 03:37:15,322 [s0@group-E264CA5F8311-LeaderElection278] INFO  impl.LeaderElection (LeaderElection.java:askForVotes(320)) - s0@group-E264CA5F8311-LeaderElection278 PRE_VOTE round 0: submit vote requests at term 1 for 255: peers:[s0|rpc:localhost:39295|admin:localhost:44843|client:localhost:40991|dataStream:localhost:40677|priority:0|startupRole:FOLLOWER, s1|rpc:0.0.0.0:34459|dataStream:|priority:0|startupRole:FOLLOWER, s2|rpc:0.0.0.0:43137|dataStream:|priority:0|startupRole:FOLLOWER]|listeners:[], old=peers:[s0|rpc:localhost:39295|admin:localhost:44843|client:localhost:40991|dataStream:localhost:40677|priority:0|startupRole:FOLLOWER]|listeners:[]
2023-08-18 03:37:15,323 [grpc-default-executor-0] INFO  server.RaftServer$Division (RaftServerImpl.java:requestVote(1344)) - s1@group-E264CA5F8311: receive requestVote(PRE_VOTE, s0, group-E264CA5F8311, 1, (t:1, i:255))
2023-08-18 03:37:15,323 [grpc-default-executor-0] WARN  server.GrpcServerProtocolService (LogUtils.java:warn(122)) - s1: Failed requestVote s0->s1#0: org.apache.ratis.protocol.exceptions.ServerNotReadyException: s1@group-E264CA5F8311 is not in [RUNNING]: current state is STARTING
2023-08-18 03:37:15,324 [grpc-default-executor-0] INFO  server.RaftServer$Division (RaftServerImpl.java:requestVote(1344)) - s2@group-E264CA5F8311: receive requestVote(PRE_VOTE, s0, group-E264CA5F8311, 1, (t:1, i:255))
2023-08-18 03:37:15,324 [grpc-default-executor-0] WARN  server.GrpcServerProtocolService (LogUtils.java:warn(122)) - s2: Failed requestVote s0->s2#0: org.apache.ratis.protocol.exceptions.ServerNotReadyException: s2@group-E264CA5F8311 is not in [RUNNING]: current state is STARTING
2023-08-18 03:37:15,324 [s0@group-E264CA5F8311-LeaderElection278] INFO  impl.LeaderElection (LogUtils.java:infoOrTrace(137)) - s0@group-E264CA5F8311-LeaderElection278 got exception when requesting votes: java.util.concurrent.ExecutionException: org.apache.ratis.thirdparty.io.grpc.StatusRuntimeException: INTERNAL: s1@group-E264CA5F8311 is not in [RUNNING]: current state is STARTING
2023-08-18 03:37:15,324 [s0@group-E264CA5F8311-LeaderElection278] INFO  impl.LeaderElection (LogUtils.java:infoOrTrace(137)) - s0@group-E264CA5F8311-LeaderElection278 got exception when requesting votes: java.util.concurrent.ExecutionException: org.apache.ratis.thirdparty.io.grpc.StatusRuntimeException: INTERNAL: s2@group-E264CA5F8311 is not in [RUNNING]: current state is STARTING
2023-08-18 03:37:15,324 [s0@group-E264CA5F8311-LeaderElection278] INFO  impl.LeaderElection (LeaderElection.java:logAndReturn(89)) - s0@group-E264CA5F8311-LeaderElection278: PRE_VOTE REJECTED received 0 response(s) and 2 exception(s):
2023-08-18 03:37:15,324 [s0@group-E264CA5F8311-LeaderElection278] INFO  impl.LeaderElection (LogUtils.java:infoOrTrace(137)) -   Exception 0: java.util.concurrent.ExecutionException: org.apache.ratis.thirdparty.io.grpc.StatusRuntimeException: INTERNAL: s1@group-E264CA5F8311 is not in [RUNNING]: current state is STARTING
2023-08-18 03:37:15,324 [s0@group-E264CA5F8311-LeaderElection278] INFO  impl.LeaderElection (LogUtils.java:infoOrTrace(137)) -   Exception 1: java.util.concurrent.ExecutionException: org.apache.ratis.thirdparty.io.grpc.StatusRuntimeException: INTERNAL: s2@group-E264CA5F8311 is not in [RUNNING]: current state is STARTING
2023-08-18 03:37:15,324 [s0@group-E264CA5F8311-LeaderElection278] INFO  impl.LeaderElection (LeaderElection.java:askForVotes(322)) - s0@group-E264CA5F8311-LeaderElection278 PRE_VOTE round 0: result REJECTED
2023-08-18 03:37:15,324 [s0@group-E264CA5F8311-LeaderElection278] INFO  server.RaftServer$Division (RaftServerImpl.java:setRole(371)) - s0@group-E264CA5F8311: changes role from CANDIDATE to FOLLOWER at term 1 for REJECTED
2023-08-18 03:37:15,324 [s0@group-E264CA5F8311-LeaderElection278] INFO  impl.RoleInfo (RoleInfo.java:shutdownLeaderElection(129)) - s0: shutdown s0@group-E264CA5F8311-LeaderElection278
2023-08-18 03:37:15,324 [s0@group-E264CA5F8311-LeaderElection278] INFO  impl.RoleInfo (RoleInfo.java:updateAndGet(138)) - s0: start s0@group-E264CA5F8311-FollowerState
2023-08-18 03:37:15,364 [s1-server-thread1] INFO  server.RaftServer$Division (RaftServerImpl.java:setConfigurationAsync(1238)) - s1@group-E264CA5F8311: receive setConfiguration SetConfigurationRequest:client-255CF6B0DA3F->s1@group-E264CA5F8311, cid=386, seq=0, RW, null, SET_UNCONDITIONALLY, servers:[s1|rpc:0.0.0.0:34459|dataStream:|priority:0|startupRole:FOLLOWER, s2|rpc:0.0.0.0:43137|dataStream:|priority:0|startupRole:FOLLOWER, s0|rpc:localhost:39295|admin:localhost:44843|client:localhost:40991|dataStream:localhost:40677|priority:0|startupRole:FOLLOWER], listeners:[]
2023-08-18 03:37:15,468 [s0-server-thread1] INFO  server.RaftServer$Division (RaftServerImpl.java:setConfigurationAsync(1238)) - s0@group-E264CA5F8311: receive setConfiguration SetConfigurationRequest:client-255CF6B0DA3F->s0@group-E264CA5F8311, cid=386, seq=0, RW, null, SET_UNCONDITIONALLY, servers:[s1|rpc:0.0.0.0:34459|dataStream:|priority:0|startupRole:FOLLOWER, s2|rpc:0.0.0.0:43137|dataStream:|priority:0|startupRole:FOLLOWER, s0|rpc:localhost:39295|admin:localhost:44843|client:localhost:40991|dataStream:localhost:40677|priority:0|startupRole:FOLLOWER], listeners:[]
2023-08-18 03:37:15,571 [s1-server-thread1] INFO  server.RaftServer$Division (RaftServerImpl.java:setConfigurationAsync(1238)) - s1@group-E264CA5F8311: receive setConfiguration SetConfigurationRequest:client-255CF6B0DA3F->s1@group-E264CA5F8311, cid=386, seq=0, RW, null, SET_UNCONDITIONALLY, servers:[s1|rpc:0.0.0.0:34459|dataStream:|priority:0|startupRole:FOLLOWER, s2|rpc:0.0.0.0:43137|dataStream:|priority:0|startupRole:FOLLOWER, s0|rpc:localhost:39295|admin:localhost:44843|client:localhost:40991|dataStream:localhost:40677|priority:0|startupRole:FOLLOWER], listeners:[]
2023-08-18 03:37:15,608 [s0@group-E264CA5F8311-FollowerState] INFO  impl.FollowerState (FollowerState.java:run(143)) - s0@group-E264CA5F8311-FollowerState: change to CANDIDATE, lastRpcElapsedTime:283417754ns, electionTimeout:283ms
2023-08-18 03:37:15,608 [s0@group-E264CA5F8311-FollowerState] INFO  impl.RoleInfo (RoleInfo.java:shutdownFollowerState(109)) - s0: shutdown s0@group-E264CA5F8311-FollowerState
2023-08-18 03:37:15,608 [s0@group-E264CA5F8311-FollowerState] INFO  server.RaftServer$Division (RaftServerImpl.java:setRole(371)) - s0@group-E264CA5F8311: changes role from  FOLLOWER to CANDIDATE at term 1 for changeToCandidate
2023-08-18 03:37:15,608 [s0@group-E264CA5F8311-FollowerState] INFO  impl.SimpleStateMachine4Testing (SimpleStateMachine4Testing.java:notifyExtendedNoLeader(411)) - StateMachineWithMultiNestedSnapshotFile:s0:group-E264CA5F8311: notifyExtendedNoLeader group-E264CA5F8311, self {
  id: "s0"
  address: "localhost:39295"
  dataStreamAddress: "localhost:40677"
  clientAddress: "localhost:40991"
  adminAddress: "localhost:44843"
  startupRole: FOLLOWER
}
role: CANDIDATE
candidateInfo {
  lastLeaderElapsedTimeMs: 73892
}

2023-08-18 03:37:15,608 [s0@group-E264CA5F8311-FollowerState] INFO  server.RaftServerConfigKeys (ConfUtils.java:logGet(46)) - raft.server.leaderelection.pre-vote = true (default)
2023-08-18 03:37:15,608 [s0@group-E264CA5F8311-FollowerState] INFO  impl.RoleInfo (RoleInfo.java:updateAndGet(138)) - s0: start s0@group-E264CA5F8311-LeaderElection279
2023-08-18 03:37:15,608 [s0@group-E264CA5F8311-LeaderElection279] INFO  impl.LeaderElection (LeaderElection.java:askForVotes(320)) - s0@group-E264CA5F8311-LeaderElection279 PRE_VOTE round 0: submit vote requests at term 1 for 255: peers:[s0|rpc:localhost:39295|admin:localhost:44843|client:localhost:40991|dataStream:localhost:40677|priority:0|startupRole:FOLLOWER, s1|rpc:0.0.0.0:34459|dataStream:|priority:0|startupRole:FOLLOWER, s2|rpc:0.0.0.0:43137|dataStream:|priority:0|startupRole:FOLLOWER]|listeners:[], old=peers:[s0|rpc:localhost:39295|admin:localhost:44843|client:localhost:40991|dataStream:localhost:40677|priority:0|startupRole:FOLLOWER]|listeners:[]
2023-08-18 03:37:15,609 [grpc-default-executor-0] INFO  server.RaftServer$Division (RaftServerImpl.java:requestVote(1344)) - s1@group-E264CA5F8311: receive requestVote(PRE_VOTE, s0, group-E264CA5F8311, 1, (t:1, i:255))
2023-08-18 03:37:15,609 [grpc-default-executor-3] INFO  server.RaftServer$Division (RaftServerImpl.java:requestVote(1344)) - s2@group-E264CA5F8311: receive requestVote(PRE_VOTE, s0, group-E264CA5F8311, 1, (t:1, i:255))
2023-08-18 03:37:15,609 [grpc-default-executor-0] WARN  server.GrpcServerProtocolService (LogUtils.java:warn(122)) - s1: Failed requestVote s0->s1#0: org.apache.ratis.protocol.exceptions.ServerNotReadyException: s1@group-E264CA5F8311 is not in [RUNNING]: current state is STARTING
2023-08-18 03:37:15,609 [grpc-default-executor-3] WARN  server.GrpcServerProtocolService (LogUtils.java:warn(122)) - s2: Failed requestVote s0->s2#0: org.apache.ratis.protocol.exceptions.ServerNotReadyException: s2@group-E264CA5F8311 is not in [RUNNING]: current state is STARTING
2023-08-18 03:37:15,610 [s0@group-E264CA5F8311-LeaderElection279] INFO  impl.LeaderElection (LogUtils.java:infoOrTrace(137)) - s0@group-E264CA5F8311-LeaderElection279 got exception when requesting votes: java.util.concurrent.ExecutionException: org.apache.ratis.thirdparty.io.grpc.StatusRuntimeException: INTERNAL: s1@group-E264CA5F8311 is not in [RUNNING]: current state is STARTING
2023-08-18 03:37:15,610 [s0@group-E264CA5F8311-LeaderElection279] INFO  impl.LeaderElection (LogUtils.java:infoOrTrace(137)) - s0@group-E264CA5F8311-LeaderElection279 got exception when requesting votes: java.util.concurrent.ExecutionException: org.apache.ratis.thirdparty.io.grpc.StatusRuntimeException: INTERNAL: s2@group-E264CA5F8311 is not in [RUNNING]: current state is STARTING
2023-08-18 03:37:15,610 [s0@group-E264CA5F8311-LeaderElection279] INFO  impl.LeaderElection (LeaderElection.java:logAndReturn(89)) - s0@group-E264CA5F8311-LeaderElection279: PRE_VOTE REJECTED received 0 response(s) and 2 exception(s):
2023-08-18 03:37:15,610 [s0@group-E264CA5F8311-LeaderElection279] INFO  impl.LeaderElection (LogUtils.java:infoOrTrace(137)) -   Exception 0: java.util.concurrent.ExecutionException: org.apache.ratis.thirdparty.io.grpc.StatusRuntimeException: INTERNAL: s1@group-E264CA5F8311 is not in [RUNNING]: current state is STARTING
2023-08-18 03:37:15,610 [s0@group-E264CA5F8311-LeaderElection279] INFO  impl.LeaderElection (LogUtils.java:infoOrTrace(137)) -   Exception 1: java.util.concurrent.ExecutionException: org.apache.ratis.thirdparty.io.grpc.StatusRuntimeException: INTERNAL: s2@group-E264CA5F8311 is not in [RUNNING]: current state is STARTING
2023-08-18 03:37:15,610 [s0@group-E264CA5F8311-LeaderElection279] INFO  impl.LeaderElection (LeaderElection.java:askForVotes(322)) - s0@group-E264CA5F8311-LeaderElection279 PRE_VOTE round 0: result REJECTED
2023-08-18 03:37:15,610 [s0@group-E264CA5F8311-LeaderElection279] INFO  server.RaftServer$Division (RaftServerImpl.java:setRole(371)) - s0@group-E264CA5F8311: changes role from CANDIDATE to FOLLOWER at term 1 for REJECTED
2023-08-18 03:37:15,610 [s0@group-E264CA5F8311-LeaderElection279] INFO  impl.RoleInfo (RoleInfo.java:shutdownLeaderElection(129)) - s0: shutdown s0@group-E264CA5F8311-LeaderElection279
2023-08-18 03:37:15,610 [s0@group-E264CA5F8311-LeaderElection279] INFO  impl.RoleInfo (RoleInfo.java:updateAndGet(138)) - s0: start s0@group-E264CA5F8311-FollowerState
2023-08-18 03:37:15,674 [s0-server-thread1] INFO  server.RaftServer$Division (RaftServerImpl.java:setConfigurationAsync(1238)) - s0@group-E264CA5F8311: receive setConfiguration SetConfigurationRequest:client-255CF6B0DA3F->s0@group-E264CA5F8311, cid=386, seq=0, RW, null, SET_UNCONDITIONALLY, servers:[s1|rpc:0.0.0.0:34459|dataStream:|priority:0|startupRole:FOLLOWER, s2|rpc:0.0.0.0:43137|dataStream:|priority:0|startupRole:FOLLOWER, s0|rpc:localhost:39295|admin:localhost:44843|client:localhost:40991|dataStream:localhost:40677|priority:0|startupRole:FOLLOWER], listeners:[]
2023-08-18 03:37:15,778 [s2-server-thread1] INFO  server.RaftServer$Division (RaftServerImpl.java:setConfigurationAsync(1238)) - s2@group-E264CA5F8311: receive setConfiguration SetConfigurationRequest:client-255CF6B0DA3F->s2@group-E264CA5F8311, cid=386, seq=0, RW, null, SET_UNCONDITIONALLY, servers:[s1|rpc:0.0.0.0:34459|dataStream:|priority:0|startupRole:FOLLOWER, s2|rpc:0.0.0.0:43137|dataStream:|priority:0|startupRole:FOLLOWER, s0|rpc:localhost:39295|admin:localhost:44843|client:localhost:40991|dataStream:localhost:40677|priority:0|startupRole:FOLLOWER], listeners:[]
2023-08-18 03:37:15,882 [s1-server-thread1] INFO  server.RaftServer$Division (RaftServerImpl.java:setConfigurationAsync(1238)) - s1@group-E264CA5F8311: receive setConfiguration SetConfigurationRequest:client-255CF6B0DA3F->s1@group-E264CA5F8311, cid=386, seq=0, RW, null, SET_UNCONDITIONALLY, servers:[s1|rpc:0.0.0.0:34459|dataStream:|priority:0|startupRole:FOLLOWER, s2|rpc:0.0.0.0:43137|dataStream:|priority:0|startupRole:FOLLOWER, s0|rpc:localhost:39295|admin:localhost:44843|client:localhost:40991|dataStream:localhost:40677|priority:0|startupRole:FOLLOWER], listeners:[]
2023-08-18 03:37:15,886 [s0@group-E264CA5F8311-FollowerState] INFO  impl.FollowerState (FollowerState.java:run(143)) - s0@group-E264CA5F8311-FollowerState: change to CANDIDATE, lastRpcElapsedTime:276296598ns, electionTimeout:276ms
2023-08-18 03:37:15,886 [s0@group-E264CA5F8311-FollowerState] INFO  impl.RoleInfo (RoleInfo.java:shutdownFollowerState(109)) - s0: shutdown s0@group-E264CA5F8311-FollowerState
2023-08-18 03:37:15,886 [s0@group-E264CA5F8311-FollowerState] INFO  server.RaftServer$Division (RaftServerImpl.java:setRole(371)) - s0@group-E264CA5F8311: changes role from  FOLLOWER to CANDIDATE at term 1 for changeToCandidate
2023-08-18 03:37:15,887 [s0@group-E264CA5F8311-FollowerState] INFO  impl.SimpleStateMachine4Testing (SimpleStateMachine4Testing.java:notifyExtendedNoLeader(411)) - StateMachineWithMultiNestedSnapshotFile:s0:group-E264CA5F8311: notifyExtendedNoLeader group-E264CA5F8311, self {
  id: "s0"
  address: "localhost:39295"
  dataStreamAddress: "localhost:40677"
  clientAddress: "localhost:40991"
  adminAddress: "localhost:44843"
  startupRole: FOLLOWER
}
role: CANDIDATE
candidateInfo {
  lastLeaderElapsedTimeMs: 74170
}

2023-08-18 03:37:15,887 [s0@group-E264CA5F8311-FollowerState] INFO  server.RaftServerConfigKeys (ConfUtils.java:logGet(46)) - raft.server.leaderelection.pre-vote = true (default)
2023-08-18 03:37:15,887 [s0@group-E264CA5F8311-FollowerState] INFO  impl.RoleInfo (RoleInfo.java:updateAndGet(138)) - s0: start s0@group-E264CA5F8311-LeaderElection280
2023-08-18 03:37:15,887 [s0@group-E264CA5F8311-LeaderElection280] INFO  impl.LeaderElection (LeaderElection.java:askForVotes(320)) - s0@group-E264CA5F8311-LeaderElection280 PRE_VOTE round 0: submit vote requests at term 1 for 255: peers:[s0|rpc:localhost:39295|admin:localhost:44843|client:localhost:40991|dataStream:localhost:40677|priority:0|startupRole:FOLLOWER, s1|rpc:0.0.0.0:34459|dataStream:|priority:0|startupRole:FOLLOWER, s2|rpc:0.0.0.0:43137|dataStream:|priority:0|startupRole:FOLLOWER]|listeners:[], old=peers:[s0|rpc:localhost:39295|admin:localhost:44843|client:localhost:40991|dataStream:localhost:40677|priority:0|startupRole:FOLLOWER]|listeners:[]
2023-08-18 03:37:15,888 [grpc-default-executor-0] INFO  server.RaftServer$Division (RaftServerImpl.java:requestVote(1344)) - s2@group-E264CA5F8311: receive requestVote(PRE_VOTE, s0, group-E264CA5F8311, 1, (t:1, i:255))
2023-08-18 03:37:15,888 [grpc-default-executor-0] WARN  server.GrpcServerProtocolService (LogUtils.java:warn(122)) - s2: Failed requestVote s0->s2#0: org.apache.ratis.protocol.exceptions.ServerNotReadyException: s2@group-E264CA5F8311 is not in [RUNNING]: current state is STARTING
2023-08-18 03:37:15,888 [grpc-default-executor-0] INFO  server.RaftServer$Division (RaftServerImpl.java:requestVote(1344)) - s1@group-E264CA5F8311: receive requestVote(PRE_VOTE, s0, group-E264CA5F8311, 1, (t:1, i:255))
2023-08-18 03:37:15,888 [grpc-default-executor-0] WARN  server.GrpcServerProtocolService (LogUtils.java:warn(122)) - s1: Failed requestVote s0->s1#0: org.apache.ratis.protocol.exceptions.ServerNotReadyException: s1@group-E264CA5F8311 is not in [RUNNING]: current state is STARTING
2023-08-18 03:37:15,888 [s0@group-E264CA5F8311-LeaderElection280] INFO  impl.LeaderElection (LogUtils.java:infoOrTrace(137)) - s0@group-E264CA5F8311-LeaderElection280 got exception when requesting votes: java.util.concurrent.ExecutionException: org.apache.ratis.thirdparty.io.grpc.StatusRuntimeException: INTERNAL: s2@group-E264CA5F8311 is not in [RUNNING]: current state is STARTING
2023-08-18 03:37:15,888 [s0@group-E264CA5F8311-LeaderElection280] INFO  impl.LeaderElection (LogUtils.java:infoOrTrace(137)) - s0@group-E264CA5F8311-LeaderElection280 got exception when requesting votes: java.util.concurrent.ExecutionException: org.apache.ratis.thirdparty.io.grpc.StatusRuntimeException: INTERNAL: s1@group-E264CA5F8311 is not in [RUNNING]: current state is STARTING
2023-08-18 03:37:15,888 [s0@group-E264CA5F8311-LeaderElection280] INFO  impl.LeaderElection (LeaderElection.java:logAndReturn(89)) - s0@group-E264CA5F8311-LeaderElection280: PRE_VOTE REJECTED received 0 response(s) and 2 exception(s):
2023-08-18 03:37:15,888 [s0@group-E264CA5F8311-LeaderElection280] INFO  impl.LeaderElection (LogUtils.java:infoOrTrace(137)) -   Exception 0: java.util.concurrent.ExecutionException: org.apache.ratis.thirdparty.io.grpc.StatusRuntimeException: INTERNAL: s2@group-E264CA5F8311 is not in [RUNNING]: current state is STARTING
2023-08-18 03:37:15,888 [s0@group-E264CA5F8311-LeaderElection280] INFO  impl.LeaderElection (LogUtils.java:infoOrTrace(137)) -   Exception 1: java.util.concurrent.ExecutionException: org.apache.ratis.thirdparty.io.grpc.StatusRuntimeException: INTERNAL: s1@group-E264CA5F8311 is not in [RUNNING]: current state is STARTING
2023-08-18 03:37:15,888 [s0@group-E264CA5F8311-LeaderElection280] INFO  impl.LeaderElection (LeaderElection.java:askForVotes(322)) - s0@group-E264CA5F8311-LeaderElection280 PRE_VOTE round 0: result REJECTED
2023-08-18 03:37:15,888 [s0@group-E264CA5F8311-LeaderElection280] INFO  server.RaftServer$Division (RaftServerImpl.java:setRole(371)) - s0@group-E264CA5F8311: changes role from CANDIDATE to FOLLOWER at term 1 for REJECTED
2023-08-18 03:37:15,888 [s0@group-E264CA5F8311-LeaderElection280] INFO  impl.RoleInfo (RoleInfo.java:shutdownLeaderElection(129)) - s0: shutdown s0@group-E264CA5F8311-LeaderElection280
2023-08-18 03:37:15,888 [s0@group-E264CA5F8311-LeaderElection280] INFO  impl.RoleInfo (RoleInfo.java:updateAndGet(138)) - s0: start s0@group-E264CA5F8311-FollowerState
2023-08-18 03:37:15,985 [s2-server-thread1] INFO  server.RaftServer$Division (RaftServerImpl.java:setConfigurationAsync(1238)) - s2@group-E264CA5F8311: receive setConfiguration SetConfigurationRequest:client-255CF6B0DA3F->s2@group-E264CA5F8311, cid=386, seq=0, RW, null, SET_UNCONDITIONALLY, servers:[s1|rpc:0.0.0.0:34459|dataStream:|priority:0|startupRole:FOLLOWER, s2|rpc:0.0.0.0:43137|dataStream:|priority:0|startupRole:FOLLOWER, s0|rpc:localhost:39295|admin:localhost:44843|client:localhost:40991|dataStream:localhost:40677|priority:0|startupRole:FOLLOWER], listeners:[]
2023-08-18 03:37:16,089 [s1-server-thread1] INFO  server.RaftServer$Division (RaftServerImpl.java:setConfigurationAsync(1238)) - s1@group-E264CA5F8311: receive setConfiguration SetConfigurationRequest:client-255CF6B0DA3F->s1@group-E264CA5F8311, cid=386, seq=0, RW, null, SET_UNCONDITIONALLY, servers:[s1|rpc:0.0.0.0:34459|dataStream:|priority:0|startupRole:FOLLOWER, s2|rpc:0.0.0.0:43137|dataStream:|priority:0|startupRole:FOLLOWER, s0|rpc:localhost:39295|admin:localhost:44843|client:localhost:40991|dataStream:localhost:40677|priority:0|startupRole:FOLLOWER], listeners:[]
2023-08-18 03:37:16,138 [s0@group-E264CA5F8311-FollowerState] INFO  impl.FollowerState (FollowerState.java:run(143)) - s0@group-E264CA5F8311-FollowerState: change to CANDIDATE, lastRpcElapsedTime:249273065ns, electionTimeout:249ms
2023-08-18 03:37:16,138 [s0@group-E264CA5F8311-FollowerState] INFO  impl.RoleInfo (RoleInfo.java:shutdownFollowerState(109)) - s0: shutdown s0@group-E264CA5F8311-FollowerState
2023-08-18 03:37:16,138 [s0@group-E264CA5F8311-FollowerState] INFO  server.RaftServer$Division (RaftServerImpl.java:setRole(371)) - s0@group-E264CA5F8311: changes role from  FOLLOWER to CANDIDATE at term 1 for changeToCandidate
2023-08-18 03:37:16,138 [s0@group-E264CA5F8311-FollowerState] INFO  impl.SimpleStateMachine4Testing (SimpleStateMachine4Testing.java:notifyExtendedNoLeader(411)) - StateMachineWithMultiNestedSnapshotFile:s0:group-E264CA5F8311: notifyExtendedNoLeader group-E264CA5F8311, self {
  id: "s0"
  address: "localhost:39295"
  dataStreamAddress: "localhost:40677"
  clientAddress: "localhost:40991"
  adminAddress: "localhost:44843"
  startupRole: FOLLOWER
}
role: CANDIDATE
candidateInfo {
  lastLeaderElapsedTimeMs: 74422
}

2023-08-18 03:37:16,138 [s0@group-E264CA5F8311-FollowerState] INFO  server.RaftServerConfigKeys (ConfUtils.java:logGet(46)) - raft.server.leaderelection.pre-vote = true (default)
2023-08-18 03:37:16,138 [s0@group-E264CA5F8311-FollowerState] INFO  impl.RoleInfo (RoleInfo.java:updateAndGet(138)) - s0: start s0@group-E264CA5F8311-LeaderElection281
2023-08-18 03:37:16,139 [s0@group-E264CA5F8311-LeaderElection281] INFO  impl.LeaderElection (LeaderElection.java:askForVotes(320)) - s0@group-E264CA5F8311-LeaderElection281 PRE_VOTE round 0: submit vote requests at term 1 for 255: peers:[s0|rpc:localhost:39295|admin:localhost:44843|client:localhost:40991|dataStream:localhost:40677|priority:0|startupRole:FOLLOWER, s1|rpc:0.0.0.0:34459|dataStream:|priority:0|startupRole:FOLLOWER, s2|rpc:0.0.0.0:43137|dataStream:|priority:0|startupRole:FOLLOWER]|listeners:[], old=peers:[s0|rpc:localhost:39295|admin:localhost:44843|client:localhost:40991|dataStream:localhost:40677|priority:0|startupRole:FOLLOWER]|listeners:[]
2023-08-18 03:37:16,140 [grpc-default-executor-3] INFO  server.RaftServer$Division (RaftServerImpl.java:requestVote(1344)) - s1@group-E264CA5F8311: receive requestVote(PRE_VOTE, s0, group-E264CA5F8311, 1, (t:1, i:255))
2023-08-18 03:37:16,140 [grpc-default-executor-0] INFO  server.RaftServer$Division (RaftServerImpl.java:requestVote(1344)) - s2@group-E264CA5F8311: receive requestVote(PRE_VOTE, s0, group-E264CA5F8311, 1, (t:1, i:255))
2023-08-18 03:37:16,140 [grpc-default-executor-3] WARN  server.GrpcServerProtocolService (LogUtils.java:warn(122)) - s1: Failed requestVote s0->s1#0: org.apache.ratis.protocol.exceptions.ServerNotReadyException: s1@group-E264CA5F8311 is not in [RUNNING]: current state is STARTING
2023-08-18 03:37:16,140 [grpc-default-executor-0] WARN  server.GrpcServerProtocolService (LogUtils.java:warn(122)) - s2: Failed requestVote s0->s2#0: org.apache.ratis.protocol.exceptions.ServerNotReadyException: s2@group-E264CA5F8311 is not in [RUNNING]: current state is STARTING
2023-08-18 03:37:16,140 [s0@group-E264CA5F8311-LeaderElection281] INFO  impl.LeaderElection (LogUtils.java:infoOrTrace(137)) - s0@group-E264CA5F8311-LeaderElection281 got exception when requesting votes: java.util.concurrent.ExecutionException: org.apache.ratis.thirdparty.io.grpc.StatusRuntimeException: INTERNAL: s2@group-E264CA5F8311 is not in [RUNNING]: current state is STARTING
2023-08-18 03:37:16,140 [s0@group-E264CA5F8311-LeaderElection281] INFO  impl.LeaderElection (LogUtils.java:infoOrTrace(137)) - s0@group-E264CA5F8311-LeaderElection281 got exception when requesting votes: java.util.concurrent.ExecutionException: org.apache.ratis.thirdparty.io.grpc.StatusRuntimeException: INTERNAL: s1@group-E264CA5F8311 is not in [RUNNING]: current state is STARTING
2023-08-18 03:37:16,140 [s0@group-E264CA5F8311-LeaderElection281] INFO  impl.LeaderElection (LeaderElection.java:logAndReturn(89)) - s0@group-E264CA5F8311-LeaderElection281: PRE_VOTE REJECTED received 0 response(s) and 2 exception(s):
2023-08-18 03:37:16,140 [s0@group-E264CA5F8311-LeaderElection281] INFO  impl.LeaderElection (LogUtils.java:infoOrTrace(137)) -   Exception 0: java.util.concurrent.ExecutionException: org.apache.ratis.thirdparty.io.grpc.StatusRuntimeException: INTERNAL: s2@group-E264CA5F8311 is not in [RUNNING]: current state is STARTING
2023-08-18 03:37:16,141 [s0@group-E264CA5F8311-LeaderElection281] INFO  impl.LeaderElection (LogUtils.java:infoOrTrace(137)) -   Exception 1: java.util.concurrent.ExecutionException: org.apache.ratis.thirdparty.io.grpc.StatusRuntimeException: INTERNAL: s1@group-E264CA5F8311 is not in [RUNNING]: current state is STARTING
2023-08-18 03:37:16,141 [s0@group-E264CA5F8311-LeaderElection281] INFO  impl.LeaderElection (LeaderElection.java:askForVotes(322)) - s0@group-E264CA5F8311-LeaderElection281 PRE_VOTE round 0: result REJECTED
2023-08-18 03:37:16,141 [s0@group-E264CA5F8311-LeaderElection281] INFO  server.RaftServer$Division (RaftServerImpl.java:setRole(371)) - s0@group-E264CA5F8311: changes role from CANDIDATE to FOLLOWER at term 1 for REJECTED
2023-08-18 03:37:16,141 [s0@group-E264CA5F8311-LeaderElection281] INFO  impl.RoleInfo (RoleInfo.java:shutdownLeaderElection(129)) - s0: shutdown s0@group-E264CA5F8311-LeaderElection281
2023-08-18 03:37:16,141 [s0@group-E264CA5F8311-LeaderElection281] INFO  impl.RoleInfo (RoleInfo.java:updateAndGet(138)) - s0: start s0@group-E264CA5F8311-FollowerState
2023-08-18 03:37:16,193 [s2-server-thread1] INFO  server.RaftServer$Division (RaftServerImpl.java:setConfigurationAsync(1238)) - s2@group-E264CA5F8311: receive setConfiguration SetConfigurationRequest:client-255CF6B0DA3F->s2@group-E264CA5F8311, cid=386, seq=0, RW, null, SET_UNCONDITIONALLY, servers:[s1|rpc:0.0.0.0:34459|dataStream:|priority:0|startupRole:FOLLOWER, s2|rpc:0.0.0.0:43137|dataStream:|priority:0|startupRole:FOLLOWER, s0|rpc:localhost:39295|admin:localhost:44843|client:localhost:40991|dataStream:localhost:40677|priority:0|startupRole:FOLLOWER], listeners:[]
2023-08-18 03:37:16,297 [s1-server-thread1] INFO  server.RaftServer$Division (RaftServerImpl.java:setConfigurationAsync(1238)) - s1@group-E264CA5F8311: receive setConfiguration SetConfigurationRequest:client-255CF6B0DA3F->s1@group-E264CA5F8311, cid=386, seq=0, RW, null, SET_UNCONDITIONALLY, servers:[s1|rpc:0.0.0.0:34459|dataStream:|priority:0|startupRole:FOLLOWER, s2|rpc:0.0.0.0:43137|dataStream:|priority:0|startupRole:FOLLOWER, s0|rpc:localhost:39295|admin:localhost:44843|client:localhost:40991|dataStream:localhost:40677|priority:0|startupRole:FOLLOWER], listeners:[]
2023-08-18 03:37:16,333 [s0@group-E264CA5F8311-FollowerState] INFO  impl.FollowerState (FollowerState.java:run(143)) - s0@group-E264CA5F8311-FollowerState: change to CANDIDATE, lastRpcElapsedTime:192316415ns, electionTimeout:192ms
2023-08-18 03:37:16,333 [s0@group-E264CA5F8311-FollowerState] INFO  impl.RoleInfo (RoleInfo.java:shutdownFollowerState(109)) - s0: shutdown s0@group-E264CA5F8311-FollowerState
2023-08-18 03:37:16,333 [s0@group-E264CA5F8311-FollowerState] INFO  server.RaftServer$Division (RaftServerImpl.java:setRole(371)) - s0@group-E264CA5F8311: changes role from  FOLLOWER to CANDIDATE at term 1 for changeToCandidate
2023-08-18 03:37:16,333 [s0@group-E264CA5F8311-FollowerState] INFO  impl.SimpleStateMachine4Testing (SimpleStateMachine4Testing.java:notifyExtendedNoLeader(411)) - StateMachineWithMultiNestedSnapshotFile:s0:group-E264CA5F8311: notifyExtendedNoLeader group-E264CA5F8311, self {
  id: "s0"
  address: "localhost:39295"
  dataStreamAddress: "localhost:40677"
  clientAddress: "localhost:40991"
  adminAddress: "localhost:44843"
  startupRole: FOLLOWER
}
role: CANDIDATE
candidateInfo {
  lastLeaderElapsedTimeMs: 74617
}

2023-08-18 03:37:16,333 [s0@group-E264CA5F8311-FollowerState] INFO  server.RaftServerConfigKeys (ConfUtils.java:logGet(46)) - raft.server.leaderelection.pre-vote = true (default)
2023-08-18 03:37:16,333 [s0@group-E264CA5F8311-FollowerState] INFO  impl.RoleInfo (RoleInfo.java:updateAndGet(138)) - s0: start s0@group-E264CA5F8311-LeaderElection282
2023-08-18 03:37:16,334 [s0@group-E264CA5F8311-LeaderElection282] INFO  impl.LeaderElection (LeaderElection.java:askForVotes(320)) - s0@group-E264CA5F8311-LeaderElection282 PRE_VOTE round 0: submit vote requests at term 1 for 255: peers:[s0|rpc:localhost:39295|admin:localhost:44843|client:localhost:40991|dataStream:localhost:40677|priority:0|startupRole:FOLLOWER, s1|rpc:0.0.0.0:34459|dataStream:|priority:0|startupRole:FOLLOWER, s2|rpc:0.0.0.0:43137|dataStream:|priority:0|startupRole:FOLLOWER]|listeners:[], old=peers:[s0|rpc:localhost:39295|admin:localhost:44843|client:localhost:40991|dataStream:localhost:40677|priority:0|startupRole:FOLLOWER]|listeners:[]
2023-08-18 03:37:16,335 [grpc-default-executor-0] INFO  server.RaftServer$Division (RaftServerImpl.java:requestVote(1344)) - s1@group-E264CA5F8311: receive requestVote(PRE_VOTE, s0, group-E264CA5F8311, 1, (t:1, i:255))
2023-08-18 03:37:16,335 [grpc-default-executor-3] INFO  server.RaftServer$Division (RaftServerImpl.java:requestVote(1344)) - s2@group-E264CA5F8311: receive requestVote(PRE_VOTE, s0, group-E264CA5F8311, 1, (t:1, i:255))
2023-08-18 03:37:16,335 [grpc-default-executor-0] WARN  server.GrpcServerProtocolService (LogUtils.java:warn(122)) - s1: Failed requestVote s0->s1#0: org.apache.ratis.protocol.exceptions.ServerNotReadyException: s1@group-E264CA5F8311 is not in [RUNNING]: current state is STARTING
2023-08-18 03:37:16,335 [grpc-default-executor-3] WARN  server.GrpcServerProtocolService (LogUtils.java:warn(122)) - s2: Failed requestVote s0->s2#0: org.apache.ratis.protocol.exceptions.ServerNotReadyException: s2@group-E264CA5F8311 is not in [RUNNING]: current state is STARTING
2023-08-18 03:37:16,335 [s0@group-E264CA5F8311-LeaderElection282] INFO  impl.LeaderElection (LogUtils.java:infoOrTrace(137)) - s0@group-E264CA5F8311-LeaderElection282 got exception when requesting votes: java.util.concurrent.ExecutionException: org.apache.ratis.thirdparty.io.grpc.StatusRuntimeException: INTERNAL: s2@group-E264CA5F8311 is not in [RUNNING]: current state is STARTING
2023-08-18 03:37:16,335 [s0@group-E264CA5F8311-LeaderElection282] INFO  impl.LeaderElection (LogUtils.java:infoOrTrace(137)) - s0@group-E264CA5F8311-LeaderElection282 got exception when requesting votes: java.util.concurrent.ExecutionException: org.apache.ratis.thirdparty.io.grpc.StatusRuntimeException: INTERNAL: s1@group-E264CA5F8311 is not in [RUNNING]: current state is STARTING
2023-08-18 03:37:16,335 [s0@group-E264CA5F8311-LeaderElection282] INFO  impl.LeaderElection (LeaderElection.java:logAndReturn(89)) - s0@group-E264CA5F8311-LeaderElection282: PRE_VOTE REJECTED received 0 response(s) and 2 exception(s):
2023-08-18 03:37:16,335 [s0@group-E264CA5F8311-LeaderElection282] INFO  impl.LeaderElection (LogUtils.java:infoOrTrace(137)) -   Exception 0: java.util.concurrent.ExecutionException: org.apache.ratis.thirdparty.io.grpc.StatusRuntimeException: INTERNAL: s2@group-E264CA5F8311 is not in [RUNNING]: current state is STARTING
2023-08-18 03:37:16,335 [s0@group-E264CA5F8311-LeaderElection282] INFO  impl.LeaderElection (LogUtils.java:infoOrTrace(137)) -   Exception 1: java.util.concurrent.ExecutionException: org.apache.ratis.thirdparty.io.grpc.StatusRuntimeException: INTERNAL: s1@group-E264CA5F8311 is not in [RUNNING]: current state is STARTING
2023-08-18 03:37:16,335 [s0@group-E264CA5F8311-LeaderElection282] INFO  impl.LeaderElection (LeaderElection.java:askForVotes(322)) - s0@group-E264CA5F8311-LeaderElection282 PRE_VOTE round 0: result REJECTED
2023-08-18 03:37:16,335 [s0@group-E264CA5F8311-LeaderElection282] INFO  server.RaftServer$Division (RaftServerImpl.java:setRole(371)) - s0@group-E264CA5F8311: changes role from CANDIDATE to FOLLOWER at term 1 for REJECTED
2023-08-18 03:37:16,335 [s0@group-E264CA5F8311-LeaderElection282] INFO  impl.RoleInfo (RoleInfo.java:shutdownLeaderElection(129)) - s0: shutdown s0@group-E264CA5F8311-LeaderElection282
2023-08-18 03:37:16,335 [s0@group-E264CA5F8311-LeaderElection282] INFO  impl.RoleInfo (RoleInfo.java:updateAndGet(138)) - s0: start s0@group-E264CA5F8311-FollowerState
2023-08-18 03:37:16,400 [s0-server-thread1] INFO  server.RaftServer$Division (RaftServerImpl.java:setConfigurationAsync(1238)) - s0@group-E264CA5F8311: receive setConfiguration SetConfigurationRequest:client-255CF6B0DA3F->s0@group-E264CA5F8311, cid=386, seq=0, RW, null, SET_UNCONDITIONALLY, servers:[s1|rpc:0.0.0.0:34459|dataStream:|priority:0|startupRole:FOLLOWER, s2|rpc:0.0.0.0:43137|dataStream:|priority:0|startupRole:FOLLOWER, s0|rpc:localhost:39295|admin:localhost:44843|client:localhost:40991|dataStream:localhost:40677|priority:0|startupRole:FOLLOWER], listeners:[]
2023-08-18 03:37:16,504 [s1-server-thread1] INFO  server.RaftServer$Division (RaftServerImpl.java:setConfigurationAsync(1238)) - s1@group-E264CA5F8311: receive setConfiguration SetConfigurationRequest:client-255CF6B0DA3F->s1@group-E264CA5F8311, cid=386, seq=0, RW, null, SET_UNCONDITIONALLY, servers:[s1|rpc:0.0.0.0:34459|dataStream:|priority:0|startupRole:FOLLOWER, s2|rpc:0.0.0.0:43137|dataStream:|priority:0|startupRole:FOLLOWER, s0|rpc:localhost:39295|admin:localhost:44843|client:localhost:40991|dataStream:localhost:40677|priority:0|startupRole:FOLLOWER], listeners:[]
2023-08-18 03:37:16,561 [s0@group-E264CA5F8311-FollowerState] INFO  impl.FollowerState (FollowerState.java:run(143)) - s0@group-E264CA5F8311-FollowerState: change to CANDIDATE, lastRpcElapsedTime:225251612ns, electionTimeout:225ms
2023-08-18 03:37:16,561 [s0@group-E264CA5F8311-FollowerState] INFO  impl.RoleInfo (RoleInfo.java:shutdownFollowerState(109)) - s0: shutdown s0@group-E264CA5F8311-FollowerState
2023-08-18 03:37:16,561 [s0@group-E264CA5F8311-FollowerState] INFO  server.RaftServer$Division (RaftServerImpl.java:setRole(371)) - s0@group-E264CA5F8311: changes role from  FOLLOWER to CANDIDATE at term 1 for changeToCandidate
2023-08-18 03:37:16,561 [s0@group-E264CA5F8311-FollowerState] INFO  impl.SimpleStateMachine4Testing (SimpleStateMachine4Testing.java:notifyExtendedNoLeader(411)) - StateMachineWithMultiNestedSnapshotFile:s0:group-E264CA5F8311: notifyExtendedNoLeader group-E264CA5F8311, self {
  id: "s0"
  address: "localhost:39295"
  dataStreamAddress: "localhost:40677"
  clientAddress: "localhost:40991"
  adminAddress: "localhost:44843"
  startupRole: FOLLOWER
}
role: CANDIDATE
candidateInfo {
  lastLeaderElapsedTimeMs: 74844
}

2023-08-18 03:37:16,561 [s0@group-E264CA5F8311-FollowerState] INFO  server.RaftServerConfigKeys (ConfUtils.java:logGet(46)) - raft.server.leaderelection.pre-vote = true (default)
2023-08-18 03:37:16,561 [s0@group-E264CA5F8311-FollowerState] INFO  impl.RoleInfo (RoleInfo.java:updateAndGet(138)) - s0: start s0@group-E264CA5F8311-LeaderElection283
2023-08-18 03:37:16,561 [s0@group-E264CA5F8311-LeaderElection283] INFO  impl.LeaderElection (LeaderElection.java:askForVotes(320)) - s0@group-E264CA5F8311-LeaderElection283 PRE_VOTE round 0: submit vote requests at term 1 for 255: peers:[s0|rpc:localhost:39295|admin:localhost:44843|client:localhost:40991|dataStream:localhost:40677|priority:0|startupRole:FOLLOWER, s1|rpc:0.0.0.0:34459|dataStream:|priority:0|startupRole:FOLLOWER, s2|rpc:0.0.0.0:43137|dataStream:|priority:0|startupRole:FOLLOWER]|listeners:[], old=peers:[s0|rpc:localhost:39295|admin:localhost:44843|client:localhost:40991|dataStream:localhost:40677|priority:0|startupRole:FOLLOWER]|listeners:[]
2023-08-18 03:37:16,562 [grpc-default-executor-3] INFO  server.RaftServer$Division (RaftServerImpl.java:requestVote(1344)) - s1@group-E264CA5F8311: receive requestVote(PRE_VOTE, s0, group-E264CA5F8311, 1, (t:1, i:255))
2023-08-18 03:37:16,562 [grpc-default-executor-3] WARN  server.GrpcServerProtocolService (LogUtils.java:warn(122)) - s1: Failed requestVote s0->s1#0: org.apache.ratis.protocol.exceptions.ServerNotReadyException: s1@group-E264CA5F8311 is not in [RUNNING]: current state is STARTING
2023-08-18 03:37:16,563 [grpc-default-executor-0] INFO  server.RaftServer$Division (RaftServerImpl.java:requestVote(1344)) - s2@group-E264CA5F8311: receive requestVote(PRE_VOTE, s0, group-E264CA5F8311, 1, (t:1, i:255))
2023-08-18 03:37:16,563 [grpc-default-executor-0] WARN  server.GrpcServerProtocolService (LogUtils.java:warn(122)) - s2: Failed requestVote s0->s2#0: org.apache.ratis.protocol.exceptions.ServerNotReadyException: s2@group-E264CA5F8311 is not in [RUNNING]: current state is STARTING
2023-08-18 03:37:16,564 [s0@group-E264CA5F8311-LeaderElection283] INFO  impl.LeaderElection (LogUtils.java:infoOrTrace(137)) - s0@group-E264CA5F8311-LeaderElection283 got exception when requesting votes: java.util.concurrent.ExecutionException: org.apache.ratis.thirdparty.io.grpc.StatusRuntimeException: INTERNAL: s2@group-E264CA5F8311 is not in [RUNNING]: current state is STARTING
2023-08-18 03:37:16,564 [s0@group-E264CA5F8311-LeaderElection283] INFO  impl.LeaderElection (LogUtils.java:infoOrTrace(137)) - s0@group-E264CA5F8311-LeaderElection283 got exception when requesting votes: java.util.concurrent.ExecutionException: org.apache.ratis.thirdparty.io.grpc.StatusRuntimeException: INTERNAL: s1@group-E264CA5F8311 is not in [RUNNING]: current state is STARTING
2023-08-18 03:37:16,564 [s0@group-E264CA5F8311-LeaderElection283] INFO  impl.LeaderElection (LeaderElection.java:logAndReturn(89)) - s0@group-E264CA5F8311-LeaderElection283: PRE_VOTE REJECTED received 0 response(s) and 2 exception(s):
2023-08-18 03:37:16,564 [s0@group-E264CA5F8311-LeaderElection283] INFO  impl.LeaderElection (LogUtils.java:infoOrTrace(137)) -   Exception 0: java.util.concurrent.ExecutionException: org.apache.ratis.thirdparty.io.grpc.StatusRuntimeException: INTERNAL: s2@group-E264CA5F8311 is not in [RUNNING]: current state is STARTING
2023-08-18 03:37:16,564 [s0@group-E264CA5F8311-LeaderElection283] INFO  impl.LeaderElection (LogUtils.java:infoOrTrace(137)) -   Exception 1: java.util.concurrent.ExecutionException: org.apache.ratis.thirdparty.io.grpc.StatusRuntimeException: INTERNAL: s1@group-E264CA5F8311 is not in [RUNNING]: current state is STARTING
2023-08-18 03:37:16,564 [s0@group-E264CA5F8311-LeaderElection283] INFO  impl.LeaderElection (LeaderElection.java:askForVotes(322)) - s0@group-E264CA5F8311-LeaderElection283 PRE_VOTE round 0: result REJECTED
2023-08-18 03:37:16,564 [s0@group-E264CA5F8311-LeaderElection283] INFO  server.RaftServer$Division (RaftServerImpl.java:setRole(371)) - s0@group-E264CA5F8311: changes role from CANDIDATE to FOLLOWER at term 1 for REJECTED
2023-08-18 03:37:16,564 [s0@group-E264CA5F8311-LeaderElection283] INFO  impl.RoleInfo (RoleInfo.java:shutdownLeaderElection(129)) - s0: shutdown s0@group-E264CA5F8311-LeaderElection283
2023-08-18 03:37:16,564 [s0@group-E264CA5F8311-LeaderElection283] INFO  impl.RoleInfo (RoleInfo.java:updateAndGet(138)) - s0: start s0@group-E264CA5F8311-FollowerState
2023-08-18 03:37:16,607 [s2-server-thread1] INFO  server.RaftServer$Division (RaftServerImpl.java:setConfigurationAsync(1238)) - s2@group-E264CA5F8311: receive setConfiguration SetConfigurationRequest:client-255CF6B0DA3F->s2@group-E264CA5F8311, cid=386, seq=0, RW, null, SET_UNCONDITIONALLY, servers:[s1|rpc:0.0.0.0:34459|dataStream:|priority:0|startupRole:FOLLOWER, s2|rpc:0.0.0.0:43137|dataStream:|priority:0|startupRole:FOLLOWER, s0|rpc:localhost:39295|admin:localhost:44843|client:localhost:40991|dataStream:localhost:40677|priority:0|startupRole:FOLLOWER], listeners:[]
2023-08-18 03:37:16,711 [s1-server-thread1] INFO  server.RaftServer$Division (RaftServerImpl.java:setConfigurationAsync(1238)) - s1@group-E264CA5F8311: receive setConfiguration SetConfigurationRequest:client-255CF6B0DA3F->s1@group-E264CA5F8311, cid=386, seq=0, RW, null, SET_UNCONDITIONALLY, servers:[s1|rpc:0.0.0.0:34459|dataStream:|priority:0|startupRole:FOLLOWER, s2|rpc:0.0.0.0:43137|dataStream:|priority:0|startupRole:FOLLOWER, s0|rpc:localhost:39295|admin:localhost:44843|client:localhost:40991|dataStream:localhost:40677|priority:0|startupRole:FOLLOWER], listeners:[]
2023-08-18 03:37:16,814 [s0-server-thread1] INFO  server.RaftServer$Division (RaftServerImpl.java:setConfigurationAsync(1238)) - s0@group-E264CA5F8311: receive setConfiguration SetConfigurationRequest:client-255CF6B0DA3F->s0@group-E264CA5F8311, cid=386, seq=0, RW, null, SET_UNCONDITIONALLY, servers:[s1|rpc:0.0.0.0:34459|dataStream:|priority:0|startupRole:FOLLOWER, s2|rpc:0.0.0.0:43137|dataStream:|priority:0|startupRole:FOLLOWER, s0|rpc:localhost:39295|admin:localhost:44843|client:localhost:40991|dataStream:localhost:40677|priority:0|startupRole:FOLLOWER], listeners:[]
2023-08-18 03:37:16,859 [s0@group-E264CA5F8311-FollowerState] INFO  impl.FollowerState (FollowerState.java:run(143)) - s0@group-E264CA5F8311-FollowerState: change to CANDIDATE, lastRpcElapsedTime:295546879ns, electionTimeout:295ms
2023-08-18 03:37:16,859 [s0@group-E264CA5F8311-FollowerState] INFO  impl.RoleInfo (RoleInfo.java:shutdownFollowerState(109)) - s0: shutdown s0@group-E264CA5F8311-FollowerState
2023-08-18 03:37:16,860 [s0@group-E264CA5F8311-FollowerState] INFO  server.RaftServer$Division (RaftServerImpl.java:setRole(371)) - s0@group-E264CA5F8311: changes role from  FOLLOWER to CANDIDATE at term 1 for changeToCandidate
2023-08-18 03:37:16,860 [s0@group-E264CA5F8311-FollowerState] INFO  impl.SimpleStateMachine4Testing (SimpleStateMachine4Testing.java:notifyExtendedNoLeader(411)) - StateMachineWithMultiNestedSnapshotFile:s0:group-E264CA5F8311: notifyExtendedNoLeader group-E264CA5F8311, self {
  id: "s0"
  address: "localhost:39295"
  dataStreamAddress: "localhost:40677"
  clientAddress: "localhost:40991"
  adminAddress: "localhost:44843"
  startupRole: FOLLOWER
}
role: CANDIDATE
candidateInfo {
  lastLeaderElapsedTimeMs: 75143
}

2023-08-18 03:37:16,860 [s0@group-E264CA5F8311-FollowerState] INFO  server.RaftServerConfigKeys (ConfUtils.java:logGet(46)) - raft.server.leaderelection.pre-vote = true (default)
2023-08-18 03:37:16,860 [s0@group-E264CA5F8311-FollowerState] INFO  impl.RoleInfo (RoleInfo.java:updateAndGet(138)) - s0: start s0@group-E264CA5F8311-LeaderElection284
2023-08-18 03:37:16,860 [s0@group-E264CA5F8311-LeaderElection284] INFO  impl.LeaderElection (LeaderElection.java:askForVotes(320)) - s0@group-E264CA5F8311-LeaderElection284 PRE_VOTE round 0: submit vote requests at term 1 for 255: peers:[s0|rpc:localhost:39295|admin:localhost:44843|client:localhost:40991|dataStream:localhost:40677|priority:0|startupRole:FOLLOWER, s1|rpc:0.0.0.0:34459|dataStream:|priority:0|startupRole:FOLLOWER, s2|rpc:0.0.0.0:43137|dataStream:|priority:0|startupRole:FOLLOWER]|listeners:[], old=peers:[s0|rpc:localhost:39295|admin:localhost:44843|client:localhost:40991|dataStream:localhost:40677|priority:0|startupRole:FOLLOWER]|listeners:[]
2023-08-18 03:37:16,861 [grpc-default-executor-0] INFO  server.RaftServer$Division (RaftServerImpl.java:requestVote(1344)) - s1@group-E264CA5F8311: receive requestVote(PRE_VOTE, s0, group-E264CA5F8311, 1, (t:1, i:255))
2023-08-18 03:37:16,861 [grpc-default-executor-0] WARN  server.GrpcServerProtocolService (LogUtils.java:warn(122)) - s1: Failed requestVote s0->s1#0: org.apache.ratis.protocol.exceptions.ServerNotReadyException: s1@group-E264CA5F8311 is not in [RUNNING]: current state is STARTING
2023-08-18 03:37:16,861 [grpc-default-executor-3] INFO  server.RaftServer$Division (RaftServerImpl.java:requestVote(1344)) - s2@group-E264CA5F8311: receive requestVote(PRE_VOTE, s0, group-E264CA5F8311, 1, (t:1, i:255))
2023-08-18 03:37:16,861 [grpc-default-executor-3] WARN  server.GrpcServerProtocolService (LogUtils.java:warn(122)) - s2: Failed requestVote s0->s2#0: org.apache.ratis.protocol.exceptions.ServerNotReadyException: s2@group-E264CA5F8311 is not in [RUNNING]: current state is STARTING
2023-08-18 03:37:16,862 [s0@group-E264CA5F8311-LeaderElection284] INFO  impl.LeaderElection (LogUtils.java:infoOrTrace(137)) - s0@group-E264CA5F8311-LeaderElection284 got exception when requesting votes: java.util.concurrent.ExecutionException: org.apache.ratis.thirdparty.io.grpc.StatusRuntimeException: INTERNAL: s1@group-E264CA5F8311 is not in [RUNNING]: current state is STARTING
2023-08-18 03:37:16,862 [s0@group-E264CA5F8311-LeaderElection284] INFO  impl.LeaderElection (LogUtils.java:infoOrTrace(137)) - s0@group-E264CA5F8311-LeaderElection284 got exception when requesting votes: java.util.concurrent.ExecutionException: org.apache.ratis.thirdparty.io.grpc.StatusRuntimeException: INTERNAL: s2@group-E264CA5F8311 is not in [RUNNING]: current state is STARTING
2023-08-18 03:37:16,862 [s0@group-E264CA5F8311-LeaderElection284] INFO  impl.LeaderElection (LeaderElection.java:logAndReturn(89)) - s0@group-E264CA5F8311-LeaderElection284: PRE_VOTE REJECTED received 0 response(s) and 2 exception(s):
2023-08-18 03:37:16,862 [s0@group-E264CA5F8311-LeaderElection284] INFO  impl.LeaderElection (LogUtils.java:infoOrTrace(137)) -   Exception 0: java.util.concurrent.ExecutionException: org.apache.ratis.thirdparty.io.grpc.StatusRuntimeException: INTERNAL: s1@group-E264CA5F8311 is not in [RUNNING]: current state is STARTING
2023-08-18 03:37:16,862 [s0@group-E264CA5F8311-LeaderElection284] INFO  impl.LeaderElection (LogUtils.java:infoOrTrace(137)) -   Exception 1: java.util.concurrent.ExecutionException: org.apache.ratis.thirdparty.io.grpc.StatusRuntimeException: INTERNAL: s2@group-E264CA5F8311 is not in [RUNNING]: current state is STARTING
2023-08-18 03:37:16,862 [s0@group-E264CA5F8311-LeaderElection284] INFO  impl.LeaderElection (LeaderElection.java:askForVotes(322)) - s0@group-E264CA5F8311-LeaderElection284 PRE_VOTE round 0: result REJECTED
2023-08-18 03:37:16,862 [s0@group-E264CA5F8311-LeaderElection284] INFO  server.RaftServer$Division (RaftServerImpl.java:setRole(371)) - s0@group-E264CA5F8311: changes role from CANDIDATE to FOLLOWER at term 1 for REJECTED
2023-08-18 03:37:16,862 [s0@group-E264CA5F8311-LeaderElection284] INFO  impl.RoleInfo (RoleInfo.java:shutdownLeaderElection(129)) - s0: shutdown s0@group-E264CA5F8311-LeaderElection284
2023-08-18 03:37:16,862 [s0@group-E264CA5F8311-LeaderElection284] INFO  impl.RoleInfo (RoleInfo.java:updateAndGet(138)) - s0: start s0@group-E264CA5F8311-FollowerState
2023-08-18 03:37:16,917 [s1-server-thread1] INFO  server.RaftServer$Division (RaftServerImpl.java:setConfigurationAsync(1238)) - s1@group-E264CA5F8311: receive setConfiguration SetConfigurationRequest:client-255CF6B0DA3F->s1@group-E264CA5F8311, cid=386, seq=0, RW, null, SET_UNCONDITIONALLY, servers:[s1|rpc:0.0.0.0:34459|dataStream:|priority:0|startupRole:FOLLOWER, s2|rpc:0.0.0.0:43137|dataStream:|priority:0|startupRole:FOLLOWER, s0|rpc:localhost:39295|admin:localhost:44843|client:localhost:40991|dataStream:localhost:40677|priority:0|startupRole:FOLLOWER], listeners:[]
2023-08-18 03:37:17,021 [s2-server-thread1] INFO  server.RaftServer$Division (RaftServerImpl.java:setConfigurationAsync(1238)) - s2@group-E264CA5F8311: receive setConfiguration SetConfigurationRequest:client-255CF6B0DA3F->s2@group-E264CA5F8311, cid=386, seq=0, RW, null, SET_UNCONDITIONALLY, servers:[s1|rpc:0.0.0.0:34459|dataStream:|priority:0|startupRole:FOLLOWER, s2|rpc:0.0.0.0:43137|dataStream:|priority:0|startupRole:FOLLOWER, s0|rpc:localhost:39295|admin:localhost:44843|client:localhost:40991|dataStream:localhost:40677|priority:0|startupRole:FOLLOWER], listeners:[]
2023-08-18 03:37:17,063 [s0@group-E264CA5F8311-FollowerState] INFO  impl.FollowerState (FollowerState.java:run(143)) - s0@group-E264CA5F8311-FollowerState: change to CANDIDATE, lastRpcElapsedTime:201207361ns, electionTimeout:201ms
2023-08-18 03:37:17,063 [s0@group-E264CA5F8311-FollowerState] INFO  impl.RoleInfo (RoleInfo.java:shutdownFollowerState(109)) - s0: shutdown s0@group-E264CA5F8311-FollowerState
2023-08-18 03:37:17,063 [s0@group-E264CA5F8311-FollowerState] INFO  server.RaftServer$Division (RaftServerImpl.java:setRole(371)) - s0@group-E264CA5F8311: changes role from  FOLLOWER to CANDIDATE at term 1 for changeToCandidate
2023-08-18 03:37:17,063 [s0@group-E264CA5F8311-FollowerState] INFO  impl.SimpleStateMachine4Testing (SimpleStateMachine4Testing.java:notifyExtendedNoLeader(411)) - StateMachineWithMultiNestedSnapshotFile:s0:group-E264CA5F8311: notifyExtendedNoLeader group-E264CA5F8311, self {
  id: "s0"
  address: "localhost:39295"
  dataStreamAddress: "localhost:40677"
  clientAddress: "localhost:40991"
  adminAddress: "localhost:44843"
  startupRole: FOLLOWER
}
role: CANDIDATE
candidateInfo {
  lastLeaderElapsedTimeMs: 75347
}

2023-08-18 03:37:17,063 [s0@group-E264CA5F8311-FollowerState] INFO  server.RaftServerConfigKeys (ConfUtils.java:logGet(46)) - raft.server.leaderelection.pre-vote = true (default)
2023-08-18 03:37:17,063 [s0@group-E264CA5F8311-FollowerState] INFO  impl.RoleInfo (RoleInfo.java:updateAndGet(138)) - s0: start s0@group-E264CA5F8311-LeaderElection285
2023-08-18 03:37:17,064 [s0@group-E264CA5F8311-LeaderElection285] INFO  impl.LeaderElection (LeaderElection.java:askForVotes(320)) - s0@group-E264CA5F8311-LeaderElection285 PRE_VOTE round 0: submit vote requests at term 1 for 255: peers:[s0|rpc:localhost:39295|admin:localhost:44843|client:localhost:40991|dataStream:localhost:40677|priority:0|startupRole:FOLLOWER, s1|rpc:0.0.0.0:34459|dataStream:|priority:0|startupRole:FOLLOWER, s2|rpc:0.0.0.0:43137|dataStream:|priority:0|startupRole:FOLLOWER]|listeners:[], old=peers:[s0|rpc:localhost:39295|admin:localhost:44843|client:localhost:40991|dataStream:localhost:40677|priority:0|startupRole:FOLLOWER]|listeners:[]
2023-08-18 03:37:17,065 [grpc-default-executor-0] INFO  server.RaftServer$Division (RaftServerImpl.java:requestVote(1344)) - s1@group-E264CA5F8311: receive requestVote(PRE_VOTE, s0, group-E264CA5F8311, 1, (t:1, i:255))
2023-08-18 03:37:17,065 [grpc-default-executor-3] INFO  server.RaftServer$Division (RaftServerImpl.java:requestVote(1344)) - s2@group-E264CA5F8311: receive requestVote(PRE_VOTE, s0, group-E264CA5F8311, 1, (t:1, i:255))
2023-08-18 03:37:17,065 [grpc-default-executor-0] WARN  server.GrpcServerProtocolService (LogUtils.java:warn(122)) - s1: Failed requestVote s0->s1#0: org.apache.ratis.protocol.exceptions.ServerNotReadyException: s1@group-E264CA5F8311 is not in [RUNNING]: current state is STARTING
2023-08-18 03:37:17,065 [grpc-default-executor-3] WARN  server.GrpcServerProtocolService (LogUtils.java:warn(122)) - s2: Failed requestVote s0->s2#0: org.apache.ratis.protocol.exceptions.ServerNotReadyException: s2@group-E264CA5F8311 is not in [RUNNING]: current state is STARTING
2023-08-18 03:37:17,065 [s0@group-E264CA5F8311-LeaderElection285] INFO  impl.LeaderElection (LogUtils.java:infoOrTrace(137)) - s0@group-E264CA5F8311-LeaderElection285 got exception when requesting votes: java.util.concurrent.ExecutionException: org.apache.ratis.thirdparty.io.grpc.StatusRuntimeException: INTERNAL: s2@group-E264CA5F8311 is not in [RUNNING]: current state is STARTING
2023-08-18 03:37:17,065 [s0@group-E264CA5F8311-LeaderElection285] INFO  impl.LeaderElection (LogUtils.java:infoOrTrace(137)) - s0@group-E264CA5F8311-LeaderElection285 got exception when requesting votes: java.util.concurrent.ExecutionException: org.apache.ratis.thirdparty.io.grpc.StatusRuntimeException: INTERNAL: s1@group-E264CA5F8311 is not in [RUNNING]: current state is STARTING
2023-08-18 03:37:17,065 [s0@group-E264CA5F8311-LeaderElection285] INFO  impl.LeaderElection (LeaderElection.java:logAndReturn(89)) - s0@group-E264CA5F8311-LeaderElection285: PRE_VOTE REJECTED received 0 response(s) and 2 exception(s):
2023-08-18 03:37:17,065 [s0@group-E264CA5F8311-LeaderElection285] INFO  impl.LeaderElection (LogUtils.java:infoOrTrace(137)) -   Exception 0: java.util.concurrent.ExecutionException: org.apache.ratis.thirdparty.io.grpc.StatusRuntimeException: INTERNAL: s2@group-E264CA5F8311 is not in [RUNNING]: current state is STARTING
2023-08-18 03:37:17,065 [s0@group-E264CA5F8311-LeaderElection285] INFO  impl.LeaderElection (LogUtils.java:infoOrTrace(137)) -   Exception 1: java.util.concurrent.ExecutionException: org.apache.ratis.thirdparty.io.grpc.StatusRuntimeException: INTERNAL: s1@group-E264CA5F8311 is not in [RUNNING]: current state is STARTING
2023-08-18 03:37:17,066 [s0@group-E264CA5F8311-LeaderElection285] INFO  impl.LeaderElection (LeaderElection.java:askForVotes(322)) - s0@group-E264CA5F8311-LeaderElection285 PRE_VOTE round 0: result REJECTED
2023-08-18 03:37:17,066 [s0@group-E264CA5F8311-LeaderElection285] INFO  server.RaftServer$Division (RaftServerImpl.java:setRole(371)) - s0@group-E264CA5F8311: changes role from CANDIDATE to FOLLOWER at term 1 for REJECTED
2023-08-18 03:37:17,066 [s0@group-E264CA5F8311-LeaderElection285] INFO  impl.RoleInfo (RoleInfo.java:shutdownLeaderElection(129)) - s0: shutdown s0@group-E264CA5F8311-LeaderElection285
2023-08-18 03:37:17,066 [s0@group-E264CA5F8311-LeaderElection285] INFO  impl.RoleInfo (RoleInfo.java:updateAndGet(138)) - s0: start s0@group-E264CA5F8311-FollowerState
2023-08-18 03:37:17,124 [s1-server-thread1] INFO  server.RaftServer$Division (RaftServerImpl.java:setConfigurationAsync(1238)) - s1@group-E264CA5F8311: receive setConfiguration SetConfigurationRequest:client-255CF6B0DA3F->s1@group-E264CA5F8311, cid=386, seq=0, RW, null, SET_UNCONDITIONALLY, servers:[s1|rpc:0.0.0.0:34459|dataStream:|priority:0|startupRole:FOLLOWER, s2|rpc:0.0.0.0:43137|dataStream:|priority:0|startupRole:FOLLOWER, s0|rpc:localhost:39295|admin:localhost:44843|client:localhost:40991|dataStream:localhost:40677|priority:0|startupRole:FOLLOWER], listeners:[]
2023-08-18 03:37:17,227 [s0@group-E264CA5F8311-FollowerState] INFO  impl.FollowerState (FollowerState.java:run(143)) - s0@group-E264CA5F8311-FollowerState: change to CANDIDATE, lastRpcElapsedTime:161251207ns, electionTimeout:161ms
2023-08-18 03:37:17,227 [s0@group-E264CA5F8311-FollowerState] INFO  impl.RoleInfo (RoleInfo.java:shutdownFollowerState(109)) - s0: shutdown s0@group-E264CA5F8311-FollowerState
2023-08-18 03:37:17,227 [s0@group-E264CA5F8311-FollowerState] INFO  server.RaftServer$Division (RaftServerImpl.java:setRole(371)) - s0@group-E264CA5F8311: changes role from  FOLLOWER to CANDIDATE at term 1 for changeToCandidate
2023-08-18 03:37:17,227 [s0@group-E264CA5F8311-FollowerState] INFO  impl.SimpleStateMachine4Testing (SimpleStateMachine4Testing.java:notifyExtendedNoLeader(411)) - StateMachineWithMultiNestedSnapshotFile:s0:group-E264CA5F8311: notifyExtendedNoLeader group-E264CA5F8311, self {
  id: "s0"
  address: "localhost:39295"
  dataStreamAddress: "localhost:40677"
  clientAddress: "localhost:40991"
  adminAddress: "localhost:44843"
  startupRole: FOLLOWER
}
role: CANDIDATE
candidateInfo {
  lastLeaderElapsedTimeMs: 75511
}

2023-08-18 03:37:17,227 [s0@group-E264CA5F8311-FollowerState] INFO  server.RaftServerConfigKeys (ConfUtils.java:logGet(46)) - raft.server.leaderelection.pre-vote = true (default)
2023-08-18 03:37:17,227 [s0@group-E264CA5F8311-FollowerState] INFO  impl.RoleInfo (RoleInfo.java:updateAndGet(138)) - s0: start s0@group-E264CA5F8311-LeaderElection286
2023-08-18 03:37:17,228 [s0@group-E264CA5F8311-LeaderElection286] INFO  impl.LeaderElection (LeaderElection.java:askForVotes(320)) - s0@group-E264CA5F8311-LeaderElection286 PRE_VOTE round 0: submit vote requests at term 1 for 255: peers:[s0|rpc:localhost:39295|admin:localhost:44843|client:localhost:40991|dataStream:localhost:40677|priority:0|startupRole:FOLLOWER, s1|rpc:0.0.0.0:34459|dataStream:|priority:0|startupRole:FOLLOWER, s2|rpc:0.0.0.0:43137|dataStream:|priority:0|startupRole:FOLLOWER]|listeners:[], old=peers:[s0|rpc:localhost:39295|admin:localhost:44843|client:localhost:40991|dataStream:localhost:40677|priority:0|startupRole:FOLLOWER]|listeners:[]
2023-08-18 03:37:17,228 [s0-server-thread1] INFO  server.RaftServer$Division (RaftServerImpl.java:setConfigurationAsync(1238)) - s0@group-E264CA5F8311: receive setConfiguration SetConfigurationRequest:client-255CF6B0DA3F->s0@group-E264CA5F8311, cid=386, seq=0, RW, null, SET_UNCONDITIONALLY, servers:[s1|rpc:0.0.0.0:34459|dataStream:|priority:0|startupRole:FOLLOWER, s2|rpc:0.0.0.0:43137|dataStream:|priority:0|startupRole:FOLLOWER, s0|rpc:localhost:39295|admin:localhost:44843|client:localhost:40991|dataStream:localhost:40677|priority:0|startupRole:FOLLOWER], listeners:[]
2023-08-18 03:37:17,228 [grpc-default-executor-3] INFO  server.RaftServer$Division (RaftServerImpl.java:requestVote(1344)) - s1@group-E264CA5F8311: receive requestVote(PRE_VOTE, s0, group-E264CA5F8311, 1, (t:1, i:255))
2023-08-18 03:37:17,229 [grpc-default-executor-3] WARN  server.GrpcServerProtocolService (LogUtils.java:warn(122)) - s1: Failed requestVote s0->s1#0: org.apache.ratis.protocol.exceptions.ServerNotReadyException: s1@group-E264CA5F8311 is not in [RUNNING]: current state is STARTING
2023-08-18 03:37:17,229 [grpc-default-executor-3] INFO  server.RaftServer$Division (RaftServerImpl.java:requestVote(1344)) - s2@group-E264CA5F8311: receive requestVote(PRE_VOTE, s0, group-E264CA5F8311, 1, (t:1, i:255))
2023-08-18 03:37:17,229 [s0@group-E264CA5F8311-LeaderElection286] INFO  impl.LeaderElection (LogUtils.java:infoOrTrace(137)) - s0@group-E264CA5F8311-LeaderElection286 got exception when requesting votes: java.util.concurrent.ExecutionException: org.apache.ratis.thirdparty.io.grpc.StatusRuntimeException: INTERNAL: s1@group-E264CA5F8311 is not in [RUNNING]: current state is STARTING
2023-08-18 03:37:17,229 [grpc-default-executor-3] WARN  server.GrpcServerProtocolService (LogUtils.java:warn(122)) - s2: Failed requestVote s0->s2#0: org.apache.ratis.protocol.exceptions.ServerNotReadyException: s2@group-E264CA5F8311 is not in [RUNNING]: current state is STARTING
2023-08-18 03:37:17,229 [s0@group-E264CA5F8311-LeaderElection286] INFO  impl.LeaderElection (LogUtils.java:infoOrTrace(137)) - s0@group-E264CA5F8311-LeaderElection286 got exception when requesting votes: java.util.concurrent.ExecutionException: org.apache.ratis.thirdparty.io.grpc.StatusRuntimeException: INTERNAL: s2@group-E264CA5F8311 is not in [RUNNING]: current state is STARTING
2023-08-18 03:37:17,229 [s0@group-E264CA5F8311-LeaderElection286] INFO  impl.LeaderElection (LeaderElection.java:logAndReturn(89)) - s0@group-E264CA5F8311-LeaderElection286: PRE_VOTE REJECTED received 0 response(s) and 2 exception(s):
2023-08-18 03:37:17,229 [s0@group-E264CA5F8311-LeaderElection286] INFO  impl.LeaderElection (LogUtils.java:infoOrTrace(137)) -   Exception 0: java.util.concurrent.ExecutionException: org.apache.ratis.thirdparty.io.grpc.StatusRuntimeException: INTERNAL: s1@group-E264CA5F8311 is not in [RUNNING]: current state is STARTING
2023-08-18 03:37:17,229 [s0@group-E264CA5F8311-LeaderElection286] INFO  impl.LeaderElection (LogUtils.java:infoOrTrace(137)) -   Exception 1: java.util.concurrent.ExecutionException: org.apache.ratis.thirdparty.io.grpc.StatusRuntimeException: INTERNAL: s2@group-E264CA5F8311 is not in [RUNNING]: current state is STARTING
2023-08-18 03:37:17,229 [s0@group-E264CA5F8311-LeaderElection286] INFO  impl.LeaderElection (LeaderElection.java:askForVotes(322)) - s0@group-E264CA5F8311-LeaderElection286 PRE_VOTE round 0: result REJECTED
2023-08-18 03:37:17,229 [s0@group-E264CA5F8311-LeaderElection286] INFO  server.RaftServer$Division (RaftServerImpl.java:setRole(371)) - s0@group-E264CA5F8311: changes role from CANDIDATE to FOLLOWER at term 1 for REJECTED
2023-08-18 03:37:17,229 [s0@group-E264CA5F8311-LeaderElection286] INFO  impl.RoleInfo (RoleInfo.java:shutdownLeaderElection(129)) - s0: shutdown s0@group-E264CA5F8311-LeaderElection286
2023-08-18 03:37:17,230 [s0@group-E264CA5F8311-LeaderElection286] INFO  impl.RoleInfo (RoleInfo.java:updateAndGet(138)) - s0: start s0@group-E264CA5F8311-FollowerState
2023-08-18 03:37:17,333 [s1-server-thread1] INFO  server.RaftServer$Division (RaftServerImpl.java:setConfigurationAsync(1238)) - s1@group-E264CA5F8311: receive setConfiguration SetConfigurationRequest:client-255CF6B0DA3F->s1@group-E264CA5F8311, cid=386, seq=0, RW, null, SET_UNCONDITIONALLY, servers:[s1|rpc:0.0.0.0:34459|dataStream:|priority:0|startupRole:FOLLOWER, s2|rpc:0.0.0.0:43137|dataStream:|priority:0|startupRole:FOLLOWER, s0|rpc:localhost:39295|admin:localhost:44843|client:localhost:40991|dataStream:localhost:40677|priority:0|startupRole:FOLLOWER], listeners:[]
2023-08-18 03:37:17,413 [s0@group-E264CA5F8311-FollowerState] INFO  impl.FollowerState (FollowerState.java:run(143)) - s0@group-E264CA5F8311-FollowerState: change to CANDIDATE, lastRpcElapsedTime:183368371ns, electionTimeout:183ms
2023-08-18 03:37:17,413 [s0@group-E264CA5F8311-FollowerState] INFO  impl.RoleInfo (RoleInfo.java:shutdownFollowerState(109)) - s0: shutdown s0@group-E264CA5F8311-FollowerState
2023-08-18 03:37:17,413 [s0@group-E264CA5F8311-FollowerState] INFO  server.RaftServer$Division (RaftServerImpl.java:setRole(371)) - s0@group-E264CA5F8311: changes role from  FOLLOWER to CANDIDATE at term 1 for changeToCandidate
2023-08-18 03:37:17,413 [s0@group-E264CA5F8311-FollowerState] INFO  impl.SimpleStateMachine4Testing (SimpleStateMachine4Testing.java:notifyExtendedNoLeader(411)) - StateMachineWithMultiNestedSnapshotFile:s0:group-E264CA5F8311: notifyExtendedNoLeader group-E264CA5F8311, self {
  id: "s0"
  address: "localhost:39295"
  dataStreamAddress: "localhost:40677"
  clientAddress: "localhost:40991"
  adminAddress: "localhost:44843"
  startupRole: FOLLOWER
}
role: CANDIDATE
candidateInfo {
  lastLeaderElapsedTimeMs: 75697
}

2023-08-18 03:37:17,413 [s0@group-E264CA5F8311-FollowerState] INFO  server.RaftServerConfigKeys (ConfUtils.java:logGet(46)) - raft.server.leaderelection.pre-vote = true (default)
2023-08-18 03:37:17,413 [s0@group-E264CA5F8311-FollowerState] INFO  impl.RoleInfo (RoleInfo.java:updateAndGet(138)) - s0: start s0@group-E264CA5F8311-LeaderElection287
2023-08-18 03:37:17,414 [s0@group-E264CA5F8311-LeaderElection287] INFO  impl.LeaderElection (LeaderElection.java:askForVotes(320)) - s0@group-E264CA5F8311-LeaderElection287 PRE_VOTE round 0: submit vote requests at term 1 for 255: peers:[s0|rpc:localhost:39295|admin:localhost:44843|client:localhost:40991|dataStream:localhost:40677|priority:0|startupRole:FOLLOWER, s1|rpc:0.0.0.0:34459|dataStream:|priority:0|startupRole:FOLLOWER, s2|rpc:0.0.0.0:43137|dataStream:|priority:0|startupRole:FOLLOWER]|listeners:[], old=peers:[s0|rpc:localhost:39295|admin:localhost:44843|client:localhost:40991|dataStream:localhost:40677|priority:0|startupRole:FOLLOWER]|listeners:[]
2023-08-18 03:37:17,415 [grpc-default-executor-3] INFO  server.RaftServer$Division (RaftServerImpl.java:requestVote(1344)) - s2@group-E264CA5F8311: receive requestVote(PRE_VOTE, s0, group-E264CA5F8311, 1, (t:1, i:255))
2023-08-18 03:37:17,415 [grpc-default-executor-3] WARN  server.GrpcServerProtocolService (LogUtils.java:warn(122)) - s2: Failed requestVote s0->s2#0: org.apache.ratis.protocol.exceptions.ServerNotReadyException: s2@group-E264CA5F8311 is not in [RUNNING]: current state is STARTING
2023-08-18 03:37:17,416 [grpc-default-executor-3] INFO  server.RaftServer$Division (RaftServerImpl.java:requestVote(1344)) - s1@group-E264CA5F8311: receive requestVote(PRE_VOTE, s0, group-E264CA5F8311, 1, (t:1, i:255))
2023-08-18 03:37:17,416 [grpc-default-executor-3] WARN  server.GrpcServerProtocolService (LogUtils.java:warn(122)) - s1: Failed requestVote s0->s1#0: org.apache.ratis.protocol.exceptions.ServerNotReadyException: s1@group-E264CA5F8311 is not in [RUNNING]: current state is STARTING
2023-08-18 03:37:17,416 [s0@group-E264CA5F8311-LeaderElection287] INFO  impl.LeaderElection (LogUtils.java:infoOrTrace(137)) - s0@group-E264CA5F8311-LeaderElection287 got exception when requesting votes: java.util.concurrent.ExecutionException: org.apache.ratis.thirdparty.io.grpc.StatusRuntimeException: INTERNAL: s1@group-E264CA5F8311 is not in [RUNNING]: current state is STARTING
2023-08-18 03:37:17,416 [s0@group-E264CA5F8311-LeaderElection287] INFO  impl.LeaderElection (LogUtils.java:infoOrTrace(137)) - s0@group-E264CA5F8311-LeaderElection287 got exception when requesting votes: java.util.concurrent.ExecutionException: org.apache.ratis.thirdparty.io.grpc.StatusRuntimeException: INTERNAL: s2@group-E264CA5F8311 is not in [RUNNING]: current state is STARTING
2023-08-18 03:37:17,416 [s0@group-E264CA5F8311-LeaderElection287] INFO  impl.LeaderElection (LeaderElection.java:logAndReturn(89)) - s0@group-E264CA5F8311-LeaderElection287: PRE_VOTE REJECTED received 0 response(s) and 2 exception(s):
2023-08-18 03:37:17,416 [s0@group-E264CA5F8311-LeaderElection287] INFO  impl.LeaderElection (LogUtils.java:infoOrTrace(137)) -   Exception 0: java.util.concurrent.ExecutionException: org.apache.ratis.thirdparty.io.grpc.StatusRuntimeException: INTERNAL: s1@group-E264CA5F8311 is not in [RUNNING]: current state is STARTING
2023-08-18 03:37:17,416 [s0@group-E264CA5F8311-LeaderElection287] INFO  impl.LeaderElection (LogUtils.java:infoOrTrace(137)) -   Exception 1: java.util.concurrent.ExecutionException: org.apache.ratis.thirdparty.io.grpc.StatusRuntimeException: INTERNAL: s2@group-E264CA5F8311 is not in [RUNNING]: current state is STARTING
2023-08-18 03:37:17,416 [s0@group-E264CA5F8311-LeaderElection287] INFO  impl.LeaderElection (LeaderElection.java:askForVotes(322)) - s0@group-E264CA5F8311-LeaderElection287 PRE_VOTE round 0: result REJECTED
2023-08-18 03:37:17,416 [s0@group-E264CA5F8311-LeaderElection287] INFO  server.RaftServer$Division (RaftServerImpl.java:setRole(371)) - s0@group-E264CA5F8311: changes role from CANDIDATE to FOLLOWER at term 1 for REJECTED
2023-08-18 03:37:17,416 [s0@group-E264CA5F8311-LeaderElection287] INFO  impl.RoleInfo (RoleInfo.java:shutdownLeaderElection(129)) - s0: shutdown s0@group-E264CA5F8311-LeaderElection287
2023-08-18 03:37:17,416 [s0@group-E264CA5F8311-LeaderElection287] INFO  impl.RoleInfo (RoleInfo.java:updateAndGet(138)) - s0: start s0@group-E264CA5F8311-FollowerState
2023-08-18 03:37:17,436 [s0-server-thread1] INFO  server.RaftServer$Division (RaftServerImpl.java:setConfigurationAsync(1238)) - s0@group-E264CA5F8311: receive setConfiguration SetConfigurationRequest:client-255CF6B0DA3F->s0@group-E264CA5F8311, cid=386, seq=0, RW, null, SET_UNCONDITIONALLY, servers:[s1|rpc:0.0.0.0:34459|dataStream:|priority:0|startupRole:FOLLOWER, s2|rpc:0.0.0.0:43137|dataStream:|priority:0|startupRole:FOLLOWER, s0|rpc:localhost:39295|admin:localhost:44843|client:localhost:40991|dataStream:localhost:40677|priority:0|startupRole:FOLLOWER], listeners:[]
2023-08-18 03:37:17,540 [s2-server-thread1] INFO  server.RaftServer$Division (RaftServerImpl.java:setConfigurationAsync(1238)) - s2@group-E264CA5F8311: receive setConfiguration SetConfigurationRequest:client-255CF6B0DA3F->s2@group-E264CA5F8311, cid=386, seq=0, RW, null, SET_UNCONDITIONALLY, servers:[s1|rpc:0.0.0.0:34459|dataStream:|priority:0|startupRole:FOLLOWER, s2|rpc:0.0.0.0:43137|dataStream:|priority:0|startupRole:FOLLOWER, s0|rpc:localhost:39295|admin:localhost:44843|client:localhost:40991|dataStream:localhost:40677|priority:0|startupRole:FOLLOWER], listeners:[]
2023-08-18 03:37:17,643 [s1-server-thread1] INFO  server.RaftServer$Division (RaftServerImpl.java:setConfigurationAsync(1238)) - s1@group-E264CA5F8311: receive setConfiguration SetConfigurationRequest:client-255CF6B0DA3F->s1@group-E264CA5F8311, cid=386, seq=0, RW, null, SET_UNCONDITIONALLY, servers:[s1|rpc:0.0.0.0:34459|dataStream:|priority:0|startupRole:FOLLOWER, s2|rpc:0.0.0.0:43137|dataStream:|priority:0|startupRole:FOLLOWER, s0|rpc:localhost:39295|admin:localhost:44843|client:localhost:40991|dataStream:localhost:40677|priority:0|startupRole:FOLLOWER], listeners:[]
2023-08-18 03:37:17,663 [s0@group-E264CA5F8311-FollowerState] INFO  impl.FollowerState (FollowerState.java:run(143)) - s0@group-E264CA5F8311-FollowerState: change to CANDIDATE, lastRpcElapsedTime:246297983ns, electionTimeout:246ms
2023-08-18 03:37:17,663 [s0@group-E264CA5F8311-FollowerState] INFO  impl.RoleInfo (RoleInfo.java:shutdownFollowerState(109)) - s0: shutdown s0@group-E264CA5F8311-FollowerState
2023-08-18 03:37:17,663 [s0@group-E264CA5F8311-FollowerState] INFO  server.RaftServer$Division (RaftServerImpl.java:setRole(371)) - s0@group-E264CA5F8311: changes role from  FOLLOWER to CANDIDATE at term 1 for changeToCandidate
2023-08-18 03:37:17,663 [s0@group-E264CA5F8311-FollowerState] INFO  impl.SimpleStateMachine4Testing (SimpleStateMachine4Testing.java:notifyExtendedNoLeader(411)) - StateMachineWithMultiNestedSnapshotFile:s0:group-E264CA5F8311: notifyExtendedNoLeader group-E264CA5F8311, self {
  id: "s0"
  address: "localhost:39295"
  dataStreamAddress: "localhost:40677"
  clientAddress: "localhost:40991"
  adminAddress: "localhost:44843"
  startupRole: FOLLOWER
}
role: CANDIDATE
candidateInfo {
  lastLeaderElapsedTimeMs: 75947
}

2023-08-18 03:37:17,663 [s0@group-E264CA5F8311-FollowerState] INFO  server.RaftServerConfigKeys (ConfUtils.java:logGet(46)) - raft.server.leaderelection.pre-vote = true (default)
2023-08-18 03:37:17,663 [s0@group-E264CA5F8311-FollowerState] INFO  impl.RoleInfo (RoleInfo.java:updateAndGet(138)) - s0: start s0@group-E264CA5F8311-LeaderElection288
2023-08-18 03:37:17,663 [s0@group-E264CA5F8311-LeaderElection288] INFO  impl.LeaderElection (LeaderElection.java:askForVotes(320)) - s0@group-E264CA5F8311-LeaderElection288 PRE_VOTE round 0: submit vote requests at term 1 for 255: peers:[s0|rpc:localhost:39295|admin:localhost:44843|client:localhost:40991|dataStream:localhost:40677|priority:0|startupRole:FOLLOWER, s1|rpc:0.0.0.0:34459|dataStream:|priority:0|startupRole:FOLLOWER, s2|rpc:0.0.0.0:43137|dataStream:|priority:0|startupRole:FOLLOWER]|listeners:[], old=peers:[s0|rpc:localhost:39295|admin:localhost:44843|client:localhost:40991|dataStream:localhost:40677|priority:0|startupRole:FOLLOWER]|listeners:[]
2023-08-18 03:37:17,664 [grpc-default-executor-3] INFO  server.RaftServer$Division (RaftServerImpl.java:requestVote(1344)) - s1@group-E264CA5F8311: receive requestVote(PRE_VOTE, s0, group-E264CA5F8311, 1, (t:1, i:255))
2023-08-18 03:37:17,664 [grpc-default-executor-3] WARN  server.GrpcServerProtocolService (LogUtils.java:warn(122)) - s1: Failed requestVote s0->s1#0: org.apache.ratis.protocol.exceptions.ServerNotReadyException: s1@group-E264CA5F8311 is not in [RUNNING]: current state is STARTING
2023-08-18 03:37:17,665 [grpc-default-executor-3] INFO  server.RaftServer$Division (RaftServerImpl.java:requestVote(1344)) - s2@group-E264CA5F8311: receive requestVote(PRE_VOTE, s0, group-E264CA5F8311, 1, (t:1, i:255))
2023-08-18 03:37:17,665 [grpc-default-executor-3] WARN  server.GrpcServerProtocolService (LogUtils.java:warn(122)) - s2: Failed requestVote s0->s2#0: org.apache.ratis.protocol.exceptions.ServerNotReadyException: s2@group-E264CA5F8311 is not in [RUNNING]: current state is STARTING
2023-08-18 03:37:17,665 [s0@group-E264CA5F8311-LeaderElection288] INFO  impl.LeaderElection (LogUtils.java:infoOrTrace(137)) - s0@group-E264CA5F8311-LeaderElection288 got exception when requesting votes: java.util.concurrent.ExecutionException: org.apache.ratis.thirdparty.io.grpc.StatusRuntimeException: INTERNAL: s1@group-E264CA5F8311 is not in [RUNNING]: current state is STARTING
2023-08-18 03:37:17,665 [s0@group-E264CA5F8311-LeaderElection288] INFO  impl.LeaderElection (LogUtils.java:infoOrTrace(137)) - s0@group-E264CA5F8311-LeaderElection288 got exception when requesting votes: java.util.concurrent.ExecutionException: org.apache.ratis.thirdparty.io.grpc.StatusRuntimeException: INTERNAL: s2@group-E264CA5F8311 is not in [RUNNING]: current state is STARTING
2023-08-18 03:37:17,665 [s0@group-E264CA5F8311-LeaderElection288] INFO  impl.LeaderElection (LeaderElection.java:logAndReturn(89)) - s0@group-E264CA5F8311-LeaderElection288: PRE_VOTE REJECTED received 0 response(s) and 2 exception(s):
2023-08-18 03:37:17,665 [s0@group-E264CA5F8311-LeaderElection288] INFO  impl.LeaderElection (LogUtils.java:infoOrTrace(137)) -   Exception 0: java.util.concurrent.ExecutionException: org.apache.ratis.thirdparty.io.grpc.StatusRuntimeException: INTERNAL: s1@group-E264CA5F8311 is not in [RUNNING]: current state is STARTING
2023-08-18 03:37:17,665 [s0@group-E264CA5F8311-LeaderElection288] INFO  impl.LeaderElection (LogUtils.java:infoOrTrace(137)) -   Exception 1: java.util.concurrent.ExecutionException: org.apache.ratis.thirdparty.io.grpc.StatusRuntimeException: INTERNAL: s2@group-E264CA5F8311 is not in [RUNNING]: current state is STARTING
2023-08-18 03:37:17,665 [s0@group-E264CA5F8311-LeaderElection288] INFO  impl.LeaderElection (LeaderElection.java:askForVotes(322)) - s0@group-E264CA5F8311-LeaderElection288 PRE_VOTE round 0: result REJECTED
2023-08-18 03:37:17,665 [s0@group-E264CA5F8311-LeaderElection288] INFO  server.RaftServer$Division (RaftServerImpl.java:setRole(371)) - s0@group-E264CA5F8311: changes role from CANDIDATE to FOLLOWER at term 1 for REJECTED
2023-08-18 03:37:17,665 [s0@group-E264CA5F8311-LeaderElection288] INFO  impl.RoleInfo (RoleInfo.java:shutdownLeaderElection(129)) - s0: shutdown s0@group-E264CA5F8311-LeaderElection288
2023-08-18 03:37:17,665 [s0@group-E264CA5F8311-LeaderElection288] INFO  impl.RoleInfo (RoleInfo.java:updateAndGet(138)) - s0: start s0@group-E264CA5F8311-FollowerState
2023-08-18 03:37:17,746 [s2-server-thread1] INFO  server.RaftServer$Division (RaftServerImpl.java:setConfigurationAsync(1238)) - s2@group-E264CA5F8311: receive setConfiguration SetConfigurationRequest:client-255CF6B0DA3F->s2@group-E264CA5F8311, cid=386, seq=0, RW, null, SET_UNCONDITIONALLY, servers:[s1|rpc:0.0.0.0:34459|dataStream:|priority:0|startupRole:FOLLOWER, s2|rpc:0.0.0.0:43137|dataStream:|priority:0|startupRole:FOLLOWER, s0|rpc:localhost:39295|admin:localhost:44843|client:localhost:40991|dataStream:localhost:40677|priority:0|startupRole:FOLLOWER], listeners:[]
2023-08-18 03:37:17,839 [s0@group-E264CA5F8311-FollowerState] INFO  impl.FollowerState (FollowerState.java:run(143)) - s0@group-E264CA5F8311-FollowerState: change to CANDIDATE, lastRpcElapsedTime:174310126ns, electionTimeout:174ms
2023-08-18 03:37:17,840 [s0@group-E264CA5F8311-FollowerState] INFO  impl.RoleInfo (RoleInfo.java:shutdownFollowerState(109)) - s0: shutdown s0@group-E264CA5F8311-FollowerState
2023-08-18 03:37:17,840 [s0@group-E264CA5F8311-FollowerState] INFO  server.RaftServer$Division (RaftServerImpl.java:setRole(371)) - s0@group-E264CA5F8311: changes role from  FOLLOWER to CANDIDATE at term 1 for changeToCandidate
2023-08-18 03:37:17,840 [s0@group-E264CA5F8311-FollowerState] INFO  impl.SimpleStateMachine4Testing (SimpleStateMachine4Testing.java:notifyExtendedNoLeader(411)) - StateMachineWithMultiNestedSnapshotFile:s0:group-E264CA5F8311: notifyExtendedNoLeader group-E264CA5F8311, self {
  id: "s0"
  address: "localhost:39295"
  dataStreamAddress: "localhost:40677"
  clientAddress: "localhost:40991"
  adminAddress: "localhost:44843"
  startupRole: FOLLOWER
}
role: CANDIDATE
candidateInfo {
  lastLeaderElapsedTimeMs: 76123
}

2023-08-18 03:37:17,840 [s0@group-E264CA5F8311-FollowerState] INFO  server.RaftServerConfigKeys (ConfUtils.java:logGet(46)) - raft.server.leaderelection.pre-vote = true (default)
2023-08-18 03:37:17,840 [s0@group-E264CA5F8311-FollowerState] INFO  impl.RoleInfo (RoleInfo.java:updateAndGet(138)) - s0: start s0@group-E264CA5F8311-LeaderElection289
2023-08-18 03:37:17,840 [s0@group-E264CA5F8311-LeaderElection289] INFO  impl.LeaderElection (LeaderElection.java:askForVotes(320)) - s0@group-E264CA5F8311-LeaderElection289 PRE_VOTE round 0: submit vote requests at term 1 for 255: peers:[s0|rpc:localhost:39295|admin:localhost:44843|client:localhost:40991|dataStream:localhost:40677|priority:0|startupRole:FOLLOWER, s1|rpc:0.0.0.0:34459|dataStream:|priority:0|startupRole:FOLLOWER, s2|rpc:0.0.0.0:43137|dataStream:|priority:0|startupRole:FOLLOWER]|listeners:[], old=peers:[s0|rpc:localhost:39295|admin:localhost:44843|client:localhost:40991|dataStream:localhost:40677|priority:0|startupRole:FOLLOWER]|listeners:[]
2023-08-18 03:37:17,841 [grpc-default-executor-3] INFO  server.RaftServer$Division (RaftServerImpl.java:requestVote(1344)) - s1@group-E264CA5F8311: receive requestVote(PRE_VOTE, s0, group-E264CA5F8311, 1, (t:1, i:255))
2023-08-18 03:37:17,841 [grpc-default-executor-3] WARN  server.GrpcServerProtocolService (LogUtils.java:warn(122)) - s1: Failed requestVote s0->s1#0: org.apache.ratis.protocol.exceptions.ServerNotReadyException: s1@group-E264CA5F8311 is not in [RUNNING]: current state is STARTING
2023-08-18 03:37:17,841 [grpc-default-executor-3] INFO  server.RaftServer$Division (RaftServerImpl.java:requestVote(1344)) - s2@group-E264CA5F8311: receive requestVote(PRE_VOTE, s0, group-E264CA5F8311, 1, (t:1, i:255))
2023-08-18 03:37:17,841 [grpc-default-executor-3] WARN  server.GrpcServerProtocolService (LogUtils.java:warn(122)) - s2: Failed requestVote s0->s2#0: org.apache.ratis.protocol.exceptions.ServerNotReadyException: s2@group-E264CA5F8311 is not in [RUNNING]: current state is STARTING
2023-08-18 03:37:17,842 [s0@group-E264CA5F8311-LeaderElection289] INFO  impl.LeaderElection (LogUtils.java:infoOrTrace(137)) - s0@group-E264CA5F8311-LeaderElection289 got exception when requesting votes: java.util.concurrent.ExecutionException: org.apache.ratis.thirdparty.io.grpc.StatusRuntimeException: INTERNAL: s1@group-E264CA5F8311 is not in [RUNNING]: current state is STARTING
2023-08-18 03:37:17,842 [s0@group-E264CA5F8311-LeaderElection289] INFO  impl.LeaderElection (LogUtils.java:infoOrTrace(137)) - s0@group-E264CA5F8311-LeaderElection289 got exception when requesting votes: java.util.concurrent.ExecutionException: org.apache.ratis.thirdparty.io.grpc.StatusRuntimeException: INTERNAL: s2@group-E264CA5F8311 is not in [RUNNING]: current state is STARTING
2023-08-18 03:37:17,842 [s0@group-E264CA5F8311-LeaderElection289] INFO  impl.LeaderElection (LeaderElection.java:logAndReturn(89)) - s0@group-E264CA5F8311-LeaderElection289: PRE_VOTE REJECTED received 0 response(s) and 2 exception(s):
2023-08-18 03:37:17,842 [s0@group-E264CA5F8311-LeaderElection289] INFO  impl.LeaderElection (LogUtils.java:infoOrTrace(137)) -   Exception 0: java.util.concurrent.ExecutionException: org.apache.ratis.thirdparty.io.grpc.StatusRuntimeException: INTERNAL: s1@group-E264CA5F8311 is not in [RUNNING]: current state is STARTING
2023-08-18 03:37:17,842 [s0@group-E264CA5F8311-LeaderElection289] INFO  impl.LeaderElection (LogUtils.java:infoOrTrace(137)) -   Exception 1: java.util.concurrent.ExecutionException: org.apache.ratis.thirdparty.io.grpc.StatusRuntimeException: INTERNAL: s2@group-E264CA5F8311 is not in [RUNNING]: current state is STARTING
2023-08-18 03:37:17,842 [s0@group-E264CA5F8311-LeaderElection289] INFO  impl.LeaderElection (LeaderElection.java:askForVotes(322)) - s0@group-E264CA5F8311-LeaderElection289 PRE_VOTE round 0: result REJECTED
2023-08-18 03:37:17,842 [s0@group-E264CA5F8311-LeaderElection289] INFO  server.RaftServer$Division (RaftServerImpl.java:setRole(371)) - s0@group-E264CA5F8311: changes role from CANDIDATE to FOLLOWER at term 1 for REJECTED
2023-08-18 03:37:17,842 [s0@group-E264CA5F8311-LeaderElection289] INFO  impl.RoleInfo (RoleInfo.java:shutdownLeaderElection(129)) - s0: shutdown s0@group-E264CA5F8311-LeaderElection289
2023-08-18 03:37:17,842 [s0@group-E264CA5F8311-LeaderElection289] INFO  impl.RoleInfo (RoleInfo.java:updateAndGet(138)) - s0: start s0@group-E264CA5F8311-FollowerState
2023-08-18 03:37:17,850 [s0-server-thread1] INFO  server.RaftServer$Division (RaftServerImpl.java:setConfigurationAsync(1238)) - s0@group-E264CA5F8311: receive setConfiguration SetConfigurationRequest:client-255CF6B0DA3F->s0@group-E264CA5F8311, cid=386, seq=0, RW, null, SET_UNCONDITIONALLY, servers:[s1|rpc:0.0.0.0:34459|dataStream:|priority:0|startupRole:FOLLOWER, s2|rpc:0.0.0.0:43137|dataStream:|priority:0|startupRole:FOLLOWER, s0|rpc:localhost:39295|admin:localhost:44843|client:localhost:40991|dataStream:localhost:40677|priority:0|startupRole:FOLLOWER], listeners:[]
2023-08-18 03:37:17,953 [s2-server-thread1] INFO  server.RaftServer$Division (RaftServerImpl.java:setConfigurationAsync(1238)) - s2@group-E264CA5F8311: receive setConfiguration SetConfigurationRequest:client-255CF6B0DA3F->s2@group-E264CA5F8311, cid=386, seq=0, RW, null, SET_UNCONDITIONALLY, servers:[s1|rpc:0.0.0.0:34459|dataStream:|priority:0|startupRole:FOLLOWER, s2|rpc:0.0.0.0:43137|dataStream:|priority:0|startupRole:FOLLOWER, s0|rpc:localhost:39295|admin:localhost:44843|client:localhost:40991|dataStream:localhost:40677|priority:0|startupRole:FOLLOWER], listeners:[]
2023-08-18 03:37:17,999 [s0@group-E264CA5F8311-FollowerState] INFO  impl.FollowerState (FollowerState.java:run(143)) - s0@group-E264CA5F8311-FollowerState: change to CANDIDATE, lastRpcElapsedTime:157292031ns, electionTimeout:157ms
2023-08-18 03:37:17,999 [s0@group-E264CA5F8311-FollowerState] INFO  impl.RoleInfo (RoleInfo.java:shutdownFollowerState(109)) - s0: shutdown s0@group-E264CA5F8311-FollowerState
2023-08-18 03:37:18,000 [s0@group-E264CA5F8311-FollowerState] INFO  server.RaftServer$Division (RaftServerImpl.java:setRole(371)) - s0@group-E264CA5F8311: changes role from  FOLLOWER to CANDIDATE at term 1 for changeToCandidate
2023-08-18 03:37:18,000 [s0@group-E264CA5F8311-FollowerState] INFO  impl.SimpleStateMachine4Testing (SimpleStateMachine4Testing.java:notifyExtendedNoLeader(411)) - StateMachineWithMultiNestedSnapshotFile:s0:group-E264CA5F8311: notifyExtendedNoLeader group-E264CA5F8311, self {
  id: "s0"
  address: "localhost:39295"
  dataStreamAddress: "localhost:40677"
  clientAddress: "localhost:40991"
  adminAddress: "localhost:44843"
  startupRole: FOLLOWER
}
role: CANDIDATE
candidateInfo {
  lastLeaderElapsedTimeMs: 76283
}

2023-08-18 03:37:18,000 [s0@group-E264CA5F8311-FollowerState] INFO  server.RaftServerConfigKeys (ConfUtils.java:logGet(46)) - raft.server.leaderelection.pre-vote = true (default)
2023-08-18 03:37:18,000 [s0@group-E264CA5F8311-FollowerState] INFO  impl.RoleInfo (RoleInfo.java:updateAndGet(138)) - s0: start s0@group-E264CA5F8311-LeaderElection290
2023-08-18 03:37:18,000 [s0@group-E264CA5F8311-LeaderElection290] INFO  impl.LeaderElection (LeaderElection.java:askForVotes(320)) - s0@group-E264CA5F8311-LeaderElection290 PRE_VOTE round 0: submit vote requests at term 1 for 255: peers:[s0|rpc:localhost:39295|admin:localhost:44843|client:localhost:40991|dataStream:localhost:40677|priority:0|startupRole:FOLLOWER, s1|rpc:0.0.0.0:34459|dataStream:|priority:0|startupRole:FOLLOWER, s2|rpc:0.0.0.0:43137|dataStream:|priority:0|startupRole:FOLLOWER]|listeners:[], old=peers:[s0|rpc:localhost:39295|admin:localhost:44843|client:localhost:40991|dataStream:localhost:40677|priority:0|startupRole:FOLLOWER]|listeners:[]
2023-08-18 03:37:18,001 [grpc-default-executor-3] INFO  server.RaftServer$Division (RaftServerImpl.java:requestVote(1344)) - s1@group-E264CA5F8311: receive requestVote(PRE_VOTE, s0, group-E264CA5F8311, 1, (t:1, i:255))
2023-08-18 03:37:18,001 [grpc-default-executor-3] WARN  server.GrpcServerProtocolService (LogUtils.java:warn(122)) - s1: Failed requestVote s0->s1#0: org.apache.ratis.protocol.exceptions.ServerNotReadyException: s1@group-E264CA5F8311 is not in [RUNNING]: current state is STARTING
2023-08-18 03:37:18,001 [s0@group-E264CA5F8311-LeaderElection290] INFO  impl.LeaderElection (LogUtils.java:infoOrTrace(137)) - s0@group-E264CA5F8311-LeaderElection290 got exception when requesting votes: java.util.concurrent.ExecutionException: org.apache.ratis.thirdparty.io.grpc.StatusRuntimeException: INTERNAL: s1@group-E264CA5F8311 is not in [RUNNING]: current state is STARTING
2023-08-18 03:37:18,001 [grpc-default-executor-3] INFO  server.RaftServer$Division (RaftServerImpl.java:requestVote(1344)) - s2@group-E264CA5F8311: receive requestVote(PRE_VOTE, s0, group-E264CA5F8311, 1, (t:1, i:255))
2023-08-18 03:37:18,002 [grpc-default-executor-3] WARN  server.GrpcServerProtocolService (LogUtils.java:warn(122)) - s2: Failed requestVote s0->s2#0: org.apache.ratis.protocol.exceptions.ServerNotReadyException: s2@group-E264CA5F8311 is not in [RUNNING]: current state is STARTING
2023-08-18 03:37:18,002 [s0@group-E264CA5F8311-LeaderElection290] INFO  impl.LeaderElection (LogUtils.java:infoOrTrace(137)) - s0@group-E264CA5F8311-LeaderElection290 got exception when requesting votes: java.util.concurrent.ExecutionException: org.apache.ratis.thirdparty.io.grpc.StatusRuntimeException: INTERNAL: s2@group-E264CA5F8311 is not in [RUNNING]: current state is STARTING
2023-08-18 03:37:18,002 [s0@group-E264CA5F8311-LeaderElection290] INFO  impl.LeaderElection (LeaderElection.java:logAndReturn(89)) - s0@group-E264CA5F8311-LeaderElection290: PRE_VOTE REJECTED received 0 response(s) and 2 exception(s):
2023-08-18 03:37:18,002 [s0@group-E264CA5F8311-LeaderElection290] INFO  impl.LeaderElection (LogUtils.java:infoOrTrace(137)) -   Exception 0: java.util.concurrent.ExecutionException: org.apache.ratis.thirdparty.io.grpc.StatusRuntimeException: INTERNAL: s1@group-E264CA5F8311 is not in [RUNNING]: current state is STARTING
2023-08-18 03:37:18,002 [s0@group-E264CA5F8311-LeaderElection290] INFO  impl.LeaderElection (LogUtils.java:infoOrTrace(137)) -   Exception 1: java.util.concurrent.ExecutionException: org.apache.ratis.thirdparty.io.grpc.StatusRuntimeException: INTERNAL: s2@group-E264CA5F8311 is not in [RUNNING]: current state is STARTING
2023-08-18 03:37:18,002 [s0@group-E264CA5F8311-LeaderElection290] INFO  impl.LeaderElection (LeaderElection.java:askForVotes(322)) - s0@group-E264CA5F8311-LeaderElection290 PRE_VOTE round 0: result REJECTED
2023-08-18 03:37:18,002 [s0@group-E264CA5F8311-LeaderElection290] INFO  server.RaftServer$Division (RaftServerImpl.java:setRole(371)) - s0@group-E264CA5F8311: changes role from CANDIDATE to FOLLOWER at term 1 for REJECTED
2023-08-18 03:37:18,002 [s0@group-E264CA5F8311-LeaderElection290] INFO  impl.RoleInfo (RoleInfo.java:shutdownLeaderElection(129)) - s0: shutdown s0@group-E264CA5F8311-LeaderElection290
2023-08-18 03:37:18,002 [s0@group-E264CA5F8311-LeaderElection290] INFO  impl.RoleInfo (RoleInfo.java:updateAndGet(138)) - s0: start s0@group-E264CA5F8311-FollowerState
2023-08-18 03:37:18,056 [s1-server-thread1] INFO  server.RaftServer$Division (RaftServerImpl.java:setConfigurationAsync(1238)) - s1@group-E264CA5F8311: receive setConfiguration SetConfigurationRequest:client-255CF6B0DA3F->s1@group-E264CA5F8311, cid=386, seq=0, RW, null, SET_UNCONDITIONALLY, servers:[s1|rpc:0.0.0.0:34459|dataStream:|priority:0|startupRole:FOLLOWER, s2|rpc:0.0.0.0:43137|dataStream:|priority:0|startupRole:FOLLOWER, s0|rpc:localhost:39295|admin:localhost:44843|client:localhost:40991|dataStream:localhost:40677|priority:0|startupRole:FOLLOWER], listeners:[]
2023-08-18 03:37:18,160 [s0-server-thread1] INFO  server.RaftServer$Division (RaftServerImpl.java:setConfigurationAsync(1238)) - s0@group-E264CA5F8311: receive setConfiguration SetConfigurationRequest:client-255CF6B0DA3F->s0@group-E264CA5F8311, cid=386, seq=0, RW, null, SET_UNCONDITIONALLY, servers:[s1|rpc:0.0.0.0:34459|dataStream:|priority:0|startupRole:FOLLOWER, s2|rpc:0.0.0.0:43137|dataStream:|priority:0|startupRole:FOLLOWER, s0|rpc:localhost:39295|admin:localhost:44843|client:localhost:40991|dataStream:localhost:40677|priority:0|startupRole:FOLLOWER], listeners:[]
2023-08-18 03:37:18,237 [s0@group-E264CA5F8311-FollowerState] INFO  impl.FollowerState (FollowerState.java:run(143)) - s0@group-E264CA5F8311-FollowerState: change to CANDIDATE, lastRpcElapsedTime:235207551ns, electionTimeout:235ms
2023-08-18 03:37:18,237 [s0@group-E264CA5F8311-FollowerState] INFO  impl.RoleInfo (RoleInfo.java:shutdownFollowerState(109)) - s0: shutdown s0@group-E264CA5F8311-FollowerState
2023-08-18 03:37:18,238 [s0@group-E264CA5F8311-FollowerState] INFO  server.RaftServer$Division (RaftServerImpl.java:setRole(371)) - s0@group-E264CA5F8311: changes role from  FOLLOWER to CANDIDATE at term 1 for changeToCandidate
2023-08-18 03:37:18,238 [s0@group-E264CA5F8311-FollowerState] INFO  impl.SimpleStateMachine4Testing (SimpleStateMachine4Testing.java:notifyExtendedNoLeader(411)) - StateMachineWithMultiNestedSnapshotFile:s0:group-E264CA5F8311: notifyExtendedNoLeader group-E264CA5F8311, self {
  id: "s0"
  address: "localhost:39295"
  dataStreamAddress: "localhost:40677"
  clientAddress: "localhost:40991"
  adminAddress: "localhost:44843"
  startupRole: FOLLOWER
}
role: CANDIDATE
candidateInfo {
  lastLeaderElapsedTimeMs: 76521
}

2023-08-18 03:37:18,238 [s0@group-E264CA5F8311-FollowerState] INFO  server.RaftServerConfigKeys (ConfUtils.java:logGet(46)) - raft.server.leaderelection.pre-vote = true (default)
2023-08-18 03:37:18,238 [s0@group-E264CA5F8311-FollowerState] INFO  impl.RoleInfo (RoleInfo.java:updateAndGet(138)) - s0: start s0@group-E264CA5F8311-LeaderElection291
2023-08-18 03:37:18,238 [s0@group-E264CA5F8311-LeaderElection291] INFO  impl.LeaderElection (LeaderElection.java:askForVotes(320)) - s0@group-E264CA5F8311-LeaderElection291 PRE_VOTE round 0: submit vote requests at term 1 for 255: peers:[s0|rpc:localhost:39295|admin:localhost:44843|client:localhost:40991|dataStream:localhost:40677|priority:0|startupRole:FOLLOWER, s1|rpc:0.0.0.0:34459|dataStream:|priority:0|startupRole:FOLLOWER, s2|rpc:0.0.0.0:43137|dataStream:|priority:0|startupRole:FOLLOWER]|listeners:[], old=peers:[s0|rpc:localhost:39295|admin:localhost:44843|client:localhost:40991|dataStream:localhost:40677|priority:0|startupRole:FOLLOWER]|listeners:[]
2023-08-18 03:37:18,239 [grpc-default-executor-3] INFO  server.RaftServer$Division (RaftServerImpl.java:requestVote(1344)) - s1@group-E264CA5F8311: receive requestVote(PRE_VOTE, s0, group-E264CA5F8311, 1, (t:1, i:255))
2023-08-18 03:37:18,239 [grpc-default-executor-3] WARN  server.GrpcServerProtocolService (LogUtils.java:warn(122)) - s1: Failed requestVote s0->s1#0: org.apache.ratis.protocol.exceptions.ServerNotReadyException: s1@group-E264CA5F8311 is not in [RUNNING]: current state is STARTING
2023-08-18 03:37:18,240 [s0@group-E264CA5F8311-LeaderElection291] INFO  impl.LeaderElection (LogUtils.java:infoOrTrace(137)) - s0@group-E264CA5F8311-LeaderElection291 got exception when requesting votes: java.util.concurrent.ExecutionException: org.apache.ratis.thirdparty.io.grpc.StatusRuntimeException: INTERNAL: s1@group-E264CA5F8311 is not in [RUNNING]: current state is STARTING
2023-08-18 03:37:18,240 [grpc-default-executor-3] INFO  server.RaftServer$Division (RaftServerImpl.java:requestVote(1344)) - s2@group-E264CA5F8311: receive requestVote(PRE_VOTE, s0, group-E264CA5F8311, 1, (t:1, i:255))
2023-08-18 03:37:18,240 [grpc-default-executor-3] WARN  server.GrpcServerProtocolService (LogUtils.java:warn(122)) - s2: Failed requestVote s0->s2#0: org.apache.ratis.protocol.exceptions.ServerNotReadyException: s2@group-E264CA5F8311 is not in [RUNNING]: current state is STARTING
2023-08-18 03:37:18,240 [s0@group-E264CA5F8311-LeaderElection291] INFO  impl.LeaderElection (LogUtils.java:infoOrTrace(137)) - s0@group-E264CA5F8311-LeaderElection291 got exception when requesting votes: java.util.concurrent.ExecutionException: org.apache.ratis.thirdparty.io.grpc.StatusRuntimeException: INTERNAL: s2@group-E264CA5F8311 is not in [RUNNING]: current state is STARTING
2023-08-18 03:37:18,240 [s0@group-E264CA5F8311-LeaderElection291] INFO  impl.LeaderElection (LeaderElection.java:logAndReturn(89)) - s0@group-E264CA5F8311-LeaderElection291: PRE_VOTE REJECTED received 0 response(s) and 2 exception(s):
2023-08-18 03:37:18,240 [s0@group-E264CA5F8311-LeaderElection291] INFO  impl.LeaderElection (LogUtils.java:infoOrTrace(137)) -   Exception 0: java.util.concurrent.ExecutionException: org.apache.ratis.thirdparty.io.grpc.StatusRuntimeException: INTERNAL: s1@group-E264CA5F8311 is not in [RUNNING]: current state is STARTING
2023-08-18 03:37:18,240 [s0@group-E264CA5F8311-LeaderElection291] INFO  impl.LeaderElection (LogUtils.java:infoOrTrace(137)) -   Exception 1: java.util.concurrent.ExecutionException: org.apache.ratis.thirdparty.io.grpc.StatusRuntimeException: INTERNAL: s2@group-E264CA5F8311 is not in [RUNNING]: current state is STARTING
2023-08-18 03:37:18,241 [s0@group-E264CA5F8311-LeaderElection291] INFO  impl.LeaderElection (LeaderElection.java:askForVotes(322)) - s0@group-E264CA5F8311-LeaderElection291 PRE_VOTE round 0: result REJECTED
2023-08-18 03:37:18,241 [s0@group-E264CA5F8311-LeaderElection291] INFO  server.RaftServer$Division (RaftServerImpl.java:setRole(371)) - s0@group-E264CA5F8311: changes role from CANDIDATE to FOLLOWER at term 1 for REJECTED
2023-08-18 03:37:18,241 [s0@group-E264CA5F8311-LeaderElection291] INFO  impl.RoleInfo (RoleInfo.java:shutdownLeaderElection(129)) - s0: shutdown s0@group-E264CA5F8311-LeaderElection291
2023-08-18 03:37:18,241 [s0@group-E264CA5F8311-LeaderElection291] INFO  impl.RoleInfo (RoleInfo.java:updateAndGet(138)) - s0: start s0@group-E264CA5F8311-FollowerState
2023-08-18 03:37:18,263 [s2-server-thread1] INFO  server.RaftServer$Division (RaftServerImpl.java:setConfigurationAsync(1238)) - s2@group-E264CA5F8311: receive setConfiguration SetConfigurationRequest:client-255CF6B0DA3F->s2@group-E264CA5F8311, cid=386, seq=0, RW, null, SET_UNCONDITIONALLY, servers:[s1|rpc:0.0.0.0:34459|dataStream:|priority:0|startupRole:FOLLOWER, s2|rpc:0.0.0.0:43137|dataStream:|priority:0|startupRole:FOLLOWER, s0|rpc:localhost:39295|admin:localhost:44843|client:localhost:40991|dataStream:localhost:40677|priority:0|startupRole:FOLLOWER], listeners:[]
2023-08-18 03:37:18,367 [s0-server-thread1] INFO  server.RaftServer$Division (RaftServerImpl.java:setConfigurationAsync(1238)) - s0@group-E264CA5F8311: receive setConfiguration SetConfigurationRequest:client-255CF6B0DA3F->s0@group-E264CA5F8311, cid=386, seq=0, RW, null, SET_UNCONDITIONALLY, servers:[s1|rpc:0.0.0.0:34459|dataStream:|priority:0|startupRole:FOLLOWER, s2|rpc:0.0.0.0:43137|dataStream:|priority:0|startupRole:FOLLOWER, s0|rpc:localhost:39295|admin:localhost:44843|client:localhost:40991|dataStream:localhost:40677|priority:0|startupRole:FOLLOWER], listeners:[]
2023-08-18 03:37:18,465 [s0@group-E264CA5F8311-FollowerState] INFO  impl.FollowerState (FollowerState.java:run(143)) - s0@group-E264CA5F8311-FollowerState: change to CANDIDATE, lastRpcElapsedTime:224392817ns, electionTimeout:224ms
2023-08-18 03:37:18,465 [s0@group-E264CA5F8311-FollowerState] INFO  impl.RoleInfo (RoleInfo.java:shutdownFollowerState(109)) - s0: shutdown s0@group-E264CA5F8311-FollowerState
2023-08-18 03:37:18,465 [s0@group-E264CA5F8311-FollowerState] INFO  server.RaftServer$Division (RaftServerImpl.java:setRole(371)) - s0@group-E264CA5F8311: changes role from  FOLLOWER to CANDIDATE at term 1 for changeToCandidate
2023-08-18 03:37:18,465 [s0@group-E264CA5F8311-FollowerState] INFO  impl.SimpleStateMachine4Testing (SimpleStateMachine4Testing.java:notifyExtendedNoLeader(411)) - StateMachineWithMultiNestedSnapshotFile:s0:group-E264CA5F8311: notifyExtendedNoLeader group-E264CA5F8311, self {
  id: "s0"
  address: "localhost:39295"
  dataStreamAddress: "localhost:40677"
  clientAddress: "localhost:40991"
  adminAddress: "localhost:44843"
  startupRole: FOLLOWER
}
role: CANDIDATE
candidateInfo {
  lastLeaderElapsedTimeMs: 76749
}

2023-08-18 03:37:18,465 [s0@group-E264CA5F8311-FollowerState] INFO  server.RaftServerConfigKeys (ConfUtils.java:logGet(46)) - raft.server.leaderelection.pre-vote = true (default)
2023-08-18 03:37:18,466 [s0@group-E264CA5F8311-FollowerState] INFO  impl.RoleInfo (RoleInfo.java:updateAndGet(138)) - s0: start s0@group-E264CA5F8311-LeaderElection292
2023-08-18 03:37:18,466 [s0@group-E264CA5F8311-LeaderElection292] INFO  impl.LeaderElection (LeaderElection.java:askForVotes(320)) - s0@group-E264CA5F8311-LeaderElection292 PRE_VOTE round 0: submit vote requests at term 1 for 255: peers:[s0|rpc:localhost:39295|admin:localhost:44843|client:localhost:40991|dataStream:localhost:40677|priority:0|startupRole:FOLLOWER, s1|rpc:0.0.0.0:34459|dataStream:|priority:0|startupRole:FOLLOWER, s2|rpc:0.0.0.0:43137|dataStream:|priority:0|startupRole:FOLLOWER]|listeners:[], old=peers:[s0|rpc:localhost:39295|admin:localhost:44843|client:localhost:40991|dataStream:localhost:40677|priority:0|startupRole:FOLLOWER]|listeners:[]
2023-08-18 03:37:18,467 [grpc-default-executor-3] INFO  server.RaftServer$Division (RaftServerImpl.java:requestVote(1344)) - s1@group-E264CA5F8311: receive requestVote(PRE_VOTE, s0, group-E264CA5F8311, 1, (t:1, i:255))
2023-08-18 03:37:18,467 [grpc-default-executor-3] WARN  server.GrpcServerProtocolService (LogUtils.java:warn(122)) - s1: Failed requestVote s0->s1#0: org.apache.ratis.protocol.exceptions.ServerNotReadyException: s1@group-E264CA5F8311 is not in [RUNNING]: current state is STARTING
2023-08-18 03:37:18,467 [grpc-default-executor-3] INFO  server.RaftServer$Division (RaftServerImpl.java:requestVote(1344)) - s2@group-E264CA5F8311: receive requestVote(PRE_VOTE, s0, group-E264CA5F8311, 1, (t:1, i:255))
2023-08-18 03:37:18,468 [grpc-default-executor-3] WARN  server.GrpcServerProtocolService (LogUtils.java:warn(122)) - s2: Failed requestVote s0->s2#0: org.apache.ratis.protocol.exceptions.ServerNotReadyException: s2@group-E264CA5F8311 is not in [RUNNING]: current state is STARTING
2023-08-18 03:37:18,468 [s0@group-E264CA5F8311-LeaderElection292] INFO  impl.LeaderElection (LogUtils.java:infoOrTrace(137)) - s0@group-E264CA5F8311-LeaderElection292 got exception when requesting votes: java.util.concurrent.ExecutionException: org.apache.ratis.thirdparty.io.grpc.StatusRuntimeException: INTERNAL: s1@group-E264CA5F8311 is not in [RUNNING]: current state is STARTING
2023-08-18 03:37:18,468 [s0@group-E264CA5F8311-LeaderElection292] INFO  impl.LeaderElection (LogUtils.java:infoOrTrace(137)) - s0@group-E264CA5F8311-LeaderElection292 got exception when requesting votes: java.util.concurrent.ExecutionException: org.apache.ratis.thirdparty.io.grpc.StatusRuntimeException: INTERNAL: s2@group-E264CA5F8311 is not in [RUNNING]: current state is STARTING
2023-08-18 03:37:18,468 [s0@group-E264CA5F8311-LeaderElection292] INFO  impl.LeaderElection (LeaderElection.java:logAndReturn(89)) - s0@group-E264CA5F8311-LeaderElection292: PRE_VOTE REJECTED received 0 response(s) and 2 exception(s):
2023-08-18 03:37:18,468 [s0@group-E264CA5F8311-LeaderElection292] INFO  impl.LeaderElection (LogUtils.java:infoOrTrace(137)) -   Exception 0: java.util.concurrent.ExecutionException: org.apache.ratis.thirdparty.io.grpc.StatusRuntimeException: INTERNAL: s1@group-E264CA5F8311 is not in [RUNNING]: current state is STARTING
2023-08-18 03:37:18,468 [s0@group-E264CA5F8311-LeaderElection292] INFO  impl.LeaderElection (LogUtils.java:infoOrTrace(137)) -   Exception 1: java.util.concurrent.ExecutionException: org.apache.ratis.thirdparty.io.grpc.StatusRuntimeException: INTERNAL: s2@group-E264CA5F8311 is not in [RUNNING]: current state is STARTING
2023-08-18 03:37:18,468 [s0@group-E264CA5F8311-LeaderElection292] INFO  impl.LeaderElection (LeaderElection.java:askForVotes(322)) - s0@group-E264CA5F8311-LeaderElection292 PRE_VOTE round 0: result REJECTED
2023-08-18 03:37:18,468 [s0@group-E264CA5F8311-LeaderElection292] INFO  server.RaftServer$Division (RaftServerImpl.java:setRole(371)) - s0@group-E264CA5F8311: changes role from CANDIDATE to FOLLOWER at term 1 for REJECTED
2023-08-18 03:37:18,468 [s0@group-E264CA5F8311-LeaderElection292] INFO  impl.RoleInfo (RoleInfo.java:shutdownLeaderElection(129)) - s0: shutdown s0@group-E264CA5F8311-LeaderElection292
2023-08-18 03:37:18,468 [s0@group-E264CA5F8311-LeaderElection292] INFO  impl.RoleInfo (RoleInfo.java:updateAndGet(138)) - s0: start s0@group-E264CA5F8311-FollowerState
2023-08-18 03:37:18,471 [s1-server-thread1] INFO  server.RaftServer$Division (RaftServerImpl.java:setConfigurationAsync(1238)) - s1@group-E264CA5F8311: receive setConfiguration SetConfigurationRequest:client-255CF6B0DA3F->s1@group-E264CA5F8311, cid=386, seq=0, RW, null, SET_UNCONDITIONALLY, servers:[s1|rpc:0.0.0.0:34459|dataStream:|priority:0|startupRole:FOLLOWER, s2|rpc:0.0.0.0:43137|dataStream:|priority:0|startupRole:FOLLOWER, s0|rpc:localhost:39295|admin:localhost:44843|client:localhost:40991|dataStream:localhost:40677|priority:0|startupRole:FOLLOWER], listeners:[]
2023-08-18 03:37:18,578 [s0-server-thread1] INFO  server.RaftServer$Division (RaftServerImpl.java:setConfigurationAsync(1238)) - s0@group-E264CA5F8311: receive setConfiguration SetConfigurationRequest:client-255CF6B0DA3F->s0@group-E264CA5F8311, cid=386, seq=0, RW, null, SET_UNCONDITIONALLY, servers:[s1|rpc:0.0.0.0:34459|dataStream:|priority:0|startupRole:FOLLOWER, s2|rpc:0.0.0.0:43137|dataStream:|priority:0|startupRole:FOLLOWER, s0|rpc:localhost:39295|admin:localhost:44843|client:localhost:40991|dataStream:localhost:40677|priority:0|startupRole:FOLLOWER], listeners:[]
2023-08-18 03:37:18,682 [s2-server-thread1] INFO  server.RaftServer$Division (RaftServerImpl.java:setConfigurationAsync(1238)) - s2@group-E264CA5F8311: receive setConfiguration SetConfigurationRequest:client-255CF6B0DA3F->s2@group-E264CA5F8311, cid=386, seq=0, RW, null, SET_UNCONDITIONALLY, servers:[s1|rpc:0.0.0.0:34459|dataStream:|priority:0|startupRole:FOLLOWER, s2|rpc:0.0.0.0:43137|dataStream:|priority:0|startupRole:FOLLOWER, s0|rpc:localhost:39295|admin:localhost:44843|client:localhost:40991|dataStream:localhost:40677|priority:0|startupRole:FOLLOWER], listeners:[]
2023-08-18 03:37:18,764 [s0@group-E264CA5F8311-FollowerState] INFO  impl.FollowerState (FollowerState.java:run(143)) - s0@group-E264CA5F8311-FollowerState: change to CANDIDATE, lastRpcElapsedTime:296351175ns, electionTimeout:296ms
2023-08-18 03:37:18,765 [s0@group-E264CA5F8311-FollowerState] INFO  impl.RoleInfo (RoleInfo.java:shutdownFollowerState(109)) - s0: shutdown s0@group-E264CA5F8311-FollowerState
2023-08-18 03:37:18,765 [s0@group-E264CA5F8311-FollowerState] INFO  server.RaftServer$Division (RaftServerImpl.java:setRole(371)) - s0@group-E264CA5F8311: changes role from  FOLLOWER to CANDIDATE at term 1 for changeToCandidate
2023-08-18 03:37:18,765 [s0@group-E264CA5F8311-FollowerState] INFO  impl.SimpleStateMachine4Testing (SimpleStateMachine4Testing.java:notifyExtendedNoLeader(411)) - StateMachineWithMultiNestedSnapshotFile:s0:group-E264CA5F8311: notifyExtendedNoLeader group-E264CA5F8311, self {
  id: "s0"
  address: "localhost:39295"
  dataStreamAddress: "localhost:40677"
  clientAddress: "localhost:40991"
  adminAddress: "localhost:44843"
  startupRole: FOLLOWER
}
role: CANDIDATE
candidateInfo {
  lastLeaderElapsedTimeMs: 77048
}

2023-08-18 03:37:18,765 [s0@group-E264CA5F8311-FollowerState] INFO  server.RaftServerConfigKeys (ConfUtils.java:logGet(46)) - raft.server.leaderelection.pre-vote = true (default)
2023-08-18 03:37:18,765 [s0@group-E264CA5F8311-FollowerState] INFO  impl.RoleInfo (RoleInfo.java:updateAndGet(138)) - s0: start s0@group-E264CA5F8311-LeaderElection293
2023-08-18 03:37:18,765 [s0@group-E264CA5F8311-LeaderElection293] INFO  impl.LeaderElection (LeaderElection.java:askForVotes(320)) - s0@group-E264CA5F8311-LeaderElection293 PRE_VOTE round 0: submit vote requests at term 1 for 255: peers:[s0|rpc:localhost:39295|admin:localhost:44843|client:localhost:40991|dataStream:localhost:40677|priority:0|startupRole:FOLLOWER, s1|rpc:0.0.0.0:34459|dataStream:|priority:0|startupRole:FOLLOWER, s2|rpc:0.0.0.0:43137|dataStream:|priority:0|startupRole:FOLLOWER]|listeners:[], old=peers:[s0|rpc:localhost:39295|admin:localhost:44843|client:localhost:40991|dataStream:localhost:40677|priority:0|startupRole:FOLLOWER]|listeners:[]
2023-08-18 03:37:18,766 [grpc-default-executor-4] INFO  server.RaftServer$Division (RaftServerImpl.java:requestVote(1344)) - s1@group-E264CA5F8311: receive requestVote(PRE_VOTE, s0, group-E264CA5F8311, 1, (t:1, i:255))
2023-08-18 03:37:18,766 [grpc-default-executor-4] WARN  server.GrpcServerProtocolService (LogUtils.java:warn(122)) - s1: Failed requestVote s0->s1#0: org.apache.ratis.protocol.exceptions.ServerNotReadyException: s1@group-E264CA5F8311 is not in [RUNNING]: current state is STARTING
2023-08-18 03:37:18,766 [grpc-default-executor-4] INFO  server.RaftServer$Division (RaftServerImpl.java:requestVote(1344)) - s2@group-E264CA5F8311: receive requestVote(PRE_VOTE, s0, group-E264CA5F8311, 1, (t:1, i:255))
2023-08-18 03:37:18,766 [grpc-default-executor-4] WARN  server.GrpcServerProtocolService (LogUtils.java:warn(122)) - s2: Failed requestVote s0->s2#0: org.apache.ratis.protocol.exceptions.ServerNotReadyException: s2@group-E264CA5F8311 is not in [RUNNING]: current state is STARTING
2023-08-18 03:37:18,767 [s0@group-E264CA5F8311-LeaderElection293] INFO  impl.LeaderElection (LogUtils.java:infoOrTrace(137)) - s0@group-E264CA5F8311-LeaderElection293 got exception when requesting votes: java.util.concurrent.ExecutionException: org.apache.ratis.thirdparty.io.grpc.StatusRuntimeException: INTERNAL: s1@group-E264CA5F8311 is not in [RUNNING]: current state is STARTING
2023-08-18 03:37:18,767 [s0@group-E264CA5F8311-LeaderElection293] INFO  impl.LeaderElection (LogUtils.java:infoOrTrace(137)) - s0@group-E264CA5F8311-LeaderElection293 got exception when requesting votes: java.util.concurrent.ExecutionException: org.apache.ratis.thirdparty.io.grpc.StatusRuntimeException: INTERNAL: s2@group-E264CA5F8311 is not in [RUNNING]: current state is STARTING
2023-08-18 03:37:18,767 [s0@group-E264CA5F8311-LeaderElection293] INFO  impl.LeaderElection (LeaderElection.java:logAndReturn(89)) - s0@group-E264CA5F8311-LeaderElection293: PRE_VOTE REJECTED received 0 response(s) and 2 exception(s):
2023-08-18 03:37:18,767 [s0@group-E264CA5F8311-LeaderElection293] INFO  impl.LeaderElection (LogUtils.java:infoOrTrace(137)) -   Exception 0: java.util.concurrent.ExecutionException: org.apache.ratis.thirdparty.io.grpc.StatusRuntimeException: INTERNAL: s1@group-E264CA5F8311 is not in [RUNNING]: current state is STARTING
2023-08-18 03:37:18,767 [s0@group-E264CA5F8311-LeaderElection293] INFO  impl.LeaderElection (LogUtils.java:infoOrTrace(137)) -   Exception 1: java.util.concurrent.ExecutionException: org.apache.ratis.thirdparty.io.grpc.StatusRuntimeException: INTERNAL: s2@group-E264CA5F8311 is not in [RUNNING]: current state is STARTING
2023-08-18 03:37:18,767 [s0@group-E264CA5F8311-LeaderElection293] INFO  impl.LeaderElection (LeaderElection.java:askForVotes(322)) - s0@group-E264CA5F8311-LeaderElection293 PRE_VOTE round 0: result REJECTED
2023-08-18 03:37:18,767 [s0@group-E264CA5F8311-LeaderElection293] INFO  server.RaftServer$Division (RaftServerImpl.java:setRole(371)) - s0@group-E264CA5F8311: changes role from CANDIDATE to FOLLOWER at term 1 for REJECTED
2023-08-18 03:37:18,767 [s0@group-E264CA5F8311-LeaderElection293] INFO  impl.RoleInfo (RoleInfo.java:shutdownLeaderElection(129)) - s0: shutdown s0@group-E264CA5F8311-LeaderElection293
2023-08-18 03:37:18,767 [s0@group-E264CA5F8311-LeaderElection293] INFO  impl.RoleInfo (RoleInfo.java:updateAndGet(138)) - s0: start s0@group-E264CA5F8311-FollowerState
2023-08-18 03:37:18,786 [s1-server-thread1] INFO  server.RaftServer$Division (RaftServerImpl.java:setConfigurationAsync(1238)) - s1@group-E264CA5F8311: receive setConfiguration SetConfigurationRequest:client-255CF6B0DA3F->s1@group-E264CA5F8311, cid=386, seq=0, RW, null, SET_UNCONDITIONALLY, servers:[s1|rpc:0.0.0.0:34459|dataStream:|priority:0|startupRole:FOLLOWER, s2|rpc:0.0.0.0:43137|dataStream:|priority:0|startupRole:FOLLOWER, s0|rpc:localhost:39295|admin:localhost:44843|client:localhost:40991|dataStream:localhost:40677|priority:0|startupRole:FOLLOWER], listeners:[]
2023-08-18 03:37:18,889 [s2-server-thread1] INFO  server.RaftServer$Division (RaftServerImpl.java:setConfigurationAsync(1238)) - s2@group-E264CA5F8311: receive setConfiguration SetConfigurationRequest:client-255CF6B0DA3F->s2@group-E264CA5F8311, cid=386, seq=0, RW, null, SET_UNCONDITIONALLY, servers:[s1|rpc:0.0.0.0:34459|dataStream:|priority:0|startupRole:FOLLOWER, s2|rpc:0.0.0.0:43137|dataStream:|priority:0|startupRole:FOLLOWER, s0|rpc:localhost:39295|admin:localhost:44843|client:localhost:40991|dataStream:localhost:40677|priority:0|startupRole:FOLLOWER], listeners:[]
2023-08-18 03:37:18,992 [s1-server-thread1] INFO  server.RaftServer$Division (RaftServerImpl.java:setConfigurationAsync(1238)) - s1@group-E264CA5F8311: receive setConfiguration SetConfigurationRequest:client-255CF6B0DA3F->s1@group-E264CA5F8311, cid=386, seq=0, RW, null, SET_UNCONDITIONALLY, servers:[s1|rpc:0.0.0.0:34459|dataStream:|priority:0|startupRole:FOLLOWER, s2|rpc:0.0.0.0:43137|dataStream:|priority:0|startupRole:FOLLOWER, s0|rpc:localhost:39295|admin:localhost:44843|client:localhost:40991|dataStream:localhost:40677|priority:0|startupRole:FOLLOWER], listeners:[]
2023-08-18 03:37:19,054 [s0@group-E264CA5F8311-FollowerState] INFO  impl.FollowerState (FollowerState.java:run(143)) - s0@group-E264CA5F8311-FollowerState: change to CANDIDATE, lastRpcElapsedTime:287234530ns, electionTimeout:287ms
2023-08-18 03:37:19,054 [s0@group-E264CA5F8311-FollowerState] INFO  impl.RoleInfo (RoleInfo.java:shutdownFollowerState(109)) - s0: shutdown s0@group-E264CA5F8311-FollowerState
2023-08-18 03:37:19,054 [s0@group-E264CA5F8311-FollowerState] INFO  server.RaftServer$Division (RaftServerImpl.java:setRole(371)) - s0@group-E264CA5F8311: changes role from  FOLLOWER to CANDIDATE at term 1 for changeToCandidate
2023-08-18 03:37:19,055 [s0@group-E264CA5F8311-FollowerState] INFO  impl.SimpleStateMachine4Testing (SimpleStateMachine4Testing.java:notifyExtendedNoLeader(411)) - StateMachineWithMultiNestedSnapshotFile:s0:group-E264CA5F8311: notifyExtendedNoLeader group-E264CA5F8311, self {
  id: "s0"
  address: "localhost:39295"
  dataStreamAddress: "localhost:40677"
  clientAddress: "localhost:40991"
  adminAddress: "localhost:44843"
  startupRole: FOLLOWER
}
role: CANDIDATE
candidateInfo {
  lastLeaderElapsedTimeMs: 77338
}

2023-08-18 03:37:19,055 [s0@group-E264CA5F8311-FollowerState] INFO  server.RaftServerConfigKeys (ConfUtils.java:logGet(46)) - raft.server.leaderelection.pre-vote = true (default)
2023-08-18 03:37:19,055 [s0@group-E264CA5F8311-FollowerState] INFO  impl.RoleInfo (RoleInfo.java:updateAndGet(138)) - s0: start s0@group-E264CA5F8311-LeaderElection294
2023-08-18 03:37:19,055 [s0@group-E264CA5F8311-LeaderElection294] INFO  impl.LeaderElection (LeaderElection.java:askForVotes(320)) - s0@group-E264CA5F8311-LeaderElection294 PRE_VOTE round 0: submit vote requests at term 1 for 255: peers:[s0|rpc:localhost:39295|admin:localhost:44843|client:localhost:40991|dataStream:localhost:40677|priority:0|startupRole:FOLLOWER, s1|rpc:0.0.0.0:34459|dataStream:|priority:0|startupRole:FOLLOWER, s2|rpc:0.0.0.0:43137|dataStream:|priority:0|startupRole:FOLLOWER]|listeners:[], old=peers:[s0|rpc:localhost:39295|admin:localhost:44843|client:localhost:40991|dataStream:localhost:40677|priority:0|startupRole:FOLLOWER]|listeners:[]
2023-08-18 03:37:19,056 [grpc-default-executor-4] INFO  server.RaftServer$Division (RaftServerImpl.java:requestVote(1344)) - s1@group-E264CA5F8311: receive requestVote(PRE_VOTE, s0, group-E264CA5F8311, 1, (t:1, i:255))
2023-08-18 03:37:19,056 [grpc-default-executor-4] WARN  server.GrpcServerProtocolService (LogUtils.java:warn(122)) - s1: Failed requestVote s0->s1#0: org.apache.ratis.protocol.exceptions.ServerNotReadyException: s1@group-E264CA5F8311 is not in [RUNNING]: current state is STARTING
2023-08-18 03:37:19,056 [s0@group-E264CA5F8311-LeaderElection294] INFO  impl.LeaderElection (LogUtils.java:infoOrTrace(137)) - s0@group-E264CA5F8311-LeaderElection294 got exception when requesting votes: java.util.concurrent.ExecutionException: org.apache.ratis.thirdparty.io.grpc.StatusRuntimeException: INTERNAL: s1@group-E264CA5F8311 is not in [RUNNING]: current state is STARTING
2023-08-18 03:37:19,056 [grpc-default-executor-3] INFO  server.RaftServer$Division (RaftServerImpl.java:requestVote(1344)) - s2@group-E264CA5F8311: receive requestVote(PRE_VOTE, s0, group-E264CA5F8311, 1, (t:1, i:255))
2023-08-18 03:37:19,056 [grpc-default-executor-3] WARN  server.GrpcServerProtocolService (LogUtils.java:warn(122)) - s2: Failed requestVote s0->s2#0: org.apache.ratis.protocol.exceptions.ServerNotReadyException: s2@group-E264CA5F8311 is not in [RUNNING]: current state is STARTING
2023-08-18 03:37:19,057 [s0@group-E264CA5F8311-LeaderElection294] INFO  impl.LeaderElection (LogUtils.java:infoOrTrace(137)) - s0@group-E264CA5F8311-LeaderElection294 got exception when requesting votes: java.util.concurrent.ExecutionException: org.apache.ratis.thirdparty.io.grpc.StatusRuntimeException: INTERNAL: s2@group-E264CA5F8311 is not in [RUNNING]: current state is STARTING
2023-08-18 03:37:19,057 [s0@group-E264CA5F8311-LeaderElection294] INFO  impl.LeaderElection (LeaderElection.java:logAndReturn(89)) - s0@group-E264CA5F8311-LeaderElection294: PRE_VOTE REJECTED received 0 response(s) and 2 exception(s):
2023-08-18 03:37:19,057 [s0@group-E264CA5F8311-LeaderElection294] INFO  impl.LeaderElection (LogUtils.java:infoOrTrace(137)) -   Exception 0: java.util.concurrent.ExecutionException: org.apache.ratis.thirdparty.io.grpc.StatusRuntimeException: INTERNAL: s1@group-E264CA5F8311 is not in [RUNNING]: current state is STARTING
2023-08-18 03:37:19,057 [s0@group-E264CA5F8311-LeaderElection294] INFO  impl.LeaderElection (LogUtils.java:infoOrTrace(137)) -   Exception 1: java.util.concurrent.ExecutionException: org.apache.ratis.thirdparty.io.grpc.StatusRuntimeException: INTERNAL: s2@group-E264CA5F8311 is not in [RUNNING]: current state is STARTING
2023-08-18 03:37:19,057 [s0@group-E264CA5F8311-LeaderElection294] INFO  impl.LeaderElection (LeaderElection.java:askForVotes(322)) - s0@group-E264CA5F8311-LeaderElection294 PRE_VOTE round 0: result REJECTED
2023-08-18 03:37:19,057 [s0@group-E264CA5F8311-LeaderElection294] INFO  server.RaftServer$Division (RaftServerImpl.java:setRole(371)) - s0@group-E264CA5F8311: changes role from CANDIDATE to FOLLOWER at term 1 for REJECTED
2023-08-18 03:37:19,057 [s0@group-E264CA5F8311-LeaderElection294] INFO  impl.RoleInfo (RoleInfo.java:shutdownLeaderElection(129)) - s0: shutdown s0@group-E264CA5F8311-LeaderElection294
2023-08-18 03:37:19,057 [s0@group-E264CA5F8311-LeaderElection294] INFO  impl.RoleInfo (RoleInfo.java:updateAndGet(138)) - s0: start s0@group-E264CA5F8311-FollowerState
2023-08-18 03:37:19,095 [s2-server-thread1] INFO  server.RaftServer$Division (RaftServerImpl.java:setConfigurationAsync(1238)) - s2@group-E264CA5F8311: receive setConfiguration SetConfigurationRequest:client-255CF6B0DA3F->s2@group-E264CA5F8311, cid=386, seq=0, RW, null, SET_UNCONDITIONALLY, servers:[s1|rpc:0.0.0.0:34459|dataStream:|priority:0|startupRole:FOLLOWER, s2|rpc:0.0.0.0:43137|dataStream:|priority:0|startupRole:FOLLOWER, s0|rpc:localhost:39295|admin:localhost:44843|client:localhost:40991|dataStream:localhost:40677|priority:0|startupRole:FOLLOWER], listeners:[]
2023-08-18 03:37:19,199 [s0-server-thread1] INFO  server.RaftServer$Division (RaftServerImpl.java:setConfigurationAsync(1238)) - s0@group-E264CA5F8311: receive setConfiguration SetConfigurationRequest:client-255CF6B0DA3F->s0@group-E264CA5F8311, cid=386, seq=0, RW, null, SET_UNCONDITIONALLY, servers:[s1|rpc:0.0.0.0:34459|dataStream:|priority:0|startupRole:FOLLOWER, s2|rpc:0.0.0.0:43137|dataStream:|priority:0|startupRole:FOLLOWER, s0|rpc:localhost:39295|admin:localhost:44843|client:localhost:40991|dataStream:localhost:40677|priority:0|startupRole:FOLLOWER], listeners:[]
2023-08-18 03:37:19,269 [s0@group-E264CA5F8311-FollowerState] INFO  impl.FollowerState (FollowerState.java:run(143)) - s0@group-E264CA5F8311-FollowerState: change to CANDIDATE, lastRpcElapsedTime:212201693ns, electionTimeout:212ms
2023-08-18 03:37:19,269 [s0@group-E264CA5F8311-FollowerState] INFO  impl.RoleInfo (RoleInfo.java:shutdownFollowerState(109)) - s0: shutdown s0@group-E264CA5F8311-FollowerState
2023-08-18 03:37:19,269 [s0@group-E264CA5F8311-FollowerState] INFO  server.RaftServer$Division (RaftServerImpl.java:setRole(371)) - s0@group-E264CA5F8311: changes role from  FOLLOWER to CANDIDATE at term 1 for changeToCandidate
2023-08-18 03:37:19,269 [s0@group-E264CA5F8311-FollowerState] INFO  impl.SimpleStateMachine4Testing (SimpleStateMachine4Testing.java:notifyExtendedNoLeader(411)) - StateMachineWithMultiNestedSnapshotFile:s0:group-E264CA5F8311: notifyExtendedNoLeader group-E264CA5F8311, self {
  id: "s0"
  address: "localhost:39295"
  dataStreamAddress: "localhost:40677"
  clientAddress: "localhost:40991"
  adminAddress: "localhost:44843"
  startupRole: FOLLOWER
}
role: CANDIDATE
candidateInfo {
  lastLeaderElapsedTimeMs: 77553
}

2023-08-18 03:37:19,269 [s0@group-E264CA5F8311-FollowerState] INFO  server.RaftServerConfigKeys (ConfUtils.java:logGet(46)) - raft.server.leaderelection.pre-vote = true (default)
2023-08-18 03:37:19,269 [s0@group-E264CA5F8311-FollowerState] INFO  impl.RoleInfo (RoleInfo.java:updateAndGet(138)) - s0: start s0@group-E264CA5F8311-LeaderElection295
2023-08-18 03:37:19,270 [s0@group-E264CA5F8311-LeaderElection295] INFO  impl.LeaderElection (LeaderElection.java:askForVotes(320)) - s0@group-E264CA5F8311-LeaderElection295 PRE_VOTE round 0: submit vote requests at term 1 for 255: peers:[s0|rpc:localhost:39295|admin:localhost:44843|client:localhost:40991|dataStream:localhost:40677|priority:0|startupRole:FOLLOWER, s1|rpc:0.0.0.0:34459|dataStream:|priority:0|startupRole:FOLLOWER, s2|rpc:0.0.0.0:43137|dataStream:|priority:0|startupRole:FOLLOWER]|listeners:[], old=peers:[s0|rpc:localhost:39295|admin:localhost:44843|client:localhost:40991|dataStream:localhost:40677|priority:0|startupRole:FOLLOWER]|listeners:[]
2023-08-18 03:37:19,270 [grpc-default-executor-3] INFO  server.RaftServer$Division (RaftServerImpl.java:requestVote(1344)) - s1@group-E264CA5F8311: receive requestVote(PRE_VOTE, s0, group-E264CA5F8311, 1, (t:1, i:255))
2023-08-18 03:37:19,271 [grpc-default-executor-3] WARN  server.GrpcServerProtocolService (LogUtils.java:warn(122)) - s1: Failed requestVote s0->s1#0: org.apache.ratis.protocol.exceptions.ServerNotReadyException: s1@group-E264CA5F8311 is not in [RUNNING]: current state is STARTING
2023-08-18 03:37:19,271 [grpc-default-executor-4] INFO  server.RaftServer$Division (RaftServerImpl.java:requestVote(1344)) - s2@group-E264CA5F8311: receive requestVote(PRE_VOTE, s0, group-E264CA5F8311, 1, (t:1, i:255))
2023-08-18 03:37:19,271 [grpc-default-executor-4] WARN  server.GrpcServerProtocolService (LogUtils.java:warn(122)) - s2: Failed requestVote s0->s2#0: org.apache.ratis.protocol.exceptions.ServerNotReadyException: s2@group-E264CA5F8311 is not in [RUNNING]: current state is STARTING
2023-08-18 03:37:19,271 [s0@group-E264CA5F8311-LeaderElection295] INFO  impl.LeaderElection (LogUtils.java:infoOrTrace(137)) - s0@group-E264CA5F8311-LeaderElection295 got exception when requesting votes: java.util.concurrent.ExecutionException: org.apache.ratis.thirdparty.io.grpc.StatusRuntimeException: INTERNAL: s1@group-E264CA5F8311 is not in [RUNNING]: current state is STARTING
2023-08-18 03:37:19,271 [s0@group-E264CA5F8311-LeaderElection295] INFO  impl.LeaderElection (LogUtils.java:infoOrTrace(137)) - s0@group-E264CA5F8311-LeaderElection295 got exception when requesting votes: java.util.concurrent.ExecutionException: org.apache.ratis.thirdparty.io.grpc.StatusRuntimeException: INTERNAL: s2@group-E264CA5F8311 is not in [RUNNING]: current state is STARTING
2023-08-18 03:37:19,271 [s0@group-E264CA5F8311-LeaderElection295] INFO  impl.LeaderElection (LeaderElection.java:logAndReturn(89)) - s0@group-E264CA5F8311-LeaderElection295: PRE_VOTE REJECTED received 0 response(s) and 2 exception(s):
2023-08-18 03:37:19,271 [s0@group-E264CA5F8311-LeaderElection295] INFO  impl.LeaderElection (LogUtils.java:infoOrTrace(137)) -   Exception 0: java.util.concurrent.ExecutionException: org.apache.ratis.thirdparty.io.grpc.StatusRuntimeException: INTERNAL: s1@group-E264CA5F8311 is not in [RUNNING]: current state is STARTING
2023-08-18 03:37:19,271 [s0@group-E264CA5F8311-LeaderElection295] INFO  impl.LeaderElection (LogUtils.java:infoOrTrace(137)) -   Exception 1: java.util.concurrent.ExecutionException: org.apache.ratis.thirdparty.io.grpc.StatusRuntimeException: INTERNAL: s2@group-E264CA5F8311 is not in [RUNNING]: current state is STARTING
2023-08-18 03:37:19,271 [s0@group-E264CA5F8311-LeaderElection295] INFO  impl.LeaderElection (LeaderElection.java:askForVotes(322)) - s0@group-E264CA5F8311-LeaderElection295 PRE_VOTE round 0: result REJECTED
2023-08-18 03:37:19,271 [s0@group-E264CA5F8311-LeaderElection295] INFO  server.RaftServer$Division (RaftServerImpl.java:setRole(371)) - s0@group-E264CA5F8311: changes role from CANDIDATE to FOLLOWER at term 1 for REJECTED
2023-08-18 03:37:19,271 [s0@group-E264CA5F8311-LeaderElection295] INFO  impl.RoleInfo (RoleInfo.java:shutdownLeaderElection(129)) - s0: shutdown s0@group-E264CA5F8311-LeaderElection295
2023-08-18 03:37:19,271 [s0@group-E264CA5F8311-LeaderElection295] INFO  impl.RoleInfo (RoleInfo.java:updateAndGet(138)) - s0: start s0@group-E264CA5F8311-FollowerState
2023-08-18 03:37:19,302 [s2-server-thread1] INFO  server.RaftServer$Division (RaftServerImpl.java:setConfigurationAsync(1238)) - s2@group-E264CA5F8311: receive setConfiguration SetConfigurationRequest:client-255CF6B0DA3F->s2@group-E264CA5F8311, cid=386, seq=0, RW, null, SET_UNCONDITIONALLY, servers:[s1|rpc:0.0.0.0:34459|dataStream:|priority:0|startupRole:FOLLOWER, s2|rpc:0.0.0.0:43137|dataStream:|priority:0|startupRole:FOLLOWER, s0|rpc:localhost:39295|admin:localhost:44843|client:localhost:40991|dataStream:localhost:40677|priority:0|startupRole:FOLLOWER], listeners:[]
2023-08-18 03:37:19,405 [s1-server-thread1] INFO  server.RaftServer$Division (RaftServerImpl.java:setConfigurationAsync(1238)) - s1@group-E264CA5F8311: receive setConfiguration SetConfigurationRequest:client-255CF6B0DA3F->s1@group-E264CA5F8311, cid=386, seq=0, RW, null, SET_UNCONDITIONALLY, servers:[s1|rpc:0.0.0.0:34459|dataStream:|priority:0|startupRole:FOLLOWER, s2|rpc:0.0.0.0:43137|dataStream:|priority:0|startupRole:FOLLOWER, s0|rpc:localhost:39295|admin:localhost:44843|client:localhost:40991|dataStream:localhost:40677|priority:0|startupRole:FOLLOWER], listeners:[]
2023-08-18 03:37:19,450 [s0@group-E264CA5F8311-FollowerState] INFO  impl.FollowerState (FollowerState.java:run(143)) - s0@group-E264CA5F8311-FollowerState: change to CANDIDATE, lastRpcElapsedTime:179349895ns, electionTimeout:179ms
2023-08-18 03:37:19,451 [s0@group-E264CA5F8311-FollowerState] INFO  impl.RoleInfo (RoleInfo.java:shutdownFollowerState(109)) - s0: shutdown s0@group-E264CA5F8311-FollowerState
2023-08-18 03:37:19,451 [s0@group-E264CA5F8311-FollowerState] INFO  server.RaftServer$Division (RaftServerImpl.java:setRole(371)) - s0@group-E264CA5F8311: changes role from  FOLLOWER to CANDIDATE at term 1 for changeToCandidate
2023-08-18 03:37:19,451 [s0@group-E264CA5F8311-FollowerState] INFO  impl.SimpleStateMachine4Testing (SimpleStateMachine4Testing.java:notifyExtendedNoLeader(411)) - StateMachineWithMultiNestedSnapshotFile:s0:group-E264CA5F8311: notifyExtendedNoLeader group-E264CA5F8311, self {
  id: "s0"
  address: "localhost:39295"
  dataStreamAddress: "localhost:40677"
  clientAddress: "localhost:40991"
  adminAddress: "localhost:44843"
  startupRole: FOLLOWER
}
role: CANDIDATE
candidateInfo {
  lastLeaderElapsedTimeMs: 77734
}

2023-08-18 03:37:19,451 [s0@group-E264CA5F8311-FollowerState] INFO  server.RaftServerConfigKeys (ConfUtils.java:logGet(46)) - raft.server.leaderelection.pre-vote = true (default)
2023-08-18 03:37:19,451 [s0@group-E264CA5F8311-FollowerState] INFO  impl.RoleInfo (RoleInfo.java:updateAndGet(138)) - s0: start s0@group-E264CA5F8311-LeaderElection296
2023-08-18 03:37:19,451 [s0@group-E264CA5F8311-LeaderElection296] INFO  impl.LeaderElection (LeaderElection.java:askForVotes(320)) - s0@group-E264CA5F8311-LeaderElection296 PRE_VOTE round 0: submit vote requests at term 1 for 255: peers:[s0|rpc:localhost:39295|admin:localhost:44843|client:localhost:40991|dataStream:localhost:40677|priority:0|startupRole:FOLLOWER, s1|rpc:0.0.0.0:34459|dataStream:|priority:0|startupRole:FOLLOWER, s2|rpc:0.0.0.0:43137|dataStream:|priority:0|startupRole:FOLLOWER]|listeners:[], old=peers:[s0|rpc:localhost:39295|admin:localhost:44843|client:localhost:40991|dataStream:localhost:40677|priority:0|startupRole:FOLLOWER]|listeners:[]
2023-08-18 03:37:19,452 [grpc-default-executor-3] INFO  server.RaftServer$Division (RaftServerImpl.java:requestVote(1344)) - s1@group-E264CA5F8311: receive requestVote(PRE_VOTE, s0, group-E264CA5F8311, 1, (t:1, i:255))
2023-08-18 03:37:19,452 [grpc-default-executor-3] WARN  server.GrpcServerProtocolService (LogUtils.java:warn(122)) - s1: Failed requestVote s0->s1#0: org.apache.ratis.protocol.exceptions.ServerNotReadyException: s1@group-E264CA5F8311 is not in [RUNNING]: current state is STARTING
2023-08-18 03:37:19,452 [grpc-default-executor-3] INFO  server.RaftServer$Division (RaftServerImpl.java:requestVote(1344)) - s2@group-E264CA5F8311: receive requestVote(PRE_VOTE, s0, group-E264CA5F8311, 1, (t:1, i:255))
2023-08-18 03:37:19,452 [grpc-default-executor-3] WARN  server.GrpcServerProtocolService (LogUtils.java:warn(122)) - s2: Failed requestVote s0->s2#0: org.apache.ratis.protocol.exceptions.ServerNotReadyException: s2@group-E264CA5F8311 is not in [RUNNING]: current state is STARTING
2023-08-18 03:37:19,453 [s0@group-E264CA5F8311-LeaderElection296] INFO  impl.LeaderElection (LogUtils.java:infoOrTrace(137)) - s0@group-E264CA5F8311-LeaderElection296 got exception when requesting votes: java.util.concurrent.ExecutionException: org.apache.ratis.thirdparty.io.grpc.StatusRuntimeException: INTERNAL: s1@group-E264CA5F8311 is not in [RUNNING]: current state is STARTING
2023-08-18 03:37:19,453 [s0@group-E264CA5F8311-LeaderElection296] INFO  impl.LeaderElection (LogUtils.java:infoOrTrace(137)) - s0@group-E264CA5F8311-LeaderElection296 got exception when requesting votes: java.util.concurrent.ExecutionException: org.apache.ratis.thirdparty.io.grpc.StatusRuntimeException: INTERNAL: s2@group-E264CA5F8311 is not in [RUNNING]: current state is STARTING
2023-08-18 03:37:19,453 [s0@group-E264CA5F8311-LeaderElection296] INFO  impl.LeaderElection (LeaderElection.java:logAndReturn(89)) - s0@group-E264CA5F8311-LeaderElection296: PRE_VOTE REJECTED received 0 response(s) and 2 exception(s):
2023-08-18 03:37:19,453 [s0@group-E264CA5F8311-LeaderElection296] INFO  impl.LeaderElection (LogUtils.java:infoOrTrace(137)) -   Exception 0: java.util.concurrent.ExecutionException: org.apache.ratis.thirdparty.io.grpc.StatusRuntimeException: INTERNAL: s1@group-E264CA5F8311 is not in [RUNNING]: current state is STARTING
2023-08-18 03:37:19,453 [s0@group-E264CA5F8311-LeaderElection296] INFO  impl.LeaderElection (LogUtils.java:infoOrTrace(137)) -   Exception 1: java.util.concurrent.ExecutionException: org.apache.ratis.thirdparty.io.grpc.StatusRuntimeException: INTERNAL: s2@group-E264CA5F8311 is not in [RUNNING]: current state is STARTING
2023-08-18 03:37:19,453 [s0@group-E264CA5F8311-LeaderElection296] INFO  impl.LeaderElection (LeaderElection.java:askForVotes(322)) - s0@group-E264CA5F8311-LeaderElection296 PRE_VOTE round 0: result REJECTED
2023-08-18 03:37:19,453 [s0@group-E264CA5F8311-LeaderElection296] INFO  server.RaftServer$Division (RaftServerImpl.java:setRole(371)) - s0@group-E264CA5F8311: changes role from CANDIDATE to FOLLOWER at term 1 for REJECTED
2023-08-18 03:37:19,453 [s0@group-E264CA5F8311-LeaderElection296] INFO  impl.RoleInfo (RoleInfo.java:shutdownLeaderElection(129)) - s0: shutdown s0@group-E264CA5F8311-LeaderElection296
2023-08-18 03:37:19,453 [s0@group-E264CA5F8311-LeaderElection296] INFO  impl.RoleInfo (RoleInfo.java:updateAndGet(138)) - s0: start s0@group-E264CA5F8311-FollowerState
2023-08-18 03:37:19,508 [s2-server-thread1] INFO  server.RaftServer$Division (RaftServerImpl.java:setConfigurationAsync(1238)) - s2@group-E264CA5F8311: receive setConfiguration SetConfigurationRequest:client-255CF6B0DA3F->s2@group-E264CA5F8311, cid=386, seq=0, RW, null, SET_UNCONDITIONALLY, servers:[s1|rpc:0.0.0.0:34459|dataStream:|priority:0|startupRole:FOLLOWER, s2|rpc:0.0.0.0:43137|dataStream:|priority:0|startupRole:FOLLOWER, s0|rpc:localhost:39295|admin:localhost:44843|client:localhost:40991|dataStream:localhost:40677|priority:0|startupRole:FOLLOWER], listeners:[]
2023-08-18 03:37:19,613 [s0-server-thread1] INFO  server.RaftServer$Division (RaftServerImpl.java:setConfigurationAsync(1238)) - s0@group-E264CA5F8311: receive setConfiguration SetConfigurationRequest:client-255CF6B0DA3F->s0@group-E264CA5F8311, cid=386, seq=0, RW, null, SET_UNCONDITIONALLY, servers:[s1|rpc:0.0.0.0:34459|dataStream:|priority:0|startupRole:FOLLOWER, s2|rpc:0.0.0.0:43137|dataStream:|priority:0|startupRole:FOLLOWER, s0|rpc:localhost:39295|admin:localhost:44843|client:localhost:40991|dataStream:localhost:40677|priority:0|startupRole:FOLLOWER], listeners:[]
2023-08-18 03:37:19,648 [s0@group-E264CA5F8311-FollowerState] INFO  impl.FollowerState (FollowerState.java:run(143)) - s0@group-E264CA5F8311-FollowerState: change to CANDIDATE, lastRpcElapsedTime:195343897ns, electionTimeout:195ms
2023-08-18 03:37:19,648 [s0@group-E264CA5F8311-FollowerState] INFO  impl.RoleInfo (RoleInfo.java:shutdownFollowerState(109)) - s0: shutdown s0@group-E264CA5F8311-FollowerState
2023-08-18 03:37:19,648 [s0@group-E264CA5F8311-FollowerState] INFO  server.RaftServer$Division (RaftServerImpl.java:setRole(371)) - s0@group-E264CA5F8311: changes role from  FOLLOWER to CANDIDATE at term 1 for changeToCandidate
2023-08-18 03:37:19,648 [s0@group-E264CA5F8311-FollowerState] INFO  impl.SimpleStateMachine4Testing (SimpleStateMachine4Testing.java:notifyExtendedNoLeader(411)) - StateMachineWithMultiNestedSnapshotFile:s0:group-E264CA5F8311: notifyExtendedNoLeader group-E264CA5F8311, self {
  id: "s0"
  address: "localhost:39295"
  dataStreamAddress: "localhost:40677"
  clientAddress: "localhost:40991"
  adminAddress: "localhost:44843"
  startupRole: FOLLOWER
}
role: CANDIDATE
candidateInfo {
  lastLeaderElapsedTimeMs: 77932
}

2023-08-18 03:37:19,649 [s0@group-E264CA5F8311-FollowerState] INFO  server.RaftServerConfigKeys (ConfUtils.java:logGet(46)) - raft.server.leaderelection.pre-vote = true (default)
2023-08-18 03:37:19,649 [s0@group-E264CA5F8311-FollowerState] INFO  impl.RoleInfo (RoleInfo.java:updateAndGet(138)) - s0: start s0@group-E264CA5F8311-LeaderElection297
2023-08-18 03:37:19,649 [s0@group-E264CA5F8311-LeaderElection297] INFO  impl.LeaderElection (LeaderElection.java:askForVotes(320)) - s0@group-E264CA5F8311-LeaderElection297 PRE_VOTE round 0: submit vote requests at term 1 for 255: peers:[s0|rpc:localhost:39295|admin:localhost:44843|client:localhost:40991|dataStream:localhost:40677|priority:0|startupRole:FOLLOWER, s1|rpc:0.0.0.0:34459|dataStream:|priority:0|startupRole:FOLLOWER, s2|rpc:0.0.0.0:43137|dataStream:|priority:0|startupRole:FOLLOWER]|listeners:[], old=peers:[s0|rpc:localhost:39295|admin:localhost:44843|client:localhost:40991|dataStream:localhost:40677|priority:0|startupRole:FOLLOWER]|listeners:[]
2023-08-18 03:37:19,650 [grpc-default-executor-4] INFO  server.RaftServer$Division (RaftServerImpl.java:requestVote(1344)) - s2@group-E264CA5F8311: receive requestVote(PRE_VOTE, s0, group-E264CA5F8311, 1, (t:1, i:255))
2023-08-18 03:37:19,650 [grpc-default-executor-4] WARN  server.GrpcServerProtocolService (LogUtils.java:warn(122)) - s2: Failed requestVote s0->s2#0: org.apache.ratis.protocol.exceptions.ServerNotReadyException: s2@group-E264CA5F8311 is not in [RUNNING]: current state is STARTING
2023-08-18 03:37:19,650 [grpc-default-executor-4] INFO  server.RaftServer$Division (RaftServerImpl.java:requestVote(1344)) - s1@group-E264CA5F8311: receive requestVote(PRE_VOTE, s0, group-E264CA5F8311, 1, (t:1, i:255))
2023-08-18 03:37:19,650 [grpc-default-executor-4] WARN  server.GrpcServerProtocolService (LogUtils.java:warn(122)) - s1: Failed requestVote s0->s1#0: org.apache.ratis.protocol.exceptions.ServerNotReadyException: s1@group-E264CA5F8311 is not in [RUNNING]: current state is STARTING
2023-08-18 03:37:19,650 [s0@group-E264CA5F8311-LeaderElection297] INFO  impl.LeaderElection (LogUtils.java:infoOrTrace(137)) - s0@group-E264CA5F8311-LeaderElection297 got exception when requesting votes: java.util.concurrent.ExecutionException: org.apache.ratis.thirdparty.io.grpc.StatusRuntimeException: INTERNAL: s2@group-E264CA5F8311 is not in [RUNNING]: current state is STARTING
2023-08-18 03:37:19,650 [s0@group-E264CA5F8311-LeaderElection297] INFO  impl.LeaderElection (LogUtils.java:infoOrTrace(137)) - s0@group-E264CA5F8311-LeaderElection297 got exception when requesting votes: java.util.concurrent.ExecutionException: org.apache.ratis.thirdparty.io.grpc.StatusRuntimeException: INTERNAL: s1@group-E264CA5F8311 is not in [RUNNING]: current state is STARTING
2023-08-18 03:37:19,650 [s0@group-E264CA5F8311-LeaderElection297] INFO  impl.LeaderElection (LeaderElection.java:logAndReturn(89)) - s0@group-E264CA5F8311-LeaderElection297: PRE_VOTE REJECTED received 0 response(s) and 2 exception(s):
2023-08-18 03:37:19,650 [s0@group-E264CA5F8311-LeaderElection297] INFO  impl.LeaderElection (LogUtils.java:infoOrTrace(137)) -   Exception 0: java.util.concurrent.ExecutionException: org.apache.ratis.thirdparty.io.grpc.StatusRuntimeException: INTERNAL: s2@group-E264CA5F8311 is not in [RUNNING]: current state is STARTING
2023-08-18 03:37:19,650 [s0@group-E264CA5F8311-LeaderElection297] INFO  impl.LeaderElection (LogUtils.java:infoOrTrace(137)) -   Exception 1: java.util.concurrent.ExecutionException: org.apache.ratis.thirdparty.io.grpc.StatusRuntimeException: INTERNAL: s1@group-E264CA5F8311 is not in [RUNNING]: current state is STARTING
2023-08-18 03:37:19,650 [s0@group-E264CA5F8311-LeaderElection297] INFO  impl.LeaderElection (LeaderElection.java:askForVotes(322)) - s0@group-E264CA5F8311-LeaderElection297 PRE_VOTE round 0: result REJECTED
2023-08-18 03:37:19,650 [s0@group-E264CA5F8311-LeaderElection297] INFO  server.RaftServer$Division (RaftServerImpl.java:setRole(371)) - s0@group-E264CA5F8311: changes role from CANDIDATE to FOLLOWER at term 1 for REJECTED
2023-08-18 03:37:19,650 [s0@group-E264CA5F8311-LeaderElection297] INFO  impl.RoleInfo (RoleInfo.java:shutdownLeaderElection(129)) - s0: shutdown s0@group-E264CA5F8311-LeaderElection297
2023-08-18 03:37:19,650 [s0@group-E264CA5F8311-LeaderElection297] INFO  impl.RoleInfo (RoleInfo.java:updateAndGet(138)) - s0: start s0@group-E264CA5F8311-FollowerState
2023-08-18 03:37:19,717 [s2-server-thread1] INFO  server.RaftServer$Division (RaftServerImpl.java:setConfigurationAsync(1238)) - s2@group-E264CA5F8311: receive setConfiguration SetConfigurationRequest:client-255CF6B0DA3F->s2@group-E264CA5F8311, cid=386, seq=0, RW, null, SET_UNCONDITIONALLY, servers:[s1|rpc:0.0.0.0:34459|dataStream:|priority:0|startupRole:FOLLOWER, s2|rpc:0.0.0.0:43137|dataStream:|priority:0|startupRole:FOLLOWER, s0|rpc:localhost:39295|admin:localhost:44843|client:localhost:40991|dataStream:localhost:40677|priority:0|startupRole:FOLLOWER], listeners:[]
2023-08-18 03:37:19,820 [s1-server-thread1] INFO  server.RaftServer$Division (RaftServerImpl.java:setConfigurationAsync(1238)) - s1@group-E264CA5F8311: receive setConfiguration SetConfigurationRequest:client-255CF6B0DA3F->s1@group-E264CA5F8311, cid=386, seq=0, RW, null, SET_UNCONDITIONALLY, servers:[s1|rpc:0.0.0.0:34459|dataStream:|priority:0|startupRole:FOLLOWER, s2|rpc:0.0.0.0:43137|dataStream:|priority:0|startupRole:FOLLOWER, s0|rpc:localhost:39295|admin:localhost:44843|client:localhost:40991|dataStream:localhost:40677|priority:0|startupRole:FOLLOWER], listeners:[]
2023-08-18 03:37:19,879 [s0@group-E264CA5F8311-FollowerState] INFO  impl.FollowerState (FollowerState.java:run(143)) - s0@group-E264CA5F8311-FollowerState: change to CANDIDATE, lastRpcElapsedTime:228224694ns, electionTimeout:228ms
2023-08-18 03:37:19,879 [s0@group-E264CA5F8311-FollowerState] INFO  impl.RoleInfo (RoleInfo.java:shutdownFollowerState(109)) - s0: shutdown s0@group-E264CA5F8311-FollowerState
2023-08-18 03:37:19,879 [s0@group-E264CA5F8311-FollowerState] INFO  server.RaftServer$Division (RaftServerImpl.java:setRole(371)) - s0@group-E264CA5F8311: changes role from  FOLLOWER to CANDIDATE at term 1 for changeToCandidate
2023-08-18 03:37:19,879 [s0@group-E264CA5F8311-FollowerState] INFO  impl.SimpleStateMachine4Testing (SimpleStateMachine4Testing.java:notifyExtendedNoLeader(411)) - StateMachineWithMultiNestedSnapshotFile:s0:group-E264CA5F8311: notifyExtendedNoLeader group-E264CA5F8311, self {
  id: "s0"
  address: "localhost:39295"
  dataStreamAddress: "localhost:40677"
  clientAddress: "localhost:40991"
  adminAddress: "localhost:44843"
  startupRole: FOLLOWER
}
role: CANDIDATE
candidateInfo {
  lastLeaderElapsedTimeMs: 78163
}

2023-08-18 03:37:19,879 [s0@group-E264CA5F8311-FollowerState] INFO  server.RaftServerConfigKeys (ConfUtils.java:logGet(46)) - raft.server.leaderelection.pre-vote = true (default)
2023-08-18 03:37:19,879 [s0@group-E264CA5F8311-FollowerState] INFO  impl.RoleInfo (RoleInfo.java:updateAndGet(138)) - s0: start s0@group-E264CA5F8311-LeaderElection298
2023-08-18 03:37:19,879 [s0@group-E264CA5F8311-LeaderElection298] INFO  impl.LeaderElection (LeaderElection.java:askForVotes(320)) - s0@group-E264CA5F8311-LeaderElection298 PRE_VOTE round 0: submit vote requests at term 1 for 255: peers:[s0|rpc:localhost:39295|admin:localhost:44843|client:localhost:40991|dataStream:localhost:40677|priority:0|startupRole:FOLLOWER, s1|rpc:0.0.0.0:34459|dataStream:|priority:0|startupRole:FOLLOWER, s2|rpc:0.0.0.0:43137|dataStream:|priority:0|startupRole:FOLLOWER]|listeners:[], old=peers:[s0|rpc:localhost:39295|admin:localhost:44843|client:localhost:40991|dataStream:localhost:40677|priority:0|startupRole:FOLLOWER]|listeners:[]
2023-08-18 03:37:19,880 [grpc-default-executor-4] INFO  server.RaftServer$Division (RaftServerImpl.java:requestVote(1344)) - s1@group-E264CA5F8311: receive requestVote(PRE_VOTE, s0, group-E264CA5F8311, 1, (t:1, i:255))
2023-08-18 03:37:19,880 [grpc-default-executor-4] WARN  server.GrpcServerProtocolService (LogUtils.java:warn(122)) - s1: Failed requestVote s0->s1#0: org.apache.ratis.protocol.exceptions.ServerNotReadyException: s1@group-E264CA5F8311 is not in [RUNNING]: current state is STARTING
2023-08-18 03:37:19,881 [s0@group-E264CA5F8311-LeaderElection298] INFO  impl.LeaderElection (LogUtils.java:infoOrTrace(137)) - s0@group-E264CA5F8311-LeaderElection298 got exception when requesting votes: java.util.concurrent.ExecutionException: org.apache.ratis.thirdparty.io.grpc.StatusRuntimeException: INTERNAL: s1@group-E264CA5F8311 is not in [RUNNING]: current state is STARTING
2023-08-18 03:37:19,881 [grpc-default-executor-3] INFO  server.RaftServer$Division (RaftServerImpl.java:requestVote(1344)) - s2@group-E264CA5F8311: receive requestVote(PRE_VOTE, s0, group-E264CA5F8311, 1, (t:1, i:255))
2023-08-18 03:37:19,881 [grpc-default-executor-3] WARN  server.GrpcServerProtocolService (LogUtils.java:warn(122)) - s2: Failed requestVote s0->s2#0: org.apache.ratis.protocol.exceptions.ServerNotReadyException: s2@group-E264CA5F8311 is not in [RUNNING]: current state is STARTING
2023-08-18 03:37:19,881 [s0@group-E264CA5F8311-LeaderElection298] INFO  impl.LeaderElection (LogUtils.java:infoOrTrace(137)) - s0@group-E264CA5F8311-LeaderElection298 got exception when requesting votes: java.util.concurrent.ExecutionException: org.apache.ratis.thirdparty.io.grpc.StatusRuntimeException: INTERNAL: s2@group-E264CA5F8311 is not in [RUNNING]: current state is STARTING
2023-08-18 03:37:19,881 [s0@group-E264CA5F8311-LeaderElection298] INFO  impl.LeaderElection (LeaderElection.java:logAndReturn(89)) - s0@group-E264CA5F8311-LeaderElection298: PRE_VOTE REJECTED received 0 response(s) and 2 exception(s):
2023-08-18 03:37:19,881 [s0@group-E264CA5F8311-LeaderElection298] INFO  impl.LeaderElection (LogUtils.java:infoOrTrace(137)) -   Exception 0: java.util.concurrent.ExecutionException: org.apache.ratis.thirdparty.io.grpc.StatusRuntimeException: INTERNAL: s1@group-E264CA5F8311 is not in [RUNNING]: current state is STARTING
2023-08-18 03:37:19,881 [s0@group-E264CA5F8311-LeaderElection298] INFO  impl.LeaderElection (LogUtils.java:infoOrTrace(137)) -   Exception 1: java.util.concurrent.ExecutionException: org.apache.ratis.thirdparty.io.grpc.StatusRuntimeException: INTERNAL: s2@group-E264CA5F8311 is not in [RUNNING]: current state is STARTING
2023-08-18 03:37:19,881 [s0@group-E264CA5F8311-LeaderElection298] INFO  impl.LeaderElection (LeaderElection.java:askForVotes(322)) - s0@group-E264CA5F8311-LeaderElection298 PRE_VOTE round 0: result REJECTED
2023-08-18 03:37:19,881 [s0@group-E264CA5F8311-LeaderElection298] INFO  server.RaftServer$Division (RaftServerImpl.java:setRole(371)) - s0@group-E264CA5F8311: changes role from CANDIDATE to FOLLOWER at term 1 for REJECTED
2023-08-18 03:37:19,881 [s0@group-E264CA5F8311-LeaderElection298] INFO  impl.RoleInfo (RoleInfo.java:shutdownLeaderElection(129)) - s0: shutdown s0@group-E264CA5F8311-LeaderElection298
2023-08-18 03:37:19,881 [s0@group-E264CA5F8311-LeaderElection298] INFO  impl.RoleInfo (RoleInfo.java:updateAndGet(138)) - s0: start s0@group-E264CA5F8311-FollowerState
2023-08-18 03:37:19,924 [s2-server-thread1] INFO  server.RaftServer$Division (RaftServerImpl.java:setConfigurationAsync(1238)) - s2@group-E264CA5F8311: receive setConfiguration SetConfigurationRequest:client-255CF6B0DA3F->s2@group-E264CA5F8311, cid=386, seq=0, RW, null, SET_UNCONDITIONALLY, servers:[s1|rpc:0.0.0.0:34459|dataStream:|priority:0|startupRole:FOLLOWER, s2|rpc:0.0.0.0:43137|dataStream:|priority:0|startupRole:FOLLOWER, s0|rpc:localhost:39295|admin:localhost:44843|client:localhost:40991|dataStream:localhost:40677|priority:0|startupRole:FOLLOWER], listeners:[]
2023-08-18 03:37:20,027 [s0-server-thread1] INFO  server.RaftServer$Division (RaftServerImpl.java:setConfigurationAsync(1238)) - s0@group-E264CA5F8311: receive setConfiguration SetConfigurationRequest:client-255CF6B0DA3F->s0@group-E264CA5F8311, cid=386, seq=0, RW, null, SET_UNCONDITIONALLY, servers:[s1|rpc:0.0.0.0:34459|dataStream:|priority:0|startupRole:FOLLOWER, s2|rpc:0.0.0.0:43137|dataStream:|priority:0|startupRole:FOLLOWER, s0|rpc:localhost:39295|admin:localhost:44843|client:localhost:40991|dataStream:localhost:40677|priority:0|startupRole:FOLLOWER], listeners:[]
2023-08-18 03:37:20,133 [s2-server-thread1] INFO  server.RaftServer$Division (RaftServerImpl.java:setConfigurationAsync(1238)) - s2@group-E264CA5F8311: receive setConfiguration SetConfigurationRequest:client-255CF6B0DA3F->s2@group-E264CA5F8311, cid=386, seq=0, RW, null, SET_UNCONDITIONALLY, servers:[s1|rpc:0.0.0.0:34459|dataStream:|priority:0|startupRole:FOLLOWER, s2|rpc:0.0.0.0:43137|dataStream:|priority:0|startupRole:FOLLOWER, s0|rpc:localhost:39295|admin:localhost:44843|client:localhost:40991|dataStream:localhost:40677|priority:0|startupRole:FOLLOWER], listeners:[]
2023-08-18 03:37:20,167 [s0@group-E264CA5F8311-FollowerState] INFO  impl.FollowerState (FollowerState.java:run(143)) - s0@group-E264CA5F8311-FollowerState: change to CANDIDATE, lastRpcElapsedTime:286249937ns, electionTimeout:286ms
2023-08-18 03:37:20,168 [s0@group-E264CA5F8311-FollowerState] INFO  impl.RoleInfo (RoleInfo.java:shutdownFollowerState(109)) - s0: shutdown s0@group-E264CA5F8311-FollowerState
2023-08-18 03:37:20,168 [s0@group-E264CA5F8311-FollowerState] INFO  server.RaftServer$Division (RaftServerImpl.java:setRole(371)) - s0@group-E264CA5F8311: changes role from  FOLLOWER to CANDIDATE at term 1 for changeToCandidate
2023-08-18 03:37:20,168 [s0@group-E264CA5F8311-FollowerState] INFO  impl.SimpleStateMachine4Testing (SimpleStateMachine4Testing.java:notifyExtendedNoLeader(411)) - StateMachineWithMultiNestedSnapshotFile:s0:group-E264CA5F8311: notifyExtendedNoLeader group-E264CA5F8311, self {
  id: "s0"
  address: "localhost:39295"
  dataStreamAddress: "localhost:40677"
  clientAddress: "localhost:40991"
  adminAddress: "localhost:44843"
  startupRole: FOLLOWER
}
role: CANDIDATE
candidateInfo {
  lastLeaderElapsedTimeMs: 78451
}

2023-08-18 03:37:20,168 [s0@group-E264CA5F8311-FollowerState] INFO  server.RaftServerConfigKeys (ConfUtils.java:logGet(46)) - raft.server.leaderelection.pre-vote = true (default)
2023-08-18 03:37:20,168 [s0@group-E264CA5F8311-FollowerState] INFO  impl.RoleInfo (RoleInfo.java:updateAndGet(138)) - s0: start s0@group-E264CA5F8311-LeaderElection299
2023-08-18 03:37:20,168 [s0@group-E264CA5F8311-LeaderElection299] INFO  impl.LeaderElection (LeaderElection.java:askForVotes(320)) - s0@group-E264CA5F8311-LeaderElection299 PRE_VOTE round 0: submit vote requests at term 1 for 255: peers:[s0|rpc:localhost:39295|admin:localhost:44843|client:localhost:40991|dataStream:localhost:40677|priority:0|startupRole:FOLLOWER, s1|rpc:0.0.0.0:34459|dataStream:|priority:0|startupRole:FOLLOWER, s2|rpc:0.0.0.0:43137|dataStream:|priority:0|startupRole:FOLLOWER]|listeners:[], old=peers:[s0|rpc:localhost:39295|admin:localhost:44843|client:localhost:40991|dataStream:localhost:40677|priority:0|startupRole:FOLLOWER]|listeners:[]
2023-08-18 03:37:20,169 [grpc-default-executor-4] INFO  server.RaftServer$Division (RaftServerImpl.java:requestVote(1344)) - s2@group-E264CA5F8311: receive requestVote(PRE_VOTE, s0, group-E264CA5F8311, 1, (t:1, i:255))
2023-08-18 03:37:20,169 [grpc-default-executor-4] WARN  server.GrpcServerProtocolService (LogUtils.java:warn(122)) - s2: Failed requestVote s0->s2#0: org.apache.ratis.protocol.exceptions.ServerNotReadyException: s2@group-E264CA5F8311 is not in [RUNNING]: current state is STARTING
2023-08-18 03:37:20,171 [grpc-default-executor-4] INFO  server.RaftServer$Division (RaftServerImpl.java:requestVote(1344)) - s1@group-E264CA5F8311: receive requestVote(PRE_VOTE, s0, group-E264CA5F8311, 1, (t:1, i:255))
2023-08-18 03:37:20,171 [grpc-default-executor-4] WARN  server.GrpcServerProtocolService (LogUtils.java:warn(122)) - s1: Failed requestVote s0->s1#0: org.apache.ratis.protocol.exceptions.ServerNotReadyException: s1@group-E264CA5F8311 is not in [RUNNING]: current state is STARTING
2023-08-18 03:37:20,171 [s0@group-E264CA5F8311-LeaderElection299] INFO  impl.LeaderElection (LogUtils.java:infoOrTrace(137)) - s0@group-E264CA5F8311-LeaderElection299 got exception when requesting votes: java.util.concurrent.ExecutionException: org.apache.ratis.thirdparty.io.grpc.StatusRuntimeException: INTERNAL: s2@group-E264CA5F8311 is not in [RUNNING]: current state is STARTING
2023-08-18 03:37:20,172 [s0@group-E264CA5F8311-LeaderElection299] INFO  impl.LeaderElection (LogUtils.java:infoOrTrace(137)) - s0@group-E264CA5F8311-LeaderElection299 got exception when requesting votes: java.util.concurrent.ExecutionException: org.apache.ratis.thirdparty.io.grpc.StatusRuntimeException: INTERNAL: s1@group-E264CA5F8311 is not in [RUNNING]: current state is STARTING
2023-08-18 03:37:20,172 [s0@group-E264CA5F8311-LeaderElection299] INFO  impl.LeaderElection (LeaderElection.java:logAndReturn(89)) - s0@group-E264CA5F8311-LeaderElection299: PRE_VOTE REJECTED received 0 response(s) and 2 exception(s):
2023-08-18 03:37:20,172 [s0@group-E264CA5F8311-LeaderElection299] INFO  impl.LeaderElection (LogUtils.java:infoOrTrace(137)) -   Exception 0: java.util.concurrent.ExecutionException: org.apache.ratis.thirdparty.io.grpc.StatusRuntimeException: INTERNAL: s2@group-E264CA5F8311 is not in [RUNNING]: current state is STARTING
2023-08-18 03:37:20,172 [s0@group-E264CA5F8311-LeaderElection299] INFO  impl.LeaderElection (LogUtils.java:infoOrTrace(137)) -   Exception 1: java.util.concurrent.ExecutionException: org.apache.ratis.thirdparty.io.grpc.StatusRuntimeException: INTERNAL: s1@group-E264CA5F8311 is not in [RUNNING]: current state is STARTING
2023-08-18 03:37:20,172 [s0@group-E264CA5F8311-LeaderElection299] INFO  impl.LeaderElection (LeaderElection.java:askForVotes(322)) - s0@group-E264CA5F8311-LeaderElection299 PRE_VOTE round 0: result REJECTED
2023-08-18 03:37:20,172 [s0@group-E264CA5F8311-LeaderElection299] INFO  server.RaftServer$Division (RaftServerImpl.java:setRole(371)) - s0@group-E264CA5F8311: changes role from CANDIDATE to FOLLOWER at term 1 for REJECTED
2023-08-18 03:37:20,172 [s0@group-E264CA5F8311-LeaderElection299] INFO  impl.RoleInfo (RoleInfo.java:shutdownLeaderElection(129)) - s0: shutdown s0@group-E264CA5F8311-LeaderElection299
2023-08-18 03:37:20,172 [s0@group-E264CA5F8311-LeaderElection299] INFO  impl.RoleInfo (RoleInfo.java:updateAndGet(138)) - s0: start s0@group-E264CA5F8311-FollowerState
2023-08-18 03:37:20,236 [s1-server-thread1] INFO  server.RaftServer$Division (RaftServerImpl.java:setConfigurationAsync(1238)) - s1@group-E264CA5F8311: receive setConfiguration SetConfigurationRequest:client-255CF6B0DA3F->s1@group-E264CA5F8311, cid=386, seq=0, RW, null, SET_UNCONDITIONALLY, servers:[s1|rpc:0.0.0.0:34459|dataStream:|priority:0|startupRole:FOLLOWER, s2|rpc:0.0.0.0:43137|dataStream:|priority:0|startupRole:FOLLOWER, s0|rpc:localhost:39295|admin:localhost:44843|client:localhost:40991|dataStream:localhost:40677|priority:0|startupRole:FOLLOWER], listeners:[]
2023-08-18 03:37:20,307 [Timer-2] INFO  impl.MiniRaftCluster (MiniRaftCluster.java:lambda$start$6(349)) - TIMED-PRINT: printing ALL groups
  s0:  RUNNING  FOLLOWER s0@group-E264CA5F8311:t1, leader=null, voted=s0, raftlog=Memoized:s0@group-E264CA5F8311-SegmentedRaftLog:OPENED:c254, conf=255: peers:[s0|rpc:localhost:39295|admin:localhost:44843|client:localhost:40991|dataStream:localhost:40677|priority:0|startupRole:FOLLOWER, s1|rpc:0.0.0.0:34459|dataStream:|priority:0|startupRole:FOLLOWER, s2|rpc:0.0.0.0:43137|dataStream:|priority:0|startupRole:FOLLOWER]|listeners:[], old=peers:[s0|rpc:localhost:39295|admin:localhost:44843|client:localhost:40991|dataStream:localhost:40677|priority:0|startupRole:FOLLOWER]|listeners:[] RUNNING
  s1:  RUNNING  FOLLOWER s1@group-E264CA5F8311:t1, leader=s0, voted=null, raftlog=Memoized:s1@group-E264CA5F8311-SegmentedRaftLog:OPENED:c-1, conf=0: peers:[s0|rpc:localhost:39295|admin:localhost:44843|client:localhost:40991|dataStream:localhost:40677|priority:0|startupRole:FOLLOWER]|listeners:[], old=null STARTING
  s2:  RUNNING  FOLLOWER s2@group-E264CA5F8311:t1, leader=s0, voted=null, raftlog=Memoized:s2@group-E264CA5F8311-SegmentedRaftLog:OPENED:c-1, conf=0: peers:[s0|rpc:localhost:39295|admin:localhost:44843|client:localhost:40991|dataStream:localhost:40677|priority:0|startupRole:FOLLOWER]|listeners:[], old=null STARTING
2023-08-18 03:37:20,325 [s0@group-E264CA5F8311-FollowerState] INFO  impl.FollowerState (FollowerState.java:run(143)) - s0@group-E264CA5F8311-FollowerState: change to CANDIDATE, lastRpcElapsedTime:153279255ns, electionTimeout:153ms
2023-08-18 03:37:20,325 [s0@group-E264CA5F8311-FollowerState] INFO  impl.RoleInfo (RoleInfo.java:shutdownFollowerState(109)) - s0: shutdown s0@group-E264CA5F8311-FollowerState
2023-08-18 03:37:20,325 [s0@group-E264CA5F8311-FollowerState] INFO  server.RaftServer$Division (RaftServerImpl.java:setRole(371)) - s0@group-E264CA5F8311: changes role from  FOLLOWER to CANDIDATE at term 1 for changeToCandidate
2023-08-18 03:37:20,325 [s0@group-E264CA5F8311-FollowerState] INFO  impl.SimpleStateMachine4Testing (SimpleStateMachine4Testing.java:notifyExtendedNoLeader(411)) - StateMachineWithMultiNestedSnapshotFile:s0:group-E264CA5F8311: notifyExtendedNoLeader group-E264CA5F8311, self {
  id: "s0"
  address: "localhost:39295"
  dataStreamAddress: "localhost:40677"
  clientAddress: "localhost:40991"
  adminAddress: "localhost:44843"
  startupRole: FOLLOWER
}
role: CANDIDATE
candidateInfo {
  lastLeaderElapsedTimeMs: 78609
}

2023-08-18 03:37:20,325 [s0@group-E264CA5F8311-FollowerState] INFO  server.RaftServerConfigKeys (ConfUtils.java:logGet(46)) - raft.server.leaderelection.pre-vote = true (default)
2023-08-18 03:37:20,326 [s0@group-E264CA5F8311-FollowerState] INFO  impl.RoleInfo (RoleInfo.java:updateAndGet(138)) - s0: start s0@group-E264CA5F8311-LeaderElection300
2023-08-18 03:37:20,326 [s0@group-E264CA5F8311-LeaderElection300] INFO  impl.LeaderElection (LeaderElection.java:askForVotes(320)) - s0@group-E264CA5F8311-LeaderElection300 PRE_VOTE round 0: submit vote requests at term 1 for 255: peers:[s0|rpc:localhost:39295|admin:localhost:44843|client:localhost:40991|dataStream:localhost:40677|priority:0|startupRole:FOLLOWER, s1|rpc:0.0.0.0:34459|dataStream:|priority:0|startupRole:FOLLOWER, s2|rpc:0.0.0.0:43137|dataStream:|priority:0|startupRole:FOLLOWER]|listeners:[], old=peers:[s0|rpc:localhost:39295|admin:localhost:44843|client:localhost:40991|dataStream:localhost:40677|priority:0|startupRole:FOLLOWER]|listeners:[]
2023-08-18 03:37:20,327 [grpc-default-executor-4] INFO  server.RaftServer$Division (RaftServerImpl.java:requestVote(1344)) - s1@group-E264CA5F8311: receive requestVote(PRE_VOTE, s0, group-E264CA5F8311, 1, (t:1, i:255))
2023-08-18 03:37:20,327 [grpc-default-executor-4] WARN  server.GrpcServerProtocolService (LogUtils.java:warn(122)) - s1: Failed requestVote s0->s1#0: org.apache.ratis.protocol.exceptions.ServerNotReadyException: s1@group-E264CA5F8311 is not in [RUNNING]: current state is STARTING
2023-08-18 03:37:20,327 [grpc-default-executor-4] INFO  server.RaftServer$Division (RaftServerImpl.java:requestVote(1344)) - s2@group-E264CA5F8311: receive requestVote(PRE_VOTE, s0, group-E264CA5F8311, 1, (t:1, i:255))
2023-08-18 03:37:20,327 [grpc-default-executor-4] WARN  server.GrpcServerProtocolService (LogUtils.java:warn(122)) - s2: Failed requestVote s0->s2#0: org.apache.ratis.protocol.exceptions.ServerNotReadyException: s2@group-E264CA5F8311 is not in [RUNNING]: current state is STARTING
2023-08-18 03:37:20,327 [s0@group-E264CA5F8311-LeaderElection300] INFO  impl.LeaderElection (LogUtils.java:infoOrTrace(137)) - s0@group-E264CA5F8311-LeaderElection300 got exception when requesting votes: java.util.concurrent.ExecutionException: org.apache.ratis.thirdparty.io.grpc.StatusRuntimeException: INTERNAL: s2@group-E264CA5F8311 is not in [RUNNING]: current state is STARTING
2023-08-18 03:37:20,327 [s0@group-E264CA5F8311-LeaderElection300] INFO  impl.LeaderElection (LogUtils.java:infoOrTrace(137)) - s0@group-E264CA5F8311-LeaderElection300 got exception when requesting votes: java.util.concurrent.ExecutionException: org.apache.ratis.thirdparty.io.grpc.StatusRuntimeException: INTERNAL: s1@group-E264CA5F8311 is not in [RUNNING]: current state is STARTING
2023-08-18 03:37:20,327 [s0@group-E264CA5F8311-LeaderElection300] INFO  impl.LeaderElection (LeaderElection.java:logAndReturn(89)) - s0@group-E264CA5F8311-LeaderElection300: PRE_VOTE REJECTED received 0 response(s) and 2 exception(s):
2023-08-18 03:37:20,327 [s0@group-E264CA5F8311-LeaderElection300] INFO  impl.LeaderElection (LogUtils.java:infoOrTrace(137)) -   Exception 0: java.util.concurrent.ExecutionException: org.apache.ratis.thirdparty.io.grpc.StatusRuntimeException: INTERNAL: s2@group-E264CA5F8311 is not in [RUNNING]: current state is STARTING
2023-08-18 03:37:20,327 [s0@group-E264CA5F8311-LeaderElection300] INFO  impl.LeaderElection (LogUtils.java:infoOrTrace(137)) -   Exception 1: java.util.concurrent.ExecutionException: org.apache.ratis.thirdparty.io.grpc.StatusRuntimeException: INTERNAL: s1@group-E264CA5F8311 is not in [RUNNING]: current state is STARTING
2023-08-18 03:37:20,328 [s0@group-E264CA5F8311-LeaderElection300] INFO  impl.LeaderElection (LeaderElection.java:askForVotes(322)) - s0@group-E264CA5F8311-LeaderElection300 PRE_VOTE round 0: result REJECTED
2023-08-18 03:37:20,328 [s0@group-E264CA5F8311-LeaderElection300] INFO  server.RaftServer$Division (RaftServerImpl.java:setRole(371)) - s0@group-E264CA5F8311: changes role from CANDIDATE to FOLLOWER at term 1 for REJECTED
2023-08-18 03:37:20,328 [s0@group-E264CA5F8311-LeaderElection300] INFO  impl.RoleInfo (RoleInfo.java:shutdownLeaderElection(129)) - s0: shutdown s0@group-E264CA5F8311-LeaderElection300
2023-08-18 03:37:20,328 [s0@group-E264CA5F8311-LeaderElection300] INFO  impl.RoleInfo (RoleInfo.java:updateAndGet(138)) - s0: start s0@group-E264CA5F8311-FollowerState
2023-08-18 03:37:20,339 [s2-server-thread1] INFO  server.RaftServer$Division (RaftServerImpl.java:setConfigurationAsync(1238)) - s2@group-E264CA5F8311: receive setConfiguration SetConfigurationRequest:client-255CF6B0DA3F->s2@group-E264CA5F8311, cid=386, seq=0, RW, null, SET_UNCONDITIONALLY, servers:[s1|rpc:0.0.0.0:34459|dataStream:|priority:0|startupRole:FOLLOWER, s2|rpc:0.0.0.0:43137|dataStream:|priority:0|startupRole:FOLLOWER, s0|rpc:localhost:39295|admin:localhost:44843|client:localhost:40991|dataStream:localhost:40677|priority:0|startupRole:FOLLOWER], listeners:[]
2023-08-18 03:37:20,443 [s0-server-thread1] INFO  server.RaftServer$Division (RaftServerImpl.java:setConfigurationAsync(1238)) - s0@group-E264CA5F8311: receive setConfiguration SetConfigurationRequest:client-255CF6B0DA3F->s0@group-E264CA5F8311, cid=386, seq=0, RW, null, SET_UNCONDITIONALLY, servers:[s1|rpc:0.0.0.0:34459|dataStream:|priority:0|startupRole:FOLLOWER, s2|rpc:0.0.0.0:43137|dataStream:|priority:0|startupRole:FOLLOWER, s0|rpc:localhost:39295|admin:localhost:44843|client:localhost:40991|dataStream:localhost:40677|priority:0|startupRole:FOLLOWER], listeners:[]
2023-08-18 03:37:20,550 [s2-server-thread1] INFO  server.RaftServer$Division (RaftServerImpl.java:setConfigurationAsync(1238)) - s2@group-E264CA5F8311: receive setConfiguration SetConfigurationRequest:client-255CF6B0DA3F->s2@group-E264CA5F8311, cid=386, seq=0, RW, null, SET_UNCONDITIONALLY, servers:[s1|rpc:0.0.0.0:34459|dataStream:|priority:0|startupRole:FOLLOWER, s2|rpc:0.0.0.0:43137|dataStream:|priority:0|startupRole:FOLLOWER, s0|rpc:localhost:39295|admin:localhost:44843|client:localhost:40991|dataStream:localhost:40677|priority:0|startupRole:FOLLOWER], listeners:[]
2023-08-18 03:37:20,587 [s0@group-E264CA5F8311-FollowerState] INFO  impl.FollowerState (FollowerState.java:run(143)) - s0@group-E264CA5F8311-FollowerState: change to CANDIDATE, lastRpcElapsedTime:259211603ns, electionTimeout:259ms
2023-08-18 03:37:20,587 [s0@group-E264CA5F8311-FollowerState] INFO  impl.RoleInfo (RoleInfo.java:shutdownFollowerState(109)) - s0: shutdown s0@group-E264CA5F8311-FollowerState
2023-08-18 03:37:20,587 [s0@group-E264CA5F8311-FollowerState] INFO  server.RaftServer$Division (RaftServerImpl.java:setRole(371)) - s0@group-E264CA5F8311: changes role from  FOLLOWER to CANDIDATE at term 1 for changeToCandidate
2023-08-18 03:37:20,587 [s0@group-E264CA5F8311-FollowerState] INFO  impl.SimpleStateMachine4Testing (SimpleStateMachine4Testing.java:notifyExtendedNoLeader(411)) - StateMachineWithMultiNestedSnapshotFile:s0:group-E264CA5F8311: notifyExtendedNoLeader group-E264CA5F8311, self {
  id: "s0"
  address: "localhost:39295"
  dataStreamAddress: "localhost:40677"
  clientAddress: "localhost:40991"
  adminAddress: "localhost:44843"
  startupRole: FOLLOWER
}
role: CANDIDATE
candidateInfo {
  lastLeaderElapsedTimeMs: 78871
}

2023-08-18 03:37:20,587 [s0@group-E264CA5F8311-FollowerState] INFO  server.RaftServerConfigKeys (ConfUtils.java:logGet(46)) - raft.server.leaderelection.pre-vote = true (default)
2023-08-18 03:37:20,587 [s0@group-E264CA5F8311-FollowerState] INFO  impl.RoleInfo (RoleInfo.java:updateAndGet(138)) - s0: start s0@group-E264CA5F8311-LeaderElection301
2023-08-18 03:37:20,588 [s0@group-E264CA5F8311-LeaderElection301] INFO  impl.LeaderElection (LeaderElection.java:askForVotes(320)) - s0@group-E264CA5F8311-LeaderElection301 PRE_VOTE round 0: submit vote requests at term 1 for 255: peers:[s0|rpc:localhost:39295|admin:localhost:44843|client:localhost:40991|dataStream:localhost:40677|priority:0|startupRole:FOLLOWER, s1|rpc:0.0.0.0:34459|dataStream:|priority:0|startupRole:FOLLOWER, s2|rpc:0.0.0.0:43137|dataStream:|priority:0|startupRole:FOLLOWER]|listeners:[], old=peers:[s0|rpc:localhost:39295|admin:localhost:44843|client:localhost:40991|dataStream:localhost:40677|priority:0|startupRole:FOLLOWER]|listeners:[]
2023-08-18 03:37:20,596 [grpc-default-executor-4] INFO  server.RaftServer$Division (RaftServerImpl.java:requestVote(1344)) - s2@group-E264CA5F8311: receive requestVote(PRE_VOTE, s0, group-E264CA5F8311, 1, (t:1, i:255))
2023-08-18 03:37:20,596 [grpc-default-executor-4] WARN  server.GrpcServerProtocolService (LogUtils.java:warn(122)) - s2: Failed requestVote s0->s2#0: org.apache.ratis.protocol.exceptions.ServerNotReadyException: s2@group-E264CA5F8311 is not in [RUNNING]: current state is STARTING
2023-08-18 03:37:20,596 [grpc-default-executor-4] INFO  server.RaftServer$Division (RaftServerImpl.java:requestVote(1344)) - s1@group-E264CA5F8311: receive requestVote(PRE_VOTE, s0, group-E264CA5F8311, 1, (t:1, i:255))
2023-08-18 03:37:20,596 [grpc-default-executor-4] WARN  server.GrpcServerProtocolService (LogUtils.java:warn(122)) - s1: Failed requestVote s0->s1#0: org.apache.ratis.protocol.exceptions.ServerNotReadyException: s1@group-E264CA5F8311 is not in [RUNNING]: current state is STARTING
2023-08-18 03:37:20,597 [s0@group-E264CA5F8311-LeaderElection301] INFO  impl.LeaderElection (LogUtils.java:infoOrTrace(137)) - s0@group-E264CA5F8311-LeaderElection301 got exception when requesting votes: java.util.concurrent.ExecutionException: org.apache.ratis.thirdparty.io.grpc.StatusRuntimeException: INTERNAL: s1@group-E264CA5F8311 is not in [RUNNING]: current state is STARTING
2023-08-18 03:37:20,597 [s0@group-E264CA5F8311-LeaderElection301] INFO  impl.LeaderElection (LogUtils.java:infoOrTrace(137)) - s0@group-E264CA5F8311-LeaderElection301 got exception when requesting votes: java.util.concurrent.ExecutionException: org.apache.ratis.thirdparty.io.grpc.StatusRuntimeException: INTERNAL: s2@group-E264CA5F8311 is not in [RUNNING]: current state is STARTING
2023-08-18 03:37:20,597 [s0@group-E264CA5F8311-LeaderElection301] INFO  impl.LeaderElection (LeaderElection.java:logAndReturn(89)) - s0@group-E264CA5F8311-LeaderElection301: PRE_VOTE REJECTED received 0 response(s) and 2 exception(s):
2023-08-18 03:37:20,597 [s0@group-E264CA5F8311-LeaderElection301] INFO  impl.LeaderElection (LogUtils.java:infoOrTrace(137)) -   Exception 0: java.util.concurrent.ExecutionException: org.apache.ratis.thirdparty.io.grpc.StatusRuntimeException: INTERNAL: s1@group-E264CA5F8311 is not in [RUNNING]: current state is STARTING
2023-08-18 03:37:20,597 [s0@group-E264CA5F8311-LeaderElection301] INFO  impl.LeaderElection (LogUtils.java:infoOrTrace(137)) -   Exception 1: java.util.concurrent.ExecutionException: org.apache.ratis.thirdparty.io.grpc.StatusRuntimeException: INTERNAL: s2@group-E264CA5F8311 is not in [RUNNING]: current state is STARTING
2023-08-18 03:37:20,597 [s0@group-E264CA5F8311-LeaderElection301] INFO  impl.LeaderElection (LeaderElection.java:askForVotes(322)) - s0@group-E264CA5F8311-LeaderElection301 PRE_VOTE round 0: result REJECTED
2023-08-18 03:37:20,597 [s0@group-E264CA5F8311-LeaderElection301] INFO  server.RaftServer$Division (RaftServerImpl.java:setRole(371)) - s0@group-E264CA5F8311: changes role from CANDIDATE to FOLLOWER at term 1 for REJECTED
2023-08-18 03:37:20,597 [s0@group-E264CA5F8311-LeaderElection301] INFO  impl.RoleInfo (RoleInfo.java:shutdownLeaderElection(129)) - s0: shutdown s0@group-E264CA5F8311-LeaderElection301
2023-08-18 03:37:20,597 [s0@group-E264CA5F8311-LeaderElection301] INFO  impl.RoleInfo (RoleInfo.java:updateAndGet(138)) - s0: start s0@group-E264CA5F8311-FollowerState
2023-08-18 03:37:20,653 [s1-server-thread1] INFO  server.RaftServer$Division (RaftServerImpl.java:setConfigurationAsync(1238)) - s1@group-E264CA5F8311: receive setConfiguration SetConfigurationRequest:client-255CF6B0DA3F->s1@group-E264CA5F8311, cid=386, seq=0, RW, null, SET_UNCONDITIONALLY, servers:[s1|rpc:0.0.0.0:34459|dataStream:|priority:0|startupRole:FOLLOWER, s2|rpc:0.0.0.0:43137|dataStream:|priority:0|startupRole:FOLLOWER, s0|rpc:localhost:39295|admin:localhost:44843|client:localhost:40991|dataStream:localhost:40677|priority:0|startupRole:FOLLOWER], listeners:[]
2023-08-18 03:37:20,756 [s2-server-thread1] INFO  server.RaftServer$Division (RaftServerImpl.java:setConfigurationAsync(1238)) - s2@group-E264CA5F8311: receive setConfiguration SetConfigurationRequest:client-255CF6B0DA3F->s2@group-E264CA5F8311, cid=386, seq=0, RW, null, SET_UNCONDITIONALLY, servers:[s1|rpc:0.0.0.0:34459|dataStream:|priority:0|startupRole:FOLLOWER, s2|rpc:0.0.0.0:43137|dataStream:|priority:0|startupRole:FOLLOWER, s0|rpc:localhost:39295|admin:localhost:44843|client:localhost:40991|dataStream:localhost:40677|priority:0|startupRole:FOLLOWER], listeners:[]
2023-08-18 03:37:20,853 [s0@group-E264CA5F8311-FollowerState] INFO  impl.FollowerState (FollowerState.java:run(143)) - s0@group-E264CA5F8311-FollowerState: change to CANDIDATE, lastRpcElapsedTime:256248353ns, electionTimeout:256ms
2023-08-18 03:37:20,853 [s0@group-E264CA5F8311-FollowerState] INFO  impl.RoleInfo (RoleInfo.java:shutdownFollowerState(109)) - s0: shutdown s0@group-E264CA5F8311-FollowerState
2023-08-18 03:37:20,853 [s0@group-E264CA5F8311-FollowerState] INFO  server.RaftServer$Division (RaftServerImpl.java:setRole(371)) - s0@group-E264CA5F8311: changes role from  FOLLOWER to CANDIDATE at term 1 for changeToCandidate
2023-08-18 03:37:20,854 [s0@group-E264CA5F8311-FollowerState] INFO  impl.SimpleStateMachine4Testing (SimpleStateMachine4Testing.java:notifyExtendedNoLeader(411)) - StateMachineWithMultiNestedSnapshotFile:s0:group-E264CA5F8311: notifyExtendedNoLeader group-E264CA5F8311, self {
  id: "s0"
  address: "localhost:39295"
  dataStreamAddress: "localhost:40677"
  clientAddress: "localhost:40991"
  adminAddress: "localhost:44843"
  startupRole: FOLLOWER
}
role: CANDIDATE
candidateInfo {
  lastLeaderElapsedTimeMs: 79137
}

2023-08-18 03:37:20,854 [s0@group-E264CA5F8311-FollowerState] INFO  server.RaftServerConfigKeys (ConfUtils.java:logGet(46)) - raft.server.leaderelection.pre-vote = true (default)
2023-08-18 03:37:20,854 [s0@group-E264CA5F8311-FollowerState] INFO  impl.RoleInfo (RoleInfo.java:updateAndGet(138)) - s0: start s0@group-E264CA5F8311-LeaderElection302
2023-08-18 03:37:20,854 [s0@group-E264CA5F8311-LeaderElection302] INFO  impl.LeaderElection (LeaderElection.java:askForVotes(320)) - s0@group-E264CA5F8311-LeaderElection302 PRE_VOTE round 0: submit vote requests at term 1 for 255: peers:[s0|rpc:localhost:39295|admin:localhost:44843|client:localhost:40991|dataStream:localhost:40677|priority:0|startupRole:FOLLOWER, s1|rpc:0.0.0.0:34459|dataStream:|priority:0|startupRole:FOLLOWER, s2|rpc:0.0.0.0:43137|dataStream:|priority:0|startupRole:FOLLOWER]|listeners:[], old=peers:[s0|rpc:localhost:39295|admin:localhost:44843|client:localhost:40991|dataStream:localhost:40677|priority:0|startupRole:FOLLOWER]|listeners:[]
2023-08-18 03:37:20,855 [grpc-default-executor-4] INFO  server.RaftServer$Division (RaftServerImpl.java:requestVote(1344)) - s2@group-E264CA5F8311: receive requestVote(PRE_VOTE, s0, group-E264CA5F8311, 1, (t:1, i:255))
2023-08-18 03:37:20,855 [grpc-default-executor-3] INFO  server.RaftServer$Division (RaftServerImpl.java:requestVote(1344)) - s1@group-E264CA5F8311: receive requestVote(PRE_VOTE, s0, group-E264CA5F8311, 1, (t:1, i:255))
2023-08-18 03:37:20,855 [grpc-default-executor-4] WARN  server.GrpcServerProtocolService (LogUtils.java:warn(122)) - s2: Failed requestVote s0->s2#0: org.apache.ratis.protocol.exceptions.ServerNotReadyException: s2@group-E264CA5F8311 is not in [RUNNING]: current state is STARTING
2023-08-18 03:37:20,855 [grpc-default-executor-3] WARN  server.GrpcServerProtocolService (LogUtils.java:warn(122)) - s1: Failed requestVote s0->s1#0: org.apache.ratis.protocol.exceptions.ServerNotReadyException: s1@group-E264CA5F8311 is not in [RUNNING]: current state is STARTING
2023-08-18 03:37:20,855 [s0@group-E264CA5F8311-LeaderElection302] INFO  impl.LeaderElection (LogUtils.java:infoOrTrace(137)) - s0@group-E264CA5F8311-LeaderElection302 got exception when requesting votes: java.util.concurrent.ExecutionException: org.apache.ratis.thirdparty.io.grpc.StatusRuntimeException: INTERNAL: s1@group-E264CA5F8311 is not in [RUNNING]: current state is STARTING
2023-08-18 03:37:20,855 [s0@group-E264CA5F8311-LeaderElection302] INFO  impl.LeaderElection (LogUtils.java:infoOrTrace(137)) - s0@group-E264CA5F8311-LeaderElection302 got exception when requesting votes: java.util.concurrent.ExecutionException: org.apache.ratis.thirdparty.io.grpc.StatusRuntimeException: INTERNAL: s2@group-E264CA5F8311 is not in [RUNNING]: current state is STARTING
2023-08-18 03:37:20,856 [s0@group-E264CA5F8311-LeaderElection302] INFO  impl.LeaderElection (LeaderElection.java:logAndReturn(89)) - s0@group-E264CA5F8311-LeaderElection302: PRE_VOTE REJECTED received 0 response(s) and 2 exception(s):
2023-08-18 03:37:20,856 [s0@group-E264CA5F8311-LeaderElection302] INFO  impl.LeaderElection (LogUtils.java:infoOrTrace(137)) -   Exception 0: java.util.concurrent.ExecutionException: org.apache.ratis.thirdparty.io.grpc.StatusRuntimeException: INTERNAL: s1@group-E264CA5F8311 is not in [RUNNING]: current state is STARTING
2023-08-18 03:37:20,856 [s0@group-E264CA5F8311-LeaderElection302] INFO  impl.LeaderElection (LogUtils.java:infoOrTrace(137)) -   Exception 1: java.util.concurrent.ExecutionException: org.apache.ratis.thirdparty.io.grpc.StatusRuntimeException: INTERNAL: s2@group-E264CA5F8311 is not in [RUNNING]: current state is STARTING
2023-08-18 03:37:20,856 [s0@group-E264CA5F8311-LeaderElection302] INFO  impl.LeaderElection (LeaderElection.java:askForVotes(322)) - s0@group-E264CA5F8311-LeaderElection302 PRE_VOTE round 0: result REJECTED
2023-08-18 03:37:20,856 [s0@group-E264CA5F8311-LeaderElection302] INFO  server.RaftServer$Division (RaftServerImpl.java:setRole(371)) - s0@group-E264CA5F8311: changes role from CANDIDATE to FOLLOWER at term 1 for REJECTED
2023-08-18 03:37:20,856 [s0@group-E264CA5F8311-LeaderElection302] INFO  impl.RoleInfo (RoleInfo.java:shutdownLeaderElection(129)) - s0: shutdown s0@group-E264CA5F8311-LeaderElection302
2023-08-18 03:37:20,856 [s0@group-E264CA5F8311-LeaderElection302] INFO  impl.RoleInfo (RoleInfo.java:updateAndGet(138)) - s0: start s0@group-E264CA5F8311-FollowerState
2023-08-18 03:37:20,860 [s0-server-thread1] INFO  server.RaftServer$Division (RaftServerImpl.java:setConfigurationAsync(1238)) - s0@group-E264CA5F8311: receive setConfiguration SetConfigurationRequest:client-255CF6B0DA3F->s0@group-E264CA5F8311, cid=386, seq=0, RW, null, SET_UNCONDITIONALLY, servers:[s1|rpc:0.0.0.0:34459|dataStream:|priority:0|startupRole:FOLLOWER, s2|rpc:0.0.0.0:43137|dataStream:|priority:0|startupRole:FOLLOWER, s0|rpc:localhost:39295|admin:localhost:44843|client:localhost:40991|dataStream:localhost:40677|priority:0|startupRole:FOLLOWER], listeners:[]
2023-08-18 03:37:20,963 [s2-server-thread1] INFO  server.RaftServer$Division (RaftServerImpl.java:setConfigurationAsync(1238)) - s2@group-E264CA5F8311: receive setConfiguration SetConfigurationRequest:client-255CF6B0DA3F->s2@group-E264CA5F8311, cid=386, seq=0, RW, null, SET_UNCONDITIONALLY, servers:[s1|rpc:0.0.0.0:34459|dataStream:|priority:0|startupRole:FOLLOWER, s2|rpc:0.0.0.0:43137|dataStream:|priority:0|startupRole:FOLLOWER, s0|rpc:localhost:39295|admin:localhost:44843|client:localhost:40991|dataStream:localhost:40677|priority:0|startupRole:FOLLOWER], listeners:[]
2023-08-18 03:37:21,066 [s1-server-thread1] INFO  server.RaftServer$Division (RaftServerImpl.java:setConfigurationAsync(1238)) - s1@group-E264CA5F8311: receive setConfiguration SetConfigurationRequest:client-255CF6B0DA3F->s1@group-E264CA5F8311, cid=386, seq=0, RW, null, SET_UNCONDITIONALLY, servers:[s1|rpc:0.0.0.0:34459|dataStream:|priority:0|startupRole:FOLLOWER, s2|rpc:0.0.0.0:43137|dataStream:|priority:0|startupRole:FOLLOWER, s0|rpc:localhost:39295|admin:localhost:44843|client:localhost:40991|dataStream:localhost:40677|priority:0|startupRole:FOLLOWER], listeners:[]
2023-08-18 03:37:21,121 [s0@group-E264CA5F8311-FollowerState] INFO  impl.FollowerState (FollowerState.java:run(143)) - s0@group-E264CA5F8311-FollowerState: change to CANDIDATE, lastRpcElapsedTime:265329002ns, electionTimeout:265ms
2023-08-18 03:37:21,121 [s0@group-E264CA5F8311-FollowerState] INFO  impl.RoleInfo (RoleInfo.java:shutdownFollowerState(109)) - s0: shutdown s0@group-E264CA5F8311-FollowerState
2023-08-18 03:37:21,121 [s0@group-E264CA5F8311-FollowerState] INFO  server.RaftServer$Division (RaftServerImpl.java:setRole(371)) - s0@group-E264CA5F8311: changes role from  FOLLOWER to CANDIDATE at term 1 for changeToCandidate
2023-08-18 03:37:21,121 [s0@group-E264CA5F8311-FollowerState] INFO  impl.SimpleStateMachine4Testing (SimpleStateMachine4Testing.java:notifyExtendedNoLeader(411)) - StateMachineWithMultiNestedSnapshotFile:s0:group-E264CA5F8311: notifyExtendedNoLeader group-E264CA5F8311, self {
  id: "s0"
  address: "localhost:39295"
  dataStreamAddress: "localhost:40677"
  clientAddress: "localhost:40991"
  adminAddress: "localhost:44843"
  startupRole: FOLLOWER
}
role: CANDIDATE
candidateInfo {
  lastLeaderElapsedTimeMs: 79405
}

2023-08-18 03:37:21,121 [s0@group-E264CA5F8311-FollowerState] INFO  server.RaftServerConfigKeys (ConfUtils.java:logGet(46)) - raft.server.leaderelection.pre-vote = true (default)
2023-08-18 03:37:21,121 [s0@group-E264CA5F8311-FollowerState] INFO  impl.RoleInfo (RoleInfo.java:updateAndGet(138)) - s0: start s0@group-E264CA5F8311-LeaderElection303
2023-08-18 03:37:21,122 [s0@group-E264CA5F8311-LeaderElection303] INFO  impl.LeaderElection (LeaderElection.java:askForVotes(320)) - s0@group-E264CA5F8311-LeaderElection303 PRE_VOTE round 0: submit vote requests at term 1 for 255: peers:[s0|rpc:localhost:39295|admin:localhost:44843|client:localhost:40991|dataStream:localhost:40677|priority:0|startupRole:FOLLOWER, s1|rpc:0.0.0.0:34459|dataStream:|priority:0|startupRole:FOLLOWER, s2|rpc:0.0.0.0:43137|dataStream:|priority:0|startupRole:FOLLOWER]|listeners:[], old=peers:[s0|rpc:localhost:39295|admin:localhost:44843|client:localhost:40991|dataStream:localhost:40677|priority:0|startupRole:FOLLOWER]|listeners:[]
2023-08-18 03:37:21,123 [grpc-default-executor-3] INFO  server.RaftServer$Division (RaftServerImpl.java:requestVote(1344)) - s2@group-E264CA5F8311: receive requestVote(PRE_VOTE, s0, group-E264CA5F8311, 1, (t:1, i:255))
2023-08-18 03:37:21,123 [grpc-default-executor-4] INFO  server.RaftServer$Division (RaftServerImpl.java:requestVote(1344)) - s1@group-E264CA5F8311: receive requestVote(PRE_VOTE, s0, group-E264CA5F8311, 1, (t:1, i:255))
2023-08-18 03:37:21,123 [grpc-default-executor-3] WARN  server.GrpcServerProtocolService (LogUtils.java:warn(122)) - s2: Failed requestVote s0->s2#0: org.apache.ratis.protocol.exceptions.ServerNotReadyException: s2@group-E264CA5F8311 is not in [RUNNING]: current state is STARTING
2023-08-18 03:37:21,123 [grpc-default-executor-4] WARN  server.GrpcServerProtocolService (LogUtils.java:warn(122)) - s1: Failed requestVote s0->s1#0: org.apache.ratis.protocol.exceptions.ServerNotReadyException: s1@group-E264CA5F8311 is not in [RUNNING]: current state is STARTING
2023-08-18 03:37:21,123 [s0@group-E264CA5F8311-LeaderElection303] INFO  impl.LeaderElection (LogUtils.java:infoOrTrace(137)) - s0@group-E264CA5F8311-LeaderElection303 got exception when requesting votes: java.util.concurrent.ExecutionException: org.apache.ratis.thirdparty.io.grpc.StatusRuntimeException: INTERNAL: s1@group-E264CA5F8311 is not in [RUNNING]: current state is STARTING
2023-08-18 03:37:21,123 [s0@group-E264CA5F8311-LeaderElection303] INFO  impl.LeaderElection (LogUtils.java:infoOrTrace(137)) - s0@group-E264CA5F8311-LeaderElection303 got exception when requesting votes: java.util.concurrent.ExecutionException: org.apache.ratis.thirdparty.io.grpc.StatusRuntimeException: INTERNAL: s2@group-E264CA5F8311 is not in [RUNNING]: current state is STARTING
2023-08-18 03:37:21,123 [s0@group-E264CA5F8311-LeaderElection303] INFO  impl.LeaderElection (LeaderElection.java:logAndReturn(89)) - s0@group-E264CA5F8311-LeaderElection303: PRE_VOTE REJECTED received 0 response(s) and 2 exception(s):
2023-08-18 03:37:21,123 [s0@group-E264CA5F8311-LeaderElection303] INFO  impl.LeaderElection (LogUtils.java:infoOrTrace(137)) -   Exception 0: java.util.concurrent.ExecutionException: org.apache.ratis.thirdparty.io.grpc.StatusRuntimeException: INTERNAL: s1@group-E264CA5F8311 is not in [RUNNING]: current state is STARTING
2023-08-18 03:37:21,123 [s0@group-E264CA5F8311-LeaderElection303] INFO  impl.LeaderElection (LogUtils.java:infoOrTrace(137)) -   Exception 1: java.util.concurrent.ExecutionException: org.apache.ratis.thirdparty.io.grpc.StatusRuntimeException: INTERNAL: s2@group-E264CA5F8311 is not in [RUNNING]: current state is STARTING
2023-08-18 03:37:21,123 [s0@group-E264CA5F8311-LeaderElection303] INFO  impl.LeaderElection (LeaderElection.java:askForVotes(322)) - s0@group-E264CA5F8311-LeaderElection303 PRE_VOTE round 0: result REJECTED
2023-08-18 03:37:21,123 [s0@group-E264CA5F8311-LeaderElection303] INFO  server.RaftServer$Division (RaftServerImpl.java:setRole(371)) - s0@group-E264CA5F8311: changes role from CANDIDATE to FOLLOWER at term 1 for REJECTED
2023-08-18 03:37:21,123 [s0@group-E264CA5F8311-LeaderElection303] INFO  impl.RoleInfo (RoleInfo.java:shutdownLeaderElection(129)) - s0: shutdown s0@group-E264CA5F8311-LeaderElection303
2023-08-18 03:37:21,123 [s0@group-E264CA5F8311-LeaderElection303] INFO  impl.RoleInfo (RoleInfo.java:updateAndGet(138)) - s0: start s0@group-E264CA5F8311-FollowerState
2023-08-18 03:37:21,170 [s2-server-thread1] INFO  server.RaftServer$Division (RaftServerImpl.java:setConfigurationAsync(1238)) - s2@group-E264CA5F8311: receive setConfiguration SetConfigurationRequest:client-255CF6B0DA3F->s2@group-E264CA5F8311, cid=386, seq=0, RW, null, SET_UNCONDITIONALLY, servers:[s1|rpc:0.0.0.0:34459|dataStream:|priority:0|startupRole:FOLLOWER, s2|rpc:0.0.0.0:43137|dataStream:|priority:0|startupRole:FOLLOWER, s0|rpc:localhost:39295|admin:localhost:44843|client:localhost:40991|dataStream:localhost:40677|priority:0|startupRole:FOLLOWER], listeners:[]
2023-08-18 03:37:21,273 [s1-server-thread1] INFO  server.RaftServer$Division (RaftServerImpl.java:setConfigurationAsync(1238)) - s1@group-E264CA5F8311: receive setConfiguration SetConfigurationRequest:client-255CF6B0DA3F->s1@group-E264CA5F8311, cid=386, seq=0, RW, null, SET_UNCONDITIONALLY, servers:[s1|rpc:0.0.0.0:34459|dataStream:|priority:0|startupRole:FOLLOWER, s2|rpc:0.0.0.0:43137|dataStream:|priority:0|startupRole:FOLLOWER, s0|rpc:localhost:39295|admin:localhost:44843|client:localhost:40991|dataStream:localhost:40677|priority:0|startupRole:FOLLOWER], listeners:[]
2023-08-18 03:37:21,304 [s0@group-E264CA5F8311-FollowerState] INFO  impl.FollowerState (FollowerState.java:run(143)) - s0@group-E264CA5F8311-FollowerState: change to CANDIDATE, lastRpcElapsedTime:180346314ns, electionTimeout:180ms
2023-08-18 03:37:21,304 [s0@group-E264CA5F8311-FollowerState] INFO  impl.RoleInfo (RoleInfo.java:shutdownFollowerState(109)) - s0: shutdown s0@group-E264CA5F8311-FollowerState
2023-08-18 03:37:21,304 [s0@group-E264CA5F8311-FollowerState] INFO  server.RaftServer$Division (RaftServerImpl.java:setRole(371)) - s0@group-E264CA5F8311: changes role from  FOLLOWER to CANDIDATE at term 1 for changeToCandidate
2023-08-18 03:37:21,304 [s0@group-E264CA5F8311-FollowerState] INFO  impl.SimpleStateMachine4Testing (SimpleStateMachine4Testing.java:notifyExtendedNoLeader(411)) - StateMachineWithMultiNestedSnapshotFile:s0:group-E264CA5F8311: notifyExtendedNoLeader group-E264CA5F8311, self {
  id: "s0"
  address: "localhost:39295"
  dataStreamAddress: "localhost:40677"
  clientAddress: "localhost:40991"
  adminAddress: "localhost:44843"
  startupRole: FOLLOWER
}
role: CANDIDATE
candidateInfo {
  lastLeaderElapsedTimeMs: 79588
}

2023-08-18 03:37:21,304 [s0@group-E264CA5F8311-FollowerState] INFO  server.RaftServerConfigKeys (ConfUtils.java:logGet(46)) - raft.server.leaderelection.pre-vote = true (default)
2023-08-18 03:37:21,304 [s0@group-E264CA5F8311-FollowerState] INFO  impl.RoleInfo (RoleInfo.java:updateAndGet(138)) - s0: start s0@group-E264CA5F8311-LeaderElection304
2023-08-18 03:37:21,305 [s0@group-E264CA5F8311-LeaderElection304] INFO  impl.LeaderElection (LeaderElection.java:askForVotes(320)) - s0@group-E264CA5F8311-LeaderElection304 PRE_VOTE round 0: submit vote requests at term 1 for 255: peers:[s0|rpc:localhost:39295|admin:localhost:44843|client:localhost:40991|dataStream:localhost:40677|priority:0|startupRole:FOLLOWER, s1|rpc:0.0.0.0:34459|dataStream:|priority:0|startupRole:FOLLOWER, s2|rpc:0.0.0.0:43137|dataStream:|priority:0|startupRole:FOLLOWER]|listeners:[], old=peers:[s0|rpc:localhost:39295|admin:localhost:44843|client:localhost:40991|dataStream:localhost:40677|priority:0|startupRole:FOLLOWER]|listeners:[]
2023-08-18 03:37:21,305 [grpc-default-executor-4] INFO  server.RaftServer$Division (RaftServerImpl.java:requestVote(1344)) - s2@group-E264CA5F8311: receive requestVote(PRE_VOTE, s0, group-E264CA5F8311, 1, (t:1, i:255))
2023-08-18 03:37:21,305 [grpc-default-executor-3] INFO  server.RaftServer$Division (RaftServerImpl.java:requestVote(1344)) - s1@group-E264CA5F8311: receive requestVote(PRE_VOTE, s0, group-E264CA5F8311, 1, (t:1, i:255))
2023-08-18 03:37:21,305 [grpc-default-executor-4] WARN  server.GrpcServerProtocolService (LogUtils.java:warn(122)) - s2: Failed requestVote s0->s2#0: org.apache.ratis.protocol.exceptions.ServerNotReadyException: s2@group-E264CA5F8311 is not in [RUNNING]: current state is STARTING
2023-08-18 03:37:21,306 [grpc-default-executor-3] WARN  server.GrpcServerProtocolService (LogUtils.java:warn(122)) - s1: Failed requestVote s0->s1#0: org.apache.ratis.protocol.exceptions.ServerNotReadyException: s1@group-E264CA5F8311 is not in [RUNNING]: current state is STARTING
2023-08-18 03:37:21,306 [s0@group-E264CA5F8311-LeaderElection304] INFO  impl.LeaderElection (LogUtils.java:infoOrTrace(137)) - s0@group-E264CA5F8311-LeaderElection304 got exception when requesting votes: java.util.concurrent.ExecutionException: org.apache.ratis.thirdparty.io.grpc.StatusRuntimeException: INTERNAL: s2@group-E264CA5F8311 is not in [RUNNING]: current state is STARTING
2023-08-18 03:37:21,306 [s0@group-E264CA5F8311-LeaderElection304] INFO  impl.LeaderElection (LogUtils.java:infoOrTrace(137)) - s0@group-E264CA5F8311-LeaderElection304 got exception when requesting votes: java.util.concurrent.ExecutionException: org.apache.ratis.thirdparty.io.grpc.StatusRuntimeException: INTERNAL: s1@group-E264CA5F8311 is not in [RUNNING]: current state is STARTING
2023-08-18 03:37:21,306 [s0@group-E264CA5F8311-LeaderElection304] INFO  impl.LeaderElection (LeaderElection.java:logAndReturn(89)) - s0@group-E264CA5F8311-LeaderElection304: PRE_VOTE REJECTED received 0 response(s) and 2 exception(s):
2023-08-18 03:37:21,306 [s0@group-E264CA5F8311-LeaderElection304] INFO  impl.LeaderElection (LogUtils.java:infoOrTrace(137)) -   Exception 0: java.util.concurrent.ExecutionException: org.apache.ratis.thirdparty.io.grpc.StatusRuntimeException: INTERNAL: s2@group-E264CA5F8311 is not in [RUNNING]: current state is STARTING
2023-08-18 03:37:21,306 [s0@group-E264CA5F8311-LeaderElection304] INFO  impl.LeaderElection (LogUtils.java:infoOrTrace(137)) -   Exception 1: java.util.concurrent.ExecutionException: org.apache.ratis.thirdparty.io.grpc.StatusRuntimeException: INTERNAL: s1@group-E264CA5F8311 is not in [RUNNING]: current state is STARTING
2023-08-18 03:37:21,306 [s0@group-E264CA5F8311-LeaderElection304] INFO  impl.LeaderElection (LeaderElection.java:askForVotes(322)) - s0@group-E264CA5F8311-LeaderElection304 PRE_VOTE round 0: result REJECTED
2023-08-18 03:37:21,306 [s0@group-E264CA5F8311-LeaderElection304] INFO  server.RaftServer$Division (RaftServerImpl.java:setRole(371)) - s0@group-E264CA5F8311: changes role from CANDIDATE to FOLLOWER at term 1 for REJECTED
2023-08-18 03:37:21,306 [s0@group-E264CA5F8311-LeaderElection304] INFO  impl.RoleInfo (RoleInfo.java:shutdownLeaderElection(129)) - s0: shutdown s0@group-E264CA5F8311-LeaderElection304
2023-08-18 03:37:21,306 [s0@group-E264CA5F8311-LeaderElection304] INFO  impl.RoleInfo (RoleInfo.java:updateAndGet(138)) - s0: start s0@group-E264CA5F8311-FollowerState
2023-08-18 03:37:21,376 [s2-server-thread1] INFO  server.RaftServer$Division (RaftServerImpl.java:setConfigurationAsync(1238)) - s2@group-E264CA5F8311: receive setConfiguration SetConfigurationRequest:client-255CF6B0DA3F->s2@group-E264CA5F8311, cid=386, seq=0, RW, null, SET_UNCONDITIONALLY, servers:[s1|rpc:0.0.0.0:34459|dataStream:|priority:0|startupRole:FOLLOWER, s2|rpc:0.0.0.0:43137|dataStream:|priority:0|startupRole:FOLLOWER, s0|rpc:localhost:39295|admin:localhost:44843|client:localhost:40991|dataStream:localhost:40677|priority:0|startupRole:FOLLOWER], listeners:[]
2023-08-18 03:37:21,480 [s0-server-thread1] INFO  server.RaftServer$Division (RaftServerImpl.java:setConfigurationAsync(1238)) - s0@group-E264CA5F8311: receive setConfiguration SetConfigurationRequest:client-255CF6B0DA3F->s0@group-E264CA5F8311, cid=386, seq=0, RW, null, SET_UNCONDITIONALLY, servers:[s1|rpc:0.0.0.0:34459|dataStream:|priority:0|startupRole:FOLLOWER, s2|rpc:0.0.0.0:43137|dataStream:|priority:0|startupRole:FOLLOWER, s0|rpc:localhost:39295|admin:localhost:44843|client:localhost:40991|dataStream:localhost:40677|priority:0|startupRole:FOLLOWER], listeners:[]
2023-08-18 03:37:21,516 [s0@group-E264CA5F8311-FollowerState] INFO  impl.FollowerState (FollowerState.java:run(143)) - s0@group-E264CA5F8311-FollowerState: change to CANDIDATE, lastRpcElapsedTime:210206334ns, electionTimeout:210ms
2023-08-18 03:37:21,516 [s0@group-E264CA5F8311-FollowerState] INFO  impl.RoleInfo (RoleInfo.java:shutdownFollowerState(109)) - s0: shutdown s0@group-E264CA5F8311-FollowerState
2023-08-18 03:37:21,516 [s0@group-E264CA5F8311-FollowerState] INFO  server.RaftServer$Division (RaftServerImpl.java:setRole(371)) - s0@group-E264CA5F8311: changes role from  FOLLOWER to CANDIDATE at term 1 for changeToCandidate
2023-08-18 03:37:21,517 [s0@group-E264CA5F8311-FollowerState] INFO  impl.SimpleStateMachine4Testing (SimpleStateMachine4Testing.java:notifyExtendedNoLeader(411)) - StateMachineWithMultiNestedSnapshotFile:s0:group-E264CA5F8311: notifyExtendedNoLeader group-E264CA5F8311, self {
  id: "s0"
  address: "localhost:39295"
  dataStreamAddress: "localhost:40677"
  clientAddress: "localhost:40991"
  adminAddress: "localhost:44843"
  startupRole: FOLLOWER
}
role: CANDIDATE
candidateInfo {
  lastLeaderElapsedTimeMs: 79800
}

2023-08-18 03:37:21,517 [s0@group-E264CA5F8311-FollowerState] INFO  server.RaftServerConfigKeys (ConfUtils.java:logGet(46)) - raft.server.leaderelection.pre-vote = true (default)
2023-08-18 03:37:21,517 [s0@group-E264CA5F8311-FollowerState] INFO  impl.RoleInfo (RoleInfo.java:updateAndGet(138)) - s0: start s0@group-E264CA5F8311-LeaderElection305
2023-08-18 03:37:21,517 [s0@group-E264CA5F8311-LeaderElection305] INFO  impl.LeaderElection (LeaderElection.java:askForVotes(320)) - s0@group-E264CA5F8311-LeaderElection305 PRE_VOTE round 0: submit vote requests at term 1 for 255: peers:[s0|rpc:localhost:39295|admin:localhost:44843|client:localhost:40991|dataStream:localhost:40677|priority:0|startupRole:FOLLOWER, s1|rpc:0.0.0.0:34459|dataStream:|priority:0|startupRole:FOLLOWER, s2|rpc:0.0.0.0:43137|dataStream:|priority:0|startupRole:FOLLOWER]|listeners:[], old=peers:[s0|rpc:localhost:39295|admin:localhost:44843|client:localhost:40991|dataStream:localhost:40677|priority:0|startupRole:FOLLOWER]|listeners:[]
2023-08-18 03:37:21,519 [grpc-default-executor-4] INFO  server.RaftServer$Division (RaftServerImpl.java:requestVote(1344)) - s1@group-E264CA5F8311: receive requestVote(PRE_VOTE, s0, group-E264CA5F8311, 1, (t:1, i:255))
2023-08-18 03:37:21,519 [grpc-default-executor-4] WARN  server.GrpcServerProtocolService (LogUtils.java:warn(122)) - s1: Failed requestVote s0->s1#0: org.apache.ratis.protocol.exceptions.ServerNotReadyException: s1@group-E264CA5F8311 is not in [RUNNING]: current state is STARTING
2023-08-18 03:37:21,520 [grpc-default-executor-3] INFO  server.RaftServer$Division (RaftServerImpl.java:requestVote(1344)) - s2@group-E264CA5F8311: receive requestVote(PRE_VOTE, s0, group-E264CA5F8311, 1, (t:1, i:255))
2023-08-18 03:37:21,520 [grpc-default-executor-3] WARN  server.GrpcServerProtocolService (LogUtils.java:warn(122)) - s2: Failed requestVote s0->s2#0: org.apache.ratis.protocol.exceptions.ServerNotReadyException: s2@group-E264CA5F8311 is not in [RUNNING]: current state is STARTING
2023-08-18 03:37:21,520 [s0@group-E264CA5F8311-LeaderElection305] INFO  impl.LeaderElection (LogUtils.java:infoOrTrace(137)) - s0@group-E264CA5F8311-LeaderElection305 got exception when requesting votes: java.util.concurrent.ExecutionException: org.apache.ratis.thirdparty.io.grpc.StatusRuntimeException: INTERNAL: s2@group-E264CA5F8311 is not in [RUNNING]: current state is STARTING
2023-08-18 03:37:21,520 [s0@group-E264CA5F8311-LeaderElection305] INFO  impl.LeaderElection (LogUtils.java:infoOrTrace(137)) - s0@group-E264CA5F8311-LeaderElection305 got exception when requesting votes: java.util.concurrent.ExecutionException: org.apache.ratis.thirdparty.io.grpc.StatusRuntimeException: INTERNAL: s1@group-E264CA5F8311 is not in [RUNNING]: current state is STARTING
2023-08-18 03:37:21,520 [s0@group-E264CA5F8311-LeaderElection305] INFO  impl.LeaderElection (LeaderElection.java:logAndReturn(89)) - s0@group-E264CA5F8311-LeaderElection305: PRE_VOTE REJECTED received 0 response(s) and 2 exception(s):
2023-08-18 03:37:21,520 [s0@group-E264CA5F8311-LeaderElection305] INFO  impl.LeaderElection (LogUtils.java:infoOrTrace(137)) -   Exception 0: java.util.concurrent.ExecutionException: org.apache.ratis.thirdparty.io.grpc.StatusRuntimeException: INTERNAL: s2@group-E264CA5F8311 is not in [RUNNING]: current state is STARTING
2023-08-18 03:37:21,520 [s0@group-E264CA5F8311-LeaderElection305] INFO  impl.LeaderElection (LogUtils.java:infoOrTrace(137)) -   Exception 1: java.util.concurrent.ExecutionException: org.apache.ratis.thirdparty.io.grpc.StatusRuntimeException: INTERNAL: s1@group-E264CA5F8311 is not in [RUNNING]: current state is STARTING
2023-08-18 03:37:21,520 [s0@group-E264CA5F8311-LeaderElection305] INFO  impl.LeaderElection (LeaderElection.java:askForVotes(322)) - s0@group-E264CA5F8311-LeaderElection305 PRE_VOTE round 0: result REJECTED
2023-08-18 03:37:21,520 [s0@group-E264CA5F8311-LeaderElection305] INFO  server.RaftServer$Division (RaftServerImpl.java:setRole(371)) - s0@group-E264CA5F8311: changes role from CANDIDATE to FOLLOWER at term 1 for REJECTED
2023-08-18 03:37:21,520 [s0@group-E264CA5F8311-LeaderElection305] INFO  impl.RoleInfo (RoleInfo.java:shutdownLeaderElection(129)) - s0: shutdown s0@group-E264CA5F8311-LeaderElection305
2023-08-18 03:37:21,520 [s0@group-E264CA5F8311-LeaderElection305] INFO  impl.RoleInfo (RoleInfo.java:updateAndGet(138)) - s0: start s0@group-E264CA5F8311-FollowerState
2023-08-18 03:37:21,583 [s1-server-thread1] INFO  server.RaftServer$Division (RaftServerImpl.java:setConfigurationAsync(1238)) - s1@group-E264CA5F8311: receive setConfiguration SetConfigurationRequest:client-255CF6B0DA3F->s1@group-E264CA5F8311, cid=386, seq=0, RW, null, SET_UNCONDITIONALLY, servers:[s1|rpc:0.0.0.0:34459|dataStream:|priority:0|startupRole:FOLLOWER, s2|rpc:0.0.0.0:43137|dataStream:|priority:0|startupRole:FOLLOWER, s0|rpc:localhost:39295|admin:localhost:44843|client:localhost:40991|dataStream:localhost:40677|priority:0|startupRole:FOLLOWER], listeners:[]
2023-08-18 03:37:21,672 [s0@group-E264CA5F8311-FollowerState] INFO  impl.FollowerState (FollowerState.java:run(143)) - s0@group-E264CA5F8311-FollowerState: change to CANDIDATE, lastRpcElapsedTime:151437988ns, electionTimeout:151ms
2023-08-18 03:37:21,672 [s0@group-E264CA5F8311-FollowerState] INFO  impl.RoleInfo (RoleInfo.java:shutdownFollowerState(109)) - s0: shutdown s0@group-E264CA5F8311-FollowerState
2023-08-18 03:37:21,672 [s0@group-E264CA5F8311-FollowerState] INFO  server.RaftServer$Division (RaftServerImpl.java:setRole(371)) - s0@group-E264CA5F8311: changes role from  FOLLOWER to CANDIDATE at term 1 for changeToCandidate
2023-08-18 03:37:21,672 [s0@group-E264CA5F8311-FollowerState] INFO  impl.SimpleStateMachine4Testing (SimpleStateMachine4Testing.java:notifyExtendedNoLeader(411)) - StateMachineWithMultiNestedSnapshotFile:s0:group-E264CA5F8311: notifyExtendedNoLeader group-E264CA5F8311, self {
  id: "s0"
  address: "localhost:39295"
  dataStreamAddress: "localhost:40677"
  clientAddress: "localhost:40991"
  adminAddress: "localhost:44843"
  startupRole: FOLLOWER
}
role: CANDIDATE
candidateInfo {
  lastLeaderElapsedTimeMs: 79956
}

2023-08-18 03:37:21,672 [s0@group-E264CA5F8311-FollowerState] INFO  server.RaftServerConfigKeys (ConfUtils.java:logGet(46)) - raft.server.leaderelection.pre-vote = true (default)
2023-08-18 03:37:21,672 [s0@group-E264CA5F8311-FollowerState] INFO  impl.RoleInfo (RoleInfo.java:updateAndGet(138)) - s0: start s0@group-E264CA5F8311-LeaderElection306
2023-08-18 03:37:21,673 [s0@group-E264CA5F8311-LeaderElection306] INFO  impl.LeaderElection (LeaderElection.java:askForVotes(320)) - s0@group-E264CA5F8311-LeaderElection306 PRE_VOTE round 0: submit vote requests at term 1 for 255: peers:[s0|rpc:localhost:39295|admin:localhost:44843|client:localhost:40991|dataStream:localhost:40677|priority:0|startupRole:FOLLOWER, s1|rpc:0.0.0.0:34459|dataStream:|priority:0|startupRole:FOLLOWER, s2|rpc:0.0.0.0:43137|dataStream:|priority:0|startupRole:FOLLOWER]|listeners:[], old=peers:[s0|rpc:localhost:39295|admin:localhost:44843|client:localhost:40991|dataStream:localhost:40677|priority:0|startupRole:FOLLOWER]|listeners:[]
2023-08-18 03:37:21,674 [grpc-default-executor-3] INFO  server.RaftServer$Division (RaftServerImpl.java:requestVote(1344)) - s1@group-E264CA5F8311: receive requestVote(PRE_VOTE, s0, group-E264CA5F8311, 1, (t:1, i:255))
2023-08-18 03:37:21,674 [grpc-default-executor-3] WARN  server.GrpcServerProtocolService (LogUtils.java:warn(122)) - s1: Failed requestVote s0->s1#0: org.apache.ratis.protocol.exceptions.ServerNotReadyException: s1@group-E264CA5F8311 is not in [RUNNING]: current state is STARTING
2023-08-18 03:37:21,674 [grpc-default-executor-3] INFO  server.RaftServer$Division (RaftServerImpl.java:requestVote(1344)) - s2@group-E264CA5F8311: receive requestVote(PRE_VOTE, s0, group-E264CA5F8311, 1, (t:1, i:255))
2023-08-18 03:37:21,674 [grpc-default-executor-3] WARN  server.GrpcServerProtocolService (LogUtils.java:warn(122)) - s2: Failed requestVote s0->s2#0: org.apache.ratis.protocol.exceptions.ServerNotReadyException: s2@group-E264CA5F8311 is not in [RUNNING]: current state is STARTING
2023-08-18 03:37:21,675 [s0@group-E264CA5F8311-LeaderElection306] INFO  impl.LeaderElection (LogUtils.java:infoOrTrace(137)) - s0@group-E264CA5F8311-LeaderElection306 got exception when requesting votes: java.util.concurrent.ExecutionException: org.apache.ratis.thirdparty.io.grpc.StatusRuntimeException: INTERNAL: s1@group-E264CA5F8311 is not in [RUNNING]: current state is STARTING
2023-08-18 03:37:21,675 [s0@group-E264CA5F8311-LeaderElection306] INFO  impl.LeaderElection (LogUtils.java:infoOrTrace(137)) - s0@group-E264CA5F8311-LeaderElection306 got exception when requesting votes: java.util.concurrent.ExecutionException: org.apache.ratis.thirdparty.io.grpc.StatusRuntimeException: INTERNAL: s2@group-E264CA5F8311 is not in [RUNNING]: current state is STARTING
2023-08-18 03:37:21,675 [s0@group-E264CA5F8311-LeaderElection306] INFO  impl.LeaderElection (LeaderElection.java:logAndReturn(89)) - s0@group-E264CA5F8311-LeaderElection306: PRE_VOTE REJECTED received 0 response(s) and 2 exception(s):
2023-08-18 03:37:21,675 [s0@group-E264CA5F8311-LeaderElection306] INFO  impl.LeaderElection (LogUtils.java:infoOrTrace(137)) -   Exception 0: java.util.concurrent.ExecutionException: org.apache.ratis.thirdparty.io.grpc.StatusRuntimeException: INTERNAL: s1@group-E264CA5F8311 is not in [RUNNING]: current state is STARTING
2023-08-18 03:37:21,675 [s0@group-E264CA5F8311-LeaderElection306] INFO  impl.LeaderElection (LogUtils.java:infoOrTrace(137)) -   Exception 1: java.util.concurrent.ExecutionException: org.apache.ratis.thirdparty.io.grpc.StatusRuntimeException: INTERNAL: s2@group-E264CA5F8311 is not in [RUNNING]: current state is STARTING
2023-08-18 03:37:21,675 [s0@group-E264CA5F8311-LeaderElection306] INFO  impl.LeaderElection (LeaderElection.java:askForVotes(322)) - s0@group-E264CA5F8311-LeaderElection306 PRE_VOTE round 0: result REJECTED
2023-08-18 03:37:21,675 [s0@group-E264CA5F8311-LeaderElection306] INFO  server.RaftServer$Division (RaftServerImpl.java:setRole(371)) - s0@group-E264CA5F8311: changes role from CANDIDATE to FOLLOWER at term 1 for REJECTED
2023-08-18 03:37:21,675 [s0@group-E264CA5F8311-LeaderElection306] INFO  impl.RoleInfo (RoleInfo.java:shutdownLeaderElection(129)) - s0: shutdown s0@group-E264CA5F8311-LeaderElection306
2023-08-18 03:37:21,675 [s0@group-E264CA5F8311-LeaderElection306] INFO  impl.RoleInfo (RoleInfo.java:updateAndGet(138)) - s0: start s0@group-E264CA5F8311-FollowerState
2023-08-18 03:37:21,686 [s0-server-thread1] INFO  server.RaftServer$Division (RaftServerImpl.java:setConfigurationAsync(1238)) - s0@group-E264CA5F8311: receive setConfiguration SetConfigurationRequest:client-255CF6B0DA3F->s0@group-E264CA5F8311, cid=386, seq=0, RW, null, SET_UNCONDITIONALLY, servers:[s1|rpc:0.0.0.0:34459|dataStream:|priority:0|startupRole:FOLLOWER, s2|rpc:0.0.0.0:43137|dataStream:|priority:0|startupRole:FOLLOWER, s0|rpc:localhost:39295|admin:localhost:44843|client:localhost:40991|dataStream:localhost:40677|priority:0|startupRole:FOLLOWER], listeners:[]
2023-08-18 03:37:21,789 [s1-server-thread1] INFO  server.RaftServer$Division (RaftServerImpl.java:setConfigurationAsync(1238)) - s1@group-E264CA5F8311: receive setConfiguration SetConfigurationRequest:client-255CF6B0DA3F->s1@group-E264CA5F8311, cid=386, seq=0, RW, null, SET_UNCONDITIONALLY, servers:[s1|rpc:0.0.0.0:34459|dataStream:|priority:0|startupRole:FOLLOWER, s2|rpc:0.0.0.0:43137|dataStream:|priority:0|startupRole:FOLLOWER, s0|rpc:localhost:39295|admin:localhost:44843|client:localhost:40991|dataStream:localhost:40677|priority:0|startupRole:FOLLOWER], listeners:[]
2023-08-18 03:37:21,892 [s0-server-thread1] INFO  server.RaftServer$Division (RaftServerImpl.java:setConfigurationAsync(1238)) - s0@group-E264CA5F8311: receive setConfiguration SetConfigurationRequest:client-255CF6B0DA3F->s0@group-E264CA5F8311, cid=386, seq=0, RW, null, SET_UNCONDITIONALLY, servers:[s1|rpc:0.0.0.0:34459|dataStream:|priority:0|startupRole:FOLLOWER, s2|rpc:0.0.0.0:43137|dataStream:|priority:0|startupRole:FOLLOWER, s0|rpc:localhost:39295|admin:localhost:44843|client:localhost:40991|dataStream:localhost:40677|priority:0|startupRole:FOLLOWER], listeners:[]
2023-08-18 03:37:21,907 [s0@group-E264CA5F8311-FollowerState] INFO  impl.FollowerState (FollowerState.java:run(143)) - s0@group-E264CA5F8311-FollowerState: change to CANDIDATE, lastRpcElapsedTime:232410801ns, electionTimeout:232ms
2023-08-18 03:37:21,907 [s0@group-E264CA5F8311-FollowerState] INFO  impl.RoleInfo (RoleInfo.java:shutdownFollowerState(109)) - s0: shutdown s0@group-E264CA5F8311-FollowerState
2023-08-18 03:37:21,907 [s0@group-E264CA5F8311-FollowerState] INFO  server.RaftServer$Division (RaftServerImpl.java:setRole(371)) - s0@group-E264CA5F8311: changes role from  FOLLOWER to CANDIDATE at term 1 for changeToCandidate
2023-08-18 03:37:21,907 [s0@group-E264CA5F8311-FollowerState] INFO  impl.SimpleStateMachine4Testing (SimpleStateMachine4Testing.java:notifyExtendedNoLeader(411)) - StateMachineWithMultiNestedSnapshotFile:s0:group-E264CA5F8311: notifyExtendedNoLeader group-E264CA5F8311, self {
  id: "s0"
  address: "localhost:39295"
  dataStreamAddress: "localhost:40677"
  clientAddress: "localhost:40991"
  adminAddress: "localhost:44843"
  startupRole: FOLLOWER
}
role: CANDIDATE
candidateInfo {
  lastLeaderElapsedTimeMs: 80191
}

2023-08-18 03:37:21,908 [s0@group-E264CA5F8311-FollowerState] INFO  server.RaftServerConfigKeys (ConfUtils.java:logGet(46)) - raft.server.leaderelection.pre-vote = true (default)
2023-08-18 03:37:21,908 [s0@group-E264CA5F8311-FollowerState] INFO  impl.RoleInfo (RoleInfo.java:updateAndGet(138)) - s0: start s0@group-E264CA5F8311-LeaderElection307
2023-08-18 03:37:21,908 [s0@group-E264CA5F8311-LeaderElection307] INFO  impl.LeaderElection (LeaderElection.java:askForVotes(320)) - s0@group-E264CA5F8311-LeaderElection307 PRE_VOTE round 0: submit vote requests at term 1 for 255: peers:[s0|rpc:localhost:39295|admin:localhost:44843|client:localhost:40991|dataStream:localhost:40677|priority:0|startupRole:FOLLOWER, s1|rpc:0.0.0.0:34459|dataStream:|priority:0|startupRole:FOLLOWER, s2|rpc:0.0.0.0:43137|dataStream:|priority:0|startupRole:FOLLOWER]|listeners:[], old=peers:[s0|rpc:localhost:39295|admin:localhost:44843|client:localhost:40991|dataStream:localhost:40677|priority:0|startupRole:FOLLOWER]|listeners:[]
2023-08-18 03:37:21,908 [grpc-default-executor-3] INFO  server.RaftServer$Division (RaftServerImpl.java:requestVote(1344)) - s1@group-E264CA5F8311: receive requestVote(PRE_VOTE, s0, group-E264CA5F8311, 1, (t:1, i:255))
2023-08-18 03:37:21,908 [grpc-default-executor-3] WARN  server.GrpcServerProtocolService (LogUtils.java:warn(122)) - s1: Failed requestVote s0->s1#0: org.apache.ratis.protocol.exceptions.ServerNotReadyException: s1@group-E264CA5F8311 is not in [RUNNING]: current state is STARTING
2023-08-18 03:37:21,909 [s0@group-E264CA5F8311-LeaderElection307] INFO  impl.LeaderElection (LogUtils.java:infoOrTrace(137)) - s0@group-E264CA5F8311-LeaderElection307 got exception when requesting votes: java.util.concurrent.ExecutionException: org.apache.ratis.thirdparty.io.grpc.StatusRuntimeException: INTERNAL: s1@group-E264CA5F8311 is not in [RUNNING]: current state is STARTING
2023-08-18 03:37:21,909 [grpc-default-executor-3] INFO  server.RaftServer$Division (RaftServerImpl.java:requestVote(1344)) - s2@group-E264CA5F8311: receive requestVote(PRE_VOTE, s0, group-E264CA5F8311, 1, (t:1, i:255))
2023-08-18 03:37:21,909 [grpc-default-executor-3] WARN  server.GrpcServerProtocolService (LogUtils.java:warn(122)) - s2: Failed requestVote s0->s2#0: org.apache.ratis.protocol.exceptions.ServerNotReadyException: s2@group-E264CA5F8311 is not in [RUNNING]: current state is STARTING
2023-08-18 03:37:21,910 [s0@group-E264CA5F8311-LeaderElection307] INFO  impl.LeaderElection (LogUtils.java:infoOrTrace(137)) - s0@group-E264CA5F8311-LeaderElection307 got exception when requesting votes: java.util.concurrent.ExecutionException: org.apache.ratis.thirdparty.io.grpc.StatusRuntimeException: INTERNAL: s2@group-E264CA5F8311 is not in [RUNNING]: current state is STARTING
2023-08-18 03:37:21,910 [s0@group-E264CA5F8311-LeaderElection307] INFO  impl.LeaderElection (LeaderElection.java:logAndReturn(89)) - s0@group-E264CA5F8311-LeaderElection307: PRE_VOTE REJECTED received 0 response(s) and 2 exception(s):
2023-08-18 03:37:21,910 [s0@group-E264CA5F8311-LeaderElection307] INFO  impl.LeaderElection (LogUtils.java:infoOrTrace(137)) -   Exception 0: java.util.concurrent.ExecutionException: org.apache.ratis.thirdparty.io.grpc.StatusRuntimeException: INTERNAL: s1@group-E264CA5F8311 is not in [RUNNING]: current state is STARTING
2023-08-18 03:37:21,910 [s0@group-E264CA5F8311-LeaderElection307] INFO  impl.LeaderElection (LogUtils.java:infoOrTrace(137)) -   Exception 1: java.util.concurrent.ExecutionException: org.apache.ratis.thirdparty.io.grpc.StatusRuntimeException: INTERNAL: s2@group-E264CA5F8311 is not in [RUNNING]: current state is STARTING
2023-08-18 03:37:21,910 [s0@group-E264CA5F8311-LeaderElection307] INFO  impl.LeaderElection (LeaderElection.java:askForVotes(322)) - s0@group-E264CA5F8311-LeaderElection307 PRE_VOTE round 0: result REJECTED
2023-08-18 03:37:21,910 [s0@group-E264CA5F8311-LeaderElection307] INFO  server.RaftServer$Division (RaftServerImpl.java:setRole(371)) - s0@group-E264CA5F8311: changes role from CANDIDATE to FOLLOWER at term 1 for REJECTED
2023-08-18 03:37:21,910 [s0@group-E264CA5F8311-LeaderElection307] INFO  impl.RoleInfo (RoleInfo.java:shutdownLeaderElection(129)) - s0: shutdown s0@group-E264CA5F8311-LeaderElection307
2023-08-18 03:37:21,910 [s0@group-E264CA5F8311-LeaderElection307] INFO  impl.RoleInfo (RoleInfo.java:updateAndGet(138)) - s0: start s0@group-E264CA5F8311-FollowerState
2023-08-18 03:37:21,996 [s1-server-thread1] INFO  server.RaftServer$Division (RaftServerImpl.java:setConfigurationAsync(1238)) - s1@group-E264CA5F8311: receive setConfiguration SetConfigurationRequest:client-255CF6B0DA3F->s1@group-E264CA5F8311, cid=386, seq=0, RW, null, SET_UNCONDITIONALLY, servers:[s1|rpc:0.0.0.0:34459|dataStream:|priority:0|startupRole:FOLLOWER, s2|rpc:0.0.0.0:43137|dataStream:|priority:0|startupRole:FOLLOWER, s0|rpc:localhost:39295|admin:localhost:44843|client:localhost:40991|dataStream:localhost:40677|priority:0|startupRole:FOLLOWER], listeners:[]
2023-08-18 03:37:22,080 [s0@group-E264CA5F8311-FollowerState] INFO  impl.FollowerState (FollowerState.java:run(143)) - s0@group-E264CA5F8311-FollowerState: change to CANDIDATE, lastRpcElapsedTime:170437574ns, electionTimeout:170ms
2023-08-18 03:37:22,080 [s0@group-E264CA5F8311-FollowerState] INFO  impl.RoleInfo (RoleInfo.java:shutdownFollowerState(109)) - s0: shutdown s0@group-E264CA5F8311-FollowerState
2023-08-18 03:37:22,080 [s0@group-E264CA5F8311-FollowerState] INFO  server.RaftServer$Division (RaftServerImpl.java:setRole(371)) - s0@group-E264CA5F8311: changes role from  FOLLOWER to CANDIDATE at term 1 for changeToCandidate
2023-08-18 03:37:22,081 [s0@group-E264CA5F8311-FollowerState] INFO  impl.SimpleStateMachine4Testing (SimpleStateMachine4Testing.java:notifyExtendedNoLeader(411)) - StateMachineWithMultiNestedSnapshotFile:s0:group-E264CA5F8311: notifyExtendedNoLeader group-E264CA5F8311, self {
  id: "s0"
  address: "localhost:39295"
  dataStreamAddress: "localhost:40677"
  clientAddress: "localhost:40991"
  adminAddress: "localhost:44843"
  startupRole: FOLLOWER
}
role: CANDIDATE
candidateInfo {
  lastLeaderElapsedTimeMs: 80364
}

2023-08-18 03:37:22,081 [s0@group-E264CA5F8311-FollowerState] INFO  server.RaftServerConfigKeys (ConfUtils.java:logGet(46)) - raft.server.leaderelection.pre-vote = true (default)
2023-08-18 03:37:22,081 [s0@group-E264CA5F8311-FollowerState] INFO  impl.RoleInfo (RoleInfo.java:updateAndGet(138)) - s0: start s0@group-E264CA5F8311-LeaderElection308
2023-08-18 03:37:22,081 [s0@group-E264CA5F8311-LeaderElection308] INFO  impl.LeaderElection (LeaderElection.java:askForVotes(320)) - s0@group-E264CA5F8311-LeaderElection308 PRE_VOTE round 0: submit vote requests at term 1 for 255: peers:[s0|rpc:localhost:39295|admin:localhost:44843|client:localhost:40991|dataStream:localhost:40677|priority:0|startupRole:FOLLOWER, s1|rpc:0.0.0.0:34459|dataStream:|priority:0|startupRole:FOLLOWER, s2|rpc:0.0.0.0:43137|dataStream:|priority:0|startupRole:FOLLOWER]|listeners:[], old=peers:[s0|rpc:localhost:39295|admin:localhost:44843|client:localhost:40991|dataStream:localhost:40677|priority:0|startupRole:FOLLOWER]|listeners:[]
2023-08-18 03:37:22,082 [grpc-default-executor-3] INFO  server.RaftServer$Division (RaftServerImpl.java:requestVote(1344)) - s1@group-E264CA5F8311: receive requestVote(PRE_VOTE, s0, group-E264CA5F8311, 1, (t:1, i:255))
2023-08-18 03:37:22,082 [grpc-default-executor-3] WARN  server.GrpcServerProtocolService (LogUtils.java:warn(122)) - s1: Failed requestVote s0->s1#0: org.apache.ratis.protocol.exceptions.ServerNotReadyException: s1@group-E264CA5F8311 is not in [RUNNING]: current state is STARTING
2023-08-18 03:37:22,082 [grpc-default-executor-3] INFO  server.RaftServer$Division (RaftServerImpl.java:requestVote(1344)) - s2@group-E264CA5F8311: receive requestVote(PRE_VOTE, s0, group-E264CA5F8311, 1, (t:1, i:255))
2023-08-18 03:37:22,082 [grpc-default-executor-3] WARN  server.GrpcServerProtocolService (LogUtils.java:warn(122)) - s2: Failed requestVote s0->s2#0: org.apache.ratis.protocol.exceptions.ServerNotReadyException: s2@group-E264CA5F8311 is not in [RUNNING]: current state is STARTING
2023-08-18 03:37:22,082 [s0@group-E264CA5F8311-LeaderElection308] INFO  impl.LeaderElection (LogUtils.java:infoOrTrace(137)) - s0@group-E264CA5F8311-LeaderElection308 got exception when requesting votes: java.util.concurrent.ExecutionException: org.apache.ratis.thirdparty.io.grpc.StatusRuntimeException: INTERNAL: s1@group-E264CA5F8311 is not in [RUNNING]: current state is STARTING
2023-08-18 03:37:22,082 [s0@group-E264CA5F8311-LeaderElection308] INFO  impl.LeaderElection (LogUtils.java:infoOrTrace(137)) - s0@group-E264CA5F8311-LeaderElection308 got exception when requesting votes: java.util.concurrent.ExecutionException: org.apache.ratis.thirdparty.io.grpc.StatusRuntimeException: INTERNAL: s2@group-E264CA5F8311 is not in [RUNNING]: current state is STARTING
2023-08-18 03:37:22,082 [s0@group-E264CA5F8311-LeaderElection308] INFO  impl.LeaderElection (LeaderElection.java:logAndReturn(89)) - s0@group-E264CA5F8311-LeaderElection308: PRE_VOTE REJECTED received 0 response(s) and 2 exception(s):
2023-08-18 03:37:22,082 [s0@group-E264CA5F8311-LeaderElection308] INFO  impl.LeaderElection (LogUtils.java:infoOrTrace(137)) -   Exception 0: java.util.concurrent.ExecutionException: org.apache.ratis.thirdparty.io.grpc.StatusRuntimeException: INTERNAL: s1@group-E264CA5F8311 is not in [RUNNING]: current state is STARTING
2023-08-18 03:37:22,082 [s0@group-E264CA5F8311-LeaderElection308] INFO  impl.LeaderElection (LogUtils.java:infoOrTrace(137)) -   Exception 1: java.util.concurrent.ExecutionException: org.apache.ratis.thirdparty.io.grpc.StatusRuntimeException: INTERNAL: s2@group-E264CA5F8311 is not in [RUNNING]: current state is STARTING
2023-08-18 03:37:22,082 [s0@group-E264CA5F8311-LeaderElection308] INFO  impl.LeaderElection (LeaderElection.java:askForVotes(322)) - s0@group-E264CA5F8311-LeaderElection308 PRE_VOTE round 0: result REJECTED
2023-08-18 03:37:22,082 [s0@group-E264CA5F8311-LeaderElection308] INFO  server.RaftServer$Division (RaftServerImpl.java:setRole(371)) - s0@group-E264CA5F8311: changes role from CANDIDATE to FOLLOWER at term 1 for REJECTED
2023-08-18 03:37:22,082 [s0@group-E264CA5F8311-LeaderElection308] INFO  impl.RoleInfo (RoleInfo.java:shutdownLeaderElection(129)) - s0: shutdown s0@group-E264CA5F8311-LeaderElection308
2023-08-18 03:37:22,082 [s0@group-E264CA5F8311-LeaderElection308] INFO  impl.RoleInfo (RoleInfo.java:updateAndGet(138)) - s0: start s0@group-E264CA5F8311-FollowerState
2023-08-18 03:37:22,099 [s0-server-thread1] INFO  server.RaftServer$Division (RaftServerImpl.java:setConfigurationAsync(1238)) - s0@group-E264CA5F8311: receive setConfiguration SetConfigurationRequest:client-255CF6B0DA3F->s0@group-E264CA5F8311, cid=386, seq=0, RW, null, SET_UNCONDITIONALLY, servers:[s1|rpc:0.0.0.0:34459|dataStream:|priority:0|startupRole:FOLLOWER, s2|rpc:0.0.0.0:43137|dataStream:|priority:0|startupRole:FOLLOWER, s0|rpc:localhost:39295|admin:localhost:44843|client:localhost:40991|dataStream:localhost:40677|priority:0|startupRole:FOLLOWER], listeners:[]
2023-08-18 03:37:22,202 [s2-server-thread1] INFO  server.RaftServer$Division (RaftServerImpl.java:setConfigurationAsync(1238)) - s2@group-E264CA5F8311: receive setConfiguration SetConfigurationRequest:client-255CF6B0DA3F->s2@group-E264CA5F8311, cid=386, seq=0, RW, null, SET_UNCONDITIONALLY, servers:[s1|rpc:0.0.0.0:34459|dataStream:|priority:0|startupRole:FOLLOWER, s2|rpc:0.0.0.0:43137|dataStream:|priority:0|startupRole:FOLLOWER, s0|rpc:localhost:39295|admin:localhost:44843|client:localhost:40991|dataStream:localhost:40677|priority:0|startupRole:FOLLOWER], listeners:[]
2023-08-18 03:37:22,240 [s0@group-E264CA5F8311-FollowerState] INFO  impl.FollowerState (FollowerState.java:run(143)) - s0@group-E264CA5F8311-FollowerState: change to CANDIDATE, lastRpcElapsedTime:157380352ns, electionTimeout:157ms
2023-08-18 03:37:22,240 [s0@group-E264CA5F8311-FollowerState] INFO  impl.RoleInfo (RoleInfo.java:shutdownFollowerState(109)) - s0: shutdown s0@group-E264CA5F8311-FollowerState
2023-08-18 03:37:22,240 [s0@group-E264CA5F8311-FollowerState] INFO  server.RaftServer$Division (RaftServerImpl.java:setRole(371)) - s0@group-E264CA5F8311: changes role from  FOLLOWER to CANDIDATE at term 1 for changeToCandidate
2023-08-18 03:37:22,240 [s0@group-E264CA5F8311-FollowerState] INFO  impl.SimpleStateMachine4Testing (SimpleStateMachine4Testing.java:notifyExtendedNoLeader(411)) - StateMachineWithMultiNestedSnapshotFile:s0:group-E264CA5F8311: notifyExtendedNoLeader group-E264CA5F8311, self {
  id: "s0"
  address: "localhost:39295"
  dataStreamAddress: "localhost:40677"
  clientAddress: "localhost:40991"
  adminAddress: "localhost:44843"
  startupRole: FOLLOWER
}
role: CANDIDATE
candidateInfo {
  lastLeaderElapsedTimeMs: 80524
}

2023-08-18 03:37:22,240 [s0@group-E264CA5F8311-FollowerState] INFO  server.RaftServerConfigKeys (ConfUtils.java:logGet(46)) - raft.server.leaderelection.pre-vote = true (default)
2023-08-18 03:37:22,240 [s0@group-E264CA5F8311-FollowerState] INFO  impl.RoleInfo (RoleInfo.java:updateAndGet(138)) - s0: start s0@group-E264CA5F8311-LeaderElection309
2023-08-18 03:37:22,241 [s0@group-E264CA5F8311-LeaderElection309] INFO  impl.LeaderElection (LeaderElection.java:askForVotes(320)) - s0@group-E264CA5F8311-LeaderElection309 PRE_VOTE round 0: submit vote requests at term 1 for 255: peers:[s0|rpc:localhost:39295|admin:localhost:44843|client:localhost:40991|dataStream:localhost:40677|priority:0|startupRole:FOLLOWER, s1|rpc:0.0.0.0:34459|dataStream:|priority:0|startupRole:FOLLOWER, s2|rpc:0.0.0.0:43137|dataStream:|priority:0|startupRole:FOLLOWER]|listeners:[], old=peers:[s0|rpc:localhost:39295|admin:localhost:44843|client:localhost:40991|dataStream:localhost:40677|priority:0|startupRole:FOLLOWER]|listeners:[]
2023-08-18 03:37:22,241 [grpc-default-executor-3] INFO  server.RaftServer$Division (RaftServerImpl.java:requestVote(1344)) - s1@group-E264CA5F8311: receive requestVote(PRE_VOTE, s0, group-E264CA5F8311, 1, (t:1, i:255))
2023-08-18 03:37:22,242 [grpc-default-executor-3] WARN  server.GrpcServerProtocolService (LogUtils.java:warn(122)) - s1: Failed requestVote s0->s1#0: org.apache.ratis.protocol.exceptions.ServerNotReadyException: s1@group-E264CA5F8311 is not in [RUNNING]: current state is STARTING
2023-08-18 03:37:22,242 [grpc-default-executor-3] INFO  server.RaftServer$Division (RaftServerImpl.java:requestVote(1344)) - s2@group-E264CA5F8311: receive requestVote(PRE_VOTE, s0, group-E264CA5F8311, 1, (t:1, i:255))
2023-08-18 03:37:22,242 [grpc-default-executor-3] WARN  server.GrpcServerProtocolService (LogUtils.java:warn(122)) - s2: Failed requestVote s0->s2#0: org.apache.ratis.protocol.exceptions.ServerNotReadyException: s2@group-E264CA5F8311 is not in [RUNNING]: current state is STARTING
2023-08-18 03:37:22,243 [s0@group-E264CA5F8311-LeaderElection309] INFO  impl.LeaderElection (LogUtils.java:infoOrTrace(137)) - s0@group-E264CA5F8311-LeaderElection309 got exception when requesting votes: java.util.concurrent.ExecutionException: org.apache.ratis.thirdparty.io.grpc.StatusRuntimeException: INTERNAL: s1@group-E264CA5F8311 is not in [RUNNING]: current state is STARTING
2023-08-18 03:37:22,243 [s0@group-E264CA5F8311-LeaderElection309] INFO  impl.LeaderElection (LogUtils.java:infoOrTrace(137)) - s0@group-E264CA5F8311-LeaderElection309 got exception when requesting votes: java.util.concurrent.ExecutionException: org.apache.ratis.thirdparty.io.grpc.StatusRuntimeException: INTERNAL: s2@group-E264CA5F8311 is not in [RUNNING]: current state is STARTING
2023-08-18 03:37:22,243 [s0@group-E264CA5F8311-LeaderElection309] INFO  impl.LeaderElection (LeaderElection.java:logAndReturn(89)) - s0@group-E264CA5F8311-LeaderElection309: PRE_VOTE REJECTED received 0 response(s) and 2 exception(s):
2023-08-18 03:37:22,243 [s0@group-E264CA5F8311-LeaderElection309] INFO  impl.LeaderElection (LogUtils.java:infoOrTrace(137)) -   Exception 0: java.util.concurrent.ExecutionException: org.apache.ratis.thirdparty.io.grpc.StatusRuntimeException: INTERNAL: s1@group-E264CA5F8311 is not in [RUNNING]: current state is STARTING
2023-08-18 03:37:22,243 [s0@group-E264CA5F8311-LeaderElection309] INFO  impl.LeaderElection (LogUtils.java:infoOrTrace(137)) -   Exception 1: java.util.concurrent.ExecutionException: org.apache.ratis.thirdparty.io.grpc.StatusRuntimeException: INTERNAL: s2@group-E264CA5F8311 is not in [RUNNING]: current state is STARTING
2023-08-18 03:37:22,243 [s0@group-E264CA5F8311-LeaderElection309] INFO  impl.LeaderElection (LeaderElection.java:askForVotes(322)) - s0@group-E264CA5F8311-LeaderElection309 PRE_VOTE round 0: result REJECTED
2023-08-18 03:37:22,243 [s0@group-E264CA5F8311-LeaderElection309] INFO  server.RaftServer$Division (RaftServerImpl.java:setRole(371)) - s0@group-E264CA5F8311: changes role from CANDIDATE to FOLLOWER at term 1 for REJECTED
2023-08-18 03:37:22,243 [s0@group-E264CA5F8311-LeaderElection309] INFO  impl.RoleInfo (RoleInfo.java:shutdownLeaderElection(129)) - s0: shutdown s0@group-E264CA5F8311-LeaderElection309
2023-08-18 03:37:22,243 [s0@group-E264CA5F8311-LeaderElection309] INFO  impl.RoleInfo (RoleInfo.java:updateAndGet(138)) - s0: start s0@group-E264CA5F8311-FollowerState
2023-08-18 03:37:22,305 [s1-server-thread1] INFO  server.RaftServer$Division (RaftServerImpl.java:setConfigurationAsync(1238)) - s1@group-E264CA5F8311: receive setConfiguration SetConfigurationRequest:client-255CF6B0DA3F->s1@group-E264CA5F8311, cid=386, seq=0, RW, null, SET_UNCONDITIONALLY, servers:[s1|rpc:0.0.0.0:34459|dataStream:|priority:0|startupRole:FOLLOWER, s2|rpc:0.0.0.0:43137|dataStream:|priority:0|startupRole:FOLLOWER, s0|rpc:localhost:39295|admin:localhost:44843|client:localhost:40991|dataStream:localhost:40677|priority:0|startupRole:FOLLOWER], listeners:[]
2023-08-18 03:37:22,408 [s2-server-thread1] INFO  server.RaftServer$Division (RaftServerImpl.java:setConfigurationAsync(1238)) - s2@group-E264CA5F8311: receive setConfiguration SetConfigurationRequest:client-255CF6B0DA3F->s2@group-E264CA5F8311, cid=386, seq=0, RW, null, SET_UNCONDITIONALLY, servers:[s1|rpc:0.0.0.0:34459|dataStream:|priority:0|startupRole:FOLLOWER, s2|rpc:0.0.0.0:43137|dataStream:|priority:0|startupRole:FOLLOWER, s0|rpc:localhost:39295|admin:localhost:44843|client:localhost:40991|dataStream:localhost:40677|priority:0|startupRole:FOLLOWER], listeners:[]
2023-08-18 03:37:22,411 [s0@group-E264CA5F8311-FollowerState] INFO  impl.FollowerState (FollowerState.java:run(143)) - s0@group-E264CA5F8311-FollowerState: change to CANDIDATE, lastRpcElapsedTime:168276486ns, electionTimeout:168ms
2023-08-18 03:37:22,411 [s0@group-E264CA5F8311-FollowerState] INFO  impl.RoleInfo (RoleInfo.java:shutdownFollowerState(109)) - s0: shutdown s0@group-E264CA5F8311-FollowerState
2023-08-18 03:37:22,411 [s0@group-E264CA5F8311-FollowerState] INFO  server.RaftServer$Division (RaftServerImpl.java:setRole(371)) - s0@group-E264CA5F8311: changes role from  FOLLOWER to CANDIDATE at term 1 for changeToCandidate
2023-08-18 03:37:22,412 [s0@group-E264CA5F8311-FollowerState] INFO  impl.SimpleStateMachine4Testing (SimpleStateMachine4Testing.java:notifyExtendedNoLeader(411)) - StateMachineWithMultiNestedSnapshotFile:s0:group-E264CA5F8311: notifyExtendedNoLeader group-E264CA5F8311, self {
  id: "s0"
  address: "localhost:39295"
  dataStreamAddress: "localhost:40677"
  clientAddress: "localhost:40991"
  adminAddress: "localhost:44843"
  startupRole: FOLLOWER
}
role: CANDIDATE
candidateInfo {
  lastLeaderElapsedTimeMs: 80695
}

2023-08-18 03:37:22,412 [s0@group-E264CA5F8311-FollowerState] INFO  server.RaftServerConfigKeys (ConfUtils.java:logGet(46)) - raft.server.leaderelection.pre-vote = true (default)
2023-08-18 03:37:22,412 [s0@group-E264CA5F8311-FollowerState] INFO  impl.RoleInfo (RoleInfo.java:updateAndGet(138)) - s0: start s0@group-E264CA5F8311-LeaderElection310
2023-08-18 03:37:22,413 [s0@group-E264CA5F8311-LeaderElection310] INFO  impl.LeaderElection (LeaderElection.java:askForVotes(320)) - s0@group-E264CA5F8311-LeaderElection310 PRE_VOTE round 0: submit vote requests at term 1 for 255: peers:[s0|rpc:localhost:39295|admin:localhost:44843|client:localhost:40991|dataStream:localhost:40677|priority:0|startupRole:FOLLOWER, s1|rpc:0.0.0.0:34459|dataStream:|priority:0|startupRole:FOLLOWER, s2|rpc:0.0.0.0:43137|dataStream:|priority:0|startupRole:FOLLOWER]|listeners:[], old=peers:[s0|rpc:localhost:39295|admin:localhost:44843|client:localhost:40991|dataStream:localhost:40677|priority:0|startupRole:FOLLOWER]|listeners:[]
2023-08-18 03:37:22,413 [grpc-default-executor-3] INFO  server.RaftServer$Division (RaftServerImpl.java:requestVote(1344)) - s1@group-E264CA5F8311: receive requestVote(PRE_VOTE, s0, group-E264CA5F8311, 1, (t:1, i:255))
2023-08-18 03:37:22,413 [grpc-default-executor-3] WARN  server.GrpcServerProtocolService (LogUtils.java:warn(122)) - s1: Failed requestVote s0->s1#0: org.apache.ratis.protocol.exceptions.ServerNotReadyException: s1@group-E264CA5F8311 is not in [RUNNING]: current state is STARTING
2023-08-18 03:37:22,413 [grpc-default-executor-4] INFO  server.RaftServer$Division (RaftServerImpl.java:requestVote(1344)) - s2@group-E264CA5F8311: receive requestVote(PRE_VOTE, s0, group-E264CA5F8311, 1, (t:1, i:255))
2023-08-18 03:37:22,414 [grpc-default-executor-4] WARN  server.GrpcServerProtocolService (LogUtils.java:warn(122)) - s2: Failed requestVote s0->s2#0: org.apache.ratis.protocol.exceptions.ServerNotReadyException: s2@group-E264CA5F8311 is not in [RUNNING]: current state is STARTING
2023-08-18 03:37:22,414 [s0@group-E264CA5F8311-LeaderElection310] INFO  impl.LeaderElection (LogUtils.java:infoOrTrace(137)) - s0@group-E264CA5F8311-LeaderElection310 got exception when requesting votes: java.util.concurrent.ExecutionException: org.apache.ratis.thirdparty.io.grpc.StatusRuntimeException: INTERNAL: s1@group-E264CA5F8311 is not in [RUNNING]: current state is STARTING
2023-08-18 03:37:22,414 [s0@group-E264CA5F8311-LeaderElection310] INFO  impl.LeaderElection (LogUtils.java:infoOrTrace(137)) - s0@group-E264CA5F8311-LeaderElection310 got exception when requesting votes: java.util.concurrent.ExecutionException: org.apache.ratis.thirdparty.io.grpc.StatusRuntimeException: INTERNAL: s2@group-E264CA5F8311 is not in [RUNNING]: current state is STARTING
2023-08-18 03:37:22,414 [s0@group-E264CA5F8311-LeaderElection310] INFO  impl.LeaderElection (LeaderElection.java:logAndReturn(89)) - s0@group-E264CA5F8311-LeaderElection310: PRE_VOTE REJECTED received 0 response(s) and 2 exception(s):
2023-08-18 03:37:22,414 [s0@group-E264CA5F8311-LeaderElection310] INFO  impl.LeaderElection (LogUtils.java:infoOrTrace(137)) -   Exception 0: java.util.concurrent.ExecutionException: org.apache.ratis.thirdparty.io.grpc.StatusRuntimeException: INTERNAL: s1@group-E264CA5F8311 is not in [RUNNING]: current state is STARTING
2023-08-18 03:37:22,414 [s0@group-E264CA5F8311-LeaderElection310] INFO  impl.LeaderElection (LogUtils.java:infoOrTrace(137)) -   Exception 1: java.util.concurrent.ExecutionException: org.apache.ratis.thirdparty.io.grpc.StatusRuntimeException: INTERNAL: s2@group-E264CA5F8311 is not in [RUNNING]: current state is STARTING
2023-08-18 03:37:22,414 [s0@group-E264CA5F8311-LeaderElection310] INFO  impl.LeaderElection (LeaderElection.java:askForVotes(322)) - s0@group-E264CA5F8311-LeaderElection310 PRE_VOTE round 0: result REJECTED
2023-08-18 03:37:22,414 [s0@group-E264CA5F8311-LeaderElection310] INFO  server.RaftServer$Division (RaftServerImpl.java:setRole(371)) - s0@group-E264CA5F8311: changes role from CANDIDATE to FOLLOWER at term 1 for REJECTED
2023-08-18 03:37:22,414 [s0@group-E264CA5F8311-LeaderElection310] INFO  impl.RoleInfo (RoleInfo.java:shutdownLeaderElection(129)) - s0: shutdown s0@group-E264CA5F8311-LeaderElection310
2023-08-18 03:37:22,414 [s0@group-E264CA5F8311-LeaderElection310] INFO  impl.RoleInfo (RoleInfo.java:updateAndGet(138)) - s0: start s0@group-E264CA5F8311-FollowerState
2023-08-18 03:37:22,512 [s1-server-thread1] INFO  server.RaftServer$Division (RaftServerImpl.java:setConfigurationAsync(1238)) - s1@group-E264CA5F8311: receive setConfiguration SetConfigurationRequest:client-255CF6B0DA3F->s1@group-E264CA5F8311, cid=386, seq=0, RW, null, SET_UNCONDITIONALLY, servers:[s1|rpc:0.0.0.0:34459|dataStream:|priority:0|startupRole:FOLLOWER, s2|rpc:0.0.0.0:43137|dataStream:|priority:0|startupRole:FOLLOWER, s0|rpc:localhost:39295|admin:localhost:44843|client:localhost:40991|dataStream:localhost:40677|priority:0|startupRole:FOLLOWER], listeners:[]
2023-08-18 03:37:22,615 [s0-server-thread1] INFO  server.RaftServer$Division (RaftServerImpl.java:setConfigurationAsync(1238)) - s0@group-E264CA5F8311: receive setConfiguration SetConfigurationRequest:client-255CF6B0DA3F->s0@group-E264CA5F8311, cid=386, seq=0, RW, null, SET_UNCONDITIONALLY, servers:[s1|rpc:0.0.0.0:34459|dataStream:|priority:0|startupRole:FOLLOWER, s2|rpc:0.0.0.0:43137|dataStream:|priority:0|startupRole:FOLLOWER, s0|rpc:localhost:39295|admin:localhost:44843|client:localhost:40991|dataStream:localhost:40677|priority:0|startupRole:FOLLOWER], listeners:[]
2023-08-18 03:37:22,679 [s0@group-E264CA5F8311-FollowerState] INFO  impl.FollowerState (FollowerState.java:run(143)) - s0@group-E264CA5F8311-FollowerState: change to CANDIDATE, lastRpcElapsedTime:265284502ns, electionTimeout:265ms
2023-08-18 03:37:22,679 [s0@group-E264CA5F8311-FollowerState] INFO  impl.RoleInfo (RoleInfo.java:shutdownFollowerState(109)) - s0: shutdown s0@group-E264CA5F8311-FollowerState
2023-08-18 03:37:22,679 [s0@group-E264CA5F8311-FollowerState] INFO  server.RaftServer$Division (RaftServerImpl.java:setRole(371)) - s0@group-E264CA5F8311: changes role from  FOLLOWER to CANDIDATE at term 1 for changeToCandidate
2023-08-18 03:37:22,680 [s0@group-E264CA5F8311-FollowerState] INFO  impl.SimpleStateMachine4Testing (SimpleStateMachine4Testing.java:notifyExtendedNoLeader(411)) - StateMachineWithMultiNestedSnapshotFile:s0:group-E264CA5F8311: notifyExtendedNoLeader group-E264CA5F8311, self {
  id: "s0"
  address: "localhost:39295"
  dataStreamAddress: "localhost:40677"
  clientAddress: "localhost:40991"
  adminAddress: "localhost:44843"
  startupRole: FOLLOWER
}
role: CANDIDATE
candidateInfo {
  lastLeaderElapsedTimeMs: 80963
}

2023-08-18 03:37:22,680 [s0@group-E264CA5F8311-FollowerState] INFO  server.RaftServerConfigKeys (ConfUtils.java:logGet(46)) - raft.server.leaderelection.pre-vote = true (default)
2023-08-18 03:37:22,680 [s0@group-E264CA5F8311-FollowerState] INFO  impl.RoleInfo (RoleInfo.java:updateAndGet(138)) - s0: start s0@group-E264CA5F8311-LeaderElection311
2023-08-18 03:37:22,680 [s0@group-E264CA5F8311-LeaderElection311] INFO  impl.LeaderElection (LeaderElection.java:askForVotes(320)) - s0@group-E264CA5F8311-LeaderElection311 PRE_VOTE round 0: submit vote requests at term 1 for 255: peers:[s0|rpc:localhost:39295|admin:localhost:44843|client:localhost:40991|dataStream:localhost:40677|priority:0|startupRole:FOLLOWER, s1|rpc:0.0.0.0:34459|dataStream:|priority:0|startupRole:FOLLOWER, s2|rpc:0.0.0.0:43137|dataStream:|priority:0|startupRole:FOLLOWER]|listeners:[], old=peers:[s0|rpc:localhost:39295|admin:localhost:44843|client:localhost:40991|dataStream:localhost:40677|priority:0|startupRole:FOLLOWER]|listeners:[]
2023-08-18 03:37:22,681 [grpc-default-executor-3] INFO  server.RaftServer$Division (RaftServerImpl.java:requestVote(1344)) - s1@group-E264CA5F8311: receive requestVote(PRE_VOTE, s0, group-E264CA5F8311, 1, (t:1, i:255))
2023-08-18 03:37:22,681 [grpc-default-executor-3] WARN  server.GrpcServerProtocolService (LogUtils.java:warn(122)) - s1: Failed requestVote s0->s1#0: org.apache.ratis.protocol.exceptions.ServerNotReadyException: s1@group-E264CA5F8311 is not in [RUNNING]: current state is STARTING
2023-08-18 03:37:22,681 [s0@group-E264CA5F8311-LeaderElection311] INFO  impl.LeaderElection (LogUtils.java:infoOrTrace(137)) - s0@group-E264CA5F8311-LeaderElection311 got exception when requesting votes: java.util.concurrent.ExecutionException: org.apache.ratis.thirdparty.io.grpc.StatusRuntimeException: INTERNAL: s1@group-E264CA5F8311 is not in [RUNNING]: current state is STARTING
2023-08-18 03:37:22,682 [grpc-default-executor-3] INFO  server.RaftServer$Division (RaftServerImpl.java:requestVote(1344)) - s2@group-E264CA5F8311: receive requestVote(PRE_VOTE, s0, group-E264CA5F8311, 1, (t:1, i:255))
2023-08-18 03:37:22,682 [grpc-default-executor-3] WARN  server.GrpcServerProtocolService (LogUtils.java:warn(122)) - s2: Failed requestVote s0->s2#0: org.apache.ratis.protocol.exceptions.ServerNotReadyException: s2@group-E264CA5F8311 is not in [RUNNING]: current state is STARTING
2023-08-18 03:37:22,682 [s0@group-E264CA5F8311-LeaderElection311] INFO  impl.LeaderElection (LogUtils.java:infoOrTrace(137)) - s0@group-E264CA5F8311-LeaderElection311 got exception when requesting votes: java.util.concurrent.ExecutionException: org.apache.ratis.thirdparty.io.grpc.StatusRuntimeException: INTERNAL: s2@group-E264CA5F8311 is not in [RUNNING]: current state is STARTING
2023-08-18 03:37:22,682 [s0@group-E264CA5F8311-LeaderElection311] INFO  impl.LeaderElection (LeaderElection.java:logAndReturn(89)) - s0@group-E264CA5F8311-LeaderElection311: PRE_VOTE REJECTED received 0 response(s) and 2 exception(s):
2023-08-18 03:37:22,682 [s0@group-E264CA5F8311-LeaderElection311] INFO  impl.LeaderElection (LogUtils.java:infoOrTrace(137)) -   Exception 0: java.util.concurrent.ExecutionException: org.apache.ratis.thirdparty.io.grpc.StatusRuntimeException: INTERNAL: s1@group-E264CA5F8311 is not in [RUNNING]: current state is STARTING
2023-08-18 03:37:22,682 [s0@group-E264CA5F8311-LeaderElection311] INFO  impl.LeaderElection (LogUtils.java:infoOrTrace(137)) -   Exception 1: java.util.concurrent.ExecutionException: org.apache.ratis.thirdparty.io.grpc.StatusRuntimeException: INTERNAL: s2@group-E264CA5F8311 is not in [RUNNING]: current state is STARTING
2023-08-18 03:37:22,682 [s0@group-E264CA5F8311-LeaderElection311] INFO  impl.LeaderElection (LeaderElection.java:askForVotes(322)) - s0@group-E264CA5F8311-LeaderElection311 PRE_VOTE round 0: result REJECTED
2023-08-18 03:37:22,682 [s0@group-E264CA5F8311-LeaderElection311] INFO  server.RaftServer$Division (RaftServerImpl.java:setRole(371)) - s0@group-E264CA5F8311: changes role from CANDIDATE to FOLLOWER at term 1 for REJECTED
2023-08-18 03:37:22,682 [s0@group-E264CA5F8311-LeaderElection311] INFO  impl.RoleInfo (RoleInfo.java:shutdownLeaderElection(129)) - s0: shutdown s0@group-E264CA5F8311-LeaderElection311
2023-08-18 03:37:22,682 [s0@group-E264CA5F8311-LeaderElection311] INFO  impl.RoleInfo (RoleInfo.java:updateAndGet(138)) - s0: start s0@group-E264CA5F8311-FollowerState
2023-08-18 03:37:22,719 [s1-server-thread1] INFO  server.RaftServer$Division (RaftServerImpl.java:setConfigurationAsync(1238)) - s1@group-E264CA5F8311: receive setConfiguration SetConfigurationRequest:client-255CF6B0DA3F->s1@group-E264CA5F8311, cid=386, seq=0, RW, null, SET_UNCONDITIONALLY, servers:[s1|rpc:0.0.0.0:34459|dataStream:|priority:0|startupRole:FOLLOWER, s2|rpc:0.0.0.0:43137|dataStream:|priority:0|startupRole:FOLLOWER, s0|rpc:localhost:39295|admin:localhost:44843|client:localhost:40991|dataStream:localhost:40677|priority:0|startupRole:FOLLOWER], listeners:[]
2023-08-18 03:37:22,822 [s2-server-thread1] INFO  server.RaftServer$Division (RaftServerImpl.java:setConfigurationAsync(1238)) - s2@group-E264CA5F8311: receive setConfiguration SetConfigurationRequest:client-255CF6B0DA3F->s2@group-E264CA5F8311, cid=386, seq=0, RW, null, SET_UNCONDITIONALLY, servers:[s1|rpc:0.0.0.0:34459|dataStream:|priority:0|startupRole:FOLLOWER, s2|rpc:0.0.0.0:43137|dataStream:|priority:0|startupRole:FOLLOWER, s0|rpc:localhost:39295|admin:localhost:44843|client:localhost:40991|dataStream:localhost:40677|priority:0|startupRole:FOLLOWER], listeners:[]
2023-08-18 03:37:22,861 [s0@group-E264CA5F8311-FollowerState] INFO  impl.FollowerState (FollowerState.java:run(143)) - s0@group-E264CA5F8311-FollowerState: change to CANDIDATE, lastRpcElapsedTime:178371526ns, electionTimeout:178ms
2023-08-18 03:37:22,861 [s0@group-E264CA5F8311-FollowerState] INFO  impl.RoleInfo (RoleInfo.java:shutdownFollowerState(109)) - s0: shutdown s0@group-E264CA5F8311-FollowerState
2023-08-18 03:37:22,861 [s0@group-E264CA5F8311-FollowerState] INFO  server.RaftServer$Division (RaftServerImpl.java:setRole(371)) - s0@group-E264CA5F8311: changes role from  FOLLOWER to CANDIDATE at term 1 for changeToCandidate
2023-08-18 03:37:22,861 [s0@group-E264CA5F8311-FollowerState] INFO  impl.SimpleStateMachine4Testing (SimpleStateMachine4Testing.java:notifyExtendedNoLeader(411)) - StateMachineWithMultiNestedSnapshotFile:s0:group-E264CA5F8311: notifyExtendedNoLeader group-E264CA5F8311, self {
  id: "s0"
  address: "localhost:39295"
  dataStreamAddress: "localhost:40677"
  clientAddress: "localhost:40991"
  adminAddress: "localhost:44843"
  startupRole: FOLLOWER
}
role: CANDIDATE
candidateInfo {
  lastLeaderElapsedTimeMs: 81145
}

2023-08-18 03:37:22,861 [s0@group-E264CA5F8311-FollowerState] INFO  server.RaftServerConfigKeys (ConfUtils.java:logGet(46)) - raft.server.leaderelection.pre-vote = true (default)
2023-08-18 03:37:22,861 [s0@group-E264CA5F8311-FollowerState] INFO  impl.RoleInfo (RoleInfo.java:updateAndGet(138)) - s0: start s0@group-E264CA5F8311-LeaderElection312
2023-08-18 03:37:22,861 [s0@group-E264CA5F8311-LeaderElection312] INFO  impl.LeaderElection (LeaderElection.java:askForVotes(320)) - s0@group-E264CA5F8311-LeaderElection312 PRE_VOTE round 0: submit vote requests at term 1 for 255: peers:[s0|rpc:localhost:39295|admin:localhost:44843|client:localhost:40991|dataStream:localhost:40677|priority:0|startupRole:FOLLOWER, s1|rpc:0.0.0.0:34459|dataStream:|priority:0|startupRole:FOLLOWER, s2|rpc:0.0.0.0:43137|dataStream:|priority:0|startupRole:FOLLOWER]|listeners:[], old=peers:[s0|rpc:localhost:39295|admin:localhost:44843|client:localhost:40991|dataStream:localhost:40677|priority:0|startupRole:FOLLOWER]|listeners:[]
2023-08-18 03:37:22,862 [grpc-default-executor-3] INFO  server.RaftServer$Division (RaftServerImpl.java:requestVote(1344)) - s2@group-E264CA5F8311: receive requestVote(PRE_VOTE, s0, group-E264CA5F8311, 1, (t:1, i:255))
2023-08-18 03:37:22,862 [grpc-default-executor-3] WARN  server.GrpcServerProtocolService (LogUtils.java:warn(122)) - s2: Failed requestVote s0->s2#0: org.apache.ratis.protocol.exceptions.ServerNotReadyException: s2@group-E264CA5F8311 is not in [RUNNING]: current state is STARTING
2023-08-18 03:37:22,863 [grpc-default-executor-4] INFO  server.RaftServer$Division (RaftServerImpl.java:requestVote(1344)) - s1@group-E264CA5F8311: receive requestVote(PRE_VOTE, s0, group-E264CA5F8311, 1, (t:1, i:255))
2023-08-18 03:37:22,863 [grpc-default-executor-4] WARN  server.GrpcServerProtocolService (LogUtils.java:warn(122)) - s1: Failed requestVote s0->s1#0: org.apache.ratis.protocol.exceptions.ServerNotReadyException: s1@group-E264CA5F8311 is not in [RUNNING]: current state is STARTING
2023-08-18 03:37:22,863 [s0@group-E264CA5F8311-LeaderElection312] INFO  impl.LeaderElection (LogUtils.java:infoOrTrace(137)) - s0@group-E264CA5F8311-LeaderElection312 got exception when requesting votes: java.util.concurrent.ExecutionException: org.apache.ratis.thirdparty.io.grpc.StatusRuntimeException: INTERNAL: s2@group-E264CA5F8311 is not in [RUNNING]: current state is STARTING
2023-08-18 03:37:22,863 [s0@group-E264CA5F8311-LeaderElection312] INFO  impl.LeaderElection (LogUtils.java:infoOrTrace(137)) - s0@group-E264CA5F8311-LeaderElection312 got exception when requesting votes: java.util.concurrent.ExecutionException: org.apache.ratis.thirdparty.io.grpc.StatusRuntimeException: INTERNAL: s1@group-E264CA5F8311 is not in [RUNNING]: current state is STARTING
2023-08-18 03:37:22,863 [s0@group-E264CA5F8311-LeaderElection312] INFO  impl.LeaderElection (LeaderElection.java:logAndReturn(89)) - s0@group-E264CA5F8311-LeaderElection312: PRE_VOTE REJECTED received 0 response(s) and 2 exception(s):
2023-08-18 03:37:22,863 [s0@group-E264CA5F8311-LeaderElection312] INFO  impl.LeaderElection (LogUtils.java:infoOrTrace(137)) -   Exception 0: java.util.concurrent.ExecutionException: org.apache.ratis.thirdparty.io.grpc.StatusRuntimeException: INTERNAL: s2@group-E264CA5F8311 is not in [RUNNING]: current state is STARTING
2023-08-18 03:37:22,863 [s0@group-E264CA5F8311-LeaderElection312] INFO  impl.LeaderElection (LogUtils.java:infoOrTrace(137)) -   Exception 1: java.util.concurrent.ExecutionException: org.apache.ratis.thirdparty.io.grpc.StatusRuntimeException: INTERNAL: s1@group-E264CA5F8311 is not in [RUNNING]: current state is STARTING
2023-08-18 03:37:22,863 [s0@group-E264CA5F8311-LeaderElection312] INFO  impl.LeaderElection (LeaderElection.java:askForVotes(322)) - s0@group-E264CA5F8311-LeaderElection312 PRE_VOTE round 0: result REJECTED
2023-08-18 03:37:22,863 [s0@group-E264CA5F8311-LeaderElection312] INFO  server.RaftServer$Division (RaftServerImpl.java:setRole(371)) - s0@group-E264CA5F8311: changes role from CANDIDATE to FOLLOWER at term 1 for REJECTED
2023-08-18 03:37:22,863 [s0@group-E264CA5F8311-LeaderElection312] INFO  impl.RoleInfo (RoleInfo.java:shutdownLeaderElection(129)) - s0: shutdown s0@group-E264CA5F8311-LeaderElection312
2023-08-18 03:37:22,863 [s0@group-E264CA5F8311-LeaderElection312] INFO  impl.RoleInfo (RoleInfo.java:updateAndGet(138)) - s0: start s0@group-E264CA5F8311-FollowerState
2023-08-18 03:37:22,925 [s1-server-thread1] INFO  server.RaftServer$Division (RaftServerImpl.java:setConfigurationAsync(1238)) - s1@group-E264CA5F8311: receive setConfiguration SetConfigurationRequest:client-255CF6B0DA3F->s1@group-E264CA5F8311, cid=386, seq=0, RW, null, SET_UNCONDITIONALLY, servers:[s1|rpc:0.0.0.0:34459|dataStream:|priority:0|startupRole:FOLLOWER, s2|rpc:0.0.0.0:43137|dataStream:|priority:0|startupRole:FOLLOWER, s0|rpc:localhost:39295|admin:localhost:44843|client:localhost:40991|dataStream:localhost:40677|priority:0|startupRole:FOLLOWER], listeners:[]
2023-08-18 03:37:23,028 [s2-server-thread1] INFO  server.RaftServer$Division (RaftServerImpl.java:setConfigurationAsync(1238)) - s2@group-E264CA5F8311: receive setConfiguration SetConfigurationRequest:client-255CF6B0DA3F->s2@group-E264CA5F8311, cid=386, seq=0, RW, null, SET_UNCONDITIONALLY, servers:[s1|rpc:0.0.0.0:34459|dataStream:|priority:0|startupRole:FOLLOWER, s2|rpc:0.0.0.0:43137|dataStream:|priority:0|startupRole:FOLLOWER, s0|rpc:localhost:39295|admin:localhost:44843|client:localhost:40991|dataStream:localhost:40677|priority:0|startupRole:FOLLOWER], listeners:[]
2023-08-18 03:37:23,088 [s0@group-E264CA5F8311-FollowerState] INFO  impl.FollowerState (FollowerState.java:run(143)) - s0@group-E264CA5F8311-FollowerState: change to CANDIDATE, lastRpcElapsedTime:224934645ns, electionTimeout:221ms
2023-08-18 03:37:23,088 [s0@group-E264CA5F8311-FollowerState] INFO  impl.RoleInfo (RoleInfo.java:shutdownFollowerState(109)) - s0: shutdown s0@group-E264CA5F8311-FollowerState
2023-08-18 03:37:23,088 [s0@group-E264CA5F8311-FollowerState] INFO  server.RaftServer$Division (RaftServerImpl.java:setRole(371)) - s0@group-E264CA5F8311: changes role from  FOLLOWER to CANDIDATE at term 1 for changeToCandidate
2023-08-18 03:37:23,089 [s0@group-E264CA5F8311-FollowerState] INFO  impl.SimpleStateMachine4Testing (SimpleStateMachine4Testing.java:notifyExtendedNoLeader(411)) - StateMachineWithMultiNestedSnapshotFile:s0:group-E264CA5F8311: notifyExtendedNoLeader group-E264CA5F8311, self {
  id: "s0"
  address: "localhost:39295"
  dataStreamAddress: "localhost:40677"
  clientAddress: "localhost:40991"
  adminAddress: "localhost:44843"
  startupRole: FOLLOWER
}
role: CANDIDATE
candidateInfo {
  lastLeaderElapsedTimeMs: 81372
}

2023-08-18 03:37:23,089 [s0@group-E264CA5F8311-FollowerState] INFO  server.RaftServerConfigKeys (ConfUtils.java:logGet(46)) - raft.server.leaderelection.pre-vote = true (default)
2023-08-18 03:37:23,089 [s0@group-E264CA5F8311-FollowerState] INFO  impl.RoleInfo (RoleInfo.java:updateAndGet(138)) - s0: start s0@group-E264CA5F8311-LeaderElection313
2023-08-18 03:37:23,089 [s0@group-E264CA5F8311-LeaderElection313] INFO  impl.LeaderElection (LeaderElection.java:askForVotes(320)) - s0@group-E264CA5F8311-LeaderElection313 PRE_VOTE round 0: submit vote requests at term 1 for 255: peers:[s0|rpc:localhost:39295|admin:localhost:44843|client:localhost:40991|dataStream:localhost:40677|priority:0|startupRole:FOLLOWER, s1|rpc:0.0.0.0:34459|dataStream:|priority:0|startupRole:FOLLOWER, s2|rpc:0.0.0.0:43137|dataStream:|priority:0|startupRole:FOLLOWER]|listeners:[], old=peers:[s0|rpc:localhost:39295|admin:localhost:44843|client:localhost:40991|dataStream:localhost:40677|priority:0|startupRole:FOLLOWER]|listeners:[]
2023-08-18 03:37:23,090 [grpc-default-executor-4] INFO  server.RaftServer$Division (RaftServerImpl.java:requestVote(1344)) - s2@group-E264CA5F8311: receive requestVote(PRE_VOTE, s0, group-E264CA5F8311, 1, (t:1, i:255))
2023-08-18 03:37:23,090 [grpc-default-executor-3] INFO  server.RaftServer$Division (RaftServerImpl.java:requestVote(1344)) - s1@group-E264CA5F8311: receive requestVote(PRE_VOTE, s0, group-E264CA5F8311, 1, (t:1, i:255))
2023-08-18 03:37:23,090 [grpc-default-executor-4] WARN  server.GrpcServerProtocolService (LogUtils.java:warn(122)) - s2: Failed requestVote s0->s2#0: org.apache.ratis.protocol.exceptions.ServerNotReadyException: s2@group-E264CA5F8311 is not in [RUNNING]: current state is STARTING
2023-08-18 03:37:23,090 [grpc-default-executor-3] WARN  server.GrpcServerProtocolService (LogUtils.java:warn(122)) - s1: Failed requestVote s0->s1#0: org.apache.ratis.protocol.exceptions.ServerNotReadyException: s1@group-E264CA5F8311 is not in [RUNNING]: current state is STARTING
2023-08-18 03:37:23,091 [s0@group-E264CA5F8311-LeaderElection313] INFO  impl.LeaderElection (LogUtils.java:infoOrTrace(137)) - s0@group-E264CA5F8311-LeaderElection313 got exception when requesting votes: java.util.concurrent.ExecutionException: org.apache.ratis.thirdparty.io.grpc.StatusRuntimeException: INTERNAL: s2@group-E264CA5F8311 is not in [RUNNING]: current state is STARTING
2023-08-18 03:37:23,091 [s0@group-E264CA5F8311-LeaderElection313] INFO  impl.LeaderElection (LogUtils.java:infoOrTrace(137)) - s0@group-E264CA5F8311-LeaderElection313 got exception when requesting votes: java.util.concurrent.ExecutionException: org.apache.ratis.thirdparty.io.grpc.StatusRuntimeException: INTERNAL: s1@group-E264CA5F8311 is not in [RUNNING]: current state is STARTING
2023-08-18 03:37:23,091 [s0@group-E264CA5F8311-LeaderElection313] INFO  impl.LeaderElection (LeaderElection.java:logAndReturn(89)) - s0@group-E264CA5F8311-LeaderElection313: PRE_VOTE REJECTED received 0 response(s) and 2 exception(s):
2023-08-18 03:37:23,091 [s0@group-E264CA5F8311-LeaderElection313] INFO  impl.LeaderElection (LogUtils.java:infoOrTrace(137)) -   Exception 0: java.util.concurrent.ExecutionException: org.apache.ratis.thirdparty.io.grpc.StatusRuntimeException: INTERNAL: s2@group-E264CA5F8311 is not in [RUNNING]: current state is STARTING
2023-08-18 03:37:23,091 [s0@group-E264CA5F8311-LeaderElection313] INFO  impl.LeaderElection (LogUtils.java:infoOrTrace(137)) -   Exception 1: java.util.concurrent.ExecutionException: org.apache.ratis.thirdparty.io.grpc.StatusRuntimeException: INTERNAL: s1@group-E264CA5F8311 is not in [RUNNING]: current state is STARTING
2023-08-18 03:37:23,091 [s0@group-E264CA5F8311-LeaderElection313] INFO  impl.LeaderElection (LeaderElection.java:askForVotes(322)) - s0@group-E264CA5F8311-LeaderElection313 PRE_VOTE round 0: result REJECTED
2023-08-18 03:37:23,091 [s0@group-E264CA5F8311-LeaderElection313] INFO  server.RaftServer$Division (RaftServerImpl.java:setRole(371)) - s0@group-E264CA5F8311: changes role from CANDIDATE to FOLLOWER at term 1 for REJECTED
2023-08-18 03:37:23,091 [s0@group-E264CA5F8311-LeaderElection313] INFO  impl.RoleInfo (RoleInfo.java:shutdownLeaderElection(129)) - s0: shutdown s0@group-E264CA5F8311-LeaderElection313
2023-08-18 03:37:23,091 [s0@group-E264CA5F8311-LeaderElection313] INFO  impl.RoleInfo (RoleInfo.java:updateAndGet(138)) - s0: start s0@group-E264CA5F8311-FollowerState
2023-08-18 03:37:23,132 [s0-server-thread1] INFO  server.RaftServer$Division (RaftServerImpl.java:setConfigurationAsync(1238)) - s0@group-E264CA5F8311: receive setConfiguration SetConfigurationRequest:client-255CF6B0DA3F->s0@group-E264CA5F8311, cid=386, seq=0, RW, null, SET_UNCONDITIONALLY, servers:[s1|rpc:0.0.0.0:34459|dataStream:|priority:0|startupRole:FOLLOWER, s2|rpc:0.0.0.0:43137|dataStream:|priority:0|startupRole:FOLLOWER, s0|rpc:localhost:39295|admin:localhost:44843|client:localhost:40991|dataStream:localhost:40677|priority:0|startupRole:FOLLOWER], listeners:[]
2023-08-18 03:37:23,235 [s1-server-thread1] INFO  server.RaftServer$Division (RaftServerImpl.java:setConfigurationAsync(1238)) - s1@group-E264CA5F8311: receive setConfiguration SetConfigurationRequest:client-255CF6B0DA3F->s1@group-E264CA5F8311, cid=386, seq=0, RW, null, SET_UNCONDITIONALLY, servers:[s1|rpc:0.0.0.0:34459|dataStream:|priority:0|startupRole:FOLLOWER, s2|rpc:0.0.0.0:43137|dataStream:|priority:0|startupRole:FOLLOWER, s0|rpc:localhost:39295|admin:localhost:44843|client:localhost:40991|dataStream:localhost:40677|priority:0|startupRole:FOLLOWER], listeners:[]
2023-08-18 03:37:23,246 [s0@group-E264CA5F8311-FollowerState] INFO  impl.FollowerState (FollowerState.java:run(143)) - s0@group-E264CA5F8311-FollowerState: change to CANDIDATE, lastRpcElapsedTime:155226665ns, electionTimeout:155ms
2023-08-18 03:37:23,246 [s0@group-E264CA5F8311-FollowerState] INFO  impl.RoleInfo (RoleInfo.java:shutdownFollowerState(109)) - s0: shutdown s0@group-E264CA5F8311-FollowerState
2023-08-18 03:37:23,246 [s0@group-E264CA5F8311-FollowerState] INFO  server.RaftServer$Division (RaftServerImpl.java:setRole(371)) - s0@group-E264CA5F8311: changes role from  FOLLOWER to CANDIDATE at term 1 for changeToCandidate
2023-08-18 03:37:23,246 [s0@group-E264CA5F8311-FollowerState] INFO  impl.SimpleStateMachine4Testing (SimpleStateMachine4Testing.java:notifyExtendedNoLeader(411)) - StateMachineWithMultiNestedSnapshotFile:s0:group-E264CA5F8311: notifyExtendedNoLeader group-E264CA5F8311, self {
  id: "s0"
  address: "localhost:39295"
  dataStreamAddress: "localhost:40677"
  clientAddress: "localhost:40991"
  adminAddress: "localhost:44843"
  startupRole: FOLLOWER
}
role: CANDIDATE
candidateInfo {
  lastLeaderElapsedTimeMs: 81530
}

2023-08-18 03:37:23,246 [s0@group-E264CA5F8311-FollowerState] INFO  server.RaftServerConfigKeys (ConfUtils.java:logGet(46)) - raft.server.leaderelection.pre-vote = true (default)
2023-08-18 03:37:23,247 [s0@group-E264CA5F8311-FollowerState] INFO  impl.RoleInfo (RoleInfo.java:updateAndGet(138)) - s0: start s0@group-E264CA5F8311-LeaderElection314
2023-08-18 03:37:23,247 [s0@group-E264CA5F8311-LeaderElection314] INFO  impl.LeaderElection (LeaderElection.java:askForVotes(320)) - s0@group-E264CA5F8311-LeaderElection314 PRE_VOTE round 0: submit vote requests at term 1 for 255: peers:[s0|rpc:localhost:39295|admin:localhost:44843|client:localhost:40991|dataStream:localhost:40677|priority:0|startupRole:FOLLOWER, s1|rpc:0.0.0.0:34459|dataStream:|priority:0|startupRole:FOLLOWER, s2|rpc:0.0.0.0:43137|dataStream:|priority:0|startupRole:FOLLOWER]|listeners:[], old=peers:[s0|rpc:localhost:39295|admin:localhost:44843|client:localhost:40991|dataStream:localhost:40677|priority:0|startupRole:FOLLOWER]|listeners:[]
2023-08-18 03:37:23,247 [grpc-default-executor-3] INFO  server.RaftServer$Division (RaftServerImpl.java:requestVote(1344)) - s1@group-E264CA5F8311: receive requestVote(PRE_VOTE, s0, group-E264CA5F8311, 1, (t:1, i:255))
2023-08-18 03:37:23,247 [grpc-default-executor-3] WARN  server.GrpcServerProtocolService (LogUtils.java:warn(122)) - s1: Failed requestVote s0->s1#0: org.apache.ratis.protocol.exceptions.ServerNotReadyException: s1@group-E264CA5F8311 is not in [RUNNING]: current state is STARTING
2023-08-18 03:37:23,247 [grpc-default-executor-4] INFO  server.RaftServer$Division (RaftServerImpl.java:requestVote(1344)) - s2@group-E264CA5F8311: receive requestVote(PRE_VOTE, s0, group-E264CA5F8311, 1, (t:1, i:255))
2023-08-18 03:37:23,248 [grpc-default-executor-4] WARN  server.GrpcServerProtocolService (LogUtils.java:warn(122)) - s2: Failed requestVote s0->s2#0: org.apache.ratis.protocol.exceptions.ServerNotReadyException: s2@group-E264CA5F8311 is not in [RUNNING]: current state is STARTING
2023-08-18 03:37:23,248 [s0@group-E264CA5F8311-LeaderElection314] INFO  impl.LeaderElection (LogUtils.java:infoOrTrace(137)) - s0@group-E264CA5F8311-LeaderElection314 got exception when requesting votes: java.util.concurrent.ExecutionException: org.apache.ratis.thirdparty.io.grpc.StatusRuntimeException: INTERNAL: s2@group-E264CA5F8311 is not in [RUNNING]: current state is STARTING
2023-08-18 03:37:23,248 [s0@group-E264CA5F8311-LeaderElection314] INFO  impl.LeaderElection (LogUtils.java:infoOrTrace(137)) - s0@group-E264CA5F8311-LeaderElection314 got exception when requesting votes: java.util.concurrent.ExecutionException: org.apache.ratis.thirdparty.io.grpc.StatusRuntimeException: INTERNAL: s1@group-E264CA5F8311 is not in [RUNNING]: current state is STARTING
2023-08-18 03:37:23,248 [s0@group-E264CA5F8311-LeaderElection314] INFO  impl.LeaderElection (LeaderElection.java:logAndReturn(89)) - s0@group-E264CA5F8311-LeaderElection314: PRE_VOTE REJECTED received 0 response(s) and 2 exception(s):
2023-08-18 03:37:23,248 [s0@group-E264CA5F8311-LeaderElection314] INFO  impl.LeaderElection (LogUtils.java:infoOrTrace(137)) -   Exception 0: java.util.concurrent.ExecutionException: org.apache.ratis.thirdparty.io.grpc.StatusRuntimeException: INTERNAL: s2@group-E264CA5F8311 is not in [RUNNING]: current state is STARTING
2023-08-18 03:37:23,248 [s0@group-E264CA5F8311-LeaderElection314] INFO  impl.LeaderElection (LogUtils.java:infoOrTrace(137)) -   Exception 1: java.util.concurrent.ExecutionException: org.apache.ratis.thirdparty.io.grpc.StatusRuntimeException: INTERNAL: s1@group-E264CA5F8311 is not in [RUNNING]: current state is STARTING
2023-08-18 03:37:23,248 [s0@group-E264CA5F8311-LeaderElection314] INFO  impl.LeaderElection (LeaderElection.java:askForVotes(322)) - s0@group-E264CA5F8311-LeaderElection314 PRE_VOTE round 0: result REJECTED
2023-08-18 03:37:23,248 [s0@group-E264CA5F8311-LeaderElection314] INFO  server.RaftServer$Division (RaftServerImpl.java:setRole(371)) - s0@group-E264CA5F8311: changes role from CANDIDATE to FOLLOWER at term 1 for REJECTED
2023-08-18 03:37:23,248 [s0@group-E264CA5F8311-LeaderElection314] INFO  impl.RoleInfo (RoleInfo.java:shutdownLeaderElection(129)) - s0: shutdown s0@group-E264CA5F8311-LeaderElection314
2023-08-18 03:37:23,248 [s0@group-E264CA5F8311-LeaderElection314] INFO  impl.RoleInfo (RoleInfo.java:updateAndGet(138)) - s0: start s0@group-E264CA5F8311-FollowerState
2023-08-18 03:37:23,337 [s2-server-thread1] INFO  server.RaftServer$Division (RaftServerImpl.java:setConfigurationAsync(1238)) - s2@group-E264CA5F8311: receive setConfiguration SetConfigurationRequest:client-255CF6B0DA3F->s2@group-E264CA5F8311, cid=386, seq=0, RW, null, SET_UNCONDITIONALLY, servers:[s1|rpc:0.0.0.0:34459|dataStream:|priority:0|startupRole:FOLLOWER, s2|rpc:0.0.0.0:43137|dataStream:|priority:0|startupRole:FOLLOWER, s0|rpc:localhost:39295|admin:localhost:44843|client:localhost:40991|dataStream:localhost:40677|priority:0|startupRole:FOLLOWER], listeners:[]
2023-08-18 03:37:23,442 [s1-server-thread1] INFO  server.RaftServer$Division (RaftServerImpl.java:setConfigurationAsync(1238)) - s1@group-E264CA5F8311: receive setConfiguration SetConfigurationRequest:client-255CF6B0DA3F->s1@group-E264CA5F8311, cid=386, seq=0, RW, null, SET_UNCONDITIONALLY, servers:[s1|rpc:0.0.0.0:34459|dataStream:|priority:0|startupRole:FOLLOWER, s2|rpc:0.0.0.0:43137|dataStream:|priority:0|startupRole:FOLLOWER, s0|rpc:localhost:39295|admin:localhost:44843|client:localhost:40991|dataStream:localhost:40677|priority:0|startupRole:FOLLOWER], listeners:[]
2023-08-18 03:37:23,442 [s0@group-E264CA5F8311-FollowerState] INFO  impl.FollowerState (FollowerState.java:run(143)) - s0@group-E264CA5F8311-FollowerState: change to CANDIDATE, lastRpcElapsedTime:194224230ns, electionTimeout:194ms
2023-08-18 03:37:23,442 [s0@group-E264CA5F8311-FollowerState] INFO  impl.RoleInfo (RoleInfo.java:shutdownFollowerState(109)) - s0: shutdown s0@group-E264CA5F8311-FollowerState
2023-08-18 03:37:23,442 [s0@group-E264CA5F8311-FollowerState] INFO  server.RaftServer$Division (RaftServerImpl.java:setRole(371)) - s0@group-E264CA5F8311: changes role from  FOLLOWER to CANDIDATE at term 1 for changeToCandidate
2023-08-18 03:37:23,443 [s0@group-E264CA5F8311-FollowerState] INFO  impl.SimpleStateMachine4Testing (SimpleStateMachine4Testing.java:notifyExtendedNoLeader(411)) - StateMachineWithMultiNestedSnapshotFile:s0:group-E264CA5F8311: notifyExtendedNoLeader group-E264CA5F8311, self {
  id: "s0"
  address: "localhost:39295"
  dataStreamAddress: "localhost:40677"
  clientAddress: "localhost:40991"
  adminAddress: "localhost:44843"
  startupRole: FOLLOWER
}
role: CANDIDATE
candidateInfo {
  lastLeaderElapsedTimeMs: 81726
}

2023-08-18 03:37:23,443 [s0@group-E264CA5F8311-FollowerState] INFO  server.RaftServerConfigKeys (ConfUtils.java:logGet(46)) - raft.server.leaderelection.pre-vote = true (default)
2023-08-18 03:37:23,443 [s0@group-E264CA5F8311-FollowerState] INFO  impl.RoleInfo (RoleInfo.java:updateAndGet(138)) - s0: start s0@group-E264CA5F8311-LeaderElection315
2023-08-18 03:37:23,443 [s0@group-E264CA5F8311-LeaderElection315] INFO  impl.LeaderElection (LeaderElection.java:askForVotes(320)) - s0@group-E264CA5F8311-LeaderElection315 PRE_VOTE round 0: submit vote requests at term 1 for 255: peers:[s0|rpc:localhost:39295|admin:localhost:44843|client:localhost:40991|dataStream:localhost:40677|priority:0|startupRole:FOLLOWER, s1|rpc:0.0.0.0:34459|dataStream:|priority:0|startupRole:FOLLOWER, s2|rpc:0.0.0.0:43137|dataStream:|priority:0|startupRole:FOLLOWER]|listeners:[], old=peers:[s0|rpc:localhost:39295|admin:localhost:44843|client:localhost:40991|dataStream:localhost:40677|priority:0|startupRole:FOLLOWER]|listeners:[]
2023-08-18 03:37:23,444 [grpc-default-executor-4] INFO  server.RaftServer$Division (RaftServerImpl.java:requestVote(1344)) - s1@group-E264CA5F8311: receive requestVote(PRE_VOTE, s0, group-E264CA5F8311, 1, (t:1, i:255))
2023-08-18 03:37:23,444 [grpc-default-executor-3] INFO  server.RaftServer$Division (RaftServerImpl.java:requestVote(1344)) - s2@group-E264CA5F8311: receive requestVote(PRE_VOTE, s0, group-E264CA5F8311, 1, (t:1, i:255))
2023-08-18 03:37:23,444 [grpc-default-executor-4] WARN  server.GrpcServerProtocolService (LogUtils.java:warn(122)) - s1: Failed requestVote s0->s1#0: org.apache.ratis.protocol.exceptions.ServerNotReadyException: s1@group-E264CA5F8311 is not in [RUNNING]: current state is STARTING
2023-08-18 03:37:23,444 [grpc-default-executor-3] WARN  server.GrpcServerProtocolService (LogUtils.java:warn(122)) - s2: Failed requestVote s0->s2#0: org.apache.ratis.protocol.exceptions.ServerNotReadyException: s2@group-E264CA5F8311 is not in [RUNNING]: current state is STARTING
2023-08-18 03:37:23,444 [s0@group-E264CA5F8311-LeaderElection315] INFO  impl.LeaderElection (LogUtils.java:infoOrTrace(137)) - s0@group-E264CA5F8311-LeaderElection315 got exception when requesting votes: java.util.concurrent.ExecutionException: org.apache.ratis.thirdparty.io.grpc.StatusRuntimeException: INTERNAL: s1@group-E264CA5F8311 is not in [RUNNING]: current state is STARTING
2023-08-18 03:37:23,444 [s0@group-E264CA5F8311-LeaderElection315] INFO  impl.LeaderElection (LogUtils.java:infoOrTrace(137)) - s0@group-E264CA5F8311-LeaderElection315 got exception when requesting votes: java.util.concurrent.ExecutionException: org.apache.ratis.thirdparty.io.grpc.StatusRuntimeException: INTERNAL: s2@group-E264CA5F8311 is not in [RUNNING]: current state is STARTING
2023-08-18 03:37:23,444 [s0@group-E264CA5F8311-LeaderElection315] INFO  impl.LeaderElection (LeaderElection.java:logAndReturn(89)) - s0@group-E264CA5F8311-LeaderElection315: PRE_VOTE REJECTED received 0 response(s) and 2 exception(s):
2023-08-18 03:37:23,444 [s0@group-E264CA5F8311-LeaderElection315] INFO  impl.LeaderElection (LogUtils.java:infoOrTrace(137)) -   Exception 0: java.util.concurrent.ExecutionException: org.apache.ratis.thirdparty.io.grpc.StatusRuntimeException: INTERNAL: s1@group-E264CA5F8311 is not in [RUNNING]: current state is STARTING
2023-08-18 03:37:23,445 [s0@group-E264CA5F8311-LeaderElection315] INFO  impl.LeaderElection (LogUtils.java:infoOrTrace(137)) -   Exception 1: java.util.concurrent.ExecutionException: org.apache.ratis.thirdparty.io.grpc.StatusRuntimeException: INTERNAL: s2@group-E264CA5F8311 is not in [RUNNING]: current state is STARTING
2023-08-18 03:37:23,445 [s0@group-E264CA5F8311-LeaderElection315] INFO  impl.LeaderElection (LeaderElection.java:askForVotes(322)) - s0@group-E264CA5F8311-LeaderElection315 PRE_VOTE round 0: result REJECTED
2023-08-18 03:37:23,445 [s0@group-E264CA5F8311-LeaderElection315] INFO  server.RaftServer$Division (RaftServerImpl.java:setRole(371)) - s0@group-E264CA5F8311: changes role from CANDIDATE to FOLLOWER at term 1 for REJECTED
2023-08-18 03:37:23,445 [s0@group-E264CA5F8311-LeaderElection315] INFO  impl.RoleInfo (RoleInfo.java:shutdownLeaderElection(129)) - s0: shutdown s0@group-E264CA5F8311-LeaderElection315
2023-08-18 03:37:23,445 [s0@group-E264CA5F8311-LeaderElection315] INFO  impl.RoleInfo (RoleInfo.java:updateAndGet(138)) - s0: start s0@group-E264CA5F8311-FollowerState
2023-08-18 03:37:23,546 [s0-server-thread1] INFO  server.RaftServer$Division (RaftServerImpl.java:setConfigurationAsync(1238)) - s0@group-E264CA5F8311: receive setConfiguration SetConfigurationRequest:client-255CF6B0DA3F->s0@group-E264CA5F8311, cid=386, seq=0, RW, null, SET_UNCONDITIONALLY, servers:[s1|rpc:0.0.0.0:34459|dataStream:|priority:0|startupRole:FOLLOWER, s2|rpc:0.0.0.0:43137|dataStream:|priority:0|startupRole:FOLLOWER, s0|rpc:localhost:39295|admin:localhost:44843|client:localhost:40991|dataStream:localhost:40677|priority:0|startupRole:FOLLOWER], listeners:[]
2023-08-18 03:37:23,621 [s0@group-E264CA5F8311-FollowerState] INFO  impl.FollowerState (FollowerState.java:run(143)) - s0@group-E264CA5F8311-FollowerState: change to CANDIDATE, lastRpcElapsedTime:176298638ns, electionTimeout:176ms
2023-08-18 03:37:23,621 [s0@group-E264CA5F8311-FollowerState] INFO  impl.RoleInfo (RoleInfo.java:shutdownFollowerState(109)) - s0: shutdown s0@group-E264CA5F8311-FollowerState
2023-08-18 03:37:23,621 [s0@group-E264CA5F8311-FollowerState] INFO  server.RaftServer$Division (RaftServerImpl.java:setRole(371)) - s0@group-E264CA5F8311: changes role from  FOLLOWER to CANDIDATE at term 1 for changeToCandidate
2023-08-18 03:37:23,621 [s0@group-E264CA5F8311-FollowerState] INFO  impl.SimpleStateMachine4Testing (SimpleStateMachine4Testing.java:notifyExtendedNoLeader(411)) - StateMachineWithMultiNestedSnapshotFile:s0:group-E264CA5F8311: notifyExtendedNoLeader group-E264CA5F8311, self {
  id: "s0"
  address: "localhost:39295"
  dataStreamAddress: "localhost:40677"
  clientAddress: "localhost:40991"
  adminAddress: "localhost:44843"
  startupRole: FOLLOWER
}
role: CANDIDATE
candidateInfo {
  lastLeaderElapsedTimeMs: 81905
}

2023-08-18 03:37:23,621 [s0@group-E264CA5F8311-FollowerState] INFO  server.RaftServerConfigKeys (ConfUtils.java:logGet(46)) - raft.server.leaderelection.pre-vote = true (default)
2023-08-18 03:37:23,621 [s0@group-E264CA5F8311-FollowerState] INFO  impl.RoleInfo (RoleInfo.java:updateAndGet(138)) - s0: start s0@group-E264CA5F8311-LeaderElection316
2023-08-18 03:37:23,622 [s0@group-E264CA5F8311-LeaderElection316] INFO  impl.LeaderElection (LeaderElection.java:askForVotes(320)) - s0@group-E264CA5F8311-LeaderElection316 PRE_VOTE round 0: submit vote requests at term 1 for 255: peers:[s0|rpc:localhost:39295|admin:localhost:44843|client:localhost:40991|dataStream:localhost:40677|priority:0|startupRole:FOLLOWER, s1|rpc:0.0.0.0:34459|dataStream:|priority:0|startupRole:FOLLOWER, s2|rpc:0.0.0.0:43137|dataStream:|priority:0|startupRole:FOLLOWER]|listeners:[], old=peers:[s0|rpc:localhost:39295|admin:localhost:44843|client:localhost:40991|dataStream:localhost:40677|priority:0|startupRole:FOLLOWER]|listeners:[]
2023-08-18 03:37:23,623 [grpc-default-executor-4] INFO  server.RaftServer$Division (RaftServerImpl.java:requestVote(1344)) - s2@group-E264CA5F8311: receive requestVote(PRE_VOTE, s0, group-E264CA5F8311, 1, (t:1, i:255))
2023-08-18 03:37:23,623 [grpc-default-executor-3] INFO  server.RaftServer$Division (RaftServerImpl.java:requestVote(1344)) - s1@group-E264CA5F8311: receive requestVote(PRE_VOTE, s0, group-E264CA5F8311, 1, (t:1, i:255))
2023-08-18 03:37:23,623 [grpc-default-executor-4] WARN  server.GrpcServerProtocolService (LogUtils.java:warn(122)) - s2: Failed requestVote s0->s2#0: org.apache.ratis.protocol.exceptions.ServerNotReadyException: s2@group-E264CA5F8311 is not in [RUNNING]: current state is STARTING
2023-08-18 03:37:23,623 [grpc-default-executor-3] WARN  server.GrpcServerProtocolService (LogUtils.java:warn(122)) - s1: Failed requestVote s0->s1#0: org.apache.ratis.protocol.exceptions.ServerNotReadyException: s1@group-E264CA5F8311 is not in [RUNNING]: current state is STARTING
2023-08-18 03:37:23,624 [s0@group-E264CA5F8311-LeaderElection316] INFO  impl.LeaderElection (LogUtils.java:infoOrTrace(137)) - s0@group-E264CA5F8311-LeaderElection316 got exception when requesting votes: java.util.concurrent.ExecutionException: org.apache.ratis.thirdparty.io.grpc.StatusRuntimeException: INTERNAL: s2@group-E264CA5F8311 is not in [RUNNING]: current state is STARTING
2023-08-18 03:37:23,624 [s0@group-E264CA5F8311-LeaderElection316] INFO  impl.LeaderElection (LogUtils.java:infoOrTrace(137)) - s0@group-E264CA5F8311-LeaderElection316 got exception when requesting votes: java.util.concurrent.ExecutionException: org.apache.ratis.thirdparty.io.grpc.StatusRuntimeException: INTERNAL: s1@group-E264CA5F8311 is not in [RUNNING]: current state is STARTING
2023-08-18 03:37:23,624 [s0@group-E264CA5F8311-LeaderElection316] INFO  impl.LeaderElection (LeaderElection.java:logAndReturn(89)) - s0@group-E264CA5F8311-LeaderElection316: PRE_VOTE REJECTED received 0 response(s) and 2 exception(s):
2023-08-18 03:37:23,624 [s0@group-E264CA5F8311-LeaderElection316] INFO  impl.LeaderElection (LogUtils.java:infoOrTrace(137)) -   Exception 0: java.util.concurrent.ExecutionException: org.apache.ratis.thirdparty.io.grpc.StatusRuntimeException: INTERNAL: s2@group-E264CA5F8311 is not in [RUNNING]: current state is STARTING
2023-08-18 03:37:23,624 [s0@group-E264CA5F8311-LeaderElection316] INFO  impl.LeaderElection (LogUtils.java:infoOrTrace(137)) -   Exception 1: java.util.concurrent.ExecutionException: org.apache.ratis.thirdparty.io.grpc.StatusRuntimeException: INTERNAL: s1@group-E264CA5F8311 is not in [RUNNING]: current state is STARTING
2023-08-18 03:37:23,624 [s0@group-E264CA5F8311-LeaderElection316] INFO  impl.LeaderElection (LeaderElection.java:askForVotes(322)) - s0@group-E264CA5F8311-LeaderElection316 PRE_VOTE round 0: result REJECTED
2023-08-18 03:37:23,624 [s0@group-E264CA5F8311-LeaderElection316] INFO  server.RaftServer$Division (RaftServerImpl.java:setRole(371)) - s0@group-E264CA5F8311: changes role from CANDIDATE to FOLLOWER at term 1 for REJECTED
2023-08-18 03:37:23,624 [s0@group-E264CA5F8311-LeaderElection316] INFO  impl.RoleInfo (RoleInfo.java:shutdownLeaderElection(129)) - s0: shutdown s0@group-E264CA5F8311-LeaderElection316
2023-08-18 03:37:23,624 [s0@group-E264CA5F8311-LeaderElection316] INFO  impl.RoleInfo (RoleInfo.java:updateAndGet(138)) - s0: start s0@group-E264CA5F8311-FollowerState
2023-08-18 03:37:23,649 [s2-server-thread1] INFO  server.RaftServer$Division (RaftServerImpl.java:setConfigurationAsync(1238)) - s2@group-E264CA5F8311: receive setConfiguration SetConfigurationRequest:client-255CF6B0DA3F->s2@group-E264CA5F8311, cid=386, seq=0, RW, null, SET_UNCONDITIONALLY, servers:[s1|rpc:0.0.0.0:34459|dataStream:|priority:0|startupRole:FOLLOWER, s2|rpc:0.0.0.0:43137|dataStream:|priority:0|startupRole:FOLLOWER, s0|rpc:localhost:39295|admin:localhost:44843|client:localhost:40991|dataStream:localhost:40677|priority:0|startupRole:FOLLOWER], listeners:[]
2023-08-18 03:37:23,752 [s0-server-thread1] INFO  server.RaftServer$Division (RaftServerImpl.java:setConfigurationAsync(1238)) - s0@group-E264CA5F8311: receive setConfiguration SetConfigurationRequest:client-255CF6B0DA3F->s0@group-E264CA5F8311, cid=386, seq=0, RW, null, SET_UNCONDITIONALLY, servers:[s1|rpc:0.0.0.0:34459|dataStream:|priority:0|startupRole:FOLLOWER, s2|rpc:0.0.0.0:43137|dataStream:|priority:0|startupRole:FOLLOWER, s0|rpc:localhost:39295|admin:localhost:44843|client:localhost:40991|dataStream:localhost:40677|priority:0|startupRole:FOLLOWER], listeners:[]
2023-08-18 03:37:23,855 [s1-server-thread1] INFO  server.RaftServer$Division (RaftServerImpl.java:setConfigurationAsync(1238)) - s1@group-E264CA5F8311: receive setConfiguration SetConfigurationRequest:client-255CF6B0DA3F->s1@group-E264CA5F8311, cid=386, seq=0, RW, null, SET_UNCONDITIONALLY, servers:[s1|rpc:0.0.0.0:34459|dataStream:|priority:0|startupRole:FOLLOWER, s2|rpc:0.0.0.0:43137|dataStream:|priority:0|startupRole:FOLLOWER, s0|rpc:localhost:39295|admin:localhost:44843|client:localhost:40991|dataStream:localhost:40677|priority:0|startupRole:FOLLOWER], listeners:[]
2023-08-18 03:37:23,891 [s0@group-E264CA5F8311-FollowerState] INFO  impl.FollowerState (FollowerState.java:run(143)) - s0@group-E264CA5F8311-FollowerState: change to CANDIDATE, lastRpcElapsedTime:267278890ns, electionTimeout:267ms
2023-08-18 03:37:23,891 [s0@group-E264CA5F8311-FollowerState] INFO  impl.RoleInfo (RoleInfo.java:shutdownFollowerState(109)) - s0: shutdown s0@group-E264CA5F8311-FollowerState
2023-08-18 03:37:23,891 [s0@group-E264CA5F8311-FollowerState] INFO  server.RaftServer$Division (RaftServerImpl.java:setRole(371)) - s0@group-E264CA5F8311: changes role from  FOLLOWER to CANDIDATE at term 1 for changeToCandidate
2023-08-18 03:37:23,891 [s0@group-E264CA5F8311-FollowerState] INFO  impl.SimpleStateMachine4Testing (SimpleStateMachine4Testing.java:notifyExtendedNoLeader(411)) - StateMachineWithMultiNestedSnapshotFile:s0:group-E264CA5F8311: notifyExtendedNoLeader group-E264CA5F8311, self {
  id: "s0"
  address: "localhost:39295"
  dataStreamAddress: "localhost:40677"
  clientAddress: "localhost:40991"
  adminAddress: "localhost:44843"
  startupRole: FOLLOWER
}
role: CANDIDATE
candidateInfo {
  lastLeaderElapsedTimeMs: 82175
}

2023-08-18 03:37:23,892 [s0@group-E264CA5F8311-FollowerState] INFO  server.RaftServerConfigKeys (ConfUtils.java:logGet(46)) - raft.server.leaderelection.pre-vote = true (default)
2023-08-18 03:37:23,892 [s0@group-E264CA5F8311-FollowerState] INFO  impl.RoleInfo (RoleInfo.java:updateAndGet(138)) - s0: start s0@group-E264CA5F8311-LeaderElection317
2023-08-18 03:37:23,892 [s0@group-E264CA5F8311-LeaderElection317] INFO  impl.LeaderElection (LeaderElection.java:askForVotes(320)) - s0@group-E264CA5F8311-LeaderElection317 PRE_VOTE round 0: submit vote requests at term 1 for 255: peers:[s0|rpc:localhost:39295|admin:localhost:44843|client:localhost:40991|dataStream:localhost:40677|priority:0|startupRole:FOLLOWER, s1|rpc:0.0.0.0:34459|dataStream:|priority:0|startupRole:FOLLOWER, s2|rpc:0.0.0.0:43137|dataStream:|priority:0|startupRole:FOLLOWER]|listeners:[], old=peers:[s0|rpc:localhost:39295|admin:localhost:44843|client:localhost:40991|dataStream:localhost:40677|priority:0|startupRole:FOLLOWER]|listeners:[]
2023-08-18 03:37:23,893 [grpc-default-executor-3] INFO  server.RaftServer$Division (RaftServerImpl.java:requestVote(1344)) - s1@group-E264CA5F8311: receive requestVote(PRE_VOTE, s0, group-E264CA5F8311, 1, (t:1, i:255))
2023-08-18 03:37:23,893 [grpc-default-executor-4] INFO  server.RaftServer$Division (RaftServerImpl.java:requestVote(1344)) - s2@group-E264CA5F8311: receive requestVote(PRE_VOTE, s0, group-E264CA5F8311, 1, (t:1, i:255))
2023-08-18 03:37:23,893 [grpc-default-executor-3] WARN  server.GrpcServerProtocolService (LogUtils.java:warn(122)) - s1: Failed requestVote s0->s1#0: org.apache.ratis.protocol.exceptions.ServerNotReadyException: s1@group-E264CA5F8311 is not in [RUNNING]: current state is STARTING
2023-08-18 03:37:23,893 [grpc-default-executor-4] WARN  server.GrpcServerProtocolService (LogUtils.java:warn(122)) - s2: Failed requestVote s0->s2#0: org.apache.ratis.protocol.exceptions.ServerNotReadyException: s2@group-E264CA5F8311 is not in [RUNNING]: current state is STARTING
2023-08-18 03:37:23,893 [s0@group-E264CA5F8311-LeaderElection317] INFO  impl.LeaderElection (LogUtils.java:infoOrTrace(137)) - s0@group-E264CA5F8311-LeaderElection317 got exception when requesting votes: java.util.concurrent.ExecutionException: org.apache.ratis.thirdparty.io.grpc.StatusRuntimeException: INTERNAL: s1@group-E264CA5F8311 is not in [RUNNING]: current state is STARTING
2023-08-18 03:37:23,893 [s0@group-E264CA5F8311-LeaderElection317] INFO  impl.LeaderElection (LogUtils.java:infoOrTrace(137)) - s0@group-E264CA5F8311-LeaderElection317 got exception when requesting votes: java.util.concurrent.ExecutionException: org.apache.ratis.thirdparty.io.grpc.StatusRuntimeException: INTERNAL: s2@group-E264CA5F8311 is not in [RUNNING]: current state is STARTING
2023-08-18 03:37:23,893 [s0@group-E264CA5F8311-LeaderElection317] INFO  impl.LeaderElection (LeaderElection.java:logAndReturn(89)) - s0@group-E264CA5F8311-LeaderElection317: PRE_VOTE REJECTED received 0 response(s) and 2 exception(s):
2023-08-18 03:37:23,893 [s0@group-E264CA5F8311-LeaderElection317] INFO  impl.LeaderElection (LogUtils.java:infoOrTrace(137)) -   Exception 0: java.util.concurrent.ExecutionException: org.apache.ratis.thirdparty.io.grpc.StatusRuntimeException: INTERNAL: s1@group-E264CA5F8311 is not in [RUNNING]: current state is STARTING
2023-08-18 03:37:23,893 [s0@group-E264CA5F8311-LeaderElection317] INFO  impl.LeaderElection (LogUtils.java:infoOrTrace(137)) -   Exception 1: java.util.concurrent.ExecutionException: org.apache.ratis.thirdparty.io.grpc.StatusRuntimeException: INTERNAL: s2@group-E264CA5F8311 is not in [RUNNING]: current state is STARTING
2023-08-18 03:37:23,893 [s0@group-E264CA5F8311-LeaderElection317] INFO  impl.LeaderElection (LeaderElection.java:askForVotes(322)) - s0@group-E264CA5F8311-LeaderElection317 PRE_VOTE round 0: result REJECTED
2023-08-18 03:37:23,893 [s0@group-E264CA5F8311-LeaderElection317] INFO  server.RaftServer$Division (RaftServerImpl.java:setRole(371)) - s0@group-E264CA5F8311: changes role from CANDIDATE to FOLLOWER at term 1 for REJECTED
2023-08-18 03:37:23,893 [s0@group-E264CA5F8311-LeaderElection317] INFO  impl.RoleInfo (RoleInfo.java:shutdownLeaderElection(129)) - s0: shutdown s0@group-E264CA5F8311-LeaderElection317
2023-08-18 03:37:23,893 [s0@group-E264CA5F8311-LeaderElection317] INFO  impl.RoleInfo (RoleInfo.java:updateAndGet(138)) - s0: start s0@group-E264CA5F8311-FollowerState
2023-08-18 03:37:23,959 [s0-server-thread1] INFO  server.RaftServer$Division (RaftServerImpl.java:setConfigurationAsync(1238)) - s0@group-E264CA5F8311: receive setConfiguration SetConfigurationRequest:client-255CF6B0DA3F->s0@group-E264CA5F8311, cid=386, seq=0, RW, null, SET_UNCONDITIONALLY, servers:[s1|rpc:0.0.0.0:34459|dataStream:|priority:0|startupRole:FOLLOWER, s2|rpc:0.0.0.0:43137|dataStream:|priority:0|startupRole:FOLLOWER, s0|rpc:localhost:39295|admin:localhost:44843|client:localhost:40991|dataStream:localhost:40677|priority:0|startupRole:FOLLOWER], listeners:[]
2023-08-18 03:37:24,062 [s1-server-thread1] INFO  server.RaftServer$Division (RaftServerImpl.java:setConfigurationAsync(1238)) - s1@group-E264CA5F8311: receive setConfiguration SetConfigurationRequest:client-255CF6B0DA3F->s1@group-E264CA5F8311, cid=386, seq=0, RW, null, SET_UNCONDITIONALLY, servers:[s1|rpc:0.0.0.0:34459|dataStream:|priority:0|startupRole:FOLLOWER, s2|rpc:0.0.0.0:43137|dataStream:|priority:0|startupRole:FOLLOWER, s0|rpc:localhost:39295|admin:localhost:44843|client:localhost:40991|dataStream:localhost:40677|priority:0|startupRole:FOLLOWER], listeners:[]
2023-08-18 03:37:24,063 [s0@group-E264CA5F8311-FollowerState] INFO  impl.FollowerState (FollowerState.java:run(143)) - s0@group-E264CA5F8311-FollowerState: change to CANDIDATE, lastRpcElapsedTime:169215081ns, electionTimeout:169ms
2023-08-18 03:37:24,063 [s0@group-E264CA5F8311-FollowerState] INFO  impl.RoleInfo (RoleInfo.java:shutdownFollowerState(109)) - s0: shutdown s0@group-E264CA5F8311-FollowerState
2023-08-18 03:37:24,063 [s0@group-E264CA5F8311-FollowerState] INFO  server.RaftServer$Division (RaftServerImpl.java:setRole(371)) - s0@group-E264CA5F8311: changes role from  FOLLOWER to CANDIDATE at term 1 for changeToCandidate
2023-08-18 03:37:24,063 [s0@group-E264CA5F8311-FollowerState] INFO  impl.SimpleStateMachine4Testing (SimpleStateMachine4Testing.java:notifyExtendedNoLeader(411)) - StateMachineWithMultiNestedSnapshotFile:s0:group-E264CA5F8311: notifyExtendedNoLeader group-E264CA5F8311, self {
  id: "s0"
  address: "localhost:39295"
  dataStreamAddress: "localhost:40677"
  clientAddress: "localhost:40991"
  adminAddress: "localhost:44843"
  startupRole: FOLLOWER
}
role: CANDIDATE
candidateInfo {
  lastLeaderElapsedTimeMs: 82346
}

2023-08-18 03:37:24,063 [s0@group-E264CA5F8311-FollowerState] INFO  server.RaftServerConfigKeys (ConfUtils.java:logGet(46)) - raft.server.leaderelection.pre-vote = true (default)
2023-08-18 03:37:24,063 [s0@group-E264CA5F8311-FollowerState] INFO  impl.RoleInfo (RoleInfo.java:updateAndGet(138)) - s0: start s0@group-E264CA5F8311-LeaderElection318
2023-08-18 03:37:24,063 [s0@group-E264CA5F8311-LeaderElection318] INFO  impl.LeaderElection (LeaderElection.java:askForVotes(320)) - s0@group-E264CA5F8311-LeaderElection318 PRE_VOTE round 0: submit vote requests at term 1 for 255: peers:[s0|rpc:localhost:39295|admin:localhost:44843|client:localhost:40991|dataStream:localhost:40677|priority:0|startupRole:FOLLOWER, s1|rpc:0.0.0.0:34459|dataStream:|priority:0|startupRole:FOLLOWER, s2|rpc:0.0.0.0:43137|dataStream:|priority:0|startupRole:FOLLOWER]|listeners:[], old=peers:[s0|rpc:localhost:39295|admin:localhost:44843|client:localhost:40991|dataStream:localhost:40677|priority:0|startupRole:FOLLOWER]|listeners:[]
2023-08-18 03:37:24,064 [grpc-default-executor-4] INFO  server.RaftServer$Division (RaftServerImpl.java:requestVote(1344)) - s1@group-E264CA5F8311: receive requestVote(PRE_VOTE, s0, group-E264CA5F8311, 1, (t:1, i:255))
2023-08-18 03:37:24,064 [grpc-default-executor-4] WARN  server.GrpcServerProtocolService (LogUtils.java:warn(122)) - s1: Failed requestVote s0->s1#0: org.apache.ratis.protocol.exceptions.ServerNotReadyException: s1@group-E264CA5F8311 is not in [RUNNING]: current state is STARTING
2023-08-18 03:37:24,064 [grpc-default-executor-4] INFO  server.RaftServer$Division (RaftServerImpl.java:requestVote(1344)) - s2@group-E264CA5F8311: receive requestVote(PRE_VOTE, s0, group-E264CA5F8311, 1, (t:1, i:255))
2023-08-18 03:37:24,064 [grpc-default-executor-4] WARN  server.GrpcServerProtocolService (LogUtils.java:warn(122)) - s2: Failed requestVote s0->s2#0: org.apache.ratis.protocol.exceptions.ServerNotReadyException: s2@group-E264CA5F8311 is not in [RUNNING]: current state is STARTING
2023-08-18 03:37:24,064 [s0@group-E264CA5F8311-LeaderElection318] INFO  impl.LeaderElection (LogUtils.java:infoOrTrace(137)) - s0@group-E264CA5F8311-LeaderElection318 got exception when requesting votes: java.util.concurrent.ExecutionException: org.apache.ratis.thirdparty.io.grpc.StatusRuntimeException: INTERNAL: s1@group-E264CA5F8311 is not in [RUNNING]: current state is STARTING
2023-08-18 03:37:24,064 [s0@group-E264CA5F8311-LeaderElection318] INFO  impl.LeaderElection (LogUtils.java:infoOrTrace(137)) - s0@group-E264CA5F8311-LeaderElection318 got exception when requesting votes: java.util.concurrent.ExecutionException: org.apache.ratis.thirdparty.io.grpc.StatusRuntimeException: INTERNAL: s2@group-E264CA5F8311 is not in [RUNNING]: current state is STARTING
2023-08-18 03:37:24,064 [s0@group-E264CA5F8311-LeaderElection318] INFO  impl.LeaderElection (LeaderElection.java:logAndReturn(89)) - s0@group-E264CA5F8311-LeaderElection318: PRE_VOTE REJECTED received 0 response(s) and 2 exception(s):
2023-08-18 03:37:24,064 [s0@group-E264CA5F8311-LeaderElection318] INFO  impl.LeaderElection (LogUtils.java:infoOrTrace(137)) -   Exception 0: java.util.concurrent.ExecutionException: org.apache.ratis.thirdparty.io.grpc.StatusRuntimeException: INTERNAL: s1@group-E264CA5F8311 is not in [RUNNING]: current state is STARTING
2023-08-18 03:37:24,064 [s0@group-E264CA5F8311-LeaderElection318] INFO  impl.LeaderElection (LogUtils.java:infoOrTrace(137)) -   Exception 1: java.util.concurrent.ExecutionException: org.apache.ratis.thirdparty.io.grpc.StatusRuntimeException: INTERNAL: s2@group-E264CA5F8311 is not in [RUNNING]: current state is STARTING
2023-08-18 03:37:24,064 [s0@group-E264CA5F8311-LeaderElection318] INFO  impl.LeaderElection (LeaderElection.java:askForVotes(322)) - s0@group-E264CA5F8311-LeaderElection318 PRE_VOTE round 0: result REJECTED
2023-08-18 03:37:24,064 [s0@group-E264CA5F8311-LeaderElection318] INFO  server.RaftServer$Division (RaftServerImpl.java:setRole(371)) - s0@group-E264CA5F8311: changes role from CANDIDATE to FOLLOWER at term 1 for REJECTED
2023-08-18 03:37:24,064 [s0@group-E264CA5F8311-LeaderElection318] INFO  impl.RoleInfo (RoleInfo.java:shutdownLeaderElection(129)) - s0: shutdown s0@group-E264CA5F8311-LeaderElection318
2023-08-18 03:37:24,065 [s0@group-E264CA5F8311-LeaderElection318] INFO  impl.RoleInfo (RoleInfo.java:updateAndGet(138)) - s0: start s0@group-E264CA5F8311-FollowerState
2023-08-18 03:37:24,165 [s2-server-thread1] INFO  server.RaftServer$Division (RaftServerImpl.java:setConfigurationAsync(1238)) - s2@group-E264CA5F8311: receive setConfiguration SetConfigurationRequest:client-255CF6B0DA3F->s2@group-E264CA5F8311, cid=386, seq=0, RW, null, SET_UNCONDITIONALLY, servers:[s1|rpc:0.0.0.0:34459|dataStream:|priority:0|startupRole:FOLLOWER, s2|rpc:0.0.0.0:43137|dataStream:|priority:0|startupRole:FOLLOWER, s0|rpc:localhost:39295|admin:localhost:44843|client:localhost:40991|dataStream:localhost:40677|priority:0|startupRole:FOLLOWER], listeners:[]
2023-08-18 03:37:24,268 [s1-server-thread1] INFO  server.RaftServer$Division (RaftServerImpl.java:setConfigurationAsync(1238)) - s1@group-E264CA5F8311: receive setConfiguration SetConfigurationRequest:client-255CF6B0DA3F->s1@group-E264CA5F8311, cid=386, seq=0, RW, null, SET_UNCONDITIONALLY, servers:[s1|rpc:0.0.0.0:34459|dataStream:|priority:0|startupRole:FOLLOWER, s2|rpc:0.0.0.0:43137|dataStream:|priority:0|startupRole:FOLLOWER, s0|rpc:localhost:39295|admin:localhost:44843|client:localhost:40991|dataStream:localhost:40677|priority:0|startupRole:FOLLOWER], listeners:[]
2023-08-18 03:37:24,323 [s0@group-E264CA5F8311-FollowerState] INFO  impl.FollowerState (FollowerState.java:run(143)) - s0@group-E264CA5F8311-FollowerState: change to CANDIDATE, lastRpcElapsedTime:258238145ns, electionTimeout:258ms
2023-08-18 03:37:24,323 [s0@group-E264CA5F8311-FollowerState] INFO  impl.RoleInfo (RoleInfo.java:shutdownFollowerState(109)) - s0: shutdown s0@group-E264CA5F8311-FollowerState
2023-08-18 03:37:24,323 [s0@group-E264CA5F8311-FollowerState] INFO  server.RaftServer$Division (RaftServerImpl.java:setRole(371)) - s0@group-E264CA5F8311: changes role from  FOLLOWER to CANDIDATE at term 1 for changeToCandidate
2023-08-18 03:37:24,323 [s0@group-E264CA5F8311-FollowerState] INFO  impl.SimpleStateMachine4Testing (SimpleStateMachine4Testing.java:notifyExtendedNoLeader(411)) - StateMachineWithMultiNestedSnapshotFile:s0:group-E264CA5F8311: notifyExtendedNoLeader group-E264CA5F8311, self {
  id: "s0"
  address: "localhost:39295"
  dataStreamAddress: "localhost:40677"
  clientAddress: "localhost:40991"
  adminAddress: "localhost:44843"
  startupRole: FOLLOWER
}
role: CANDIDATE
candidateInfo {
  lastLeaderElapsedTimeMs: 82607
}

2023-08-18 03:37:24,323 [s0@group-E264CA5F8311-FollowerState] INFO  server.RaftServerConfigKeys (ConfUtils.java:logGet(46)) - raft.server.leaderelection.pre-vote = true (default)
2023-08-18 03:37:24,323 [s0@group-E264CA5F8311-FollowerState] INFO  impl.RoleInfo (RoleInfo.java:updateAndGet(138)) - s0: start s0@group-E264CA5F8311-LeaderElection319
2023-08-18 03:37:24,323 [s0@group-E264CA5F8311-LeaderElection319] INFO  impl.LeaderElection (LeaderElection.java:askForVotes(320)) - s0@group-E264CA5F8311-LeaderElection319 PRE_VOTE round 0: submit vote requests at term 1 for 255: peers:[s0|rpc:localhost:39295|admin:localhost:44843|client:localhost:40991|dataStream:localhost:40677|priority:0|startupRole:FOLLOWER, s1|rpc:0.0.0.0:34459|dataStream:|priority:0|startupRole:FOLLOWER, s2|rpc:0.0.0.0:43137|dataStream:|priority:0|startupRole:FOLLOWER]|listeners:[], old=peers:[s0|rpc:localhost:39295|admin:localhost:44843|client:localhost:40991|dataStream:localhost:40677|priority:0|startupRole:FOLLOWER]|listeners:[]
2023-08-18 03:37:24,324 [grpc-default-executor-3] INFO  server.RaftServer$Division (RaftServerImpl.java:requestVote(1344)) - s1@group-E264CA5F8311: receive requestVote(PRE_VOTE, s0, group-E264CA5F8311, 1, (t:1, i:255))
2023-08-18 03:37:24,324 [grpc-default-executor-4] INFO  server.RaftServer$Division (RaftServerImpl.java:requestVote(1344)) - s2@group-E264CA5F8311: receive requestVote(PRE_VOTE, s0, group-E264CA5F8311, 1, (t:1, i:255))
2023-08-18 03:37:24,324 [grpc-default-executor-3] WARN  server.GrpcServerProtocolService (LogUtils.java:warn(122)) - s1: Failed requestVote s0->s1#0: org.apache.ratis.protocol.exceptions.ServerNotReadyException: s1@group-E264CA5F8311 is not in [RUNNING]: current state is STARTING
2023-08-18 03:37:24,324 [grpc-default-executor-4] WARN  server.GrpcServerProtocolService (LogUtils.java:warn(122)) - s2: Failed requestVote s0->s2#0: org.apache.ratis.protocol.exceptions.ServerNotReadyException: s2@group-E264CA5F8311 is not in [RUNNING]: current state is STARTING
2023-08-18 03:37:24,325 [s0@group-E264CA5F8311-LeaderElection319] INFO  impl.LeaderElection (LogUtils.java:infoOrTrace(137)) - s0@group-E264CA5F8311-LeaderElection319 got exception when requesting votes: java.util.concurrent.ExecutionException: org.apache.ratis.thirdparty.io.grpc.StatusRuntimeException: INTERNAL: s1@group-E264CA5F8311 is not in [RUNNING]: current state is STARTING
2023-08-18 03:37:24,325 [s0@group-E264CA5F8311-LeaderElection319] INFO  impl.LeaderElection (LogUtils.java:infoOrTrace(137)) - s0@group-E264CA5F8311-LeaderElection319 got exception when requesting votes: java.util.concurrent.ExecutionException: org.apache.ratis.thirdparty.io.grpc.StatusRuntimeException: INTERNAL: s2@group-E264CA5F8311 is not in [RUNNING]: current state is STARTING
2023-08-18 03:37:24,325 [s0@group-E264CA5F8311-LeaderElection319] INFO  impl.LeaderElection (LeaderElection.java:logAndReturn(89)) - s0@group-E264CA5F8311-LeaderElection319: PRE_VOTE REJECTED received 0 response(s) and 2 exception(s):
2023-08-18 03:37:24,325 [s0@group-E264CA5F8311-LeaderElection319] INFO  impl.LeaderElection (LogUtils.java:infoOrTrace(137)) -   Exception 0: java.util.concurrent.ExecutionException: org.apache.ratis.thirdparty.io.grpc.StatusRuntimeException: INTERNAL: s1@group-E264CA5F8311 is not in [RUNNING]: current state is STARTING
2023-08-18 03:37:24,325 [s0@group-E264CA5F8311-LeaderElection319] INFO  impl.LeaderElection (LogUtils.java:infoOrTrace(137)) -   Exception 1: java.util.concurrent.ExecutionException: org.apache.ratis.thirdparty.io.grpc.StatusRuntimeException: INTERNAL: s2@group-E264CA5F8311 is not in [RUNNING]: current state is STARTING
2023-08-18 03:37:24,325 [s0@group-E264CA5F8311-LeaderElection319] INFO  impl.LeaderElection (LeaderElection.java:askForVotes(322)) - s0@group-E264CA5F8311-LeaderElection319 PRE_VOTE round 0: result REJECTED
2023-08-18 03:37:24,325 [s0@group-E264CA5F8311-LeaderElection319] INFO  server.RaftServer$Division (RaftServerImpl.java:setRole(371)) - s0@group-E264CA5F8311: changes role from CANDIDATE to FOLLOWER at term 1 for REJECTED
2023-08-18 03:37:24,325 [s0@group-E264CA5F8311-LeaderElection319] INFO  impl.RoleInfo (RoleInfo.java:shutdownLeaderElection(129)) - s0: shutdown s0@group-E264CA5F8311-LeaderElection319
2023-08-18 03:37:24,325 [s0@group-E264CA5F8311-LeaderElection319] INFO  impl.RoleInfo (RoleInfo.java:updateAndGet(138)) - s0: start s0@group-E264CA5F8311-FollowerState
2023-08-18 03:37:24,373 [s2-server-thread1] INFO  server.RaftServer$Division (RaftServerImpl.java:setConfigurationAsync(1238)) - s2@group-E264CA5F8311: receive setConfiguration SetConfigurationRequest:client-255CF6B0DA3F->s2@group-E264CA5F8311, cid=386, seq=0, RW, null, SET_UNCONDITIONALLY, servers:[s1|rpc:0.0.0.0:34459|dataStream:|priority:0|startupRole:FOLLOWER, s2|rpc:0.0.0.0:43137|dataStream:|priority:0|startupRole:FOLLOWER, s0|rpc:localhost:39295|admin:localhost:44843|client:localhost:40991|dataStream:localhost:40677|priority:0|startupRole:FOLLOWER], listeners:[]
2023-08-18 03:37:24,477 [s0-server-thread1] INFO  server.RaftServer$Division (RaftServerImpl.java:setConfigurationAsync(1238)) - s0@group-E264CA5F8311: receive setConfiguration SetConfigurationRequest:client-255CF6B0DA3F->s0@group-E264CA5F8311, cid=386, seq=0, RW, null, SET_UNCONDITIONALLY, servers:[s1|rpc:0.0.0.0:34459|dataStream:|priority:0|startupRole:FOLLOWER, s2|rpc:0.0.0.0:43137|dataStream:|priority:0|startupRole:FOLLOWER, s0|rpc:localhost:39295|admin:localhost:44843|client:localhost:40991|dataStream:localhost:40677|priority:0|startupRole:FOLLOWER], listeners:[]
2023-08-18 03:37:24,544 [s0@group-E264CA5F8311-FollowerState] INFO  impl.FollowerState (FollowerState.java:run(143)) - s0@group-E264CA5F8311-FollowerState: change to CANDIDATE, lastRpcElapsedTime:219321879ns, electionTimeout:219ms
2023-08-18 03:37:24,545 [s0@group-E264CA5F8311-FollowerState] INFO  impl.RoleInfo (RoleInfo.java:shutdownFollowerState(109)) - s0: shutdown s0@group-E264CA5F8311-FollowerState
2023-08-18 03:37:24,545 [s0@group-E264CA5F8311-FollowerState] INFO  server.RaftServer$Division (RaftServerImpl.java:setRole(371)) - s0@group-E264CA5F8311: changes role from  FOLLOWER to CANDIDATE at term 1 for changeToCandidate
2023-08-18 03:37:24,545 [s0@group-E264CA5F8311-FollowerState] INFO  impl.SimpleStateMachine4Testing (SimpleStateMachine4Testing.java:notifyExtendedNoLeader(411)) - StateMachineWithMultiNestedSnapshotFile:s0:group-E264CA5F8311: notifyExtendedNoLeader group-E264CA5F8311, self {
  id: "s0"
  address: "localhost:39295"
  dataStreamAddress: "localhost:40677"
  clientAddress: "localhost:40991"
  adminAddress: "localhost:44843"
  startupRole: FOLLOWER
}
role: CANDIDATE
candidateInfo {
  lastLeaderElapsedTimeMs: 82828
}

2023-08-18 03:37:24,545 [s0@group-E264CA5F8311-FollowerState] INFO  server.RaftServerConfigKeys (ConfUtils.java:logGet(46)) - raft.server.leaderelection.pre-vote = true (default)
2023-08-18 03:37:24,545 [s0@group-E264CA5F8311-FollowerState] INFO  impl.RoleInfo (RoleInfo.java:updateAndGet(138)) - s0: start s0@group-E264CA5F8311-LeaderElection320
2023-08-18 03:37:24,545 [s0@group-E264CA5F8311-LeaderElection320] INFO  impl.LeaderElection (LeaderElection.java:askForVotes(320)) - s0@group-E264CA5F8311-LeaderElection320 PRE_VOTE round 0: submit vote requests at term 1 for 255: peers:[s0|rpc:localhost:39295|admin:localhost:44843|client:localhost:40991|dataStream:localhost:40677|priority:0|startupRole:FOLLOWER, s1|rpc:0.0.0.0:34459|dataStream:|priority:0|startupRole:FOLLOWER, s2|rpc:0.0.0.0:43137|dataStream:|priority:0|startupRole:FOLLOWER]|listeners:[], old=peers:[s0|rpc:localhost:39295|admin:localhost:44843|client:localhost:40991|dataStream:localhost:40677|priority:0|startupRole:FOLLOWER]|listeners:[]
2023-08-18 03:37:24,546 [grpc-default-executor-4] INFO  server.RaftServer$Division (RaftServerImpl.java:requestVote(1344)) - s1@group-E264CA5F8311: receive requestVote(PRE_VOTE, s0, group-E264CA5F8311, 1, (t:1, i:255))
2023-08-18 03:37:24,546 [grpc-default-executor-4] WARN  server.GrpcServerProtocolService (LogUtils.java:warn(122)) - s1: Failed requestVote s0->s1#0: org.apache.ratis.protocol.exceptions.ServerNotReadyException: s1@group-E264CA5F8311 is not in [RUNNING]: current state is STARTING
2023-08-18 03:37:24,547 [grpc-default-executor-4] INFO  server.RaftServer$Division (RaftServerImpl.java:requestVote(1344)) - s2@group-E264CA5F8311: receive requestVote(PRE_VOTE, s0, group-E264CA5F8311, 1, (t:1, i:255))
2023-08-18 03:37:24,547 [grpc-default-executor-4] WARN  server.GrpcServerProtocolService (LogUtils.java:warn(122)) - s2: Failed requestVote s0->s2#0: org.apache.ratis.protocol.exceptions.ServerNotReadyException: s2@group-E264CA5F8311 is not in [RUNNING]: current state is STARTING
2023-08-18 03:37:24,547 [s0@group-E264CA5F8311-LeaderElection320] INFO  impl.LeaderElection (LogUtils.java:infoOrTrace(137)) - s0@group-E264CA5F8311-LeaderElection320 got exception when requesting votes: java.util.concurrent.ExecutionException: org.apache.ratis.thirdparty.io.grpc.StatusRuntimeException: INTERNAL: s1@group-E264CA5F8311 is not in [RUNNING]: current state is STARTING
2023-08-18 03:37:24,551 [s0@group-E264CA5F8311-LeaderElection320] INFO  impl.LeaderElection (LogUtils.java:infoOrTrace(137)) - s0@group-E264CA5F8311-LeaderElection320 got exception when requesting votes: java.util.concurrent.ExecutionException: org.apache.ratis.thirdparty.io.grpc.StatusRuntimeException: INTERNAL: s2@group-E264CA5F8311 is not in [RUNNING]: current state is STARTING
2023-08-18 03:37:24,551 [s0@group-E264CA5F8311-LeaderElection320] INFO  impl.LeaderElection (LeaderElection.java:logAndReturn(89)) - s0@group-E264CA5F8311-LeaderElection320: PRE_VOTE REJECTED received 0 response(s) and 2 exception(s):
2023-08-18 03:37:24,551 [s0@group-E264CA5F8311-LeaderElection320] INFO  impl.LeaderElection (LogUtils.java:infoOrTrace(137)) -   Exception 0: java.util.concurrent.ExecutionException: org.apache.ratis.thirdparty.io.grpc.StatusRuntimeException: INTERNAL: s1@group-E264CA5F8311 is not in [RUNNING]: current state is STARTING
2023-08-18 03:37:24,551 [s0@group-E264CA5F8311-LeaderElection320] INFO  impl.LeaderElection (LogUtils.java:infoOrTrace(137)) -   Exception 1: java.util.concurrent.ExecutionException: org.apache.ratis.thirdparty.io.grpc.StatusRuntimeException: INTERNAL: s2@group-E264CA5F8311 is not in [RUNNING]: current state is STARTING
2023-08-18 03:37:24,551 [s0@group-E264CA5F8311-LeaderElection320] INFO  impl.LeaderElection (LeaderElection.java:askForVotes(322)) - s0@group-E264CA5F8311-LeaderElection320 PRE_VOTE round 0: result REJECTED
2023-08-18 03:37:24,551 [s0@group-E264CA5F8311-LeaderElection320] INFO  server.RaftServer$Division (RaftServerImpl.java:setRole(371)) - s0@group-E264CA5F8311: changes role from CANDIDATE to FOLLOWER at term 1 for REJECTED
2023-08-18 03:37:24,551 [s0@group-E264CA5F8311-LeaderElection320] INFO  impl.RoleInfo (RoleInfo.java:shutdownLeaderElection(129)) - s0: shutdown s0@group-E264CA5F8311-LeaderElection320
2023-08-18 03:37:24,551 [s0@group-E264CA5F8311-LeaderElection320] INFO  impl.RoleInfo (RoleInfo.java:updateAndGet(138)) - s0: start s0@group-E264CA5F8311-FollowerState
2023-08-18 03:37:24,581 [s2-server-thread1] INFO  server.RaftServer$Division (RaftServerImpl.java:setConfigurationAsync(1238)) - s2@group-E264CA5F8311: receive setConfiguration SetConfigurationRequest:client-255CF6B0DA3F->s2@group-E264CA5F8311, cid=386, seq=0, RW, null, SET_UNCONDITIONALLY, servers:[s1|rpc:0.0.0.0:34459|dataStream:|priority:0|startupRole:FOLLOWER, s2|rpc:0.0.0.0:43137|dataStream:|priority:0|startupRole:FOLLOWER, s0|rpc:localhost:39295|admin:localhost:44843|client:localhost:40991|dataStream:localhost:40677|priority:0|startupRole:FOLLOWER], listeners:[]
2023-08-18 03:37:24,684 [s1-server-thread1] INFO  server.RaftServer$Division (RaftServerImpl.java:setConfigurationAsync(1238)) - s1@group-E264CA5F8311: receive setConfiguration SetConfigurationRequest:client-255CF6B0DA3F->s1@group-E264CA5F8311, cid=386, seq=0, RW, null, SET_UNCONDITIONALLY, servers:[s1|rpc:0.0.0.0:34459|dataStream:|priority:0|startupRole:FOLLOWER, s2|rpc:0.0.0.0:43137|dataStream:|priority:0|startupRole:FOLLOWER, s0|rpc:localhost:39295|admin:localhost:44843|client:localhost:40991|dataStream:localhost:40677|priority:0|startupRole:FOLLOWER], listeners:[]
2023-08-18 03:37:24,787 [s2-server-thread1] INFO  server.RaftServer$Division (RaftServerImpl.java:setConfigurationAsync(1238)) - s2@group-E264CA5F8311: receive setConfiguration SetConfigurationRequest:client-255CF6B0DA3F->s2@group-E264CA5F8311, cid=386, seq=0, RW, null, SET_UNCONDITIONALLY, servers:[s1|rpc:0.0.0.0:34459|dataStream:|priority:0|startupRole:FOLLOWER, s2|rpc:0.0.0.0:43137|dataStream:|priority:0|startupRole:FOLLOWER, s0|rpc:localhost:39295|admin:localhost:44843|client:localhost:40991|dataStream:localhost:40677|priority:0|startupRole:FOLLOWER], listeners:[]
2023-08-18 03:37:24,828 [s0@group-E264CA5F8311-FollowerState] INFO  impl.FollowerState (FollowerState.java:run(143)) - s0@group-E264CA5F8311-FollowerState: change to CANDIDATE, lastRpcElapsedTime:276405035ns, electionTimeout:276ms
2023-08-18 03:37:24,828 [s0@group-E264CA5F8311-FollowerState] INFO  impl.RoleInfo (RoleInfo.java:shutdownFollowerState(109)) - s0: shutdown s0@group-E264CA5F8311-FollowerState
2023-08-18 03:37:24,828 [s0@group-E264CA5F8311-FollowerState] INFO  server.RaftServer$Division (RaftServerImpl.java:setRole(371)) - s0@group-E264CA5F8311: changes role from  FOLLOWER to CANDIDATE at term 1 for changeToCandidate
2023-08-18 03:37:24,828 [s0@group-E264CA5F8311-FollowerState] INFO  impl.SimpleStateMachine4Testing (SimpleStateMachine4Testing.java:notifyExtendedNoLeader(411)) - StateMachineWithMultiNestedSnapshotFile:s0:group-E264CA5F8311: notifyExtendedNoLeader group-E264CA5F8311, self {
  id: "s0"
  address: "localhost:39295"
  dataStreamAddress: "localhost:40677"
  clientAddress: "localhost:40991"
  adminAddress: "localhost:44843"
  startupRole: FOLLOWER
}
role: CANDIDATE
candidateInfo {
  lastLeaderElapsedTimeMs: 83111
}

2023-08-18 03:37:24,828 [s0@group-E264CA5F8311-FollowerState] INFO  server.RaftServerConfigKeys (ConfUtils.java:logGet(46)) - raft.server.leaderelection.pre-vote = true (default)
2023-08-18 03:37:24,828 [s0@group-E264CA5F8311-FollowerState] INFO  impl.RoleInfo (RoleInfo.java:updateAndGet(138)) - s0: start s0@group-E264CA5F8311-LeaderElection321
2023-08-18 03:37:24,828 [s0@group-E264CA5F8311-LeaderElection321] INFO  impl.LeaderElection (LeaderElection.java:askForVotes(320)) - s0@group-E264CA5F8311-LeaderElection321 PRE_VOTE round 0: submit vote requests at term 1 for 255: peers:[s0|rpc:localhost:39295|admin:localhost:44843|client:localhost:40991|dataStream:localhost:40677|priority:0|startupRole:FOLLOWER, s1|rpc:0.0.0.0:34459|dataStream:|priority:0|startupRole:FOLLOWER, s2|rpc:0.0.0.0:43137|dataStream:|priority:0|startupRole:FOLLOWER]|listeners:[], old=peers:[s0|rpc:localhost:39295|admin:localhost:44843|client:localhost:40991|dataStream:localhost:40677|priority:0|startupRole:FOLLOWER]|listeners:[]
2023-08-18 03:37:24,829 [grpc-default-executor-4] INFO  server.RaftServer$Division (RaftServerImpl.java:requestVote(1344)) - s1@group-E264CA5F8311: receive requestVote(PRE_VOTE, s0, group-E264CA5F8311, 1, (t:1, i:255))
2023-08-18 03:37:24,829 [grpc-default-executor-3] INFO  server.RaftServer$Division (RaftServerImpl.java:requestVote(1344)) - s2@group-E264CA5F8311: receive requestVote(PRE_VOTE, s0, group-E264CA5F8311, 1, (t:1, i:255))
2023-08-18 03:37:24,829 [grpc-default-executor-4] WARN  server.GrpcServerProtocolService (LogUtils.java:warn(122)) - s1: Failed requestVote s0->s1#0: org.apache.ratis.protocol.exceptions.ServerNotReadyException: s1@group-E264CA5F8311 is not in [RUNNING]: current state is STARTING
2023-08-18 03:37:24,829 [grpc-default-executor-3] WARN  server.GrpcServerProtocolService (LogUtils.java:warn(122)) - s2: Failed requestVote s0->s2#0: org.apache.ratis.protocol.exceptions.ServerNotReadyException: s2@group-E264CA5F8311 is not in [RUNNING]: current state is STARTING
2023-08-18 03:37:24,830 [s0@group-E264CA5F8311-LeaderElection321] INFO  impl.LeaderElection (LogUtils.java:infoOrTrace(137)) - s0@group-E264CA5F8311-LeaderElection321 got exception when requesting votes: java.util.concurrent.ExecutionException: org.apache.ratis.thirdparty.io.grpc.StatusRuntimeException: INTERNAL: s2@group-E264CA5F8311 is not in [RUNNING]: current state is STARTING
2023-08-18 03:37:24,830 [s0@group-E264CA5F8311-LeaderElection321] INFO  impl.LeaderElection (LogUtils.java:infoOrTrace(137)) - s0@group-E264CA5F8311-LeaderElection321 got exception when requesting votes: java.util.concurrent.ExecutionException: org.apache.ratis.thirdparty.io.grpc.StatusRuntimeException: INTERNAL: s1@group-E264CA5F8311 is not in [RUNNING]: current state is STARTING
2023-08-18 03:37:24,830 [s0@group-E264CA5F8311-LeaderElection321] INFO  impl.LeaderElection (LeaderElection.java:logAndReturn(89)) - s0@group-E264CA5F8311-LeaderElection321: PRE_VOTE REJECTED received 0 response(s) and 2 exception(s):
2023-08-18 03:37:24,830 [s0@group-E264CA5F8311-LeaderElection321] INFO  impl.LeaderElection (LogUtils.java:infoOrTrace(137)) -   Exception 0: java.util.concurrent.ExecutionException: org.apache.ratis.thirdparty.io.grpc.StatusRuntimeException: INTERNAL: s2@group-E264CA5F8311 is not in [RUNNING]: current state is STARTING
2023-08-18 03:37:24,830 [s0@group-E264CA5F8311-LeaderElection321] INFO  impl.LeaderElection (LogUtils.java:infoOrTrace(137)) -   Exception 1: java.util.concurrent.ExecutionException: org.apache.ratis.thirdparty.io.grpc.StatusRuntimeException: INTERNAL: s1@group-E264CA5F8311 is not in [RUNNING]: current state is STARTING
2023-08-18 03:37:24,830 [s0@group-E264CA5F8311-LeaderElection321] INFO  impl.LeaderElection (LeaderElection.java:askForVotes(322)) - s0@group-E264CA5F8311-LeaderElection321 PRE_VOTE round 0: result REJECTED
2023-08-18 03:37:24,830 [s0@group-E264CA5F8311-LeaderElection321] INFO  server.RaftServer$Division (RaftServerImpl.java:setRole(371)) - s0@group-E264CA5F8311: changes role from CANDIDATE to FOLLOWER at term 1 for REJECTED
2023-08-18 03:37:24,830 [s0@group-E264CA5F8311-LeaderElection321] INFO  impl.RoleInfo (RoleInfo.java:shutdownLeaderElection(129)) - s0: shutdown s0@group-E264CA5F8311-LeaderElection321
2023-08-18 03:37:24,830 [s0@group-E264CA5F8311-LeaderElection321] INFO  impl.RoleInfo (RoleInfo.java:updateAndGet(138)) - s0: start s0@group-E264CA5F8311-FollowerState
2023-08-18 03:37:24,891 [s0-server-thread1] INFO  server.RaftServer$Division (RaftServerImpl.java:setConfigurationAsync(1238)) - s0@group-E264CA5F8311: receive setConfiguration SetConfigurationRequest:client-255CF6B0DA3F->s0@group-E264CA5F8311, cid=386, seq=0, RW, null, SET_UNCONDITIONALLY, servers:[s1|rpc:0.0.0.0:34459|dataStream:|priority:0|startupRole:FOLLOWER, s2|rpc:0.0.0.0:43137|dataStream:|priority:0|startupRole:FOLLOWER, s0|rpc:localhost:39295|admin:localhost:44843|client:localhost:40991|dataStream:localhost:40677|priority:0|startupRole:FOLLOWER], listeners:[]
2023-08-18 03:37:24,994 [s1-server-thread1] INFO  server.RaftServer$Division (RaftServerImpl.java:setConfigurationAsync(1238)) - s1@group-E264CA5F8311: receive setConfiguration SetConfigurationRequest:client-255CF6B0DA3F->s1@group-E264CA5F8311, cid=386, seq=0, RW, null, SET_UNCONDITIONALLY, servers:[s1|rpc:0.0.0.0:34459|dataStream:|priority:0|startupRole:FOLLOWER, s2|rpc:0.0.0.0:43137|dataStream:|priority:0|startupRole:FOLLOWER, s0|rpc:localhost:39295|admin:localhost:44843|client:localhost:40991|dataStream:localhost:40677|priority:0|startupRole:FOLLOWER], listeners:[]
2023-08-18 03:37:25,093 [s0@group-E264CA5F8311-FollowerState] INFO  impl.FollowerState (FollowerState.java:run(143)) - s0@group-E264CA5F8311-FollowerState: change to CANDIDATE, lastRpcElapsedTime:263208014ns, electionTimeout:263ms
2023-08-18 03:37:25,093 [s0@group-E264CA5F8311-FollowerState] INFO  impl.RoleInfo (RoleInfo.java:shutdownFollowerState(109)) - s0: shutdown s0@group-E264CA5F8311-FollowerState
2023-08-18 03:37:25,094 [s0@group-E264CA5F8311-FollowerState] INFO  server.RaftServer$Division (RaftServerImpl.java:setRole(371)) - s0@group-E264CA5F8311: changes role from  FOLLOWER to CANDIDATE at term 1 for changeToCandidate
2023-08-18 03:37:25,094 [s0@group-E264CA5F8311-FollowerState] INFO  impl.SimpleStateMachine4Testing (SimpleStateMachine4Testing.java:notifyExtendedNoLeader(411)) - StateMachineWithMultiNestedSnapshotFile:s0:group-E264CA5F8311: notifyExtendedNoLeader group-E264CA5F8311, self {
  id: "s0"
  address: "localhost:39295"
  dataStreamAddress: "localhost:40677"
  clientAddress: "localhost:40991"
  adminAddress: "localhost:44843"
  startupRole: FOLLOWER
}
role: CANDIDATE
candidateInfo {
  lastLeaderElapsedTimeMs: 83377
}

2023-08-18 03:37:25,094 [s0@group-E264CA5F8311-FollowerState] INFO  server.RaftServerConfigKeys (ConfUtils.java:logGet(46)) - raft.server.leaderelection.pre-vote = true (default)
2023-08-18 03:37:25,094 [s0@group-E264CA5F8311-FollowerState] INFO  impl.RoleInfo (RoleInfo.java:updateAndGet(138)) - s0: start s0@group-E264CA5F8311-LeaderElection322
2023-08-18 03:37:25,094 [s0@group-E264CA5F8311-LeaderElection322] INFO  impl.LeaderElection (LeaderElection.java:askForVotes(320)) - s0@group-E264CA5F8311-LeaderElection322 PRE_VOTE round 0: submit vote requests at term 1 for 255: peers:[s0|rpc:localhost:39295|admin:localhost:44843|client:localhost:40991|dataStream:localhost:40677|priority:0|startupRole:FOLLOWER, s1|rpc:0.0.0.0:34459|dataStream:|priority:0|startupRole:FOLLOWER, s2|rpc:0.0.0.0:43137|dataStream:|priority:0|startupRole:FOLLOWER]|listeners:[], old=peers:[s0|rpc:localhost:39295|admin:localhost:44843|client:localhost:40991|dataStream:localhost:40677|priority:0|startupRole:FOLLOWER]|listeners:[]
2023-08-18 03:37:25,095 [grpc-default-executor-3] INFO  server.RaftServer$Division (RaftServerImpl.java:requestVote(1344)) - s1@group-E264CA5F8311: receive requestVote(PRE_VOTE, s0, group-E264CA5F8311, 1, (t:1, i:255))
2023-08-18 03:37:25,095 [grpc-default-executor-3] WARN  server.GrpcServerProtocolService (LogUtils.java:warn(122)) - s1: Failed requestVote s0->s1#0: org.apache.ratis.protocol.exceptions.ServerNotReadyException: s1@group-E264CA5F8311 is not in [RUNNING]: current state is STARTING
2023-08-18 03:37:25,095 [s0@group-E264CA5F8311-LeaderElection322] INFO  impl.LeaderElection (LogUtils.java:infoOrTrace(137)) - s0@group-E264CA5F8311-LeaderElection322 got exception when requesting votes: java.util.concurrent.ExecutionException: org.apache.ratis.thirdparty.io.grpc.StatusRuntimeException: INTERNAL: s1@group-E264CA5F8311 is not in [RUNNING]: current state is STARTING
2023-08-18 03:37:25,095 [grpc-default-executor-4] INFO  server.RaftServer$Division (RaftServerImpl.java:requestVote(1344)) - s2@group-E264CA5F8311: receive requestVote(PRE_VOTE, s0, group-E264CA5F8311, 1, (t:1, i:255))
2023-08-18 03:37:25,095 [grpc-default-executor-4] WARN  server.GrpcServerProtocolService (LogUtils.java:warn(122)) - s2: Failed requestVote s0->s2#0: org.apache.ratis.protocol.exceptions.ServerNotReadyException: s2@group-E264CA5F8311 is not in [RUNNING]: current state is STARTING
2023-08-18 03:37:25,096 [s0@group-E264CA5F8311-LeaderElection322] INFO  impl.LeaderElection (LogUtils.java:infoOrTrace(137)) - s0@group-E264CA5F8311-LeaderElection322 got exception when requesting votes: java.util.concurrent.ExecutionException: org.apache.ratis.thirdparty.io.grpc.StatusRuntimeException: INTERNAL: s2@group-E264CA5F8311 is not in [RUNNING]: current state is STARTING
2023-08-18 03:37:25,096 [s0@group-E264CA5F8311-LeaderElection322] INFO  impl.LeaderElection (LeaderElection.java:logAndReturn(89)) - s0@group-E264CA5F8311-LeaderElection322: PRE_VOTE REJECTED received 0 response(s) and 2 exception(s):
2023-08-18 03:37:25,096 [s0@group-E264CA5F8311-LeaderElection322] INFO  impl.LeaderElection (LogUtils.java:infoOrTrace(137)) -   Exception 0: java.util.concurrent.ExecutionException: org.apache.ratis.thirdparty.io.grpc.StatusRuntimeException: INTERNAL: s1@group-E264CA5F8311 is not in [RUNNING]: current state is STARTING
2023-08-18 03:37:25,096 [s0@group-E264CA5F8311-LeaderElection322] INFO  impl.LeaderElection (LogUtils.java:infoOrTrace(137)) -   Exception 1: java.util.concurrent.ExecutionException: org.apache.ratis.thirdparty.io.grpc.StatusRuntimeException: INTERNAL: s2@group-E264CA5F8311 is not in [RUNNING]: current state is STARTING
2023-08-18 03:37:25,096 [s0@group-E264CA5F8311-LeaderElection322] INFO  impl.LeaderElection (LeaderElection.java:askForVotes(322)) - s0@group-E264CA5F8311-LeaderElection322 PRE_VOTE round 0: result REJECTED
2023-08-18 03:37:25,096 [s0@group-E264CA5F8311-LeaderElection322] INFO  server.RaftServer$Division (RaftServerImpl.java:setRole(371)) - s0@group-E264CA5F8311: changes role from CANDIDATE to FOLLOWER at term 1 for REJECTED
2023-08-18 03:37:25,096 [s0@group-E264CA5F8311-LeaderElection322] INFO  impl.RoleInfo (RoleInfo.java:shutdownLeaderElection(129)) - s0: shutdown s0@group-E264CA5F8311-LeaderElection322
2023-08-18 03:37:25,096 [s0@group-E264CA5F8311-LeaderElection322] INFO  impl.RoleInfo (RoleInfo.java:updateAndGet(138)) - s0: start s0@group-E264CA5F8311-FollowerState
2023-08-18 03:37:25,097 [s2-server-thread1] INFO  server.RaftServer$Division (RaftServerImpl.java:setConfigurationAsync(1238)) - s2@group-E264CA5F8311: receive setConfiguration SetConfigurationRequest:client-255CF6B0DA3F->s2@group-E264CA5F8311, cid=386, seq=0, RW, null, SET_UNCONDITIONALLY, servers:[s1|rpc:0.0.0.0:34459|dataStream:|priority:0|startupRole:FOLLOWER, s2|rpc:0.0.0.0:43137|dataStream:|priority:0|startupRole:FOLLOWER, s0|rpc:localhost:39295|admin:localhost:44843|client:localhost:40991|dataStream:localhost:40677|priority:0|startupRole:FOLLOWER], listeners:[]
2023-08-18 03:37:25,201 [s0-server-thread1] INFO  server.RaftServer$Division (RaftServerImpl.java:setConfigurationAsync(1238)) - s0@group-E264CA5F8311: receive setConfiguration SetConfigurationRequest:client-255CF6B0DA3F->s0@group-E264CA5F8311, cid=386, seq=0, RW, null, SET_UNCONDITIONALLY, servers:[s1|rpc:0.0.0.0:34459|dataStream:|priority:0|startupRole:FOLLOWER, s2|rpc:0.0.0.0:43137|dataStream:|priority:0|startupRole:FOLLOWER, s0|rpc:localhost:39295|admin:localhost:44843|client:localhost:40991|dataStream:localhost:40677|priority:0|startupRole:FOLLOWER], listeners:[]
2023-08-18 03:37:25,304 [s1-server-thread1] INFO  server.RaftServer$Division (RaftServerImpl.java:setConfigurationAsync(1238)) - s1@group-E264CA5F8311: receive setConfiguration SetConfigurationRequest:client-255CF6B0DA3F->s1@group-E264CA5F8311, cid=386, seq=0, RW, null, SET_UNCONDITIONALLY, servers:[s1|rpc:0.0.0.0:34459|dataStream:|priority:0|startupRole:FOLLOWER, s2|rpc:0.0.0.0:43137|dataStream:|priority:0|startupRole:FOLLOWER, s0|rpc:localhost:39295|admin:localhost:44843|client:localhost:40991|dataStream:localhost:40677|priority:0|startupRole:FOLLOWER], listeners:[]
2023-08-18 03:37:25,383 [s0@group-E264CA5F8311-FollowerState] INFO  impl.FollowerState (FollowerState.java:run(143)) - s0@group-E264CA5F8311-FollowerState: change to CANDIDATE, lastRpcElapsedTime:286409875ns, electionTimeout:286ms
2023-08-18 03:37:25,383 [s0@group-E264CA5F8311-FollowerState] INFO  impl.RoleInfo (RoleInfo.java:shutdownFollowerState(109)) - s0: shutdown s0@group-E264CA5F8311-FollowerState
2023-08-18 03:37:25,383 [s0@group-E264CA5F8311-FollowerState] INFO  server.RaftServer$Division (RaftServerImpl.java:setRole(371)) - s0@group-E264CA5F8311: changes role from  FOLLOWER to CANDIDATE at term 1 for changeToCandidate
2023-08-18 03:37:25,383 [s0@group-E264CA5F8311-FollowerState] INFO  impl.SimpleStateMachine4Testing (SimpleStateMachine4Testing.java:notifyExtendedNoLeader(411)) - StateMachineWithMultiNestedSnapshotFile:s0:group-E264CA5F8311: notifyExtendedNoLeader group-E264CA5F8311, self {
  id: "s0"
  address: "localhost:39295"
  dataStreamAddress: "localhost:40677"
  clientAddress: "localhost:40991"
  adminAddress: "localhost:44843"
  startupRole: FOLLOWER
}
role: CANDIDATE
candidateInfo {
  lastLeaderElapsedTimeMs: 83667
}

2023-08-18 03:37:25,383 [s0@group-E264CA5F8311-FollowerState] INFO  server.RaftServerConfigKeys (ConfUtils.java:logGet(46)) - raft.server.leaderelection.pre-vote = true (default)
2023-08-18 03:37:25,383 [s0@group-E264CA5F8311-FollowerState] INFO  impl.RoleInfo (RoleInfo.java:updateAndGet(138)) - s0: start s0@group-E264CA5F8311-LeaderElection323
2023-08-18 03:37:25,384 [s0@group-E264CA5F8311-LeaderElection323] INFO  impl.LeaderElection (LeaderElection.java:askForVotes(320)) - s0@group-E264CA5F8311-LeaderElection323 PRE_VOTE round 0: submit vote requests at term 1 for 255: peers:[s0|rpc:localhost:39295|admin:localhost:44843|client:localhost:40991|dataStream:localhost:40677|priority:0|startupRole:FOLLOWER, s1|rpc:0.0.0.0:34459|dataStream:|priority:0|startupRole:FOLLOWER, s2|rpc:0.0.0.0:43137|dataStream:|priority:0|startupRole:FOLLOWER]|listeners:[], old=peers:[s0|rpc:localhost:39295|admin:localhost:44843|client:localhost:40991|dataStream:localhost:40677|priority:0|startupRole:FOLLOWER]|listeners:[]
2023-08-18 03:37:25,385 [grpc-default-executor-4] INFO  server.RaftServer$Division (RaftServerImpl.java:requestVote(1344)) - s1@group-E264CA5F8311: receive requestVote(PRE_VOTE, s0, group-E264CA5F8311, 1, (t:1, i:255))
2023-08-18 03:37:25,385 [grpc-default-executor-4] WARN  server.GrpcServerProtocolService (LogUtils.java:warn(122)) - s1: Failed requestVote s0->s1#0: org.apache.ratis.protocol.exceptions.ServerNotReadyException: s1@group-E264CA5F8311 is not in [RUNNING]: current state is STARTING
2023-08-18 03:37:25,386 [grpc-default-executor-4] INFO  server.RaftServer$Division (RaftServerImpl.java:requestVote(1344)) - s2@group-E264CA5F8311: receive requestVote(PRE_VOTE, s0, group-E264CA5F8311, 1, (t:1, i:255))
2023-08-18 03:37:25,386 [grpc-default-executor-4] WARN  server.GrpcServerProtocolService (LogUtils.java:warn(122)) - s2: Failed requestVote s0->s2#0: org.apache.ratis.protocol.exceptions.ServerNotReadyException: s2@group-E264CA5F8311 is not in [RUNNING]: current state is STARTING
2023-08-18 03:37:25,386 [s0@group-E264CA5F8311-LeaderElection323] INFO  impl.LeaderElection (LogUtils.java:infoOrTrace(137)) - s0@group-E264CA5F8311-LeaderElection323 got exception when requesting votes: java.util.concurrent.ExecutionException: org.apache.ratis.thirdparty.io.grpc.StatusRuntimeException: INTERNAL: s1@group-E264CA5F8311 is not in [RUNNING]: current state is STARTING
2023-08-18 03:37:25,386 [s0@group-E264CA5F8311-LeaderElection323] INFO  impl.LeaderElection (LogUtils.java:infoOrTrace(137)) - s0@group-E264CA5F8311-LeaderElection323 got exception when requesting votes: java.util.concurrent.ExecutionException: org.apache.ratis.thirdparty.io.grpc.StatusRuntimeException: INTERNAL: s2@group-E264CA5F8311 is not in [RUNNING]: current state is STARTING
2023-08-18 03:37:25,386 [s0@group-E264CA5F8311-LeaderElection323] INFO  impl.LeaderElection (LeaderElection.java:logAndReturn(89)) - s0@group-E264CA5F8311-LeaderElection323: PRE_VOTE REJECTED received 0 response(s) and 2 exception(s):
2023-08-18 03:37:25,386 [s0@group-E264CA5F8311-LeaderElection323] INFO  impl.LeaderElection (LogUtils.java:infoOrTrace(137)) -   Exception 0: java.util.concurrent.ExecutionException: org.apache.ratis.thirdparty.io.grpc.StatusRuntimeException: INTERNAL: s1@group-E264CA5F8311 is not in [RUNNING]: current state is STARTING
2023-08-18 03:37:25,386 [s0@group-E264CA5F8311-LeaderElection323] INFO  impl.LeaderElection (LogUtils.java:infoOrTrace(137)) -   Exception 1: java.util.concurrent.ExecutionException: org.apache.ratis.thirdparty.io.grpc.StatusRuntimeException: INTERNAL: s2@group-E264CA5F8311 is not in [RUNNING]: current state is STARTING
2023-08-18 03:37:25,386 [s0@group-E264CA5F8311-LeaderElection323] INFO  impl.LeaderElection (LeaderElection.java:askForVotes(322)) - s0@group-E264CA5F8311-LeaderElection323 PRE_VOTE round 0: result REJECTED
2023-08-18 03:37:25,386 [s0@group-E264CA5F8311-LeaderElection323] INFO  server.RaftServer$Division (RaftServerImpl.java:setRole(371)) - s0@group-E264CA5F8311: changes role from CANDIDATE to FOLLOWER at term 1 for REJECTED
2023-08-18 03:37:25,386 [s0@group-E264CA5F8311-LeaderElection323] INFO  impl.RoleInfo (RoleInfo.java:shutdownLeaderElection(129)) - s0: shutdown s0@group-E264CA5F8311-LeaderElection323
2023-08-18 03:37:25,386 [s0@group-E264CA5F8311-LeaderElection323] INFO  impl.RoleInfo (RoleInfo.java:updateAndGet(138)) - s0: start s0@group-E264CA5F8311-FollowerState
2023-08-18 03:37:25,407 [s0-server-thread1] INFO  server.RaftServer$Division (RaftServerImpl.java:setConfigurationAsync(1238)) - s0@group-E264CA5F8311: receive setConfiguration SetConfigurationRequest:client-255CF6B0DA3F->s0@group-E264CA5F8311, cid=386, seq=0, RW, null, SET_UNCONDITIONALLY, servers:[s1|rpc:0.0.0.0:34459|dataStream:|priority:0|startupRole:FOLLOWER, s2|rpc:0.0.0.0:43137|dataStream:|priority:0|startupRole:FOLLOWER, s0|rpc:localhost:39295|admin:localhost:44843|client:localhost:40991|dataStream:localhost:40677|priority:0|startupRole:FOLLOWER], listeners:[]
2023-08-18 03:37:25,510 [s2-server-thread1] INFO  server.RaftServer$Division (RaftServerImpl.java:setConfigurationAsync(1238)) - s2@group-E264CA5F8311: receive setConfiguration SetConfigurationRequest:client-255CF6B0DA3F->s2@group-E264CA5F8311, cid=386, seq=0, RW, null, SET_UNCONDITIONALLY, servers:[s1|rpc:0.0.0.0:34459|dataStream:|priority:0|startupRole:FOLLOWER, s2|rpc:0.0.0.0:43137|dataStream:|priority:0|startupRole:FOLLOWER, s0|rpc:localhost:39295|admin:localhost:44843|client:localhost:40991|dataStream:localhost:40677|priority:0|startupRole:FOLLOWER], listeners:[]
2023-08-18 03:37:25,613 [s1-server-thread1] INFO  server.RaftServer$Division (RaftServerImpl.java:setConfigurationAsync(1238)) - s1@group-E264CA5F8311: receive setConfiguration SetConfigurationRequest:client-255CF6B0DA3F->s1@group-E264CA5F8311, cid=386, seq=0, RW, null, SET_UNCONDITIONALLY, servers:[s1|rpc:0.0.0.0:34459|dataStream:|priority:0|startupRole:FOLLOWER, s2|rpc:0.0.0.0:43137|dataStream:|priority:0|startupRole:FOLLOWER, s0|rpc:localhost:39295|admin:localhost:44843|client:localhost:40991|dataStream:localhost:40677|priority:0|startupRole:FOLLOWER], listeners:[]
2023-08-18 03:37:25,631 [s0@group-E264CA5F8311-FollowerState] INFO  impl.FollowerState (FollowerState.java:run(143)) - s0@group-E264CA5F8311-FollowerState: change to CANDIDATE, lastRpcElapsedTime:244318828ns, electionTimeout:244ms
2023-08-18 03:37:25,631 [s0@group-E264CA5F8311-FollowerState] INFO  impl.RoleInfo (RoleInfo.java:shutdownFollowerState(109)) - s0: shutdown s0@group-E264CA5F8311-FollowerState
2023-08-18 03:37:25,631 [s0@group-E264CA5F8311-FollowerState] INFO  server.RaftServer$Division (RaftServerImpl.java:setRole(371)) - s0@group-E264CA5F8311: changes role from  FOLLOWER to CANDIDATE at term 1 for changeToCandidate
2023-08-18 03:37:25,631 [s0@group-E264CA5F8311-FollowerState] INFO  impl.SimpleStateMachine4Testing (SimpleStateMachine4Testing.java:notifyExtendedNoLeader(411)) - StateMachineWithMultiNestedSnapshotFile:s0:group-E264CA5F8311: notifyExtendedNoLeader group-E264CA5F8311, self {
  id: "s0"
  address: "localhost:39295"
  dataStreamAddress: "localhost:40677"
  clientAddress: "localhost:40991"
  adminAddress: "localhost:44843"
  startupRole: FOLLOWER
}
role: CANDIDATE
candidateInfo {
  lastLeaderElapsedTimeMs: 83915
}

2023-08-18 03:37:25,631 [s0@group-E264CA5F8311-FollowerState] INFO  server.RaftServerConfigKeys (ConfUtils.java:logGet(46)) - raft.server.leaderelection.pre-vote = true (default)
2023-08-18 03:37:25,631 [s0@group-E264CA5F8311-FollowerState] INFO  impl.RoleInfo (RoleInfo.java:updateAndGet(138)) - s0: start s0@group-E264CA5F8311-LeaderElection324
2023-08-18 03:37:25,631 [s0@group-E264CA5F8311-LeaderElection324] INFO  impl.LeaderElection (LeaderElection.java:askForVotes(320)) - s0@group-E264CA5F8311-LeaderElection324 PRE_VOTE round 0: submit vote requests at term 1 for 255: peers:[s0|rpc:localhost:39295|admin:localhost:44843|client:localhost:40991|dataStream:localhost:40677|priority:0|startupRole:FOLLOWER, s1|rpc:0.0.0.0:34459|dataStream:|priority:0|startupRole:FOLLOWER, s2|rpc:0.0.0.0:43137|dataStream:|priority:0|startupRole:FOLLOWER]|listeners:[], old=peers:[s0|rpc:localhost:39295|admin:localhost:44843|client:localhost:40991|dataStream:localhost:40677|priority:0|startupRole:FOLLOWER]|listeners:[]
2023-08-18 03:37:25,632 [grpc-default-executor-4] INFO  server.RaftServer$Division (RaftServerImpl.java:requestVote(1344)) - s1@group-E264CA5F8311: receive requestVote(PRE_VOTE, s0, group-E264CA5F8311, 1, (t:1, i:255))
2023-08-18 03:37:25,632 [grpc-default-executor-3] INFO  server.RaftServer$Division (RaftServerImpl.java:requestVote(1344)) - s2@group-E264CA5F8311: receive requestVote(PRE_VOTE, s0, group-E264CA5F8311, 1, (t:1, i:255))
2023-08-18 03:37:25,632 [grpc-default-executor-4] WARN  server.GrpcServerProtocolService (LogUtils.java:warn(122)) - s1: Failed requestVote s0->s1#0: org.apache.ratis.protocol.exceptions.ServerNotReadyException: s1@group-E264CA5F8311 is not in [RUNNING]: current state is STARTING
2023-08-18 03:37:25,632 [grpc-default-executor-3] WARN  server.GrpcServerProtocolService (LogUtils.java:warn(122)) - s2: Failed requestVote s0->s2#0: org.apache.ratis.protocol.exceptions.ServerNotReadyException: s2@group-E264CA5F8311 is not in [RUNNING]: current state is STARTING
2023-08-18 03:37:25,633 [s0@group-E264CA5F8311-LeaderElection324] INFO  impl.LeaderElection (LogUtils.java:infoOrTrace(137)) - s0@group-E264CA5F8311-LeaderElection324 got exception when requesting votes: java.util.concurrent.ExecutionException: org.apache.ratis.thirdparty.io.grpc.StatusRuntimeException: INTERNAL: s1@group-E264CA5F8311 is not in [RUNNING]: current state is STARTING
2023-08-18 03:37:25,633 [s0@group-E264CA5F8311-LeaderElection324] INFO  impl.LeaderElection (LogUtils.java:infoOrTrace(137)) - s0@group-E264CA5F8311-LeaderElection324 got exception when requesting votes: java.util.concurrent.ExecutionException: org.apache.ratis.thirdparty.io.grpc.StatusRuntimeException: INTERNAL: s2@group-E264CA5F8311 is not in [RUNNING]: current state is STARTING
2023-08-18 03:37:25,633 [s0@group-E264CA5F8311-LeaderElection324] INFO  impl.LeaderElection (LeaderElection.java:logAndReturn(89)) - s0@group-E264CA5F8311-LeaderElection324: PRE_VOTE REJECTED received 0 response(s) and 2 exception(s):
2023-08-18 03:37:25,633 [s0@group-E264CA5F8311-LeaderElection324] INFO  impl.LeaderElection (LogUtils.java:infoOrTrace(137)) -   Exception 0: java.util.concurrent.ExecutionException: org.apache.ratis.thirdparty.io.grpc.StatusRuntimeException: INTERNAL: s1@group-E264CA5F8311 is not in [RUNNING]: current state is STARTING
2023-08-18 03:37:25,633 [s0@group-E264CA5F8311-LeaderElection324] INFO  impl.LeaderElection (LogUtils.java:infoOrTrace(137)) -   Exception 1: java.util.concurrent.ExecutionException: org.apache.ratis.thirdparty.io.grpc.StatusRuntimeException: INTERNAL: s2@group-E264CA5F8311 is not in [RUNNING]: current state is STARTING
2023-08-18 03:37:25,633 [s0@group-E264CA5F8311-LeaderElection324] INFO  impl.LeaderElection (LeaderElection.java:askForVotes(322)) - s0@group-E264CA5F8311-LeaderElection324 PRE_VOTE round 0: result REJECTED
2023-08-18 03:37:25,633 [s0@group-E264CA5F8311-LeaderElection324] INFO  server.RaftServer$Division (RaftServerImpl.java:setRole(371)) - s0@group-E264CA5F8311: changes role from CANDIDATE to FOLLOWER at term 1 for REJECTED
2023-08-18 03:37:25,633 [s0@group-E264CA5F8311-LeaderElection324] INFO  impl.RoleInfo (RoleInfo.java:shutdownLeaderElection(129)) - s0: shutdown s0@group-E264CA5F8311-LeaderElection324
2023-08-18 03:37:25,634 [s0@group-E264CA5F8311-LeaderElection324] INFO  impl.RoleInfo (RoleInfo.java:updateAndGet(138)) - s0: start s0@group-E264CA5F8311-FollowerState
2023-08-18 03:37:25,716 [s0-server-thread1] INFO  server.RaftServer$Division (RaftServerImpl.java:setConfigurationAsync(1238)) - s0@group-E264CA5F8311: receive setConfiguration SetConfigurationRequest:client-255CF6B0DA3F->s0@group-E264CA5F8311, cid=386, seq=0, RW, null, SET_UNCONDITIONALLY, servers:[s1|rpc:0.0.0.0:34459|dataStream:|priority:0|startupRole:FOLLOWER, s2|rpc:0.0.0.0:43137|dataStream:|priority:0|startupRole:FOLLOWER, s0|rpc:localhost:39295|admin:localhost:44843|client:localhost:40991|dataStream:localhost:40677|priority:0|startupRole:FOLLOWER], listeners:[]
2023-08-18 03:37:25,819 [s1-server-thread1] INFO  server.RaftServer$Division (RaftServerImpl.java:setConfigurationAsync(1238)) - s1@group-E264CA5F8311: receive setConfiguration SetConfigurationRequest:client-255CF6B0DA3F->s1@group-E264CA5F8311, cid=386, seq=0, RW, null, SET_UNCONDITIONALLY, servers:[s1|rpc:0.0.0.0:34459|dataStream:|priority:0|startupRole:FOLLOWER, s2|rpc:0.0.0.0:43137|dataStream:|priority:0|startupRole:FOLLOWER, s0|rpc:localhost:39295|admin:localhost:44843|client:localhost:40991|dataStream:localhost:40677|priority:0|startupRole:FOLLOWER], listeners:[]
2023-08-18 03:37:25,832 [s0@group-E264CA5F8311-FollowerState] INFO  impl.FollowerState (FollowerState.java:run(143)) - s0@group-E264CA5F8311-FollowerState: change to CANDIDATE, lastRpcElapsedTime:198253306ns, electionTimeout:198ms
2023-08-18 03:37:25,832 [s0@group-E264CA5F8311-FollowerState] INFO  impl.RoleInfo (RoleInfo.java:shutdownFollowerState(109)) - s0: shutdown s0@group-E264CA5F8311-FollowerState
2023-08-18 03:37:25,832 [s0@group-E264CA5F8311-FollowerState] INFO  server.RaftServer$Division (RaftServerImpl.java:setRole(371)) - s0@group-E264CA5F8311: changes role from  FOLLOWER to CANDIDATE at term 1 for changeToCandidate
2023-08-18 03:37:25,833 [s0@group-E264CA5F8311-FollowerState] INFO  impl.SimpleStateMachine4Testing (SimpleStateMachine4Testing.java:notifyExtendedNoLeader(411)) - StateMachineWithMultiNestedSnapshotFile:s0:group-E264CA5F8311: notifyExtendedNoLeader group-E264CA5F8311, self {
  id: "s0"
  address: "localhost:39295"
  dataStreamAddress: "localhost:40677"
  clientAddress: "localhost:40991"
  adminAddress: "localhost:44843"
  startupRole: FOLLOWER
}
role: CANDIDATE
candidateInfo {
  lastLeaderElapsedTimeMs: 84116
}

2023-08-18 03:37:25,833 [s0@group-E264CA5F8311-FollowerState] INFO  server.RaftServerConfigKeys (ConfUtils.java:logGet(46)) - raft.server.leaderelection.pre-vote = true (default)
2023-08-18 03:37:25,833 [s0@group-E264CA5F8311-FollowerState] INFO  impl.RoleInfo (RoleInfo.java:updateAndGet(138)) - s0: start s0@group-E264CA5F8311-LeaderElection325
2023-08-18 03:37:25,833 [s0@group-E264CA5F8311-LeaderElection325] INFO  impl.LeaderElection (LeaderElection.java:askForVotes(320)) - s0@group-E264CA5F8311-LeaderElection325 PRE_VOTE round 0: submit vote requests at term 1 for 255: peers:[s0|rpc:localhost:39295|admin:localhost:44843|client:localhost:40991|dataStream:localhost:40677|priority:0|startupRole:FOLLOWER, s1|rpc:0.0.0.0:34459|dataStream:|priority:0|startupRole:FOLLOWER, s2|rpc:0.0.0.0:43137|dataStream:|priority:0|startupRole:FOLLOWER]|listeners:[], old=peers:[s0|rpc:localhost:39295|admin:localhost:44843|client:localhost:40991|dataStream:localhost:40677|priority:0|startupRole:FOLLOWER]|listeners:[]
2023-08-18 03:37:25,833 [grpc-default-executor-3] INFO  server.RaftServer$Division (RaftServerImpl.java:requestVote(1344)) - s1@group-E264CA5F8311: receive requestVote(PRE_VOTE, s0, group-E264CA5F8311, 1, (t:1, i:255))
2023-08-18 03:37:25,834 [grpc-default-executor-3] WARN  server.GrpcServerProtocolService (LogUtils.java:warn(122)) - s1: Failed requestVote s0->s1#0: org.apache.ratis.protocol.exceptions.ServerNotReadyException: s1@group-E264CA5F8311 is not in [RUNNING]: current state is STARTING
2023-08-18 03:37:25,834 [s0@group-E264CA5F8311-LeaderElection325] INFO  impl.LeaderElection (LogUtils.java:infoOrTrace(137)) - s0@group-E264CA5F8311-LeaderElection325 got exception when requesting votes: java.util.concurrent.ExecutionException: org.apache.ratis.thirdparty.io.grpc.StatusRuntimeException: INTERNAL: s1@group-E264CA5F8311 is not in [RUNNING]: current state is STARTING
2023-08-18 03:37:25,834 [grpc-default-executor-3] INFO  server.RaftServer$Division (RaftServerImpl.java:requestVote(1344)) - s2@group-E264CA5F8311: receive requestVote(PRE_VOTE, s0, group-E264CA5F8311, 1, (t:1, i:255))
2023-08-18 03:37:25,834 [grpc-default-executor-3] WARN  server.GrpcServerProtocolService (LogUtils.java:warn(122)) - s2: Failed requestVote s0->s2#0: org.apache.ratis.protocol.exceptions.ServerNotReadyException: s2@group-E264CA5F8311 is not in [RUNNING]: current state is STARTING
2023-08-18 03:37:25,834 [s0@group-E264CA5F8311-LeaderElection325] INFO  impl.LeaderElection (LogUtils.java:infoOrTrace(137)) - s0@group-E264CA5F8311-LeaderElection325 got exception when requesting votes: java.util.concurrent.ExecutionException: org.apache.ratis.thirdparty.io.grpc.StatusRuntimeException: INTERNAL: s2@group-E264CA5F8311 is not in [RUNNING]: current state is STARTING
2023-08-18 03:37:25,834 [s0@group-E264CA5F8311-LeaderElection325] INFO  impl.LeaderElection (LeaderElection.java:logAndReturn(89)) - s0@group-E264CA5F8311-LeaderElection325: PRE_VOTE REJECTED received 0 response(s) and 2 exception(s):
2023-08-18 03:37:25,834 [s0@group-E264CA5F8311-LeaderElection325] INFO  impl.LeaderElection (LogUtils.java:infoOrTrace(137)) -   Exception 0: java.util.concurrent.ExecutionException: org.apache.ratis.thirdparty.io.grpc.StatusRuntimeException: INTERNAL: s1@group-E264CA5F8311 is not in [RUNNING]: current state is STARTING
2023-08-18 03:37:25,834 [s0@group-E264CA5F8311-LeaderElection325] INFO  impl.LeaderElection (LogUtils.java:infoOrTrace(137)) -   Exception 1: java.util.concurrent.ExecutionException: org.apache.ratis.thirdparty.io.grpc.StatusRuntimeException: INTERNAL: s2@group-E264CA5F8311 is not in [RUNNING]: current state is STARTING
2023-08-18 03:37:25,834 [s0@group-E264CA5F8311-LeaderElection325] INFO  impl.LeaderElection (LeaderElection.java:askForVotes(322)) - s0@group-E264CA5F8311-LeaderElection325 PRE_VOTE round 0: result REJECTED
2023-08-18 03:37:25,834 [s0@group-E264CA5F8311-LeaderElection325] INFO  server.RaftServer$Division (RaftServerImpl.java:setRole(371)) - s0@group-E264CA5F8311: changes role from CANDIDATE to FOLLOWER at term 1 for REJECTED
2023-08-18 03:37:25,834 [s0@group-E264CA5F8311-LeaderElection325] INFO  impl.RoleInfo (RoleInfo.java:shutdownLeaderElection(129)) - s0: shutdown s0@group-E264CA5F8311-LeaderElection325
2023-08-18 03:37:25,834 [s0@group-E264CA5F8311-LeaderElection325] INFO  impl.RoleInfo (RoleInfo.java:updateAndGet(138)) - s0: start s0@group-E264CA5F8311-FollowerState
2023-08-18 03:37:25,923 [s0-server-thread1] INFO  server.RaftServer$Division (RaftServerImpl.java:setConfigurationAsync(1238)) - s0@group-E264CA5F8311: receive setConfiguration SetConfigurationRequest:client-255CF6B0DA3F->s0@group-E264CA5F8311, cid=386, seq=0, RW, null, SET_UNCONDITIONALLY, servers:[s1|rpc:0.0.0.0:34459|dataStream:|priority:0|startupRole:FOLLOWER, s2|rpc:0.0.0.0:43137|dataStream:|priority:0|startupRole:FOLLOWER, s0|rpc:localhost:39295|admin:localhost:44843|client:localhost:40991|dataStream:localhost:40677|priority:0|startupRole:FOLLOWER], listeners:[]
2023-08-18 03:37:26,026 [s2-server-thread1] INFO  server.RaftServer$Division (RaftServerImpl.java:setConfigurationAsync(1238)) - s2@group-E264CA5F8311: receive setConfiguration SetConfigurationRequest:client-255CF6B0DA3F->s2@group-E264CA5F8311, cid=386, seq=0, RW, null, SET_UNCONDITIONALLY, servers:[s1|rpc:0.0.0.0:34459|dataStream:|priority:0|startupRole:FOLLOWER, s2|rpc:0.0.0.0:43137|dataStream:|priority:0|startupRole:FOLLOWER, s0|rpc:localhost:39295|admin:localhost:44843|client:localhost:40991|dataStream:localhost:40677|priority:0|startupRole:FOLLOWER], listeners:[]
2023-08-18 03:37:26,127 [s0@group-E264CA5F8311-FollowerState] INFO  impl.FollowerState (FollowerState.java:run(143)) - s0@group-E264CA5F8311-FollowerState: change to CANDIDATE, lastRpcElapsedTime:292283840ns, electionTimeout:292ms
2023-08-18 03:37:26,127 [s0@group-E264CA5F8311-FollowerState] INFO  impl.RoleInfo (RoleInfo.java:shutdownFollowerState(109)) - s0: shutdown s0@group-E264CA5F8311-FollowerState
2023-08-18 03:37:26,127 [s0@group-E264CA5F8311-FollowerState] INFO  server.RaftServer$Division (RaftServerImpl.java:setRole(371)) - s0@group-E264CA5F8311: changes role from  FOLLOWER to CANDIDATE at term 1 for changeToCandidate
2023-08-18 03:37:26,127 [s0@group-E264CA5F8311-FollowerState] INFO  impl.SimpleStateMachine4Testing (SimpleStateMachine4Testing.java:notifyExtendedNoLeader(411)) - StateMachineWithMultiNestedSnapshotFile:s0:group-E264CA5F8311: notifyExtendedNoLeader group-E264CA5F8311, self {
  id: "s0"
  address: "localhost:39295"
  dataStreamAddress: "localhost:40677"
  clientAddress: "localhost:40991"
  adminAddress: "localhost:44843"
  startupRole: FOLLOWER
}
role: CANDIDATE
candidateInfo {
  lastLeaderElapsedTimeMs: 84411
}

2023-08-18 03:37:26,127 [s0@group-E264CA5F8311-FollowerState] INFO  server.RaftServerConfigKeys (ConfUtils.java:logGet(46)) - raft.server.leaderelection.pre-vote = true (default)
2023-08-18 03:37:26,127 [s0@group-E264CA5F8311-FollowerState] INFO  impl.RoleInfo (RoleInfo.java:updateAndGet(138)) - s0: start s0@group-E264CA5F8311-LeaderElection326
2023-08-18 03:37:26,127 [s0@group-E264CA5F8311-LeaderElection326] INFO  impl.LeaderElection (LeaderElection.java:askForVotes(320)) - s0@group-E264CA5F8311-LeaderElection326 PRE_VOTE round 0: submit vote requests at term 1 for 255: peers:[s0|rpc:localhost:39295|admin:localhost:44843|client:localhost:40991|dataStream:localhost:40677|priority:0|startupRole:FOLLOWER, s1|rpc:0.0.0.0:34459|dataStream:|priority:0|startupRole:FOLLOWER, s2|rpc:0.0.0.0:43137|dataStream:|priority:0|startupRole:FOLLOWER]|listeners:[], old=peers:[s0|rpc:localhost:39295|admin:localhost:44843|client:localhost:40991|dataStream:localhost:40677|priority:0|startupRole:FOLLOWER]|listeners:[]
2023-08-18 03:37:26,128 [grpc-default-executor-3] INFO  server.RaftServer$Division (RaftServerImpl.java:requestVote(1344)) - s1@group-E264CA5F8311: receive requestVote(PRE_VOTE, s0, group-E264CA5F8311, 1, (t:1, i:255))
2023-08-18 03:37:26,128 [grpc-default-executor-3] WARN  server.GrpcServerProtocolService (LogUtils.java:warn(122)) - s1: Failed requestVote s0->s1#0: org.apache.ratis.protocol.exceptions.ServerNotReadyException: s1@group-E264CA5F8311 is not in [RUNNING]: current state is STARTING
2023-08-18 03:37:26,129 [grpc-default-executor-3] INFO  server.RaftServer$Division (RaftServerImpl.java:requestVote(1344)) - s2@group-E264CA5F8311: receive requestVote(PRE_VOTE, s0, group-E264CA5F8311, 1, (t:1, i:255))
2023-08-18 03:37:26,129 [grpc-default-executor-3] WARN  server.GrpcServerProtocolService (LogUtils.java:warn(122)) - s2: Failed requestVote s0->s2#0: org.apache.ratis.protocol.exceptions.ServerNotReadyException: s2@group-E264CA5F8311 is not in [RUNNING]: current state is STARTING
2023-08-18 03:37:26,129 [s0@group-E264CA5F8311-LeaderElection326] INFO  impl.LeaderElection (LogUtils.java:infoOrTrace(137)) - s0@group-E264CA5F8311-LeaderElection326 got exception when requesting votes: java.util.concurrent.ExecutionException: org.apache.ratis.thirdparty.io.grpc.StatusRuntimeException: INTERNAL: s1@group-E264CA5F8311 is not in [RUNNING]: current state is STARTING
2023-08-18 03:37:26,129 [s0@group-E264CA5F8311-LeaderElection326] INFO  impl.LeaderElection (LogUtils.java:infoOrTrace(137)) - s0@group-E264CA5F8311-LeaderElection326 got exception when requesting votes: java.util.concurrent.ExecutionException: org.apache.ratis.thirdparty.io.grpc.StatusRuntimeException: INTERNAL: s2@group-E264CA5F8311 is not in [RUNNING]: current state is STARTING
2023-08-18 03:37:26,129 [s0@group-E264CA5F8311-LeaderElection326] INFO  impl.LeaderElection (LeaderElection.java:logAndReturn(89)) - s0@group-E264CA5F8311-LeaderElection326: PRE_VOTE REJECTED received 0 response(s) and 2 exception(s):
2023-08-18 03:37:26,129 [s0@group-E264CA5F8311-LeaderElection326] INFO  impl.LeaderElection (LogUtils.java:infoOrTrace(137)) -   Exception 0: java.util.concurrent.ExecutionException: org.apache.ratis.thirdparty.io.grpc.StatusRuntimeException: INTERNAL: s1@group-E264CA5F8311 is not in [RUNNING]: current state is STARTING
2023-08-18 03:37:26,129 [s0@group-E264CA5F8311-LeaderElection326] INFO  impl.LeaderElection (LogUtils.java:infoOrTrace(137)) -   Exception 1: java.util.concurrent.ExecutionException: org.apache.ratis.thirdparty.io.grpc.StatusRuntimeException: INTERNAL: s2@group-E264CA5F8311 is not in [RUNNING]: current state is STARTING
2023-08-18 03:37:26,129 [s0@group-E264CA5F8311-LeaderElection326] INFO  impl.LeaderElection (LeaderElection.java:askForVotes(322)) - s0@group-E264CA5F8311-LeaderElection326 PRE_VOTE round 0: result REJECTED
2023-08-18 03:37:26,129 [s0@group-E264CA5F8311-LeaderElection326] INFO  server.RaftServer$Division (RaftServerImpl.java:setRole(371)) - s0@group-E264CA5F8311: changes role from CANDIDATE to FOLLOWER at term 1 for REJECTED
2023-08-18 03:37:26,129 [s0@group-E264CA5F8311-LeaderElection326] INFO  impl.RoleInfo (RoleInfo.java:shutdownLeaderElection(129)) - s0: shutdown s0@group-E264CA5F8311-LeaderElection326
2023-08-18 03:37:26,129 [s0@group-E264CA5F8311-LeaderElection326] INFO  impl.RoleInfo (RoleInfo.java:updateAndGet(138)) - s0: start s0@group-E264CA5F8311-FollowerState
2023-08-18 03:37:26,130 [s0-server-thread1] INFO  server.RaftServer$Division (RaftServerImpl.java:setConfigurationAsync(1238)) - s0@group-E264CA5F8311: receive setConfiguration SetConfigurationRequest:client-255CF6B0DA3F->s0@group-E264CA5F8311, cid=386, seq=0, RW, null, SET_UNCONDITIONALLY, servers:[s1|rpc:0.0.0.0:34459|dataStream:|priority:0|startupRole:FOLLOWER, s2|rpc:0.0.0.0:43137|dataStream:|priority:0|startupRole:FOLLOWER, s0|rpc:localhost:39295|admin:localhost:44843|client:localhost:40991|dataStream:localhost:40677|priority:0|startupRole:FOLLOWER], listeners:[]
2023-08-18 03:37:26,233 [s1-server-thread1] INFO  server.RaftServer$Division (RaftServerImpl.java:setConfigurationAsync(1238)) - s1@group-E264CA5F8311: receive setConfiguration SetConfigurationRequest:client-255CF6B0DA3F->s1@group-E264CA5F8311, cid=386, seq=0, RW, null, SET_UNCONDITIONALLY, servers:[s1|rpc:0.0.0.0:34459|dataStream:|priority:0|startupRole:FOLLOWER, s2|rpc:0.0.0.0:43137|dataStream:|priority:0|startupRole:FOLLOWER, s0|rpc:localhost:39295|admin:localhost:44843|client:localhost:40991|dataStream:localhost:40677|priority:0|startupRole:FOLLOWER], listeners:[]
2023-08-18 03:37:26,327 [s0@group-E264CA5F8311-FollowerState] INFO  impl.FollowerState (FollowerState.java:run(143)) - s0@group-E264CA5F8311-FollowerState: change to CANDIDATE, lastRpcElapsedTime:197395111ns, electionTimeout:197ms
2023-08-18 03:37:26,327 [s0@group-E264CA5F8311-FollowerState] INFO  impl.RoleInfo (RoleInfo.java:shutdownFollowerState(109)) - s0: shutdown s0@group-E264CA5F8311-FollowerState
2023-08-18 03:37:26,327 [s0@group-E264CA5F8311-FollowerState] INFO  server.RaftServer$Division (RaftServerImpl.java:setRole(371)) - s0@group-E264CA5F8311: changes role from  FOLLOWER to CANDIDATE at term 1 for changeToCandidate
2023-08-18 03:37:26,327 [s0@group-E264CA5F8311-FollowerState] INFO  impl.SimpleStateMachine4Testing (SimpleStateMachine4Testing.java:notifyExtendedNoLeader(411)) - StateMachineWithMultiNestedSnapshotFile:s0:group-E264CA5F8311: notifyExtendedNoLeader group-E264CA5F8311, self {
  id: "s0"
  address: "localhost:39295"
  dataStreamAddress: "localhost:40677"
  clientAddress: "localhost:40991"
  adminAddress: "localhost:44843"
  startupRole: FOLLOWER
}
role: CANDIDATE
candidateInfo {
  lastLeaderElapsedTimeMs: 84610
}

2023-08-18 03:37:26,327 [s0@group-E264CA5F8311-FollowerState] INFO  server.RaftServerConfigKeys (ConfUtils.java:logGet(46)) - raft.server.leaderelection.pre-vote = true (default)
2023-08-18 03:37:26,327 [s0@group-E264CA5F8311-FollowerState] INFO  impl.RoleInfo (RoleInfo.java:updateAndGet(138)) - s0: start s0@group-E264CA5F8311-LeaderElection327
2023-08-18 03:37:26,327 [s0@group-E264CA5F8311-LeaderElection327] INFO  impl.LeaderElection (LeaderElection.java:askForVotes(320)) - s0@group-E264CA5F8311-LeaderElection327 PRE_VOTE round 0: submit vote requests at term 1 for 255: peers:[s0|rpc:localhost:39295|admin:localhost:44843|client:localhost:40991|dataStream:localhost:40677|priority:0|startupRole:FOLLOWER, s1|rpc:0.0.0.0:34459|dataStream:|priority:0|startupRole:FOLLOWER, s2|rpc:0.0.0.0:43137|dataStream:|priority:0|startupRole:FOLLOWER]|listeners:[], old=peers:[s0|rpc:localhost:39295|admin:localhost:44843|client:localhost:40991|dataStream:localhost:40677|priority:0|startupRole:FOLLOWER]|listeners:[]
2023-08-18 03:37:26,328 [grpc-default-executor-3] INFO  server.RaftServer$Division (RaftServerImpl.java:requestVote(1344)) - s2@group-E264CA5F8311: receive requestVote(PRE_VOTE, s0, group-E264CA5F8311, 1, (t:1, i:255))
2023-08-18 03:37:26,328 [grpc-default-executor-4] INFO  server.RaftServer$Division (RaftServerImpl.java:requestVote(1344)) - s1@group-E264CA5F8311: receive requestVote(PRE_VOTE, s0, group-E264CA5F8311, 1, (t:1, i:255))
2023-08-18 03:37:26,328 [grpc-default-executor-3] WARN  server.GrpcServerProtocolService (LogUtils.java:warn(122)) - s2: Failed requestVote s0->s2#0: org.apache.ratis.protocol.exceptions.ServerNotReadyException: s2@group-E264CA5F8311 is not in [RUNNING]: current state is STARTING
2023-08-18 03:37:26,328 [grpc-default-executor-4] WARN  server.GrpcServerProtocolService (LogUtils.java:warn(122)) - s1: Failed requestVote s0->s1#0: org.apache.ratis.protocol.exceptions.ServerNotReadyException: s1@group-E264CA5F8311 is not in [RUNNING]: current state is STARTING
2023-08-18 03:37:26,328 [s0@group-E264CA5F8311-LeaderElection327] INFO  impl.LeaderElection (LogUtils.java:infoOrTrace(137)) - s0@group-E264CA5F8311-LeaderElection327 got exception when requesting votes: java.util.concurrent.ExecutionException: org.apache.ratis.thirdparty.io.grpc.StatusRuntimeException: INTERNAL: s1@group-E264CA5F8311 is not in [RUNNING]: current state is STARTING
2023-08-18 03:37:26,329 [s0@group-E264CA5F8311-LeaderElection327] INFO  impl.LeaderElection (LogUtils.java:infoOrTrace(137)) - s0@group-E264CA5F8311-LeaderElection327 got exception when requesting votes: java.util.concurrent.ExecutionException: org.apache.ratis.thirdparty.io.grpc.StatusRuntimeException: INTERNAL: s2@group-E264CA5F8311 is not in [RUNNING]: current state is STARTING
2023-08-18 03:37:26,329 [s0@group-E264CA5F8311-LeaderElection327] INFO  impl.LeaderElection (LeaderElection.java:logAndReturn(89)) - s0@group-E264CA5F8311-LeaderElection327: PRE_VOTE REJECTED received 0 response(s) and 2 exception(s):
2023-08-18 03:37:26,329 [s0@group-E264CA5F8311-LeaderElection327] INFO  impl.LeaderElection (LogUtils.java:infoOrTrace(137)) -   Exception 0: java.util.concurrent.ExecutionException: org.apache.ratis.thirdparty.io.grpc.StatusRuntimeException: INTERNAL: s1@group-E264CA5F8311 is not in [RUNNING]: current state is STARTING
2023-08-18 03:37:26,329 [s0@group-E264CA5F8311-LeaderElection327] INFO  impl.LeaderElection (LogUtils.java:infoOrTrace(137)) -   Exception 1: java.util.concurrent.ExecutionException: org.apache.ratis.thirdparty.io.grpc.StatusRuntimeException: INTERNAL: s2@group-E264CA5F8311 is not in [RUNNING]: current state is STARTING
2023-08-18 03:37:26,329 [s0@group-E264CA5F8311-LeaderElection327] INFO  impl.LeaderElection (LeaderElection.java:askForVotes(322)) - s0@group-E264CA5F8311-LeaderElection327 PRE_VOTE round 0: result REJECTED
2023-08-18 03:37:26,329 [s0@group-E264CA5F8311-LeaderElection327] INFO  server.RaftServer$Division (RaftServerImpl.java:setRole(371)) - s0@group-E264CA5F8311: changes role from CANDIDATE to FOLLOWER at term 1 for REJECTED
2023-08-18 03:37:26,329 [s0@group-E264CA5F8311-LeaderElection327] INFO  impl.RoleInfo (RoleInfo.java:shutdownLeaderElection(129)) - s0: shutdown s0@group-E264CA5F8311-LeaderElection327
2023-08-18 03:37:26,329 [s0@group-E264CA5F8311-LeaderElection327] INFO  impl.RoleInfo (RoleInfo.java:updateAndGet(138)) - s0: start s0@group-E264CA5F8311-FollowerState
2023-08-18 03:37:26,336 [s0-server-thread1] INFO  server.RaftServer$Division (RaftServerImpl.java:setConfigurationAsync(1238)) - s0@group-E264CA5F8311: receive setConfiguration SetConfigurationRequest:client-255CF6B0DA3F->s0@group-E264CA5F8311, cid=386, seq=0, RW, null, SET_UNCONDITIONALLY, servers:[s1|rpc:0.0.0.0:34459|dataStream:|priority:0|startupRole:FOLLOWER, s2|rpc:0.0.0.0:43137|dataStream:|priority:0|startupRole:FOLLOWER, s0|rpc:localhost:39295|admin:localhost:44843|client:localhost:40991|dataStream:localhost:40677|priority:0|startupRole:FOLLOWER], listeners:[]
2023-08-18 03:37:26,444 [s2-server-thread1] INFO  server.RaftServer$Division (RaftServerImpl.java:setConfigurationAsync(1238)) - s2@group-E264CA5F8311: receive setConfiguration SetConfigurationRequest:client-255CF6B0DA3F->s2@group-E264CA5F8311, cid=386, seq=0, RW, null, SET_UNCONDITIONALLY, servers:[s1|rpc:0.0.0.0:34459|dataStream:|priority:0|startupRole:FOLLOWER, s2|rpc:0.0.0.0:43137|dataStream:|priority:0|startupRole:FOLLOWER, s0|rpc:localhost:39295|admin:localhost:44843|client:localhost:40991|dataStream:localhost:40677|priority:0|startupRole:FOLLOWER], listeners:[]
2023-08-18 03:37:26,547 [s1-server-thread1] INFO  server.RaftServer$Division (RaftServerImpl.java:setConfigurationAsync(1238)) - s1@group-E264CA5F8311: receive setConfiguration SetConfigurationRequest:client-255CF6B0DA3F->s1@group-E264CA5F8311, cid=386, seq=0, RW, null, SET_UNCONDITIONALLY, servers:[s1|rpc:0.0.0.0:34459|dataStream:|priority:0|startupRole:FOLLOWER, s2|rpc:0.0.0.0:43137|dataStream:|priority:0|startupRole:FOLLOWER, s0|rpc:localhost:39295|admin:localhost:44843|client:localhost:40991|dataStream:localhost:40677|priority:0|startupRole:FOLLOWER], listeners:[]
2023-08-18 03:37:26,562 [s0@group-E264CA5F8311-FollowerState] INFO  impl.FollowerState (FollowerState.java:run(143)) - s0@group-E264CA5F8311-FollowerState: change to CANDIDATE, lastRpcElapsedTime:233254995ns, electionTimeout:233ms
2023-08-18 03:37:26,562 [s0@group-E264CA5F8311-FollowerState] INFO  impl.RoleInfo (RoleInfo.java:shutdownFollowerState(109)) - s0: shutdown s0@group-E264CA5F8311-FollowerState
2023-08-18 03:37:26,562 [s0@group-E264CA5F8311-FollowerState] INFO  server.RaftServer$Division (RaftServerImpl.java:setRole(371)) - s0@group-E264CA5F8311: changes role from  FOLLOWER to CANDIDATE at term 1 for changeToCandidate
2023-08-18 03:37:26,562 [s0@group-E264CA5F8311-FollowerState] INFO  impl.SimpleStateMachine4Testing (SimpleStateMachine4Testing.java:notifyExtendedNoLeader(411)) - StateMachineWithMultiNestedSnapshotFile:s0:group-E264CA5F8311: notifyExtendedNoLeader group-E264CA5F8311, self {
  id: "s0"
  address: "localhost:39295"
  dataStreamAddress: "localhost:40677"
  clientAddress: "localhost:40991"
  adminAddress: "localhost:44843"
  startupRole: FOLLOWER
}
role: CANDIDATE
candidateInfo {
  lastLeaderElapsedTimeMs: 84846
}

2023-08-18 03:37:26,562 [s0@group-E264CA5F8311-FollowerState] INFO  server.RaftServerConfigKeys (ConfUtils.java:logGet(46)) - raft.server.leaderelection.pre-vote = true (default)
2023-08-18 03:37:26,562 [s0@group-E264CA5F8311-FollowerState] INFO  impl.RoleInfo (RoleInfo.java:updateAndGet(138)) - s0: start s0@group-E264CA5F8311-LeaderElection328
2023-08-18 03:37:26,563 [s0@group-E264CA5F8311-LeaderElection328] INFO  impl.LeaderElection (LeaderElection.java:askForVotes(320)) - s0@group-E264CA5F8311-LeaderElection328 PRE_VOTE round 0: submit vote requests at term 1 for 255: peers:[s0|rpc:localhost:39295|admin:localhost:44843|client:localhost:40991|dataStream:localhost:40677|priority:0|startupRole:FOLLOWER, s1|rpc:0.0.0.0:34459|dataStream:|priority:0|startupRole:FOLLOWER, s2|rpc:0.0.0.0:43137|dataStream:|priority:0|startupRole:FOLLOWER]|listeners:[], old=peers:[s0|rpc:localhost:39295|admin:localhost:44843|client:localhost:40991|dataStream:localhost:40677|priority:0|startupRole:FOLLOWER]|listeners:[]
2023-08-18 03:37:26,563 [grpc-default-executor-4] INFO  server.RaftServer$Division (RaftServerImpl.java:requestVote(1344)) - s2@group-E264CA5F8311: receive requestVote(PRE_VOTE, s0, group-E264CA5F8311, 1, (t:1, i:255))
2023-08-18 03:37:26,563 [grpc-default-executor-3] INFO  server.RaftServer$Division (RaftServerImpl.java:requestVote(1344)) - s1@group-E264CA5F8311: receive requestVote(PRE_VOTE, s0, group-E264CA5F8311, 1, (t:1, i:255))
2023-08-18 03:37:26,563 [grpc-default-executor-4] WARN  server.GrpcServerProtocolService (LogUtils.java:warn(122)) - s2: Failed requestVote s0->s2#0: org.apache.ratis.protocol.exceptions.ServerNotReadyException: s2@group-E264CA5F8311 is not in [RUNNING]: current state is STARTING
2023-08-18 03:37:26,563 [grpc-default-executor-3] WARN  server.GrpcServerProtocolService (LogUtils.java:warn(122)) - s1: Failed requestVote s0->s1#0: org.apache.ratis.protocol.exceptions.ServerNotReadyException: s1@group-E264CA5F8311 is not in [RUNNING]: current state is STARTING
2023-08-18 03:37:26,564 [s0@group-E264CA5F8311-LeaderElection328] INFO  impl.LeaderElection (LogUtils.java:infoOrTrace(137)) - s0@group-E264CA5F8311-LeaderElection328 got exception when requesting votes: java.util.concurrent.ExecutionException: org.apache.ratis.thirdparty.io.grpc.StatusRuntimeException: INTERNAL: s2@group-E264CA5F8311 is not in [RUNNING]: current state is STARTING
2023-08-18 03:37:26,564 [s0@group-E264CA5F8311-LeaderElection328] INFO  impl.LeaderElection (LogUtils.java:infoOrTrace(137)) - s0@group-E264CA5F8311-LeaderElection328 got exception when requesting votes: java.util.concurrent.ExecutionException: org.apache.ratis.thirdparty.io.grpc.StatusRuntimeException: INTERNAL: s1@group-E264CA5F8311 is not in [RUNNING]: current state is STARTING
2023-08-18 03:37:26,564 [s0@group-E264CA5F8311-LeaderElection328] INFO  impl.LeaderElection (LeaderElection.java:logAndReturn(89)) - s0@group-E264CA5F8311-LeaderElection328: PRE_VOTE REJECTED received 0 response(s) and 2 exception(s):
2023-08-18 03:37:26,564 [s0@group-E264CA5F8311-LeaderElection328] INFO  impl.LeaderElection (LogUtils.java:infoOrTrace(137)) -   Exception 0: java.util.concurrent.ExecutionException: org.apache.ratis.thirdparty.io.grpc.StatusRuntimeException: INTERNAL: s2@group-E264CA5F8311 is not in [RUNNING]: current state is STARTING
2023-08-18 03:37:26,564 [s0@group-E264CA5F8311-LeaderElection328] INFO  impl.LeaderElection (LogUtils.java:infoOrTrace(137)) -   Exception 1: java.util.concurrent.ExecutionException: org.apache.ratis.thirdparty.io.grpc.StatusRuntimeException: INTERNAL: s1@group-E264CA5F8311 is not in [RUNNING]: current state is STARTING
2023-08-18 03:37:26,564 [s0@group-E264CA5F8311-LeaderElection328] INFO  impl.LeaderElection (LeaderElection.java:askForVotes(322)) - s0@group-E264CA5F8311-LeaderElection328 PRE_VOTE round 0: result REJECTED
2023-08-18 03:37:26,564 [s0@group-E264CA5F8311-LeaderElection328] INFO  server.RaftServer$Division (RaftServerImpl.java:setRole(371)) - s0@group-E264CA5F8311: changes role from CANDIDATE to FOLLOWER at term 1 for REJECTED
2023-08-18 03:37:26,564 [s0@group-E264CA5F8311-LeaderElection328] INFO  impl.RoleInfo (RoleInfo.java:shutdownLeaderElection(129)) - s0: shutdown s0@group-E264CA5F8311-LeaderElection328
2023-08-18 03:37:26,564 [s0@group-E264CA5F8311-LeaderElection328] INFO  impl.RoleInfo (RoleInfo.java:updateAndGet(138)) - s0: start s0@group-E264CA5F8311-FollowerState
2023-08-18 03:37:26,650 [s2-server-thread1] INFO  server.RaftServer$Division (RaftServerImpl.java:setConfigurationAsync(1238)) - s2@group-E264CA5F8311: receive setConfiguration SetConfigurationRequest:client-255CF6B0DA3F->s2@group-E264CA5F8311, cid=386, seq=0, RW, null, SET_UNCONDITIONALLY, servers:[s1|rpc:0.0.0.0:34459|dataStream:|priority:0|startupRole:FOLLOWER, s2|rpc:0.0.0.0:43137|dataStream:|priority:0|startupRole:FOLLOWER, s0|rpc:localhost:39295|admin:localhost:44843|client:localhost:40991|dataStream:localhost:40677|priority:0|startupRole:FOLLOWER], listeners:[]
2023-08-18 03:37:26,725 [s0@group-E264CA5F8311-FollowerState] INFO  impl.FollowerState (FollowerState.java:run(143)) - s0@group-E264CA5F8311-FollowerState: change to CANDIDATE, lastRpcElapsedTime:161203829ns, electionTimeout:161ms
2023-08-18 03:37:26,725 [s0@group-E264CA5F8311-FollowerState] INFO  impl.RoleInfo (RoleInfo.java:shutdownFollowerState(109)) - s0: shutdown s0@group-E264CA5F8311-FollowerState
2023-08-18 03:37:26,725 [s0@group-E264CA5F8311-FollowerState] INFO  server.RaftServer$Division (RaftServerImpl.java:setRole(371)) - s0@group-E264CA5F8311: changes role from  FOLLOWER to CANDIDATE at term 1 for changeToCandidate
2023-08-18 03:37:26,726 [s0@group-E264CA5F8311-FollowerState] INFO  impl.SimpleStateMachine4Testing (SimpleStateMachine4Testing.java:notifyExtendedNoLeader(411)) - StateMachineWithMultiNestedSnapshotFile:s0:group-E264CA5F8311: notifyExtendedNoLeader group-E264CA5F8311, self {
  id: "s0"
  address: "localhost:39295"
  dataStreamAddress: "localhost:40677"
  clientAddress: "localhost:40991"
  adminAddress: "localhost:44843"
  startupRole: FOLLOWER
}
role: CANDIDATE
candidateInfo {
  lastLeaderElapsedTimeMs: 85009
}

2023-08-18 03:37:26,726 [s0@group-E264CA5F8311-FollowerState] INFO  server.RaftServerConfigKeys (ConfUtils.java:logGet(46)) - raft.server.leaderelection.pre-vote = true (default)
2023-08-18 03:37:26,726 [s0@group-E264CA5F8311-FollowerState] INFO  impl.RoleInfo (RoleInfo.java:updateAndGet(138)) - s0: start s0@group-E264CA5F8311-LeaderElection329
2023-08-18 03:37:26,726 [s0@group-E264CA5F8311-LeaderElection329] INFO  impl.LeaderElection (LeaderElection.java:askForVotes(320)) - s0@group-E264CA5F8311-LeaderElection329 PRE_VOTE round 0: submit vote requests at term 1 for 255: peers:[s0|rpc:localhost:39295|admin:localhost:44843|client:localhost:40991|dataStream:localhost:40677|priority:0|startupRole:FOLLOWER, s1|rpc:0.0.0.0:34459|dataStream:|priority:0|startupRole:FOLLOWER, s2|rpc:0.0.0.0:43137|dataStream:|priority:0|startupRole:FOLLOWER]|listeners:[], old=peers:[s0|rpc:localhost:39295|admin:localhost:44843|client:localhost:40991|dataStream:localhost:40677|priority:0|startupRole:FOLLOWER]|listeners:[]
2023-08-18 03:37:26,727 [grpc-default-executor-3] INFO  server.RaftServer$Division (RaftServerImpl.java:requestVote(1344)) - s1@group-E264CA5F8311: receive requestVote(PRE_VOTE, s0, group-E264CA5F8311, 1, (t:1, i:255))
2023-08-18 03:37:26,727 [grpc-default-executor-4] INFO  server.RaftServer$Division (RaftServerImpl.java:requestVote(1344)) - s2@group-E264CA5F8311: receive requestVote(PRE_VOTE, s0, group-E264CA5F8311, 1, (t:1, i:255))
2023-08-18 03:37:26,727 [grpc-default-executor-3] WARN  server.GrpcServerProtocolService (LogUtils.java:warn(122)) - s1: Failed requestVote s0->s1#0: org.apache.ratis.protocol.exceptions.ServerNotReadyException: s1@group-E264CA5F8311 is not in [RUNNING]: current state is STARTING
2023-08-18 03:37:26,727 [grpc-default-executor-4] WARN  server.GrpcServerProtocolService (LogUtils.java:warn(122)) - s2: Failed requestVote s0->s2#0: org.apache.ratis.protocol.exceptions.ServerNotReadyException: s2@group-E264CA5F8311 is not in [RUNNING]: current state is STARTING
2023-08-18 03:37:26,728 [s0@group-E264CA5F8311-LeaderElection329] INFO  impl.LeaderElection (LogUtils.java:infoOrTrace(137)) - s0@group-E264CA5F8311-LeaderElection329 got exception when requesting votes: java.util.concurrent.ExecutionException: org.apache.ratis.thirdparty.io.grpc.StatusRuntimeException: INTERNAL: s2@group-E264CA5F8311 is not in [RUNNING]: current state is STARTING
2023-08-18 03:37:26,728 [s0@group-E264CA5F8311-LeaderElection329] INFO  impl.LeaderElection (LogUtils.java:infoOrTrace(137)) - s0@group-E264CA5F8311-LeaderElection329 got exception when requesting votes: java.util.concurrent.ExecutionException: org.apache.ratis.thirdparty.io.grpc.StatusRuntimeException: INTERNAL: s1@group-E264CA5F8311 is not in [RUNNING]: current state is STARTING
2023-08-18 03:37:26,728 [s0@group-E264CA5F8311-LeaderElection329] INFO  impl.LeaderElection (LeaderElection.java:logAndReturn(89)) - s0@group-E264CA5F8311-LeaderElection329: PRE_VOTE REJECTED received 0 response(s) and 2 exception(s):
2023-08-18 03:37:26,728 [s0@group-E264CA5F8311-LeaderElection329] INFO  impl.LeaderElection (LogUtils.java:infoOrTrace(137)) -   Exception 0: java.util.concurrent.ExecutionException: org.apache.ratis.thirdparty.io.grpc.StatusRuntimeException: INTERNAL: s2@group-E264CA5F8311 is not in [RUNNING]: current state is STARTING
2023-08-18 03:37:26,728 [s0@group-E264CA5F8311-LeaderElection329] INFO  impl.LeaderElection (LogUtils.java:infoOrTrace(137)) -   Exception 1: java.util.concurrent.ExecutionException: org.apache.ratis.thirdparty.io.grpc.StatusRuntimeException: INTERNAL: s1@group-E264CA5F8311 is not in [RUNNING]: current state is STARTING
2023-08-18 03:37:26,728 [s0@group-E264CA5F8311-LeaderElection329] INFO  impl.LeaderElection (LeaderElection.java:askForVotes(322)) - s0@group-E264CA5F8311-LeaderElection329 PRE_VOTE round 0: result REJECTED
2023-08-18 03:37:26,728 [s0@group-E264CA5F8311-LeaderElection329] INFO  server.RaftServer$Division (RaftServerImpl.java:setRole(371)) - s0@group-E264CA5F8311: changes role from CANDIDATE to FOLLOWER at term 1 for REJECTED
2023-08-18 03:37:26,728 [s0@group-E264CA5F8311-LeaderElection329] INFO  impl.RoleInfo (RoleInfo.java:shutdownLeaderElection(129)) - s0: shutdown s0@group-E264CA5F8311-LeaderElection329
2023-08-18 03:37:26,728 [s0@group-E264CA5F8311-LeaderElection329] INFO  impl.RoleInfo (RoleInfo.java:updateAndGet(138)) - s0: start s0@group-E264CA5F8311-FollowerState
2023-08-18 03:37:26,757 [s0-server-thread1] INFO  server.RaftServer$Division (RaftServerImpl.java:setConfigurationAsync(1238)) - s0@group-E264CA5F8311: receive setConfiguration SetConfigurationRequest:client-255CF6B0DA3F->s0@group-E264CA5F8311, cid=386, seq=0, RW, null, SET_UNCONDITIONALLY, servers:[s1|rpc:0.0.0.0:34459|dataStream:|priority:0|startupRole:FOLLOWER, s2|rpc:0.0.0.0:43137|dataStream:|priority:0|startupRole:FOLLOWER, s0|rpc:localhost:39295|admin:localhost:44843|client:localhost:40991|dataStream:localhost:40677|priority:0|startupRole:FOLLOWER], listeners:[]
2023-08-18 03:37:26,860 [s1-server-thread1] INFO  server.RaftServer$Division (RaftServerImpl.java:setConfigurationAsync(1238)) - s1@group-E264CA5F8311: receive setConfiguration SetConfigurationRequest:client-255CF6B0DA3F->s1@group-E264CA5F8311, cid=386, seq=0, RW, null, SET_UNCONDITIONALLY, servers:[s1|rpc:0.0.0.0:34459|dataStream:|priority:0|startupRole:FOLLOWER, s2|rpc:0.0.0.0:43137|dataStream:|priority:0|startupRole:FOLLOWER, s0|rpc:localhost:39295|admin:localhost:44843|client:localhost:40991|dataStream:localhost:40677|priority:0|startupRole:FOLLOWER], listeners:[]
2023-08-18 03:37:26,881 [s0@group-E264CA5F8311-FollowerState] INFO  impl.FollowerState (FollowerState.java:run(143)) - s0@group-E264CA5F8311-FollowerState: change to CANDIDATE, lastRpcElapsedTime:153197177ns, electionTimeout:153ms
2023-08-18 03:37:26,881 [s0@group-E264CA5F8311-FollowerState] INFO  impl.RoleInfo (RoleInfo.java:shutdownFollowerState(109)) - s0: shutdown s0@group-E264CA5F8311-FollowerState
2023-08-18 03:37:26,881 [s0@group-E264CA5F8311-FollowerState] INFO  server.RaftServer$Division (RaftServerImpl.java:setRole(371)) - s0@group-E264CA5F8311: changes role from  FOLLOWER to CANDIDATE at term 1 for changeToCandidate
2023-08-18 03:37:26,881 [s0@group-E264CA5F8311-FollowerState] INFO  impl.SimpleStateMachine4Testing (SimpleStateMachine4Testing.java:notifyExtendedNoLeader(411)) - StateMachineWithMultiNestedSnapshotFile:s0:group-E264CA5F8311: notifyExtendedNoLeader group-E264CA5F8311, self {
  id: "s0"
  address: "localhost:39295"
  dataStreamAddress: "localhost:40677"
  clientAddress: "localhost:40991"
  adminAddress: "localhost:44843"
  startupRole: FOLLOWER
}
role: CANDIDATE
candidateInfo {
  lastLeaderElapsedTimeMs: 85165
}

2023-08-18 03:37:26,881 [s0@group-E264CA5F8311-FollowerState] INFO  server.RaftServerConfigKeys (ConfUtils.java:logGet(46)) - raft.server.leaderelection.pre-vote = true (default)
2023-08-18 03:37:26,881 [s0@group-E264CA5F8311-FollowerState] INFO  impl.RoleInfo (RoleInfo.java:updateAndGet(138)) - s0: start s0@group-E264CA5F8311-LeaderElection330
2023-08-18 03:37:26,882 [s0@group-E264CA5F8311-LeaderElection330] INFO  impl.LeaderElection (LeaderElection.java:askForVotes(320)) - s0@group-E264CA5F8311-LeaderElection330 PRE_VOTE round 0: submit vote requests at term 1 for 255: peers:[s0|rpc:localhost:39295|admin:localhost:44843|client:localhost:40991|dataStream:localhost:40677|priority:0|startupRole:FOLLOWER, s1|rpc:0.0.0.0:34459|dataStream:|priority:0|startupRole:FOLLOWER, s2|rpc:0.0.0.0:43137|dataStream:|priority:0|startupRole:FOLLOWER]|listeners:[], old=peers:[s0|rpc:localhost:39295|admin:localhost:44843|client:localhost:40991|dataStream:localhost:40677|priority:0|startupRole:FOLLOWER]|listeners:[]
2023-08-18 03:37:26,882 [grpc-default-executor-3] INFO  server.RaftServer$Division (RaftServerImpl.java:requestVote(1344)) - s1@group-E264CA5F8311: receive requestVote(PRE_VOTE, s0, group-E264CA5F8311, 1, (t:1, i:255))
2023-08-18 03:37:26,883 [grpc-default-executor-3] WARN  server.GrpcServerProtocolService (LogUtils.java:warn(122)) - s1: Failed requestVote s0->s1#0: org.apache.ratis.protocol.exceptions.ServerNotReadyException: s1@group-E264CA5F8311 is not in [RUNNING]: current state is STARTING
2023-08-18 03:37:26,883 [grpc-default-executor-3] INFO  server.RaftServer$Division (RaftServerImpl.java:requestVote(1344)) - s2@group-E264CA5F8311: receive requestVote(PRE_VOTE, s0, group-E264CA5F8311, 1, (t:1, i:255))
2023-08-18 03:37:26,883 [grpc-default-executor-3] WARN  server.GrpcServerProtocolService (LogUtils.java:warn(122)) - s2: Failed requestVote s0->s2#0: org.apache.ratis.protocol.exceptions.ServerNotReadyException: s2@group-E264CA5F8311 is not in [RUNNING]: current state is STARTING
2023-08-18 03:37:26,883 [s0@group-E264CA5F8311-LeaderElection330] INFO  impl.LeaderElection (LogUtils.java:infoOrTrace(137)) - s0@group-E264CA5F8311-LeaderElection330 got exception when requesting votes: java.util.concurrent.ExecutionException: org.apache.ratis.thirdparty.io.grpc.StatusRuntimeException: INTERNAL: s1@group-E264CA5F8311 is not in [RUNNING]: current state is STARTING
2023-08-18 03:37:26,883 [s0@group-E264CA5F8311-LeaderElection330] INFO  impl.LeaderElection (LogUtils.java:infoOrTrace(137)) - s0@group-E264CA5F8311-LeaderElection330 got exception when requesting votes: java.util.concurrent.ExecutionException: org.apache.ratis.thirdparty.io.grpc.StatusRuntimeException: INTERNAL: s2@group-E264CA5F8311 is not in [RUNNING]: current state is STARTING
2023-08-18 03:37:26,883 [s0@group-E264CA5F8311-LeaderElection330] INFO  impl.LeaderElection (LeaderElection.java:logAndReturn(89)) - s0@group-E264CA5F8311-LeaderElection330: PRE_VOTE REJECTED received 0 response(s) and 2 exception(s):
2023-08-18 03:37:26,883 [s0@group-E264CA5F8311-LeaderElection330] INFO  impl.LeaderElection (LogUtils.java:infoOrTrace(137)) -   Exception 0: java.util.concurrent.ExecutionException: org.apache.ratis.thirdparty.io.grpc.StatusRuntimeException: INTERNAL: s1@group-E264CA5F8311 is not in [RUNNING]: current state is STARTING
2023-08-18 03:37:26,883 [s0@group-E264CA5F8311-LeaderElection330] INFO  impl.LeaderElection (LogUtils.java:infoOrTrace(137)) -   Exception 1: java.util.concurrent.ExecutionException: org.apache.ratis.thirdparty.io.grpc.StatusRuntimeException: INTERNAL: s2@group-E264CA5F8311 is not in [RUNNING]: current state is STARTING
2023-08-18 03:37:26,883 [s0@group-E264CA5F8311-LeaderElection330] INFO  impl.LeaderElection (LeaderElection.java:askForVotes(322)) - s0@group-E264CA5F8311-LeaderElection330 PRE_VOTE round 0: result REJECTED
2023-08-18 03:37:26,883 [s0@group-E264CA5F8311-LeaderElection330] INFO  server.RaftServer$Division (RaftServerImpl.java:setRole(371)) - s0@group-E264CA5F8311: changes role from CANDIDATE to FOLLOWER at term 1 for REJECTED
2023-08-18 03:37:26,883 [s0@group-E264CA5F8311-LeaderElection330] INFO  impl.RoleInfo (RoleInfo.java:shutdownLeaderElection(129)) - s0: shutdown s0@group-E264CA5F8311-LeaderElection330
2023-08-18 03:37:26,884 [s0@group-E264CA5F8311-LeaderElection330] INFO  impl.RoleInfo (RoleInfo.java:updateAndGet(138)) - s0: start s0@group-E264CA5F8311-FollowerState
2023-08-18 03:37:26,963 [s0-server-thread1] INFO  server.RaftServer$Division (RaftServerImpl.java:setConfigurationAsync(1238)) - s0@group-E264CA5F8311: receive setConfiguration SetConfigurationRequest:client-255CF6B0DA3F->s0@group-E264CA5F8311, cid=386, seq=0, RW, null, SET_UNCONDITIONALLY, servers:[s1|rpc:0.0.0.0:34459|dataStream:|priority:0|startupRole:FOLLOWER, s2|rpc:0.0.0.0:43137|dataStream:|priority:0|startupRole:FOLLOWER, s0|rpc:localhost:39295|admin:localhost:44843|client:localhost:40991|dataStream:localhost:40677|priority:0|startupRole:FOLLOWER], listeners:[]
2023-08-18 03:37:27,066 [s2-server-thread1] INFO  server.RaftServer$Division (RaftServerImpl.java:setConfigurationAsync(1238)) - s2@group-E264CA5F8311: receive setConfiguration SetConfigurationRequest:client-255CF6B0DA3F->s2@group-E264CA5F8311, cid=386, seq=0, RW, null, SET_UNCONDITIONALLY, servers:[s1|rpc:0.0.0.0:34459|dataStream:|priority:0|startupRole:FOLLOWER, s2|rpc:0.0.0.0:43137|dataStream:|priority:0|startupRole:FOLLOWER, s0|rpc:localhost:39295|admin:localhost:44843|client:localhost:40991|dataStream:localhost:40677|priority:0|startupRole:FOLLOWER], listeners:[]
2023-08-18 03:37:27,098 [s0@group-E264CA5F8311-FollowerState] INFO  impl.FollowerState (FollowerState.java:run(143)) - s0@group-E264CA5F8311-FollowerState: change to CANDIDATE, lastRpcElapsedTime:214365309ns, electionTimeout:214ms
2023-08-18 03:37:27,098 [s0@group-E264CA5F8311-FollowerState] INFO  impl.RoleInfo (RoleInfo.java:shutdownFollowerState(109)) - s0: shutdown s0@group-E264CA5F8311-FollowerState
2023-08-18 03:37:27,098 [s0@group-E264CA5F8311-FollowerState] INFO  server.RaftServer$Division (RaftServerImpl.java:setRole(371)) - s0@group-E264CA5F8311: changes role from  FOLLOWER to CANDIDATE at term 1 for changeToCandidate
2023-08-18 03:37:27,098 [s0@group-E264CA5F8311-FollowerState] INFO  impl.SimpleStateMachine4Testing (SimpleStateMachine4Testing.java:notifyExtendedNoLeader(411)) - StateMachineWithMultiNestedSnapshotFile:s0:group-E264CA5F8311: notifyExtendedNoLeader group-E264CA5F8311, self {
  id: "s0"
  address: "localhost:39295"
  dataStreamAddress: "localhost:40677"
  clientAddress: "localhost:40991"
  adminAddress: "localhost:44843"
  startupRole: FOLLOWER
}
role: CANDIDATE
candidateInfo {
  lastLeaderElapsedTimeMs: 85382
}

2023-08-18 03:37:27,098 [s0@group-E264CA5F8311-FollowerState] INFO  server.RaftServerConfigKeys (ConfUtils.java:logGet(46)) - raft.server.leaderelection.pre-vote = true (default)
2023-08-18 03:37:27,098 [s0@group-E264CA5F8311-FollowerState] INFO  impl.RoleInfo (RoleInfo.java:updateAndGet(138)) - s0: start s0@group-E264CA5F8311-LeaderElection331
2023-08-18 03:37:27,099 [s0@group-E264CA5F8311-LeaderElection331] INFO  impl.LeaderElection (LeaderElection.java:askForVotes(320)) - s0@group-E264CA5F8311-LeaderElection331 PRE_VOTE round 0: submit vote requests at term 1 for 255: peers:[s0|rpc:localhost:39295|admin:localhost:44843|client:localhost:40991|dataStream:localhost:40677|priority:0|startupRole:FOLLOWER, s1|rpc:0.0.0.0:34459|dataStream:|priority:0|startupRole:FOLLOWER, s2|rpc:0.0.0.0:43137|dataStream:|priority:0|startupRole:FOLLOWER]|listeners:[], old=peers:[s0|rpc:localhost:39295|admin:localhost:44843|client:localhost:40991|dataStream:localhost:40677|priority:0|startupRole:FOLLOWER]|listeners:[]
2023-08-18 03:37:27,100 [grpc-default-executor-3] INFO  server.RaftServer$Division (RaftServerImpl.java:requestVote(1344)) - s1@group-E264CA5F8311: receive requestVote(PRE_VOTE, s0, group-E264CA5F8311, 1, (t:1, i:255))
2023-08-18 03:37:27,100 [grpc-default-executor-3] WARN  server.GrpcServerProtocolService (LogUtils.java:warn(122)) - s1: Failed requestVote s0->s1#0: org.apache.ratis.protocol.exceptions.ServerNotReadyException: s1@group-E264CA5F8311 is not in [RUNNING]: current state is STARTING
2023-08-18 03:37:27,100 [grpc-default-executor-4] INFO  server.RaftServer$Division (RaftServerImpl.java:requestVote(1344)) - s2@group-E264CA5F8311: receive requestVote(PRE_VOTE, s0, group-E264CA5F8311, 1, (t:1, i:255))
2023-08-18 03:37:27,100 [grpc-default-executor-4] WARN  server.GrpcServerProtocolService (LogUtils.java:warn(122)) - s2: Failed requestVote s0->s2#0: org.apache.ratis.protocol.exceptions.ServerNotReadyException: s2@group-E264CA5F8311 is not in [RUNNING]: current state is STARTING
2023-08-18 03:37:27,100 [s0@group-E264CA5F8311-LeaderElection331] INFO  impl.LeaderElection (LogUtils.java:infoOrTrace(137)) - s0@group-E264CA5F8311-LeaderElection331 got exception when requesting votes: java.util.concurrent.ExecutionException: org.apache.ratis.thirdparty.io.grpc.StatusRuntimeException: INTERNAL: s1@group-E264CA5F8311 is not in [RUNNING]: current state is STARTING
2023-08-18 03:37:27,100 [s0@group-E264CA5F8311-LeaderElection331] INFO  impl.LeaderElection (LogUtils.java:infoOrTrace(137)) - s0@group-E264CA5F8311-LeaderElection331 got exception when requesting votes: java.util.concurrent.ExecutionException: org.apache.ratis.thirdparty.io.grpc.StatusRuntimeException: INTERNAL: s2@group-E264CA5F8311 is not in [RUNNING]: current state is STARTING
2023-08-18 03:37:27,100 [s0@group-E264CA5F8311-LeaderElection331] INFO  impl.LeaderElection (LeaderElection.java:logAndReturn(89)) - s0@group-E264CA5F8311-LeaderElection331: PRE_VOTE REJECTED received 0 response(s) and 2 exception(s):
2023-08-18 03:37:27,100 [s0@group-E264CA5F8311-LeaderElection331] INFO  impl.LeaderElection (LogUtils.java:infoOrTrace(137)) -   Exception 0: java.util.concurrent.ExecutionException: org.apache.ratis.thirdparty.io.grpc.StatusRuntimeException: INTERNAL: s1@group-E264CA5F8311 is not in [RUNNING]: current state is STARTING
2023-08-18 03:37:27,100 [s0@group-E264CA5F8311-LeaderElection331] INFO  impl.LeaderElection (LogUtils.java:infoOrTrace(137)) -   Exception 1: java.util.concurrent.ExecutionException: org.apache.ratis.thirdparty.io.grpc.StatusRuntimeException: INTERNAL: s2@group-E264CA5F8311 is not in [RUNNING]: current state is STARTING
2023-08-18 03:37:27,100 [s0@group-E264CA5F8311-LeaderElection331] INFO  impl.LeaderElection (LeaderElection.java:askForVotes(322)) - s0@group-E264CA5F8311-LeaderElection331 PRE_VOTE round 0: result REJECTED
2023-08-18 03:37:27,100 [s0@group-E264CA5F8311-LeaderElection331] INFO  server.RaftServer$Division (RaftServerImpl.java:setRole(371)) - s0@group-E264CA5F8311: changes role from CANDIDATE to FOLLOWER at term 1 for REJECTED
2023-08-18 03:37:27,100 [s0@group-E264CA5F8311-LeaderElection331] INFO  impl.RoleInfo (RoleInfo.java:shutdownLeaderElection(129)) - s0: shutdown s0@group-E264CA5F8311-LeaderElection331
2023-08-18 03:37:27,100 [s0@group-E264CA5F8311-LeaderElection331] INFO  impl.RoleInfo (RoleInfo.java:updateAndGet(138)) - s0: start s0@group-E264CA5F8311-FollowerState
2023-08-18 03:37:27,171 [s1-server-thread1] INFO  server.RaftServer$Division (RaftServerImpl.java:setConfigurationAsync(1238)) - s1@group-E264CA5F8311: receive setConfiguration SetConfigurationRequest:client-255CF6B0DA3F->s1@group-E264CA5F8311, cid=386, seq=0, RW, null, SET_UNCONDITIONALLY, servers:[s1|rpc:0.0.0.0:34459|dataStream:|priority:0|startupRole:FOLLOWER, s2|rpc:0.0.0.0:43137|dataStream:|priority:0|startupRole:FOLLOWER, s0|rpc:localhost:39295|admin:localhost:44843|client:localhost:40991|dataStream:localhost:40677|priority:0|startupRole:FOLLOWER], listeners:[]
2023-08-18 03:37:27,275 [s2-server-thread1] INFO  server.RaftServer$Division (RaftServerImpl.java:setConfigurationAsync(1238)) - s2@group-E264CA5F8311: receive setConfiguration SetConfigurationRequest:client-255CF6B0DA3F->s2@group-E264CA5F8311, cid=386, seq=0, RW, null, SET_UNCONDITIONALLY, servers:[s1|rpc:0.0.0.0:34459|dataStream:|priority:0|startupRole:FOLLOWER, s2|rpc:0.0.0.0:43137|dataStream:|priority:0|startupRole:FOLLOWER, s0|rpc:localhost:39295|admin:localhost:44843|client:localhost:40991|dataStream:localhost:40677|priority:0|startupRole:FOLLOWER], listeners:[]
2023-08-18 03:37:27,358 [s0@group-E264CA5F8311-FollowerState] INFO  impl.FollowerState (FollowerState.java:run(143)) - s0@group-E264CA5F8311-FollowerState: change to CANDIDATE, lastRpcElapsedTime:257504649ns, electionTimeout:257ms
2023-08-18 03:37:27,358 [s0@group-E264CA5F8311-FollowerState] INFO  impl.RoleInfo (RoleInfo.java:shutdownFollowerState(109)) - s0: shutdown s0@group-E264CA5F8311-FollowerState
2023-08-18 03:37:27,358 [s0@group-E264CA5F8311-FollowerState] INFO  server.RaftServer$Division (RaftServerImpl.java:setRole(371)) - s0@group-E264CA5F8311: changes role from  FOLLOWER to CANDIDATE at term 1 for changeToCandidate
2023-08-18 03:37:27,358 [s0@group-E264CA5F8311-FollowerState] INFO  impl.SimpleStateMachine4Testing (SimpleStateMachine4Testing.java:notifyExtendedNoLeader(411)) - StateMachineWithMultiNestedSnapshotFile:s0:group-E264CA5F8311: notifyExtendedNoLeader group-E264CA5F8311, self {
  id: "s0"
  address: "localhost:39295"
  dataStreamAddress: "localhost:40677"
  clientAddress: "localhost:40991"
  adminAddress: "localhost:44843"
  startupRole: FOLLOWER
}
role: CANDIDATE
candidateInfo {
  lastLeaderElapsedTimeMs: 85642
}

2023-08-18 03:37:27,358 [s0@group-E264CA5F8311-FollowerState] INFO  server.RaftServerConfigKeys (ConfUtils.java:logGet(46)) - raft.server.leaderelection.pre-vote = true (default)
2023-08-18 03:37:27,358 [s0@group-E264CA5F8311-FollowerState] INFO  impl.RoleInfo (RoleInfo.java:updateAndGet(138)) - s0: start s0@group-E264CA5F8311-LeaderElection332
2023-08-18 03:37:27,359 [s0@group-E264CA5F8311-LeaderElection332] INFO  impl.LeaderElection (LeaderElection.java:askForVotes(320)) - s0@group-E264CA5F8311-LeaderElection332 PRE_VOTE round 0: submit vote requests at term 1 for 255: peers:[s0|rpc:localhost:39295|admin:localhost:44843|client:localhost:40991|dataStream:localhost:40677|priority:0|startupRole:FOLLOWER, s1|rpc:0.0.0.0:34459|dataStream:|priority:0|startupRole:FOLLOWER, s2|rpc:0.0.0.0:43137|dataStream:|priority:0|startupRole:FOLLOWER]|listeners:[], old=peers:[s0|rpc:localhost:39295|admin:localhost:44843|client:localhost:40991|dataStream:localhost:40677|priority:0|startupRole:FOLLOWER]|listeners:[]
2023-08-18 03:37:27,360 [grpc-default-executor-3] INFO  server.RaftServer$Division (RaftServerImpl.java:requestVote(1344)) - s1@group-E264CA5F8311: receive requestVote(PRE_VOTE, s0, group-E264CA5F8311, 1, (t:1, i:255))
2023-08-18 03:37:27,360 [grpc-default-executor-4] INFO  server.RaftServer$Division (RaftServerImpl.java:requestVote(1344)) - s2@group-E264CA5F8311: receive requestVote(PRE_VOTE, s0, group-E264CA5F8311, 1, (t:1, i:255))
2023-08-18 03:37:27,360 [grpc-default-executor-3] WARN  server.GrpcServerProtocolService (LogUtils.java:warn(122)) - s1: Failed requestVote s0->s1#0: org.apache.ratis.protocol.exceptions.ServerNotReadyException: s1@group-E264CA5F8311 is not in [RUNNING]: current state is STARTING
2023-08-18 03:37:27,360 [grpc-default-executor-4] WARN  server.GrpcServerProtocolService (LogUtils.java:warn(122)) - s2: Failed requestVote s0->s2#0: org.apache.ratis.protocol.exceptions.ServerNotReadyException: s2@group-E264CA5F8311 is not in [RUNNING]: current state is STARTING
2023-08-18 03:37:27,360 [s0@group-E264CA5F8311-LeaderElection332] INFO  impl.LeaderElection (LogUtils.java:infoOrTrace(137)) - s0@group-E264CA5F8311-LeaderElection332 got exception when requesting votes: java.util.concurrent.ExecutionException: org.apache.ratis.thirdparty.io.grpc.StatusRuntimeException: INTERNAL: s1@group-E264CA5F8311 is not in [RUNNING]: current state is STARTING
2023-08-18 03:37:27,360 [s0@group-E264CA5F8311-LeaderElection332] INFO  impl.LeaderElection (LogUtils.java:infoOrTrace(137)) - s0@group-E264CA5F8311-LeaderElection332 got exception when requesting votes: java.util.concurrent.ExecutionException: org.apache.ratis.thirdparty.io.grpc.StatusRuntimeException: INTERNAL: s2@group-E264CA5F8311 is not in [RUNNING]: current state is STARTING
2023-08-18 03:37:27,360 [s0@group-E264CA5F8311-LeaderElection332] INFO  impl.LeaderElection (LeaderElection.java:logAndReturn(89)) - s0@group-E264CA5F8311-LeaderElection332: PRE_VOTE REJECTED received 0 response(s) and 2 exception(s):
2023-08-18 03:37:27,360 [s0@group-E264CA5F8311-LeaderElection332] INFO  impl.LeaderElection (LogUtils.java:infoOrTrace(137)) -   Exception 0: java.util.concurrent.ExecutionException: org.apache.ratis.thirdparty.io.grpc.StatusRuntimeException: INTERNAL: s1@group-E264CA5F8311 is not in [RUNNING]: current state is STARTING
2023-08-18 03:37:27,360 [s0@group-E264CA5F8311-LeaderElection332] INFO  impl.LeaderElection (LogUtils.java:infoOrTrace(137)) -   Exception 1: java.util.concurrent.ExecutionException: org.apache.ratis.thirdparty.io.grpc.StatusRuntimeException: INTERNAL: s2@group-E264CA5F8311 is not in [RUNNING]: current state is STARTING
2023-08-18 03:37:27,360 [s0@group-E264CA5F8311-LeaderElection332] INFO  impl.LeaderElection (LeaderElection.java:askForVotes(322)) - s0@group-E264CA5F8311-LeaderElection332 PRE_VOTE round 0: result REJECTED
2023-08-18 03:37:27,360 [s0@group-E264CA5F8311-LeaderElection332] INFO  server.RaftServer$Division (RaftServerImpl.java:setRole(371)) - s0@group-E264CA5F8311: changes role from CANDIDATE to FOLLOWER at term 1 for REJECTED
2023-08-18 03:37:27,360 [s0@group-E264CA5F8311-LeaderElection332] INFO  impl.RoleInfo (RoleInfo.java:shutdownLeaderElection(129)) - s0: shutdown s0@group-E264CA5F8311-LeaderElection332
2023-08-18 03:37:27,360 [s0@group-E264CA5F8311-LeaderElection332] INFO  impl.RoleInfo (RoleInfo.java:updateAndGet(138)) - s0: start s0@group-E264CA5F8311-FollowerState
2023-08-18 03:37:27,378 [s0-server-thread1] INFO  server.RaftServer$Division (RaftServerImpl.java:setConfigurationAsync(1238)) - s0@group-E264CA5F8311: receive setConfiguration SetConfigurationRequest:client-255CF6B0DA3F->s0@group-E264CA5F8311, cid=386, seq=0, RW, null, SET_UNCONDITIONALLY, servers:[s1|rpc:0.0.0.0:34459|dataStream:|priority:0|startupRole:FOLLOWER, s2|rpc:0.0.0.0:43137|dataStream:|priority:0|startupRole:FOLLOWER, s0|rpc:localhost:39295|admin:localhost:44843|client:localhost:40991|dataStream:localhost:40677|priority:0|startupRole:FOLLOWER], listeners:[]
2023-08-18 03:37:27,481 [s2-server-thread1] INFO  server.RaftServer$Division (RaftServerImpl.java:setConfigurationAsync(1238)) - s2@group-E264CA5F8311: receive setConfiguration SetConfigurationRequest:client-255CF6B0DA3F->s2@group-E264CA5F8311, cid=386, seq=0, RW, null, SET_UNCONDITIONALLY, servers:[s1|rpc:0.0.0.0:34459|dataStream:|priority:0|startupRole:FOLLOWER, s2|rpc:0.0.0.0:43137|dataStream:|priority:0|startupRole:FOLLOWER, s0|rpc:localhost:39295|admin:localhost:44843|client:localhost:40991|dataStream:localhost:40677|priority:0|startupRole:FOLLOWER], listeners:[]
2023-08-18 03:37:27,584 [s0-server-thread1] INFO  server.RaftServer$Division (RaftServerImpl.java:setConfigurationAsync(1238)) - s0@group-E264CA5F8311: receive setConfiguration SetConfigurationRequest:client-255CF6B0DA3F->s0@group-E264CA5F8311, cid=386, seq=0, RW, null, SET_UNCONDITIONALLY, servers:[s1|rpc:0.0.0.0:34459|dataStream:|priority:0|startupRole:FOLLOWER, s2|rpc:0.0.0.0:43137|dataStream:|priority:0|startupRole:FOLLOWER, s0|rpc:localhost:39295|admin:localhost:44843|client:localhost:40991|dataStream:localhost:40677|priority:0|startupRole:FOLLOWER], listeners:[]
2023-08-18 03:37:27,651 [s0@group-E264CA5F8311-FollowerState] INFO  impl.FollowerState (FollowerState.java:run(143)) - s0@group-E264CA5F8311-FollowerState: change to CANDIDATE, lastRpcElapsedTime:290244752ns, electionTimeout:290ms
2023-08-18 03:37:27,651 [s0@group-E264CA5F8311-FollowerState] INFO  impl.RoleInfo (RoleInfo.java:shutdownFollowerState(109)) - s0: shutdown s0@group-E264CA5F8311-FollowerState
2023-08-18 03:37:27,651 [s0@group-E264CA5F8311-FollowerState] INFO  server.RaftServer$Division (RaftServerImpl.java:setRole(371)) - s0@group-E264CA5F8311: changes role from  FOLLOWER to CANDIDATE at term 1 for changeToCandidate
2023-08-18 03:37:27,651 [s0@group-E264CA5F8311-FollowerState] INFO  impl.SimpleStateMachine4Testing (SimpleStateMachine4Testing.java:notifyExtendedNoLeader(411)) - StateMachineWithMultiNestedSnapshotFile:s0:group-E264CA5F8311: notifyExtendedNoLeader group-E264CA5F8311, self {
  id: "s0"
  address: "localhost:39295"
  dataStreamAddress: "localhost:40677"
  clientAddress: "localhost:40991"
  adminAddress: "localhost:44843"
  startupRole: FOLLOWER
}
role: CANDIDATE
candidateInfo {
  lastLeaderElapsedTimeMs: 85934
}

2023-08-18 03:37:27,651 [s0@group-E264CA5F8311-FollowerState] INFO  server.RaftServerConfigKeys (ConfUtils.java:logGet(46)) - raft.server.leaderelection.pre-vote = true (default)
2023-08-18 03:37:27,651 [s0@group-E264CA5F8311-FollowerState] INFO  impl.RoleInfo (RoleInfo.java:updateAndGet(138)) - s0: start s0@group-E264CA5F8311-LeaderElection333
2023-08-18 03:37:27,651 [s0@group-E264CA5F8311-LeaderElection333] INFO  impl.LeaderElection (LeaderElection.java:askForVotes(320)) - s0@group-E264CA5F8311-LeaderElection333 PRE_VOTE round 0: submit vote requests at term 1 for 255: peers:[s0|rpc:localhost:39295|admin:localhost:44843|client:localhost:40991|dataStream:localhost:40677|priority:0|startupRole:FOLLOWER, s1|rpc:0.0.0.0:34459|dataStream:|priority:0|startupRole:FOLLOWER, s2|rpc:0.0.0.0:43137|dataStream:|priority:0|startupRole:FOLLOWER]|listeners:[], old=peers:[s0|rpc:localhost:39295|admin:localhost:44843|client:localhost:40991|dataStream:localhost:40677|priority:0|startupRole:FOLLOWER]|listeners:[]
2023-08-18 03:37:27,652 [grpc-default-executor-4] INFO  server.RaftServer$Division (RaftServerImpl.java:requestVote(1344)) - s1@group-E264CA5F8311: receive requestVote(PRE_VOTE, s0, group-E264CA5F8311, 1, (t:1, i:255))
2023-08-18 03:37:27,652 [grpc-default-executor-3] INFO  server.RaftServer$Division (RaftServerImpl.java:requestVote(1344)) - s2@group-E264CA5F8311: receive requestVote(PRE_VOTE, s0, group-E264CA5F8311, 1, (t:1, i:255))
2023-08-18 03:37:27,652 [grpc-default-executor-4] WARN  server.GrpcServerProtocolService (LogUtils.java:warn(122)) - s1: Failed requestVote s0->s1#0: org.apache.ratis.protocol.exceptions.ServerNotReadyException: s1@group-E264CA5F8311 is not in [RUNNING]: current state is STARTING
2023-08-18 03:37:27,652 [grpc-default-executor-3] WARN  server.GrpcServerProtocolService (LogUtils.java:warn(122)) - s2: Failed requestVote s0->s2#0: org.apache.ratis.protocol.exceptions.ServerNotReadyException: s2@group-E264CA5F8311 is not in [RUNNING]: current state is STARTING
2023-08-18 03:37:27,653 [s0@group-E264CA5F8311-LeaderElection333] INFO  impl.LeaderElection (LogUtils.java:infoOrTrace(137)) - s0@group-E264CA5F8311-LeaderElection333 got exception when requesting votes: java.util.concurrent.ExecutionException: org.apache.ratis.thirdparty.io.grpc.StatusRuntimeException: INTERNAL: s1@group-E264CA5F8311 is not in [RUNNING]: current state is STARTING
2023-08-18 03:37:27,653 [s0@group-E264CA5F8311-LeaderElection333] INFO  impl.LeaderElection (LogUtils.java:infoOrTrace(137)) - s0@group-E264CA5F8311-LeaderElection333 got exception when requesting votes: java.util.concurrent.ExecutionException: org.apache.ratis.thirdparty.io.grpc.StatusRuntimeException: INTERNAL: s2@group-E264CA5F8311 is not in [RUNNING]: current state is STARTING
2023-08-18 03:37:27,653 [s0@group-E264CA5F8311-LeaderElection333] INFO  impl.LeaderElection (LeaderElection.java:logAndReturn(89)) - s0@group-E264CA5F8311-LeaderElection333: PRE_VOTE REJECTED received 0 response(s) and 2 exception(s):
2023-08-18 03:37:27,653 [s0@group-E264CA5F8311-LeaderElection333] INFO  impl.LeaderElection (LogUtils.java:infoOrTrace(137)) -   Exception 0: java.util.concurrent.ExecutionException: org.apache.ratis.thirdparty.io.grpc.StatusRuntimeException: INTERNAL: s1@group-E264CA5F8311 is not in [RUNNING]: current state is STARTING
2023-08-18 03:37:27,653 [s0@group-E264CA5F8311-LeaderElection333] INFO  impl.LeaderElection (LogUtils.java:infoOrTrace(137)) -   Exception 1: java.util.concurrent.ExecutionException: org.apache.ratis.thirdparty.io.grpc.StatusRuntimeException: INTERNAL: s2@group-E264CA5F8311 is not in [RUNNING]: current state is STARTING
2023-08-18 03:37:27,653 [s0@group-E264CA5F8311-LeaderElection333] INFO  impl.LeaderElection (LeaderElection.java:askForVotes(322)) - s0@group-E264CA5F8311-LeaderElection333 PRE_VOTE round 0: result REJECTED
2023-08-18 03:37:27,653 [s0@group-E264CA5F8311-LeaderElection333] INFO  server.RaftServer$Division (RaftServerImpl.java:setRole(371)) - s0@group-E264CA5F8311: changes role from CANDIDATE to FOLLOWER at term 1 for REJECTED
2023-08-18 03:37:27,653 [s0@group-E264CA5F8311-LeaderElection333] INFO  impl.RoleInfo (RoleInfo.java:shutdownLeaderElection(129)) - s0: shutdown s0@group-E264CA5F8311-LeaderElection333
2023-08-18 03:37:27,653 [s0@group-E264CA5F8311-LeaderElection333] INFO  impl.RoleInfo (RoleInfo.java:updateAndGet(138)) - s0: start s0@group-E264CA5F8311-FollowerState
2023-08-18 03:37:27,687 [s2-server-thread1] INFO  server.RaftServer$Division (RaftServerImpl.java:setConfigurationAsync(1238)) - s2@group-E264CA5F8311: receive setConfiguration SetConfigurationRequest:client-255CF6B0DA3F->s2@group-E264CA5F8311, cid=386, seq=0, RW, null, SET_UNCONDITIONALLY, servers:[s1|rpc:0.0.0.0:34459|dataStream:|priority:0|startupRole:FOLLOWER, s2|rpc:0.0.0.0:43137|dataStream:|priority:0|startupRole:FOLLOWER, s0|rpc:localhost:39295|admin:localhost:44843|client:localhost:40991|dataStream:localhost:40677|priority:0|startupRole:FOLLOWER], listeners:[]
2023-08-18 03:37:27,791 [s0-server-thread1] INFO  server.RaftServer$Division (RaftServerImpl.java:setConfigurationAsync(1238)) - s0@group-E264CA5F8311: receive setConfiguration SetConfigurationRequest:client-255CF6B0DA3F->s0@group-E264CA5F8311, cid=386, seq=0, RW, null, SET_UNCONDITIONALLY, servers:[s1|rpc:0.0.0.0:34459|dataStream:|priority:0|startupRole:FOLLOWER, s2|rpc:0.0.0.0:43137|dataStream:|priority:0|startupRole:FOLLOWER, s0|rpc:localhost:39295|admin:localhost:44843|client:localhost:40991|dataStream:localhost:40677|priority:0|startupRole:FOLLOWER], listeners:[]
2023-08-18 03:37:27,892 [s0@group-E264CA5F8311-FollowerState] INFO  impl.FollowerState (FollowerState.java:run(143)) - s0@group-E264CA5F8311-FollowerState: change to CANDIDATE, lastRpcElapsedTime:239304859ns, electionTimeout:239ms
2023-08-18 03:37:27,892 [s0@group-E264CA5F8311-FollowerState] INFO  impl.RoleInfo (RoleInfo.java:shutdownFollowerState(109)) - s0: shutdown s0@group-E264CA5F8311-FollowerState
2023-08-18 03:37:27,892 [s0@group-E264CA5F8311-FollowerState] INFO  server.RaftServer$Division (RaftServerImpl.java:setRole(371)) - s0@group-E264CA5F8311: changes role from  FOLLOWER to CANDIDATE at term 1 for changeToCandidate
2023-08-18 03:37:27,893 [s0@group-E264CA5F8311-FollowerState] INFO  impl.SimpleStateMachine4Testing (SimpleStateMachine4Testing.java:notifyExtendedNoLeader(411)) - StateMachineWithMultiNestedSnapshotFile:s0:group-E264CA5F8311: notifyExtendedNoLeader group-E264CA5F8311, self {
  id: "s0"
  address: "localhost:39295"
  dataStreamAddress: "localhost:40677"
  clientAddress: "localhost:40991"
  adminAddress: "localhost:44843"
  startupRole: FOLLOWER
}
role: CANDIDATE
candidateInfo {
  lastLeaderElapsedTimeMs: 86176
}

2023-08-18 03:37:27,893 [s0@group-E264CA5F8311-FollowerState] INFO  server.RaftServerConfigKeys (ConfUtils.java:logGet(46)) - raft.server.leaderelection.pre-vote = true (default)
2023-08-18 03:37:27,893 [s0@group-E264CA5F8311-FollowerState] INFO  impl.RoleInfo (RoleInfo.java:updateAndGet(138)) - s0: start s0@group-E264CA5F8311-LeaderElection334
2023-08-18 03:37:27,893 [s0@group-E264CA5F8311-LeaderElection334] INFO  impl.LeaderElection (LeaderElection.java:askForVotes(320)) - s0@group-E264CA5F8311-LeaderElection334 PRE_VOTE round 0: submit vote requests at term 1 for 255: peers:[s0|rpc:localhost:39295|admin:localhost:44843|client:localhost:40991|dataStream:localhost:40677|priority:0|startupRole:FOLLOWER, s1|rpc:0.0.0.0:34459|dataStream:|priority:0|startupRole:FOLLOWER, s2|rpc:0.0.0.0:43137|dataStream:|priority:0|startupRole:FOLLOWER]|listeners:[], old=peers:[s0|rpc:localhost:39295|admin:localhost:44843|client:localhost:40991|dataStream:localhost:40677|priority:0|startupRole:FOLLOWER]|listeners:[]
2023-08-18 03:37:27,894 [grpc-default-executor-4] INFO  server.RaftServer$Division (RaftServerImpl.java:requestVote(1344)) - s1@group-E264CA5F8311: receive requestVote(PRE_VOTE, s0, group-E264CA5F8311, 1, (t:1, i:255))
2023-08-18 03:37:27,894 [grpc-default-executor-3] INFO  server.RaftServer$Division (RaftServerImpl.java:requestVote(1344)) - s2@group-E264CA5F8311: receive requestVote(PRE_VOTE, s0, group-E264CA5F8311, 1, (t:1, i:255))
2023-08-18 03:37:27,894 [grpc-default-executor-4] WARN  server.GrpcServerProtocolService (LogUtils.java:warn(122)) - s1: Failed requestVote s0->s1#0: org.apache.ratis.protocol.exceptions.ServerNotReadyException: s1@group-E264CA5F8311 is not in [RUNNING]: current state is STARTING
2023-08-18 03:37:27,894 [grpc-default-executor-3] WARN  server.GrpcServerProtocolService (LogUtils.java:warn(122)) - s2: Failed requestVote s0->s2#0: org.apache.ratis.protocol.exceptions.ServerNotReadyException: s2@group-E264CA5F8311 is not in [RUNNING]: current state is STARTING
2023-08-18 03:37:27,895 [s0@group-E264CA5F8311-LeaderElection334] INFO  impl.LeaderElection (LogUtils.java:infoOrTrace(137)) - s0@group-E264CA5F8311-LeaderElection334 got exception when requesting votes: java.util.concurrent.ExecutionException: org.apache.ratis.thirdparty.io.grpc.StatusRuntimeException: INTERNAL: s1@group-E264CA5F8311 is not in [RUNNING]: current state is STARTING
2023-08-18 03:37:27,895 [s0@group-E264CA5F8311-LeaderElection334] INFO  impl.LeaderElection (LogUtils.java:infoOrTrace(137)) - s0@group-E264CA5F8311-LeaderElection334 got exception when requesting votes: java.util.concurrent.ExecutionException: org.apache.ratis.thirdparty.io.grpc.StatusRuntimeException: INTERNAL: s2@group-E264CA5F8311 is not in [RUNNING]: current state is STARTING
2023-08-18 03:37:27,895 [s0@group-E264CA5F8311-LeaderElection334] INFO  impl.LeaderElection (LeaderElection.java:logAndReturn(89)) - s0@group-E264CA5F8311-LeaderElection334: PRE_VOTE REJECTED received 0 response(s) and 2 exception(s):
2023-08-18 03:37:27,895 [s0@group-E264CA5F8311-LeaderElection334] INFO  impl.LeaderElection (LogUtils.java:infoOrTrace(137)) -   Exception 0: java.util.concurrent.ExecutionException: org.apache.ratis.thirdparty.io.grpc.StatusRuntimeException: INTERNAL: s1@group-E264CA5F8311 is not in [RUNNING]: current state is STARTING
2023-08-18 03:37:27,895 [s0@group-E264CA5F8311-LeaderElection334] INFO  impl.LeaderElection (LogUtils.java:infoOrTrace(137)) -   Exception 1: java.util.concurrent.ExecutionException: org.apache.ratis.thirdparty.io.grpc.StatusRuntimeException: INTERNAL: s2@group-E264CA5F8311 is not in [RUNNING]: current state is STARTING
2023-08-18 03:37:27,895 [s0@group-E264CA5F8311-LeaderElection334] INFO  impl.LeaderElection (LeaderElection.java:askForVotes(322)) - s0@group-E264CA5F8311-LeaderElection334 PRE_VOTE round 0: result REJECTED
2023-08-18 03:37:27,895 [s0@group-E264CA5F8311-LeaderElection334] INFO  server.RaftServer$Division (RaftServerImpl.java:setRole(371)) - s0@group-E264CA5F8311: changes role from CANDIDATE to FOLLOWER at term 1 for REJECTED
2023-08-18 03:37:27,895 [s0@group-E264CA5F8311-LeaderElection334] INFO  impl.RoleInfo (RoleInfo.java:shutdownLeaderElection(129)) - s0: shutdown s0@group-E264CA5F8311-LeaderElection334
2023-08-18 03:37:27,895 [s0@group-E264CA5F8311-LeaderElection334] INFO  impl.RoleInfo (RoleInfo.java:updateAndGet(138)) - s0: start s0@group-E264CA5F8311-FollowerState
2023-08-18 03:37:27,897 [s2-server-thread1] INFO  server.RaftServer$Division (RaftServerImpl.java:setConfigurationAsync(1238)) - s2@group-E264CA5F8311: receive setConfiguration SetConfigurationRequest:client-255CF6B0DA3F->s2@group-E264CA5F8311, cid=386, seq=0, RW, null, SET_UNCONDITIONALLY, servers:[s1|rpc:0.0.0.0:34459|dataStream:|priority:0|startupRole:FOLLOWER, s2|rpc:0.0.0.0:43137|dataStream:|priority:0|startupRole:FOLLOWER, s0|rpc:localhost:39295|admin:localhost:44843|client:localhost:40991|dataStream:localhost:40677|priority:0|startupRole:FOLLOWER], listeners:[]
2023-08-18 03:37:28,001 [s0-server-thread1] INFO  server.RaftServer$Division (RaftServerImpl.java:setConfigurationAsync(1238)) - s0@group-E264CA5F8311: receive setConfiguration SetConfigurationRequest:client-255CF6B0DA3F->s0@group-E264CA5F8311, cid=386, seq=0, RW, null, SET_UNCONDITIONALLY, servers:[s1|rpc:0.0.0.0:34459|dataStream:|priority:0|startupRole:FOLLOWER, s2|rpc:0.0.0.0:43137|dataStream:|priority:0|startupRole:FOLLOWER, s0|rpc:localhost:39295|admin:localhost:44843|client:localhost:40991|dataStream:localhost:40677|priority:0|startupRole:FOLLOWER], listeners:[]
2023-08-18 03:37:28,105 [s1-server-thread1] INFO  server.RaftServer$Division (RaftServerImpl.java:setConfigurationAsync(1238)) - s1@group-E264CA5F8311: receive setConfiguration SetConfigurationRequest:client-255CF6B0DA3F->s1@group-E264CA5F8311, cid=386, seq=0, RW, null, SET_UNCONDITIONALLY, servers:[s1|rpc:0.0.0.0:34459|dataStream:|priority:0|startupRole:FOLLOWER, s2|rpc:0.0.0.0:43137|dataStream:|priority:0|startupRole:FOLLOWER, s0|rpc:localhost:39295|admin:localhost:44843|client:localhost:40991|dataStream:localhost:40677|priority:0|startupRole:FOLLOWER], listeners:[]
2023-08-18 03:37:28,120 [s0@group-E264CA5F8311-FollowerState] INFO  impl.FollowerState (FollowerState.java:run(143)) - s0@group-E264CA5F8311-FollowerState: change to CANDIDATE, lastRpcElapsedTime:225355143ns, electionTimeout:225ms
2023-08-18 03:37:28,120 [s0@group-E264CA5F8311-FollowerState] INFO  impl.RoleInfo (RoleInfo.java:shutdownFollowerState(109)) - s0: shutdown s0@group-E264CA5F8311-FollowerState
2023-08-18 03:37:28,120 [s0@group-E264CA5F8311-FollowerState] INFO  server.RaftServer$Division (RaftServerImpl.java:setRole(371)) - s0@group-E264CA5F8311: changes role from  FOLLOWER to CANDIDATE at term 1 for changeToCandidate
2023-08-18 03:37:28,120 [s0@group-E264CA5F8311-FollowerState] INFO  impl.SimpleStateMachine4Testing (SimpleStateMachine4Testing.java:notifyExtendedNoLeader(411)) - StateMachineWithMultiNestedSnapshotFile:s0:group-E264CA5F8311: notifyExtendedNoLeader group-E264CA5F8311, self {
  id: "s0"
  address: "localhost:39295"
  dataStreamAddress: "localhost:40677"
  clientAddress: "localhost:40991"
  adminAddress: "localhost:44843"
  startupRole: FOLLOWER
}
role: CANDIDATE
candidateInfo {
  lastLeaderElapsedTimeMs: 86404
}

2023-08-18 03:37:28,120 [s0@group-E264CA5F8311-FollowerState] INFO  server.RaftServerConfigKeys (ConfUtils.java:logGet(46)) - raft.server.leaderelection.pre-vote = true (default)
2023-08-18 03:37:28,120 [s0@group-E264CA5F8311-FollowerState] INFO  impl.RoleInfo (RoleInfo.java:updateAndGet(138)) - s0: start s0@group-E264CA5F8311-LeaderElection335
2023-08-18 03:37:28,121 [s0@group-E264CA5F8311-LeaderElection335] INFO  impl.LeaderElection (LeaderElection.java:askForVotes(320)) - s0@group-E264CA5F8311-LeaderElection335 PRE_VOTE round 0: submit vote requests at term 1 for 255: peers:[s0|rpc:localhost:39295|admin:localhost:44843|client:localhost:40991|dataStream:localhost:40677|priority:0|startupRole:FOLLOWER, s1|rpc:0.0.0.0:34459|dataStream:|priority:0|startupRole:FOLLOWER, s2|rpc:0.0.0.0:43137|dataStream:|priority:0|startupRole:FOLLOWER]|listeners:[], old=peers:[s0|rpc:localhost:39295|admin:localhost:44843|client:localhost:40991|dataStream:localhost:40677|priority:0|startupRole:FOLLOWER]|listeners:[]
2023-08-18 03:37:28,121 [grpc-default-executor-4] INFO  server.RaftServer$Division (RaftServerImpl.java:requestVote(1344)) - s1@group-E264CA5F8311: receive requestVote(PRE_VOTE, s0, group-E264CA5F8311, 1, (t:1, i:255))
2023-08-18 03:37:28,122 [grpc-default-executor-4] WARN  server.GrpcServerProtocolService (LogUtils.java:warn(122)) - s1: Failed requestVote s0->s1#0: org.apache.ratis.protocol.exceptions.ServerNotReadyException: s1@group-E264CA5F8311 is not in [RUNNING]: current state is STARTING
2023-08-18 03:37:28,122 [grpc-default-executor-4] INFO  server.RaftServer$Division (RaftServerImpl.java:requestVote(1344)) - s2@group-E264CA5F8311: receive requestVote(PRE_VOTE, s0, group-E264CA5F8311, 1, (t:1, i:255))
2023-08-18 03:37:28,122 [grpc-default-executor-4] WARN  server.GrpcServerProtocolService (LogUtils.java:warn(122)) - s2: Failed requestVote s0->s2#0: org.apache.ratis.protocol.exceptions.ServerNotReadyException: s2@group-E264CA5F8311 is not in [RUNNING]: current state is STARTING
2023-08-18 03:37:28,122 [s0@group-E264CA5F8311-LeaderElection335] INFO  impl.LeaderElection (LogUtils.java:infoOrTrace(137)) - s0@group-E264CA5F8311-LeaderElection335 got exception when requesting votes: java.util.concurrent.ExecutionException: org.apache.ratis.thirdparty.io.grpc.StatusRuntimeException: INTERNAL: s1@group-E264CA5F8311 is not in [RUNNING]: current state is STARTING
2023-08-18 03:37:28,122 [s0@group-E264CA5F8311-LeaderElection335] INFO  impl.LeaderElection (LogUtils.java:infoOrTrace(137)) - s0@group-E264CA5F8311-LeaderElection335 got exception when requesting votes: java.util.concurrent.ExecutionException: org.apache.ratis.thirdparty.io.grpc.StatusRuntimeException: INTERNAL: s2@group-E264CA5F8311 is not in [RUNNING]: current state is STARTING
2023-08-18 03:37:28,122 [s0@group-E264CA5F8311-LeaderElection335] INFO  impl.LeaderElection (LeaderElection.java:logAndReturn(89)) - s0@group-E264CA5F8311-LeaderElection335: PRE_VOTE REJECTED received 0 response(s) and 2 exception(s):
2023-08-18 03:37:28,122 [s0@group-E264CA5F8311-LeaderElection335] INFO  impl.LeaderElection (LogUtils.java:infoOrTrace(137)) -   Exception 0: java.util.concurrent.ExecutionException: org.apache.ratis.thirdparty.io.grpc.StatusRuntimeException: INTERNAL: s1@group-E264CA5F8311 is not in [RUNNING]: current state is STARTING
2023-08-18 03:37:28,122 [s0@group-E264CA5F8311-LeaderElection335] INFO  impl.LeaderElection (LogUtils.java:infoOrTrace(137)) -   Exception 1: java.util.concurrent.ExecutionException: org.apache.ratis.thirdparty.io.grpc.StatusRuntimeException: INTERNAL: s2@group-E264CA5F8311 is not in [RUNNING]: current state is STARTING
2023-08-18 03:37:28,122 [s0@group-E264CA5F8311-LeaderElection335] INFO  impl.LeaderElection (LeaderElection.java:askForVotes(322)) - s0@group-E264CA5F8311-LeaderElection335 PRE_VOTE round 0: result REJECTED
2023-08-18 03:37:28,122 [s0@group-E264CA5F8311-LeaderElection335] INFO  server.RaftServer$Division (RaftServerImpl.java:setRole(371)) - s0@group-E264CA5F8311: changes role from CANDIDATE to FOLLOWER at term 1 for REJECTED
2023-08-18 03:37:28,122 [s0@group-E264CA5F8311-LeaderElection335] INFO  impl.RoleInfo (RoleInfo.java:shutdownLeaderElection(129)) - s0: shutdown s0@group-E264CA5F8311-LeaderElection335
2023-08-18 03:37:28,122 [s0@group-E264CA5F8311-LeaderElection335] INFO  impl.RoleInfo (RoleInfo.java:updateAndGet(138)) - s0: start s0@group-E264CA5F8311-FollowerState
2023-08-18 03:37:28,208 [s0-server-thread1] INFO  server.RaftServer$Division (RaftServerImpl.java:setConfigurationAsync(1238)) - s0@group-E264CA5F8311: receive setConfiguration SetConfigurationRequest:client-255CF6B0DA3F->s0@group-E264CA5F8311, cid=386, seq=0, RW, null, SET_UNCONDITIONALLY, servers:[s1|rpc:0.0.0.0:34459|dataStream:|priority:0|startupRole:FOLLOWER, s2|rpc:0.0.0.0:43137|dataStream:|priority:0|startupRole:FOLLOWER, s0|rpc:localhost:39295|admin:localhost:44843|client:localhost:40991|dataStream:localhost:40677|priority:0|startupRole:FOLLOWER], listeners:[]
2023-08-18 03:37:28,312 [s2-server-thread1] INFO  server.RaftServer$Division (RaftServerImpl.java:setConfigurationAsync(1238)) - s2@group-E264CA5F8311: receive setConfiguration SetConfigurationRequest:client-255CF6B0DA3F->s2@group-E264CA5F8311, cid=386, seq=0, RW, null, SET_UNCONDITIONALLY, servers:[s1|rpc:0.0.0.0:34459|dataStream:|priority:0|startupRole:FOLLOWER, s2|rpc:0.0.0.0:43137|dataStream:|priority:0|startupRole:FOLLOWER, s0|rpc:localhost:39295|admin:localhost:44843|client:localhost:40991|dataStream:localhost:40677|priority:0|startupRole:FOLLOWER], listeners:[]
2023-08-18 03:37:28,330 [s0@group-E264CA5F8311-FollowerState] INFO  impl.FollowerState (FollowerState.java:run(143)) - s0@group-E264CA5F8311-FollowerState: change to CANDIDATE, lastRpcElapsedTime:208194746ns, electionTimeout:208ms
2023-08-18 03:37:28,331 [s0@group-E264CA5F8311-FollowerState] INFO  impl.RoleInfo (RoleInfo.java:shutdownFollowerState(109)) - s0: shutdown s0@group-E264CA5F8311-FollowerState
2023-08-18 03:37:28,331 [s0@group-E264CA5F8311-FollowerState] INFO  server.RaftServer$Division (RaftServerImpl.java:setRole(371)) - s0@group-E264CA5F8311: changes role from  FOLLOWER to CANDIDATE at term 1 for changeToCandidate
2023-08-18 03:37:28,331 [s0@group-E264CA5F8311-FollowerState] INFO  impl.SimpleStateMachine4Testing (SimpleStateMachine4Testing.java:notifyExtendedNoLeader(411)) - StateMachineWithMultiNestedSnapshotFile:s0:group-E264CA5F8311: notifyExtendedNoLeader group-E264CA5F8311, self {
  id: "s0"
  address: "localhost:39295"
  dataStreamAddress: "localhost:40677"
  clientAddress: "localhost:40991"
  adminAddress: "localhost:44843"
  startupRole: FOLLOWER
}
role: CANDIDATE
candidateInfo {
  lastLeaderElapsedTimeMs: 86614
}

2023-08-18 03:37:28,331 [s0@group-E264CA5F8311-FollowerState] INFO  server.RaftServerConfigKeys (ConfUtils.java:logGet(46)) - raft.server.leaderelection.pre-vote = true (default)
2023-08-18 03:37:28,331 [s0@group-E264CA5F8311-FollowerState] INFO  impl.RoleInfo (RoleInfo.java:updateAndGet(138)) - s0: start s0@group-E264CA5F8311-LeaderElection336
2023-08-18 03:37:28,331 [s0@group-E264CA5F8311-LeaderElection336] INFO  impl.LeaderElection (LeaderElection.java:askForVotes(320)) - s0@group-E264CA5F8311-LeaderElection336 PRE_VOTE round 0: submit vote requests at term 1 for 255: peers:[s0|rpc:localhost:39295|admin:localhost:44843|client:localhost:40991|dataStream:localhost:40677|priority:0|startupRole:FOLLOWER, s1|rpc:0.0.0.0:34459|dataStream:|priority:0|startupRole:FOLLOWER, s2|rpc:0.0.0.0:43137|dataStream:|priority:0|startupRole:FOLLOWER]|listeners:[], old=peers:[s0|rpc:localhost:39295|admin:localhost:44843|client:localhost:40991|dataStream:localhost:40677|priority:0|startupRole:FOLLOWER]|listeners:[]
2023-08-18 03:37:28,332 [grpc-default-executor-4] INFO  server.RaftServer$Division (RaftServerImpl.java:requestVote(1344)) - s1@group-E264CA5F8311: receive requestVote(PRE_VOTE, s0, group-E264CA5F8311, 1, (t:1, i:255))
2023-08-18 03:37:28,332 [grpc-default-executor-4] WARN  server.GrpcServerProtocolService (LogUtils.java:warn(122)) - s1: Failed requestVote s0->s1#0: org.apache.ratis.protocol.exceptions.ServerNotReadyException: s1@group-E264CA5F8311 is not in [RUNNING]: current state is STARTING
2023-08-18 03:37:28,332 [grpc-default-executor-4] INFO  server.RaftServer$Division (RaftServerImpl.java:requestVote(1344)) - s2@group-E264CA5F8311: receive requestVote(PRE_VOTE, s0, group-E264CA5F8311, 1, (t:1, i:255))
2023-08-18 03:37:28,332 [grpc-default-executor-4] WARN  server.GrpcServerProtocolService (LogUtils.java:warn(122)) - s2: Failed requestVote s0->s2#0: org.apache.ratis.protocol.exceptions.ServerNotReadyException: s2@group-E264CA5F8311 is not in [RUNNING]: current state is STARTING
2023-08-18 03:37:28,332 [s0@group-E264CA5F8311-LeaderElection336] INFO  impl.LeaderElection (LogUtils.java:infoOrTrace(137)) - s0@group-E264CA5F8311-LeaderElection336 got exception when requesting votes: java.util.concurrent.ExecutionException: org.apache.ratis.thirdparty.io.grpc.StatusRuntimeException: INTERNAL: s1@group-E264CA5F8311 is not in [RUNNING]: current state is STARTING
2023-08-18 03:37:28,332 [s0@group-E264CA5F8311-LeaderElection336] INFO  impl.LeaderElection (LogUtils.java:infoOrTrace(137)) - s0@group-E264CA5F8311-LeaderElection336 got exception when requesting votes: java.util.concurrent.ExecutionException: org.apache.ratis.thirdparty.io.grpc.StatusRuntimeException: INTERNAL: s2@group-E264CA5F8311 is not in [RUNNING]: current state is STARTING
2023-08-18 03:37:28,332 [s0@group-E264CA5F8311-LeaderElection336] INFO  impl.LeaderElection (LeaderElection.java:logAndReturn(89)) - s0@group-E264CA5F8311-LeaderElection336: PRE_VOTE REJECTED received 0 response(s) and 2 exception(s):
2023-08-18 03:37:28,332 [s0@group-E264CA5F8311-LeaderElection336] INFO  impl.LeaderElection (LogUtils.java:infoOrTrace(137)) -   Exception 0: java.util.concurrent.ExecutionException: org.apache.ratis.thirdparty.io.grpc.StatusRuntimeException: INTERNAL: s1@group-E264CA5F8311 is not in [RUNNING]: current state is STARTING
2023-08-18 03:37:28,332 [s0@group-E264CA5F8311-LeaderElection336] INFO  impl.LeaderElection (LogUtils.java:infoOrTrace(137)) -   Exception 1: java.util.concurrent.ExecutionException: org.apache.ratis.thirdparty.io.grpc.StatusRuntimeException: INTERNAL: s2@group-E264CA5F8311 is not in [RUNNING]: current state is STARTING
2023-08-18 03:37:28,332 [s0@group-E264CA5F8311-LeaderElection336] INFO  impl.LeaderElection (LeaderElection.java:askForVotes(322)) - s0@group-E264CA5F8311-LeaderElection336 PRE_VOTE round 0: result REJECTED
2023-08-18 03:37:28,332 [s0@group-E264CA5F8311-LeaderElection336] INFO  server.RaftServer$Division (RaftServerImpl.java:setRole(371)) - s0@group-E264CA5F8311: changes role from CANDIDATE to FOLLOWER at term 1 for REJECTED
2023-08-18 03:37:28,332 [s0@group-E264CA5F8311-LeaderElection336] INFO  impl.RoleInfo (RoleInfo.java:shutdownLeaderElection(129)) - s0: shutdown s0@group-E264CA5F8311-LeaderElection336
2023-08-18 03:37:28,332 [s0@group-E264CA5F8311-LeaderElection336] INFO  impl.RoleInfo (RoleInfo.java:updateAndGet(138)) - s0: start s0@group-E264CA5F8311-FollowerState
2023-08-18 03:37:28,415 [s1-server-thread1] INFO  server.RaftServer$Division (RaftServerImpl.java:setConfigurationAsync(1238)) - s1@group-E264CA5F8311: receive setConfiguration SetConfigurationRequest:client-255CF6B0DA3F->s1@group-E264CA5F8311, cid=386, seq=0, RW, null, SET_UNCONDITIONALLY, servers:[s1|rpc:0.0.0.0:34459|dataStream:|priority:0|startupRole:FOLLOWER, s2|rpc:0.0.0.0:43137|dataStream:|priority:0|startupRole:FOLLOWER, s0|rpc:localhost:39295|admin:localhost:44843|client:localhost:40991|dataStream:localhost:40677|priority:0|startupRole:FOLLOWER], listeners:[]
2023-08-18 03:37:28,519 [s0-server-thread1] INFO  server.RaftServer$Division (RaftServerImpl.java:setConfigurationAsync(1238)) - s0@group-E264CA5F8311: receive setConfiguration SetConfigurationRequest:client-255CF6B0DA3F->s0@group-E264CA5F8311, cid=386, seq=0, RW, null, SET_UNCONDITIONALLY, servers:[s1|rpc:0.0.0.0:34459|dataStream:|priority:0|startupRole:FOLLOWER, s2|rpc:0.0.0.0:43137|dataStream:|priority:0|startupRole:FOLLOWER, s0|rpc:localhost:39295|admin:localhost:44843|client:localhost:40991|dataStream:localhost:40677|priority:0|startupRole:FOLLOWER], listeners:[]
2023-08-18 03:37:28,575 [s0@group-E264CA5F8311-FollowerState] INFO  impl.FollowerState (FollowerState.java:run(143)) - s0@group-E264CA5F8311-FollowerState: change to CANDIDATE, lastRpcElapsedTime:242286141ns, electionTimeout:242ms
2023-08-18 03:37:28,575 [s0@group-E264CA5F8311-FollowerState] INFO  impl.RoleInfo (RoleInfo.java:shutdownFollowerState(109)) - s0: shutdown s0@group-E264CA5F8311-FollowerState
2023-08-18 03:37:28,575 [s0@group-E264CA5F8311-FollowerState] INFO  server.RaftServer$Division (RaftServerImpl.java:setRole(371)) - s0@group-E264CA5F8311: changes role from  FOLLOWER to CANDIDATE at term 1 for changeToCandidate
2023-08-18 03:37:28,575 [s0@group-E264CA5F8311-FollowerState] INFO  impl.SimpleStateMachine4Testing (SimpleStateMachine4Testing.java:notifyExtendedNoLeader(411)) - StateMachineWithMultiNestedSnapshotFile:s0:group-E264CA5F8311: notifyExtendedNoLeader group-E264CA5F8311, self {
  id: "s0"
  address: "localhost:39295"
  dataStreamAddress: "localhost:40677"
  clientAddress: "localhost:40991"
  adminAddress: "localhost:44843"
  startupRole: FOLLOWER
}
role: CANDIDATE
candidateInfo {
  lastLeaderElapsedTimeMs: 86859
}

2023-08-18 03:37:28,575 [s0@group-E264CA5F8311-FollowerState] INFO  server.RaftServerConfigKeys (ConfUtils.java:logGet(46)) - raft.server.leaderelection.pre-vote = true (default)
2023-08-18 03:37:28,575 [s0@group-E264CA5F8311-FollowerState] INFO  impl.RoleInfo (RoleInfo.java:updateAndGet(138)) - s0: start s0@group-E264CA5F8311-LeaderElection337
2023-08-18 03:37:28,575 [s0@group-E264CA5F8311-LeaderElection337] INFO  impl.LeaderElection (LeaderElection.java:askForVotes(320)) - s0@group-E264CA5F8311-LeaderElection337 PRE_VOTE round 0: submit vote requests at term 1 for 255: peers:[s0|rpc:localhost:39295|admin:localhost:44843|client:localhost:40991|dataStream:localhost:40677|priority:0|startupRole:FOLLOWER, s1|rpc:0.0.0.0:34459|dataStream:|priority:0|startupRole:FOLLOWER, s2|rpc:0.0.0.0:43137|dataStream:|priority:0|startupRole:FOLLOWER]|listeners:[], old=peers:[s0|rpc:localhost:39295|admin:localhost:44843|client:localhost:40991|dataStream:localhost:40677|priority:0|startupRole:FOLLOWER]|listeners:[]
2023-08-18 03:37:28,576 [grpc-default-executor-4] INFO  server.RaftServer$Division (RaftServerImpl.java:requestVote(1344)) - s1@group-E264CA5F8311: receive requestVote(PRE_VOTE, s0, group-E264CA5F8311, 1, (t:1, i:255))
2023-08-18 03:37:28,576 [grpc-default-executor-4] WARN  server.GrpcServerProtocolService (LogUtils.java:warn(122)) - s1: Failed requestVote s0->s1#0: org.apache.ratis.protocol.exceptions.ServerNotReadyException: s1@group-E264CA5F8311 is not in [RUNNING]: current state is STARTING
2023-08-18 03:37:28,577 [grpc-default-executor-4] INFO  server.RaftServer$Division (RaftServerImpl.java:requestVote(1344)) - s2@group-E264CA5F8311: receive requestVote(PRE_VOTE, s0, group-E264CA5F8311, 1, (t:1, i:255))
2023-08-18 03:37:28,577 [grpc-default-executor-4] WARN  server.GrpcServerProtocolService (LogUtils.java:warn(122)) - s2: Failed requestVote s0->s2#0: org.apache.ratis.protocol.exceptions.ServerNotReadyException: s2@group-E264CA5F8311 is not in [RUNNING]: current state is STARTING
2023-08-18 03:37:28,577 [s0@group-E264CA5F8311-LeaderElection337] INFO  impl.LeaderElection (LogUtils.java:infoOrTrace(137)) - s0@group-E264CA5F8311-LeaderElection337 got exception when requesting votes: java.util.concurrent.ExecutionException: org.apache.ratis.thirdparty.io.grpc.StatusRuntimeException: INTERNAL: s1@group-E264CA5F8311 is not in [RUNNING]: current state is STARTING
2023-08-18 03:37:28,577 [s0@group-E264CA5F8311-LeaderElection337] INFO  impl.LeaderElection (LogUtils.java:infoOrTrace(137)) - s0@group-E264CA5F8311-LeaderElection337 got exception when requesting votes: java.util.concurrent.ExecutionException: org.apache.ratis.thirdparty.io.grpc.StatusRuntimeException: INTERNAL: s2@group-E264CA5F8311 is not in [RUNNING]: current state is STARTING
2023-08-18 03:37:28,577 [s0@group-E264CA5F8311-LeaderElection337] INFO  impl.LeaderElection (LeaderElection.java:logAndReturn(89)) - s0@group-E264CA5F8311-LeaderElection337: PRE_VOTE REJECTED received 0 response(s) and 2 exception(s):
2023-08-18 03:37:28,577 [s0@group-E264CA5F8311-LeaderElection337] INFO  impl.LeaderElection (LogUtils.java:infoOrTrace(137)) -   Exception 0: java.util.concurrent.ExecutionException: org.apache.ratis.thirdparty.io.grpc.StatusRuntimeException: INTERNAL: s1@group-E264CA5F8311 is not in [RUNNING]: current state is STARTING
2023-08-18 03:37:28,577 [s0@group-E264CA5F8311-LeaderElection337] INFO  impl.LeaderElection (LogUtils.java:infoOrTrace(137)) -   Exception 1: java.util.concurrent.ExecutionException: org.apache.ratis.thirdparty.io.grpc.StatusRuntimeException: INTERNAL: s2@group-E264CA5F8311 is not in [RUNNING]: current state is STARTING
2023-08-18 03:37:28,577 [s0@group-E264CA5F8311-LeaderElection337] INFO  impl.LeaderElection (LeaderElection.java:askForVotes(322)) - s0@group-E264CA5F8311-LeaderElection337 PRE_VOTE round 0: result REJECTED
2023-08-18 03:37:28,577 [s0@group-E264CA5F8311-LeaderElection337] INFO  server.RaftServer$Division (RaftServerImpl.java:setRole(371)) - s0@group-E264CA5F8311: changes role from CANDIDATE to FOLLOWER at term 1 for REJECTED
2023-08-18 03:37:28,577 [s0@group-E264CA5F8311-LeaderElection337] INFO  impl.RoleInfo (RoleInfo.java:shutdownLeaderElection(129)) - s0: shutdown s0@group-E264CA5F8311-LeaderElection337
2023-08-18 03:37:28,577 [s0@group-E264CA5F8311-LeaderElection337] INFO  impl.RoleInfo (RoleInfo.java:updateAndGet(138)) - s0: start s0@group-E264CA5F8311-FollowerState
2023-08-18 03:37:28,623 [s2-server-thread1] INFO  server.RaftServer$Division (RaftServerImpl.java:setConfigurationAsync(1238)) - s2@group-E264CA5F8311: receive setConfiguration SetConfigurationRequest:client-255CF6B0DA3F->s2@group-E264CA5F8311, cid=386, seq=0, RW, null, SET_UNCONDITIONALLY, servers:[s1|rpc:0.0.0.0:34459|dataStream:|priority:0|startupRole:FOLLOWER, s2|rpc:0.0.0.0:43137|dataStream:|priority:0|startupRole:FOLLOWER, s0|rpc:localhost:39295|admin:localhost:44843|client:localhost:40991|dataStream:localhost:40677|priority:0|startupRole:FOLLOWER], listeners:[]
2023-08-18 03:37:28,726 [s1-server-thread1] INFO  server.RaftServer$Division (RaftServerImpl.java:setConfigurationAsync(1238)) - s1@group-E264CA5F8311: receive setConfiguration SetConfigurationRequest:client-255CF6B0DA3F->s1@group-E264CA5F8311, cid=386, seq=0, RW, null, SET_UNCONDITIONALLY, servers:[s1|rpc:0.0.0.0:34459|dataStream:|priority:0|startupRole:FOLLOWER, s2|rpc:0.0.0.0:43137|dataStream:|priority:0|startupRole:FOLLOWER, s0|rpc:localhost:39295|admin:localhost:44843|client:localhost:40991|dataStream:localhost:40677|priority:0|startupRole:FOLLOWER], listeners:[]
2023-08-18 03:37:28,829 [s2-server-thread1] INFO  server.RaftServer$Division (RaftServerImpl.java:setConfigurationAsync(1238)) - s2@group-E264CA5F8311: receive setConfiguration SetConfigurationRequest:client-255CF6B0DA3F->s2@group-E264CA5F8311, cid=386, seq=0, RW, null, SET_UNCONDITIONALLY, servers:[s1|rpc:0.0.0.0:34459|dataStream:|priority:0|startupRole:FOLLOWER, s2|rpc:0.0.0.0:43137|dataStream:|priority:0|startupRole:FOLLOWER, s0|rpc:localhost:39295|admin:localhost:44843|client:localhost:40991|dataStream:localhost:40677|priority:0|startupRole:FOLLOWER], listeners:[]
2023-08-18 03:37:28,858 [s0@group-E264CA5F8311-FollowerState] INFO  impl.FollowerState (FollowerState.java:run(143)) - s0@group-E264CA5F8311-FollowerState: change to CANDIDATE, lastRpcElapsedTime:281235175ns, electionTimeout:281ms
2023-08-18 03:37:28,858 [s0@group-E264CA5F8311-FollowerState] INFO  impl.RoleInfo (RoleInfo.java:shutdownFollowerState(109)) - s0: shutdown s0@group-E264CA5F8311-FollowerState
2023-08-18 03:37:28,858 [s0@group-E264CA5F8311-FollowerState] INFO  server.RaftServer$Division (RaftServerImpl.java:setRole(371)) - s0@group-E264CA5F8311: changes role from  FOLLOWER to CANDIDATE at term 1 for changeToCandidate
2023-08-18 03:37:28,859 [s0@group-E264CA5F8311-FollowerState] INFO  impl.SimpleStateMachine4Testing (SimpleStateMachine4Testing.java:notifyExtendedNoLeader(411)) - StateMachineWithMultiNestedSnapshotFile:s0:group-E264CA5F8311: notifyExtendedNoLeader group-E264CA5F8311, self {
  id: "s0"
  address: "localhost:39295"
  dataStreamAddress: "localhost:40677"
  clientAddress: "localhost:40991"
  adminAddress: "localhost:44843"
  startupRole: FOLLOWER
}
role: CANDIDATE
candidateInfo {
  lastLeaderElapsedTimeMs: 87142
}

2023-08-18 03:37:28,859 [s0@group-E264CA5F8311-FollowerState] INFO  server.RaftServerConfigKeys (ConfUtils.java:logGet(46)) - raft.server.leaderelection.pre-vote = true (default)
2023-08-18 03:37:28,859 [s0@group-E264CA5F8311-FollowerState] INFO  impl.RoleInfo (RoleInfo.java:updateAndGet(138)) - s0: start s0@group-E264CA5F8311-LeaderElection338
2023-08-18 03:37:28,859 [s0@group-E264CA5F8311-LeaderElection338] INFO  impl.LeaderElection (LeaderElection.java:askForVotes(320)) - s0@group-E264CA5F8311-LeaderElection338 PRE_VOTE round 0: submit vote requests at term 1 for 255: peers:[s0|rpc:localhost:39295|admin:localhost:44843|client:localhost:40991|dataStream:localhost:40677|priority:0|startupRole:FOLLOWER, s1|rpc:0.0.0.0:34459|dataStream:|priority:0|startupRole:FOLLOWER, s2|rpc:0.0.0.0:43137|dataStream:|priority:0|startupRole:FOLLOWER]|listeners:[], old=peers:[s0|rpc:localhost:39295|admin:localhost:44843|client:localhost:40991|dataStream:localhost:40677|priority:0|startupRole:FOLLOWER]|listeners:[]
2023-08-18 03:37:28,860 [grpc-default-executor-4] INFO  server.RaftServer$Division (RaftServerImpl.java:requestVote(1344)) - s1@group-E264CA5F8311: receive requestVote(PRE_VOTE, s0, group-E264CA5F8311, 1, (t:1, i:255))
2023-08-18 03:37:28,860 [grpc-default-executor-4] WARN  server.GrpcServerProtocolService (LogUtils.java:warn(122)) - s1: Failed requestVote s0->s1#0: org.apache.ratis.protocol.exceptions.ServerNotReadyException: s1@group-E264CA5F8311 is not in [RUNNING]: current state is STARTING
2023-08-18 03:37:28,860 [grpc-default-executor-3] INFO  server.RaftServer$Division (RaftServerImpl.java:requestVote(1344)) - s2@group-E264CA5F8311: receive requestVote(PRE_VOTE, s0, group-E264CA5F8311, 1, (t:1, i:255))
2023-08-18 03:37:28,860 [grpc-default-executor-3] WARN  server.GrpcServerProtocolService (LogUtils.java:warn(122)) - s2: Failed requestVote s0->s2#0: org.apache.ratis.protocol.exceptions.ServerNotReadyException: s2@group-E264CA5F8311 is not in [RUNNING]: current state is STARTING
2023-08-18 03:37:28,860 [s0@group-E264CA5F8311-LeaderElection338] INFO  impl.LeaderElection (LogUtils.java:infoOrTrace(137)) - s0@group-E264CA5F8311-LeaderElection338 got exception when requesting votes: java.util.concurrent.ExecutionException: org.apache.ratis.thirdparty.io.grpc.StatusRuntimeException: INTERNAL: s1@group-E264CA5F8311 is not in [RUNNING]: current state is STARTING
2023-08-18 03:37:28,860 [s0@group-E264CA5F8311-LeaderElection338] INFO  impl.LeaderElection (LogUtils.java:infoOrTrace(137)) - s0@group-E264CA5F8311-LeaderElection338 got exception when requesting votes: java.util.concurrent.ExecutionException: org.apache.ratis.thirdparty.io.grpc.StatusRuntimeException: INTERNAL: s2@group-E264CA5F8311 is not in [RUNNING]: current state is STARTING
2023-08-18 03:37:28,860 [s0@group-E264CA5F8311-LeaderElection338] INFO  impl.LeaderElection (LeaderElection.java:logAndReturn(89)) - s0@group-E264CA5F8311-LeaderElection338: PRE_VOTE REJECTED received 0 response(s) and 2 exception(s):
2023-08-18 03:37:28,860 [s0@group-E264CA5F8311-LeaderElection338] INFO  impl.LeaderElection (LogUtils.java:infoOrTrace(137)) -   Exception 0: java.util.concurrent.ExecutionException: org.apache.ratis.thirdparty.io.grpc.StatusRuntimeException: INTERNAL: s1@group-E264CA5F8311 is not in [RUNNING]: current state is STARTING
2023-08-18 03:37:28,860 [s0@group-E264CA5F8311-LeaderElection338] INFO  impl.LeaderElection (LogUtils.java:infoOrTrace(137)) -   Exception 1: java.util.concurrent.ExecutionException: org.apache.ratis.thirdparty.io.grpc.StatusRuntimeException: INTERNAL: s2@group-E264CA5F8311 is not in [RUNNING]: current state is STARTING
2023-08-18 03:37:28,860 [s0@group-E264CA5F8311-LeaderElection338] INFO  impl.LeaderElection (LeaderElection.java:askForVotes(322)) - s0@group-E264CA5F8311-LeaderElection338 PRE_VOTE round 0: result REJECTED
2023-08-18 03:37:28,860 [s0@group-E264CA5F8311-LeaderElection338] INFO  server.RaftServer$Division (RaftServerImpl.java:setRole(371)) - s0@group-E264CA5F8311: changes role from CANDIDATE to FOLLOWER at term 1 for REJECTED
2023-08-18 03:37:28,860 [s0@group-E264CA5F8311-LeaderElection338] INFO  impl.RoleInfo (RoleInfo.java:shutdownLeaderElection(129)) - s0: shutdown s0@group-E264CA5F8311-LeaderElection338
2023-08-18 03:37:28,860 [s0@group-E264CA5F8311-LeaderElection338] INFO  impl.RoleInfo (RoleInfo.java:updateAndGet(138)) - s0: start s0@group-E264CA5F8311-FollowerState
2023-08-18 03:37:28,933 [s1-server-thread1] INFO  server.RaftServer$Division (RaftServerImpl.java:setConfigurationAsync(1238)) - s1@group-E264CA5F8311: receive setConfiguration SetConfigurationRequest:client-255CF6B0DA3F->s1@group-E264CA5F8311, cid=386, seq=0, RW, null, SET_UNCONDITIONALLY, servers:[s1|rpc:0.0.0.0:34459|dataStream:|priority:0|startupRole:FOLLOWER, s2|rpc:0.0.0.0:43137|dataStream:|priority:0|startupRole:FOLLOWER, s0|rpc:localhost:39295|admin:localhost:44843|client:localhost:40991|dataStream:localhost:40677|priority:0|startupRole:FOLLOWER], listeners:[]
2023-08-18 03:37:29,037 [s0-server-thread1] INFO  server.RaftServer$Division (RaftServerImpl.java:setConfigurationAsync(1238)) - s0@group-E264CA5F8311: receive setConfiguration SetConfigurationRequest:client-255CF6B0DA3F->s0@group-E264CA5F8311, cid=386, seq=0, RW, null, SET_UNCONDITIONALLY, servers:[s1|rpc:0.0.0.0:34459|dataStream:|priority:0|startupRole:FOLLOWER, s2|rpc:0.0.0.0:43137|dataStream:|priority:0|startupRole:FOLLOWER, s0|rpc:localhost:39295|admin:localhost:44843|client:localhost:40991|dataStream:localhost:40677|priority:0|startupRole:FOLLOWER], listeners:[]
2023-08-18 03:37:29,077 [s0@group-E264CA5F8311-FollowerState] INFO  impl.FollowerState (FollowerState.java:run(143)) - s0@group-E264CA5F8311-FollowerState: change to CANDIDATE, lastRpcElapsedTime:216293384ns, electionTimeout:216ms
2023-08-18 03:37:29,077 [s0@group-E264CA5F8311-FollowerState] INFO  impl.RoleInfo (RoleInfo.java:shutdownFollowerState(109)) - s0: shutdown s0@group-E264CA5F8311-FollowerState
2023-08-18 03:37:29,077 [s0@group-E264CA5F8311-FollowerState] INFO  server.RaftServer$Division (RaftServerImpl.java:setRole(371)) - s0@group-E264CA5F8311: changes role from  FOLLOWER to CANDIDATE at term 1 for changeToCandidate
2023-08-18 03:37:29,077 [s0@group-E264CA5F8311-FollowerState] INFO  impl.SimpleStateMachine4Testing (SimpleStateMachine4Testing.java:notifyExtendedNoLeader(411)) - StateMachineWithMultiNestedSnapshotFile:s0:group-E264CA5F8311: notifyExtendedNoLeader group-E264CA5F8311, self {
  id: "s0"
  address: "localhost:39295"
  dataStreamAddress: "localhost:40677"
  clientAddress: "localhost:40991"
  adminAddress: "localhost:44843"
  startupRole: FOLLOWER
}
role: CANDIDATE
candidateInfo {
  lastLeaderElapsedTimeMs: 87361
}

2023-08-18 03:37:29,077 [s0@group-E264CA5F8311-FollowerState] INFO  server.RaftServerConfigKeys (ConfUtils.java:logGet(46)) - raft.server.leaderelection.pre-vote = true (default)
2023-08-18 03:37:29,077 [s0@group-E264CA5F8311-FollowerState] INFO  impl.RoleInfo (RoleInfo.java:updateAndGet(138)) - s0: start s0@group-E264CA5F8311-LeaderElection339
2023-08-18 03:37:29,077 [s0@group-E264CA5F8311-LeaderElection339] INFO  impl.LeaderElection (LeaderElection.java:askForVotes(320)) - s0@group-E264CA5F8311-LeaderElection339 PRE_VOTE round 0: submit vote requests at term 1 for 255: peers:[s0|rpc:localhost:39295|admin:localhost:44843|client:localhost:40991|dataStream:localhost:40677|priority:0|startupRole:FOLLOWER, s1|rpc:0.0.0.0:34459|dataStream:|priority:0|startupRole:FOLLOWER, s2|rpc:0.0.0.0:43137|dataStream:|priority:0|startupRole:FOLLOWER]|listeners:[], old=peers:[s0|rpc:localhost:39295|admin:localhost:44843|client:localhost:40991|dataStream:localhost:40677|priority:0|startupRole:FOLLOWER]|listeners:[]
2023-08-18 03:37:29,078 [grpc-default-executor-4] INFO  server.RaftServer$Division (RaftServerImpl.java:requestVote(1344)) - s1@group-E264CA5F8311: receive requestVote(PRE_VOTE, s0, group-E264CA5F8311, 1, (t:1, i:255))
2023-08-18 03:37:29,078 [grpc-default-executor-4] WARN  server.GrpcServerProtocolService (LogUtils.java:warn(122)) - s1: Failed requestVote s0->s1#0: org.apache.ratis.protocol.exceptions.ServerNotReadyException: s1@group-E264CA5F8311 is not in [RUNNING]: current state is STARTING
2023-08-18 03:37:29,078 [grpc-default-executor-3] INFO  server.RaftServer$Division (RaftServerImpl.java:requestVote(1344)) - s2@group-E264CA5F8311: receive requestVote(PRE_VOTE, s0, group-E264CA5F8311, 1, (t:1, i:255))
2023-08-18 03:37:29,078 [grpc-default-executor-3] WARN  server.GrpcServerProtocolService (LogUtils.java:warn(122)) - s2: Failed requestVote s0->s2#0: org.apache.ratis.protocol.exceptions.ServerNotReadyException: s2@group-E264CA5F8311 is not in [RUNNING]: current state is STARTING
2023-08-18 03:37:29,079 [s0@group-E264CA5F8311-LeaderElection339] INFO  impl.LeaderElection (LogUtils.java:infoOrTrace(137)) - s0@group-E264CA5F8311-LeaderElection339 got exception when requesting votes: java.util.concurrent.ExecutionException: org.apache.ratis.thirdparty.io.grpc.StatusRuntimeException: INTERNAL: s1@group-E264CA5F8311 is not in [RUNNING]: current state is STARTING
2023-08-18 03:37:29,079 [s0@group-E264CA5F8311-LeaderElection339] INFO  impl.LeaderElection (LogUtils.java:infoOrTrace(137)) - s0@group-E264CA5F8311-LeaderElection339 got exception when requesting votes: java.util.concurrent.ExecutionException: org.apache.ratis.thirdparty.io.grpc.StatusRuntimeException: INTERNAL: s2@group-E264CA5F8311 is not in [RUNNING]: current state is STARTING
2023-08-18 03:37:29,079 [s0@group-E264CA5F8311-LeaderElection339] INFO  impl.LeaderElection (LeaderElection.java:logAndReturn(89)) - s0@group-E264CA5F8311-LeaderElection339: PRE_VOTE REJECTED received 0 response(s) and 2 exception(s):
2023-08-18 03:37:29,079 [s0@group-E264CA5F8311-LeaderElection339] INFO  impl.LeaderElection (LogUtils.java:infoOrTrace(137)) -   Exception 0: java.util.concurrent.ExecutionException: org.apache.ratis.thirdparty.io.grpc.StatusRuntimeException: INTERNAL: s1@group-E264CA5F8311 is not in [RUNNING]: current state is STARTING
2023-08-18 03:37:29,079 [s0@group-E264CA5F8311-LeaderElection339] INFO  impl.LeaderElection (LogUtils.java:infoOrTrace(137)) -   Exception 1: java.util.concurrent.ExecutionException: org.apache.ratis.thirdparty.io.grpc.StatusRuntimeException: INTERNAL: s2@group-E264CA5F8311 is not in [RUNNING]: current state is STARTING
2023-08-18 03:37:29,079 [s0@group-E264CA5F8311-LeaderElection339] INFO  impl.LeaderElection (LeaderElection.java:askForVotes(322)) - s0@group-E264CA5F8311-LeaderElection339 PRE_VOTE round 0: result REJECTED
2023-08-18 03:37:29,079 [s0@group-E264CA5F8311-LeaderElection339] INFO  server.RaftServer$Division (RaftServerImpl.java:setRole(371)) - s0@group-E264CA5F8311: changes role from CANDIDATE to FOLLOWER at term 1 for REJECTED
2023-08-18 03:37:29,079 [s0@group-E264CA5F8311-LeaderElection339] INFO  impl.RoleInfo (RoleInfo.java:shutdownLeaderElection(129)) - s0: shutdown s0@group-E264CA5F8311-LeaderElection339
2023-08-18 03:37:29,079 [s0@group-E264CA5F8311-LeaderElection339] INFO  impl.RoleInfo (RoleInfo.java:updateAndGet(138)) - s0: start s0@group-E264CA5F8311-FollowerState
2023-08-18 03:37:29,140 [s2-server-thread1] INFO  server.RaftServer$Division (RaftServerImpl.java:setConfigurationAsync(1238)) - s2@group-E264CA5F8311: receive setConfiguration SetConfigurationRequest:client-255CF6B0DA3F->s2@group-E264CA5F8311, cid=386, seq=0, RW, null, SET_UNCONDITIONALLY, servers:[s1|rpc:0.0.0.0:34459|dataStream:|priority:0|startupRole:FOLLOWER, s2|rpc:0.0.0.0:43137|dataStream:|priority:0|startupRole:FOLLOWER, s0|rpc:localhost:39295|admin:localhost:44843|client:localhost:40991|dataStream:localhost:40677|priority:0|startupRole:FOLLOWER], listeners:[]
2023-08-18 03:37:29,243 [s1-server-thread1] INFO  server.RaftServer$Division (RaftServerImpl.java:setConfigurationAsync(1238)) - s1@group-E264CA5F8311: receive setConfiguration SetConfigurationRequest:client-255CF6B0DA3F->s1@group-E264CA5F8311, cid=386, seq=0, RW, null, SET_UNCONDITIONALLY, servers:[s1|rpc:0.0.0.0:34459|dataStream:|priority:0|startupRole:FOLLOWER, s2|rpc:0.0.0.0:43137|dataStream:|priority:0|startupRole:FOLLOWER, s0|rpc:localhost:39295|admin:localhost:44843|client:localhost:40991|dataStream:localhost:40677|priority:0|startupRole:FOLLOWER], listeners:[]
2023-08-18 03:37:29,347 [s2-server-thread1] INFO  server.RaftServer$Division (RaftServerImpl.java:setConfigurationAsync(1238)) - s2@group-E264CA5F8311: receive setConfiguration SetConfigurationRequest:client-255CF6B0DA3F->s2@group-E264CA5F8311, cid=386, seq=0, RW, null, SET_UNCONDITIONALLY, servers:[s1|rpc:0.0.0.0:34459|dataStream:|priority:0|startupRole:FOLLOWER, s2|rpc:0.0.0.0:43137|dataStream:|priority:0|startupRole:FOLLOWER, s0|rpc:localhost:39295|admin:localhost:44843|client:localhost:40991|dataStream:localhost:40677|priority:0|startupRole:FOLLOWER], listeners:[]
2023-08-18 03:37:29,353 [s0@group-E264CA5F8311-FollowerState] INFO  impl.FollowerState (FollowerState.java:run(143)) - s0@group-E264CA5F8311-FollowerState: change to CANDIDATE, lastRpcElapsedTime:274205952ns, electionTimeout:274ms
2023-08-18 03:37:29,353 [s0@group-E264CA5F8311-FollowerState] INFO  impl.RoleInfo (RoleInfo.java:shutdownFollowerState(109)) - s0: shutdown s0@group-E264CA5F8311-FollowerState
2023-08-18 03:37:29,353 [s0@group-E264CA5F8311-FollowerState] INFO  server.RaftServer$Division (RaftServerImpl.java:setRole(371)) - s0@group-E264CA5F8311: changes role from  FOLLOWER to CANDIDATE at term 1 for changeToCandidate
2023-08-18 03:37:29,354 [s0@group-E264CA5F8311-FollowerState] INFO  impl.SimpleStateMachine4Testing (SimpleStateMachine4Testing.java:notifyExtendedNoLeader(411)) - StateMachineWithMultiNestedSnapshotFile:s0:group-E264CA5F8311: notifyExtendedNoLeader group-E264CA5F8311, self {
  id: "s0"
  address: "localhost:39295"
  dataStreamAddress: "localhost:40677"
  clientAddress: "localhost:40991"
  adminAddress: "localhost:44843"
  startupRole: FOLLOWER
}
role: CANDIDATE
candidateInfo {
  lastLeaderElapsedTimeMs: 87637
}

2023-08-18 03:37:29,354 [s0@group-E264CA5F8311-FollowerState] INFO  server.RaftServerConfigKeys (ConfUtils.java:logGet(46)) - raft.server.leaderelection.pre-vote = true (default)
2023-08-18 03:37:29,354 [s0@group-E264CA5F8311-FollowerState] INFO  impl.RoleInfo (RoleInfo.java:updateAndGet(138)) - s0: start s0@group-E264CA5F8311-LeaderElection340
2023-08-18 03:37:29,354 [s0@group-E264CA5F8311-LeaderElection340] INFO  impl.LeaderElection (LeaderElection.java:askForVotes(320)) - s0@group-E264CA5F8311-LeaderElection340 PRE_VOTE round 0: submit vote requests at term 1 for 255: peers:[s0|rpc:localhost:39295|admin:localhost:44843|client:localhost:40991|dataStream:localhost:40677|priority:0|startupRole:FOLLOWER, s1|rpc:0.0.0.0:34459|dataStream:|priority:0|startupRole:FOLLOWER, s2|rpc:0.0.0.0:43137|dataStream:|priority:0|startupRole:FOLLOWER]|listeners:[], old=peers:[s0|rpc:localhost:39295|admin:localhost:44843|client:localhost:40991|dataStream:localhost:40677|priority:0|startupRole:FOLLOWER]|listeners:[]
2023-08-18 03:37:29,355 [grpc-default-executor-3] INFO  server.RaftServer$Division (RaftServerImpl.java:requestVote(1344)) - s1@group-E264CA5F8311: receive requestVote(PRE_VOTE, s0, group-E264CA5F8311, 1, (t:1, i:255))
2023-08-18 03:37:29,355 [grpc-default-executor-4] INFO  server.RaftServer$Division (RaftServerImpl.java:requestVote(1344)) - s2@group-E264CA5F8311: receive requestVote(PRE_VOTE, s0, group-E264CA5F8311, 1, (t:1, i:255))
2023-08-18 03:37:29,355 [grpc-default-executor-3] WARN  server.GrpcServerProtocolService (LogUtils.java:warn(122)) - s1: Failed requestVote s0->s1#0: org.apache.ratis.protocol.exceptions.ServerNotReadyException: s1@group-E264CA5F8311 is not in [RUNNING]: current state is STARTING
2023-08-18 03:37:29,355 [grpc-default-executor-4] WARN  server.GrpcServerProtocolService (LogUtils.java:warn(122)) - s2: Failed requestVote s0->s2#0: org.apache.ratis.protocol.exceptions.ServerNotReadyException: s2@group-E264CA5F8311 is not in [RUNNING]: current state is STARTING
2023-08-18 03:37:29,355 [s0@group-E264CA5F8311-LeaderElection340] INFO  impl.LeaderElection (LogUtils.java:infoOrTrace(137)) - s0@group-E264CA5F8311-LeaderElection340 got exception when requesting votes: java.util.concurrent.ExecutionException: org.apache.ratis.thirdparty.io.grpc.StatusRuntimeException: INTERNAL: s1@group-E264CA5F8311 is not in [RUNNING]: current state is STARTING
2023-08-18 03:37:29,355 [s0@group-E264CA5F8311-LeaderElection340] INFO  impl.LeaderElection (LogUtils.java:infoOrTrace(137)) - s0@group-E264CA5F8311-LeaderElection340 got exception when requesting votes: java.util.concurrent.ExecutionException: org.apache.ratis.thirdparty.io.grpc.StatusRuntimeException: INTERNAL: s2@group-E264CA5F8311 is not in [RUNNING]: current state is STARTING
2023-08-18 03:37:29,355 [s0@group-E264CA5F8311-LeaderElection340] INFO  impl.LeaderElection (LeaderElection.java:logAndReturn(89)) - s0@group-E264CA5F8311-LeaderElection340: PRE_VOTE REJECTED received 0 response(s) and 2 exception(s):
2023-08-18 03:37:29,355 [s0@group-E264CA5F8311-LeaderElection340] INFO  impl.LeaderElection (LogUtils.java:infoOrTrace(137)) -   Exception 0: java.util.concurrent.ExecutionException: org.apache.ratis.thirdparty.io.grpc.StatusRuntimeException: INTERNAL: s1@group-E264CA5F8311 is not in [RUNNING]: current state is STARTING
2023-08-18 03:37:29,355 [s0@group-E264CA5F8311-LeaderElection340] INFO  impl.LeaderElection (LogUtils.java:infoOrTrace(137)) -   Exception 1: java.util.concurrent.ExecutionException: org.apache.ratis.thirdparty.io.grpc.StatusRuntimeException: INTERNAL: s2@group-E264CA5F8311 is not in [RUNNING]: current state is STARTING
2023-08-18 03:37:29,355 [s0@group-E264CA5F8311-LeaderElection340] INFO  impl.LeaderElection (LeaderElection.java:askForVotes(322)) - s0@group-E264CA5F8311-LeaderElection340 PRE_VOTE round 0: result REJECTED
2023-08-18 03:37:29,355 [s0@group-E264CA5F8311-LeaderElection340] INFO  server.RaftServer$Division (RaftServerImpl.java:setRole(371)) - s0@group-E264CA5F8311: changes role from CANDIDATE to FOLLOWER at term 1 for REJECTED
2023-08-18 03:37:29,355 [s0@group-E264CA5F8311-LeaderElection340] INFO  impl.RoleInfo (RoleInfo.java:shutdownLeaderElection(129)) - s0: shutdown s0@group-E264CA5F8311-LeaderElection340
2023-08-18 03:37:29,355 [s0@group-E264CA5F8311-LeaderElection340] INFO  impl.RoleInfo (RoleInfo.java:updateAndGet(138)) - s0: start s0@group-E264CA5F8311-FollowerState
2023-08-18 03:37:29,450 [s0-server-thread1] INFO  server.RaftServer$Division (RaftServerImpl.java:setConfigurationAsync(1238)) - s0@group-E264CA5F8311: receive setConfiguration SetConfigurationRequest:client-255CF6B0DA3F->s0@group-E264CA5F8311, cid=386, seq=0, RW, null, SET_UNCONDITIONALLY, servers:[s1|rpc:0.0.0.0:34459|dataStream:|priority:0|startupRole:FOLLOWER, s2|rpc:0.0.0.0:43137|dataStream:|priority:0|startupRole:FOLLOWER, s0|rpc:localhost:39295|admin:localhost:44843|client:localhost:40991|dataStream:localhost:40677|priority:0|startupRole:FOLLOWER], listeners:[]
2023-08-18 03:37:29,553 [s1-server-thread1] INFO  server.RaftServer$Division (RaftServerImpl.java:setConfigurationAsync(1238)) - s1@group-E264CA5F8311: receive setConfiguration SetConfigurationRequest:client-255CF6B0DA3F->s1@group-E264CA5F8311, cid=386, seq=0, RW, null, SET_UNCONDITIONALLY, servers:[s1|rpc:0.0.0.0:34459|dataStream:|priority:0|startupRole:FOLLOWER, s2|rpc:0.0.0.0:43137|dataStream:|priority:0|startupRole:FOLLOWER, s0|rpc:localhost:39295|admin:localhost:44843|client:localhost:40991|dataStream:localhost:40677|priority:0|startupRole:FOLLOWER], listeners:[]
2023-08-18 03:37:29,647 [s0@group-E264CA5F8311-FollowerState] INFO  impl.FollowerState (FollowerState.java:run(143)) - s0@group-E264CA5F8311-FollowerState: change to CANDIDATE, lastRpcElapsedTime:291240925ns, electionTimeout:291ms
2023-08-18 03:37:29,647 [s0@group-E264CA5F8311-FollowerState] INFO  impl.RoleInfo (RoleInfo.java:shutdownFollowerState(109)) - s0: shutdown s0@group-E264CA5F8311-FollowerState
2023-08-18 03:37:29,647 [s0@group-E264CA5F8311-FollowerState] INFO  server.RaftServer$Division (RaftServerImpl.java:setRole(371)) - s0@group-E264CA5F8311: changes role from  FOLLOWER to CANDIDATE at term 1 for changeToCandidate
2023-08-18 03:37:29,647 [s0@group-E264CA5F8311-FollowerState] INFO  impl.SimpleStateMachine4Testing (SimpleStateMachine4Testing.java:notifyExtendedNoLeader(411)) - StateMachineWithMultiNestedSnapshotFile:s0:group-E264CA5F8311: notifyExtendedNoLeader group-E264CA5F8311, self {
  id: "s0"
  address: "localhost:39295"
  dataStreamAddress: "localhost:40677"
  clientAddress: "localhost:40991"
  adminAddress: "localhost:44843"
  startupRole: FOLLOWER
}
role: CANDIDATE
candidateInfo {
  lastLeaderElapsedTimeMs: 87931
}

2023-08-18 03:37:29,647 [s0@group-E264CA5F8311-FollowerState] INFO  server.RaftServerConfigKeys (ConfUtils.java:logGet(46)) - raft.server.leaderelection.pre-vote = true (default)
2023-08-18 03:37:29,647 [s0@group-E264CA5F8311-FollowerState] INFO  impl.RoleInfo (RoleInfo.java:updateAndGet(138)) - s0: start s0@group-E264CA5F8311-LeaderElection341
2023-08-18 03:37:29,647 [s0@group-E264CA5F8311-LeaderElection341] INFO  impl.LeaderElection (LeaderElection.java:askForVotes(320)) - s0@group-E264CA5F8311-LeaderElection341 PRE_VOTE round 0: submit vote requests at term 1 for 255: peers:[s0|rpc:localhost:39295|admin:localhost:44843|client:localhost:40991|dataStream:localhost:40677|priority:0|startupRole:FOLLOWER, s1|rpc:0.0.0.0:34459|dataStream:|priority:0|startupRole:FOLLOWER, s2|rpc:0.0.0.0:43137|dataStream:|priority:0|startupRole:FOLLOWER]|listeners:[], old=peers:[s0|rpc:localhost:39295|admin:localhost:44843|client:localhost:40991|dataStream:localhost:40677|priority:0|startupRole:FOLLOWER]|listeners:[]
2023-08-18 03:37:29,648 [grpc-default-executor-4] INFO  server.RaftServer$Division (RaftServerImpl.java:requestVote(1344)) - s1@group-E264CA5F8311: receive requestVote(PRE_VOTE, s0, group-E264CA5F8311, 1, (t:1, i:255))
2023-08-18 03:37:29,648 [grpc-default-executor-3] INFO  server.RaftServer$Division (RaftServerImpl.java:requestVote(1344)) - s2@group-E264CA5F8311: receive requestVote(PRE_VOTE, s0, group-E264CA5F8311, 1, (t:1, i:255))
2023-08-18 03:37:29,648 [grpc-default-executor-4] WARN  server.GrpcServerProtocolService (LogUtils.java:warn(122)) - s1: Failed requestVote s0->s1#0: org.apache.ratis.protocol.exceptions.ServerNotReadyException: s1@group-E264CA5F8311 is not in [RUNNING]: current state is STARTING
2023-08-18 03:37:29,648 [grpc-default-executor-3] WARN  server.GrpcServerProtocolService (LogUtils.java:warn(122)) - s2: Failed requestVote s0->s2#0: org.apache.ratis.protocol.exceptions.ServerNotReadyException: s2@group-E264CA5F8311 is not in [RUNNING]: current state is STARTING
2023-08-18 03:37:29,649 [s0@group-E264CA5F8311-LeaderElection341] INFO  impl.LeaderElection (LogUtils.java:infoOrTrace(137)) - s0@group-E264CA5F8311-LeaderElection341 got exception when requesting votes: java.util.concurrent.ExecutionException: org.apache.ratis.thirdparty.io.grpc.StatusRuntimeException: INTERNAL: s1@group-E264CA5F8311 is not in [RUNNING]: current state is STARTING
2023-08-18 03:37:29,649 [s0@group-E264CA5F8311-LeaderElection341] INFO  impl.LeaderElection (LogUtils.java:infoOrTrace(137)) - s0@group-E264CA5F8311-LeaderElection341 got exception when requesting votes: java.util.concurrent.ExecutionException: org.apache.ratis.thirdparty.io.grpc.StatusRuntimeException: INTERNAL: s2@group-E264CA5F8311 is not in [RUNNING]: current state is STARTING
2023-08-18 03:37:29,649 [s0@group-E264CA5F8311-LeaderElection341] INFO  impl.LeaderElection (LeaderElection.java:logAndReturn(89)) - s0@group-E264CA5F8311-LeaderElection341: PRE_VOTE REJECTED received 0 response(s) and 2 exception(s):
2023-08-18 03:37:29,649 [s0@group-E264CA5F8311-LeaderElection341] INFO  impl.LeaderElection (LogUtils.java:infoOrTrace(137)) -   Exception 0: java.util.concurrent.ExecutionException: org.apache.ratis.thirdparty.io.grpc.StatusRuntimeException: INTERNAL: s1@group-E264CA5F8311 is not in [RUNNING]: current state is STARTING
2023-08-18 03:37:29,649 [s0@group-E264CA5F8311-LeaderElection341] INFO  impl.LeaderElection (LogUtils.java:infoOrTrace(137)) -   Exception 1: java.util.concurrent.ExecutionException: org.apache.ratis.thirdparty.io.grpc.StatusRuntimeException: INTERNAL: s2@group-E264CA5F8311 is not in [RUNNING]: current state is STARTING
2023-08-18 03:37:29,649 [s0@group-E264CA5F8311-LeaderElection341] INFO  impl.LeaderElection (LeaderElection.java:askForVotes(322)) - s0@group-E264CA5F8311-LeaderElection341 PRE_VOTE round 0: result REJECTED
2023-08-18 03:37:29,649 [s0@group-E264CA5F8311-LeaderElection341] INFO  server.RaftServer$Division (RaftServerImpl.java:setRole(371)) - s0@group-E264CA5F8311: changes role from CANDIDATE to FOLLOWER at term 1 for REJECTED
2023-08-18 03:37:29,649 [s0@group-E264CA5F8311-LeaderElection341] INFO  impl.RoleInfo (RoleInfo.java:shutdownLeaderElection(129)) - s0: shutdown s0@group-E264CA5F8311-LeaderElection341
2023-08-18 03:37:29,649 [s0@group-E264CA5F8311-LeaderElection341] INFO  impl.RoleInfo (RoleInfo.java:updateAndGet(138)) - s0: start s0@group-E264CA5F8311-FollowerState
2023-08-18 03:37:29,656 [s0-server-thread1] INFO  server.RaftServer$Division (RaftServerImpl.java:setConfigurationAsync(1238)) - s0@group-E264CA5F8311: receive setConfiguration SetConfigurationRequest:client-255CF6B0DA3F->s0@group-E264CA5F8311, cid=386, seq=0, RW, null, SET_UNCONDITIONALLY, servers:[s1|rpc:0.0.0.0:34459|dataStream:|priority:0|startupRole:FOLLOWER, s2|rpc:0.0.0.0:43137|dataStream:|priority:0|startupRole:FOLLOWER, s0|rpc:localhost:39295|admin:localhost:44843|client:localhost:40991|dataStream:localhost:40677|priority:0|startupRole:FOLLOWER], listeners:[]
2023-08-18 03:37:29,759 [s1-server-thread1] INFO  server.RaftServer$Division (RaftServerImpl.java:setConfigurationAsync(1238)) - s1@group-E264CA5F8311: receive setConfiguration SetConfigurationRequest:client-255CF6B0DA3F->s1@group-E264CA5F8311, cid=386, seq=0, RW, null, SET_UNCONDITIONALLY, servers:[s1|rpc:0.0.0.0:34459|dataStream:|priority:0|startupRole:FOLLOWER, s2|rpc:0.0.0.0:43137|dataStream:|priority:0|startupRole:FOLLOWER, s0|rpc:localhost:39295|admin:localhost:44843|client:localhost:40991|dataStream:localhost:40677|priority:0|startupRole:FOLLOWER], listeners:[]
2023-08-18 03:37:29,862 [s2-server-thread1] INFO  server.RaftServer$Division (RaftServerImpl.java:setConfigurationAsync(1238)) - s2@group-E264CA5F8311: receive setConfiguration SetConfigurationRequest:client-255CF6B0DA3F->s2@group-E264CA5F8311, cid=386, seq=0, RW, null, SET_UNCONDITIONALLY, servers:[s1|rpc:0.0.0.0:34459|dataStream:|priority:0|startupRole:FOLLOWER, s2|rpc:0.0.0.0:43137|dataStream:|priority:0|startupRole:FOLLOWER, s0|rpc:localhost:39295|admin:localhost:44843|client:localhost:40991|dataStream:localhost:40677|priority:0|startupRole:FOLLOWER], listeners:[]
2023-08-18 03:37:29,885 [s0@group-E264CA5F8311-FollowerState] INFO  impl.FollowerState (FollowerState.java:run(143)) - s0@group-E264CA5F8311-FollowerState: change to CANDIDATE, lastRpcElapsedTime:236302835ns, electionTimeout:236ms
2023-08-18 03:37:29,885 [s0@group-E264CA5F8311-FollowerState] INFO  impl.RoleInfo (RoleInfo.java:shutdownFollowerState(109)) - s0: shutdown s0@group-E264CA5F8311-FollowerState
2023-08-18 03:37:29,885 [s0@group-E264CA5F8311-FollowerState] INFO  server.RaftServer$Division (RaftServerImpl.java:setRole(371)) - s0@group-E264CA5F8311: changes role from  FOLLOWER to CANDIDATE at term 1 for changeToCandidate
2023-08-18 03:37:29,886 [s0@group-E264CA5F8311-FollowerState] INFO  impl.SimpleStateMachine4Testing (SimpleStateMachine4Testing.java:notifyExtendedNoLeader(411)) - StateMachineWithMultiNestedSnapshotFile:s0:group-E264CA5F8311: notifyExtendedNoLeader group-E264CA5F8311, self {
  id: "s0"
  address: "localhost:39295"
  dataStreamAddress: "localhost:40677"
  clientAddress: "localhost:40991"
  adminAddress: "localhost:44843"
  startupRole: FOLLOWER
}
role: CANDIDATE
candidateInfo {
  lastLeaderElapsedTimeMs: 88169
}

2023-08-18 03:37:29,886 [s0@group-E264CA5F8311-FollowerState] INFO  server.RaftServerConfigKeys (ConfUtils.java:logGet(46)) - raft.server.leaderelection.pre-vote = true (default)
2023-08-18 03:37:29,886 [s0@group-E264CA5F8311-FollowerState] INFO  impl.RoleInfo (RoleInfo.java:updateAndGet(138)) - s0: start s0@group-E264CA5F8311-LeaderElection342
2023-08-18 03:37:29,886 [s0@group-E264CA5F8311-LeaderElection342] INFO  impl.LeaderElection (LeaderElection.java:askForVotes(320)) - s0@group-E264CA5F8311-LeaderElection342 PRE_VOTE round 0: submit vote requests at term 1 for 255: peers:[s0|rpc:localhost:39295|admin:localhost:44843|client:localhost:40991|dataStream:localhost:40677|priority:0|startupRole:FOLLOWER, s1|rpc:0.0.0.0:34459|dataStream:|priority:0|startupRole:FOLLOWER, s2|rpc:0.0.0.0:43137|dataStream:|priority:0|startupRole:FOLLOWER]|listeners:[], old=peers:[s0|rpc:localhost:39295|admin:localhost:44843|client:localhost:40991|dataStream:localhost:40677|priority:0|startupRole:FOLLOWER]|listeners:[]
2023-08-18 03:37:29,887 [grpc-default-executor-3] INFO  server.RaftServer$Division (RaftServerImpl.java:requestVote(1344)) - s1@group-E264CA5F8311: receive requestVote(PRE_VOTE, s0, group-E264CA5F8311, 1, (t:1, i:255))
2023-08-18 03:37:29,887 [grpc-default-executor-3] WARN  server.GrpcServerProtocolService (LogUtils.java:warn(122)) - s1: Failed requestVote s0->s1#0: org.apache.ratis.protocol.exceptions.ServerNotReadyException: s1@group-E264CA5F8311 is not in [RUNNING]: current state is STARTING
2023-08-18 03:37:29,887 [grpc-default-executor-4] INFO  server.RaftServer$Division (RaftServerImpl.java:requestVote(1344)) - s2@group-E264CA5F8311: receive requestVote(PRE_VOTE, s0, group-E264CA5F8311, 1, (t:1, i:255))
2023-08-18 03:37:29,887 [grpc-default-executor-4] WARN  server.GrpcServerProtocolService (LogUtils.java:warn(122)) - s2: Failed requestVote s0->s2#0: org.apache.ratis.protocol.exceptions.ServerNotReadyException: s2@group-E264CA5F8311 is not in [RUNNING]: current state is STARTING
2023-08-18 03:37:29,887 [s0@group-E264CA5F8311-LeaderElection342] INFO  impl.LeaderElection (LogUtils.java:infoOrTrace(137)) - s0@group-E264CA5F8311-LeaderElection342 got exception when requesting votes: java.util.concurrent.ExecutionException: org.apache.ratis.thirdparty.io.grpc.StatusRuntimeException: INTERNAL: s2@group-E264CA5F8311 is not in [RUNNING]: current state is STARTING
2023-08-18 03:37:29,887 [s0@group-E264CA5F8311-LeaderElection342] INFO  impl.LeaderElection (LogUtils.java:infoOrTrace(137)) - s0@group-E264CA5F8311-LeaderElection342 got exception when requesting votes: java.util.concurrent.ExecutionException: org.apache.ratis.thirdparty.io.grpc.StatusRuntimeException: INTERNAL: s1@group-E264CA5F8311 is not in [RUNNING]: current state is STARTING
2023-08-18 03:37:29,887 [s0@group-E264CA5F8311-LeaderElection342] INFO  impl.LeaderElection (LeaderElection.java:logAndReturn(89)) - s0@group-E264CA5F8311-LeaderElection342: PRE_VOTE REJECTED received 0 response(s) and 2 exception(s):
2023-08-18 03:37:29,887 [s0@group-E264CA5F8311-LeaderElection342] INFO  impl.LeaderElection (LogUtils.java:infoOrTrace(137)) -   Exception 0: java.util.concurrent.ExecutionException: org.apache.ratis.thirdparty.io.grpc.StatusRuntimeException: INTERNAL: s2@group-E264CA5F8311 is not in [RUNNING]: current state is STARTING
2023-08-18 03:37:29,887 [s0@group-E264CA5F8311-LeaderElection342] INFO  impl.LeaderElection (LogUtils.java:infoOrTrace(137)) -   Exception 1: java.util.concurrent.ExecutionException: org.apache.ratis.thirdparty.io.grpc.StatusRuntimeException: INTERNAL: s1@group-E264CA5F8311 is not in [RUNNING]: current state is STARTING
2023-08-18 03:37:29,887 [s0@group-E264CA5F8311-LeaderElection342] INFO  impl.LeaderElection (LeaderElection.java:askForVotes(322)) - s0@group-E264CA5F8311-LeaderElection342 PRE_VOTE round 0: result REJECTED
2023-08-18 03:37:29,887 [s0@group-E264CA5F8311-LeaderElection342] INFO  server.RaftServer$Division (RaftServerImpl.java:setRole(371)) - s0@group-E264CA5F8311: changes role from CANDIDATE to FOLLOWER at term 1 for REJECTED
2023-08-18 03:37:29,888 [s0@group-E264CA5F8311-LeaderElection342] INFO  impl.RoleInfo (RoleInfo.java:shutdownLeaderElection(129)) - s0: shutdown s0@group-E264CA5F8311-LeaderElection342
2023-08-18 03:37:29,888 [s0@group-E264CA5F8311-LeaderElection342] INFO  impl.RoleInfo (RoleInfo.java:updateAndGet(138)) - s0: start s0@group-E264CA5F8311-FollowerState
2023-08-18 03:37:29,965 [s1-server-thread1] INFO  server.RaftServer$Division (RaftServerImpl.java:setConfigurationAsync(1238)) - s1@group-E264CA5F8311: receive setConfiguration SetConfigurationRequest:client-255CF6B0DA3F->s1@group-E264CA5F8311, cid=386, seq=0, RW, null, SET_UNCONDITIONALLY, servers:[s1|rpc:0.0.0.0:34459|dataStream:|priority:0|startupRole:FOLLOWER, s2|rpc:0.0.0.0:43137|dataStream:|priority:0|startupRole:FOLLOWER, s0|rpc:localhost:39295|admin:localhost:44843|client:localhost:40991|dataStream:localhost:40677|priority:0|startupRole:FOLLOWER], listeners:[]
2023-08-18 03:37:30,069 [s0-server-thread1] INFO  server.RaftServer$Division (RaftServerImpl.java:setConfigurationAsync(1238)) - s0@group-E264CA5F8311: receive setConfiguration SetConfigurationRequest:client-255CF6B0DA3F->s0@group-E264CA5F8311, cid=386, seq=0, RW, null, SET_UNCONDITIONALLY, servers:[s1|rpc:0.0.0.0:34459|dataStream:|priority:0|startupRole:FOLLOWER, s2|rpc:0.0.0.0:43137|dataStream:|priority:0|startupRole:FOLLOWER, s0|rpc:localhost:39295|admin:localhost:44843|client:localhost:40991|dataStream:localhost:40677|priority:0|startupRole:FOLLOWER], listeners:[]
2023-08-18 03:37:30,168 [s0@group-E264CA5F8311-FollowerState] INFO  impl.FollowerState (FollowerState.java:run(143)) - s0@group-E264CA5F8311-FollowerState: change to CANDIDATE, lastRpcElapsedTime:280245806ns, electionTimeout:280ms
2023-08-18 03:37:30,168 [s0@group-E264CA5F8311-FollowerState] INFO  impl.RoleInfo (RoleInfo.java:shutdownFollowerState(109)) - s0: shutdown s0@group-E264CA5F8311-FollowerState
2023-08-18 03:37:30,168 [s0@group-E264CA5F8311-FollowerState] INFO  server.RaftServer$Division (RaftServerImpl.java:setRole(371)) - s0@group-E264CA5F8311: changes role from  FOLLOWER to CANDIDATE at term 1 for changeToCandidate
2023-08-18 03:37:30,168 [s0@group-E264CA5F8311-FollowerState] INFO  impl.SimpleStateMachine4Testing (SimpleStateMachine4Testing.java:notifyExtendedNoLeader(411)) - StateMachineWithMultiNestedSnapshotFile:s0:group-E264CA5F8311: notifyExtendedNoLeader group-E264CA5F8311, self {
  id: "s0"
  address: "localhost:39295"
  dataStreamAddress: "localhost:40677"
  clientAddress: "localhost:40991"
  adminAddress: "localhost:44843"
  startupRole: FOLLOWER
}
role: CANDIDATE
candidateInfo {
  lastLeaderElapsedTimeMs: 88452
}

2023-08-18 03:37:30,168 [s0@group-E264CA5F8311-FollowerState] INFO  server.RaftServerConfigKeys (ConfUtils.java:logGet(46)) - raft.server.leaderelection.pre-vote = true (default)
2023-08-18 03:37:30,168 [s0@group-E264CA5F8311-FollowerState] INFO  impl.RoleInfo (RoleInfo.java:updateAndGet(138)) - s0: start s0@group-E264CA5F8311-LeaderElection343
2023-08-18 03:37:30,169 [s0@group-E264CA5F8311-LeaderElection343] INFO  impl.LeaderElection (LeaderElection.java:askForVotes(320)) - s0@group-E264CA5F8311-LeaderElection343 PRE_VOTE round 0: submit vote requests at term 1 for 255: peers:[s0|rpc:localhost:39295|admin:localhost:44843|client:localhost:40991|dataStream:localhost:40677|priority:0|startupRole:FOLLOWER, s1|rpc:0.0.0.0:34459|dataStream:|priority:0|startupRole:FOLLOWER, s2|rpc:0.0.0.0:43137|dataStream:|priority:0|startupRole:FOLLOWER]|listeners:[], old=peers:[s0|rpc:localhost:39295|admin:localhost:44843|client:localhost:40991|dataStream:localhost:40677|priority:0|startupRole:FOLLOWER]|listeners:[]
2023-08-18 03:37:30,169 [grpc-default-executor-4] INFO  server.RaftServer$Division (RaftServerImpl.java:requestVote(1344)) - s1@group-E264CA5F8311: receive requestVote(PRE_VOTE, s0, group-E264CA5F8311, 1, (t:1, i:255))
2023-08-18 03:37:30,169 [grpc-default-executor-4] WARN  server.GrpcServerProtocolService (LogUtils.java:warn(122)) - s1: Failed requestVote s0->s1#0: org.apache.ratis.protocol.exceptions.ServerNotReadyException: s1@group-E264CA5F8311 is not in [RUNNING]: current state is STARTING
2023-08-18 03:37:30,170 [grpc-default-executor-4] INFO  server.RaftServer$Division (RaftServerImpl.java:requestVote(1344)) - s2@group-E264CA5F8311: receive requestVote(PRE_VOTE, s0, group-E264CA5F8311, 1, (t:1, i:255))
2023-08-18 03:37:30,170 [grpc-default-executor-4] WARN  server.GrpcServerProtocolService (LogUtils.java:warn(122)) - s2: Failed requestVote s0->s2#0: org.apache.ratis.protocol.exceptions.ServerNotReadyException: s2@group-E264CA5F8311 is not in [RUNNING]: current state is STARTING
2023-08-18 03:37:30,170 [s0@group-E264CA5F8311-LeaderElection343] INFO  impl.LeaderElection (LogUtils.java:infoOrTrace(137)) - s0@group-E264CA5F8311-LeaderElection343 got exception when requesting votes: java.util.concurrent.ExecutionException: org.apache.ratis.thirdparty.io.grpc.StatusRuntimeException: INTERNAL: s1@group-E264CA5F8311 is not in [RUNNING]: current state is STARTING
2023-08-18 03:37:30,170 [s0@group-E264CA5F8311-LeaderElection343] INFO  impl.LeaderElection (LogUtils.java:infoOrTrace(137)) - s0@group-E264CA5F8311-LeaderElection343 got exception when requesting votes: java.util.concurrent.ExecutionException: org.apache.ratis.thirdparty.io.grpc.StatusRuntimeException: INTERNAL: s2@group-E264CA5F8311 is not in [RUNNING]: current state is STARTING
2023-08-18 03:37:30,170 [s0@group-E264CA5F8311-LeaderElection343] INFO  impl.LeaderElection (LeaderElection.java:logAndReturn(89)) - s0@group-E264CA5F8311-LeaderElection343: PRE_VOTE REJECTED received 0 response(s) and 2 exception(s):
2023-08-18 03:37:30,170 [s0@group-E264CA5F8311-LeaderElection343] INFO  impl.LeaderElection (LogUtils.java:infoOrTrace(137)) -   Exception 0: java.util.concurrent.ExecutionException: org.apache.ratis.thirdparty.io.grpc.StatusRuntimeException: INTERNAL: s1@group-E264CA5F8311 is not in [RUNNING]: current state is STARTING
2023-08-18 03:37:30,170 [s0@group-E264CA5F8311-LeaderElection343] INFO  impl.LeaderElection (LogUtils.java:infoOrTrace(137)) -   Exception 1: java.util.concurrent.ExecutionException: org.apache.ratis.thirdparty.io.grpc.StatusRuntimeException: INTERNAL: s2@group-E264CA5F8311 is not in [RUNNING]: current state is STARTING
2023-08-18 03:37:30,170 [s0@group-E264CA5F8311-LeaderElection343] INFO  impl.LeaderElection (LeaderElection.java:askForVotes(322)) - s0@group-E264CA5F8311-LeaderElection343 PRE_VOTE round 0: result REJECTED
2023-08-18 03:37:30,170 [s0@group-E264CA5F8311-LeaderElection343] INFO  server.RaftServer$Division (RaftServerImpl.java:setRole(371)) - s0@group-E264CA5F8311: changes role from CANDIDATE to FOLLOWER at term 1 for REJECTED
2023-08-18 03:37:30,170 [s0@group-E264CA5F8311-LeaderElection343] INFO  impl.RoleInfo (RoleInfo.java:shutdownLeaderElection(129)) - s0: shutdown s0@group-E264CA5F8311-LeaderElection343
2023-08-18 03:37:30,170 [s0@group-E264CA5F8311-LeaderElection343] INFO  impl.RoleInfo (RoleInfo.java:updateAndGet(138)) - s0: start s0@group-E264CA5F8311-FollowerState
2023-08-18 03:37:30,172 [s2-server-thread1] INFO  server.RaftServer$Division (RaftServerImpl.java:setConfigurationAsync(1238)) - s2@group-E264CA5F8311: receive setConfiguration SetConfigurationRequest:client-255CF6B0DA3F->s2@group-E264CA5F8311, cid=386, seq=0, RW, null, SET_UNCONDITIONALLY, servers:[s1|rpc:0.0.0.0:34459|dataStream:|priority:0|startupRole:FOLLOWER, s2|rpc:0.0.0.0:43137|dataStream:|priority:0|startupRole:FOLLOWER, s0|rpc:localhost:39295|admin:localhost:44843|client:localhost:40991|dataStream:localhost:40677|priority:0|startupRole:FOLLOWER], listeners:[]
2023-08-18 03:37:30,275 [s1-server-thread1] INFO  server.RaftServer$Division (RaftServerImpl.java:setConfigurationAsync(1238)) - s1@group-E264CA5F8311: receive setConfiguration SetConfigurationRequest:client-255CF6B0DA3F->s1@group-E264CA5F8311, cid=386, seq=0, RW, null, SET_UNCONDITIONALLY, servers:[s1|rpc:0.0.0.0:34459|dataStream:|priority:0|startupRole:FOLLOWER, s2|rpc:0.0.0.0:43137|dataStream:|priority:0|startupRole:FOLLOWER, s0|rpc:localhost:39295|admin:localhost:44843|client:localhost:40991|dataStream:localhost:40677|priority:0|startupRole:FOLLOWER], listeners:[]
2023-08-18 03:37:30,306 [Timer-2] INFO  impl.MiniRaftCluster (MiniRaftCluster.java:lambda$start$6(349)) - TIMED-PRINT: printing ALL groups
  s0:  RUNNING  FOLLOWER s0@group-E264CA5F8311:t1, leader=null, voted=s0, raftlog=Memoized:s0@group-E264CA5F8311-SegmentedRaftLog:OPENED:c254, conf=255: peers:[s0|rpc:localhost:39295|admin:localhost:44843|client:localhost:40991|dataStream:localhost:40677|priority:0|startupRole:FOLLOWER, s1|rpc:0.0.0.0:34459|dataStream:|priority:0|startupRole:FOLLOWER, s2|rpc:0.0.0.0:43137|dataStream:|priority:0|startupRole:FOLLOWER]|listeners:[], old=peers:[s0|rpc:localhost:39295|admin:localhost:44843|client:localhost:40991|dataStream:localhost:40677|priority:0|startupRole:FOLLOWER]|listeners:[] RUNNING
  s1:  RUNNING  FOLLOWER s1@group-E264CA5F8311:t1, leader=s0, voted=null, raftlog=Memoized:s1@group-E264CA5F8311-SegmentedRaftLog:OPENED:c-1, conf=0: peers:[s0|rpc:localhost:39295|admin:localhost:44843|client:localhost:40991|dataStream:localhost:40677|priority:0|startupRole:FOLLOWER]|listeners:[], old=null STARTING
  s2:  RUNNING  FOLLOWER s2@group-E264CA5F8311:t1, leader=s0, voted=null, raftlog=Memoized:s2@group-E264CA5F8311-SegmentedRaftLog:OPENED:c-1, conf=0: peers:[s0|rpc:localhost:39295|admin:localhost:44843|client:localhost:40991|dataStream:localhost:40677|priority:0|startupRole:FOLLOWER]|listeners:[], old=null STARTING
2023-08-18 03:37:30,378 [s0-server-thread1] INFO  server.RaftServer$Division (RaftServerImpl.java:setConfigurationAsync(1238)) - s0@group-E264CA5F8311: receive setConfiguration SetConfigurationRequest:client-255CF6B0DA3F->s0@group-E264CA5F8311, cid=386, seq=0, RW, null, SET_UNCONDITIONALLY, servers:[s1|rpc:0.0.0.0:34459|dataStream:|priority:0|startupRole:FOLLOWER, s2|rpc:0.0.0.0:43137|dataStream:|priority:0|startupRole:FOLLOWER, s0|rpc:localhost:39295|admin:localhost:44843|client:localhost:40991|dataStream:localhost:40677|priority:0|startupRole:FOLLOWER], listeners:[]
2023-08-18 03:37:30,432 [s0@group-E264CA5F8311-FollowerState] INFO  impl.FollowerState (FollowerState.java:run(143)) - s0@group-E264CA5F8311-FollowerState: change to CANDIDATE, lastRpcElapsedTime:261437147ns, electionTimeout:261ms
2023-08-18 03:37:30,432 [s0@group-E264CA5F8311-FollowerState] INFO  impl.RoleInfo (RoleInfo.java:shutdownFollowerState(109)) - s0: shutdown s0@group-E264CA5F8311-FollowerState
2023-08-18 03:37:30,432 [s0@group-E264CA5F8311-FollowerState] INFO  server.RaftServer$Division (RaftServerImpl.java:setRole(371)) - s0@group-E264CA5F8311: changes role from  FOLLOWER to CANDIDATE at term 1 for changeToCandidate
2023-08-18 03:37:30,432 [s0@group-E264CA5F8311-FollowerState] INFO  impl.SimpleStateMachine4Testing (SimpleStateMachine4Testing.java:notifyExtendedNoLeader(411)) - StateMachineWithMultiNestedSnapshotFile:s0:group-E264CA5F8311: notifyExtendedNoLeader group-E264CA5F8311, self {
  id: "s0"
  address: "localhost:39295"
  dataStreamAddress: "localhost:40677"
  clientAddress: "localhost:40991"
  adminAddress: "localhost:44843"
  startupRole: FOLLOWER
}
role: CANDIDATE
candidateInfo {
  lastLeaderElapsedTimeMs: 88716
}

2023-08-18 03:37:30,432 [s0@group-E264CA5F8311-FollowerState] INFO  server.RaftServerConfigKeys (ConfUtils.java:logGet(46)) - raft.server.leaderelection.pre-vote = true (default)
2023-08-18 03:37:30,432 [s0@group-E264CA5F8311-FollowerState] INFO  impl.RoleInfo (RoleInfo.java:updateAndGet(138)) - s0: start s0@group-E264CA5F8311-LeaderElection344
2023-08-18 03:37:30,433 [s0@group-E264CA5F8311-LeaderElection344] INFO  impl.LeaderElection (LeaderElection.java:askForVotes(320)) - s0@group-E264CA5F8311-LeaderElection344 PRE_VOTE round 0: submit vote requests at term 1 for 255: peers:[s0|rpc:localhost:39295|admin:localhost:44843|client:localhost:40991|dataStream:localhost:40677|priority:0|startupRole:FOLLOWER, s1|rpc:0.0.0.0:34459|dataStream:|priority:0|startupRole:FOLLOWER, s2|rpc:0.0.0.0:43137|dataStream:|priority:0|startupRole:FOLLOWER]|listeners:[], old=peers:[s0|rpc:localhost:39295|admin:localhost:44843|client:localhost:40991|dataStream:localhost:40677|priority:0|startupRole:FOLLOWER]|listeners:[]
2023-08-18 03:37:30,433 [grpc-default-executor-4] INFO  server.RaftServer$Division (RaftServerImpl.java:requestVote(1344)) - s2@group-E264CA5F8311: receive requestVote(PRE_VOTE, s0, group-E264CA5F8311, 1, (t:1, i:255))
2023-08-18 03:37:30,433 [grpc-default-executor-3] INFO  server.RaftServer$Division (RaftServerImpl.java:requestVote(1344)) - s1@group-E264CA5F8311: receive requestVote(PRE_VOTE, s0, group-E264CA5F8311, 1, (t:1, i:255))
2023-08-18 03:37:30,433 [grpc-default-executor-4] WARN  server.GrpcServerProtocolService (LogUtils.java:warn(122)) - s2: Failed requestVote s0->s2#0: org.apache.ratis.protocol.exceptions.ServerNotReadyException: s2@group-E264CA5F8311 is not in [RUNNING]: current state is STARTING
2023-08-18 03:37:30,434 [grpc-default-executor-3] WARN  server.GrpcServerProtocolService (LogUtils.java:warn(122)) - s1: Failed requestVote s0->s1#0: org.apache.ratis.protocol.exceptions.ServerNotReadyException: s1@group-E264CA5F8311 is not in [RUNNING]: current state is STARTING
2023-08-18 03:37:30,434 [s0@group-E264CA5F8311-LeaderElection344] INFO  impl.LeaderElection (LogUtils.java:infoOrTrace(137)) - s0@group-E264CA5F8311-LeaderElection344 got exception when requesting votes: java.util.concurrent.ExecutionException: org.apache.ratis.thirdparty.io.grpc.StatusRuntimeException: INTERNAL: s1@group-E264CA5F8311 is not in [RUNNING]: current state is STARTING
2023-08-18 03:37:30,434 [s0@group-E264CA5F8311-LeaderElection344] INFO  impl.LeaderElection (LogUtils.java:infoOrTrace(137)) - s0@group-E264CA5F8311-LeaderElection344 got exception when requesting votes: java.util.concurrent.ExecutionException: org.apache.ratis.thirdparty.io.grpc.StatusRuntimeException: INTERNAL: s2@group-E264CA5F8311 is not in [RUNNING]: current state is STARTING
2023-08-18 03:37:30,434 [s0@group-E264CA5F8311-LeaderElection344] INFO  impl.LeaderElection (LeaderElection.java:logAndReturn(89)) - s0@group-E264CA5F8311-LeaderElection344: PRE_VOTE REJECTED received 0 response(s) and 2 exception(s):
2023-08-18 03:37:30,434 [s0@group-E264CA5F8311-LeaderElection344] INFO  impl.LeaderElection (LogUtils.java:infoOrTrace(137)) -   Exception 0: java.util.concurrent.ExecutionException: org.apache.ratis.thirdparty.io.grpc.StatusRuntimeException: INTERNAL: s1@group-E264CA5F8311 is not in [RUNNING]: current state is STARTING
2023-08-18 03:37:30,434 [s0@group-E264CA5F8311-LeaderElection344] INFO  impl.LeaderElection (LogUtils.java:infoOrTrace(137)) -   Exception 1: java.util.concurrent.ExecutionException: org.apache.ratis.thirdparty.io.grpc.StatusRuntimeException: INTERNAL: s2@group-E264CA5F8311 is not in [RUNNING]: current state is STARTING
2023-08-18 03:37:30,434 [s0@group-E264CA5F8311-LeaderElection344] INFO  impl.LeaderElection (LeaderElection.java:askForVotes(322)) - s0@group-E264CA5F8311-LeaderElection344 PRE_VOTE round 0: result REJECTED
2023-08-18 03:37:30,434 [s0@group-E264CA5F8311-LeaderElection344] INFO  server.RaftServer$Division (RaftServerImpl.java:setRole(371)) - s0@group-E264CA5F8311: changes role from CANDIDATE to FOLLOWER at term 1 for REJECTED
2023-08-18 03:37:30,434 [s0@group-E264CA5F8311-LeaderElection344] INFO  impl.RoleInfo (RoleInfo.java:shutdownLeaderElection(129)) - s0: shutdown s0@group-E264CA5F8311-LeaderElection344
2023-08-18 03:37:30,434 [s0@group-E264CA5F8311-LeaderElection344] INFO  impl.RoleInfo (RoleInfo.java:updateAndGet(138)) - s0: start s0@group-E264CA5F8311-FollowerState
2023-08-18 03:37:30,481 [s1-server-thread1] INFO  server.RaftServer$Division (RaftServerImpl.java:setConfigurationAsync(1238)) - s1@group-E264CA5F8311: receive setConfiguration SetConfigurationRequest:client-255CF6B0DA3F->s1@group-E264CA5F8311, cid=386, seq=0, RW, null, SET_UNCONDITIONALLY, servers:[s1|rpc:0.0.0.0:34459|dataStream:|priority:0|startupRole:FOLLOWER, s2|rpc:0.0.0.0:43137|dataStream:|priority:0|startupRole:FOLLOWER, s0|rpc:localhost:39295|admin:localhost:44843|client:localhost:40991|dataStream:localhost:40677|priority:0|startupRole:FOLLOWER], listeners:[]
2023-08-18 03:37:30,584 [s2-server-thread1] INFO  server.RaftServer$Division (RaftServerImpl.java:setConfigurationAsync(1238)) - s2@group-E264CA5F8311: receive setConfiguration SetConfigurationRequest:client-255CF6B0DA3F->s2@group-E264CA5F8311, cid=386, seq=0, RW, null, SET_UNCONDITIONALLY, servers:[s1|rpc:0.0.0.0:34459|dataStream:|priority:0|startupRole:FOLLOWER, s2|rpc:0.0.0.0:43137|dataStream:|priority:0|startupRole:FOLLOWER, s0|rpc:localhost:39295|admin:localhost:44843|client:localhost:40991|dataStream:localhost:40677|priority:0|startupRole:FOLLOWER], listeners:[]
2023-08-18 03:37:30,688 [s1-server-thread1] INFO  server.RaftServer$Division (RaftServerImpl.java:setConfigurationAsync(1238)) - s1@group-E264CA5F8311: receive setConfiguration SetConfigurationRequest:client-255CF6B0DA3F->s1@group-E264CA5F8311, cid=386, seq=0, RW, null, SET_UNCONDITIONALLY, servers:[s1|rpc:0.0.0.0:34459|dataStream:|priority:0|startupRole:FOLLOWER, s2|rpc:0.0.0.0:43137|dataStream:|priority:0|startupRole:FOLLOWER, s0|rpc:localhost:39295|admin:localhost:44843|client:localhost:40991|dataStream:localhost:40677|priority:0|startupRole:FOLLOWER], listeners:[]
2023-08-18 03:37:30,705 [s0@group-E264CA5F8311-FollowerState] INFO  impl.FollowerState (FollowerState.java:run(143)) - s0@group-E264CA5F8311-FollowerState: change to CANDIDATE, lastRpcElapsedTime:271246074ns, electionTimeout:271ms
2023-08-18 03:37:30,706 [s0@group-E264CA5F8311-FollowerState] INFO  impl.RoleInfo (RoleInfo.java:shutdownFollowerState(109)) - s0: shutdown s0@group-E264CA5F8311-FollowerState
2023-08-18 03:37:30,706 [s0@group-E264CA5F8311-FollowerState] INFO  server.RaftServer$Division (RaftServerImpl.java:setRole(371)) - s0@group-E264CA5F8311: changes role from  FOLLOWER to CANDIDATE at term 1 for changeToCandidate
2023-08-18 03:37:30,706 [s0@group-E264CA5F8311-FollowerState] INFO  impl.SimpleStateMachine4Testing (SimpleStateMachine4Testing.java:notifyExtendedNoLeader(411)) - StateMachineWithMultiNestedSnapshotFile:s0:group-E264CA5F8311: notifyExtendedNoLeader group-E264CA5F8311, self {
  id: "s0"
  address: "localhost:39295"
  dataStreamAddress: "localhost:40677"
  clientAddress: "localhost:40991"
  adminAddress: "localhost:44843"
  startupRole: FOLLOWER
}
role: CANDIDATE
candidateInfo {
  lastLeaderElapsedTimeMs: 88989
}

2023-08-18 03:37:30,706 [s0@group-E264CA5F8311-FollowerState] INFO  server.RaftServerConfigKeys (ConfUtils.java:logGet(46)) - raft.server.leaderelection.pre-vote = true (default)
2023-08-18 03:37:30,706 [s0@group-E264CA5F8311-FollowerState] INFO  impl.RoleInfo (RoleInfo.java:updateAndGet(138)) - s0: start s0@group-E264CA5F8311-LeaderElection345
2023-08-18 03:37:30,706 [s0@group-E264CA5F8311-LeaderElection345] INFO  impl.LeaderElection (LeaderElection.java:askForVotes(320)) - s0@group-E264CA5F8311-LeaderElection345 PRE_VOTE round 0: submit vote requests at term 1 for 255: peers:[s0|rpc:localhost:39295|admin:localhost:44843|client:localhost:40991|dataStream:localhost:40677|priority:0|startupRole:FOLLOWER, s1|rpc:0.0.0.0:34459|dataStream:|priority:0|startupRole:FOLLOWER, s2|rpc:0.0.0.0:43137|dataStream:|priority:0|startupRole:FOLLOWER]|listeners:[], old=peers:[s0|rpc:localhost:39295|admin:localhost:44843|client:localhost:40991|dataStream:localhost:40677|priority:0|startupRole:FOLLOWER]|listeners:[]
2023-08-18 03:37:30,707 [grpc-default-executor-3] INFO  server.RaftServer$Division (RaftServerImpl.java:requestVote(1344)) - s2@group-E264CA5F8311: receive requestVote(PRE_VOTE, s0, group-E264CA5F8311, 1, (t:1, i:255))
2023-08-18 03:37:30,707 [grpc-default-executor-4] INFO  server.RaftServer$Division (RaftServerImpl.java:requestVote(1344)) - s1@group-E264CA5F8311: receive requestVote(PRE_VOTE, s0, group-E264CA5F8311, 1, (t:1, i:255))
2023-08-18 03:37:30,707 [grpc-default-executor-3] WARN  server.GrpcServerProtocolService (LogUtils.java:warn(122)) - s2: Failed requestVote s0->s2#0: org.apache.ratis.protocol.exceptions.ServerNotReadyException: s2@group-E264CA5F8311 is not in [RUNNING]: current state is STARTING
2023-08-18 03:37:30,707 [grpc-default-executor-4] WARN  server.GrpcServerProtocolService (LogUtils.java:warn(122)) - s1: Failed requestVote s0->s1#0: org.apache.ratis.protocol.exceptions.ServerNotReadyException: s1@group-E264CA5F8311 is not in [RUNNING]: current state is STARTING
2023-08-18 03:37:30,707 [s0@group-E264CA5F8311-LeaderElection345] INFO  impl.LeaderElection (LogUtils.java:infoOrTrace(137)) - s0@group-E264CA5F8311-LeaderElection345 got exception when requesting votes: java.util.concurrent.ExecutionException: org.apache.ratis.thirdparty.io.grpc.StatusRuntimeException: INTERNAL: s1@group-E264CA5F8311 is not in [RUNNING]: current state is STARTING
2023-08-18 03:37:30,707 [s0@group-E264CA5F8311-LeaderElection345] INFO  impl.LeaderElection (LogUtils.java:infoOrTrace(137)) - s0@group-E264CA5F8311-LeaderElection345 got exception when requesting votes: java.util.concurrent.ExecutionException: org.apache.ratis.thirdparty.io.grpc.StatusRuntimeException: INTERNAL: s2@group-E264CA5F8311 is not in [RUNNING]: current state is STARTING
2023-08-18 03:37:30,707 [s0@group-E264CA5F8311-LeaderElection345] INFO  impl.LeaderElection (LeaderElection.java:logAndReturn(89)) - s0@group-E264CA5F8311-LeaderElection345: PRE_VOTE REJECTED received 0 response(s) and 2 exception(s):
2023-08-18 03:37:30,707 [s0@group-E264CA5F8311-LeaderElection345] INFO  impl.LeaderElection (LogUtils.java:infoOrTrace(137)) -   Exception 0: java.util.concurrent.ExecutionException: org.apache.ratis.thirdparty.io.grpc.StatusRuntimeException: INTERNAL: s1@group-E264CA5F8311 is not in [RUNNING]: current state is STARTING
2023-08-18 03:37:30,707 [s0@group-E264CA5F8311-LeaderElection345] INFO  impl.LeaderElection (LogUtils.java:infoOrTrace(137)) -   Exception 1: java.util.concurrent.ExecutionException: org.apache.ratis.thirdparty.io.grpc.StatusRuntimeException: INTERNAL: s2@group-E264CA5F8311 is not in [RUNNING]: current state is STARTING
2023-08-18 03:37:30,707 [s0@group-E264CA5F8311-LeaderElection345] INFO  impl.LeaderElection (LeaderElection.java:askForVotes(322)) - s0@group-E264CA5F8311-LeaderElection345 PRE_VOTE round 0: result REJECTED
2023-08-18 03:37:30,707 [s0@group-E264CA5F8311-LeaderElection345] INFO  server.RaftServer$Division (RaftServerImpl.java:setRole(371)) - s0@group-E264CA5F8311: changes role from CANDIDATE to FOLLOWER at term 1 for REJECTED
2023-08-18 03:37:30,708 [s0@group-E264CA5F8311-LeaderElection345] INFO  impl.RoleInfo (RoleInfo.java:shutdownLeaderElection(129)) - s0: shutdown s0@group-E264CA5F8311-LeaderElection345
2023-08-18 03:37:30,708 [s0@group-E264CA5F8311-LeaderElection345] INFO  impl.RoleInfo (RoleInfo.java:updateAndGet(138)) - s0: start s0@group-E264CA5F8311-FollowerState
2023-08-18 03:37:30,791 [s0-server-thread1] INFO  server.RaftServer$Division (RaftServerImpl.java:setConfigurationAsync(1238)) - s0@group-E264CA5F8311: receive setConfiguration SetConfigurationRequest:client-255CF6B0DA3F->s0@group-E264CA5F8311, cid=386, seq=0, RW, null, SET_UNCONDITIONALLY, servers:[s1|rpc:0.0.0.0:34459|dataStream:|priority:0|startupRole:FOLLOWER, s2|rpc:0.0.0.0:43137|dataStream:|priority:0|startupRole:FOLLOWER, s0|rpc:localhost:39295|admin:localhost:44843|client:localhost:40991|dataStream:localhost:40677|priority:0|startupRole:FOLLOWER], listeners:[]
2023-08-18 03:37:30,895 [s2-server-thread1] INFO  server.RaftServer$Division (RaftServerImpl.java:setConfigurationAsync(1238)) - s2@group-E264CA5F8311: receive setConfiguration SetConfigurationRequest:client-255CF6B0DA3F->s2@group-E264CA5F8311, cid=386, seq=0, RW, null, SET_UNCONDITIONALLY, servers:[s1|rpc:0.0.0.0:34459|dataStream:|priority:0|startupRole:FOLLOWER, s2|rpc:0.0.0.0:43137|dataStream:|priority:0|startupRole:FOLLOWER, s0|rpc:localhost:39295|admin:localhost:44843|client:localhost:40991|dataStream:localhost:40677|priority:0|startupRole:FOLLOWER], listeners:[]
2023-08-18 03:37:30,906 [s0@group-E264CA5F8311-FollowerState] INFO  impl.FollowerState (FollowerState.java:run(143)) - s0@group-E264CA5F8311-FollowerState: change to CANDIDATE, lastRpcElapsedTime:198213519ns, electionTimeout:198ms
2023-08-18 03:37:30,906 [s0@group-E264CA5F8311-FollowerState] INFO  impl.RoleInfo (RoleInfo.java:shutdownFollowerState(109)) - s0: shutdown s0@group-E264CA5F8311-FollowerState
2023-08-18 03:37:30,906 [s0@group-E264CA5F8311-FollowerState] INFO  server.RaftServer$Division (RaftServerImpl.java:setRole(371)) - s0@group-E264CA5F8311: changes role from  FOLLOWER to CANDIDATE at term 1 for changeToCandidate
2023-08-18 03:37:30,906 [s0@group-E264CA5F8311-FollowerState] INFO  impl.SimpleStateMachine4Testing (SimpleStateMachine4Testing.java:notifyExtendedNoLeader(411)) - StateMachineWithMultiNestedSnapshotFile:s0:group-E264CA5F8311: notifyExtendedNoLeader group-E264CA5F8311, self {
  id: "s0"
  address: "localhost:39295"
  dataStreamAddress: "localhost:40677"
  clientAddress: "localhost:40991"
  adminAddress: "localhost:44843"
  startupRole: FOLLOWER
}
role: CANDIDATE
candidateInfo {
  lastLeaderElapsedTimeMs: 89190
}

2023-08-18 03:37:30,906 [s0@group-E264CA5F8311-FollowerState] INFO  server.RaftServerConfigKeys (ConfUtils.java:logGet(46)) - raft.server.leaderelection.pre-vote = true (default)
2023-08-18 03:37:30,906 [s0@group-E264CA5F8311-FollowerState] INFO  impl.RoleInfo (RoleInfo.java:updateAndGet(138)) - s0: start s0@group-E264CA5F8311-LeaderElection346
2023-08-18 03:37:30,906 [s0@group-E264CA5F8311-LeaderElection346] INFO  impl.LeaderElection (LeaderElection.java:askForVotes(320)) - s0@group-E264CA5F8311-LeaderElection346 PRE_VOTE round 0: submit vote requests at term 1 for 255: peers:[s0|rpc:localhost:39295|admin:localhost:44843|client:localhost:40991|dataStream:localhost:40677|priority:0|startupRole:FOLLOWER, s1|rpc:0.0.0.0:34459|dataStream:|priority:0|startupRole:FOLLOWER, s2|rpc:0.0.0.0:43137|dataStream:|priority:0|startupRole:FOLLOWER]|listeners:[], old=peers:[s0|rpc:localhost:39295|admin:localhost:44843|client:localhost:40991|dataStream:localhost:40677|priority:0|startupRole:FOLLOWER]|listeners:[]
2023-08-18 03:37:30,907 [grpc-default-executor-3] INFO  server.RaftServer$Division (RaftServerImpl.java:requestVote(1344)) - s2@group-E264CA5F8311: receive requestVote(PRE_VOTE, s0, group-E264CA5F8311, 1, (t:1, i:255))
2023-08-18 03:37:30,907 [grpc-default-executor-3] WARN  server.GrpcServerProtocolService (LogUtils.java:warn(122)) - s2: Failed requestVote s0->s2#0: org.apache.ratis.protocol.exceptions.ServerNotReadyException: s2@group-E264CA5F8311 is not in [RUNNING]: current state is STARTING
2023-08-18 03:37:30,907 [grpc-default-executor-4] INFO  server.RaftServer$Division (RaftServerImpl.java:requestVote(1344)) - s1@group-E264CA5F8311: receive requestVote(PRE_VOTE, s0, group-E264CA5F8311, 1, (t:1, i:255))
2023-08-18 03:37:30,907 [grpc-default-executor-4] WARN  server.GrpcServerProtocolService (LogUtils.java:warn(122)) - s1: Failed requestVote s0->s1#0: org.apache.ratis.protocol.exceptions.ServerNotReadyException: s1@group-E264CA5F8311 is not in [RUNNING]: current state is STARTING
2023-08-18 03:37:30,908 [s0@group-E264CA5F8311-LeaderElection346] INFO  impl.LeaderElection (LogUtils.java:infoOrTrace(137)) - s0@group-E264CA5F8311-LeaderElection346 got exception when requesting votes: java.util.concurrent.ExecutionException: org.apache.ratis.thirdparty.io.grpc.StatusRuntimeException: INTERNAL: s2@group-E264CA5F8311 is not in [RUNNING]: current state is STARTING
2023-08-18 03:37:30,908 [s0@group-E264CA5F8311-LeaderElection346] INFO  impl.LeaderElection (LogUtils.java:infoOrTrace(137)) - s0@group-E264CA5F8311-LeaderElection346 got exception when requesting votes: java.util.concurrent.ExecutionException: org.apache.ratis.thirdparty.io.grpc.StatusRuntimeException: INTERNAL: s1@group-E264CA5F8311 is not in [RUNNING]: current state is STARTING
2023-08-18 03:37:30,908 [s0@group-E264CA5F8311-LeaderElection346] INFO  impl.LeaderElection (LeaderElection.java:logAndReturn(89)) - s0@group-E264CA5F8311-LeaderElection346: PRE_VOTE REJECTED received 0 response(s) and 2 exception(s):
2023-08-18 03:37:30,908 [s0@group-E264CA5F8311-LeaderElection346] INFO  impl.LeaderElection (LogUtils.java:infoOrTrace(137)) -   Exception 0: java.util.concurrent.ExecutionException: org.apache.ratis.thirdparty.io.grpc.StatusRuntimeException: INTERNAL: s2@group-E264CA5F8311 is not in [RUNNING]: current state is STARTING
2023-08-18 03:37:30,908 [s0@group-E264CA5F8311-LeaderElection346] INFO  impl.LeaderElection (LogUtils.java:infoOrTrace(137)) -   Exception 1: java.util.concurrent.ExecutionException: org.apache.ratis.thirdparty.io.grpc.StatusRuntimeException: INTERNAL: s1@group-E264CA5F8311 is not in [RUNNING]: current state is STARTING
2023-08-18 03:37:30,908 [s0@group-E264CA5F8311-LeaderElection346] INFO  impl.LeaderElection (LeaderElection.java:askForVotes(322)) - s0@group-E264CA5F8311-LeaderElection346 PRE_VOTE round 0: result REJECTED
2023-08-18 03:37:30,908 [s0@group-E264CA5F8311-LeaderElection346] INFO  server.RaftServer$Division (RaftServerImpl.java:setRole(371)) - s0@group-E264CA5F8311: changes role from CANDIDATE to FOLLOWER at term 1 for REJECTED
2023-08-18 03:37:30,908 [s0@group-E264CA5F8311-LeaderElection346] INFO  impl.RoleInfo (RoleInfo.java:shutdownLeaderElection(129)) - s0: shutdown s0@group-E264CA5F8311-LeaderElection346
2023-08-18 03:37:30,908 [s0@group-E264CA5F8311-LeaderElection346] INFO  impl.RoleInfo (RoleInfo.java:updateAndGet(138)) - s0: start s0@group-E264CA5F8311-FollowerState
2023-08-18 03:37:30,998 [s0-server-thread1] INFO  server.RaftServer$Division (RaftServerImpl.java:setConfigurationAsync(1238)) - s0@group-E264CA5F8311: receive setConfiguration SetConfigurationRequest:client-255CF6B0DA3F->s0@group-E264CA5F8311, cid=386, seq=0, RW, null, SET_UNCONDITIONALLY, servers:[s1|rpc:0.0.0.0:34459|dataStream:|priority:0|startupRole:FOLLOWER, s2|rpc:0.0.0.0:43137|dataStream:|priority:0|startupRole:FOLLOWER, s0|rpc:localhost:39295|admin:localhost:44843|client:localhost:40991|dataStream:localhost:40677|priority:0|startupRole:FOLLOWER], listeners:[]
2023-08-18 03:37:31,102 [s1-server-thread1] INFO  server.RaftServer$Division (RaftServerImpl.java:setConfigurationAsync(1238)) - s1@group-E264CA5F8311: receive setConfiguration SetConfigurationRequest:client-255CF6B0DA3F->s1@group-E264CA5F8311, cid=386, seq=0, RW, null, SET_UNCONDITIONALLY, servers:[s1|rpc:0.0.0.0:34459|dataStream:|priority:0|startupRole:FOLLOWER, s2|rpc:0.0.0.0:43137|dataStream:|priority:0|startupRole:FOLLOWER, s0|rpc:localhost:39295|admin:localhost:44843|client:localhost:40991|dataStream:localhost:40677|priority:0|startupRole:FOLLOWER], listeners:[]
2023-08-18 03:37:31,199 [s0@group-E264CA5F8311-FollowerState] INFO  impl.FollowerState (FollowerState.java:run(143)) - s0@group-E264CA5F8311-FollowerState: change to CANDIDATE, lastRpcElapsedTime:291234925ns, electionTimeout:291ms
2023-08-18 03:37:31,199 [s0@group-E264CA5F8311-FollowerState] INFO  impl.RoleInfo (RoleInfo.java:shutdownFollowerState(109)) - s0: shutdown s0@group-E264CA5F8311-FollowerState
2023-08-18 03:37:31,199 [s0@group-E264CA5F8311-FollowerState] INFO  server.RaftServer$Division (RaftServerImpl.java:setRole(371)) - s0@group-E264CA5F8311: changes role from  FOLLOWER to CANDIDATE at term 1 for changeToCandidate
2023-08-18 03:37:31,200 [s0@group-E264CA5F8311-FollowerState] INFO  impl.SimpleStateMachine4Testing (SimpleStateMachine4Testing.java:notifyExtendedNoLeader(411)) - StateMachineWithMultiNestedSnapshotFile:s0:group-E264CA5F8311: notifyExtendedNoLeader group-E264CA5F8311, self {
  id: "s0"
  address: "localhost:39295"
  dataStreamAddress: "localhost:40677"
  clientAddress: "localhost:40991"
  adminAddress: "localhost:44843"
  startupRole: FOLLOWER
}
role: CANDIDATE
candidateInfo {
  lastLeaderElapsedTimeMs: 89483
}

2023-08-18 03:37:31,200 [s0@group-E264CA5F8311-FollowerState] INFO  server.RaftServerConfigKeys (ConfUtils.java:logGet(46)) - raft.server.leaderelection.pre-vote = true (default)
2023-08-18 03:37:31,200 [s0@group-E264CA5F8311-FollowerState] INFO  impl.RoleInfo (RoleInfo.java:updateAndGet(138)) - s0: start s0@group-E264CA5F8311-LeaderElection347
2023-08-18 03:37:31,200 [s0@group-E264CA5F8311-LeaderElection347] INFO  impl.LeaderElection (LeaderElection.java:askForVotes(320)) - s0@group-E264CA5F8311-LeaderElection347 PRE_VOTE round 0: submit vote requests at term 1 for 255: peers:[s0|rpc:localhost:39295|admin:localhost:44843|client:localhost:40991|dataStream:localhost:40677|priority:0|startupRole:FOLLOWER, s1|rpc:0.0.0.0:34459|dataStream:|priority:0|startupRole:FOLLOWER, s2|rpc:0.0.0.0:43137|dataStream:|priority:0|startupRole:FOLLOWER]|listeners:[], old=peers:[s0|rpc:localhost:39295|admin:localhost:44843|client:localhost:40991|dataStream:localhost:40677|priority:0|startupRole:FOLLOWER]|listeners:[]
2023-08-18 03:37:31,201 [grpc-default-executor-3] INFO  server.RaftServer$Division (RaftServerImpl.java:requestVote(1344)) - s1@group-E264CA5F8311: receive requestVote(PRE_VOTE, s0, group-E264CA5F8311, 1, (t:1, i:255))
2023-08-18 03:37:31,201 [grpc-default-executor-3] WARN  server.GrpcServerProtocolService (LogUtils.java:warn(122)) - s1: Failed requestVote s0->s1#0: org.apache.ratis.protocol.exceptions.ServerNotReadyException: s1@group-E264CA5F8311 is not in [RUNNING]: current state is STARTING
2023-08-18 03:37:31,201 [grpc-default-executor-3] INFO  server.RaftServer$Division (RaftServerImpl.java:requestVote(1344)) - s2@group-E264CA5F8311: receive requestVote(PRE_VOTE, s0, group-E264CA5F8311, 1, (t:1, i:255))
2023-08-18 03:37:31,201 [grpc-default-executor-3] WARN  server.GrpcServerProtocolService (LogUtils.java:warn(122)) - s2: Failed requestVote s0->s2#0: org.apache.ratis.protocol.exceptions.ServerNotReadyException: s2@group-E264CA5F8311 is not in [RUNNING]: current state is STARTING
2023-08-18 03:37:31,201 [s0@group-E264CA5F8311-LeaderElection347] INFO  impl.LeaderElection (LogUtils.java:infoOrTrace(137)) - s0@group-E264CA5F8311-LeaderElection347 got exception when requesting votes: java.util.concurrent.ExecutionException: org.apache.ratis.thirdparty.io.grpc.StatusRuntimeException: INTERNAL: s1@group-E264CA5F8311 is not in [RUNNING]: current state is STARTING
2023-08-18 03:37:31,201 [s0@group-E264CA5F8311-LeaderElection347] INFO  impl.LeaderElection (LogUtils.java:infoOrTrace(137)) - s0@group-E264CA5F8311-LeaderElection347 got exception when requesting votes: java.util.concurrent.ExecutionException: org.apache.ratis.thirdparty.io.grpc.StatusRuntimeException: INTERNAL: s2@group-E264CA5F8311 is not in [RUNNING]: current state is STARTING
2023-08-18 03:37:31,201 [s0@group-E264CA5F8311-LeaderElection347] INFO  impl.LeaderElection (LeaderElection.java:logAndReturn(89)) - s0@group-E264CA5F8311-LeaderElection347: PRE_VOTE REJECTED received 0 response(s) and 2 exception(s):
2023-08-18 03:37:31,201 [s0@group-E264CA5F8311-LeaderElection347] INFO  impl.LeaderElection (LogUtils.java:infoOrTrace(137)) -   Exception 0: java.util.concurrent.ExecutionException: org.apache.ratis.thirdparty.io.grpc.StatusRuntimeException: INTERNAL: s1@group-E264CA5F8311 is not in [RUNNING]: current state is STARTING
2023-08-18 03:37:31,201 [s0@group-E264CA5F8311-LeaderElection347] INFO  impl.LeaderElection (LogUtils.java:infoOrTrace(137)) -   Exception 1: java.util.concurrent.ExecutionException: org.apache.ratis.thirdparty.io.grpc.StatusRuntimeException: INTERNAL: s2@group-E264CA5F8311 is not in [RUNNING]: current state is STARTING
2023-08-18 03:37:31,201 [s0@group-E264CA5F8311-LeaderElection347] INFO  impl.LeaderElection (LeaderElection.java:askForVotes(322)) - s0@group-E264CA5F8311-LeaderElection347 PRE_VOTE round 0: result REJECTED
2023-08-18 03:37:31,201 [s0@group-E264CA5F8311-LeaderElection347] INFO  server.RaftServer$Division (RaftServerImpl.java:setRole(371)) - s0@group-E264CA5F8311: changes role from CANDIDATE to FOLLOWER at term 1 for REJECTED
2023-08-18 03:37:31,202 [s0@group-E264CA5F8311-LeaderElection347] INFO  impl.RoleInfo (RoleInfo.java:shutdownLeaderElection(129)) - s0: shutdown s0@group-E264CA5F8311-LeaderElection347
2023-08-18 03:37:31,202 [s0@group-E264CA5F8311-LeaderElection347] INFO  impl.RoleInfo (RoleInfo.java:updateAndGet(138)) - s0: start s0@group-E264CA5F8311-FollowerState
2023-08-18 03:37:31,205 [s2-server-thread1] INFO  server.RaftServer$Division (RaftServerImpl.java:setConfigurationAsync(1238)) - s2@group-E264CA5F8311: receive setConfiguration SetConfigurationRequest:client-255CF6B0DA3F->s2@group-E264CA5F8311, cid=386, seq=0, RW, null, SET_UNCONDITIONALLY, servers:[s1|rpc:0.0.0.0:34459|dataStream:|priority:0|startupRole:FOLLOWER, s2|rpc:0.0.0.0:43137|dataStream:|priority:0|startupRole:FOLLOWER, s0|rpc:localhost:39295|admin:localhost:44843|client:localhost:40991|dataStream:localhost:40677|priority:0|startupRole:FOLLOWER], listeners:[]
2023-08-18 03:37:31,308 [s0-server-thread1] INFO  server.RaftServer$Division (RaftServerImpl.java:setConfigurationAsync(1238)) - s0@group-E264CA5F8311: receive setConfiguration SetConfigurationRequest:client-255CF6B0DA3F->s0@group-E264CA5F8311, cid=386, seq=0, RW, null, SET_UNCONDITIONALLY, servers:[s1|rpc:0.0.0.0:34459|dataStream:|priority:0|startupRole:FOLLOWER, s2|rpc:0.0.0.0:43137|dataStream:|priority:0|startupRole:FOLLOWER, s0|rpc:localhost:39295|admin:localhost:44843|client:localhost:40991|dataStream:localhost:40677|priority:0|startupRole:FOLLOWER], listeners:[]
2023-08-18 03:37:31,411 [s1-server-thread1] INFO  server.RaftServer$Division (RaftServerImpl.java:setConfigurationAsync(1238)) - s1@group-E264CA5F8311: receive setConfiguration SetConfigurationRequest:client-255CF6B0DA3F->s1@group-E264CA5F8311, cid=386, seq=0, RW, null, SET_UNCONDITIONALLY, servers:[s1|rpc:0.0.0.0:34459|dataStream:|priority:0|startupRole:FOLLOWER, s2|rpc:0.0.0.0:43137|dataStream:|priority:0|startupRole:FOLLOWER, s0|rpc:localhost:39295|admin:localhost:44843|client:localhost:40991|dataStream:localhost:40677|priority:0|startupRole:FOLLOWER], listeners:[]
2023-08-18 03:37:31,446 [s0@group-E264CA5F8311-FollowerState] INFO  impl.FollowerState (FollowerState.java:run(143)) - s0@group-E264CA5F8311-FollowerState: change to CANDIDATE, lastRpcElapsedTime:244235276ns, electionTimeout:244ms
2023-08-18 03:37:31,446 [s0@group-E264CA5F8311-FollowerState] INFO  impl.RoleInfo (RoleInfo.java:shutdownFollowerState(109)) - s0: shutdown s0@group-E264CA5F8311-FollowerState
2023-08-18 03:37:31,446 [s0@group-E264CA5F8311-FollowerState] INFO  server.RaftServer$Division (RaftServerImpl.java:setRole(371)) - s0@group-E264CA5F8311: changes role from  FOLLOWER to CANDIDATE at term 1 for changeToCandidate
2023-08-18 03:37:31,446 [s0@group-E264CA5F8311-FollowerState] INFO  impl.SimpleStateMachine4Testing (SimpleStateMachine4Testing.java:notifyExtendedNoLeader(411)) - StateMachineWithMultiNestedSnapshotFile:s0:group-E264CA5F8311: notifyExtendedNoLeader group-E264CA5F8311, self {
  id: "s0"
  address: "localhost:39295"
  dataStreamAddress: "localhost:40677"
  clientAddress: "localhost:40991"
  adminAddress: "localhost:44843"
  startupRole: FOLLOWER
}
role: CANDIDATE
candidateInfo {
  lastLeaderElapsedTimeMs: 89730
}

2023-08-18 03:37:31,446 [s0@group-E264CA5F8311-FollowerState] INFO  server.RaftServerConfigKeys (ConfUtils.java:logGet(46)) - raft.server.leaderelection.pre-vote = true (default)
2023-08-18 03:37:31,446 [s0@group-E264CA5F8311-FollowerState] INFO  impl.RoleInfo (RoleInfo.java:updateAndGet(138)) - s0: start s0@group-E264CA5F8311-LeaderElection348
2023-08-18 03:37:31,446 [s0@group-E264CA5F8311-LeaderElection348] INFO  impl.LeaderElection (LeaderElection.java:askForVotes(320)) - s0@group-E264CA5F8311-LeaderElection348 PRE_VOTE round 0: submit vote requests at term 1 for 255: peers:[s0|rpc:localhost:39295|admin:localhost:44843|client:localhost:40991|dataStream:localhost:40677|priority:0|startupRole:FOLLOWER, s1|rpc:0.0.0.0:34459|dataStream:|priority:0|startupRole:FOLLOWER, s2|rpc:0.0.0.0:43137|dataStream:|priority:0|startupRole:FOLLOWER]|listeners:[], old=peers:[s0|rpc:localhost:39295|admin:localhost:44843|client:localhost:40991|dataStream:localhost:40677|priority:0|startupRole:FOLLOWER]|listeners:[]
2023-08-18 03:37:31,447 [grpc-default-executor-3] INFO  server.RaftServer$Division (RaftServerImpl.java:requestVote(1344)) - s1@group-E264CA5F8311: receive requestVote(PRE_VOTE, s0, group-E264CA5F8311, 1, (t:1, i:255))
2023-08-18 03:37:31,447 [grpc-default-executor-4] INFO  server.RaftServer$Division (RaftServerImpl.java:requestVote(1344)) - s2@group-E264CA5F8311: receive requestVote(PRE_VOTE, s0, group-E264CA5F8311, 1, (t:1, i:255))
2023-08-18 03:37:31,447 [grpc-default-executor-3] WARN  server.GrpcServerProtocolService (LogUtils.java:warn(122)) - s1: Failed requestVote s0->s1#0: org.apache.ratis.protocol.exceptions.ServerNotReadyException: s1@group-E264CA5F8311 is not in [RUNNING]: current state is STARTING
2023-08-18 03:37:31,447 [grpc-default-executor-4] WARN  server.GrpcServerProtocolService (LogUtils.java:warn(122)) - s2: Failed requestVote s0->s2#0: org.apache.ratis.protocol.exceptions.ServerNotReadyException: s2@group-E264CA5F8311 is not in [RUNNING]: current state is STARTING
2023-08-18 03:37:31,448 [s0@group-E264CA5F8311-LeaderElection348] INFO  impl.LeaderElection (LogUtils.java:infoOrTrace(137)) - s0@group-E264CA5F8311-LeaderElection348 got exception when requesting votes: java.util.concurrent.ExecutionException: org.apache.ratis.thirdparty.io.grpc.StatusRuntimeException: INTERNAL: s2@group-E264CA5F8311 is not in [RUNNING]: current state is STARTING
2023-08-18 03:37:31,448 [s0@group-E264CA5F8311-LeaderElection348] INFO  impl.LeaderElection (LogUtils.java:infoOrTrace(137)) - s0@group-E264CA5F8311-LeaderElection348 got exception when requesting votes: java.util.concurrent.ExecutionException: org.apache.ratis.thirdparty.io.grpc.StatusRuntimeException: INTERNAL: s1@group-E264CA5F8311 is not in [RUNNING]: current state is STARTING
2023-08-18 03:37:31,448 [s0@group-E264CA5F8311-LeaderElection348] INFO  impl.LeaderElection (LeaderElection.java:logAndReturn(89)) - s0@group-E264CA5F8311-LeaderElection348: PRE_VOTE REJECTED received 0 response(s) and 2 exception(s):
2023-08-18 03:37:31,448 [s0@group-E264CA5F8311-LeaderElection348] INFO  impl.LeaderElection (LogUtils.java:infoOrTrace(137)) -   Exception 0: java.util.concurrent.ExecutionException: org.apache.ratis.thirdparty.io.grpc.StatusRuntimeException: INTERNAL: s2@group-E264CA5F8311 is not in [RUNNING]: current state is STARTING
2023-08-18 03:37:31,448 [s0@group-E264CA5F8311-LeaderElection348] INFO  impl.LeaderElection (LogUtils.java:infoOrTrace(137)) -   Exception 1: java.util.concurrent.ExecutionException: org.apache.ratis.thirdparty.io.grpc.StatusRuntimeException: INTERNAL: s1@group-E264CA5F8311 is not in [RUNNING]: current state is STARTING
2023-08-18 03:37:31,448 [s0@group-E264CA5F8311-LeaderElection348] INFO  impl.LeaderElection (LeaderElection.java:askForVotes(322)) - s0@group-E264CA5F8311-LeaderElection348 PRE_VOTE round 0: result REJECTED
2023-08-18 03:37:31,448 [s0@group-E264CA5F8311-LeaderElection348] INFO  server.RaftServer$Division (RaftServerImpl.java:setRole(371)) - s0@group-E264CA5F8311: changes role from CANDIDATE to FOLLOWER at term 1 for REJECTED
2023-08-18 03:37:31,448 [s0@group-E264CA5F8311-LeaderElection348] INFO  impl.RoleInfo (RoleInfo.java:shutdownLeaderElection(129)) - s0: shutdown s0@group-E264CA5F8311-LeaderElection348
2023-08-18 03:37:31,448 [s0@group-E264CA5F8311-LeaderElection348] INFO  impl.RoleInfo (RoleInfo.java:updateAndGet(138)) - s0: start s0@group-E264CA5F8311-FollowerState
2023-08-18 03:37:31,514 [s2-server-thread1] INFO  server.RaftServer$Division (RaftServerImpl.java:setConfigurationAsync(1238)) - s2@group-E264CA5F8311: receive setConfiguration SetConfigurationRequest:client-255CF6B0DA3F->s2@group-E264CA5F8311, cid=386, seq=0, RW, null, SET_UNCONDITIONALLY, servers:[s1|rpc:0.0.0.0:34459|dataStream:|priority:0|startupRole:FOLLOWER, s2|rpc:0.0.0.0:43137|dataStream:|priority:0|startupRole:FOLLOWER, s0|rpc:localhost:39295|admin:localhost:44843|client:localhost:40991|dataStream:localhost:40677|priority:0|startupRole:FOLLOWER], listeners:[]
2023-08-18 03:37:31,618 [s0-server-thread1] INFO  server.RaftServer$Division (RaftServerImpl.java:setConfigurationAsync(1238)) - s0@group-E264CA5F8311: receive setConfiguration SetConfigurationRequest:client-255CF6B0DA3F->s0@group-E264CA5F8311, cid=386, seq=0, RW, null, SET_UNCONDITIONALLY, servers:[s1|rpc:0.0.0.0:34459|dataStream:|priority:0|startupRole:FOLLOWER, s2|rpc:0.0.0.0:43137|dataStream:|priority:0|startupRole:FOLLOWER, s0|rpc:localhost:39295|admin:localhost:44843|client:localhost:40991|dataStream:localhost:40677|priority:0|startupRole:FOLLOWER], listeners:[]
2023-08-18 03:37:31,682 [s0@group-E264CA5F8311-FollowerState] INFO  impl.FollowerState (FollowerState.java:run(143)) - s0@group-E264CA5F8311-FollowerState: change to CANDIDATE, lastRpcElapsedTime:234383349ns, electionTimeout:234ms
2023-08-18 03:37:31,683 [s0@group-E264CA5F8311-FollowerState] INFO  impl.RoleInfo (RoleInfo.java:shutdownFollowerState(109)) - s0: shutdown s0@group-E264CA5F8311-FollowerState
2023-08-18 03:37:31,683 [s0@group-E264CA5F8311-FollowerState] INFO  server.RaftServer$Division (RaftServerImpl.java:setRole(371)) - s0@group-E264CA5F8311: changes role from  FOLLOWER to CANDIDATE at term 1 for changeToCandidate
2023-08-18 03:37:31,683 [s0@group-E264CA5F8311-FollowerState] INFO  impl.SimpleStateMachine4Testing (SimpleStateMachine4Testing.java:notifyExtendedNoLeader(411)) - StateMachineWithMultiNestedSnapshotFile:s0:group-E264CA5F8311: notifyExtendedNoLeader group-E264CA5F8311, self {
  id: "s0"
  address: "localhost:39295"
  dataStreamAddress: "localhost:40677"
  clientAddress: "localhost:40991"
  adminAddress: "localhost:44843"
  startupRole: FOLLOWER
}
role: CANDIDATE
candidateInfo {
  lastLeaderElapsedTimeMs: 89966
}

2023-08-18 03:37:31,683 [s0@group-E264CA5F8311-FollowerState] INFO  server.RaftServerConfigKeys (ConfUtils.java:logGet(46)) - raft.server.leaderelection.pre-vote = true (default)
2023-08-18 03:37:31,683 [s0@group-E264CA5F8311-FollowerState] INFO  impl.RoleInfo (RoleInfo.java:updateAndGet(138)) - s0: start s0@group-E264CA5F8311-LeaderElection349
2023-08-18 03:37:31,683 [s0@group-E264CA5F8311-LeaderElection349] INFO  impl.LeaderElection (LeaderElection.java:askForVotes(320)) - s0@group-E264CA5F8311-LeaderElection349 PRE_VOTE round 0: submit vote requests at term 1 for 255: peers:[s0|rpc:localhost:39295|admin:localhost:44843|client:localhost:40991|dataStream:localhost:40677|priority:0|startupRole:FOLLOWER, s1|rpc:0.0.0.0:34459|dataStream:|priority:0|startupRole:FOLLOWER, s2|rpc:0.0.0.0:43137|dataStream:|priority:0|startupRole:FOLLOWER]|listeners:[], old=peers:[s0|rpc:localhost:39295|admin:localhost:44843|client:localhost:40991|dataStream:localhost:40677|priority:0|startupRole:FOLLOWER]|listeners:[]
2023-08-18 03:37:31,684 [grpc-default-executor-4] INFO  server.RaftServer$Division (RaftServerImpl.java:requestVote(1344)) - s2@group-E264CA5F8311: receive requestVote(PRE_VOTE, s0, group-E264CA5F8311, 1, (t:1, i:255))
2023-08-18 03:37:31,684 [grpc-default-executor-3] INFO  server.RaftServer$Division (RaftServerImpl.java:requestVote(1344)) - s1@group-E264CA5F8311: receive requestVote(PRE_VOTE, s0, group-E264CA5F8311, 1, (t:1, i:255))
2023-08-18 03:37:31,684 [grpc-default-executor-4] WARN  server.GrpcServerProtocolService (LogUtils.java:warn(122)) - s2: Failed requestVote s0->s2#0: org.apache.ratis.protocol.exceptions.ServerNotReadyException: s2@group-E264CA5F8311 is not in [RUNNING]: current state is STARTING
2023-08-18 03:37:31,684 [grpc-default-executor-3] WARN  server.GrpcServerProtocolService (LogUtils.java:warn(122)) - s1: Failed requestVote s0->s1#0: org.apache.ratis.protocol.exceptions.ServerNotReadyException: s1@group-E264CA5F8311 is not in [RUNNING]: current state is STARTING
2023-08-18 03:37:31,685 [s0@group-E264CA5F8311-LeaderElection349] INFO  impl.LeaderElection (LogUtils.java:infoOrTrace(137)) - s0@group-E264CA5F8311-LeaderElection349 got exception when requesting votes: java.util.concurrent.ExecutionException: org.apache.ratis.thirdparty.io.grpc.StatusRuntimeException: INTERNAL: s1@group-E264CA5F8311 is not in [RUNNING]: current state is STARTING
2023-08-18 03:37:31,685 [s0@group-E264CA5F8311-LeaderElection349] INFO  impl.LeaderElection (LogUtils.java:infoOrTrace(137)) - s0@group-E264CA5F8311-LeaderElection349 got exception when requesting votes: java.util.concurrent.ExecutionException: org.apache.ratis.thirdparty.io.grpc.StatusRuntimeException: INTERNAL: s2@group-E264CA5F8311 is not in [RUNNING]: current state is STARTING
2023-08-18 03:37:31,685 [s0@group-E264CA5F8311-LeaderElection349] INFO  impl.LeaderElection (LeaderElection.java:logAndReturn(89)) - s0@group-E264CA5F8311-LeaderElection349: PRE_VOTE REJECTED received 0 response(s) and 2 exception(s):
2023-08-18 03:37:31,685 [s0@group-E264CA5F8311-LeaderElection349] INFO  impl.LeaderElection (LogUtils.java:infoOrTrace(137)) -   Exception 0: java.util.concurrent.ExecutionException: org.apache.ratis.thirdparty.io.grpc.StatusRuntimeException: INTERNAL: s1@group-E264CA5F8311 is not in [RUNNING]: current state is STARTING
2023-08-18 03:37:31,685 [s0@group-E264CA5F8311-LeaderElection349] INFO  impl.LeaderElection (LogUtils.java:infoOrTrace(137)) -   Exception 1: java.util.concurrent.ExecutionException: org.apache.ratis.thirdparty.io.grpc.StatusRuntimeException: INTERNAL: s2@group-E264CA5F8311 is not in [RUNNING]: current state is STARTING
2023-08-18 03:37:31,685 [s0@group-E264CA5F8311-LeaderElection349] INFO  impl.LeaderElection (LeaderElection.java:askForVotes(322)) - s0@group-E264CA5F8311-LeaderElection349 PRE_VOTE round 0: result REJECTED
2023-08-18 03:37:31,685 [s0@group-E264CA5F8311-LeaderElection349] INFO  server.RaftServer$Division (RaftServerImpl.java:setRole(371)) - s0@group-E264CA5F8311: changes role from CANDIDATE to FOLLOWER at term 1 for REJECTED
2023-08-18 03:37:31,685 [s0@group-E264CA5F8311-LeaderElection349] INFO  impl.RoleInfo (RoleInfo.java:shutdownLeaderElection(129)) - s0: shutdown s0@group-E264CA5F8311-LeaderElection349
2023-08-18 03:37:31,685 [s0@group-E264CA5F8311-LeaderElection349] INFO  impl.RoleInfo (RoleInfo.java:updateAndGet(138)) - s0: start s0@group-E264CA5F8311-FollowerState
2023-08-18 03:37:31,721 [s2-server-thread1] INFO  server.RaftServer$Division (RaftServerImpl.java:setConfigurationAsync(1238)) - s2@group-E264CA5F8311: receive setConfiguration SetConfigurationRequest:client-255CF6B0DA3F->s2@group-E264CA5F8311, cid=386, seq=0, RW, null, SET_UNCONDITIONALLY, servers:[s1|rpc:0.0.0.0:34459|dataStream:|priority:0|startupRole:FOLLOWER, s2|rpc:0.0.0.0:43137|dataStream:|priority:0|startupRole:FOLLOWER, s0|rpc:localhost:39295|admin:localhost:44843|client:localhost:40991|dataStream:localhost:40677|priority:0|startupRole:FOLLOWER], listeners:[]
2023-08-18 03:37:31,824 [s1-server-thread1] INFO  server.RaftServer$Division (RaftServerImpl.java:setConfigurationAsync(1238)) - s1@group-E264CA5F8311: receive setConfiguration SetConfigurationRequest:client-255CF6B0DA3F->s1@group-E264CA5F8311, cid=386, seq=0, RW, null, SET_UNCONDITIONALLY, servers:[s1|rpc:0.0.0.0:34459|dataStream:|priority:0|startupRole:FOLLOWER, s2|rpc:0.0.0.0:43137|dataStream:|priority:0|startupRole:FOLLOWER, s0|rpc:localhost:39295|admin:localhost:44843|client:localhost:40991|dataStream:localhost:40677|priority:0|startupRole:FOLLOWER], listeners:[]
2023-08-18 03:37:31,873 [s0@group-E264CA5F8311-FollowerState] INFO  impl.FollowerState (FollowerState.java:run(143)) - s0@group-E264CA5F8311-FollowerState: change to CANDIDATE, lastRpcElapsedTime:188232594ns, electionTimeout:188ms
2023-08-18 03:37:31,873 [s0@group-E264CA5F8311-FollowerState] INFO  impl.RoleInfo (RoleInfo.java:shutdownFollowerState(109)) - s0: shutdown s0@group-E264CA5F8311-FollowerState
2023-08-18 03:37:31,873 [s0@group-E264CA5F8311-FollowerState] INFO  server.RaftServer$Division (RaftServerImpl.java:setRole(371)) - s0@group-E264CA5F8311: changes role from  FOLLOWER to CANDIDATE at term 1 for changeToCandidate
2023-08-18 03:37:31,874 [s0@group-E264CA5F8311-FollowerState] INFO  impl.SimpleStateMachine4Testing (SimpleStateMachine4Testing.java:notifyExtendedNoLeader(411)) - StateMachineWithMultiNestedSnapshotFile:s0:group-E264CA5F8311: notifyExtendedNoLeader group-E264CA5F8311, self {
  id: "s0"
  address: "localhost:39295"
  dataStreamAddress: "localhost:40677"
  clientAddress: "localhost:40991"
  adminAddress: "localhost:44843"
  startupRole: FOLLOWER
}
role: CANDIDATE
candidateInfo {
  lastLeaderElapsedTimeMs: 90157
}

2023-08-18 03:37:31,874 [s0@group-E264CA5F8311-FollowerState] INFO  server.RaftServerConfigKeys (ConfUtils.java:logGet(46)) - raft.server.leaderelection.pre-vote = true (default)
2023-08-18 03:37:31,874 [s0@group-E264CA5F8311-FollowerState] INFO  impl.RoleInfo (RoleInfo.java:updateAndGet(138)) - s0: start s0@group-E264CA5F8311-LeaderElection350
2023-08-18 03:37:31,874 [s0@group-E264CA5F8311-LeaderElection350] INFO  impl.LeaderElection (LeaderElection.java:askForVotes(320)) - s0@group-E264CA5F8311-LeaderElection350 PRE_VOTE round 0: submit vote requests at term 1 for 255: peers:[s0|rpc:localhost:39295|admin:localhost:44843|client:localhost:40991|dataStream:localhost:40677|priority:0|startupRole:FOLLOWER, s1|rpc:0.0.0.0:34459|dataStream:|priority:0|startupRole:FOLLOWER, s2|rpc:0.0.0.0:43137|dataStream:|priority:0|startupRole:FOLLOWER]|listeners:[], old=peers:[s0|rpc:localhost:39295|admin:localhost:44843|client:localhost:40991|dataStream:localhost:40677|priority:0|startupRole:FOLLOWER]|listeners:[]
2023-08-18 03:37:31,875 [grpc-default-executor-3] INFO  server.RaftServer$Division (RaftServerImpl.java:requestVote(1344)) - s1@group-E264CA5F8311: receive requestVote(PRE_VOTE, s0, group-E264CA5F8311, 1, (t:1, i:255))
2023-08-18 03:37:31,875 [grpc-default-executor-3] WARN  server.GrpcServerProtocolService (LogUtils.java:warn(122)) - s1: Failed requestVote s0->s1#0: org.apache.ratis.protocol.exceptions.ServerNotReadyException: s1@group-E264CA5F8311 is not in [RUNNING]: current state is STARTING
2023-08-18 03:37:31,875 [grpc-default-executor-3] INFO  server.RaftServer$Division (RaftServerImpl.java:requestVote(1344)) - s2@group-E264CA5F8311: receive requestVote(PRE_VOTE, s0, group-E264CA5F8311, 1, (t:1, i:255))
2023-08-18 03:37:31,875 [grpc-default-executor-3] WARN  server.GrpcServerProtocolService (LogUtils.java:warn(122)) - s2: Failed requestVote s0->s2#0: org.apache.ratis.protocol.exceptions.ServerNotReadyException: s2@group-E264CA5F8311 is not in [RUNNING]: current state is STARTING
2023-08-18 03:37:31,875 [s0@group-E264CA5F8311-LeaderElection350] INFO  impl.LeaderElection (LogUtils.java:infoOrTrace(137)) - s0@group-E264CA5F8311-LeaderElection350 got exception when requesting votes: java.util.concurrent.ExecutionException: org.apache.ratis.thirdparty.io.grpc.StatusRuntimeException: INTERNAL: s1@group-E264CA5F8311 is not in [RUNNING]: current state is STARTING
2023-08-18 03:37:31,875 [s0@group-E264CA5F8311-LeaderElection350] INFO  impl.LeaderElection (LogUtils.java:infoOrTrace(137)) - s0@group-E264CA5F8311-LeaderElection350 got exception when requesting votes: java.util.concurrent.ExecutionException: org.apache.ratis.thirdparty.io.grpc.StatusRuntimeException: INTERNAL: s2@group-E264CA5F8311 is not in [RUNNING]: current state is STARTING
2023-08-18 03:37:31,875 [s0@group-E264CA5F8311-LeaderElection350] INFO  impl.LeaderElection (LeaderElection.java:logAndReturn(89)) - s0@group-E264CA5F8311-LeaderElection350: PRE_VOTE REJECTED received 0 response(s) and 2 exception(s):
2023-08-18 03:37:31,875 [s0@group-E264CA5F8311-LeaderElection350] INFO  impl.LeaderElection (LogUtils.java:infoOrTrace(137)) -   Exception 0: java.util.concurrent.ExecutionException: org.apache.ratis.thirdparty.io.grpc.StatusRuntimeException: INTERNAL: s1@group-E264CA5F8311 is not in [RUNNING]: current state is STARTING
2023-08-18 03:37:31,876 [s0@group-E264CA5F8311-LeaderElection350] INFO  impl.LeaderElection (LogUtils.java:infoOrTrace(137)) -   Exception 1: java.util.concurrent.ExecutionException: org.apache.ratis.thirdparty.io.grpc.StatusRuntimeException: INTERNAL: s2@group-E264CA5F8311 is not in [RUNNING]: current state is STARTING
2023-08-18 03:37:31,876 [s0@group-E264CA5F8311-LeaderElection350] INFO  impl.LeaderElection (LeaderElection.java:askForVotes(322)) - s0@group-E264CA5F8311-LeaderElection350 PRE_VOTE round 0: result REJECTED
2023-08-18 03:37:31,876 [s0@group-E264CA5F8311-LeaderElection350] INFO  server.RaftServer$Division (RaftServerImpl.java:setRole(371)) - s0@group-E264CA5F8311: changes role from CANDIDATE to FOLLOWER at term 1 for REJECTED
2023-08-18 03:37:31,876 [s0@group-E264CA5F8311-LeaderElection350] INFO  impl.RoleInfo (RoleInfo.java:shutdownLeaderElection(129)) - s0: shutdown s0@group-E264CA5F8311-LeaderElection350
2023-08-18 03:37:31,876 [s0@group-E264CA5F8311-LeaderElection350] INFO  impl.RoleInfo (RoleInfo.java:updateAndGet(138)) - s0: start s0@group-E264CA5F8311-FollowerState
2023-08-18 03:37:31,928 [s0-server-thread1] INFO  server.RaftServer$Division (RaftServerImpl.java:setConfigurationAsync(1238)) - s0@group-E264CA5F8311: receive setConfiguration SetConfigurationRequest:client-255CF6B0DA3F->s0@group-E264CA5F8311, cid=386, seq=0, RW, null, SET_UNCONDITIONALLY, servers:[s1|rpc:0.0.0.0:34459|dataStream:|priority:0|startupRole:FOLLOWER, s2|rpc:0.0.0.0:43137|dataStream:|priority:0|startupRole:FOLLOWER, s0|rpc:localhost:39295|admin:localhost:44843|client:localhost:40991|dataStream:localhost:40677|priority:0|startupRole:FOLLOWER], listeners:[]
2023-08-18 03:37:32,030 [s2-server-thread1] INFO  server.RaftServer$Division (RaftServerImpl.java:setConfigurationAsync(1238)) - s2@group-E264CA5F8311: receive setConfiguration SetConfigurationRequest:client-255CF6B0DA3F->s2@group-E264CA5F8311, cid=386, seq=0, RW, null, SET_UNCONDITIONALLY, servers:[s1|rpc:0.0.0.0:34459|dataStream:|priority:0|startupRole:FOLLOWER, s2|rpc:0.0.0.0:43137|dataStream:|priority:0|startupRole:FOLLOWER, s0|rpc:localhost:39295|admin:localhost:44843|client:localhost:40991|dataStream:localhost:40677|priority:0|startupRole:FOLLOWER], listeners:[]
2023-08-18 03:37:32,100 [s0@group-E264CA5F8311-FollowerState] INFO  impl.FollowerState (FollowerState.java:run(143)) - s0@group-E264CA5F8311-FollowerState: change to CANDIDATE, lastRpcElapsedTime:224242325ns, electionTimeout:224ms
2023-08-18 03:37:32,100 [s0@group-E264CA5F8311-FollowerState] INFO  impl.RoleInfo (RoleInfo.java:shutdownFollowerState(109)) - s0: shutdown s0@group-E264CA5F8311-FollowerState
2023-08-18 03:37:32,100 [s0@group-E264CA5F8311-FollowerState] INFO  server.RaftServer$Division (RaftServerImpl.java:setRole(371)) - s0@group-E264CA5F8311: changes role from  FOLLOWER to CANDIDATE at term 1 for changeToCandidate
2023-08-18 03:37:32,100 [s0@group-E264CA5F8311-FollowerState] INFO  impl.SimpleStateMachine4Testing (SimpleStateMachine4Testing.java:notifyExtendedNoLeader(411)) - StateMachineWithMultiNestedSnapshotFile:s0:group-E264CA5F8311: notifyExtendedNoLeader group-E264CA5F8311, self {
  id: "s0"
  address: "localhost:39295"
  dataStreamAddress: "localhost:40677"
  clientAddress: "localhost:40991"
  adminAddress: "localhost:44843"
  startupRole: FOLLOWER
}
role: CANDIDATE
candidateInfo {
  lastLeaderElapsedTimeMs: 90384
}

2023-08-18 03:37:32,100 [s0@group-E264CA5F8311-FollowerState] INFO  server.RaftServerConfigKeys (ConfUtils.java:logGet(46)) - raft.server.leaderelection.pre-vote = true (default)
2023-08-18 03:37:32,100 [s0@group-E264CA5F8311-FollowerState] INFO  impl.RoleInfo (RoleInfo.java:updateAndGet(138)) - s0: start s0@group-E264CA5F8311-LeaderElection351
2023-08-18 03:37:32,101 [s0@group-E264CA5F8311-LeaderElection351] INFO  impl.LeaderElection (LeaderElection.java:askForVotes(320)) - s0@group-E264CA5F8311-LeaderElection351 PRE_VOTE round 0: submit vote requests at term 1 for 255: peers:[s0|rpc:localhost:39295|admin:localhost:44843|client:localhost:40991|dataStream:localhost:40677|priority:0|startupRole:FOLLOWER, s1|rpc:0.0.0.0:34459|dataStream:|priority:0|startupRole:FOLLOWER, s2|rpc:0.0.0.0:43137|dataStream:|priority:0|startupRole:FOLLOWER]|listeners:[], old=peers:[s0|rpc:localhost:39295|admin:localhost:44843|client:localhost:40991|dataStream:localhost:40677|priority:0|startupRole:FOLLOWER]|listeners:[]
2023-08-18 03:37:32,101 [grpc-default-executor-3] INFO  server.RaftServer$Division (RaftServerImpl.java:requestVote(1344)) - s1@group-E264CA5F8311: receive requestVote(PRE_VOTE, s0, group-E264CA5F8311, 1, (t:1, i:255))
2023-08-18 03:37:32,101 [grpc-default-executor-4] INFO  server.RaftServer$Division (RaftServerImpl.java:requestVote(1344)) - s2@group-E264CA5F8311: receive requestVote(PRE_VOTE, s0, group-E264CA5F8311, 1, (t:1, i:255))
2023-08-18 03:37:32,101 [grpc-default-executor-3] WARN  server.GrpcServerProtocolService (LogUtils.java:warn(122)) - s1: Failed requestVote s0->s1#0: org.apache.ratis.protocol.exceptions.ServerNotReadyException: s1@group-E264CA5F8311 is not in [RUNNING]: current state is STARTING
2023-08-18 03:37:32,102 [grpc-default-executor-4] WARN  server.GrpcServerProtocolService (LogUtils.java:warn(122)) - s2: Failed requestVote s0->s2#0: org.apache.ratis.protocol.exceptions.ServerNotReadyException: s2@group-E264CA5F8311 is not in [RUNNING]: current state is STARTING
2023-08-18 03:37:32,102 [s0@group-E264CA5F8311-LeaderElection351] INFO  impl.LeaderElection (LogUtils.java:infoOrTrace(137)) - s0@group-E264CA5F8311-LeaderElection351 got exception when requesting votes: java.util.concurrent.ExecutionException: org.apache.ratis.thirdparty.io.grpc.StatusRuntimeException: INTERNAL: s1@group-E264CA5F8311 is not in [RUNNING]: current state is STARTING
2023-08-18 03:37:32,102 [s0@group-E264CA5F8311-LeaderElection351] INFO  impl.LeaderElection (LogUtils.java:infoOrTrace(137)) - s0@group-E264CA5F8311-LeaderElection351 got exception when requesting votes: java.util.concurrent.ExecutionException: org.apache.ratis.thirdparty.io.grpc.StatusRuntimeException: INTERNAL: s2@group-E264CA5F8311 is not in [RUNNING]: current state is STARTING
2023-08-18 03:37:32,102 [s0@group-E264CA5F8311-LeaderElection351] INFO  impl.LeaderElection (LeaderElection.java:logAndReturn(89)) - s0@group-E264CA5F8311-LeaderElection351: PRE_VOTE REJECTED received 0 response(s) and 2 exception(s):
2023-08-18 03:37:32,102 [s0@group-E264CA5F8311-LeaderElection351] INFO  impl.LeaderElection (LogUtils.java:infoOrTrace(137)) -   Exception 0: java.util.concurrent.ExecutionException: org.apache.ratis.thirdparty.io.grpc.StatusRuntimeException: INTERNAL: s1@group-E264CA5F8311 is not in [RUNNING]: current state is STARTING
2023-08-18 03:37:32,102 [s0@group-E264CA5F8311-LeaderElection351] INFO  impl.LeaderElection (LogUtils.java:infoOrTrace(137)) -   Exception 1: java.util.concurrent.ExecutionException: org.apache.ratis.thirdparty.io.grpc.StatusRuntimeException: INTERNAL: s2@group-E264CA5F8311 is not in [RUNNING]: current state is STARTING
2023-08-18 03:37:32,102 [s0@group-E264CA5F8311-LeaderElection351] INFO  impl.LeaderElection (LeaderElection.java:askForVotes(322)) - s0@group-E264CA5F8311-LeaderElection351 PRE_VOTE round 0: result REJECTED
2023-08-18 03:37:32,102 [s0@group-E264CA5F8311-LeaderElection351] INFO  server.RaftServer$Division (RaftServerImpl.java:setRole(371)) - s0@group-E264CA5F8311: changes role from CANDIDATE to FOLLOWER at term 1 for REJECTED
2023-08-18 03:37:32,102 [s0@group-E264CA5F8311-LeaderElection351] INFO  impl.RoleInfo (RoleInfo.java:shutdownLeaderElection(129)) - s0: shutdown s0@group-E264CA5F8311-LeaderElection351
2023-08-18 03:37:32,102 [s0@group-E264CA5F8311-LeaderElection351] INFO  impl.RoleInfo (RoleInfo.java:updateAndGet(138)) - s0: start s0@group-E264CA5F8311-FollowerState
2023-08-18 03:37:32,134 [s0-server-thread1] INFO  server.RaftServer$Division (RaftServerImpl.java:setConfigurationAsync(1238)) - s0@group-E264CA5F8311: receive setConfiguration SetConfigurationRequest:client-255CF6B0DA3F->s0@group-E264CA5F8311, cid=386, seq=0, RW, null, SET_UNCONDITIONALLY, servers:[s1|rpc:0.0.0.0:34459|dataStream:|priority:0|startupRole:FOLLOWER, s2|rpc:0.0.0.0:43137|dataStream:|priority:0|startupRole:FOLLOWER, s0|rpc:localhost:39295|admin:localhost:44843|client:localhost:40991|dataStream:localhost:40677|priority:0|startupRole:FOLLOWER], listeners:[]
2023-08-18 03:37:32,237 [s1-server-thread1] INFO  server.RaftServer$Division (RaftServerImpl.java:setConfigurationAsync(1238)) - s1@group-E264CA5F8311: receive setConfiguration SetConfigurationRequest:client-255CF6B0DA3F->s1@group-E264CA5F8311, cid=386, seq=0, RW, null, SET_UNCONDITIONALLY, servers:[s1|rpc:0.0.0.0:34459|dataStream:|priority:0|startupRole:FOLLOWER, s2|rpc:0.0.0.0:43137|dataStream:|priority:0|startupRole:FOLLOWER, s0|rpc:localhost:39295|admin:localhost:44843|client:localhost:40991|dataStream:localhost:40677|priority:0|startupRole:FOLLOWER], listeners:[]
2023-08-18 03:37:32,340 [s0-server-thread1] INFO  server.RaftServer$Division (RaftServerImpl.java:setConfigurationAsync(1238)) - s0@group-E264CA5F8311: receive setConfiguration SetConfigurationRequest:client-255CF6B0DA3F->s0@group-E264CA5F8311, cid=386, seq=0, RW, null, SET_UNCONDITIONALLY, servers:[s1|rpc:0.0.0.0:34459|dataStream:|priority:0|startupRole:FOLLOWER, s2|rpc:0.0.0.0:43137|dataStream:|priority:0|startupRole:FOLLOWER, s0|rpc:localhost:39295|admin:localhost:44843|client:localhost:40991|dataStream:localhost:40677|priority:0|startupRole:FOLLOWER], listeners:[]
2023-08-18 03:37:32,372 [s0@group-E264CA5F8311-FollowerState] INFO  impl.FollowerState (FollowerState.java:run(143)) - s0@group-E264CA5F8311-FollowerState: change to CANDIDATE, lastRpcElapsedTime:270254181ns, electionTimeout:270ms
2023-08-18 03:37:32,373 [s0@group-E264CA5F8311-FollowerState] INFO  impl.RoleInfo (RoleInfo.java:shutdownFollowerState(109)) - s0: shutdown s0@group-E264CA5F8311-FollowerState
2023-08-18 03:37:32,373 [s0@group-E264CA5F8311-FollowerState] INFO  server.RaftServer$Division (RaftServerImpl.java:setRole(371)) - s0@group-E264CA5F8311: changes role from  FOLLOWER to CANDIDATE at term 1 for changeToCandidate
2023-08-18 03:37:32,373 [s0@group-E264CA5F8311-FollowerState] INFO  impl.SimpleStateMachine4Testing (SimpleStateMachine4Testing.java:notifyExtendedNoLeader(411)) - StateMachineWithMultiNestedSnapshotFile:s0:group-E264CA5F8311: notifyExtendedNoLeader group-E264CA5F8311, self {
  id: "s0"
  address: "localhost:39295"
  dataStreamAddress: "localhost:40677"
  clientAddress: "localhost:40991"
  adminAddress: "localhost:44843"
  startupRole: FOLLOWER
}
role: CANDIDATE
candidateInfo {
  lastLeaderElapsedTimeMs: 90656
}

2023-08-18 03:37:32,373 [s0@group-E264CA5F8311-FollowerState] INFO  server.RaftServerConfigKeys (ConfUtils.java:logGet(46)) - raft.server.leaderelection.pre-vote = true (default)
2023-08-18 03:37:32,373 [s0@group-E264CA5F8311-FollowerState] INFO  impl.RoleInfo (RoleInfo.java:updateAndGet(138)) - s0: start s0@group-E264CA5F8311-LeaderElection352
2023-08-18 03:37:32,373 [s0@group-E264CA5F8311-LeaderElection352] INFO  impl.LeaderElection (LeaderElection.java:askForVotes(320)) - s0@group-E264CA5F8311-LeaderElection352 PRE_VOTE round 0: submit vote requests at term 1 for 255: peers:[s0|rpc:localhost:39295|admin:localhost:44843|client:localhost:40991|dataStream:localhost:40677|priority:0|startupRole:FOLLOWER, s1|rpc:0.0.0.0:34459|dataStream:|priority:0|startupRole:FOLLOWER, s2|rpc:0.0.0.0:43137|dataStream:|priority:0|startupRole:FOLLOWER]|listeners:[], old=peers:[s0|rpc:localhost:39295|admin:localhost:44843|client:localhost:40991|dataStream:localhost:40677|priority:0|startupRole:FOLLOWER]|listeners:[]
2023-08-18 03:37:32,374 [grpc-default-executor-4] INFO  server.RaftServer$Division (RaftServerImpl.java:requestVote(1344)) - s2@group-E264CA5F8311: receive requestVote(PRE_VOTE, s0, group-E264CA5F8311, 1, (t:1, i:255))
2023-08-18 03:37:32,374 [grpc-default-executor-3] INFO  server.RaftServer$Division (RaftServerImpl.java:requestVote(1344)) - s1@group-E264CA5F8311: receive requestVote(PRE_VOTE, s0, group-E264CA5F8311, 1, (t:1, i:255))
2023-08-18 03:37:32,374 [grpc-default-executor-4] WARN  server.GrpcServerProtocolService (LogUtils.java:warn(122)) - s2: Failed requestVote s0->s2#0: org.apache.ratis.protocol.exceptions.ServerNotReadyException: s2@group-E264CA5F8311 is not in [RUNNING]: current state is STARTING
2023-08-18 03:37:32,374 [grpc-default-executor-3] WARN  server.GrpcServerProtocolService (LogUtils.java:warn(122)) - s1: Failed requestVote s0->s1#0: org.apache.ratis.protocol.exceptions.ServerNotReadyException: s1@group-E264CA5F8311 is not in [RUNNING]: current state is STARTING
2023-08-18 03:37:32,374 [s0@group-E264CA5F8311-LeaderElection352] INFO  impl.LeaderElection (LogUtils.java:infoOrTrace(137)) - s0@group-E264CA5F8311-LeaderElection352 got exception when requesting votes: java.util.concurrent.ExecutionException: org.apache.ratis.thirdparty.io.grpc.StatusRuntimeException: INTERNAL: s1@group-E264CA5F8311 is not in [RUNNING]: current state is STARTING
2023-08-18 03:37:32,374 [s0@group-E264CA5F8311-LeaderElection352] INFO  impl.LeaderElection (LogUtils.java:infoOrTrace(137)) - s0@group-E264CA5F8311-LeaderElection352 got exception when requesting votes: java.util.concurrent.ExecutionException: org.apache.ratis.thirdparty.io.grpc.StatusRuntimeException: INTERNAL: s2@group-E264CA5F8311 is not in [RUNNING]: current state is STARTING
2023-08-18 03:37:32,374 [s0@group-E264CA5F8311-LeaderElection352] INFO  impl.LeaderElection (LeaderElection.java:logAndReturn(89)) - s0@group-E264CA5F8311-LeaderElection352: PRE_VOTE REJECTED received 0 response(s) and 2 exception(s):
2023-08-18 03:37:32,374 [s0@group-E264CA5F8311-LeaderElection352] INFO  impl.LeaderElection (LogUtils.java:infoOrTrace(137)) -   Exception 0: java.util.concurrent.ExecutionException: org.apache.ratis.thirdparty.io.grpc.StatusRuntimeException: INTERNAL: s1@group-E264CA5F8311 is not in [RUNNING]: current state is STARTING
2023-08-18 03:37:32,374 [s0@group-E264CA5F8311-LeaderElection352] INFO  impl.LeaderElection (LogUtils.java:infoOrTrace(137)) -   Exception 1: java.util.concurrent.ExecutionException: org.apache.ratis.thirdparty.io.grpc.StatusRuntimeException: INTERNAL: s2@group-E264CA5F8311 is not in [RUNNING]: current state is STARTING
2023-08-18 03:37:32,375 [s0@group-E264CA5F8311-LeaderElection352] INFO  impl.LeaderElection (LeaderElection.java:askForVotes(322)) - s0@group-E264CA5F8311-LeaderElection352 PRE_VOTE round 0: result REJECTED
2023-08-18 03:37:32,375 [s0@group-E264CA5F8311-LeaderElection352] INFO  server.RaftServer$Division (RaftServerImpl.java:setRole(371)) - s0@group-E264CA5F8311: changes role from CANDIDATE to FOLLOWER at term 1 for REJECTED
2023-08-18 03:37:32,375 [s0@group-E264CA5F8311-LeaderElection352] INFO  impl.RoleInfo (RoleInfo.java:shutdownLeaderElection(129)) - s0: shutdown s0@group-E264CA5F8311-LeaderElection352
2023-08-18 03:37:32,375 [s0@group-E264CA5F8311-LeaderElection352] INFO  impl.RoleInfo (RoleInfo.java:updateAndGet(138)) - s0: start s0@group-E264CA5F8311-FollowerState
2023-08-18 03:37:32,443 [s2-server-thread1] INFO  server.RaftServer$Division (RaftServerImpl.java:setConfigurationAsync(1238)) - s2@group-E264CA5F8311: receive setConfiguration SetConfigurationRequest:client-255CF6B0DA3F->s2@group-E264CA5F8311, cid=386, seq=0, RW, null, SET_UNCONDITIONALLY, servers:[s1|rpc:0.0.0.0:34459|dataStream:|priority:0|startupRole:FOLLOWER, s2|rpc:0.0.0.0:43137|dataStream:|priority:0|startupRole:FOLLOWER, s0|rpc:localhost:39295|admin:localhost:44843|client:localhost:40991|dataStream:localhost:40677|priority:0|startupRole:FOLLOWER], listeners:[]
2023-08-18 03:37:32,528 [s0@group-E264CA5F8311-FollowerState] INFO  impl.FollowerState (FollowerState.java:run(143)) - s0@group-E264CA5F8311-FollowerState: change to CANDIDATE, lastRpcElapsedTime:153236155ns, electionTimeout:153ms
2023-08-18 03:37:32,528 [s0@group-E264CA5F8311-FollowerState] INFO  impl.RoleInfo (RoleInfo.java:shutdownFollowerState(109)) - s0: shutdown s0@group-E264CA5F8311-FollowerState
2023-08-18 03:37:32,528 [s0@group-E264CA5F8311-FollowerState] INFO  server.RaftServer$Division (RaftServerImpl.java:setRole(371)) - s0@group-E264CA5F8311: changes role from  FOLLOWER to CANDIDATE at term 1 for changeToCandidate
2023-08-18 03:37:32,528 [s0@group-E264CA5F8311-FollowerState] INFO  impl.SimpleStateMachine4Testing (SimpleStateMachine4Testing.java:notifyExtendedNoLeader(411)) - StateMachineWithMultiNestedSnapshotFile:s0:group-E264CA5F8311: notifyExtendedNoLeader group-E264CA5F8311, self {
  id: "s0"
  address: "localhost:39295"
  dataStreamAddress: "localhost:40677"
  clientAddress: "localhost:40991"
  adminAddress: "localhost:44843"
  startupRole: FOLLOWER
}
role: CANDIDATE
candidateInfo {
  lastLeaderElapsedTimeMs: 90812
}

2023-08-18 03:37:32,528 [s0@group-E264CA5F8311-FollowerState] INFO  server.RaftServerConfigKeys (ConfUtils.java:logGet(46)) - raft.server.leaderelection.pre-vote = true (default)
2023-08-18 03:37:32,528 [s0@group-E264CA5F8311-FollowerState] INFO  impl.RoleInfo (RoleInfo.java:updateAndGet(138)) - s0: start s0@group-E264CA5F8311-LeaderElection353
2023-08-18 03:37:32,529 [s0@group-E264CA5F8311-LeaderElection353] INFO  impl.LeaderElection (LeaderElection.java:askForVotes(320)) - s0@group-E264CA5F8311-LeaderElection353 PRE_VOTE round 0: submit vote requests at term 1 for 255: peers:[s0|rpc:localhost:39295|admin:localhost:44843|client:localhost:40991|dataStream:localhost:40677|priority:0|startupRole:FOLLOWER, s1|rpc:0.0.0.0:34459|dataStream:|priority:0|startupRole:FOLLOWER, s2|rpc:0.0.0.0:43137|dataStream:|priority:0|startupRole:FOLLOWER]|listeners:[], old=peers:[s0|rpc:localhost:39295|admin:localhost:44843|client:localhost:40991|dataStream:localhost:40677|priority:0|startupRole:FOLLOWER]|listeners:[]
2023-08-18 03:37:32,530 [grpc-default-executor-4] INFO  server.RaftServer$Division (RaftServerImpl.java:requestVote(1344)) - s2@group-E264CA5F8311: receive requestVote(PRE_VOTE, s0, group-E264CA5F8311, 1, (t:1, i:255))
2023-08-18 03:37:32,530 [grpc-default-executor-4] WARN  server.GrpcServerProtocolService (LogUtils.java:warn(122)) - s2: Failed requestVote s0->s2#0: org.apache.ratis.protocol.exceptions.ServerNotReadyException: s2@group-E264CA5F8311 is not in [RUNNING]: current state is STARTING
2023-08-18 03:37:32,530 [s0@group-E264CA5F8311-LeaderElection353] INFO  impl.LeaderElection (LogUtils.java:infoOrTrace(137)) - s0@group-E264CA5F8311-LeaderElection353 got exception when requesting votes: java.util.concurrent.ExecutionException: org.apache.ratis.thirdparty.io.grpc.StatusRuntimeException: INTERNAL: s2@group-E264CA5F8311 is not in [RUNNING]: current state is STARTING
2023-08-18 03:37:32,531 [grpc-default-executor-3] INFO  server.RaftServer$Division (RaftServerImpl.java:requestVote(1344)) - s1@group-E264CA5F8311: receive requestVote(PRE_VOTE, s0, group-E264CA5F8311, 1, (t:1, i:255))
2023-08-18 03:37:32,531 [grpc-default-executor-3] WARN  server.GrpcServerProtocolService (LogUtils.java:warn(122)) - s1: Failed requestVote s0->s1#0: org.apache.ratis.protocol.exceptions.ServerNotReadyException: s1@group-E264CA5F8311 is not in [RUNNING]: current state is STARTING
2023-08-18 03:37:32,531 [s0@group-E264CA5F8311-LeaderElection353] INFO  impl.LeaderElection (LogUtils.java:infoOrTrace(137)) - s0@group-E264CA5F8311-LeaderElection353 got exception when requesting votes: java.util.concurrent.ExecutionException: org.apache.ratis.thirdparty.io.grpc.StatusRuntimeException: INTERNAL: s1@group-E264CA5F8311 is not in [RUNNING]: current state is STARTING
2023-08-18 03:37:32,531 [s0@group-E264CA5F8311-LeaderElection353] INFO  impl.LeaderElection (LeaderElection.java:logAndReturn(89)) - s0@group-E264CA5F8311-LeaderElection353: PRE_VOTE REJECTED received 0 response(s) and 2 exception(s):
2023-08-18 03:37:32,531 [s0@group-E264CA5F8311-LeaderElection353] INFO  impl.LeaderElection (LogUtils.java:infoOrTrace(137)) -   Exception 0: java.util.concurrent.ExecutionException: org.apache.ratis.thirdparty.io.grpc.StatusRuntimeException: INTERNAL: s2@group-E264CA5F8311 is not in [RUNNING]: current state is STARTING
2023-08-18 03:37:32,531 [s0@group-E264CA5F8311-LeaderElection353] INFO  impl.LeaderElection (LogUtils.java:infoOrTrace(137)) -   Exception 1: java.util.concurrent.ExecutionException: org.apache.ratis.thirdparty.io.grpc.StatusRuntimeException: INTERNAL: s1@group-E264CA5F8311 is not in [RUNNING]: current state is STARTING
2023-08-18 03:37:32,531 [s0@group-E264CA5F8311-LeaderElection353] INFO  impl.LeaderElection (LeaderElection.java:askForVotes(322)) - s0@group-E264CA5F8311-LeaderElection353 PRE_VOTE round 0: result REJECTED
2023-08-18 03:37:32,531 [s0@group-E264CA5F8311-LeaderElection353] INFO  server.RaftServer$Division (RaftServerImpl.java:setRole(371)) - s0@group-E264CA5F8311: changes role from CANDIDATE to FOLLOWER at term 1 for REJECTED
2023-08-18 03:37:32,531 [s0@group-E264CA5F8311-LeaderElection353] INFO  impl.RoleInfo (RoleInfo.java:shutdownLeaderElection(129)) - s0: shutdown s0@group-E264CA5F8311-LeaderElection353
2023-08-18 03:37:32,531 [s0@group-E264CA5F8311-LeaderElection353] INFO  impl.RoleInfo (RoleInfo.java:updateAndGet(138)) - s0: start s0@group-E264CA5F8311-FollowerState
2023-08-18 03:37:32,546 [s0-server-thread1] INFO  server.RaftServer$Division (RaftServerImpl.java:setConfigurationAsync(1238)) - s0@group-E264CA5F8311: receive setConfiguration SetConfigurationRequest:client-255CF6B0DA3F->s0@group-E264CA5F8311, cid=386, seq=0, RW, null, SET_UNCONDITIONALLY, servers:[s1|rpc:0.0.0.0:34459|dataStream:|priority:0|startupRole:FOLLOWER, s2|rpc:0.0.0.0:43137|dataStream:|priority:0|startupRole:FOLLOWER, s0|rpc:localhost:39295|admin:localhost:44843|client:localhost:40991|dataStream:localhost:40677|priority:0|startupRole:FOLLOWER], listeners:[]
2023-08-18 03:37:32,649 [s1-server-thread1] INFO  server.RaftServer$Division (RaftServerImpl.java:setConfigurationAsync(1238)) - s1@group-E264CA5F8311: receive setConfiguration SetConfigurationRequest:client-255CF6B0DA3F->s1@group-E264CA5F8311, cid=386, seq=0, RW, null, SET_UNCONDITIONALLY, servers:[s1|rpc:0.0.0.0:34459|dataStream:|priority:0|startupRole:FOLLOWER, s2|rpc:0.0.0.0:43137|dataStream:|priority:0|startupRole:FOLLOWER, s0|rpc:localhost:39295|admin:localhost:44843|client:localhost:40991|dataStream:localhost:40677|priority:0|startupRole:FOLLOWER], listeners:[]
2023-08-18 03:37:32,753 [s0-server-thread1] INFO  server.RaftServer$Division (RaftServerImpl.java:setConfigurationAsync(1238)) - s0@group-E264CA5F8311: receive setConfiguration SetConfigurationRequest:client-255CF6B0DA3F->s0@group-E264CA5F8311, cid=386, seq=0, RW, null, SET_UNCONDITIONALLY, servers:[s1|rpc:0.0.0.0:34459|dataStream:|priority:0|startupRole:FOLLOWER, s2|rpc:0.0.0.0:43137|dataStream:|priority:0|startupRole:FOLLOWER, s0|rpc:localhost:39295|admin:localhost:44843|client:localhost:40991|dataStream:localhost:40677|priority:0|startupRole:FOLLOWER], listeners:[]
2023-08-18 03:37:32,825 [s0@group-E264CA5F8311-FollowerState] INFO  impl.FollowerState (FollowerState.java:run(143)) - s0@group-E264CA5F8311-FollowerState: change to CANDIDATE, lastRpcElapsedTime:293387908ns, electionTimeout:293ms
2023-08-18 03:37:32,825 [s0@group-E264CA5F8311-FollowerState] INFO  impl.RoleInfo (RoleInfo.java:shutdownFollowerState(109)) - s0: shutdown s0@group-E264CA5F8311-FollowerState
2023-08-18 03:37:32,825 [s0@group-E264CA5F8311-FollowerState] INFO  server.RaftServer$Division (RaftServerImpl.java:setRole(371)) - s0@group-E264CA5F8311: changes role from  FOLLOWER to CANDIDATE at term 1 for changeToCandidate
2023-08-18 03:37:32,825 [s0@group-E264CA5F8311-FollowerState] INFO  impl.SimpleStateMachine4Testing (SimpleStateMachine4Testing.java:notifyExtendedNoLeader(411)) - StateMachineWithMultiNestedSnapshotFile:s0:group-E264CA5F8311: notifyExtendedNoLeader group-E264CA5F8311, self {
  id: "s0"
  address: "localhost:39295"
  dataStreamAddress: "localhost:40677"
  clientAddress: "localhost:40991"
  adminAddress: "localhost:44843"
  startupRole: FOLLOWER
}
role: CANDIDATE
candidateInfo {
  lastLeaderElapsedTimeMs: 91108
}

2023-08-18 03:37:32,825 [s0@group-E264CA5F8311-FollowerState] INFO  server.RaftServerConfigKeys (ConfUtils.java:logGet(46)) - raft.server.leaderelection.pre-vote = true (default)
2023-08-18 03:37:32,825 [s0@group-E264CA5F8311-FollowerState] INFO  impl.RoleInfo (RoleInfo.java:updateAndGet(138)) - s0: start s0@group-E264CA5F8311-LeaderElection354
2023-08-18 03:37:32,825 [s0@group-E264CA5F8311-LeaderElection354] INFO  impl.LeaderElection (LeaderElection.java:askForVotes(320)) - s0@group-E264CA5F8311-LeaderElection354 PRE_VOTE round 0: submit vote requests at term 1 for 255: peers:[s0|rpc:localhost:39295|admin:localhost:44843|client:localhost:40991|dataStream:localhost:40677|priority:0|startupRole:FOLLOWER, s1|rpc:0.0.0.0:34459|dataStream:|priority:0|startupRole:FOLLOWER, s2|rpc:0.0.0.0:43137|dataStream:|priority:0|startupRole:FOLLOWER]|listeners:[], old=peers:[s0|rpc:localhost:39295|admin:localhost:44843|client:localhost:40991|dataStream:localhost:40677|priority:0|startupRole:FOLLOWER]|listeners:[]
2023-08-18 03:37:32,826 [grpc-default-executor-3] INFO  server.RaftServer$Division (RaftServerImpl.java:requestVote(1344)) - s1@group-E264CA5F8311: receive requestVote(PRE_VOTE, s0, group-E264CA5F8311, 1, (t:1, i:255))
2023-08-18 03:37:32,826 [grpc-default-executor-4] INFO  server.RaftServer$Division (RaftServerImpl.java:requestVote(1344)) - s2@group-E264CA5F8311: receive requestVote(PRE_VOTE, s0, group-E264CA5F8311, 1, (t:1, i:255))
2023-08-18 03:37:32,826 [grpc-default-executor-3] WARN  server.GrpcServerProtocolService (LogUtils.java:warn(122)) - s1: Failed requestVote s0->s1#0: org.apache.ratis.protocol.exceptions.ServerNotReadyException: s1@group-E264CA5F8311 is not in [RUNNING]: current state is STARTING
2023-08-18 03:37:32,826 [grpc-default-executor-4] WARN  server.GrpcServerProtocolService (LogUtils.java:warn(122)) - s2: Failed requestVote s0->s2#0: org.apache.ratis.protocol.exceptions.ServerNotReadyException: s2@group-E264CA5F8311 is not in [RUNNING]: current state is STARTING
2023-08-18 03:37:32,827 [s0@group-E264CA5F8311-LeaderElection354] INFO  impl.LeaderElection (LogUtils.java:infoOrTrace(137)) - s0@group-E264CA5F8311-LeaderElection354 got exception when requesting votes: java.util.concurrent.ExecutionException: org.apache.ratis.thirdparty.io.grpc.StatusRuntimeException: INTERNAL: s1@group-E264CA5F8311 is not in [RUNNING]: current state is STARTING
2023-08-18 03:37:32,827 [s0@group-E264CA5F8311-LeaderElection354] INFO  impl.LeaderElection (LogUtils.java:infoOrTrace(137)) - s0@group-E264CA5F8311-LeaderElection354 got exception when requesting votes: java.util.concurrent.ExecutionException: org.apache.ratis.thirdparty.io.grpc.StatusRuntimeException: INTERNAL: s2@group-E264CA5F8311 is not in [RUNNING]: current state is STARTING
2023-08-18 03:37:32,827 [s0@group-E264CA5F8311-LeaderElection354] INFO  impl.LeaderElection (LeaderElection.java:logAndReturn(89)) - s0@group-E264CA5F8311-LeaderElection354: PRE_VOTE REJECTED received 0 response(s) and 2 exception(s):
2023-08-18 03:37:32,827 [s0@group-E264CA5F8311-LeaderElection354] INFO  impl.LeaderElection (LogUtils.java:infoOrTrace(137)) -   Exception 0: java.util.concurrent.ExecutionException: org.apache.ratis.thirdparty.io.grpc.StatusRuntimeException: INTERNAL: s1@group-E264CA5F8311 is not in [RUNNING]: current state is STARTING
2023-08-18 03:37:32,827 [s0@group-E264CA5F8311-LeaderElection354] INFO  impl.LeaderElection (LogUtils.java:infoOrTrace(137)) -   Exception 1: java.util.concurrent.ExecutionException: org.apache.ratis.thirdparty.io.grpc.StatusRuntimeException: INTERNAL: s2@group-E264CA5F8311 is not in [RUNNING]: current state is STARTING
2023-08-18 03:37:32,827 [s0@group-E264CA5F8311-LeaderElection354] INFO  impl.LeaderElection (LeaderElection.java:askForVotes(322)) - s0@group-E264CA5F8311-LeaderElection354 PRE_VOTE round 0: result REJECTED
2023-08-18 03:37:32,827 [s0@group-E264CA5F8311-LeaderElection354] INFO  server.RaftServer$Division (RaftServerImpl.java:setRole(371)) - s0@group-E264CA5F8311: changes role from CANDIDATE to FOLLOWER at term 1 for REJECTED
2023-08-18 03:37:32,827 [s0@group-E264CA5F8311-LeaderElection354] INFO  impl.RoleInfo (RoleInfo.java:shutdownLeaderElection(129)) - s0: shutdown s0@group-E264CA5F8311-LeaderElection354
2023-08-18 03:37:32,827 [s0@group-E264CA5F8311-LeaderElection354] INFO  impl.RoleInfo (RoleInfo.java:updateAndGet(138)) - s0: start s0@group-E264CA5F8311-FollowerState
2023-08-18 03:37:32,855 [s2-server-thread1] INFO  server.RaftServer$Division (RaftServerImpl.java:setConfigurationAsync(1238)) - s2@group-E264CA5F8311: receive setConfiguration SetConfigurationRequest:client-255CF6B0DA3F->s2@group-E264CA5F8311, cid=386, seq=0, RW, null, SET_UNCONDITIONALLY, servers:[s1|rpc:0.0.0.0:34459|dataStream:|priority:0|startupRole:FOLLOWER, s2|rpc:0.0.0.0:43137|dataStream:|priority:0|startupRole:FOLLOWER, s0|rpc:localhost:39295|admin:localhost:44843|client:localhost:40991|dataStream:localhost:40677|priority:0|startupRole:FOLLOWER], listeners:[]
2023-08-18 03:37:32,959 [s1-server-thread1] INFO  server.RaftServer$Division (RaftServerImpl.java:setConfigurationAsync(1238)) - s1@group-E264CA5F8311: receive setConfiguration SetConfigurationRequest:client-255CF6B0DA3F->s1@group-E264CA5F8311, cid=386, seq=0, RW, null, SET_UNCONDITIONALLY, servers:[s1|rpc:0.0.0.0:34459|dataStream:|priority:0|startupRole:FOLLOWER, s2|rpc:0.0.0.0:43137|dataStream:|priority:0|startupRole:FOLLOWER, s0|rpc:localhost:39295|admin:localhost:44843|client:localhost:40991|dataStream:localhost:40677|priority:0|startupRole:FOLLOWER], listeners:[]
2023-08-18 03:37:33,045 [s0@group-E264CA5F8311-FollowerState] INFO  impl.FollowerState (FollowerState.java:run(143)) - s0@group-E264CA5F8311-FollowerState: change to CANDIDATE, lastRpcElapsedTime:218252569ns, electionTimeout:218ms
2023-08-18 03:37:33,045 [s0@group-E264CA5F8311-FollowerState] INFO  impl.RoleInfo (RoleInfo.java:shutdownFollowerState(109)) - s0: shutdown s0@group-E264CA5F8311-FollowerState
2023-08-18 03:37:33,045 [s0@group-E264CA5F8311-FollowerState] INFO  server.RaftServer$Division (RaftServerImpl.java:setRole(371)) - s0@group-E264CA5F8311: changes role from  FOLLOWER to CANDIDATE at term 1 for changeToCandidate
2023-08-18 03:37:33,045 [s0@group-E264CA5F8311-FollowerState] INFO  impl.SimpleStateMachine4Testing (SimpleStateMachine4Testing.java:notifyExtendedNoLeader(411)) - StateMachineWithMultiNestedSnapshotFile:s0:group-E264CA5F8311: notifyExtendedNoLeader group-E264CA5F8311, self {
  id: "s0"
  address: "localhost:39295"
  dataStreamAddress: "localhost:40677"
  clientAddress: "localhost:40991"
  adminAddress: "localhost:44843"
  startupRole: FOLLOWER
}
role: CANDIDATE
candidateInfo {
  lastLeaderElapsedTimeMs: 91329
}

2023-08-18 03:37:33,045 [s0@group-E264CA5F8311-FollowerState] INFO  server.RaftServerConfigKeys (ConfUtils.java:logGet(46)) - raft.server.leaderelection.pre-vote = true (default)
2023-08-18 03:37:33,046 [s0@group-E264CA5F8311-FollowerState] INFO  impl.RoleInfo (RoleInfo.java:updateAndGet(138)) - s0: start s0@group-E264CA5F8311-LeaderElection355
2023-08-18 03:37:33,046 [s0@group-E264CA5F8311-LeaderElection355] INFO  impl.LeaderElection (LeaderElection.java:askForVotes(320)) - s0@group-E264CA5F8311-LeaderElection355 PRE_VOTE round 0: submit vote requests at term 1 for 255: peers:[s0|rpc:localhost:39295|admin:localhost:44843|client:localhost:40991|dataStream:localhost:40677|priority:0|startupRole:FOLLOWER, s1|rpc:0.0.0.0:34459|dataStream:|priority:0|startupRole:FOLLOWER, s2|rpc:0.0.0.0:43137|dataStream:|priority:0|startupRole:FOLLOWER]|listeners:[], old=peers:[s0|rpc:localhost:39295|admin:localhost:44843|client:localhost:40991|dataStream:localhost:40677|priority:0|startupRole:FOLLOWER]|listeners:[]
2023-08-18 03:37:33,047 [grpc-default-executor-3] INFO  server.RaftServer$Division (RaftServerImpl.java:requestVote(1344)) - s1@group-E264CA5F8311: receive requestVote(PRE_VOTE, s0, group-E264CA5F8311, 1, (t:1, i:255))
2023-08-18 03:37:33,047 [grpc-default-executor-4] INFO  server.RaftServer$Division (RaftServerImpl.java:requestVote(1344)) - s2@group-E264CA5F8311: receive requestVote(PRE_VOTE, s0, group-E264CA5F8311, 1, (t:1, i:255))
2023-08-18 03:37:33,047 [grpc-default-executor-3] WARN  server.GrpcServerProtocolService (LogUtils.java:warn(122)) - s1: Failed requestVote s0->s1#0: org.apache.ratis.protocol.exceptions.ServerNotReadyException: s1@group-E264CA5F8311 is not in [RUNNING]: current state is STARTING
2023-08-18 03:37:33,047 [grpc-default-executor-4] WARN  server.GrpcServerProtocolService (LogUtils.java:warn(122)) - s2: Failed requestVote s0->s2#0: org.apache.ratis.protocol.exceptions.ServerNotReadyException: s2@group-E264CA5F8311 is not in [RUNNING]: current state is STARTING
2023-08-18 03:37:33,047 [s0@group-E264CA5F8311-LeaderElection355] INFO  impl.LeaderElection (LogUtils.java:infoOrTrace(137)) - s0@group-E264CA5F8311-LeaderElection355 got exception when requesting votes: java.util.concurrent.ExecutionException: org.apache.ratis.thirdparty.io.grpc.StatusRuntimeException: INTERNAL: s1@group-E264CA5F8311 is not in [RUNNING]: current state is STARTING
2023-08-18 03:37:33,047 [s0@group-E264CA5F8311-LeaderElection355] INFO  impl.LeaderElection (LogUtils.java:infoOrTrace(137)) - s0@group-E264CA5F8311-LeaderElection355 got exception when requesting votes: java.util.concurrent.ExecutionException: org.apache.ratis.thirdparty.io.grpc.StatusRuntimeException: INTERNAL: s2@group-E264CA5F8311 is not in [RUNNING]: current state is STARTING
2023-08-18 03:37:33,047 [s0@group-E264CA5F8311-LeaderElection355] INFO  impl.LeaderElection (LeaderElection.java:logAndReturn(89)) - s0@group-E264CA5F8311-LeaderElection355: PRE_VOTE REJECTED received 0 response(s) and 2 exception(s):
2023-08-18 03:37:33,047 [s0@group-E264CA5F8311-LeaderElection355] INFO  impl.LeaderElection (LogUtils.java:infoOrTrace(137)) -   Exception 0: java.util.concurrent.ExecutionException: org.apache.ratis.thirdparty.io.grpc.StatusRuntimeException: INTERNAL: s1@group-E264CA5F8311 is not in [RUNNING]: current state is STARTING
2023-08-18 03:37:33,047 [s0@group-E264CA5F8311-LeaderElection355] INFO  impl.LeaderElection (LogUtils.java:infoOrTrace(137)) -   Exception 1: java.util.concurrent.ExecutionException: org.apache.ratis.thirdparty.io.grpc.StatusRuntimeException: INTERNAL: s2@group-E264CA5F8311 is not in [RUNNING]: current state is STARTING
2023-08-18 03:37:33,047 [s0@group-E264CA5F8311-LeaderElection355] INFO  impl.LeaderElection (LeaderElection.java:askForVotes(322)) - s0@group-E264CA5F8311-LeaderElection355 PRE_VOTE round 0: result REJECTED
2023-08-18 03:37:33,047 [s0@group-E264CA5F8311-LeaderElection355] INFO  server.RaftServer$Division (RaftServerImpl.java:setRole(371)) - s0@group-E264CA5F8311: changes role from CANDIDATE to FOLLOWER at term 1 for REJECTED
2023-08-18 03:37:33,047 [s0@group-E264CA5F8311-LeaderElection355] INFO  impl.RoleInfo (RoleInfo.java:shutdownLeaderElection(129)) - s0: shutdown s0@group-E264CA5F8311-LeaderElection355
2023-08-18 03:37:33,047 [s0@group-E264CA5F8311-LeaderElection355] INFO  impl.RoleInfo (RoleInfo.java:updateAndGet(138)) - s0: start s0@group-E264CA5F8311-FollowerState
2023-08-18 03:37:33,062 [s2-server-thread1] INFO  server.RaftServer$Division (RaftServerImpl.java:setConfigurationAsync(1238)) - s2@group-E264CA5F8311: receive setConfiguration SetConfigurationRequest:client-255CF6B0DA3F->s2@group-E264CA5F8311, cid=386, seq=0, RW, null, SET_UNCONDITIONALLY, servers:[s1|rpc:0.0.0.0:34459|dataStream:|priority:0|startupRole:FOLLOWER, s2|rpc:0.0.0.0:43137|dataStream:|priority:0|startupRole:FOLLOWER, s0|rpc:localhost:39295|admin:localhost:44843|client:localhost:40991|dataStream:localhost:40677|priority:0|startupRole:FOLLOWER], listeners:[]
2023-08-18 03:37:33,165 [s1-server-thread1] INFO  server.RaftServer$Division (RaftServerImpl.java:setConfigurationAsync(1238)) - s1@group-E264CA5F8311: receive setConfiguration SetConfigurationRequest:client-255CF6B0DA3F->s1@group-E264CA5F8311, cid=386, seq=0, RW, null, SET_UNCONDITIONALLY, servers:[s1|rpc:0.0.0.0:34459|dataStream:|priority:0|startupRole:FOLLOWER, s2|rpc:0.0.0.0:43137|dataStream:|priority:0|startupRole:FOLLOWER, s0|rpc:localhost:39295|admin:localhost:44843|client:localhost:40991|dataStream:localhost:40677|priority:0|startupRole:FOLLOWER], listeners:[]
2023-08-18 03:37:33,212 [s0@group-E264CA5F8311-FollowerState] INFO  impl.FollowerState (FollowerState.java:run(143)) - s0@group-E264CA5F8311-FollowerState: change to CANDIDATE, lastRpcElapsedTime:164380572ns, electionTimeout:164ms
2023-08-18 03:37:33,212 [s0@group-E264CA5F8311-FollowerState] INFO  impl.RoleInfo (RoleInfo.java:shutdownFollowerState(109)) - s0: shutdown s0@group-E264CA5F8311-FollowerState
2023-08-18 03:37:33,212 [s0@group-E264CA5F8311-FollowerState] INFO  server.RaftServer$Division (RaftServerImpl.java:setRole(371)) - s0@group-E264CA5F8311: changes role from  FOLLOWER to CANDIDATE at term 1 for changeToCandidate
2023-08-18 03:37:33,212 [s0@group-E264CA5F8311-FollowerState] INFO  impl.SimpleStateMachine4Testing (SimpleStateMachine4Testing.java:notifyExtendedNoLeader(411)) - StateMachineWithMultiNestedSnapshotFile:s0:group-E264CA5F8311: notifyExtendedNoLeader group-E264CA5F8311, self {
  id: "s0"
  address: "localhost:39295"
  dataStreamAddress: "localhost:40677"
  clientAddress: "localhost:40991"
  adminAddress: "localhost:44843"
  startupRole: FOLLOWER
}
role: CANDIDATE
candidateInfo {
  lastLeaderElapsedTimeMs: 91496
}

2023-08-18 03:37:33,212 [s0@group-E264CA5F8311-FollowerState] INFO  server.RaftServerConfigKeys (ConfUtils.java:logGet(46)) - raft.server.leaderelection.pre-vote = true (default)
2023-08-18 03:37:33,212 [s0@group-E264CA5F8311-FollowerState] INFO  impl.RoleInfo (RoleInfo.java:updateAndGet(138)) - s0: start s0@group-E264CA5F8311-LeaderElection356
2023-08-18 03:37:33,213 [s0@group-E264CA5F8311-LeaderElection356] INFO  impl.LeaderElection (LeaderElection.java:askForVotes(320)) - s0@group-E264CA5F8311-LeaderElection356 PRE_VOTE round 0: submit vote requests at term 1 for 255: peers:[s0|rpc:localhost:39295|admin:localhost:44843|client:localhost:40991|dataStream:localhost:40677|priority:0|startupRole:FOLLOWER, s1|rpc:0.0.0.0:34459|dataStream:|priority:0|startupRole:FOLLOWER, s2|rpc:0.0.0.0:43137|dataStream:|priority:0|startupRole:FOLLOWER]|listeners:[], old=peers:[s0|rpc:localhost:39295|admin:localhost:44843|client:localhost:40991|dataStream:localhost:40677|priority:0|startupRole:FOLLOWER]|listeners:[]
2023-08-18 03:37:33,214 [grpc-default-executor-3] INFO  server.RaftServer$Division (RaftServerImpl.java:requestVote(1344)) - s1@group-E264CA5F8311: receive requestVote(PRE_VOTE, s0, group-E264CA5F8311, 1, (t:1, i:255))
2023-08-18 03:37:33,214 [grpc-default-executor-3] WARN  server.GrpcServerProtocolService (LogUtils.java:warn(122)) - s1: Failed requestVote s0->s1#0: org.apache.ratis.protocol.exceptions.ServerNotReadyException: s1@group-E264CA5F8311 is not in [RUNNING]: current state is STARTING
2023-08-18 03:37:33,214 [grpc-default-executor-4] INFO  server.RaftServer$Division (RaftServerImpl.java:requestVote(1344)) - s2@group-E264CA5F8311: receive requestVote(PRE_VOTE, s0, group-E264CA5F8311, 1, (t:1, i:255))
2023-08-18 03:37:33,214 [grpc-default-executor-4] WARN  server.GrpcServerProtocolService (LogUtils.java:warn(122)) - s2: Failed requestVote s0->s2#0: org.apache.ratis.protocol.exceptions.ServerNotReadyException: s2@group-E264CA5F8311 is not in [RUNNING]: current state is STARTING
2023-08-18 03:37:33,214 [s0@group-E264CA5F8311-LeaderElection356] INFO  impl.LeaderElection (LogUtils.java:infoOrTrace(137)) - s0@group-E264CA5F8311-LeaderElection356 got exception when requesting votes: java.util.concurrent.ExecutionException: org.apache.ratis.thirdparty.io.grpc.StatusRuntimeException: INTERNAL: s1@group-E264CA5F8311 is not in [RUNNING]: current state is STARTING
2023-08-18 03:37:33,214 [s0@group-E264CA5F8311-LeaderElection356] INFO  impl.LeaderElection (LogUtils.java:infoOrTrace(137)) - s0@group-E264CA5F8311-LeaderElection356 got exception when requesting votes: java.util.concurrent.ExecutionException: org.apache.ratis.thirdparty.io.grpc.StatusRuntimeException: INTERNAL: s2@group-E264CA5F8311 is not in [RUNNING]: current state is STARTING
2023-08-18 03:37:33,215 [s0@group-E264CA5F8311-LeaderElection356] INFO  impl.LeaderElection (LeaderElection.java:logAndReturn(89)) - s0@group-E264CA5F8311-LeaderElection356: PRE_VOTE REJECTED received 0 response(s) and 2 exception(s):
2023-08-18 03:37:33,215 [s0@group-E264CA5F8311-LeaderElection356] INFO  impl.LeaderElection (LogUtils.java:infoOrTrace(137)) -   Exception 0: java.util.concurrent.ExecutionException: org.apache.ratis.thirdparty.io.grpc.StatusRuntimeException: INTERNAL: s1@group-E264CA5F8311 is not in [RUNNING]: current state is STARTING
2023-08-18 03:37:33,215 [s0@group-E264CA5F8311-LeaderElection356] INFO  impl.LeaderElection (LogUtils.java:infoOrTrace(137)) -   Exception 1: java.util.concurrent.ExecutionException: org.apache.ratis.thirdparty.io.grpc.StatusRuntimeException: INTERNAL: s2@group-E264CA5F8311 is not in [RUNNING]: current state is STARTING
2023-08-18 03:37:33,215 [s0@group-E264CA5F8311-LeaderElection356] INFO  impl.LeaderElection (LeaderElection.java:askForVotes(322)) - s0@group-E264CA5F8311-LeaderElection356 PRE_VOTE round 0: result REJECTED
2023-08-18 03:37:33,215 [s0@group-E264CA5F8311-LeaderElection356] INFO  server.RaftServer$Division (RaftServerImpl.java:setRole(371)) - s0@group-E264CA5F8311: changes role from CANDIDATE to FOLLOWER at term 1 for REJECTED
2023-08-18 03:37:33,215 [s0@group-E264CA5F8311-LeaderElection356] INFO  impl.RoleInfo (RoleInfo.java:shutdownLeaderElection(129)) - s0: shutdown s0@group-E264CA5F8311-LeaderElection356
2023-08-18 03:37:33,215 [s0@group-E264CA5F8311-LeaderElection356] INFO  impl.RoleInfo (RoleInfo.java:updateAndGet(138)) - s0: start s0@group-E264CA5F8311-FollowerState
2023-08-18 03:37:33,268 [s2-server-thread1] INFO  server.RaftServer$Division (RaftServerImpl.java:setConfigurationAsync(1238)) - s2@group-E264CA5F8311: receive setConfiguration SetConfigurationRequest:client-255CF6B0DA3F->s2@group-E264CA5F8311, cid=386, seq=0, RW, null, SET_UNCONDITIONALLY, servers:[s1|rpc:0.0.0.0:34459|dataStream:|priority:0|startupRole:FOLLOWER, s2|rpc:0.0.0.0:43137|dataStream:|priority:0|startupRole:FOLLOWER, s0|rpc:localhost:39295|admin:localhost:44843|client:localhost:40991|dataStream:localhost:40677|priority:0|startupRole:FOLLOWER], listeners:[]
2023-08-18 03:37:33,372 [s0-server-thread1] INFO  server.RaftServer$Division (RaftServerImpl.java:setConfigurationAsync(1238)) - s0@group-E264CA5F8311: receive setConfiguration SetConfigurationRequest:client-255CF6B0DA3F->s0@group-E264CA5F8311, cid=386, seq=0, RW, null, SET_UNCONDITIONALLY, servers:[s1|rpc:0.0.0.0:34459|dataStream:|priority:0|startupRole:FOLLOWER, s2|rpc:0.0.0.0:43137|dataStream:|priority:0|startupRole:FOLLOWER, s0|rpc:localhost:39295|admin:localhost:44843|client:localhost:40991|dataStream:localhost:40677|priority:0|startupRole:FOLLOWER], listeners:[]
2023-08-18 03:37:33,424 [s0@group-E264CA5F8311-FollowerState] INFO  impl.FollowerState (FollowerState.java:run(143)) - s0@group-E264CA5F8311-FollowerState: change to CANDIDATE, lastRpcElapsedTime:209259237ns, electionTimeout:209ms
2023-08-18 03:37:33,424 [s0@group-E264CA5F8311-FollowerState] INFO  impl.RoleInfo (RoleInfo.java:shutdownFollowerState(109)) - s0: shutdown s0@group-E264CA5F8311-FollowerState
2023-08-18 03:37:33,424 [s0@group-E264CA5F8311-FollowerState] INFO  server.RaftServer$Division (RaftServerImpl.java:setRole(371)) - s0@group-E264CA5F8311: changes role from  FOLLOWER to CANDIDATE at term 1 for changeToCandidate
2023-08-18 03:37:33,424 [s0@group-E264CA5F8311-FollowerState] INFO  impl.SimpleStateMachine4Testing (SimpleStateMachine4Testing.java:notifyExtendedNoLeader(411)) - StateMachineWithMultiNestedSnapshotFile:s0:group-E264CA5F8311: notifyExtendedNoLeader group-E264CA5F8311, self {
  id: "s0"
  address: "localhost:39295"
  dataStreamAddress: "localhost:40677"
  clientAddress: "localhost:40991"
  adminAddress: "localhost:44843"
  startupRole: FOLLOWER
}
role: CANDIDATE
candidateInfo {
  lastLeaderElapsedTimeMs: 91708
}

2023-08-18 03:37:33,424 [s0@group-E264CA5F8311-FollowerState] INFO  server.RaftServerConfigKeys (ConfUtils.java:logGet(46)) - raft.server.leaderelection.pre-vote = true (default)
2023-08-18 03:37:33,424 [s0@group-E264CA5F8311-FollowerState] INFO  impl.RoleInfo (RoleInfo.java:updateAndGet(138)) - s0: start s0@group-E264CA5F8311-LeaderElection357
2023-08-18 03:37:33,425 [s0@group-E264CA5F8311-LeaderElection357] INFO  impl.LeaderElection (LeaderElection.java:askForVotes(320)) - s0@group-E264CA5F8311-LeaderElection357 PRE_VOTE round 0: submit vote requests at term 1 for 255: peers:[s0|rpc:localhost:39295|admin:localhost:44843|client:localhost:40991|dataStream:localhost:40677|priority:0|startupRole:FOLLOWER, s1|rpc:0.0.0.0:34459|dataStream:|priority:0|startupRole:FOLLOWER, s2|rpc:0.0.0.0:43137|dataStream:|priority:0|startupRole:FOLLOWER]|listeners:[], old=peers:[s0|rpc:localhost:39295|admin:localhost:44843|client:localhost:40991|dataStream:localhost:40677|priority:0|startupRole:FOLLOWER]|listeners:[]
2023-08-18 03:37:33,425 [grpc-default-executor-4] INFO  server.RaftServer$Division (RaftServerImpl.java:requestVote(1344)) - s1@group-E264CA5F8311: receive requestVote(PRE_VOTE, s0, group-E264CA5F8311, 1, (t:1, i:255))
2023-08-18 03:37:33,425 [grpc-default-executor-3] INFO  server.RaftServer$Division (RaftServerImpl.java:requestVote(1344)) - s2@group-E264CA5F8311: receive requestVote(PRE_VOTE, s0, group-E264CA5F8311, 1, (t:1, i:255))
2023-08-18 03:37:33,426 [grpc-default-executor-4] WARN  server.GrpcServerProtocolService (LogUtils.java:warn(122)) - s1: Failed requestVote s0->s1#0: org.apache.ratis.protocol.exceptions.ServerNotReadyException: s1@group-E264CA5F8311 is not in [RUNNING]: current state is STARTING
2023-08-18 03:37:33,426 [grpc-default-executor-3] WARN  server.GrpcServerProtocolService (LogUtils.java:warn(122)) - s2: Failed requestVote s0->s2#0: org.apache.ratis.protocol.exceptions.ServerNotReadyException: s2@group-E264CA5F8311 is not in [RUNNING]: current state is STARTING
2023-08-18 03:37:33,426 [s0@group-E264CA5F8311-LeaderElection357] INFO  impl.LeaderElection (LogUtils.java:infoOrTrace(137)) - s0@group-E264CA5F8311-LeaderElection357 got exception when requesting votes: java.util.concurrent.ExecutionException: org.apache.ratis.thirdparty.io.grpc.StatusRuntimeException: INTERNAL: s1@group-E264CA5F8311 is not in [RUNNING]: current state is STARTING
2023-08-18 03:37:33,426 [s0@group-E264CA5F8311-LeaderElection357] INFO  impl.LeaderElection (LogUtils.java:infoOrTrace(137)) - s0@group-E264CA5F8311-LeaderElection357 got exception when requesting votes: java.util.concurrent.ExecutionException: org.apache.ratis.thirdparty.io.grpc.StatusRuntimeException: INTERNAL: s2@group-E264CA5F8311 is not in [RUNNING]: current state is STARTING
2023-08-18 03:37:33,426 [s0@group-E264CA5F8311-LeaderElection357] INFO  impl.LeaderElection (LeaderElection.java:logAndReturn(89)) - s0@group-E264CA5F8311-LeaderElection357: PRE_VOTE REJECTED received 0 response(s) and 2 exception(s):
2023-08-18 03:37:33,426 [s0@group-E264CA5F8311-LeaderElection357] INFO  impl.LeaderElection (LogUtils.java:infoOrTrace(137)) -   Exception 0: java.util.concurrent.ExecutionException: org.apache.ratis.thirdparty.io.grpc.StatusRuntimeException: INTERNAL: s1@group-E264CA5F8311 is not in [RUNNING]: current state is STARTING
2023-08-18 03:37:33,426 [s0@group-E264CA5F8311-LeaderElection357] INFO  impl.LeaderElection (LogUtils.java:infoOrTrace(137)) -   Exception 1: java.util.concurrent.ExecutionException: org.apache.ratis.thirdparty.io.grpc.StatusRuntimeException: INTERNAL: s2@group-E264CA5F8311 is not in [RUNNING]: current state is STARTING
2023-08-18 03:37:33,426 [s0@group-E264CA5F8311-LeaderElection357] INFO  impl.LeaderElection (LeaderElection.java:askForVotes(322)) - s0@group-E264CA5F8311-LeaderElection357 PRE_VOTE round 0: result REJECTED
2023-08-18 03:37:33,426 [s0@group-E264CA5F8311-LeaderElection357] INFO  server.RaftServer$Division (RaftServerImpl.java:setRole(371)) - s0@group-E264CA5F8311: changes role from CANDIDATE to FOLLOWER at term 1 for REJECTED
2023-08-18 03:37:33,426 [s0@group-E264CA5F8311-LeaderElection357] INFO  impl.RoleInfo (RoleInfo.java:shutdownLeaderElection(129)) - s0: shutdown s0@group-E264CA5F8311-LeaderElection357
2023-08-18 03:37:33,426 [s0@group-E264CA5F8311-LeaderElection357] INFO  impl.RoleInfo (RoleInfo.java:updateAndGet(138)) - s0: start s0@group-E264CA5F8311-FollowerState
2023-08-18 03:37:33,475 [s1-server-thread1] INFO  server.RaftServer$Division (RaftServerImpl.java:setConfigurationAsync(1238)) - s1@group-E264CA5F8311: receive setConfiguration SetConfigurationRequest:client-255CF6B0DA3F->s1@group-E264CA5F8311, cid=386, seq=0, RW, null, SET_UNCONDITIONALLY, servers:[s1|rpc:0.0.0.0:34459|dataStream:|priority:0|startupRole:FOLLOWER, s2|rpc:0.0.0.0:43137|dataStream:|priority:0|startupRole:FOLLOWER, s0|rpc:localhost:39295|admin:localhost:44843|client:localhost:40991|dataStream:localhost:40677|priority:0|startupRole:FOLLOWER], listeners:[]
2023-08-18 03:37:33,578 [s2-server-thread1] INFO  server.RaftServer$Division (RaftServerImpl.java:setConfigurationAsync(1238)) - s2@group-E264CA5F8311: receive setConfiguration SetConfigurationRequest:client-255CF6B0DA3F->s2@group-E264CA5F8311, cid=386, seq=0, RW, null, SET_UNCONDITIONALLY, servers:[s1|rpc:0.0.0.0:34459|dataStream:|priority:0|startupRole:FOLLOWER, s2|rpc:0.0.0.0:43137|dataStream:|priority:0|startupRole:FOLLOWER, s0|rpc:localhost:39295|admin:localhost:44843|client:localhost:40991|dataStream:localhost:40677|priority:0|startupRole:FOLLOWER], listeners:[]
2023-08-18 03:37:33,631 [s0@group-E264CA5F8311-FollowerState] INFO  impl.FollowerState (FollowerState.java:run(143)) - s0@group-E264CA5F8311-FollowerState: change to CANDIDATE, lastRpcElapsedTime:204291874ns, electionTimeout:204ms
2023-08-18 03:37:33,631 [s0@group-E264CA5F8311-FollowerState] INFO  impl.RoleInfo (RoleInfo.java:shutdownFollowerState(109)) - s0: shutdown s0@group-E264CA5F8311-FollowerState
2023-08-18 03:37:33,631 [s0@group-E264CA5F8311-FollowerState] INFO  server.RaftServer$Division (RaftServerImpl.java:setRole(371)) - s0@group-E264CA5F8311: changes role from  FOLLOWER to CANDIDATE at term 1 for changeToCandidate
2023-08-18 03:37:33,631 [s0@group-E264CA5F8311-FollowerState] INFO  impl.SimpleStateMachine4Testing (SimpleStateMachine4Testing.java:notifyExtendedNoLeader(411)) - StateMachineWithMultiNestedSnapshotFile:s0:group-E264CA5F8311: notifyExtendedNoLeader group-E264CA5F8311, self {
  id: "s0"
  address: "localhost:39295"
  dataStreamAddress: "localhost:40677"
  clientAddress: "localhost:40991"
  adminAddress: "localhost:44843"
  startupRole: FOLLOWER
}
role: CANDIDATE
candidateInfo {
  lastLeaderElapsedTimeMs: 91914
}

2023-08-18 03:37:33,631 [s0@group-E264CA5F8311-FollowerState] INFO  server.RaftServerConfigKeys (ConfUtils.java:logGet(46)) - raft.server.leaderelection.pre-vote = true (default)
2023-08-18 03:37:33,631 [s0@group-E264CA5F8311-FollowerState] INFO  impl.RoleInfo (RoleInfo.java:updateAndGet(138)) - s0: start s0@group-E264CA5F8311-LeaderElection358
2023-08-18 03:37:33,631 [s0@group-E264CA5F8311-LeaderElection358] INFO  impl.LeaderElection (LeaderElection.java:askForVotes(320)) - s0@group-E264CA5F8311-LeaderElection358 PRE_VOTE round 0: submit vote requests at term 1 for 255: peers:[s0|rpc:localhost:39295|admin:localhost:44843|client:localhost:40991|dataStream:localhost:40677|priority:0|startupRole:FOLLOWER, s1|rpc:0.0.0.0:34459|dataStream:|priority:0|startupRole:FOLLOWER, s2|rpc:0.0.0.0:43137|dataStream:|priority:0|startupRole:FOLLOWER]|listeners:[], old=peers:[s0|rpc:localhost:39295|admin:localhost:44843|client:localhost:40991|dataStream:localhost:40677|priority:0|startupRole:FOLLOWER]|listeners:[]
2023-08-18 03:37:33,632 [grpc-default-executor-4] INFO  server.RaftServer$Division (RaftServerImpl.java:requestVote(1344)) - s2@group-E264CA5F8311: receive requestVote(PRE_VOTE, s0, group-E264CA5F8311, 1, (t:1, i:255))
2023-08-18 03:37:33,632 [grpc-default-executor-3] INFO  server.RaftServer$Division (RaftServerImpl.java:requestVote(1344)) - s1@group-E264CA5F8311: receive requestVote(PRE_VOTE, s0, group-E264CA5F8311, 1, (t:1, i:255))
2023-08-18 03:37:33,632 [grpc-default-executor-4] WARN  server.GrpcServerProtocolService (LogUtils.java:warn(122)) - s2: Failed requestVote s0->s2#0: org.apache.ratis.protocol.exceptions.ServerNotReadyException: s2@group-E264CA5F8311 is not in [RUNNING]: current state is STARTING
2023-08-18 03:37:33,632 [grpc-default-executor-3] WARN  server.GrpcServerProtocolService (LogUtils.java:warn(122)) - s1: Failed requestVote s0->s1#0: org.apache.ratis.protocol.exceptions.ServerNotReadyException: s1@group-E264CA5F8311 is not in [RUNNING]: current state is STARTING
2023-08-18 03:37:33,632 [s0@group-E264CA5F8311-LeaderElection358] INFO  impl.LeaderElection (LogUtils.java:infoOrTrace(137)) - s0@group-E264CA5F8311-LeaderElection358 got exception when requesting votes: java.util.concurrent.ExecutionException: org.apache.ratis.thirdparty.io.grpc.StatusRuntimeException: INTERNAL: s1@group-E264CA5F8311 is not in [RUNNING]: current state is STARTING
2023-08-18 03:37:33,632 [s0@group-E264CA5F8311-LeaderElection358] INFO  impl.LeaderElection (LogUtils.java:infoOrTrace(137)) - s0@group-E264CA5F8311-LeaderElection358 got exception when requesting votes: java.util.concurrent.ExecutionException: org.apache.ratis.thirdparty.io.grpc.StatusRuntimeException: INTERNAL: s2@group-E264CA5F8311 is not in [RUNNING]: current state is STARTING
2023-08-18 03:37:33,633 [s0@group-E264CA5F8311-LeaderElection358] INFO  impl.LeaderElection (LeaderElection.java:logAndReturn(89)) - s0@group-E264CA5F8311-LeaderElection358: PRE_VOTE REJECTED received 0 response(s) and 2 exception(s):
2023-08-18 03:37:33,633 [s0@group-E264CA5F8311-LeaderElection358] INFO  impl.LeaderElection (LogUtils.java:infoOrTrace(137)) -   Exception 0: java.util.concurrent.ExecutionException: org.apache.ratis.thirdparty.io.grpc.StatusRuntimeException: INTERNAL: s1@group-E264CA5F8311 is not in [RUNNING]: current state is STARTING
2023-08-18 03:37:33,633 [s0@group-E264CA5F8311-LeaderElection358] INFO  impl.LeaderElection (LogUtils.java:infoOrTrace(137)) -   Exception 1: java.util.concurrent.ExecutionException: org.apache.ratis.thirdparty.io.grpc.StatusRuntimeException: INTERNAL: s2@group-E264CA5F8311 is not in [RUNNING]: current state is STARTING
2023-08-18 03:37:33,633 [s0@group-E264CA5F8311-LeaderElection358] INFO  impl.LeaderElection (LeaderElection.java:askForVotes(322)) - s0@group-E264CA5F8311-LeaderElection358 PRE_VOTE round 0: result REJECTED
2023-08-18 03:37:33,633 [s0@group-E264CA5F8311-LeaderElection358] INFO  server.RaftServer$Division (RaftServerImpl.java:setRole(371)) - s0@group-E264CA5F8311: changes role from CANDIDATE to FOLLOWER at term 1 for REJECTED
2023-08-18 03:37:33,633 [s0@group-E264CA5F8311-LeaderElection358] INFO  impl.RoleInfo (RoleInfo.java:shutdownLeaderElection(129)) - s0: shutdown s0@group-E264CA5F8311-LeaderElection358
2023-08-18 03:37:33,633 [s0@group-E264CA5F8311-LeaderElection358] INFO  impl.RoleInfo (RoleInfo.java:updateAndGet(138)) - s0: start s0@group-E264CA5F8311-FollowerState
2023-08-18 03:37:33,681 [s1-server-thread1] INFO  server.RaftServer$Division (RaftServerImpl.java:setConfigurationAsync(1238)) - s1@group-E264CA5F8311: receive setConfiguration SetConfigurationRequest:client-255CF6B0DA3F->s1@group-E264CA5F8311, cid=386, seq=0, RW, null, SET_UNCONDITIONALLY, servers:[s1|rpc:0.0.0.0:34459|dataStream:|priority:0|startupRole:FOLLOWER, s2|rpc:0.0.0.0:43137|dataStream:|priority:0|startupRole:FOLLOWER, s0|rpc:localhost:39295|admin:localhost:44843|client:localhost:40991|dataStream:localhost:40677|priority:0|startupRole:FOLLOWER], listeners:[]
2023-08-18 03:37:33,784 [s0-server-thread1] INFO  server.RaftServer$Division (RaftServerImpl.java:setConfigurationAsync(1238)) - s0@group-E264CA5F8311: receive setConfiguration SetConfigurationRequest:client-255CF6B0DA3F->s0@group-E264CA5F8311, cid=386, seq=0, RW, null, SET_UNCONDITIONALLY, servers:[s1|rpc:0.0.0.0:34459|dataStream:|priority:0|startupRole:FOLLOWER, s2|rpc:0.0.0.0:43137|dataStream:|priority:0|startupRole:FOLLOWER, s0|rpc:localhost:39295|admin:localhost:44843|client:localhost:40991|dataStream:localhost:40677|priority:0|startupRole:FOLLOWER], listeners:[]
2023-08-18 03:37:33,836 [s0@group-E264CA5F8311-FollowerState] INFO  impl.FollowerState (FollowerState.java:run(143)) - s0@group-E264CA5F8311-FollowerState: change to CANDIDATE, lastRpcElapsedTime:203229682ns, electionTimeout:203ms
2023-08-18 03:37:33,836 [s0@group-E264CA5F8311-FollowerState] INFO  impl.RoleInfo (RoleInfo.java:shutdownFollowerState(109)) - s0: shutdown s0@group-E264CA5F8311-FollowerState
2023-08-18 03:37:33,836 [s0@group-E264CA5F8311-FollowerState] INFO  server.RaftServer$Division (RaftServerImpl.java:setRole(371)) - s0@group-E264CA5F8311: changes role from  FOLLOWER to CANDIDATE at term 1 for changeToCandidate
2023-08-18 03:37:33,836 [s0@group-E264CA5F8311-FollowerState] INFO  impl.SimpleStateMachine4Testing (SimpleStateMachine4Testing.java:notifyExtendedNoLeader(411)) - StateMachineWithMultiNestedSnapshotFile:s0:group-E264CA5F8311: notifyExtendedNoLeader group-E264CA5F8311, self {
  id: "s0"
  address: "localhost:39295"
  dataStreamAddress: "localhost:40677"
  clientAddress: "localhost:40991"
  adminAddress: "localhost:44843"
  startupRole: FOLLOWER
}
role: CANDIDATE
candidateInfo {
  lastLeaderElapsedTimeMs: 92120
}

2023-08-18 03:37:33,836 [s0@group-E264CA5F8311-FollowerState] INFO  server.RaftServerConfigKeys (ConfUtils.java:logGet(46)) - raft.server.leaderelection.pre-vote = true (default)
2023-08-18 03:37:33,836 [s0@group-E264CA5F8311-FollowerState] INFO  impl.RoleInfo (RoleInfo.java:updateAndGet(138)) - s0: start s0@group-E264CA5F8311-LeaderElection359
2023-08-18 03:37:33,837 [s0@group-E264CA5F8311-LeaderElection359] INFO  impl.LeaderElection (LeaderElection.java:askForVotes(320)) - s0@group-E264CA5F8311-LeaderElection359 PRE_VOTE round 0: submit vote requests at term 1 for 255: peers:[s0|rpc:localhost:39295|admin:localhost:44843|client:localhost:40991|dataStream:localhost:40677|priority:0|startupRole:FOLLOWER, s1|rpc:0.0.0.0:34459|dataStream:|priority:0|startupRole:FOLLOWER, s2|rpc:0.0.0.0:43137|dataStream:|priority:0|startupRole:FOLLOWER]|listeners:[], old=peers:[s0|rpc:localhost:39295|admin:localhost:44843|client:localhost:40991|dataStream:localhost:40677|priority:0|startupRole:FOLLOWER]|listeners:[]
2023-08-18 03:37:33,838 [grpc-default-executor-3] INFO  server.RaftServer$Division (RaftServerImpl.java:requestVote(1344)) - s1@group-E264CA5F8311: receive requestVote(PRE_VOTE, s0, group-E264CA5F8311, 1, (t:1, i:255))
2023-08-18 03:37:33,838 [grpc-default-executor-3] WARN  server.GrpcServerProtocolService (LogUtils.java:warn(122)) - s1: Failed requestVote s0->s1#0: org.apache.ratis.protocol.exceptions.ServerNotReadyException: s1@group-E264CA5F8311 is not in [RUNNING]: current state is STARTING
2023-08-18 03:37:33,838 [grpc-default-executor-4] INFO  server.RaftServer$Division (RaftServerImpl.java:requestVote(1344)) - s2@group-E264CA5F8311: receive requestVote(PRE_VOTE, s0, group-E264CA5F8311, 1, (t:1, i:255))
2023-08-18 03:37:33,838 [grpc-default-executor-4] WARN  server.GrpcServerProtocolService (LogUtils.java:warn(122)) - s2: Failed requestVote s0->s2#0: org.apache.ratis.protocol.exceptions.ServerNotReadyException: s2@group-E264CA5F8311 is not in [RUNNING]: current state is STARTING
2023-08-18 03:37:33,838 [s0@group-E264CA5F8311-LeaderElection359] INFO  impl.LeaderElection (LogUtils.java:infoOrTrace(137)) - s0@group-E264CA5F8311-LeaderElection359 got exception when requesting votes: java.util.concurrent.ExecutionException: org.apache.ratis.thirdparty.io.grpc.StatusRuntimeException: INTERNAL: s1@group-E264CA5F8311 is not in [RUNNING]: current state is STARTING
2023-08-18 03:37:33,838 [s0@group-E264CA5F8311-LeaderElection359] INFO  impl.LeaderElection (LogUtils.java:infoOrTrace(137)) - s0@group-E264CA5F8311-LeaderElection359 got exception when requesting votes: java.util.concurrent.ExecutionException: org.apache.ratis.thirdparty.io.grpc.StatusRuntimeException: INTERNAL: s2@group-E264CA5F8311 is not in [RUNNING]: current state is STARTING
2023-08-18 03:37:33,838 [s0@group-E264CA5F8311-LeaderElection359] INFO  impl.LeaderElection (LeaderElection.java:logAndReturn(89)) - s0@group-E264CA5F8311-LeaderElection359: PRE_VOTE REJECTED received 0 response(s) and 2 exception(s):
2023-08-18 03:37:33,838 [s0@group-E264CA5F8311-LeaderElection359] INFO  impl.LeaderElection (LogUtils.java:infoOrTrace(137)) -   Exception 0: java.util.concurrent.ExecutionException: org.apache.ratis.thirdparty.io.grpc.StatusRuntimeException: INTERNAL: s1@group-E264CA5F8311 is not in [RUNNING]: current state is STARTING
2023-08-18 03:37:33,838 [s0@group-E264CA5F8311-LeaderElection359] INFO  impl.LeaderElection (LogUtils.java:infoOrTrace(137)) -   Exception 1: java.util.concurrent.ExecutionException: org.apache.ratis.thirdparty.io.grpc.StatusRuntimeException: INTERNAL: s2@group-E264CA5F8311 is not in [RUNNING]: current state is STARTING
2023-08-18 03:37:33,838 [s0@group-E264CA5F8311-LeaderElection359] INFO  impl.LeaderElection (LeaderElection.java:askForVotes(322)) - s0@group-E264CA5F8311-LeaderElection359 PRE_VOTE round 0: result REJECTED
2023-08-18 03:37:33,838 [s0@group-E264CA5F8311-LeaderElection359] INFO  server.RaftServer$Division (RaftServerImpl.java:setRole(371)) - s0@group-E264CA5F8311: changes role from CANDIDATE to FOLLOWER at term 1 for REJECTED
2023-08-18 03:37:33,838 [s0@group-E264CA5F8311-LeaderElection359] INFO  impl.RoleInfo (RoleInfo.java:shutdownLeaderElection(129)) - s0: shutdown s0@group-E264CA5F8311-LeaderElection359
2023-08-18 03:37:33,838 [s0@group-E264CA5F8311-LeaderElection359] INFO  impl.RoleInfo (RoleInfo.java:updateAndGet(138)) - s0: start s0@group-E264CA5F8311-FollowerState
2023-08-18 03:37:33,888 [s1-server-thread1] INFO  server.RaftServer$Division (RaftServerImpl.java:setConfigurationAsync(1238)) - s1@group-E264CA5F8311: receive setConfiguration SetConfigurationRequest:client-255CF6B0DA3F->s1@group-E264CA5F8311, cid=386, seq=0, RW, null, SET_UNCONDITIONALLY, servers:[s1|rpc:0.0.0.0:34459|dataStream:|priority:0|startupRole:FOLLOWER, s2|rpc:0.0.0.0:43137|dataStream:|priority:0|startupRole:FOLLOWER, s0|rpc:localhost:39295|admin:localhost:44843|client:localhost:40991|dataStream:localhost:40677|priority:0|startupRole:FOLLOWER], listeners:[]
2023-08-18 03:37:33,991 [s0-server-thread1] INFO  server.RaftServer$Division (RaftServerImpl.java:setConfigurationAsync(1238)) - s0@group-E264CA5F8311: receive setConfiguration SetConfigurationRequest:client-255CF6B0DA3F->s0@group-E264CA5F8311, cid=386, seq=0, RW, null, SET_UNCONDITIONALLY, servers:[s1|rpc:0.0.0.0:34459|dataStream:|priority:0|startupRole:FOLLOWER, s2|rpc:0.0.0.0:43137|dataStream:|priority:0|startupRole:FOLLOWER, s0|rpc:localhost:39295|admin:localhost:44843|client:localhost:40991|dataStream:localhost:40677|priority:0|startupRole:FOLLOWER], listeners:[]
2023-08-18 03:37:34,051 [s0@group-E264CA5F8311-FollowerState] INFO  impl.FollowerState (FollowerState.java:run(143)) - s0@group-E264CA5F8311-FollowerState: change to CANDIDATE, lastRpcElapsedTime:213299807ns, electionTimeout:213ms
2023-08-18 03:37:34,052 [s0@group-E264CA5F8311-FollowerState] INFO  impl.RoleInfo (RoleInfo.java:shutdownFollowerState(109)) - s0: shutdown s0@group-E264CA5F8311-FollowerState
2023-08-18 03:37:34,052 [s0@group-E264CA5F8311-FollowerState] INFO  server.RaftServer$Division (RaftServerImpl.java:setRole(371)) - s0@group-E264CA5F8311: changes role from  FOLLOWER to CANDIDATE at term 1 for changeToCandidate
2023-08-18 03:37:34,052 [s0@group-E264CA5F8311-FollowerState] INFO  impl.SimpleStateMachine4Testing (SimpleStateMachine4Testing.java:notifyExtendedNoLeader(411)) - StateMachineWithMultiNestedSnapshotFile:s0:group-E264CA5F8311: notifyExtendedNoLeader group-E264CA5F8311, self {
  id: "s0"
  address: "localhost:39295"
  dataStreamAddress: "localhost:40677"
  clientAddress: "localhost:40991"
  adminAddress: "localhost:44843"
  startupRole: FOLLOWER
}
role: CANDIDATE
candidateInfo {
  lastLeaderElapsedTimeMs: 92335
}

2023-08-18 03:37:34,052 [s0@group-E264CA5F8311-FollowerState] INFO  server.RaftServerConfigKeys (ConfUtils.java:logGet(46)) - raft.server.leaderelection.pre-vote = true (default)
2023-08-18 03:37:34,052 [s0@group-E264CA5F8311-FollowerState] INFO  impl.RoleInfo (RoleInfo.java:updateAndGet(138)) - s0: start s0@group-E264CA5F8311-LeaderElection360
2023-08-18 03:37:34,052 [s0@group-E264CA5F8311-LeaderElection360] INFO  impl.LeaderElection (LeaderElection.java:askForVotes(320)) - s0@group-E264CA5F8311-LeaderElection360 PRE_VOTE round 0: submit vote requests at term 1 for 255: peers:[s0|rpc:localhost:39295|admin:localhost:44843|client:localhost:40991|dataStream:localhost:40677|priority:0|startupRole:FOLLOWER, s1|rpc:0.0.0.0:34459|dataStream:|priority:0|startupRole:FOLLOWER, s2|rpc:0.0.0.0:43137|dataStream:|priority:0|startupRole:FOLLOWER]|listeners:[], old=peers:[s0|rpc:localhost:39295|admin:localhost:44843|client:localhost:40991|dataStream:localhost:40677|priority:0|startupRole:FOLLOWER]|listeners:[]
2023-08-18 03:37:34,053 [grpc-default-executor-3] INFO  server.RaftServer$Division (RaftServerImpl.java:requestVote(1344)) - s2@group-E264CA5F8311: receive requestVote(PRE_VOTE, s0, group-E264CA5F8311, 1, (t:1, i:255))
2023-08-18 03:37:34,053 [grpc-default-executor-4] INFO  server.RaftServer$Division (RaftServerImpl.java:requestVote(1344)) - s1@group-E264CA5F8311: receive requestVote(PRE_VOTE, s0, group-E264CA5F8311, 1, (t:1, i:255))
2023-08-18 03:37:34,053 [grpc-default-executor-3] WARN  server.GrpcServerProtocolService (LogUtils.java:warn(122)) - s2: Failed requestVote s0->s2#0: org.apache.ratis.protocol.exceptions.ServerNotReadyException: s2@group-E264CA5F8311 is not in [RUNNING]: current state is STARTING
2023-08-18 03:37:34,053 [grpc-default-executor-4] WARN  server.GrpcServerProtocolService (LogUtils.java:warn(122)) - s1: Failed requestVote s0->s1#0: org.apache.ratis.protocol.exceptions.ServerNotReadyException: s1@group-E264CA5F8311 is not in [RUNNING]: current state is STARTING
2023-08-18 03:37:34,053 [s0@group-E264CA5F8311-LeaderElection360] INFO  impl.LeaderElection (LogUtils.java:infoOrTrace(137)) - s0@group-E264CA5F8311-LeaderElection360 got exception when requesting votes: java.util.concurrent.ExecutionException: org.apache.ratis.thirdparty.io.grpc.StatusRuntimeException: INTERNAL: s2@group-E264CA5F8311 is not in [RUNNING]: current state is STARTING
2023-08-18 03:37:34,053 [s0@group-E264CA5F8311-LeaderElection360] INFO  impl.LeaderElection (LogUtils.java:infoOrTrace(137)) - s0@group-E264CA5F8311-LeaderElection360 got exception when requesting votes: java.util.concurrent.ExecutionException: org.apache.ratis.thirdparty.io.grpc.StatusRuntimeException: INTERNAL: s1@group-E264CA5F8311 is not in [RUNNING]: current state is STARTING
2023-08-18 03:37:34,053 [s0@group-E264CA5F8311-LeaderElection360] INFO  impl.LeaderElection (LeaderElection.java:logAndReturn(89)) - s0@group-E264CA5F8311-LeaderElection360: PRE_VOTE REJECTED received 0 response(s) and 2 exception(s):
2023-08-18 03:37:34,054 [s0@group-E264CA5F8311-LeaderElection360] INFO  impl.LeaderElection (LogUtils.java:infoOrTrace(137)) -   Exception 0: java.util.concurrent.ExecutionException: org.apache.ratis.thirdparty.io.grpc.StatusRuntimeException: INTERNAL: s2@group-E264CA5F8311 is not in [RUNNING]: current state is STARTING
2023-08-18 03:37:34,054 [s0@group-E264CA5F8311-LeaderElection360] INFO  impl.LeaderElection (LogUtils.java:infoOrTrace(137)) -   Exception 1: java.util.concurrent.ExecutionException: org.apache.ratis.thirdparty.io.grpc.StatusRuntimeException: INTERNAL: s1@group-E264CA5F8311 is not in [RUNNING]: current state is STARTING
2023-08-18 03:37:34,054 [s0@group-E264CA5F8311-LeaderElection360] INFO  impl.LeaderElection (LeaderElection.java:askForVotes(322)) - s0@group-E264CA5F8311-LeaderElection360 PRE_VOTE round 0: result REJECTED
2023-08-18 03:37:34,054 [s0@group-E264CA5F8311-LeaderElection360] INFO  server.RaftServer$Division (RaftServerImpl.java:setRole(371)) - s0@group-E264CA5F8311: changes role from CANDIDATE to FOLLOWER at term 1 for REJECTED
2023-08-18 03:37:34,054 [s0@group-E264CA5F8311-LeaderElection360] INFO  impl.RoleInfo (RoleInfo.java:shutdownLeaderElection(129)) - s0: shutdown s0@group-E264CA5F8311-LeaderElection360
2023-08-18 03:37:34,054 [s0@group-E264CA5F8311-LeaderElection360] INFO  impl.RoleInfo (RoleInfo.java:updateAndGet(138)) - s0: start s0@group-E264CA5F8311-FollowerState
2023-08-18 03:37:34,094 [s2-server-thread1] INFO  server.RaftServer$Division (RaftServerImpl.java:setConfigurationAsync(1238)) - s2@group-E264CA5F8311: receive setConfiguration SetConfigurationRequest:client-255CF6B0DA3F->s2@group-E264CA5F8311, cid=386, seq=0, RW, null, SET_UNCONDITIONALLY, servers:[s1|rpc:0.0.0.0:34459|dataStream:|priority:0|startupRole:FOLLOWER, s2|rpc:0.0.0.0:43137|dataStream:|priority:0|startupRole:FOLLOWER, s0|rpc:localhost:39295|admin:localhost:44843|client:localhost:40991|dataStream:localhost:40677|priority:0|startupRole:FOLLOWER], listeners:[]
2023-08-18 03:37:34,198 [s0-server-thread1] INFO  server.RaftServer$Division (RaftServerImpl.java:setConfigurationAsync(1238)) - s0@group-E264CA5F8311: receive setConfiguration SetConfigurationRequest:client-255CF6B0DA3F->s0@group-E264CA5F8311, cid=386, seq=0, RW, null, SET_UNCONDITIONALLY, servers:[s1|rpc:0.0.0.0:34459|dataStream:|priority:0|startupRole:FOLLOWER, s2|rpc:0.0.0.0:43137|dataStream:|priority:0|startupRole:FOLLOWER, s0|rpc:localhost:39295|admin:localhost:44843|client:localhost:40991|dataStream:localhost:40677|priority:0|startupRole:FOLLOWER], listeners:[]
2023-08-18 03:37:34,302 [s2-server-thread1] INFO  server.RaftServer$Division (RaftServerImpl.java:setConfigurationAsync(1238)) - s2@group-E264CA5F8311: receive setConfiguration SetConfigurationRequest:client-255CF6B0DA3F->s2@group-E264CA5F8311, cid=386, seq=0, RW, null, SET_UNCONDITIONALLY, servers:[s1|rpc:0.0.0.0:34459|dataStream:|priority:0|startupRole:FOLLOWER, s2|rpc:0.0.0.0:43137|dataStream:|priority:0|startupRole:FOLLOWER, s0|rpc:localhost:39295|admin:localhost:44843|client:localhost:40991|dataStream:localhost:40677|priority:0|startupRole:FOLLOWER], listeners:[]
2023-08-18 03:37:34,314 [s0@group-E264CA5F8311-FollowerState] INFO  impl.FollowerState (FollowerState.java:run(143)) - s0@group-E264CA5F8311-FollowerState: change to CANDIDATE, lastRpcElapsedTime:260260255ns, electionTimeout:260ms
2023-08-18 03:37:34,314 [s0@group-E264CA5F8311-FollowerState] INFO  impl.RoleInfo (RoleInfo.java:shutdownFollowerState(109)) - s0: shutdown s0@group-E264CA5F8311-FollowerState
2023-08-18 03:37:34,314 [s0@group-E264CA5F8311-FollowerState] INFO  server.RaftServer$Division (RaftServerImpl.java:setRole(371)) - s0@group-E264CA5F8311: changes role from  FOLLOWER to CANDIDATE at term 1 for changeToCandidate
2023-08-18 03:37:34,314 [s0@group-E264CA5F8311-FollowerState] INFO  impl.SimpleStateMachine4Testing (SimpleStateMachine4Testing.java:notifyExtendedNoLeader(411)) - StateMachineWithMultiNestedSnapshotFile:s0:group-E264CA5F8311: notifyExtendedNoLeader group-E264CA5F8311, self {
  id: "s0"
  address: "localhost:39295"
  dataStreamAddress: "localhost:40677"
  clientAddress: "localhost:40991"
  adminAddress: "localhost:44843"
  startupRole: FOLLOWER
}
role: CANDIDATE
candidateInfo {
  lastLeaderElapsedTimeMs: 92598
}

2023-08-18 03:37:34,314 [s0@group-E264CA5F8311-FollowerState] INFO  server.RaftServerConfigKeys (ConfUtils.java:logGet(46)) - raft.server.leaderelection.pre-vote = true (default)
2023-08-18 03:37:34,314 [s0@group-E264CA5F8311-FollowerState] INFO  impl.RoleInfo (RoleInfo.java:updateAndGet(138)) - s0: start s0@group-E264CA5F8311-LeaderElection361
2023-08-18 03:37:34,314 [s0@group-E264CA5F8311-LeaderElection361] INFO  impl.LeaderElection (LeaderElection.java:askForVotes(320)) - s0@group-E264CA5F8311-LeaderElection361 PRE_VOTE round 0: submit vote requests at term 1 for 255: peers:[s0|rpc:localhost:39295|admin:localhost:44843|client:localhost:40991|dataStream:localhost:40677|priority:0|startupRole:FOLLOWER, s1|rpc:0.0.0.0:34459|dataStream:|priority:0|startupRole:FOLLOWER, s2|rpc:0.0.0.0:43137|dataStream:|priority:0|startupRole:FOLLOWER]|listeners:[], old=peers:[s0|rpc:localhost:39295|admin:localhost:44843|client:localhost:40991|dataStream:localhost:40677|priority:0|startupRole:FOLLOWER]|listeners:[]
2023-08-18 03:37:34,315 [grpc-default-executor-3] INFO  server.RaftServer$Division (RaftServerImpl.java:requestVote(1344)) - s1@group-E264CA5F8311: receive requestVote(PRE_VOTE, s0, group-E264CA5F8311, 1, (t:1, i:255))
2023-08-18 03:37:34,315 [grpc-default-executor-3] WARN  server.GrpcServerProtocolService (LogUtils.java:warn(122)) - s1: Failed requestVote s0->s1#0: org.apache.ratis.protocol.exceptions.ServerNotReadyException: s1@group-E264CA5F8311 is not in [RUNNING]: current state is STARTING
2023-08-18 03:37:34,316 [s0@group-E264CA5F8311-LeaderElection361] INFO  impl.LeaderElection (LogUtils.java:infoOrTrace(137)) - s0@group-E264CA5F8311-LeaderElection361 got exception when requesting votes: java.util.concurrent.ExecutionException: org.apache.ratis.thirdparty.io.grpc.StatusRuntimeException: INTERNAL: s1@group-E264CA5F8311 is not in [RUNNING]: current state is STARTING
2023-08-18 03:37:34,316 [grpc-default-executor-3] INFO  server.RaftServer$Division (RaftServerImpl.java:requestVote(1344)) - s2@group-E264CA5F8311: receive requestVote(PRE_VOTE, s0, group-E264CA5F8311, 1, (t:1, i:255))
2023-08-18 03:37:34,316 [grpc-default-executor-3] WARN  server.GrpcServerProtocolService (LogUtils.java:warn(122)) - s2: Failed requestVote s0->s2#0: org.apache.ratis.protocol.exceptions.ServerNotReadyException: s2@group-E264CA5F8311 is not in [RUNNING]: current state is STARTING
2023-08-18 03:37:34,316 [s0@group-E264CA5F8311-LeaderElection361] INFO  impl.LeaderElection (LogUtils.java:infoOrTrace(137)) - s0@group-E264CA5F8311-LeaderElection361 got exception when requesting votes: java.util.concurrent.ExecutionException: org.apache.ratis.thirdparty.io.grpc.StatusRuntimeException: INTERNAL: s2@group-E264CA5F8311 is not in [RUNNING]: current state is STARTING
2023-08-18 03:37:34,316 [s0@group-E264CA5F8311-LeaderElection361] INFO  impl.LeaderElection (LeaderElection.java:logAndReturn(89)) - s0@group-E264CA5F8311-LeaderElection361: PRE_VOTE REJECTED received 0 response(s) and 2 exception(s):
2023-08-18 03:37:34,316 [s0@group-E264CA5F8311-LeaderElection361] INFO  impl.LeaderElection (LogUtils.java:infoOrTrace(137)) -   Exception 0: java.util.concurrent.ExecutionException: org.apache.ratis.thirdparty.io.grpc.StatusRuntimeException: INTERNAL: s1@group-E264CA5F8311 is not in [RUNNING]: current state is STARTING
2023-08-18 03:37:34,316 [s0@group-E264CA5F8311-LeaderElection361] INFO  impl.LeaderElection (LogUtils.java:infoOrTrace(137)) -   Exception 1: java.util.concurrent.ExecutionException: org.apache.ratis.thirdparty.io.grpc.StatusRuntimeException: INTERNAL: s2@group-E264CA5F8311 is not in [RUNNING]: current state is STARTING
2023-08-18 03:37:34,316 [s0@group-E264CA5F8311-LeaderElection361] INFO  impl.LeaderElection (LeaderElection.java:askForVotes(322)) - s0@group-E264CA5F8311-LeaderElection361 PRE_VOTE round 0: result REJECTED
2023-08-18 03:37:34,316 [s0@group-E264CA5F8311-LeaderElection361] INFO  server.RaftServer$Division (RaftServerImpl.java:setRole(371)) - s0@group-E264CA5F8311: changes role from CANDIDATE to FOLLOWER at term 1 for REJECTED
2023-08-18 03:37:34,316 [s0@group-E264CA5F8311-LeaderElection361] INFO  impl.RoleInfo (RoleInfo.java:shutdownLeaderElection(129)) - s0: shutdown s0@group-E264CA5F8311-LeaderElection361
2023-08-18 03:37:34,316 [s0@group-E264CA5F8311-LeaderElection361] INFO  impl.RoleInfo (RoleInfo.java:updateAndGet(138)) - s0: start s0@group-E264CA5F8311-FollowerState
2023-08-18 03:37:34,405 [s0-server-thread1] INFO  server.RaftServer$Division (RaftServerImpl.java:setConfigurationAsync(1238)) - s0@group-E264CA5F8311: receive setConfiguration SetConfigurationRequest:client-255CF6B0DA3F->s0@group-E264CA5F8311, cid=386, seq=0, RW, null, SET_UNCONDITIONALLY, servers:[s1|rpc:0.0.0.0:34459|dataStream:|priority:0|startupRole:FOLLOWER, s2|rpc:0.0.0.0:43137|dataStream:|priority:0|startupRole:FOLLOWER, s0|rpc:localhost:39295|admin:localhost:44843|client:localhost:40991|dataStream:localhost:40677|priority:0|startupRole:FOLLOWER], listeners:[]
2023-08-18 03:37:34,509 [s2-server-thread1] INFO  server.RaftServer$Division (RaftServerImpl.java:setConfigurationAsync(1238)) - s2@group-E264CA5F8311: receive setConfiguration SetConfigurationRequest:client-255CF6B0DA3F->s2@group-E264CA5F8311, cid=386, seq=0, RW, null, SET_UNCONDITIONALLY, servers:[s1|rpc:0.0.0.0:34459|dataStream:|priority:0|startupRole:FOLLOWER, s2|rpc:0.0.0.0:43137|dataStream:|priority:0|startupRole:FOLLOWER, s0|rpc:localhost:39295|admin:localhost:44843|client:localhost:40991|dataStream:localhost:40677|priority:0|startupRole:FOLLOWER], listeners:[]
2023-08-18 03:37:34,518 [s0@group-E264CA5F8311-FollowerState] INFO  impl.FollowerState (FollowerState.java:run(143)) - s0@group-E264CA5F8311-FollowerState: change to CANDIDATE, lastRpcElapsedTime:201199597ns, electionTimeout:201ms
2023-08-18 03:37:34,518 [s0@group-E264CA5F8311-FollowerState] INFO  impl.RoleInfo (RoleInfo.java:shutdownFollowerState(109)) - s0: shutdown s0@group-E264CA5F8311-FollowerState
2023-08-18 03:37:34,518 [s0@group-E264CA5F8311-FollowerState] INFO  server.RaftServer$Division (RaftServerImpl.java:setRole(371)) - s0@group-E264CA5F8311: changes role from  FOLLOWER to CANDIDATE at term 1 for changeToCandidate
2023-08-18 03:37:34,518 [s0@group-E264CA5F8311-FollowerState] INFO  impl.SimpleStateMachine4Testing (SimpleStateMachine4Testing.java:notifyExtendedNoLeader(411)) - StateMachineWithMultiNestedSnapshotFile:s0:group-E264CA5F8311: notifyExtendedNoLeader group-E264CA5F8311, self {
  id: "s0"
  address: "localhost:39295"
  dataStreamAddress: "localhost:40677"
  clientAddress: "localhost:40991"
  adminAddress: "localhost:44843"
  startupRole: FOLLOWER
}
role: CANDIDATE
candidateInfo {
  lastLeaderElapsedTimeMs: 92802
}

2023-08-18 03:37:34,518 [s0@group-E264CA5F8311-FollowerState] INFO  server.RaftServerConfigKeys (ConfUtils.java:logGet(46)) - raft.server.leaderelection.pre-vote = true (default)
2023-08-18 03:37:34,518 [s0@group-E264CA5F8311-FollowerState] INFO  impl.RoleInfo (RoleInfo.java:updateAndGet(138)) - s0: start s0@group-E264CA5F8311-LeaderElection362
2023-08-18 03:37:34,518 [s0@group-E264CA5F8311-LeaderElection362] INFO  impl.LeaderElection (LeaderElection.java:askForVotes(320)) - s0@group-E264CA5F8311-LeaderElection362 PRE_VOTE round 0: submit vote requests at term 1 for 255: peers:[s0|rpc:localhost:39295|admin:localhost:44843|client:localhost:40991|dataStream:localhost:40677|priority:0|startupRole:FOLLOWER, s1|rpc:0.0.0.0:34459|dataStream:|priority:0|startupRole:FOLLOWER, s2|rpc:0.0.0.0:43137|dataStream:|priority:0|startupRole:FOLLOWER]|listeners:[], old=peers:[s0|rpc:localhost:39295|admin:localhost:44843|client:localhost:40991|dataStream:localhost:40677|priority:0|startupRole:FOLLOWER]|listeners:[]
2023-08-18 03:37:34,519 [grpc-default-executor-3] INFO  server.RaftServer$Division (RaftServerImpl.java:requestVote(1344)) - s1@group-E264CA5F8311: receive requestVote(PRE_VOTE, s0, group-E264CA5F8311, 1, (t:1, i:255))
2023-08-18 03:37:34,519 [grpc-default-executor-3] WARN  server.GrpcServerProtocolService (LogUtils.java:warn(122)) - s1: Failed requestVote s0->s1#0: org.apache.ratis.protocol.exceptions.ServerNotReadyException: s1@group-E264CA5F8311 is not in [RUNNING]: current state is STARTING
2023-08-18 03:37:34,519 [grpc-default-executor-3] INFO  server.RaftServer$Division (RaftServerImpl.java:requestVote(1344)) - s2@group-E264CA5F8311: receive requestVote(PRE_VOTE, s0, group-E264CA5F8311, 1, (t:1, i:255))
2023-08-18 03:37:34,519 [grpc-default-executor-3] WARN  server.GrpcServerProtocolService (LogUtils.java:warn(122)) - s2: Failed requestVote s0->s2#0: org.apache.ratis.protocol.exceptions.ServerNotReadyException: s2@group-E264CA5F8311 is not in [RUNNING]: current state is STARTING
2023-08-18 03:37:34,519 [s0@group-E264CA5F8311-LeaderElection362] INFO  impl.LeaderElection (LogUtils.java:infoOrTrace(137)) - s0@group-E264CA5F8311-LeaderElection362 got exception when requesting votes: java.util.concurrent.ExecutionException: org.apache.ratis.thirdparty.io.grpc.StatusRuntimeException: INTERNAL: s1@group-E264CA5F8311 is not in [RUNNING]: current state is STARTING
2023-08-18 03:37:34,520 [s0@group-E264CA5F8311-LeaderElection362] INFO  impl.LeaderElection (LogUtils.java:infoOrTrace(137)) - s0@group-E264CA5F8311-LeaderElection362 got exception when requesting votes: java.util.concurrent.ExecutionException: org.apache.ratis.thirdparty.io.grpc.StatusRuntimeException: INTERNAL: s2@group-E264CA5F8311 is not in [RUNNING]: current state is STARTING
2023-08-18 03:37:34,520 [s0@group-E264CA5F8311-LeaderElection362] INFO  impl.LeaderElection (LeaderElection.java:logAndReturn(89)) - s0@group-E264CA5F8311-LeaderElection362: PRE_VOTE REJECTED received 0 response(s) and 2 exception(s):
2023-08-18 03:37:34,520 [s0@group-E264CA5F8311-LeaderElection362] INFO  impl.LeaderElection (LogUtils.java:infoOrTrace(137)) -   Exception 0: java.util.concurrent.ExecutionException: org.apache.ratis.thirdparty.io.grpc.StatusRuntimeException: INTERNAL: s1@group-E264CA5F8311 is not in [RUNNING]: current state is STARTING
2023-08-18 03:37:34,520 [s0@group-E264CA5F8311-LeaderElection362] INFO  impl.LeaderElection (LogUtils.java:infoOrTrace(137)) -   Exception 1: java.util.concurrent.ExecutionException: org.apache.ratis.thirdparty.io.grpc.StatusRuntimeException: INTERNAL: s2@group-E264CA5F8311 is not in [RUNNING]: current state is STARTING
2023-08-18 03:37:34,520 [s0@group-E264CA5F8311-LeaderElection362] INFO  impl.LeaderElection (LeaderElection.java:askForVotes(322)) - s0@group-E264CA5F8311-LeaderElection362 PRE_VOTE round 0: result REJECTED
2023-08-18 03:37:34,520 [s0@group-E264CA5F8311-LeaderElection362] INFO  server.RaftServer$Division (RaftServerImpl.java:setRole(371)) - s0@group-E264CA5F8311: changes role from CANDIDATE to FOLLOWER at term 1 for REJECTED
2023-08-18 03:37:34,520 [s0@group-E264CA5F8311-LeaderElection362] INFO  impl.RoleInfo (RoleInfo.java:shutdownLeaderElection(129)) - s0: shutdown s0@group-E264CA5F8311-LeaderElection362
2023-08-18 03:37:34,520 [s0@group-E264CA5F8311-LeaderElection362] INFO  impl.RoleInfo (RoleInfo.java:updateAndGet(138)) - s0: start s0@group-E264CA5F8311-FollowerState
2023-08-18 03:37:34,612 [s1-server-thread1] INFO  server.RaftServer$Division (RaftServerImpl.java:setConfigurationAsync(1238)) - s1@group-E264CA5F8311: receive setConfiguration SetConfigurationRequest:client-255CF6B0DA3F->s1@group-E264CA5F8311, cid=386, seq=0, RW, null, SET_UNCONDITIONALLY, servers:[s1|rpc:0.0.0.0:34459|dataStream:|priority:0|startupRole:FOLLOWER, s2|rpc:0.0.0.0:43137|dataStream:|priority:0|startupRole:FOLLOWER, s0|rpc:localhost:39295|admin:localhost:44843|client:localhost:40991|dataStream:localhost:40677|priority:0|startupRole:FOLLOWER], listeners:[]
2023-08-18 03:37:34,718 [s2-server-thread1] INFO  server.RaftServer$Division (RaftServerImpl.java:setConfigurationAsync(1238)) - s2@group-E264CA5F8311: receive setConfiguration SetConfigurationRequest:client-255CF6B0DA3F->s2@group-E264CA5F8311, cid=386, seq=0, RW, null, SET_UNCONDITIONALLY, servers:[s1|rpc:0.0.0.0:34459|dataStream:|priority:0|startupRole:FOLLOWER, s2|rpc:0.0.0.0:43137|dataStream:|priority:0|startupRole:FOLLOWER, s0|rpc:localhost:39295|admin:localhost:44843|client:localhost:40991|dataStream:localhost:40677|priority:0|startupRole:FOLLOWER], listeners:[]
2023-08-18 03:37:34,763 [s0@group-E264CA5F8311-FollowerState] INFO  impl.FollowerState (FollowerState.java:run(143)) - s0@group-E264CA5F8311-FollowerState: change to CANDIDATE, lastRpcElapsedTime:243329383ns, electionTimeout:243ms
2023-08-18 03:37:34,763 [s0@group-E264CA5F8311-FollowerState] INFO  impl.RoleInfo (RoleInfo.java:shutdownFollowerState(109)) - s0: shutdown s0@group-E264CA5F8311-FollowerState
2023-08-18 03:37:34,763 [s0@group-E264CA5F8311-FollowerState] INFO  server.RaftServer$Division (RaftServerImpl.java:setRole(371)) - s0@group-E264CA5F8311: changes role from  FOLLOWER to CANDIDATE at term 1 for changeToCandidate
2023-08-18 03:37:34,763 [s0@group-E264CA5F8311-FollowerState] INFO  impl.SimpleStateMachine4Testing (SimpleStateMachine4Testing.java:notifyExtendedNoLeader(411)) - StateMachineWithMultiNestedSnapshotFile:s0:group-E264CA5F8311: notifyExtendedNoLeader group-E264CA5F8311, self {
  id: "s0"
  address: "localhost:39295"
  dataStreamAddress: "localhost:40677"
  clientAddress: "localhost:40991"
  adminAddress: "localhost:44843"
  startupRole: FOLLOWER
}
role: CANDIDATE
candidateInfo {
  lastLeaderElapsedTimeMs: 93047
}

2023-08-18 03:37:34,763 [s0@group-E264CA5F8311-FollowerState] INFO  server.RaftServerConfigKeys (ConfUtils.java:logGet(46)) - raft.server.leaderelection.pre-vote = true (default)
2023-08-18 03:37:34,763 [s0@group-E264CA5F8311-FollowerState] INFO  impl.RoleInfo (RoleInfo.java:updateAndGet(138)) - s0: start s0@group-E264CA5F8311-LeaderElection363
2023-08-18 03:37:34,764 [s0@group-E264CA5F8311-LeaderElection363] INFO  impl.LeaderElection (LeaderElection.java:askForVotes(320)) - s0@group-E264CA5F8311-LeaderElection363 PRE_VOTE round 0: submit vote requests at term 1 for 255: peers:[s0|rpc:localhost:39295|admin:localhost:44843|client:localhost:40991|dataStream:localhost:40677|priority:0|startupRole:FOLLOWER, s1|rpc:0.0.0.0:34459|dataStream:|priority:0|startupRole:FOLLOWER, s2|rpc:0.0.0.0:43137|dataStream:|priority:0|startupRole:FOLLOWER]|listeners:[], old=peers:[s0|rpc:localhost:39295|admin:localhost:44843|client:localhost:40991|dataStream:localhost:40677|priority:0|startupRole:FOLLOWER]|listeners:[]
2023-08-18 03:37:34,765 [grpc-default-executor-3] INFO  server.RaftServer$Division (RaftServerImpl.java:requestVote(1344)) - s1@group-E264CA5F8311: receive requestVote(PRE_VOTE, s0, group-E264CA5F8311, 1, (t:1, i:255))
2023-08-18 03:37:34,765 [grpc-default-executor-3] WARN  server.GrpcServerProtocolService (LogUtils.java:warn(122)) - s1: Failed requestVote s0->s1#0: org.apache.ratis.protocol.exceptions.ServerNotReadyException: s1@group-E264CA5F8311 is not in [RUNNING]: current state is STARTING
2023-08-18 03:37:34,765 [grpc-default-executor-4] INFO  server.RaftServer$Division (RaftServerImpl.java:requestVote(1344)) - s2@group-E264CA5F8311: receive requestVote(PRE_VOTE, s0, group-E264CA5F8311, 1, (t:1, i:255))
2023-08-18 03:37:34,765 [grpc-default-executor-4] WARN  server.GrpcServerProtocolService (LogUtils.java:warn(122)) - s2: Failed requestVote s0->s2#0: org.apache.ratis.protocol.exceptions.ServerNotReadyException: s2@group-E264CA5F8311 is not in [RUNNING]: current state is STARTING
2023-08-18 03:37:34,766 [s0@group-E264CA5F8311-LeaderElection363] INFO  impl.LeaderElection (LogUtils.java:infoOrTrace(137)) - s0@group-E264CA5F8311-LeaderElection363 got exception when requesting votes: java.util.concurrent.ExecutionException: org.apache.ratis.thirdparty.io.grpc.StatusRuntimeException: INTERNAL: s1@group-E264CA5F8311 is not in [RUNNING]: current state is STARTING
2023-08-18 03:37:34,766 [s0@group-E264CA5F8311-LeaderElection363] INFO  impl.LeaderElection (LogUtils.java:infoOrTrace(137)) - s0@group-E264CA5F8311-LeaderElection363 got exception when requesting votes: java.util.concurrent.ExecutionException: org.apache.ratis.thirdparty.io.grpc.StatusRuntimeException: INTERNAL: s2@group-E264CA5F8311 is not in [RUNNING]: current state is STARTING
2023-08-18 03:37:34,766 [s0@group-E264CA5F8311-LeaderElection363] INFO  impl.LeaderElection (LeaderElection.java:logAndReturn(89)) - s0@group-E264CA5F8311-LeaderElection363: PRE_VOTE REJECTED received 0 response(s) and 2 exception(s):
2023-08-18 03:37:34,766 [s0@group-E264CA5F8311-LeaderElection363] INFO  impl.LeaderElection (LogUtils.java:infoOrTrace(137)) -   Exception 0: java.util.concurrent.ExecutionException: org.apache.ratis.thirdparty.io.grpc.StatusRuntimeException: INTERNAL: s1@group-E264CA5F8311 is not in [RUNNING]: current state is STARTING
2023-08-18 03:37:34,766 [s0@group-E264CA5F8311-LeaderElection363] INFO  impl.LeaderElection (LogUtils.java:infoOrTrace(137)) -   Exception 1: java.util.concurrent.ExecutionException: org.apache.ratis.thirdparty.io.grpc.StatusRuntimeException: INTERNAL: s2@group-E264CA5F8311 is not in [RUNNING]: current state is STARTING
2023-08-18 03:37:34,766 [s0@group-E264CA5F8311-LeaderElection363] INFO  impl.LeaderElection (LeaderElection.java:askForVotes(322)) - s0@group-E264CA5F8311-LeaderElection363 PRE_VOTE round 0: result REJECTED
2023-08-18 03:37:34,766 [s0@group-E264CA5F8311-LeaderElection363] INFO  server.RaftServer$Division (RaftServerImpl.java:setRole(371)) - s0@group-E264CA5F8311: changes role from CANDIDATE to FOLLOWER at term 1 for REJECTED
2023-08-18 03:37:34,766 [s0@group-E264CA5F8311-LeaderElection363] INFO  impl.RoleInfo (RoleInfo.java:shutdownLeaderElection(129)) - s0: shutdown s0@group-E264CA5F8311-LeaderElection363
2023-08-18 03:37:34,766 [s0@group-E264CA5F8311-LeaderElection363] INFO  impl.RoleInfo (RoleInfo.java:updateAndGet(138)) - s0: start s0@group-E264CA5F8311-FollowerState
2023-08-18 03:37:34,822 [s0-server-thread1] INFO  server.RaftServer$Division (RaftServerImpl.java:setConfigurationAsync(1238)) - s0@group-E264CA5F8311: receive setConfiguration SetConfigurationRequest:client-255CF6B0DA3F->s0@group-E264CA5F8311, cid=386, seq=0, RW, null, SET_UNCONDITIONALLY, servers:[s1|rpc:0.0.0.0:34459|dataStream:|priority:0|startupRole:FOLLOWER, s2|rpc:0.0.0.0:43137|dataStream:|priority:0|startupRole:FOLLOWER, s0|rpc:localhost:39295|admin:localhost:44843|client:localhost:40991|dataStream:localhost:40677|priority:0|startupRole:FOLLOWER], listeners:[]
2023-08-18 03:37:34,925 [s2-server-thread1] INFO  server.RaftServer$Division (RaftServerImpl.java:setConfigurationAsync(1238)) - s2@group-E264CA5F8311: receive setConfiguration SetConfigurationRequest:client-255CF6B0DA3F->s2@group-E264CA5F8311, cid=386, seq=0, RW, null, SET_UNCONDITIONALLY, servers:[s1|rpc:0.0.0.0:34459|dataStream:|priority:0|startupRole:FOLLOWER, s2|rpc:0.0.0.0:43137|dataStream:|priority:0|startupRole:FOLLOWER, s0|rpc:localhost:39295|admin:localhost:44843|client:localhost:40991|dataStream:localhost:40677|priority:0|startupRole:FOLLOWER], listeners:[]
2023-08-18 03:37:34,926 [s0@group-E264CA5F8311-FollowerState] INFO  impl.FollowerState (FollowerState.java:run(143)) - s0@group-E264CA5F8311-FollowerState: change to CANDIDATE, lastRpcElapsedTime:160339302ns, electionTimeout:160ms
2023-08-18 03:37:34,926 [s0@group-E264CA5F8311-FollowerState] INFO  impl.RoleInfo (RoleInfo.java:shutdownFollowerState(109)) - s0: shutdown s0@group-E264CA5F8311-FollowerState
2023-08-18 03:37:34,926 [s0@group-E264CA5F8311-FollowerState] INFO  server.RaftServer$Division (RaftServerImpl.java:setRole(371)) - s0@group-E264CA5F8311: changes role from  FOLLOWER to CANDIDATE at term 1 for changeToCandidate
2023-08-18 03:37:34,926 [s0@group-E264CA5F8311-FollowerState] INFO  impl.SimpleStateMachine4Testing (SimpleStateMachine4Testing.java:notifyExtendedNoLeader(411)) - StateMachineWithMultiNestedSnapshotFile:s0:group-E264CA5F8311: notifyExtendedNoLeader group-E264CA5F8311, self {
  id: "s0"
  address: "localhost:39295"
  dataStreamAddress: "localhost:40677"
  clientAddress: "localhost:40991"
  adminAddress: "localhost:44843"
  startupRole: FOLLOWER
}
role: CANDIDATE
candidateInfo {
  lastLeaderElapsedTimeMs: 93210
}

2023-08-18 03:37:34,926 [s0@group-E264CA5F8311-FollowerState] INFO  server.RaftServerConfigKeys (ConfUtils.java:logGet(46)) - raft.server.leaderelection.pre-vote = true (default)
2023-08-18 03:37:34,927 [s0@group-E264CA5F8311-FollowerState] INFO  impl.RoleInfo (RoleInfo.java:updateAndGet(138)) - s0: start s0@group-E264CA5F8311-LeaderElection364
2023-08-18 03:37:34,927 [s0@group-E264CA5F8311-LeaderElection364] INFO  impl.LeaderElection (LeaderElection.java:askForVotes(320)) - s0@group-E264CA5F8311-LeaderElection364 PRE_VOTE round 0: submit vote requests at term 1 for 255: peers:[s0|rpc:localhost:39295|admin:localhost:44843|client:localhost:40991|dataStream:localhost:40677|priority:0|startupRole:FOLLOWER, s1|rpc:0.0.0.0:34459|dataStream:|priority:0|startupRole:FOLLOWER, s2|rpc:0.0.0.0:43137|dataStream:|priority:0|startupRole:FOLLOWER]|listeners:[], old=peers:[s0|rpc:localhost:39295|admin:localhost:44843|client:localhost:40991|dataStream:localhost:40677|priority:0|startupRole:FOLLOWER]|listeners:[]
2023-08-18 03:37:34,927 [grpc-default-executor-4] INFO  server.RaftServer$Division (RaftServerImpl.java:requestVote(1344)) - s1@group-E264CA5F8311: receive requestVote(PRE_VOTE, s0, group-E264CA5F8311, 1, (t:1, i:255))
2023-08-18 03:37:34,927 [grpc-default-executor-4] WARN  server.GrpcServerProtocolService (LogUtils.java:warn(122)) - s1: Failed requestVote s0->s1#0: org.apache.ratis.protocol.exceptions.ServerNotReadyException: s1@group-E264CA5F8311 is not in [RUNNING]: current state is STARTING
2023-08-18 03:37:34,928 [grpc-default-executor-4] INFO  server.RaftServer$Division (RaftServerImpl.java:requestVote(1344)) - s2@group-E264CA5F8311: receive requestVote(PRE_VOTE, s0, group-E264CA5F8311, 1, (t:1, i:255))
2023-08-18 03:37:34,928 [grpc-default-executor-4] WARN  server.GrpcServerProtocolService (LogUtils.java:warn(122)) - s2: Failed requestVote s0->s2#0: org.apache.ratis.protocol.exceptions.ServerNotReadyException: s2@group-E264CA5F8311 is not in [RUNNING]: current state is STARTING
2023-08-18 03:37:34,928 [s0@group-E264CA5F8311-LeaderElection364] INFO  impl.LeaderElection (LogUtils.java:infoOrTrace(137)) - s0@group-E264CA5F8311-LeaderElection364 got exception when requesting votes: java.util.concurrent.ExecutionException: org.apache.ratis.thirdparty.io.grpc.StatusRuntimeException: INTERNAL: s1@group-E264CA5F8311 is not in [RUNNING]: current state is STARTING
2023-08-18 03:37:34,928 [s0@group-E264CA5F8311-LeaderElection364] INFO  impl.LeaderElection (LogUtils.java:infoOrTrace(137)) - s0@group-E264CA5F8311-LeaderElection364 got exception when requesting votes: java.util.concurrent.ExecutionException: org.apache.ratis.thirdparty.io.grpc.StatusRuntimeException: INTERNAL: s2@group-E264CA5F8311 is not in [RUNNING]: current state is STARTING
2023-08-18 03:37:34,928 [s0@group-E264CA5F8311-LeaderElection364] INFO  impl.LeaderElection (LeaderElection.java:logAndReturn(89)) - s0@group-E264CA5F8311-LeaderElection364: PRE_VOTE REJECTED received 0 response(s) and 2 exception(s):
2023-08-18 03:37:34,928 [s0@group-E264CA5F8311-LeaderElection364] INFO  impl.LeaderElection (LogUtils.java:infoOrTrace(137)) -   Exception 0: java.util.concurrent.ExecutionException: org.apache.ratis.thirdparty.io.grpc.StatusRuntimeException: INTERNAL: s1@group-E264CA5F8311 is not in [RUNNING]: current state is STARTING
2023-08-18 03:37:34,928 [s0@group-E264CA5F8311-LeaderElection364] INFO  impl.LeaderElection (LogUtils.java:infoOrTrace(137)) -   Exception 1: java.util.concurrent.ExecutionException: org.apache.ratis.thirdparty.io.grpc.StatusRuntimeException: INTERNAL: s2@group-E264CA5F8311 is not in [RUNNING]: current state is STARTING
2023-08-18 03:37:34,928 [s0@group-E264CA5F8311-LeaderElection364] INFO  impl.LeaderElection (LeaderElection.java:askForVotes(322)) - s0@group-E264CA5F8311-LeaderElection364 PRE_VOTE round 0: result REJECTED
2023-08-18 03:37:34,928 [s0@group-E264CA5F8311-LeaderElection364] INFO  server.RaftServer$Division (RaftServerImpl.java:setRole(371)) - s0@group-E264CA5F8311: changes role from CANDIDATE to FOLLOWER at term 1 for REJECTED
2023-08-18 03:37:34,928 [s0@group-E264CA5F8311-LeaderElection364] INFO  impl.RoleInfo (RoleInfo.java:shutdownLeaderElection(129)) - s0: shutdown s0@group-E264CA5F8311-LeaderElection364
2023-08-18 03:37:34,928 [s0@group-E264CA5F8311-LeaderElection364] INFO  impl.RoleInfo (RoleInfo.java:updateAndGet(138)) - s0: start s0@group-E264CA5F8311-FollowerState
2023-08-18 03:37:35,028 [s0-server-thread1] INFO  server.RaftServer$Division (RaftServerImpl.java:setConfigurationAsync(1238)) - s0@group-E264CA5F8311: receive setConfiguration SetConfigurationRequest:client-255CF6B0DA3F->s0@group-E264CA5F8311, cid=386, seq=0, RW, null, SET_UNCONDITIONALLY, servers:[s1|rpc:0.0.0.0:34459|dataStream:|priority:0|startupRole:FOLLOWER, s2|rpc:0.0.0.0:43137|dataStream:|priority:0|startupRole:FOLLOWER, s0|rpc:localhost:39295|admin:localhost:44843|client:localhost:40991|dataStream:localhost:40677|priority:0|startupRole:FOLLOWER], listeners:[]
2023-08-18 03:37:35,131 [s1-server-thread1] INFO  server.RaftServer$Division (RaftServerImpl.java:setConfigurationAsync(1238)) - s1@group-E264CA5F8311: receive setConfiguration SetConfigurationRequest:client-255CF6B0DA3F->s1@group-E264CA5F8311, cid=386, seq=0, RW, null, SET_UNCONDITIONALLY, servers:[s1|rpc:0.0.0.0:34459|dataStream:|priority:0|startupRole:FOLLOWER, s2|rpc:0.0.0.0:43137|dataStream:|priority:0|startupRole:FOLLOWER, s0|rpc:localhost:39295|admin:localhost:44843|client:localhost:40991|dataStream:localhost:40677|priority:0|startupRole:FOLLOWER], listeners:[]
2023-08-18 03:37:35,139 [s0@group-E264CA5F8311-FollowerState] INFO  impl.FollowerState (FollowerState.java:run(143)) - s0@group-E264CA5F8311-FollowerState: change to CANDIDATE, lastRpcElapsedTime:211171422ns, electionTimeout:208ms
2023-08-18 03:37:35,139 [s0@group-E264CA5F8311-FollowerState] INFO  impl.RoleInfo (RoleInfo.java:shutdownFollowerState(109)) - s0: shutdown s0@group-E264CA5F8311-FollowerState
2023-08-18 03:37:35,139 [s0@group-E264CA5F8311-FollowerState] INFO  server.RaftServer$Division (RaftServerImpl.java:setRole(371)) - s0@group-E264CA5F8311: changes role from  FOLLOWER to CANDIDATE at term 1 for changeToCandidate
2023-08-18 03:37:35,139 [s0@group-E264CA5F8311-FollowerState] INFO  impl.SimpleStateMachine4Testing (SimpleStateMachine4Testing.java:notifyExtendedNoLeader(411)) - StateMachineWithMultiNestedSnapshotFile:s0:group-E264CA5F8311: notifyExtendedNoLeader group-E264CA5F8311, self {
  id: "s0"
  address: "localhost:39295"
  dataStreamAddress: "localhost:40677"
  clientAddress: "localhost:40991"
  adminAddress: "localhost:44843"
  startupRole: FOLLOWER
}
role: CANDIDATE
candidateInfo {
  lastLeaderElapsedTimeMs: 93423
}

2023-08-18 03:37:35,140 [s0@group-E264CA5F8311-FollowerState] INFO  server.RaftServerConfigKeys (ConfUtils.java:logGet(46)) - raft.server.leaderelection.pre-vote = true (default)
2023-08-18 03:37:35,140 [s0@group-E264CA5F8311-FollowerState] INFO  impl.RoleInfo (RoleInfo.java:updateAndGet(138)) - s0: start s0@group-E264CA5F8311-LeaderElection365
2023-08-18 03:37:35,140 [s0@group-E264CA5F8311-LeaderElection365] INFO  impl.LeaderElection (LeaderElection.java:askForVotes(320)) - s0@group-E264CA5F8311-LeaderElection365 PRE_VOTE round 0: submit vote requests at term 1 for 255: peers:[s0|rpc:localhost:39295|admin:localhost:44843|client:localhost:40991|dataStream:localhost:40677|priority:0|startupRole:FOLLOWER, s1|rpc:0.0.0.0:34459|dataStream:|priority:0|startupRole:FOLLOWER, s2|rpc:0.0.0.0:43137|dataStream:|priority:0|startupRole:FOLLOWER]|listeners:[], old=peers:[s0|rpc:localhost:39295|admin:localhost:44843|client:localhost:40991|dataStream:localhost:40677|priority:0|startupRole:FOLLOWER]|listeners:[]
2023-08-18 03:37:35,140 [grpc-default-executor-4] INFO  server.RaftServer$Division (RaftServerImpl.java:requestVote(1344)) - s1@group-E264CA5F8311: receive requestVote(PRE_VOTE, s0, group-E264CA5F8311, 1, (t:1, i:255))
2023-08-18 03:37:35,140 [grpc-default-executor-4] WARN  server.GrpcServerProtocolService (LogUtils.java:warn(122)) - s1: Failed requestVote s0->s1#0: org.apache.ratis.protocol.exceptions.ServerNotReadyException: s1@group-E264CA5F8311 is not in [RUNNING]: current state is STARTING
2023-08-18 03:37:35,141 [grpc-default-executor-4] INFO  server.RaftServer$Division (RaftServerImpl.java:requestVote(1344)) - s2@group-E264CA5F8311: receive requestVote(PRE_VOTE, s0, group-E264CA5F8311, 1, (t:1, i:255))
2023-08-18 03:37:35,141 [grpc-default-executor-4] WARN  server.GrpcServerProtocolService (LogUtils.java:warn(122)) - s2: Failed requestVote s0->s2#0: org.apache.ratis.protocol.exceptions.ServerNotReadyException: s2@group-E264CA5F8311 is not in [RUNNING]: current state is STARTING
2023-08-18 03:37:35,141 [s0@group-E264CA5F8311-LeaderElection365] INFO  impl.LeaderElection (LogUtils.java:infoOrTrace(137)) - s0@group-E264CA5F8311-LeaderElection365 got exception when requesting votes: java.util.concurrent.ExecutionException: org.apache.ratis.thirdparty.io.grpc.StatusRuntimeException: INTERNAL: s1@group-E264CA5F8311 is not in [RUNNING]: current state is STARTING
2023-08-18 03:37:35,141 [s0@group-E264CA5F8311-LeaderElection365] INFO  impl.LeaderElection (LogUtils.java:infoOrTrace(137)) - s0@group-E264CA5F8311-LeaderElection365 got exception when requesting votes: java.util.concurrent.ExecutionException: org.apache.ratis.thirdparty.io.grpc.StatusRuntimeException: INTERNAL: s2@group-E264CA5F8311 is not in [RUNNING]: current state is STARTING
2023-08-18 03:37:35,141 [s0@group-E264CA5F8311-LeaderElection365] INFO  impl.LeaderElection (LeaderElection.java:logAndReturn(89)) - s0@group-E264CA5F8311-LeaderElection365: PRE_VOTE REJECTED received 0 response(s) and 2 exception(s):
2023-08-18 03:37:35,141 [s0@group-E264CA5F8311-LeaderElection365] INFO  impl.LeaderElection (LogUtils.java:infoOrTrace(137)) -   Exception 0: java.util.concurrent.ExecutionException: org.apache.ratis.thirdparty.io.grpc.StatusRuntimeException: INTERNAL: s1@group-E264CA5F8311 is not in [RUNNING]: current state is STARTING
2023-08-18 03:37:35,141 [s0@group-E264CA5F8311-LeaderElection365] INFO  impl.LeaderElection (LogUtils.java:infoOrTrace(137)) -   Exception 1: java.util.concurrent.ExecutionException: org.apache.ratis.thirdparty.io.grpc.StatusRuntimeException: INTERNAL: s2@group-E264CA5F8311 is not in [RUNNING]: current state is STARTING
2023-08-18 03:37:35,141 [s0@group-E264CA5F8311-LeaderElection365] INFO  impl.LeaderElection (LeaderElection.java:askForVotes(322)) - s0@group-E264CA5F8311-LeaderElection365 PRE_VOTE round 0: result REJECTED
2023-08-18 03:37:35,141 [s0@group-E264CA5F8311-LeaderElection365] INFO  server.RaftServer$Division (RaftServerImpl.java:setRole(371)) - s0@group-E264CA5F8311: changes role from CANDIDATE to FOLLOWER at term 1 for REJECTED
2023-08-18 03:37:35,141 [s0@group-E264CA5F8311-LeaderElection365] INFO  impl.RoleInfo (RoleInfo.java:shutdownLeaderElection(129)) - s0: shutdown s0@group-E264CA5F8311-LeaderElection365
2023-08-18 03:37:35,141 [s0@group-E264CA5F8311-LeaderElection365] INFO  impl.RoleInfo (RoleInfo.java:updateAndGet(138)) - s0: start s0@group-E264CA5F8311-FollowerState
2023-08-18 03:37:35,234 [s2-server-thread1] INFO  server.RaftServer$Division (RaftServerImpl.java:setConfigurationAsync(1238)) - s2@group-E264CA5F8311: receive setConfiguration SetConfigurationRequest:client-255CF6B0DA3F->s2@group-E264CA5F8311, cid=386, seq=0, RW, null, SET_UNCONDITIONALLY, servers:[s1|rpc:0.0.0.0:34459|dataStream:|priority:0|startupRole:FOLLOWER, s2|rpc:0.0.0.0:43137|dataStream:|priority:0|startupRole:FOLLOWER, s0|rpc:localhost:39295|admin:localhost:44843|client:localhost:40991|dataStream:localhost:40677|priority:0|startupRole:FOLLOWER], listeners:[]
2023-08-18 03:37:35,337 [s1-server-thread1] INFO  server.RaftServer$Division (RaftServerImpl.java:setConfigurationAsync(1238)) - s1@group-E264CA5F8311: receive setConfiguration SetConfigurationRequest:client-255CF6B0DA3F->s1@group-E264CA5F8311, cid=386, seq=0, RW, null, SET_UNCONDITIONALLY, servers:[s1|rpc:0.0.0.0:34459|dataStream:|priority:0|startupRole:FOLLOWER, s2|rpc:0.0.0.0:43137|dataStream:|priority:0|startupRole:FOLLOWER, s0|rpc:localhost:39295|admin:localhost:44843|client:localhost:40991|dataStream:localhost:40677|priority:0|startupRole:FOLLOWER], listeners:[]
2023-08-18 03:37:35,362 [s0@group-E264CA5F8311-FollowerState] INFO  impl.FollowerState (FollowerState.java:run(143)) - s0@group-E264CA5F8311-FollowerState: change to CANDIDATE, lastRpcElapsedTime:221347247ns, electionTimeout:221ms
2023-08-18 03:37:35,363 [s0@group-E264CA5F8311-FollowerState] INFO  impl.RoleInfo (RoleInfo.java:shutdownFollowerState(109)) - s0: shutdown s0@group-E264CA5F8311-FollowerState
2023-08-18 03:37:35,363 [s0@group-E264CA5F8311-FollowerState] INFO  server.RaftServer$Division (RaftServerImpl.java:setRole(371)) - s0@group-E264CA5F8311: changes role from  FOLLOWER to CANDIDATE at term 1 for changeToCandidate
2023-08-18 03:37:35,363 [s0@group-E264CA5F8311-FollowerState] INFO  impl.SimpleStateMachine4Testing (SimpleStateMachine4Testing.java:notifyExtendedNoLeader(411)) - StateMachineWithMultiNestedSnapshotFile:s0:group-E264CA5F8311: notifyExtendedNoLeader group-E264CA5F8311, self {
  id: "s0"
  address: "localhost:39295"
  dataStreamAddress: "localhost:40677"
  clientAddress: "localhost:40991"
  adminAddress: "localhost:44843"
  startupRole: FOLLOWER
}
role: CANDIDATE
candidateInfo {
  lastLeaderElapsedTimeMs: 93646
}

2023-08-18 03:37:35,363 [s0@group-E264CA5F8311-FollowerState] INFO  server.RaftServerConfigKeys (ConfUtils.java:logGet(46)) - raft.server.leaderelection.pre-vote = true (default)
2023-08-18 03:37:35,363 [s0@group-E264CA5F8311-FollowerState] INFO  impl.RoleInfo (RoleInfo.java:updateAndGet(138)) - s0: start s0@group-E264CA5F8311-LeaderElection366
2023-08-18 03:37:35,363 [s0@group-E264CA5F8311-LeaderElection366] INFO  impl.LeaderElection (LeaderElection.java:askForVotes(320)) - s0@group-E264CA5F8311-LeaderElection366 PRE_VOTE round 0: submit vote requests at term 1 for 255: peers:[s0|rpc:localhost:39295|admin:localhost:44843|client:localhost:40991|dataStream:localhost:40677|priority:0|startupRole:FOLLOWER, s1|rpc:0.0.0.0:34459|dataStream:|priority:0|startupRole:FOLLOWER, s2|rpc:0.0.0.0:43137|dataStream:|priority:0|startupRole:FOLLOWER]|listeners:[], old=peers:[s0|rpc:localhost:39295|admin:localhost:44843|client:localhost:40991|dataStream:localhost:40677|priority:0|startupRole:FOLLOWER]|listeners:[]
2023-08-18 03:37:35,364 [grpc-default-executor-4] INFO  server.RaftServer$Division (RaftServerImpl.java:requestVote(1344)) - s1@group-E264CA5F8311: receive requestVote(PRE_VOTE, s0, group-E264CA5F8311, 1, (t:1, i:255))
2023-08-18 03:37:35,364 [grpc-default-executor-4] WARN  server.GrpcServerProtocolService (LogUtils.java:warn(122)) - s1: Failed requestVote s0->s1#0: org.apache.ratis.protocol.exceptions.ServerNotReadyException: s1@group-E264CA5F8311 is not in [RUNNING]: current state is STARTING
2023-08-18 03:37:35,364 [s0@group-E264CA5F8311-LeaderElection366] INFO  impl.LeaderElection (LogUtils.java:infoOrTrace(137)) - s0@group-E264CA5F8311-LeaderElection366 got exception when requesting votes: java.util.concurrent.ExecutionException: org.apache.ratis.thirdparty.io.grpc.StatusRuntimeException: INTERNAL: s1@group-E264CA5F8311 is not in [RUNNING]: current state is STARTING
2023-08-18 03:37:35,365 [grpc-default-executor-4] INFO  server.RaftServer$Division (RaftServerImpl.java:requestVote(1344)) - s2@group-E264CA5F8311: receive requestVote(PRE_VOTE, s0, group-E264CA5F8311, 1, (t:1, i:255))
2023-08-18 03:37:35,365 [grpc-default-executor-4] WARN  server.GrpcServerProtocolService (LogUtils.java:warn(122)) - s2: Failed requestVote s0->s2#0: org.apache.ratis.protocol.exceptions.ServerNotReadyException: s2@group-E264CA5F8311 is not in [RUNNING]: current state is STARTING
2023-08-18 03:37:35,365 [s0@group-E264CA5F8311-LeaderElection366] INFO  impl.LeaderElection (LogUtils.java:infoOrTrace(137)) - s0@group-E264CA5F8311-LeaderElection366 got exception when requesting votes: java.util.concurrent.ExecutionException: org.apache.ratis.thirdparty.io.grpc.StatusRuntimeException: INTERNAL: s2@group-E264CA5F8311 is not in [RUNNING]: current state is STARTING
2023-08-18 03:37:35,365 [s0@group-E264CA5F8311-LeaderElection366] INFO  impl.LeaderElection (LeaderElection.java:logAndReturn(89)) - s0@group-E264CA5F8311-LeaderElection366: PRE_VOTE REJECTED received 0 response(s) and 2 exception(s):
2023-08-18 03:37:35,365 [s0@group-E264CA5F8311-LeaderElection366] INFO  impl.LeaderElection (LogUtils.java:infoOrTrace(137)) -   Exception 0: java.util.concurrent.ExecutionException: org.apache.ratis.thirdparty.io.grpc.StatusRuntimeException: INTERNAL: s1@group-E264CA5F8311 is not in [RUNNING]: current state is STARTING
2023-08-18 03:37:35,365 [s0@group-E264CA5F8311-LeaderElection366] INFO  impl.LeaderElection (LogUtils.java:infoOrTrace(137)) -   Exception 1: java.util.concurrent.ExecutionException: org.apache.ratis.thirdparty.io.grpc.StatusRuntimeException: INTERNAL: s2@group-E264CA5F8311 is not in [RUNNING]: current state is STARTING
2023-08-18 03:37:35,365 [s0@group-E264CA5F8311-LeaderElection366] INFO  impl.LeaderElection (LeaderElection.java:askForVotes(322)) - s0@group-E264CA5F8311-LeaderElection366 PRE_VOTE round 0: result REJECTED
2023-08-18 03:37:35,365 [s0@group-E264CA5F8311-LeaderElection366] INFO  server.RaftServer$Division (RaftServerImpl.java:setRole(371)) - s0@group-E264CA5F8311: changes role from CANDIDATE to FOLLOWER at term 1 for REJECTED
2023-08-18 03:37:35,365 [s0@group-E264CA5F8311-LeaderElection366] INFO  impl.RoleInfo (RoleInfo.java:shutdownLeaderElection(129)) - s0: shutdown s0@group-E264CA5F8311-LeaderElection366
2023-08-18 03:37:35,365 [s0@group-E264CA5F8311-LeaderElection366] INFO  impl.RoleInfo (RoleInfo.java:updateAndGet(138)) - s0: start s0@group-E264CA5F8311-FollowerState
2023-08-18 03:37:35,441 [s0-server-thread1] INFO  server.RaftServer$Division (RaftServerImpl.java:setConfigurationAsync(1238)) - s0@group-E264CA5F8311: receive setConfiguration SetConfigurationRequest:client-255CF6B0DA3F->s0@group-E264CA5F8311, cid=386, seq=0, RW, null, SET_UNCONDITIONALLY, servers:[s1|rpc:0.0.0.0:34459|dataStream:|priority:0|startupRole:FOLLOWER, s2|rpc:0.0.0.0:43137|dataStream:|priority:0|startupRole:FOLLOWER, s0|rpc:localhost:39295|admin:localhost:44843|client:localhost:40991|dataStream:localhost:40677|priority:0|startupRole:FOLLOWER], listeners:[]
2023-08-18 03:37:35,544 [s1-server-thread1] INFO  server.RaftServer$Division (RaftServerImpl.java:setConfigurationAsync(1238)) - s1@group-E264CA5F8311: receive setConfiguration SetConfigurationRequest:client-255CF6B0DA3F->s1@group-E264CA5F8311, cid=386, seq=0, RW, null, SET_UNCONDITIONALLY, servers:[s1|rpc:0.0.0.0:34459|dataStream:|priority:0|startupRole:FOLLOWER, s2|rpc:0.0.0.0:43137|dataStream:|priority:0|startupRole:FOLLOWER, s0|rpc:localhost:39295|admin:localhost:44843|client:localhost:40991|dataStream:localhost:40677|priority:0|startupRole:FOLLOWER], listeners:[]
2023-08-18 03:37:35,647 [s2-server-thread1] INFO  server.RaftServer$Division (RaftServerImpl.java:setConfigurationAsync(1238)) - s2@group-E264CA5F8311: receive setConfiguration SetConfigurationRequest:client-255CF6B0DA3F->s2@group-E264CA5F8311, cid=386, seq=0, RW, null, SET_UNCONDITIONALLY, servers:[s1|rpc:0.0.0.0:34459|dataStream:|priority:0|startupRole:FOLLOWER, s2|rpc:0.0.0.0:43137|dataStream:|priority:0|startupRole:FOLLOWER, s0|rpc:localhost:39295|admin:localhost:44843|client:localhost:40991|dataStream:localhost:40677|priority:0|startupRole:FOLLOWER], listeners:[]
2023-08-18 03:37:35,664 [s0@group-E264CA5F8311-FollowerState] INFO  impl.FollowerState (FollowerState.java:run(143)) - s0@group-E264CA5F8311-FollowerState: change to CANDIDATE, lastRpcElapsedTime:299366064ns, electionTimeout:299ms
2023-08-18 03:37:35,664 [s0@group-E264CA5F8311-FollowerState] INFO  impl.RoleInfo (RoleInfo.java:shutdownFollowerState(109)) - s0: shutdown s0@group-E264CA5F8311-FollowerState
2023-08-18 03:37:35,665 [s0@group-E264CA5F8311-FollowerState] INFO  server.RaftServer$Division (RaftServerImpl.java:setRole(371)) - s0@group-E264CA5F8311: changes role from  FOLLOWER to CANDIDATE at term 1 for changeToCandidate
2023-08-18 03:37:35,665 [s0@group-E264CA5F8311-FollowerState] INFO  impl.SimpleStateMachine4Testing (SimpleStateMachine4Testing.java:notifyExtendedNoLeader(411)) - StateMachineWithMultiNestedSnapshotFile:s0:group-E264CA5F8311: notifyExtendedNoLeader group-E264CA5F8311, self {
  id: "s0"
  address: "localhost:39295"
  dataStreamAddress: "localhost:40677"
  clientAddress: "localhost:40991"
  adminAddress: "localhost:44843"
  startupRole: FOLLOWER
}
role: CANDIDATE
candidateInfo {
  lastLeaderElapsedTimeMs: 93948
}

2023-08-18 03:37:35,665 [s0@group-E264CA5F8311-FollowerState] INFO  server.RaftServerConfigKeys (ConfUtils.java:logGet(46)) - raft.server.leaderelection.pre-vote = true (default)
2023-08-18 03:37:35,665 [s0@group-E264CA5F8311-FollowerState] INFO  impl.RoleInfo (RoleInfo.java:updateAndGet(138)) - s0: start s0@group-E264CA5F8311-LeaderElection367
2023-08-18 03:37:35,665 [s0@group-E264CA5F8311-LeaderElection367] INFO  impl.LeaderElection (LeaderElection.java:askForVotes(320)) - s0@group-E264CA5F8311-LeaderElection367 PRE_VOTE round 0: submit vote requests at term 1 for 255: peers:[s0|rpc:localhost:39295|admin:localhost:44843|client:localhost:40991|dataStream:localhost:40677|priority:0|startupRole:FOLLOWER, s1|rpc:0.0.0.0:34459|dataStream:|priority:0|startupRole:FOLLOWER, s2|rpc:0.0.0.0:43137|dataStream:|priority:0|startupRole:FOLLOWER]|listeners:[], old=peers:[s0|rpc:localhost:39295|admin:localhost:44843|client:localhost:40991|dataStream:localhost:40677|priority:0|startupRole:FOLLOWER]|listeners:[]
2023-08-18 03:37:35,666 [grpc-default-executor-4] INFO  server.RaftServer$Division (RaftServerImpl.java:requestVote(1344)) - s2@group-E264CA5F8311: receive requestVote(PRE_VOTE, s0, group-E264CA5F8311, 1, (t:1, i:255))
2023-08-18 03:37:35,666 [grpc-default-executor-3] INFO  server.RaftServer$Division (RaftServerImpl.java:requestVote(1344)) - s1@group-E264CA5F8311: receive requestVote(PRE_VOTE, s0, group-E264CA5F8311, 1, (t:1, i:255))
2023-08-18 03:37:35,666 [grpc-default-executor-4] WARN  server.GrpcServerProtocolService (LogUtils.java:warn(122)) - s2: Failed requestVote s0->s2#0: org.apache.ratis.protocol.exceptions.ServerNotReadyException: s2@group-E264CA5F8311 is not in [RUNNING]: current state is STARTING
2023-08-18 03:37:35,666 [grpc-default-executor-3] WARN  server.GrpcServerProtocolService (LogUtils.java:warn(122)) - s1: Failed requestVote s0->s1#0: org.apache.ratis.protocol.exceptions.ServerNotReadyException: s1@group-E264CA5F8311 is not in [RUNNING]: current state is STARTING
2023-08-18 03:37:35,666 [s0@group-E264CA5F8311-LeaderElection367] INFO  impl.LeaderElection (LogUtils.java:infoOrTrace(137)) - s0@group-E264CA5F8311-LeaderElection367 got exception when requesting votes: java.util.concurrent.ExecutionException: org.apache.ratis.thirdparty.io.grpc.StatusRuntimeException: INTERNAL: s1@group-E264CA5F8311 is not in [RUNNING]: current state is STARTING
2023-08-18 03:37:35,666 [s0@group-E264CA5F8311-LeaderElection367] INFO  impl.LeaderElection (LogUtils.java:infoOrTrace(137)) - s0@group-E264CA5F8311-LeaderElection367 got exception when requesting votes: java.util.concurrent.ExecutionException: org.apache.ratis.thirdparty.io.grpc.StatusRuntimeException: INTERNAL: s2@group-E264CA5F8311 is not in [RUNNING]: current state is STARTING
2023-08-18 03:37:35,666 [s0@group-E264CA5F8311-LeaderElection367] INFO  impl.LeaderElection (LeaderElection.java:logAndReturn(89)) - s0@group-E264CA5F8311-LeaderElection367: PRE_VOTE REJECTED received 0 response(s) and 2 exception(s):
2023-08-18 03:37:35,666 [s0@group-E264CA5F8311-LeaderElection367] INFO  impl.LeaderElection (LogUtils.java:infoOrTrace(137)) -   Exception 0: java.util.concurrent.ExecutionException: org.apache.ratis.thirdparty.io.grpc.StatusRuntimeException: INTERNAL: s1@group-E264CA5F8311 is not in [RUNNING]: current state is STARTING
2023-08-18 03:37:35,666 [s0@group-E264CA5F8311-LeaderElection367] INFO  impl.LeaderElection (LogUtils.java:infoOrTrace(137)) -   Exception 1: java.util.concurrent.ExecutionException: org.apache.ratis.thirdparty.io.grpc.StatusRuntimeException: INTERNAL: s2@group-E264CA5F8311 is not in [RUNNING]: current state is STARTING
2023-08-18 03:37:35,666 [s0@group-E264CA5F8311-LeaderElection367] INFO  impl.LeaderElection (LeaderElection.java:askForVotes(322)) - s0@group-E264CA5F8311-LeaderElection367 PRE_VOTE round 0: result REJECTED
2023-08-18 03:37:35,666 [s0@group-E264CA5F8311-LeaderElection367] INFO  server.RaftServer$Division (RaftServerImpl.java:setRole(371)) - s0@group-E264CA5F8311: changes role from CANDIDATE to FOLLOWER at term 1 for REJECTED
2023-08-18 03:37:35,666 [s0@group-E264CA5F8311-LeaderElection367] INFO  impl.RoleInfo (RoleInfo.java:shutdownLeaderElection(129)) - s0: shutdown s0@group-E264CA5F8311-LeaderElection367
2023-08-18 03:37:35,666 [s0@group-E264CA5F8311-LeaderElection367] INFO  impl.RoleInfo (RoleInfo.java:updateAndGet(138)) - s0: start s0@group-E264CA5F8311-FollowerState
2023-08-18 03:37:35,750 [s1-server-thread1] INFO  server.RaftServer$Division (RaftServerImpl.java:setConfigurationAsync(1238)) - s1@group-E264CA5F8311: receive setConfiguration SetConfigurationRequest:client-255CF6B0DA3F->s1@group-E264CA5F8311, cid=386, seq=0, RW, null, SET_UNCONDITIONALLY, servers:[s1|rpc:0.0.0.0:34459|dataStream:|priority:0|startupRole:FOLLOWER, s2|rpc:0.0.0.0:43137|dataStream:|priority:0|startupRole:FOLLOWER, s0|rpc:localhost:39295|admin:localhost:44843|client:localhost:40991|dataStream:localhost:40677|priority:0|startupRole:FOLLOWER], listeners:[]
2023-08-18 03:37:35,854 [s2-server-thread1] INFO  server.RaftServer$Division (RaftServerImpl.java:setConfigurationAsync(1238)) - s2@group-E264CA5F8311: receive setConfiguration SetConfigurationRequest:client-255CF6B0DA3F->s2@group-E264CA5F8311, cid=386, seq=0, RW, null, SET_UNCONDITIONALLY, servers:[s1|rpc:0.0.0.0:34459|dataStream:|priority:0|startupRole:FOLLOWER, s2|rpc:0.0.0.0:43137|dataStream:|priority:0|startupRole:FOLLOWER, s0|rpc:localhost:39295|admin:localhost:44843|client:localhost:40991|dataStream:localhost:40677|priority:0|startupRole:FOLLOWER], listeners:[]
2023-08-18 03:37:35,875 [s0@group-E264CA5F8311-FollowerState] INFO  impl.FollowerState (FollowerState.java:run(143)) - s0@group-E264CA5F8311-FollowerState: change to CANDIDATE, lastRpcElapsedTime:208728041ns, electionTimeout:208ms
2023-08-18 03:37:35,875 [s0@group-E264CA5F8311-FollowerState] INFO  impl.RoleInfo (RoleInfo.java:shutdownFollowerState(109)) - s0: shutdown s0@group-E264CA5F8311-FollowerState
2023-08-18 03:37:35,875 [s0@group-E264CA5F8311-FollowerState] INFO  server.RaftServer$Division (RaftServerImpl.java:setRole(371)) - s0@group-E264CA5F8311: changes role from  FOLLOWER to CANDIDATE at term 1 for changeToCandidate
2023-08-18 03:37:35,875 [s0@group-E264CA5F8311-FollowerState] INFO  impl.SimpleStateMachine4Testing (SimpleStateMachine4Testing.java:notifyExtendedNoLeader(411)) - StateMachineWithMultiNestedSnapshotFile:s0:group-E264CA5F8311: notifyExtendedNoLeader group-E264CA5F8311, self {
  id: "s0"
  address: "localhost:39295"
  dataStreamAddress: "localhost:40677"
  clientAddress: "localhost:40991"
  adminAddress: "localhost:44843"
  startupRole: FOLLOWER
}
role: CANDIDATE
candidateInfo {
  lastLeaderElapsedTimeMs: 94159
}

2023-08-18 03:37:35,875 [s0@group-E264CA5F8311-FollowerState] INFO  server.RaftServerConfigKeys (ConfUtils.java:logGet(46)) - raft.server.leaderelection.pre-vote = true (default)
2023-08-18 03:37:35,876 [s0@group-E264CA5F8311-FollowerState] INFO  impl.RoleInfo (RoleInfo.java:updateAndGet(138)) - s0: start s0@group-E264CA5F8311-LeaderElection368
2023-08-18 03:37:35,876 [s0@group-E264CA5F8311-LeaderElection368] INFO  impl.LeaderElection (LeaderElection.java:askForVotes(320)) - s0@group-E264CA5F8311-LeaderElection368 PRE_VOTE round 0: submit vote requests at term 1 for 255: peers:[s0|rpc:localhost:39295|admin:localhost:44843|client:localhost:40991|dataStream:localhost:40677|priority:0|startupRole:FOLLOWER, s1|rpc:0.0.0.0:34459|dataStream:|priority:0|startupRole:FOLLOWER, s2|rpc:0.0.0.0:43137|dataStream:|priority:0|startupRole:FOLLOWER]|listeners:[], old=peers:[s0|rpc:localhost:39295|admin:localhost:44843|client:localhost:40991|dataStream:localhost:40677|priority:0|startupRole:FOLLOWER]|listeners:[]
2023-08-18 03:37:35,876 [grpc-default-executor-3] INFO  server.RaftServer$Division (RaftServerImpl.java:requestVote(1344)) - s2@group-E264CA5F8311: receive requestVote(PRE_VOTE, s0, group-E264CA5F8311, 1, (t:1, i:255))
2023-08-18 03:37:35,876 [grpc-default-executor-4] INFO  server.RaftServer$Division (RaftServerImpl.java:requestVote(1344)) - s1@group-E264CA5F8311: receive requestVote(PRE_VOTE, s0, group-E264CA5F8311, 1, (t:1, i:255))
2023-08-18 03:37:35,877 [grpc-default-executor-3] WARN  server.GrpcServerProtocolService (LogUtils.java:warn(122)) - s2: Failed requestVote s0->s2#0: org.apache.ratis.protocol.exceptions.ServerNotReadyException: s2@group-E264CA5F8311 is not in [RUNNING]: current state is STARTING
2023-08-18 03:37:35,877 [grpc-default-executor-4] WARN  server.GrpcServerProtocolService (LogUtils.java:warn(122)) - s1: Failed requestVote s0->s1#0: org.apache.ratis.protocol.exceptions.ServerNotReadyException: s1@group-E264CA5F8311 is not in [RUNNING]: current state is STARTING
2023-08-18 03:37:35,877 [s0@group-E264CA5F8311-LeaderElection368] INFO  impl.LeaderElection (LogUtils.java:infoOrTrace(137)) - s0@group-E264CA5F8311-LeaderElection368 got exception when requesting votes: java.util.concurrent.ExecutionException: org.apache.ratis.thirdparty.io.grpc.StatusRuntimeException: INTERNAL: s1@group-E264CA5F8311 is not in [RUNNING]: current state is STARTING
2023-08-18 03:37:35,877 [s0@group-E264CA5F8311-LeaderElection368] INFO  impl.LeaderElection (LogUtils.java:infoOrTrace(137)) - s0@group-E264CA5F8311-LeaderElection368 got exception when requesting votes: java.util.concurrent.ExecutionException: org.apache.ratis.thirdparty.io.grpc.StatusRuntimeException: INTERNAL: s2@group-E264CA5F8311 is not in [RUNNING]: current state is STARTING
2023-08-18 03:37:35,877 [s0@group-E264CA5F8311-LeaderElection368] INFO  impl.LeaderElection (LeaderElection.java:logAndReturn(89)) - s0@group-E264CA5F8311-LeaderElection368: PRE_VOTE REJECTED received 0 response(s) and 2 exception(s):
2023-08-18 03:37:35,877 [s0@group-E264CA5F8311-LeaderElection368] INFO  impl.LeaderElection (LogUtils.java:infoOrTrace(137)) -   Exception 0: java.util.concurrent.ExecutionException: org.apache.ratis.thirdparty.io.grpc.StatusRuntimeException: INTERNAL: s1@group-E264CA5F8311 is not in [RUNNING]: current state is STARTING
2023-08-18 03:37:35,877 [s0@group-E264CA5F8311-LeaderElection368] INFO  impl.LeaderElection (LogUtils.java:infoOrTrace(137)) -   Exception 1: java.util.concurrent.ExecutionException: org.apache.ratis.thirdparty.io.grpc.StatusRuntimeException: INTERNAL: s2@group-E264CA5F8311 is not in [RUNNING]: current state is STARTING
2023-08-18 03:37:35,877 [s0@group-E264CA5F8311-LeaderElection368] INFO  impl.LeaderElection (LeaderElection.java:askForVotes(322)) - s0@group-E264CA5F8311-LeaderElection368 PRE_VOTE round 0: result REJECTED
2023-08-18 03:37:35,877 [s0@group-E264CA5F8311-LeaderElection368] INFO  server.RaftServer$Division (RaftServerImpl.java:setRole(371)) - s0@group-E264CA5F8311: changes role from CANDIDATE to FOLLOWER at term 1 for REJECTED
2023-08-18 03:37:35,877 [s0@group-E264CA5F8311-LeaderElection368] INFO  impl.RoleInfo (RoleInfo.java:shutdownLeaderElection(129)) - s0: shutdown s0@group-E264CA5F8311-LeaderElection368
2023-08-18 03:37:35,877 [s0@group-E264CA5F8311-LeaderElection368] INFO  impl.RoleInfo (RoleInfo.java:updateAndGet(138)) - s0: start s0@group-E264CA5F8311-FollowerState
2023-08-18 03:37:35,957 [s0-server-thread1] INFO  server.RaftServer$Division (RaftServerImpl.java:setConfigurationAsync(1238)) - s0@group-E264CA5F8311: receive setConfiguration SetConfigurationRequest:client-255CF6B0DA3F->s0@group-E264CA5F8311, cid=386, seq=0, RW, null, SET_UNCONDITIONALLY, servers:[s1|rpc:0.0.0.0:34459|dataStream:|priority:0|startupRole:FOLLOWER, s2|rpc:0.0.0.0:43137|dataStream:|priority:0|startupRole:FOLLOWER, s0|rpc:localhost:39295|admin:localhost:44843|client:localhost:40991|dataStream:localhost:40677|priority:0|startupRole:FOLLOWER], listeners:[]
2023-08-18 03:37:36,061 [s2-server-thread1] INFO  server.RaftServer$Division (RaftServerImpl.java:setConfigurationAsync(1238)) - s2@group-E264CA5F8311: receive setConfiguration SetConfigurationRequest:client-255CF6B0DA3F->s2@group-E264CA5F8311, cid=386, seq=0, RW, null, SET_UNCONDITIONALLY, servers:[s1|rpc:0.0.0.0:34459|dataStream:|priority:0|startupRole:FOLLOWER, s2|rpc:0.0.0.0:43137|dataStream:|priority:0|startupRole:FOLLOWER, s0|rpc:localhost:39295|admin:localhost:44843|client:localhost:40991|dataStream:localhost:40677|priority:0|startupRole:FOLLOWER], listeners:[]
2023-08-18 03:37:36,066 [s0@group-E264CA5F8311-FollowerState] INFO  impl.FollowerState (FollowerState.java:run(143)) - s0@group-E264CA5F8311-FollowerState: change to CANDIDATE, lastRpcElapsedTime:189261786ns, electionTimeout:189ms
2023-08-18 03:37:36,067 [s0@group-E264CA5F8311-FollowerState] INFO  impl.RoleInfo (RoleInfo.java:shutdownFollowerState(109)) - s0: shutdown s0@group-E264CA5F8311-FollowerState
2023-08-18 03:37:36,067 [s0@group-E264CA5F8311-FollowerState] INFO  server.RaftServer$Division (RaftServerImpl.java:setRole(371)) - s0@group-E264CA5F8311: changes role from  FOLLOWER to CANDIDATE at term 1 for changeToCandidate
2023-08-18 03:37:36,067 [s0@group-E264CA5F8311-FollowerState] INFO  impl.SimpleStateMachine4Testing (SimpleStateMachine4Testing.java:notifyExtendedNoLeader(411)) - StateMachineWithMultiNestedSnapshotFile:s0:group-E264CA5F8311: notifyExtendedNoLeader group-E264CA5F8311, self {
  id: "s0"
  address: "localhost:39295"
  dataStreamAddress: "localhost:40677"
  clientAddress: "localhost:40991"
  adminAddress: "localhost:44843"
  startupRole: FOLLOWER
}
role: CANDIDATE
candidateInfo {
  lastLeaderElapsedTimeMs: 94350
}

2023-08-18 03:37:36,067 [s0@group-E264CA5F8311-FollowerState] INFO  server.RaftServerConfigKeys (ConfUtils.java:logGet(46)) - raft.server.leaderelection.pre-vote = true (default)
2023-08-18 03:37:36,067 [s0@group-E264CA5F8311-FollowerState] INFO  impl.RoleInfo (RoleInfo.java:updateAndGet(138)) - s0: start s0@group-E264CA5F8311-LeaderElection369
2023-08-18 03:37:36,067 [s0@group-E264CA5F8311-LeaderElection369] INFO  impl.LeaderElection (LeaderElection.java:askForVotes(320)) - s0@group-E264CA5F8311-LeaderElection369 PRE_VOTE round 0: submit vote requests at term 1 for 255: peers:[s0|rpc:localhost:39295|admin:localhost:44843|client:localhost:40991|dataStream:localhost:40677|priority:0|startupRole:FOLLOWER, s1|rpc:0.0.0.0:34459|dataStream:|priority:0|startupRole:FOLLOWER, s2|rpc:0.0.0.0:43137|dataStream:|priority:0|startupRole:FOLLOWER]|listeners:[], old=peers:[s0|rpc:localhost:39295|admin:localhost:44843|client:localhost:40991|dataStream:localhost:40677|priority:0|startupRole:FOLLOWER]|listeners:[]
2023-08-18 03:37:36,068 [grpc-default-executor-4] INFO  server.RaftServer$Division (RaftServerImpl.java:requestVote(1344)) - s2@group-E264CA5F8311: receive requestVote(PRE_VOTE, s0, group-E264CA5F8311, 1, (t:1, i:255))
2023-08-18 03:37:36,068 [grpc-default-executor-3] INFO  server.RaftServer$Division (RaftServerImpl.java:requestVote(1344)) - s1@group-E264CA5F8311: receive requestVote(PRE_VOTE, s0, group-E264CA5F8311, 1, (t:1, i:255))
2023-08-18 03:37:36,068 [grpc-default-executor-4] WARN  server.GrpcServerProtocolService (LogUtils.java:warn(122)) - s2: Failed requestVote s0->s2#0: org.apache.ratis.protocol.exceptions.ServerNotReadyException: s2@group-E264CA5F8311 is not in [RUNNING]: current state is STARTING
2023-08-18 03:37:36,068 [grpc-default-executor-3] WARN  server.GrpcServerProtocolService (LogUtils.java:warn(122)) - s1: Failed requestVote s0->s1#0: org.apache.ratis.protocol.exceptions.ServerNotReadyException: s1@group-E264CA5F8311 is not in [RUNNING]: current state is STARTING
2023-08-18 03:37:36,068 [s0@group-E264CA5F8311-LeaderElection369] INFO  impl.LeaderElection (LogUtils.java:infoOrTrace(137)) - s0@group-E264CA5F8311-LeaderElection369 got exception when requesting votes: java.util.concurrent.ExecutionException: org.apache.ratis.thirdparty.io.grpc.StatusRuntimeException: INTERNAL: s2@group-E264CA5F8311 is not in [RUNNING]: current state is STARTING
2023-08-18 03:37:36,068 [s0@group-E264CA5F8311-LeaderElection369] INFO  impl.LeaderElection (LogUtils.java:infoOrTrace(137)) - s0@group-E264CA5F8311-LeaderElection369 got exception when requesting votes: java.util.concurrent.ExecutionException: org.apache.ratis.thirdparty.io.grpc.StatusRuntimeException: INTERNAL: s1@group-E264CA5F8311 is not in [RUNNING]: current state is STARTING
2023-08-18 03:37:36,068 [s0@group-E264CA5F8311-LeaderElection369] INFO  impl.LeaderElection (LeaderElection.java:logAndReturn(89)) - s0@group-E264CA5F8311-LeaderElection369: PRE_VOTE REJECTED received 0 response(s) and 2 exception(s):
2023-08-18 03:37:36,068 [s0@group-E264CA5F8311-LeaderElection369] INFO  impl.LeaderElection (LogUtils.java:infoOrTrace(137)) -   Exception 0: java.util.concurrent.ExecutionException: org.apache.ratis.thirdparty.io.grpc.StatusRuntimeException: INTERNAL: s2@group-E264CA5F8311 is not in [RUNNING]: current state is STARTING
2023-08-18 03:37:36,068 [s0@group-E264CA5F8311-LeaderElection369] INFO  impl.LeaderElection (LogUtils.java:infoOrTrace(137)) -   Exception 1: java.util.concurrent.ExecutionException: org.apache.ratis.thirdparty.io.grpc.StatusRuntimeException: INTERNAL: s1@group-E264CA5F8311 is not in [RUNNING]: current state is STARTING
2023-08-18 03:37:36,068 [s0@group-E264CA5F8311-LeaderElection369] INFO  impl.LeaderElection (LeaderElection.java:askForVotes(322)) - s0@group-E264CA5F8311-LeaderElection369 PRE_VOTE round 0: result REJECTED
2023-08-18 03:37:36,068 [s0@group-E264CA5F8311-LeaderElection369] INFO  server.RaftServer$Division (RaftServerImpl.java:setRole(371)) - s0@group-E264CA5F8311: changes role from CANDIDATE to FOLLOWER at term 1 for REJECTED
2023-08-18 03:37:36,069 [s0@group-E264CA5F8311-LeaderElection369] INFO  impl.RoleInfo (RoleInfo.java:shutdownLeaderElection(129)) - s0: shutdown s0@group-E264CA5F8311-LeaderElection369
2023-08-18 03:37:36,069 [s0@group-E264CA5F8311-LeaderElection369] INFO  impl.RoleInfo (RoleInfo.java:updateAndGet(138)) - s0: start s0@group-E264CA5F8311-FollowerState
2023-08-18 03:37:36,173 [s1-server-thread1] INFO  server.RaftServer$Division (RaftServerImpl.java:setConfigurationAsync(1238)) - s1@group-E264CA5F8311: receive setConfiguration SetConfigurationRequest:client-255CF6B0DA3F->s1@group-E264CA5F8311, cid=386, seq=0, RW, null, SET_UNCONDITIONALLY, servers:[s1|rpc:0.0.0.0:34459|dataStream:|priority:0|startupRole:FOLLOWER, s2|rpc:0.0.0.0:43137|dataStream:|priority:0|startupRole:FOLLOWER, s0|rpc:localhost:39295|admin:localhost:44843|client:localhost:40991|dataStream:localhost:40677|priority:0|startupRole:FOLLOWER], listeners:[]
2023-08-18 03:37:36,223 [s0@group-E264CA5F8311-FollowerState] INFO  impl.FollowerState (FollowerState.java:run(143)) - s0@group-E264CA5F8311-FollowerState: change to CANDIDATE, lastRpcElapsedTime:154211149ns, electionTimeout:154ms
2023-08-18 03:37:36,223 [s0@group-E264CA5F8311-FollowerState] INFO  impl.RoleInfo (RoleInfo.java:shutdownFollowerState(109)) - s0: shutdown s0@group-E264CA5F8311-FollowerState
2023-08-18 03:37:36,223 [s0@group-E264CA5F8311-FollowerState] INFO  server.RaftServer$Division (RaftServerImpl.java:setRole(371)) - s0@group-E264CA5F8311: changes role from  FOLLOWER to CANDIDATE at term 1 for changeToCandidate
2023-08-18 03:37:36,223 [s0@group-E264CA5F8311-FollowerState] INFO  impl.SimpleStateMachine4Testing (SimpleStateMachine4Testing.java:notifyExtendedNoLeader(411)) - StateMachineWithMultiNestedSnapshotFile:s0:group-E264CA5F8311: notifyExtendedNoLeader group-E264CA5F8311, self {
  id: "s0"
  address: "localhost:39295"
  dataStreamAddress: "localhost:40677"
  clientAddress: "localhost:40991"
  adminAddress: "localhost:44843"
  startupRole: FOLLOWER
}
role: CANDIDATE
candidateInfo {
  lastLeaderElapsedTimeMs: 94507
}

2023-08-18 03:37:36,223 [s0@group-E264CA5F8311-FollowerState] INFO  server.RaftServerConfigKeys (ConfUtils.java:logGet(46)) - raft.server.leaderelection.pre-vote = true (default)
2023-08-18 03:37:36,223 [s0@group-E264CA5F8311-FollowerState] INFO  impl.RoleInfo (RoleInfo.java:updateAndGet(138)) - s0: start s0@group-E264CA5F8311-LeaderElection370
2023-08-18 03:37:36,223 [s0@group-E264CA5F8311-LeaderElection370] INFO  impl.LeaderElection (LeaderElection.java:askForVotes(320)) - s0@group-E264CA5F8311-LeaderElection370 PRE_VOTE round 0: submit vote requests at term 1 for 255: peers:[s0|rpc:localhost:39295|admin:localhost:44843|client:localhost:40991|dataStream:localhost:40677|priority:0|startupRole:FOLLOWER, s1|rpc:0.0.0.0:34459|dataStream:|priority:0|startupRole:FOLLOWER, s2|rpc:0.0.0.0:43137|dataStream:|priority:0|startupRole:FOLLOWER]|listeners:[], old=peers:[s0|rpc:localhost:39295|admin:localhost:44843|client:localhost:40991|dataStream:localhost:40677|priority:0|startupRole:FOLLOWER]|listeners:[]
2023-08-18 03:37:36,224 [grpc-default-executor-3] INFO  server.RaftServer$Division (RaftServerImpl.java:requestVote(1344)) - s1@group-E264CA5F8311: receive requestVote(PRE_VOTE, s0, group-E264CA5F8311, 1, (t:1, i:255))
2023-08-18 03:37:36,224 [grpc-default-executor-3] WARN  server.GrpcServerProtocolService (LogUtils.java:warn(122)) - s1: Failed requestVote s0->s1#0: org.apache.ratis.protocol.exceptions.ServerNotReadyException: s1@group-E264CA5F8311 is not in [RUNNING]: current state is STARTING
2023-08-18 03:37:36,225 [grpc-default-executor-3] INFO  server.RaftServer$Division (RaftServerImpl.java:requestVote(1344)) - s2@group-E264CA5F8311: receive requestVote(PRE_VOTE, s0, group-E264CA5F8311, 1, (t:1, i:255))
2023-08-18 03:37:36,225 [grpc-default-executor-3] WARN  server.GrpcServerProtocolService (LogUtils.java:warn(122)) - s2: Failed requestVote s0->s2#0: org.apache.ratis.protocol.exceptions.ServerNotReadyException: s2@group-E264CA5F8311 is not in [RUNNING]: current state is STARTING
2023-08-18 03:37:36,225 [s0@group-E264CA5F8311-LeaderElection370] INFO  impl.LeaderElection (LogUtils.java:infoOrTrace(137)) - s0@group-E264CA5F8311-LeaderElection370 got exception when requesting votes: java.util.concurrent.ExecutionException: org.apache.ratis.thirdparty.io.grpc.StatusRuntimeException: INTERNAL: s1@group-E264CA5F8311 is not in [RUNNING]: current state is STARTING
2023-08-18 03:37:36,225 [s0@group-E264CA5F8311-LeaderElection370] INFO  impl.LeaderElection (LogUtils.java:infoOrTrace(137)) - s0@group-E264CA5F8311-LeaderElection370 got exception when requesting votes: java.util.concurrent.ExecutionException: org.apache.ratis.thirdparty.io.grpc.StatusRuntimeException: INTERNAL: s2@group-E264CA5F8311 is not in [RUNNING]: current state is STARTING
2023-08-18 03:37:36,225 [s0@group-E264CA5F8311-LeaderElection370] INFO  impl.LeaderElection (LeaderElection.java:logAndReturn(89)) - s0@group-E264CA5F8311-LeaderElection370: PRE_VOTE REJECTED received 0 response(s) and 2 exception(s):
2023-08-18 03:37:36,225 [s0@group-E264CA5F8311-LeaderElection370] INFO  impl.LeaderElection (LogUtils.java:infoOrTrace(137)) -   Exception 0: java.util.concurrent.ExecutionException: org.apache.ratis.thirdparty.io.grpc.StatusRuntimeException: INTERNAL: s1@group-E264CA5F8311 is not in [RUNNING]: current state is STARTING
2023-08-18 03:37:36,225 [s0@group-E264CA5F8311-LeaderElection370] INFO  impl.LeaderElection (LogUtils.java:infoOrTrace(137)) -   Exception 1: java.util.concurrent.ExecutionException: org.apache.ratis.thirdparty.io.grpc.StatusRuntimeException: INTERNAL: s2@group-E264CA5F8311 is not in [RUNNING]: current state is STARTING
2023-08-18 03:37:36,225 [s0@group-E264CA5F8311-LeaderElection370] INFO  impl.LeaderElection (LeaderElection.java:askForVotes(322)) - s0@group-E264CA5F8311-LeaderElection370 PRE_VOTE round 0: result REJECTED
2023-08-18 03:37:36,225 [s0@group-E264CA5F8311-LeaderElection370] INFO  server.RaftServer$Division (RaftServerImpl.java:setRole(371)) - s0@group-E264CA5F8311: changes role from CANDIDATE to FOLLOWER at term 1 for REJECTED
2023-08-18 03:37:36,225 [s0@group-E264CA5F8311-LeaderElection370] INFO  impl.RoleInfo (RoleInfo.java:shutdownLeaderElection(129)) - s0: shutdown s0@group-E264CA5F8311-LeaderElection370
2023-08-18 03:37:36,225 [s0@group-E264CA5F8311-LeaderElection370] INFO  impl.RoleInfo (RoleInfo.java:updateAndGet(138)) - s0: start s0@group-E264CA5F8311-FollowerState
2023-08-18 03:37:36,277 [s0-server-thread1] INFO  server.RaftServer$Division (RaftServerImpl.java:setConfigurationAsync(1238)) - s0@group-E264CA5F8311: receive setConfiguration SetConfigurationRequest:client-255CF6B0DA3F->s0@group-E264CA5F8311, cid=386, seq=0, RW, null, SET_UNCONDITIONALLY, servers:[s1|rpc:0.0.0.0:34459|dataStream:|priority:0|startupRole:FOLLOWER, s2|rpc:0.0.0.0:43137|dataStream:|priority:0|startupRole:FOLLOWER, s0|rpc:localhost:39295|admin:localhost:44843|client:localhost:40991|dataStream:localhost:40677|priority:0|startupRole:FOLLOWER], listeners:[]
2023-08-18 03:37:36,380 [s1-server-thread1] INFO  server.RaftServer$Division (RaftServerImpl.java:setConfigurationAsync(1238)) - s1@group-E264CA5F8311: receive setConfiguration SetConfigurationRequest:client-255CF6B0DA3F->s1@group-E264CA5F8311, cid=386, seq=0, RW, null, SET_UNCONDITIONALLY, servers:[s1|rpc:0.0.0.0:34459|dataStream:|priority:0|startupRole:FOLLOWER, s2|rpc:0.0.0.0:43137|dataStream:|priority:0|startupRole:FOLLOWER, s0|rpc:localhost:39295|admin:localhost:44843|client:localhost:40991|dataStream:localhost:40677|priority:0|startupRole:FOLLOWER], listeners:[]
2023-08-18 03:37:36,385 [s0@group-E264CA5F8311-FollowerState] INFO  impl.FollowerState (FollowerState.java:run(143)) - s0@group-E264CA5F8311-FollowerState: change to CANDIDATE, lastRpcElapsedTime:160215503ns, electionTimeout:160ms
2023-08-18 03:37:36,385 [s0@group-E264CA5F8311-FollowerState] INFO  impl.RoleInfo (RoleInfo.java:shutdownFollowerState(109)) - s0: shutdown s0@group-E264CA5F8311-FollowerState
2023-08-18 03:37:36,385 [s0@group-E264CA5F8311-FollowerState] INFO  server.RaftServer$Division (RaftServerImpl.java:setRole(371)) - s0@group-E264CA5F8311: changes role from  FOLLOWER to CANDIDATE at term 1 for changeToCandidate
2023-08-18 03:37:36,386 [s0@group-E264CA5F8311-FollowerState] INFO  impl.SimpleStateMachine4Testing (SimpleStateMachine4Testing.java:notifyExtendedNoLeader(411)) - StateMachineWithMultiNestedSnapshotFile:s0:group-E264CA5F8311: notifyExtendedNoLeader group-E264CA5F8311, self {
  id: "s0"
  address: "localhost:39295"
  dataStreamAddress: "localhost:40677"
  clientAddress: "localhost:40991"
  adminAddress: "localhost:44843"
  startupRole: FOLLOWER
}
role: CANDIDATE
candidateInfo {
  lastLeaderElapsedTimeMs: 94669
}

2023-08-18 03:37:36,386 [s0@group-E264CA5F8311-FollowerState] INFO  server.RaftServerConfigKeys (ConfUtils.java:logGet(46)) - raft.server.leaderelection.pre-vote = true (default)
2023-08-18 03:37:36,386 [s0@group-E264CA5F8311-FollowerState] INFO  impl.RoleInfo (RoleInfo.java:updateAndGet(138)) - s0: start s0@group-E264CA5F8311-LeaderElection371
2023-08-18 03:37:36,386 [s0@group-E264CA5F8311-LeaderElection371] INFO  impl.LeaderElection (LeaderElection.java:askForVotes(320)) - s0@group-E264CA5F8311-LeaderElection371 PRE_VOTE round 0: submit vote requests at term 1 for 255: peers:[s0|rpc:localhost:39295|admin:localhost:44843|client:localhost:40991|dataStream:localhost:40677|priority:0|startupRole:FOLLOWER, s1|rpc:0.0.0.0:34459|dataStream:|priority:0|startupRole:FOLLOWER, s2|rpc:0.0.0.0:43137|dataStream:|priority:0|startupRole:FOLLOWER]|listeners:[], old=peers:[s0|rpc:localhost:39295|admin:localhost:44843|client:localhost:40991|dataStream:localhost:40677|priority:0|startupRole:FOLLOWER]|listeners:[]
2023-08-18 03:37:36,387 [grpc-default-executor-3] INFO  server.RaftServer$Division (RaftServerImpl.java:requestVote(1344)) - s1@group-E264CA5F8311: receive requestVote(PRE_VOTE, s0, group-E264CA5F8311, 1, (t:1, i:255))
2023-08-18 03:37:36,387 [grpc-default-executor-3] WARN  server.GrpcServerProtocolService (LogUtils.java:warn(122)) - s1: Failed requestVote s0->s1#0: org.apache.ratis.protocol.exceptions.ServerNotReadyException: s1@group-E264CA5F8311 is not in [RUNNING]: current state is STARTING
2023-08-18 03:37:36,387 [grpc-default-executor-3] INFO  server.RaftServer$Division (RaftServerImpl.java:requestVote(1344)) - s2@group-E264CA5F8311: receive requestVote(PRE_VOTE, s0, group-E264CA5F8311, 1, (t:1, i:255))
2023-08-18 03:37:36,387 [grpc-default-executor-3] WARN  server.GrpcServerProtocolService (LogUtils.java:warn(122)) - s2: Failed requestVote s0->s2#0: org.apache.ratis.protocol.exceptions.ServerNotReadyException: s2@group-E264CA5F8311 is not in [RUNNING]: current state is STARTING
2023-08-18 03:37:36,387 [s0@group-E264CA5F8311-LeaderElection371] INFO  impl.LeaderElection (LogUtils.java:infoOrTrace(137)) - s0@group-E264CA5F8311-LeaderElection371 got exception when requesting votes: java.util.concurrent.ExecutionException: org.apache.ratis.thirdparty.io.grpc.StatusRuntimeException: INTERNAL: s1@group-E264CA5F8311 is not in [RUNNING]: current state is STARTING
2023-08-18 03:37:36,387 [s0@group-E264CA5F8311-LeaderElection371] INFO  impl.LeaderElection (LogUtils.java:infoOrTrace(137)) - s0@group-E264CA5F8311-LeaderElection371 got exception when requesting votes: java.util.concurrent.ExecutionException: org.apache.ratis.thirdparty.io.grpc.StatusRuntimeException: INTERNAL: s2@group-E264CA5F8311 is not in [RUNNING]: current state is STARTING
2023-08-18 03:37:36,387 [s0@group-E264CA5F8311-LeaderElection371] INFO  impl.LeaderElection (LeaderElection.java:logAndReturn(89)) - s0@group-E264CA5F8311-LeaderElection371: PRE_VOTE REJECTED received 0 response(s) and 2 exception(s):
2023-08-18 03:37:36,387 [s0@group-E264CA5F8311-LeaderElection371] INFO  impl.LeaderElection (LogUtils.java:infoOrTrace(137)) -   Exception 0: java.util.concurrent.ExecutionException: org.apache.ratis.thirdparty.io.grpc.StatusRuntimeException: INTERNAL: s1@group-E264CA5F8311 is not in [RUNNING]: current state is STARTING
2023-08-18 03:37:36,387 [s0@group-E264CA5F8311-LeaderElection371] INFO  impl.LeaderElection (LogUtils.java:infoOrTrace(137)) -   Exception 1: java.util.concurrent.ExecutionException: org.apache.ratis.thirdparty.io.grpc.StatusRuntimeException: INTERNAL: s2@group-E264CA5F8311 is not in [RUNNING]: current state is STARTING
2023-08-18 03:37:36,387 [s0@group-E264CA5F8311-LeaderElection371] INFO  impl.LeaderElection (LeaderElection.java:askForVotes(322)) - s0@group-E264CA5F8311-LeaderElection371 PRE_VOTE round 0: result REJECTED
2023-08-18 03:37:36,387 [s0@group-E264CA5F8311-LeaderElection371] INFO  server.RaftServer$Division (RaftServerImpl.java:setRole(371)) - s0@group-E264CA5F8311: changes role from CANDIDATE to FOLLOWER at term 1 for REJECTED
2023-08-18 03:37:36,387 [s0@group-E264CA5F8311-LeaderElection371] INFO  impl.RoleInfo (RoleInfo.java:shutdownLeaderElection(129)) - s0: shutdown s0@group-E264CA5F8311-LeaderElection371
2023-08-18 03:37:36,388 [s0@group-E264CA5F8311-LeaderElection371] INFO  impl.RoleInfo (RoleInfo.java:updateAndGet(138)) - s0: start s0@group-E264CA5F8311-FollowerState
2023-08-18 03:37:36,483 [s2-server-thread1] INFO  server.RaftServer$Division (RaftServerImpl.java:setConfigurationAsync(1238)) - s2@group-E264CA5F8311: receive setConfiguration SetConfigurationRequest:client-255CF6B0DA3F->s2@group-E264CA5F8311, cid=386, seq=0, RW, null, SET_UNCONDITIONALLY, servers:[s1|rpc:0.0.0.0:34459|dataStream:|priority:0|startupRole:FOLLOWER, s2|rpc:0.0.0.0:43137|dataStream:|priority:0|startupRole:FOLLOWER, s0|rpc:localhost:39295|admin:localhost:44843|client:localhost:40991|dataStream:localhost:40677|priority:0|startupRole:FOLLOWER], listeners:[]
2023-08-18 03:37:36,586 [s1-server-thread1] INFO  server.RaftServer$Division (RaftServerImpl.java:setConfigurationAsync(1238)) - s1@group-E264CA5F8311: receive setConfiguration SetConfigurationRequest:client-255CF6B0DA3F->s1@group-E264CA5F8311, cid=386, seq=0, RW, null, SET_UNCONDITIONALLY, servers:[s1|rpc:0.0.0.0:34459|dataStream:|priority:0|startupRole:FOLLOWER, s2|rpc:0.0.0.0:43137|dataStream:|priority:0|startupRole:FOLLOWER, s0|rpc:localhost:39295|admin:localhost:44843|client:localhost:40991|dataStream:localhost:40677|priority:0|startupRole:FOLLOWER], listeners:[]
2023-08-18 03:37:36,654 [s0@group-E264CA5F8311-FollowerState] INFO  impl.FollowerState (FollowerState.java:run(143)) - s0@group-E264CA5F8311-FollowerState: change to CANDIDATE, lastRpcElapsedTime:266333317ns, electionTimeout:266ms
2023-08-18 03:37:36,654 [s0@group-E264CA5F8311-FollowerState] INFO  impl.RoleInfo (RoleInfo.java:shutdownFollowerState(109)) - s0: shutdown s0@group-E264CA5F8311-FollowerState
2023-08-18 03:37:36,654 [s0@group-E264CA5F8311-FollowerState] INFO  server.RaftServer$Division (RaftServerImpl.java:setRole(371)) - s0@group-E264CA5F8311: changes role from  FOLLOWER to CANDIDATE at term 1 for changeToCandidate
2023-08-18 03:37:36,654 [s0@group-E264CA5F8311-FollowerState] INFO  impl.SimpleStateMachine4Testing (SimpleStateMachine4Testing.java:notifyExtendedNoLeader(411)) - StateMachineWithMultiNestedSnapshotFile:s0:group-E264CA5F8311: notifyExtendedNoLeader group-E264CA5F8311, self {
  id: "s0"
  address: "localhost:39295"
  dataStreamAddress: "localhost:40677"
  clientAddress: "localhost:40991"
  adminAddress: "localhost:44843"
  startupRole: FOLLOWER
}
role: CANDIDATE
candidateInfo {
  lastLeaderElapsedTimeMs: 94938
}

2023-08-18 03:37:36,654 [s0@group-E264CA5F8311-FollowerState] INFO  server.RaftServerConfigKeys (ConfUtils.java:logGet(46)) - raft.server.leaderelection.pre-vote = true (default)
2023-08-18 03:37:36,654 [s0@group-E264CA5F8311-FollowerState] INFO  impl.RoleInfo (RoleInfo.java:updateAndGet(138)) - s0: start s0@group-E264CA5F8311-LeaderElection372
2023-08-18 03:37:36,655 [s0@group-E264CA5F8311-LeaderElection372] INFO  impl.LeaderElection (LeaderElection.java:askForVotes(320)) - s0@group-E264CA5F8311-LeaderElection372 PRE_VOTE round 0: submit vote requests at term 1 for 255: peers:[s0|rpc:localhost:39295|admin:localhost:44843|client:localhost:40991|dataStream:localhost:40677|priority:0|startupRole:FOLLOWER, s1|rpc:0.0.0.0:34459|dataStream:|priority:0|startupRole:FOLLOWER, s2|rpc:0.0.0.0:43137|dataStream:|priority:0|startupRole:FOLLOWER]|listeners:[], old=peers:[s0|rpc:localhost:39295|admin:localhost:44843|client:localhost:40991|dataStream:localhost:40677|priority:0|startupRole:FOLLOWER]|listeners:[]
2023-08-18 03:37:36,655 [grpc-default-executor-3] INFO  server.RaftServer$Division (RaftServerImpl.java:requestVote(1344)) - s2@group-E264CA5F8311: receive requestVote(PRE_VOTE, s0, group-E264CA5F8311, 1, (t:1, i:255))
2023-08-18 03:37:36,656 [grpc-default-executor-4] INFO  server.RaftServer$Division (RaftServerImpl.java:requestVote(1344)) - s1@group-E264CA5F8311: receive requestVote(PRE_VOTE, s0, group-E264CA5F8311, 1, (t:1, i:255))
2023-08-18 03:37:36,656 [grpc-default-executor-3] WARN  server.GrpcServerProtocolService (LogUtils.java:warn(122)) - s2: Failed requestVote s0->s2#0: org.apache.ratis.protocol.exceptions.ServerNotReadyException: s2@group-E264CA5F8311 is not in [RUNNING]: current state is STARTING
2023-08-18 03:37:36,656 [grpc-default-executor-4] WARN  server.GrpcServerProtocolService (LogUtils.java:warn(122)) - s1: Failed requestVote s0->s1#0: org.apache.ratis.protocol.exceptions.ServerNotReadyException: s1@group-E264CA5F8311 is not in [RUNNING]: current state is STARTING
2023-08-18 03:37:36,656 [s0@group-E264CA5F8311-LeaderElection372] INFO  impl.LeaderElection (LogUtils.java:infoOrTrace(137)) - s0@group-E264CA5F8311-LeaderElection372 got exception when requesting votes: java.util.concurrent.ExecutionException: org.apache.ratis.thirdparty.io.grpc.StatusRuntimeException: INTERNAL: s1@group-E264CA5F8311 is not in [RUNNING]: current state is STARTING
2023-08-18 03:37:36,656 [s0@group-E264CA5F8311-LeaderElection372] INFO  impl.LeaderElection (LogUtils.java:infoOrTrace(137)) - s0@group-E264CA5F8311-LeaderElection372 got exception when requesting votes: java.util.concurrent.ExecutionException: org.apache.ratis.thirdparty.io.grpc.StatusRuntimeException: INTERNAL: s2@group-E264CA5F8311 is not in [RUNNING]: current state is STARTING
2023-08-18 03:37:36,656 [s0@group-E264CA5F8311-LeaderElection372] INFO  impl.LeaderElection (LeaderElection.java:logAndReturn(89)) - s0@group-E264CA5F8311-LeaderElection372: PRE_VOTE REJECTED received 0 response(s) and 2 exception(s):
2023-08-18 03:37:36,656 [s0@group-E264CA5F8311-LeaderElection372] INFO  impl.LeaderElection (LogUtils.java:infoOrTrace(137)) -   Exception 0: java.util.concurrent.ExecutionException: org.apache.ratis.thirdparty.io.grpc.StatusRuntimeException: INTERNAL: s1@group-E264CA5F8311 is not in [RUNNING]: current state is STARTING
2023-08-18 03:37:36,656 [s0@group-E264CA5F8311-LeaderElection372] INFO  impl.LeaderElection (LogUtils.java:infoOrTrace(137)) -   Exception 1: java.util.concurrent.ExecutionException: org.apache.ratis.thirdparty.io.grpc.StatusRuntimeException: INTERNAL: s2@group-E264CA5F8311 is not in [RUNNING]: current state is STARTING
2023-08-18 03:37:36,656 [s0@group-E264CA5F8311-LeaderElection372] INFO  impl.LeaderElection (LeaderElection.java:askForVotes(322)) - s0@group-E264CA5F8311-LeaderElection372 PRE_VOTE round 0: result REJECTED
2023-08-18 03:37:36,656 [s0@group-E264CA5F8311-LeaderElection372] INFO  server.RaftServer$Division (RaftServerImpl.java:setRole(371)) - s0@group-E264CA5F8311: changes role from CANDIDATE to FOLLOWER at term 1 for REJECTED
2023-08-18 03:37:36,656 [s0@group-E264CA5F8311-LeaderElection372] INFO  impl.RoleInfo (RoleInfo.java:shutdownLeaderElection(129)) - s0: shutdown s0@group-E264CA5F8311-LeaderElection372
2023-08-18 03:37:36,656 [s0@group-E264CA5F8311-LeaderElection372] INFO  impl.RoleInfo (RoleInfo.java:updateAndGet(138)) - s0: start s0@group-E264CA5F8311-FollowerState
2023-08-18 03:37:36,689 [s0-server-thread1] INFO  server.RaftServer$Division (RaftServerImpl.java:setConfigurationAsync(1238)) - s0@group-E264CA5F8311: receive setConfiguration SetConfigurationRequest:client-255CF6B0DA3F->s0@group-E264CA5F8311, cid=386, seq=0, RW, null, SET_UNCONDITIONALLY, servers:[s1|rpc:0.0.0.0:34459|dataStream:|priority:0|startupRole:FOLLOWER, s2|rpc:0.0.0.0:43137|dataStream:|priority:0|startupRole:FOLLOWER, s0|rpc:localhost:39295|admin:localhost:44843|client:localhost:40991|dataStream:localhost:40677|priority:0|startupRole:FOLLOWER], listeners:[]
2023-08-18 03:37:36,792 [s2-server-thread1] INFO  server.RaftServer$Division (RaftServerImpl.java:setConfigurationAsync(1238)) - s2@group-E264CA5F8311: receive setConfiguration SetConfigurationRequest:client-255CF6B0DA3F->s2@group-E264CA5F8311, cid=386, seq=0, RW, null, SET_UNCONDITIONALLY, servers:[s1|rpc:0.0.0.0:34459|dataStream:|priority:0|startupRole:FOLLOWER, s2|rpc:0.0.0.0:43137|dataStream:|priority:0|startupRole:FOLLOWER, s0|rpc:localhost:39295|admin:localhost:44843|client:localhost:40991|dataStream:localhost:40677|priority:0|startupRole:FOLLOWER], listeners:[]
2023-08-18 03:37:36,870 [s0@group-E264CA5F8311-FollowerState] INFO  impl.FollowerState (FollowerState.java:run(143)) - s0@group-E264CA5F8311-FollowerState: change to CANDIDATE, lastRpcElapsedTime:213293502ns, electionTimeout:213ms
2023-08-18 03:37:36,870 [s0@group-E264CA5F8311-FollowerState] INFO  impl.RoleInfo (RoleInfo.java:shutdownFollowerState(109)) - s0: shutdown s0@group-E264CA5F8311-FollowerState
2023-08-18 03:37:36,870 [s0@group-E264CA5F8311-FollowerState] INFO  server.RaftServer$Division (RaftServerImpl.java:setRole(371)) - s0@group-E264CA5F8311: changes role from  FOLLOWER to CANDIDATE at term 1 for changeToCandidate
2023-08-18 03:37:36,870 [s0@group-E264CA5F8311-FollowerState] INFO  impl.SimpleStateMachine4Testing (SimpleStateMachine4Testing.java:notifyExtendedNoLeader(411)) - StateMachineWithMultiNestedSnapshotFile:s0:group-E264CA5F8311: notifyExtendedNoLeader group-E264CA5F8311, self {
  id: "s0"
  address: "localhost:39295"
  dataStreamAddress: "localhost:40677"
  clientAddress: "localhost:40991"
  adminAddress: "localhost:44843"
  startupRole: FOLLOWER
}
role: CANDIDATE
candidateInfo {
  lastLeaderElapsedTimeMs: 95154
}

2023-08-18 03:37:36,870 [s0@group-E264CA5F8311-FollowerState] INFO  server.RaftServerConfigKeys (ConfUtils.java:logGet(46)) - raft.server.leaderelection.pre-vote = true (default)
2023-08-18 03:37:36,870 [s0@group-E264CA5F8311-FollowerState] INFO  impl.RoleInfo (RoleInfo.java:updateAndGet(138)) - s0: start s0@group-E264CA5F8311-LeaderElection373
2023-08-18 03:37:36,870 [s0@group-E264CA5F8311-LeaderElection373] INFO  impl.LeaderElection (LeaderElection.java:askForVotes(320)) - s0@group-E264CA5F8311-LeaderElection373 PRE_VOTE round 0: submit vote requests at term 1 for 255: peers:[s0|rpc:localhost:39295|admin:localhost:44843|client:localhost:40991|dataStream:localhost:40677|priority:0|startupRole:FOLLOWER, s1|rpc:0.0.0.0:34459|dataStream:|priority:0|startupRole:FOLLOWER, s2|rpc:0.0.0.0:43137|dataStream:|priority:0|startupRole:FOLLOWER]|listeners:[], old=peers:[s0|rpc:localhost:39295|admin:localhost:44843|client:localhost:40991|dataStream:localhost:40677|priority:0|startupRole:FOLLOWER]|listeners:[]
2023-08-18 03:37:36,871 [grpc-default-executor-4] INFO  server.RaftServer$Division (RaftServerImpl.java:requestVote(1344)) - s1@group-E264CA5F8311: receive requestVote(PRE_VOTE, s0, group-E264CA5F8311, 1, (t:1, i:255))
2023-08-18 03:37:36,871 [grpc-default-executor-4] WARN  server.GrpcServerProtocolService (LogUtils.java:warn(122)) - s1: Failed requestVote s0->s1#0: org.apache.ratis.protocol.exceptions.ServerNotReadyException: s1@group-E264CA5F8311 is not in [RUNNING]: current state is STARTING
2023-08-18 03:37:36,875 [grpc-default-executor-4] INFO  server.RaftServer$Division (RaftServerImpl.java:requestVote(1344)) - s2@group-E264CA5F8311: receive requestVote(PRE_VOTE, s0, group-E264CA5F8311, 1, (t:1, i:255))
2023-08-18 03:37:36,875 [grpc-default-executor-4] WARN  server.GrpcServerProtocolService (LogUtils.java:warn(122)) - s2: Failed requestVote s0->s2#0: org.apache.ratis.protocol.exceptions.ServerNotReadyException: s2@group-E264CA5F8311 is not in [RUNNING]: current state is STARTING
2023-08-18 03:37:36,875 [s0@group-E264CA5F8311-LeaderElection373] INFO  impl.LeaderElection (LogUtils.java:infoOrTrace(137)) - s0@group-E264CA5F8311-LeaderElection373 got exception when requesting votes: java.util.concurrent.ExecutionException: org.apache.ratis.thirdparty.io.grpc.StatusRuntimeException: INTERNAL: s1@group-E264CA5F8311 is not in [RUNNING]: current state is STARTING
2023-08-18 03:37:36,875 [s0@group-E264CA5F8311-LeaderElection373] INFO  impl.LeaderElection (LogUtils.java:infoOrTrace(137)) - s0@group-E264CA5F8311-LeaderElection373 got exception when requesting votes: java.util.concurrent.ExecutionException: org.apache.ratis.thirdparty.io.grpc.StatusRuntimeException: INTERNAL: s2@group-E264CA5F8311 is not in [RUNNING]: current state is STARTING
2023-08-18 03:37:36,875 [s0@group-E264CA5F8311-LeaderElection373] INFO  impl.LeaderElection (LeaderElection.java:logAndReturn(89)) - s0@group-E264CA5F8311-LeaderElection373: PRE_VOTE REJECTED received 0 response(s) and 2 exception(s):
2023-08-18 03:37:36,875 [s0@group-E264CA5F8311-LeaderElection373] INFO  impl.LeaderElection (LogUtils.java:infoOrTrace(137)) -   Exception 0: java.util.concurrent.ExecutionException: org.apache.ratis.thirdparty.io.grpc.StatusRuntimeException: INTERNAL: s1@group-E264CA5F8311 is not in [RUNNING]: current state is STARTING
2023-08-18 03:37:36,875 [s0@group-E264CA5F8311-LeaderElection373] INFO  impl.LeaderElection (LogUtils.java:infoOrTrace(137)) -   Exception 1: java.util.concurrent.ExecutionException: org.apache.ratis.thirdparty.io.grpc.StatusRuntimeException: INTERNAL: s2@group-E264CA5F8311 is not in [RUNNING]: current state is STARTING
2023-08-18 03:37:36,875 [s0@group-E264CA5F8311-LeaderElection373] INFO  impl.LeaderElection (LeaderElection.java:askForVotes(322)) - s0@group-E264CA5F8311-LeaderElection373 PRE_VOTE round 0: result REJECTED
2023-08-18 03:37:36,875 [s0@group-E264CA5F8311-LeaderElection373] INFO  server.RaftServer$Division (RaftServerImpl.java:setRole(371)) - s0@group-E264CA5F8311: changes role from CANDIDATE to FOLLOWER at term 1 for REJECTED
2023-08-18 03:37:36,875 [s0@group-E264CA5F8311-LeaderElection373] INFO  impl.RoleInfo (RoleInfo.java:shutdownLeaderElection(129)) - s0: shutdown s0@group-E264CA5F8311-LeaderElection373
2023-08-18 03:37:36,875 [s0@group-E264CA5F8311-LeaderElection373] INFO  impl.RoleInfo (RoleInfo.java:updateAndGet(138)) - s0: start s0@group-E264CA5F8311-FollowerState
2023-08-18 03:37:36,895 [s0-server-thread1] INFO  server.RaftServer$Division (RaftServerImpl.java:setConfigurationAsync(1238)) - s0@group-E264CA5F8311: receive setConfiguration SetConfigurationRequest:client-255CF6B0DA3F->s0@group-E264CA5F8311, cid=386, seq=0, RW, null, SET_UNCONDITIONALLY, servers:[s1|rpc:0.0.0.0:34459|dataStream:|priority:0|startupRole:FOLLOWER, s2|rpc:0.0.0.0:43137|dataStream:|priority:0|startupRole:FOLLOWER, s0|rpc:localhost:39295|admin:localhost:44843|client:localhost:40991|dataStream:localhost:40677|priority:0|startupRole:FOLLOWER], listeners:[]
2023-08-18 03:37:36,998 [s2-server-thread1] INFO  server.RaftServer$Division (RaftServerImpl.java:setConfigurationAsync(1238)) - s2@group-E264CA5F8311: receive setConfiguration SetConfigurationRequest:client-255CF6B0DA3F->s2@group-E264CA5F8311, cid=386, seq=0, RW, null, SET_UNCONDITIONALLY, servers:[s1|rpc:0.0.0.0:34459|dataStream:|priority:0|startupRole:FOLLOWER, s2|rpc:0.0.0.0:43137|dataStream:|priority:0|startupRole:FOLLOWER, s0|rpc:localhost:39295|admin:localhost:44843|client:localhost:40991|dataStream:localhost:40677|priority:0|startupRole:FOLLOWER], listeners:[]
2023-08-18 03:37:37,102 [s0-server-thread1] INFO  server.RaftServer$Division (RaftServerImpl.java:setConfigurationAsync(1238)) - s0@group-E264CA5F8311: receive setConfiguration SetConfigurationRequest:client-255CF6B0DA3F->s0@group-E264CA5F8311, cid=386, seq=0, RW, null, SET_UNCONDITIONALLY, servers:[s1|rpc:0.0.0.0:34459|dataStream:|priority:0|startupRole:FOLLOWER, s2|rpc:0.0.0.0:43137|dataStream:|priority:0|startupRole:FOLLOWER, s0|rpc:localhost:39295|admin:localhost:44843|client:localhost:40991|dataStream:localhost:40677|priority:0|startupRole:FOLLOWER], listeners:[]
2023-08-18 03:37:37,109 [s0@group-E264CA5F8311-FollowerState] INFO  impl.FollowerState (FollowerState.java:run(143)) - s0@group-E264CA5F8311-FollowerState: change to CANDIDATE, lastRpcElapsedTime:233349961ns, electionTimeout:233ms
2023-08-18 03:37:37,109 [s0@group-E264CA5F8311-FollowerState] INFO  impl.RoleInfo (RoleInfo.java:shutdownFollowerState(109)) - s0: shutdown s0@group-E264CA5F8311-FollowerState
2023-08-18 03:37:37,109 [s0@group-E264CA5F8311-FollowerState] INFO  server.RaftServer$Division (RaftServerImpl.java:setRole(371)) - s0@group-E264CA5F8311: changes role from  FOLLOWER to CANDIDATE at term 1 for changeToCandidate
2023-08-18 03:37:37,109 [s0@group-E264CA5F8311-FollowerState] INFO  impl.SimpleStateMachine4Testing (SimpleStateMachine4Testing.java:notifyExtendedNoLeader(411)) - StateMachineWithMultiNestedSnapshotFile:s0:group-E264CA5F8311: notifyExtendedNoLeader group-E264CA5F8311, self {
  id: "s0"
  address: "localhost:39295"
  dataStreamAddress: "localhost:40677"
  clientAddress: "localhost:40991"
  adminAddress: "localhost:44843"
  startupRole: FOLLOWER
}
role: CANDIDATE
candidateInfo {
  lastLeaderElapsedTimeMs: 95393
}

2023-08-18 03:37:37,109 [s0@group-E264CA5F8311-FollowerState] INFO  server.RaftServerConfigKeys (ConfUtils.java:logGet(46)) - raft.server.leaderelection.pre-vote = true (default)
2023-08-18 03:37:37,109 [s0@group-E264CA5F8311-FollowerState] INFO  impl.RoleInfo (RoleInfo.java:updateAndGet(138)) - s0: start s0@group-E264CA5F8311-LeaderElection374
2023-08-18 03:37:37,109 [s0@group-E264CA5F8311-LeaderElection374] INFO  impl.LeaderElection (LeaderElection.java:askForVotes(320)) - s0@group-E264CA5F8311-LeaderElection374 PRE_VOTE round 0: submit vote requests at term 1 for 255: peers:[s0|rpc:localhost:39295|admin:localhost:44843|client:localhost:40991|dataStream:localhost:40677|priority:0|startupRole:FOLLOWER, s1|rpc:0.0.0.0:34459|dataStream:|priority:0|startupRole:FOLLOWER, s2|rpc:0.0.0.0:43137|dataStream:|priority:0|startupRole:FOLLOWER]|listeners:[], old=peers:[s0|rpc:localhost:39295|admin:localhost:44843|client:localhost:40991|dataStream:localhost:40677|priority:0|startupRole:FOLLOWER]|listeners:[]
2023-08-18 03:37:37,110 [grpc-default-executor-4] INFO  server.RaftServer$Division (RaftServerImpl.java:requestVote(1344)) - s1@group-E264CA5F8311: receive requestVote(PRE_VOTE, s0, group-E264CA5F8311, 1, (t:1, i:255))
2023-08-18 03:37:37,110 [grpc-default-executor-4] WARN  server.GrpcServerProtocolService (LogUtils.java:warn(122)) - s1: Failed requestVote s0->s1#0: org.apache.ratis.protocol.exceptions.ServerNotReadyException: s1@group-E264CA5F8311 is not in [RUNNING]: current state is STARTING
2023-08-18 03:37:37,110 [grpc-default-executor-4] INFO  server.RaftServer$Division (RaftServerImpl.java:requestVote(1344)) - s2@group-E264CA5F8311: receive requestVote(PRE_VOTE, s0, group-E264CA5F8311, 1, (t:1, i:255))
2023-08-18 03:37:37,110 [grpc-default-executor-4] WARN  server.GrpcServerProtocolService (LogUtils.java:warn(122)) - s2: Failed requestVote s0->s2#0: org.apache.ratis.protocol.exceptions.ServerNotReadyException: s2@group-E264CA5F8311 is not in [RUNNING]: current state is STARTING
2023-08-18 03:37:37,111 [s0@group-E264CA5F8311-LeaderElection374] INFO  impl.LeaderElection (LogUtils.java:infoOrTrace(137)) - s0@group-E264CA5F8311-LeaderElection374 got exception when requesting votes: java.util.concurrent.ExecutionException: org.apache.ratis.thirdparty.io.grpc.StatusRuntimeException: INTERNAL: s1@group-E264CA5F8311 is not in [RUNNING]: current state is STARTING
2023-08-18 03:37:37,111 [s0@group-E264CA5F8311-LeaderElection374] INFO  impl.LeaderElection (LogUtils.java:infoOrTrace(137)) - s0@group-E264CA5F8311-LeaderElection374 got exception when requesting votes: java.util.concurrent.ExecutionException: org.apache.ratis.thirdparty.io.grpc.StatusRuntimeException: INTERNAL: s2@group-E264CA5F8311 is not in [RUNNING]: current state is STARTING
2023-08-18 03:37:37,111 [s0@group-E264CA5F8311-LeaderElection374] INFO  impl.LeaderElection (LeaderElection.java:logAndReturn(89)) - s0@group-E264CA5F8311-LeaderElection374: PRE_VOTE REJECTED received 0 response(s) and 2 exception(s):
2023-08-18 03:37:37,111 [s0@group-E264CA5F8311-LeaderElection374] INFO  impl.LeaderElection (LogUtils.java:infoOrTrace(137)) -   Exception 0: java.util.concurrent.ExecutionException: org.apache.ratis.thirdparty.io.grpc.StatusRuntimeException: INTERNAL: s1@group-E264CA5F8311 is not in [RUNNING]: current state is STARTING
2023-08-18 03:37:37,111 [s0@group-E264CA5F8311-LeaderElection374] INFO  impl.LeaderElection (LogUtils.java:infoOrTrace(137)) -   Exception 1: java.util.concurrent.ExecutionException: org.apache.ratis.thirdparty.io.grpc.StatusRuntimeException: INTERNAL: s2@group-E264CA5F8311 is not in [RUNNING]: current state is STARTING
2023-08-18 03:37:37,111 [s0@group-E264CA5F8311-LeaderElection374] INFO  impl.LeaderElection (LeaderElection.java:askForVotes(322)) - s0@group-E264CA5F8311-LeaderElection374 PRE_VOTE round 0: result REJECTED
2023-08-18 03:37:37,111 [s0@group-E264CA5F8311-LeaderElection374] INFO  server.RaftServer$Division (RaftServerImpl.java:setRole(371)) - s0@group-E264CA5F8311: changes role from CANDIDATE to FOLLOWER at term 1 for REJECTED
2023-08-18 03:37:37,111 [s0@group-E264CA5F8311-LeaderElection374] INFO  impl.RoleInfo (RoleInfo.java:shutdownLeaderElection(129)) - s0: shutdown s0@group-E264CA5F8311-LeaderElection374
2023-08-18 03:37:37,111 [s0@group-E264CA5F8311-LeaderElection374] INFO  impl.RoleInfo (RoleInfo.java:updateAndGet(138)) - s0: start s0@group-E264CA5F8311-FollowerState
2023-08-18 03:37:37,205 [s1-server-thread1] INFO  server.RaftServer$Division (RaftServerImpl.java:setConfigurationAsync(1238)) - s1@group-E264CA5F8311: receive setConfiguration SetConfigurationRequest:client-255CF6B0DA3F->s1@group-E264CA5F8311, cid=386, seq=0, RW, null, SET_UNCONDITIONALLY, servers:[s1|rpc:0.0.0.0:34459|dataStream:|priority:0|startupRole:FOLLOWER, s2|rpc:0.0.0.0:43137|dataStream:|priority:0|startupRole:FOLLOWER, s0|rpc:localhost:39295|admin:localhost:44843|client:localhost:40991|dataStream:localhost:40677|priority:0|startupRole:FOLLOWER], listeners:[]
2023-08-18 03:37:37,292 [s0@group-E264CA5F8311-FollowerState] INFO  impl.FollowerState (FollowerState.java:run(143)) - s0@group-E264CA5F8311-FollowerState: change to CANDIDATE, lastRpcElapsedTime:181302127ns, electionTimeout:181ms
2023-08-18 03:37:37,292 [s0@group-E264CA5F8311-FollowerState] INFO  impl.RoleInfo (RoleInfo.java:shutdownFollowerState(109)) - s0: shutdown s0@group-E264CA5F8311-FollowerState
2023-08-18 03:37:37,292 [s0@group-E264CA5F8311-FollowerState] INFO  server.RaftServer$Division (RaftServerImpl.java:setRole(371)) - s0@group-E264CA5F8311: changes role from  FOLLOWER to CANDIDATE at term 1 for changeToCandidate
2023-08-18 03:37:37,292 [s0@group-E264CA5F8311-FollowerState] INFO  impl.SimpleStateMachine4Testing (SimpleStateMachine4Testing.java:notifyExtendedNoLeader(411)) - StateMachineWithMultiNestedSnapshotFile:s0:group-E264CA5F8311: notifyExtendedNoLeader group-E264CA5F8311, self {
  id: "s0"
  address: "localhost:39295"
  dataStreamAddress: "localhost:40677"
  clientAddress: "localhost:40991"
  adminAddress: "localhost:44843"
  startupRole: FOLLOWER
}
role: CANDIDATE
candidateInfo {
  lastLeaderElapsedTimeMs: 95576
}

2023-08-18 03:37:37,292 [s0@group-E264CA5F8311-FollowerState] INFO  server.RaftServerConfigKeys (ConfUtils.java:logGet(46)) - raft.server.leaderelection.pre-vote = true (default)
2023-08-18 03:37:37,293 [s0@group-E264CA5F8311-FollowerState] INFO  impl.RoleInfo (RoleInfo.java:updateAndGet(138)) - s0: start s0@group-E264CA5F8311-LeaderElection375
2023-08-18 03:37:37,293 [s0@group-E264CA5F8311-LeaderElection375] INFO  impl.LeaderElection (LeaderElection.java:askForVotes(320)) - s0@group-E264CA5F8311-LeaderElection375 PRE_VOTE round 0: submit vote requests at term 1 for 255: peers:[s0|rpc:localhost:39295|admin:localhost:44843|client:localhost:40991|dataStream:localhost:40677|priority:0|startupRole:FOLLOWER, s1|rpc:0.0.0.0:34459|dataStream:|priority:0|startupRole:FOLLOWER, s2|rpc:0.0.0.0:43137|dataStream:|priority:0|startupRole:FOLLOWER]|listeners:[], old=peers:[s0|rpc:localhost:39295|admin:localhost:44843|client:localhost:40991|dataStream:localhost:40677|priority:0|startupRole:FOLLOWER]|listeners:[]
2023-08-18 03:37:37,294 [grpc-default-executor-4] INFO  server.RaftServer$Division (RaftServerImpl.java:requestVote(1344)) - s1@group-E264CA5F8311: receive requestVote(PRE_VOTE, s0, group-E264CA5F8311, 1, (t:1, i:255))
2023-08-18 03:37:37,294 [grpc-default-executor-4] WARN  server.GrpcServerProtocolService (LogUtils.java:warn(122)) - s1: Failed requestVote s0->s1#0: org.apache.ratis.protocol.exceptions.ServerNotReadyException: s1@group-E264CA5F8311 is not in [RUNNING]: current state is STARTING
2023-08-18 03:37:37,294 [grpc-default-executor-4] INFO  server.RaftServer$Division (RaftServerImpl.java:requestVote(1344)) - s2@group-E264CA5F8311: receive requestVote(PRE_VOTE, s0, group-E264CA5F8311, 1, (t:1, i:255))
2023-08-18 03:37:37,294 [grpc-default-executor-4] WARN  server.GrpcServerProtocolService (LogUtils.java:warn(122)) - s2: Failed requestVote s0->s2#0: org.apache.ratis.protocol.exceptions.ServerNotReadyException: s2@group-E264CA5F8311 is not in [RUNNING]: current state is STARTING
2023-08-18 03:37:37,294 [s0@group-E264CA5F8311-LeaderElection375] INFO  impl.LeaderElection (LogUtils.java:infoOrTrace(137)) - s0@group-E264CA5F8311-LeaderElection375 got exception when requesting votes: java.util.concurrent.ExecutionException: org.apache.ratis.thirdparty.io.grpc.StatusRuntimeException: INTERNAL: s1@group-E264CA5F8311 is not in [RUNNING]: current state is STARTING
2023-08-18 03:37:37,294 [s0@group-E264CA5F8311-LeaderElection375] INFO  impl.LeaderElection (LogUtils.java:infoOrTrace(137)) - s0@group-E264CA5F8311-LeaderElection375 got exception when requesting votes: java.util.concurrent.ExecutionException: org.apache.ratis.thirdparty.io.grpc.StatusRuntimeException: INTERNAL: s2@group-E264CA5F8311 is not in [RUNNING]: current state is STARTING
2023-08-18 03:37:37,294 [s0@group-E264CA5F8311-LeaderElection375] INFO  impl.LeaderElection (LeaderElection.java:logAndReturn(89)) - s0@group-E264CA5F8311-LeaderElection375: PRE_VOTE REJECTED received 0 response(s) and 2 exception(s):
2023-08-18 03:37:37,294 [s0@group-E264CA5F8311-LeaderElection375] INFO  impl.LeaderElection (LogUtils.java:infoOrTrace(137)) -   Exception 0: java.util.concurrent.ExecutionException: org.apache.ratis.thirdparty.io.grpc.StatusRuntimeException: INTERNAL: s1@group-E264CA5F8311 is not in [RUNNING]: current state is STARTING
2023-08-18 03:37:37,294 [s0@group-E264CA5F8311-LeaderElection375] INFO  impl.LeaderElection (LogUtils.java:infoOrTrace(137)) -   Exception 1: java.util.concurrent.ExecutionException: org.apache.ratis.thirdparty.io.grpc.StatusRuntimeException: INTERNAL: s2@group-E264CA5F8311 is not in [RUNNING]: current state is STARTING
2023-08-18 03:37:37,294 [s0@group-E264CA5F8311-LeaderElection375] INFO  impl.LeaderElection (LeaderElection.java:askForVotes(322)) - s0@group-E264CA5F8311-LeaderElection375 PRE_VOTE round 0: result REJECTED
2023-08-18 03:37:37,294 [s0@group-E264CA5F8311-LeaderElection375] INFO  server.RaftServer$Division (RaftServerImpl.java:setRole(371)) - s0@group-E264CA5F8311: changes role from CANDIDATE to FOLLOWER at term 1 for REJECTED
2023-08-18 03:37:37,294 [s0@group-E264CA5F8311-LeaderElection375] INFO  impl.RoleInfo (RoleInfo.java:shutdownLeaderElection(129)) - s0: shutdown s0@group-E264CA5F8311-LeaderElection375
2023-08-18 03:37:37,294 [s0@group-E264CA5F8311-LeaderElection375] INFO  impl.RoleInfo (RoleInfo.java:updateAndGet(138)) - s0: start s0@group-E264CA5F8311-FollowerState
2023-08-18 03:37:37,308 [s2-server-thread1] INFO  server.RaftServer$Division (RaftServerImpl.java:setConfigurationAsync(1238)) - s2@group-E264CA5F8311: receive setConfiguration SetConfigurationRequest:client-255CF6B0DA3F->s2@group-E264CA5F8311, cid=386, seq=0, RW, null, SET_UNCONDITIONALLY, servers:[s1|rpc:0.0.0.0:34459|dataStream:|priority:0|startupRole:FOLLOWER, s2|rpc:0.0.0.0:43137|dataStream:|priority:0|startupRole:FOLLOWER, s0|rpc:localhost:39295|admin:localhost:44843|client:localhost:40991|dataStream:localhost:40677|priority:0|startupRole:FOLLOWER], listeners:[]
2023-08-18 03:37:37,411 [s1-server-thread1] INFO  server.RaftServer$Division (RaftServerImpl.java:setConfigurationAsync(1238)) - s1@group-E264CA5F8311: receive setConfiguration SetConfigurationRequest:client-255CF6B0DA3F->s1@group-E264CA5F8311, cid=386, seq=0, RW, null, SET_UNCONDITIONALLY, servers:[s1|rpc:0.0.0.0:34459|dataStream:|priority:0|startupRole:FOLLOWER, s2|rpc:0.0.0.0:43137|dataStream:|priority:0|startupRole:FOLLOWER, s0|rpc:localhost:39295|admin:localhost:44843|client:localhost:40991|dataStream:localhost:40677|priority:0|startupRole:FOLLOWER], listeners:[]
2023-08-18 03:37:37,514 [s0-server-thread1] INFO  server.RaftServer$Division (RaftServerImpl.java:setConfigurationAsync(1238)) - s0@group-E264CA5F8311: receive setConfiguration SetConfigurationRequest:client-255CF6B0DA3F->s0@group-E264CA5F8311, cid=386, seq=0, RW, null, SET_UNCONDITIONALLY, servers:[s1|rpc:0.0.0.0:34459|dataStream:|priority:0|startupRole:FOLLOWER, s2|rpc:0.0.0.0:43137|dataStream:|priority:0|startupRole:FOLLOWER, s0|rpc:localhost:39295|admin:localhost:44843|client:localhost:40991|dataStream:localhost:40677|priority:0|startupRole:FOLLOWER], listeners:[]
2023-08-18 03:37:37,557 [s0@group-E264CA5F8311-FollowerState] INFO  impl.FollowerState (FollowerState.java:run(143)) - s0@group-E264CA5F8311-FollowerState: change to CANDIDATE, lastRpcElapsedTime:262241058ns, electionTimeout:262ms
2023-08-18 03:37:37,557 [s0@group-E264CA5F8311-FollowerState] INFO  impl.RoleInfo (RoleInfo.java:shutdownFollowerState(109)) - s0: shutdown s0@group-E264CA5F8311-FollowerState
2023-08-18 03:37:37,557 [s0@group-E264CA5F8311-FollowerState] INFO  server.RaftServer$Division (RaftServerImpl.java:setRole(371)) - s0@group-E264CA5F8311: changes role from  FOLLOWER to CANDIDATE at term 1 for changeToCandidate
2023-08-18 03:37:37,557 [s0@group-E264CA5F8311-FollowerState] INFO  impl.SimpleStateMachine4Testing (SimpleStateMachine4Testing.java:notifyExtendedNoLeader(411)) - StateMachineWithMultiNestedSnapshotFile:s0:group-E264CA5F8311: notifyExtendedNoLeader group-E264CA5F8311, self {
  id: "s0"
  address: "localhost:39295"
  dataStreamAddress: "localhost:40677"
  clientAddress: "localhost:40991"
  adminAddress: "localhost:44843"
  startupRole: FOLLOWER
}
role: CANDIDATE
candidateInfo {
  lastLeaderElapsedTimeMs: 95841
}

2023-08-18 03:37:37,557 [s0@group-E264CA5F8311-FollowerState] INFO  server.RaftServerConfigKeys (ConfUtils.java:logGet(46)) - raft.server.leaderelection.pre-vote = true (default)
2023-08-18 03:37:37,557 [s0@group-E264CA5F8311-FollowerState] INFO  impl.RoleInfo (RoleInfo.java:updateAndGet(138)) - s0: start s0@group-E264CA5F8311-LeaderElection376
2023-08-18 03:37:37,558 [s0@group-E264CA5F8311-LeaderElection376] INFO  impl.LeaderElection (LeaderElection.java:askForVotes(320)) - s0@group-E264CA5F8311-LeaderElection376 PRE_VOTE round 0: submit vote requests at term 1 for 255: peers:[s0|rpc:localhost:39295|admin:localhost:44843|client:localhost:40991|dataStream:localhost:40677|priority:0|startupRole:FOLLOWER, s1|rpc:0.0.0.0:34459|dataStream:|priority:0|startupRole:FOLLOWER, s2|rpc:0.0.0.0:43137|dataStream:|priority:0|startupRole:FOLLOWER]|listeners:[], old=peers:[s0|rpc:localhost:39295|admin:localhost:44843|client:localhost:40991|dataStream:localhost:40677|priority:0|startupRole:FOLLOWER]|listeners:[]
2023-08-18 03:37:37,559 [grpc-default-executor-4] INFO  server.RaftServer$Division (RaftServerImpl.java:requestVote(1344)) - s2@group-E264CA5F8311: receive requestVote(PRE_VOTE, s0, group-E264CA5F8311, 1, (t:1, i:255))
2023-08-18 03:37:37,559 [grpc-default-executor-4] WARN  server.GrpcServerProtocolService (LogUtils.java:warn(122)) - s2: Failed requestVote s0->s2#0: org.apache.ratis.protocol.exceptions.ServerNotReadyException: s2@group-E264CA5F8311 is not in [RUNNING]: current state is STARTING
2023-08-18 03:37:37,559 [grpc-default-executor-3] INFO  server.RaftServer$Division (RaftServerImpl.java:requestVote(1344)) - s1@group-E264CA5F8311: receive requestVote(PRE_VOTE, s0, group-E264CA5F8311, 1, (t:1, i:255))
2023-08-18 03:37:37,559 [grpc-default-executor-3] WARN  server.GrpcServerProtocolService (LogUtils.java:warn(122)) - s1: Failed requestVote s0->s1#0: org.apache.ratis.protocol.exceptions.ServerNotReadyException: s1@group-E264CA5F8311 is not in [RUNNING]: current state is STARTING
2023-08-18 03:37:37,559 [s0@group-E264CA5F8311-LeaderElection376] INFO  impl.LeaderElection (LogUtils.java:infoOrTrace(137)) - s0@group-E264CA5F8311-LeaderElection376 got exception when requesting votes: java.util.concurrent.ExecutionException: org.apache.ratis.thirdparty.io.grpc.StatusRuntimeException: INTERNAL: s2@group-E264CA5F8311 is not in [RUNNING]: current state is STARTING
2023-08-18 03:37:37,560 [s0@group-E264CA5F8311-LeaderElection376] INFO  impl.LeaderElection (LogUtils.java:infoOrTrace(137)) - s0@group-E264CA5F8311-LeaderElection376 got exception when requesting votes: java.util.concurrent.ExecutionException: org.apache.ratis.thirdparty.io.grpc.StatusRuntimeException: INTERNAL: s1@group-E264CA5F8311 is not in [RUNNING]: current state is STARTING
2023-08-18 03:37:37,560 [s0@group-E264CA5F8311-LeaderElection376] INFO  impl.LeaderElection (LeaderElection.java:logAndReturn(89)) - s0@group-E264CA5F8311-LeaderElection376: PRE_VOTE REJECTED received 0 response(s) and 2 exception(s):
2023-08-18 03:37:37,560 [s0@group-E264CA5F8311-LeaderElection376] INFO  impl.LeaderElection (LogUtils.java:infoOrTrace(137)) -   Exception 0: java.util.concurrent.ExecutionException: org.apache.ratis.thirdparty.io.grpc.StatusRuntimeException: INTERNAL: s2@group-E264CA5F8311 is not in [RUNNING]: current state is STARTING
2023-08-18 03:37:37,560 [s0@group-E264CA5F8311-LeaderElection376] INFO  impl.LeaderElection (LogUtils.java:infoOrTrace(137)) -   Exception 1: java.util.concurrent.ExecutionException: org.apache.ratis.thirdparty.io.grpc.StatusRuntimeException: INTERNAL: s1@group-E264CA5F8311 is not in [RUNNING]: current state is STARTING
2023-08-18 03:37:37,560 [s0@group-E264CA5F8311-LeaderElection376] INFO  impl.LeaderElection (LeaderElection.java:askForVotes(322)) - s0@group-E264CA5F8311-LeaderElection376 PRE_VOTE round 0: result REJECTED
2023-08-18 03:37:37,560 [s0@group-E264CA5F8311-LeaderElection376] INFO  server.RaftServer$Division (RaftServerImpl.java:setRole(371)) - s0@group-E264CA5F8311: changes role from CANDIDATE to FOLLOWER at term 1 for REJECTED
2023-08-18 03:37:37,560 [s0@group-E264CA5F8311-LeaderElection376] INFO  impl.RoleInfo (RoleInfo.java:shutdownLeaderElection(129)) - s0: shutdown s0@group-E264CA5F8311-LeaderElection376
2023-08-18 03:37:37,560 [s0@group-E264CA5F8311-LeaderElection376] INFO  impl.RoleInfo (RoleInfo.java:updateAndGet(138)) - s0: start s0@group-E264CA5F8311-FollowerState
2023-08-18 03:37:37,617 [s2-server-thread1] INFO  server.RaftServer$Division (RaftServerImpl.java:setConfigurationAsync(1238)) - s2@group-E264CA5F8311: receive setConfiguration SetConfigurationRequest:client-255CF6B0DA3F->s2@group-E264CA5F8311, cid=386, seq=0, RW, null, SET_UNCONDITIONALLY, servers:[s1|rpc:0.0.0.0:34459|dataStream:|priority:0|startupRole:FOLLOWER, s2|rpc:0.0.0.0:43137|dataStream:|priority:0|startupRole:FOLLOWER, s0|rpc:localhost:39295|admin:localhost:44843|client:localhost:40991|dataStream:localhost:40677|priority:0|startupRole:FOLLOWER], listeners:[]
2023-08-18 03:37:37,720 [s1-server-thread1] INFO  server.RaftServer$Division (RaftServerImpl.java:setConfigurationAsync(1238)) - s1@group-E264CA5F8311: receive setConfiguration SetConfigurationRequest:client-255CF6B0DA3F->s1@group-E264CA5F8311, cid=386, seq=0, RW, null, SET_UNCONDITIONALLY, servers:[s1|rpc:0.0.0.0:34459|dataStream:|priority:0|startupRole:FOLLOWER, s2|rpc:0.0.0.0:43137|dataStream:|priority:0|startupRole:FOLLOWER, s0|rpc:localhost:39295|admin:localhost:44843|client:localhost:40991|dataStream:localhost:40677|priority:0|startupRole:FOLLOWER], listeners:[]
2023-08-18 03:37:37,821 [s0@group-E264CA5F8311-FollowerState] INFO  impl.FollowerState (FollowerState.java:run(143)) - s0@group-E264CA5F8311-FollowerState: change to CANDIDATE, lastRpcElapsedTime:261516064ns, electionTimeout:261ms
2023-08-18 03:37:37,821 [s0@group-E264CA5F8311-FollowerState] INFO  impl.RoleInfo (RoleInfo.java:shutdownFollowerState(109)) - s0: shutdown s0@group-E264CA5F8311-FollowerState
2023-08-18 03:37:37,821 [s0@group-E264CA5F8311-FollowerState] INFO  server.RaftServer$Division (RaftServerImpl.java:setRole(371)) - s0@group-E264CA5F8311: changes role from  FOLLOWER to CANDIDATE at term 1 for changeToCandidate
2023-08-18 03:37:37,822 [s0@group-E264CA5F8311-FollowerState] INFO  impl.SimpleStateMachine4Testing (SimpleStateMachine4Testing.java:notifyExtendedNoLeader(411)) - StateMachineWithMultiNestedSnapshotFile:s0:group-E264CA5F8311: notifyExtendedNoLeader group-E264CA5F8311, self {
  id: "s0"
  address: "localhost:39295"
  dataStreamAddress: "localhost:40677"
  clientAddress: "localhost:40991"
  adminAddress: "localhost:44843"
  startupRole: FOLLOWER
}
role: CANDIDATE
candidateInfo {
  lastLeaderElapsedTimeMs: 96105
}

2023-08-18 03:37:37,822 [s0@group-E264CA5F8311-FollowerState] INFO  server.RaftServerConfigKeys (ConfUtils.java:logGet(46)) - raft.server.leaderelection.pre-vote = true (default)
2023-08-18 03:37:37,822 [s0@group-E264CA5F8311-FollowerState] INFO  impl.RoleInfo (RoleInfo.java:updateAndGet(138)) - s0: start s0@group-E264CA5F8311-LeaderElection377
2023-08-18 03:37:37,822 [s0@group-E264CA5F8311-LeaderElection377] INFO  impl.LeaderElection (LeaderElection.java:askForVotes(320)) - s0@group-E264CA5F8311-LeaderElection377 PRE_VOTE round 0: submit vote requests at term 1 for 255: peers:[s0|rpc:localhost:39295|admin:localhost:44843|client:localhost:40991|dataStream:localhost:40677|priority:0|startupRole:FOLLOWER, s1|rpc:0.0.0.0:34459|dataStream:|priority:0|startupRole:FOLLOWER, s2|rpc:0.0.0.0:43137|dataStream:|priority:0|startupRole:FOLLOWER]|listeners:[], old=peers:[s0|rpc:localhost:39295|admin:localhost:44843|client:localhost:40991|dataStream:localhost:40677|priority:0|startupRole:FOLLOWER]|listeners:[]
2023-08-18 03:37:37,823 [grpc-default-executor-4] INFO  server.RaftServer$Division (RaftServerImpl.java:requestVote(1344)) - s1@group-E264CA5F8311: receive requestVote(PRE_VOTE, s0, group-E264CA5F8311, 1, (t:1, i:255))
2023-08-18 03:37:37,823 [grpc-default-executor-4] WARN  server.GrpcServerProtocolService (LogUtils.java:warn(122)) - s1: Failed requestVote s0->s1#0: org.apache.ratis.protocol.exceptions.ServerNotReadyException: s1@group-E264CA5F8311 is not in [RUNNING]: current state is STARTING
2023-08-18 03:37:37,824 [s0@group-E264CA5F8311-LeaderElection377] INFO  impl.LeaderElection (LogUtils.java:infoOrTrace(137)) - s0@group-E264CA5F8311-LeaderElection377 got exception when requesting votes: java.util.concurrent.ExecutionException: org.apache.ratis.thirdparty.io.grpc.StatusRuntimeException: INTERNAL: s1@group-E264CA5F8311 is not in [RUNNING]: current state is STARTING
2023-08-18 03:37:37,824 [grpc-default-executor-0] INFO  server.RaftServer$Division (RaftServerImpl.java:requestVote(1344)) - s2@group-E264CA5F8311: receive requestVote(PRE_VOTE, s0, group-E264CA5F8311, 1, (t:1, i:255))
2023-08-18 03:37:37,824 [grpc-default-executor-0] WARN  server.GrpcServerProtocolService (LogUtils.java:warn(122)) - s2: Failed requestVote s0->s2#0: org.apache.ratis.protocol.exceptions.ServerNotReadyException: s2@group-E264CA5F8311 is not in [RUNNING]: current state is STARTING
2023-08-18 03:37:37,824 [s0-server-thread1] INFO  server.RaftServer$Division (RaftServerImpl.java:setConfigurationAsync(1238)) - s0@group-E264CA5F8311: receive setConfiguration SetConfigurationRequest:client-255CF6B0DA3F->s0@group-E264CA5F8311, cid=386, seq=0, RW, null, SET_UNCONDITIONALLY, servers:[s1|rpc:0.0.0.0:34459|dataStream:|priority:0|startupRole:FOLLOWER, s2|rpc:0.0.0.0:43137|dataStream:|priority:0|startupRole:FOLLOWER, s0|rpc:localhost:39295|admin:localhost:44843|client:localhost:40991|dataStream:localhost:40677|priority:0|startupRole:FOLLOWER], listeners:[]
2023-08-18 03:37:37,824 [s0@group-E264CA5F8311-LeaderElection377] INFO  impl.LeaderElection (LogUtils.java:infoOrTrace(137)) - s0@group-E264CA5F8311-LeaderElection377 got exception when requesting votes: java.util.concurrent.ExecutionException: org.apache.ratis.thirdparty.io.grpc.StatusRuntimeException: INTERNAL: s2@group-E264CA5F8311 is not in [RUNNING]: current state is STARTING
2023-08-18 03:37:37,824 [s0@group-E264CA5F8311-LeaderElection377] INFO  impl.LeaderElection (LeaderElection.java:logAndReturn(89)) - s0@group-E264CA5F8311-LeaderElection377: PRE_VOTE REJECTED received 0 response(s) and 2 exception(s):
2023-08-18 03:37:37,824 [s0@group-E264CA5F8311-LeaderElection377] INFO  impl.LeaderElection (LogUtils.java:infoOrTrace(137)) -   Exception 0: java.util.concurrent.ExecutionException: org.apache.ratis.thirdparty.io.grpc.StatusRuntimeException: INTERNAL: s1@group-E264CA5F8311 is not in [RUNNING]: current state is STARTING
2023-08-18 03:37:37,824 [s0@group-E264CA5F8311-LeaderElection377] INFO  impl.LeaderElection (LogUtils.java:infoOrTrace(137)) -   Exception 1: java.util.concurrent.ExecutionException: org.apache.ratis.thirdparty.io.grpc.StatusRuntimeException: INTERNAL: s2@group-E264CA5F8311 is not in [RUNNING]: current state is STARTING
2023-08-18 03:37:37,824 [s0@group-E264CA5F8311-LeaderElection377] INFO  impl.LeaderElection (LeaderElection.java:askForVotes(322)) - s0@group-E264CA5F8311-LeaderElection377 PRE_VOTE round 0: result REJECTED
2023-08-18 03:37:37,824 [s0@group-E264CA5F8311-LeaderElection377] INFO  server.RaftServer$Division (RaftServerImpl.java:setRole(371)) - s0@group-E264CA5F8311: changes role from CANDIDATE to FOLLOWER at term 1 for REJECTED
2023-08-18 03:37:37,824 [s0@group-E264CA5F8311-LeaderElection377] INFO  impl.RoleInfo (RoleInfo.java:shutdownLeaderElection(129)) - s0: shutdown s0@group-E264CA5F8311-LeaderElection377
2023-08-18 03:37:37,824 [s0@group-E264CA5F8311-LeaderElection377] INFO  impl.RoleInfo (RoleInfo.java:updateAndGet(138)) - s0: start s0@group-E264CA5F8311-FollowerState
2023-08-18 03:37:37,927 [s2-server-thread1] INFO  server.RaftServer$Division (RaftServerImpl.java:setConfigurationAsync(1238)) - s2@group-E264CA5F8311: receive setConfiguration SetConfigurationRequest:client-255CF6B0DA3F->s2@group-E264CA5F8311, cid=386, seq=0, RW, null, SET_UNCONDITIONALLY, servers:[s1|rpc:0.0.0.0:34459|dataStream:|priority:0|startupRole:FOLLOWER, s2|rpc:0.0.0.0:43137|dataStream:|priority:0|startupRole:FOLLOWER, s0|rpc:localhost:39295|admin:localhost:44843|client:localhost:40991|dataStream:localhost:40677|priority:0|startupRole:FOLLOWER], listeners:[]
2023-08-18 03:37:38,010 [s0@group-E264CA5F8311-FollowerState] INFO  impl.FollowerState (FollowerState.java:run(143)) - s0@group-E264CA5F8311-FollowerState: change to CANDIDATE, lastRpcElapsedTime:185318798ns, electionTimeout:185ms
2023-08-18 03:37:38,010 [s0@group-E264CA5F8311-FollowerState] INFO  impl.RoleInfo (RoleInfo.java:shutdownFollowerState(109)) - s0: shutdown s0@group-E264CA5F8311-FollowerState
2023-08-18 03:37:38,010 [s0@group-E264CA5F8311-FollowerState] INFO  server.RaftServer$Division (RaftServerImpl.java:setRole(371)) - s0@group-E264CA5F8311: changes role from  FOLLOWER to CANDIDATE at term 1 for changeToCandidate
2023-08-18 03:37:38,010 [s0@group-E264CA5F8311-FollowerState] INFO  impl.SimpleStateMachine4Testing (SimpleStateMachine4Testing.java:notifyExtendedNoLeader(411)) - StateMachineWithMultiNestedSnapshotFile:s0:group-E264CA5F8311: notifyExtendedNoLeader group-E264CA5F8311, self {
  id: "s0"
  address: "localhost:39295"
  dataStreamAddress: "localhost:40677"
  clientAddress: "localhost:40991"
  adminAddress: "localhost:44843"
  startupRole: FOLLOWER
}
role: CANDIDATE
candidateInfo {
  lastLeaderElapsedTimeMs: 96293
}

2023-08-18 03:37:38,010 [s0@group-E264CA5F8311-FollowerState] INFO  server.RaftServerConfigKeys (ConfUtils.java:logGet(46)) - raft.server.leaderelection.pre-vote = true (default)
2023-08-18 03:37:38,010 [s0@group-E264CA5F8311-FollowerState] INFO  impl.RoleInfo (RoleInfo.java:updateAndGet(138)) - s0: start s0@group-E264CA5F8311-LeaderElection378
2023-08-18 03:37:38,011 [s0@group-E264CA5F8311-LeaderElection378] INFO  impl.LeaderElection (LeaderElection.java:askForVotes(320)) - s0@group-E264CA5F8311-LeaderElection378 PRE_VOTE round 0: submit vote requests at term 1 for 255: peers:[s0|rpc:localhost:39295|admin:localhost:44843|client:localhost:40991|dataStream:localhost:40677|priority:0|startupRole:FOLLOWER, s1|rpc:0.0.0.0:34459|dataStream:|priority:0|startupRole:FOLLOWER, s2|rpc:0.0.0.0:43137|dataStream:|priority:0|startupRole:FOLLOWER]|listeners:[], old=peers:[s0|rpc:localhost:39295|admin:localhost:44843|client:localhost:40991|dataStream:localhost:40677|priority:0|startupRole:FOLLOWER]|listeners:[]
2023-08-18 03:37:38,011 [grpc-default-executor-3] INFO  server.RaftServer$Division (RaftServerImpl.java:requestVote(1344)) - s2@group-E264CA5F8311: receive requestVote(PRE_VOTE, s0, group-E264CA5F8311, 1, (t:1, i:255))
2023-08-18 03:37:38,011 [grpc-default-executor-0] INFO  server.RaftServer$Division (RaftServerImpl.java:requestVote(1344)) - s1@group-E264CA5F8311: receive requestVote(PRE_VOTE, s0, group-E264CA5F8311, 1, (t:1, i:255))
2023-08-18 03:37:38,011 [grpc-default-executor-3] WARN  server.GrpcServerProtocolService (LogUtils.java:warn(122)) - s2: Failed requestVote s0->s2#0: org.apache.ratis.protocol.exceptions.ServerNotReadyException: s2@group-E264CA5F8311 is not in [RUNNING]: current state is STARTING
2023-08-18 03:37:38,012 [grpc-default-executor-0] WARN  server.GrpcServerProtocolService (LogUtils.java:warn(122)) - s1: Failed requestVote s0->s1#0: org.apache.ratis.protocol.exceptions.ServerNotReadyException: s1@group-E264CA5F8311 is not in [RUNNING]: current state is STARTING
2023-08-18 03:37:38,012 [s0@group-E264CA5F8311-LeaderElection378] INFO  impl.LeaderElection (LogUtils.java:infoOrTrace(137)) - s0@group-E264CA5F8311-LeaderElection378 got exception when requesting votes: java.util.concurrent.ExecutionException: org.apache.ratis.thirdparty.io.grpc.StatusRuntimeException: INTERNAL: s1@group-E264CA5F8311 is not in [RUNNING]: current state is STARTING
2023-08-18 03:37:38,012 [s0@group-E264CA5F8311-LeaderElection378] INFO  impl.LeaderElection (LogUtils.java:infoOrTrace(137)) - s0@group-E264CA5F8311-LeaderElection378 got exception when requesting votes: java.util.concurrent.ExecutionException: org.apache.ratis.thirdparty.io.grpc.StatusRuntimeException: INTERNAL: s2@group-E264CA5F8311 is not in [RUNNING]: current state is STARTING
2023-08-18 03:37:38,012 [s0@group-E264CA5F8311-LeaderElection378] INFO  impl.LeaderElection (LeaderElection.java:logAndReturn(89)) - s0@group-E264CA5F8311-LeaderElection378: PRE_VOTE REJECTED received 0 response(s) and 2 exception(s):
2023-08-18 03:37:38,012 [s0@group-E264CA5F8311-LeaderElection378] INFO  impl.LeaderElection (LogUtils.java:infoOrTrace(137)) -   Exception 0: java.util.concurrent.ExecutionException: org.apache.ratis.thirdparty.io.grpc.StatusRuntimeException: INTERNAL: s1@group-E264CA5F8311 is not in [RUNNING]: current state is STARTING
2023-08-18 03:37:38,012 [s0@group-E264CA5F8311-LeaderElection378] INFO  impl.LeaderElection (LogUtils.java:infoOrTrace(137)) -   Exception 1: java.util.concurrent.ExecutionException: org.apache.ratis.thirdparty.io.grpc.StatusRuntimeException: INTERNAL: s2@group-E264CA5F8311 is not in [RUNNING]: current state is STARTING
2023-08-18 03:37:38,012 [s0@group-E264CA5F8311-LeaderElection378] INFO  impl.LeaderElection (LeaderElection.java:askForVotes(322)) - s0@group-E264CA5F8311-LeaderElection378 PRE_VOTE round 0: result REJECTED
2023-08-18 03:37:38,012 [s0@group-E264CA5F8311-LeaderElection378] INFO  server.RaftServer$Division (RaftServerImpl.java:setRole(371)) - s0@group-E264CA5F8311: changes role from CANDIDATE to FOLLOWER at term 1 for REJECTED
2023-08-18 03:37:38,012 [s0@group-E264CA5F8311-LeaderElection378] INFO  impl.RoleInfo (RoleInfo.java:shutdownLeaderElection(129)) - s0: shutdown s0@group-E264CA5F8311-LeaderElection378
2023-08-18 03:37:38,012 [s0@group-E264CA5F8311-LeaderElection378] INFO  impl.RoleInfo (RoleInfo.java:updateAndGet(138)) - s0: start s0@group-E264CA5F8311-FollowerState
2023-08-18 03:37:38,030 [s1-server-thread1] INFO  server.RaftServer$Division (RaftServerImpl.java:setConfigurationAsync(1238)) - s1@group-E264CA5F8311: receive setConfiguration SetConfigurationRequest:client-255CF6B0DA3F->s1@group-E264CA5F8311, cid=386, seq=0, RW, null, SET_UNCONDITIONALLY, servers:[s1|rpc:0.0.0.0:34459|dataStream:|priority:0|startupRole:FOLLOWER, s2|rpc:0.0.0.0:43137|dataStream:|priority:0|startupRole:FOLLOWER, s0|rpc:localhost:39295|admin:localhost:44843|client:localhost:40991|dataStream:localhost:40677|priority:0|startupRole:FOLLOWER], listeners:[]
2023-08-18 03:37:38,134 [s2-server-thread1] INFO  server.RaftServer$Division (RaftServerImpl.java:setConfigurationAsync(1238)) - s2@group-E264CA5F8311: receive setConfiguration SetConfigurationRequest:client-255CF6B0DA3F->s2@group-E264CA5F8311, cid=386, seq=0, RW, null, SET_UNCONDITIONALLY, servers:[s1|rpc:0.0.0.0:34459|dataStream:|priority:0|startupRole:FOLLOWER, s2|rpc:0.0.0.0:43137|dataStream:|priority:0|startupRole:FOLLOWER, s0|rpc:localhost:39295|admin:localhost:44843|client:localhost:40991|dataStream:localhost:40677|priority:0|startupRole:FOLLOWER], listeners:[]
2023-08-18 03:37:38,213 [s0@group-E264CA5F8311-FollowerState] INFO  impl.FollowerState (FollowerState.java:run(143)) - s0@group-E264CA5F8311-FollowerState: change to CANDIDATE, lastRpcElapsedTime:201260786ns, electionTimeout:201ms
2023-08-18 03:37:38,214 [s0@group-E264CA5F8311-FollowerState] INFO  impl.RoleInfo (RoleInfo.java:shutdownFollowerState(109)) - s0: shutdown s0@group-E264CA5F8311-FollowerState
2023-08-18 03:37:38,214 [s0@group-E264CA5F8311-FollowerState] INFO  server.RaftServer$Division (RaftServerImpl.java:setRole(371)) - s0@group-E264CA5F8311: changes role from  FOLLOWER to CANDIDATE at term 1 for changeToCandidate
2023-08-18 03:37:38,214 [s0@group-E264CA5F8311-FollowerState] INFO  impl.SimpleStateMachine4Testing (SimpleStateMachine4Testing.java:notifyExtendedNoLeader(411)) - StateMachineWithMultiNestedSnapshotFile:s0:group-E264CA5F8311: notifyExtendedNoLeader group-E264CA5F8311, self {
  id: "s0"
  address: "localhost:39295"
  dataStreamAddress: "localhost:40677"
  clientAddress: "localhost:40991"
  adminAddress: "localhost:44843"
  startupRole: FOLLOWER
}
role: CANDIDATE
candidateInfo {
  lastLeaderElapsedTimeMs: 96497
}

2023-08-18 03:37:38,214 [s0@group-E264CA5F8311-FollowerState] INFO  server.RaftServerConfigKeys (ConfUtils.java:logGet(46)) - raft.server.leaderelection.pre-vote = true (default)
2023-08-18 03:37:38,214 [s0@group-E264CA5F8311-FollowerState] INFO  impl.RoleInfo (RoleInfo.java:updateAndGet(138)) - s0: start s0@group-E264CA5F8311-LeaderElection379
2023-08-18 03:37:38,214 [s0@group-E264CA5F8311-LeaderElection379] INFO  impl.LeaderElection (LeaderElection.java:askForVotes(320)) - s0@group-E264CA5F8311-LeaderElection379 PRE_VOTE round 0: submit vote requests at term 1 for 255: peers:[s0|rpc:localhost:39295|admin:localhost:44843|client:localhost:40991|dataStream:localhost:40677|priority:0|startupRole:FOLLOWER, s1|rpc:0.0.0.0:34459|dataStream:|priority:0|startupRole:FOLLOWER, s2|rpc:0.0.0.0:43137|dataStream:|priority:0|startupRole:FOLLOWER]|listeners:[], old=peers:[s0|rpc:localhost:39295|admin:localhost:44843|client:localhost:40991|dataStream:localhost:40677|priority:0|startupRole:FOLLOWER]|listeners:[]
2023-08-18 03:37:38,215 [grpc-default-executor-0] INFO  server.RaftServer$Division (RaftServerImpl.java:requestVote(1344)) - s1@group-E264CA5F8311: receive requestVote(PRE_VOTE, s0, group-E264CA5F8311, 1, (t:1, i:255))
2023-08-18 03:37:38,215 [grpc-default-executor-0] WARN  server.GrpcServerProtocolService (LogUtils.java:warn(122)) - s1: Failed requestVote s0->s1#0: org.apache.ratis.protocol.exceptions.ServerNotReadyException: s1@group-E264CA5F8311 is not in [RUNNING]: current state is STARTING
2023-08-18 03:37:38,215 [grpc-default-executor-0] INFO  server.RaftServer$Division (RaftServerImpl.java:requestVote(1344)) - s2@group-E264CA5F8311: receive requestVote(PRE_VOTE, s0, group-E264CA5F8311, 1, (t:1, i:255))
2023-08-18 03:37:38,215 [grpc-default-executor-0] WARN  server.GrpcServerProtocolService (LogUtils.java:warn(122)) - s2: Failed requestVote s0->s2#0: org.apache.ratis.protocol.exceptions.ServerNotReadyException: s2@group-E264CA5F8311 is not in [RUNNING]: current state is STARTING
2023-08-18 03:37:38,216 [s0@group-E264CA5F8311-LeaderElection379] INFO  impl.LeaderElection (LogUtils.java:infoOrTrace(137)) - s0@group-E264CA5F8311-LeaderElection379 got exception when requesting votes: java.util.concurrent.ExecutionException: org.apache.ratis.thirdparty.io.grpc.StatusRuntimeException: INTERNAL: s2@group-E264CA5F8311 is not in [RUNNING]: current state is STARTING
2023-08-18 03:37:38,216 [s0@group-E264CA5F8311-LeaderElection379] INFO  impl.LeaderElection (LogUtils.java:infoOrTrace(137)) - s0@group-E264CA5F8311-LeaderElection379 got exception when requesting votes: java.util.concurrent.ExecutionException: org.apache.ratis.thirdparty.io.grpc.StatusRuntimeException: INTERNAL: s1@group-E264CA5F8311 is not in [RUNNING]: current state is STARTING
2023-08-18 03:37:38,216 [s0@group-E264CA5F8311-LeaderElection379] INFO  impl.LeaderElection (LeaderElection.java:logAndReturn(89)) - s0@group-E264CA5F8311-LeaderElection379: PRE_VOTE REJECTED received 0 response(s) and 2 exception(s):
2023-08-18 03:37:38,216 [s0@group-E264CA5F8311-LeaderElection379] INFO  impl.LeaderElection (LogUtils.java:infoOrTrace(137)) -   Exception 0: java.util.concurrent.ExecutionException: org.apache.ratis.thirdparty.io.grpc.StatusRuntimeException: INTERNAL: s2@group-E264CA5F8311 is not in [RUNNING]: current state is STARTING
2023-08-18 03:37:38,216 [s0@group-E264CA5F8311-LeaderElection379] INFO  impl.LeaderElection (LogUtils.java:infoOrTrace(137)) -   Exception 1: java.util.concurrent.ExecutionException: org.apache.ratis.thirdparty.io.grpc.StatusRuntimeException: INTERNAL: s1@group-E264CA5F8311 is not in [RUNNING]: current state is STARTING
2023-08-18 03:37:38,216 [s0@group-E264CA5F8311-LeaderElection379] INFO  impl.LeaderElection (LeaderElection.java:askForVotes(322)) - s0@group-E264CA5F8311-LeaderElection379 PRE_VOTE round 0: result REJECTED
2023-08-18 03:37:38,216 [s0@group-E264CA5F8311-LeaderElection379] INFO  server.RaftServer$Division (RaftServerImpl.java:setRole(371)) - s0@group-E264CA5F8311: changes role from CANDIDATE to FOLLOWER at term 1 for REJECTED
2023-08-18 03:37:38,216 [s0@group-E264CA5F8311-LeaderElection379] INFO  impl.RoleInfo (RoleInfo.java:shutdownLeaderElection(129)) - s0: shutdown s0@group-E264CA5F8311-LeaderElection379
2023-08-18 03:37:38,216 [s0@group-E264CA5F8311-LeaderElection379] INFO  impl.RoleInfo (RoleInfo.java:updateAndGet(138)) - s0: start s0@group-E264CA5F8311-FollowerState
2023-08-18 03:37:38,239 [s1-server-thread1] INFO  server.RaftServer$Division (RaftServerImpl.java:setConfigurationAsync(1238)) - s1@group-E264CA5F8311: receive setConfiguration SetConfigurationRequest:client-255CF6B0DA3F->s1@group-E264CA5F8311, cid=386, seq=0, RW, null, SET_UNCONDITIONALLY, servers:[s1|rpc:0.0.0.0:34459|dataStream:|priority:0|startupRole:FOLLOWER, s2|rpc:0.0.0.0:43137|dataStream:|priority:0|startupRole:FOLLOWER, s0|rpc:localhost:39295|admin:localhost:44843|client:localhost:40991|dataStream:localhost:40677|priority:0|startupRole:FOLLOWER], listeners:[]
2023-08-18 03:37:38,343 [s0-server-thread1] INFO  server.RaftServer$Division (RaftServerImpl.java:setConfigurationAsync(1238)) - s0@group-E264CA5F8311: receive setConfiguration SetConfigurationRequest:client-255CF6B0DA3F->s0@group-E264CA5F8311, cid=386, seq=0, RW, null, SET_UNCONDITIONALLY, servers:[s1|rpc:0.0.0.0:34459|dataStream:|priority:0|startupRole:FOLLOWER, s2|rpc:0.0.0.0:43137|dataStream:|priority:0|startupRole:FOLLOWER, s0|rpc:localhost:39295|admin:localhost:44843|client:localhost:40991|dataStream:localhost:40677|priority:0|startupRole:FOLLOWER], listeners:[]
2023-08-18 03:37:38,446 [s2-server-thread1] INFO  server.RaftServer$Division (RaftServerImpl.java:setConfigurationAsync(1238)) - s2@group-E264CA5F8311: receive setConfiguration SetConfigurationRequest:client-255CF6B0DA3F->s2@group-E264CA5F8311, cid=386, seq=0, RW, null, SET_UNCONDITIONALLY, servers:[s1|rpc:0.0.0.0:34459|dataStream:|priority:0|startupRole:FOLLOWER, s2|rpc:0.0.0.0:43137|dataStream:|priority:0|startupRole:FOLLOWER, s0|rpc:localhost:39295|admin:localhost:44843|client:localhost:40991|dataStream:localhost:40677|priority:0|startupRole:FOLLOWER], listeners:[]
2023-08-18 03:37:38,454 [s0@group-E264CA5F8311-FollowerState] INFO  impl.FollowerState (FollowerState.java:run(143)) - s0@group-E264CA5F8311-FollowerState: change to CANDIDATE, lastRpcElapsedTime:238231027ns, electionTimeout:238ms
2023-08-18 03:37:38,454 [s0@group-E264CA5F8311-FollowerState] INFO  impl.RoleInfo (RoleInfo.java:shutdownFollowerState(109)) - s0: shutdown s0@group-E264CA5F8311-FollowerState
2023-08-18 03:37:38,454 [s0@group-E264CA5F8311-FollowerState] INFO  server.RaftServer$Division (RaftServerImpl.java:setRole(371)) - s0@group-E264CA5F8311: changes role from  FOLLOWER to CANDIDATE at term 1 for changeToCandidate
2023-08-18 03:37:38,454 [s0@group-E264CA5F8311-FollowerState] INFO  impl.SimpleStateMachine4Testing (SimpleStateMachine4Testing.java:notifyExtendedNoLeader(411)) - StateMachineWithMultiNestedSnapshotFile:s0:group-E264CA5F8311: notifyExtendedNoLeader group-E264CA5F8311, self {
  id: "s0"
  address: "localhost:39295"
  dataStreamAddress: "localhost:40677"
  clientAddress: "localhost:40991"
  adminAddress: "localhost:44843"
  startupRole: FOLLOWER
}
role: CANDIDATE
candidateInfo {
  lastLeaderElapsedTimeMs: 96738
}

2023-08-18 03:37:38,454 [s0@group-E264CA5F8311-FollowerState] INFO  server.RaftServerConfigKeys (ConfUtils.java:logGet(46)) - raft.server.leaderelection.pre-vote = true (default)
2023-08-18 03:37:38,454 [s0@group-E264CA5F8311-FollowerState] INFO  impl.RoleInfo (RoleInfo.java:updateAndGet(138)) - s0: start s0@group-E264CA5F8311-LeaderElection380
2023-08-18 03:37:38,455 [s0@group-E264CA5F8311-LeaderElection380] INFO  impl.LeaderElection (LeaderElection.java:askForVotes(320)) - s0@group-E264CA5F8311-LeaderElection380 PRE_VOTE round 0: submit vote requests at term 1 for 255: peers:[s0|rpc:localhost:39295|admin:localhost:44843|client:localhost:40991|dataStream:localhost:40677|priority:0|startupRole:FOLLOWER, s1|rpc:0.0.0.0:34459|dataStream:|priority:0|startupRole:FOLLOWER, s2|rpc:0.0.0.0:43137|dataStream:|priority:0|startupRole:FOLLOWER]|listeners:[], old=peers:[s0|rpc:localhost:39295|admin:localhost:44843|client:localhost:40991|dataStream:localhost:40677|priority:0|startupRole:FOLLOWER]|listeners:[]
2023-08-18 03:37:38,455 [grpc-default-executor-0] INFO  server.RaftServer$Division (RaftServerImpl.java:requestVote(1344)) - s1@group-E264CA5F8311: receive requestVote(PRE_VOTE, s0, group-E264CA5F8311, 1, (t:1, i:255))
2023-08-18 03:37:38,455 [grpc-default-executor-0] WARN  server.GrpcServerProtocolService (LogUtils.java:warn(122)) - s1: Failed requestVote s0->s1#0: org.apache.ratis.protocol.exceptions.ServerNotReadyException: s1@group-E264CA5F8311 is not in [RUNNING]: current state is STARTING
2023-08-18 03:37:38,456 [grpc-default-executor-0] INFO  server.RaftServer$Division (RaftServerImpl.java:requestVote(1344)) - s2@group-E264CA5F8311: receive requestVote(PRE_VOTE, s0, group-E264CA5F8311, 1, (t:1, i:255))
2023-08-18 03:37:38,456 [grpc-default-executor-0] WARN  server.GrpcServerProtocolService (LogUtils.java:warn(122)) - s2: Failed requestVote s0->s2#0: org.apache.ratis.protocol.exceptions.ServerNotReadyException: s2@group-E264CA5F8311 is not in [RUNNING]: current state is STARTING
2023-08-18 03:37:38,456 [s0@group-E264CA5F8311-LeaderElection380] INFO  impl.LeaderElection (LogUtils.java:infoOrTrace(137)) - s0@group-E264CA5F8311-LeaderElection380 got exception when requesting votes: java.util.concurrent.ExecutionException: org.apache.ratis.thirdparty.io.grpc.StatusRuntimeException: INTERNAL: s1@group-E264CA5F8311 is not in [RUNNING]: current state is STARTING
2023-08-18 03:37:38,456 [s0@group-E264CA5F8311-LeaderElection380] INFO  impl.LeaderElection (LogUtils.java:infoOrTrace(137)) - s0@group-E264CA5F8311-LeaderElection380 got exception when requesting votes: java.util.concurrent.ExecutionException: org.apache.ratis.thirdparty.io.grpc.StatusRuntimeException: INTERNAL: s2@group-E264CA5F8311 is not in [RUNNING]: current state is STARTING
2023-08-18 03:37:38,456 [s0@group-E264CA5F8311-LeaderElection380] INFO  impl.LeaderElection (LeaderElection.java:logAndReturn(89)) - s0@group-E264CA5F8311-LeaderElection380: PRE_VOTE REJECTED received 0 response(s) and 2 exception(s):
2023-08-18 03:37:38,456 [s0@group-E264CA5F8311-LeaderElection380] INFO  impl.LeaderElection (LogUtils.java:infoOrTrace(137)) -   Exception 0: java.util.concurrent.ExecutionException: org.apache.ratis.thirdparty.io.grpc.StatusRuntimeException: INTERNAL: s1@group-E264CA5F8311 is not in [RUNNING]: current state is STARTING
2023-08-18 03:37:38,456 [s0@group-E264CA5F8311-LeaderElection380] INFO  impl.LeaderElection (LogUtils.java:infoOrTrace(137)) -   Exception 1: java.util.concurrent.ExecutionException: org.apache.ratis.thirdparty.io.grpc.StatusRuntimeException: INTERNAL: s2@group-E264CA5F8311 is not in [RUNNING]: current state is STARTING
2023-08-18 03:37:38,456 [s0@group-E264CA5F8311-LeaderElection380] INFO  impl.LeaderElection (LeaderElection.java:askForVotes(322)) - s0@group-E264CA5F8311-LeaderElection380 PRE_VOTE round 0: result REJECTED
2023-08-18 03:37:38,456 [s0@group-E264CA5F8311-LeaderElection380] INFO  server.RaftServer$Division (RaftServerImpl.java:setRole(371)) - s0@group-E264CA5F8311: changes role from CANDIDATE to FOLLOWER at term 1 for REJECTED
2023-08-18 03:37:38,456 [s0@group-E264CA5F8311-LeaderElection380] INFO  impl.RoleInfo (RoleInfo.java:shutdownLeaderElection(129)) - s0: shutdown s0@group-E264CA5F8311-LeaderElection380
2023-08-18 03:37:38,456 [s0@group-E264CA5F8311-LeaderElection380] INFO  impl.RoleInfo (RoleInfo.java:updateAndGet(138)) - s0: start s0@group-E264CA5F8311-FollowerState
2023-08-18 03:37:38,549 [s0-server-thread1] INFO  server.RaftServer$Division (RaftServerImpl.java:setConfigurationAsync(1238)) - s0@group-E264CA5F8311: receive setConfiguration SetConfigurationRequest:client-255CF6B0DA3F->s0@group-E264CA5F8311, cid=386, seq=0, RW, null, SET_UNCONDITIONALLY, servers:[s1|rpc:0.0.0.0:34459|dataStream:|priority:0|startupRole:FOLLOWER, s2|rpc:0.0.0.0:43137|dataStream:|priority:0|startupRole:FOLLOWER, s0|rpc:localhost:39295|admin:localhost:44843|client:localhost:40991|dataStream:localhost:40677|priority:0|startupRole:FOLLOWER], listeners:[]
2023-08-18 03:37:38,652 [s1-server-thread1] INFO  server.RaftServer$Division (RaftServerImpl.java:setConfigurationAsync(1238)) - s1@group-E264CA5F8311: receive setConfiguration SetConfigurationRequest:client-255CF6B0DA3F->s1@group-E264CA5F8311, cid=386, seq=0, RW, null, SET_UNCONDITIONALLY, servers:[s1|rpc:0.0.0.0:34459|dataStream:|priority:0|startupRole:FOLLOWER, s2|rpc:0.0.0.0:43137|dataStream:|priority:0|startupRole:FOLLOWER, s0|rpc:localhost:39295|admin:localhost:44843|client:localhost:40991|dataStream:localhost:40677|priority:0|startupRole:FOLLOWER], listeners:[]
2023-08-18 03:37:38,714 [s0@group-E264CA5F8311-FollowerState] INFO  impl.FollowerState (FollowerState.java:run(143)) - s0@group-E264CA5F8311-FollowerState: change to CANDIDATE, lastRpcElapsedTime:258230387ns, electionTimeout:258ms
2023-08-18 03:37:38,715 [s0@group-E264CA5F8311-FollowerState] INFO  impl.RoleInfo (RoleInfo.java:shutdownFollowerState(109)) - s0: shutdown s0@group-E264CA5F8311-FollowerState
2023-08-18 03:37:38,715 [s0@group-E264CA5F8311-FollowerState] INFO  server.RaftServer$Division (RaftServerImpl.java:setRole(371)) - s0@group-E264CA5F8311: changes role from  FOLLOWER to CANDIDATE at term 1 for changeToCandidate
2023-08-18 03:37:38,715 [s0@group-E264CA5F8311-FollowerState] INFO  impl.SimpleStateMachine4Testing (SimpleStateMachine4Testing.java:notifyExtendedNoLeader(411)) - StateMachineWithMultiNestedSnapshotFile:s0:group-E264CA5F8311: notifyExtendedNoLeader group-E264CA5F8311, self {
  id: "s0"
  address: "localhost:39295"
  dataStreamAddress: "localhost:40677"
  clientAddress: "localhost:40991"
  adminAddress: "localhost:44843"
  startupRole: FOLLOWER
}
role: CANDIDATE
candidateInfo {
  lastLeaderElapsedTimeMs: 96998
}

2023-08-18 03:37:38,715 [s0@group-E264CA5F8311-FollowerState] INFO  server.RaftServerConfigKeys (ConfUtils.java:logGet(46)) - raft.server.leaderelection.pre-vote = true (default)
2023-08-18 03:37:38,715 [s0@group-E264CA5F8311-FollowerState] INFO  impl.RoleInfo (RoleInfo.java:updateAndGet(138)) - s0: start s0@group-E264CA5F8311-LeaderElection381
2023-08-18 03:37:38,715 [s0@group-E264CA5F8311-LeaderElection381] INFO  impl.LeaderElection (LeaderElection.java:askForVotes(320)) - s0@group-E264CA5F8311-LeaderElection381 PRE_VOTE round 0: submit vote requests at term 1 for 255: peers:[s0|rpc:localhost:39295|admin:localhost:44843|client:localhost:40991|dataStream:localhost:40677|priority:0|startupRole:FOLLOWER, s1|rpc:0.0.0.0:34459|dataStream:|priority:0|startupRole:FOLLOWER, s2|rpc:0.0.0.0:43137|dataStream:|priority:0|startupRole:FOLLOWER]|listeners:[], old=peers:[s0|rpc:localhost:39295|admin:localhost:44843|client:localhost:40991|dataStream:localhost:40677|priority:0|startupRole:FOLLOWER]|listeners:[]
2023-08-18 03:37:38,716 [grpc-default-executor-0] INFO  server.RaftServer$Division (RaftServerImpl.java:requestVote(1344)) - s2@group-E264CA5F8311: receive requestVote(PRE_VOTE, s0, group-E264CA5F8311, 1, (t:1, i:255))
2023-08-18 03:37:38,716 [grpc-default-executor-0] WARN  server.GrpcServerProtocolService (LogUtils.java:warn(122)) - s2: Failed requestVote s0->s2#0: org.apache.ratis.protocol.exceptions.ServerNotReadyException: s2@group-E264CA5F8311 is not in [RUNNING]: current state is STARTING
2023-08-18 03:37:38,718 [grpc-default-executor-0] INFO  server.RaftServer$Division (RaftServerImpl.java:requestVote(1344)) - s1@group-E264CA5F8311: receive requestVote(PRE_VOTE, s0, group-E264CA5F8311, 1, (t:1, i:255))
2023-08-18 03:37:38,718 [grpc-default-executor-0] WARN  server.GrpcServerProtocolService (LogUtils.java:warn(122)) - s1: Failed requestVote s0->s1#0: org.apache.ratis.protocol.exceptions.ServerNotReadyException: s1@group-E264CA5F8311 is not in [RUNNING]: current state is STARTING
2023-08-18 03:37:38,718 [s0@group-E264CA5F8311-LeaderElection381] INFO  impl.LeaderElection (LogUtils.java:infoOrTrace(137)) - s0@group-E264CA5F8311-LeaderElection381 got exception when requesting votes: java.util.concurrent.ExecutionException: org.apache.ratis.thirdparty.io.grpc.StatusRuntimeException: INTERNAL: s1@group-E264CA5F8311 is not in [RUNNING]: current state is STARTING
2023-08-18 03:37:38,718 [s0@group-E264CA5F8311-LeaderElection381] INFO  impl.LeaderElection (LogUtils.java:infoOrTrace(137)) - s0@group-E264CA5F8311-LeaderElection381 got exception when requesting votes: java.util.concurrent.ExecutionException: org.apache.ratis.thirdparty.io.grpc.StatusRuntimeException: INTERNAL: s2@group-E264CA5F8311 is not in [RUNNING]: current state is STARTING
2023-08-18 03:37:38,718 [s0@group-E264CA5F8311-LeaderElection381] INFO  impl.LeaderElection (LeaderElection.java:logAndReturn(89)) - s0@group-E264CA5F8311-LeaderElection381: PRE_VOTE REJECTED received 0 response(s) and 2 exception(s):
2023-08-18 03:37:38,718 [s0@group-E264CA5F8311-LeaderElection381] INFO  impl.LeaderElection (LogUtils.java:infoOrTrace(137)) -   Exception 0: java.util.concurrent.ExecutionException: org.apache.ratis.thirdparty.io.grpc.StatusRuntimeException: INTERNAL: s1@group-E264CA5F8311 is not in [RUNNING]: current state is STARTING
2023-08-18 03:37:38,718 [s0@group-E264CA5F8311-LeaderElection381] INFO  impl.LeaderElection (LogUtils.java:infoOrTrace(137)) -   Exception 1: java.util.concurrent.ExecutionException: org.apache.ratis.thirdparty.io.grpc.StatusRuntimeException: INTERNAL: s2@group-E264CA5F8311 is not in [RUNNING]: current state is STARTING
2023-08-18 03:37:38,718 [s0@group-E264CA5F8311-LeaderElection381] INFO  impl.LeaderElection (LeaderElection.java:askForVotes(322)) - s0@group-E264CA5F8311-LeaderElection381 PRE_VOTE round 0: result REJECTED
2023-08-18 03:37:38,718 [s0@group-E264CA5F8311-LeaderElection381] INFO  server.RaftServer$Division (RaftServerImpl.java:setRole(371)) - s0@group-E264CA5F8311: changes role from CANDIDATE to FOLLOWER at term 1 for REJECTED
2023-08-18 03:37:38,718 [s0@group-E264CA5F8311-LeaderElection381] INFO  impl.RoleInfo (RoleInfo.java:shutdownLeaderElection(129)) - s0: shutdown s0@group-E264CA5F8311-LeaderElection381
2023-08-18 03:37:38,718 [s0@group-E264CA5F8311-LeaderElection381] INFO  impl.RoleInfo (RoleInfo.java:updateAndGet(138)) - s0: start s0@group-E264CA5F8311-FollowerState
2023-08-18 03:37:38,756 [s0-server-thread1] INFO  server.RaftServer$Division (RaftServerImpl.java:setConfigurationAsync(1238)) - s0@group-E264CA5F8311: receive setConfiguration SetConfigurationRequest:client-255CF6B0DA3F->s0@group-E264CA5F8311, cid=386, seq=0, RW, null, SET_UNCONDITIONALLY, servers:[s1|rpc:0.0.0.0:34459|dataStream:|priority:0|startupRole:FOLLOWER, s2|rpc:0.0.0.0:43137|dataStream:|priority:0|startupRole:FOLLOWER, s0|rpc:localhost:39295|admin:localhost:44843|client:localhost:40991|dataStream:localhost:40677|priority:0|startupRole:FOLLOWER], listeners:[]
2023-08-18 03:37:38,859 [s1-server-thread1] INFO  server.RaftServer$Division (RaftServerImpl.java:setConfigurationAsync(1238)) - s1@group-E264CA5F8311: receive setConfiguration SetConfigurationRequest:client-255CF6B0DA3F->s1@group-E264CA5F8311, cid=386, seq=0, RW, null, SET_UNCONDITIONALLY, servers:[s1|rpc:0.0.0.0:34459|dataStream:|priority:0|startupRole:FOLLOWER, s2|rpc:0.0.0.0:43137|dataStream:|priority:0|startupRole:FOLLOWER, s0|rpc:localhost:39295|admin:localhost:44843|client:localhost:40991|dataStream:localhost:40677|priority:0|startupRole:FOLLOWER], listeners:[]
2023-08-18 03:37:38,956 [s0@group-E264CA5F8311-FollowerState] INFO  impl.FollowerState (FollowerState.java:run(143)) - s0@group-E264CA5F8311-FollowerState: change to CANDIDATE, lastRpcElapsedTime:237387833ns, electionTimeout:237ms
2023-08-18 03:37:38,956 [s0@group-E264CA5F8311-FollowerState] INFO  impl.RoleInfo (RoleInfo.java:shutdownFollowerState(109)) - s0: shutdown s0@group-E264CA5F8311-FollowerState
2023-08-18 03:37:38,956 [s0@group-E264CA5F8311-FollowerState] INFO  server.RaftServer$Division (RaftServerImpl.java:setRole(371)) - s0@group-E264CA5F8311: changes role from  FOLLOWER to CANDIDATE at term 1 for changeToCandidate
2023-08-18 03:37:38,956 [s0@group-E264CA5F8311-FollowerState] INFO  impl.SimpleStateMachine4Testing (SimpleStateMachine4Testing.java:notifyExtendedNoLeader(411)) - StateMachineWithMultiNestedSnapshotFile:s0:group-E264CA5F8311: notifyExtendedNoLeader group-E264CA5F8311, self {
  id: "s0"
  address: "localhost:39295"
  dataStreamAddress: "localhost:40677"
  clientAddress: "localhost:40991"
  adminAddress: "localhost:44843"
  startupRole: FOLLOWER
}
role: CANDIDATE
candidateInfo {
  lastLeaderElapsedTimeMs: 97240
}

2023-08-18 03:37:38,956 [s0@group-E264CA5F8311-FollowerState] INFO  server.RaftServerConfigKeys (ConfUtils.java:logGet(46)) - raft.server.leaderelection.pre-vote = true (default)
2023-08-18 03:37:38,956 [s0@group-E264CA5F8311-FollowerState] INFO  impl.RoleInfo (RoleInfo.java:updateAndGet(138)) - s0: start s0@group-E264CA5F8311-LeaderElection382
2023-08-18 03:37:38,956 [s0@group-E264CA5F8311-LeaderElection382] INFO  impl.LeaderElection (LeaderElection.java:askForVotes(320)) - s0@group-E264CA5F8311-LeaderElection382 PRE_VOTE round 0: submit vote requests at term 1 for 255: peers:[s0|rpc:localhost:39295|admin:localhost:44843|client:localhost:40991|dataStream:localhost:40677|priority:0|startupRole:FOLLOWER, s1|rpc:0.0.0.0:34459|dataStream:|priority:0|startupRole:FOLLOWER, s2|rpc:0.0.0.0:43137|dataStream:|priority:0|startupRole:FOLLOWER]|listeners:[], old=peers:[s0|rpc:localhost:39295|admin:localhost:44843|client:localhost:40991|dataStream:localhost:40677|priority:0|startupRole:FOLLOWER]|listeners:[]
2023-08-18 03:37:38,957 [grpc-default-executor-0] INFO  server.RaftServer$Division (RaftServerImpl.java:requestVote(1344)) - s1@group-E264CA5F8311: receive requestVote(PRE_VOTE, s0, group-E264CA5F8311, 1, (t:1, i:255))
2023-08-18 03:37:38,957 [grpc-default-executor-0] WARN  server.GrpcServerProtocolService (LogUtils.java:warn(122)) - s1: Failed requestVote s0->s1#0: org.apache.ratis.protocol.exceptions.ServerNotReadyException: s1@group-E264CA5F8311 is not in [RUNNING]: current state is STARTING
2023-08-18 03:37:38,958 [grpc-default-executor-0] INFO  server.RaftServer$Division (RaftServerImpl.java:requestVote(1344)) - s2@group-E264CA5F8311: receive requestVote(PRE_VOTE, s0, group-E264CA5F8311, 1, (t:1, i:255))
2023-08-18 03:37:38,958 [grpc-default-executor-0] WARN  server.GrpcServerProtocolService (LogUtils.java:warn(122)) - s2: Failed requestVote s0->s2#0: org.apache.ratis.protocol.exceptions.ServerNotReadyException: s2@group-E264CA5F8311 is not in [RUNNING]: current state is STARTING
2023-08-18 03:37:38,958 [s0@group-E264CA5F8311-LeaderElection382] INFO  impl.LeaderElection (LogUtils.java:infoOrTrace(137)) - s0@group-E264CA5F8311-LeaderElection382 got exception when requesting votes: java.util.concurrent.ExecutionException: org.apache.ratis.thirdparty.io.grpc.StatusRuntimeException: INTERNAL: s1@group-E264CA5F8311 is not in [RUNNING]: current state is STARTING
2023-08-18 03:37:38,958 [s0@group-E264CA5F8311-LeaderElection382] INFO  impl.LeaderElection (LogUtils.java:infoOrTrace(137)) - s0@group-E264CA5F8311-LeaderElection382 got exception when requesting votes: java.util.concurrent.ExecutionException: org.apache.ratis.thirdparty.io.grpc.StatusRuntimeException: INTERNAL: s2@group-E264CA5F8311 is not in [RUNNING]: current state is STARTING
2023-08-18 03:37:38,958 [s0@group-E264CA5F8311-LeaderElection382] INFO  impl.LeaderElection (LeaderElection.java:logAndReturn(89)) - s0@group-E264CA5F8311-LeaderElection382: PRE_VOTE REJECTED received 0 response(s) and 2 exception(s):
2023-08-18 03:37:38,958 [s0@group-E264CA5F8311-LeaderElection382] INFO  impl.LeaderElection (LogUtils.java:infoOrTrace(137)) -   Exception 0: java.util.concurrent.ExecutionException: org.apache.ratis.thirdparty.io.grpc.StatusRuntimeException: INTERNAL: s1@group-E264CA5F8311 is not in [RUNNING]: current state is STARTING
2023-08-18 03:37:38,958 [s0@group-E264CA5F8311-LeaderElection382] INFO  impl.LeaderElection (LogUtils.java:infoOrTrace(137)) -   Exception 1: java.util.concurrent.ExecutionException: org.apache.ratis.thirdparty.io.grpc.StatusRuntimeException: INTERNAL: s2@group-E264CA5F8311 is not in [RUNNING]: current state is STARTING
2023-08-18 03:37:38,958 [s0@group-E264CA5F8311-LeaderElection382] INFO  impl.LeaderElection (LeaderElection.java:askForVotes(322)) - s0@group-E264CA5F8311-LeaderElection382 PRE_VOTE round 0: result REJECTED
2023-08-18 03:37:38,958 [s0@group-E264CA5F8311-LeaderElection382] INFO  server.RaftServer$Division (RaftServerImpl.java:setRole(371)) - s0@group-E264CA5F8311: changes role from CANDIDATE to FOLLOWER at term 1 for REJECTED
2023-08-18 03:37:38,958 [s0@group-E264CA5F8311-LeaderElection382] INFO  impl.RoleInfo (RoleInfo.java:shutdownLeaderElection(129)) - s0: shutdown s0@group-E264CA5F8311-LeaderElection382
2023-08-18 03:37:38,958 [s0@group-E264CA5F8311-LeaderElection382] INFO  impl.RoleInfo (RoleInfo.java:updateAndGet(138)) - s0: start s0@group-E264CA5F8311-FollowerState
2023-08-18 03:37:38,962 [s0-server-thread1] INFO  server.RaftServer$Division (RaftServerImpl.java:setConfigurationAsync(1238)) - s0@group-E264CA5F8311: receive setConfiguration SetConfigurationRequest:client-255CF6B0DA3F->s0@group-E264CA5F8311, cid=386, seq=0, RW, null, SET_UNCONDITIONALLY, servers:[s1|rpc:0.0.0.0:34459|dataStream:|priority:0|startupRole:FOLLOWER, s2|rpc:0.0.0.0:43137|dataStream:|priority:0|startupRole:FOLLOWER, s0|rpc:localhost:39295|admin:localhost:44843|client:localhost:40991|dataStream:localhost:40677|priority:0|startupRole:FOLLOWER], listeners:[]
2023-08-18 03:37:39,065 [s1-server-thread1] INFO  server.RaftServer$Division (RaftServerImpl.java:setConfigurationAsync(1238)) - s1@group-E264CA5F8311: receive setConfiguration SetConfigurationRequest:client-255CF6B0DA3F->s1@group-E264CA5F8311, cid=386, seq=0, RW, null, SET_UNCONDITIONALLY, servers:[s1|rpc:0.0.0.0:34459|dataStream:|priority:0|startupRole:FOLLOWER, s2|rpc:0.0.0.0:43137|dataStream:|priority:0|startupRole:FOLLOWER, s0|rpc:localhost:39295|admin:localhost:44843|client:localhost:40991|dataStream:localhost:40677|priority:0|startupRole:FOLLOWER], listeners:[]
2023-08-18 03:37:39,138 [s0@group-E264CA5F8311-FollowerState] INFO  impl.FollowerState (FollowerState.java:run(143)) - s0@group-E264CA5F8311-FollowerState: change to CANDIDATE, lastRpcElapsedTime:179258741ns, electionTimeout:179ms
2023-08-18 03:37:39,138 [s0@group-E264CA5F8311-FollowerState] INFO  impl.RoleInfo (RoleInfo.java:shutdownFollowerState(109)) - s0: shutdown s0@group-E264CA5F8311-FollowerState
2023-08-18 03:37:39,138 [s0@group-E264CA5F8311-FollowerState] INFO  server.RaftServer$Division (RaftServerImpl.java:setRole(371)) - s0@group-E264CA5F8311: changes role from  FOLLOWER to CANDIDATE at term 1 for changeToCandidate
2023-08-18 03:37:39,138 [s0@group-E264CA5F8311-FollowerState] INFO  impl.SimpleStateMachine4Testing (SimpleStateMachine4Testing.java:notifyExtendedNoLeader(411)) - StateMachineWithMultiNestedSnapshotFile:s0:group-E264CA5F8311: notifyExtendedNoLeader group-E264CA5F8311, self {
  id: "s0"
  address: "localhost:39295"
  dataStreamAddress: "localhost:40677"
  clientAddress: "localhost:40991"
  adminAddress: "localhost:44843"
  startupRole: FOLLOWER
}
role: CANDIDATE
candidateInfo {
  lastLeaderElapsedTimeMs: 97422
}

2023-08-18 03:37:39,138 [s0@group-E264CA5F8311-FollowerState] INFO  server.RaftServerConfigKeys (ConfUtils.java:logGet(46)) - raft.server.leaderelection.pre-vote = true (default)
2023-08-18 03:37:39,138 [s0@group-E264CA5F8311-FollowerState] INFO  impl.RoleInfo (RoleInfo.java:updateAndGet(138)) - s0: start s0@group-E264CA5F8311-LeaderElection383
2023-08-18 03:37:39,138 [s0@group-E264CA5F8311-LeaderElection383] INFO  impl.LeaderElection (LeaderElection.java:askForVotes(320)) - s0@group-E264CA5F8311-LeaderElection383 PRE_VOTE round 0: submit vote requests at term 1 for 255: peers:[s0|rpc:localhost:39295|admin:localhost:44843|client:localhost:40991|dataStream:localhost:40677|priority:0|startupRole:FOLLOWER, s1|rpc:0.0.0.0:34459|dataStream:|priority:0|startupRole:FOLLOWER, s2|rpc:0.0.0.0:43137|dataStream:|priority:0|startupRole:FOLLOWER]|listeners:[], old=peers:[s0|rpc:localhost:39295|admin:localhost:44843|client:localhost:40991|dataStream:localhost:40677|priority:0|startupRole:FOLLOWER]|listeners:[]
2023-08-18 03:37:39,139 [grpc-default-executor-0] INFO  server.RaftServer$Division (RaftServerImpl.java:requestVote(1344)) - s1@group-E264CA5F8311: receive requestVote(PRE_VOTE, s0, group-E264CA5F8311, 1, (t:1, i:255))
2023-08-18 03:37:39,139 [grpc-default-executor-0] WARN  server.GrpcServerProtocolService (LogUtils.java:warn(122)) - s1: Failed requestVote s0->s1#0: org.apache.ratis.protocol.exceptions.ServerNotReadyException: s1@group-E264CA5F8311 is not in [RUNNING]: current state is STARTING
2023-08-18 03:37:39,139 [grpc-default-executor-3] INFO  server.RaftServer$Division (RaftServerImpl.java:requestVote(1344)) - s2@group-E264CA5F8311: receive requestVote(PRE_VOTE, s0, group-E264CA5F8311, 1, (t:1, i:255))
2023-08-18 03:37:39,139 [grpc-default-executor-3] WARN  server.GrpcServerProtocolService (LogUtils.java:warn(122)) - s2: Failed requestVote s0->s2#0: org.apache.ratis.protocol.exceptions.ServerNotReadyException: s2@group-E264CA5F8311 is not in [RUNNING]: current state is STARTING
2023-08-18 03:37:39,140 [s0@group-E264CA5F8311-LeaderElection383] INFO  impl.LeaderElection (LogUtils.java:infoOrTrace(137)) - s0@group-E264CA5F8311-LeaderElection383 got exception when requesting votes: java.util.concurrent.ExecutionException: org.apache.ratis.thirdparty.io.grpc.StatusRuntimeException: INTERNAL: s1@group-E264CA5F8311 is not in [RUNNING]: current state is STARTING
2023-08-18 03:37:39,140 [s0@group-E264CA5F8311-LeaderElection383] INFO  impl.LeaderElection (LogUtils.java:infoOrTrace(137)) - s0@group-E264CA5F8311-LeaderElection383 got exception when requesting votes: java.util.concurrent.ExecutionException: org.apache.ratis.thirdparty.io.grpc.StatusRuntimeException: INTERNAL: s2@group-E264CA5F8311 is not in [RUNNING]: current state is STARTING
2023-08-18 03:37:39,140 [s0@group-E264CA5F8311-LeaderElection383] INFO  impl.LeaderElection (LeaderElection.java:logAndReturn(89)) - s0@group-E264CA5F8311-LeaderElection383: PRE_VOTE REJECTED received 0 response(s) and 2 exception(s):
2023-08-18 03:37:39,140 [s0@group-E264CA5F8311-LeaderElection383] INFO  impl.LeaderElection (LogUtils.java:infoOrTrace(137)) -   Exception 0: java.util.concurrent.ExecutionException: org.apache.ratis.thirdparty.io.grpc.StatusRuntimeException: INTERNAL: s1@group-E264CA5F8311 is not in [RUNNING]: current state is STARTING
2023-08-18 03:37:39,140 [s0@group-E264CA5F8311-LeaderElection383] INFO  impl.LeaderElection (LogUtils.java:infoOrTrace(137)) -   Exception 1: java.util.concurrent.ExecutionException: org.apache.ratis.thirdparty.io.grpc.StatusRuntimeException: INTERNAL: s2@group-E264CA5F8311 is not in [RUNNING]: current state is STARTING
2023-08-18 03:37:39,140 [s0@group-E264CA5F8311-LeaderElection383] INFO  impl.LeaderElection (LeaderElection.java:askForVotes(322)) - s0@group-E264CA5F8311-LeaderElection383 PRE_VOTE round 0: result REJECTED
2023-08-18 03:37:39,140 [s0@group-E264CA5F8311-LeaderElection383] INFO  server.RaftServer$Division (RaftServerImpl.java:setRole(371)) - s0@group-E264CA5F8311: changes role from CANDIDATE to FOLLOWER at term 1 for REJECTED
2023-08-18 03:37:39,140 [s0@group-E264CA5F8311-LeaderElection383] INFO  impl.RoleInfo (RoleInfo.java:shutdownLeaderElection(129)) - s0: shutdown s0@group-E264CA5F8311-LeaderElection383
2023-08-18 03:37:39,140 [s0@group-E264CA5F8311-LeaderElection383] INFO  impl.RoleInfo (RoleInfo.java:updateAndGet(138)) - s0: start s0@group-E264CA5F8311-FollowerState
2023-08-18 03:37:39,168 [s2-server-thread1] INFO  server.RaftServer$Division (RaftServerImpl.java:setConfigurationAsync(1238)) - s2@group-E264CA5F8311: receive setConfiguration SetConfigurationRequest:client-255CF6B0DA3F->s2@group-E264CA5F8311, cid=386, seq=0, RW, null, SET_UNCONDITIONALLY, servers:[s1|rpc:0.0.0.0:34459|dataStream:|priority:0|startupRole:FOLLOWER, s2|rpc:0.0.0.0:43137|dataStream:|priority:0|startupRole:FOLLOWER, s0|rpc:localhost:39295|admin:localhost:44843|client:localhost:40991|dataStream:localhost:40677|priority:0|startupRole:FOLLOWER], listeners:[]
2023-08-18 03:37:39,272 [s0-server-thread1] INFO  server.RaftServer$Division (RaftServerImpl.java:setConfigurationAsync(1238)) - s0@group-E264CA5F8311: receive setConfiguration SetConfigurationRequest:client-255CF6B0DA3F->s0@group-E264CA5F8311, cid=386, seq=0, RW, null, SET_UNCONDITIONALLY, servers:[s1|rpc:0.0.0.0:34459|dataStream:|priority:0|startupRole:FOLLOWER, s2|rpc:0.0.0.0:43137|dataStream:|priority:0|startupRole:FOLLOWER, s0|rpc:localhost:39295|admin:localhost:44843|client:localhost:40991|dataStream:localhost:40677|priority:0|startupRole:FOLLOWER], listeners:[]
2023-08-18 03:37:39,375 [s2-server-thread1] INFO  server.RaftServer$Division (RaftServerImpl.java:setConfigurationAsync(1238)) - s2@group-E264CA5F8311: receive setConfiguration SetConfigurationRequest:client-255CF6B0DA3F->s2@group-E264CA5F8311, cid=386, seq=0, RW, null, SET_UNCONDITIONALLY, servers:[s1|rpc:0.0.0.0:34459|dataStream:|priority:0|startupRole:FOLLOWER, s2|rpc:0.0.0.0:43137|dataStream:|priority:0|startupRole:FOLLOWER, s0|rpc:localhost:39295|admin:localhost:44843|client:localhost:40991|dataStream:localhost:40677|priority:0|startupRole:FOLLOWER], listeners:[]
2023-08-18 03:37:39,415 [s0@group-E264CA5F8311-FollowerState] INFO  impl.FollowerState (FollowerState.java:run(143)) - s0@group-E264CA5F8311-FollowerState: change to CANDIDATE, lastRpcElapsedTime:275270367ns, electionTimeout:275ms
2023-08-18 03:37:39,415 [s0@group-E264CA5F8311-FollowerState] INFO  impl.RoleInfo (RoleInfo.java:shutdownFollowerState(109)) - s0: shutdown s0@group-E264CA5F8311-FollowerState
2023-08-18 03:37:39,415 [s0@group-E264CA5F8311-FollowerState] INFO  server.RaftServer$Division (RaftServerImpl.java:setRole(371)) - s0@group-E264CA5F8311: changes role from  FOLLOWER to CANDIDATE at term 1 for changeToCandidate
2023-08-18 03:37:39,416 [s0@group-E264CA5F8311-FollowerState] INFO  impl.SimpleStateMachine4Testing (SimpleStateMachine4Testing.java:notifyExtendedNoLeader(411)) - StateMachineWithMultiNestedSnapshotFile:s0:group-E264CA5F8311: notifyExtendedNoLeader group-E264CA5F8311, self {
  id: "s0"
  address: "localhost:39295"
  dataStreamAddress: "localhost:40677"
  clientAddress: "localhost:40991"
  adminAddress: "localhost:44843"
  startupRole: FOLLOWER
}
role: CANDIDATE
candidateInfo {
  lastLeaderElapsedTimeMs: 97699
}

2023-08-18 03:37:39,416 [s0@group-E264CA5F8311-FollowerState] INFO  server.RaftServerConfigKeys (ConfUtils.java:logGet(46)) - raft.server.leaderelection.pre-vote = true (default)
2023-08-18 03:37:39,416 [s0@group-E264CA5F8311-FollowerState] INFO  impl.RoleInfo (RoleInfo.java:updateAndGet(138)) - s0: start s0@group-E264CA5F8311-LeaderElection384
2023-08-18 03:37:39,416 [s0@group-E264CA5F8311-LeaderElection384] INFO  impl.LeaderElection (LeaderElection.java:askForVotes(320)) - s0@group-E264CA5F8311-LeaderElection384 PRE_VOTE round 0: submit vote requests at term 1 for 255: peers:[s0|rpc:localhost:39295|admin:localhost:44843|client:localhost:40991|dataStream:localhost:40677|priority:0|startupRole:FOLLOWER, s1|rpc:0.0.0.0:34459|dataStream:|priority:0|startupRole:FOLLOWER, s2|rpc:0.0.0.0:43137|dataStream:|priority:0|startupRole:FOLLOWER]|listeners:[], old=peers:[s0|rpc:localhost:39295|admin:localhost:44843|client:localhost:40991|dataStream:localhost:40677|priority:0|startupRole:FOLLOWER]|listeners:[]
2023-08-18 03:37:39,417 [grpc-default-executor-0] INFO  server.RaftServer$Division (RaftServerImpl.java:requestVote(1344)) - s2@group-E264CA5F8311: receive requestVote(PRE_VOTE, s0, group-E264CA5F8311, 1, (t:1, i:255))
2023-08-18 03:37:39,417 [grpc-default-executor-0] WARN  server.GrpcServerProtocolService (LogUtils.java:warn(122)) - s2: Failed requestVote s0->s2#0: org.apache.ratis.protocol.exceptions.ServerNotReadyException: s2@group-E264CA5F8311 is not in [RUNNING]: current state is STARTING
2023-08-18 03:37:39,417 [grpc-default-executor-0] INFO  server.RaftServer$Division (RaftServerImpl.java:requestVote(1344)) - s1@group-E264CA5F8311: receive requestVote(PRE_VOTE, s0, group-E264CA5F8311, 1, (t:1, i:255))
2023-08-18 03:37:39,418 [grpc-default-executor-0] WARN  server.GrpcServerProtocolService (LogUtils.java:warn(122)) - s1: Failed requestVote s0->s1#0: org.apache.ratis.protocol.exceptions.ServerNotReadyException: s1@group-E264CA5F8311 is not in [RUNNING]: current state is STARTING
2023-08-18 03:37:39,418 [s0@group-E264CA5F8311-LeaderElection384] INFO  impl.LeaderElection (LogUtils.java:infoOrTrace(137)) - s0@group-E264CA5F8311-LeaderElection384 got exception when requesting votes: java.util.concurrent.ExecutionException: org.apache.ratis.thirdparty.io.grpc.StatusRuntimeException: INTERNAL: s2@group-E264CA5F8311 is not in [RUNNING]: current state is STARTING
2023-08-18 03:37:39,418 [s0@group-E264CA5F8311-LeaderElection384] INFO  impl.LeaderElection (LogUtils.java:infoOrTrace(137)) - s0@group-E264CA5F8311-LeaderElection384 got exception when requesting votes: java.util.concurrent.ExecutionException: org.apache.ratis.thirdparty.io.grpc.StatusRuntimeException: INTERNAL: s1@group-E264CA5F8311 is not in [RUNNING]: current state is STARTING
2023-08-18 03:37:39,418 [s0@group-E264CA5F8311-LeaderElection384] INFO  impl.LeaderElection (LeaderElection.java:logAndReturn(89)) - s0@group-E264CA5F8311-LeaderElection384: PRE_VOTE REJECTED received 0 response(s) and 2 exception(s):
2023-08-18 03:37:39,418 [s0@group-E264CA5F8311-LeaderElection384] INFO  impl.LeaderElection (LogUtils.java:infoOrTrace(137)) -   Exception 0: java.util.concurrent.ExecutionException: org.apache.ratis.thirdparty.io.grpc.StatusRuntimeException: INTERNAL: s2@group-E264CA5F8311 is not in [RUNNING]: current state is STARTING
2023-08-18 03:37:39,418 [s0@group-E264CA5F8311-LeaderElection384] INFO  impl.LeaderElection (LogUtils.java:infoOrTrace(137)) -   Exception 1: java.util.concurrent.ExecutionException: org.apache.ratis.thirdparty.io.grpc.StatusRuntimeException: INTERNAL: s1@group-E264CA5F8311 is not in [RUNNING]: current state is STARTING
2023-08-18 03:37:39,418 [s0@group-E264CA5F8311-LeaderElection384] INFO  impl.LeaderElection (LeaderElection.java:askForVotes(322)) - s0@group-E264CA5F8311-LeaderElection384 PRE_VOTE round 0: result REJECTED
2023-08-18 03:37:39,418 [s0@group-E264CA5F8311-LeaderElection384] INFO  server.RaftServer$Division (RaftServerImpl.java:setRole(371)) - s0@group-E264CA5F8311: changes role from CANDIDATE to FOLLOWER at term 1 for REJECTED
2023-08-18 03:37:39,418 [s0@group-E264CA5F8311-LeaderElection384] INFO  impl.RoleInfo (RoleInfo.java:shutdownLeaderElection(129)) - s0: shutdown s0@group-E264CA5F8311-LeaderElection384
2023-08-18 03:37:39,418 [s0@group-E264CA5F8311-LeaderElection384] INFO  impl.RoleInfo (RoleInfo.java:updateAndGet(138)) - s0: start s0@group-E264CA5F8311-FollowerState
2023-08-18 03:37:39,478 [s0-server-thread1] INFO  server.RaftServer$Division (RaftServerImpl.java:setConfigurationAsync(1238)) - s0@group-E264CA5F8311: receive setConfiguration SetConfigurationRequest:client-255CF6B0DA3F->s0@group-E264CA5F8311, cid=386, seq=0, RW, null, SET_UNCONDITIONALLY, servers:[s1|rpc:0.0.0.0:34459|dataStream:|priority:0|startupRole:FOLLOWER, s2|rpc:0.0.0.0:43137|dataStream:|priority:0|startupRole:FOLLOWER, s0|rpc:localhost:39295|admin:localhost:44843|client:localhost:40991|dataStream:localhost:40677|priority:0|startupRole:FOLLOWER], listeners:[]
2023-08-18 03:37:39,581 [s1-server-thread1] INFO  server.RaftServer$Division (RaftServerImpl.java:setConfigurationAsync(1238)) - s1@group-E264CA5F8311: receive setConfiguration SetConfigurationRequest:client-255CF6B0DA3F->s1@group-E264CA5F8311, cid=386, seq=0, RW, null, SET_UNCONDITIONALLY, servers:[s1|rpc:0.0.0.0:34459|dataStream:|priority:0|startupRole:FOLLOWER, s2|rpc:0.0.0.0:43137|dataStream:|priority:0|startupRole:FOLLOWER, s0|rpc:localhost:39295|admin:localhost:44843|client:localhost:40991|dataStream:localhost:40677|priority:0|startupRole:FOLLOWER], listeners:[]
2023-08-18 03:37:39,588 [s0@group-E264CA5F8311-FollowerState] INFO  impl.FollowerState (FollowerState.java:run(143)) - s0@group-E264CA5F8311-FollowerState: change to CANDIDATE, lastRpcElapsedTime:170241505ns, electionTimeout:170ms
2023-08-18 03:37:39,588 [s0@group-E264CA5F8311-FollowerState] INFO  impl.RoleInfo (RoleInfo.java:shutdownFollowerState(109)) - s0: shutdown s0@group-E264CA5F8311-FollowerState
2023-08-18 03:37:39,588 [s0@group-E264CA5F8311-FollowerState] INFO  server.RaftServer$Division (RaftServerImpl.java:setRole(371)) - s0@group-E264CA5F8311: changes role from  FOLLOWER to CANDIDATE at term 1 for changeToCandidate
2023-08-18 03:37:39,589 [s0@group-E264CA5F8311-FollowerState] INFO  impl.SimpleStateMachine4Testing (SimpleStateMachine4Testing.java:notifyExtendedNoLeader(411)) - StateMachineWithMultiNestedSnapshotFile:s0:group-E264CA5F8311: notifyExtendedNoLeader group-E264CA5F8311, self {
  id: "s0"
  address: "localhost:39295"
  dataStreamAddress: "localhost:40677"
  clientAddress: "localhost:40991"
  adminAddress: "localhost:44843"
  startupRole: FOLLOWER
}
role: CANDIDATE
candidateInfo {
  lastLeaderElapsedTimeMs: 97872
}

2023-08-18 03:37:39,589 [s0@group-E264CA5F8311-FollowerState] INFO  server.RaftServerConfigKeys (ConfUtils.java:logGet(46)) - raft.server.leaderelection.pre-vote = true (default)
2023-08-18 03:37:39,589 [s0@group-E264CA5F8311-FollowerState] INFO  impl.RoleInfo (RoleInfo.java:updateAndGet(138)) - s0: start s0@group-E264CA5F8311-LeaderElection385
2023-08-18 03:37:39,589 [s0@group-E264CA5F8311-LeaderElection385] INFO  impl.LeaderElection (LeaderElection.java:askForVotes(320)) - s0@group-E264CA5F8311-LeaderElection385 PRE_VOTE round 0: submit vote requests at term 1 for 255: peers:[s0|rpc:localhost:39295|admin:localhost:44843|client:localhost:40991|dataStream:localhost:40677|priority:0|startupRole:FOLLOWER, s1|rpc:0.0.0.0:34459|dataStream:|priority:0|startupRole:FOLLOWER, s2|rpc:0.0.0.0:43137|dataStream:|priority:0|startupRole:FOLLOWER]|listeners:[], old=peers:[s0|rpc:localhost:39295|admin:localhost:44843|client:localhost:40991|dataStream:localhost:40677|priority:0|startupRole:FOLLOWER]|listeners:[]
2023-08-18 03:37:39,590 [grpc-default-executor-0] INFO  server.RaftServer$Division (RaftServerImpl.java:requestVote(1344)) - s1@group-E264CA5F8311: receive requestVote(PRE_VOTE, s0, group-E264CA5F8311, 1, (t:1, i:255))
2023-08-18 03:37:39,590 [grpc-default-executor-0] WARN  server.GrpcServerProtocolService (LogUtils.java:warn(122)) - s1: Failed requestVote s0->s1#0: org.apache.ratis.protocol.exceptions.ServerNotReadyException: s1@group-E264CA5F8311 is not in [RUNNING]: current state is STARTING
2023-08-18 03:37:39,590 [grpc-default-executor-0] INFO  server.RaftServer$Division (RaftServerImpl.java:requestVote(1344)) - s2@group-E264CA5F8311: receive requestVote(PRE_VOTE, s0, group-E264CA5F8311, 1, (t:1, i:255))
2023-08-18 03:37:39,590 [grpc-default-executor-0] WARN  server.GrpcServerProtocolService (LogUtils.java:warn(122)) - s2: Failed requestVote s0->s2#0: org.apache.ratis.protocol.exceptions.ServerNotReadyException: s2@group-E264CA5F8311 is not in [RUNNING]: current state is STARTING
2023-08-18 03:37:39,590 [s0@group-E264CA5F8311-LeaderElection385] INFO  impl.LeaderElection (LogUtils.java:infoOrTrace(137)) - s0@group-E264CA5F8311-LeaderElection385 got exception when requesting votes: java.util.concurrent.ExecutionException: org.apache.ratis.thirdparty.io.grpc.StatusRuntimeException: INTERNAL: s1@group-E264CA5F8311 is not in [RUNNING]: current state is STARTING
2023-08-18 03:37:39,590 [s0@group-E264CA5F8311-LeaderElection385] INFO  impl.LeaderElection (LogUtils.java:infoOrTrace(137)) - s0@group-E264CA5F8311-LeaderElection385 got exception when requesting votes: java.util.concurrent.ExecutionException: org.apache.ratis.thirdparty.io.grpc.StatusRuntimeException: INTERNAL: s2@group-E264CA5F8311 is not in [RUNNING]: current state is STARTING
2023-08-18 03:37:39,590 [s0@group-E264CA5F8311-LeaderElection385] INFO  impl.LeaderElection (LeaderElection.java:logAndReturn(89)) - s0@group-E264CA5F8311-LeaderElection385: PRE_VOTE REJECTED received 0 response(s) and 2 exception(s):
2023-08-18 03:37:39,590 [s0@group-E264CA5F8311-LeaderElection385] INFO  impl.LeaderElection (LogUtils.java:infoOrTrace(137)) -   Exception 0: java.util.concurrent.ExecutionException: org.apache.ratis.thirdparty.io.grpc.StatusRuntimeException: INTERNAL: s1@group-E264CA5F8311 is not in [RUNNING]: current state is STARTING
2023-08-18 03:37:39,590 [s0@group-E264CA5F8311-LeaderElection385] INFO  impl.LeaderElection (LogUtils.java:infoOrTrace(137)) -   Exception 1: java.util.concurrent.ExecutionException: org.apache.ratis.thirdparty.io.grpc.StatusRuntimeException: INTERNAL: s2@group-E264CA5F8311 is not in [RUNNING]: current state is STARTING
2023-08-18 03:37:39,590 [s0@group-E264CA5F8311-LeaderElection385] INFO  impl.LeaderElection (LeaderElection.java:askForVotes(322)) - s0@group-E264CA5F8311-LeaderElection385 PRE_VOTE round 0: result REJECTED
2023-08-18 03:37:39,590 [s0@group-E264CA5F8311-LeaderElection385] INFO  server.RaftServer$Division (RaftServerImpl.java:setRole(371)) - s0@group-E264CA5F8311: changes role from CANDIDATE to FOLLOWER at term 1 for REJECTED
2023-08-18 03:37:39,590 [s0@group-E264CA5F8311-LeaderElection385] INFO  impl.RoleInfo (RoleInfo.java:shutdownLeaderElection(129)) - s0: shutdown s0@group-E264CA5F8311-LeaderElection385
2023-08-18 03:37:39,590 [s0@group-E264CA5F8311-LeaderElection385] INFO  impl.RoleInfo (RoleInfo.java:updateAndGet(138)) - s0: start s0@group-E264CA5F8311-FollowerState
2023-08-18 03:37:39,684 [s0-server-thread1] INFO  server.RaftServer$Division (RaftServerImpl.java:setConfigurationAsync(1238)) - s0@group-E264CA5F8311: receive setConfiguration SetConfigurationRequest:client-255CF6B0DA3F->s0@group-E264CA5F8311, cid=386, seq=0, RW, null, SET_UNCONDITIONALLY, servers:[s1|rpc:0.0.0.0:34459|dataStream:|priority:0|startupRole:FOLLOWER, s2|rpc:0.0.0.0:43137|dataStream:|priority:0|startupRole:FOLLOWER, s0|rpc:localhost:39295|admin:localhost:44843|client:localhost:40991|dataStream:localhost:40677|priority:0|startupRole:FOLLOWER], listeners:[]
2023-08-18 03:37:39,787 [s2-server-thread1] INFO  server.RaftServer$Division (RaftServerImpl.java:setConfigurationAsync(1238)) - s2@group-E264CA5F8311: receive setConfiguration SetConfigurationRequest:client-255CF6B0DA3F->s2@group-E264CA5F8311, cid=386, seq=0, RW, null, SET_UNCONDITIONALLY, servers:[s1|rpc:0.0.0.0:34459|dataStream:|priority:0|startupRole:FOLLOWER, s2|rpc:0.0.0.0:43137|dataStream:|priority:0|startupRole:FOLLOWER, s0|rpc:localhost:39295|admin:localhost:44843|client:localhost:40991|dataStream:localhost:40677|priority:0|startupRole:FOLLOWER], listeners:[]
2023-08-18 03:37:39,863 [s0@group-E264CA5F8311-FollowerState] INFO  impl.FollowerState (FollowerState.java:run(143)) - s0@group-E264CA5F8311-FollowerState: change to CANDIDATE, lastRpcElapsedTime:272475986ns, electionTimeout:272ms
2023-08-18 03:37:39,863 [s0@group-E264CA5F8311-FollowerState] INFO  impl.RoleInfo (RoleInfo.java:shutdownFollowerState(109)) - s0: shutdown s0@group-E264CA5F8311-FollowerState
2023-08-18 03:37:39,863 [s0@group-E264CA5F8311-FollowerState] INFO  server.RaftServer$Division (RaftServerImpl.java:setRole(371)) - s0@group-E264CA5F8311: changes role from  FOLLOWER to CANDIDATE at term 1 for changeToCandidate
2023-08-18 03:37:39,863 [s0@group-E264CA5F8311-FollowerState] INFO  impl.SimpleStateMachine4Testing (SimpleStateMachine4Testing.java:notifyExtendedNoLeader(411)) - StateMachineWithMultiNestedSnapshotFile:s0:group-E264CA5F8311: notifyExtendedNoLeader group-E264CA5F8311, self {
  id: "s0"
  address: "localhost:39295"
  dataStreamAddress: "localhost:40677"
  clientAddress: "localhost:40991"
  adminAddress: "localhost:44843"
  startupRole: FOLLOWER
}
role: CANDIDATE
candidateInfo {
  lastLeaderElapsedTimeMs: 98147
}

2023-08-18 03:37:39,863 [s0@group-E264CA5F8311-FollowerState] INFO  server.RaftServerConfigKeys (ConfUtils.java:logGet(46)) - raft.server.leaderelection.pre-vote = true (default)
2023-08-18 03:37:39,863 [s0@group-E264CA5F8311-FollowerState] INFO  impl.RoleInfo (RoleInfo.java:updateAndGet(138)) - s0: start s0@group-E264CA5F8311-LeaderElection386
2023-08-18 03:37:39,863 [s0@group-E264CA5F8311-LeaderElection386] INFO  impl.LeaderElection (LeaderElection.java:askForVotes(320)) - s0@group-E264CA5F8311-LeaderElection386 PRE_VOTE round 0: submit vote requests at term 1 for 255: peers:[s0|rpc:localhost:39295|admin:localhost:44843|client:localhost:40991|dataStream:localhost:40677|priority:0|startupRole:FOLLOWER, s1|rpc:0.0.0.0:34459|dataStream:|priority:0|startupRole:FOLLOWER, s2|rpc:0.0.0.0:43137|dataStream:|priority:0|startupRole:FOLLOWER]|listeners:[], old=peers:[s0|rpc:localhost:39295|admin:localhost:44843|client:localhost:40991|dataStream:localhost:40677|priority:0|startupRole:FOLLOWER]|listeners:[]
2023-08-18 03:37:39,864 [grpc-default-executor-0] INFO  server.RaftServer$Division (RaftServerImpl.java:requestVote(1344)) - s1@group-E264CA5F8311: receive requestVote(PRE_VOTE, s0, group-E264CA5F8311, 1, (t:1, i:255))
2023-08-18 03:37:39,864 [grpc-default-executor-3] INFO  server.RaftServer$Division (RaftServerImpl.java:requestVote(1344)) - s2@group-E264CA5F8311: receive requestVote(PRE_VOTE, s0, group-E264CA5F8311, 1, (t:1, i:255))
2023-08-18 03:37:39,864 [grpc-default-executor-0] WARN  server.GrpcServerProtocolService (LogUtils.java:warn(122)) - s1: Failed requestVote s0->s1#0: org.apache.ratis.protocol.exceptions.ServerNotReadyException: s1@group-E264CA5F8311 is not in [RUNNING]: current state is STARTING
2023-08-18 03:37:39,865 [grpc-default-executor-3] WARN  server.GrpcServerProtocolService (LogUtils.java:warn(122)) - s2: Failed requestVote s0->s2#0: org.apache.ratis.protocol.exceptions.ServerNotReadyException: s2@group-E264CA5F8311 is not in [RUNNING]: current state is STARTING
2023-08-18 03:37:39,865 [s0@group-E264CA5F8311-LeaderElection386] INFO  impl.LeaderElection (LogUtils.java:infoOrTrace(137)) - s0@group-E264CA5F8311-LeaderElection386 got exception when requesting votes: java.util.concurrent.ExecutionException: org.apache.ratis.thirdparty.io.grpc.StatusRuntimeException: INTERNAL: s1@group-E264CA5F8311 is not in [RUNNING]: current state is STARTING
2023-08-18 03:37:39,865 [s0@group-E264CA5F8311-LeaderElection386] INFO  impl.LeaderElection (LogUtils.java:infoOrTrace(137)) - s0@group-E264CA5F8311-LeaderElection386 got exception when requesting votes: java.util.concurrent.ExecutionException: org.apache.ratis.thirdparty.io.grpc.StatusRuntimeException: INTERNAL: s2@group-E264CA5F8311 is not in [RUNNING]: current state is STARTING
2023-08-18 03:37:39,865 [s0@group-E264CA5F8311-LeaderElection386] INFO  impl.LeaderElection (LeaderElection.java:logAndReturn(89)) - s0@group-E264CA5F8311-LeaderElection386: PRE_VOTE REJECTED received 0 response(s) and 2 exception(s):
2023-08-18 03:37:39,865 [s0@group-E264CA5F8311-LeaderElection386] INFO  impl.LeaderElection (LogUtils.java:infoOrTrace(137)) -   Exception 0: java.util.concurrent.ExecutionException: org.apache.ratis.thirdparty.io.grpc.StatusRuntimeException: INTERNAL: s1@group-E264CA5F8311 is not in [RUNNING]: current state is STARTING
2023-08-18 03:37:39,865 [s0@group-E264CA5F8311-LeaderElection386] INFO  impl.LeaderElection (LogUtils.java:infoOrTrace(137)) -   Exception 1: java.util.concurrent.ExecutionException: org.apache.ratis.thirdparty.io.grpc.StatusRuntimeException: INTERNAL: s2@group-E264CA5F8311 is not in [RUNNING]: current state is STARTING
2023-08-18 03:37:39,865 [s0@group-E264CA5F8311-LeaderElection386] INFO  impl.LeaderElection (LeaderElection.java:askForVotes(322)) - s0@group-E264CA5F8311-LeaderElection386 PRE_VOTE round 0: result REJECTED
2023-08-18 03:37:39,865 [s0@group-E264CA5F8311-LeaderElection386] INFO  server.RaftServer$Division (RaftServerImpl.java:setRole(371)) - s0@group-E264CA5F8311: changes role from CANDIDATE to FOLLOWER at term 1 for REJECTED
2023-08-18 03:37:39,865 [s0@group-E264CA5F8311-LeaderElection386] INFO  impl.RoleInfo (RoleInfo.java:shutdownLeaderElection(129)) - s0: shutdown s0@group-E264CA5F8311-LeaderElection386
2023-08-18 03:37:39,865 [s0@group-E264CA5F8311-LeaderElection386] INFO  impl.RoleInfo (RoleInfo.java:updateAndGet(138)) - s0: start s0@group-E264CA5F8311-FollowerState
2023-08-18 03:37:39,890 [s1-server-thread1] INFO  server.RaftServer$Division (RaftServerImpl.java:setConfigurationAsync(1238)) - s1@group-E264CA5F8311: receive setConfiguration SetConfigurationRequest:client-255CF6B0DA3F->s1@group-E264CA5F8311, cid=386, seq=0, RW, null, SET_UNCONDITIONALLY, servers:[s1|rpc:0.0.0.0:34459|dataStream:|priority:0|startupRole:FOLLOWER, s2|rpc:0.0.0.0:43137|dataStream:|priority:0|startupRole:FOLLOWER, s0|rpc:localhost:39295|admin:localhost:44843|client:localhost:40991|dataStream:localhost:40677|priority:0|startupRole:FOLLOWER], listeners:[]
2023-08-18 03:37:39,994 [s0-server-thread1] INFO  server.RaftServer$Division (RaftServerImpl.java:setConfigurationAsync(1238)) - s0@group-E264CA5F8311: receive setConfiguration SetConfigurationRequest:client-255CF6B0DA3F->s0@group-E264CA5F8311, cid=386, seq=0, RW, null, SET_UNCONDITIONALLY, servers:[s1|rpc:0.0.0.0:34459|dataStream:|priority:0|startupRole:FOLLOWER, s2|rpc:0.0.0.0:43137|dataStream:|priority:0|startupRole:FOLLOWER, s0|rpc:localhost:39295|admin:localhost:44843|client:localhost:40991|dataStream:localhost:40677|priority:0|startupRole:FOLLOWER], listeners:[]
2023-08-18 03:37:40,096 [s1-server-thread1] INFO  server.RaftServer$Division (RaftServerImpl.java:setConfigurationAsync(1238)) - s1@group-E264CA5F8311: receive setConfiguration SetConfigurationRequest:client-255CF6B0DA3F->s1@group-E264CA5F8311, cid=386, seq=0, RW, null, SET_UNCONDITIONALLY, servers:[s1|rpc:0.0.0.0:34459|dataStream:|priority:0|startupRole:FOLLOWER, s2|rpc:0.0.0.0:43137|dataStream:|priority:0|startupRole:FOLLOWER, s0|rpc:localhost:39295|admin:localhost:44843|client:localhost:40991|dataStream:localhost:40677|priority:0|startupRole:FOLLOWER], listeners:[]
2023-08-18 03:37:40,160 [s0@group-E264CA5F8311-FollowerState] INFO  impl.FollowerState (FollowerState.java:run(143)) - s0@group-E264CA5F8311-FollowerState: change to CANDIDATE, lastRpcElapsedTime:295384326ns, electionTimeout:295ms
2023-08-18 03:37:40,161 [s0@group-E264CA5F8311-FollowerState] INFO  impl.RoleInfo (RoleInfo.java:shutdownFollowerState(109)) - s0: shutdown s0@group-E264CA5F8311-FollowerState
2023-08-18 03:37:40,161 [s0@group-E264CA5F8311-FollowerState] INFO  server.RaftServer$Division (RaftServerImpl.java:setRole(371)) - s0@group-E264CA5F8311: changes role from  FOLLOWER to CANDIDATE at term 1 for changeToCandidate
2023-08-18 03:37:40,161 [s0@group-E264CA5F8311-FollowerState] INFO  impl.SimpleStateMachine4Testing (SimpleStateMachine4Testing.java:notifyExtendedNoLeader(411)) - StateMachineWithMultiNestedSnapshotFile:s0:group-E264CA5F8311: notifyExtendedNoLeader group-E264CA5F8311, self {
  id: "s0"
  address: "localhost:39295"
  dataStreamAddress: "localhost:40677"
  clientAddress: "localhost:40991"
  adminAddress: "localhost:44843"
  startupRole: FOLLOWER
}
role: CANDIDATE
candidateInfo {
  lastLeaderElapsedTimeMs: 98444
}

2023-08-18 03:37:40,161 [s0@group-E264CA5F8311-FollowerState] INFO  server.RaftServerConfigKeys (ConfUtils.java:logGet(46)) - raft.server.leaderelection.pre-vote = true (default)
2023-08-18 03:37:40,161 [s0@group-E264CA5F8311-FollowerState] INFO  impl.RoleInfo (RoleInfo.java:updateAndGet(138)) - s0: start s0@group-E264CA5F8311-LeaderElection387
2023-08-18 03:37:40,161 [s0@group-E264CA5F8311-LeaderElection387] INFO  impl.LeaderElection (LeaderElection.java:askForVotes(320)) - s0@group-E264CA5F8311-LeaderElection387 PRE_VOTE round 0: submit vote requests at term 1 for 255: peers:[s0|rpc:localhost:39295|admin:localhost:44843|client:localhost:40991|dataStream:localhost:40677|priority:0|startupRole:FOLLOWER, s1|rpc:0.0.0.0:34459|dataStream:|priority:0|startupRole:FOLLOWER, s2|rpc:0.0.0.0:43137|dataStream:|priority:0|startupRole:FOLLOWER]|listeners:[], old=peers:[s0|rpc:localhost:39295|admin:localhost:44843|client:localhost:40991|dataStream:localhost:40677|priority:0|startupRole:FOLLOWER]|listeners:[]
2023-08-18 03:37:40,162 [grpc-default-executor-3] INFO  server.RaftServer$Division (RaftServerImpl.java:requestVote(1344)) - s2@group-E264CA5F8311: receive requestVote(PRE_VOTE, s0, group-E264CA5F8311, 1, (t:1, i:255))
2023-08-18 03:37:40,162 [grpc-default-executor-3] WARN  server.GrpcServerProtocolService (LogUtils.java:warn(122)) - s2: Failed requestVote s0->s2#0: org.apache.ratis.protocol.exceptions.ServerNotReadyException: s2@group-E264CA5F8311 is not in [RUNNING]: current state is STARTING
2023-08-18 03:37:40,163 [s0@group-E264CA5F8311-LeaderElection387] INFO  impl.LeaderElection (LogUtils.java:infoOrTrace(137)) - s0@group-E264CA5F8311-LeaderElection387 got exception when requesting votes: java.util.concurrent.ExecutionException: org.apache.ratis.thirdparty.io.grpc.StatusRuntimeException: INTERNAL: s2@group-E264CA5F8311 is not in [RUNNING]: current state is STARTING
2023-08-18 03:37:40,163 [grpc-default-executor-0] INFO  server.RaftServer$Division (RaftServerImpl.java:requestVote(1344)) - s1@group-E264CA5F8311: receive requestVote(PRE_VOTE, s0, group-E264CA5F8311, 1, (t:1, i:255))
2023-08-18 03:37:40,163 [grpc-default-executor-0] WARN  server.GrpcServerProtocolService (LogUtils.java:warn(122)) - s1: Failed requestVote s0->s1#0: org.apache.ratis.protocol.exceptions.ServerNotReadyException: s1@group-E264CA5F8311 is not in [RUNNING]: current state is STARTING
2023-08-18 03:37:40,163 [s0@group-E264CA5F8311-LeaderElection387] INFO  impl.LeaderElection (LogUtils.java:infoOrTrace(137)) - s0@group-E264CA5F8311-LeaderElection387 got exception when requesting votes: java.util.concurrent.ExecutionException: org.apache.ratis.thirdparty.io.grpc.StatusRuntimeException: INTERNAL: s1@group-E264CA5F8311 is not in [RUNNING]: current state is STARTING
2023-08-18 03:37:40,163 [s0@group-E264CA5F8311-LeaderElection387] INFO  impl.LeaderElection (LeaderElection.java:logAndReturn(89)) - s0@group-E264CA5F8311-LeaderElection387: PRE_VOTE REJECTED received 0 response(s) and 2 exception(s):
2023-08-18 03:37:40,163 [s0@group-E264CA5F8311-LeaderElection387] INFO  impl.LeaderElection (LogUtils.java:infoOrTrace(137)) -   Exception 0: java.util.concurrent.ExecutionException: org.apache.ratis.thirdparty.io.grpc.StatusRuntimeException: INTERNAL: s2@group-E264CA5F8311 is not in [RUNNING]: current state is STARTING
2023-08-18 03:37:40,163 [s0@group-E264CA5F8311-LeaderElection387] INFO  impl.LeaderElection (LogUtils.java:infoOrTrace(137)) -   Exception 1: java.util.concurrent.ExecutionException: org.apache.ratis.thirdparty.io.grpc.StatusRuntimeException: INTERNAL: s1@group-E264CA5F8311 is not in [RUNNING]: current state is STARTING
2023-08-18 03:37:40,163 [s0@group-E264CA5F8311-LeaderElection387] INFO  impl.LeaderElection (LeaderElection.java:askForVotes(322)) - s0@group-E264CA5F8311-LeaderElection387 PRE_VOTE round 0: result REJECTED
2023-08-18 03:37:40,163 [s0@group-E264CA5F8311-LeaderElection387] INFO  server.RaftServer$Division (RaftServerImpl.java:setRole(371)) - s0@group-E264CA5F8311: changes role from CANDIDATE to FOLLOWER at term 1 for REJECTED
2023-08-18 03:37:40,164 [s0@group-E264CA5F8311-LeaderElection387] INFO  impl.RoleInfo (RoleInfo.java:shutdownLeaderElection(129)) - s0: shutdown s0@group-E264CA5F8311-LeaderElection387
2023-08-18 03:37:40,164 [s0@group-E264CA5F8311-LeaderElection387] INFO  impl.RoleInfo (RoleInfo.java:updateAndGet(138)) - s0: start s0@group-E264CA5F8311-FollowerState
2023-08-18 03:37:40,201 [s0-server-thread1] INFO  server.RaftServer$Division (RaftServerImpl.java:setConfigurationAsync(1238)) - s0@group-E264CA5F8311: receive setConfiguration SetConfigurationRequest:client-255CF6B0DA3F->s0@group-E264CA5F8311, cid=386, seq=0, RW, null, SET_UNCONDITIONALLY, servers:[s1|rpc:0.0.0.0:34459|dataStream:|priority:0|startupRole:FOLLOWER, s2|rpc:0.0.0.0:43137|dataStream:|priority:0|startupRole:FOLLOWER, s0|rpc:localhost:39295|admin:localhost:44843|client:localhost:40991|dataStream:localhost:40677|priority:0|startupRole:FOLLOWER], listeners:[]
]]></system-out>
    <system-err><![CDATA[Aug 18, 2023 3:36:01 AM org.apache.ratis.thirdparty.io.grpc.internal.SerializingExecutor run
SEVERE: Exception while executing runnable org.apache.ratis.thirdparty.io.grpc.internal.ClientCallImpl$ClientStreamListenerImpl$1StreamClosed@4ce3638e
java.lang.NullPointerException
	at org.apache.ratis.grpc.server.GrpcLogAppender.resetClient(GrpcLogAppender.java:126)
	at org.apache.ratis.grpc.server.GrpcLogAppender.access$700(GrpcLogAppender.java:60)
	at org.apache.ratis.grpc.server.GrpcLogAppender$InstallSnapshotResponseHandler.onError(GrpcLogAppender.java:614)
	at org.apache.ratis.thirdparty.io.grpc.stub.ClientCalls$StreamObserverToCallListenerAdapter.onClose(ClientCalls.java:487)
	at org.apache.ratis.thirdparty.io.grpc.PartialForwardingClientCallListener.onClose(PartialForwardingClientCallListener.java:39)
	at org.apache.ratis.thirdparty.io.grpc.ForwardingClientCallListener.onClose(ForwardingClientCallListener.java:23)
	at org.apache.ratis.thirdparty.io.grpc.ForwardingClientCallListener$SimpleForwardingClientCallListener.onClose(ForwardingClientCallListener.java:40)
	at org.apache.ratis.thirdparty.io.grpc.internal.ClientCallImpl.closeObserver(ClientCallImpl.java:563)
	at org.apache.ratis.thirdparty.io.grpc.internal.ClientCallImpl.access$300(ClientCallImpl.java:70)
	at org.apache.ratis.thirdparty.io.grpc.internal.ClientCallImpl$ClientStreamListenerImpl$1StreamClosed.runInternal(ClientCallImpl.java:744)
	at org.apache.ratis.thirdparty.io.grpc.internal.ClientCallImpl$ClientStreamListenerImpl$1StreamClosed.runInContext(ClientCallImpl.java:723)
	at org.apache.ratis.thirdparty.io.grpc.internal.ContextRunnable.run(ContextRunnable.java:37)
	at org.apache.ratis.thirdparty.io.grpc.internal.SerializingExecutor.run(SerializingExecutor.java:133)
	at java.base/java.util.concurrent.ThreadPoolExecutor.runWorker(ThreadPoolExecutor.java:1128)
	at java.base/java.util.concurrent.ThreadPoolExecutor$Worker.run(ThreadPoolExecutor.java:628)
	at java.base/java.lang.Thread.run(Thread.java:829)

Aug 18, 2023 3:36:01 AM org.apache.ratis.thirdparty.io.grpc.internal.SerializingExecutor run
SEVERE: Exception while executing runnable org.apache.ratis.thirdparty.io.grpc.internal.ClientCallImpl$ClientStreamListenerImpl$1StreamClosed@6004b2d7
java.lang.NullPointerException
	at org.apache.ratis.grpc.server.GrpcLogAppender.resetClient(GrpcLogAppender.java:126)
	at org.apache.ratis.grpc.server.GrpcLogAppender.access$700(GrpcLogAppender.java:60)
	at org.apache.ratis.grpc.server.GrpcLogAppender$InstallSnapshotResponseHandler.onError(GrpcLogAppender.java:614)
	at org.apache.ratis.thirdparty.io.grpc.stub.ClientCalls$StreamObserverToCallListenerAdapter.onClose(ClientCalls.java:487)
	at org.apache.ratis.thirdparty.io.grpc.PartialForwardingClientCallListener.onClose(PartialForwardingClientCallListener.java:39)
	at org.apache.ratis.thirdparty.io.grpc.ForwardingClientCallListener.onClose(ForwardingClientCallListener.java:23)
	at org.apache.ratis.thirdparty.io.grpc.ForwardingClientCallListener$SimpleForwardingClientCallListener.onClose(ForwardingClientCallListener.java:40)
	at org.apache.ratis.thirdparty.io.grpc.internal.ClientCallImpl.closeObserver(ClientCallImpl.java:563)
	at org.apache.ratis.thirdparty.io.grpc.internal.ClientCallImpl.access$300(ClientCallImpl.java:70)
	at org.apache.ratis.thirdparty.io.grpc.internal.ClientCallImpl$ClientStreamListenerImpl$1StreamClosed.runInternal(ClientCallImpl.java:744)
	at org.apache.ratis.thirdparty.io.grpc.internal.ClientCallImpl$ClientStreamListenerImpl$1StreamClosed.runInContext(ClientCallImpl.java:723)
	at org.apache.ratis.thirdparty.io.grpc.internal.ContextRunnable.run(ContextRunnable.java:37)
	at org.apache.ratis.thirdparty.io.grpc.internal.SerializingExecutor.run(SerializingExecutor.java:133)
	at java.base/java.util.concurrent.ThreadPoolExecutor.runWorker(ThreadPoolExecutor.java:1128)
	at java.base/java.util.concurrent.ThreadPoolExecutor$Worker.run(ThreadPoolExecutor.java:628)
	at java.base/java.lang.Thread.run(Thread.java:829)

Aug 18, 2023 3:36:01 AM org.apache.ratis.thirdparty.io.grpc.internal.SerializingExecutor run
SEVERE: Exception while executing runnable org.apache.ratis.thirdparty.io.grpc.internal.ClientCallImpl$ClientStreamListenerImpl$1StreamClosed@7d40b684
java.lang.NullPointerException
	at org.apache.ratis.grpc.server.GrpcLogAppender.resetClient(GrpcLogAppender.java:126)
	at org.apache.ratis.grpc.server.GrpcLogAppender.access$700(GrpcLogAppender.java:60)
	at org.apache.ratis.grpc.server.GrpcLogAppender$AppendLogResponseHandler.onCompleted(GrpcLogAppender.java:463)
	at org.apache.ratis.thirdparty.io.grpc.stub.ClientCalls$StreamObserverToCallListenerAdapter.onClose(ClientCalls.java:485)
	at org.apache.ratis.thirdparty.io.grpc.internal.DelayedClientCall$DelayedListener$3.run(DelayedClientCall.java:471)
	at org.apache.ratis.thirdparty.io.grpc.internal.DelayedClientCall$DelayedListener.delayOrExecute(DelayedClientCall.java:435)
	at org.apache.ratis.thirdparty.io.grpc.internal.DelayedClientCall$DelayedListener.onClose(DelayedClientCall.java:468)
	at org.apache.ratis.thirdparty.io.grpc.internal.ClientCallImpl.closeObserver(ClientCallImpl.java:563)
	at org.apache.ratis.thirdparty.io.grpc.internal.ClientCallImpl.access$300(ClientCallImpl.java:70)
	at org.apache.ratis.thirdparty.io.grpc.internal.ClientCallImpl$ClientStreamListenerImpl$1StreamClosed.runInternal(ClientCallImpl.java:744)
	at org.apache.ratis.thirdparty.io.grpc.internal.ClientCallImpl$ClientStreamListenerImpl$1StreamClosed.runInContext(ClientCallImpl.java:723)
	at org.apache.ratis.thirdparty.io.grpc.internal.ContextRunnable.run(ContextRunnable.java:37)
	at org.apache.ratis.thirdparty.io.grpc.internal.SerializingExecutor.run(SerializingExecutor.java:133)
	at java.base/java.util.concurrent.ThreadPoolExecutor.runWorker(ThreadPoolExecutor.java:1128)
	at java.base/java.util.concurrent.ThreadPoolExecutor$Worker.run(ThreadPoolExecutor.java:628)
	at java.base/java.lang.Thread.run(Thread.java:829)

Aug 18, 2023 3:36:01 AM org.apache.ratis.thirdparty.io.grpc.internal.SerializingExecutor run
SEVERE: Exception while executing runnable org.apache.ratis.thirdparty.io.grpc.internal.ClientCallImpl$ClientStreamListenerImpl$1StreamClosed@1738d8f8
java.lang.NullPointerException
	at org.apache.ratis.grpc.server.GrpcLogAppender.resetClient(GrpcLogAppender.java:126)
	at org.apache.ratis.grpc.server.GrpcLogAppender.access$700(GrpcLogAppender.java:60)
	at org.apache.ratis.grpc.server.GrpcLogAppender$AppendLogResponseHandler.onCompleted(GrpcLogAppender.java:463)
	at org.apache.ratis.thirdparty.io.grpc.stub.ClientCalls$StreamObserverToCallListenerAdapter.onClose(ClientCalls.java:485)
	at org.apache.ratis.thirdparty.io.grpc.internal.DelayedClientCall$DelayedListener$3.run(DelayedClientCall.java:471)
	at org.apache.ratis.thirdparty.io.grpc.internal.DelayedClientCall$DelayedListener.delayOrExecute(DelayedClientCall.java:435)
	at org.apache.ratis.thirdparty.io.grpc.internal.DelayedClientCall$DelayedListener.onClose(DelayedClientCall.java:468)
	at org.apache.ratis.thirdparty.io.grpc.internal.ClientCallImpl.closeObserver(ClientCallImpl.java:563)
	at org.apache.ratis.thirdparty.io.grpc.internal.ClientCallImpl.access$300(ClientCallImpl.java:70)
	at org.apache.ratis.thirdparty.io.grpc.internal.ClientCallImpl$ClientStreamListenerImpl$1StreamClosed.runInternal(ClientCallImpl.java:744)
	at org.apache.ratis.thirdparty.io.grpc.internal.ClientCallImpl$ClientStreamListenerImpl$1StreamClosed.runInContext(ClientCallImpl.java:723)
	at org.apache.ratis.thirdparty.io.grpc.internal.ContextRunnable.run(ContextRunnable.java:37)
	at org.apache.ratis.thirdparty.io.grpc.internal.SerializingExecutor.run(SerializingExecutor.java:133)
	at java.base/java.util.concurrent.ThreadPoolExecutor.runWorker(ThreadPoolExecutor.java:1128)
	at java.base/java.util.concurrent.ThreadPoolExecutor$Worker.run(ThreadPoolExecutor.java:628)
	at java.base/java.lang.Thread.run(Thread.java:829)

]]></system-err>
  </testcase>
  <testcase name="testSeparateSnapshotInstallPath[1]" classname="org.apache.ratis.grpc.TestLeaderInstallSnapshot" time="1.764">
    <system-out><![CDATA[2023-08-18 03:37:40,282 [Time-limited test] INFO  impl.MiniRaftCluster (MiniRaftCluster.java:shutdown(831)) - ************************************************************** 
2023-08-18 03:37:40,282 [Time-limited test] INFO  impl.MiniRaftCluster (MiniRaftCluster.java:shutdown(832)) - *** 
2023-08-18 03:37:40,282 [Time-limited test] INFO  impl.MiniRaftCluster (MiniRaftCluster.java:shutdown(833)) - ***     Stopping MiniRaftClusterWithGrpc
2023-08-18 03:37:40,283 [Time-limited test] INFO  impl.MiniRaftCluster (MiniRaftCluster.java:shutdown(834)) - *** 
2023-08-18 03:37:40,283 [Time-limited test] INFO  impl.MiniRaftCluster (MiniRaftCluster.java:shutdown(835)) - ************************************************************** 
2023-08-18 03:37:40,283 [Time-limited test] INFO  impl.MiniRaftCluster (MiniRaftCluster.java:shutdown(836)) - printing ALL groups
  s0:  RUNNING  FOLLOWER s0@group-E264CA5F8311:t1, leader=null, voted=s0, raftlog=Memoized:s0@group-E264CA5F8311-SegmentedRaftLog:OPENED:c254, conf=255: peers:[s0|rpc:localhost:39295|admin:localhost:44843|client:localhost:40991|dataStream:localhost:40677|priority:0|startupRole:FOLLOWER, s1|rpc:0.0.0.0:34459|dataStream:|priority:0|startupRole:FOLLOWER, s2|rpc:0.0.0.0:43137|dataStream:|priority:0|startupRole:FOLLOWER]|listeners:[], old=peers:[s0|rpc:localhost:39295|admin:localhost:44843|client:localhost:40991|dataStream:localhost:40677|priority:0|startupRole:FOLLOWER]|listeners:[] RUNNING
  s1:  RUNNING  FOLLOWER s1@group-E264CA5F8311:t1, leader=s0, voted=null, raftlog=Memoized:s1@group-E264CA5F8311-SegmentedRaftLog:OPENED:c-1, conf=0: peers:[s0|rpc:localhost:39295|admin:localhost:44843|client:localhost:40991|dataStream:localhost:40677|priority:0|startupRole:FOLLOWER]|listeners:[], old=null STARTING
  s2:  RUNNING  FOLLOWER s2@group-E264CA5F8311:t1, leader=s0, voted=null, raftlog=Memoized:s2@group-E264CA5F8311-SegmentedRaftLog:OPENED:c-1, conf=0: peers:[s0|rpc:localhost:39295|admin:localhost:44843|client:localhost:40991|dataStream:localhost:40677|priority:0|startupRole:FOLLOWER]|listeners:[], old=null STARTING
2023-08-18 03:37:40,283 [Time-limited test] WARN  impl.MiniRaftCluster (MiniRaftCluster.java:shutdown(849)) - shutdown interrupted
java.lang.InterruptedException
	at java.base/java.util.concurrent.locks.AbstractQueuedSynchronizer$ConditionObject.awaitNanos(AbstractQueuedSynchronizer.java:2109)
	at java.base/java.util.concurrent.ThreadPoolExecutor.awaitTermination(ThreadPoolExecutor.java:1454)
	at org.apache.ratis.server.impl.MiniRaftCluster.shutdown(MiniRaftCluster.java:847)
	at org.apache.ratis.InstallSnapshotFromLeaderTests.testMultiFileInstallSnapshot(InstallSnapshotFromLeaderTests.java:128)
	at org.apache.ratis.server.impl.MiniRaftCluster$Factory$Get.runWithNewCluster(MiniRaftCluster.java:141)
	at org.apache.ratis.server.impl.MiniRaftCluster$Factory$Get.runWithNewCluster(MiniRaftCluster.java:121)
	at org.apache.ratis.InstallSnapshotFromLeaderTests.testMultiFileInstallSnapshot(InstallSnapshotFromLeaderTests.java:80)
	at java.base/jdk.internal.reflect.NativeMethodAccessorImpl.invoke0(Native Method)
	at java.base/jdk.internal.reflect.NativeMethodAccessorImpl.invoke(NativeMethodAccessorImpl.java:62)
	at java.base/jdk.internal.reflect.DelegatingMethodAccessorImpl.invoke(DelegatingMethodAccessorImpl.java:43)
	at java.base/java.lang.reflect.Method.invoke(Method.java:566)
	at org.junit.runners.model.FrameworkMethod$1.runReflectiveCall(FrameworkMethod.java:59)
	at org.junit.internal.runners.model.ReflectiveCallable.run(ReflectiveCallable.java:12)
	at org.junit.runners.model.FrameworkMethod.invokeExplosively(FrameworkMethod.java:56)
	at org.junit.internal.runners.statements.InvokeMethod.evaluate(InvokeMethod.java:17)
	at org.junit.internal.runners.statements.RunAfters.evaluate(RunAfters.java:27)
	at org.junit.internal.runners.statements.FailOnTimeout$CallableStatement.call(FailOnTimeout.java:299)
	at org.junit.internal.runners.statements.FailOnTimeout$CallableStatement.call(FailOnTimeout.java:293)
	at java.base/java.util.concurrent.FutureTask.run(FutureTask.java:264)
	at java.base/java.lang.Thread.run(Thread.java:829)
2023-08-18 03:37:40,283 [MiniRaftCluster-13] INFO  server.RaftServer (RaftServerProxy.java:lambda$close$7(418)) - s0: close
2023-08-18 03:37:40,284 [Time-limited test] INFO  impl.MiniRaftCluster (MiniRaftCluster.java:shutdown(855)) - MiniRaftClusterWithGrpc shutdown completed
2023-08-18 03:37:40,284 [MiniRaftCluster-13] INFO  server.GrpcService (GrpcService.java:closeImpl(311)) - s0: shutdown server org.apache.ratis.grpc.server.GrpcClientProtocolService now
2023-08-18 03:37:40,285 [s0-impl-thread2] INFO  server.RaftServer$Division (RaftServerImpl.java:lambda$close$3(508)) - s0@group-E264CA5F8311: shutdown
2023-08-18 03:37:40,285 [Time-limited test] INFO  impl.MiniRaftCluster (MiniRaftCluster.java:runWithNewCluster(143)) - printing ALL groups
  s0:  CLOSING  FOLLOWER s0@group-E264CA5F8311:t1, leader=null, voted=s0, raftlog=Memoized:s0@group-E264CA5F8311-SegmentedRaftLog:OPENED:c254, conf=255: peers:[s0|rpc:localhost:39295|admin:localhost:44843|client:localhost:40991|dataStream:localhost:40677|priority:0|startupRole:FOLLOWER, s1|rpc:0.0.0.0:34459|dataStream:|priority:0|startupRole:FOLLOWER, s2|rpc:0.0.0.0:43137|dataStream:|priority:0|startupRole:FOLLOWER]|listeners:[], old=peers:[s0|rpc:localhost:39295|admin:localhost:44843|client:localhost:40991|dataStream:localhost:40677|priority:0|startupRole:FOLLOWER]|listeners:[] CLOSING
  s1:  RUNNING  FOLLOWER s1@group-E264CA5F8311:t1, leader=s0, voted=null, raftlog=Memoized:s1@group-E264CA5F8311-SegmentedRaftLog:OPENED:c-1, conf=0: peers:[s0|rpc:localhost:39295|admin:localhost:44843|client:localhost:40991|dataStream:localhost:40677|priority:0|startupRole:FOLLOWER]|listeners:[], old=null STARTING
  s2:  RUNNING  FOLLOWER s2@group-E264CA5F8311:t1, leader=s0, voted=null, raftlog=Memoized:s2@group-E264CA5F8311-SegmentedRaftLog:OPENED:c-1, conf=0: peers:[s0|rpc:localhost:39295|admin:localhost:44843|client:localhost:40991|dataStream:localhost:40677|priority:0|startupRole:FOLLOWER]|listeners:[], old=null STARTING
2023-08-18 03:37:40,285 [s0-impl-thread2] INFO  util.JmxRegister (JmxRegister.java:unregister(73)) - Successfully un-registered JMX Bean with object name Ratis:service=RaftServer,group=group-E264CA5F8311,id=s0
2023-08-18 03:37:40,285 [s0-impl-thread2] INFO  impl.RoleInfo (RoleInfo.java:shutdownFollowerState(109)) - s0: shutdown s0@group-E264CA5F8311-FollowerState
2023-08-18 03:37:40,285 [Time-limited test] ERROR impl.MiniRaftCluster (MiniRaftCluster.java:runWithNewCluster(144)) - Failed org.apache.ratis.server.impl.MiniRaftCluster$Factory$Get.runWithNewCluster(MiniRaftCluster.java:121)
java.io.InterruptedIOException: retry policy=RetryForeverWithSleep(sleepTime = 100ms)
	at org.apache.ratis.client.impl.BlockingImpl.sendRequestWithRetry(BlockingImpl.java:130)
	at org.apache.ratis.client.impl.AdminImpl.setConfiguration(AdminImpl.java:46)
	at org.apache.ratis.client.api.AdminApi.setConfiguration(AdminApi.java:51)
	at org.apache.ratis.client.api.AdminApi.setConfiguration(AdminApi.java:45)
	at org.apache.ratis.server.impl.MiniRaftCluster.setConfiguration(MiniRaftCluster.java:820)
	at org.apache.ratis.InstallSnapshotFromLeaderTests.testMultiFileInstallSnapshot(InstallSnapshotFromLeaderTests.java:113)
	at org.apache.ratis.server.impl.MiniRaftCluster$Factory$Get.runWithNewCluster(MiniRaftCluster.java:141)
	at org.apache.ratis.server.impl.MiniRaftCluster$Factory$Get.runWithNewCluster(MiniRaftCluster.java:121)
	at org.apache.ratis.InstallSnapshotFromLeaderTests.testMultiFileInstallSnapshot(InstallSnapshotFromLeaderTests.java:80)
	at java.base/jdk.internal.reflect.NativeMethodAccessorImpl.invoke0(Native Method)
	at java.base/jdk.internal.reflect.NativeMethodAccessorImpl.invoke(NativeMethodAccessorImpl.java:62)
	at java.base/jdk.internal.reflect.DelegatingMethodAccessorImpl.invoke(DelegatingMethodAccessorImpl.java:43)
	at java.base/java.lang.reflect.Method.invoke(Method.java:566)
	at org.junit.runners.model.FrameworkMethod$1.runReflectiveCall(FrameworkMethod.java:59)
	at org.junit.internal.runners.model.ReflectiveCallable.run(ReflectiveCallable.java:12)
	at org.junit.runners.model.FrameworkMethod.invokeExplosively(FrameworkMethod.java:56)
	at org.junit.internal.runners.statements.InvokeMethod.evaluate(InvokeMethod.java:17)
	at org.junit.internal.runners.statements.RunAfters.evaluate(RunAfters.java:27)
	at org.junit.internal.runners.statements.FailOnTimeout$CallableStatement.call(FailOnTimeout.java:299)
	at org.junit.internal.runners.statements.FailOnTimeout$CallableStatement.call(FailOnTimeout.java:293)
	at java.base/java.util.concurrent.FutureTask.run(FutureTask.java:264)
	at java.base/java.lang.Thread.run(Thread.java:829)
2023-08-18 03:37:40,285 [Time-limited test] INFO  impl.MiniRaftCluster (MiniRaftCluster.java:shutdown(831)) - ************************************************************** 
2023-08-18 03:37:40,285 [Time-limited test] INFO  impl.MiniRaftCluster (MiniRaftCluster.java:shutdown(832)) - *** 
2023-08-18 03:37:40,285 [Time-limited test] INFO  impl.MiniRaftCluster (MiniRaftCluster.java:shutdown(833)) - ***     Stopping MiniRaftClusterWithGrpc
2023-08-18 03:37:40,285 [Time-limited test] INFO  impl.MiniRaftCluster (MiniRaftCluster.java:shutdown(834)) - *** 
2023-08-18 03:37:40,285 [Time-limited test] INFO  impl.MiniRaftCluster (MiniRaftCluster.java:shutdown(835)) - ************************************************************** 
2023-08-18 03:37:40,285 [MiniRaftCluster-14] INFO  server.RaftServer (RaftServerProxy.java:lambda$close$7(418)) - s1: close
2023-08-18 03:37:40,285 [s0-impl-thread2] INFO  impl.StateMachineUpdater (StateMachineUpdater.java:stopAndJoin(157)) - s0@group-E264CA5F8311-StateMachineUpdater: set stopIndex = 254
2023-08-18 03:37:40,285 [MiniRaftCluster-14] INFO  server.GrpcService (GrpcService.java:closeImpl(311)) - s1: shutdown server GrpcServerProtocolService now
2023-08-18 03:37:40,285 [MiniRaftCluster-15] INFO  server.RaftServer (RaftServerProxy.java:lambda$close$7(418)) - s2: close
2023-08-18 03:37:40,286 [s1-impl-thread2] INFO  server.RaftServer$Division (RaftServerImpl.java:lambda$close$3(508)) - s1@group-E264CA5F8311: shutdown
2023-08-18 03:37:40,287 [s1-impl-thread2] INFO  util.JmxRegister (JmxRegister.java:unregister(73)) - Successfully un-registered JMX Bean with object name Ratis:service=RaftServer,group=group-E264CA5F8311,id=s1
2023-08-18 03:37:40,287 [s1-impl-thread2] INFO  impl.StateMachineUpdater (StateMachineUpdater.java:stopAndJoin(157)) - s1@group-E264CA5F8311-StateMachineUpdater: set stopIndex = -1
2023-08-18 03:37:40,287 [MiniRaftCluster-15] INFO  server.GrpcService (GrpcService.java:closeImpl(311)) - s2: shutdown server GrpcServerProtocolService now
2023-08-18 03:37:40,287 [s2-impl-thread2] INFO  server.RaftServer$Division (RaftServerImpl.java:lambda$close$3(508)) - s2@group-E264CA5F8311: shutdown
2023-08-18 03:37:40,287 [s2-impl-thread2] INFO  util.JmxRegister (JmxRegister.java:unregister(73)) - Successfully un-registered JMX Bean with object name Ratis:service=RaftServer,group=group-E264CA5F8311,id=s2
2023-08-18 03:37:40,287 [s2-impl-thread2] INFO  impl.StateMachineUpdater (StateMachineUpdater.java:stopAndJoin(157)) - s2@group-E264CA5F8311-StateMachineUpdater: set stopIndex = -1
2023-08-18 03:37:40,289 [Time-limited test] INFO  impl.MiniRaftCluster (MiniRaftCluster.java:shutdown(836)) - printing ALL groups
  s0:  CLOSING  FOLLOWER s0@group-E264CA5F8311:t1, leader=null, voted=s0, raftlog=Memoized:s0@group-E264CA5F8311-SegmentedRaftLog:OPENED:c254, conf=255: peers:[s0|rpc:localhost:39295|admin:localhost:44843|client:localhost:40991|dataStream:localhost:40677|priority:0|startupRole:FOLLOWER, s1|rpc:0.0.0.0:34459|dataStream:|priority:0|startupRole:FOLLOWER, s2|rpc:0.0.0.0:43137|dataStream:|priority:0|startupRole:FOLLOWER]|listeners:[], old=peers:[s0|rpc:localhost:39295|admin:localhost:44843|client:localhost:40991|dataStream:localhost:40677|priority:0|startupRole:FOLLOWER]|listeners:[] CLOSING
  s1:  CLOSING  FOLLOWER s1@group-E264CA5F8311:t1, leader=s0, voted=null, raftlog=Memoized:s1@group-E264CA5F8311-SegmentedRaftLog:OPENED:c-1, conf=0: peers:[s0|rpc:localhost:39295|admin:localhost:44843|client:localhost:40991|dataStream:localhost:40677|priority:0|startupRole:FOLLOWER]|listeners:[], old=null CLOSING
  s2:  CLOSING  FOLLOWER s2@group-E264CA5F8311:t1, leader=s0, voted=null, raftlog=Memoized:s2@group-E264CA5F8311-SegmentedRaftLog:OPENED:c-1, conf=0: peers:[s0|rpc:localhost:39295|admin:localhost:44843|client:localhost:40991|dataStream:localhost:40677|priority:0|startupRole:FOLLOWER]|listeners:[], old=null CLOSING
2023-08-18 03:37:40,289 [s0@group-E264CA5F8311-FollowerState] INFO  impl.FollowerState (FollowerState.java:run(152)) - s0@group-E264CA5F8311-FollowerState was interrupted
2023-08-18 03:37:40,290 [s2-impl-thread2] INFO  server.RaftServer$Division (ServerState.java:close(415)) - s2@group-E264CA5F8311: applyIndex: -1
2023-08-18 03:37:40,290 [s1-impl-thread2] INFO  server.RaftServer$Division (ServerState.java:close(415)) - s1@group-E264CA5F8311: applyIndex: -1
2023-08-18 03:37:40,290 [Thread-2643] INFO  server.GrpcServerProtocolClient (GrpcServerProtocolClient.java:close(104)) - s1 Close channels
2023-08-18 03:37:40,291 [Thread-2644] INFO  server.GrpcServerProtocolClient (GrpcServerProtocolClient.java:close(104)) - s2 Close channels

2023-08-18 03:37:40,289 org.junit.runners.model.TestTimedOutException: test timed out after 100 seconds
	at java.base@11.0.20/java.lang.Thread.sleep(Native Method)
	at java.base@11.0.20/java.lang.Thread.sleep(Thread.java:334)
	at java.base@11.0.20/java.util.concurrent.TimeUnit.sleep(TimeUnit.java:446)
	at app//org.apache.ratis.util.TimeDuration.sleep(TimeDuration.java:325)
	at app//org.apache.ratis.util.TimeDuration.sleep(TimeDuration.java:310)
	at app//org.apache.ratis.client.impl.BlockingImpl.sendRequestWithRetry(BlockingImpl.java:128)
	at app//org.apache.ratis.client.impl.AdminImpl.setConfiguration(AdminImpl.java:46)
	at app//org.apache.ratis.client.api.AdminApi.setConfiguration(AdminApi.java:51)
	at app//org.apache.ratis.client.api.AdminApi.setConfiguration(AdminApi.java:45)
	at app//org.apache.ratis.server.impl.MiniRaftCluster.setConfiguration(MiniRaftCluster.java:820)
	at app//org.apache.ratis.InstallSnapshotFromLeaderTests.testMultiFileInstallSnapshot(InstallSnapshotFromLeaderTests.java:113)
	at app//org.apache.ratis.InstallSnapshotFromLeaderTests$$Lambda$68/0x000000010014fc40.accept(Unknown Source)
	at app//org.apache.ratis.server.impl.MiniRaftCluster$Factory$Get.runWithNewCluster(MiniRaftCluster.java:141)
	at app//org.apache.ratis.server.impl.MiniRaftCluster$Factory$Get.runWithNewCluster(MiniRaftCluster.java:121)
	at app//org.apache.ratis.InstallSnapshotFromLeaderTests.testMultiFileInstallSnapshot(InstallSnapshotFromLeaderTests.java:80)
	at java.base@11.0.20/jdk.internal.reflect.NativeMethodAccessorImpl.invoke0(Native Method)
	at java.base@11.0.20/jdk.internal.reflect.NativeMethodAccessorImpl.invoke(NativeMethodAccessorImpl.java:62)
	at java.base@11.0.20/jdk.internal.reflect.DelegatingMethodAccessorImpl.invoke(DelegatingMethodAccessorImpl.java:43)
	at java.base@11.0.20/java.lang.reflect.Method.invoke(Method.java:566)
	at app//org.junit.runners.model.FrameworkMethod$1.runReflectiveCall(FrameworkMethod.java:59)
	at app//org.junit.internal.runners.model.ReflectiveCallable.run(ReflectiveCallable.java:12)
	at app//org.junit.runners.model.FrameworkMethod.invokeExplosively(FrameworkMethod.java:56)
	at app//org.junit.internal.runners.statements.InvokeMethod.evaluate(InvokeMethod.java:17)
	at app//org.junit.internal.runners.statements.RunAfters.evaluate(RunAfters.java:27)
	at app//org.junit.internal.runners.statements.FailOnTimeout$CallableStatement.call(FailOnTimeout.java:299)
	at app//org.junit.internal.runners.statements.FailOnTimeout$CallableStatement.call(FailOnTimeout.java:293)
	at java.base@11.0.20/java.util.concurrent.FutureTask.run(FutureTask.java:264)
	at java.base@11.0.20/java.lang.Thread.run(Thread.java:829)
2023-08-18 03:37:40,292 [JvmPauseMonitor6] INFO  util.JvmPauseMonitor (JvmPauseMonitor.java:run(111)) - JvmPauseMonitor-s0: Stopped
2023-08-18 03:37:40,292 [JvmPauseMonitor7] INFO  util.JvmPauseMonitor (JvmPauseMonitor.java:run(111)) - JvmPauseMonitor-s1: Stopped
2023-08-18 03:37:40,292 [Time-limited test] WARN  impl.MiniRaftCluster (MiniRaftCluster.java:shutdown(849)) - shutdown interrupted
java.lang.InterruptedException
	at java.base/java.util.concurrent.locks.AbstractQueuedSynchronizer$ConditionObject.awaitNanos(AbstractQueuedSynchronizer.java:2109)
	at java.base/java.util.concurrent.ThreadPoolExecutor.awaitTermination(ThreadPoolExecutor.java:1454)
	at org.apache.ratis.server.impl.MiniRaftCluster.shutdown(MiniRaftCluster.java:847)
	at org.apache.ratis.server.impl.MiniRaftCluster$Factory$Get.runWithNewCluster(MiniRaftCluster.java:147)
	at org.apache.ratis.server.impl.MiniRaftCluster$Factory$Get.runWithNewCluster(MiniRaftCluster.java:121)
	at org.apache.ratis.InstallSnapshotFromLeaderTests.testMultiFileInstallSnapshot(InstallSnapshotFromLeaderTests.java:80)
	at java.base/jdk.internal.reflect.NativeMethodAccessorImpl.invoke0(Native Method)
	at java.base/jdk.internal.reflect.NativeMethodAccessorImpl.invoke(NativeMethodAccessorImpl.java:62)
	at java.base/jdk.internal.reflect.DelegatingMethodAccessorImpl.invoke(DelegatingMethodAccessorImpl.java:43)
	at java.base/java.lang.reflect.Method.invoke(Method.java:566)
	at org.junit.runners.model.FrameworkMethod$1.runReflectiveCall(FrameworkMethod.java:59)
	at org.junit.internal.runners.model.ReflectiveCallable.run(ReflectiveCallable.java:12)
	at org.junit.runners.model.FrameworkMethod.invokeExplosively(FrameworkMethod.java:56)
	at org.junit.internal.runners.statements.InvokeMethod.evaluate(InvokeMethod.java:17)
	at org.junit.internal.runners.statements.RunAfters.evaluate(RunAfters.java:27)
	at org.junit.internal.runners.statements.FailOnTimeout$CallableStatement.call(FailOnTimeout.java:299)
	at org.junit.internal.runners.statements.FailOnTimeout$CallableStatement.call(FailOnTimeout.java:293)
	at java.base/java.util.concurrent.FutureTask.run(FutureTask.java:264)
	at java.base/java.lang.Thread.run(Thread.java:829)
2023-08-18 03:37:40,295 [Time-limited test] INFO  impl.MiniRaftCluster (MiniRaftCluster.java:shutdown(855)) - MiniRaftClusterWithGrpc shutdown completed
2023-08-18 03:37:40,294 [MiniRaftCluster-14] INFO  server.GrpcService (GrpcService.java:closeImpl(320)) - s1: shutdown server GrpcServerProtocolService successfully
2023-08-18 03:37:40,293 [MiniRaftCluster-15] INFO  server.GrpcService (GrpcService.java:closeImpl(320)) - s2: shutdown server GrpcServerProtocolService successfully
2023-08-18 03:37:40,308 [MiniRaftCluster-13] INFO  server.GrpcService (GrpcService.java:closeImpl(320)) - s0: shutdown server org.apache.ratis.grpc.server.GrpcClientProtocolService successfully
2023-08-18 03:37:40,308 [MiniRaftCluster-13] INFO  server.GrpcService (GrpcService.java:closeImpl(311)) - s0: shutdown server GrpcServerProtocolService now
2023-08-18 03:37:40,309 [JvmPauseMonitor8] INFO  util.JvmPauseMonitor (JvmPauseMonitor.java:run(111)) - JvmPauseMonitor-s2: Stopped
2023-08-18 03:37:40,312 [s0@group-E264CA5F8311-StateMachineUpdater] INFO  impl.StateMachineUpdater (StateMachineUpdater.java:takeSnapshot(295)) - s0@group-E264CA5F8311-StateMachineUpdater: Took a snapshot at index 254
2023-08-18 03:37:40,312 [s0@group-E264CA5F8311-StateMachineUpdater] INFO  impl.StateMachineUpdater (StateMachineUpdater.java:lambda$new$0(98)) - s0@group-E264CA5F8311-StateMachineUpdater: snapshotIndex: updateIncreasingly 191 -> 254
2023-08-18 03:37:40,312 [s0@group-E264CA5F8311-StateMachineUpdater] INFO  raftlog.RaftLog (RaftLogBase.java:purge(315)) - s0@group-E264CA5F8311-SegmentedRaftLog: purge 254
2023-08-18 03:37:40,313 [s0@group-E264CA5F8311-StateMachineUpdater] INFO  raftlog.RaftLog (RaftLogBase.java:lambda$new$0(54)) - s0@group-E264CA5F8311-SegmentedRaftLog: snapshotIndex: updateIncreasingly 191 -> 254
2023-08-18 03:37:40,313 [s0@group-E264CA5F8311-StateMachineUpdater] INFO  raftlog.RaftLog (RaftLogBase.java:lambda$new$0(54)) - s0@group-E264CA5F8311-SegmentedRaftLog: purgeIndex: updateToMax old=191, new=254, updated? true
2023-08-18 03:37:40,313 [s0-impl-thread2] INFO  server.RaftServer$Division (ServerState.java:close(415)) - s0@group-E264CA5F8311: applyIndex: 254
2023-08-18 03:37:40,320 [MiniRaftCluster-13] INFO  server.GrpcService (GrpcService.java:closeImpl(320)) - s0: shutdown server GrpcServerProtocolService successfully
2023-08-18 03:37:40,320 [MiniRaftCluster-13] INFO  server.GrpcService (GrpcService.java:closeImpl(311)) - s0: shutdown server org.apache.ratis.grpc.server.GrpcAdminProtocolService now
"main" prio=5 Id=1 RUNNABLE
	at java.management@11.0.20/sun.management.ThreadImpl.dumpThreads0(Native Method)
	at java.management@11.0.20/sun.management.ThreadImpl.dumpAllThreads(ThreadImpl.java:521)
	at java.management@11.0.20/sun.management.ThreadImpl.dumpAllThreads(ThreadImpl.java:509)
	at app//org.apache.ratis.util.JavaUtils.dumpAllThreads(JavaUtils.java:261)
	at app//org.apache.ratis.JUnitRunListener.testFailure(JUnitRunListener.java:65)
	at app//org.junit.runner.notification.SynchronizedRunListener.testFailure(SynchronizedRunListener.java:94)
	-  locked org.apache.maven.surefire.common.junit4.Notifier@5b94b04d
	at app//org.junit.runner.notification.RunNotifier$6.notifyListener(RunNotifier.java:177)
	at app//org.junit.runner.notification.RunNotifier$SafeNotifier.run(RunNotifier.java:72)
	...


"Reference Handler" daemon prio=10 Id=2 RUNNABLE
	at java.base@11.0.20/java.lang.ref.Reference.waitForReferencePendingList(Native Method)
	at java.base@11.0.20/java.lang.ref.Reference.processPendingReferences(Reference.java:241)
	at java.base@11.0.20/java.lang.ref.Reference$ReferenceHandler.run(Reference.java:213)


"Finalizer" daemon prio=8 Id=3 WAITING on java.lang.ref.ReferenceQueue$Lock@8c3b9d
	at java.base@11.0.20/java.lang.Object.wait(Native Method)
	-  waiting on java.lang.ref.ReferenceQueue$Lock@8c3b9d
	at java.base@11.0.20/java.lang.ref.ReferenceQueue.remove(ReferenceQueue.java:155)
	at java.base@11.0.20/java.lang.ref.ReferenceQueue.remove(ReferenceQueue.java:176)
	at java.base@11.0.20/java.lang.ref.Finalizer$FinalizerThread.run(Finalizer.java:170)


"Signal Dispatcher" daemon prio=9 Id=4 RUNNABLE


"Common-Cleaner" daemon prio=8 Id=9 TIMED_WAITING on java.lang.ref.ReferenceQueue$Lock@4c39bec8
	at java.base@11.0.20/java.lang.Object.wait(Native Method)
	-  waiting on java.lang.ref.ReferenceQueue$Lock@4c39bec8
	at java.base@11.0.20/java.lang.ref.ReferenceQueue.remove(ReferenceQueue.java:155)
	at java.base@11.0.20/jdk.internal.ref.CleanerImpl.run(CleanerImpl.java:148)
	at java.base@11.0.20/java.lang.Thread.run(Thread.java:829)
	at java.base@11.0.20/jdk.internal.misc.InnocuousThread.run(InnocuousThread.java:161)


"surefire-forkedjvm-stream-flusher" daemon prio=5 Id=10 TIMED_WAITING on java.util.concurrent.locks.AbstractQueuedSynchronizer$ConditionObject@f79e
	at java.base@11.0.20/jdk.internal.misc.Unsafe.park(Native Method)
	-  waiting on java.util.concurrent.locks.AbstractQueuedSynchronizer$ConditionObject@f79e
	at java.base@11.0.20/java.util.concurrent.locks.LockSupport.parkNanos(LockSupport.java:234)
	at java.base@11.0.20/java.util.concurrent.locks.AbstractQueuedSynchronizer$ConditionObject.awaitNanos(AbstractQueuedSynchronizer.java:2123)
	at java.base@11.0.20/java.util.concurrent.ScheduledThreadPoolExecutor$DelayedWorkQueue.take(ScheduledThreadPoolExecutor.java:1182)
	at java.base@11.0.20/java.util.concurrent.ScheduledThreadPoolExecutor$DelayedWorkQueue.take(ScheduledThreadPoolExecutor.java:899)
	at java.base@11.0.20/java.util.concurrent.ThreadPoolExecutor.getTask(ThreadPoolExecutor.java:1054)
	at java.base@11.0.20/java.util.concurrent.ThreadPoolExecutor.runWorker(ThreadPoolExecutor.java:1114)
	at java.base@11.0.20/java.util.concurrent.ThreadPoolExecutor$Worker.run(ThreadPoolExecutor.java:628)
	...


"surefire-forkedjvm-command-thread" daemon prio=5 Id=12 RUNNABLE (in native)
	at java.base@11.0.20/java.io.FileInputStream.readBytes(Native Method)
	at java.base@11.0.20/java.io.FileInputStream.read(FileInputStream.java:279)
	at java.base@11.0.20/java.io.BufferedInputStream.read1(BufferedInputStream.java:290)
	at java.base@11.0.20/java.io.BufferedInputStream.read(BufferedInputStream.java:351)
	-  locked java.io.BufferedInputStream@7ee8290b
	at java.base@11.0.20/java.io.BufferedInputStream.fill(BufferedInputStream.java:252)
	at java.base@11.0.20/java.io.BufferedInputStream.read1(BufferedInputStream.java:292)
	at java.base@11.0.20/java.io.BufferedInputStream.read(BufferedInputStream.java:351)
	-  locked java.io.BufferedInputStream@1f59a598
	at app//org.apache.maven.surefire.api.util.internal.Channels$3.readImpl(Channels.java:169)
	...


"grpc-default-boss-ELG-1-1" daemon prio=5 Id=22 RUNNABLE (in native)
	at app//org.apache.ratis.thirdparty.io.netty.channel.epoll.Native.epollWait(Native Method)
	at app//org.apache.ratis.thirdparty.io.netty.channel.epoll.Native.epollWait(Native.java:209)
	at app//org.apache.ratis.thirdparty.io.netty.channel.epoll.Native.epollWait(Native.java:202)
	at app//org.apache.ratis.thirdparty.io.netty.channel.epoll.EpollEventLoop.epollWaitNoTimerChange(EpollEventLoop.java:306)
	at app//org.apache.ratis.thirdparty.io.netty.channel.epoll.EpollEventLoop.run(EpollEventLoop.java:363)
	at app//org.apache.ratis.thirdparty.io.netty.util.concurrent.SingleThreadEventExecutor$4.run(SingleThreadEventExecutor.java:997)
	at app//org.apache.ratis.thirdparty.io.netty.util.internal.ThreadExecutorMap$2.run(ThreadExecutorMap.java:74)
	at app//org.apache.ratis.thirdparty.io.netty.util.concurrent.FastThreadLocalRunnable.run(FastThreadLocalRunnable.java:30)
	...


"grpc-default-worker-ELG-3-1" daemon prio=5 Id=27 RUNNABLE
	at app//org.apache.ratis.thirdparty.io.netty.channel.epoll.Native.epollWait0(Native Method)
	at app//org.apache.ratis.thirdparty.io.netty.channel.epoll.Native.epollWait(Native.java:182)
	at app//org.apache.ratis.thirdparty.io.netty.channel.epoll.EpollEventLoop.epollWait(EpollEventLoop.java:302)
	at app//org.apache.ratis.thirdparty.io.netty.channel.epoll.EpollEventLoop.run(EpollEventLoop.java:366)
	at app//org.apache.ratis.thirdparty.io.netty.util.concurrent.SingleThreadEventExecutor$4.run(SingleThreadEventExecutor.java:997)
	at app//org.apache.ratis.thirdparty.io.netty.util.internal.ThreadExecutorMap$2.run(ThreadExecutorMap.java:74)
	at app//org.apache.ratis.thirdparty.io.netty.util.concurrent.FastThreadLocalRunnable.run(FastThreadLocalRunnable.java:30)
	at java.base@11.0.20/java.lang.Thread.run(Thread.java:829)


"grpc-default-executor-0" daemon prio=5 Id=28 TIMED_WAITING on java.util.concurrent.SynchronousQueue$TransferStack@1e178745
	at java.base@11.0.20/jdk.internal.misc.Unsafe.park(Native Method)
	-  waiting on java.util.concurrent.SynchronousQueue$TransferStack@1e178745
	at java.base@11.0.20/java.util.concurrent.locks.LockSupport.parkNanos(LockSupport.java:234)
	at java.base@11.0.20/java.util.concurrent.SynchronousQueue$TransferStack.awaitFulfill(SynchronousQueue.java:462)
	at java.base@11.0.20/java.util.concurrent.SynchronousQueue$TransferStack.transfer(SynchronousQueue.java:361)
	at java.base@11.0.20/java.util.concurrent.SynchronousQueue.poll(SynchronousQueue.java:937)
	at java.base@11.0.20/java.util.concurrent.ThreadPoolExecutor.getTask(ThreadPoolExecutor.java:1053)
	at java.base@11.0.20/java.util.concurrent.ThreadPoolExecutor.runWorker(ThreadPoolExecutor.java:1114)
	at java.base@11.0.20/java.util.concurrent.ThreadPoolExecutor$Worker.run(ThreadPoolExecutor.java:628)
	...


"grpc-default-worker-ELG-3-2" daemon prio=5 Id=29 RUNNABLE (in native)
	at app//org.apache.ratis.thirdparty.io.netty.channel.epoll.Native.epollWait0(Native Method)
	at app//org.apache.ratis.thirdparty.io.netty.channel.epoll.Native.epollWait(Native.java:182)
	at app//org.apache.ratis.thirdparty.io.netty.channel.epoll.EpollEventLoop.epollWait(EpollEventLoop.java:302)
	at app//org.apache.ratis.thirdparty.io.netty.channel.epoll.EpollEventLoop.run(EpollEventLoop.java:366)
	at app//org.apache.ratis.thirdparty.io.netty.util.concurrent.SingleThreadEventExecutor$4.run(SingleThreadEventExecutor.java:997)
	at app//org.apache.ratis.thirdparty.io.netty.util.internal.ThreadExecutorMap$2.run(ThreadExecutorMap.java:74)
	at app//org.apache.ratis.thirdparty.io.netty.util.concurrent.FastThreadLocalRunnable.run(FastThreadLocalRunnable.java:30)
	at java.base@11.0.20/java.lang.Thread.run(Thread.java:829)


"timer1" daemon prio=5 Id=51 WAITING on java.util.TaskQueue@192c3f1e
	at java.base@11.0.20/java.lang.Object.wait(Native Method)
	-  waiting on java.util.TaskQueue@192c3f1e
	at java.base@11.0.20/java.lang.Object.wait(Object.java:328)
	at java.base@11.0.20/java.util.TimerThread.mainLoop(Timer.java:527)
	at java.base@11.0.20/java.util.TimerThread.run(Timer.java:506)


"timer3" daemon prio=5 Id=53 WAITING on java.util.TaskQueue@26b3fd41
	at java.base@11.0.20/java.lang.Object.wait(Native Method)
	-  waiting on java.util.TaskQueue@26b3fd41
	at java.base@11.0.20/java.lang.Object.wait(Object.java:328)
	at java.base@11.0.20/java.util.TimerThread.mainLoop(Timer.java:527)
	at java.base@11.0.20/java.util.TimerThread.run(Timer.java:506)


"timer4" daemon prio=5 Id=54 WAITING on java.util.TaskQueue@7494f96a
	at java.base@11.0.20/java.lang.Object.wait(Native Method)
	-  waiting on java.util.TaskQueue@7494f96a
	at java.base@11.0.20/java.lang.Object.wait(Object.java:328)
	at java.base@11.0.20/java.util.TimerThread.mainLoop(Timer.java:527)
	at java.base@11.0.20/java.util.TimerThread.run(Timer.java:506)


"timer2" daemon prio=5 Id=52 WAITING on java.util.TaskQueue@561b6512
	at java.base@11.0.20/java.lang.Object.wait(Native Method)
	-  waiting on java.util.TaskQueue@561b6512
	at java.base@11.0.20/java.lang.Object.wait(Object.java:328)
	at java.base@11.0.20/java.util.TimerThread.mainLoop(Timer.java:527)
	at java.base@11.0.20/java.util.TimerThread.run(Timer.java:506)


"timer5" daemon prio=5 Id=55 WAITING on java.util.TaskQueue@2e377400
	at java.base@11.0.20/java.lang.Object.wait(Native Method)
	-  waiting on java.util.TaskQueue@2e377400
	at java.base@11.0.20/java.lang.Object.wait(Object.java:328)
	at java.base@11.0.20/java.util.TimerThread.mainLoop(Timer.java:527)
	at java.base@11.0.20/java.util.TimerThread.run(Timer.java:506)


"timer7" daemon prio=5 Id=57 WAITING on java.util.TaskQueue@1757cd72
	at java.base@11.0.20/java.lang.Object.wait(Native Method)
	-  waiting on java.util.TaskQueue@1757cd72
	at java.base@11.0.20/java.lang.Object.wait(Object.java:328)
	at java.base@11.0.20/java.util.TimerThread.mainLoop(Timer.java:527)
	at java.base@11.0.20/java.util.TimerThread.run(Timer.java:506)


"timer0" daemon prio=5 Id=58 WAITING on java.util.TaskQueue@445b295b
	at java.base@11.0.20/java.lang.Object.wait(Native Method)
	-  waiting on java.util.TaskQueue@445b295b
	at java.base@11.0.20/java.lang.Object.wait(Object.java:328)
	at java.base@11.0.20/java.util.TimerThread.mainLoop(Timer.java:527)
	at java.base@11.0.20/java.util.TimerThread.run(Timer.java:506)


"timer6" daemon prio=5 Id=56 WAITING on java.util.TaskQueue@49e5f737
	at java.base@11.0.20/java.lang.Object.wait(Native Method)
	-  waiting on java.util.TaskQueue@49e5f737
	at java.base@11.0.20/java.lang.Object.wait(Object.java:328)
	at java.base@11.0.20/java.util.TimerThread.mainLoop(Timer.java:527)
	at java.base@11.0.20/java.util.TimerThread.run(Timer.java:506)


"grpc-default-executor-3" daemon prio=5 Id=59 TIMED_WAITING on java.util.concurrent.SynchronousQueue$TransferStack@1e178745
	at java.base@11.0.20/jdk.internal.misc.Unsafe.park(Native Method)
	-  waiting on java.util.concurrent.SynchronousQueue$TransferStack@1e178745
	at java.base@11.0.20/java.util.concurrent.locks.LockSupport.parkNanos(LockSupport.java:234)
	at java.base@11.0.20/java.util.concurrent.SynchronousQueue$TransferStack.awaitFulfill(SynchronousQueue.java:462)
	at java.base@11.0.20/java.util.concurrent.SynchronousQueue$TransferStack.transfer(SynchronousQueue.java:361)
	at java.base@11.0.20/java.util.concurrent.SynchronousQueue.poll(SynchronousQueue.java:937)
	at java.base@11.0.20/java.util.concurrent.ThreadPoolExecutor.getTask(ThreadPoolExecutor.java:1053)
	at java.base@11.0.20/java.util.concurrent.ThreadPoolExecutor.runWorker(ThreadPoolExecutor.java:1114)
	at java.base@11.0.20/java.util.concurrent.ThreadPoolExecutor$Worker.run(ThreadPoolExecutor.java:628)
	...


"grpc-shared-destroyer-0" daemon prio=5 Id=84 WAITING on java.util.concurrent.locks.AbstractQueuedSynchronizer$ConditionObject@5c671d7f
	at java.base@11.0.20/jdk.internal.misc.Unsafe.park(Native Method)
	-  waiting on java.util.concurrent.locks.AbstractQueuedSynchronizer$ConditionObject@5c671d7f
	at java.base@11.0.20/java.util.concurrent.locks.LockSupport.park(LockSupport.java:194)
	at java.base@11.0.20/java.util.concurrent.locks.AbstractQueuedSynchronizer$ConditionObject.await(AbstractQueuedSynchronizer.java:2081)
	at java.base@11.0.20/java.util.concurrent.ScheduledThreadPoolExecutor$DelayedWorkQueue.take(ScheduledThreadPoolExecutor.java:1170)
	at java.base@11.0.20/java.util.concurrent.ScheduledThreadPoolExecutor$DelayedWorkQueue.take(ScheduledThreadPoolExecutor.java:899)
	at java.base@11.0.20/java.util.concurrent.ThreadPoolExecutor.getTask(ThreadPoolExecutor.java:1054)
	at java.base@11.0.20/java.util.concurrent.ThreadPoolExecutor.runWorker(ThreadPoolExecutor.java:1114)
	at java.base@11.0.20/java.util.concurrent.ThreadPoolExecutor$Worker.run(ThreadPoolExecutor.java:628)
	...


"s0@group-E264CA5F8311-SegmentedRaftLogWorker" daemon prio=5 Id=150 TIMED_WAITING on java.util.concurrent.locks.AbstractQueuedSynchronizer$ConditionObject@757277dc
	at java.base@11.0.20/jdk.internal.misc.Unsafe.park(Native Method)
	-  waiting on java.util.concurrent.locks.AbstractQueuedSynchronizer$ConditionObject@757277dc
	at java.base@11.0.20/java.util.concurrent.locks.LockSupport.parkNanos(LockSupport.java:234)
	at java.base@11.0.20/java.util.concurrent.locks.AbstractQueuedSynchronizer$ConditionObject.awaitNanos(AbstractQueuedSynchronizer.java:2123)
	at app//org.apache.ratis.util.DataBlockingQueue.poll(DataBlockingQueue.java:148)
	at app//org.apache.ratis.server.raftlog.segmented.SegmentedRaftLogWorker.run(SegmentedRaftLogWorker.java:296)
	at app//org.apache.ratis.server.raftlog.segmented.SegmentedRaftLogWorker$$Lambda$335/0x00000001002df040.run(Unknown Source)
	at java.base@11.0.20/java.util.concurrent.Executors$RunnableAdapter.call(Executors.java:515)
	at java.base@11.0.20/java.util.concurrent.FutureTask.run(FutureTask.java:264)
	...

	Number of locked synchronizers = 1
	- java.util.concurrent.ThreadPoolExecutor$Worker@2056bea5


"s0@group-E264CA5F8311-StateMachineUpdater" daemon prio=5 Id=152 RUNNABLE
	at java.base@11.0.20/sun.nio.ch.FileDispatcherImpl.force0(Native Method)
	at java.base@11.0.20/sun.nio.ch.FileDispatcherImpl.force(FileDispatcherImpl.java:82)
	at java.base@11.0.20/sun.nio.ch.FileChannelImpl.force(FileChannelImpl.java:461)
	at app//org.apache.ratis.server.raftlog.segmented.BufferedWriteChannel.flush(BufferedWriteChannel.java:99)
	at app//org.apache.ratis.server.raftlog.segmented.SegmentedRaftLogOutputStream.<init>(SegmentedRaftLogOutputStream.java:81)
	at app//org.apache.ratis.server.raftlog.segmented.SegmentedRaftLogOutputStream.<init>(SegmentedRaftLogOutputStream.java:64)
	at app//org.apache.ratis.statemachine.impl.SimpleStateMachine4Testing.takeSnapshot(SimpleStateMachine4Testing.java:266)
	at app//org.apache.ratis.InstallSnapshotFromLeaderTests$StateMachineWithMultiNestedSnapshotFile.takeSnapshot(InstallSnapshotFromLeaderTests.java:187)
	...


"s0-server-thread1" daemon prio=5 Id=159 TIMED_WAITING on java.util.concurrent.SynchronousQueue$TransferStack@687e99d8
	at java.base@11.0.20/jdk.internal.misc.Unsafe.park(Native Method)
	-  waiting on java.util.concurrent.SynchronousQueue$TransferStack@687e99d8
	at java.base@11.0.20/java.util.concurrent.locks.LockSupport.parkNanos(LockSupport.java:234)
	at java.base@11.0.20/java.util.concurrent.SynchronousQueue$TransferStack.awaitFulfill(SynchronousQueue.java:462)
	at java.base@11.0.20/java.util.concurrent.SynchronousQueue$TransferStack.transfer(SynchronousQueue.java:361)
	at java.base@11.0.20/java.util.concurrent.SynchronousQueue.poll(SynchronousQueue.java:937)
	at java.base@11.0.20/java.util.concurrent.ThreadPoolExecutor.getTask(ThreadPoolExecutor.java:1053)
	at java.base@11.0.20/java.util.concurrent.ThreadPoolExecutor.runWorker(ThreadPoolExecutor.java:1114)
	at java.base@11.0.20/java.util.concurrent.ThreadPoolExecutor$Worker.run(ThreadPoolExecutor.java:628)
	...


"s1@group-E264CA5F8311-SegmentedRaftLogWorker" daemon prio=5 Id=168 TIMED_WAITING on java.util.concurrent.locks.AbstractQueuedSynchronizer$ConditionObject@e4487af
	at java.base@11.0.20/jdk.internal.misc.Unsafe.park(Native Method)
	-  waiting on java.util.concurrent.locks.AbstractQueuedSynchronizer$ConditionObject@e4487af
	at java.base@11.0.20/java.util.concurrent.locks.LockSupport.parkNanos(LockSupport.java:234)
	at java.base@11.0.20/java.util.concurrent.locks.AbstractQueuedSynchronizer$ConditionObject.awaitNanos(AbstractQueuedSynchronizer.java:2123)
	at app//org.apache.ratis.util.DataBlockingQueue.poll(DataBlockingQueue.java:148)
	at app//org.apache.ratis.server.raftlog.segmented.SegmentedRaftLogWorker.run(SegmentedRaftLogWorker.java:296)
	at app//org.apache.ratis.server.raftlog.segmented.SegmentedRaftLogWorker$$Lambda$335/0x00000001002df040.run(Unknown Source)
	at java.base@11.0.20/java.util.concurrent.Executors$RunnableAdapter.call(Executors.java:515)
	at java.base@11.0.20/java.util.concurrent.FutureTask.run(FutureTask.java:264)
	...

	Number of locked synchronizers = 1
	- java.util.concurrent.ThreadPoolExecutor$Worker@5edeb95e


"s2@group-E264CA5F8311-SegmentedRaftLogWorker" daemon prio=5 Id=171 TIMED_WAITING on java.util.concurrent.locks.AbstractQueuedSynchronizer$ConditionObject@6aaceffd
	at java.base@11.0.20/jdk.internal.misc.Unsafe.park(Native Method)
	-  waiting on java.util.concurrent.locks.AbstractQueuedSynchronizer$ConditionObject@6aaceffd
	at java.base@11.0.20/java.util.concurrent.locks.LockSupport.parkNanos(LockSupport.java:234)
	at java.base@11.0.20/java.util.concurrent.locks.AbstractQueuedSynchronizer$ConditionObject.awaitNanos(AbstractQueuedSynchronizer.java:2123)
	at app//org.apache.ratis.util.DataBlockingQueue.poll(DataBlockingQueue.java:148)
	at app//org.apache.ratis.server.raftlog.segmented.SegmentedRaftLogWorker.run(SegmentedRaftLogWorker.java:296)
	at app//org.apache.ratis.server.raftlog.segmented.SegmentedRaftLogWorker$$Lambda$335/0x00000001002df040.run(Unknown Source)
	at java.base@11.0.20/java.util.concurrent.Executors$RunnableAdapter.call(Executors.java:515)
	at java.base@11.0.20/java.util.concurrent.FutureTask.run(FutureTask.java:264)
	...

	Number of locked synchronizers = 1
	- java.util.concurrent.ThreadPoolExecutor$Worker@76328cc0


"JvmPauseMonitor8" daemon prio=5 Id=173 TIMED_WAITING
	at java.base@11.0.20/java.lang.Throwable.fillInStackTrace(Native Method)
	at java.base@11.0.20/java.lang.Throwable.fillInStackTrace(Throwable.java:787)
	-  locked java.lang.InterruptedException@c86b9e3
	at java.base@11.0.20/java.lang.Throwable.<init>(Throwable.java:270)
	at java.base@11.0.20/java.lang.Exception.<init>(Exception.java:66)
	at java.base@11.0.20/java.lang.InterruptedException.<init>(InterruptedException.java:67)
	at java.base@11.0.20/java.lang.Thread.sleep(Native Method)
	at java.base@11.0.20/java.lang.Thread.sleep(Thread.java:334)
	at java.base@11.0.20/java.util.concurrent.TimeUnit.sleep(TimeUnit.java:446)
	...


"grpc-default-executor-4" daemon prio=5 Id=178 TIMED_WAITING on java.util.concurrent.SynchronousQueue$TransferStack@1e178745
	at java.base@11.0.20/jdk.internal.misc.Unsafe.park(Native Method)
	-  waiting on java.util.concurrent.SynchronousQueue$TransferStack@1e178745
	at java.base@11.0.20/java.util.concurrent.locks.LockSupport.parkNanos(LockSupport.java:234)
	at java.base@11.0.20/java.util.concurrent.SynchronousQueue$TransferStack.awaitFulfill(SynchronousQueue.java:462)
	at java.base@11.0.20/java.util.concurrent.SynchronousQueue$TransferStack.transfer(SynchronousQueue.java:361)
	at java.base@11.0.20/java.util.concurrent.SynchronousQueue.poll(SynchronousQueue.java:937)
	at java.base@11.0.20/java.util.concurrent.ThreadPoolExecutor.getTask(ThreadPoolExecutor.java:1053)
	at java.base@11.0.20/java.util.concurrent.ThreadPoolExecutor.runWorker(ThreadPoolExecutor.java:1114)
	at java.base@11.0.20/java.util.concurrent.ThreadPoolExecutor$Worker.run(ThreadPoolExecutor.java:628)
	...


"s2-server-thread1" daemon prio=5 Id=179 TIMED_WAITING on java.util.concurrent.SynchronousQueue$TransferStack@10aa41f2
	at java.base@11.0.20/jdk.internal.misc.Unsafe.park(Native Method)
	-  waiting on java.util.concurrent.SynchronousQueue$TransferStack@10aa41f2
	at java.base@11.0.20/java.util.concurrent.locks.LockSupport.parkNanos(LockSupport.java:234)
	at java.base@11.0.20/java.util.concurrent.SynchronousQueue$TransferStack.awaitFulfill(SynchronousQueue.java:462)
	at java.base@11.0.20/java.util.concurrent.SynchronousQueue$TransferStack.transfer(SynchronousQueue.java:361)
	at java.base@11.0.20/java.util.concurrent.SynchronousQueue.poll(SynchronousQueue.java:937)
	at java.base@11.0.20/java.util.concurrent.ThreadPoolExecutor.getTask(ThreadPoolExecutor.java:1053)
	at java.base@11.0.20/java.util.concurrent.ThreadPoolExecutor.runWorker(ThreadPoolExecutor.java:1114)
	at java.base@11.0.20/java.util.concurrent.ThreadPoolExecutor$Worker.run(ThreadPoolExecutor.java:628)
	...


"s1-server-thread1" daemon prio=5 Id=182 TIMED_WAITING on java.util.concurrent.SynchronousQueue$TransferStack@3af9c5b7
	at java.base@11.0.20/jdk.internal.misc.Unsafe.park(Native Method)
	-  waiting on java.util.concurrent.SynchronousQueue$TransferStack@3af9c5b7
	at java.base@11.0.20/java.util.concurrent.locks.LockSupport.parkNanos(LockSupport.java:234)
	at java.base@11.0.20/java.util.concurrent.SynchronousQueue$TransferStack.awaitFulfill(SynchronousQueue.java:462)
	at java.base@11.0.20/java.util.concurrent.SynchronousQueue$TransferStack.transfer(SynchronousQueue.java:361)
	at java.base@11.0.20/java.util.concurrent.SynchronousQueue.poll(SynchronousQueue.java:937)
	at java.base@11.0.20/java.util.concurrent.ThreadPoolExecutor.getTask(ThreadPoolExecutor.java:1053)
	at java.base@11.0.20/java.util.concurrent.ThreadPoolExecutor.runWorker(ThreadPoolExecutor.java:1114)
	at java.base@11.0.20/java.util.concurrent.ThreadPoolExecutor$Worker.run(ThreadPoolExecutor.java:628)
	...


"MiniRaftCluster-13" daemon prio=5 Id=2661 WAITING on java.util.concurrent.CompletableFuture$Signaller@37271612
	at java.base@11.0.20/jdk.internal.misc.Unsafe.park(Native Method)
	-  waiting on java.util.concurrent.CompletableFuture$Signaller@37271612
	at java.base@11.0.20/java.util.concurrent.locks.LockSupport.park(LockSupport.java:194)
	at java.base@11.0.20/java.util.concurrent.CompletableFuture$Signaller.block(CompletableFuture.java:1796)
	at java.base@11.0.20/java.util.concurrent.ForkJoinPool.managedBlock(ForkJoinPool.java:3128)
	at java.base@11.0.20/java.util.concurrent.CompletableFuture.waitingGet(CompletableFuture.java:1823)
	at java.base@11.0.20/java.util.concurrent.CompletableFuture.join(CompletableFuture.java:2043)
	at app//org.apache.ratis.util.PeerProxyMap.close(PeerProxyMap.java:162)
	at app//org.apache.ratis.server.RaftServerRpcWithProxy.closeImpl(RaftServerRpcWithProxy.java:85)
	...

	Number of locked synchronizers = 1
	- java.util.concurrent.ThreadPoolExecutor$Worker@4c561b39


"MiniRaftCluster-14" daemon prio=5 Id=2662 RUNNABLE
	at app//org.apache.log4j.Category.callAppenders(Category.java:204)
	-  locked org.apache.log4j.spi.RootLogger@ed7f8b4
	at app//org.apache.log4j.Category.forcedLog(Category.java:384)
	at app//org.apache.log4j.Category.log(Category.java:810)
	at app//org.slf4j.reload4j.Reload4jLoggerAdapter.handleNormalizedLoggingCall(Reload4jLoggerAdapter.java:137)
	at app//org.slf4j.helpers.AbstractLogger.handle_1ArgsCall(AbstractLogger.java:386)
	at app//org.slf4j.helpers.AbstractLogger.info(AbstractLogger.java:209)
	at app//org.apache.ratis.grpc.server.GrpcService.closeImpl(GrpcService.java:320)
	at app//org.apache.ratis.server.RaftServerRpcWithProxy$$Lambda$795/0x000000010048ec40.run(Unknown Source)
	...

	Number of locked synchronizers = 1
	- java.util.concurrent.ThreadPoolExecutor$Worker@37acf403


2023-08-18 03:37:40,333 [MiniRaftCluster-13] INFO  server.GrpcService (GrpcService.java:closeImpl(320)) - s0: shutdown server org.apache.ratis.grpc.server.GrpcAdminProtocolService successfully
"MiniRaftCluster-15" daemon prio=5 Id=2663 BLOCKED on org.apache.log4j.spi.RootLogger@ed7f8b4 owned by "MiniRaftCluster-14" Id=2662
	at app//org.apache.log4j.Category.callAppenders(Category.java:204)
	-  blocked on org.apache.log4j.spi.RootLogger@ed7f8b4
	at app//org.apache.log4j.Category.forcedLog(Category.java:384)
	at app//org.apache.log4j.Category.log(Category.java:810)
	at app//org.slf4j.reload4j.Reload4jLoggerAdapter.handleNormalizedLoggingCall(Reload4jLoggerAdapter.java:137)
	at app//org.slf4j.helpers.AbstractLogger.handle_1ArgsCall(AbstractLogger.java:386)
	at app//org.slf4j.helpers.AbstractLogger.info(AbstractLogger.java:209)
	at app//org.apache.ratis.grpc.server.GrpcService.closeImpl(GrpcService.java:320)
	at app//org.apache.ratis.server.RaftServerRpcWithProxy$$Lambda$795/0x000000010048ec40.run(Unknown Source)
	...

	Number of locked synchronizers = 1
	- java.util.concurrent.ThreadPoolExecutor$Worker@319c111a


"s0-impl-thread2" daemon prio=5 Id=2664 WAITING on org.apache.ratis.util.Daemon@4c309d4d
	at java.base@11.0.20/java.lang.Object.wait(Native Method)
	-  waiting on org.apache.ratis.util.Daemon@4c309d4d
	at java.base@11.0.20/java.lang.Thread.join(Thread.java:1300)
	at java.base@11.0.20/java.lang.Thread.join(Thread.java:1375)
	at app//org.apache.ratis.server.impl.StateMachineUpdater.stopAndJoin(StateMachineUpdater.java:159)
	at app//org.apache.ratis.server.impl.ServerState.close(ServerState.java:410)
	at app//org.apache.ratis.server.impl.RaftServerImpl.lambda$close$3(RaftServerImpl.java:530)
	at app//org.apache.ratis.server.impl.RaftServerImpl$$Lambda$796/0x000000010048f040.run(Unknown Source)
	at app//org.apache.ratis.util.LifeCycle.lambda$checkStateAndClose$4(LifeCycle.java:299)
	...

	Number of locked synchronizers = 1
	- java.util.concurrent.ThreadPoolExecutor$Worker@e3a92b5


"s1-impl-thread2" daemon prio=5 Id=2665 TIMED_WAITING on java.util.concurrent.locks.AbstractQueuedSynchronizer$ConditionObject@38102d01
	at java.base@11.0.20/jdk.internal.misc.Unsafe.park(Native Method)
	-  waiting on java.util.concurrent.locks.AbstractQueuedSynchronizer$ConditionObject@38102d01
	at java.base@11.0.20/java.util.concurrent.locks.LockSupport.parkNanos(LockSupport.java:234)
	at java.base@11.0.20/java.util.concurrent.locks.AbstractQueuedSynchronizer$ConditionObject.awaitNanos(AbstractQueuedSynchronizer.java:2123)
	at java.base@11.0.20/java.util.concurrent.ThreadPoolExecutor.awaitTermination(ThreadPoolExecutor.java:1454)
	at java.base@11.0.20/java.util.concurrent.Executors$DelegatedExecutorService.awaitTermination(Executors.java:709)
	at app//org.apache.ratis.util.ConcurrentUtils.shutdownAndWait(ConcurrentUtils.java:143)
	at app//org.apache.ratis.server.raftlog.segmented.SegmentedRaftLogWorker.close(SegmentedRaftLogWorker.java:239)
	at app//org.apache.ratis.server.raftlog.segmented.SegmentedRaftLog.close(SegmentedRaftLog.java:510)
	...

	Number of locked synchronizers = 1
	- java.util.concurrent.ThreadPoolExecutor$Worker@20ef9b0a


"s2-impl-thread2" daemon prio=5 Id=2666 TIMED_WAITING on java.util.concurrent.locks.AbstractQueuedSynchronizer$ConditionObject@37883b97
	at java.base@11.0.20/jdk.internal.misc.Unsafe.park(Native Method)
	-  waiting on java.util.concurrent.locks.AbstractQueuedSynchronizer$ConditionObject@37883b97
	at java.base@11.0.20/java.util.concurrent.locks.LockSupport.parkNanos(LockSupport.java:234)
	at java.base@11.0.20/java.util.concurrent.locks.AbstractQueuedSynchronizer$ConditionObject.awaitNanos(AbstractQueuedSynchronizer.java:2123)
	at java.base@11.0.20/java.util.concurrent.ThreadPoolExecutor.awaitTermination(ThreadPoolExecutor.java:1454)
	at java.base@11.0.20/java.util.concurrent.Executors$DelegatedExecutorService.awaitTermination(Executors.java:709)
	at app//org.apache.ratis.util.ConcurrentUtils.shutdownAndWait(ConcurrentUtils.java:143)
	at app//org.apache.ratis.server.raftlog.segmented.SegmentedRaftLogWorker.close(SegmentedRaftLogWorker.java:239)
	at app//org.apache.ratis.server.raftlog.segmented.SegmentedRaftLog.close(SegmentedRaftLog.java:510)
	...

	Number of locked synchronizers = 1
	- java.util.concurrent.ThreadPoolExecutor$Worker@3d40f536


"Thread-2644" daemon prio=5 Id=2670 TIMED_WAITING on java.util.concurrent.CountDownLatch$Sync@6ab778a
	at java.base@11.0.20/jdk.internal.misc.Unsafe.park(Native Method)
	-  waiting on java.util.concurrent.CountDownLatch$Sync@6ab778a
	at java.base@11.0.20/java.util.concurrent.locks.LockSupport.parkNanos(LockSupport.java:234)
	at java.base@11.0.20/java.util.concurrent.locks.AbstractQueuedSynchronizer.doAcquireSharedNanos(AbstractQueuedSynchronizer.java:1079)
	at java.base@11.0.20/java.util.concurrent.locks.AbstractQueuedSynchronizer.tryAcquireSharedNanos(AbstractQueuedSynchronizer.java:1369)
	at java.base@11.0.20/java.util.concurrent.CountDownLatch.await(CountDownLatch.java:278)
	at app//org.apache.ratis.thirdparty.io.grpc.internal.ManagedChannelImpl.awaitTermination(ManagedChannelImpl.java:906)
	at app//org.apache.ratis.thirdparty.io.grpc.internal.ForwardingManagedChannel.awaitTermination(ForwardingManagedChannel.java:57)
	at app//org.apache.ratis.grpc.GrpcUtil.shutdownManagedChannel(GrpcUtil.java:222)
	...


"MiniRaftCluster-18" daemon prio=5 Id=2674 WAITING on org.apache.ratis.util.Daemon@4e3958e7
	at java.base@11.0.20/java.lang.Object.wait(Native Method)
	-  waiting on org.apache.ratis.util.Daemon@4e3958e7
	at java.base@11.0.20/java.lang.Thread.join(Thread.java:1300)
	at java.base@11.0.20/java.lang.Thread.join(Thread.java:1375)
	at app//org.apache.ratis.util.JvmPauseMonitor.stop(JvmPauseMonitor.java:155)
	at app//org.apache.ratis.server.impl.RaftServerProxy.close(RaftServerProxy.java:439)
	at app//org.apache.ratis.server.impl.MiniRaftCluster$$Lambda$790/0x000000010048d840.run(Unknown Source)
	at app//org.apache.ratis.util.JavaUtils.runAsUnchecked(JavaUtils.java:97)
	at app//org.apache.ratis.util.JavaUtils.runAsUnchecked(JavaUtils.java:91)
	...

	Number of locked synchronizers = 1
	- java.util.concurrent.ThreadPoolExecutor$Worker@89aba6d


2023-08-18 03:37:40,335 [main] INFO  util.LogUtils (Slf4jUtils.java:setLogLevel(38)) - Successfully set org.apache.ratis.conf.ConfUtils log level to WARN
2023-08-18 03:37:40,335 [main] INFO  util.LogUtils (Slf4jUtils.java:setLogLevel(38)) - Successfully set org.apache.ratis.util.FileUtils log level to TRACE
2023-08-18 03:37:40,336 [Time-limited test] INFO  impl.MiniRaftCluster (MiniRaftCluster.java:runWithNewCluster(135)) - Running runWithNewCluster
2023-08-18 03:37:40,336 [Time-limited test] INFO  impl.MiniRaftCluster (MiniRaftCluster.java:<init>(306)) - new MiniRaftClusterWithGrpc with group-730D19607969:[s0|rpc:localhost:43033|admin:localhost:36409|client:localhost:44437|dataStream:localhost:37553|priority:0|startupRole:FOLLOWER]
2023-08-18 03:37:40,336 [Time-limited test] INFO  impl.MiniRaftCluster (MiniRaftCluster.java:start(339)) - .............................................................. 
2023-08-18 03:37:40,336 [Time-limited test] INFO  impl.MiniRaftCluster (MiniRaftCluster.java:start(340)) - ... 
2023-08-18 03:37:40,336 [Time-limited test] INFO  impl.MiniRaftCluster (MiniRaftCluster.java:start(341)) - ...     Starting MiniRaftClusterWithGrpc
2023-08-18 03:37:40,336 [Time-limited test] INFO  impl.MiniRaftCluster (MiniRaftCluster.java:start(342)) - ... 
2023-08-18 03:37:40,336 [Time-limited test] INFO  impl.MiniRaftCluster (MiniRaftCluster.java:start(343)) - .............................................................. 
2023-08-18 03:37:40,336 [Time-limited test] INFO  impl.MiniRaftCluster (MiniRaftCluster.java:initServers(318)) - servers = {}
2023-08-18 03:37:40,336 [Time-limited test] INFO  impl.MiniRaftCluster (MiniRaftCluster.java:newRaftServer(382)) - newRaftServer: s0, group-730D19607969:[s0|rpc:localhost:43033|admin:localhost:36409|client:localhost:44437|dataStream:localhost:37553|priority:0|startupRole:FOLLOWER], format? true
2023-08-18 03:37:40,336 [Time-limited test] TRACE util.FileUtils (FileUtils.java:deleteFully(201)) - deleteFully target/test/data/24296cbb/MiniRaftClusterWithGrpce253fadd/s0
2023-08-18 03:37:40,336 [Time-limited test] TRACE util.FileUtils (FileUtils.java:deleteFully(217)) - deleteFully: target/test/data/24296cbb/MiniRaftClusterWithGrpce253fadd/s0 does not exist.
2023-08-18 03:37:40,336 [Time-limited test] INFO  impl.MiniRaftCluster (MiniRaftCluster.java:newRaftServer(387)) - Formatted directory target/test/data/24296cbb/MiniRaftClusterWithGrpce253fadd/s0
2023-08-18 03:37:40,337 [Time-limited test] INFO  server.RaftServer (ConfUtils.java:logGet(46)) - raft.rpc.type = GRPC (default)
2023-08-18 03:37:40,337 [Time-limited test] INFO  grpc.GrpcConfigKeys (ConfUtils.java:logFallback(53)) - raft.grpc.admin.host = null (fallback to raft.grpc.server.host)
2023-08-18 03:37:40,337 [Time-limited test] INFO  grpc.GrpcConfigKeys (ConfUtils.java:logGet(46)) - raft.grpc.admin.port = 36409 (custom)
2023-08-18 03:37:40,337 [Time-limited test] INFO  grpc.GrpcConfigKeys (ConfUtils.java:logFallback(53)) - raft.grpc.client.host = null (fallback to raft.grpc.server.host)
2023-08-18 03:37:40,337 [Time-limited test] INFO  grpc.GrpcConfigKeys (ConfUtils.java:logGet(46)) - raft.grpc.client.port = 44437 (custom)
2023-08-18 03:37:40,337 [Time-limited test] INFO  grpc.GrpcConfigKeys (ConfUtils.java:logGet(46)) - raft.grpc.server.host = null (default)
2023-08-18 03:37:40,337 [Time-limited test] INFO  grpc.GrpcConfigKeys (ConfUtils.java:logGet(46)) - raft.grpc.server.port = 43033 (custom)
2023-08-18 03:37:40,337 [Time-limited test] INFO  server.GrpcService (ConfUtils.java:logGet(46)) - raft.grpc.message.size.max = 64MB (=67108864) (default)
2023-08-18 03:37:40,337 [Time-limited test] INFO  server.RaftServerConfigKeys (ConfUtils.java:logGet(46)) - raft.server.log.appender.buffer.byte-limit = 4MB (=4194304) (default)
2023-08-18 03:37:40,337 [Time-limited test] INFO  server.GrpcService (ConfUtils.java:logGet(46)) - raft.grpc.flow.control.window = 1MB (=1048576) (default)
2023-08-18 03:37:40,337 [Time-limited test] INFO  server.RaftServerConfigKeys (ConfUtils.java:logGet(46)) - raft.server.rpc.request.timeout = 3000ms (default)
2023-08-18 03:37:40,337 [Time-limited test] INFO  grpc.GrpcConfigKeys (ConfUtils.java:logGet(46)) - raft.grpc.server.heartbeat.channel = true (default)
2023-08-18 03:37:40,337 [Time-limited test] INFO  grpc.GrpcConfigKeys (ConfUtils.java:logGet(46)) - raft.grpc.server.async.request.thread.pool.cached = true (default)
2023-08-18 03:37:40,337 [Time-limited test] INFO  grpc.GrpcConfigKeys (ConfUtils.java:logGet(46)) - raft.grpc.server.async.request.thread.pool.size = 32 (default)
2023-08-18 03:37:40,338 [Time-limited test] INFO  impl.DataStreamServerImpl (ConfUtils.java:logGet(46)) - raft.datastream.type = DISABLED (default)
2023-08-18 03:37:40,339 [Time-limited test] INFO  server.RaftServerConfigKeys (ConfUtils.java:logGet(46)) - raft.server.threadpool.proxy.cached = true (default)
2023-08-18 03:37:40,339 [Time-limited test] INFO  server.RaftServerConfigKeys (ConfUtils.java:logGet(46)) - raft.server.threadpool.proxy.size = 0 (default)
2023-08-18 03:37:40,339 [Time-limited test] INFO  server.RaftServerConfigKeys (ConfUtils.java:logGet(46)) - raft.server.sleep.deviation.threshold = 300ms (default)
2023-08-18 03:37:40,339 [Time-limited test] INFO  server.RaftServerConfigKeys (ConfUtils.java:logGet(46)) - raft.server.rpc.slowness.timeout = 60s (default)
2023-08-18 03:37:40,339 [Time-limited test] INFO  server.RaftServerConfigKeys (ConfUtils.java:logGet(46)) - raft.server.leaderelection.leader.step-down.wait-time = 10s (default)
2023-08-18 03:37:40,339 [Time-limited test] INFO  server.RaftServerConfigKeys (ConfUtils.java:logGet(46)) - raft.server.storage.dir = [/home/runner/work/ratis/ratis/ratis-test/target/test/data/24296cbb/MiniRaftClusterWithGrpce253fadd/s0] (custom)
2023-08-18 03:37:40,343 [Time-limited test] INFO  server.RaftServer (RaftServerProxy.java:addNew(99)) - s0: addNew group-730D19607969:[s0|rpc:localhost:43033|admin:localhost:36409|client:localhost:44437|dataStream:localhost:37553|priority:0|startupRole:FOLLOWER] returns group-730D19607969:java.util.concurrent.CompletableFuture@3d2380bb[Not completed]
2023-08-18 03:37:40,343 [s0-groupManagement] INFO  server.RaftServerConfigKeys (ConfUtils.java:logGet(46)) - raft.server.log.segment.size.max = 8MB (=8388608) (default)
2023-08-18 03:37:40,343 [s0-groupManagement] INFO  server.RaftServerConfigKeys (ConfUtils.java:logGet(46)) - raft.server.log.preallocated.size = 4MB (=4194304) (default)
2023-08-18 03:37:40,343 [s0-groupManagement] INFO  server.RaftServerConfigKeys (ConfUtils.java:logGet(46)) - raft.server.log.write.buffer.size = 64KB (=65536) (default)
2023-08-18 03:37:40,343 [s0-groupManagement] INFO  server.RaftServer$Division (RaftServerImpl.java:<init>(250)) - s0: new RaftServerImpl for group-730D19607969:[s0|rpc:localhost:43033|admin:localhost:36409|client:localhost:44437|dataStream:localhost:37553|priority:0|startupRole:FOLLOWER] with StateMachineWithSeparatedSnapshotPath:uninitialized
2023-08-18 03:37:40,343 [s0-groupManagement] INFO  server.RaftServerConfigKeys (ConfUtils.java:logGet(46)) - raft.server.rpc.timeout.min = 150ms (default)
2023-08-18 03:37:40,343 [s0-groupManagement] INFO  server.RaftServerConfigKeys (ConfUtils.java:logGet(46)) - raft.server.rpc.timeout.max = 300ms (default)
2023-08-18 03:37:40,343 [s0-groupManagement] INFO  server.RaftServerConfigKeys (ConfUtils.java:logGet(46)) - raft.server.rpc.sleep.time = 25ms (default)
2023-08-18 03:37:40,343 [s0-groupManagement] INFO  server.RaftServerConfigKeys (ConfUtils.java:logGet(46)) - raft.server.rpc.slowness.timeout = 60s (default)
2023-08-18 03:37:40,343 [s0-groupManagement] INFO  server.RaftServerConfigKeys (ConfUtils.java:logGet(46)) - raft.server.leaderelection.leader.step-down.wait-time = 10s (default)
2023-08-18 03:37:40,343 [s0-groupManagement] INFO  server.RaftServerConfigKeys (ConfUtils.java:logGet(46)) - raft.server.sleep.deviation.threshold = 300ms (default)
2023-08-18 03:37:40,344 [s0-groupManagement] INFO  server.RaftServer$Division (ServerState.java:<init>(113)) - s0@group-730D19607969: ConfigurationManager, init=-1: peers:[s0|rpc:localhost:43033|admin:localhost:36409|client:localhost:44437|dataStream:localhost:37553|priority:0|startupRole:FOLLOWER]|listeners:[], old=null, confs=<EMPTY_MAP>
2023-08-18 03:37:40,344 [s0-groupManagement] INFO  server.RaftServerConfigKeys (ConfUtils.java:logGet(46)) - raft.server.notification.no-leader.timeout = 60s (default)
2023-08-18 03:37:40,344 [s0-groupManagement] INFO  server.RaftServerConfigKeys (ConfUtils.java:logGet(46)) - raft.server.read.timeout = 10s (default)
2023-08-18 03:37:40,344 [s0-groupManagement] INFO  server.RaftServerConfigKeys (ConfUtils.java:logGet(46)) - raft.server.retrycache.expirytime = 60s (default)
2023-08-18 03:37:40,344 [s0-groupManagement] INFO  server.RaftServerConfigKeys (ConfUtils.java:logGet(46)) - raft.server.retrycache.statistics.expirytime = 100μs (default)
2023-08-18 03:37:40,344 [s0-groupManagement] INFO  server.RaftServerConfigKeys (ConfUtils.java:logGet(46)) - raft.server.read.option = DEFAULT (default)
2023-08-18 03:37:40,344 [s0-groupManagement] INFO  server.RaftServerConfigKeys (ConfUtils.java:logGet(46)) - raft.server.rpc.request.timeout = 3000ms (default)
2023-08-18 03:37:40,344 [s0-groupManagement] INFO  server.RaftServerConfigKeys (ConfUtils.java:logGet(46)) - raft.server.log.appender.install.snapshot.enabled = true (default)
2023-08-18 03:37:40,344 [s0-groupManagement] INFO  server.RaftServerConfigKeys (ConfUtils.java:logGet(46)) - raft.server.threadpool.server.cached = true (default)
2023-08-18 03:37:40,344 [s0-groupManagement] INFO  server.RaftServerConfigKeys (ConfUtils.java:logGet(46)) - raft.server.threadpool.server.size = 0 (default)
2023-08-18 03:37:40,344 [s0-groupManagement] INFO  server.RaftServerConfigKeys (ConfUtils.java:logGet(46)) - raft.server.threadpool.client.cached = true (default)
2023-08-18 03:37:40,344 [s0-groupManagement] INFO  server.RaftServerConfigKeys (ConfUtils.java:logGet(46)) - raft.server.threadpool.client.size = 0 (default)
2023-08-18 03:37:40,344 [s0-impl-thread1] INFO  server.RaftServerConfigKeys (ConfUtils.java:logGet(46)) - raft.server.storage.free-space.min = 0MB (=0) (default)
2023-08-18 03:37:40,344 [s0-impl-thread1] INFO  server.RaftServerConfigKeys (ConfUtils.java:logGet(46)) - raft.server.log.corruption.policy = EXCEPTION (default)
2023-08-18 03:37:40,345 [s0-impl-thread1] INFO  server.RaftServerConfigKeys (ConfUtils.java:logGet(46)) - raft.server.storage.dir = [/home/runner/work/ratis/ratis/ratis-test/target/test/data/24296cbb/MiniRaftClusterWithGrpce253fadd/s0] (custom)
2023-08-18 03:37:40,345 [s0-impl-thread1] INFO  storage.RaftStorageDirectory (RaftStorageDirectoryImpl.java:analyzeStorage(138)) - The storage directory /home/runner/work/ratis/ratis/ratis-test/target/test/data/24296cbb/MiniRaftClusterWithGrpce253fadd/s0/4a9e497c-dc01-40dc-9c12-730d19607969 does not exist. Creating ...
2023-08-18 03:37:40,345 [s0-impl-thread1] TRACE util.FileUtils (LogUtils.java:runAndLog(49)) - Successfully ran Files.createDirectories /home/runner/work/ratis/ratis/ratis-test/target/test/data/24296cbb/MiniRaftClusterWithGrpce253fadd/s0/4a9e497c-dc01-40dc-9c12-730d19607969
2023-08-18 03:37:40,346 [s0-impl-thread1] INFO  storage.RaftStorageDirectory (RaftStorageDirectoryImpl.java:tryLock(232)) - Lock on /home/runner/work/ratis/ratis/ratis-test/target/test/data/24296cbb/MiniRaftClusterWithGrpce253fadd/s0/4a9e497c-dc01-40dc-9c12-730d19607969/in_use.lock acquired by nodename 15247@fv-az454-831
2023-08-18 03:37:40,346 [s0-impl-thread1] TRACE util.FileUtils (LogUtils.java:runAndLog(49)) - Successfully ran Files.createDirectories /home/runner/work/ratis/ratis/ratis-test/target/test/data/24296cbb/MiniRaftClusterWithGrpce253fadd/s0/4a9e497c-dc01-40dc-9c12-730d19607969/current
2023-08-18 03:37:40,346 [s0-impl-thread1] TRACE util.FileUtils (LogUtils.java:runAndLog(49)) - Successfully ran Files.createDirectories /home/runner/work/ratis/ratis/ratis-test/target/test/data/24296cbb/MiniRaftClusterWithGrpce253fadd/s0/4a9e497c-dc01-40dc-9c12-730d19607969/sm
2023-08-18 03:37:40,347 [s0-impl-thread1] INFO  storage.RaftStorage (RaftStorageImpl.java:format(97)) - Storage directory /home/runner/work/ratis/ratis/ratis-test/target/test/data/24296cbb/MiniRaftClusterWithGrpce253fadd/s0/4a9e497c-dc01-40dc-9c12-730d19607969 has been successfully formatted.
2023-08-18 03:37:40,347 [s0-impl-thread1] INFO  impl.SimpleStateMachine4Testing (SimpleStateMachine4Testing.java:initialize(213)) - Initializing StateMachineWithSeparatedSnapshotPath:uninitialized
2023-08-18 03:37:40,348 [s0-impl-thread1] INFO  impl.SimpleStateMachine4Testing (SimpleStateMachine4Testing.java:loadSnapshot(293)) - Loading snapshot null
2023-08-18 03:37:40,348 [s0-impl-thread1] TRACE util.FileUtils (FileUtils.java:deleteFully(201)) - deleteFully /tmp/ratis-tests/statemachine/s0
2023-08-18 03:37:40,348 [s0-impl-thread1] TRACE util.FileUtils (LogUtils.java:runAndLog(49)) - Successfully ran Files.delete /tmp/ratis-tests/statemachine/s0/snapshot/1_191/loves
2023-08-18 03:37:40,348 [s0-impl-thread1] TRACE util.FileUtils (LogUtils.java:runAndLog(49)) - Successfully ran Files.delete /tmp/ratis-tests/statemachine/s0/snapshot/1_191/deer
2023-08-18 03:37:40,348 [s0-impl-thread1] TRACE util.FileUtils (LogUtils.java:runAndLog(49)) - Successfully ran Files.delete /tmp/ratis-tests/statemachine/s0/snapshot/1_191/vegetable
2023-08-18 03:37:40,348 [s0-impl-thread1] TRACE util.FileUtils (LogUtils.java:runAndLog(49)) - Successfully ran Files.delete /tmp/ratis-tests/statemachine/s0/snapshot/1_191
2023-08-18 03:37:40,348 [s0-impl-thread1] TRACE util.FileUtils (LogUtils.java:runAndLog(49)) - Successfully ran Files.delete /tmp/ratis-tests/statemachine/s0/snapshot/1_63/loves
2023-08-18 03:37:40,348 [s0-impl-thread1] TRACE util.FileUtils (LogUtils.java:runAndLog(49)) - Successfully ran Files.delete /tmp/ratis-tests/statemachine/s0/snapshot/1_63/deer
2023-08-18 03:37:40,348 [s0-impl-thread1] TRACE util.FileUtils (LogUtils.java:runAndLog(49)) - Successfully ran Files.delete /tmp/ratis-tests/statemachine/s0/snapshot/1_63/vegetable
2023-08-18 03:37:40,348 [s0-impl-thread1] TRACE util.FileUtils (LogUtils.java:runAndLog(49)) - Successfully ran Files.delete /tmp/ratis-tests/statemachine/s0/snapshot/1_63
2023-08-18 03:37:40,348 [s0-impl-thread1] TRACE util.FileUtils (LogUtils.java:runAndLog(49)) - Successfully ran Files.delete /tmp/ratis-tests/statemachine/s0/snapshot/1_258/loves
2023-08-18 03:37:40,348 [s0-impl-thread1] TRACE util.FileUtils (LogUtils.java:runAndLog(49)) - Successfully ran Files.delete /tmp/ratis-tests/statemachine/s0/snapshot/1_258/deer
2023-08-18 03:37:40,348 [s0-impl-thread1] TRACE util.FileUtils (LogUtils.java:runAndLog(49)) - Successfully ran Files.delete /tmp/ratis-tests/statemachine/s0/snapshot/1_258/vegetable
2023-08-18 03:37:40,348 [s0-impl-thread1] TRACE util.FileUtils (LogUtils.java:runAndLog(49)) - Successfully ran Files.delete /tmp/ratis-tests/statemachine/s0/snapshot/1_258
2023-08-18 03:37:40,348 [s0-impl-thread1] TRACE util.FileUtils (LogUtils.java:runAndLog(49)) - Successfully ran Files.delete /tmp/ratis-tests/statemachine/s0/snapshot/1_255/loves
2023-08-18 03:37:40,348 [s0-impl-thread1] TRACE util.FileUtils (LogUtils.java:runAndLog(49)) - Successfully ran Files.delete /tmp/ratis-tests/statemachine/s0/snapshot/1_255/deer
2023-08-18 03:37:40,349 [s0-impl-thread1] TRACE util.FileUtils (LogUtils.java:runAndLog(49)) - Successfully ran Files.delete /tmp/ratis-tests/statemachine/s0/snapshot/1_255/vegetable
2023-08-18 03:37:40,349 [s0-impl-thread1] TRACE util.FileUtils (LogUtils.java:runAndLog(49)) - Successfully ran Files.delete /tmp/ratis-tests/statemachine/s0/snapshot/1_255
2023-08-18 03:37:40,349 [s0-impl-thread1] TRACE util.FileUtils (LogUtils.java:runAndLog(49)) - Successfully ran Files.delete /tmp/ratis-tests/statemachine/s0/snapshot/1_127/loves
2023-08-18 03:37:40,349 [s0-impl-thread1] TRACE util.FileUtils (LogUtils.java:runAndLog(49)) - Successfully ran Files.delete /tmp/ratis-tests/statemachine/s0/snapshot/1_127/deer
2023-08-18 03:37:40,349 [s0-impl-thread1] TRACE util.FileUtils (LogUtils.java:runAndLog(49)) - Successfully ran Files.delete /tmp/ratis-tests/statemachine/s0/snapshot/1_127/vegetable
2023-08-18 03:37:40,349 [s0-impl-thread1] TRACE util.FileUtils (LogUtils.java:runAndLog(49)) - Successfully ran Files.delete /tmp/ratis-tests/statemachine/s0/snapshot/1_127
2023-08-18 03:37:40,349 [s0-impl-thread1] TRACE util.FileUtils (LogUtils.java:runAndLog(49)) - Successfully ran Files.delete /tmp/ratis-tests/statemachine/s0/snapshot
2023-08-18 03:37:40,349 [s0-impl-thread1] TRACE util.FileUtils (LogUtils.java:runAndLog(49)) - Successfully ran Files.delete /tmp/ratis-tests/statemachine/s0/tmp
2023-08-18 03:37:40,349 [s0-impl-thread1] TRACE util.FileUtils (LogUtils.java:runAndLog(49)) - Successfully ran Files.delete /tmp/ratis-tests/statemachine/s0
2023-08-18 03:37:40,349 [s0-impl-thread1] INFO  server.RaftServerConfigKeys (ConfUtils.java:logGet(46)) - raft.server.log.use.memory = false (default)
2023-08-18 03:37:40,349 [s0-impl-thread1] INFO  server.RaftServerConfigKeys (ConfUtils.java:logGet(46)) - raft.server.log.purge.gap = 8 (custom)
2023-08-18 03:37:40,349 [s0-impl-thread1] INFO  server.RaftServerConfigKeys (ConfUtils.java:logGet(46)) - raft.server.log.appender.buffer.byte-limit = 4MB (=4194304) (default)
2023-08-18 03:37:40,349 [s0-impl-thread1] INFO  server.RaftServerConfigKeys (ConfUtils.java:logGet(46)) - raft.server.log.statemachine.data.read.timeout = 1000ms (default)
2023-08-18 03:37:40,349 [s0-impl-thread1] INFO  server.RaftServerConfigKeys (ConfUtils.java:logGet(46)) - raft.server.log.purge.preservation.log.num = 0 (default)
2023-08-18 03:37:40,349 [s0-impl-thread1] INFO  server.RaftServerConfigKeys (ConfUtils.java:logGet(46)) - raft.server.log.segment.size.max = 8MB (=8388608) (default)
2023-08-18 03:37:40,349 [s0-impl-thread1] INFO  server.RaftServerConfigKeys (ConfUtils.java:logGet(46)) - raft.server.log.segment.cache.num.max = 6 (default)
2023-08-18 03:37:40,349 [s0-impl-thread1] INFO  server.RaftServerConfigKeys (ConfUtils.java:logGet(46)) - raft.server.log.segment.cache.size.max = 200MB (=209715200) (default)
2023-08-18 03:37:40,350 [s0-impl-thread1] INFO  server.RaftServerConfigKeys (ConfUtils.java:logGet(46)) - raft.server.log.appender.buffer.byte-limit = 4MB (=4194304) (default)
2023-08-18 03:37:40,350 [s0-impl-thread1] INFO  segmented.SegmentedRaftLogWorker (SegmentedRaftLogWorker.java:<init>(183)) - new s0@group-730D19607969-SegmentedRaftLogWorker for RaftStorageImpl:Storage Directory /home/runner/work/ratis/ratis/ratis-test/target/test/data/24296cbb/MiniRaftClusterWithGrpce253fadd/s0/4a9e497c-dc01-40dc-9c12-730d19607969
2023-08-18 03:37:40,350 [s0-impl-thread1] INFO  server.RaftServerConfigKeys (ConfUtils.java:logGet(46)) - raft.server.log.queue.byte-limit = 64MB (=67108864) (default)
2023-08-18 03:37:40,350 [s0-impl-thread1] INFO  server.RaftServerConfigKeys (ConfUtils.java:logGet(46)) - raft.server.log.queue.element-limit = 4096 (default)
2023-08-18 03:37:40,350 [s0-impl-thread1] INFO  server.RaftServerConfigKeys (ConfUtils.java:logGet(46)) - raft.server.log.segment.size.max = 8MB (=8388608) (default)
2023-08-18 03:37:40,350 [s0-impl-thread1] INFO  server.RaftServerConfigKeys (ConfUtils.java:logGet(46)) - raft.server.log.preallocated.size = 4MB (=4194304) (default)
2023-08-18 03:37:40,350 [s0-impl-thread1] INFO  server.RaftServerConfigKeys (ConfUtils.java:logGet(46)) - raft.server.log.force.sync.num = 128 (default)
2023-08-18 03:37:40,350 [s0-impl-thread1] INFO  server.RaftServerConfigKeys (ConfUtils.java:logGet(46)) - raft.server.log.statemachine.data.sync = true (default)
2023-08-18 03:37:40,350 [s0-impl-thread1] INFO  server.RaftServerConfigKeys (ConfUtils.java:logGet(46)) - raft.server.log.statemachine.data.sync.timeout = 10s (default)
2023-08-18 03:37:40,350 [s0-impl-thread1] INFO  server.RaftServerConfigKeys (ConfUtils.java:logGet(46)) - raft.server.log.statemachine.data.sync.timeout.retry = -1 (default)
2023-08-18 03:37:40,350 [s0-impl-thread1] INFO  server.RaftServerConfigKeys (ConfUtils.java:logGet(46)) - raft.server.log.write.buffer.size = 64KB (=65536) (default)
2023-08-18 03:37:40,350 [s0-impl-thread1] INFO  server.RaftServerConfigKeys (ConfUtils.java:logGet(46)) - raft.server.log.appender.buffer.byte-limit = 4MB (=4194304) (default)
2023-08-18 03:37:40,350 [s0-impl-thread1] INFO  server.RaftServerConfigKeys (ConfUtils.java:logGet(46)) - raft.server.log.unsafe-flush.enabled = false (default)
2023-08-18 03:37:40,350 [s0-impl-thread1] INFO  server.RaftServerConfigKeys (ConfUtils.java:logGet(46)) - raft.server.log.async-flush.enabled = false (default)
2023-08-18 03:37:40,350 [s0-impl-thread1] INFO  server.RaftServerConfigKeys (ConfUtils.java:logGet(46)) - raft.server.log.statemachine.data.caching.enabled = false (default)
2023-08-18 03:37:40,350 [s0-impl-thread1] INFO  segmented.SegmentedRaftLogWorker (SegmentedRaftLogWorker.java:lambda$new$0(134)) - s0@group-730D19607969-SegmentedRaftLogWorker: flushIndex: setUnconditionally 0 -> -1
2023-08-18 03:37:40,351 [s0-impl-thread1] INFO  segmented.SegmentedRaftLogWorker (SegmentedRaftLogWorker.java:lambda$new$0(134)) - s0@group-730D19607969-SegmentedRaftLogWorker: safeCacheEvictIndex: setUnconditionally 0 -> -1
2023-08-18 03:37:40,351 [s0-impl-thread1] INFO  server.RaftServer$Division (RaftServerImpl.java:start(384)) - s0@group-730D19607969: start as a follower, conf=-1: peers:[s0|rpc:localhost:43033|admin:localhost:36409|client:localhost:44437|dataStream:localhost:37553|priority:0|startupRole:FOLLOWER]|listeners:[], old=null
2023-08-18 03:37:40,351 [s0-impl-thread1] INFO  server.RaftServer$Division (RaftServerImpl.java:setRole(371)) - s0@group-730D19607969: changes role from      null to FOLLOWER at term 0 for startAsFollower
2023-08-18 03:37:40,351 [s0-impl-thread1] INFO  impl.RoleInfo (RoleInfo.java:updateAndGet(138)) - s0: start s0@group-730D19607969-FollowerState
2023-08-18 03:37:40,351 [s0-impl-thread1] INFO  util.JmxRegister (JmxRegister.java:tryRegister(44)) - Successfully registered JMX Bean with object name Ratis:service=RaftServer,group=group-730D19607969,id=s0
2023-08-18 03:37:40,351 [s0-impl-thread1] INFO  server.RaftServerConfigKeys (ConfUtils.java:logGet(46)) - raft.server.snapshot.trigger-when-stop.enabled = true (default)
2023-08-18 03:37:40,351 [s0-impl-thread1] INFO  server.RaftServerConfigKeys (ConfUtils.java:logGet(46)) - raft.server.snapshot.auto.trigger.enabled = true (custom)
2023-08-18 03:37:40,351 [s0-impl-thread1] INFO  server.RaftServerConfigKeys (ConfUtils.java:logGet(46)) - raft.server.snapshot.auto.trigger.threshold = 64 (custom)
2023-08-18 03:37:40,351 [s0-impl-thread1] INFO  server.RaftServerConfigKeys (ConfUtils.java:logGet(46)) - raft.server.snapshot.retention.file.num = -1 (default)
2023-08-18 03:37:40,351 [s0-impl-thread1] INFO  server.RaftServerConfigKeys (ConfUtils.java:logGet(46)) - raft.server.log.purge.upto.snapshot.index = false (default)
2023-08-18 03:37:40,351 [s0@group-730D19607969-FollowerState] INFO  server.RaftServerConfigKeys (ConfUtils.java:logFallback(53)) - raft.server.rpc.first-election.timeout.min = 150ms (fallback to raft.server.rpc.timeout.min)
2023-08-18 03:37:40,351 [s0@group-730D19607969-FollowerState] INFO  server.RaftServerConfigKeys (ConfUtils.java:logFallback(53)) - raft.server.rpc.first-election.timeout.max = 300ms (fallback to raft.server.rpc.timeout.max)
2023-08-18 03:37:40,352 [Time-limited test] INFO  server.RaftServer (RaftServerProxy.java:startImpl(402)) - s0: start RPC server
2023-08-18 03:37:40,353 [Time-limited test] INFO  server.GrpcService (GrpcService.java:startImpl(302)) - s0: GrpcService started, listening on 44437
2023-08-18 03:37:40,353 [Time-limited test] INFO  server.GrpcService (GrpcService.java:startImpl(302)) - s0: GrpcService started, listening on 43033
2023-08-18 03:37:40,353 [Time-limited test] INFO  server.GrpcService (GrpcService.java:startImpl(302)) - s0: GrpcService started, listening on 36409
2023-08-18 03:37:40,359 [JvmPauseMonitor9] INFO  util.JvmPauseMonitor (JvmPauseMonitor.java:run(105)) - JvmPauseMonitor-s0: Started
2023-08-18 03:37:40,359 [Time-limited test] INFO  server.RaftServerConfigKeys (ConfUtils.java:logGet(46)) - raft.server.rpc.timeout.max = 300ms (default)
2023-08-18 03:37:40,359 [Time-limited test] INFO  ratis.RaftTestUtil (RaftTestUtil.java:waitForLeader(100)) - printing ALL groups
  s0:  RUNNING  FOLLOWER s0@group-730D19607969:t0, leader=null, voted=, raftlog=Memoized:s0@group-730D19607969-SegmentedRaftLog:OPENED:c-1, conf=-1: peers:[s0|rpc:localhost:43033|admin:localhost:36409|client:localhost:44437|dataStream:localhost:37553|priority:0|startupRole:FOLLOWER]|listeners:[], old=null RUNNING
2023-08-18 03:37:40,360 [Time-limited test] WARN  ratis.RaftTestUtil (JavaUtils.java:attempt(217)) - FAILED "waitForLeader-null-(expectLeader? true)", attempt #1/100: java.lang.IllegalStateException: No leader yet : printing ALL groups
  s0:  RUNNING  FOLLOWER s0@group-730D19607969:t0, leader=null, voted=, raftlog=Memoized:s0@group-730D19607969-SegmentedRaftLog:OPENED:c-1, conf=-1: peers:[s0|rpc:localhost:43033|admin:localhost:36409|client:localhost:44437|dataStream:localhost:37553|priority:0|startupRole:FOLLOWER]|listeners:[], old=null RUNNING, sleep 450ms and then retry.
java.lang.IllegalStateException: No leader yet : printing ALL groups
  s0:  RUNNING  FOLLOWER s0@group-730D19607969:t0, leader=null, voted=, raftlog=Memoized:s0@group-730D19607969-SegmentedRaftLog:OPENED:c-1, conf=-1: peers:[s0|rpc:localhost:43033|admin:localhost:36409|client:localhost:44437|dataStream:localhost:37553|priority:0|startupRole:FOLLOWER]|listeners:[], old=null RUNNING
	at org.apache.ratis.server.impl.MiniRaftCluster.newIllegalStateExceptionForNoLeaders(MiniRaftCluster.java:581)
	at org.apache.ratis.RaftTestUtil.lambda$waitForLeader$1(RaftTestUtil.java:104)
	at org.apache.ratis.server.impl.MiniRaftCluster.getLeader(MiniRaftCluster.java:615)
	at org.apache.ratis.server.impl.MiniRaftCluster.getLeader(MiniRaftCluster.java:608)
	at org.apache.ratis.RaftTestUtil.lambda$waitForLeader$3(RaftTestUtil.java:112)
	at org.apache.ratis.util.JavaUtils.attempt(JavaUtils.java:211)
	at org.apache.ratis.util.JavaUtils.attemptRepeatedly(JavaUtils.java:197)
	at org.apache.ratis.RaftTestUtil.waitForLeader(RaftTestUtil.java:111)
	at org.apache.ratis.RaftTestUtil.waitForLeader(RaftTestUtil.java:92)
	at org.apache.ratis.RaftTestUtil.waitForLeader(RaftTestUtil.java:87)
	at org.apache.ratis.InstallSnapshotFromLeaderTests.testMultiFileInstallSnapshot(InstallSnapshotFromLeaderTests.java:93)
	at org.apache.ratis.server.impl.MiniRaftCluster$Factory$Get.runWithNewCluster(MiniRaftCluster.java:141)
	at org.apache.ratis.server.impl.MiniRaftCluster$Factory$Get.runWithNewCluster(MiniRaftCluster.java:121)
	at org.apache.ratis.InstallSnapshotFromLeaderTests.testSeparateSnapshotInstallPath(InstallSnapshotFromLeaderTests.java:87)
	at java.base/jdk.internal.reflect.NativeMethodAccessorImpl.invoke0(Native Method)
	at java.base/jdk.internal.reflect.NativeMethodAccessorImpl.invoke(NativeMethodAccessorImpl.java:62)
	at java.base/jdk.internal.reflect.DelegatingMethodAccessorImpl.invoke(DelegatingMethodAccessorImpl.java:43)
	at java.base/java.lang.reflect.Method.invoke(Method.java:566)
	at org.junit.runners.model.FrameworkMethod$1.runReflectiveCall(FrameworkMethod.java:59)
	at org.junit.internal.runners.model.ReflectiveCallable.run(ReflectiveCallable.java:12)
	at org.junit.runners.model.FrameworkMethod.invokeExplosively(FrameworkMethod.java:56)
	at org.junit.internal.runners.statements.InvokeMethod.evaluate(InvokeMethod.java:17)
	at org.junit.internal.runners.statements.RunAfters.evaluate(RunAfters.java:27)
	at org.junit.internal.runners.statements.FailOnTimeout$CallableStatement.call(FailOnTimeout.java:299)
	at org.junit.internal.runners.statements.FailOnTimeout$CallableStatement.call(FailOnTimeout.java:293)
	at java.base/java.util.concurrent.FutureTask.run(FutureTask.java:264)
	at java.base/java.lang.Thread.run(Thread.java:829)
2023-08-18 03:37:40,424 [s0-impl-thread2] INFO  segmented.SegmentedRaftLogWorker (SegmentedRaftLogWorker.java:close(242)) - s0@group-E264CA5F8311-SegmentedRaftLogWorker close()
2023-08-18 03:37:40,625 [s0@group-730D19607969-FollowerState] INFO  impl.FollowerState (FollowerState.java:run(143)) - s0@group-730D19607969-FollowerState: change to CANDIDATE, lastRpcElapsedTime:273847876ns, electionTimeout:273ms
2023-08-18 03:37:40,625 [s0@group-730D19607969-FollowerState] INFO  impl.RoleInfo (RoleInfo.java:shutdownFollowerState(109)) - s0: shutdown s0@group-730D19607969-FollowerState
2023-08-18 03:37:40,625 [s0@group-730D19607969-FollowerState] INFO  server.RaftServer$Division (RaftServerImpl.java:setRole(371)) - s0@group-730D19607969: changes role from  FOLLOWER to CANDIDATE at term 0 for changeToCandidate
2023-08-18 03:37:40,625 [s0@group-730D19607969-FollowerState] INFO  server.RaftServerConfigKeys (ConfUtils.java:logGet(46)) - raft.server.leaderelection.pre-vote = true (default)
2023-08-18 03:37:40,625 [s0@group-730D19607969-FollowerState] INFO  impl.RoleInfo (RoleInfo.java:updateAndGet(138)) - s0: start s0@group-730D19607969-LeaderElection388
2023-08-18 03:37:40,625 [s0@group-730D19607969-LeaderElection388] INFO  impl.LeaderElection (LeaderElection.java:askForVotes(320)) - s0@group-730D19607969-LeaderElection388 PRE_VOTE round 0: submit vote requests at term 0 for -1: peers:[s0|rpc:localhost:43033|admin:localhost:36409|client:localhost:44437|dataStream:localhost:37553|priority:0|startupRole:FOLLOWER]|listeners:[], old=null
2023-08-18 03:37:40,625 [s0@group-730D19607969-LeaderElection388] INFO  impl.LeaderElection (LeaderElection.java:askForVotes(322)) - s0@group-730D19607969-LeaderElection388 PRE_VOTE round 0: result PASSED (term=0)
2023-08-18 03:37:40,627 [s0@group-730D19607969-LeaderElection388] INFO  impl.LeaderElection (LeaderElection.java:askForVotes(320)) - s0@group-730D19607969-LeaderElection388 ELECTION round 0: submit vote requests at term 1 for -1: peers:[s0|rpc:localhost:43033|admin:localhost:36409|client:localhost:44437|dataStream:localhost:37553|priority:0|startupRole:FOLLOWER]|listeners:[], old=null
2023-08-18 03:37:40,627 [s0@group-730D19607969-LeaderElection388] INFO  impl.LeaderElection (LeaderElection.java:askForVotes(322)) - s0@group-730D19607969-LeaderElection388 ELECTION round 0: result PASSED (term=1)
2023-08-18 03:37:40,627 [s0@group-730D19607969-LeaderElection388] INFO  impl.RoleInfo (RoleInfo.java:shutdownLeaderElection(129)) - s0: shutdown s0@group-730D19607969-LeaderElection388
2023-08-18 03:37:40,627 [s0@group-730D19607969-LeaderElection388] INFO  server.RaftServer$Division (RaftServerImpl.java:setRole(371)) - s0@group-730D19607969: changes role from CANDIDATE to LEADER at term 1 for changeToLeader
2023-08-18 03:37:40,627 [s0@group-730D19607969-LeaderElection388] INFO  server.RaftServerConfigKeys (ConfUtils.java:logGet(46)) - raft.server.staging.catchup.gap = 1000 (default)
2023-08-18 03:37:40,627 [s0@group-730D19607969-LeaderElection388] INFO  server.RaftServerConfigKeys (ConfUtils.java:logGet(46)) - raft.server.write.element-limit = 4096 (default)
2023-08-18 03:37:40,627 [s0@group-730D19607969-LeaderElection388] INFO  server.RaftServerConfigKeys (ConfUtils.java:logGet(46)) - raft.server.write.byte-limit = 64MB (=67108864) (default)
2023-08-18 03:37:40,627 [s0@group-730D19607969-LeaderElection388] INFO  server.RaftServerConfigKeys (ConfUtils.java:logGet(46)) - raft.server.watch.timeout = 10s (default)
2023-08-18 03:37:40,627 [s0@group-730D19607969-LeaderElection388] INFO  server.RaftServerConfigKeys (ConfUtils.java:logGet(46)) - raft.server.watch.timeout.denomination = 1s (default)
2023-08-18 03:37:40,627 [s0@group-730D19607969-LeaderElection388] INFO  server.RaftServerConfigKeys (ConfUtils.java:logGet(46)) - raft.server.watch.element-limit = 65536 (default)
2023-08-18 03:37:40,627 [s0@group-730D19607969-LeaderElection388] INFO  server.RaftServerConfigKeys (ConfUtils.java:logGet(46)) - raft.server.write.element-limit = 4096 (default)
2023-08-18 03:37:40,627 [s0@group-730D19607969-LeaderElection388] INFO  server.RaftServerConfigKeys (ConfUtils.java:logGet(46)) - raft.server.write.follower.gap.ratio.max = -1.0 (default)
2023-08-18 03:37:40,627 [s0@group-730D19607969-LeaderElection388] INFO  impl.RoleInfo (RoleInfo.java:updateAndGet(138)) - s0: start s0@group-730D19607969-LeaderStateImpl
2023-08-18 03:37:40,627 [s0@group-730D19607969-LeaderElection388] INFO  server.RaftServer$Division (RaftServerImpl.java:setFirstElection(556)) - s0@group-730D19607969: set firstElectionSinceStartup to false for becomeLeader
2023-08-18 03:37:40,627 [s0@group-730D19607969-LeaderElection388] INFO  server.RaftServer$Division (ServerState.java:setLeader(260)) - s0@group-730D19607969: change Leader from null to s0 at term 1 for becomeLeader, leader elected after 283ms
2023-08-18 03:37:40,628 [s0@group-730D19607969-LeaderElection388] INFO  segmented.SegmentedRaftLogWorker (SegmentedRaftLogWorker.java:startLogSegment(427)) - s0@group-730D19607969-SegmentedRaftLogWorker: Starting segment from index:0
2023-08-18 03:37:40,635 [s0@group-730D19607969-LeaderElection388] INFO  server.RaftServer$Division (ServerState.java:setRaftConf(377)) - s0@group-730D19607969: set configuration 0: peers:[s0|rpc:localhost:43033|admin:localhost:36409|client:localhost:44437|dataStream:localhost:37553|priority:0|startupRole:FOLLOWER]|listeners:[], old=null
2023-08-18 03:37:40,636 [s0@group-730D19607969-SegmentedRaftLogWorker] INFO  segmented.SegmentedRaftLogWorker (SegmentedRaftLogWorker.java:execute(631)) - s0@group-730D19607969-SegmentedRaftLogWorker: created new log segment /home/runner/work/ratis/ratis/ratis-test/target/test/data/24296cbb/MiniRaftClusterWithGrpce253fadd/s0/4a9e497c-dc01-40dc-9c12-730d19607969/current/log_inprogress_0
2023-08-18 03:37:40,810 [Time-limited test] INFO  ratis.RaftTestUtil (RaftTestUtil.java:waitForLeader(119)) - printing ALL groups
  s0:  RUNNING    LEADER s0@group-730D19607969:t1, leader=s0, voted=s0, raftlog=Memoized:s0@group-730D19607969-SegmentedRaftLog:OPENED:c0, conf=0: peers:[s0|rpc:localhost:43033|admin:localhost:36409|client:localhost:44437|dataStream:localhost:37553|priority:0|startupRole:FOLLOWER]|listeners:[], old=null RUNNING
2023-08-18 03:37:40,814 [s0@group-730D19607969-StateMachineUpdater] INFO  impl.SimpleStateMachine4Testing (SimpleStateMachine4Testing.java:put(205)) - s0: put 1, m0 -> (t:1, i:1), STATEMACHINELOGENTRY, 387@client-ED72B1128D85
2023-08-18 03:37:40,821 [s0@group-730D19607969-StateMachineUpdater] INFO  impl.SimpleStateMachine4Testing (SimpleStateMachine4Testing.java:put(205)) - s0: put 3, m1 -> (t:1, i:3), STATEMACHINELOGENTRY, 388@client-ED72B1128D85
2023-08-18 03:37:40,826 [s0@group-730D19607969-StateMachineUpdater] INFO  impl.SimpleStateMachine4Testing (SimpleStateMachine4Testing.java:put(205)) - s0: put 5, m2 -> (t:1, i:5), STATEMACHINELOGENTRY, 389@client-ED72B1128D85
2023-08-18 03:37:40,828 [s0@group-730D19607969-StateMachineUpdater] INFO  impl.SimpleStateMachine4Testing (SimpleStateMachine4Testing.java:put(205)) - s0: put 7, m3 -> (t:1, i:7), STATEMACHINELOGENTRY, 390@client-ED72B1128D85
2023-08-18 03:37:40,829 [s0@group-730D19607969-StateMachineUpdater] INFO  impl.SimpleStateMachine4Testing (SimpleStateMachine4Testing.java:put(205)) - s0: put 9, m4 -> (t:1, i:9), STATEMACHINELOGENTRY, 391@client-ED72B1128D85
2023-08-18 03:37:40,831 [s0@group-730D19607969-StateMachineUpdater] INFO  impl.SimpleStateMachine4Testing (SimpleStateMachine4Testing.java:put(205)) - s0: put 11, m5 -> (t:1, i:11), STATEMACHINELOGENTRY, 392@client-ED72B1128D85
2023-08-18 03:37:40,832 [s0@group-730D19607969-StateMachineUpdater] INFO  impl.SimpleStateMachine4Testing (SimpleStateMachine4Testing.java:put(205)) - s0: put 13, m6 -> (t:1, i:13), STATEMACHINELOGENTRY, 393@client-ED72B1128D85
2023-08-18 03:37:40,833 [s0@group-730D19607969-StateMachineUpdater] INFO  impl.SimpleStateMachine4Testing (SimpleStateMachine4Testing.java:put(205)) - s0: put 15, m7 -> (t:1, i:15), STATEMACHINELOGENTRY, 394@client-ED72B1128D85
2023-08-18 03:37:40,835 [s0@group-730D19607969-StateMachineUpdater] INFO  impl.SimpleStateMachine4Testing (SimpleStateMachine4Testing.java:put(205)) - s0: put 17, m8 -> (t:1, i:17), STATEMACHINELOGENTRY, 395@client-ED72B1128D85
2023-08-18 03:37:40,836 [s0@group-730D19607969-StateMachineUpdater] INFO  impl.SimpleStateMachine4Testing (SimpleStateMachine4Testing.java:put(205)) - s0: put 19, m9 -> (t:1, i:19), STATEMACHINELOGENTRY, 396@client-ED72B1128D85
2023-08-18 03:37:40,837 [s0@group-730D19607969-StateMachineUpdater] INFO  impl.SimpleStateMachine4Testing (SimpleStateMachine4Testing.java:put(205)) - s0: put 21, m10 -> (t:1, i:21), STATEMACHINELOGENTRY, 397@client-ED72B1128D85
2023-08-18 03:37:40,840 [s0@group-730D19607969-StateMachineUpdater] INFO  impl.SimpleStateMachine4Testing (SimpleStateMachine4Testing.java:put(205)) - s0: put 23, m11 -> (t:1, i:23), STATEMACHINELOGENTRY, 398@client-ED72B1128D85
2023-08-18 03:37:40,844 [s0@group-730D19607969-StateMachineUpdater] INFO  impl.SimpleStateMachine4Testing (SimpleStateMachine4Testing.java:put(205)) - s0: put 25, m12 -> (t:1, i:25), STATEMACHINELOGENTRY, 399@client-ED72B1128D85
2023-08-18 03:37:40,845 [s0@group-730D19607969-StateMachineUpdater] INFO  impl.SimpleStateMachine4Testing (SimpleStateMachine4Testing.java:put(205)) - s0: put 27, m13 -> (t:1, i:27), STATEMACHINELOGENTRY, 400@client-ED72B1128D85
2023-08-18 03:37:40,847 [s0@group-730D19607969-StateMachineUpdater] INFO  impl.SimpleStateMachine4Testing (SimpleStateMachine4Testing.java:put(205)) - s0: put 29, m14 -> (t:1, i:29), STATEMACHINELOGENTRY, 401@client-ED72B1128D85
2023-08-18 03:37:40,849 [s0@group-730D19607969-StateMachineUpdater] INFO  impl.SimpleStateMachine4Testing (SimpleStateMachine4Testing.java:put(205)) - s0: put 31, m15 -> (t:1, i:31), STATEMACHINELOGENTRY, 402@client-ED72B1128D85
2023-08-18 03:37:40,850 [s0@group-730D19607969-StateMachineUpdater] INFO  impl.SimpleStateMachine4Testing (SimpleStateMachine4Testing.java:put(205)) - s0: put 33, m16 -> (t:1, i:33), STATEMACHINELOGENTRY, 403@client-ED72B1128D85
2023-08-18 03:37:40,852 [s0@group-730D19607969-StateMachineUpdater] INFO  impl.SimpleStateMachine4Testing (SimpleStateMachine4Testing.java:put(205)) - s0: put 35, m17 -> (t:1, i:35), STATEMACHINELOGENTRY, 404@client-ED72B1128D85
2023-08-18 03:37:40,853 [s0@group-730D19607969-StateMachineUpdater] INFO  impl.SimpleStateMachine4Testing (SimpleStateMachine4Testing.java:put(205)) - s0: put 37, m18 -> (t:1, i:37), STATEMACHINELOGENTRY, 405@client-ED72B1128D85
2023-08-18 03:37:40,854 [s0@group-730D19607969-StateMachineUpdater] INFO  impl.SimpleStateMachine4Testing (SimpleStateMachine4Testing.java:put(205)) - s0: put 39, m19 -> (t:1, i:39), STATEMACHINELOGENTRY, 406@client-ED72B1128D85
2023-08-18 03:37:40,855 [s0@group-730D19607969-StateMachineUpdater] INFO  impl.SimpleStateMachine4Testing (SimpleStateMachine4Testing.java:put(205)) - s0: put 41, m20 -> (t:1, i:41), STATEMACHINELOGENTRY, 407@client-ED72B1128D85
2023-08-18 03:37:40,856 [s0@group-730D19607969-StateMachineUpdater] INFO  impl.SimpleStateMachine4Testing (SimpleStateMachine4Testing.java:put(205)) - s0: put 43, m21 -> (t:1, i:43), STATEMACHINELOGENTRY, 408@client-ED72B1128D85
2023-08-18 03:37:40,857 [s0@group-730D19607969-StateMachineUpdater] INFO  impl.SimpleStateMachine4Testing (SimpleStateMachine4Testing.java:put(205)) - s0: put 45, m22 -> (t:1, i:45), STATEMACHINELOGENTRY, 409@client-ED72B1128D85
2023-08-18 03:37:40,859 [s0@group-730D19607969-StateMachineUpdater] INFO  impl.SimpleStateMachine4Testing (SimpleStateMachine4Testing.java:put(205)) - s0: put 47, m23 -> (t:1, i:47), STATEMACHINELOGENTRY, 410@client-ED72B1128D85
2023-08-18 03:37:40,860 [s0@group-730D19607969-StateMachineUpdater] INFO  impl.SimpleStateMachine4Testing (SimpleStateMachine4Testing.java:put(205)) - s0: put 49, m24 -> (t:1, i:49), STATEMACHINELOGENTRY, 411@client-ED72B1128D85
2023-08-18 03:37:40,861 [s0@group-730D19607969-StateMachineUpdater] INFO  impl.SimpleStateMachine4Testing (SimpleStateMachine4Testing.java:put(205)) - s0: put 51, m25 -> (t:1, i:51), STATEMACHINELOGENTRY, 412@client-ED72B1128D85
2023-08-18 03:37:40,862 [s0@group-730D19607969-StateMachineUpdater] INFO  impl.SimpleStateMachine4Testing (SimpleStateMachine4Testing.java:put(205)) - s0: put 53, m26 -> (t:1, i:53), STATEMACHINELOGENTRY, 413@client-ED72B1128D85
2023-08-18 03:37:40,863 [s0@group-730D19607969-StateMachineUpdater] INFO  impl.SimpleStateMachine4Testing (SimpleStateMachine4Testing.java:put(205)) - s0: put 55, m27 -> (t:1, i:55), STATEMACHINELOGENTRY, 414@client-ED72B1128D85
2023-08-18 03:37:40,864 [s0@group-730D19607969-StateMachineUpdater] INFO  impl.SimpleStateMachine4Testing (SimpleStateMachine4Testing.java:put(205)) - s0: put 57, m28 -> (t:1, i:57), STATEMACHINELOGENTRY, 415@client-ED72B1128D85
2023-08-18 03:37:40,865 [s0@group-730D19607969-StateMachineUpdater] INFO  impl.SimpleStateMachine4Testing (SimpleStateMachine4Testing.java:put(205)) - s0: put 59, m29 -> (t:1, i:59), STATEMACHINELOGENTRY, 416@client-ED72B1128D85
2023-08-18 03:37:40,866 [s0@group-730D19607969-StateMachineUpdater] INFO  impl.SimpleStateMachine4Testing (SimpleStateMachine4Testing.java:put(205)) - s0: put 61, m30 -> (t:1, i:61), STATEMACHINELOGENTRY, 417@client-ED72B1128D85
2023-08-18 03:37:40,867 [s0@group-730D19607969-StateMachineUpdater] INFO  impl.SimpleStateMachine4Testing (SimpleStateMachine4Testing.java:put(205)) - s0: put 63, m31 -> (t:1, i:63), STATEMACHINELOGENTRY, 418@client-ED72B1128D85
2023-08-18 03:37:40,868 [s0@group-730D19607969-StateMachineUpdater] TRACE util.FileUtils (FileUtils.java:deleteFully(201)) - deleteFully /tmp/ratis-tests/statemachine/s0/snapshot/1_63
2023-08-18 03:37:40,868 [s0@group-730D19607969-StateMachineUpdater] TRACE util.FileUtils (FileUtils.java:deleteFully(217)) - deleteFully: /tmp/ratis-tests/statemachine/s0/snapshot/1_63 does not exist.
2023-08-18 03:37:40,868 [s0@group-730D19607969-StateMachineUpdater] TRACE util.FileUtils (FileUtils.java:deleteFully(201)) - deleteFully /tmp/ratis-tests/statemachine/s0/tmp/19e98596-e428-4a7b-b178-c4680d1174ba
2023-08-18 03:37:40,868 [s0@group-730D19607969-StateMachineUpdater] TRACE util.FileUtils (FileUtils.java:deleteFully(217)) - deleteFully: /tmp/ratis-tests/statemachine/s0/tmp/19e98596-e428-4a7b-b178-c4680d1174ba does not exist.
2023-08-18 03:37:40,868 [s0@group-730D19607969-StateMachineUpdater] TRACE util.FileUtils (LogUtils.java:runAndLog(49)) - Successfully ran Atomic Files.move /tmp/ratis-tests/statemachine/s0/tmp/19e98596-e428-4a7b-b178-c4680d1174ba to /tmp/ratis-tests/statemachine/s0/snapshot/1_63
2023-08-18 03:37:40,868 [s0@group-730D19607969-StateMachineUpdater] INFO  impl.StateMachineUpdater (StateMachineUpdater.java:takeSnapshot(295)) - s0@group-730D19607969-StateMachineUpdater: Took a snapshot at index 63
2023-08-18 03:37:40,868 [s0@group-730D19607969-StateMachineUpdater] INFO  impl.StateMachineUpdater (StateMachineUpdater.java:lambda$new$0(98)) - s0@group-730D19607969-StateMachineUpdater: snapshotIndex: updateIncreasingly -1 -> 63
2023-08-18 03:37:40,868 [s0@group-730D19607969-StateMachineUpdater] INFO  raftlog.RaftLog (RaftLogBase.java:purge(315)) - s0@group-730D19607969-SegmentedRaftLog: purge 63
2023-08-18 03:37:40,868 [s0@group-730D19607969-StateMachineUpdater] INFO  raftlog.RaftLog (RaftLogBase.java:lambda$new$0(54)) - s0@group-730D19607969-SegmentedRaftLog: snapshotIndex: updateIncreasingly -1 -> 63
2023-08-18 03:37:40,868 [s0@group-730D19607969-StateMachineUpdater] INFO  raftlog.RaftLog (RaftLogBase.java:lambda$new$0(54)) - s0@group-730D19607969-SegmentedRaftLog: purgeIndex: updateToMax old=-1, new=63, updated? true
2023-08-18 03:37:40,869 [s0@group-730D19607969-StateMachineUpdater] INFO  impl.SimpleStateMachine4Testing (SimpleStateMachine4Testing.java:put(205)) - s0: put 65, m32 -> (t:1, i:65), STATEMACHINELOGENTRY, 419@client-ED72B1128D85
2023-08-18 03:37:40,870 [s0@group-730D19607969-StateMachineUpdater] INFO  impl.SimpleStateMachine4Testing (SimpleStateMachine4Testing.java:put(205)) - s0: put 67, m33 -> (t:1, i:67), STATEMACHINELOGENTRY, 420@client-ED72B1128D85
2023-08-18 03:37:40,871 [s0@group-730D19607969-StateMachineUpdater] INFO  impl.SimpleStateMachine4Testing (SimpleStateMachine4Testing.java:put(205)) - s0: put 69, m34 -> (t:1, i:69), STATEMACHINELOGENTRY, 421@client-ED72B1128D85
2023-08-18 03:37:40,873 [s0@group-730D19607969-StateMachineUpdater] INFO  impl.SimpleStateMachine4Testing (SimpleStateMachine4Testing.java:put(205)) - s0: put 71, m35 -> (t:1, i:71), STATEMACHINELOGENTRY, 422@client-ED72B1128D85
2023-08-18 03:37:40,874 [s0@group-730D19607969-StateMachineUpdater] INFO  impl.SimpleStateMachine4Testing (SimpleStateMachine4Testing.java:put(205)) - s0: put 73, m36 -> (t:1, i:73), STATEMACHINELOGENTRY, 423@client-ED72B1128D85
2023-08-18 03:37:40,875 [s0@group-730D19607969-StateMachineUpdater] INFO  impl.SimpleStateMachine4Testing (SimpleStateMachine4Testing.java:put(205)) - s0: put 75, m37 -> (t:1, i:75), STATEMACHINELOGENTRY, 424@client-ED72B1128D85
2023-08-18 03:37:40,877 [s0@group-730D19607969-StateMachineUpdater] INFO  impl.SimpleStateMachine4Testing (SimpleStateMachine4Testing.java:put(205)) - s0: put 77, m38 -> (t:1, i:77), STATEMACHINELOGENTRY, 425@client-ED72B1128D85
2023-08-18 03:37:40,878 [s0@group-730D19607969-StateMachineUpdater] INFO  impl.SimpleStateMachine4Testing (SimpleStateMachine4Testing.java:put(205)) - s0: put 79, m39 -> (t:1, i:79), STATEMACHINELOGENTRY, 426@client-ED72B1128D85
2023-08-18 03:37:40,879 [s0@group-730D19607969-StateMachineUpdater] INFO  impl.SimpleStateMachine4Testing (SimpleStateMachine4Testing.java:put(205)) - s0: put 81, m40 -> (t:1, i:81), STATEMACHINELOGENTRY, 427@client-ED72B1128D85
2023-08-18 03:37:40,880 [s0@group-730D19607969-StateMachineUpdater] INFO  impl.SimpleStateMachine4Testing (SimpleStateMachine4Testing.java:put(205)) - s0: put 83, m41 -> (t:1, i:83), STATEMACHINELOGENTRY, 428@client-ED72B1128D85
2023-08-18 03:37:40,881 [s0@group-730D19607969-StateMachineUpdater] INFO  impl.SimpleStateMachine4Testing (SimpleStateMachine4Testing.java:put(205)) - s0: put 85, m42 -> (t:1, i:85), STATEMACHINELOGENTRY, 429@client-ED72B1128D85
2023-08-18 03:37:40,882 [s0@group-730D19607969-StateMachineUpdater] INFO  impl.SimpleStateMachine4Testing (SimpleStateMachine4Testing.java:put(205)) - s0: put 87, m43 -> (t:1, i:87), STATEMACHINELOGENTRY, 430@client-ED72B1128D85
2023-08-18 03:37:40,883 [s0@group-730D19607969-StateMachineUpdater] INFO  impl.SimpleStateMachine4Testing (SimpleStateMachine4Testing.java:put(205)) - s0: put 89, m44 -> (t:1, i:89), STATEMACHINELOGENTRY, 431@client-ED72B1128D85
2023-08-18 03:37:40,884 [s0@group-730D19607969-StateMachineUpdater] INFO  impl.SimpleStateMachine4Testing (SimpleStateMachine4Testing.java:put(205)) - s0: put 91, m45 -> (t:1, i:91), STATEMACHINELOGENTRY, 432@client-ED72B1128D85
2023-08-18 03:37:40,885 [s0@group-730D19607969-StateMachineUpdater] INFO  impl.SimpleStateMachine4Testing (SimpleStateMachine4Testing.java:put(205)) - s0: put 93, m46 -> (t:1, i:93), STATEMACHINELOGENTRY, 433@client-ED72B1128D85
2023-08-18 03:37:40,886 [s0@group-730D19607969-StateMachineUpdater] INFO  impl.SimpleStateMachine4Testing (SimpleStateMachine4Testing.java:put(205)) - s0: put 95, m47 -> (t:1, i:95), STATEMACHINELOGENTRY, 434@client-ED72B1128D85
2023-08-18 03:37:40,888 [s0@group-730D19607969-StateMachineUpdater] INFO  impl.SimpleStateMachine4Testing (SimpleStateMachine4Testing.java:put(205)) - s0: put 97, m48 -> (t:1, i:97), STATEMACHINELOGENTRY, 435@client-ED72B1128D85
2023-08-18 03:37:40,889 [s0@group-730D19607969-StateMachineUpdater] INFO  impl.SimpleStateMachine4Testing (SimpleStateMachine4Testing.java:put(205)) - s0: put 99, m49 -> (t:1, i:99), STATEMACHINELOGENTRY, 436@client-ED72B1128D85
2023-08-18 03:37:40,890 [s0@group-730D19607969-StateMachineUpdater] INFO  impl.SimpleStateMachine4Testing (SimpleStateMachine4Testing.java:put(205)) - s0: put 101, m50 -> (t:1, i:101), STATEMACHINELOGENTRY, 437@client-ED72B1128D85
2023-08-18 03:37:40,891 [s0@group-730D19607969-StateMachineUpdater] INFO  impl.SimpleStateMachine4Testing (SimpleStateMachine4Testing.java:put(205)) - s0: put 103, m51 -> (t:1, i:103), STATEMACHINELOGENTRY, 438@client-ED72B1128D85
2023-08-18 03:37:40,892 [s0@group-730D19607969-StateMachineUpdater] INFO  impl.SimpleStateMachine4Testing (SimpleStateMachine4Testing.java:put(205)) - s0: put 105, m52 -> (t:1, i:105), STATEMACHINELOGENTRY, 439@client-ED72B1128D85
2023-08-18 03:37:40,893 [s0@group-730D19607969-StateMachineUpdater] INFO  impl.SimpleStateMachine4Testing (SimpleStateMachine4Testing.java:put(205)) - s0: put 107, m53 -> (t:1, i:107), STATEMACHINELOGENTRY, 440@client-ED72B1128D85
2023-08-18 03:37:40,894 [s0@group-730D19607969-StateMachineUpdater] INFO  impl.SimpleStateMachine4Testing (SimpleStateMachine4Testing.java:put(205)) - s0: put 109, m54 -> (t:1, i:109), STATEMACHINELOGENTRY, 441@client-ED72B1128D85
2023-08-18 03:37:40,895 [s0@group-730D19607969-StateMachineUpdater] INFO  impl.SimpleStateMachine4Testing (SimpleStateMachine4Testing.java:put(205)) - s0: put 111, m55 -> (t:1, i:111), STATEMACHINELOGENTRY, 442@client-ED72B1128D85
2023-08-18 03:37:40,896 [s0@group-730D19607969-StateMachineUpdater] INFO  impl.SimpleStateMachine4Testing (SimpleStateMachine4Testing.java:put(205)) - s0: put 113, m56 -> (t:1, i:113), STATEMACHINELOGENTRY, 443@client-ED72B1128D85
2023-08-18 03:37:40,898 [s0@group-730D19607969-StateMachineUpdater] INFO  impl.SimpleStateMachine4Testing (SimpleStateMachine4Testing.java:put(205)) - s0: put 115, m57 -> (t:1, i:115), STATEMACHINELOGENTRY, 444@client-ED72B1128D85
2023-08-18 03:37:40,899 [s0@group-730D19607969-StateMachineUpdater] INFO  impl.SimpleStateMachine4Testing (SimpleStateMachine4Testing.java:put(205)) - s0: put 117, m58 -> (t:1, i:117), STATEMACHINELOGENTRY, 445@client-ED72B1128D85
2023-08-18 03:37:40,900 [s0@group-730D19607969-StateMachineUpdater] INFO  impl.SimpleStateMachine4Testing (SimpleStateMachine4Testing.java:put(205)) - s0: put 119, m59 -> (t:1, i:119), STATEMACHINELOGENTRY, 446@client-ED72B1128D85
2023-08-18 03:37:40,901 [s0@group-730D19607969-StateMachineUpdater] INFO  impl.SimpleStateMachine4Testing (SimpleStateMachine4Testing.java:put(205)) - s0: put 121, m60 -> (t:1, i:121), STATEMACHINELOGENTRY, 447@client-ED72B1128D85
2023-08-18 03:37:40,902 [s0@group-730D19607969-StateMachineUpdater] INFO  impl.SimpleStateMachine4Testing (SimpleStateMachine4Testing.java:put(205)) - s0: put 123, m61 -> (t:1, i:123), STATEMACHINELOGENTRY, 448@client-ED72B1128D85
2023-08-18 03:37:40,903 [s0@group-730D19607969-StateMachineUpdater] INFO  impl.SimpleStateMachine4Testing (SimpleStateMachine4Testing.java:put(205)) - s0: put 125, m62 -> (t:1, i:125), STATEMACHINELOGENTRY, 449@client-ED72B1128D85
2023-08-18 03:37:40,905 [s0@group-730D19607969-StateMachineUpdater] INFO  impl.SimpleStateMachine4Testing (SimpleStateMachine4Testing.java:put(205)) - s0: put 127, m63 -> (t:1, i:127), STATEMACHINELOGENTRY, 450@client-ED72B1128D85
2023-08-18 03:37:40,905 [s0@group-730D19607969-StateMachineUpdater] TRACE util.FileUtils (FileUtils.java:deleteFully(201)) - deleteFully /tmp/ratis-tests/statemachine/s0/snapshot/1_127
2023-08-18 03:37:40,905 [s0@group-730D19607969-StateMachineUpdater] TRACE util.FileUtils (FileUtils.java:deleteFully(217)) - deleteFully: /tmp/ratis-tests/statemachine/s0/snapshot/1_127 does not exist.
2023-08-18 03:37:40,905 [s0@group-730D19607969-StateMachineUpdater] TRACE util.FileUtils (FileUtils.java:deleteFully(201)) - deleteFully /tmp/ratis-tests/statemachine/s0/tmp/5553c642-1eea-4437-ae0c-ed97f4ef889a
2023-08-18 03:37:40,905 [s0@group-730D19607969-StateMachineUpdater] TRACE util.FileUtils (FileUtils.java:deleteFully(217)) - deleteFully: /tmp/ratis-tests/statemachine/s0/tmp/5553c642-1eea-4437-ae0c-ed97f4ef889a does not exist.
2023-08-18 03:37:40,905 [s0@group-730D19607969-StateMachineUpdater] TRACE util.FileUtils (LogUtils.java:runAndLog(49)) - Successfully ran Atomic Files.move /tmp/ratis-tests/statemachine/s0/tmp/5553c642-1eea-4437-ae0c-ed97f4ef889a to /tmp/ratis-tests/statemachine/s0/snapshot/1_127
2023-08-18 03:37:40,905 [s0@group-730D19607969-StateMachineUpdater] INFO  impl.StateMachineUpdater (StateMachineUpdater.java:takeSnapshot(295)) - s0@group-730D19607969-StateMachineUpdater: Took a snapshot at index 127
2023-08-18 03:37:40,905 [s0@group-730D19607969-StateMachineUpdater] INFO  impl.StateMachineUpdater (StateMachineUpdater.java:lambda$new$0(98)) - s0@group-730D19607969-StateMachineUpdater: snapshotIndex: updateIncreasingly 63 -> 127
2023-08-18 03:37:40,905 [s0@group-730D19607969-StateMachineUpdater] INFO  raftlog.RaftLog (RaftLogBase.java:purge(315)) - s0@group-730D19607969-SegmentedRaftLog: purge 127
2023-08-18 03:37:40,905 [s0@group-730D19607969-StateMachineUpdater] INFO  raftlog.RaftLog (RaftLogBase.java:lambda$new$0(54)) - s0@group-730D19607969-SegmentedRaftLog: snapshotIndex: updateIncreasingly 63 -> 127
2023-08-18 03:37:40,905 [s0@group-730D19607969-StateMachineUpdater] INFO  raftlog.RaftLog (RaftLogBase.java:lambda$new$0(54)) - s0@group-730D19607969-SegmentedRaftLog: purgeIndex: updateToMax old=63, new=127, updated? true
2023-08-18 03:37:40,906 [s0@group-730D19607969-StateMachineUpdater] INFO  impl.SimpleStateMachine4Testing (SimpleStateMachine4Testing.java:put(205)) - s0: put 129, m64 -> (t:1, i:129), STATEMACHINELOGENTRY, 451@client-ED72B1128D85
2023-08-18 03:37:40,907 [s0@group-730D19607969-StateMachineUpdater] INFO  impl.SimpleStateMachine4Testing (SimpleStateMachine4Testing.java:put(205)) - s0: put 131, m65 -> (t:1, i:131), STATEMACHINELOGENTRY, 452@client-ED72B1128D85
2023-08-18 03:37:40,908 [s0@group-730D19607969-StateMachineUpdater] INFO  impl.SimpleStateMachine4Testing (SimpleStateMachine4Testing.java:put(205)) - s0: put 133, m66 -> (t:1, i:133), STATEMACHINELOGENTRY, 453@client-ED72B1128D85
2023-08-18 03:37:40,909 [s0@group-730D19607969-StateMachineUpdater] INFO  impl.SimpleStateMachine4Testing (SimpleStateMachine4Testing.java:put(205)) - s0: put 135, m67 -> (t:1, i:135), STATEMACHINELOGENTRY, 454@client-ED72B1128D85
2023-08-18 03:37:40,911 [s0@group-730D19607969-StateMachineUpdater] INFO  impl.SimpleStateMachine4Testing (SimpleStateMachine4Testing.java:put(205)) - s0: put 137, m68 -> (t:1, i:137), STATEMACHINELOGENTRY, 455@client-ED72B1128D85
2023-08-18 03:37:40,912 [s0@group-730D19607969-StateMachineUpdater] INFO  impl.SimpleStateMachine4Testing (SimpleStateMachine4Testing.java:put(205)) - s0: put 139, m69 -> (t:1, i:139), STATEMACHINELOGENTRY, 456@client-ED72B1128D85
2023-08-18 03:37:40,913 [s0@group-730D19607969-StateMachineUpdater] INFO  impl.SimpleStateMachine4Testing (SimpleStateMachine4Testing.java:put(205)) - s0: put 141, m70 -> (t:1, i:141), STATEMACHINELOGENTRY, 457@client-ED72B1128D85
2023-08-18 03:37:40,914 [s0@group-730D19607969-StateMachineUpdater] INFO  impl.SimpleStateMachine4Testing (SimpleStateMachine4Testing.java:put(205)) - s0: put 143, m71 -> (t:1, i:143), STATEMACHINELOGENTRY, 458@client-ED72B1128D85
2023-08-18 03:37:40,915 [s0@group-730D19607969-StateMachineUpdater] INFO  impl.SimpleStateMachine4Testing (SimpleStateMachine4Testing.java:put(205)) - s0: put 145, m72 -> (t:1, i:145), STATEMACHINELOGENTRY, 459@client-ED72B1128D85
2023-08-18 03:37:40,916 [s0@group-730D19607969-StateMachineUpdater] INFO  impl.SimpleStateMachine4Testing (SimpleStateMachine4Testing.java:put(205)) - s0: put 147, m73 -> (t:1, i:147), STATEMACHINELOGENTRY, 460@client-ED72B1128D85
2023-08-18 03:37:40,918 [s0@group-730D19607969-StateMachineUpdater] INFO  impl.SimpleStateMachine4Testing (SimpleStateMachine4Testing.java:put(205)) - s0: put 149, m74 -> (t:1, i:149), STATEMACHINELOGENTRY, 461@client-ED72B1128D85
2023-08-18 03:37:40,919 [s0@group-730D19607969-StateMachineUpdater] INFO  impl.SimpleStateMachine4Testing (SimpleStateMachine4Testing.java:put(205)) - s0: put 151, m75 -> (t:1, i:151), STATEMACHINELOGENTRY, 462@client-ED72B1128D85
2023-08-18 03:37:40,920 [s0@group-730D19607969-StateMachineUpdater] INFO  impl.SimpleStateMachine4Testing (SimpleStateMachine4Testing.java:put(205)) - s0: put 153, m76 -> (t:1, i:153), STATEMACHINELOGENTRY, 463@client-ED72B1128D85
2023-08-18 03:37:40,921 [s0@group-730D19607969-StateMachineUpdater] INFO  impl.SimpleStateMachine4Testing (SimpleStateMachine4Testing.java:put(205)) - s0: put 155, m77 -> (t:1, i:155), STATEMACHINELOGENTRY, 464@client-ED72B1128D85
2023-08-18 03:37:40,922 [s0@group-730D19607969-StateMachineUpdater] INFO  impl.SimpleStateMachine4Testing (SimpleStateMachine4Testing.java:put(205)) - s0: put 157, m78 -> (t:1, i:157), STATEMACHINELOGENTRY, 465@client-ED72B1128D85
2023-08-18 03:37:40,923 [s0@group-730D19607969-StateMachineUpdater] INFO  impl.SimpleStateMachine4Testing (SimpleStateMachine4Testing.java:put(205)) - s0: put 159, m79 -> (t:1, i:159), STATEMACHINELOGENTRY, 466@client-ED72B1128D85
2023-08-18 03:37:40,924 [s0@group-730D19607969-StateMachineUpdater] INFO  impl.SimpleStateMachine4Testing (SimpleStateMachine4Testing.java:put(205)) - s0: put 161, m80 -> (t:1, i:161), STATEMACHINELOGENTRY, 467@client-ED72B1128D85
2023-08-18 03:37:40,925 [s0@group-730D19607969-StateMachineUpdater] INFO  impl.SimpleStateMachine4Testing (SimpleStateMachine4Testing.java:put(205)) - s0: put 163, m81 -> (t:1, i:163), STATEMACHINELOGENTRY, 468@client-ED72B1128D85
2023-08-18 03:37:40,927 [s0@group-730D19607969-StateMachineUpdater] INFO  impl.SimpleStateMachine4Testing (SimpleStateMachine4Testing.java:put(205)) - s0: put 165, m82 -> (t:1, i:165), STATEMACHINELOGENTRY, 469@client-ED72B1128D85
2023-08-18 03:37:40,928 [s0@group-730D19607969-StateMachineUpdater] INFO  impl.SimpleStateMachine4Testing (SimpleStateMachine4Testing.java:put(205)) - s0: put 167, m83 -> (t:1, i:167), STATEMACHINELOGENTRY, 470@client-ED72B1128D85
2023-08-18 03:37:40,929 [s0@group-730D19607969-StateMachineUpdater] INFO  impl.SimpleStateMachine4Testing (SimpleStateMachine4Testing.java:put(205)) - s0: put 169, m84 -> (t:1, i:169), STATEMACHINELOGENTRY, 471@client-ED72B1128D85
2023-08-18 03:37:40,930 [s0@group-730D19607969-StateMachineUpdater] INFO  impl.SimpleStateMachine4Testing (SimpleStateMachine4Testing.java:put(205)) - s0: put 171, m85 -> (t:1, i:171), STATEMACHINELOGENTRY, 472@client-ED72B1128D85
2023-08-18 03:37:40,931 [s0@group-730D19607969-StateMachineUpdater] INFO  impl.SimpleStateMachine4Testing (SimpleStateMachine4Testing.java:put(205)) - s0: put 173, m86 -> (t:1, i:173), STATEMACHINELOGENTRY, 473@client-ED72B1128D85
2023-08-18 03:37:40,932 [s0@group-730D19607969-StateMachineUpdater] INFO  impl.SimpleStateMachine4Testing (SimpleStateMachine4Testing.java:put(205)) - s0: put 175, m87 -> (t:1, i:175), STATEMACHINELOGENTRY, 474@client-ED72B1128D85
2023-08-18 03:37:40,933 [s0@group-730D19607969-StateMachineUpdater] INFO  impl.SimpleStateMachine4Testing (SimpleStateMachine4Testing.java:put(205)) - s0: put 177, m88 -> (t:1, i:177), STATEMACHINELOGENTRY, 475@client-ED72B1128D85
2023-08-18 03:37:40,934 [s0@group-730D19607969-StateMachineUpdater] INFO  impl.SimpleStateMachine4Testing (SimpleStateMachine4Testing.java:put(205)) - s0: put 179, m89 -> (t:1, i:179), STATEMACHINELOGENTRY, 476@client-ED72B1128D85
2023-08-18 03:37:40,936 [s0@group-730D19607969-StateMachineUpdater] INFO  impl.SimpleStateMachine4Testing (SimpleStateMachine4Testing.java:put(205)) - s0: put 181, m90 -> (t:1, i:181), STATEMACHINELOGENTRY, 477@client-ED72B1128D85
2023-08-18 03:37:40,937 [s0@group-730D19607969-StateMachineUpdater] INFO  impl.SimpleStateMachine4Testing (SimpleStateMachine4Testing.java:put(205)) - s0: put 183, m91 -> (t:1, i:183), STATEMACHINELOGENTRY, 478@client-ED72B1128D85
2023-08-18 03:37:40,938 [s0@group-730D19607969-StateMachineUpdater] INFO  impl.SimpleStateMachine4Testing (SimpleStateMachine4Testing.java:put(205)) - s0: put 185, m92 -> (t:1, i:185), STATEMACHINELOGENTRY, 479@client-ED72B1128D85
2023-08-18 03:37:40,939 [s0@group-730D19607969-StateMachineUpdater] INFO  impl.SimpleStateMachine4Testing (SimpleStateMachine4Testing.java:put(205)) - s0: put 187, m93 -> (t:1, i:187), STATEMACHINELOGENTRY, 480@client-ED72B1128D85
2023-08-18 03:37:40,940 [s0@group-730D19607969-StateMachineUpdater] INFO  impl.SimpleStateMachine4Testing (SimpleStateMachine4Testing.java:put(205)) - s0: put 189, m94 -> (t:1, i:189), STATEMACHINELOGENTRY, 481@client-ED72B1128D85
2023-08-18 03:37:40,941 [s0@group-730D19607969-StateMachineUpdater] INFO  impl.SimpleStateMachine4Testing (SimpleStateMachine4Testing.java:put(205)) - s0: put 191, m95 -> (t:1, i:191), STATEMACHINELOGENTRY, 482@client-ED72B1128D85
2023-08-18 03:37:40,941 [s0@group-730D19607969-StateMachineUpdater] TRACE util.FileUtils (FileUtils.java:deleteFully(201)) - deleteFully /tmp/ratis-tests/statemachine/s0/snapshot/1_191
2023-08-18 03:37:40,941 [s0@group-730D19607969-StateMachineUpdater] TRACE util.FileUtils (FileUtils.java:deleteFully(217)) - deleteFully: /tmp/ratis-tests/statemachine/s0/snapshot/1_191 does not exist.
2023-08-18 03:37:40,941 [s0@group-730D19607969-StateMachineUpdater] TRACE util.FileUtils (FileUtils.java:deleteFully(201)) - deleteFully /tmp/ratis-tests/statemachine/s0/tmp/2d434897-68fe-4e1e-a181-20447f58de97
2023-08-18 03:37:40,941 [s0@group-730D19607969-StateMachineUpdater] TRACE util.FileUtils (FileUtils.java:deleteFully(217)) - deleteFully: /tmp/ratis-tests/statemachine/s0/tmp/2d434897-68fe-4e1e-a181-20447f58de97 does not exist.
2023-08-18 03:37:40,941 [s0@group-730D19607969-StateMachineUpdater] TRACE util.FileUtils (LogUtils.java:runAndLog(49)) - Successfully ran Atomic Files.move /tmp/ratis-tests/statemachine/s0/tmp/2d434897-68fe-4e1e-a181-20447f58de97 to /tmp/ratis-tests/statemachine/s0/snapshot/1_191
2023-08-18 03:37:40,941 [s0@group-730D19607969-StateMachineUpdater] INFO  impl.StateMachineUpdater (StateMachineUpdater.java:takeSnapshot(295)) - s0@group-730D19607969-StateMachineUpdater: Took a snapshot at index 191
2023-08-18 03:37:40,941 [s0@group-730D19607969-StateMachineUpdater] INFO  impl.StateMachineUpdater (StateMachineUpdater.java:lambda$new$0(98)) - s0@group-730D19607969-StateMachineUpdater: snapshotIndex: updateIncreasingly 127 -> 191
2023-08-18 03:37:40,941 [s0@group-730D19607969-StateMachineUpdater] INFO  raftlog.RaftLog (RaftLogBase.java:purge(315)) - s0@group-730D19607969-SegmentedRaftLog: purge 191
2023-08-18 03:37:40,942 [s0@group-730D19607969-StateMachineUpdater] INFO  raftlog.RaftLog (RaftLogBase.java:lambda$new$0(54)) - s0@group-730D19607969-SegmentedRaftLog: snapshotIndex: updateIncreasingly 127 -> 191
2023-08-18 03:37:40,942 [s0@group-730D19607969-StateMachineUpdater] INFO  raftlog.RaftLog (RaftLogBase.java:lambda$new$0(54)) - s0@group-730D19607969-SegmentedRaftLog: purgeIndex: updateToMax old=127, new=191, updated? true
2023-08-18 03:37:40,942 [s0@group-730D19607969-StateMachineUpdater] INFO  impl.SimpleStateMachine4Testing (SimpleStateMachine4Testing.java:put(205)) - s0: put 193, m96 -> (t:1, i:193), STATEMACHINELOGENTRY, 483@client-ED72B1128D85
2023-08-18 03:37:40,943 [s0@group-730D19607969-StateMachineUpdater] INFO  impl.SimpleStateMachine4Testing (SimpleStateMachine4Testing.java:put(205)) - s0: put 195, m97 -> (t:1, i:195), STATEMACHINELOGENTRY, 484@client-ED72B1128D85
2023-08-18 03:37:40,944 [s0@group-730D19607969-StateMachineUpdater] INFO  impl.SimpleStateMachine4Testing (SimpleStateMachine4Testing.java:put(205)) - s0: put 197, m98 -> (t:1, i:197), STATEMACHINELOGENTRY, 485@client-ED72B1128D85
2023-08-18 03:37:40,945 [s0@group-730D19607969-StateMachineUpdater] INFO  impl.SimpleStateMachine4Testing (SimpleStateMachine4Testing.java:put(205)) - s0: put 199, m99 -> (t:1, i:199), STATEMACHINELOGENTRY, 486@client-ED72B1128D85
2023-08-18 03:37:40,946 [s0@group-730D19607969-StateMachineUpdater] INFO  impl.SimpleStateMachine4Testing (SimpleStateMachine4Testing.java:put(205)) - s0: put 201, m100 -> (t:1, i:201), STATEMACHINELOGENTRY, 487@client-ED72B1128D85
2023-08-18 03:37:40,947 [s0@group-730D19607969-StateMachineUpdater] INFO  impl.SimpleStateMachine4Testing (SimpleStateMachine4Testing.java:put(205)) - s0: put 203, m101 -> (t:1, i:203), STATEMACHINELOGENTRY, 488@client-ED72B1128D85
2023-08-18 03:37:40,948 [s0@group-730D19607969-StateMachineUpdater] INFO  impl.SimpleStateMachine4Testing (SimpleStateMachine4Testing.java:put(205)) - s0: put 205, m102 -> (t:1, i:205), STATEMACHINELOGENTRY, 489@client-ED72B1128D85
2023-08-18 03:37:40,950 [s0@group-730D19607969-StateMachineUpdater] INFO  impl.SimpleStateMachine4Testing (SimpleStateMachine4Testing.java:put(205)) - s0: put 207, m103 -> (t:1, i:207), STATEMACHINELOGENTRY, 490@client-ED72B1128D85
2023-08-18 03:37:40,951 [s0@group-730D19607969-StateMachineUpdater] INFO  impl.SimpleStateMachine4Testing (SimpleStateMachine4Testing.java:put(205)) - s0: put 209, m104 -> (t:1, i:209), STATEMACHINELOGENTRY, 491@client-ED72B1128D85
2023-08-18 03:37:40,952 [s0@group-730D19607969-StateMachineUpdater] INFO  impl.SimpleStateMachine4Testing (SimpleStateMachine4Testing.java:put(205)) - s0: put 211, m105 -> (t:1, i:211), STATEMACHINELOGENTRY, 492@client-ED72B1128D85
2023-08-18 03:37:40,953 [s0@group-730D19607969-StateMachineUpdater] INFO  impl.SimpleStateMachine4Testing (SimpleStateMachine4Testing.java:put(205)) - s0: put 213, m106 -> (t:1, i:213), STATEMACHINELOGENTRY, 493@client-ED72B1128D85
2023-08-18 03:37:40,954 [s0@group-730D19607969-StateMachineUpdater] INFO  impl.SimpleStateMachine4Testing (SimpleStateMachine4Testing.java:put(205)) - s0: put 215, m107 -> (t:1, i:215), STATEMACHINELOGENTRY, 494@client-ED72B1128D85
2023-08-18 03:37:40,955 [s0@group-730D19607969-StateMachineUpdater] INFO  impl.SimpleStateMachine4Testing (SimpleStateMachine4Testing.java:put(205)) - s0: put 217, m108 -> (t:1, i:217), STATEMACHINELOGENTRY, 495@client-ED72B1128D85
2023-08-18 03:37:40,956 [s0@group-730D19607969-StateMachineUpdater] INFO  impl.SimpleStateMachine4Testing (SimpleStateMachine4Testing.java:put(205)) - s0: put 219, m109 -> (t:1, i:219), STATEMACHINELOGENTRY, 496@client-ED72B1128D85
2023-08-18 03:37:40,957 [s0@group-730D19607969-StateMachineUpdater] INFO  impl.SimpleStateMachine4Testing (SimpleStateMachine4Testing.java:put(205)) - s0: put 221, m110 -> (t:1, i:221), STATEMACHINELOGENTRY, 497@client-ED72B1128D85
2023-08-18 03:37:40,958 [s0@group-730D19607969-StateMachineUpdater] INFO  impl.SimpleStateMachine4Testing (SimpleStateMachine4Testing.java:put(205)) - s0: put 223, m111 -> (t:1, i:223), STATEMACHINELOGENTRY, 498@client-ED72B1128D85
2023-08-18 03:37:40,959 [s0@group-730D19607969-StateMachineUpdater] INFO  impl.SimpleStateMachine4Testing (SimpleStateMachine4Testing.java:put(205)) - s0: put 225, m112 -> (t:1, i:225), STATEMACHINELOGENTRY, 499@client-ED72B1128D85
2023-08-18 03:37:40,960 [s0@group-730D19607969-StateMachineUpdater] INFO  impl.SimpleStateMachine4Testing (SimpleStateMachine4Testing.java:put(205)) - s0: put 227, m113 -> (t:1, i:227), STATEMACHINELOGENTRY, 500@client-ED72B1128D85
2023-08-18 03:37:40,961 [s0@group-730D19607969-StateMachineUpdater] INFO  impl.SimpleStateMachine4Testing (SimpleStateMachine4Testing.java:put(205)) - s0: put 229, m114 -> (t:1, i:229), STATEMACHINELOGENTRY, 501@client-ED72B1128D85
2023-08-18 03:37:40,962 [s0@group-730D19607969-StateMachineUpdater] INFO  impl.SimpleStateMachine4Testing (SimpleStateMachine4Testing.java:put(205)) - s0: put 231, m115 -> (t:1, i:231), STATEMACHINELOGENTRY, 502@client-ED72B1128D85
2023-08-18 03:37:40,963 [s0@group-730D19607969-StateMachineUpdater] INFO  impl.SimpleStateMachine4Testing (SimpleStateMachine4Testing.java:put(205)) - s0: put 233, m116 -> (t:1, i:233), STATEMACHINELOGENTRY, 503@client-ED72B1128D85
2023-08-18 03:37:40,964 [s0@group-730D19607969-StateMachineUpdater] INFO  impl.SimpleStateMachine4Testing (SimpleStateMachine4Testing.java:put(205)) - s0: put 235, m117 -> (t:1, i:235), STATEMACHINELOGENTRY, 504@client-ED72B1128D85
2023-08-18 03:37:40,965 [s0@group-730D19607969-StateMachineUpdater] INFO  impl.SimpleStateMachine4Testing (SimpleStateMachine4Testing.java:put(205)) - s0: put 237, m118 -> (t:1, i:237), STATEMACHINELOGENTRY, 505@client-ED72B1128D85
2023-08-18 03:37:40,966 [s0@group-730D19607969-StateMachineUpdater] INFO  impl.SimpleStateMachine4Testing (SimpleStateMachine4Testing.java:put(205)) - s0: put 239, m119 -> (t:1, i:239), STATEMACHINELOGENTRY, 506@client-ED72B1128D85
2023-08-18 03:37:40,967 [s0@group-730D19607969-StateMachineUpdater] INFO  impl.SimpleStateMachine4Testing (SimpleStateMachine4Testing.java:put(205)) - s0: put 241, m120 -> (t:1, i:241), STATEMACHINELOGENTRY, 507@client-ED72B1128D85
2023-08-18 03:37:40,968 [s0@group-730D19607969-StateMachineUpdater] INFO  impl.SimpleStateMachine4Testing (SimpleStateMachine4Testing.java:put(205)) - s0: put 243, m121 -> (t:1, i:243), STATEMACHINELOGENTRY, 508@client-ED72B1128D85
2023-08-18 03:37:40,969 [s0@group-730D19607969-StateMachineUpdater] INFO  impl.SimpleStateMachine4Testing (SimpleStateMachine4Testing.java:put(205)) - s0: put 245, m122 -> (t:1, i:245), STATEMACHINELOGENTRY, 509@client-ED72B1128D85
2023-08-18 03:37:40,970 [s0@group-730D19607969-StateMachineUpdater] INFO  impl.SimpleStateMachine4Testing (SimpleStateMachine4Testing.java:put(205)) - s0: put 247, m123 -> (t:1, i:247), STATEMACHINELOGENTRY, 510@client-ED72B1128D85
2023-08-18 03:37:40,972 [s0@group-730D19607969-StateMachineUpdater] INFO  impl.SimpleStateMachine4Testing (SimpleStateMachine4Testing.java:put(205)) - s0: put 249, m124 -> (t:1, i:249), STATEMACHINELOGENTRY, 511@client-ED72B1128D85
2023-08-18 03:37:40,973 [s0@group-730D19607969-StateMachineUpdater] INFO  impl.SimpleStateMachine4Testing (SimpleStateMachine4Testing.java:put(205)) - s0: put 251, m125 -> (t:1, i:251), STATEMACHINELOGENTRY, 512@client-ED72B1128D85
2023-08-18 03:37:40,974 [s0@group-730D19607969-StateMachineUpdater] INFO  impl.SimpleStateMachine4Testing (SimpleStateMachine4Testing.java:put(205)) - s0: put 253, m126 -> (t:1, i:253), STATEMACHINELOGENTRY, 513@client-ED72B1128D85
2023-08-18 03:37:40,983 [s0-server-thread1] INFO  server.RaftServer$Division (RaftServerImpl.java:takeSnapshotAsync(1170)) - s0@group-730D19607969: takeSnapshotAsync SnapshotManagementRequest:client-ED72B1128D85->s0@group-730D19607969, cid=514, seq=0, RO, null, Create:
2023-08-18 03:37:40,983 [s0-server-thread1] INFO  server.RaftServerConfigKeys (ConfUtils.java:logGet(46)) - raft.server.snapshot.creation.gap = 1024 (default)
2023-08-18 03:37:40,988 [Time-limited test] INFO  impl.MiniRaftCluster (MiniRaftCluster.java:addNewPeers(464)) - Add new peers [s1, s2]
2023-08-18 03:37:40,988 [Time-limited test] INFO  impl.MiniRaftCluster (MiniRaftCluster.java:newRaftServer(382)) - newRaftServer: s1, group-730D19607969:[], format? true
2023-08-18 03:37:40,988 [Time-limited test] TRACE util.FileUtils (FileUtils.java:deleteFully(201)) - deleteFully target/test/data/24296cbb/MiniRaftClusterWithGrpce253fadd/s1
2023-08-18 03:37:40,988 [Time-limited test] TRACE util.FileUtils (FileUtils.java:deleteFully(217)) - deleteFully: target/test/data/24296cbb/MiniRaftClusterWithGrpce253fadd/s1 does not exist.
2023-08-18 03:37:40,988 [Time-limited test] INFO  impl.MiniRaftCluster (MiniRaftCluster.java:newRaftServer(387)) - Formatted directory target/test/data/24296cbb/MiniRaftClusterWithGrpce253fadd/s1
2023-08-18 03:37:40,988 [Time-limited test] INFO  server.RaftServer (ConfUtils.java:logGet(46)) - raft.rpc.type = GRPC (default)
2023-08-18 03:37:40,989 [Time-limited test] INFO  grpc.GrpcConfigKeys (ConfUtils.java:logFallback(53)) - raft.grpc.admin.host = null (fallback to raft.grpc.server.host)
2023-08-18 03:37:40,989 [Time-limited test] INFO  grpc.GrpcConfigKeys (ConfUtils.java:logFallback(53)) - raft.grpc.admin.port = 40257 (fallback to raft.grpc.server.port)
2023-08-18 03:37:40,989 [Time-limited test] INFO  grpc.GrpcConfigKeys (ConfUtils.java:logFallback(53)) - raft.grpc.client.host = null (fallback to raft.grpc.server.host)
2023-08-18 03:37:40,989 [Time-limited test] INFO  grpc.GrpcConfigKeys (ConfUtils.java:logFallback(53)) - raft.grpc.client.port = 40257 (fallback to raft.grpc.server.port)
2023-08-18 03:37:40,989 [Time-limited test] INFO  grpc.GrpcConfigKeys (ConfUtils.java:logGet(46)) - raft.grpc.server.host = null (default)
2023-08-18 03:37:40,989 [Time-limited test] INFO  grpc.GrpcConfigKeys (ConfUtils.java:logGet(46)) - raft.grpc.server.port = 40257 (custom)
2023-08-18 03:37:40,989 [Time-limited test] INFO  server.GrpcService (ConfUtils.java:logGet(46)) - raft.grpc.message.size.max = 64MB (=67108864) (default)
2023-08-18 03:37:40,989 [Time-limited test] INFO  server.RaftServerConfigKeys (ConfUtils.java:logGet(46)) - raft.server.log.appender.buffer.byte-limit = 4MB (=4194304) (default)
2023-08-18 03:37:40,989 [Time-limited test] INFO  server.GrpcService (ConfUtils.java:logGet(46)) - raft.grpc.flow.control.window = 1MB (=1048576) (default)
2023-08-18 03:37:40,989 [Time-limited test] INFO  server.RaftServerConfigKeys (ConfUtils.java:logGet(46)) - raft.server.rpc.request.timeout = 3000ms (default)
2023-08-18 03:37:40,989 [Time-limited test] INFO  grpc.GrpcConfigKeys (ConfUtils.java:logGet(46)) - raft.grpc.server.heartbeat.channel = true (default)
2023-08-18 03:37:40,989 [Time-limited test] INFO  grpc.GrpcConfigKeys (ConfUtils.java:logGet(46)) - raft.grpc.server.async.request.thread.pool.cached = true (default)
2023-08-18 03:37:40,989 [Time-limited test] INFO  grpc.GrpcConfigKeys (ConfUtils.java:logGet(46)) - raft.grpc.server.async.request.thread.pool.size = 32 (default)
2023-08-18 03:37:40,989 [Time-limited test] INFO  impl.DataStreamServerImpl (ConfUtils.java:logGet(46)) - raft.datastream.type = DISABLED (default)
2023-08-18 03:37:40,990 [Time-limited test] INFO  server.RaftServerConfigKeys (ConfUtils.java:logGet(46)) - raft.server.threadpool.proxy.cached = true (default)
2023-08-18 03:37:40,990 [Time-limited test] INFO  server.RaftServerConfigKeys (ConfUtils.java:logGet(46)) - raft.server.threadpool.proxy.size = 0 (default)
2023-08-18 03:37:40,990 [Time-limited test] INFO  server.RaftServerConfigKeys (ConfUtils.java:logGet(46)) - raft.server.sleep.deviation.threshold = 300ms (default)
2023-08-18 03:37:40,990 [Time-limited test] INFO  server.RaftServerConfigKeys (ConfUtils.java:logGet(46)) - raft.server.rpc.slowness.timeout = 60s (default)
2023-08-18 03:37:40,990 [Time-limited test] INFO  server.RaftServerConfigKeys (ConfUtils.java:logGet(46)) - raft.server.leaderelection.leader.step-down.wait-time = 10s (default)
2023-08-18 03:37:40,990 [Time-limited test] INFO  server.RaftServerConfigKeys (ConfUtils.java:logGet(46)) - raft.server.storage.dir = [/home/runner/work/ratis/ratis/ratis-test/target/test/data/24296cbb/MiniRaftClusterWithGrpce253fadd/s1] (custom)
2023-08-18 03:37:40,990 [Time-limited test] INFO  server.RaftServer (RaftServerProxy.java:addNew(99)) - s1: addNew group-730D19607969:[] returns group-730D19607969:java.util.concurrent.CompletableFuture@3dde6b81[Not completed]
2023-08-18 03:37:40,990 [Time-limited test] INFO  impl.MiniRaftCluster (MiniRaftCluster.java:newRaftServer(382)) - newRaftServer: s2, group-730D19607969:[], format? true
2023-08-18 03:37:40,991 [Time-limited test] TRACE util.FileUtils (FileUtils.java:deleteFully(201)) - deleteFully target/test/data/24296cbb/MiniRaftClusterWithGrpce253fadd/s2
2023-08-18 03:37:40,991 [Time-limited test] TRACE util.FileUtils (FileUtils.java:deleteFully(217)) - deleteFully: target/test/data/24296cbb/MiniRaftClusterWithGrpce253fadd/s2 does not exist.
2023-08-18 03:37:40,991 [Time-limited test] INFO  impl.MiniRaftCluster (MiniRaftCluster.java:newRaftServer(387)) - Formatted directory target/test/data/24296cbb/MiniRaftClusterWithGrpce253fadd/s2
2023-08-18 03:37:40,991 [Time-limited test] INFO  server.RaftServer (ConfUtils.java:logGet(46)) - raft.rpc.type = GRPC (default)
2023-08-18 03:37:40,991 [Time-limited test] INFO  grpc.GrpcConfigKeys (ConfUtils.java:logFallback(53)) - raft.grpc.admin.host = null (fallback to raft.grpc.server.host)
2023-08-18 03:37:40,991 [Time-limited test] INFO  grpc.GrpcConfigKeys (ConfUtils.java:logFallback(53)) - raft.grpc.admin.port = 43615 (fallback to raft.grpc.server.port)
2023-08-18 03:37:40,991 [Time-limited test] INFO  grpc.GrpcConfigKeys (ConfUtils.java:logFallback(53)) - raft.grpc.client.host = null (fallback to raft.grpc.server.host)
2023-08-18 03:37:40,991 [Time-limited test] INFO  grpc.GrpcConfigKeys (ConfUtils.java:logFallback(53)) - raft.grpc.client.port = 43615 (fallback to raft.grpc.server.port)
2023-08-18 03:37:40,991 [Time-limited test] INFO  grpc.GrpcConfigKeys (ConfUtils.java:logGet(46)) - raft.grpc.server.host = null (default)
2023-08-18 03:37:40,991 [Time-limited test] INFO  grpc.GrpcConfigKeys (ConfUtils.java:logGet(46)) - raft.grpc.server.port = 43615 (custom)
2023-08-18 03:37:40,991 [Time-limited test] INFO  server.GrpcService (ConfUtils.java:logGet(46)) - raft.grpc.message.size.max = 64MB (=67108864) (default)
2023-08-18 03:37:40,991 [Time-limited test] INFO  server.RaftServerConfigKeys (ConfUtils.java:logGet(46)) - raft.server.log.appender.buffer.byte-limit = 4MB (=4194304) (default)
2023-08-18 03:37:40,991 [Time-limited test] INFO  server.GrpcService (ConfUtils.java:logGet(46)) - raft.grpc.flow.control.window = 1MB (=1048576) (default)
2023-08-18 03:37:40,991 [Time-limited test] INFO  server.RaftServerConfigKeys (ConfUtils.java:logGet(46)) - raft.server.rpc.request.timeout = 3000ms (default)
2023-08-18 03:37:40,991 [Time-limited test] INFO  grpc.GrpcConfigKeys (ConfUtils.java:logGet(46)) - raft.grpc.server.heartbeat.channel = true (default)
2023-08-18 03:37:40,991 [Time-limited test] INFO  grpc.GrpcConfigKeys (ConfUtils.java:logGet(46)) - raft.grpc.server.async.request.thread.pool.cached = true (default)
2023-08-18 03:37:40,991 [Time-limited test] INFO  grpc.GrpcConfigKeys (ConfUtils.java:logGet(46)) - raft.grpc.server.async.request.thread.pool.size = 32 (default)
2023-08-18 03:37:40,992 [Time-limited test] INFO  impl.DataStreamServerImpl (ConfUtils.java:logGet(46)) - raft.datastream.type = DISABLED (default)
2023-08-18 03:37:40,992 [Time-limited test] INFO  server.RaftServerConfigKeys (ConfUtils.java:logGet(46)) - raft.server.threadpool.proxy.cached = true (default)
2023-08-18 03:37:40,992 [Time-limited test] INFO  server.RaftServerConfigKeys (ConfUtils.java:logGet(46)) - raft.server.threadpool.proxy.size = 0 (default)
2023-08-18 03:37:40,992 [Time-limited test] INFO  server.RaftServerConfigKeys (ConfUtils.java:logGet(46)) - raft.server.sleep.deviation.threshold = 300ms (default)
2023-08-18 03:37:40,992 [Time-limited test] INFO  server.RaftServerConfigKeys (ConfUtils.java:logGet(46)) - raft.server.rpc.slowness.timeout = 60s (default)
2023-08-18 03:37:40,992 [Time-limited test] INFO  server.RaftServerConfigKeys (ConfUtils.java:logGet(46)) - raft.server.leaderelection.leader.step-down.wait-time = 10s (default)
2023-08-18 03:37:40,992 [Time-limited test] INFO  server.RaftServerConfigKeys (ConfUtils.java:logGet(46)) - raft.server.storage.dir = [/home/runner/work/ratis/ratis/ratis-test/target/test/data/24296cbb/MiniRaftClusterWithGrpce253fadd/s2] (custom)
2023-08-18 03:37:40,992 [s1-groupManagement] INFO  server.RaftServerConfigKeys (ConfUtils.java:logGet(46)) - raft.server.log.segment.size.max = 8MB (=8388608) (default)
2023-08-18 03:37:40,992 [s1-groupManagement] INFO  server.RaftServerConfigKeys (ConfUtils.java:logGet(46)) - raft.server.log.preallocated.size = 4MB (=4194304) (default)
2023-08-18 03:37:40,992 [s1-groupManagement] INFO  server.RaftServerConfigKeys (ConfUtils.java:logGet(46)) - raft.server.log.write.buffer.size = 64KB (=65536) (default)
2023-08-18 03:37:40,992 [s1-groupManagement] INFO  server.RaftServer$Division (RaftServerImpl.java:<init>(250)) - s1: new RaftServerImpl for group-730D19607969:[] with StateMachineWithSeparatedSnapshotPath:uninitialized
2023-08-18 03:37:40,992 [s1-groupManagement] INFO  server.RaftServerConfigKeys (ConfUtils.java:logGet(46)) - raft.server.rpc.timeout.min = 150ms (default)
2023-08-18 03:37:40,992 [s1-groupManagement] INFO  server.RaftServerConfigKeys (ConfUtils.java:logGet(46)) - raft.server.rpc.timeout.max = 300ms (default)
2023-08-18 03:37:40,992 [s1-groupManagement] INFO  server.RaftServerConfigKeys (ConfUtils.java:logGet(46)) - raft.server.rpc.sleep.time = 25ms (default)
2023-08-18 03:37:40,992 [s1-groupManagement] INFO  server.RaftServerConfigKeys (ConfUtils.java:logGet(46)) - raft.server.rpc.slowness.timeout = 60s (default)
2023-08-18 03:37:40,992 [s1-groupManagement] INFO  server.RaftServerConfigKeys (ConfUtils.java:logGet(46)) - raft.server.leaderelection.leader.step-down.wait-time = 10s (default)
2023-08-18 03:37:40,992 [s1-groupManagement] INFO  server.RaftServerConfigKeys (ConfUtils.java:logGet(46)) - raft.server.sleep.deviation.threshold = 300ms (default)
2023-08-18 03:37:40,992 [s1-groupManagement] INFO  server.RaftServer$Division (ServerState.java:<init>(113)) - s1@group-730D19607969: ConfigurationManager, init=-1: peers:[]|listeners:[], old=null, confs=<EMPTY_MAP>
2023-08-18 03:37:40,992 [s1-groupManagement] INFO  server.RaftServerConfigKeys (ConfUtils.java:logGet(46)) - raft.server.notification.no-leader.timeout = 60s (default)
2023-08-18 03:37:40,992 [s1-groupManagement] INFO  server.RaftServerConfigKeys (ConfUtils.java:logGet(46)) - raft.server.read.timeout = 10s (default)
2023-08-18 03:37:40,992 [s1-groupManagement] INFO  server.RaftServerConfigKeys (ConfUtils.java:logGet(46)) - raft.server.retrycache.expirytime = 60s (default)
2023-08-18 03:37:40,993 [s1-groupManagement] INFO  server.RaftServerConfigKeys (ConfUtils.java:logGet(46)) - raft.server.retrycache.statistics.expirytime = 100μs (default)
2023-08-18 03:37:40,993 [s1-groupManagement] INFO  server.RaftServerConfigKeys (ConfUtils.java:logGet(46)) - raft.server.read.option = DEFAULT (default)
2023-08-18 03:37:40,993 [s1-groupManagement] INFO  server.RaftServerConfigKeys (ConfUtils.java:logGet(46)) - raft.server.rpc.request.timeout = 3000ms (default)
2023-08-18 03:37:40,993 [s1-groupManagement] INFO  server.RaftServerConfigKeys (ConfUtils.java:logGet(46)) - raft.server.log.appender.install.snapshot.enabled = true (default)
2023-08-18 03:37:40,993 [s1-groupManagement] INFO  server.RaftServerConfigKeys (ConfUtils.java:logGet(46)) - raft.server.threadpool.server.cached = true (default)
2023-08-18 03:37:40,993 [s1-groupManagement] INFO  server.RaftServerConfigKeys (ConfUtils.java:logGet(46)) - raft.server.threadpool.server.size = 0 (default)
2023-08-18 03:37:40,993 [s1-groupManagement] INFO  server.RaftServerConfigKeys (ConfUtils.java:logGet(46)) - raft.server.threadpool.client.cached = true (default)
2023-08-18 03:37:40,993 [s1-groupManagement] INFO  server.RaftServerConfigKeys (ConfUtils.java:logGet(46)) - raft.server.threadpool.client.size = 0 (default)
2023-08-18 03:37:40,995 [Time-limited test] INFO  server.RaftServer (RaftServerProxy.java:addNew(99)) - s2: addNew group-730D19607969:[] returns group-730D19607969:java.util.concurrent.CompletableFuture@5e788eac[Not completed]
2023-08-18 03:37:40,995 [s1-impl-thread1] INFO  server.RaftServerConfigKeys (ConfUtils.java:logGet(46)) - raft.server.storage.free-space.min = 0MB (=0) (default)
2023-08-18 03:37:40,995 [s1-impl-thread1] INFO  server.RaftServerConfigKeys (ConfUtils.java:logGet(46)) - raft.server.log.corruption.policy = EXCEPTION (default)
2023-08-18 03:37:40,995 [s1-impl-thread1] INFO  server.RaftServerConfigKeys (ConfUtils.java:logGet(46)) - raft.server.storage.dir = [/home/runner/work/ratis/ratis/ratis-test/target/test/data/24296cbb/MiniRaftClusterWithGrpce253fadd/s1] (custom)
2023-08-18 03:37:40,996 [s1-impl-thread1] INFO  storage.RaftStorageDirectory (RaftStorageDirectoryImpl.java:analyzeStorage(138)) - The storage directory /home/runner/work/ratis/ratis/ratis-test/target/test/data/24296cbb/MiniRaftClusterWithGrpce253fadd/s1/4a9e497c-dc01-40dc-9c12-730d19607969 does not exist. Creating ...
2023-08-18 03:37:40,996 [s1-impl-thread1] TRACE util.FileUtils (LogUtils.java:runAndLog(49)) - Successfully ran Files.createDirectories /home/runner/work/ratis/ratis/ratis-test/target/test/data/24296cbb/MiniRaftClusterWithGrpce253fadd/s1/4a9e497c-dc01-40dc-9c12-730d19607969
2023-08-18 03:37:40,996 [s2-groupManagement] INFO  server.RaftServerConfigKeys (ConfUtils.java:logGet(46)) - raft.server.log.segment.size.max = 8MB (=8388608) (default)
2023-08-18 03:37:40,996 [s2-groupManagement] INFO  server.RaftServerConfigKeys (ConfUtils.java:logGet(46)) - raft.server.log.preallocated.size = 4MB (=4194304) (default)
2023-08-18 03:37:40,996 [s2-groupManagement] INFO  server.RaftServerConfigKeys (ConfUtils.java:logGet(46)) - raft.server.log.write.buffer.size = 64KB (=65536) (default)
2023-08-18 03:37:40,996 [s2-groupManagement] INFO  server.RaftServer$Division (RaftServerImpl.java:<init>(250)) - s2: new RaftServerImpl for group-730D19607969:[] with StateMachineWithSeparatedSnapshotPath:uninitialized
2023-08-18 03:37:40,996 [s2-groupManagement] INFO  server.RaftServerConfigKeys (ConfUtils.java:logGet(46)) - raft.server.rpc.timeout.min = 150ms (default)
2023-08-18 03:37:40,996 [s2-groupManagement] INFO  server.RaftServerConfigKeys (ConfUtils.java:logGet(46)) - raft.server.rpc.timeout.max = 300ms (default)
2023-08-18 03:37:40,996 [s2-groupManagement] INFO  server.RaftServerConfigKeys (ConfUtils.java:logGet(46)) - raft.server.rpc.sleep.time = 25ms (default)
2023-08-18 03:37:40,996 [s2-groupManagement] INFO  server.RaftServerConfigKeys (ConfUtils.java:logGet(46)) - raft.server.rpc.slowness.timeout = 60s (default)
2023-08-18 03:37:40,996 [s2-groupManagement] INFO  server.RaftServerConfigKeys (ConfUtils.java:logGet(46)) - raft.server.leaderelection.leader.step-down.wait-time = 10s (default)
2023-08-18 03:37:40,997 [s2-groupManagement] INFO  server.RaftServerConfigKeys (ConfUtils.java:logGet(46)) - raft.server.sleep.deviation.threshold = 300ms (default)
2023-08-18 03:37:40,997 [s2-groupManagement] INFO  server.RaftServer$Division (ServerState.java:<init>(113)) - s2@group-730D19607969: ConfigurationManager, init=-1: peers:[]|listeners:[], old=null, confs=<EMPTY_MAP>
2023-08-18 03:37:40,997 [s2-groupManagement] INFO  server.RaftServerConfigKeys (ConfUtils.java:logGet(46)) - raft.server.notification.no-leader.timeout = 60s (default)
2023-08-18 03:37:40,997 [s2-groupManagement] INFO  server.RaftServerConfigKeys (ConfUtils.java:logGet(46)) - raft.server.read.timeout = 10s (default)
2023-08-18 03:37:40,997 [s2-groupManagement] INFO  server.RaftServerConfigKeys (ConfUtils.java:logGet(46)) - raft.server.retrycache.expirytime = 60s (default)
2023-08-18 03:37:40,997 [s2-groupManagement] INFO  server.RaftServerConfigKeys (ConfUtils.java:logGet(46)) - raft.server.retrycache.statistics.expirytime = 100μs (default)
2023-08-18 03:37:40,997 [s2-groupManagement] INFO  server.RaftServerConfigKeys (ConfUtils.java:logGet(46)) - raft.server.read.option = DEFAULT (default)
2023-08-18 03:37:40,997 [s1-impl-thread1] INFO  storage.RaftStorageDirectory (RaftStorageDirectoryImpl.java:tryLock(232)) - Lock on /home/runner/work/ratis/ratis/ratis-test/target/test/data/24296cbb/MiniRaftClusterWithGrpce253fadd/s1/4a9e497c-dc01-40dc-9c12-730d19607969/in_use.lock acquired by nodename 15247@fv-az454-831
2023-08-18 03:37:40,997 [s1-impl-thread1] TRACE util.FileUtils (LogUtils.java:runAndLog(49)) - Successfully ran Files.createDirectories /home/runner/work/ratis/ratis/ratis-test/target/test/data/24296cbb/MiniRaftClusterWithGrpce253fadd/s1/4a9e497c-dc01-40dc-9c12-730d19607969/current
2023-08-18 03:37:40,998 [s1-impl-thread1] TRACE util.FileUtils (LogUtils.java:runAndLog(49)) - Successfully ran Files.createDirectories /home/runner/work/ratis/ratis/ratis-test/target/test/data/24296cbb/MiniRaftClusterWithGrpce253fadd/s1/4a9e497c-dc01-40dc-9c12-730d19607969/sm
2023-08-18 03:37:40,998 [s2-groupManagement] INFO  server.RaftServerConfigKeys (ConfUtils.java:logGet(46)) - raft.server.rpc.request.timeout = 3000ms (default)
2023-08-18 03:37:40,998 [s2-groupManagement] INFO  server.RaftServerConfigKeys (ConfUtils.java:logGet(46)) - raft.server.log.appender.install.snapshot.enabled = true (default)
2023-08-18 03:37:40,998 [s2-groupManagement] INFO  server.RaftServerConfigKeys (ConfUtils.java:logGet(46)) - raft.server.threadpool.server.cached = true (default)
2023-08-18 03:37:40,998 [s2-groupManagement] INFO  server.RaftServerConfigKeys (ConfUtils.java:logGet(46)) - raft.server.threadpool.server.size = 0 (default)
2023-08-18 03:37:40,998 [s2-groupManagement] INFO  server.RaftServerConfigKeys (ConfUtils.java:logGet(46)) - raft.server.threadpool.client.cached = true (default)
2023-08-18 03:37:40,998 [s2-groupManagement] INFO  server.RaftServerConfigKeys (ConfUtils.java:logGet(46)) - raft.server.threadpool.client.size = 0 (default)
2023-08-18 03:37:40,998 [s1-impl-thread1] INFO  storage.RaftStorage (RaftStorageImpl.java:format(97)) - Storage directory /home/runner/work/ratis/ratis/ratis-test/target/test/data/24296cbb/MiniRaftClusterWithGrpce253fadd/s1/4a9e497c-dc01-40dc-9c12-730d19607969 has been successfully formatted.
2023-08-18 03:37:40,999 [s1-impl-thread1] INFO  impl.SimpleStateMachine4Testing (SimpleStateMachine4Testing.java:initialize(213)) - Initializing StateMachineWithSeparatedSnapshotPath:uninitialized
2023-08-18 03:37:40,999 [s1-impl-thread1] INFO  impl.SimpleStateMachine4Testing (SimpleStateMachine4Testing.java:loadSnapshot(293)) - Loading snapshot null
2023-08-18 03:37:40,999 [s1-impl-thread1] TRACE util.FileUtils (FileUtils.java:deleteFully(201)) - deleteFully /tmp/ratis-tests/statemachine/s1
2023-08-18 03:37:40,999 [s1-impl-thread1] TRACE util.FileUtils (LogUtils.java:runAndLog(49)) - Successfully ran Files.delete /tmp/ratis-tests/statemachine/s1/snapshot
2023-08-18 03:37:40,999 [s1-impl-thread1] TRACE util.FileUtils (LogUtils.java:runAndLog(49)) - Successfully ran Files.delete /tmp/ratis-tests/statemachine/s1/tmp/snapshot-1f3461e9-f36f-4e4b-a6eb-a3589e66fc6c/1_191/loves
2023-08-18 03:37:40,999 [s1-impl-thread1] TRACE util.FileUtils (LogUtils.java:runAndLog(49)) - Successfully ran Files.delete /tmp/ratis-tests/statemachine/s1/tmp/snapshot-1f3461e9-f36f-4e4b-a6eb-a3589e66fc6c/1_191/loves.md5
2023-08-18 03:37:40,999 [s1-impl-thread1] TRACE util.FileUtils (LogUtils.java:runAndLog(49)) - Successfully ran Files.delete /tmp/ratis-tests/statemachine/s1/tmp/snapshot-1f3461e9-f36f-4e4b-a6eb-a3589e66fc6c/1_191
2023-08-18 03:37:40,999 [s1-impl-thread1] TRACE util.FileUtils (LogUtils.java:runAndLog(49)) - Successfully ran Files.delete /tmp/ratis-tests/statemachine/s1/tmp/snapshot-1f3461e9-f36f-4e4b-a6eb-a3589e66fc6c
2023-08-18 03:37:40,999 [s1-impl-thread1] TRACE util.FileUtils (LogUtils.java:runAndLog(49)) - Successfully ran Files.delete /tmp/ratis-tests/statemachine/s1/tmp
2023-08-18 03:37:40,999 [s1-impl-thread1] TRACE util.FileUtils (LogUtils.java:runAndLog(49)) - Successfully ran Files.delete /tmp/ratis-tests/statemachine/s1
2023-08-18 03:37:40,999 [s1-impl-thread1] INFO  server.RaftServerConfigKeys (ConfUtils.java:logGet(46)) - raft.server.log.use.memory = false (default)
2023-08-18 03:37:40,999 [s1-impl-thread1] INFO  server.RaftServerConfigKeys (ConfUtils.java:logGet(46)) - raft.server.log.purge.gap = 8 (custom)
2023-08-18 03:37:41,000 [s1-impl-thread1] INFO  server.RaftServerConfigKeys (ConfUtils.java:logGet(46)) - raft.server.log.appender.buffer.byte-limit = 4MB (=4194304) (default)
2023-08-18 03:37:41,000 [s1-impl-thread1] INFO  server.RaftServerConfigKeys (ConfUtils.java:logGet(46)) - raft.server.log.statemachine.data.read.timeout = 1000ms (default)
2023-08-18 03:37:41,000 [s1-impl-thread1] INFO  server.RaftServerConfigKeys (ConfUtils.java:logGet(46)) - raft.server.log.purge.preservation.log.num = 0 (default)
2023-08-18 03:37:41,000 [s1-impl-thread1] INFO  server.RaftServerConfigKeys (ConfUtils.java:logGet(46)) - raft.server.log.segment.size.max = 8MB (=8388608) (default)
2023-08-18 03:37:41,000 [s1-impl-thread1] INFO  server.RaftServerConfigKeys (ConfUtils.java:logGet(46)) - raft.server.log.segment.cache.num.max = 6 (default)
2023-08-18 03:37:41,000 [s1-impl-thread1] INFO  server.RaftServerConfigKeys (ConfUtils.java:logGet(46)) - raft.server.log.segment.cache.size.max = 200MB (=209715200) (default)
2023-08-18 03:37:41,000 [s1-impl-thread1] INFO  server.RaftServerConfigKeys (ConfUtils.java:logGet(46)) - raft.server.log.appender.buffer.byte-limit = 4MB (=4194304) (default)
2023-08-18 03:37:41,000 [s1-impl-thread1] INFO  segmented.SegmentedRaftLogWorker (SegmentedRaftLogWorker.java:<init>(183)) - new s1@group-730D19607969-SegmentedRaftLogWorker for RaftStorageImpl:Storage Directory /home/runner/work/ratis/ratis/ratis-test/target/test/data/24296cbb/MiniRaftClusterWithGrpce253fadd/s1/4a9e497c-dc01-40dc-9c12-730d19607969
2023-08-18 03:37:41,000 [s1-impl-thread1] INFO  server.RaftServerConfigKeys (ConfUtils.java:logGet(46)) - raft.server.log.queue.byte-limit = 64MB (=67108864) (default)
2023-08-18 03:37:41,000 [s1-impl-thread1] INFO  server.RaftServerConfigKeys (ConfUtils.java:logGet(46)) - raft.server.log.queue.element-limit = 4096 (default)
2023-08-18 03:37:41,000 [s1-impl-thread1] INFO  server.RaftServerConfigKeys (ConfUtils.java:logGet(46)) - raft.server.log.segment.size.max = 8MB (=8388608) (default)
2023-08-18 03:37:41,000 [s1-impl-thread1] INFO  server.RaftServerConfigKeys (ConfUtils.java:logGet(46)) - raft.server.log.preallocated.size = 4MB (=4194304) (default)
2023-08-18 03:37:41,000 [s1-impl-thread1] INFO  server.RaftServerConfigKeys (ConfUtils.java:logGet(46)) - raft.server.log.force.sync.num = 128 (default)
2023-08-18 03:37:41,000 [s1-impl-thread1] INFO  server.RaftServerConfigKeys (ConfUtils.java:logGet(46)) - raft.server.log.statemachine.data.sync = true (default)
2023-08-18 03:37:41,000 [s1-impl-thread1] INFO  server.RaftServerConfigKeys (ConfUtils.java:logGet(46)) - raft.server.log.statemachine.data.sync.timeout = 10s (default)
2023-08-18 03:37:41,000 [s1-impl-thread1] INFO  server.RaftServerConfigKeys (ConfUtils.java:logGet(46)) - raft.server.log.statemachine.data.sync.timeout.retry = -1 (default)
2023-08-18 03:37:41,000 [s1-impl-thread1] INFO  server.RaftServerConfigKeys (ConfUtils.java:logGet(46)) - raft.server.log.write.buffer.size = 64KB (=65536) (default)
2023-08-18 03:37:41,000 [s1-impl-thread1] INFO  server.RaftServerConfigKeys (ConfUtils.java:logGet(46)) - raft.server.log.appender.buffer.byte-limit = 4MB (=4194304) (default)
2023-08-18 03:37:41,001 [s1-impl-thread1] INFO  server.RaftServerConfigKeys (ConfUtils.java:logGet(46)) - raft.server.log.unsafe-flush.enabled = false (default)
2023-08-18 03:37:41,001 [s1-impl-thread1] INFO  server.RaftServerConfigKeys (ConfUtils.java:logGet(46)) - raft.server.log.async-flush.enabled = false (default)
2023-08-18 03:37:41,001 [s1-impl-thread1] INFO  server.RaftServerConfigKeys (ConfUtils.java:logGet(46)) - raft.server.log.statemachine.data.caching.enabled = false (default)
2023-08-18 03:37:41,001 [s1-impl-thread1] INFO  segmented.SegmentedRaftLogWorker (SegmentedRaftLogWorker.java:lambda$new$0(134)) - s1@group-730D19607969-SegmentedRaftLogWorker: flushIndex: setUnconditionally 0 -> -1
2023-08-18 03:37:41,001 [s1-impl-thread1] INFO  segmented.SegmentedRaftLogWorker (SegmentedRaftLogWorker.java:lambda$new$0(134)) - s1@group-730D19607969-SegmentedRaftLogWorker: safeCacheEvictIndex: setUnconditionally 0 -> -1
2023-08-18 03:37:41,001 [s1-impl-thread1] INFO  server.RaftServer$Division (RaftServerImpl.java:start(390)) - s1@group-730D19607969: start with initializing state, conf=-1: peers:[]|listeners:[], old=null
2023-08-18 03:37:41,001 [s1-impl-thread1] INFO  server.RaftServer$Division (RaftServerImpl.java:setRole(371)) - s1@group-730D19607969: changes role from      null to FOLLOWER at term 0 for startInitializing
2023-08-18 03:37:41,001 [s1-impl-thread1] INFO  util.JmxRegister (JmxRegister.java:tryRegister(44)) - Successfully registered JMX Bean with object name Ratis:service=RaftServer,group=group-730D19607969,id=s1
2023-08-18 03:37:41,001 [s1-impl-thread1] INFO  server.RaftServerConfigKeys (ConfUtils.java:logGet(46)) - raft.server.snapshot.trigger-when-stop.enabled = true (default)
2023-08-18 03:37:41,001 [s1-impl-thread1] INFO  server.RaftServerConfigKeys (ConfUtils.java:logGet(46)) - raft.server.snapshot.auto.trigger.enabled = true (custom)
2023-08-18 03:37:41,001 [s1-impl-thread1] INFO  server.RaftServerConfigKeys (ConfUtils.java:logGet(46)) - raft.server.snapshot.auto.trigger.threshold = 64 (custom)
2023-08-18 03:37:41,001 [s1-impl-thread1] INFO  server.RaftServerConfigKeys (ConfUtils.java:logGet(46)) - raft.server.snapshot.retention.file.num = -1 (default)
2023-08-18 03:37:41,001 [s1-impl-thread1] INFO  server.RaftServerConfigKeys (ConfUtils.java:logGet(46)) - raft.server.log.purge.upto.snapshot.index = false (default)
2023-08-18 03:37:41,001 [Time-limited test] INFO  server.RaftServer (RaftServerProxy.java:startImpl(402)) - s1: start RPC server
2023-08-18 03:37:41,002 [Time-limited test] INFO  server.GrpcService (GrpcService.java:startImpl(302)) - s1: GrpcService started, listening on 40257
2023-08-18 03:37:41,007 [s2-impl-thread1] INFO  server.RaftServerConfigKeys (ConfUtils.java:logGet(46)) - raft.server.storage.free-space.min = 0MB (=0) (default)
2023-08-18 03:37:41,007 [s2-impl-thread1] INFO  server.RaftServerConfigKeys (ConfUtils.java:logGet(46)) - raft.server.log.corruption.policy = EXCEPTION (default)
2023-08-18 03:37:41,007 [s2-impl-thread1] INFO  server.RaftServerConfigKeys (ConfUtils.java:logGet(46)) - raft.server.storage.dir = [/home/runner/work/ratis/ratis/ratis-test/target/test/data/24296cbb/MiniRaftClusterWithGrpce253fadd/s2] (custom)
2023-08-18 03:37:41,007 [s2-impl-thread1] INFO  storage.RaftStorageDirectory (RaftStorageDirectoryImpl.java:analyzeStorage(138)) - The storage directory /home/runner/work/ratis/ratis/ratis-test/target/test/data/24296cbb/MiniRaftClusterWithGrpce253fadd/s2/4a9e497c-dc01-40dc-9c12-730d19607969 does not exist. Creating ...
2023-08-18 03:37:41,007 [s2-impl-thread1] TRACE util.FileUtils (LogUtils.java:runAndLog(49)) - Successfully ran Files.createDirectories /home/runner/work/ratis/ratis/ratis-test/target/test/data/24296cbb/MiniRaftClusterWithGrpce253fadd/s2/4a9e497c-dc01-40dc-9c12-730d19607969
2023-08-18 03:37:41,008 [JvmPauseMonitor10] INFO  util.JvmPauseMonitor (JvmPauseMonitor.java:run(105)) - JvmPauseMonitor-s1: Started
2023-08-18 03:37:41,008 [s2-impl-thread1] INFO  storage.RaftStorageDirectory (RaftStorageDirectoryImpl.java:tryLock(232)) - Lock on /home/runner/work/ratis/ratis/ratis-test/target/test/data/24296cbb/MiniRaftClusterWithGrpce253fadd/s2/4a9e497c-dc01-40dc-9c12-730d19607969/in_use.lock acquired by nodename 15247@fv-az454-831
2023-08-18 03:37:41,009 [s2-impl-thread1] TRACE util.FileUtils (LogUtils.java:runAndLog(49)) - Successfully ran Files.createDirectories /home/runner/work/ratis/ratis/ratis-test/target/test/data/24296cbb/MiniRaftClusterWithGrpce253fadd/s2/4a9e497c-dc01-40dc-9c12-730d19607969/current
2023-08-18 03:37:41,009 [s2-impl-thread1] TRACE util.FileUtils (LogUtils.java:runAndLog(49)) - Successfully ran Files.createDirectories /home/runner/work/ratis/ratis/ratis-test/target/test/data/24296cbb/MiniRaftClusterWithGrpce253fadd/s2/4a9e497c-dc01-40dc-9c12-730d19607969/sm
2023-08-18 03:37:41,009 [s2-impl-thread1] INFO  storage.RaftStorage (RaftStorageImpl.java:format(97)) - Storage directory /home/runner/work/ratis/ratis/ratis-test/target/test/data/24296cbb/MiniRaftClusterWithGrpce253fadd/s2/4a9e497c-dc01-40dc-9c12-730d19607969 has been successfully formatted.
2023-08-18 03:37:41,009 [s2-impl-thread1] INFO  impl.SimpleStateMachine4Testing (SimpleStateMachine4Testing.java:initialize(213)) - Initializing StateMachineWithSeparatedSnapshotPath:uninitialized
2023-08-18 03:37:41,010 [s2-impl-thread1] INFO  impl.SimpleStateMachine4Testing (SimpleStateMachine4Testing.java:loadSnapshot(293)) - Loading snapshot null
2023-08-18 03:37:41,010 [s2-impl-thread1] TRACE util.FileUtils (FileUtils.java:deleteFully(201)) - deleteFully /tmp/ratis-tests/statemachine/s2
2023-08-18 03:37:41,010 [s2-impl-thread1] TRACE util.FileUtils (LogUtils.java:runAndLog(49)) - Successfully ran Files.delete /tmp/ratis-tests/statemachine/s2/snapshot/1_191/loves
2023-08-18 03:37:41,010 [s2-impl-thread1] TRACE util.FileUtils (LogUtils.java:runAndLog(49)) - Successfully ran Files.delete /tmp/ratis-tests/statemachine/s2/snapshot/1_191/loves.md5
2023-08-18 03:37:41,010 [s2-impl-thread1] TRACE util.FileUtils (LogUtils.java:runAndLog(49)) - Successfully ran Files.delete /tmp/ratis-tests/statemachine/s2/snapshot/1_191/deer
2023-08-18 03:37:41,010 [s2-impl-thread1] TRACE util.FileUtils (LogUtils.java:runAndLog(49)) - Successfully ran Files.delete /tmp/ratis-tests/statemachine/s2/snapshot/1_191/deer.md5
2023-08-18 03:37:41,010 [s2-impl-thread1] TRACE util.FileUtils (LogUtils.java:runAndLog(49)) - Successfully ran Files.delete /tmp/ratis-tests/statemachine/s2/snapshot/1_191/vegetable
2023-08-18 03:37:41,010 [s2-impl-thread1] TRACE util.FileUtils (LogUtils.java:runAndLog(49)) - Successfully ran Files.delete /tmp/ratis-tests/statemachine/s2/snapshot/1_191/vegetable.md5
2023-08-18 03:37:41,010 [s2-impl-thread1] TRACE util.FileUtils (LogUtils.java:runAndLog(49)) - Successfully ran Files.delete /tmp/ratis-tests/statemachine/s2/snapshot/1_191
2023-08-18 03:37:41,010 [s2-impl-thread1] TRACE util.FileUtils (LogUtils.java:runAndLog(49)) - Successfully ran Files.delete /tmp/ratis-tests/statemachine/s2/snapshot/1_258/loves
2023-08-18 03:37:41,010 [s2-impl-thread1] TRACE util.FileUtils (LogUtils.java:runAndLog(49)) - Successfully ran Files.delete /tmp/ratis-tests/statemachine/s2/snapshot/1_258/deer
2023-08-18 03:37:41,010 [s2-impl-thread1] TRACE util.FileUtils (LogUtils.java:runAndLog(49)) - Successfully ran Files.delete /tmp/ratis-tests/statemachine/s2/snapshot/1_258/vegetable
2023-08-18 03:37:41,010 [s2-impl-thread1] TRACE util.FileUtils (LogUtils.java:runAndLog(49)) - Successfully ran Files.delete /tmp/ratis-tests/statemachine/s2/snapshot/1_258
2023-08-18 03:37:41,010 [s2-impl-thread1] TRACE util.FileUtils (LogUtils.java:runAndLog(49)) - Successfully ran Files.delete /tmp/ratis-tests/statemachine/s2/snapshot/1_255/loves
2023-08-18 03:37:41,010 [s2-impl-thread1] TRACE util.FileUtils (LogUtils.java:runAndLog(49)) - Successfully ran Files.delete /tmp/ratis-tests/statemachine/s2/snapshot/1_255/deer
2023-08-18 03:37:41,010 [s2-impl-thread1] TRACE util.FileUtils (LogUtils.java:runAndLog(49)) - Successfully ran Files.delete /tmp/ratis-tests/statemachine/s2/snapshot/1_255/vegetable
2023-08-18 03:37:41,010 [s2-impl-thread1] TRACE util.FileUtils (LogUtils.java:runAndLog(49)) - Successfully ran Files.delete /tmp/ratis-tests/statemachine/s2/snapshot/1_255
2023-08-18 03:37:41,010 [s2-impl-thread1] TRACE util.FileUtils (LogUtils.java:runAndLog(49)) - Successfully ran Files.delete /tmp/ratis-tests/statemachine/s2/snapshot
2023-08-18 03:37:41,010 [s2-impl-thread1] TRACE util.FileUtils (LogUtils.java:runAndLog(49)) - Successfully ran Files.delete /tmp/ratis-tests/statemachine/s2/tmp
2023-08-18 03:37:41,011 [s2-impl-thread1] TRACE util.FileUtils (LogUtils.java:runAndLog(49)) - Successfully ran Files.delete /tmp/ratis-tests/statemachine/s2
2023-08-18 03:37:41,011 [s2-impl-thread1] INFO  server.RaftServerConfigKeys (ConfUtils.java:logGet(46)) - raft.server.log.use.memory = false (default)
2023-08-18 03:37:41,011 [s2-impl-thread1] INFO  server.RaftServerConfigKeys (ConfUtils.java:logGet(46)) - raft.server.log.purge.gap = 8 (custom)
2023-08-18 03:37:41,011 [s2-impl-thread1] INFO  server.RaftServerConfigKeys (ConfUtils.java:logGet(46)) - raft.server.log.appender.buffer.byte-limit = 4MB (=4194304) (default)
2023-08-18 03:37:41,011 [s2-impl-thread1] INFO  server.RaftServerConfigKeys (ConfUtils.java:logGet(46)) - raft.server.log.statemachine.data.read.timeout = 1000ms (default)
2023-08-18 03:37:41,011 [s2-impl-thread1] INFO  server.RaftServerConfigKeys (ConfUtils.java:logGet(46)) - raft.server.log.purge.preservation.log.num = 0 (default)
2023-08-18 03:37:41,011 [s2-impl-thread1] INFO  server.RaftServerConfigKeys (ConfUtils.java:logGet(46)) - raft.server.log.segment.size.max = 8MB (=8388608) (default)
2023-08-18 03:37:41,011 [s2-impl-thread1] INFO  server.RaftServerConfigKeys (ConfUtils.java:logGet(46)) - raft.server.log.segment.cache.num.max = 6 (default)
2023-08-18 03:37:41,011 [s2-impl-thread1] INFO  server.RaftServerConfigKeys (ConfUtils.java:logGet(46)) - raft.server.log.segment.cache.size.max = 200MB (=209715200) (default)
2023-08-18 03:37:41,011 [s2-impl-thread1] INFO  server.RaftServerConfigKeys (ConfUtils.java:logGet(46)) - raft.server.log.appender.buffer.byte-limit = 4MB (=4194304) (default)
2023-08-18 03:37:41,011 [s2-impl-thread1] INFO  segmented.SegmentedRaftLogWorker (SegmentedRaftLogWorker.java:<init>(183)) - new s2@group-730D19607969-SegmentedRaftLogWorker for RaftStorageImpl:Storage Directory /home/runner/work/ratis/ratis/ratis-test/target/test/data/24296cbb/MiniRaftClusterWithGrpce253fadd/s2/4a9e497c-dc01-40dc-9c12-730d19607969
2023-08-18 03:37:41,011 [s2-impl-thread1] INFO  server.RaftServerConfigKeys (ConfUtils.java:logGet(46)) - raft.server.log.queue.byte-limit = 64MB (=67108864) (default)
2023-08-18 03:37:41,011 [s2-impl-thread1] INFO  server.RaftServerConfigKeys (ConfUtils.java:logGet(46)) - raft.server.log.queue.element-limit = 4096 (default)
2023-08-18 03:37:41,011 [s2-impl-thread1] INFO  server.RaftServerConfigKeys (ConfUtils.java:logGet(46)) - raft.server.log.segment.size.max = 8MB (=8388608) (default)
2023-08-18 03:37:41,011 [s2-impl-thread1] INFO  server.RaftServerConfigKeys (ConfUtils.java:logGet(46)) - raft.server.log.preallocated.size = 4MB (=4194304) (default)
2023-08-18 03:37:41,011 [s2-impl-thread1] INFO  server.RaftServerConfigKeys (ConfUtils.java:logGet(46)) - raft.server.log.force.sync.num = 128 (default)
2023-08-18 03:37:41,011 [s2-impl-thread1] INFO  server.RaftServerConfigKeys (ConfUtils.java:logGet(46)) - raft.server.log.statemachine.data.sync = true (default)
2023-08-18 03:37:41,011 [s2-impl-thread1] INFO  server.RaftServerConfigKeys (ConfUtils.java:logGet(46)) - raft.server.log.statemachine.data.sync.timeout = 10s (default)
2023-08-18 03:37:41,011 [s2-impl-thread1] INFO  server.RaftServerConfigKeys (ConfUtils.java:logGet(46)) - raft.server.log.statemachine.data.sync.timeout.retry = -1 (default)
2023-08-18 03:37:41,011 [s2-impl-thread1] INFO  server.RaftServerConfigKeys (ConfUtils.java:logGet(46)) - raft.server.log.write.buffer.size = 64KB (=65536) (default)
2023-08-18 03:37:41,011 [s2-impl-thread1] INFO  server.RaftServerConfigKeys (ConfUtils.java:logGet(46)) - raft.server.log.appender.buffer.byte-limit = 4MB (=4194304) (default)
2023-08-18 03:37:41,012 [s2-impl-thread1] INFO  server.RaftServerConfigKeys (ConfUtils.java:logGet(46)) - raft.server.log.unsafe-flush.enabled = false (default)
2023-08-18 03:37:41,012 [s2-impl-thread1] INFO  server.RaftServerConfigKeys (ConfUtils.java:logGet(46)) - raft.server.log.async-flush.enabled = false (default)
2023-08-18 03:37:41,012 [s2-impl-thread1] INFO  server.RaftServerConfigKeys (ConfUtils.java:logGet(46)) - raft.server.log.statemachine.data.caching.enabled = false (default)
2023-08-18 03:37:41,012 [s2-impl-thread1] INFO  segmented.SegmentedRaftLogWorker (SegmentedRaftLogWorker.java:lambda$new$0(134)) - s2@group-730D19607969-SegmentedRaftLogWorker: flushIndex: setUnconditionally 0 -> -1
2023-08-18 03:37:41,012 [s2-impl-thread1] INFO  segmented.SegmentedRaftLogWorker (SegmentedRaftLogWorker.java:lambda$new$0(134)) - s2@group-730D19607969-SegmentedRaftLogWorker: safeCacheEvictIndex: setUnconditionally 0 -> -1
2023-08-18 03:37:41,015 [s2-impl-thread1] INFO  server.RaftServer$Division (RaftServerImpl.java:start(390)) - s2@group-730D19607969: start with initializing state, conf=-1: peers:[]|listeners:[], old=null
2023-08-18 03:37:41,015 [s2-impl-thread1] INFO  server.RaftServer$Division (RaftServerImpl.java:setRole(371)) - s2@group-730D19607969: changes role from      null to FOLLOWER at term 0 for startInitializing
2023-08-18 03:37:41,015 [s2-impl-thread1] INFO  util.JmxRegister (JmxRegister.java:tryRegister(44)) - Successfully registered JMX Bean with object name Ratis:service=RaftServer,group=group-730D19607969,id=s2
2023-08-18 03:37:41,015 [s2-impl-thread1] INFO  server.RaftServerConfigKeys (ConfUtils.java:logGet(46)) - raft.server.snapshot.trigger-when-stop.enabled = true (default)
2023-08-18 03:37:41,015 [s2-impl-thread1] INFO  server.RaftServerConfigKeys (ConfUtils.java:logGet(46)) - raft.server.snapshot.auto.trigger.enabled = true (custom)
2023-08-18 03:37:41,015 [s2-impl-thread1] INFO  server.RaftServerConfigKeys (ConfUtils.java:logGet(46)) - raft.server.snapshot.auto.trigger.threshold = 64 (custom)
2023-08-18 03:37:41,015 [s2-impl-thread1] INFO  server.RaftServerConfigKeys (ConfUtils.java:logGet(46)) - raft.server.snapshot.retention.file.num = -1 (default)
2023-08-18 03:37:41,015 [s2-impl-thread1] INFO  server.RaftServerConfigKeys (ConfUtils.java:logGet(46)) - raft.server.log.purge.upto.snapshot.index = false (default)
2023-08-18 03:37:41,016 [Time-limited test] INFO  server.RaftServer (RaftServerProxy.java:startImpl(402)) - s2: start RPC server
2023-08-18 03:37:41,019 [Time-limited test] INFO  server.GrpcService (GrpcService.java:startImpl(302)) - s2: GrpcService started, listening on 43615
2023-08-18 03:37:41,019 [JvmPauseMonitor11] INFO  util.JvmPauseMonitor (JvmPauseMonitor.java:run(105)) - JvmPauseMonitor-s2: Started
2023-08-18 03:37:41,019 [Time-limited test] INFO  impl.MiniRaftCluster (MiniRaftCluster.java:setConfiguration(819)) - Start changing the configuration: [s1|rpc:0.0.0.0:40257|priority:0|startupRole:FOLLOWER, s2|rpc:0.0.0.0:43615|priority:0|startupRole:FOLLOWER, s0|rpc:localhost:43033|admin:localhost:36409|client:localhost:44437|dataStream:localhost:37553|priority:0|startupRole:FOLLOWER]
2023-08-18 03:37:41,021 [s0-server-thread1] INFO  server.RaftServer$Division (RaftServerImpl.java:setConfigurationAsync(1238)) - s0@group-730D19607969: receive setConfiguration SetConfigurationRequest:client-0EB39BBC7256->s0@group-730D19607969, cid=515, seq=0, RW, null, SET_UNCONDITIONALLY, servers:[s1|rpc:0.0.0.0:40257|dataStream:|priority:0|startupRole:FOLLOWER, s2|rpc:0.0.0.0:43615|dataStream:|priority:0|startupRole:FOLLOWER, s0|rpc:localhost:43033|admin:localhost:36409|client:localhost:44437|dataStream:localhost:37553|priority:0|startupRole:FOLLOWER], listeners:[]
2023-08-18 03:37:41,022 [s0-server-thread1] INFO  server.RaftServer$Division (LeaderStateImpl.java:startSetConfiguration(443)) - s0@group-730D19607969-LeaderStateImpl: startSetConfiguration SetConfigurationRequest:client-0EB39BBC7256->s0@group-730D19607969, cid=515, seq=0, RW, null, SET_UNCONDITIONALLY, servers:[s1|rpc:0.0.0.0:40257|dataStream:|priority:0|startupRole:FOLLOWER, s2|rpc:0.0.0.0:43615|dataStream:|priority:0|startupRole:FOLLOWER, s0|rpc:localhost:43033|admin:localhost:36409|client:localhost:44437|dataStream:localhost:37553|priority:0|startupRole:FOLLOWER], listeners:[]
2023-08-18 03:37:41,022 [s0-server-thread1] INFO  server.RaftServerConfigKeys (ConfUtils.java:logGet(46)) - raft.server.log.appender.snapshot.chunk.size.max = 1k (=1024) (custom)
2023-08-18 03:37:41,022 [s0-server-thread1] INFO  server.RaftServerConfigKeys (ConfUtils.java:logGet(46)) - raft.server.log.appender.buffer.byte-limit = 4MB (=4194304) (default)
2023-08-18 03:37:41,022 [s0-server-thread1] INFO  server.RaftServerConfigKeys (ConfUtils.java:logGet(46)) - raft.server.log.appender.buffer.element-limit = 0 (default)
2023-08-18 03:37:41,022 [s0-server-thread1] INFO  server.RaftServerConfigKeys (ConfUtils.java:logGet(46)) - raft.server.log.appender.wait-time.min = 10ms (default)
2023-08-18 03:37:41,022 [s0-server-thread1] INFO  grpc.GrpcConfigKeys (ConfUtils.java:logGet(46)) - raft.grpc.server.leader.outstanding.appends.max = 128 (default)
2023-08-18 03:37:41,022 [s0-server-thread1] INFO  server.RaftServerConfigKeys (ConfUtils.java:logGet(46)) - raft.server.rpc.request.timeout = 3000ms (default)
2023-08-18 03:37:41,022 [s0-server-thread1] INFO  grpc.GrpcConfigKeys (ConfUtils.java:logGet(46)) - raft.grpc.server.install_snapshot.request.element-limit = 8 (default)
2023-08-18 03:37:41,022 [s0-server-thread1] INFO  grpc.GrpcConfigKeys (ConfUtils.java:logGet(46)) - raft.grpc.server.install_snapshot.request.timeout = 3000ms (default)
2023-08-18 03:37:41,022 [s0-server-thread1] INFO  server.RaftServerConfigKeys (ConfUtils.java:logGet(46)) - raft.server.log.appender.install.snapshot.enabled = true (default)
2023-08-18 03:37:41,022 [s0-server-thread1] INFO  grpc.GrpcConfigKeys (ConfUtils.java:logGet(46)) - raft.grpc.server.heartbeat.channel = true (default)
2023-08-18 03:37:41,022 [s0-server-thread1] INFO  server.RaftServerConfigKeys (ConfUtils.java:logGet(46)) - raft.server.log.appender.snapshot.chunk.size.max = 1k (=1024) (custom)
2023-08-18 03:37:41,022 [s0-server-thread1] INFO  server.RaftServerConfigKeys (ConfUtils.java:logGet(46)) - raft.server.log.appender.buffer.byte-limit = 4MB (=4194304) (default)
2023-08-18 03:37:41,022 [s0-server-thread1] INFO  server.RaftServerConfigKeys (ConfUtils.java:logGet(46)) - raft.server.log.appender.buffer.element-limit = 0 (default)
2023-08-18 03:37:41,023 [s0-server-thread1] INFO  server.RaftServerConfigKeys (ConfUtils.java:logGet(46)) - raft.server.log.appender.wait-time.min = 10ms (default)
2023-08-18 03:37:41,023 [s0-server-thread1] INFO  grpc.GrpcConfigKeys (ConfUtils.java:logGet(46)) - raft.grpc.server.leader.outstanding.appends.max = 128 (default)
2023-08-18 03:37:41,023 [s0-server-thread1] INFO  server.RaftServerConfigKeys (ConfUtils.java:logGet(46)) - raft.server.rpc.request.timeout = 3000ms (default)
2023-08-18 03:37:41,023 [s0-server-thread1] INFO  grpc.GrpcConfigKeys (ConfUtils.java:logGet(46)) - raft.grpc.server.install_snapshot.request.element-limit = 8 (default)
2023-08-18 03:37:41,023 [s0-server-thread1] INFO  grpc.GrpcConfigKeys (ConfUtils.java:logGet(46)) - raft.grpc.server.install_snapshot.request.timeout = 3000ms (default)
2023-08-18 03:37:41,023 [s0-server-thread1] INFO  server.RaftServerConfigKeys (ConfUtils.java:logGet(46)) - raft.server.log.appender.install.snapshot.enabled = true (default)
2023-08-18 03:37:41,023 [s0-server-thread1] INFO  grpc.GrpcConfigKeys (ConfUtils.java:logGet(46)) - raft.grpc.server.heartbeat.channel = true (default)
2023-08-18 03:37:41,023 [s0@group-730D19607969->s1-GrpcLogAppender-LogAppenderDaemon] INFO  server.GrpcLogAppender (GrpcLogAppender.java:installSnapshot(638)) - s0@group-730D19607969->s1-GrpcLogAppender: followerNextIndex = 0 but logStartIndex = 0, send snapshot FileListSnapshotInfo(t:1, i:191):[/tmp/ratis-tests/statemachine/s0/snapshot/1_191/loves, /tmp/ratis-tests/statemachine/s0/snapshot/1_191/deer, /tmp/ratis-tests/statemachine/s0/snapshot/1_191/vegetable] to follower
2023-08-18 03:37:41,023 [s0@group-730D19607969->s1-GrpcLogAppender-LogAppenderDaemon] INFO  server.GrpcServerProtocolClient (GrpcServerProtocolClient.java:<init>(66)) - Build channel for s1
2023-08-18 03:37:41,027 [grpc-default-executor-4] INFO  impl.SnapshotInstallationHandler (SnapshotInstallationHandler.java:installSnapshot(89)) - s1@group-730D19607969: receive installSnapshot: s0->s1#0-t1,chunk:6cb75606-33b5-4410-ab3b-e682b51a4434,0
2023-08-18 03:37:41,027 [s0@group-730D19607969->s2-GrpcLogAppender-LogAppenderDaemon] INFO  server.GrpcLogAppender (GrpcLogAppender.java:installSnapshot(638)) - s0@group-730D19607969->s2-GrpcLogAppender: followerNextIndex = 0 but logStartIndex = 0, send snapshot FileListSnapshotInfo(t:1, i:191):[/tmp/ratis-tests/statemachine/s0/snapshot/1_191/loves, /tmp/ratis-tests/statemachine/s0/snapshot/1_191/deer, /tmp/ratis-tests/statemachine/s0/snapshot/1_191/vegetable] to follower
2023-08-18 03:37:41,027 [s0@group-730D19607969->s2-GrpcLogAppender-LogAppenderDaemon] INFO  server.GrpcServerProtocolClient (GrpcServerProtocolClient.java:<init>(66)) - Build channel for s2
2023-08-18 03:37:41,029 [grpc-default-executor-4] INFO  server.RaftServer$Division (RaftServerImpl.java:setFirstElection(556)) - s1@group-730D19607969: set firstElectionSinceStartup to false for installSnapshot
2023-08-18 03:37:41,029 [grpc-default-executor-4] INFO  server.RaftServer$Division (ServerState.java:setLeader(260)) - s1@group-730D19607969: change Leader from null to s0 at term 1 for installSnapshot, leader elected after 36ms
2023-08-18 03:37:41,029 [grpc-default-executor-4] TRACE util.FileUtils (LogUtils.java:runAndLog(49)) - Successfully ran Files.createDirectories /tmp/ratis-tests/statemachine/s1/tmp/snapshot-6cb75606-33b5-4410-ab3b-e682b51a4434
2023-08-18 03:37:41,029 [grpc-default-executor-4] INFO  storage.SnapshotManager (SnapshotManager.java:installSnapshot(89)) - Installing snapshot:s0->s1#0-t1,chunk:6cb75606-33b5-4410-ab3b-e682b51a4434,0, to tmp dir:/tmp/ratis-tests/statemachine/s1/tmp/snapshot-6cb75606-33b5-4410-ab3b-e682b51a4434
2023-08-18 03:37:41,030 [grpc-default-executor-4] TRACE util.FileUtils (LogUtils.java:runAndLog(49)) - Successfully ran Files.createDirectories /tmp/ratis-tests/statemachine/s1/tmp/snapshot-6cb75606-33b5-4410-ab3b-e682b51a4434/1_191
2023-08-18 03:37:41,031 [grpc-default-executor-4] INFO  impl.SnapshotInstallationHandler (SnapshotInstallationHandler.java:installSnapshotImpl(134)) - s1@group-730D19607969: set new configuration configurationEntry {
  peers {
    id: "s0"
    address: "localhost:43033"
    dataStreamAddress: "localhost:37553"
    clientAddress: "localhost:44437"
    adminAddress: "localhost:36409"
    startupRole: FOLLOWER
  }
}
 from snapshot
2023-08-18 03:37:41,031 [grpc-default-executor-4] INFO  server.RaftServer$Division (ServerState.java:setRaftConf(377)) - s1@group-730D19607969: set configuration 0: peers:[s0|rpc:localhost:43033|admin:localhost:36409|client:localhost:44437|dataStream:localhost:37553|priority:0|startupRole:FOLLOWER]|listeners:[], old=null
2023-08-18 03:37:41,031 [grpc-default-executor-4] INFO  impl.SnapshotInstallationHandler (SnapshotInstallationHandler.java:installSnapshot(100)) - s1@group-730D19607969: reply installSnapshot: s0<-s1#0:OK-t0,SUCCESS,requestIndex=0
2023-08-18 03:37:41,032 [grpc-default-executor-5] INFO  server.GrpcLogAppender (GrpcLogAppender.java:onNext(541)) - s0@group-730D19607969->s1-InstallSnapshotResponseHandler: received the first reply s0<-s1#0:OK-t0,SUCCESS,requestIndex=0
2023-08-18 03:37:41,032 [grpc-default-executor-5] INFO  server.GrpcLogAppender (GrpcLogAppender.java:onNext(555)) - s0@group-730D19607969->s1-InstallSnapshotResponseHandler: Completed InstallSnapshot. Reply: serverReply {
  requestorId: "s0"
  replyId: "s1"
  raftGroupId {
    id: "J\236I|\334\001@\334\234\022s\r\031`yi"
  }
  success: true
}
requestIndex: 0

2023-08-18 03:37:41,032 [grpc-default-executor-5] INFO  leader.FollowerInfo (FollowerInfoImpl.java:setAttemptedToInstallSnapshot(126)) - Follower s0@group-730D19607969->s1 acknowledged installing snapshot
2023-08-18 03:37:41,032 [grpc-default-executor-4] INFO  impl.SnapshotInstallationHandler (SnapshotInstallationHandler.java:installSnapshot(89)) - s1@group-730D19607969: receive installSnapshot: s0->s1#0-t1,chunk:6cb75606-33b5-4410-ab3b-e682b51a4434,1
2023-08-18 03:37:41,032 [grpc-default-executor-4] TRACE util.FileUtils (LogUtils.java:runAndLog(49)) - Successfully ran Files.createDirectories /tmp/ratis-tests/statemachine/s1/tmp/snapshot-6cb75606-33b5-4410-ab3b-e682b51a4434
2023-08-18 03:37:41,032 [grpc-default-executor-4] INFO  storage.SnapshotManager (SnapshotManager.java:installSnapshot(89)) - Installing snapshot:s0->s1#0-t1,chunk:6cb75606-33b5-4410-ab3b-e682b51a4434,1, to tmp dir:/tmp/ratis-tests/statemachine/s1/tmp/snapshot-6cb75606-33b5-4410-ab3b-e682b51a4434
2023-08-18 03:37:41,032 [grpc-default-executor-4] TRACE util.FileUtils (LogUtils.java:runAndLog(49)) - Successfully ran Files.createDirectories /tmp/ratis-tests/statemachine/s1/tmp/snapshot-6cb75606-33b5-4410-ab3b-e682b51a4434/1_191
2023-08-18 03:37:41,033 [grpc-default-executor-6] INFO  impl.SnapshotInstallationHandler (SnapshotInstallationHandler.java:installSnapshot(89)) - s2@group-730D19607969: receive installSnapshot: s0->s2#0-t1,chunk:aea876e8-f194-4bc1-a1c8-9fffd0f17bcf,0
2023-08-18 03:37:41,033 [grpc-default-executor-4] INFO  impl.SnapshotInstallationHandler (SnapshotInstallationHandler.java:installSnapshot(100)) - s1@group-730D19607969: reply installSnapshot: s0<-s1#0:OK-t1,SUCCESS,requestIndex=1
2023-08-18 03:37:41,033 [grpc-default-executor-4] INFO  impl.SnapshotInstallationHandler (SnapshotInstallationHandler.java:installSnapshot(89)) - s1@group-730D19607969: receive installSnapshot: s0->s1#0-t1,chunk:6cb75606-33b5-4410-ab3b-e682b51a4434,2
2023-08-18 03:37:41,034 [grpc-default-executor-4] TRACE util.FileUtils (LogUtils.java:runAndLog(49)) - Successfully ran Files.createDirectories /tmp/ratis-tests/statemachine/s1/tmp/snapshot-6cb75606-33b5-4410-ab3b-e682b51a4434
2023-08-18 03:37:41,034 [grpc-default-executor-4] INFO  storage.SnapshotManager (SnapshotManager.java:installSnapshot(89)) - Installing snapshot:s0->s1#0-t1,chunk:6cb75606-33b5-4410-ab3b-e682b51a4434,2, to tmp dir:/tmp/ratis-tests/statemachine/s1/tmp/snapshot-6cb75606-33b5-4410-ab3b-e682b51a4434
2023-08-18 03:37:41,034 [grpc-default-executor-4] TRACE util.FileUtils (LogUtils.java:runAndLog(49)) - Successfully ran Files.createDirectories /tmp/ratis-tests/statemachine/s1/tmp/snapshot-6cb75606-33b5-4410-ab3b-e682b51a4434/1_191
2023-08-18 03:37:41,034 [grpc-default-executor-7] INFO  server.GrpcLogAppender (GrpcLogAppender.java:onNext(541)) - s0@group-730D19607969->s1-InstallSnapshotResponseHandler: received a reply s0<-s1#0:OK-t1,SUCCESS,requestIndex=1
2023-08-18 03:37:41,034 [grpc-default-executor-7] INFO  server.GrpcLogAppender (GrpcLogAppender.java:onNext(555)) - s0@group-730D19607969->s1-InstallSnapshotResponseHandler: Completed InstallSnapshot. Reply: serverReply {
  requestorId: "s0"
  replyId: "s1"
  raftGroupId {
    id: "J\236I|\334\001@\334\234\022s\r\031`yi"
  }
  success: true
}
term: 1
requestIndex: 1

2023-08-18 03:37:41,034 [grpc-default-executor-7] INFO  leader.FollowerInfo (FollowerInfoImpl.java:setAttemptedToInstallSnapshot(126)) - Follower s0@group-730D19607969->s1 acknowledged installing snapshot
2023-08-18 03:37:41,035 [grpc-default-executor-4] INFO  storage.SnapshotManager (SnapshotManager.java:rename(168)) - Installed snapshot, renaming temporary dir /tmp/ratis-tests/statemachine/s1/tmp/snapshot-6cb75606-33b5-4410-ab3b-e682b51a4434 to /tmp/ratis-tests/statemachine/s1/snapshot
2023-08-18 03:37:41,035 [grpc-default-executor-4] TRACE util.FileUtils (LogUtils.java:runAndLog(49)) - Successfully ran Atomic Files.move /tmp/ratis-tests/statemachine/s1/snapshot to /tmp/ratis-tests/statemachine/s1/snapshot.tmp20230818-033741_035
2023-08-18 03:37:41,035 [grpc-default-executor-4] TRACE util.FileUtils (LogUtils.java:runAndLog(49)) - Successfully ran Atomic Files.move /tmp/ratis-tests/statemachine/s1/tmp/snapshot-6cb75606-33b5-4410-ab3b-e682b51a4434 to /tmp/ratis-tests/statemachine/s1/snapshot
2023-08-18 03:37:41,035 [grpc-default-executor-4] TRACE util.FileUtils (FileUtils.java:deleteFully(201)) - deleteFully /tmp/ratis-tests/statemachine/s1/snapshot.tmp20230818-033741_035
2023-08-18 03:37:41,035 [grpc-default-executor-4] TRACE util.FileUtils (LogUtils.java:runAndLog(49)) - Successfully ran Files.delete /tmp/ratis-tests/statemachine/s1/snapshot.tmp20230818-033741_035
2023-08-18 03:37:41,035 [grpc-default-executor-4] INFO  raftlog.RaftLog (RaftLogBase.java:lambda$new$0(54)) - s1@group-730D19607969-SegmentedRaftLog: snapshotIndex: updateIncreasingly -1 -> 191
2023-08-18 03:37:41,035 [grpc-default-executor-4] INFO  segmented.SegmentedRaftLogWorker (SegmentedRaftLogWorker.java:lambda$new$0(134)) - s1@group-730D19607969-SegmentedRaftLogWorker: flushIndex: setUnconditionally -1 -> 191
2023-08-18 03:37:41,035 [grpc-default-executor-4] INFO  segmented.SegmentedRaftLogWorker (SegmentedRaftLogWorker.java:lambda$new$0(134)) - s1@group-730D19607969-SegmentedRaftLogWorker: safeCacheEvictIndex: setUnconditionally -1 -> 191
2023-08-18 03:37:41,035 [grpc-default-executor-4] INFO  impl.SnapshotInstallationHandler (SnapshotInstallationHandler.java:checkAndInstallSnapshot(194)) - s1@group-730D19607969: successfully install the entire snapshot-191
2023-08-18 03:37:41,035 [grpc-default-executor-4] INFO  impl.SnapshotInstallationHandler (SnapshotInstallationHandler.java:installSnapshot(100)) - s1@group-730D19607969: reply installSnapshot: s0<-s1#0:OK-t1,SUCCESS,requestIndex=2
2023-08-18 03:37:41,035 [s1@group-730D19607969-StateMachineUpdater] INFO  impl.SimpleStateMachine4Testing (SimpleStateMachine4Testing.java:reinitialize(236)) - Reinitializing StateMachineWithSeparatedSnapshotPath:s1:group-730D19607969
2023-08-18 03:37:41,035 [s1@group-730D19607969-StateMachineUpdater] INFO  impl.SimpleStateMachine4Testing (SimpleStateMachine4Testing.java:loadSnapshot(293)) - Loading snapshot null
2023-08-18 03:37:41,036 [s1@group-730D19607969-StateMachineUpdater] INFO  impl.StateMachineUpdater (StateMachineUpdater.java:lambda$new$0(98)) - s1@group-730D19607969-StateMachineUpdater: snapshotIndex: setUnconditionally -1 -> 191
2023-08-18 03:37:41,036 [s1@group-730D19607969-StateMachineUpdater] INFO  impl.StateMachineUpdater (StateMachineUpdater.java:lambda$new$0(98)) - s1@group-730D19607969-StateMachineUpdater: appliedIndex: setUnconditionally -1 -> 191
2023-08-18 03:37:41,036 [grpc-default-executor-4] INFO  server.GrpcServerProtocolService (GrpcServerProtocolService.java:onCompleted(155)) - s1: Completed INSTALL_SNAPSHOT, lastRequest: s0->s1#0-t1,chunk:6cb75606-33b5-4410-ab3b-e682b51a4434,2
2023-08-18 03:37:41,036 [grpc-default-executor-4] INFO  server.GrpcServerProtocolService (GrpcServerProtocolService.java:lambda$onCompleted$5(157)) - s1: Completed INSTALL_SNAPSHOT, lastReply: null
2023-08-18 03:37:41,036 [grpc-default-executor-7] INFO  server.GrpcLogAppender (GrpcLogAppender.java:onNext(541)) - s0@group-730D19607969->s1-InstallSnapshotResponseHandler: received a reply s0<-s1#0:OK-t1,SUCCESS,requestIndex=2
2023-08-18 03:37:41,036 [grpc-default-executor-7] INFO  server.GrpcLogAppender (GrpcLogAppender.java:onNext(555)) - s0@group-730D19607969->s1-InstallSnapshotResponseHandler: Completed InstallSnapshot. Reply: serverReply {
  requestorId: "s0"
  replyId: "s1"
  raftGroupId {
    id: "J\236I|\334\001@\334\234\022s\r\031`yi"
  }
  success: true
}
term: 1
requestIndex: 2

2023-08-18 03:37:41,036 [grpc-default-executor-7] INFO  leader.FollowerInfo (FollowerInfoImpl.java:setAttemptedToInstallSnapshot(126)) - Follower s0@group-730D19607969->s1 acknowledged installing snapshot
2023-08-18 03:37:41,036 [grpc-default-executor-7] INFO  server.GrpcLogAppender (GrpcLogAppender.java:onCompleted(621)) - s0@group-730D19607969->s1-InstallSnapshotResponseHandler: follower responded installSnapshot COMPLETED
2023-08-18 03:37:41,036 [s0@group-730D19607969->s1-GrpcLogAppender-LogAppenderDaemon] INFO  leader.FollowerInfo (FollowerInfoImpl.java:lambda$new$0(52)) - s0@group-730D19607969->s1: snapshotIndex: setUnconditionally 0 -> 191
2023-08-18 03:37:41,036 [s0@group-730D19607969->s1-GrpcLogAppender-LogAppenderDaemon] INFO  leader.FollowerInfo (FollowerInfoImpl.java:lambda$new$0(52)) - s0@group-730D19607969->s1: matchIndex: setUnconditionally -1 -> 191
2023-08-18 03:37:41,036 [s0@group-730D19607969->s1-GrpcLogAppender-LogAppenderDaemon] INFO  leader.FollowerInfo (FollowerInfoImpl.java:lambda$new$0(52)) - s0@group-730D19607969->s1: nextIndex: setUnconditionally 0 -> 192
2023-08-18 03:37:41,036 [s0@group-730D19607969->s1-GrpcLogAppender-LogAppenderDaemon] INFO  server.GrpcLogAppender (GrpcLogAppender.java:installSnapshot(677)) - s0@group-730D19607969->s1-GrpcLogAppender: installed snapshot FileListSnapshotInfo(t:1, i:191):[/tmp/ratis-tests/statemachine/s0/snapshot/1_191/loves, /tmp/ratis-tests/statemachine/s0/snapshot/1_191/deer, /tmp/ratis-tests/statemachine/s0/snapshot/1_191/vegetable] successfully
2023-08-18 03:37:41,038 [grpc-default-executor-6] INFO  server.RaftServer$Division (RaftServerImpl.java:setFirstElection(556)) - s2@group-730D19607969: set firstElectionSinceStartup to false for installSnapshot
2023-08-18 03:37:41,039 [grpc-default-executor-6] INFO  server.RaftServer$Division (ServerState.java:setLeader(260)) - s2@group-730D19607969: change Leader from null to s0 at term 1 for installSnapshot, leader elected after 41ms
2023-08-18 03:37:41,039 [grpc-default-executor-6] TRACE util.FileUtils (LogUtils.java:runAndLog(49)) - Successfully ran Files.createDirectories /tmp/ratis-tests/statemachine/s2/tmp/snapshot-aea876e8-f194-4bc1-a1c8-9fffd0f17bcf
2023-08-18 03:37:41,039 [grpc-default-executor-6] INFO  storage.SnapshotManager (SnapshotManager.java:installSnapshot(89)) - Installing snapshot:s0->s2#0-t1,chunk:aea876e8-f194-4bc1-a1c8-9fffd0f17bcf,0, to tmp dir:/tmp/ratis-tests/statemachine/s2/tmp/snapshot-aea876e8-f194-4bc1-a1c8-9fffd0f17bcf
2023-08-18 03:37:41,039 [grpc-default-executor-6] TRACE util.FileUtils (LogUtils.java:runAndLog(49)) - Successfully ran Files.createDirectories /tmp/ratis-tests/statemachine/s2/tmp/snapshot-aea876e8-f194-4bc1-a1c8-9fffd0f17bcf/1_191
2023-08-18 03:37:41,040 [grpc-default-executor-6] INFO  impl.SnapshotInstallationHandler (SnapshotInstallationHandler.java:installSnapshotImpl(134)) - s2@group-730D19607969: set new configuration configurationEntry {
  peers {
    id: "s0"
    address: "localhost:43033"
    dataStreamAddress: "localhost:37553"
    clientAddress: "localhost:44437"
    adminAddress: "localhost:36409"
    startupRole: FOLLOWER
  }
}
 from snapshot
2023-08-18 03:37:41,043 [grpc-default-executor-6] INFO  server.RaftServer$Division (ServerState.java:setRaftConf(377)) - s2@group-730D19607969: set configuration 0: peers:[s0|rpc:localhost:43033|admin:localhost:36409|client:localhost:44437|dataStream:localhost:37553|priority:0|startupRole:FOLLOWER]|listeners:[], old=null
2023-08-18 03:37:41,043 [grpc-default-executor-6] INFO  impl.SnapshotInstallationHandler (SnapshotInstallationHandler.java:installSnapshot(100)) - s2@group-730D19607969: reply installSnapshot: s0<-s2#0:OK-t0,SUCCESS,requestIndex=0
2023-08-18 03:37:41,044 [grpc-default-executor-4] INFO  server.GrpcLogAppender (GrpcLogAppender.java:onNext(541)) - s0@group-730D19607969->s2-InstallSnapshotResponseHandler: received the first reply s0<-s2#0:OK-t0,SUCCESS,requestIndex=0
2023-08-18 03:37:41,044 [grpc-default-executor-4] INFO  server.GrpcLogAppender (GrpcLogAppender.java:onNext(555)) - s0@group-730D19607969->s2-InstallSnapshotResponseHandler: Completed InstallSnapshot. Reply: serverReply {
  requestorId: "s0"
  replyId: "s2"
  raftGroupId {
    id: "J\236I|\334\001@\334\234\022s\r\031`yi"
  }
  success: true
}
requestIndex: 0

2023-08-18 03:37:41,044 [grpc-default-executor-4] INFO  leader.FollowerInfo (FollowerInfoImpl.java:setAttemptedToInstallSnapshot(126)) - Follower s0@group-730D19607969->s2 acknowledged installing snapshot
2023-08-18 03:37:41,044 [grpc-default-executor-6] INFO  impl.SnapshotInstallationHandler (SnapshotInstallationHandler.java:installSnapshot(89)) - s2@group-730D19607969: receive installSnapshot: s0->s2#0-t1,chunk:aea876e8-f194-4bc1-a1c8-9fffd0f17bcf,1
2023-08-18 03:37:41,044 [grpc-default-executor-6] TRACE util.FileUtils (LogUtils.java:runAndLog(49)) - Successfully ran Files.createDirectories /tmp/ratis-tests/statemachine/s2/tmp/snapshot-aea876e8-f194-4bc1-a1c8-9fffd0f17bcf
2023-08-18 03:37:41,044 [grpc-default-executor-6] INFO  storage.SnapshotManager (SnapshotManager.java:installSnapshot(89)) - Installing snapshot:s0->s2#0-t1,chunk:aea876e8-f194-4bc1-a1c8-9fffd0f17bcf,1, to tmp dir:/tmp/ratis-tests/statemachine/s2/tmp/snapshot-aea876e8-f194-4bc1-a1c8-9fffd0f17bcf
2023-08-18 03:37:41,044 [grpc-default-executor-6] TRACE util.FileUtils (LogUtils.java:runAndLog(49)) - Successfully ran Files.createDirectories /tmp/ratis-tests/statemachine/s2/tmp/snapshot-aea876e8-f194-4bc1-a1c8-9fffd0f17bcf/1_191
2023-08-18 03:37:41,045 [s1-server-thread1] INFO  impl.RoleInfo (RoleInfo.java:updateAndGet(138)) - s1: start s1@group-730D19607969-FollowerState
2023-08-18 03:37:41,045 [grpc-default-executor-6] INFO  impl.SnapshotInstallationHandler (SnapshotInstallationHandler.java:installSnapshot(100)) - s2@group-730D19607969: reply installSnapshot: s0<-s2#0:OK-t1,SUCCESS,requestIndex=1
2023-08-18 03:37:41,046 [grpc-default-executor-4] INFO  server.GrpcLogAppender (GrpcLogAppender.java:onNext(541)) - s0@group-730D19607969->s2-InstallSnapshotResponseHandler: received a reply s0<-s2#0:OK-t1,SUCCESS,requestIndex=1
2023-08-18 03:37:41,046 [grpc-default-executor-4] INFO  server.GrpcLogAppender (GrpcLogAppender.java:onNext(555)) - s0@group-730D19607969->s2-InstallSnapshotResponseHandler: Completed InstallSnapshot. Reply: serverReply {
  requestorId: "s0"
  replyId: "s2"
  raftGroupId {
    id: "J\236I|\334\001@\334\234\022s\r\031`yi"
  }
  success: true
}
term: 1
requestIndex: 1

2023-08-18 03:37:41,046 [grpc-default-executor-4] INFO  leader.FollowerInfo (FollowerInfoImpl.java:setAttemptedToInstallSnapshot(126)) - Follower s0@group-730D19607969->s2 acknowledged installing snapshot
2023-08-18 03:37:41,046 [grpc-default-executor-6] INFO  impl.SnapshotInstallationHandler (SnapshotInstallationHandler.java:installSnapshot(89)) - s2@group-730D19607969: receive installSnapshot: s0->s2#0-t1,chunk:aea876e8-f194-4bc1-a1c8-9fffd0f17bcf,2
2023-08-18 03:37:41,046 [grpc-default-executor-6] TRACE util.FileUtils (LogUtils.java:runAndLog(49)) - Successfully ran Files.createDirectories /tmp/ratis-tests/statemachine/s2/tmp/snapshot-aea876e8-f194-4bc1-a1c8-9fffd0f17bcf
2023-08-18 03:37:41,046 [grpc-default-executor-6] INFO  storage.SnapshotManager (SnapshotManager.java:installSnapshot(89)) - Installing snapshot:s0->s2#0-t1,chunk:aea876e8-f194-4bc1-a1c8-9fffd0f17bcf,2, to tmp dir:/tmp/ratis-tests/statemachine/s2/tmp/snapshot-aea876e8-f194-4bc1-a1c8-9fffd0f17bcf
2023-08-18 03:37:41,046 [grpc-default-executor-6] TRACE util.FileUtils (LogUtils.java:runAndLog(49)) - Successfully ran Files.createDirectories /tmp/ratis-tests/statemachine/s2/tmp/snapshot-aea876e8-f194-4bc1-a1c8-9fffd0f17bcf/1_191
2023-08-18 03:37:41,047 [grpc-default-executor-6] INFO  storage.SnapshotManager (SnapshotManager.java:rename(168)) - Installed snapshot, renaming temporary dir /tmp/ratis-tests/statemachine/s2/tmp/snapshot-aea876e8-f194-4bc1-a1c8-9fffd0f17bcf to /tmp/ratis-tests/statemachine/s2/snapshot
2023-08-18 03:37:41,047 [grpc-default-executor-6] TRACE util.FileUtils (LogUtils.java:runAndLog(49)) - Successfully ran Atomic Files.move /tmp/ratis-tests/statemachine/s2/snapshot to /tmp/ratis-tests/statemachine/s2/snapshot.tmp20230818-033741_047
2023-08-18 03:37:41,047 [grpc-default-executor-6] TRACE util.FileUtils (LogUtils.java:runAndLog(49)) - Successfully ran Atomic Files.move /tmp/ratis-tests/statemachine/s2/tmp/snapshot-aea876e8-f194-4bc1-a1c8-9fffd0f17bcf to /tmp/ratis-tests/statemachine/s2/snapshot
2023-08-18 03:37:41,047 [grpc-default-executor-6] TRACE util.FileUtils (FileUtils.java:deleteFully(201)) - deleteFully /tmp/ratis-tests/statemachine/s2/snapshot.tmp20230818-033741_047
2023-08-18 03:37:41,048 [grpc-default-executor-6] TRACE util.FileUtils (LogUtils.java:runAndLog(49)) - Successfully ran Files.delete /tmp/ratis-tests/statemachine/s2/snapshot.tmp20230818-033741_047
2023-08-18 03:37:41,048 [grpc-default-executor-6] INFO  raftlog.RaftLog (RaftLogBase.java:lambda$new$0(54)) - s2@group-730D19607969-SegmentedRaftLog: snapshotIndex: updateIncreasingly -1 -> 191
2023-08-18 03:37:41,048 [s2@group-730D19607969-StateMachineUpdater] INFO  impl.SimpleStateMachine4Testing (SimpleStateMachine4Testing.java:reinitialize(236)) - Reinitializing StateMachineWithSeparatedSnapshotPath:s2:group-730D19607969
2023-08-18 03:37:41,048 [grpc-default-executor-6] INFO  segmented.SegmentedRaftLogWorker (SegmentedRaftLogWorker.java:lambda$new$0(134)) - s2@group-730D19607969-SegmentedRaftLogWorker: flushIndex: setUnconditionally -1 -> 191
2023-08-18 03:37:41,048 [grpc-default-executor-6] INFO  segmented.SegmentedRaftLogWorker (SegmentedRaftLogWorker.java:lambda$new$0(134)) - s2@group-730D19607969-SegmentedRaftLogWorker: safeCacheEvictIndex: setUnconditionally -1 -> 191
2023-08-18 03:37:41,048 [s2@group-730D19607969-StateMachineUpdater] INFO  impl.SimpleStateMachine4Testing (SimpleStateMachine4Testing.java:loadSnapshot(293)) - Loading snapshot null
2023-08-18 03:37:41,048 [grpc-default-executor-6] INFO  impl.SnapshotInstallationHandler (SnapshotInstallationHandler.java:checkAndInstallSnapshot(194)) - s2@group-730D19607969: successfully install the entire snapshot-191
2023-08-18 03:37:41,048 [s2@group-730D19607969-StateMachineUpdater] INFO  impl.StateMachineUpdater (StateMachineUpdater.java:lambda$new$0(98)) - s2@group-730D19607969-StateMachineUpdater: snapshotIndex: setUnconditionally -1 -> 191
2023-08-18 03:37:41,048 [grpc-default-executor-6] INFO  impl.SnapshotInstallationHandler (SnapshotInstallationHandler.java:installSnapshot(100)) - s2@group-730D19607969: reply installSnapshot: s0<-s2#0:OK-t1,SUCCESS,requestIndex=2
2023-08-18 03:37:41,048 [s2@group-730D19607969-StateMachineUpdater] INFO  impl.StateMachineUpdater (StateMachineUpdater.java:lambda$new$0(98)) - s2@group-730D19607969-StateMachineUpdater: appliedIndex: setUnconditionally -1 -> 191
2023-08-18 03:37:41,048 [grpc-default-executor-4] INFO  server.GrpcLogAppender (GrpcLogAppender.java:onNext(541)) - s0@group-730D19607969->s2-InstallSnapshotResponseHandler: received a reply s0<-s2#0:OK-t1,SUCCESS,requestIndex=2
2023-08-18 03:37:41,048 [grpc-default-executor-4] INFO  server.GrpcLogAppender (GrpcLogAppender.java:onNext(555)) - s0@group-730D19607969->s2-InstallSnapshotResponseHandler: Completed InstallSnapshot. Reply: serverReply {
  requestorId: "s0"
  replyId: "s2"
  raftGroupId {
    id: "J\236I|\334\001@\334\234\022s\r\031`yi"
  }
  success: true
}
term: 1
requestIndex: 2

2023-08-18 03:37:41,048 [grpc-default-executor-4] INFO  leader.FollowerInfo (FollowerInfoImpl.java:setAttemptedToInstallSnapshot(126)) - Follower s0@group-730D19607969->s2 acknowledged installing snapshot
2023-08-18 03:37:41,049 [grpc-default-executor-6] INFO  server.GrpcServerProtocolService (GrpcServerProtocolService.java:onCompleted(155)) - s2: Completed INSTALL_SNAPSHOT, lastRequest: s0->s2#0-t1,chunk:aea876e8-f194-4bc1-a1c8-9fffd0f17bcf,2
2023-08-18 03:37:41,049 [grpc-default-executor-6] INFO  server.GrpcServerProtocolService (GrpcServerProtocolService.java:lambda$onCompleted$5(157)) - s2: Completed INSTALL_SNAPSHOT, lastReply: null
2023-08-18 03:37:41,049 [grpc-default-executor-4] INFO  server.GrpcLogAppender (GrpcLogAppender.java:onCompleted(621)) - s0@group-730D19607969->s2-InstallSnapshotResponseHandler: follower responded installSnapshot COMPLETED
2023-08-18 03:37:41,050 [s0@group-730D19607969->s2-GrpcLogAppender-LogAppenderDaemon] INFO  leader.FollowerInfo (FollowerInfoImpl.java:lambda$new$0(52)) - s0@group-730D19607969->s2: snapshotIndex: setUnconditionally 0 -> 191
2023-08-18 03:37:41,050 [s0@group-730D19607969->s2-GrpcLogAppender-LogAppenderDaemon] INFO  leader.FollowerInfo (FollowerInfoImpl.java:lambda$new$0(52)) - s0@group-730D19607969->s2: matchIndex: setUnconditionally -1 -> 191
2023-08-18 03:37:41,050 [s0@group-730D19607969->s2-GrpcLogAppender-LogAppenderDaemon] INFO  leader.FollowerInfo (FollowerInfoImpl.java:lambda$new$0(52)) - s0@group-730D19607969->s2: nextIndex: setUnconditionally 0 -> 192
2023-08-18 03:37:41,050 [s0@group-730D19607969->s2-GrpcLogAppender-LogAppenderDaemon] INFO  server.GrpcLogAppender (GrpcLogAppender.java:installSnapshot(677)) - s0@group-730D19607969->s2-GrpcLogAppender: installed snapshot FileListSnapshotInfo(t:1, i:191):[/tmp/ratis-tests/statemachine/s0/snapshot/1_191/loves, /tmp/ratis-tests/statemachine/s0/snapshot/1_191/deer, /tmp/ratis-tests/statemachine/s0/snapshot/1_191/vegetable] successfully
2023-08-18 03:37:41,060 [s1-server-thread3] INFO  segmented.SegmentedRaftLogWorker (SegmentedRaftLogWorker.java:startLogSegment(427)) - s1@group-730D19607969-SegmentedRaftLogWorker: Starting segment from index:192
2023-08-18 03:37:41,064 [s2-server-thread1] INFO  impl.RoleInfo (RoleInfo.java:updateAndGet(138)) - s2: start s2@group-730D19607969-FollowerState
2023-08-18 03:37:41,069 [s1@group-730D19607969-SegmentedRaftLogWorker] INFO  segmented.SegmentedRaftLogWorker (SegmentedRaftLogWorker.java:execute(631)) - s1@group-730D19607969-SegmentedRaftLogWorker: created new log segment /home/runner/work/ratis/ratis/ratis-test/target/test/data/24296cbb/MiniRaftClusterWithGrpce253fadd/s1/4a9e497c-dc01-40dc-9c12-730d19607969/current/log_inprogress_192
2023-08-18 03:37:41,070 [s1@group-730D19607969-StateMachineUpdater] INFO  impl.SimpleStateMachine4Testing (SimpleStateMachine4Testing.java:put(205)) - s1: put 193, m96 -> (t:1, i:193), STATEMACHINELOGENTRY, 483@client-ED72B1128D85
2023-08-18 03:37:41,070 [s1@group-730D19607969-StateMachineUpdater] INFO  impl.SimpleStateMachine4Testing (SimpleStateMachine4Testing.java:put(205)) - s1: put 195, m97 -> (t:1, i:195), STATEMACHINELOGENTRY, 484@client-ED72B1128D85
2023-08-18 03:37:41,070 [s1@group-730D19607969-StateMachineUpdater] INFO  impl.SimpleStateMachine4Testing (SimpleStateMachine4Testing.java:put(205)) - s1: put 197, m98 -> (t:1, i:197), STATEMACHINELOGENTRY, 485@client-ED72B1128D85
2023-08-18 03:37:41,070 [s1@group-730D19607969-StateMachineUpdater] INFO  impl.SimpleStateMachine4Testing (SimpleStateMachine4Testing.java:put(205)) - s1: put 199, m99 -> (t:1, i:199), STATEMACHINELOGENTRY, 486@client-ED72B1128D85
2023-08-18 03:37:41,070 [s1@group-730D19607969-StateMachineUpdater] INFO  impl.SimpleStateMachine4Testing (SimpleStateMachine4Testing.java:put(205)) - s1: put 201, m100 -> (t:1, i:201), STATEMACHINELOGENTRY, 487@client-ED72B1128D85
2023-08-18 03:37:41,070 [s1@group-730D19607969-StateMachineUpdater] INFO  impl.SimpleStateMachine4Testing (SimpleStateMachine4Testing.java:put(205)) - s1: put 203, m101 -> (t:1, i:203), STATEMACHINELOGENTRY, 488@client-ED72B1128D85
2023-08-18 03:37:41,070 [s1@group-730D19607969-StateMachineUpdater] INFO  impl.SimpleStateMachine4Testing (SimpleStateMachine4Testing.java:put(205)) - s1: put 205, m102 -> (t:1, i:205), STATEMACHINELOGENTRY, 489@client-ED72B1128D85
2023-08-18 03:37:41,070 [s0@group-730D19607969-LeaderStateImpl] INFO  server.RaftServer$Division (ServerState.java:setRaftConf(377)) - s0@group-730D19607969: set configuration 255: peers:[s0|rpc:localhost:43033|admin:localhost:36409|client:localhost:44437|dataStream:localhost:37553|priority:0|startupRole:FOLLOWER, s1|rpc:0.0.0.0:40257|dataStream:|priority:0|startupRole:FOLLOWER, s2|rpc:0.0.0.0:43615|dataStream:|priority:0|startupRole:FOLLOWER]|listeners:[], old=peers:[s0|rpc:localhost:43033|admin:localhost:36409|client:localhost:44437|dataStream:localhost:37553|priority:0|startupRole:FOLLOWER]|listeners:[]
2023-08-18 03:37:41,070 [s1@group-730D19607969-StateMachineUpdater] INFO  impl.SimpleStateMachine4Testing (SimpleStateMachine4Testing.java:put(205)) - s1: put 207, m103 -> (t:1, i:207), STATEMACHINELOGENTRY, 490@client-ED72B1128D85
2023-08-18 03:37:41,071 [s1@group-730D19607969-StateMachineUpdater] INFO  impl.SimpleStateMachine4Testing (SimpleStateMachine4Testing.java:put(205)) - s1: put 209, m104 -> (t:1, i:209), STATEMACHINELOGENTRY, 491@client-ED72B1128D85
2023-08-18 03:37:41,071 [s1@group-730D19607969-StateMachineUpdater] INFO  impl.SimpleStateMachine4Testing (SimpleStateMachine4Testing.java:put(205)) - s1: put 211, m105 -> (t:1, i:211), STATEMACHINELOGENTRY, 492@client-ED72B1128D85
2023-08-18 03:37:41,071 [s1@group-730D19607969-StateMachineUpdater] INFO  impl.SimpleStateMachine4Testing (SimpleStateMachine4Testing.java:put(205)) - s1: put 213, m106 -> (t:1, i:213), STATEMACHINELOGENTRY, 493@client-ED72B1128D85
2023-08-18 03:37:41,071 [s1@group-730D19607969-StateMachineUpdater] INFO  impl.SimpleStateMachine4Testing (SimpleStateMachine4Testing.java:put(205)) - s1: put 215, m107 -> (t:1, i:215), STATEMACHINELOGENTRY, 494@client-ED72B1128D85
2023-08-18 03:37:41,072 [s1@group-730D19607969-StateMachineUpdater] INFO  impl.SimpleStateMachine4Testing (SimpleStateMachine4Testing.java:put(205)) - s1: put 217, m108 -> (t:1, i:217), STATEMACHINELOGENTRY, 495@client-ED72B1128D85
2023-08-18 03:37:41,072 [s1@group-730D19607969-StateMachineUpdater] INFO  impl.SimpleStateMachine4Testing (SimpleStateMachine4Testing.java:put(205)) - s1: put 219, m109 -> (t:1, i:219), STATEMACHINELOGENTRY, 496@client-ED72B1128D85
2023-08-18 03:37:41,072 [s1@group-730D19607969-StateMachineUpdater] INFO  impl.SimpleStateMachine4Testing (SimpleStateMachine4Testing.java:put(205)) - s1: put 221, m110 -> (t:1, i:221), STATEMACHINELOGENTRY, 497@client-ED72B1128D85
2023-08-18 03:37:41,072 [s1@group-730D19607969-StateMachineUpdater] INFO  impl.SimpleStateMachine4Testing (SimpleStateMachine4Testing.java:put(205)) - s1: put 223, m111 -> (t:1, i:223), STATEMACHINELOGENTRY, 498@client-ED72B1128D85
2023-08-18 03:37:41,072 [s1@group-730D19607969-StateMachineUpdater] INFO  impl.SimpleStateMachine4Testing (SimpleStateMachine4Testing.java:put(205)) - s1: put 225, m112 -> (t:1, i:225), STATEMACHINELOGENTRY, 499@client-ED72B1128D85
2023-08-18 03:37:41,072 [s1@group-730D19607969-StateMachineUpdater] INFO  impl.SimpleStateMachine4Testing (SimpleStateMachine4Testing.java:put(205)) - s1: put 227, m113 -> (t:1, i:227), STATEMACHINELOGENTRY, 500@client-ED72B1128D85
2023-08-18 03:37:41,072 [s1@group-730D19607969-StateMachineUpdater] INFO  impl.SimpleStateMachine4Testing (SimpleStateMachine4Testing.java:put(205)) - s1: put 229, m114 -> (t:1, i:229), STATEMACHINELOGENTRY, 501@client-ED72B1128D85
2023-08-18 03:37:41,072 [s1@group-730D19607969-StateMachineUpdater] INFO  impl.SimpleStateMachine4Testing (SimpleStateMachine4Testing.java:put(205)) - s1: put 231, m115 -> (t:1, i:231), STATEMACHINELOGENTRY, 502@client-ED72B1128D85
2023-08-18 03:37:41,072 [s1@group-730D19607969-StateMachineUpdater] INFO  impl.SimpleStateMachine4Testing (SimpleStateMachine4Testing.java:put(205)) - s1: put 233, m116 -> (t:1, i:233), STATEMACHINELOGENTRY, 503@client-ED72B1128D85
2023-08-18 03:37:41,072 [s1@group-730D19607969-StateMachineUpdater] INFO  impl.SimpleStateMachine4Testing (SimpleStateMachine4Testing.java:put(205)) - s1: put 235, m117 -> (t:1, i:235), STATEMACHINELOGENTRY, 504@client-ED72B1128D85
2023-08-18 03:37:41,072 [s1@group-730D19607969-StateMachineUpdater] INFO  impl.SimpleStateMachine4Testing (SimpleStateMachine4Testing.java:put(205)) - s1: put 237, m118 -> (t:1, i:237), STATEMACHINELOGENTRY, 505@client-ED72B1128D85
2023-08-18 03:37:41,072 [s1@group-730D19607969-StateMachineUpdater] INFO  impl.SimpleStateMachine4Testing (SimpleStateMachine4Testing.java:put(205)) - s1: put 239, m119 -> (t:1, i:239), STATEMACHINELOGENTRY, 506@client-ED72B1128D85
2023-08-18 03:37:41,072 [s1-server-thread2] INFO  server.RaftServer$Division (ServerState.java:setRaftConf(377)) - s1@group-730D19607969: set configuration 255: peers:[s0|rpc:localhost:43033|admin:localhost:36409|client:localhost:44437|dataStream:localhost:37553|priority:0|startupRole:FOLLOWER, s1|rpc:0.0.0.0:40257|dataStream:|priority:0|startupRole:FOLLOWER, s2|rpc:0.0.0.0:43615|dataStream:|priority:0|startupRole:FOLLOWER]|listeners:[], old=peers:[s0|rpc:localhost:43033|admin:localhost:36409|client:localhost:44437|dataStream:localhost:37553|priority:0|startupRole:FOLLOWER]|listeners:[]
2023-08-18 03:37:41,072 [s1@group-730D19607969-StateMachineUpdater] INFO  impl.SimpleStateMachine4Testing (SimpleStateMachine4Testing.java:put(205)) - s1: put 241, m120 -> (t:1, i:241), STATEMACHINELOGENTRY, 507@client-ED72B1128D85
2023-08-18 03:37:41,073 [s2-server-thread2] INFO  segmented.SegmentedRaftLogWorker (SegmentedRaftLogWorker.java:startLogSegment(427)) - s2@group-730D19607969-SegmentedRaftLogWorker: Starting segment from index:192
2023-08-18 03:37:41,077 [s1@group-730D19607969-StateMachineUpdater] INFO  impl.SimpleStateMachine4Testing (SimpleStateMachine4Testing.java:put(205)) - s1: put 243, m121 -> (t:1, i:243), STATEMACHINELOGENTRY, 508@client-ED72B1128D85
2023-08-18 03:37:41,078 [s1@group-730D19607969-StateMachineUpdater] INFO  impl.SimpleStateMachine4Testing (SimpleStateMachine4Testing.java:put(205)) - s1: put 245, m122 -> (t:1, i:245), STATEMACHINELOGENTRY, 509@client-ED72B1128D85
2023-08-18 03:37:41,078 [s1@group-730D19607969-StateMachineUpdater] INFO  impl.SimpleStateMachine4Testing (SimpleStateMachine4Testing.java:put(205)) - s1: put 247, m123 -> (t:1, i:247), STATEMACHINELOGENTRY, 510@client-ED72B1128D85
2023-08-18 03:37:41,078 [s1@group-730D19607969-StateMachineUpdater] INFO  impl.SimpleStateMachine4Testing (SimpleStateMachine4Testing.java:put(205)) - s1: put 249, m124 -> (t:1, i:249), STATEMACHINELOGENTRY, 511@client-ED72B1128D85
2023-08-18 03:37:41,078 [s1@group-730D19607969-StateMachineUpdater] INFO  impl.SimpleStateMachine4Testing (SimpleStateMachine4Testing.java:put(205)) - s1: put 251, m125 -> (t:1, i:251), STATEMACHINELOGENTRY, 512@client-ED72B1128D85
2023-08-18 03:37:41,079 [s1@group-730D19607969-StateMachineUpdater] INFO  impl.SimpleStateMachine4Testing (SimpleStateMachine4Testing.java:put(205)) - s1: put 253, m126 -> (t:1, i:253), STATEMACHINELOGENTRY, 513@client-ED72B1128D85
2023-08-18 03:37:41,082 [s0@group-730D19607969-LeaderStateImpl] INFO  server.RaftServer$Division (ServerState.java:setRaftConf(377)) - s0@group-730D19607969: set configuration 257: peers:[s0|rpc:localhost:43033|admin:localhost:36409|client:localhost:44437|dataStream:localhost:37553|priority:0|startupRole:FOLLOWER, s1|rpc:0.0.0.0:40257|dataStream:|priority:0|startupRole:FOLLOWER, s2|rpc:0.0.0.0:43615|dataStream:|priority:0|startupRole:FOLLOWER]|listeners:[], old=null
2023-08-18 03:37:41,082 [s2@group-730D19607969-SegmentedRaftLogWorker] INFO  segmented.SegmentedRaftLogWorker (SegmentedRaftLogWorker.java:execute(631)) - s2@group-730D19607969-SegmentedRaftLogWorker: created new log segment /home/runner/work/ratis/ratis/ratis-test/target/test/data/24296cbb/MiniRaftClusterWithGrpce253fadd/s2/4a9e497c-dc01-40dc-9c12-730d19607969/current/log_inprogress_192
2023-08-18 03:37:41,083 [s0@group-730D19607969-StateMachineUpdater] TRACE util.FileUtils (FileUtils.java:deleteFully(201)) - deleteFully /tmp/ratis-tests/statemachine/s0/snapshot/1_255
2023-08-18 03:37:41,085 [s0@group-730D19607969-StateMachineUpdater] TRACE util.FileUtils (FileUtils.java:deleteFully(217)) - deleteFully: /tmp/ratis-tests/statemachine/s0/snapshot/1_255 does not exist.
2023-08-18 03:37:41,085 [s0@group-730D19607969-StateMachineUpdater] TRACE util.FileUtils (FileUtils.java:deleteFully(201)) - deleteFully /tmp/ratis-tests/statemachine/s0/tmp/8627ff7c-0a1d-451a-aa83-73d2aa624467
2023-08-18 03:37:41,085 [s0@group-730D19607969-StateMachineUpdater] TRACE util.FileUtils (FileUtils.java:deleteFully(217)) - deleteFully: /tmp/ratis-tests/statemachine/s0/tmp/8627ff7c-0a1d-451a-aa83-73d2aa624467 does not exist.
2023-08-18 03:37:41,085 [s0@group-730D19607969-StateMachineUpdater] TRACE util.FileUtils (LogUtils.java:runAndLog(49)) - Successfully ran Atomic Files.move /tmp/ratis-tests/statemachine/s0/tmp/8627ff7c-0a1d-451a-aa83-73d2aa624467 to /tmp/ratis-tests/statemachine/s0/snapshot/1_255
2023-08-18 03:37:41,085 [s0@group-730D19607969-StateMachineUpdater] INFO  impl.StateMachineUpdater (StateMachineUpdater.java:takeSnapshot(295)) - s0@group-730D19607969-StateMachineUpdater: Took a snapshot at index 255
2023-08-18 03:37:41,085 [s0@group-730D19607969-StateMachineUpdater] INFO  impl.StateMachineUpdater (StateMachineUpdater.java:lambda$new$0(98)) - s0@group-730D19607969-StateMachineUpdater: snapshotIndex: updateIncreasingly 191 -> 255
2023-08-18 03:37:41,084 [s2-server-thread1] INFO  server.RaftServer$Division (ServerState.java:setRaftConf(377)) - s2@group-730D19607969: set configuration 255: peers:[s0|rpc:localhost:43033|admin:localhost:36409|client:localhost:44437|dataStream:localhost:37553|priority:0|startupRole:FOLLOWER, s1|rpc:0.0.0.0:40257|dataStream:|priority:0|startupRole:FOLLOWER, s2|rpc:0.0.0.0:43615|dataStream:|priority:0|startupRole:FOLLOWER]|listeners:[], old=peers:[s0|rpc:localhost:43033|admin:localhost:36409|client:localhost:44437|dataStream:localhost:37553|priority:0|startupRole:FOLLOWER]|listeners:[]
2023-08-18 03:37:41,085 [s2-server-thread1] INFO  server.RaftServer$Division (ServerState.java:setRaftConf(377)) - s2@group-730D19607969: set configuration 257: peers:[s0|rpc:localhost:43033|admin:localhost:36409|client:localhost:44437|dataStream:localhost:37553|priority:0|startupRole:FOLLOWER, s1|rpc:0.0.0.0:40257|dataStream:|priority:0|startupRole:FOLLOWER, s2|rpc:0.0.0.0:43615|dataStream:|priority:0|startupRole:FOLLOWER]|listeners:[], old=null
2023-08-18 03:37:41,085 [s1-server-thread3] INFO  server.RaftServer$Division (ServerState.java:setRaftConf(377)) - s1@group-730D19607969: set configuration 257: peers:[s0|rpc:localhost:43033|admin:localhost:36409|client:localhost:44437|dataStream:localhost:37553|priority:0|startupRole:FOLLOWER, s1|rpc:0.0.0.0:40257|dataStream:|priority:0|startupRole:FOLLOWER, s2|rpc:0.0.0.0:43615|dataStream:|priority:0|startupRole:FOLLOWER]|listeners:[], old=null
2023-08-18 03:37:41,086 [s2@group-730D19607969-StateMachineUpdater] INFO  impl.SimpleStateMachine4Testing (SimpleStateMachine4Testing.java:put(205)) - s2: put 193, m96 -> (t:1, i:193), STATEMACHINELOGENTRY, 483@client-ED72B1128D85
2023-08-18 03:37:41,086 [s2@group-730D19607969-StateMachineUpdater] INFO  impl.SimpleStateMachine4Testing (SimpleStateMachine4Testing.java:put(205)) - s2: put 195, m97 -> (t:1, i:195), STATEMACHINELOGENTRY, 484@client-ED72B1128D85
2023-08-18 03:37:41,086 [s2@group-730D19607969-StateMachineUpdater] INFO  impl.SimpleStateMachine4Testing (SimpleStateMachine4Testing.java:put(205)) - s2: put 197, m98 -> (t:1, i:197), STATEMACHINELOGENTRY, 485@client-ED72B1128D85
2023-08-18 03:37:41,086 [s2@group-730D19607969-StateMachineUpdater] INFO  impl.SimpleStateMachine4Testing (SimpleStateMachine4Testing.java:put(205)) - s2: put 199, m99 -> (t:1, i:199), STATEMACHINELOGENTRY, 486@client-ED72B1128D85
2023-08-18 03:37:41,086 [s2@group-730D19607969-StateMachineUpdater] INFO  impl.SimpleStateMachine4Testing (SimpleStateMachine4Testing.java:put(205)) - s2: put 201, m100 -> (t:1, i:201), STATEMACHINELOGENTRY, 487@client-ED72B1128D85
2023-08-18 03:37:41,086 [s2@group-730D19607969-StateMachineUpdater] INFO  impl.SimpleStateMachine4Testing (SimpleStateMachine4Testing.java:put(205)) - s2: put 203, m101 -> (t:1, i:203), STATEMACHINELOGENTRY, 488@client-ED72B1128D85
2023-08-18 03:37:41,086 [s2@group-730D19607969-StateMachineUpdater] INFO  impl.SimpleStateMachine4Testing (SimpleStateMachine4Testing.java:put(205)) - s2: put 205, m102 -> (t:1, i:205), STATEMACHINELOGENTRY, 489@client-ED72B1128D85
2023-08-18 03:37:41,086 [s2@group-730D19607969-StateMachineUpdater] INFO  impl.SimpleStateMachine4Testing (SimpleStateMachine4Testing.java:put(205)) - s2: put 207, m103 -> (t:1, i:207), STATEMACHINELOGENTRY, 490@client-ED72B1128D85
2023-08-18 03:37:41,086 [s2@group-730D19607969-StateMachineUpdater] INFO  impl.SimpleStateMachine4Testing (SimpleStateMachine4Testing.java:put(205)) - s2: put 209, m104 -> (t:1, i:209), STATEMACHINELOGENTRY, 491@client-ED72B1128D85
2023-08-18 03:37:41,086 [s2@group-730D19607969-StateMachineUpdater] INFO  impl.SimpleStateMachine4Testing (SimpleStateMachine4Testing.java:put(205)) - s2: put 211, m105 -> (t:1, i:211), STATEMACHINELOGENTRY, 492@client-ED72B1128D85
2023-08-18 03:37:41,086 [s2@group-730D19607969-StateMachineUpdater] INFO  impl.SimpleStateMachine4Testing (SimpleStateMachine4Testing.java:put(205)) - s2: put 213, m106 -> (t:1, i:213), STATEMACHINELOGENTRY, 493@client-ED72B1128D85
2023-08-18 03:37:41,086 [s2@group-730D19607969-StateMachineUpdater] INFO  impl.SimpleStateMachine4Testing (SimpleStateMachine4Testing.java:put(205)) - s2: put 215, m107 -> (t:1, i:215), STATEMACHINELOGENTRY, 494@client-ED72B1128D85
2023-08-18 03:37:41,086 [s2@group-730D19607969-StateMachineUpdater] INFO  impl.SimpleStateMachine4Testing (SimpleStateMachine4Testing.java:put(205)) - s2: put 217, m108 -> (t:1, i:217), STATEMACHINELOGENTRY, 495@client-ED72B1128D85
2023-08-18 03:37:41,086 [s2@group-730D19607969-StateMachineUpdater] INFO  impl.SimpleStateMachine4Testing (SimpleStateMachine4Testing.java:put(205)) - s2: put 219, m109 -> (t:1, i:219), STATEMACHINELOGENTRY, 496@client-ED72B1128D85
2023-08-18 03:37:41,086 [s2@group-730D19607969-StateMachineUpdater] INFO  impl.SimpleStateMachine4Testing (SimpleStateMachine4Testing.java:put(205)) - s2: put 221, m110 -> (t:1, i:221), STATEMACHINELOGENTRY, 497@client-ED72B1128D85
2023-08-18 03:37:41,086 [s2@group-730D19607969-StateMachineUpdater] INFO  impl.SimpleStateMachine4Testing (SimpleStateMachine4Testing.java:put(205)) - s2: put 223, m111 -> (t:1, i:223), STATEMACHINELOGENTRY, 498@client-ED72B1128D85
2023-08-18 03:37:41,086 [s2@group-730D19607969-StateMachineUpdater] INFO  impl.SimpleStateMachine4Testing (SimpleStateMachine4Testing.java:put(205)) - s2: put 225, m112 -> (t:1, i:225), STATEMACHINELOGENTRY, 499@client-ED72B1128D85
2023-08-18 03:37:41,086 [s2@group-730D19607969-StateMachineUpdater] INFO  impl.SimpleStateMachine4Testing (SimpleStateMachine4Testing.java:put(205)) - s2: put 227, m113 -> (t:1, i:227), STATEMACHINELOGENTRY, 500@client-ED72B1128D85
2023-08-18 03:37:41,086 [s2@group-730D19607969-StateMachineUpdater] INFO  impl.SimpleStateMachine4Testing (SimpleStateMachine4Testing.java:put(205)) - s2: put 229, m114 -> (t:1, i:229), STATEMACHINELOGENTRY, 501@client-ED72B1128D85
2023-08-18 03:37:41,087 [s2@group-730D19607969-StateMachineUpdater] INFO  impl.SimpleStateMachine4Testing (SimpleStateMachine4Testing.java:put(205)) - s2: put 231, m115 -> (t:1, i:231), STATEMACHINELOGENTRY, 502@client-ED72B1128D85
2023-08-18 03:37:41,087 [s2@group-730D19607969-StateMachineUpdater] INFO  impl.SimpleStateMachine4Testing (SimpleStateMachine4Testing.java:put(205)) - s2: put 233, m116 -> (t:1, i:233), STATEMACHINELOGENTRY, 503@client-ED72B1128D85
2023-08-18 03:37:41,087 [s2@group-730D19607969-StateMachineUpdater] INFO  impl.SimpleStateMachine4Testing (SimpleStateMachine4Testing.java:put(205)) - s2: put 235, m117 -> (t:1, i:235), STATEMACHINELOGENTRY, 504@client-ED72B1128D85
2023-08-18 03:37:41,087 [s2@group-730D19607969-StateMachineUpdater] INFO  impl.SimpleStateMachine4Testing (SimpleStateMachine4Testing.java:put(205)) - s2: put 237, m118 -> (t:1, i:237), STATEMACHINELOGENTRY, 505@client-ED72B1128D85
2023-08-18 03:37:41,087 [s2@group-730D19607969-StateMachineUpdater] INFO  impl.SimpleStateMachine4Testing (SimpleStateMachine4Testing.java:put(205)) - s2: put 239, m119 -> (t:1, i:239), STATEMACHINELOGENTRY, 506@client-ED72B1128D85
2023-08-18 03:37:41,087 [s2@group-730D19607969-StateMachineUpdater] INFO  impl.SimpleStateMachine4Testing (SimpleStateMachine4Testing.java:put(205)) - s2: put 241, m120 -> (t:1, i:241), STATEMACHINELOGENTRY, 507@client-ED72B1128D85
2023-08-18 03:37:41,087 [s2@group-730D19607969-StateMachineUpdater] INFO  impl.SimpleStateMachine4Testing (SimpleStateMachine4Testing.java:put(205)) - s2: put 243, m121 -> (t:1, i:243), STATEMACHINELOGENTRY, 508@client-ED72B1128D85
2023-08-18 03:37:41,087 [s2@group-730D19607969-StateMachineUpdater] INFO  impl.SimpleStateMachine4Testing (SimpleStateMachine4Testing.java:put(205)) - s2: put 245, m122 -> (t:1, i:245), STATEMACHINELOGENTRY, 509@client-ED72B1128D85
2023-08-18 03:37:41,087 [s2@group-730D19607969-StateMachineUpdater] INFO  impl.SimpleStateMachine4Testing (SimpleStateMachine4Testing.java:put(205)) - s2: put 247, m123 -> (t:1, i:247), STATEMACHINELOGENTRY, 510@client-ED72B1128D85
2023-08-18 03:37:41,087 [s2@group-730D19607969-StateMachineUpdater] INFO  impl.SimpleStateMachine4Testing (SimpleStateMachine4Testing.java:put(205)) - s2: put 249, m124 -> (t:1, i:249), STATEMACHINELOGENTRY, 511@client-ED72B1128D85
2023-08-18 03:37:41,087 [s2@group-730D19607969-StateMachineUpdater] INFO  impl.SimpleStateMachine4Testing (SimpleStateMachine4Testing.java:put(205)) - s2: put 251, m125 -> (t:1, i:251), STATEMACHINELOGENTRY, 512@client-ED72B1128D85
2023-08-18 03:37:41,087 [s2@group-730D19607969-StateMachineUpdater] INFO  impl.SimpleStateMachine4Testing (SimpleStateMachine4Testing.java:put(205)) - s2: put 253, m126 -> (t:1, i:253), STATEMACHINELOGENTRY, 513@client-ED72B1128D85
2023-08-18 03:37:41,087 [s2@group-730D19607969-StateMachineUpdater] TRACE util.FileUtils (FileUtils.java:deleteFully(201)) - deleteFully /tmp/ratis-tests/statemachine/s2/snapshot/1_255
2023-08-18 03:37:41,087 [s2@group-730D19607969-StateMachineUpdater] TRACE util.FileUtils (FileUtils.java:deleteFully(217)) - deleteFully: /tmp/ratis-tests/statemachine/s2/snapshot/1_255 does not exist.
2023-08-18 03:37:41,087 [s2@group-730D19607969-StateMachineUpdater] TRACE util.FileUtils (FileUtils.java:deleteFully(201)) - deleteFully /tmp/ratis-tests/statemachine/s2/tmp/c1e1e39d-cdcb-42cb-84db-f554bba9f5de
2023-08-18 03:37:41,089 [s1@group-730D19607969-StateMachineUpdater] TRACE util.FileUtils (FileUtils.java:deleteFully(201)) - deleteFully /tmp/ratis-tests/statemachine/s1/snapshot/1_255
2023-08-18 03:37:41,089 [s2@group-730D19607969-StateMachineUpdater] TRACE util.FileUtils (FileUtils.java:deleteFully(217)) - deleteFully: /tmp/ratis-tests/statemachine/s2/tmp/c1e1e39d-cdcb-42cb-84db-f554bba9f5de does not exist.
2023-08-18 03:37:41,089 [s1@group-730D19607969-StateMachineUpdater] TRACE util.FileUtils (FileUtils.java:deleteFully(217)) - deleteFully: /tmp/ratis-tests/statemachine/s1/snapshot/1_255 does not exist.
2023-08-18 03:37:41,089 [s1@group-730D19607969-StateMachineUpdater] TRACE util.FileUtils (FileUtils.java:deleteFully(201)) - deleteFully /tmp/ratis-tests/statemachine/s1/tmp/5479a4d3-e648-4e5d-a7ee-e6f6463048b4
2023-08-18 03:37:41,089 [s1@group-730D19607969-StateMachineUpdater] TRACE util.FileUtils (FileUtils.java:deleteFully(217)) - deleteFully: /tmp/ratis-tests/statemachine/s1/tmp/5479a4d3-e648-4e5d-a7ee-e6f6463048b4 does not exist.
2023-08-18 03:37:41,089 [s2@group-730D19607969-StateMachineUpdater] TRACE util.FileUtils (LogUtils.java:runAndLog(49)) - Successfully ran Atomic Files.move /tmp/ratis-tests/statemachine/s2/tmp/c1e1e39d-cdcb-42cb-84db-f554bba9f5de to /tmp/ratis-tests/statemachine/s2/snapshot/1_255
2023-08-18 03:37:41,089 [s2@group-730D19607969-StateMachineUpdater] INFO  impl.StateMachineUpdater (StateMachineUpdater.java:takeSnapshot(295)) - s2@group-730D19607969-StateMachineUpdater: Took a snapshot at index 255
2023-08-18 03:37:41,089 [s2@group-730D19607969-StateMachineUpdater] INFO  impl.StateMachineUpdater (StateMachineUpdater.java:lambda$new$0(98)) - s2@group-730D19607969-StateMachineUpdater: snapshotIndex: updateIncreasingly 191 -> 255
2023-08-18 03:37:41,089 [s2@group-730D19607969-StateMachineUpdater] INFO  raftlog.RaftLog (RaftLogBase.java:purge(315)) - s2@group-730D19607969-SegmentedRaftLog: purge 254
2023-08-18 03:37:41,089 [s1@group-730D19607969-StateMachineUpdater] TRACE util.FileUtils (LogUtils.java:runAndLog(49)) - Successfully ran Atomic Files.move /tmp/ratis-tests/statemachine/s1/tmp/5479a4d3-e648-4e5d-a7ee-e6f6463048b4 to /tmp/ratis-tests/statemachine/s1/snapshot/1_255
2023-08-18 03:37:41,090 [s1@group-730D19607969-StateMachineUpdater] INFO  impl.StateMachineUpdater (StateMachineUpdater.java:takeSnapshot(295)) - s1@group-730D19607969-StateMachineUpdater: Took a snapshot at index 255
2023-08-18 03:37:41,090 [s1@group-730D19607969-StateMachineUpdater] INFO  impl.StateMachineUpdater (StateMachineUpdater.java:lambda$new$0(98)) - s1@group-730D19607969-StateMachineUpdater: snapshotIndex: updateIncreasingly 191 -> 255
2023-08-18 03:37:41,090 [s1@group-730D19607969-StateMachineUpdater] INFO  raftlog.RaftLog (RaftLogBase.java:purge(315)) - s1@group-730D19607969-SegmentedRaftLog: purge 191
2023-08-18 03:37:41,090 [s1@group-730D19607969-StateMachineUpdater] INFO  raftlog.RaftLog (RaftLogBase.java:lambda$new$0(54)) - s1@group-730D19607969-SegmentedRaftLog: snapshotIndex: updateIncreasingly 191 -> 255
2023-08-18 03:37:41,090 [s1@group-730D19607969-StateMachineUpdater] INFO  raftlog.RaftLog (RaftLogBase.java:lambda$new$0(54)) - s1@group-730D19607969-SegmentedRaftLog: purgeIndex: updateToMax old=-1, new=191, updated? true
2023-08-18 03:37:41,090 [s2@group-730D19607969-StateMachineUpdater] INFO  raftlog.RaftLog (RaftLogBase.java:lambda$new$0(54)) - s2@group-730D19607969-SegmentedRaftLog: snapshotIndex: updateIncreasingly 191 -> 255
2023-08-18 03:37:41,091 [s2@group-730D19607969-StateMachineUpdater] INFO  raftlog.RaftLog (RaftLogBase.java:lambda$new$0(54)) - s2@group-730D19607969-SegmentedRaftLog: purgeIndex: updateToMax old=-1, new=254, updated? true
2023-08-18 03:37:41,099 [Time-limited test] INFO  server.RaftServerConfigKeys (ConfUtils.java:logGet(46)) - raft.server.rpc.timeout.max = 300ms (default)
2023-08-18 03:37:41,099 [Time-limited test] INFO  impl.RaftServerTestUtil (RaftServerTestUtil.java:waitAndCheckNewConf(87)) - waitAndCheckNewConf: peers=[s1|rpc:0.0.0.0:40257|priority:0|startupRole:FOLLOWER, s2|rpc:0.0.0.0:43615|priority:0|startupRole:FOLLOWER, s0|rpc:localhost:43033|admin:localhost:36409|client:localhost:44437|dataStream:localhost:37553|priority:0|startupRole:FOLLOWER], deadPeers=null, printing ALL groups
  s0:  RUNNING    LEADER s0@group-730D19607969:t1, leader=s0, voted=s0, raftlog=Memoized:s0@group-730D19607969-SegmentedRaftLog:OPENED:c258, conf=257: peers:[s0|rpc:localhost:43033|admin:localhost:36409|client:localhost:44437|dataStream:localhost:37553|priority:0|startupRole:FOLLOWER, s1|rpc:0.0.0.0:40257|dataStream:|priority:0|startupRole:FOLLOWER, s2|rpc:0.0.0.0:43615|dataStream:|priority:0|startupRole:FOLLOWER]|listeners:[], old=null RUNNING
  s1:  RUNNING  FOLLOWER s1@group-730D19607969:t1, leader=s0, voted=null, raftlog=Memoized:s1@group-730D19607969-SegmentedRaftLog:OPENED:c257, conf=257: peers:[s0|rpc:localhost:43033|admin:localhost:36409|client:localhost:44437|dataStream:localhost:37553|priority:0|startupRole:FOLLOWER, s1|rpc:0.0.0.0:40257|dataStream:|priority:0|startupRole:FOLLOWER, s2|rpc:0.0.0.0:43615|dataStream:|priority:0|startupRole:FOLLOWER]|listeners:[], old=null RUNNING
  s2:  RUNNING  FOLLOWER s2@group-730D19607969:t1, leader=s0, voted=null, raftlog=Memoized:s2@group-730D19607969-SegmentedRaftLog:OPENED:c257, conf=257: peers:[s0|rpc:localhost:43033|admin:localhost:36409|client:localhost:44437|dataStream:localhost:37553|priority:0|startupRole:FOLLOWER, s1|rpc:0.0.0.0:40257|dataStream:|priority:0|startupRole:FOLLOWER, s2|rpc:0.0.0.0:43615|dataStream:|priority:0|startupRole:FOLLOWER]|listeners:[], old=null RUNNING
2023-08-18 03:37:41,099 [Time-limited test] INFO  impl.RaftServerTestUtil (RaftServerTestUtil.java:waitAndCheckNewConf(96)) - checking    LEADER s0@group-730D19607969:t1, leader=s0, voted=s0, raftlog=Memoized:s0@group-730D19607969-SegmentedRaftLog:OPENED:c258, conf=257: peers:[s0|rpc:localhost:43033|admin:localhost:36409|client:localhost:44437|dataStream:localhost:37553|priority:0|startupRole:FOLLOWER, s1|rpc:0.0.0.0:40257|dataStream:|priority:0|startupRole:FOLLOWER, s2|rpc:0.0.0.0:43615|dataStream:|priority:0|startupRole:FOLLOWER]|listeners:[], old=null RUNNING
2023-08-18 03:37:41,100 [Time-limited test] INFO  impl.RaftServerTestUtil (RaftServerTestUtil.java:waitAndCheckNewConf(96)) - checking  FOLLOWER s1@group-730D19607969:t1, leader=s0, voted=null, raftlog=Memoized:s1@group-730D19607969-SegmentedRaftLog:OPENED:c257, conf=257: peers:[s0|rpc:localhost:43033|admin:localhost:36409|client:localhost:44437|dataStream:localhost:37553|priority:0|startupRole:FOLLOWER, s1|rpc:0.0.0.0:40257|dataStream:|priority:0|startupRole:FOLLOWER, s2|rpc:0.0.0.0:43615|dataStream:|priority:0|startupRole:FOLLOWER]|listeners:[], old=null RUNNING
2023-08-18 03:37:41,100 [Time-limited test] INFO  impl.RaftServerTestUtil (RaftServerTestUtil.java:waitAndCheckNewConf(96)) - checking  FOLLOWER s2@group-730D19607969:t1, leader=s0, voted=null, raftlog=Memoized:s2@group-730D19607969-SegmentedRaftLog:OPENED:c257, conf=257: peers:[s0|rpc:localhost:43033|admin:localhost:36409|client:localhost:44437|dataStream:localhost:37553|priority:0|startupRole:FOLLOWER, s1|rpc:0.0.0.0:40257|dataStream:|priority:0|startupRole:FOLLOWER, s2|rpc:0.0.0.0:43615|dataStream:|priority:0|startupRole:FOLLOWER]|listeners:[], old=null RUNNING
2023-08-18 03:37:41,100 [Time-limited test] INFO  impl.MiniRaftCluster (MiniRaftCluster.java:shutdown(831)) - ************************************************************** 
2023-08-18 03:37:41,100 [Time-limited test] INFO  impl.MiniRaftCluster (MiniRaftCluster.java:shutdown(832)) - *** 
2023-08-18 03:37:41,100 [Time-limited test] INFO  impl.MiniRaftCluster (MiniRaftCluster.java:shutdown(833)) - ***     Stopping MiniRaftClusterWithGrpc
2023-08-18 03:37:41,100 [Time-limited test] INFO  impl.MiniRaftCluster (MiniRaftCluster.java:shutdown(834)) - *** 
2023-08-18 03:37:41,100 [Time-limited test] INFO  impl.MiniRaftCluster (MiniRaftCluster.java:shutdown(835)) - ************************************************************** 
2023-08-18 03:37:41,100 [Time-limited test] INFO  impl.MiniRaftCluster (MiniRaftCluster.java:shutdown(836)) - printing ALL groups
  s0:  RUNNING    LEADER s0@group-730D19607969:t1, leader=s0, voted=s0, raftlog=Memoized:s0@group-730D19607969-SegmentedRaftLog:OPENED:c258, conf=257: peers:[s0|rpc:localhost:43033|admin:localhost:36409|client:localhost:44437|dataStream:localhost:37553|priority:0|startupRole:FOLLOWER, s1|rpc:0.0.0.0:40257|dataStream:|priority:0|startupRole:FOLLOWER, s2|rpc:0.0.0.0:43615|dataStream:|priority:0|startupRole:FOLLOWER]|listeners:[], old=null RUNNING
  s1:  RUNNING  FOLLOWER s1@group-730D19607969:t1, leader=s0, voted=null, raftlog=Memoized:s1@group-730D19607969-SegmentedRaftLog:OPENED:c257, conf=257: peers:[s0|rpc:localhost:43033|admin:localhost:36409|client:localhost:44437|dataStream:localhost:37553|priority:0|startupRole:FOLLOWER, s1|rpc:0.0.0.0:40257|dataStream:|priority:0|startupRole:FOLLOWER, s2|rpc:0.0.0.0:43615|dataStream:|priority:0|startupRole:FOLLOWER]|listeners:[], old=null RUNNING
  s2:  RUNNING  FOLLOWER s2@group-730D19607969:t1, leader=s0, voted=null, raftlog=Memoized:s2@group-730D19607969-SegmentedRaftLog:OPENED:c257, conf=257: peers:[s0|rpc:localhost:43033|admin:localhost:36409|client:localhost:44437|dataStream:localhost:37553|priority:0|startupRole:FOLLOWER, s1|rpc:0.0.0.0:40257|dataStream:|priority:0|startupRole:FOLLOWER, s2|rpc:0.0.0.0:43615|dataStream:|priority:0|startupRole:FOLLOWER]|listeners:[], old=null RUNNING
2023-08-18 03:37:41,101 [MiniRaftCluster-19] INFO  server.RaftServer (RaftServerProxy.java:lambda$close$7(418)) - s0: close
2023-08-18 03:37:41,103 [s0-impl-thread1] INFO  server.RaftServer$Division (RaftServerImpl.java:lambda$close$3(508)) - s0@group-730D19607969: shutdown
2023-08-18 03:37:41,103 [s0-impl-thread1] INFO  util.JmxRegister (JmxRegister.java:unregister(73)) - Successfully un-registered JMX Bean with object name Ratis:service=RaftServer,group=group-730D19607969,id=s0
2023-08-18 03:37:41,103 [s0-impl-thread1] INFO  impl.RoleInfo (RoleInfo.java:shutdownLeaderState(92)) - s0: shutdown s0@group-730D19607969-LeaderStateImpl
2023-08-18 03:37:41,103 [s0-impl-thread1] INFO  impl.PendingRequests (PendingRequests.java:sendNotLeaderResponses(289)) - s0@group-730D19607969-PendingRequests: sendNotLeaderResponses
2023-08-18 03:37:41,103 [s0@group-730D19607969->s2-GrpcLogAppender-LogAppenderDaemon] WARN  server.GrpcLogAppender (GrpcLogAppender.java:mayWait(209)) - s0@group-730D19607969->s2-GrpcLogAppender: Wait interrupted by java.lang.InterruptedException
2023-08-18 03:37:41,103 [s0@group-730D19607969->s1-GrpcLogAppender-LogAppenderDaemon] WARN  server.GrpcLogAppender (GrpcLogAppender.java:mayWait(209)) - s0@group-730D19607969->s1-GrpcLogAppender: Wait interrupted by java.lang.InterruptedException
2023-08-18 03:37:41,104 [grpc-default-executor-7] INFO  server.GrpcServerProtocolService (GrpcServerProtocolService.java:onCompleted(155)) - s2: Completed APPEND_ENTRIES, lastRequest: s0->s2#3-t1,previous=(t:1, i:257),leaderCommit=257,initializing? true,entries: size=1, first=(t:1, i:258), METADATAENTRY(c:257)
2023-08-18 03:37:41,104 [grpc-default-executor-7] INFO  server.GrpcServerProtocolService (GrpcServerProtocolService.java:lambda$onCompleted$5(157)) - s2: Completed APPEND_ENTRIES, lastReply: null
2023-08-18 03:37:41,104 [s0-impl-thread1] INFO  impl.StateMachineUpdater (StateMachineUpdater.java:stopAndJoin(157)) - s0@group-730D19607969-StateMachineUpdater: set stopIndex = 258
2023-08-18 03:37:41,104 [s0@group-730D19607969-StateMachineUpdater] TRACE util.FileUtils (FileUtils.java:deleteFully(201)) - deleteFully /tmp/ratis-tests/statemachine/s0/snapshot/1_258
2023-08-18 03:37:41,104 [grpc-default-executor-4] INFO  server.GrpcServerProtocolService (GrpcServerProtocolService.java:onCompleted(155)) - s2: Completed APPEND_ENTRIES, lastRequest: null
2023-08-18 03:37:41,104 [MiniRaftCluster-19] INFO  server.GrpcService (GrpcService.java:closeImpl(311)) - s0: shutdown server org.apache.ratis.grpc.server.GrpcClientProtocolService now
2023-08-18 03:37:41,104 [s0@group-730D19607969-StateMachineUpdater] TRACE util.FileUtils (FileUtils.java:deleteFully(217)) - deleteFully: /tmp/ratis-tests/statemachine/s0/snapshot/1_258 does not exist.
2023-08-18 03:37:41,105 [s0@group-730D19607969-StateMachineUpdater] TRACE util.FileUtils (FileUtils.java:deleteFully(201)) - deleteFully /tmp/ratis-tests/statemachine/s0/tmp/14bf00a2-06e8-4b2a-a3e1-8b332dca891e
2023-08-18 03:37:41,105 [grpc-default-executor-4] INFO  server.GrpcServerProtocolService (GrpcServerProtocolService.java:lambda$onCompleted$5(157)) - s2: Completed APPEND_ENTRIES, lastReply: serverReply {
  requestorId: "s0"
  replyId: "s2"
  raftGroupId {
    id: "J\236I|\334\001@\334\234\022s\r\031`yi"
  }
  success: true
}
term: 1
nextIndex: 192
followerCommit: 191
matchIndex: 18446744073709551615
isHearbeat: true

2023-08-18 03:37:41,105 [s0@group-730D19607969-StateMachineUpdater] TRACE util.FileUtils (FileUtils.java:deleteFully(217)) - deleteFully: /tmp/ratis-tests/statemachine/s0/tmp/14bf00a2-06e8-4b2a-a3e1-8b332dca891e does not exist.
2023-08-18 03:37:41,105 [s0@group-730D19607969-StateMachineUpdater] TRACE util.FileUtils (LogUtils.java:runAndLog(49)) - Successfully ran Atomic Files.move /tmp/ratis-tests/statemachine/s0/tmp/14bf00a2-06e8-4b2a-a3e1-8b332dca891e to /tmp/ratis-tests/statemachine/s0/snapshot/1_258
2023-08-18 03:37:41,105 [s0@group-730D19607969-StateMachineUpdater] INFO  impl.StateMachineUpdater (StateMachineUpdater.java:takeSnapshot(295)) - s0@group-730D19607969-StateMachineUpdater: Took a snapshot at index 258
2023-08-18 03:37:41,105 [grpc-default-executor-0] INFO  server.GrpcServerProtocolService (GrpcServerProtocolService.java:onCompleted(155)) - s1: Completed APPEND_ENTRIES, lastRequest: null
2023-08-18 03:37:41,105 [s0@group-730D19607969-StateMachineUpdater] INFO  impl.StateMachineUpdater (StateMachineUpdater.java:lambda$new$0(98)) - s0@group-730D19607969-StateMachineUpdater: snapshotIndex: updateIncreasingly 255 -> 258
2023-08-18 03:37:41,105 [s0@group-730D19607969-StateMachineUpdater] INFO  raftlog.RaftLog (RaftLogBase.java:purge(315)) - s0@group-730D19607969-SegmentedRaftLog: purge 258
2023-08-18 03:37:41,105 [grpc-default-executor-0] INFO  server.GrpcServerProtocolService (GrpcServerProtocolService.java:lambda$onCompleted$5(157)) - s1: Completed APPEND_ENTRIES, lastReply: serverReply {
  requestorId: "s0"
  replyId: "s1"
  raftGroupId {
    id: "J\236I|\334\001@\334\234\022s\r\031`yi"
  }
  success: true
}
term: 1
nextIndex: 192
followerCommit: 191
matchIndex: 18446744073709551615
isHearbeat: true

2023-08-18 03:37:41,105 [s0@group-730D19607969-StateMachineUpdater] INFO  raftlog.RaftLog (RaftLogBase.java:lambda$new$0(54)) - s0@group-730D19607969-SegmentedRaftLog: snapshotIndex: updateIncreasingly 191 -> 258
2023-08-18 03:37:41,105 [grpc-default-executor-6] INFO  server.GrpcLogAppender (GrpcLogAppender.java:onCompleted(461)) - s0@group-730D19607969->s2-AppendLogResponseHandler: follower responses appendEntries COMPLETED
2023-08-18 03:37:41,105 [s0@group-730D19607969-StateMachineUpdater] INFO  raftlog.RaftLog (RaftLogBase.java:lambda$new$0(54)) - s0@group-730D19607969-SegmentedRaftLog: purgeIndex: updateToMax old=191, new=258, updated? true
2023-08-18 03:37:41,105 [grpc-default-executor-6] INFO  leader.FollowerInfo (FollowerInfoImpl.java:lambda$new$0(52)) - s0@group-730D19607969->s2: decreaseNextIndex nextIndex: updateUnconditionally 259 -> 258
2023-08-18 03:37:41,105 [s0-impl-thread1] INFO  server.RaftServer$Division (ServerState.java:close(415)) - s0@group-730D19607969: applyIndex: 258
2023-08-18 03:37:41,109 [grpc-default-executor-7] INFO  server.GrpcLogAppender (GrpcLogAppender.java:onCompleted(461)) - s0@group-730D19607969->s1-AppendLogResponseHandler: follower responses appendEntries COMPLETED
2023-08-18 03:37:41,109 [grpc-default-executor-7] INFO  leader.FollowerInfo (FollowerInfoImpl.java:lambda$new$0(52)) - s0@group-730D19607969->s1: decreaseNextIndex nextIndex: updateUnconditionally 259 -> 258
2023-08-18 03:37:41,109 [MiniRaftCluster-21] INFO  server.RaftServer (RaftServerProxy.java:lambda$close$7(418)) - s2: close
2023-08-18 03:37:41,109 [MiniRaftCluster-20] INFO  server.RaftServer (RaftServerProxy.java:lambda$close$7(418)) - s1: close
2023-08-18 03:37:41,109 [grpc-default-executor-4] INFO  server.GrpcServerProtocolService (GrpcServerProtocolService.java:onCompleted(155)) - s1: Completed APPEND_ENTRIES, lastRequest: s0->s1#7-t1,previous=(t:1, i:257),leaderCommit=257,initializing? true,entries: size=1, first=(t:1, i:258), METADATAENTRY(c:257)
2023-08-18 03:37:41,112 [grpc-default-executor-4] INFO  server.GrpcServerProtocolService (GrpcServerProtocolService.java:lambda$onCompleted$5(157)) - s1: Completed APPEND_ENTRIES, lastReply: null
2023-08-18 03:37:41,113 [grpc-default-executor-6] INFO  server.GrpcLogAppender (GrpcLogAppender.java:onCompleted(461)) - s0@group-730D19607969->s1-AppendLogResponseHandler: follower responses appendEntries COMPLETED
2023-08-18 03:37:41,113 [MiniRaftCluster-21] INFO  server.GrpcService (GrpcService.java:closeImpl(311)) - s2: shutdown server GrpcServerProtocolService now
2023-08-18 03:37:41,113 [s2-impl-thread1] INFO  server.RaftServer$Division (RaftServerImpl.java:lambda$close$3(508)) - s2@group-730D19607969: shutdown
2023-08-18 03:37:41,113 [grpc-default-executor-7] INFO  server.GrpcLogAppender (GrpcLogAppender.java:onCompleted(461)) - s0@group-730D19607969->s2-AppendLogResponseHandler: follower responses appendEntries COMPLETED
2023-08-18 03:37:41,113 [s2-impl-thread1] INFO  util.JmxRegister (JmxRegister.java:unregister(73)) - Successfully un-registered JMX Bean with object name Ratis:service=RaftServer,group=group-730D19607969,id=s2
2023-08-18 03:37:41,113 [s2-impl-thread1] INFO  impl.RoleInfo (RoleInfo.java:shutdownFollowerState(109)) - s2: shutdown s2@group-730D19607969-FollowerState
2023-08-18 03:37:41,113 [s2-impl-thread1] INFO  impl.StateMachineUpdater (StateMachineUpdater.java:stopAndJoin(157)) - s2@group-730D19607969-StateMachineUpdater: set stopIndex = 257
2023-08-18 03:37:41,113 [s2@group-730D19607969-FollowerState] INFO  impl.FollowerState (FollowerState.java:run(152)) - s2@group-730D19607969-FollowerState was interrupted
2023-08-18 03:37:41,114 [s2@group-730D19607969-StateMachineUpdater] TRACE util.FileUtils (FileUtils.java:deleteFully(201)) - deleteFully /tmp/ratis-tests/statemachine/s2/snapshot/1_257
2023-08-18 03:37:41,114 [s2@group-730D19607969-StateMachineUpdater] TRACE util.FileUtils (FileUtils.java:deleteFully(217)) - deleteFully: /tmp/ratis-tests/statemachine/s2/snapshot/1_257 does not exist.
2023-08-18 03:37:41,114 [s2@group-730D19607969-StateMachineUpdater] TRACE util.FileUtils (FileUtils.java:deleteFully(201)) - deleteFully /tmp/ratis-tests/statemachine/s2/tmp/dcef30b2-92cb-46bd-9d83-b00fdee7c2e8
2023-08-18 03:37:41,114 [s2@group-730D19607969-StateMachineUpdater] TRACE util.FileUtils (FileUtils.java:deleteFully(217)) - deleteFully: /tmp/ratis-tests/statemachine/s2/tmp/dcef30b2-92cb-46bd-9d83-b00fdee7c2e8 does not exist.
2023-08-18 03:37:41,114 [s2@group-730D19607969-StateMachineUpdater] TRACE util.FileUtils (LogUtils.java:runAndLog(49)) - Successfully ran Atomic Files.move /tmp/ratis-tests/statemachine/s2/tmp/dcef30b2-92cb-46bd-9d83-b00fdee7c2e8 to /tmp/ratis-tests/statemachine/s2/snapshot/1_257
2023-08-18 03:37:41,114 [s2@group-730D19607969-StateMachineUpdater] INFO  impl.StateMachineUpdater (StateMachineUpdater.java:takeSnapshot(295)) - s2@group-730D19607969-StateMachineUpdater: Took a snapshot at index 257
2023-08-18 03:37:41,114 [s2@group-730D19607969-StateMachineUpdater] INFO  impl.StateMachineUpdater (StateMachineUpdater.java:lambda$new$0(98)) - s2@group-730D19607969-StateMachineUpdater: snapshotIndex: updateIncreasingly 255 -> 257
2023-08-18 03:37:41,114 [s2-impl-thread1] INFO  server.RaftServer$Division (ServerState.java:close(415)) - s2@group-730D19607969: applyIndex: 257
2023-08-18 03:37:41,115 [Thread-2699] INFO  server.GrpcServerProtocolClient (GrpcServerProtocolClient.java:close(104)) - s1 Close channels
2023-08-18 03:37:41,115 [MiniRaftCluster-20] INFO  server.GrpcService (GrpcService.java:closeImpl(311)) - s1: shutdown server GrpcServerProtocolService now
2023-08-18 03:37:41,115 [Thread-2700] INFO  server.GrpcServerProtocolClient (GrpcServerProtocolClient.java:close(104)) - s2 Close channels
2023-08-18 03:37:41,115 [s1-impl-thread1] INFO  server.RaftServer$Division (RaftServerImpl.java:lambda$close$3(508)) - s1@group-730D19607969: shutdown
2023-08-18 03:37:41,115 [s1-impl-thread1] INFO  util.JmxRegister (JmxRegister.java:unregister(73)) - Successfully un-registered JMX Bean with object name Ratis:service=RaftServer,group=group-730D19607969,id=s1
2023-08-18 03:37:41,115 [s1-impl-thread1] INFO  impl.RoleInfo (RoleInfo.java:shutdownFollowerState(109)) - s1: shutdown s1@group-730D19607969-FollowerState
2023-08-18 03:37:41,115 [s1-impl-thread1] INFO  impl.StateMachineUpdater (StateMachineUpdater.java:stopAndJoin(157)) - s1@group-730D19607969-StateMachineUpdater: set stopIndex = 257
2023-08-18 03:37:41,115 [s1@group-730D19607969-FollowerState] INFO  impl.FollowerState (FollowerState.java:run(152)) - s1@group-730D19607969-FollowerState was interrupted
2023-08-18 03:37:41,115 [s1@group-730D19607969-StateMachineUpdater] TRACE util.FileUtils (FileUtils.java:deleteFully(201)) - deleteFully /tmp/ratis-tests/statemachine/s1/snapshot/1_257
2023-08-18 03:37:41,115 [s1@group-730D19607969-StateMachineUpdater] TRACE util.FileUtils (FileUtils.java:deleteFully(217)) - deleteFully: /tmp/ratis-tests/statemachine/s1/snapshot/1_257 does not exist.
2023-08-18 03:37:41,115 [s1@group-730D19607969-StateMachineUpdater] TRACE util.FileUtils (FileUtils.java:deleteFully(201)) - deleteFully /tmp/ratis-tests/statemachine/s1/tmp/2e04fcc3-a45d-4069-9acc-c5d5cbb4e482
2023-08-18 03:37:41,115 [s1@group-730D19607969-StateMachineUpdater] TRACE util.FileUtils (FileUtils.java:deleteFully(217)) - deleteFully: /tmp/ratis-tests/statemachine/s1/tmp/2e04fcc3-a45d-4069-9acc-c5d5cbb4e482 does not exist.
2023-08-18 03:37:41,116 [s1@group-730D19607969-StateMachineUpdater] TRACE util.FileUtils (LogUtils.java:runAndLog(49)) - Successfully ran Atomic Files.move /tmp/ratis-tests/statemachine/s1/tmp/2e04fcc3-a45d-4069-9acc-c5d5cbb4e482 to /tmp/ratis-tests/statemachine/s1/snapshot/1_257
2023-08-18 03:37:41,116 [s1@group-730D19607969-StateMachineUpdater] INFO  impl.StateMachineUpdater (StateMachineUpdater.java:takeSnapshot(295)) - s1@group-730D19607969-StateMachineUpdater: Took a snapshot at index 257
2023-08-18 03:37:41,116 [s1@group-730D19607969-StateMachineUpdater] INFO  impl.StateMachineUpdater (StateMachineUpdater.java:lambda$new$0(98)) - s1@group-730D19607969-StateMachineUpdater: snapshotIndex: updateIncreasingly 255 -> 257
2023-08-18 03:37:41,116 [s1@group-730D19607969-StateMachineUpdater] INFO  raftlog.RaftLog (RaftLogBase.java:purge(315)) - s1@group-730D19607969-SegmentedRaftLog: purge 255
2023-08-18 03:37:41,116 [s1@group-730D19607969-StateMachineUpdater] INFO  raftlog.RaftLog (RaftLogBase.java:lambda$new$0(54)) - s1@group-730D19607969-SegmentedRaftLog: snapshotIndex: updateIncreasingly 255 -> 257
2023-08-18 03:37:41,116 [s1@group-730D19607969-StateMachineUpdater] INFO  raftlog.RaftLog (RaftLogBase.java:lambda$new$0(54)) - s1@group-730D19607969-SegmentedRaftLog: purgeIndex: updateToMax old=191, new=255, updated? true
2023-08-18 03:37:41,116 [MiniRaftCluster-19] INFO  server.GrpcService (GrpcService.java:closeImpl(320)) - s0: shutdown server org.apache.ratis.grpc.server.GrpcClientProtocolService successfully
2023-08-18 03:37:41,116 [MiniRaftCluster-19] INFO  server.GrpcService (GrpcService.java:closeImpl(311)) - s0: shutdown server GrpcServerProtocolService now
2023-08-18 03:37:41,117 [s1-impl-thread1] INFO  server.RaftServer$Division (ServerState.java:close(415)) - s1@group-730D19607969: applyIndex: 257
2023-08-18 03:37:41,120 [MiniRaftCluster-21] INFO  server.GrpcService (GrpcService.java:closeImpl(320)) - s2: shutdown server GrpcServerProtocolService successfully
2023-08-18 03:37:41,122 [MiniRaftCluster-20] INFO  server.GrpcService (GrpcService.java:closeImpl(320)) - s1: shutdown server GrpcServerProtocolService successfully
2023-08-18 03:37:41,123 [MiniRaftCluster-19] INFO  server.GrpcService (GrpcService.java:closeImpl(320)) - s0: shutdown server GrpcServerProtocolService successfully
2023-08-18 03:37:41,123 [MiniRaftCluster-19] INFO  server.GrpcService (GrpcService.java:closeImpl(311)) - s0: shutdown server org.apache.ratis.grpc.server.GrpcAdminProtocolService now
2023-08-18 03:37:41,124 [MiniRaftCluster-19] INFO  server.GrpcService (GrpcService.java:closeImpl(320)) - s0: shutdown server org.apache.ratis.grpc.server.GrpcAdminProtocolService successfully
2023-08-18 03:37:41,184 [s1-impl-thread2] INFO  segmented.SegmentedRaftLogWorker (SegmentedRaftLogWorker.java:close(242)) - s1@group-E264CA5F8311-SegmentedRaftLogWorker close()
2023-08-18 03:37:41,199 [s2-impl-thread2] INFO  segmented.SegmentedRaftLogWorker (SegmentedRaftLogWorker.java:close(242)) - s2@group-E264CA5F8311-SegmentedRaftLogWorker close()
2023-08-18 03:37:42,090 [s0-impl-thread1] INFO  segmented.SegmentedRaftLogWorker (SegmentedRaftLogWorker.java:close(242)) - s0@group-730D19607969-SegmentedRaftLogWorker close()
2023-08-18 03:37:42,091 [JvmPauseMonitor9] INFO  util.JvmPauseMonitor (JvmPauseMonitor.java:run(111)) - JvmPauseMonitor-s0: Stopped
2023-08-18 03:37:42,096 [s2-impl-thread1] INFO  segmented.SegmentedRaftLogWorker (SegmentedRaftLogWorker.java:close(242)) - s2@group-730D19607969-SegmentedRaftLogWorker close()
2023-08-18 03:37:42,097 [s1-impl-thread1] INFO  segmented.SegmentedRaftLogWorker (SegmentedRaftLogWorker.java:close(242)) - s1@group-730D19607969-SegmentedRaftLogWorker close()
2023-08-18 03:37:42,097 [JvmPauseMonitor11] INFO  util.JvmPauseMonitor (JvmPauseMonitor.java:run(111)) - JvmPauseMonitor-s2: Stopped
2023-08-18 03:37:42,097 [JvmPauseMonitor10] INFO  util.JvmPauseMonitor (JvmPauseMonitor.java:run(111)) - JvmPauseMonitor-s1: Stopped
2023-08-18 03:37:42,097 [Time-limited test] INFO  impl.MiniRaftCluster (MiniRaftCluster.java:shutdown(855)) - MiniRaftClusterWithGrpc shutdown completed
2023-08-18 03:37:42,097 [Time-limited test] INFO  impl.MiniRaftCluster (MiniRaftCluster.java:shutdown(831)) - ************************************************************** 
2023-08-18 03:37:42,097 [Time-limited test] INFO  impl.MiniRaftCluster (MiniRaftCluster.java:shutdown(832)) - *** 
2023-08-18 03:37:42,097 [Time-limited test] INFO  impl.MiniRaftCluster (MiniRaftCluster.java:shutdown(833)) - ***     Stopping MiniRaftClusterWithGrpc
2023-08-18 03:37:42,097 [Time-limited test] INFO  impl.MiniRaftCluster (MiniRaftCluster.java:shutdown(834)) - *** 
2023-08-18 03:37:42,097 [Time-limited test] INFO  impl.MiniRaftCluster (MiniRaftCluster.java:shutdown(835)) - ************************************************************** 
2023-08-18 03:37:42,098 [Time-limited test] INFO  impl.MiniRaftCluster (MiniRaftCluster.java:shutdown(836)) - printing ALL groups
  s0:   CLOSED    LEADER s0@group-730D19607969:t1, leader=s0, voted=s0, raftlog=Memoized:s0@group-730D19607969-SegmentedRaftLog:CLOSED:c258, conf=257: peers:[s0|rpc:localhost:43033|admin:localhost:36409|client:localhost:44437|dataStream:localhost:37553|priority:0|startupRole:FOLLOWER, s1|rpc:0.0.0.0:40257|dataStream:|priority:0|startupRole:FOLLOWER, s2|rpc:0.0.0.0:43615|dataStream:|priority:0|startupRole:FOLLOWER]|listeners:[], old=null CLOSED
  s1:   CLOSED  FOLLOWER s1@group-730D19607969:t1, leader=s0, voted=null, raftlog=Memoized:s1@group-730D19607969-SegmentedRaftLog:CLOSED:c257, conf=257: peers:[s0|rpc:localhost:43033|admin:localhost:36409|client:localhost:44437|dataStream:localhost:37553|priority:0|startupRole:FOLLOWER, s1|rpc:0.0.0.0:40257|dataStream:|priority:0|startupRole:FOLLOWER, s2|rpc:0.0.0.0:43615|dataStream:|priority:0|startupRole:FOLLOWER]|listeners:[], old=null CLOSED
  s2:   CLOSED  FOLLOWER s2@group-730D19607969:t1, leader=s0, voted=null, raftlog=Memoized:s2@group-730D19607969-SegmentedRaftLog:CLOSED:c257, conf=257: peers:[s0|rpc:localhost:43033|admin:localhost:36409|client:localhost:44437|dataStream:localhost:37553|priority:0|startupRole:FOLLOWER, s1|rpc:0.0.0.0:40257|dataStream:|priority:0|startupRole:FOLLOWER, s2|rpc:0.0.0.0:43615|dataStream:|priority:0|startupRole:FOLLOWER]|listeners:[], old=null CLOSED
2023-08-18 03:37:42,098 [Time-limited test] INFO  impl.MiniRaftCluster (MiniRaftCluster.java:shutdown(855)) - MiniRaftClusterWithGrpc shutdown completed
]]></system-out>
    <system-err><![CDATA[Aug 18, 2023 3:37:41 AM org.apache.ratis.thirdparty.io.grpc.internal.SerializingExecutor run
SEVERE: Exception while executing runnable org.apache.ratis.thirdparty.io.grpc.internal.ClientCallImpl$ClientStreamListenerImpl$1StreamClosed@3447c260
java.lang.NullPointerException
	at org.apache.ratis.grpc.server.GrpcLogAppender.resetClient(GrpcLogAppender.java:126)
	at org.apache.ratis.grpc.server.GrpcLogAppender.access$700(GrpcLogAppender.java:60)
	at org.apache.ratis.grpc.server.GrpcLogAppender$AppendLogResponseHandler.onCompleted(GrpcLogAppender.java:463)
	at org.apache.ratis.thirdparty.io.grpc.stub.ClientCalls$StreamObserverToCallListenerAdapter.onClose(ClientCalls.java:485)
	at org.apache.ratis.thirdparty.io.grpc.internal.ClientCallImpl.closeObserver(ClientCallImpl.java:563)
	at org.apache.ratis.thirdparty.io.grpc.internal.ClientCallImpl.access$300(ClientCallImpl.java:70)
	at org.apache.ratis.thirdparty.io.grpc.internal.ClientCallImpl$ClientStreamListenerImpl$1StreamClosed.runInternal(ClientCallImpl.java:744)
	at org.apache.ratis.thirdparty.io.grpc.internal.ClientCallImpl$ClientStreamListenerImpl$1StreamClosed.runInContext(ClientCallImpl.java:723)
	at org.apache.ratis.thirdparty.io.grpc.internal.ContextRunnable.run(ContextRunnable.java:37)
	at org.apache.ratis.thirdparty.io.grpc.internal.SerializingExecutor.run(SerializingExecutor.java:133)
	at java.base/java.util.concurrent.ThreadPoolExecutor.runWorker(ThreadPoolExecutor.java:1128)
	at java.base/java.util.concurrent.ThreadPoolExecutor$Worker.run(ThreadPoolExecutor.java:628)
	at java.base/java.lang.Thread.run(Thread.java:829)

Aug 18, 2023 3:37:41 AM org.apache.ratis.thirdparty.io.grpc.internal.SerializingExecutor run
SEVERE: Exception while executing runnable org.apache.ratis.thirdparty.io.grpc.internal.ClientCallImpl$ClientStreamListenerImpl$1StreamClosed@21b568ce
java.lang.NullPointerException
	at org.apache.ratis.grpc.server.GrpcLogAppender.resetClient(GrpcLogAppender.java:126)
	at org.apache.ratis.grpc.server.GrpcLogAppender.access$700(GrpcLogAppender.java:60)
	at org.apache.ratis.grpc.server.GrpcLogAppender$AppendLogResponseHandler.onCompleted(GrpcLogAppender.java:463)
	at org.apache.ratis.thirdparty.io.grpc.stub.ClientCalls$StreamObserverToCallListenerAdapter.onClose(ClientCalls.java:485)
	at org.apache.ratis.thirdparty.io.grpc.internal.DelayedClientCall$DelayedListener$3.run(DelayedClientCall.java:471)
	at org.apache.ratis.thirdparty.io.grpc.internal.DelayedClientCall$DelayedListener.delayOrExecute(DelayedClientCall.java:435)
	at org.apache.ratis.thirdparty.io.grpc.internal.DelayedClientCall$DelayedListener.onClose(DelayedClientCall.java:468)
	at org.apache.ratis.thirdparty.io.grpc.internal.ClientCallImpl.closeObserver(ClientCallImpl.java:563)
	at org.apache.ratis.thirdparty.io.grpc.internal.ClientCallImpl.access$300(ClientCallImpl.java:70)
	at org.apache.ratis.thirdparty.io.grpc.internal.ClientCallImpl$ClientStreamListenerImpl$1StreamClosed.runInternal(ClientCallImpl.java:744)
	at org.apache.ratis.thirdparty.io.grpc.internal.ClientCallImpl$ClientStreamListenerImpl$1StreamClosed.runInContext(ClientCallImpl.java:723)
	at org.apache.ratis.thirdparty.io.grpc.internal.ContextRunnable.run(ContextRunnable.java:37)
	at org.apache.ratis.thirdparty.io.grpc.internal.SerializingExecutor.run(SerializingExecutor.java:133)
	at java.base/java.util.concurrent.ThreadPoolExecutor.runWorker(ThreadPoolExecutor.java:1128)
	at java.base/java.util.concurrent.ThreadPoolExecutor$Worker.run(ThreadPoolExecutor.java:628)
	at java.base/java.lang.Thread.run(Thread.java:829)

]]></system-err>
  </testcase>
</testsuite>