<?xml version="1.0" encoding="UTF-8"?>
<testsuite xmlns:xsi="http://www.w3.org/2001/XMLSchema-instance" xsi:noNamespaceSchemaLocation="https://maven.apache.org/surefire/maven-surefire-plugin/xsd/surefire-test-report-3.0.xsd" version="3.0" name="org.apache.ratis.grpc.TestRaftLogTruncateWithGrpc" time="11.704" tests="1" errors="0" skipped="0" failures="1">
  <properties>
    <property name="awt.toolkit" value="sun.awt.X11.XToolkit"/>
    <property name="file.encoding.pkg" value="sun.io"/>
    <property name="java.specification.version" value="1.8"/>
    <property name="sun.cpu.isalist" value=""/>
    <property name="sun.jnu.encoding" value="UTF-8"/>
    <property name="java.class.path" value="/home/runner/work/ratis/ratis/ratis-test/target/test-classes:/home/runner/work/ratis/ratis/ratis-test/target/classes:/home/runner/work/ratis/ratis/ratis-common/target/classes:/home/runner/.m2/repository/org/apache/ratis/ratis-thirdparty-misc/1.0.6/ratis-thirdparty-misc-1.0.6.jar:/home/runner/work/ratis/ratis/ratis-proto/target/classes:/home/runner/work/ratis/ratis/ratis-common/target/test-classes:/home/runner/work/ratis/ratis/ratis-client/target/classes:/home/runner/work/ratis/ratis/ratis-server/target/classes:/home/runner/work/ratis/ratis/ratis-server-api/target/classes:/home/runner/work/ratis/ratis/ratis-metrics-api/target/classes:/home/runner/work/ratis/ratis/ratis-server/target/test-classes:/home/runner/work/ratis/ratis/ratis-metrics-default/target/classes:/home/runner/work/ratis/ratis/ratis-netty/target/classes:/home/runner/work/ratis/ratis/ratis-netty/target/test-classes:/home/runner/work/ratis/ratis/ratis-grpc/target/classes:/home/runner/work/ratis/ratis/ratis-grpc/target/test-classes:/home/runner/work/ratis/ratis/ratis-shell/target/classes:/home/runner/.m2/repository/commons-cli/commons-cli/1.5.0/commons-cli-1.5.0.jar:/home/runner/.m2/repository/org/reflections/reflections/0.10.2/reflections-0.10.2.jar:/home/runner/.m2/repository/org/javassist/javassist/3.28.0-GA/javassist-3.28.0-GA.jar:/home/runner/.m2/repository/com/google/code/findbugs/jsr305/3.0.2/jsr305-3.0.2.jar:/home/runner/.m2/repository/org/bouncycastle/bcprov-jdk18on/1.78.1/bcprov-jdk18on-1.78.1.jar:/home/runner/.m2/repository/org/bouncycastle/bcpkix-jdk18on/1.78.1/bcpkix-jdk18on-1.78.1.jar:/home/runner/.m2/repository/org/bouncycastle/bcutil-jdk18on/1.78.1/bcutil-jdk18on-1.78.1.jar:/home/runner/.m2/repository/org/slf4j/slf4j-api/2.0.7/slf4j-api-2.0.7.jar:/home/runner/.m2/repository/org/slf4j/slf4j-reload4j/2.0.7/slf4j-reload4j-2.0.7.jar:/home/runner/.m2/repository/ch/qos/reload4j/reload4j/1.2.22/reload4j-1.2.22.jar:/home/runner/.m2/repository/junit/junit/4.13.2/junit-4.13.2.jar:/home/runner/.m2/repository/org/hamcrest/hamcrest-core/1.3/hamcrest-core-1.3.jar:/home/runner/.m2/repository/org/junit/jupiter/junit-jupiter-engine/5.11.2/junit-jupiter-engine-5.11.2.jar:/home/runner/.m2/repository/org/junit/platform/junit-platform-engine/1.11.2/junit-platform-engine-1.11.2.jar:/home/runner/.m2/repository/org/apiguardian/apiguardian-api/1.1.2/apiguardian-api-1.1.2.jar:/home/runner/.m2/repository/org/junit/jupiter/junit-jupiter-api/5.11.2/junit-jupiter-api-5.11.2.jar:/home/runner/.m2/repository/org/opentest4j/opentest4j/1.3.0/opentest4j-1.3.0.jar:/home/runner/.m2/repository/org/junit/platform/junit-platform-commons/1.11.2/junit-platform-commons-1.11.2.jar:/home/runner/.m2/repository/org/junit/jupiter/junit-jupiter-params/5.11.2/junit-jupiter-params-5.11.2.jar:/home/runner/.m2/repository/org/mockito/mockito-core/4.3.1/mockito-core-4.3.1.jar:/home/runner/.m2/repository/net/bytebuddy/byte-buddy/1.12.7/byte-buddy-1.12.7.jar:/home/runner/.m2/repository/net/bytebuddy/byte-buddy-agent/1.12.7/byte-buddy-agent-1.12.7.jar:/home/runner/.m2/repository/org/objenesis/objenesis/3.2/objenesis-3.2.jar:"/>
    <property name="java.vm.vendor" value="Temurin"/>
    <property name="sun.arch.data.model" value="64"/>
    <property name="java.vendor.url" value="https://adoptium.net/"/>
    <property name="user.timezone" value="Etc/UTC"/>
    <property name="java.vm.specification.version" value="1.8"/>
    <property name="os.name" value="Linux"/>
    <property name="sun.java.launcher" value="SUN_STANDARD"/>
    <property name="sun.boot.library.path" value="/usr/lib/jvm/temurin-8-jdk-amd64/jre/lib/amd64"/>
    <property name="sun.java.command" value="/home/runner/work/ratis/ratis/ratis-test/target/surefire/surefirebooter1024185406514445544.jar /home/runner/work/ratis/ratis/ratis-test/target/surefire 2024-10-16T23-49-49_030-jvmRun1 surefire4057407026077443355tmp surefire_85336941823287784436tmp"/>
    <property name="surefire.test.class.path" value="/home/runner/work/ratis/ratis/ratis-test/target/test-classes:/home/runner/work/ratis/ratis/ratis-test/target/classes:/home/runner/work/ratis/ratis/ratis-common/target/classes:/home/runner/.m2/repository/org/apache/ratis/ratis-thirdparty-misc/1.0.6/ratis-thirdparty-misc-1.0.6.jar:/home/runner/work/ratis/ratis/ratis-proto/target/classes:/home/runner/work/ratis/ratis/ratis-common/target/test-classes:/home/runner/work/ratis/ratis/ratis-client/target/classes:/home/runner/work/ratis/ratis/ratis-server/target/classes:/home/runner/work/ratis/ratis/ratis-server-api/target/classes:/home/runner/work/ratis/ratis/ratis-metrics-api/target/classes:/home/runner/work/ratis/ratis/ratis-server/target/test-classes:/home/runner/work/ratis/ratis/ratis-metrics-default/target/classes:/home/runner/work/ratis/ratis/ratis-netty/target/classes:/home/runner/work/ratis/ratis/ratis-netty/target/test-classes:/home/runner/work/ratis/ratis/ratis-grpc/target/classes:/home/runner/work/ratis/ratis/ratis-grpc/target/test-classes:/home/runner/work/ratis/ratis/ratis-shell/target/classes:/home/runner/.m2/repository/commons-cli/commons-cli/1.5.0/commons-cli-1.5.0.jar:/home/runner/.m2/repository/org/reflections/reflections/0.10.2/reflections-0.10.2.jar:/home/runner/.m2/repository/org/javassist/javassist/3.28.0-GA/javassist-3.28.0-GA.jar:/home/runner/.m2/repository/com/google/code/findbugs/jsr305/3.0.2/jsr305-3.0.2.jar:/home/runner/.m2/repository/org/bouncycastle/bcprov-jdk18on/1.78.1/bcprov-jdk18on-1.78.1.jar:/home/runner/.m2/repository/org/bouncycastle/bcpkix-jdk18on/1.78.1/bcpkix-jdk18on-1.78.1.jar:/home/runner/.m2/repository/org/bouncycastle/bcutil-jdk18on/1.78.1/bcutil-jdk18on-1.78.1.jar:/home/runner/.m2/repository/org/slf4j/slf4j-api/2.0.7/slf4j-api-2.0.7.jar:/home/runner/.m2/repository/org/slf4j/slf4j-reload4j/2.0.7/slf4j-reload4j-2.0.7.jar:/home/runner/.m2/repository/ch/qos/reload4j/reload4j/1.2.22/reload4j-1.2.22.jar:/home/runner/.m2/repository/junit/junit/4.13.2/junit-4.13.2.jar:/home/runner/.m2/repository/org/hamcrest/hamcrest-core/1.3/hamcrest-core-1.3.jar:/home/runner/.m2/repository/org/junit/jupiter/junit-jupiter-engine/5.11.2/junit-jupiter-engine-5.11.2.jar:/home/runner/.m2/repository/org/junit/platform/junit-platform-engine/1.11.2/junit-platform-engine-1.11.2.jar:/home/runner/.m2/repository/org/apiguardian/apiguardian-api/1.1.2/apiguardian-api-1.1.2.jar:/home/runner/.m2/repository/org/junit/jupiter/junit-jupiter-api/5.11.2/junit-jupiter-api-5.11.2.jar:/home/runner/.m2/repository/org/opentest4j/opentest4j/1.3.0/opentest4j-1.3.0.jar:/home/runner/.m2/repository/org/junit/platform/junit-platform-commons/1.11.2/junit-platform-commons-1.11.2.jar:/home/runner/.m2/repository/org/junit/jupiter/junit-jupiter-params/5.11.2/junit-jupiter-params-5.11.2.jar:/home/runner/.m2/repository/org/mockito/mockito-core/4.3.1/mockito-core-4.3.1.jar:/home/runner/.m2/repository/net/bytebuddy/byte-buddy/1.12.7/byte-buddy-1.12.7.jar:/home/runner/.m2/repository/net/bytebuddy/byte-buddy-agent/1.12.7/byte-buddy-agent-1.12.7.jar:/home/runner/.m2/repository/org/objenesis/objenesis/3.2/objenesis-3.2.jar:"/>
    <property name="sun.cpu.endian" value="little"/>
    <property name="user.home" value="/home/runner"/>
    <property name="user.language" value="en"/>
    <property name="java.specification.vendor" value="Oracle Corporation"/>
    <property name="java.home" value="/usr/lib/jvm/temurin-8-jdk-amd64/jre"/>
    <property name="basedir" value="/home/runner/work/ratis/ratis/ratis-test"/>
    <property name="file.separator" value="/"/>
    <property name="line.separator" value="&#10;"/>
    <property name="java.vm.specification.vendor" value="Oracle Corporation"/>
    <property name="java.specification.name" value="Java Platform API Specification"/>
    <property name="java.awt.graphicsenv" value="sun.awt.X11GraphicsEnvironment"/>
    <property name="surefire.real.class.path" value="/home/runner/work/ratis/ratis/ratis-test/target/surefire/surefirebooter1024185406514445544.jar:/home/runner/.m2/repository/org/jacoco/org.jacoco.agent/0.8.12/org.jacoco.agent-0.8.12-runtime.jar"/>
    <property name="sun.boot.class.path" value="/usr/lib/jvm/temurin-8-jdk-amd64/jre/lib/resources.jar:/usr/lib/jvm/temurin-8-jdk-amd64/jre/lib/rt.jar:/usr/lib/jvm/temurin-8-jdk-amd64/jre/lib/sunrsasign.jar:/usr/lib/jvm/temurin-8-jdk-amd64/jre/lib/jsse.jar:/usr/lib/jvm/temurin-8-jdk-amd64/jre/lib/jce.jar:/usr/lib/jvm/temurin-8-jdk-amd64/jre/lib/charsets.jar:/usr/lib/jvm/temurin-8-jdk-amd64/jre/lib/jfr.jar:/usr/lib/jvm/temurin-8-jdk-amd64/jre/classes"/>
    <property name="sun.management.compiler" value="HotSpot 64-Bit Tiered Compilers"/>
    <property name="java.runtime.version" value="1.8.0_422-b05"/>
    <property name="java.net.preferIPv4Stack" value="true"/>
    <property name="user.name" value="runner"/>
    <property name="path.separator" value=":"/>
    <property name="os.version" value="5.15.0-1073-azure"/>
    <property name="java.endorsed.dirs" value="/usr/lib/jvm/temurin-8-jdk-amd64/jre/lib/endorsed"/>
    <property name="java.runtime.name" value="OpenJDK Runtime Environment"/>
    <property name="file.encoding" value="UTF-8"/>
    <property name="java.vm.name" value="OpenJDK 64-Bit Server VM"/>
    <property name="localRepository" value="/home/runner/.m2/repository"/>
    <property name="java.vendor.url.bug" value="https://github.com/adoptium/adoptium-support/issues"/>
    <property name="java.io.tmpdir" value="/tmp"/>
    <property name="java.version" value="1.8.0_422"/>
    <property name="user.dir" value="/home/runner/work/ratis/ratis/ratis-test"/>
    <property name="os.arch" value="amd64"/>
    <property name="ratis.tmp.dir" value="/home/runner/work/ratis/ratis/ratis-test/target/tmp"/>
    <property name="java.vm.specification.name" value="Java Virtual Machine Specification"/>
    <property name="java.awt.printerjob" value="sun.print.PSPrinterJob"/>
    <property name="ratis.log.dir" value="/home/runner/work/ratis/ratis/ratis-test/target/log"/>
    <property name="sun.os.patch.level" value="unknown"/>
    <property name="org.apache.ratis.thirdparty.io.netty.allocator.useCacheForAllThreads" value="false"/>
    <property name="java.library.path" value="/usr/java/packages/lib/amd64:/usr/lib64:/lib64:/lib:/usr/lib"/>
    <property name="java.vm.info" value="mixed mode"/>
    <property name="java.vendor" value="Temurin"/>
    <property name="java.vm.version" value="25.422-b05"/>
    <property name="java.specification.maintenance.version" value="5"/>
    <property name="java.ext.dirs" value="/usr/lib/jvm/temurin-8-jdk-amd64/jre/lib/ext:/usr/java/packages/lib/ext"/>
    <property name="sun.io.unicode.encoding" value="UnicodeLittle"/>
    <property name="java.class.version" value="52.0"/>
  </properties>
  <testcase name="testLogTruncate" classname="org.apache.ratis.grpc.TestRaftLogTruncateWithGrpc" time="11.481">
    <failure type="org.opentest4j.AssertionFailedError"><![CDATA[org.opentest4j.AssertionFailedError: s4 TransactionContextMap is non-empty: {(t:1, i:9)=Memoized:org.apache.ratis.statemachine.impl.TransactionContextImpl@706690e1} ==> expected: <true> but was: <false>
	at org.apache.ratis.RaftLogTruncateTests.assertEmptyTransactionContextMap(RaftLogTruncateTests.java:244)
	at org.apache.ratis.RaftLogTruncateTests.runTestLogTruncate(RaftLogTruncateTests.java:148)
	at org.apache.ratis.RaftLogTruncateTests.runTestLogTruncate(RaftLogTruncateTests.java:116)
	at org.apache.ratis.server.impl.MiniRaftCluster$Factory$Get.runWithNewCluster(MiniRaftCluster.java:144)
	at org.apache.ratis.server.impl.MiniRaftCluster$Factory$Get.runWithNewCluster(MiniRaftCluster.java:121)
	at org.apache.ratis.RaftLogTruncateTests.testLogTruncate(RaftLogTruncateTests.java:94)
	at java.lang.reflect.Method.invoke(Method.java:498)
	at java.util.ArrayList.forEach(ArrayList.java:1259)
	at java.util.ArrayList.forEach(ArrayList.java:1259)
]]></failure>
    <system-out><![CDATA[2024-10-16 23:56:48,777 [main] INFO  util.LogUtils (Slf4jUtils.java:setLogLevel(38)) - Successfully set org.apache.ratis.conf.ConfUtils log level to WARN
2024-10-16 23:56:48,783 [main] INFO  util.LogUtils (Slf4jUtils.java:setLogLevel(38)) - Successfully set org.apache.ratis.util.FileUtils log level to TRACE
2024-10-16 23:56:48,887 [main] INFO  util.LogUtils (Slf4jUtils.java:setLogLevel(38)) - Successfully set org.apache.ratis.server.impl.TransactionManager log level to TRACE
2024-10-16 23:56:48,890 [main] INFO  util.LogUtils (Slf4jUtils.java:setLogLevel(38)) - Successfully set org.apache.ratis.client.impl.OrderedAsync log level to ERROR
2024-10-16 23:56:48,893 [main] INFO  util.LogUtils (Slf4jUtils.java:setLogLevel(38)) - Successfully set org.apache.ratis.server.RaftServerConfigKeys log level to ERROR
2024-10-16 23:56:48,893 [main] INFO  util.LogUtils (Slf4jUtils.java:setLogLevel(38)) - Successfully set org.apache.ratis.client.RaftClientConfigKeys log level to ERROR
2024-10-16 23:56:48,894 [main] INFO  util.LogUtils (Slf4jUtils.java:setLogLevel(38)) - Successfully set org.apache.ratis.client.RaftClientConfigKeys log level to ERROR
2024-10-16 23:56:48,926 [main] INFO  impl.MiniRaftCluster (MiniRaftCluster.java:runWithNewCluster(137)) - Running runWithNewCluster
2024-10-16 23:56:48,952 [main] INFO  impl.MiniRaftCluster (MiniRaftCluster.java:<init>(319)) - new MiniRaftClusterWithGrpc with group-E62D24C0526D:[s3|localhost:15012, s4|localhost:15016, s0|localhost:15000, s1|localhost:15004, s2|localhost:15008]
2024-10-16 23:56:48,952 [main] INFO  impl.MiniRaftCluster (MiniRaftCluster.java:start(352)) - .............................................................. 
2024-10-16 23:56:48,952 [main] INFO  impl.MiniRaftCluster (MiniRaftCluster.java:start(353)) - ... 
2024-10-16 23:56:48,952 [main] INFO  impl.MiniRaftCluster (MiniRaftCluster.java:start(354)) - ...     Starting MiniRaftClusterWithGrpc
2024-10-16 23:56:48,953 [main] INFO  impl.MiniRaftCluster (MiniRaftCluster.java:start(355)) - ... 
2024-10-16 23:56:48,953 [main] INFO  impl.MiniRaftCluster (MiniRaftCluster.java:start(356)) - .............................................................. 
2024-10-16 23:56:48,953 [main] INFO  impl.MiniRaftCluster (MiniRaftCluster.java:initServers(331)) - servers = {}
2024-10-16 23:56:48,959 [main] INFO  impl.MiniRaftCluster (MiniRaftCluster.java:newRaftServer(396)) - newRaftServer: s3, group-E62D24C0526D:[s3|localhost:15012, s4|localhost:15016, s0|localhost:15000, s1|localhost:15004, s2|localhost:15008], format? true
2024-10-16 23:56:48,960 [main] TRACE util.FileUtils (FileUtils.java:deleteFully(305)) - deleteFully target/test/data/936b46ef/MiniRaftClusterWithGrpcbcdfdcde/s3
2024-10-16 23:56:48,962 [main] TRACE util.FileUtils (FileUtils.java:deleteFully(318)) - deleteFully: target/test/data/936b46ef/MiniRaftClusterWithGrpcbcdfdcde/s3 does not exist.
2024-10-16 23:56:48,962 [main] INFO  impl.MiniRaftCluster (MiniRaftCluster.java:newRaftServer(401)) - Formatted directory target/test/data/936b46ef/MiniRaftClusterWithGrpcbcdfdcde/s3
2024-10-16 23:56:48,984 [main] INFO  server.RaftServer (ConfUtils.java:logGet(46)) - raft.rpc.type = GRPC (default)
2024-10-16 23:56:49,090 [main] INFO  grpc.GrpcConfigKeys (ConfUtils.java:logFallback(53)) - raft.grpc.admin.host = null (fallback to raft.grpc.server.host)
2024-10-16 23:56:49,091 [main] INFO  grpc.GrpcConfigKeys (ConfUtils.java:logGet(46)) - raft.grpc.admin.port = 15013 (custom)
2024-10-16 23:56:49,092 [main] INFO  grpc.GrpcConfigKeys (ConfUtils.java:logFallback(53)) - raft.grpc.client.host = null (fallback to raft.grpc.server.host)
2024-10-16 23:56:49,093 [main] INFO  grpc.GrpcConfigKeys (ConfUtils.java:logGet(46)) - raft.grpc.client.port = 15014 (custom)
2024-10-16 23:56:49,093 [main] INFO  grpc.GrpcConfigKeys (ConfUtils.java:logGet(46)) - raft.grpc.server.host = null (default)
2024-10-16 23:56:49,093 [main] INFO  grpc.GrpcConfigKeys (ConfUtils.java:logGet(46)) - raft.grpc.server.port = 15012 (custom)
2024-10-16 23:56:49,094 [main] INFO  server.GrpcService (ConfUtils.java:logGet(46)) - raft.grpc.message.size.max = 64MB (=67108864) (default)
2024-10-16 23:56:49,095 [main] INFO  server.GrpcService (ConfUtils.java:logGet(46)) - raft.grpc.flow.control.window = 1MB (=1048576) (default)
2024-10-16 23:56:49,114 [main] INFO  grpc.GrpcConfigKeys (ConfUtils.java:logGet(46)) - raft.grpc.server.heartbeat.channel = true (default)
2024-10-16 23:56:49,115 [main] INFO  grpc.GrpcConfigKeys (ConfUtils.java:logGet(46)) - raft.grpc.server.zerocopy.enabled = true (custom)
2024-10-16 23:56:49,178 [main] INFO  grpc.GrpcConfigKeys (ConfUtils.java:logGet(46)) - raft.grpc.server.async.request.thread.pool.cached = true (default)
2024-10-16 23:56:49,179 [main] INFO  grpc.GrpcConfigKeys (ConfUtils.java:logGet(46)) - raft.grpc.server.async.request.thread.pool.size = 32 (default)
2024-10-16 23:56:49,572 [main] INFO  impl.DataStreamServerImpl (ConfUtils.java:logGet(46)) - raft.datastream.type = DISABLED (default)
2024-10-16 23:56:49,592 [main] INFO  server.RaftServer (RaftServerProxy.java:addNew(101)) - s3: addNew group-E62D24C0526D:[s3|localhost:15012, s4|localhost:15016, s0|localhost:15000, s1|localhost:15004, s2|localhost:15008] returns group-E62D24C0526D:java.util.concurrent.CompletableFuture@18b58c77[Not completed]
2024-10-16 23:56:49,593 [main] INFO  impl.MiniRaftCluster (MiniRaftCluster.java:newRaftServer(396)) - newRaftServer: s4, group-E62D24C0526D:[s3|localhost:15012, s4|localhost:15016, s0|localhost:15000, s1|localhost:15004, s2|localhost:15008], format? true
2024-10-16 23:56:49,593 [main] TRACE util.FileUtils (FileUtils.java:deleteFully(305)) - deleteFully target/test/data/936b46ef/MiniRaftClusterWithGrpcbcdfdcde/s4
2024-10-16 23:56:49,594 [main] TRACE util.FileUtils (FileUtils.java:deleteFully(318)) - deleteFully: target/test/data/936b46ef/MiniRaftClusterWithGrpcbcdfdcde/s4 does not exist.
2024-10-16 23:56:49,594 [main] INFO  impl.MiniRaftCluster (MiniRaftCluster.java:newRaftServer(401)) - Formatted directory target/test/data/936b46ef/MiniRaftClusterWithGrpcbcdfdcde/s4
2024-10-16 23:56:49,594 [main] INFO  server.RaftServer (ConfUtils.java:logGet(46)) - raft.rpc.type = GRPC (default)
2024-10-16 23:56:49,595 [main] INFO  grpc.GrpcConfigKeys (ConfUtils.java:logFallback(53)) - raft.grpc.admin.host = null (fallback to raft.grpc.server.host)
2024-10-16 23:56:49,595 [main] INFO  grpc.GrpcConfigKeys (ConfUtils.java:logGet(46)) - raft.grpc.admin.port = 15017 (custom)
2024-10-16 23:56:49,596 [main] INFO  grpc.GrpcConfigKeys (ConfUtils.java:logFallback(53)) - raft.grpc.client.host = null (fallback to raft.grpc.server.host)
2024-10-16 23:56:49,596 [main] INFO  grpc.GrpcConfigKeys (ConfUtils.java:logGet(46)) - raft.grpc.client.port = 15018 (custom)
2024-10-16 23:56:49,596 [main] INFO  grpc.GrpcConfigKeys (ConfUtils.java:logGet(46)) - raft.grpc.server.host = null (default)
2024-10-16 23:56:49,597 [main] INFO  grpc.GrpcConfigKeys (ConfUtils.java:logGet(46)) - raft.grpc.server.port = 15016 (custom)
2024-10-16 23:56:49,597 [main] INFO  server.GrpcService (ConfUtils.java:logGet(46)) - raft.grpc.message.size.max = 64MB (=67108864) (default)
2024-10-16 23:56:49,598 [main] INFO  server.GrpcService (ConfUtils.java:logGet(46)) - raft.grpc.flow.control.window = 1MB (=1048576) (default)
2024-10-16 23:56:49,598 [main] INFO  grpc.GrpcConfigKeys (ConfUtils.java:logGet(46)) - raft.grpc.server.heartbeat.channel = true (default)
2024-10-16 23:56:49,598 [main] INFO  grpc.GrpcConfigKeys (ConfUtils.java:logGet(46)) - raft.grpc.server.zerocopy.enabled = true (custom)
2024-10-16 23:56:49,599 [main] INFO  grpc.GrpcConfigKeys (ConfUtils.java:logGet(46)) - raft.grpc.server.async.request.thread.pool.cached = true (default)
2024-10-16 23:56:49,599 [main] INFO  grpc.GrpcConfigKeys (ConfUtils.java:logGet(46)) - raft.grpc.server.async.request.thread.pool.size = 32 (default)
2024-10-16 23:56:49,602 [main] INFO  impl.DataStreamServerImpl (ConfUtils.java:logGet(46)) - raft.datastream.type = DISABLED (default)
2024-10-16 23:56:49,609 [main] INFO  server.RaftServer (RaftServerProxy.java:addNew(101)) - s4: addNew group-E62D24C0526D:[s3|localhost:15012, s4|localhost:15016, s0|localhost:15000, s1|localhost:15004, s2|localhost:15008] returns group-E62D24C0526D:java.util.concurrent.CompletableFuture@42805abe[Not completed]
2024-10-16 23:56:49,609 [main] INFO  impl.MiniRaftCluster (MiniRaftCluster.java:newRaftServer(396)) - newRaftServer: s0, group-E62D24C0526D:[s3|localhost:15012, s4|localhost:15016, s0|localhost:15000, s1|localhost:15004, s2|localhost:15008], format? true
2024-10-16 23:56:49,609 [main] TRACE util.FileUtils (FileUtils.java:deleteFully(305)) - deleteFully target/test/data/936b46ef/MiniRaftClusterWithGrpcbcdfdcde/s0
2024-10-16 23:56:49,609 [main] TRACE util.FileUtils (FileUtils.java:deleteFully(318)) - deleteFully: target/test/data/936b46ef/MiniRaftClusterWithGrpcbcdfdcde/s0 does not exist.
2024-10-16 23:56:49,610 [main] INFO  impl.MiniRaftCluster (MiniRaftCluster.java:newRaftServer(401)) - Formatted directory target/test/data/936b46ef/MiniRaftClusterWithGrpcbcdfdcde/s0
2024-10-16 23:56:49,610 [main] INFO  server.RaftServer (ConfUtils.java:logGet(46)) - raft.rpc.type = GRPC (default)
2024-10-16 23:56:49,611 [main] INFO  grpc.GrpcConfigKeys (ConfUtils.java:logFallback(53)) - raft.grpc.admin.host = null (fallback to raft.grpc.server.host)
2024-10-16 23:56:49,611 [main] INFO  grpc.GrpcConfigKeys (ConfUtils.java:logGet(46)) - raft.grpc.admin.port = 15001 (custom)
2024-10-16 23:56:49,611 [main] INFO  grpc.GrpcConfigKeys (ConfUtils.java:logFallback(53)) - raft.grpc.client.host = null (fallback to raft.grpc.server.host)
2024-10-16 23:56:49,612 [main] INFO  grpc.GrpcConfigKeys (ConfUtils.java:logGet(46)) - raft.grpc.client.port = 15002 (custom)
2024-10-16 23:56:49,612 [main] INFO  grpc.GrpcConfigKeys (ConfUtils.java:logGet(46)) - raft.grpc.server.host = null (default)
2024-10-16 23:56:49,612 [main] INFO  grpc.GrpcConfigKeys (ConfUtils.java:logGet(46)) - raft.grpc.server.port = 15000 (custom)
2024-10-16 23:56:49,613 [main] INFO  server.GrpcService (ConfUtils.java:logGet(46)) - raft.grpc.message.size.max = 64MB (=67108864) (default)
2024-10-16 23:56:49,613 [main] INFO  server.GrpcService (ConfUtils.java:logGet(46)) - raft.grpc.flow.control.window = 1MB (=1048576) (default)
2024-10-16 23:56:49,613 [main] INFO  grpc.GrpcConfigKeys (ConfUtils.java:logGet(46)) - raft.grpc.server.heartbeat.channel = true (default)
2024-10-16 23:56:49,614 [main] INFO  grpc.GrpcConfigKeys (ConfUtils.java:logGet(46)) - raft.grpc.server.zerocopy.enabled = true (custom)
2024-10-16 23:56:49,615 [main] INFO  grpc.GrpcConfigKeys (ConfUtils.java:logGet(46)) - raft.grpc.server.async.request.thread.pool.cached = true (default)
2024-10-16 23:56:49,615 [main] INFO  grpc.GrpcConfigKeys (ConfUtils.java:logGet(46)) - raft.grpc.server.async.request.thread.pool.size = 32 (default)
2024-10-16 23:56:49,619 [main] INFO  impl.DataStreamServerImpl (ConfUtils.java:logGet(46)) - raft.datastream.type = DISABLED (default)
2024-10-16 23:56:49,621 [main] INFO  server.RaftServer (RaftServerProxy.java:addNew(101)) - s0: addNew group-E62D24C0526D:[s3|localhost:15012, s4|localhost:15016, s0|localhost:15000, s1|localhost:15004, s2|localhost:15008] returns group-E62D24C0526D:java.util.concurrent.CompletableFuture@76105ac0[Not completed]
2024-10-16 23:56:49,621 [main] INFO  impl.MiniRaftCluster (MiniRaftCluster.java:newRaftServer(396)) - newRaftServer: s1, group-E62D24C0526D:[s3|localhost:15012, s4|localhost:15016, s0|localhost:15000, s1|localhost:15004, s2|localhost:15008], format? true
2024-10-16 23:56:49,622 [main] TRACE util.FileUtils (FileUtils.java:deleteFully(305)) - deleteFully target/test/data/936b46ef/MiniRaftClusterWithGrpcbcdfdcde/s1
2024-10-16 23:56:49,622 [main] TRACE util.FileUtils (FileUtils.java:deleteFully(318)) - deleteFully: target/test/data/936b46ef/MiniRaftClusterWithGrpcbcdfdcde/s1 does not exist.
2024-10-16 23:56:49,622 [main] INFO  impl.MiniRaftCluster (MiniRaftCluster.java:newRaftServer(401)) - Formatted directory target/test/data/936b46ef/MiniRaftClusterWithGrpcbcdfdcde/s1
2024-10-16 23:56:49,623 [main] INFO  server.RaftServer (ConfUtils.java:logGet(46)) - raft.rpc.type = GRPC (default)
2024-10-16 23:56:49,623 [s3-groupManagement] INFO  server.RaftServer$Division (RaftServerImpl.java:<init>(257)) - s3: new RaftServerImpl for group-E62D24C0526D:[s3|localhost:15012, s4|localhost:15016, s0|localhost:15000, s1|localhost:15004, s2|localhost:15008] with SimpleStateMachine4Testing:uninitialized
2024-10-16 23:56:49,625 [s0-groupManagement] INFO  server.RaftServer$Division (RaftServerImpl.java:<init>(257)) - s0: new RaftServerImpl for group-E62D24C0526D:[s3|localhost:15012, s4|localhost:15016, s0|localhost:15000, s1|localhost:15004, s2|localhost:15008] with SimpleStateMachine4Testing:uninitialized
2024-10-16 23:56:49,623 [s4-groupManagement] INFO  server.RaftServer$Division (RaftServerImpl.java:<init>(257)) - s4: new RaftServerImpl for group-E62D24C0526D:[s3|localhost:15012, s4|localhost:15016, s0|localhost:15000, s1|localhost:15004, s2|localhost:15008] with SimpleStateMachine4Testing:uninitialized
2024-10-16 23:56:49,623 [main] INFO  grpc.GrpcConfigKeys (ConfUtils.java:logFallback(53)) - raft.grpc.admin.host = null (fallback to raft.grpc.server.host)
2024-10-16 23:56:49,632 [main] INFO  grpc.GrpcConfigKeys (ConfUtils.java:logGet(46)) - raft.grpc.admin.port = 15005 (custom)
2024-10-16 23:56:49,633 [main] INFO  grpc.GrpcConfigKeys (ConfUtils.java:logFallback(53)) - raft.grpc.client.host = null (fallback to raft.grpc.server.host)
2024-10-16 23:56:49,633 [main] INFO  grpc.GrpcConfigKeys (ConfUtils.java:logGet(46)) - raft.grpc.client.port = 15006 (custom)
2024-10-16 23:56:49,633 [main] INFO  grpc.GrpcConfigKeys (ConfUtils.java:logGet(46)) - raft.grpc.server.host = null (default)
2024-10-16 23:56:49,634 [main] INFO  grpc.GrpcConfigKeys (ConfUtils.java:logGet(46)) - raft.grpc.server.port = 15004 (custom)
2024-10-16 23:56:49,634 [main] INFO  server.GrpcService (ConfUtils.java:logGet(46)) - raft.grpc.message.size.max = 64MB (=67108864) (default)
2024-10-16 23:56:49,634 [main] INFO  server.GrpcService (ConfUtils.java:logGet(46)) - raft.grpc.flow.control.window = 1MB (=1048576) (default)
2024-10-16 23:56:49,635 [main] INFO  grpc.GrpcConfigKeys (ConfUtils.java:logGet(46)) - raft.grpc.server.heartbeat.channel = true (default)
2024-10-16 23:56:49,635 [main] INFO  grpc.GrpcConfigKeys (ConfUtils.java:logGet(46)) - raft.grpc.server.zerocopy.enabled = true (custom)
2024-10-16 23:56:49,635 [main] INFO  grpc.GrpcConfigKeys (ConfUtils.java:logGet(46)) - raft.grpc.server.async.request.thread.pool.cached = true (default)
2024-10-16 23:56:49,635 [main] INFO  grpc.GrpcConfigKeys (ConfUtils.java:logGet(46)) - raft.grpc.server.async.request.thread.pool.size = 32 (default)
2024-10-16 23:56:49,635 [s3-groupManagement] INFO  server.RaftServer$Division (ServerState.java:<init>(114)) - s3@group-E62D24C0526D: ConfigurationManager, init=conf: {index: -1, cur=peers:[s3|localhost:15012, s4|localhost:15016, s0|localhost:15000, s1|localhost:15004, s2|localhost:15008]|listeners:[], old=null}, confs=<EMPTY_MAP>
2024-10-16 23:56:49,637 [main] INFO  impl.DataStreamServerImpl (ConfUtils.java:logGet(46)) - raft.datastream.type = DISABLED (default)
2024-10-16 23:56:49,636 [s4-groupManagement] INFO  server.RaftServer$Division (ServerState.java:<init>(114)) - s4@group-E62D24C0526D: ConfigurationManager, init=conf: {index: -1, cur=peers:[s3|localhost:15012, s4|localhost:15016, s0|localhost:15000, s1|localhost:15004, s2|localhost:15008]|listeners:[], old=null}, confs=<EMPTY_MAP>
2024-10-16 23:56:49,636 [s0-groupManagement] INFO  server.RaftServer$Division (ServerState.java:<init>(114)) - s0@group-E62D24C0526D: ConfigurationManager, init=conf: {index: -1, cur=peers:[s3|localhost:15012, s4|localhost:15016, s0|localhost:15000, s1|localhost:15004, s2|localhost:15008]|listeners:[], old=null}, confs=<EMPTY_MAP>
2024-10-16 23:56:49,639 [main] INFO  server.RaftServer (RaftServerProxy.java:addNew(101)) - s1: addNew group-E62D24C0526D:[s3|localhost:15012, s4|localhost:15016, s0|localhost:15000, s1|localhost:15004, s2|localhost:15008] returns group-E62D24C0526D:java.util.concurrent.CompletableFuture@24d0c6a4[Not completed]
2024-10-16 23:56:49,640 [main] INFO  impl.MiniRaftCluster (MiniRaftCluster.java:newRaftServer(396)) - newRaftServer: s2, group-E62D24C0526D:[s3|localhost:15012, s4|localhost:15016, s0|localhost:15000, s1|localhost:15004, s2|localhost:15008], format? true
2024-10-16 23:56:49,640 [main] TRACE util.FileUtils (FileUtils.java:deleteFully(305)) - deleteFully target/test/data/936b46ef/MiniRaftClusterWithGrpcbcdfdcde/s2
2024-10-16 23:56:49,640 [main] TRACE util.FileUtils (FileUtils.java:deleteFully(318)) - deleteFully: target/test/data/936b46ef/MiniRaftClusterWithGrpcbcdfdcde/s2 does not exist.
2024-10-16 23:56:49,643 [s1-groupManagement] INFO  server.RaftServer$Division (RaftServerImpl.java:<init>(257)) - s1: new RaftServerImpl for group-E62D24C0526D:[s3|localhost:15012, s4|localhost:15016, s0|localhost:15000, s1|localhost:15004, s2|localhost:15008] with SimpleStateMachine4Testing:uninitialized
2024-10-16 23:56:49,643 [s1-groupManagement] INFO  server.RaftServer$Division (ServerState.java:<init>(114)) - s1@group-E62D24C0526D: ConfigurationManager, init=conf: {index: -1, cur=peers:[s3|localhost:15012, s4|localhost:15016, s0|localhost:15000, s1|localhost:15004, s2|localhost:15008]|listeners:[], old=null}, confs=<EMPTY_MAP>
2024-10-16 23:56:49,645 [main] INFO  impl.MiniRaftCluster (MiniRaftCluster.java:newRaftServer(401)) - Formatted directory target/test/data/936b46ef/MiniRaftClusterWithGrpcbcdfdcde/s2
2024-10-16 23:56:49,645 [main] INFO  server.RaftServer (ConfUtils.java:logGet(46)) - raft.rpc.type = GRPC (default)
2024-10-16 23:56:49,646 [main] INFO  grpc.GrpcConfigKeys (ConfUtils.java:logFallback(53)) - raft.grpc.admin.host = null (fallback to raft.grpc.server.host)
2024-10-16 23:56:49,646 [main] INFO  grpc.GrpcConfigKeys (ConfUtils.java:logGet(46)) - raft.grpc.admin.port = 15009 (custom)
2024-10-16 23:56:49,646 [main] INFO  grpc.GrpcConfigKeys (ConfUtils.java:logFallback(53)) - raft.grpc.client.host = null (fallback to raft.grpc.server.host)
2024-10-16 23:56:49,646 [main] INFO  grpc.GrpcConfigKeys (ConfUtils.java:logGet(46)) - raft.grpc.client.port = 15010 (custom)
2024-10-16 23:56:49,647 [main] INFO  grpc.GrpcConfigKeys (ConfUtils.java:logGet(46)) - raft.grpc.server.host = null (default)
2024-10-16 23:56:49,647 [main] INFO  grpc.GrpcConfigKeys (ConfUtils.java:logGet(46)) - raft.grpc.server.port = 15008 (custom)
2024-10-16 23:56:49,647 [main] INFO  server.GrpcService (ConfUtils.java:logGet(46)) - raft.grpc.message.size.max = 64MB (=67108864) (default)
2024-10-16 23:56:49,648 [main] INFO  server.GrpcService (ConfUtils.java:logGet(46)) - raft.grpc.flow.control.window = 1MB (=1048576) (default)
2024-10-16 23:56:49,648 [main] INFO  grpc.GrpcConfigKeys (ConfUtils.java:logGet(46)) - raft.grpc.server.heartbeat.channel = true (default)
2024-10-16 23:56:49,648 [main] INFO  grpc.GrpcConfigKeys (ConfUtils.java:logGet(46)) - raft.grpc.server.zerocopy.enabled = true (custom)
2024-10-16 23:56:49,648 [main] INFO  grpc.GrpcConfigKeys (ConfUtils.java:logGet(46)) - raft.grpc.server.async.request.thread.pool.cached = true (default)
2024-10-16 23:56:49,649 [main] INFO  grpc.GrpcConfigKeys (ConfUtils.java:logGet(46)) - raft.grpc.server.async.request.thread.pool.size = 32 (default)
2024-10-16 23:56:49,651 [main] INFO  impl.DataStreamServerImpl (ConfUtils.java:logGet(46)) - raft.datastream.type = DISABLED (default)
2024-10-16 23:56:49,656 [main] INFO  server.RaftServer (RaftServerProxy.java:addNew(101)) - s2: addNew group-E62D24C0526D:[s3|localhost:15012, s4|localhost:15016, s0|localhost:15000, s1|localhost:15004, s2|localhost:15008] returns group-E62D24C0526D:java.util.concurrent.CompletableFuture@22172b00[Not completed]
2024-10-16 23:56:49,660 [s2-groupManagement] INFO  server.RaftServer$Division (RaftServerImpl.java:<init>(257)) - s2: new RaftServerImpl for group-E62D24C0526D:[s3|localhost:15012, s4|localhost:15016, s0|localhost:15000, s1|localhost:15004, s2|localhost:15008] with SimpleStateMachine4Testing:uninitialized
2024-10-16 23:56:49,662 [s2-groupManagement] INFO  server.RaftServer$Division (ServerState.java:<init>(114)) - s2@group-E62D24C0526D: ConfigurationManager, init=conf: {index: -1, cur=peers:[s3|localhost:15012, s4|localhost:15016, s0|localhost:15000, s1|localhost:15004, s2|localhost:15008]|listeners:[], old=null}, confs=<EMPTY_MAP>
2024-10-16 23:56:49,714 [s3-impl-thread1] INFO  storage.RaftStorageDirectory (RaftStorageDirectoryImpl.java:analyzeStorage(138)) - The storage directory /home/runner/work/ratis/ratis/ratis-test/target/test/data/936b46ef/MiniRaftClusterWithGrpcbcdfdcde/s3/a0367f82-7afd-47f0-bc22-e62d24c0526d does not exist. Creating ...
2024-10-16 23:56:49,716 [s3-impl-thread1] TRACE util.FileUtils (LogUtils.java:runAndLog(49)) - Successfully ran Files.createDirectories /home/runner/work/ratis/ratis/ratis-test/target/test/data/936b46ef/MiniRaftClusterWithGrpcbcdfdcde/s3/a0367f82-7afd-47f0-bc22-e62d24c0526d
2024-10-16 23:56:49,718 [s3-impl-thread1] INFO  storage.RaftStorageDirectory (RaftStorageDirectoryImpl.java:tryLock(229)) - Lock on /home/runner/work/ratis/ratis/ratis-test/target/test/data/936b46ef/MiniRaftClusterWithGrpcbcdfdcde/s3/a0367f82-7afd-47f0-bc22-e62d24c0526d/in_use.lock acquired by nodename 8762@fv-az1428-923
2024-10-16 23:56:49,718 [s3-impl-thread1] TRACE util.FileUtils (LogUtils.java:runAndLog(49)) - Successfully ran Files.createDirectories /home/runner/work/ratis/ratis/ratis-test/target/test/data/936b46ef/MiniRaftClusterWithGrpcbcdfdcde/s3/a0367f82-7afd-47f0-bc22-e62d24c0526d/current
2024-10-16 23:56:49,718 [s3-impl-thread1] TRACE util.FileUtils (LogUtils.java:runAndLog(49)) - Successfully ran Files.createDirectories /home/runner/work/ratis/ratis/ratis-test/target/test/data/936b46ef/MiniRaftClusterWithGrpcbcdfdcde/s3/a0367f82-7afd-47f0-bc22-e62d24c0526d/sm
2024-10-16 23:56:49,723 [s3-impl-thread1] TRACE util.FileUtils (LogUtils.java:supplyAndLog(69)) - Successfully supplied FileChannel.open /home/runner/work/ratis/ratis/ratis-test/target/test/data/936b46ef/MiniRaftClusterWithGrpcbcdfdcde/s3/a0367f82-7afd-47f0-bc22-e62d24c0526d/current/raft-meta.tmp with options [CREATE, WRITE]: sun.nio.ch.FileChannelImpl@5c65b25e
2024-10-16 23:56:49,729 [s3-impl-thread1] TRACE util.FileUtils (LogUtils.java:runAndLog(49)) - Successfully ran Atomic Files.move /home/runner/work/ratis/ratis/ratis-test/target/test/data/936b46ef/MiniRaftClusterWithGrpcbcdfdcde/s3/a0367f82-7afd-47f0-bc22-e62d24c0526d/current/raft-meta.tmp to /home/runner/work/ratis/ratis/ratis-test/target/test/data/936b46ef/MiniRaftClusterWithGrpcbcdfdcde/s3/a0367f82-7afd-47f0-bc22-e62d24c0526d/current/raft-meta with options [REPLACE_EXISTING]
2024-10-16 23:56:49,729 [s3-impl-thread1] INFO  storage.RaftStorage (RaftStorageImpl.java:format(98)) - Storage directory /home/runner/work/ratis/ratis/ratis-test/target/test/data/936b46ef/MiniRaftClusterWithGrpcbcdfdcde/s3/a0367f82-7afd-47f0-bc22-e62d24c0526d has been successfully formatted.
2024-10-16 23:56:49,729 [s3-impl-thread1] INFO  impl.SimpleStateMachine4Testing (SimpleStateMachine4Testing.java:initialize(214)) - Initializing SimpleStateMachine4Testing:uninitialized
2024-10-16 23:56:49,750 [s3-impl-thread1] INFO  impl.SimpleStateMachine4Testing (SimpleStateMachine4Testing.java:loadSnapshot(298)) - Loading snapshot null
2024-10-16 23:56:49,778 [s3-impl-thread1] INFO  util.AwaitToRun (AwaitToRun.java:start(81)) - Thread[s3@group-E62D24C0526D-cacheEviction-AwaitToRun,5,main] started
2024-10-16 23:56:49,785 [s3-impl-thread1] INFO  segmented.SegmentedRaftLogWorker (SegmentedRaftLogWorker.java:<init>(188)) - new s3@group-E62D24C0526D-SegmentedRaftLogWorker for RaftStorageImpl:Storage Directory /home/runner/work/ratis/ratis/ratis-test/target/test/data/936b46ef/MiniRaftClusterWithGrpcbcdfdcde/s3/a0367f82-7afd-47f0-bc22-e62d24c0526d
2024-10-16 23:56:49,802 [s3-impl-thread1] INFO  segmented.SegmentedRaftLogWorker (SegmentedRaftLogWorker.java:lambda$new$0(139)) - s3@group-E62D24C0526D-SegmentedRaftLogWorker: flushIndex: setUnconditionally 0 -> -1
2024-10-16 23:56:49,802 [s3-impl-thread1] INFO  segmented.SegmentedRaftLogWorker (SegmentedRaftLogWorker.java:lambda$new$0(139)) - s3@group-E62D24C0526D-SegmentedRaftLogWorker: safeCacheEvictIndex: setUnconditionally 0 -> -1
2024-10-16 23:56:49,804 [s3-impl-thread1] INFO  server.RaftServer$Division (RaftServerImpl.java:start(393)) - s3@group-E62D24C0526D: start as a follower, conf=conf: {index: -1, cur=peers:[s3|localhost:15012, s4|localhost:15016, s0|localhost:15000, s1|localhost:15004, s2|localhost:15008]|listeners:[], old=null}
2024-10-16 23:56:49,804 [s3-impl-thread1] INFO  server.RaftServer$Division (RaftServerImpl.java:setRole(380)) - s3@group-E62D24C0526D: changes role from      null to FOLLOWER at term 0 for startAsFollower
2024-10-16 23:56:49,806 [s3-impl-thread1] INFO  impl.RoleInfo (RoleInfo.java:updateAndGet(148)) - s3: start s3@group-E62D24C0526D-FollowerState
2024-10-16 23:56:49,807 [s3-impl-thread1] INFO  util.JmxRegister (JmxRegister.java:tryRegister(44)) - Successfully registered JMX Bean with object name Ratis:service=RaftServer,group=group-E62D24C0526D,id=s3
2024-10-16 23:56:49,807 [s3-impl-thread1] INFO  util.JmxRegister (JmxRegister.java:register(58)) - register mxBean class org.apache.ratis.server.impl.RaftServerJmxAdapter as Ratis:service=RaftServer,group=group-E62D24C0526D,id=s3
2024-10-16 23:56:49,814 [s3-impl-thread1] INFO  server.RaftServer$Division (RaftServerImpl.java:start(407)) - s3@group-E62D24C0526D: Successfully started.
2024-10-16 23:56:49,815 [main] INFO  server.RaftServer (RaftServerProxy.java:startImpl(408)) - s3: start RPC server
2024-10-16 23:56:49,876 [main] INFO  server.GrpcService (GrpcService.java:startImpl(341)) - s3: GrpcService started, listening on 15014
2024-10-16 23:56:49,877 [main] INFO  server.GrpcService (GrpcService.java:startImpl(341)) - s3: GrpcService started, listening on 15012
2024-10-16 23:56:49,878 [main] INFO  server.GrpcService (GrpcService.java:startImpl(341)) - s3: GrpcService started, listening on 15013
2024-10-16 23:56:49,879 [JvmPauseMonitor0] INFO  util.JvmPauseMonitor (JvmPauseMonitor.java:run(146)) - JvmPauseMonitor-s3: Started
2024-10-16 23:56:49,880 [s4-impl-thread1] INFO  storage.RaftStorageDirectory (RaftStorageDirectoryImpl.java:analyzeStorage(138)) - The storage directory /home/runner/work/ratis/ratis/ratis-test/target/test/data/936b46ef/MiniRaftClusterWithGrpcbcdfdcde/s4/a0367f82-7afd-47f0-bc22-e62d24c0526d does not exist. Creating ...
2024-10-16 23:56:49,880 [s4-impl-thread1] TRACE util.FileUtils (LogUtils.java:runAndLog(49)) - Successfully ran Files.createDirectories /home/runner/work/ratis/ratis/ratis-test/target/test/data/936b46ef/MiniRaftClusterWithGrpcbcdfdcde/s4/a0367f82-7afd-47f0-bc22-e62d24c0526d
2024-10-16 23:56:49,883 [s4-impl-thread1] INFO  storage.RaftStorageDirectory (RaftStorageDirectoryImpl.java:tryLock(229)) - Lock on /home/runner/work/ratis/ratis/ratis-test/target/test/data/936b46ef/MiniRaftClusterWithGrpcbcdfdcde/s4/a0367f82-7afd-47f0-bc22-e62d24c0526d/in_use.lock acquired by nodename 8762@fv-az1428-923
2024-10-16 23:56:49,883 [s4-impl-thread1] TRACE util.FileUtils (LogUtils.java:runAndLog(49)) - Successfully ran Files.createDirectories /home/runner/work/ratis/ratis/ratis-test/target/test/data/936b46ef/MiniRaftClusterWithGrpcbcdfdcde/s4/a0367f82-7afd-47f0-bc22-e62d24c0526d/current
2024-10-16 23:56:49,883 [s4-impl-thread1] TRACE util.FileUtils (LogUtils.java:runAndLog(49)) - Successfully ran Files.createDirectories /home/runner/work/ratis/ratis/ratis-test/target/test/data/936b46ef/MiniRaftClusterWithGrpcbcdfdcde/s4/a0367f82-7afd-47f0-bc22-e62d24c0526d/sm
2024-10-16 23:56:49,883 [s4-impl-thread1] TRACE util.FileUtils (LogUtils.java:supplyAndLog(69)) - Successfully supplied FileChannel.open /home/runner/work/ratis/ratis/ratis-test/target/test/data/936b46ef/MiniRaftClusterWithGrpcbcdfdcde/s4/a0367f82-7afd-47f0-bc22-e62d24c0526d/current/raft-meta.tmp with options [CREATE, WRITE]: sun.nio.ch.FileChannelImpl@5cd6432
2024-10-16 23:56:49,885 [s4-impl-thread1] TRACE util.FileUtils (LogUtils.java:runAndLog(49)) - Successfully ran Atomic Files.move /home/runner/work/ratis/ratis/ratis-test/target/test/data/936b46ef/MiniRaftClusterWithGrpcbcdfdcde/s4/a0367f82-7afd-47f0-bc22-e62d24c0526d/current/raft-meta.tmp to /home/runner/work/ratis/ratis/ratis-test/target/test/data/936b46ef/MiniRaftClusterWithGrpcbcdfdcde/s4/a0367f82-7afd-47f0-bc22-e62d24c0526d/current/raft-meta with options [REPLACE_EXISTING]
2024-10-16 23:56:49,885 [s4-impl-thread1] INFO  storage.RaftStorage (RaftStorageImpl.java:format(98)) - Storage directory /home/runner/work/ratis/ratis/ratis-test/target/test/data/936b46ef/MiniRaftClusterWithGrpcbcdfdcde/s4/a0367f82-7afd-47f0-bc22-e62d24c0526d has been successfully formatted.
2024-10-16 23:56:49,885 [s4-impl-thread1] INFO  impl.SimpleStateMachine4Testing (SimpleStateMachine4Testing.java:initialize(214)) - Initializing SimpleStateMachine4Testing:uninitialized
2024-10-16 23:56:49,885 [s4-impl-thread1] INFO  impl.SimpleStateMachine4Testing (SimpleStateMachine4Testing.java:loadSnapshot(298)) - Loading snapshot null
2024-10-16 23:56:49,887 [s4-impl-thread1] INFO  util.AwaitToRun (AwaitToRun.java:start(81)) - Thread[s4@group-E62D24C0526D-cacheEviction-AwaitToRun,5,main] started
2024-10-16 23:56:49,887 [s4-impl-thread1] INFO  segmented.SegmentedRaftLogWorker (SegmentedRaftLogWorker.java:<init>(188)) - new s4@group-E62D24C0526D-SegmentedRaftLogWorker for RaftStorageImpl:Storage Directory /home/runner/work/ratis/ratis/ratis-test/target/test/data/936b46ef/MiniRaftClusterWithGrpcbcdfdcde/s4/a0367f82-7afd-47f0-bc22-e62d24c0526d
2024-10-16 23:56:49,890 [s4-impl-thread1] INFO  segmented.SegmentedRaftLogWorker (SegmentedRaftLogWorker.java:lambda$new$0(139)) - s4@group-E62D24C0526D-SegmentedRaftLogWorker: flushIndex: setUnconditionally 0 -> -1
2024-10-16 23:56:49,890 [s4-impl-thread1] INFO  segmented.SegmentedRaftLogWorker (SegmentedRaftLogWorker.java:lambda$new$0(139)) - s4@group-E62D24C0526D-SegmentedRaftLogWorker: safeCacheEvictIndex: setUnconditionally 0 -> -1
2024-10-16 23:56:49,890 [s4-impl-thread1] INFO  server.RaftServer$Division (RaftServerImpl.java:start(393)) - s4@group-E62D24C0526D: start as a follower, conf=conf: {index: -1, cur=peers:[s3|localhost:15012, s4|localhost:15016, s0|localhost:15000, s1|localhost:15004, s2|localhost:15008]|listeners:[], old=null}
2024-10-16 23:56:49,891 [s4-impl-thread1] INFO  server.RaftServer$Division (RaftServerImpl.java:setRole(380)) - s4@group-E62D24C0526D: changes role from      null to FOLLOWER at term 0 for startAsFollower
2024-10-16 23:56:49,891 [s4-impl-thread1] INFO  impl.RoleInfo (RoleInfo.java:updateAndGet(148)) - s4: start s4@group-E62D24C0526D-FollowerState
2024-10-16 23:56:49,891 [s4-impl-thread1] INFO  util.JmxRegister (JmxRegister.java:tryRegister(44)) - Successfully registered JMX Bean with object name Ratis:service=RaftServer,group=group-E62D24C0526D,id=s4
2024-10-16 23:56:49,891 [s4-impl-thread1] INFO  util.JmxRegister (JmxRegister.java:register(58)) - register mxBean class org.apache.ratis.server.impl.RaftServerJmxAdapter as Ratis:service=RaftServer,group=group-E62D24C0526D,id=s4
2024-10-16 23:56:49,892 [s4-impl-thread1] INFO  server.RaftServer$Division (RaftServerImpl.java:start(407)) - s4@group-E62D24C0526D: Successfully started.
2024-10-16 23:56:49,892 [main] INFO  server.RaftServer (RaftServerProxy.java:startImpl(408)) - s4: start RPC server
2024-10-16 23:56:49,893 [main] INFO  server.GrpcService (GrpcService.java:startImpl(341)) - s4: GrpcService started, listening on 15018
2024-10-16 23:56:49,894 [main] INFO  server.GrpcService (GrpcService.java:startImpl(341)) - s4: GrpcService started, listening on 15016
2024-10-16 23:56:49,895 [main] INFO  server.GrpcService (GrpcService.java:startImpl(341)) - s4: GrpcService started, listening on 15017
2024-10-16 23:56:49,896 [JvmPauseMonitor1] INFO  util.JvmPauseMonitor (JvmPauseMonitor.java:run(146)) - JvmPauseMonitor-s4: Started
2024-10-16 23:56:49,896 [s0-impl-thread1] INFO  storage.RaftStorageDirectory (RaftStorageDirectoryImpl.java:analyzeStorage(138)) - The storage directory /home/runner/work/ratis/ratis/ratis-test/target/test/data/936b46ef/MiniRaftClusterWithGrpcbcdfdcde/s0/a0367f82-7afd-47f0-bc22-e62d24c0526d does not exist. Creating ...
2024-10-16 23:56:49,897 [s0-impl-thread1] TRACE util.FileUtils (LogUtils.java:runAndLog(49)) - Successfully ran Files.createDirectories /home/runner/work/ratis/ratis/ratis-test/target/test/data/936b46ef/MiniRaftClusterWithGrpcbcdfdcde/s0/a0367f82-7afd-47f0-bc22-e62d24c0526d
2024-10-16 23:56:49,900 [s0-impl-thread1] INFO  storage.RaftStorageDirectory (RaftStorageDirectoryImpl.java:tryLock(229)) - Lock on /home/runner/work/ratis/ratis/ratis-test/target/test/data/936b46ef/MiniRaftClusterWithGrpcbcdfdcde/s0/a0367f82-7afd-47f0-bc22-e62d24c0526d/in_use.lock acquired by nodename 8762@fv-az1428-923
2024-10-16 23:56:49,900 [s0-impl-thread1] TRACE util.FileUtils (LogUtils.java:runAndLog(49)) - Successfully ran Files.createDirectories /home/runner/work/ratis/ratis/ratis-test/target/test/data/936b46ef/MiniRaftClusterWithGrpcbcdfdcde/s0/a0367f82-7afd-47f0-bc22-e62d24c0526d/current
2024-10-16 23:56:49,900 [s0-impl-thread1] TRACE util.FileUtils (LogUtils.java:runAndLog(49)) - Successfully ran Files.createDirectories /home/runner/work/ratis/ratis/ratis-test/target/test/data/936b46ef/MiniRaftClusterWithGrpcbcdfdcde/s0/a0367f82-7afd-47f0-bc22-e62d24c0526d/sm
2024-10-16 23:56:49,900 [s0-impl-thread1] TRACE util.FileUtils (LogUtils.java:supplyAndLog(69)) - Successfully supplied FileChannel.open /home/runner/work/ratis/ratis/ratis-test/target/test/data/936b46ef/MiniRaftClusterWithGrpcbcdfdcde/s0/a0367f82-7afd-47f0-bc22-e62d24c0526d/current/raft-meta.tmp with options [CREATE, WRITE]: sun.nio.ch.FileChannelImpl@d2066a3
2024-10-16 23:56:49,902 [s0-impl-thread1] TRACE util.FileUtils (LogUtils.java:runAndLog(49)) - Successfully ran Atomic Files.move /home/runner/work/ratis/ratis/ratis-test/target/test/data/936b46ef/MiniRaftClusterWithGrpcbcdfdcde/s0/a0367f82-7afd-47f0-bc22-e62d24c0526d/current/raft-meta.tmp to /home/runner/work/ratis/ratis/ratis-test/target/test/data/936b46ef/MiniRaftClusterWithGrpcbcdfdcde/s0/a0367f82-7afd-47f0-bc22-e62d24c0526d/current/raft-meta with options [REPLACE_EXISTING]
2024-10-16 23:56:49,902 [s0-impl-thread1] INFO  storage.RaftStorage (RaftStorageImpl.java:format(98)) - Storage directory /home/runner/work/ratis/ratis/ratis-test/target/test/data/936b46ef/MiniRaftClusterWithGrpcbcdfdcde/s0/a0367f82-7afd-47f0-bc22-e62d24c0526d has been successfully formatted.
2024-10-16 23:56:49,902 [s0-impl-thread1] INFO  impl.SimpleStateMachine4Testing (SimpleStateMachine4Testing.java:initialize(214)) - Initializing SimpleStateMachine4Testing:uninitialized
2024-10-16 23:56:49,902 [s0-impl-thread1] INFO  impl.SimpleStateMachine4Testing (SimpleStateMachine4Testing.java:loadSnapshot(298)) - Loading snapshot null
2024-10-16 23:56:49,904 [s0-impl-thread1] INFO  util.AwaitToRun (AwaitToRun.java:start(81)) - Thread[s0@group-E62D24C0526D-cacheEviction-AwaitToRun,5,main] started
2024-10-16 23:56:49,904 [s0-impl-thread1] INFO  segmented.SegmentedRaftLogWorker (SegmentedRaftLogWorker.java:<init>(188)) - new s0@group-E62D24C0526D-SegmentedRaftLogWorker for RaftStorageImpl:Storage Directory /home/runner/work/ratis/ratis/ratis-test/target/test/data/936b46ef/MiniRaftClusterWithGrpcbcdfdcde/s0/a0367f82-7afd-47f0-bc22-e62d24c0526d
2024-10-16 23:56:49,907 [s0-impl-thread1] INFO  segmented.SegmentedRaftLogWorker (SegmentedRaftLogWorker.java:lambda$new$0(139)) - s0@group-E62D24C0526D-SegmentedRaftLogWorker: flushIndex: setUnconditionally 0 -> -1
2024-10-16 23:56:49,907 [s0-impl-thread1] INFO  segmented.SegmentedRaftLogWorker (SegmentedRaftLogWorker.java:lambda$new$0(139)) - s0@group-E62D24C0526D-SegmentedRaftLogWorker: safeCacheEvictIndex: setUnconditionally 0 -> -1
2024-10-16 23:56:49,907 [s0-impl-thread1] INFO  server.RaftServer$Division (RaftServerImpl.java:start(393)) - s0@group-E62D24C0526D: start as a follower, conf=conf: {index: -1, cur=peers:[s3|localhost:15012, s4|localhost:15016, s0|localhost:15000, s1|localhost:15004, s2|localhost:15008]|listeners:[], old=null}
2024-10-16 23:56:49,908 [s0-impl-thread1] INFO  server.RaftServer$Division (RaftServerImpl.java:setRole(380)) - s0@group-E62D24C0526D: changes role from      null to FOLLOWER at term 0 for startAsFollower
2024-10-16 23:56:49,908 [s0-impl-thread1] INFO  impl.RoleInfo (RoleInfo.java:updateAndGet(148)) - s0: start s0@group-E62D24C0526D-FollowerState
2024-10-16 23:56:49,908 [s0-impl-thread1] INFO  util.JmxRegister (JmxRegister.java:tryRegister(44)) - Successfully registered JMX Bean with object name Ratis:service=RaftServer,group=group-E62D24C0526D,id=s0
2024-10-16 23:56:49,908 [s0-impl-thread1] INFO  util.JmxRegister (JmxRegister.java:register(58)) - register mxBean class org.apache.ratis.server.impl.RaftServerJmxAdapter as Ratis:service=RaftServer,group=group-E62D24C0526D,id=s0
2024-10-16 23:56:49,909 [s0-impl-thread1] INFO  server.RaftServer$Division (RaftServerImpl.java:start(407)) - s0@group-E62D24C0526D: Successfully started.
2024-10-16 23:56:49,910 [main] INFO  server.RaftServer (RaftServerProxy.java:startImpl(408)) - s0: start RPC server
2024-10-16 23:56:49,911 [main] INFO  server.GrpcService (GrpcService.java:startImpl(341)) - s0: GrpcService started, listening on 15002
2024-10-16 23:56:49,911 [main] INFO  server.GrpcService (GrpcService.java:startImpl(341)) - s0: GrpcService started, listening on 15000
2024-10-16 23:56:49,912 [main] INFO  server.GrpcService (GrpcService.java:startImpl(341)) - s0: GrpcService started, listening on 15001
2024-10-16 23:56:49,916 [s1-impl-thread1] INFO  storage.RaftStorageDirectory (RaftStorageDirectoryImpl.java:analyzeStorage(138)) - The storage directory /home/runner/work/ratis/ratis/ratis-test/target/test/data/936b46ef/MiniRaftClusterWithGrpcbcdfdcde/s1/a0367f82-7afd-47f0-bc22-e62d24c0526d does not exist. Creating ...
2024-10-16 23:56:49,917 [JvmPauseMonitor2] INFO  util.JvmPauseMonitor (JvmPauseMonitor.java:run(146)) - JvmPauseMonitor-s0: Started
2024-10-16 23:56:49,917 [s1-impl-thread1] TRACE util.FileUtils (LogUtils.java:runAndLog(49)) - Successfully ran Files.createDirectories /home/runner/work/ratis/ratis/ratis-test/target/test/data/936b46ef/MiniRaftClusterWithGrpcbcdfdcde/s1/a0367f82-7afd-47f0-bc22-e62d24c0526d
2024-10-16 23:56:49,918 [s1-impl-thread1] INFO  storage.RaftStorageDirectory (RaftStorageDirectoryImpl.java:tryLock(229)) - Lock on /home/runner/work/ratis/ratis/ratis-test/target/test/data/936b46ef/MiniRaftClusterWithGrpcbcdfdcde/s1/a0367f82-7afd-47f0-bc22-e62d24c0526d/in_use.lock acquired by nodename 8762@fv-az1428-923
2024-10-16 23:56:49,918 [s1-impl-thread1] TRACE util.FileUtils (LogUtils.java:runAndLog(49)) - Successfully ran Files.createDirectories /home/runner/work/ratis/ratis/ratis-test/target/test/data/936b46ef/MiniRaftClusterWithGrpcbcdfdcde/s1/a0367f82-7afd-47f0-bc22-e62d24c0526d/current
2024-10-16 23:56:49,919 [s1-impl-thread1] TRACE util.FileUtils (LogUtils.java:runAndLog(49)) - Successfully ran Files.createDirectories /home/runner/work/ratis/ratis/ratis-test/target/test/data/936b46ef/MiniRaftClusterWithGrpcbcdfdcde/s1/a0367f82-7afd-47f0-bc22-e62d24c0526d/sm
2024-10-16 23:56:49,919 [s1-impl-thread1] TRACE util.FileUtils (LogUtils.java:supplyAndLog(69)) - Successfully supplied FileChannel.open /home/runner/work/ratis/ratis/ratis-test/target/test/data/936b46ef/MiniRaftClusterWithGrpcbcdfdcde/s1/a0367f82-7afd-47f0-bc22-e62d24c0526d/current/raft-meta.tmp with options [CREATE, WRITE]: sun.nio.ch.FileChannelImpl@63e641ae
2024-10-16 23:56:49,920 [s1-impl-thread1] TRACE util.FileUtils (LogUtils.java:runAndLog(49)) - Successfully ran Atomic Files.move /home/runner/work/ratis/ratis/ratis-test/target/test/data/936b46ef/MiniRaftClusterWithGrpcbcdfdcde/s1/a0367f82-7afd-47f0-bc22-e62d24c0526d/current/raft-meta.tmp to /home/runner/work/ratis/ratis/ratis-test/target/test/data/936b46ef/MiniRaftClusterWithGrpcbcdfdcde/s1/a0367f82-7afd-47f0-bc22-e62d24c0526d/current/raft-meta with options [REPLACE_EXISTING]
2024-10-16 23:56:49,920 [s1-impl-thread1] INFO  storage.RaftStorage (RaftStorageImpl.java:format(98)) - Storage directory /home/runner/work/ratis/ratis/ratis-test/target/test/data/936b46ef/MiniRaftClusterWithGrpcbcdfdcde/s1/a0367f82-7afd-47f0-bc22-e62d24c0526d has been successfully formatted.
2024-10-16 23:56:49,920 [s1-impl-thread1] INFO  impl.SimpleStateMachine4Testing (SimpleStateMachine4Testing.java:initialize(214)) - Initializing SimpleStateMachine4Testing:uninitialized
2024-10-16 23:56:49,921 [s1-impl-thread1] INFO  impl.SimpleStateMachine4Testing (SimpleStateMachine4Testing.java:loadSnapshot(298)) - Loading snapshot null
2024-10-16 23:56:49,924 [s1-impl-thread1] INFO  util.AwaitToRun (AwaitToRun.java:start(81)) - Thread[s1@group-E62D24C0526D-cacheEviction-AwaitToRun,5,main] started
2024-10-16 23:56:49,924 [s1-impl-thread1] INFO  segmented.SegmentedRaftLogWorker (SegmentedRaftLogWorker.java:<init>(188)) - new s1@group-E62D24C0526D-SegmentedRaftLogWorker for RaftStorageImpl:Storage Directory /home/runner/work/ratis/ratis/ratis-test/target/test/data/936b46ef/MiniRaftClusterWithGrpcbcdfdcde/s1/a0367f82-7afd-47f0-bc22-e62d24c0526d
2024-10-16 23:56:49,926 [s1-impl-thread1] INFO  segmented.SegmentedRaftLogWorker (SegmentedRaftLogWorker.java:lambda$new$0(139)) - s1@group-E62D24C0526D-SegmentedRaftLogWorker: flushIndex: setUnconditionally 0 -> -1
2024-10-16 23:56:49,926 [s1-impl-thread1] INFO  segmented.SegmentedRaftLogWorker (SegmentedRaftLogWorker.java:lambda$new$0(139)) - s1@group-E62D24C0526D-SegmentedRaftLogWorker: safeCacheEvictIndex: setUnconditionally 0 -> -1
2024-10-16 23:56:49,931 [s1-impl-thread1] INFO  server.RaftServer$Division (RaftServerImpl.java:start(393)) - s1@group-E62D24C0526D: start as a follower, conf=conf: {index: -1, cur=peers:[s3|localhost:15012, s4|localhost:15016, s0|localhost:15000, s1|localhost:15004, s2|localhost:15008]|listeners:[], old=null}
2024-10-16 23:56:49,931 [s1-impl-thread1] INFO  server.RaftServer$Division (RaftServerImpl.java:setRole(380)) - s1@group-E62D24C0526D: changes role from      null to FOLLOWER at term 0 for startAsFollower
2024-10-16 23:56:49,931 [s1-impl-thread1] INFO  impl.RoleInfo (RoleInfo.java:updateAndGet(148)) - s1: start s1@group-E62D24C0526D-FollowerState
2024-10-16 23:56:49,931 [s1-impl-thread1] INFO  util.JmxRegister (JmxRegister.java:tryRegister(44)) - Successfully registered JMX Bean with object name Ratis:service=RaftServer,group=group-E62D24C0526D,id=s1
2024-10-16 23:56:49,931 [s1-impl-thread1] INFO  util.JmxRegister (JmxRegister.java:register(58)) - register mxBean class org.apache.ratis.server.impl.RaftServerJmxAdapter as Ratis:service=RaftServer,group=group-E62D24C0526D,id=s1
2024-10-16 23:56:49,932 [s1-impl-thread1] INFO  server.RaftServer$Division (RaftServerImpl.java:start(407)) - s1@group-E62D24C0526D: Successfully started.
2024-10-16 23:56:49,932 [main] INFO  server.RaftServer (RaftServerProxy.java:startImpl(408)) - s1: start RPC server
2024-10-16 23:56:49,933 [main] INFO  server.GrpcService (GrpcService.java:startImpl(341)) - s1: GrpcService started, listening on 15006
2024-10-16 23:56:49,934 [main] INFO  server.GrpcService (GrpcService.java:startImpl(341)) - s1: GrpcService started, listening on 15004
2024-10-16 23:56:49,935 [main] INFO  server.GrpcService (GrpcService.java:startImpl(341)) - s1: GrpcService started, listening on 15005
2024-10-16 23:56:49,936 [s2-impl-thread1] INFO  storage.RaftStorageDirectory (RaftStorageDirectoryImpl.java:analyzeStorage(138)) - The storage directory /home/runner/work/ratis/ratis/ratis-test/target/test/data/936b46ef/MiniRaftClusterWithGrpcbcdfdcde/s2/a0367f82-7afd-47f0-bc22-e62d24c0526d does not exist. Creating ...
2024-10-16 23:56:49,936 [s2-impl-thread1] TRACE util.FileUtils (LogUtils.java:runAndLog(49)) - Successfully ran Files.createDirectories /home/runner/work/ratis/ratis/ratis-test/target/test/data/936b46ef/MiniRaftClusterWithGrpcbcdfdcde/s2/a0367f82-7afd-47f0-bc22-e62d24c0526d
2024-10-16 23:56:49,936 [JvmPauseMonitor3] INFO  util.JvmPauseMonitor (JvmPauseMonitor.java:run(146)) - JvmPauseMonitor-s1: Started
2024-10-16 23:56:49,937 [s2-impl-thread1] INFO  storage.RaftStorageDirectory (RaftStorageDirectoryImpl.java:tryLock(229)) - Lock on /home/runner/work/ratis/ratis/ratis-test/target/test/data/936b46ef/MiniRaftClusterWithGrpcbcdfdcde/s2/a0367f82-7afd-47f0-bc22-e62d24c0526d/in_use.lock acquired by nodename 8762@fv-az1428-923
2024-10-16 23:56:49,937 [s2-impl-thread1] TRACE util.FileUtils (LogUtils.java:runAndLog(49)) - Successfully ran Files.createDirectories /home/runner/work/ratis/ratis/ratis-test/target/test/data/936b46ef/MiniRaftClusterWithGrpcbcdfdcde/s2/a0367f82-7afd-47f0-bc22-e62d24c0526d/current
2024-10-16 23:56:49,937 [s2-impl-thread1] TRACE util.FileUtils (LogUtils.java:runAndLog(49)) - Successfully ran Files.createDirectories /home/runner/work/ratis/ratis/ratis-test/target/test/data/936b46ef/MiniRaftClusterWithGrpcbcdfdcde/s2/a0367f82-7afd-47f0-bc22-e62d24c0526d/sm
2024-10-16 23:56:49,938 [s2-impl-thread1] TRACE util.FileUtils (LogUtils.java:supplyAndLog(69)) - Successfully supplied FileChannel.open /home/runner/work/ratis/ratis/ratis-test/target/test/data/936b46ef/MiniRaftClusterWithGrpcbcdfdcde/s2/a0367f82-7afd-47f0-bc22-e62d24c0526d/current/raft-meta.tmp with options [CREATE, WRITE]: sun.nio.ch.FileChannelImpl@48874d4e
2024-10-16 23:56:49,939 [s2-impl-thread1] TRACE util.FileUtils (LogUtils.java:runAndLog(49)) - Successfully ran Atomic Files.move /home/runner/work/ratis/ratis/ratis-test/target/test/data/936b46ef/MiniRaftClusterWithGrpcbcdfdcde/s2/a0367f82-7afd-47f0-bc22-e62d24c0526d/current/raft-meta.tmp to /home/runner/work/ratis/ratis/ratis-test/target/test/data/936b46ef/MiniRaftClusterWithGrpcbcdfdcde/s2/a0367f82-7afd-47f0-bc22-e62d24c0526d/current/raft-meta with options [REPLACE_EXISTING]
2024-10-16 23:56:49,939 [s2-impl-thread1] INFO  storage.RaftStorage (RaftStorageImpl.java:format(98)) - Storage directory /home/runner/work/ratis/ratis/ratis-test/target/test/data/936b46ef/MiniRaftClusterWithGrpcbcdfdcde/s2/a0367f82-7afd-47f0-bc22-e62d24c0526d has been successfully formatted.
2024-10-16 23:56:49,940 [s2-impl-thread1] INFO  impl.SimpleStateMachine4Testing (SimpleStateMachine4Testing.java:initialize(214)) - Initializing SimpleStateMachine4Testing:uninitialized
2024-10-16 23:56:49,940 [s2-impl-thread1] INFO  impl.SimpleStateMachine4Testing (SimpleStateMachine4Testing.java:loadSnapshot(298)) - Loading snapshot null
2024-10-16 23:56:49,941 [s2-impl-thread1] INFO  util.AwaitToRun (AwaitToRun.java:start(81)) - Thread[s2@group-E62D24C0526D-cacheEviction-AwaitToRun,5,main] started
2024-10-16 23:56:49,942 [s2-impl-thread1] INFO  segmented.SegmentedRaftLogWorker (SegmentedRaftLogWorker.java:<init>(188)) - new s2@group-E62D24C0526D-SegmentedRaftLogWorker for RaftStorageImpl:Storage Directory /home/runner/work/ratis/ratis/ratis-test/target/test/data/936b46ef/MiniRaftClusterWithGrpcbcdfdcde/s2/a0367f82-7afd-47f0-bc22-e62d24c0526d
2024-10-16 23:56:49,943 [s2-impl-thread1] INFO  segmented.SegmentedRaftLogWorker (SegmentedRaftLogWorker.java:lambda$new$0(139)) - s2@group-E62D24C0526D-SegmentedRaftLogWorker: flushIndex: setUnconditionally 0 -> -1
2024-10-16 23:56:49,943 [s2-impl-thread1] INFO  segmented.SegmentedRaftLogWorker (SegmentedRaftLogWorker.java:lambda$new$0(139)) - s2@group-E62D24C0526D-SegmentedRaftLogWorker: safeCacheEvictIndex: setUnconditionally 0 -> -1
2024-10-16 23:56:49,944 [s2-impl-thread1] INFO  server.RaftServer$Division (RaftServerImpl.java:start(393)) - s2@group-E62D24C0526D: start as a follower, conf=conf: {index: -1, cur=peers:[s3|localhost:15012, s4|localhost:15016, s0|localhost:15000, s1|localhost:15004, s2|localhost:15008]|listeners:[], old=null}
2024-10-16 23:56:49,944 [s2-impl-thread1] INFO  server.RaftServer$Division (RaftServerImpl.java:setRole(380)) - s2@group-E62D24C0526D: changes role from      null to FOLLOWER at term 0 for startAsFollower
2024-10-16 23:56:49,944 [s2-impl-thread1] INFO  impl.RoleInfo (RoleInfo.java:updateAndGet(148)) - s2: start s2@group-E62D24C0526D-FollowerState
2024-10-16 23:56:49,944 [s2-impl-thread1] INFO  util.JmxRegister (JmxRegister.java:tryRegister(44)) - Successfully registered JMX Bean with object name Ratis:service=RaftServer,group=group-E62D24C0526D,id=s2
2024-10-16 23:56:49,944 [s2-impl-thread1] INFO  util.JmxRegister (JmxRegister.java:register(58)) - register mxBean class org.apache.ratis.server.impl.RaftServerJmxAdapter as Ratis:service=RaftServer,group=group-E62D24C0526D,id=s2
2024-10-16 23:56:49,948 [s2-impl-thread1] INFO  server.RaftServer$Division (RaftServerImpl.java:start(407)) - s2@group-E62D24C0526D: Successfully started.
2024-10-16 23:56:49,948 [main] INFO  server.RaftServer (RaftServerProxy.java:startImpl(408)) - s2: start RPC server
2024-10-16 23:56:49,949 [main] INFO  server.GrpcService (GrpcService.java:startImpl(341)) - s2: GrpcService started, listening on 15010
2024-10-16 23:56:49,950 [main] INFO  server.GrpcService (GrpcService.java:startImpl(341)) - s2: GrpcService started, listening on 15008
2024-10-16 23:56:49,950 [main] INFO  server.GrpcService (GrpcService.java:startImpl(341)) - s2: GrpcService started, listening on 15009
2024-10-16 23:56:49,952 [JvmPauseMonitor4] INFO  util.JvmPauseMonitor (JvmPauseMonitor.java:run(146)) - JvmPauseMonitor-s2: Started
2024-10-16 23:56:49,958 [main] INFO  ratis.RaftTestUtil (RaftTestUtil.java:waitForLeader(107)) - printing ALL groups
  s3:  RUNNING  FOLLOWER s3@group-E62D24C0526D:t0, leader=null, voted=, raftlog=Memoized:s3@group-E62D24C0526D-SegmentedRaftLog:OPENED:c-1:lastnull, conf=conf: {index: -1, cur=peers:[s3|localhost:15012, s4|localhost:15016, s0|localhost:15000, s1|localhost:15004, s2|localhost:15008]|listeners:[], old=null} RUNNING
  s4:  RUNNING  FOLLOWER s4@group-E62D24C0526D:t0, leader=null, voted=, raftlog=Memoized:s4@group-E62D24C0526D-SegmentedRaftLog:OPENED:c-1:lastnull, conf=conf: {index: -1, cur=peers:[s3|localhost:15012, s4|localhost:15016, s0|localhost:15000, s1|localhost:15004, s2|localhost:15008]|listeners:[], old=null} RUNNING
  s0:  RUNNING  FOLLOWER s0@group-E62D24C0526D:t0, leader=null, voted=, raftlog=Memoized:s0@group-E62D24C0526D-SegmentedRaftLog:OPENED:c-1:lastnull, conf=conf: {index: -1, cur=peers:[s3|localhost:15012, s4|localhost:15016, s0|localhost:15000, s1|localhost:15004, s2|localhost:15008]|listeners:[], old=null} RUNNING
  s1:  RUNNING  FOLLOWER s1@group-E62D24C0526D:t0, leader=null, voted=, raftlog=Memoized:s1@group-E62D24C0526D-SegmentedRaftLog:OPENED:c-1:lastnull, conf=conf: {index: -1, cur=peers:[s3|localhost:15012, s4|localhost:15016, s0|localhost:15000, s1|localhost:15004, s2|localhost:15008]|listeners:[], old=null} RUNNING
  s2:  RUNNING  FOLLOWER s2@group-E62D24C0526D:t0, leader=null, voted=, raftlog=Memoized:s2@group-E62D24C0526D-SegmentedRaftLog:OPENED:c-1:lastnull, conf=conf: {index: -1, cur=peers:[s3|localhost:15012, s4|localhost:15016, s0|localhost:15000, s1|localhost:15004, s2|localhost:15008]|listeners:[], old=null} RUNNING
2024-10-16 23:56:49,961 [main] WARN  ratis.RaftTestUtil (RaftTestUtil.java:lambda$waitForLeader$3(126)) - Attempt #1 failed: java.lang.IllegalStateException: No leader yet : printing ALL groups
  s3:  RUNNING  FOLLOWER s3@group-E62D24C0526D:t0, leader=null, voted=, raftlog=Memoized:s3@group-E62D24C0526D-SegmentedRaftLog:OPENED:c-1:lastnull, conf=conf: {index: -1, cur=peers:[s3|localhost:15012, s4|localhost:15016, s0|localhost:15000, s1|localhost:15004, s2|localhost:15008]|listeners:[], old=null} RUNNING
  s4:  RUNNING  FOLLOWER s4@group-E62D24C0526D:t0, leader=null, voted=, raftlog=Memoized:s4@group-E62D24C0526D-SegmentedRaftLog:OPENED:c-1:lastnull, conf=conf: {index: -1, cur=peers:[s3|localhost:15012, s4|localhost:15016, s0|localhost:15000, s1|localhost:15004, s2|localhost:15008]|listeners:[], old=null} RUNNING
  s0:  RUNNING  FOLLOWER s0@group-E62D24C0526D:t0, leader=null, voted=, raftlog=Memoized:s0@group-E62D24C0526D-SegmentedRaftLog:OPENED:c-1:lastnull, conf=conf: {index: -1, cur=peers:[s3|localhost:15012, s4|localhost:15016, s0|localhost:15000, s1|localhost:15004, s2|localhost:15008]|listeners:[], old=null} RUNNING
  s1:  RUNNING  FOLLOWER s1@group-E62D24C0526D:t0, leader=null, voted=, raftlog=Memoized:s1@group-E62D24C0526D-SegmentedRaftLog:OPENED:c-1:lastnull, conf=conf: {index: -1, cur=peers:[s3|localhost:15012, s4|localhost:15016, s0|localhost:15000, s1|localhost:15004, s2|localhost:15008]|listeners:[], old=null} RUNNING
  s2:  RUNNING  FOLLOWER s2@group-E62D24C0526D:t0, leader=null, voted=, raftlog=Memoized:s2@group-E62D24C0526D-SegmentedRaftLog:OPENED:c-1:lastnull, conf=conf: {index: -1, cur=peers:[s3|localhost:15012, s4|localhost:15016, s0|localhost:15000, s1|localhost:15004, s2|localhost:15008]|listeners:[], old=null} RUNNING
2024-10-16 23:56:50,897 [s3@group-E62D24C0526D-FollowerState] INFO  impl.FollowerState (FollowerState.java:runImpl(161)) - s3@group-E62D24C0526D-FollowerState: change to CANDIDATE, lastRpcElapsedTime:1091031863ns, electionTimeout:1088ms
2024-10-16 23:56:50,897 [s3@group-E62D24C0526D-FollowerState] INFO  impl.RoleInfo (RoleInfo.java:shutdownFollowerState(121)) - s3: shutdown s3@group-E62D24C0526D-FollowerState
2024-10-16 23:56:50,897 [s3@group-E62D24C0526D-FollowerState] INFO  server.RaftServer$Division (RaftServerImpl.java:setRole(380)) - s3@group-E62D24C0526D: changes role from  FOLLOWER to CANDIDATE at term 0 for changeToCandidate
2024-10-16 23:56:50,901 [s3@group-E62D24C0526D-FollowerState] INFO  impl.RoleInfo (RoleInfo.java:updateAndGet(148)) - s3: start s3@group-E62D24C0526D-LeaderElection1
2024-10-16 23:56:50,904 [s3@group-E62D24C0526D-LeaderElection1] INFO  impl.LeaderElection (LeaderElection.java:askForVotes(333)) - s3@group-E62D24C0526D-LeaderElection1 PRE_VOTE round 0: submit vote requests at term 0 for conf: {index: -1, cur=peers:[s3|localhost:15012, s4|localhost:15016, s0|localhost:15000, s1|localhost:15004, s2|localhost:15008]|listeners:[], old=null}
2024-10-16 23:56:50,942 [s3@group-E62D24C0526D-LeaderElection1-2] INFO  server.GrpcServerProtocolClient (GrpcServerProtocolClient.java:<init>(65)) - Build channel for s0|localhost:15000
2024-10-16 23:56:50,942 [s3@group-E62D24C0526D-LeaderElection1-3] INFO  server.GrpcServerProtocolClient (GrpcServerProtocolClient.java:<init>(65)) - Build channel for s1|localhost:15004
2024-10-16 23:56:50,943 [s3@group-E62D24C0526D-LeaderElection1-1] INFO  server.GrpcServerProtocolClient (GrpcServerProtocolClient.java:<init>(65)) - Build channel for s4|localhost:15016
2024-10-16 23:56:50,947 [s3@group-E62D24C0526D-LeaderElection1-4] INFO  server.GrpcServerProtocolClient (GrpcServerProtocolClient.java:<init>(65)) - Build channel for s2|localhost:15008
2024-10-16 23:56:50,955 [s2@group-E62D24C0526D-FollowerState] INFO  impl.FollowerState (FollowerState.java:runImpl(161)) - s2@group-E62D24C0526D-FollowerState: change to CANDIDATE, lastRpcElapsedTime:1011069758ns, electionTimeout:1004ms
2024-10-16 23:56:50,955 [s2@group-E62D24C0526D-FollowerState] INFO  impl.RoleInfo (RoleInfo.java:shutdownFollowerState(121)) - s2: shutdown s2@group-E62D24C0526D-FollowerState
2024-10-16 23:56:50,955 [s2@group-E62D24C0526D-FollowerState] INFO  server.RaftServer$Division (RaftServerImpl.java:setRole(380)) - s2@group-E62D24C0526D: changes role from  FOLLOWER to CANDIDATE at term 0 for changeToCandidate
2024-10-16 23:56:50,955 [s2@group-E62D24C0526D-FollowerState] INFO  impl.RoleInfo (RoleInfo.java:updateAndGet(148)) - s2: start s2@group-E62D24C0526D-LeaderElection2
2024-10-16 23:56:50,957 [s2@group-E62D24C0526D-LeaderElection2] INFO  impl.LeaderElection (LeaderElection.java:askForVotes(333)) - s2@group-E62D24C0526D-LeaderElection2 PRE_VOTE round 0: submit vote requests at term 0 for conf: {index: -1, cur=peers:[s3|localhost:15012, s4|localhost:15016, s0|localhost:15000, s1|localhost:15004, s2|localhost:15008]|listeners:[], old=null}
2024-10-16 23:56:50,958 [s2@group-E62D24C0526D-LeaderElection2-1] INFO  server.GrpcServerProtocolClient (GrpcServerProtocolClient.java:<init>(65)) - Build channel for s3|localhost:15012
2024-10-16 23:56:50,959 [s2@group-E62D24C0526D-LeaderElection2-2] INFO  server.GrpcServerProtocolClient (GrpcServerProtocolClient.java:<init>(65)) - Build channel for s4|localhost:15016
2024-10-16 23:56:50,960 [s2@group-E62D24C0526D-LeaderElection2-3] INFO  server.GrpcServerProtocolClient (GrpcServerProtocolClient.java:<init>(65)) - Build channel for s0|localhost:15000
2024-10-16 23:56:50,961 [s2@group-E62D24C0526D-LeaderElection2-4] INFO  server.GrpcServerProtocolClient (GrpcServerProtocolClient.java:<init>(65)) - Build channel for s1|localhost:15004
2024-10-16 23:56:51,259 [s0@group-E62D24C0526D-FollowerState] INFO  impl.FollowerState (FollowerState.java:runImpl(161)) - s0@group-E62D24C0526D-FollowerState: change to CANDIDATE, lastRpcElapsedTime:1350925292ns, electionTimeout:1350ms
2024-10-16 23:56:51,259 [s0@group-E62D24C0526D-FollowerState] INFO  impl.RoleInfo (RoleInfo.java:shutdownFollowerState(121)) - s0: shutdown s0@group-E62D24C0526D-FollowerState
2024-10-16 23:56:51,259 [s0@group-E62D24C0526D-FollowerState] INFO  server.RaftServer$Division (RaftServerImpl.java:setRole(380)) - s0@group-E62D24C0526D: changes role from  FOLLOWER to CANDIDATE at term 0 for changeToCandidate
2024-10-16 23:56:51,259 [s0@group-E62D24C0526D-FollowerState] INFO  impl.RoleInfo (RoleInfo.java:updateAndGet(148)) - s0: start s0@group-E62D24C0526D-LeaderElection3
2024-10-16 23:56:51,264 [s0@group-E62D24C0526D-LeaderElection3] INFO  impl.LeaderElection (LeaderElection.java:askForVotes(333)) - s0@group-E62D24C0526D-LeaderElection3 PRE_VOTE round 0: submit vote requests at term 0 for conf: {index: -1, cur=peers:[s3|localhost:15012, s4|localhost:15016, s0|localhost:15000, s1|localhost:15004, s2|localhost:15008]|listeners:[], old=null}
2024-10-16 23:56:51,278 [s0@group-E62D24C0526D-LeaderElection3-2] INFO  server.GrpcServerProtocolClient (GrpcServerProtocolClient.java:<init>(65)) - Build channel for s4|localhost:15016
2024-10-16 23:56:51,279 [s0@group-E62D24C0526D-LeaderElection3-1] INFO  server.GrpcServerProtocolClient (GrpcServerProtocolClient.java:<init>(65)) - Build channel for s3|localhost:15012
2024-10-16 23:56:51,287 [s0@group-E62D24C0526D-LeaderElection3-3] INFO  server.GrpcServerProtocolClient (GrpcServerProtocolClient.java:<init>(65)) - Build channel for s1|localhost:15004
2024-10-16 23:56:51,292 [s0@group-E62D24C0526D-LeaderElection3-4] INFO  server.GrpcServerProtocolClient (GrpcServerProtocolClient.java:<init>(65)) - Build channel for s2|localhost:15008
2024-10-16 23:56:51,405 [s1@group-E62D24C0526D-FollowerState] INFO  impl.FollowerState (FollowerState.java:runImpl(161)) - s1@group-E62D24C0526D-FollowerState: change to CANDIDATE, lastRpcElapsedTime:1473854617ns, electionTimeout:1468ms
2024-10-16 23:56:51,405 [s1@group-E62D24C0526D-FollowerState] INFO  impl.RoleInfo (RoleInfo.java:shutdownFollowerState(121)) - s1: shutdown s1@group-E62D24C0526D-FollowerState
2024-10-16 23:56:51,405 [s1@group-E62D24C0526D-FollowerState] INFO  server.RaftServer$Division (RaftServerImpl.java:setRole(380)) - s1@group-E62D24C0526D: changes role from  FOLLOWER to CANDIDATE at term 0 for changeToCandidate
2024-10-16 23:56:51,405 [s1@group-E62D24C0526D-FollowerState] INFO  impl.RoleInfo (RoleInfo.java:updateAndGet(148)) - s1: start s1@group-E62D24C0526D-LeaderElection4
2024-10-16 23:56:51,407 [s1@group-E62D24C0526D-LeaderElection4] INFO  impl.LeaderElection (LeaderElection.java:askForVotes(333)) - s1@group-E62D24C0526D-LeaderElection4 PRE_VOTE round 0: submit vote requests at term 0 for conf: {index: -1, cur=peers:[s3|localhost:15012, s4|localhost:15016, s0|localhost:15000, s1|localhost:15004, s2|localhost:15008]|listeners:[], old=null}
2024-10-16 23:56:51,409 [s1@group-E62D24C0526D-LeaderElection4-1] INFO  server.GrpcServerProtocolClient (GrpcServerProtocolClient.java:<init>(65)) - Build channel for s3|localhost:15012
2024-10-16 23:56:51,415 [s1@group-E62D24C0526D-LeaderElection4-2] INFO  server.GrpcServerProtocolClient (GrpcServerProtocolClient.java:<init>(65)) - Build channel for s4|localhost:15016
2024-10-16 23:56:51,423 [s1@group-E62D24C0526D-LeaderElection4-3] INFO  server.GrpcServerProtocolClient (GrpcServerProtocolClient.java:<init>(65)) - Build channel for s0|localhost:15000
2024-10-16 23:56:51,431 [grpc-default-executor-1] INFO  server.RaftServer$Division (RaftServerImpl.java:requestVote(1447)) - s2@group-E62D24C0526D: receive requestVote(PRE_VOTE, s3, group-E62D24C0526D, 0, (t:0, i:0))
2024-10-16 23:56:51,432 [grpc-default-executor-0] INFO  server.RaftServer$Division (RaftServerImpl.java:requestVote(1447)) - s1@group-E62D24C0526D: receive requestVote(PRE_VOTE, s3, group-E62D24C0526D, 0, (t:0, i:0))
2024-10-16 23:56:51,433 [grpc-default-executor-1] INFO  impl.VoteContext (VoteContext.java:log(49)) - s2@group-E62D24C0526D-CANDIDATE: accept PRE_VOTE from s3: our priority 0 <= candidate's priority 0
2024-10-16 23:56:51,434 [grpc-default-executor-4] INFO  server.RaftServer$Division (RaftServerImpl.java:requestVote(1447)) - s0@group-E62D24C0526D: receive requestVote(PRE_VOTE, s3, group-E62D24C0526D, 0, (t:0, i:0))
2024-10-16 23:56:51,434 [grpc-default-executor-4] INFO  impl.VoteContext (VoteContext.java:log(49)) - s0@group-E62D24C0526D-CANDIDATE: accept PRE_VOTE from s3: our priority 0 <= candidate's priority 0
2024-10-16 23:56:51,435 [grpc-default-executor-3] INFO  server.RaftServer$Division (RaftServerImpl.java:requestVote(1447)) - s4@group-E62D24C0526D: receive requestVote(PRE_VOTE, s2, group-E62D24C0526D, 0, (t:0, i:0))
2024-10-16 23:56:51,435 [grpc-default-executor-3] INFO  impl.VoteContext (VoteContext.java:log(49)) - s4@group-E62D24C0526D-FOLLOWER: accept PRE_VOTE from s2: our priority 0 <= candidate's priority 0
2024-10-16 23:56:51,437 [grpc-default-executor-0] INFO  impl.VoteContext (VoteContext.java:log(49)) - s1@group-E62D24C0526D-CANDIDATE: accept PRE_VOTE from s3: our priority 0 <= candidate's priority 0
2024-10-16 23:56:51,437 [grpc-default-executor-5] INFO  server.RaftServer$Division (RaftServerImpl.java:requestVote(1447)) - s3@group-E62D24C0526D: receive requestVote(PRE_VOTE, s0, group-E62D24C0526D, 0, (t:0, i:0))
2024-10-16 23:56:51,438 [grpc-default-executor-5] INFO  impl.VoteContext (VoteContext.java:log(49)) - s3@group-E62D24C0526D-CANDIDATE: accept PRE_VOTE from s0: our priority 0 <= candidate's priority 0
2024-10-16 23:56:51,438 [grpc-default-executor-6] INFO  server.RaftServer$Division (RaftServerImpl.java:requestVote(1447)) - s3@group-E62D24C0526D: receive requestVote(PRE_VOTE, s2, group-E62D24C0526D, 0, (t:0, i:0))
2024-10-16 23:56:51,438 [grpc-default-executor-2] INFO  server.RaftServer$Division (RaftServerImpl.java:requestVote(1447)) - s2@group-E62D24C0526D: receive requestVote(PRE_VOTE, s0, group-E62D24C0526D, 0, (t:0, i:0))
2024-10-16 23:56:51,439 [grpc-default-executor-7] INFO  server.RaftServer$Division (RaftServerImpl.java:requestVote(1447)) - s0@group-E62D24C0526D: receive requestVote(PRE_VOTE, s2, group-E62D24C0526D, 0, (t:0, i:0))
2024-10-16 23:56:51,441 [grpc-default-executor-5] INFO  server.RaftServer$Division (RaftServerImpl.java:requestVote(1480)) - s3@group-E62D24C0526D replies to PRE_VOTE vote request: s0<-s3#0:OK-t0. Peer's state: s3@group-E62D24C0526D:t0, leader=null, voted=, raftlog=Memoized:s3@group-E62D24C0526D-SegmentedRaftLog:OPENED:c-1:lastnull, conf=conf: {index: -1, cur=peers:[s3|localhost:15012, s4|localhost:15016, s0|localhost:15000, s1|localhost:15004, s2|localhost:15008]|listeners:[], old=null}
2024-10-16 23:56:51,443 [grpc-default-executor-6] INFO  impl.VoteContext (VoteContext.java:log(49)) - s3@group-E62D24C0526D-CANDIDATE: accept PRE_VOTE from s2: our priority 0 <= candidate's priority 0
2024-10-16 23:56:51,443 [grpc-default-executor-6] INFO  server.RaftServer$Division (RaftServerImpl.java:requestVote(1480)) - s3@group-E62D24C0526D replies to PRE_VOTE vote request: s2<-s3#0:OK-t0. Peer's state: s3@group-E62D24C0526D:t0, leader=null, voted=, raftlog=Memoized:s3@group-E62D24C0526D-SegmentedRaftLog:OPENED:c-1:lastnull, conf=conf: {index: -1, cur=peers:[s3|localhost:15012, s4|localhost:15016, s0|localhost:15000, s1|localhost:15004, s2|localhost:15008]|listeners:[], old=null}
2024-10-16 23:56:51,444 [grpc-default-executor-4] INFO  server.RaftServer$Division (RaftServerImpl.java:requestVote(1480)) - s0@group-E62D24C0526D replies to PRE_VOTE vote request: s3<-s0#0:OK-t0. Peer's state: s0@group-E62D24C0526D:t0, leader=null, voted=, raftlog=Memoized:s0@group-E62D24C0526D-SegmentedRaftLog:OPENED:c-1:lastnull, conf=conf: {index: -1, cur=peers:[s3|localhost:15012, s4|localhost:15016, s0|localhost:15000, s1|localhost:15004, s2|localhost:15008]|listeners:[], old=null}
2024-10-16 23:56:51,444 [grpc-default-executor-7] INFO  impl.VoteContext (VoteContext.java:log(49)) - s0@group-E62D24C0526D-CANDIDATE: accept PRE_VOTE from s2: our priority 0 <= candidate's priority 0
2024-10-16 23:56:51,444 [grpc-default-executor-7] INFO  server.RaftServer$Division (RaftServerImpl.java:requestVote(1480)) - s0@group-E62D24C0526D replies to PRE_VOTE vote request: s2<-s0#0:OK-t0. Peer's state: s0@group-E62D24C0526D:t0, leader=null, voted=, raftlog=Memoized:s0@group-E62D24C0526D-SegmentedRaftLog:OPENED:c-1:lastnull, conf=conf: {index: -1, cur=peers:[s3|localhost:15012, s4|localhost:15016, s0|localhost:15000, s1|localhost:15004, s2|localhost:15008]|listeners:[], old=null}
2024-10-16 23:56:51,444 [grpc-default-executor-1] INFO  server.RaftServer$Division (RaftServerImpl.java:requestVote(1480)) - s2@group-E62D24C0526D replies to PRE_VOTE vote request: s3<-s2#0:OK-t0. Peer's state: s2@group-E62D24C0526D:t0, leader=null, voted=, raftlog=Memoized:s2@group-E62D24C0526D-SegmentedRaftLog:OPENED:c-1:lastnull, conf=conf: {index: -1, cur=peers:[s3|localhost:15012, s4|localhost:15016, s0|localhost:15000, s1|localhost:15004, s2|localhost:15008]|listeners:[], old=null}
2024-10-16 23:56:51,445 [grpc-default-executor-2] INFO  impl.VoteContext (VoteContext.java:log(49)) - s2@group-E62D24C0526D-CANDIDATE: accept PRE_VOTE from s0: our priority 0 <= candidate's priority 0
2024-10-16 23:56:51,445 [grpc-default-executor-2] INFO  server.RaftServer$Division (RaftServerImpl.java:requestVote(1480)) - s2@group-E62D24C0526D replies to PRE_VOTE vote request: s0<-s2#0:OK-t0. Peer's state: s2@group-E62D24C0526D:t0, leader=null, voted=, raftlog=Memoized:s2@group-E62D24C0526D-SegmentedRaftLog:OPENED:c-1:lastnull, conf=conf: {index: -1, cur=peers:[s3|localhost:15012, s4|localhost:15016, s0|localhost:15000, s1|localhost:15004, s2|localhost:15008]|listeners:[], old=null}
2024-10-16 23:56:51,447 [grpc-default-executor-3] INFO  server.RaftServer$Division (RaftServerImpl.java:requestVote(1480)) - s4@group-E62D24C0526D replies to PRE_VOTE vote request: s2<-s4#0:OK-t0. Peer's state: s4@group-E62D24C0526D:t0, leader=null, voted=, raftlog=Memoized:s4@group-E62D24C0526D-SegmentedRaftLog:OPENED:c-1:lastnull, conf=conf: {index: -1, cur=peers:[s3|localhost:15012, s4|localhost:15016, s0|localhost:15000, s1|localhost:15004, s2|localhost:15008]|listeners:[], old=null}
2024-10-16 23:56:51,447 [grpc-default-executor-0] INFO  server.RaftServer$Division (RaftServerImpl.java:requestVote(1480)) - s1@group-E62D24C0526D replies to PRE_VOTE vote request: s3<-s1#0:OK-t0. Peer's state: s1@group-E62D24C0526D:t0, leader=null, voted=, raftlog=Memoized:s1@group-E62D24C0526D-SegmentedRaftLog:OPENED:c-1:lastnull, conf=conf: {index: -1, cur=peers:[s3|localhost:15012, s4|localhost:15016, s0|localhost:15000, s1|localhost:15004, s2|localhost:15008]|listeners:[], old=null}
2024-10-16 23:56:51,452 [s1@group-E62D24C0526D-LeaderElection4-4] INFO  server.GrpcServerProtocolClient (GrpcServerProtocolClient.java:<init>(65)) - Build channel for s2|localhost:15008
2024-10-16 23:56:51,456 [grpc-default-executor-5] INFO  server.RaftServer$Division (RaftServerImpl.java:requestVote(1447)) - s1@group-E62D24C0526D: receive requestVote(PRE_VOTE, s2, group-E62D24C0526D, 0, (t:0, i:0))
2024-10-16 23:56:51,456 [grpc-default-executor-5] INFO  impl.VoteContext (VoteContext.java:log(49)) - s1@group-E62D24C0526D-CANDIDATE: accept PRE_VOTE from s2: our priority 0 <= candidate's priority 0
2024-10-16 23:56:51,457 [grpc-default-executor-5] INFO  server.RaftServer$Division (RaftServerImpl.java:requestVote(1480)) - s1@group-E62D24C0526D replies to PRE_VOTE vote request: s2<-s1#0:OK-t0. Peer's state: s1@group-E62D24C0526D:t0, leader=null, voted=, raftlog=Memoized:s1@group-E62D24C0526D-SegmentedRaftLog:OPENED:c-1:lastnull, conf=conf: {index: -1, cur=peers:[s3|localhost:15012, s4|localhost:15016, s0|localhost:15000, s1|localhost:15004, s2|localhost:15008]|listeners:[], old=null}
2024-10-16 23:56:51,460 [grpc-default-executor-4] INFO  server.RaftServer$Division (RaftServerImpl.java:requestVote(1447)) - s1@group-E62D24C0526D: receive requestVote(PRE_VOTE, s0, group-E62D24C0526D, 0, (t:0, i:0))
2024-10-16 23:56:51,460 [grpc-default-executor-4] INFO  impl.VoteContext (VoteContext.java:log(49)) - s1@group-E62D24C0526D-CANDIDATE: accept PRE_VOTE from s0: our priority 0 <= candidate's priority 0
2024-10-16 23:56:51,460 [grpc-default-executor-4] INFO  server.RaftServer$Division (RaftServerImpl.java:requestVote(1480)) - s1@group-E62D24C0526D replies to PRE_VOTE vote request: s0<-s1#0:OK-t0. Peer's state: s1@group-E62D24C0526D:t0, leader=null, voted=, raftlog=Memoized:s1@group-E62D24C0526D-SegmentedRaftLog:OPENED:c-1:lastnull, conf=conf: {index: -1, cur=peers:[s3|localhost:15012, s4|localhost:15016, s0|localhost:15000, s1|localhost:15004, s2|localhost:15008]|listeners:[], old=null}
2024-10-16 23:56:51,461 [grpc-default-executor-9] INFO  server.RaftServer$Division (RaftServerImpl.java:requestVote(1447)) - s4@group-E62D24C0526D: receive requestVote(PRE_VOTE, s0, group-E62D24C0526D, 0, (t:0, i:0))
2024-10-16 23:56:51,462 [grpc-default-executor-9] INFO  impl.VoteContext (VoteContext.java:log(49)) - s4@group-E62D24C0526D-FOLLOWER: accept PRE_VOTE from s0: our priority 0 <= candidate's priority 0
2024-10-16 23:56:51,462 [grpc-default-executor-9] INFO  server.RaftServer$Division (RaftServerImpl.java:requestVote(1480)) - s4@group-E62D24C0526D replies to PRE_VOTE vote request: s0<-s4#0:OK-t0. Peer's state: s4@group-E62D24C0526D:t0, leader=null, voted=, raftlog=Memoized:s4@group-E62D24C0526D-SegmentedRaftLog:OPENED:c-1:lastnull, conf=conf: {index: -1, cur=peers:[s3|localhost:15012, s4|localhost:15016, s0|localhost:15000, s1|localhost:15004, s2|localhost:15008]|listeners:[], old=null}
2024-10-16 23:56:51,466 [s3@group-E62D24C0526D-LeaderElection1] INFO  impl.LeaderElection (LeaderElection.java:logAndReturn(90)) - s3@group-E62D24C0526D-LeaderElection1: PRE_VOTE PASSED received 2 response(s) and 0 exception(s):
2024-10-16 23:56:51,466 [s3@group-E62D24C0526D-LeaderElection1] INFO  impl.LeaderElection (LeaderElection.java:logAndReturn(94)) -   Response 0: s3<-s1#0:OK-t0
2024-10-16 23:56:51,466 [s3@group-E62D24C0526D-LeaderElection1] INFO  impl.LeaderElection (LeaderElection.java:logAndReturn(94)) -   Response 1: s3<-s2#0:OK-t0
2024-10-16 23:56:51,466 [s3@group-E62D24C0526D-LeaderElection1] INFO  impl.LeaderElection (LeaderElection.java:askForVotes(335)) - s3@group-E62D24C0526D-LeaderElection1 PRE_VOTE round 0: result PASSED
2024-10-16 23:56:51,467 [s3@group-E62D24C0526D-LeaderElection1] TRACE util.FileUtils (LogUtils.java:supplyAndLog(69)) - Successfully supplied FileChannel.open /home/runner/work/ratis/ratis/ratis-test/target/test/data/936b46ef/MiniRaftClusterWithGrpcbcdfdcde/s3/a0367f82-7afd-47f0-bc22-e62d24c0526d/current/raft-meta.tmp with options [CREATE, WRITE]: sun.nio.ch.FileChannelImpl@21cbf497
2024-10-16 23:56:51,467 [grpc-default-executor-8] INFO  server.RaftServer$Division (RaftServerImpl.java:requestVote(1447)) - s4@group-E62D24C0526D: receive requestVote(PRE_VOTE, s3, group-E62D24C0526D, 0, (t:0, i:0))
2024-10-16 23:56:51,468 [grpc-default-executor-8] INFO  impl.VoteContext (VoteContext.java:log(49)) - s4@group-E62D24C0526D-FOLLOWER: accept PRE_VOTE from s3: our priority 0 <= candidate's priority 0
2024-10-16 23:56:51,470 [s2@group-E62D24C0526D-LeaderElection2] INFO  impl.LeaderElection (LeaderElection.java:logAndReturn(90)) - s2@group-E62D24C0526D-LeaderElection2: PRE_VOTE PASSED received 2 response(s) and 0 exception(s):
2024-10-16 23:56:51,471 [s2@group-E62D24C0526D-LeaderElection2] INFO  impl.LeaderElection (LeaderElection.java:logAndReturn(94)) -   Response 0: s2<-s3#0:OK-t0
2024-10-16 23:56:51,471 [s2@group-E62D24C0526D-LeaderElection2] INFO  impl.LeaderElection (LeaderElection.java:logAndReturn(94)) -   Response 1: s2<-s1#0:OK-t0
2024-10-16 23:56:51,471 [s2@group-E62D24C0526D-LeaderElection2] INFO  impl.LeaderElection (LeaderElection.java:askForVotes(335)) - s2@group-E62D24C0526D-LeaderElection2 PRE_VOTE round 0: result PASSED
2024-10-16 23:56:51,471 [s2@group-E62D24C0526D-LeaderElection2] TRACE util.FileUtils (LogUtils.java:supplyAndLog(69)) - Successfully supplied FileChannel.open /home/runner/work/ratis/ratis/ratis-test/target/test/data/936b46ef/MiniRaftClusterWithGrpcbcdfdcde/s2/a0367f82-7afd-47f0-bc22-e62d24c0526d/current/raft-meta.tmp with options [CREATE, WRITE]: sun.nio.ch.FileChannelImpl@6882cb1c
2024-10-16 23:56:51,470 [s3@group-E62D24C0526D-LeaderElection1] TRACE util.FileUtils (LogUtils.java:runAndLog(49)) - Successfully ran Atomic Files.move /home/runner/work/ratis/ratis/ratis-test/target/test/data/936b46ef/MiniRaftClusterWithGrpcbcdfdcde/s3/a0367f82-7afd-47f0-bc22-e62d24c0526d/current/raft-meta.tmp to /home/runner/work/ratis/ratis/ratis-test/target/test/data/936b46ef/MiniRaftClusterWithGrpcbcdfdcde/s3/a0367f82-7afd-47f0-bc22-e62d24c0526d/current/raft-meta with options [REPLACE_EXISTING]
2024-10-16 23:56:51,472 [s3@group-E62D24C0526D-LeaderElection1] INFO  impl.LeaderElection (LeaderElection.java:askForVotes(333)) - s3@group-E62D24C0526D-LeaderElection1 ELECTION round 0: submit vote requests at term 1 for conf: {index: -1, cur=peers:[s3|localhost:15012, s4|localhost:15016, s0|localhost:15000, s1|localhost:15004, s2|localhost:15008]|listeners:[], old=null}
2024-10-16 23:56:51,469 [s0@group-E62D24C0526D-LeaderElection3] INFO  impl.LeaderElection (LeaderElection.java:logAndReturn(90)) - s0@group-E62D24C0526D-LeaderElection3: PRE_VOTE PASSED received 2 response(s) and 0 exception(s):
2024-10-16 23:56:51,471 [grpc-default-executor-8] INFO  server.RaftServer$Division (RaftServerImpl.java:requestVote(1480)) - s4@group-E62D24C0526D replies to PRE_VOTE vote request: s3<-s4#0:OK-t0. Peer's state: s4@group-E62D24C0526D:t0, leader=null, voted=, raftlog=Memoized:s4@group-E62D24C0526D-SegmentedRaftLog:OPENED:c-1:lastnull, conf=conf: {index: -1, cur=peers:[s3|localhost:15012, s4|localhost:15016, s0|localhost:15000, s1|localhost:15004, s2|localhost:15008]|listeners:[], old=null}
2024-10-16 23:56:51,473 [s2@group-E62D24C0526D-LeaderElection2] TRACE util.FileUtils (LogUtils.java:runAndLog(49)) - Successfully ran Atomic Files.move /home/runner/work/ratis/ratis/ratis-test/target/test/data/936b46ef/MiniRaftClusterWithGrpcbcdfdcde/s2/a0367f82-7afd-47f0-bc22-e62d24c0526d/current/raft-meta.tmp to /home/runner/work/ratis/ratis/ratis-test/target/test/data/936b46ef/MiniRaftClusterWithGrpcbcdfdcde/s2/a0367f82-7afd-47f0-bc22-e62d24c0526d/current/raft-meta with options [REPLACE_EXISTING]
2024-10-16 23:56:51,473 [s2@group-E62D24C0526D-LeaderElection2] INFO  impl.LeaderElection (LeaderElection.java:askForVotes(333)) - s2@group-E62D24C0526D-LeaderElection2 ELECTION round 0: submit vote requests at term 1 for conf: {index: -1, cur=peers:[s3|localhost:15012, s4|localhost:15016, s0|localhost:15000, s1|localhost:15004, s2|localhost:15008]|listeners:[], old=null}
2024-10-16 23:56:51,472 [s0@group-E62D24C0526D-LeaderElection3] INFO  impl.LeaderElection (LeaderElection.java:logAndReturn(94)) -   Response 0: s0<-s3#0:OK-t0
2024-10-16 23:56:51,473 [s0@group-E62D24C0526D-LeaderElection3] INFO  impl.LeaderElection (LeaderElection.java:logAndReturn(94)) -   Response 1: s0<-s2#0:OK-t0
2024-10-16 23:56:51,477 [grpc-default-executor-5] INFO  server.RaftServer$Division (RaftServerImpl.java:requestVote(1447)) - s4@group-E62D24C0526D: receive requestVote(PRE_VOTE, s1, group-E62D24C0526D, 0, (t:0, i:0))
2024-10-16 23:56:51,477 [grpc-default-executor-5] INFO  impl.VoteContext (VoteContext.java:log(49)) - s4@group-E62D24C0526D-FOLLOWER: accept PRE_VOTE from s1: our priority 0 <= candidate's priority 0
2024-10-16 23:56:51,477 [grpc-default-executor-5] INFO  server.RaftServer$Division (RaftServerImpl.java:requestVote(1480)) - s4@group-E62D24C0526D replies to PRE_VOTE vote request: s1<-s4#0:OK-t0. Peer's state: s4@group-E62D24C0526D:t0, leader=null, voted=, raftlog=Memoized:s4@group-E62D24C0526D-SegmentedRaftLog:OPENED:c-1:lastnull, conf=conf: {index: -1, cur=peers:[s3|localhost:15012, s4|localhost:15016, s0|localhost:15000, s1|localhost:15004, s2|localhost:15008]|listeners:[], old=null}
2024-10-16 23:56:51,481 [grpc-default-executor-9] INFO  server.RaftServer$Division (RaftServerImpl.java:requestVote(1447)) - s0@group-E62D24C0526D: receive requestVote(PRE_VOTE, s1, group-E62D24C0526D, 0, (t:0, i:0))
2024-10-16 23:56:51,481 [grpc-default-executor-8] INFO  server.RaftServer$Division (RaftServerImpl.java:requestVote(1447)) - s3@group-E62D24C0526D: receive requestVote(PRE_VOTE, s1, group-E62D24C0526D, 0, (t:0, i:0))
2024-10-16 23:56:51,481 [grpc-default-executor-8] INFO  impl.VoteContext (VoteContext.java:log(49)) - s3@group-E62D24C0526D-CANDIDATE: accept PRE_VOTE from s1: our priority 0 <= candidate's priority 0
2024-10-16 23:56:51,481 [grpc-default-executor-8] INFO  server.RaftServer$Division (RaftServerImpl.java:requestVote(1480)) - s3@group-E62D24C0526D replies to PRE_VOTE vote request: s1<-s3#0:OK-t1. Peer's state: s3@group-E62D24C0526D:t1, leader=null, voted=s3, raftlog=Memoized:s3@group-E62D24C0526D-SegmentedRaftLog:OPENED:c-1:lastnull, conf=conf: {index: -1, cur=peers:[s3|localhost:15012, s4|localhost:15016, s0|localhost:15000, s1|localhost:15004, s2|localhost:15008]|listeners:[], old=null}
2024-10-16 23:56:51,482 [grpc-default-executor-9] INFO  impl.VoteContext (VoteContext.java:log(49)) - s0@group-E62D24C0526D-CANDIDATE: accept PRE_VOTE from s1: our priority 0 <= candidate's priority 0
2024-10-16 23:56:51,482 [grpc-default-executor-9] INFO  server.RaftServer$Division (RaftServerImpl.java:requestVote(1480)) - s0@group-E62D24C0526D replies to PRE_VOTE vote request: s1<-s0#0:OK-t0. Peer's state: s0@group-E62D24C0526D:t0, leader=null, voted=, raftlog=Memoized:s0@group-E62D24C0526D-SegmentedRaftLog:OPENED:c-1:lastnull, conf=conf: {index: -1, cur=peers:[s3|localhost:15012, s4|localhost:15016, s0|localhost:15000, s1|localhost:15004, s2|localhost:15008]|listeners:[], old=null}
2024-10-16 23:56:51,485 [grpc-default-executor-5] INFO  server.RaftServer$Division (RaftServerImpl.java:requestVote(1447)) - s3@group-E62D24C0526D: receive requestVote(ELECTION, s2, group-E62D24C0526D, 1, (t:0, i:0))
2024-10-16 23:56:51,485 [grpc-default-executor-5] INFO  impl.VoteContext (VoteContext.java:log(49)) - s3@group-E62D24C0526D-CANDIDATE: reject ELECTION from s2: already has voted for s3 at current term 1
2024-10-16 23:56:51,485 [grpc-default-executor-5] INFO  server.RaftServer$Division (RaftServerImpl.java:requestVote(1480)) - s3@group-E62D24C0526D replies to ELECTION vote request: s2<-s3#0:FAIL-t1. Peer's state: s3@group-E62D24C0526D:t1, leader=null, voted=s3, raftlog=Memoized:s3@group-E62D24C0526D-SegmentedRaftLog:OPENED:c-1:lastnull, conf=conf: {index: -1, cur=peers:[s3|localhost:15012, s4|localhost:15016, s0|localhost:15000, s1|localhost:15004, s2|localhost:15008]|listeners:[], old=null}
2024-10-16 23:56:51,488 [grpc-default-executor-9] INFO  server.RaftServer$Division (RaftServerImpl.java:requestVote(1447)) - s4@group-E62D24C0526D: receive requestVote(ELECTION, s2, group-E62D24C0526D, 1, (t:0, i:0))
2024-10-16 23:56:51,488 [grpc-default-executor-9] INFO  impl.VoteContext (VoteContext.java:log(49)) - s4@group-E62D24C0526D-FOLLOWER: accept ELECTION from s2: our priority 0 <= candidate's priority 0
2024-10-16 23:56:51,489 [grpc-default-executor-9] INFO  server.RaftServer$Division (RaftServerImpl.java:setRole(380)) - s4@group-E62D24C0526D: changes role from  FOLLOWER to FOLLOWER at term 0 for candidate:s2
2024-10-16 23:56:51,489 [grpc-default-executor-9] INFO  impl.RoleInfo (RoleInfo.java:shutdownFollowerState(121)) - s4: shutdown s4@group-E62D24C0526D-FollowerState
2024-10-16 23:56:51,489 [s0@group-E62D24C0526D-LeaderElection3] INFO  impl.LeaderElection (LeaderElection.java:askForVotes(335)) - s0@group-E62D24C0526D-LeaderElection3 PRE_VOTE round 0: result PASSED
2024-10-16 23:56:51,489 [s0@group-E62D24C0526D-LeaderElection3] TRACE util.FileUtils (LogUtils.java:supplyAndLog(69)) - Successfully supplied FileChannel.open /home/runner/work/ratis/ratis/ratis-test/target/test/data/936b46ef/MiniRaftClusterWithGrpcbcdfdcde/s0/a0367f82-7afd-47f0-bc22-e62d24c0526d/current/raft-meta.tmp with options [CREATE, WRITE]: sun.nio.ch.FileChannelImpl@7e6a56fc
2024-10-16 23:56:51,492 [grpc-default-executor-8] INFO  server.RaftServer$Division (RaftServerImpl.java:requestVote(1447)) - s0@group-E62D24C0526D: receive requestVote(ELECTION, s2, group-E62D24C0526D, 1, (t:0, i:0))
2024-10-16 23:56:51,492 [s0@group-E62D24C0526D-LeaderElection3] TRACE util.FileUtils (LogUtils.java:runAndLog(49)) - Successfully ran Atomic Files.move /home/runner/work/ratis/ratis/ratis-test/target/test/data/936b46ef/MiniRaftClusterWithGrpcbcdfdcde/s0/a0367f82-7afd-47f0-bc22-e62d24c0526d/current/raft-meta.tmp to /home/runner/work/ratis/ratis/ratis-test/target/test/data/936b46ef/MiniRaftClusterWithGrpcbcdfdcde/s0/a0367f82-7afd-47f0-bc22-e62d24c0526d/current/raft-meta with options [REPLACE_EXISTING]
2024-10-16 23:56:51,492 [s0@group-E62D24C0526D-LeaderElection3] INFO  impl.LeaderElection (LeaderElection.java:askForVotes(333)) - s0@group-E62D24C0526D-LeaderElection3 ELECTION round 0: submit vote requests at term 1 for conf: {index: -1, cur=peers:[s3|localhost:15012, s4|localhost:15016, s0|localhost:15000, s1|localhost:15004, s2|localhost:15008]|listeners:[], old=null}
2024-10-16 23:56:51,492 [grpc-default-executor-8] INFO  impl.VoteContext (VoteContext.java:log(49)) - s0@group-E62D24C0526D-CANDIDATE: reject ELECTION from s2: already has voted for s0 at current term 1
2024-10-16 23:56:51,492 [grpc-default-executor-8] INFO  server.RaftServer$Division (RaftServerImpl.java:requestVote(1480)) - s0@group-E62D24C0526D replies to ELECTION vote request: s2<-s0#0:FAIL-t1. Peer's state: s0@group-E62D24C0526D:t1, leader=null, voted=s0, raftlog=Memoized:s0@group-E62D24C0526D-SegmentedRaftLog:OPENED:c-1:lastnull, conf=conf: {index: -1, cur=peers:[s3|localhost:15012, s4|localhost:15016, s0|localhost:15000, s1|localhost:15004, s2|localhost:15008]|listeners:[], old=null}
2024-10-16 23:56:51,500 [grpc-default-executor-8] INFO  server.RaftServer$Division (RaftServerImpl.java:requestVote(1447)) - s1@group-E62D24C0526D: receive requestVote(ELECTION, s2, group-E62D24C0526D, 1, (t:0, i:0))
2024-10-16 23:56:51,500 [grpc-default-executor-8] INFO  impl.VoteContext (VoteContext.java:log(49)) - s1@group-E62D24C0526D-CANDIDATE: accept ELECTION from s2: our priority 0 <= candidate's priority 0
2024-10-16 23:56:51,500 [grpc-default-executor-8] INFO  server.RaftServer$Division (RaftServerImpl.java:setRole(380)) - s1@group-E62D24C0526D: changes role from CANDIDATE to FOLLOWER at term 0 for candidate:s2
2024-10-16 23:56:51,500 [grpc-default-executor-8] INFO  impl.RoleInfo (RoleInfo.java:shutdownLeaderElection(141)) - s1: shutdown s1@group-E62D24C0526D-LeaderElection4
2024-10-16 23:56:51,503 [s4@group-E62D24C0526D-FollowerState] INFO  impl.FollowerState (FollowerState.java:runImpl(170)) - s4@group-E62D24C0526D-FollowerState was interrupted
2024-10-16 23:56:51,503 [s1@group-E62D24C0526D-LeaderElection4] INFO  impl.LeaderElection (LeaderElection.java:logAndReturn(90)) - s1@group-E62D24C0526D-LeaderElection4: PRE_VOTE REJECTED received 1 response(s) and 0 exception(s):
2024-10-16 23:56:51,504 [s1@group-E62D24C0526D-LeaderElection4] INFO  impl.LeaderElection (LeaderElection.java:logAndReturn(94)) -   Response 0: s1<-s4#0:OK-t0
2024-10-16 23:56:51,504 [s1@group-E62D24C0526D-LeaderElection4] INFO  impl.LeaderElection (LeaderElection.java:askForVotes(335)) - s1@group-E62D24C0526D-LeaderElection4 PRE_VOTE round 0: result REJECTED
2024-10-16 23:56:51,504 [grpc-default-executor-9] INFO  impl.RoleInfo (RoleInfo.java:updateAndGet(148)) - s4: start s4@group-E62D24C0526D-FollowerState
2024-10-16 23:56:51,505 [grpc-default-executor-9] INFO  server.RaftServer$Division (RaftServerImpl.java:setFirstElection(564)) - s4@group-E62D24C0526D: set firstElectionSinceStartup to false for candidate:s2
2024-10-16 23:56:51,506 [grpc-default-executor-9] TRACE util.FileUtils (LogUtils.java:supplyAndLog(69)) - Successfully supplied FileChannel.open /home/runner/work/ratis/ratis/ratis-test/target/test/data/936b46ef/MiniRaftClusterWithGrpcbcdfdcde/s4/a0367f82-7afd-47f0-bc22-e62d24c0526d/current/raft-meta.tmp with options [CREATE, WRITE]: sun.nio.ch.FileChannelImpl@16e52ae5
2024-10-16 23:56:51,506 [grpc-default-executor-5] INFO  server.RaftServer$Division (RaftServerImpl.java:requestVote(1447)) - s1@group-E62D24C0526D: receive requestVote(ELECTION, s3, group-E62D24C0526D, 1, (t:0, i:0))
2024-10-16 23:56:51,506 [grpc-default-executor-8] INFO  impl.RoleInfo (RoleInfo.java:updateAndGet(148)) - s1: start s1@group-E62D24C0526D-FollowerState
2024-10-16 23:56:51,506 [grpc-default-executor-4] INFO  server.RaftServer$Division (RaftServerImpl.java:requestVote(1447)) - s0@group-E62D24C0526D: receive requestVote(ELECTION, s3, group-E62D24C0526D, 1, (t:0, i:0))
2024-10-16 23:56:51,508 [grpc-default-executor-4] INFO  impl.VoteContext (VoteContext.java:log(49)) - s0@group-E62D24C0526D-CANDIDATE: reject ELECTION from s3: already has voted for s0 at current term 1
2024-10-16 23:56:51,508 [grpc-default-executor-4] INFO  server.RaftServer$Division (RaftServerImpl.java:requestVote(1480)) - s0@group-E62D24C0526D replies to ELECTION vote request: s3<-s0#0:FAIL-t1. Peer's state: s0@group-E62D24C0526D:t1, leader=null, voted=s0, raftlog=Memoized:s0@group-E62D24C0526D-SegmentedRaftLog:OPENED:c-1:lastnull, conf=conf: {index: -1, cur=peers:[s3|localhost:15012, s4|localhost:15016, s0|localhost:15000, s1|localhost:15004, s2|localhost:15008]|listeners:[], old=null}
2024-10-16 23:56:51,508 [grpc-default-executor-3] INFO  server.RaftServer$Division (RaftServerImpl.java:requestVote(1447)) - s2@group-E62D24C0526D: receive requestVote(ELECTION, s3, group-E62D24C0526D, 1, (t:0, i:0))
2024-10-16 23:56:51,508 [grpc-default-executor-3] INFO  impl.VoteContext (VoteContext.java:log(49)) - s2@group-E62D24C0526D-CANDIDATE: reject ELECTION from s3: already has voted for s2 at current term 1
2024-10-16 23:56:51,508 [grpc-default-executor-3] INFO  server.RaftServer$Division (RaftServerImpl.java:requestVote(1480)) - s2@group-E62D24C0526D replies to ELECTION vote request: s3<-s2#0:FAIL-t1. Peer's state: s2@group-E62D24C0526D:t1, leader=null, voted=s2, raftlog=Memoized:s2@group-E62D24C0526D-SegmentedRaftLog:OPENED:c-1:lastnull, conf=conf: {index: -1, cur=peers:[s3|localhost:15012, s4|localhost:15016, s0|localhost:15000, s1|localhost:15004, s2|localhost:15008]|listeners:[], old=null}
2024-10-16 23:56:51,510 [grpc-default-executor-9] TRACE util.FileUtils (LogUtils.java:runAndLog(49)) - Successfully ran Atomic Files.move /home/runner/work/ratis/ratis/ratis-test/target/test/data/936b46ef/MiniRaftClusterWithGrpcbcdfdcde/s4/a0367f82-7afd-47f0-bc22-e62d24c0526d/current/raft-meta.tmp to /home/runner/work/ratis/ratis/ratis-test/target/test/data/936b46ef/MiniRaftClusterWithGrpcbcdfdcde/s4/a0367f82-7afd-47f0-bc22-e62d24c0526d/current/raft-meta with options [REPLACE_EXISTING]
2024-10-16 23:56:51,510 [grpc-default-executor-9] INFO  server.RaftServer$Division (RaftServerImpl.java:requestVote(1480)) - s4@group-E62D24C0526D replies to ELECTION vote request: s2<-s4#0:OK-t1. Peer's state: s4@group-E62D24C0526D:t1, leader=null, voted=s2, raftlog=Memoized:s4@group-E62D24C0526D-SegmentedRaftLog:OPENED:c-1:lastnull, conf=conf: {index: -1, cur=peers:[s3|localhost:15012, s4|localhost:15016, s0|localhost:15000, s1|localhost:15004, s2|localhost:15008]|listeners:[], old=null}
2024-10-16 23:56:51,514 [grpc-default-executor-3] INFO  server.RaftServer$Division (RaftServerImpl.java:requestVote(1447)) - s4@group-E62D24C0526D: receive requestVote(ELECTION, s3, group-E62D24C0526D, 1, (t:0, i:0))
2024-10-16 23:56:51,514 [grpc-default-executor-3] INFO  impl.VoteContext (VoteContext.java:log(49)) - s4@group-E62D24C0526D-FOLLOWER: reject ELECTION from s3: already has voted for s2 at current term 1
2024-10-16 23:56:51,514 [grpc-default-executor-3] INFO  server.RaftServer$Division (RaftServerImpl.java:requestVote(1480)) - s4@group-E62D24C0526D replies to ELECTION vote request: s3<-s4#0:FAIL-t1. Peer's state: s4@group-E62D24C0526D:t1, leader=null, voted=s2, raftlog=Memoized:s4@group-E62D24C0526D-SegmentedRaftLog:OPENED:c-1:lastnull, conf=conf: {index: -1, cur=peers:[s3|localhost:15012, s4|localhost:15016, s0|localhost:15000, s1|localhost:15004, s2|localhost:15008]|listeners:[], old=null}
2024-10-16 23:56:51,519 [grpc-default-executor-8] INFO  server.RaftServer$Division (RaftServerImpl.java:setFirstElection(564)) - s1@group-E62D24C0526D: set firstElectionSinceStartup to false for candidate:s2
2024-10-16 23:56:51,520 [grpc-default-executor-8] TRACE util.FileUtils (LogUtils.java:supplyAndLog(69)) - Successfully supplied FileChannel.open /home/runner/work/ratis/ratis/ratis-test/target/test/data/936b46ef/MiniRaftClusterWithGrpcbcdfdcde/s1/a0367f82-7afd-47f0-bc22-e62d24c0526d/current/raft-meta.tmp with options [CREATE, WRITE]: sun.nio.ch.FileChannelImpl@3673685e
2024-10-16 23:56:51,521 [grpc-default-executor-8] TRACE util.FileUtils (LogUtils.java:runAndLog(49)) - Successfully ran Atomic Files.move /home/runner/work/ratis/ratis/ratis-test/target/test/data/936b46ef/MiniRaftClusterWithGrpcbcdfdcde/s1/a0367f82-7afd-47f0-bc22-e62d24c0526d/current/raft-meta.tmp to /home/runner/work/ratis/ratis/ratis-test/target/test/data/936b46ef/MiniRaftClusterWithGrpcbcdfdcde/s1/a0367f82-7afd-47f0-bc22-e62d24c0526d/current/raft-meta with options [REPLACE_EXISTING]
2024-10-16 23:56:51,521 [grpc-default-executor-8] INFO  server.RaftServer$Division (RaftServerImpl.java:requestVote(1480)) - s1@group-E62D24C0526D replies to ELECTION vote request: s2<-s1#0:OK-t1. Peer's state: s1@group-E62D24C0526D:t1, leader=null, voted=s2, raftlog=Memoized:s1@group-E62D24C0526D-SegmentedRaftLog:OPENED:c-1:lastnull, conf=conf: {index: -1, cur=peers:[s3|localhost:15012, s4|localhost:15016, s0|localhost:15000, s1|localhost:15004, s2|localhost:15008]|listeners:[], old=null}
2024-10-16 23:56:51,523 [grpc-default-executor-5] INFO  impl.VoteContext (VoteContext.java:log(49)) - s1@group-E62D24C0526D-FOLLOWER: reject ELECTION from s3: already has voted for s2 at current term 1
2024-10-16 23:56:51,523 [grpc-default-executor-5] INFO  server.RaftServer$Division (RaftServerImpl.java:requestVote(1480)) - s1@group-E62D24C0526D replies to ELECTION vote request: s3<-s1#0:FAIL-t1. Peer's state: s1@group-E62D24C0526D:t1, leader=null, voted=s2, raftlog=Memoized:s1@group-E62D24C0526D-SegmentedRaftLog:OPENED:c-1:lastnull, conf=conf: {index: -1, cur=peers:[s3|localhost:15012, s4|localhost:15016, s0|localhost:15000, s1|localhost:15004, s2|localhost:15008]|listeners:[], old=null}
2024-10-16 23:56:51,523 [s3@group-E62D24C0526D-LeaderElection1] INFO  impl.LeaderElection (LeaderElection.java:logAndReturn(90)) - s3@group-E62D24C0526D-LeaderElection1: ELECTION REJECTED received 3 response(s) and 0 exception(s):
2024-10-16 23:56:51,523 [s3@group-E62D24C0526D-LeaderElection1] INFO  impl.LeaderElection (LeaderElection.java:logAndReturn(94)) -   Response 0: s3<-s4#0:FAIL-t1
2024-10-16 23:56:51,524 [s3@group-E62D24C0526D-LeaderElection1] INFO  impl.LeaderElection (LeaderElection.java:logAndReturn(94)) -   Response 1: s3<-s0#0:FAIL-t1
2024-10-16 23:56:51,524 [s3@group-E62D24C0526D-LeaderElection1] INFO  impl.LeaderElection (LeaderElection.java:logAndReturn(94)) -   Response 2: s3<-s2#0:FAIL-t1
2024-10-16 23:56:51,524 [s3@group-E62D24C0526D-LeaderElection1] INFO  impl.LeaderElection (LeaderElection.java:askForVotes(335)) - s3@group-E62D24C0526D-LeaderElection1 ELECTION round 0: result REJECTED
2024-10-16 23:56:51,524 [s3@group-E62D24C0526D-LeaderElection1] INFO  server.RaftServer$Division (RaftServerImpl.java:setRole(380)) - s3@group-E62D24C0526D: changes role from CANDIDATE to FOLLOWER at term 1 for REJECTED
2024-10-16 23:56:51,524 [s3@group-E62D24C0526D-LeaderElection1] INFO  impl.RoleInfo (RoleInfo.java:shutdownLeaderElection(141)) - s3: shutdown s3@group-E62D24C0526D-LeaderElection1
2024-10-16 23:56:51,524 [s3@group-E62D24C0526D-LeaderElection1] INFO  impl.RoleInfo (RoleInfo.java:updateAndGet(148)) - s3: start s3@group-E62D24C0526D-FollowerState
2024-10-16 23:56:51,525 [grpc-default-executor-5] INFO  server.RaftServer$Division (RaftServerImpl.java:requestVote(1447)) - s1@group-E62D24C0526D: receive requestVote(ELECTION, s0, group-E62D24C0526D, 1, (t:0, i:0))
2024-10-16 23:56:51,525 [grpc-default-executor-5] INFO  impl.VoteContext (VoteContext.java:log(49)) - s1@group-E62D24C0526D-FOLLOWER: reject ELECTION from s0: already has voted for s2 at current term 1
2024-10-16 23:56:51,525 [s2@group-E62D24C0526D-LeaderElection2] INFO  impl.LeaderElection (LeaderElection.java:logAndReturn(90)) - s2@group-E62D24C0526D-LeaderElection2: ELECTION PASSED received 4 response(s) and 0 exception(s):
2024-10-16 23:56:51,525 [s2@group-E62D24C0526D-LeaderElection2] INFO  impl.LeaderElection (LeaderElection.java:logAndReturn(94)) -   Response 0: s2<-s3#0:FAIL-t1
2024-10-16 23:56:51,525 [s2@group-E62D24C0526D-LeaderElection2] INFO  impl.LeaderElection (LeaderElection.java:logAndReturn(94)) -   Response 1: s2<-s4#0:OK-t1
2024-10-16 23:56:51,525 [s2@group-E62D24C0526D-LeaderElection2] INFO  impl.LeaderElection (LeaderElection.java:logAndReturn(94)) -   Response 2: s2<-s0#0:FAIL-t1
2024-10-16 23:56:51,525 [s2@group-E62D24C0526D-LeaderElection2] INFO  impl.LeaderElection (LeaderElection.java:logAndReturn(94)) -   Response 3: s2<-s1#0:OK-t1
2024-10-16 23:56:51,526 [s3@group-E62D24C0526D-LeaderElection1] INFO  server.RaftServer$Division (RaftServerImpl.java:setFirstElection(564)) - s3@group-E62D24C0526D: set firstElectionSinceStartup to false for REJECTED
2024-10-16 23:56:51,526 [s2@group-E62D24C0526D-LeaderElection2] INFO  impl.LeaderElection (LeaderElection.java:askForVotes(335)) - s2@group-E62D24C0526D-LeaderElection2 ELECTION round 0: result PASSED
2024-10-16 23:56:51,526 [s2@group-E62D24C0526D-LeaderElection2] INFO  impl.RoleInfo (RoleInfo.java:shutdownLeaderElection(141)) - s2: shutdown s2@group-E62D24C0526D-LeaderElection2
2024-10-16 23:56:51,526 [s2@group-E62D24C0526D-LeaderElection2] INFO  server.RaftServer$Division (RaftServerImpl.java:setRole(380)) - s2@group-E62D24C0526D: changes role from CANDIDATE to LEADER at term 1 for changeToLeader
2024-10-16 23:56:51,525 [grpc-default-executor-5] INFO  server.RaftServer$Division (RaftServerImpl.java:requestVote(1480)) - s1@group-E62D24C0526D replies to ELECTION vote request: s0<-s1#0:FAIL-t1. Peer's state: s1@group-E62D24C0526D:t1, leader=null, voted=s2, raftlog=Memoized:s1@group-E62D24C0526D-SegmentedRaftLog:OPENED:c-1:lastnull, conf=conf: {index: -1, cur=peers:[s3|localhost:15012, s4|localhost:15016, s0|localhost:15000, s1|localhost:15004, s2|localhost:15008]|listeners:[], old=null}
2024-10-16 23:56:51,529 [grpc-default-executor-5] INFO  server.RaftServer$Division (RaftServerImpl.java:requestVote(1447)) - s3@group-E62D24C0526D: receive requestVote(ELECTION, s0, group-E62D24C0526D, 1, (t:0, i:0))
2024-10-16 23:56:51,529 [grpc-default-executor-5] INFO  impl.VoteContext (VoteContext.java:log(49)) - s3@group-E62D24C0526D-FOLLOWER: reject ELECTION from s0: already has voted for s3 at current term 1
2024-10-16 23:56:51,530 [grpc-default-executor-5] INFO  server.RaftServer$Division (RaftServerImpl.java:requestVote(1480)) - s3@group-E62D24C0526D replies to ELECTION vote request: s0<-s3#0:FAIL-t1. Peer's state: s3@group-E62D24C0526D:t1, leader=null, voted=s3, raftlog=Memoized:s3@group-E62D24C0526D-SegmentedRaftLog:OPENED:c-1:lastnull, conf=conf: {index: -1, cur=peers:[s3|localhost:15012, s4|localhost:15016, s0|localhost:15000, s1|localhost:15004, s2|localhost:15008]|listeners:[], old=null}
2024-10-16 23:56:51,541 [grpc-default-executor-5] INFO  server.RaftServer$Division (RaftServerImpl.java:requestVote(1447)) - s4@group-E62D24C0526D: receive requestVote(ELECTION, s0, group-E62D24C0526D, 1, (t:0, i:0))
2024-10-16 23:56:51,541 [grpc-default-executor-5] INFO  impl.VoteContext (VoteContext.java:log(49)) - s4@group-E62D24C0526D-FOLLOWER: reject ELECTION from s0: already has voted for s2 at current term 1
2024-10-16 23:56:51,541 [grpc-default-executor-5] INFO  server.RaftServer$Division (RaftServerImpl.java:requestVote(1480)) - s4@group-E62D24C0526D replies to ELECTION vote request: s0<-s4#0:FAIL-t1. Peer's state: s4@group-E62D24C0526D:t1, leader=null, voted=s2, raftlog=Memoized:s4@group-E62D24C0526D-SegmentedRaftLog:OPENED:c-1:lastnull, conf=conf: {index: -1, cur=peers:[s3|localhost:15012, s4|localhost:15016, s0|localhost:15000, s1|localhost:15004, s2|localhost:15008]|listeners:[], old=null}
2024-10-16 23:56:51,543 [grpc-default-executor-5] INFO  server.RaftServer$Division (RaftServerImpl.java:requestVote(1447)) - s2@group-E62D24C0526D: receive requestVote(ELECTION, s0, group-E62D24C0526D, 1, (t:0, i:0))
2024-10-16 23:56:51,546 [s0@group-E62D24C0526D-LeaderElection3] INFO  impl.LeaderElection (LeaderElection.java:logAndReturn(90)) - s0@group-E62D24C0526D-LeaderElection3: ELECTION REJECTED received 3 response(s) and 0 exception(s):
2024-10-16 23:56:51,546 [s0@group-E62D24C0526D-LeaderElection3] INFO  impl.LeaderElection (LeaderElection.java:logAndReturn(94)) -   Response 0: s0<-s3#0:FAIL-t1
2024-10-16 23:56:51,546 [s0@group-E62D24C0526D-LeaderElection3] INFO  impl.LeaderElection (LeaderElection.java:logAndReturn(94)) -   Response 1: s0<-s4#0:FAIL-t1
2024-10-16 23:56:51,546 [s0@group-E62D24C0526D-LeaderElection3] INFO  impl.LeaderElection (LeaderElection.java:logAndReturn(94)) -   Response 2: s0<-s1#0:FAIL-t1
2024-10-16 23:56:51,546 [s0@group-E62D24C0526D-LeaderElection3] INFO  impl.LeaderElection (LeaderElection.java:askForVotes(335)) - s0@group-E62D24C0526D-LeaderElection3 ELECTION round 0: result REJECTED
2024-10-16 23:56:51,546 [s0@group-E62D24C0526D-LeaderElection3] INFO  server.RaftServer$Division (RaftServerImpl.java:setRole(380)) - s0@group-E62D24C0526D: changes role from CANDIDATE to FOLLOWER at term 1 for REJECTED
2024-10-16 23:56:51,546 [s0@group-E62D24C0526D-LeaderElection3] INFO  impl.RoleInfo (RoleInfo.java:shutdownLeaderElection(141)) - s0: shutdown s0@group-E62D24C0526D-LeaderElection3
2024-10-16 23:56:51,546 [s0@group-E62D24C0526D-LeaderElection3] INFO  impl.RoleInfo (RoleInfo.java:updateAndGet(148)) - s0: start s0@group-E62D24C0526D-FollowerState
2024-10-16 23:56:51,549 [s0@group-E62D24C0526D-LeaderElection3] INFO  server.RaftServer$Division (RaftServerImpl.java:setFirstElection(564)) - s0@group-E62D24C0526D: set firstElectionSinceStartup to false for REJECTED
2024-10-16 23:56:51,573 [s2@group-E62D24C0526D-LeaderElection2] INFO  grpc.GrpcConfigKeys (ConfUtils.java:logGet(46)) - raft.grpc.server.leader.outstanding.appends.max = 8 (default)
2024-10-16 23:56:51,574 [s2@group-E62D24C0526D-LeaderElection2] INFO  grpc.GrpcConfigKeys (ConfUtils.java:logGet(46)) - raft.grpc.server.install_snapshot.request.element-limit = 8 (default)
2024-10-16 23:56:51,574 [s2@group-E62D24C0526D-LeaderElection2] INFO  grpc.GrpcConfigKeys (ConfUtils.java:logGet(46)) - raft.grpc.server.install_snapshot.request.timeout = 3000ms (default)
2024-10-16 23:56:51,574 [s2@group-E62D24C0526D-LeaderElection2] INFO  grpc.GrpcConfigKeys (ConfUtils.java:logGet(46)) - raft.grpc.server.log-message.batch.duration = 5s (default)
2024-10-16 23:56:51,574 [s2@group-E62D24C0526D-LeaderElection2] INFO  grpc.GrpcConfigKeys (ConfUtils.java:logGet(46)) - raft.grpc.server.heartbeat.channel = true (default)
2024-10-16 23:56:51,578 [s2@group-E62D24C0526D-LeaderElection2] INFO  grpc.GrpcConfigKeys (ConfUtils.java:logGet(46)) - raft.grpc.server.leader.outstanding.appends.max = 8 (default)
2024-10-16 23:56:51,579 [s2@group-E62D24C0526D-LeaderElection2] INFO  grpc.GrpcConfigKeys (ConfUtils.java:logGet(46)) - raft.grpc.server.install_snapshot.request.element-limit = 8 (default)
2024-10-16 23:56:51,579 [s2@group-E62D24C0526D-LeaderElection2] INFO  grpc.GrpcConfigKeys (ConfUtils.java:logGet(46)) - raft.grpc.server.install_snapshot.request.timeout = 3000ms (default)
2024-10-16 23:56:51,579 [s2@group-E62D24C0526D-LeaderElection2] INFO  grpc.GrpcConfigKeys (ConfUtils.java:logGet(46)) - raft.grpc.server.log-message.batch.duration = 5s (default)
2024-10-16 23:56:51,579 [s2@group-E62D24C0526D-LeaderElection2] INFO  grpc.GrpcConfigKeys (ConfUtils.java:logGet(46)) - raft.grpc.server.heartbeat.channel = true (default)
2024-10-16 23:56:51,580 [s2@group-E62D24C0526D-LeaderElection2] INFO  grpc.GrpcConfigKeys (ConfUtils.java:logGet(46)) - raft.grpc.server.leader.outstanding.appends.max = 8 (default)
2024-10-16 23:56:51,580 [s2@group-E62D24C0526D-LeaderElection2] INFO  grpc.GrpcConfigKeys (ConfUtils.java:logGet(46)) - raft.grpc.server.install_snapshot.request.element-limit = 8 (default)
2024-10-16 23:56:51,580 [s2@group-E62D24C0526D-LeaderElection2] INFO  grpc.GrpcConfigKeys (ConfUtils.java:logGet(46)) - raft.grpc.server.install_snapshot.request.timeout = 3000ms (default)
2024-10-16 23:56:51,580 [s2@group-E62D24C0526D-LeaderElection2] INFO  grpc.GrpcConfigKeys (ConfUtils.java:logGet(46)) - raft.grpc.server.log-message.batch.duration = 5s (default)
2024-10-16 23:56:51,580 [s2@group-E62D24C0526D-LeaderElection2] INFO  grpc.GrpcConfigKeys (ConfUtils.java:logGet(46)) - raft.grpc.server.heartbeat.channel = true (default)
2024-10-16 23:56:51,581 [s2@group-E62D24C0526D-LeaderElection2] INFO  grpc.GrpcConfigKeys (ConfUtils.java:logGet(46)) - raft.grpc.server.leader.outstanding.appends.max = 8 (default)
2024-10-16 23:56:51,581 [s2@group-E62D24C0526D-LeaderElection2] INFO  grpc.GrpcConfigKeys (ConfUtils.java:logGet(46)) - raft.grpc.server.install_snapshot.request.element-limit = 8 (default)
2024-10-16 23:56:51,581 [s2@group-E62D24C0526D-LeaderElection2] INFO  grpc.GrpcConfigKeys (ConfUtils.java:logGet(46)) - raft.grpc.server.install_snapshot.request.timeout = 3000ms (default)
2024-10-16 23:56:51,581 [s2@group-E62D24C0526D-LeaderElection2] INFO  grpc.GrpcConfigKeys (ConfUtils.java:logGet(46)) - raft.grpc.server.log-message.batch.duration = 5s (default)
2024-10-16 23:56:51,582 [s2@group-E62D24C0526D-LeaderElection2] INFO  grpc.GrpcConfigKeys (ConfUtils.java:logGet(46)) - raft.grpc.server.heartbeat.channel = true (default)
2024-10-16 23:56:51,582 [s2@group-E62D24C0526D-LeaderElection2] INFO  impl.RoleInfo (RoleInfo.java:updateAndGet(148)) - s2: start s2@group-E62D24C0526D-LeaderStateImpl
2024-10-16 23:56:51,583 [s2@group-E62D24C0526D-LeaderElection2] INFO  server.RaftServer$Division (RaftServerImpl.java:setFirstElection(564)) - s2@group-E62D24C0526D: set firstElectionSinceStartup to false for becomeLeader
2024-10-16 23:56:51,583 [s2@group-E62D24C0526D-LeaderElection2] INFO  server.RaftServer$Division (ServerState.java:setLeader(272)) - s2@group-E62D24C0526D: change Leader from null to s2 at term 1 for becomeLeader, leader elected after 1920ms
2024-10-16 23:56:51,643 [s2@group-E62D24C0526D-LeaderElection2] INFO  util.LeakDetector (LeakDetector.java:start(124)) - Starting leak detector thread SIMPLE0.
2024-10-16 23:56:51,787 [s2@group-E62D24C0526D-LeaderElection2] INFO  segmented.SegmentedRaftLogWorker (SegmentedRaftLogWorker.java:startLogSegment(442)) - s2@group-E62D24C0526D-SegmentedRaftLogWorker: Starting segment from index:0
2024-10-16 23:56:51,793 [s2@group-E62D24C0526D-LeaderElection2] INFO  server.RaftServer$Division (ServerState.java:setRaftConf(386)) - s2@group-E62D24C0526D: set configuration conf: {index: 0, cur=peers:[s3|localhost:15012, s4|localhost:15016, s0|localhost:15000, s1|localhost:15004, s2|localhost:15008]|listeners:[], old=null}
2024-10-16 23:56:51,804 [grpc-default-executor-5] INFO  impl.VoteContext (VoteContext.java:log(49)) - s2@group-E62D24C0526D-LEADER: reject ELECTION from s0: already has voted for s2 at current term 1
2024-10-16 23:56:51,805 [grpc-default-executor-5] INFO  server.RaftServer$Division (RaftServerImpl.java:requestVote(1480)) - s2@group-E62D24C0526D replies to ELECTION vote request: s0<-s2#0:FAIL-t1. Peer's state: s2@group-E62D24C0526D:t1, leader=s2, voted=s2, raftlog=Memoized:s2@group-E62D24C0526D-SegmentedRaftLog:OPENED:c-1:last(t:1, i:0), conf=conf: {index: 0, cur=peers:[s3|localhost:15012, s4|localhost:15016, s0|localhost:15000, s1|localhost:15004, s2|localhost:15008]|listeners:[], old=null}
2024-10-16 23:56:51,805 [s2@group-E62D24C0526D-SegmentedRaftLogWorker] INFO  segmented.BufferedWriteChannel (BufferedWriteChannel.java:open(61)) - open log_inprogress_0 at position 0
2024-10-16 23:56:51,819 [s2@group-E62D24C0526D-SegmentedRaftLogWorker] INFO  segmented.SegmentedRaftLogWorker (SegmentedRaftLogWorker.java:execute(663)) - s2@group-E62D24C0526D-SegmentedRaftLogWorker: created new log segment /home/runner/work/ratis/ratis/ratis-test/target/test/data/936b46ef/MiniRaftClusterWithGrpcbcdfdcde/s2/a0367f82-7afd-47f0-bc22-e62d24c0526d/current/log_inprogress_0
2024-10-16 23:56:51,851 [s0-server-thread1] INFO  server.RaftServer$Division (ServerState.java:setLeader(272)) - s0@group-E62D24C0526D: change Leader from null to s2 at term 1 for appendEntries, leader elected after 2202ms
2024-10-16 23:56:51,864 [s3-server-thread1] INFO  server.RaftServer$Division (ServerState.java:setLeader(272)) - s3@group-E62D24C0526D: change Leader from null to s2 at term 1 for appendEntries, leader elected after 2204ms
2024-10-16 23:56:51,865 [s1-server-thread2] INFO  server.RaftServer$Division (ServerState.java:setLeader(272)) - s1@group-E62D24C0526D: change Leader from null to s2 at term 1 for appendEntries, leader elected after 2206ms
2024-10-16 23:56:51,869 [s3-server-thread2] INFO  server.RaftServer$Division (ServerState.java:setRaftConf(386)) - s3@group-E62D24C0526D: set configuration conf: {index: 0, cur=peers:[s3|localhost:15012, s4|localhost:15016, s0|localhost:15000, s1|localhost:15004, s2|localhost:15008]|listeners:[], old=null}
2024-10-16 23:56:51,871 [s3-server-thread2] INFO  segmented.SegmentedRaftLogWorker (SegmentedRaftLogWorker.java:startLogSegment(442)) - s3@group-E62D24C0526D-SegmentedRaftLogWorker: Starting segment from index:0
2024-10-16 23:56:51,873 [s0-server-thread3] INFO  server.RaftServer$Division (ServerState.java:setRaftConf(386)) - s0@group-E62D24C0526D: set configuration conf: {index: 0, cur=peers:[s3|localhost:15012, s4|localhost:15016, s0|localhost:15000, s1|localhost:15004, s2|localhost:15008]|listeners:[], old=null}
2024-10-16 23:56:51,873 [s0-server-thread3] INFO  segmented.SegmentedRaftLogWorker (SegmentedRaftLogWorker.java:startLogSegment(442)) - s0@group-E62D24C0526D-SegmentedRaftLogWorker: Starting segment from index:0
2024-10-16 23:56:51,873 [s4-server-thread2] INFO  server.RaftServer$Division (ServerState.java:setLeader(272)) - s4@group-E62D24C0526D: change Leader from null to s2 at term 1 for appendEntries, leader elected after 2225ms
2024-10-16 23:56:51,873 [s4-server-thread2] INFO  server.RaftServer$Division (ServerState.java:setRaftConf(386)) - s4@group-E62D24C0526D: set configuration conf: {index: 0, cur=peers:[s3|localhost:15012, s4|localhost:15016, s0|localhost:15000, s1|localhost:15004, s2|localhost:15008]|listeners:[], old=null}
2024-10-16 23:56:51,874 [s4-server-thread2] INFO  segmented.SegmentedRaftLogWorker (SegmentedRaftLogWorker.java:startLogSegment(442)) - s4@group-E62D24C0526D-SegmentedRaftLogWorker: Starting segment from index:0
2024-10-16 23:56:51,875 [s3@group-E62D24C0526D-SegmentedRaftLogWorker] INFO  segmented.BufferedWriteChannel (BufferedWriteChannel.java:open(61)) - open log_inprogress_0 at position 0
2024-10-16 23:56:51,875 [s0@group-E62D24C0526D-SegmentedRaftLogWorker] INFO  segmented.BufferedWriteChannel (BufferedWriteChannel.java:open(61)) - open log_inprogress_0 at position 0
2024-10-16 23:56:51,880 [s1-server-thread1] INFO  server.RaftServer$Division (ServerState.java:setRaftConf(386)) - s1@group-E62D24C0526D: set configuration conf: {index: 0, cur=peers:[s3|localhost:15012, s4|localhost:15016, s0|localhost:15000, s1|localhost:15004, s2|localhost:15008]|listeners:[], old=null}
2024-10-16 23:56:51,886 [s1-server-thread1] INFO  segmented.SegmentedRaftLogWorker (SegmentedRaftLogWorker.java:startLogSegment(442)) - s1@group-E62D24C0526D-SegmentedRaftLogWorker: Starting segment from index:0
2024-10-16 23:56:51,892 [s4@group-E62D24C0526D-SegmentedRaftLogWorker] INFO  segmented.BufferedWriteChannel (BufferedWriteChannel.java:open(61)) - open log_inprogress_0 at position 0
2024-10-16 23:56:51,896 [s3@group-E62D24C0526D-SegmentedRaftLogWorker] INFO  segmented.SegmentedRaftLogWorker (SegmentedRaftLogWorker.java:execute(663)) - s3@group-E62D24C0526D-SegmentedRaftLogWorker: created new log segment /home/runner/work/ratis/ratis/ratis-test/target/test/data/936b46ef/MiniRaftClusterWithGrpcbcdfdcde/s3/a0367f82-7afd-47f0-bc22-e62d24c0526d/current/log_inprogress_0
2024-10-16 23:56:51,897 [s0@group-E62D24C0526D-SegmentedRaftLogWorker] INFO  segmented.SegmentedRaftLogWorker (SegmentedRaftLogWorker.java:execute(663)) - s0@group-E62D24C0526D-SegmentedRaftLogWorker: created new log segment /home/runner/work/ratis/ratis/ratis-test/target/test/data/936b46ef/MiniRaftClusterWithGrpcbcdfdcde/s0/a0367f82-7afd-47f0-bc22-e62d24c0526d/current/log_inprogress_0
2024-10-16 23:56:51,897 [s1@group-E62D24C0526D-SegmentedRaftLogWorker] INFO  segmented.BufferedWriteChannel (BufferedWriteChannel.java:open(61)) - open log_inprogress_0 at position 0
2024-10-16 23:56:51,909 [s2@group-E62D24C0526D-StateMachineUpdater] TRACE util.FileUtils (LogUtils.java:supplyAndLog(69)) - Successfully supplied FileChannel.open /home/runner/work/ratis/ratis/ratis-test/target/test/data/936b46ef/MiniRaftClusterWithGrpcbcdfdcde/s2/a0367f82-7afd-47f0-bc22-e62d24c0526d/current/raft-meta.conf.tmp with options [CREATE, WRITE]: sun.nio.ch.FileChannelImpl@6b41c174
2024-10-16 23:56:51,909 [s4@group-E62D24C0526D-SegmentedRaftLogWorker] INFO  segmented.SegmentedRaftLogWorker (SegmentedRaftLogWorker.java:execute(663)) - s4@group-E62D24C0526D-SegmentedRaftLogWorker: created new log segment /home/runner/work/ratis/ratis/ratis-test/target/test/data/936b46ef/MiniRaftClusterWithGrpcbcdfdcde/s4/a0367f82-7afd-47f0-bc22-e62d24c0526d/current/log_inprogress_0
2024-10-16 23:56:51,910 [s1@group-E62D24C0526D-SegmentedRaftLogWorker] INFO  segmented.SegmentedRaftLogWorker (SegmentedRaftLogWorker.java:execute(663)) - s1@group-E62D24C0526D-SegmentedRaftLogWorker: created new log segment /home/runner/work/ratis/ratis/ratis-test/target/test/data/936b46ef/MiniRaftClusterWithGrpcbcdfdcde/s1/a0367f82-7afd-47f0-bc22-e62d24c0526d/current/log_inprogress_0
2024-10-16 23:56:51,930 [s2@group-E62D24C0526D-StateMachineUpdater] TRACE util.FileUtils (LogUtils.java:runAndLog(49)) - Successfully ran Atomic Files.move /home/runner/work/ratis/ratis/ratis-test/target/test/data/936b46ef/MiniRaftClusterWithGrpcbcdfdcde/s2/a0367f82-7afd-47f0-bc22-e62d24c0526d/current/raft-meta.conf.tmp to /home/runner/work/ratis/ratis/ratis-test/target/test/data/936b46ef/MiniRaftClusterWithGrpcbcdfdcde/s2/a0367f82-7afd-47f0-bc22-e62d24c0526d/current/raft-meta.conf with options [REPLACE_EXISTING]
2024-10-16 23:56:51,931 [s2@group-E62D24C0526D-StateMachineUpdater] INFO  server.RaftServer$Division (LeaderStateImpl.java:checkStartIndex(314)) - Leader s2@group-E62D24C0526D-LeaderStateImpl is ready since appliedIndex == startIndex == 0
2024-10-16 23:56:53,413 [s0@group-E62D24C0526D-StateMachineUpdater] TRACE util.FileUtils (LogUtils.java:supplyAndLog(69)) - Successfully supplied FileChannel.open /home/runner/work/ratis/ratis/ratis-test/target/test/data/936b46ef/MiniRaftClusterWithGrpcbcdfdcde/s0/a0367f82-7afd-47f0-bc22-e62d24c0526d/current/raft-meta.conf.tmp with options [CREATE, WRITE]: sun.nio.ch.FileChannelImpl@6d6de54e
2024-10-16 23:56:53,418 [s0@group-E62D24C0526D-StateMachineUpdater] TRACE util.FileUtils (LogUtils.java:runAndLog(49)) - Successfully ran Atomic Files.move /home/runner/work/ratis/ratis/ratis-test/target/test/data/936b46ef/MiniRaftClusterWithGrpcbcdfdcde/s0/a0367f82-7afd-47f0-bc22-e62d24c0526d/current/raft-meta.conf.tmp to /home/runner/work/ratis/ratis/ratis-test/target/test/data/936b46ef/MiniRaftClusterWithGrpcbcdfdcde/s0/a0367f82-7afd-47f0-bc22-e62d24c0526d/current/raft-meta.conf with options [REPLACE_EXISTING]
2024-10-16 23:56:53,421 [s3@group-E62D24C0526D-StateMachineUpdater] TRACE util.FileUtils (LogUtils.java:supplyAndLog(69)) - Successfully supplied FileChannel.open /home/runner/work/ratis/ratis/ratis-test/target/test/data/936b46ef/MiniRaftClusterWithGrpcbcdfdcde/s3/a0367f82-7afd-47f0-bc22-e62d24c0526d/current/raft-meta.conf.tmp with options [CREATE, WRITE]: sun.nio.ch.FileChannelImpl@598e74e0
2024-10-16 23:56:53,426 [s1@group-E62D24C0526D-StateMachineUpdater] TRACE util.FileUtils (LogUtils.java:supplyAndLog(69)) - Successfully supplied FileChannel.open /home/runner/work/ratis/ratis/ratis-test/target/test/data/936b46ef/MiniRaftClusterWithGrpcbcdfdcde/s1/a0367f82-7afd-47f0-bc22-e62d24c0526d/current/raft-meta.conf.tmp with options [CREATE, WRITE]: sun.nio.ch.FileChannelImpl@65827648
2024-10-16 23:56:53,428 [s3@group-E62D24C0526D-StateMachineUpdater] TRACE util.FileUtils (LogUtils.java:runAndLog(49)) - Successfully ran Atomic Files.move /home/runner/work/ratis/ratis/ratis-test/target/test/data/936b46ef/MiniRaftClusterWithGrpcbcdfdcde/s3/a0367f82-7afd-47f0-bc22-e62d24c0526d/current/raft-meta.conf.tmp to /home/runner/work/ratis/ratis/ratis-test/target/test/data/936b46ef/MiniRaftClusterWithGrpcbcdfdcde/s3/a0367f82-7afd-47f0-bc22-e62d24c0526d/current/raft-meta.conf with options [REPLACE_EXISTING]
2024-10-16 23:56:53,428 [s4@group-E62D24C0526D-StateMachineUpdater] TRACE util.FileUtils (LogUtils.java:supplyAndLog(69)) - Successfully supplied FileChannel.open /home/runner/work/ratis/ratis/ratis-test/target/test/data/936b46ef/MiniRaftClusterWithGrpcbcdfdcde/s4/a0367f82-7afd-47f0-bc22-e62d24c0526d/current/raft-meta.conf.tmp with options [CREATE, WRITE]: sun.nio.ch.FileChannelImpl@1054ee49
2024-10-16 23:56:53,431 [s1@group-E62D24C0526D-StateMachineUpdater] TRACE util.FileUtils (LogUtils.java:runAndLog(49)) - Successfully ran Atomic Files.move /home/runner/work/ratis/ratis/ratis-test/target/test/data/936b46ef/MiniRaftClusterWithGrpcbcdfdcde/s1/a0367f82-7afd-47f0-bc22-e62d24c0526d/current/raft-meta.conf.tmp to /home/runner/work/ratis/ratis/ratis-test/target/test/data/936b46ef/MiniRaftClusterWithGrpcbcdfdcde/s1/a0367f82-7afd-47f0-bc22-e62d24c0526d/current/raft-meta.conf with options [REPLACE_EXISTING]
2024-10-16 23:56:53,432 [s4@group-E62D24C0526D-StateMachineUpdater] TRACE util.FileUtils (LogUtils.java:runAndLog(49)) - Successfully ran Atomic Files.move /home/runner/work/ratis/ratis/ratis-test/target/test/data/936b46ef/MiniRaftClusterWithGrpcbcdfdcde/s4/a0367f82-7afd-47f0-bc22-e62d24c0526d/current/raft-meta.conf.tmp to /home/runner/work/ratis/ratis/ratis-test/target/test/data/936b46ef/MiniRaftClusterWithGrpcbcdfdcde/s4/a0367f82-7afd-47f0-bc22-e62d24c0526d/current/raft-meta.conf with options [REPLACE_EXISTING]
2024-10-16 23:56:58,963 [main] INFO  ratis.RaftTestUtil (RaftTestUtil.java:waitForLeader(131)) - printing ALL groups
  s3:  RUNNING  FOLLOWER s3@group-E62D24C0526D:t1, leader=s2, voted=s3, raftlog=Memoized:s3@group-E62D24C0526D-SegmentedRaftLog:OPENED:c0:last(t:1, i:0), conf=conf: {index: 0, cur=peers:[s3|localhost:15012, s4|localhost:15016, s0|localhost:15000, s1|localhost:15004, s2|localhost:15008]|listeners:[], old=null} RUNNING
  s4:  RUNNING  FOLLOWER s4@group-E62D24C0526D:t1, leader=s2, voted=s2, raftlog=Memoized:s4@group-E62D24C0526D-SegmentedRaftLog:OPENED:c0:last(t:1, i:0), conf=conf: {index: 0, cur=peers:[s3|localhost:15012, s4|localhost:15016, s0|localhost:15000, s1|localhost:15004, s2|localhost:15008]|listeners:[], old=null} RUNNING
  s0:  RUNNING  FOLLOWER s0@group-E62D24C0526D:t1, leader=s2, voted=s0, raftlog=Memoized:s0@group-E62D24C0526D-SegmentedRaftLog:OPENED:c0:last(t:1, i:0), conf=conf: {index: 0, cur=peers:[s3|localhost:15012, s4|localhost:15016, s0|localhost:15000, s1|localhost:15004, s2|localhost:15008]|listeners:[], old=null} RUNNING
  s1:  RUNNING  FOLLOWER s1@group-E62D24C0526D:t1, leader=s2, voted=s2, raftlog=Memoized:s1@group-E62D24C0526D-SegmentedRaftLog:OPENED:c0:last(t:1, i:0), conf=conf: {index: 0, cur=peers:[s3|localhost:15012, s4|localhost:15016, s0|localhost:15000, s1|localhost:15004, s2|localhost:15008]|listeners:[], old=null} RUNNING
  s2:  RUNNING    LEADER s2@group-E62D24C0526D:t1, leader=s2, voted=s2, raftlog=Memoized:s2@group-E62D24C0526D-SegmentedRaftLog:OPENED:c0:last(t:1, i:0), conf=conf: {index: 0, cur=peers:[s3|localhost:15012, s4|localhost:15016, s0|localhost:15000, s1|localhost:15004, s2|localhost:15008]|listeners:[], old=null} RUNNING
2024-10-16 23:56:58,966 [main] INFO  grpc.TestRaftLogTruncateWithGrpc (RaftLogTruncateTests.java:runTestLogTruncate(128)) - oldLeader: s2, term=1
2024-10-16 23:56:58,966 [main] INFO  grpc.TestRaftLogTruncateWithGrpc (RaftLogTruncateTests.java:runTestLogTruncate(129)) - killedPeers   : [s3, s4, s0]
2024-10-16 23:56:58,966 [main] INFO  grpc.TestRaftLogTruncateWithGrpc (RaftLogTruncateTests.java:runTestLogTruncate(130)) - remainingPeers: [s2, s1]
2024-10-16 23:56:58,967 [main] DEBUG impl.TransactionManager (TransactionManager.java:getMap(49)) - s3-TransactionManager <empty>
2024-10-16 23:56:58,968 [main] DEBUG impl.TransactionManager (TransactionManager.java:getMap(49)) - s4-TransactionManager <empty>
2024-10-16 23:56:58,968 [main] DEBUG impl.TransactionManager (TransactionManager.java:getMap(49)) - s0-TransactionManager <empty>
2024-10-16 23:56:58,968 [main] DEBUG impl.TransactionManager (TransactionManager.java:getMap(49)) - s1-TransactionManager <empty>
2024-10-16 23:56:58,968 [main] DEBUG impl.TransactionManager (TransactionManager.java:getMap(49)) - s2-TransactionManager <empty>
2024-10-16 23:56:59,064 [s0-server-thread1] DEBUG impl.TransactionManager (TransactionManager.java:computeIfAbsent(60)) - (t:1, i:1): s0-TransactionManager
  (t:1, i:1): initialized? false
2024-10-16 23:56:59,065 [s1-server-thread3] DEBUG impl.TransactionManager (TransactionManager.java:computeIfAbsent(60)) - (t:1, i:1): s1-TransactionManager
  (t:1, i:1): initialized? false
2024-10-16 23:56:59,069 [s2@group-E62D24C0526D-StateMachineUpdater] INFO  impl.SimpleStateMachine4Testing (SimpleStateMachine4Testing.java:applyTransaction(250)) - applyTransaction for log index 1
2024-10-16 23:56:59,069 [s2@group-E62D24C0526D-StateMachineUpdater] INFO  impl.SimpleStateMachine4Testing (SimpleStateMachine4Testing.java:put(206)) - s2: put 1, first0 -> (t:1, i:1), STATEMACHINELOGENTRY, WRITE: logData.size=6, stateMachineData.size=17, logEntryProtoSerializedSize=0
2024-10-16 23:56:59,077 [s4-server-thread1] DEBUG impl.TransactionManager (TransactionManager.java:computeIfAbsent(60)) - (t:1, i:1): s4-TransactionManager
  (t:1, i:1): initialized? false
2024-10-16 23:56:59,078 [s3-server-thread3] DEBUG impl.TransactionManager (TransactionManager.java:computeIfAbsent(60)) - (t:1, i:1): s3-TransactionManager
  (t:1, i:1): initialized? false
2024-10-16 23:56:59,086 [s4@group-E62D24C0526D-StateMachineUpdater] INFO  impl.SimpleStateMachine4Testing (SimpleStateMachine4Testing.java:applyTransaction(250)) - applyTransaction for log index 1
2024-10-16 23:56:59,086 [s4@group-E62D24C0526D-StateMachineUpdater] INFO  impl.SimpleStateMachine4Testing (SimpleStateMachine4Testing.java:put(206)) - s4: put 1, first0 -> (t:1, i:1), STATEMACHINELOGENTRY, WRITE: logData.size=6, stateMachineData.size=17, logEntryProtoSerializedSize=0
2024-10-16 23:56:59,086 [s4@group-E62D24C0526D-StateMachineUpdater] DEBUG impl.TransactionManager (TransactionManager.java:remove(68)) - (t:1, i:1): s4-TransactionManager <empty>
2024-10-16 23:56:59,090 [s3@group-E62D24C0526D-StateMachineUpdater] INFO  impl.SimpleStateMachine4Testing (SimpleStateMachine4Testing.java:applyTransaction(250)) - applyTransaction for log index 1
2024-10-16 23:56:59,090 [s0@group-E62D24C0526D-StateMachineUpdater] INFO  impl.SimpleStateMachine4Testing (SimpleStateMachine4Testing.java:applyTransaction(250)) - applyTransaction for log index 1
2024-10-16 23:56:59,090 [s3@group-E62D24C0526D-StateMachineUpdater] INFO  impl.SimpleStateMachine4Testing (SimpleStateMachine4Testing.java:put(206)) - s3: put 1, first0 -> (t:1, i:1), STATEMACHINELOGENTRY, WRITE: logData.size=6, stateMachineData.size=17, logEntryProtoSerializedSize=0
2024-10-16 23:56:59,090 [s0@group-E62D24C0526D-StateMachineUpdater] INFO  impl.SimpleStateMachine4Testing (SimpleStateMachine4Testing.java:put(206)) - s0: put 1, first0 -> (t:1, i:1), STATEMACHINELOGENTRY, WRITE: logData.size=6, stateMachineData.size=17, logEntryProtoSerializedSize=0
2024-10-16 23:56:59,091 [s3@group-E62D24C0526D-StateMachineUpdater] DEBUG impl.TransactionManager (TransactionManager.java:remove(68)) - (t:1, i:1): s3-TransactionManager <empty>
2024-10-16 23:56:59,091 [s0@group-E62D24C0526D-StateMachineUpdater] DEBUG impl.TransactionManager (TransactionManager.java:remove(68)) - (t:1, i:1): s0-TransactionManager <empty>
2024-10-16 23:56:59,091 [s1@group-E62D24C0526D-StateMachineUpdater] INFO  impl.SimpleStateMachine4Testing (SimpleStateMachine4Testing.java:applyTransaction(250)) - applyTransaction for log index 1
2024-10-16 23:56:59,091 [s1@group-E62D24C0526D-StateMachineUpdater] INFO  impl.SimpleStateMachine4Testing (SimpleStateMachine4Testing.java:put(206)) - s1: put 1, first0 -> (t:1, i:1), STATEMACHINELOGENTRY, WRITE: logData.size=6, stateMachineData.size=17, logEntryProtoSerializedSize=0
2024-10-16 23:56:59,091 [s1@group-E62D24C0526D-StateMachineUpdater] DEBUG impl.TransactionManager (TransactionManager.java:remove(68)) - (t:1, i:1): s1-TransactionManager <empty>
2024-10-16 23:56:59,120 [s3-server-thread3] DEBUG impl.TransactionManager (TransactionManager.java:computeIfAbsent(60)) - (t:1, i:3): s3-TransactionManager
  (t:1, i:3): initialized? false
2024-10-16 23:56:59,120 [s1-server-thread3] DEBUG impl.TransactionManager (TransactionManager.java:computeIfAbsent(60)) - (t:1, i:3): s1-TransactionManager
  (t:1, i:3): initialized? false
2024-10-16 23:56:59,124 [s0-server-thread1] DEBUG impl.TransactionManager (TransactionManager.java:computeIfAbsent(60)) - (t:1, i:3): s0-TransactionManager
  (t:1, i:3): initialized? false
2024-10-16 23:56:59,126 [s2@group-E62D24C0526D-StateMachineUpdater] INFO  impl.SimpleStateMachine4Testing (SimpleStateMachine4Testing.java:applyTransaction(250)) - applyTransaction for log index 3
2024-10-16 23:56:59,127 [s2@group-E62D24C0526D-StateMachineUpdater] INFO  impl.SimpleStateMachine4Testing (SimpleStateMachine4Testing.java:put(206)) - s2: put 3, first1 -> (t:1, i:3), STATEMACHINELOGENTRY, WRITE: logData.size=6, stateMachineData.size=17, logEntryProtoSerializedSize=0
2024-10-16 23:56:59,129 [s4-server-thread1] DEBUG impl.TransactionManager (TransactionManager.java:computeIfAbsent(60)) - (t:1, i:3): s4-TransactionManager
  (t:1, i:3): initialized? false
2024-10-16 23:56:59,133 [s4@group-E62D24C0526D-StateMachineUpdater] INFO  impl.SimpleStateMachine4Testing (SimpleStateMachine4Testing.java:applyTransaction(250)) - applyTransaction for log index 3
2024-10-16 23:56:59,133 [s1@group-E62D24C0526D-StateMachineUpdater] INFO  impl.SimpleStateMachine4Testing (SimpleStateMachine4Testing.java:applyTransaction(250)) - applyTransaction for log index 3
2024-10-16 23:56:59,133 [s4@group-E62D24C0526D-StateMachineUpdater] INFO  impl.SimpleStateMachine4Testing (SimpleStateMachine4Testing.java:put(206)) - s4: put 3, first1 -> (t:1, i:3), STATEMACHINELOGENTRY, WRITE: logData.size=6, stateMachineData.size=17, logEntryProtoSerializedSize=0
2024-10-16 23:56:59,133 [s1@group-E62D24C0526D-StateMachineUpdater] INFO  impl.SimpleStateMachine4Testing (SimpleStateMachine4Testing.java:put(206)) - s1: put 3, first1 -> (t:1, i:3), STATEMACHINELOGENTRY, WRITE: logData.size=6, stateMachineData.size=17, logEntryProtoSerializedSize=0
2024-10-16 23:56:59,133 [s0@group-E62D24C0526D-StateMachineUpdater] INFO  impl.SimpleStateMachine4Testing (SimpleStateMachine4Testing.java:applyTransaction(250)) - applyTransaction for log index 3
2024-10-16 23:56:59,133 [s4@group-E62D24C0526D-StateMachineUpdater] DEBUG impl.TransactionManager (TransactionManager.java:remove(68)) - (t:1, i:3): s4-TransactionManager <empty>
2024-10-16 23:56:59,134 [s0@group-E62D24C0526D-StateMachineUpdater] INFO  impl.SimpleStateMachine4Testing (SimpleStateMachine4Testing.java:put(206)) - s0: put 3, first1 -> (t:1, i:3), STATEMACHINELOGENTRY, WRITE: logData.size=6, stateMachineData.size=17, logEntryProtoSerializedSize=0
2024-10-16 23:56:59,133 [s1@group-E62D24C0526D-StateMachineUpdater] DEBUG impl.TransactionManager (TransactionManager.java:remove(68)) - (t:1, i:3): s1-TransactionManager <empty>
2024-10-16 23:56:59,134 [s0@group-E62D24C0526D-StateMachineUpdater] DEBUG impl.TransactionManager (TransactionManager.java:remove(68)) - (t:1, i:3): s0-TransactionManager <empty>
2024-10-16 23:56:59,134 [s3@group-E62D24C0526D-StateMachineUpdater] INFO  impl.SimpleStateMachine4Testing (SimpleStateMachine4Testing.java:applyTransaction(250)) - applyTransaction for log index 3
2024-10-16 23:56:59,134 [s3@group-E62D24C0526D-StateMachineUpdater] INFO  impl.SimpleStateMachine4Testing (SimpleStateMachine4Testing.java:put(206)) - s3: put 3, first1 -> (t:1, i:3), STATEMACHINELOGENTRY, WRITE: logData.size=6, stateMachineData.size=17, logEntryProtoSerializedSize=0
2024-10-16 23:56:59,135 [s3@group-E62D24C0526D-StateMachineUpdater] DEBUG impl.TransactionManager (TransactionManager.java:remove(68)) - (t:1, i:3): s3-TransactionManager <empty>
2024-10-16 23:56:59,143 [s4-server-thread1] DEBUG impl.TransactionManager (TransactionManager.java:computeIfAbsent(60)) - (t:1, i:5): s4-TransactionManager
  (t:1, i:5): initialized? false
2024-10-16 23:56:59,143 [s1-server-thread3] DEBUG impl.TransactionManager (TransactionManager.java:computeIfAbsent(60)) - (t:1, i:5): s1-TransactionManager
  (t:1, i:5): initialized? false
2024-10-16 23:56:59,145 [s3-server-thread3] DEBUG impl.TransactionManager (TransactionManager.java:computeIfAbsent(60)) - (t:1, i:5): s3-TransactionManager
  (t:1, i:5): initialized? false
2024-10-16 23:56:59,147 [s2@group-E62D24C0526D-StateMachineUpdater] INFO  impl.SimpleStateMachine4Testing (SimpleStateMachine4Testing.java:applyTransaction(250)) - applyTransaction for log index 5
2024-10-16 23:56:59,147 [s2@group-E62D24C0526D-StateMachineUpdater] INFO  impl.SimpleStateMachine4Testing (SimpleStateMachine4Testing.java:put(206)) - s2: put 5, first2 -> (t:1, i:5), STATEMACHINELOGENTRY, WRITE: logData.size=6, stateMachineData.size=17, logEntryProtoSerializedSize=0
2024-10-16 23:56:59,150 [s0-server-thread1] DEBUG impl.TransactionManager (TransactionManager.java:computeIfAbsent(60)) - (t:1, i:5): s0-TransactionManager
  (t:1, i:5): initialized? false
2024-10-16 23:56:59,151 [s3@group-E62D24C0526D-StateMachineUpdater] INFO  impl.SimpleStateMachine4Testing (SimpleStateMachine4Testing.java:applyTransaction(250)) - applyTransaction for log index 5
2024-10-16 23:56:59,151 [s3@group-E62D24C0526D-StateMachineUpdater] INFO  impl.SimpleStateMachine4Testing (SimpleStateMachine4Testing.java:put(206)) - s3: put 5, first2 -> (t:1, i:5), STATEMACHINELOGENTRY, WRITE: logData.size=6, stateMachineData.size=17, logEntryProtoSerializedSize=0
2024-10-16 23:56:59,151 [s3@group-E62D24C0526D-StateMachineUpdater] DEBUG impl.TransactionManager (TransactionManager.java:remove(68)) - (t:1, i:5): s3-TransactionManager <empty>
2024-10-16 23:56:59,152 [s4@group-E62D24C0526D-StateMachineUpdater] INFO  impl.SimpleStateMachine4Testing (SimpleStateMachine4Testing.java:applyTransaction(250)) - applyTransaction for log index 5
2024-10-16 23:56:59,153 [s4@group-E62D24C0526D-StateMachineUpdater] INFO  impl.SimpleStateMachine4Testing (SimpleStateMachine4Testing.java:put(206)) - s4: put 5, first2 -> (t:1, i:5), STATEMACHINELOGENTRY, WRITE: logData.size=6, stateMachineData.size=17, logEntryProtoSerializedSize=0
2024-10-16 23:56:59,153 [s4@group-E62D24C0526D-StateMachineUpdater] DEBUG impl.TransactionManager (TransactionManager.java:remove(68)) - (t:1, i:5): s4-TransactionManager <empty>
2024-10-16 23:56:59,156 [s1@group-E62D24C0526D-StateMachineUpdater] INFO  impl.SimpleStateMachine4Testing (SimpleStateMachine4Testing.java:applyTransaction(250)) - applyTransaction for log index 5
2024-10-16 23:56:59,156 [s1@group-E62D24C0526D-StateMachineUpdater] INFO  impl.SimpleStateMachine4Testing (SimpleStateMachine4Testing.java:put(206)) - s1: put 5, first2 -> (t:1, i:5), STATEMACHINELOGENTRY, WRITE: logData.size=6, stateMachineData.size=17, logEntryProtoSerializedSize=0
2024-10-16 23:56:59,156 [s1@group-E62D24C0526D-StateMachineUpdater] DEBUG impl.TransactionManager (TransactionManager.java:remove(68)) - (t:1, i:5): s1-TransactionManager <empty>
2024-10-16 23:56:59,158 [s0@group-E62D24C0526D-StateMachineUpdater] INFO  impl.SimpleStateMachine4Testing (SimpleStateMachine4Testing.java:applyTransaction(250)) - applyTransaction for log index 5
2024-10-16 23:56:59,158 [s0@group-E62D24C0526D-StateMachineUpdater] INFO  impl.SimpleStateMachine4Testing (SimpleStateMachine4Testing.java:put(206)) - s0: put 5, first2 -> (t:1, i:5), STATEMACHINELOGENTRY, WRITE: logData.size=6, stateMachineData.size=17, logEntryProtoSerializedSize=0
2024-10-16 23:56:59,159 [s0@group-E62D24C0526D-StateMachineUpdater] DEBUG impl.TransactionManager (TransactionManager.java:remove(68)) - (t:1, i:5): s0-TransactionManager <empty>
2024-10-16 23:56:59,167 [s1-server-thread3] DEBUG impl.TransactionManager (TransactionManager.java:computeIfAbsent(60)) - (t:1, i:7): s1-TransactionManager
  (t:1, i:7): initialized? false
2024-10-16 23:56:59,168 [s4-server-thread1] DEBUG impl.TransactionManager (TransactionManager.java:computeIfAbsent(60)) - (t:1, i:7): s4-TransactionManager
  (t:1, i:7): initialized? false
2024-10-16 23:56:59,168 [s3-server-thread3] DEBUG impl.TransactionManager (TransactionManager.java:computeIfAbsent(60)) - (t:1, i:7): s3-TransactionManager
  (t:1, i:7): initialized? false
2024-10-16 23:56:59,170 [s0-server-thread1] DEBUG impl.TransactionManager (TransactionManager.java:computeIfAbsent(60)) - (t:1, i:7): s0-TransactionManager
  (t:1, i:7): initialized? false
2024-10-16 23:56:59,172 [s2@group-E62D24C0526D-StateMachineUpdater] INFO  impl.SimpleStateMachine4Testing (SimpleStateMachine4Testing.java:applyTransaction(250)) - applyTransaction for log index 7
2024-10-16 23:56:59,172 [s2@group-E62D24C0526D-StateMachineUpdater] INFO  impl.SimpleStateMachine4Testing (SimpleStateMachine4Testing.java:put(206)) - s2: put 7, first3 -> (t:1, i:7), STATEMACHINELOGENTRY, WRITE: logData.size=6, stateMachineData.size=17, logEntryProtoSerializedSize=0
2024-10-16 23:56:59,176 [s4@group-E62D24C0526D-StateMachineUpdater] INFO  impl.SimpleStateMachine4Testing (SimpleStateMachine4Testing.java:applyTransaction(250)) - applyTransaction for log index 7
2024-10-16 23:56:59,176 [s4@group-E62D24C0526D-StateMachineUpdater] INFO  impl.SimpleStateMachine4Testing (SimpleStateMachine4Testing.java:put(206)) - s4: put 7, first3 -> (t:1, i:7), STATEMACHINELOGENTRY, WRITE: logData.size=6, stateMachineData.size=17, logEntryProtoSerializedSize=0
2024-10-16 23:56:59,177 [s3@group-E62D24C0526D-StateMachineUpdater] INFO  impl.SimpleStateMachine4Testing (SimpleStateMachine4Testing.java:applyTransaction(250)) - applyTransaction for log index 7
2024-10-16 23:56:59,177 [s4@group-E62D24C0526D-StateMachineUpdater] DEBUG impl.TransactionManager (TransactionManager.java:remove(68)) - (t:1, i:7): s4-TransactionManager <empty>
2024-10-16 23:56:59,177 [s3@group-E62D24C0526D-StateMachineUpdater] INFO  impl.SimpleStateMachine4Testing (SimpleStateMachine4Testing.java:put(206)) - s3: put 7, first3 -> (t:1, i:7), STATEMACHINELOGENTRY, WRITE: logData.size=6, stateMachineData.size=17, logEntryProtoSerializedSize=0
2024-10-16 23:56:59,177 [s3@group-E62D24C0526D-StateMachineUpdater] DEBUG impl.TransactionManager (TransactionManager.java:remove(68)) - (t:1, i:7): s3-TransactionManager <empty>
2024-10-16 23:56:59,179 [s1@group-E62D24C0526D-StateMachineUpdater] INFO  impl.SimpleStateMachine4Testing (SimpleStateMachine4Testing.java:applyTransaction(250)) - applyTransaction for log index 7
2024-10-16 23:56:59,179 [s1@group-E62D24C0526D-StateMachineUpdater] INFO  impl.SimpleStateMachine4Testing (SimpleStateMachine4Testing.java:put(206)) - s1: put 7, first3 -> (t:1, i:7), STATEMACHINELOGENTRY, WRITE: logData.size=6, stateMachineData.size=17, logEntryProtoSerializedSize=0
2024-10-16 23:56:59,179 [s1@group-E62D24C0526D-StateMachineUpdater] DEBUG impl.TransactionManager (TransactionManager.java:remove(68)) - (t:1, i:7): s1-TransactionManager <empty>
2024-10-16 23:56:59,182 [s0@group-E62D24C0526D-StateMachineUpdater] INFO  impl.SimpleStateMachine4Testing (SimpleStateMachine4Testing.java:applyTransaction(250)) - applyTransaction for log index 7
2024-10-16 23:56:59,182 [s0@group-E62D24C0526D-StateMachineUpdater] INFO  impl.SimpleStateMachine4Testing (SimpleStateMachine4Testing.java:put(206)) - s0: put 7, first3 -> (t:1, i:7), STATEMACHINELOGENTRY, WRITE: logData.size=6, stateMachineData.size=17, logEntryProtoSerializedSize=0
2024-10-16 23:56:59,182 [s0@group-E62D24C0526D-StateMachineUpdater] DEBUG impl.TransactionManager (TransactionManager.java:remove(68)) - (t:1, i:7): s0-TransactionManager <empty>
2024-10-16 23:56:59,184 [s3-server-thread3] DEBUG impl.TransactionManager (TransactionManager.java:computeIfAbsent(60)) - (t:1, i:9): s3-TransactionManager
  (t:1, i:9): initialized? false
2024-10-16 23:56:59,184 [s4-server-thread1] DEBUG impl.TransactionManager (TransactionManager.java:computeIfAbsent(60)) - (t:1, i:9): s4-TransactionManager
  (t:1, i:9): initialized? false
2024-10-16 23:56:59,187 [s1-server-thread3] DEBUG impl.TransactionManager (TransactionManager.java:computeIfAbsent(60)) - (t:1, i:9): s1-TransactionManager
  (t:1, i:9): initialized? false
2024-10-16 23:56:59,187 [s0-server-thread1] DEBUG impl.TransactionManager (TransactionManager.java:computeIfAbsent(60)) - (t:1, i:9): s0-TransactionManager
  (t:1, i:9): initialized? false
2024-10-16 23:56:59,189 [s2@group-E62D24C0526D-StateMachineUpdater] INFO  impl.SimpleStateMachine4Testing (SimpleStateMachine4Testing.java:applyTransaction(250)) - applyTransaction for log index 9
2024-10-16 23:56:59,190 [s2@group-E62D24C0526D-StateMachineUpdater] INFO  impl.SimpleStateMachine4Testing (SimpleStateMachine4Testing.java:put(206)) - s2: put 9, first4 -> (t:1, i:9), STATEMACHINELOGENTRY, WRITE: logData.size=6, stateMachineData.size=17, logEntryProtoSerializedSize=0
2024-10-16 23:56:59,193 [s3@group-E62D24C0526D-StateMachineUpdater] INFO  impl.SimpleStateMachine4Testing (SimpleStateMachine4Testing.java:applyTransaction(250)) - applyTransaction for log index 9
2024-10-16 23:56:59,194 [s3@group-E62D24C0526D-StateMachineUpdater] INFO  impl.SimpleStateMachine4Testing (SimpleStateMachine4Testing.java:put(206)) - s3: put 9, first4 -> (t:1, i:9), STATEMACHINELOGENTRY, WRITE: logData.size=6, stateMachineData.size=17, logEntryProtoSerializedSize=0
2024-10-16 23:56:59,194 [s3@group-E62D24C0526D-StateMachineUpdater] DEBUG impl.TransactionManager (TransactionManager.java:remove(68)) - (t:1, i:9): s3-TransactionManager <empty>
2024-10-16 23:56:59,194 [s1@group-E62D24C0526D-StateMachineUpdater] INFO  impl.SimpleStateMachine4Testing (SimpleStateMachine4Testing.java:applyTransaction(250)) - applyTransaction for log index 9
2024-10-16 23:56:59,194 [s1@group-E62D24C0526D-StateMachineUpdater] INFO  impl.SimpleStateMachine4Testing (SimpleStateMachine4Testing.java:put(206)) - s1: put 9, first4 -> (t:1, i:9), STATEMACHINELOGENTRY, WRITE: logData.size=6, stateMachineData.size=17, logEntryProtoSerializedSize=0
2024-10-16 23:56:59,194 [s1@group-E62D24C0526D-StateMachineUpdater] DEBUG impl.TransactionManager (TransactionManager.java:remove(68)) - (t:1, i:9): s1-TransactionManager <empty>
2024-10-16 23:56:59,201 [main] DEBUG impl.TransactionManager (TransactionManager.java:getMap(49)) - s3-TransactionManager <empty>
2024-10-16 23:56:59,203 [main] DEBUG impl.TransactionManager (TransactionManager.java:getMap(49)) - s4-TransactionManager
  (t:1, i:9): initialized? true
2024-10-16 23:56:59,215 [s4@group-E62D24C0526D-StateMachineUpdater] INFO  impl.SimpleStateMachine4Testing (SimpleStateMachine4Testing.java:applyTransaction(250)) - applyTransaction for log index 9
2024-10-16 23:56:59,215 [s4@group-E62D24C0526D-StateMachineUpdater] INFO  impl.SimpleStateMachine4Testing (SimpleStateMachine4Testing.java:put(206)) - s4: put 9, first4 -> (t:1, i:9), STATEMACHINELOGENTRY, WRITE: logData.size=6, stateMachineData.size=17, logEntryProtoSerializedSize=0
2024-10-16 23:56:59,218 [s4@group-E62D24C0526D-StateMachineUpdater] DEBUG impl.TransactionManager (TransactionManager.java:remove(68)) - (t:1, i:9): s4-TransactionManager <empty>
2024-10-16 23:56:59,218 [s0@group-E62D24C0526D-StateMachineUpdater] INFO  impl.SimpleStateMachine4Testing (SimpleStateMachine4Testing.java:applyTransaction(250)) - applyTransaction for log index 9
2024-10-16 23:56:59,218 [s0@group-E62D24C0526D-StateMachineUpdater] INFO  impl.SimpleStateMachine4Testing (SimpleStateMachine4Testing.java:put(206)) - s0: put 9, first4 -> (t:1, i:9), STATEMACHINELOGENTRY, WRITE: logData.size=6, stateMachineData.size=17, logEntryProtoSerializedSize=0
2024-10-16 23:56:59,219 [s0@group-E62D24C0526D-StateMachineUpdater] DEBUG impl.TransactionManager (TransactionManager.java:remove(68)) - (t:1, i:9): s0-TransactionManager <empty>
2024-10-16 23:56:59,228 [main] INFO  grpc.TestRaftLogTruncateWithGrpc (RaftLogTruncateTests.java:runTestLogTruncate(118)) - killedPeers   : [s3, s4, s0]
2024-10-16 23:56:59,228 [main] INFO  grpc.TestRaftLogTruncateWithGrpc (RaftLogTruncateTests.java:runTestLogTruncate(119)) - remainingPeers: [s2, s1]
2024-10-16 23:56:59,228 [main] INFO  impl.MiniRaftCluster (MiniRaftCluster.java:runWithNewCluster(146)) - printing ALL groups
  s3:  RUNNING  FOLLOWER s3@group-E62D24C0526D:t1, leader=s2, voted=s3, raftlog=Memoized:s3@group-E62D24C0526D-SegmentedRaftLog:OPENED:c9:last(t:1, i:10), conf=conf: {index: 0, cur=peers:[s3|localhost:15012, s4|localhost:15016, s0|localhost:15000, s1|localhost:15004, s2|localhost:15008]|listeners:[], old=null} RUNNING
  s4:  RUNNING  FOLLOWER s4@group-E62D24C0526D:t1, leader=s2, voted=s2, raftlog=Memoized:s4@group-E62D24C0526D-SegmentedRaftLog:OPENED:c9:last(t:1, i:10), conf=conf: {index: 0, cur=peers:[s3|localhost:15012, s4|localhost:15016, s0|localhost:15000, s1|localhost:15004, s2|localhost:15008]|listeners:[], old=null} RUNNING
  s0:  RUNNING  FOLLOWER s0@group-E62D24C0526D:t1, leader=s2, voted=s0, raftlog=Memoized:s0@group-E62D24C0526D-SegmentedRaftLog:OPENED:c9:last(t:1, i:10), conf=conf: {index: 0, cur=peers:[s3|localhost:15012, s4|localhost:15016, s0|localhost:15000, s1|localhost:15004, s2|localhost:15008]|listeners:[], old=null} RUNNING
  s1:  RUNNING  FOLLOWER s1@group-E62D24C0526D:t1, leader=s2, voted=s2, raftlog=Memoized:s1@group-E62D24C0526D-SegmentedRaftLog:OPENED:c9:last(t:1, i:10), conf=conf: {index: 0, cur=peers:[s3|localhost:15012, s4|localhost:15016, s0|localhost:15000, s1|localhost:15004, s2|localhost:15008]|listeners:[], old=null} RUNNING
  s2:  RUNNING    LEADER s2@group-E62D24C0526D:t1, leader=s2, voted=s2, raftlog=Memoized:s2@group-E62D24C0526D-SegmentedRaftLog:OPENED:c10:last(t:1, i:10), conf=conf: {index: 0, cur=peers:[s3|localhost:15012, s4|localhost:15016, s0|localhost:15000, s1|localhost:15004, s2|localhost:15008]|listeners:[], old=null} RUNNING
2024-10-16 23:56:59,229 [main] ERROR impl.MiniRaftCluster (MiniRaftCluster.java:runWithNewCluster(147)) - Failed org.apache.ratis.server.impl.MiniRaftCluster$Factory$Get.runWithNewCluster(MiniRaftCluster.java:121)
org.opentest4j.AssertionFailedError: s4 TransactionContextMap is non-empty: {(t:1, i:9)=Memoized:org.apache.ratis.statemachine.impl.TransactionContextImpl@706690e1} ==> expected: <true> but was: <false>
	at org.junit.jupiter.api.AssertionFailureBuilder.build(AssertionFailureBuilder.java:151)
	at org.junit.jupiter.api.AssertionFailureBuilder.buildAndThrow(AssertionFailureBuilder.java:132)
	at org.junit.jupiter.api.AssertTrue.failNotTrue(AssertTrue.java:63)
	at org.junit.jupiter.api.AssertTrue.assertTrue(AssertTrue.java:42)
	at org.junit.jupiter.api.Assertions.assertTrue(Assertions.java:191)
	at org.apache.ratis.RaftLogTruncateTests.assertEmptyTransactionContextMap(RaftLogTruncateTests.java:244)
	at org.apache.ratis.RaftLogTruncateTests.runTestLogTruncate(RaftLogTruncateTests.java:148)
	at org.apache.ratis.RaftLogTruncateTests.runTestLogTruncate(RaftLogTruncateTests.java:116)
	at org.apache.ratis.server.impl.MiniRaftCluster$Factory$Get.runWithNewCluster(MiniRaftCluster.java:144)
	at org.apache.ratis.server.impl.MiniRaftCluster$Factory$Get.runWithNewCluster(MiniRaftCluster.java:121)
	at org.apache.ratis.RaftLogTruncateTests.testLogTruncate(RaftLogTruncateTests.java:94)
	at sun.reflect.NativeMethodAccessorImpl.invoke0(Native Method)
	at sun.reflect.NativeMethodAccessorImpl.invoke(NativeMethodAccessorImpl.java:62)
	at sun.reflect.DelegatingMethodAccessorImpl.invoke(DelegatingMethodAccessorImpl.java:43)
	at java.lang.reflect.Method.invoke(Method.java:498)
	at org.junit.platform.commons.util.ReflectionUtils.invokeMethod(ReflectionUtils.java:766)
	at org.junit.jupiter.engine.execution.MethodInvocation.proceed(MethodInvocation.java:60)
	at org.junit.jupiter.engine.execution.InvocationInterceptorChain$ValidatingInvocation.proceed(InvocationInterceptorChain.java:131)
	at org.junit.jupiter.engine.extension.SameThreadTimeoutInvocation.proceed(SameThreadTimeoutInvocation.java:45)
	at org.junit.jupiter.engine.extension.TimeoutExtension.intercept(TimeoutExtension.java:156)
	at org.junit.jupiter.engine.extension.TimeoutExtension.interceptTestableMethod(TimeoutExtension.java:147)
	at org.junit.jupiter.engine.extension.TimeoutExtension.interceptTestMethod(TimeoutExtension.java:86)
	at org.junit.jupiter.engine.execution.InterceptingExecutableInvoker$ReflectiveInterceptorCall.lambda$ofVoidMethod$0(InterceptingExecutableInvoker.java:103)
	at org.junit.jupiter.engine.execution.InterceptingExecutableInvoker.lambda$invoke$0(InterceptingExecutableInvoker.java:93)
	at org.junit.jupiter.engine.execution.InvocationInterceptorChain$InterceptedInvocation.proceed(InvocationInterceptorChain.java:106)
	at org.junit.jupiter.engine.execution.InvocationInterceptorChain.proceed(InvocationInterceptorChain.java:64)
	at org.junit.jupiter.engine.execution.InvocationInterceptorChain.chainAndInvoke(InvocationInterceptorChain.java:45)
	at org.junit.jupiter.engine.execution.InvocationInterceptorChain.invoke(InvocationInterceptorChain.java:37)
	at org.junit.jupiter.engine.execution.InterceptingExecutableInvoker.invoke(InterceptingExecutableInvoker.java:92)
	at org.junit.jupiter.engine.execution.InterceptingExecutableInvoker.invoke(InterceptingExecutableInvoker.java:86)
	at org.junit.jupiter.engine.descriptor.TestMethodTestDescriptor.lambda$invokeTestMethod$8(TestMethodTestDescriptor.java:217)
	at org.junit.platform.engine.support.hierarchical.ThrowableCollector.execute(ThrowableCollector.java:73)
	at org.junit.jupiter.engine.descriptor.TestMethodTestDescriptor.invokeTestMethod(TestMethodTestDescriptor.java:213)
	at org.junit.jupiter.engine.descriptor.TestMethodTestDescriptor.execute(TestMethodTestDescriptor.java:138)
	at org.junit.jupiter.engine.descriptor.TestMethodTestDescriptor.execute(TestMethodTestDescriptor.java:68)
	at org.junit.platform.engine.support.hierarchical.NodeTestTask.lambda$executeRecursively$6(NodeTestTask.java:156)
	at org.junit.platform.engine.support.hierarchical.ThrowableCollector.execute(ThrowableCollector.java:73)
	at org.junit.platform.engine.support.hierarchical.NodeTestTask.lambda$executeRecursively$8(NodeTestTask.java:146)
	at org.junit.platform.engine.support.hierarchical.Node.around(Node.java:137)
	at org.junit.platform.engine.support.hierarchical.NodeTestTask.lambda$executeRecursively$9(NodeTestTask.java:144)
	at org.junit.platform.engine.support.hierarchical.ThrowableCollector.execute(ThrowableCollector.java:73)
	at org.junit.platform.engine.support.hierarchical.NodeTestTask.executeRecursively(NodeTestTask.java:143)
	at org.junit.platform.engine.support.hierarchical.NodeTestTask.execute(NodeTestTask.java:100)
	at java.util.ArrayList.forEach(ArrayList.java:1259)
	at org.junit.platform.engine.support.hierarchical.SameThreadHierarchicalTestExecutorService.invokeAll(SameThreadHierarchicalTestExecutorService.java:41)
	at org.junit.platform.engine.support.hierarchical.NodeTestTask.lambda$executeRecursively$6(NodeTestTask.java:160)
	at org.junit.platform.engine.support.hierarchical.ThrowableCollector.execute(ThrowableCollector.java:73)
	at org.junit.platform.engine.support.hierarchical.NodeTestTask.lambda$executeRecursively$8(NodeTestTask.java:146)
	at org.junit.platform.engine.support.hierarchical.Node.around(Node.java:137)
	at org.junit.platform.engine.support.hierarchical.NodeTestTask.lambda$executeRecursively$9(NodeTestTask.java:144)
	at org.junit.platform.engine.support.hierarchical.ThrowableCollector.execute(ThrowableCollector.java:73)
	at org.junit.platform.engine.support.hierarchical.NodeTestTask.executeRecursively(NodeTestTask.java:143)
	at org.junit.platform.engine.support.hierarchical.NodeTestTask.execute(NodeTestTask.java:100)
	at java.util.ArrayList.forEach(ArrayList.java:1259)
	at org.junit.platform.engine.support.hierarchical.SameThreadHierarchicalTestExecutorService.invokeAll(SameThreadHierarchicalTestExecutorService.java:41)
	at org.junit.platform.engine.support.hierarchical.NodeTestTask.lambda$executeRecursively$6(NodeTestTask.java:160)
	at org.junit.platform.engine.support.hierarchical.ThrowableCollector.execute(ThrowableCollector.java:73)
	at org.junit.platform.engine.support.hierarchical.NodeTestTask.lambda$executeRecursively$8(NodeTestTask.java:146)
	at org.junit.platform.engine.support.hierarchical.Node.around(Node.java:137)
	at org.junit.platform.engine.support.hierarchical.NodeTestTask.lambda$executeRecursively$9(NodeTestTask.java:144)
	at org.junit.platform.engine.support.hierarchical.ThrowableCollector.execute(ThrowableCollector.java:73)
	at org.junit.platform.engine.support.hierarchical.NodeTestTask.executeRecursively(NodeTestTask.java:143)
	at org.junit.platform.engine.support.hierarchical.NodeTestTask.execute(NodeTestTask.java:100)
	at org.junit.platform.engine.support.hierarchical.SameThreadHierarchicalTestExecutorService.submit(SameThreadHierarchicalTestExecutorService.java:35)
	at org.junit.platform.engine.support.hierarchical.HierarchicalTestExecutor.execute(HierarchicalTestExecutor.java:57)
	at org.junit.platform.engine.support.hierarchical.HierarchicalTestEngine.execute(HierarchicalTestEngine.java:54)
	at org.junit.platform.launcher.core.EngineExecutionOrchestrator.execute(EngineExecutionOrchestrator.java:198)
	at org.junit.platform.launcher.core.EngineExecutionOrchestrator.execute(EngineExecutionOrchestrator.java:169)
	at org.junit.platform.launcher.core.EngineExecutionOrchestrator.execute(EngineExecutionOrchestrator.java:93)
	at org.junit.platform.launcher.core.EngineExecutionOrchestrator.lambda$execute$0(EngineExecutionOrchestrator.java:58)
	at org.junit.platform.launcher.core.EngineExecutionOrchestrator.withInterceptedStreams(EngineExecutionOrchestrator.java:141)
	at org.junit.platform.launcher.core.EngineExecutionOrchestrator.execute(EngineExecutionOrchestrator.java:57)
	at org.junit.platform.launcher.core.DefaultLauncher.execute(DefaultLauncher.java:103)
	at org.junit.platform.launcher.core.DefaultLauncher.execute(DefaultLauncher.java:85)
	at org.junit.platform.launcher.core.DelegatingLauncher.execute(DelegatingLauncher.java:47)
	at org.junit.platform.launcher.core.SessionPerRequestLauncher.execute(SessionPerRequestLauncher.java:63)
	at org.apache.maven.surefire.junitplatform.JUnitPlatformProvider.invokeAllTests(JUnitPlatformProvider.java:154)
	at org.apache.maven.surefire.junitplatform.JUnitPlatformProvider.invoke(JUnitPlatformProvider.java:123)
	at org.apache.maven.surefire.booter.ForkedBooter.runSuitesInProcess(ForkedBooter.java:377)
	at org.apache.maven.surefire.booter.ForkedBooter.execute(ForkedBooter.java:138)
	at org.apache.maven.surefire.booter.ForkedBooter.run(ForkedBooter.java:465)
	at org.apache.maven.surefire.booter.ForkedBooter.main(ForkedBooter.java:451)
2024-10-16 23:56:59,232 [main] INFO  impl.MiniRaftCluster (MiniRaftCluster.java:shutdown(847)) - ************************************************************** 
2024-10-16 23:56:59,232 [main] INFO  impl.MiniRaftCluster (MiniRaftCluster.java:shutdown(848)) - *** 
2024-10-16 23:56:59,232 [main] INFO  impl.MiniRaftCluster (MiniRaftCluster.java:shutdown(849)) - ***     Stopping MiniRaftClusterWithGrpc
2024-10-16 23:56:59,232 [main] INFO  impl.MiniRaftCluster (MiniRaftCluster.java:shutdown(850)) - *** 
2024-10-16 23:56:59,233 [main] INFO  impl.MiniRaftCluster (MiniRaftCluster.java:shutdown(851)) - ************************************************************** 
2024-10-16 23:56:59,233 [main] INFO  impl.MiniRaftCluster (MiniRaftCluster.java:shutdown(852)) - printing ALL groups
  s3:  RUNNING  FOLLOWER s3@group-E62D24C0526D:t1, leader=s2, voted=s3, raftlog=Memoized:s3@group-E62D24C0526D-SegmentedRaftLog:OPENED:c9:last(t:1, i:10), conf=conf: {index: 0, cur=peers:[s3|localhost:15012, s4|localhost:15016, s0|localhost:15000, s1|localhost:15004, s2|localhost:15008]|listeners:[], old=null} RUNNING
  s4:  RUNNING  FOLLOWER s4@group-E62D24C0526D:t1, leader=s2, voted=s2, raftlog=Memoized:s4@group-E62D24C0526D-SegmentedRaftLog:OPENED:c9:last(t:1, i:10), conf=conf: {index: 0, cur=peers:[s3|localhost:15012, s4|localhost:15016, s0|localhost:15000, s1|localhost:15004, s2|localhost:15008]|listeners:[], old=null} RUNNING
  s0:  RUNNING  FOLLOWER s0@group-E62D24C0526D:t1, leader=s2, voted=s0, raftlog=Memoized:s0@group-E62D24C0526D-SegmentedRaftLog:OPENED:c9:last(t:1, i:10), conf=conf: {index: 0, cur=peers:[s3|localhost:15012, s4|localhost:15016, s0|localhost:15000, s1|localhost:15004, s2|localhost:15008]|listeners:[], old=null} RUNNING
  s1:  RUNNING  FOLLOWER s1@group-E62D24C0526D:t1, leader=s2, voted=s2, raftlog=Memoized:s1@group-E62D24C0526D-SegmentedRaftLog:OPENED:c9:last(t:1, i:10), conf=conf: {index: 0, cur=peers:[s3|localhost:15012, s4|localhost:15016, s0|localhost:15000, s1|localhost:15004, s2|localhost:15008]|listeners:[], old=null} RUNNING
  s2:  RUNNING    LEADER s2@group-E62D24C0526D:t1, leader=s2, voted=s2, raftlog=Memoized:s2@group-E62D24C0526D-SegmentedRaftLog:OPENED:c10:last(t:1, i:10), conf=conf: {index: 0, cur=peers:[s3|localhost:15012, s4|localhost:15016, s0|localhost:15000, s1|localhost:15004, s2|localhost:15008]|listeners:[], old=null} RUNNING
2024-10-16 23:56:59,245 [MiniRaftCluster-2] INFO  server.RaftServer (RaftServerProxy.java:lambda$close$9(418)) - s4: close
2024-10-16 23:56:59,245 [MiniRaftCluster-1] INFO  server.RaftServer (RaftServerProxy.java:lambda$close$9(418)) - s3: close
2024-10-16 23:56:59,246 [MiniRaftCluster-2] INFO  server.GrpcService (GrpcService.java:closeImpl(350)) - s4: shutdown server org.apache.ratis.grpc.server.GrpcClientProtocolService now
2024-10-16 23:56:59,246 [s3-impl-thread1] INFO  server.RaftServer$Division (RaftServerImpl.java:lambda$close$1(515)) - s3@group-E62D24C0526D: shutdown
2024-10-16 23:56:59,246 [s4-impl-thread1] INFO  server.RaftServer$Division (RaftServerImpl.java:lambda$close$1(515)) - s4@group-E62D24C0526D: shutdown
2024-10-16 23:56:59,247 [s4-impl-thread1] INFO  util.JmxRegister (JmxRegister.java:unregister(74)) - Successfully un-registered JMX Bean with object name Ratis:service=RaftServer,group=group-E62D24C0526D,id=s4
2024-10-16 23:56:59,247 [s4-impl-thread1] INFO  impl.RoleInfo (RoleInfo.java:shutdownFollowerState(121)) - s4: shutdown s4@group-E62D24C0526D-FollowerState
2024-10-16 23:56:59,247 [s4@group-E62D24C0526D-FollowerState] INFO  impl.FollowerState (FollowerState.java:runImpl(170)) - s4@group-E62D24C0526D-FollowerState was interrupted
2024-10-16 23:56:59,247 [s4@group-E62D24C0526D-StateMachineUpdater] INFO  impl.StateMachineUpdater (StateMachineUpdater.java:stop(141)) - s4@group-E62D24C0526D-StateMachineUpdater: closing SimpleStateMachine4Testing, lastApplied=(t:1, i:9)
2024-10-16 23:56:59,245 [MiniRaftCluster-4] INFO  server.RaftServer (RaftServerProxy.java:lambda$close$9(418)) - s1: close
2024-10-16 23:56:59,247 [MiniRaftCluster-4] INFO  server.GrpcService (GrpcService.java:closeImpl(350)) - s1: shutdown server org.apache.ratis.grpc.server.GrpcClientProtocolService now
2024-10-16 23:56:59,245 [MiniRaftCluster-3] INFO  server.RaftServer (RaftServerProxy.java:lambda$close$9(418)) - s0: close
2024-10-16 23:56:59,247 [s1-impl-thread1] INFO  server.RaftServer$Division (RaftServerImpl.java:lambda$close$1(515)) - s1@group-E62D24C0526D: shutdown
2024-10-16 23:56:59,248 [s1-impl-thread1] INFO  util.JmxRegister (JmxRegister.java:unregister(74)) - Successfully un-registered JMX Bean with object name Ratis:service=RaftServer,group=group-E62D24C0526D,id=s1
2024-10-16 23:56:59,248 [s1-impl-thread1] INFO  impl.RoleInfo (RoleInfo.java:shutdownFollowerState(121)) - s1: shutdown s1@group-E62D24C0526D-FollowerState
2024-10-16 23:56:59,248 [s1-impl-thread1] INFO  impl.StateMachineUpdater (StateMachineUpdater.java:stopAndJoin(164)) - s1@group-E62D24C0526D-StateMachineUpdater: set stopIndex = 9
2024-10-16 23:56:59,249 [s0-impl-thread1] INFO  server.RaftServer$Division (RaftServerImpl.java:lambda$close$1(515)) - s0@group-E62D24C0526D: shutdown
2024-10-16 23:56:59,249 [s0-impl-thread1] INFO  util.JmxRegister (JmxRegister.java:unregister(74)) - Successfully un-registered JMX Bean with object name Ratis:service=RaftServer,group=group-E62D24C0526D,id=s0
2024-10-16 23:56:59,249 [s0-impl-thread1] INFO  impl.RoleInfo (RoleInfo.java:shutdownFollowerState(121)) - s0: shutdown s0@group-E62D24C0526D-FollowerState
2024-10-16 23:56:59,249 [s0-impl-thread1] INFO  impl.StateMachineUpdater (StateMachineUpdater.java:stopAndJoin(164)) - s0@group-E62D24C0526D-StateMachineUpdater: set stopIndex = 9
2024-10-16 23:56:59,249 [s1@group-E62D24C0526D-FollowerState] INFO  impl.FollowerState (FollowerState.java:runImpl(170)) - s1@group-E62D24C0526D-FollowerState was interrupted
2024-10-16 23:56:59,249 [s0@group-E62D24C0526D-FollowerState] INFO  impl.FollowerState (FollowerState.java:runImpl(170)) - s0@group-E62D24C0526D-FollowerState was interrupted
2024-10-16 23:56:59,250 [s1@group-E62D24C0526D-StateMachineUpdater] INFO  impl.StateMachineUpdater (StateMachineUpdater.java:stop(141)) - s1@group-E62D24C0526D-StateMachineUpdater: closing SimpleStateMachine4Testing, lastApplied=(t:1, i:9)
2024-10-16 23:56:59,247 [s4-impl-thread1] INFO  impl.StateMachineUpdater (StateMachineUpdater.java:stopAndJoin(164)) - s4@group-E62D24C0526D-StateMachineUpdater: set stopIndex = 9
2024-10-16 23:56:59,250 [s4-impl-thread1] INFO  raftlog.RaftLog (SegmentedRaftLog.java:close(567)) - Start closing s4@group-E62D24C0526D-SegmentedRaftLog:OPENED:c9:last(t:1, i:10)
2024-10-16 23:56:59,246 [s3-impl-thread1] INFO  util.JmxRegister (JmxRegister.java:unregister(74)) - Successfully un-registered JMX Bean with object name Ratis:service=RaftServer,group=group-E62D24C0526D,id=s3
2024-10-16 23:56:59,250 [s3-impl-thread1] INFO  impl.RoleInfo (RoleInfo.java:shutdownFollowerState(121)) - s3: shutdown s3@group-E62D24C0526D-FollowerState
2024-10-16 23:56:59,250 [s3-impl-thread1] INFO  impl.StateMachineUpdater (StateMachineUpdater.java:stopAndJoin(164)) - s3@group-E62D24C0526D-StateMachineUpdater: set stopIndex = 9
2024-10-16 23:56:59,251 [s3@group-E62D24C0526D-StateMachineUpdater] INFO  impl.StateMachineUpdater (StateMachineUpdater.java:stop(141)) - s3@group-E62D24C0526D-StateMachineUpdater: closing SimpleStateMachine4Testing, lastApplied=(t:1, i:9)
2024-10-16 23:56:59,246 [MiniRaftCluster-5] INFO  server.RaftServer (RaftServerProxy.java:lambda$close$9(418)) - s2: close
2024-10-16 23:56:59,246 [MiniRaftCluster-1] INFO  server.GrpcService (GrpcService.java:closeImpl(350)) - s3: shutdown server org.apache.ratis.grpc.server.GrpcClientProtocolService now
2024-10-16 23:56:59,251 [s3-impl-thread1] INFO  raftlog.RaftLog (SegmentedRaftLog.java:close(567)) - Start closing s3@group-E62D24C0526D-SegmentedRaftLog:OPENED:c9:last(t:1, i:10)
2024-10-16 23:56:59,251 [s3@group-E62D24C0526D-cacheEviction-AwaitToRun] INFO  util.AwaitToRun (AwaitToRun.java:run(49)) - s3@group-E62D24C0526D-cacheEviction-AwaitToRun-AwaitForSignal is interrupted
2024-10-16 23:56:59,252 [s3@group-E62D24C0526D-FollowerState] INFO  impl.FollowerState (FollowerState.java:runImpl(170)) - s3@group-E62D24C0526D-FollowerState was interrupted
2024-10-16 23:56:59,251 [s1-impl-thread1] INFO  raftlog.RaftLog (SegmentedRaftLog.java:close(567)) - Start closing s1@group-E62D24C0526D-SegmentedRaftLog:OPENED:c9:last(t:1, i:10)
2024-10-16 23:56:59,249 [s0@group-E62D24C0526D-StateMachineUpdater] INFO  impl.StateMachineUpdater (StateMachineUpdater.java:stop(141)) - s0@group-E62D24C0526D-StateMachineUpdater: closing SimpleStateMachine4Testing, lastApplied=(t:1, i:9)
2024-10-16 23:56:59,253 [s1@group-E62D24C0526D-cacheEviction-AwaitToRun] INFO  util.AwaitToRun (AwaitToRun.java:run(49)) - s1@group-E62D24C0526D-cacheEviction-AwaitToRun-AwaitForSignal is interrupted
2024-10-16 23:56:59,248 [MiniRaftCluster-3] INFO  server.GrpcService (GrpcService.java:closeImpl(350)) - s0: shutdown server org.apache.ratis.grpc.server.GrpcClientProtocolService now
2024-10-16 23:56:59,253 [s0-impl-thread1] INFO  raftlog.RaftLog (SegmentedRaftLog.java:close(567)) - Start closing s0@group-E62D24C0526D-SegmentedRaftLog:OPENED:c9:last(t:1, i:10)
2024-10-16 23:56:59,253 [s0@group-E62D24C0526D-cacheEviction-AwaitToRun] INFO  util.AwaitToRun (AwaitToRun.java:run(49)) - s0@group-E62D24C0526D-cacheEviction-AwaitToRun-AwaitForSignal is interrupted
2024-10-16 23:56:59,254 [s0-impl-thread1] INFO  segmented.LogSegment (LogSegment.java:close(348)) - Successfully closed EntryCache-log_inprogress_0
2024-10-16 23:56:59,253 [s3-impl-thread1] INFO  segmented.LogSegment (LogSegment.java:close(348)) - Successfully closed EntryCache-log_inprogress_0
2024-10-16 23:56:59,253 [s4@group-E62D24C0526D-cacheEviction-AwaitToRun] INFO  util.AwaitToRun (AwaitToRun.java:run(49)) - s4@group-E62D24C0526D-cacheEviction-AwaitToRun-AwaitForSignal is interrupted
2024-10-16 23:56:59,257 [MiniRaftCluster-5] INFO  server.GrpcService (GrpcService.java:closeImpl(350)) - s2: shutdown server org.apache.ratis.grpc.server.GrpcClientProtocolService now
2024-10-16 23:56:59,258 [s4-impl-thread1] INFO  segmented.LogSegment (LogSegment.java:close(348)) - Successfully closed EntryCache-log_inprogress_0
2024-10-16 23:56:59,257 [s2-impl-thread1] INFO  server.RaftServer$Division (RaftServerImpl.java:lambda$close$1(515)) - s2@group-E62D24C0526D: shutdown
2024-10-16 23:56:59,258 [s2-impl-thread1] INFO  util.JmxRegister (JmxRegister.java:unregister(74)) - Successfully un-registered JMX Bean with object name Ratis:service=RaftServer,group=group-E62D24C0526D,id=s2
2024-10-16 23:56:59,258 [s2-impl-thread1] INFO  impl.RoleInfo (RoleInfo.java:shutdownLeaderState(103)) - s2: shutdown s2@group-E62D24C0526D-LeaderStateImpl
2024-10-16 23:56:59,259 [s2@group-E62D24C0526D->s3-GrpcLogAppender-LogAppenderDaemon] WARN  server.GrpcLogAppender (GrpcLogAppender.java:mayWait(293)) - s2@group-E62D24C0526D->s3-GrpcLogAppender: Wait interrupted by java.lang.InterruptedException
2024-10-16 23:56:59,259 [s2-impl-thread1] INFO  impl.PendingRequests (PendingRequests.java:sendNotLeaderResponses(287)) - s2@group-E62D24C0526D-PendingRequests: sendNotLeaderResponses
2024-10-16 23:56:59,260 [s2@group-E62D24C0526D->s0-GrpcLogAppender-LogAppenderDaemon] WARN  server.GrpcLogAppender (GrpcLogAppender.java:mayWait(293)) - s2@group-E62D24C0526D->s0-GrpcLogAppender: Wait interrupted by java.lang.InterruptedException
2024-10-16 23:56:59,260 [s2@group-E62D24C0526D->s4-GrpcLogAppender-LogAppenderDaemon] WARN  server.GrpcLogAppender (GrpcLogAppender.java:mayWait(293)) - s2@group-E62D24C0526D->s4-GrpcLogAppender: Wait interrupted by java.lang.InterruptedException
2024-10-16 23:56:59,260 [s2@group-E62D24C0526D->s1-GrpcLogAppender-LogAppenderDaemon] WARN  server.GrpcLogAppender (GrpcLogAppender.java:mayWait(293)) - s2@group-E62D24C0526D->s1-GrpcLogAppender: Wait interrupted by java.lang.InterruptedException
2024-10-16 23:56:59,263 [grpc-default-executor-5] INFO  server.GrpcServerProtocolService (GrpcServerProtocolService.java:onCompleted(200)) - s4: Completed APPEND_ENTRIES, lastRequest: null
2024-10-16 23:56:59,265 [grpc-default-executor-9] INFO  server.GrpcServerProtocolService (GrpcServerProtocolService.java:onCompleted(200)) - s4: Completed APPEND_ENTRIES, lastRequest: s2->s4#41-t1,previous=(t:1, i:9),leaderCommit=9,initializing? false,entries: size=1, first=(t:1, i:10), METADATAENTRY(c:9)
2024-10-16 23:56:59,265 [grpc-default-executor-9] INFO  server.GrpcServerProtocolService (GrpcServerProtocolService.java:lambda$onCompleted$7(202)) - s4: Completed APPEND_ENTRIES, lastReply: null
2024-10-16 23:56:59,265 [grpc-default-executor-3] INFO  server.GrpcServerProtocolService (GrpcServerProtocolService.java:onCompleted(200)) - s0: Completed APPEND_ENTRIES, lastRequest: s2->s0#42-t1,previous=(t:1, i:9),leaderCommit=9,initializing? false,entries: size=1, first=(t:1, i:10), METADATAENTRY(c:9)
2024-10-16 23:56:59,265 [grpc-default-executor-3] INFO  server.GrpcServerProtocolService (GrpcServerProtocolService.java:lambda$onCompleted$7(202)) - s0: Completed APPEND_ENTRIES, lastReply: null
2024-10-16 23:56:59,266 [Thread-117] INFO  server.GrpcServerProtocolClient (GrpcServerProtocolClient.java:close(105)) - s4 Close channels
2024-10-16 23:56:59,268 [s2-impl-thread1] INFO  impl.StateMachineUpdater (StateMachineUpdater.java:stopAndJoin(164)) - s2@group-E62D24C0526D-StateMachineUpdater: set stopIndex = 10
2024-10-16 23:56:59,268 [s2@group-E62D24C0526D-StateMachineUpdater] INFO  impl.StateMachineUpdater (StateMachineUpdater.java:stop(141)) - s2@group-E62D24C0526D-StateMachineUpdater: closing SimpleStateMachine4Testing, lastApplied=(t:1, i:10)
2024-10-16 23:56:59,268 [grpc-default-executor-0] INFO  server.GrpcServerProtocolService (GrpcServerProtocolService.java:onCompleted(200)) - s3: Completed APPEND_ENTRIES, lastRequest: null
2024-10-16 23:56:59,268 [grpc-default-executor-5] INFO  server.GrpcServerProtocolService (GrpcServerProtocolService.java:lambda$onCompleted$7(202)) - s4: Completed APPEND_ENTRIES, lastReply: serverReply {
  requestorId: "s2"
  replyId: "s4"
  raftGroupId {
    id: "\2406\177\202z\375G\360\274\"\346-$\300Rm"
  }
  callId: 7
  success: true
}
term: 1
nextIndex: 1
matchIndex: 18446744073709551615
isHearbeat: true

2024-10-16 23:56:59,268 [grpc-default-executor-0] INFO  server.GrpcServerProtocolService (GrpcServerProtocolService.java:lambda$onCompleted$7(202)) - s3: Completed APPEND_ENTRIES, lastReply: serverReply {
  requestorId: "s2"
  replyId: "s3"
  raftGroupId {
    id: "\2406\177\202z\375G\360\274\"\346-$\300Rm"
  }
  callId: 7
  success: true
}
term: 1
nextIndex: 1
matchIndex: 18446744073709551615
isHearbeat: true

2024-10-16 23:56:59,268 [grpc-default-executor-1] INFO  server.GrpcServerProtocolService (GrpcServerProtocolService.java:onCompleted(200)) - s1: Completed APPEND_ENTRIES, lastRequest: s2->s1#43-t1,previous=(t:1, i:9),leaderCommit=9,initializing? false,entries: size=1, first=(t:1, i:10), METADATAENTRY(c:9)
2024-10-16 23:56:59,269 [grpc-default-executor-1] INFO  server.GrpcServerProtocolService (GrpcServerProtocolService.java:lambda$onCompleted$7(202)) - s1: Completed APPEND_ENTRIES, lastReply: null
2024-10-16 23:56:59,268 [grpc-default-executor-2] INFO  server.GrpcServerProtocolService (GrpcServerProtocolService.java:onCompleted(200)) - s1: Completed APPEND_ENTRIES, lastRequest: null
2024-10-16 23:56:59,269 [grpc-default-executor-2] INFO  server.GrpcServerProtocolService (GrpcServerProtocolService.java:lambda$onCompleted$7(202)) - s1: Completed APPEND_ENTRIES, lastReply: serverReply {
  requestorId: "s2"
  replyId: "s1"
  raftGroupId {
    id: "\2406\177\202z\375G\360\274\"\346-$\300Rm"
  }
  callId: 6
  success: true
}
term: 1
nextIndex: 1
matchIndex: 18446744073709551615
isHearbeat: true

2024-10-16 23:56:59,268 [grpc-default-executor-4] INFO  server.GrpcServerProtocolService (GrpcServerProtocolService.java:onCompleted(200)) - s0: Completed APPEND_ENTRIES, lastRequest: null
2024-10-16 23:56:59,269 [grpc-default-executor-4] INFO  server.GrpcServerProtocolService (GrpcServerProtocolService.java:lambda$onCompleted$7(202)) - s0: Completed APPEND_ENTRIES, lastReply: serverReply {
  requestorId: "s2"
  replyId: "s0"
  raftGroupId {
    id: "\2406\177\202z\375G\360\274\"\346-$\300Rm"
  }
  callId: 6
  success: true
}
term: 1
nextIndex: 1
matchIndex: 18446744073709551615
isHearbeat: true

2024-10-16 23:56:59,270 [grpc-default-executor-1] INFO  server.GrpcLogAppender (GrpcLogAppender.java:onCompleted(559)) - s2@group-E62D24C0526D->s3-AppendLogResponseHandler: follower responses appendEntries COMPLETED
2024-10-16 23:56:59,270 [grpc-default-executor-6] INFO  server.GrpcLogAppender (GrpcLogAppender.java:onCompleted(559)) - s2@group-E62D24C0526D->s0-AppendLogResponseHandler: follower responses appendEntries COMPLETED
2024-10-16 23:56:59,271 [grpc-default-executor-8] INFO  server.GrpcServerProtocolService (GrpcServerProtocolService.java:onCompleted(200)) - s3: Completed APPEND_ENTRIES, lastRequest: s2->s3#35-t1,previous=(t:1, i:9),leaderCommit=9,initializing? false,entries: size=1, first=(t:1, i:10), METADATAENTRY(c:9)
2024-10-16 23:56:59,271 [grpc-default-executor-8] INFO  server.GrpcServerProtocolService (GrpcServerProtocolService.java:lambda$onCompleted$7(202)) - s3: Completed APPEND_ENTRIES, lastReply: null
2024-10-16 23:56:59,271 [grpc-default-executor-4] INFO  server.GrpcLogAppender (GrpcLogAppender.java:onCompleted(559)) - s2@group-E62D24C0526D->s1-AppendLogResponseHandler: follower responses appendEntries COMPLETED
2024-10-16 23:56:59,273 [grpc-default-executor-6] INFO  server.GrpcLogAppender (GrpcLogAppender.java:onCompleted(559)) - s2@group-E62D24C0526D->s1-AppendLogResponseHandler: follower responses appendEntries COMPLETED
2024-10-16 23:56:59,273 [grpc-default-executor-2] INFO  server.GrpcLogAppender (GrpcLogAppender.java:onCompleted(559)) - s2@group-E62D24C0526D->s3-AppendLogResponseHandler: follower responses appendEntries COMPLETED
2024-10-16 23:56:59,275 [grpc-default-executor-6] INFO  server.GrpcLogAppender (GrpcLogAppender.java:onCompleted(559)) - s2@group-E62D24C0526D->s4-AppendLogResponseHandler: follower responses appendEntries COMPLETED
2024-10-16 23:56:59,275 [grpc-default-executor-6] WARN  server.GrpcLogAppender (GrpcLogAppender.java:resetClient(230)) - s2@group-E62D24C0526D->s4-GrpcLogAppender: Failed to getClient for s4
org.apache.ratis.protocol.exceptions.AlreadyClosedException: s2 is already CLOSED
	at org.apache.ratis.util.PeerProxyMap$PeerAndProxy.getProxy(PeerProxyMap.java:67)
	at org.apache.ratis.util.PeerProxyMap.getProxy(PeerProxyMap.java:124)
	at org.apache.ratis.grpc.server.GrpcLogAppender.getClient(GrpcLogAppender.java:200)
	at org.apache.ratis.grpc.server.GrpcLogAppender.resetClient(GrpcLogAppender.java:205)
	at org.apache.ratis.grpc.server.GrpcLogAppender.access$800(GrpcLogAppender.java:64)
	at org.apache.ratis.grpc.server.GrpcLogAppender$AppendLogResponseHandler.onCompleted(GrpcLogAppender.java:560)
	at org.apache.ratis.thirdparty.io.grpc.stub.ClientCalls$StreamObserverToCallListenerAdapter.onClose(ClientCalls.java:479)
	at org.apache.ratis.thirdparty.io.grpc.internal.ClientCallImpl.closeObserver(ClientCallImpl.java:567)
	at org.apache.ratis.thirdparty.io.grpc.internal.ClientCallImpl.access$300(ClientCallImpl.java:71)
	at org.apache.ratis.thirdparty.io.grpc.internal.ClientCallImpl$ClientStreamListenerImpl$1StreamClosed.runInternal(ClientCallImpl.java:735)
	at org.apache.ratis.thirdparty.io.grpc.internal.ClientCallImpl$ClientStreamListenerImpl$1StreamClosed.runInContext(ClientCallImpl.java:716)
	at org.apache.ratis.thirdparty.io.grpc.internal.ContextRunnable.run(ContextRunnable.java:37)
	at org.apache.ratis.thirdparty.io.grpc.internal.SerializingExecutor.run(SerializingExecutor.java:133)
	at java.util.concurrent.ThreadPoolExecutor.runWorker(ThreadPoolExecutor.java:1149)
	at java.util.concurrent.ThreadPoolExecutor$Worker.run(ThreadPoolExecutor.java:624)
	at java.lang.Thread.run(Thread.java:750)
2024-10-16 23:56:59,275 [grpc-default-executor-4] INFO  server.GrpcLogAppender (GrpcLogAppender.java:onCompleted(559)) - s2@group-E62D24C0526D->s0-AppendLogResponseHandler: follower responses appendEntries COMPLETED
2024-10-16 23:56:59,276 [s1-impl-thread1] INFO  segmented.LogSegment (LogSegment.java:close(348)) - Successfully closed EntryCache-log_inprogress_0
2024-10-16 23:56:59,276 [Thread-116] INFO  server.GrpcServerProtocolClient (GrpcServerProtocolClient.java:close(105)) - s3 Close channels
2024-10-16 23:56:59,280 [Thread-118] INFO  server.GrpcServerProtocolClient (GrpcServerProtocolClient.java:close(105)) - s0 Close channels
2024-10-16 23:56:59,284 [Thread-120] INFO  server.GrpcServerProtocolClient (GrpcServerProtocolClient.java:close(105)) - s3 Close channels
2024-10-16 23:56:59,284 [Thread-123] INFO  server.GrpcServerProtocolClient (GrpcServerProtocolClient.java:close(105)) - s1 Close channels
2024-10-16 23:56:59,286 [Thread-125] INFO  server.GrpcServerProtocolClient (GrpcServerProtocolClient.java:close(105)) - s4 Close channels
2024-10-16 23:56:59,286 [Thread-126] INFO  server.GrpcServerProtocolClient (GrpcServerProtocolClient.java:close(105)) - s0 Close channels
2024-10-16 23:56:59,287 [Thread-128] INFO  server.GrpcServerProtocolClient (GrpcServerProtocolClient.java:close(105)) - s2 Close channels
2024-10-16 23:56:59,288 [Thread-129] INFO  server.GrpcServerProtocolClient (GrpcServerProtocolClient.java:close(105)) - s4 Close channels
2024-10-16 23:56:59,288 [Thread-130] INFO  server.GrpcServerProtocolClient (GrpcServerProtocolClient.java:close(105)) - s0 Close channels
2024-10-16 23:56:59,289 [Thread-131] INFO  server.GrpcServerProtocolClient (GrpcServerProtocolClient.java:close(105)) - s1 Close channels
2024-10-16 23:56:59,289 [Thread-132] INFO  server.GrpcServerProtocolClient (GrpcServerProtocolClient.java:close(105)) - s2 Close channels
2024-10-16 23:56:59,290 [Thread-119] INFO  server.GrpcServerProtocolClient (GrpcServerProtocolClient.java:close(105)) - s3 Close channels
2024-10-16 23:56:59,290 [Thread-133] INFO  server.GrpcServerProtocolClient (GrpcServerProtocolClient.java:close(105)) - s4 Close channels
2024-10-16 23:56:59,291 [Thread-135] INFO  server.GrpcServerProtocolClient (GrpcServerProtocolClient.java:close(105)) - s1 Close channels
2024-10-16 23:56:59,292 [s2-impl-thread1] INFO  raftlog.RaftLog (SegmentedRaftLog.java:close(567)) - Start closing s2@group-E62D24C0526D-SegmentedRaftLog:OPENED:c10:last(t:1, i:10)
2024-10-16 23:56:59,292 [s2@group-E62D24C0526D-cacheEviction-AwaitToRun] INFO  util.AwaitToRun (AwaitToRun.java:run(49)) - s2@group-E62D24C0526D-cacheEviction-AwaitToRun-AwaitForSignal is interrupted
2024-10-16 23:56:59,292 [Thread-136] INFO  server.GrpcServerProtocolClient (GrpcServerProtocolClient.java:close(105)) - s2 Close channels
2024-10-16 23:56:59,297 [s2-impl-thread1] INFO  segmented.LogSegment (LogSegment.java:close(348)) - Successfully closed EntryCache-log_inprogress_0
2024-10-16 23:56:59,306 [grpc-default-executor-5] INFO  server.GrpcLogAppender (GrpcLogAppender.java:onCompleted(559)) - s2@group-E62D24C0526D->s4-AppendLogResponseHandler: follower responses appendEntries COMPLETED
2024-10-16 23:56:59,306 [grpc-default-executor-5] WARN  server.GrpcLogAppender (GrpcLogAppender.java:resetClient(230)) - s2@group-E62D24C0526D->s4-GrpcLogAppender: Failed to getClient for s4
org.apache.ratis.protocol.exceptions.AlreadyClosedException: s2 is already CLOSED
	at org.apache.ratis.util.PeerProxyMap$PeerAndProxy.getProxy(PeerProxyMap.java:67)
	at org.apache.ratis.util.PeerProxyMap.getProxy(PeerProxyMap.java:124)
	at org.apache.ratis.grpc.server.GrpcLogAppender.getClient(GrpcLogAppender.java:200)
	at org.apache.ratis.grpc.server.GrpcLogAppender.resetClient(GrpcLogAppender.java:205)
	at org.apache.ratis.grpc.server.GrpcLogAppender.access$800(GrpcLogAppender.java:64)
	at org.apache.ratis.grpc.server.GrpcLogAppender$AppendLogResponseHandler.onCompleted(GrpcLogAppender.java:560)
	at org.apache.ratis.thirdparty.io.grpc.stub.ClientCalls$StreamObserverToCallListenerAdapter.onClose(ClientCalls.java:479)
	at org.apache.ratis.thirdparty.io.grpc.internal.DelayedClientCall$DelayedListener$3.run(DelayedClientCall.java:489)
	at org.apache.ratis.thirdparty.io.grpc.internal.DelayedClientCall$DelayedListener.delayOrExecute(DelayedClientCall.java:453)
	at org.apache.ratis.thirdparty.io.grpc.internal.DelayedClientCall$DelayedListener.onClose(DelayedClientCall.java:486)
	at org.apache.ratis.thirdparty.io.grpc.internal.ClientCallImpl.closeObserver(ClientCallImpl.java:567)
	at org.apache.ratis.thirdparty.io.grpc.internal.ClientCallImpl.access$300(ClientCallImpl.java:71)
	at org.apache.ratis.thirdparty.io.grpc.internal.ClientCallImpl$ClientStreamListenerImpl$1StreamClosed.runInternal(ClientCallImpl.java:735)
	at org.apache.ratis.thirdparty.io.grpc.internal.ClientCallImpl$ClientStreamListenerImpl$1StreamClosed.runInContext(ClientCallImpl.java:716)
	at org.apache.ratis.thirdparty.io.grpc.internal.ContextRunnable.run(ContextRunnable.java:37)
	at org.apache.ratis.thirdparty.io.grpc.internal.SerializingExecutor.run(SerializingExecutor.java:133)
	at java.util.concurrent.ThreadPoolExecutor.runWorker(ThreadPoolExecutor.java:1149)
	at java.util.concurrent.ThreadPoolExecutor$Worker.run(ThreadPoolExecutor.java:624)
	at java.lang.Thread.run(Thread.java:750)
2024-10-16 23:56:59,310 [MiniRaftCluster-4] INFO  server.GrpcService (GrpcService.java:closeImpl(359)) - s1: shutdown server org.apache.ratis.grpc.server.GrpcClientProtocolService successfully
2024-10-16 23:56:59,310 [MiniRaftCluster-4] INFO  server.GrpcService (GrpcService.java:closeImpl(350)) - s1: shutdown server GrpcServerProtocolService now
2024-10-16 23:56:59,310 [MiniRaftCluster-1] INFO  server.GrpcService (GrpcService.java:closeImpl(359)) - s3: shutdown server org.apache.ratis.grpc.server.GrpcClientProtocolService successfully
2024-10-16 23:56:59,311 [MiniRaftCluster-1] INFO  server.GrpcService (GrpcService.java:closeImpl(350)) - s3: shutdown server GrpcServerProtocolService now
2024-10-16 23:56:59,311 [MiniRaftCluster-1] INFO  server.GrpcService (GrpcService.java:closeImpl(359)) - s3: shutdown server GrpcServerProtocolService successfully
2024-10-16 23:56:59,311 [MiniRaftCluster-1] INFO  server.GrpcService (GrpcService.java:closeImpl(350)) - s3: shutdown server org.apache.ratis.grpc.server.GrpcAdminProtocolService now
2024-10-16 23:56:59,312 [MiniRaftCluster-4] INFO  server.GrpcService (GrpcService.java:closeImpl(359)) - s1: shutdown server GrpcServerProtocolService successfully
2024-10-16 23:56:59,312 [MiniRaftCluster-4] INFO  server.GrpcService (GrpcService.java:closeImpl(350)) - s1: shutdown server org.apache.ratis.grpc.server.GrpcAdminProtocolService now
2024-10-16 23:56:59,313 [MiniRaftCluster-1] INFO  server.GrpcService (GrpcService.java:closeImpl(359)) - s3: shutdown server org.apache.ratis.grpc.server.GrpcAdminProtocolService successfully
2024-10-16 23:56:59,313 [MiniRaftCluster-4] INFO  server.GrpcService (GrpcService.java:closeImpl(359)) - s1: shutdown server org.apache.ratis.grpc.server.GrpcAdminProtocolService successfully
2024-10-16 23:56:59,314 [MiniRaftCluster-3] INFO  server.GrpcService (GrpcService.java:closeImpl(359)) - s0: shutdown server org.apache.ratis.grpc.server.GrpcClientProtocolService successfully
2024-10-16 23:56:59,314 [MiniRaftCluster-3] INFO  server.GrpcService (GrpcService.java:closeImpl(350)) - s0: shutdown server GrpcServerProtocolService now
2024-10-16 23:56:59,314 [MiniRaftCluster-3] INFO  server.GrpcService (GrpcService.java:closeImpl(359)) - s0: shutdown server GrpcServerProtocolService successfully
2024-10-16 23:56:59,314 [MiniRaftCluster-3] INFO  server.GrpcService (GrpcService.java:closeImpl(350)) - s0: shutdown server org.apache.ratis.grpc.server.GrpcAdminProtocolService now
2024-10-16 23:56:59,315 [MiniRaftCluster-3] INFO  server.GrpcService (GrpcService.java:closeImpl(359)) - s0: shutdown server org.apache.ratis.grpc.server.GrpcAdminProtocolService successfully
2024-10-16 23:56:59,315 [MiniRaftCluster-2] INFO  server.GrpcService (GrpcService.java:closeImpl(359)) - s4: shutdown server org.apache.ratis.grpc.server.GrpcClientProtocolService successfully
2024-10-16 23:56:59,315 [MiniRaftCluster-2] INFO  server.GrpcService (GrpcService.java:closeImpl(350)) - s4: shutdown server GrpcServerProtocolService now
2024-10-16 23:56:59,316 [MiniRaftCluster-5] INFO  server.GrpcService (GrpcService.java:closeImpl(359)) - s2: shutdown server org.apache.ratis.grpc.server.GrpcClientProtocolService successfully
2024-10-16 23:56:59,316 [MiniRaftCluster-5] INFO  server.GrpcService (GrpcService.java:closeImpl(350)) - s2: shutdown server GrpcServerProtocolService now
2024-10-16 23:56:59,316 [MiniRaftCluster-5] INFO  server.GrpcService (GrpcService.java:closeImpl(359)) - s2: shutdown server GrpcServerProtocolService successfully
2024-10-16 23:56:59,316 [MiniRaftCluster-5] INFO  server.GrpcService (GrpcService.java:closeImpl(350)) - s2: shutdown server org.apache.ratis.grpc.server.GrpcAdminProtocolService now
2024-10-16 23:56:59,316 [MiniRaftCluster-2] INFO  server.GrpcService (GrpcService.java:closeImpl(359)) - s4: shutdown server GrpcServerProtocolService successfully
2024-10-16 23:56:59,317 [MiniRaftCluster-2] INFO  server.GrpcService (GrpcService.java:closeImpl(350)) - s4: shutdown server org.apache.ratis.grpc.server.GrpcAdminProtocolService now
2024-10-16 23:56:59,317 [MiniRaftCluster-5] INFO  server.GrpcService (GrpcService.java:closeImpl(359)) - s2: shutdown server org.apache.ratis.grpc.server.GrpcAdminProtocolService successfully
2024-10-16 23:56:59,319 [MiniRaftCluster-2] INFO  server.GrpcService (GrpcService.java:closeImpl(359)) - s4: shutdown server org.apache.ratis.grpc.server.GrpcAdminProtocolService successfully
2024-10-16 23:56:59,953 [Timer-0] INFO  impl.MiniRaftCluster (MiniRaftCluster.java:lambda$null$7(362)) - TIMED-PRINT: printing ALL groups
  s3:  CLOSING  FOLLOWER s3@group-E62D24C0526D:t1, leader=s2, voted=s3, raftlog=Memoized:s3@group-E62D24C0526D-SegmentedRaftLog:CLOSED:c9, conf=conf: {index: 0, cur=peers:[s3|localhost:15012, s4|localhost:15016, s0|localhost:15000, s1|localhost:15004, s2|localhost:15008]|listeners:[], old=null} CLOSING
  s4:  CLOSING  FOLLOWER s4@group-E62D24C0526D:t1, leader=s2, voted=s2, raftlog=Memoized:s4@group-E62D24C0526D-SegmentedRaftLog:CLOSED:c9, conf=conf: {index: 0, cur=peers:[s3|localhost:15012, s4|localhost:15016, s0|localhost:15000, s1|localhost:15004, s2|localhost:15008]|listeners:[], old=null} CLOSING
  s0:  CLOSING  FOLLOWER s0@group-E62D24C0526D:t1, leader=s2, voted=s0, raftlog=Memoized:s0@group-E62D24C0526D-SegmentedRaftLog:CLOSED:c9, conf=conf: {index: 0, cur=peers:[s3|localhost:15012, s4|localhost:15016, s0|localhost:15000, s1|localhost:15004, s2|localhost:15008]|listeners:[], old=null} CLOSING
  s1:  CLOSING  FOLLOWER s1@group-E62D24C0526D:t1, leader=s2, voted=s2, raftlog=Memoized:s1@group-E62D24C0526D-SegmentedRaftLog:CLOSED:c9, conf=conf: {index: 0, cur=peers:[s3|localhost:15012, s4|localhost:15016, s0|localhost:15000, s1|localhost:15004, s2|localhost:15008]|listeners:[], old=null} CLOSING
  s2:  CLOSING    LEADER s2@group-E62D24C0526D:t1, leader=s2, voted=s2, raftlog=Memoized:s2@group-E62D24C0526D-SegmentedRaftLog:CLOSED:c10, conf=conf: {index: 0, cur=peers:[s3|localhost:15012, s4|localhost:15016, s0|localhost:15000, s1|localhost:15004, s2|localhost:15008]|listeners:[], old=null} CLOSING
2024-10-16 23:57:00,192 [s2-impl-thread1] INFO  segmented.SegmentedRaftLogWorker (SegmentedRaftLogWorker.java:close(253)) - s2@group-E62D24C0526D-SegmentedRaftLogWorker close()
2024-10-16 23:57:00,192 [s2-impl-thread1] INFO  raftlog.RaftLog (SegmentedRaftLog.java:close(575)) - Successfully closed s2@group-E62D24C0526D-SegmentedRaftLog:CLOSED:c10
2024-10-16 23:57:00,194 [s3-impl-thread1] INFO  segmented.SegmentedRaftLogWorker (SegmentedRaftLogWorker.java:close(253)) - s3@group-E62D24C0526D-SegmentedRaftLogWorker close()
2024-10-16 23:57:00,195 [s3-impl-thread1] INFO  raftlog.RaftLog (SegmentedRaftLog.java:close(575)) - Successfully closed s3@group-E62D24C0526D-SegmentedRaftLog:CLOSED:c9
2024-10-16 23:57:00,195 [s1-impl-thread1] INFO  segmented.SegmentedRaftLogWorker (SegmentedRaftLogWorker.java:close(253)) - s1@group-E62D24C0526D-SegmentedRaftLogWorker close()
2024-10-16 23:57:00,196 [s1-impl-thread1] INFO  raftlog.RaftLog (SegmentedRaftLog.java:close(575)) - Successfully closed s1@group-E62D24C0526D-SegmentedRaftLog:CLOSED:c9
2024-10-16 23:57:00,198 [JvmPauseMonitor4] INFO  util.JvmPauseMonitor (JvmPauseMonitor.java:run(152)) - JvmPauseMonitor-s2: Stopped
2024-10-16 23:57:00,202 [JvmPauseMonitor0] INFO  util.JvmPauseMonitor (JvmPauseMonitor.java:run(152)) - JvmPauseMonitor-s3: Stopped
2024-10-16 23:57:00,202 [JvmPauseMonitor3] INFO  util.JvmPauseMonitor (JvmPauseMonitor.java:run(152)) - JvmPauseMonitor-s1: Stopped
2024-10-16 23:57:00,216 [s4-impl-thread1] INFO  segmented.SegmentedRaftLogWorker (SegmentedRaftLogWorker.java:close(253)) - s4@group-E62D24C0526D-SegmentedRaftLogWorker close()
2024-10-16 23:57:00,216 [s4-impl-thread1] INFO  raftlog.RaftLog (SegmentedRaftLog.java:close(575)) - Successfully closed s4@group-E62D24C0526D-SegmentedRaftLog:CLOSED:c9
2024-10-16 23:57:00,217 [JvmPauseMonitor1] INFO  util.JvmPauseMonitor (JvmPauseMonitor.java:run(152)) - JvmPauseMonitor-s4: Stopped
2024-10-16 23:57:00,219 [s0-impl-thread1] INFO  segmented.SegmentedRaftLogWorker (SegmentedRaftLogWorker.java:close(253)) - s0@group-E62D24C0526D-SegmentedRaftLogWorker close()
2024-10-16 23:57:00,219 [s0-impl-thread1] INFO  raftlog.RaftLog (SegmentedRaftLog.java:close(575)) - Successfully closed s0@group-E62D24C0526D-SegmentedRaftLog:CLOSED:c9
2024-10-16 23:57:00,220 [JvmPauseMonitor2] INFO  util.JvmPauseMonitor (JvmPauseMonitor.java:run(152)) - JvmPauseMonitor-s0: Stopped
2024-10-16 23:57:00,221 [main] INFO  impl.MiniRaftCluster (MiniRaftCluster.java:shutdown(885)) - MiniRaftClusterWithGrpc shutdown completed
2024-10-16 23:57:00,221 [main] INFO  ratis.RaftTestUtil (RaftTestUtil.java:gc(593)) - gc 0
2024-10-16 23:57:00,377 [main] INFO  impl.MiniRaftCluster (MiniRaftClusterWithGrpc.java:lambda$null$2(103)) - Checking s3-group-E62D24C0526D
2024-10-16 23:57:00,378 [main] INFO  impl.MiniRaftCluster (MiniRaftClusterWithGrpc.java:lambda$null$2(103)) - Checking s4-group-E62D24C0526D
2024-10-16 23:57:00,378 [main] INFO  impl.MiniRaftCluster (MiniRaftClusterWithGrpc.java:lambda$null$2(103)) - Checking s0-group-E62D24C0526D
2024-10-16 23:57:00,378 [main] INFO  impl.MiniRaftCluster (MiniRaftClusterWithGrpc.java:lambda$null$2(103)) - Checking s1-group-E62D24C0526D
2024-10-16 23:57:00,378 [main] INFO  impl.MiniRaftCluster (MiniRaftClusterWithGrpc.java:lambda$null$2(103)) - Checking s2-group-E62D24C0526D
]]></system-out>
  </testcase>
</testsuite>