<?xml version="1.0" encoding="UTF-8"?>
<testsuite xmlns:xsi="http://www.w3.org/2001/XMLSchema-instance" xsi:noNamespaceSchemaLocation="https://maven.apache.org/surefire/maven-surefire-plugin/xsd/surefire-test-report.xsd" name="org.apache.ratis.datastream.TestNettyDataStreamStarTopologyWithGrpcCluster" time="381.436" tests="4" errors="1" skipped="0" failures="0">
  <properties>
    <property name="awt.toolkit" value="sun.awt.X11.XToolkit"/>
    <property name="file.encoding.pkg" value="sun.io"/>
    <property name="java.specification.version" value="1.8"/>
    <property name="sun.cpu.isalist" value=""/>
    <property name="sun.jnu.encoding" value="UTF-8"/>
    <property name="java.class.path" value="/home/runner/work/ratis/ratis/ratis-test/target/test-classes:/home/runner/work/ratis/ratis/ratis-test/target/classes:/home/runner/work/ratis/ratis/ratis-common/target/classes:/home/runner/.m2/repository/org/apache/ratis/ratis-thirdparty-misc/1.0.0/ratis-thirdparty-misc-1.0.0.jar:/home/runner/work/ratis/ratis/ratis-proto/target/ratis-proto-3.0.0-SNAPSHOT.jar:/home/runner/work/ratis/ratis/ratis-common/target/test-classes:/home/runner/work/ratis/ratis/ratis-client/target/classes:/home/runner/work/ratis/ratis/ratis-server/target/classes:/home/runner/work/ratis/ratis/ratis-server-api/target/classes:/home/runner/work/ratis/ratis/ratis-metrics/target/classes:/home/runner/.m2/repository/io/dropwizard/metrics/metrics-jmx/4.2.9/metrics-jmx-4.2.9.jar:/home/runner/work/ratis/ratis/ratis-server/target/test-classes:/home/runner/work/ratis/ratis/ratis-netty/target/classes:/home/runner/work/ratis/ratis/ratis-netty/target/test-classes:/home/runner/work/ratis/ratis/ratis-grpc/target/classes:/home/runner/work/ratis/ratis/ratis-grpc/target/test-classes:/home/runner/.m2/repository/org/slf4j/slf4j-api/1.7.29/slf4j-api-1.7.29.jar:/home/runner/.m2/repository/org/slf4j/slf4j-log4j12/1.7.29/slf4j-log4j12-1.7.29.jar:/home/runner/.m2/repository/log4j/log4j/1.2.17/log4j-1.2.17.jar:/home/runner/.m2/repository/junit/junit/4.13.2/junit-4.13.2.jar:/home/runner/.m2/repository/org/hamcrest/hamcrest-core/1.3/hamcrest-core-1.3.jar:/home/runner/.m2/repository/org/mockito/mockito-core/4.3.1/mockito-core-4.3.1.jar:/home/runner/.m2/repository/net/bytebuddy/byte-buddy/1.12.7/byte-buddy-1.12.7.jar:/home/runner/.m2/repository/net/bytebuddy/byte-buddy-agent/1.12.7/byte-buddy-agent-1.12.7.jar:/home/runner/.m2/repository/org/objenesis/objenesis/3.2/objenesis-3.2.jar:/home/runner/.m2/repository/io/dropwizard/metrics/metrics-jvm/4.2.9/metrics-jvm-4.2.9.jar:/home/runner/.m2/repository/io/dropwizard/metrics/metrics-core/4.2.9/metrics-core-4.2.9.jar:/home/runner/work/ratis/ratis/ratis-shell/target/classes:/home/runner/.m2/repository/commons-cli/commons-cli/1.5.0/commons-cli-1.5.0.jar:/home/runner/.m2/repository/org/reflections/reflections/0.10.2/reflections-0.10.2.jar:/home/runner/.m2/repository/org/javassist/javassist/3.28.0-GA/javassist-3.28.0-GA.jar:/home/runner/.m2/repository/com/google/code/findbugs/jsr305/3.0.2/jsr305-3.0.2.jar:"/>
    <property name="java.vm.vendor" value="Temurin"/>
    <property name="sun.arch.data.model" value="64"/>
    <property name="java.vendor.url" value="https://adoptium.net/"/>
    <property name="user.timezone" value=""/>
    <property name="java.vm.specification.version" value="1.8"/>
    <property name="os.name" value="Linux"/>
    <property name="sun.java.launcher" value="SUN_STANDARD"/>
    <property name="sun.boot.library.path" value="/usr/lib/jvm/temurin-8-jdk-amd64/jre/lib/amd64"/>
    <property name="sun.java.command" value="/home/runner/work/ratis/ratis/ratis-test/target/surefire/surefirebooter1516071880546185997.jar /home/runner/work/ratis/ratis/ratis-test/target/surefire 2022-07-04T07-06-39_664-jvmRun1 surefire6728511345057967894tmp surefire_356933358277937975151tmp"/>
    <property name="surefire.test.class.path" value="/home/runner/work/ratis/ratis/ratis-test/target/test-classes:/home/runner/work/ratis/ratis/ratis-test/target/classes:/home/runner/work/ratis/ratis/ratis-common/target/classes:/home/runner/.m2/repository/org/apache/ratis/ratis-thirdparty-misc/1.0.0/ratis-thirdparty-misc-1.0.0.jar:/home/runner/work/ratis/ratis/ratis-proto/target/ratis-proto-3.0.0-SNAPSHOT.jar:/home/runner/work/ratis/ratis/ratis-common/target/test-classes:/home/runner/work/ratis/ratis/ratis-client/target/classes:/home/runner/work/ratis/ratis/ratis-server/target/classes:/home/runner/work/ratis/ratis/ratis-server-api/target/classes:/home/runner/work/ratis/ratis/ratis-metrics/target/classes:/home/runner/.m2/repository/io/dropwizard/metrics/metrics-jmx/4.2.9/metrics-jmx-4.2.9.jar:/home/runner/work/ratis/ratis/ratis-server/target/test-classes:/home/runner/work/ratis/ratis/ratis-netty/target/classes:/home/runner/work/ratis/ratis/ratis-netty/target/test-classes:/home/runner/work/ratis/ratis/ratis-grpc/target/classes:/home/runner/work/ratis/ratis/ratis-grpc/target/test-classes:/home/runner/.m2/repository/org/slf4j/slf4j-api/1.7.29/slf4j-api-1.7.29.jar:/home/runner/.m2/repository/org/slf4j/slf4j-log4j12/1.7.29/slf4j-log4j12-1.7.29.jar:/home/runner/.m2/repository/log4j/log4j/1.2.17/log4j-1.2.17.jar:/home/runner/.m2/repository/junit/junit/4.13.2/junit-4.13.2.jar:/home/runner/.m2/repository/org/hamcrest/hamcrest-core/1.3/hamcrest-core-1.3.jar:/home/runner/.m2/repository/org/mockito/mockito-core/4.3.1/mockito-core-4.3.1.jar:/home/runner/.m2/repository/net/bytebuddy/byte-buddy/1.12.7/byte-buddy-1.12.7.jar:/home/runner/.m2/repository/net/bytebuddy/byte-buddy-agent/1.12.7/byte-buddy-agent-1.12.7.jar:/home/runner/.m2/repository/org/objenesis/objenesis/3.2/objenesis-3.2.jar:/home/runner/.m2/repository/io/dropwizard/metrics/metrics-jvm/4.2.9/metrics-jvm-4.2.9.jar:/home/runner/.m2/repository/io/dropwizard/metrics/metrics-core/4.2.9/metrics-core-4.2.9.jar:/home/runner/work/ratis/ratis/ratis-shell/target/classes:/home/runner/.m2/repository/commons-cli/commons-cli/1.5.0/commons-cli-1.5.0.jar:/home/runner/.m2/repository/org/reflections/reflections/0.10.2/reflections-0.10.2.jar:/home/runner/.m2/repository/org/javassist/javassist/3.28.0-GA/javassist-3.28.0-GA.jar:/home/runner/.m2/repository/com/google/code/findbugs/jsr305/3.0.2/jsr305-3.0.2.jar:"/>
    <property name="sun.cpu.endian" value="little"/>
    <property name="user.home" value="/home/runner"/>
    <property name="user.language" value="en"/>
    <property name="java.specification.vendor" value="Oracle Corporation"/>
    <property name="java.home" value="/usr/lib/jvm/temurin-8-jdk-amd64/jre"/>
    <property name="basedir" value="/home/runner/work/ratis/ratis/ratis-test"/>
    <property name="file.separator" value="/"/>
    <property name="line.separator" value="&#10;"/>
    <property name="java.vm.specification.vendor" value="Oracle Corporation"/>
    <property name="java.specification.name" value="Java Platform API Specification"/>
    <property name="java.awt.graphicsenv" value="sun.awt.X11GraphicsEnvironment"/>
    <property name="surefire.real.class.path" value="/home/runner/work/ratis/ratis/ratis-test/target/surefire/surefirebooter1516071880546185997.jar"/>
    <property name="sun.boot.class.path" value="/usr/lib/jvm/temurin-8-jdk-amd64/jre/lib/resources.jar:/usr/lib/jvm/temurin-8-jdk-amd64/jre/lib/rt.jar:/usr/lib/jvm/temurin-8-jdk-amd64/jre/lib/sunrsasign.jar:/usr/lib/jvm/temurin-8-jdk-amd64/jre/lib/jsse.jar:/usr/lib/jvm/temurin-8-jdk-amd64/jre/lib/jce.jar:/usr/lib/jvm/temurin-8-jdk-amd64/jre/lib/charsets.jar:/usr/lib/jvm/temurin-8-jdk-amd64/jre/lib/jfr.jar:/usr/lib/jvm/temurin-8-jdk-amd64/jre/classes"/>
    <property name="sun.management.compiler" value="HotSpot 64-Bit Tiered Compilers"/>
    <property name="java.runtime.version" value="1.8.0_332-b09"/>
    <property name="java.net.preferIPv4Stack" value="true"/>
    <property name="user.name" value="runner"/>
    <property name="path.separator" value=":"/>
    <property name="os.version" value="5.4.0-1085-azure"/>
    <property name="java.endorsed.dirs" value="/usr/lib/jvm/temurin-8-jdk-amd64/jre/lib/endorsed"/>
    <property name="java.runtime.name" value="OpenJDK Runtime Environment"/>
    <property name="file.encoding" value="UTF-8"/>
    <property name="java.vm.name" value="OpenJDK 64-Bit Server VM"/>
    <property name="localRepository" value="/home/runner/.m2/repository"/>
    <property name="java.vendor.url.bug" value="https://github.com/adoptium/adoptium-support/issues"/>
    <property name="java.io.tmpdir" value="/tmp"/>
    <property name="java.version" value="1.8.0_332"/>
    <property name="user.dir" value="/home/runner/work/ratis/ratis/ratis-test"/>
    <property name="os.arch" value="amd64"/>
    <property name="ratis.tmp.dir" value="/home/runner/work/ratis/ratis/ratis-test/target/tmp"/>
    <property name="java.vm.specification.name" value="Java Virtual Machine Specification"/>
    <property name="java.awt.printerjob" value="sun.print.PSPrinterJob"/>
    <property name="ratis.log.dir" value="/home/runner/work/ratis/ratis/ratis-test/target/log"/>
    <property name="sun.os.patch.level" value="unknown"/>
    <property name="java.library.path" value="/usr/java/packages/lib/amd64:/usr/lib64:/lib64:/lib:/usr/lib"/>
    <property name="java.vm.info" value="mixed mode"/>
    <property name="java.vendor" value="Temurin"/>
    <property name="java.vm.version" value="25.332-b09"/>
    <property name="java.ext.dirs" value="/usr/lib/jvm/temurin-8-jdk-amd64/jre/lib/ext:/usr/java/packages/lib/ext"/>
    <property name="sun.io.unicode.encoding" value="UnicodeLittle"/>
    <property name="java.class.version" value="52.0"/>
  </properties>
  <testcase name="testMultipleStreamsSingleServer" classname="org.apache.ratis.datastream.TestNettyDataStreamStarTopologyWithGrpcCluster" time="19.389"/>
  <testcase name="testMultipleStreamsMultipleServers" classname="org.apache.ratis.datastream.TestNettyDataStreamStarTopologyWithGrpcCluster" time="59.19"/>
  <testcase name="testMultipleStreamsMultipleServersStepDownLeader" classname="org.apache.ratis.datastream.TestNettyDataStreamStarTopologyWithGrpcCluster" time="300.009">
    <error message="test timed out after 300 seconds" type="org.junit.runners.model.TestTimedOutException">org.junit.runners.model.TestTimedOutException: test timed out after 300 seconds
	at sun.misc.Unsafe.park(Native Method)
	at java.util.concurrent.locks.LockSupport.park(LockSupport.java:175)
	at java.util.concurrent.CompletableFuture$Signaller.block(CompletableFuture.java:1707)
	at java.util.concurrent.ForkJoinPool.managedBlock(ForkJoinPool.java:3323)
	at java.util.concurrent.CompletableFuture.waitingGet(CompletableFuture.java:1742)
	at java.util.concurrent.CompletableFuture.join(CompletableFuture.java:1947)
	at org.apache.ratis.datastream.DataStreamAsyncClusterTests$$Lambda$395/1507943902.apply(Unknown Source)
	at java.util.stream.ReferencePipeline$3$1.accept(ReferencePipeline.java:193)
	at java.util.ArrayList$ArrayListSpliterator.forEachRemaining(ArrayList.java:1384)
	at java.util.stream.AbstractPipeline.copyInto(AbstractPipeline.java:482)
	at java.util.stream.AbstractPipeline.wrapAndCopyInto(AbstractPipeline.java:472)
	at java.util.stream.ReduceOps$ReduceOp.evaluateSequential(ReduceOps.java:708)
	at java.util.stream.AbstractPipeline.evaluate(AbstractPipeline.java:234)
	at java.util.stream.ReferencePipeline.reduce(ReferencePipeline.java:546)
	at java.util.stream.ReferencePipeline.max(ReferencePipeline.java:582)
	at org.apache.ratis.datastream.DataStreamAsyncClusterTests.runTestDataStream(DataStreamAsyncClusterTests.java:97)
	at org.apache.ratis.datastream.DataStreamAsyncClusterTests.runTestDataStreamStepDownLeader(DataStreamAsyncClusterTests.java:82)
	at org.apache.ratis.datastream.DataStreamAsyncClusterTests$$Lambda$818/164856921.accept(Unknown Source)
	at org.apache.ratis.server.impl.MiniRaftCluster$Factory$Get.runWithNewCluster(MiniRaftCluster.java:125)
	at org.apache.ratis.server.impl.MiniRaftCluster$Factory$Get.runWithNewCluster(MiniRaftCluster.java:113)
	at org.apache.ratis.datastream.DataStreamAsyncClusterTests.testMultipleStreamsMultipleServersStepDownLeader(DataStreamAsyncClusterTests.java:78)
	at sun.reflect.NativeMethodAccessorImpl.invoke0(Native Method)
	at sun.reflect.NativeMethodAccessorImpl.invoke(NativeMethodAccessorImpl.java:62)
	at sun.reflect.DelegatingMethodAccessorImpl.invoke(DelegatingMethodAccessorImpl.java:43)
	at java.lang.reflect.Method.invoke(Method.java:498)
	at org.junit.runners.model.FrameworkMethod$1.runReflectiveCall(FrameworkMethod.java:59)
	at org.junit.internal.runners.model.ReflectiveCallable.run(ReflectiveCallable.java:12)
	at org.junit.runners.model.FrameworkMethod.invokeExplosively(FrameworkMethod.java:56)
	at org.junit.internal.runners.statements.InvokeMethod.evaluate(InvokeMethod.java:17)
	at org.junit.internal.runners.statements.RunAfters.evaluate(RunAfters.java:27)
	at org.junit.internal.runners.statements.FailOnTimeout$CallableStatement.call(FailOnTimeout.java:299)
	at org.junit.internal.runners.statements.FailOnTimeout$CallableStatement.call(FailOnTimeout.java:293)
	at java.util.concurrent.FutureTask.run(FutureTask.java:266)
	at java.lang.Thread.run(Thread.java:750)
</error>
    <system-out><![CDATA[2022-07-04 07:12:24,977 [main] INFO  util.LogUtils (Log4jUtils.java:setLogLevel(32)) - Set org.apache.ratis.conf.ConfUtils log level to WARN
2022-07-04 07:12:24,977 [main] INFO  util.LogUtils (Log4jUtils.java:setLogLevel(32)) - Set org.apache.ratis.util.FileUtils log level to TRACE
2022-07-04 07:12:24,978 [Time-limited test] INFO  impl.MiniRaftCluster (MiniRaftCluster.java:runWithNewCluster(119)) - Running runWithNewCluster
2022-07-04 07:12:24,979 [Time-limited test] INFO  impl.MiniRaftCluster (MiniRaftCluster.java:<init>(272)) - new MiniRaftClusterWithRpcTypeGrpcAndDataStreamTypeNetty with group-3709D9E7CFD8:[s0|rpc:localhost:36085|admin:localhost:45717|client:localhost:38313|dataStream:localhost:45759|priority:0, s1|rpc:localhost:33645|admin:localhost:44907|client:localhost:35641|dataStream:localhost:33417|priority:0, s2|rpc:localhost:34013|admin:localhost:33311|client:localhost:46431|dataStream:localhost:44537|priority:0]
2022-07-04 07:12:24,979 [Time-limited test] INFO  impl.MiniRaftCluster (MiniRaftCluster.java:start(315)) - .............................................................. 
2022-07-04 07:12:24,979 [Time-limited test] INFO  impl.MiniRaftCluster (MiniRaftCluster.java:start(316)) - ... 
2022-07-04 07:12:24,979 [Time-limited test] INFO  impl.MiniRaftCluster (MiniRaftCluster.java:start(317)) - ...     Starting MiniRaftClusterWithRpcTypeGrpcAndDataStreamTypeNetty
2022-07-04 07:12:24,979 [Time-limited test] INFO  impl.MiniRaftCluster (MiniRaftCluster.java:start(318)) - ... 
2022-07-04 07:12:24,979 [Time-limited test] INFO  impl.MiniRaftCluster (MiniRaftCluster.java:start(319)) - .............................................................. 
2022-07-04 07:12:24,979 [Time-limited test] INFO  impl.MiniRaftCluster (MiniRaftCluster.java:initServers(284)) - servers = {}
2022-07-04 07:12:24,979 [Time-limited test] INFO  impl.MiniRaftCluster (MiniRaftCluster.java:newRaftServer(358)) - newRaftServer: s0, group-3709D9E7CFD8:[s0|rpc:localhost:36085|admin:localhost:45717|client:localhost:38313|dataStream:localhost:45759|priority:0, s1|rpc:localhost:33645|admin:localhost:44907|client:localhost:35641|dataStream:localhost:33417|priority:0, s2|rpc:localhost:34013|admin:localhost:33311|client:localhost:46431|dataStream:localhost:44537|priority:0], format? true
2022-07-04 07:12:24,980 [Time-limited test] TRACE util.FileUtils (FileUtils.java:deleteFully(162)) - deleteFully target/test/data/c85744f8/MiniRaftClusterWithRpcTypeGrpcAndDataStreamTypeNetty13fea5ce/s0
2022-07-04 07:12:24,980 [Time-limited test] TRACE util.FileUtils (FileUtils.java:deleteFully(178)) - deleteFully: target/test/data/c85744f8/MiniRaftClusterWithRpcTypeGrpcAndDataStreamTypeNetty13fea5ce/s0 does not exist.
2022-07-04 07:12:24,980 [Time-limited test] INFO  impl.MiniRaftCluster (MiniRaftCluster.java:newRaftServer(363)) - Formatted directory target/test/data/c85744f8/MiniRaftClusterWithRpcTypeGrpcAndDataStreamTypeNetty13fea5ce/s0
2022-07-04 07:12:24,980 [Time-limited test] INFO  server.RaftServer (ConfUtils.java:logGet(46)) - raft.rpc.type = GRPC (default)
2022-07-04 07:12:24,980 [Time-limited test] INFO  grpc.GrpcFactory (GrpcFactory.java:checkPooledByteBufAllocatorUseCacheForAllThreads(48)) - PERFORMANCE WARNING: useCacheForAllThreads is true that may cause Netty to create a lot garbage objects and, as a result, trigger GC.
	It is recommended to disable useCacheForAllThreads by setting -Dorg.apache.ratis.thirdparty.io.netty.allocator.useCacheForAllThreads=false in command line.
2022-07-04 07:12:24,980 [Time-limited test] INFO  grpc.GrpcConfigKeys (ConfUtils.java:logGet(46)) - raft.grpc.admin.port = 45717 (custom)
2022-07-04 07:12:24,980 [Time-limited test] INFO  grpc.GrpcConfigKeys (ConfUtils.java:logGet(46)) - raft.grpc.client.port = 38313 (custom)
2022-07-04 07:12:24,981 [Time-limited test] INFO  grpc.GrpcConfigKeys (ConfUtils.java:logGet(46)) - raft.grpc.server.port = 36085 (custom)
2022-07-04 07:12:24,981 [Time-limited test] INFO  server.GrpcService (ConfUtils.java:logGet(46)) - raft.grpc.message.size.max = 64MB (=67108864) (default)
2022-07-04 07:12:24,981 [Time-limited test] INFO  server.RaftServerConfigKeys (ConfUtils.java:logGet(46)) - raft.server.log.appender.buffer.byte-limit = 4MB (=4194304) (default)
2022-07-04 07:12:24,981 [Time-limited test] INFO  server.GrpcService (ConfUtils.java:logGet(46)) - raft.grpc.flow.control.window = 1MB (=1048576) (default)
2022-07-04 07:12:24,981 [Time-limited test] INFO  server.RaftServerConfigKeys (ConfUtils.java:logGet(46)) - raft.server.rpc.request.timeout = 3000ms (default)
2022-07-04 07:12:24,981 [Time-limited test] INFO  grpc.GrpcConfigKeys (ConfUtils.java:logGet(46)) - raft.grpc.server.async.request.thread.pool.cached = true (default)
2022-07-04 07:12:24,981 [Time-limited test] INFO  grpc.GrpcConfigKeys (ConfUtils.java:logGet(46)) - raft.grpc.server.async.request.thread.pool.size = 32 (default)
2022-07-04 07:12:24,982 [Time-limited test] INFO  impl.DataStreamServerImpl (ConfUtils.java:logGet(46)) - raft.datastream.type = NETTY (custom)
2022-07-04 07:12:24,982 [Time-limited test] INFO  netty.NettyConfigKeys$DataStream (ConfUtils.java:logGet(46)) - raft.netty.dataStream.server.tls.conf = null (default)
2022-07-04 07:12:24,982 [Time-limited test] INFO  server.RaftServerConfigKeys (ConfUtils.java:logGet(46)) - raft.server.data-stream.async.request.thread.pool.cached = false (default)
2022-07-04 07:12:24,982 [Time-limited test] INFO  server.RaftServerConfigKeys (ConfUtils.java:logGet(46)) - raft.server.data-stream.async.request.thread.pool.size = 32 (default)
2022-07-04 07:12:24,983 [Time-limited test] INFO  server.RaftServerConfigKeys (ConfUtils.java:logGet(46)) - raft.server.data-stream.async.write.thread.pool.size = 16 (default)
2022-07-04 07:12:24,983 [Time-limited test] INFO  server.RaftServerConfigKeys (ConfUtils.java:logGet(46)) - raft.server.data-stream.client.pool.size = 10 (default)
2022-07-04 07:12:24,983 [Time-limited test] INFO  netty.NettyConfigKeys$DataStream (ConfUtils.java:logGet(46)) - raft.netty.dataStream.server.use-epoll = false (default)
2022-07-04 07:12:24,983 [Time-limited test] INFO  netty.NettyConfigKeys$DataStream (ConfUtils.java:logGet(46)) - raft.netty.dataStream.server.boss-group.size = 0 (default)
2022-07-04 07:12:24,983 [Time-limited test] INFO  netty.NettyConfigKeys$DataStream (ConfUtils.java:logGet(46)) - raft.netty.dataStream.server.worker-group.size = 0 (default)
2022-07-04 07:12:24,983 [Time-limited test] INFO  netty.NettyConfigKeys$DataStream (ConfUtils.java:logGet(46)) - raft.netty.dataStream.port = 45759 (custom)
2022-07-04 07:12:24,984 [Time-limited test] INFO  server.RaftServerConfigKeys (ConfUtils.java:logGet(46)) - raft.server.threadpool.proxy.cached = true (default)
2022-07-04 07:12:24,985 [Time-limited test] INFO  server.RaftServerConfigKeys (ConfUtils.java:logGet(46)) - raft.server.threadpool.proxy.size = 0 (default)
2022-07-04 07:12:24,985 [Time-limited test] INFO  server.RaftServerConfigKeys (ConfUtils.java:logGet(46)) - raft.server.rpc.slowness.timeout = 60s (default)
2022-07-04 07:12:24,985 [Time-limited test] INFO  server.RaftServerConfigKeys (ConfUtils.java:logGet(46)) - raft.server.leaderelection.leader.step-down.wait-time = 10s (default)
2022-07-04 07:12:24,985 [Time-limited test] INFO  server.RaftServerConfigKeys (ConfUtils.java:logGet(46)) - raft.server.storage.dir = [/home/runner/work/ratis/ratis/ratis-test/target/test/data/c85744f8/MiniRaftClusterWithRpcTypeGrpcAndDataStreamTypeNetty13fea5ce/s0] (custom)
2022-07-04 07:12:24,985 [s0-NettyServerStreamRpc-bossGroup--thread1] INFO  logging.LoggingHandler (AbstractInternalLogger.java:log(148)) - [id: 0x24efd6a8] REGISTERED
2022-07-04 07:12:24,985 [s0-NettyServerStreamRpc-bossGroup--thread1] INFO  logging.LoggingHandler (AbstractInternalLogger.java:log(148)) - [id: 0x24efd6a8] BIND: 0.0.0.0/0.0.0.0:45759
2022-07-04 07:12:24,985 [s0-NettyServerStreamRpc-bossGroup--thread1] INFO  logging.LoggingHandler (AbstractInternalLogger.java:log(148)) - [id: 0x24efd6a8, L:/0.0.0.0:45759] ACTIVE
2022-07-04 07:12:24,986 [Time-limited test] INFO  server.RaftServer (RaftServerProxy.java:addNew(96)) - s0: addNew group-3709D9E7CFD8:[s0|rpc:localhost:36085|admin:localhost:45717|client:localhost:38313|dataStream:localhost:45759|priority:0, s1|rpc:localhost:33645|admin:localhost:44907|client:localhost:35641|dataStream:localhost:33417|priority:0, s2|rpc:localhost:34013|admin:localhost:33311|client:localhost:46431|dataStream:localhost:44537|priority:0] returns group-3709D9E7CFD8:java.util.concurrent.CompletableFuture@224844c0[Not completed]
2022-07-04 07:12:24,986 [pool-10-thread-1] INFO  server.RaftServer$Division (RaftServerImpl.java:<init>(190)) - s0: new RaftServerImpl for group-3709D9E7CFD8:[s0|rpc:localhost:36085|admin:localhost:45717|client:localhost:38313|dataStream:localhost:45759|priority:0, s1|rpc:localhost:33645|admin:localhost:44907|client:localhost:35641|dataStream:localhost:33417|priority:0, s2|rpc:localhost:34013|admin:localhost:33311|client:localhost:46431|dataStream:localhost:44537|priority:0] with MultiDataStreamStateMachine:uninitialized
2022-07-04 07:12:24,986 [pool-10-thread-1] INFO  server.RaftServerConfigKeys (ConfUtils.java:logGet(46)) - raft.server.rpc.timeout.min = 150ms (default)
2022-07-04 07:12:24,986 [pool-10-thread-1] INFO  server.RaftServerConfigKeys (ConfUtils.java:logGet(46)) - raft.server.rpc.timeout.max = 300ms (default)
2022-07-04 07:12:24,986 [pool-10-thread-1] INFO  server.RaftServerConfigKeys (ConfUtils.java:logGet(46)) - raft.server.rpc.sleep.time = 25ms (default)
2022-07-04 07:12:24,986 [pool-10-thread-1] INFO  server.RaftServerConfigKeys (ConfUtils.java:logGet(46)) - raft.server.rpc.slowness.timeout = 60s (default)
2022-07-04 07:12:24,986 [pool-10-thread-1] INFO  server.RaftServerConfigKeys (ConfUtils.java:logGet(46)) - raft.server.leaderelection.leader.step-down.wait-time = 10s (default)
2022-07-04 07:12:24,986 [pool-10-thread-1] INFO  server.RaftServerConfigKeys (ConfUtils.java:logGet(46)) - raft.server.sleep.deviation.threshold = 300ms (default)
2022-07-04 07:12:24,987 [pool-10-thread-1] INFO  server.RaftServer$Division (ServerState.java:<init>(107)) - s0@group-3709D9E7CFD8: ConfigurationManager, init=-1: [s0|rpc:localhost:36085|admin:localhost:45717|client:localhost:38313|dataStream:localhost:45759|priority:0, s1|rpc:localhost:33645|admin:localhost:44907|client:localhost:35641|dataStream:localhost:33417|priority:0, s2|rpc:localhost:34013|admin:localhost:33311|client:localhost:46431|dataStream:localhost:44537|priority:0], old=null, confs=<EMPTY_MAP>
2022-07-04 07:12:24,987 [Time-limited test] INFO  impl.MiniRaftCluster (MiniRaftCluster.java:newRaftServer(358)) - newRaftServer: s1, group-3709D9E7CFD8:[s0|rpc:localhost:36085|admin:localhost:45717|client:localhost:38313|dataStream:localhost:45759|priority:0, s1|rpc:localhost:33645|admin:localhost:44907|client:localhost:35641|dataStream:localhost:33417|priority:0, s2|rpc:localhost:34013|admin:localhost:33311|client:localhost:46431|dataStream:localhost:44537|priority:0], format? true
2022-07-04 07:12:24,987 [Time-limited test] TRACE util.FileUtils (FileUtils.java:deleteFully(162)) - deleteFully target/test/data/c85744f8/MiniRaftClusterWithRpcTypeGrpcAndDataStreamTypeNetty13fea5ce/s1
2022-07-04 07:12:24,987 [Time-limited test] TRACE util.FileUtils (FileUtils.java:deleteFully(178)) - deleteFully: target/test/data/c85744f8/MiniRaftClusterWithRpcTypeGrpcAndDataStreamTypeNetty13fea5ce/s1 does not exist.
2022-07-04 07:12:24,987 [Time-limited test] INFO  impl.MiniRaftCluster (MiniRaftCluster.java:newRaftServer(363)) - Formatted directory target/test/data/c85744f8/MiniRaftClusterWithRpcTypeGrpcAndDataStreamTypeNetty13fea5ce/s1
2022-07-04 07:12:24,987 [pool-10-thread-1] INFO  server.RaftServerConfigKeys (ConfUtils.java:logGet(46)) - raft.server.storage.dir = [/home/runner/work/ratis/ratis/ratis-test/target/test/data/c85744f8/MiniRaftClusterWithRpcTypeGrpcAndDataStreamTypeNetty13fea5ce/s0] (custom)
2022-07-04 07:12:24,988 [pool-10-thread-1] INFO  server.RaftServerConfigKeys (ConfUtils.java:logGet(46)) - raft.server.log.corruption.policy = EXCEPTION (default)
2022-07-04 07:12:24,988 [Time-limited test] INFO  server.RaftServer (ConfUtils.java:logGet(46)) - raft.rpc.type = GRPC (default)
2022-07-04 07:12:24,989 [pool-10-thread-1] INFO  server.RaftServerConfigKeys (ConfUtils.java:logGet(46)) - raft.server.storage.free-space.min = 0MB (=0) (default)
2022-07-04 07:12:24,989 [Time-limited test] INFO  grpc.GrpcFactory (GrpcFactory.java:checkPooledByteBufAllocatorUseCacheForAllThreads(48)) - PERFORMANCE WARNING: useCacheForAllThreads is true that may cause Netty to create a lot garbage objects and, as a result, trigger GC.
	It is recommended to disable useCacheForAllThreads by setting -Dorg.apache.ratis.thirdparty.io.netty.allocator.useCacheForAllThreads=false in command line.
2022-07-04 07:12:24,989 [Time-limited test] INFO  grpc.GrpcConfigKeys (ConfUtils.java:logGet(46)) - raft.grpc.admin.port = 44907 (custom)
2022-07-04 07:12:24,990 [pool-10-thread-1] INFO  storage.RaftStorageDirectory (RaftStorageDirectoryImpl.java:analyzeStorage(136)) - The storage directory /home/runner/work/ratis/ratis/ratis-test/target/test/data/c85744f8/MiniRaftClusterWithRpcTypeGrpcAndDataStreamTypeNetty13fea5ce/s0/85cab365-e59c-4f2e-ab8d-3709d9e7cfd8 does not exist. Creating ...
2022-07-04 07:12:24,990 [Time-limited test] INFO  grpc.GrpcConfigKeys (ConfUtils.java:logGet(46)) - raft.grpc.client.port = 35641 (custom)
2022-07-04 07:12:24,990 [Time-limited test] INFO  grpc.GrpcConfigKeys (ConfUtils.java:logGet(46)) - raft.grpc.server.port = 33645 (custom)
2022-07-04 07:12:24,990 [Time-limited test] INFO  server.GrpcService (ConfUtils.java:logGet(46)) - raft.grpc.message.size.max = 64MB (=67108864) (default)
2022-07-04 07:12:24,990 [Time-limited test] INFO  server.RaftServerConfigKeys (ConfUtils.java:logGet(46)) - raft.server.log.appender.buffer.byte-limit = 4MB (=4194304) (default)
2022-07-04 07:12:24,990 [Time-limited test] INFO  server.GrpcService (ConfUtils.java:logGet(46)) - raft.grpc.flow.control.window = 1MB (=1048576) (default)
2022-07-04 07:12:24,990 [pool-10-thread-1] TRACE util.FileUtils (LogUtils.java:runAndLog(49)) - Successfully ran Files.createDirectories /home/runner/work/ratis/ratis/ratis-test/target/test/data/c85744f8/MiniRaftClusterWithRpcTypeGrpcAndDataStreamTypeNetty13fea5ce/s0/85cab365-e59c-4f2e-ab8d-3709d9e7cfd8
2022-07-04 07:12:24,990 [Time-limited test] INFO  server.RaftServerConfigKeys (ConfUtils.java:logGet(46)) - raft.server.rpc.request.timeout = 3000ms (default)
2022-07-04 07:12:24,990 [Time-limited test] INFO  grpc.GrpcConfigKeys (ConfUtils.java:logGet(46)) - raft.grpc.server.async.request.thread.pool.cached = true (default)
2022-07-04 07:12:24,990 [Time-limited test] INFO  grpc.GrpcConfigKeys (ConfUtils.java:logGet(46)) - raft.grpc.server.async.request.thread.pool.size = 32 (default)
2022-07-04 07:12:24,991 [Time-limited test] INFO  impl.DataStreamServerImpl (ConfUtils.java:logGet(46)) - raft.datastream.type = NETTY (custom)
2022-07-04 07:12:24,991 [Time-limited test] INFO  netty.NettyConfigKeys$DataStream (ConfUtils.java:logGet(46)) - raft.netty.dataStream.server.tls.conf = null (default)
2022-07-04 07:12:24,991 [Time-limited test] INFO  server.RaftServerConfigKeys (ConfUtils.java:logGet(46)) - raft.server.data-stream.async.request.thread.pool.cached = false (default)
2022-07-04 07:12:24,991 [Time-limited test] INFO  server.RaftServerConfigKeys (ConfUtils.java:logGet(46)) - raft.server.data-stream.async.request.thread.pool.size = 32 (default)
2022-07-04 07:12:24,991 [Time-limited test] INFO  server.RaftServerConfigKeys (ConfUtils.java:logGet(46)) - raft.server.data-stream.async.write.thread.pool.size = 16 (default)
2022-07-04 07:12:24,992 [Time-limited test] INFO  server.RaftServerConfigKeys (ConfUtils.java:logGet(46)) - raft.server.data-stream.client.pool.size = 10 (default)
2022-07-04 07:12:24,992 [Time-limited test] INFO  netty.NettyConfigKeys$DataStream (ConfUtils.java:logGet(46)) - raft.netty.dataStream.server.use-epoll = false (default)
2022-07-04 07:12:24,992 [Time-limited test] INFO  netty.NettyConfigKeys$DataStream (ConfUtils.java:logGet(46)) - raft.netty.dataStream.server.boss-group.size = 0 (default)
2022-07-04 07:12:24,992 [Time-limited test] INFO  netty.NettyConfigKeys$DataStream (ConfUtils.java:logGet(46)) - raft.netty.dataStream.server.worker-group.size = 0 (default)
2022-07-04 07:12:24,992 [Time-limited test] INFO  netty.NettyConfigKeys$DataStream (ConfUtils.java:logGet(46)) - raft.netty.dataStream.port = 33417 (custom)
2022-07-04 07:12:24,993 [pool-10-thread-1] INFO  storage.RaftStorageDirectory (RaftStorageDirectoryImpl.java:tryLock(230)) - Lock on /home/runner/work/ratis/ratis/ratis-test/target/test/data/c85744f8/MiniRaftClusterWithRpcTypeGrpcAndDataStreamTypeNetty13fea5ce/s0/85cab365-e59c-4f2e-ab8d-3709d9e7cfd8/in_use.lock acquired by nodename 19366@fv-az54-708.qczjibyfz4dularrisj3jz1gre.bx.internal.cloudapp.net
2022-07-04 07:12:24,993 [pool-10-thread-1] TRACE util.FileUtils (LogUtils.java:runAndLog(49)) - Successfully ran Files.createDirectories /home/runner/work/ratis/ratis/ratis-test/target/test/data/c85744f8/MiniRaftClusterWithRpcTypeGrpcAndDataStreamTypeNetty13fea5ce/s0/85cab365-e59c-4f2e-ab8d-3709d9e7cfd8/current
2022-07-04 07:12:24,993 [pool-10-thread-1] TRACE util.FileUtils (LogUtils.java:runAndLog(49)) - Successfully ran Files.createDirectories /home/runner/work/ratis/ratis/ratis-test/target/test/data/c85744f8/MiniRaftClusterWithRpcTypeGrpcAndDataStreamTypeNetty13fea5ce/s0/85cab365-e59c-4f2e-ab8d-3709d9e7cfd8/sm
2022-07-04 07:12:24,994 [Time-limited test] INFO  server.RaftServerConfigKeys (ConfUtils.java:logGet(46)) - raft.server.threadpool.proxy.cached = true (default)
2022-07-04 07:12:24,994 [s1-NettyServerStreamRpc-bossGroup--thread1] INFO  logging.LoggingHandler (AbstractInternalLogger.java:log(148)) - [id: 0xbdfc82d0] REGISTERED
2022-07-04 07:12:24,994 [s1-NettyServerStreamRpc-bossGroup--thread1] INFO  logging.LoggingHandler (AbstractInternalLogger.java:log(148)) - [id: 0xbdfc82d0] BIND: 0.0.0.0/0.0.0.0:33417
2022-07-04 07:12:24,994 [s1-NettyServerStreamRpc-bossGroup--thread1] INFO  logging.LoggingHandler (AbstractInternalLogger.java:log(148)) - [id: 0xbdfc82d0, L:/0.0.0.0:33417] ACTIVE
2022-07-04 07:12:24,995 [Time-limited test] INFO  server.RaftServerConfigKeys (ConfUtils.java:logGet(46)) - raft.server.threadpool.proxy.size = 0 (default)
2022-07-04 07:12:24,995 [Time-limited test] INFO  server.RaftServerConfigKeys (ConfUtils.java:logGet(46)) - raft.server.rpc.slowness.timeout = 60s (default)
2022-07-04 07:12:24,995 [Time-limited test] INFO  server.RaftServerConfigKeys (ConfUtils.java:logGet(46)) - raft.server.leaderelection.leader.step-down.wait-time = 10s (default)
2022-07-04 07:12:24,997 [Time-limited test] INFO  server.RaftServerConfigKeys (ConfUtils.java:logGet(46)) - raft.server.storage.dir = [/home/runner/work/ratis/ratis/ratis-test/target/test/data/c85744f8/MiniRaftClusterWithRpcTypeGrpcAndDataStreamTypeNetty13fea5ce/s1] (custom)
2022-07-04 07:12:24,997 [pool-10-thread-1] INFO  storage.RaftStorage (RaftStorageImpl.java:format(79)) - Storage directory /home/runner/work/ratis/ratis/ratis-test/target/test/data/c85744f8/MiniRaftClusterWithRpcTypeGrpcAndDataStreamTypeNetty13fea5ce/s0/85cab365-e59c-4f2e-ab8d-3709d9e7cfd8 has been successfully formatted.
2022-07-04 07:12:24,998 [pool-10-thread-1] INFO  server.RaftServerConfigKeys (ConfUtils.java:logGet(46)) - raft.server.notification.no-leader.timeout = 60s (default)
2022-07-04 07:12:24,998 [pool-10-thread-1] INFO  server.RaftServerConfigKeys (ConfUtils.java:logGet(46)) - raft.server.log.use.memory = false (default)
2022-07-04 07:12:24,998 [pool-10-thread-1] INFO  server.RaftServerConfigKeys (ConfUtils.java:logGet(46)) - raft.server.log.purge.gap = 1024 (default)
2022-07-04 07:12:24,998 [pool-10-thread-1] INFO  server.RaftServerConfigKeys (ConfUtils.java:logGet(46)) - raft.server.log.appender.buffer.byte-limit = 4MB (=4194304) (default)
2022-07-04 07:12:24,998 [pool-10-thread-1] INFO  server.RaftServerConfigKeys (ConfUtils.java:logGet(46)) - raft.server.log.statemachine.data.read.timeout = 1000ms (default)
2022-07-04 07:12:24,998 [pool-10-thread-1] INFO  server.RaftServerConfigKeys (ConfUtils.java:logGet(46)) - raft.server.log.segment.size.max = 8MB (=8388608) (default)
2022-07-04 07:12:24,999 [pool-10-thread-1] INFO  server.RaftServerConfigKeys (ConfUtils.java:logGet(46)) - raft.server.log.segment.cache.num.max = 6 (default)
2022-07-04 07:12:24,999 [pool-10-thread-1] INFO  server.RaftServerConfigKeys (ConfUtils.java:logGet(46)) - raft.server.log.segment.cache.size.max = 200MB (=209715200) (default)
2022-07-04 07:12:25,000 [pool-10-thread-1] INFO  segmented.SegmentedRaftLogWorker (SegmentedRaftLogWorker.java:<init>(187)) - new s0@group-3709D9E7CFD8-SegmentedRaftLogWorker for RaftStorageImpl:Storage Directory /home/runner/work/ratis/ratis/ratis-test/target/test/data/c85744f8/MiniRaftClusterWithRpcTypeGrpcAndDataStreamTypeNetty13fea5ce/s0/85cab365-e59c-4f2e-ab8d-3709d9e7cfd8
2022-07-04 07:12:25,000 [pool-10-thread-1] INFO  server.RaftServerConfigKeys (ConfUtils.java:logGet(46)) - raft.server.log.queue.byte-limit = 64MB (=67108864) (default)
2022-07-04 07:12:25,000 [pool-10-thread-1] INFO  server.RaftServerConfigKeys (ConfUtils.java:logGet(46)) - raft.server.log.queue.element-limit = 4096 (default)
2022-07-04 07:12:25,000 [pool-10-thread-1] INFO  server.RaftServerConfigKeys (ConfUtils.java:logGet(46)) - raft.server.log.segment.size.max = 8MB (=8388608) (default)
2022-07-04 07:12:25,002 [Time-limited test] INFO  server.RaftServer (RaftServerProxy.java:addNew(96)) - s1: addNew group-3709D9E7CFD8:[s0|rpc:localhost:36085|admin:localhost:45717|client:localhost:38313|dataStream:localhost:45759|priority:0, s1|rpc:localhost:33645|admin:localhost:44907|client:localhost:35641|dataStream:localhost:33417|priority:0, s2|rpc:localhost:34013|admin:localhost:33311|client:localhost:46431|dataStream:localhost:44537|priority:0] returns group-3709D9E7CFD8:java.util.concurrent.CompletableFuture@7a03882[Not completed]
2022-07-04 07:12:25,003 [pool-11-thread-1] INFO  server.RaftServer$Division (RaftServerImpl.java:<init>(190)) - s1: new RaftServerImpl for group-3709D9E7CFD8:[s0|rpc:localhost:36085|admin:localhost:45717|client:localhost:38313|dataStream:localhost:45759|priority:0, s1|rpc:localhost:33645|admin:localhost:44907|client:localhost:35641|dataStream:localhost:33417|priority:0, s2|rpc:localhost:34013|admin:localhost:33311|client:localhost:46431|dataStream:localhost:44537|priority:0] with MultiDataStreamStateMachine:uninitialized
2022-07-04 07:12:25,003 [Time-limited test] INFO  impl.MiniRaftCluster (MiniRaftCluster.java:newRaftServer(358)) - newRaftServer: s2, group-3709D9E7CFD8:[s0|rpc:localhost:36085|admin:localhost:45717|client:localhost:38313|dataStream:localhost:45759|priority:0, s1|rpc:localhost:33645|admin:localhost:44907|client:localhost:35641|dataStream:localhost:33417|priority:0, s2|rpc:localhost:34013|admin:localhost:33311|client:localhost:46431|dataStream:localhost:44537|priority:0], format? true
2022-07-04 07:12:25,007 [Time-limited test] TRACE util.FileUtils (FileUtils.java:deleteFully(162)) - deleteFully target/test/data/c85744f8/MiniRaftClusterWithRpcTypeGrpcAndDataStreamTypeNetty13fea5ce/s2
2022-07-04 07:12:25,007 [Time-limited test] TRACE util.FileUtils (FileUtils.java:deleteFully(178)) - deleteFully: target/test/data/c85744f8/MiniRaftClusterWithRpcTypeGrpcAndDataStreamTypeNetty13fea5ce/s2 does not exist.
2022-07-04 07:12:25,007 [Time-limited test] INFO  impl.MiniRaftCluster (MiniRaftCluster.java:newRaftServer(363)) - Formatted directory target/test/data/c85744f8/MiniRaftClusterWithRpcTypeGrpcAndDataStreamTypeNetty13fea5ce/s2
2022-07-04 07:12:25,007 [Time-limited test] INFO  server.RaftServer (ConfUtils.java:logGet(46)) - raft.rpc.type = GRPC (default)
2022-07-04 07:12:25,007 [Time-limited test] INFO  grpc.GrpcFactory (GrpcFactory.java:checkPooledByteBufAllocatorUseCacheForAllThreads(48)) - PERFORMANCE WARNING: useCacheForAllThreads is true that may cause Netty to create a lot garbage objects and, as a result, trigger GC.
	It is recommended to disable useCacheForAllThreads by setting -Dorg.apache.ratis.thirdparty.io.netty.allocator.useCacheForAllThreads=false in command line.
2022-07-04 07:12:25,007 [Time-limited test] INFO  grpc.GrpcConfigKeys (ConfUtils.java:logGet(46)) - raft.grpc.admin.port = 33311 (custom)
2022-07-04 07:12:25,007 [Time-limited test] INFO  grpc.GrpcConfigKeys (ConfUtils.java:logGet(46)) - raft.grpc.client.port = 46431 (custom)
2022-07-04 07:12:25,008 [Time-limited test] INFO  grpc.GrpcConfigKeys (ConfUtils.java:logGet(46)) - raft.grpc.server.port = 34013 (custom)
2022-07-04 07:12:25,008 [Time-limited test] INFO  server.GrpcService (ConfUtils.java:logGet(46)) - raft.grpc.message.size.max = 64MB (=67108864) (default)
2022-07-04 07:12:25,008 [Time-limited test] INFO  server.RaftServerConfigKeys (ConfUtils.java:logGet(46)) - raft.server.log.appender.buffer.byte-limit = 4MB (=4194304) (default)
2022-07-04 07:12:25,008 [Time-limited test] INFO  server.GrpcService (ConfUtils.java:logGet(46)) - raft.grpc.flow.control.window = 1MB (=1048576) (default)
2022-07-04 07:12:25,008 [Time-limited test] INFO  server.RaftServerConfigKeys (ConfUtils.java:logGet(46)) - raft.server.rpc.request.timeout = 3000ms (default)
2022-07-04 07:12:25,008 [Time-limited test] INFO  grpc.GrpcConfigKeys (ConfUtils.java:logGet(46)) - raft.grpc.server.async.request.thread.pool.cached = true (default)
2022-07-04 07:12:25,008 [Time-limited test] INFO  grpc.GrpcConfigKeys (ConfUtils.java:logGet(46)) - raft.grpc.server.async.request.thread.pool.size = 32 (default)
2022-07-04 07:12:25,009 [Time-limited test] INFO  impl.DataStreamServerImpl (ConfUtils.java:logGet(46)) - raft.datastream.type = NETTY (custom)
2022-07-04 07:12:25,009 [Time-limited test] INFO  netty.NettyConfigKeys$DataStream (ConfUtils.java:logGet(46)) - raft.netty.dataStream.server.tls.conf = null (default)
2022-07-04 07:12:25,009 [Time-limited test] INFO  server.RaftServerConfigKeys (ConfUtils.java:logGet(46)) - raft.server.data-stream.async.request.thread.pool.cached = false (default)
2022-07-04 07:12:25,009 [Time-limited test] INFO  server.RaftServerConfigKeys (ConfUtils.java:logGet(46)) - raft.server.data-stream.async.request.thread.pool.size = 32 (default)
2022-07-04 07:12:25,009 [Time-limited test] INFO  server.RaftServerConfigKeys (ConfUtils.java:logGet(46)) - raft.server.data-stream.async.write.thread.pool.size = 16 (default)
2022-07-04 07:12:25,009 [Time-limited test] INFO  server.RaftServerConfigKeys (ConfUtils.java:logGet(46)) - raft.server.data-stream.client.pool.size = 10 (default)
2022-07-04 07:12:25,009 [Time-limited test] INFO  netty.NettyConfigKeys$DataStream (ConfUtils.java:logGet(46)) - raft.netty.dataStream.server.use-epoll = false (default)
2022-07-04 07:12:25,009 [Time-limited test] INFO  netty.NettyConfigKeys$DataStream (ConfUtils.java:logGet(46)) - raft.netty.dataStream.server.boss-group.size = 0 (default)
2022-07-04 07:12:25,010 [Time-limited test] INFO  netty.NettyConfigKeys$DataStream (ConfUtils.java:logGet(46)) - raft.netty.dataStream.server.worker-group.size = 0 (default)
2022-07-04 07:12:25,010 [Time-limited test] INFO  netty.NettyConfigKeys$DataStream (ConfUtils.java:logGet(46)) - raft.netty.dataStream.port = 44537 (custom)
2022-07-04 07:12:25,010 [Time-limited test] INFO  server.RaftServerConfigKeys (ConfUtils.java:logGet(46)) - raft.server.threadpool.proxy.cached = true (default)
2022-07-04 07:12:25,010 [Time-limited test] INFO  server.RaftServerConfigKeys (ConfUtils.java:logGet(46)) - raft.server.threadpool.proxy.size = 0 (default)
2022-07-04 07:12:25,010 [Time-limited test] INFO  server.RaftServerConfigKeys (ConfUtils.java:logGet(46)) - raft.server.rpc.slowness.timeout = 60s (default)
2022-07-04 07:12:25,011 [Time-limited test] INFO  server.RaftServerConfigKeys (ConfUtils.java:logGet(46)) - raft.server.leaderelection.leader.step-down.wait-time = 10s (default)
2022-07-04 07:12:25,011 [pool-10-thread-1] INFO  server.RaftServerConfigKeys (ConfUtils.java:logGet(46)) - raft.server.log.preallocated.size = 4MB (=4194304) (default)
2022-07-04 07:12:25,015 [pool-10-thread-1] INFO  server.RaftServerConfigKeys (ConfUtils.java:logGet(46)) - raft.server.log.force.sync.num = 128 (default)
2022-07-04 07:12:25,015 [pool-10-thread-1] INFO  server.RaftServerConfigKeys (ConfUtils.java:logGet(46)) - raft.server.log.statemachine.data.sync = true (default)
2022-07-04 07:12:25,015 [pool-10-thread-1] INFO  server.RaftServerConfigKeys (ConfUtils.java:logGet(46)) - raft.server.log.statemachine.data.sync.timeout = 10s (default)
2022-07-04 07:12:25,015 [pool-10-thread-1] INFO  server.RaftServerConfigKeys (ConfUtils.java:logGet(46)) - raft.server.log.statemachine.data.sync.timeout.retry = -1 (default)
2022-07-04 07:12:25,015 [pool-10-thread-1] INFO  server.RaftServerConfigKeys (ConfUtils.java:logGet(46)) - raft.server.log.write.buffer.size = 64KB (=65536) (default)
2022-07-04 07:12:25,015 [pool-10-thread-1] INFO  server.RaftServerConfigKeys (ConfUtils.java:logGet(46)) - raft.server.log.unsafe-flush.enabled = false (default)
2022-07-04 07:12:25,015 [pool-10-thread-1] INFO  server.RaftServerConfigKeys (ConfUtils.java:logGet(46)) - raft.server.log.statemachine.data.caching.enabled = false (default)
2022-07-04 07:12:25,015 [pool-10-thread-1] INFO  segmented.SegmentedRaftLogWorker (SegmentedRaftLogWorker.java:lambda$new$0(135)) - s0@group-3709D9E7CFD8-SegmentedRaftLogWorker: flushIndex: setUnconditionally 0 -> -1
2022-07-04 07:12:25,015 [pool-10-thread-1] INFO  segmented.SegmentedRaftLogWorker (SegmentedRaftLogWorker.java:lambda$new$0(135)) - s0@group-3709D9E7CFD8-SegmentedRaftLogWorker: safeCacheEvictIndex: setUnconditionally 0 -> -1
2022-07-04 07:12:25,016 [pool-10-thread-1] INFO  server.RaftServerConfigKeys (ConfUtils.java:logGet(46)) - raft.server.snapshot.auto.trigger.enabled = false (default)
2022-07-04 07:12:25,016 [pool-10-thread-1] INFO  server.RaftServerConfigKeys (ConfUtils.java:logGet(46)) - raft.server.snapshot.retention.file.num = -1 (default)
2022-07-04 07:12:25,016 [pool-10-thread-1] INFO  server.RaftServerConfigKeys (ConfUtils.java:logGet(46)) - raft.server.log.purge.upto.snapshot.index = false (default)
2022-07-04 07:12:25,016 [pool-10-thread-1] INFO  server.RaftServerConfigKeys (ConfUtils.java:logGet(46)) - raft.server.retrycache.expirytime = 60s (default)
2022-07-04 07:12:25,016 [pool-10-thread-1] INFO  server.RaftServerConfigKeys (ConfUtils.java:logGet(46)) - raft.server.retrycache.statistics.expirytime = 100μs (default)
2022-07-04 07:12:25,011 [pool-11-thread-1] INFO  server.RaftServerConfigKeys (ConfUtils.java:logGet(46)) - raft.server.rpc.timeout.min = 150ms (default)
2022-07-04 07:12:25,016 [s2-NettyServerStreamRpc-bossGroup--thread1] INFO  logging.LoggingHandler (AbstractInternalLogger.java:log(148)) - [id: 0xa39719b2] REGISTERED
2022-07-04 07:12:25,017 [s2-NettyServerStreamRpc-bossGroup--thread1] INFO  logging.LoggingHandler (AbstractInternalLogger.java:log(148)) - [id: 0xa39719b2] BIND: 0.0.0.0/0.0.0.0:44537
2022-07-04 07:12:25,017 [s2-NettyServerStreamRpc-bossGroup--thread1] INFO  logging.LoggingHandler (AbstractInternalLogger.java:log(148)) - [id: 0xa39719b2, L:/0.0.0.0:44537] ACTIVE
2022-07-04 07:12:25,017 [pool-10-thread-1] INFO  server.RaftServerConfigKeys (ConfUtils.java:logGet(46)) - raft.server.log.appender.install.snapshot.enabled = true (default)
2022-07-04 07:12:25,017 [pool-10-thread-1] INFO  server.RaftServerConfigKeys (ConfUtils.java:logGet(46)) - raft.server.threadpool.server.cached = true (default)
2022-07-04 07:12:25,017 [pool-10-thread-1] INFO  server.RaftServerConfigKeys (ConfUtils.java:logGet(46)) - raft.server.threadpool.server.size = 0 (default)
2022-07-04 07:12:25,017 [pool-10-thread-1] INFO  server.RaftServerConfigKeys (ConfUtils.java:logGet(46)) - raft.server.threadpool.client.cached = true (default)
2022-07-04 07:12:25,017 [pool-10-thread-1] INFO  server.RaftServerConfigKeys (ConfUtils.java:logGet(46)) - raft.server.threadpool.client.size = 0 (default)
2022-07-04 07:12:25,015 [Time-limited test] INFO  server.RaftServerConfigKeys (ConfUtils.java:logGet(46)) - raft.server.storage.dir = [/home/runner/work/ratis/ratis/ratis-test/target/test/data/c85744f8/MiniRaftClusterWithRpcTypeGrpcAndDataStreamTypeNetty13fea5ce/s2] (custom)
2022-07-04 07:12:25,019 [pool-11-thread-1] INFO  server.RaftServerConfigKeys (ConfUtils.java:logGet(46)) - raft.server.rpc.timeout.max = 300ms (default)
2022-07-04 07:12:25,019 [pool-11-thread-1] INFO  server.RaftServerConfigKeys (ConfUtils.java:logGet(46)) - raft.server.rpc.sleep.time = 25ms (default)
2022-07-04 07:12:25,019 [pool-11-thread-1] INFO  server.RaftServerConfigKeys (ConfUtils.java:logGet(46)) - raft.server.rpc.slowness.timeout = 60s (default)
2022-07-04 07:12:25,019 [pool-11-thread-1] INFO  server.RaftServerConfigKeys (ConfUtils.java:logGet(46)) - raft.server.leaderelection.leader.step-down.wait-time = 10s (default)
2022-07-04 07:12:25,019 [pool-11-thread-1] INFO  server.RaftServerConfigKeys (ConfUtils.java:logGet(46)) - raft.server.sleep.deviation.threshold = 300ms (default)
2022-07-04 07:12:25,019 [pool-11-thread-1] INFO  server.RaftServer$Division (ServerState.java:<init>(107)) - s1@group-3709D9E7CFD8: ConfigurationManager, init=-1: [s0|rpc:localhost:36085|admin:localhost:45717|client:localhost:38313|dataStream:localhost:45759|priority:0, s1|rpc:localhost:33645|admin:localhost:44907|client:localhost:35641|dataStream:localhost:33417|priority:0, s2|rpc:localhost:34013|admin:localhost:33311|client:localhost:46431|dataStream:localhost:44537|priority:0], old=null, confs=<EMPTY_MAP>
2022-07-04 07:12:25,019 [pool-11-thread-1] INFO  server.RaftServerConfigKeys (ConfUtils.java:logGet(46)) - raft.server.storage.dir = [/home/runner/work/ratis/ratis/ratis-test/target/test/data/c85744f8/MiniRaftClusterWithRpcTypeGrpcAndDataStreamTypeNetty13fea5ce/s1] (custom)
2022-07-04 07:12:25,019 [pool-11-thread-1] INFO  server.RaftServerConfigKeys (ConfUtils.java:logGet(46)) - raft.server.log.corruption.policy = EXCEPTION (default)
2022-07-04 07:12:25,020 [pool-11-thread-1] INFO  server.RaftServerConfigKeys (ConfUtils.java:logGet(46)) - raft.server.storage.free-space.min = 0MB (=0) (default)
2022-07-04 07:12:25,020 [pool-11-thread-1] INFO  storage.RaftStorageDirectory (RaftStorageDirectoryImpl.java:analyzeStorage(136)) - The storage directory /home/runner/work/ratis/ratis/ratis-test/target/test/data/c85744f8/MiniRaftClusterWithRpcTypeGrpcAndDataStreamTypeNetty13fea5ce/s1/85cab365-e59c-4f2e-ab8d-3709d9e7cfd8 does not exist. Creating ...
2022-07-04 07:12:25,020 [pool-11-thread-1] TRACE util.FileUtils (LogUtils.java:runAndLog(49)) - Successfully ran Files.createDirectories /home/runner/work/ratis/ratis/ratis-test/target/test/data/c85744f8/MiniRaftClusterWithRpcTypeGrpcAndDataStreamTypeNetty13fea5ce/s1/85cab365-e59c-4f2e-ab8d-3709d9e7cfd8
2022-07-04 07:12:25,021 [Time-limited test] INFO  server.RaftServer (RaftServerProxy.java:addNew(96)) - s2: addNew group-3709D9E7CFD8:[s0|rpc:localhost:36085|admin:localhost:45717|client:localhost:38313|dataStream:localhost:45759|priority:0, s1|rpc:localhost:33645|admin:localhost:44907|client:localhost:35641|dataStream:localhost:33417|priority:0, s2|rpc:localhost:34013|admin:localhost:33311|client:localhost:46431|dataStream:localhost:44537|priority:0] returns group-3709D9E7CFD8:java.util.concurrent.CompletableFuture@ac94e11[Not completed]
2022-07-04 07:12:25,021 [pool-11-thread-1] INFO  storage.RaftStorageDirectory (RaftStorageDirectoryImpl.java:tryLock(230)) - Lock on /home/runner/work/ratis/ratis/ratis-test/target/test/data/c85744f8/MiniRaftClusterWithRpcTypeGrpcAndDataStreamTypeNetty13fea5ce/s1/85cab365-e59c-4f2e-ab8d-3709d9e7cfd8/in_use.lock acquired by nodename 19366@fv-az54-708.qczjibyfz4dularrisj3jz1gre.bx.internal.cloudapp.net
2022-07-04 07:12:25,021 [pool-11-thread-1] TRACE util.FileUtils (LogUtils.java:runAndLog(49)) - Successfully ran Files.createDirectories /home/runner/work/ratis/ratis/ratis-test/target/test/data/c85744f8/MiniRaftClusterWithRpcTypeGrpcAndDataStreamTypeNetty13fea5ce/s1/85cab365-e59c-4f2e-ab8d-3709d9e7cfd8/current
2022-07-04 07:12:25,021 [pool-11-thread-1] TRACE util.FileUtils (LogUtils.java:runAndLog(49)) - Successfully ran Files.createDirectories /home/runner/work/ratis/ratis/ratis-test/target/test/data/c85744f8/MiniRaftClusterWithRpcTypeGrpcAndDataStreamTypeNetty13fea5ce/s1/85cab365-e59c-4f2e-ab8d-3709d9e7cfd8/sm
2022-07-04 07:12:25,021 [s0-impl-thread1] INFO  server.RaftServer$Division (RaftServerImpl.java:start(310)) - s0@group-3709D9E7CFD8: start as a follower, conf=-1: [s0|rpc:localhost:36085|admin:localhost:45717|client:localhost:38313|dataStream:localhost:45759|priority:0, s1|rpc:localhost:33645|admin:localhost:44907|client:localhost:35641|dataStream:localhost:33417|priority:0, s2|rpc:localhost:34013|admin:localhost:33311|client:localhost:46431|dataStream:localhost:44537|priority:0], old=null
2022-07-04 07:12:25,023 [pool-11-thread-1] INFO  storage.RaftStorage (RaftStorageImpl.java:format(79)) - Storage directory /home/runner/work/ratis/ratis/ratis-test/target/test/data/c85744f8/MiniRaftClusterWithRpcTypeGrpcAndDataStreamTypeNetty13fea5ce/s1/85cab365-e59c-4f2e-ab8d-3709d9e7cfd8 has been successfully formatted.
2022-07-04 07:12:25,023 [pool-11-thread-1] INFO  server.RaftServerConfigKeys (ConfUtils.java:logGet(46)) - raft.server.notification.no-leader.timeout = 60s (default)
2022-07-04 07:12:25,023 [s0-impl-thread1] INFO  server.RaftServer$Division (RaftServerImpl.java:setRole(299)) - s0@group-3709D9E7CFD8: changes role from      null to FOLLOWER at term 0 for startAsFollower
2022-07-04 07:12:25,023 [pool-11-thread-1] INFO  server.RaftServerConfigKeys (ConfUtils.java:logGet(46)) - raft.server.log.use.memory = false (default)
2022-07-04 07:12:25,023 [s0-impl-thread1] INFO  impl.RoleInfo (RoleInfo.java:updateAndGet(139)) - s0: start s0@group-3709D9E7CFD8-FollowerState
2022-07-04 07:12:25,023 [pool-11-thread-1] INFO  server.RaftServerConfigKeys (ConfUtils.java:logGet(46)) - raft.server.log.purge.gap = 1024 (default)
2022-07-04 07:12:25,023 [pool-11-thread-1] INFO  server.RaftServerConfigKeys (ConfUtils.java:logGet(46)) - raft.server.log.appender.buffer.byte-limit = 4MB (=4194304) (default)
2022-07-04 07:12:25,023 [pool-11-thread-1] INFO  server.RaftServerConfigKeys (ConfUtils.java:logGet(46)) - raft.server.log.statemachine.data.read.timeout = 1000ms (default)
2022-07-04 07:12:25,023 [pool-11-thread-1] INFO  server.RaftServerConfigKeys (ConfUtils.java:logGet(46)) - raft.server.log.segment.size.max = 8MB (=8388608) (default)
2022-07-04 07:12:25,023 [s0-impl-thread1] INFO  util.JmxRegister (JmxRegister.java:tryRegister(44)) - Successfully registered JMX Bean with object name Ratis:service=RaftServer,group=group-3709D9E7CFD8,id=s0
2022-07-04 07:12:25,023 [pool-11-thread-1] INFO  server.RaftServerConfigKeys (ConfUtils.java:logGet(46)) - raft.server.log.segment.cache.num.max = 6 (default)
2022-07-04 07:12:25,023 [pool-11-thread-1] INFO  server.RaftServerConfigKeys (ConfUtils.java:logGet(46)) - raft.server.log.segment.cache.size.max = 200MB (=209715200) (default)
2022-07-04 07:12:25,023 [pool-11-thread-1] INFO  segmented.SegmentedRaftLogWorker (SegmentedRaftLogWorker.java:<init>(187)) - new s1@group-3709D9E7CFD8-SegmentedRaftLogWorker for RaftStorageImpl:Storage Directory /home/runner/work/ratis/ratis/ratis-test/target/test/data/c85744f8/MiniRaftClusterWithRpcTypeGrpcAndDataStreamTypeNetty13fea5ce/s1/85cab365-e59c-4f2e-ab8d-3709d9e7cfd8
2022-07-04 07:12:25,027 [Time-limited test] INFO  server.RaftServer (RaftServerProxy.java:lambda$start$6(382)) - s0: start RPC server
2022-07-04 07:12:25,028 [pool-11-thread-1] INFO  server.RaftServerConfigKeys (ConfUtils.java:logGet(46)) - raft.server.log.queue.byte-limit = 64MB (=67108864) (default)
2022-07-04 07:12:25,028 [pool-11-thread-1] INFO  server.RaftServerConfigKeys (ConfUtils.java:logGet(46)) - raft.server.log.queue.element-limit = 4096 (default)
2022-07-04 07:12:25,028 [pool-11-thread-1] INFO  server.RaftServerConfigKeys (ConfUtils.java:logGet(46)) - raft.server.log.segment.size.max = 8MB (=8388608) (default)
2022-07-04 07:12:25,028 [pool-11-thread-1] INFO  server.RaftServerConfigKeys (ConfUtils.java:logGet(46)) - raft.server.log.preallocated.size = 4MB (=4194304) (default)
2022-07-04 07:12:25,028 [pool-11-thread-1] INFO  server.RaftServerConfigKeys (ConfUtils.java:logGet(46)) - raft.server.log.force.sync.num = 128 (default)
2022-07-04 07:12:25,028 [pool-11-thread-1] INFO  server.RaftServerConfigKeys (ConfUtils.java:logGet(46)) - raft.server.log.statemachine.data.sync = true (default)
2022-07-04 07:12:25,028 [pool-11-thread-1] INFO  server.RaftServerConfigKeys (ConfUtils.java:logGet(46)) - raft.server.log.statemachine.data.sync.timeout = 10s (default)
2022-07-04 07:12:25,028 [pool-11-thread-1] INFO  server.RaftServerConfigKeys (ConfUtils.java:logGet(46)) - raft.server.log.statemachine.data.sync.timeout.retry = -1 (default)
2022-07-04 07:12:25,028 [pool-11-thread-1] INFO  server.RaftServerConfigKeys (ConfUtils.java:logGet(46)) - raft.server.log.write.buffer.size = 64KB (=65536) (default)
2022-07-04 07:12:25,028 [pool-11-thread-1] INFO  server.RaftServerConfigKeys (ConfUtils.java:logGet(46)) - raft.server.log.unsafe-flush.enabled = false (default)
2022-07-04 07:12:25,028 [pool-11-thread-1] INFO  server.RaftServerConfigKeys (ConfUtils.java:logGet(46)) - raft.server.log.statemachine.data.caching.enabled = false (default)
2022-07-04 07:12:25,028 [pool-11-thread-1] INFO  segmented.SegmentedRaftLogWorker (SegmentedRaftLogWorker.java:lambda$new$0(135)) - s1@group-3709D9E7CFD8-SegmentedRaftLogWorker: flushIndex: setUnconditionally 0 -> -1
2022-07-04 07:12:25,028 [pool-11-thread-1] INFO  segmented.SegmentedRaftLogWorker (SegmentedRaftLogWorker.java:lambda$new$0(135)) - s1@group-3709D9E7CFD8-SegmentedRaftLogWorker: safeCacheEvictIndex: setUnconditionally 0 -> -1
2022-07-04 07:12:25,031 [Time-limited test] INFO  server.GrpcService (GrpcService.java:startImpl(260)) - s0: GrpcService started, listening on 36085
2022-07-04 07:12:25,031 [pool-11-thread-1] INFO  server.RaftServerConfigKeys (ConfUtils.java:logGet(46)) - raft.server.snapshot.auto.trigger.enabled = false (default)
2022-07-04 07:12:25,031 [pool-11-thread-1] INFO  server.RaftServerConfigKeys (ConfUtils.java:logGet(46)) - raft.server.snapshot.retention.file.num = -1 (default)
2022-07-04 07:12:25,031 [pool-11-thread-1] INFO  server.RaftServerConfigKeys (ConfUtils.java:logGet(46)) - raft.server.log.purge.upto.snapshot.index = false (default)
2022-07-04 07:12:25,031 [pool-11-thread-1] INFO  server.RaftServerConfigKeys (ConfUtils.java:logGet(46)) - raft.server.retrycache.expirytime = 60s (default)
2022-07-04 07:12:25,031 [pool-11-thread-1] INFO  server.RaftServerConfigKeys (ConfUtils.java:logGet(46)) - raft.server.retrycache.statistics.expirytime = 100μs (default)
2022-07-04 07:12:25,032 [pool-11-thread-1] INFO  server.RaftServerConfigKeys (ConfUtils.java:logGet(46)) - raft.server.log.appender.install.snapshot.enabled = true (default)
2022-07-04 07:12:25,032 [pool-11-thread-1] INFO  server.RaftServerConfigKeys (ConfUtils.java:logGet(46)) - raft.server.threadpool.server.cached = true (default)
2022-07-04 07:12:25,032 [pool-11-thread-1] INFO  server.RaftServerConfigKeys (ConfUtils.java:logGet(46)) - raft.server.threadpool.server.size = 0 (default)
2022-07-04 07:12:25,032 [pool-11-thread-1] INFO  server.RaftServerConfigKeys (ConfUtils.java:logGet(46)) - raft.server.threadpool.client.cached = true (default)
2022-07-04 07:12:25,032 [pool-11-thread-1] INFO  server.RaftServerConfigKeys (ConfUtils.java:logGet(46)) - raft.server.threadpool.client.size = 0 (default)
2022-07-04 07:12:25,038 [Time-limited test] INFO  server.GrpcService (GrpcService.java:startImpl(260)) - s0: GrpcService started, listening on 45717
2022-07-04 07:12:25,040 [pool-12-thread-1] INFO  server.RaftServer$Division (RaftServerImpl.java:<init>(190)) - s2: new RaftServerImpl for group-3709D9E7CFD8:[s0|rpc:localhost:36085|admin:localhost:45717|client:localhost:38313|dataStream:localhost:45759|priority:0, s1|rpc:localhost:33645|admin:localhost:44907|client:localhost:35641|dataStream:localhost:33417|priority:0, s2|rpc:localhost:34013|admin:localhost:33311|client:localhost:46431|dataStream:localhost:44537|priority:0] with MultiDataStreamStateMachine:uninitialized
2022-07-04 07:12:25,040 [pool-12-thread-1] INFO  server.RaftServerConfigKeys (ConfUtils.java:logGet(46)) - raft.server.rpc.timeout.min = 150ms (default)
2022-07-04 07:12:25,040 [pool-12-thread-1] INFO  server.RaftServerConfigKeys (ConfUtils.java:logGet(46)) - raft.server.rpc.timeout.max = 300ms (default)
2022-07-04 07:12:25,040 [pool-12-thread-1] INFO  server.RaftServerConfigKeys (ConfUtils.java:logGet(46)) - raft.server.rpc.sleep.time = 25ms (default)
2022-07-04 07:12:25,040 [pool-12-thread-1] INFO  server.RaftServerConfigKeys (ConfUtils.java:logGet(46)) - raft.server.rpc.slowness.timeout = 60s (default)
2022-07-04 07:12:25,040 [pool-12-thread-1] INFO  server.RaftServerConfigKeys (ConfUtils.java:logGet(46)) - raft.server.leaderelection.leader.step-down.wait-time = 10s (default)
2022-07-04 07:12:25,040 [pool-12-thread-1] INFO  server.RaftServerConfigKeys (ConfUtils.java:logGet(46)) - raft.server.sleep.deviation.threshold = 300ms (default)
2022-07-04 07:12:25,040 [pool-12-thread-1] INFO  server.RaftServer$Division (ServerState.java:<init>(107)) - s2@group-3709D9E7CFD8: ConfigurationManager, init=-1: [s0|rpc:localhost:36085|admin:localhost:45717|client:localhost:38313|dataStream:localhost:45759|priority:0, s1|rpc:localhost:33645|admin:localhost:44907|client:localhost:35641|dataStream:localhost:33417|priority:0, s2|rpc:localhost:34013|admin:localhost:33311|client:localhost:46431|dataStream:localhost:44537|priority:0], old=null, confs=<EMPTY_MAP>
2022-07-04 07:12:25,040 [pool-12-thread-1] INFO  server.RaftServerConfigKeys (ConfUtils.java:logGet(46)) - raft.server.storage.dir = [/home/runner/work/ratis/ratis/ratis-test/target/test/data/c85744f8/MiniRaftClusterWithRpcTypeGrpcAndDataStreamTypeNetty13fea5ce/s2] (custom)
2022-07-04 07:12:25,040 [pool-12-thread-1] INFO  server.RaftServerConfigKeys (ConfUtils.java:logGet(46)) - raft.server.log.corruption.policy = EXCEPTION (default)
2022-07-04 07:12:25,040 [pool-12-thread-1] INFO  server.RaftServerConfigKeys (ConfUtils.java:logGet(46)) - raft.server.storage.free-space.min = 0MB (=0) (default)
2022-07-04 07:12:25,041 [pool-12-thread-1] INFO  storage.RaftStorageDirectory (RaftStorageDirectoryImpl.java:analyzeStorage(136)) - The storage directory /home/runner/work/ratis/ratis/ratis-test/target/test/data/c85744f8/MiniRaftClusterWithRpcTypeGrpcAndDataStreamTypeNetty13fea5ce/s2/85cab365-e59c-4f2e-ab8d-3709d9e7cfd8 does not exist. Creating ...
2022-07-04 07:12:25,041 [pool-12-thread-1] TRACE util.FileUtils (LogUtils.java:runAndLog(49)) - Successfully ran Files.createDirectories /home/runner/work/ratis/ratis/ratis-test/target/test/data/c85744f8/MiniRaftClusterWithRpcTypeGrpcAndDataStreamTypeNetty13fea5ce/s2/85cab365-e59c-4f2e-ab8d-3709d9e7cfd8
2022-07-04 07:12:25,041 [Time-limited test] INFO  server.GrpcService (GrpcService.java:startImpl(260)) - s0: GrpcService started, listening on 38313
2022-07-04 07:12:25,042 [pool-12-thread-1] INFO  storage.RaftStorageDirectory (RaftStorageDirectoryImpl.java:tryLock(230)) - Lock on /home/runner/work/ratis/ratis/ratis-test/target/test/data/c85744f8/MiniRaftClusterWithRpcTypeGrpcAndDataStreamTypeNetty13fea5ce/s2/85cab365-e59c-4f2e-ab8d-3709d9e7cfd8/in_use.lock acquired by nodename 19366@fv-az54-708.qczjibyfz4dularrisj3jz1gre.bx.internal.cloudapp.net
2022-07-04 07:12:25,042 [s1-impl-thread1] INFO  server.RaftServer$Division (RaftServerImpl.java:start(310)) - s1@group-3709D9E7CFD8: start as a follower, conf=-1: [s0|rpc:localhost:36085|admin:localhost:45717|client:localhost:38313|dataStream:localhost:45759|priority:0, s1|rpc:localhost:33645|admin:localhost:44907|client:localhost:35641|dataStream:localhost:33417|priority:0, s2|rpc:localhost:34013|admin:localhost:33311|client:localhost:46431|dataStream:localhost:44537|priority:0], old=null
2022-07-04 07:12:25,042 [s1-impl-thread1] INFO  server.RaftServer$Division (RaftServerImpl.java:setRole(299)) - s1@group-3709D9E7CFD8: changes role from      null to FOLLOWER at term 0 for startAsFollower
2022-07-04 07:12:25,042 [s1-impl-thread1] INFO  impl.RoleInfo (RoleInfo.java:updateAndGet(139)) - s1: start s1@group-3709D9E7CFD8-FollowerState
2022-07-04 07:12:25,043 [org.apache.ratis.util.JvmPauseMonitor$$Lambda$273/1313529452@a456127] INFO  util.JvmPauseMonitor (JvmPauseMonitor.java:run(103)) - JvmPauseMonitor-s0: Started
2022-07-04 07:12:25,043 [pool-12-thread-1] TRACE util.FileUtils (LogUtils.java:runAndLog(49)) - Successfully ran Files.createDirectories /home/runner/work/ratis/ratis/ratis-test/target/test/data/c85744f8/MiniRaftClusterWithRpcTypeGrpcAndDataStreamTypeNetty13fea5ce/s2/85cab365-e59c-4f2e-ab8d-3709d9e7cfd8/current
2022-07-04 07:12:25,043 [pool-12-thread-1] TRACE util.FileUtils (LogUtils.java:runAndLog(49)) - Successfully ran Files.createDirectories /home/runner/work/ratis/ratis/ratis-test/target/test/data/c85744f8/MiniRaftClusterWithRpcTypeGrpcAndDataStreamTypeNetty13fea5ce/s2/85cab365-e59c-4f2e-ab8d-3709d9e7cfd8/sm
2022-07-04 07:12:25,043 [s1-impl-thread1] INFO  util.JmxRegister (JmxRegister.java:tryRegister(44)) - Successfully registered JMX Bean with object name Ratis:service=RaftServer,group=group-3709D9E7CFD8,id=s1
2022-07-04 07:12:25,047 [Time-limited test] INFO  server.RaftServer (RaftServerProxy.java:lambda$start$6(382)) - s1: start RPC server
2022-07-04 07:12:25,049 [Time-limited test] INFO  server.GrpcService (GrpcService.java:startImpl(260)) - s1: GrpcService started, listening on 33645
2022-07-04 07:12:25,050 [Time-limited test] INFO  server.GrpcService (GrpcService.java:startImpl(260)) - s1: GrpcService started, listening on 44907
2022-07-04 07:12:25,052 [pool-12-thread-1] INFO  storage.RaftStorage (RaftStorageImpl.java:format(79)) - Storage directory /home/runner/work/ratis/ratis/ratis-test/target/test/data/c85744f8/MiniRaftClusterWithRpcTypeGrpcAndDataStreamTypeNetty13fea5ce/s2/85cab365-e59c-4f2e-ab8d-3709d9e7cfd8 has been successfully formatted.
2022-07-04 07:12:25,052 [pool-12-thread-1] INFO  server.RaftServerConfigKeys (ConfUtils.java:logGet(46)) - raft.server.notification.no-leader.timeout = 60s (default)
2022-07-04 07:12:25,052 [pool-12-thread-1] INFO  server.RaftServerConfigKeys (ConfUtils.java:logGet(46)) - raft.server.log.use.memory = false (default)
2022-07-04 07:12:25,052 [pool-12-thread-1] INFO  server.RaftServerConfigKeys (ConfUtils.java:logGet(46)) - raft.server.log.purge.gap = 1024 (default)
2022-07-04 07:12:25,052 [pool-12-thread-1] INFO  server.RaftServerConfigKeys (ConfUtils.java:logGet(46)) - raft.server.log.appender.buffer.byte-limit = 4MB (=4194304) (default)
2022-07-04 07:12:25,053 [pool-12-thread-1] INFO  server.RaftServerConfigKeys (ConfUtils.java:logGet(46)) - raft.server.log.statemachine.data.read.timeout = 1000ms (default)
2022-07-04 07:12:25,053 [pool-12-thread-1] INFO  server.RaftServerConfigKeys (ConfUtils.java:logGet(46)) - raft.server.log.segment.size.max = 8MB (=8388608) (default)
2022-07-04 07:12:25,053 [pool-12-thread-1] INFO  server.RaftServerConfigKeys (ConfUtils.java:logGet(46)) - raft.server.log.segment.cache.num.max = 6 (default)
2022-07-04 07:12:25,053 [pool-12-thread-1] INFO  server.RaftServerConfigKeys (ConfUtils.java:logGet(46)) - raft.server.log.segment.cache.size.max = 200MB (=209715200) (default)
2022-07-04 07:12:25,053 [pool-12-thread-1] INFO  segmented.SegmentedRaftLogWorker (SegmentedRaftLogWorker.java:<init>(187)) - new s2@group-3709D9E7CFD8-SegmentedRaftLogWorker for RaftStorageImpl:Storage Directory /home/runner/work/ratis/ratis/ratis-test/target/test/data/c85744f8/MiniRaftClusterWithRpcTypeGrpcAndDataStreamTypeNetty13fea5ce/s2/85cab365-e59c-4f2e-ab8d-3709d9e7cfd8
2022-07-04 07:12:25,053 [pool-12-thread-1] INFO  server.RaftServerConfigKeys (ConfUtils.java:logGet(46)) - raft.server.log.queue.byte-limit = 64MB (=67108864) (default)
2022-07-04 07:12:25,053 [pool-12-thread-1] INFO  server.RaftServerConfigKeys (ConfUtils.java:logGet(46)) - raft.server.log.queue.element-limit = 4096 (default)
2022-07-04 07:12:25,053 [pool-12-thread-1] INFO  server.RaftServerConfigKeys (ConfUtils.java:logGet(46)) - raft.server.log.segment.size.max = 8MB (=8388608) (default)
2022-07-04 07:12:25,053 [pool-12-thread-1] INFO  server.RaftServerConfigKeys (ConfUtils.java:logGet(46)) - raft.server.log.preallocated.size = 4MB (=4194304) (default)
2022-07-04 07:12:25,053 [pool-12-thread-1] INFO  server.RaftServerConfigKeys (ConfUtils.java:logGet(46)) - raft.server.log.force.sync.num = 128 (default)
2022-07-04 07:12:25,053 [pool-12-thread-1] INFO  server.RaftServerConfigKeys (ConfUtils.java:logGet(46)) - raft.server.log.statemachine.data.sync = true (default)
2022-07-04 07:12:25,053 [pool-12-thread-1] INFO  server.RaftServerConfigKeys (ConfUtils.java:logGet(46)) - raft.server.log.statemachine.data.sync.timeout = 10s (default)
2022-07-04 07:12:25,053 [pool-12-thread-1] INFO  server.RaftServerConfigKeys (ConfUtils.java:logGet(46)) - raft.server.log.statemachine.data.sync.timeout.retry = -1 (default)
2022-07-04 07:12:25,054 [pool-12-thread-1] INFO  server.RaftServerConfigKeys (ConfUtils.java:logGet(46)) - raft.server.log.write.buffer.size = 64KB (=65536) (default)
2022-07-04 07:12:25,054 [pool-12-thread-1] INFO  server.RaftServerConfigKeys (ConfUtils.java:logGet(46)) - raft.server.log.unsafe-flush.enabled = false (default)
2022-07-04 07:12:25,054 [pool-12-thread-1] INFO  server.RaftServerConfigKeys (ConfUtils.java:logGet(46)) - raft.server.log.statemachine.data.caching.enabled = false (default)
2022-07-04 07:12:25,054 [pool-12-thread-1] INFO  segmented.SegmentedRaftLogWorker (SegmentedRaftLogWorker.java:lambda$new$0(135)) - s2@group-3709D9E7CFD8-SegmentedRaftLogWorker: flushIndex: setUnconditionally 0 -> -1
2022-07-04 07:12:25,054 [pool-12-thread-1] INFO  segmented.SegmentedRaftLogWorker (SegmentedRaftLogWorker.java:lambda$new$0(135)) - s2@group-3709D9E7CFD8-SegmentedRaftLogWorker: safeCacheEvictIndex: setUnconditionally 0 -> -1
2022-07-04 07:12:25,054 [Time-limited test] INFO  server.GrpcService (GrpcService.java:startImpl(260)) - s1: GrpcService started, listening on 35641
2022-07-04 07:12:25,054 [pool-12-thread-1] INFO  server.RaftServerConfigKeys (ConfUtils.java:logGet(46)) - raft.server.snapshot.auto.trigger.enabled = false (default)
2022-07-04 07:12:25,054 [pool-12-thread-1] INFO  server.RaftServerConfigKeys (ConfUtils.java:logGet(46)) - raft.server.snapshot.retention.file.num = -1 (default)
2022-07-04 07:12:25,054 [pool-12-thread-1] INFO  server.RaftServerConfigKeys (ConfUtils.java:logGet(46)) - raft.server.log.purge.upto.snapshot.index = false (default)
2022-07-04 07:12:25,054 [pool-12-thread-1] INFO  server.RaftServerConfigKeys (ConfUtils.java:logGet(46)) - raft.server.retrycache.expirytime = 60s (default)
2022-07-04 07:12:25,054 [pool-12-thread-1] INFO  server.RaftServerConfigKeys (ConfUtils.java:logGet(46)) - raft.server.retrycache.statistics.expirytime = 100μs (default)
2022-07-04 07:12:25,055 [pool-12-thread-1] INFO  server.RaftServerConfigKeys (ConfUtils.java:logGet(46)) - raft.server.log.appender.install.snapshot.enabled = true (default)
2022-07-04 07:12:25,055 [pool-12-thread-1] INFO  server.RaftServerConfigKeys (ConfUtils.java:logGet(46)) - raft.server.threadpool.server.cached = true (default)
2022-07-04 07:12:25,055 [pool-12-thread-1] INFO  server.RaftServerConfigKeys (ConfUtils.java:logGet(46)) - raft.server.threadpool.server.size = 0 (default)
2022-07-04 07:12:25,055 [pool-12-thread-1] INFO  server.RaftServerConfigKeys (ConfUtils.java:logGet(46)) - raft.server.threadpool.client.cached = true (default)
2022-07-04 07:12:25,055 [pool-12-thread-1] INFO  server.RaftServerConfigKeys (ConfUtils.java:logGet(46)) - raft.server.threadpool.client.size = 0 (default)
2022-07-04 07:12:25,056 [s2-impl-thread1] INFO  server.RaftServer$Division (RaftServerImpl.java:start(310)) - s2@group-3709D9E7CFD8: start as a follower, conf=-1: [s0|rpc:localhost:36085|admin:localhost:45717|client:localhost:38313|dataStream:localhost:45759|priority:0, s1|rpc:localhost:33645|admin:localhost:44907|client:localhost:35641|dataStream:localhost:33417|priority:0, s2|rpc:localhost:34013|admin:localhost:33311|client:localhost:46431|dataStream:localhost:44537|priority:0], old=null
2022-07-04 07:12:25,056 [s2-impl-thread1] INFO  server.RaftServer$Division (RaftServerImpl.java:setRole(299)) - s2@group-3709D9E7CFD8: changes role from      null to FOLLOWER at term 0 for startAsFollower
2022-07-04 07:12:25,056 [s2-impl-thread1] INFO  impl.RoleInfo (RoleInfo.java:updateAndGet(139)) - s2: start s2@group-3709D9E7CFD8-FollowerState
2022-07-04 07:12:25,056 [org.apache.ratis.util.JvmPauseMonitor$$Lambda$273/1313529452@947e36d] INFO  util.JvmPauseMonitor (JvmPauseMonitor.java:run(103)) - JvmPauseMonitor-s1: Started
2022-07-04 07:12:25,056 [s2-impl-thread1] INFO  util.JmxRegister (JmxRegister.java:tryRegister(44)) - Successfully registered JMX Bean with object name Ratis:service=RaftServer,group=group-3709D9E7CFD8,id=s2
2022-07-04 07:12:25,057 [Time-limited test] INFO  server.RaftServer (RaftServerProxy.java:lambda$start$6(382)) - s2: start RPC server
2022-07-04 07:12:25,058 [Time-limited test] INFO  server.GrpcService (GrpcService.java:startImpl(260)) - s2: GrpcService started, listening on 34013
2022-07-04 07:12:25,060 [Time-limited test] INFO  server.GrpcService (GrpcService.java:startImpl(260)) - s2: GrpcService started, listening on 33311
2022-07-04 07:12:25,062 [Time-limited test] INFO  server.GrpcService (GrpcService.java:startImpl(260)) - s2: GrpcService started, listening on 46431
2022-07-04 07:12:25,066 [org.apache.ratis.util.JvmPauseMonitor$$Lambda$273/1313529452@6bbbc6a0] INFO  util.JvmPauseMonitor (JvmPauseMonitor.java:run(103)) - JvmPauseMonitor-s2: Started
2022-07-04 07:12:25,078 [Time-limited test] INFO  server.RaftServerConfigKeys (ConfUtils.java:logGet(46)) - raft.server.rpc.timeout.max = 300ms (default)
2022-07-04 07:12:25,078 [Time-limited test] INFO  ratis.RaftTestUtil (RaftTestUtil.java:waitForLeader(100)) - printing ALL groups
  s0:  RUNNING  FOLLOWER s0@group-3709D9E7CFD8:t0, leader=null, voted=, raftlog=s0@group-3709D9E7CFD8-SegmentedRaftLog:OPENED:c-1, conf=-1: [s0|rpc:localhost:36085|admin:localhost:45717|client:localhost:38313|dataStream:localhost:45759|priority:0, s1|rpc:localhost:33645|admin:localhost:44907|client:localhost:35641|dataStream:localhost:33417|priority:0, s2|rpc:localhost:34013|admin:localhost:33311|client:localhost:46431|dataStream:localhost:44537|priority:0], old=null RUNNING
  s1:  RUNNING  FOLLOWER s1@group-3709D9E7CFD8:t0, leader=null, voted=, raftlog=s1@group-3709D9E7CFD8-SegmentedRaftLog:OPENED:c-1, conf=-1: [s0|rpc:localhost:36085|admin:localhost:45717|client:localhost:38313|dataStream:localhost:45759|priority:0, s1|rpc:localhost:33645|admin:localhost:44907|client:localhost:35641|dataStream:localhost:33417|priority:0, s2|rpc:localhost:34013|admin:localhost:33311|client:localhost:46431|dataStream:localhost:44537|priority:0], old=null RUNNING
  s2:  RUNNING  FOLLOWER s2@group-3709D9E7CFD8:t0, leader=null, voted=, raftlog=s2@group-3709D9E7CFD8-SegmentedRaftLog:OPENED:c-1, conf=-1: [s0|rpc:localhost:36085|admin:localhost:45717|client:localhost:38313|dataStream:localhost:45759|priority:0, s1|rpc:localhost:33645|admin:localhost:44907|client:localhost:35641|dataStream:localhost:33417|priority:0, s2|rpc:localhost:34013|admin:localhost:33311|client:localhost:46431|dataStream:localhost:44537|priority:0], old=null RUNNING
2022-07-04 07:12:25,079 [Time-limited test] WARN  ratis.RaftTestUtil (JavaUtils.java:attempt(172)) - FAILED "waitForLeader-null-(expectLeader? true)", attempt #1/100: java.lang.IllegalStateException: No leader yet : printing ALL groups
  s0:  RUNNING  FOLLOWER s0@group-3709D9E7CFD8:t0, leader=null, voted=, raftlog=s0@group-3709D9E7CFD8-SegmentedRaftLog:OPENED:c-1, conf=-1: [s0|rpc:localhost:36085|admin:localhost:45717|client:localhost:38313|dataStream:localhost:45759|priority:0, s1|rpc:localhost:33645|admin:localhost:44907|client:localhost:35641|dataStream:localhost:33417|priority:0, s2|rpc:localhost:34013|admin:localhost:33311|client:localhost:46431|dataStream:localhost:44537|priority:0], old=null RUNNING
  s1:  RUNNING  FOLLOWER s1@group-3709D9E7CFD8:t0, leader=null, voted=, raftlog=s1@group-3709D9E7CFD8-SegmentedRaftLog:OPENED:c-1, conf=-1: [s0|rpc:localhost:36085|admin:localhost:45717|client:localhost:38313|dataStream:localhost:45759|priority:0, s1|rpc:localhost:33645|admin:localhost:44907|client:localhost:35641|dataStream:localhost:33417|priority:0, s2|rpc:localhost:34013|admin:localhost:33311|client:localhost:46431|dataStream:localhost:44537|priority:0], old=null RUNNING
  s2:  RUNNING  FOLLOWER s2@group-3709D9E7CFD8:t0, leader=null, voted=, raftlog=s2@group-3709D9E7CFD8-SegmentedRaftLog:OPENED:c-1, conf=-1: [s0|rpc:localhost:36085|admin:localhost:45717|client:localhost:38313|dataStream:localhost:45759|priority:0, s1|rpc:localhost:33645|admin:localhost:44907|client:localhost:35641|dataStream:localhost:33417|priority:0, s2|rpc:localhost:34013|admin:localhost:33311|client:localhost:46431|dataStream:localhost:44537|priority:0], old=null RUNNING, sleep 450ms and then retry.
java.lang.IllegalStateException: No leader yet : printing ALL groups
  s0:  RUNNING  FOLLOWER s0@group-3709D9E7CFD8:t0, leader=null, voted=, raftlog=s0@group-3709D9E7CFD8-SegmentedRaftLog:OPENED:c-1, conf=-1: [s0|rpc:localhost:36085|admin:localhost:45717|client:localhost:38313|dataStream:localhost:45759|priority:0, s1|rpc:localhost:33645|admin:localhost:44907|client:localhost:35641|dataStream:localhost:33417|priority:0, s2|rpc:localhost:34013|admin:localhost:33311|client:localhost:46431|dataStream:localhost:44537|priority:0], old=null RUNNING
  s1:  RUNNING  FOLLOWER s1@group-3709D9E7CFD8:t0, leader=null, voted=, raftlog=s1@group-3709D9E7CFD8-SegmentedRaftLog:OPENED:c-1, conf=-1: [s0|rpc:localhost:36085|admin:localhost:45717|client:localhost:38313|dataStream:localhost:45759|priority:0, s1|rpc:localhost:33645|admin:localhost:44907|client:localhost:35641|dataStream:localhost:33417|priority:0, s2|rpc:localhost:34013|admin:localhost:33311|client:localhost:46431|dataStream:localhost:44537|priority:0], old=null RUNNING
  s2:  RUNNING  FOLLOWER s2@group-3709D9E7CFD8:t0, leader=null, voted=, raftlog=s2@group-3709D9E7CFD8-SegmentedRaftLog:OPENED:c-1, conf=-1: [s0|rpc:localhost:36085|admin:localhost:45717|client:localhost:38313|dataStream:localhost:45759|priority:0, s1|rpc:localhost:33645|admin:localhost:44907|client:localhost:35641|dataStream:localhost:33417|priority:0, s2|rpc:localhost:34013|admin:localhost:33311|client:localhost:46431|dataStream:localhost:44537|priority:0], old=null RUNNING
	at org.apache.ratis.server.impl.MiniRaftCluster.newIllegalStateExceptionForNoLeaders(MiniRaftCluster.java:533)
	at org.apache.ratis.RaftTestUtil.lambda$waitForLeader$1(RaftTestUtil.java:104)
	at org.apache.ratis.server.impl.MiniRaftCluster.getLeader(MiniRaftCluster.java:567)
	at org.apache.ratis.server.impl.MiniRaftCluster.getLeader(MiniRaftCluster.java:560)
	at org.apache.ratis.RaftTestUtil.lambda$waitForLeader$3(RaftTestUtil.java:112)
	at org.apache.ratis.util.JavaUtils.attempt(JavaUtils.java:166)
	at org.apache.ratis.util.JavaUtils.attemptRepeatedly(JavaUtils.java:152)
	at org.apache.ratis.RaftTestUtil.waitForLeader(RaftTestUtil.java:111)
	at org.apache.ratis.RaftTestUtil.waitForLeader(RaftTestUtil.java:92)
	at org.apache.ratis.RaftTestUtil.waitForLeader(RaftTestUtil.java:87)
	at org.apache.ratis.datastream.DataStreamAsyncClusterTests.runTestDataStream(DataStreamAsyncClusterTests.java:90)
	at org.apache.ratis.datastream.DataStreamAsyncClusterTests.runTestDataStreamStepDownLeader(DataStreamAsyncClusterTests.java:82)
	at org.apache.ratis.server.impl.MiniRaftCluster$Factory$Get.runWithNewCluster(MiniRaftCluster.java:125)
	at org.apache.ratis.server.impl.MiniRaftCluster$Factory$Get.runWithNewCluster(MiniRaftCluster.java:113)
	at org.apache.ratis.datastream.DataStreamAsyncClusterTests.testMultipleStreamsMultipleServersStepDownLeader(DataStreamAsyncClusterTests.java:78)
	at sun.reflect.NativeMethodAccessorImpl.invoke0(Native Method)
	at sun.reflect.NativeMethodAccessorImpl.invoke(NativeMethodAccessorImpl.java:62)
	at sun.reflect.DelegatingMethodAccessorImpl.invoke(DelegatingMethodAccessorImpl.java:43)
	at java.lang.reflect.Method.invoke(Method.java:498)
	at org.junit.runners.model.FrameworkMethod$1.runReflectiveCall(FrameworkMethod.java:59)
	at org.junit.internal.runners.model.ReflectiveCallable.run(ReflectiveCallable.java:12)
	at org.junit.runners.model.FrameworkMethod.invokeExplosively(FrameworkMethod.java:56)
	at org.junit.internal.runners.statements.InvokeMethod.evaluate(InvokeMethod.java:17)
	at org.junit.internal.runners.statements.RunAfters.evaluate(RunAfters.java:27)
	at org.junit.internal.runners.statements.FailOnTimeout$CallableStatement.call(FailOnTimeout.java:299)
	at org.junit.internal.runners.statements.FailOnTimeout$CallableStatement.call(FailOnTimeout.java:293)
	at java.util.concurrent.FutureTask.run(FutureTask.java:266)
	at java.lang.Thread.run(Thread.java:750)
2022-07-04 07:12:25,209 [s2@group-3709D9E7CFD8-FollowerState] INFO  impl.FollowerState (FollowerState.java:run(143)) - s2@group-3709D9E7CFD8-FollowerState: change to CANDIDATE, lastRpcElapsedTime:153438346ns, electionTimeout:153ms
2022-07-04 07:12:25,210 [s2@group-3709D9E7CFD8-FollowerState] INFO  impl.RoleInfo (RoleInfo.java:shutdownFollowerState(110)) - s2: shutdown s2@group-3709D9E7CFD8-FollowerState
2022-07-04 07:12:25,210 [s2@group-3709D9E7CFD8-FollowerState] INFO  server.RaftServer$Division (RaftServerImpl.java:setRole(299)) - s2@group-3709D9E7CFD8: changes role from  FOLLOWER to CANDIDATE at term 0 for changeToCandidate
2022-07-04 07:12:25,210 [s2@group-3709D9E7CFD8-FollowerState] INFO  server.RaftServerConfigKeys (ConfUtils.java:logGet(46)) - raft.server.leaderelection.pre-vote = true (default)
2022-07-04 07:12:25,210 [s2@group-3709D9E7CFD8-FollowerState] INFO  impl.RoleInfo (RoleInfo.java:updateAndGet(139)) - s2: start s2@group-3709D9E7CFD8-LeaderElection3
2022-07-04 07:12:25,212 [s2@group-3709D9E7CFD8-LeaderElection3] INFO  impl.LeaderElection (LeaderElection.java:askForVotes(310)) - s2@group-3709D9E7CFD8-LeaderElection3 PRE_VOTE round 0: submit vote requests at term 0 for -1: [s0|rpc:localhost:36085|admin:localhost:45717|client:localhost:38313|dataStream:localhost:45759|priority:0, s1|rpc:localhost:33645|admin:localhost:44907|client:localhost:35641|dataStream:localhost:33417|priority:0, s2|rpc:localhost:34013|admin:localhost:33311|client:localhost:46431|dataStream:localhost:44537|priority:0], old=null
2022-07-04 07:12:25,221 [grpc-default-executor-4] INFO  server.RaftServer$Division (RaftServerImpl.java:requestVote(1152)) - s1@group-3709D9E7CFD8: receive requestVote(PRE_VOTE, s2, group-3709D9E7CFD8, 0, (t:0, i:0))
2022-07-04 07:12:25,221 [grpc-default-executor-4] INFO  impl.VoteContext (VoteContext.java:log(48)) - s1@group-3709D9E7CFD8-FOLLOWER: accept PRE_VOTE from s2: our priority 0 <= candidate's priority 0
2022-07-04 07:12:25,221 [grpc-default-executor-4] INFO  server.RaftServer$Division (RaftServerImpl.java:requestVote(1184)) - s1@group-3709D9E7CFD8 replies to PRE_VOTE vote request: s2<-s1#0:OK-t0. Peer's state: s1@group-3709D9E7CFD8:t0, leader=null, voted=, raftlog=s1@group-3709D9E7CFD8-SegmentedRaftLog:OPENED:c-1, conf=-1: [s0|rpc:localhost:36085|admin:localhost:45717|client:localhost:38313|dataStream:localhost:45759|priority:0, s1|rpc:localhost:33645|admin:localhost:44907|client:localhost:35641|dataStream:localhost:33417|priority:0, s2|rpc:localhost:34013|admin:localhost:33311|client:localhost:46431|dataStream:localhost:44537|priority:0], old=null
2022-07-04 07:12:25,227 [s2@group-3709D9E7CFD8-LeaderElection3] INFO  impl.LeaderElection (LeaderElection.java:logAndReturn(90)) - s2@group-3709D9E7CFD8-LeaderElection3: PRE_VOTE PASSED received 1 response(s) and 0 exception(s):
2022-07-04 07:12:25,231 [s2@group-3709D9E7CFD8-LeaderElection3] INFO  impl.LeaderElection (LeaderElection.java:logAndReturn(94)) -   Response 0: s2<-s1#0:OK-t0
2022-07-04 07:12:25,231 [s2@group-3709D9E7CFD8-LeaderElection3] INFO  impl.LeaderElection (LeaderElection.java:askForVotes(312)) - s2@group-3709D9E7CFD8-LeaderElection3 PRE_VOTE round 0: result PASSED
2022-07-04 07:12:25,232 [s2@group-3709D9E7CFD8-LeaderElection3] INFO  impl.LeaderElection (LeaderElection.java:askForVotes(310)) - s2@group-3709D9E7CFD8-LeaderElection3 ELECTION round 0: submit vote requests at term 1 for -1: [s0|rpc:localhost:36085|admin:localhost:45717|client:localhost:38313|dataStream:localhost:45759|priority:0, s1|rpc:localhost:33645|admin:localhost:44907|client:localhost:35641|dataStream:localhost:33417|priority:0, s2|rpc:localhost:34013|admin:localhost:33311|client:localhost:46431|dataStream:localhost:44537|priority:0], old=null
2022-07-04 07:12:25,248 [grpc-default-executor-4] INFO  server.RaftServer$Division (RaftServerImpl.java:requestVote(1152)) - s0@group-3709D9E7CFD8: receive requestVote(ELECTION, s2, group-3709D9E7CFD8, 1, (t:0, i:0))
2022-07-04 07:12:25,248 [grpc-default-executor-4] INFO  impl.VoteContext (VoteContext.java:log(48)) - s0@group-3709D9E7CFD8-FOLLOWER: accept ELECTION from s2: our priority 0 <= candidate's priority 0
2022-07-04 07:12:25,248 [grpc-default-executor-4] INFO  server.RaftServer$Division (RaftServerImpl.java:setRole(299)) - s0@group-3709D9E7CFD8: changes role from  FOLLOWER to FOLLOWER at term 1 for candidate:s2
2022-07-04 07:12:25,248 [grpc-default-executor-4] INFO  impl.RoleInfo (RoleInfo.java:shutdownFollowerState(110)) - s0: shutdown s0@group-3709D9E7CFD8-FollowerState
2022-07-04 07:12:25,248 [grpc-default-executor-4] INFO  impl.RoleInfo (RoleInfo.java:updateAndGet(139)) - s0: start s0@group-3709D9E7CFD8-FollowerState
2022-07-04 07:12:25,248 [s0@group-3709D9E7CFD8-FollowerState] INFO  impl.FollowerState (FollowerState.java:run(152)) - s0@group-3709D9E7CFD8-FollowerState was interrupted
2022-07-04 07:12:25,253 [grpc-default-executor-4] INFO  server.RaftServer$Division (RaftServerImpl.java:requestVote(1184)) - s0@group-3709D9E7CFD8 replies to ELECTION vote request: s2<-s0#0:OK-t1. Peer's state: s0@group-3709D9E7CFD8:t1, leader=null, voted=s2, raftlog=s0@group-3709D9E7CFD8-SegmentedRaftLog:OPENED:c-1, conf=-1: [s0|rpc:localhost:36085|admin:localhost:45717|client:localhost:38313|dataStream:localhost:45759|priority:0, s1|rpc:localhost:33645|admin:localhost:44907|client:localhost:35641|dataStream:localhost:33417|priority:0, s2|rpc:localhost:34013|admin:localhost:33311|client:localhost:46431|dataStream:localhost:44537|priority:0], old=null
2022-07-04 07:12:25,248 [grpc-default-executor-3] INFO  server.RaftServer$Division (RaftServerImpl.java:requestVote(1152)) - s0@group-3709D9E7CFD8: receive requestVote(PRE_VOTE, s2, group-3709D9E7CFD8, 0, (t:0, i:0))
2022-07-04 07:12:25,256 [grpc-default-executor-6] INFO  server.RaftServer$Division (RaftServerImpl.java:requestVote(1152)) - s1@group-3709D9E7CFD8: receive requestVote(ELECTION, s2, group-3709D9E7CFD8, 1, (t:0, i:0))
2022-07-04 07:12:25,256 [s2@group-3709D9E7CFD8-LeaderElection3] INFO  impl.LeaderElection (LeaderElection.java:logAndReturn(90)) - s2@group-3709D9E7CFD8-LeaderElection3: ELECTION PASSED received 1 response(s) and 0 exception(s):
2022-07-04 07:12:25,257 [s2@group-3709D9E7CFD8-LeaderElection3] INFO  impl.LeaderElection (LeaderElection.java:logAndReturn(94)) -   Response 0: s2<-s0#0:OK-t1
2022-07-04 07:12:25,256 [grpc-default-executor-3] INFO  impl.VoteContext (VoteContext.java:log(48)) - s0@group-3709D9E7CFD8-FOLLOWER: accept PRE_VOTE from s2: our priority 0 <= candidate's priority 0
2022-07-04 07:12:25,257 [s2@group-3709D9E7CFD8-LeaderElection3] INFO  impl.LeaderElection (LeaderElection.java:askForVotes(312)) - s2@group-3709D9E7CFD8-LeaderElection3 ELECTION round 0: result PASSED
2022-07-04 07:12:25,257 [s2@group-3709D9E7CFD8-LeaderElection3] INFO  impl.RoleInfo (RoleInfo.java:shutdownLeaderElection(130)) - s2: shutdown s2@group-3709D9E7CFD8-LeaderElection3
2022-07-04 07:12:25,257 [grpc-default-executor-3] INFO  server.RaftServer$Division (RaftServerImpl.java:requestVote(1184)) - s0@group-3709D9E7CFD8 replies to PRE_VOTE vote request: s2<-s0#0:OK-t1. Peer's state: s0@group-3709D9E7CFD8:t1, leader=null, voted=s2, raftlog=s0@group-3709D9E7CFD8-SegmentedRaftLog:OPENED:c-1, conf=-1: [s0|rpc:localhost:36085|admin:localhost:45717|client:localhost:38313|dataStream:localhost:45759|priority:0, s1|rpc:localhost:33645|admin:localhost:44907|client:localhost:35641|dataStream:localhost:33417|priority:0, s2|rpc:localhost:34013|admin:localhost:33311|client:localhost:46431|dataStream:localhost:44537|priority:0], old=null
2022-07-04 07:12:25,257 [s2@group-3709D9E7CFD8-LeaderElection3] INFO  server.RaftServer$Division (RaftServerImpl.java:setRole(299)) - s2@group-3709D9E7CFD8: changes role from CANDIDATE to LEADER at term 1 for changeToLeader
2022-07-04 07:12:25,257 [s2@group-3709D9E7CFD8-LeaderElection3] INFO  server.RaftServer$Division (ServerState.java:setLeader(291)) - s2@group-3709D9E7CFD8: change Leader from null to s2 at term 1 for becomeLeader, leader elected after 204ms
2022-07-04 07:12:25,257 [s2@group-3709D9E7CFD8-LeaderElection3] INFO  server.RaftServerConfigKeys (ConfUtils.java:logGet(46)) - raft.server.staging.catchup.gap = 1000 (default)
2022-07-04 07:12:25,257 [s2@group-3709D9E7CFD8-LeaderElection3] INFO  server.RaftServerConfigKeys (ConfUtils.java:logGet(46)) - raft.server.write.element-limit = 4096 (default)
2022-07-04 07:12:25,257 [s2@group-3709D9E7CFD8-LeaderElection3] INFO  server.RaftServerConfigKeys (ConfUtils.java:logGet(46)) - raft.server.write.byte-limit = 64MB (=67108864) (default)
2022-07-04 07:12:25,257 [s2@group-3709D9E7CFD8-LeaderElection3] INFO  server.RaftServerConfigKeys (ConfUtils.java:logGet(46)) - raft.server.watch.timeout = 10s (default)
2022-07-04 07:12:25,257 [s2@group-3709D9E7CFD8-LeaderElection3] INFO  server.RaftServerConfigKeys (ConfUtils.java:logGet(46)) - raft.server.watch.timeout.denomination = 1s (default)
2022-07-04 07:12:25,257 [s2@group-3709D9E7CFD8-LeaderElection3] INFO  server.RaftServerConfigKeys (ConfUtils.java:logGet(46)) - raft.server.watch.element-limit = 65536 (default)
2022-07-04 07:12:25,257 [s2@group-3709D9E7CFD8-LeaderElection3] INFO  server.RaftServerConfigKeys (ConfUtils.java:logGet(46)) - raft.server.write.element-limit = 4096 (default)
2022-07-04 07:12:25,257 [s2@group-3709D9E7CFD8-LeaderElection3] INFO  server.RaftServerConfigKeys (ConfUtils.java:logGet(46)) - raft.server.write.follower.gap.ratio.max = -1.0 (default)
2022-07-04 07:12:25,258 [s2@group-3709D9E7CFD8-LeaderElection3] INFO  server.RaftServerConfigKeys (ConfUtils.java:logGet(46)) - raft.server.log.appender.snapshot.chunk.size.max = 16MB (=16777216) (default)
2022-07-04 07:12:25,258 [s2@group-3709D9E7CFD8-LeaderElection3] INFO  server.RaftServerConfigKeys (ConfUtils.java:logGet(46)) - raft.server.log.appender.buffer.byte-limit = 4MB (=4194304) (default)
2022-07-04 07:12:25,258 [s2@group-3709D9E7CFD8-LeaderElection3] INFO  server.RaftServerConfigKeys (ConfUtils.java:logGet(46)) - raft.server.log.appender.buffer.element-limit = 0 (default)
2022-07-04 07:12:25,258 [s2@group-3709D9E7CFD8-LeaderElection3] INFO  grpc.GrpcConfigKeys (ConfUtils.java:logGet(46)) - raft.grpc.server.leader.outstanding.appends.max = 128 (default)
2022-07-04 07:12:25,258 [s2@group-3709D9E7CFD8-LeaderElection3] INFO  server.RaftServerConfigKeys (ConfUtils.java:logGet(46)) - raft.server.rpc.request.timeout = 3000ms (default)
2022-07-04 07:12:25,258 [s2@group-3709D9E7CFD8-LeaderElection3] INFO  server.RaftServerConfigKeys (ConfUtils.java:logGet(46)) - raft.server.log.appender.install.snapshot.enabled = true (default)
2022-07-04 07:12:25,258 [s2@group-3709D9E7CFD8-LeaderElection3] INFO  server.RaftServerConfigKeys (ConfUtils.java:logGet(46)) - raft.server.log.appender.snapshot.chunk.size.max = 16MB (=16777216) (default)
2022-07-04 07:12:25,258 [s2@group-3709D9E7CFD8-LeaderElection3] INFO  server.RaftServerConfigKeys (ConfUtils.java:logGet(46)) - raft.server.log.appender.buffer.byte-limit = 4MB (=4194304) (default)
2022-07-04 07:12:25,258 [s2@group-3709D9E7CFD8-LeaderElection3] INFO  server.RaftServerConfigKeys (ConfUtils.java:logGet(46)) - raft.server.log.appender.buffer.element-limit = 0 (default)
2022-07-04 07:12:25,258 [s2@group-3709D9E7CFD8-LeaderElection3] INFO  grpc.GrpcConfigKeys (ConfUtils.java:logGet(46)) - raft.grpc.server.leader.outstanding.appends.max = 128 (default)
2022-07-04 07:12:25,258 [s2@group-3709D9E7CFD8-LeaderElection3] INFO  server.RaftServerConfigKeys (ConfUtils.java:logGet(46)) - raft.server.rpc.request.timeout = 3000ms (default)
2022-07-04 07:12:25,258 [s2@group-3709D9E7CFD8-LeaderElection3] INFO  server.RaftServerConfigKeys (ConfUtils.java:logGet(46)) - raft.server.log.appender.install.snapshot.enabled = true (default)
2022-07-04 07:12:25,258 [s2@group-3709D9E7CFD8-LeaderElection3] INFO  impl.RoleInfo (RoleInfo.java:updateAndGet(139)) - s2: start s2@group-3709D9E7CFD8-LeaderStateImpl
2022-07-04 07:12:25,259 [s2@group-3709D9E7CFD8-LeaderElection3] INFO  segmented.SegmentedRaftLogWorker (SegmentedRaftLogWorker.java:startLogSegment(425)) - s2@group-3709D9E7CFD8-SegmentedRaftLogWorker: Starting segment from index:0
2022-07-04 07:12:25,266 [grpc-default-executor-6] INFO  impl.VoteContext (VoteContext.java:log(48)) - s1@group-3709D9E7CFD8-FOLLOWER: accept ELECTION from s2: our priority 0 <= candidate's priority 0
2022-07-04 07:12:25,275 [grpc-default-executor-6] INFO  server.RaftServer$Division (RaftServerImpl.java:setRole(299)) - s1@group-3709D9E7CFD8: changes role from  FOLLOWER to FOLLOWER at term 1 for candidate:s2
2022-07-04 07:12:25,275 [grpc-default-executor-6] INFO  impl.RoleInfo (RoleInfo.java:shutdownFollowerState(110)) - s1: shutdown s1@group-3709D9E7CFD8-FollowerState
2022-07-04 07:12:25,275 [grpc-default-executor-6] INFO  impl.RoleInfo (RoleInfo.java:updateAndGet(139)) - s1: start s1@group-3709D9E7CFD8-FollowerState
2022-07-04 07:12:25,272 [s0-server-thread1] INFO  server.RaftServer$Division (ServerState.java:setLeader(291)) - s0@group-3709D9E7CFD8: change Leader from null to s2 at term 1 for appendEntries, leader elected after 274ms
2022-07-04 07:12:25,267 [s2@group-3709D9E7CFD8-SegmentedRaftLogWorker] INFO  segmented.SegmentedRaftLogWorker (SegmentedRaftLogWorker.java:execute(629)) - s2@group-3709D9E7CFD8-SegmentedRaftLogWorker: created new log segment /home/runner/work/ratis/ratis/ratis-test/target/test/data/c85744f8/MiniRaftClusterWithRpcTypeGrpcAndDataStreamTypeNetty13fea5ce/s2/85cab365-e59c-4f2e-ab8d-3709d9e7cfd8/current/log_inprogress_0
2022-07-04 07:12:25,276 [grpc-default-executor-6] INFO  server.RaftServer$Division (RaftServerImpl.java:requestVote(1184)) - s1@group-3709D9E7CFD8 replies to ELECTION vote request: s2<-s1#0:OK-t1. Peer's state: s1@group-3709D9E7CFD8:t1, leader=null, voted=s2, raftlog=s1@group-3709D9E7CFD8-SegmentedRaftLog:OPENED:c-1, conf=-1: [s0|rpc:localhost:36085|admin:localhost:45717|client:localhost:38313|dataStream:localhost:45759|priority:0, s1|rpc:localhost:33645|admin:localhost:44907|client:localhost:35641|dataStream:localhost:33417|priority:0, s2|rpc:localhost:34013|admin:localhost:33311|client:localhost:46431|dataStream:localhost:44537|priority:0], old=null
2022-07-04 07:12:25,278 [s1-server-thread1] INFO  server.RaftServer$Division (ServerState.java:setLeader(291)) - s1@group-3709D9E7CFD8: change Leader from null to s2 at term 1 for appendEntries, leader elected after 254ms
2022-07-04 07:12:25,275 [s1@group-3709D9E7CFD8-FollowerState] INFO  impl.FollowerState (FollowerState.java:run(152)) - s1@group-3709D9E7CFD8-FollowerState was interrupted
2022-07-04 07:12:25,275 [s2@group-3709D9E7CFD8-LeaderElection3] INFO  server.RaftServer$Division (ServerState.java:setRaftConf(397)) - s2@group-3709D9E7CFD8: set configuration 0: [s0|rpc:localhost:36085|admin:localhost:45717|client:localhost:38313|dataStream:localhost:45759|priority:0, s1|rpc:localhost:33645|admin:localhost:44907|client:localhost:35641|dataStream:localhost:33417|priority:0, s2|rpc:localhost:34013|admin:localhost:33311|client:localhost:46431|dataStream:localhost:44537|priority:0], old=null
2022-07-04 07:12:25,287 [s0-server-thread1] INFO  server.RaftServer$Division (ServerState.java:setRaftConf(397)) - s0@group-3709D9E7CFD8: set configuration 0: [s0|rpc:localhost:36085|admin:localhost:45717|client:localhost:38313|dataStream:localhost:45759|priority:0, s1|rpc:localhost:33645|admin:localhost:44907|client:localhost:35641|dataStream:localhost:33417|priority:0, s2|rpc:localhost:34013|admin:localhost:33311|client:localhost:46431|dataStream:localhost:44537|priority:0], old=null
2022-07-04 07:12:25,287 [s0-server-thread1] INFO  segmented.SegmentedRaftLogWorker (SegmentedRaftLogWorker.java:startLogSegment(425)) - s0@group-3709D9E7CFD8-SegmentedRaftLogWorker: Starting segment from index:0
2022-07-04 07:12:25,292 [s1-server-thread1] INFO  server.RaftServer$Division (ServerState.java:setRaftConf(397)) - s1@group-3709D9E7CFD8: set configuration 0: [s0|rpc:localhost:36085|admin:localhost:45717|client:localhost:38313|dataStream:localhost:45759|priority:0, s1|rpc:localhost:33645|admin:localhost:44907|client:localhost:35641|dataStream:localhost:33417|priority:0, s2|rpc:localhost:34013|admin:localhost:33311|client:localhost:46431|dataStream:localhost:44537|priority:0], old=null
2022-07-04 07:12:25,293 [s1-server-thread1] INFO  segmented.SegmentedRaftLogWorker (SegmentedRaftLogWorker.java:startLogSegment(425)) - s1@group-3709D9E7CFD8-SegmentedRaftLogWorker: Starting segment from index:0
2022-07-04 07:12:25,301 [s0@group-3709D9E7CFD8-SegmentedRaftLogWorker] INFO  segmented.SegmentedRaftLogWorker (SegmentedRaftLogWorker.java:execute(629)) - s0@group-3709D9E7CFD8-SegmentedRaftLogWorker: created new log segment /home/runner/work/ratis/ratis/ratis-test/target/test/data/c85744f8/MiniRaftClusterWithRpcTypeGrpcAndDataStreamTypeNetty13fea5ce/s0/85cab365-e59c-4f2e-ab8d-3709d9e7cfd8/current/log_inprogress_0
2022-07-04 07:12:25,301 [s1@group-3709D9E7CFD8-SegmentedRaftLogWorker] INFO  segmented.SegmentedRaftLogWorker (SegmentedRaftLogWorker.java:execute(629)) - s1@group-3709D9E7CFD8-SegmentedRaftLogWorker: created new log segment /home/runner/work/ratis/ratis/ratis-test/target/test/data/c85744f8/MiniRaftClusterWithRpcTypeGrpcAndDataStreamTypeNetty13fea5ce/s1/85cab365-e59c-4f2e-ab8d-3709d9e7cfd8/current/log_inprogress_0
2022-07-04 07:12:25,529 [Time-limited test] INFO  ratis.RaftTestUtil (RaftTestUtil.java:waitForLeader(119)) - printing ALL groups
  s0:  RUNNING  FOLLOWER s0@group-3709D9E7CFD8:t1, leader=s2, voted=s2, raftlog=s0@group-3709D9E7CFD8-SegmentedRaftLog:OPENED:c0, conf=0: [s0|rpc:localhost:36085|admin:localhost:45717|client:localhost:38313|dataStream:localhost:45759|priority:0, s1|rpc:localhost:33645|admin:localhost:44907|client:localhost:35641|dataStream:localhost:33417|priority:0, s2|rpc:localhost:34013|admin:localhost:33311|client:localhost:46431|dataStream:localhost:44537|priority:0], old=null RUNNING
  s1:  RUNNING  FOLLOWER s1@group-3709D9E7CFD8:t1, leader=s2, voted=s2, raftlog=s1@group-3709D9E7CFD8-SegmentedRaftLog:OPENED:c0, conf=0: [s0|rpc:localhost:36085|admin:localhost:45717|client:localhost:38313|dataStream:localhost:45759|priority:0, s1|rpc:localhost:33645|admin:localhost:44907|client:localhost:35641|dataStream:localhost:33417|priority:0, s2|rpc:localhost:34013|admin:localhost:33311|client:localhost:46431|dataStream:localhost:44537|priority:0], old=null RUNNING
  s2:  RUNNING    LEADER s2@group-3709D9E7CFD8:t1, leader=s2, voted=s2, raftlog=s2@group-3709D9E7CFD8-SegmentedRaftLog:OPENED:c0, conf=0: [s0|rpc:localhost:36085|admin:localhost:45717|client:localhost:38313|dataStream:localhost:45759|priority:0, s1|rpc:localhost:33645|admin:localhost:44907|client:localhost:35641|dataStream:localhost:33417|priority:0, s2|rpc:localhost:34013|admin:localhost:33311|client:localhost:46431|dataStream:localhost:44537|priority:0], old=null RUNNING
2022-07-04 07:12:25,538 [pool-9-thread-8] INFO  client.DataStreamClient (ConfUtils.java:logGet(46)) - raft.datastream.type = NETTY (custom)
2022-07-04 07:12:25,538 [pool-9-thread-8] INFO  netty.NettyConfigKeys$DataStream (ConfUtils.java:logGet(46)) - raft.netty.dataStream.client.tls.conf = null (default)
2022-07-04 07:12:25,538 [pool-9-thread-8] INFO  netty.NettyConfigKeys$DataStream (ConfUtils.java:logGet(46)) - raft.netty.dataStream.client.reply.queue.grace-period = 1s (default)
2022-07-04 07:12:25,538 [pool-9-thread-8] INFO  netty.NettyConfigKeys$DataStream (ConfUtils.java:logGet(46)) - raft.netty.dataStream.client.worker-group.share = false (default)
2022-07-04 07:12:25,538 [pool-9-thread-8] INFO  netty.NettyConfigKeys$DataStream (ConfUtils.java:logGet(46)) - raft.netty.dataStream.client.worker-group.size = 4 (default)
2022-07-04 07:12:25,542 [s2-NettyServerStreamRpc-bossGroup--thread1] INFO  logging.LoggingHandler (AbstractInternalLogger.java:log(148)) - [id: 0xa39719b2, L:/0.0.0.0:44537] READ: [id: 0xfd9ba184, L:/127.0.0.1:44537 - R:/127.0.0.1:56950]
2022-07-04 07:12:25,544 [pool-9-thread-10] INFO  datastream.DataStreamTestUtils (DataStreamTestUtils.java:writeAndCloseAndAssertReplies(311)) - start Stream376
2022-07-04 07:12:25,544 [pool-9-thread-6] INFO  client.DataStreamClient (ConfUtils.java:logGet(46)) - raft.datastream.type = NETTY (custom)
2022-07-04 07:12:25,543 [pool-9-thread-5] INFO  client.DataStreamClient (ConfUtils.java:logGet(46)) - raft.datastream.type = NETTY (custom)
2022-07-04 07:12:25,544 [pool-9-thread-5] INFO  netty.NettyConfigKeys$DataStream (ConfUtils.java:logGet(46)) - raft.netty.dataStream.client.tls.conf = null (default)
2022-07-04 07:12:25,544 [pool-9-thread-5] INFO  netty.NettyConfigKeys$DataStream (ConfUtils.java:logGet(46)) - raft.netty.dataStream.client.reply.queue.grace-period = 1s (default)
2022-07-04 07:12:25,544 [pool-9-thread-5] INFO  netty.NettyConfigKeys$DataStream (ConfUtils.java:logGet(46)) - raft.netty.dataStream.client.worker-group.share = false (default)
2022-07-04 07:12:25,544 [pool-9-thread-5] INFO  netty.NettyConfigKeys$DataStream (ConfUtils.java:logGet(46)) - raft.netty.dataStream.client.worker-group.size = 4 (default)
2022-07-04 07:12:25,543 [pool-9-thread-4] INFO  client.DataStreamClient (ConfUtils.java:logGet(46)) - raft.datastream.type = NETTY (custom)
2022-07-04 07:12:25,545 [pool-9-thread-4] INFO  netty.NettyConfigKeys$DataStream (ConfUtils.java:logGet(46)) - raft.netty.dataStream.client.tls.conf = null (default)
2022-07-04 07:12:25,545 [pool-9-thread-4] INFO  netty.NettyConfigKeys$DataStream (ConfUtils.java:logGet(46)) - raft.netty.dataStream.client.reply.queue.grace-period = 1s (default)
2022-07-04 07:12:25,545 [pool-9-thread-4] INFO  netty.NettyConfigKeys$DataStream (ConfUtils.java:logGet(46)) - raft.netty.dataStream.client.worker-group.share = false (default)
2022-07-04 07:12:25,545 [pool-9-thread-4] INFO  netty.NettyConfigKeys$DataStream (ConfUtils.java:logGet(46)) - raft.netty.dataStream.client.worker-group.size = 4 (default)
2022-07-04 07:12:25,543 [pool-9-thread-7] INFO  client.DataStreamClient (ConfUtils.java:logGet(46)) - raft.datastream.type = NETTY (custom)
2022-07-04 07:12:25,545 [pool-9-thread-7] INFO  netty.NettyConfigKeys$DataStream (ConfUtils.java:logGet(46)) - raft.netty.dataStream.client.tls.conf = null (default)
2022-07-04 07:12:25,545 [pool-9-thread-7] INFO  netty.NettyConfigKeys$DataStream (ConfUtils.java:logGet(46)) - raft.netty.dataStream.client.reply.queue.grace-period = 1s (default)
2022-07-04 07:12:25,545 [pool-9-thread-7] INFO  netty.NettyConfigKeys$DataStream (ConfUtils.java:logGet(46)) - raft.netty.dataStream.client.worker-group.share = false (default)
2022-07-04 07:12:25,546 [pool-9-thread-7] INFO  netty.NettyConfigKeys$DataStream (ConfUtils.java:logGet(46)) - raft.netty.dataStream.client.worker-group.size = 4 (default)
2022-07-04 07:12:25,543 [pool-9-thread-3] INFO  client.DataStreamClient (ConfUtils.java:logGet(46)) - raft.datastream.type = NETTY (custom)
2022-07-04 07:12:25,546 [pool-9-thread-3] INFO  netty.NettyConfigKeys$DataStream (ConfUtils.java:logGet(46)) - raft.netty.dataStream.client.tls.conf = null (default)
2022-07-04 07:12:25,546 [pool-9-thread-3] INFO  netty.NettyConfigKeys$DataStream (ConfUtils.java:logGet(46)) - raft.netty.dataStream.client.reply.queue.grace-period = 1s (default)
2022-07-04 07:12:25,546 [pool-9-thread-3] INFO  netty.NettyConfigKeys$DataStream (ConfUtils.java:logGet(46)) - raft.netty.dataStream.client.worker-group.share = false (default)
2022-07-04 07:12:25,546 [pool-9-thread-3] INFO  netty.NettyConfigKeys$DataStream (ConfUtils.java:logGet(46)) - raft.netty.dataStream.client.worker-group.size = 4 (default)
2022-07-04 07:12:25,545 [pool-9-thread-6] INFO  netty.NettyConfigKeys$DataStream (ConfUtils.java:logGet(46)) - raft.netty.dataStream.client.tls.conf = null (default)
2022-07-04 07:12:25,547 [pool-9-thread-6] INFO  netty.NettyConfigKeys$DataStream (ConfUtils.java:logGet(46)) - raft.netty.dataStream.client.reply.queue.grace-period = 1s (default)
2022-07-04 07:12:25,547 [pool-9-thread-6] INFO  netty.NettyConfigKeys$DataStream (ConfUtils.java:logGet(46)) - raft.netty.dataStream.client.worker-group.share = false (default)
2022-07-04 07:12:25,547 [pool-9-thread-6] INFO  netty.NettyConfigKeys$DataStream (ConfUtils.java:logGet(46)) - raft.netty.dataStream.client.worker-group.size = 4 (default)
2022-07-04 07:12:25,549 [pool-9-thread-9] INFO  client.DataStreamClient (ConfUtils.java:logGet(46)) - raft.datastream.type = NETTY (custom)
2022-07-04 07:12:25,549 [pool-9-thread-9] INFO  netty.NettyConfigKeys$DataStream (ConfUtils.java:logGet(46)) - raft.netty.dataStream.client.tls.conf = null (default)
2022-07-04 07:12:25,549 [pool-9-thread-9] INFO  netty.NettyConfigKeys$DataStream (ConfUtils.java:logGet(46)) - raft.netty.dataStream.client.reply.queue.grace-period = 1s (default)
2022-07-04 07:12:25,549 [pool-9-thread-9] INFO  netty.NettyConfigKeys$DataStream (ConfUtils.java:logGet(46)) - raft.netty.dataStream.client.worker-group.share = false (default)
2022-07-04 07:12:25,549 [pool-9-thread-9] INFO  netty.NettyConfigKeys$DataStream (ConfUtils.java:logGet(46)) - raft.netty.dataStream.client.worker-group.size = 4 (default)
2022-07-04 07:12:25,554 [pool-9-thread-11] INFO  datastream.DataStreamTestUtils (DataStreamTestUtils.java:writeAndCloseAndAssertReplies(311)) - start Stream377
2022-07-04 07:12:25,555 [pool-9-thread-12] INFO  datastream.DataStreamTestUtils (DataStreamTestUtils.java:writeAndCloseAndAssertReplies(311)) - start Stream378
2022-07-04 07:12:25,562 [pool-9-thread-13] INFO  datastream.DataStreamTestUtils (DataStreamTestUtils.java:writeAndCloseAndAssertReplies(311)) - start Stream379
2022-07-04 07:12:25,570 [s1-NettyServerStreamRpc-bossGroup--thread1] INFO  logging.LoggingHandler (AbstractInternalLogger.java:log(148)) - [id: 0xbdfc82d0, L:/0.0.0.0:33417] READ: [id: 0x3d1d21d6, L:/127.0.0.1:33417 - R:/127.0.0.1:55416]
2022-07-04 07:12:25,574 [s0-NettyServerStreamRpc-bossGroup--thread1] INFO  logging.LoggingHandler (AbstractInternalLogger.java:log(148)) - [id: 0x24efd6a8, L:/0.0.0.0:45759] READ: [id: 0x0c0cb1c6, L:/127.0.0.1:45759 - R:/127.0.0.1:52228]
2022-07-04 07:12:25,580 [s2-NettyServerStreamRpc-bossGroup--thread1] INFO  logging.LoggingHandler (AbstractInternalLogger.java:log(148)) - [id: 0xa39719b2, L:/0.0.0.0:44537] READ COMPLETE
2022-07-04 07:12:25,581 [s2-NettyServerStreamRpc-bossGroup--thread1] INFO  logging.LoggingHandler (AbstractInternalLogger.java:log(148)) - [id: 0xa39719b2, L:/0.0.0.0:44537] READ: [id: 0x12805c18, L:/127.0.0.1:44537 - R:/127.0.0.1:56960]
2022-07-04 07:12:25,583 [s2-NettyServerStreamRpc-workerGroup--thread1] INFO  client.DataStreamClient (ConfUtils.java:logGet(46)) - raft.datastream.type = NETTY (custom)
2022-07-04 07:12:25,583 [s2-NettyServerStreamRpc-workerGroup--thread1] INFO  netty.NettyConfigKeys$DataStream (ConfUtils.java:logGet(46)) - raft.netty.dataStream.client.tls.conf = null (default)
2022-07-04 07:12:25,583 [s2-NettyServerStreamRpc-workerGroup--thread1] INFO  netty.NettyConfigKeys$DataStream (ConfUtils.java:logGet(46)) - raft.netty.dataStream.client.reply.queue.grace-period = 1s (default)
2022-07-04 07:12:25,583 [s2-NettyServerStreamRpc-workerGroup--thread1] INFO  netty.NettyConfigKeys$DataStream (ConfUtils.java:logGet(46)) - raft.netty.dataStream.client.worker-group.share = false (default)
2022-07-04 07:12:25,583 [s2-NettyServerStreamRpc-workerGroup--thread1] INFO  netty.NettyConfigKeys$DataStream (ConfUtils.java:logGet(46)) - raft.netty.dataStream.client.worker-group.size = 4 (default)
2022-07-04 07:12:25,586 [s2-NettyServerStreamRpc-bossGroup--thread1] INFO  logging.LoggingHandler (AbstractInternalLogger.java:log(148)) - [id: 0xa39719b2, L:/0.0.0.0:44537] READ: [id: 0x61b7c7f6, L:/127.0.0.1:44537 - R:/127.0.0.1:56962]
2022-07-04 07:12:25,587 [s2-NettyServerStreamRpc-workerGroup--thread2] INFO  client.DataStreamClient (ConfUtils.java:logGet(46)) - raft.datastream.type = NETTY (custom)
2022-07-04 07:12:25,587 [s2-NettyServerStreamRpc-workerGroup--thread2] INFO  netty.NettyConfigKeys$DataStream (ConfUtils.java:logGet(46)) - raft.netty.dataStream.client.tls.conf = null (default)
2022-07-04 07:12:25,588 [s2-NettyServerStreamRpc-workerGroup--thread2] INFO  netty.NettyConfigKeys$DataStream (ConfUtils.java:logGet(46)) - raft.netty.dataStream.client.reply.queue.grace-period = 1s (default)
2022-07-04 07:12:25,588 [s2-NettyServerStreamRpc-workerGroup--thread2] INFO  netty.NettyConfigKeys$DataStream (ConfUtils.java:logGet(46)) - raft.netty.dataStream.client.worker-group.share = false (default)
2022-07-04 07:12:25,588 [s2-NettyServerStreamRpc-workerGroup--thread2] INFO  netty.NettyConfigKeys$DataStream (ConfUtils.java:logGet(46)) - raft.netty.dataStream.client.worker-group.size = 4 (default)
2022-07-04 07:12:25,591 [s2-NettyServerStreamRpc-bossGroup--thread1] INFO  logging.LoggingHandler (AbstractInternalLogger.java:log(148)) - [id: 0xa39719b2, L:/0.0.0.0:44537] READ COMPLETE
2022-07-04 07:12:25,591 [s0-NettyServerStreamRpc-bossGroup--thread1] INFO  logging.LoggingHandler (AbstractInternalLogger.java:log(148)) - [id: 0x24efd6a8, L:/0.0.0.0:45759] READ COMPLETE
2022-07-04 07:12:25,591 [s2-NettyServerStreamRpc-workerGroup--thread3] INFO  client.DataStreamClient (ConfUtils.java:logGet(46)) - raft.datastream.type = NETTY (custom)
2022-07-04 07:12:25,592 [s0-NettyServerStreamRpc-workerGroup--thread1] INFO  client.DataStreamClient (ConfUtils.java:logGet(46)) - raft.datastream.type = NETTY (custom)
2022-07-04 07:12:25,592 [s0-NettyServerStreamRpc-workerGroup--thread1] INFO  netty.NettyConfigKeys$DataStream (ConfUtils.java:logGet(46)) - raft.netty.dataStream.client.tls.conf = null (default)
2022-07-04 07:12:25,592 [s0-NettyServerStreamRpc-workerGroup--thread1] INFO  netty.NettyConfigKeys$DataStream (ConfUtils.java:logGet(46)) - raft.netty.dataStream.client.reply.queue.grace-period = 1s (default)
2022-07-04 07:12:25,592 [s2-NettyServerStreamRpc-workerGroup--thread3] INFO  netty.NettyConfigKeys$DataStream (ConfUtils.java:logGet(46)) - raft.netty.dataStream.client.tls.conf = null (default)
2022-07-04 07:12:25,594 [s2-NettyServerStreamRpc-workerGroup--thread3] INFO  netty.NettyConfigKeys$DataStream (ConfUtils.java:logGet(46)) - raft.netty.dataStream.client.reply.queue.grace-period = 1s (default)
2022-07-04 07:12:25,595 [s2-NettyServerStreamRpc-workerGroup--thread3] INFO  netty.NettyConfigKeys$DataStream (ConfUtils.java:logGet(46)) - raft.netty.dataStream.client.worker-group.share = false (default)
2022-07-04 07:12:25,595 [s2-NettyServerStreamRpc-workerGroup--thread3] INFO  netty.NettyConfigKeys$DataStream (ConfUtils.java:logGet(46)) - raft.netty.dataStream.client.worker-group.size = 4 (default)
2022-07-04 07:12:25,595 [s1-NettyServerStreamRpc-workerGroup--thread1] INFO  client.DataStreamClient (ConfUtils.java:logGet(46)) - raft.datastream.type = NETTY (custom)
2022-07-04 07:12:25,593 [pool-9-thread-15] INFO  datastream.DataStreamTestUtils (DataStreamTestUtils.java:writeAndCloseAndAssertReplies(311)) - start Stream383
2022-07-04 07:12:25,593 [s0-NettyServerStreamRpc-workerGroup--thread1] INFO  netty.NettyConfigKeys$DataStream (ConfUtils.java:logGet(46)) - raft.netty.dataStream.client.worker-group.share = false (default)
2022-07-04 07:12:25,596 [s0-NettyServerStreamRpc-workerGroup--thread1] INFO  netty.NettyConfigKeys$DataStream (ConfUtils.java:logGet(46)) - raft.netty.dataStream.client.worker-group.size = 4 (default)
2022-07-04 07:12:25,592 [pool-9-thread-16] INFO  datastream.DataStreamTestUtils (DataStreamTestUtils.java:writeAndCloseAndAssertReplies(311)) - start Stream382
2022-07-04 07:12:25,595 [s1-NettyServerStreamRpc-workerGroup--thread1] INFO  netty.NettyConfigKeys$DataStream (ConfUtils.java:logGet(46)) - raft.netty.dataStream.client.tls.conf = null (default)
2022-07-04 07:12:25,595 [s1-NettyServerStreamRpc-bossGroup--thread1] INFO  logging.LoggingHandler (AbstractInternalLogger.java:log(148)) - [id: 0xbdfc82d0, L:/0.0.0.0:33417] READ COMPLETE
2022-07-04 07:12:25,598 [s1-NettyServerStreamRpc-bossGroup--thread1] INFO  logging.LoggingHandler (AbstractInternalLogger.java:log(148)) - [id: 0xbdfc82d0, L:/0.0.0.0:33417] READ: [id: 0x2d8556ba, L:/127.0.0.1:33417 - R:/127.0.0.1:55418]
2022-07-04 07:12:25,595 [pool-9-thread-14] INFO  datastream.DataStreamTestUtils (DataStreamTestUtils.java:writeAndCloseAndAssertReplies(311)) - start Stream381
2022-07-04 07:12:25,598 [s0-NettyServerStreamRpc-bossGroup--thread1] INFO  logging.LoggingHandler (AbstractInternalLogger.java:log(148)) - [id: 0x24efd6a8, L:/0.0.0.0:45759] READ: [id: 0xb836e71f, L:/127.0.0.1:45759 - R:/127.0.0.1:52234]
2022-07-04 07:12:25,599 [s2-NettyServerStreamRpc-workerGroup--thread2] INFO  client.DataStreamClient (ConfUtils.java:logGet(46)) - raft.datastream.type = NETTY (custom)
2022-07-04 07:12:25,599 [s2-NettyServerStreamRpc-workerGroup--thread2] INFO  netty.NettyConfigKeys$DataStream (ConfUtils.java:logGet(46)) - raft.netty.dataStream.client.tls.conf = null (default)
2022-07-04 07:12:25,599 [s2-NettyServerStreamRpc-workerGroup--thread2] INFO  netty.NettyConfigKeys$DataStream (ConfUtils.java:logGet(46)) - raft.netty.dataStream.client.reply.queue.grace-period = 1s (default)
2022-07-04 07:12:25,599 [s2-NettyServerStreamRpc-workerGroup--thread2] INFO  netty.NettyConfigKeys$DataStream (ConfUtils.java:logGet(46)) - raft.netty.dataStream.client.worker-group.share = false (default)
2022-07-04 07:12:25,599 [s2-NettyServerStreamRpc-workerGroup--thread2] INFO  netty.NettyConfigKeys$DataStream (ConfUtils.java:logGet(46)) - raft.netty.dataStream.client.worker-group.size = 4 (default)
2022-07-04 07:12:25,600 [s1-NettyServerStreamRpc-workerGroup--thread1] INFO  netty.NettyConfigKeys$DataStream (ConfUtils.java:logGet(46)) - raft.netty.dataStream.client.reply.queue.grace-period = 1s (default)
2022-07-04 07:12:25,600 [s1-NettyServerStreamRpc-workerGroup--thread1] INFO  netty.NettyConfigKeys$DataStream (ConfUtils.java:logGet(46)) - raft.netty.dataStream.client.worker-group.share = false (default)
2022-07-04 07:12:25,600 [s1-NettyServerStreamRpc-workerGroup--thread1] INFO  netty.NettyConfigKeys$DataStream (ConfUtils.java:logGet(46)) - raft.netty.dataStream.client.worker-group.size = 4 (default)
2022-07-04 07:12:25,600 [s2-NettyServerStreamRpc-workerGroup--thread3] INFO  client.DataStreamClient (ConfUtils.java:logGet(46)) - raft.datastream.type = NETTY (custom)
2022-07-04 07:12:25,600 [s2-NettyServerStreamRpc-workerGroup--thread3] INFO  netty.NettyConfigKeys$DataStream (ConfUtils.java:logGet(46)) - raft.netty.dataStream.client.tls.conf = null (default)
2022-07-04 07:12:25,600 [s2-NettyServerStreamRpc-workerGroup--thread3] INFO  netty.NettyConfigKeys$DataStream (ConfUtils.java:logGet(46)) - raft.netty.dataStream.client.reply.queue.grace-period = 1s (default)
2022-07-04 07:12:25,601 [s2-NettyServerStreamRpc-workerGroup--thread3] INFO  netty.NettyConfigKeys$DataStream (ConfUtils.java:logGet(46)) - raft.netty.dataStream.client.worker-group.share = false (default)
2022-07-04 07:12:25,601 [s2-NettyServerStreamRpc-workerGroup--thread3] INFO  netty.NettyConfigKeys$DataStream (ConfUtils.java:logGet(46)) - raft.netty.dataStream.client.worker-group.size = 4 (default)
2022-07-04 07:12:25,601 [s2-NettyServerStreamRpc-workerGroup--thread1] INFO  client.DataStreamClient (ConfUtils.java:logGet(46)) - raft.datastream.type = NETTY (custom)
2022-07-04 07:12:25,601 [s2-NettyServerStreamRpc-workerGroup--thread1] INFO  netty.NettyConfigKeys$DataStream (ConfUtils.java:logGet(46)) - raft.netty.dataStream.client.tls.conf = null (default)
2022-07-04 07:12:25,601 [s2-NettyServerStreamRpc-workerGroup--thread1] INFO  netty.NettyConfigKeys$DataStream (ConfUtils.java:logGet(46)) - raft.netty.dataStream.client.reply.queue.grace-period = 1s (default)
2022-07-04 07:12:25,601 [s2-NettyServerStreamRpc-workerGroup--thread1] INFO  netty.NettyConfigKeys$DataStream (ConfUtils.java:logGet(46)) - raft.netty.dataStream.client.worker-group.share = false (default)
2022-07-04 07:12:25,601 [s2-NettyServerStreamRpc-workerGroup--thread1] INFO  netty.NettyConfigKeys$DataStream (ConfUtils.java:logGet(46)) - raft.netty.dataStream.client.worker-group.size = 4 (default)
2022-07-04 07:12:25,602 [s0-NettyServerStreamRpc-workerGroup--thread1] INFO  client.DataStreamClient (ConfUtils.java:logGet(46)) - raft.datastream.type = NETTY (custom)
2022-07-04 07:12:25,602 [s0-NettyServerStreamRpc-workerGroup--thread1] INFO  netty.NettyConfigKeys$DataStream (ConfUtils.java:logGet(46)) - raft.netty.dataStream.client.tls.conf = null (default)
2022-07-04 07:12:25,602 [s0-NettyServerStreamRpc-workerGroup--thread1] INFO  netty.NettyConfigKeys$DataStream (ConfUtils.java:logGet(46)) - raft.netty.dataStream.client.reply.queue.grace-period = 1s (default)
2022-07-04 07:12:25,602 [s0-NettyServerStreamRpc-workerGroup--thread1] INFO  netty.NettyConfigKeys$DataStream (ConfUtils.java:logGet(46)) - raft.netty.dataStream.client.worker-group.share = false (default)
2022-07-04 07:12:25,602 [s0-NettyServerStreamRpc-workerGroup--thread1] INFO  netty.NettyConfigKeys$DataStream (ConfUtils.java:logGet(46)) - raft.netty.dataStream.client.worker-group.size = 4 (default)
2022-07-04 07:12:25,603 [s0-NettyServerStreamRpc-bossGroup--thread1] INFO  logging.LoggingHandler (AbstractInternalLogger.java:log(148)) - [id: 0x24efd6a8, L:/0.0.0.0:45759] READ COMPLETE
2022-07-04 07:12:25,604 [s0-NettyServerStreamRpc-bossGroup--thread1] INFO  logging.LoggingHandler (AbstractInternalLogger.java:log(148)) - [id: 0x24efd6a8, L:/0.0.0.0:45759] READ: [id: 0x622d10dd, L:/127.0.0.1:45759 - R:/127.0.0.1:52236]
2022-07-04 07:12:25,604 [s0-NettyServerStreamRpc-bossGroup--thread1] INFO  logging.LoggingHandler (AbstractInternalLogger.java:log(148)) - [id: 0x24efd6a8, L:/0.0.0.0:45759] READ: [id: 0x8b44c192, L:/127.0.0.1:45759 - R:/127.0.0.1:52238]
2022-07-04 07:12:25,605 [s1-NettyServerStreamRpc-bossGroup--thread1] INFO  logging.LoggingHandler (AbstractInternalLogger.java:log(148)) - [id: 0xbdfc82d0, L:/0.0.0.0:33417] READ: [id: 0x683ce946, L:/127.0.0.1:33417 - R:/127.0.0.1:55420]
2022-07-04 07:12:25,605 [s1-NettyServerStreamRpc-bossGroup--thread1] INFO  logging.LoggingHandler (AbstractInternalLogger.java:log(148)) - [id: 0xbdfc82d0, L:/0.0.0.0:33417] READ COMPLETE
2022-07-04 07:12:25,605 [s1-NettyServerStreamRpc-bossGroup--thread1] INFO  logging.LoggingHandler (AbstractInternalLogger.java:log(148)) - [id: 0xbdfc82d0, L:/0.0.0.0:33417] READ: [id: 0x76c98b70, L:/127.0.0.1:33417 - R:/127.0.0.1:55434]
2022-07-04 07:12:25,606 [s1-NettyServerStreamRpc-bossGroup--thread1] INFO  logging.LoggingHandler (AbstractInternalLogger.java:log(148)) - [id: 0xbdfc82d0, L:/0.0.0.0:33417] READ: [id: 0x431e71c0, L:/127.0.0.1:33417 - R:/127.0.0.1:55436]
2022-07-04 07:12:25,606 [s1-NettyServerStreamRpc-bossGroup--thread1] INFO  logging.LoggingHandler (AbstractInternalLogger.java:log(148)) - [id: 0xbdfc82d0, L:/0.0.0.0:33417] READ COMPLETE
2022-07-04 07:12:25,607 [s2-NettyServerStreamRpc-bossGroup--thread1] INFO  logging.LoggingHandler (AbstractInternalLogger.java:log(148)) - [id: 0xa39719b2, L:/0.0.0.0:44537] READ: [id: 0xe335607f, L:/127.0.0.1:44537 - R:/127.0.0.1:56974]
2022-07-04 07:12:25,608 [s1-NettyServerStreamRpc-bossGroup--thread1] INFO  logging.LoggingHandler (AbstractInternalLogger.java:log(148)) - [id: 0xbdfc82d0, L:/0.0.0.0:33417] READ: [id: 0x48b88994, L:/127.0.0.1:33417 - R:/127.0.0.1:55440]
2022-07-04 07:12:25,608 [s1-NettyServerStreamRpc-bossGroup--thread1] INFO  logging.LoggingHandler (AbstractInternalLogger.java:log(148)) - [id: 0xbdfc82d0, L:/0.0.0.0:33417] READ COMPLETE
2022-07-04 07:12:25,608 [s1-NettyServerStreamRpc-bossGroup--thread1] INFO  logging.LoggingHandler (AbstractInternalLogger.java:log(148)) - [id: 0xbdfc82d0, L:/0.0.0.0:33417] READ: [id: 0xea0ed649, L:/127.0.0.1:33417 - R:/127.0.0.1:55442]
2022-07-04 07:12:25,608 [s1-NettyServerStreamRpc-bossGroup--thread1] INFO  logging.LoggingHandler (AbstractInternalLogger.java:log(148)) - [id: 0xbdfc82d0, L:/0.0.0.0:33417] READ COMPLETE
2022-07-04 07:12:25,609 [s2-NettyServerStreamRpc-workerGroup--thread1] INFO  client.DataStreamClient (ConfUtils.java:logGet(46)) - raft.datastream.type = NETTY (custom)
2022-07-04 07:12:25,609 [s2-NettyServerStreamRpc-workerGroup--thread1] INFO  netty.NettyConfigKeys$DataStream (ConfUtils.java:logGet(46)) - raft.netty.dataStream.client.tls.conf = null (default)
2022-07-04 07:12:25,609 [s2-NettyServerStreamRpc-workerGroup--thread1] INFO  netty.NettyConfigKeys$DataStream (ConfUtils.java:logGet(46)) - raft.netty.dataStream.client.reply.queue.grace-period = 1s (default)
2022-07-04 07:12:25,609 [s2-NettyServerStreamRpc-workerGroup--thread1] INFO  netty.NettyConfigKeys$DataStream (ConfUtils.java:logGet(46)) - raft.netty.dataStream.client.worker-group.share = false (default)
2022-07-04 07:12:25,609 [s2-NettyServerStreamRpc-workerGroup--thread1] INFO  netty.NettyConfigKeys$DataStream (ConfUtils.java:logGet(46)) - raft.netty.dataStream.client.worker-group.size = 4 (default)
2022-07-04 07:12:25,610 [s2-NettyServerStreamRpc-workerGroup--thread1] INFO  client.DataStreamClient (ConfUtils.java:logGet(46)) - raft.datastream.type = NETTY (custom)
2022-07-04 07:12:25,610 [s2-NettyServerStreamRpc-workerGroup--thread1] INFO  netty.NettyConfigKeys$DataStream (ConfUtils.java:logGet(46)) - raft.netty.dataStream.client.tls.conf = null (default)
2022-07-04 07:12:25,610 [s2-NettyServerStreamRpc-workerGroup--thread1] INFO  netty.NettyConfigKeys$DataStream (ConfUtils.java:logGet(46)) - raft.netty.dataStream.client.reply.queue.grace-period = 1s (default)
2022-07-04 07:12:25,610 [s2-NettyServerStreamRpc-workerGroup--thread1] INFO  netty.NettyConfigKeys$DataStream (ConfUtils.java:logGet(46)) - raft.netty.dataStream.client.worker-group.share = false (default)
2022-07-04 07:12:25,610 [s2-NettyServerStreamRpc-workerGroup--thread1] INFO  netty.NettyConfigKeys$DataStream (ConfUtils.java:logGet(46)) - raft.netty.dataStream.client.worker-group.size = 4 (default)
2022-07-04 07:12:25,611 [s0-NettyServerStreamRpc-workerGroup--thread1] INFO  client.DataStreamClient (ConfUtils.java:logGet(46)) - raft.datastream.type = NETTY (custom)
2022-07-04 07:12:25,611 [s0-NettyServerStreamRpc-workerGroup--thread1] INFO  netty.NettyConfigKeys$DataStream (ConfUtils.java:logGet(46)) - raft.netty.dataStream.client.tls.conf = null (default)
2022-07-04 07:12:25,611 [s0-NettyServerStreamRpc-workerGroup--thread1] INFO  netty.NettyConfigKeys$DataStream (ConfUtils.java:logGet(46)) - raft.netty.dataStream.client.reply.queue.grace-period = 1s (default)
2022-07-04 07:12:25,611 [s0-NettyServerStreamRpc-workerGroup--thread1] INFO  netty.NettyConfigKeys$DataStream (ConfUtils.java:logGet(46)) - raft.netty.dataStream.client.worker-group.share = false (default)
2022-07-04 07:12:25,611 [s0-NettyServerStreamRpc-workerGroup--thread1] INFO  netty.NettyConfigKeys$DataStream (ConfUtils.java:logGet(46)) - raft.netty.dataStream.client.worker-group.size = 4 (default)
2022-07-04 07:12:25,612 [s1-NettyServerStreamRpc-bossGroup--thread1] INFO  logging.LoggingHandler (AbstractInternalLogger.java:log(148)) - [id: 0xbdfc82d0, L:/0.0.0.0:33417] READ: [id: 0x2c645506, L:/127.0.0.1:33417 - R:/127.0.0.1:55446]
2022-07-04 07:12:25,612 [s1-NettyServerStreamRpc-bossGroup--thread1] INFO  logging.LoggingHandler (AbstractInternalLogger.java:log(148)) - [id: 0xbdfc82d0, L:/0.0.0.0:33417] READ COMPLETE
2022-07-04 07:12:25,612 [s0-NettyServerStreamRpc-workerGroup--thread1] INFO  client.DataStreamClient (ConfUtils.java:logGet(46)) - raft.datastream.type = NETTY (custom)
2022-07-04 07:12:25,612 [s0-NettyServerStreamRpc-workerGroup--thread1] INFO  netty.NettyConfigKeys$DataStream (ConfUtils.java:logGet(46)) - raft.netty.dataStream.client.tls.conf = null (default)
2022-07-04 07:12:25,612 [s0-NettyServerStreamRpc-workerGroup--thread1] INFO  netty.NettyConfigKeys$DataStream (ConfUtils.java:logGet(46)) - raft.netty.dataStream.client.reply.queue.grace-period = 1s (default)
2022-07-04 07:12:25,612 [s0-NettyServerStreamRpc-workerGroup--thread1] INFO  netty.NettyConfigKeys$DataStream (ConfUtils.java:logGet(46)) - raft.netty.dataStream.client.worker-group.share = false (default)
2022-07-04 07:12:25,613 [s0-NettyServerStreamRpc-workerGroup--thread1] INFO  netty.NettyConfigKeys$DataStream (ConfUtils.java:logGet(46)) - raft.netty.dataStream.client.worker-group.size = 4 (default)
2022-07-04 07:12:25,613 [s2-NettyServerStreamRpc-bossGroup--thread1] INFO  logging.LoggingHandler (AbstractInternalLogger.java:log(148)) - [id: 0xa39719b2, L:/0.0.0.0:44537] READ COMPLETE
2022-07-04 07:12:25,615 [s2-NettyServerStreamRpc-workerGroup--thread2] INFO  client.DataStreamClient (ConfUtils.java:logGet(46)) - raft.datastream.type = NETTY (custom)
2022-07-04 07:12:25,615 [s2-NettyServerStreamRpc-workerGroup--thread2] INFO  netty.NettyConfigKeys$DataStream (ConfUtils.java:logGet(46)) - raft.netty.dataStream.client.tls.conf = null (default)
2022-07-04 07:12:25,615 [s2-NettyServerStreamRpc-workerGroup--thread2] INFO  netty.NettyConfigKeys$DataStream (ConfUtils.java:logGet(46)) - raft.netty.dataStream.client.reply.queue.grace-period = 1s (default)
2022-07-04 07:12:25,615 [s2-NettyServerStreamRpc-workerGroup--thread2] INFO  netty.NettyConfigKeys$DataStream (ConfUtils.java:logGet(46)) - raft.netty.dataStream.client.worker-group.share = false (default)
2022-07-04 07:12:25,615 [s2-NettyServerStreamRpc-workerGroup--thread2] INFO  netty.NettyConfigKeys$DataStream (ConfUtils.java:logGet(46)) - raft.netty.dataStream.client.worker-group.size = 4 (default)
2022-07-04 07:12:25,616 [s0-NettyServerStreamRpc-bossGroup--thread1] INFO  logging.LoggingHandler (AbstractInternalLogger.java:log(148)) - [id: 0x24efd6a8, L:/0.0.0.0:45759] READ COMPLETE
2022-07-04 07:12:25,616 [s0-NettyServerStreamRpc-bossGroup--thread1] INFO  logging.LoggingHandler (AbstractInternalLogger.java:log(148)) - [id: 0x24efd6a8, L:/0.0.0.0:45759] READ: [id: 0x04b2bd49, L:/127.0.0.1:45759 - R:/127.0.0.1:52250]
2022-07-04 07:12:25,616 [s0-NettyServerStreamRpc-bossGroup--thread1] INFO  logging.LoggingHandler (AbstractInternalLogger.java:log(148)) - [id: 0x24efd6a8, L:/0.0.0.0:45759] READ COMPLETE
2022-07-04 07:12:25,618 [s0-NettyServerStreamRpc-bossGroup--thread1] INFO  logging.LoggingHandler (AbstractInternalLogger.java:log(148)) - [id: 0x24efd6a8, L:/0.0.0.0:45759] READ: [id: 0x9d8e7c6f, L:/127.0.0.1:45759 - R:/127.0.0.1:52254]
2022-07-04 07:12:25,618 [s0-NettyServerStreamRpc-bossGroup--thread1] INFO  logging.LoggingHandler (AbstractInternalLogger.java:log(148)) - [id: 0x24efd6a8, L:/0.0.0.0:45759] READ COMPLETE
2022-07-04 07:12:25,622 [s2-NettyServerStreamRpc-workerGroup--thread2] INFO  client.DataStreamClient (ConfUtils.java:logGet(46)) - raft.datastream.type = NETTY (custom)
2022-07-04 07:12:25,622 [s2-NettyServerStreamRpc-workerGroup--thread2] INFO  netty.NettyConfigKeys$DataStream (ConfUtils.java:logGet(46)) - raft.netty.dataStream.client.tls.conf = null (default)
2022-07-04 07:12:25,622 [s2-NettyServerStreamRpc-workerGroup--thread2] INFO  netty.NettyConfigKeys$DataStream (ConfUtils.java:logGet(46)) - raft.netty.dataStream.client.reply.queue.grace-period = 1s (default)
2022-07-04 07:12:25,622 [s2-NettyServerStreamRpc-workerGroup--thread2] INFO  netty.NettyConfigKeys$DataStream (ConfUtils.java:logGet(46)) - raft.netty.dataStream.client.worker-group.share = false (default)
2022-07-04 07:12:25,622 [s2-NettyServerStreamRpc-workerGroup--thread2] INFO  netty.NettyConfigKeys$DataStream (ConfUtils.java:logGet(46)) - raft.netty.dataStream.client.worker-group.size = 4 (default)
2022-07-04 07:12:25,623 [s2-NettyServerStreamRpc-bossGroup--thread1] INFO  logging.LoggingHandler (AbstractInternalLogger.java:log(148)) - [id: 0xa39719b2, L:/0.0.0.0:44537] READ: [id: 0x3994536e, L:/127.0.0.1:44537 - R:/127.0.0.1:56986]
2022-07-04 07:12:25,623 [s2-NettyServerStreamRpc-bossGroup--thread1] INFO  logging.LoggingHandler (AbstractInternalLogger.java:log(148)) - [id: 0xa39719b2, L:/0.0.0.0:44537] READ COMPLETE
2022-07-04 07:12:25,624 [s1-NettyServerStreamRpc-bossGroup--thread1] INFO  logging.LoggingHandler (AbstractInternalLogger.java:log(148)) - [id: 0xbdfc82d0, L:/0.0.0.0:33417] READ: [id: 0xa72dad83, L:/127.0.0.1:33417 - R:/127.0.0.1:55452]
2022-07-04 07:12:25,624 [s1-NettyServerStreamRpc-bossGroup--thread1] INFO  logging.LoggingHandler (AbstractInternalLogger.java:log(148)) - [id: 0xbdfc82d0, L:/0.0.0.0:33417] READ COMPLETE
2022-07-04 07:12:25,624 [s2-NettyServerStreamRpc-workerGroup--thread3] INFO  client.DataStreamClient (ConfUtils.java:logGet(46)) - raft.datastream.type = NETTY (custom)
2022-07-04 07:12:25,624 [s2-NettyServerStreamRpc-workerGroup--thread3] INFO  netty.NettyConfigKeys$DataStream (ConfUtils.java:logGet(46)) - raft.netty.dataStream.client.tls.conf = null (default)
2022-07-04 07:12:25,625 [s2-NettyServerStreamRpc-workerGroup--thread3] INFO  netty.NettyConfigKeys$DataStream (ConfUtils.java:logGet(46)) - raft.netty.dataStream.client.reply.queue.grace-period = 1s (default)
2022-07-04 07:12:25,625 [s2-NettyServerStreamRpc-workerGroup--thread3] INFO  netty.NettyConfigKeys$DataStream (ConfUtils.java:logGet(46)) - raft.netty.dataStream.client.worker-group.share = false (default)
2022-07-04 07:12:25,625 [s2-NettyServerStreamRpc-workerGroup--thread3] INFO  netty.NettyConfigKeys$DataStream (ConfUtils.java:logGet(46)) - raft.netty.dataStream.client.worker-group.size = 4 (default)
2022-07-04 07:12:25,625 [s0-NettyServerStreamRpc-bossGroup--thread1] INFO  logging.LoggingHandler (AbstractInternalLogger.java:log(148)) - [id: 0x24efd6a8, L:/0.0.0.0:45759] READ: [id: 0x632d28ca, L:/127.0.0.1:45759 - R:/127.0.0.1:52260]
2022-07-04 07:12:25,625 [s0-NettyServerStreamRpc-bossGroup--thread1] INFO  logging.LoggingHandler (AbstractInternalLogger.java:log(148)) - [id: 0x24efd6a8, L:/0.0.0.0:45759] READ COMPLETE
2022-07-04 07:12:25,625 [s1-NettyServerStreamRpc-workerGroup--thread2] INFO  client.DataStreamClient (ConfUtils.java:logGet(46)) - raft.datastream.type = NETTY (custom)
2022-07-04 07:12:25,625 [s1-NettyServerStreamRpc-workerGroup--thread2] INFO  netty.NettyConfigKeys$DataStream (ConfUtils.java:logGet(46)) - raft.netty.dataStream.client.tls.conf = null (default)
2022-07-04 07:12:25,626 [s1-NettyServerStreamRpc-workerGroup--thread2] INFO  netty.NettyConfigKeys$DataStream (ConfUtils.java:logGet(46)) - raft.netty.dataStream.client.reply.queue.grace-period = 1s (default)
2022-07-04 07:12:25,626 [s1-NettyServerStreamRpc-workerGroup--thread2] INFO  netty.NettyConfigKeys$DataStream (ConfUtils.java:logGet(46)) - raft.netty.dataStream.client.worker-group.share = false (default)
2022-07-04 07:12:25,626 [s1-NettyServerStreamRpc-workerGroup--thread2] INFO  netty.NettyConfigKeys$DataStream (ConfUtils.java:logGet(46)) - raft.netty.dataStream.client.worker-group.size = 4 (default)
2022-07-04 07:12:25,627 [s2-NettyServerStreamRpc-workerGroup--thread1] INFO  client.DataStreamClient (ConfUtils.java:logGet(46)) - raft.datastream.type = NETTY (custom)
2022-07-04 07:12:25,627 [s2-NettyServerStreamRpc-workerGroup--thread1] INFO  netty.NettyConfigKeys$DataStream (ConfUtils.java:logGet(46)) - raft.netty.dataStream.client.tls.conf = null (default)
2022-07-04 07:12:25,627 [s2-NettyServerStreamRpc-workerGroup--thread1] INFO  netty.NettyConfigKeys$DataStream (ConfUtils.java:logGet(46)) - raft.netty.dataStream.client.reply.queue.grace-period = 1s (default)
2022-07-04 07:12:25,627 [s2-NettyServerStreamRpc-workerGroup--thread1] INFO  netty.NettyConfigKeys$DataStream (ConfUtils.java:logGet(46)) - raft.netty.dataStream.client.worker-group.share = false (default)
2022-07-04 07:12:25,627 [s2-NettyServerStreamRpc-workerGroup--thread1] INFO  netty.NettyConfigKeys$DataStream (ConfUtils.java:logGet(46)) - raft.netty.dataStream.client.worker-group.size = 4 (default)
2022-07-04 07:12:25,628 [s0-NettyServerStreamRpc-bossGroup--thread1] INFO  logging.LoggingHandler (AbstractInternalLogger.java:log(148)) - [id: 0x24efd6a8, L:/0.0.0.0:45759] READ: [id: 0xa4742e24, L:/127.0.0.1:45759 - R:/127.0.0.1:52262]
2022-07-04 07:12:25,628 [s0-NettyServerStreamRpc-bossGroup--thread1] INFO  logging.LoggingHandler (AbstractInternalLogger.java:log(148)) - [id: 0x24efd6a8, L:/0.0.0.0:45759] READ COMPLETE
2022-07-04 07:12:25,628 [s2-NettyServerStreamRpc-workerGroup--thread1] INFO  client.DataStreamClient (ConfUtils.java:logGet(46)) - raft.datastream.type = NETTY (custom)
2022-07-04 07:12:25,628 [s2-NettyServerStreamRpc-workerGroup--thread1] INFO  netty.NettyConfigKeys$DataStream (ConfUtils.java:logGet(46)) - raft.netty.dataStream.client.tls.conf = null (default)
2022-07-04 07:12:25,628 [s2-NettyServerStreamRpc-workerGroup--thread1] INFO  netty.NettyConfigKeys$DataStream (ConfUtils.java:logGet(46)) - raft.netty.dataStream.client.reply.queue.grace-period = 1s (default)
2022-07-04 07:12:25,628 [s2-NettyServerStreamRpc-workerGroup--thread1] INFO  netty.NettyConfigKeys$DataStream (ConfUtils.java:logGet(46)) - raft.netty.dataStream.client.worker-group.share = false (default)
2022-07-04 07:12:25,628 [s2-NettyServerStreamRpc-workerGroup--thread1] INFO  netty.NettyConfigKeys$DataStream (ConfUtils.java:logGet(46)) - raft.netty.dataStream.client.worker-group.size = 4 (default)
2022-07-04 07:12:25,629 [s0-NettyServerStreamRpc-workerGroup--thread1] INFO  client.DataStreamClient (ConfUtils.java:logGet(46)) - raft.datastream.type = NETTY (custom)
2022-07-04 07:12:25,629 [s0-NettyServerStreamRpc-workerGroup--thread1] INFO  netty.NettyConfigKeys$DataStream (ConfUtils.java:logGet(46)) - raft.netty.dataStream.client.tls.conf = null (default)
2022-07-04 07:12:25,629 [s0-NettyServerStreamRpc-workerGroup--thread1] INFO  netty.NettyConfigKeys$DataStream (ConfUtils.java:logGet(46)) - raft.netty.dataStream.client.reply.queue.grace-period = 1s (default)
2022-07-04 07:12:25,629 [s0-NettyServerStreamRpc-workerGroup--thread1] INFO  netty.NettyConfigKeys$DataStream (ConfUtils.java:logGet(46)) - raft.netty.dataStream.client.worker-group.share = false (default)
2022-07-04 07:12:25,629 [s0-NettyServerStreamRpc-workerGroup--thread1] INFO  netty.NettyConfigKeys$DataStream (ConfUtils.java:logGet(46)) - raft.netty.dataStream.client.worker-group.size = 4 (default)
2022-07-04 07:12:25,630 [s1-NettyServerStreamRpc-bossGroup--thread1] INFO  logging.LoggingHandler (AbstractInternalLogger.java:log(148)) - [id: 0xbdfc82d0, L:/0.0.0.0:33417] READ: [id: 0x8bcf93d7, L:/127.0.0.1:33417 - R:/127.0.0.1:55458]
2022-07-04 07:12:25,630 [s1-NettyServerStreamRpc-bossGroup--thread1] INFO  logging.LoggingHandler (AbstractInternalLogger.java:log(148)) - [id: 0xbdfc82d0, L:/0.0.0.0:33417] READ COMPLETE
2022-07-04 07:12:25,630 [s2-NettyServerStreamRpc-workerGroup--thread2] INFO  client.DataStreamClient (ConfUtils.java:logGet(46)) - raft.datastream.type = NETTY (custom)
2022-07-04 07:12:25,630 [s2-NettyServerStreamRpc-workerGroup--thread2] INFO  netty.NettyConfigKeys$DataStream (ConfUtils.java:logGet(46)) - raft.netty.dataStream.client.tls.conf = null (default)
2022-07-04 07:12:25,630 [s2-NettyServerStreamRpc-workerGroup--thread2] INFO  netty.NettyConfigKeys$DataStream (ConfUtils.java:logGet(46)) - raft.netty.dataStream.client.reply.queue.grace-period = 1s (default)
2022-07-04 07:12:25,631 [s2-NettyServerStreamRpc-workerGroup--thread2] INFO  netty.NettyConfigKeys$DataStream (ConfUtils.java:logGet(46)) - raft.netty.dataStream.client.worker-group.share = false (default)
2022-07-04 07:12:25,631 [s2-NettyServerStreamRpc-workerGroup--thread2] INFO  netty.NettyConfigKeys$DataStream (ConfUtils.java:logGet(46)) - raft.netty.dataStream.client.worker-group.size = 4 (default)
2022-07-04 07:12:25,631 [s0-NettyServerStreamRpc-workerGroup--thread1] INFO  client.DataStreamClient (ConfUtils.java:logGet(46)) - raft.datastream.type = NETTY (custom)
2022-07-04 07:12:25,631 [s0-NettyServerStreamRpc-workerGroup--thread1] INFO  netty.NettyConfigKeys$DataStream (ConfUtils.java:logGet(46)) - raft.netty.dataStream.client.tls.conf = null (default)
2022-07-04 07:12:25,631 [s0-NettyServerStreamRpc-workerGroup--thread1] INFO  netty.NettyConfigKeys$DataStream (ConfUtils.java:logGet(46)) - raft.netty.dataStream.client.reply.queue.grace-period = 1s (default)
2022-07-04 07:12:25,631 [s0-NettyServerStreamRpc-workerGroup--thread1] INFO  netty.NettyConfigKeys$DataStream (ConfUtils.java:logGet(46)) - raft.netty.dataStream.client.worker-group.share = false (default)
2022-07-04 07:12:25,631 [s1-NettyServerStreamRpc-bossGroup--thread1] INFO  logging.LoggingHandler (AbstractInternalLogger.java:log(148)) - [id: 0xbdfc82d0, L:/0.0.0.0:33417] READ: [id: 0x38e9f4ca, L:/127.0.0.1:33417 - R:/127.0.0.1:55460]
2022-07-04 07:12:25,631 [s1-NettyServerStreamRpc-bossGroup--thread1] INFO  logging.LoggingHandler (AbstractInternalLogger.java:log(148)) - [id: 0xbdfc82d0, L:/0.0.0.0:33417] READ COMPLETE
2022-07-04 07:12:25,631 [s0-NettyServerStreamRpc-workerGroup--thread1] INFO  netty.NettyConfigKeys$DataStream (ConfUtils.java:logGet(46)) - raft.netty.dataStream.client.worker-group.size = 4 (default)
2022-07-04 07:12:25,635 [s2-NettyServerStreamRpc-bossGroup--thread1] INFO  logging.LoggingHandler (AbstractInternalLogger.java:log(148)) - [id: 0xa39719b2, L:/0.0.0.0:44537] READ: [id: 0x5e744511, L:/127.0.0.1:44537 - R:/127.0.0.1:56998]
2022-07-04 07:12:25,635 [s2-NettyServerStreamRpc-bossGroup--thread1] INFO  logging.LoggingHandler (AbstractInternalLogger.java:log(148)) - [id: 0xa39719b2, L:/0.0.0.0:44537] READ COMPLETE
2022-07-04 07:12:25,636 [s0-NettyServerStreamRpc-bossGroup--thread1] INFO  logging.LoggingHandler (AbstractInternalLogger.java:log(148)) - [id: 0x24efd6a8, L:/0.0.0.0:45759] READ: [id: 0x893501d2, L:/127.0.0.1:45759 - R:/127.0.0.1:52270]
2022-07-04 07:12:25,636 [s0-NettyServerStreamRpc-bossGroup--thread1] INFO  logging.LoggingHandler (AbstractInternalLogger.java:log(148)) - [id: 0x24efd6a8, L:/0.0.0.0:45759] READ COMPLETE
2022-07-04 07:12:25,636 [s2-NettyServerStreamRpc-workerGroup--thread2] INFO  client.DataStreamClient (ConfUtils.java:logGet(46)) - raft.datastream.type = NETTY (custom)
2022-07-04 07:12:25,636 [s2-NettyServerStreamRpc-workerGroup--thread2] INFO  netty.NettyConfigKeys$DataStream (ConfUtils.java:logGet(46)) - raft.netty.dataStream.client.tls.conf = null (default)
2022-07-04 07:12:25,636 [s2-NettyServerStreamRpc-workerGroup--thread2] INFO  netty.NettyConfigKeys$DataStream (ConfUtils.java:logGet(46)) - raft.netty.dataStream.client.reply.queue.grace-period = 1s (default)
2022-07-04 07:12:25,636 [s2-NettyServerStreamRpc-workerGroup--thread2] INFO  netty.NettyConfigKeys$DataStream (ConfUtils.java:logGet(46)) - raft.netty.dataStream.client.worker-group.share = false (default)
2022-07-04 07:12:25,636 [s2-NettyServerStreamRpc-workerGroup--thread2] INFO  netty.NettyConfigKeys$DataStream (ConfUtils.java:logGet(46)) - raft.netty.dataStream.client.worker-group.size = 4 (default)
2022-07-04 07:12:25,639 [s2-NettyServerStreamRpc-bossGroup--thread1] INFO  logging.LoggingHandler (AbstractInternalLogger.java:log(148)) - [id: 0xa39719b2, L:/0.0.0.0:44537] READ: [id: 0x67d4d236, L:/127.0.0.1:44537 - R:/127.0.0.1:57002]
2022-07-04 07:12:25,639 [s2-NettyServerStreamRpc-bossGroup--thread1] INFO  logging.LoggingHandler (AbstractInternalLogger.java:log(148)) - [id: 0xa39719b2, L:/0.0.0.0:44537] READ COMPLETE
2022-07-04 07:12:25,639 [s1-NettyServerStreamRpc-workerGroup--thread3] INFO  client.DataStreamClient (ConfUtils.java:logGet(46)) - raft.datastream.type = NETTY (custom)
2022-07-04 07:12:25,639 [s1-NettyServerStreamRpc-workerGroup--thread3] INFO  netty.NettyConfigKeys$DataStream (ConfUtils.java:logGet(46)) - raft.netty.dataStream.client.tls.conf = null (default)
2022-07-04 07:12:25,639 [s1-NettyServerStreamRpc-workerGroup--thread3] INFO  netty.NettyConfigKeys$DataStream (ConfUtils.java:logGet(46)) - raft.netty.dataStream.client.reply.queue.grace-period = 1s (default)
2022-07-04 07:12:25,639 [s0-NettyServerStreamRpc-bossGroup--thread1] INFO  logging.LoggingHandler (AbstractInternalLogger.java:log(148)) - [id: 0x24efd6a8, L:/0.0.0.0:45759] READ: [id: 0x950cbd9c, L:/127.0.0.1:45759 - R:/127.0.0.1:52274]
2022-07-04 07:12:25,639 [s1-NettyServerStreamRpc-workerGroup--thread3] INFO  netty.NettyConfigKeys$DataStream (ConfUtils.java:logGet(46)) - raft.netty.dataStream.client.worker-group.share = false (default)
2022-07-04 07:12:25,639 [s1-NettyServerStreamRpc-workerGroup--thread3] INFO  netty.NettyConfigKeys$DataStream (ConfUtils.java:logGet(46)) - raft.netty.dataStream.client.worker-group.size = 4 (default)
2022-07-04 07:12:25,639 [s0-NettyServerStreamRpc-bossGroup--thread1] INFO  logging.LoggingHandler (AbstractInternalLogger.java:log(148)) - [id: 0x24efd6a8, L:/0.0.0.0:45759] READ COMPLETE
2022-07-04 07:12:25,640 [s2-NettyServerStreamRpc-workerGroup--thread3] INFO  client.DataStreamClient (ConfUtils.java:logGet(46)) - raft.datastream.type = NETTY (custom)
2022-07-04 07:12:25,640 [s2-NettyServerStreamRpc-workerGroup--thread3] INFO  netty.NettyConfigKeys$DataStream (ConfUtils.java:logGet(46)) - raft.netty.dataStream.client.tls.conf = null (default)
2022-07-04 07:12:25,640 [s2-NettyServerStreamRpc-workerGroup--thread3] INFO  netty.NettyConfigKeys$DataStream (ConfUtils.java:logGet(46)) - raft.netty.dataStream.client.reply.queue.grace-period = 1s (default)
2022-07-04 07:12:25,640 [s2-NettyServerStreamRpc-workerGroup--thread3] INFO  netty.NettyConfigKeys$DataStream (ConfUtils.java:logGet(46)) - raft.netty.dataStream.client.worker-group.share = false (default)
2022-07-04 07:12:25,640 [s2-NettyServerStreamRpc-workerGroup--thread3] INFO  netty.NettyConfigKeys$DataStream (ConfUtils.java:logGet(46)) - raft.netty.dataStream.client.worker-group.size = 4 (default)
2022-07-04 07:12:25,645 [s1-NettyServerStreamRpc-bossGroup--thread1] INFO  logging.LoggingHandler (AbstractInternalLogger.java:log(148)) - [id: 0xbdfc82d0, L:/0.0.0.0:33417] READ: [id: 0x15226f2e, L:/127.0.0.1:33417 - R:/127.0.0.1:55470]
2022-07-04 07:12:25,645 [s1-NettyServerStreamRpc-bossGroup--thread1] INFO  logging.LoggingHandler (AbstractInternalLogger.java:log(148)) - [id: 0xbdfc82d0, L:/0.0.0.0:33417] READ COMPLETE
2022-07-04 07:12:25,646 [s1-NettyServerStreamRpc-workerGroup--thread3] INFO  client.DataStreamClient (ConfUtils.java:logGet(46)) - raft.datastream.type = NETTY (custom)
2022-07-04 07:12:25,647 [s1-NettyServerStreamRpc-workerGroup--thread3] INFO  netty.NettyConfigKeys$DataStream (ConfUtils.java:logGet(46)) - raft.netty.dataStream.client.tls.conf = null (default)
2022-07-04 07:12:25,647 [s1-NettyServerStreamRpc-workerGroup--thread3] INFO  netty.NettyConfigKeys$DataStream (ConfUtils.java:logGet(46)) - raft.netty.dataStream.client.reply.queue.grace-period = 1s (default)
2022-07-04 07:12:25,647 [s1-NettyServerStreamRpc-workerGroup--thread3] INFO  netty.NettyConfigKeys$DataStream (ConfUtils.java:logGet(46)) - raft.netty.dataStream.client.worker-group.share = false (default)
2022-07-04 07:12:25,647 [s1-NettyServerStreamRpc-workerGroup--thread3] INFO  netty.NettyConfigKeys$DataStream (ConfUtils.java:logGet(46)) - raft.netty.dataStream.client.worker-group.size = 4 (default)
2022-07-04 07:12:25,646 [s0-NettyServerStreamRpc-bossGroup--thread1] INFO  logging.LoggingHandler (AbstractInternalLogger.java:log(148)) - [id: 0x24efd6a8, L:/0.0.0.0:45759] READ: [id: 0x495a475a, L:/127.0.0.1:45759 - R:/127.0.0.1:52278]
2022-07-04 07:12:25,647 [s0-NettyServerStreamRpc-bossGroup--thread1] INFO  logging.LoggingHandler (AbstractInternalLogger.java:log(148)) - [id: 0x24efd6a8, L:/0.0.0.0:45759] READ COMPLETE
2022-07-04 07:12:25,648 [s1-NettyServerStreamRpc-workerGroup--thread2] INFO  client.DataStreamClient (ConfUtils.java:logGet(46)) - raft.datastream.type = NETTY (custom)
2022-07-04 07:12:25,648 [s1-NettyServerStreamRpc-workerGroup--thread2] INFO  netty.NettyConfigKeys$DataStream (ConfUtils.java:logGet(46)) - raft.netty.dataStream.client.tls.conf = null (default)
2022-07-04 07:12:25,648 [s1-NettyServerStreamRpc-workerGroup--thread2] INFO  netty.NettyConfigKeys$DataStream (ConfUtils.java:logGet(46)) - raft.netty.dataStream.client.reply.queue.grace-period = 1s (default)
2022-07-04 07:12:25,648 [s1-NettyServerStreamRpc-workerGroup--thread2] INFO  netty.NettyConfigKeys$DataStream (ConfUtils.java:logGet(46)) - raft.netty.dataStream.client.worker-group.share = false (default)
2022-07-04 07:12:25,648 [s1-NettyServerStreamRpc-workerGroup--thread2] INFO  netty.NettyConfigKeys$DataStream (ConfUtils.java:logGet(46)) - raft.netty.dataStream.client.worker-group.size = 4 (default)
2022-07-04 07:12:25,649 [s1-NettyServerStreamRpc-workerGroup--thread1] INFO  client.DataStreamClient (ConfUtils.java:logGet(46)) - raft.datastream.type = NETTY (custom)
2022-07-04 07:12:25,649 [s1-NettyServerStreamRpc-workerGroup--thread1] INFO  netty.NettyConfigKeys$DataStream (ConfUtils.java:logGet(46)) - raft.netty.dataStream.client.tls.conf = null (default)
2022-07-04 07:12:25,649 [s1-NettyServerStreamRpc-workerGroup--thread1] INFO  netty.NettyConfigKeys$DataStream (ConfUtils.java:logGet(46)) - raft.netty.dataStream.client.reply.queue.grace-period = 1s (default)
2022-07-04 07:12:25,649 [s1-NettyServerStreamRpc-workerGroup--thread1] INFO  netty.NettyConfigKeys$DataStream (ConfUtils.java:logGet(46)) - raft.netty.dataStream.client.worker-group.share = false (default)
2022-07-04 07:12:25,649 [s1-NettyServerStreamRpc-workerGroup--thread1] INFO  netty.NettyConfigKeys$DataStream (ConfUtils.java:logGet(46)) - raft.netty.dataStream.client.worker-group.size = 4 (default)
2022-07-04 07:12:25,650 [s0-NettyServerStreamRpc-bossGroup--thread1] INFO  logging.LoggingHandler (AbstractInternalLogger.java:log(148)) - [id: 0x24efd6a8, L:/0.0.0.0:45759] READ: [id: 0x7ff58646, L:/127.0.0.1:45759 - R:/127.0.0.1:52280]
2022-07-04 07:12:25,650 [s0-NettyServerStreamRpc-bossGroup--thread1] INFO  logging.LoggingHandler (AbstractInternalLogger.java:log(148)) - [id: 0x24efd6a8, L:/0.0.0.0:45759] READ COMPLETE
2022-07-04 07:12:25,652 [s1-NettyServerStreamRpc-workerGroup--thread1] INFO  client.DataStreamClient (ConfUtils.java:logGet(46)) - raft.datastream.type = NETTY (custom)
2022-07-04 07:12:25,652 [s1-NettyServerStreamRpc-workerGroup--thread1] INFO  netty.NettyConfigKeys$DataStream (ConfUtils.java:logGet(46)) - raft.netty.dataStream.client.tls.conf = null (default)
2022-07-04 07:12:25,652 [s1-NettyServerStreamRpc-workerGroup--thread1] INFO  netty.NettyConfigKeys$DataStream (ConfUtils.java:logGet(46)) - raft.netty.dataStream.client.reply.queue.grace-period = 1s (default)
2022-07-04 07:12:25,652 [s1-NettyServerStreamRpc-workerGroup--thread1] INFO  netty.NettyConfigKeys$DataStream (ConfUtils.java:logGet(46)) - raft.netty.dataStream.client.worker-group.share = false (default)
2022-07-04 07:12:25,652 [s1-NettyServerStreamRpc-workerGroup--thread1] INFO  netty.NettyConfigKeys$DataStream (ConfUtils.java:logGet(46)) - raft.netty.dataStream.client.worker-group.size = 4 (default)
2022-07-04 07:12:25,652 [s1-NettyServerStreamRpc-bossGroup--thread1] INFO  logging.LoggingHandler (AbstractInternalLogger.java:log(148)) - [id: 0xbdfc82d0, L:/0.0.0.0:33417] READ: [id: 0x49dafd42, L:/127.0.0.1:33417 - R:/127.0.0.1:55476]
2022-07-04 07:12:25,653 [s1-NettyServerStreamRpc-bossGroup--thread1] INFO  logging.LoggingHandler (AbstractInternalLogger.java:log(148)) - [id: 0xbdfc82d0, L:/0.0.0.0:33417] READ COMPLETE
2022-07-04 07:12:25,660 [s0-NettyServerStreamRpc-workerGroup--thread1] INFO  client.DataStreamClient (ConfUtils.java:logGet(46)) - raft.datastream.type = NETTY (custom)
2022-07-04 07:12:25,660 [s0-NettyServerStreamRpc-workerGroup--thread1] INFO  netty.NettyConfigKeys$DataStream (ConfUtils.java:logGet(46)) - raft.netty.dataStream.client.tls.conf = null (default)
2022-07-04 07:12:25,660 [s0-NettyServerStreamRpc-workerGroup--thread1] INFO  netty.NettyConfigKeys$DataStream (ConfUtils.java:logGet(46)) - raft.netty.dataStream.client.reply.queue.grace-period = 1s (default)
2022-07-04 07:12:25,660 [s0-NettyServerStreamRpc-workerGroup--thread1] INFO  netty.NettyConfigKeys$DataStream (ConfUtils.java:logGet(46)) - raft.netty.dataStream.client.worker-group.share = false (default)
2022-07-04 07:12:25,660 [s0-NettyServerStreamRpc-workerGroup--thread1] INFO  netty.NettyConfigKeys$DataStream (ConfUtils.java:logGet(46)) - raft.netty.dataStream.client.worker-group.size = 4 (default)
2022-07-04 07:12:25,660 [s1-NettyServerStreamRpc-bossGroup--thread1] INFO  logging.LoggingHandler (AbstractInternalLogger.java:log(148)) - [id: 0xbdfc82d0, L:/0.0.0.0:33417] READ: [id: 0x99276320, L:/127.0.0.1:33417 - R:/127.0.0.1:55478]
2022-07-04 07:12:25,660 [s1-NettyServerStreamRpc-bossGroup--thread1] INFO  logging.LoggingHandler (AbstractInternalLogger.java:log(148)) - [id: 0xbdfc82d0, L:/0.0.0.0:33417] READ COMPLETE
2022-07-04 07:12:25,660 [s2-NettyServerStreamRpc-workerGroup--thread1] INFO  client.DataStreamClient (ConfUtils.java:logGet(46)) - raft.datastream.type = NETTY (custom)
2022-07-04 07:12:25,661 [s2-NettyServerStreamRpc-workerGroup--thread1] INFO  netty.NettyConfigKeys$DataStream (ConfUtils.java:logGet(46)) - raft.netty.dataStream.client.tls.conf = null (default)
2022-07-04 07:12:25,661 [s2-NettyServerStreamRpc-workerGroup--thread1] INFO  netty.NettyConfigKeys$DataStream (ConfUtils.java:logGet(46)) - raft.netty.dataStream.client.reply.queue.grace-period = 1s (default)
2022-07-04 07:12:25,661 [s2-NettyServerStreamRpc-workerGroup--thread1] INFO  netty.NettyConfigKeys$DataStream (ConfUtils.java:logGet(46)) - raft.netty.dataStream.client.worker-group.share = false (default)
2022-07-04 07:12:25,661 [s2-NettyServerStreamRpc-workerGroup--thread1] INFO  netty.NettyConfigKeys$DataStream (ConfUtils.java:logGet(46)) - raft.netty.dataStream.client.worker-group.size = 4 (default)
2022-07-04 07:12:25,662 [s0-NettyServerStreamRpc-bossGroup--thread1] INFO  logging.LoggingHandler (AbstractInternalLogger.java:log(148)) - [id: 0x24efd6a8, L:/0.0.0.0:45759] READ: [id: 0xa591c432, L:/127.0.0.1:45759 - R:/127.0.0.1:52286]
2022-07-04 07:12:25,662 [s0-NettyServerStreamRpc-bossGroup--thread1] INFO  logging.LoggingHandler (AbstractInternalLogger.java:log(148)) - [id: 0x24efd6a8, L:/0.0.0.0:45759] READ COMPLETE
2022-07-04 07:12:25,662 [s2-NettyServerStreamRpc-workerGroup--thread1] INFO  client.DataStreamClient (ConfUtils.java:logGet(46)) - raft.datastream.type = NETTY (custom)
2022-07-04 07:12:25,662 [s2-NettyServerStreamRpc-workerGroup--thread1] INFO  netty.NettyConfigKeys$DataStream (ConfUtils.java:logGet(46)) - raft.netty.dataStream.client.tls.conf = null (default)
2022-07-04 07:12:25,662 [s2-NettyServerStreamRpc-workerGroup--thread1] INFO  netty.NettyConfigKeys$DataStream (ConfUtils.java:logGet(46)) - raft.netty.dataStream.client.reply.queue.grace-period = 1s (default)
2022-07-04 07:12:25,662 [s2-NettyServerStreamRpc-workerGroup--thread1] INFO  netty.NettyConfigKeys$DataStream (ConfUtils.java:logGet(46)) - raft.netty.dataStream.client.worker-group.share = false (default)
2022-07-04 07:12:25,662 [s2-NettyServerStreamRpc-workerGroup--thread1] INFO  netty.NettyConfigKeys$DataStream (ConfUtils.java:logGet(46)) - raft.netty.dataStream.client.worker-group.size = 4 (default)
2022-07-04 07:12:25,663 [s2-NettyServerStreamRpc-workerGroup--thread2] INFO  client.DataStreamClient (ConfUtils.java:logGet(46)) - raft.datastream.type = NETTY (custom)
2022-07-04 07:12:25,663 [s2-NettyServerStreamRpc-workerGroup--thread2] INFO  netty.NettyConfigKeys$DataStream (ConfUtils.java:logGet(46)) - raft.netty.dataStream.client.tls.conf = null (default)
2022-07-04 07:12:25,663 [s2-NettyServerStreamRpc-workerGroup--thread2] INFO  netty.NettyConfigKeys$DataStream (ConfUtils.java:logGet(46)) - raft.netty.dataStream.client.reply.queue.grace-period = 1s (default)
2022-07-04 07:12:25,663 [s2-NettyServerStreamRpc-workerGroup--thread2] INFO  netty.NettyConfigKeys$DataStream (ConfUtils.java:logGet(46)) - raft.netty.dataStream.client.worker-group.share = false (default)
2022-07-04 07:12:25,664 [s2-NettyServerStreamRpc-workerGroup--thread2] INFO  netty.NettyConfigKeys$DataStream (ConfUtils.java:logGet(46)) - raft.netty.dataStream.client.worker-group.size = 4 (default)
2022-07-04 07:12:25,664 [s0-NettyServerStreamRpc-bossGroup--thread1] INFO  logging.LoggingHandler (AbstractInternalLogger.java:log(148)) - [id: 0x24efd6a8, L:/0.0.0.0:45759] READ: [id: 0x32d32714, L:/127.0.0.1:45759 - R:/127.0.0.1:52288]
2022-07-04 07:12:25,665 [s0-NettyServerStreamRpc-bossGroup--thread1] INFO  logging.LoggingHandler (AbstractInternalLogger.java:log(148)) - [id: 0x24efd6a8, L:/0.0.0.0:45759] READ COMPLETE
2022-07-04 07:12:25,665 [s2-NettyServerStreamRpc-workerGroup--thread2] INFO  client.DataStreamClient (ConfUtils.java:logGet(46)) - raft.datastream.type = NETTY (custom)
2022-07-04 07:12:25,665 [s2-NettyServerStreamRpc-workerGroup--thread2] INFO  netty.NettyConfigKeys$DataStream (ConfUtils.java:logGet(46)) - raft.netty.dataStream.client.tls.conf = null (default)
2022-07-04 07:12:25,665 [s2-NettyServerStreamRpc-workerGroup--thread2] INFO  netty.NettyConfigKeys$DataStream (ConfUtils.java:logGet(46)) - raft.netty.dataStream.client.reply.queue.grace-period = 1s (default)
2022-07-04 07:12:25,665 [s2-NettyServerStreamRpc-workerGroup--thread2] INFO  netty.NettyConfigKeys$DataStream (ConfUtils.java:logGet(46)) - raft.netty.dataStream.client.worker-group.share = false (default)
2022-07-04 07:12:25,665 [s2-NettyServerStreamRpc-workerGroup--thread2] INFO  netty.NettyConfigKeys$DataStream (ConfUtils.java:logGet(46)) - raft.netty.dataStream.client.worker-group.size = 4 (default)
2022-07-04 07:12:25,666 [s1-NettyServerStreamRpc-bossGroup--thread1] INFO  logging.LoggingHandler (AbstractInternalLogger.java:log(148)) - [id: 0xbdfc82d0, L:/0.0.0.0:33417] READ: [id: 0x7ff26b3c, L:/127.0.0.1:33417 - R:/127.0.0.1:55484]
2022-07-04 07:12:25,666 [s1-NettyServerStreamRpc-bossGroup--thread1] INFO  logging.LoggingHandler (AbstractInternalLogger.java:log(148)) - [id: 0xbdfc82d0, L:/0.0.0.0:33417] READ COMPLETE
2022-07-04 07:12:25,667 [s1-NettyServerStreamRpc-bossGroup--thread1] INFO  logging.LoggingHandler (AbstractInternalLogger.java:log(148)) - [id: 0xbdfc82d0, L:/0.0.0.0:33417] READ: [id: 0x009c6457, L:/127.0.0.1:33417 - R:/127.0.0.1:55486]
2022-07-04 07:12:25,667 [s1-NettyServerStreamRpc-bossGroup--thread1] INFO  logging.LoggingHandler (AbstractInternalLogger.java:log(148)) - [id: 0xbdfc82d0, L:/0.0.0.0:33417] READ COMPLETE
2022-07-04 07:12:25,667 [s0-NettyServerStreamRpc-workerGroup--thread1] INFO  client.DataStreamClient (ConfUtils.java:logGet(46)) - raft.datastream.type = NETTY (custom)
2022-07-04 07:12:25,667 [s0-NettyServerStreamRpc-workerGroup--thread1] INFO  netty.NettyConfigKeys$DataStream (ConfUtils.java:logGet(46)) - raft.netty.dataStream.client.tls.conf = null (default)
2022-07-04 07:12:25,667 [s0-NettyServerStreamRpc-workerGroup--thread1] INFO  netty.NettyConfigKeys$DataStream (ConfUtils.java:logGet(46)) - raft.netty.dataStream.client.reply.queue.grace-period = 1s (default)
2022-07-04 07:12:25,667 [s0-NettyServerStreamRpc-workerGroup--thread1] INFO  netty.NettyConfigKeys$DataStream (ConfUtils.java:logGet(46)) - raft.netty.dataStream.client.worker-group.share = false (default)
2022-07-04 07:12:25,668 [s0-NettyServerStreamRpc-workerGroup--thread1] INFO  netty.NettyConfigKeys$DataStream (ConfUtils.java:logGet(46)) - raft.netty.dataStream.client.worker-group.size = 4 (default)
2022-07-04 07:12:25,671 [s2-NettyServerStreamRpc-bossGroup--thread1] INFO  logging.LoggingHandler (AbstractInternalLogger.java:log(148)) - [id: 0xa39719b2, L:/0.0.0.0:44537] READ: [id: 0xd8eb20e7, L:/127.0.0.1:44537 - R:/127.0.0.1:57024]
2022-07-04 07:12:25,671 [s2-NettyServerStreamRpc-bossGroup--thread1] INFO  logging.LoggingHandler (AbstractInternalLogger.java:log(148)) - [id: 0xa39719b2, L:/0.0.0.0:44537] READ COMPLETE
2022-07-04 07:12:25,674 [s2-NettyServerStreamRpc-bossGroup--thread1] INFO  logging.LoggingHandler (AbstractInternalLogger.java:log(148)) - [id: 0xa39719b2, L:/0.0.0.0:44537] READ: [id: 0x3b88f7e4, L:/127.0.0.1:44537 - R:/127.0.0.1:57026]
2022-07-04 07:12:25,674 [s2-NettyServerStreamRpc-bossGroup--thread1] INFO  logging.LoggingHandler (AbstractInternalLogger.java:log(148)) - [id: 0xa39719b2, L:/0.0.0.0:44537] READ COMPLETE
2022-07-04 07:12:25,675 [s0-NettyServerStreamRpc-bossGroup--thread1] INFO  logging.LoggingHandler (AbstractInternalLogger.java:log(148)) - [id: 0x24efd6a8, L:/0.0.0.0:45759] READ: [id: 0x92f528df, L:/127.0.0.1:45759 - R:/127.0.0.1:52298]
2022-07-04 07:12:25,675 [s0-NettyServerStreamRpc-bossGroup--thread1] INFO  logging.LoggingHandler (AbstractInternalLogger.java:log(148)) - [id: 0x24efd6a8, L:/0.0.0.0:45759] READ COMPLETE
2022-07-04 07:12:25,675 [s1-NettyServerStreamRpc-workerGroup--thread2] INFO  client.DataStreamClient (ConfUtils.java:logGet(46)) - raft.datastream.type = NETTY (custom)
2022-07-04 07:12:25,675 [s1-NettyServerStreamRpc-workerGroup--thread2] INFO  netty.NettyConfigKeys$DataStream (ConfUtils.java:logGet(46)) - raft.netty.dataStream.client.tls.conf = null (default)
2022-07-04 07:12:25,675 [s1-NettyServerStreamRpc-workerGroup--thread2] INFO  netty.NettyConfigKeys$DataStream (ConfUtils.java:logGet(46)) - raft.netty.dataStream.client.reply.queue.grace-period = 1s (default)
2022-07-04 07:12:25,675 [s1-NettyServerStreamRpc-workerGroup--thread2] INFO  netty.NettyConfigKeys$DataStream (ConfUtils.java:logGet(46)) - raft.netty.dataStream.client.worker-group.share = false (default)
2022-07-04 07:12:25,675 [s1-NettyServerStreamRpc-workerGroup--thread2] INFO  netty.NettyConfigKeys$DataStream (ConfUtils.java:logGet(46)) - raft.netty.dataStream.client.worker-group.size = 4 (default)
2022-07-04 07:12:25,677 [s2-NettyServerStreamRpc-bossGroup--thread1] INFO  logging.LoggingHandler (AbstractInternalLogger.java:log(148)) - [id: 0xa39719b2, L:/0.0.0.0:44537] READ: [id: 0x071dceca, L:/127.0.0.1:44537 - R:/127.0.0.1:57030]
2022-07-04 07:12:25,677 [s2-NettyServerStreamRpc-bossGroup--thread1] INFO  logging.LoggingHandler (AbstractInternalLogger.java:log(148)) - [id: 0xa39719b2, L:/0.0.0.0:44537] READ COMPLETE
2022-07-04 07:12:25,679 [s1-NettyServerStreamRpc-workerGroup--thread3] INFO  client.DataStreamClient (ConfUtils.java:logGet(46)) - raft.datastream.type = NETTY (custom)
2022-07-04 07:12:25,679 [s1-NettyServerStreamRpc-workerGroup--thread3] INFO  netty.NettyConfigKeys$DataStream (ConfUtils.java:logGet(46)) - raft.netty.dataStream.client.tls.conf = null (default)
2022-07-04 07:12:25,679 [s1-NettyServerStreamRpc-workerGroup--thread3] INFO  netty.NettyConfigKeys$DataStream (ConfUtils.java:logGet(46)) - raft.netty.dataStream.client.reply.queue.grace-period = 1s (default)
2022-07-04 07:12:25,679 [s1-NettyServerStreamRpc-workerGroup--thread3] INFO  netty.NettyConfigKeys$DataStream (ConfUtils.java:logGet(46)) - raft.netty.dataStream.client.worker-group.share = false (default)
2022-07-04 07:12:25,679 [s1-NettyServerStreamRpc-workerGroup--thread3] INFO  netty.NettyConfigKeys$DataStream (ConfUtils.java:logGet(46)) - raft.netty.dataStream.client.worker-group.size = 4 (default)
2022-07-04 07:12:25,680 [s2-NettyServerStreamRpc-bossGroup--thread1] INFO  logging.LoggingHandler (AbstractInternalLogger.java:log(148)) - [id: 0xa39719b2, L:/0.0.0.0:44537] READ: [id: 0x9be8b55a, L:/127.0.0.1:44537 - R:/127.0.0.1:57032]
2022-07-04 07:12:25,680 [s2-NettyServerStreamRpc-bossGroup--thread1] INFO  logging.LoggingHandler (AbstractInternalLogger.java:log(148)) - [id: 0xa39719b2, L:/0.0.0.0:44537] READ COMPLETE
2022-07-04 07:12:25,680 [s1-NettyServerStreamRpc-workerGroup--thread1] INFO  client.DataStreamClient (ConfUtils.java:logGet(46)) - raft.datastream.type = NETTY (custom)
2022-07-04 07:12:25,680 [s1-NettyServerStreamRpc-workerGroup--thread1] INFO  netty.NettyConfigKeys$DataStream (ConfUtils.java:logGet(46)) - raft.netty.dataStream.client.tls.conf = null (default)
2022-07-04 07:12:25,680 [s1-NettyServerStreamRpc-workerGroup--thread1] INFO  netty.NettyConfigKeys$DataStream (ConfUtils.java:logGet(46)) - raft.netty.dataStream.client.reply.queue.grace-period = 1s (default)
2022-07-04 07:12:25,681 [s1-NettyServerStreamRpc-workerGroup--thread1] INFO  netty.NettyConfigKeys$DataStream (ConfUtils.java:logGet(46)) - raft.netty.dataStream.client.worker-group.share = false (default)
2022-07-04 07:12:25,681 [s1-NettyServerStreamRpc-workerGroup--thread1] INFO  netty.NettyConfigKeys$DataStream (ConfUtils.java:logGet(46)) - raft.netty.dataStream.client.worker-group.size = 4 (default)
2022-07-04 07:12:25,683 [s0-NettyServerStreamRpc-workerGroup--thread1] INFO  client.DataStreamClient (ConfUtils.java:logGet(46)) - raft.datastream.type = NETTY (custom)
2022-07-04 07:12:25,683 [s0-NettyServerStreamRpc-workerGroup--thread1] INFO  netty.NettyConfigKeys$DataStream (ConfUtils.java:logGet(46)) - raft.netty.dataStream.client.tls.conf = null (default)
2022-07-04 07:12:25,683 [s0-NettyServerStreamRpc-workerGroup--thread1] INFO  netty.NettyConfigKeys$DataStream (ConfUtils.java:logGet(46)) - raft.netty.dataStream.client.reply.queue.grace-period = 1s (default)
2022-07-04 07:12:25,683 [s0-NettyServerStreamRpc-workerGroup--thread1] INFO  netty.NettyConfigKeys$DataStream (ConfUtils.java:logGet(46)) - raft.netty.dataStream.client.worker-group.share = false (default)
2022-07-04 07:12:25,683 [s0-NettyServerStreamRpc-workerGroup--thread1] INFO  netty.NettyConfigKeys$DataStream (ConfUtils.java:logGet(46)) - raft.netty.dataStream.client.worker-group.size = 4 (default)
2022-07-04 07:12:25,685 [s1-NettyServerStreamRpc-bossGroup--thread1] INFO  logging.LoggingHandler (AbstractInternalLogger.java:log(148)) - [id: 0xbdfc82d0, L:/0.0.0.0:33417] READ: [id: 0x530ff7ce, L:/127.0.0.1:33417 - R:/127.0.0.1:55498]
2022-07-04 07:12:25,686 [s1-NettyServerStreamRpc-bossGroup--thread1] INFO  logging.LoggingHandler (AbstractInternalLogger.java:log(148)) - [id: 0xbdfc82d0, L:/0.0.0.0:33417] READ COMPLETE
2022-07-04 07:12:25,686 [s0-NettyServerStreamRpc-workerGroup--thread1] INFO  client.DataStreamClient (ConfUtils.java:logGet(46)) - raft.datastream.type = NETTY (custom)
2022-07-04 07:12:25,686 [s0-NettyServerStreamRpc-workerGroup--thread1] INFO  netty.NettyConfigKeys$DataStream (ConfUtils.java:logGet(46)) - raft.netty.dataStream.client.tls.conf = null (default)
2022-07-04 07:12:25,686 [s0-NettyServerStreamRpc-workerGroup--thread1] INFO  netty.NettyConfigKeys$DataStream (ConfUtils.java:logGet(46)) - raft.netty.dataStream.client.reply.queue.grace-period = 1s (default)
2022-07-04 07:12:25,686 [s0-NettyServerStreamRpc-workerGroup--thread1] INFO  netty.NettyConfigKeys$DataStream (ConfUtils.java:logGet(46)) - raft.netty.dataStream.client.worker-group.share = false (default)
2022-07-04 07:12:25,686 [s0-NettyServerStreamRpc-workerGroup--thread1] INFO  netty.NettyConfigKeys$DataStream (ConfUtils.java:logGet(46)) - raft.netty.dataStream.client.worker-group.size = 4 (default)
2022-07-04 07:12:25,687 [s1-NettyServerStreamRpc-bossGroup--thread1] INFO  logging.LoggingHandler (AbstractInternalLogger.java:log(148)) - [id: 0xbdfc82d0, L:/0.0.0.0:33417] READ: [id: 0x2410c514, L:/127.0.0.1:33417 - R:/127.0.0.1:55500]
2022-07-04 07:12:25,687 [s1-NettyServerStreamRpc-bossGroup--thread1] INFO  logging.LoggingHandler (AbstractInternalLogger.java:log(148)) - [id: 0xbdfc82d0, L:/0.0.0.0:33417] READ COMPLETE
2022-07-04 07:12:25,693 [s0-NettyServerStreamRpc-bossGroup--thread1] INFO  logging.LoggingHandler (AbstractInternalLogger.java:log(148)) - [id: 0x24efd6a8, L:/0.0.0.0:45759] READ: [id: 0xede6f360, L:/127.0.0.1:45759 - R:/127.0.0.1:52308]
2022-07-04 07:12:25,693 [s0-NettyServerStreamRpc-bossGroup--thread1] INFO  logging.LoggingHandler (AbstractInternalLogger.java:log(148)) - [id: 0x24efd6a8, L:/0.0.0.0:45759] READ COMPLETE
2022-07-04 07:12:25,693 [s1-NettyServerStreamRpc-workerGroup--thread1] INFO  client.DataStreamClient (ConfUtils.java:logGet(46)) - raft.datastream.type = NETTY (custom)
2022-07-04 07:12:25,693 [s1-NettyServerStreamRpc-workerGroup--thread1] INFO  netty.NettyConfigKeys$DataStream (ConfUtils.java:logGet(46)) - raft.netty.dataStream.client.tls.conf = null (default)
2022-07-04 07:12:25,693 [s1-NettyServerStreamRpc-workerGroup--thread1] INFO  netty.NettyConfigKeys$DataStream (ConfUtils.java:logGet(46)) - raft.netty.dataStream.client.reply.queue.grace-period = 1s (default)
2022-07-04 07:12:25,693 [s1-NettyServerStreamRpc-workerGroup--thread1] INFO  netty.NettyConfigKeys$DataStream (ConfUtils.java:logGet(46)) - raft.netty.dataStream.client.worker-group.share = false (default)
2022-07-04 07:12:25,693 [s1-NettyServerStreamRpc-workerGroup--thread1] INFO  netty.NettyConfigKeys$DataStream (ConfUtils.java:logGet(46)) - raft.netty.dataStream.client.worker-group.size = 4 (default)
2022-07-04 07:12:25,695 [s0-NettyServerStreamRpc-bossGroup--thread1] INFO  logging.LoggingHandler (AbstractInternalLogger.java:log(148)) - [id: 0x24efd6a8, L:/0.0.0.0:45759] READ: [id: 0x3eb96465, L:/127.0.0.1:45759 - R:/127.0.0.1:52310]
2022-07-04 07:12:25,695 [s0-NettyServerStreamRpc-bossGroup--thread1] INFO  logging.LoggingHandler (AbstractInternalLogger.java:log(148)) - [id: 0x24efd6a8, L:/0.0.0.0:45759] READ COMPLETE
2022-07-04 07:12:25,695 [s1-NettyServerStreamRpc-workerGroup--thread3] INFO  client.DataStreamClient (ConfUtils.java:logGet(46)) - raft.datastream.type = NETTY (custom)
2022-07-04 07:12:25,695 [s1-NettyServerStreamRpc-workerGroup--thread3] INFO  netty.NettyConfigKeys$DataStream (ConfUtils.java:logGet(46)) - raft.netty.dataStream.client.tls.conf = null (default)
2022-07-04 07:12:25,695 [s1-NettyServerStreamRpc-workerGroup--thread3] INFO  netty.NettyConfigKeys$DataStream (ConfUtils.java:logGet(46)) - raft.netty.dataStream.client.reply.queue.grace-period = 1s (default)
2022-07-04 07:12:25,695 [s1-NettyServerStreamRpc-workerGroup--thread3] INFO  netty.NettyConfigKeys$DataStream (ConfUtils.java:logGet(46)) - raft.netty.dataStream.client.worker-group.share = false (default)
2022-07-04 07:12:25,695 [s1-NettyServerStreamRpc-workerGroup--thread3] INFO  netty.NettyConfigKeys$DataStream (ConfUtils.java:logGet(46)) - raft.netty.dataStream.client.worker-group.size = 4 (default)
2022-07-04 07:12:25,697 [s2-NettyServerStreamRpc-bossGroup--thread1] INFO  logging.LoggingHandler (AbstractInternalLogger.java:log(148)) - [id: 0xa39719b2, L:/0.0.0.0:44537] READ: [id: 0xbb89bee0, L:/127.0.0.1:44537 - R:/127.0.0.1:57042]
2022-07-04 07:12:25,698 [s2-NettyServerStreamRpc-bossGroup--thread1] INFO  logging.LoggingHandler (AbstractInternalLogger.java:log(148)) - [id: 0xa39719b2, L:/0.0.0.0:44537] READ COMPLETE
2022-07-04 07:12:25,699 [s2-NettyServerStreamRpc-bossGroup--thread1] INFO  logging.LoggingHandler (AbstractInternalLogger.java:log(148)) - [id: 0xa39719b2, L:/0.0.0.0:44537] READ: [id: 0x60f61c0d, L:/127.0.0.1:44537 - R:/127.0.0.1:57044]
2022-07-04 07:12:25,699 [s2-NettyServerStreamRpc-bossGroup--thread1] INFO  logging.LoggingHandler (AbstractInternalLogger.java:log(148)) - [id: 0xa39719b2, L:/0.0.0.0:44537] READ COMPLETE
2022-07-04 07:12:25,701 [s2-NettyServerStreamRpc-bossGroup--thread1] INFO  logging.LoggingHandler (AbstractInternalLogger.java:log(148)) - [id: 0xa39719b2, L:/0.0.0.0:44537] READ: [id: 0xb95bf7a0, L:/127.0.0.1:44537 - R:/127.0.0.1:57046]
2022-07-04 07:12:25,701 [s2-NettyServerStreamRpc-bossGroup--thread1] INFO  logging.LoggingHandler (AbstractInternalLogger.java:log(148)) - [id: 0xa39719b2, L:/0.0.0.0:44537] READ COMPLETE
2022-07-04 07:12:25,701 [s0-NettyServerStreamRpc-workerGroup--thread1] INFO  client.DataStreamClient (ConfUtils.java:logGet(46)) - raft.datastream.type = NETTY (custom)
2022-07-04 07:12:25,701 [s0-NettyServerStreamRpc-workerGroup--thread1] INFO  netty.NettyConfigKeys$DataStream (ConfUtils.java:logGet(46)) - raft.netty.dataStream.client.tls.conf = null (default)
2022-07-04 07:12:25,702 [s0-NettyServerStreamRpc-workerGroup--thread1] INFO  netty.NettyConfigKeys$DataStream (ConfUtils.java:logGet(46)) - raft.netty.dataStream.client.reply.queue.grace-period = 1s (default)
2022-07-04 07:12:25,702 [s0-NettyServerStreamRpc-workerGroup--thread1] INFO  netty.NettyConfigKeys$DataStream (ConfUtils.java:logGet(46)) - raft.netty.dataStream.client.worker-group.share = false (default)
2022-07-04 07:12:25,702 [s0-NettyServerStreamRpc-workerGroup--thread1] INFO  netty.NettyConfigKeys$DataStream (ConfUtils.java:logGet(46)) - raft.netty.dataStream.client.worker-group.size = 4 (default)
2022-07-04 07:12:25,703 [s1-NettyServerStreamRpc-workerGroup--thread2] INFO  client.DataStreamClient (ConfUtils.java:logGet(46)) - raft.datastream.type = NETTY (custom)
2022-07-04 07:12:25,703 [s1-NettyServerStreamRpc-workerGroup--thread2] INFO  netty.NettyConfigKeys$DataStream (ConfUtils.java:logGet(46)) - raft.netty.dataStream.client.tls.conf = null (default)
2022-07-04 07:12:25,703 [s1-NettyServerStreamRpc-workerGroup--thread2] INFO  netty.NettyConfigKeys$DataStream (ConfUtils.java:logGet(46)) - raft.netty.dataStream.client.reply.queue.grace-period = 1s (default)
2022-07-04 07:12:25,703 [s1-NettyServerStreamRpc-workerGroup--thread2] INFO  netty.NettyConfigKeys$DataStream (ConfUtils.java:logGet(46)) - raft.netty.dataStream.client.worker-group.share = false (default)
2022-07-04 07:12:25,703 [s1-NettyServerStreamRpc-workerGroup--thread2] INFO  netty.NettyConfigKeys$DataStream (ConfUtils.java:logGet(46)) - raft.netty.dataStream.client.worker-group.size = 4 (default)
2022-07-04 07:12:25,704 [s0-NettyServerStreamRpc-bossGroup--thread1] INFO  logging.LoggingHandler (AbstractInternalLogger.java:log(148)) - [id: 0x24efd6a8, L:/0.0.0.0:45759] READ: [id: 0xb557437f, L:/127.0.0.1:45759 - R:/127.0.0.1:52318]
2022-07-04 07:12:25,704 [s0-NettyServerStreamRpc-bossGroup--thread1] INFO  logging.LoggingHandler (AbstractInternalLogger.java:log(148)) - [id: 0x24efd6a8, L:/0.0.0.0:45759] READ COMPLETE
2022-07-04 07:12:25,704 [s1-NettyServerStreamRpc-workerGroup--thread2] INFO  client.DataStreamClient (ConfUtils.java:logGet(46)) - raft.datastream.type = NETTY (custom)
2022-07-04 07:12:25,704 [s1-NettyServerStreamRpc-workerGroup--thread2] INFO  netty.NettyConfigKeys$DataStream (ConfUtils.java:logGet(46)) - raft.netty.dataStream.client.tls.conf = null (default)
2022-07-04 07:12:25,705 [s1-NettyServerStreamRpc-workerGroup--thread2] INFO  netty.NettyConfigKeys$DataStream (ConfUtils.java:logGet(46)) - raft.netty.dataStream.client.reply.queue.grace-period = 1s (default)
2022-07-04 07:12:25,705 [s1-NettyServerStreamRpc-workerGroup--thread2] INFO  netty.NettyConfigKeys$DataStream (ConfUtils.java:logGet(46)) - raft.netty.dataStream.client.worker-group.share = false (default)
2022-07-04 07:12:25,705 [s1-NettyServerStreamRpc-workerGroup--thread2] INFO  netty.NettyConfigKeys$DataStream (ConfUtils.java:logGet(46)) - raft.netty.dataStream.client.worker-group.size = 4 (default)
2022-07-04 07:12:25,706 [s1-NettyServerStreamRpc-workerGroup--thread3] INFO  client.DataStreamClient (ConfUtils.java:logGet(46)) - raft.datastream.type = NETTY (custom)
2022-07-04 07:12:25,707 [s1-NettyServerStreamRpc-workerGroup--thread3] INFO  netty.NettyConfigKeys$DataStream (ConfUtils.java:logGet(46)) - raft.netty.dataStream.client.tls.conf = null (default)
2022-07-04 07:12:25,707 [s1-NettyServerStreamRpc-workerGroup--thread3] INFO  netty.NettyConfigKeys$DataStream (ConfUtils.java:logGet(46)) - raft.netty.dataStream.client.reply.queue.grace-period = 1s (default)
2022-07-04 07:12:25,707 [s1-NettyServerStreamRpc-workerGroup--thread3] INFO  netty.NettyConfigKeys$DataStream (ConfUtils.java:logGet(46)) - raft.netty.dataStream.client.worker-group.share = false (default)
2022-07-04 07:12:25,707 [s1-NettyServerStreamRpc-workerGroup--thread3] INFO  netty.NettyConfigKeys$DataStream (ConfUtils.java:logGet(46)) - raft.netty.dataStream.client.worker-group.size = 4 (default)
2022-07-04 07:12:25,708 [s0-NettyServerStreamRpc-bossGroup--thread1] INFO  logging.LoggingHandler (AbstractInternalLogger.java:log(148)) - [id: 0x24efd6a8, L:/0.0.0.0:45759] READ: [id: 0x410d720d, L:/127.0.0.1:45759 - R:/127.0.0.1:52320]
2022-07-04 07:12:25,708 [s0-NettyServerStreamRpc-bossGroup--thread1] INFO  logging.LoggingHandler (AbstractInternalLogger.java:log(148)) - [id: 0x24efd6a8, L:/0.0.0.0:45759] READ COMPLETE
2022-07-04 07:12:25,708 [s1-NettyServerStreamRpc-workerGroup--thread3] INFO  client.DataStreamClient (ConfUtils.java:logGet(46)) - raft.datastream.type = NETTY (custom)
2022-07-04 07:12:25,709 [s1-NettyServerStreamRpc-workerGroup--thread3] INFO  netty.NettyConfigKeys$DataStream (ConfUtils.java:logGet(46)) - raft.netty.dataStream.client.tls.conf = null (default)
2022-07-04 07:12:25,709 [s1-NettyServerStreamRpc-workerGroup--thread3] INFO  netty.NettyConfigKeys$DataStream (ConfUtils.java:logGet(46)) - raft.netty.dataStream.client.reply.queue.grace-period = 1s (default)
2022-07-04 07:12:25,709 [s1-NettyServerStreamRpc-workerGroup--thread3] INFO  netty.NettyConfigKeys$DataStream (ConfUtils.java:logGet(46)) - raft.netty.dataStream.client.worker-group.share = false (default)
2022-07-04 07:12:25,709 [s1-NettyServerStreamRpc-workerGroup--thread3] INFO  netty.NettyConfigKeys$DataStream (ConfUtils.java:logGet(46)) - raft.netty.dataStream.client.worker-group.size = 4 (default)
2022-07-04 07:12:25,714 [s2-NettyServerStreamRpc-bossGroup--thread1] INFO  logging.LoggingHandler (AbstractInternalLogger.java:log(148)) - [id: 0xa39719b2, L:/0.0.0.0:44537] READ: [id: 0x42239862, L:/127.0.0.1:44537 - R:/127.0.0.1:57052]
2022-07-04 07:12:25,715 [s2-NettyServerStreamRpc-bossGroup--thread1] INFO  logging.LoggingHandler (AbstractInternalLogger.java:log(148)) - [id: 0xa39719b2, L:/0.0.0.0:44537] READ COMPLETE
2022-07-04 07:12:25,722 [s1-NettyServerStreamRpc-bossGroup--thread1] INFO  logging.LoggingHandler (AbstractInternalLogger.java:log(148)) - [id: 0xbdfc82d0, L:/0.0.0.0:33417] READ: [id: 0x611ec7a5, L:/127.0.0.1:33417 - R:/127.0.0.1:55518]
2022-07-04 07:12:25,722 [s1-NettyServerStreamRpc-bossGroup--thread1] INFO  logging.LoggingHandler (AbstractInternalLogger.java:log(148)) - [id: 0xbdfc82d0, L:/0.0.0.0:33417] READ COMPLETE
2022-07-04 07:12:25,722 [s0-NettyServerStreamRpc-workerGroup--thread1] INFO  client.DataStreamClient (ConfUtils.java:logGet(46)) - raft.datastream.type = NETTY (custom)
2022-07-04 07:12:25,722 [s0-NettyServerStreamRpc-workerGroup--thread1] INFO  netty.NettyConfigKeys$DataStream (ConfUtils.java:logGet(46)) - raft.netty.dataStream.client.tls.conf = null (default)
2022-07-04 07:12:25,722 [s0-NettyServerStreamRpc-workerGroup--thread1] INFO  netty.NettyConfigKeys$DataStream (ConfUtils.java:logGet(46)) - raft.netty.dataStream.client.reply.queue.grace-period = 1s (default)
2022-07-04 07:12:25,722 [s1-NettyServerStreamRpc-workerGroup--thread2] INFO  client.DataStreamClient (ConfUtils.java:logGet(46)) - raft.datastream.type = NETTY (custom)
2022-07-04 07:12:25,723 [s1-NettyServerStreamRpc-workerGroup--thread2] INFO  netty.NettyConfigKeys$DataStream (ConfUtils.java:logGet(46)) - raft.netty.dataStream.client.tls.conf = null (default)
2022-07-04 07:12:25,723 [s1-NettyServerStreamRpc-workerGroup--thread2] INFO  netty.NettyConfigKeys$DataStream (ConfUtils.java:logGet(46)) - raft.netty.dataStream.client.reply.queue.grace-period = 1s (default)
2022-07-04 07:12:25,723 [s1-NettyServerStreamRpc-workerGroup--thread2] INFO  netty.NettyConfigKeys$DataStream (ConfUtils.java:logGet(46)) - raft.netty.dataStream.client.worker-group.share = false (default)
2022-07-04 07:12:25,723 [s1-NettyServerStreamRpc-workerGroup--thread2] INFO  netty.NettyConfigKeys$DataStream (ConfUtils.java:logGet(46)) - raft.netty.dataStream.client.worker-group.size = 4 (default)
2022-07-04 07:12:25,722 [s0-NettyServerStreamRpc-workerGroup--thread1] INFO  netty.NettyConfigKeys$DataStream (ConfUtils.java:logGet(46)) - raft.netty.dataStream.client.worker-group.share = false (default)
2022-07-04 07:12:25,723 [s0-NettyServerStreamRpc-workerGroup--thread1] INFO  netty.NettyConfigKeys$DataStream (ConfUtils.java:logGet(46)) - raft.netty.dataStream.client.worker-group.size = 4 (default)
2022-07-04 07:12:25,726 [s2-NettyServerStreamRpc-bossGroup--thread1] INFO  logging.LoggingHandler (AbstractInternalLogger.java:log(148)) - [id: 0xa39719b2, L:/0.0.0.0:44537] READ: [id: 0x2f214c9a, L:/127.0.0.1:44537 - R:/127.0.0.1:57056]
2022-07-04 07:12:25,726 [s2-NettyServerStreamRpc-bossGroup--thread1] INFO  logging.LoggingHandler (AbstractInternalLogger.java:log(148)) - [id: 0xa39719b2, L:/0.0.0.0:44537] READ COMPLETE
2022-07-04 07:12:25,731 [s2-NettyServerStreamRpc-bossGroup--thread1] INFO  logging.LoggingHandler (AbstractInternalLogger.java:log(148)) - [id: 0xa39719b2, L:/0.0.0.0:44537] READ: [id: 0xb2443f18, L:/127.0.0.1:44537 - R:/127.0.0.1:57058]
2022-07-04 07:12:25,732 [s2-NettyServerStreamRpc-bossGroup--thread1] INFO  logging.LoggingHandler (AbstractInternalLogger.java:log(148)) - [id: 0xa39719b2, L:/0.0.0.0:44537] READ COMPLETE
2022-07-04 07:12:25,732 [s0-NettyServerStreamRpc-workerGroup--thread1] INFO  client.DataStreamClient (ConfUtils.java:logGet(46)) - raft.datastream.type = NETTY (custom)
2022-07-04 07:12:25,732 [s0-NettyServerStreamRpc-workerGroup--thread1] INFO  netty.NettyConfigKeys$DataStream (ConfUtils.java:logGet(46)) - raft.netty.dataStream.client.tls.conf = null (default)
2022-07-04 07:12:25,732 [s0-NettyServerStreamRpc-workerGroup--thread1] INFO  netty.NettyConfigKeys$DataStream (ConfUtils.java:logGet(46)) - raft.netty.dataStream.client.reply.queue.grace-period = 1s (default)
2022-07-04 07:12:25,732 [s0-NettyServerStreamRpc-bossGroup--thread1] INFO  logging.LoggingHandler (AbstractInternalLogger.java:log(148)) - [id: 0x24efd6a8, L:/0.0.0.0:45759] READ: [id: 0xe07f4fc6, L:/127.0.0.1:45759 - R:/127.0.0.1:52330]
2022-07-04 07:12:25,732 [s0-NettyServerStreamRpc-workerGroup--thread1] INFO  netty.NettyConfigKeys$DataStream (ConfUtils.java:logGet(46)) - raft.netty.dataStream.client.worker-group.share = false (default)
2022-07-04 07:12:25,732 [s0-NettyServerStreamRpc-bossGroup--thread1] INFO  logging.LoggingHandler (AbstractInternalLogger.java:log(148)) - [id: 0x24efd6a8, L:/0.0.0.0:45759] READ COMPLETE
2022-07-04 07:12:25,732 [s1-NettyServerStreamRpc-workerGroup--thread1] INFO  client.DataStreamClient (ConfUtils.java:logGet(46)) - raft.datastream.type = NETTY (custom)
2022-07-04 07:12:25,732 [s1-NettyServerStreamRpc-workerGroup--thread1] INFO  netty.NettyConfigKeys$DataStream (ConfUtils.java:logGet(46)) - raft.netty.dataStream.client.tls.conf = null (default)
2022-07-04 07:12:25,733 [s1-NettyServerStreamRpc-workerGroup--thread1] INFO  netty.NettyConfigKeys$DataStream (ConfUtils.java:logGet(46)) - raft.netty.dataStream.client.reply.queue.grace-period = 1s (default)
2022-07-04 07:12:25,733 [s1-NettyServerStreamRpc-workerGroup--thread1] INFO  netty.NettyConfigKeys$DataStream (ConfUtils.java:logGet(46)) - raft.netty.dataStream.client.worker-group.share = false (default)
2022-07-04 07:12:25,733 [s1-NettyServerStreamRpc-workerGroup--thread1] INFO  netty.NettyConfigKeys$DataStream (ConfUtils.java:logGet(46)) - raft.netty.dataStream.client.worker-group.size = 4 (default)
2022-07-04 07:12:25,732 [s0-NettyServerStreamRpc-workerGroup--thread1] INFO  netty.NettyConfigKeys$DataStream (ConfUtils.java:logGet(46)) - raft.netty.dataStream.client.worker-group.size = 4 (default)
2022-07-04 07:12:25,746 [s1-NettyServerStreamRpc-bossGroup--thread1] INFO  logging.LoggingHandler (AbstractInternalLogger.java:log(148)) - [id: 0xbdfc82d0, L:/0.0.0.0:33417] READ: [id: 0x81ec1648, L:/127.0.0.1:33417 - R:/127.0.0.1:55526]
2022-07-04 07:12:25,746 [s1-NettyServerStreamRpc-bossGroup--thread1] INFO  logging.LoggingHandler (AbstractInternalLogger.java:log(148)) - [id: 0xbdfc82d0, L:/0.0.0.0:33417] READ COMPLETE
2022-07-04 07:12:25,747 [s0-NettyServerStreamRpc-workerGroup--thread1] INFO  client.DataStreamClient (ConfUtils.java:logGet(46)) - raft.datastream.type = NETTY (custom)
2022-07-04 07:12:25,747 [s0-NettyServerStreamRpc-workerGroup--thread1] INFO  netty.NettyConfigKeys$DataStream (ConfUtils.java:logGet(46)) - raft.netty.dataStream.client.tls.conf = null (default)
2022-07-04 07:12:25,747 [s0-NettyServerStreamRpc-workerGroup--thread1] INFO  netty.NettyConfigKeys$DataStream (ConfUtils.java:logGet(46)) - raft.netty.dataStream.client.reply.queue.grace-period = 1s (default)
2022-07-04 07:12:25,747 [s0-NettyServerStreamRpc-workerGroup--thread1] INFO  netty.NettyConfigKeys$DataStream (ConfUtils.java:logGet(46)) - raft.netty.dataStream.client.worker-group.share = false (default)
2022-07-04 07:12:25,747 [s0-NettyServerStreamRpc-workerGroup--thread1] INFO  netty.NettyConfigKeys$DataStream (ConfUtils.java:logGet(46)) - raft.netty.dataStream.client.worker-group.size = 4 (default)
2022-07-04 07:12:25,747 [s2-NettyServerStreamRpc-bossGroup--thread1] INFO  logging.LoggingHandler (AbstractInternalLogger.java:log(148)) - [id: 0xa39719b2, L:/0.0.0.0:44537] READ: [id: 0x52cf97d7, L:/127.0.0.1:44537 - R:/127.0.0.1:57064]
2022-07-04 07:12:25,747 [s2-NettyServerStreamRpc-bossGroup--thread1] INFO  logging.LoggingHandler (AbstractInternalLogger.java:log(148)) - [id: 0xa39719b2, L:/0.0.0.0:44537] READ COMPLETE
2022-07-04 07:12:25,748 [s1-NettyServerStreamRpc-workerGroup--thread2] INFO  client.DataStreamClient (ConfUtils.java:logGet(46)) - raft.datastream.type = NETTY (custom)
2022-07-04 07:12:25,748 [s1-NettyServerStreamRpc-workerGroup--thread2] INFO  netty.NettyConfigKeys$DataStream (ConfUtils.java:logGet(46)) - raft.netty.dataStream.client.tls.conf = null (default)
2022-07-04 07:12:25,748 [s1-NettyServerStreamRpc-workerGroup--thread2] INFO  netty.NettyConfigKeys$DataStream (ConfUtils.java:logGet(46)) - raft.netty.dataStream.client.reply.queue.grace-period = 1s (default)
2022-07-04 07:12:25,748 [s1-NettyServerStreamRpc-workerGroup--thread2] INFO  netty.NettyConfigKeys$DataStream (ConfUtils.java:logGet(46)) - raft.netty.dataStream.client.worker-group.share = false (default)
2022-07-04 07:12:25,748 [s1-NettyServerStreamRpc-workerGroup--thread2] INFO  netty.NettyConfigKeys$DataStream (ConfUtils.java:logGet(46)) - raft.netty.dataStream.client.worker-group.size = 4 (default)
2022-07-04 07:12:25,753 [s0-NettyServerStreamRpc-bossGroup--thread1] INFO  logging.LoggingHandler (AbstractInternalLogger.java:log(148)) - [id: 0x24efd6a8, L:/0.0.0.0:45759] READ: [id: 0xb70ce288, L:/127.0.0.1:45759 - R:/127.0.0.1:52336]
2022-07-04 07:12:25,753 [s0-NettyServerStreamRpc-bossGroup--thread1] INFO  logging.LoggingHandler (AbstractInternalLogger.java:log(148)) - [id: 0x24efd6a8, L:/0.0.0.0:45759] READ COMPLETE
2022-07-04 07:12:25,753 [s1-NettyServerStreamRpc-workerGroup--thread1] INFO  client.DataStreamClient (ConfUtils.java:logGet(46)) - raft.datastream.type = NETTY (custom)
2022-07-04 07:12:25,753 [s1-NettyServerStreamRpc-workerGroup--thread1] INFO  netty.NettyConfigKeys$DataStream (ConfUtils.java:logGet(46)) - raft.netty.dataStream.client.tls.conf = null (default)
2022-07-04 07:12:25,753 [s1-NettyServerStreamRpc-workerGroup--thread1] INFO  netty.NettyConfigKeys$DataStream (ConfUtils.java:logGet(46)) - raft.netty.dataStream.client.reply.queue.grace-period = 1s (default)
2022-07-04 07:12:25,753 [s1-NettyServerStreamRpc-workerGroup--thread1] INFO  netty.NettyConfigKeys$DataStream (ConfUtils.java:logGet(46)) - raft.netty.dataStream.client.worker-group.share = false (default)
2022-07-04 07:12:25,753 [s1-NettyServerStreamRpc-workerGroup--thread1] INFO  netty.NettyConfigKeys$DataStream (ConfUtils.java:logGet(46)) - raft.netty.dataStream.client.worker-group.size = 4 (default)
2022-07-04 07:12:25,761 [s2-NettyServerStreamRpc-bossGroup--thread1] INFO  logging.LoggingHandler (AbstractInternalLogger.java:log(148)) - [id: 0xa39719b2, L:/0.0.0.0:44537] READ: [id: 0x03632d34, L:/127.0.0.1:44537 - R:/127.0.0.1:57068]
2022-07-04 07:12:25,761 [s2-NettyServerStreamRpc-bossGroup--thread1] INFO  logging.LoggingHandler (AbstractInternalLogger.java:log(148)) - [id: 0xa39719b2, L:/0.0.0.0:44537] READ: [id: 0x1d26723b, L:/127.0.0.1:44537 - R:/127.0.0.1:57070]
2022-07-04 07:12:25,761 [s2-NettyServerStreamRpc-bossGroup--thread1] INFO  logging.LoggingHandler (AbstractInternalLogger.java:log(148)) - [id: 0xa39719b2, L:/0.0.0.0:44537] READ COMPLETE
2022-07-04 07:12:25,762 [s0-NettyServerStreamRpc-workerGroup--thread1] INFO  client.DataStreamClient (ConfUtils.java:logGet(46)) - raft.datastream.type = NETTY (custom)
2022-07-04 07:12:25,762 [s0-NettyServerStreamRpc-workerGroup--thread1] INFO  netty.NettyConfigKeys$DataStream (ConfUtils.java:logGet(46)) - raft.netty.dataStream.client.tls.conf = null (default)
2022-07-04 07:12:25,762 [s0-NettyServerStreamRpc-workerGroup--thread1] INFO  netty.NettyConfigKeys$DataStream (ConfUtils.java:logGet(46)) - raft.netty.dataStream.client.reply.queue.grace-period = 1s (default)
2022-07-04 07:12:25,762 [s0-NettyServerStreamRpc-workerGroup--thread1] INFO  netty.NettyConfigKeys$DataStream (ConfUtils.java:logGet(46)) - raft.netty.dataStream.client.worker-group.share = false (default)
2022-07-04 07:12:25,763 [s0-NettyServerStreamRpc-workerGroup--thread1] INFO  netty.NettyConfigKeys$DataStream (ConfUtils.java:logGet(46)) - raft.netty.dataStream.client.worker-group.size = 4 (default)
2022-07-04 07:12:25,787 [s1-NettyServerStreamRpc-bossGroup--thread1] INFO  logging.LoggingHandler (AbstractInternalLogger.java:log(148)) - [id: 0xbdfc82d0, L:/0.0.0.0:33417] READ: [id: 0x1d81726f, L:/127.0.0.1:33417 - R:/127.0.0.1:55536]
2022-07-04 07:12:25,787 [s1-NettyServerStreamRpc-bossGroup--thread1] INFO  logging.LoggingHandler (AbstractInternalLogger.java:log(148)) - [id: 0xbdfc82d0, L:/0.0.0.0:33417] READ COMPLETE
2022-07-04 07:12:25,787 [s0-NettyServerStreamRpc-workerGroup--thread1] INFO  client.DataStreamClient (ConfUtils.java:logGet(46)) - raft.datastream.type = NETTY (custom)
2022-07-04 07:12:25,788 [s0-NettyServerStreamRpc-workerGroup--thread1] INFO  netty.NettyConfigKeys$DataStream (ConfUtils.java:logGet(46)) - raft.netty.dataStream.client.tls.conf = null (default)
2022-07-04 07:12:25,788 [s0-NettyServerStreamRpc-workerGroup--thread1] INFO  netty.NettyConfigKeys$DataStream (ConfUtils.java:logGet(46)) - raft.netty.dataStream.client.reply.queue.grace-period = 1s (default)
2022-07-04 07:12:25,788 [s0-NettyServerStreamRpc-workerGroup--thread1] INFO  netty.NettyConfigKeys$DataStream (ConfUtils.java:logGet(46)) - raft.netty.dataStream.client.worker-group.share = false (default)
2022-07-04 07:12:25,788 [s0-NettyServerStreamRpc-workerGroup--thread1] INFO  netty.NettyConfigKeys$DataStream (ConfUtils.java:logGet(46)) - raft.netty.dataStream.client.worker-group.size = 4 (default)
2022-07-04 07:12:25,796 [s2-NettyServerStreamRpc-bossGroup--thread1] INFO  logging.LoggingHandler (AbstractInternalLogger.java:log(148)) - [id: 0xa39719b2, L:/0.0.0.0:44537] READ: [id: 0x6d059588, L:/127.0.0.1:44537 - R:/127.0.0.1:57074]
2022-07-04 07:12:25,796 [s0-NettyServerStreamRpc-workerGroup--thread1] INFO  client.DataStreamClient (ConfUtils.java:logGet(46)) - raft.datastream.type = NETTY (custom)
2022-07-04 07:12:25,797 [s0-NettyServerStreamRpc-workerGroup--thread1] INFO  netty.NettyConfigKeys$DataStream (ConfUtils.java:logGet(46)) - raft.netty.dataStream.client.tls.conf = null (default)
2022-07-04 07:12:25,797 [s0-NettyServerStreamRpc-workerGroup--thread1] INFO  netty.NettyConfigKeys$DataStream (ConfUtils.java:logGet(46)) - raft.netty.dataStream.client.reply.queue.grace-period = 1s (default)
2022-07-04 07:12:25,797 [s0-NettyServerStreamRpc-workerGroup--thread1] INFO  netty.NettyConfigKeys$DataStream (ConfUtils.java:logGet(46)) - raft.netty.dataStream.client.worker-group.share = false (default)
2022-07-04 07:12:25,797 [s0-NettyServerStreamRpc-workerGroup--thread1] INFO  netty.NettyConfigKeys$DataStream (ConfUtils.java:logGet(46)) - raft.netty.dataStream.client.worker-group.size = 4 (default)
2022-07-04 07:12:25,796 [s2-NettyServerStreamRpc-bossGroup--thread1] INFO  logging.LoggingHandler (AbstractInternalLogger.java:log(148)) - [id: 0xa39719b2, L:/0.0.0.0:44537] READ COMPLETE
2022-07-04 07:12:25,821 [s1-NettyServerStreamRpc-bossGroup--thread1] INFO  logging.LoggingHandler (AbstractInternalLogger.java:log(148)) - [id: 0xbdfc82d0, L:/0.0.0.0:33417] READ: [id: 0xaf736e8e, L:/127.0.0.1:33417 - R:/127.0.0.1:55540]
2022-07-04 07:12:25,821 [s1-NettyServerStreamRpc-bossGroup--thread1] INFO  logging.LoggingHandler (AbstractInternalLogger.java:log(148)) - [id: 0xbdfc82d0, L:/0.0.0.0:33417] READ COMPLETE
2022-07-04 07:12:25,821 [s0-NettyServerStreamRpc-workerGroup--thread1] INFO  client.DataStreamClient (ConfUtils.java:logGet(46)) - raft.datastream.type = NETTY (custom)
2022-07-04 07:12:25,822 [s0-NettyServerStreamRpc-workerGroup--thread1] INFO  netty.NettyConfigKeys$DataStream (ConfUtils.java:logGet(46)) - raft.netty.dataStream.client.tls.conf = null (default)
2022-07-04 07:12:25,822 [s0-NettyServerStreamRpc-workerGroup--thread1] INFO  netty.NettyConfigKeys$DataStream (ConfUtils.java:logGet(46)) - raft.netty.dataStream.client.reply.queue.grace-period = 1s (default)
2022-07-04 07:12:25,822 [s0-NettyServerStreamRpc-workerGroup--thread1] INFO  netty.NettyConfigKeys$DataStream (ConfUtils.java:logGet(46)) - raft.netty.dataStream.client.worker-group.share = false (default)
2022-07-04 07:12:25,822 [s0-NettyServerStreamRpc-workerGroup--thread1] INFO  netty.NettyConfigKeys$DataStream (ConfUtils.java:logGet(46)) - raft.netty.dataStream.client.worker-group.size = 4 (default)
2022-07-04 07:12:25,827 [s2-NettyServerStreamRpc-bossGroup--thread1] INFO  logging.LoggingHandler (AbstractInternalLogger.java:log(148)) - [id: 0xa39719b2, L:/0.0.0.0:44537] READ: [id: 0x72732eaa, L:/127.0.0.1:44537 - R:/127.0.0.1:57078]
2022-07-04 07:12:25,827 [s2-NettyServerStreamRpc-bossGroup--thread1] INFO  logging.LoggingHandler (AbstractInternalLogger.java:log(148)) - [id: 0xa39719b2, L:/0.0.0.0:44537] READ COMPLETE
2022-07-04 07:12:25,827 [s0-NettyServerStreamRpc-workerGroup--thread1] INFO  client.DataStreamClient (ConfUtils.java:logGet(46)) - raft.datastream.type = NETTY (custom)
2022-07-04 07:12:25,828 [s0-NettyServerStreamRpc-workerGroup--thread1] INFO  netty.NettyConfigKeys$DataStream (ConfUtils.java:logGet(46)) - raft.netty.dataStream.client.tls.conf = null (default)
2022-07-04 07:12:25,828 [s0-NettyServerStreamRpc-workerGroup--thread1] INFO  netty.NettyConfigKeys$DataStream (ConfUtils.java:logGet(46)) - raft.netty.dataStream.client.reply.queue.grace-period = 1s (default)
2022-07-04 07:12:25,828 [s0-NettyServerStreamRpc-workerGroup--thread1] INFO  netty.NettyConfigKeys$DataStream (ConfUtils.java:logGet(46)) - raft.netty.dataStream.client.worker-group.share = false (default)
2022-07-04 07:12:25,828 [s0-NettyServerStreamRpc-workerGroup--thread1] INFO  netty.NettyConfigKeys$DataStream (ConfUtils.java:logGet(46)) - raft.netty.dataStream.client.worker-group.size = 4 (default)
2022-07-04 07:12:25,874 [s1-NettyServerStreamRpc-bossGroup--thread1] INFO  logging.LoggingHandler (AbstractInternalLogger.java:log(148)) - [id: 0xbdfc82d0, L:/0.0.0.0:33417] READ: [id: 0xa47cf52a, L:/127.0.0.1:33417 - R:/127.0.0.1:55544]
2022-07-04 07:12:25,874 [s1-NettyServerStreamRpc-bossGroup--thread1] INFO  logging.LoggingHandler (AbstractInternalLogger.java:log(148)) - [id: 0xbdfc82d0, L:/0.0.0.0:33417] READ COMPLETE
2022-07-04 07:12:25,875 [s0-NettyServerStreamRpc-workerGroup--thread1] INFO  client.DataStreamClient (ConfUtils.java:logGet(46)) - raft.datastream.type = NETTY (custom)
2022-07-04 07:12:25,875 [s0-NettyServerStreamRpc-workerGroup--thread1] INFO  netty.NettyConfigKeys$DataStream (ConfUtils.java:logGet(46)) - raft.netty.dataStream.client.tls.conf = null (default)
2022-07-04 07:12:25,875 [s0-NettyServerStreamRpc-workerGroup--thread1] INFO  netty.NettyConfigKeys$DataStream (ConfUtils.java:logGet(46)) - raft.netty.dataStream.client.reply.queue.grace-period = 1s (default)
2022-07-04 07:12:25,875 [s0-NettyServerStreamRpc-workerGroup--thread1] INFO  netty.NettyConfigKeys$DataStream (ConfUtils.java:logGet(46)) - raft.netty.dataStream.client.worker-group.share = false (default)
2022-07-04 07:12:25,875 [s0-NettyServerStreamRpc-workerGroup--thread1] INFO  netty.NettyConfigKeys$DataStream (ConfUtils.java:logGet(46)) - raft.netty.dataStream.client.worker-group.size = 4 (default)
2022-07-04 07:12:25,881 [s2-NettyServerStreamRpc-bossGroup--thread1] INFO  logging.LoggingHandler (AbstractInternalLogger.java:log(148)) - [id: 0xa39719b2, L:/0.0.0.0:44537] READ: [id: 0x11983d63, L:/127.0.0.1:44537 - R:/127.0.0.1:57082]
2022-07-04 07:12:25,881 [s2-NettyServerStreamRpc-bossGroup--thread1] INFO  logging.LoggingHandler (AbstractInternalLogger.java:log(148)) - [id: 0xa39719b2, L:/0.0.0.0:44537] READ COMPLETE
2022-07-04 07:12:26,172 [pool-9-thread-15] INFO  datastream.DataStreamTestUtils (DataStreamTestUtils.java:writeAndCloseAndAssertReplies(320)) - Stream383: bytesWritten=6895175
2022-07-04 07:12:26,215 [pool-9-thread-11] INFO  datastream.DataStreamTestUtils (DataStreamTestUtils.java:writeAndCloseAndAssertReplies(320)) - Stream377: bytesWritten=6937160
2022-07-04 07:12:26,234 [pool-9-thread-10] INFO  datastream.DataStreamTestUtils (DataStreamTestUtils.java:writeAndCloseAndAssertReplies(320)) - Stream376: bytesWritten=6847163
2022-07-04 07:12:26,258 [pool-9-thread-12] INFO  datastream.DataStreamTestUtils (DataStreamTestUtils.java:writeAndCloseAndAssertReplies(320)) - Stream378: bytesWritten=7684982
2022-07-04 07:12:26,265 [pool-9-thread-16] INFO  datastream.DataStreamTestUtils (DataStreamTestUtils.java:writeAndCloseAndAssertReplies(320)) - Stream382: bytesWritten=8348017
2022-07-04 07:12:26,274 [pool-9-thread-13] INFO  datastream.DataStreamTestUtils (DataStreamTestUtils.java:writeAndCloseAndAssertReplies(320)) - Stream379: bytesWritten=7310527
2022-07-04 07:12:26,389 [s2-client-thread2] INFO  statemachine.StateMachine (DataStreamTestUtils.java:link(157)) - link SingleDataStream: writeRequest=RaftClientRequest:client-7DAD50637A30->s1@group-3709D9E7CFD8, cid=383, seq=0, DataStream, Message:<EMPTY>, logEntry=null
2022-07-04 07:12:26,389 [s0-server-thread1] INFO  statemachine.StateMachine (DataStreamTestUtils.java:link(157)) - link SingleDataStream: writeRequest=RaftClientRequest:client-7DAD50637A30->s1@group-3709D9E7CFD8, cid=383, seq=0, DataStream, Message:<EMPTY>, logEntry=null
2022-07-04 07:12:26,390 [s1-server-thread1] INFO  statemachine.StateMachine (DataStreamTestUtils.java:link(157)) - link SingleDataStream: writeRequest=RaftClientRequest:client-7DAD50637A30->s1@group-3709D9E7CFD8, cid=383, seq=0, DataStream, Message:<EMPTY>, logEntry=null
2022-07-04 07:12:26,393 [s2-client-thread2] INFO  statemachine.StateMachine (DataStreamTestUtils.java:link(157)) - link SingleDataStream: writeRequest=RaftClientRequest:client-F031868B44FC->s2@group-3709D9E7CFD8, cid=377, seq=0, DataStream, Message:<EMPTY>, logEntry=null
2022-07-04 07:12:26,394 [s2-client-thread1] INFO  statemachine.StateMachine (DataStreamTestUtils.java:link(157)) - link SingleDataStream: writeRequest=RaftClientRequest:client-92677F6E1533->s1@group-3709D9E7CFD8, cid=382, seq=0, DataStream, Message:<EMPTY>, logEntry=null
2022-07-04 07:12:26,402 [s2-client-thread1] INFO  statemachine.StateMachine (DataStreamTestUtils.java:link(157)) - link SingleDataStream: writeRequest=RaftClientRequest:client-F031868B44FC->s2@group-3709D9E7CFD8, cid=376, seq=0, DataStream, Message:<EMPTY>, logEntry=null
2022-07-04 07:12:26,403 [s0-server-thread1] INFO  statemachine.StateMachine (DataStreamTestUtils.java:link(157)) - link SingleDataStream: writeRequest=RaftClientRequest:client-F031868B44FC->s2@group-3709D9E7CFD8, cid=377, seq=0, DataStream, Message:<EMPTY>, logEntry=null
2022-07-04 07:12:26,403 [s1-server-thread1] INFO  statemachine.StateMachine (DataStreamTestUtils.java:link(157)) - link SingleDataStream: writeRequest=RaftClientRequest:client-F031868B44FC->s2@group-3709D9E7CFD8, cid=377, seq=0, DataStream, Message:<EMPTY>, logEntry=null
2022-07-04 07:12:26,403 [s0-server-thread1] INFO  statemachine.StateMachine (DataStreamTestUtils.java:link(157)) - link SingleDataStream: writeRequest=RaftClientRequest:client-92677F6E1533->s1@group-3709D9E7CFD8, cid=382, seq=0, DataStream, Message:<EMPTY>, logEntry=null
2022-07-04 07:12:26,404 [s1-server-thread1] INFO  statemachine.StateMachine (DataStreamTestUtils.java:link(157)) - link SingleDataStream: writeRequest=RaftClientRequest:client-92677F6E1533->s1@group-3709D9E7CFD8, cid=382, seq=0, DataStream, Message:<EMPTY>, logEntry=null
2022-07-04 07:12:26,404 [s2-client-thread1] INFO  statemachine.StateMachine (DataStreamTestUtils.java:link(157)) - link SingleDataStream: writeRequest=RaftClientRequest:client-F031868B44FC->s2@group-3709D9E7CFD8, cid=378, seq=0, DataStream, Message:<EMPTY>, logEntry=null
2022-07-04 07:12:26,404 [s1-server-thread1] INFO  statemachine.StateMachine (DataStreamTestUtils.java:link(157)) - link SingleDataStream: writeRequest=RaftClientRequest:client-F031868B44FC->s2@group-3709D9E7CFD8, cid=376, seq=0, DataStream, Message:<EMPTY>, logEntry=null
2022-07-04 07:12:26,405 [s0-server-thread1] INFO  statemachine.StateMachine (DataStreamTestUtils.java:link(157)) - link SingleDataStream: writeRequest=RaftClientRequest:client-F031868B44FC->s2@group-3709D9E7CFD8, cid=376, seq=0, DataStream, Message:<EMPTY>, logEntry=null
2022-07-04 07:12:26,405 [s2-client-thread1] INFO  statemachine.StateMachine (DataStreamTestUtils.java:link(157)) - link SingleDataStream: writeRequest=RaftClientRequest:client-F031868B44FC->s2@group-3709D9E7CFD8, cid=379, seq=0, DataStream, Message:<EMPTY>, logEntry=null
2022-07-04 07:12:26,406 [s1-server-thread1] INFO  statemachine.StateMachine (DataStreamTestUtils.java:link(157)) - link SingleDataStream: writeRequest=RaftClientRequest:client-F031868B44FC->s2@group-3709D9E7CFD8, cid=378, seq=0, DataStream, Message:<EMPTY>, logEntry=null
2022-07-04 07:12:26,406 [s0-server-thread1] INFO  statemachine.StateMachine (DataStreamTestUtils.java:link(157)) - link SingleDataStream: writeRequest=RaftClientRequest:client-F031868B44FC->s2@group-3709D9E7CFD8, cid=378, seq=0, DataStream, Message:<EMPTY>, logEntry=null
2022-07-04 07:12:26,407 [s1-server-thread1] INFO  statemachine.StateMachine (DataStreamTestUtils.java:link(157)) - link SingleDataStream: writeRequest=RaftClientRequest:client-F031868B44FC->s2@group-3709D9E7CFD8, cid=379, seq=0, DataStream, Message:<EMPTY>, logEntry=null
2022-07-04 07:12:26,407 [s0-server-thread1] INFO  statemachine.StateMachine (DataStreamTestUtils.java:link(157)) - link SingleDataStream: writeRequest=RaftClientRequest:client-F031868B44FC->s2@group-3709D9E7CFD8, cid=379, seq=0, DataStream, Message:<EMPTY>, logEntry=null
2022-07-04 07:12:26,420 [pool-9-thread-11] INFO  datastream.DataStreamTestUtils (DataStreamTestUtils.java:writeAndCloseAndAssertReplies(311)) - start Stream384
2022-07-04 07:12:26,420 [pool-9-thread-10] INFO  datastream.DataStreamTestUtils (DataStreamTestUtils.java:writeAndCloseAndAssertReplies(311)) - start Stream385
2022-07-04 07:12:26,520 [pool-9-thread-10] INFO  datastream.DataStreamTestUtils (DataStreamTestUtils.java:writeAndCloseAndAssertReplies(320)) - Stream385: bytesWritten=7607813
2022-07-04 07:12:26,520 [pool-9-thread-12] INFO  datastream.DataStreamTestUtils (DataStreamTestUtils.java:writeAndCloseAndAssertReplies(311)) - start Stream386
2022-07-04 07:12:26,557 [pool-9-thread-13] INFO  datastream.DataStreamTestUtils (DataStreamTestUtils.java:writeAndCloseAndAssertReplies(311)) - start Stream387
2022-07-04 07:12:26,688 [pool-9-thread-11] INFO  datastream.DataStreamTestUtils (DataStreamTestUtils.java:writeAndCloseAndAssertReplies(320)) - Stream384: bytesWritten=7247762
2022-07-04 07:12:26,709 [pool-9-thread-12] INFO  datastream.DataStreamTestUtils (DataStreamTestUtils.java:writeAndCloseAndAssertReplies(320)) - Stream386: bytesWritten=7852852
2022-07-04 07:12:26,722 [pool-9-thread-13] INFO  datastream.DataStreamTestUtils (DataStreamTestUtils.java:writeAndCloseAndAssertReplies(320)) - Stream387: bytesWritten=7486120
2022-07-04 07:12:26,738 [pool-9-thread-16] INFO  datastream.DataStreamTestUtils (DataStreamTestUtils.java:writeAndCloseAndAssertReplies(311)) - start Stream388
2022-07-04 07:12:26,740 [pool-9-thread-15] INFO  datastream.DataStreamTestUtils (DataStreamTestUtils.java:writeAndCloseAndAssertReplies(311)) - start Stream389
2022-07-04 07:12:26,871 [pool-9-thread-15] INFO  datastream.DataStreamTestUtils (DataStreamTestUtils.java:writeAndCloseAndAssertReplies(320)) - Stream389: bytesWritten=7284127
2022-07-04 07:12:26,902 [pool-9-thread-16] INFO  datastream.DataStreamTestUtils (DataStreamTestUtils.java:writeAndCloseAndAssertReplies(320)) - Stream388: bytesWritten=6777769
2022-07-04 07:12:27,009 [s2-client-thread1] INFO  statemachine.StateMachine (DataStreamTestUtils.java:link(157)) - link SingleDataStream: writeRequest=RaftClientRequest:client-493E5FA41F31->s0@group-3709D9E7CFD8, cid=385, seq=0, DataStream, Message:<EMPTY>, logEntry=null
2022-07-04 07:12:27,010 [s0-server-thread1] INFO  statemachine.StateMachine (DataStreamTestUtils.java:link(157)) - link SingleDataStream: writeRequest=RaftClientRequest:client-493E5FA41F31->s0@group-3709D9E7CFD8, cid=385, seq=0, DataStream, Message:<EMPTY>, logEntry=null
2022-07-04 07:12:27,010 [s1-server-thread1] INFO  statemachine.StateMachine (DataStreamTestUtils.java:link(157)) - link SingleDataStream: writeRequest=RaftClientRequest:client-493E5FA41F31->s0@group-3709D9E7CFD8, cid=385, seq=0, DataStream, Message:<EMPTY>, logEntry=null
2022-07-04 07:12:27,011 [s2-client-thread1] INFO  statemachine.StateMachine (DataStreamTestUtils.java:link(157)) - link SingleDataStream: writeRequest=RaftClientRequest:client-493E5FA41F31->s0@group-3709D9E7CFD8, cid=384, seq=0, DataStream, Message:<EMPTY>, logEntry=null
2022-07-04 07:12:27,013 [s0-server-thread1] INFO  statemachine.StateMachine (DataStreamTestUtils.java:link(157)) - link SingleDataStream: writeRequest=RaftClientRequest:client-493E5FA41F31->s0@group-3709D9E7CFD8, cid=384, seq=0, DataStream, Message:<EMPTY>, logEntry=null
2022-07-04 07:12:27,013 [s1-server-thread1] INFO  statemachine.StateMachine (DataStreamTestUtils.java:link(157)) - link SingleDataStream: writeRequest=RaftClientRequest:client-493E5FA41F31->s0@group-3709D9E7CFD8, cid=384, seq=0, DataStream, Message:<EMPTY>, logEntry=null
2022-07-04 07:12:27,014 [s2-client-thread1] INFO  statemachine.StateMachine (DataStreamTestUtils.java:link(157)) - link SingleDataStream: writeRequest=RaftClientRequest:client-493E5FA41F31->s0@group-3709D9E7CFD8, cid=386, seq=0, DataStream, Message:<EMPTY>, logEntry=null
2022-07-04 07:12:27,015 [s2-client-thread1] INFO  statemachine.StateMachine (DataStreamTestUtils.java:link(157)) - link SingleDataStream: writeRequest=RaftClientRequest:client-493E5FA41F31->s0@group-3709D9E7CFD8, cid=387, seq=0, DataStream, Message:<EMPTY>, logEntry=null
2022-07-04 07:12:27,015 [s1-server-thread1] INFO  statemachine.StateMachine (DataStreamTestUtils.java:link(157)) - link SingleDataStream: writeRequest=RaftClientRequest:client-493E5FA41F31->s0@group-3709D9E7CFD8, cid=386, seq=0, DataStream, Message:<EMPTY>, logEntry=null
2022-07-04 07:12:27,015 [s1-server-thread1] INFO  statemachine.StateMachine (DataStreamTestUtils.java:link(157)) - link SingleDataStream: writeRequest=RaftClientRequest:client-493E5FA41F31->s0@group-3709D9E7CFD8, cid=387, seq=0, DataStream, Message:<EMPTY>, logEntry=null
2022-07-04 07:12:27,015 [s2-client-thread1] INFO  statemachine.StateMachine (DataStreamTestUtils.java:link(157)) - link SingleDataStream: writeRequest=RaftClientRequest:client-493E5FA41F31->s0@group-3709D9E7CFD8, cid=389, seq=0, DataStream, Message:<EMPTY>, logEntry=null
2022-07-04 07:12:27,016 [s0-server-thread1] INFO  statemachine.StateMachine (DataStreamTestUtils.java:link(157)) - link SingleDataStream: writeRequest=RaftClientRequest:client-493E5FA41F31->s0@group-3709D9E7CFD8, cid=386, seq=0, DataStream, Message:<EMPTY>, logEntry=null
2022-07-04 07:12:27,016 [s1-server-thread1] INFO  statemachine.StateMachine (DataStreamTestUtils.java:link(157)) - link SingleDataStream: writeRequest=RaftClientRequest:client-493E5FA41F31->s0@group-3709D9E7CFD8, cid=389, seq=0, DataStream, Message:<EMPTY>, logEntry=null
2022-07-04 07:12:27,017 [s2-client-thread1] INFO  statemachine.StateMachine (DataStreamTestUtils.java:link(157)) - link SingleDataStream: writeRequest=RaftClientRequest:client-493E5FA41F31->s0@group-3709D9E7CFD8, cid=388, seq=0, DataStream, Message:<EMPTY>, logEntry=null
2022-07-04 07:12:27,017 [s0-server-thread1] INFO  statemachine.StateMachine (DataStreamTestUtils.java:link(157)) - link SingleDataStream: writeRequest=RaftClientRequest:client-493E5FA41F31->s0@group-3709D9E7CFD8, cid=387, seq=0, DataStream, Message:<EMPTY>, logEntry=null
2022-07-04 07:12:27,017 [s1-server-thread1] INFO  statemachine.StateMachine (DataStreamTestUtils.java:link(157)) - link SingleDataStream: writeRequest=RaftClientRequest:client-493E5FA41F31->s0@group-3709D9E7CFD8, cid=388, seq=0, DataStream, Message:<EMPTY>, logEntry=null
2022-07-04 07:12:27,017 [s0-server-thread1] INFO  statemachine.StateMachine (DataStreamTestUtils.java:link(157)) - link SingleDataStream: writeRequest=RaftClientRequest:client-493E5FA41F31->s0@group-3709D9E7CFD8, cid=389, seq=0, DataStream, Message:<EMPTY>, logEntry=null
2022-07-04 07:12:27,018 [s0-server-thread1] INFO  statemachine.StateMachine (DataStreamTestUtils.java:link(157)) - link SingleDataStream: writeRequest=RaftClientRequest:client-493E5FA41F31->s0@group-3709D9E7CFD8, cid=388, seq=0, DataStream, Message:<EMPTY>, logEntry=null
2022-07-04 07:12:27,029 [pool-9-thread-10] INFO  datastream.DataStreamTestUtils (DataStreamTestUtils.java:writeAndCloseAndAssertReplies(311)) - start Stream390
2022-07-04 07:12:27,044 [pool-9-thread-12] INFO  datastream.DataStreamTestUtils (DataStreamTestUtils.java:writeAndCloseAndAssertReplies(311)) - start Stream391
2022-07-04 07:12:27,328 [pool-9-thread-11] INFO  datastream.DataStreamTestUtils (DataStreamTestUtils.java:writeAndCloseAndAssertReplies(311)) - start Stream392
2022-07-04 07:12:27,356 [pool-9-thread-12] INFO  datastream.DataStreamTestUtils (DataStreamTestUtils.java:writeAndCloseAndAssertReplies(320)) - Stream391: bytesWritten=7027676
2022-07-04 07:12:27,362 [s2-client-thread1] INFO  statemachine.StateMachine (DataStreamTestUtils.java:link(157)) - link SingleDataStream: writeRequest=RaftClientRequest:client-493E5FA41F31->s0@group-3709D9E7CFD8, cid=391, seq=0, DataStream, Message:<EMPTY>, logEntry=null
2022-07-04 07:12:27,382 [pool-9-thread-10] INFO  datastream.DataStreamTestUtils (DataStreamTestUtils.java:writeAndCloseAndAssertReplies(320)) - Stream390: bytesWritten=7174421
2022-07-04 07:12:27,390 [s1-server-thread1] INFO  statemachine.StateMachine (DataStreamTestUtils.java:link(157)) - link SingleDataStream: writeRequest=RaftClientRequest:client-493E5FA41F31->s0@group-3709D9E7CFD8, cid=391, seq=0, DataStream, Message:<EMPTY>, logEntry=null
2022-07-04 07:12:27,390 [s2-client-thread1] INFO  statemachine.StateMachine (DataStreamTestUtils.java:link(157)) - link SingleDataStream: writeRequest=RaftClientRequest:client-493E5FA41F31->s0@group-3709D9E7CFD8, cid=390, seq=0, DataStream, Message:<EMPTY>, logEntry=null
2022-07-04 07:12:27,393 [pool-9-thread-13] INFO  datastream.DataStreamTestUtils (DataStreamTestUtils.java:writeAndCloseAndAssertReplies(311)) - start Stream393
2022-07-04 07:12:27,399 [pool-9-thread-15] INFO  datastream.DataStreamTestUtils (DataStreamTestUtils.java:writeAndCloseAndAssertReplies(311)) - start Stream395
2022-07-04 07:12:27,400 [s1-server-thread1] INFO  statemachine.StateMachine (DataStreamTestUtils.java:link(157)) - link SingleDataStream: writeRequest=RaftClientRequest:client-493E5FA41F31->s0@group-3709D9E7CFD8, cid=390, seq=0, DataStream, Message:<EMPTY>, logEntry=null
2022-07-04 07:12:27,400 [pool-9-thread-16] INFO  datastream.DataStreamTestUtils (DataStreamTestUtils.java:writeAndCloseAndAssertReplies(311)) - start Stream396
2022-07-04 07:12:27,437 [pool-9-thread-11] INFO  datastream.DataStreamTestUtils (DataStreamTestUtils.java:writeAndCloseAndAssertReplies(320)) - Stream392: bytesWritten=7010338
2022-07-04 07:12:27,442 [s2-client-thread1] INFO  statemachine.StateMachine (DataStreamTestUtils.java:link(157)) - link SingleDataStream: writeRequest=RaftClientRequest:client-493E5FA41F31->s0@group-3709D9E7CFD8, cid=392, seq=0, DataStream, Message:<EMPTY>, logEntry=null
2022-07-04 07:12:27,443 [s1-server-thread1] INFO  statemachine.StateMachine (DataStreamTestUtils.java:link(157)) - link SingleDataStream: writeRequest=RaftClientRequest:client-493E5FA41F31->s0@group-3709D9E7CFD8, cid=392, seq=0, DataStream, Message:<EMPTY>, logEntry=null
2022-07-04 07:12:27,443 [pool-9-thread-12] INFO  datastream.DataStreamTestUtils (DataStreamTestUtils.java:writeAndCloseAndAssertReplies(311)) - start Stream397
2022-07-04 07:12:27,519 [pool-9-thread-10] INFO  datastream.DataStreamTestUtils (DataStreamTestUtils.java:writeAndCloseAndAssertReplies(311)) - start Stream398
2022-07-04 07:12:27,523 [s0-server-thread1] INFO  statemachine.StateMachine (DataStreamTestUtils.java:link(157)) - link SingleDataStream: writeRequest=RaftClientRequest:client-493E5FA41F31->s0@group-3709D9E7CFD8, cid=391, seq=0, DataStream, Message:<EMPTY>, logEntry=null
2022-07-04 07:12:27,524 [s0-server-thread1] INFO  statemachine.StateMachine (DataStreamTestUtils.java:link(157)) - link SingleDataStream: writeRequest=RaftClientRequest:client-493E5FA41F31->s0@group-3709D9E7CFD8, cid=390, seq=0, DataStream, Message:<EMPTY>, logEntry=null
2022-07-04 07:12:27,527 [pool-9-thread-11] INFO  datastream.DataStreamTestUtils (DataStreamTestUtils.java:writeAndCloseAndAssertReplies(311)) - start Stream399
2022-07-04 07:12:27,536 [s0-server-thread1] INFO  statemachine.StateMachine (DataStreamTestUtils.java:link(157)) - link SingleDataStream: writeRequest=RaftClientRequest:client-493E5FA41F31->s0@group-3709D9E7CFD8, cid=392, seq=0, DataStream, Message:<EMPTY>, logEntry=null
2022-07-04 07:12:27,538 [pool-9-thread-13] INFO  datastream.DataStreamTestUtils (DataStreamTestUtils.java:writeAndCloseAndAssertReplies(320)) - Stream393: bytesWritten=6755770
2022-07-04 07:12:27,540 [s2-client-thread1] INFO  statemachine.StateMachine (DataStreamTestUtils.java:link(157)) - link SingleDataStream: writeRequest=RaftClientRequest:client-493E5FA41F31->s0@group-3709D9E7CFD8, cid=393, seq=0, DataStream, Message:<EMPTY>, logEntry=null
2022-07-04 07:12:27,541 [s1-server-thread1] INFO  statemachine.StateMachine (DataStreamTestUtils.java:link(157)) - link SingleDataStream: writeRequest=RaftClientRequest:client-493E5FA41F31->s0@group-3709D9E7CFD8, cid=393, seq=0, DataStream, Message:<EMPTY>, logEntry=null
2022-07-04 07:12:27,545 [s0-server-thread1] INFO  statemachine.StateMachine (DataStreamTestUtils.java:link(157)) - link SingleDataStream: writeRequest=RaftClientRequest:client-493E5FA41F31->s0@group-3709D9E7CFD8, cid=393, seq=0, DataStream, Message:<EMPTY>, logEntry=null
2022-07-04 07:12:27,633 [pool-9-thread-13] INFO  datastream.DataStreamTestUtils (DataStreamTestUtils.java:writeAndCloseAndAssertReplies(311)) - start Stream400
2022-07-04 07:12:27,695 [pool-9-thread-7] INFO  datastream.DataStreamTestUtils (DataStreamTestUtils.java:writeAndCloseAndAssertReplies(311)) - start Stream401
2022-07-04 07:12:29,324 [s0@group-3709D9E7CFD8-FollowerState] WARN  impl.FollowerState (FollowerState.java:run(130)) - Unexpected long sleep: sleep 275ms but took extra 686466023ns (> threshold = 300ms)
2022-07-04 07:12:29,324 [s2@group-3709D9E7CFD8-LeaderStateImpl] WARN  server.RaftServer$Division (LeaderStateImpl.java:checkLeadership(1018)) - s2@group-3709D9E7CFD8-LeaderStateImpl: Lost leadership on term: 1. Election timeout: 300ms. In charge for: 4067ms. Conf: 0: [s0|rpc:localhost:36085|admin:localhost:45717|client:localhost:38313|dataStream:localhost:45759|priority:0, s1|rpc:localhost:33645|admin:localhost:44907|client:localhost:35641|dataStream:localhost:33417|priority:0, s2|rpc:localhost:34013|admin:localhost:33311|client:localhost:46431|dataStream:localhost:44537|priority:0], old=null
2022-07-04 07:12:29,325 [org.apache.ratis.util.JvmPauseMonitor$$Lambda$273/1313529452@6bbbc6a0] WARN  util.JvmPauseMonitor (JvmPauseMonitor.java:detectPause(124)) - JvmPauseMonitor-s2: Detected pause in JVM or host machine (eg GC): pause of approximately 756471926ns.
GC pool 'PS MarkSweep' had collection(s): count=1 time=808ms
GC pool 'PS Scavenge' had collection(s): count=1 time=129ms
2022-07-04 07:12:29,325 [org.apache.ratis.util.JvmPauseMonitor$$Lambda$273/1313529452@947e36d] WARN  util.JvmPauseMonitor (JvmPauseMonitor.java:detectPause(124)) - JvmPauseMonitor-s1: Detected pause in JVM or host machine (eg GC): pause of approximately 764835740ns.
GC pool 'PS MarkSweep' had collection(s): count=1 time=808ms
GC pool 'PS Scavenge' had collection(s): count=1 time=129ms
2022-07-04 07:12:29,325 [org.apache.ratis.util.JvmPauseMonitor$$Lambda$273/1313529452@a456127] WARN  util.JvmPauseMonitor (JvmPauseMonitor.java:detectPause(124)) - JvmPauseMonitor-s0: Detected pause in JVM or host machine (eg GC): pause of approximately 781310858ns.
GC pool 'PS MarkSweep' had collection(s): count=1 time=808ms
GC pool 'PS Scavenge' had collection(s): count=1 time=129ms
2022-07-04 07:12:29,326 [s1@group-3709D9E7CFD8-FollowerState] WARN  impl.FollowerState (FollowerState.java:run(130)) - Unexpected long sleep: sleep 161ms but took extra 853572875ns (> threshold = 300ms)
2022-07-04 07:12:29,332 [s2@group-3709D9E7CFD8-LeaderStateImpl] WARN  server.RaftServer$Division (LeaderStateImpl.java:lambda$checkLeadership$17(1022)) - Follower s2@group-3709D9E7CFD8->s0(c30,m30,n31, attendVote=true, lastRpcSendTime=0, lastRpcResponseTime=983)
2022-07-04 07:12:29,332 [s2@group-3709D9E7CFD8-LeaderStateImpl] WARN  server.RaftServer$Division (LeaderStateImpl.java:lambda$checkLeadership$17(1022)) - Follower s2@group-3709D9E7CFD8->s1(c30,m30,n31, attendVote=true, lastRpcSendTime=3, lastRpcResponseTime=1009)
2022-07-04 07:12:29,332 [s2@group-3709D9E7CFD8-LeaderStateImpl] INFO  server.RaftServer$Division (RaftServerImpl.java:setRole(299)) - s2@group-3709D9E7CFD8: changes role from    LEADER to FOLLOWER at term 1 for StepDownReason:LOST_MAJORITY_HEARTBEATS
2022-07-04 07:12:29,332 [s2@group-3709D9E7CFD8-LeaderStateImpl] INFO  impl.RoleInfo (RoleInfo.java:shutdownLeaderState(93)) - s2: shutdown s2@group-3709D9E7CFD8-LeaderStateImpl
2022-07-04 07:12:29,432 [grpc-default-executor-6] INFO  server.GrpcServerProtocolService (GrpcServerProtocolService.java:onCompleted(140)) - s0: Completed APPEND_ENTRIES, lastRequest: s2->s0#177-t1,previous=(t:1, i:29),leaderCommit=29,initializing? true,entries: size=1, first=(t:1, i:30), METADATAENTRY(c:29)
2022-07-04 07:12:29,433 [grpc-default-executor-12] INFO  server.GrpcLogAppender (GrpcLogAppender.java:onCompleted(340)) - s2@group-3709D9E7CFD8->s0-AppendLogResponseHandler: follower responses appendEntries COMPLETED
2022-07-04 07:12:29,433 [grpc-default-executor-12] INFO  leader.FollowerInfo (FollowerInfoImpl.java:lambda$new$0(48)) - s2@group-3709D9E7CFD8->s0: nextIndex: updateUnconditionally 31 -> 30
2022-07-04 07:12:29,439 [s2@group-3709D9E7CFD8-LeaderStateImpl] INFO  impl.PendingRequests (PendingRequests.java:sendNotLeaderResponses(282)) - s2@group-3709D9E7CFD8-PendingRequests: sendNotLeaderResponses
2022-07-04 07:12:29,439 [s2@group-3709D9E7CFD8->s1-GrpcLogAppender-LogAppenderDaemon] WARN  server.GrpcLogAppender (GrpcLogAppender.java:mayWait(172)) - s2@group-3709D9E7CFD8->s1-GrpcLogAppender: Wait interrupted by java.lang.InterruptedException
2022-07-04 07:12:29,439 [s2@group-3709D9E7CFD8-LeaderStateImpl] INFO  impl.RoleInfo (RoleInfo.java:updateAndGet(139)) - s2: start s2@group-3709D9E7CFD8-FollowerState
2022-07-04 07:12:29,442 [grpc-default-executor-3] INFO  server.GrpcServerProtocolService (GrpcServerProtocolService.java:onCompleted(140)) - s1: Completed APPEND_ENTRIES, lastRequest: s2->s1#166-t1,previous=(t:1, i:29),leaderCommit=29,initializing? true,entries: size=1, first=(t:1, i:30), METADATAENTRY(c:29)
2022-07-04 07:12:29,450 [grpc-default-executor-6] INFO  server.GrpcLogAppender (GrpcLogAppender.java:onCompleted(340)) - s2@group-3709D9E7CFD8->s1-AppendLogResponseHandler: follower responses appendEntries COMPLETED
2022-07-04 07:12:29,450 [grpc-default-executor-6] INFO  leader.FollowerInfo (FollowerInfoImpl.java:lambda$new$0(48)) - s2@group-3709D9E7CFD8->s1: nextIndex: updateUnconditionally 31 -> 30
2022-07-04 07:12:29,655 [s2@group-3709D9E7CFD8-FollowerState] INFO  impl.FollowerState (FollowerState.java:lostMajorityHeartbeatsRecently(108)) - s2@group-3709D9E7CFD8-FollowerState: Skipping leader election since it stepped down recently (elapsed = 215ms < waitTime = 10s)
2022-07-04 07:12:29,756 [s1@group-3709D9E7CFD8-FollowerState] INFO  impl.FollowerState (FollowerState.java:run(143)) - s1@group-3709D9E7CFD8-FollowerState: change to CANDIDATE, lastRpcElapsedTime:308785225ns, electionTimeout:190ms
2022-07-04 07:12:29,756 [s1@group-3709D9E7CFD8-FollowerState] INFO  impl.RoleInfo (RoleInfo.java:shutdownFollowerState(110)) - s1: shutdown s1@group-3709D9E7CFD8-FollowerState
2022-07-04 07:12:29,756 [s1@group-3709D9E7CFD8-FollowerState] INFO  server.RaftServer$Division (RaftServerImpl.java:setRole(299)) - s1@group-3709D9E7CFD8: changes role from  FOLLOWER to CANDIDATE at term 1 for changeToCandidate
2022-07-04 07:12:29,756 [s1@group-3709D9E7CFD8-FollowerState] INFO  server.RaftServerConfigKeys (ConfUtils.java:logGet(46)) - raft.server.leaderelection.pre-vote = true (default)
2022-07-04 07:12:29,756 [s1@group-3709D9E7CFD8-FollowerState] INFO  impl.RoleInfo (RoleInfo.java:updateAndGet(139)) - s1: start s1@group-3709D9E7CFD8-LeaderElection4
2022-07-04 07:12:29,768 [s0@group-3709D9E7CFD8-FollowerState] INFO  impl.FollowerState (FollowerState.java:run(143)) - s0@group-3709D9E7CFD8-FollowerState: change to CANDIDATE, lastRpcElapsedTime:333962463ns, electionTimeout:262ms
2022-07-04 07:12:29,768 [s0@group-3709D9E7CFD8-FollowerState] INFO  impl.RoleInfo (RoleInfo.java:shutdownFollowerState(110)) - s0: shutdown s0@group-3709D9E7CFD8-FollowerState
2022-07-04 07:12:29,768 [s0@group-3709D9E7CFD8-FollowerState] INFO  server.RaftServer$Division (RaftServerImpl.java:setRole(299)) - s0@group-3709D9E7CFD8: changes role from  FOLLOWER to CANDIDATE at term 1 for changeToCandidate
2022-07-04 07:12:29,780 [s0@group-3709D9E7CFD8-FollowerState] INFO  server.RaftServerConfigKeys (ConfUtils.java:logGet(46)) - raft.server.leaderelection.pre-vote = true (default)
2022-07-04 07:12:29,782 [s0@group-3709D9E7CFD8-FollowerState] INFO  impl.RoleInfo (RoleInfo.java:updateAndGet(139)) - s0: start s0@group-3709D9E7CFD8-LeaderElection5
2022-07-04 07:12:29,784 [s1@group-3709D9E7CFD8-LeaderElection4] INFO  server.RaftServer$Division (ServerState.java:setLeader(291)) - s1@group-3709D9E7CFD8: change Leader from s2 to null at term 1 for PRE_VOTE
2022-07-04 07:12:29,784 [s1@group-3709D9E7CFD8-LeaderElection4] INFO  impl.LeaderElection (LeaderElection.java:askForVotes(310)) - s1@group-3709D9E7CFD8-LeaderElection4 PRE_VOTE round 0: submit vote requests at term 1 for 0: [s0|rpc:localhost:36085|admin:localhost:45717|client:localhost:38313|dataStream:localhost:45759|priority:0, s1|rpc:localhost:33645|admin:localhost:44907|client:localhost:35641|dataStream:localhost:33417|priority:0, s2|rpc:localhost:34013|admin:localhost:33311|client:localhost:46431|dataStream:localhost:44537|priority:0], old=null
2022-07-04 07:12:29,803 [s0@group-3709D9E7CFD8-LeaderElection5] INFO  server.RaftServer$Division (ServerState.java:setLeader(291)) - s0@group-3709D9E7CFD8: change Leader from s2 to null at term 1 for PRE_VOTE
2022-07-04 07:12:29,804 [s0@group-3709D9E7CFD8-LeaderElection5] INFO  impl.LeaderElection (LeaderElection.java:askForVotes(310)) - s0@group-3709D9E7CFD8-LeaderElection5 PRE_VOTE round 0: submit vote requests at term 1 for 0: [s0|rpc:localhost:36085|admin:localhost:45717|client:localhost:38313|dataStream:localhost:45759|priority:0, s1|rpc:localhost:33645|admin:localhost:44907|client:localhost:35641|dataStream:localhost:33417|priority:0, s2|rpc:localhost:34013|admin:localhost:33311|client:localhost:46431|dataStream:localhost:44537|priority:0], old=null
2022-07-04 07:12:29,819 [s2@group-3709D9E7CFD8-FollowerState] INFO  impl.FollowerState (FollowerState.java:lostMajorityHeartbeatsRecently(108)) - s2@group-3709D9E7CFD8-FollowerState: Skipping leader election since it stepped down recently (elapsed = 380ms < waitTime = 10s)
2022-07-04 07:12:29,881 [grpc-default-executor-3] INFO  server.RaftServer$Division (RaftServerImpl.java:requestVote(1152)) - s0@group-3709D9E7CFD8: receive requestVote(PRE_VOTE, s1, group-3709D9E7CFD8, 1, (t:1, i:30))
2022-07-04 07:12:29,891 [grpc-default-executor-3] INFO  impl.VoteContext (VoteContext.java:log(48)) - s0@group-3709D9E7CFD8-CANDIDATE: accept PRE_VOTE from s1: our priority 0 <= candidate's priority 0
2022-07-04 07:12:29,891 [grpc-default-executor-3] INFO  server.RaftServer$Division (RaftServerImpl.java:requestVote(1184)) - s0@group-3709D9E7CFD8 replies to PRE_VOTE vote request: s1<-s0#0:OK-t1. Peer's state: s0@group-3709D9E7CFD8:t1, leader=null, voted=s2, raftlog=s0@group-3709D9E7CFD8-SegmentedRaftLog:OPENED:c30, conf=0: [s0|rpc:localhost:36085|admin:localhost:45717|client:localhost:38313|dataStream:localhost:45759|priority:0, s1|rpc:localhost:33645|admin:localhost:44907|client:localhost:35641|dataStream:localhost:33417|priority:0, s2|rpc:localhost:34013|admin:localhost:33311|client:localhost:46431|dataStream:localhost:44537|priority:0], old=null
2022-07-04 07:12:29,881 [grpc-default-executor-6] INFO  server.RaftServer$Division (RaftServerImpl.java:requestVote(1152)) - s2@group-3709D9E7CFD8: receive requestVote(PRE_VOTE, s1, group-3709D9E7CFD8, 1, (t:1, i:30))
2022-07-04 07:12:29,892 [grpc-default-executor-6] INFO  impl.VoteContext (VoteContext.java:log(48)) - s2@group-3709D9E7CFD8-FOLLOWER: accept PRE_VOTE from s1: our priority 0 <= candidate's priority 0
2022-07-04 07:12:29,892 [grpc-default-executor-6] INFO  server.RaftServer$Division (RaftServerImpl.java:requestVote(1184)) - s2@group-3709D9E7CFD8 replies to PRE_VOTE vote request: s1<-s2#0:OK-t1. Peer's state: s2@group-3709D9E7CFD8:t1, leader=s2, voted=s2, raftlog=s2@group-3709D9E7CFD8-SegmentedRaftLog:OPENED:c30, conf=0: [s0|rpc:localhost:36085|admin:localhost:45717|client:localhost:38313|dataStream:localhost:45759|priority:0, s1|rpc:localhost:33645|admin:localhost:44907|client:localhost:35641|dataStream:localhost:33417|priority:0, s2|rpc:localhost:34013|admin:localhost:33311|client:localhost:46431|dataStream:localhost:44537|priority:0], old=null
2022-07-04 07:12:29,951 [s1@group-3709D9E7CFD8-LeaderElection4] INFO  impl.LeaderElection (LeaderElection.java:logAndReturn(90)) - s1@group-3709D9E7CFD8-LeaderElection4: PRE_VOTE PASSED received 1 response(s) and 0 exception(s):
2022-07-04 07:12:29,964 [s1@group-3709D9E7CFD8-LeaderElection4] INFO  impl.LeaderElection (LeaderElection.java:logAndReturn(94)) -   Response 0: s1<-s0#0:OK-t1
2022-07-04 07:12:29,964 [s1@group-3709D9E7CFD8-LeaderElection4] INFO  impl.LeaderElection (LeaderElection.java:askForVotes(312)) - s1@group-3709D9E7CFD8-LeaderElection4 PRE_VOTE round 0: result PASSED
2022-07-04 07:12:29,964 [grpc-default-executor-3] INFO  server.RaftServer$Division (RaftServerImpl.java:requestVote(1152)) - s1@group-3709D9E7CFD8: receive requestVote(PRE_VOTE, s0, group-3709D9E7CFD8, 1, (t:1, i:30))
2022-07-04 07:12:29,968 [grpc-default-executor-3] INFO  impl.VoteContext (VoteContext.java:log(48)) - s1@group-3709D9E7CFD8-CANDIDATE: accept PRE_VOTE from s0: our priority 0 <= candidate's priority 0
2022-07-04 07:12:29,969 [grpc-default-executor-3] INFO  server.RaftServer$Division (RaftServerImpl.java:requestVote(1184)) - s1@group-3709D9E7CFD8 replies to PRE_VOTE vote request: s0<-s1#0:OK-t2. Peer's state: s1@group-3709D9E7CFD8:t2, leader=null, voted=s1, raftlog=s1@group-3709D9E7CFD8-SegmentedRaftLog:OPENED:c30, conf=0: [s0|rpc:localhost:36085|admin:localhost:45717|client:localhost:38313|dataStream:localhost:45759|priority:0, s1|rpc:localhost:33645|admin:localhost:44907|client:localhost:35641|dataStream:localhost:33417|priority:0, s2|rpc:localhost:34013|admin:localhost:33311|client:localhost:46431|dataStream:localhost:44537|priority:0], old=null
2022-07-04 07:12:29,968 [s1@group-3709D9E7CFD8-LeaderElection4] INFO  impl.LeaderElection (LeaderElection.java:askForVotes(310)) - s1@group-3709D9E7CFD8-LeaderElection4 ELECTION round 0: submit vote requests at term 2 for 0: [s0|rpc:localhost:36085|admin:localhost:45717|client:localhost:38313|dataStream:localhost:45759|priority:0, s1|rpc:localhost:33645|admin:localhost:44907|client:localhost:35641|dataStream:localhost:33417|priority:0, s2|rpc:localhost:34013|admin:localhost:33311|client:localhost:46431|dataStream:localhost:44537|priority:0], old=null
2022-07-04 07:12:29,970 [s0@group-3709D9E7CFD8-LeaderElection5] INFO  impl.LeaderElection (LeaderElection.java:logAndReturn(90)) - s0@group-3709D9E7CFD8-LeaderElection5: PRE_VOTE DISCOVERED_A_NEW_TERM (term=2) received 1 response(s) and 0 exception(s):
2022-07-04 07:12:29,970 [s0@group-3709D9E7CFD8-LeaderElection5] INFO  impl.LeaderElection (LeaderElection.java:logAndReturn(94)) -   Response 0: s0<-s1#0:OK-t2
2022-07-04 07:12:29,970 [s0@group-3709D9E7CFD8-LeaderElection5] INFO  impl.LeaderElection (LeaderElection.java:askForVotes(312)) - s0@group-3709D9E7CFD8-LeaderElection5 PRE_VOTE round 0: result DISCOVERED_A_NEW_TERM (term=2)
2022-07-04 07:12:29,970 [s0@group-3709D9E7CFD8-LeaderElection5] INFO  server.RaftServer$Division (RaftServerImpl.java:setRole(299)) - s0@group-3709D9E7CFD8: changes role from CANDIDATE to FOLLOWER at term 2 for DISCOVERED_A_NEW_TERM (term=2)
2022-07-04 07:12:29,970 [s0@group-3709D9E7CFD8-LeaderElection5] INFO  impl.RoleInfo (RoleInfo.java:shutdownLeaderElection(130)) - s0: shutdown s0@group-3709D9E7CFD8-LeaderElection5
2022-07-04 07:12:29,970 [s0@group-3709D9E7CFD8-LeaderElection5] INFO  impl.RoleInfo (RoleInfo.java:updateAndGet(139)) - s0: start s0@group-3709D9E7CFD8-FollowerState
2022-07-04 07:12:29,976 [grpc-default-executor-3] INFO  server.RaftServer$Division (RaftServerImpl.java:requestVote(1152)) - s2@group-3709D9E7CFD8: receive requestVote(PRE_VOTE, s0, group-3709D9E7CFD8, 1, (t:1, i:30))
2022-07-04 07:12:29,976 [grpc-default-executor-3] INFO  impl.VoteContext (VoteContext.java:log(48)) - s2@group-3709D9E7CFD8-FOLLOWER: reject PRE_VOTE from s0: this server is a follower and still has a valid leader s2
2022-07-04 07:12:29,976 [grpc-default-executor-3] INFO  server.RaftServer$Division (RaftServerImpl.java:requestVote(1184)) - s2@group-3709D9E7CFD8 replies to PRE_VOTE vote request: s0<-s2#0:FAIL-t1. Peer's state: s2@group-3709D9E7CFD8:t1, leader=s2, voted=s2, raftlog=s2@group-3709D9E7CFD8-SegmentedRaftLog:OPENED:c30, conf=0: [s0|rpc:localhost:36085|admin:localhost:45717|client:localhost:38313|dataStream:localhost:45759|priority:0, s1|rpc:localhost:33645|admin:localhost:44907|client:localhost:35641|dataStream:localhost:33417|priority:0, s2|rpc:localhost:34013|admin:localhost:33311|client:localhost:46431|dataStream:localhost:44537|priority:0], old=null
2022-07-04 07:12:29,984 [grpc-default-executor-3] INFO  server.RaftServer$Division (RaftServerImpl.java:requestVote(1152)) - s0@group-3709D9E7CFD8: receive requestVote(ELECTION, s1, group-3709D9E7CFD8, 2, (t:1, i:30))
2022-07-04 07:12:29,984 [grpc-default-executor-3] INFO  impl.VoteContext (VoteContext.java:log(48)) - s0@group-3709D9E7CFD8-FOLLOWER: accept ELECTION from s1: our priority 0 <= candidate's priority 0
2022-07-04 07:12:29,984 [grpc-default-executor-3] INFO  server.RaftServer$Division (RaftServerImpl.java:setRole(299)) - s0@group-3709D9E7CFD8: changes role from  FOLLOWER to FOLLOWER at term 2 for candidate:s1
2022-07-04 07:12:29,984 [grpc-default-executor-3] INFO  impl.RoleInfo (RoleInfo.java:shutdownFollowerState(110)) - s0: shutdown s0@group-3709D9E7CFD8-FollowerState
2022-07-04 07:12:29,984 [grpc-default-executor-3] INFO  impl.RoleInfo (RoleInfo.java:updateAndGet(139)) - s0: start s0@group-3709D9E7CFD8-FollowerState
2022-07-04 07:12:29,984 [s0@group-3709D9E7CFD8-FollowerState] INFO  impl.FollowerState (FollowerState.java:run(152)) - s0@group-3709D9E7CFD8-FollowerState was interrupted
2022-07-04 07:12:29,986 [grpc-default-executor-3] INFO  server.RaftServer$Division (RaftServerImpl.java:requestVote(1184)) - s0@group-3709D9E7CFD8 replies to ELECTION vote request: s1<-s0#0:OK-t2. Peer's state: s0@group-3709D9E7CFD8:t2, leader=null, voted=s1, raftlog=s0@group-3709D9E7CFD8-SegmentedRaftLog:OPENED:c30, conf=0: [s0|rpc:localhost:36085|admin:localhost:45717|client:localhost:38313|dataStream:localhost:45759|priority:0, s1|rpc:localhost:33645|admin:localhost:44907|client:localhost:35641|dataStream:localhost:33417|priority:0, s2|rpc:localhost:34013|admin:localhost:33311|client:localhost:46431|dataStream:localhost:44537|priority:0], old=null
2022-07-04 07:12:29,987 [s1@group-3709D9E7CFD8-LeaderElection4] INFO  impl.LeaderElection (LeaderElection.java:logAndReturn(90)) - s1@group-3709D9E7CFD8-LeaderElection4: ELECTION PASSED received 1 response(s) and 0 exception(s):
2022-07-04 07:12:29,987 [s1@group-3709D9E7CFD8-LeaderElection4] INFO  impl.LeaderElection (LeaderElection.java:logAndReturn(94)) -   Response 0: s1<-s0#0:OK-t2
2022-07-04 07:12:29,987 [s1@group-3709D9E7CFD8-LeaderElection4] INFO  impl.LeaderElection (LeaderElection.java:askForVotes(312)) - s1@group-3709D9E7CFD8-LeaderElection4 ELECTION round 0: result PASSED
2022-07-04 07:12:29,987 [s1@group-3709D9E7CFD8-LeaderElection4] INFO  impl.RoleInfo (RoleInfo.java:shutdownLeaderElection(130)) - s1: shutdown s1@group-3709D9E7CFD8-LeaderElection4
2022-07-04 07:12:29,987 [s1@group-3709D9E7CFD8-LeaderElection4] INFO  server.RaftServer$Division (RaftServerImpl.java:setRole(299)) - s1@group-3709D9E7CFD8: changes role from CANDIDATE to LEADER at term 2 for changeToLeader
2022-07-04 07:12:29,987 [s1@group-3709D9E7CFD8-LeaderElection4] INFO  server.RaftServer$Division (ServerState.java:setLeader(291)) - s1@group-3709D9E7CFD8: change Leader from null to s1 at term 2 for becomeLeader, leader elected after 202ms
2022-07-04 07:12:29,987 [s1@group-3709D9E7CFD8-LeaderElection4] INFO  server.RaftServerConfigKeys (ConfUtils.java:logGet(46)) - raft.server.staging.catchup.gap = 1000 (default)
2022-07-04 07:12:29,987 [s1@group-3709D9E7CFD8-LeaderElection4] INFO  server.RaftServerConfigKeys (ConfUtils.java:logGet(46)) - raft.server.write.element-limit = 4096 (default)
2022-07-04 07:12:29,987 [s1@group-3709D9E7CFD8-LeaderElection4] INFO  server.RaftServerConfigKeys (ConfUtils.java:logGet(46)) - raft.server.write.byte-limit = 64MB (=67108864) (default)
2022-07-04 07:12:29,987 [s1@group-3709D9E7CFD8-LeaderElection4] INFO  server.RaftServerConfigKeys (ConfUtils.java:logGet(46)) - raft.server.watch.timeout = 10s (default)
2022-07-04 07:12:29,987 [s1@group-3709D9E7CFD8-LeaderElection4] INFO  server.RaftServerConfigKeys (ConfUtils.java:logGet(46)) - raft.server.watch.timeout.denomination = 1s (default)
2022-07-04 07:12:29,987 [s1@group-3709D9E7CFD8-LeaderElection4] INFO  server.RaftServerConfigKeys (ConfUtils.java:logGet(46)) - raft.server.watch.element-limit = 65536 (default)
2022-07-04 07:12:29,987 [s1@group-3709D9E7CFD8-LeaderElection4] INFO  server.RaftServerConfigKeys (ConfUtils.java:logGet(46)) - raft.server.write.element-limit = 4096 (default)
2022-07-04 07:12:29,987 [s1@group-3709D9E7CFD8-LeaderElection4] INFO  server.RaftServerConfigKeys (ConfUtils.java:logGet(46)) - raft.server.write.follower.gap.ratio.max = -1.0 (default)
2022-07-04 07:12:29,988 [s1@group-3709D9E7CFD8-LeaderElection4] INFO  server.RaftServerConfigKeys (ConfUtils.java:logGet(46)) - raft.server.log.appender.snapshot.chunk.size.max = 16MB (=16777216) (default)
2022-07-04 07:12:29,988 [s1@group-3709D9E7CFD8-LeaderElection4] INFO  server.RaftServerConfigKeys (ConfUtils.java:logGet(46)) - raft.server.log.appender.buffer.byte-limit = 4MB (=4194304) (default)
2022-07-04 07:12:29,988 [s1@group-3709D9E7CFD8-LeaderElection4] INFO  server.RaftServerConfigKeys (ConfUtils.java:logGet(46)) - raft.server.log.appender.buffer.element-limit = 0 (default)
2022-07-04 07:12:29,988 [s1@group-3709D9E7CFD8-LeaderElection4] INFO  grpc.GrpcConfigKeys (ConfUtils.java:logGet(46)) - raft.grpc.server.leader.outstanding.appends.max = 128 (default)
2022-07-04 07:12:29,988 [s1@group-3709D9E7CFD8-LeaderElection4] INFO  server.RaftServerConfigKeys (ConfUtils.java:logGet(46)) - raft.server.rpc.request.timeout = 3000ms (default)
2022-07-04 07:12:29,988 [s1@group-3709D9E7CFD8-LeaderElection4] INFO  server.RaftServerConfigKeys (ConfUtils.java:logGet(46)) - raft.server.log.appender.install.snapshot.enabled = true (default)
2022-07-04 07:12:29,988 [s1@group-3709D9E7CFD8-LeaderElection4] INFO  server.RaftServerConfigKeys (ConfUtils.java:logGet(46)) - raft.server.log.appender.snapshot.chunk.size.max = 16MB (=16777216) (default)
2022-07-04 07:12:29,988 [s1@group-3709D9E7CFD8-LeaderElection4] INFO  server.RaftServerConfigKeys (ConfUtils.java:logGet(46)) - raft.server.log.appender.buffer.byte-limit = 4MB (=4194304) (default)
2022-07-04 07:12:29,988 [s1@group-3709D9E7CFD8-LeaderElection4] INFO  server.RaftServerConfigKeys (ConfUtils.java:logGet(46)) - raft.server.log.appender.buffer.element-limit = 0 (default)
2022-07-04 07:12:29,988 [s1@group-3709D9E7CFD8-LeaderElection4] INFO  grpc.GrpcConfigKeys (ConfUtils.java:logGet(46)) - raft.grpc.server.leader.outstanding.appends.max = 128 (default)
2022-07-04 07:12:29,988 [s1@group-3709D9E7CFD8-LeaderElection4] INFO  server.RaftServerConfigKeys (ConfUtils.java:logGet(46)) - raft.server.rpc.request.timeout = 3000ms (default)
2022-07-04 07:12:29,988 [s1@group-3709D9E7CFD8-LeaderElection4] INFO  server.RaftServerConfigKeys (ConfUtils.java:logGet(46)) - raft.server.log.appender.install.snapshot.enabled = true (default)
2022-07-04 07:12:29,988 [s1@group-3709D9E7CFD8-LeaderElection4] INFO  impl.RoleInfo (RoleInfo.java:updateAndGet(139)) - s1: start s1@group-3709D9E7CFD8-LeaderStateImpl
2022-07-04 07:12:29,989 [s1@group-3709D9E7CFD8-LeaderElection4] INFO  segmented.SegmentedRaftLogWorker (SegmentedRaftLogWorker.java:rollLogSegment(430)) - s1@group-3709D9E7CFD8-SegmentedRaftLogWorker: Rolling segment log-0_30 to index:30
2022-07-04 07:12:29,991 [grpc-default-executor-6] INFO  server.RaftServer$Division (RaftServerImpl.java:requestVote(1152)) - s2@group-3709D9E7CFD8: receive requestVote(ELECTION, s1, group-3709D9E7CFD8, 2, (t:1, i:30))
2022-07-04 07:12:29,991 [grpc-default-executor-6] INFO  impl.VoteContext (VoteContext.java:log(48)) - s2@group-3709D9E7CFD8-FOLLOWER: accept ELECTION from s1: our priority 0 <= candidate's priority 0
2022-07-04 07:12:29,992 [grpc-default-executor-6] INFO  server.RaftServer$Division (ServerState.java:setLeader(291)) - s2@group-3709D9E7CFD8: change Leader from s2 to null at term 2 for updateCurrentTerm
2022-07-04 07:12:29,992 [grpc-default-executor-6] INFO  server.RaftServer$Division (RaftServerImpl.java:setRole(299)) - s2@group-3709D9E7CFD8: changes role from  FOLLOWER to FOLLOWER at term 2 for candidate:s1
2022-07-04 07:12:29,993 [grpc-default-executor-6] INFO  impl.RoleInfo (RoleInfo.java:shutdownFollowerState(110)) - s2: shutdown s2@group-3709D9E7CFD8-FollowerState
2022-07-04 07:12:29,993 [s1@group-3709D9E7CFD8-SegmentedRaftLogWorker] TRACE util.FileUtils (LogUtils.java:runAndLog(49)) - Successfully ran Files.move /home/runner/work/ratis/ratis/ratis-test/target/test/data/c85744f8/MiniRaftClusterWithRpcTypeGrpcAndDataStreamTypeNetty13fea5ce/s1/85cab365-e59c-4f2e-ab8d-3709d9e7cfd8/current/log_inprogress_0 to /home/runner/work/ratis/ratis/ratis-test/target/test/data/c85744f8/MiniRaftClusterWithRpcTypeGrpcAndDataStreamTypeNetty13fea5ce/s1/85cab365-e59c-4f2e-ab8d-3709d9e7cfd8/current/log_0-30
2022-07-04 07:12:29,993 [s1@group-3709D9E7CFD8-SegmentedRaftLogWorker] INFO  segmented.SegmentedRaftLogWorker (SegmentedRaftLogWorker.java:execute(586)) - s1@group-3709D9E7CFD8-SegmentedRaftLogWorker: Rolled log segment from /home/runner/work/ratis/ratis/ratis-test/target/test/data/c85744f8/MiniRaftClusterWithRpcTypeGrpcAndDataStreamTypeNetty13fea5ce/s1/85cab365-e59c-4f2e-ab8d-3709d9e7cfd8/current/log_inprogress_0 to /home/runner/work/ratis/ratis/ratis-test/target/test/data/c85744f8/MiniRaftClusterWithRpcTypeGrpcAndDataStreamTypeNetty13fea5ce/s1/85cab365-e59c-4f2e-ab8d-3709d9e7cfd8/current/log_0-30
2022-07-04 07:12:30,019 [s1@group-3709D9E7CFD8-SegmentedRaftLogWorker] INFO  segmented.SegmentedRaftLogWorker (SegmentedRaftLogWorker.java:execute(629)) - s1@group-3709D9E7CFD8-SegmentedRaftLogWorker: created new log segment /home/runner/work/ratis/ratis/ratis-test/target/test/data/c85744f8/MiniRaftClusterWithRpcTypeGrpcAndDataStreamTypeNetty13fea5ce/s1/85cab365-e59c-4f2e-ab8d-3709d9e7cfd8/current/log_inprogress_31
2022-07-04 07:12:30,020 [s1@group-3709D9E7CFD8-LeaderElection4] INFO  server.RaftServer$Division (ServerState.java:setRaftConf(397)) - s1@group-3709D9E7CFD8: set configuration 31: [s0|rpc:localhost:36085|admin:localhost:45717|client:localhost:38313|dataStream:localhost:45759|priority:0, s1|rpc:localhost:33645|admin:localhost:44907|client:localhost:35641|dataStream:localhost:33417|priority:0, s2|rpc:localhost:34013|admin:localhost:33311|client:localhost:46431|dataStream:localhost:44537|priority:0], old=null
2022-07-04 07:12:30,021 [grpc-default-executor-6] INFO  impl.RoleInfo (RoleInfo.java:updateAndGet(139)) - s2: start s2@group-3709D9E7CFD8-FollowerState
2022-07-04 07:12:30,021 [s2@group-3709D9E7CFD8-FollowerState] INFO  impl.FollowerState (FollowerState.java:run(152)) - s2@group-3709D9E7CFD8-FollowerState was interrupted
2022-07-04 07:12:30,026 [grpc-default-executor-6] INFO  server.RaftServer$Division (RaftServerImpl.java:requestVote(1184)) - s2@group-3709D9E7CFD8 replies to ELECTION vote request: s1<-s2#0:OK-t2. Peer's state: s2@group-3709D9E7CFD8:t2, leader=null, voted=s1, raftlog=s2@group-3709D9E7CFD8-SegmentedRaftLog:OPENED:c30, conf=0: [s0|rpc:localhost:36085|admin:localhost:45717|client:localhost:38313|dataStream:localhost:45759|priority:0, s1|rpc:localhost:33645|admin:localhost:44907|client:localhost:35641|dataStream:localhost:33417|priority:0, s2|rpc:localhost:34013|admin:localhost:33311|client:localhost:46431|dataStream:localhost:44537|priority:0], old=null
2022-07-04 07:12:30,036 [s0-server-thread1] INFO  server.RaftServer$Division (ServerState.java:setLeader(291)) - s0@group-3709D9E7CFD8: change Leader from null to s1 at term 2 for appendEntries, leader elected after 233ms
2022-07-04 07:12:30,050 [s2-server-thread1] INFO  server.RaftServer$Division (ServerState.java:setLeader(291)) - s2@group-3709D9E7CFD8: change Leader from null to s1 at term 2 for appendEntries, leader elected after 57ms
2022-07-04 07:12:30,084 [s0-server-thread1] INFO  server.RaftServer$Division (ServerState.java:setRaftConf(397)) - s0@group-3709D9E7CFD8: set configuration 31: [s0|rpc:localhost:36085|admin:localhost:45717|client:localhost:38313|dataStream:localhost:45759|priority:0, s1|rpc:localhost:33645|admin:localhost:44907|client:localhost:35641|dataStream:localhost:33417|priority:0, s2|rpc:localhost:34013|admin:localhost:33311|client:localhost:46431|dataStream:localhost:44537|priority:0], old=null
2022-07-04 07:12:30,086 [s0-server-thread1] INFO  segmented.SegmentedRaftLogWorker (SegmentedRaftLogWorker.java:rollLogSegment(430)) - s0@group-3709D9E7CFD8-SegmentedRaftLogWorker: Rolling segment log-0_30 to index:30
2022-07-04 07:12:30,087 [s0@group-3709D9E7CFD8-SegmentedRaftLogWorker] TRACE util.FileUtils (LogUtils.java:runAndLog(49)) - Successfully ran Files.move /home/runner/work/ratis/ratis/ratis-test/target/test/data/c85744f8/MiniRaftClusterWithRpcTypeGrpcAndDataStreamTypeNetty13fea5ce/s0/85cab365-e59c-4f2e-ab8d-3709d9e7cfd8/current/log_inprogress_0 to /home/runner/work/ratis/ratis/ratis-test/target/test/data/c85744f8/MiniRaftClusterWithRpcTypeGrpcAndDataStreamTypeNetty13fea5ce/s0/85cab365-e59c-4f2e-ab8d-3709d9e7cfd8/current/log_0-30
2022-07-04 07:12:30,087 [s0@group-3709D9E7CFD8-SegmentedRaftLogWorker] INFO  segmented.SegmentedRaftLogWorker (SegmentedRaftLogWorker.java:execute(586)) - s0@group-3709D9E7CFD8-SegmentedRaftLogWorker: Rolled log segment from /home/runner/work/ratis/ratis/ratis-test/target/test/data/c85744f8/MiniRaftClusterWithRpcTypeGrpcAndDataStreamTypeNetty13fea5ce/s0/85cab365-e59c-4f2e-ab8d-3709d9e7cfd8/current/log_inprogress_0 to /home/runner/work/ratis/ratis/ratis-test/target/test/data/c85744f8/MiniRaftClusterWithRpcTypeGrpcAndDataStreamTypeNetty13fea5ce/s0/85cab365-e59c-4f2e-ab8d-3709d9e7cfd8/current/log_0-30
2022-07-04 07:12:30,088 [s2-server-thread1] INFO  server.RaftServer$Division (ServerState.java:setRaftConf(397)) - s2@group-3709D9E7CFD8: set configuration 31: [s0|rpc:localhost:36085|admin:localhost:45717|client:localhost:38313|dataStream:localhost:45759|priority:0, s1|rpc:localhost:33645|admin:localhost:44907|client:localhost:35641|dataStream:localhost:33417|priority:0, s2|rpc:localhost:34013|admin:localhost:33311|client:localhost:46431|dataStream:localhost:44537|priority:0], old=null
2022-07-04 07:12:30,088 [s2-server-thread1] INFO  segmented.SegmentedRaftLogWorker (SegmentedRaftLogWorker.java:rollLogSegment(430)) - s2@group-3709D9E7CFD8-SegmentedRaftLogWorker: Rolling segment log-0_30 to index:30
2022-07-04 07:12:30,089 [s2@group-3709D9E7CFD8-SegmentedRaftLogWorker] TRACE util.FileUtils (LogUtils.java:runAndLog(49)) - Successfully ran Files.move /home/runner/work/ratis/ratis/ratis-test/target/test/data/c85744f8/MiniRaftClusterWithRpcTypeGrpcAndDataStreamTypeNetty13fea5ce/s2/85cab365-e59c-4f2e-ab8d-3709d9e7cfd8/current/log_inprogress_0 to /home/runner/work/ratis/ratis/ratis-test/target/test/data/c85744f8/MiniRaftClusterWithRpcTypeGrpcAndDataStreamTypeNetty13fea5ce/s2/85cab365-e59c-4f2e-ab8d-3709d9e7cfd8/current/log_0-30
2022-07-04 07:12:30,089 [s2@group-3709D9E7CFD8-SegmentedRaftLogWorker] INFO  segmented.SegmentedRaftLogWorker (SegmentedRaftLogWorker.java:execute(586)) - s2@group-3709D9E7CFD8-SegmentedRaftLogWorker: Rolled log segment from /home/runner/work/ratis/ratis/ratis-test/target/test/data/c85744f8/MiniRaftClusterWithRpcTypeGrpcAndDataStreamTypeNetty13fea5ce/s2/85cab365-e59c-4f2e-ab8d-3709d9e7cfd8/current/log_inprogress_0 to /home/runner/work/ratis/ratis/ratis-test/target/test/data/c85744f8/MiniRaftClusterWithRpcTypeGrpcAndDataStreamTypeNetty13fea5ce/s2/85cab365-e59c-4f2e-ab8d-3709d9e7cfd8/current/log_0-30
2022-07-04 07:12:30,099 [s0@group-3709D9E7CFD8-SegmentedRaftLogWorker] INFO  segmented.SegmentedRaftLogWorker (SegmentedRaftLogWorker.java:execute(629)) - s0@group-3709D9E7CFD8-SegmentedRaftLogWorker: created new log segment /home/runner/work/ratis/ratis/ratis-test/target/test/data/c85744f8/MiniRaftClusterWithRpcTypeGrpcAndDataStreamTypeNetty13fea5ce/s0/85cab365-e59c-4f2e-ab8d-3709d9e7cfd8/current/log_inprogress_31
2022-07-04 07:12:30,121 [s2@group-3709D9E7CFD8-SegmentedRaftLogWorker] INFO  segmented.SegmentedRaftLogWorker (SegmentedRaftLogWorker.java:execute(629)) - s2@group-3709D9E7CFD8-SegmentedRaftLogWorker: created new log segment /home/runner/work/ratis/ratis/ratis-test/target/test/data/c85744f8/MiniRaftClusterWithRpcTypeGrpcAndDataStreamTypeNetty13fea5ce/s2/85cab365-e59c-4f2e-ab8d-3709d9e7cfd8/current/log_inprogress_31
2022-07-04 07:12:30,432 [pool-9-thread-14] INFO  datastream.DataStreamTestUtils (DataStreamTestUtils.java:writeAndCloseAndAssertReplies(320)) - Stream381: bytesWritten=3762698
2022-07-04 07:12:30,550 [s1-client-thread1] INFO  statemachine.StateMachine (DataStreamTestUtils.java:link(157)) - link SingleDataStream: writeRequest=RaftClientRequest:client-702E2A7437AD->s1@group-3709D9E7CFD8, cid=381, seq=0, DataStream, Message:<EMPTY>, logEntry=null
2022-07-04 07:12:30,556 [s0-server-thread1] INFO  statemachine.StateMachine (DataStreamTestUtils.java:link(157)) - link SingleDataStream: writeRequest=RaftClientRequest:client-702E2A7437AD->s1@group-3709D9E7CFD8, cid=381, seq=0, DataStream, Message:<EMPTY>, logEntry=null
2022-07-04 07:12:30,558 [s2-server-thread1] INFO  statemachine.StateMachine (DataStreamTestUtils.java:link(157)) - link SingleDataStream: writeRequest=RaftClientRequest:client-702E2A7437AD->s1@group-3709D9E7CFD8, cid=381, seq=0, DataStream, Message:<EMPTY>, logEntry=null
2022-07-04 07:12:30,563 [pool-9-thread-14] INFO  datastream.DataStreamTestUtils (DataStreamTestUtils.java:writeAndCloseAndAssertReplies(311)) - start Stream402
2022-07-04 07:12:35,078 [Timer-2] INFO  impl.MiniRaftCluster (MiniRaftCluster.java:lambda$null$6(325)) - TIMED-PRINT: printing ALL groups
  s0:  RUNNING  FOLLOWER s0@group-3709D9E7CFD8:t2, leader=s1, voted=s1, raftlog=s0@group-3709D9E7CFD8-SegmentedRaftLog:OPENED:c34, conf=31: [s0|rpc:localhost:36085|admin:localhost:45717|client:localhost:38313|dataStream:localhost:45759|priority:0, s1|rpc:localhost:33645|admin:localhost:44907|client:localhost:35641|dataStream:localhost:33417|priority:0, s2|rpc:localhost:34013|admin:localhost:33311|client:localhost:46431|dataStream:localhost:44537|priority:0], old=null RUNNING
  s1:  RUNNING    LEADER s1@group-3709D9E7CFD8:t2, leader=s1, voted=s1, raftlog=s1@group-3709D9E7CFD8-SegmentedRaftLog:OPENED:c34, conf=31: [s0|rpc:localhost:36085|admin:localhost:45717|client:localhost:38313|dataStream:localhost:45759|priority:0, s1|rpc:localhost:33645|admin:localhost:44907|client:localhost:35641|dataStream:localhost:33417|priority:0, s2|rpc:localhost:34013|admin:localhost:33311|client:localhost:46431|dataStream:localhost:44537|priority:0], old=null RUNNING
  s2:  RUNNING  FOLLOWER s2@group-3709D9E7CFD8:t2, leader=s1, voted=s1, raftlog=s2@group-3709D9E7CFD8-SegmentedRaftLog:OPENED:c34, conf=31: [s0|rpc:localhost:36085|admin:localhost:45717|client:localhost:38313|dataStream:localhost:45759|priority:0, s1|rpc:localhost:33645|admin:localhost:44907|client:localhost:35641|dataStream:localhost:33417|priority:0, s2|rpc:localhost:34013|admin:localhost:33311|client:localhost:46431|dataStream:localhost:44537|priority:0], old=null RUNNING
2022-07-04 07:12:37,343 [pool-9-thread-12] INFO  datastream.DataStreamTestUtils (DataStreamTestUtils.java:writeAndCloseAndAssertReplies(320)) - Stream397: bytesWritten=3737544
2022-07-04 07:12:37,376 [pool-9-thread-11] INFO  datastream.DataStreamTestUtils (DataStreamTestUtils.java:writeAndCloseAndAssertReplies(320)) - Stream399: bytesWritten=3759589
2022-07-04 07:12:37,393 [s1-client-thread1] INFO  statemachine.StateMachine (DataStreamTestUtils.java:link(157)) - link SingleDataStream: writeRequest=RaftClientRequest:client-B32BB0E25F9A->s2@group-3709D9E7CFD8, cid=397, seq=0, DataStream, Message:<EMPTY>, logEntry=null
2022-07-04 07:12:37,395 [s2-server-thread1] INFO  statemachine.StateMachine (DataStreamTestUtils.java:link(157)) - link SingleDataStream: writeRequest=RaftClientRequest:client-B32BB0E25F9A->s2@group-3709D9E7CFD8, cid=397, seq=0, DataStream, Message:<EMPTY>, logEntry=null
2022-07-04 07:12:37,398 [s1-client-thread1] INFO  statemachine.StateMachine (DataStreamTestUtils.java:link(157)) - link SingleDataStream: writeRequest=RaftClientRequest:client-B32BB0E25F9A->s2@group-3709D9E7CFD8, cid=399, seq=0, DataStream, Message:<EMPTY>, logEntry=null
2022-07-04 07:12:37,401 [s0-server-thread1] INFO  statemachine.StateMachine (DataStreamTestUtils.java:link(157)) - link SingleDataStream: writeRequest=RaftClientRequest:client-B32BB0E25F9A->s2@group-3709D9E7CFD8, cid=397, seq=0, DataStream, Message:<EMPTY>, logEntry=null
2022-07-04 07:12:37,401 [s0-server-thread1] INFO  statemachine.StateMachine (DataStreamTestUtils.java:link(157)) - link SingleDataStream: writeRequest=RaftClientRequest:client-B32BB0E25F9A->s2@group-3709D9E7CFD8, cid=399, seq=0, DataStream, Message:<EMPTY>, logEntry=null
2022-07-04 07:12:37,401 [s2-server-thread1] INFO  statemachine.StateMachine (DataStreamTestUtils.java:link(157)) - link SingleDataStream: writeRequest=RaftClientRequest:client-B32BB0E25F9A->s2@group-3709D9E7CFD8, cid=399, seq=0, DataStream, Message:<EMPTY>, logEntry=null
2022-07-04 07:12:37,404 [pool-9-thread-12] INFO  datastream.DataStreamTestUtils (DataStreamTestUtils.java:writeAndCloseAndAssertReplies(311)) - start Stream403
2022-07-04 07:12:37,410 [pool-9-thread-11] INFO  datastream.DataStreamTestUtils (DataStreamTestUtils.java:writeAndCloseAndAssertReplies(311)) - start Stream404
2022-07-04 07:12:37,441 [pool-9-thread-16] INFO  datastream.DataStreamTestUtils (DataStreamTestUtils.java:writeAndCloseAndAssertReplies(320)) - Stream396: bytesWritten=3745762
2022-07-04 07:12:37,447 [s1-client-thread1] INFO  statemachine.StateMachine (DataStreamTestUtils.java:link(157)) - link SingleDataStream: writeRequest=RaftClientRequest:client-B32BB0E25F9A->s2@group-3709D9E7CFD8, cid=396, seq=0, DataStream, Message:<EMPTY>, logEntry=null
2022-07-04 07:12:37,448 [s0-server-thread1] INFO  statemachine.StateMachine (DataStreamTestUtils.java:link(157)) - link SingleDataStream: writeRequest=RaftClientRequest:client-B32BB0E25F9A->s2@group-3709D9E7CFD8, cid=396, seq=0, DataStream, Message:<EMPTY>, logEntry=null
2022-07-04 07:12:37,448 [s2-server-thread1] INFO  statemachine.StateMachine (DataStreamTestUtils.java:link(157)) - link SingleDataStream: writeRequest=RaftClientRequest:client-B32BB0E25F9A->s2@group-3709D9E7CFD8, cid=396, seq=0, DataStream, Message:<EMPTY>, logEntry=null
2022-07-04 07:12:37,452 [pool-9-thread-16] INFO  datastream.DataStreamTestUtils (DataStreamTestUtils.java:writeAndCloseAndAssertReplies(311)) - start Stream394
2022-07-04 07:12:37,548 [pool-9-thread-16] INFO  datastream.DataStreamTestUtils (DataStreamTestUtils.java:writeAndCloseAndAssertReplies(320)) - Stream394: bytesWritten=7567545
2022-07-04 07:12:37,599 [s1-client-thread1] INFO  statemachine.StateMachine (DataStreamTestUtils.java:link(157)) - link SingleDataStream: writeRequest=RaftClientRequest:client-6AAE0A1F4FE9->s2@group-3709D9E7CFD8, cid=394, seq=0, DataStream, Message:<EMPTY>, logEntry=null
2022-07-04 07:12:37,599 [s0-server-thread1] INFO  statemachine.StateMachine (DataStreamTestUtils.java:link(157)) - link SingleDataStream: writeRequest=RaftClientRequest:client-6AAE0A1F4FE9->s2@group-3709D9E7CFD8, cid=394, seq=0, DataStream, Message:<EMPTY>, logEntry=null
2022-07-04 07:12:37,600 [s2-server-thread1] INFO  statemachine.StateMachine (DataStreamTestUtils.java:link(157)) - link SingleDataStream: writeRequest=RaftClientRequest:client-6AAE0A1F4FE9->s2@group-3709D9E7CFD8, cid=394, seq=0, DataStream, Message:<EMPTY>, logEntry=null
2022-07-04 07:12:37,615 [pool-9-thread-16] INFO  datastream.DataStreamTestUtils (DataStreamTestUtils.java:writeAndCloseAndAssertReplies(311)) - start Stream406
2022-07-04 07:12:37,688 [pool-9-thread-15] INFO  datastream.DataStreamTestUtils (DataStreamTestUtils.java:writeAndCloseAndAssertReplies(320)) - Stream395: bytesWritten=3746272
2022-07-04 07:12:37,692 [s1-client-thread1] INFO  statemachine.StateMachine (DataStreamTestUtils.java:link(157)) - link SingleDataStream: writeRequest=RaftClientRequest:client-B32BB0E25F9A->s2@group-3709D9E7CFD8, cid=395, seq=0, DataStream, Message:<EMPTY>, logEntry=null
2022-07-04 07:12:37,693 [s2-server-thread1] INFO  statemachine.StateMachine (DataStreamTestUtils.java:link(157)) - link SingleDataStream: writeRequest=RaftClientRequest:client-B32BB0E25F9A->s2@group-3709D9E7CFD8, cid=395, seq=0, DataStream, Message:<EMPTY>, logEntry=null
2022-07-04 07:12:37,693 [s0-server-thread1] INFO  statemachine.StateMachine (DataStreamTestUtils.java:link(157)) - link SingleDataStream: writeRequest=RaftClientRequest:client-B32BB0E25F9A->s2@group-3709D9E7CFD8, cid=395, seq=0, DataStream, Message:<EMPTY>, logEntry=null
2022-07-04 07:12:37,731 [pool-9-thread-15] INFO  datastream.DataStreamTestUtils (DataStreamTestUtils.java:writeAndCloseAndAssertReplies(311)) - start Stream407
2022-07-04 07:12:37,852 [pool-9-thread-13] INFO  datastream.DataStreamTestUtils (DataStreamTestUtils.java:writeAndCloseAndAssertReplies(320)) - Stream400: bytesWritten=3744257
2022-07-04 07:12:37,858 [s1-client-thread1] INFO  statemachine.StateMachine (DataStreamTestUtils.java:link(157)) - link SingleDataStream: writeRequest=RaftClientRequest:client-B32BB0E25F9A->s2@group-3709D9E7CFD8, cid=400, seq=0, DataStream, Message:<EMPTY>, logEntry=null
2022-07-04 07:12:37,860 [s0-server-thread1] INFO  statemachine.StateMachine (DataStreamTestUtils.java:link(157)) - link SingleDataStream: writeRequest=RaftClientRequest:client-B32BB0E25F9A->s2@group-3709D9E7CFD8, cid=400, seq=0, DataStream, Message:<EMPTY>, logEntry=null
2022-07-04 07:12:37,884 [pool-9-thread-10] INFO  datastream.DataStreamTestUtils (DataStreamTestUtils.java:writeAndCloseAndAssertReplies(320)) - Stream398: bytesWritten=3769425
2022-07-04 07:12:37,887 [s1-client-thread1] INFO  statemachine.StateMachine (DataStreamTestUtils.java:link(157)) - link SingleDataStream: writeRequest=RaftClientRequest:client-B32BB0E25F9A->s2@group-3709D9E7CFD8, cid=398, seq=0, DataStream, Message:<EMPTY>, logEntry=null
2022-07-04 07:12:37,888 [s0-server-thread1] INFO  statemachine.StateMachine (DataStreamTestUtils.java:link(157)) - link SingleDataStream: writeRequest=RaftClientRequest:client-B32BB0E25F9A->s2@group-3709D9E7CFD8, cid=398, seq=0, DataStream, Message:<EMPTY>, logEntry=null
2022-07-04 07:12:37,889 [s2-server-thread1] INFO  statemachine.StateMachine (DataStreamTestUtils.java:link(157)) - link SingleDataStream: writeRequest=RaftClientRequest:client-B32BB0E25F9A->s2@group-3709D9E7CFD8, cid=400, seq=0, DataStream, Message:<EMPTY>, logEntry=null
2022-07-04 07:12:37,890 [s2-server-thread1] INFO  statemachine.StateMachine (DataStreamTestUtils.java:link(157)) - link SingleDataStream: writeRequest=RaftClientRequest:client-B32BB0E25F9A->s2@group-3709D9E7CFD8, cid=398, seq=0, DataStream, Message:<EMPTY>, logEntry=null
2022-07-04 07:12:37,906 [pool-9-thread-13] INFO  datastream.DataStreamTestUtils (DataStreamTestUtils.java:writeAndCloseAndAssertReplies(311)) - start Stream408
2022-07-04 07:12:37,916 [pool-9-thread-16] INFO  datastream.DataStreamTestUtils (DataStreamTestUtils.java:writeAndCloseAndAssertReplies(320)) - Stream406: bytesWritten=8041833
2022-07-04 07:12:37,931 [s1-client-thread1] INFO  statemachine.StateMachine (DataStreamTestUtils.java:link(157)) - link SingleDataStream: writeRequest=RaftClientRequest:client-6AAE0A1F4FE9->s2@group-3709D9E7CFD8, cid=406, seq=0, DataStream, Message:<EMPTY>, logEntry=null
2022-07-04 07:12:37,932 [s2-server-thread1] INFO  statemachine.StateMachine (DataStreamTestUtils.java:link(157)) - link SingleDataStream: writeRequest=RaftClientRequest:client-6AAE0A1F4FE9->s2@group-3709D9E7CFD8, cid=406, seq=0, DataStream, Message:<EMPTY>, logEntry=null
2022-07-04 07:12:37,956 [pool-9-thread-10] INFO  datastream.DataStreamTestUtils (DataStreamTestUtils.java:writeAndCloseAndAssertReplies(311)) - start Stream409
2022-07-04 07:12:38,066 [pool-9-thread-15] INFO  datastream.DataStreamTestUtils (DataStreamTestUtils.java:writeAndCloseAndAssertReplies(320)) - Stream407: bytesWritten=7577313
2022-07-04 07:12:38,066 [s0-server-thread1] INFO  statemachine.StateMachine (DataStreamTestUtils.java:link(157)) - link SingleDataStream: writeRequest=RaftClientRequest:client-6AAE0A1F4FE9->s2@group-3709D9E7CFD8, cid=406, seq=0, DataStream, Message:<EMPTY>, logEntry=null
2022-07-04 07:12:38,092 [s1-client-thread1] INFO  statemachine.StateMachine (DataStreamTestUtils.java:link(157)) - link SingleDataStream: writeRequest=RaftClientRequest:client-6AAE0A1F4FE9->s2@group-3709D9E7CFD8, cid=407, seq=0, DataStream, Message:<EMPTY>, logEntry=null
2022-07-04 07:12:38,095 [s0-server-thread1] INFO  statemachine.StateMachine (DataStreamTestUtils.java:link(157)) - link SingleDataStream: writeRequest=RaftClientRequest:client-6AAE0A1F4FE9->s2@group-3709D9E7CFD8, cid=407, seq=0, DataStream, Message:<EMPTY>, logEntry=null
2022-07-04 07:12:38,108 [s2-server-thread1] INFO  statemachine.StateMachine (DataStreamTestUtils.java:link(157)) - link SingleDataStream: writeRequest=RaftClientRequest:client-6AAE0A1F4FE9->s2@group-3709D9E7CFD8, cid=407, seq=0, DataStream, Message:<EMPTY>, logEntry=null
2022-07-04 07:12:38,125 [pool-9-thread-7] INFO  datastream.DataStreamTestUtils (DataStreamTestUtils.java:writeAndCloseAndAssertReplies(320)) - Stream401: bytesWritten=3744491
2022-07-04 07:12:38,128 [s1-client-thread1] INFO  statemachine.StateMachine (DataStreamTestUtils.java:link(157)) - link SingleDataStream: writeRequest=RaftClientRequest:client-B32BB0E25F9A->s2@group-3709D9E7CFD8, cid=401, seq=0, DataStream, Message:<EMPTY>, logEntry=null
2022-07-04 07:12:38,128 [s2-server-thread1] INFO  statemachine.StateMachine (DataStreamTestUtils.java:link(157)) - link SingleDataStream: writeRequest=RaftClientRequest:client-B32BB0E25F9A->s2@group-3709D9E7CFD8, cid=401, seq=0, DataStream, Message:<EMPTY>, logEntry=null
2022-07-04 07:12:38,130 [s0-server-thread1] INFO  statemachine.StateMachine (DataStreamTestUtils.java:link(157)) - link SingleDataStream: writeRequest=RaftClientRequest:client-B32BB0E25F9A->s2@group-3709D9E7CFD8, cid=401, seq=0, DataStream, Message:<EMPTY>, logEntry=null
2022-07-04 07:12:38,149 [pool-9-thread-16] INFO  datastream.DataStreamTestUtils (DataStreamTestUtils.java:writeAndCloseAndAssertReplies(311)) - start Stream410
2022-07-04 07:12:38,158 [pool-9-thread-10] INFO  datastream.DataStreamTestUtils (DataStreamTestUtils.java:writeAndCloseAndAssertReplies(320)) - Stream409: bytesWritten=8253359
2022-07-04 07:12:38,163 [pool-9-thread-13] INFO  datastream.DataStreamTestUtils (DataStreamTestUtils.java:writeAndCloseAndAssertReplies(320)) - Stream408: bytesWritten=7053759
2022-07-04 07:12:38,176 [s1-client-thread1] INFO  statemachine.StateMachine (DataStreamTestUtils.java:link(157)) - link SingleDataStream: writeRequest=RaftClientRequest:client-6AAE0A1F4FE9->s2@group-3709D9E7CFD8, cid=408, seq=0, DataStream, Message:<EMPTY>, logEntry=null
2022-07-04 07:12:38,177 [s2-server-thread1] INFO  statemachine.StateMachine (DataStreamTestUtils.java:link(157)) - link SingleDataStream: writeRequest=RaftClientRequest:client-6AAE0A1F4FE9->s2@group-3709D9E7CFD8, cid=408, seq=0, DataStream, Message:<EMPTY>, logEntry=null
2022-07-04 07:12:38,179 [s1-client-thread1] INFO  statemachine.StateMachine (DataStreamTestUtils.java:link(157)) - link SingleDataStream: writeRequest=RaftClientRequest:client-6AAE0A1F4FE9->s2@group-3709D9E7CFD8, cid=409, seq=0, DataStream, Message:<EMPTY>, logEntry=null
2022-07-04 07:12:38,179 [s2-server-thread1] INFO  statemachine.StateMachine (DataStreamTestUtils.java:link(157)) - link SingleDataStream: writeRequest=RaftClientRequest:client-6AAE0A1F4FE9->s2@group-3709D9E7CFD8, cid=409, seq=0, DataStream, Message:<EMPTY>, logEntry=null
2022-07-04 07:12:38,246 [s0-server-thread1] INFO  statemachine.StateMachine (DataStreamTestUtils.java:link(157)) - link SingleDataStream: writeRequest=RaftClientRequest:client-6AAE0A1F4FE9->s2@group-3709D9E7CFD8, cid=408, seq=0, DataStream, Message:<EMPTY>, logEntry=null
2022-07-04 07:12:38,247 [s0-server-thread1] INFO  statemachine.StateMachine (DataStreamTestUtils.java:link(157)) - link SingleDataStream: writeRequest=RaftClientRequest:client-6AAE0A1F4FE9->s2@group-3709D9E7CFD8, cid=409, seq=0, DataStream, Message:<EMPTY>, logEntry=null
2022-07-04 07:12:38,250 [pool-9-thread-16] INFO  datastream.DataStreamTestUtils (DataStreamTestUtils.java:writeAndCloseAndAssertReplies(320)) - Stream410: bytesWritten=7890946
2022-07-04 07:12:38,251 [pool-9-thread-15] INFO  datastream.DataStreamTestUtils (DataStreamTestUtils.java:writeAndCloseAndAssertReplies(311)) - start Stream411
2022-07-04 07:12:38,260 [pool-9-thread-7] INFO  datastream.DataStreamTestUtils (DataStreamTestUtils.java:writeAndCloseAndAssertReplies(311)) - start Stream412
2022-07-04 07:12:38,269 [s1-client-thread1] INFO  statemachine.StateMachine (DataStreamTestUtils.java:link(157)) - link SingleDataStream: writeRequest=RaftClientRequest:client-6AAE0A1F4FE9->s2@group-3709D9E7CFD8, cid=410, seq=0, DataStream, Message:<EMPTY>, logEntry=null
2022-07-04 07:12:38,367 [pool-9-thread-15] INFO  datastream.DataStreamTestUtils (DataStreamTestUtils.java:writeAndCloseAndAssertReplies(320)) - Stream411: bytesWritten=7659500
2022-07-04 07:12:38,374 [s1-client-thread1] INFO  statemachine.StateMachine (DataStreamTestUtils.java:link(157)) - link SingleDataStream: writeRequest=RaftClientRequest:client-6AAE0A1F4FE9->s2@group-3709D9E7CFD8, cid=411, seq=0, DataStream, Message:<EMPTY>, logEntry=null
2022-07-04 07:12:38,382 [pool-9-thread-13] INFO  datastream.DataStreamTestUtils (DataStreamTestUtils.java:writeAndCloseAndAssertReplies(311)) - start Stream413
2022-07-04 07:12:38,412 [pool-9-thread-10] INFO  datastream.DataStreamTestUtils (DataStreamTestUtils.java:writeAndCloseAndAssertReplies(311)) - start Stream414
2022-07-04 07:12:38,432 [pool-9-thread-7] INFO  datastream.DataStreamTestUtils (DataStreamTestUtils.java:writeAndCloseAndAssertReplies(320)) - Stream412: bytesWritten=8133080
2022-07-04 07:12:38,452 [s2-server-thread1] INFO  statemachine.StateMachine (DataStreamTestUtils.java:link(157)) - link SingleDataStream: writeRequest=RaftClientRequest:client-6AAE0A1F4FE9->s2@group-3709D9E7CFD8, cid=410, seq=0, DataStream, Message:<EMPTY>, logEntry=null
2022-07-04 07:12:38,455 [s1-client-thread1] INFO  statemachine.StateMachine (DataStreamTestUtils.java:link(157)) - link SingleDataStream: writeRequest=RaftClientRequest:client-6AAE0A1F4FE9->s2@group-3709D9E7CFD8, cid=412, seq=0, DataStream, Message:<EMPTY>, logEntry=null
2022-07-04 07:12:38,479 [s0-server-thread1] INFO  statemachine.StateMachine (DataStreamTestUtils.java:link(157)) - link SingleDataStream: writeRequest=RaftClientRequest:client-6AAE0A1F4FE9->s2@group-3709D9E7CFD8, cid=410, seq=0, DataStream, Message:<EMPTY>, logEntry=null
2022-07-04 07:12:38,506 [s0-server-thread1] INFO  statemachine.StateMachine (DataStreamTestUtils.java:link(157)) - link SingleDataStream: writeRequest=RaftClientRequest:client-6AAE0A1F4FE9->s2@group-3709D9E7CFD8, cid=411, seq=0, DataStream, Message:<EMPTY>, logEntry=null
2022-07-04 07:12:38,522 [pool-9-thread-13] INFO  datastream.DataStreamTestUtils (DataStreamTestUtils.java:writeAndCloseAndAssertReplies(320)) - Stream413: bytesWritten=7877005
2022-07-04 07:12:38,525 [s1-client-thread1] INFO  statemachine.StateMachine (DataStreamTestUtils.java:link(157)) - link SingleDataStream: writeRequest=RaftClientRequest:client-6AAE0A1F4FE9->s2@group-3709D9E7CFD8, cid=413, seq=0, DataStream, Message:<EMPTY>, logEntry=null
2022-07-04 07:12:38,530 [pool-9-thread-10] INFO  datastream.DataStreamTestUtils (DataStreamTestUtils.java:writeAndCloseAndAssertReplies(320)) - Stream414: bytesWritten=6973204
2022-07-04 07:12:38,532 [s1-client-thread1] INFO  statemachine.StateMachine (DataStreamTestUtils.java:link(157)) - link SingleDataStream: writeRequest=RaftClientRequest:client-6AAE0A1F4FE9->s2@group-3709D9E7CFD8, cid=414, seq=0, DataStream, Message:<EMPTY>, logEntry=null
2022-07-04 07:12:38,536 [s2-server-thread1] INFO  statemachine.StateMachine (DataStreamTestUtils.java:link(157)) - link SingleDataStream: writeRequest=RaftClientRequest:client-6AAE0A1F4FE9->s2@group-3709D9E7CFD8, cid=411, seq=0, DataStream, Message:<EMPTY>, logEntry=null
2022-07-04 07:12:38,536 [s0-server-thread1] INFO  statemachine.StateMachine (DataStreamTestUtils.java:link(157)) - link SingleDataStream: writeRequest=RaftClientRequest:client-6AAE0A1F4FE9->s2@group-3709D9E7CFD8, cid=412, seq=0, DataStream, Message:<EMPTY>, logEntry=null
2022-07-04 07:12:38,539 [s2-server-thread1] INFO  statemachine.StateMachine (DataStreamTestUtils.java:link(157)) - link SingleDataStream: writeRequest=RaftClientRequest:client-6AAE0A1F4FE9->s2@group-3709D9E7CFD8, cid=412, seq=0, DataStream, Message:<EMPTY>, logEntry=null
2022-07-04 07:12:38,540 [s2-server-thread1] INFO  statemachine.StateMachine (DataStreamTestUtils.java:link(157)) - link SingleDataStream: writeRequest=RaftClientRequest:client-6AAE0A1F4FE9->s2@group-3709D9E7CFD8, cid=413, seq=0, DataStream, Message:<EMPTY>, logEntry=null
2022-07-04 07:12:38,542 [s2-server-thread1] INFO  statemachine.StateMachine (DataStreamTestUtils.java:link(157)) - link SingleDataStream: writeRequest=RaftClientRequest:client-6AAE0A1F4FE9->s2@group-3709D9E7CFD8, cid=414, seq=0, DataStream, Message:<EMPTY>, logEntry=null
2022-07-04 07:12:38,551 [s0-server-thread1] INFO  statemachine.StateMachine (DataStreamTestUtils.java:link(157)) - link SingleDataStream: writeRequest=RaftClientRequest:client-6AAE0A1F4FE9->s2@group-3709D9E7CFD8, cid=413, seq=0, DataStream, Message:<EMPTY>, logEntry=null
2022-07-04 07:12:38,553 [s0-server-thread1] INFO  statemachine.StateMachine (DataStreamTestUtils.java:link(157)) - link SingleDataStream: writeRequest=RaftClientRequest:client-6AAE0A1F4FE9->s2@group-3709D9E7CFD8, cid=414, seq=0, DataStream, Message:<EMPTY>, logEntry=null
2022-07-04 07:12:38,554 [pool-9-thread-16] INFO  datastream.DataStreamTestUtils (DataStreamTestUtils.java:writeAndCloseAndAssertReplies(311)) - start Stream415
2022-07-04 07:12:38,554 [pool-9-thread-15] INFO  datastream.DataStreamTestUtils (DataStreamTestUtils.java:writeAndCloseAndAssertReplies(311)) - start Stream416
2022-07-04 07:12:38,558 [pool-9-thread-7] INFO  datastream.DataStreamTestUtils (DataStreamTestUtils.java:writeAndCloseAndAssertReplies(311)) - start Stream417
2022-07-04 07:12:38,610 [pool-9-thread-13] INFO  datastream.DataStreamTestUtils (DataStreamTestUtils.java:writeAndCloseAndAssertReplies(311)) - start Stream418
2022-07-04 07:12:38,617 [pool-9-thread-10] INFO  datastream.DataStreamTestUtils (DataStreamTestUtils.java:writeAndCloseAndAssertReplies(311)) - start Stream419
2022-07-04 07:12:38,721 [pool-9-thread-4] INFO  datastream.DataStreamTestUtils (DataStreamTestUtils.java:writeAndCloseAndAssertReplies(311)) - start Stream420
2022-07-04 07:12:38,850 [pool-9-thread-15] INFO  datastream.DataStreamTestUtils (DataStreamTestUtils.java:writeAndCloseAndAssertReplies(320)) - Stream416: bytesWritten=7311100
2022-07-04 07:12:38,850 [pool-9-thread-7] INFO  datastream.DataStreamTestUtils (DataStreamTestUtils.java:writeAndCloseAndAssertReplies(320)) - Stream417: bytesWritten=7900298
2022-07-04 07:12:38,884 [pool-9-thread-16] INFO  datastream.DataStreamTestUtils (DataStreamTestUtils.java:writeAndCloseAndAssertReplies(320)) - Stream415: bytesWritten=8160356
2022-07-04 07:12:38,900 [pool-9-thread-10] INFO  datastream.DataStreamTestUtils (DataStreamTestUtils.java:writeAndCloseAndAssertReplies(320)) - Stream419: bytesWritten=7475157
2022-07-04 07:12:38,923 [pool-9-thread-13] INFO  datastream.DataStreamTestUtils (DataStreamTestUtils.java:writeAndCloseAndAssertReplies(320)) - Stream418: bytesWritten=6926070
2022-07-04 07:12:39,033 [pool-9-thread-4] INFO  datastream.DataStreamTestUtils (DataStreamTestUtils.java:writeAndCloseAndAssertReplies(320)) - Stream420: bytesWritten=7238871
2022-07-04 07:12:39,043 [s1-client-thread1] INFO  statemachine.StateMachine (DataStreamTestUtils.java:link(157)) - link SingleDataStream: writeRequest=RaftClientRequest:client-92677F6E1533->s1@group-3709D9E7CFD8, cid=417, seq=0, DataStream, Message:<EMPTY>, logEntry=null
2022-07-04 07:12:39,047 [s2-server-thread1] INFO  statemachine.StateMachine (DataStreamTestUtils.java:link(157)) - link SingleDataStream: writeRequest=RaftClientRequest:client-92677F6E1533->s1@group-3709D9E7CFD8, cid=417, seq=0, DataStream, Message:<EMPTY>, logEntry=null
2022-07-04 07:12:39,047 [s0-server-thread1] INFO  statemachine.StateMachine (DataStreamTestUtils.java:link(157)) - link SingleDataStream: writeRequest=RaftClientRequest:client-92677F6E1533->s1@group-3709D9E7CFD8, cid=417, seq=0, DataStream, Message:<EMPTY>, logEntry=null
2022-07-04 07:12:39,071 [pool-9-thread-7] INFO  datastream.DataStreamTestUtils (DataStreamTestUtils.java:writeAndCloseAndAssertReplies(311)) - start Stream421
2022-07-04 07:12:39,073 [s1-client-thread1] INFO  statemachine.StateMachine (DataStreamTestUtils.java:link(157)) - link SingleDataStream: writeRequest=RaftClientRequest:client-92677F6E1533->s1@group-3709D9E7CFD8, cid=416, seq=0, DataStream, Message:<EMPTY>, logEntry=null
2022-07-04 07:12:39,074 [s1-client-thread1] INFO  statemachine.StateMachine (DataStreamTestUtils.java:link(157)) - link SingleDataStream: writeRequest=RaftClientRequest:client-92677F6E1533->s1@group-3709D9E7CFD8, cid=415, seq=0, DataStream, Message:<EMPTY>, logEntry=null
2022-07-04 07:12:39,075 [s1-client-thread1] INFO  statemachine.StateMachine (DataStreamTestUtils.java:link(157)) - link SingleDataStream: writeRequest=RaftClientRequest:client-92677F6E1533->s1@group-3709D9E7CFD8, cid=419, seq=0, DataStream, Message:<EMPTY>, logEntry=null
2022-07-04 07:12:39,075 [s1-client-thread1] INFO  statemachine.StateMachine (DataStreamTestUtils.java:link(157)) - link SingleDataStream: writeRequest=RaftClientRequest:client-92677F6E1533->s1@group-3709D9E7CFD8, cid=418, seq=0, DataStream, Message:<EMPTY>, logEntry=null
2022-07-04 07:12:39,076 [s1-client-thread1] INFO  statemachine.StateMachine (DataStreamTestUtils.java:link(157)) - link SingleDataStream: writeRequest=RaftClientRequest:client-92677F6E1533->s1@group-3709D9E7CFD8, cid=420, seq=0, DataStream, Message:<EMPTY>, logEntry=null
2022-07-04 07:12:39,077 [s2-server-thread1] INFO  statemachine.StateMachine (DataStreamTestUtils.java:link(157)) - link SingleDataStream: writeRequest=RaftClientRequest:client-92677F6E1533->s1@group-3709D9E7CFD8, cid=416, seq=0, DataStream, Message:<EMPTY>, logEntry=null
2022-07-04 07:12:39,081 [s2-server-thread1] INFO  statemachine.StateMachine (DataStreamTestUtils.java:link(157)) - link SingleDataStream: writeRequest=RaftClientRequest:client-92677F6E1533->s1@group-3709D9E7CFD8, cid=415, seq=0, DataStream, Message:<EMPTY>, logEntry=null
2022-07-04 07:12:39,082 [s0-server-thread1] INFO  statemachine.StateMachine (DataStreamTestUtils.java:link(157)) - link SingleDataStream: writeRequest=RaftClientRequest:client-92677F6E1533->s1@group-3709D9E7CFD8, cid=416, seq=0, DataStream, Message:<EMPTY>, logEntry=null
2022-07-04 07:12:39,082 [s2-server-thread1] INFO  statemachine.StateMachine (DataStreamTestUtils.java:link(157)) - link SingleDataStream: writeRequest=RaftClientRequest:client-92677F6E1533->s1@group-3709D9E7CFD8, cid=419, seq=0, DataStream, Message:<EMPTY>, logEntry=null
2022-07-04 07:12:39,082 [s0-server-thread1] INFO  statemachine.StateMachine (DataStreamTestUtils.java:link(157)) - link SingleDataStream: writeRequest=RaftClientRequest:client-92677F6E1533->s1@group-3709D9E7CFD8, cid=415, seq=0, DataStream, Message:<EMPTY>, logEntry=null
2022-07-04 07:12:39,082 [s0-server-thread1] INFO  statemachine.StateMachine (DataStreamTestUtils.java:link(157)) - link SingleDataStream: writeRequest=RaftClientRequest:client-92677F6E1533->s1@group-3709D9E7CFD8, cid=419, seq=0, DataStream, Message:<EMPTY>, logEntry=null
2022-07-04 07:12:39,082 [s0-server-thread1] INFO  statemachine.StateMachine (DataStreamTestUtils.java:link(157)) - link SingleDataStream: writeRequest=RaftClientRequest:client-92677F6E1533->s1@group-3709D9E7CFD8, cid=418, seq=0, DataStream, Message:<EMPTY>, logEntry=null
2022-07-04 07:12:39,082 [s0-server-thread1] INFO  statemachine.StateMachine (DataStreamTestUtils.java:link(157)) - link SingleDataStream: writeRequest=RaftClientRequest:client-92677F6E1533->s1@group-3709D9E7CFD8, cid=420, seq=0, DataStream, Message:<EMPTY>, logEntry=null
2022-07-04 07:12:39,082 [s2-server-thread1] INFO  statemachine.StateMachine (DataStreamTestUtils.java:link(157)) - link SingleDataStream: writeRequest=RaftClientRequest:client-92677F6E1533->s1@group-3709D9E7CFD8, cid=418, seq=0, DataStream, Message:<EMPTY>, logEntry=null
2022-07-04 07:12:39,083 [s2-server-thread1] INFO  statemachine.StateMachine (DataStreamTestUtils.java:link(157)) - link SingleDataStream: writeRequest=RaftClientRequest:client-92677F6E1533->s1@group-3709D9E7CFD8, cid=420, seq=0, DataStream, Message:<EMPTY>, logEntry=null
2022-07-04 07:12:39,113 [pool-9-thread-15] INFO  datastream.DataStreamTestUtils (DataStreamTestUtils.java:writeAndCloseAndAssertReplies(311)) - start Stream422
2022-07-04 07:12:39,124 [pool-9-thread-16] INFO  datastream.DataStreamTestUtils (DataStreamTestUtils.java:writeAndCloseAndAssertReplies(311)) - start Stream423
2022-07-04 07:12:39,129 [pool-9-thread-10] INFO  datastream.DataStreamTestUtils (DataStreamTestUtils.java:writeAndCloseAndAssertReplies(311)) - start Stream424
2022-07-04 07:12:39,129 [pool-9-thread-4] INFO  datastream.DataStreamTestUtils (DataStreamTestUtils.java:writeAndCloseAndAssertReplies(311)) - start Stream425
2022-07-04 07:12:39,131 [pool-9-thread-13] INFO  datastream.DataStreamTestUtils (DataStreamTestUtils.java:writeAndCloseAndAssertReplies(311)) - start Stream426
2022-07-04 07:12:39,396 [pool-9-thread-7] INFO  datastream.DataStreamTestUtils (DataStreamTestUtils.java:writeAndCloseAndAssertReplies(320)) - Stream421: bytesWritten=7012569
2022-07-04 07:12:39,399 [s1-client-thread1] INFO  statemachine.StateMachine (DataStreamTestUtils.java:link(157)) - link SingleDataStream: writeRequest=RaftClientRequest:client-92677F6E1533->s1@group-3709D9E7CFD8, cid=421, seq=0, DataStream, Message:<EMPTY>, logEntry=null
2022-07-04 07:12:39,404 [pool-9-thread-15] INFO  datastream.DataStreamTestUtils (DataStreamTestUtils.java:writeAndCloseAndAssertReplies(320)) - Stream422: bytesWritten=7867070
2022-07-04 07:12:39,405 [pool-9-thread-4] INFO  datastream.DataStreamTestUtils (DataStreamTestUtils.java:writeAndCloseAndAssertReplies(320)) - Stream425: bytesWritten=7523354
2022-07-04 07:12:39,407 [s1-client-thread1] INFO  statemachine.StateMachine (DataStreamTestUtils.java:link(157)) - link SingleDataStream: writeRequest=RaftClientRequest:client-92677F6E1533->s1@group-3709D9E7CFD8, cid=422, seq=0, DataStream, Message:<EMPTY>, logEntry=null
2022-07-04 07:12:39,471 [pool-9-thread-10] INFO  datastream.DataStreamTestUtils (DataStreamTestUtils.java:writeAndCloseAndAssertReplies(320)) - Stream424: bytesWritten=7548183
2022-07-04 07:12:39,471 [pool-9-thread-13] INFO  datastream.DataStreamTestUtils (DataStreamTestUtils.java:writeAndCloseAndAssertReplies(320)) - Stream426: bytesWritten=7016115
2022-07-04 07:12:39,473 [pool-9-thread-16] INFO  datastream.DataStreamTestUtils (DataStreamTestUtils.java:writeAndCloseAndAssertReplies(320)) - Stream423: bytesWritten=7832488
2022-07-04 07:12:39,477 [s2-server-thread1] INFO  statemachine.StateMachine (DataStreamTestUtils.java:link(157)) - link SingleDataStream: writeRequest=RaftClientRequest:client-92677F6E1533->s1@group-3709D9E7CFD8, cid=421, seq=0, DataStream, Message:<EMPTY>, logEntry=null
2022-07-04 07:12:39,478 [s1-client-thread1] INFO  statemachine.StateMachine (DataStreamTestUtils.java:link(157)) - link SingleDataStream: writeRequest=RaftClientRequest:client-92677F6E1533->s1@group-3709D9E7CFD8, cid=423, seq=0, DataStream, Message:<EMPTY>, logEntry=null
2022-07-04 07:12:39,478 [s2-server-thread1] INFO  statemachine.StateMachine (DataStreamTestUtils.java:link(157)) - link SingleDataStream: writeRequest=RaftClientRequest:client-92677F6E1533->s1@group-3709D9E7CFD8, cid=422, seq=0, DataStream, Message:<EMPTY>, logEntry=null
2022-07-04 07:12:39,486 [s2-server-thread1] INFO  statemachine.StateMachine (DataStreamTestUtils.java:link(157)) - link SingleDataStream: writeRequest=RaftClientRequest:client-92677F6E1533->s1@group-3709D9E7CFD8, cid=423, seq=0, DataStream, Message:<EMPTY>, logEntry=null
2022-07-04 07:12:39,491 [pool-9-thread-7] INFO  datastream.DataStreamTestUtils (DataStreamTestUtils.java:writeAndCloseAndAssertReplies(311)) - start Stream427
2022-07-04 07:12:39,500 [pool-9-thread-15] INFO  datastream.DataStreamTestUtils (DataStreamTestUtils.java:writeAndCloseAndAssertReplies(311)) - start Stream428
2022-07-04 07:12:39,526 [pool-9-thread-16] INFO  datastream.DataStreamTestUtils (DataStreamTestUtils.java:writeAndCloseAndAssertReplies(311)) - start Stream429
2022-07-04 07:12:39,560 [s0-server-thread1] INFO  statemachine.StateMachine (DataStreamTestUtils.java:link(157)) - link SingleDataStream: writeRequest=RaftClientRequest:client-92677F6E1533->s1@group-3709D9E7CFD8, cid=421, seq=0, DataStream, Message:<EMPTY>, logEntry=null
2022-07-04 07:12:39,560 [s0-server-thread1] INFO  statemachine.StateMachine (DataStreamTestUtils.java:link(157)) - link SingleDataStream: writeRequest=RaftClientRequest:client-92677F6E1533->s1@group-3709D9E7CFD8, cid=422, seq=0, DataStream, Message:<EMPTY>, logEntry=null
2022-07-04 07:12:39,582 [s0-server-thread1] INFO  statemachine.StateMachine (DataStreamTestUtils.java:link(157)) - link SingleDataStream: writeRequest=RaftClientRequest:client-92677F6E1533->s1@group-3709D9E7CFD8, cid=423, seq=0, DataStream, Message:<EMPTY>, logEntry=null
2022-07-04 07:12:39,584 [pool-9-thread-6] INFO  datastream.DataStreamTestUtils (DataStreamTestUtils.java:writeAndCloseAndAssertReplies(311)) - start Stream430
2022-07-04 07:12:39,658 [s1-client-thread1] INFO  statemachine.StateMachine (DataStreamTestUtils.java:link(157)) - link SingleDataStream: writeRequest=RaftClientRequest:client-7DAD50637A30->s1@group-3709D9E7CFD8, cid=425, seq=0, DataStream, Message:<EMPTY>, logEntry=null
2022-07-04 07:12:39,661 [s0-server-thread1] INFO  statemachine.StateMachine (DataStreamTestUtils.java:link(157)) - link SingleDataStream: writeRequest=RaftClientRequest:client-7DAD50637A30->s1@group-3709D9E7CFD8, cid=425, seq=0, DataStream, Message:<EMPTY>, logEntry=null
2022-07-04 07:12:39,679 [s2-server-thread1] INFO  statemachine.StateMachine (DataStreamTestUtils.java:link(157)) - link SingleDataStream: writeRequest=RaftClientRequest:client-7DAD50637A30->s1@group-3709D9E7CFD8, cid=425, seq=0, DataStream, Message:<EMPTY>, logEntry=null
2022-07-04 07:12:39,825 [pool-9-thread-7] INFO  datastream.DataStreamTestUtils (DataStreamTestUtils.java:writeAndCloseAndAssertReplies(320)) - Stream427: bytesWritten=7899764
2022-07-04 07:12:39,835 [pool-9-thread-15] INFO  datastream.DataStreamTestUtils (DataStreamTestUtils.java:writeAndCloseAndAssertReplies(320)) - Stream428: bytesWritten=7478260
2022-07-04 07:12:39,847 [pool-9-thread-16] INFO  datastream.DataStreamTestUtils (DataStreamTestUtils.java:writeAndCloseAndAssertReplies(320)) - Stream429: bytesWritten=7669424
2022-07-04 07:12:39,875 [pool-9-thread-4] INFO  datastream.DataStreamTestUtils (DataStreamTestUtils.java:writeAndCloseAndAssertReplies(311)) - start Stream431
2022-07-04 07:12:39,879 [s1-client-thread1] INFO  statemachine.StateMachine (DataStreamTestUtils.java:link(157)) - link SingleDataStream: writeRequest=RaftClientRequest:client-7DAD50637A30->s1@group-3709D9E7CFD8, cid=424, seq=0, DataStream, Message:<EMPTY>, logEntry=null
2022-07-04 07:12:39,880 [s1-client-thread1] INFO  statemachine.StateMachine (DataStreamTestUtils.java:link(157)) - link SingleDataStream: writeRequest=RaftClientRequest:client-7DAD50637A30->s1@group-3709D9E7CFD8, cid=426, seq=0, DataStream, Message:<EMPTY>, logEntry=null
2022-07-04 07:12:39,881 [s1-client-thread1] INFO  statemachine.StateMachine (DataStreamTestUtils.java:link(157)) - link SingleDataStream: writeRequest=RaftClientRequest:client-7DAD50637A30->s1@group-3709D9E7CFD8, cid=427, seq=0, DataStream, Message:<EMPTY>, logEntry=null
2022-07-04 07:12:39,881 [s1-client-thread1] INFO  statemachine.StateMachine (DataStreamTestUtils.java:link(157)) - link SingleDataStream: writeRequest=RaftClientRequest:client-7DAD50637A30->s1@group-3709D9E7CFD8, cid=428, seq=0, DataStream, Message:<EMPTY>, logEntry=null
2022-07-04 07:12:39,882 [s1-client-thread1] INFO  statemachine.StateMachine (DataStreamTestUtils.java:link(157)) - link SingleDataStream: writeRequest=RaftClientRequest:client-7DAD50637A30->s1@group-3709D9E7CFD8, cid=429, seq=0, DataStream, Message:<EMPTY>, logEntry=null
2022-07-04 07:12:39,892 [s0-server-thread1] INFO  statemachine.StateMachine (DataStreamTestUtils.java:link(157)) - link SingleDataStream: writeRequest=RaftClientRequest:client-7DAD50637A30->s1@group-3709D9E7CFD8, cid=424, seq=0, DataStream, Message:<EMPTY>, logEntry=null
2022-07-04 07:12:39,893 [s0-server-thread1] INFO  statemachine.StateMachine (DataStreamTestUtils.java:link(157)) - link SingleDataStream: writeRequest=RaftClientRequest:client-7DAD50637A30->s1@group-3709D9E7CFD8, cid=426, seq=0, DataStream, Message:<EMPTY>, logEntry=null
2022-07-04 07:12:39,893 [s0-server-thread1] INFO  statemachine.StateMachine (DataStreamTestUtils.java:link(157)) - link SingleDataStream: writeRequest=RaftClientRequest:client-7DAD50637A30->s1@group-3709D9E7CFD8, cid=427, seq=0, DataStream, Message:<EMPTY>, logEntry=null
2022-07-04 07:12:39,893 [s0-server-thread1] INFO  statemachine.StateMachine (DataStreamTestUtils.java:link(157)) - link SingleDataStream: writeRequest=RaftClientRequest:client-7DAD50637A30->s1@group-3709D9E7CFD8, cid=428, seq=0, DataStream, Message:<EMPTY>, logEntry=null
2022-07-04 07:12:39,893 [s0-server-thread1] INFO  statemachine.StateMachine (DataStreamTestUtils.java:link(157)) - link SingleDataStream: writeRequest=RaftClientRequest:client-7DAD50637A30->s1@group-3709D9E7CFD8, cid=429, seq=0, DataStream, Message:<EMPTY>, logEntry=null
2022-07-04 07:12:39,907 [pool-9-thread-6] INFO  datastream.DataStreamTestUtils (DataStreamTestUtils.java:writeAndCloseAndAssertReplies(320)) - Stream430: bytesWritten=6873372
2022-07-04 07:12:39,912 [s1-client-thread1] INFO  statemachine.StateMachine (DataStreamTestUtils.java:link(157)) - link SingleDataStream: writeRequest=RaftClientRequest:client-7DAD50637A30->s1@group-3709D9E7CFD8, cid=430, seq=0, DataStream, Message:<EMPTY>, logEntry=null
2022-07-04 07:12:39,913 [s0-server-thread1] INFO  statemachine.StateMachine (DataStreamTestUtils.java:link(157)) - link SingleDataStream: writeRequest=RaftClientRequest:client-7DAD50637A30->s1@group-3709D9E7CFD8, cid=430, seq=0, DataStream, Message:<EMPTY>, logEntry=null
2022-07-04 07:12:39,949 [s2-server-thread1] INFO  statemachine.StateMachine (DataStreamTestUtils.java:link(157)) - link SingleDataStream: writeRequest=RaftClientRequest:client-7DAD50637A30->s1@group-3709D9E7CFD8, cid=424, seq=0, DataStream, Message:<EMPTY>, logEntry=null
2022-07-04 07:12:39,957 [s2-server-thread1] INFO  statemachine.StateMachine (DataStreamTestUtils.java:link(157)) - link SingleDataStream: writeRequest=RaftClientRequest:client-7DAD50637A30->s1@group-3709D9E7CFD8, cid=426, seq=0, DataStream, Message:<EMPTY>, logEntry=null
2022-07-04 07:12:39,958 [s2-server-thread1] INFO  statemachine.StateMachine (DataStreamTestUtils.java:link(157)) - link SingleDataStream: writeRequest=RaftClientRequest:client-7DAD50637A30->s1@group-3709D9E7CFD8, cid=427, seq=0, DataStream, Message:<EMPTY>, logEntry=null
2022-07-04 07:12:39,959 [s2-server-thread1] INFO  statemachine.StateMachine (DataStreamTestUtils.java:link(157)) - link SingleDataStream: writeRequest=RaftClientRequest:client-7DAD50637A30->s1@group-3709D9E7CFD8, cid=428, seq=0, DataStream, Message:<EMPTY>, logEntry=null
2022-07-04 07:12:39,959 [s2-server-thread1] INFO  statemachine.StateMachine (DataStreamTestUtils.java:link(157)) - link SingleDataStream: writeRequest=RaftClientRequest:client-7DAD50637A30->s1@group-3709D9E7CFD8, cid=429, seq=0, DataStream, Message:<EMPTY>, logEntry=null
2022-07-04 07:12:39,959 [s2-server-thread1] INFO  statemachine.StateMachine (DataStreamTestUtils.java:link(157)) - link SingleDataStream: writeRequest=RaftClientRequest:client-7DAD50637A30->s1@group-3709D9E7CFD8, cid=430, seq=0, DataStream, Message:<EMPTY>, logEntry=null
2022-07-04 07:12:41,006 [org.apache.ratis.util.JvmPauseMonitor$$Lambda$273/1313529452@a456127] WARN  util.JvmPauseMonitor (JvmPauseMonitor.java:detectPause(124)) - JvmPauseMonitor-s0: Detected pause in JVM or host machine (eg GC): pause of approximately 676066241ns.
GC pool 'PS MarkSweep' had collection(s): count=1 time=952ms
GC pool 'PS Scavenge' had collection(s): count=1 time=74ms
2022-07-04 07:12:41,006 [org.apache.ratis.util.JvmPauseMonitor$$Lambda$273/1313529452@947e36d] WARN  util.JvmPauseMonitor (JvmPauseMonitor.java:detectPause(124)) - JvmPauseMonitor-s1: Detected pause in JVM or host machine (eg GC): pause of approximately 676277447ns.
GC pool 'PS MarkSweep' had collection(s): count=1 time=952ms
GC pool 'PS Scavenge' had collection(s): count=1 time=74ms
2022-07-04 07:12:41,007 [org.apache.ratis.util.JvmPauseMonitor$$Lambda$273/1313529452@6bbbc6a0] WARN  util.JvmPauseMonitor (JvmPauseMonitor.java:detectPause(124)) - JvmPauseMonitor-s2: Detected pause in JVM or host machine (eg GC): pause of approximately 676381649ns.
GC pool 'PS MarkSweep' had collection(s): count=1 time=952ms
GC pool 'PS Scavenge' had collection(s): count=1 time=74ms
2022-07-04 07:12:41,007 [s1@group-3709D9E7CFD8-LeaderStateImpl] WARN  server.RaftServer$Division (LeaderStateImpl.java:checkLeadership(1018)) - s1@group-3709D9E7CFD8-LeaderStateImpl: Lost leadership on term: 2. Election timeout: 300ms. In charge for: 11019ms. Conf: 31: [s0|rpc:localhost:36085|admin:localhost:45717|client:localhost:38313|dataStream:localhost:45759|priority:0, s1|rpc:localhost:33645|admin:localhost:44907|client:localhost:35641|dataStream:localhost:33417|priority:0, s2|rpc:localhost:34013|admin:localhost:33311|client:localhost:46431|dataStream:localhost:44537|priority:0], old=null
2022-07-04 07:12:41,007 [s1@group-3709D9E7CFD8-LeaderStateImpl] WARN  server.RaftServer$Division (LeaderStateImpl.java:lambda$checkLeadership$17(1022)) - Follower s1@group-3709D9E7CFD8->s0(c83,m84,n91, attendVote=true, lastRpcSendTime=1094, lastRpcResponseTime=1061)
2022-07-04 07:12:41,007 [s1@group-3709D9E7CFD8-LeaderStateImpl] WARN  server.RaftServer$Division (LeaderStateImpl.java:lambda$checkLeadership$17(1022)) - Follower s1@group-3709D9E7CFD8->s2(c83,m84,n91, attendVote=true, lastRpcSendTime=1079, lastRpcResponseTime=1031)
2022-07-04 07:12:41,007 [s1@group-3709D9E7CFD8-LeaderStateImpl] INFO  server.RaftServer$Division (RaftServerImpl.java:setRole(299)) - s1@group-3709D9E7CFD8: changes role from    LEADER to FOLLOWER at term 2 for StepDownReason:LOST_MAJORITY_HEARTBEATS
2022-07-04 07:12:41,007 [s1@group-3709D9E7CFD8-LeaderStateImpl] INFO  impl.RoleInfo (RoleInfo.java:shutdownLeaderState(93)) - s1: shutdown s1@group-3709D9E7CFD8-LeaderStateImpl
2022-07-04 07:12:41,007 [s1@group-3709D9E7CFD8-LeaderStateImpl] INFO  impl.PendingRequests (PendingRequests.java:sendNotLeaderResponses(282)) - s1@group-3709D9E7CFD8-PendingRequests: sendNotLeaderResponses
2022-07-04 07:12:41,007 [s2@group-3709D9E7CFD8-FollowerState] WARN  impl.FollowerState (FollowerState.java:run(130)) - Unexpected long sleep: sleep 252ms but took extra 830215241ns (> threshold = 300ms)
2022-07-04 07:12:41,007 [s0@group-3709D9E7CFD8-FollowerState] WARN  impl.FollowerState (FollowerState.java:run(130)) - Unexpected long sleep: sleep 287ms but took extra 955969980ns (> threshold = 300ms)
2022-07-04 07:12:41,011 [s1@group-3709D9E7CFD8->s2-GrpcLogAppender-LogAppenderDaemon] WARN  server.GrpcLogAppender (GrpcLogAppender.java:mayWait(172)) - s1@group-3709D9E7CFD8->s2-GrpcLogAppender: Wait interrupted by java.lang.InterruptedException
2022-07-04 07:12:41,012 [grpc-default-executor-6] INFO  server.GrpcServerProtocolService (GrpcServerProtocolService.java:onCompleted(140)) - s2: Completed APPEND_ENTRIES, lastRequest: s1->s2#406-t2,previous=(t:2, i:89),leaderCommit=83,initializing? true,entries: size=1, first=(t:2, i:90), STATEMACHINELOGENTRY, 430@client-7DAD50637A30
2022-07-04 07:12:41,013 [grpc-default-executor-3] INFO  server.GrpcLogAppender (GrpcLogAppender.java:onCompleted(340)) - s1@group-3709D9E7CFD8->s2-AppendLogResponseHandler: follower responses appendEntries COMPLETED
2022-07-04 07:12:41,013 [grpc-default-executor-3] INFO  leader.FollowerInfo (FollowerInfoImpl.java:lambda$new$0(48)) - s1@group-3709D9E7CFD8->s2: nextIndex: updateUnconditionally 91 -> 85
2022-07-04 07:12:41,014 [s1@group-3709D9E7CFD8->s0-GrpcLogAppender-LogAppenderDaemon] WARN  server.GrpcLogAppender (GrpcLogAppender.java:mayWait(172)) - s1@group-3709D9E7CFD8->s0-GrpcLogAppender: Wait interrupted by java.lang.InterruptedException
2022-07-04 07:12:41,024 [grpc-default-executor-6] INFO  server.GrpcServerProtocolService (GrpcServerProtocolService.java:onCompleted(140)) - s0: Completed APPEND_ENTRIES, lastRequest: s1->s0#383-t2,previous=(t:2, i:89),leaderCommit=83,initializing? true,entries: size=1, first=(t:2, i:90), STATEMACHINELOGENTRY, 430@client-7DAD50637A30
2022-07-04 07:12:41,027 [grpc-default-executor-3] INFO  server.GrpcLogAppender (GrpcLogAppender.java:onCompleted(340)) - s1@group-3709D9E7CFD8->s0-AppendLogResponseHandler: follower responses appendEntries COMPLETED
2022-07-04 07:12:41,027 [grpc-default-executor-3] INFO  leader.FollowerInfo (FollowerInfoImpl.java:lambda$new$0(48)) - s1@group-3709D9E7CFD8->s0: nextIndex: updateUnconditionally 91 -> 85
2022-07-04 07:12:41,056 [s1@group-3709D9E7CFD8-LeaderStateImpl] INFO  impl.RoleInfo (RoleInfo.java:updateAndGet(139)) - s1: start s1@group-3709D9E7CFD8-FollowerState
2022-07-04 07:12:41,056 [pool-9-thread-4] INFO  datastream.DataStreamTestUtils (DataStreamTestUtils.java:writeAndCloseAndAssertReplies(320)) - Stream431: bytesWritten=7714224
2022-07-04 07:12:41,092 [pool-9-thread-14] INFO  datastream.DataStreamTestUtils (DataStreamTestUtils.java:writeAndCloseAndAssertReplies(320)) - Stream402: bytesWritten=3723099
2022-07-04 07:12:41,173 [s0@group-3709D9E7CFD8-FollowerState] INFO  impl.FollowerState (FollowerState.java:run(143)) - s0@group-3709D9E7CFD8-FollowerState: change to CANDIDATE, lastRpcElapsedTime:1197078531ns, electionTimeout:165ms
2022-07-04 07:12:41,173 [s0@group-3709D9E7CFD8-FollowerState] INFO  impl.RoleInfo (RoleInfo.java:shutdownFollowerState(110)) - s0: shutdown s0@group-3709D9E7CFD8-FollowerState
2022-07-04 07:12:41,173 [s0@group-3709D9E7CFD8-FollowerState] INFO  server.RaftServer$Division (RaftServerImpl.java:setRole(299)) - s0@group-3709D9E7CFD8: changes role from  FOLLOWER to CANDIDATE at term 2 for changeToCandidate
2022-07-04 07:12:41,173 [s0@group-3709D9E7CFD8-FollowerState] INFO  server.RaftServerConfigKeys (ConfUtils.java:logGet(46)) - raft.server.leaderelection.pre-vote = true (default)
2022-07-04 07:12:41,173 [s0@group-3709D9E7CFD8-FollowerState] INFO  impl.RoleInfo (RoleInfo.java:updateAndGet(139)) - s0: start s0@group-3709D9E7CFD8-LeaderElection6
2022-07-04 07:12:41,175 [s0@group-3709D9E7CFD8-LeaderElection6] INFO  server.RaftServer$Division (ServerState.java:setLeader(291)) - s0@group-3709D9E7CFD8: change Leader from s1 to null at term 2 for PRE_VOTE
2022-07-04 07:12:41,176 [s0@group-3709D9E7CFD8-LeaderElection6] INFO  impl.LeaderElection (LeaderElection.java:askForVotes(310)) - s0@group-3709D9E7CFD8-LeaderElection6 PRE_VOTE round 0: submit vote requests at term 2 for 31: [s0|rpc:localhost:36085|admin:localhost:45717|client:localhost:38313|dataStream:localhost:45759|priority:0, s1|rpc:localhost:33645|admin:localhost:44907|client:localhost:35641|dataStream:localhost:33417|priority:0, s2|rpc:localhost:34013|admin:localhost:33311|client:localhost:46431|dataStream:localhost:44537|priority:0], old=null
2022-07-04 07:12:41,179 [grpc-default-executor-6] INFO  server.RaftServer$Division (RaftServerImpl.java:requestVote(1152)) - s2@group-3709D9E7CFD8: receive requestVote(PRE_VOTE, s0, group-3709D9E7CFD8, 2, (t:2, i:90))
2022-07-04 07:12:41,180 [grpc-default-executor-6] INFO  impl.VoteContext (VoteContext.java:log(48)) - s2@group-3709D9E7CFD8-FOLLOWER: accept PRE_VOTE from s0: our priority 0 <= candidate's priority 0
2022-07-04 07:12:41,180 [grpc-default-executor-6] INFO  server.RaftServer$Division (RaftServerImpl.java:requestVote(1184)) - s2@group-3709D9E7CFD8 replies to PRE_VOTE vote request: s0<-s2#0:OK-t2. Peer's state: s2@group-3709D9E7CFD8:t2, leader=s1, voted=s1, raftlog=s2@group-3709D9E7CFD8-SegmentedRaftLog:OPENED:c83, conf=31: [s0|rpc:localhost:36085|admin:localhost:45717|client:localhost:38313|dataStream:localhost:45759|priority:0, s1|rpc:localhost:33645|admin:localhost:44907|client:localhost:35641|dataStream:localhost:33417|priority:0, s2|rpc:localhost:34013|admin:localhost:33311|client:localhost:46431|dataStream:localhost:44537|priority:0], old=null
2022-07-04 07:12:41,181 [s0@group-3709D9E7CFD8-LeaderElection6] INFO  impl.LeaderElection (LeaderElection.java:logAndReturn(90)) - s0@group-3709D9E7CFD8-LeaderElection6: PRE_VOTE PASSED received 1 response(s) and 0 exception(s):
2022-07-04 07:12:41,182 [s0@group-3709D9E7CFD8-LeaderElection6] INFO  impl.LeaderElection (LeaderElection.java:logAndReturn(94)) -   Response 0: s0<-s2#0:OK-t2
2022-07-04 07:12:41,182 [s0@group-3709D9E7CFD8-LeaderElection6] INFO  impl.LeaderElection (LeaderElection.java:askForVotes(312)) - s0@group-3709D9E7CFD8-LeaderElection6 PRE_VOTE round 0: result PASSED
2022-07-04 07:12:41,183 [s0@group-3709D9E7CFD8-LeaderElection6] INFO  impl.LeaderElection (LeaderElection.java:askForVotes(310)) - s0@group-3709D9E7CFD8-LeaderElection6 ELECTION round 0: submit vote requests at term 3 for 31: [s0|rpc:localhost:36085|admin:localhost:45717|client:localhost:38313|dataStream:localhost:45759|priority:0, s1|rpc:localhost:33645|admin:localhost:44907|client:localhost:35641|dataStream:localhost:33417|priority:0, s2|rpc:localhost:34013|admin:localhost:33311|client:localhost:46431|dataStream:localhost:44537|priority:0], old=null
2022-07-04 07:12:41,184 [grpc-default-executor-6] INFO  server.RaftServer$Division (RaftServerImpl.java:requestVote(1152)) - s1@group-3709D9E7CFD8: receive requestVote(ELECTION, s0, group-3709D9E7CFD8, 3, (t:2, i:90))
2022-07-04 07:12:41,184 [grpc-default-executor-6] INFO  impl.VoteContext (VoteContext.java:log(48)) - s1@group-3709D9E7CFD8-FOLLOWER: accept ELECTION from s0: our priority 0 <= candidate's priority 0
2022-07-04 07:12:41,184 [grpc-default-executor-6] INFO  server.RaftServer$Division (ServerState.java:setLeader(291)) - s1@group-3709D9E7CFD8: change Leader from s1 to null at term 3 for updateCurrentTerm
2022-07-04 07:12:41,184 [grpc-default-executor-6] INFO  server.RaftServer$Division (RaftServerImpl.java:setRole(299)) - s1@group-3709D9E7CFD8: changes role from  FOLLOWER to FOLLOWER at term 3 for candidate:s0
2022-07-04 07:12:41,184 [grpc-default-executor-6] INFO  impl.RoleInfo (RoleInfo.java:shutdownFollowerState(110)) - s1: shutdown s1@group-3709D9E7CFD8-FollowerState
2022-07-04 07:12:41,184 [grpc-default-executor-15] INFO  server.RaftServer$Division (RaftServerImpl.java:requestVote(1152)) - s1@group-3709D9E7CFD8: receive requestVote(PRE_VOTE, s0, group-3709D9E7CFD8, 2, (t:2, i:90))
2022-07-04 07:12:41,185 [grpc-default-executor-3] INFO  server.RaftServer$Division (RaftServerImpl.java:requestVote(1152)) - s2@group-3709D9E7CFD8: receive requestVote(ELECTION, s0, group-3709D9E7CFD8, 3, (t:2, i:90))
2022-07-04 07:12:41,186 [grpc-default-executor-3] INFO  impl.VoteContext (VoteContext.java:log(48)) - s2@group-3709D9E7CFD8-FOLLOWER: accept ELECTION from s0: our priority 0 <= candidate's priority 0
2022-07-04 07:12:41,186 [grpc-default-executor-3] INFO  server.RaftServer$Division (ServerState.java:setLeader(291)) - s2@group-3709D9E7CFD8: change Leader from s1 to null at term 3 for updateCurrentTerm
2022-07-04 07:12:41,186 [grpc-default-executor-3] INFO  server.RaftServer$Division (RaftServerImpl.java:setRole(299)) - s2@group-3709D9E7CFD8: changes role from  FOLLOWER to FOLLOWER at term 3 for candidate:s0
2022-07-04 07:12:41,186 [grpc-default-executor-3] INFO  impl.RoleInfo (RoleInfo.java:shutdownFollowerState(110)) - s2: shutdown s2@group-3709D9E7CFD8-FollowerState
2022-07-04 07:12:41,186 [grpc-default-executor-3] INFO  impl.RoleInfo (RoleInfo.java:updateAndGet(139)) - s2: start s2@group-3709D9E7CFD8-FollowerState
2022-07-04 07:12:41,186 [s2@group-3709D9E7CFD8-FollowerState] INFO  impl.FollowerState (FollowerState.java:run(152)) - s2@group-3709D9E7CFD8-FollowerState was interrupted
2022-07-04 07:12:41,186 [grpc-default-executor-6] INFO  impl.RoleInfo (RoleInfo.java:updateAndGet(139)) - s1: start s1@group-3709D9E7CFD8-FollowerState
2022-07-04 07:12:41,186 [s1@group-3709D9E7CFD8-FollowerState] INFO  impl.FollowerState (FollowerState.java:run(152)) - s1@group-3709D9E7CFD8-FollowerState was interrupted
2022-07-04 07:12:41,188 [grpc-default-executor-3] INFO  server.RaftServer$Division (RaftServerImpl.java:requestVote(1184)) - s2@group-3709D9E7CFD8 replies to ELECTION vote request: s0<-s2#0:OK-t3. Peer's state: s2@group-3709D9E7CFD8:t3, leader=null, voted=s0, raftlog=s2@group-3709D9E7CFD8-SegmentedRaftLog:OPENED:c83, conf=31: [s0|rpc:localhost:36085|admin:localhost:45717|client:localhost:38313|dataStream:localhost:45759|priority:0, s1|rpc:localhost:33645|admin:localhost:44907|client:localhost:35641|dataStream:localhost:33417|priority:0, s2|rpc:localhost:34013|admin:localhost:33311|client:localhost:46431|dataStream:localhost:44537|priority:0], old=null
2022-07-04 07:12:41,189 [s0@group-3709D9E7CFD8-LeaderElection6] INFO  impl.LeaderElection (LeaderElection.java:logAndReturn(90)) - s0@group-3709D9E7CFD8-LeaderElection6: ELECTION PASSED received 1 response(s) and 0 exception(s):
2022-07-04 07:12:41,189 [s0@group-3709D9E7CFD8-LeaderElection6] INFO  impl.LeaderElection (LeaderElection.java:logAndReturn(94)) -   Response 0: s0<-s2#0:OK-t3
2022-07-04 07:12:41,189 [s0@group-3709D9E7CFD8-LeaderElection6] INFO  impl.LeaderElection (LeaderElection.java:askForVotes(312)) - s0@group-3709D9E7CFD8-LeaderElection6 ELECTION round 0: result PASSED
2022-07-04 07:12:41,189 [s0@group-3709D9E7CFD8-LeaderElection6] INFO  impl.RoleInfo (RoleInfo.java:shutdownLeaderElection(130)) - s0: shutdown s0@group-3709D9E7CFD8-LeaderElection6
2022-07-04 07:12:41,189 [s0@group-3709D9E7CFD8-LeaderElection6] INFO  server.RaftServer$Division (RaftServerImpl.java:setRole(299)) - s0@group-3709D9E7CFD8: changes role from CANDIDATE to LEADER at term 3 for changeToLeader
2022-07-04 07:12:41,189 [s0@group-3709D9E7CFD8-LeaderElection6] INFO  server.RaftServer$Division (ServerState.java:setLeader(291)) - s0@group-3709D9E7CFD8: change Leader from null to s0 at term 3 for becomeLeader, leader elected after 13ms
2022-07-04 07:12:41,189 [s0@group-3709D9E7CFD8-LeaderElection6] INFO  server.RaftServerConfigKeys (ConfUtils.java:logGet(46)) - raft.server.staging.catchup.gap = 1000 (default)
2022-07-04 07:12:41,189 [s0@group-3709D9E7CFD8-LeaderElection6] INFO  server.RaftServerConfigKeys (ConfUtils.java:logGet(46)) - raft.server.write.element-limit = 4096 (default)
2022-07-04 07:12:41,189 [grpc-default-executor-6] INFO  server.RaftServer$Division (RaftServerImpl.java:requestVote(1184)) - s1@group-3709D9E7CFD8 replies to ELECTION vote request: s0<-s1#0:OK-t3. Peer's state: s1@group-3709D9E7CFD8:t3, leader=null, voted=s0, raftlog=s1@group-3709D9E7CFD8-SegmentedRaftLog:OPENED:c84, conf=31: [s0|rpc:localhost:36085|admin:localhost:45717|client:localhost:38313|dataStream:localhost:45759|priority:0, s1|rpc:localhost:33645|admin:localhost:44907|client:localhost:35641|dataStream:localhost:33417|priority:0, s2|rpc:localhost:34013|admin:localhost:33311|client:localhost:46431|dataStream:localhost:44537|priority:0], old=null
2022-07-04 07:12:41,190 [grpc-default-executor-15] INFO  impl.VoteContext (VoteContext.java:log(48)) - s1@group-3709D9E7CFD8-FOLLOWER: accept PRE_VOTE from s0: our priority 0 <= candidate's priority 0
2022-07-04 07:12:41,190 [grpc-default-executor-15] INFO  server.RaftServer$Division (RaftServerImpl.java:requestVote(1184)) - s1@group-3709D9E7CFD8 replies to PRE_VOTE vote request: s0<-s1#0:OK-t3. Peer's state: s1@group-3709D9E7CFD8:t3, leader=null, voted=s0, raftlog=s1@group-3709D9E7CFD8-SegmentedRaftLog:OPENED:c84, conf=31: [s0|rpc:localhost:36085|admin:localhost:45717|client:localhost:38313|dataStream:localhost:45759|priority:0, s1|rpc:localhost:33645|admin:localhost:44907|client:localhost:35641|dataStream:localhost:33417|priority:0, s2|rpc:localhost:34013|admin:localhost:33311|client:localhost:46431|dataStream:localhost:44537|priority:0], old=null
2022-07-04 07:12:41,191 [s0@group-3709D9E7CFD8-LeaderElection6] INFO  server.RaftServerConfigKeys (ConfUtils.java:logGet(46)) - raft.server.write.byte-limit = 64MB (=67108864) (default)
2022-07-04 07:12:41,191 [s0@group-3709D9E7CFD8-LeaderElection6] INFO  server.RaftServerConfigKeys (ConfUtils.java:logGet(46)) - raft.server.watch.timeout = 10s (default)
2022-07-04 07:12:41,191 [s0@group-3709D9E7CFD8-LeaderElection6] INFO  server.RaftServerConfigKeys (ConfUtils.java:logGet(46)) - raft.server.watch.timeout.denomination = 1s (default)
2022-07-04 07:12:41,191 [s0@group-3709D9E7CFD8-LeaderElection6] INFO  server.RaftServerConfigKeys (ConfUtils.java:logGet(46)) - raft.server.watch.element-limit = 65536 (default)
2022-07-04 07:12:41,191 [s0@group-3709D9E7CFD8-LeaderElection6] INFO  server.RaftServerConfigKeys (ConfUtils.java:logGet(46)) - raft.server.write.element-limit = 4096 (default)
2022-07-04 07:12:41,191 [s0@group-3709D9E7CFD8-LeaderElection6] INFO  server.RaftServerConfigKeys (ConfUtils.java:logGet(46)) - raft.server.write.follower.gap.ratio.max = -1.0 (default)
2022-07-04 07:12:41,192 [s0@group-3709D9E7CFD8-LeaderElection6] INFO  server.RaftServerConfigKeys (ConfUtils.java:logGet(46)) - raft.server.log.appender.snapshot.chunk.size.max = 16MB (=16777216) (default)
2022-07-04 07:12:41,192 [s0@group-3709D9E7CFD8-LeaderElection6] INFO  server.RaftServerConfigKeys (ConfUtils.java:logGet(46)) - raft.server.log.appender.buffer.byte-limit = 4MB (=4194304) (default)
2022-07-04 07:12:41,192 [s0@group-3709D9E7CFD8-LeaderElection6] INFO  server.RaftServerConfigKeys (ConfUtils.java:logGet(46)) - raft.server.log.appender.buffer.element-limit = 0 (default)
2022-07-04 07:12:41,192 [s0@group-3709D9E7CFD8-LeaderElection6] INFO  grpc.GrpcConfigKeys (ConfUtils.java:logGet(46)) - raft.grpc.server.leader.outstanding.appends.max = 128 (default)
2022-07-04 07:12:41,192 [s0@group-3709D9E7CFD8-LeaderElection6] INFO  server.RaftServerConfigKeys (ConfUtils.java:logGet(46)) - raft.server.rpc.request.timeout = 3000ms (default)
2022-07-04 07:12:41,192 [s0@group-3709D9E7CFD8-LeaderElection6] INFO  server.RaftServerConfigKeys (ConfUtils.java:logGet(46)) - raft.server.log.appender.install.snapshot.enabled = true (default)
2022-07-04 07:12:41,192 [s0@group-3709D9E7CFD8-LeaderElection6] INFO  server.RaftServerConfigKeys (ConfUtils.java:logGet(46)) - raft.server.log.appender.snapshot.chunk.size.max = 16MB (=16777216) (default)
2022-07-04 07:12:41,192 [s0@group-3709D9E7CFD8-LeaderElection6] INFO  server.RaftServerConfigKeys (ConfUtils.java:logGet(46)) - raft.server.log.appender.buffer.byte-limit = 4MB (=4194304) (default)
2022-07-04 07:12:41,192 [s0@group-3709D9E7CFD8-LeaderElection6] INFO  server.RaftServerConfigKeys (ConfUtils.java:logGet(46)) - raft.server.log.appender.buffer.element-limit = 0 (default)
2022-07-04 07:12:41,192 [s0@group-3709D9E7CFD8-LeaderElection6] INFO  grpc.GrpcConfigKeys (ConfUtils.java:logGet(46)) - raft.grpc.server.leader.outstanding.appends.max = 128 (default)
2022-07-04 07:12:41,192 [s0@group-3709D9E7CFD8-LeaderElection6] INFO  server.RaftServerConfigKeys (ConfUtils.java:logGet(46)) - raft.server.rpc.request.timeout = 3000ms (default)
2022-07-04 07:12:41,192 [s0@group-3709D9E7CFD8-LeaderElection6] INFO  server.RaftServerConfigKeys (ConfUtils.java:logGet(46)) - raft.server.log.appender.install.snapshot.enabled = true (default)
2022-07-04 07:12:41,192 [s0@group-3709D9E7CFD8-LeaderElection6] INFO  impl.RoleInfo (RoleInfo.java:updateAndGet(139)) - s0: start s0@group-3709D9E7CFD8-LeaderStateImpl
2022-07-04 07:12:41,193 [s0@group-3709D9E7CFD8-LeaderElection6] INFO  segmented.SegmentedRaftLogWorker (SegmentedRaftLogWorker.java:rollLogSegment(430)) - s0@group-3709D9E7CFD8-SegmentedRaftLogWorker: Rolling segment log-31_90 to index:90
2022-07-04 07:12:41,193 [s0@group-3709D9E7CFD8-SegmentedRaftLogWorker] TRACE util.FileUtils (LogUtils.java:runAndLog(49)) - Successfully ran Files.move /home/runner/work/ratis/ratis/ratis-test/target/test/data/c85744f8/MiniRaftClusterWithRpcTypeGrpcAndDataStreamTypeNetty13fea5ce/s0/85cab365-e59c-4f2e-ab8d-3709d9e7cfd8/current/log_inprogress_31 to /home/runner/work/ratis/ratis/ratis-test/target/test/data/c85744f8/MiniRaftClusterWithRpcTypeGrpcAndDataStreamTypeNetty13fea5ce/s0/85cab365-e59c-4f2e-ab8d-3709d9e7cfd8/current/log_31-90
2022-07-04 07:12:41,194 [s0@group-3709D9E7CFD8-SegmentedRaftLogWorker] INFO  segmented.SegmentedRaftLogWorker (SegmentedRaftLogWorker.java:execute(586)) - s0@group-3709D9E7CFD8-SegmentedRaftLogWorker: Rolled log segment from /home/runner/work/ratis/ratis/ratis-test/target/test/data/c85744f8/MiniRaftClusterWithRpcTypeGrpcAndDataStreamTypeNetty13fea5ce/s0/85cab365-e59c-4f2e-ab8d-3709d9e7cfd8/current/log_inprogress_31 to /home/runner/work/ratis/ratis/ratis-test/target/test/data/c85744f8/MiniRaftClusterWithRpcTypeGrpcAndDataStreamTypeNetty13fea5ce/s0/85cab365-e59c-4f2e-ab8d-3709d9e7cfd8/current/log_31-90
2022-07-04 07:12:41,213 [s0@group-3709D9E7CFD8-SegmentedRaftLogWorker] INFO  segmented.SegmentedRaftLogWorker (SegmentedRaftLogWorker.java:execute(629)) - s0@group-3709D9E7CFD8-SegmentedRaftLogWorker: created new log segment /home/runner/work/ratis/ratis/ratis-test/target/test/data/c85744f8/MiniRaftClusterWithRpcTypeGrpcAndDataStreamTypeNetty13fea5ce/s0/85cab365-e59c-4f2e-ab8d-3709d9e7cfd8/current/log_inprogress_91
2022-07-04 07:12:41,216 [s1-server-thread1] INFO  server.RaftServer$Division (ServerState.java:setLeader(291)) - s1@group-3709D9E7CFD8: change Leader from null to s0 at term 3 for appendEntries, leader elected after 32ms
2022-07-04 07:12:41,218 [s0@group-3709D9E7CFD8-LeaderElection6] INFO  server.RaftServer$Division (ServerState.java:setRaftConf(397)) - s0@group-3709D9E7CFD8: set configuration 91: [s0|rpc:localhost:36085|admin:localhost:45717|client:localhost:38313|dataStream:localhost:45759|priority:0, s1|rpc:localhost:33645|admin:localhost:44907|client:localhost:35641|dataStream:localhost:33417|priority:0, s2|rpc:localhost:34013|admin:localhost:33311|client:localhost:46431|dataStream:localhost:44537|priority:0], old=null
2022-07-04 07:12:41,221 [s2-server-thread1] INFO  server.RaftServer$Division (ServerState.java:setLeader(291)) - s2@group-3709D9E7CFD8: change Leader from null to s0 at term 3 for appendEntries, leader elected after 35ms
2022-07-04 07:12:41,252 [s2-server-thread1] INFO  server.RaftServer$Division (ServerState.java:setRaftConf(397)) - s2@group-3709D9E7CFD8: set configuration 91: [s0|rpc:localhost:36085|admin:localhost:45717|client:localhost:38313|dataStream:localhost:45759|priority:0, s1|rpc:localhost:33645|admin:localhost:44907|client:localhost:35641|dataStream:localhost:33417|priority:0, s2|rpc:localhost:34013|admin:localhost:33311|client:localhost:46431|dataStream:localhost:44537|priority:0], old=null
2022-07-04 07:12:41,252 [s2-server-thread1] INFO  segmented.SegmentedRaftLogWorker (SegmentedRaftLogWorker.java:rollLogSegment(430)) - s2@group-3709D9E7CFD8-SegmentedRaftLogWorker: Rolling segment log-31_90 to index:90
2022-07-04 07:12:41,253 [s2@group-3709D9E7CFD8-SegmentedRaftLogWorker] TRACE util.FileUtils (LogUtils.java:runAndLog(49)) - Successfully ran Files.move /home/runner/work/ratis/ratis/ratis-test/target/test/data/c85744f8/MiniRaftClusterWithRpcTypeGrpcAndDataStreamTypeNetty13fea5ce/s2/85cab365-e59c-4f2e-ab8d-3709d9e7cfd8/current/log_inprogress_31 to /home/runner/work/ratis/ratis/ratis-test/target/test/data/c85744f8/MiniRaftClusterWithRpcTypeGrpcAndDataStreamTypeNetty13fea5ce/s2/85cab365-e59c-4f2e-ab8d-3709d9e7cfd8/current/log_31-90
2022-07-04 07:12:41,253 [s2@group-3709D9E7CFD8-SegmentedRaftLogWorker] INFO  segmented.SegmentedRaftLogWorker (SegmentedRaftLogWorker.java:execute(586)) - s2@group-3709D9E7CFD8-SegmentedRaftLogWorker: Rolled log segment from /home/runner/work/ratis/ratis/ratis-test/target/test/data/c85744f8/MiniRaftClusterWithRpcTypeGrpcAndDataStreamTypeNetty13fea5ce/s2/85cab365-e59c-4f2e-ab8d-3709d9e7cfd8/current/log_inprogress_31 to /home/runner/work/ratis/ratis/ratis-test/target/test/data/c85744f8/MiniRaftClusterWithRpcTypeGrpcAndDataStreamTypeNetty13fea5ce/s2/85cab365-e59c-4f2e-ab8d-3709d9e7cfd8/current/log_31-90
2022-07-04 07:12:41,256 [s1-server-thread1] INFO  server.RaftServer$Division (ServerState.java:setRaftConf(397)) - s1@group-3709D9E7CFD8: set configuration 91: [s0|rpc:localhost:36085|admin:localhost:45717|client:localhost:38313|dataStream:localhost:45759|priority:0, s1|rpc:localhost:33645|admin:localhost:44907|client:localhost:35641|dataStream:localhost:33417|priority:0, s2|rpc:localhost:34013|admin:localhost:33311|client:localhost:46431|dataStream:localhost:44537|priority:0], old=null
2022-07-04 07:12:41,256 [s1-server-thread1] INFO  segmented.SegmentedRaftLogWorker (SegmentedRaftLogWorker.java:rollLogSegment(430)) - s1@group-3709D9E7CFD8-SegmentedRaftLogWorker: Rolling segment log-31_90 to index:90
2022-07-04 07:12:41,257 [s1@group-3709D9E7CFD8-SegmentedRaftLogWorker] TRACE util.FileUtils (LogUtils.java:runAndLog(49)) - Successfully ran Files.move /home/runner/work/ratis/ratis/ratis-test/target/test/data/c85744f8/MiniRaftClusterWithRpcTypeGrpcAndDataStreamTypeNetty13fea5ce/s1/85cab365-e59c-4f2e-ab8d-3709d9e7cfd8/current/log_inprogress_31 to /home/runner/work/ratis/ratis/ratis-test/target/test/data/c85744f8/MiniRaftClusterWithRpcTypeGrpcAndDataStreamTypeNetty13fea5ce/s1/85cab365-e59c-4f2e-ab8d-3709d9e7cfd8/current/log_31-90
2022-07-04 07:12:41,257 [s1@group-3709D9E7CFD8-SegmentedRaftLogWorker] INFO  segmented.SegmentedRaftLogWorker (SegmentedRaftLogWorker.java:execute(586)) - s1@group-3709D9E7CFD8-SegmentedRaftLogWorker: Rolled log segment from /home/runner/work/ratis/ratis/ratis-test/target/test/data/c85744f8/MiniRaftClusterWithRpcTypeGrpcAndDataStreamTypeNetty13fea5ce/s1/85cab365-e59c-4f2e-ab8d-3709d9e7cfd8/current/log_inprogress_31 to /home/runner/work/ratis/ratis/ratis-test/target/test/data/c85744f8/MiniRaftClusterWithRpcTypeGrpcAndDataStreamTypeNetty13fea5ce/s1/85cab365-e59c-4f2e-ab8d-3709d9e7cfd8/current/log_31-90
2022-07-04 07:12:41,268 [s1@group-3709D9E7CFD8-SegmentedRaftLogWorker] INFO  segmented.SegmentedRaftLogWorker (SegmentedRaftLogWorker.java:execute(629)) - s1@group-3709D9E7CFD8-SegmentedRaftLogWorker: created new log segment /home/runner/work/ratis/ratis/ratis-test/target/test/data/c85744f8/MiniRaftClusterWithRpcTypeGrpcAndDataStreamTypeNetty13fea5ce/s1/85cab365-e59c-4f2e-ab8d-3709d9e7cfd8/current/log_inprogress_91
2022-07-04 07:12:41,273 [s2@group-3709D9E7CFD8-SegmentedRaftLogWorker] INFO  segmented.SegmentedRaftLogWorker (SegmentedRaftLogWorker.java:execute(629)) - s2@group-3709D9E7CFD8-SegmentedRaftLogWorker: created new log segment /home/runner/work/ratis/ratis/ratis-test/target/test/data/c85744f8/MiniRaftClusterWithRpcTypeGrpcAndDataStreamTypeNetty13fea5ce/s2/85cab365-e59c-4f2e-ab8d-3709d9e7cfd8/current/log_inprogress_91
2022-07-04 07:12:41,524 [s0-client-thread1] INFO  statemachine.StateMachine (DataStreamTestUtils.java:link(157)) - link null
2022-07-04 07:12:41,784 [s1@group-3709D9E7CFD8-FollowerState] INFO  impl.FollowerState (FollowerState.java:run(143)) - s1@group-3709D9E7CFD8-FollowerState: change to CANDIDATE, lastRpcElapsedTime:302765273ns, electionTimeout:200ms
2022-07-04 07:12:41,784 [s1@group-3709D9E7CFD8-FollowerState] INFO  impl.RoleInfo (RoleInfo.java:shutdownFollowerState(110)) - s1: shutdown s1@group-3709D9E7CFD8-FollowerState
2022-07-04 07:12:41,784 [s1@group-3709D9E7CFD8-FollowerState] INFO  server.RaftServer$Division (RaftServerImpl.java:setRole(299)) - s1@group-3709D9E7CFD8: changes role from  FOLLOWER to CANDIDATE at term 3 for changeToCandidate
2022-07-04 07:12:41,784 [s1@group-3709D9E7CFD8-FollowerState] INFO  server.RaftServerConfigKeys (ConfUtils.java:logGet(46)) - raft.server.leaderelection.pre-vote = true (default)
2022-07-04 07:12:41,784 [s1@group-3709D9E7CFD8-FollowerState] INFO  impl.RoleInfo (RoleInfo.java:updateAndGet(139)) - s1: start s1@group-3709D9E7CFD8-LeaderElection7
2022-07-04 07:12:41,795 [s1@group-3709D9E7CFD8-LeaderElection7] INFO  server.RaftServer$Division (ServerState.java:setLeader(291)) - s1@group-3709D9E7CFD8: change Leader from s0 to null at term 3 for PRE_VOTE
2022-07-04 07:12:41,796 [s1@group-3709D9E7CFD8-LeaderElection7] INFO  impl.LeaderElection (LeaderElection.java:askForVotes(310)) - s1@group-3709D9E7CFD8-LeaderElection7 PRE_VOTE round 0: submit vote requests at term 3 for 91: [s0|rpc:localhost:36085|admin:localhost:45717|client:localhost:38313|dataStream:localhost:45759|priority:0, s1|rpc:localhost:33645|admin:localhost:44907|client:localhost:35641|dataStream:localhost:33417|priority:0, s2|rpc:localhost:34013|admin:localhost:33311|client:localhost:46431|dataStream:localhost:44537|priority:0], old=null
2022-07-04 07:12:41,796 [s1-server-thread1] INFO  server.RaftServer$Division (RaftServerImpl.java:setRole(299)) - s1@group-3709D9E7CFD8: changes role from CANDIDATE to FOLLOWER at term 3 for appendEntries
2022-07-04 07:12:41,797 [s1-server-thread1] INFO  impl.RoleInfo (RoleInfo.java:shutdownLeaderElection(130)) - s1: shutdown s1@group-3709D9E7CFD8-LeaderElection7
2022-07-04 07:12:41,837 [grpc-default-executor-16] INFO  server.RaftServer$Division (RaftServerImpl.java:requestVote(1152)) - s0@group-3709D9E7CFD8: receive requestVote(PRE_VOTE, s1, group-3709D9E7CFD8, 3, (t:3, i:92))
2022-07-04 07:12:41,842 [s1-server-thread1] INFO  impl.RoleInfo (RoleInfo.java:updateAndGet(139)) - s1: start s1@group-3709D9E7CFD8-FollowerState
2022-07-04 07:12:41,843 [s2-server-thread1] INFO  statemachine.StateMachine (DataStreamTestUtils.java:link(157)) - link null
2022-07-04 07:12:41,852 [s1-server-thread1] INFO  server.RaftServer$Division (ServerState.java:setLeader(291)) - s1@group-3709D9E7CFD8: change Leader from null to s0 at term 3 for appendEntries, leader elected after 56ms
2022-07-04 07:12:41,853 [s0-client-thread2] INFO  statemachine.StateMachine (DataStreamTestUtils.java:link(157)) - link SingleDataStream: writeRequest=RaftClientRequest:client-B32BB0E25F9A->s2@group-3709D9E7CFD8, cid=402, seq=0, DataStream, Message:<EMPTY>, logEntry=null
2022-07-04 07:12:41,856 [grpc-default-executor-16] INFO  impl.VoteContext (VoteContext.java:log(48)) - s0@group-3709D9E7CFD8-LEADER: reject PRE_VOTE from s1: this server is the leader and still has leadership
2022-07-04 07:12:41,856 [grpc-default-executor-16] INFO  server.RaftServer$Division (RaftServerImpl.java:requestVote(1184)) - s0@group-3709D9E7CFD8 replies to PRE_VOTE vote request: s1<-s0#0:FAIL-t3. Peer's state: s0@group-3709D9E7CFD8:t3, leader=s0, voted=s0, raftlog=s0@group-3709D9E7CFD8-SegmentedRaftLog:OPENED:c92, conf=91: [s0|rpc:localhost:36085|admin:localhost:45717|client:localhost:38313|dataStream:localhost:45759|priority:0, s1|rpc:localhost:33645|admin:localhost:44907|client:localhost:35641|dataStream:localhost:33417|priority:0, s2|rpc:localhost:34013|admin:localhost:33311|client:localhost:46431|dataStream:localhost:44537|priority:0], old=null
2022-07-04 07:12:41,857 [s1-server-thread1] INFO  statemachine.StateMachine (DataStreamTestUtils.java:link(157)) - link null
2022-07-04 07:12:41,859 [s2-server-thread1] INFO  statemachine.StateMachine (DataStreamTestUtils.java:link(157)) - link SingleDataStream: writeRequest=RaftClientRequest:client-B32BB0E25F9A->s2@group-3709D9E7CFD8, cid=402, seq=0, DataStream, Message:<EMPTY>, logEntry=null
2022-07-04 07:12:41,863 [s1@group-3709D9E7CFD8-LeaderElection7] INFO  impl.LeaderElection (LeaderElection.java:logAndReturn(90)) - s1@group-3709D9E7CFD8-LeaderElection7: PRE_VOTE REJECTED received 0 response(s) and 0 exception(s):
2022-07-04 07:12:41,863 [s1@group-3709D9E7CFD8-LeaderElection7] INFO  impl.LeaderElection (LeaderElection.java:askForVotes(312)) - s1@group-3709D9E7CFD8-LeaderElection7 PRE_VOTE round 0: result REJECTED
2022-07-04 07:12:41,865 [s1-server-thread1] INFO  statemachine.StateMachine (DataStreamTestUtils.java:link(157)) - link SingleDataStream: writeRequest=RaftClientRequest:client-B32BB0E25F9A->s2@group-3709D9E7CFD8, cid=402, seq=0, DataStream, Message:<EMPTY>, logEntry=null
2022-07-04 07:12:41,884 [grpc-default-executor-6] INFO  server.RaftServer$Division (RaftServerImpl.java:requestVote(1152)) - s2@group-3709D9E7CFD8: receive requestVote(PRE_VOTE, s1, group-3709D9E7CFD8, 3, (t:3, i:92))
2022-07-04 07:12:41,884 [grpc-default-executor-6] INFO  impl.VoteContext (VoteContext.java:log(48)) - s2@group-3709D9E7CFD8-FOLLOWER: reject PRE_VOTE from s1: this server is a follower and still has a valid leader s0
2022-07-04 07:12:41,884 [grpc-default-executor-6] INFO  server.RaftServer$Division (RaftServerImpl.java:requestVote(1184)) - s2@group-3709D9E7CFD8 replies to PRE_VOTE vote request: s1<-s2#0:FAIL-t3. Peer's state: s2@group-3709D9E7CFD8:t3, leader=s0, voted=s0, raftlog=s2@group-3709D9E7CFD8-SegmentedRaftLog:OPENED:c92, conf=91: [s0|rpc:localhost:36085|admin:localhost:45717|client:localhost:38313|dataStream:localhost:45759|priority:0, s1|rpc:localhost:33645|admin:localhost:44907|client:localhost:35641|dataStream:localhost:33417|priority:0, s2|rpc:localhost:34013|admin:localhost:33311|client:localhost:46431|dataStream:localhost:44537|priority:0], old=null
2022-07-04 07:12:43,333 [pool-9-thread-12] INFO  datastream.DataStreamTestUtils (DataStreamTestUtils.java:writeAndCloseAndAssertReplies(320)) - Stream403: bytesWritten=3755963
2022-07-04 07:12:43,341 [pool-9-thread-11] INFO  datastream.DataStreamTestUtils (DataStreamTestUtils.java:writeAndCloseAndAssertReplies(320)) - Stream404: bytesWritten=3755811
2022-07-04 07:12:45,079 [Timer-2] INFO  impl.MiniRaftCluster (MiniRaftCluster.java:lambda$null$6(325)) - TIMED-PRINT: printing ALL groups
  s0:  RUNNING    LEADER s0@group-3709D9E7CFD8:t3, leader=s0, voted=s0, raftlog=s0@group-3709D9E7CFD8-SegmentedRaftLog:OPENED:c92, conf=91: [s0|rpc:localhost:36085|admin:localhost:45717|client:localhost:38313|dataStream:localhost:45759|priority:0, s1|rpc:localhost:33645|admin:localhost:44907|client:localhost:35641|dataStream:localhost:33417|priority:0, s2|rpc:localhost:34013|admin:localhost:33311|client:localhost:46431|dataStream:localhost:44537|priority:0], old=null RUNNING
  s1:  RUNNING  FOLLOWER s1@group-3709D9E7CFD8:t3, leader=s0, voted=s0, raftlog=s1@group-3709D9E7CFD8-SegmentedRaftLog:OPENED:c92, conf=91: [s0|rpc:localhost:36085|admin:localhost:45717|client:localhost:38313|dataStream:localhost:45759|priority:0, s1|rpc:localhost:33645|admin:localhost:44907|client:localhost:35641|dataStream:localhost:33417|priority:0, s2|rpc:localhost:34013|admin:localhost:33311|client:localhost:46431|dataStream:localhost:44537|priority:0], old=null RUNNING
  s2:  RUNNING  FOLLOWER s2@group-3709D9E7CFD8:t3, leader=s0, voted=s0, raftlog=s2@group-3709D9E7CFD8-SegmentedRaftLog:OPENED:c92, conf=91: [s0|rpc:localhost:36085|admin:localhost:45717|client:localhost:38313|dataStream:localhost:45759|priority:0, s1|rpc:localhost:33645|admin:localhost:44907|client:localhost:35641|dataStream:localhost:33417|priority:0, s2|rpc:localhost:34013|admin:localhost:33311|client:localhost:46431|dataStream:localhost:44537|priority:0], old=null RUNNING
2022-07-04 07:12:47,531 [java.util.concurrent.ThreadPoolExecutor$Worker@1640216c[State = -1, empty queue]] WARN  grpc.GrpcUtil (GrpcUtil.java:shutdownManagedChannel(216)) - Timed out gracefully shutting down connection: ManagedChannelOrphanWrapper{delegate=ManagedChannelImpl{logId=426, target=localhost:38313}}. 
2022-07-04 07:12:50,536 [java.util.concurrent.ThreadPoolExecutor$Worker@1640216c[State = -1, empty queue]] WARN  grpc.GrpcUtil (GrpcUtil.java:shutdownManagedChannel(216)) - Timed out gracefully shutting down connection: ManagedChannelOrphanWrapper{delegate=ManagedChannelImpl{logId=428, target=localhost:38313}}. 
2022-07-04 07:12:50,538 [java.util.concurrent.ThreadPoolExecutor$Worker@1640216c[State = -1, empty queue]] WARN  server.GrpcLogAppender (GrpcLogAppender.java:timeoutAppendRequest(240)) - s0@group-3709D9E7CFD8->s1-GrpcLogAppender:  appendEntries Timeout, request=AppendEntriesRequest:cid=16,entriesCount=1,lastEntry=(t:3, i:93)
2022-07-04 07:12:50,538 [java.util.concurrent.ThreadPoolExecutor$Worker@1640216c[State = -1, empty queue]] WARN  server.GrpcLogAppender (GrpcLogAppender.java:timeoutAppendRequest(240)) - s0@group-3709D9E7CFD8->s2-GrpcLogAppender:  appendEntries Timeout, request=AppendEntriesRequest:cid=23,entriesCount=1,lastEntry=(t:3, i:93)
2022-07-04 07:12:50,538 [java.util.concurrent.ThreadPoolExecutor$Worker@1640216c[State = -1, empty queue]] WARN  server.GrpcLogAppender (GrpcLogAppender.java:timeoutAppendRequest(240)) - s0@group-3709D9E7CFD8->s1-GrpcLogAppender:  appendEntries Timeout, request=AppendEntriesRequest:cid=18,entriesCount=1,lastEntry=(t:3, i:94)
2022-07-04 07:12:50,538 [java.util.concurrent.ThreadPoolExecutor$Worker@1640216c[State = -1, empty queue]] WARN  server.GrpcLogAppender (GrpcLogAppender.java:timeoutAppendRequest(240)) - s0@group-3709D9E7CFD8->s2-GrpcLogAppender:  appendEntries Timeout, request=AppendEntriesRequest:cid=25,entriesCount=1,lastEntry=(t:3, i:94)
2022-07-04 07:12:53,651 [java.util.concurrent.ThreadPoolExecutor$Worker@7af15f5f[State = -1, empty queue]] WARN  grpc.GrpcUtil (GrpcUtil.java:shutdownManagedChannel(216)) - Timed out gracefully shutting down connection: ManagedChannelOrphanWrapper{delegate=ManagedChannelImpl{logId=447, target=localhost:38313}}. 
2022-07-04 07:12:55,078 [Timer-2] INFO  impl.MiniRaftCluster (MiniRaftCluster.java:lambda$null$6(325)) - TIMED-PRINT: printing ALL groups
  s0:  RUNNING    LEADER s0@group-3709D9E7CFD8:t3, leader=s0, voted=s0, raftlog=s0@group-3709D9E7CFD8-SegmentedRaftLog:OPENED:c92, conf=91: [s0|rpc:localhost:36085|admin:localhost:45717|client:localhost:38313|dataStream:localhost:45759|priority:0, s1|rpc:localhost:33645|admin:localhost:44907|client:localhost:35641|dataStream:localhost:33417|priority:0, s2|rpc:localhost:34013|admin:localhost:33311|client:localhost:46431|dataStream:localhost:44537|priority:0], old=null RUNNING
  s1:  RUNNING  FOLLOWER s1@group-3709D9E7CFD8:t3, leader=s0, voted=s0, raftlog=s1@group-3709D9E7CFD8-SegmentedRaftLog:OPENED:c92, conf=91: [s0|rpc:localhost:36085|admin:localhost:45717|client:localhost:38313|dataStream:localhost:45759|priority:0, s1|rpc:localhost:33645|admin:localhost:44907|client:localhost:35641|dataStream:localhost:33417|priority:0, s2|rpc:localhost:34013|admin:localhost:33311|client:localhost:46431|dataStream:localhost:44537|priority:0], old=null RUNNING
  s2:  RUNNING  FOLLOWER s2@group-3709D9E7CFD8:t3, leader=s0, voted=s0, raftlog=s2@group-3709D9E7CFD8-SegmentedRaftLog:OPENED:c92, conf=91: [s0|rpc:localhost:36085|admin:localhost:45717|client:localhost:38313|dataStream:localhost:45759|priority:0, s1|rpc:localhost:33645|admin:localhost:44907|client:localhost:35641|dataStream:localhost:33417|priority:0, s2|rpc:localhost:34013|admin:localhost:33311|client:localhost:46431|dataStream:localhost:44537|priority:0], old=null RUNNING
2022-07-04 07:12:56,654 [java.util.concurrent.ThreadPoolExecutor$Worker@138dd9a8[State = -1, empty queue]] WARN  grpc.GrpcUtil (GrpcUtil.java:shutdownManagedChannel(216)) - Timed out gracefully shutting down connection: ManagedChannelOrphanWrapper{delegate=ManagedChannelImpl{logId=461, target=localhost:38313}}. 
2022-07-04 07:12:59,768 [java.util.concurrent.ThreadPoolExecutor$Worker@495e9bd2[State = -1, empty queue]] WARN  grpc.GrpcUtil (GrpcUtil.java:shutdownManagedChannel(216)) - Timed out gracefully shutting down connection: ManagedChannelOrphanWrapper{delegate=ManagedChannelImpl{logId=475, target=localhost:38313}}. 
2022-07-04 07:13:02,767 [java.util.concurrent.ThreadPoolExecutor$Worker@3e3eb134[State = -1, empty queue]] WARN  grpc.GrpcUtil (GrpcUtil.java:shutdownManagedChannel(216)) - Timed out gracefully shutting down connection: ManagedChannelOrphanWrapper{delegate=ManagedChannelImpl{logId=489, target=localhost:38313}}. 
2022-07-04 07:13:05,079 [Timer-2] INFO  impl.MiniRaftCluster (MiniRaftCluster.java:lambda$null$6(325)) - TIMED-PRINT: printing ALL groups
  s0:  RUNNING    LEADER s0@group-3709D9E7CFD8:t3, leader=s0, voted=s0, raftlog=s0@group-3709D9E7CFD8-SegmentedRaftLog:OPENED:c92, conf=91: [s0|rpc:localhost:36085|admin:localhost:45717|client:localhost:38313|dataStream:localhost:45759|priority:0, s1|rpc:localhost:33645|admin:localhost:44907|client:localhost:35641|dataStream:localhost:33417|priority:0, s2|rpc:localhost:34013|admin:localhost:33311|client:localhost:46431|dataStream:localhost:44537|priority:0], old=null RUNNING
  s1:  RUNNING  FOLLOWER s1@group-3709D9E7CFD8:t3, leader=s0, voted=s0, raftlog=s1@group-3709D9E7CFD8-SegmentedRaftLog:OPENED:c92, conf=91: [s0|rpc:localhost:36085|admin:localhost:45717|client:localhost:38313|dataStream:localhost:45759|priority:0, s1|rpc:localhost:33645|admin:localhost:44907|client:localhost:35641|dataStream:localhost:33417|priority:0, s2|rpc:localhost:34013|admin:localhost:33311|client:localhost:46431|dataStream:localhost:44537|priority:0], old=null RUNNING
  s2:  RUNNING  FOLLOWER s2@group-3709D9E7CFD8:t3, leader=s0, voted=s0, raftlog=s2@group-3709D9E7CFD8-SegmentedRaftLog:OPENED:c92, conf=91: [s0|rpc:localhost:36085|admin:localhost:45717|client:localhost:38313|dataStream:localhost:45759|priority:0, s1|rpc:localhost:33645|admin:localhost:44907|client:localhost:35641|dataStream:localhost:33417|priority:0, s2|rpc:localhost:34013|admin:localhost:33311|client:localhost:46431|dataStream:localhost:44537|priority:0], old=null RUNNING
2022-07-04 07:13:05,885 [java.util.concurrent.ThreadPoolExecutor$Worker@38bc01ac[State = -1, empty queue]] WARN  grpc.GrpcUtil (GrpcUtil.java:shutdownManagedChannel(216)) - Timed out gracefully shutting down connection: ManagedChannelOrphanWrapper{delegate=ManagedChannelImpl{logId=503, target=localhost:38313}}. 
2022-07-04 07:13:08,882 [java.util.concurrent.ThreadPoolExecutor$Worker@57c0bb12[State = -1, empty queue]] WARN  grpc.GrpcUtil (GrpcUtil.java:shutdownManagedChannel(216)) - Timed out gracefully shutting down connection: ManagedChannelOrphanWrapper{delegate=ManagedChannelImpl{logId=517, target=localhost:38313}}. 
2022-07-04 07:13:11,995 [java.util.concurrent.ThreadPoolExecutor$Worker@34644e72[State = -1, empty queue]] WARN  grpc.GrpcUtil (GrpcUtil.java:shutdownManagedChannel(216)) - Timed out gracefully shutting down connection: ManagedChannelOrphanWrapper{delegate=ManagedChannelImpl{logId=531, target=localhost:38313}}. 
2022-07-04 07:13:14,993 [java.util.concurrent.ThreadPoolExecutor$Worker@afb5d4a[State = -1, empty queue]] WARN  grpc.GrpcUtil (GrpcUtil.java:shutdownManagedChannel(216)) - Timed out gracefully shutting down connection: ManagedChannelOrphanWrapper{delegate=ManagedChannelImpl{logId=545, target=localhost:38313}}. 
2022-07-04 07:13:15,078 [Timer-2] INFO  impl.MiniRaftCluster (MiniRaftCluster.java:lambda$null$6(325)) - TIMED-PRINT: printing ALL groups
  s0:  RUNNING    LEADER s0@group-3709D9E7CFD8:t3, leader=s0, voted=s0, raftlog=s0@group-3709D9E7CFD8-SegmentedRaftLog:OPENED:c92, conf=91: [s0|rpc:localhost:36085|admin:localhost:45717|client:localhost:38313|dataStream:localhost:45759|priority:0, s1|rpc:localhost:33645|admin:localhost:44907|client:localhost:35641|dataStream:localhost:33417|priority:0, s2|rpc:localhost:34013|admin:localhost:33311|client:localhost:46431|dataStream:localhost:44537|priority:0], old=null RUNNING
  s1:  RUNNING  FOLLOWER s1@group-3709D9E7CFD8:t3, leader=s0, voted=s0, raftlog=s1@group-3709D9E7CFD8-SegmentedRaftLog:OPENED:c92, conf=91: [s0|rpc:localhost:36085|admin:localhost:45717|client:localhost:38313|dataStream:localhost:45759|priority:0, s1|rpc:localhost:33645|admin:localhost:44907|client:localhost:35641|dataStream:localhost:33417|priority:0, s2|rpc:localhost:34013|admin:localhost:33311|client:localhost:46431|dataStream:localhost:44537|priority:0], old=null RUNNING
  s2:  RUNNING  FOLLOWER s2@group-3709D9E7CFD8:t3, leader=s0, voted=s0, raftlog=s2@group-3709D9E7CFD8-SegmentedRaftLog:OPENED:c92, conf=91: [s0|rpc:localhost:36085|admin:localhost:45717|client:localhost:38313|dataStream:localhost:45759|priority:0, s1|rpc:localhost:33645|admin:localhost:44907|client:localhost:35641|dataStream:localhost:33417|priority:0, s2|rpc:localhost:34013|admin:localhost:33311|client:localhost:46431|dataStream:localhost:44537|priority:0], old=null RUNNING
2022-07-04 07:13:18,108 [java.util.concurrent.ThreadPoolExecutor$Worker@bc1fd66[State = -1, empty queue]] WARN  grpc.GrpcUtil (GrpcUtil.java:shutdownManagedChannel(216)) - Timed out gracefully shutting down connection: ManagedChannelOrphanWrapper{delegate=ManagedChannelImpl{logId=559, target=localhost:38313}}. 
2022-07-04 07:13:21,103 [java.util.concurrent.ThreadPoolExecutor$Worker@349869a2[State = -1, empty queue]] WARN  grpc.GrpcUtil (GrpcUtil.java:shutdownManagedChannel(216)) - Timed out gracefully shutting down connection: ManagedChannelOrphanWrapper{delegate=ManagedChannelImpl{logId=573, target=localhost:38313}}. 
2022-07-04 07:13:24,221 [java.util.concurrent.ThreadPoolExecutor$Worker@1d876599[State = -1, empty queue]] WARN  grpc.GrpcUtil (GrpcUtil.java:shutdownManagedChannel(216)) - Timed out gracefully shutting down connection: ManagedChannelOrphanWrapper{delegate=ManagedChannelImpl{logId=587, target=localhost:38313}}. 
2022-07-04 07:13:25,079 [Timer-2] INFO  impl.MiniRaftCluster (MiniRaftCluster.java:lambda$null$6(325)) - TIMED-PRINT: printing ALL groups
  s0:  RUNNING    LEADER s0@group-3709D9E7CFD8:t3, leader=s0, voted=s0, raftlog=s0@group-3709D9E7CFD8-SegmentedRaftLog:OPENED:c92, conf=91: [s0|rpc:localhost:36085|admin:localhost:45717|client:localhost:38313|dataStream:localhost:45759|priority:0, s1|rpc:localhost:33645|admin:localhost:44907|client:localhost:35641|dataStream:localhost:33417|priority:0, s2|rpc:localhost:34013|admin:localhost:33311|client:localhost:46431|dataStream:localhost:44537|priority:0], old=null RUNNING
  s1:  RUNNING  FOLLOWER s1@group-3709D9E7CFD8:t3, leader=s0, voted=s0, raftlog=s1@group-3709D9E7CFD8-SegmentedRaftLog:OPENED:c92, conf=91: [s0|rpc:localhost:36085|admin:localhost:45717|client:localhost:38313|dataStream:localhost:45759|priority:0, s1|rpc:localhost:33645|admin:localhost:44907|client:localhost:35641|dataStream:localhost:33417|priority:0, s2|rpc:localhost:34013|admin:localhost:33311|client:localhost:46431|dataStream:localhost:44537|priority:0], old=null RUNNING
  s2:  RUNNING  FOLLOWER s2@group-3709D9E7CFD8:t3, leader=s0, voted=s0, raftlog=s2@group-3709D9E7CFD8-SegmentedRaftLog:OPENED:c92, conf=91: [s0|rpc:localhost:36085|admin:localhost:45717|client:localhost:38313|dataStream:localhost:45759|priority:0, s1|rpc:localhost:33645|admin:localhost:44907|client:localhost:35641|dataStream:localhost:33417|priority:0, s2|rpc:localhost:34013|admin:localhost:33311|client:localhost:46431|dataStream:localhost:44537|priority:0], old=null RUNNING
2022-07-04 07:13:27,221 [java.util.concurrent.ThreadPoolExecutor$Worker@7d6ac84e[State = -1, empty queue]] WARN  grpc.GrpcUtil (GrpcUtil.java:shutdownManagedChannel(216)) - Timed out gracefully shutting down connection: ManagedChannelOrphanWrapper{delegate=ManagedChannelImpl{logId=601, target=localhost:38313}}. 
2022-07-04 07:13:30,332 [java.util.concurrent.ThreadPoolExecutor$Worker@350d2126[State = -1, empty queue]] WARN  grpc.GrpcUtil (GrpcUtil.java:shutdownManagedChannel(216)) - Timed out gracefully shutting down connection: ManagedChannelOrphanWrapper{delegate=ManagedChannelImpl{logId=615, target=localhost:38313}}. 
2022-07-04 07:13:33,335 [java.util.concurrent.ThreadPoolExecutor$Worker@70fd21f9[State = -1, empty queue]] WARN  grpc.GrpcUtil (GrpcUtil.java:shutdownManagedChannel(216)) - Timed out gracefully shutting down connection: ManagedChannelOrphanWrapper{delegate=ManagedChannelImpl{logId=629, target=localhost:38313}}. 
2022-07-04 07:13:35,078 [Timer-2] INFO  impl.MiniRaftCluster (MiniRaftCluster.java:lambda$null$6(325)) - TIMED-PRINT: printing ALL groups
  s0:  RUNNING    LEADER s0@group-3709D9E7CFD8:t3, leader=s0, voted=s0, raftlog=s0@group-3709D9E7CFD8-SegmentedRaftLog:OPENED:c92, conf=91: [s0|rpc:localhost:36085|admin:localhost:45717|client:localhost:38313|dataStream:localhost:45759|priority:0, s1|rpc:localhost:33645|admin:localhost:44907|client:localhost:35641|dataStream:localhost:33417|priority:0, s2|rpc:localhost:34013|admin:localhost:33311|client:localhost:46431|dataStream:localhost:44537|priority:0], old=null RUNNING
  s1:  RUNNING  FOLLOWER s1@group-3709D9E7CFD8:t3, leader=s0, voted=s0, raftlog=s1@group-3709D9E7CFD8-SegmentedRaftLog:OPENED:c92, conf=91: [s0|rpc:localhost:36085|admin:localhost:45717|client:localhost:38313|dataStream:localhost:45759|priority:0, s1|rpc:localhost:33645|admin:localhost:44907|client:localhost:35641|dataStream:localhost:33417|priority:0, s2|rpc:localhost:34013|admin:localhost:33311|client:localhost:46431|dataStream:localhost:44537|priority:0], old=null RUNNING
  s2:  RUNNING  FOLLOWER s2@group-3709D9E7CFD8:t3, leader=s0, voted=s0, raftlog=s2@group-3709D9E7CFD8-SegmentedRaftLog:OPENED:c92, conf=91: [s0|rpc:localhost:36085|admin:localhost:45717|client:localhost:38313|dataStream:localhost:45759|priority:0, s1|rpc:localhost:33645|admin:localhost:44907|client:localhost:35641|dataStream:localhost:33417|priority:0, s2|rpc:localhost:34013|admin:localhost:33311|client:localhost:46431|dataStream:localhost:44537|priority:0], old=null RUNNING
2022-07-04 07:13:36,441 [java.util.concurrent.ThreadPoolExecutor$Worker@4b1ac39[State = -1, empty queue]] WARN  grpc.GrpcUtil (GrpcUtil.java:shutdownManagedChannel(216)) - Timed out gracefully shutting down connection: ManagedChannelOrphanWrapper{delegate=ManagedChannelImpl{logId=643, target=localhost:38313}}. 
2022-07-04 07:13:39,446 [java.util.concurrent.ThreadPoolExecutor$Worker@ba8eef[State = -1, empty queue]] WARN  grpc.GrpcUtil (GrpcUtil.java:shutdownManagedChannel(216)) - Timed out gracefully shutting down connection: ManagedChannelOrphanWrapper{delegate=ManagedChannelImpl{logId=657, target=localhost:38313}}. 
2022-07-04 07:13:42,560 [java.util.concurrent.ThreadPoolExecutor$Worker@199c861d[State = -1, empty queue]] WARN  grpc.GrpcUtil (GrpcUtil.java:shutdownManagedChannel(216)) - Timed out gracefully shutting down connection: ManagedChannelOrphanWrapper{delegate=ManagedChannelImpl{logId=671, target=localhost:38313}}. 
2022-07-04 07:13:42,752 [s0-client-thread2] INFO  statemachine.StateMachine (DataStreamTestUtils.java:link(157)) - link null
2022-07-04 07:13:42,759 [s1-server-thread1] INFO  statemachine.StateMachine (DataStreamTestUtils.java:link(157)) - link null
2022-07-04 07:13:42,759 [s2-server-thread1] INFO  statemachine.StateMachine (DataStreamTestUtils.java:link(157)) - link null
2022-07-04 07:13:45,079 [Timer-2] INFO  impl.MiniRaftCluster (MiniRaftCluster.java:lambda$null$6(325)) - TIMED-PRINT: printing ALL groups
  s0:  RUNNING    LEADER s0@group-3709D9E7CFD8:t3, leader=s0, voted=s0, raftlog=s0@group-3709D9E7CFD8-SegmentedRaftLog:OPENED:c92, conf=91: [s0|rpc:localhost:36085|admin:localhost:45717|client:localhost:38313|dataStream:localhost:45759|priority:0, s1|rpc:localhost:33645|admin:localhost:44907|client:localhost:35641|dataStream:localhost:33417|priority:0, s2|rpc:localhost:34013|admin:localhost:33311|client:localhost:46431|dataStream:localhost:44537|priority:0], old=null RUNNING
  s1:  RUNNING  FOLLOWER s1@group-3709D9E7CFD8:t3, leader=s0, voted=s0, raftlog=s1@group-3709D9E7CFD8-SegmentedRaftLog:OPENED:c92, conf=91: [s0|rpc:localhost:36085|admin:localhost:45717|client:localhost:38313|dataStream:localhost:45759|priority:0, s1|rpc:localhost:33645|admin:localhost:44907|client:localhost:35641|dataStream:localhost:33417|priority:0, s2|rpc:localhost:34013|admin:localhost:33311|client:localhost:46431|dataStream:localhost:44537|priority:0], old=null RUNNING
  s2:  RUNNING  FOLLOWER s2@group-3709D9E7CFD8:t3, leader=s0, voted=s0, raftlog=s2@group-3709D9E7CFD8-SegmentedRaftLog:OPENED:c92, conf=91: [s0|rpc:localhost:36085|admin:localhost:45717|client:localhost:38313|dataStream:localhost:45759|priority:0, s1|rpc:localhost:33645|admin:localhost:44907|client:localhost:35641|dataStream:localhost:33417|priority:0, s2|rpc:localhost:34013|admin:localhost:33311|client:localhost:46431|dataStream:localhost:44537|priority:0], old=null RUNNING
2022-07-04 07:13:45,559 [java.util.concurrent.ThreadPoolExecutor$Worker@2ddde80b[State = -1, empty queue]] WARN  grpc.GrpcUtil (GrpcUtil.java:shutdownManagedChannel(216)) - Timed out gracefully shutting down connection: ManagedChannelOrphanWrapper{delegate=ManagedChannelImpl{logId=685, target=localhost:38313}}. 
2022-07-04 07:13:45,670 [s0-client-thread2] INFO  statemachine.StateMachine (DataStreamTestUtils.java:link(157)) - link null
2022-07-04 07:13:45,673 [s2-server-thread1] INFO  statemachine.StateMachine (DataStreamTestUtils.java:link(157)) - link null
2022-07-04 07:13:45,677 [s1-server-thread1] INFO  statemachine.StateMachine (DataStreamTestUtils.java:link(157)) - link null
2022-07-04 07:13:48,671 [java.util.concurrent.ThreadPoolExecutor$Worker@3fe82106[State = -1, empty queue]] WARN  grpc.GrpcUtil (GrpcUtil.java:shutdownManagedChannel(216)) - Timed out gracefully shutting down connection: ManagedChannelOrphanWrapper{delegate=ManagedChannelImpl{logId=699, target=localhost:38313}}. 
2022-07-04 07:13:48,673 [java.util.concurrent.ThreadPoolExecutor$Worker@3fe82106[State = -1, empty queue]] WARN  server.GrpcLogAppender (GrpcLogAppender.java:timeoutAppendRequest(240)) - s0@group-3709D9E7CFD8->s1-GrpcLogAppender:  appendEntries Timeout, request=AppendEntriesRequest:cid=811,entriesCount=1,lastEntry=(t:3, i:95)
2022-07-04 07:13:48,674 [java.util.concurrent.ThreadPoolExecutor$Worker@3fe82106[State = -1, empty queue]] WARN  server.GrpcLogAppender (GrpcLogAppender.java:timeoutAppendRequest(240)) - s0@group-3709D9E7CFD8->s2-GrpcLogAppender:  appendEntries Timeout, request=AppendEntriesRequest:cid=819,entriesCount=1,lastEntry=(t:3, i:95)
2022-07-04 07:13:51,671 [java.util.concurrent.ThreadPoolExecutor$Worker@5c4aae96[State = -1, empty queue]] WARN  grpc.GrpcUtil (GrpcUtil.java:shutdownManagedChannel(216)) - Timed out gracefully shutting down connection: ManagedChannelOrphanWrapper{delegate=ManagedChannelImpl{logId=713, target=localhost:38313}}. 
2022-07-04 07:13:51,673 [java.util.concurrent.ThreadPoolExecutor$Worker@5c4aae96[State = -1, empty queue]] WARN  server.GrpcLogAppender (GrpcLogAppender.java:timeoutAppendRequest(240)) - s0@group-3709D9E7CFD8->s1-GrpcLogAppender:  appendEntries Timeout, request=AppendEntriesRequest:cid=850,entriesCount=1,lastEntry=(t:3, i:96)
2022-07-04 07:13:51,673 [java.util.concurrent.ThreadPoolExecutor$Worker@5c4aae96[State = -1, empty queue]] WARN  server.GrpcLogAppender (GrpcLogAppender.java:timeoutAppendRequest(240)) - s0@group-3709D9E7CFD8->s2-GrpcLogAppender:  appendEntries Timeout, request=AppendEntriesRequest:cid=858,entriesCount=1,lastEntry=(t:3, i:96)
2022-07-04 07:13:54,781 [java.util.concurrent.ThreadPoolExecutor$Worker@5787fbe8[State = -1, empty queue]] WARN  grpc.GrpcUtil (GrpcUtil.java:shutdownManagedChannel(216)) - Timed out gracefully shutting down connection: ManagedChannelOrphanWrapper{delegate=ManagedChannelImpl{logId=727, target=localhost:38313}}. 
2022-07-04 07:13:55,078 [Timer-2] INFO  impl.MiniRaftCluster (MiniRaftCluster.java:lambda$null$6(325)) - TIMED-PRINT: printing ALL groups
  s0:  RUNNING    LEADER s0@group-3709D9E7CFD8:t3, leader=s0, voted=s0, raftlog=s0@group-3709D9E7CFD8-SegmentedRaftLog:OPENED:c92, conf=91: [s0|rpc:localhost:36085|admin:localhost:45717|client:localhost:38313|dataStream:localhost:45759|priority:0, s1|rpc:localhost:33645|admin:localhost:44907|client:localhost:35641|dataStream:localhost:33417|priority:0, s2|rpc:localhost:34013|admin:localhost:33311|client:localhost:46431|dataStream:localhost:44537|priority:0], old=null RUNNING
  s1:  RUNNING  FOLLOWER s1@group-3709D9E7CFD8:t3, leader=s0, voted=s0, raftlog=s1@group-3709D9E7CFD8-SegmentedRaftLog:OPENED:c92, conf=91: [s0|rpc:localhost:36085|admin:localhost:45717|client:localhost:38313|dataStream:localhost:45759|priority:0, s1|rpc:localhost:33645|admin:localhost:44907|client:localhost:35641|dataStream:localhost:33417|priority:0, s2|rpc:localhost:34013|admin:localhost:33311|client:localhost:46431|dataStream:localhost:44537|priority:0], old=null RUNNING
  s2:  RUNNING  FOLLOWER s2@group-3709D9E7CFD8:t3, leader=s0, voted=s0, raftlog=s2@group-3709D9E7CFD8-SegmentedRaftLog:OPENED:c92, conf=91: [s0|rpc:localhost:36085|admin:localhost:45717|client:localhost:38313|dataStream:localhost:45759|priority:0, s1|rpc:localhost:33645|admin:localhost:44907|client:localhost:35641|dataStream:localhost:33417|priority:0, s2|rpc:localhost:34013|admin:localhost:33311|client:localhost:46431|dataStream:localhost:44537|priority:0], old=null RUNNING
2022-07-04 07:13:57,785 [java.util.concurrent.ThreadPoolExecutor$Worker@6838ed8b[State = -1, empty queue]] WARN  grpc.GrpcUtil (GrpcUtil.java:shutdownManagedChannel(216)) - Timed out gracefully shutting down connection: ManagedChannelOrphanWrapper{delegate=ManagedChannelImpl{logId=741, target=localhost:38313}}. 
2022-07-04 07:14:00,894 [java.util.concurrent.ThreadPoolExecutor$Worker@24e9069a[State = -1, empty queue]] WARN  grpc.GrpcUtil (GrpcUtil.java:shutdownManagedChannel(216)) - Timed out gracefully shutting down connection: ManagedChannelOrphanWrapper{delegate=ManagedChannelImpl{logId=755, target=localhost:38313}}. 
2022-07-04 07:14:03,895 [java.util.concurrent.ThreadPoolExecutor$Worker@519f5f8b[State = -1, empty queue]] WARN  grpc.GrpcUtil (GrpcUtil.java:shutdownManagedChannel(216)) - Timed out gracefully shutting down connection: ManagedChannelOrphanWrapper{delegate=ManagedChannelImpl{logId=769, target=localhost:38313}}. 
2022-07-04 07:14:05,078 [Timer-2] INFO  impl.MiniRaftCluster (MiniRaftCluster.java:lambda$null$6(325)) - TIMED-PRINT: printing ALL groups
  s0:  RUNNING    LEADER s0@group-3709D9E7CFD8:t3, leader=s0, voted=s0, raftlog=s0@group-3709D9E7CFD8-SegmentedRaftLog:OPENED:c92, conf=91: [s0|rpc:localhost:36085|admin:localhost:45717|client:localhost:38313|dataStream:localhost:45759|priority:0, s1|rpc:localhost:33645|admin:localhost:44907|client:localhost:35641|dataStream:localhost:33417|priority:0, s2|rpc:localhost:34013|admin:localhost:33311|client:localhost:46431|dataStream:localhost:44537|priority:0], old=null RUNNING
  s1:  RUNNING  FOLLOWER s1@group-3709D9E7CFD8:t3, leader=s0, voted=s0, raftlog=s1@group-3709D9E7CFD8-SegmentedRaftLog:OPENED:c92, conf=91: [s0|rpc:localhost:36085|admin:localhost:45717|client:localhost:38313|dataStream:localhost:45759|priority:0, s1|rpc:localhost:33645|admin:localhost:44907|client:localhost:35641|dataStream:localhost:33417|priority:0, s2|rpc:localhost:34013|admin:localhost:33311|client:localhost:46431|dataStream:localhost:44537|priority:0], old=null RUNNING
  s2:  RUNNING  FOLLOWER s2@group-3709D9E7CFD8:t3, leader=s0, voted=s0, raftlog=s2@group-3709D9E7CFD8-SegmentedRaftLog:OPENED:c92, conf=91: [s0|rpc:localhost:36085|admin:localhost:45717|client:localhost:38313|dataStream:localhost:45759|priority:0, s1|rpc:localhost:33645|admin:localhost:44907|client:localhost:35641|dataStream:localhost:33417|priority:0, s2|rpc:localhost:34013|admin:localhost:33311|client:localhost:46431|dataStream:localhost:44537|priority:0], old=null RUNNING
2022-07-04 07:14:07,009 [java.util.concurrent.ThreadPoolExecutor$Worker@33a43cfb[State = -1, empty queue]] WARN  grpc.GrpcUtil (GrpcUtil.java:shutdownManagedChannel(216)) - Timed out gracefully shutting down connection: ManagedChannelOrphanWrapper{delegate=ManagedChannelImpl{logId=783, target=localhost:38313}}. 
2022-07-04 07:14:10,010 [java.util.concurrent.ThreadPoolExecutor$Worker@35bbd339[State = -1, empty queue]] WARN  grpc.GrpcUtil (GrpcUtil.java:shutdownManagedChannel(216)) - Timed out gracefully shutting down connection: ManagedChannelOrphanWrapper{delegate=ManagedChannelImpl{logId=797, target=localhost:38313}}. 
2022-07-04 07:14:13,122 [java.util.concurrent.ThreadPoolExecutor$Worker@6f3bf54b[State = -1, empty queue]] WARN  grpc.GrpcUtil (GrpcUtil.java:shutdownManagedChannel(216)) - Timed out gracefully shutting down connection: ManagedChannelOrphanWrapper{delegate=ManagedChannelImpl{logId=811, target=localhost:38313}}. 
2022-07-04 07:14:15,078 [Timer-2] INFO  impl.MiniRaftCluster (MiniRaftCluster.java:lambda$null$6(325)) - TIMED-PRINT: printing ALL groups
  s0:  RUNNING    LEADER s0@group-3709D9E7CFD8:t3, leader=s0, voted=s0, raftlog=s0@group-3709D9E7CFD8-SegmentedRaftLog:OPENED:c92, conf=91: [s0|rpc:localhost:36085|admin:localhost:45717|client:localhost:38313|dataStream:localhost:45759|priority:0, s1|rpc:localhost:33645|admin:localhost:44907|client:localhost:35641|dataStream:localhost:33417|priority:0, s2|rpc:localhost:34013|admin:localhost:33311|client:localhost:46431|dataStream:localhost:44537|priority:0], old=null RUNNING
  s1:  RUNNING  FOLLOWER s1@group-3709D9E7CFD8:t3, leader=s0, voted=s0, raftlog=s1@group-3709D9E7CFD8-SegmentedRaftLog:OPENED:c92, conf=91: [s0|rpc:localhost:36085|admin:localhost:45717|client:localhost:38313|dataStream:localhost:45759|priority:0, s1|rpc:localhost:33645|admin:localhost:44907|client:localhost:35641|dataStream:localhost:33417|priority:0, s2|rpc:localhost:34013|admin:localhost:33311|client:localhost:46431|dataStream:localhost:44537|priority:0], old=null RUNNING
  s2:  RUNNING  FOLLOWER s2@group-3709D9E7CFD8:t3, leader=s0, voted=s0, raftlog=s2@group-3709D9E7CFD8-SegmentedRaftLog:OPENED:c92, conf=91: [s0|rpc:localhost:36085|admin:localhost:45717|client:localhost:38313|dataStream:localhost:45759|priority:0, s1|rpc:localhost:33645|admin:localhost:44907|client:localhost:35641|dataStream:localhost:33417|priority:0, s2|rpc:localhost:34013|admin:localhost:33311|client:localhost:46431|dataStream:localhost:44537|priority:0], old=null RUNNING
2022-07-04 07:14:16,126 [java.util.concurrent.ThreadPoolExecutor$Worker@396336ae[State = -1, empty queue]] WARN  grpc.GrpcUtil (GrpcUtil.java:shutdownManagedChannel(216)) - Timed out gracefully shutting down connection: ManagedChannelOrphanWrapper{delegate=ManagedChannelImpl{logId=825, target=localhost:38313}}. 
2022-07-04 07:14:19,234 [java.util.concurrent.ThreadPoolExecutor$Worker@2f392918[State = -1, empty queue]] WARN  grpc.GrpcUtil (GrpcUtil.java:shutdownManagedChannel(216)) - Timed out gracefully shutting down connection: ManagedChannelOrphanWrapper{delegate=ManagedChannelImpl{logId=839, target=localhost:38313}}. 
2022-07-04 07:14:22,235 [java.util.concurrent.ThreadPoolExecutor$Worker@1e04cb4e[State = -1, empty queue]] WARN  grpc.GrpcUtil (GrpcUtil.java:shutdownManagedChannel(216)) - Timed out gracefully shutting down connection: ManagedChannelOrphanWrapper{delegate=ManagedChannelImpl{logId=853, target=localhost:38313}}. 
2022-07-04 07:14:25,078 [Timer-2] INFO  impl.MiniRaftCluster (MiniRaftCluster.java:lambda$null$6(325)) - TIMED-PRINT: printing ALL groups
  s0:  RUNNING    LEADER s0@group-3709D9E7CFD8:t3, leader=s0, voted=s0, raftlog=s0@group-3709D9E7CFD8-SegmentedRaftLog:OPENED:c92, conf=91: [s0|rpc:localhost:36085|admin:localhost:45717|client:localhost:38313|dataStream:localhost:45759|priority:0, s1|rpc:localhost:33645|admin:localhost:44907|client:localhost:35641|dataStream:localhost:33417|priority:0, s2|rpc:localhost:34013|admin:localhost:33311|client:localhost:46431|dataStream:localhost:44537|priority:0], old=null RUNNING
  s1:  RUNNING  FOLLOWER s1@group-3709D9E7CFD8:t3, leader=s0, voted=s0, raftlog=s1@group-3709D9E7CFD8-SegmentedRaftLog:OPENED:c92, conf=91: [s0|rpc:localhost:36085|admin:localhost:45717|client:localhost:38313|dataStream:localhost:45759|priority:0, s1|rpc:localhost:33645|admin:localhost:44907|client:localhost:35641|dataStream:localhost:33417|priority:0, s2|rpc:localhost:34013|admin:localhost:33311|client:localhost:46431|dataStream:localhost:44537|priority:0], old=null RUNNING
  s2:  RUNNING  FOLLOWER s2@group-3709D9E7CFD8:t3, leader=s0, voted=s0, raftlog=s2@group-3709D9E7CFD8-SegmentedRaftLog:OPENED:c92, conf=91: [s0|rpc:localhost:36085|admin:localhost:45717|client:localhost:38313|dataStream:localhost:45759|priority:0, s1|rpc:localhost:33645|admin:localhost:44907|client:localhost:35641|dataStream:localhost:33417|priority:0, s2|rpc:localhost:34013|admin:localhost:33311|client:localhost:46431|dataStream:localhost:44537|priority:0], old=null RUNNING
2022-07-04 07:14:25,344 [java.util.concurrent.ThreadPoolExecutor$Worker@6728c56e[State = -1, empty queue]] WARN  grpc.GrpcUtil (GrpcUtil.java:shutdownManagedChannel(216)) - Timed out gracefully shutting down connection: ManagedChannelOrphanWrapper{delegate=ManagedChannelImpl{logId=867, target=localhost:38313}}. 
2022-07-04 07:14:28,345 [java.util.concurrent.ThreadPoolExecutor$Worker@2480f080[State = -1, empty queue]] WARN  grpc.GrpcUtil (GrpcUtil.java:shutdownManagedChannel(216)) - Timed out gracefully shutting down connection: ManagedChannelOrphanWrapper{delegate=ManagedChannelImpl{logId=881, target=localhost:38313}}. 
2022-07-04 07:14:31,457 [java.util.concurrent.ThreadPoolExecutor$Worker@11e1488c[State = -1, empty queue]] WARN  grpc.GrpcUtil (GrpcUtil.java:shutdownManagedChannel(216)) - Timed out gracefully shutting down connection: ManagedChannelOrphanWrapper{delegate=ManagedChannelImpl{logId=895, target=localhost:38313}}. 
2022-07-04 07:14:34,456 [java.util.concurrent.ThreadPoolExecutor$Worker@32edb723[State = -1, empty queue]] WARN  grpc.GrpcUtil (GrpcUtil.java:shutdownManagedChannel(216)) - Timed out gracefully shutting down connection: ManagedChannelOrphanWrapper{delegate=ManagedChannelImpl{logId=909, target=localhost:38313}}. 
2022-07-04 07:14:35,078 [Timer-2] INFO  impl.MiniRaftCluster (MiniRaftCluster.java:lambda$null$6(325)) - TIMED-PRINT: printing ALL groups
  s0:  RUNNING    LEADER s0@group-3709D9E7CFD8:t3, leader=s0, voted=s0, raftlog=s0@group-3709D9E7CFD8-SegmentedRaftLog:OPENED:c92, conf=91: [s0|rpc:localhost:36085|admin:localhost:45717|client:localhost:38313|dataStream:localhost:45759|priority:0, s1|rpc:localhost:33645|admin:localhost:44907|client:localhost:35641|dataStream:localhost:33417|priority:0, s2|rpc:localhost:34013|admin:localhost:33311|client:localhost:46431|dataStream:localhost:44537|priority:0], old=null RUNNING
  s1:  RUNNING  FOLLOWER s1@group-3709D9E7CFD8:t3, leader=s0, voted=s0, raftlog=s1@group-3709D9E7CFD8-SegmentedRaftLog:OPENED:c92, conf=91: [s0|rpc:localhost:36085|admin:localhost:45717|client:localhost:38313|dataStream:localhost:45759|priority:0, s1|rpc:localhost:33645|admin:localhost:44907|client:localhost:35641|dataStream:localhost:33417|priority:0, s2|rpc:localhost:34013|admin:localhost:33311|client:localhost:46431|dataStream:localhost:44537|priority:0], old=null RUNNING
  s2:  RUNNING  FOLLOWER s2@group-3709D9E7CFD8:t3, leader=s0, voted=s0, raftlog=s2@group-3709D9E7CFD8-SegmentedRaftLog:OPENED:c92, conf=91: [s0|rpc:localhost:36085|admin:localhost:45717|client:localhost:38313|dataStream:localhost:45759|priority:0, s1|rpc:localhost:33645|admin:localhost:44907|client:localhost:35641|dataStream:localhost:33417|priority:0, s2|rpc:localhost:34013|admin:localhost:33311|client:localhost:46431|dataStream:localhost:44537|priority:0], old=null RUNNING
2022-07-04 07:14:37,572 [java.util.concurrent.ThreadPoolExecutor$Worker@497e2a50[State = -1, empty queue]] WARN  grpc.GrpcUtil (GrpcUtil.java:shutdownManagedChannel(216)) - Timed out gracefully shutting down connection: ManagedChannelOrphanWrapper{delegate=ManagedChannelImpl{logId=923, target=localhost:38313}}. 
2022-07-04 07:14:40,567 [java.util.concurrent.ThreadPoolExecutor$Worker@65f65e28[State = -1, empty queue]] WARN  grpc.GrpcUtil (GrpcUtil.java:shutdownManagedChannel(216)) - Timed out gracefully shutting down connection: ManagedChannelOrphanWrapper{delegate=ManagedChannelImpl{logId=937, target=localhost:38313}}. 
2022-07-04 07:14:43,682 [java.util.concurrent.ThreadPoolExecutor$Worker@46be9270[State = -1, empty queue]] WARN  grpc.GrpcUtil (GrpcUtil.java:shutdownManagedChannel(216)) - Timed out gracefully shutting down connection: ManagedChannelOrphanWrapper{delegate=ManagedChannelImpl{logId=951, target=localhost:38313}}. 
2022-07-04 07:14:43,800 [s0-client-thread2] INFO  statemachine.StateMachine (DataStreamTestUtils.java:link(157)) - link null
2022-07-04 07:14:43,801 [s2-server-thread1] INFO  statemachine.StateMachine (DataStreamTestUtils.java:link(157)) - link null
2022-07-04 07:14:43,801 [s1-server-thread1] INFO  statemachine.StateMachine (DataStreamTestUtils.java:link(157)) - link null
2022-07-04 07:14:45,079 [Timer-2] INFO  impl.MiniRaftCluster (MiniRaftCluster.java:lambda$null$6(325)) - TIMED-PRINT: printing ALL groups
  s0:  RUNNING    LEADER s0@group-3709D9E7CFD8:t3, leader=s0, voted=s0, raftlog=s0@group-3709D9E7CFD8-SegmentedRaftLog:OPENED:c92, conf=91: [s0|rpc:localhost:36085|admin:localhost:45717|client:localhost:38313|dataStream:localhost:45759|priority:0, s1|rpc:localhost:33645|admin:localhost:44907|client:localhost:35641|dataStream:localhost:33417|priority:0, s2|rpc:localhost:34013|admin:localhost:33311|client:localhost:46431|dataStream:localhost:44537|priority:0], old=null RUNNING
  s1:  RUNNING  FOLLOWER s1@group-3709D9E7CFD8:t3, leader=s0, voted=s0, raftlog=s1@group-3709D9E7CFD8-SegmentedRaftLog:OPENED:c92, conf=91: [s0|rpc:localhost:36085|admin:localhost:45717|client:localhost:38313|dataStream:localhost:45759|priority:0, s1|rpc:localhost:33645|admin:localhost:44907|client:localhost:35641|dataStream:localhost:33417|priority:0, s2|rpc:localhost:34013|admin:localhost:33311|client:localhost:46431|dataStream:localhost:44537|priority:0], old=null RUNNING
  s2:  RUNNING  FOLLOWER s2@group-3709D9E7CFD8:t3, leader=s0, voted=s0, raftlog=s2@group-3709D9E7CFD8-SegmentedRaftLog:OPENED:c92, conf=91: [s0|rpc:localhost:36085|admin:localhost:45717|client:localhost:38313|dataStream:localhost:45759|priority:0, s1|rpc:localhost:33645|admin:localhost:44907|client:localhost:35641|dataStream:localhost:33417|priority:0, s2|rpc:localhost:34013|admin:localhost:33311|client:localhost:46431|dataStream:localhost:44537|priority:0], old=null RUNNING
2022-07-04 07:14:46,679 [java.util.concurrent.ThreadPoolExecutor$Worker@497b1fbf[State = -1, empty queue]] WARN  grpc.GrpcUtil (GrpcUtil.java:shutdownManagedChannel(216)) - Timed out gracefully shutting down connection: ManagedChannelOrphanWrapper{delegate=ManagedChannelImpl{logId=965, target=localhost:38313}}. 
2022-07-04 07:14:46,792 [s0-client-thread2] INFO  statemachine.StateMachine (DataStreamTestUtils.java:link(157)) - link null
2022-07-04 07:14:46,792 [s1-server-thread1] INFO  statemachine.StateMachine (DataStreamTestUtils.java:link(157)) - link null
2022-07-04 07:14:46,792 [s2-server-thread1] INFO  statemachine.StateMachine (DataStreamTestUtils.java:link(157)) - link null
2022-07-04 07:14:49,799 [java.util.concurrent.ThreadPoolExecutor$Worker@55686124[State = -1, empty queue]] WARN  grpc.GrpcUtil (GrpcUtil.java:shutdownManagedChannel(216)) - Timed out gracefully shutting down connection: ManagedChannelOrphanWrapper{delegate=ManagedChannelImpl{logId=979, target=localhost:38313}}. 
2022-07-04 07:14:49,801 [java.util.concurrent.ThreadPoolExecutor$Worker@55686124[State = -1, empty queue]] WARN  server.GrpcLogAppender (GrpcLogAppender.java:timeoutAppendRequest(240)) - s0@group-3709D9E7CFD8->s2-GrpcLogAppender:  appendEntries Timeout, request=AppendEntriesRequest:cid=1617,entriesCount=1,lastEntry=(t:3, i:97)
2022-07-04 07:14:49,801 [java.util.concurrent.ThreadPoolExecutor$Worker@55686124[State = -1, empty queue]] WARN  server.GrpcLogAppender (GrpcLogAppender.java:timeoutAppendRequest(240)) - s0@group-3709D9E7CFD8->s1-GrpcLogAppender:  appendEntries Timeout, request=AppendEntriesRequest:cid=1610,entriesCount=1,lastEntry=(t:3, i:97)
2022-07-04 07:14:52,791 [java.util.concurrent.ThreadPoolExecutor$Worker@7a339033[State = -1, empty queue]] WARN  grpc.GrpcUtil (GrpcUtil.java:shutdownManagedChannel(216)) - Timed out gracefully shutting down connection: ManagedChannelOrphanWrapper{delegate=ManagedChannelImpl{logId=993, target=localhost:38313}}. 
2022-07-04 07:14:52,792 [java.util.concurrent.ThreadPoolExecutor$Worker@7a339033[State = -1, empty queue]] WARN  server.GrpcLogAppender (GrpcLogAppender.java:timeoutAppendRequest(240)) - s0@group-3709D9E7CFD8->s2-GrpcLogAppender:  appendEntries Timeout, request=AppendEntriesRequest:cid=1657,entriesCount=1,lastEntry=(t:3, i:98)
2022-07-04 07:14:52,792 [java.util.concurrent.ThreadPoolExecutor$Worker@7a339033[State = -1, empty queue]] WARN  server.GrpcLogAppender (GrpcLogAppender.java:timeoutAppendRequest(240)) - s0@group-3709D9E7CFD8->s1-GrpcLogAppender:  appendEntries Timeout, request=AppendEntriesRequest:cid=1650,entriesCount=1,lastEntry=(t:3, i:98)
2022-07-04 07:14:55,079 [Timer-2] INFO  impl.MiniRaftCluster (MiniRaftCluster.java:lambda$null$6(325)) - TIMED-PRINT: printing ALL groups
  s0:  RUNNING    LEADER s0@group-3709D9E7CFD8:t3, leader=s0, voted=s0, raftlog=s0@group-3709D9E7CFD8-SegmentedRaftLog:OPENED:c92, conf=91: [s0|rpc:localhost:36085|admin:localhost:45717|client:localhost:38313|dataStream:localhost:45759|priority:0, s1|rpc:localhost:33645|admin:localhost:44907|client:localhost:35641|dataStream:localhost:33417|priority:0, s2|rpc:localhost:34013|admin:localhost:33311|client:localhost:46431|dataStream:localhost:44537|priority:0], old=null RUNNING
  s1:  RUNNING  FOLLOWER s1@group-3709D9E7CFD8:t3, leader=s0, voted=s0, raftlog=s1@group-3709D9E7CFD8-SegmentedRaftLog:OPENED:c92, conf=91: [s0|rpc:localhost:36085|admin:localhost:45717|client:localhost:38313|dataStream:localhost:45759|priority:0, s1|rpc:localhost:33645|admin:localhost:44907|client:localhost:35641|dataStream:localhost:33417|priority:0, s2|rpc:localhost:34013|admin:localhost:33311|client:localhost:46431|dataStream:localhost:44537|priority:0], old=null RUNNING
  s2:  RUNNING  FOLLOWER s2@group-3709D9E7CFD8:t3, leader=s0, voted=s0, raftlog=s2@group-3709D9E7CFD8-SegmentedRaftLog:OPENED:c92, conf=91: [s0|rpc:localhost:36085|admin:localhost:45717|client:localhost:38313|dataStream:localhost:45759|priority:0, s1|rpc:localhost:33645|admin:localhost:44907|client:localhost:35641|dataStream:localhost:33417|priority:0, s2|rpc:localhost:34013|admin:localhost:33311|client:localhost:46431|dataStream:localhost:44537|priority:0], old=null RUNNING
2022-07-04 07:14:55,921 [java.util.concurrent.ThreadPoolExecutor$Worker@36821f50[State = -1, empty queue]] WARN  grpc.GrpcUtil (GrpcUtil.java:shutdownManagedChannel(216)) - Timed out gracefully shutting down connection: ManagedChannelOrphanWrapper{delegate=ManagedChannelImpl{logId=1007, target=localhost:38313}}. 
2022-07-04 07:14:58,901 [java.util.concurrent.ThreadPoolExecutor$Worker@35796800[State = -1, empty queue]] WARN  grpc.GrpcUtil (GrpcUtil.java:shutdownManagedChannel(216)) - Timed out gracefully shutting down connection: ManagedChannelOrphanWrapper{delegate=ManagedChannelImpl{logId=1021, target=localhost:38313}}. 
2022-07-04 07:15:02,029 [java.util.concurrent.ThreadPoolExecutor$Worker@4565fcb4[State = -1, empty queue]] WARN  grpc.GrpcUtil (GrpcUtil.java:shutdownManagedChannel(216)) - Timed out gracefully shutting down connection: ManagedChannelOrphanWrapper{delegate=ManagedChannelImpl{logId=1035, target=localhost:38313}}. 
2022-07-04 07:15:05,011 [java.util.concurrent.ThreadPoolExecutor$Worker@7b6751a3[State = -1, empty queue]] WARN  grpc.GrpcUtil (GrpcUtil.java:shutdownManagedChannel(216)) - Timed out gracefully shutting down connection: ManagedChannelOrphanWrapper{delegate=ManagedChannelImpl{logId=1049, target=localhost:38313}}. 
2022-07-04 07:15:05,080 [Timer-2] INFO  impl.MiniRaftCluster (MiniRaftCluster.java:lambda$null$6(325)) - TIMED-PRINT: printing ALL groups
  s0:  RUNNING    LEADER s0@group-3709D9E7CFD8:t3, leader=s0, voted=s0, raftlog=s0@group-3709D9E7CFD8-SegmentedRaftLog:OPENED:c92, conf=91: [s0|rpc:localhost:36085|admin:localhost:45717|client:localhost:38313|dataStream:localhost:45759|priority:0, s1|rpc:localhost:33645|admin:localhost:44907|client:localhost:35641|dataStream:localhost:33417|priority:0, s2|rpc:localhost:34013|admin:localhost:33311|client:localhost:46431|dataStream:localhost:44537|priority:0], old=null RUNNING
  s1:  RUNNING  FOLLOWER s1@group-3709D9E7CFD8:t3, leader=s0, voted=s0, raftlog=s1@group-3709D9E7CFD8-SegmentedRaftLog:OPENED:c92, conf=91: [s0|rpc:localhost:36085|admin:localhost:45717|client:localhost:38313|dataStream:localhost:45759|priority:0, s1|rpc:localhost:33645|admin:localhost:44907|client:localhost:35641|dataStream:localhost:33417|priority:0, s2|rpc:localhost:34013|admin:localhost:33311|client:localhost:46431|dataStream:localhost:44537|priority:0], old=null RUNNING
  s2:  RUNNING  FOLLOWER s2@group-3709D9E7CFD8:t3, leader=s0, voted=s0, raftlog=s2@group-3709D9E7CFD8-SegmentedRaftLog:OPENED:c92, conf=91: [s0|rpc:localhost:36085|admin:localhost:45717|client:localhost:38313|dataStream:localhost:45759|priority:0, s1|rpc:localhost:33645|admin:localhost:44907|client:localhost:35641|dataStream:localhost:33417|priority:0, s2|rpc:localhost:34013|admin:localhost:33311|client:localhost:46431|dataStream:localhost:44537|priority:0], old=null RUNNING
2022-07-04 07:15:08,140 [java.util.concurrent.ThreadPoolExecutor$Worker@6875ad05[State = -1, empty queue]] WARN  grpc.GrpcUtil (GrpcUtil.java:shutdownManagedChannel(216)) - Timed out gracefully shutting down connection: ManagedChannelOrphanWrapper{delegate=ManagedChannelImpl{logId=1063, target=localhost:38313}}. 
2022-07-04 07:15:11,122 [java.util.concurrent.ThreadPoolExecutor$Worker@7db6f40[State = -1, empty queue]] WARN  grpc.GrpcUtil (GrpcUtil.java:shutdownManagedChannel(216)) - Timed out gracefully shutting down connection: ManagedChannelOrphanWrapper{delegate=ManagedChannelImpl{logId=1077, target=localhost:38313}}. 
2022-07-04 07:15:14,248 [java.util.concurrent.ThreadPoolExecutor$Worker@2015f372[State = -1, empty queue]] WARN  grpc.GrpcUtil (GrpcUtil.java:shutdownManagedChannel(216)) - Timed out gracefully shutting down connection: ManagedChannelOrphanWrapper{delegate=ManagedChannelImpl{logId=1091, target=localhost:38313}}. 
2022-07-04 07:15:15,079 [Timer-2] INFO  impl.MiniRaftCluster (MiniRaftCluster.java:lambda$null$6(325)) - TIMED-PRINT: printing ALL groups
  s0:  RUNNING    LEADER s0@group-3709D9E7CFD8:t3, leader=s0, voted=s0, raftlog=s0@group-3709D9E7CFD8-SegmentedRaftLog:OPENED:c92, conf=91: [s0|rpc:localhost:36085|admin:localhost:45717|client:localhost:38313|dataStream:localhost:45759|priority:0, s1|rpc:localhost:33645|admin:localhost:44907|client:localhost:35641|dataStream:localhost:33417|priority:0, s2|rpc:localhost:34013|admin:localhost:33311|client:localhost:46431|dataStream:localhost:44537|priority:0], old=null RUNNING
  s1:  RUNNING  FOLLOWER s1@group-3709D9E7CFD8:t3, leader=s0, voted=s0, raftlog=s1@group-3709D9E7CFD8-SegmentedRaftLog:OPENED:c92, conf=91: [s0|rpc:localhost:36085|admin:localhost:45717|client:localhost:38313|dataStream:localhost:45759|priority:0, s1|rpc:localhost:33645|admin:localhost:44907|client:localhost:35641|dataStream:localhost:33417|priority:0, s2|rpc:localhost:34013|admin:localhost:33311|client:localhost:46431|dataStream:localhost:44537|priority:0], old=null RUNNING
  s2:  RUNNING  FOLLOWER s2@group-3709D9E7CFD8:t3, leader=s0, voted=s0, raftlog=s2@group-3709D9E7CFD8-SegmentedRaftLog:OPENED:c92, conf=91: [s0|rpc:localhost:36085|admin:localhost:45717|client:localhost:38313|dataStream:localhost:45759|priority:0, s1|rpc:localhost:33645|admin:localhost:44907|client:localhost:35641|dataStream:localhost:33417|priority:0, s2|rpc:localhost:34013|admin:localhost:33311|client:localhost:46431|dataStream:localhost:44537|priority:0], old=null RUNNING
2022-07-04 07:15:17,233 [java.util.concurrent.ThreadPoolExecutor$Worker@6591be07[State = -1, empty queue]] WARN  grpc.GrpcUtil (GrpcUtil.java:shutdownManagedChannel(216)) - Timed out gracefully shutting down connection: ManagedChannelOrphanWrapper{delegate=ManagedChannelImpl{logId=1105, target=localhost:38313}}. 
2022-07-04 07:15:20,356 [java.util.concurrent.ThreadPoolExecutor$Worker@4c8c5d3c[State = -1, empty queue]] WARN  grpc.GrpcUtil (GrpcUtil.java:shutdownManagedChannel(216)) - Timed out gracefully shutting down connection: ManagedChannelOrphanWrapper{delegate=ManagedChannelImpl{logId=1119, target=localhost:38313}}. 
2022-07-04 07:15:23,345 [java.util.concurrent.ThreadPoolExecutor$Worker@2cf075e8[State = -1, empty queue]] WARN  grpc.GrpcUtil (GrpcUtil.java:shutdownManagedChannel(216)) - Timed out gracefully shutting down connection: ManagedChannelOrphanWrapper{delegate=ManagedChannelImpl{logId=1133, target=localhost:38313}}. 
2022-07-04 07:15:25,079 [Timer-2] INFO  impl.MiniRaftCluster (MiniRaftCluster.java:lambda$null$6(325)) - TIMED-PRINT: printing ALL groups
  s0:  RUNNING    LEADER s0@group-3709D9E7CFD8:t3, leader=s0, voted=s0, raftlog=s0@group-3709D9E7CFD8-SegmentedRaftLog:OPENED:c92, conf=91: [s0|rpc:localhost:36085|admin:localhost:45717|client:localhost:38313|dataStream:localhost:45759|priority:0, s1|rpc:localhost:33645|admin:localhost:44907|client:localhost:35641|dataStream:localhost:33417|priority:0, s2|rpc:localhost:34013|admin:localhost:33311|client:localhost:46431|dataStream:localhost:44537|priority:0], old=null RUNNING
  s1:  RUNNING  FOLLOWER s1@group-3709D9E7CFD8:t3, leader=s0, voted=s0, raftlog=s1@group-3709D9E7CFD8-SegmentedRaftLog:OPENED:c92, conf=91: [s0|rpc:localhost:36085|admin:localhost:45717|client:localhost:38313|dataStream:localhost:45759|priority:0, s1|rpc:localhost:33645|admin:localhost:44907|client:localhost:35641|dataStream:localhost:33417|priority:0, s2|rpc:localhost:34013|admin:localhost:33311|client:localhost:46431|dataStream:localhost:44537|priority:0], old=null RUNNING
  s2:  RUNNING  FOLLOWER s2@group-3709D9E7CFD8:t3, leader=s0, voted=s0, raftlog=s2@group-3709D9E7CFD8-SegmentedRaftLog:OPENED:c92, conf=91: [s0|rpc:localhost:36085|admin:localhost:45717|client:localhost:38313|dataStream:localhost:45759|priority:0, s1|rpc:localhost:33645|admin:localhost:44907|client:localhost:35641|dataStream:localhost:33417|priority:0, s2|rpc:localhost:34013|admin:localhost:33311|client:localhost:46431|dataStream:localhost:44537|priority:0], old=null RUNNING
2022-07-04 07:15:26,472 [java.util.concurrent.ThreadPoolExecutor$Worker@464e2bb3[State = -1, empty queue]] WARN  grpc.GrpcUtil (GrpcUtil.java:shutdownManagedChannel(216)) - Timed out gracefully shutting down connection: ManagedChannelOrphanWrapper{delegate=ManagedChannelImpl{logId=1147, target=localhost:38313}}. 
2022-07-04 07:15:29,460 [java.util.concurrent.ThreadPoolExecutor$Worker@5b27ddba[State = -1, empty queue]] WARN  grpc.GrpcUtil (GrpcUtil.java:shutdownManagedChannel(216)) - Timed out gracefully shutting down connection: ManagedChannelOrphanWrapper{delegate=ManagedChannelImpl{logId=1161, target=localhost:38313}}. 
2022-07-04 07:15:32,585 [java.util.concurrent.ThreadPoolExecutor$Worker@6985d238[State = -1, empty queue]] WARN  grpc.GrpcUtil (GrpcUtil.java:shutdownManagedChannel(216)) - Timed out gracefully shutting down connection: ManagedChannelOrphanWrapper{delegate=ManagedChannelImpl{logId=1175, target=localhost:38313}}. 
2022-07-04 07:15:35,079 [Timer-2] INFO  impl.MiniRaftCluster (MiniRaftCluster.java:lambda$null$6(325)) - TIMED-PRINT: printing ALL groups
  s0:  RUNNING    LEADER s0@group-3709D9E7CFD8:t3, leader=s0, voted=s0, raftlog=s0@group-3709D9E7CFD8-SegmentedRaftLog:OPENED:c92, conf=91: [s0|rpc:localhost:36085|admin:localhost:45717|client:localhost:38313|dataStream:localhost:45759|priority:0, s1|rpc:localhost:33645|admin:localhost:44907|client:localhost:35641|dataStream:localhost:33417|priority:0, s2|rpc:localhost:34013|admin:localhost:33311|client:localhost:46431|dataStream:localhost:44537|priority:0], old=null RUNNING
  s1:  RUNNING  FOLLOWER s1@group-3709D9E7CFD8:t3, leader=s0, voted=s0, raftlog=s1@group-3709D9E7CFD8-SegmentedRaftLog:OPENED:c92, conf=91: [s0|rpc:localhost:36085|admin:localhost:45717|client:localhost:38313|dataStream:localhost:45759|priority:0, s1|rpc:localhost:33645|admin:localhost:44907|client:localhost:35641|dataStream:localhost:33417|priority:0, s2|rpc:localhost:34013|admin:localhost:33311|client:localhost:46431|dataStream:localhost:44537|priority:0], old=null RUNNING
  s2:  RUNNING  FOLLOWER s2@group-3709D9E7CFD8:t3, leader=s0, voted=s0, raftlog=s2@group-3709D9E7CFD8-SegmentedRaftLog:OPENED:c92, conf=91: [s0|rpc:localhost:36085|admin:localhost:45717|client:localhost:38313|dataStream:localhost:45759|priority:0, s1|rpc:localhost:33645|admin:localhost:44907|client:localhost:35641|dataStream:localhost:33417|priority:0, s2|rpc:localhost:34013|admin:localhost:33311|client:localhost:46431|dataStream:localhost:44537|priority:0], old=null RUNNING
2022-07-04 07:15:35,576 [java.util.concurrent.ThreadPoolExecutor$Worker@6b9c4e72[State = -1, empty queue]] WARN  grpc.GrpcUtil (GrpcUtil.java:shutdownManagedChannel(216)) - Timed out gracefully shutting down connection: ManagedChannelOrphanWrapper{delegate=ManagedChannelImpl{logId=1189, target=localhost:38313}}. 
2022-07-04 07:15:38,695 [java.util.concurrent.ThreadPoolExecutor$Worker@258e0c66[State = -1, empty queue]] WARN  grpc.GrpcUtil (GrpcUtil.java:shutdownManagedChannel(216)) - Timed out gracefully shutting down connection: ManagedChannelOrphanWrapper{delegate=ManagedChannelImpl{logId=1203, target=localhost:38313}}. 
2022-07-04 07:15:41,694 [java.util.concurrent.ThreadPoolExecutor$Worker@273836dd[State = -1, empty queue]] WARN  grpc.GrpcUtil (GrpcUtil.java:shutdownManagedChannel(216)) - Timed out gracefully shutting down connection: ManagedChannelOrphanWrapper{delegate=ManagedChannelImpl{logId=1217, target=localhost:38313}}. 
2022-07-04 07:15:44,805 [java.util.concurrent.ThreadPoolExecutor$Worker@4d9371f6[State = -1, empty queue]] WARN  grpc.GrpcUtil (GrpcUtil.java:shutdownManagedChannel(216)) - Timed out gracefully shutting down connection: ManagedChannelOrphanWrapper{delegate=ManagedChannelImpl{logId=1231, target=localhost:38313}}. 
2022-07-04 07:15:44,918 [s0-client-thread2] INFO  statemachine.StateMachine (DataStreamTestUtils.java:link(157)) - link null
2022-07-04 07:15:44,919 [s2-server-thread1] INFO  statemachine.StateMachine (DataStreamTestUtils.java:link(157)) - link null
2022-07-04 07:15:44,920 [s1-server-thread1] INFO  statemachine.StateMachine (DataStreamTestUtils.java:link(157)) - link null
2022-07-04 07:15:45,079 [Timer-2] INFO  impl.MiniRaftCluster (MiniRaftCluster.java:lambda$null$6(325)) - TIMED-PRINT: printing ALL groups
  s0:  RUNNING    LEADER s0@group-3709D9E7CFD8:t3, leader=s0, voted=s0, raftlog=s0@group-3709D9E7CFD8-SegmentedRaftLog:OPENED:c92, conf=91: [s0|rpc:localhost:36085|admin:localhost:45717|client:localhost:38313|dataStream:localhost:45759|priority:0, s1|rpc:localhost:33645|admin:localhost:44907|client:localhost:35641|dataStream:localhost:33417|priority:0, s2|rpc:localhost:34013|admin:localhost:33311|client:localhost:46431|dataStream:localhost:44537|priority:0], old=null RUNNING
  s1:  RUNNING  FOLLOWER s1@group-3709D9E7CFD8:t3, leader=s0, voted=s0, raftlog=s1@group-3709D9E7CFD8-SegmentedRaftLog:OPENED:c92, conf=91: [s0|rpc:localhost:36085|admin:localhost:45717|client:localhost:38313|dataStream:localhost:45759|priority:0, s1|rpc:localhost:33645|admin:localhost:44907|client:localhost:35641|dataStream:localhost:33417|priority:0, s2|rpc:localhost:34013|admin:localhost:33311|client:localhost:46431|dataStream:localhost:44537|priority:0], old=null RUNNING
  s2:  RUNNING  FOLLOWER s2@group-3709D9E7CFD8:t3, leader=s0, voted=s0, raftlog=s2@group-3709D9E7CFD8-SegmentedRaftLog:OPENED:c92, conf=91: [s0|rpc:localhost:36085|admin:localhost:45717|client:localhost:38313|dataStream:localhost:45759|priority:0, s1|rpc:localhost:33645|admin:localhost:44907|client:localhost:35641|dataStream:localhost:33417|priority:0, s2|rpc:localhost:34013|admin:localhost:33311|client:localhost:46431|dataStream:localhost:44537|priority:0], old=null RUNNING
2022-07-04 07:15:47,806 [java.util.concurrent.ThreadPoolExecutor$Worker@42ed1ce1[State = -1, empty queue]] WARN  grpc.GrpcUtil (GrpcUtil.java:shutdownManagedChannel(216)) - Timed out gracefully shutting down connection: ManagedChannelOrphanWrapper{delegate=ManagedChannelImpl{logId=1245, target=localhost:38313}}. 
2022-07-04 07:15:47,919 [s0-client-thread2] INFO  statemachine.StateMachine (DataStreamTestUtils.java:link(157)) - link null
2022-07-04 07:15:47,920 [s1-server-thread1] INFO  statemachine.StateMachine (DataStreamTestUtils.java:link(157)) - link null
2022-07-04 07:15:47,920 [s2-server-thread1] INFO  statemachine.StateMachine (DataStreamTestUtils.java:link(157)) - link null
2022-07-04 07:15:50,918 [java.util.concurrent.ThreadPoolExecutor$Worker@16674372[State = -1, empty queue]] WARN  grpc.GrpcUtil (GrpcUtil.java:shutdownManagedChannel(216)) - Timed out gracefully shutting down connection: ManagedChannelOrphanWrapper{delegate=ManagedChannelImpl{logId=1259, target=localhost:38313}}. 
2022-07-04 07:15:50,919 [java.util.concurrent.ThreadPoolExecutor$Worker@16674372[State = -1, empty queue]] WARN  server.GrpcLogAppender (GrpcLogAppender.java:timeoutAppendRequest(240)) - s0@group-3709D9E7CFD8->s1-GrpcLogAppender:  appendEntries Timeout, request=AppendEntriesRequest:cid=2410,entriesCount=1,lastEntry=(t:3, i:99)
2022-07-04 07:15:50,919 [java.util.concurrent.ThreadPoolExecutor$Worker@16674372[State = -1, empty queue]] WARN  server.GrpcLogAppender (GrpcLogAppender.java:timeoutAppendRequest(240)) - s0@group-3709D9E7CFD8->s2-GrpcLogAppender:  appendEntries Timeout, request=AppendEntriesRequest:cid=2417,entriesCount=1,lastEntry=(t:3, i:99)
2022-07-04 07:15:53,918 [java.util.concurrent.ThreadPoolExecutor$Worker@a540e15[State = -1, empty queue]] WARN  grpc.GrpcUtil (GrpcUtil.java:shutdownManagedChannel(216)) - Timed out gracefully shutting down connection: ManagedChannelOrphanWrapper{delegate=ManagedChannelImpl{logId=1273, target=localhost:38313}}. 
2022-07-04 07:15:53,919 [java.util.concurrent.ThreadPoolExecutor$Worker@a540e15[State = -1, empty queue]] WARN  server.GrpcLogAppender (GrpcLogAppender.java:timeoutAppendRequest(240)) - s0@group-3709D9E7CFD8->s2-GrpcLogAppender:  appendEntries Timeout, request=AppendEntriesRequest:cid=2458,entriesCount=1,lastEntry=(t:3, i:100)
2022-07-04 07:15:53,919 [java.util.concurrent.ThreadPoolExecutor$Worker@a540e15[State = -1, empty queue]] WARN  server.GrpcLogAppender (GrpcLogAppender.java:timeoutAppendRequest(240)) - s0@group-3709D9E7CFD8->s1-GrpcLogAppender:  appendEntries Timeout, request=AppendEntriesRequest:cid=2450,entriesCount=1,lastEntry=(t:3, i:100)
2022-07-04 07:15:55,080 [Timer-2] INFO  impl.MiniRaftCluster (MiniRaftCluster.java:lambda$null$6(325)) - TIMED-PRINT: printing ALL groups
  s0:  RUNNING    LEADER s0@group-3709D9E7CFD8:t3, leader=s0, voted=s0, raftlog=s0@group-3709D9E7CFD8-SegmentedRaftLog:OPENED:c92, conf=91: [s0|rpc:localhost:36085|admin:localhost:45717|client:localhost:38313|dataStream:localhost:45759|priority:0, s1|rpc:localhost:33645|admin:localhost:44907|client:localhost:35641|dataStream:localhost:33417|priority:0, s2|rpc:localhost:34013|admin:localhost:33311|client:localhost:46431|dataStream:localhost:44537|priority:0], old=null RUNNING
  s1:  RUNNING  FOLLOWER s1@group-3709D9E7CFD8:t3, leader=s0, voted=s0, raftlog=s1@group-3709D9E7CFD8-SegmentedRaftLog:OPENED:c92, conf=91: [s0|rpc:localhost:36085|admin:localhost:45717|client:localhost:38313|dataStream:localhost:45759|priority:0, s1|rpc:localhost:33645|admin:localhost:44907|client:localhost:35641|dataStream:localhost:33417|priority:0, s2|rpc:localhost:34013|admin:localhost:33311|client:localhost:46431|dataStream:localhost:44537|priority:0], old=null RUNNING
  s2:  RUNNING  FOLLOWER s2@group-3709D9E7CFD8:t3, leader=s0, voted=s0, raftlog=s2@group-3709D9E7CFD8-SegmentedRaftLog:OPENED:c92, conf=91: [s0|rpc:localhost:36085|admin:localhost:45717|client:localhost:38313|dataStream:localhost:45759|priority:0, s1|rpc:localhost:33645|admin:localhost:44907|client:localhost:35641|dataStream:localhost:33417|priority:0, s2|rpc:localhost:34013|admin:localhost:33311|client:localhost:46431|dataStream:localhost:44537|priority:0], old=null RUNNING
2022-07-04 07:15:57,027 [java.util.concurrent.ThreadPoolExecutor$Worker@1a97f242[State = -1, empty queue]] WARN  grpc.GrpcUtil (GrpcUtil.java:shutdownManagedChannel(216)) - Timed out gracefully shutting down connection: ManagedChannelOrphanWrapper{delegate=ManagedChannelImpl{logId=1287, target=localhost:38313}}. 
2022-07-04 07:16:00,030 [java.util.concurrent.ThreadPoolExecutor$Worker@757f0528[State = -1, empty queue]] WARN  grpc.GrpcUtil (GrpcUtil.java:shutdownManagedChannel(216)) - Timed out gracefully shutting down connection: ManagedChannelOrphanWrapper{delegate=ManagedChannelImpl{logId=1301, target=localhost:38313}}. 
2022-07-04 07:16:03,136 [java.util.concurrent.ThreadPoolExecutor$Worker@3d533aeb[State = -1, empty queue]] WARN  grpc.GrpcUtil (GrpcUtil.java:shutdownManagedChannel(216)) - Timed out gracefully shutting down connection: ManagedChannelOrphanWrapper{delegate=ManagedChannelImpl{logId=1315, target=localhost:38313}}. 
2022-07-04 07:16:05,079 [Timer-2] INFO  impl.MiniRaftCluster (MiniRaftCluster.java:lambda$null$6(325)) - TIMED-PRINT: printing ALL groups
  s0:  RUNNING    LEADER s0@group-3709D9E7CFD8:t3, leader=s0, voted=s0, raftlog=s0@group-3709D9E7CFD8-SegmentedRaftLog:OPENED:c92, conf=91: [s0|rpc:localhost:36085|admin:localhost:45717|client:localhost:38313|dataStream:localhost:45759|priority:0, s1|rpc:localhost:33645|admin:localhost:44907|client:localhost:35641|dataStream:localhost:33417|priority:0, s2|rpc:localhost:34013|admin:localhost:33311|client:localhost:46431|dataStream:localhost:44537|priority:0], old=null RUNNING
  s1:  RUNNING  FOLLOWER s1@group-3709D9E7CFD8:t3, leader=s0, voted=s0, raftlog=s1@group-3709D9E7CFD8-SegmentedRaftLog:OPENED:c92, conf=91: [s0|rpc:localhost:36085|admin:localhost:45717|client:localhost:38313|dataStream:localhost:45759|priority:0, s1|rpc:localhost:33645|admin:localhost:44907|client:localhost:35641|dataStream:localhost:33417|priority:0, s2|rpc:localhost:34013|admin:localhost:33311|client:localhost:46431|dataStream:localhost:44537|priority:0], old=null RUNNING
  s2:  RUNNING  FOLLOWER s2@group-3709D9E7CFD8:t3, leader=s0, voted=s0, raftlog=s2@group-3709D9E7CFD8-SegmentedRaftLog:OPENED:c92, conf=91: [s0|rpc:localhost:36085|admin:localhost:45717|client:localhost:38313|dataStream:localhost:45759|priority:0, s1|rpc:localhost:33645|admin:localhost:44907|client:localhost:35641|dataStream:localhost:33417|priority:0, s2|rpc:localhost:34013|admin:localhost:33311|client:localhost:46431|dataStream:localhost:44537|priority:0], old=null RUNNING
2022-07-04 07:16:06,144 [java.util.concurrent.ThreadPoolExecutor$Worker@61abc38d[State = -1, empty queue]] WARN  grpc.GrpcUtil (GrpcUtil.java:shutdownManagedChannel(216)) - Timed out gracefully shutting down connection: ManagedChannelOrphanWrapper{delegate=ManagedChannelImpl{logId=1329, target=localhost:38313}}. 
2022-07-04 07:16:09,245 [java.util.concurrent.ThreadPoolExecutor$Worker@6edba7d6[State = -1, empty queue]] WARN  grpc.GrpcUtil (GrpcUtil.java:shutdownManagedChannel(216)) - Timed out gracefully shutting down connection: ManagedChannelOrphanWrapper{delegate=ManagedChannelImpl{logId=1343, target=localhost:38313}}. 
2022-07-04 07:16:12,252 [java.util.concurrent.ThreadPoolExecutor$Worker@6d2170aa[State = -1, empty queue]] WARN  grpc.GrpcUtil (GrpcUtil.java:shutdownManagedChannel(216)) - Timed out gracefully shutting down connection: ManagedChannelOrphanWrapper{delegate=ManagedChannelImpl{logId=1357, target=localhost:38313}}. 
2022-07-04 07:16:15,079 [Timer-2] INFO  impl.MiniRaftCluster (MiniRaftCluster.java:lambda$null$6(325)) - TIMED-PRINT: printing ALL groups
  s0:  RUNNING    LEADER s0@group-3709D9E7CFD8:t3, leader=s0, voted=s0, raftlog=s0@group-3709D9E7CFD8-SegmentedRaftLog:OPENED:c92, conf=91: [s0|rpc:localhost:36085|admin:localhost:45717|client:localhost:38313|dataStream:localhost:45759|priority:0, s1|rpc:localhost:33645|admin:localhost:44907|client:localhost:35641|dataStream:localhost:33417|priority:0, s2|rpc:localhost:34013|admin:localhost:33311|client:localhost:46431|dataStream:localhost:44537|priority:0], old=null RUNNING
  s1:  RUNNING  FOLLOWER s1@group-3709D9E7CFD8:t3, leader=s0, voted=s0, raftlog=s1@group-3709D9E7CFD8-SegmentedRaftLog:OPENED:c92, conf=91: [s0|rpc:localhost:36085|admin:localhost:45717|client:localhost:38313|dataStream:localhost:45759|priority:0, s1|rpc:localhost:33645|admin:localhost:44907|client:localhost:35641|dataStream:localhost:33417|priority:0, s2|rpc:localhost:34013|admin:localhost:33311|client:localhost:46431|dataStream:localhost:44537|priority:0], old=null RUNNING
  s2:  RUNNING  FOLLOWER s2@group-3709D9E7CFD8:t3, leader=s0, voted=s0, raftlog=s2@group-3709D9E7CFD8-SegmentedRaftLog:OPENED:c92, conf=91: [s0|rpc:localhost:36085|admin:localhost:45717|client:localhost:38313|dataStream:localhost:45759|priority:0, s1|rpc:localhost:33645|admin:localhost:44907|client:localhost:35641|dataStream:localhost:33417|priority:0, s2|rpc:localhost:34013|admin:localhost:33311|client:localhost:46431|dataStream:localhost:44537|priority:0], old=null RUNNING
2022-07-04 07:16:15,353 [java.util.concurrent.ThreadPoolExecutor$Worker@79a27d93[State = -1, empty queue]] WARN  grpc.GrpcUtil (GrpcUtil.java:shutdownManagedChannel(216)) - Timed out gracefully shutting down connection: ManagedChannelOrphanWrapper{delegate=ManagedChannelImpl{logId=1371, target=localhost:38313}}. 
2022-07-04 07:16:18,363 [java.util.concurrent.ThreadPoolExecutor$Worker@449dbe4d[State = -1, empty queue]] WARN  grpc.GrpcUtil (GrpcUtil.java:shutdownManagedChannel(216)) - Timed out gracefully shutting down connection: ManagedChannelOrphanWrapper{delegate=ManagedChannelImpl{logId=1385, target=localhost:38313}}. 
2022-07-04 07:16:21,463 [java.util.concurrent.ThreadPoolExecutor$Worker@10586e4e[State = -1, empty queue]] WARN  grpc.GrpcUtil (GrpcUtil.java:shutdownManagedChannel(216)) - Timed out gracefully shutting down connection: ManagedChannelOrphanWrapper{delegate=ManagedChannelImpl{logId=1399, target=localhost:38313}}. 
2022-07-04 07:16:24,475 [java.util.concurrent.ThreadPoolExecutor$Worker@54ba01ca[State = -1, empty queue]] WARN  grpc.GrpcUtil (GrpcUtil.java:shutdownManagedChannel(216)) - Timed out gracefully shutting down connection: ManagedChannelOrphanWrapper{delegate=ManagedChannelImpl{logId=1413, target=localhost:38313}}. 
2022-07-04 07:16:25,079 [Timer-2] INFO  impl.MiniRaftCluster (MiniRaftCluster.java:lambda$null$6(325)) - TIMED-PRINT: printing ALL groups
  s0:  RUNNING    LEADER s0@group-3709D9E7CFD8:t3, leader=s0, voted=s0, raftlog=s0@group-3709D9E7CFD8-SegmentedRaftLog:OPENED:c92, conf=91: [s0|rpc:localhost:36085|admin:localhost:45717|client:localhost:38313|dataStream:localhost:45759|priority:0, s1|rpc:localhost:33645|admin:localhost:44907|client:localhost:35641|dataStream:localhost:33417|priority:0, s2|rpc:localhost:34013|admin:localhost:33311|client:localhost:46431|dataStream:localhost:44537|priority:0], old=null RUNNING
  s1:  RUNNING  FOLLOWER s1@group-3709D9E7CFD8:t3, leader=s0, voted=s0, raftlog=s1@group-3709D9E7CFD8-SegmentedRaftLog:OPENED:c92, conf=91: [s0|rpc:localhost:36085|admin:localhost:45717|client:localhost:38313|dataStream:localhost:45759|priority:0, s1|rpc:localhost:33645|admin:localhost:44907|client:localhost:35641|dataStream:localhost:33417|priority:0, s2|rpc:localhost:34013|admin:localhost:33311|client:localhost:46431|dataStream:localhost:44537|priority:0], old=null RUNNING
  s2:  RUNNING  FOLLOWER s2@group-3709D9E7CFD8:t3, leader=s0, voted=s0, raftlog=s2@group-3709D9E7CFD8-SegmentedRaftLog:OPENED:c92, conf=91: [s0|rpc:localhost:36085|admin:localhost:45717|client:localhost:38313|dataStream:localhost:45759|priority:0, s1|rpc:localhost:33645|admin:localhost:44907|client:localhost:35641|dataStream:localhost:33417|priority:0, s2|rpc:localhost:34013|admin:localhost:33311|client:localhost:46431|dataStream:localhost:44537|priority:0], old=null RUNNING
2022-07-04 07:16:27,571 [java.util.concurrent.ThreadPoolExecutor$Worker@4dcd3b6c[State = -1, empty queue]] WARN  grpc.GrpcUtil (GrpcUtil.java:shutdownManagedChannel(216)) - Timed out gracefully shutting down connection: ManagedChannelOrphanWrapper{delegate=ManagedChannelImpl{logId=1427, target=localhost:38313}}. 
2022-07-04 07:16:30,583 [java.util.concurrent.ThreadPoolExecutor$Worker@2e18b1[State = -1, empty queue]] WARN  grpc.GrpcUtil (GrpcUtil.java:shutdownManagedChannel(216)) - Timed out gracefully shutting down connection: ManagedChannelOrphanWrapper{delegate=ManagedChannelImpl{logId=1441, target=localhost:38313}}. 
2022-07-04 07:16:33,681 [java.util.concurrent.ThreadPoolExecutor$Worker@58ced540[State = -1, empty queue]] WARN  grpc.GrpcUtil (GrpcUtil.java:shutdownManagedChannel(216)) - Timed out gracefully shutting down connection: ManagedChannelOrphanWrapper{delegate=ManagedChannelImpl{logId=1455, target=localhost:38313}}. 
2022-07-04 07:16:35,080 [Timer-2] INFO  impl.MiniRaftCluster (MiniRaftCluster.java:lambda$null$6(325)) - TIMED-PRINT: printing ALL groups
  s0:  RUNNING    LEADER s0@group-3709D9E7CFD8:t3, leader=s0, voted=s0, raftlog=s0@group-3709D9E7CFD8-SegmentedRaftLog:OPENED:c92, conf=91: [s0|rpc:localhost:36085|admin:localhost:45717|client:localhost:38313|dataStream:localhost:45759|priority:0, s1|rpc:localhost:33645|admin:localhost:44907|client:localhost:35641|dataStream:localhost:33417|priority:0, s2|rpc:localhost:34013|admin:localhost:33311|client:localhost:46431|dataStream:localhost:44537|priority:0], old=null RUNNING
  s1:  RUNNING  FOLLOWER s1@group-3709D9E7CFD8:t3, leader=s0, voted=s0, raftlog=s1@group-3709D9E7CFD8-SegmentedRaftLog:OPENED:c92, conf=91: [s0|rpc:localhost:36085|admin:localhost:45717|client:localhost:38313|dataStream:localhost:45759|priority:0, s1|rpc:localhost:33645|admin:localhost:44907|client:localhost:35641|dataStream:localhost:33417|priority:0, s2|rpc:localhost:34013|admin:localhost:33311|client:localhost:46431|dataStream:localhost:44537|priority:0], old=null RUNNING
  s2:  RUNNING  FOLLOWER s2@group-3709D9E7CFD8:t3, leader=s0, voted=s0, raftlog=s2@group-3709D9E7CFD8-SegmentedRaftLog:OPENED:c92, conf=91: [s0|rpc:localhost:36085|admin:localhost:45717|client:localhost:38313|dataStream:localhost:45759|priority:0, s1|rpc:localhost:33645|admin:localhost:44907|client:localhost:35641|dataStream:localhost:33417|priority:0, s2|rpc:localhost:34013|admin:localhost:33311|client:localhost:46431|dataStream:localhost:44537|priority:0], old=null RUNNING
2022-07-04 07:16:36,694 [java.util.concurrent.ThreadPoolExecutor$Worker@24027b78[State = -1, empty queue]] WARN  grpc.GrpcUtil (GrpcUtil.java:shutdownManagedChannel(216)) - Timed out gracefully shutting down connection: ManagedChannelOrphanWrapper{delegate=ManagedChannelImpl{logId=1469, target=localhost:38313}}. 
2022-07-04 07:16:39,789 [java.util.concurrent.ThreadPoolExecutor$Worker@3b8163d6[State = -1, empty queue]] WARN  grpc.GrpcUtil (GrpcUtil.java:shutdownManagedChannel(216)) - Timed out gracefully shutting down connection: ManagedChannelOrphanWrapper{delegate=ManagedChannelImpl{logId=1483, target=localhost:38313}}. 
2022-07-04 07:16:42,802 [java.util.concurrent.ThreadPoolExecutor$Worker@1d3f826a[State = -1, empty queue]] WARN  grpc.GrpcUtil (GrpcUtil.java:shutdownManagedChannel(216)) - Timed out gracefully shutting down connection: ManagedChannelOrphanWrapper{delegate=ManagedChannelImpl{logId=1497, target=localhost:38313}}. 
2022-07-04 07:16:45,080 [Timer-2] INFO  impl.MiniRaftCluster (MiniRaftCluster.java:lambda$null$6(325)) - TIMED-PRINT: printing ALL groups
  s0:  RUNNING    LEADER s0@group-3709D9E7CFD8:t3, leader=s0, voted=s0, raftlog=s0@group-3709D9E7CFD8-SegmentedRaftLog:OPENED:c92, conf=91: [s0|rpc:localhost:36085|admin:localhost:45717|client:localhost:38313|dataStream:localhost:45759|priority:0, s1|rpc:localhost:33645|admin:localhost:44907|client:localhost:35641|dataStream:localhost:33417|priority:0, s2|rpc:localhost:34013|admin:localhost:33311|client:localhost:46431|dataStream:localhost:44537|priority:0], old=null RUNNING
  s1:  RUNNING  FOLLOWER s1@group-3709D9E7CFD8:t3, leader=s0, voted=s0, raftlog=s1@group-3709D9E7CFD8-SegmentedRaftLog:OPENED:c92, conf=91: [s0|rpc:localhost:36085|admin:localhost:45717|client:localhost:38313|dataStream:localhost:45759|priority:0, s1|rpc:localhost:33645|admin:localhost:44907|client:localhost:35641|dataStream:localhost:33417|priority:0, s2|rpc:localhost:34013|admin:localhost:33311|client:localhost:46431|dataStream:localhost:44537|priority:0], old=null RUNNING
  s2:  RUNNING  FOLLOWER s2@group-3709D9E7CFD8:t3, leader=s0, voted=s0, raftlog=s2@group-3709D9E7CFD8-SegmentedRaftLog:OPENED:c92, conf=91: [s0|rpc:localhost:36085|admin:localhost:45717|client:localhost:38313|dataStream:localhost:45759|priority:0, s1|rpc:localhost:33645|admin:localhost:44907|client:localhost:35641|dataStream:localhost:33417|priority:0, s2|rpc:localhost:34013|admin:localhost:33311|client:localhost:46431|dataStream:localhost:44537|priority:0], old=null RUNNING
2022-07-04 07:16:45,898 [java.util.concurrent.ThreadPoolExecutor$Worker@5d04da4d[State = -1, empty queue]] WARN  grpc.GrpcUtil (GrpcUtil.java:shutdownManagedChannel(216)) - Timed out gracefully shutting down connection: ManagedChannelOrphanWrapper{delegate=ManagedChannelImpl{logId=1511, target=localhost:38313}}. 
2022-07-04 07:16:46,009 [s0-client-thread2] INFO  statemachine.StateMachine (DataStreamTestUtils.java:link(157)) - link null
2022-07-04 07:16:46,010 [s1-server-thread1] INFO  statemachine.StateMachine (DataStreamTestUtils.java:link(157)) - link null
2022-07-04 07:16:46,010 [s2-server-thread1] INFO  statemachine.StateMachine (DataStreamTestUtils.java:link(157)) - link null
2022-07-04 07:16:48,913 [java.util.concurrent.ThreadPoolExecutor$Worker@183f6b9c[State = -1, empty queue]] WARN  grpc.GrpcUtil (GrpcUtil.java:shutdownManagedChannel(216)) - Timed out gracefully shutting down connection: ManagedChannelOrphanWrapper{delegate=ManagedChannelImpl{logId=1525, target=localhost:38313}}. 
2022-07-04 07:16:49,024 [s0-client-thread2] INFO  statemachine.StateMachine (DataStreamTestUtils.java:link(157)) - link null
2022-07-04 07:16:49,025 [s2-server-thread1] INFO  statemachine.StateMachine (DataStreamTestUtils.java:link(157)) - link null
2022-07-04 07:16:49,025 [s1-server-thread1] INFO  statemachine.StateMachine (DataStreamTestUtils.java:link(157)) - link null
2022-07-04 07:16:52,007 [java.util.concurrent.ThreadPoolExecutor$Worker@7c89f9c3[State = -1, empty queue]] WARN  grpc.GrpcUtil (GrpcUtil.java:shutdownManagedChannel(216)) - Timed out gracefully shutting down connection: ManagedChannelOrphanWrapper{delegate=ManagedChannelImpl{logId=1539, target=localhost:38313}}. 
2022-07-04 07:16:52,008 [java.util.concurrent.ThreadPoolExecutor$Worker@7c89f9c3[State = -1, empty queue]] WARN  server.GrpcLogAppender (GrpcLogAppender.java:timeoutAppendRequest(240)) - s0@group-3709D9E7CFD8->s1-GrpcLogAppender:  appendEntries Timeout, request=AppendEntriesRequest:cid=3211,entriesCount=1,lastEntry=(t:3, i:101)
2022-07-04 07:16:52,008 [java.util.concurrent.ThreadPoolExecutor$Worker@7c89f9c3[State = -1, empty queue]] WARN  server.GrpcLogAppender (GrpcLogAppender.java:timeoutAppendRequest(240)) - s0@group-3709D9E7CFD8->s2-GrpcLogAppender:  appendEntries Timeout, request=AppendEntriesRequest:cid=3217,entriesCount=1,lastEntry=(t:3, i:101)
2022-07-04 07:16:55,023 [java.util.concurrent.ThreadPoolExecutor$Worker@4be4b602[State = -1, empty queue]] WARN  grpc.GrpcUtil (GrpcUtil.java:shutdownManagedChannel(216)) - Timed out gracefully shutting down connection: ManagedChannelOrphanWrapper{delegate=ManagedChannelImpl{logId=1553, target=localhost:38313}}. 
2022-07-04 07:16:55,025 [java.util.concurrent.ThreadPoolExecutor$Worker@4be4b602[State = -1, empty queue]] WARN  server.GrpcLogAppender (GrpcLogAppender.java:timeoutAppendRequest(240)) - s0@group-3709D9E7CFD8->s1-GrpcLogAppender:  appendEntries Timeout, request=AppendEntriesRequest:cid=3252,entriesCount=1,lastEntry=(t:3, i:102)
2022-07-04 07:16:55,025 [java.util.concurrent.ThreadPoolExecutor$Worker@4be4b602[State = -1, empty queue]] WARN  server.GrpcLogAppender (GrpcLogAppender.java:timeoutAppendRequest(240)) - s0@group-3709D9E7CFD8->s2-GrpcLogAppender:  appendEntries Timeout, request=AppendEntriesRequest:cid=3258,entriesCount=1,lastEntry=(t:3, i:102)
2022-07-04 07:16:55,080 [Timer-2] INFO  impl.MiniRaftCluster (MiniRaftCluster.java:lambda$null$6(325)) - TIMED-PRINT: printing ALL groups
  s0:  RUNNING    LEADER s0@group-3709D9E7CFD8:t3, leader=s0, voted=s0, raftlog=s0@group-3709D9E7CFD8-SegmentedRaftLog:OPENED:c92, conf=91: [s0|rpc:localhost:36085|admin:localhost:45717|client:localhost:38313|dataStream:localhost:45759|priority:0, s1|rpc:localhost:33645|admin:localhost:44907|client:localhost:35641|dataStream:localhost:33417|priority:0, s2|rpc:localhost:34013|admin:localhost:33311|client:localhost:46431|dataStream:localhost:44537|priority:0], old=null RUNNING
  s1:  RUNNING  FOLLOWER s1@group-3709D9E7CFD8:t3, leader=s0, voted=s0, raftlog=s1@group-3709D9E7CFD8-SegmentedRaftLog:OPENED:c92, conf=91: [s0|rpc:localhost:36085|admin:localhost:45717|client:localhost:38313|dataStream:localhost:45759|priority:0, s1|rpc:localhost:33645|admin:localhost:44907|client:localhost:35641|dataStream:localhost:33417|priority:0, s2|rpc:localhost:34013|admin:localhost:33311|client:localhost:46431|dataStream:localhost:44537|priority:0], old=null RUNNING
  s2:  RUNNING  FOLLOWER s2@group-3709D9E7CFD8:t3, leader=s0, voted=s0, raftlog=s2@group-3709D9E7CFD8-SegmentedRaftLog:OPENED:c92, conf=91: [s0|rpc:localhost:36085|admin:localhost:45717|client:localhost:38313|dataStream:localhost:45759|priority:0, s1|rpc:localhost:33645|admin:localhost:44907|client:localhost:35641|dataStream:localhost:33417|priority:0, s2|rpc:localhost:34013|admin:localhost:33311|client:localhost:46431|dataStream:localhost:44537|priority:0], old=null RUNNING
2022-07-04 07:16:58,116 [java.util.concurrent.ThreadPoolExecutor$Worker@377827e5[State = -1, empty queue]] WARN  grpc.GrpcUtil (GrpcUtil.java:shutdownManagedChannel(216)) - Timed out gracefully shutting down connection: ManagedChannelOrphanWrapper{delegate=ManagedChannelImpl{logId=1567, target=localhost:38313}}. 
2022-07-04 07:17:01,133 [java.util.concurrent.ThreadPoolExecutor$Worker@1b2f0d60[State = -1, empty queue]] WARN  grpc.GrpcUtil (GrpcUtil.java:shutdownManagedChannel(216)) - Timed out gracefully shutting down connection: ManagedChannelOrphanWrapper{delegate=ManagedChannelImpl{logId=1581, target=localhost:38313}}. 
2022-07-04 07:17:04,226 [java.util.concurrent.ThreadPoolExecutor$Worker@1193ff2c[State = -1, empty queue]] WARN  grpc.GrpcUtil (GrpcUtil.java:shutdownManagedChannel(216)) - Timed out gracefully shutting down connection: ManagedChannelOrphanWrapper{delegate=ManagedChannelImpl{logId=1595, target=localhost:38313}}. 
2022-07-04 07:17:05,080 [Timer-2] INFO  impl.MiniRaftCluster (MiniRaftCluster.java:lambda$null$6(325)) - TIMED-PRINT: printing ALL groups
  s0:  RUNNING    LEADER s0@group-3709D9E7CFD8:t3, leader=s0, voted=s0, raftlog=s0@group-3709D9E7CFD8-SegmentedRaftLog:OPENED:c92, conf=91: [s0|rpc:localhost:36085|admin:localhost:45717|client:localhost:38313|dataStream:localhost:45759|priority:0, s1|rpc:localhost:33645|admin:localhost:44907|client:localhost:35641|dataStream:localhost:33417|priority:0, s2|rpc:localhost:34013|admin:localhost:33311|client:localhost:46431|dataStream:localhost:44537|priority:0], old=null RUNNING
  s1:  RUNNING  FOLLOWER s1@group-3709D9E7CFD8:t3, leader=s0, voted=s0, raftlog=s1@group-3709D9E7CFD8-SegmentedRaftLog:OPENED:c92, conf=91: [s0|rpc:localhost:36085|admin:localhost:45717|client:localhost:38313|dataStream:localhost:45759|priority:0, s1|rpc:localhost:33645|admin:localhost:44907|client:localhost:35641|dataStream:localhost:33417|priority:0, s2|rpc:localhost:34013|admin:localhost:33311|client:localhost:46431|dataStream:localhost:44537|priority:0], old=null RUNNING
  s2:  RUNNING  FOLLOWER s2@group-3709D9E7CFD8:t3, leader=s0, voted=s0, raftlog=s2@group-3709D9E7CFD8-SegmentedRaftLog:OPENED:c92, conf=91: [s0|rpc:localhost:36085|admin:localhost:45717|client:localhost:38313|dataStream:localhost:45759|priority:0, s1|rpc:localhost:33645|admin:localhost:44907|client:localhost:35641|dataStream:localhost:33417|priority:0, s2|rpc:localhost:34013|admin:localhost:33311|client:localhost:46431|dataStream:localhost:44537|priority:0], old=null RUNNING
2022-07-04 07:17:07,242 [java.util.concurrent.ThreadPoolExecutor$Worker@42e4ee96[State = -1, empty queue]] WARN  grpc.GrpcUtil (GrpcUtil.java:shutdownManagedChannel(216)) - Timed out gracefully shutting down connection: ManagedChannelOrphanWrapper{delegate=ManagedChannelImpl{logId=1609, target=localhost:38313}}. 
2022-07-04 07:17:10,335 [java.util.concurrent.ThreadPoolExecutor$Worker@415c562f[State = -1, empty queue]] WARN  grpc.GrpcUtil (GrpcUtil.java:shutdownManagedChannel(216)) - Timed out gracefully shutting down connection: ManagedChannelOrphanWrapper{delegate=ManagedChannelImpl{logId=1623, target=localhost:38313}}. 
2022-07-04 07:17:13,350 [java.util.concurrent.ThreadPoolExecutor$Worker@382c8cec[State = -1, empty queue]] WARN  grpc.GrpcUtil (GrpcUtil.java:shutdownManagedChannel(216)) - Timed out gracefully shutting down connection: ManagedChannelOrphanWrapper{delegate=ManagedChannelImpl{logId=1637, target=localhost:38313}}. 
2022-07-04 07:17:15,080 [Timer-2] INFO  impl.MiniRaftCluster (MiniRaftCluster.java:lambda$null$6(325)) - TIMED-PRINT: printing ALL groups
  s0:  RUNNING    LEADER s0@group-3709D9E7CFD8:t3, leader=s0, voted=s0, raftlog=s0@group-3709D9E7CFD8-SegmentedRaftLog:OPENED:c92, conf=91: [s0|rpc:localhost:36085|admin:localhost:45717|client:localhost:38313|dataStream:localhost:45759|priority:0, s1|rpc:localhost:33645|admin:localhost:44907|client:localhost:35641|dataStream:localhost:33417|priority:0, s2|rpc:localhost:34013|admin:localhost:33311|client:localhost:46431|dataStream:localhost:44537|priority:0], old=null RUNNING
  s1:  RUNNING  FOLLOWER s1@group-3709D9E7CFD8:t3, leader=s0, voted=s0, raftlog=s1@group-3709D9E7CFD8-SegmentedRaftLog:OPENED:c92, conf=91: [s0|rpc:localhost:36085|admin:localhost:45717|client:localhost:38313|dataStream:localhost:45759|priority:0, s1|rpc:localhost:33645|admin:localhost:44907|client:localhost:35641|dataStream:localhost:33417|priority:0, s2|rpc:localhost:34013|admin:localhost:33311|client:localhost:46431|dataStream:localhost:44537|priority:0], old=null RUNNING
  s2:  RUNNING  FOLLOWER s2@group-3709D9E7CFD8:t3, leader=s0, voted=s0, raftlog=s2@group-3709D9E7CFD8-SegmentedRaftLog:OPENED:c92, conf=91: [s0|rpc:localhost:36085|admin:localhost:45717|client:localhost:38313|dataStream:localhost:45759|priority:0, s1|rpc:localhost:33645|admin:localhost:44907|client:localhost:35641|dataStream:localhost:33417|priority:0, s2|rpc:localhost:34013|admin:localhost:33311|client:localhost:46431|dataStream:localhost:44537|priority:0], old=null RUNNING
2022-07-04 07:17:16,443 [java.util.concurrent.ThreadPoolExecutor$Worker@2ddbe22a[State = -1, empty queue]] WARN  grpc.GrpcUtil (GrpcUtil.java:shutdownManagedChannel(216)) - Timed out gracefully shutting down connection: ManagedChannelOrphanWrapper{delegate=ManagedChannelImpl{logId=1651, target=localhost:38313}}. 
2022-07-04 07:17:19,459 [java.util.concurrent.ThreadPoolExecutor$Worker@2d98052a[State = -1, empty queue]] WARN  grpc.GrpcUtil (GrpcUtil.java:shutdownManagedChannel(216)) - Timed out gracefully shutting down connection: ManagedChannelOrphanWrapper{delegate=ManagedChannelImpl{logId=1665, target=localhost:38313}}. 
2022-07-04 07:17:22,560 [java.util.concurrent.ThreadPoolExecutor$Worker@de03f61[State = -1, empty queue]] WARN  grpc.GrpcUtil (GrpcUtil.java:shutdownManagedChannel(216)) - Timed out gracefully shutting down connection: ManagedChannelOrphanWrapper{delegate=ManagedChannelImpl{logId=1679, target=localhost:38313}}. 
]]></system-out>
  </testcase>
  <testcase name="testStreamWrites" classname="org.apache.ratis.datastream.TestNettyDataStreamStarTopologyWithGrpcCluster" time="2.593"/>
</testsuite>