<?xml version="1.0" encoding="UTF-8"?>
<testsuite xmlns:xsi="http://www.w3.org/2001/XMLSchema-instance" xsi:noNamespaceSchemaLocation="https://maven.apache.org/surefire/maven-surefire-plugin/xsd/surefire-test-report-3.0.xsd" version="3.0" name="org.apache.ratis.grpc.TestReadOnlyRequestWithGrpc" time="23.707" tests="13" errors="0" skipped="0" failures="1">
  <properties>
    <property name="awt.toolkit" value="sun.awt.X11.XToolkit"/>
    <property name="file.encoding.pkg" value="sun.io"/>
    <property name="java.specification.version" value="1.8"/>
    <property name="sun.cpu.isalist" value=""/>
    <property name="sun.jnu.encoding" value="UTF-8"/>
    <property name="java.class.path" value="/home/runner/work/ratis/ratis/ratis-test/target/test-classes:/home/runner/work/ratis/ratis/ratis-test/target/classes:/home/runner/work/ratis/ratis/ratis-common/target/classes:/home/runner/.m2/repository/org/apache/ratis/ratis-thirdparty-misc/1.0.10/ratis-thirdparty-misc-1.0.10.jar:/home/runner/work/ratis/ratis/ratis-proto/target/classes:/home/runner/.m2/repository/jakarta/annotation/jakarta.annotation-api/1.3.5/jakarta.annotation-api-1.3.5.jar:/home/runner/work/ratis/ratis/ratis-common/target/test-classes:/home/runner/work/ratis/ratis/ratis-client/target/classes:/home/runner/work/ratis/ratis/ratis-server/target/classes:/home/runner/work/ratis/ratis/ratis-server-api/target/classes:/home/runner/work/ratis/ratis/ratis-metrics-api/target/classes:/home/runner/work/ratis/ratis/ratis-server/target/test-classes:/home/runner/work/ratis/ratis/ratis-metrics-default/target/classes:/home/runner/work/ratis/ratis/ratis-netty/target/classes:/home/runner/work/ratis/ratis/ratis-netty/target/test-classes:/home/runner/work/ratis/ratis/ratis-grpc/target/classes:/home/runner/work/ratis/ratis/ratis-grpc/target/test-classes:/home/runner/work/ratis/ratis/ratis-shell/target/classes:/home/runner/.m2/repository/commons-cli/commons-cli/1.5.0/commons-cli-1.5.0.jar:/home/runner/.m2/repository/org/reflections/reflections/0.10.2/reflections-0.10.2.jar:/home/runner/.m2/repository/org/javassist/javassist/3.28.0-GA/javassist-3.28.0-GA.jar:/home/runner/.m2/repository/com/google/code/findbugs/jsr305/3.0.2/jsr305-3.0.2.jar:/home/runner/.m2/repository/org/bouncycastle/bcprov-jdk18on/1.78.1/bcprov-jdk18on-1.78.1.jar:/home/runner/.m2/repository/org/bouncycastle/bcpkix-jdk18on/1.78.1/bcpkix-jdk18on-1.78.1.jar:/home/runner/.m2/repository/org/bouncycastle/bcutil-jdk18on/1.78.1/bcutil-jdk18on-1.78.1.jar:/home/runner/.m2/repository/org/slf4j/slf4j-api/2.0.7/slf4j-api-2.0.7.jar:/home/runner/.m2/repository/org/slf4j/slf4j-reload4j/2.0.7/slf4j-reload4j-2.0.7.jar:/home/runner/.m2/repository/ch/qos/reload4j/reload4j/1.2.22/reload4j-1.2.22.jar:/home/runner/.m2/repository/org/junit/jupiter/junit-jupiter-engine/5.12.2/junit-jupiter-engine-5.12.2.jar:/home/runner/.m2/repository/org/junit/platform/junit-platform-engine/1.12.2/junit-platform-engine-1.12.2.jar:/home/runner/.m2/repository/org/apiguardian/apiguardian-api/1.1.2/apiguardian-api-1.1.2.jar:/home/runner/.m2/repository/org/junit/jupiter/junit-jupiter-api/5.12.2/junit-jupiter-api-5.12.2.jar:/home/runner/.m2/repository/org/opentest4j/opentest4j/1.3.0/opentest4j-1.3.0.jar:/home/runner/.m2/repository/org/junit/platform/junit-platform-commons/1.12.2/junit-platform-commons-1.12.2.jar:/home/runner/.m2/repository/org/junit/jupiter/junit-jupiter-params/5.12.2/junit-jupiter-params-5.12.2.jar:/home/runner/.m2/repository/org/junit/platform/junit-platform-launcher/1.12.2/junit-platform-launcher-1.12.2.jar:/home/runner/.m2/repository/org/mockito/mockito-core/4.11.0/mockito-core-4.11.0.jar:/home/runner/.m2/repository/net/bytebuddy/byte-buddy/1.12.19/byte-buddy-1.12.19.jar:/home/runner/.m2/repository/net/bytebuddy/byte-buddy-agent/1.12.19/byte-buddy-agent-1.12.19.jar:/home/runner/.m2/repository/org/objenesis/objenesis/3.3/objenesis-3.3.jar:/home/runner/work/ratis/ratis/ratis-test/target/gradle-enterprise/test-listeners.jar:"/>
    <property name="java.vm.vendor" value="Temurin"/>
    <property name="sun.arch.data.model" value="64"/>
    <property name="java.vendor.url" value="https://adoptium.net/"/>
    <property name="user.timezone" value="Etc/UTC"/>
    <property name="java.vm.specification.version" value="1.8"/>
    <property name="os.name" value="Linux"/>
    <property name="sun.java.launcher" value="SUN_STANDARD"/>
    <property name="sun.boot.library.path" value="/usr/lib/jvm/temurin-8-jdk-amd64/jre/lib/amd64"/>
    <property name="sun.java.command" value="/home/runner/work/ratis/ratis/ratis-test/target/surefire/surefirebooter232018848390856981.jar /home/runner/work/ratis/ratis/ratis-test/target/surefire 2025-09-20T01-39-15_881-jvmRun1 surefire8754317134487022171tmp surefire_118510407278883737482tmp"/>
    <property name="surefire.test.class.path" value="/home/runner/work/ratis/ratis/ratis-test/target/test-classes:/home/runner/work/ratis/ratis/ratis-test/target/classes:/home/runner/work/ratis/ratis/ratis-common/target/classes:/home/runner/.m2/repository/org/apache/ratis/ratis-thirdparty-misc/1.0.10/ratis-thirdparty-misc-1.0.10.jar:/home/runner/work/ratis/ratis/ratis-proto/target/classes:/home/runner/.m2/repository/jakarta/annotation/jakarta.annotation-api/1.3.5/jakarta.annotation-api-1.3.5.jar:/home/runner/work/ratis/ratis/ratis-common/target/test-classes:/home/runner/work/ratis/ratis/ratis-client/target/classes:/home/runner/work/ratis/ratis/ratis-server/target/classes:/home/runner/work/ratis/ratis/ratis-server-api/target/classes:/home/runner/work/ratis/ratis/ratis-metrics-api/target/classes:/home/runner/work/ratis/ratis/ratis-server/target/test-classes:/home/runner/work/ratis/ratis/ratis-metrics-default/target/classes:/home/runner/work/ratis/ratis/ratis-netty/target/classes:/home/runner/work/ratis/ratis/ratis-netty/target/test-classes:/home/runner/work/ratis/ratis/ratis-grpc/target/classes:/home/runner/work/ratis/ratis/ratis-grpc/target/test-classes:/home/runner/work/ratis/ratis/ratis-shell/target/classes:/home/runner/.m2/repository/commons-cli/commons-cli/1.5.0/commons-cli-1.5.0.jar:/home/runner/.m2/repository/org/reflections/reflections/0.10.2/reflections-0.10.2.jar:/home/runner/.m2/repository/org/javassist/javassist/3.28.0-GA/javassist-3.28.0-GA.jar:/home/runner/.m2/repository/com/google/code/findbugs/jsr305/3.0.2/jsr305-3.0.2.jar:/home/runner/.m2/repository/org/bouncycastle/bcprov-jdk18on/1.78.1/bcprov-jdk18on-1.78.1.jar:/home/runner/.m2/repository/org/bouncycastle/bcpkix-jdk18on/1.78.1/bcpkix-jdk18on-1.78.1.jar:/home/runner/.m2/repository/org/bouncycastle/bcutil-jdk18on/1.78.1/bcutil-jdk18on-1.78.1.jar:/home/runner/.m2/repository/org/slf4j/slf4j-api/2.0.7/slf4j-api-2.0.7.jar:/home/runner/.m2/repository/org/slf4j/slf4j-reload4j/2.0.7/slf4j-reload4j-2.0.7.jar:/home/runner/.m2/repository/ch/qos/reload4j/reload4j/1.2.22/reload4j-1.2.22.jar:/home/runner/.m2/repository/org/junit/jupiter/junit-jupiter-engine/5.12.2/junit-jupiter-engine-5.12.2.jar:/home/runner/.m2/repository/org/junit/platform/junit-platform-engine/1.12.2/junit-platform-engine-1.12.2.jar:/home/runner/.m2/repository/org/apiguardian/apiguardian-api/1.1.2/apiguardian-api-1.1.2.jar:/home/runner/.m2/repository/org/junit/jupiter/junit-jupiter-api/5.12.2/junit-jupiter-api-5.12.2.jar:/home/runner/.m2/repository/org/opentest4j/opentest4j/1.3.0/opentest4j-1.3.0.jar:/home/runner/.m2/repository/org/junit/platform/junit-platform-commons/1.12.2/junit-platform-commons-1.12.2.jar:/home/runner/.m2/repository/org/junit/jupiter/junit-jupiter-params/5.12.2/junit-jupiter-params-5.12.2.jar:/home/runner/.m2/repository/org/junit/platform/junit-platform-launcher/1.12.2/junit-platform-launcher-1.12.2.jar:/home/runner/.m2/repository/org/mockito/mockito-core/4.11.0/mockito-core-4.11.0.jar:/home/runner/.m2/repository/net/bytebuddy/byte-buddy/1.12.19/byte-buddy-1.12.19.jar:/home/runner/.m2/repository/net/bytebuddy/byte-buddy-agent/1.12.19/byte-buddy-agent-1.12.19.jar:/home/runner/.m2/repository/org/objenesis/objenesis/3.3/objenesis-3.3.jar:/home/runner/work/ratis/ratis/ratis-test/target/gradle-enterprise/test-listeners.jar:"/>
    <property name="sun.cpu.endian" value="little"/>
    <property name="user.home" value="/home/runner"/>
    <property name="user.language" value="en"/>
    <property name="java.specification.vendor" value="Oracle Corporation"/>
    <property name="java.home" value="/usr/lib/jvm/temurin-8-jdk-amd64/jre"/>
    <property name="basedir" value="/home/runner/work/ratis/ratis/ratis-test"/>
    <property name="file.separator" value="/"/>
    <property name="line.separator" value="&#10;"/>
    <property name="java.vm.specification.vendor" value="Oracle Corporation"/>
    <property name="java.specification.name" value="Java Platform API Specification"/>
    <property name="java.awt.graphicsenv" value="sun.awt.X11GraphicsEnvironment"/>
    <property name="surefire.real.class.path" value="/home/runner/work/ratis/ratis/ratis-test/target/surefire/surefirebooter232018848390856981.jar:/home/runner/.m2/repository/org/jacoco/org.jacoco.agent/0.8.12/org.jacoco.agent-0.8.12-runtime.jar"/>
    <property name="sun.boot.class.path" value="/usr/lib/jvm/temurin-8-jdk-amd64/jre/lib/resources.jar:/usr/lib/jvm/temurin-8-jdk-amd64/jre/lib/rt.jar:/usr/lib/jvm/temurin-8-jdk-amd64/jre/lib/sunrsasign.jar:/usr/lib/jvm/temurin-8-jdk-amd64/jre/lib/jsse.jar:/usr/lib/jvm/temurin-8-jdk-amd64/jre/lib/jce.jar:/usr/lib/jvm/temurin-8-jdk-amd64/jre/lib/charsets.jar:/usr/lib/jvm/temurin-8-jdk-amd64/jre/lib/jfr.jar:/usr/lib/jvm/temurin-8-jdk-amd64/jre/classes"/>
    <property name="sun.management.compiler" value="HotSpot 64-Bit Tiered Compilers"/>
    <property name="java.runtime.version" value="1.8.0_462-b08"/>
    <property name="java.net.preferIPv4Stack" value="true"/>
    <property name="user.name" value="runner"/>
    <property name="path.separator" value=":"/>
    <property name="os.version" value="6.11.0-1018-azure"/>
    <property name="java.endorsed.dirs" value="/usr/lib/jvm/temurin-8-jdk-amd64/jre/lib/endorsed"/>
    <property name="java.runtime.name" value="OpenJDK Runtime Environment"/>
    <property name="com.gradle.maven.scan.extension.test.listener.junitplatform.NestedExecutionSafeDelegatingTestExecutionListener" value="12468a38"/>
    <property name="file.encoding" value="UTF-8"/>
    <property name="java.vm.name" value="OpenJDK 64-Bit Server VM"/>
    <property name="develocity.listener.surefire.forkId" value="1"/>
    <property name="localRepository" value="/home/runner/.m2/repository"/>
    <property name="java.vendor.url.bug" value="https://github.com/adoptium/adoptium-support/issues"/>
    <property name="java.io.tmpdir" value="/tmp"/>
    <property name="java.version" value="1.8.0_462"/>
    <property name="user.dir" value="/home/runner/work/ratis/ratis/ratis-test"/>
    <property name="os.arch" value="amd64"/>
    <property name="ratis.tmp.dir" value="/home/runner/work/ratis/ratis/ratis-test/target/tmp"/>
    <property name="java.vm.specification.name" value="Java Virtual Machine Specification"/>
    <property name="java.awt.printerjob" value="sun.print.PSPrinterJob"/>
    <property name="ratis.log.dir" value="/home/runner/work/ratis/ratis/ratis-test/target/log"/>
    <property name="sun.os.patch.level" value="unknown"/>
    <property name="org.apache.ratis.thirdparty.io.netty.allocator.useCacheForAllThreads" value="false"/>
    <property name="java.library.path" value="/usr/java/packages/lib/amd64:/usr/lib64:/lib64:/lib:/usr/lib"/>
    <property name="java.vm.info" value="mixed mode"/>
    <property name="java.vendor" value="Temurin"/>
    <property name="java.vm.version" value="25.462-b08"/>
    <property name="java.specification.maintenance.version" value="6"/>
    <property name="develocity.listener.port" value="41843"/>
    <property name="java.ext.dirs" value="/usr/lib/jvm/temurin-8-jdk-amd64/jre/lib/ext:/usr/java/packages/lib/ext"/>
    <property name="sun.io.unicode.encoding" value="UnicodeLittle"/>
    <property name="java.class.version" value="52.0"/>
  </properties>
  <testcase name="testFollowerLinearizableReadFailWhenLeaderDown" classname="org.apache.ratis.grpc.TestReadOnlyRequestWithGrpc" time="3.66"/>
  <testcase name="testFollowerLinearizableRead" classname="org.apache.ratis.grpc.TestReadOnlyRequestWithGrpc" time="1.928"/>
  <testcase name="testLeaseRead" classname="org.apache.ratis.grpc.TestReadOnlyRequestWithGrpc" time="1.659"/>
  <testcase name="testFollowerLeaseReadWhenLeaderDown" classname="org.apache.ratis.grpc.TestReadOnlyRequestWithGrpc" time="1.526"/>
  <testcase name="testFollowerLeaseRead" classname="org.apache.ratis.grpc.TestReadOnlyRequestWithGrpc" time="2.349"/>
  <testcase name="testLeaseReadTimeout" classname="org.apache.ratis.grpc.TestReadOnlyRequestWithGrpc" time="1.266"/>
  <testcase name="testFollowerLinearizableReadParallel" classname="org.apache.ratis.grpc.TestReadOnlyRequestWithGrpc" time="1.523"/>
  <testcase name="testFollowerLeaseReadRetryWhenLeaderDown" classname="org.apache.ratis.grpc.TestReadOnlyRequestWithGrpc" time="1.783"/>
  <testcase name="testFollowerLeaseReadParallel" classname="org.apache.ratis.grpc.TestReadOnlyRequestWithGrpc" time="1.528"/>
  <testcase name="testReadAfterWrite" classname="org.apache.ratis.grpc.TestReadOnlyRequestWithGrpc" time="1.694">
    <failure type="org.opentest4j.AssertionFailedError"><![CDATA[org.opentest4j.AssertionFailedError: expected: <true> but was: <false>
	at org.apache.ratis.ReadOnlyRequestTests.testReadAfterWriteImpl(ReadOnlyRequestTests.java:314)
	at org.apache.ratis.server.impl.MiniRaftCluster$Factory$Get.runWithNewCluster(MiniRaftCluster.java:142)
	at org.apache.ratis.server.impl.MiniRaftCluster$Factory$Get.runWithNewCluster(MiniRaftCluster.java:120)
	at org.apache.ratis.ReadOnlyRequestTests.testReadAfterWrite(ReadOnlyRequestTests.java:289)
	at java.lang.reflect.Method.invoke(Method.java:498)
	at java.util.ArrayList.forEach(ArrayList.java:1259)
	at java.util.ArrayList.forEach(ArrayList.java:1259)
]]></failure>
    <system-out><![CDATA[2025-09-20 01:42:30,741 [main] INFO  util.LogUtils (Slf4jUtils.java:setLogLevel(38)) - Successfully set org.apache.ratis.conf.ConfUtils log level to WARN
2025-09-20 01:42:30,741 [main] INFO  util.LogUtils (Slf4jUtils.java:setLogLevel(38)) - Successfully set org.apache.ratis.util.FileUtils log level to TRACE
2025-09-20 01:42:30,741 [main] INFO  util.LogUtils (Slf4jUtils.java:setLogLevel(38)) - Successfully set org.apache.ratis.server.RaftServer$Division log level to DEBUG
2025-09-20 01:42:30,742 [main] INFO  impl.MiniRaftCluster (MiniRaftCluster.java:runWithNewCluster(136)) - Running runWithNewCluster
2025-09-20 01:42:30,743 [main] INFO  impl.MiniRaftCluster (MiniRaftCluster.java:<init>(308)) - new MiniRaftClusterWithGrpc with group-6D9D00AA6C06:[s0|localhost:15108, s1|localhost:15112, s2|localhost:15116]
2025-09-20 01:42:30,743 [main] INFO  impl.MiniRaftCluster (MiniRaftCluster.java:start(341)) - .............................................................. 
2025-09-20 01:42:30,743 [main] INFO  impl.MiniRaftCluster (MiniRaftCluster.java:start(342)) - ... 
2025-09-20 01:42:30,743 [main] INFO  impl.MiniRaftCluster (MiniRaftCluster.java:start(343)) - ...     Starting MiniRaftClusterWithGrpc
2025-09-20 01:42:30,744 [main] INFO  impl.MiniRaftCluster (MiniRaftCluster.java:start(344)) - ... 
2025-09-20 01:42:30,744 [main] INFO  impl.MiniRaftCluster (MiniRaftCluster.java:start(345)) - .............................................................. 
2025-09-20 01:42:30,744 [main] INFO  impl.MiniRaftCluster (MiniRaftCluster.java:initServers(320)) - servers = {}
2025-09-20 01:42:30,744 [main] INFO  impl.MiniRaftCluster (MiniRaftCluster.java:newRaftServer(387)) - newRaftServer: s0, group-6D9D00AA6C06:[s0|localhost:15108, s1|localhost:15112, s2|localhost:15116], format? true
2025-09-20 01:42:30,744 [main] TRACE util.FileUtils (FileUtils.java:deleteFully(355)) - deleteFully target/test/data/6d586a38/MiniRaftClusterWithGrpcb3b958e5/s0
2025-09-20 01:42:30,744 [main] TRACE util.FileUtils (FileUtils.java:deleteFully(368)) - deleteFully: target/test/data/6d586a38/MiniRaftClusterWithGrpcb3b958e5/s0 does not exist.
2025-09-20 01:42:30,744 [main] INFO  impl.MiniRaftCluster (MiniRaftCluster.java:newRaftServer(392)) - Formatted directory target/test/data/6d586a38/MiniRaftClusterWithGrpcb3b958e5/s0
2025-09-20 01:42:30,745 [main] INFO  grpc.GrpcConfigKeys (ConfUtils.java:logFallback(69)) - raft.grpc.admin.host = null (fallback to raft.grpc.server.host)
2025-09-20 01:42:30,745 [main] INFO  grpc.GrpcConfigKeys (ConfUtils.java:logGet(62)) - raft.grpc.admin.port = 15109 (custom)
2025-09-20 01:42:30,745 [main] INFO  grpc.GrpcConfigKeys (ConfUtils.java:logFallback(69)) - raft.grpc.client.host = null (fallback to raft.grpc.server.host)
2025-09-20 01:42:30,745 [main] INFO  grpc.GrpcConfigKeys (ConfUtils.java:logGet(62)) - raft.grpc.client.port = 15110 (custom)
2025-09-20 01:42:30,745 [main] INFO  grpc.GrpcConfigKeys (ConfUtils.java:logGet(62)) - raft.grpc.server.port = 15108 (custom)
2025-09-20 01:42:30,747 [main] INFO  server.RaftServerConfigKeys (ConfUtils.java:logGet(62)) - raft.server.storage.dir = [/home/runner/work/ratis/ratis/ratis-test/target/test/data/6d586a38/MiniRaftClusterWithGrpcb3b958e5/s0] (custom)
2025-09-20 01:42:30,748 [main] INFO  server.RaftServer (RaftServerProxy.java:addNew(105)) - s0: addNew group-6D9D00AA6C06:[s0|localhost:15108, s1|localhost:15112, s2|localhost:15116] returns group-6D9D00AA6C06:java.util.concurrent.CompletableFuture@3afaa39f[Not completed]
2025-09-20 01:42:30,748 [s0-groupManagement] INFO  server.RaftServer$Division (RaftServerImpl.java:<init>(268)) - s0: new RaftServerImpl for group-6D9D00AA6C06:[s0|localhost:15108, s1|localhost:15112, s2|localhost:15116] with CounterStateMachine-28:uninitialized
2025-09-20 01:42:30,748 [s0-groupManagement] INFO  server.RaftServer$Division (ServerState.java:<init>(114)) - s0@group-6D9D00AA6C06: ConfigurationManager, init=conf: {index: -1, cur=peers:[s0|localhost:15108, s1|localhost:15112, s2|localhost:15116]|listeners:[], old=null}, confs=<EMPTY_MAP>
2025-09-20 01:42:30,748 [main] INFO  impl.MiniRaftCluster (MiniRaftCluster.java:newRaftServer(387)) - newRaftServer: s1, group-6D9D00AA6C06:[s0|localhost:15108, s1|localhost:15112, s2|localhost:15116], format? true
2025-09-20 01:42:30,748 [main] TRACE util.FileUtils (FileUtils.java:deleteFully(355)) - deleteFully target/test/data/6d586a38/MiniRaftClusterWithGrpcb3b958e5/s1
2025-09-20 01:42:30,749 [main] TRACE util.FileUtils (FileUtils.java:deleteFully(368)) - deleteFully: target/test/data/6d586a38/MiniRaftClusterWithGrpcb3b958e5/s1 does not exist.
2025-09-20 01:42:30,749 [main] INFO  impl.MiniRaftCluster (MiniRaftCluster.java:newRaftServer(392)) - Formatted directory target/test/data/6d586a38/MiniRaftClusterWithGrpcb3b958e5/s1
2025-09-20 01:42:30,749 [main] INFO  grpc.GrpcConfigKeys (ConfUtils.java:logFallback(69)) - raft.grpc.admin.host = null (fallback to raft.grpc.server.host)
2025-09-20 01:42:30,749 [main] INFO  grpc.GrpcConfigKeys (ConfUtils.java:logGet(62)) - raft.grpc.admin.port = 15113 (custom)
2025-09-20 01:42:30,750 [main] INFO  grpc.GrpcConfigKeys (ConfUtils.java:logFallback(69)) - raft.grpc.client.host = null (fallback to raft.grpc.server.host)
2025-09-20 01:42:30,750 [main] INFO  grpc.GrpcConfigKeys (ConfUtils.java:logGet(62)) - raft.grpc.client.port = 15114 (custom)
2025-09-20 01:42:30,750 [main] INFO  grpc.GrpcConfigKeys (ConfUtils.java:logGet(62)) - raft.grpc.server.port = 15112 (custom)
2025-09-20 01:42:30,752 [main] INFO  server.RaftServerConfigKeys (ConfUtils.java:logGet(62)) - raft.server.storage.dir = [/home/runner/work/ratis/ratis/ratis-test/target/test/data/6d586a38/MiniRaftClusterWithGrpcb3b958e5/s1] (custom)
2025-09-20 01:42:30,752 [main] INFO  server.RaftServer (RaftServerProxy.java:addNew(105)) - s1: addNew group-6D9D00AA6C06:[s0|localhost:15108, s1|localhost:15112, s2|localhost:15116] returns group-6D9D00AA6C06:java.util.concurrent.CompletableFuture@25109d84[Not completed]
2025-09-20 01:42:30,752 [s1-groupManagement] INFO  server.RaftServer$Division (RaftServerImpl.java:<init>(268)) - s1: new RaftServerImpl for group-6D9D00AA6C06:[s0|localhost:15108, s1|localhost:15112, s2|localhost:15116] with CounterStateMachine-29:uninitialized
2025-09-20 01:42:30,752 [main] INFO  impl.MiniRaftCluster (MiniRaftCluster.java:newRaftServer(387)) - newRaftServer: s2, group-6D9D00AA6C06:[s0|localhost:15108, s1|localhost:15112, s2|localhost:15116], format? true
2025-09-20 01:42:30,753 [main] TRACE util.FileUtils (FileUtils.java:deleteFully(355)) - deleteFully target/test/data/6d586a38/MiniRaftClusterWithGrpcb3b958e5/s2
2025-09-20 01:42:30,752 [s1-groupManagement] INFO  server.RaftServer$Division (ServerState.java:<init>(114)) - s1@group-6D9D00AA6C06: ConfigurationManager, init=conf: {index: -1, cur=peers:[s0|localhost:15108, s1|localhost:15112, s2|localhost:15116]|listeners:[], old=null}, confs=<EMPTY_MAP>
2025-09-20 01:42:30,753 [main] TRACE util.FileUtils (FileUtils.java:deleteFully(368)) - deleteFully: target/test/data/6d586a38/MiniRaftClusterWithGrpcb3b958e5/s2 does not exist.
2025-09-20 01:42:30,753 [main] INFO  impl.MiniRaftCluster (MiniRaftCluster.java:newRaftServer(392)) - Formatted directory target/test/data/6d586a38/MiniRaftClusterWithGrpcb3b958e5/s2
2025-09-20 01:42:30,753 [main] INFO  grpc.GrpcConfigKeys (ConfUtils.java:logFallback(69)) - raft.grpc.admin.host = null (fallback to raft.grpc.server.host)
2025-09-20 01:42:30,754 [main] INFO  grpc.GrpcConfigKeys (ConfUtils.java:logGet(62)) - raft.grpc.admin.port = 15117 (custom)
2025-09-20 01:42:30,754 [main] INFO  grpc.GrpcConfigKeys (ConfUtils.java:logFallback(69)) - raft.grpc.client.host = null (fallback to raft.grpc.server.host)
2025-09-20 01:42:30,754 [main] INFO  grpc.GrpcConfigKeys (ConfUtils.java:logGet(62)) - raft.grpc.client.port = 15118 (custom)
2025-09-20 01:42:30,754 [main] INFO  grpc.GrpcConfigKeys (ConfUtils.java:logGet(62)) - raft.grpc.server.port = 15116 (custom)
2025-09-20 01:42:30,756 [main] INFO  server.RaftServerConfigKeys (ConfUtils.java:logGet(62)) - raft.server.storage.dir = [/home/runner/work/ratis/ratis/ratis-test/target/test/data/6d586a38/MiniRaftClusterWithGrpcb3b958e5/s2] (custom)
2025-09-20 01:42:30,756 [main] INFO  server.RaftServer (RaftServerProxy.java:addNew(105)) - s2: addNew group-6D9D00AA6C06:[s0|localhost:15108, s1|localhost:15112, s2|localhost:15116] returns group-6D9D00AA6C06:java.util.concurrent.CompletableFuture@68a94e58[Not completed]
2025-09-20 01:42:30,756 [s2-groupManagement] INFO  server.RaftServer$Division (RaftServerImpl.java:<init>(268)) - s2: new RaftServerImpl for group-6D9D00AA6C06:[s0|localhost:15108, s1|localhost:15112, s2|localhost:15116] with CounterStateMachine-30:uninitialized
2025-09-20 01:42:30,756 [s2-groupManagement] INFO  server.RaftServer$Division (ServerState.java:<init>(114)) - s2@group-6D9D00AA6C06: ConfigurationManager, init=conf: {index: -1, cur=peers:[s0|localhost:15108, s1|localhost:15112, s2|localhost:15116]|listeners:[], old=null}, confs=<EMPTY_MAP>
2025-09-20 01:42:30,756 [s0-impl-thread1] INFO  server.RaftServerConfigKeys (ConfUtils.java:logGet(62)) - raft.server.storage.dir = [/home/runner/work/ratis/ratis/ratis-test/target/test/data/6d586a38/MiniRaftClusterWithGrpcb3b958e5/s0] (custom)
2025-09-20 01:42:30,757 [s0-impl-thread1] INFO  storage.RaftStorageDirectory (RaftStorageDirectoryImpl.java:analyzeStorage(138)) - The storage directory /home/runner/work/ratis/ratis/ratis-test/target/test/data/6d586a38/MiniRaftClusterWithGrpcb3b958e5/s0/0b3be5c5-e5c8-43fd-8c56-6d9d00aa6c06 does not exist. Creating ...
2025-09-20 01:42:30,757 [s0-impl-thread1] TRACE util.FileUtils (LogUtils.java:runAndLog(49)) - Successfully ran Files.createDirectories /home/runner/work/ratis/ratis/ratis-test/target/test/data/6d586a38/MiniRaftClusterWithGrpcb3b958e5/s0/0b3be5c5-e5c8-43fd-8c56-6d9d00aa6c06
2025-09-20 01:42:30,759 [s0-impl-thread1] INFO  storage.RaftStorageDirectory (RaftStorageDirectoryImpl.java:tryLock(229)) - Lock on /home/runner/work/ratis/ratis/ratis-test/target/test/data/6d586a38/MiniRaftClusterWithGrpcb3b958e5/s0/0b3be5c5-e5c8-43fd-8c56-6d9d00aa6c06/in_use.lock acquired by nodename 5852@runnervmf4ws1
2025-09-20 01:42:30,759 [s0-impl-thread1] TRACE util.FileUtils (LogUtils.java:runAndLog(49)) - Successfully ran Files.createDirectories /home/runner/work/ratis/ratis/ratis-test/target/test/data/6d586a38/MiniRaftClusterWithGrpcb3b958e5/s0/0b3be5c5-e5c8-43fd-8c56-6d9d00aa6c06/current
2025-09-20 01:42:30,759 [s0-impl-thread1] TRACE util.FileUtils (LogUtils.java:runAndLog(49)) - Successfully ran Files.createDirectories /home/runner/work/ratis/ratis/ratis-test/target/test/data/6d586a38/MiniRaftClusterWithGrpcb3b958e5/s0/0b3be5c5-e5c8-43fd-8c56-6d9d00aa6c06/sm
2025-09-20 01:42:30,759 [s0-impl-thread1] TRACE util.FileUtils (LogUtils.java:supplyAndLog(69)) - Successfully supplied FileChannel.open /home/runner/work/ratis/ratis/ratis-test/target/test/data/6d586a38/MiniRaftClusterWithGrpcb3b958e5/s0/0b3be5c5-e5c8-43fd-8c56-6d9d00aa6c06/current/raft-meta.tmp with options [CREATE, TRUNCATE_EXISTING, WRITE]: sun.nio.ch.FileChannelImpl@7f8fff61
2025-09-20 01:42:30,760 [s0-impl-thread1] TRACE util.FileUtils (LogUtils.java:runAndLog(49)) - Successfully ran Atomic Files.move /home/runner/work/ratis/ratis/ratis-test/target/test/data/6d586a38/MiniRaftClusterWithGrpcb3b958e5/s0/0b3be5c5-e5c8-43fd-8c56-6d9d00aa6c06/current/raft-meta.tmp to /home/runner/work/ratis/ratis/ratis-test/target/test/data/6d586a38/MiniRaftClusterWithGrpcb3b958e5/s0/0b3be5c5-e5c8-43fd-8c56-6d9d00aa6c06/current/raft-meta with options [REPLACE_EXISTING]
2025-09-20 01:42:30,760 [s0-impl-thread1] INFO  storage.RaftStorage (RaftStorageImpl.java:format(98)) - Storage directory /home/runner/work/ratis/ratis/ratis-test/target/test/data/6d586a38/MiniRaftClusterWithGrpcb3b958e5/s0/0b3be5c5-e5c8-43fd-8c56-6d9d00aa6c06 has been successfully formatted.
2025-09-20 01:42:30,760 [s0-impl-thread1] INFO  server.RaftServer$Division (ServerState.java:getSnapshotIndexFromStateMachine(154)) - s0@group-6D9D00AA6C06: getLatestSnapshot(CounterStateMachine-28:s0:group-6D9D00AA6C06) returns null
2025-09-20 01:42:30,760 [s0-impl-thread1] INFO  raftlog.RaftLog (RaftLogBase.java:<init>(90)) - s0@group-6D9D00AA6C06-SegmentedRaftLog: snapshotIndexFromStateMachine = -1
2025-09-20 01:42:30,761 [s0-impl-thread1] INFO  util.AwaitToRun (AwaitToRun.java:start(81)) - Thread[s0@group-6D9D00AA6C06-cacheEviction-AwaitToRun,5,main] started
2025-09-20 01:42:30,761 [s0-impl-thread1] INFO  segmented.SegmentedRaftLogWorker (SegmentedRaftLogWorker.java:<init>(190)) - new s0@group-6D9D00AA6C06-SegmentedRaftLogWorker for RaftStorageImpl:Storage Directory /home/runner/work/ratis/ratis/ratis-test/target/test/data/6d586a38/MiniRaftClusterWithGrpcb3b958e5/s0/0b3be5c5-e5c8-43fd-8c56-6d9d00aa6c06
2025-09-20 01:42:30,762 [s0-impl-thread1] INFO  segmented.SegmentedRaftLogWorker (SegmentedRaftLogWorker.java:lambda$new$0(141)) - s0@group-6D9D00AA6C06-SegmentedRaftLogWorker: flushIndex: setUnconditionally 0 -> -1
2025-09-20 01:42:30,762 [s0-impl-thread1] INFO  segmented.SegmentedRaftLogWorker (SegmentedRaftLogWorker.java:lambda$new$0(141)) - s0@group-6D9D00AA6C06-SegmentedRaftLogWorker: safeCacheEvictIndex: setUnconditionally 0 -> -1
2025-09-20 01:42:30,762 [s0-impl-thread1] INFO  server.RaftServer$Division (RaftServerImpl.java:start(405)) - s0@group-6D9D00AA6C06: start as a follower, conf=conf: {index: -1, cur=peers:[s0|localhost:15108, s1|localhost:15112, s2|localhost:15116]|listeners:[], old=null}
2025-09-20 01:42:30,762 [s0-impl-thread1] INFO  server.RaftServer$Division (RaftServerImpl.java:setRole(392)) - s0@group-6D9D00AA6C06: changes role from      null to FOLLOWER at term 0 for startAsFollower
2025-09-20 01:42:30,762 [s0-impl-thread1] INFO  impl.RoleInfo (RoleInfo.java:updateAndGet(148)) - s0: start s0@group-6D9D00AA6C06-FollowerState
2025-09-20 01:42:30,762 [s0-impl-thread1] INFO  util.JmxRegister (JmxRegister.java:tryRegister(44)) - Successfully registered JMX Bean with object name Ratis:service=RaftServer,group=group-6D9D00AA6C06,id=s0
2025-09-20 01:42:30,762 [s0@group-6D9D00AA6C06-FollowerState] INFO  server.RaftServerConfigKeys (ConfUtils.java:logFallback(69)) - raft.server.rpc.first-election.timeout.min = 150ms (fallback to raft.server.rpc.timeout.min)
2025-09-20 01:42:30,763 [s0@group-6D9D00AA6C06-FollowerState] INFO  server.RaftServerConfigKeys (ConfUtils.java:logFallback(69)) - raft.server.rpc.first-election.timeout.max = 300ms (fallback to raft.server.rpc.timeout.max)
2025-09-20 01:42:30,762 [s0-impl-thread1] INFO  util.JmxRegister (JmxRegister.java:register(58)) - register mxBean class org.apache.ratis.server.impl.RaftServerJmxAdapter as Ratis:service=RaftServer,group=group-6D9D00AA6C06,id=s0
2025-09-20 01:42:30,763 [s0-impl-thread1] INFO  server.RaftServer$Division (RaftServerImpl.java:start(419)) - s0@group-6D9D00AA6C06: Successfully started.
2025-09-20 01:42:30,763 [main] INFO  server.RaftServer (RaftServerProxy.java:startImpl(412)) - s0: start RPC server
2025-09-20 01:42:30,763 [main] INFO  server.GrpcServicesImpl (GrpcServicesImpl.java:startImpl(348)) - s0: GrpcServicesImpl started, listening on 15110
2025-09-20 01:42:30,764 [main] INFO  server.GrpcServicesImpl (GrpcServicesImpl.java:startImpl(348)) - s0: GrpcServicesImpl started, listening on 15108
2025-09-20 01:42:30,764 [main] INFO  server.GrpcServicesImpl (GrpcServicesImpl.java:startImpl(348)) - s0: GrpcServicesImpl started, listening on 15109
2025-09-20 01:42:30,765 [JvmPauseMonitor27] INFO  util.JvmPauseMonitor (JvmPauseMonitor.java:run(146)) - JvmPauseMonitor-s0: Started
2025-09-20 01:42:30,765 [s1-impl-thread1] INFO  server.RaftServerConfigKeys (ConfUtils.java:logGet(62)) - raft.server.storage.dir = [/home/runner/work/ratis/ratis/ratis-test/target/test/data/6d586a38/MiniRaftClusterWithGrpcb3b958e5/s1] (custom)
2025-09-20 01:42:30,765 [s1-impl-thread1] INFO  storage.RaftStorageDirectory (RaftStorageDirectoryImpl.java:analyzeStorage(138)) - The storage directory /home/runner/work/ratis/ratis/ratis-test/target/test/data/6d586a38/MiniRaftClusterWithGrpcb3b958e5/s1/0b3be5c5-e5c8-43fd-8c56-6d9d00aa6c06 does not exist. Creating ...
2025-09-20 01:42:30,765 [s1-impl-thread1] TRACE util.FileUtils (LogUtils.java:runAndLog(49)) - Successfully ran Files.createDirectories /home/runner/work/ratis/ratis/ratis-test/target/test/data/6d586a38/MiniRaftClusterWithGrpcb3b958e5/s1/0b3be5c5-e5c8-43fd-8c56-6d9d00aa6c06
2025-09-20 01:42:30,766 [s1-impl-thread1] INFO  storage.RaftStorageDirectory (RaftStorageDirectoryImpl.java:tryLock(229)) - Lock on /home/runner/work/ratis/ratis/ratis-test/target/test/data/6d586a38/MiniRaftClusterWithGrpcb3b958e5/s1/0b3be5c5-e5c8-43fd-8c56-6d9d00aa6c06/in_use.lock acquired by nodename 5852@runnervmf4ws1
2025-09-20 01:42:30,766 [s1-impl-thread1] TRACE util.FileUtils (LogUtils.java:runAndLog(49)) - Successfully ran Files.createDirectories /home/runner/work/ratis/ratis/ratis-test/target/test/data/6d586a38/MiniRaftClusterWithGrpcb3b958e5/s1/0b3be5c5-e5c8-43fd-8c56-6d9d00aa6c06/current
2025-09-20 01:42:30,766 [s1-impl-thread1] TRACE util.FileUtils (LogUtils.java:runAndLog(49)) - Successfully ran Files.createDirectories /home/runner/work/ratis/ratis/ratis-test/target/test/data/6d586a38/MiniRaftClusterWithGrpcb3b958e5/s1/0b3be5c5-e5c8-43fd-8c56-6d9d00aa6c06/sm
2025-09-20 01:42:30,766 [s1-impl-thread1] TRACE util.FileUtils (LogUtils.java:supplyAndLog(69)) - Successfully supplied FileChannel.open /home/runner/work/ratis/ratis/ratis-test/target/test/data/6d586a38/MiniRaftClusterWithGrpcb3b958e5/s1/0b3be5c5-e5c8-43fd-8c56-6d9d00aa6c06/current/raft-meta.tmp with options [CREATE, TRUNCATE_EXISTING, WRITE]: sun.nio.ch.FileChannelImpl@1f3a4678
2025-09-20 01:42:30,767 [s1-impl-thread1] TRACE util.FileUtils (LogUtils.java:runAndLog(49)) - Successfully ran Atomic Files.move /home/runner/work/ratis/ratis/ratis-test/target/test/data/6d586a38/MiniRaftClusterWithGrpcb3b958e5/s1/0b3be5c5-e5c8-43fd-8c56-6d9d00aa6c06/current/raft-meta.tmp to /home/runner/work/ratis/ratis/ratis-test/target/test/data/6d586a38/MiniRaftClusterWithGrpcb3b958e5/s1/0b3be5c5-e5c8-43fd-8c56-6d9d00aa6c06/current/raft-meta with options [REPLACE_EXISTING]
2025-09-20 01:42:30,767 [s1-impl-thread1] INFO  storage.RaftStorage (RaftStorageImpl.java:format(98)) - Storage directory /home/runner/work/ratis/ratis/ratis-test/target/test/data/6d586a38/MiniRaftClusterWithGrpcb3b958e5/s1/0b3be5c5-e5c8-43fd-8c56-6d9d00aa6c06 has been successfully formatted.
2025-09-20 01:42:30,768 [s1-impl-thread1] INFO  server.RaftServer$Division (ServerState.java:getSnapshotIndexFromStateMachine(154)) - s1@group-6D9D00AA6C06: getLatestSnapshot(CounterStateMachine-29:s1:group-6D9D00AA6C06) returns null
2025-09-20 01:42:30,768 [s1-impl-thread1] INFO  raftlog.RaftLog (RaftLogBase.java:<init>(90)) - s1@group-6D9D00AA6C06-SegmentedRaftLog: snapshotIndexFromStateMachine = -1
2025-09-20 01:42:30,768 [s1-impl-thread1] INFO  util.AwaitToRun (AwaitToRun.java:start(81)) - Thread[s1@group-6D9D00AA6C06-cacheEviction-AwaitToRun,5,main] started
2025-09-20 01:42:30,768 [s1-impl-thread1] INFO  segmented.SegmentedRaftLogWorker (SegmentedRaftLogWorker.java:<init>(190)) - new s1@group-6D9D00AA6C06-SegmentedRaftLogWorker for RaftStorageImpl:Storage Directory /home/runner/work/ratis/ratis/ratis-test/target/test/data/6d586a38/MiniRaftClusterWithGrpcb3b958e5/s1/0b3be5c5-e5c8-43fd-8c56-6d9d00aa6c06
2025-09-20 01:42:30,769 [s1-impl-thread1] INFO  segmented.SegmentedRaftLogWorker (SegmentedRaftLogWorker.java:lambda$new$0(141)) - s1@group-6D9D00AA6C06-SegmentedRaftLogWorker: flushIndex: setUnconditionally 0 -> -1
2025-09-20 01:42:30,769 [s1-impl-thread1] INFO  segmented.SegmentedRaftLogWorker (SegmentedRaftLogWorker.java:lambda$new$0(141)) - s1@group-6D9D00AA6C06-SegmentedRaftLogWorker: safeCacheEvictIndex: setUnconditionally 0 -> -1
2025-09-20 01:42:30,769 [s1-impl-thread1] INFO  server.RaftServer$Division (RaftServerImpl.java:start(405)) - s1@group-6D9D00AA6C06: start as a follower, conf=conf: {index: -1, cur=peers:[s0|localhost:15108, s1|localhost:15112, s2|localhost:15116]|listeners:[], old=null}
2025-09-20 01:42:30,769 [s1-impl-thread1] INFO  server.RaftServer$Division (RaftServerImpl.java:setRole(392)) - s1@group-6D9D00AA6C06: changes role from      null to FOLLOWER at term 0 for startAsFollower
2025-09-20 01:42:30,769 [s1-impl-thread1] INFO  impl.RoleInfo (RoleInfo.java:updateAndGet(148)) - s1: start s1@group-6D9D00AA6C06-FollowerState
2025-09-20 01:42:30,770 [s1-impl-thread1] INFO  util.JmxRegister (JmxRegister.java:tryRegister(44)) - Successfully registered JMX Bean with object name Ratis:service=RaftServer,group=group-6D9D00AA6C06,id=s1
2025-09-20 01:42:30,770 [s1@group-6D9D00AA6C06-FollowerState] INFO  server.RaftServerConfigKeys (ConfUtils.java:logFallback(69)) - raft.server.rpc.first-election.timeout.min = 150ms (fallback to raft.server.rpc.timeout.min)
2025-09-20 01:42:30,770 [s1-impl-thread1] INFO  util.JmxRegister (JmxRegister.java:register(58)) - register mxBean class org.apache.ratis.server.impl.RaftServerJmxAdapter as Ratis:service=RaftServer,group=group-6D9D00AA6C06,id=s1
2025-09-20 01:42:30,770 [s1@group-6D9D00AA6C06-FollowerState] INFO  server.RaftServerConfigKeys (ConfUtils.java:logFallback(69)) - raft.server.rpc.first-election.timeout.max = 300ms (fallback to raft.server.rpc.timeout.max)
2025-09-20 01:42:30,770 [s1-impl-thread1] INFO  server.RaftServer$Division (RaftServerImpl.java:start(419)) - s1@group-6D9D00AA6C06: Successfully started.
2025-09-20 01:42:30,770 [main] INFO  server.RaftServer (RaftServerProxy.java:startImpl(412)) - s1: start RPC server
2025-09-20 01:42:30,770 [main] INFO  server.GrpcServicesImpl (GrpcServicesImpl.java:startImpl(348)) - s1: GrpcServicesImpl started, listening on 15114
2025-09-20 01:42:30,771 [main] INFO  server.GrpcServicesImpl (GrpcServicesImpl.java:startImpl(348)) - s1: GrpcServicesImpl started, listening on 15112
2025-09-20 01:42:30,771 [main] INFO  server.GrpcServicesImpl (GrpcServicesImpl.java:startImpl(348)) - s1: GrpcServicesImpl started, listening on 15113
2025-09-20 01:42:30,771 [JvmPauseMonitor28] INFO  util.JvmPauseMonitor (JvmPauseMonitor.java:run(146)) - JvmPauseMonitor-s1: Started
2025-09-20 01:42:30,771 [s2-impl-thread1] INFO  server.RaftServerConfigKeys (ConfUtils.java:logGet(62)) - raft.server.storage.dir = [/home/runner/work/ratis/ratis/ratis-test/target/test/data/6d586a38/MiniRaftClusterWithGrpcb3b958e5/s2] (custom)
2025-09-20 01:42:30,772 [s2-impl-thread1] INFO  storage.RaftStorageDirectory (RaftStorageDirectoryImpl.java:analyzeStorage(138)) - The storage directory /home/runner/work/ratis/ratis/ratis-test/target/test/data/6d586a38/MiniRaftClusterWithGrpcb3b958e5/s2/0b3be5c5-e5c8-43fd-8c56-6d9d00aa6c06 does not exist. Creating ...
2025-09-20 01:42:30,772 [s2-impl-thread1] TRACE util.FileUtils (LogUtils.java:runAndLog(49)) - Successfully ran Files.createDirectories /home/runner/work/ratis/ratis/ratis-test/target/test/data/6d586a38/MiniRaftClusterWithGrpcb3b958e5/s2/0b3be5c5-e5c8-43fd-8c56-6d9d00aa6c06
2025-09-20 01:42:30,773 [s2-impl-thread1] INFO  storage.RaftStorageDirectory (RaftStorageDirectoryImpl.java:tryLock(229)) - Lock on /home/runner/work/ratis/ratis/ratis-test/target/test/data/6d586a38/MiniRaftClusterWithGrpcb3b958e5/s2/0b3be5c5-e5c8-43fd-8c56-6d9d00aa6c06/in_use.lock acquired by nodename 5852@runnervmf4ws1
2025-09-20 01:42:30,773 [s2-impl-thread1] TRACE util.FileUtils (LogUtils.java:runAndLog(49)) - Successfully ran Files.createDirectories /home/runner/work/ratis/ratis/ratis-test/target/test/data/6d586a38/MiniRaftClusterWithGrpcb3b958e5/s2/0b3be5c5-e5c8-43fd-8c56-6d9d00aa6c06/current
2025-09-20 01:42:30,773 [s2-impl-thread1] TRACE util.FileUtils (LogUtils.java:runAndLog(49)) - Successfully ran Files.createDirectories /home/runner/work/ratis/ratis/ratis-test/target/test/data/6d586a38/MiniRaftClusterWithGrpcb3b958e5/s2/0b3be5c5-e5c8-43fd-8c56-6d9d00aa6c06/sm
2025-09-20 01:42:30,773 [s2-impl-thread1] TRACE util.FileUtils (LogUtils.java:supplyAndLog(69)) - Successfully supplied FileChannel.open /home/runner/work/ratis/ratis/ratis-test/target/test/data/6d586a38/MiniRaftClusterWithGrpcb3b958e5/s2/0b3be5c5-e5c8-43fd-8c56-6d9d00aa6c06/current/raft-meta.tmp with options [CREATE, TRUNCATE_EXISTING, WRITE]: sun.nio.ch.FileChannelImpl@6131efdf
2025-09-20 01:42:30,774 [s2-impl-thread1] TRACE util.FileUtils (LogUtils.java:runAndLog(49)) - Successfully ran Atomic Files.move /home/runner/work/ratis/ratis/ratis-test/target/test/data/6d586a38/MiniRaftClusterWithGrpcb3b958e5/s2/0b3be5c5-e5c8-43fd-8c56-6d9d00aa6c06/current/raft-meta.tmp to /home/runner/work/ratis/ratis/ratis-test/target/test/data/6d586a38/MiniRaftClusterWithGrpcb3b958e5/s2/0b3be5c5-e5c8-43fd-8c56-6d9d00aa6c06/current/raft-meta with options [REPLACE_EXISTING]
2025-09-20 01:42:30,774 [s2-impl-thread1] INFO  storage.RaftStorage (RaftStorageImpl.java:format(98)) - Storage directory /home/runner/work/ratis/ratis/ratis-test/target/test/data/6d586a38/MiniRaftClusterWithGrpcb3b958e5/s2/0b3be5c5-e5c8-43fd-8c56-6d9d00aa6c06 has been successfully formatted.
2025-09-20 01:42:30,774 [s2-impl-thread1] INFO  server.RaftServer$Division (ServerState.java:getSnapshotIndexFromStateMachine(154)) - s2@group-6D9D00AA6C06: getLatestSnapshot(CounterStateMachine-30:s2:group-6D9D00AA6C06) returns null
2025-09-20 01:42:30,774 [s2-impl-thread1] INFO  raftlog.RaftLog (RaftLogBase.java:<init>(90)) - s2@group-6D9D00AA6C06-SegmentedRaftLog: snapshotIndexFromStateMachine = -1
2025-09-20 01:42:30,775 [s2-impl-thread1] INFO  util.AwaitToRun (AwaitToRun.java:start(81)) - Thread[s2@group-6D9D00AA6C06-cacheEviction-AwaitToRun,5,main] started
2025-09-20 01:42:30,775 [s2-impl-thread1] INFO  segmented.SegmentedRaftLogWorker (SegmentedRaftLogWorker.java:<init>(190)) - new s2@group-6D9D00AA6C06-SegmentedRaftLogWorker for RaftStorageImpl:Storage Directory /home/runner/work/ratis/ratis/ratis-test/target/test/data/6d586a38/MiniRaftClusterWithGrpcb3b958e5/s2/0b3be5c5-e5c8-43fd-8c56-6d9d00aa6c06
2025-09-20 01:42:30,776 [s2-impl-thread1] INFO  segmented.SegmentedRaftLogWorker (SegmentedRaftLogWorker.java:lambda$new$0(141)) - s2@group-6D9D00AA6C06-SegmentedRaftLogWorker: flushIndex: setUnconditionally 0 -> -1
2025-09-20 01:42:30,776 [s2-impl-thread1] INFO  segmented.SegmentedRaftLogWorker (SegmentedRaftLogWorker.java:lambda$new$0(141)) - s2@group-6D9D00AA6C06-SegmentedRaftLogWorker: safeCacheEvictIndex: setUnconditionally 0 -> -1
2025-09-20 01:42:30,776 [s2-impl-thread1] INFO  server.RaftServer$Division (RaftServerImpl.java:start(405)) - s2@group-6D9D00AA6C06: start as a follower, conf=conf: {index: -1, cur=peers:[s0|localhost:15108, s1|localhost:15112, s2|localhost:15116]|listeners:[], old=null}
2025-09-20 01:42:30,776 [s2-impl-thread1] INFO  server.RaftServer$Division (RaftServerImpl.java:setRole(392)) - s2@group-6D9D00AA6C06: changes role from      null to FOLLOWER at term 0 for startAsFollower
2025-09-20 01:42:30,776 [s2-impl-thread1] INFO  impl.RoleInfo (RoleInfo.java:updateAndGet(148)) - s2: start s2@group-6D9D00AA6C06-FollowerState
2025-09-20 01:42:30,776 [s2-impl-thread1] INFO  util.JmxRegister (JmxRegister.java:tryRegister(44)) - Successfully registered JMX Bean with object name Ratis:service=RaftServer,group=group-6D9D00AA6C06,id=s2
2025-09-20 01:42:30,776 [s2@group-6D9D00AA6C06-FollowerState] INFO  server.RaftServerConfigKeys (ConfUtils.java:logFallback(69)) - raft.server.rpc.first-election.timeout.min = 150ms (fallback to raft.server.rpc.timeout.min)
2025-09-20 01:42:30,776 [s2@group-6D9D00AA6C06-FollowerState] INFO  server.RaftServerConfigKeys (ConfUtils.java:logFallback(69)) - raft.server.rpc.first-election.timeout.max = 300ms (fallback to raft.server.rpc.timeout.max)
2025-09-20 01:42:30,776 [s2-impl-thread1] INFO  util.JmxRegister (JmxRegister.java:register(58)) - register mxBean class org.apache.ratis.server.impl.RaftServerJmxAdapter as Ratis:service=RaftServer,group=group-6D9D00AA6C06,id=s2
2025-09-20 01:42:30,777 [s2-impl-thread1] INFO  server.RaftServer$Division (RaftServerImpl.java:start(419)) - s2@group-6D9D00AA6C06: Successfully started.
2025-09-20 01:42:30,777 [main] INFO  server.RaftServer (RaftServerProxy.java:startImpl(412)) - s2: start RPC server
2025-09-20 01:42:30,777 [main] INFO  server.GrpcServicesImpl (GrpcServicesImpl.java:startImpl(348)) - s2: GrpcServicesImpl started, listening on 15118
2025-09-20 01:42:30,778 [main] INFO  server.GrpcServicesImpl (GrpcServicesImpl.java:startImpl(348)) - s2: GrpcServicesImpl started, listening on 15116
2025-09-20 01:42:30,778 [main] INFO  server.GrpcServicesImpl (GrpcServicesImpl.java:startImpl(348)) - s2: GrpcServicesImpl started, listening on 15117
2025-09-20 01:42:30,778 [JvmPauseMonitor29] INFO  util.JvmPauseMonitor (JvmPauseMonitor.java:run(146)) - JvmPauseMonitor-s2: Started
2025-09-20 01:42:30,779 [main] INFO  ratis.RaftTestUtil (RaftTestUtil.java:waitForLeader(107)) - printing ALL groups
  s0:  RUNNING  FOLLOWER (RUNNING): s0@group-6D9D00AA6C06:t0, leader=null, voted=, raftlog=Memoized:s0@group-6D9D00AA6C06-SegmentedRaftLog:OPENED:c-1:lastnull, conf=conf: {index: -1, cur=peers:[s0|localhost:15108, s1|localhost:15112, s2|localhost:15116]|listeners:[], old=null}
  s1:  RUNNING  FOLLOWER (RUNNING): s1@group-6D9D00AA6C06:t0, leader=null, voted=, raftlog=Memoized:s1@group-6D9D00AA6C06-SegmentedRaftLog:OPENED:c-1:lastnull, conf=conf: {index: -1, cur=peers:[s0|localhost:15108, s1|localhost:15112, s2|localhost:15116]|listeners:[], old=null}
  s2:  RUNNING  FOLLOWER (RUNNING): s2@group-6D9D00AA6C06:t0, leader=null, voted=, raftlog=Memoized:s2@group-6D9D00AA6C06-SegmentedRaftLog:OPENED:c-1:lastnull, conf=conf: {index: -1, cur=peers:[s0|localhost:15108, s1|localhost:15112, s2|localhost:15116]|listeners:[], old=null}
2025-09-20 01:42:30,779 [main] WARN  ratis.RaftTestUtil (RaftTestUtil.java:lambda$waitForLeader$3(126)) - Attempt #1 failed: java.lang.IllegalStateException: No leader yet : printing ALL groups
  s0:  RUNNING  FOLLOWER (RUNNING): s0@group-6D9D00AA6C06:t0, leader=null, voted=, raftlog=Memoized:s0@group-6D9D00AA6C06-SegmentedRaftLog:OPENED:c-1:lastnull, conf=conf: {index: -1, cur=peers:[s0|localhost:15108, s1|localhost:15112, s2|localhost:15116]|listeners:[], old=null}
  s1:  RUNNING  FOLLOWER (RUNNING): s1@group-6D9D00AA6C06:t0, leader=null, voted=, raftlog=Memoized:s1@group-6D9D00AA6C06-SegmentedRaftLog:OPENED:c-1:lastnull, conf=conf: {index: -1, cur=peers:[s0|localhost:15108, s1|localhost:15112, s2|localhost:15116]|listeners:[], old=null}
  s2:  RUNNING  FOLLOWER (RUNNING): s2@group-6D9D00AA6C06:t0, leader=null, voted=, raftlog=Memoized:s2@group-6D9D00AA6C06-SegmentedRaftLog:OPENED:c-1:lastnull, conf=conf: {index: -1, cur=peers:[s0|localhost:15108, s1|localhost:15112, s2|localhost:15116]|listeners:[], old=null}
2025-09-20 01:42:30,943 [s1@group-6D9D00AA6C06-FollowerState] INFO  impl.FollowerState (FollowerState.java:runImpl(161)) - s1@group-6D9D00AA6C06-FollowerState: change to CANDIDATE, lastRpcElapsedTime:173586363ns, electionTimeout:173ms
2025-09-20 01:42:30,943 [s1@group-6D9D00AA6C06-FollowerState] INFO  impl.RoleInfo (RoleInfo.java:shutdownFollowerState(121)) - s1: shutdown s1@group-6D9D00AA6C06-FollowerState
2025-09-20 01:42:30,943 [s1@group-6D9D00AA6C06-FollowerState] INFO  server.RaftServer$Division (RaftServerImpl.java:setRole(392)) - s1@group-6D9D00AA6C06: changes role from  FOLLOWER to CANDIDATE at term 0 for changeToCandidate
2025-09-20 01:42:30,943 [s1@group-6D9D00AA6C06-FollowerState] INFO  impl.RoleInfo (RoleInfo.java:updateAndGet(148)) - s1: start s1@group-6D9D00AA6C06-LeaderElection15
2025-09-20 01:42:30,944 [s1@group-6D9D00AA6C06-LeaderElection15] INFO  impl.LeaderElection (LeaderElection.java:askForVotes(448)) - s1@group-6D9D00AA6C06-LeaderElection15 PRE_VOTE round 0: submit vote requests at term 0 for conf: {index: -1, cur=peers:[s0|localhost:15108, s1|localhost:15112, s2|localhost:15116]|listeners:[], old=null}
2025-09-20 01:42:30,944 [s1@group-6D9D00AA6C06-LeaderElection15-1] INFO  server.GrpcServerProtocolClient (GrpcServerProtocolClient.java:<init>(66)) - Build channel for s0|localhost:15108
2025-09-20 01:42:30,944 [s1@group-6D9D00AA6C06-LeaderElection15] INFO  server.RaftServerConfigKeys (ConfUtils.java:logFallback(69)) - raft.server.rpc.first-election.timeout.min = 150ms (fallback to raft.server.rpc.timeout.min)
2025-09-20 01:42:30,944 [s1@group-6D9D00AA6C06-LeaderElection15] INFO  server.RaftServerConfigKeys (ConfUtils.java:logFallback(69)) - raft.server.rpc.first-election.timeout.max = 300ms (fallback to raft.server.rpc.timeout.max)
2025-09-20 01:42:30,944 [s1@group-6D9D00AA6C06-LeaderElection15-2] INFO  server.GrpcServerProtocolClient (GrpcServerProtocolClient.java:<init>(66)) - Build channel for s2|localhost:15116
2025-09-20 01:42:30,953 [s2@group-6D9D00AA6C06-FollowerState] INFO  impl.FollowerState (FollowerState.java:runImpl(161)) - s2@group-6D9D00AA6C06-FollowerState: change to CANDIDATE, lastRpcElapsedTime:176664391ns, electionTimeout:176ms
2025-09-20 01:42:30,953 [s2@group-6D9D00AA6C06-FollowerState] INFO  impl.RoleInfo (RoleInfo.java:shutdownFollowerState(121)) - s2: shutdown s2@group-6D9D00AA6C06-FollowerState
2025-09-20 01:42:30,953 [s2@group-6D9D00AA6C06-FollowerState] INFO  server.RaftServer$Division (RaftServerImpl.java:setRole(392)) - s2@group-6D9D00AA6C06: changes role from  FOLLOWER to CANDIDATE at term 0 for changeToCandidate
2025-09-20 01:42:30,954 [s2@group-6D9D00AA6C06-FollowerState] INFO  impl.RoleInfo (RoleInfo.java:updateAndGet(148)) - s2: start s2@group-6D9D00AA6C06-LeaderElection16
2025-09-20 01:42:30,954 [s2@group-6D9D00AA6C06-LeaderElection16] INFO  impl.LeaderElection (LeaderElection.java:askForVotes(448)) - s2@group-6D9D00AA6C06-LeaderElection16 PRE_VOTE round 0: submit vote requests at term 0 for conf: {index: -1, cur=peers:[s0|localhost:15108, s1|localhost:15112, s2|localhost:15116]|listeners:[], old=null}
2025-09-20 01:42:30,955 [s2@group-6D9D00AA6C06-LeaderElection16-1] INFO  server.GrpcServerProtocolClient (GrpcServerProtocolClient.java:<init>(66)) - Build channel for s0|localhost:15108
2025-09-20 01:42:30,956 [s2@group-6D9D00AA6C06-LeaderElection16] INFO  server.RaftServerConfigKeys (ConfUtils.java:logFallback(69)) - raft.server.rpc.first-election.timeout.min = 150ms (fallback to raft.server.rpc.timeout.min)
2025-09-20 01:42:30,956 [s2@group-6D9D00AA6C06-LeaderElection16] INFO  server.RaftServerConfigKeys (ConfUtils.java:logFallback(69)) - raft.server.rpc.first-election.timeout.max = 300ms (fallback to raft.server.rpc.timeout.max)
2025-09-20 01:42:30,956 [s2@group-6D9D00AA6C06-LeaderElection16-2] INFO  server.GrpcServerProtocolClient (GrpcServerProtocolClient.java:<init>(66)) - Build channel for s1|localhost:15112
2025-09-20 01:42:30,968 [grpc-default-executor-7] INFO  server.RaftServer$Division (RaftServerImpl.java:requestVote(1433)) - s2@group-6D9D00AA6C06: receive requestVote(PRE_VOTE, s1, group-6D9D00AA6C06, 0, <PROTO_DEFAULT>)
2025-09-20 01:42:30,971 [grpc-default-executor-7] INFO  impl.VoteContext (VoteContext.java:log(49)) - s2@group-6D9D00AA6C06-CANDIDATE: accept PRE_VOTE from s1: our priority 0 <= candidate's priority 0
2025-09-20 01:42:30,971 [grpc-default-executor-7] INFO  server.RaftServer$Division (RaftServerImpl.java:requestVote(1467)) - s2@group-6D9D00AA6C06 replies to PRE_VOTE vote request: s1<-s2#0:OK-t0-last:<INITIAL_VALUE>. Peer's state: s2@group-6D9D00AA6C06:t0, leader=null, voted=, raftlog=Memoized:s2@group-6D9D00AA6C06-SegmentedRaftLog:OPENED:c-1:lastnull, conf=conf: {index: -1, cur=peers:[s0|localhost:15108, s1|localhost:15112, s2|localhost:15116]|listeners:[], old=null}
2025-09-20 01:42:30,975 [grpc-default-executor-0] INFO  server.RaftServer$Division (RaftServerImpl.java:requestVote(1433)) - s1@group-6D9D00AA6C06: receive requestVote(PRE_VOTE, s2, group-6D9D00AA6C06, 0, <PROTO_DEFAULT>)
2025-09-20 01:42:30,975 [grpc-default-executor-0] INFO  impl.VoteContext (VoteContext.java:log(49)) - s1@group-6D9D00AA6C06-CANDIDATE: accept PRE_VOTE from s2: our priority 0 <= candidate's priority 0
2025-09-20 01:42:30,975 [grpc-default-executor-0] INFO  server.RaftServer$Division (RaftServerImpl.java:requestVote(1467)) - s1@group-6D9D00AA6C06 replies to PRE_VOTE vote request: s2<-s1#0:OK-t0-last:<INITIAL_VALUE>. Peer's state: s1@group-6D9D00AA6C06:t0, leader=null, voted=, raftlog=Memoized:s1@group-6D9D00AA6C06-SegmentedRaftLog:OPENED:c-1:lastnull, conf=conf: {index: -1, cur=peers:[s0|localhost:15108, s1|localhost:15112, s2|localhost:15116]|listeners:[], old=null}
2025-09-20 01:42:30,978 [s2@group-6D9D00AA6C06-LeaderElection16] INFO  impl.LeaderElection (LeaderElection.java:logAndReturn(206)) - s2@group-6D9D00AA6C06-LeaderElection16: PRE_VOTE PASSED received 1 response(s) and 0 exception(s):
2025-09-20 01:42:30,978 [s2@group-6D9D00AA6C06-LeaderElection16] INFO  impl.LeaderElection (LeaderElection.java:logAndReturn(210)) -   Response 0: s2<-s1#0:OK-t0-last:<INITIAL_VALUE>
2025-09-20 01:42:30,978 [s2@group-6D9D00AA6C06-LeaderElection16] INFO  impl.LeaderElection (LeaderElection.java:askForVotes(450)) - s2@group-6D9D00AA6C06-LeaderElection16 PRE_VOTE round 0: result PASSED
2025-09-20 01:42:30,978 [s2@group-6D9D00AA6C06-LeaderElection16] TRACE util.FileUtils (LogUtils.java:supplyAndLog(69)) - Successfully supplied FileChannel.open /home/runner/work/ratis/ratis/ratis-test/target/test/data/6d586a38/MiniRaftClusterWithGrpcb3b958e5/s2/0b3be5c5-e5c8-43fd-8c56-6d9d00aa6c06/current/raft-meta.tmp with options [CREATE, TRUNCATE_EXISTING, WRITE]: sun.nio.ch.FileChannelImpl@2a88ef70
2025-09-20 01:42:30,981 [s2@group-6D9D00AA6C06-LeaderElection16] TRACE util.FileUtils (LogUtils.java:runAndLog(49)) - Successfully ran Atomic Files.move /home/runner/work/ratis/ratis/ratis-test/target/test/data/6d586a38/MiniRaftClusterWithGrpcb3b958e5/s2/0b3be5c5-e5c8-43fd-8c56-6d9d00aa6c06/current/raft-meta.tmp to /home/runner/work/ratis/ratis/ratis-test/target/test/data/6d586a38/MiniRaftClusterWithGrpcb3b958e5/s2/0b3be5c5-e5c8-43fd-8c56-6d9d00aa6c06/current/raft-meta with options [REPLACE_EXISTING]
2025-09-20 01:42:30,982 [s2@group-6D9D00AA6C06-LeaderElection16] INFO  impl.LeaderElection (LeaderElection.java:askForVotes(448)) - s2@group-6D9D00AA6C06-LeaderElection16 ELECTION round 0: submit vote requests at term 1 for conf: {index: -1, cur=peers:[s0|localhost:15108, s1|localhost:15112, s2|localhost:15116]|listeners:[], old=null}
2025-09-20 01:42:30,982 [s1@group-6D9D00AA6C06-LeaderElection15] INFO  impl.LeaderElection (LeaderElection.java:logAndReturn(206)) - s1@group-6D9D00AA6C06-LeaderElection15: PRE_VOTE PASSED received 1 response(s) and 0 exception(s):
2025-09-20 01:42:30,982 [s1@group-6D9D00AA6C06-LeaderElection15] INFO  impl.LeaderElection (LeaderElection.java:logAndReturn(210)) -   Response 0: s1<-s2#0:OK-t0-last:<INITIAL_VALUE>
2025-09-20 01:42:30,983 [grpc-default-executor-0] INFO  server.RaftServer$Division (RaftServerImpl.java:requestVote(1433)) - s0@group-6D9D00AA6C06: receive requestVote(PRE_VOTE, s1, group-6D9D00AA6C06, 0, <PROTO_DEFAULT>)
2025-09-20 01:42:30,983 [grpc-default-executor-0] INFO  impl.VoteContext (VoteContext.java:log(49)) - s0@group-6D9D00AA6C06-FOLLOWER: accept PRE_VOTE from s1: our priority 0 <= candidate's priority 0
2025-09-20 01:42:30,983 [grpc-default-executor-0] INFO  server.RaftServer$Division (RaftServerImpl.java:requestVote(1467)) - s0@group-6D9D00AA6C06 replies to PRE_VOTE vote request: s1<-s0#0:OK-t0-last:<INITIAL_VALUE>. Peer's state: s0@group-6D9D00AA6C06:t0, leader=null, voted=, raftlog=Memoized:s0@group-6D9D00AA6C06-SegmentedRaftLog:OPENED:c-1:lastnull, conf=conf: {index: -1, cur=peers:[s0|localhost:15108, s1|localhost:15112, s2|localhost:15116]|listeners:[], old=null}
2025-09-20 01:42:30,985 [s2@group-6D9D00AA6C06-LeaderElection16] INFO  server.RaftServerConfigKeys (ConfUtils.java:logFallback(69)) - raft.server.rpc.first-election.timeout.min = 150ms (fallback to raft.server.rpc.timeout.min)
2025-09-20 01:42:30,985 [s1@group-6D9D00AA6C06-LeaderElection15] INFO  impl.LeaderElection (LeaderElection.java:askForVotes(450)) - s1@group-6D9D00AA6C06-LeaderElection15 PRE_VOTE round 0: result PASSED
2025-09-20 01:42:30,985 [s2@group-6D9D00AA6C06-LeaderElection16] INFO  server.RaftServerConfigKeys (ConfUtils.java:logFallback(69)) - raft.server.rpc.first-election.timeout.max = 300ms (fallback to raft.server.rpc.timeout.max)
2025-09-20 01:42:30,985 [s1@group-6D9D00AA6C06-LeaderElection15] TRACE util.FileUtils (LogUtils.java:supplyAndLog(69)) - Successfully supplied FileChannel.open /home/runner/work/ratis/ratis/ratis-test/target/test/data/6d586a38/MiniRaftClusterWithGrpcb3b958e5/s1/0b3be5c5-e5c8-43fd-8c56-6d9d00aa6c06/current/raft-meta.tmp with options [CREATE, TRUNCATE_EXISTING, WRITE]: sun.nio.ch.FileChannelImpl@dd8766
2025-09-20 01:42:30,985 [grpc-default-executor-0] INFO  server.RaftServer$Division (RaftServerImpl.java:requestVote(1433)) - s0@group-6D9D00AA6C06: receive requestVote(ELECTION, s2, group-6D9D00AA6C06, 1, <PROTO_DEFAULT>)
2025-09-20 01:42:30,985 [grpc-default-executor-0] INFO  impl.VoteContext (VoteContext.java:log(49)) - s0@group-6D9D00AA6C06-FOLLOWER: accept ELECTION from s2: our priority 0 <= candidate's priority 0
2025-09-20 01:42:30,985 [grpc-default-executor-0] INFO  server.RaftServer$Division (RaftServerImpl.java:setRole(392)) - s0@group-6D9D00AA6C06: changes role from  FOLLOWER to FOLLOWER at term 0 for candidate:s2
2025-09-20 01:42:30,985 [grpc-default-executor-0] INFO  impl.RoleInfo (RoleInfo.java:shutdownFollowerState(121)) - s0: shutdown s0@group-6D9D00AA6C06-FollowerState
2025-09-20 01:42:30,986 [s1@group-6D9D00AA6C06-LeaderElection15] TRACE util.FileUtils (LogUtils.java:runAndLog(49)) - Successfully ran Atomic Files.move /home/runner/work/ratis/ratis/ratis-test/target/test/data/6d586a38/MiniRaftClusterWithGrpcb3b958e5/s1/0b3be5c5-e5c8-43fd-8c56-6d9d00aa6c06/current/raft-meta.tmp to /home/runner/work/ratis/ratis/ratis-test/target/test/data/6d586a38/MiniRaftClusterWithGrpcb3b958e5/s1/0b3be5c5-e5c8-43fd-8c56-6d9d00aa6c06/current/raft-meta with options [REPLACE_EXISTING]
2025-09-20 01:42:30,987 [s1@group-6D9D00AA6C06-LeaderElection15] INFO  impl.LeaderElection (LeaderElection.java:askForVotes(448)) - s1@group-6D9D00AA6C06-LeaderElection15 ELECTION round 0: submit vote requests at term 1 for conf: {index: -1, cur=peers:[s0|localhost:15108, s1|localhost:15112, s2|localhost:15116]|listeners:[], old=null}
2025-09-20 01:42:30,987 [grpc-default-executor-4] INFO  server.RaftServer$Division (RaftServerImpl.java:requestVote(1433)) - s1@group-6D9D00AA6C06: receive requestVote(ELECTION, s2, group-6D9D00AA6C06, 1, <PROTO_DEFAULT>)
2025-09-20 01:42:30,988 [grpc-default-executor-4] INFO  impl.VoteContext (VoteContext.java:log(49)) - s1@group-6D9D00AA6C06-CANDIDATE: reject ELECTION from s2: already has voted for s1 at current term 1
2025-09-20 01:42:30,988 [grpc-default-executor-4] INFO  server.RaftServer$Division (RaftServerImpl.java:requestVote(1467)) - s1@group-6D9D00AA6C06 replies to ELECTION vote request: s2<-s1#0:FAIL-t1-last:<INITIAL_VALUE>. Peer's state: s1@group-6D9D00AA6C06:t1, leader=null, voted=s1, raftlog=Memoized:s1@group-6D9D00AA6C06-SegmentedRaftLog:OPENED:c-1:lastnull, conf=conf: {index: -1, cur=peers:[s0|localhost:15108, s1|localhost:15112, s2|localhost:15116]|listeners:[], old=null}
2025-09-20 01:42:30,987 [grpc-default-executor-0] INFO  impl.RoleInfo (RoleInfo.java:updateAndGet(148)) - s0: start s0@group-6D9D00AA6C06-FollowerState
2025-09-20 01:42:30,987 [s0@group-6D9D00AA6C06-FollowerState] INFO  impl.FollowerState (FollowerState.java:runImpl(170)) - s0@group-6D9D00AA6C06-FollowerState was interrupted
2025-09-20 01:42:30,989 [s1@group-6D9D00AA6C06-LeaderElection15] INFO  server.RaftServerConfigKeys (ConfUtils.java:logFallback(69)) - raft.server.rpc.first-election.timeout.min = 150ms (fallback to raft.server.rpc.timeout.min)
2025-09-20 01:42:30,989 [s1@group-6D9D00AA6C06-LeaderElection15] INFO  server.RaftServerConfigKeys (ConfUtils.java:logFallback(69)) - raft.server.rpc.first-election.timeout.max = 300ms (fallback to raft.server.rpc.timeout.max)
2025-09-20 01:42:30,989 [grpc-default-executor-0] INFO  server.RaftServer$Division (RaftServerImpl.java:setFirstElection(576)) - s0@group-6D9D00AA6C06: set firstElectionSinceStartup to false for candidate:s2
2025-09-20 01:42:30,990 [grpc-default-executor-0] TRACE util.FileUtils (LogUtils.java:supplyAndLog(69)) - Successfully supplied FileChannel.open /home/runner/work/ratis/ratis/ratis-test/target/test/data/6d586a38/MiniRaftClusterWithGrpcb3b958e5/s0/0b3be5c5-e5c8-43fd-8c56-6d9d00aa6c06/current/raft-meta.tmp with options [CREATE, TRUNCATE_EXISTING, WRITE]: sun.nio.ch.FileChannelImpl@61c4cb07
2025-09-20 01:42:30,990 [grpc-default-executor-7] INFO  server.RaftServer$Division (RaftServerImpl.java:requestVote(1433)) - s0@group-6D9D00AA6C06: receive requestVote(ELECTION, s1, group-6D9D00AA6C06, 1, <PROTO_DEFAULT>)
2025-09-20 01:42:30,991 [grpc-default-executor-4] INFO  server.RaftServer$Division (RaftServerImpl.java:requestVote(1433)) - s2@group-6D9D00AA6C06: receive requestVote(ELECTION, s1, group-6D9D00AA6C06, 1, <PROTO_DEFAULT>)
2025-09-20 01:42:30,991 [grpc-default-executor-4] INFO  impl.VoteContext (VoteContext.java:log(49)) - s2@group-6D9D00AA6C06-CANDIDATE: reject ELECTION from s1: already has voted for s2 at current term 1
2025-09-20 01:42:30,992 [grpc-default-executor-4] INFO  server.RaftServer$Division (RaftServerImpl.java:requestVote(1467)) - s2@group-6D9D00AA6C06 replies to ELECTION vote request: s1<-s2#0:FAIL-t1-last:<INITIAL_VALUE>. Peer's state: s2@group-6D9D00AA6C06:t1, leader=null, voted=s2, raftlog=Memoized:s2@group-6D9D00AA6C06-SegmentedRaftLog:OPENED:c-1:lastnull, conf=conf: {index: -1, cur=peers:[s0|localhost:15108, s1|localhost:15112, s2|localhost:15116]|listeners:[], old=null}
2025-09-20 01:42:30,993 [grpc-default-executor-0] TRACE util.FileUtils (LogUtils.java:runAndLog(49)) - Successfully ran Atomic Files.move /home/runner/work/ratis/ratis/ratis-test/target/test/data/6d586a38/MiniRaftClusterWithGrpcb3b958e5/s0/0b3be5c5-e5c8-43fd-8c56-6d9d00aa6c06/current/raft-meta.tmp to /home/runner/work/ratis/ratis/ratis-test/target/test/data/6d586a38/MiniRaftClusterWithGrpcb3b958e5/s0/0b3be5c5-e5c8-43fd-8c56-6d9d00aa6c06/current/raft-meta with options [REPLACE_EXISTING]
2025-09-20 01:42:30,994 [grpc-default-executor-0] INFO  server.RaftServer$Division (RaftServerImpl.java:requestVote(1467)) - s0@group-6D9D00AA6C06 replies to ELECTION vote request: s2<-s0#0:OK-t1-last:<INITIAL_VALUE>. Peer's state: s0@group-6D9D00AA6C06:t1, leader=null, voted=s2, raftlog=Memoized:s0@group-6D9D00AA6C06-SegmentedRaftLog:OPENED:c-1:lastnull, conf=conf: {index: -1, cur=peers:[s0|localhost:15108, s1|localhost:15112, s2|localhost:15116]|listeners:[], old=null}
2025-09-20 01:42:30,994 [grpc-default-executor-7] INFO  impl.VoteContext (VoteContext.java:log(49)) - s0@group-6D9D00AA6C06-FOLLOWER: reject ELECTION from s1: already has voted for s2 at current term 1
2025-09-20 01:42:30,994 [grpc-default-executor-7] INFO  server.RaftServer$Division (RaftServerImpl.java:requestVote(1467)) - s0@group-6D9D00AA6C06 replies to ELECTION vote request: s1<-s0#0:FAIL-t1-last:<INITIAL_VALUE>. Peer's state: s0@group-6D9D00AA6C06:t1, leader=null, voted=s2, raftlog=Memoized:s0@group-6D9D00AA6C06-SegmentedRaftLog:OPENED:c-1:lastnull, conf=conf: {index: -1, cur=peers:[s0|localhost:15108, s1|localhost:15112, s2|localhost:15116]|listeners:[], old=null}
2025-09-20 01:42:30,994 [s2@group-6D9D00AA6C06-LeaderElection16] INFO  impl.LeaderElection (LeaderElection.java:logAndReturn(206)) - s2@group-6D9D00AA6C06-LeaderElection16: ELECTION PASSED received 2 response(s) and 0 exception(s):
2025-09-20 01:42:30,995 [s2@group-6D9D00AA6C06-LeaderElection16] INFO  impl.LeaderElection (LeaderElection.java:logAndReturn(210)) -   Response 0: s2<-s0#0:OK-t1-last:<INITIAL_VALUE>
2025-09-20 01:42:30,995 [s2@group-6D9D00AA6C06-LeaderElection16] INFO  impl.LeaderElection (LeaderElection.java:logAndReturn(210)) -   Response 1: s2<-s1#0:FAIL-t1-last:<INITIAL_VALUE>
2025-09-20 01:42:30,995 [s2@group-6D9D00AA6C06-LeaderElection16] INFO  impl.LeaderElection (LeaderElection.java:askForVotes(450)) - s2@group-6D9D00AA6C06-LeaderElection16 ELECTION round 0: result PASSED
2025-09-20 01:42:30,995 [s2@group-6D9D00AA6C06-LeaderElection16] INFO  impl.RoleInfo (RoleInfo.java:shutdownLeaderElection(141)) - s2: shutdown s2@group-6D9D00AA6C06-LeaderElection16
2025-09-20 01:42:30,995 [s2@group-6D9D00AA6C06-LeaderElection16] INFO  server.RaftServer$Division (RaftServerImpl.java:setRole(392)) - s2@group-6D9D00AA6C06: changes role from CANDIDATE to LEADER at term 1 for changeToLeader
2025-09-20 01:42:30,995 [s1@group-6D9D00AA6C06-LeaderElection15] INFO  impl.LeaderElection (LeaderElection.java:waitForResults(573)) - rejectedPeers: [s2, s0], emptyCommit? true
2025-09-20 01:42:30,995 [s2@group-6D9D00AA6C06-LeaderElection16] INFO  server.RaftServerConfigKeys (ConfUtils.java:logFallback(69)) - raft.server.staging.timeout = 900ms (fallback to raft.server.rpc.timeout.max)
2025-09-20 01:42:30,996 [s2@group-6D9D00AA6C06-LeaderElection16] INFO  impl.RoleInfo (RoleInfo.java:updateAndGet(148)) - s2: start s2@group-6D9D00AA6C06-LeaderStateImpl
2025-09-20 01:42:30,996 [s2@group-6D9D00AA6C06-LeaderElection16] INFO  server.RaftServer$Division (RaftServerImpl.java:setFirstElection(576)) - s2@group-6D9D00AA6C06: set firstElectionSinceStartup to false for becomeLeader
2025-09-20 01:42:30,997 [s2@group-6D9D00AA6C06-LeaderElection16] INFO  server.RaftServer$Division (ServerState.java:setLeader(277)) - s2@group-6D9D00AA6C06: change Leader from null to s2 at term 1 for becomeLeader, leader elected after 240ms
2025-09-20 01:42:30,997 [s2@group-6D9D00AA6C06-LeaderElection16] INFO  segmented.SegmentedRaftLogWorker (SegmentedRaftLogWorker.java:startLogSegment(440)) - s2@group-6D9D00AA6C06-SegmentedRaftLogWorker: Starting segment from index:0
2025-09-20 01:42:30,997 [s2@group-6D9D00AA6C06-LeaderElection16] INFO  server.RaftServer$Division (ServerState.java:setRaftConf(391)) - s2@group-6D9D00AA6C06: set configuration conf: {index: 0, cur=peers:[s0|localhost:15108, s1|localhost:15112, s2|localhost:15116]|listeners:[], old=null}
2025-09-20 01:42:30,997 [s2@group-6D9D00AA6C06-SegmentedRaftLogWorker] INFO  segmented.BufferedWriteChannel (BufferedWriteChannel.java:open(61)) - open log_inprogress_0 at position 0
2025-09-20 01:42:30,995 [s1@group-6D9D00AA6C06-LeaderElection15] INFO  impl.LeaderElection (LeaderElection.java:logAndReturn(206)) - s1@group-6D9D00AA6C06-LeaderElection15: ELECTION REJECTED received 2 response(s) and 0 exception(s):
2025-09-20 01:42:30,997 [s1@group-6D9D00AA6C06-LeaderElection15] INFO  impl.LeaderElection (LeaderElection.java:logAndReturn(210)) -   Response 0: s1<-s0#0:FAIL-t1-last:<INITIAL_VALUE>
2025-09-20 01:42:30,997 [s1@group-6D9D00AA6C06-LeaderElection15] INFO  impl.LeaderElection (LeaderElection.java:logAndReturn(210)) -   Response 1: s1<-s2#0:FAIL-t1-last:<INITIAL_VALUE>
2025-09-20 01:42:30,998 [s1@group-6D9D00AA6C06-LeaderElection15] INFO  impl.LeaderElection (LeaderElection.java:askForVotes(450)) - s1@group-6D9D00AA6C06-LeaderElection15 ELECTION round 0: result REJECTED
2025-09-20 01:42:30,998 [s1@group-6D9D00AA6C06-LeaderElection15] INFO  server.RaftServer$Division (RaftServerImpl.java:setRole(392)) - s1@group-6D9D00AA6C06: changes role from CANDIDATE to FOLLOWER at term 1 for REJECTED
2025-09-20 01:42:30,998 [s1@group-6D9D00AA6C06-LeaderElection15] INFO  impl.RoleInfo (RoleInfo.java:shutdownLeaderElection(141)) - s1: shutdown s1@group-6D9D00AA6C06-LeaderElection15
2025-09-20 01:42:30,998 [s1@group-6D9D00AA6C06-LeaderElection15] INFO  impl.RoleInfo (RoleInfo.java:updateAndGet(148)) - s1: start s1@group-6D9D00AA6C06-FollowerState
2025-09-20 01:42:30,998 [s1@group-6D9D00AA6C06-FollowerState] INFO  server.RaftServerConfigKeys (ConfUtils.java:logFallback(69)) - raft.server.rpc.first-election.timeout.min = 150ms (fallback to raft.server.rpc.timeout.min)
2025-09-20 01:42:30,998 [s1@group-6D9D00AA6C06-FollowerState] INFO  server.RaftServerConfigKeys (ConfUtils.java:logFallback(69)) - raft.server.rpc.first-election.timeout.max = 300ms (fallback to raft.server.rpc.timeout.max)
2025-09-20 01:42:30,998 [s1@group-6D9D00AA6C06-LeaderElection15] INFO  server.RaftServer$Division (RaftServerImpl.java:setFirstElection(576)) - s1@group-6D9D00AA6C06: set firstElectionSinceStartup to false for REJECTED
2025-09-20 01:42:31,003 [grpc-default-executor-15] INFO  server.RaftServer$Division (ServerState.java:setLeader(277)) - s0@group-6D9D00AA6C06: change Leader from null to s2 at term 1 for appendEntries, leader elected after 254ms
2025-09-20 01:42:31,004 [grpc-default-executor-0] INFO  server.RaftServer$Division (ServerState.java:setLeader(277)) - s1@group-6D9D00AA6C06: change Leader from null to s2 at term 1 for appendEntries, leader elected after 250ms
2025-09-20 01:42:31,004 [s2@group-6D9D00AA6C06-SegmentedRaftLogWorker] INFO  segmented.SegmentedRaftLogWorker (SegmentedRaftLogWorker.java:execute(647)) - s2@group-6D9D00AA6C06-SegmentedRaftLogWorker: created new log segment /home/runner/work/ratis/ratis/ratis-test/target/test/data/6d586a38/MiniRaftClusterWithGrpcb3b958e5/s2/0b3be5c5-e5c8-43fd-8c56-6d9d00aa6c06/current/log_inprogress_0
2025-09-20 01:42:31,006 [grpc-default-executor-15] DEBUG server.RaftServer$Division (RaftServerImpl.java:logAppendEntries(1536)) - s0@group-6D9D00AA6C06: appendEntries* s2->s0#1-t1,previous=<PROTO_DEFAULT>,leaderCommit=-1,initializing? false,entries: size=1, first=(t:1, i:0), CONFIGURATIONENTRY(current:id:"s0"address:"localhost:15108"dataStreamAddress:"localhost:15111"clientAddress:"localhost:15110"adminAddress:"localhost:15109"startupRole:FOLLOWER, id:"s1"address:"localhost:15112"dataStreamAddress:"localhost:15115"clientAddress:"localhost:15114"adminAddress:"localhost:15113"startupRole:FOLLOWER, id:"s2"address:"localhost:15116"dataStreamAddress:"localhost:15119"clientAddress:"localhost:15118"adminAddress:"localhost:15117"startupRole:FOLLOWER, old:)
2025-09-20 01:42:31,006 [grpc-default-executor-7] DEBUG server.RaftServer$Division (RaftServerImpl.java:logAppendEntries(1536)) - s1@group-6D9D00AA6C06: appendEntries* s2->s1#1-t1,previous=<PROTO_DEFAULT>,leaderCommit=-1,initializing? false,entries: size=1, first=(t:1, i:0), CONFIGURATIONENTRY(current:id:"s0"address:"localhost:15108"dataStreamAddress:"localhost:15111"clientAddress:"localhost:15110"adminAddress:"localhost:15109"startupRole:FOLLOWER, id:"s1"address:"localhost:15112"dataStreamAddress:"localhost:15115"clientAddress:"localhost:15114"adminAddress:"localhost:15113"startupRole:FOLLOWER, id:"s2"address:"localhost:15116"dataStreamAddress:"localhost:15119"clientAddress:"localhost:15118"adminAddress:"localhost:15117"startupRole:FOLLOWER, old:)
2025-09-20 01:42:31,006 [grpc-default-executor-15] INFO  server.RaftServer$Division (ServerState.java:setRaftConf(391)) - s0@group-6D9D00AA6C06: set configuration conf: {index: 0, cur=peers:[s0|localhost:15108, s1|localhost:15112, s2|localhost:15116]|listeners:[], old=null}
2025-09-20 01:42:31,006 [grpc-default-executor-7] INFO  server.RaftServer$Division (ServerState.java:setRaftConf(391)) - s1@group-6D9D00AA6C06: set configuration conf: {index: 0, cur=peers:[s0|localhost:15108, s1|localhost:15112, s2|localhost:15116]|listeners:[], old=null}
2025-09-20 01:42:31,007 [s1-server-thread1] INFO  segmented.SegmentedRaftLogWorker (SegmentedRaftLogWorker.java:startLogSegment(440)) - s1@group-6D9D00AA6C06-SegmentedRaftLogWorker: Starting segment from index:0
2025-09-20 01:42:31,007 [s0-server-thread1] INFO  segmented.SegmentedRaftLogWorker (SegmentedRaftLogWorker.java:startLogSegment(440)) - s0@group-6D9D00AA6C06-SegmentedRaftLogWorker: Starting segment from index:0
2025-09-20 01:42:31,008 [s0@group-6D9D00AA6C06-SegmentedRaftLogWorker] INFO  segmented.BufferedWriteChannel (BufferedWriteChannel.java:open(61)) - open log_inprogress_0 at position 0
2025-09-20 01:42:31,008 [s1@group-6D9D00AA6C06-SegmentedRaftLogWorker] INFO  segmented.BufferedWriteChannel (BufferedWriteChannel.java:open(61)) - open log_inprogress_0 at position 0
2025-09-20 01:42:31,015 [s1@group-6D9D00AA6C06-SegmentedRaftLogWorker] INFO  segmented.SegmentedRaftLogWorker (SegmentedRaftLogWorker.java:execute(647)) - s1@group-6D9D00AA6C06-SegmentedRaftLogWorker: created new log segment /home/runner/work/ratis/ratis/ratis-test/target/test/data/6d586a38/MiniRaftClusterWithGrpcb3b958e5/s1/0b3be5c5-e5c8-43fd-8c56-6d9d00aa6c06/current/log_inprogress_0
2025-09-20 01:42:31,015 [s0@group-6D9D00AA6C06-SegmentedRaftLogWorker] INFO  segmented.SegmentedRaftLogWorker (SegmentedRaftLogWorker.java:execute(647)) - s0@group-6D9D00AA6C06-SegmentedRaftLogWorker: created new log segment /home/runner/work/ratis/ratis/ratis-test/target/test/data/6d586a38/MiniRaftClusterWithGrpcb3b958e5/s0/0b3be5c5-e5c8-43fd-8c56-6d9d00aa6c06/current/log_inprogress_0
2025-09-20 01:42:31,016 [s0-server-thread1] DEBUG server.RaftServer$Division (RaftServerImpl.java:logAppendEntries(1536)) - s0@group-6D9D00AA6C06: appendEntries* reply s2<-s0#1:OK-t1,SUCCESS,nextIndex=1,followerCommit=-1,matchIndex=0
2025-09-20 01:42:31,016 [s1-server-thread1] DEBUG server.RaftServer$Division (RaftServerImpl.java:logAppendEntries(1536)) - s1@group-6D9D00AA6C06: appendEntries* reply s2<-s1#1:OK-t1,SUCCESS,nextIndex=1,followerCommit=-1,matchIndex=0
2025-09-20 01:42:31,018 [s2@group-6D9D00AA6C06-StateMachineUpdater] TRACE util.FileUtils (LogUtils.java:supplyAndLog(69)) - Successfully supplied FileChannel.open /home/runner/work/ratis/ratis/ratis-test/target/test/data/6d586a38/MiniRaftClusterWithGrpcb3b958e5/s2/0b3be5c5-e5c8-43fd-8c56-6d9d00aa6c06/current/raft-meta.conf.tmp with options [CREATE, TRUNCATE_EXISTING, WRITE]: sun.nio.ch.FileChannelImpl@4e564b32
2025-09-20 01:42:31,019 [s2@group-6D9D00AA6C06-StateMachineUpdater] TRACE util.FileUtils (LogUtils.java:runAndLog(49)) - Successfully ran Atomic Files.move /home/runner/work/ratis/ratis/ratis-test/target/test/data/6d586a38/MiniRaftClusterWithGrpcb3b958e5/s2/0b3be5c5-e5c8-43fd-8c56-6d9d00aa6c06/current/raft-meta.conf.tmp to /home/runner/work/ratis/ratis/ratis-test/target/test/data/6d586a38/MiniRaftClusterWithGrpcb3b958e5/s2/0b3be5c5-e5c8-43fd-8c56-6d9d00aa6c06/current/raft-meta.conf with options [REPLACE_EXISTING]
2025-09-20 01:42:31,019 [s2@group-6D9D00AA6C06-StateMachineUpdater] INFO  server.RaftServer$Division (LeaderStateImpl.java:checkStartIndex(309)) - Leader s2@group-6D9D00AA6C06-LeaderStateImpl is ready since appliedIndex == startIndex == 0
2025-09-20 01:42:31,093 [s1@group-6D9D00AA6C06-StateMachineUpdater] TRACE util.FileUtils (LogUtils.java:supplyAndLog(69)) - Successfully supplied FileChannel.open /home/runner/work/ratis/ratis/ratis-test/target/test/data/6d586a38/MiniRaftClusterWithGrpcb3b958e5/s1/0b3be5c5-e5c8-43fd-8c56-6d9d00aa6c06/current/raft-meta.conf.tmp with options [CREATE, TRUNCATE_EXISTING, WRITE]: sun.nio.ch.FileChannelImpl@4bb0ea1
2025-09-20 01:42:31,094 [s0@group-6D9D00AA6C06-StateMachineUpdater] TRACE util.FileUtils (LogUtils.java:supplyAndLog(69)) - Successfully supplied FileChannel.open /home/runner/work/ratis/ratis/ratis-test/target/test/data/6d586a38/MiniRaftClusterWithGrpcb3b958e5/s0/0b3be5c5-e5c8-43fd-8c56-6d9d00aa6c06/current/raft-meta.conf.tmp with options [CREATE, TRUNCATE_EXISTING, WRITE]: sun.nio.ch.FileChannelImpl@75b9369f
2025-09-20 01:42:31,095 [s0@group-6D9D00AA6C06-StateMachineUpdater] TRACE util.FileUtils (LogUtils.java:runAndLog(49)) - Successfully ran Atomic Files.move /home/runner/work/ratis/ratis/ratis-test/target/test/data/6d586a38/MiniRaftClusterWithGrpcb3b958e5/s0/0b3be5c5-e5c8-43fd-8c56-6d9d00aa6c06/current/raft-meta.conf.tmp to /home/runner/work/ratis/ratis/ratis-test/target/test/data/6d586a38/MiniRaftClusterWithGrpcb3b958e5/s0/0b3be5c5-e5c8-43fd-8c56-6d9d00aa6c06/current/raft-meta.conf with options [REPLACE_EXISTING]
2025-09-20 01:42:31,095 [s1@group-6D9D00AA6C06-StateMachineUpdater] TRACE util.FileUtils (LogUtils.java:runAndLog(49)) - Successfully ran Atomic Files.move /home/runner/work/ratis/ratis/ratis-test/target/test/data/6d586a38/MiniRaftClusterWithGrpcb3b958e5/s1/0b3be5c5-e5c8-43fd-8c56-6d9d00aa6c06/current/raft-meta.conf.tmp to /home/runner/work/ratis/ratis/ratis-test/target/test/data/6d586a38/MiniRaftClusterWithGrpcb3b958e5/s1/0b3be5c5-e5c8-43fd-8c56-6d9d00aa6c06/current/raft-meta.conf with options [REPLACE_EXISTING]
2025-09-20 01:42:31,229 [main] INFO  ratis.RaftTestUtil (RaftTestUtil.java:waitForLeader(131)) - printing ALL groups
  s0:  RUNNING  FOLLOWER (RUNNING): s0@group-6D9D00AA6C06:t1, leader=s2, voted=s2, raftlog=Memoized:s0@group-6D9D00AA6C06-SegmentedRaftLog:OPENED:c0:last(t:1, i:0), conf=conf: {index: 0, cur=peers:[s0|localhost:15108, s1|localhost:15112, s2|localhost:15116]|listeners:[], old=null}
  s1:  RUNNING  FOLLOWER (RUNNING): s1@group-6D9D00AA6C06:t1, leader=s2, voted=s1, raftlog=Memoized:s1@group-6D9D00AA6C06-SegmentedRaftLog:OPENED:c0:last(t:1, i:0), conf=conf: {index: 0, cur=peers:[s0|localhost:15108, s1|localhost:15112, s2|localhost:15116]|listeners:[], old=null}
  s2:  RUNNING    LEADER (RUNNING): s2@group-6D9D00AA6C06:t1, leader=s2, voted=s2, raftlog=Memoized:s2@group-6D9D00AA6C06-SegmentedRaftLog:OPENED:c0:last(t:1, i:0), conf=conf: {index: 0, cur=peers:[s0|localhost:15108, s1|localhost:15112, s2|localhost:15116]|listeners:[], old=null}
2025-09-20 01:42:31,234 [s0-client-thread1] DEBUG server.RaftServer$Division (RaftServerImpl.java:submitClientRequestAsync(939)) - s0@group-6D9D00AA6C06: receive client request(RaftClientRequest:client-678E3BB83E32->s0@group-6D9D00AA6C06, cid=107, seq=null, RW, Message:494e4352454d454e54)
2025-09-20 01:42:31,235 [null-request--thread1] INFO  server.GrpcClientProtocolService (GrpcClientProtocolService.java:lambda$processClientRequest$0(284)) - Failed RaftClientRequest:client-678E3BB83E32->s0@group-6D9D00AA6C06, cid=107, seq=null, RW, Message:494e4352454d454e54, reply=RaftClientReply:client-678E3BB83E32->s0@group-6D9D00AA6C06, cid=107, FAILED org.apache.ratis.protocol.exceptions.NotLeaderException: Server s0@group-6D9D00AA6C06 is not the leader, suggested leader is: s2|localhost:15116, logIndex=0, commits[s0:c0, s1:c0, s2:c0]
2025-09-20 01:42:31,342 [s2-client-thread1] DEBUG server.RaftServer$Division (RaftServerImpl.java:submitClientRequestAsync(939)) - s2@group-6D9D00AA6C06: receive client request(RaftClientRequest:client-678E3BB83E32->s2@group-6D9D00AA6C06, cid=107, seq=null, RW, Message:494e4352454d454e54)
2025-09-20 01:42:31,342 [s2-client-thread1] DEBUG server.RaftServer$Division (LeaderStateImpl.java:addPendingRequest(526)) - s2@group-6D9D00AA6C06-LeaderStateImpl: addPendingRequest at RaftClientRequest:client-678E3BB83E32->s2@group-6D9D00AA6C06, cid=107, seq=null, RW, Message:494e4352454d454e54, entry=(t:1, i:1), STATEMACHINELOGENTRY, WRITE: logData.size=9, stateMachineData.size=0, logEntryProtoSerializedSize=0
2025-09-20 01:42:31,343 [grpc-default-executor-0] DEBUG server.RaftServer$Division (RaftServerImpl.java:logAppendEntries(1536)) - s0@group-6D9D00AA6C06: appendEntries* s2->s0#8-t1,previous=(t:1, i:0),leaderCommit=0,initializing? false,entries: size=1, first=(t:1, i:1), STATEMACHINELOGENTRY, StateMachineLogEntryProto:107@client-678E3BB83E32
2025-09-20 01:42:31,343 [grpc-default-executor-7] DEBUG server.RaftServer$Division (RaftServerImpl.java:logAppendEntries(1536)) - s1@group-6D9D00AA6C06: appendEntries* s2->s1#7-t1,previous=(t:1, i:0),leaderCommit=0,initializing? false,entries: size=1, first=(t:1, i:1), STATEMACHINELOGENTRY, StateMachineLogEntryProto:107@client-678E3BB83E32
2025-09-20 01:42:31,344 [s0-server-thread1] DEBUG server.RaftServer$Division (RaftServerImpl.java:logAppendEntries(1536)) - s0@group-6D9D00AA6C06: appendEntries* reply s2<-s0#8:OK-t1,SUCCESS,nextIndex=2,followerCommit=0,matchIndex=1
2025-09-20 01:42:31,344 [s1-server-thread1] DEBUG server.RaftServer$Division (RaftServerImpl.java:logAppendEntries(1536)) - s1@group-6D9D00AA6C06: appendEntries* reply s2<-s1#7:OK-t1,SUCCESS,nextIndex=2,followerCommit=0,matchIndex=1
2025-09-20 01:42:31,345 [s2@group-6D9D00AA6C06-StateMachineUpdater] INFO  statemachine.StateMachine (ReadOnlyRequestTests.java:applyTransaction(375)) - receive command: INCREMENT
2025-09-20 01:42:31,346 [grpc-default-executor-0] DEBUG server.RaftServer$Division (RaftServerImpl.java:logAppendEntries(1536)) - s0@group-6D9D00AA6C06: appendEntries* s2->s0#9-t1,previous=(t:1, i:1),leaderCommit=1,initializing? false,entries: size=1, first=(t:1, i:2), METADATAENTRY(c:1)
2025-09-20 01:42:31,346 [grpc-default-executor-7] DEBUG server.RaftServer$Division (RaftServerImpl.java:logAppendEntries(1536)) - s1@group-6D9D00AA6C06: appendEntries* s2->s1#8-t1,previous=(t:1, i:1),leaderCommit=1,initializing? false,entries: size=1, first=(t:1, i:2), METADATAENTRY(c:1)
2025-09-20 01:42:31,347 [s1-server-thread1] DEBUG server.RaftServer$Division (RaftServerImpl.java:logAppendEntries(1536)) - s1@group-6D9D00AA6C06: appendEntries* reply s2<-s1#8:OK-t1,SUCCESS,nextIndex=3,followerCommit=1,matchIndex=2
2025-09-20 01:42:31,347 [s1@group-6D9D00AA6C06-StateMachineUpdater] INFO  statemachine.StateMachine (ReadOnlyRequestTests.java:applyTransaction(375)) - receive command: INCREMENT
2025-09-20 01:42:31,347 [s0-server-thread1] DEBUG server.RaftServer$Division (RaftServerImpl.java:logAppendEntries(1536)) - s0@group-6D9D00AA6C06: appendEntries* reply s2<-s0#9:OK-t1,SUCCESS,nextIndex=3,followerCommit=1,matchIndex=2
2025-09-20 01:42:31,347 [s0@group-6D9D00AA6C06-StateMachineUpdater] INFO  statemachine.StateMachine (ReadOnlyRequestTests.java:applyTransaction(375)) - receive command: INCREMENT
2025-09-20 01:42:31,348 [s2-client-thread1] DEBUG server.RaftServer$Division (RaftServerImpl.java:submitClientRequestAsync(939)) - s2@group-6D9D00AA6C06: receive client request(RaftClientRequest:client-678E3BB83E32->s2@group-6D9D00AA6C06, cid=108, seq=null, RaW, Message:5155455259)
2025-09-20 01:42:31,348 [s2-client-thread1] DEBUG server.RaftServer$Division (LeaderStateImpl.java:getReadIndex(1147)) - readIndex=1, readAfterWriteConsistentIndex=1
2025-09-20 01:42:31,350 [s2-client-thread1] DEBUG server.RaftServer$Division (RaftServerImpl.java:submitClientRequestAsync(939)) - s2@group-6D9D00AA6C06: receive client request(RaftClientRequest:client-678E3BB83E32->s2@group-6D9D00AA6C06, cid=109, seq=1*, Watch(0), Message:<EMPTY>)
2025-09-20 01:42:31,350 [s2-client-thread1] DEBUG server.RaftServer$Division (LeaderStateImpl.java:addWatchRequest(544)) - s2@group-6D9D00AA6C06-LeaderStateImpl: addWatchRequest RaftClientRequest:client-678E3BB83E32->s2@group-6D9D00AA6C06, cid=109, seq=1*, Watch(0), Message:<EMPTY>
2025-09-20 01:42:31,352 [s2-client-thread1] DEBUG server.RaftServer$Division (RaftServerImpl.java:submitClientRequestAsync(939)) - s2@group-6D9D00AA6C06: receive client request(RaftClientRequest:client-678E3BB83E32->s2@group-6D9D00AA6C06, cid=110, seq=2, RW, Message:494e4352454d454e54)
2025-09-20 01:42:31,352 [s2-client-thread1] DEBUG server.RaftServer$Division (LeaderStateImpl.java:addPendingRequest(526)) - s2@group-6D9D00AA6C06-LeaderStateImpl: addPendingRequest at RaftClientRequest:client-678E3BB83E32->s2@group-6D9D00AA6C06, cid=110, seq=2, RW, Message:494e4352454d454e54, entry=(t:1, i:3), STATEMACHINELOGENTRY, WRITE: logData.size=9, stateMachineData.size=0, logEntryProtoSerializedSize=0
2025-09-20 01:42:31,353 [s2-client-thread1] DEBUG server.RaftServer$Division (RaftServerImpl.java:submitClientRequestAsync(939)) - s2@group-6D9D00AA6C06: receive client request(RaftClientRequest:client-678E3BB83E32->s2@group-6D9D00AA6C06, cid=111, seq=3, RaW, Message:5155455259)
2025-09-20 01:42:31,353 [s2-client-thread1] DEBUG server.RaftServer$Division (LeaderStateImpl.java:getReadIndex(1147)) - readIndex=3, readAfterWriteConsistentIndex=3
2025-09-20 01:42:31,353 [s2-client-thread1] DEBUG server.RaftServer$Division (RaftServerImpl.java:submitClientRequestAsync(939)) - s2@group-6D9D00AA6C06: receive client request(RaftClientRequest:client-678E3BB83E32->s2@group-6D9D00AA6C06, cid=112, seq=4, RW, Message:494e4352454d454e54)
2025-09-20 01:42:31,354 [s2-client-thread1] DEBUG server.RaftServer$Division (LeaderStateImpl.java:addPendingRequest(526)) - s2@group-6D9D00AA6C06-LeaderStateImpl: addPendingRequest at RaftClientRequest:client-678E3BB83E32->s2@group-6D9D00AA6C06, cid=112, seq=4, RW, Message:494e4352454d454e54, entry=(t:1, i:4), STATEMACHINELOGENTRY, WRITE: logData.size=9, stateMachineData.size=0, logEntryProtoSerializedSize=0
2025-09-20 01:42:31,355 [s2-client-thread1] DEBUG server.RaftServer$Division (RaftServerImpl.java:submitClientRequestAsync(939)) - s2@group-6D9D00AA6C06: receive client request(RaftClientRequest:client-678E3BB83E32->s2@group-6D9D00AA6C06, cid=113, seq=5, RW, Message:494e4352454d454e54)
2025-09-20 01:42:31,355 [s2-client-thread1] DEBUG server.RaftServer$Division (LeaderStateImpl.java:addPendingRequest(526)) - s2@group-6D9D00AA6C06-LeaderStateImpl: addPendingRequest at RaftClientRequest:client-678E3BB83E32->s2@group-6D9D00AA6C06, cid=113, seq=5, RW, Message:494e4352454d454e54, entry=(t:1, i:5), STATEMACHINELOGENTRY, WRITE: logData.size=9, stateMachineData.size=0, logEntryProtoSerializedSize=0
2025-09-20 01:42:31,356 [grpc-default-executor-12] DEBUG server.RaftServer$Division (RaftServerImpl.java:logAppendEntries(1536)) - s0@group-6D9D00AA6C06: appendEntries* s2->s0#11-t1,previous=(t:1, i:2),leaderCommit=2,initializing? false,entries: size=2, first=(t:1, i:3), STATEMACHINELOGENTRY, StateMachineLogEntryProto:110@client-678E3BB83E32
2025-09-20 01:42:31,356 [grpc-default-executor-0] DEBUG server.RaftServer$Division (RaftServerImpl.java:logAppendEntries(1536)) - s1@group-6D9D00AA6C06: appendEntries* s2->s1#11-t1,previous=(t:1, i:2),leaderCommit=2,initializing? false,entries: size=2, first=(t:1, i:3), STATEMACHINELOGENTRY, StateMachineLogEntryProto:110@client-678E3BB83E32
2025-09-20 01:42:31,356 [s2-client-thread1] DEBUG server.RaftServer$Division (RaftServerImpl.java:submitClientRequestAsync(939)) - s2@group-6D9D00AA6C06: receive client request(RaftClientRequest:client-678E3BB83E32->s2@group-6D9D00AA6C06, cid=114, seq=6, RW, Message:494e4352454d454e54)
2025-09-20 01:42:31,357 [s2-client-thread1] DEBUG server.RaftServer$Division (LeaderStateImpl.java:addPendingRequest(526)) - s2@group-6D9D00AA6C06-LeaderStateImpl: addPendingRequest at RaftClientRequest:client-678E3BB83E32->s2@group-6D9D00AA6C06, cid=114, seq=6, RW, Message:494e4352454d454e54, entry=(t:1, i:6), STATEMACHINELOGENTRY, WRITE: logData.size=9, stateMachineData.size=0, logEntryProtoSerializedSize=0
2025-09-20 01:42:31,357 [grpc-default-executor-12] DEBUG server.RaftServer$Division (RaftServerImpl.java:logAppendEntries(1536)) - s0@group-6D9D00AA6C06: appendEntries* s2->s0#12-t1,previous=(t:1, i:4),leaderCommit=2,initializing? false,entries: size=1, first=(t:1, i:5), STATEMACHINELOGENTRY, StateMachineLogEntryProto:113@client-678E3BB83E32
2025-09-20 01:42:31,358 [s2-client-thread1] DEBUG server.RaftServer$Division (RaftServerImpl.java:submitClientRequestAsync(939)) - s2@group-6D9D00AA6C06: receive client request(RaftClientRequest:client-678E3BB83E32->s2@group-6D9D00AA6C06, cid=115, seq=7, RW, Message:494e4352454d454e54)
2025-09-20 01:42:31,358 [grpc-default-executor-12] DEBUG server.RaftServer$Division (RaftServerImpl.java:logAppendEntries(1536)) - s0@group-6D9D00AA6C06: appendEntries* s2->s0#13-t1,previous=(t:1, i:5),leaderCommit=2,initializing? false,entries: size=1, first=(t:1, i:6), STATEMACHINELOGENTRY, StateMachineLogEntryProto:114@client-678E3BB83E32
2025-09-20 01:42:31,359 [s1-server-thread1] DEBUG server.RaftServer$Division (RaftServerImpl.java:logAppendEntries(1536)) - s1@group-6D9D00AA6C06: appendEntries* reply s2<-s1#11:OK-t1,SUCCESS,nextIndex=5,followerCommit=2,matchIndex=4
2025-09-20 01:42:31,358 [grpc-default-executor-0] DEBUG server.RaftServer$Division (RaftServerImpl.java:logAppendEntries(1536)) - s1@group-6D9D00AA6C06: appendEntries* s2->s1#12-t1,previous=(t:1, i:4),leaderCommit=2,initializing? false,entries: size=1, first=(t:1, i:5), STATEMACHINELOGENTRY, StateMachineLogEntryProto:113@client-678E3BB83E32
2025-09-20 01:42:31,358 [s2-client-thread1] DEBUG server.RaftServer$Division (LeaderStateImpl.java:addPendingRequest(526)) - s2@group-6D9D00AA6C06-LeaderStateImpl: addPendingRequest at RaftClientRequest:client-678E3BB83E32->s2@group-6D9D00AA6C06, cid=115, seq=7, RW, Message:494e4352454d454e54, entry=(t:1, i:7), STATEMACHINELOGENTRY, WRITE: logData.size=9, stateMachineData.size=0, logEntryProtoSerializedSize=0
2025-09-20 01:42:31,360 [s0-server-thread1] DEBUG server.RaftServer$Division (RaftServerImpl.java:logAppendEntries(1536)) - s0@group-6D9D00AA6C06: appendEntries* reply s2<-s0#11:OK-t1,SUCCESS,nextIndex=5,followerCommit=2,matchIndex=4
2025-09-20 01:42:31,360 [grpc-default-executor-0] DEBUG server.RaftServer$Division (RaftServerImpl.java:logAppendEntries(1536)) - s1@group-6D9D00AA6C06: appendEntries* s2->s1#13-t1,previous=(t:1, i:5),leaderCommit=2,initializing? false,entries: size=1, first=(t:1, i:6), STATEMACHINELOGENTRY, StateMachineLogEntryProto:114@client-678E3BB83E32
2025-09-20 01:42:31,360 [s1-server-thread1] DEBUG server.RaftServer$Division (RaftServerImpl.java:logAppendEntries(1536)) - s1@group-6D9D00AA6C06: appendEntries* reply s2<-s1#12:OK-t1,SUCCESS,nextIndex=6,followerCommit=2,matchIndex=5
2025-09-20 01:42:31,362 [grpc-default-executor-0] DEBUG server.RaftServer$Division (RaftServerImpl.java:logAppendEntries(1536)) - s1@group-6D9D00AA6C06: appendEntries* s2->s1#14-t1,previous=(t:1, i:6),leaderCommit=2,initializing? false,entries: size=1, first=(t:1, i:7), STATEMACHINELOGENTRY, StateMachineLogEntryProto:115@client-678E3BB83E32
2025-09-20 01:42:31,362 [s2@group-6D9D00AA6C06-StateMachineUpdater] INFO  statemachine.StateMachine (ReadOnlyRequestTests.java:applyTransaction(375)) - receive command: INCREMENT
2025-09-20 01:42:31,363 [s2@group-6D9D00AA6C06-StateMachineUpdater] INFO  statemachine.StateMachine (ReadOnlyRequestTests.java:applyTransaction(375)) - receive command: INCREMENT
2025-09-20 01:42:31,363 [s2@group-6D9D00AA6C06-StateMachineUpdater] INFO  statemachine.StateMachine (ReadOnlyRequestTests.java:applyTransaction(375)) - receive command: INCREMENT
2025-09-20 01:42:31,362 [s1-server-thread2] DEBUG server.RaftServer$Division (RaftServerImpl.java:logAppendEntries(1536)) - s1@group-6D9D00AA6C06: appendEntries* reply s2<-s1#13:OK-t1,SUCCESS,nextIndex=7,followerCommit=2,matchIndex=6
2025-09-20 01:42:31,362 [s0-server-thread1] DEBUG server.RaftServer$Division (RaftServerImpl.java:logAppendEntries(1536)) - s0@group-6D9D00AA6C06: appendEntries* reply s2<-s0#12:OK-t1,SUCCESS,nextIndex=6,followerCommit=2,matchIndex=5
2025-09-20 01:42:31,364 [grpc-default-executor-0] DEBUG server.RaftServer$Division (RaftServerImpl.java:logAppendEntries(1536)) - s1@group-6D9D00AA6C06: appendEntries* s2->s1#15-t1,previous=(t:1, i:7),leaderCommit=4,initializing? false,entries: size=1, first=(t:1, i:8), METADATAENTRY(c:4)
2025-09-20 01:42:31,362 [s2-client-thread1] DEBUG server.RaftServer$Division (RaftServerImpl.java:submitClientRequestAsync(939)) - s2@group-6D9D00AA6C06: receive client request(RaftClientRequest:client-678E3BB83E32->s2@group-6D9D00AA6C06, cid=116, seq=8, RW, Message:494e4352454d454e54)
2025-09-20 01:42:31,363 [s0-server-thread2] DEBUG server.RaftServer$Division (RaftServerImpl.java:logAppendEntries(1536)) - s0@group-6D9D00AA6C06: appendEntries* reply s2<-s0#13:OK-t1,SUCCESS,nextIndex=7,followerCommit=2,matchIndex=6
2025-09-20 01:42:31,363 [grpc-default-executor-7] DEBUG server.RaftServer$Division (RaftServerImpl.java:logAppendEntries(1536)) - s0@group-6D9D00AA6C06: appendEntries* s2->s0#14-t1,previous=(t:1, i:6),leaderCommit=2,initializing? false,entries: size=1, first=(t:1, i:7), STATEMACHINELOGENTRY, StateMachineLogEntryProto:115@client-678E3BB83E32
2025-09-20 01:42:31,365 [s1-server-thread1] DEBUG server.RaftServer$Division (RaftServerImpl.java:logAppendEntries(1536)) - s1@group-6D9D00AA6C06: appendEntries* reply s2<-s1#14:OK-t1,SUCCESS,nextIndex=8,followerCommit=2,matchIndex=7
2025-09-20 01:42:31,365 [s2-client-thread1] DEBUG server.RaftServer$Division (LeaderStateImpl.java:addPendingRequest(526)) - s2@group-6D9D00AA6C06-LeaderStateImpl: addPendingRequest at RaftClientRequest:client-678E3BB83E32->s2@group-6D9D00AA6C06, cid=116, seq=8, RW, Message:494e4352454d454e54, entry=(t:1, i:10), STATEMACHINELOGENTRY, WRITE: logData.size=9, stateMachineData.size=0, logEntryProtoSerializedSize=0
2025-09-20 01:42:31,366 [s1-server-thread1] DEBUG server.RaftServer$Division (RaftServerImpl.java:logAppendEntries(1536)) - s1@group-6D9D00AA6C06: appendEntries* reply s2<-s1#15:OK-t1,SUCCESS,nextIndex=9,followerCommit=4,matchIndex=8
2025-09-20 01:42:31,366 [s1@group-6D9D00AA6C06-StateMachineUpdater] INFO  statemachine.StateMachine (ReadOnlyRequestTests.java:applyTransaction(375)) - receive command: INCREMENT
2025-09-20 01:42:31,366 [s1@group-6D9D00AA6C06-StateMachineUpdater] INFO  statemachine.StateMachine (ReadOnlyRequestTests.java:applyTransaction(375)) - receive command: INCREMENT
2025-09-20 01:42:31,366 [grpc-default-executor-0] DEBUG server.RaftServer$Division (RaftServerImpl.java:logAppendEntries(1536)) - s1@group-6D9D00AA6C06: appendEntries* s2->s1#16-t1,previous=(t:1, i:8),leaderCommit=5,initializing? false,entries: size=1, first=(t:1, i:9), METADATAENTRY(c:5)
2025-09-20 01:42:31,367 [grpc-default-executor-0] DEBUG server.RaftServer$Division (RaftServerImpl.java:logAppendEntries(1536)) - s1@group-6D9D00AA6C06: appendEntries* s2->s1#17-t1,previous=(t:1, i:9),leaderCommit=5,initializing? false,entries: size=1, first=(t:1, i:10), STATEMACHINELOGENTRY, StateMachineLogEntryProto:116@client-678E3BB83E32
2025-09-20 01:42:31,367 [s0-server-thread2] DEBUG server.RaftServer$Division (RaftServerImpl.java:logAppendEntries(1536)) - s0@group-6D9D00AA6C06: appendEntries* reply s2<-s0#14:OK-t1,SUCCESS,nextIndex=8,followerCommit=2,matchIndex=7
2025-09-20 01:42:31,367 [s2@group-6D9D00AA6C06-StateMachineUpdater] INFO  statemachine.StateMachine (ReadOnlyRequestTests.java:applyTransaction(375)) - receive command: INCREMENT
2025-09-20 01:42:31,368 [grpc-default-executor-15] DEBUG server.RaftServer$Division (RaftServerImpl.java:logAppendEntries(1536)) - s0@group-6D9D00AA6C06: appendEntries* s2->s0#15-t1,previous=(t:1, i:7),leaderCommit=4,initializing? false,entries: size=1, first=(t:1, i:8), METADATAENTRY(c:4)
2025-09-20 01:42:31,369 [s1-server-thread1] DEBUG server.RaftServer$Division (RaftServerImpl.java:logAppendEntries(1536)) - s1@group-6D9D00AA6C06: appendEntries* reply s2<-s1#16:OK-t1,SUCCESS,nextIndex=10,followerCommit=5,matchIndex=9
2025-09-20 01:42:31,369 [s2@group-6D9D00AA6C06-StateMachineUpdater] INFO  statemachine.StateMachine (ReadOnlyRequestTests.java:applyTransaction(375)) - receive command: INCREMENT
2025-09-20 01:42:31,369 [grpc-default-executor-7] DEBUG server.RaftServer$Division (RaftServerImpl.java:logAppendEntries(1536)) - s1@group-6D9D00AA6C06: appendEntries* s2->s1#18-t1,previous=(t:1, i:10),leaderCommit=6,initializing? false,entries: size=1, first=(t:1, i:11), METADATAENTRY(c:6)
2025-09-20 01:42:31,369 [grpc-default-executor-12] DEBUG server.RaftServer$Division (RaftServerImpl.java:logAppendEntries(1536)) - s0@group-6D9D00AA6C06: appendEntries* s2->s0#16-t1,previous=(t:1, i:8),leaderCommit=5,initializing? false,entries: size=1, first=(t:1, i:9), METADATAENTRY(c:5)
2025-09-20 01:42:31,370 [grpc-default-executor-12] DEBUG server.RaftServer$Division (RaftServerImpl.java:logAppendEntries(1536)) - s1@group-6D9D00AA6C06: appendEntries* s2->s1#19-t1,previous=(t:1, i:11),leaderCommit=7,initializing? false,entries: size=1, first=(t:1, i:12), METADATAENTRY(c:7)
2025-09-20 01:42:31,369 [s1@group-6D9D00AA6C06-StateMachineUpdater] INFO  statemachine.StateMachine (ReadOnlyRequestTests.java:applyTransaction(375)) - receive command: INCREMENT
2025-09-20 01:42:31,370 [s2-client-thread1] DEBUG server.RaftServer$Division (RaftServerImpl.java:submitClientRequestAsync(939)) - s2@group-6D9D00AA6C06: receive client request(RaftClientRequest:client-678E3BB83E32->s2@group-6D9D00AA6C06, cid=117, seq=9, RW, Message:494e4352454d454e54)
2025-09-20 01:42:31,371 [s2-client-thread1] DEBUG server.RaftServer$Division (LeaderStateImpl.java:addPendingRequest(526)) - s2@group-6D9D00AA6C06-LeaderStateImpl: addPendingRequest at RaftClientRequest:client-678E3BB83E32->s2@group-6D9D00AA6C06, cid=117, seq=9, RW, Message:494e4352454d454e54, entry=(t:1, i:13), STATEMACHINELOGENTRY, WRITE: logData.size=9, stateMachineData.size=0, logEntryProtoSerializedSize=0
2025-09-20 01:42:31,370 [s0-server-thread1] DEBUG server.RaftServer$Division (RaftServerImpl.java:logAppendEntries(1536)) - s0@group-6D9D00AA6C06: appendEntries* reply s2<-s0#16:OK-t1,SUCCESS,nextIndex=10,followerCommit=5,matchIndex=9
2025-09-20 01:42:31,370 [s0@group-6D9D00AA6C06-StateMachineUpdater] INFO  statemachine.StateMachine (ReadOnlyRequestTests.java:applyTransaction(375)) - receive command: INCREMENT
2025-09-20 01:42:31,372 [s2-client-thread1] DEBUG server.RaftServer$Division (RaftServerImpl.java:submitClientRequestAsync(939)) - s2@group-6D9D00AA6C06: receive client request(RaftClientRequest:client-678E3BB83E32->s2@group-6D9D00AA6C06, cid=118, seq=10, RW, Message:494e4352454d454e54)
2025-09-20 01:42:31,372 [s0@group-6D9D00AA6C06-StateMachineUpdater] INFO  statemachine.StateMachine (ReadOnlyRequestTests.java:applyTransaction(375)) - receive command: INCREMENT
2025-09-20 01:42:31,372 [s0@group-6D9D00AA6C06-StateMachineUpdater] INFO  statemachine.StateMachine (ReadOnlyRequestTests.java:applyTransaction(375)) - receive command: INCREMENT
2025-09-20 01:42:31,372 [s1-server-thread2] DEBUG server.RaftServer$Division (RaftServerImpl.java:logAppendEntries(1536)) - s1@group-6D9D00AA6C06: appendEntries* reply s2<-s1#17:OK-t1,SUCCESS,nextIndex=11,followerCommit=5,matchIndex=10
2025-09-20 01:42:31,373 [s1-server-thread1] DEBUG server.RaftServer$Division (RaftServerImpl.java:logAppendEntries(1536)) - s1@group-6D9D00AA6C06: appendEntries* reply s2<-s1#18:OK-t1,SUCCESS,nextIndex=12,followerCommit=6,matchIndex=11
2025-09-20 01:42:31,373 [s1-server-thread1] DEBUG server.RaftServer$Division (RaftServerImpl.java:logAppendEntries(1536)) - s1@group-6D9D00AA6C06: appendEntries* reply s2<-s1#19:OK-t1,SUCCESS,nextIndex=13,followerCommit=7,matchIndex=12
2025-09-20 01:42:31,370 [s0-server-thread2] DEBUG server.RaftServer$Division (RaftServerImpl.java:logAppendEntries(1536)) - s0@group-6D9D00AA6C06: appendEntries* reply s2<-s0#15:OK-t1,SUCCESS,nextIndex=9,followerCommit=4,matchIndex=8
2025-09-20 01:42:31,373 [s1@group-6D9D00AA6C06-StateMachineUpdater] INFO  statemachine.StateMachine (ReadOnlyRequestTests.java:applyTransaction(375)) - receive command: INCREMENT
2025-09-20 01:42:31,374 [s1@group-6D9D00AA6C06-StateMachineUpdater] INFO  statemachine.StateMachine (ReadOnlyRequestTests.java:applyTransaction(375)) - receive command: INCREMENT
2025-09-20 01:42:31,373 [grpc-default-executor-12] DEBUG server.RaftServer$Division (RaftServerImpl.java:logAppendEntries(1536)) - s0@group-6D9D00AA6C06: appendEntries* s2->s0#17-t1,previous=(t:1, i:9),leaderCommit=7,initializing? false,entries: size=3, first=(t:1, i:10), STATEMACHINELOGENTRY, StateMachineLogEntryProto:116@client-678E3BB83E32
2025-09-20 01:42:31,376 [grpc-default-executor-6] DEBUG server.RaftServer$Division (RaftServerImpl.java:logAppendEntries(1536)) - s0@group-6D9D00AA6C06: appendEntries* s2->s0#19-t1,previous=(t:1, i:12),leaderCommit=8,initializing? false,entries: size=2, first=(t:1, i:13), STATEMACHINELOGENTRY, StateMachineLogEntryProto:117@client-678E3BB83E32
2025-09-20 01:42:31,376 [s0-server-thread2] DEBUG server.RaftServer$Division (RaftServerImpl.java:logAppendEntries(1536)) - s0@group-6D9D00AA6C06: appendEntries* reply s2<-s0#17:OK-t1,SUCCESS,nextIndex=13,followerCommit=7,matchIndex=12
2025-09-20 01:42:31,377 [s0@group-6D9D00AA6C06-StateMachineUpdater] INFO  statemachine.StateMachine (ReadOnlyRequestTests.java:applyTransaction(375)) - receive command: INCREMENT
2025-09-20 01:42:31,377 [s0@group-6D9D00AA6C06-StateMachineUpdater] INFO  statemachine.StateMachine (ReadOnlyRequestTests.java:applyTransaction(375)) - receive command: INCREMENT
2025-09-20 01:42:31,372 [s2-client-thread1] DEBUG server.RaftServer$Division (LeaderStateImpl.java:addPendingRequest(526)) - s2@group-6D9D00AA6C06-LeaderStateImpl: addPendingRequest at RaftClientRequest:client-678E3BB83E32->s2@group-6D9D00AA6C06, cid=118, seq=10, RW, Message:494e4352454d454e54, entry=(t:1, i:14), STATEMACHINELOGENTRY, WRITE: logData.size=9, stateMachineData.size=0, logEntryProtoSerializedSize=0
2025-09-20 01:42:31,372 [grpc-default-executor-7] DEBUG server.RaftServer$Division (RaftServerImpl.java:logAppendEntries(1536)) - s1@group-6D9D00AA6C06: appendEntries* s2->s1#23-t1,previous=(t:1, i:12),leaderCommit=8,initializing? false,entries: size=1, first=(t:1, i:13), STATEMACHINELOGENTRY, StateMachineLogEntryProto:117@client-678E3BB83E32
2025-09-20 01:42:31,378 [grpc-default-executor-7] DEBUG server.RaftServer$Division (RaftServerImpl.java:logAppendEntries(1536)) - s1@group-6D9D00AA6C06: appendEntries* s2->s1#24-t1,previous=(t:1, i:13),leaderCommit=8,initializing? false,entries: size=1, first=(t:1, i:14), STATEMACHINELOGENTRY, StateMachineLogEntryProto:118@client-678E3BB83E32
2025-09-20 01:42:31,379 [grpc-default-executor-4] DEBUG server.RaftServer$Division (RaftServerImpl.java:logAppendEntries(1536)) - s0@group-6D9D00AA6C06: appendEntries* s2->s0#24-t1,previous=(t:1, i:14),leaderCommit=12,initializing? false,entries: size=1, first=(t:1, i:15), METADATAENTRY(c:10)
2025-09-20 01:42:31,378 [s2-client-thread1] DEBUG server.RaftServer$Division (RaftServerImpl.java:submitClientRequestAsync(939)) - s2@group-6D9D00AA6C06: receive client request(RaftClientRequest:client-678E3BB83E32->s2@group-6D9D00AA6C06, cid=119, seq=11, RW, Message:494e4352454d454e54)
2025-09-20 01:42:31,379 [s2-client-thread1] DEBUG server.RaftServer$Division (LeaderStateImpl.java:addPendingRequest(526)) - s2@group-6D9D00AA6C06-LeaderStateImpl: addPendingRequest at RaftClientRequest:client-678E3BB83E32->s2@group-6D9D00AA6C06, cid=119, seq=11, RW, Message:494e4352454d454e54, entry=(t:1, i:16), STATEMACHINELOGENTRY, WRITE: logData.size=9, stateMachineData.size=0, logEntryProtoSerializedSize=0
2025-09-20 01:42:31,380 [s1-server-thread1] DEBUG server.RaftServer$Division (RaftServerImpl.java:logAppendEntries(1536)) - s1@group-6D9D00AA6C06: appendEntries* reply s2<-s1#23:OK-t1,SUCCESS,nextIndex=14,followerCommit=8,matchIndex=13
2025-09-20 01:42:31,379 [s0-server-thread1] DEBUG server.RaftServer$Division (RaftServerImpl.java:logAppendEntries(1536)) - s0@group-6D9D00AA6C06: appendEntries* reply s2<-s0#19:OK-t1,SUCCESS,nextIndex=15,followerCommit=8,matchIndex=14
2025-09-20 01:42:31,378 [s2@group-6D9D00AA6C06-StateMachineUpdater] INFO  statemachine.StateMachine (ReadOnlyRequestTests.java:applyTransaction(375)) - receive command: INCREMENT
2025-09-20 01:42:31,380 [s2-client-thread1] DEBUG server.RaftServer$Division (RaftServerImpl.java:submitClientRequestAsync(939)) - s2@group-6D9D00AA6C06: receive client request(RaftClientRequest:client-678E3BB83E32->s2@group-6D9D00AA6C06, cid=120, seq=12, RW, Message:494e4352454d454e54)
2025-09-20 01:42:31,380 [s2-client-thread1] DEBUG server.RaftServer$Division (LeaderStateImpl.java:addPendingRequest(526)) - s2@group-6D9D00AA6C06-LeaderStateImpl: addPendingRequest at RaftClientRequest:client-678E3BB83E32->s2@group-6D9D00AA6C06, cid=120, seq=12, RW, Message:494e4352454d454e54, entry=(t:1, i:17), STATEMACHINELOGENTRY, WRITE: logData.size=9, stateMachineData.size=0, logEntryProtoSerializedSize=0
2025-09-20 01:42:31,379 [grpc-default-executor-4] DEBUG server.RaftServer$Division (RaftServerImpl.java:logAppendEntries(1536)) - s1@group-6D9D00AA6C06: appendEntries* s2->s1#29-t1,previous=(t:1, i:14),leaderCommit=12,initializing? false,entries: size=1, first=(t:1, i:15), METADATAENTRY(c:10)
2025-09-20 01:42:31,381 [s1-server-thread1] DEBUG server.RaftServer$Division (RaftServerImpl.java:logAppendEntries(1536)) - s1@group-6D9D00AA6C06: appendEntries* reply s2<-s1#24:OK-t1,SUCCESS,nextIndex=15,followerCommit=8,matchIndex=14
2025-09-20 01:42:31,382 [s2@group-6D9D00AA6C06-StateMachineUpdater] INFO  statemachine.StateMachine (ReadOnlyRequestTests.java:applyTransaction(375)) - receive command: INCREMENT
2025-09-20 01:42:31,382 [s2@group-6D9D00AA6C06-StateMachineUpdater] INFO  statemachine.StateMachine (ReadOnlyRequestTests.java:applyTransaction(375)) - receive command: INCREMENT
2025-09-20 01:42:31,382 [grpc-default-executor-7] DEBUG server.RaftServer$Division (RaftServerImpl.java:logAppendEntries(1536)) - s1@group-6D9D00AA6C06: appendEntries* s2->s1#30-t1,previous=(t:1, i:15),leaderCommit=12,initializing? false,entries: size=1, first=(t:1, i:16), STATEMACHINELOGENTRY, StateMachineLogEntryProto:119@client-678E3BB83E32
2025-09-20 01:42:31,382 [s1-server-thread1] DEBUG server.RaftServer$Division (RaftServerImpl.java:logAppendEntries(1536)) - s1@group-6D9D00AA6C06: appendEntries* reply s2<-s1#29:OK-t1,SUCCESS,nextIndex=16,followerCommit=12,matchIndex=15
2025-09-20 01:42:31,382 [s2-client-thread1] DEBUG server.RaftServer$Division (RaftServerImpl.java:submitClientRequestAsync(939)) - s2@group-6D9D00AA6C06: receive client request(RaftClientRequest:client-678E3BB83E32->s2@group-6D9D00AA6C06, cid=121, seq=13, RW, Message:494e4352454d454e54)
2025-09-20 01:42:31,382 [s0-server-thread1] DEBUG server.RaftServer$Division (RaftServerImpl.java:logAppendEntries(1536)) - s0@group-6D9D00AA6C06: appendEntries* reply s2<-s0#24:OK-t1,SUCCESS,nextIndex=16,followerCommit=12,matchIndex=15
2025-09-20 01:42:31,383 [s0@group-6D9D00AA6C06-StateMachineUpdater] INFO  statemachine.StateMachine (ReadOnlyRequestTests.java:applyTransaction(375)) - receive command: INCREMENT
2025-09-20 01:42:31,382 [grpc-default-executor-0] DEBUG server.RaftServer$Division (RaftServerImpl.java:logAppendEntries(1536)) - s0@group-6D9D00AA6C06: appendEntries* s2->s0#25-t1,previous=(t:1, i:15),leaderCommit=12,initializing? false,entries: size=1, first=(t:1, i:16), STATEMACHINELOGENTRY, StateMachineLogEntryProto:119@client-678E3BB83E32
2025-09-20 01:42:31,383 [grpc-default-executor-6] DEBUG server.RaftServer$Division (RaftServerImpl.java:logAppendEntries(1536)) - s1@group-6D9D00AA6C06: appendEntries* s2->s1#31-t1,previous=(t:1, i:16),leaderCommit=14,initializing? false,entries: size=2, first=(t:1, i:17), STATEMACHINELOGENTRY, StateMachineLogEntryProto:120@client-678E3BB83E32
2025-09-20 01:42:31,382 [s1@group-6D9D00AA6C06-StateMachineUpdater] INFO  statemachine.StateMachine (ReadOnlyRequestTests.java:applyTransaction(375)) - receive command: INCREMENT
2025-09-20 01:42:31,383 [s2-client-thread1] DEBUG server.RaftServer$Division (LeaderStateImpl.java:addPendingRequest(526)) - s2@group-6D9D00AA6C06-LeaderStateImpl: addPendingRequest at RaftClientRequest:client-678E3BB83E32->s2@group-6D9D00AA6C06, cid=121, seq=13, RW, Message:494e4352454d454e54, entry=(t:1, i:19), STATEMACHINELOGENTRY, WRITE: logData.size=9, stateMachineData.size=0, logEntryProtoSerializedSize=0
2025-09-20 01:42:31,384 [s1-server-thread2] DEBUG server.RaftServer$Division (RaftServerImpl.java:logAppendEntries(1536)) - s1@group-6D9D00AA6C06: appendEntries* reply s2<-s1#31:OK-t1,SUCCESS,nextIndex=19,followerCommit=14,matchIndex=18
2025-09-20 01:42:31,384 [s2-client-thread1] DEBUG server.RaftServer$Division (RaftServerImpl.java:submitClientRequestAsync(939)) - s2@group-6D9D00AA6C06: receive client request(RaftClientRequest:client-678E3BB83E32->s2@group-6D9D00AA6C06, cid=122, seq=14, RW, Message:494e4352454d454e54)
2025-09-20 01:42:31,385 [s2-client-thread1] DEBUG server.RaftServer$Division (LeaderStateImpl.java:addPendingRequest(526)) - s2@group-6D9D00AA6C06-LeaderStateImpl: addPendingRequest at RaftClientRequest:client-678E3BB83E32->s2@group-6D9D00AA6C06, cid=122, seq=14, RW, Message:494e4352454d454e54, entry=(t:1, i:20), STATEMACHINELOGENTRY, WRITE: logData.size=9, stateMachineData.size=0, logEntryProtoSerializedSize=0
2025-09-20 01:42:31,385 [grpc-default-executor-7] DEBUG server.RaftServer$Division (RaftServerImpl.java:logAppendEntries(1536)) - s1@group-6D9D00AA6C06: appendEntries* s2->s1#32-t1,previous=(t:1, i:18),leaderCommit=14,initializing? false,entries: size=1, first=(t:1, i:19), STATEMACHINELOGENTRY, StateMachineLogEntryProto:121@client-678E3BB83E32
2025-09-20 01:42:31,385 [s0-server-thread1] DEBUG server.RaftServer$Division (RaftServerImpl.java:logAppendEntries(1536)) - s0@group-6D9D00AA6C06: appendEntries* reply s2<-s0#25:OK-t1,SUCCESS,nextIndex=17,followerCommit=12,matchIndex=16
2025-09-20 01:42:31,385 [s1-server-thread1] DEBUG server.RaftServer$Division (RaftServerImpl.java:logAppendEntries(1536)) - s1@group-6D9D00AA6C06: appendEntries* reply s2<-s1#30:OK-t1,SUCCESS,nextIndex=17,followerCommit=14,matchIndex=16
2025-09-20 01:42:31,386 [grpc-default-executor-7] DEBUG server.RaftServer$Division (RaftServerImpl.java:logAppendEntries(1536)) - s1@group-6D9D00AA6C06: appendEntries* s2->s1#33-t1,previous=(t:1, i:19),leaderCommit=15,initializing? false,entries: size=1, first=(t:1, i:20), STATEMACHINELOGENTRY, StateMachineLogEntryProto:122@client-678E3BB83E32
2025-09-20 01:42:31,385 [grpc-default-executor-6] DEBUG server.RaftServer$Division (RaftServerImpl.java:logAppendEntries(1536)) - s0@group-6D9D00AA6C06: appendEntries* s2->s0#26-t1,previous=(t:1, i:16),leaderCommit=14,initializing? false,entries: size=2, first=(t:1, i:17), STATEMACHINELOGENTRY, StateMachineLogEntryProto:120@client-678E3BB83E32
2025-09-20 01:42:31,387 [s2@group-6D9D00AA6C06-StateMachineUpdater] INFO  statemachine.StateMachine (ReadOnlyRequestTests.java:applyTransaction(375)) - receive command: INCREMENT
2025-09-20 01:42:31,386 [s1-server-thread1] DEBUG server.RaftServer$Division (RaftServerImpl.java:logAppendEntries(1536)) - s1@group-6D9D00AA6C06: appendEntries* reply s2<-s1#32:OK-t1,SUCCESS,nextIndex=20,followerCommit=14,matchIndex=19
2025-09-20 01:42:31,386 [s2-client-thread1] DEBUG server.RaftServer$Division (RaftServerImpl.java:submitClientRequestAsync(939)) - s2@group-6D9D00AA6C06: receive client request(RaftClientRequest:client-678E3BB83E32->s2@group-6D9D00AA6C06, cid=123, seq=15, RW, Message:494e4352454d454e54)
2025-09-20 01:42:31,386 [s1@group-6D9D00AA6C06-StateMachineUpdater] INFO  statemachine.StateMachine (ReadOnlyRequestTests.java:applyTransaction(375)) - receive command: INCREMENT
2025-09-20 01:42:31,388 [s2-client-thread1] DEBUG server.RaftServer$Division (LeaderStateImpl.java:addPendingRequest(526)) - s2@group-6D9D00AA6C06-LeaderStateImpl: addPendingRequest at RaftClientRequest:client-678E3BB83E32->s2@group-6D9D00AA6C06, cid=123, seq=15, RW, Message:494e4352454d454e54, entry=(t:1, i:23), STATEMACHINELOGENTRY, WRITE: logData.size=9, stateMachineData.size=0, logEntryProtoSerializedSize=0
2025-09-20 01:42:31,388 [s1@group-6D9D00AA6C06-StateMachineUpdater] INFO  statemachine.StateMachine (ReadOnlyRequestTests.java:applyTransaction(375)) - receive command: INCREMENT
2025-09-20 01:42:31,388 [grpc-default-executor-0] DEBUG server.RaftServer$Division (RaftServerImpl.java:logAppendEntries(1536)) - s0@group-6D9D00AA6C06: appendEntries* s2->s0#28-t1,previous=(t:1, i:18),leaderCommit=14,initializing? false,entries: size=1, first=(t:1, i:19), STATEMACHINELOGENTRY, StateMachineLogEntryProto:121@client-678E3BB83E32
2025-09-20 01:42:31,389 [s0-server-thread1] DEBUG server.RaftServer$Division (RaftServerImpl.java:logAppendEntries(1536)) - s0@group-6D9D00AA6C06: appendEntries* reply s2<-s0#26:OK-t1,SUCCESS,nextIndex=19,followerCommit=14,matchIndex=18
2025-09-20 01:42:31,389 [grpc-default-executor-6] DEBUG server.RaftServer$Division (RaftServerImpl.java:logAppendEntries(1536)) - s1@group-6D9D00AA6C06: appendEntries* s2->s1#34-t1,previous=(t:1, i:20),leaderCommit=16,initializing? false,entries: size=1, first=(t:1, i:21), METADATAENTRY(c:16)
2025-09-20 01:42:31,389 [s2@group-6D9D00AA6C06-StateMachineUpdater] INFO  statemachine.StateMachine (ReadOnlyRequestTests.java:applyTransaction(375)) - receive command: INCREMENT
2025-09-20 01:42:31,388 [s1-server-thread2] DEBUG server.RaftServer$Division (RaftServerImpl.java:logAppendEntries(1536)) - s1@group-6D9D00AA6C06: appendEntries* reply s2<-s1#33:OK-t1,SUCCESS,nextIndex=21,followerCommit=15,matchIndex=20
2025-09-20 01:42:31,390 [s2@group-6D9D00AA6C06-StateMachineUpdater] INFO  statemachine.StateMachine (ReadOnlyRequestTests.java:applyTransaction(375)) - receive command: INCREMENT
2025-09-20 01:42:31,390 [s0-server-thread1] DEBUG server.RaftServer$Division (RaftServerImpl.java:logAppendEntries(1536)) - s0@group-6D9D00AA6C06: appendEntries* reply s2<-s0#28:OK-t1,SUCCESS,nextIndex=20,followerCommit=14,matchIndex=19
2025-09-20 01:42:31,391 [s0@group-6D9D00AA6C06-StateMachineUpdater] INFO  statemachine.StateMachine (ReadOnlyRequestTests.java:applyTransaction(375)) - receive command: INCREMENT
2025-09-20 01:42:31,391 [grpc-default-executor-7] DEBUG server.RaftServer$Division (RaftServerImpl.java:logAppendEntries(1536)) - s0@group-6D9D00AA6C06: appendEntries* s2->s0#29-t1,previous=(t:1, i:19),leaderCommit=15,initializing? false,entries: size=1, first=(t:1, i:20), STATEMACHINELOGENTRY, StateMachineLogEntryProto:122@client-678E3BB83E32
2025-09-20 01:42:31,391 [s0@group-6D9D00AA6C06-StateMachineUpdater] INFO  statemachine.StateMachine (ReadOnlyRequestTests.java:applyTransaction(375)) - receive command: INCREMENT
2025-09-20 01:42:31,391 [s1-server-thread1] DEBUG server.RaftServer$Division (RaftServerImpl.java:logAppendEntries(1536)) - s1@group-6D9D00AA6C06: appendEntries* reply s2<-s1#34:OK-t1,SUCCESS,nextIndex=22,followerCommit=16,matchIndex=21
2025-09-20 01:42:31,392 [s1@group-6D9D00AA6C06-StateMachineUpdater] INFO  statemachine.StateMachine (ReadOnlyRequestTests.java:applyTransaction(375)) - receive command: INCREMENT
2025-09-20 01:42:31,393 [grpc-default-executor-7] DEBUG server.RaftServer$Division (RaftServerImpl.java:logAppendEntries(1536)) - s0@group-6D9D00AA6C06: appendEntries* s2->s0#31-t1,previous=(t:1, i:20),leaderCommit=16,initializing? false,entries: size=1, first=(t:1, i:21), METADATAENTRY(c:16)
2025-09-20 01:42:31,393 [s2-client-thread1] DEBUG server.RaftServer$Division (RaftServerImpl.java:submitClientRequestAsync(939)) - s2@group-6D9D00AA6C06: receive client request(RaftClientRequest:client-678E3BB83E32->s2@group-6D9D00AA6C06, cid=124, seq=16, RW, Message:494e4352454d454e54)
2025-09-20 01:42:31,394 [s0-server-thread2] DEBUG server.RaftServer$Division (RaftServerImpl.java:logAppendEntries(1536)) - s0@group-6D9D00AA6C06: appendEntries* reply s2<-s0#31:OK-t1,SUCCESS,nextIndex=22,followerCommit=16,matchIndex=21
2025-09-20 01:42:31,394 [s2-client-thread1] DEBUG server.RaftServer$Division (LeaderStateImpl.java:addPendingRequest(526)) - s2@group-6D9D00AA6C06-LeaderStateImpl: addPendingRequest at RaftClientRequest:client-678E3BB83E32->s2@group-6D9D00AA6C06, cid=124, seq=16, RW, Message:494e4352454d454e54, entry=(t:1, i:26), STATEMACHINELOGENTRY, WRITE: logData.size=9, stateMachineData.size=0, logEntryProtoSerializedSize=0
2025-09-20 01:42:31,394 [s0@group-6D9D00AA6C06-StateMachineUpdater] INFO  statemachine.StateMachine (ReadOnlyRequestTests.java:applyTransaction(375)) - receive command: INCREMENT
2025-09-20 01:42:31,394 [s2@group-6D9D00AA6C06-StateMachineUpdater] INFO  statemachine.StateMachine (ReadOnlyRequestTests.java:applyTransaction(375)) - receive command: INCREMENT
2025-09-20 01:42:31,394 [s2-client-thread1] DEBUG server.RaftServer$Division (RaftServerImpl.java:submitClientRequestAsync(939)) - s2@group-6D9D00AA6C06: receive client request(RaftClientRequest:client-678E3BB83E32->s2@group-6D9D00AA6C06, cid=125, seq=17, RW, Message:494e4352454d454e54)
2025-09-20 01:42:31,395 [grpc-default-executor-4] DEBUG server.RaftServer$Division (RaftServerImpl.java:logAppendEntries(1536)) - s0@group-6D9D00AA6C06: appendEntries* s2->s0#32-t1,previous=(t:1, i:21),leaderCommit=18,initializing? false,entries: size=2, first=(t:1, i:22), METADATAENTRY(c:17)
2025-09-20 01:42:31,395 [s0-server-thread1] DEBUG server.RaftServer$Division (RaftServerImpl.java:logAppendEntries(1536)) - s0@group-6D9D00AA6C06: appendEntries* reply s2<-s0#29:OK-t1,SUCCESS,nextIndex=21,followerCommit=16,matchIndex=20
2025-09-20 01:42:31,395 [s2-client-thread1] DEBUG server.RaftServer$Division (LeaderStateImpl.java:addPendingRequest(526)) - s2@group-6D9D00AA6C06-LeaderStateImpl: addPendingRequest at RaftClientRequest:client-678E3BB83E32->s2@group-6D9D00AA6C06, cid=125, seq=17, RW, Message:494e4352454d454e54, entry=(t:1, i:27), STATEMACHINELOGENTRY, WRITE: logData.size=9, stateMachineData.size=0, logEntryProtoSerializedSize=0
2025-09-20 01:42:31,395 [grpc-default-executor-12] DEBUG server.RaftServer$Division (RaftServerImpl.java:logAppendEntries(1536)) - s1@group-6D9D00AA6C06: appendEntries* s2->s1#35-t1,previous=(t:1, i:21),leaderCommit=18,initializing? false,entries: size=2, first=(t:1, i:22), METADATAENTRY(c:17)
2025-09-20 01:42:31,395 [s0-server-thread2] DEBUG server.RaftServer$Division (RaftServerImpl.java:logAppendEntries(1536)) - s0@group-6D9D00AA6C06: appendEntries* reply s2<-s0#32:OK-t1,SUCCESS,nextIndex=24,followerCommit=18,matchIndex=23
2025-09-20 01:42:31,395 [s0@group-6D9D00AA6C06-StateMachineUpdater] INFO  statemachine.StateMachine (ReadOnlyRequestTests.java:applyTransaction(375)) - receive command: INCREMENT
2025-09-20 01:42:31,396 [s2-client-thread1] DEBUG server.RaftServer$Division (RaftServerImpl.java:submitClientRequestAsync(939)) - s2@group-6D9D00AA6C06: receive client request(RaftClientRequest:client-678E3BB83E32->s2@group-6D9D00AA6C06, cid=126, seq=18, RW, Message:494e4352454d454e54)
2025-09-20 01:42:31,396 [s2-client-thread1] DEBUG server.RaftServer$Division (LeaderStateImpl.java:addPendingRequest(526)) - s2@group-6D9D00AA6C06-LeaderStateImpl: addPendingRequest at RaftClientRequest:client-678E3BB83E32->s2@group-6D9D00AA6C06, cid=126, seq=18, RW, Message:494e4352454d454e54, entry=(t:1, i:28), STATEMACHINELOGENTRY, WRITE: logData.size=9, stateMachineData.size=0, logEntryProtoSerializedSize=0
2025-09-20 01:42:31,397 [s2-client-thread1] DEBUG server.RaftServer$Division (RaftServerImpl.java:submitClientRequestAsync(939)) - s2@group-6D9D00AA6C06: receive client request(RaftClientRequest:client-678E3BB83E32->s2@group-6D9D00AA6C06, cid=127, seq=19, RW, Message:494e4352454d454e54)
2025-09-20 01:42:31,397 [grpc-default-executor-6] DEBUG server.RaftServer$Division (RaftServerImpl.java:logAppendEntries(1536)) - s1@group-6D9D00AA6C06: appendEntries* s2->s1#36-t1,previous=(t:1, i:23),leaderCommit=19,initializing? false,entries: size=1, first=(t:1, i:24), METADATAENTRY(c:19)
2025-09-20 01:42:31,397 [grpc-default-executor-0] DEBUG server.RaftServer$Division (RaftServerImpl.java:logAppendEntries(1536)) - s1@group-6D9D00AA6C06: appendEntries* s2->s1#37-t1,previous=(t:1, i:24),leaderCommit=20,initializing? false,entries: size=1, first=(t:1, i:25), METADATAENTRY(c:20)
2025-09-20 01:42:31,397 [grpc-default-executor-4] DEBUG server.RaftServer$Division (RaftServerImpl.java:logAppendEntries(1536)) - s0@group-6D9D00AA6C06: appendEntries* s2->s0#33-t1,previous=(t:1, i:23),leaderCommit=20,initializing? false,entries: size=2, first=(t:1, i:24), METADATAENTRY(c:19)
2025-09-20 01:42:31,398 [s2-client-thread1] DEBUG server.RaftServer$Division (LeaderStateImpl.java:addPendingRequest(526)) - s2@group-6D9D00AA6C06-LeaderStateImpl: addPendingRequest at RaftClientRequest:client-678E3BB83E32->s2@group-6D9D00AA6C06, cid=127, seq=19, RW, Message:494e4352454d454e54, entry=(t:1, i:29), STATEMACHINELOGENTRY, WRITE: logData.size=9, stateMachineData.size=0, logEntryProtoSerializedSize=0
2025-09-20 01:42:31,398 [s0-server-thread2] DEBUG server.RaftServer$Division (RaftServerImpl.java:logAppendEntries(1536)) - s0@group-6D9D00AA6C06: appendEntries* reply s2<-s0#33:OK-t1,SUCCESS,nextIndex=26,followerCommit=20,matchIndex=25
2025-09-20 01:42:31,398 [s2@group-6D9D00AA6C06-StateMachineUpdater] INFO  statemachine.StateMachine (ReadOnlyRequestTests.java:applyTransaction(375)) - receive command: INCREMENT
2025-09-20 01:42:31,399 [s1-server-thread2] DEBUG server.RaftServer$Division (RaftServerImpl.java:logAppendEntries(1536)) - s1@group-6D9D00AA6C06: appendEntries* reply s2<-s1#36:OK-t1,SUCCESS,nextIndex=25,followerCommit=19,matchIndex=24
2025-09-20 01:42:31,398 [s0@group-6D9D00AA6C06-StateMachineUpdater] INFO  statemachine.StateMachine (ReadOnlyRequestTests.java:applyTransaction(375)) - receive command: INCREMENT
2025-09-20 01:42:31,399 [s0@group-6D9D00AA6C06-StateMachineUpdater] INFO  statemachine.StateMachine (ReadOnlyRequestTests.java:applyTransaction(375)) - receive command: INCREMENT
2025-09-20 01:42:31,399 [s2-client-thread1] DEBUG server.RaftServer$Division (RaftServerImpl.java:submitClientRequestAsync(939)) - s2@group-6D9D00AA6C06: receive client request(RaftClientRequest:client-678E3BB83E32->s2@group-6D9D00AA6C06, cid=128, seq=20, RW, Message:494e4352454d454e54)
2025-09-20 01:42:31,399 [grpc-default-executor-0] DEBUG server.RaftServer$Division (RaftServerImpl.java:logAppendEntries(1536)) - s0@group-6D9D00AA6C06: appendEntries* s2->s0#35-t1,previous=(t:1, i:25),leaderCommit=21,initializing? false,entries: size=1, first=(t:1, i:26), STATEMACHINELOGENTRY, StateMachineLogEntryProto:124@client-678E3BB83E32
2025-09-20 01:42:31,400 [grpc-default-executor-4] DEBUG server.RaftServer$Division (RaftServerImpl.java:logAppendEntries(1536)) - s1@group-6D9D00AA6C06: appendEntries* s2->s1#38-t1,previous=(t:1, i:25),leaderCommit=21,initializing? false,entries: size=1, first=(t:1, i:26), STATEMACHINELOGENTRY, StateMachineLogEntryProto:124@client-678E3BB83E32
2025-09-20 01:42:31,400 [s2-client-thread1] DEBUG server.RaftServer$Division (LeaderStateImpl.java:addPendingRequest(526)) - s2@group-6D9D00AA6C06-LeaderStateImpl: addPendingRequest at RaftClientRequest:client-678E3BB83E32->s2@group-6D9D00AA6C06, cid=128, seq=20, RW, Message:494e4352454d454e54, entry=(t:1, i:31), STATEMACHINELOGENTRY, WRITE: logData.size=9, stateMachineData.size=0, logEntryProtoSerializedSize=0
2025-09-20 01:42:31,400 [s0-server-thread2] DEBUG server.RaftServer$Division (RaftServerImpl.java:logAppendEntries(1536)) - s0@group-6D9D00AA6C06: appendEntries* reply s2<-s0#35:OK-t1,SUCCESS,nextIndex=27,followerCommit=21,matchIndex=26
2025-09-20 01:42:31,401 [s1-server-thread3] DEBUG server.RaftServer$Division (RaftServerImpl.java:logAppendEntries(1536)) - s1@group-6D9D00AA6C06: appendEntries* reply s2<-s1#37:OK-t1,SUCCESS,nextIndex=26,followerCommit=20,matchIndex=25
2025-09-20 01:42:31,400 [s1@group-6D9D00AA6C06-StateMachineUpdater] INFO  statemachine.StateMachine (ReadOnlyRequestTests.java:applyTransaction(375)) - receive command: INCREMENT
2025-09-20 01:42:31,401 [grpc-default-executor-4] DEBUG server.RaftServer$Division (RaftServerImpl.java:logAppendEntries(1536)) - s0@group-6D9D00AA6C06: appendEntries* s2->s0#36-t1,previous=(t:1, i:26),leaderCommit=21,initializing? false,entries: size=1, first=(t:1, i:27), STATEMACHINELOGENTRY, StateMachineLogEntryProto:125@client-678E3BB83E32
2025-09-20 01:42:31,401 [s1@group-6D9D00AA6C06-StateMachineUpdater] INFO  statemachine.StateMachine (ReadOnlyRequestTests.java:applyTransaction(375)) - receive command: INCREMENT
2025-09-20 01:42:31,401 [s1-server-thread3] DEBUG server.RaftServer$Division (RaftServerImpl.java:logAppendEntries(1536)) - s1@group-6D9D00AA6C06: appendEntries* reply s2<-s1#38:OK-t1,SUCCESS,nextIndex=27,followerCommit=21,matchIndex=26
2025-09-20 01:42:31,401 [s1@group-6D9D00AA6C06-StateMachineUpdater] INFO  statemachine.StateMachine (ReadOnlyRequestTests.java:applyTransaction(375)) - receive command: INCREMENT
2025-09-20 01:42:31,399 [s1-server-thread1] DEBUG server.RaftServer$Division (RaftServerImpl.java:logAppendEntries(1536)) - s1@group-6D9D00AA6C06: appendEntries* reply s2<-s1#35:OK-t1,SUCCESS,nextIndex=24,followerCommit=18,matchIndex=23
2025-09-20 01:42:31,402 [s2@group-6D9D00AA6C06-StateMachineUpdater] INFO  statemachine.StateMachine (ReadOnlyRequestTests.java:applyTransaction(375)) - receive command: INCREMENT
2025-09-20 01:42:31,401 [s2-client-thread1] DEBUG server.RaftServer$Division (RaftServerImpl.java:submitClientRequestAsync(939)) - s2@group-6D9D00AA6C06: receive client request(RaftClientRequest:client-678E3BB83E32->s2@group-6D9D00AA6C06, cid=129, seq=21, RW, Message:494e4352454d454e54)
2025-09-20 01:42:31,400 [grpc-default-executor-0] DEBUG server.RaftServer$Division (RaftServerImpl.java:logAppendEntries(1536)) - s1@group-6D9D00AA6C06: appendEntries* s2->s1#39-t1,previous=(t:1, i:26),leaderCommit=21,initializing? false,entries: size=1, first=(t:1, i:27), STATEMACHINELOGENTRY, StateMachineLogEntryProto:125@client-678E3BB83E32
2025-09-20 01:42:31,402 [grpc-default-executor-4] DEBUG server.RaftServer$Division (RaftServerImpl.java:logAppendEntries(1536)) - s0@group-6D9D00AA6C06: appendEntries* s2->s0#37-t1,previous=(t:1, i:27),leaderCommit=21,initializing? false,entries: size=1, first=(t:1, i:28), STATEMACHINELOGENTRY, StateMachineLogEntryProto:126@client-678E3BB83E32
2025-09-20 01:42:31,403 [s2-client-thread1] DEBUG server.RaftServer$Division (LeaderStateImpl.java:addPendingRequest(526)) - s2@group-6D9D00AA6C06-LeaderStateImpl: addPendingRequest at RaftClientRequest:client-678E3BB83E32->s2@group-6D9D00AA6C06, cid=129, seq=21, RW, Message:494e4352454d454e54, entry=(t:1, i:33), STATEMACHINELOGENTRY, WRITE: logData.size=9, stateMachineData.size=0, logEntryProtoSerializedSize=0
2025-09-20 01:42:31,403 [grpc-default-executor-0] DEBUG server.RaftServer$Division (RaftServerImpl.java:logAppendEntries(1536)) - s1@group-6D9D00AA6C06: appendEntries* s2->s1#40-t1,previous=(t:1, i:27),leaderCommit=21,initializing? false,entries: size=1, first=(t:1, i:28), STATEMACHINELOGENTRY, StateMachineLogEntryProto:126@client-678E3BB83E32
2025-09-20 01:42:31,403 [grpc-default-executor-6] DEBUG server.RaftServer$Division (RaftServerImpl.java:logAppendEntries(1536)) - s0@group-6D9D00AA6C06: appendEntries* s2->s0#38-t1,previous=(t:1, i:28),leaderCommit=21,initializing? false,entries: size=1, first=(t:1, i:29), STATEMACHINELOGENTRY, StateMachineLogEntryProto:127@client-678E3BB83E32
2025-09-20 01:42:31,404 [grpc-default-executor-0] DEBUG server.RaftServer$Division (RaftServerImpl.java:logAppendEntries(1536)) - s1@group-6D9D00AA6C06: appendEntries* s2->s1#41-t1,previous=(t:1, i:28),leaderCommit=23,initializing? false,entries: size=2, first=(t:1, i:29), STATEMACHINELOGENTRY, StateMachineLogEntryProto:127@client-678E3BB83E32
2025-09-20 01:42:31,404 [s0-server-thread2] DEBUG server.RaftServer$Division (RaftServerImpl.java:logAppendEntries(1536)) - s0@group-6D9D00AA6C06: appendEntries* reply s2<-s0#36:OK-t1,SUCCESS,nextIndex=28,followerCommit=21,matchIndex=27
2025-09-20 01:42:31,405 [s0-server-thread1] DEBUG server.RaftServer$Division (RaftServerImpl.java:logAppendEntries(1536)) - s0@group-6D9D00AA6C06: appendEntries* reply s2<-s0#37:OK-t1,SUCCESS,nextIndex=29,followerCommit=21,matchIndex=28
2025-09-20 01:42:31,405 [grpc-default-executor-4] DEBUG server.RaftServer$Division (RaftServerImpl.java:logAppendEntries(1536)) - s0@group-6D9D00AA6C06: appendEntries* s2->s0#39-t1,previous=(t:1, i:29),leaderCommit=25,initializing? false,entries: size=2, first=(t:1, i:30), METADATAENTRY(c:23)
2025-09-20 01:42:31,405 [s1-server-thread3] DEBUG server.RaftServer$Division (RaftServerImpl.java:logAppendEntries(1536)) - s1@group-6D9D00AA6C06: appendEntries* reply s2<-s1#39:OK-t1,SUCCESS,nextIndex=28,followerCommit=21,matchIndex=27
2025-09-20 01:42:31,405 [grpc-default-executor-7] DEBUG server.RaftServer$Division (RaftServerImpl.java:logAppendEntries(1536)) - s1@group-6D9D00AA6C06: appendEntries* s2->s1#42-t1,previous=(t:1, i:30),leaderCommit=25,initializing? false,entries: size=1, first=(t:1, i:31), STATEMACHINELOGENTRY, StateMachineLogEntryProto:128@client-678E3BB83E32
2025-09-20 01:42:31,406 [s2@group-6D9D00AA6C06-StateMachineUpdater] INFO  statemachine.StateMachine (ReadOnlyRequestTests.java:applyTransaction(375)) - receive command: INCREMENT
2025-09-20 01:42:31,406 [s1-server-thread1] DEBUG server.RaftServer$Division (RaftServerImpl.java:logAppendEntries(1536)) - s1@group-6D9D00AA6C06: appendEntries* reply s2<-s1#40:OK-t1,SUCCESS,nextIndex=29,followerCommit=21,matchIndex=28
2025-09-20 01:42:31,406 [grpc-default-executor-7] DEBUG server.RaftServer$Division (RaftServerImpl.java:logAppendEntries(1536)) - s1@group-6D9D00AA6C06: appendEntries* s2->s1#43-t1,previous=(t:1, i:31),leaderCommit=26,initializing? false,entries: size=2, first=(t:1, i:32), METADATAENTRY(c:26)
2025-09-20 01:42:31,407 [s1@group-6D9D00AA6C06-StateMachineUpdater] INFO  statemachine.StateMachine (ReadOnlyRequestTests.java:applyTransaction(375)) - receive command: INCREMENT
2025-09-20 01:42:31,407 [grpc-default-executor-6] DEBUG server.RaftServer$Division (RaftServerImpl.java:logAppendEntries(1536)) - s1@group-6D9D00AA6C06: appendEntries* s2->s1#44-t1,previous=(t:1, i:33),leaderCommit=28,initializing? false,entries: size=2, first=(t:1, i:34), METADATAENTRY(c:27)
2025-09-20 01:42:31,405 [s2-client-thread2] DEBUG server.RaftServer$Division (RaftServerImpl.java:submitClientRequestAsync(939)) - s2@group-6D9D00AA6C06: receive client request(RaftClientRequest:client-678E3BB83E32->s2@group-6D9D00AA6C06, cid=130, seq=22, RW, Message:494e4352454d454e54)
2025-09-20 01:42:31,407 [grpc-default-executor-0] DEBUG server.RaftServer$Division (RaftServerImpl.java:logAppendEntries(1536)) - s0@group-6D9D00AA6C06: appendEntries* s2->s0#40-t1,previous=(t:1, i:31),leaderCommit=26,initializing? false,entries: size=2, first=(t:1, i:32), METADATAENTRY(c:26)
2025-09-20 01:42:31,407 [s1-server-thread1] DEBUG server.RaftServer$Division (RaftServerImpl.java:logAppendEntries(1536)) - s1@group-6D9D00AA6C06: appendEntries* reply s2<-s1#42:OK-t1,SUCCESS,nextIndex=32,followerCommit=25,matchIndex=31
2025-09-20 01:42:31,410 [s2-client-thread2] DEBUG server.RaftServer$Division (LeaderStateImpl.java:addPendingRequest(526)) - s2@group-6D9D00AA6C06-LeaderStateImpl: addPendingRequest at RaftClientRequest:client-678E3BB83E32->s2@group-6D9D00AA6C06, cid=130, seq=22, RW, Message:494e4352454d454e54, entry=(t:1, i:36), STATEMACHINELOGENTRY, WRITE: logData.size=9, stateMachineData.size=0, logEntryProtoSerializedSize=0
2025-09-20 01:42:31,410 [grpc-default-executor-0] DEBUG server.RaftServer$Division (RaftServerImpl.java:logAppendEntries(1536)) - s0@group-6D9D00AA6C06: appendEntries* s2->s0#41-t1,previous=(t:1, i:33),leaderCommit=28,initializing? false,entries: size=2, first=(t:1, i:34), METADATAENTRY(c:27)
2025-09-20 01:42:31,406 [s2@group-6D9D00AA6C06-StateMachineUpdater] INFO  statemachine.StateMachine (ReadOnlyRequestTests.java:applyTransaction(375)) - receive command: INCREMENT
2025-09-20 01:42:31,406 [s1-server-thread3] DEBUG server.RaftServer$Division (RaftServerImpl.java:logAppendEntries(1536)) - s1@group-6D9D00AA6C06: appendEntries* reply s2<-s1#41:OK-t1,SUCCESS,nextIndex=31,followerCommit=23,matchIndex=30
2025-09-20 01:42:31,411 [s1@group-6D9D00AA6C06-StateMachineUpdater] INFO  statemachine.StateMachine (ReadOnlyRequestTests.java:applyTransaction(375)) - receive command: INCREMENT
2025-09-20 01:42:31,412 [s1@group-6D9D00AA6C06-StateMachineUpdater] INFO  statemachine.StateMachine (ReadOnlyRequestTests.java:applyTransaction(375)) - receive command: INCREMENT
2025-09-20 01:42:31,412 [s1@group-6D9D00AA6C06-StateMachineUpdater] INFO  statemachine.StateMachine (ReadOnlyRequestTests.java:applyTransaction(375)) - receive command: INCREMENT
2025-09-20 01:42:31,413 [s2-client-thread2] DEBUG server.RaftServer$Division (RaftServerImpl.java:submitClientRequestAsync(939)) - s2@group-6D9D00AA6C06: receive client request(RaftClientRequest:client-678E3BB83E32->s2@group-6D9D00AA6C06, cid=131, seq=23, RW, Message:494e4352454d454e54)
2025-09-20 01:42:31,411 [grpc-default-executor-6] DEBUG server.RaftServer$Division (RaftServerImpl.java:logAppendEntries(1536)) - s1@group-6D9D00AA6C06: appendEntries* s2->s1#49-t1,previous=(t:1, i:35),leaderCommit=28,initializing? false,entries: size=1, first=(t:1, i:36), STATEMACHINELOGENTRY, StateMachineLogEntryProto:130@client-678E3BB83E32
2025-09-20 01:42:31,413 [s0-server-thread3] DEBUG server.RaftServer$Division (RaftServerImpl.java:logAppendEntries(1536)) - s0@group-6D9D00AA6C06: appendEntries* reply s2<-s0#40:OK-t1,SUCCESS,nextIndex=34,followerCommit=26,matchIndex=33
2025-09-20 01:42:31,411 [s1-server-thread2] DEBUG server.RaftServer$Division (RaftServerImpl.java:logAppendEntries(1536)) - s1@group-6D9D00AA6C06: appendEntries* reply s2<-s1#44:OK-t1,SUCCESS,nextIndex=36,followerCommit=28,matchIndex=35
2025-09-20 01:42:31,411 [s1-server-thread1] DEBUG server.RaftServer$Division (RaftServerImpl.java:logAppendEntries(1536)) - s1@group-6D9D00AA6C06: appendEntries* reply s2<-s1#43:OK-t1,SUCCESS,nextIndex=34,followerCommit=26,matchIndex=33
2025-09-20 01:42:31,413 [grpc-default-executor-0] DEBUG server.RaftServer$Division (RaftServerImpl.java:logAppendEntries(1536)) - s1@group-6D9D00AA6C06: appendEntries* s2->s1#51-t1,previous=(t:1, i:36),leaderCommit=30,initializing? false,entries: size=1, first=(t:1, i:37), METADATAENTRY(c:29)
2025-09-20 01:42:31,411 [s0@group-6D9D00AA6C06-StateMachineUpdater] INFO  statemachine.StateMachine (ReadOnlyRequestTests.java:applyTransaction(375)) - receive command: INCREMENT
2025-09-20 01:42:31,414 [s0@group-6D9D00AA6C06-StateMachineUpdater] INFO  statemachine.StateMachine (ReadOnlyRequestTests.java:applyTransaction(375)) - receive command: INCREMENT
2025-09-20 01:42:31,414 [s1-server-thread1] DEBUG server.RaftServer$Division (RaftServerImpl.java:logAppendEntries(1536)) - s1@group-6D9D00AA6C06: appendEntries* reply s2<-s1#49:OK-t1,SUCCESS,nextIndex=37,followerCommit=28,matchIndex=36
2025-09-20 01:42:31,411 [s0-server-thread1] DEBUG server.RaftServer$Division (RaftServerImpl.java:logAppendEntries(1536)) - s0@group-6D9D00AA6C06: appendEntries* reply s2<-s0#39:OK-t1,SUCCESS,nextIndex=32,followerCommit=25,matchIndex=31
2025-09-20 01:42:31,410 [s0-server-thread2] DEBUG server.RaftServer$Division (RaftServerImpl.java:logAppendEntries(1536)) - s0@group-6D9D00AA6C06: appendEntries* reply s2<-s0#38:OK-t1,SUCCESS,nextIndex=30,followerCommit=21,matchIndex=29
2025-09-20 01:42:31,413 [s2-client-thread2] DEBUG server.RaftServer$Division (LeaderStateImpl.java:addPendingRequest(526)) - s2@group-6D9D00AA6C06-LeaderStateImpl: addPendingRequest at RaftClientRequest:client-678E3BB83E32->s2@group-6D9D00AA6C06, cid=131, seq=23, RW, Message:494e4352454d454e54, entry=(t:1, i:38), STATEMACHINELOGENTRY, WRITE: logData.size=9, stateMachineData.size=0, logEntryProtoSerializedSize=0
2025-09-20 01:42:31,415 [s1-server-thread1] DEBUG server.RaftServer$Division (RaftServerImpl.java:logAppendEntries(1536)) - s1@group-6D9D00AA6C06: appendEntries* reply s2<-s1#51:OK-t1,SUCCESS,nextIndex=38,followerCommit=30,matchIndex=37
2025-09-20 01:42:31,413 [grpc-default-executor-7] DEBUG server.RaftServer$Division (RaftServerImpl.java:logAppendEntries(1536)) - s0@group-6D9D00AA6C06: appendEntries* s2->s0#43-t1,previous=(t:1, i:35),leaderCommit=28,initializing? false,entries: size=1, first=(t:1, i:36), STATEMACHINELOGENTRY, StateMachineLogEntryProto:130@client-678E3BB83E32
2025-09-20 01:42:31,415 [s2@group-6D9D00AA6C06-StateMachineUpdater] INFO  statemachine.StateMachine (ReadOnlyRequestTests.java:applyTransaction(375)) - receive command: INCREMENT
2025-09-20 01:42:31,415 [s1@group-6D9D00AA6C06-StateMachineUpdater] INFO  statemachine.StateMachine (ReadOnlyRequestTests.java:applyTransaction(375)) - receive command: INCREMENT
2025-09-20 01:42:31,416 [s2-client-thread2] DEBUG server.RaftServer$Division (RaftServerImpl.java:submitClientRequestAsync(939)) - s2@group-6D9D00AA6C06: receive client request(RaftClientRequest:client-678E3BB83E32->s2@group-6D9D00AA6C06, cid=132, seq=24, RO, Message:5155455259)
2025-09-20 01:42:31,416 [s2-client-thread2] DEBUG server.RaftServer$Division (LeaderStateImpl.java:getReadIndex(1147)) - readIndex=33, readAfterWriteConsistentIndex=null
2025-09-20 01:42:31,416 [s2-client-thread2] DEBUG server.RaftServer$Division (RaftServerImpl.java:submitClientRequestAsync(939)) - s2@group-6D9D00AA6C06: receive client request(RaftClientRequest:client-678E3BB83E32->s2@group-6D9D00AA6C06, cid=133, seq=25, RaW, Message:5155455259)
2025-09-20 01:42:31,416 [s2-client-thread2] DEBUG server.RaftServer$Division (LeaderStateImpl.java:getReadIndex(1147)) - readIndex=29, readAfterWriteConsistentIndex=29
2025-09-20 01:42:31,418 [grpc-default-executor-12] DEBUG server.RaftServer$Division (RaftServerImpl.java:logAppendEntries(1536)) - s0@group-6D9D00AA6C06: appendEntries* s2->s0#44-t1,previous=(t:1, i:36),leaderCommit=33,initializing? false,entries: size=2, first=(t:1, i:37), METADATAENTRY(c:29)
2025-09-20 01:42:31,418 [s2@group-6D9D00AA6C06-StateMachineUpdater] INFO  statemachine.StateMachine (ReadOnlyRequestTests.java:applyTransaction(375)) - receive command: INCREMENT
2025-09-20 01:42:31,418 [s0-server-thread4] DEBUG server.RaftServer$Division (RaftServerImpl.java:logAppendEntries(1536)) - s0@group-6D9D00AA6C06: appendEntries* reply s2<-s0#41:OK-t1,SUCCESS,nextIndex=36,followerCommit=28,matchIndex=35
2025-09-20 01:42:31,418 [s0@group-6D9D00AA6C06-StateMachineUpdater] INFO  statemachine.StateMachine (ReadOnlyRequestTests.java:applyTransaction(375)) - receive command: INCREMENT
2025-09-20 01:42:31,419 [s0@group-6D9D00AA6C06-StateMachineUpdater] INFO  statemachine.StateMachine (ReadOnlyRequestTests.java:applyTransaction(375)) - receive command: INCREMENT
2025-09-20 01:42:31,419 [s0-server-thread4] DEBUG server.RaftServer$Division (RaftServerImpl.java:logAppendEntries(1536)) - s0@group-6D9D00AA6C06: appendEntries* reply s2<-s0#43:OK-t1,SUCCESS,nextIndex=37,followerCommit=28,matchIndex=36
2025-09-20 01:42:31,422 [s0-server-thread2] DEBUG server.RaftServer$Division (RaftServerImpl.java:logAppendEntries(1536)) - s0@group-6D9D00AA6C06: appendEntries* reply s2<-s0#44:OK-t1,SUCCESS,nextIndex=39,followerCommit=33,matchIndex=38
2025-09-20 01:42:31,423 [s2@group-6D9D00AA6C06-StateMachineUpdater] INFO  statemachine.StateMachine (ReadOnlyRequestTests.java:applyTransaction(375)) - receive command: INCREMENT
2025-09-20 01:42:31,423 [grpc-default-executor-12] DEBUG server.RaftServer$Division (RaftServerImpl.java:logAppendEntries(1536)) - s1@group-6D9D00AA6C06: appendEntries* s2->s1#52-t1,previous=(t:1, i:37),leaderCommit=37,initializing? false,entries: size=2, first=(t:1, i:38), STATEMACHINELOGENTRY, StateMachineLogEntryProto:131@client-678E3BB83E32
2025-09-20 01:42:31,423 [s2@group-6D9D00AA6C06-StateMachineUpdater] INFO  statemachine.StateMachine (ReadOnlyRequestTests.java:applyTransaction(375)) - receive command: INCREMENT
2025-09-20 01:42:31,424 [grpc-default-executor-0] DEBUG server.RaftServer$Division (RaftServerImpl.java:logAppendEntries(1536)) - s0@group-6D9D00AA6C06: appendEntries* s2->s0#45-t1,previous=(t:1, i:38),leaderCommit=37,initializing? false,entries: size=2, first=(t:1, i:39), METADATAENTRY(c:33)
2025-09-20 01:42:31,424 [s0@group-6D9D00AA6C06-StateMachineUpdater] INFO  statemachine.StateMachine (ReadOnlyRequestTests.java:applyTransaction(375)) - receive command: INCREMENT
2025-09-20 01:42:31,425 [s0@group-6D9D00AA6C06-StateMachineUpdater] INFO  statemachine.StateMachine (ReadOnlyRequestTests.java:applyTransaction(375)) - receive command: INCREMENT
2025-09-20 01:42:31,426 [s2@group-6D9D00AA6C06-StateMachineUpdater] INFO  statemachine.StateMachine (ReadOnlyRequestTests.java:applyTransaction(375)) - receive command: INCREMENT
2025-09-20 01:42:31,426 [grpc-default-executor-12] DEBUG server.RaftServer$Division (RaftServerImpl.java:logAppendEntries(1536)) - s1@group-6D9D00AA6C06: appendEntries* s2->s1#53-t1,previous=(t:1, i:39),leaderCommit=37,initializing? false,entries: size=1, first=(t:1, i:40), METADATAENTRY(c:36)
2025-09-20 01:42:31,426 [s0@group-6D9D00AA6C06-StateMachineUpdater] INFO  statemachine.StateMachine (ReadOnlyRequestTests.java:applyTransaction(375)) - receive command: INCREMENT
2025-09-20 01:42:31,427 [grpc-default-executor-12] DEBUG server.RaftServer$Division (RaftServerImpl.java:logAppendEntries(1536)) - s1@group-6D9D00AA6C06: appendEntries* s2->s1#55-t1,previous=(t:1, i:40),leaderCommit=38,initializing? false,entries: size=1, first=(t:1, i:41), METADATAENTRY(c:38)
2025-09-20 01:42:31,427 [s0@group-6D9D00AA6C06-StateMachineUpdater] INFO  statemachine.StateMachine (ReadOnlyRequestTests.java:applyTransaction(375)) - receive command: INCREMENT
2025-09-20 01:42:31,427 [grpc-default-executor-0] DEBUG server.RaftServer$Division (RaftServerImpl.java:logAppendEntries(1536)) - s0@group-6D9D00AA6C06: appendEntries* s2->s0#47-t1,previous=(t:1, i:40),leaderCommit=38,initializing? false,entries: size=1, first=(t:1, i:41), METADATAENTRY(c:38)
2025-09-20 01:42:31,426 [s0-server-thread2] DEBUG server.RaftServer$Division (RaftServerImpl.java:logAppendEntries(1536)) - s0@group-6D9D00AA6C06: appendEntries* reply s2<-s0#45:OK-t1,SUCCESS,nextIndex=41,followerCommit=37,matchIndex=40
2025-09-20 01:42:31,428 [s1-server-thread1] DEBUG server.RaftServer$Division (RaftServerImpl.java:logAppendEntries(1536)) - s1@group-6D9D00AA6C06: appendEntries* reply s2<-s1#52:OK-t1,SUCCESS,nextIndex=40,followerCommit=37,matchIndex=39
2025-09-20 01:42:31,429 [s0-server-thread4] DEBUG server.RaftServer$Division (RaftServerImpl.java:logAppendEntries(1536)) - s0@group-6D9D00AA6C06: appendEntries* reply s2<-s0#47:OK-t1,SUCCESS,nextIndex=42,followerCommit=38,matchIndex=41
2025-09-20 01:42:31,430 [s0@group-6D9D00AA6C06-StateMachineUpdater] INFO  statemachine.StateMachine (ReadOnlyRequestTests.java:applyTransaction(375)) - receive command: INCREMENT
2025-09-20 01:42:31,430 [s1-server-thread2] DEBUG server.RaftServer$Division (RaftServerImpl.java:logAppendEntries(1536)) - s1@group-6D9D00AA6C06: appendEntries* reply s2<-s1#53:OK-t1,SUCCESS,nextIndex=41,followerCommit=37,matchIndex=40
2025-09-20 01:42:31,430 [s1@group-6D9D00AA6C06-StateMachineUpdater] INFO  statemachine.StateMachine (ReadOnlyRequestTests.java:applyTransaction(375)) - receive command: INCREMENT
2025-09-20 01:42:31,430 [s1-server-thread2] DEBUG server.RaftServer$Division (RaftServerImpl.java:logAppendEntries(1536)) - s1@group-6D9D00AA6C06: appendEntries* reply s2<-s1#55:OK-t1,SUCCESS,nextIndex=42,followerCommit=38,matchIndex=41
2025-09-20 01:42:31,430 [s1@group-6D9D00AA6C06-StateMachineUpdater] INFO  statemachine.StateMachine (ReadOnlyRequestTests.java:applyTransaction(375)) - receive command: INCREMENT
2025-09-20 01:42:31,430 [s1@group-6D9D00AA6C06-StateMachineUpdater] INFO  statemachine.StateMachine (ReadOnlyRequestTests.java:applyTransaction(375)) - receive command: INCREMENT
2025-09-20 01:42:31,431 [s1@group-6D9D00AA6C06-StateMachineUpdater] INFO  statemachine.StateMachine (ReadOnlyRequestTests.java:applyTransaction(375)) - receive command: INCREMENT
2025-09-20 01:42:31,435 [main] INFO  impl.MiniRaftCluster (MiniRaftCluster.java:shutdown(838)) - ************************************************************** 
2025-09-20 01:42:31,436 [main] INFO  impl.MiniRaftCluster (MiniRaftCluster.java:shutdown(839)) - *** 
2025-09-20 01:42:31,436 [main] INFO  impl.MiniRaftCluster (MiniRaftCluster.java:shutdown(840)) - ***     Stopping MiniRaftClusterWithGrpc
2025-09-20 01:42:31,437 [main] INFO  impl.MiniRaftCluster (MiniRaftCluster.java:shutdown(841)) - *** 
2025-09-20 01:42:31,437 [main] INFO  impl.MiniRaftCluster (MiniRaftCluster.java:shutdown(842)) - ************************************************************** 
2025-09-20 01:42:31,438 [main] INFO  impl.MiniRaftCluster (MiniRaftCluster.java:shutdown(843)) - printing ALL groups
  s0:  RUNNING  FOLLOWER (RUNNING): s0@group-6D9D00AA6C06:t1, leader=s2, voted=s2, raftlog=Memoized:s0@group-6D9D00AA6C06-SegmentedRaftLog:OPENED:c38:last(t:1, i:41), conf=conf: {index: 0, cur=peers:[s0|localhost:15108, s1|localhost:15112, s2|localhost:15116]|listeners:[], old=null}
  s1:  RUNNING  FOLLOWER (RUNNING): s1@group-6D9D00AA6C06:t1, leader=s2, voted=s1, raftlog=Memoized:s1@group-6D9D00AA6C06-SegmentedRaftLog:OPENED:c38:last(t:1, i:41), conf=conf: {index: 0, cur=peers:[s0|localhost:15108, s1|localhost:15112, s2|localhost:15116]|listeners:[], old=null}
  s2:  RUNNING    LEADER (RUNNING): s2@group-6D9D00AA6C06:t1, leader=s2, voted=s2, raftlog=Memoized:s2@group-6D9D00AA6C06-SegmentedRaftLog:OPENED:c41:last(t:1, i:41), conf=conf: {index: 0, cur=peers:[s0|localhost:15108, s1|localhost:15112, s2|localhost:15116]|listeners:[], old=null}
2025-09-20 01:42:31,439 [MiniRaftCluster-52] INFO  server.RaftServer (RaftServerProxy.java:lambda$close$9(422)) - s0: close
2025-09-20 01:42:31,439 [MiniRaftCluster-53] INFO  server.RaftServer (RaftServerProxy.java:lambda$close$9(422)) - s1: close
2025-09-20 01:42:31,439 [MiniRaftCluster-54] INFO  server.RaftServer (RaftServerProxy.java:lambda$close$9(422)) - s2: close
2025-09-20 01:42:31,440 [MiniRaftCluster-53] INFO  server.GrpcServicesImpl (GrpcServicesImpl.java:closeImpl(357)) - s1: shutdown server org.apache.ratis.grpc.server.GrpcClientProtocolService now
2025-09-20 01:42:31,440 [MiniRaftCluster-52] INFO  server.GrpcServicesImpl (GrpcServicesImpl.java:closeImpl(357)) - s0: shutdown server org.apache.ratis.grpc.server.GrpcClientProtocolService now
2025-09-20 01:42:31,440 [s2-impl-thread1] INFO  server.RaftServer$Division (RaftServerImpl.java:lambda$close$1(527)) - s2@group-6D9D00AA6C06: shutdown
2025-09-20 01:42:31,441 [s2-impl-thread1] INFO  util.JmxRegister (JmxRegister.java:unregister(74)) - Successfully un-registered JMX Bean with object name Ratis:service=RaftServer,group=group-6D9D00AA6C06,id=s2
2025-09-20 01:42:31,441 [s2-impl-thread1] INFO  impl.RoleInfo (RoleInfo.java:shutdownLeaderState(103)) - s2: shutdown s2@group-6D9D00AA6C06-LeaderStateImpl
2025-09-20 01:42:31,441 [s0-impl-thread1] INFO  server.RaftServer$Division (RaftServerImpl.java:lambda$close$1(527)) - s0@group-6D9D00AA6C06: shutdown
2025-09-20 01:42:31,441 [Thread-634] INFO  server.GrpcServerProtocolClient (GrpcServerProtocolClient.java:close(108)) - s0 Close channels
2025-09-20 01:42:31,440 [s1-impl-thread1] INFO  server.RaftServer$Division (RaftServerImpl.java:lambda$close$1(527)) - s1@group-6D9D00AA6C06: shutdown
2025-09-20 01:42:31,441 [s1-impl-thread1] INFO  util.JmxRegister (JmxRegister.java:unregister(74)) - Successfully un-registered JMX Bean with object name Ratis:service=RaftServer,group=group-6D9D00AA6C06,id=s1
2025-09-20 01:42:31,441 [s1-impl-thread1] INFO  impl.RoleInfo (RoleInfo.java:shutdownFollowerState(121)) - s1: shutdown s1@group-6D9D00AA6C06-FollowerState
2025-09-20 01:42:31,440 [MiniRaftCluster-54] INFO  server.GrpcServicesImpl (GrpcServicesImpl.java:closeImpl(357)) - s2: shutdown server org.apache.ratis.grpc.server.GrpcClientProtocolService now
2025-09-20 01:42:31,442 [Thread-637] INFO  server.GrpcServerProtocolClient (GrpcServerProtocolClient.java:close(108)) - s2 Close channels
2025-09-20 01:42:31,441 [s0-impl-thread1] INFO  util.JmxRegister (JmxRegister.java:unregister(74)) - Successfully un-registered JMX Bean with object name Ratis:service=RaftServer,group=group-6D9D00AA6C06,id=s0
2025-09-20 01:42:31,442 [s0-impl-thread1] INFO  impl.RoleInfo (RoleInfo.java:shutdownFollowerState(121)) - s0: shutdown s0@group-6D9D00AA6C06-FollowerState
2025-09-20 01:42:31,443 [MiniRaftCluster-52] INFO  server.GrpcServicesImpl (GrpcServicesImpl.java:closeImpl(366)) - s0: shutdown server org.apache.ratis.grpc.server.GrpcClientProtocolService successfully
2025-09-20 01:42:31,443 [MiniRaftCluster-52] INFO  server.GrpcServicesImpl (GrpcServicesImpl.java:closeImpl(357)) - s0: shutdown server GrpcServerProtocolService now
2025-09-20 01:42:31,443 [s1-impl-thread1] INFO  impl.StateMachineUpdater (StateMachineUpdater.java:stopAndJoin(163)) - s1@group-6D9D00AA6C06-StateMachineUpdater: set stopIndex = 38
2025-09-20 01:42:31,443 [s1@group-6D9D00AA6C06-FollowerState] INFO  impl.FollowerState (FollowerState.java:runImpl(170)) - s1@group-6D9D00AA6C06-FollowerState was interrupted
2025-09-20 01:42:31,444 [s2-impl-thread1] INFO  impl.PendingRequests (PendingRequests.java:sendNotLeaderResponses(281)) - s2@group-6D9D00AA6C06-PendingRequests: sendNotLeaderResponses
2025-09-20 01:42:31,444 [s2@group-6D9D00AA6C06->s1-GrpcLogAppender-LogAppenderDaemon] WARN  server.GrpcLogAppender (GrpcLogAppender.java:mayWait(300)) - s2@group-6D9D00AA6C06->s1-GrpcLogAppender: Wait interrupted by java.lang.InterruptedException
2025-09-20 01:42:31,444 [s2@group-6D9D00AA6C06->s0-GrpcLogAppender-LogAppenderDaemon] WARN  server.GrpcLogAppender (GrpcLogAppender.java:mayWait(300)) - s2@group-6D9D00AA6C06->s0-GrpcLogAppender: Wait interrupted by java.lang.InterruptedException
2025-09-20 01:42:31,445 [grpc-default-executor-7] INFO  server.GrpcServerProtocolService (GrpcServerProtocolService.java:lambda$onCompleted$6(171)) - s0: Completed APPEND_ENTRIES, lastRequest: s2->s0#47-t1,previous=(t:1, i:40),leaderCommit=38,initializing? false,entries: size=1, first=(t:1, i:41), METADATAENTRY(c:38) 
2025-09-20 01:42:31,446 [grpc-default-executor-7] INFO  server.GrpcServerProtocolService (GrpcServerProtocolService.java:lambda$null$7(175)) - s0: Completed APPEND_ENTRIES, lastReply: null 
2025-09-20 01:42:31,447 [s1@group-6D9D00AA6C06-StateMachineUpdater] INFO  impl.StateMachineUpdater (StateMachineUpdater.java:stop(140)) - s1@group-6D9D00AA6C06-StateMachineUpdater: closing CounterStateMachine, lastApplied=(t:1, i:38)
2025-09-20 01:42:31,447 [s0@group-6D9D00AA6C06-FollowerState] INFO  impl.FollowerState (FollowerState.java:runImpl(170)) - s0@group-6D9D00AA6C06-FollowerState was interrupted
2025-09-20 01:42:31,448 [s0@group-6D9D00AA6C06-StateMachineUpdater] INFO  impl.StateMachineUpdater (StateMachineUpdater.java:stop(140)) - s0@group-6D9D00AA6C06-StateMachineUpdater: closing CounterStateMachine, lastApplied=(t:1, i:38)
2025-09-20 01:42:31,448 [Thread-641] INFO  server.GrpcServerProtocolClient (GrpcServerProtocolClient.java:close(108)) - s1 Close channels
2025-09-20 01:42:31,448 [s0-impl-thread1] INFO  impl.StateMachineUpdater (StateMachineUpdater.java:stopAndJoin(163)) - s0@group-6D9D00AA6C06-StateMachineUpdater: set stopIndex = 38
2025-09-20 01:42:31,448 [Thread-638] INFO  server.GrpcServerProtocolClient (GrpcServerProtocolClient.java:close(108)) - s0 Close channels
2025-09-20 01:42:31,448 [s0@group-6D9D00AA6C06-cacheEviction-AwaitToRun] INFO  util.AwaitToRun (AwaitToRun.java:run(49)) - s0@group-6D9D00AA6C06-cacheEviction-AwaitToRun-AwaitForSignal is interrupted
2025-09-20 01:42:31,448 [s2@group-6D9D00AA6C06-StateMachineUpdater] INFO  impl.StateMachineUpdater (StateMachineUpdater.java:stop(140)) - s2@group-6D9D00AA6C06-StateMachineUpdater: closing CounterStateMachine, lastApplied=(t:1, i:41)
2025-09-20 01:42:31,449 [s2-impl-thread1] INFO  impl.StateMachineUpdater (StateMachineUpdater.java:stopAndJoin(163)) - s2@group-6D9D00AA6C06-StateMachineUpdater: set stopIndex = 41
2025-09-20 01:42:31,449 [s2@group-6D9D00AA6C06-cacheEviction-AwaitToRun] INFO  util.AwaitToRun (AwaitToRun.java:run(49)) - s2@group-6D9D00AA6C06-cacheEviction-AwaitToRun-AwaitForSignal is interrupted
2025-09-20 01:42:31,450 [s1@group-6D9D00AA6C06-cacheEviction-AwaitToRun] INFO  util.AwaitToRun (AwaitToRun.java:run(49)) - s1@group-6D9D00AA6C06-cacheEviction-AwaitToRun-AwaitForSignal is interrupted
2025-09-20 01:42:31,451 [grpc-default-executor-6] INFO  server.GrpcLogAppender (GrpcLogAppender.java:onCompleted(558)) - s2@group-6D9D00AA6C06->s1-AppendLogResponseHandler: follower responses appendEntries COMPLETED
2025-09-20 01:42:31,452 [grpc-default-executor-6] WARN  server.GrpcLogAppender (GrpcLogAppender.java:resetClient(237)) - s2@group-6D9D00AA6C06->s1-GrpcLogAppender: Failed to getClient for s1
org.apache.ratis.protocol.exceptions.AlreadyClosedException: s2 is already CLOSED
	at org.apache.ratis.util.PeerProxyMap$PeerAndProxy.getProxy(PeerProxyMap.java:67)
	at org.apache.ratis.util.PeerProxyMap.getProxy(PeerProxyMap.java:124)
	at org.apache.ratis.grpc.server.GrpcLogAppender.getClient(GrpcLogAppender.java:207)
	at org.apache.ratis.grpc.server.GrpcLogAppender.resetClient(GrpcLogAppender.java:212)
	at org.apache.ratis.grpc.server.GrpcLogAppender.access$800(GrpcLogAppender.java:70)
	at org.apache.ratis.grpc.server.GrpcLogAppender$AppendLogResponseHandler.onCompleted(GrpcLogAppender.java:559)
	at org.apache.ratis.thirdparty.io.grpc.stub.ClientCalls$StreamObserverToCallListenerAdapter.onClose(ClientCalls.java:579)
	at org.apache.ratis.thirdparty.io.grpc.internal.ClientCallImpl.closeObserver(ClientCallImpl.java:565)
	at org.apache.ratis.thirdparty.io.grpc.internal.ClientCallImpl.access$100(ClientCallImpl.java:72)
	at org.apache.ratis.thirdparty.io.grpc.internal.ClientCallImpl$ClientStreamListenerImpl$1StreamClosed.runInternal(ClientCallImpl.java:733)
	at org.apache.ratis.thirdparty.io.grpc.internal.ClientCallImpl$ClientStreamListenerImpl$1StreamClosed.runInContext(ClientCallImpl.java:714)
	at org.apache.ratis.thirdparty.io.grpc.internal.ContextRunnable.run(ContextRunnable.java:37)
	at org.apache.ratis.thirdparty.io.grpc.internal.SerializingExecutor.run(SerializingExecutor.java:133)
	at java.util.concurrent.ThreadPoolExecutor.runWorker(ThreadPoolExecutor.java:1149)
	at java.util.concurrent.ThreadPoolExecutor$Worker.run(ThreadPoolExecutor.java:624)
	at java.lang.Thread.run(Thread.java:750)
2025-09-20 01:42:31,452 [MiniRaftCluster-53] INFO  server.GrpcServicesImpl (GrpcServicesImpl.java:closeImpl(366)) - s1: shutdown server org.apache.ratis.grpc.server.GrpcClientProtocolService successfully
2025-09-20 01:42:31,452 [MiniRaftCluster-53] INFO  server.GrpcServicesImpl (GrpcServicesImpl.java:closeImpl(357)) - s1: shutdown server GrpcServerProtocolService now
2025-09-20 01:42:31,454 [MiniRaftCluster-52] INFO  server.GrpcServicesImpl (GrpcServicesImpl.java:closeImpl(366)) - s0: shutdown server GrpcServerProtocolService successfully
2025-09-20 01:42:31,455 [MiniRaftCluster-52] INFO  server.GrpcServicesImpl (GrpcServicesImpl.java:closeImpl(357)) - s0: shutdown server org.apache.ratis.grpc.server.GrpcAdminProtocolService now
2025-09-20 01:42:31,456 [grpc-default-executor-12] INFO  server.GrpcLogAppender (GrpcLogAppender.java:onCompleted(558)) - s2@group-6D9D00AA6C06->s0-AppendLogResponseHandler: follower responses appendEntries COMPLETED
2025-09-20 01:42:31,456 [grpc-default-executor-12] WARN  server.GrpcLogAppender (GrpcLogAppender.java:resetClient(237)) - s2@group-6D9D00AA6C06->s0-GrpcLogAppender: Failed to getClient for s0
org.apache.ratis.protocol.exceptions.AlreadyClosedException: s2 is already CLOSED
	at org.apache.ratis.util.PeerProxyMap$PeerAndProxy.getProxy(PeerProxyMap.java:67)
	at org.apache.ratis.util.PeerProxyMap.getProxy(PeerProxyMap.java:124)
	at org.apache.ratis.grpc.server.GrpcLogAppender.getClient(GrpcLogAppender.java:207)
	at org.apache.ratis.grpc.server.GrpcLogAppender.resetClient(GrpcLogAppender.java:212)
	at org.apache.ratis.grpc.server.GrpcLogAppender.access$800(GrpcLogAppender.java:70)
	at org.apache.ratis.grpc.server.GrpcLogAppender$AppendLogResponseHandler.onCompleted(GrpcLogAppender.java:559)
	at org.apache.ratis.thirdparty.io.grpc.stub.ClientCalls$StreamObserverToCallListenerAdapter.onClose(ClientCalls.java:579)
	at org.apache.ratis.thirdparty.io.grpc.internal.ClientCallImpl.closeObserver(ClientCallImpl.java:565)
	at org.apache.ratis.thirdparty.io.grpc.internal.ClientCallImpl.access$100(ClientCallImpl.java:72)
	at org.apache.ratis.thirdparty.io.grpc.internal.ClientCallImpl$ClientStreamListenerImpl$1StreamClosed.runInternal(ClientCallImpl.java:733)
	at org.apache.ratis.thirdparty.io.grpc.internal.ClientCallImpl$ClientStreamListenerImpl$1StreamClosed.runInContext(ClientCallImpl.java:714)
	at org.apache.ratis.thirdparty.io.grpc.internal.ContextRunnable.run(ContextRunnable.java:37)
	at org.apache.ratis.thirdparty.io.grpc.internal.SerializingExecutor.run(SerializingExecutor.java:133)
	at java.util.concurrent.ThreadPoolExecutor.runWorker(ThreadPoolExecutor.java:1149)
	at java.util.concurrent.ThreadPoolExecutor$Worker.run(ThreadPoolExecutor.java:624)
	at java.lang.Thread.run(Thread.java:750)
2025-09-20 01:42:31,457 [grpc-default-executor-12] INFO  server.GrpcLogAppender (GrpcLogAppender.java:onError(545)) - s2@group-6D9D00AA6C06->s0-GrpcLogAppender is already stopped
2025-09-20 01:42:31,457 [grpc-default-executor-7] INFO  server.GrpcLogAppender (GrpcLogAppender.java:onCompleted(558)) - s2@group-6D9D00AA6C06->s1-AppendLogResponseHandler: follower responses appendEntries COMPLETED
2025-09-20 01:42:31,457 [grpc-default-executor-7] WARN  server.GrpcLogAppender (GrpcLogAppender.java:resetClient(237)) - s2@group-6D9D00AA6C06->s1-GrpcLogAppender: Failed to getClient for s1
org.apache.ratis.protocol.exceptions.AlreadyClosedException: s2 is already CLOSED
	at org.apache.ratis.util.PeerProxyMap$PeerAndProxy.getProxy(PeerProxyMap.java:67)
	at org.apache.ratis.util.PeerProxyMap.getProxy(PeerProxyMap.java:124)
	at org.apache.ratis.grpc.server.GrpcLogAppender.getClient(GrpcLogAppender.java:207)
	at org.apache.ratis.grpc.server.GrpcLogAppender.resetClient(GrpcLogAppender.java:212)
	at org.apache.ratis.grpc.server.GrpcLogAppender.access$800(GrpcLogAppender.java:70)
	at org.apache.ratis.grpc.server.GrpcLogAppender$AppendLogResponseHandler.onCompleted(GrpcLogAppender.java:559)
	at org.apache.ratis.thirdparty.io.grpc.stub.ClientCalls$StreamObserverToCallListenerAdapter.onClose(ClientCalls.java:579)
	at org.apache.ratis.thirdparty.io.grpc.internal.DelayedClientCall$DelayedListener$3.run(DelayedClientCall.java:487)
	at org.apache.ratis.thirdparty.io.grpc.internal.DelayedClientCall$DelayedListener.delayOrExecute(DelayedClientCall.java:451)
	at org.apache.ratis.thirdparty.io.grpc.internal.DelayedClientCall$DelayedListener.onClose(DelayedClientCall.java:484)
	at org.apache.ratis.thirdparty.io.grpc.internal.ClientCallImpl.closeObserver(ClientCallImpl.java:565)
	at org.apache.ratis.thirdparty.io.grpc.internal.ClientCallImpl.access$100(ClientCallImpl.java:72)
	at org.apache.ratis.thirdparty.io.grpc.internal.ClientCallImpl$ClientStreamListenerImpl$1StreamClosed.runInternal(ClientCallImpl.java:733)
	at org.apache.ratis.thirdparty.io.grpc.internal.ClientCallImpl$ClientStreamListenerImpl$1StreamClosed.runInContext(ClientCallImpl.java:714)
	at org.apache.ratis.thirdparty.io.grpc.internal.ContextRunnable.run(ContextRunnable.java:37)
	at org.apache.ratis.thirdparty.io.grpc.internal.SerializingExecutor.run(SerializingExecutor.java:133)
	at java.util.concurrent.ThreadPoolExecutor.runWorker(ThreadPoolExecutor.java:1149)
	at java.util.concurrent.ThreadPoolExecutor$Worker.run(ThreadPoolExecutor.java:624)
	at java.lang.Thread.run(Thread.java:750)
2025-09-20 01:42:31,458 [MiniRaftCluster-52] INFO  server.GrpcServicesImpl (GrpcServicesImpl.java:closeImpl(366)) - s0: shutdown server org.apache.ratis.grpc.server.GrpcAdminProtocolService successfully
2025-09-20 01:42:31,458 [MiniRaftCluster-53] INFO  server.GrpcServicesImpl (GrpcServicesImpl.java:closeImpl(366)) - s1: shutdown server GrpcServerProtocolService successfully
2025-09-20 01:42:31,458 [MiniRaftCluster-53] INFO  server.GrpcServicesImpl (GrpcServicesImpl.java:closeImpl(357)) - s1: shutdown server org.apache.ratis.grpc.server.GrpcAdminProtocolService now
2025-09-20 01:42:31,458 [MiniRaftCluster-53] INFO  server.GrpcServicesImpl (GrpcServicesImpl.java:closeImpl(366)) - s1: shutdown server org.apache.ratis.grpc.server.GrpcAdminProtocolService successfully
2025-09-20 01:42:31,460 [MiniRaftCluster-54] INFO  server.GrpcServicesImpl (GrpcServicesImpl.java:closeImpl(366)) - s2: shutdown server org.apache.ratis.grpc.server.GrpcClientProtocolService successfully
2025-09-20 01:42:31,460 [MiniRaftCluster-54] INFO  server.GrpcServicesImpl (GrpcServicesImpl.java:closeImpl(357)) - s2: shutdown server GrpcServerProtocolService now
2025-09-20 01:42:31,460 [MiniRaftCluster-54] INFO  server.GrpcServicesImpl (GrpcServicesImpl.java:closeImpl(366)) - s2: shutdown server GrpcServerProtocolService successfully
2025-09-20 01:42:31,460 [MiniRaftCluster-54] INFO  server.GrpcServicesImpl (GrpcServicesImpl.java:closeImpl(357)) - s2: shutdown server org.apache.ratis.grpc.server.GrpcAdminProtocolService now
2025-09-20 01:42:31,460 [MiniRaftCluster-54] INFO  server.GrpcServicesImpl (GrpcServicesImpl.java:closeImpl(366)) - s2: shutdown server org.apache.ratis.grpc.server.GrpcAdminProtocolService successfully
2025-09-20 01:42:31,930 [timer1] INFO  server.GrpcServerProtocolService (GrpcServerProtocolService.java:lambda$onCompleted$6(171)) - s2: Completed APPEND_ENTRIES, lastRequest: s0->s2#12-t1,previous=(t:1, i:3),leaderCommit=3,initializing? false,entries: size=1, first=(t:1, i:4), METADATAENTRY(c:3)  (Repeated 6 times in the last 5.003s)
2025-09-20 01:42:31,935 [timer2] INFO  server.GrpcServerProtocolService (GrpcServerProtocolService.java:lambda$null$7(175)) - s2: Completed APPEND_ENTRIES, lastReply: null  (Repeated 6 times in the last 5.006s)
2025-09-20 01:42:32,428 [s2-impl-thread1] INFO  segmented.SegmentedRaftLogWorker (SegmentedRaftLogWorker.java:close(254)) - s2@group-6D9D00AA6C06-SegmentedRaftLogWorker close()
2025-09-20 01:42:32,428 [JvmPauseMonitor29] INFO  util.JvmPauseMonitor (JvmPauseMonitor.java:run(152)) - JvmPauseMonitor-s2: Stopped
2025-09-20 01:42:32,430 [s0-impl-thread1] INFO  segmented.SegmentedRaftLogWorker (SegmentedRaftLogWorker.java:close(254)) - s0@group-6D9D00AA6C06-SegmentedRaftLogWorker close()
2025-09-20 01:42:32,431 [JvmPauseMonitor27] INFO  util.JvmPauseMonitor (JvmPauseMonitor.java:run(152)) - JvmPauseMonitor-s0: Stopped
2025-09-20 01:42:32,431 [s1-impl-thread1] INFO  segmented.SegmentedRaftLogWorker (SegmentedRaftLogWorker.java:close(254)) - s1@group-6D9D00AA6C06-SegmentedRaftLogWorker close()
2025-09-20 01:42:32,432 [JvmPauseMonitor28] INFO  util.JvmPauseMonitor (JvmPauseMonitor.java:run(152)) - JvmPauseMonitor-s1: Stopped
2025-09-20 01:42:32,432 [main] INFO  impl.MiniRaftCluster (MiniRaftCluster.java:shutdown(862)) - MiniRaftClusterWithGrpc shutdown completed
]]></system-out>
  </testcase>
  <testcase name="testLinearizableRead" classname="org.apache.ratis.grpc.TestReadOnlyRequestWithGrpc" time="1.629"/>
  <testcase name="testLinearizableReadTimeout" classname="org.apache.ratis.grpc.TestReadOnlyRequestWithGrpc" time="1.25"/>
  <testcase name="testFollowerReadOnlyRetryWhenLeaderDown" classname="org.apache.ratis.grpc.TestReadOnlyRequestWithGrpc" time="1.762"/>
</testsuite>