<?xml version="1.0" encoding="UTF-8"?>
<testsuite xmlns:xsi="http://www.w3.org/2001/XMLSchema-instance" xsi:noNamespaceSchemaLocation="https://maven.apache.org/surefire/maven-surefire-plugin/xsd/surefire-test-report.xsd" name="org.apache.ratis.datastream.TestNettyDataStreamChainTopologyWithGrpcCluster" time="386.252" tests="4" errors="1" skipped="0" failures="0">
  <properties>
    <property name="awt.toolkit" value="sun.awt.X11.XToolkit"/>
    <property name="file.encoding.pkg" value="sun.io"/>
    <property name="java.specification.version" value="1.8"/>
    <property name="sun.cpu.isalist" value=""/>
    <property name="sun.jnu.encoding" value="UTF-8"/>
    <property name="java.class.path" value="/home/runner/work/ratis/ratis/ratis-test/target/test-classes:/home/runner/work/ratis/ratis/ratis-test/target/classes:/home/runner/work/ratis/ratis/ratis-common/target/classes:/home/runner/.m2/repository/org/apache/ratis/ratis-thirdparty-misc/1.0.1/ratis-thirdparty-misc-1.0.1.jar:/home/runner/work/ratis/ratis/ratis-proto/target/ratis-proto-3.0.0-SNAPSHOT.jar:/home/runner/work/ratis/ratis/ratis-common/target/test-classes:/home/runner/work/ratis/ratis/ratis-client/target/classes:/home/runner/work/ratis/ratis/ratis-server/target/classes:/home/runner/work/ratis/ratis/ratis-server-api/target/classes:/home/runner/work/ratis/ratis/ratis-metrics/target/classes:/home/runner/work/ratis/ratis/ratis-server/target/test-classes:/home/runner/work/ratis/ratis/ratis-netty/target/classes:/home/runner/work/ratis/ratis/ratis-netty/target/test-classes:/home/runner/work/ratis/ratis/ratis-grpc/target/classes:/home/runner/work/ratis/ratis/ratis-grpc/target/test-classes:/home/runner/.m2/repository/org/slf4j/slf4j-api/1.7.29/slf4j-api-1.7.29.jar:/home/runner/.m2/repository/org/slf4j/slf4j-log4j12/1.7.29/slf4j-log4j12-1.7.29.jar:/home/runner/.m2/repository/log4j/log4j/1.2.17/log4j-1.2.17.jar:/home/runner/.m2/repository/junit/junit/4.13.2/junit-4.13.2.jar:/home/runner/.m2/repository/org/hamcrest/hamcrest-core/1.3/hamcrest-core-1.3.jar:/home/runner/.m2/repository/org/mockito/mockito-core/4.3.1/mockito-core-4.3.1.jar:/home/runner/.m2/repository/net/bytebuddy/byte-buddy/1.12.7/byte-buddy-1.12.7.jar:/home/runner/.m2/repository/net/bytebuddy/byte-buddy-agent/1.12.7/byte-buddy-agent-1.12.7.jar:/home/runner/.m2/repository/org/objenesis/objenesis/3.2/objenesis-3.2.jar:/home/runner/work/ratis/ratis/ratis-shell/target/classes:/home/runner/.m2/repository/commons-cli/commons-cli/1.5.0/commons-cli-1.5.0.jar:/home/runner/.m2/repository/org/reflections/reflections/0.10.2/reflections-0.10.2.jar:/home/runner/.m2/repository/org/javassist/javassist/3.28.0-GA/javassist-3.28.0-GA.jar:/home/runner/.m2/repository/com/google/code/findbugs/jsr305/3.0.2/jsr305-3.0.2.jar:"/>
    <property name="java.vm.vendor" value="Temurin"/>
    <property name="sun.arch.data.model" value="64"/>
    <property name="java.vendor.url" value="https://adoptium.net/"/>
    <property name="user.timezone" value=""/>
    <property name="java.vm.specification.version" value="1.8"/>
    <property name="os.name" value="Linux"/>
    <property name="sun.java.launcher" value="SUN_STANDARD"/>
    <property name="sun.boot.library.path" value="/usr/lib/jvm/temurin-8-jdk-amd64/jre/lib/amd64"/>
    <property name="sun.java.command" value="/home/runner/work/ratis/ratis/ratis-test/target/surefire/surefirebooter311610987266397847.jar /home/runner/work/ratis/ratis/ratis-test/target/surefire 2022-07-22T17-29-47_820-jvmRun1 surefire5167144435580092941tmp surefire_34239825245737517800tmp"/>
    <property name="surefire.test.class.path" value="/home/runner/work/ratis/ratis/ratis-test/target/test-classes:/home/runner/work/ratis/ratis/ratis-test/target/classes:/home/runner/work/ratis/ratis/ratis-common/target/classes:/home/runner/.m2/repository/org/apache/ratis/ratis-thirdparty-misc/1.0.1/ratis-thirdparty-misc-1.0.1.jar:/home/runner/work/ratis/ratis/ratis-proto/target/ratis-proto-3.0.0-SNAPSHOT.jar:/home/runner/work/ratis/ratis/ratis-common/target/test-classes:/home/runner/work/ratis/ratis/ratis-client/target/classes:/home/runner/work/ratis/ratis/ratis-server/target/classes:/home/runner/work/ratis/ratis/ratis-server-api/target/classes:/home/runner/work/ratis/ratis/ratis-metrics/target/classes:/home/runner/work/ratis/ratis/ratis-server/target/test-classes:/home/runner/work/ratis/ratis/ratis-netty/target/classes:/home/runner/work/ratis/ratis/ratis-netty/target/test-classes:/home/runner/work/ratis/ratis/ratis-grpc/target/classes:/home/runner/work/ratis/ratis/ratis-grpc/target/test-classes:/home/runner/.m2/repository/org/slf4j/slf4j-api/1.7.29/slf4j-api-1.7.29.jar:/home/runner/.m2/repository/org/slf4j/slf4j-log4j12/1.7.29/slf4j-log4j12-1.7.29.jar:/home/runner/.m2/repository/log4j/log4j/1.2.17/log4j-1.2.17.jar:/home/runner/.m2/repository/junit/junit/4.13.2/junit-4.13.2.jar:/home/runner/.m2/repository/org/hamcrest/hamcrest-core/1.3/hamcrest-core-1.3.jar:/home/runner/.m2/repository/org/mockito/mockito-core/4.3.1/mockito-core-4.3.1.jar:/home/runner/.m2/repository/net/bytebuddy/byte-buddy/1.12.7/byte-buddy-1.12.7.jar:/home/runner/.m2/repository/net/bytebuddy/byte-buddy-agent/1.12.7/byte-buddy-agent-1.12.7.jar:/home/runner/.m2/repository/org/objenesis/objenesis/3.2/objenesis-3.2.jar:/home/runner/work/ratis/ratis/ratis-shell/target/classes:/home/runner/.m2/repository/commons-cli/commons-cli/1.5.0/commons-cli-1.5.0.jar:/home/runner/.m2/repository/org/reflections/reflections/0.10.2/reflections-0.10.2.jar:/home/runner/.m2/repository/org/javassist/javassist/3.28.0-GA/javassist-3.28.0-GA.jar:/home/runner/.m2/repository/com/google/code/findbugs/jsr305/3.0.2/jsr305-3.0.2.jar:"/>
    <property name="sun.cpu.endian" value="little"/>
    <property name="user.home" value="/home/runner"/>
    <property name="user.language" value="en"/>
    <property name="java.specification.vendor" value="Oracle Corporation"/>
    <property name="java.home" value="/usr/lib/jvm/temurin-8-jdk-amd64/jre"/>
    <property name="basedir" value="/home/runner/work/ratis/ratis/ratis-test"/>
    <property name="file.separator" value="/"/>
    <property name="line.separator" value="&#10;"/>
    <property name="java.vm.specification.vendor" value="Oracle Corporation"/>
    <property name="java.specification.name" value="Java Platform API Specification"/>
    <property name="java.awt.graphicsenv" value="sun.awt.X11GraphicsEnvironment"/>
    <property name="surefire.real.class.path" value="/home/runner/work/ratis/ratis/ratis-test/target/surefire/surefirebooter311610987266397847.jar"/>
    <property name="sun.boot.class.path" value="/usr/lib/jvm/temurin-8-jdk-amd64/jre/lib/resources.jar:/usr/lib/jvm/temurin-8-jdk-amd64/jre/lib/rt.jar:/usr/lib/jvm/temurin-8-jdk-amd64/jre/lib/sunrsasign.jar:/usr/lib/jvm/temurin-8-jdk-amd64/jre/lib/jsse.jar:/usr/lib/jvm/temurin-8-jdk-amd64/jre/lib/jce.jar:/usr/lib/jvm/temurin-8-jdk-amd64/jre/lib/charsets.jar:/usr/lib/jvm/temurin-8-jdk-amd64/jre/lib/jfr.jar:/usr/lib/jvm/temurin-8-jdk-amd64/jre/classes"/>
    <property name="sun.management.compiler" value="HotSpot 64-Bit Tiered Compilers"/>
    <property name="java.runtime.version" value="1.8.0_332-b09"/>
    <property name="java.net.preferIPv4Stack" value="true"/>
    <property name="user.name" value="runner"/>
    <property name="path.separator" value=":"/>
    <property name="os.version" value="5.4.0-1086-azure"/>
    <property name="java.endorsed.dirs" value="/usr/lib/jvm/temurin-8-jdk-amd64/jre/lib/endorsed"/>
    <property name="java.runtime.name" value="OpenJDK Runtime Environment"/>
    <property name="file.encoding" value="UTF-8"/>
    <property name="java.vm.name" value="OpenJDK 64-Bit Server VM"/>
    <property name="localRepository" value="/home/runner/.m2/repository"/>
    <property name="java.vendor.url.bug" value="https://github.com/adoptium/adoptium-support/issues"/>
    <property name="java.io.tmpdir" value="/tmp"/>
    <property name="java.version" value="1.8.0_332"/>
    <property name="user.dir" value="/home/runner/work/ratis/ratis/ratis-test"/>
    <property name="os.arch" value="amd64"/>
    <property name="ratis.tmp.dir" value="/home/runner/work/ratis/ratis/ratis-test/target/tmp"/>
    <property name="java.vm.specification.name" value="Java Virtual Machine Specification"/>
    <property name="java.awt.printerjob" value="sun.print.PSPrinterJob"/>
    <property name="ratis.log.dir" value="/home/runner/work/ratis/ratis/ratis-test/target/log"/>
    <property name="sun.os.patch.level" value="unknown"/>
    <property name="java.library.path" value="/usr/java/packages/lib/amd64:/usr/lib64:/lib64:/lib:/usr/lib"/>
    <property name="java.vm.info" value="mixed mode"/>
    <property name="java.vendor" value="Temurin"/>
    <property name="java.vm.version" value="25.332-b09"/>
    <property name="java.ext.dirs" value="/usr/lib/jvm/temurin-8-jdk-amd64/jre/lib/ext:/usr/java/packages/lib/ext"/>
    <property name="sun.io.unicode.encoding" value="UnicodeLittle"/>
    <property name="java.class.version" value="52.0"/>
  </properties>
  <testcase name="testMultipleStreamsSingleServer" classname="org.apache.ratis.datastream.TestNettyDataStreamChainTopologyWithGrpcCluster" time="19.706"/>
  <testcase name="testMultipleStreamsMultipleServers" classname="org.apache.ratis.datastream.TestNettyDataStreamChainTopologyWithGrpcCluster" time="62.571"/>
  <testcase name="testMultipleStreamsMultipleServersStepDownLeader" classname="org.apache.ratis.datastream.TestNettyDataStreamChainTopologyWithGrpcCluster" time="300.056">
    <error message="test timed out after 300 seconds" type="org.junit.runners.model.TestTimedOutException">org.junit.runners.model.TestTimedOutException: test timed out after 300 seconds
	at sun.misc.Unsafe.park(Native Method)
	at java.util.concurrent.locks.LockSupport.park(LockSupport.java:175)
	at java.util.concurrent.CompletableFuture$Signaller.block(CompletableFuture.java:1707)
	at java.util.concurrent.ForkJoinPool.managedBlock(ForkJoinPool.java:3323)
	at java.util.concurrent.CompletableFuture.waitingGet(CompletableFuture.java:1742)
	at java.util.concurrent.CompletableFuture.join(CompletableFuture.java:1947)
	at org.apache.ratis.datastream.DataStreamAsyncClusterTests$$Lambda$401/1411891037.apply(Unknown Source)
	at java.util.stream.ReferencePipeline$3$1.accept(ReferencePipeline.java:193)
	at java.util.ArrayList$ArrayListSpliterator.forEachRemaining(ArrayList.java:1384)
	at java.util.stream.AbstractPipeline.copyInto(AbstractPipeline.java:482)
	at java.util.stream.AbstractPipeline.wrapAndCopyInto(AbstractPipeline.java:472)
	at java.util.stream.ReduceOps$ReduceOp.evaluateSequential(ReduceOps.java:708)
	at java.util.stream.AbstractPipeline.evaluate(AbstractPipeline.java:234)
	at java.util.stream.ReferencePipeline.reduce(ReferencePipeline.java:546)
	at java.util.stream.ReferencePipeline.max(ReferencePipeline.java:582)
	at org.apache.ratis.datastream.DataStreamAsyncClusterTests.runTestDataStream(DataStreamAsyncClusterTests.java:97)
	at org.apache.ratis.datastream.DataStreamAsyncClusterTests.runTestDataStreamStepDownLeader(DataStreamAsyncClusterTests.java:82)
	at org.apache.ratis.datastream.DataStreamAsyncClusterTests$$Lambda$824/737397924.accept(Unknown Source)
	at org.apache.ratis.server.impl.MiniRaftCluster$Factory$Get.runWithNewCluster(MiniRaftCluster.java:125)
	at org.apache.ratis.server.impl.MiniRaftCluster$Factory$Get.runWithNewCluster(MiniRaftCluster.java:113)
	at org.apache.ratis.datastream.DataStreamAsyncClusterTests.testMultipleStreamsMultipleServersStepDownLeader(DataStreamAsyncClusterTests.java:78)
	at sun.reflect.NativeMethodAccessorImpl.invoke0(Native Method)
	at sun.reflect.NativeMethodAccessorImpl.invoke(NativeMethodAccessorImpl.java:62)
	at sun.reflect.DelegatingMethodAccessorImpl.invoke(DelegatingMethodAccessorImpl.java:43)
	at java.lang.reflect.Method.invoke(Method.java:498)
	at org.junit.runners.model.FrameworkMethod$1.runReflectiveCall(FrameworkMethod.java:59)
	at org.junit.internal.runners.model.ReflectiveCallable.run(ReflectiveCallable.java:12)
	at org.junit.runners.model.FrameworkMethod.invokeExplosively(FrameworkMethod.java:56)
	at org.junit.internal.runners.statements.InvokeMethod.evaluate(InvokeMethod.java:17)
	at org.junit.internal.runners.statements.RunAfters.evaluate(RunAfters.java:27)
	at org.junit.internal.runners.statements.FailOnTimeout$CallableStatement.call(FailOnTimeout.java:299)
	at org.junit.internal.runners.statements.FailOnTimeout$CallableStatement.call(FailOnTimeout.java:293)
	at java.util.concurrent.FutureTask.run(FutureTask.java:266)
	at java.lang.Thread.run(Thread.java:750)
</error>
    <system-out><![CDATA[2022-07-22 17:36:16,048 [main] INFO  util.LogUtils (Log4jUtils.java:setLogLevel(32)) - Set org.apache.ratis.conf.ConfUtils log level to WARN
2022-07-22 17:36:16,048 [main] INFO  util.LogUtils (Log4jUtils.java:setLogLevel(32)) - Set org.apache.ratis.util.FileUtils log level to TRACE
2022-07-22 17:36:16,095 [Time-limited test] INFO  impl.MiniRaftCluster (MiniRaftCluster.java:runWithNewCluster(119)) - Running runWithNewCluster
2022-07-22 17:36:16,096 [Time-limited test] INFO  impl.MiniRaftCluster (MiniRaftCluster.java:<init>(272)) - new MiniRaftClusterWithRpcTypeGrpcAndDataStreamTypeNetty with group-6B63ABD76F1E:[s0|rpc:localhost:45007|admin:localhost:46801|client:localhost:44465|dataStream:localhost:37487|priority:0|startupRole:FOLLOWER, s1|rpc:localhost:46271|admin:localhost:33567|client:localhost:41473|dataStream:localhost:32893|priority:0|startupRole:FOLLOWER, s2|rpc:localhost:38411|admin:localhost:35847|client:localhost:45257|dataStream:localhost:33781|priority:0|startupRole:FOLLOWER]
2022-07-22 17:36:16,096 [Time-limited test] INFO  impl.MiniRaftCluster (MiniRaftCluster.java:start(305)) - .............................................................. 
2022-07-22 17:36:16,096 [Time-limited test] INFO  impl.MiniRaftCluster (MiniRaftCluster.java:start(306)) - ... 
2022-07-22 17:36:16,096 [Time-limited test] INFO  impl.MiniRaftCluster (MiniRaftCluster.java:start(307)) - ...     Starting MiniRaftClusterWithRpcTypeGrpcAndDataStreamTypeNetty
2022-07-22 17:36:16,096 [Time-limited test] INFO  impl.MiniRaftCluster (MiniRaftCluster.java:start(308)) - ... 
2022-07-22 17:36:16,097 [Time-limited test] INFO  impl.MiniRaftCluster (MiniRaftCluster.java:start(309)) - .............................................................. 
2022-07-22 17:36:16,097 [Time-limited test] INFO  impl.MiniRaftCluster (MiniRaftCluster.java:initServers(284)) - servers = {}
2022-07-22 17:36:16,097 [Time-limited test] INFO  impl.MiniRaftCluster (MiniRaftCluster.java:newRaftServer(348)) - newRaftServer: s0, group-6B63ABD76F1E:[s0|rpc:localhost:45007|admin:localhost:46801|client:localhost:44465|dataStream:localhost:37487|priority:0|startupRole:FOLLOWER, s1|rpc:localhost:46271|admin:localhost:33567|client:localhost:41473|dataStream:localhost:32893|priority:0|startupRole:FOLLOWER, s2|rpc:localhost:38411|admin:localhost:35847|client:localhost:45257|dataStream:localhost:33781|priority:0|startupRole:FOLLOWER], format? true
2022-07-22 17:36:16,097 [Time-limited test] TRACE util.FileUtils (FileUtils.java:deleteFully(162)) - deleteFully target/test/data/da1aeb91/MiniRaftClusterWithRpcTypeGrpcAndDataStreamTypeNettye2b889c1/s0
2022-07-22 17:36:16,097 [Time-limited test] TRACE util.FileUtils (FileUtils.java:deleteFully(178)) - deleteFully: target/test/data/da1aeb91/MiniRaftClusterWithRpcTypeGrpcAndDataStreamTypeNettye2b889c1/s0 does not exist.
2022-07-22 17:36:16,097 [Time-limited test] INFO  impl.MiniRaftCluster (MiniRaftCluster.java:newRaftServer(353)) - Formatted directory target/test/data/da1aeb91/MiniRaftClusterWithRpcTypeGrpcAndDataStreamTypeNettye2b889c1/s0
2022-07-22 17:36:16,097 [Time-limited test] INFO  server.RaftServer (ConfUtils.java:logGet(46)) - raft.rpc.type = GRPC (default)
2022-07-22 17:36:16,098 [Time-limited test] INFO  grpc.GrpcConfigKeys (ConfUtils.java:logGet(46)) - raft.grpc.admin.port = 46801 (custom)
2022-07-22 17:36:16,098 [Time-limited test] INFO  grpc.GrpcConfigKeys (ConfUtils.java:logGet(46)) - raft.grpc.client.port = 44465 (custom)
2022-07-22 17:36:16,098 [Time-limited test] INFO  grpc.GrpcConfigKeys (ConfUtils.java:logGet(46)) - raft.grpc.server.port = 45007 (custom)
2022-07-22 17:36:16,098 [Time-limited test] INFO  server.GrpcService (ConfUtils.java:logGet(46)) - raft.grpc.message.size.max = 64MB (=67108864) (default)
2022-07-22 17:36:16,098 [Time-limited test] INFO  server.RaftServerConfigKeys (ConfUtils.java:logGet(46)) - raft.server.log.appender.buffer.byte-limit = 4MB (=4194304) (default)
2022-07-22 17:36:16,098 [Time-limited test] INFO  server.GrpcService (ConfUtils.java:logGet(46)) - raft.grpc.flow.control.window = 1MB (=1048576) (default)
2022-07-22 17:36:16,098 [Time-limited test] INFO  server.RaftServerConfigKeys (ConfUtils.java:logGet(46)) - raft.server.rpc.request.timeout = 3000ms (default)
2022-07-22 17:36:16,099 [Time-limited test] INFO  grpc.GrpcConfigKeys (ConfUtils.java:logGet(46)) - raft.grpc.server.heartbeat.channel = true (default)
2022-07-22 17:36:16,099 [Time-limited test] INFO  grpc.GrpcConfigKeys (ConfUtils.java:logGet(46)) - raft.grpc.server.async.request.thread.pool.cached = true (default)
2022-07-22 17:36:16,099 [Time-limited test] INFO  grpc.GrpcConfigKeys (ConfUtils.java:logGet(46)) - raft.grpc.server.async.request.thread.pool.size = 32 (default)
2022-07-22 17:36:16,100 [Time-limited test] INFO  impl.DataStreamServerImpl (ConfUtils.java:logGet(46)) - raft.datastream.type = NETTY (custom)
2022-07-22 17:36:16,100 [Time-limited test] INFO  netty.NettyConfigKeys$DataStream (ConfUtils.java:logGet(46)) - raft.netty.dataStream.server.tls.conf = null (default)
2022-07-22 17:36:16,101 [Time-limited test] INFO  server.RaftServerConfigKeys (ConfUtils.java:logGet(46)) - raft.server.data-stream.async.request.thread.pool.cached = false (default)
2022-07-22 17:36:16,101 [Time-limited test] INFO  server.RaftServerConfigKeys (ConfUtils.java:logGet(46)) - raft.server.data-stream.async.request.thread.pool.size = 32 (default)
2022-07-22 17:36:16,101 [Time-limited test] INFO  server.RaftServerConfigKeys (ConfUtils.java:logGet(46)) - raft.server.data-stream.async.write.thread.pool.size = 16 (default)
2022-07-22 17:36:16,101 [Time-limited test] INFO  server.RaftServerConfigKeys (ConfUtils.java:logGet(46)) - raft.server.data-stream.client.pool.size = 10 (default)
2022-07-22 17:36:16,101 [Time-limited test] INFO  netty.NettyConfigKeys$DataStream (ConfUtils.java:logGet(46)) - raft.netty.dataStream.server.use-epoll = false (default)
2022-07-22 17:36:16,101 [Time-limited test] INFO  netty.NettyConfigKeys$DataStream (ConfUtils.java:logGet(46)) - raft.netty.dataStream.server.boss-group.size = 0 (default)
2022-07-22 17:36:16,102 [Time-limited test] INFO  netty.NettyConfigKeys$DataStream (ConfUtils.java:logGet(46)) - raft.netty.dataStream.server.worker-group.size = 0 (default)
2022-07-22 17:36:16,102 [Time-limited test] INFO  netty.NettyConfigKeys$DataStream (ConfUtils.java:logGet(46)) - raft.netty.dataStream.host = null (default)
2022-07-22 17:36:16,102 [Time-limited test] INFO  netty.NettyConfigKeys$DataStream (ConfUtils.java:logGet(46)) - raft.netty.dataStream.port = 37487 (custom)
2022-07-22 17:36:16,105 [Time-limited test] INFO  server.RaftServerConfigKeys (ConfUtils.java:logGet(46)) - raft.server.threadpool.proxy.cached = true (default)
2022-07-22 17:36:16,105 [Time-limited test] INFO  server.RaftServerConfigKeys (ConfUtils.java:logGet(46)) - raft.server.threadpool.proxy.size = 0 (default)
2022-07-22 17:36:16,105 [Time-limited test] INFO  server.RaftServerConfigKeys (ConfUtils.java:logGet(46)) - raft.server.rpc.slowness.timeout = 60s (default)
2022-07-22 17:36:16,105 [s0-NettyServerStreamRpc-bossGroup--thread1] INFO  logging.LoggingHandler (AbstractInternalLogger.java:log(148)) - [id: 0x4ee1b3e5] REGISTERED
2022-07-22 17:36:16,105 [Time-limited test] INFO  server.RaftServerConfigKeys (ConfUtils.java:logGet(46)) - raft.server.leaderelection.leader.step-down.wait-time = 10s (default)
2022-07-22 17:36:16,109 [s0-NettyServerStreamRpc-bossGroup--thread1] INFO  logging.LoggingHandler (AbstractInternalLogger.java:log(148)) - [id: 0x4ee1b3e5] BIND: 0.0.0.0/0.0.0.0:37487
2022-07-22 17:36:16,109 [Time-limited test] INFO  server.RaftServerConfigKeys (ConfUtils.java:logGet(46)) - raft.server.storage.dir = [/home/runner/work/ratis/ratis/ratis-test/target/test/data/da1aeb91/MiniRaftClusterWithRpcTypeGrpcAndDataStreamTypeNettye2b889c1/s0] (custom)
2022-07-22 17:36:16,109 [s0-NettyServerStreamRpc-bossGroup--thread1] INFO  logging.LoggingHandler (AbstractInternalLogger.java:log(148)) - [id: 0x4ee1b3e5, L:/0.0.0.0:37487] ACTIVE
2022-07-22 17:36:16,110 [Time-limited test] INFO  server.RaftServer (RaftServerProxy.java:addNew(96)) - s0: addNew group-6B63ABD76F1E:[s0|rpc:localhost:45007|admin:localhost:46801|client:localhost:44465|dataStream:localhost:37487|priority:0|startupRole:FOLLOWER, s1|rpc:localhost:46271|admin:localhost:33567|client:localhost:41473|dataStream:localhost:32893|priority:0|startupRole:FOLLOWER, s2|rpc:localhost:38411|admin:localhost:35847|client:localhost:45257|dataStream:localhost:33781|priority:0|startupRole:FOLLOWER] returns group-6B63ABD76F1E:java.util.concurrent.CompletableFuture@68ba59[Not completed]
2022-07-22 17:36:16,110 [pool-10-thread-1] INFO  server.RaftServer$Division (RaftServerImpl.java:<init>(192)) - s0: new RaftServerImpl for group-6B63ABD76F1E:[s0|rpc:localhost:45007|admin:localhost:46801|client:localhost:44465|dataStream:localhost:37487|priority:0|startupRole:FOLLOWER, s1|rpc:localhost:46271|admin:localhost:33567|client:localhost:41473|dataStream:localhost:32893|priority:0|startupRole:FOLLOWER, s2|rpc:localhost:38411|admin:localhost:35847|client:localhost:45257|dataStream:localhost:33781|priority:0|startupRole:FOLLOWER] with MultiDataStreamStateMachine:uninitialized
2022-07-22 17:36:16,110 [pool-10-thread-1] INFO  server.RaftServerConfigKeys (ConfUtils.java:logGet(46)) - raft.server.rpc.timeout.min = 150ms (default)
2022-07-22 17:36:16,110 [pool-10-thread-1] INFO  server.RaftServerConfigKeys (ConfUtils.java:logGet(46)) - raft.server.rpc.timeout.max = 300ms (default)
2022-07-22 17:36:16,110 [Time-limited test] INFO  impl.MiniRaftCluster (MiniRaftCluster.java:newRaftServer(348)) - newRaftServer: s1, group-6B63ABD76F1E:[s0|rpc:localhost:45007|admin:localhost:46801|client:localhost:44465|dataStream:localhost:37487|priority:0|startupRole:FOLLOWER, s1|rpc:localhost:46271|admin:localhost:33567|client:localhost:41473|dataStream:localhost:32893|priority:0|startupRole:FOLLOWER, s2|rpc:localhost:38411|admin:localhost:35847|client:localhost:45257|dataStream:localhost:33781|priority:0|startupRole:FOLLOWER], format? true
2022-07-22 17:36:16,111 [Time-limited test] TRACE util.FileUtils (FileUtils.java:deleteFully(162)) - deleteFully target/test/data/da1aeb91/MiniRaftClusterWithRpcTypeGrpcAndDataStreamTypeNettye2b889c1/s1
2022-07-22 17:36:16,111 [pool-10-thread-1] INFO  server.RaftServerConfigKeys (ConfUtils.java:logGet(46)) - raft.server.rpc.sleep.time = 25ms (default)
2022-07-22 17:36:16,111 [Time-limited test] TRACE util.FileUtils (FileUtils.java:deleteFully(178)) - deleteFully: target/test/data/da1aeb91/MiniRaftClusterWithRpcTypeGrpcAndDataStreamTypeNettye2b889c1/s1 does not exist.
2022-07-22 17:36:16,112 [Time-limited test] INFO  impl.MiniRaftCluster (MiniRaftCluster.java:newRaftServer(353)) - Formatted directory target/test/data/da1aeb91/MiniRaftClusterWithRpcTypeGrpcAndDataStreamTypeNettye2b889c1/s1
2022-07-22 17:36:16,112 [Time-limited test] INFO  server.RaftServer (ConfUtils.java:logGet(46)) - raft.rpc.type = GRPC (default)
2022-07-22 17:36:16,112 [Time-limited test] INFO  grpc.GrpcConfigKeys (ConfUtils.java:logGet(46)) - raft.grpc.admin.port = 33567 (custom)
2022-07-22 17:36:16,112 [Time-limited test] INFO  grpc.GrpcConfigKeys (ConfUtils.java:logGet(46)) - raft.grpc.client.port = 41473 (custom)
2022-07-22 17:36:16,112 [Time-limited test] INFO  grpc.GrpcConfigKeys (ConfUtils.java:logGet(46)) - raft.grpc.server.port = 46271 (custom)
2022-07-22 17:36:16,112 [Time-limited test] INFO  server.GrpcService (ConfUtils.java:logGet(46)) - raft.grpc.message.size.max = 64MB (=67108864) (default)
2022-07-22 17:36:16,113 [Time-limited test] INFO  server.RaftServerConfigKeys (ConfUtils.java:logGet(46)) - raft.server.log.appender.buffer.byte-limit = 4MB (=4194304) (default)
2022-07-22 17:36:16,113 [Time-limited test] INFO  server.GrpcService (ConfUtils.java:logGet(46)) - raft.grpc.flow.control.window = 1MB (=1048576) (default)
2022-07-22 17:36:16,113 [Time-limited test] INFO  server.RaftServerConfigKeys (ConfUtils.java:logGet(46)) - raft.server.rpc.request.timeout = 3000ms (default)
2022-07-22 17:36:16,113 [Time-limited test] INFO  grpc.GrpcConfigKeys (ConfUtils.java:logGet(46)) - raft.grpc.server.heartbeat.channel = true (default)
2022-07-22 17:36:16,113 [Time-limited test] INFO  grpc.GrpcConfigKeys (ConfUtils.java:logGet(46)) - raft.grpc.server.async.request.thread.pool.cached = true (default)
2022-07-22 17:36:16,113 [Time-limited test] INFO  grpc.GrpcConfigKeys (ConfUtils.java:logGet(46)) - raft.grpc.server.async.request.thread.pool.size = 32 (default)
2022-07-22 17:36:16,114 [Time-limited test] INFO  impl.DataStreamServerImpl (ConfUtils.java:logGet(46)) - raft.datastream.type = NETTY (custom)
2022-07-22 17:36:16,114 [Time-limited test] INFO  netty.NettyConfigKeys$DataStream (ConfUtils.java:logGet(46)) - raft.netty.dataStream.server.tls.conf = null (default)
2022-07-22 17:36:16,114 [Time-limited test] INFO  server.RaftServerConfigKeys (ConfUtils.java:logGet(46)) - raft.server.data-stream.async.request.thread.pool.cached = false (default)
2022-07-22 17:36:16,114 [Time-limited test] INFO  server.RaftServerConfigKeys (ConfUtils.java:logGet(46)) - raft.server.data-stream.async.request.thread.pool.size = 32 (default)
2022-07-22 17:36:16,114 [Time-limited test] INFO  server.RaftServerConfigKeys (ConfUtils.java:logGet(46)) - raft.server.data-stream.async.write.thread.pool.size = 16 (default)
2022-07-22 17:36:16,114 [Time-limited test] INFO  server.RaftServerConfigKeys (ConfUtils.java:logGet(46)) - raft.server.data-stream.client.pool.size = 10 (default)
2022-07-22 17:36:16,114 [Time-limited test] INFO  netty.NettyConfigKeys$DataStream (ConfUtils.java:logGet(46)) - raft.netty.dataStream.server.use-epoll = false (default)
2022-07-22 17:36:16,114 [Time-limited test] INFO  netty.NettyConfigKeys$DataStream (ConfUtils.java:logGet(46)) - raft.netty.dataStream.server.boss-group.size = 0 (default)
2022-07-22 17:36:16,115 [Time-limited test] INFO  netty.NettyConfigKeys$DataStream (ConfUtils.java:logGet(46)) - raft.netty.dataStream.server.worker-group.size = 0 (default)
2022-07-22 17:36:16,115 [Time-limited test] INFO  netty.NettyConfigKeys$DataStream (ConfUtils.java:logGet(46)) - raft.netty.dataStream.host = null (default)
2022-07-22 17:36:16,115 [Time-limited test] INFO  netty.NettyConfigKeys$DataStream (ConfUtils.java:logGet(46)) - raft.netty.dataStream.port = 32893 (custom)
2022-07-22 17:36:16,115 [pool-10-thread-1] INFO  server.RaftServerConfigKeys (ConfUtils.java:logGet(46)) - raft.server.rpc.slowness.timeout = 60s (default)
2022-07-22 17:36:16,116 [pool-10-thread-1] INFO  server.RaftServerConfigKeys (ConfUtils.java:logGet(46)) - raft.server.leaderelection.leader.step-down.wait-time = 10s (default)
2022-07-22 17:36:16,116 [pool-10-thread-1] INFO  server.RaftServerConfigKeys (ConfUtils.java:logGet(46)) - raft.server.sleep.deviation.threshold = 300ms (default)
2022-07-22 17:36:16,116 [pool-10-thread-1] INFO  server.RaftServer$Division (ServerState.java:<init>(118)) - s0@group-6B63ABD76F1E: ConfigurationManager, init=-1: peers:[s0|rpc:localhost:45007|admin:localhost:46801|client:localhost:44465|dataStream:localhost:37487|priority:0|startupRole:FOLLOWER, s1|rpc:localhost:46271|admin:localhost:33567|client:localhost:41473|dataStream:localhost:32893|priority:0|startupRole:FOLLOWER, s2|rpc:localhost:38411|admin:localhost:35847|client:localhost:45257|dataStream:localhost:33781|priority:0|startupRole:FOLLOWER]|listeners:[], old=null, confs=<EMPTY_MAP>
2022-07-22 17:36:16,116 [pool-10-thread-1] INFO  server.RaftServerConfigKeys (ConfUtils.java:logGet(46)) - raft.server.storage.dir = [/home/runner/work/ratis/ratis/ratis-test/target/test/data/da1aeb91/MiniRaftClusterWithRpcTypeGrpcAndDataStreamTypeNettye2b889c1/s0] (custom)
2022-07-22 17:36:16,116 [pool-10-thread-1] INFO  server.RaftServerConfigKeys (ConfUtils.java:logGet(46)) - raft.server.log.corruption.policy = EXCEPTION (default)
2022-07-22 17:36:16,116 [pool-10-thread-1] INFO  server.RaftServerConfigKeys (ConfUtils.java:logGet(46)) - raft.server.storage.free-space.min = 0MB (=0) (default)
2022-07-22 17:36:16,116 [pool-10-thread-1] INFO  server.RaftServerConfigKeys (ConfUtils.java:logGet(46)) - raft.server.notification.no-leader.timeout = 60s (default)
2022-07-22 17:36:16,116 [pool-10-thread-1] INFO  server.RaftServerConfigKeys (ConfUtils.java:logGet(46)) - raft.server.retrycache.expirytime = 60s (default)
2022-07-22 17:36:16,116 [pool-10-thread-1] INFO  server.RaftServerConfigKeys (ConfUtils.java:logGet(46)) - raft.server.retrycache.statistics.expirytime = 100μs (default)
2022-07-22 17:36:16,118 [Time-limited test] INFO  server.RaftServerConfigKeys (ConfUtils.java:logGet(46)) - raft.server.threadpool.proxy.cached = true (default)
2022-07-22 17:36:16,121 [Time-limited test] INFO  server.RaftServerConfigKeys (ConfUtils.java:logGet(46)) - raft.server.threadpool.proxy.size = 0 (default)
2022-07-22 17:36:16,121 [Time-limited test] INFO  server.RaftServerConfigKeys (ConfUtils.java:logGet(46)) - raft.server.rpc.slowness.timeout = 60s (default)
2022-07-22 17:36:16,121 [Time-limited test] INFO  server.RaftServerConfigKeys (ConfUtils.java:logGet(46)) - raft.server.leaderelection.leader.step-down.wait-time = 10s (default)
2022-07-22 17:36:16,121 [Time-limited test] INFO  server.RaftServerConfigKeys (ConfUtils.java:logGet(46)) - raft.server.storage.dir = [/home/runner/work/ratis/ratis/ratis-test/target/test/data/da1aeb91/MiniRaftClusterWithRpcTypeGrpcAndDataStreamTypeNettye2b889c1/s1] (custom)
2022-07-22 17:36:16,122 [s1-NettyServerStreamRpc-bossGroup--thread1] INFO  logging.LoggingHandler (AbstractInternalLogger.java:log(148)) - [id: 0x812db263] REGISTERED
2022-07-22 17:36:16,122 [pool-10-thread-1] INFO  server.RaftServerConfigKeys (ConfUtils.java:logGet(46)) - raft.server.log.appender.install.snapshot.enabled = true (default)
2022-07-22 17:36:16,122 [pool-10-thread-1] INFO  server.RaftServerConfigKeys (ConfUtils.java:logGet(46)) - raft.server.threadpool.server.cached = true (default)
2022-07-22 17:36:16,122 [pool-10-thread-1] INFO  server.RaftServerConfigKeys (ConfUtils.java:logGet(46)) - raft.server.threadpool.server.size = 0 (default)
2022-07-22 17:36:16,122 [pool-10-thread-1] INFO  server.RaftServerConfigKeys (ConfUtils.java:logGet(46)) - raft.server.threadpool.client.cached = true (default)
2022-07-22 17:36:16,122 [pool-10-thread-1] INFO  server.RaftServerConfigKeys (ConfUtils.java:logGet(46)) - raft.server.threadpool.client.size = 0 (default)
2022-07-22 17:36:16,123 [s1-NettyServerStreamRpc-bossGroup--thread1] INFO  logging.LoggingHandler (AbstractInternalLogger.java:log(148)) - [id: 0x812db263] BIND: 0.0.0.0/0.0.0.0:32893
2022-07-22 17:36:16,123 [s1-NettyServerStreamRpc-bossGroup--thread1] INFO  logging.LoggingHandler (AbstractInternalLogger.java:log(148)) - [id: 0x812db263, L:/0.0.0.0:32893] ACTIVE
2022-07-22 17:36:16,123 [Time-limited test] INFO  server.RaftServer (RaftServerProxy.java:addNew(96)) - s1: addNew group-6B63ABD76F1E:[s0|rpc:localhost:45007|admin:localhost:46801|client:localhost:44465|dataStream:localhost:37487|priority:0|startupRole:FOLLOWER, s1|rpc:localhost:46271|admin:localhost:33567|client:localhost:41473|dataStream:localhost:32893|priority:0|startupRole:FOLLOWER, s2|rpc:localhost:38411|admin:localhost:35847|client:localhost:45257|dataStream:localhost:33781|priority:0|startupRole:FOLLOWER] returns group-6B63ABD76F1E:java.util.concurrent.CompletableFuture@348f71e1[Not completed]
2022-07-22 17:36:16,124 [pool-11-thread-1] INFO  server.RaftServer$Division (RaftServerImpl.java:<init>(192)) - s1: new RaftServerImpl for group-6B63ABD76F1E:[s0|rpc:localhost:45007|admin:localhost:46801|client:localhost:44465|dataStream:localhost:37487|priority:0|startupRole:FOLLOWER, s1|rpc:localhost:46271|admin:localhost:33567|client:localhost:41473|dataStream:localhost:32893|priority:0|startupRole:FOLLOWER, s2|rpc:localhost:38411|admin:localhost:35847|client:localhost:45257|dataStream:localhost:33781|priority:0|startupRole:FOLLOWER] with MultiDataStreamStateMachine:uninitialized
2022-07-22 17:36:16,124 [Time-limited test] INFO  impl.MiniRaftCluster (MiniRaftCluster.java:newRaftServer(348)) - newRaftServer: s2, group-6B63ABD76F1E:[s0|rpc:localhost:45007|admin:localhost:46801|client:localhost:44465|dataStream:localhost:37487|priority:0|startupRole:FOLLOWER, s1|rpc:localhost:46271|admin:localhost:33567|client:localhost:41473|dataStream:localhost:32893|priority:0|startupRole:FOLLOWER, s2|rpc:localhost:38411|admin:localhost:35847|client:localhost:45257|dataStream:localhost:33781|priority:0|startupRole:FOLLOWER], format? true
2022-07-22 17:36:16,125 [Time-limited test] TRACE util.FileUtils (FileUtils.java:deleteFully(162)) - deleteFully target/test/data/da1aeb91/MiniRaftClusterWithRpcTypeGrpcAndDataStreamTypeNettye2b889c1/s2
2022-07-22 17:36:16,125 [Time-limited test] TRACE util.FileUtils (FileUtils.java:deleteFully(178)) - deleteFully: target/test/data/da1aeb91/MiniRaftClusterWithRpcTypeGrpcAndDataStreamTypeNettye2b889c1/s2 does not exist.
2022-07-22 17:36:16,125 [Time-limited test] INFO  impl.MiniRaftCluster (MiniRaftCluster.java:newRaftServer(353)) - Formatted directory target/test/data/da1aeb91/MiniRaftClusterWithRpcTypeGrpcAndDataStreamTypeNettye2b889c1/s2
2022-07-22 17:36:16,125 [Time-limited test] INFO  server.RaftServer (ConfUtils.java:logGet(46)) - raft.rpc.type = GRPC (default)
2022-07-22 17:36:16,125 [Time-limited test] INFO  grpc.GrpcConfigKeys (ConfUtils.java:logGet(46)) - raft.grpc.admin.port = 35847 (custom)
2022-07-22 17:36:16,125 [Time-limited test] INFO  grpc.GrpcConfigKeys (ConfUtils.java:logGet(46)) - raft.grpc.client.port = 45257 (custom)
2022-07-22 17:36:16,125 [Time-limited test] INFO  grpc.GrpcConfigKeys (ConfUtils.java:logGet(46)) - raft.grpc.server.port = 38411 (custom)
2022-07-22 17:36:16,125 [Time-limited test] INFO  server.GrpcService (ConfUtils.java:logGet(46)) - raft.grpc.message.size.max = 64MB (=67108864) (default)
2022-07-22 17:36:16,125 [Time-limited test] INFO  server.RaftServerConfigKeys (ConfUtils.java:logGet(46)) - raft.server.log.appender.buffer.byte-limit = 4MB (=4194304) (default)
2022-07-22 17:36:16,125 [Time-limited test] INFO  server.GrpcService (ConfUtils.java:logGet(46)) - raft.grpc.flow.control.window = 1MB (=1048576) (default)
2022-07-22 17:36:16,126 [Time-limited test] INFO  server.RaftServerConfigKeys (ConfUtils.java:logGet(46)) - raft.server.rpc.request.timeout = 3000ms (default)
2022-07-22 17:36:16,126 [Time-limited test] INFO  grpc.GrpcConfigKeys (ConfUtils.java:logGet(46)) - raft.grpc.server.heartbeat.channel = true (default)
2022-07-22 17:36:16,126 [Time-limited test] INFO  grpc.GrpcConfigKeys (ConfUtils.java:logGet(46)) - raft.grpc.server.async.request.thread.pool.cached = true (default)
2022-07-22 17:36:16,126 [Time-limited test] INFO  grpc.GrpcConfigKeys (ConfUtils.java:logGet(46)) - raft.grpc.server.async.request.thread.pool.size = 32 (default)
2022-07-22 17:36:16,127 [Time-limited test] INFO  impl.DataStreamServerImpl (ConfUtils.java:logGet(46)) - raft.datastream.type = NETTY (custom)
2022-07-22 17:36:16,127 [Time-limited test] INFO  netty.NettyConfigKeys$DataStream (ConfUtils.java:logGet(46)) - raft.netty.dataStream.server.tls.conf = null (default)
2022-07-22 17:36:16,127 [Time-limited test] INFO  server.RaftServerConfigKeys (ConfUtils.java:logGet(46)) - raft.server.data-stream.async.request.thread.pool.cached = false (default)
2022-07-22 17:36:16,127 [Time-limited test] INFO  server.RaftServerConfigKeys (ConfUtils.java:logGet(46)) - raft.server.data-stream.async.request.thread.pool.size = 32 (default)
2022-07-22 17:36:16,127 [Time-limited test] INFO  server.RaftServerConfigKeys (ConfUtils.java:logGet(46)) - raft.server.data-stream.async.write.thread.pool.size = 16 (default)
2022-07-22 17:36:16,127 [Time-limited test] INFO  server.RaftServerConfigKeys (ConfUtils.java:logGet(46)) - raft.server.data-stream.client.pool.size = 10 (default)
2022-07-22 17:36:16,127 [Time-limited test] INFO  netty.NettyConfigKeys$DataStream (ConfUtils.java:logGet(46)) - raft.netty.dataStream.server.use-epoll = false (default)
2022-07-22 17:36:16,127 [Time-limited test] INFO  netty.NettyConfigKeys$DataStream (ConfUtils.java:logGet(46)) - raft.netty.dataStream.server.boss-group.size = 0 (default)
2022-07-22 17:36:16,127 [Time-limited test] INFO  netty.NettyConfigKeys$DataStream (ConfUtils.java:logGet(46)) - raft.netty.dataStream.server.worker-group.size = 0 (default)
2022-07-22 17:36:16,128 [Time-limited test] INFO  netty.NettyConfigKeys$DataStream (ConfUtils.java:logGet(46)) - raft.netty.dataStream.host = null (default)
2022-07-22 17:36:16,128 [Time-limited test] INFO  netty.NettyConfigKeys$DataStream (ConfUtils.java:logGet(46)) - raft.netty.dataStream.port = 33781 (custom)
2022-07-22 17:36:16,128 [pool-11-thread-1] INFO  server.RaftServerConfigKeys (ConfUtils.java:logGet(46)) - raft.server.rpc.timeout.min = 150ms (default)
2022-07-22 17:36:16,129 [pool-11-thread-1] INFO  server.RaftServerConfigKeys (ConfUtils.java:logGet(46)) - raft.server.rpc.timeout.max = 300ms (default)
2022-07-22 17:36:16,129 [pool-11-thread-1] INFO  server.RaftServerConfigKeys (ConfUtils.java:logGet(46)) - raft.server.rpc.sleep.time = 25ms (default)
2022-07-22 17:36:16,129 [pool-11-thread-1] INFO  server.RaftServerConfigKeys (ConfUtils.java:logGet(46)) - raft.server.rpc.slowness.timeout = 60s (default)
2022-07-22 17:36:16,129 [pool-11-thread-1] INFO  server.RaftServerConfigKeys (ConfUtils.java:logGet(46)) - raft.server.leaderelection.leader.step-down.wait-time = 10s (default)
2022-07-22 17:36:16,129 [pool-11-thread-1] INFO  server.RaftServerConfigKeys (ConfUtils.java:logGet(46)) - raft.server.sleep.deviation.threshold = 300ms (default)
2022-07-22 17:36:16,130 [pool-11-thread-1] INFO  server.RaftServer$Division (ServerState.java:<init>(118)) - s1@group-6B63ABD76F1E: ConfigurationManager, init=-1: peers:[s0|rpc:localhost:45007|admin:localhost:46801|client:localhost:44465|dataStream:localhost:37487|priority:0|startupRole:FOLLOWER, s1|rpc:localhost:46271|admin:localhost:33567|client:localhost:41473|dataStream:localhost:32893|priority:0|startupRole:FOLLOWER, s2|rpc:localhost:38411|admin:localhost:35847|client:localhost:45257|dataStream:localhost:33781|priority:0|startupRole:FOLLOWER]|listeners:[], old=null, confs=<EMPTY_MAP>
2022-07-22 17:36:16,130 [pool-11-thread-1] INFO  server.RaftServerConfigKeys (ConfUtils.java:logGet(46)) - raft.server.storage.dir = [/home/runner/work/ratis/ratis/ratis-test/target/test/data/da1aeb91/MiniRaftClusterWithRpcTypeGrpcAndDataStreamTypeNettye2b889c1/s1] (custom)
2022-07-22 17:36:16,130 [pool-11-thread-1] INFO  server.RaftServerConfigKeys (ConfUtils.java:logGet(46)) - raft.server.log.corruption.policy = EXCEPTION (default)
2022-07-22 17:36:16,130 [pool-11-thread-1] INFO  server.RaftServerConfigKeys (ConfUtils.java:logGet(46)) - raft.server.storage.free-space.min = 0MB (=0) (default)
2022-07-22 17:36:16,130 [pool-11-thread-1] INFO  server.RaftServerConfigKeys (ConfUtils.java:logGet(46)) - raft.server.notification.no-leader.timeout = 60s (default)
2022-07-22 17:36:16,130 [pool-11-thread-1] INFO  server.RaftServerConfigKeys (ConfUtils.java:logGet(46)) - raft.server.retrycache.expirytime = 60s (default)
2022-07-22 17:36:16,130 [pool-11-thread-1] INFO  server.RaftServerConfigKeys (ConfUtils.java:logGet(46)) - raft.server.retrycache.statistics.expirytime = 100μs (default)
2022-07-22 17:36:16,130 [pool-11-thread-1] INFO  server.RaftServerConfigKeys (ConfUtils.java:logGet(46)) - raft.server.log.appender.install.snapshot.enabled = true (default)
2022-07-22 17:36:16,130 [pool-11-thread-1] INFO  server.RaftServerConfigKeys (ConfUtils.java:logGet(46)) - raft.server.threadpool.server.cached = true (default)
2022-07-22 17:36:16,130 [pool-11-thread-1] INFO  server.RaftServerConfigKeys (ConfUtils.java:logGet(46)) - raft.server.threadpool.server.size = 0 (default)
2022-07-22 17:36:16,130 [pool-11-thread-1] INFO  server.RaftServerConfigKeys (ConfUtils.java:logGet(46)) - raft.server.threadpool.client.cached = true (default)
2022-07-22 17:36:16,131 [pool-11-thread-1] INFO  server.RaftServerConfigKeys (ConfUtils.java:logGet(46)) - raft.server.threadpool.client.size = 0 (default)
2022-07-22 17:36:16,131 [Time-limited test] INFO  server.RaftServerConfigKeys (ConfUtils.java:logGet(46)) - raft.server.threadpool.proxy.cached = true (default)
2022-07-22 17:36:16,131 [Time-limited test] INFO  server.RaftServerConfigKeys (ConfUtils.java:logGet(46)) - raft.server.threadpool.proxy.size = 0 (default)
2022-07-22 17:36:16,131 [Time-limited test] INFO  server.RaftServerConfigKeys (ConfUtils.java:logGet(46)) - raft.server.rpc.slowness.timeout = 60s (default)
2022-07-22 17:36:16,131 [Time-limited test] INFO  server.RaftServerConfigKeys (ConfUtils.java:logGet(46)) - raft.server.leaderelection.leader.step-down.wait-time = 10s (default)
2022-07-22 17:36:16,132 [Time-limited test] INFO  server.RaftServerConfigKeys (ConfUtils.java:logGet(46)) - raft.server.storage.dir = [/home/runner/work/ratis/ratis/ratis-test/target/test/data/da1aeb91/MiniRaftClusterWithRpcTypeGrpcAndDataStreamTypeNettye2b889c1/s2] (custom)
2022-07-22 17:36:16,132 [s2-NettyServerStreamRpc-bossGroup--thread1] INFO  logging.LoggingHandler (AbstractInternalLogger.java:log(148)) - [id: 0x46ea492a] REGISTERED
2022-07-22 17:36:16,132 [s2-NettyServerStreamRpc-bossGroup--thread1] INFO  logging.LoggingHandler (AbstractInternalLogger.java:log(148)) - [id: 0x46ea492a] BIND: 0.0.0.0/0.0.0.0:33781
2022-07-22 17:36:16,132 [s2-NettyServerStreamRpc-bossGroup--thread1] INFO  logging.LoggingHandler (AbstractInternalLogger.java:log(148)) - [id: 0x46ea492a, L:/0.0.0.0:33781] ACTIVE
2022-07-22 17:36:16,133 [Time-limited test] INFO  server.RaftServer (RaftServerProxy.java:addNew(96)) - s2: addNew group-6B63ABD76F1E:[s0|rpc:localhost:45007|admin:localhost:46801|client:localhost:44465|dataStream:localhost:37487|priority:0|startupRole:FOLLOWER, s1|rpc:localhost:46271|admin:localhost:33567|client:localhost:41473|dataStream:localhost:32893|priority:0|startupRole:FOLLOWER, s2|rpc:localhost:38411|admin:localhost:35847|client:localhost:45257|dataStream:localhost:33781|priority:0|startupRole:FOLLOWER] returns group-6B63ABD76F1E:java.util.concurrent.CompletableFuture@6afba08e[Not completed]
2022-07-22 17:36:16,133 [pool-12-thread-1] INFO  server.RaftServer$Division (RaftServerImpl.java:<init>(192)) - s2: new RaftServerImpl for group-6B63ABD76F1E:[s0|rpc:localhost:45007|admin:localhost:46801|client:localhost:44465|dataStream:localhost:37487|priority:0|startupRole:FOLLOWER, s1|rpc:localhost:46271|admin:localhost:33567|client:localhost:41473|dataStream:localhost:32893|priority:0|startupRole:FOLLOWER, s2|rpc:localhost:38411|admin:localhost:35847|client:localhost:45257|dataStream:localhost:33781|priority:0|startupRole:FOLLOWER] with MultiDataStreamStateMachine:uninitialized
2022-07-22 17:36:16,133 [pool-12-thread-1] INFO  server.RaftServerConfigKeys (ConfUtils.java:logGet(46)) - raft.server.rpc.timeout.min = 150ms (default)
2022-07-22 17:36:16,134 [pool-12-thread-1] INFO  server.RaftServerConfigKeys (ConfUtils.java:logGet(46)) - raft.server.rpc.timeout.max = 300ms (default)
2022-07-22 17:36:16,134 [pool-12-thread-1] INFO  server.RaftServerConfigKeys (ConfUtils.java:logGet(46)) - raft.server.rpc.sleep.time = 25ms (default)
2022-07-22 17:36:16,134 [pool-12-thread-1] INFO  server.RaftServerConfigKeys (ConfUtils.java:logGet(46)) - raft.server.rpc.slowness.timeout = 60s (default)
2022-07-22 17:36:16,134 [pool-12-thread-1] INFO  server.RaftServerConfigKeys (ConfUtils.java:logGet(46)) - raft.server.leaderelection.leader.step-down.wait-time = 10s (default)
2022-07-22 17:36:16,134 [s0-impl-thread1] INFO  storage.RaftStorageDirectory (RaftStorageDirectoryImpl.java:analyzeStorage(137)) - The storage directory /home/runner/work/ratis/ratis/ratis-test/target/test/data/da1aeb91/MiniRaftClusterWithRpcTypeGrpcAndDataStreamTypeNettye2b889c1/s0/3afc5591-9416-45e5-9231-6b63abd76f1e does not exist. Creating ...
2022-07-22 17:36:16,142 [s0-impl-thread1] TRACE util.FileUtils (LogUtils.java:runAndLog(49)) - Successfully ran Files.createDirectories /home/runner/work/ratis/ratis/ratis-test/target/test/data/da1aeb91/MiniRaftClusterWithRpcTypeGrpcAndDataStreamTypeNettye2b889c1/s0/3afc5591-9416-45e5-9231-6b63abd76f1e
2022-07-22 17:36:16,142 [pool-12-thread-1] INFO  server.RaftServerConfigKeys (ConfUtils.java:logGet(46)) - raft.server.sleep.deviation.threshold = 300ms (default)
2022-07-22 17:36:16,142 [pool-12-thread-1] INFO  server.RaftServer$Division (ServerState.java:<init>(118)) - s2@group-6B63ABD76F1E: ConfigurationManager, init=-1: peers:[s0|rpc:localhost:45007|admin:localhost:46801|client:localhost:44465|dataStream:localhost:37487|priority:0|startupRole:FOLLOWER, s1|rpc:localhost:46271|admin:localhost:33567|client:localhost:41473|dataStream:localhost:32893|priority:0|startupRole:FOLLOWER, s2|rpc:localhost:38411|admin:localhost:35847|client:localhost:45257|dataStream:localhost:33781|priority:0|startupRole:FOLLOWER]|listeners:[], old=null, confs=<EMPTY_MAP>
2022-07-22 17:36:16,143 [pool-12-thread-1] INFO  server.RaftServerConfigKeys (ConfUtils.java:logGet(46)) - raft.server.storage.dir = [/home/runner/work/ratis/ratis/ratis-test/target/test/data/da1aeb91/MiniRaftClusterWithRpcTypeGrpcAndDataStreamTypeNettye2b889c1/s2] (custom)
2022-07-22 17:36:16,143 [pool-12-thread-1] INFO  server.RaftServerConfigKeys (ConfUtils.java:logGet(46)) - raft.server.log.corruption.policy = EXCEPTION (default)
2022-07-22 17:36:16,143 [pool-12-thread-1] INFO  server.RaftServerConfigKeys (ConfUtils.java:logGet(46)) - raft.server.storage.free-space.min = 0MB (=0) (default)
2022-07-22 17:36:16,143 [pool-12-thread-1] INFO  server.RaftServerConfigKeys (ConfUtils.java:logGet(46)) - raft.server.notification.no-leader.timeout = 60s (default)
2022-07-22 17:36:16,143 [pool-12-thread-1] INFO  server.RaftServerConfigKeys (ConfUtils.java:logGet(46)) - raft.server.retrycache.expirytime = 60s (default)
2022-07-22 17:36:16,143 [pool-12-thread-1] INFO  server.RaftServerConfigKeys (ConfUtils.java:logGet(46)) - raft.server.retrycache.statistics.expirytime = 100μs (default)
2022-07-22 17:36:16,144 [pool-12-thread-1] INFO  server.RaftServerConfigKeys (ConfUtils.java:logGet(46)) - raft.server.log.appender.install.snapshot.enabled = true (default)
2022-07-22 17:36:16,144 [pool-12-thread-1] INFO  server.RaftServerConfigKeys (ConfUtils.java:logGet(46)) - raft.server.threadpool.server.cached = true (default)
2022-07-22 17:36:16,144 [pool-12-thread-1] INFO  server.RaftServerConfigKeys (ConfUtils.java:logGet(46)) - raft.server.threadpool.server.size = 0 (default)
2022-07-22 17:36:16,144 [pool-12-thread-1] INFO  server.RaftServerConfigKeys (ConfUtils.java:logGet(46)) - raft.server.threadpool.client.cached = true (default)
2022-07-22 17:36:16,144 [pool-12-thread-1] INFO  server.RaftServerConfigKeys (ConfUtils.java:logGet(46)) - raft.server.threadpool.client.size = 0 (default)
2022-07-22 17:36:16,144 [s0-impl-thread1] INFO  storage.RaftStorageDirectory (RaftStorageDirectoryImpl.java:tryLock(231)) - Lock on /home/runner/work/ratis/ratis/ratis-test/target/test/data/da1aeb91/MiniRaftClusterWithRpcTypeGrpcAndDataStreamTypeNettye2b889c1/s0/3afc5591-9416-45e5-9231-6b63abd76f1e/in_use.lock acquired by nodename 20485@fv-az29-771.0gf2enmb5avurc1gjtxldx4mnh.bx.internal.cloudapp.net
2022-07-22 17:36:16,145 [s0-impl-thread1] TRACE util.FileUtils (LogUtils.java:runAndLog(49)) - Successfully ran Files.createDirectories /home/runner/work/ratis/ratis/ratis-test/target/test/data/da1aeb91/MiniRaftClusterWithRpcTypeGrpcAndDataStreamTypeNettye2b889c1/s0/3afc5591-9416-45e5-9231-6b63abd76f1e/current
2022-07-22 17:36:16,146 [s0-impl-thread1] TRACE util.FileUtils (LogUtils.java:runAndLog(49)) - Successfully ran Files.createDirectories /home/runner/work/ratis/ratis/ratis-test/target/test/data/da1aeb91/MiniRaftClusterWithRpcTypeGrpcAndDataStreamTypeNettye2b889c1/s0/3afc5591-9416-45e5-9231-6b63abd76f1e/sm
2022-07-22 17:36:16,147 [s0-impl-thread1] INFO  storage.RaftStorage (RaftStorageImpl.java:format(96)) - Storage directory /home/runner/work/ratis/ratis/ratis-test/target/test/data/da1aeb91/MiniRaftClusterWithRpcTypeGrpcAndDataStreamTypeNettye2b889c1/s0/3afc5591-9416-45e5-9231-6b63abd76f1e has been successfully formatted.
2022-07-22 17:36:16,147 [s0-impl-thread1] INFO  server.RaftServerConfigKeys (ConfUtils.java:logGet(46)) - raft.server.log.use.memory = false (default)
2022-07-22 17:36:16,147 [s0-impl-thread1] INFO  server.RaftServerConfigKeys (ConfUtils.java:logGet(46)) - raft.server.log.purge.gap = 1024 (default)
2022-07-22 17:36:16,147 [s0-impl-thread1] INFO  server.RaftServerConfigKeys (ConfUtils.java:logGet(46)) - raft.server.log.appender.buffer.byte-limit = 4MB (=4194304) (default)
2022-07-22 17:36:16,147 [s0-impl-thread1] INFO  server.RaftServerConfigKeys (ConfUtils.java:logGet(46)) - raft.server.log.statemachine.data.read.timeout = 1000ms (default)
2022-07-22 17:36:16,147 [s0-impl-thread1] INFO  server.RaftServerConfigKeys (ConfUtils.java:logGet(46)) - raft.server.log.segment.size.max = 8MB (=8388608) (default)
2022-07-22 17:36:16,147 [s0-impl-thread1] INFO  server.RaftServerConfigKeys (ConfUtils.java:logGet(46)) - raft.server.log.segment.cache.num.max = 6 (default)
2022-07-22 17:36:16,148 [s0-impl-thread1] INFO  server.RaftServerConfigKeys (ConfUtils.java:logGet(46)) - raft.server.log.segment.cache.size.max = 200MB (=209715200) (default)
2022-07-22 17:36:16,148 [s0-impl-thread1] INFO  segmented.SegmentedRaftLogWorker (SegmentedRaftLogWorker.java:<init>(187)) - new s0@group-6B63ABD76F1E-SegmentedRaftLogWorker for RaftStorageImpl:Storage Directory /home/runner/work/ratis/ratis/ratis-test/target/test/data/da1aeb91/MiniRaftClusterWithRpcTypeGrpcAndDataStreamTypeNettye2b889c1/s0/3afc5591-9416-45e5-9231-6b63abd76f1e
2022-07-22 17:36:16,148 [s0-impl-thread1] INFO  server.RaftServerConfigKeys (ConfUtils.java:logGet(46)) - raft.server.log.queue.byte-limit = 64MB (=67108864) (default)
2022-07-22 17:36:16,148 [s0-impl-thread1] INFO  server.RaftServerConfigKeys (ConfUtils.java:logGet(46)) - raft.server.log.queue.element-limit = 4096 (default)
2022-07-22 17:36:16,148 [s0-impl-thread1] INFO  server.RaftServerConfigKeys (ConfUtils.java:logGet(46)) - raft.server.log.segment.size.max = 8MB (=8388608) (default)
2022-07-22 17:36:16,148 [s0-impl-thread1] INFO  server.RaftServerConfigKeys (ConfUtils.java:logGet(46)) - raft.server.log.preallocated.size = 4MB (=4194304) (default)
2022-07-22 17:36:16,148 [s0-impl-thread1] INFO  server.RaftServerConfigKeys (ConfUtils.java:logGet(46)) - raft.server.log.force.sync.num = 128 (default)
2022-07-22 17:36:16,148 [s0-impl-thread1] INFO  server.RaftServerConfigKeys (ConfUtils.java:logGet(46)) - raft.server.log.statemachine.data.sync = true (default)
2022-07-22 17:36:16,148 [s0-impl-thread1] INFO  server.RaftServerConfigKeys (ConfUtils.java:logGet(46)) - raft.server.log.statemachine.data.sync.timeout = 10s (default)
2022-07-22 17:36:16,148 [s0-impl-thread1] INFO  server.RaftServerConfigKeys (ConfUtils.java:logGet(46)) - raft.server.log.statemachine.data.sync.timeout.retry = -1 (default)
2022-07-22 17:36:16,149 [s0-impl-thread1] INFO  server.RaftServerConfigKeys (ConfUtils.java:logGet(46)) - raft.server.log.write.buffer.size = 64KB (=65536) (default)
2022-07-22 17:36:16,150 [s0-impl-thread1] INFO  server.RaftServerConfigKeys (ConfUtils.java:logGet(46)) - raft.server.log.unsafe-flush.enabled = false (default)
2022-07-22 17:36:16,150 [s0-impl-thread1] INFO  server.RaftServerConfigKeys (ConfUtils.java:logGet(46)) - raft.server.log.statemachine.data.caching.enabled = false (default)
2022-07-22 17:36:16,151 [s0-impl-thread1] INFO  segmented.SegmentedRaftLogWorker (SegmentedRaftLogWorker.java:lambda$new$0(135)) - s0@group-6B63ABD76F1E-SegmentedRaftLogWorker: flushIndex: setUnconditionally 0 -> -1
2022-07-22 17:36:16,151 [s0-impl-thread1] INFO  segmented.SegmentedRaftLogWorker (SegmentedRaftLogWorker.java:lambda$new$0(135)) - s0@group-6B63ABD76F1E-SegmentedRaftLogWorker: safeCacheEvictIndex: setUnconditionally 0 -> -1
2022-07-22 17:36:16,151 [s0-impl-thread1] INFO  server.RaftServer$Division (RaftServerImpl.java:start(314)) - s0@group-6B63ABD76F1E: start as a follower, conf=-1: peers:[s0|rpc:localhost:45007|admin:localhost:46801|client:localhost:44465|dataStream:localhost:37487|priority:0|startupRole:FOLLOWER, s1|rpc:localhost:46271|admin:localhost:33567|client:localhost:41473|dataStream:localhost:32893|priority:0|startupRole:FOLLOWER, s2|rpc:localhost:38411|admin:localhost:35847|client:localhost:45257|dataStream:localhost:33781|priority:0|startupRole:FOLLOWER]|listeners:[], old=null
2022-07-22 17:36:16,151 [s0-impl-thread1] INFO  server.RaftServer$Division (RaftServerImpl.java:setRole(301)) - s0@group-6B63ABD76F1E: changes role from      null to FOLLOWER at term 0 for startAsFollower
2022-07-22 17:36:16,151 [s0-impl-thread1] INFO  impl.RoleInfo (RoleInfo.java:updateAndGet(139)) - s0: start s0@group-6B63ABD76F1E-FollowerState
2022-07-22 17:36:16,151 [s0-impl-thread1] INFO  util.JmxRegister (JmxRegister.java:tryRegister(44)) - Successfully registered JMX Bean with object name Ratis:service=RaftServer,group=group-6B63ABD76F1E,id=s0
2022-07-22 17:36:16,151 [s0-impl-thread1] INFO  server.RaftServerConfigKeys (ConfUtils.java:logGet(46)) - raft.server.snapshot.auto.trigger.enabled = false (default)
2022-07-22 17:36:16,152 [s0-impl-thread1] INFO  server.RaftServerConfigKeys (ConfUtils.java:logGet(46)) - raft.server.snapshot.retention.file.num = -1 (default)
2022-07-22 17:36:16,152 [s0-impl-thread1] INFO  server.RaftServerConfigKeys (ConfUtils.java:logGet(46)) - raft.server.log.purge.upto.snapshot.index = false (default)
2022-07-22 17:36:16,152 [Time-limited test] INFO  server.RaftServer (RaftServerProxy.java:startImpl(385)) - s0: start RPC server
2022-07-22 17:36:16,167 [Time-limited test] INFO  server.GrpcService (GrpcService.java:startImpl(262)) - s0: GrpcService started, listening on 44465
2022-07-22 17:36:16,169 [Time-limited test] INFO  server.GrpcService (GrpcService.java:startImpl(262)) - s0: GrpcService started, listening on 45007
2022-07-22 17:36:16,171 [Time-limited test] INFO  server.GrpcService (GrpcService.java:startImpl(262)) - s0: GrpcService started, listening on 46801
2022-07-22 17:36:16,171 [s1-impl-thread1] INFO  storage.RaftStorageDirectory (RaftStorageDirectoryImpl.java:analyzeStorage(137)) - The storage directory /home/runner/work/ratis/ratis/ratis-test/target/test/data/da1aeb91/MiniRaftClusterWithRpcTypeGrpcAndDataStreamTypeNettye2b889c1/s1/3afc5591-9416-45e5-9231-6b63abd76f1e does not exist. Creating ...
2022-07-22 17:36:16,172 [s1-impl-thread1] TRACE util.FileUtils (LogUtils.java:runAndLog(49)) - Successfully ran Files.createDirectories /home/runner/work/ratis/ratis/ratis-test/target/test/data/da1aeb91/MiniRaftClusterWithRpcTypeGrpcAndDataStreamTypeNettye2b889c1/s1/3afc5591-9416-45e5-9231-6b63abd76f1e
2022-07-22 17:36:16,172 [org.apache.ratis.util.JvmPauseMonitor$$Lambda$279/835836945@25164f29] INFO  util.JvmPauseMonitor (JvmPauseMonitor.java:run(103)) - JvmPauseMonitor-s0: Started
2022-07-22 17:36:16,172 [s1-impl-thread1] INFO  storage.RaftStorageDirectory (RaftStorageDirectoryImpl.java:tryLock(231)) - Lock on /home/runner/work/ratis/ratis/ratis-test/target/test/data/da1aeb91/MiniRaftClusterWithRpcTypeGrpcAndDataStreamTypeNettye2b889c1/s1/3afc5591-9416-45e5-9231-6b63abd76f1e/in_use.lock acquired by nodename 20485@fv-az29-771.0gf2enmb5avurc1gjtxldx4mnh.bx.internal.cloudapp.net
2022-07-22 17:36:16,173 [s1-impl-thread1] TRACE util.FileUtils (LogUtils.java:runAndLog(49)) - Successfully ran Files.createDirectories /home/runner/work/ratis/ratis/ratis-test/target/test/data/da1aeb91/MiniRaftClusterWithRpcTypeGrpcAndDataStreamTypeNettye2b889c1/s1/3afc5591-9416-45e5-9231-6b63abd76f1e/current
2022-07-22 17:36:16,173 [s1-impl-thread1] TRACE util.FileUtils (LogUtils.java:runAndLog(49)) - Successfully ran Files.createDirectories /home/runner/work/ratis/ratis/ratis-test/target/test/data/da1aeb91/MiniRaftClusterWithRpcTypeGrpcAndDataStreamTypeNettye2b889c1/s1/3afc5591-9416-45e5-9231-6b63abd76f1e/sm
2022-07-22 17:36:16,174 [s1-impl-thread1] INFO  storage.RaftStorage (RaftStorageImpl.java:format(96)) - Storage directory /home/runner/work/ratis/ratis/ratis-test/target/test/data/da1aeb91/MiniRaftClusterWithRpcTypeGrpcAndDataStreamTypeNettye2b889c1/s1/3afc5591-9416-45e5-9231-6b63abd76f1e has been successfully formatted.
2022-07-22 17:36:16,174 [s1-impl-thread1] INFO  server.RaftServerConfigKeys (ConfUtils.java:logGet(46)) - raft.server.log.use.memory = false (default)
2022-07-22 17:36:16,174 [s1-impl-thread1] INFO  server.RaftServerConfigKeys (ConfUtils.java:logGet(46)) - raft.server.log.purge.gap = 1024 (default)
2022-07-22 17:36:16,174 [s1-impl-thread1] INFO  server.RaftServerConfigKeys (ConfUtils.java:logGet(46)) - raft.server.log.appender.buffer.byte-limit = 4MB (=4194304) (default)
2022-07-22 17:36:16,174 [s1-impl-thread1] INFO  server.RaftServerConfigKeys (ConfUtils.java:logGet(46)) - raft.server.log.statemachine.data.read.timeout = 1000ms (default)
2022-07-22 17:36:16,174 [s1-impl-thread1] INFO  server.RaftServerConfigKeys (ConfUtils.java:logGet(46)) - raft.server.log.segment.size.max = 8MB (=8388608) (default)
2022-07-22 17:36:16,174 [s1-impl-thread1] INFO  server.RaftServerConfigKeys (ConfUtils.java:logGet(46)) - raft.server.log.segment.cache.num.max = 6 (default)
2022-07-22 17:36:16,174 [s1-impl-thread1] INFO  server.RaftServerConfigKeys (ConfUtils.java:logGet(46)) - raft.server.log.segment.cache.size.max = 200MB (=209715200) (default)
2022-07-22 17:36:16,174 [s1-impl-thread1] INFO  segmented.SegmentedRaftLogWorker (SegmentedRaftLogWorker.java:<init>(187)) - new s1@group-6B63ABD76F1E-SegmentedRaftLogWorker for RaftStorageImpl:Storage Directory /home/runner/work/ratis/ratis/ratis-test/target/test/data/da1aeb91/MiniRaftClusterWithRpcTypeGrpcAndDataStreamTypeNettye2b889c1/s1/3afc5591-9416-45e5-9231-6b63abd76f1e
2022-07-22 17:36:16,174 [s1-impl-thread1] INFO  server.RaftServerConfigKeys (ConfUtils.java:logGet(46)) - raft.server.log.queue.byte-limit = 64MB (=67108864) (default)
2022-07-22 17:36:16,174 [s1-impl-thread1] INFO  server.RaftServerConfigKeys (ConfUtils.java:logGet(46)) - raft.server.log.queue.element-limit = 4096 (default)
2022-07-22 17:36:16,174 [s1-impl-thread1] INFO  server.RaftServerConfigKeys (ConfUtils.java:logGet(46)) - raft.server.log.segment.size.max = 8MB (=8388608) (default)
2022-07-22 17:36:16,174 [s1-impl-thread1] INFO  server.RaftServerConfigKeys (ConfUtils.java:logGet(46)) - raft.server.log.preallocated.size = 4MB (=4194304) (default)
2022-07-22 17:36:16,175 [s1-impl-thread1] INFO  server.RaftServerConfigKeys (ConfUtils.java:logGet(46)) - raft.server.log.force.sync.num = 128 (default)
2022-07-22 17:36:16,175 [s1-impl-thread1] INFO  server.RaftServerConfigKeys (ConfUtils.java:logGet(46)) - raft.server.log.statemachine.data.sync = true (default)
2022-07-22 17:36:16,175 [s1-impl-thread1] INFO  server.RaftServerConfigKeys (ConfUtils.java:logGet(46)) - raft.server.log.statemachine.data.sync.timeout = 10s (default)
2022-07-22 17:36:16,175 [s1-impl-thread1] INFO  server.RaftServerConfigKeys (ConfUtils.java:logGet(46)) - raft.server.log.statemachine.data.sync.timeout.retry = -1 (default)
2022-07-22 17:36:16,175 [s1-impl-thread1] INFO  server.RaftServerConfigKeys (ConfUtils.java:logGet(46)) - raft.server.log.write.buffer.size = 64KB (=65536) (default)
2022-07-22 17:36:16,175 [s1-impl-thread1] INFO  server.RaftServerConfigKeys (ConfUtils.java:logGet(46)) - raft.server.log.unsafe-flush.enabled = false (default)
2022-07-22 17:36:16,175 [s1-impl-thread1] INFO  server.RaftServerConfigKeys (ConfUtils.java:logGet(46)) - raft.server.log.statemachine.data.caching.enabled = false (default)
2022-07-22 17:36:16,175 [s1-impl-thread1] INFO  segmented.SegmentedRaftLogWorker (SegmentedRaftLogWorker.java:lambda$new$0(135)) - s1@group-6B63ABD76F1E-SegmentedRaftLogWorker: flushIndex: setUnconditionally 0 -> -1
2022-07-22 17:36:16,175 [s1-impl-thread1] INFO  segmented.SegmentedRaftLogWorker (SegmentedRaftLogWorker.java:lambda$new$0(135)) - s1@group-6B63ABD76F1E-SegmentedRaftLogWorker: safeCacheEvictIndex: setUnconditionally 0 -> -1
2022-07-22 17:36:16,176 [s1-impl-thread1] INFO  server.RaftServer$Division (RaftServerImpl.java:start(314)) - s1@group-6B63ABD76F1E: start as a follower, conf=-1: peers:[s0|rpc:localhost:45007|admin:localhost:46801|client:localhost:44465|dataStream:localhost:37487|priority:0|startupRole:FOLLOWER, s1|rpc:localhost:46271|admin:localhost:33567|client:localhost:41473|dataStream:localhost:32893|priority:0|startupRole:FOLLOWER, s2|rpc:localhost:38411|admin:localhost:35847|client:localhost:45257|dataStream:localhost:33781|priority:0|startupRole:FOLLOWER]|listeners:[], old=null
2022-07-22 17:36:16,176 [s1-impl-thread1] INFO  server.RaftServer$Division (RaftServerImpl.java:setRole(301)) - s1@group-6B63ABD76F1E: changes role from      null to FOLLOWER at term 0 for startAsFollower
2022-07-22 17:36:16,176 [s1-impl-thread1] INFO  impl.RoleInfo (RoleInfo.java:updateAndGet(139)) - s1: start s1@group-6B63ABD76F1E-FollowerState
2022-07-22 17:36:16,176 [s1-impl-thread1] INFO  util.JmxRegister (JmxRegister.java:tryRegister(44)) - Successfully registered JMX Bean with object name Ratis:service=RaftServer,group=group-6B63ABD76F1E,id=s1
2022-07-22 17:36:16,176 [s1-impl-thread1] INFO  server.RaftServerConfigKeys (ConfUtils.java:logGet(46)) - raft.server.snapshot.auto.trigger.enabled = false (default)
2022-07-22 17:36:16,176 [s1-impl-thread1] INFO  server.RaftServerConfigKeys (ConfUtils.java:logGet(46)) - raft.server.snapshot.retention.file.num = -1 (default)
2022-07-22 17:36:16,176 [s1-impl-thread1] INFO  server.RaftServerConfigKeys (ConfUtils.java:logGet(46)) - raft.server.log.purge.upto.snapshot.index = false (default)
2022-07-22 17:36:16,177 [Time-limited test] INFO  server.RaftServer (RaftServerProxy.java:startImpl(385)) - s1: start RPC server
2022-07-22 17:36:16,179 [Time-limited test] INFO  server.GrpcService (GrpcService.java:startImpl(262)) - s1: GrpcService started, listening on 41473
2022-07-22 17:36:16,184 [Time-limited test] INFO  server.GrpcService (GrpcService.java:startImpl(262)) - s1: GrpcService started, listening on 46271
2022-07-22 17:36:16,185 [Time-limited test] INFO  server.GrpcService (GrpcService.java:startImpl(262)) - s1: GrpcService started, listening on 33567
2022-07-22 17:36:16,186 [org.apache.ratis.util.JvmPauseMonitor$$Lambda$279/835836945@11b25c4d] INFO  util.JvmPauseMonitor (JvmPauseMonitor.java:run(103)) - JvmPauseMonitor-s1: Started
2022-07-22 17:36:16,186 [s2-impl-thread1] INFO  storage.RaftStorageDirectory (RaftStorageDirectoryImpl.java:analyzeStorage(137)) - The storage directory /home/runner/work/ratis/ratis/ratis-test/target/test/data/da1aeb91/MiniRaftClusterWithRpcTypeGrpcAndDataStreamTypeNettye2b889c1/s2/3afc5591-9416-45e5-9231-6b63abd76f1e does not exist. Creating ...
2022-07-22 17:36:16,186 [s2-impl-thread1] TRACE util.FileUtils (LogUtils.java:runAndLog(49)) - Successfully ran Files.createDirectories /home/runner/work/ratis/ratis/ratis-test/target/test/data/da1aeb91/MiniRaftClusterWithRpcTypeGrpcAndDataStreamTypeNettye2b889c1/s2/3afc5591-9416-45e5-9231-6b63abd76f1e
2022-07-22 17:36:16,187 [s2-impl-thread1] INFO  storage.RaftStorageDirectory (RaftStorageDirectoryImpl.java:tryLock(231)) - Lock on /home/runner/work/ratis/ratis/ratis-test/target/test/data/da1aeb91/MiniRaftClusterWithRpcTypeGrpcAndDataStreamTypeNettye2b889c1/s2/3afc5591-9416-45e5-9231-6b63abd76f1e/in_use.lock acquired by nodename 20485@fv-az29-771.0gf2enmb5avurc1gjtxldx4mnh.bx.internal.cloudapp.net
2022-07-22 17:36:16,187 [s2-impl-thread1] TRACE util.FileUtils (LogUtils.java:runAndLog(49)) - Successfully ran Files.createDirectories /home/runner/work/ratis/ratis/ratis-test/target/test/data/da1aeb91/MiniRaftClusterWithRpcTypeGrpcAndDataStreamTypeNettye2b889c1/s2/3afc5591-9416-45e5-9231-6b63abd76f1e/current
2022-07-22 17:36:16,187 [s2-impl-thread1] TRACE util.FileUtils (LogUtils.java:runAndLog(49)) - Successfully ran Files.createDirectories /home/runner/work/ratis/ratis/ratis-test/target/test/data/da1aeb91/MiniRaftClusterWithRpcTypeGrpcAndDataStreamTypeNettye2b889c1/s2/3afc5591-9416-45e5-9231-6b63abd76f1e/sm
2022-07-22 17:36:16,188 [s2-impl-thread1] INFO  storage.RaftStorage (RaftStorageImpl.java:format(96)) - Storage directory /home/runner/work/ratis/ratis/ratis-test/target/test/data/da1aeb91/MiniRaftClusterWithRpcTypeGrpcAndDataStreamTypeNettye2b889c1/s2/3afc5591-9416-45e5-9231-6b63abd76f1e has been successfully formatted.
2022-07-22 17:36:16,188 [s2-impl-thread1] INFO  server.RaftServerConfigKeys (ConfUtils.java:logGet(46)) - raft.server.log.use.memory = false (default)
2022-07-22 17:36:16,188 [s2-impl-thread1] INFO  server.RaftServerConfigKeys (ConfUtils.java:logGet(46)) - raft.server.log.purge.gap = 1024 (default)
2022-07-22 17:36:16,188 [s2-impl-thread1] INFO  server.RaftServerConfigKeys (ConfUtils.java:logGet(46)) - raft.server.log.appender.buffer.byte-limit = 4MB (=4194304) (default)
2022-07-22 17:36:16,188 [s2-impl-thread1] INFO  server.RaftServerConfigKeys (ConfUtils.java:logGet(46)) - raft.server.log.statemachine.data.read.timeout = 1000ms (default)
2022-07-22 17:36:16,188 [s2-impl-thread1] INFO  server.RaftServerConfigKeys (ConfUtils.java:logGet(46)) - raft.server.log.segment.size.max = 8MB (=8388608) (default)
2022-07-22 17:36:16,189 [s2-impl-thread1] INFO  server.RaftServerConfigKeys (ConfUtils.java:logGet(46)) - raft.server.log.segment.cache.num.max = 6 (default)
2022-07-22 17:36:16,189 [s2-impl-thread1] INFO  server.RaftServerConfigKeys (ConfUtils.java:logGet(46)) - raft.server.log.segment.cache.size.max = 200MB (=209715200) (default)
2022-07-22 17:36:16,189 [s2-impl-thread1] INFO  segmented.SegmentedRaftLogWorker (SegmentedRaftLogWorker.java:<init>(187)) - new s2@group-6B63ABD76F1E-SegmentedRaftLogWorker for RaftStorageImpl:Storage Directory /home/runner/work/ratis/ratis/ratis-test/target/test/data/da1aeb91/MiniRaftClusterWithRpcTypeGrpcAndDataStreamTypeNettye2b889c1/s2/3afc5591-9416-45e5-9231-6b63abd76f1e
2022-07-22 17:36:16,189 [s2-impl-thread1] INFO  server.RaftServerConfigKeys (ConfUtils.java:logGet(46)) - raft.server.log.queue.byte-limit = 64MB (=67108864) (default)
2022-07-22 17:36:16,189 [s2-impl-thread1] INFO  server.RaftServerConfigKeys (ConfUtils.java:logGet(46)) - raft.server.log.queue.element-limit = 4096 (default)
2022-07-22 17:36:16,189 [s2-impl-thread1] INFO  server.RaftServerConfigKeys (ConfUtils.java:logGet(46)) - raft.server.log.segment.size.max = 8MB (=8388608) (default)
2022-07-22 17:36:16,189 [s2-impl-thread1] INFO  server.RaftServerConfigKeys (ConfUtils.java:logGet(46)) - raft.server.log.preallocated.size = 4MB (=4194304) (default)
2022-07-22 17:36:16,189 [s2-impl-thread1] INFO  server.RaftServerConfigKeys (ConfUtils.java:logGet(46)) - raft.server.log.force.sync.num = 128 (default)
2022-07-22 17:36:16,189 [s2-impl-thread1] INFO  server.RaftServerConfigKeys (ConfUtils.java:logGet(46)) - raft.server.log.statemachine.data.sync = true (default)
2022-07-22 17:36:16,189 [s2-impl-thread1] INFO  server.RaftServerConfigKeys (ConfUtils.java:logGet(46)) - raft.server.log.statemachine.data.sync.timeout = 10s (default)
2022-07-22 17:36:16,189 [s2-impl-thread1] INFO  server.RaftServerConfigKeys (ConfUtils.java:logGet(46)) - raft.server.log.statemachine.data.sync.timeout.retry = -1 (default)
2022-07-22 17:36:16,189 [s2-impl-thread1] INFO  server.RaftServerConfigKeys (ConfUtils.java:logGet(46)) - raft.server.log.write.buffer.size = 64KB (=65536) (default)
2022-07-22 17:36:16,189 [s2-impl-thread1] INFO  server.RaftServerConfigKeys (ConfUtils.java:logGet(46)) - raft.server.log.unsafe-flush.enabled = false (default)
2022-07-22 17:36:16,189 [s2-impl-thread1] INFO  server.RaftServerConfigKeys (ConfUtils.java:logGet(46)) - raft.server.log.statemachine.data.caching.enabled = false (default)
2022-07-22 17:36:16,190 [s2-impl-thread1] INFO  segmented.SegmentedRaftLogWorker (SegmentedRaftLogWorker.java:lambda$new$0(135)) - s2@group-6B63ABD76F1E-SegmentedRaftLogWorker: flushIndex: setUnconditionally 0 -> -1
2022-07-22 17:36:16,190 [s2-impl-thread1] INFO  segmented.SegmentedRaftLogWorker (SegmentedRaftLogWorker.java:lambda$new$0(135)) - s2@group-6B63ABD76F1E-SegmentedRaftLogWorker: safeCacheEvictIndex: setUnconditionally 0 -> -1
2022-07-22 17:36:16,192 [s2-impl-thread1] INFO  server.RaftServer$Division (RaftServerImpl.java:start(314)) - s2@group-6B63ABD76F1E: start as a follower, conf=-1: peers:[s0|rpc:localhost:45007|admin:localhost:46801|client:localhost:44465|dataStream:localhost:37487|priority:0|startupRole:FOLLOWER, s1|rpc:localhost:46271|admin:localhost:33567|client:localhost:41473|dataStream:localhost:32893|priority:0|startupRole:FOLLOWER, s2|rpc:localhost:38411|admin:localhost:35847|client:localhost:45257|dataStream:localhost:33781|priority:0|startupRole:FOLLOWER]|listeners:[], old=null
2022-07-22 17:36:16,192 [s2-impl-thread1] INFO  server.RaftServer$Division (RaftServerImpl.java:setRole(301)) - s2@group-6B63ABD76F1E: changes role from      null to FOLLOWER at term 0 for startAsFollower
2022-07-22 17:36:16,192 [s2-impl-thread1] INFO  impl.RoleInfo (RoleInfo.java:updateAndGet(139)) - s2: start s2@group-6B63ABD76F1E-FollowerState
2022-07-22 17:36:16,194 [s2-impl-thread1] INFO  util.JmxRegister (JmxRegister.java:tryRegister(44)) - Successfully registered JMX Bean with object name Ratis:service=RaftServer,group=group-6B63ABD76F1E,id=s2
2022-07-22 17:36:16,194 [s2-impl-thread1] INFO  server.RaftServerConfigKeys (ConfUtils.java:logGet(46)) - raft.server.snapshot.auto.trigger.enabled = false (default)
2022-07-22 17:36:16,194 [s2-impl-thread1] INFO  server.RaftServerConfigKeys (ConfUtils.java:logGet(46)) - raft.server.snapshot.retention.file.num = -1 (default)
2022-07-22 17:36:16,194 [s2-impl-thread1] INFO  server.RaftServerConfigKeys (ConfUtils.java:logGet(46)) - raft.server.log.purge.upto.snapshot.index = false (default)
2022-07-22 17:36:16,195 [Time-limited test] INFO  server.RaftServer (RaftServerProxy.java:startImpl(385)) - s2: start RPC server
2022-07-22 17:36:16,202 [Time-limited test] INFO  server.GrpcService (GrpcService.java:startImpl(262)) - s2: GrpcService started, listening on 45257
2022-07-22 17:36:16,203 [Time-limited test] INFO  server.GrpcService (GrpcService.java:startImpl(262)) - s2: GrpcService started, listening on 38411
2022-07-22 17:36:16,205 [Time-limited test] INFO  server.GrpcService (GrpcService.java:startImpl(262)) - s2: GrpcService started, listening on 35847
2022-07-22 17:36:16,212 [org.apache.ratis.util.JvmPauseMonitor$$Lambda$279/835836945@3937aeee] INFO  util.JvmPauseMonitor (JvmPauseMonitor.java:run(103)) - JvmPauseMonitor-s2: Started
2022-07-22 17:36:16,212 [Time-limited test] INFO  server.RaftServerConfigKeys (ConfUtils.java:logGet(46)) - raft.server.rpc.timeout.max = 300ms (default)
2022-07-22 17:36:16,212 [Time-limited test] INFO  ratis.RaftTestUtil (RaftTestUtil.java:waitForLeader(100)) - printing ALL groups
  s0:  RUNNING  FOLLOWER s0@group-6B63ABD76F1E:t0, leader=null, voted=, raftlog=Memoized:s0@group-6B63ABD76F1E-SegmentedRaftLog:OPENED:c-1, conf=-1: peers:[s0|rpc:localhost:45007|admin:localhost:46801|client:localhost:44465|dataStream:localhost:37487|priority:0|startupRole:FOLLOWER, s1|rpc:localhost:46271|admin:localhost:33567|client:localhost:41473|dataStream:localhost:32893|priority:0|startupRole:FOLLOWER, s2|rpc:localhost:38411|admin:localhost:35847|client:localhost:45257|dataStream:localhost:33781|priority:0|startupRole:FOLLOWER]|listeners:[], old=null RUNNING
  s1:  RUNNING  FOLLOWER s1@group-6B63ABD76F1E:t0, leader=null, voted=, raftlog=Memoized:s1@group-6B63ABD76F1E-SegmentedRaftLog:OPENED:c-1, conf=-1: peers:[s0|rpc:localhost:45007|admin:localhost:46801|client:localhost:44465|dataStream:localhost:37487|priority:0|startupRole:FOLLOWER, s1|rpc:localhost:46271|admin:localhost:33567|client:localhost:41473|dataStream:localhost:32893|priority:0|startupRole:FOLLOWER, s2|rpc:localhost:38411|admin:localhost:35847|client:localhost:45257|dataStream:localhost:33781|priority:0|startupRole:FOLLOWER]|listeners:[], old=null RUNNING
  s2:  RUNNING  FOLLOWER s2@group-6B63ABD76F1E:t0, leader=null, voted=, raftlog=Memoized:s2@group-6B63ABD76F1E-SegmentedRaftLog:OPENED:c-1, conf=-1: peers:[s0|rpc:localhost:45007|admin:localhost:46801|client:localhost:44465|dataStream:localhost:37487|priority:0|startupRole:FOLLOWER, s1|rpc:localhost:46271|admin:localhost:33567|client:localhost:41473|dataStream:localhost:32893|priority:0|startupRole:FOLLOWER, s2|rpc:localhost:38411|admin:localhost:35847|client:localhost:45257|dataStream:localhost:33781|priority:0|startupRole:FOLLOWER]|listeners:[], old=null RUNNING
2022-07-22 17:36:16,213 [Time-limited test] WARN  ratis.RaftTestUtil (JavaUtils.java:attempt(172)) - FAILED "waitForLeader-null-(expectLeader? true)", attempt #1/100: java.lang.IllegalStateException: No leader yet : printing ALL groups
  s0:  RUNNING  FOLLOWER s0@group-6B63ABD76F1E:t0, leader=null, voted=, raftlog=Memoized:s0@group-6B63ABD76F1E-SegmentedRaftLog:OPENED:c-1, conf=-1: peers:[s0|rpc:localhost:45007|admin:localhost:46801|client:localhost:44465|dataStream:localhost:37487|priority:0|startupRole:FOLLOWER, s1|rpc:localhost:46271|admin:localhost:33567|client:localhost:41473|dataStream:localhost:32893|priority:0|startupRole:FOLLOWER, s2|rpc:localhost:38411|admin:localhost:35847|client:localhost:45257|dataStream:localhost:33781|priority:0|startupRole:FOLLOWER]|listeners:[], old=null RUNNING
  s1:  RUNNING  FOLLOWER s1@group-6B63ABD76F1E:t0, leader=null, voted=, raftlog=Memoized:s1@group-6B63ABD76F1E-SegmentedRaftLog:OPENED:c-1, conf=-1: peers:[s0|rpc:localhost:45007|admin:localhost:46801|client:localhost:44465|dataStream:localhost:37487|priority:0|startupRole:FOLLOWER, s1|rpc:localhost:46271|admin:localhost:33567|client:localhost:41473|dataStream:localhost:32893|priority:0|startupRole:FOLLOWER, s2|rpc:localhost:38411|admin:localhost:35847|client:localhost:45257|dataStream:localhost:33781|priority:0|startupRole:FOLLOWER]|listeners:[], old=null RUNNING
  s2:  RUNNING  FOLLOWER s2@group-6B63ABD76F1E:t0, leader=null, voted=, raftlog=Memoized:s2@group-6B63ABD76F1E-SegmentedRaftLog:OPENED:c-1, conf=-1: peers:[s0|rpc:localhost:45007|admin:localhost:46801|client:localhost:44465|dataStream:localhost:37487|priority:0|startupRole:FOLLOWER, s1|rpc:localhost:46271|admin:localhost:33567|client:localhost:41473|dataStream:localhost:32893|priority:0|startupRole:FOLLOWER, s2|rpc:localhost:38411|admin:localhost:35847|client:localhost:45257|dataStream:localhost:33781|priority:0|startupRole:FOLLOWER]|listeners:[], old=null RUNNING, sleep 450ms and then retry.
java.lang.IllegalStateException: No leader yet : printing ALL groups
  s0:  RUNNING  FOLLOWER s0@group-6B63ABD76F1E:t0, leader=null, voted=, raftlog=Memoized:s0@group-6B63ABD76F1E-SegmentedRaftLog:OPENED:c-1, conf=-1: peers:[s0|rpc:localhost:45007|admin:localhost:46801|client:localhost:44465|dataStream:localhost:37487|priority:0|startupRole:FOLLOWER, s1|rpc:localhost:46271|admin:localhost:33567|client:localhost:41473|dataStream:localhost:32893|priority:0|startupRole:FOLLOWER, s2|rpc:localhost:38411|admin:localhost:35847|client:localhost:45257|dataStream:localhost:33781|priority:0|startupRole:FOLLOWER]|listeners:[], old=null RUNNING
  s1:  RUNNING  FOLLOWER s1@group-6B63ABD76F1E:t0, leader=null, voted=, raftlog=Memoized:s1@group-6B63ABD76F1E-SegmentedRaftLog:OPENED:c-1, conf=-1: peers:[s0|rpc:localhost:45007|admin:localhost:46801|client:localhost:44465|dataStream:localhost:37487|priority:0|startupRole:FOLLOWER, s1|rpc:localhost:46271|admin:localhost:33567|client:localhost:41473|dataStream:localhost:32893|priority:0|startupRole:FOLLOWER, s2|rpc:localhost:38411|admin:localhost:35847|client:localhost:45257|dataStream:localhost:33781|priority:0|startupRole:FOLLOWER]|listeners:[], old=null RUNNING
  s2:  RUNNING  FOLLOWER s2@group-6B63ABD76F1E:t0, leader=null, voted=, raftlog=Memoized:s2@group-6B63ABD76F1E-SegmentedRaftLog:OPENED:c-1, conf=-1: peers:[s0|rpc:localhost:45007|admin:localhost:46801|client:localhost:44465|dataStream:localhost:37487|priority:0|startupRole:FOLLOWER, s1|rpc:localhost:46271|admin:localhost:33567|client:localhost:41473|dataStream:localhost:32893|priority:0|startupRole:FOLLOWER, s2|rpc:localhost:38411|admin:localhost:35847|client:localhost:45257|dataStream:localhost:33781|priority:0|startupRole:FOLLOWER]|listeners:[], old=null RUNNING
	at org.apache.ratis.server.impl.MiniRaftCluster.newIllegalStateExceptionForNoLeaders(MiniRaftCluster.java:534)
	at org.apache.ratis.RaftTestUtil.lambda$waitForLeader$1(RaftTestUtil.java:104)
	at org.apache.ratis.server.impl.MiniRaftCluster.getLeader(MiniRaftCluster.java:568)
	at org.apache.ratis.server.impl.MiniRaftCluster.getLeader(MiniRaftCluster.java:561)
	at org.apache.ratis.RaftTestUtil.lambda$waitForLeader$3(RaftTestUtil.java:112)
	at org.apache.ratis.util.JavaUtils.attempt(JavaUtils.java:166)
	at org.apache.ratis.util.JavaUtils.attemptRepeatedly(JavaUtils.java:152)
	at org.apache.ratis.RaftTestUtil.waitForLeader(RaftTestUtil.java:111)
	at org.apache.ratis.RaftTestUtil.waitForLeader(RaftTestUtil.java:92)
	at org.apache.ratis.RaftTestUtil.waitForLeader(RaftTestUtil.java:87)
	at org.apache.ratis.datastream.DataStreamAsyncClusterTests.runTestDataStream(DataStreamAsyncClusterTests.java:90)
	at org.apache.ratis.datastream.DataStreamAsyncClusterTests.runTestDataStreamStepDownLeader(DataStreamAsyncClusterTests.java:82)
	at org.apache.ratis.server.impl.MiniRaftCluster$Factory$Get.runWithNewCluster(MiniRaftCluster.java:125)
	at org.apache.ratis.server.impl.MiniRaftCluster$Factory$Get.runWithNewCluster(MiniRaftCluster.java:113)
	at org.apache.ratis.datastream.DataStreamAsyncClusterTests.testMultipleStreamsMultipleServersStepDownLeader(DataStreamAsyncClusterTests.java:78)
	at sun.reflect.NativeMethodAccessorImpl.invoke0(Native Method)
	at sun.reflect.NativeMethodAccessorImpl.invoke(NativeMethodAccessorImpl.java:62)
	at sun.reflect.DelegatingMethodAccessorImpl.invoke(DelegatingMethodAccessorImpl.java:43)
	at java.lang.reflect.Method.invoke(Method.java:498)
	at org.junit.runners.model.FrameworkMethod$1.runReflectiveCall(FrameworkMethod.java:59)
	at org.junit.internal.runners.model.ReflectiveCallable.run(ReflectiveCallable.java:12)
	at org.junit.runners.model.FrameworkMethod.invokeExplosively(FrameworkMethod.java:56)
	at org.junit.internal.runners.statements.InvokeMethod.evaluate(InvokeMethod.java:17)
	at org.junit.internal.runners.statements.RunAfters.evaluate(RunAfters.java:27)
	at org.junit.internal.runners.statements.FailOnTimeout$CallableStatement.call(FailOnTimeout.java:299)
	at org.junit.internal.runners.statements.FailOnTimeout$CallableStatement.call(FailOnTimeout.java:293)
	at java.util.concurrent.FutureTask.run(FutureTask.java:266)
	at java.lang.Thread.run(Thread.java:750)
2022-07-22 17:36:16,371 [s0@group-6B63ABD76F1E-FollowerState] INFO  impl.FollowerState (FollowerState.java:run(143)) - s0@group-6B63ABD76F1E-FollowerState: change to CANDIDATE, lastRpcElapsedTime:220115572ns, electionTimeout:219ms
2022-07-22 17:36:16,373 [s0@group-6B63ABD76F1E-FollowerState] INFO  impl.RoleInfo (RoleInfo.java:shutdownFollowerState(110)) - s0: shutdown s0@group-6B63ABD76F1E-FollowerState
2022-07-22 17:36:16,373 [s0@group-6B63ABD76F1E-FollowerState] INFO  server.RaftServer$Division (RaftServerImpl.java:setRole(301)) - s0@group-6B63ABD76F1E: changes role from  FOLLOWER to CANDIDATE at term 0 for changeToCandidate
2022-07-22 17:36:16,373 [s0@group-6B63ABD76F1E-FollowerState] INFO  server.RaftServerConfigKeys (ConfUtils.java:logGet(46)) - raft.server.leaderelection.pre-vote = true (default)
2022-07-22 17:36:16,373 [s0@group-6B63ABD76F1E-FollowerState] INFO  impl.RoleInfo (RoleInfo.java:updateAndGet(139)) - s0: start s0@group-6B63ABD76F1E-LeaderElection3
2022-07-22 17:36:16,375 [s0@group-6B63ABD76F1E-LeaderElection3] INFO  impl.LeaderElection (LeaderElection.java:askForVotes(310)) - s0@group-6B63ABD76F1E-LeaderElection3 PRE_VOTE round 0: submit vote requests at term 0 for -1: peers:[s0|rpc:localhost:45007|admin:localhost:46801|client:localhost:44465|dataStream:localhost:37487|priority:0|startupRole:FOLLOWER, s1|rpc:localhost:46271|admin:localhost:33567|client:localhost:41473|dataStream:localhost:32893|priority:0|startupRole:FOLLOWER, s2|rpc:localhost:38411|admin:localhost:35847|client:localhost:45257|dataStream:localhost:33781|priority:0|startupRole:FOLLOWER]|listeners:[], old=null
2022-07-22 17:36:16,376 [s0@group-6B63ABD76F1E-LeaderElection3-1] INFO  server.GrpcServerProtocolClient (GrpcServerProtocolClient.java:<init>(63)) - Build channel for s1
2022-07-22 17:36:16,376 [s0@group-6B63ABD76F1E-LeaderElection3-2] INFO  server.GrpcServerProtocolClient (GrpcServerProtocolClient.java:<init>(63)) - Build channel for s2
2022-07-22 17:36:16,386 [grpc-default-executor-3] INFO  server.RaftServer$Division (RaftServerImpl.java:requestVote(1198)) - s1@group-6B63ABD76F1E: receive requestVote(PRE_VOTE, s0, group-6B63ABD76F1E, 0, (t:0, i:0))
2022-07-22 17:36:16,387 [grpc-default-executor-3] INFO  impl.VoteContext (VoteContext.java:log(48)) - s1@group-6B63ABD76F1E-FOLLOWER: accept PRE_VOTE from s0: our priority 0 <= candidate's priority 0
2022-07-22 17:36:16,387 [grpc-default-executor-3] INFO  server.RaftServer$Division (RaftServerImpl.java:requestVote(1231)) - s1@group-6B63ABD76F1E replies to PRE_VOTE vote request: s0<-s1#0:OK-t0. Peer's state: s1@group-6B63ABD76F1E:t0, leader=null, voted=, raftlog=Memoized:s1@group-6B63ABD76F1E-SegmentedRaftLog:OPENED:c-1, conf=-1: peers:[s0|rpc:localhost:45007|admin:localhost:46801|client:localhost:44465|dataStream:localhost:37487|priority:0|startupRole:FOLLOWER, s1|rpc:localhost:46271|admin:localhost:33567|client:localhost:41473|dataStream:localhost:32893|priority:0|startupRole:FOLLOWER, s2|rpc:localhost:38411|admin:localhost:35847|client:localhost:45257|dataStream:localhost:33781|priority:0|startupRole:FOLLOWER]|listeners:[], old=null
2022-07-22 17:36:16,390 [s0@group-6B63ABD76F1E-LeaderElection3] INFO  impl.LeaderElection (LeaderElection.java:logAndReturn(90)) - s0@group-6B63ABD76F1E-LeaderElection3: PRE_VOTE PASSED received 1 response(s) and 0 exception(s):
2022-07-22 17:36:16,390 [grpc-default-executor-3] INFO  server.RaftServer$Division (RaftServerImpl.java:requestVote(1198)) - s2@group-6B63ABD76F1E: receive requestVote(PRE_VOTE, s0, group-6B63ABD76F1E, 0, (t:0, i:0))
2022-07-22 17:36:16,390 [s0@group-6B63ABD76F1E-LeaderElection3] INFO  impl.LeaderElection (LeaderElection.java:logAndReturn(94)) -   Response 0: s0<-s1#0:OK-t0
2022-07-22 17:36:16,395 [grpc-default-executor-3] INFO  impl.VoteContext (VoteContext.java:log(48)) - s2@group-6B63ABD76F1E-FOLLOWER: accept PRE_VOTE from s0: our priority 0 <= candidate's priority 0
2022-07-22 17:36:16,395 [s0@group-6B63ABD76F1E-LeaderElection3] INFO  impl.LeaderElection (LeaderElection.java:askForVotes(312)) - s0@group-6B63ABD76F1E-LeaderElection3 PRE_VOTE round 0: result PASSED
2022-07-22 17:36:16,395 [grpc-default-executor-3] INFO  server.RaftServer$Division (RaftServerImpl.java:requestVote(1231)) - s2@group-6B63ABD76F1E replies to PRE_VOTE vote request: s0<-s2#0:OK-t0. Peer's state: s2@group-6B63ABD76F1E:t0, leader=null, voted=, raftlog=Memoized:s2@group-6B63ABD76F1E-SegmentedRaftLog:OPENED:c-1, conf=-1: peers:[s0|rpc:localhost:45007|admin:localhost:46801|client:localhost:44465|dataStream:localhost:37487|priority:0|startupRole:FOLLOWER, s1|rpc:localhost:46271|admin:localhost:33567|client:localhost:41473|dataStream:localhost:32893|priority:0|startupRole:FOLLOWER, s2|rpc:localhost:38411|admin:localhost:35847|client:localhost:45257|dataStream:localhost:33781|priority:0|startupRole:FOLLOWER]|listeners:[], old=null
2022-07-22 17:36:16,397 [s0@group-6B63ABD76F1E-LeaderElection3] INFO  impl.LeaderElection (LeaderElection.java:askForVotes(310)) - s0@group-6B63ABD76F1E-LeaderElection3 ELECTION round 0: submit vote requests at term 1 for -1: peers:[s0|rpc:localhost:45007|admin:localhost:46801|client:localhost:44465|dataStream:localhost:37487|priority:0|startupRole:FOLLOWER, s1|rpc:localhost:46271|admin:localhost:33567|client:localhost:41473|dataStream:localhost:32893|priority:0|startupRole:FOLLOWER, s2|rpc:localhost:38411|admin:localhost:35847|client:localhost:45257|dataStream:localhost:33781|priority:0|startupRole:FOLLOWER]|listeners:[], old=null
2022-07-22 17:36:16,412 [grpc-default-executor-3] INFO  server.RaftServer$Division (RaftServerImpl.java:requestVote(1198)) - s2@group-6B63ABD76F1E: receive requestVote(ELECTION, s0, group-6B63ABD76F1E, 1, (t:0, i:0))
2022-07-22 17:36:16,412 [grpc-default-executor-2] INFO  server.RaftServer$Division (RaftServerImpl.java:requestVote(1198)) - s1@group-6B63ABD76F1E: receive requestVote(ELECTION, s0, group-6B63ABD76F1E, 1, (t:0, i:0))
2022-07-22 17:36:16,412 [grpc-default-executor-3] INFO  impl.VoteContext (VoteContext.java:log(48)) - s2@group-6B63ABD76F1E-FOLLOWER: accept ELECTION from s0: our priority 0 <= candidate's priority 0
2022-07-22 17:36:16,414 [grpc-default-executor-2] INFO  impl.VoteContext (VoteContext.java:log(48)) - s1@group-6B63ABD76F1E-FOLLOWER: accept ELECTION from s0: our priority 0 <= candidate's priority 0
2022-07-22 17:36:16,414 [grpc-default-executor-2] INFO  server.RaftServer$Division (RaftServerImpl.java:setRole(301)) - s1@group-6B63ABD76F1E: changes role from  FOLLOWER to FOLLOWER at term 1 for candidate:s0
2022-07-22 17:36:16,414 [grpc-default-executor-3] INFO  server.RaftServer$Division (RaftServerImpl.java:setRole(301)) - s2@group-6B63ABD76F1E: changes role from  FOLLOWER to FOLLOWER at term 1 for candidate:s0
2022-07-22 17:36:16,414 [grpc-default-executor-2] INFO  impl.RoleInfo (RoleInfo.java:shutdownFollowerState(110)) - s1: shutdown s1@group-6B63ABD76F1E-FollowerState
2022-07-22 17:36:16,414 [grpc-default-executor-3] INFO  impl.RoleInfo (RoleInfo.java:shutdownFollowerState(110)) - s2: shutdown s2@group-6B63ABD76F1E-FollowerState
2022-07-22 17:36:16,414 [grpc-default-executor-2] INFO  impl.RoleInfo (RoleInfo.java:updateAndGet(139)) - s1: start s1@group-6B63ABD76F1E-FollowerState
2022-07-22 17:36:16,414 [s1@group-6B63ABD76F1E-FollowerState] INFO  impl.FollowerState (FollowerState.java:run(152)) - s1@group-6B63ABD76F1E-FollowerState was interrupted
2022-07-22 17:36:16,414 [s2@group-6B63ABD76F1E-FollowerState] INFO  impl.FollowerState (FollowerState.java:run(152)) - s2@group-6B63ABD76F1E-FollowerState was interrupted
2022-07-22 17:36:16,414 [grpc-default-executor-3] INFO  impl.RoleInfo (RoleInfo.java:updateAndGet(139)) - s2: start s2@group-6B63ABD76F1E-FollowerState
2022-07-22 17:36:16,417 [grpc-default-executor-2] INFO  server.RaftServer$Division (RaftServerImpl.java:requestVote(1231)) - s1@group-6B63ABD76F1E replies to ELECTION vote request: s0<-s1#0:OK-t1. Peer's state: s1@group-6B63ABD76F1E:t1, leader=null, voted=s0, raftlog=Memoized:s1@group-6B63ABD76F1E-SegmentedRaftLog:OPENED:c-1, conf=-1: peers:[s0|rpc:localhost:45007|admin:localhost:46801|client:localhost:44465|dataStream:localhost:37487|priority:0|startupRole:FOLLOWER, s1|rpc:localhost:46271|admin:localhost:33567|client:localhost:41473|dataStream:localhost:32893|priority:0|startupRole:FOLLOWER, s2|rpc:localhost:38411|admin:localhost:35847|client:localhost:45257|dataStream:localhost:33781|priority:0|startupRole:FOLLOWER]|listeners:[], old=null
2022-07-22 17:36:16,417 [s0@group-6B63ABD76F1E-LeaderElection3] INFO  impl.LeaderElection (LeaderElection.java:logAndReturn(90)) - s0@group-6B63ABD76F1E-LeaderElection3: ELECTION PASSED received 1 response(s) and 0 exception(s):
2022-07-22 17:36:16,417 [s0@group-6B63ABD76F1E-LeaderElection3] INFO  impl.LeaderElection (LeaderElection.java:logAndReturn(94)) -   Response 0: s0<-s1#0:OK-t1
2022-07-22 17:36:16,417 [s0@group-6B63ABD76F1E-LeaderElection3] INFO  impl.LeaderElection (LeaderElection.java:askForVotes(312)) - s0@group-6B63ABD76F1E-LeaderElection3 ELECTION round 0: result PASSED
2022-07-22 17:36:16,417 [s0@group-6B63ABD76F1E-LeaderElection3] INFO  impl.RoleInfo (RoleInfo.java:shutdownLeaderElection(130)) - s0: shutdown s0@group-6B63ABD76F1E-LeaderElection3
2022-07-22 17:36:16,417 [s0@group-6B63ABD76F1E-LeaderElection3] INFO  server.RaftServer$Division (RaftServerImpl.java:setRole(301)) - s0@group-6B63ABD76F1E: changes role from CANDIDATE to LEADER at term 1 for changeToLeader
2022-07-22 17:36:16,417 [s0@group-6B63ABD76F1E-LeaderElection3] INFO  server.RaftServer$Division (ServerState.java:setLeader(313)) - s0@group-6B63ABD76F1E: change Leader from null to s0 at term 1 for becomeLeader, leader elected after 301ms
2022-07-22 17:36:16,418 [s0@group-6B63ABD76F1E-LeaderElection3] INFO  server.RaftServerConfigKeys (ConfUtils.java:logGet(46)) - raft.server.staging.catchup.gap = 1000 (default)
2022-07-22 17:36:16,418 [s0@group-6B63ABD76F1E-LeaderElection3] INFO  server.RaftServerConfigKeys (ConfUtils.java:logGet(46)) - raft.server.write.element-limit = 4096 (default)
2022-07-22 17:36:16,418 [s0@group-6B63ABD76F1E-LeaderElection3] INFO  server.RaftServerConfigKeys (ConfUtils.java:logGet(46)) - raft.server.write.byte-limit = 64MB (=67108864) (default)
2022-07-22 17:36:16,418 [grpc-default-executor-3] INFO  server.RaftServer$Division (RaftServerImpl.java:requestVote(1231)) - s2@group-6B63ABD76F1E replies to ELECTION vote request: s0<-s2#0:OK-t1. Peer's state: s2@group-6B63ABD76F1E:t1, leader=null, voted=s0, raftlog=Memoized:s2@group-6B63ABD76F1E-SegmentedRaftLog:OPENED:c-1, conf=-1: peers:[s0|rpc:localhost:45007|admin:localhost:46801|client:localhost:44465|dataStream:localhost:37487|priority:0|startupRole:FOLLOWER, s1|rpc:localhost:46271|admin:localhost:33567|client:localhost:41473|dataStream:localhost:32893|priority:0|startupRole:FOLLOWER, s2|rpc:localhost:38411|admin:localhost:35847|client:localhost:45257|dataStream:localhost:33781|priority:0|startupRole:FOLLOWER]|listeners:[], old=null
2022-07-22 17:36:16,418 [s0@group-6B63ABD76F1E-LeaderElection3] INFO  server.RaftServerConfigKeys (ConfUtils.java:logGet(46)) - raft.server.watch.timeout = 10s (default)
2022-07-22 17:36:16,419 [s0@group-6B63ABD76F1E-LeaderElection3] INFO  server.RaftServerConfigKeys (ConfUtils.java:logGet(46)) - raft.server.watch.timeout.denomination = 1s (default)
2022-07-22 17:36:16,419 [s0@group-6B63ABD76F1E-LeaderElection3] INFO  server.RaftServerConfigKeys (ConfUtils.java:logGet(46)) - raft.server.watch.element-limit = 65536 (default)
2022-07-22 17:36:16,419 [s0@group-6B63ABD76F1E-LeaderElection3] INFO  server.RaftServerConfigKeys (ConfUtils.java:logGet(46)) - raft.server.write.element-limit = 4096 (default)
2022-07-22 17:36:16,419 [s0@group-6B63ABD76F1E-LeaderElection3] INFO  server.RaftServerConfigKeys (ConfUtils.java:logGet(46)) - raft.server.write.follower.gap.ratio.max = -1.0 (default)
2022-07-22 17:36:16,421 [s0@group-6B63ABD76F1E-LeaderElection3] INFO  server.RaftServerConfigKeys (ConfUtils.java:logGet(46)) - raft.server.log.appender.snapshot.chunk.size.max = 16MB (=16777216) (default)
2022-07-22 17:36:16,421 [s0@group-6B63ABD76F1E-LeaderElection3] INFO  server.RaftServerConfigKeys (ConfUtils.java:logGet(46)) - raft.server.log.appender.buffer.byte-limit = 4MB (=4194304) (default)
2022-07-22 17:36:16,421 [s0@group-6B63ABD76F1E-LeaderElection3] INFO  server.RaftServerConfigKeys (ConfUtils.java:logGet(46)) - raft.server.log.appender.buffer.element-limit = 0 (default)
2022-07-22 17:36:16,421 [s0@group-6B63ABD76F1E-LeaderElection3] INFO  grpc.GrpcConfigKeys (ConfUtils.java:logGet(46)) - raft.grpc.server.leader.outstanding.appends.max = 128 (default)
2022-07-22 17:36:16,421 [s0@group-6B63ABD76F1E-LeaderElection3] INFO  server.RaftServerConfigKeys (ConfUtils.java:logGet(46)) - raft.server.rpc.request.timeout = 3000ms (default)
2022-07-22 17:36:16,421 [s0@group-6B63ABD76F1E-LeaderElection3] INFO  server.RaftServerConfigKeys (ConfUtils.java:logGet(46)) - raft.server.log.appender.install.snapshot.enabled = true (default)
2022-07-22 17:36:16,421 [s0@group-6B63ABD76F1E-LeaderElection3] INFO  grpc.GrpcConfigKeys (ConfUtils.java:logGet(46)) - raft.grpc.server.heartbeat.channel = true (default)
2022-07-22 17:36:16,422 [s0@group-6B63ABD76F1E-LeaderElection3] INFO  server.RaftServerConfigKeys (ConfUtils.java:logGet(46)) - raft.server.log.appender.snapshot.chunk.size.max = 16MB (=16777216) (default)
2022-07-22 17:36:16,422 [s0@group-6B63ABD76F1E-LeaderElection3] INFO  server.RaftServerConfigKeys (ConfUtils.java:logGet(46)) - raft.server.log.appender.buffer.byte-limit = 4MB (=4194304) (default)
2022-07-22 17:36:16,422 [s0@group-6B63ABD76F1E-LeaderElection3] INFO  server.RaftServerConfigKeys (ConfUtils.java:logGet(46)) - raft.server.log.appender.buffer.element-limit = 0 (default)
2022-07-22 17:36:16,422 [s0@group-6B63ABD76F1E-LeaderElection3] INFO  grpc.GrpcConfigKeys (ConfUtils.java:logGet(46)) - raft.grpc.server.leader.outstanding.appends.max = 128 (default)
2022-07-22 17:36:16,422 [s0@group-6B63ABD76F1E-LeaderElection3] INFO  server.RaftServerConfigKeys (ConfUtils.java:logGet(46)) - raft.server.rpc.request.timeout = 3000ms (default)
2022-07-22 17:36:16,422 [s0@group-6B63ABD76F1E-LeaderElection3] INFO  server.RaftServerConfigKeys (ConfUtils.java:logGet(46)) - raft.server.log.appender.install.snapshot.enabled = true (default)
2022-07-22 17:36:16,422 [s0@group-6B63ABD76F1E-LeaderElection3] INFO  grpc.GrpcConfigKeys (ConfUtils.java:logGet(46)) - raft.grpc.server.heartbeat.channel = true (default)
2022-07-22 17:36:16,422 [s0@group-6B63ABD76F1E-LeaderElection3] INFO  impl.RoleInfo (RoleInfo.java:updateAndGet(139)) - s0: start s0@group-6B63ABD76F1E-LeaderStateImpl
2022-07-22 17:36:16,422 [s0@group-6B63ABD76F1E-LeaderElection3] INFO  segmented.SegmentedRaftLogWorker (SegmentedRaftLogWorker.java:startLogSegment(425)) - s0@group-6B63ABD76F1E-SegmentedRaftLogWorker: Starting segment from index:0
2022-07-22 17:36:16,436 [s0@group-6B63ABD76F1E-LeaderElection3] INFO  server.RaftServer$Division (ServerState.java:setRaftConf(429)) - s0@group-6B63ABD76F1E: set configuration 0: peers:[s0|rpc:localhost:45007|admin:localhost:46801|client:localhost:44465|dataStream:localhost:37487|priority:0|startupRole:FOLLOWER, s1|rpc:localhost:46271|admin:localhost:33567|client:localhost:41473|dataStream:localhost:32893|priority:0|startupRole:FOLLOWER, s2|rpc:localhost:38411|admin:localhost:35847|client:localhost:45257|dataStream:localhost:33781|priority:0|startupRole:FOLLOWER]|listeners:[], old=null
2022-07-22 17:36:16,436 [s0@group-6B63ABD76F1E-SegmentedRaftLogWorker] INFO  segmented.SegmentedRaftLogWorker (SegmentedRaftLogWorker.java:execute(629)) - s0@group-6B63ABD76F1E-SegmentedRaftLogWorker: created new log segment /home/runner/work/ratis/ratis/ratis-test/target/test/data/da1aeb91/MiniRaftClusterWithRpcTypeGrpcAndDataStreamTypeNettye2b889c1/s0/3afc5591-9416-45e5-9231-6b63abd76f1e/current/log_inprogress_0
2022-07-22 17:36:16,450 [s1-server-thread1] INFO  server.RaftServer$Division (ServerState.java:setLeader(313)) - s1@group-6B63ABD76F1E: change Leader from null to s0 at term 1 for appendEntries, leader elected after 320ms
2022-07-22 17:36:16,452 [s2-server-thread2] INFO  server.RaftServer$Division (ServerState.java:setLeader(313)) - s2@group-6B63ABD76F1E: change Leader from null to s0 at term 1 for appendEntries, leader elected after 309ms
2022-07-22 17:36:16,465 [s1-server-thread1] INFO  server.RaftServer$Division (ServerState.java:setRaftConf(429)) - s1@group-6B63ABD76F1E: set configuration 0: peers:[s0|rpc:localhost:45007|admin:localhost:46801|client:localhost:44465|dataStream:localhost:37487|priority:0|startupRole:FOLLOWER, s1|rpc:localhost:46271|admin:localhost:33567|client:localhost:41473|dataStream:localhost:32893|priority:0|startupRole:FOLLOWER, s2|rpc:localhost:38411|admin:localhost:35847|client:localhost:45257|dataStream:localhost:33781|priority:0|startupRole:FOLLOWER]|listeners:[], old=null
2022-07-22 17:36:16,465 [s1-server-thread1] INFO  segmented.SegmentedRaftLogWorker (SegmentedRaftLogWorker.java:startLogSegment(425)) - s1@group-6B63ABD76F1E-SegmentedRaftLogWorker: Starting segment from index:0
2022-07-22 17:36:16,470 [s2-server-thread1] INFO  server.RaftServer$Division (ServerState.java:setRaftConf(429)) - s2@group-6B63ABD76F1E: set configuration 0: peers:[s0|rpc:localhost:45007|admin:localhost:46801|client:localhost:44465|dataStream:localhost:37487|priority:0|startupRole:FOLLOWER, s1|rpc:localhost:46271|admin:localhost:33567|client:localhost:41473|dataStream:localhost:32893|priority:0|startupRole:FOLLOWER, s2|rpc:localhost:38411|admin:localhost:35847|client:localhost:45257|dataStream:localhost:33781|priority:0|startupRole:FOLLOWER]|listeners:[], old=null
2022-07-22 17:36:16,470 [s2-server-thread1] INFO  segmented.SegmentedRaftLogWorker (SegmentedRaftLogWorker.java:startLogSegment(425)) - s2@group-6B63ABD76F1E-SegmentedRaftLogWorker: Starting segment from index:0
2022-07-22 17:36:16,483 [s1@group-6B63ABD76F1E-SegmentedRaftLogWorker] INFO  segmented.SegmentedRaftLogWorker (SegmentedRaftLogWorker.java:execute(629)) - s1@group-6B63ABD76F1E-SegmentedRaftLogWorker: created new log segment /home/runner/work/ratis/ratis/ratis-test/target/test/data/da1aeb91/MiniRaftClusterWithRpcTypeGrpcAndDataStreamTypeNettye2b889c1/s1/3afc5591-9416-45e5-9231-6b63abd76f1e/current/log_inprogress_0
2022-07-22 17:36:16,484 [s2@group-6B63ABD76F1E-SegmentedRaftLogWorker] INFO  segmented.SegmentedRaftLogWorker (SegmentedRaftLogWorker.java:execute(629)) - s2@group-6B63ABD76F1E-SegmentedRaftLogWorker: created new log segment /home/runner/work/ratis/ratis/ratis-test/target/test/data/da1aeb91/MiniRaftClusterWithRpcTypeGrpcAndDataStreamTypeNettye2b889c1/s2/3afc5591-9416-45e5-9231-6b63abd76f1e/current/log_inprogress_0
2022-07-22 17:36:16,663 [Time-limited test] INFO  ratis.RaftTestUtil (RaftTestUtil.java:waitForLeader(119)) - printing ALL groups
  s0:  RUNNING    LEADER s0@group-6B63ABD76F1E:t1, leader=s0, voted=s0, raftlog=Memoized:s0@group-6B63ABD76F1E-SegmentedRaftLog:OPENED:c0, conf=0: peers:[s0|rpc:localhost:45007|admin:localhost:46801|client:localhost:44465|dataStream:localhost:37487|priority:0|startupRole:FOLLOWER, s1|rpc:localhost:46271|admin:localhost:33567|client:localhost:41473|dataStream:localhost:32893|priority:0|startupRole:FOLLOWER, s2|rpc:localhost:38411|admin:localhost:35847|client:localhost:45257|dataStream:localhost:33781|priority:0|startupRole:FOLLOWER]|listeners:[], old=null RUNNING
  s1:  RUNNING  FOLLOWER s1@group-6B63ABD76F1E:t1, leader=s0, voted=s0, raftlog=Memoized:s1@group-6B63ABD76F1E-SegmentedRaftLog:OPENED:c0, conf=0: peers:[s0|rpc:localhost:45007|admin:localhost:46801|client:localhost:44465|dataStream:localhost:37487|priority:0|startupRole:FOLLOWER, s1|rpc:localhost:46271|admin:localhost:33567|client:localhost:41473|dataStream:localhost:32893|priority:0|startupRole:FOLLOWER, s2|rpc:localhost:38411|admin:localhost:35847|client:localhost:45257|dataStream:localhost:33781|priority:0|startupRole:FOLLOWER]|listeners:[], old=null RUNNING
  s2:  RUNNING  FOLLOWER s2@group-6B63ABD76F1E:t1, leader=s0, voted=s0, raftlog=Memoized:s2@group-6B63ABD76F1E-SegmentedRaftLog:OPENED:c0, conf=0: peers:[s0|rpc:localhost:45007|admin:localhost:46801|client:localhost:44465|dataStream:localhost:37487|priority:0|startupRole:FOLLOWER, s1|rpc:localhost:46271|admin:localhost:33567|client:localhost:41473|dataStream:localhost:32893|priority:0|startupRole:FOLLOWER, s2|rpc:localhost:38411|admin:localhost:35847|client:localhost:45257|dataStream:localhost:33781|priority:0|startupRole:FOLLOWER]|listeners:[], old=null RUNNING
2022-07-22 17:36:16,664 [pool-9-thread-3] INFO  server.RaftServerConfigKeys (ConfUtils.java:logGet(46)) - raft.server.rpc.timeout.max = 300ms (default)
2022-07-22 17:36:16,664 [pool-9-thread-4] INFO  server.RaftServerConfigKeys (ConfUtils.java:logGet(46)) - raft.server.rpc.timeout.max = 300ms (default)
2022-07-22 17:36:16,666 [pool-9-thread-6] INFO  server.RaftServerConfigKeys (ConfUtils.java:logGet(46)) - raft.server.rpc.timeout.max = 300ms (default)
2022-07-22 17:36:16,664 [pool-9-thread-5] INFO  server.RaftServerConfigKeys (ConfUtils.java:logGet(46)) - raft.server.rpc.timeout.max = 300ms (default)
2022-07-22 17:36:16,670 [pool-9-thread-8] INFO  server.RaftServerConfigKeys (ConfUtils.java:logGet(46)) - raft.server.rpc.timeout.max = 300ms (default)
2022-07-22 17:36:16,672 [pool-9-thread-4] INFO  ratis.RaftTestUtil (RaftTestUtil.java:waitForLeader(100)) - printing ALL groups
  s0:  RUNNING    LEADER s0@group-6B63ABD76F1E:t1, leader=s0, voted=s0, raftlog=Memoized:s0@group-6B63ABD76F1E-SegmentedRaftLog:OPENED:c0, conf=0: peers:[s0|rpc:localhost:45007|admin:localhost:46801|client:localhost:44465|dataStream:localhost:37487|priority:0|startupRole:FOLLOWER, s1|rpc:localhost:46271|admin:localhost:33567|client:localhost:41473|dataStream:localhost:32893|priority:0|startupRole:FOLLOWER, s2|rpc:localhost:38411|admin:localhost:35847|client:localhost:45257|dataStream:localhost:33781|priority:0|startupRole:FOLLOWER]|listeners:[], old=null RUNNING
  s1:  RUNNING  FOLLOWER s1@group-6B63ABD76F1E:t1, leader=s0, voted=s0, raftlog=Memoized:s1@group-6B63ABD76F1E-SegmentedRaftLog:OPENED:c0, conf=0: peers:[s0|rpc:localhost:45007|admin:localhost:46801|client:localhost:44465|dataStream:localhost:37487|priority:0|startupRole:FOLLOWER, s1|rpc:localhost:46271|admin:localhost:33567|client:localhost:41473|dataStream:localhost:32893|priority:0|startupRole:FOLLOWER, s2|rpc:localhost:38411|admin:localhost:35847|client:localhost:45257|dataStream:localhost:33781|priority:0|startupRole:FOLLOWER]|listeners:[], old=null RUNNING
  s2:  RUNNING  FOLLOWER s2@group-6B63ABD76F1E:t1, leader=s0, voted=s0, raftlog=Memoized:s2@group-6B63ABD76F1E-SegmentedRaftLog:OPENED:c0, conf=0: peers:[s0|rpc:localhost:45007|admin:localhost:46801|client:localhost:44465|dataStream:localhost:37487|priority:0|startupRole:FOLLOWER, s1|rpc:localhost:46271|admin:localhost:33567|client:localhost:41473|dataStream:localhost:32893|priority:0|startupRole:FOLLOWER, s2|rpc:localhost:38411|admin:localhost:35847|client:localhost:45257|dataStream:localhost:33781|priority:0|startupRole:FOLLOWER]|listeners:[], old=null RUNNING
2022-07-22 17:36:16,672 [pool-9-thread-7] INFO  server.RaftServerConfigKeys (ConfUtils.java:logGet(46)) - raft.server.rpc.timeout.max = 300ms (default)
2022-07-22 17:36:16,672 [pool-9-thread-7] INFO  ratis.RaftTestUtil (RaftTestUtil.java:waitForLeader(100)) - printing ALL groups
  s0:  RUNNING    LEADER s0@group-6B63ABD76F1E:t1, leader=s0, voted=s0, raftlog=Memoized:s0@group-6B63ABD76F1E-SegmentedRaftLog:OPENED:c0, conf=0: peers:[s0|rpc:localhost:45007|admin:localhost:46801|client:localhost:44465|dataStream:localhost:37487|priority:0|startupRole:FOLLOWER, s1|rpc:localhost:46271|admin:localhost:33567|client:localhost:41473|dataStream:localhost:32893|priority:0|startupRole:FOLLOWER, s2|rpc:localhost:38411|admin:localhost:35847|client:localhost:45257|dataStream:localhost:33781|priority:0|startupRole:FOLLOWER]|listeners:[], old=null RUNNING
  s1:  RUNNING  FOLLOWER s1@group-6B63ABD76F1E:t1, leader=s0, voted=s0, raftlog=Memoized:s1@group-6B63ABD76F1E-SegmentedRaftLog:OPENED:c0, conf=0: peers:[s0|rpc:localhost:45007|admin:localhost:46801|client:localhost:44465|dataStream:localhost:37487|priority:0|startupRole:FOLLOWER, s1|rpc:localhost:46271|admin:localhost:33567|client:localhost:41473|dataStream:localhost:32893|priority:0|startupRole:FOLLOWER, s2|rpc:localhost:38411|admin:localhost:35847|client:localhost:45257|dataStream:localhost:33781|priority:0|startupRole:FOLLOWER]|listeners:[], old=null RUNNING
  s2:  RUNNING  FOLLOWER s2@group-6B63ABD76F1E:t1, leader=s0, voted=s0, raftlog=Memoized:s2@group-6B63ABD76F1E-SegmentedRaftLog:OPENED:c0, conf=0: peers:[s0|rpc:localhost:45007|admin:localhost:46801|client:localhost:44465|dataStream:localhost:37487|priority:0|startupRole:FOLLOWER, s1|rpc:localhost:46271|admin:localhost:33567|client:localhost:41473|dataStream:localhost:32893|priority:0|startupRole:FOLLOWER, s2|rpc:localhost:38411|admin:localhost:35847|client:localhost:45257|dataStream:localhost:33781|priority:0|startupRole:FOLLOWER]|listeners:[], old=null RUNNING
2022-07-22 17:36:16,672 [pool-9-thread-4] INFO  ratis.RaftTestUtil (RaftTestUtil.java:waitForLeader(119)) - printing ALL groups
  s0:  RUNNING    LEADER s0@group-6B63ABD76F1E:t1, leader=s0, voted=s0, raftlog=Memoized:s0@group-6B63ABD76F1E-SegmentedRaftLog:OPENED:c0, conf=0: peers:[s0|rpc:localhost:45007|admin:localhost:46801|client:localhost:44465|dataStream:localhost:37487|priority:0|startupRole:FOLLOWER, s1|rpc:localhost:46271|admin:localhost:33567|client:localhost:41473|dataStream:localhost:32893|priority:0|startupRole:FOLLOWER, s2|rpc:localhost:38411|admin:localhost:35847|client:localhost:45257|dataStream:localhost:33781|priority:0|startupRole:FOLLOWER]|listeners:[], old=null RUNNING
  s1:  RUNNING  FOLLOWER s1@group-6B63ABD76F1E:t1, leader=s0, voted=s0, raftlog=Memoized:s1@group-6B63ABD76F1E-SegmentedRaftLog:OPENED:c0, conf=0: peers:[s0|rpc:localhost:45007|admin:localhost:46801|client:localhost:44465|dataStream:localhost:37487|priority:0|startupRole:FOLLOWER, s1|rpc:localhost:46271|admin:localhost:33567|client:localhost:41473|dataStream:localhost:32893|priority:0|startupRole:FOLLOWER, s2|rpc:localhost:38411|admin:localhost:35847|client:localhost:45257|dataStream:localhost:33781|priority:0|startupRole:FOLLOWER]|listeners:[], old=null RUNNING
  s2:  RUNNING  FOLLOWER s2@group-6B63ABD76F1E:t1, leader=s0, voted=s0, raftlog=Memoized:s2@group-6B63ABD76F1E-SegmentedRaftLog:OPENED:c0, conf=0: peers:[s0|rpc:localhost:45007|admin:localhost:46801|client:localhost:44465|dataStream:localhost:37487|priority:0|startupRole:FOLLOWER, s1|rpc:localhost:46271|admin:localhost:33567|client:localhost:41473|dataStream:localhost:32893|priority:0|startupRole:FOLLOWER, s2|rpc:localhost:38411|admin:localhost:35847|client:localhost:45257|dataStream:localhost:33781|priority:0|startupRole:FOLLOWER]|listeners:[], old=null RUNNING
2022-07-22 17:36:16,673 [pool-9-thread-9] INFO  server.RaftServerConfigKeys (ConfUtils.java:logGet(46)) - raft.server.rpc.timeout.max = 300ms (default)
2022-07-22 17:36:16,673 [pool-9-thread-3] INFO  ratis.RaftTestUtil (RaftTestUtil.java:waitForLeader(100)) - printing ALL groups
  s0:  RUNNING    LEADER s0@group-6B63ABD76F1E:t1, leader=s0, voted=s0, raftlog=Memoized:s0@group-6B63ABD76F1E-SegmentedRaftLog:OPENED:c0, conf=0: peers:[s0|rpc:localhost:45007|admin:localhost:46801|client:localhost:44465|dataStream:localhost:37487|priority:0|startupRole:FOLLOWER, s1|rpc:localhost:46271|admin:localhost:33567|client:localhost:41473|dataStream:localhost:32893|priority:0|startupRole:FOLLOWER, s2|rpc:localhost:38411|admin:localhost:35847|client:localhost:45257|dataStream:localhost:33781|priority:0|startupRole:FOLLOWER]|listeners:[], old=null RUNNING
  s1:  RUNNING  FOLLOWER s1@group-6B63ABD76F1E:t1, leader=s0, voted=s0, raftlog=Memoized:s1@group-6B63ABD76F1E-SegmentedRaftLog:OPENED:c0, conf=0: peers:[s0|rpc:localhost:45007|admin:localhost:46801|client:localhost:44465|dataStream:localhost:37487|priority:0|startupRole:FOLLOWER, s1|rpc:localhost:46271|admin:localhost:33567|client:localhost:41473|dataStream:localhost:32893|priority:0|startupRole:FOLLOWER, s2|rpc:localhost:38411|admin:localhost:35847|client:localhost:45257|dataStream:localhost:33781|priority:0|startupRole:FOLLOWER]|listeners:[], old=null RUNNING
  s2:  RUNNING  FOLLOWER s2@group-6B63ABD76F1E:t1, leader=s0, voted=s0, raftlog=Memoized:s2@group-6B63ABD76F1E-SegmentedRaftLog:OPENED:c0, conf=0: peers:[s0|rpc:localhost:45007|admin:localhost:46801|client:localhost:44465|dataStream:localhost:37487|priority:0|startupRole:FOLLOWER, s1|rpc:localhost:46271|admin:localhost:33567|client:localhost:41473|dataStream:localhost:32893|priority:0|startupRole:FOLLOWER, s2|rpc:localhost:38411|admin:localhost:35847|client:localhost:45257|dataStream:localhost:33781|priority:0|startupRole:FOLLOWER]|listeners:[], old=null RUNNING
2022-07-22 17:36:16,675 [pool-9-thread-9] INFO  ratis.RaftTestUtil (RaftTestUtil.java:waitForLeader(100)) - printing ALL groups
  s0:  RUNNING    LEADER s0@group-6B63ABD76F1E:t1, leader=s0, voted=s0, raftlog=Memoized:s0@group-6B63ABD76F1E-SegmentedRaftLog:OPENED:c0, conf=0: peers:[s0|rpc:localhost:45007|admin:localhost:46801|client:localhost:44465|dataStream:localhost:37487|priority:0|startupRole:FOLLOWER, s1|rpc:localhost:46271|admin:localhost:33567|client:localhost:41473|dataStream:localhost:32893|priority:0|startupRole:FOLLOWER, s2|rpc:localhost:38411|admin:localhost:35847|client:localhost:45257|dataStream:localhost:33781|priority:0|startupRole:FOLLOWER]|listeners:[], old=null RUNNING
  s1:  RUNNING  FOLLOWER s1@group-6B63ABD76F1E:t1, leader=s0, voted=s0, raftlog=Memoized:s1@group-6B63ABD76F1E-SegmentedRaftLog:OPENED:c0, conf=0: peers:[s0|rpc:localhost:45007|admin:localhost:46801|client:localhost:44465|dataStream:localhost:37487|priority:0|startupRole:FOLLOWER, s1|rpc:localhost:46271|admin:localhost:33567|client:localhost:41473|dataStream:localhost:32893|priority:0|startupRole:FOLLOWER, s2|rpc:localhost:38411|admin:localhost:35847|client:localhost:45257|dataStream:localhost:33781|priority:0|startupRole:FOLLOWER]|listeners:[], old=null RUNNING
  s2:  RUNNING  FOLLOWER s2@group-6B63ABD76F1E:t1, leader=s0, voted=s0, raftlog=Memoized:s2@group-6B63ABD76F1E-SegmentedRaftLog:OPENED:c0, conf=0: peers:[s0|rpc:localhost:45007|admin:localhost:46801|client:localhost:44465|dataStream:localhost:37487|priority:0|startupRole:FOLLOWER, s1|rpc:localhost:46271|admin:localhost:33567|client:localhost:41473|dataStream:localhost:32893|priority:0|startupRole:FOLLOWER, s2|rpc:localhost:38411|admin:localhost:35847|client:localhost:45257|dataStream:localhost:33781|priority:0|startupRole:FOLLOWER]|listeners:[], old=null RUNNING
2022-07-22 17:36:16,675 [pool-9-thread-3] INFO  ratis.RaftTestUtil (RaftTestUtil.java:waitForLeader(119)) - printing ALL groups
  s0:  RUNNING    LEADER s0@group-6B63ABD76F1E:t1, leader=s0, voted=s0, raftlog=Memoized:s0@group-6B63ABD76F1E-SegmentedRaftLog:OPENED:c0, conf=0: peers:[s0|rpc:localhost:45007|admin:localhost:46801|client:localhost:44465|dataStream:localhost:37487|priority:0|startupRole:FOLLOWER, s1|rpc:localhost:46271|admin:localhost:33567|client:localhost:41473|dataStream:localhost:32893|priority:0|startupRole:FOLLOWER, s2|rpc:localhost:38411|admin:localhost:35847|client:localhost:45257|dataStream:localhost:33781|priority:0|startupRole:FOLLOWER]|listeners:[], old=null RUNNING
  s1:  RUNNING  FOLLOWER s1@group-6B63ABD76F1E:t1, leader=s0, voted=s0, raftlog=Memoized:s1@group-6B63ABD76F1E-SegmentedRaftLog:OPENED:c0, conf=0: peers:[s0|rpc:localhost:45007|admin:localhost:46801|client:localhost:44465|dataStream:localhost:37487|priority:0|startupRole:FOLLOWER, s1|rpc:localhost:46271|admin:localhost:33567|client:localhost:41473|dataStream:localhost:32893|priority:0|startupRole:FOLLOWER, s2|rpc:localhost:38411|admin:localhost:35847|client:localhost:45257|dataStream:localhost:33781|priority:0|startupRole:FOLLOWER]|listeners:[], old=null RUNNING
  s2:  RUNNING  FOLLOWER s2@group-6B63ABD76F1E:t1, leader=s0, voted=s0, raftlog=Memoized:s2@group-6B63ABD76F1E-SegmentedRaftLog:OPENED:c0, conf=0: peers:[s0|rpc:localhost:45007|admin:localhost:46801|client:localhost:44465|dataStream:localhost:37487|priority:0|startupRole:FOLLOWER, s1|rpc:localhost:46271|admin:localhost:33567|client:localhost:41473|dataStream:localhost:32893|priority:0|startupRole:FOLLOWER, s2|rpc:localhost:38411|admin:localhost:35847|client:localhost:45257|dataStream:localhost:33781|priority:0|startupRole:FOLLOWER]|listeners:[], old=null RUNNING
2022-07-22 17:36:16,676 [pool-9-thread-3] INFO  client.DataStreamClient (ConfUtils.java:logGet(46)) - raft.datastream.type = NETTY (custom)
2022-07-22 17:36:16,676 [pool-9-thread-3] INFO  netty.NettyConfigKeys$DataStream (ConfUtils.java:logGet(46)) - raft.netty.dataStream.client.tls.conf = null (default)
2022-07-22 17:36:16,676 [pool-9-thread-3] INFO  netty.NettyConfigKeys$DataStream (ConfUtils.java:logGet(46)) - raft.netty.dataStream.client.reply.queue.grace-period = 1s (default)
2022-07-22 17:36:16,677 [pool-9-thread-3] INFO  netty.NettyConfigKeys$DataStream (ConfUtils.java:logGet(46)) - raft.netty.dataStream.client.worker-group.share = false (default)
2022-07-22 17:36:16,677 [pool-9-thread-3] INFO  netty.NettyConfigKeys$DataStream (ConfUtils.java:logGet(46)) - raft.netty.dataStream.client.worker-group.size = 4 (default)
2022-07-22 17:36:16,673 [pool-9-thread-8] INFO  ratis.RaftTestUtil (RaftTestUtil.java:waitForLeader(100)) - printing ALL groups
  s0:  RUNNING    LEADER s0@group-6B63ABD76F1E:t1, leader=s0, voted=s0, raftlog=Memoized:s0@group-6B63ABD76F1E-SegmentedRaftLog:OPENED:c0, conf=0: peers:[s0|rpc:localhost:45007|admin:localhost:46801|client:localhost:44465|dataStream:localhost:37487|priority:0|startupRole:FOLLOWER, s1|rpc:localhost:46271|admin:localhost:33567|client:localhost:41473|dataStream:localhost:32893|priority:0|startupRole:FOLLOWER, s2|rpc:localhost:38411|admin:localhost:35847|client:localhost:45257|dataStream:localhost:33781|priority:0|startupRole:FOLLOWER]|listeners:[], old=null RUNNING
  s1:  RUNNING  FOLLOWER s1@group-6B63ABD76F1E:t1, leader=s0, voted=s0, raftlog=Memoized:s1@group-6B63ABD76F1E-SegmentedRaftLog:OPENED:c0, conf=0: peers:[s0|rpc:localhost:45007|admin:localhost:46801|client:localhost:44465|dataStream:localhost:37487|priority:0|startupRole:FOLLOWER, s1|rpc:localhost:46271|admin:localhost:33567|client:localhost:41473|dataStream:localhost:32893|priority:0|startupRole:FOLLOWER, s2|rpc:localhost:38411|admin:localhost:35847|client:localhost:45257|dataStream:localhost:33781|priority:0|startupRole:FOLLOWER]|listeners:[], old=null RUNNING
  s2:  RUNNING  FOLLOWER s2@group-6B63ABD76F1E:t1, leader=s0, voted=s0, raftlog=Memoized:s2@group-6B63ABD76F1E-SegmentedRaftLog:OPENED:c0, conf=0: peers:[s0|rpc:localhost:45007|admin:localhost:46801|client:localhost:44465|dataStream:localhost:37487|priority:0|startupRole:FOLLOWER, s1|rpc:localhost:46271|admin:localhost:33567|client:localhost:41473|dataStream:localhost:32893|priority:0|startupRole:FOLLOWER, s2|rpc:localhost:38411|admin:localhost:35847|client:localhost:45257|dataStream:localhost:33781|priority:0|startupRole:FOLLOWER]|listeners:[], old=null RUNNING
2022-07-22 17:36:16,673 [pool-9-thread-5] INFO  ratis.RaftTestUtil (RaftTestUtil.java:waitForLeader(100)) - printing ALL groups
  s0:  RUNNING    LEADER s0@group-6B63ABD76F1E:t1, leader=s0, voted=s0, raftlog=Memoized:s0@group-6B63ABD76F1E-SegmentedRaftLog:OPENED:c0, conf=0: peers:[s0|rpc:localhost:45007|admin:localhost:46801|client:localhost:44465|dataStream:localhost:37487|priority:0|startupRole:FOLLOWER, s1|rpc:localhost:46271|admin:localhost:33567|client:localhost:41473|dataStream:localhost:32893|priority:0|startupRole:FOLLOWER, s2|rpc:localhost:38411|admin:localhost:35847|client:localhost:45257|dataStream:localhost:33781|priority:0|startupRole:FOLLOWER]|listeners:[], old=null RUNNING
  s1:  RUNNING  FOLLOWER s1@group-6B63ABD76F1E:t1, leader=s0, voted=s0, raftlog=Memoized:s1@group-6B63ABD76F1E-SegmentedRaftLog:OPENED:c0, conf=0: peers:[s0|rpc:localhost:45007|admin:localhost:46801|client:localhost:44465|dataStream:localhost:37487|priority:0|startupRole:FOLLOWER, s1|rpc:localhost:46271|admin:localhost:33567|client:localhost:41473|dataStream:localhost:32893|priority:0|startupRole:FOLLOWER, s2|rpc:localhost:38411|admin:localhost:35847|client:localhost:45257|dataStream:localhost:33781|priority:0|startupRole:FOLLOWER]|listeners:[], old=null RUNNING
  s2:  RUNNING  FOLLOWER s2@group-6B63ABD76F1E:t1, leader=s0, voted=s0, raftlog=Memoized:s2@group-6B63ABD76F1E-SegmentedRaftLog:OPENED:c0, conf=0: peers:[s0|rpc:localhost:45007|admin:localhost:46801|client:localhost:44465|dataStream:localhost:37487|priority:0|startupRole:FOLLOWER, s1|rpc:localhost:46271|admin:localhost:33567|client:localhost:41473|dataStream:localhost:32893|priority:0|startupRole:FOLLOWER, s2|rpc:localhost:38411|admin:localhost:35847|client:localhost:45257|dataStream:localhost:33781|priority:0|startupRole:FOLLOWER]|listeners:[], old=null RUNNING
2022-07-22 17:36:16,673 [pool-9-thread-7] INFO  ratis.RaftTestUtil (RaftTestUtil.java:waitForLeader(119)) - printing ALL groups
  s0:  RUNNING    LEADER s0@group-6B63ABD76F1E:t1, leader=s0, voted=s0, raftlog=Memoized:s0@group-6B63ABD76F1E-SegmentedRaftLog:OPENED:c0, conf=0: peers:[s0|rpc:localhost:45007|admin:localhost:46801|client:localhost:44465|dataStream:localhost:37487|priority:0|startupRole:FOLLOWER, s1|rpc:localhost:46271|admin:localhost:33567|client:localhost:41473|dataStream:localhost:32893|priority:0|startupRole:FOLLOWER, s2|rpc:localhost:38411|admin:localhost:35847|client:localhost:45257|dataStream:localhost:33781|priority:0|startupRole:FOLLOWER]|listeners:[], old=null RUNNING
  s1:  RUNNING  FOLLOWER s1@group-6B63ABD76F1E:t1, leader=s0, voted=s0, raftlog=Memoized:s1@group-6B63ABD76F1E-SegmentedRaftLog:OPENED:c0, conf=0: peers:[s0|rpc:localhost:45007|admin:localhost:46801|client:localhost:44465|dataStream:localhost:37487|priority:0|startupRole:FOLLOWER, s1|rpc:localhost:46271|admin:localhost:33567|client:localhost:41473|dataStream:localhost:32893|priority:0|startupRole:FOLLOWER, s2|rpc:localhost:38411|admin:localhost:35847|client:localhost:45257|dataStream:localhost:33781|priority:0|startupRole:FOLLOWER]|listeners:[], old=null RUNNING
  s2:  RUNNING  FOLLOWER s2@group-6B63ABD76F1E:t1, leader=s0, voted=s0, raftlog=Memoized:s2@group-6B63ABD76F1E-SegmentedRaftLog:OPENED:c0, conf=0: peers:[s0|rpc:localhost:45007|admin:localhost:46801|client:localhost:44465|dataStream:localhost:37487|priority:0|startupRole:FOLLOWER, s1|rpc:localhost:46271|admin:localhost:33567|client:localhost:41473|dataStream:localhost:32893|priority:0|startupRole:FOLLOWER, s2|rpc:localhost:38411|admin:localhost:35847|client:localhost:45257|dataStream:localhost:33781|priority:0|startupRole:FOLLOWER]|listeners:[], old=null RUNNING
2022-07-22 17:36:16,681 [pool-9-thread-7] INFO  client.DataStreamClient (ConfUtils.java:logGet(46)) - raft.datastream.type = NETTY (custom)
2022-07-22 17:36:16,681 [pool-9-thread-7] INFO  netty.NettyConfigKeys$DataStream (ConfUtils.java:logGet(46)) - raft.netty.dataStream.client.tls.conf = null (default)
2022-07-22 17:36:16,681 [pool-9-thread-7] INFO  netty.NettyConfigKeys$DataStream (ConfUtils.java:logGet(46)) - raft.netty.dataStream.client.reply.queue.grace-period = 1s (default)
2022-07-22 17:36:16,682 [pool-9-thread-7] INFO  netty.NettyConfigKeys$DataStream (ConfUtils.java:logGet(46)) - raft.netty.dataStream.client.worker-group.share = false (default)
2022-07-22 17:36:16,682 [pool-9-thread-7] INFO  netty.NettyConfigKeys$DataStream (ConfUtils.java:logGet(46)) - raft.netty.dataStream.client.worker-group.size = 4 (default)
2022-07-22 17:36:16,673 [pool-9-thread-6] INFO  ratis.RaftTestUtil (RaftTestUtil.java:waitForLeader(100)) - printing ALL groups
  s0:  RUNNING    LEADER s0@group-6B63ABD76F1E:t1, leader=s0, voted=s0, raftlog=Memoized:s0@group-6B63ABD76F1E-SegmentedRaftLog:OPENED:c0, conf=0: peers:[s0|rpc:localhost:45007|admin:localhost:46801|client:localhost:44465|dataStream:localhost:37487|priority:0|startupRole:FOLLOWER, s1|rpc:localhost:46271|admin:localhost:33567|client:localhost:41473|dataStream:localhost:32893|priority:0|startupRole:FOLLOWER, s2|rpc:localhost:38411|admin:localhost:35847|client:localhost:45257|dataStream:localhost:33781|priority:0|startupRole:FOLLOWER]|listeners:[], old=null RUNNING
  s1:  RUNNING  FOLLOWER s1@group-6B63ABD76F1E:t1, leader=s0, voted=s0, raftlog=Memoized:s1@group-6B63ABD76F1E-SegmentedRaftLog:OPENED:c0, conf=0: peers:[s0|rpc:localhost:45007|admin:localhost:46801|client:localhost:44465|dataStream:localhost:37487|priority:0|startupRole:FOLLOWER, s1|rpc:localhost:46271|admin:localhost:33567|client:localhost:41473|dataStream:localhost:32893|priority:0|startupRole:FOLLOWER, s2|rpc:localhost:38411|admin:localhost:35847|client:localhost:45257|dataStream:localhost:33781|priority:0|startupRole:FOLLOWER]|listeners:[], old=null RUNNING
  s2:  RUNNING  FOLLOWER s2@group-6B63ABD76F1E:t1, leader=s0, voted=s0, raftlog=Memoized:s2@group-6B63ABD76F1E-SegmentedRaftLog:OPENED:c0, conf=0: peers:[s0|rpc:localhost:45007|admin:localhost:46801|client:localhost:44465|dataStream:localhost:37487|priority:0|startupRole:FOLLOWER, s1|rpc:localhost:46271|admin:localhost:33567|client:localhost:41473|dataStream:localhost:32893|priority:0|startupRole:FOLLOWER, s2|rpc:localhost:38411|admin:localhost:35847|client:localhost:45257|dataStream:localhost:33781|priority:0|startupRole:FOLLOWER]|listeners:[], old=null RUNNING
2022-07-22 17:36:16,676 [pool-9-thread-9] INFO  ratis.RaftTestUtil (RaftTestUtil.java:waitForLeader(119)) - printing ALL groups
  s0:  RUNNING    LEADER s0@group-6B63ABD76F1E:t1, leader=s0, voted=s0, raftlog=Memoized:s0@group-6B63ABD76F1E-SegmentedRaftLog:OPENED:c0, conf=0: peers:[s0|rpc:localhost:45007|admin:localhost:46801|client:localhost:44465|dataStream:localhost:37487|priority:0|startupRole:FOLLOWER, s1|rpc:localhost:46271|admin:localhost:33567|client:localhost:41473|dataStream:localhost:32893|priority:0|startupRole:FOLLOWER, s2|rpc:localhost:38411|admin:localhost:35847|client:localhost:45257|dataStream:localhost:33781|priority:0|startupRole:FOLLOWER]|listeners:[], old=null RUNNING
  s1:  RUNNING  FOLLOWER s1@group-6B63ABD76F1E:t1, leader=s0, voted=s0, raftlog=Memoized:s1@group-6B63ABD76F1E-SegmentedRaftLog:OPENED:c0, conf=0: peers:[s0|rpc:localhost:45007|admin:localhost:46801|client:localhost:44465|dataStream:localhost:37487|priority:0|startupRole:FOLLOWER, s1|rpc:localhost:46271|admin:localhost:33567|client:localhost:41473|dataStream:localhost:32893|priority:0|startupRole:FOLLOWER, s2|rpc:localhost:38411|admin:localhost:35847|client:localhost:45257|dataStream:localhost:33781|priority:0|startupRole:FOLLOWER]|listeners:[], old=null RUNNING
  s2:  RUNNING  FOLLOWER s2@group-6B63ABD76F1E:t1, leader=s0, voted=s0, raftlog=Memoized:s2@group-6B63ABD76F1E-SegmentedRaftLog:OPENED:c0, conf=0: peers:[s0|rpc:localhost:45007|admin:localhost:46801|client:localhost:44465|dataStream:localhost:37487|priority:0|startupRole:FOLLOWER, s1|rpc:localhost:46271|admin:localhost:33567|client:localhost:41473|dataStream:localhost:32893|priority:0|startupRole:FOLLOWER, s2|rpc:localhost:38411|admin:localhost:35847|client:localhost:45257|dataStream:localhost:33781|priority:0|startupRole:FOLLOWER]|listeners:[], old=null RUNNING
2022-07-22 17:36:16,674 [pool-9-thread-4] INFO  client.DataStreamClient (ConfUtils.java:logGet(46)) - raft.datastream.type = NETTY (custom)
2022-07-22 17:36:16,685 [pool-9-thread-6] INFO  ratis.RaftTestUtil (RaftTestUtil.java:waitForLeader(119)) - printing ALL groups
  s0:  RUNNING    LEADER s0@group-6B63ABD76F1E:t1, leader=s0, voted=s0, raftlog=Memoized:s0@group-6B63ABD76F1E-SegmentedRaftLog:OPENED:c0, conf=0: peers:[s0|rpc:localhost:45007|admin:localhost:46801|client:localhost:44465|dataStream:localhost:37487|priority:0|startupRole:FOLLOWER, s1|rpc:localhost:46271|admin:localhost:33567|client:localhost:41473|dataStream:localhost:32893|priority:0|startupRole:FOLLOWER, s2|rpc:localhost:38411|admin:localhost:35847|client:localhost:45257|dataStream:localhost:33781|priority:0|startupRole:FOLLOWER]|listeners:[], old=null RUNNING
  s1:  RUNNING  FOLLOWER s1@group-6B63ABD76F1E:t1, leader=s0, voted=s0, raftlog=Memoized:s1@group-6B63ABD76F1E-SegmentedRaftLog:OPENED:c0, conf=0: peers:[s0|rpc:localhost:45007|admin:localhost:46801|client:localhost:44465|dataStream:localhost:37487|priority:0|startupRole:FOLLOWER, s1|rpc:localhost:46271|admin:localhost:33567|client:localhost:41473|dataStream:localhost:32893|priority:0|startupRole:FOLLOWER, s2|rpc:localhost:38411|admin:localhost:35847|client:localhost:45257|dataStream:localhost:33781|priority:0|startupRole:FOLLOWER]|listeners:[], old=null RUNNING
  s2:  RUNNING  FOLLOWER s2@group-6B63ABD76F1E:t1, leader=s0, voted=s0, raftlog=Memoized:s2@group-6B63ABD76F1E-SegmentedRaftLog:OPENED:c0, conf=0: peers:[s0|rpc:localhost:45007|admin:localhost:46801|client:localhost:44465|dataStream:localhost:37487|priority:0|startupRole:FOLLOWER, s1|rpc:localhost:46271|admin:localhost:33567|client:localhost:41473|dataStream:localhost:32893|priority:0|startupRole:FOLLOWER, s2|rpc:localhost:38411|admin:localhost:35847|client:localhost:45257|dataStream:localhost:33781|priority:0|startupRole:FOLLOWER]|listeners:[], old=null RUNNING
2022-07-22 17:36:16,684 [pool-9-thread-8] INFO  ratis.RaftTestUtil (RaftTestUtil.java:waitForLeader(119)) - printing ALL groups
  s0:  RUNNING    LEADER s0@group-6B63ABD76F1E:t1, leader=s0, voted=s0, raftlog=Memoized:s0@group-6B63ABD76F1E-SegmentedRaftLog:OPENED:c0, conf=0: peers:[s0|rpc:localhost:45007|admin:localhost:46801|client:localhost:44465|dataStream:localhost:37487|priority:0|startupRole:FOLLOWER, s1|rpc:localhost:46271|admin:localhost:33567|client:localhost:41473|dataStream:localhost:32893|priority:0|startupRole:FOLLOWER, s2|rpc:localhost:38411|admin:localhost:35847|client:localhost:45257|dataStream:localhost:33781|priority:0|startupRole:FOLLOWER]|listeners:[], old=null RUNNING
  s1:  RUNNING  FOLLOWER s1@group-6B63ABD76F1E:t1, leader=s0, voted=s0, raftlog=Memoized:s1@group-6B63ABD76F1E-SegmentedRaftLog:OPENED:c0, conf=0: peers:[s0|rpc:localhost:45007|admin:localhost:46801|client:localhost:44465|dataStream:localhost:37487|priority:0|startupRole:FOLLOWER, s1|rpc:localhost:46271|admin:localhost:33567|client:localhost:41473|dataStream:localhost:32893|priority:0|startupRole:FOLLOWER, s2|rpc:localhost:38411|admin:localhost:35847|client:localhost:45257|dataStream:localhost:33781|priority:0|startupRole:FOLLOWER]|listeners:[], old=null RUNNING
  s2:  RUNNING  FOLLOWER s2@group-6B63ABD76F1E:t1, leader=s0, voted=s0, raftlog=Memoized:s2@group-6B63ABD76F1E-SegmentedRaftLog:OPENED:c0, conf=0: peers:[s0|rpc:localhost:45007|admin:localhost:46801|client:localhost:44465|dataStream:localhost:37487|priority:0|startupRole:FOLLOWER, s1|rpc:localhost:46271|admin:localhost:33567|client:localhost:41473|dataStream:localhost:32893|priority:0|startupRole:FOLLOWER, s2|rpc:localhost:38411|admin:localhost:35847|client:localhost:45257|dataStream:localhost:33781|priority:0|startupRole:FOLLOWER]|listeners:[], old=null RUNNING
2022-07-22 17:36:16,692 [pool-9-thread-6] INFO  client.DataStreamClient (ConfUtils.java:logGet(46)) - raft.datastream.type = NETTY (custom)
2022-07-22 17:36:16,684 [s1-NettyServerStreamRpc-bossGroup--thread1] INFO  logging.LoggingHandler (AbstractInternalLogger.java:log(148)) - [id: 0x812db263, L:/0.0.0.0:32893] READ: [id: 0xbb0412d7, L:/127.0.0.1:32893 - R:/127.0.0.1:45912]
2022-07-22 17:36:16,684 [pool-9-thread-5] INFO  ratis.RaftTestUtil (RaftTestUtil.java:waitForLeader(119)) - printing ALL groups
  s0:  RUNNING    LEADER s0@group-6B63ABD76F1E:t1, leader=s0, voted=s0, raftlog=Memoized:s0@group-6B63ABD76F1E-SegmentedRaftLog:OPENED:c0, conf=0: peers:[s0|rpc:localhost:45007|admin:localhost:46801|client:localhost:44465|dataStream:localhost:37487|priority:0|startupRole:FOLLOWER, s1|rpc:localhost:46271|admin:localhost:33567|client:localhost:41473|dataStream:localhost:32893|priority:0|startupRole:FOLLOWER, s2|rpc:localhost:38411|admin:localhost:35847|client:localhost:45257|dataStream:localhost:33781|priority:0|startupRole:FOLLOWER]|listeners:[], old=null RUNNING
  s1:  RUNNING  FOLLOWER s1@group-6B63ABD76F1E:t1, leader=s0, voted=s0, raftlog=Memoized:s1@group-6B63ABD76F1E-SegmentedRaftLog:OPENED:c0, conf=0: peers:[s0|rpc:localhost:45007|admin:localhost:46801|client:localhost:44465|dataStream:localhost:37487|priority:0|startupRole:FOLLOWER, s1|rpc:localhost:46271|admin:localhost:33567|client:localhost:41473|dataStream:localhost:32893|priority:0|startupRole:FOLLOWER, s2|rpc:localhost:38411|admin:localhost:35847|client:localhost:45257|dataStream:localhost:33781|priority:0|startupRole:FOLLOWER]|listeners:[], old=null RUNNING
  s2:  RUNNING  FOLLOWER s2@group-6B63ABD76F1E:t1, leader=s0, voted=s0, raftlog=Memoized:s2@group-6B63ABD76F1E-SegmentedRaftLog:OPENED:c0, conf=0: peers:[s0|rpc:localhost:45007|admin:localhost:46801|client:localhost:44465|dataStream:localhost:37487|priority:0|startupRole:FOLLOWER, s1|rpc:localhost:46271|admin:localhost:33567|client:localhost:41473|dataStream:localhost:32893|priority:0|startupRole:FOLLOWER, s2|rpc:localhost:38411|admin:localhost:35847|client:localhost:45257|dataStream:localhost:33781|priority:0|startupRole:FOLLOWER]|listeners:[], old=null RUNNING
2022-07-22 17:36:16,702 [pool-9-thread-5] INFO  client.DataStreamClient (ConfUtils.java:logGet(46)) - raft.datastream.type = NETTY (custom)
2022-07-22 17:36:16,702 [pool-9-thread-5] INFO  netty.NettyConfigKeys$DataStream (ConfUtils.java:logGet(46)) - raft.netty.dataStream.client.tls.conf = null (default)
2022-07-22 17:36:16,703 [pool-9-thread-5] INFO  netty.NettyConfigKeys$DataStream (ConfUtils.java:logGet(46)) - raft.netty.dataStream.client.reply.queue.grace-period = 1s (default)
2022-07-22 17:36:16,703 [pool-9-thread-5] INFO  netty.NettyConfigKeys$DataStream (ConfUtils.java:logGet(46)) - raft.netty.dataStream.client.worker-group.share = false (default)
2022-07-22 17:36:16,703 [pool-9-thread-5] INFO  netty.NettyConfigKeys$DataStream (ConfUtils.java:logGet(46)) - raft.netty.dataStream.client.worker-group.size = 4 (default)
2022-07-22 17:36:16,683 [pool-9-thread-9] INFO  client.DataStreamClient (ConfUtils.java:logGet(46)) - raft.datastream.type = NETTY (custom)
2022-07-22 17:36:16,704 [pool-9-thread-9] INFO  netty.NettyConfigKeys$DataStream (ConfUtils.java:logGet(46)) - raft.netty.dataStream.client.tls.conf = null (default)
2022-07-22 17:36:16,704 [pool-9-thread-9] INFO  netty.NettyConfigKeys$DataStream (ConfUtils.java:logGet(46)) - raft.netty.dataStream.client.reply.queue.grace-period = 1s (default)
2022-07-22 17:36:16,704 [pool-9-thread-9] INFO  netty.NettyConfigKeys$DataStream (ConfUtils.java:logGet(46)) - raft.netty.dataStream.client.worker-group.share = false (default)
2022-07-22 17:36:16,704 [pool-9-thread-9] INFO  netty.NettyConfigKeys$DataStream (ConfUtils.java:logGet(46)) - raft.netty.dataStream.client.worker-group.size = 4 (default)
2022-07-22 17:36:16,702 [pool-9-thread-6] INFO  netty.NettyConfigKeys$DataStream (ConfUtils.java:logGet(46)) - raft.netty.dataStream.client.tls.conf = null (default)
2022-07-22 17:36:16,705 [pool-9-thread-6] INFO  netty.NettyConfigKeys$DataStream (ConfUtils.java:logGet(46)) - raft.netty.dataStream.client.reply.queue.grace-period = 1s (default)
2022-07-22 17:36:16,705 [pool-9-thread-6] INFO  netty.NettyConfigKeys$DataStream (ConfUtils.java:logGet(46)) - raft.netty.dataStream.client.worker-group.share = false (default)
2022-07-22 17:36:16,705 [pool-9-thread-6] INFO  netty.NettyConfigKeys$DataStream (ConfUtils.java:logGet(46)) - raft.netty.dataStream.client.worker-group.size = 4 (default)
2022-07-22 17:36:16,705 [s1-NettyServerStreamRpc-bossGroup--thread1] INFO  logging.LoggingHandler (AbstractInternalLogger.java:log(148)) - [id: 0x812db263, L:/0.0.0.0:32893] READ COMPLETE
2022-07-22 17:36:16,699 [pool-9-thread-12] INFO  datastream.DataStreamTestUtils (DataStreamTestUtils.java:writeAndCloseAndAssertReplies(311)) - start Stream377
2022-07-22 17:36:16,699 [pool-9-thread-13] INFO  datastream.DataStreamTestUtils (DataStreamTestUtils.java:writeAndCloseAndAssertReplies(311)) - start Stream379
2022-07-22 17:36:16,706 [s1-NettyServerStreamRpc-bossGroup--thread1] INFO  logging.LoggingHandler (AbstractInternalLogger.java:log(148)) - [id: 0x812db263, L:/0.0.0.0:32893] READ: [id: 0x7a9a7663, L:/127.0.0.1:32893 - R:/127.0.0.1:45914]
2022-07-22 17:36:16,694 [pool-9-thread-11] INFO  datastream.DataStreamTestUtils (DataStreamTestUtils.java:writeAndCloseAndAssertReplies(311)) - start Stream378
2022-07-22 17:36:16,693 [pool-9-thread-10] INFO  datastream.DataStreamTestUtils (DataStreamTestUtils.java:writeAndCloseAndAssertReplies(311)) - start Stream376
2022-07-22 17:36:16,692 [pool-9-thread-8] INFO  client.DataStreamClient (ConfUtils.java:logGet(46)) - raft.datastream.type = NETTY (custom)
2022-07-22 17:36:16,708 [pool-9-thread-8] INFO  netty.NettyConfigKeys$DataStream (ConfUtils.java:logGet(46)) - raft.netty.dataStream.client.tls.conf = null (default)
2022-07-22 17:36:16,708 [pool-9-thread-8] INFO  netty.NettyConfigKeys$DataStream (ConfUtils.java:logGet(46)) - raft.netty.dataStream.client.reply.queue.grace-period = 1s (default)
2022-07-22 17:36:16,708 [pool-9-thread-8] INFO  netty.NettyConfigKeys$DataStream (ConfUtils.java:logGet(46)) - raft.netty.dataStream.client.worker-group.share = false (default)
2022-07-22 17:36:16,708 [pool-9-thread-8] INFO  netty.NettyConfigKeys$DataStream (ConfUtils.java:logGet(46)) - raft.netty.dataStream.client.worker-group.size = 4 (default)
2022-07-22 17:36:16,691 [pool-9-thread-4] INFO  netty.NettyConfigKeys$DataStream (ConfUtils.java:logGet(46)) - raft.netty.dataStream.client.tls.conf = null (default)
2022-07-22 17:36:16,709 [pool-9-thread-4] INFO  netty.NettyConfigKeys$DataStream (ConfUtils.java:logGet(46)) - raft.netty.dataStream.client.reply.queue.grace-period = 1s (default)
2022-07-22 17:36:16,709 [pool-9-thread-4] INFO  netty.NettyConfigKeys$DataStream (ConfUtils.java:logGet(46)) - raft.netty.dataStream.client.worker-group.share = false (default)
2022-07-22 17:36:16,709 [pool-9-thread-4] INFO  netty.NettyConfigKeys$DataStream (ConfUtils.java:logGet(46)) - raft.netty.dataStream.client.worker-group.size = 4 (default)
2022-07-22 17:36:16,714 [s1-NettyServerStreamRpc-workerGroup--thread1] INFO  client.DataStreamClient (ConfUtils.java:logGet(46)) - raft.datastream.type = NETTY (custom)
2022-07-22 17:36:16,715 [s1-NettyServerStreamRpc-workerGroup--thread1] INFO  netty.NettyConfigKeys$DataStream (ConfUtils.java:logGet(46)) - raft.netty.dataStream.client.tls.conf = null (default)
2022-07-22 17:36:16,715 [s1-NettyServerStreamRpc-workerGroup--thread1] INFO  netty.NettyConfigKeys$DataStream (ConfUtils.java:logGet(46)) - raft.netty.dataStream.client.reply.queue.grace-period = 1s (default)
2022-07-22 17:36:16,715 [s1-NettyServerStreamRpc-workerGroup--thread1] INFO  netty.NettyConfigKeys$DataStream (ConfUtils.java:logGet(46)) - raft.netty.dataStream.client.worker-group.share = false (default)
2022-07-22 17:36:16,715 [s1-NettyServerStreamRpc-workerGroup--thread1] INFO  netty.NettyConfigKeys$DataStream (ConfUtils.java:logGet(46)) - raft.netty.dataStream.client.worker-group.size = 4 (default)
2022-07-22 17:36:16,716 [s1-NettyServerStreamRpc-bossGroup--thread1] INFO  logging.LoggingHandler (AbstractInternalLogger.java:log(148)) - [id: 0x812db263, L:/0.0.0.0:32893] READ COMPLETE
2022-07-22 17:36:16,716 [pool-9-thread-15] INFO  datastream.DataStreamTestUtils (DataStreamTestUtils.java:writeAndCloseAndAssertReplies(311)) - start Stream381
2022-07-22 17:36:16,717 [s1-NettyServerStreamRpc-workerGroup--thread2] INFO  client.DataStreamClient (ConfUtils.java:logGet(46)) - raft.datastream.type = NETTY (custom)
2022-07-22 17:36:16,718 [s1-NettyServerStreamRpc-workerGroup--thread2] INFO  netty.NettyConfigKeys$DataStream (ConfUtils.java:logGet(46)) - raft.netty.dataStream.client.tls.conf = null (default)
2022-07-22 17:36:16,718 [s1-NettyServerStreamRpc-workerGroup--thread2] INFO  netty.NettyConfigKeys$DataStream (ConfUtils.java:logGet(46)) - raft.netty.dataStream.client.reply.queue.grace-period = 1s (default)
2022-07-22 17:36:16,718 [s1-NettyServerStreamRpc-workerGroup--thread2] INFO  netty.NettyConfigKeys$DataStream (ConfUtils.java:logGet(46)) - raft.netty.dataStream.client.worker-group.share = false (default)
2022-07-22 17:36:16,718 [s1-NettyServerStreamRpc-workerGroup--thread2] INFO  netty.NettyConfigKeys$DataStream (ConfUtils.java:logGet(46)) - raft.netty.dataStream.client.worker-group.size = 4 (default)
2022-07-22 17:36:16,719 [pool-9-thread-14] INFO  datastream.DataStreamTestUtils (DataStreamTestUtils.java:writeAndCloseAndAssertReplies(311)) - start Stream380
2022-07-22 17:36:16,720 [s0-NettyServerStreamRpc-bossGroup--thread1] INFO  logging.LoggingHandler (AbstractInternalLogger.java:log(148)) - [id: 0x4ee1b3e5, L:/0.0.0.0:37487] READ: [id: 0x40e417c3, L:/127.0.0.1:37487 - R:/127.0.0.1:37626]
2022-07-22 17:36:16,724 [s1-NettyServerStreamRpc-bossGroup--thread1] INFO  logging.LoggingHandler (AbstractInternalLogger.java:log(148)) - [id: 0x812db263, L:/0.0.0.0:32893] READ: [id: 0x42cb8872, L:/127.0.0.1:32893 - R:/127.0.0.1:45922]
2022-07-22 17:36:16,726 [s2-NettyServerStreamRpc-bossGroup--thread1] INFO  logging.LoggingHandler (AbstractInternalLogger.java:log(148)) - [id: 0x46ea492a, L:/0.0.0.0:33781] READ: [id: 0x26237aa2, L:/127.0.0.1:33781 - R:/127.0.0.1:35450]
2022-07-22 17:36:16,728 [s1-NettyServerStreamRpc-bossGroup--thread1] INFO  logging.LoggingHandler (AbstractInternalLogger.java:log(148)) - [id: 0x812db263, L:/0.0.0.0:32893] READ COMPLETE
2022-07-22 17:36:16,728 [s1-NettyServerStreamRpc-workerGroup--thread3] INFO  client.DataStreamClient (ConfUtils.java:logGet(46)) - raft.datastream.type = NETTY (custom)
2022-07-22 17:36:16,728 [s1-NettyServerStreamRpc-workerGroup--thread3] INFO  netty.NettyConfigKeys$DataStream (ConfUtils.java:logGet(46)) - raft.netty.dataStream.client.tls.conf = null (default)
2022-07-22 17:36:16,728 [s1-NettyServerStreamRpc-workerGroup--thread3] INFO  netty.NettyConfigKeys$DataStream (ConfUtils.java:logGet(46)) - raft.netty.dataStream.client.reply.queue.grace-period = 1s (default)
2022-07-22 17:36:16,729 [s1-NettyServerStreamRpc-workerGroup--thread3] INFO  netty.NettyConfigKeys$DataStream (ConfUtils.java:logGet(46)) - raft.netty.dataStream.client.worker-group.share = false (default)
2022-07-22 17:36:16,729 [s1-NettyServerStreamRpc-workerGroup--thread3] INFO  netty.NettyConfigKeys$DataStream (ConfUtils.java:logGet(46)) - raft.netty.dataStream.client.worker-group.size = 4 (default)
2022-07-22 17:36:16,730 [pool-9-thread-16] INFO  datastream.DataStreamTestUtils (DataStreamTestUtils.java:writeAndCloseAndAssertReplies(311)) - start Stream384
2022-07-22 17:36:16,731 [s0-NettyServerStreamRpc-bossGroup--thread1] INFO  logging.LoggingHandler (AbstractInternalLogger.java:log(148)) - [id: 0x4ee1b3e5, L:/0.0.0.0:37487] READ COMPLETE
2022-07-22 17:36:16,732 [s0-NettyServerStreamRpc-bossGroup--thread1] INFO  logging.LoggingHandler (AbstractInternalLogger.java:log(148)) - [id: 0x4ee1b3e5, L:/0.0.0.0:37487] READ: [id: 0xaa0bd7fb, L:/127.0.0.1:37487 - R:/127.0.0.1:37628]
2022-07-22 17:36:16,732 [s0-NettyServerStreamRpc-workerGroup--thread1] INFO  client.DataStreamClient (ConfUtils.java:logGet(46)) - raft.datastream.type = NETTY (custom)
2022-07-22 17:36:16,732 [s0-NettyServerStreamRpc-workerGroup--thread1] INFO  netty.NettyConfigKeys$DataStream (ConfUtils.java:logGet(46)) - raft.netty.dataStream.client.tls.conf = null (default)
2022-07-22 17:36:16,732 [s0-NettyServerStreamRpc-workerGroup--thread1] INFO  netty.NettyConfigKeys$DataStream (ConfUtils.java:logGet(46)) - raft.netty.dataStream.client.reply.queue.grace-period = 1s (default)
2022-07-22 17:36:16,733 [s0-NettyServerStreamRpc-workerGroup--thread1] INFO  netty.NettyConfigKeys$DataStream (ConfUtils.java:logGet(46)) - raft.netty.dataStream.client.worker-group.share = false (default)
2022-07-22 17:36:16,733 [s0-NettyServerStreamRpc-workerGroup--thread1] INFO  netty.NettyConfigKeys$DataStream (ConfUtils.java:logGet(46)) - raft.netty.dataStream.client.worker-group.size = 4 (default)
2022-07-22 17:36:16,744 [s1-NettyServerStreamRpc-workerGroup--thread1] INFO  client.DataStreamClient (ConfUtils.java:logGet(46)) - raft.datastream.type = NETTY (custom)
2022-07-22 17:36:16,744 [s1-NettyServerStreamRpc-workerGroup--thread1] INFO  netty.NettyConfigKeys$DataStream (ConfUtils.java:logGet(46)) - raft.netty.dataStream.client.tls.conf = null (default)
2022-07-22 17:36:16,744 [s1-NettyServerStreamRpc-workerGroup--thread1] INFO  netty.NettyConfigKeys$DataStream (ConfUtils.java:logGet(46)) - raft.netty.dataStream.client.reply.queue.grace-period = 1s (default)
2022-07-22 17:36:16,744 [s1-NettyServerStreamRpc-workerGroup--thread1] INFO  netty.NettyConfigKeys$DataStream (ConfUtils.java:logGet(46)) - raft.netty.dataStream.client.worker-group.share = false (default)
2022-07-22 17:36:16,744 [s1-NettyServerStreamRpc-workerGroup--thread1] INFO  netty.NettyConfigKeys$DataStream (ConfUtils.java:logGet(46)) - raft.netty.dataStream.client.worker-group.size = 4 (default)
2022-07-22 17:36:16,745 [s2-NettyServerStreamRpc-bossGroup--thread1] INFO  logging.LoggingHandler (AbstractInternalLogger.java:log(148)) - [id: 0x46ea492a, L:/0.0.0.0:33781] READ COMPLETE
2022-07-22 17:36:16,747 [s2-NettyServerStreamRpc-workerGroup--thread1] INFO  client.DataStreamClient (ConfUtils.java:logGet(46)) - raft.datastream.type = NETTY (custom)
2022-07-22 17:36:16,747 [s2-NettyServerStreamRpc-workerGroup--thread1] INFO  netty.NettyConfigKeys$DataStream (ConfUtils.java:logGet(46)) - raft.netty.dataStream.client.tls.conf = null (default)
2022-07-22 17:36:16,747 [s2-NettyServerStreamRpc-workerGroup--thread1] INFO  netty.NettyConfigKeys$DataStream (ConfUtils.java:logGet(46)) - raft.netty.dataStream.client.reply.queue.grace-period = 1s (default)
2022-07-22 17:36:16,747 [s2-NettyServerStreamRpc-workerGroup--thread1] INFO  netty.NettyConfigKeys$DataStream (ConfUtils.java:logGet(46)) - raft.netty.dataStream.client.worker-group.share = false (default)
2022-07-22 17:36:16,747 [s2-NettyServerStreamRpc-workerGroup--thread1] INFO  netty.NettyConfigKeys$DataStream (ConfUtils.java:logGet(46)) - raft.netty.dataStream.client.worker-group.size = 4 (default)
2022-07-22 17:36:16,751 [s1-NettyServerStreamRpc-workerGroup--thread2] INFO  client.DataStreamClient (ConfUtils.java:logGet(46)) - raft.datastream.type = NETTY (custom)
2022-07-22 17:36:16,751 [s1-NettyServerStreamRpc-workerGroup--thread2] INFO  netty.NettyConfigKeys$DataStream (ConfUtils.java:logGet(46)) - raft.netty.dataStream.client.tls.conf = null (default)
2022-07-22 17:36:16,751 [s1-NettyServerStreamRpc-workerGroup--thread2] INFO  netty.NettyConfigKeys$DataStream (ConfUtils.java:logGet(46)) - raft.netty.dataStream.client.reply.queue.grace-period = 1s (default)
2022-07-22 17:36:16,751 [s1-NettyServerStreamRpc-workerGroup--thread2] INFO  netty.NettyConfigKeys$DataStream (ConfUtils.java:logGet(46)) - raft.netty.dataStream.client.worker-group.share = false (default)
2022-07-22 17:36:16,751 [s1-NettyServerStreamRpc-workerGroup--thread2] INFO  netty.NettyConfigKeys$DataStream (ConfUtils.java:logGet(46)) - raft.netty.dataStream.client.worker-group.size = 4 (default)
2022-07-22 17:36:16,753 [s2-NettyServerStreamRpc-bossGroup--thread1] INFO  logging.LoggingHandler (AbstractInternalLogger.java:log(148)) - [id: 0x46ea492a, L:/0.0.0.0:33781] READ: [id: 0xb0cf317e, L:/127.0.0.1:33781 - R:/127.0.0.1:35460]
2022-07-22 17:36:16,753 [s0-NettyServerStreamRpc-bossGroup--thread1] INFO  logging.LoggingHandler (AbstractInternalLogger.java:log(148)) - [id: 0x4ee1b3e5, L:/0.0.0.0:37487] READ: [id: 0x91219cf4, L:/127.0.0.1:37487 - R:/127.0.0.1:37630]
2022-07-22 17:36:16,754 [s0-NettyServerStreamRpc-workerGroup--thread2] INFO  client.DataStreamClient (ConfUtils.java:logGet(46)) - raft.datastream.type = NETTY (custom)
2022-07-22 17:36:16,754 [s0-NettyServerStreamRpc-workerGroup--thread2] INFO  netty.NettyConfigKeys$DataStream (ConfUtils.java:logGet(46)) - raft.netty.dataStream.client.tls.conf = null (default)
2022-07-22 17:36:16,754 [s0-NettyServerStreamRpc-workerGroup--thread2] INFO  netty.NettyConfigKeys$DataStream (ConfUtils.java:logGet(46)) - raft.netty.dataStream.client.reply.queue.grace-period = 1s (default)
2022-07-22 17:36:16,754 [s0-NettyServerStreamRpc-workerGroup--thread2] INFO  netty.NettyConfigKeys$DataStream (ConfUtils.java:logGet(46)) - raft.netty.dataStream.client.worker-group.share = false (default)
2022-07-22 17:36:16,754 [s0-NettyServerStreamRpc-workerGroup--thread2] INFO  netty.NettyConfigKeys$DataStream (ConfUtils.java:logGet(46)) - raft.netty.dataStream.client.worker-group.size = 4 (default)
2022-07-22 17:36:16,755 [s0-NettyServerStreamRpc-bossGroup--thread1] INFO  logging.LoggingHandler (AbstractInternalLogger.java:log(148)) - [id: 0x4ee1b3e5, L:/0.0.0.0:37487] READ: [id: 0x3b1d6545, L:/127.0.0.1:37487 - R:/127.0.0.1:37636]
2022-07-22 17:36:16,755 [s0-NettyServerStreamRpc-workerGroup--thread3] INFO  client.DataStreamClient (ConfUtils.java:logGet(46)) - raft.datastream.type = NETTY (custom)
2022-07-22 17:36:16,755 [s0-NettyServerStreamRpc-workerGroup--thread3] INFO  netty.NettyConfigKeys$DataStream (ConfUtils.java:logGet(46)) - raft.netty.dataStream.client.tls.conf = null (default)
2022-07-22 17:36:16,756 [s0-NettyServerStreamRpc-workerGroup--thread3] INFO  netty.NettyConfigKeys$DataStream (ConfUtils.java:logGet(46)) - raft.netty.dataStream.client.reply.queue.grace-period = 1s (default)
2022-07-22 17:36:16,756 [s0-NettyServerStreamRpc-workerGroup--thread3] INFO  netty.NettyConfigKeys$DataStream (ConfUtils.java:logGet(46)) - raft.netty.dataStream.client.worker-group.share = false (default)
2022-07-22 17:36:16,756 [s0-NettyServerStreamRpc-workerGroup--thread3] INFO  netty.NettyConfigKeys$DataStream (ConfUtils.java:logGet(46)) - raft.netty.dataStream.client.worker-group.size = 4 (default)
2022-07-22 17:36:16,756 [s0-NettyServerStreamRpc-bossGroup--thread1] INFO  logging.LoggingHandler (AbstractInternalLogger.java:log(148)) - [id: 0x4ee1b3e5, L:/0.0.0.0:37487] READ COMPLETE
2022-07-22 17:36:16,756 [s0-NettyServerStreamRpc-bossGroup--thread1] INFO  logging.LoggingHandler (AbstractInternalLogger.java:log(148)) - [id: 0x4ee1b3e5, L:/0.0.0.0:37487] READ: [id: 0x39326bb2, L:/127.0.0.1:37487 - R:/127.0.0.1:37638]
2022-07-22 17:36:16,756 [s0-NettyServerStreamRpc-bossGroup--thread1] INFO  logging.LoggingHandler (AbstractInternalLogger.java:log(148)) - [id: 0x4ee1b3e5, L:/0.0.0.0:37487] READ: [id: 0xd8fc6e27, L:/127.0.0.1:37487 - R:/127.0.0.1:37640]
2022-07-22 17:36:16,757 [s0-NettyServerStreamRpc-bossGroup--thread1] INFO  logging.LoggingHandler (AbstractInternalLogger.java:log(148)) - [id: 0x4ee1b3e5, L:/0.0.0.0:37487] READ: [id: 0x58bae020, L:/127.0.0.1:37487 - R:/127.0.0.1:37642]
2022-07-22 17:36:16,757 [s0-NettyServerStreamRpc-bossGroup--thread1] INFO  logging.LoggingHandler (AbstractInternalLogger.java:log(148)) - [id: 0x4ee1b3e5, L:/0.0.0.0:37487] READ COMPLETE
2022-07-22 17:36:16,758 [s0-NettyServerStreamRpc-bossGroup--thread1] INFO  logging.LoggingHandler (AbstractInternalLogger.java:log(148)) - [id: 0x4ee1b3e5, L:/0.0.0.0:37487] READ: [id: 0xdbd5d549, L:/127.0.0.1:37487 - R:/127.0.0.1:37646]
2022-07-22 17:36:16,758 [s0-NettyServerStreamRpc-bossGroup--thread1] INFO  logging.LoggingHandler (AbstractInternalLogger.java:log(148)) - [id: 0x4ee1b3e5, L:/0.0.0.0:37487] READ COMPLETE
2022-07-22 17:36:16,759 [s0-NettyServerStreamRpc-bossGroup--thread1] INFO  logging.LoggingHandler (AbstractInternalLogger.java:log(148)) - [id: 0x4ee1b3e5, L:/0.0.0.0:37487] READ: [id: 0xc5673786, L:/127.0.0.1:37487 - R:/127.0.0.1:37648]
2022-07-22 17:36:16,759 [s0-NettyServerStreamRpc-bossGroup--thread1] INFO  logging.LoggingHandler (AbstractInternalLogger.java:log(148)) - [id: 0x4ee1b3e5, L:/0.0.0.0:37487] READ COMPLETE
2022-07-22 17:36:16,760 [s1-NettyServerStreamRpc-workerGroup--thread3] INFO  client.DataStreamClient (ConfUtils.java:logGet(46)) - raft.datastream.type = NETTY (custom)
2022-07-22 17:36:16,760 [s1-NettyServerStreamRpc-workerGroup--thread3] INFO  netty.NettyConfigKeys$DataStream (ConfUtils.java:logGet(46)) - raft.netty.dataStream.client.tls.conf = null (default)
2022-07-22 17:36:16,760 [s1-NettyServerStreamRpc-workerGroup--thread3] INFO  netty.NettyConfigKeys$DataStream (ConfUtils.java:logGet(46)) - raft.netty.dataStream.client.reply.queue.grace-period = 1s (default)
2022-07-22 17:36:16,760 [s1-NettyServerStreamRpc-workerGroup--thread3] INFO  netty.NettyConfigKeys$DataStream (ConfUtils.java:logGet(46)) - raft.netty.dataStream.client.worker-group.share = false (default)
2022-07-22 17:36:16,760 [s1-NettyServerStreamRpc-workerGroup--thread3] INFO  netty.NettyConfigKeys$DataStream (ConfUtils.java:logGet(46)) - raft.netty.dataStream.client.worker-group.size = 4 (default)
2022-07-22 17:36:16,762 [s1-NettyServerStreamRpc-bossGroup--thread1] INFO  logging.LoggingHandler (AbstractInternalLogger.java:log(148)) - [id: 0x812db263, L:/0.0.0.0:32893] READ: [id: 0x9ee0ee4d, L:/127.0.0.1:32893 - R:/127.0.0.1:45940]
2022-07-22 17:36:16,762 [s2-NettyServerStreamRpc-workerGroup--thread1] INFO  client.DataStreamClient (ConfUtils.java:logGet(46)) - raft.datastream.type = NETTY (custom)
2022-07-22 17:36:16,762 [s2-NettyServerStreamRpc-workerGroup--thread1] INFO  netty.NettyConfigKeys$DataStream (ConfUtils.java:logGet(46)) - raft.netty.dataStream.client.tls.conf = null (default)
2022-07-22 17:36:16,762 [s2-NettyServerStreamRpc-workerGroup--thread1] INFO  netty.NettyConfigKeys$DataStream (ConfUtils.java:logGet(46)) - raft.netty.dataStream.client.reply.queue.grace-period = 1s (default)
2022-07-22 17:36:16,762 [s2-NettyServerStreamRpc-workerGroup--thread1] INFO  netty.NettyConfigKeys$DataStream (ConfUtils.java:logGet(46)) - raft.netty.dataStream.client.worker-group.share = false (default)
2022-07-22 17:36:16,762 [s2-NettyServerStreamRpc-workerGroup--thread1] INFO  netty.NettyConfigKeys$DataStream (ConfUtils.java:logGet(46)) - raft.netty.dataStream.client.worker-group.size = 4 (default)
2022-07-22 17:36:16,764 [s1-NettyServerStreamRpc-bossGroup--thread1] INFO  logging.LoggingHandler (AbstractInternalLogger.java:log(148)) - [id: 0x812db263, L:/0.0.0.0:32893] READ COMPLETE
2022-07-22 17:36:16,774 [s1-NettyServerStreamRpc-bossGroup--thread1] INFO  logging.LoggingHandler (AbstractInternalLogger.java:log(148)) - [id: 0x812db263, L:/0.0.0.0:32893] READ: [id: 0x859053ec, L:/127.0.0.1:32893 - R:/127.0.0.1:45942]
2022-07-22 17:36:16,774 [s1-NettyServerStreamRpc-bossGroup--thread1] INFO  logging.LoggingHandler (AbstractInternalLogger.java:log(148)) - [id: 0x812db263, L:/0.0.0.0:32893] READ COMPLETE
2022-07-22 17:36:16,775 [s0-NettyServerStreamRpc-workerGroup--thread1] INFO  client.DataStreamClient (ConfUtils.java:logGet(46)) - raft.datastream.type = NETTY (custom)
2022-07-22 17:36:16,775 [s0-NettyServerStreamRpc-workerGroup--thread1] INFO  netty.NettyConfigKeys$DataStream (ConfUtils.java:logGet(46)) - raft.netty.dataStream.client.tls.conf = null (default)
2022-07-22 17:36:16,775 [s0-NettyServerStreamRpc-workerGroup--thread1] INFO  netty.NettyConfigKeys$DataStream (ConfUtils.java:logGet(46)) - raft.netty.dataStream.client.reply.queue.grace-period = 1s (default)
2022-07-22 17:36:16,775 [s0-NettyServerStreamRpc-workerGroup--thread1] INFO  netty.NettyConfigKeys$DataStream (ConfUtils.java:logGet(46)) - raft.netty.dataStream.client.worker-group.share = false (default)
2022-07-22 17:36:16,775 [s0-NettyServerStreamRpc-workerGroup--thread1] INFO  netty.NettyConfigKeys$DataStream (ConfUtils.java:logGet(46)) - raft.netty.dataStream.client.worker-group.size = 4 (default)
2022-07-22 17:36:16,776 [s2-NettyServerStreamRpc-bossGroup--thread1] INFO  logging.LoggingHandler (AbstractInternalLogger.java:log(148)) - [id: 0x46ea492a, L:/0.0.0.0:33781] READ COMPLETE
2022-07-22 17:36:16,776 [s0-NettyServerStreamRpc-workerGroup--thread2] INFO  client.DataStreamClient (ConfUtils.java:logGet(46)) - raft.datastream.type = NETTY (custom)
2022-07-22 17:36:16,777 [s0-NettyServerStreamRpc-workerGroup--thread2] INFO  netty.NettyConfigKeys$DataStream (ConfUtils.java:logGet(46)) - raft.netty.dataStream.client.tls.conf = null (default)
2022-07-22 17:36:16,777 [s0-NettyServerStreamRpc-workerGroup--thread2] INFO  netty.NettyConfigKeys$DataStream (ConfUtils.java:logGet(46)) - raft.netty.dataStream.client.reply.queue.grace-period = 1s (default)
2022-07-22 17:36:16,777 [s0-NettyServerStreamRpc-workerGroup--thread2] INFO  netty.NettyConfigKeys$DataStream (ConfUtils.java:logGet(46)) - raft.netty.dataStream.client.worker-group.share = false (default)
2022-07-22 17:36:16,777 [s0-NettyServerStreamRpc-workerGroup--thread2] INFO  netty.NettyConfigKeys$DataStream (ConfUtils.java:logGet(46)) - raft.netty.dataStream.client.worker-group.size = 4 (default)
2022-07-22 17:36:16,778 [s0-NettyServerStreamRpc-workerGroup--thread4] INFO  client.DataStreamClient (ConfUtils.java:logGet(46)) - raft.datastream.type = NETTY (custom)
2022-07-22 17:36:16,778 [s0-NettyServerStreamRpc-workerGroup--thread4] INFO  netty.NettyConfigKeys$DataStream (ConfUtils.java:logGet(46)) - raft.netty.dataStream.client.tls.conf = null (default)
2022-07-22 17:36:16,778 [s0-NettyServerStreamRpc-workerGroup--thread4] INFO  netty.NettyConfigKeys$DataStream (ConfUtils.java:logGet(46)) - raft.netty.dataStream.client.reply.queue.grace-period = 1s (default)
2022-07-22 17:36:16,778 [s0-NettyServerStreamRpc-workerGroup--thread4] INFO  netty.NettyConfigKeys$DataStream (ConfUtils.java:logGet(46)) - raft.netty.dataStream.client.worker-group.share = false (default)
2022-07-22 17:36:16,778 [s0-NettyServerStreamRpc-workerGroup--thread4] INFO  netty.NettyConfigKeys$DataStream (ConfUtils.java:logGet(46)) - raft.netty.dataStream.client.worker-group.size = 4 (default)
2022-07-22 17:36:16,782 [s1-NettyServerStreamRpc-workerGroup--thread4] INFO  client.DataStreamClient (ConfUtils.java:logGet(46)) - raft.datastream.type = NETTY (custom)
2022-07-22 17:36:16,783 [s1-NettyServerStreamRpc-workerGroup--thread4] INFO  netty.NettyConfigKeys$DataStream (ConfUtils.java:logGet(46)) - raft.netty.dataStream.client.tls.conf = null (default)
2022-07-22 17:36:16,783 [s1-NettyServerStreamRpc-workerGroup--thread4] INFO  netty.NettyConfigKeys$DataStream (ConfUtils.java:logGet(46)) - raft.netty.dataStream.client.reply.queue.grace-period = 1s (default)
2022-07-22 17:36:16,783 [s1-NettyServerStreamRpc-workerGroup--thread4] INFO  netty.NettyConfigKeys$DataStream (ConfUtils.java:logGet(46)) - raft.netty.dataStream.client.worker-group.share = false (default)
2022-07-22 17:36:16,783 [s1-NettyServerStreamRpc-workerGroup--thread4] INFO  netty.NettyConfigKeys$DataStream (ConfUtils.java:logGet(46)) - raft.netty.dataStream.client.worker-group.size = 4 (default)
2022-07-22 17:36:16,786 [s2-NettyServerStreamRpc-workerGroup--thread1] INFO  client.DataStreamClient (ConfUtils.java:logGet(46)) - raft.datastream.type = NETTY (custom)
2022-07-22 17:36:16,786 [s2-NettyServerStreamRpc-workerGroup--thread1] INFO  netty.NettyConfigKeys$DataStream (ConfUtils.java:logGet(46)) - raft.netty.dataStream.client.tls.conf = null (default)
2022-07-22 17:36:16,786 [s0-NettyServerStreamRpc-workerGroup--thread3] INFO  client.DataStreamClient (ConfUtils.java:logGet(46)) - raft.datastream.type = NETTY (custom)
2022-07-22 17:36:16,786 [s0-NettyServerStreamRpc-workerGroup--thread3] INFO  netty.NettyConfigKeys$DataStream (ConfUtils.java:logGet(46)) - raft.netty.dataStream.client.tls.conf = null (default)
2022-07-22 17:36:16,786 [s2-NettyServerStreamRpc-workerGroup--thread1] INFO  netty.NettyConfigKeys$DataStream (ConfUtils.java:logGet(46)) - raft.netty.dataStream.client.reply.queue.grace-period = 1s (default)
2022-07-22 17:36:16,786 [s0-NettyServerStreamRpc-workerGroup--thread3] INFO  netty.NettyConfigKeys$DataStream (ConfUtils.java:logGet(46)) - raft.netty.dataStream.client.reply.queue.grace-period = 1s (default)
2022-07-22 17:36:16,786 [s2-NettyServerStreamRpc-workerGroup--thread1] INFO  netty.NettyConfigKeys$DataStream (ConfUtils.java:logGet(46)) - raft.netty.dataStream.client.worker-group.share = false (default)
2022-07-22 17:36:16,787 [s0-NettyServerStreamRpc-workerGroup--thread3] INFO  netty.NettyConfigKeys$DataStream (ConfUtils.java:logGet(46)) - raft.netty.dataStream.client.worker-group.share = false (default)
2022-07-22 17:36:16,787 [s2-NettyServerStreamRpc-workerGroup--thread1] INFO  netty.NettyConfigKeys$DataStream (ConfUtils.java:logGet(46)) - raft.netty.dataStream.client.worker-group.size = 4 (default)
2022-07-22 17:36:16,787 [s0-NettyServerStreamRpc-workerGroup--thread3] INFO  netty.NettyConfigKeys$DataStream (ConfUtils.java:logGet(46)) - raft.netty.dataStream.client.worker-group.size = 4 (default)
2022-07-22 17:36:16,788 [s1-NettyServerStreamRpc-workerGroup--thread1] INFO  client.DataStreamClient (ConfUtils.java:logGet(46)) - raft.datastream.type = NETTY (custom)
2022-07-22 17:36:16,788 [s1-NettyServerStreamRpc-workerGroup--thread1] INFO  netty.NettyConfigKeys$DataStream (ConfUtils.java:logGet(46)) - raft.netty.dataStream.client.tls.conf = null (default)
2022-07-22 17:36:16,788 [s1-NettyServerStreamRpc-workerGroup--thread1] INFO  netty.NettyConfigKeys$DataStream (ConfUtils.java:logGet(46)) - raft.netty.dataStream.client.reply.queue.grace-period = 1s (default)
2022-07-22 17:36:16,788 [s1-NettyServerStreamRpc-workerGroup--thread1] INFO  netty.NettyConfigKeys$DataStream (ConfUtils.java:logGet(46)) - raft.netty.dataStream.client.worker-group.share = false (default)
2022-07-22 17:36:16,788 [s1-NettyServerStreamRpc-workerGroup--thread1] INFO  netty.NettyConfigKeys$DataStream (ConfUtils.java:logGet(46)) - raft.netty.dataStream.client.worker-group.size = 4 (default)
2022-07-22 17:36:16,789 [s0-NettyServerStreamRpc-workerGroup--thread1] INFO  client.DataStreamClient (ConfUtils.java:logGet(46)) - raft.datastream.type = NETTY (custom)
2022-07-22 17:36:16,789 [s0-NettyServerStreamRpc-workerGroup--thread1] INFO  netty.NettyConfigKeys$DataStream (ConfUtils.java:logGet(46)) - raft.netty.dataStream.client.tls.conf = null (default)
2022-07-22 17:36:16,789 [s0-NettyServerStreamRpc-workerGroup--thread1] INFO  netty.NettyConfigKeys$DataStream (ConfUtils.java:logGet(46)) - raft.netty.dataStream.client.reply.queue.grace-period = 1s (default)
2022-07-22 17:36:16,789 [s0-NettyServerStreamRpc-workerGroup--thread1] INFO  netty.NettyConfigKeys$DataStream (ConfUtils.java:logGet(46)) - raft.netty.dataStream.client.worker-group.share = false (default)
2022-07-22 17:36:16,789 [s0-NettyServerStreamRpc-workerGroup--thread1] INFO  netty.NettyConfigKeys$DataStream (ConfUtils.java:logGet(46)) - raft.netty.dataStream.client.worker-group.size = 4 (default)
2022-07-22 17:36:16,790 [s1-NettyServerStreamRpc-workerGroup--thread3] INFO  client.DataStreamClient (ConfUtils.java:logGet(46)) - raft.datastream.type = NETTY (custom)
2022-07-22 17:36:16,790 [s1-NettyServerStreamRpc-workerGroup--thread3] INFO  netty.NettyConfigKeys$DataStream (ConfUtils.java:logGet(46)) - raft.netty.dataStream.client.tls.conf = null (default)
2022-07-22 17:36:16,790 [s1-NettyServerStreamRpc-workerGroup--thread3] INFO  netty.NettyConfigKeys$DataStream (ConfUtils.java:logGet(46)) - raft.netty.dataStream.client.reply.queue.grace-period = 1s (default)
2022-07-22 17:36:16,791 [s1-NettyServerStreamRpc-workerGroup--thread3] INFO  netty.NettyConfigKeys$DataStream (ConfUtils.java:logGet(46)) - raft.netty.dataStream.client.worker-group.share = false (default)
2022-07-22 17:36:16,791 [s1-NettyServerStreamRpc-workerGroup--thread3] INFO  netty.NettyConfigKeys$DataStream (ConfUtils.java:logGet(46)) - raft.netty.dataStream.client.worker-group.size = 4 (default)
2022-07-22 17:36:16,793 [s0-NettyServerStreamRpc-bossGroup--thread1] INFO  logging.LoggingHandler (AbstractInternalLogger.java:log(148)) - [id: 0x4ee1b3e5, L:/0.0.0.0:37487] READ: [id: 0x345d2538, L:/127.0.0.1:37487 - R:/127.0.0.1:37656]
2022-07-22 17:36:16,793 [s0-NettyServerStreamRpc-bossGroup--thread1] INFO  logging.LoggingHandler (AbstractInternalLogger.java:log(148)) - [id: 0x4ee1b3e5, L:/0.0.0.0:37487] READ: [id: 0x69a284d7, L:/127.0.0.1:37487 - R:/127.0.0.1:37658]
2022-07-22 17:36:16,793 [s0-NettyServerStreamRpc-bossGroup--thread1] INFO  logging.LoggingHandler (AbstractInternalLogger.java:log(148)) - [id: 0x4ee1b3e5, L:/0.0.0.0:37487] READ COMPLETE
2022-07-22 17:36:16,794 [s2-NettyServerStreamRpc-bossGroup--thread1] INFO  logging.LoggingHandler (AbstractInternalLogger.java:log(148)) - [id: 0x46ea492a, L:/0.0.0.0:33781] READ: [id: 0x768a0f96, L:/127.0.0.1:33781 - R:/127.0.0.1:35470]
2022-07-22 17:36:16,794 [s2-NettyServerStreamRpc-bossGroup--thread1] INFO  logging.LoggingHandler (AbstractInternalLogger.java:log(148)) - [id: 0x46ea492a, L:/0.0.0.0:33781] READ COMPLETE
2022-07-22 17:36:16,796 [s2-NettyServerStreamRpc-bossGroup--thread1] INFO  logging.LoggingHandler (AbstractInternalLogger.java:log(148)) - [id: 0x46ea492a, L:/0.0.0.0:33781] READ: [id: 0x99d5d4eb, L:/127.0.0.1:33781 - R:/127.0.0.1:35476]
2022-07-22 17:36:16,797 [s1-NettyServerStreamRpc-bossGroup--thread1] INFO  logging.LoggingHandler (AbstractInternalLogger.java:log(148)) - [id: 0x812db263, L:/0.0.0.0:32893] READ: [id: 0xc02e80a7, L:/127.0.0.1:32893 - R:/127.0.0.1:45952]
2022-07-22 17:36:16,797 [s1-NettyServerStreamRpc-bossGroup--thread1] INFO  logging.LoggingHandler (AbstractInternalLogger.java:log(148)) - [id: 0x812db263, L:/0.0.0.0:32893] READ COMPLETE
2022-07-22 17:36:16,797 [s1-NettyServerStreamRpc-workerGroup--thread2] INFO  client.DataStreamClient (ConfUtils.java:logGet(46)) - raft.datastream.type = NETTY (custom)
2022-07-22 17:36:16,797 [s1-NettyServerStreamRpc-workerGroup--thread2] INFO  netty.NettyConfigKeys$DataStream (ConfUtils.java:logGet(46)) - raft.netty.dataStream.client.tls.conf = null (default)
2022-07-22 17:36:16,798 [s1-NettyServerStreamRpc-workerGroup--thread2] INFO  netty.NettyConfigKeys$DataStream (ConfUtils.java:logGet(46)) - raft.netty.dataStream.client.reply.queue.grace-period = 1s (default)
2022-07-22 17:36:16,798 [s1-NettyServerStreamRpc-workerGroup--thread2] INFO  netty.NettyConfigKeys$DataStream (ConfUtils.java:logGet(46)) - raft.netty.dataStream.client.worker-group.share = false (default)
2022-07-22 17:36:16,798 [s1-NettyServerStreamRpc-workerGroup--thread2] INFO  netty.NettyConfigKeys$DataStream (ConfUtils.java:logGet(46)) - raft.netty.dataStream.client.worker-group.size = 4 (default)
2022-07-22 17:36:16,799 [s1-NettyServerStreamRpc-bossGroup--thread1] INFO  logging.LoggingHandler (AbstractInternalLogger.java:log(148)) - [id: 0x812db263, L:/0.0.0.0:32893] READ: [id: 0x0f4a8710, L:/127.0.0.1:32893 - R:/127.0.0.1:45954]
2022-07-22 17:36:16,799 [s1-NettyServerStreamRpc-bossGroup--thread1] INFO  logging.LoggingHandler (AbstractInternalLogger.java:log(148)) - [id: 0x812db263, L:/0.0.0.0:32893] READ COMPLETE
2022-07-22 17:36:16,800 [s0-NettyServerStreamRpc-bossGroup--thread1] INFO  logging.LoggingHandler (AbstractInternalLogger.java:log(148)) - [id: 0x4ee1b3e5, L:/0.0.0.0:37487] READ: [id: 0x07ced456, L:/127.0.0.1:37487 - R:/127.0.0.1:37668]
2022-07-22 17:36:16,800 [s0-NettyServerStreamRpc-bossGroup--thread1] INFO  logging.LoggingHandler (AbstractInternalLogger.java:log(148)) - [id: 0x4ee1b3e5, L:/0.0.0.0:37487] READ COMPLETE
2022-07-22 17:36:16,801 [s1-NettyServerStreamRpc-bossGroup--thread1] INFO  logging.LoggingHandler (AbstractInternalLogger.java:log(148)) - [id: 0x812db263, L:/0.0.0.0:32893] READ: [id: 0x667f5d60, L:/127.0.0.1:32893 - R:/127.0.0.1:45960]
2022-07-22 17:36:16,801 [s1-NettyServerStreamRpc-bossGroup--thread1] INFO  logging.LoggingHandler (AbstractInternalLogger.java:log(148)) - [id: 0x812db263, L:/0.0.0.0:32893] READ COMPLETE
2022-07-22 17:36:16,804 [s0-NettyServerStreamRpc-bossGroup--thread1] INFO  logging.LoggingHandler (AbstractInternalLogger.java:log(148)) - [id: 0x4ee1b3e5, L:/0.0.0.0:37487] READ: [id: 0xba2e97e3, L:/127.0.0.1:37487 - R:/127.0.0.1:37672]
2022-07-22 17:36:16,804 [s0-NettyServerStreamRpc-bossGroup--thread1] INFO  logging.LoggingHandler (AbstractInternalLogger.java:log(148)) - [id: 0x4ee1b3e5, L:/0.0.0.0:37487] READ COMPLETE
2022-07-22 17:36:16,804 [s2-NettyServerStreamRpc-workerGroup--thread1] INFO  client.DataStreamClient (ConfUtils.java:logGet(46)) - raft.datastream.type = NETTY (custom)
2022-07-22 17:36:16,804 [s2-NettyServerStreamRpc-workerGroup--thread1] INFO  netty.NettyConfigKeys$DataStream (ConfUtils.java:logGet(46)) - raft.netty.dataStream.client.tls.conf = null (default)
2022-07-22 17:36:16,805 [s2-NettyServerStreamRpc-workerGroup--thread1] INFO  netty.NettyConfigKeys$DataStream (ConfUtils.java:logGet(46)) - raft.netty.dataStream.client.reply.queue.grace-period = 1s (default)
2022-07-22 17:36:16,805 [s2-NettyServerStreamRpc-workerGroup--thread1] INFO  netty.NettyConfigKeys$DataStream (ConfUtils.java:logGet(46)) - raft.netty.dataStream.client.worker-group.share = false (default)
2022-07-22 17:36:16,805 [s2-NettyServerStreamRpc-workerGroup--thread1] INFO  netty.NettyConfigKeys$DataStream (ConfUtils.java:logGet(46)) - raft.netty.dataStream.client.worker-group.size = 4 (default)
2022-07-22 17:36:16,805 [s1-NettyServerStreamRpc-workerGroup--thread1] INFO  client.DataStreamClient (ConfUtils.java:logGet(46)) - raft.datastream.type = NETTY (custom)
2022-07-22 17:36:16,805 [s1-NettyServerStreamRpc-workerGroup--thread1] INFO  netty.NettyConfigKeys$DataStream (ConfUtils.java:logGet(46)) - raft.netty.dataStream.client.tls.conf = null (default)
2022-07-22 17:36:16,805 [s1-NettyServerStreamRpc-workerGroup--thread1] INFO  netty.NettyConfigKeys$DataStream (ConfUtils.java:logGet(46)) - raft.netty.dataStream.client.reply.queue.grace-period = 1s (default)
2022-07-22 17:36:16,805 [s1-NettyServerStreamRpc-workerGroup--thread1] INFO  netty.NettyConfigKeys$DataStream (ConfUtils.java:logGet(46)) - raft.netty.dataStream.client.worker-group.share = false (default)
2022-07-22 17:36:16,805 [s1-NettyServerStreamRpc-workerGroup--thread1] INFO  netty.NettyConfigKeys$DataStream (ConfUtils.java:logGet(46)) - raft.netty.dataStream.client.worker-group.size = 4 (default)
2022-07-22 17:36:16,806 [s0-NettyServerStreamRpc-bossGroup--thread1] INFO  logging.LoggingHandler (AbstractInternalLogger.java:log(148)) - [id: 0x4ee1b3e5, L:/0.0.0.0:37487] READ: [id: 0x2b48c0d0, L:/127.0.0.1:37487 - R:/127.0.0.1:37674]
2022-07-22 17:36:16,807 [s0-NettyServerStreamRpc-bossGroup--thread1] INFO  logging.LoggingHandler (AbstractInternalLogger.java:log(148)) - [id: 0x4ee1b3e5, L:/0.0.0.0:37487] READ COMPLETE
2022-07-22 17:36:16,807 [s0-NettyServerStreamRpc-workerGroup--thread1] INFO  client.DataStreamClient (ConfUtils.java:logGet(46)) - raft.datastream.type = NETTY (custom)
2022-07-22 17:36:16,807 [s0-NettyServerStreamRpc-workerGroup--thread1] INFO  netty.NettyConfigKeys$DataStream (ConfUtils.java:logGet(46)) - raft.netty.dataStream.client.tls.conf = null (default)
2022-07-22 17:36:16,807 [s0-NettyServerStreamRpc-workerGroup--thread1] INFO  netty.NettyConfigKeys$DataStream (ConfUtils.java:logGet(46)) - raft.netty.dataStream.client.reply.queue.grace-period = 1s (default)
2022-07-22 17:36:16,807 [s0-NettyServerStreamRpc-workerGroup--thread1] INFO  netty.NettyConfigKeys$DataStream (ConfUtils.java:logGet(46)) - raft.netty.dataStream.client.worker-group.share = false (default)
2022-07-22 17:36:16,807 [s0-NettyServerStreamRpc-workerGroup--thread1] INFO  netty.NettyConfigKeys$DataStream (ConfUtils.java:logGet(46)) - raft.netty.dataStream.client.worker-group.size = 4 (default)
2022-07-22 17:36:16,809 [s0-NettyServerStreamRpc-workerGroup--thread3] INFO  client.DataStreamClient (ConfUtils.java:logGet(46)) - raft.datastream.type = NETTY (custom)
2022-07-22 17:36:16,809 [s0-NettyServerStreamRpc-workerGroup--thread3] INFO  netty.NettyConfigKeys$DataStream (ConfUtils.java:logGet(46)) - raft.netty.dataStream.client.tls.conf = null (default)
2022-07-22 17:36:16,809 [s0-NettyServerStreamRpc-workerGroup--thread3] INFO  netty.NettyConfigKeys$DataStream (ConfUtils.java:logGet(46)) - raft.netty.dataStream.client.reply.queue.grace-period = 1s (default)
2022-07-22 17:36:16,809 [s0-NettyServerStreamRpc-workerGroup--thread3] INFO  netty.NettyConfigKeys$DataStream (ConfUtils.java:logGet(46)) - raft.netty.dataStream.client.worker-group.share = false (default)
2022-07-22 17:36:16,809 [s0-NettyServerStreamRpc-workerGroup--thread3] INFO  netty.NettyConfigKeys$DataStream (ConfUtils.java:logGet(46)) - raft.netty.dataStream.client.worker-group.size = 4 (default)
2022-07-22 17:36:16,810 [s2-NettyServerStreamRpc-bossGroup--thread1] INFO  logging.LoggingHandler (AbstractInternalLogger.java:log(148)) - [id: 0x46ea492a, L:/0.0.0.0:33781] READ COMPLETE
2022-07-22 17:36:16,811 [s2-NettyServerStreamRpc-bossGroup--thread1] INFO  logging.LoggingHandler (AbstractInternalLogger.java:log(148)) - [id: 0x46ea492a, L:/0.0.0.0:33781] READ: [id: 0x9e1b9d7c, L:/127.0.0.1:33781 - R:/127.0.0.1:35482]
2022-07-22 17:36:16,811 [s2-NettyServerStreamRpc-bossGroup--thread1] INFO  logging.LoggingHandler (AbstractInternalLogger.java:log(148)) - [id: 0x46ea492a, L:/0.0.0.0:33781] READ: [id: 0xf5b6e29b, L:/127.0.0.1:33781 - R:/127.0.0.1:35492]
2022-07-22 17:36:16,811 [s2-NettyServerStreamRpc-bossGroup--thread1] INFO  logging.LoggingHandler (AbstractInternalLogger.java:log(148)) - [id: 0x46ea492a, L:/0.0.0.0:33781] READ: [id: 0x9cb6632b, L:/127.0.0.1:33781 - R:/127.0.0.1:35494]
2022-07-22 17:36:16,811 [s2-NettyServerStreamRpc-bossGroup--thread1] INFO  logging.LoggingHandler (AbstractInternalLogger.java:log(148)) - [id: 0x46ea492a, L:/0.0.0.0:33781] READ COMPLETE
2022-07-22 17:36:16,811 [s0-NettyServerStreamRpc-bossGroup--thread1] INFO  logging.LoggingHandler (AbstractInternalLogger.java:log(148)) - [id: 0x4ee1b3e5, L:/0.0.0.0:37487] READ: [id: 0x72948b04, L:/127.0.0.1:37487 - R:/127.0.0.1:37680]
2022-07-22 17:36:16,811 [s0-NettyServerStreamRpc-bossGroup--thread1] INFO  logging.LoggingHandler (AbstractInternalLogger.java:log(148)) - [id: 0x4ee1b3e5, L:/0.0.0.0:37487] READ COMPLETE
2022-07-22 17:36:16,813 [s1-NettyServerStreamRpc-workerGroup--thread3] INFO  client.DataStreamClient (ConfUtils.java:logGet(46)) - raft.datastream.type = NETTY (custom)
2022-07-22 17:36:16,813 [s1-NettyServerStreamRpc-workerGroup--thread3] INFO  netty.NettyConfigKeys$DataStream (ConfUtils.java:logGet(46)) - raft.netty.dataStream.client.tls.conf = null (default)
2022-07-22 17:36:16,813 [s1-NettyServerStreamRpc-workerGroup--thread3] INFO  netty.NettyConfigKeys$DataStream (ConfUtils.java:logGet(46)) - raft.netty.dataStream.client.reply.queue.grace-period = 1s (default)
2022-07-22 17:36:16,813 [s1-NettyServerStreamRpc-workerGroup--thread3] INFO  netty.NettyConfigKeys$DataStream (ConfUtils.java:logGet(46)) - raft.netty.dataStream.client.worker-group.share = false (default)
2022-07-22 17:36:16,813 [s1-NettyServerStreamRpc-workerGroup--thread3] INFO  netty.NettyConfigKeys$DataStream (ConfUtils.java:logGet(46)) - raft.netty.dataStream.client.worker-group.size = 4 (default)
2022-07-22 17:36:16,816 [s1-NettyServerStreamRpc-bossGroup--thread1] INFO  logging.LoggingHandler (AbstractInternalLogger.java:log(148)) - [id: 0x812db263, L:/0.0.0.0:32893] READ: [id: 0x65868eba, L:/127.0.0.1:32893 - R:/127.0.0.1:45972]
2022-07-22 17:36:16,816 [s1-NettyServerStreamRpc-bossGroup--thread1] INFO  logging.LoggingHandler (AbstractInternalLogger.java:log(148)) - [id: 0x812db263, L:/0.0.0.0:32893] READ COMPLETE
2022-07-22 17:36:16,816 [s0-NettyServerStreamRpc-workerGroup--thread4] INFO  client.DataStreamClient (ConfUtils.java:logGet(46)) - raft.datastream.type = NETTY (custom)
2022-07-22 17:36:16,816 [s0-NettyServerStreamRpc-workerGroup--thread4] INFO  netty.NettyConfigKeys$DataStream (ConfUtils.java:logGet(46)) - raft.netty.dataStream.client.tls.conf = null (default)
2022-07-22 17:36:16,816 [s0-NettyServerStreamRpc-workerGroup--thread4] INFO  netty.NettyConfigKeys$DataStream (ConfUtils.java:logGet(46)) - raft.netty.dataStream.client.reply.queue.grace-period = 1s (default)
2022-07-22 17:36:16,816 [s0-NettyServerStreamRpc-workerGroup--thread4] INFO  netty.NettyConfigKeys$DataStream (ConfUtils.java:logGet(46)) - raft.netty.dataStream.client.worker-group.share = false (default)
2022-07-22 17:36:16,816 [s0-NettyServerStreamRpc-workerGroup--thread4] INFO  netty.NettyConfigKeys$DataStream (ConfUtils.java:logGet(46)) - raft.netty.dataStream.client.worker-group.size = 4 (default)
2022-07-22 17:36:16,817 [s1-NettyServerStreamRpc-bossGroup--thread1] INFO  logging.LoggingHandler (AbstractInternalLogger.java:log(148)) - [id: 0x812db263, L:/0.0.0.0:32893] READ: [id: 0xa5b25c2c, L:/127.0.0.1:32893 - R:/127.0.0.1:45974]
2022-07-22 17:36:16,818 [s1-NettyServerStreamRpc-bossGroup--thread1] INFO  logging.LoggingHandler (AbstractInternalLogger.java:log(148)) - [id: 0x812db263, L:/0.0.0.0:32893] READ COMPLETE
2022-07-22 17:36:16,818 [s1-NettyServerStreamRpc-workerGroup--thread2] INFO  client.DataStreamClient (ConfUtils.java:logGet(46)) - raft.datastream.type = NETTY (custom)
2022-07-22 17:36:16,818 [s1-NettyServerStreamRpc-workerGroup--thread2] INFO  netty.NettyConfigKeys$DataStream (ConfUtils.java:logGet(46)) - raft.netty.dataStream.client.tls.conf = null (default)
2022-07-22 17:36:16,818 [s1-NettyServerStreamRpc-workerGroup--thread2] INFO  netty.NettyConfigKeys$DataStream (ConfUtils.java:logGet(46)) - raft.netty.dataStream.client.reply.queue.grace-period = 1s (default)
2022-07-22 17:36:16,818 [s1-NettyServerStreamRpc-workerGroup--thread2] INFO  netty.NettyConfigKeys$DataStream (ConfUtils.java:logGet(46)) - raft.netty.dataStream.client.worker-group.share = false (default)
2022-07-22 17:36:16,818 [s1-NettyServerStreamRpc-workerGroup--thread2] INFO  netty.NettyConfigKeys$DataStream (ConfUtils.java:logGet(46)) - raft.netty.dataStream.client.worker-group.size = 4 (default)
2022-07-22 17:36:16,820 [s2-NettyServerStreamRpc-workerGroup--thread1] INFO  client.DataStreamClient (ConfUtils.java:logGet(46)) - raft.datastream.type = NETTY (custom)
2022-07-22 17:36:16,820 [s2-NettyServerStreamRpc-workerGroup--thread1] INFO  netty.NettyConfigKeys$DataStream (ConfUtils.java:logGet(46)) - raft.netty.dataStream.client.tls.conf = null (default)
2022-07-22 17:36:16,820 [s2-NettyServerStreamRpc-workerGroup--thread1] INFO  netty.NettyConfigKeys$DataStream (ConfUtils.java:logGet(46)) - raft.netty.dataStream.client.reply.queue.grace-period = 1s (default)
2022-07-22 17:36:16,820 [s2-NettyServerStreamRpc-workerGroup--thread1] INFO  netty.NettyConfigKeys$DataStream (ConfUtils.java:logGet(46)) - raft.netty.dataStream.client.worker-group.share = false (default)
2022-07-22 17:36:16,820 [s2-NettyServerStreamRpc-workerGroup--thread1] INFO  netty.NettyConfigKeys$DataStream (ConfUtils.java:logGet(46)) - raft.netty.dataStream.client.worker-group.size = 4 (default)
2022-07-22 17:36:16,822 [s0-NettyServerStreamRpc-workerGroup--thread3] INFO  client.DataStreamClient (ConfUtils.java:logGet(46)) - raft.datastream.type = NETTY (custom)
2022-07-22 17:36:16,822 [s0-NettyServerStreamRpc-workerGroup--thread3] INFO  netty.NettyConfigKeys$DataStream (ConfUtils.java:logGet(46)) - raft.netty.dataStream.client.tls.conf = null (default)
2022-07-22 17:36:16,822 [s0-NettyServerStreamRpc-workerGroup--thread3] INFO  netty.NettyConfigKeys$DataStream (ConfUtils.java:logGet(46)) - raft.netty.dataStream.client.reply.queue.grace-period = 1s (default)
2022-07-22 17:36:16,822 [s0-NettyServerStreamRpc-workerGroup--thread3] INFO  netty.NettyConfigKeys$DataStream (ConfUtils.java:logGet(46)) - raft.netty.dataStream.client.worker-group.share = false (default)
2022-07-22 17:36:16,822 [s0-NettyServerStreamRpc-workerGroup--thread3] INFO  netty.NettyConfigKeys$DataStream (ConfUtils.java:logGet(46)) - raft.netty.dataStream.client.worker-group.size = 4 (default)
2022-07-22 17:36:16,824 [s1-NettyServerStreamRpc-bossGroup--thread1] INFO  logging.LoggingHandler (AbstractInternalLogger.java:log(148)) - [id: 0x812db263, L:/0.0.0.0:32893] READ: [id: 0x111733cb, L:/127.0.0.1:32893 - R:/127.0.0.1:45976]
2022-07-22 17:36:16,824 [s1-NettyServerStreamRpc-bossGroup--thread1] INFO  logging.LoggingHandler (AbstractInternalLogger.java:log(148)) - [id: 0x812db263, L:/0.0.0.0:32893] READ COMPLETE
2022-07-22 17:36:16,824 [s0-NettyServerStreamRpc-workerGroup--thread3] INFO  client.DataStreamClient (ConfUtils.java:logGet(46)) - raft.datastream.type = NETTY (custom)
2022-07-22 17:36:16,824 [s0-NettyServerStreamRpc-workerGroup--thread3] INFO  netty.NettyConfigKeys$DataStream (ConfUtils.java:logGet(46)) - raft.netty.dataStream.client.tls.conf = null (default)
2022-07-22 17:36:16,824 [s0-NettyServerStreamRpc-workerGroup--thread3] INFO  netty.NettyConfigKeys$DataStream (ConfUtils.java:logGet(46)) - raft.netty.dataStream.client.reply.queue.grace-period = 1s (default)
2022-07-22 17:36:16,824 [s0-NettyServerStreamRpc-workerGroup--thread3] INFO  netty.NettyConfigKeys$DataStream (ConfUtils.java:logGet(46)) - raft.netty.dataStream.client.worker-group.share = false (default)
2022-07-22 17:36:16,824 [s0-NettyServerStreamRpc-workerGroup--thread3] INFO  netty.NettyConfigKeys$DataStream (ConfUtils.java:logGet(46)) - raft.netty.dataStream.client.worker-group.size = 4 (default)
2022-07-22 17:36:16,841 [s2-NettyServerStreamRpc-bossGroup--thread1] INFO  logging.LoggingHandler (AbstractInternalLogger.java:log(148)) - [id: 0x46ea492a, L:/0.0.0.0:33781] READ: [id: 0x0d704d14, L:/127.0.0.1:33781 - R:/127.0.0.1:35504]
2022-07-22 17:36:16,841 [s2-NettyServerStreamRpc-bossGroup--thread1] INFO  logging.LoggingHandler (AbstractInternalLogger.java:log(148)) - [id: 0x46ea492a, L:/0.0.0.0:33781] READ COMPLETE
2022-07-22 17:36:16,842 [s1-NettyServerStreamRpc-workerGroup--thread4] INFO  client.DataStreamClient (ConfUtils.java:logGet(46)) - raft.datastream.type = NETTY (custom)
2022-07-22 17:36:16,842 [s1-NettyServerStreamRpc-workerGroup--thread4] INFO  netty.NettyConfigKeys$DataStream (ConfUtils.java:logGet(46)) - raft.netty.dataStream.client.tls.conf = null (default)
2022-07-22 17:36:16,842 [s1-NettyServerStreamRpc-workerGroup--thread4] INFO  netty.NettyConfigKeys$DataStream (ConfUtils.java:logGet(46)) - raft.netty.dataStream.client.reply.queue.grace-period = 1s (default)
2022-07-22 17:36:16,843 [s1-NettyServerStreamRpc-workerGroup--thread4] INFO  netty.NettyConfigKeys$DataStream (ConfUtils.java:logGet(46)) - raft.netty.dataStream.client.worker-group.share = false (default)
2022-07-22 17:36:16,843 [s1-NettyServerStreamRpc-workerGroup--thread4] INFO  netty.NettyConfigKeys$DataStream (ConfUtils.java:logGet(46)) - raft.netty.dataStream.client.worker-group.size = 4 (default)
2022-07-22 17:36:16,869 [s1-NettyServerStreamRpc-bossGroup--thread1] INFO  logging.LoggingHandler (AbstractInternalLogger.java:log(148)) - [id: 0x812db263, L:/0.0.0.0:32893] READ: [id: 0xb803245c, L:/127.0.0.1:32893 - R:/127.0.0.1:45980]
2022-07-22 17:36:16,869 [s1-NettyServerStreamRpc-bossGroup--thread1] INFO  logging.LoggingHandler (AbstractInternalLogger.java:log(148)) - [id: 0x812db263, L:/0.0.0.0:32893] READ COMPLETE
2022-07-22 17:36:16,869 [s0-NettyServerStreamRpc-workerGroup--thread2] INFO  client.DataStreamClient (ConfUtils.java:logGet(46)) - raft.datastream.type = NETTY (custom)
2022-07-22 17:36:16,869 [s0-NettyServerStreamRpc-workerGroup--thread2] INFO  netty.NettyConfigKeys$DataStream (ConfUtils.java:logGet(46)) - raft.netty.dataStream.client.tls.conf = null (default)
2022-07-22 17:36:16,869 [s0-NettyServerStreamRpc-workerGroup--thread2] INFO  netty.NettyConfigKeys$DataStream (ConfUtils.java:logGet(46)) - raft.netty.dataStream.client.reply.queue.grace-period = 1s (default)
2022-07-22 17:36:16,870 [s0-NettyServerStreamRpc-workerGroup--thread2] INFO  netty.NettyConfigKeys$DataStream (ConfUtils.java:logGet(46)) - raft.netty.dataStream.client.worker-group.share = false (default)
2022-07-22 17:36:16,870 [s0-NettyServerStreamRpc-workerGroup--thread2] INFO  netty.NettyConfigKeys$DataStream (ConfUtils.java:logGet(46)) - raft.netty.dataStream.client.worker-group.size = 4 (default)
2022-07-22 17:36:16,882 [s0-NettyServerStreamRpc-bossGroup--thread1] INFO  logging.LoggingHandler (AbstractInternalLogger.java:log(148)) - [id: 0x4ee1b3e5, L:/0.0.0.0:37487] READ: [id: 0x1ec8bf57, L:/127.0.0.1:37487 - R:/127.0.0.1:37692]
2022-07-22 17:36:16,882 [s0-NettyServerStreamRpc-bossGroup--thread1] INFO  logging.LoggingHandler (AbstractInternalLogger.java:log(148)) - [id: 0x4ee1b3e5, L:/0.0.0.0:37487] READ COMPLETE
2022-07-22 17:36:16,890 [s2-NettyServerStreamRpc-bossGroup--thread1] INFO  logging.LoggingHandler (AbstractInternalLogger.java:log(148)) - [id: 0x46ea492a, L:/0.0.0.0:33781] READ: [id: 0x0c372253, L:/127.0.0.1:33781 - R:/127.0.0.1:35510]
2022-07-22 17:36:16,890 [s2-NettyServerStreamRpc-bossGroup--thread1] INFO  logging.LoggingHandler (AbstractInternalLogger.java:log(148)) - [id: 0x46ea492a, L:/0.0.0.0:33781] READ COMPLETE
2022-07-22 17:36:16,892 [s0-NettyServerStreamRpc-bossGroup--thread1] INFO  logging.LoggingHandler (AbstractInternalLogger.java:log(148)) - [id: 0x4ee1b3e5, L:/0.0.0.0:37487] READ: [id: 0x70c356d7, L:/127.0.0.1:37487 - R:/127.0.0.1:37696]
2022-07-22 17:36:16,892 [s0-NettyServerStreamRpc-bossGroup--thread1] INFO  logging.LoggingHandler (AbstractInternalLogger.java:log(148)) - [id: 0x4ee1b3e5, L:/0.0.0.0:37487] READ COMPLETE
2022-07-22 17:36:16,892 [s0-NettyServerStreamRpc-workerGroup--thread1] INFO  client.DataStreamClient (ConfUtils.java:logGet(46)) - raft.datastream.type = NETTY (custom)
2022-07-22 17:36:16,893 [s0-NettyServerStreamRpc-workerGroup--thread1] INFO  netty.NettyConfigKeys$DataStream (ConfUtils.java:logGet(46)) - raft.netty.dataStream.client.tls.conf = null (default)
2022-07-22 17:36:16,893 [s0-NettyServerStreamRpc-workerGroup--thread1] INFO  netty.NettyConfigKeys$DataStream (ConfUtils.java:logGet(46)) - raft.netty.dataStream.client.reply.queue.grace-period = 1s (default)
2022-07-22 17:36:16,893 [s0-NettyServerStreamRpc-workerGroup--thread1] INFO  netty.NettyConfigKeys$DataStream (ConfUtils.java:logGet(46)) - raft.netty.dataStream.client.worker-group.share = false (default)
2022-07-22 17:36:16,893 [s0-NettyServerStreamRpc-workerGroup--thread1] INFO  netty.NettyConfigKeys$DataStream (ConfUtils.java:logGet(46)) - raft.netty.dataStream.client.worker-group.size = 4 (default)
2022-07-22 17:36:16,898 [s1-NettyServerStreamRpc-bossGroup--thread1] INFO  logging.LoggingHandler (AbstractInternalLogger.java:log(148)) - [id: 0x812db263, L:/0.0.0.0:32893] READ: [id: 0x11237c2d, L:/127.0.0.1:32893 - R:/127.0.0.1:45988]
2022-07-22 17:36:16,898 [s1-NettyServerStreamRpc-bossGroup--thread1] INFO  logging.LoggingHandler (AbstractInternalLogger.java:log(148)) - [id: 0x812db263, L:/0.0.0.0:32893] READ COMPLETE
2022-07-22 17:36:16,900 [s2-NettyServerStreamRpc-bossGroup--thread1] INFO  logging.LoggingHandler (AbstractInternalLogger.java:log(148)) - [id: 0x46ea492a, L:/0.0.0.0:33781] READ: [id: 0xc8e7a793, L:/127.0.0.1:33781 - R:/127.0.0.1:35516]
2022-07-22 17:36:16,900 [s2-NettyServerStreamRpc-bossGroup--thread1] INFO  logging.LoggingHandler (AbstractInternalLogger.java:log(148)) - [id: 0x46ea492a, L:/0.0.0.0:33781] READ COMPLETE
2022-07-22 17:36:16,902 [s1-NettyServerStreamRpc-workerGroup--thread4] INFO  client.DataStreamClient (ConfUtils.java:logGet(46)) - raft.datastream.type = NETTY (custom)
2022-07-22 17:36:16,902 [s1-NettyServerStreamRpc-workerGroup--thread4] INFO  netty.NettyConfigKeys$DataStream (ConfUtils.java:logGet(46)) - raft.netty.dataStream.client.tls.conf = null (default)
2022-07-22 17:36:16,902 [s1-NettyServerStreamRpc-workerGroup--thread4] INFO  netty.NettyConfigKeys$DataStream (ConfUtils.java:logGet(46)) - raft.netty.dataStream.client.reply.queue.grace-period = 1s (default)
2022-07-22 17:36:16,902 [s1-NettyServerStreamRpc-workerGroup--thread4] INFO  netty.NettyConfigKeys$DataStream (ConfUtils.java:logGet(46)) - raft.netty.dataStream.client.worker-group.share = false (default)
2022-07-22 17:36:16,902 [s1-NettyServerStreamRpc-workerGroup--thread4] INFO  netty.NettyConfigKeys$DataStream (ConfUtils.java:logGet(46)) - raft.netty.dataStream.client.worker-group.size = 4 (default)
2022-07-22 17:36:16,905 [s2-NettyServerStreamRpc-bossGroup--thread1] INFO  logging.LoggingHandler (AbstractInternalLogger.java:log(148)) - [id: 0x46ea492a, L:/0.0.0.0:33781] READ: [id: 0x03a52490, L:/127.0.0.1:33781 - R:/127.0.0.1:35518]
2022-07-22 17:36:16,905 [s2-NettyServerStreamRpc-bossGroup--thread1] INFO  logging.LoggingHandler (AbstractInternalLogger.java:log(148)) - [id: 0x46ea492a, L:/0.0.0.0:33781] READ COMPLETE
2022-07-22 17:36:16,910 [s1-NettyServerStreamRpc-workerGroup--thread1] INFO  client.DataStreamClient (ConfUtils.java:logGet(46)) - raft.datastream.type = NETTY (custom)
2022-07-22 17:36:16,910 [s1-NettyServerStreamRpc-workerGroup--thread1] INFO  netty.NettyConfigKeys$DataStream (ConfUtils.java:logGet(46)) - raft.netty.dataStream.client.tls.conf = null (default)
2022-07-22 17:36:16,910 [s1-NettyServerStreamRpc-workerGroup--thread1] INFO  netty.NettyConfigKeys$DataStream (ConfUtils.java:logGet(46)) - raft.netty.dataStream.client.reply.queue.grace-period = 1s (default)
2022-07-22 17:36:16,910 [s1-NettyServerStreamRpc-workerGroup--thread1] INFO  netty.NettyConfigKeys$DataStream (ConfUtils.java:logGet(46)) - raft.netty.dataStream.client.worker-group.share = false (default)
2022-07-22 17:36:16,911 [s1-NettyServerStreamRpc-workerGroup--thread1] INFO  netty.NettyConfigKeys$DataStream (ConfUtils.java:logGet(46)) - raft.netty.dataStream.client.worker-group.size = 4 (default)
2022-07-22 17:36:16,912 [s2-NettyServerStreamRpc-bossGroup--thread1] INFO  logging.LoggingHandler (AbstractInternalLogger.java:log(148)) - [id: 0x46ea492a, L:/0.0.0.0:33781] READ: [id: 0xba88233f, L:/127.0.0.1:33781 - R:/127.0.0.1:35520]
2022-07-22 17:36:16,912 [s2-NettyServerStreamRpc-bossGroup--thread1] INFO  logging.LoggingHandler (AbstractInternalLogger.java:log(148)) - [id: 0x46ea492a, L:/0.0.0.0:33781] READ COMPLETE
2022-07-22 17:36:16,913 [s1-NettyServerStreamRpc-workerGroup--thread1] INFO  client.DataStreamClient (ConfUtils.java:logGet(46)) - raft.datastream.type = NETTY (custom)
2022-07-22 17:36:16,913 [s1-NettyServerStreamRpc-workerGroup--thread1] INFO  netty.NettyConfigKeys$DataStream (ConfUtils.java:logGet(46)) - raft.netty.dataStream.client.tls.conf = null (default)
2022-07-22 17:36:16,913 [s1-NettyServerStreamRpc-workerGroup--thread1] INFO  netty.NettyConfigKeys$DataStream (ConfUtils.java:logGet(46)) - raft.netty.dataStream.client.reply.queue.grace-period = 1s (default)
2022-07-22 17:36:16,913 [s1-NettyServerStreamRpc-workerGroup--thread1] INFO  netty.NettyConfigKeys$DataStream (ConfUtils.java:logGet(46)) - raft.netty.dataStream.client.worker-group.share = false (default)
2022-07-22 17:36:16,913 [s1-NettyServerStreamRpc-workerGroup--thread1] INFO  netty.NettyConfigKeys$DataStream (ConfUtils.java:logGet(46)) - raft.netty.dataStream.client.worker-group.size = 4 (default)
2022-07-22 17:36:16,914 [s2-NettyServerStreamRpc-bossGroup--thread1] INFO  logging.LoggingHandler (AbstractInternalLogger.java:log(148)) - [id: 0x46ea492a, L:/0.0.0.0:33781] READ: [id: 0x6cfd59d1, L:/127.0.0.1:33781 - R:/127.0.0.1:35522]
2022-07-22 17:36:16,914 [s2-NettyServerStreamRpc-bossGroup--thread1] INFO  logging.LoggingHandler (AbstractInternalLogger.java:log(148)) - [id: 0x46ea492a, L:/0.0.0.0:33781] READ COMPLETE
2022-07-22 17:36:16,918 [s2-NettyServerStreamRpc-workerGroup--thread1] INFO  client.DataStreamClient (ConfUtils.java:logGet(46)) - raft.datastream.type = NETTY (custom)
2022-07-22 17:36:16,918 [s2-NettyServerStreamRpc-workerGroup--thread1] INFO  netty.NettyConfigKeys$DataStream (ConfUtils.java:logGet(46)) - raft.netty.dataStream.client.tls.conf = null (default)
2022-07-22 17:36:16,918 [s2-NettyServerStreamRpc-workerGroup--thread1] INFO  netty.NettyConfigKeys$DataStream (ConfUtils.java:logGet(46)) - raft.netty.dataStream.client.reply.queue.grace-period = 1s (default)
2022-07-22 17:36:16,918 [s2-NettyServerStreamRpc-workerGroup--thread1] INFO  netty.NettyConfigKeys$DataStream (ConfUtils.java:logGet(46)) - raft.netty.dataStream.client.worker-group.share = false (default)
2022-07-22 17:36:16,918 [s2-NettyServerStreamRpc-workerGroup--thread1] INFO  netty.NettyConfigKeys$DataStream (ConfUtils.java:logGet(46)) - raft.netty.dataStream.client.worker-group.size = 4 (default)
2022-07-22 17:36:16,919 [s0-NettyServerStreamRpc-bossGroup--thread1] INFO  logging.LoggingHandler (AbstractInternalLogger.java:log(148)) - [id: 0x4ee1b3e5, L:/0.0.0.0:37487] READ: [id: 0xc15bf797, L:/127.0.0.1:37487 - R:/127.0.0.1:37708]
2022-07-22 17:36:16,919 [s0-NettyServerStreamRpc-bossGroup--thread1] INFO  logging.LoggingHandler (AbstractInternalLogger.java:log(148)) - [id: 0x4ee1b3e5, L:/0.0.0.0:37487] READ COMPLETE
2022-07-22 17:36:16,923 [s2-NettyServerStreamRpc-bossGroup--thread1] INFO  logging.LoggingHandler (AbstractInternalLogger.java:log(148)) - [id: 0x46ea492a, L:/0.0.0.0:33781] READ: [id: 0x20a5ccc1, L:/127.0.0.1:33781 - R:/127.0.0.1:35526]
2022-07-22 17:36:16,923 [s2-NettyServerStreamRpc-bossGroup--thread1] INFO  logging.LoggingHandler (AbstractInternalLogger.java:log(148)) - [id: 0x46ea492a, L:/0.0.0.0:33781] READ COMPLETE
2022-07-22 17:36:16,925 [s0-NettyServerStreamRpc-workerGroup--thread3] INFO  client.DataStreamClient (ConfUtils.java:logGet(46)) - raft.datastream.type = NETTY (custom)
2022-07-22 17:36:16,925 [s0-NettyServerStreamRpc-workerGroup--thread3] INFO  netty.NettyConfigKeys$DataStream (ConfUtils.java:logGet(46)) - raft.netty.dataStream.client.tls.conf = null (default)
2022-07-22 17:36:16,925 [s0-NettyServerStreamRpc-workerGroup--thread3] INFO  netty.NettyConfigKeys$DataStream (ConfUtils.java:logGet(46)) - raft.netty.dataStream.client.reply.queue.grace-period = 1s (default)
2022-07-22 17:36:16,925 [s0-NettyServerStreamRpc-workerGroup--thread3] INFO  netty.NettyConfigKeys$DataStream (ConfUtils.java:logGet(46)) - raft.netty.dataStream.client.worker-group.share = false (default)
2022-07-22 17:36:16,925 [s0-NettyServerStreamRpc-workerGroup--thread3] INFO  netty.NettyConfigKeys$DataStream (ConfUtils.java:logGet(46)) - raft.netty.dataStream.client.worker-group.size = 4 (default)
2022-07-22 17:36:16,926 [s0-NettyServerStreamRpc-workerGroup--thread2] INFO  client.DataStreamClient (ConfUtils.java:logGet(46)) - raft.datastream.type = NETTY (custom)
2022-07-22 17:36:16,926 [s0-NettyServerStreamRpc-workerGroup--thread2] INFO  netty.NettyConfigKeys$DataStream (ConfUtils.java:logGet(46)) - raft.netty.dataStream.client.tls.conf = null (default)
2022-07-22 17:36:16,926 [s0-NettyServerStreamRpc-workerGroup--thread2] INFO  netty.NettyConfigKeys$DataStream (ConfUtils.java:logGet(46)) - raft.netty.dataStream.client.reply.queue.grace-period = 1s (default)
2022-07-22 17:36:16,926 [s0-NettyServerStreamRpc-workerGroup--thread2] INFO  netty.NettyConfigKeys$DataStream (ConfUtils.java:logGet(46)) - raft.netty.dataStream.client.worker-group.share = false (default)
2022-07-22 17:36:16,926 [s0-NettyServerStreamRpc-workerGroup--thread2] INFO  netty.NettyConfigKeys$DataStream (ConfUtils.java:logGet(46)) - raft.netty.dataStream.client.worker-group.size = 4 (default)
2022-07-22 17:36:16,928 [s1-NettyServerStreamRpc-workerGroup--thread3] INFO  client.DataStreamClient (ConfUtils.java:logGet(46)) - raft.datastream.type = NETTY (custom)
2022-07-22 17:36:16,928 [s1-NettyServerStreamRpc-workerGroup--thread3] INFO  netty.NettyConfigKeys$DataStream (ConfUtils.java:logGet(46)) - raft.netty.dataStream.client.tls.conf = null (default)
2022-07-22 17:36:16,928 [s1-NettyServerStreamRpc-workerGroup--thread3] INFO  netty.NettyConfigKeys$DataStream (ConfUtils.java:logGet(46)) - raft.netty.dataStream.client.reply.queue.grace-period = 1s (default)
2022-07-22 17:36:16,928 [s1-NettyServerStreamRpc-workerGroup--thread3] INFO  netty.NettyConfigKeys$DataStream (ConfUtils.java:logGet(46)) - raft.netty.dataStream.client.worker-group.share = false (default)
2022-07-22 17:36:16,928 [s1-NettyServerStreamRpc-workerGroup--thread3] INFO  netty.NettyConfigKeys$DataStream (ConfUtils.java:logGet(46)) - raft.netty.dataStream.client.worker-group.size = 4 (default)
2022-07-22 17:36:16,940 [s2-NettyServerStreamRpc-bossGroup--thread1] INFO  logging.LoggingHandler (AbstractInternalLogger.java:log(148)) - [id: 0x46ea492a, L:/0.0.0.0:33781] READ: [id: 0xc1371676, L:/127.0.0.1:33781 - R:/127.0.0.1:35528]
2022-07-22 17:36:16,940 [s2-NettyServerStreamRpc-bossGroup--thread1] INFO  logging.LoggingHandler (AbstractInternalLogger.java:log(148)) - [id: 0x46ea492a, L:/0.0.0.0:33781] READ COMPLETE
2022-07-22 17:36:16,942 [s2-NettyServerStreamRpc-bossGroup--thread1] INFO  logging.LoggingHandler (AbstractInternalLogger.java:log(148)) - [id: 0x46ea492a, L:/0.0.0.0:33781] READ: [id: 0x59ee0030, L:/127.0.0.1:33781 - R:/127.0.0.1:35530]
2022-07-22 17:36:16,942 [s2-NettyServerStreamRpc-bossGroup--thread1] INFO  logging.LoggingHandler (AbstractInternalLogger.java:log(148)) - [id: 0x46ea492a, L:/0.0.0.0:33781] READ COMPLETE
2022-07-22 17:36:16,942 [s0-NettyServerStreamRpc-workerGroup--thread3] INFO  client.DataStreamClient (ConfUtils.java:logGet(46)) - raft.datastream.type = NETTY (custom)
2022-07-22 17:36:16,943 [s0-NettyServerStreamRpc-workerGroup--thread3] INFO  netty.NettyConfigKeys$DataStream (ConfUtils.java:logGet(46)) - raft.netty.dataStream.client.tls.conf = null (default)
2022-07-22 17:36:16,943 [s0-NettyServerStreamRpc-workerGroup--thread3] INFO  netty.NettyConfigKeys$DataStream (ConfUtils.java:logGet(46)) - raft.netty.dataStream.client.reply.queue.grace-period = 1s (default)
2022-07-22 17:36:16,943 [s0-NettyServerStreamRpc-workerGroup--thread3] INFO  netty.NettyConfigKeys$DataStream (ConfUtils.java:logGet(46)) - raft.netty.dataStream.client.worker-group.share = false (default)
2022-07-22 17:36:16,943 [s0-NettyServerStreamRpc-workerGroup--thread3] INFO  netty.NettyConfigKeys$DataStream (ConfUtils.java:logGet(46)) - raft.netty.dataStream.client.worker-group.size = 4 (default)
2022-07-22 17:36:16,944 [s2-NettyServerStreamRpc-bossGroup--thread1] INFO  logging.LoggingHandler (AbstractInternalLogger.java:log(148)) - [id: 0x46ea492a, L:/0.0.0.0:33781] READ: [id: 0xb183f56d, L:/127.0.0.1:33781 - R:/127.0.0.1:35532]
2022-07-22 17:36:16,945 [s2-NettyServerStreamRpc-bossGroup--thread1] INFO  logging.LoggingHandler (AbstractInternalLogger.java:log(148)) - [id: 0x46ea492a, L:/0.0.0.0:33781] READ COMPLETE
2022-07-22 17:36:16,945 [s0-NettyServerStreamRpc-workerGroup--thread3] INFO  client.DataStreamClient (ConfUtils.java:logGet(46)) - raft.datastream.type = NETTY (custom)
2022-07-22 17:36:16,945 [s0-NettyServerStreamRpc-workerGroup--thread3] INFO  netty.NettyConfigKeys$DataStream (ConfUtils.java:logGet(46)) - raft.netty.dataStream.client.tls.conf = null (default)
2022-07-22 17:36:16,945 [s0-NettyServerStreamRpc-workerGroup--thread3] INFO  netty.NettyConfigKeys$DataStream (ConfUtils.java:logGet(46)) - raft.netty.dataStream.client.reply.queue.grace-period = 1s (default)
2022-07-22 17:36:16,945 [s0-NettyServerStreamRpc-workerGroup--thread3] INFO  netty.NettyConfigKeys$DataStream (ConfUtils.java:logGet(46)) - raft.netty.dataStream.client.worker-group.share = false (default)
2022-07-22 17:36:16,945 [s0-NettyServerStreamRpc-workerGroup--thread3] INFO  netty.NettyConfigKeys$DataStream (ConfUtils.java:logGet(46)) - raft.netty.dataStream.client.worker-group.size = 4 (default)
2022-07-22 17:36:16,947 [s2-NettyServerStreamRpc-workerGroup--thread1] INFO  client.DataStreamClient (ConfUtils.java:logGet(46)) - raft.datastream.type = NETTY (custom)
2022-07-22 17:36:16,947 [s2-NettyServerStreamRpc-workerGroup--thread1] INFO  netty.NettyConfigKeys$DataStream (ConfUtils.java:logGet(46)) - raft.netty.dataStream.client.tls.conf = null (default)
2022-07-22 17:36:16,947 [s2-NettyServerStreamRpc-workerGroup--thread1] INFO  netty.NettyConfigKeys$DataStream (ConfUtils.java:logGet(46)) - raft.netty.dataStream.client.reply.queue.grace-period = 1s (default)
2022-07-22 17:36:16,947 [s2-NettyServerStreamRpc-workerGroup--thread1] INFO  netty.NettyConfigKeys$DataStream (ConfUtils.java:logGet(46)) - raft.netty.dataStream.client.worker-group.share = false (default)
2022-07-22 17:36:16,947 [s2-NettyServerStreamRpc-workerGroup--thread1] INFO  netty.NettyConfigKeys$DataStream (ConfUtils.java:logGet(46)) - raft.netty.dataStream.client.worker-group.size = 4 (default)
2022-07-22 17:36:16,949 [s0-NettyServerStreamRpc-bossGroup--thread1] INFO  logging.LoggingHandler (AbstractInternalLogger.java:log(148)) - [id: 0x4ee1b3e5, L:/0.0.0.0:37487] READ: [id: 0xd7303a5a, L:/127.0.0.1:37487 - R:/127.0.0.1:37718]
2022-07-22 17:36:16,949 [s0-NettyServerStreamRpc-bossGroup--thread1] INFO  logging.LoggingHandler (AbstractInternalLogger.java:log(148)) - [id: 0x4ee1b3e5, L:/0.0.0.0:37487] READ COMPLETE
2022-07-22 17:36:16,949 [s2-NettyServerStreamRpc-workerGroup--thread1] INFO  client.DataStreamClient (ConfUtils.java:logGet(46)) - raft.datastream.type = NETTY (custom)
2022-07-22 17:36:16,949 [s2-NettyServerStreamRpc-workerGroup--thread1] INFO  netty.NettyConfigKeys$DataStream (ConfUtils.java:logGet(46)) - raft.netty.dataStream.client.tls.conf = null (default)
2022-07-22 17:36:16,949 [s2-NettyServerStreamRpc-workerGroup--thread1] INFO  netty.NettyConfigKeys$DataStream (ConfUtils.java:logGet(46)) - raft.netty.dataStream.client.reply.queue.grace-period = 1s (default)
2022-07-22 17:36:16,949 [s2-NettyServerStreamRpc-workerGroup--thread1] INFO  netty.NettyConfigKeys$DataStream (ConfUtils.java:logGet(46)) - raft.netty.dataStream.client.worker-group.share = false (default)
2022-07-22 17:36:16,949 [s2-NettyServerStreamRpc-workerGroup--thread1] INFO  netty.NettyConfigKeys$DataStream (ConfUtils.java:logGet(46)) - raft.netty.dataStream.client.worker-group.size = 4 (default)
2022-07-22 17:36:16,962 [s2-NettyServerStreamRpc-bossGroup--thread1] INFO  logging.LoggingHandler (AbstractInternalLogger.java:log(148)) - [id: 0x46ea492a, L:/0.0.0.0:33781] READ: [id: 0x1bcb4714, L:/127.0.0.1:33781 - R:/127.0.0.1:35536]
2022-07-22 17:36:16,962 [s2-NettyServerStreamRpc-bossGroup--thread1] INFO  logging.LoggingHandler (AbstractInternalLogger.java:log(148)) - [id: 0x46ea492a, L:/0.0.0.0:33781] READ COMPLETE
2022-07-22 17:36:16,968 [s2-NettyServerStreamRpc-workerGroup--thread1] INFO  client.DataStreamClient (ConfUtils.java:logGet(46)) - raft.datastream.type = NETTY (custom)
2022-07-22 17:36:16,968 [s2-NettyServerStreamRpc-workerGroup--thread1] INFO  netty.NettyConfigKeys$DataStream (ConfUtils.java:logGet(46)) - raft.netty.dataStream.client.tls.conf = null (default)
2022-07-22 17:36:16,968 [s2-NettyServerStreamRpc-workerGroup--thread1] INFO  netty.NettyConfigKeys$DataStream (ConfUtils.java:logGet(46)) - raft.netty.dataStream.client.reply.queue.grace-period = 1s (default)
2022-07-22 17:36:16,968 [s2-NettyServerStreamRpc-workerGroup--thread1] INFO  netty.NettyConfigKeys$DataStream (ConfUtils.java:logGet(46)) - raft.netty.dataStream.client.worker-group.share = false (default)
2022-07-22 17:36:16,968 [s2-NettyServerStreamRpc-workerGroup--thread1] INFO  netty.NettyConfigKeys$DataStream (ConfUtils.java:logGet(46)) - raft.netty.dataStream.client.worker-group.size = 4 (default)
2022-07-22 17:36:16,976 [s0-NettyServerStreamRpc-bossGroup--thread1] INFO  logging.LoggingHandler (AbstractInternalLogger.java:log(148)) - [id: 0x4ee1b3e5, L:/0.0.0.0:37487] READ: [id: 0xe1ca855b, L:/127.0.0.1:37487 - R:/127.0.0.1:37722]
2022-07-22 17:36:16,976 [s0-NettyServerStreamRpc-bossGroup--thread1] INFO  logging.LoggingHandler (AbstractInternalLogger.java:log(148)) - [id: 0x4ee1b3e5, L:/0.0.0.0:37487] READ: [id: 0x9f788627, L:/127.0.0.1:37487 - R:/127.0.0.1:37724]
2022-07-22 17:36:16,976 [s0-NettyServerStreamRpc-bossGroup--thread1] INFO  logging.LoggingHandler (AbstractInternalLogger.java:log(148)) - [id: 0x4ee1b3e5, L:/0.0.0.0:37487] READ COMPLETE
2022-07-22 17:36:16,990 [s0-NettyServerStreamRpc-bossGroup--thread1] INFO  logging.LoggingHandler (AbstractInternalLogger.java:log(148)) - [id: 0x4ee1b3e5, L:/0.0.0.0:37487] READ: [id: 0xb40331ff, L:/127.0.0.1:37487 - R:/127.0.0.1:37726]
2022-07-22 17:36:16,990 [s0-NettyServerStreamRpc-bossGroup--thread1] INFO  logging.LoggingHandler (AbstractInternalLogger.java:log(148)) - [id: 0x4ee1b3e5, L:/0.0.0.0:37487] READ COMPLETE
2022-07-22 17:36:16,991 [s0-NettyServerStreamRpc-workerGroup--thread2] INFO  client.DataStreamClient (ConfUtils.java:logGet(46)) - raft.datastream.type = NETTY (custom)
2022-07-22 17:36:16,992 [s0-NettyServerStreamRpc-workerGroup--thread2] INFO  netty.NettyConfigKeys$DataStream (ConfUtils.java:logGet(46)) - raft.netty.dataStream.client.tls.conf = null (default)
2022-07-22 17:36:16,992 [s0-NettyServerStreamRpc-workerGroup--thread2] INFO  netty.NettyConfigKeys$DataStream (ConfUtils.java:logGet(46)) - raft.netty.dataStream.client.reply.queue.grace-period = 1s (default)
2022-07-22 17:36:16,992 [s0-NettyServerStreamRpc-workerGroup--thread2] INFO  netty.NettyConfigKeys$DataStream (ConfUtils.java:logGet(46)) - raft.netty.dataStream.client.worker-group.share = false (default)
2022-07-22 17:36:16,992 [s1-NettyServerStreamRpc-workerGroup--thread3] INFO  client.DataStreamClient (ConfUtils.java:logGet(46)) - raft.datastream.type = NETTY (custom)
2022-07-22 17:36:16,992 [s0-NettyServerStreamRpc-workerGroup--thread2] INFO  netty.NettyConfigKeys$DataStream (ConfUtils.java:logGet(46)) - raft.netty.dataStream.client.worker-group.size = 4 (default)
2022-07-22 17:36:16,992 [s1-NettyServerStreamRpc-workerGroup--thread3] INFO  netty.NettyConfigKeys$DataStream (ConfUtils.java:logGet(46)) - raft.netty.dataStream.client.tls.conf = null (default)
2022-07-22 17:36:16,993 [s1-NettyServerStreamRpc-workerGroup--thread3] INFO  netty.NettyConfigKeys$DataStream (ConfUtils.java:logGet(46)) - raft.netty.dataStream.client.reply.queue.grace-period = 1s (default)
2022-07-22 17:36:16,993 [s1-NettyServerStreamRpc-workerGroup--thread3] INFO  netty.NettyConfigKeys$DataStream (ConfUtils.java:logGet(46)) - raft.netty.dataStream.client.worker-group.share = false (default)
2022-07-22 17:36:16,993 [s1-NettyServerStreamRpc-workerGroup--thread3] INFO  netty.NettyConfigKeys$DataStream (ConfUtils.java:logGet(46)) - raft.netty.dataStream.client.worker-group.size = 4 (default)
2022-07-22 17:36:16,996 [s2-NettyServerStreamRpc-bossGroup--thread1] INFO  logging.LoggingHandler (AbstractInternalLogger.java:log(148)) - [id: 0x46ea492a, L:/0.0.0.0:33781] READ: [id: 0xa1ec1974, L:/127.0.0.1:33781 - R:/127.0.0.1:35544]
2022-07-22 17:36:16,997 [s2-NettyServerStreamRpc-bossGroup--thread1] INFO  logging.LoggingHandler (AbstractInternalLogger.java:log(148)) - [id: 0x46ea492a, L:/0.0.0.0:33781] READ COMPLETE
2022-07-22 17:36:17,010 [s2-NettyServerStreamRpc-bossGroup--thread1] INFO  logging.LoggingHandler (AbstractInternalLogger.java:log(148)) - [id: 0x46ea492a, L:/0.0.0.0:33781] READ: [id: 0x090dcb49, L:/127.0.0.1:33781 - R:/127.0.0.1:35546]
2022-07-22 17:36:17,010 [s2-NettyServerStreamRpc-bossGroup--thread1] INFO  logging.LoggingHandler (AbstractInternalLogger.java:log(148)) - [id: 0x46ea492a, L:/0.0.0.0:33781] READ COMPLETE
2022-07-22 17:36:17,010 [s1-NettyServerStreamRpc-workerGroup--thread3] INFO  client.DataStreamClient (ConfUtils.java:logGet(46)) - raft.datastream.type = NETTY (custom)
2022-07-22 17:36:17,010 [s1-NettyServerStreamRpc-workerGroup--thread3] INFO  netty.NettyConfigKeys$DataStream (ConfUtils.java:logGet(46)) - raft.netty.dataStream.client.tls.conf = null (default)
2022-07-22 17:36:17,010 [s1-NettyServerStreamRpc-workerGroup--thread3] INFO  netty.NettyConfigKeys$DataStream (ConfUtils.java:logGet(46)) - raft.netty.dataStream.client.reply.queue.grace-period = 1s (default)
2022-07-22 17:36:17,010 [s1-NettyServerStreamRpc-workerGroup--thread3] INFO  netty.NettyConfigKeys$DataStream (ConfUtils.java:logGet(46)) - raft.netty.dataStream.client.worker-group.share = false (default)
2022-07-22 17:36:17,010 [s1-NettyServerStreamRpc-workerGroup--thread3] INFO  netty.NettyConfigKeys$DataStream (ConfUtils.java:logGet(46)) - raft.netty.dataStream.client.worker-group.size = 4 (default)
2022-07-22 17:36:17,018 [s2-NettyServerStreamRpc-bossGroup--thread1] INFO  logging.LoggingHandler (AbstractInternalLogger.java:log(148)) - [id: 0x46ea492a, L:/0.0.0.0:33781] READ: [id: 0x41fec638, L:/127.0.0.1:33781 - R:/127.0.0.1:35548]
2022-07-22 17:36:17,019 [s2-NettyServerStreamRpc-bossGroup--thread1] INFO  logging.LoggingHandler (AbstractInternalLogger.java:log(148)) - [id: 0x46ea492a, L:/0.0.0.0:33781] READ COMPLETE
2022-07-22 17:36:17,379 [pool-9-thread-16] INFO  datastream.DataStreamTestUtils (DataStreamTestUtils.java:writeAndCloseAndAssertReplies(320)) - Stream384: bytesWritten=6969216
2022-07-22 17:36:17,391 [pool-9-thread-10] INFO  datastream.DataStreamTestUtils (DataStreamTestUtils.java:writeAndCloseAndAssertReplies(320)) - Stream376: bytesWritten=7773891
2022-07-22 17:36:17,406 [pool-9-thread-14] INFO  datastream.DataStreamTestUtils (DataStreamTestUtils.java:writeAndCloseAndAssertReplies(320)) - Stream380: bytesWritten=8167160
2022-07-22 17:36:17,412 [pool-9-thread-13] INFO  datastream.DataStreamTestUtils (DataStreamTestUtils.java:writeAndCloseAndAssertReplies(320)) - Stream379: bytesWritten=8581108
2022-07-22 17:36:17,429 [pool-9-thread-11] INFO  datastream.DataStreamTestUtils (DataStreamTestUtils.java:writeAndCloseAndAssertReplies(320)) - Stream378: bytesWritten=8625378
2022-07-22 17:36:17,441 [s0-client-thread1] INFO  statemachine.StateMachine (DataStreamTestUtils.java:link(157)) - link SingleDataStream: writeRequest=RaftClientRequest:client-62B04F880D78->s0@group-6B63ABD76F1E, cid=384, seq=0, DataStream, Message:<EMPTY>, logEntry=null
2022-07-22 17:36:17,443 [s1-server-thread2] INFO  statemachine.StateMachine (DataStreamTestUtils.java:link(157)) - link SingleDataStream: writeRequest=RaftClientRequest:client-62B04F880D78->s0@group-6B63ABD76F1E, cid=384, seq=0, DataStream, Message:<EMPTY>, logEntry=null
2022-07-22 17:36:17,443 [s2-server-thread1] INFO  statemachine.StateMachine (DataStreamTestUtils.java:link(157)) - link SingleDataStream: writeRequest=RaftClientRequest:client-62B04F880D78->s0@group-6B63ABD76F1E, cid=384, seq=0, DataStream, Message:<EMPTY>, logEntry=null
2022-07-22 17:36:17,449 [pool-9-thread-16] INFO  datastream.DataStreamTestUtils (DataStreamTestUtils.java:writeAndCloseAndAssertReplies(311)) - start Stream385
2022-07-22 17:36:17,449 [s0-client-thread1] INFO  statemachine.StateMachine (DataStreamTestUtils.java:link(157)) - link SingleDataStream: writeRequest=RaftClientRequest:client-C61C38B8F974->s1@group-6B63ABD76F1E, cid=376, seq=0, DataStream, Message:<EMPTY>, logEntry=null
2022-07-22 17:36:17,452 [s2-server-thread1] INFO  statemachine.StateMachine (DataStreamTestUtils.java:link(157)) - link SingleDataStream: writeRequest=RaftClientRequest:client-C61C38B8F974->s1@group-6B63ABD76F1E, cid=376, seq=0, DataStream, Message:<EMPTY>, logEntry=null
2022-07-22 17:36:17,452 [s0-client-thread1] INFO  statemachine.StateMachine (DataStreamTestUtils.java:link(157)) - link SingleDataStream: writeRequest=RaftClientRequest:client-C61C38B8F974->s1@group-6B63ABD76F1E, cid=380, seq=0, DataStream, Message:<EMPTY>, logEntry=null
2022-07-22 17:36:17,457 [s0-client-thread1] INFO  statemachine.StateMachine (DataStreamTestUtils.java:link(157)) - link SingleDataStream: writeRequest=RaftClientRequest:client-C61C38B8F974->s1@group-6B63ABD76F1E, cid=379, seq=0, DataStream, Message:<EMPTY>, logEntry=null
2022-07-22 17:36:17,458 [s0-client-thread1] INFO  statemachine.StateMachine (DataStreamTestUtils.java:link(157)) - link SingleDataStream: writeRequest=RaftClientRequest:client-C61C38B8F974->s1@group-6B63ABD76F1E, cid=378, seq=0, DataStream, Message:<EMPTY>, logEntry=null
2022-07-22 17:36:17,459 [s2-server-thread1] INFO  statemachine.StateMachine (DataStreamTestUtils.java:link(157)) - link SingleDataStream: writeRequest=RaftClientRequest:client-C61C38B8F974->s1@group-6B63ABD76F1E, cid=380, seq=0, DataStream, Message:<EMPTY>, logEntry=null
2022-07-22 17:36:17,462 [s1-server-thread2] INFO  statemachine.StateMachine (DataStreamTestUtils.java:link(157)) - link SingleDataStream: writeRequest=RaftClientRequest:client-C61C38B8F974->s1@group-6B63ABD76F1E, cid=376, seq=0, DataStream, Message:<EMPTY>, logEntry=null
2022-07-22 17:36:17,464 [s1-server-thread2] INFO  statemachine.StateMachine (DataStreamTestUtils.java:link(157)) - link SingleDataStream: writeRequest=RaftClientRequest:client-C61C38B8F974->s1@group-6B63ABD76F1E, cid=380, seq=0, DataStream, Message:<EMPTY>, logEntry=null
2022-07-22 17:36:17,464 [s1-server-thread2] INFO  statemachine.StateMachine (DataStreamTestUtils.java:link(157)) - link SingleDataStream: writeRequest=RaftClientRequest:client-C61C38B8F974->s1@group-6B63ABD76F1E, cid=379, seq=0, DataStream, Message:<EMPTY>, logEntry=null
2022-07-22 17:36:17,465 [s1-server-thread2] INFO  statemachine.StateMachine (DataStreamTestUtils.java:link(157)) - link SingleDataStream: writeRequest=RaftClientRequest:client-C61C38B8F974->s1@group-6B63ABD76F1E, cid=378, seq=0, DataStream, Message:<EMPTY>, logEntry=null
2022-07-22 17:36:17,465 [s2-server-thread1] INFO  statemachine.StateMachine (DataStreamTestUtils.java:link(157)) - link SingleDataStream: writeRequest=RaftClientRequest:client-C61C38B8F974->s1@group-6B63ABD76F1E, cid=379, seq=0, DataStream, Message:<EMPTY>, logEntry=null
2022-07-22 17:36:17,465 [s2-server-thread1] INFO  statemachine.StateMachine (DataStreamTestUtils.java:link(157)) - link SingleDataStream: writeRequest=RaftClientRequest:client-C61C38B8F974->s1@group-6B63ABD76F1E, cid=378, seq=0, DataStream, Message:<EMPTY>, logEntry=null
2022-07-22 17:36:17,513 [pool-9-thread-10] INFO  datastream.DataStreamTestUtils (DataStreamTestUtils.java:writeAndCloseAndAssertReplies(311)) - start Stream386
2022-07-22 17:36:17,531 [pool-9-thread-14] INFO  datastream.DataStreamTestUtils (DataStreamTestUtils.java:writeAndCloseAndAssertReplies(311)) - start Stream387
2022-07-22 17:36:17,570 [pool-9-thread-13] INFO  datastream.DataStreamTestUtils (DataStreamTestUtils.java:writeAndCloseAndAssertReplies(311)) - start Stream388
2022-07-22 17:36:17,580 [pool-9-thread-16] INFO  datastream.DataStreamTestUtils (DataStreamTestUtils.java:writeAndCloseAndAssertReplies(320)) - Stream385: bytesWritten=7537792
2022-07-22 17:36:17,599 [pool-9-thread-11] INFO  datastream.DataStreamTestUtils (DataStreamTestUtils.java:writeAndCloseAndAssertReplies(311)) - start Stream389
2022-07-22 17:36:17,697 [pool-9-thread-10] INFO  datastream.DataStreamTestUtils (DataStreamTestUtils.java:writeAndCloseAndAssertReplies(320)) - Stream386: bytesWritten=7036326
2022-07-22 17:36:17,759 [pool-9-thread-14] INFO  datastream.DataStreamTestUtils (DataStreamTestUtils.java:writeAndCloseAndAssertReplies(320)) - Stream387: bytesWritten=7860404
2022-07-22 17:36:17,772 [pool-9-thread-11] INFO  datastream.DataStreamTestUtils (DataStreamTestUtils.java:writeAndCloseAndAssertReplies(320)) - Stream389: bytesWritten=7025385
2022-07-22 17:36:17,832 [pool-9-thread-13] INFO  datastream.DataStreamTestUtils (DataStreamTestUtils.java:writeAndCloseAndAssertReplies(320)) - Stream388: bytesWritten=8288131
2022-07-22 17:36:17,836 [s0-client-thread1] INFO  statemachine.StateMachine (DataStreamTestUtils.java:link(157)) - link SingleDataStream: writeRequest=RaftClientRequest:client-FBF4FAB27C9F->s0@group-6B63ABD76F1E, cid=385, seq=0, DataStream, Message:<EMPTY>, logEntry=null
2022-07-22 17:36:17,837 [s0-client-thread1] INFO  statemachine.StateMachine (DataStreamTestUtils.java:link(157)) - link SingleDataStream: writeRequest=RaftClientRequest:client-FBF4FAB27C9F->s0@group-6B63ABD76F1E, cid=386, seq=0, DataStream, Message:<EMPTY>, logEntry=null
2022-07-22 17:36:17,838 [s2-server-thread1] INFO  statemachine.StateMachine (DataStreamTestUtils.java:link(157)) - link SingleDataStream: writeRequest=RaftClientRequest:client-FBF4FAB27C9F->s0@group-6B63ABD76F1E, cid=385, seq=0, DataStream, Message:<EMPTY>, logEntry=null
2022-07-22 17:36:17,839 [s0-client-thread1] INFO  statemachine.StateMachine (DataStreamTestUtils.java:link(157)) - link SingleDataStream: writeRequest=RaftClientRequest:client-FBF4FAB27C9F->s0@group-6B63ABD76F1E, cid=387, seq=0, DataStream, Message:<EMPTY>, logEntry=null
2022-07-22 17:36:17,840 [s2-server-thread1] INFO  statemachine.StateMachine (DataStreamTestUtils.java:link(157)) - link SingleDataStream: writeRequest=RaftClientRequest:client-FBF4FAB27C9F->s0@group-6B63ABD76F1E, cid=386, seq=0, DataStream, Message:<EMPTY>, logEntry=null
2022-07-22 17:36:17,840 [s0-client-thread1] INFO  statemachine.StateMachine (DataStreamTestUtils.java:link(157)) - link SingleDataStream: writeRequest=RaftClientRequest:client-FBF4FAB27C9F->s0@group-6B63ABD76F1E, cid=389, seq=0, DataStream, Message:<EMPTY>, logEntry=null
2022-07-22 17:36:17,840 [s2-server-thread1] INFO  statemachine.StateMachine (DataStreamTestUtils.java:link(157)) - link SingleDataStream: writeRequest=RaftClientRequest:client-FBF4FAB27C9F->s0@group-6B63ABD76F1E, cid=387, seq=0, DataStream, Message:<EMPTY>, logEntry=null
2022-07-22 17:36:17,842 [s2-server-thread1] INFO  statemachine.StateMachine (DataStreamTestUtils.java:link(157)) - link SingleDataStream: writeRequest=RaftClientRequest:client-FBF4FAB27C9F->s0@group-6B63ABD76F1E, cid=389, seq=0, DataStream, Message:<EMPTY>, logEntry=null
2022-07-22 17:36:17,842 [s0-client-thread1] INFO  statemachine.StateMachine (DataStreamTestUtils.java:link(157)) - link SingleDataStream: writeRequest=RaftClientRequest:client-FBF4FAB27C9F->s0@group-6B63ABD76F1E, cid=388, seq=0, DataStream, Message:<EMPTY>, logEntry=null
2022-07-22 17:36:17,844 [s2-server-thread1] INFO  statemachine.StateMachine (DataStreamTestUtils.java:link(157)) - link SingleDataStream: writeRequest=RaftClientRequest:client-FBF4FAB27C9F->s0@group-6B63ABD76F1E, cid=388, seq=0, DataStream, Message:<EMPTY>, logEntry=null
2022-07-22 17:36:17,909 [s1-server-thread1] INFO  statemachine.StateMachine (DataStreamTestUtils.java:link(157)) - link SingleDataStream: writeRequest=RaftClientRequest:client-FBF4FAB27C9F->s0@group-6B63ABD76F1E, cid=385, seq=0, DataStream, Message:<EMPTY>, logEntry=null
2022-07-22 17:36:17,910 [s1-server-thread1] INFO  statemachine.StateMachine (DataStreamTestUtils.java:link(157)) - link SingleDataStream: writeRequest=RaftClientRequest:client-FBF4FAB27C9F->s0@group-6B63ABD76F1E, cid=386, seq=0, DataStream, Message:<EMPTY>, logEntry=null
2022-07-22 17:36:17,911 [s1-server-thread1] INFO  statemachine.StateMachine (DataStreamTestUtils.java:link(157)) - link SingleDataStream: writeRequest=RaftClientRequest:client-FBF4FAB27C9F->s0@group-6B63ABD76F1E, cid=387, seq=0, DataStream, Message:<EMPTY>, logEntry=null
2022-07-22 17:36:17,912 [s1-server-thread1] INFO  statemachine.StateMachine (DataStreamTestUtils.java:link(157)) - link SingleDataStream: writeRequest=RaftClientRequest:client-FBF4FAB27C9F->s0@group-6B63ABD76F1E, cid=389, seq=0, DataStream, Message:<EMPTY>, logEntry=null
2022-07-22 17:36:17,912 [s1-server-thread1] INFO  statemachine.StateMachine (DataStreamTestUtils.java:link(157)) - link SingleDataStream: writeRequest=RaftClientRequest:client-FBF4FAB27C9F->s0@group-6B63ABD76F1E, cid=388, seq=0, DataStream, Message:<EMPTY>, logEntry=null
2022-07-22 17:36:17,950 [pool-9-thread-10] INFO  datastream.DataStreamTestUtils (DataStreamTestUtils.java:writeAndCloseAndAssertReplies(311)) - start Stream390
2022-07-22 17:36:17,968 [pool-9-thread-14] INFO  datastream.DataStreamTestUtils (DataStreamTestUtils.java:writeAndCloseAndAssertReplies(311)) - start Stream391
2022-07-22 17:36:17,982 [pool-9-thread-11] INFO  datastream.DataStreamTestUtils (DataStreamTestUtils.java:writeAndCloseAndAssertReplies(311)) - start Stream392
2022-07-22 17:36:18,003 [pool-9-thread-16] INFO  datastream.DataStreamTestUtils (DataStreamTestUtils.java:writeAndCloseAndAssertReplies(311)) - start Stream393
2022-07-22 17:36:18,019 [pool-9-thread-13] INFO  datastream.DataStreamTestUtils (DataStreamTestUtils.java:writeAndCloseAndAssertReplies(311)) - start Stream394
2022-07-22 17:36:18,228 [pool-9-thread-16] INFO  datastream.DataStreamTestUtils (DataStreamTestUtils.java:writeAndCloseAndAssertReplies(320)) - Stream393: bytesWritten=7428132
2022-07-22 17:36:18,232 [s0-client-thread1] INFO  statemachine.StateMachine (DataStreamTestUtils.java:link(157)) - link SingleDataStream: writeRequest=RaftClientRequest:client-FBF4FAB27C9F->s0@group-6B63ABD76F1E, cid=393, seq=0, DataStream, Message:<EMPTY>, logEntry=null
2022-07-22 17:36:18,233 [s1-server-thread2] INFO  statemachine.StateMachine (DataStreamTestUtils.java:link(157)) - link SingleDataStream: writeRequest=RaftClientRequest:client-FBF4FAB27C9F->s0@group-6B63ABD76F1E, cid=393, seq=0, DataStream, Message:<EMPTY>, logEntry=null
2022-07-22 17:36:19,278 [s2-server-thread2] INFO  statemachine.StateMachine (DataStreamTestUtils.java:link(157)) - link SingleDataStream: writeRequest=RaftClientRequest:client-FBF4FAB27C9F->s0@group-6B63ABD76F1E, cid=393, seq=0, DataStream, Message:<EMPTY>, logEntry=null
2022-07-22 17:36:19,278 [pool-9-thread-10] INFO  datastream.DataStreamTestUtils (DataStreamTestUtils.java:writeAndCloseAndAssertReplies(320)) - Stream390: bytesWritten=7013449
2022-07-22 17:36:19,255 [s1@group-6B63ABD76F1E-FollowerState] WARN  impl.FollowerState (FollowerState.java:run(130)) - Unexpected long sleep: sleep 235ms but took extra 915221481ns (> threshold = 300ms)
2022-07-22 17:36:19,255 [s2@group-6B63ABD76F1E-FollowerState] WARN  impl.FollowerState (FollowerState.java:run(130)) - Unexpected long sleep: sleep 203ms but took extra 783646789ns (> threshold = 300ms)
2022-07-22 17:36:19,254 [s0@group-6B63ABD76F1E-LeaderStateImpl] WARN  server.RaftServer$Division (LeaderStateImpl.java:checkLeadership(1020)) - s0@group-6B63ABD76F1E-LeaderStateImpl: Lost leadership on term: 1. Election timeout: 300ms. In charge for: 2836ms. Conf: 0: peers:[s0|rpc:localhost:45007|admin:localhost:46801|client:localhost:44465|dataStream:localhost:37487|priority:0|startupRole:FOLLOWER, s1|rpc:localhost:46271|admin:localhost:33567|client:localhost:41473|dataStream:localhost:32893|priority:0|startupRole:FOLLOWER, s2|rpc:localhost:38411|admin:localhost:35847|client:localhost:45257|dataStream:localhost:33781|priority:0|startupRole:FOLLOWER]|listeners:[], old=null
2022-07-22 17:36:19,284 [s0@group-6B63ABD76F1E-LeaderStateImpl] WARN  server.RaftServer$Division (LeaderStateImpl.java:lambda$checkLeadership$17(1024)) - Follower s0@group-6B63ABD76F1E->s1(c15,m20,n22, attendVote=true, lastRpcSendTime=7, lastRpcResponseTime=1)
2022-07-22 17:36:19,284 [s0@group-6B63ABD76F1E-LeaderStateImpl] WARN  server.RaftServer$Division (LeaderStateImpl.java:lambda$checkLeadership$17(1024)) - Follower s0@group-6B63ABD76F1E->s2(c14,m19,n22, attendVote=true, lastRpcSendTime=11, lastRpcResponseTime=1059)
2022-07-22 17:36:19,284 [s0@group-6B63ABD76F1E-LeaderStateImpl] INFO  server.RaftServer$Division (RaftServerImpl.java:setRole(301)) - s0@group-6B63ABD76F1E: changes role from    LEADER to FOLLOWER at term 1 for StepDownReason:LOST_MAJORITY_HEARTBEATS
2022-07-22 17:36:19,284 [s0@group-6B63ABD76F1E-LeaderStateImpl] INFO  impl.RoleInfo (RoleInfo.java:shutdownLeaderState(93)) - s0: shutdown s0@group-6B63ABD76F1E-LeaderStateImpl
2022-07-22 17:36:19,254 [org.apache.ratis.util.JvmPauseMonitor$$Lambda$279/835836945@25164f29] WARN  util.JvmPauseMonitor (JvmPauseMonitor.java:detectPause(124)) - JvmPauseMonitor-s0: Detected pause in JVM or host machine (eg GC): pause of approximately 570274148ns.
GC pool 'PS MarkSweep' had collection(s): count=1 time=819ms
GC pool 'PS Scavenge' had collection(s): count=1 time=154ms
2022-07-22 17:36:19,254 [org.apache.ratis.util.JvmPauseMonitor$$Lambda$279/835836945@11b25c4d] WARN  util.JvmPauseMonitor (JvmPauseMonitor.java:detectPause(124)) - JvmPauseMonitor-s1: Detected pause in JVM or host machine (eg GC): pause of approximately 555716250ns.
GC pool 'PS MarkSweep' had collection(s): count=1 time=819ms
GC pool 'PS Scavenge' had collection(s): count=1 time=154ms
2022-07-22 17:36:19,252 [org.apache.ratis.util.JvmPauseMonitor$$Lambda$279/835836945@3937aeee] WARN  util.JvmPauseMonitor (JvmPauseMonitor.java:detectPause(124)) - JvmPauseMonitor-s2: Detected pause in JVM or host machine (eg GC): pause of approximately 538054932ns.
GC pool 'PS MarkSweep' had collection(s): count=1 time=819ms
GC pool 'PS Scavenge' had collection(s): count=1 time=154ms
2022-07-22 17:36:19,286 [pool-9-thread-14] INFO  datastream.DataStreamTestUtils (DataStreamTestUtils.java:writeAndCloseAndAssertReplies(320)) - Stream391: bytesWritten=7016790
2022-07-22 17:36:19,286 [grpc-default-executor-1] INFO  server.GrpcServerProtocolService (GrpcServerProtocolService.java:onCompleted(145)) - s1: Completed APPEND_ENTRIES, lastRequest: s0->s1#120-t1,previous=(t:1, i:20),leaderCommit=19,initializing? true,entries: size=1, first=(t:1, i:21), STATEMACHINELOGENTRY, 393@client-FBF4FAB27C9F
2022-07-22 17:36:19,287 [grpc-default-executor-14] INFO  server.GrpcLogAppender (GrpcLogAppender.java:onCompleted(386)) - s0@group-6B63ABD76F1E->s1-AppendLogResponseHandler: follower responses appendEntries COMPLETED
2022-07-22 17:36:19,288 [grpc-default-executor-14] INFO  leader.FollowerInfo (FollowerInfoImpl.java:lambda$new$0(48)) - s0@group-6B63ABD76F1E->s1: nextIndex: updateUnconditionally 22 -> 21
2022-07-22 17:36:19,307 [pool-9-thread-11] INFO  datastream.DataStreamTestUtils (DataStreamTestUtils.java:writeAndCloseAndAssertReplies(320)) - Stream392: bytesWritten=7849922
2022-07-22 17:36:19,324 [s0@group-6B63ABD76F1E-LeaderStateImpl] INFO  impl.PendingRequests (PendingRequests.java:sendNotLeaderResponses(282)) - s0@group-6B63ABD76F1E-PendingRequests: sendNotLeaderResponses
2022-07-22 17:36:19,330 [grpc-default-executor-1] INFO  server.GrpcServerProtocolService (GrpcServerProtocolService.java:onCompleted(145)) - s2: Completed APPEND_ENTRIES, lastRequest: s0->s2#114-t1,previous=(t:1, i:20),leaderCommit=19,initializing? true,entries: size=1, first=(t:1, i:21), STATEMACHINELOGENTRY, 393@client-FBF4FAB27C9F
2022-07-22 17:36:19,335 [grpc-default-executor-1] INFO  server.GrpcServerProtocolService (GrpcServerProtocolService.java:onCompleted(145)) - s2: Completed APPEND_ENTRIES, lastRequest: null
2022-07-22 17:36:19,336 [grpc-default-executor-15] INFO  server.GrpcLogAppender (GrpcLogAppender.java:onCompleted(386)) - s0@group-6B63ABD76F1E->s2-AppendLogResponseHandler: follower responses appendEntries COMPLETED
2022-07-22 17:36:19,336 [grpc-default-executor-15] INFO  leader.FollowerInfo (FollowerInfoImpl.java:lambda$new$0(48)) - s0@group-6B63ABD76F1E->s2: nextIndex: updateUnconditionally 22 -> 21
2022-07-22 17:36:19,340 [grpc-default-executor-1] INFO  server.GrpcLogAppender (GrpcLogAppender.java:onCompleted(386)) - s0@group-6B63ABD76F1E->s2-AppendLogResponseHandler: follower responses appendEntries COMPLETED
2022-07-22 17:36:19,341 [grpc-default-executor-1] INFO  leader.FollowerInfo (FollowerInfoImpl.java:lambda$new$0(48)) - s0@group-6B63ABD76F1E->s2: nextIndex: updateUnconditionally 21 -> 20
2022-07-22 17:36:19,355 [pool-9-thread-13] INFO  datastream.DataStreamTestUtils (DataStreamTestUtils.java:writeAndCloseAndAssertReplies(320)) - Stream394: bytesWritten=7499415
2022-07-22 17:36:19,391 [grpc-default-executor-0] INFO  server.GrpcServerProtocolService (GrpcServerProtocolService.java:onCompleted(145)) - s1: Completed APPEND_ENTRIES, lastRequest: null
2022-07-22 17:36:19,391 [s0@group-6B63ABD76F1E-LeaderStateImpl] INFO  impl.RoleInfo (RoleInfo.java:updateAndGet(139)) - s0: start s0@group-6B63ABD76F1E-FollowerState
2022-07-22 17:36:19,391 [grpc-default-executor-17] INFO  server.GrpcLogAppender (GrpcLogAppender.java:onCompleted(386)) - s0@group-6B63ABD76F1E->s1-AppendLogResponseHandler: follower responses appendEntries COMPLETED
2022-07-22 17:36:19,392 [grpc-default-executor-17] INFO  leader.FollowerInfo (FollowerInfoImpl.java:lambda$new$0(48)) - s0@group-6B63ABD76F1E->s1: nextIndex: updateUnconditionally 21 -> 20
2022-07-22 17:36:19,595 [s0@group-6B63ABD76F1E-FollowerState] INFO  impl.FollowerState (FollowerState.java:lostMajorityHeartbeatsRecently(108)) - s0@group-6B63ABD76F1E-FollowerState: Skipping leader election since it stepped down recently (elapsed = 204ms < waitTime = 10s)
2022-07-22 17:36:19,666 [s2@group-6B63ABD76F1E-FollowerState] INFO  impl.FollowerState (FollowerState.java:run(143)) - s2@group-6B63ABD76F1E-FollowerState: change to CANDIDATE, lastRpcElapsedTime:306166243ns, electionTimeout:233ms
2022-07-22 17:36:19,667 [s2@group-6B63ABD76F1E-FollowerState] INFO  impl.RoleInfo (RoleInfo.java:shutdownFollowerState(110)) - s2: shutdown s2@group-6B63ABD76F1E-FollowerState
2022-07-22 17:36:19,669 [s2@group-6B63ABD76F1E-FollowerState] INFO  server.RaftServer$Division (RaftServerImpl.java:setRole(301)) - s2@group-6B63ABD76F1E: changes role from  FOLLOWER to CANDIDATE at term 1 for changeToCandidate
2022-07-22 17:36:19,669 [s2@group-6B63ABD76F1E-FollowerState] INFO  server.RaftServerConfigKeys (ConfUtils.java:logGet(46)) - raft.server.leaderelection.pre-vote = true (default)
2022-07-22 17:36:19,669 [s2@group-6B63ABD76F1E-FollowerState] INFO  impl.RoleInfo (RoleInfo.java:updateAndGet(139)) - s2: start s2@group-6B63ABD76F1E-LeaderElection4
2022-07-22 17:36:19,669 [s2@group-6B63ABD76F1E-LeaderElection4] INFO  server.RaftServer$Division (ServerState.java:setLeader(313)) - s2@group-6B63ABD76F1E: change Leader from s0 to null at term 1 for PRE_VOTE
2022-07-22 17:36:19,669 [s2@group-6B63ABD76F1E-LeaderElection4] INFO  impl.LeaderElection (LeaderElection.java:askForVotes(310)) - s2@group-6B63ABD76F1E-LeaderElection4 PRE_VOTE round 0: submit vote requests at term 1 for 0: peers:[s0|rpc:localhost:45007|admin:localhost:46801|client:localhost:44465|dataStream:localhost:37487|priority:0|startupRole:FOLLOWER, s1|rpc:localhost:46271|admin:localhost:33567|client:localhost:41473|dataStream:localhost:32893|priority:0|startupRole:FOLLOWER, s2|rpc:localhost:38411|admin:localhost:35847|client:localhost:45257|dataStream:localhost:33781|priority:0|startupRole:FOLLOWER]|listeners:[], old=null
2022-07-22 17:36:19,670 [s2@group-6B63ABD76F1E-LeaderElection4-1] INFO  server.GrpcServerProtocolClient (GrpcServerProtocolClient.java:<init>(63)) - Build channel for s0
2022-07-22 17:36:19,685 [s2@group-6B63ABD76F1E-LeaderElection4-2] INFO  server.GrpcServerProtocolClient (GrpcServerProtocolClient.java:<init>(63)) - Build channel for s1
2022-07-22 17:36:19,702 [grpc-default-executor-15] INFO  server.RaftServer$Division (RaftServerImpl.java:requestVote(1198)) - s0@group-6B63ABD76F1E: receive requestVote(PRE_VOTE, s2, group-6B63ABD76F1E, 1, (t:1, i:21))
2022-07-22 17:36:19,702 [grpc-default-executor-15] INFO  impl.VoteContext (VoteContext.java:log(48)) - s0@group-6B63ABD76F1E-FOLLOWER: accept PRE_VOTE from s2: our priority 0 <= candidate's priority 0
2022-07-22 17:36:19,703 [grpc-default-executor-15] INFO  server.RaftServer$Division (RaftServerImpl.java:requestVote(1231)) - s0@group-6B63ABD76F1E replies to PRE_VOTE vote request: s2<-s0#0:OK-t1. Peer's state: s0@group-6B63ABD76F1E:t1, leader=s0, voted=s0, raftlog=Memoized:s0@group-6B63ABD76F1E-SegmentedRaftLog:OPENED:c19, conf=0: peers:[s0|rpc:localhost:45007|admin:localhost:46801|client:localhost:44465|dataStream:localhost:37487|priority:0|startupRole:FOLLOWER, s1|rpc:localhost:46271|admin:localhost:33567|client:localhost:41473|dataStream:localhost:32893|priority:0|startupRole:FOLLOWER, s2|rpc:localhost:38411|admin:localhost:35847|client:localhost:45257|dataStream:localhost:33781|priority:0|startupRole:FOLLOWER]|listeners:[], old=null
2022-07-22 17:36:19,703 [grpc-default-executor-0] INFO  server.RaftServer$Division (RaftServerImpl.java:requestVote(1198)) - s1@group-6B63ABD76F1E: receive requestVote(PRE_VOTE, s2, group-6B63ABD76F1E, 1, (t:1, i:21))
2022-07-22 17:36:19,703 [grpc-default-executor-0] INFO  impl.VoteContext (VoteContext.java:log(48)) - s1@group-6B63ABD76F1E-FOLLOWER: accept PRE_VOTE from s2: our priority 0 <= candidate's priority 0
2022-07-22 17:36:19,703 [grpc-default-executor-0] INFO  server.RaftServer$Division (RaftServerImpl.java:requestVote(1231)) - s1@group-6B63ABD76F1E replies to PRE_VOTE vote request: s2<-s1#0:OK-t1. Peer's state: s1@group-6B63ABD76F1E:t1, leader=s0, voted=s0, raftlog=Memoized:s1@group-6B63ABD76F1E-SegmentedRaftLog:OPENED:c19, conf=0: peers:[s0|rpc:localhost:45007|admin:localhost:46801|client:localhost:44465|dataStream:localhost:37487|priority:0|startupRole:FOLLOWER, s1|rpc:localhost:46271|admin:localhost:33567|client:localhost:41473|dataStream:localhost:32893|priority:0|startupRole:FOLLOWER, s2|rpc:localhost:38411|admin:localhost:35847|client:localhost:45257|dataStream:localhost:33781|priority:0|startupRole:FOLLOWER]|listeners:[], old=null
2022-07-22 17:36:19,707 [s2@group-6B63ABD76F1E-LeaderElection4] INFO  impl.LeaderElection (LeaderElection.java:logAndReturn(90)) - s2@group-6B63ABD76F1E-LeaderElection4: PRE_VOTE PASSED received 1 response(s) and 0 exception(s):
2022-07-22 17:36:19,707 [s2@group-6B63ABD76F1E-LeaderElection4] INFO  impl.LeaderElection (LeaderElection.java:logAndReturn(94)) -   Response 0: s2<-s1#0:OK-t1
2022-07-22 17:36:19,707 [s2@group-6B63ABD76F1E-LeaderElection4] INFO  impl.LeaderElection (LeaderElection.java:askForVotes(312)) - s2@group-6B63ABD76F1E-LeaderElection4 PRE_VOTE round 0: result PASSED
2022-07-22 17:36:19,709 [s2@group-6B63ABD76F1E-LeaderElection4] INFO  impl.LeaderElection (LeaderElection.java:askForVotes(310)) - s2@group-6B63ABD76F1E-LeaderElection4 ELECTION round 0: submit vote requests at term 2 for 0: peers:[s0|rpc:localhost:45007|admin:localhost:46801|client:localhost:44465|dataStream:localhost:37487|priority:0|startupRole:FOLLOWER, s1|rpc:localhost:46271|admin:localhost:33567|client:localhost:41473|dataStream:localhost:32893|priority:0|startupRole:FOLLOWER, s2|rpc:localhost:38411|admin:localhost:35847|client:localhost:45257|dataStream:localhost:33781|priority:0|startupRole:FOLLOWER]|listeners:[], old=null
2022-07-22 17:36:19,722 [grpc-default-executor-15] INFO  server.RaftServer$Division (RaftServerImpl.java:requestVote(1198)) - s1@group-6B63ABD76F1E: receive requestVote(ELECTION, s2, group-6B63ABD76F1E, 2, (t:1, i:21))
2022-07-22 17:36:19,722 [grpc-default-executor-15] INFO  impl.VoteContext (VoteContext.java:log(48)) - s1@group-6B63ABD76F1E-FOLLOWER: accept ELECTION from s2: our priority 0 <= candidate's priority 0
2022-07-22 17:36:19,722 [grpc-default-executor-15] INFO  server.RaftServer$Division (ServerState.java:setLeader(313)) - s1@group-6B63ABD76F1E: change Leader from s0 to null at term 2 for updateCurrentTerm
2022-07-22 17:36:19,722 [grpc-default-executor-15] INFO  server.RaftServer$Division (RaftServerImpl.java:setRole(301)) - s1@group-6B63ABD76F1E: changes role from  FOLLOWER to FOLLOWER at term 2 for candidate:s2
2022-07-22 17:36:19,722 [grpc-default-executor-15] INFO  impl.RoleInfo (RoleInfo.java:shutdownFollowerState(110)) - s1: shutdown s1@group-6B63ABD76F1E-FollowerState
2022-07-22 17:36:19,722 [grpc-default-executor-15] INFO  impl.RoleInfo (RoleInfo.java:updateAndGet(139)) - s1: start s1@group-6B63ABD76F1E-FollowerState
2022-07-22 17:36:19,723 [s1@group-6B63ABD76F1E-FollowerState] INFO  impl.FollowerState (FollowerState.java:run(152)) - s1@group-6B63ABD76F1E-FollowerState was interrupted
2022-07-22 17:36:19,724 [grpc-default-executor-15] INFO  server.RaftServer$Division (RaftServerImpl.java:requestVote(1231)) - s1@group-6B63ABD76F1E replies to ELECTION vote request: s2<-s1#0:OK-t2. Peer's state: s1@group-6B63ABD76F1E:t2, leader=null, voted=s2, raftlog=Memoized:s1@group-6B63ABD76F1E-SegmentedRaftLog:OPENED:c19, conf=0: peers:[s0|rpc:localhost:45007|admin:localhost:46801|client:localhost:44465|dataStream:localhost:37487|priority:0|startupRole:FOLLOWER, s1|rpc:localhost:46271|admin:localhost:33567|client:localhost:41473|dataStream:localhost:32893|priority:0|startupRole:FOLLOWER, s2|rpc:localhost:38411|admin:localhost:35847|client:localhost:45257|dataStream:localhost:33781|priority:0|startupRole:FOLLOWER]|listeners:[], old=null
2022-07-22 17:36:19,729 [s2@group-6B63ABD76F1E-LeaderElection4] INFO  impl.LeaderElection (LeaderElection.java:logAndReturn(90)) - s2@group-6B63ABD76F1E-LeaderElection4: ELECTION PASSED received 1 response(s) and 0 exception(s):
2022-07-22 17:36:19,730 [s2@group-6B63ABD76F1E-LeaderElection4] INFO  impl.LeaderElection (LeaderElection.java:logAndReturn(94)) -   Response 0: s2<-s1#0:OK-t2
2022-07-22 17:36:19,730 [s2@group-6B63ABD76F1E-LeaderElection4] INFO  impl.LeaderElection (LeaderElection.java:askForVotes(312)) - s2@group-6B63ABD76F1E-LeaderElection4 ELECTION round 0: result PASSED
2022-07-22 17:36:19,730 [s2@group-6B63ABD76F1E-LeaderElection4] INFO  impl.RoleInfo (RoleInfo.java:shutdownLeaderElection(130)) - s2: shutdown s2@group-6B63ABD76F1E-LeaderElection4
2022-07-22 17:36:19,730 [s2@group-6B63ABD76F1E-LeaderElection4] INFO  server.RaftServer$Division (RaftServerImpl.java:setRole(301)) - s2@group-6B63ABD76F1E: changes role from CANDIDATE to LEADER at term 2 for changeToLeader
2022-07-22 17:36:19,730 [s2@group-6B63ABD76F1E-LeaderElection4] INFO  server.RaftServer$Division (ServerState.java:setLeader(313)) - s2@group-6B63ABD76F1E: change Leader from null to s2 at term 2 for becomeLeader, leader elected after 60ms
2022-07-22 17:36:19,730 [s2@group-6B63ABD76F1E-LeaderElection4] INFO  server.RaftServerConfigKeys (ConfUtils.java:logGet(46)) - raft.server.staging.catchup.gap = 1000 (default)
2022-07-22 17:36:19,730 [s2@group-6B63ABD76F1E-LeaderElection4] INFO  server.RaftServerConfigKeys (ConfUtils.java:logGet(46)) - raft.server.write.element-limit = 4096 (default)
2022-07-22 17:36:19,730 [s2@group-6B63ABD76F1E-LeaderElection4] INFO  server.RaftServerConfigKeys (ConfUtils.java:logGet(46)) - raft.server.write.byte-limit = 64MB (=67108864) (default)
2022-07-22 17:36:19,730 [s2@group-6B63ABD76F1E-LeaderElection4] INFO  server.RaftServerConfigKeys (ConfUtils.java:logGet(46)) - raft.server.watch.timeout = 10s (default)
2022-07-22 17:36:19,730 [s2@group-6B63ABD76F1E-LeaderElection4] INFO  server.RaftServerConfigKeys (ConfUtils.java:logGet(46)) - raft.server.watch.timeout.denomination = 1s (default)
2022-07-22 17:36:19,730 [s2@group-6B63ABD76F1E-LeaderElection4] INFO  server.RaftServerConfigKeys (ConfUtils.java:logGet(46)) - raft.server.watch.element-limit = 65536 (default)
2022-07-22 17:36:19,730 [s2@group-6B63ABD76F1E-LeaderElection4] INFO  server.RaftServerConfigKeys (ConfUtils.java:logGet(46)) - raft.server.write.element-limit = 4096 (default)
2022-07-22 17:36:19,730 [s2@group-6B63ABD76F1E-LeaderElection4] INFO  server.RaftServerConfigKeys (ConfUtils.java:logGet(46)) - raft.server.write.follower.gap.ratio.max = -1.0 (default)
2022-07-22 17:36:19,731 [s2@group-6B63ABD76F1E-LeaderElection4] INFO  server.RaftServerConfigKeys (ConfUtils.java:logGet(46)) - raft.server.log.appender.snapshot.chunk.size.max = 16MB (=16777216) (default)
2022-07-22 17:36:19,731 [s2@group-6B63ABD76F1E-LeaderElection4] INFO  server.RaftServerConfigKeys (ConfUtils.java:logGet(46)) - raft.server.log.appender.buffer.byte-limit = 4MB (=4194304) (default)
2022-07-22 17:36:19,731 [s2@group-6B63ABD76F1E-LeaderElection4] INFO  server.RaftServerConfigKeys (ConfUtils.java:logGet(46)) - raft.server.log.appender.buffer.element-limit = 0 (default)
2022-07-22 17:36:19,731 [s2@group-6B63ABD76F1E-LeaderElection4] INFO  grpc.GrpcConfigKeys (ConfUtils.java:logGet(46)) - raft.grpc.server.leader.outstanding.appends.max = 128 (default)
2022-07-22 17:36:19,731 [s2@group-6B63ABD76F1E-LeaderElection4] INFO  server.RaftServerConfigKeys (ConfUtils.java:logGet(46)) - raft.server.rpc.request.timeout = 3000ms (default)
2022-07-22 17:36:19,731 [s2@group-6B63ABD76F1E-LeaderElection4] INFO  server.RaftServerConfigKeys (ConfUtils.java:logGet(46)) - raft.server.log.appender.install.snapshot.enabled = true (default)
2022-07-22 17:36:19,731 [s2@group-6B63ABD76F1E-LeaderElection4] INFO  grpc.GrpcConfigKeys (ConfUtils.java:logGet(46)) - raft.grpc.server.heartbeat.channel = true (default)
2022-07-22 17:36:19,731 [s2@group-6B63ABD76F1E-LeaderElection4] INFO  server.RaftServerConfigKeys (ConfUtils.java:logGet(46)) - raft.server.log.appender.snapshot.chunk.size.max = 16MB (=16777216) (default)
2022-07-22 17:36:19,731 [s2@group-6B63ABD76F1E-LeaderElection4] INFO  server.RaftServerConfigKeys (ConfUtils.java:logGet(46)) - raft.server.log.appender.buffer.byte-limit = 4MB (=4194304) (default)
2022-07-22 17:36:19,731 [s2@group-6B63ABD76F1E-LeaderElection4] INFO  server.RaftServerConfigKeys (ConfUtils.java:logGet(46)) - raft.server.log.appender.buffer.element-limit = 0 (default)
2022-07-22 17:36:19,731 [s2@group-6B63ABD76F1E-LeaderElection4] INFO  grpc.GrpcConfigKeys (ConfUtils.java:logGet(46)) - raft.grpc.server.leader.outstanding.appends.max = 128 (default)
2022-07-22 17:36:19,732 [s2@group-6B63ABD76F1E-LeaderElection4] INFO  server.RaftServerConfigKeys (ConfUtils.java:logGet(46)) - raft.server.rpc.request.timeout = 3000ms (default)
2022-07-22 17:36:19,732 [s2@group-6B63ABD76F1E-LeaderElection4] INFO  server.RaftServerConfigKeys (ConfUtils.java:logGet(46)) - raft.server.log.appender.install.snapshot.enabled = true (default)
2022-07-22 17:36:19,732 [s2@group-6B63ABD76F1E-LeaderElection4] INFO  grpc.GrpcConfigKeys (ConfUtils.java:logGet(46)) - raft.grpc.server.heartbeat.channel = true (default)
2022-07-22 17:36:19,732 [s2@group-6B63ABD76F1E-LeaderElection4] INFO  impl.RoleInfo (RoleInfo.java:updateAndGet(139)) - s2: start s2@group-6B63ABD76F1E-LeaderStateImpl
2022-07-22 17:36:19,734 [s2@group-6B63ABD76F1E-LeaderElection4] INFO  segmented.SegmentedRaftLogWorker (SegmentedRaftLogWorker.java:rollLogSegment(430)) - s2@group-6B63ABD76F1E-SegmentedRaftLogWorker: Rolling segment log-0_21 to index:21
2022-07-22 17:36:19,739 [s2@group-6B63ABD76F1E-SegmentedRaftLogWorker] TRACE util.FileUtils (LogUtils.java:runAndLog(49)) - Successfully ran Files.move /home/runner/work/ratis/ratis/ratis-test/target/test/data/da1aeb91/MiniRaftClusterWithRpcTypeGrpcAndDataStreamTypeNettye2b889c1/s2/3afc5591-9416-45e5-9231-6b63abd76f1e/current/log_inprogress_0 to /home/runner/work/ratis/ratis/ratis-test/target/test/data/da1aeb91/MiniRaftClusterWithRpcTypeGrpcAndDataStreamTypeNettye2b889c1/s2/3afc5591-9416-45e5-9231-6b63abd76f1e/current/log_0-21
2022-07-22 17:36:19,740 [s2@group-6B63ABD76F1E-SegmentedRaftLogWorker] INFO  segmented.SegmentedRaftLogWorker (SegmentedRaftLogWorker.java:execute(586)) - s2@group-6B63ABD76F1E-SegmentedRaftLogWorker: Rolled log segment from /home/runner/work/ratis/ratis/ratis-test/target/test/data/da1aeb91/MiniRaftClusterWithRpcTypeGrpcAndDataStreamTypeNettye2b889c1/s2/3afc5591-9416-45e5-9231-6b63abd76f1e/current/log_inprogress_0 to /home/runner/work/ratis/ratis/ratis-test/target/test/data/da1aeb91/MiniRaftClusterWithRpcTypeGrpcAndDataStreamTypeNettye2b889c1/s2/3afc5591-9416-45e5-9231-6b63abd76f1e/current/log_0-21
2022-07-22 17:36:19,740 [grpc-default-executor-15] INFO  server.RaftServer$Division (RaftServerImpl.java:requestVote(1198)) - s0@group-6B63ABD76F1E: receive requestVote(ELECTION, s2, group-6B63ABD76F1E, 2, (t:1, i:21))
2022-07-22 17:36:19,741 [grpc-default-executor-15] INFO  impl.VoteContext (VoteContext.java:log(48)) - s0@group-6B63ABD76F1E-FOLLOWER: accept ELECTION from s2: our priority 0 <= candidate's priority 0
2022-07-22 17:36:19,741 [grpc-default-executor-15] INFO  server.RaftServer$Division (ServerState.java:setLeader(313)) - s0@group-6B63ABD76F1E: change Leader from s0 to null at term 2 for updateCurrentTerm
2022-07-22 17:36:19,741 [grpc-default-executor-15] INFO  server.RaftServer$Division (RaftServerImpl.java:setRole(301)) - s0@group-6B63ABD76F1E: changes role from  FOLLOWER to FOLLOWER at term 2 for candidate:s2
2022-07-22 17:36:19,741 [grpc-default-executor-15] INFO  impl.RoleInfo (RoleInfo.java:shutdownFollowerState(110)) - s0: shutdown s0@group-6B63ABD76F1E-FollowerState
2022-07-22 17:36:19,741 [grpc-default-executor-15] INFO  impl.RoleInfo (RoleInfo.java:updateAndGet(139)) - s0: start s0@group-6B63ABD76F1E-FollowerState
2022-07-22 17:36:19,741 [s0@group-6B63ABD76F1E-FollowerState] INFO  impl.FollowerState (FollowerState.java:run(152)) - s0@group-6B63ABD76F1E-FollowerState was interrupted
2022-07-22 17:36:19,777 [grpc-default-executor-15] INFO  server.RaftServer$Division (RaftServerImpl.java:requestVote(1231)) - s0@group-6B63ABD76F1E replies to ELECTION vote request: s2<-s0#0:OK-t2. Peer's state: s0@group-6B63ABD76F1E:t2, leader=null, voted=s2, raftlog=Memoized:s0@group-6B63ABD76F1E-SegmentedRaftLog:OPENED:c19, conf=0: peers:[s0|rpc:localhost:45007|admin:localhost:46801|client:localhost:44465|dataStream:localhost:37487|priority:0|startupRole:FOLLOWER, s1|rpc:localhost:46271|admin:localhost:33567|client:localhost:41473|dataStream:localhost:32893|priority:0|startupRole:FOLLOWER, s2|rpc:localhost:38411|admin:localhost:35847|client:localhost:45257|dataStream:localhost:33781|priority:0|startupRole:FOLLOWER]|listeners:[], old=null
2022-07-22 17:36:19,779 [s2@group-6B63ABD76F1E-SegmentedRaftLogWorker] INFO  segmented.SegmentedRaftLogWorker (SegmentedRaftLogWorker.java:execute(629)) - s2@group-6B63ABD76F1E-SegmentedRaftLogWorker: created new log segment /home/runner/work/ratis/ratis/ratis-test/target/test/data/da1aeb91/MiniRaftClusterWithRpcTypeGrpcAndDataStreamTypeNettye2b889c1/s2/3afc5591-9416-45e5-9231-6b63abd76f1e/current/log_inprogress_22
2022-07-22 17:36:19,799 [s2@group-6B63ABD76F1E-LeaderElection4] INFO  server.RaftServer$Division (ServerState.java:setRaftConf(429)) - s2@group-6B63ABD76F1E: set configuration 22: peers:[s0|rpc:localhost:45007|admin:localhost:46801|client:localhost:44465|dataStream:localhost:37487|priority:0|startupRole:FOLLOWER, s1|rpc:localhost:46271|admin:localhost:33567|client:localhost:41473|dataStream:localhost:32893|priority:0|startupRole:FOLLOWER, s2|rpc:localhost:38411|admin:localhost:35847|client:localhost:45257|dataStream:localhost:33781|priority:0|startupRole:FOLLOWER]|listeners:[], old=null
2022-07-22 17:36:19,821 [s0-server-thread1] INFO  server.RaftServer$Division (ServerState.java:setLeader(313)) - s0@group-6B63ABD76F1E: change Leader from null to s2 at term 2 for appendEntries, leader elected after 80ms
2022-07-22 17:36:19,823 [s0-server-thread1] INFO  server.RaftServer$Division (ServerState.java:setRaftConf(429)) - s0@group-6B63ABD76F1E: set configuration 22: peers:[s0|rpc:localhost:45007|admin:localhost:46801|client:localhost:44465|dataStream:localhost:37487|priority:0|startupRole:FOLLOWER, s1|rpc:localhost:46271|admin:localhost:33567|client:localhost:41473|dataStream:localhost:32893|priority:0|startupRole:FOLLOWER, s2|rpc:localhost:38411|admin:localhost:35847|client:localhost:45257|dataStream:localhost:33781|priority:0|startupRole:FOLLOWER]|listeners:[], old=null
2022-07-22 17:36:19,828 [s0-server-thread1] INFO  segmented.SegmentedRaftLogWorker (SegmentedRaftLogWorker.java:rollLogSegment(430)) - s0@group-6B63ABD76F1E-SegmentedRaftLogWorker: Rolling segment log-0_21 to index:21
2022-07-22 17:36:19,837 [s0@group-6B63ABD76F1E-SegmentedRaftLogWorker] TRACE util.FileUtils (LogUtils.java:runAndLog(49)) - Successfully ran Files.move /home/runner/work/ratis/ratis/ratis-test/target/test/data/da1aeb91/MiniRaftClusterWithRpcTypeGrpcAndDataStreamTypeNettye2b889c1/s0/3afc5591-9416-45e5-9231-6b63abd76f1e/current/log_inprogress_0 to /home/runner/work/ratis/ratis/ratis-test/target/test/data/da1aeb91/MiniRaftClusterWithRpcTypeGrpcAndDataStreamTypeNettye2b889c1/s0/3afc5591-9416-45e5-9231-6b63abd76f1e/current/log_0-21
2022-07-22 17:36:19,837 [s0@group-6B63ABD76F1E-SegmentedRaftLogWorker] INFO  segmented.SegmentedRaftLogWorker (SegmentedRaftLogWorker.java:execute(586)) - s0@group-6B63ABD76F1E-SegmentedRaftLogWorker: Rolled log segment from /home/runner/work/ratis/ratis/ratis-test/target/test/data/da1aeb91/MiniRaftClusterWithRpcTypeGrpcAndDataStreamTypeNettye2b889c1/s0/3afc5591-9416-45e5-9231-6b63abd76f1e/current/log_inprogress_0 to /home/runner/work/ratis/ratis/ratis-test/target/test/data/da1aeb91/MiniRaftClusterWithRpcTypeGrpcAndDataStreamTypeNettye2b889c1/s0/3afc5591-9416-45e5-9231-6b63abd76f1e/current/log_0-21
2022-07-22 17:36:19,842 [s1-server-thread1] INFO  server.RaftServer$Division (ServerState.java:setLeader(313)) - s1@group-6B63ABD76F1E: change Leader from null to s2 at term 2 for appendEntries, leader elected after 119ms
2022-07-22 17:36:19,844 [s1-server-thread2] INFO  server.RaftServer$Division (ServerState.java:setRaftConf(429)) - s1@group-6B63ABD76F1E: set configuration 22: peers:[s0|rpc:localhost:45007|admin:localhost:46801|client:localhost:44465|dataStream:localhost:37487|priority:0|startupRole:FOLLOWER, s1|rpc:localhost:46271|admin:localhost:33567|client:localhost:41473|dataStream:localhost:32893|priority:0|startupRole:FOLLOWER, s2|rpc:localhost:38411|admin:localhost:35847|client:localhost:45257|dataStream:localhost:33781|priority:0|startupRole:FOLLOWER]|listeners:[], old=null
2022-07-22 17:36:19,844 [s1-server-thread2] INFO  segmented.SegmentedRaftLogWorker (SegmentedRaftLogWorker.java:rollLogSegment(430)) - s1@group-6B63ABD76F1E-SegmentedRaftLogWorker: Rolling segment log-0_21 to index:21
2022-07-22 17:36:19,845 [s1@group-6B63ABD76F1E-SegmentedRaftLogWorker] TRACE util.FileUtils (LogUtils.java:runAndLog(49)) - Successfully ran Files.move /home/runner/work/ratis/ratis/ratis-test/target/test/data/da1aeb91/MiniRaftClusterWithRpcTypeGrpcAndDataStreamTypeNettye2b889c1/s1/3afc5591-9416-45e5-9231-6b63abd76f1e/current/log_inprogress_0 to /home/runner/work/ratis/ratis/ratis-test/target/test/data/da1aeb91/MiniRaftClusterWithRpcTypeGrpcAndDataStreamTypeNettye2b889c1/s1/3afc5591-9416-45e5-9231-6b63abd76f1e/current/log_0-21
2022-07-22 17:36:19,845 [s1@group-6B63ABD76F1E-SegmentedRaftLogWorker] INFO  segmented.SegmentedRaftLogWorker (SegmentedRaftLogWorker.java:execute(586)) - s1@group-6B63ABD76F1E-SegmentedRaftLogWorker: Rolled log segment from /home/runner/work/ratis/ratis/ratis-test/target/test/data/da1aeb91/MiniRaftClusterWithRpcTypeGrpcAndDataStreamTypeNettye2b889c1/s1/3afc5591-9416-45e5-9231-6b63abd76f1e/current/log_inprogress_0 to /home/runner/work/ratis/ratis/ratis-test/target/test/data/da1aeb91/MiniRaftClusterWithRpcTypeGrpcAndDataStreamTypeNettye2b889c1/s1/3afc5591-9416-45e5-9231-6b63abd76f1e/current/log_0-21
2022-07-22 17:36:19,847 [s0@group-6B63ABD76F1E-SegmentedRaftLogWorker] INFO  segmented.SegmentedRaftLogWorker (SegmentedRaftLogWorker.java:execute(629)) - s0@group-6B63ABD76F1E-SegmentedRaftLogWorker: created new log segment /home/runner/work/ratis/ratis/ratis-test/target/test/data/da1aeb91/MiniRaftClusterWithRpcTypeGrpcAndDataStreamTypeNettye2b889c1/s0/3afc5591-9416-45e5-9231-6b63abd76f1e/current/log_inprogress_22
2022-07-22 17:36:19,859 [s1@group-6B63ABD76F1E-SegmentedRaftLogWorker] INFO  segmented.SegmentedRaftLogWorker (SegmentedRaftLogWorker.java:execute(629)) - s1@group-6B63ABD76F1E-SegmentedRaftLogWorker: created new log segment /home/runner/work/ratis/ratis/ratis-test/target/test/data/da1aeb91/MiniRaftClusterWithRpcTypeGrpcAndDataStreamTypeNettye2b889c1/s1/3afc5591-9416-45e5-9231-6b63abd76f1e/current/log_inprogress_22
2022-07-22 17:36:20,002 [s2-client-thread1] INFO  statemachine.StateMachine (DataStreamTestUtils.java:link(157)) - link null
2022-07-22 17:36:20,224 [s1-server-thread1] INFO  statemachine.StateMachine (DataStreamTestUtils.java:link(157)) - link null
2022-07-22 17:36:20,225 [s0-server-thread1] INFO  statemachine.StateMachine (DataStreamTestUtils.java:link(157)) - link null
2022-07-22 17:36:20,295 [Thread-1351] WARN  server.GrpcServerProtocolService (LogUtils.java:warn(124)) - s0: Failed APPEND_ENTRIES request s2->s0#11-t2,previous=(t:2, i:23),leaderCommit=23,initializing? true,entries: size=1, first=(t:2, i:24), STATEMACHINELOGENTRY, 393@client-FBF4FAB27C9F
java.util.concurrent.CompletionException: java.io.IOException: java.lang.IllegalStateException: Null stream: entry=term: 2
index: 24
stateMachineLogEntry {
  type: DATASTREAM
  clientId: "\306\t\306\331\034\365J1\232`\373\364\372\262|\237"
  callId: 393
}

	at java.util.concurrent.CompletableFuture.encodeThrowable(CompletableFuture.java:292)
	at java.util.concurrent.CompletableFuture.completeThrowable(CompletableFuture.java:308)
	at java.util.concurrent.CompletableFuture.biRelay(CompletableFuture.java:1298)
	at java.util.concurrent.CompletableFuture$BiRelay.tryFire(CompletableFuture.java:1284)
	at java.util.concurrent.CompletableFuture.postComplete(CompletableFuture.java:488)
	at java.util.concurrent.CompletableFuture.completeExceptionally(CompletableFuture.java:1990)
	at org.apache.ratis.server.raftlog.segmented.SegmentedRaftLog$Task.failed(SegmentedRaftLog.java:104)
	at org.apache.ratis.server.raftlog.segmented.SegmentedRaftLogWorker$WriteLog.failed(SegmentedRaftLogWorker.java:513)
	at org.apache.ratis.server.raftlog.segmented.SegmentedRaftLogWorker.run(SegmentedRaftLogWorker.java:319)
	at java.lang.Thread.run(Thread.java:750)
Caused by: java.io.IOException: java.lang.IllegalStateException: Null stream: entry=term: 2
index: 24
stateMachineLogEntry {
  type: DATASTREAM
  clientId: "\306\t\306\331\034\365J1\232`\373\364\372\262|\237"
  callId: 393
}

	at org.apache.ratis.util.IOUtils.asIOException(IOUtils.java:56)
	at org.apache.ratis.util.IOUtils.toIOException(IOUtils.java:61)
	at org.apache.ratis.util.IOUtils.getFromFuture(IOUtils.java:85)
	at org.apache.ratis.server.raftlog.segmented.SegmentedRaftLogWorker$StateMachineDataPolicy.getFromFuture(SegmentedRaftLogWorker.java:89)
	at org.apache.ratis.server.raftlog.segmented.SegmentedRaftLogWorker$WriteLog.execute(SegmentedRaftLogWorker.java:534)
	at org.apache.ratis.server.raftlog.segmented.SegmentedRaftLogWorker.run(SegmentedRaftLogWorker.java:310)
	... 1 more
Caused by: java.lang.IllegalStateException: Null stream: entry=term: 2
index: 24
stateMachineLogEntry {
  type: DATASTREAM
  clientId: "\306\t\306\331\034\365J1\232`\373\364\372\262|\237"
  callId: 393
}

	at org.apache.ratis.datastream.DataStreamTestUtils$MultiDataStreamStateMachine.link(DataStreamTestUtils.java:159)
	at org.apache.ratis.server.raftlog.segmented.SegmentedRaftLogWorker$WriteLog.<init>(SegmentedRaftLogWorker.java:491)
	at org.apache.ratis.server.raftlog.segmented.SegmentedRaftLogWorker.writeLogEntry(SegmentedRaftLogWorker.java:437)
	at org.apache.ratis.server.raftlog.segmented.SegmentedRaftLog.appendEntryImpl(SegmentedRaftLog.java:408)
	at org.apache.ratis.server.raftlog.RaftLogBase.lambda$appendEntry$10(RaftLogBase.java:323)
	at org.apache.ratis.server.raftlog.RaftLogSequentialOps$Runner.runSequentially(RaftLogSequentialOps.java:77)
	at org.apache.ratis.server.raftlog.RaftLogBase.appendEntry(RaftLogBase.java:323)
	at org.apache.ratis.server.raftlog.segmented.SegmentedRaftLog.appendImpl(SegmentedRaftLog.java:457)
	at org.apache.ratis.server.raftlog.RaftLogBase.lambda$append$11(RaftLogBase.java:330)
	at org.apache.ratis.server.raftlog.RaftLogSequentialOps$Runner.runSequentially(RaftLogSequentialOps.java:68)
	at org.apache.ratis.server.raftlog.RaftLogBase.append(RaftLogBase.java:330)
	at org.apache.ratis.server.impl.RaftServerImpl.appendEntriesAsync(RaftServerImpl.java:1404)
	at org.apache.ratis.server.impl.RaftServerImpl.appendEntriesAsync(RaftServerImpl.java:1290)
	at org.apache.ratis.server.impl.RaftServerProxy.lambda$null$25(RaftServerProxy.java:622)
	at org.apache.ratis.util.JavaUtils.callAsUnchecked(JavaUtils.java:115)
	at org.apache.ratis.server.impl.RaftServerImpl.lambda$executeSubmitServerRequestAsync$11(RaftServerImpl.java:789)
	at java.util.concurrent.CompletableFuture$AsyncSupply.run(CompletableFuture.java:1604)
	at java.util.concurrent.ThreadPoolExecutor.runWorker(ThreadPoolExecutor.java:1149)
	at java.util.concurrent.ThreadPoolExecutor$Worker.run(ThreadPoolExecutor.java:624)
	... 1 more
2022-07-22 17:36:20,318 [Thread-1350] WARN  server.GrpcServerProtocolService (LogUtils.java:warn(124)) - s1: Failed APPEND_ENTRIES request s2->s1#10-t2,previous=(t:2, i:23),leaderCommit=23,initializing? true,entries: size=1, first=(t:2, i:24), STATEMACHINELOGENTRY, 393@client-FBF4FAB27C9F
java.util.concurrent.CompletionException: java.io.IOException: java.lang.IllegalStateException: Null stream: entry=term: 2
index: 24
stateMachineLogEntry {
  type: DATASTREAM
  clientId: "\306\t\306\331\034\365J1\232`\373\364\372\262|\237"
  callId: 393
}

	at java.util.concurrent.CompletableFuture.encodeThrowable(CompletableFuture.java:292)
	at java.util.concurrent.CompletableFuture.completeThrowable(CompletableFuture.java:308)
	at java.util.concurrent.CompletableFuture.biRelay(CompletableFuture.java:1298)
	at java.util.concurrent.CompletableFuture$BiRelay.tryFire(CompletableFuture.java:1284)
	at java.util.concurrent.CompletableFuture.postComplete(CompletableFuture.java:488)
	at java.util.concurrent.CompletableFuture.completeExceptionally(CompletableFuture.java:1990)
	at org.apache.ratis.server.raftlog.segmented.SegmentedRaftLog$Task.failed(SegmentedRaftLog.java:104)
	at org.apache.ratis.server.raftlog.segmented.SegmentedRaftLogWorker$WriteLog.failed(SegmentedRaftLogWorker.java:513)
	at org.apache.ratis.server.raftlog.segmented.SegmentedRaftLogWorker.run(SegmentedRaftLogWorker.java:319)
	at java.lang.Thread.run(Thread.java:750)
Caused by: java.io.IOException: java.lang.IllegalStateException: Null stream: entry=term: 2
index: 24
stateMachineLogEntry {
  type: DATASTREAM
  clientId: "\306\t\306\331\034\365J1\232`\373\364\372\262|\237"
  callId: 393
}

	at org.apache.ratis.util.IOUtils.asIOException(IOUtils.java:56)
	at org.apache.ratis.util.IOUtils.toIOException(IOUtils.java:61)
	at org.apache.ratis.util.IOUtils.getFromFuture(IOUtils.java:85)
	at org.apache.ratis.server.raftlog.segmented.SegmentedRaftLogWorker$StateMachineDataPolicy.getFromFuture(SegmentedRaftLogWorker.java:89)
	at org.apache.ratis.server.raftlog.segmented.SegmentedRaftLogWorker$WriteLog.execute(SegmentedRaftLogWorker.java:534)
	at org.apache.ratis.server.raftlog.segmented.SegmentedRaftLogWorker.run(SegmentedRaftLogWorker.java:310)
	... 1 more
Caused by: java.lang.IllegalStateException: Null stream: entry=term: 2
index: 24
stateMachineLogEntry {
  type: DATASTREAM
  clientId: "\306\t\306\331\034\365J1\232`\373\364\372\262|\237"
  callId: 393
}

	at org.apache.ratis.datastream.DataStreamTestUtils$MultiDataStreamStateMachine.link(DataStreamTestUtils.java:159)
	at org.apache.ratis.server.raftlog.segmented.SegmentedRaftLogWorker$WriteLog.<init>(SegmentedRaftLogWorker.java:491)
	at org.apache.ratis.server.raftlog.segmented.SegmentedRaftLogWorker.writeLogEntry(SegmentedRaftLogWorker.java:437)
	at org.apache.ratis.server.raftlog.segmented.SegmentedRaftLog.appendEntryImpl(SegmentedRaftLog.java:408)
	at org.apache.ratis.server.raftlog.RaftLogBase.lambda$appendEntry$10(RaftLogBase.java:323)
	at org.apache.ratis.server.raftlog.RaftLogSequentialOps$Runner.runSequentially(RaftLogSequentialOps.java:77)
	at org.apache.ratis.server.raftlog.RaftLogBase.appendEntry(RaftLogBase.java:323)
	at org.apache.ratis.server.raftlog.segmented.SegmentedRaftLog.appendImpl(SegmentedRaftLog.java:457)
	at org.apache.ratis.server.raftlog.RaftLogBase.lambda$append$11(RaftLogBase.java:330)
	at org.apache.ratis.server.raftlog.RaftLogSequentialOps$Runner.runSequentially(RaftLogSequentialOps.java:68)
	at org.apache.ratis.server.raftlog.RaftLogBase.append(RaftLogBase.java:330)
	at org.apache.ratis.server.impl.RaftServerImpl.appendEntriesAsync(RaftServerImpl.java:1404)
	at org.apache.ratis.server.impl.RaftServerImpl.appendEntriesAsync(RaftServerImpl.java:1290)
	at org.apache.ratis.server.impl.RaftServerProxy.lambda$null$25(RaftServerProxy.java:622)
	at org.apache.ratis.util.JavaUtils.callAsUnchecked(JavaUtils.java:115)
	at org.apache.ratis.server.impl.RaftServerImpl.lambda$executeSubmitServerRequestAsync$11(RaftServerImpl.java:789)
	at java.util.concurrent.CompletableFuture$AsyncSupply.run(CompletableFuture.java:1604)
	at java.util.concurrent.ThreadPoolExecutor.runWorker(ThreadPoolExecutor.java:1149)
	at java.util.concurrent.ThreadPoolExecutor$Worker.run(ThreadPoolExecutor.java:624)
	... 1 more
2022-07-22 17:36:20,388 [grpc-default-executor-15] WARN  server.GrpcLogAppender (LogUtils.java:warn(124)) - s2@group-6B63ABD76F1E->s0-AppendLogResponseHandler: Failed appendEntries
java.io.IOException: java.lang.IllegalStateException: Null stream: entry=term: 2
index: 24
stateMachineLogEntry {
  type: DATASTREAM
  clientId: "\306\t\306\331\034\365J1\232`\373\364\372\262|\237"
  callId: 393
}

	at org.apache.ratis.util.IOUtils.asIOException(IOUtils.java:56)
	at org.apache.ratis.util.IOUtils.toIOException(IOUtils.java:61)
	at org.apache.ratis.util.IOUtils.getFromFuture(IOUtils.java:85)
	at org.apache.ratis.server.raftlog.segmented.SegmentedRaftLogWorker$StateMachineDataPolicy.getFromFuture(SegmentedRaftLogWorker.java:89)
	at org.apache.ratis.server.raftlog.segmented.SegmentedRaftLogWorker$WriteLog.execute(SegmentedRaftLogWorker.java:534)
	at org.apache.ratis.server.raftlog.segmented.SegmentedRaftLogWorker.run(SegmentedRaftLogWorker.java:310)
	at java.lang.Thread.run(Thread.java:750)
Caused by: java.lang.IllegalStateException: Null stream: entry=term: 2
index: 24
stateMachineLogEntry {
  type: DATASTREAM
  clientId: "\306\t\306\331\034\365J1\232`\373\364\372\262|\237"
  callId: 393
}

	at org.apache.ratis.datastream.DataStreamTestUtils$MultiDataStreamStateMachine.link(DataStreamTestUtils.java:159)
	at org.apache.ratis.server.raftlog.segmented.SegmentedRaftLogWorker$WriteLog.<init>(SegmentedRaftLogWorker.java:491)
	at org.apache.ratis.server.raftlog.segmented.SegmentedRaftLogWorker.writeLogEntry(SegmentedRaftLogWorker.java:437)
	at org.apache.ratis.server.raftlog.segmented.SegmentedRaftLog.appendEntryImpl(SegmentedRaftLog.java:408)
	at org.apache.ratis.server.raftlog.RaftLogBase.lambda$appendEntry$10(RaftLogBase.java:323)
	at org.apache.ratis.server.raftlog.RaftLogSequentialOps$Runner.runSequentially(RaftLogSequentialOps.java:77)
	at org.apache.ratis.server.raftlog.RaftLogBase.appendEntry(RaftLogBase.java:323)
	at org.apache.ratis.server.raftlog.segmented.SegmentedRaftLog.appendImpl(SegmentedRaftLog.java:457)
	at org.apache.ratis.server.raftlog.RaftLogBase.lambda$append$11(RaftLogBase.java:330)
	at org.apache.ratis.server.raftlog.RaftLogSequentialOps$Runner.runSequentially(RaftLogSequentialOps.java:68)
	at org.apache.ratis.server.raftlog.RaftLogBase.append(RaftLogBase.java:330)
	at org.apache.ratis.server.impl.RaftServerImpl.appendEntriesAsync(RaftServerImpl.java:1404)
	at org.apache.ratis.server.impl.RaftServerImpl.appendEntriesAsync(RaftServerImpl.java:1290)
	at org.apache.ratis.server.impl.RaftServerProxy.lambda$null$25(RaftServerProxy.java:622)
	at org.apache.ratis.util.JavaUtils.callAsUnchecked(JavaUtils.java:115)
	at org.apache.ratis.server.impl.RaftServerImpl.lambda$executeSubmitServerRequestAsync$11(RaftServerImpl.java:789)
	at java.util.concurrent.CompletableFuture$AsyncSupply.run(CompletableFuture.java:1604)
	at java.util.concurrent.ThreadPoolExecutor.runWorker(ThreadPoolExecutor.java:1149)
	at java.util.concurrent.ThreadPoolExecutor$Worker.run(ThreadPoolExecutor.java:624)
	... 1 more
2022-07-22 17:36:20,405 [grpc-default-executor-15] INFO  leader.FollowerInfo (FollowerInfoImpl.java:lambda$new$0(48)) - s2@group-6B63ABD76F1E->s0: nextIndex: updateUnconditionally 25 -> 24
2022-07-22 17:36:20,409 [grpc-default-executor-15] WARN  server.GrpcLogAppender (LogUtils.java:warn(124)) - s2@group-6B63ABD76F1E->s1-AppendLogResponseHandler: Failed appendEntries
java.io.IOException: java.lang.IllegalStateException: Null stream: entry=term: 2
index: 24
stateMachineLogEntry {
  type: DATASTREAM
  clientId: "\306\t\306\331\034\365J1\232`\373\364\372\262|\237"
  callId: 393
}

	at org.apache.ratis.util.IOUtils.asIOException(IOUtils.java:56)
	at org.apache.ratis.util.IOUtils.toIOException(IOUtils.java:61)
	at org.apache.ratis.util.IOUtils.getFromFuture(IOUtils.java:85)
	at org.apache.ratis.server.raftlog.segmented.SegmentedRaftLogWorker$StateMachineDataPolicy.getFromFuture(SegmentedRaftLogWorker.java:89)
	at org.apache.ratis.server.raftlog.segmented.SegmentedRaftLogWorker$WriteLog.execute(SegmentedRaftLogWorker.java:534)
	at org.apache.ratis.server.raftlog.segmented.SegmentedRaftLogWorker.run(SegmentedRaftLogWorker.java:310)
	at java.lang.Thread.run(Thread.java:750)
Caused by: java.lang.IllegalStateException: Null stream: entry=term: 2
index: 24
stateMachineLogEntry {
  type: DATASTREAM
  clientId: "\306\t\306\331\034\365J1\232`\373\364\372\262|\237"
  callId: 393
}

	at org.apache.ratis.datastream.DataStreamTestUtils$MultiDataStreamStateMachine.link(DataStreamTestUtils.java:159)
	at org.apache.ratis.server.raftlog.segmented.SegmentedRaftLogWorker$WriteLog.<init>(SegmentedRaftLogWorker.java:491)
	at org.apache.ratis.server.raftlog.segmented.SegmentedRaftLogWorker.writeLogEntry(SegmentedRaftLogWorker.java:437)
	at org.apache.ratis.server.raftlog.segmented.SegmentedRaftLog.appendEntryImpl(SegmentedRaftLog.java:408)
	at org.apache.ratis.server.raftlog.RaftLogBase.lambda$appendEntry$10(RaftLogBase.java:323)
	at org.apache.ratis.server.raftlog.RaftLogSequentialOps$Runner.runSequentially(RaftLogSequentialOps.java:77)
	at org.apache.ratis.server.raftlog.RaftLogBase.appendEntry(RaftLogBase.java:323)
	at org.apache.ratis.server.raftlog.segmented.SegmentedRaftLog.appendImpl(SegmentedRaftLog.java:457)
	at org.apache.ratis.server.raftlog.RaftLogBase.lambda$append$11(RaftLogBase.java:330)
	at org.apache.ratis.server.raftlog.RaftLogSequentialOps$Runner.runSequentially(RaftLogSequentialOps.java:68)
	at org.apache.ratis.server.raftlog.RaftLogBase.append(RaftLogBase.java:330)
	at org.apache.ratis.server.impl.RaftServerImpl.appendEntriesAsync(RaftServerImpl.java:1404)
	at org.apache.ratis.server.impl.RaftServerImpl.appendEntriesAsync(RaftServerImpl.java:1290)
	at org.apache.ratis.server.impl.RaftServerProxy.lambda$null$25(RaftServerProxy.java:622)
	at org.apache.ratis.util.JavaUtils.callAsUnchecked(JavaUtils.java:115)
	at org.apache.ratis.server.impl.RaftServerImpl.lambda$executeSubmitServerRequestAsync$11(RaftServerImpl.java:789)
	at java.util.concurrent.CompletableFuture$AsyncSupply.run(CompletableFuture.java:1604)
	at java.util.concurrent.ThreadPoolExecutor.runWorker(ThreadPoolExecutor.java:1149)
	at java.util.concurrent.ThreadPoolExecutor$Worker.run(ThreadPoolExecutor.java:624)
	... 1 more
2022-07-22 17:36:20,411 [grpc-default-executor-15] INFO  leader.FollowerInfo (FollowerInfoImpl.java:lambda$new$0(48)) - s2@group-6B63ABD76F1E->s1: nextIndex: updateUnconditionally 25 -> 24
2022-07-22 17:36:21,964 [pool-9-thread-12] INFO  datastream.DataStreamTestUtils (DataStreamTestUtils.java:writeAndCloseAndAssertReplies(320)) - Stream377: bytesWritten=3747196
2022-07-22 17:36:21,996 [pool-9-thread-15] INFO  datastream.DataStreamTestUtils (DataStreamTestUtils.java:writeAndCloseAndAssertReplies(320)) - Stream381: bytesWritten=3746439
2022-07-22 17:36:22,005 [s2-client-thread1] INFO  statemachine.StateMachine (DataStreamTestUtils.java:link(157)) - link SingleDataStream: writeRequest=RaftClientRequest:client-41101BD33753->s1@group-6B63ABD76F1E, cid=377, seq=0, DataStream, Message:<EMPTY>, logEntry=null
2022-07-22 17:36:22,006 [s2-client-thread1] INFO  statemachine.StateMachine (DataStreamTestUtils.java:link(157)) - link SingleDataStream: writeRequest=RaftClientRequest:client-41101BD33753->s1@group-6B63ABD76F1E, cid=381, seq=0, DataStream, Message:<EMPTY>, logEntry=null
2022-07-22 17:36:22,006 [s0-server-thread2] INFO  statemachine.StateMachine (DataStreamTestUtils.java:link(157)) - link SingleDataStream: writeRequest=RaftClientRequest:client-41101BD33753->s1@group-6B63ABD76F1E, cid=377, seq=0, DataStream, Message:<EMPTY>, logEntry=null
2022-07-22 17:36:22,006 [s1-server-thread2] INFO  statemachine.StateMachine (DataStreamTestUtils.java:link(157)) - link SingleDataStream: writeRequest=RaftClientRequest:client-41101BD33753->s1@group-6B63ABD76F1E, cid=377, seq=0, DataStream, Message:<EMPTY>, logEntry=null
2022-07-22 17:36:22,007 [s0-server-thread2] INFO  statemachine.StateMachine (DataStreamTestUtils.java:link(157)) - link SingleDataStream: writeRequest=RaftClientRequest:client-41101BD33753->s1@group-6B63ABD76F1E, cid=381, seq=0, DataStream, Message:<EMPTY>, logEntry=null
2022-07-22 17:36:22,007 [s1-server-thread2] INFO  statemachine.StateMachine (DataStreamTestUtils.java:link(157)) - link SingleDataStream: writeRequest=RaftClientRequest:client-41101BD33753->s1@group-6B63ABD76F1E, cid=381, seq=0, DataStream, Message:<EMPTY>, logEntry=null
2022-07-22 17:36:22,008 [Thread-1397] WARN  server.GrpcServerProtocolService (LogUtils.java:warn(124)) - s0: Failed APPEND_ENTRIES request s2->s0#34-t2,previous=(t:2, i:24),leaderCommit=23,initializing? true,entries: size=1, first=(t:2, i:25), STATEMACHINELOGENTRY, 377@client-41101BD33753
java.util.concurrent.CompletionException: org.apache.ratis.server.raftlog.RaftLogIOException: Log already failed at index 24 for task WriteLog:24: (t:2, i:24), STATEMACHINELOGENTRY, StateMachineLogEntryProto:393@client-FBF4FAB27C9F
	at java.util.concurrent.CompletableFuture.encodeThrowable(CompletableFuture.java:292)
	at java.util.concurrent.CompletableFuture.completeThrowable(CompletableFuture.java:308)
	at java.util.concurrent.CompletableFuture.biRelay(CompletableFuture.java:1298)
	at java.util.concurrent.CompletableFuture$BiRelay.tryFire(CompletableFuture.java:1284)
	at java.util.concurrent.CompletableFuture.postComplete(CompletableFuture.java:488)
	at java.util.concurrent.CompletableFuture.completeExceptionally(CompletableFuture.java:1990)
	at org.apache.ratis.server.raftlog.segmented.SegmentedRaftLog$Task.failed(SegmentedRaftLog.java:104)
	at org.apache.ratis.server.raftlog.segmented.SegmentedRaftLogWorker$WriteLog.failed(SegmentedRaftLogWorker.java:513)
	at org.apache.ratis.server.raftlog.segmented.SegmentedRaftLogWorker.run(SegmentedRaftLogWorker.java:319)
	at java.lang.Thread.run(Thread.java:750)
Caused by: org.apache.ratis.server.raftlog.RaftLogIOException: Log already failed at index 24 for task WriteLog:24: (t:2, i:24), STATEMACHINELOGENTRY, StateMachineLogEntryProto:393@client-FBF4FAB27C9F
	at org.apache.ratis.server.raftlog.segmented.SegmentedRaftLogWorker.run(SegmentedRaftLogWorker.java:322)
	... 1 more
Caused by: java.io.IOException: java.lang.IllegalStateException: Null stream: entry=term: 2
index: 24
stateMachineLogEntry {
  type: DATASTREAM
  clientId: "\306\t\306\331\034\365J1\232`\373\364\372\262|\237"
  callId: 393
}

	at org.apache.ratis.util.IOUtils.asIOException(IOUtils.java:56)
	at org.apache.ratis.util.IOUtils.toIOException(IOUtils.java:61)
	at org.apache.ratis.util.IOUtils.getFromFuture(IOUtils.java:85)
	at org.apache.ratis.server.raftlog.segmented.SegmentedRaftLogWorker$StateMachineDataPolicy.getFromFuture(SegmentedRaftLogWorker.java:89)
	at org.apache.ratis.server.raftlog.segmented.SegmentedRaftLogWorker$WriteLog.execute(SegmentedRaftLogWorker.java:534)
	at org.apache.ratis.server.raftlog.segmented.SegmentedRaftLogWorker.run(SegmentedRaftLogWorker.java:310)
	... 1 more
Caused by: java.lang.IllegalStateException: Null stream: entry=term: 2
index: 24
stateMachineLogEntry {
  type: DATASTREAM
  clientId: "\306\t\306\331\034\365J1\232`\373\364\372\262|\237"
  callId: 393
}

	at org.apache.ratis.datastream.DataStreamTestUtils$MultiDataStreamStateMachine.link(DataStreamTestUtils.java:159)
	at org.apache.ratis.server.raftlog.segmented.SegmentedRaftLogWorker$WriteLog.<init>(SegmentedRaftLogWorker.java:491)
	at org.apache.ratis.server.raftlog.segmented.SegmentedRaftLogWorker.writeLogEntry(SegmentedRaftLogWorker.java:437)
	at org.apache.ratis.server.raftlog.segmented.SegmentedRaftLog.appendEntryImpl(SegmentedRaftLog.java:408)
	at org.apache.ratis.server.raftlog.RaftLogBase.lambda$appendEntry$10(RaftLogBase.java:323)
	at org.apache.ratis.server.raftlog.RaftLogSequentialOps$Runner.runSequentially(RaftLogSequentialOps.java:77)
	at org.apache.ratis.server.raftlog.RaftLogBase.appendEntry(RaftLogBase.java:323)
	at org.apache.ratis.server.raftlog.segmented.SegmentedRaftLog.appendImpl(SegmentedRaftLog.java:457)
	at org.apache.ratis.server.raftlog.RaftLogBase.lambda$append$11(RaftLogBase.java:330)
	at org.apache.ratis.server.raftlog.RaftLogSequentialOps$Runner.runSequentially(RaftLogSequentialOps.java:68)
	at org.apache.ratis.server.raftlog.RaftLogBase.append(RaftLogBase.java:330)
	at org.apache.ratis.server.impl.RaftServerImpl.appendEntriesAsync(RaftServerImpl.java:1404)
	at org.apache.ratis.server.impl.RaftServerImpl.appendEntriesAsync(RaftServerImpl.java:1290)
	at org.apache.ratis.server.impl.RaftServerProxy.lambda$null$25(RaftServerProxy.java:622)
	at org.apache.ratis.util.JavaUtils.callAsUnchecked(JavaUtils.java:115)
	at org.apache.ratis.server.impl.RaftServerImpl.lambda$executeSubmitServerRequestAsync$11(RaftServerImpl.java:789)
	at java.util.concurrent.CompletableFuture$AsyncSupply.run(CompletableFuture.java:1604)
	at java.util.concurrent.ThreadPoolExecutor.runWorker(ThreadPoolExecutor.java:1149)
	at java.util.concurrent.ThreadPoolExecutor$Worker.run(ThreadPoolExecutor.java:624)
	... 1 more
2022-07-22 17:36:22,019 [Thread-1400] WARN  server.GrpcServerProtocolService (LogUtils.java:warn(124)) - s1: Failed APPEND_ENTRIES request s2->s1#34-t2,previous=(t:2, i:25),leaderCommit=23,initializing? true,entries: size=1, first=(t:2, i:26), STATEMACHINELOGENTRY, 381@client-41101BD33753
java.util.concurrent.CompletionException: org.apache.ratis.server.raftlog.RaftLogIOException: Log already failed at index 24 for task WriteLog:24: (t:2, i:24), STATEMACHINELOGENTRY, StateMachineLogEntryProto:393@client-FBF4FAB27C9F
	at java.util.concurrent.CompletableFuture.encodeThrowable(CompletableFuture.java:292)
	at java.util.concurrent.CompletableFuture.completeThrowable(CompletableFuture.java:308)
	at java.util.concurrent.CompletableFuture.biRelay(CompletableFuture.java:1298)
	at java.util.concurrent.CompletableFuture$BiRelay.tryFire(CompletableFuture.java:1284)
	at java.util.concurrent.CompletableFuture.postComplete(CompletableFuture.java:488)
	at java.util.concurrent.CompletableFuture.completeExceptionally(CompletableFuture.java:1990)
	at org.apache.ratis.server.raftlog.segmented.SegmentedRaftLog$Task.failed(SegmentedRaftLog.java:104)
	at org.apache.ratis.server.raftlog.segmented.SegmentedRaftLogWorker$WriteLog.failed(SegmentedRaftLogWorker.java:513)
	at org.apache.ratis.server.raftlog.segmented.SegmentedRaftLogWorker.run(SegmentedRaftLogWorker.java:319)
	at java.lang.Thread.run(Thread.java:750)
Caused by: org.apache.ratis.server.raftlog.RaftLogIOException: Log already failed at index 24 for task WriteLog:24: (t:2, i:24), STATEMACHINELOGENTRY, StateMachineLogEntryProto:393@client-FBF4FAB27C9F
	at org.apache.ratis.server.raftlog.segmented.SegmentedRaftLogWorker.run(SegmentedRaftLogWorker.java:322)
	... 1 more
Caused by: java.io.IOException: java.lang.IllegalStateException: Null stream: entry=term: 2
index: 24
stateMachineLogEntry {
  type: DATASTREAM
  clientId: "\306\t\306\331\034\365J1\232`\373\364\372\262|\237"
  callId: 393
}

	at org.apache.ratis.util.IOUtils.asIOException(IOUtils.java:56)
	at org.apache.ratis.util.IOUtils.toIOException(IOUtils.java:61)
	at org.apache.ratis.util.IOUtils.getFromFuture(IOUtils.java:85)
	at org.apache.ratis.server.raftlog.segmented.SegmentedRaftLogWorker$StateMachineDataPolicy.getFromFuture(SegmentedRaftLogWorker.java:89)
	at org.apache.ratis.server.raftlog.segmented.SegmentedRaftLogWorker$WriteLog.execute(SegmentedRaftLogWorker.java:534)
	at org.apache.ratis.server.raftlog.segmented.SegmentedRaftLogWorker.run(SegmentedRaftLogWorker.java:310)
	... 1 more
Caused by: java.lang.IllegalStateException: Null stream: entry=term: 2
index: 24
stateMachineLogEntry {
  type: DATASTREAM
  clientId: "\306\t\306\331\034\365J1\232`\373\364\372\262|\237"
  callId: 393
}

	at org.apache.ratis.datastream.DataStreamTestUtils$MultiDataStreamStateMachine.link(DataStreamTestUtils.java:159)
	at org.apache.ratis.server.raftlog.segmented.SegmentedRaftLogWorker$WriteLog.<init>(SegmentedRaftLogWorker.java:491)
	at org.apache.ratis.server.raftlog.segmented.SegmentedRaftLogWorker.writeLogEntry(SegmentedRaftLogWorker.java:437)
	at org.apache.ratis.server.raftlog.segmented.SegmentedRaftLog.appendEntryImpl(SegmentedRaftLog.java:408)
	at org.apache.ratis.server.raftlog.RaftLogBase.lambda$appendEntry$10(RaftLogBase.java:323)
	at org.apache.ratis.server.raftlog.RaftLogSequentialOps$Runner.runSequentially(RaftLogSequentialOps.java:77)
	at org.apache.ratis.server.raftlog.RaftLogBase.appendEntry(RaftLogBase.java:323)
	at org.apache.ratis.server.raftlog.segmented.SegmentedRaftLog.appendImpl(SegmentedRaftLog.java:457)
	at org.apache.ratis.server.raftlog.RaftLogBase.lambda$append$11(RaftLogBase.java:330)
	at org.apache.ratis.server.raftlog.RaftLogSequentialOps$Runner.runSequentially(RaftLogSequentialOps.java:68)
	at org.apache.ratis.server.raftlog.RaftLogBase.append(RaftLogBase.java:330)
	at org.apache.ratis.server.impl.RaftServerImpl.appendEntriesAsync(RaftServerImpl.java:1404)
	at org.apache.ratis.server.impl.RaftServerImpl.appendEntriesAsync(RaftServerImpl.java:1290)
	at org.apache.ratis.server.impl.RaftServerProxy.lambda$null$25(RaftServerProxy.java:622)
	at org.apache.ratis.util.JavaUtils.callAsUnchecked(JavaUtils.java:115)
	at org.apache.ratis.server.impl.RaftServerImpl.lambda$executeSubmitServerRequestAsync$11(RaftServerImpl.java:789)
	at java.util.concurrent.CompletableFuture$AsyncSupply.run(CompletableFuture.java:1604)
	at java.util.concurrent.ThreadPoolExecutor.runWorker(ThreadPoolExecutor.java:1149)
	at java.util.concurrent.ThreadPoolExecutor$Worker.run(ThreadPoolExecutor.java:624)
	... 1 more
2022-07-22 17:36:22,016 [Thread-1399] WARN  server.GrpcServerProtocolService (LogUtils.java:warn(124)) - s0: Failed APPEND_ENTRIES request s2->s0#35-t2,previous=(t:2, i:25),leaderCommit=23,initializing? true,entries: size=1, first=(t:2, i:26), STATEMACHINELOGENTRY, 381@client-41101BD33753
java.util.concurrent.CompletionException: org.apache.ratis.server.raftlog.RaftLogIOException: Log already failed at index 24 for task WriteLog:24: (t:2, i:24), STATEMACHINELOGENTRY, StateMachineLogEntryProto:393@client-FBF4FAB27C9F
	at java.util.concurrent.CompletableFuture.encodeThrowable(CompletableFuture.java:292)
	at java.util.concurrent.CompletableFuture.completeThrowable(CompletableFuture.java:308)
	at java.util.concurrent.CompletableFuture.biRelay(CompletableFuture.java:1298)
	at java.util.concurrent.CompletableFuture$BiRelay.tryFire(CompletableFuture.java:1284)
	at java.util.concurrent.CompletableFuture.postComplete(CompletableFuture.java:488)
	at java.util.concurrent.CompletableFuture.completeExceptionally(CompletableFuture.java:1990)
	at org.apache.ratis.server.raftlog.segmented.SegmentedRaftLog$Task.failed(SegmentedRaftLog.java:104)
	at org.apache.ratis.server.raftlog.segmented.SegmentedRaftLogWorker$WriteLog.failed(SegmentedRaftLogWorker.java:513)
	at org.apache.ratis.server.raftlog.segmented.SegmentedRaftLogWorker.run(SegmentedRaftLogWorker.java:319)
	at java.lang.Thread.run(Thread.java:750)
Caused by: org.apache.ratis.server.raftlog.RaftLogIOException: Log already failed at index 24 for task WriteLog:24: (t:2, i:24), STATEMACHINELOGENTRY, StateMachineLogEntryProto:393@client-FBF4FAB27C9F
	at org.apache.ratis.server.raftlog.segmented.SegmentedRaftLogWorker.run(SegmentedRaftLogWorker.java:322)
	... 1 more
Caused by: java.io.IOException: java.lang.IllegalStateException: Null stream: entry=term: 2
index: 24
stateMachineLogEntry {
  type: DATASTREAM
  clientId: "\306\t\306\331\034\365J1\232`\373\364\372\262|\237"
  callId: 393
}

	at org.apache.ratis.util.IOUtils.asIOException(IOUtils.java:56)
	at org.apache.ratis.util.IOUtils.toIOException(IOUtils.java:61)
	at org.apache.ratis.util.IOUtils.getFromFuture(IOUtils.java:85)
	at org.apache.ratis.server.raftlog.segmented.SegmentedRaftLogWorker$StateMachineDataPolicy.getFromFuture(SegmentedRaftLogWorker.java:89)
	at org.apache.ratis.server.raftlog.segmented.SegmentedRaftLogWorker$WriteLog.execute(SegmentedRaftLogWorker.java:534)
	at org.apache.ratis.server.raftlog.segmented.SegmentedRaftLogWorker.run(SegmentedRaftLogWorker.java:310)
	... 1 more
Caused by: java.lang.IllegalStateException: Null stream: entry=term: 2
index: 24
stateMachineLogEntry {
  type: DATASTREAM
  clientId: "\306\t\306\331\034\365J1\232`\373\364\372\262|\237"
  callId: 393
}

	at org.apache.ratis.datastream.DataStreamTestUtils$MultiDataStreamStateMachine.link(DataStreamTestUtils.java:159)
	at org.apache.ratis.server.raftlog.segmented.SegmentedRaftLogWorker$WriteLog.<init>(SegmentedRaftLogWorker.java:491)
	at org.apache.ratis.server.raftlog.segmented.SegmentedRaftLogWorker.writeLogEntry(SegmentedRaftLogWorker.java:437)
	at org.apache.ratis.server.raftlog.segmented.SegmentedRaftLog.appendEntryImpl(SegmentedRaftLog.java:408)
	at org.apache.ratis.server.raftlog.RaftLogBase.lambda$appendEntry$10(RaftLogBase.java:323)
	at org.apache.ratis.server.raftlog.RaftLogSequentialOps$Runner.runSequentially(RaftLogSequentialOps.java:77)
	at org.apache.ratis.server.raftlog.RaftLogBase.appendEntry(RaftLogBase.java:323)
	at org.apache.ratis.server.raftlog.segmented.SegmentedRaftLog.appendImpl(SegmentedRaftLog.java:457)
	at org.apache.ratis.server.raftlog.RaftLogBase.lambda$append$11(RaftLogBase.java:330)
	at org.apache.ratis.server.raftlog.RaftLogSequentialOps$Runner.runSequentially(RaftLogSequentialOps.java:68)
	at org.apache.ratis.server.raftlog.RaftLogBase.append(RaftLogBase.java:330)
	at org.apache.ratis.server.impl.RaftServerImpl.appendEntriesAsync(RaftServerImpl.java:1404)
	at org.apache.ratis.server.impl.RaftServerImpl.appendEntriesAsync(RaftServerImpl.java:1290)
	at org.apache.ratis.server.impl.RaftServerProxy.lambda$null$25(RaftServerProxy.java:622)
	at org.apache.ratis.util.JavaUtils.callAsUnchecked(JavaUtils.java:115)
	at org.apache.ratis.server.impl.RaftServerImpl.lambda$executeSubmitServerRequestAsync$11(RaftServerImpl.java:789)
	at java.util.concurrent.CompletableFuture$AsyncSupply.run(CompletableFuture.java:1604)
	at java.util.concurrent.ThreadPoolExecutor.runWorker(ThreadPoolExecutor.java:1149)
	at java.util.concurrent.ThreadPoolExecutor$Worker.run(ThreadPoolExecutor.java:624)
	... 1 more
2022-07-22 17:36:22,010 [Thread-1398] WARN  server.GrpcServerProtocolService (LogUtils.java:warn(124)) - s1: Failed APPEND_ENTRIES request s2->s1#33-t2,previous=(t:2, i:24),leaderCommit=23,initializing? true,entries: size=1, first=(t:2, i:25), STATEMACHINELOGENTRY, 377@client-41101BD33753
java.util.concurrent.CompletionException: org.apache.ratis.server.raftlog.RaftLogIOException: Log already failed at index 24 for task WriteLog:24: (t:2, i:24), STATEMACHINELOGENTRY, StateMachineLogEntryProto:393@client-FBF4FAB27C9F
	at java.util.concurrent.CompletableFuture.encodeThrowable(CompletableFuture.java:292)
	at java.util.concurrent.CompletableFuture.completeThrowable(CompletableFuture.java:308)
	at java.util.concurrent.CompletableFuture.biRelay(CompletableFuture.java:1298)
	at java.util.concurrent.CompletableFuture$BiRelay.tryFire(CompletableFuture.java:1284)
	at java.util.concurrent.CompletableFuture.postComplete(CompletableFuture.java:488)
	at java.util.concurrent.CompletableFuture.completeExceptionally(CompletableFuture.java:1990)
	at org.apache.ratis.server.raftlog.segmented.SegmentedRaftLog$Task.failed(SegmentedRaftLog.java:104)
	at org.apache.ratis.server.raftlog.segmented.SegmentedRaftLogWorker$WriteLog.failed(SegmentedRaftLogWorker.java:513)
	at org.apache.ratis.server.raftlog.segmented.SegmentedRaftLogWorker.run(SegmentedRaftLogWorker.java:319)
	at java.lang.Thread.run(Thread.java:750)
Caused by: org.apache.ratis.server.raftlog.RaftLogIOException: Log already failed at index 24 for task WriteLog:24: (t:2, i:24), STATEMACHINELOGENTRY, StateMachineLogEntryProto:393@client-FBF4FAB27C9F
	at org.apache.ratis.server.raftlog.segmented.SegmentedRaftLogWorker.run(SegmentedRaftLogWorker.java:322)
	... 1 more
Caused by: java.io.IOException: java.lang.IllegalStateException: Null stream: entry=term: 2
index: 24
stateMachineLogEntry {
  type: DATASTREAM
  clientId: "\306\t\306\331\034\365J1\232`\373\364\372\262|\237"
  callId: 393
}

	at org.apache.ratis.util.IOUtils.asIOException(IOUtils.java:56)
	at org.apache.ratis.util.IOUtils.toIOException(IOUtils.java:61)
	at org.apache.ratis.util.IOUtils.getFromFuture(IOUtils.java:85)
	at org.apache.ratis.server.raftlog.segmented.SegmentedRaftLogWorker$StateMachineDataPolicy.getFromFuture(SegmentedRaftLogWorker.java:89)
	at org.apache.ratis.server.raftlog.segmented.SegmentedRaftLogWorker$WriteLog.execute(SegmentedRaftLogWorker.java:534)
	at org.apache.ratis.server.raftlog.segmented.SegmentedRaftLogWorker.run(SegmentedRaftLogWorker.java:310)
	... 1 more
Caused by: java.lang.IllegalStateException: Null stream: entry=term: 2
index: 24
stateMachineLogEntry {
  type: DATASTREAM
  clientId: "\306\t\306\331\034\365J1\232`\373\364\372\262|\237"
  callId: 393
}

	at org.apache.ratis.datastream.DataStreamTestUtils$MultiDataStreamStateMachine.link(DataStreamTestUtils.java:159)
	at org.apache.ratis.server.raftlog.segmented.SegmentedRaftLogWorker$WriteLog.<init>(SegmentedRaftLogWorker.java:491)
	at org.apache.ratis.server.raftlog.segmented.SegmentedRaftLogWorker.writeLogEntry(SegmentedRaftLogWorker.java:437)
	at org.apache.ratis.server.raftlog.segmented.SegmentedRaftLog.appendEntryImpl(SegmentedRaftLog.java:408)
	at org.apache.ratis.server.raftlog.RaftLogBase.lambda$appendEntry$10(RaftLogBase.java:323)
	at org.apache.ratis.server.raftlog.RaftLogSequentialOps$Runner.runSequentially(RaftLogSequentialOps.java:77)
	at org.apache.ratis.server.raftlog.RaftLogBase.appendEntry(RaftLogBase.java:323)
	at org.apache.ratis.server.raftlog.segmented.SegmentedRaftLog.appendImpl(SegmentedRaftLog.java:457)
	at org.apache.ratis.server.raftlog.RaftLogBase.lambda$append$11(RaftLogBase.java:330)
	at org.apache.ratis.server.raftlog.RaftLogSequentialOps$Runner.runSequentially(RaftLogSequentialOps.java:68)
	at org.apache.ratis.server.raftlog.RaftLogBase.append(RaftLogBase.java:330)
	at org.apache.ratis.server.impl.RaftServerImpl.appendEntriesAsync(RaftServerImpl.java:1404)
	at org.apache.ratis.server.impl.RaftServerImpl.appendEntriesAsync(RaftServerImpl.java:1290)
	at org.apache.ratis.server.impl.RaftServerProxy.lambda$null$25(RaftServerProxy.java:622)
	at org.apache.ratis.util.JavaUtils.callAsUnchecked(JavaUtils.java:115)
	at org.apache.ratis.server.impl.RaftServerImpl.lambda$executeSubmitServerRequestAsync$11(RaftServerImpl.java:789)
	at java.util.concurrent.CompletableFuture$AsyncSupply.run(CompletableFuture.java:1604)
	at java.util.concurrent.ThreadPoolExecutor.runWorker(ThreadPoolExecutor.java:1149)
	at java.util.concurrent.ThreadPoolExecutor$Worker.run(ThreadPoolExecutor.java:624)
	... 1 more
2022-07-22 17:36:22,032 [grpc-default-executor-14] WARN  server.GrpcLogAppender (LogUtils.java:warn(124)) - s2@group-6B63ABD76F1E->s1-AppendLogResponseHandler: Failed appendEntries
org.apache.ratis.server.raftlog.RaftLogIOException: Log already failed at index 24 for task WriteLog:24: (t:2, i:24), STATEMACHINELOGENTRY, StateMachineLogEntryProto:393@client-FBF4FAB27C9F
	at org.apache.ratis.server.raftlog.segmented.SegmentedRaftLogWorker.run(SegmentedRaftLogWorker.java:322)
	at java.lang.Thread.run(Thread.java:750)
Caused by: java.io.IOException: java.lang.IllegalStateException: Null stream: entry=term: 2
index: 24
stateMachineLogEntry {
  type: DATASTREAM
  clientId: "\306\t\306\331\034\365J1\232`\373\364\372\262|\237"
  callId: 393
}

	at org.apache.ratis.util.IOUtils.asIOException(IOUtils.java:56)
	at org.apache.ratis.util.IOUtils.toIOException(IOUtils.java:61)
	at org.apache.ratis.util.IOUtils.getFromFuture(IOUtils.java:85)
	at org.apache.ratis.server.raftlog.segmented.SegmentedRaftLogWorker$StateMachineDataPolicy.getFromFuture(SegmentedRaftLogWorker.java:89)
	at org.apache.ratis.server.raftlog.segmented.SegmentedRaftLogWorker$WriteLog.execute(SegmentedRaftLogWorker.java:534)
	at org.apache.ratis.server.raftlog.segmented.SegmentedRaftLogWorker.run(SegmentedRaftLogWorker.java:310)
	... 1 more
Caused by: java.lang.IllegalStateException: Null stream: entry=term: 2
index: 24
stateMachineLogEntry {
  type: DATASTREAM
  clientId: "\306\t\306\331\034\365J1\232`\373\364\372\262|\237"
  callId: 393
}

	at org.apache.ratis.datastream.DataStreamTestUtils$MultiDataStreamStateMachine.link(DataStreamTestUtils.java:159)
	at org.apache.ratis.server.raftlog.segmented.SegmentedRaftLogWorker$WriteLog.<init>(SegmentedRaftLogWorker.java:491)
	at org.apache.ratis.server.raftlog.segmented.SegmentedRaftLogWorker.writeLogEntry(SegmentedRaftLogWorker.java:437)
	at org.apache.ratis.server.raftlog.segmented.SegmentedRaftLog.appendEntryImpl(SegmentedRaftLog.java:408)
	at org.apache.ratis.server.raftlog.RaftLogBase.lambda$appendEntry$10(RaftLogBase.java:323)
	at org.apache.ratis.server.raftlog.RaftLogSequentialOps$Runner.runSequentially(RaftLogSequentialOps.java:77)
	at org.apache.ratis.server.raftlog.RaftLogBase.appendEntry(RaftLogBase.java:323)
	at org.apache.ratis.server.raftlog.segmented.SegmentedRaftLog.appendImpl(SegmentedRaftLog.java:457)
	at org.apache.ratis.server.raftlog.RaftLogBase.lambda$append$11(RaftLogBase.java:330)
	at org.apache.ratis.server.raftlog.RaftLogSequentialOps$Runner.runSequentially(RaftLogSequentialOps.java:68)
	at org.apache.ratis.server.raftlog.RaftLogBase.append(RaftLogBase.java:330)
	at org.apache.ratis.server.impl.RaftServerImpl.appendEntriesAsync(RaftServerImpl.java:1404)
	at org.apache.ratis.server.impl.RaftServerImpl.appendEntriesAsync(RaftServerImpl.java:1290)
	at org.apache.ratis.server.impl.RaftServerProxy.lambda$null$25(RaftServerProxy.java:622)
	at org.apache.ratis.util.JavaUtils.callAsUnchecked(JavaUtils.java:115)
	at org.apache.ratis.server.impl.RaftServerImpl.lambda$executeSubmitServerRequestAsync$11(RaftServerImpl.java:789)
	at java.util.concurrent.CompletableFuture$AsyncSupply.run(CompletableFuture.java:1604)
	at java.util.concurrent.ThreadPoolExecutor.runWorker(ThreadPoolExecutor.java:1149)
	at java.util.concurrent.ThreadPoolExecutor$Worker.run(ThreadPoolExecutor.java:624)
	... 1 more
2022-07-22 17:36:22,040 [grpc-default-executor-14] INFO  leader.FollowerInfo (FollowerInfoImpl.java:lambda$new$0(48)) - s2@group-6B63ABD76F1E->s1: nextIndex: updateUnconditionally 27 -> 26
2022-07-22 17:36:22,027 [grpc-default-executor-15] WARN  server.GrpcLogAppender (LogUtils.java:warn(124)) - s2@group-6B63ABD76F1E->s0-AppendLogResponseHandler: Failed appendEntries
org.apache.ratis.server.raftlog.RaftLogIOException: Log already failed at index 24 for task WriteLog:24: (t:2, i:24), STATEMACHINELOGENTRY, StateMachineLogEntryProto:393@client-FBF4FAB27C9F
	at org.apache.ratis.server.raftlog.segmented.SegmentedRaftLogWorker.run(SegmentedRaftLogWorker.java:322)
	at java.lang.Thread.run(Thread.java:750)
Caused by: java.io.IOException: java.lang.IllegalStateException: Null stream: entry=term: 2
index: 24
stateMachineLogEntry {
  type: DATASTREAM
  clientId: "\306\t\306\331\034\365J1\232`\373\364\372\262|\237"
  callId: 393
}

	at org.apache.ratis.util.IOUtils.asIOException(IOUtils.java:56)
	at org.apache.ratis.util.IOUtils.toIOException(IOUtils.java:61)
	at org.apache.ratis.util.IOUtils.getFromFuture(IOUtils.java:85)
	at org.apache.ratis.server.raftlog.segmented.SegmentedRaftLogWorker$StateMachineDataPolicy.getFromFuture(SegmentedRaftLogWorker.java:89)
	at org.apache.ratis.server.raftlog.segmented.SegmentedRaftLogWorker$WriteLog.execute(SegmentedRaftLogWorker.java:534)
	at org.apache.ratis.server.raftlog.segmented.SegmentedRaftLogWorker.run(SegmentedRaftLogWorker.java:310)
	... 1 more
Caused by: java.lang.IllegalStateException: Null stream: entry=term: 2
index: 24
stateMachineLogEntry {
  type: DATASTREAM
  clientId: "\306\t\306\331\034\365J1\232`\373\364\372\262|\237"
  callId: 393
}

	at org.apache.ratis.datastream.DataStreamTestUtils$MultiDataStreamStateMachine.link(DataStreamTestUtils.java:159)
	at org.apache.ratis.server.raftlog.segmented.SegmentedRaftLogWorker$WriteLog.<init>(SegmentedRaftLogWorker.java:491)
	at org.apache.ratis.server.raftlog.segmented.SegmentedRaftLogWorker.writeLogEntry(SegmentedRaftLogWorker.java:437)
	at org.apache.ratis.server.raftlog.segmented.SegmentedRaftLog.appendEntryImpl(SegmentedRaftLog.java:408)
	at org.apache.ratis.server.raftlog.RaftLogBase.lambda$appendEntry$10(RaftLogBase.java:323)
	at org.apache.ratis.server.raftlog.RaftLogSequentialOps$Runner.runSequentially(RaftLogSequentialOps.java:77)
	at org.apache.ratis.server.raftlog.RaftLogBase.appendEntry(RaftLogBase.java:323)
	at org.apache.ratis.server.raftlog.segmented.SegmentedRaftLog.appendImpl(SegmentedRaftLog.java:457)
	at org.apache.ratis.server.raftlog.RaftLogBase.lambda$append$11(RaftLogBase.java:330)
	at org.apache.ratis.server.raftlog.RaftLogSequentialOps$Runner.runSequentially(RaftLogSequentialOps.java:68)
	at org.apache.ratis.server.raftlog.RaftLogBase.append(RaftLogBase.java:330)
	at org.apache.ratis.server.impl.RaftServerImpl.appendEntriesAsync(RaftServerImpl.java:1404)
	at org.apache.ratis.server.impl.RaftServerImpl.appendEntriesAsync(RaftServerImpl.java:1290)
	at org.apache.ratis.server.impl.RaftServerProxy.lambda$null$25(RaftServerProxy.java:622)
	at org.apache.ratis.util.JavaUtils.callAsUnchecked(JavaUtils.java:115)
	at org.apache.ratis.server.impl.RaftServerImpl.lambda$executeSubmitServerRequestAsync$11(RaftServerImpl.java:789)
	at java.util.concurrent.CompletableFuture$AsyncSupply.run(CompletableFuture.java:1604)
	at java.util.concurrent.ThreadPoolExecutor.runWorker(ThreadPoolExecutor.java:1149)
	at java.util.concurrent.ThreadPoolExecutor$Worker.run(ThreadPoolExecutor.java:624)
	... 1 more
2022-07-22 17:36:22,040 [grpc-default-executor-15] INFO  leader.FollowerInfo (FollowerInfoImpl.java:lambda$new$0(48)) - s2@group-6B63ABD76F1E->s0: nextIndex: updateUnconditionally 27 -> 25
2022-07-22 17:36:25,992 [java.util.concurrent.ThreadPoolExecutor$Worker@1fad31e4[State = -1, empty queue]] WARN  grpc.GrpcUtil (GrpcUtil.java:shutdownManagedChannel(216)) - Timed out gracefully shutting down connection: ManagedChannelOrphanWrapper{delegate=ManagedChannelImpl{logId=285, target=localhost:45257}}. 
2022-07-22 17:36:26,212 [Timer-2] INFO  impl.MiniRaftCluster (MiniRaftCluster.java:lambda$null$5(315)) - TIMED-PRINT: printing ALL groups
  s0:  RUNNING  FOLLOWER s0@group-6B63ABD76F1E:t2, leader=s2, voted=s2, raftlog=Memoized:s0@group-6B63ABD76F1E-SegmentedRaftLog:OPENED:c23, conf=22: peers:[s0|rpc:localhost:45007|admin:localhost:46801|client:localhost:44465|dataStream:localhost:37487|priority:0|startupRole:FOLLOWER, s1|rpc:localhost:46271|admin:localhost:33567|client:localhost:41473|dataStream:localhost:32893|priority:0|startupRole:FOLLOWER, s2|rpc:localhost:38411|admin:localhost:35847|client:localhost:45257|dataStream:localhost:33781|priority:0|startupRole:FOLLOWER]|listeners:[], old=null RUNNING
  s1:  RUNNING  FOLLOWER s1@group-6B63ABD76F1E:t2, leader=s2, voted=s2, raftlog=Memoized:s1@group-6B63ABD76F1E-SegmentedRaftLog:OPENED:c23, conf=22: peers:[s0|rpc:localhost:45007|admin:localhost:46801|client:localhost:44465|dataStream:localhost:37487|priority:0|startupRole:FOLLOWER, s1|rpc:localhost:46271|admin:localhost:33567|client:localhost:41473|dataStream:localhost:32893|priority:0|startupRole:FOLLOWER, s2|rpc:localhost:38411|admin:localhost:35847|client:localhost:45257|dataStream:localhost:33781|priority:0|startupRole:FOLLOWER]|listeners:[], old=null RUNNING
  s2:  RUNNING    LEADER s2@group-6B63ABD76F1E:t2, leader=s2, voted=s2, raftlog=Memoized:s2@group-6B63ABD76F1E-SegmentedRaftLog:OPENED:c23, conf=22: peers:[s0|rpc:localhost:45007|admin:localhost:46801|client:localhost:44465|dataStream:localhost:37487|priority:0|startupRole:FOLLOWER, s1|rpc:localhost:46271|admin:localhost:33567|client:localhost:41473|dataStream:localhost:32893|priority:0|startupRole:FOLLOWER, s2|rpc:localhost:38411|admin:localhost:35847|client:localhost:45257|dataStream:localhost:33781|priority:0|startupRole:FOLLOWER]|listeners:[], old=null RUNNING
2022-07-22 17:36:28,008 [java.util.concurrent.ThreadPoolExecutor$Worker@1a95560a[State = -1, empty queue]] WARN  grpc.GrpcUtil (GrpcUtil.java:shutdownManagedChannel(216)) - Timed out gracefully shutting down connection: ManagedChannelOrphanWrapper{delegate=ManagedChannelImpl{logId=299, target=localhost:45257}}. 
2022-07-22 17:36:32,117 [java.util.concurrent.ThreadPoolExecutor$Worker@1c387d39[State = -1, empty queue]] WARN  grpc.GrpcUtil (GrpcUtil.java:shutdownManagedChannel(216)) - Timed out gracefully shutting down connection: ManagedChannelOrphanWrapper{delegate=ManagedChannelImpl{logId=313, target=localhost:45257}}. 
2022-07-22 17:36:34,141 [java.util.concurrent.ThreadPoolExecutor$Worker@6e81aa1c[State = -1, empty queue]] WARN  grpc.GrpcUtil (GrpcUtil.java:shutdownManagedChannel(216)) - Timed out gracefully shutting down connection: ManagedChannelOrphanWrapper{delegate=ManagedChannelImpl{logId=327, target=localhost:45257}}. 
2022-07-22 17:36:36,213 [Timer-2] INFO  impl.MiniRaftCluster (MiniRaftCluster.java:lambda$null$5(315)) - TIMED-PRINT: printing ALL groups
  s0:  RUNNING  FOLLOWER s0@group-6B63ABD76F1E:t2, leader=s2, voted=s2, raftlog=Memoized:s0@group-6B63ABD76F1E-SegmentedRaftLog:OPENED:c23, conf=22: peers:[s0|rpc:localhost:45007|admin:localhost:46801|client:localhost:44465|dataStream:localhost:37487|priority:0|startupRole:FOLLOWER, s1|rpc:localhost:46271|admin:localhost:33567|client:localhost:41473|dataStream:localhost:32893|priority:0|startupRole:FOLLOWER, s2|rpc:localhost:38411|admin:localhost:35847|client:localhost:45257|dataStream:localhost:33781|priority:0|startupRole:FOLLOWER]|listeners:[], old=null RUNNING
  s1:  RUNNING  FOLLOWER s1@group-6B63ABD76F1E:t2, leader=s2, voted=s2, raftlog=Memoized:s1@group-6B63ABD76F1E-SegmentedRaftLog:OPENED:c23, conf=22: peers:[s0|rpc:localhost:45007|admin:localhost:46801|client:localhost:44465|dataStream:localhost:37487|priority:0|startupRole:FOLLOWER, s1|rpc:localhost:46271|admin:localhost:33567|client:localhost:41473|dataStream:localhost:32893|priority:0|startupRole:FOLLOWER, s2|rpc:localhost:38411|admin:localhost:35847|client:localhost:45257|dataStream:localhost:33781|priority:0|startupRole:FOLLOWER]|listeners:[], old=null RUNNING
  s2:  RUNNING    LEADER s2@group-6B63ABD76F1E:t2, leader=s2, voted=s2, raftlog=Memoized:s2@group-6B63ABD76F1E-SegmentedRaftLog:OPENED:c23, conf=22: peers:[s0|rpc:localhost:45007|admin:localhost:46801|client:localhost:44465|dataStream:localhost:37487|priority:0|startupRole:FOLLOWER, s1|rpc:localhost:46271|admin:localhost:33567|client:localhost:41473|dataStream:localhost:32893|priority:0|startupRole:FOLLOWER, s2|rpc:localhost:38411|admin:localhost:35847|client:localhost:45257|dataStream:localhost:33781|priority:0|startupRole:FOLLOWER]|listeners:[], old=null RUNNING
2022-07-22 17:36:38,245 [java.util.concurrent.ThreadPoolExecutor$Worker@60bad397[State = -1, empty queue]] WARN  grpc.GrpcUtil (GrpcUtil.java:shutdownManagedChannel(216)) - Timed out gracefully shutting down connection: ManagedChannelOrphanWrapper{delegate=ManagedChannelImpl{logId=341, target=localhost:45257}}. 
2022-07-22 17:36:40,269 [java.util.concurrent.ThreadPoolExecutor$Worker@2aaf83ab[State = -1, empty queue]] WARN  grpc.GrpcUtil (GrpcUtil.java:shutdownManagedChannel(216)) - Timed out gracefully shutting down connection: ManagedChannelOrphanWrapper{delegate=ManagedChannelImpl{logId=355, target=localhost:45257}}. 
2022-07-22 17:36:44,365 [java.util.concurrent.ThreadPoolExecutor$Worker@314d9ea8[State = -1, empty queue]] WARN  grpc.GrpcUtil (GrpcUtil.java:shutdownManagedChannel(216)) - Timed out gracefully shutting down connection: ManagedChannelOrphanWrapper{delegate=ManagedChannelImpl{logId=369, target=localhost:45257}}. 
2022-07-22 17:36:46,214 [Timer-2] INFO  impl.MiniRaftCluster (MiniRaftCluster.java:lambda$null$5(315)) - TIMED-PRINT: printing ALL groups
  s0:  RUNNING  FOLLOWER s0@group-6B63ABD76F1E:t2, leader=s2, voted=s2, raftlog=Memoized:s0@group-6B63ABD76F1E-SegmentedRaftLog:OPENED:c23, conf=22: peers:[s0|rpc:localhost:45007|admin:localhost:46801|client:localhost:44465|dataStream:localhost:37487|priority:0|startupRole:FOLLOWER, s1|rpc:localhost:46271|admin:localhost:33567|client:localhost:41473|dataStream:localhost:32893|priority:0|startupRole:FOLLOWER, s2|rpc:localhost:38411|admin:localhost:35847|client:localhost:45257|dataStream:localhost:33781|priority:0|startupRole:FOLLOWER]|listeners:[], old=null RUNNING
  s1:  RUNNING  FOLLOWER s1@group-6B63ABD76F1E:t2, leader=s2, voted=s2, raftlog=Memoized:s1@group-6B63ABD76F1E-SegmentedRaftLog:OPENED:c23, conf=22: peers:[s0|rpc:localhost:45007|admin:localhost:46801|client:localhost:44465|dataStream:localhost:37487|priority:0|startupRole:FOLLOWER, s1|rpc:localhost:46271|admin:localhost:33567|client:localhost:41473|dataStream:localhost:32893|priority:0|startupRole:FOLLOWER, s2|rpc:localhost:38411|admin:localhost:35847|client:localhost:45257|dataStream:localhost:33781|priority:0|startupRole:FOLLOWER]|listeners:[], old=null RUNNING
  s2:  RUNNING    LEADER s2@group-6B63ABD76F1E:t2, leader=s2, voted=s2, raftlog=Memoized:s2@group-6B63ABD76F1E-SegmentedRaftLog:OPENED:c23, conf=22: peers:[s0|rpc:localhost:45007|admin:localhost:46801|client:localhost:44465|dataStream:localhost:37487|priority:0|startupRole:FOLLOWER, s1|rpc:localhost:46271|admin:localhost:33567|client:localhost:41473|dataStream:localhost:32893|priority:0|startupRole:FOLLOWER, s2|rpc:localhost:38411|admin:localhost:35847|client:localhost:45257|dataStream:localhost:33781|priority:0|startupRole:FOLLOWER]|listeners:[], old=null RUNNING
2022-07-22 17:36:46,392 [java.util.concurrent.ThreadPoolExecutor$Worker@7ad91810[State = -1, empty queue]] WARN  grpc.GrpcUtil (GrpcUtil.java:shutdownManagedChannel(216)) - Timed out gracefully shutting down connection: ManagedChannelOrphanWrapper{delegate=ManagedChannelImpl{logId=383, target=localhost:45257}}. 
2022-07-22 17:36:50,496 [java.util.concurrent.ThreadPoolExecutor$Worker@4de489b7[State = -1, empty queue]] WARN  grpc.GrpcUtil (GrpcUtil.java:shutdownManagedChannel(216)) - Timed out gracefully shutting down connection: ManagedChannelOrphanWrapper{delegate=ManagedChannelImpl{logId=397, target=localhost:45257}}. 
2022-07-22 17:36:52,515 [java.util.concurrent.ThreadPoolExecutor$Worker@54a51032[State = -1, empty queue]] WARN  grpc.GrpcUtil (GrpcUtil.java:shutdownManagedChannel(216)) - Timed out gracefully shutting down connection: ManagedChannelOrphanWrapper{delegate=ManagedChannelImpl{logId=411, target=localhost:45257}}. 
2022-07-22 17:36:56,214 [Timer-2] INFO  impl.MiniRaftCluster (MiniRaftCluster.java:lambda$null$5(315)) - TIMED-PRINT: printing ALL groups
  s0:  RUNNING  FOLLOWER s0@group-6B63ABD76F1E:t2, leader=s2, voted=s2, raftlog=Memoized:s0@group-6B63ABD76F1E-SegmentedRaftLog:OPENED:c23, conf=22: peers:[s0|rpc:localhost:45007|admin:localhost:46801|client:localhost:44465|dataStream:localhost:37487|priority:0|startupRole:FOLLOWER, s1|rpc:localhost:46271|admin:localhost:33567|client:localhost:41473|dataStream:localhost:32893|priority:0|startupRole:FOLLOWER, s2|rpc:localhost:38411|admin:localhost:35847|client:localhost:45257|dataStream:localhost:33781|priority:0|startupRole:FOLLOWER]|listeners:[], old=null RUNNING
  s1:  RUNNING  FOLLOWER s1@group-6B63ABD76F1E:t2, leader=s2, voted=s2, raftlog=Memoized:s1@group-6B63ABD76F1E-SegmentedRaftLog:OPENED:c23, conf=22: peers:[s0|rpc:localhost:45007|admin:localhost:46801|client:localhost:44465|dataStream:localhost:37487|priority:0|startupRole:FOLLOWER, s1|rpc:localhost:46271|admin:localhost:33567|client:localhost:41473|dataStream:localhost:32893|priority:0|startupRole:FOLLOWER, s2|rpc:localhost:38411|admin:localhost:35847|client:localhost:45257|dataStream:localhost:33781|priority:0|startupRole:FOLLOWER]|listeners:[], old=null RUNNING
  s2:  RUNNING    LEADER s2@group-6B63ABD76F1E:t2, leader=s2, voted=s2, raftlog=Memoized:s2@group-6B63ABD76F1E-SegmentedRaftLog:OPENED:c23, conf=22: peers:[s0|rpc:localhost:45007|admin:localhost:46801|client:localhost:44465|dataStream:localhost:37487|priority:0|startupRole:FOLLOWER, s1|rpc:localhost:46271|admin:localhost:33567|client:localhost:41473|dataStream:localhost:32893|priority:0|startupRole:FOLLOWER, s2|rpc:localhost:38411|admin:localhost:35847|client:localhost:45257|dataStream:localhost:33781|priority:0|startupRole:FOLLOWER]|listeners:[], old=null RUNNING
2022-07-22 17:36:56,631 [java.util.concurrent.ThreadPoolExecutor$Worker@1378dc9d[State = -1, empty queue]] WARN  grpc.GrpcUtil (GrpcUtil.java:shutdownManagedChannel(216)) - Timed out gracefully shutting down connection: ManagedChannelOrphanWrapper{delegate=ManagedChannelImpl{logId=425, target=localhost:45257}}. 
2022-07-22 17:36:58,635 [java.util.concurrent.ThreadPoolExecutor$Worker@2b22b7bb[State = -1, empty queue]] WARN  grpc.GrpcUtil (GrpcUtil.java:shutdownManagedChannel(216)) - Timed out gracefully shutting down connection: ManagedChannelOrphanWrapper{delegate=ManagedChannelImpl{logId=439, target=localhost:45257}}. 
2022-07-22 17:37:02,759 [java.util.concurrent.ThreadPoolExecutor$Worker@214f0d7b[State = -1, empty queue]] WARN  grpc.GrpcUtil (GrpcUtil.java:shutdownManagedChannel(216)) - Timed out gracefully shutting down connection: ManagedChannelOrphanWrapper{delegate=ManagedChannelImpl{logId=453, target=localhost:45257}}. 
2022-07-22 17:37:04,756 [java.util.concurrent.ThreadPoolExecutor$Worker@7fa2f222[State = -1, empty queue]] WARN  grpc.GrpcUtil (GrpcUtil.java:shutdownManagedChannel(216)) - Timed out gracefully shutting down connection: ManagedChannelOrphanWrapper{delegate=ManagedChannelImpl{logId=467, target=localhost:45257}}. 
2022-07-22 17:37:06,213 [Timer-2] INFO  impl.MiniRaftCluster (MiniRaftCluster.java:lambda$null$5(315)) - TIMED-PRINT: printing ALL groups
  s0:  RUNNING  FOLLOWER s0@group-6B63ABD76F1E:t2, leader=s2, voted=s2, raftlog=Memoized:s0@group-6B63ABD76F1E-SegmentedRaftLog:OPENED:c23, conf=22: peers:[s0|rpc:localhost:45007|admin:localhost:46801|client:localhost:44465|dataStream:localhost:37487|priority:0|startupRole:FOLLOWER, s1|rpc:localhost:46271|admin:localhost:33567|client:localhost:41473|dataStream:localhost:32893|priority:0|startupRole:FOLLOWER, s2|rpc:localhost:38411|admin:localhost:35847|client:localhost:45257|dataStream:localhost:33781|priority:0|startupRole:FOLLOWER]|listeners:[], old=null RUNNING
  s1:  RUNNING  FOLLOWER s1@group-6B63ABD76F1E:t2, leader=s2, voted=s2, raftlog=Memoized:s1@group-6B63ABD76F1E-SegmentedRaftLog:OPENED:c23, conf=22: peers:[s0|rpc:localhost:45007|admin:localhost:46801|client:localhost:44465|dataStream:localhost:37487|priority:0|startupRole:FOLLOWER, s1|rpc:localhost:46271|admin:localhost:33567|client:localhost:41473|dataStream:localhost:32893|priority:0|startupRole:FOLLOWER, s2|rpc:localhost:38411|admin:localhost:35847|client:localhost:45257|dataStream:localhost:33781|priority:0|startupRole:FOLLOWER]|listeners:[], old=null RUNNING
  s2:  RUNNING    LEADER s2@group-6B63ABD76F1E:t2, leader=s2, voted=s2, raftlog=Memoized:s2@group-6B63ABD76F1E-SegmentedRaftLog:OPENED:c23, conf=22: peers:[s0|rpc:localhost:45007|admin:localhost:46801|client:localhost:44465|dataStream:localhost:37487|priority:0|startupRole:FOLLOWER, s1|rpc:localhost:46271|admin:localhost:33567|client:localhost:41473|dataStream:localhost:32893|priority:0|startupRole:FOLLOWER, s2|rpc:localhost:38411|admin:localhost:35847|client:localhost:45257|dataStream:localhost:33781|priority:0|startupRole:FOLLOWER]|listeners:[], old=null RUNNING
2022-07-22 17:37:08,878 [java.util.concurrent.ThreadPoolExecutor$Worker@1f42bdc5[State = -1, empty queue]] WARN  grpc.GrpcUtil (GrpcUtil.java:shutdownManagedChannel(216)) - Timed out gracefully shutting down connection: ManagedChannelOrphanWrapper{delegate=ManagedChannelImpl{logId=481, target=localhost:45257}}. 
2022-07-22 17:37:10,875 [java.util.concurrent.ThreadPoolExecutor$Worker@5c48845f[State = -1, empty queue]] WARN  grpc.GrpcUtil (GrpcUtil.java:shutdownManagedChannel(216)) - Timed out gracefully shutting down connection: ManagedChannelOrphanWrapper{delegate=ManagedChannelImpl{logId=495, target=localhost:45257}}. 
2022-07-22 17:37:14,999 [java.util.concurrent.ThreadPoolExecutor$Worker@4bba509f[State = -1, empty queue]] WARN  grpc.GrpcUtil (GrpcUtil.java:shutdownManagedChannel(216)) - Timed out gracefully shutting down connection: ManagedChannelOrphanWrapper{delegate=ManagedChannelImpl{logId=509, target=localhost:45257}}. 
2022-07-22 17:37:16,214 [Timer-2] INFO  impl.MiniRaftCluster (MiniRaftCluster.java:lambda$null$5(315)) - TIMED-PRINT: printing ALL groups
  s0:  RUNNING  FOLLOWER s0@group-6B63ABD76F1E:t2, leader=s2, voted=s2, raftlog=Memoized:s0@group-6B63ABD76F1E-SegmentedRaftLog:OPENED:c23, conf=22: peers:[s0|rpc:localhost:45007|admin:localhost:46801|client:localhost:44465|dataStream:localhost:37487|priority:0|startupRole:FOLLOWER, s1|rpc:localhost:46271|admin:localhost:33567|client:localhost:41473|dataStream:localhost:32893|priority:0|startupRole:FOLLOWER, s2|rpc:localhost:38411|admin:localhost:35847|client:localhost:45257|dataStream:localhost:33781|priority:0|startupRole:FOLLOWER]|listeners:[], old=null RUNNING
  s1:  RUNNING  FOLLOWER s1@group-6B63ABD76F1E:t2, leader=s2, voted=s2, raftlog=Memoized:s1@group-6B63ABD76F1E-SegmentedRaftLog:OPENED:c23, conf=22: peers:[s0|rpc:localhost:45007|admin:localhost:46801|client:localhost:44465|dataStream:localhost:37487|priority:0|startupRole:FOLLOWER, s1|rpc:localhost:46271|admin:localhost:33567|client:localhost:41473|dataStream:localhost:32893|priority:0|startupRole:FOLLOWER, s2|rpc:localhost:38411|admin:localhost:35847|client:localhost:45257|dataStream:localhost:33781|priority:0|startupRole:FOLLOWER]|listeners:[], old=null RUNNING
  s2:  RUNNING    LEADER s2@group-6B63ABD76F1E:t2, leader=s2, voted=s2, raftlog=Memoized:s2@group-6B63ABD76F1E-SegmentedRaftLog:OPENED:c23, conf=22: peers:[s0|rpc:localhost:45007|admin:localhost:46801|client:localhost:44465|dataStream:localhost:37487|priority:0|startupRole:FOLLOWER, s1|rpc:localhost:46271|admin:localhost:33567|client:localhost:41473|dataStream:localhost:32893|priority:0|startupRole:FOLLOWER, s2|rpc:localhost:38411|admin:localhost:35847|client:localhost:45257|dataStream:localhost:33781|priority:0|startupRole:FOLLOWER]|listeners:[], old=null RUNNING
2022-07-22 17:37:16,994 [java.util.concurrent.ThreadPoolExecutor$Worker@68aba17d[State = -1, empty queue]] WARN  grpc.GrpcUtil (GrpcUtil.java:shutdownManagedChannel(216)) - Timed out gracefully shutting down connection: ManagedChannelOrphanWrapper{delegate=ManagedChannelImpl{logId=523, target=localhost:45257}}. 
2022-07-22 17:37:21,121 [java.util.concurrent.ThreadPoolExecutor$Worker@13070b87[State = -1, empty queue]] WARN  grpc.GrpcUtil (GrpcUtil.java:shutdownManagedChannel(216)) - Timed out gracefully shutting down connection: ManagedChannelOrphanWrapper{delegate=ManagedChannelImpl{logId=537, target=localhost:45257}}. 
2022-07-22 17:37:21,242 [s2-client-thread1] INFO  statemachine.StateMachine (DataStreamTestUtils.java:link(157)) - link null
2022-07-22 17:37:21,243 [s1-server-thread2] INFO  statemachine.StateMachine (DataStreamTestUtils.java:link(157)) - link null
2022-07-22 17:37:21,243 [s0-server-thread2] INFO  statemachine.StateMachine (DataStreamTestUtils.java:link(157)) - link null
2022-07-22 17:37:21,244 [Thread-2986] WARN  server.GrpcServerProtocolService (LogUtils.java:warn(124)) - s1: Failed APPEND_ENTRIES request s2->s1#808-t2,previous=(t:2, i:26),leaderCommit=23,initializing? true,entries: size=1, first=(t:2, i:27), STATEMACHINELOGENTRY, 393@client-FBF4FAB27C9F
java.util.concurrent.CompletionException: org.apache.ratis.server.raftlog.RaftLogIOException: Log already failed at index 24 for task WriteLog:24: (t:2, i:24), STATEMACHINELOGENTRY, StateMachineLogEntryProto:393@client-FBF4FAB27C9F
	at java.util.concurrent.CompletableFuture.encodeThrowable(CompletableFuture.java:292)
	at java.util.concurrent.CompletableFuture.completeThrowable(CompletableFuture.java:308)
	at java.util.concurrent.CompletableFuture.biRelay(CompletableFuture.java:1298)
	at java.util.concurrent.CompletableFuture.andTree(CompletableFuture.java:1321)
	at java.util.concurrent.CompletableFuture.allOf(CompletableFuture.java:2238)
	at org.apache.ratis.util.JavaUtils.allOf(JavaUtils.java:233)
	at org.apache.ratis.server.impl.RaftServerImpl.appendEntriesAsync(RaftServerImpl.java:1416)
	at org.apache.ratis.server.impl.RaftServerImpl.appendEntriesAsync(RaftServerImpl.java:1290)
	at org.apache.ratis.server.impl.RaftServerProxy.lambda$null$25(RaftServerProxy.java:622)
	at org.apache.ratis.util.JavaUtils.callAsUnchecked(JavaUtils.java:115)
	at org.apache.ratis.server.impl.RaftServerImpl.lambda$executeSubmitServerRequestAsync$11(RaftServerImpl.java:789)
	at java.util.concurrent.CompletableFuture$AsyncSupply.run(CompletableFuture.java:1604)
	at java.util.concurrent.ThreadPoolExecutor.runWorker(ThreadPoolExecutor.java:1149)
	at java.util.concurrent.ThreadPoolExecutor$Worker.run(ThreadPoolExecutor.java:624)
	at java.lang.Thread.run(Thread.java:750)
Caused by: org.apache.ratis.server.raftlog.RaftLogIOException: Log already failed at index 24 for task WriteLog:24: (t:2, i:24), STATEMACHINELOGENTRY, StateMachineLogEntryProto:393@client-FBF4FAB27C9F
	at org.apache.ratis.server.raftlog.segmented.SegmentedRaftLogWorker.run(SegmentedRaftLogWorker.java:322)
	... 1 more
Caused by: java.io.IOException: java.lang.IllegalStateException: Null stream: entry=term: 2
index: 24
stateMachineLogEntry {
  type: DATASTREAM
  clientId: "\306\t\306\331\034\365J1\232`\373\364\372\262|\237"
  callId: 393
}

	at org.apache.ratis.util.IOUtils.asIOException(IOUtils.java:56)
	at org.apache.ratis.util.IOUtils.toIOException(IOUtils.java:61)
	at org.apache.ratis.util.IOUtils.getFromFuture(IOUtils.java:85)
	at org.apache.ratis.server.raftlog.segmented.SegmentedRaftLogWorker$StateMachineDataPolicy.getFromFuture(SegmentedRaftLogWorker.java:89)
	at org.apache.ratis.server.raftlog.segmented.SegmentedRaftLogWorker$WriteLog.execute(SegmentedRaftLogWorker.java:534)
	at org.apache.ratis.server.raftlog.segmented.SegmentedRaftLogWorker.run(SegmentedRaftLogWorker.java:310)
	... 1 more
Caused by: java.lang.IllegalStateException: Null stream: entry=term: 2
index: 24
stateMachineLogEntry {
  type: DATASTREAM
  clientId: "\306\t\306\331\034\365J1\232`\373\364\372\262|\237"
  callId: 393
}

	at org.apache.ratis.datastream.DataStreamTestUtils$MultiDataStreamStateMachine.link(DataStreamTestUtils.java:159)
	at org.apache.ratis.server.raftlog.segmented.SegmentedRaftLogWorker$WriteLog.<init>(SegmentedRaftLogWorker.java:491)
	at org.apache.ratis.server.raftlog.segmented.SegmentedRaftLogWorker.writeLogEntry(SegmentedRaftLogWorker.java:437)
	at org.apache.ratis.server.raftlog.segmented.SegmentedRaftLog.appendEntryImpl(SegmentedRaftLog.java:408)
	at org.apache.ratis.server.raftlog.RaftLogBase.lambda$appendEntry$10(RaftLogBase.java:323)
	at org.apache.ratis.server.raftlog.RaftLogSequentialOps$Runner.runSequentially(RaftLogSequentialOps.java:77)
	at org.apache.ratis.server.raftlog.RaftLogBase.appendEntry(RaftLogBase.java:323)
	at org.apache.ratis.server.raftlog.segmented.SegmentedRaftLog.appendImpl(SegmentedRaftLog.java:457)
	at org.apache.ratis.server.raftlog.RaftLogBase.lambda$append$11(RaftLogBase.java:330)
	at org.apache.ratis.server.raftlog.RaftLogSequentialOps$Runner.runSequentially(RaftLogSequentialOps.java:68)
	at org.apache.ratis.server.raftlog.RaftLogBase.append(RaftLogBase.java:330)
	at org.apache.ratis.server.impl.RaftServerImpl.appendEntriesAsync(RaftServerImpl.java:1404)
	at org.apache.ratis.server.impl.RaftServerImpl.appendEntriesAsync(RaftServerImpl.java:1290)
	at org.apache.ratis.server.impl.RaftServerProxy.lambda$null$25(RaftServerProxy.java:622)
	at org.apache.ratis.util.JavaUtils.callAsUnchecked(JavaUtils.java:115)
	at org.apache.ratis.server.impl.RaftServerImpl.lambda$executeSubmitServerRequestAsync$11(RaftServerImpl.java:789)
	at java.util.concurrent.CompletableFuture$AsyncSupply.run(CompletableFuture.java:1604)
	at java.util.concurrent.ThreadPoolExecutor.runWorker(ThreadPoolExecutor.java:1149)
	at java.util.concurrent.ThreadPoolExecutor$Worker.run(ThreadPoolExecutor.java:624)
	... 1 more
2022-07-22 17:37:21,245 [Thread-2987] WARN  server.GrpcServerProtocolService (LogUtils.java:warn(124)) - s0: Failed APPEND_ENTRIES request s2->s0#808-t2,previous=(t:2, i:26),leaderCommit=23,initializing? true,entries: size=1, first=(t:2, i:27), STATEMACHINELOGENTRY, 393@client-FBF4FAB27C9F
java.util.concurrent.CompletionException: org.apache.ratis.server.raftlog.RaftLogIOException: Log already failed at index 24 for task WriteLog:24: (t:2, i:24), STATEMACHINELOGENTRY, StateMachineLogEntryProto:393@client-FBF4FAB27C9F
	at java.util.concurrent.CompletableFuture.encodeThrowable(CompletableFuture.java:292)
	at java.util.concurrent.CompletableFuture.completeThrowable(CompletableFuture.java:308)
	at java.util.concurrent.CompletableFuture.biRelay(CompletableFuture.java:1298)
	at java.util.concurrent.CompletableFuture$BiRelay.tryFire(CompletableFuture.java:1284)
	at java.util.concurrent.CompletableFuture.postComplete(CompletableFuture.java:488)
	at java.util.concurrent.CompletableFuture.completeExceptionally(CompletableFuture.java:1990)
	at org.apache.ratis.server.raftlog.segmented.SegmentedRaftLog$Task.failed(SegmentedRaftLog.java:104)
	at org.apache.ratis.server.raftlog.segmented.SegmentedRaftLogWorker$WriteLog.failed(SegmentedRaftLogWorker.java:513)
	at org.apache.ratis.server.raftlog.segmented.SegmentedRaftLogWorker.run(SegmentedRaftLogWorker.java:319)
	at java.lang.Thread.run(Thread.java:750)
Caused by: org.apache.ratis.server.raftlog.RaftLogIOException: Log already failed at index 24 for task WriteLog:24: (t:2, i:24), STATEMACHINELOGENTRY, StateMachineLogEntryProto:393@client-FBF4FAB27C9F
	at org.apache.ratis.server.raftlog.segmented.SegmentedRaftLogWorker.run(SegmentedRaftLogWorker.java:322)
	... 1 more
Caused by: java.io.IOException: java.lang.IllegalStateException: Null stream: entry=term: 2
index: 24
stateMachineLogEntry {
  type: DATASTREAM
  clientId: "\306\t\306\331\034\365J1\232`\373\364\372\262|\237"
  callId: 393
}

	at org.apache.ratis.util.IOUtils.asIOException(IOUtils.java:56)
	at org.apache.ratis.util.IOUtils.toIOException(IOUtils.java:61)
	at org.apache.ratis.util.IOUtils.getFromFuture(IOUtils.java:85)
	at org.apache.ratis.server.raftlog.segmented.SegmentedRaftLogWorker$StateMachineDataPolicy.getFromFuture(SegmentedRaftLogWorker.java:89)
	at org.apache.ratis.server.raftlog.segmented.SegmentedRaftLogWorker$WriteLog.execute(SegmentedRaftLogWorker.java:534)
	at org.apache.ratis.server.raftlog.segmented.SegmentedRaftLogWorker.run(SegmentedRaftLogWorker.java:310)
	... 1 more
Caused by: java.lang.IllegalStateException: Null stream: entry=term: 2
index: 24
stateMachineLogEntry {
  type: DATASTREAM
  clientId: "\306\t\306\331\034\365J1\232`\373\364\372\262|\237"
  callId: 393
}

	at org.apache.ratis.datastream.DataStreamTestUtils$MultiDataStreamStateMachine.link(DataStreamTestUtils.java:159)
	at org.apache.ratis.server.raftlog.segmented.SegmentedRaftLogWorker$WriteLog.<init>(SegmentedRaftLogWorker.java:491)
	at org.apache.ratis.server.raftlog.segmented.SegmentedRaftLogWorker.writeLogEntry(SegmentedRaftLogWorker.java:437)
	at org.apache.ratis.server.raftlog.segmented.SegmentedRaftLog.appendEntryImpl(SegmentedRaftLog.java:408)
	at org.apache.ratis.server.raftlog.RaftLogBase.lambda$appendEntry$10(RaftLogBase.java:323)
	at org.apache.ratis.server.raftlog.RaftLogSequentialOps$Runner.runSequentially(RaftLogSequentialOps.java:77)
	at org.apache.ratis.server.raftlog.RaftLogBase.appendEntry(RaftLogBase.java:323)
	at org.apache.ratis.server.raftlog.segmented.SegmentedRaftLog.appendImpl(SegmentedRaftLog.java:457)
	at org.apache.ratis.server.raftlog.RaftLogBase.lambda$append$11(RaftLogBase.java:330)
	at org.apache.ratis.server.raftlog.RaftLogSequentialOps$Runner.runSequentially(RaftLogSequentialOps.java:68)
	at org.apache.ratis.server.raftlog.RaftLogBase.append(RaftLogBase.java:330)
	at org.apache.ratis.server.impl.RaftServerImpl.appendEntriesAsync(RaftServerImpl.java:1404)
	at org.apache.ratis.server.impl.RaftServerImpl.appendEntriesAsync(RaftServerImpl.java:1290)
	at org.apache.ratis.server.impl.RaftServerProxy.lambda$null$25(RaftServerProxy.java:622)
	at org.apache.ratis.util.JavaUtils.callAsUnchecked(JavaUtils.java:115)
	at org.apache.ratis.server.impl.RaftServerImpl.lambda$executeSubmitServerRequestAsync$11(RaftServerImpl.java:789)
	at java.util.concurrent.CompletableFuture$AsyncSupply.run(CompletableFuture.java:1604)
	at java.util.concurrent.ThreadPoolExecutor.runWorker(ThreadPoolExecutor.java:1149)
	at java.util.concurrent.ThreadPoolExecutor$Worker.run(ThreadPoolExecutor.java:624)
	... 1 more
2022-07-22 17:37:21,253 [grpc-default-executor-14] WARN  server.GrpcLogAppender (LogUtils.java:warn(124)) - s2@group-6B63ABD76F1E->s1-AppendLogResponseHandler: Failed appendEntries
org.apache.ratis.server.raftlog.RaftLogIOException: Log already failed at index 24 for task WriteLog:24: (t:2, i:24), STATEMACHINELOGENTRY, StateMachineLogEntryProto:393@client-FBF4FAB27C9F
	at org.apache.ratis.server.raftlog.segmented.SegmentedRaftLogWorker.run(SegmentedRaftLogWorker.java:322)
	at java.lang.Thread.run(Thread.java:750)
Caused by: java.io.IOException: java.lang.IllegalStateException: Null stream: entry=term: 2
index: 24
stateMachineLogEntry {
  type: DATASTREAM
  clientId: "\306\t\306\331\034\365J1\232`\373\364\372\262|\237"
  callId: 393
}

	at org.apache.ratis.util.IOUtils.asIOException(IOUtils.java:56)
	at org.apache.ratis.util.IOUtils.toIOException(IOUtils.java:61)
	at org.apache.ratis.util.IOUtils.getFromFuture(IOUtils.java:85)
	at org.apache.ratis.server.raftlog.segmented.SegmentedRaftLogWorker$StateMachineDataPolicy.getFromFuture(SegmentedRaftLogWorker.java:89)
	at org.apache.ratis.server.raftlog.segmented.SegmentedRaftLogWorker$WriteLog.execute(SegmentedRaftLogWorker.java:534)
	at org.apache.ratis.server.raftlog.segmented.SegmentedRaftLogWorker.run(SegmentedRaftLogWorker.java:310)
	... 1 more
Caused by: java.lang.IllegalStateException: Null stream: entry=term: 2
index: 24
stateMachineLogEntry {
  type: DATASTREAM
  clientId: "\306\t\306\331\034\365J1\232`\373\364\372\262|\237"
  callId: 393
}

	at org.apache.ratis.datastream.DataStreamTestUtils$MultiDataStreamStateMachine.link(DataStreamTestUtils.java:159)
	at org.apache.ratis.server.raftlog.segmented.SegmentedRaftLogWorker$WriteLog.<init>(SegmentedRaftLogWorker.java:491)
	at org.apache.ratis.server.raftlog.segmented.SegmentedRaftLogWorker.writeLogEntry(SegmentedRaftLogWorker.java:437)
	at org.apache.ratis.server.raftlog.segmented.SegmentedRaftLog.appendEntryImpl(SegmentedRaftLog.java:408)
	at org.apache.ratis.server.raftlog.RaftLogBase.lambda$appendEntry$10(RaftLogBase.java:323)
	at org.apache.ratis.server.raftlog.RaftLogSequentialOps$Runner.runSequentially(RaftLogSequentialOps.java:77)
	at org.apache.ratis.server.raftlog.RaftLogBase.appendEntry(RaftLogBase.java:323)
	at org.apache.ratis.server.raftlog.segmented.SegmentedRaftLog.appendImpl(SegmentedRaftLog.java:457)
	at org.apache.ratis.server.raftlog.RaftLogBase.lambda$append$11(RaftLogBase.java:330)
	at org.apache.ratis.server.raftlog.RaftLogSequentialOps$Runner.runSequentially(RaftLogSequentialOps.java:68)
	at org.apache.ratis.server.raftlog.RaftLogBase.append(RaftLogBase.java:330)
	at org.apache.ratis.server.impl.RaftServerImpl.appendEntriesAsync(RaftServerImpl.java:1404)
	at org.apache.ratis.server.impl.RaftServerImpl.appendEntriesAsync(RaftServerImpl.java:1290)
	at org.apache.ratis.server.impl.RaftServerProxy.lambda$null$25(RaftServerProxy.java:622)
	at org.apache.ratis.util.JavaUtils.callAsUnchecked(JavaUtils.java:115)
	at org.apache.ratis.server.impl.RaftServerImpl.lambda$executeSubmitServerRequestAsync$11(RaftServerImpl.java:789)
	at java.util.concurrent.CompletableFuture$AsyncSupply.run(CompletableFuture.java:1604)
	at java.util.concurrent.ThreadPoolExecutor.runWorker(ThreadPoolExecutor.java:1149)
	at java.util.concurrent.ThreadPoolExecutor$Worker.run(ThreadPoolExecutor.java:624)
	... 1 more
2022-07-22 17:37:21,262 [grpc-default-executor-14] INFO  leader.FollowerInfo (FollowerInfoImpl.java:lambda$new$0(48)) - s2@group-6B63ABD76F1E->s1: nextIndex: updateUnconditionally 28 -> 27
2022-07-22 17:37:21,266 [grpc-default-executor-16] WARN  server.GrpcLogAppender (LogUtils.java:warn(124)) - s2@group-6B63ABD76F1E->s0-AppendLogResponseHandler: Failed appendEntries
org.apache.ratis.server.raftlog.RaftLogIOException: Log already failed at index 24 for task WriteLog:24: (t:2, i:24), STATEMACHINELOGENTRY, StateMachineLogEntryProto:393@client-FBF4FAB27C9F
	at org.apache.ratis.server.raftlog.segmented.SegmentedRaftLogWorker.run(SegmentedRaftLogWorker.java:322)
	at java.lang.Thread.run(Thread.java:750)
Caused by: java.io.IOException: java.lang.IllegalStateException: Null stream: entry=term: 2
index: 24
stateMachineLogEntry {
  type: DATASTREAM
  clientId: "\306\t\306\331\034\365J1\232`\373\364\372\262|\237"
  callId: 393
}

	at org.apache.ratis.util.IOUtils.asIOException(IOUtils.java:56)
	at org.apache.ratis.util.IOUtils.toIOException(IOUtils.java:61)
	at org.apache.ratis.util.IOUtils.getFromFuture(IOUtils.java:85)
	at org.apache.ratis.server.raftlog.segmented.SegmentedRaftLogWorker$StateMachineDataPolicy.getFromFuture(SegmentedRaftLogWorker.java:89)
	at org.apache.ratis.server.raftlog.segmented.SegmentedRaftLogWorker$WriteLog.execute(SegmentedRaftLogWorker.java:534)
	at org.apache.ratis.server.raftlog.segmented.SegmentedRaftLogWorker.run(SegmentedRaftLogWorker.java:310)
	... 1 more
Caused by: java.lang.IllegalStateException: Null stream: entry=term: 2
index: 24
stateMachineLogEntry {
  type: DATASTREAM
  clientId: "\306\t\306\331\034\365J1\232`\373\364\372\262|\237"
  callId: 393
}

	at org.apache.ratis.datastream.DataStreamTestUtils$MultiDataStreamStateMachine.link(DataStreamTestUtils.java:159)
	at org.apache.ratis.server.raftlog.segmented.SegmentedRaftLogWorker$WriteLog.<init>(SegmentedRaftLogWorker.java:491)
	at org.apache.ratis.server.raftlog.segmented.SegmentedRaftLogWorker.writeLogEntry(SegmentedRaftLogWorker.java:437)
	at org.apache.ratis.server.raftlog.segmented.SegmentedRaftLog.appendEntryImpl(SegmentedRaftLog.java:408)
	at org.apache.ratis.server.raftlog.RaftLogBase.lambda$appendEntry$10(RaftLogBase.java:323)
	at org.apache.ratis.server.raftlog.RaftLogSequentialOps$Runner.runSequentially(RaftLogSequentialOps.java:77)
	at org.apache.ratis.server.raftlog.RaftLogBase.appendEntry(RaftLogBase.java:323)
	at org.apache.ratis.server.raftlog.segmented.SegmentedRaftLog.appendImpl(SegmentedRaftLog.java:457)
	at org.apache.ratis.server.raftlog.RaftLogBase.lambda$append$11(RaftLogBase.java:330)
	at org.apache.ratis.server.raftlog.RaftLogSequentialOps$Runner.runSequentially(RaftLogSequentialOps.java:68)
	at org.apache.ratis.server.raftlog.RaftLogBase.append(RaftLogBase.java:330)
	at org.apache.ratis.server.impl.RaftServerImpl.appendEntriesAsync(RaftServerImpl.java:1404)
	at org.apache.ratis.server.impl.RaftServerImpl.appendEntriesAsync(RaftServerImpl.java:1290)
	at org.apache.ratis.server.impl.RaftServerProxy.lambda$null$25(RaftServerProxy.java:622)
	at org.apache.ratis.util.JavaUtils.callAsUnchecked(JavaUtils.java:115)
	at org.apache.ratis.server.impl.RaftServerImpl.lambda$executeSubmitServerRequestAsync$11(RaftServerImpl.java:789)
	at java.util.concurrent.CompletableFuture$AsyncSupply.run(CompletableFuture.java:1604)
	at java.util.concurrent.ThreadPoolExecutor.runWorker(ThreadPoolExecutor.java:1149)
	at java.util.concurrent.ThreadPoolExecutor$Worker.run(ThreadPoolExecutor.java:624)
	... 1 more
2022-07-22 17:37:21,266 [grpc-default-executor-16] INFO  leader.FollowerInfo (FollowerInfoImpl.java:lambda$new$0(48)) - s2@group-6B63ABD76F1E->s0: nextIndex: updateUnconditionally 28 -> 27
2022-07-22 17:37:23,118 [java.util.concurrent.ThreadPoolExecutor$Worker@3f3577a0[State = -1, empty queue]] WARN  grpc.GrpcUtil (GrpcUtil.java:shutdownManagedChannel(216)) - Timed out gracefully shutting down connection: ManagedChannelOrphanWrapper{delegate=ManagedChannelImpl{logId=551, target=localhost:45257}}. 
2022-07-22 17:37:23,243 [s2-client-thread1] INFO  statemachine.StateMachine (DataStreamTestUtils.java:link(157)) - link null
2022-07-22 17:37:23,244 [s0-server-thread2] INFO  statemachine.StateMachine (DataStreamTestUtils.java:link(157)) - link null
2022-07-22 17:37:23,244 [s1-server-thread2] INFO  statemachine.StateMachine (DataStreamTestUtils.java:link(157)) - link null
2022-07-22 17:37:23,248 [Thread-3042] WARN  server.GrpcServerProtocolService (LogUtils.java:warn(124)) - s0: Failed APPEND_ENTRIES request s2->s0#835-t2,previous=(t:2, i:27),leaderCommit=23,initializing? true,entries: size=1, first=(t:2, i:28), STATEMACHINELOGENTRY, 377@client-41101BD33753
java.util.concurrent.CompletionException: org.apache.ratis.server.raftlog.RaftLogIOException: Log already failed at index 24 for task WriteLog:24: (t:2, i:24), STATEMACHINELOGENTRY, StateMachineLogEntryProto:393@client-FBF4FAB27C9F
	at java.util.concurrent.CompletableFuture.encodeThrowable(CompletableFuture.java:292)
	at java.util.concurrent.CompletableFuture.completeThrowable(CompletableFuture.java:308)
	at java.util.concurrent.CompletableFuture.biRelay(CompletableFuture.java:1298)
	at java.util.concurrent.CompletableFuture$BiRelay.tryFire(CompletableFuture.java:1284)
	at java.util.concurrent.CompletableFuture.postComplete(CompletableFuture.java:488)
	at java.util.concurrent.CompletableFuture.completeExceptionally(CompletableFuture.java:1990)
	at org.apache.ratis.server.raftlog.segmented.SegmentedRaftLog$Task.failed(SegmentedRaftLog.java:104)
	at org.apache.ratis.server.raftlog.segmented.SegmentedRaftLogWorker$WriteLog.failed(SegmentedRaftLogWorker.java:513)
	at org.apache.ratis.server.raftlog.segmented.SegmentedRaftLogWorker.run(SegmentedRaftLogWorker.java:319)
	at java.lang.Thread.run(Thread.java:750)
Caused by: org.apache.ratis.server.raftlog.RaftLogIOException: Log already failed at index 24 for task WriteLog:24: (t:2, i:24), STATEMACHINELOGENTRY, StateMachineLogEntryProto:393@client-FBF4FAB27C9F
	at org.apache.ratis.server.raftlog.segmented.SegmentedRaftLogWorker.run(SegmentedRaftLogWorker.java:322)
	... 1 more
Caused by: java.io.IOException: java.lang.IllegalStateException: Null stream: entry=term: 2
index: 24
stateMachineLogEntry {
  type: DATASTREAM
  clientId: "\306\t\306\331\034\365J1\232`\373\364\372\262|\237"
  callId: 393
}

	at org.apache.ratis.util.IOUtils.asIOException(IOUtils.java:56)
	at org.apache.ratis.util.IOUtils.toIOException(IOUtils.java:61)
	at org.apache.ratis.util.IOUtils.getFromFuture(IOUtils.java:85)
	at org.apache.ratis.server.raftlog.segmented.SegmentedRaftLogWorker$StateMachineDataPolicy.getFromFuture(SegmentedRaftLogWorker.java:89)
	at org.apache.ratis.server.raftlog.segmented.SegmentedRaftLogWorker$WriteLog.execute(SegmentedRaftLogWorker.java:534)
	at org.apache.ratis.server.raftlog.segmented.SegmentedRaftLogWorker.run(SegmentedRaftLogWorker.java:310)
	... 1 more
Caused by: java.lang.IllegalStateException: Null stream: entry=term: 2
index: 24
stateMachineLogEntry {
  type: DATASTREAM
  clientId: "\306\t\306\331\034\365J1\232`\373\364\372\262|\237"
  callId: 393
}

	at org.apache.ratis.datastream.DataStreamTestUtils$MultiDataStreamStateMachine.link(DataStreamTestUtils.java:159)
	at org.apache.ratis.server.raftlog.segmented.SegmentedRaftLogWorker$WriteLog.<init>(SegmentedRaftLogWorker.java:491)
	at org.apache.ratis.server.raftlog.segmented.SegmentedRaftLogWorker.writeLogEntry(SegmentedRaftLogWorker.java:437)
	at org.apache.ratis.server.raftlog.segmented.SegmentedRaftLog.appendEntryImpl(SegmentedRaftLog.java:408)
	at org.apache.ratis.server.raftlog.RaftLogBase.lambda$appendEntry$10(RaftLogBase.java:323)
	at org.apache.ratis.server.raftlog.RaftLogSequentialOps$Runner.runSequentially(RaftLogSequentialOps.java:77)
	at org.apache.ratis.server.raftlog.RaftLogBase.appendEntry(RaftLogBase.java:323)
	at org.apache.ratis.server.raftlog.segmented.SegmentedRaftLog.appendImpl(SegmentedRaftLog.java:457)
	at org.apache.ratis.server.raftlog.RaftLogBase.lambda$append$11(RaftLogBase.java:330)
	at org.apache.ratis.server.raftlog.RaftLogSequentialOps$Runner.runSequentially(RaftLogSequentialOps.java:68)
	at org.apache.ratis.server.raftlog.RaftLogBase.append(RaftLogBase.java:330)
	at org.apache.ratis.server.impl.RaftServerImpl.appendEntriesAsync(RaftServerImpl.java:1404)
	at org.apache.ratis.server.impl.RaftServerImpl.appendEntriesAsync(RaftServerImpl.java:1290)
	at org.apache.ratis.server.impl.RaftServerProxy.lambda$null$25(RaftServerProxy.java:622)
	at org.apache.ratis.util.JavaUtils.callAsUnchecked(JavaUtils.java:115)
	at org.apache.ratis.server.impl.RaftServerImpl.lambda$executeSubmitServerRequestAsync$11(RaftServerImpl.java:789)
	at java.util.concurrent.CompletableFuture$AsyncSupply.run(CompletableFuture.java:1604)
	at java.util.concurrent.ThreadPoolExecutor.runWorker(ThreadPoolExecutor.java:1149)
	at java.util.concurrent.ThreadPoolExecutor$Worker.run(ThreadPoolExecutor.java:624)
	... 1 more
2022-07-22 17:37:23,261 [Thread-3043] WARN  server.GrpcServerProtocolService (LogUtils.java:warn(124)) - s1: Failed APPEND_ENTRIES request s2->s1#835-t2,previous=(t:2, i:27),leaderCommit=23,initializing? true,entries: size=1, first=(t:2, i:28), STATEMACHINELOGENTRY, 377@client-41101BD33753
java.util.concurrent.CompletionException: org.apache.ratis.server.raftlog.RaftLogIOException: Log already failed at index 24 for task WriteLog:24: (t:2, i:24), STATEMACHINELOGENTRY, StateMachineLogEntryProto:393@client-FBF4FAB27C9F
	at java.util.concurrent.CompletableFuture.encodeThrowable(CompletableFuture.java:292)
	at java.util.concurrent.CompletableFuture.completeThrowable(CompletableFuture.java:308)
	at java.util.concurrent.CompletableFuture.biRelay(CompletableFuture.java:1298)
	at java.util.concurrent.CompletableFuture$BiRelay.tryFire(CompletableFuture.java:1284)
	at java.util.concurrent.CompletableFuture.postComplete(CompletableFuture.java:488)
	at java.util.concurrent.CompletableFuture.completeExceptionally(CompletableFuture.java:1990)
	at org.apache.ratis.server.raftlog.segmented.SegmentedRaftLog$Task.failed(SegmentedRaftLog.java:104)
	at org.apache.ratis.server.raftlog.segmented.SegmentedRaftLogWorker$WriteLog.failed(SegmentedRaftLogWorker.java:513)
	at org.apache.ratis.server.raftlog.segmented.SegmentedRaftLogWorker.run(SegmentedRaftLogWorker.java:319)
	at java.lang.Thread.run(Thread.java:750)
Caused by: org.apache.ratis.server.raftlog.RaftLogIOException: Log already failed at index 24 for task WriteLog:24: (t:2, i:24), STATEMACHINELOGENTRY, StateMachineLogEntryProto:393@client-FBF4FAB27C9F
	at org.apache.ratis.server.raftlog.segmented.SegmentedRaftLogWorker.run(SegmentedRaftLogWorker.java:322)
	... 1 more
Caused by: java.io.IOException: java.lang.IllegalStateException: Null stream: entry=term: 2
index: 24
stateMachineLogEntry {
  type: DATASTREAM
  clientId: "\306\t\306\331\034\365J1\232`\373\364\372\262|\237"
  callId: 393
}

	at org.apache.ratis.util.IOUtils.asIOException(IOUtils.java:56)
	at org.apache.ratis.util.IOUtils.toIOException(IOUtils.java:61)
	at org.apache.ratis.util.IOUtils.getFromFuture(IOUtils.java:85)
	at org.apache.ratis.server.raftlog.segmented.SegmentedRaftLogWorker$StateMachineDataPolicy.getFromFuture(SegmentedRaftLogWorker.java:89)
	at org.apache.ratis.server.raftlog.segmented.SegmentedRaftLogWorker$WriteLog.execute(SegmentedRaftLogWorker.java:534)
	at org.apache.ratis.server.raftlog.segmented.SegmentedRaftLogWorker.run(SegmentedRaftLogWorker.java:310)
	... 1 more
Caused by: java.lang.IllegalStateException: Null stream: entry=term: 2
index: 24
stateMachineLogEntry {
  type: DATASTREAM
  clientId: "\306\t\306\331\034\365J1\232`\373\364\372\262|\237"
  callId: 393
}

	at org.apache.ratis.datastream.DataStreamTestUtils$MultiDataStreamStateMachine.link(DataStreamTestUtils.java:159)
	at org.apache.ratis.server.raftlog.segmented.SegmentedRaftLogWorker$WriteLog.<init>(SegmentedRaftLogWorker.java:491)
	at org.apache.ratis.server.raftlog.segmented.SegmentedRaftLogWorker.writeLogEntry(SegmentedRaftLogWorker.java:437)
	at org.apache.ratis.server.raftlog.segmented.SegmentedRaftLog.appendEntryImpl(SegmentedRaftLog.java:408)
	at org.apache.ratis.server.raftlog.RaftLogBase.lambda$appendEntry$10(RaftLogBase.java:323)
	at org.apache.ratis.server.raftlog.RaftLogSequentialOps$Runner.runSequentially(RaftLogSequentialOps.java:77)
	at org.apache.ratis.server.raftlog.RaftLogBase.appendEntry(RaftLogBase.java:323)
	at org.apache.ratis.server.raftlog.segmented.SegmentedRaftLog.appendImpl(SegmentedRaftLog.java:457)
	at org.apache.ratis.server.raftlog.RaftLogBase.lambda$append$11(RaftLogBase.java:330)
	at org.apache.ratis.server.raftlog.RaftLogSequentialOps$Runner.runSequentially(RaftLogSequentialOps.java:68)
	at org.apache.ratis.server.raftlog.RaftLogBase.append(RaftLogBase.java:330)
	at org.apache.ratis.server.impl.RaftServerImpl.appendEntriesAsync(RaftServerImpl.java:1404)
	at org.apache.ratis.server.impl.RaftServerImpl.appendEntriesAsync(RaftServerImpl.java:1290)
	at org.apache.ratis.server.impl.RaftServerProxy.lambda$null$25(RaftServerProxy.java:622)
	at org.apache.ratis.util.JavaUtils.callAsUnchecked(JavaUtils.java:115)
	at org.apache.ratis.server.impl.RaftServerImpl.lambda$executeSubmitServerRequestAsync$11(RaftServerImpl.java:789)
	at java.util.concurrent.CompletableFuture$AsyncSupply.run(CompletableFuture.java:1604)
	at java.util.concurrent.ThreadPoolExecutor.runWorker(ThreadPoolExecutor.java:1149)
	at java.util.concurrent.ThreadPoolExecutor$Worker.run(ThreadPoolExecutor.java:624)
	... 1 more
2022-07-22 17:37:23,264 [grpc-default-executor-14] WARN  server.GrpcLogAppender (LogUtils.java:warn(124)) - s2@group-6B63ABD76F1E->s0-AppendLogResponseHandler: Failed appendEntries
org.apache.ratis.server.raftlog.RaftLogIOException: Log already failed at index 24 for task WriteLog:24: (t:2, i:24), STATEMACHINELOGENTRY, StateMachineLogEntryProto:393@client-FBF4FAB27C9F
	at org.apache.ratis.server.raftlog.segmented.SegmentedRaftLogWorker.run(SegmentedRaftLogWorker.java:322)
	at java.lang.Thread.run(Thread.java:750)
Caused by: java.io.IOException: java.lang.IllegalStateException: Null stream: entry=term: 2
index: 24
stateMachineLogEntry {
  type: DATASTREAM
  clientId: "\306\t\306\331\034\365J1\232`\373\364\372\262|\237"
  callId: 393
}

	at org.apache.ratis.util.IOUtils.asIOException(IOUtils.java:56)
	at org.apache.ratis.util.IOUtils.toIOException(IOUtils.java:61)
	at org.apache.ratis.util.IOUtils.getFromFuture(IOUtils.java:85)
	at org.apache.ratis.server.raftlog.segmented.SegmentedRaftLogWorker$StateMachineDataPolicy.getFromFuture(SegmentedRaftLogWorker.java:89)
	at org.apache.ratis.server.raftlog.segmented.SegmentedRaftLogWorker$WriteLog.execute(SegmentedRaftLogWorker.java:534)
	at org.apache.ratis.server.raftlog.segmented.SegmentedRaftLogWorker.run(SegmentedRaftLogWorker.java:310)
	... 1 more
Caused by: java.lang.IllegalStateException: Null stream: entry=term: 2
index: 24
stateMachineLogEntry {
  type: DATASTREAM
  clientId: "\306\t\306\331\034\365J1\232`\373\364\372\262|\237"
  callId: 393
}

	at org.apache.ratis.datastream.DataStreamTestUtils$MultiDataStreamStateMachine.link(DataStreamTestUtils.java:159)
	at org.apache.ratis.server.raftlog.segmented.SegmentedRaftLogWorker$WriteLog.<init>(SegmentedRaftLogWorker.java:491)
	at org.apache.ratis.server.raftlog.segmented.SegmentedRaftLogWorker.writeLogEntry(SegmentedRaftLogWorker.java:437)
	at org.apache.ratis.server.raftlog.segmented.SegmentedRaftLog.appendEntryImpl(SegmentedRaftLog.java:408)
	at org.apache.ratis.server.raftlog.RaftLogBase.lambda$appendEntry$10(RaftLogBase.java:323)
	at org.apache.ratis.server.raftlog.RaftLogSequentialOps$Runner.runSequentially(RaftLogSequentialOps.java:77)
	at org.apache.ratis.server.raftlog.RaftLogBase.appendEntry(RaftLogBase.java:323)
	at org.apache.ratis.server.raftlog.segmented.SegmentedRaftLog.appendImpl(SegmentedRaftLog.java:457)
	at org.apache.ratis.server.raftlog.RaftLogBase.lambda$append$11(RaftLogBase.java:330)
	at org.apache.ratis.server.raftlog.RaftLogSequentialOps$Runner.runSequentially(RaftLogSequentialOps.java:68)
	at org.apache.ratis.server.raftlog.RaftLogBase.append(RaftLogBase.java:330)
	at org.apache.ratis.server.impl.RaftServerImpl.appendEntriesAsync(RaftServerImpl.java:1404)
	at org.apache.ratis.server.impl.RaftServerImpl.appendEntriesAsync(RaftServerImpl.java:1290)
	at org.apache.ratis.server.impl.RaftServerProxy.lambda$null$25(RaftServerProxy.java:622)
	at org.apache.ratis.util.JavaUtils.callAsUnchecked(JavaUtils.java:115)
	at org.apache.ratis.server.impl.RaftServerImpl.lambda$executeSubmitServerRequestAsync$11(RaftServerImpl.java:789)
	at java.util.concurrent.CompletableFuture$AsyncSupply.run(CompletableFuture.java:1604)
	at java.util.concurrent.ThreadPoolExecutor.runWorker(ThreadPoolExecutor.java:1149)
	at java.util.concurrent.ThreadPoolExecutor$Worker.run(ThreadPoolExecutor.java:624)
	... 1 more
2022-07-22 17:37:23,264 [grpc-default-executor-14] INFO  leader.FollowerInfo (FollowerInfoImpl.java:lambda$new$0(48)) - s2@group-6B63ABD76F1E->s0: nextIndex: updateUnconditionally 29 -> 28
2022-07-22 17:37:23,265 [grpc-default-executor-16] WARN  server.GrpcLogAppender (LogUtils.java:warn(124)) - s2@group-6B63ABD76F1E->s1-AppendLogResponseHandler: Failed appendEntries
org.apache.ratis.server.raftlog.RaftLogIOException: Log already failed at index 24 for task WriteLog:24: (t:2, i:24), STATEMACHINELOGENTRY, StateMachineLogEntryProto:393@client-FBF4FAB27C9F
	at org.apache.ratis.server.raftlog.segmented.SegmentedRaftLogWorker.run(SegmentedRaftLogWorker.java:322)
	at java.lang.Thread.run(Thread.java:750)
Caused by: java.io.IOException: java.lang.IllegalStateException: Null stream: entry=term: 2
index: 24
stateMachineLogEntry {
  type: DATASTREAM
  clientId: "\306\t\306\331\034\365J1\232`\373\364\372\262|\237"
  callId: 393
}

	at org.apache.ratis.util.IOUtils.asIOException(IOUtils.java:56)
	at org.apache.ratis.util.IOUtils.toIOException(IOUtils.java:61)
	at org.apache.ratis.util.IOUtils.getFromFuture(IOUtils.java:85)
	at org.apache.ratis.server.raftlog.segmented.SegmentedRaftLogWorker$StateMachineDataPolicy.getFromFuture(SegmentedRaftLogWorker.java:89)
	at org.apache.ratis.server.raftlog.segmented.SegmentedRaftLogWorker$WriteLog.execute(SegmentedRaftLogWorker.java:534)
	at org.apache.ratis.server.raftlog.segmented.SegmentedRaftLogWorker.run(SegmentedRaftLogWorker.java:310)
	... 1 more
Caused by: java.lang.IllegalStateException: Null stream: entry=term: 2
index: 24
stateMachineLogEntry {
  type: DATASTREAM
  clientId: "\306\t\306\331\034\365J1\232`\373\364\372\262|\237"
  callId: 393
}

	at org.apache.ratis.datastream.DataStreamTestUtils$MultiDataStreamStateMachine.link(DataStreamTestUtils.java:159)
	at org.apache.ratis.server.raftlog.segmented.SegmentedRaftLogWorker$WriteLog.<init>(SegmentedRaftLogWorker.java:491)
	at org.apache.ratis.server.raftlog.segmented.SegmentedRaftLogWorker.writeLogEntry(SegmentedRaftLogWorker.java:437)
	at org.apache.ratis.server.raftlog.segmented.SegmentedRaftLog.appendEntryImpl(SegmentedRaftLog.java:408)
	at org.apache.ratis.server.raftlog.RaftLogBase.lambda$appendEntry$10(RaftLogBase.java:323)
	at org.apache.ratis.server.raftlog.RaftLogSequentialOps$Runner.runSequentially(RaftLogSequentialOps.java:77)
	at org.apache.ratis.server.raftlog.RaftLogBase.appendEntry(RaftLogBase.java:323)
	at org.apache.ratis.server.raftlog.segmented.SegmentedRaftLog.appendImpl(SegmentedRaftLog.java:457)
	at org.apache.ratis.server.raftlog.RaftLogBase.lambda$append$11(RaftLogBase.java:330)
	at org.apache.ratis.server.raftlog.RaftLogSequentialOps$Runner.runSequentially(RaftLogSequentialOps.java:68)
	at org.apache.ratis.server.raftlog.RaftLogBase.append(RaftLogBase.java:330)
	at org.apache.ratis.server.impl.RaftServerImpl.appendEntriesAsync(RaftServerImpl.java:1404)
	at org.apache.ratis.server.impl.RaftServerImpl.appendEntriesAsync(RaftServerImpl.java:1290)
	at org.apache.ratis.server.impl.RaftServerProxy.lambda$null$25(RaftServerProxy.java:622)
	at org.apache.ratis.util.JavaUtils.callAsUnchecked(JavaUtils.java:115)
	at org.apache.ratis.server.impl.RaftServerImpl.lambda$executeSubmitServerRequestAsync$11(RaftServerImpl.java:789)
	at java.util.concurrent.CompletableFuture$AsyncSupply.run(CompletableFuture.java:1604)
	at java.util.concurrent.ThreadPoolExecutor.runWorker(ThreadPoolExecutor.java:1149)
	at java.util.concurrent.ThreadPoolExecutor$Worker.run(ThreadPoolExecutor.java:624)
	... 1 more
2022-07-22 17:37:23,266 [grpc-default-executor-16] INFO  leader.FollowerInfo (FollowerInfoImpl.java:lambda$new$0(48)) - s2@group-6B63ABD76F1E->s1: nextIndex: updateUnconditionally 29 -> 28
2022-07-22 17:37:26,214 [Timer-2] INFO  impl.MiniRaftCluster (MiniRaftCluster.java:lambda$null$5(315)) - TIMED-PRINT: printing ALL groups
  s0:  RUNNING  FOLLOWER s0@group-6B63ABD76F1E:t2, leader=s2, voted=s2, raftlog=Memoized:s0@group-6B63ABD76F1E-SegmentedRaftLog:OPENED:c23, conf=22: peers:[s0|rpc:localhost:45007|admin:localhost:46801|client:localhost:44465|dataStream:localhost:37487|priority:0|startupRole:FOLLOWER, s1|rpc:localhost:46271|admin:localhost:33567|client:localhost:41473|dataStream:localhost:32893|priority:0|startupRole:FOLLOWER, s2|rpc:localhost:38411|admin:localhost:35847|client:localhost:45257|dataStream:localhost:33781|priority:0|startupRole:FOLLOWER]|listeners:[], old=null RUNNING
  s1:  RUNNING  FOLLOWER s1@group-6B63ABD76F1E:t2, leader=s2, voted=s2, raftlog=Memoized:s1@group-6B63ABD76F1E-SegmentedRaftLog:OPENED:c23, conf=22: peers:[s0|rpc:localhost:45007|admin:localhost:46801|client:localhost:44465|dataStream:localhost:37487|priority:0|startupRole:FOLLOWER, s1|rpc:localhost:46271|admin:localhost:33567|client:localhost:41473|dataStream:localhost:32893|priority:0|startupRole:FOLLOWER, s2|rpc:localhost:38411|admin:localhost:35847|client:localhost:45257|dataStream:localhost:33781|priority:0|startupRole:FOLLOWER]|listeners:[], old=null RUNNING
  s2:  RUNNING    LEADER s2@group-6B63ABD76F1E:t2, leader=s2, voted=s2, raftlog=Memoized:s2@group-6B63ABD76F1E-SegmentedRaftLog:OPENED:c23, conf=22: peers:[s0|rpc:localhost:45007|admin:localhost:46801|client:localhost:44465|dataStream:localhost:37487|priority:0|startupRole:FOLLOWER, s1|rpc:localhost:46271|admin:localhost:33567|client:localhost:41473|dataStream:localhost:32893|priority:0|startupRole:FOLLOWER, s2|rpc:localhost:38411|admin:localhost:35847|client:localhost:45257|dataStream:localhost:33781|priority:0|startupRole:FOLLOWER]|listeners:[], old=null RUNNING
2022-07-22 17:37:27,240 [java.util.concurrent.ThreadPoolExecutor$Worker@2744c361[State = -1, empty queue]] WARN  grpc.GrpcUtil (GrpcUtil.java:shutdownManagedChannel(216)) - Timed out gracefully shutting down connection: ManagedChannelOrphanWrapper{delegate=ManagedChannelImpl{logId=565, target=localhost:45257}}. 
2022-07-22 17:37:29,246 [java.util.concurrent.ThreadPoolExecutor$Worker@5f295a8c[State = -1, empty queue]] WARN  grpc.GrpcUtil (GrpcUtil.java:shutdownManagedChannel(216)) - Timed out gracefully shutting down connection: ManagedChannelOrphanWrapper{delegate=ManagedChannelImpl{logId=579, target=localhost:45257}}. 
2022-07-22 17:37:33,366 [java.util.concurrent.ThreadPoolExecutor$Worker@4588fd4e[State = -1, empty queue]] WARN  grpc.GrpcUtil (GrpcUtil.java:shutdownManagedChannel(216)) - Timed out gracefully shutting down connection: ManagedChannelOrphanWrapper{delegate=ManagedChannelImpl{logId=593, target=localhost:45257}}. 
2022-07-22 17:37:35,365 [java.util.concurrent.ThreadPoolExecutor$Worker@6364ee92[State = -1, empty queue]] WARN  grpc.GrpcUtil (GrpcUtil.java:shutdownManagedChannel(216)) - Timed out gracefully shutting down connection: ManagedChannelOrphanWrapper{delegate=ManagedChannelImpl{logId=607, target=localhost:45257}}. 
2022-07-22 17:37:36,214 [Timer-2] INFO  impl.MiniRaftCluster (MiniRaftCluster.java:lambda$null$5(315)) - TIMED-PRINT: printing ALL groups
  s0:  RUNNING  FOLLOWER s0@group-6B63ABD76F1E:t2, leader=s2, voted=s2, raftlog=Memoized:s0@group-6B63ABD76F1E-SegmentedRaftLog:OPENED:c23, conf=22: peers:[s0|rpc:localhost:45007|admin:localhost:46801|client:localhost:44465|dataStream:localhost:37487|priority:0|startupRole:FOLLOWER, s1|rpc:localhost:46271|admin:localhost:33567|client:localhost:41473|dataStream:localhost:32893|priority:0|startupRole:FOLLOWER, s2|rpc:localhost:38411|admin:localhost:35847|client:localhost:45257|dataStream:localhost:33781|priority:0|startupRole:FOLLOWER]|listeners:[], old=null RUNNING
  s1:  RUNNING  FOLLOWER s1@group-6B63ABD76F1E:t2, leader=s2, voted=s2, raftlog=Memoized:s1@group-6B63ABD76F1E-SegmentedRaftLog:OPENED:c23, conf=22: peers:[s0|rpc:localhost:45007|admin:localhost:46801|client:localhost:44465|dataStream:localhost:37487|priority:0|startupRole:FOLLOWER, s1|rpc:localhost:46271|admin:localhost:33567|client:localhost:41473|dataStream:localhost:32893|priority:0|startupRole:FOLLOWER, s2|rpc:localhost:38411|admin:localhost:35847|client:localhost:45257|dataStream:localhost:33781|priority:0|startupRole:FOLLOWER]|listeners:[], old=null RUNNING
  s2:  RUNNING    LEADER s2@group-6B63ABD76F1E:t2, leader=s2, voted=s2, raftlog=Memoized:s2@group-6B63ABD76F1E-SegmentedRaftLog:OPENED:c23, conf=22: peers:[s0|rpc:localhost:45007|admin:localhost:46801|client:localhost:44465|dataStream:localhost:37487|priority:0|startupRole:FOLLOWER, s1|rpc:localhost:46271|admin:localhost:33567|client:localhost:41473|dataStream:localhost:32893|priority:0|startupRole:FOLLOWER, s2|rpc:localhost:38411|admin:localhost:35847|client:localhost:45257|dataStream:localhost:33781|priority:0|startupRole:FOLLOWER]|listeners:[], old=null RUNNING
2022-07-22 17:37:39,490 [java.util.concurrent.ThreadPoolExecutor$Worker@784c5037[State = -1, empty queue]] WARN  grpc.GrpcUtil (GrpcUtil.java:shutdownManagedChannel(216)) - Timed out gracefully shutting down connection: ManagedChannelOrphanWrapper{delegate=ManagedChannelImpl{logId=621, target=localhost:45257}}. 
2022-07-22 17:37:41,491 [java.util.concurrent.ThreadPoolExecutor$Worker@4260ece0[State = -1, empty queue]] WARN  grpc.GrpcUtil (GrpcUtil.java:shutdownManagedChannel(216)) - Timed out gracefully shutting down connection: ManagedChannelOrphanWrapper{delegate=ManagedChannelImpl{logId=635, target=localhost:45257}}. 
2022-07-22 17:37:45,615 [java.util.concurrent.ThreadPoolExecutor$Worker@2622ac79[State = -1, empty queue]] WARN  grpc.GrpcUtil (GrpcUtil.java:shutdownManagedChannel(216)) - Timed out gracefully shutting down connection: ManagedChannelOrphanWrapper{delegate=ManagedChannelImpl{logId=649, target=localhost:45257}}. 
2022-07-22 17:37:46,214 [Timer-2] INFO  impl.MiniRaftCluster (MiniRaftCluster.java:lambda$null$5(315)) - TIMED-PRINT: printing ALL groups
  s0:  RUNNING  FOLLOWER s0@group-6B63ABD76F1E:t2, leader=s2, voted=s2, raftlog=Memoized:s0@group-6B63ABD76F1E-SegmentedRaftLog:OPENED:c23, conf=22: peers:[s0|rpc:localhost:45007|admin:localhost:46801|client:localhost:44465|dataStream:localhost:37487|priority:0|startupRole:FOLLOWER, s1|rpc:localhost:46271|admin:localhost:33567|client:localhost:41473|dataStream:localhost:32893|priority:0|startupRole:FOLLOWER, s2|rpc:localhost:38411|admin:localhost:35847|client:localhost:45257|dataStream:localhost:33781|priority:0|startupRole:FOLLOWER]|listeners:[], old=null RUNNING
  s1:  RUNNING  FOLLOWER s1@group-6B63ABD76F1E:t2, leader=s2, voted=s2, raftlog=Memoized:s1@group-6B63ABD76F1E-SegmentedRaftLog:OPENED:c23, conf=22: peers:[s0|rpc:localhost:45007|admin:localhost:46801|client:localhost:44465|dataStream:localhost:37487|priority:0|startupRole:FOLLOWER, s1|rpc:localhost:46271|admin:localhost:33567|client:localhost:41473|dataStream:localhost:32893|priority:0|startupRole:FOLLOWER, s2|rpc:localhost:38411|admin:localhost:35847|client:localhost:45257|dataStream:localhost:33781|priority:0|startupRole:FOLLOWER]|listeners:[], old=null RUNNING
  s2:  RUNNING    LEADER s2@group-6B63ABD76F1E:t2, leader=s2, voted=s2, raftlog=Memoized:s2@group-6B63ABD76F1E-SegmentedRaftLog:OPENED:c23, conf=22: peers:[s0|rpc:localhost:45007|admin:localhost:46801|client:localhost:44465|dataStream:localhost:37487|priority:0|startupRole:FOLLOWER, s1|rpc:localhost:46271|admin:localhost:33567|client:localhost:41473|dataStream:localhost:32893|priority:0|startupRole:FOLLOWER, s2|rpc:localhost:38411|admin:localhost:35847|client:localhost:45257|dataStream:localhost:33781|priority:0|startupRole:FOLLOWER]|listeners:[], old=null RUNNING
2022-07-22 17:37:47,614 [java.util.concurrent.ThreadPoolExecutor$Worker@3db96da7[State = -1, empty queue]] WARN  grpc.GrpcUtil (GrpcUtil.java:shutdownManagedChannel(216)) - Timed out gracefully shutting down connection: ManagedChannelOrphanWrapper{delegate=ManagedChannelImpl{logId=663, target=localhost:45257}}. 
2022-07-22 17:37:51,740 [java.util.concurrent.ThreadPoolExecutor$Worker@150f6ae1[State = -1, empty queue]] WARN  grpc.GrpcUtil (GrpcUtil.java:shutdownManagedChannel(216)) - Timed out gracefully shutting down connection: ManagedChannelOrphanWrapper{delegate=ManagedChannelImpl{logId=677, target=localhost:45257}}. 
2022-07-22 17:37:53,734 [java.util.concurrent.ThreadPoolExecutor$Worker@37e8b747[State = -1, empty queue]] WARN  grpc.GrpcUtil (GrpcUtil.java:shutdownManagedChannel(216)) - Timed out gracefully shutting down connection: ManagedChannelOrphanWrapper{delegate=ManagedChannelImpl{logId=691, target=localhost:45257}}. 
2022-07-22 17:37:56,214 [Timer-2] INFO  impl.MiniRaftCluster (MiniRaftCluster.java:lambda$null$5(315)) - TIMED-PRINT: printing ALL groups
  s0:  RUNNING  FOLLOWER s0@group-6B63ABD76F1E:t2, leader=s2, voted=s2, raftlog=Memoized:s0@group-6B63ABD76F1E-SegmentedRaftLog:OPENED:c23, conf=22: peers:[s0|rpc:localhost:45007|admin:localhost:46801|client:localhost:44465|dataStream:localhost:37487|priority:0|startupRole:FOLLOWER, s1|rpc:localhost:46271|admin:localhost:33567|client:localhost:41473|dataStream:localhost:32893|priority:0|startupRole:FOLLOWER, s2|rpc:localhost:38411|admin:localhost:35847|client:localhost:45257|dataStream:localhost:33781|priority:0|startupRole:FOLLOWER]|listeners:[], old=null RUNNING
  s1:  RUNNING  FOLLOWER s1@group-6B63ABD76F1E:t2, leader=s2, voted=s2, raftlog=Memoized:s1@group-6B63ABD76F1E-SegmentedRaftLog:OPENED:c23, conf=22: peers:[s0|rpc:localhost:45007|admin:localhost:46801|client:localhost:44465|dataStream:localhost:37487|priority:0|startupRole:FOLLOWER, s1|rpc:localhost:46271|admin:localhost:33567|client:localhost:41473|dataStream:localhost:32893|priority:0|startupRole:FOLLOWER, s2|rpc:localhost:38411|admin:localhost:35847|client:localhost:45257|dataStream:localhost:33781|priority:0|startupRole:FOLLOWER]|listeners:[], old=null RUNNING
  s2:  RUNNING    LEADER s2@group-6B63ABD76F1E:t2, leader=s2, voted=s2, raftlog=Memoized:s2@group-6B63ABD76F1E-SegmentedRaftLog:OPENED:c23, conf=22: peers:[s0|rpc:localhost:45007|admin:localhost:46801|client:localhost:44465|dataStream:localhost:37487|priority:0|startupRole:FOLLOWER, s1|rpc:localhost:46271|admin:localhost:33567|client:localhost:41473|dataStream:localhost:32893|priority:0|startupRole:FOLLOWER, s2|rpc:localhost:38411|admin:localhost:35847|client:localhost:45257|dataStream:localhost:33781|priority:0|startupRole:FOLLOWER]|listeners:[], old=null RUNNING
2022-07-22 17:37:57,861 [java.util.concurrent.ThreadPoolExecutor$Worker@4e990109[State = -1, empty queue]] WARN  grpc.GrpcUtil (GrpcUtil.java:shutdownManagedChannel(216)) - Timed out gracefully shutting down connection: ManagedChannelOrphanWrapper{delegate=ManagedChannelImpl{logId=705, target=localhost:45257}}. 
2022-07-22 17:37:59,852 [java.util.concurrent.ThreadPoolExecutor$Worker@321fa1ca[State = -1, empty queue]] WARN  grpc.GrpcUtil (GrpcUtil.java:shutdownManagedChannel(216)) - Timed out gracefully shutting down connection: ManagedChannelOrphanWrapper{delegate=ManagedChannelImpl{logId=719, target=localhost:45257}}. 
2022-07-22 17:38:03,983 [java.util.concurrent.ThreadPoolExecutor$Worker@84291cb[State = -1, empty queue]] WARN  grpc.GrpcUtil (GrpcUtil.java:shutdownManagedChannel(216)) - Timed out gracefully shutting down connection: ManagedChannelOrphanWrapper{delegate=ManagedChannelImpl{logId=733, target=localhost:45257}}. 
2022-07-22 17:38:05,972 [java.util.concurrent.ThreadPoolExecutor$Worker@64638dee[State = -1, empty queue]] WARN  grpc.GrpcUtil (GrpcUtil.java:shutdownManagedChannel(216)) - Timed out gracefully shutting down connection: ManagedChannelOrphanWrapper{delegate=ManagedChannelImpl{logId=747, target=localhost:45257}}. 
2022-07-22 17:38:06,215 [Timer-2] INFO  impl.MiniRaftCluster (MiniRaftCluster.java:lambda$null$5(315)) - TIMED-PRINT: printing ALL groups
  s0:  RUNNING  FOLLOWER s0@group-6B63ABD76F1E:t2, leader=s2, voted=s2, raftlog=Memoized:s0@group-6B63ABD76F1E-SegmentedRaftLog:OPENED:c23, conf=22: peers:[s0|rpc:localhost:45007|admin:localhost:46801|client:localhost:44465|dataStream:localhost:37487|priority:0|startupRole:FOLLOWER, s1|rpc:localhost:46271|admin:localhost:33567|client:localhost:41473|dataStream:localhost:32893|priority:0|startupRole:FOLLOWER, s2|rpc:localhost:38411|admin:localhost:35847|client:localhost:45257|dataStream:localhost:33781|priority:0|startupRole:FOLLOWER]|listeners:[], old=null RUNNING
  s1:  RUNNING  FOLLOWER s1@group-6B63ABD76F1E:t2, leader=s2, voted=s2, raftlog=Memoized:s1@group-6B63ABD76F1E-SegmentedRaftLog:OPENED:c23, conf=22: peers:[s0|rpc:localhost:45007|admin:localhost:46801|client:localhost:44465|dataStream:localhost:37487|priority:0|startupRole:FOLLOWER, s1|rpc:localhost:46271|admin:localhost:33567|client:localhost:41473|dataStream:localhost:32893|priority:0|startupRole:FOLLOWER, s2|rpc:localhost:38411|admin:localhost:35847|client:localhost:45257|dataStream:localhost:33781|priority:0|startupRole:FOLLOWER]|listeners:[], old=null RUNNING
  s2:  RUNNING    LEADER s2@group-6B63ABD76F1E:t2, leader=s2, voted=s2, raftlog=Memoized:s2@group-6B63ABD76F1E-SegmentedRaftLog:OPENED:c23, conf=22: peers:[s0|rpc:localhost:45007|admin:localhost:46801|client:localhost:44465|dataStream:localhost:37487|priority:0|startupRole:FOLLOWER, s1|rpc:localhost:46271|admin:localhost:33567|client:localhost:41473|dataStream:localhost:32893|priority:0|startupRole:FOLLOWER, s2|rpc:localhost:38411|admin:localhost:35847|client:localhost:45257|dataStream:localhost:33781|priority:0|startupRole:FOLLOWER]|listeners:[], old=null RUNNING
2022-07-22 17:38:10,100 [java.util.concurrent.ThreadPoolExecutor$Worker@1beef36f[State = -1, empty queue]] WARN  grpc.GrpcUtil (GrpcUtil.java:shutdownManagedChannel(216)) - Timed out gracefully shutting down connection: ManagedChannelOrphanWrapper{delegate=ManagedChannelImpl{logId=761, target=localhost:45257}}. 
2022-07-22 17:38:12,090 [java.util.concurrent.ThreadPoolExecutor$Worker@7d1d7ec7[State = -1, empty queue]] WARN  grpc.GrpcUtil (GrpcUtil.java:shutdownManagedChannel(216)) - Timed out gracefully shutting down connection: ManagedChannelOrphanWrapper{delegate=ManagedChannelImpl{logId=775, target=localhost:45257}}. 
2022-07-22 17:38:16,216 [Timer-2] INFO  impl.MiniRaftCluster (MiniRaftCluster.java:lambda$null$5(315)) - TIMED-PRINT: printing ALL groups
  s0:  RUNNING  FOLLOWER s0@group-6B63ABD76F1E:t2, leader=s2, voted=s2, raftlog=Memoized:s0@group-6B63ABD76F1E-SegmentedRaftLog:OPENED:c23, conf=22: peers:[s0|rpc:localhost:45007|admin:localhost:46801|client:localhost:44465|dataStream:localhost:37487|priority:0|startupRole:FOLLOWER, s1|rpc:localhost:46271|admin:localhost:33567|client:localhost:41473|dataStream:localhost:32893|priority:0|startupRole:FOLLOWER, s2|rpc:localhost:38411|admin:localhost:35847|client:localhost:45257|dataStream:localhost:33781|priority:0|startupRole:FOLLOWER]|listeners:[], old=null RUNNING
  s1:  RUNNING  FOLLOWER s1@group-6B63ABD76F1E:t2, leader=s2, voted=s2, raftlog=Memoized:s1@group-6B63ABD76F1E-SegmentedRaftLog:OPENED:c23, conf=22: peers:[s0|rpc:localhost:45007|admin:localhost:46801|client:localhost:44465|dataStream:localhost:37487|priority:0|startupRole:FOLLOWER, s1|rpc:localhost:46271|admin:localhost:33567|client:localhost:41473|dataStream:localhost:32893|priority:0|startupRole:FOLLOWER, s2|rpc:localhost:38411|admin:localhost:35847|client:localhost:45257|dataStream:localhost:33781|priority:0|startupRole:FOLLOWER]|listeners:[], old=null RUNNING
  s2:  RUNNING    LEADER s2@group-6B63ABD76F1E:t2, leader=s2, voted=s2, raftlog=Memoized:s2@group-6B63ABD76F1E-SegmentedRaftLog:OPENED:c23, conf=22: peers:[s0|rpc:localhost:45007|admin:localhost:46801|client:localhost:44465|dataStream:localhost:37487|priority:0|startupRole:FOLLOWER, s1|rpc:localhost:46271|admin:localhost:33567|client:localhost:41473|dataStream:localhost:32893|priority:0|startupRole:FOLLOWER, s2|rpc:localhost:38411|admin:localhost:35847|client:localhost:45257|dataStream:localhost:33781|priority:0|startupRole:FOLLOWER]|listeners:[], old=null RUNNING
2022-07-22 17:38:16,225 [java.util.concurrent.ThreadPoolExecutor$Worker@6834065a[State = -1, empty queue]] WARN  grpc.GrpcUtil (GrpcUtil.java:shutdownManagedChannel(216)) - Timed out gracefully shutting down connection: ManagedChannelOrphanWrapper{delegate=ManagedChannelImpl{logId=789, target=localhost:45257}}. 
2022-07-22 17:38:18,212 [java.util.concurrent.ThreadPoolExecutor$Worker@7ba4eeb0[State = -1, empty queue]] WARN  grpc.GrpcUtil (GrpcUtil.java:shutdownManagedChannel(216)) - Timed out gracefully shutting down connection: ManagedChannelOrphanWrapper{delegate=ManagedChannelImpl{logId=803, target=localhost:45257}}. 
2022-07-22 17:38:22,345 [java.util.concurrent.ThreadPoolExecutor$Worker@24ed32fa[State = -1, empty queue]] WARN  grpc.GrpcUtil (GrpcUtil.java:shutdownManagedChannel(216)) - Timed out gracefully shutting down connection: ManagedChannelOrphanWrapper{delegate=ManagedChannelImpl{logId=817, target=localhost:45257}}. 
2022-07-22 17:38:22,468 [s2-client-thread1] INFO  statemachine.StateMachine (DataStreamTestUtils.java:link(157)) - link null
2022-07-22 17:38:22,469 [s0-server-thread2] INFO  statemachine.StateMachine (DataStreamTestUtils.java:link(157)) - link null
2022-07-22 17:38:22,470 [s1-server-thread2] INFO  statemachine.StateMachine (DataStreamTestUtils.java:link(157)) - link null
2022-07-22 17:38:22,471 [Thread-4632] WARN  server.GrpcServerProtocolService (LogUtils.java:warn(124)) - s0: Failed APPEND_ENTRIES request s2->s0#1611-t2,previous=(t:2, i:28),leaderCommit=23,initializing? true,entries: size=1, first=(t:2, i:29), STATEMACHINELOGENTRY, 393@client-FBF4FAB27C9F
java.util.concurrent.CompletionException: org.apache.ratis.server.raftlog.RaftLogIOException: Log already failed at index 24 for task WriteLog:24: (t:2, i:24), STATEMACHINELOGENTRY, StateMachineLogEntryProto:393@client-FBF4FAB27C9F
	at java.util.concurrent.CompletableFuture.encodeThrowable(CompletableFuture.java:292)
	at java.util.concurrent.CompletableFuture.completeThrowable(CompletableFuture.java:308)
	at java.util.concurrent.CompletableFuture.biRelay(CompletableFuture.java:1298)
	at java.util.concurrent.CompletableFuture$BiRelay.tryFire(CompletableFuture.java:1284)
	at java.util.concurrent.CompletableFuture.postComplete(CompletableFuture.java:488)
	at java.util.concurrent.CompletableFuture.completeExceptionally(CompletableFuture.java:1990)
	at org.apache.ratis.server.raftlog.segmented.SegmentedRaftLog$Task.failed(SegmentedRaftLog.java:104)
	at org.apache.ratis.server.raftlog.segmented.SegmentedRaftLogWorker$WriteLog.failed(SegmentedRaftLogWorker.java:513)
	at org.apache.ratis.server.raftlog.segmented.SegmentedRaftLogWorker.run(SegmentedRaftLogWorker.java:319)
	at java.lang.Thread.run(Thread.java:750)
Caused by: org.apache.ratis.server.raftlog.RaftLogIOException: Log already failed at index 24 for task WriteLog:24: (t:2, i:24), STATEMACHINELOGENTRY, StateMachineLogEntryProto:393@client-FBF4FAB27C9F
	at org.apache.ratis.server.raftlog.segmented.SegmentedRaftLogWorker.run(SegmentedRaftLogWorker.java:322)
	... 1 more
Caused by: java.io.IOException: java.lang.IllegalStateException: Null stream: entry=term: 2
index: 24
stateMachineLogEntry {
  type: DATASTREAM
  clientId: "\306\t\306\331\034\365J1\232`\373\364\372\262|\237"
  callId: 393
}

	at org.apache.ratis.util.IOUtils.asIOException(IOUtils.java:56)
	at org.apache.ratis.util.IOUtils.toIOException(IOUtils.java:61)
	at org.apache.ratis.util.IOUtils.getFromFuture(IOUtils.java:85)
	at org.apache.ratis.server.raftlog.segmented.SegmentedRaftLogWorker$StateMachineDataPolicy.getFromFuture(SegmentedRaftLogWorker.java:89)
	at org.apache.ratis.server.raftlog.segmented.SegmentedRaftLogWorker$WriteLog.execute(SegmentedRaftLogWorker.java:534)
	at org.apache.ratis.server.raftlog.segmented.SegmentedRaftLogWorker.run(SegmentedRaftLogWorker.java:310)
	... 1 more
Caused by: java.lang.IllegalStateException: Null stream: entry=term: 2
index: 24
stateMachineLogEntry {
  type: DATASTREAM
  clientId: "\306\t\306\331\034\365J1\232`\373\364\372\262|\237"
  callId: 393
}

	at org.apache.ratis.datastream.DataStreamTestUtils$MultiDataStreamStateMachine.link(DataStreamTestUtils.java:159)
	at org.apache.ratis.server.raftlog.segmented.SegmentedRaftLogWorker$WriteLog.<init>(SegmentedRaftLogWorker.java:491)
	at org.apache.ratis.server.raftlog.segmented.SegmentedRaftLogWorker.writeLogEntry(SegmentedRaftLogWorker.java:437)
	at org.apache.ratis.server.raftlog.segmented.SegmentedRaftLog.appendEntryImpl(SegmentedRaftLog.java:408)
	at org.apache.ratis.server.raftlog.RaftLogBase.lambda$appendEntry$10(RaftLogBase.java:323)
	at org.apache.ratis.server.raftlog.RaftLogSequentialOps$Runner.runSequentially(RaftLogSequentialOps.java:77)
	at org.apache.ratis.server.raftlog.RaftLogBase.appendEntry(RaftLogBase.java:323)
	at org.apache.ratis.server.raftlog.segmented.SegmentedRaftLog.appendImpl(SegmentedRaftLog.java:457)
	at org.apache.ratis.server.raftlog.RaftLogBase.lambda$append$11(RaftLogBase.java:330)
	at org.apache.ratis.server.raftlog.RaftLogSequentialOps$Runner.runSequentially(RaftLogSequentialOps.java:68)
	at org.apache.ratis.server.raftlog.RaftLogBase.append(RaftLogBase.java:330)
	at org.apache.ratis.server.impl.RaftServerImpl.appendEntriesAsync(RaftServerImpl.java:1404)
	at org.apache.ratis.server.impl.RaftServerImpl.appendEntriesAsync(RaftServerImpl.java:1290)
	at org.apache.ratis.server.impl.RaftServerProxy.lambda$null$25(RaftServerProxy.java:622)
	at org.apache.ratis.util.JavaUtils.callAsUnchecked(JavaUtils.java:115)
	at org.apache.ratis.server.impl.RaftServerImpl.lambda$executeSubmitServerRequestAsync$11(RaftServerImpl.java:789)
	at java.util.concurrent.CompletableFuture$AsyncSupply.run(CompletableFuture.java:1604)
	at java.util.concurrent.ThreadPoolExecutor.runWorker(ThreadPoolExecutor.java:1149)
	at java.util.concurrent.ThreadPoolExecutor$Worker.run(ThreadPoolExecutor.java:624)
	... 1 more
2022-07-22 17:38:22,477 [Thread-4633] WARN  server.GrpcServerProtocolService (LogUtils.java:warn(124)) - s1: Failed APPEND_ENTRIES request s2->s1#1611-t2,previous=(t:2, i:28),leaderCommit=23,initializing? true,entries: size=1, first=(t:2, i:29), STATEMACHINELOGENTRY, 393@client-FBF4FAB27C9F
java.util.concurrent.CompletionException: org.apache.ratis.server.raftlog.RaftLogIOException: Log already failed at index 24 for task WriteLog:24: (t:2, i:24), STATEMACHINELOGENTRY, StateMachineLogEntryProto:393@client-FBF4FAB27C9F
	at java.util.concurrent.CompletableFuture.encodeThrowable(CompletableFuture.java:292)
	at java.util.concurrent.CompletableFuture.completeThrowable(CompletableFuture.java:308)
	at java.util.concurrent.CompletableFuture.biRelay(CompletableFuture.java:1298)
	at java.util.concurrent.CompletableFuture$BiRelay.tryFire(CompletableFuture.java:1284)
	at java.util.concurrent.CompletableFuture.postComplete(CompletableFuture.java:488)
	at java.util.concurrent.CompletableFuture.completeExceptionally(CompletableFuture.java:1990)
	at org.apache.ratis.server.raftlog.segmented.SegmentedRaftLog$Task.failed(SegmentedRaftLog.java:104)
	at org.apache.ratis.server.raftlog.segmented.SegmentedRaftLogWorker$WriteLog.failed(SegmentedRaftLogWorker.java:513)
	at org.apache.ratis.server.raftlog.segmented.SegmentedRaftLogWorker.run(SegmentedRaftLogWorker.java:319)
	at java.lang.Thread.run(Thread.java:750)
Caused by: org.apache.ratis.server.raftlog.RaftLogIOException: Log already failed at index 24 for task WriteLog:24: (t:2, i:24), STATEMACHINELOGENTRY, StateMachineLogEntryProto:393@client-FBF4FAB27C9F
	at org.apache.ratis.server.raftlog.segmented.SegmentedRaftLogWorker.run(SegmentedRaftLogWorker.java:322)
	... 1 more
Caused by: java.io.IOException: java.lang.IllegalStateException: Null stream: entry=term: 2
index: 24
stateMachineLogEntry {
  type: DATASTREAM
  clientId: "\306\t\306\331\034\365J1\232`\373\364\372\262|\237"
  callId: 393
}

	at org.apache.ratis.util.IOUtils.asIOException(IOUtils.java:56)
	at org.apache.ratis.util.IOUtils.toIOException(IOUtils.java:61)
	at org.apache.ratis.util.IOUtils.getFromFuture(IOUtils.java:85)
	at org.apache.ratis.server.raftlog.segmented.SegmentedRaftLogWorker$StateMachineDataPolicy.getFromFuture(SegmentedRaftLogWorker.java:89)
	at org.apache.ratis.server.raftlog.segmented.SegmentedRaftLogWorker$WriteLog.execute(SegmentedRaftLogWorker.java:534)
	at org.apache.ratis.server.raftlog.segmented.SegmentedRaftLogWorker.run(SegmentedRaftLogWorker.java:310)
	... 1 more
Caused by: java.lang.IllegalStateException: Null stream: entry=term: 2
index: 24
stateMachineLogEntry {
  type: DATASTREAM
  clientId: "\306\t\306\331\034\365J1\232`\373\364\372\262|\237"
  callId: 393
}

	at org.apache.ratis.datastream.DataStreamTestUtils$MultiDataStreamStateMachine.link(DataStreamTestUtils.java:159)
	at org.apache.ratis.server.raftlog.segmented.SegmentedRaftLogWorker$WriteLog.<init>(SegmentedRaftLogWorker.java:491)
	at org.apache.ratis.server.raftlog.segmented.SegmentedRaftLogWorker.writeLogEntry(SegmentedRaftLogWorker.java:437)
	at org.apache.ratis.server.raftlog.segmented.SegmentedRaftLog.appendEntryImpl(SegmentedRaftLog.java:408)
	at org.apache.ratis.server.raftlog.RaftLogBase.lambda$appendEntry$10(RaftLogBase.java:323)
	at org.apache.ratis.server.raftlog.RaftLogSequentialOps$Runner.runSequentially(RaftLogSequentialOps.java:77)
	at org.apache.ratis.server.raftlog.RaftLogBase.appendEntry(RaftLogBase.java:323)
	at org.apache.ratis.server.raftlog.segmented.SegmentedRaftLog.appendImpl(SegmentedRaftLog.java:457)
	at org.apache.ratis.server.raftlog.RaftLogBase.lambda$append$11(RaftLogBase.java:330)
	at org.apache.ratis.server.raftlog.RaftLogSequentialOps$Runner.runSequentially(RaftLogSequentialOps.java:68)
	at org.apache.ratis.server.raftlog.RaftLogBase.append(RaftLogBase.java:330)
	at org.apache.ratis.server.impl.RaftServerImpl.appendEntriesAsync(RaftServerImpl.java:1404)
	at org.apache.ratis.server.impl.RaftServerImpl.appendEntriesAsync(RaftServerImpl.java:1290)
	at org.apache.ratis.server.impl.RaftServerProxy.lambda$null$25(RaftServerProxy.java:622)
	at org.apache.ratis.util.JavaUtils.callAsUnchecked(JavaUtils.java:115)
	at org.apache.ratis.server.impl.RaftServerImpl.lambda$executeSubmitServerRequestAsync$11(RaftServerImpl.java:789)
	at java.util.concurrent.CompletableFuture$AsyncSupply.run(CompletableFuture.java:1604)
	at java.util.concurrent.ThreadPoolExecutor.runWorker(ThreadPoolExecutor.java:1149)
	at java.util.concurrent.ThreadPoolExecutor$Worker.run(ThreadPoolExecutor.java:624)
	... 1 more
2022-07-22 17:38:22,483 [grpc-default-executor-16] WARN  server.GrpcLogAppender (LogUtils.java:warn(124)) - s2@group-6B63ABD76F1E->s0-AppendLogResponseHandler: Failed appendEntries
org.apache.ratis.server.raftlog.RaftLogIOException: Log already failed at index 24 for task WriteLog:24: (t:2, i:24), STATEMACHINELOGENTRY, StateMachineLogEntryProto:393@client-FBF4FAB27C9F
	at org.apache.ratis.server.raftlog.segmented.SegmentedRaftLogWorker.run(SegmentedRaftLogWorker.java:322)
	at java.lang.Thread.run(Thread.java:750)
Caused by: java.io.IOException: java.lang.IllegalStateException: Null stream: entry=term: 2
index: 24
stateMachineLogEntry {
  type: DATASTREAM
  clientId: "\306\t\306\331\034\365J1\232`\373\364\372\262|\237"
  callId: 393
}

	at org.apache.ratis.util.IOUtils.asIOException(IOUtils.java:56)
	at org.apache.ratis.util.IOUtils.toIOException(IOUtils.java:61)
	at org.apache.ratis.util.IOUtils.getFromFuture(IOUtils.java:85)
	at org.apache.ratis.server.raftlog.segmented.SegmentedRaftLogWorker$StateMachineDataPolicy.getFromFuture(SegmentedRaftLogWorker.java:89)
	at org.apache.ratis.server.raftlog.segmented.SegmentedRaftLogWorker$WriteLog.execute(SegmentedRaftLogWorker.java:534)
	at org.apache.ratis.server.raftlog.segmented.SegmentedRaftLogWorker.run(SegmentedRaftLogWorker.java:310)
	... 1 more
Caused by: java.lang.IllegalStateException: Null stream: entry=term: 2
index: 24
stateMachineLogEntry {
  type: DATASTREAM
  clientId: "\306\t\306\331\034\365J1\232`\373\364\372\262|\237"
  callId: 393
}

	at org.apache.ratis.datastream.DataStreamTestUtils$MultiDataStreamStateMachine.link(DataStreamTestUtils.java:159)
	at org.apache.ratis.server.raftlog.segmented.SegmentedRaftLogWorker$WriteLog.<init>(SegmentedRaftLogWorker.java:491)
	at org.apache.ratis.server.raftlog.segmented.SegmentedRaftLogWorker.writeLogEntry(SegmentedRaftLogWorker.java:437)
	at org.apache.ratis.server.raftlog.segmented.SegmentedRaftLog.appendEntryImpl(SegmentedRaftLog.java:408)
	at org.apache.ratis.server.raftlog.RaftLogBase.lambda$appendEntry$10(RaftLogBase.java:323)
	at org.apache.ratis.server.raftlog.RaftLogSequentialOps$Runner.runSequentially(RaftLogSequentialOps.java:77)
	at org.apache.ratis.server.raftlog.RaftLogBase.appendEntry(RaftLogBase.java:323)
	at org.apache.ratis.server.raftlog.segmented.SegmentedRaftLog.appendImpl(SegmentedRaftLog.java:457)
	at org.apache.ratis.server.raftlog.RaftLogBase.lambda$append$11(RaftLogBase.java:330)
	at org.apache.ratis.server.raftlog.RaftLogSequentialOps$Runner.runSequentially(RaftLogSequentialOps.java:68)
	at org.apache.ratis.server.raftlog.RaftLogBase.append(RaftLogBase.java:330)
	at org.apache.ratis.server.impl.RaftServerImpl.appendEntriesAsync(RaftServerImpl.java:1404)
	at org.apache.ratis.server.impl.RaftServerImpl.appendEntriesAsync(RaftServerImpl.java:1290)
	at org.apache.ratis.server.impl.RaftServerProxy.lambda$null$25(RaftServerProxy.java:622)
	at org.apache.ratis.util.JavaUtils.callAsUnchecked(JavaUtils.java:115)
	at org.apache.ratis.server.impl.RaftServerImpl.lambda$executeSubmitServerRequestAsync$11(RaftServerImpl.java:789)
	at java.util.concurrent.CompletableFuture$AsyncSupply.run(CompletableFuture.java:1604)
	at java.util.concurrent.ThreadPoolExecutor.runWorker(ThreadPoolExecutor.java:1149)
	at java.util.concurrent.ThreadPoolExecutor$Worker.run(ThreadPoolExecutor.java:624)
	... 1 more
2022-07-22 17:38:22,483 [grpc-default-executor-16] INFO  leader.FollowerInfo (FollowerInfoImpl.java:lambda$new$0(48)) - s2@group-6B63ABD76F1E->s0: nextIndex: updateUnconditionally 30 -> 29
2022-07-22 17:38:22,485 [grpc-default-executor-16] WARN  server.GrpcLogAppender (LogUtils.java:warn(124)) - s2@group-6B63ABD76F1E->s1-AppendLogResponseHandler: Failed appendEntries
org.apache.ratis.server.raftlog.RaftLogIOException: Log already failed at index 24 for task WriteLog:24: (t:2, i:24), STATEMACHINELOGENTRY, StateMachineLogEntryProto:393@client-FBF4FAB27C9F
	at org.apache.ratis.server.raftlog.segmented.SegmentedRaftLogWorker.run(SegmentedRaftLogWorker.java:322)
	at java.lang.Thread.run(Thread.java:750)
Caused by: java.io.IOException: java.lang.IllegalStateException: Null stream: entry=term: 2
index: 24
stateMachineLogEntry {
  type: DATASTREAM
  clientId: "\306\t\306\331\034\365J1\232`\373\364\372\262|\237"
  callId: 393
}

	at org.apache.ratis.util.IOUtils.asIOException(IOUtils.java:56)
	at org.apache.ratis.util.IOUtils.toIOException(IOUtils.java:61)
	at org.apache.ratis.util.IOUtils.getFromFuture(IOUtils.java:85)
	at org.apache.ratis.server.raftlog.segmented.SegmentedRaftLogWorker$StateMachineDataPolicy.getFromFuture(SegmentedRaftLogWorker.java:89)
	at org.apache.ratis.server.raftlog.segmented.SegmentedRaftLogWorker$WriteLog.execute(SegmentedRaftLogWorker.java:534)
	at org.apache.ratis.server.raftlog.segmented.SegmentedRaftLogWorker.run(SegmentedRaftLogWorker.java:310)
	... 1 more
Caused by: java.lang.IllegalStateException: Null stream: entry=term: 2
index: 24
stateMachineLogEntry {
  type: DATASTREAM
  clientId: "\306\t\306\331\034\365J1\232`\373\364\372\262|\237"
  callId: 393
}

	at org.apache.ratis.datastream.DataStreamTestUtils$MultiDataStreamStateMachine.link(DataStreamTestUtils.java:159)
	at org.apache.ratis.server.raftlog.segmented.SegmentedRaftLogWorker$WriteLog.<init>(SegmentedRaftLogWorker.java:491)
	at org.apache.ratis.server.raftlog.segmented.SegmentedRaftLogWorker.writeLogEntry(SegmentedRaftLogWorker.java:437)
	at org.apache.ratis.server.raftlog.segmented.SegmentedRaftLog.appendEntryImpl(SegmentedRaftLog.java:408)
	at org.apache.ratis.server.raftlog.RaftLogBase.lambda$appendEntry$10(RaftLogBase.java:323)
	at org.apache.ratis.server.raftlog.RaftLogSequentialOps$Runner.runSequentially(RaftLogSequentialOps.java:77)
	at org.apache.ratis.server.raftlog.RaftLogBase.appendEntry(RaftLogBase.java:323)
	at org.apache.ratis.server.raftlog.segmented.SegmentedRaftLog.appendImpl(SegmentedRaftLog.java:457)
	at org.apache.ratis.server.raftlog.RaftLogBase.lambda$append$11(RaftLogBase.java:330)
	at org.apache.ratis.server.raftlog.RaftLogSequentialOps$Runner.runSequentially(RaftLogSequentialOps.java:68)
	at org.apache.ratis.server.raftlog.RaftLogBase.append(RaftLogBase.java:330)
	at org.apache.ratis.server.impl.RaftServerImpl.appendEntriesAsync(RaftServerImpl.java:1404)
	at org.apache.ratis.server.impl.RaftServerImpl.appendEntriesAsync(RaftServerImpl.java:1290)
	at org.apache.ratis.server.impl.RaftServerProxy.lambda$null$25(RaftServerProxy.java:622)
	at org.apache.ratis.util.JavaUtils.callAsUnchecked(JavaUtils.java:115)
	at org.apache.ratis.server.impl.RaftServerImpl.lambda$executeSubmitServerRequestAsync$11(RaftServerImpl.java:789)
	at java.util.concurrent.CompletableFuture$AsyncSupply.run(CompletableFuture.java:1604)
	at java.util.concurrent.ThreadPoolExecutor.runWorker(ThreadPoolExecutor.java:1149)
	at java.util.concurrent.ThreadPoolExecutor$Worker.run(ThreadPoolExecutor.java:624)
	... 1 more
2022-07-22 17:38:22,485 [grpc-default-executor-16] INFO  leader.FollowerInfo (FollowerInfoImpl.java:lambda$new$0(48)) - s2@group-6B63ABD76F1E->s1: nextIndex: updateUnconditionally 30 -> 29
2022-07-22 17:38:24,333 [java.util.concurrent.ThreadPoolExecutor$Worker@43267ccf[State = -1, empty queue]] WARN  grpc.GrpcUtil (GrpcUtil.java:shutdownManagedChannel(216)) - Timed out gracefully shutting down connection: ManagedChannelOrphanWrapper{delegate=ManagedChannelImpl{logId=831, target=localhost:45257}}. 
2022-07-22 17:38:24,461 [s2-client-thread1] INFO  statemachine.StateMachine (DataStreamTestUtils.java:link(157)) - link null
2022-07-22 17:38:24,461 [s0-server-thread3] INFO  statemachine.StateMachine (DataStreamTestUtils.java:link(157)) - link null
2022-07-22 17:38:24,462 [s1-server-thread3] INFO  statemachine.StateMachine (DataStreamTestUtils.java:link(157)) - link null
2022-07-22 17:38:24,463 [Thread-4692] WARN  server.GrpcServerProtocolService (LogUtils.java:warn(124)) - s0: Failed APPEND_ENTRIES request s2->s0#1639-t2,previous=(t:2, i:29),leaderCommit=23,initializing? true,entries: size=1, first=(t:2, i:30), STATEMACHINELOGENTRY, 377@client-41101BD33753
java.util.concurrent.CompletionException: org.apache.ratis.server.raftlog.RaftLogIOException: Log already failed at index 24 for task WriteLog:24: (t:2, i:24), STATEMACHINELOGENTRY, StateMachineLogEntryProto:393@client-FBF4FAB27C9F
	at java.util.concurrent.CompletableFuture.encodeThrowable(CompletableFuture.java:292)
	at java.util.concurrent.CompletableFuture.completeThrowable(CompletableFuture.java:308)
	at java.util.concurrent.CompletableFuture.biRelay(CompletableFuture.java:1298)
	at java.util.concurrent.CompletableFuture$BiRelay.tryFire(CompletableFuture.java:1284)
	at java.util.concurrent.CompletableFuture.postComplete(CompletableFuture.java:488)
	at java.util.concurrent.CompletableFuture.completeExceptionally(CompletableFuture.java:1990)
	at org.apache.ratis.server.raftlog.segmented.SegmentedRaftLog$Task.failed(SegmentedRaftLog.java:104)
	at org.apache.ratis.server.raftlog.segmented.SegmentedRaftLogWorker$WriteLog.failed(SegmentedRaftLogWorker.java:513)
	at org.apache.ratis.server.raftlog.segmented.SegmentedRaftLogWorker.run(SegmentedRaftLogWorker.java:319)
	at java.lang.Thread.run(Thread.java:750)
Caused by: org.apache.ratis.server.raftlog.RaftLogIOException: Log already failed at index 24 for task WriteLog:24: (t:2, i:24), STATEMACHINELOGENTRY, StateMachineLogEntryProto:393@client-FBF4FAB27C9F
	at org.apache.ratis.server.raftlog.segmented.SegmentedRaftLogWorker.run(SegmentedRaftLogWorker.java:322)
	... 1 more
Caused by: java.io.IOException: java.lang.IllegalStateException: Null stream: entry=term: 2
index: 24
stateMachineLogEntry {
  type: DATASTREAM
  clientId: "\306\t\306\331\034\365J1\232`\373\364\372\262|\237"
  callId: 393
}

	at org.apache.ratis.util.IOUtils.asIOException(IOUtils.java:56)
	at org.apache.ratis.util.IOUtils.toIOException(IOUtils.java:61)
	at org.apache.ratis.util.IOUtils.getFromFuture(IOUtils.java:85)
	at org.apache.ratis.server.raftlog.segmented.SegmentedRaftLogWorker$StateMachineDataPolicy.getFromFuture(SegmentedRaftLogWorker.java:89)
	at org.apache.ratis.server.raftlog.segmented.SegmentedRaftLogWorker$WriteLog.execute(SegmentedRaftLogWorker.java:534)
	at org.apache.ratis.server.raftlog.segmented.SegmentedRaftLogWorker.run(SegmentedRaftLogWorker.java:310)
	... 1 more
Caused by: java.lang.IllegalStateException: Null stream: entry=term: 2
index: 24
stateMachineLogEntry {
  type: DATASTREAM
  clientId: "\306\t\306\331\034\365J1\232`\373\364\372\262|\237"
  callId: 393
}

	at org.apache.ratis.datastream.DataStreamTestUtils$MultiDataStreamStateMachine.link(DataStreamTestUtils.java:159)
	at org.apache.ratis.server.raftlog.segmented.SegmentedRaftLogWorker$WriteLog.<init>(SegmentedRaftLogWorker.java:491)
	at org.apache.ratis.server.raftlog.segmented.SegmentedRaftLogWorker.writeLogEntry(SegmentedRaftLogWorker.java:437)
	at org.apache.ratis.server.raftlog.segmented.SegmentedRaftLog.appendEntryImpl(SegmentedRaftLog.java:408)
	at org.apache.ratis.server.raftlog.RaftLogBase.lambda$appendEntry$10(RaftLogBase.java:323)
	at org.apache.ratis.server.raftlog.RaftLogSequentialOps$Runner.runSequentially(RaftLogSequentialOps.java:77)
	at org.apache.ratis.server.raftlog.RaftLogBase.appendEntry(RaftLogBase.java:323)
	at org.apache.ratis.server.raftlog.segmented.SegmentedRaftLog.appendImpl(SegmentedRaftLog.java:457)
	at org.apache.ratis.server.raftlog.RaftLogBase.lambda$append$11(RaftLogBase.java:330)
	at org.apache.ratis.server.raftlog.RaftLogSequentialOps$Runner.runSequentially(RaftLogSequentialOps.java:68)
	at org.apache.ratis.server.raftlog.RaftLogBase.append(RaftLogBase.java:330)
	at org.apache.ratis.server.impl.RaftServerImpl.appendEntriesAsync(RaftServerImpl.java:1404)
	at org.apache.ratis.server.impl.RaftServerImpl.appendEntriesAsync(RaftServerImpl.java:1290)
	at org.apache.ratis.server.impl.RaftServerProxy.lambda$null$25(RaftServerProxy.java:622)
	at org.apache.ratis.util.JavaUtils.callAsUnchecked(JavaUtils.java:115)
	at org.apache.ratis.server.impl.RaftServerImpl.lambda$executeSubmitServerRequestAsync$11(RaftServerImpl.java:789)
	at java.util.concurrent.CompletableFuture$AsyncSupply.run(CompletableFuture.java:1604)
	at java.util.concurrent.ThreadPoolExecutor.runWorker(ThreadPoolExecutor.java:1149)
	at java.util.concurrent.ThreadPoolExecutor$Worker.run(ThreadPoolExecutor.java:624)
	... 1 more
2022-07-22 17:38:24,467 [Thread-4693] WARN  server.GrpcServerProtocolService (LogUtils.java:warn(124)) - s1: Failed APPEND_ENTRIES request s2->s1#1639-t2,previous=(t:2, i:29),leaderCommit=23,initializing? true,entries: size=1, first=(t:2, i:30), STATEMACHINELOGENTRY, 377@client-41101BD33753
java.util.concurrent.CompletionException: org.apache.ratis.server.raftlog.RaftLogIOException: Log already failed at index 24 for task WriteLog:24: (t:2, i:24), STATEMACHINELOGENTRY, StateMachineLogEntryProto:393@client-FBF4FAB27C9F
	at java.util.concurrent.CompletableFuture.encodeThrowable(CompletableFuture.java:292)
	at java.util.concurrent.CompletableFuture.completeThrowable(CompletableFuture.java:308)
	at java.util.concurrent.CompletableFuture.biRelay(CompletableFuture.java:1298)
	at java.util.concurrent.CompletableFuture$BiRelay.tryFire(CompletableFuture.java:1284)
	at java.util.concurrent.CompletableFuture.postComplete(CompletableFuture.java:488)
	at java.util.concurrent.CompletableFuture.completeExceptionally(CompletableFuture.java:1990)
	at org.apache.ratis.server.raftlog.segmented.SegmentedRaftLog$Task.failed(SegmentedRaftLog.java:104)
	at org.apache.ratis.server.raftlog.segmented.SegmentedRaftLogWorker$WriteLog.failed(SegmentedRaftLogWorker.java:513)
	at org.apache.ratis.server.raftlog.segmented.SegmentedRaftLogWorker.run(SegmentedRaftLogWorker.java:319)
	at java.lang.Thread.run(Thread.java:750)
Caused by: org.apache.ratis.server.raftlog.RaftLogIOException: Log already failed at index 24 for task WriteLog:24: (t:2, i:24), STATEMACHINELOGENTRY, StateMachineLogEntryProto:393@client-FBF4FAB27C9F
	at org.apache.ratis.server.raftlog.segmented.SegmentedRaftLogWorker.run(SegmentedRaftLogWorker.java:322)
	... 1 more
Caused by: java.io.IOException: java.lang.IllegalStateException: Null stream: entry=term: 2
index: 24
stateMachineLogEntry {
  type: DATASTREAM
  clientId: "\306\t\306\331\034\365J1\232`\373\364\372\262|\237"
  callId: 393
}

	at org.apache.ratis.util.IOUtils.asIOException(IOUtils.java:56)
	at org.apache.ratis.util.IOUtils.toIOException(IOUtils.java:61)
	at org.apache.ratis.util.IOUtils.getFromFuture(IOUtils.java:85)
	at org.apache.ratis.server.raftlog.segmented.SegmentedRaftLogWorker$StateMachineDataPolicy.getFromFuture(SegmentedRaftLogWorker.java:89)
	at org.apache.ratis.server.raftlog.segmented.SegmentedRaftLogWorker$WriteLog.execute(SegmentedRaftLogWorker.java:534)
	at org.apache.ratis.server.raftlog.segmented.SegmentedRaftLogWorker.run(SegmentedRaftLogWorker.java:310)
	... 1 more
Caused by: java.lang.IllegalStateException: Null stream: entry=term: 2
index: 24
stateMachineLogEntry {
  type: DATASTREAM
  clientId: "\306\t\306\331\034\365J1\232`\373\364\372\262|\237"
  callId: 393
}

	at org.apache.ratis.datastream.DataStreamTestUtils$MultiDataStreamStateMachine.link(DataStreamTestUtils.java:159)
	at org.apache.ratis.server.raftlog.segmented.SegmentedRaftLogWorker$WriteLog.<init>(SegmentedRaftLogWorker.java:491)
	at org.apache.ratis.server.raftlog.segmented.SegmentedRaftLogWorker.writeLogEntry(SegmentedRaftLogWorker.java:437)
	at org.apache.ratis.server.raftlog.segmented.SegmentedRaftLog.appendEntryImpl(SegmentedRaftLog.java:408)
	at org.apache.ratis.server.raftlog.RaftLogBase.lambda$appendEntry$10(RaftLogBase.java:323)
	at org.apache.ratis.server.raftlog.RaftLogSequentialOps$Runner.runSequentially(RaftLogSequentialOps.java:77)
	at org.apache.ratis.server.raftlog.RaftLogBase.appendEntry(RaftLogBase.java:323)
	at org.apache.ratis.server.raftlog.segmented.SegmentedRaftLog.appendImpl(SegmentedRaftLog.java:457)
	at org.apache.ratis.server.raftlog.RaftLogBase.lambda$append$11(RaftLogBase.java:330)
	at org.apache.ratis.server.raftlog.RaftLogSequentialOps$Runner.runSequentially(RaftLogSequentialOps.java:68)
	at org.apache.ratis.server.raftlog.RaftLogBase.append(RaftLogBase.java:330)
	at org.apache.ratis.server.impl.RaftServerImpl.appendEntriesAsync(RaftServerImpl.java:1404)
	at org.apache.ratis.server.impl.RaftServerImpl.appendEntriesAsync(RaftServerImpl.java:1290)
	at org.apache.ratis.server.impl.RaftServerProxy.lambda$null$25(RaftServerProxy.java:622)
	at org.apache.ratis.util.JavaUtils.callAsUnchecked(JavaUtils.java:115)
	at org.apache.ratis.server.impl.RaftServerImpl.lambda$executeSubmitServerRequestAsync$11(RaftServerImpl.java:789)
	at java.util.concurrent.CompletableFuture$AsyncSupply.run(CompletableFuture.java:1604)
	at java.util.concurrent.ThreadPoolExecutor.runWorker(ThreadPoolExecutor.java:1149)
	at java.util.concurrent.ThreadPoolExecutor$Worker.run(ThreadPoolExecutor.java:624)
	... 1 more
2022-07-22 17:38:24,468 [grpc-default-executor-0] WARN  server.GrpcLogAppender (LogUtils.java:warn(124)) - s2@group-6B63ABD76F1E->s0-AppendLogResponseHandler: Failed appendEntries
org.apache.ratis.server.raftlog.RaftLogIOException: Log already failed at index 24 for task WriteLog:24: (t:2, i:24), STATEMACHINELOGENTRY, StateMachineLogEntryProto:393@client-FBF4FAB27C9F
	at org.apache.ratis.server.raftlog.segmented.SegmentedRaftLogWorker.run(SegmentedRaftLogWorker.java:322)
	at java.lang.Thread.run(Thread.java:750)
Caused by: java.io.IOException: java.lang.IllegalStateException: Null stream: entry=term: 2
index: 24
stateMachineLogEntry {
  type: DATASTREAM
  clientId: "\306\t\306\331\034\365J1\232`\373\364\372\262|\237"
  callId: 393
}

	at org.apache.ratis.util.IOUtils.asIOException(IOUtils.java:56)
	at org.apache.ratis.util.IOUtils.toIOException(IOUtils.java:61)
	at org.apache.ratis.util.IOUtils.getFromFuture(IOUtils.java:85)
	at org.apache.ratis.server.raftlog.segmented.SegmentedRaftLogWorker$StateMachineDataPolicy.getFromFuture(SegmentedRaftLogWorker.java:89)
	at org.apache.ratis.server.raftlog.segmented.SegmentedRaftLogWorker$WriteLog.execute(SegmentedRaftLogWorker.java:534)
	at org.apache.ratis.server.raftlog.segmented.SegmentedRaftLogWorker.run(SegmentedRaftLogWorker.java:310)
	... 1 more
Caused by: java.lang.IllegalStateException: Null stream: entry=term: 2
index: 24
stateMachineLogEntry {
  type: DATASTREAM
  clientId: "\306\t\306\331\034\365J1\232`\373\364\372\262|\237"
  callId: 393
}

	at org.apache.ratis.datastream.DataStreamTestUtils$MultiDataStreamStateMachine.link(DataStreamTestUtils.java:159)
	at org.apache.ratis.server.raftlog.segmented.SegmentedRaftLogWorker$WriteLog.<init>(SegmentedRaftLogWorker.java:491)
	at org.apache.ratis.server.raftlog.segmented.SegmentedRaftLogWorker.writeLogEntry(SegmentedRaftLogWorker.java:437)
	at org.apache.ratis.server.raftlog.segmented.SegmentedRaftLog.appendEntryImpl(SegmentedRaftLog.java:408)
	at org.apache.ratis.server.raftlog.RaftLogBase.lambda$appendEntry$10(RaftLogBase.java:323)
	at org.apache.ratis.server.raftlog.RaftLogSequentialOps$Runner.runSequentially(RaftLogSequentialOps.java:77)
	at org.apache.ratis.server.raftlog.RaftLogBase.appendEntry(RaftLogBase.java:323)
	at org.apache.ratis.server.raftlog.segmented.SegmentedRaftLog.appendImpl(SegmentedRaftLog.java:457)
	at org.apache.ratis.server.raftlog.RaftLogBase.lambda$append$11(RaftLogBase.java:330)
	at org.apache.ratis.server.raftlog.RaftLogSequentialOps$Runner.runSequentially(RaftLogSequentialOps.java:68)
	at org.apache.ratis.server.raftlog.RaftLogBase.append(RaftLogBase.java:330)
	at org.apache.ratis.server.impl.RaftServerImpl.appendEntriesAsync(RaftServerImpl.java:1404)
	at org.apache.ratis.server.impl.RaftServerImpl.appendEntriesAsync(RaftServerImpl.java:1290)
	at org.apache.ratis.server.impl.RaftServerProxy.lambda$null$25(RaftServerProxy.java:622)
	at org.apache.ratis.util.JavaUtils.callAsUnchecked(JavaUtils.java:115)
	at org.apache.ratis.server.impl.RaftServerImpl.lambda$executeSubmitServerRequestAsync$11(RaftServerImpl.java:789)
	at java.util.concurrent.CompletableFuture$AsyncSupply.run(CompletableFuture.java:1604)
	at java.util.concurrent.ThreadPoolExecutor.runWorker(ThreadPoolExecutor.java:1149)
	at java.util.concurrent.ThreadPoolExecutor$Worker.run(ThreadPoolExecutor.java:624)
	... 1 more
2022-07-22 17:38:24,470 [grpc-default-executor-0] INFO  leader.FollowerInfo (FollowerInfoImpl.java:lambda$new$0(48)) - s2@group-6B63ABD76F1E->s0: nextIndex: updateUnconditionally 31 -> 30
2022-07-22 17:38:24,474 [grpc-default-executor-15] WARN  server.GrpcLogAppender (LogUtils.java:warn(124)) - s2@group-6B63ABD76F1E->s1-AppendLogResponseHandler: Failed appendEntries
org.apache.ratis.server.raftlog.RaftLogIOException: Log already failed at index 24 for task WriteLog:24: (t:2, i:24), STATEMACHINELOGENTRY, StateMachineLogEntryProto:393@client-FBF4FAB27C9F
	at org.apache.ratis.server.raftlog.segmented.SegmentedRaftLogWorker.run(SegmentedRaftLogWorker.java:322)
	at java.lang.Thread.run(Thread.java:750)
Caused by: java.io.IOException: java.lang.IllegalStateException: Null stream: entry=term: 2
index: 24
stateMachineLogEntry {
  type: DATASTREAM
  clientId: "\306\t\306\331\034\365J1\232`\373\364\372\262|\237"
  callId: 393
}

	at org.apache.ratis.util.IOUtils.asIOException(IOUtils.java:56)
	at org.apache.ratis.util.IOUtils.toIOException(IOUtils.java:61)
	at org.apache.ratis.util.IOUtils.getFromFuture(IOUtils.java:85)
	at org.apache.ratis.server.raftlog.segmented.SegmentedRaftLogWorker$StateMachineDataPolicy.getFromFuture(SegmentedRaftLogWorker.java:89)
	at org.apache.ratis.server.raftlog.segmented.SegmentedRaftLogWorker$WriteLog.execute(SegmentedRaftLogWorker.java:534)
	at org.apache.ratis.server.raftlog.segmented.SegmentedRaftLogWorker.run(SegmentedRaftLogWorker.java:310)
	... 1 more
Caused by: java.lang.IllegalStateException: Null stream: entry=term: 2
index: 24
stateMachineLogEntry {
  type: DATASTREAM
  clientId: "\306\t\306\331\034\365J1\232`\373\364\372\262|\237"
  callId: 393
}

	at org.apache.ratis.datastream.DataStreamTestUtils$MultiDataStreamStateMachine.link(DataStreamTestUtils.java:159)
	at org.apache.ratis.server.raftlog.segmented.SegmentedRaftLogWorker$WriteLog.<init>(SegmentedRaftLogWorker.java:491)
	at org.apache.ratis.server.raftlog.segmented.SegmentedRaftLogWorker.writeLogEntry(SegmentedRaftLogWorker.java:437)
	at org.apache.ratis.server.raftlog.segmented.SegmentedRaftLog.appendEntryImpl(SegmentedRaftLog.java:408)
	at org.apache.ratis.server.raftlog.RaftLogBase.lambda$appendEntry$10(RaftLogBase.java:323)
	at org.apache.ratis.server.raftlog.RaftLogSequentialOps$Runner.runSequentially(RaftLogSequentialOps.java:77)
	at org.apache.ratis.server.raftlog.RaftLogBase.appendEntry(RaftLogBase.java:323)
	at org.apache.ratis.server.raftlog.segmented.SegmentedRaftLog.appendImpl(SegmentedRaftLog.java:457)
	at org.apache.ratis.server.raftlog.RaftLogBase.lambda$append$11(RaftLogBase.java:330)
	at org.apache.ratis.server.raftlog.RaftLogSequentialOps$Runner.runSequentially(RaftLogSequentialOps.java:68)
	at org.apache.ratis.server.raftlog.RaftLogBase.append(RaftLogBase.java:330)
	at org.apache.ratis.server.impl.RaftServerImpl.appendEntriesAsync(RaftServerImpl.java:1404)
	at org.apache.ratis.server.impl.RaftServerImpl.appendEntriesAsync(RaftServerImpl.java:1290)
	at org.apache.ratis.server.impl.RaftServerProxy.lambda$null$25(RaftServerProxy.java:622)
	at org.apache.ratis.util.JavaUtils.callAsUnchecked(JavaUtils.java:115)
	at org.apache.ratis.server.impl.RaftServerImpl.lambda$executeSubmitServerRequestAsync$11(RaftServerImpl.java:789)
	at java.util.concurrent.CompletableFuture$AsyncSupply.run(CompletableFuture.java:1604)
	at java.util.concurrent.ThreadPoolExecutor.runWorker(ThreadPoolExecutor.java:1149)
	at java.util.concurrent.ThreadPoolExecutor$Worker.run(ThreadPoolExecutor.java:624)
	... 1 more
2022-07-22 17:38:24,474 [grpc-default-executor-15] INFO  leader.FollowerInfo (FollowerInfoImpl.java:lambda$new$0(48)) - s2@group-6B63ABD76F1E->s1: nextIndex: updateUnconditionally 31 -> 30
2022-07-22 17:38:26,215 [Timer-2] INFO  impl.MiniRaftCluster (MiniRaftCluster.java:lambda$null$5(315)) - TIMED-PRINT: printing ALL groups
  s0:  RUNNING  FOLLOWER s0@group-6B63ABD76F1E:t2, leader=s2, voted=s2, raftlog=Memoized:s0@group-6B63ABD76F1E-SegmentedRaftLog:OPENED:c23, conf=22: peers:[s0|rpc:localhost:45007|admin:localhost:46801|client:localhost:44465|dataStream:localhost:37487|priority:0|startupRole:FOLLOWER, s1|rpc:localhost:46271|admin:localhost:33567|client:localhost:41473|dataStream:localhost:32893|priority:0|startupRole:FOLLOWER, s2|rpc:localhost:38411|admin:localhost:35847|client:localhost:45257|dataStream:localhost:33781|priority:0|startupRole:FOLLOWER]|listeners:[], old=null RUNNING
  s1:  RUNNING  FOLLOWER s1@group-6B63ABD76F1E:t2, leader=s2, voted=s2, raftlog=Memoized:s1@group-6B63ABD76F1E-SegmentedRaftLog:OPENED:c23, conf=22: peers:[s0|rpc:localhost:45007|admin:localhost:46801|client:localhost:44465|dataStream:localhost:37487|priority:0|startupRole:FOLLOWER, s1|rpc:localhost:46271|admin:localhost:33567|client:localhost:41473|dataStream:localhost:32893|priority:0|startupRole:FOLLOWER, s2|rpc:localhost:38411|admin:localhost:35847|client:localhost:45257|dataStream:localhost:33781|priority:0|startupRole:FOLLOWER]|listeners:[], old=null RUNNING
  s2:  RUNNING    LEADER s2@group-6B63ABD76F1E:t2, leader=s2, voted=s2, raftlog=Memoized:s2@group-6B63ABD76F1E-SegmentedRaftLog:OPENED:c23, conf=22: peers:[s0|rpc:localhost:45007|admin:localhost:46801|client:localhost:44465|dataStream:localhost:37487|priority:0|startupRole:FOLLOWER, s1|rpc:localhost:46271|admin:localhost:33567|client:localhost:41473|dataStream:localhost:32893|priority:0|startupRole:FOLLOWER, s2|rpc:localhost:38411|admin:localhost:35847|client:localhost:45257|dataStream:localhost:33781|priority:0|startupRole:FOLLOWER]|listeners:[], old=null RUNNING
2022-07-22 17:38:28,469 [java.util.concurrent.ThreadPoolExecutor$Worker@723deec4[State = -1, empty queue]] WARN  grpc.GrpcUtil (GrpcUtil.java:shutdownManagedChannel(216)) - Timed out gracefully shutting down connection: ManagedChannelOrphanWrapper{delegate=ManagedChannelImpl{logId=845, target=localhost:45257}}. 
2022-07-22 17:38:30,462 [java.util.concurrent.ThreadPoolExecutor$Worker@798b0eab[State = -1, empty queue]] WARN  grpc.GrpcUtil (GrpcUtil.java:shutdownManagedChannel(216)) - Timed out gracefully shutting down connection: ManagedChannelOrphanWrapper{delegate=ManagedChannelImpl{logId=859, target=localhost:45257}}. 
2022-07-22 17:38:34,588 [java.util.concurrent.ThreadPoolExecutor$Worker@28acb646[State = -1, empty queue]] WARN  grpc.GrpcUtil (GrpcUtil.java:shutdownManagedChannel(216)) - Timed out gracefully shutting down connection: ManagedChannelOrphanWrapper{delegate=ManagedChannelImpl{logId=873, target=localhost:45257}}. 
2022-07-22 17:38:36,216 [Timer-2] INFO  impl.MiniRaftCluster (MiniRaftCluster.java:lambda$null$5(315)) - TIMED-PRINT: printing ALL groups
  s0:  RUNNING  FOLLOWER s0@group-6B63ABD76F1E:t2, leader=s2, voted=s2, raftlog=Memoized:s0@group-6B63ABD76F1E-SegmentedRaftLog:OPENED:c23, conf=22: peers:[s0|rpc:localhost:45007|admin:localhost:46801|client:localhost:44465|dataStream:localhost:37487|priority:0|startupRole:FOLLOWER, s1|rpc:localhost:46271|admin:localhost:33567|client:localhost:41473|dataStream:localhost:32893|priority:0|startupRole:FOLLOWER, s2|rpc:localhost:38411|admin:localhost:35847|client:localhost:45257|dataStream:localhost:33781|priority:0|startupRole:FOLLOWER]|listeners:[], old=null RUNNING
  s1:  RUNNING  FOLLOWER s1@group-6B63ABD76F1E:t2, leader=s2, voted=s2, raftlog=Memoized:s1@group-6B63ABD76F1E-SegmentedRaftLog:OPENED:c23, conf=22: peers:[s0|rpc:localhost:45007|admin:localhost:46801|client:localhost:44465|dataStream:localhost:37487|priority:0|startupRole:FOLLOWER, s1|rpc:localhost:46271|admin:localhost:33567|client:localhost:41473|dataStream:localhost:32893|priority:0|startupRole:FOLLOWER, s2|rpc:localhost:38411|admin:localhost:35847|client:localhost:45257|dataStream:localhost:33781|priority:0|startupRole:FOLLOWER]|listeners:[], old=null RUNNING
  s2:  RUNNING    LEADER s2@group-6B63ABD76F1E:t2, leader=s2, voted=s2, raftlog=Memoized:s2@group-6B63ABD76F1E-SegmentedRaftLog:OPENED:c23, conf=22: peers:[s0|rpc:localhost:45007|admin:localhost:46801|client:localhost:44465|dataStream:localhost:37487|priority:0|startupRole:FOLLOWER, s1|rpc:localhost:46271|admin:localhost:33567|client:localhost:41473|dataStream:localhost:32893|priority:0|startupRole:FOLLOWER, s2|rpc:localhost:38411|admin:localhost:35847|client:localhost:45257|dataStream:localhost:33781|priority:0|startupRole:FOLLOWER]|listeners:[], old=null RUNNING
2022-07-22 17:38:36,580 [java.util.concurrent.ThreadPoolExecutor$Worker@1c398fa2[State = -1, empty queue]] WARN  grpc.GrpcUtil (GrpcUtil.java:shutdownManagedChannel(216)) - Timed out gracefully shutting down connection: ManagedChannelOrphanWrapper{delegate=ManagedChannelImpl{logId=887, target=localhost:45257}}. 
2022-07-22 17:38:40,703 [java.util.concurrent.ThreadPoolExecutor$Worker@1efe2fd7[State = -1, empty queue]] WARN  grpc.GrpcUtil (GrpcUtil.java:shutdownManagedChannel(216)) - Timed out gracefully shutting down connection: ManagedChannelOrphanWrapper{delegate=ManagedChannelImpl{logId=901, target=localhost:45257}}. 
2022-07-22 17:38:42,701 [java.util.concurrent.ThreadPoolExecutor$Worker@dd9a993[State = -1, empty queue]] WARN  grpc.GrpcUtil (GrpcUtil.java:shutdownManagedChannel(216)) - Timed out gracefully shutting down connection: ManagedChannelOrphanWrapper{delegate=ManagedChannelImpl{logId=915, target=localhost:45257}}. 
2022-07-22 17:38:46,216 [Timer-2] INFO  impl.MiniRaftCluster (MiniRaftCluster.java:lambda$null$5(315)) - TIMED-PRINT: printing ALL groups
  s0:  RUNNING  FOLLOWER s0@group-6B63ABD76F1E:t2, leader=s2, voted=s2, raftlog=Memoized:s0@group-6B63ABD76F1E-SegmentedRaftLog:OPENED:c23, conf=22: peers:[s0|rpc:localhost:45007|admin:localhost:46801|client:localhost:44465|dataStream:localhost:37487|priority:0|startupRole:FOLLOWER, s1|rpc:localhost:46271|admin:localhost:33567|client:localhost:41473|dataStream:localhost:32893|priority:0|startupRole:FOLLOWER, s2|rpc:localhost:38411|admin:localhost:35847|client:localhost:45257|dataStream:localhost:33781|priority:0|startupRole:FOLLOWER]|listeners:[], old=null RUNNING
  s1:  RUNNING  FOLLOWER s1@group-6B63ABD76F1E:t2, leader=s2, voted=s2, raftlog=Memoized:s1@group-6B63ABD76F1E-SegmentedRaftLog:OPENED:c23, conf=22: peers:[s0|rpc:localhost:45007|admin:localhost:46801|client:localhost:44465|dataStream:localhost:37487|priority:0|startupRole:FOLLOWER, s1|rpc:localhost:46271|admin:localhost:33567|client:localhost:41473|dataStream:localhost:32893|priority:0|startupRole:FOLLOWER, s2|rpc:localhost:38411|admin:localhost:35847|client:localhost:45257|dataStream:localhost:33781|priority:0|startupRole:FOLLOWER]|listeners:[], old=null RUNNING
  s2:  RUNNING    LEADER s2@group-6B63ABD76F1E:t2, leader=s2, voted=s2, raftlog=Memoized:s2@group-6B63ABD76F1E-SegmentedRaftLog:OPENED:c23, conf=22: peers:[s0|rpc:localhost:45007|admin:localhost:46801|client:localhost:44465|dataStream:localhost:37487|priority:0|startupRole:FOLLOWER, s1|rpc:localhost:46271|admin:localhost:33567|client:localhost:41473|dataStream:localhost:32893|priority:0|startupRole:FOLLOWER, s2|rpc:localhost:38411|admin:localhost:35847|client:localhost:45257|dataStream:localhost:33781|priority:0|startupRole:FOLLOWER]|listeners:[], old=null RUNNING
2022-07-22 17:38:46,822 [java.util.concurrent.ThreadPoolExecutor$Worker@106a50e5[State = -1, empty queue]] WARN  grpc.GrpcUtil (GrpcUtil.java:shutdownManagedChannel(216)) - Timed out gracefully shutting down connection: ManagedChannelOrphanWrapper{delegate=ManagedChannelImpl{logId=929, target=localhost:45257}}. 
2022-07-22 17:38:48,826 [java.util.concurrent.ThreadPoolExecutor$Worker@497dca09[State = -1, empty queue]] WARN  grpc.GrpcUtil (GrpcUtil.java:shutdownManagedChannel(216)) - Timed out gracefully shutting down connection: ManagedChannelOrphanWrapper{delegate=ManagedChannelImpl{logId=943, target=localhost:45257}}. 
2022-07-22 17:38:52,941 [java.util.concurrent.ThreadPoolExecutor$Worker@75a1bf14[State = -1, empty queue]] WARN  grpc.GrpcUtil (GrpcUtil.java:shutdownManagedChannel(216)) - Timed out gracefully shutting down connection: ManagedChannelOrphanWrapper{delegate=ManagedChannelImpl{logId=957, target=localhost:45257}}. 
2022-07-22 17:38:54,954 [java.util.concurrent.ThreadPoolExecutor$Worker@b561a[State = -1, empty queue]] WARN  grpc.GrpcUtil (GrpcUtil.java:shutdownManagedChannel(216)) - Timed out gracefully shutting down connection: ManagedChannelOrphanWrapper{delegate=ManagedChannelImpl{logId=971, target=localhost:45257}}. 
2022-07-22 17:38:56,217 [Timer-2] INFO  impl.MiniRaftCluster (MiniRaftCluster.java:lambda$null$5(315)) - TIMED-PRINT: printing ALL groups
  s0:  RUNNING  FOLLOWER s0@group-6B63ABD76F1E:t2, leader=s2, voted=s2, raftlog=Memoized:s0@group-6B63ABD76F1E-SegmentedRaftLog:OPENED:c23, conf=22: peers:[s0|rpc:localhost:45007|admin:localhost:46801|client:localhost:44465|dataStream:localhost:37487|priority:0|startupRole:FOLLOWER, s1|rpc:localhost:46271|admin:localhost:33567|client:localhost:41473|dataStream:localhost:32893|priority:0|startupRole:FOLLOWER, s2|rpc:localhost:38411|admin:localhost:35847|client:localhost:45257|dataStream:localhost:33781|priority:0|startupRole:FOLLOWER]|listeners:[], old=null RUNNING
  s1:  RUNNING  FOLLOWER s1@group-6B63ABD76F1E:t2, leader=s2, voted=s2, raftlog=Memoized:s1@group-6B63ABD76F1E-SegmentedRaftLog:OPENED:c23, conf=22: peers:[s0|rpc:localhost:45007|admin:localhost:46801|client:localhost:44465|dataStream:localhost:37487|priority:0|startupRole:FOLLOWER, s1|rpc:localhost:46271|admin:localhost:33567|client:localhost:41473|dataStream:localhost:32893|priority:0|startupRole:FOLLOWER, s2|rpc:localhost:38411|admin:localhost:35847|client:localhost:45257|dataStream:localhost:33781|priority:0|startupRole:FOLLOWER]|listeners:[], old=null RUNNING
  s2:  RUNNING    LEADER s2@group-6B63ABD76F1E:t2, leader=s2, voted=s2, raftlog=Memoized:s2@group-6B63ABD76F1E-SegmentedRaftLog:OPENED:c23, conf=22: peers:[s0|rpc:localhost:45007|admin:localhost:46801|client:localhost:44465|dataStream:localhost:37487|priority:0|startupRole:FOLLOWER, s1|rpc:localhost:46271|admin:localhost:33567|client:localhost:41473|dataStream:localhost:32893|priority:0|startupRole:FOLLOWER, s2|rpc:localhost:38411|admin:localhost:35847|client:localhost:45257|dataStream:localhost:33781|priority:0|startupRole:FOLLOWER]|listeners:[], old=null RUNNING
2022-07-22 17:38:59,064 [java.util.concurrent.ThreadPoolExecutor$Worker@768f7558[State = -1, empty queue]] WARN  grpc.GrpcUtil (GrpcUtil.java:shutdownManagedChannel(216)) - Timed out gracefully shutting down connection: ManagedChannelOrphanWrapper{delegate=ManagedChannelImpl{logId=985, target=localhost:45257}}. 
2022-07-22 17:39:01,071 [java.util.concurrent.ThreadPoolExecutor$Worker@7a316572[State = -1, empty queue]] WARN  grpc.GrpcUtil (GrpcUtil.java:shutdownManagedChannel(216)) - Timed out gracefully shutting down connection: ManagedChannelOrphanWrapper{delegate=ManagedChannelImpl{logId=999, target=localhost:45257}}. 
2022-07-22 17:39:05,183 [java.util.concurrent.ThreadPoolExecutor$Worker@501f9d03[State = -1, empty queue]] WARN  grpc.GrpcUtil (GrpcUtil.java:shutdownManagedChannel(216)) - Timed out gracefully shutting down connection: ManagedChannelOrphanWrapper{delegate=ManagedChannelImpl{logId=1013, target=localhost:45257}}. 
2022-07-22 17:39:06,216 [Timer-2] INFO  impl.MiniRaftCluster (MiniRaftCluster.java:lambda$null$5(315)) - TIMED-PRINT: printing ALL groups
  s0:  RUNNING  FOLLOWER s0@group-6B63ABD76F1E:t2, leader=s2, voted=s2, raftlog=Memoized:s0@group-6B63ABD76F1E-SegmentedRaftLog:OPENED:c23, conf=22: peers:[s0|rpc:localhost:45007|admin:localhost:46801|client:localhost:44465|dataStream:localhost:37487|priority:0|startupRole:FOLLOWER, s1|rpc:localhost:46271|admin:localhost:33567|client:localhost:41473|dataStream:localhost:32893|priority:0|startupRole:FOLLOWER, s2|rpc:localhost:38411|admin:localhost:35847|client:localhost:45257|dataStream:localhost:33781|priority:0|startupRole:FOLLOWER]|listeners:[], old=null RUNNING
  s1:  RUNNING  FOLLOWER s1@group-6B63ABD76F1E:t2, leader=s2, voted=s2, raftlog=Memoized:s1@group-6B63ABD76F1E-SegmentedRaftLog:OPENED:c23, conf=22: peers:[s0|rpc:localhost:45007|admin:localhost:46801|client:localhost:44465|dataStream:localhost:37487|priority:0|startupRole:FOLLOWER, s1|rpc:localhost:46271|admin:localhost:33567|client:localhost:41473|dataStream:localhost:32893|priority:0|startupRole:FOLLOWER, s2|rpc:localhost:38411|admin:localhost:35847|client:localhost:45257|dataStream:localhost:33781|priority:0|startupRole:FOLLOWER]|listeners:[], old=null RUNNING
  s2:  RUNNING    LEADER s2@group-6B63ABD76F1E:t2, leader=s2, voted=s2, raftlog=Memoized:s2@group-6B63ABD76F1E-SegmentedRaftLog:OPENED:c23, conf=22: peers:[s0|rpc:localhost:45007|admin:localhost:46801|client:localhost:44465|dataStream:localhost:37487|priority:0|startupRole:FOLLOWER, s1|rpc:localhost:46271|admin:localhost:33567|client:localhost:41473|dataStream:localhost:32893|priority:0|startupRole:FOLLOWER, s2|rpc:localhost:38411|admin:localhost:35847|client:localhost:45257|dataStream:localhost:33781|priority:0|startupRole:FOLLOWER]|listeners:[], old=null RUNNING
2022-07-22 17:39:07,198 [java.util.concurrent.ThreadPoolExecutor$Worker@43f05219[State = -1, empty queue]] WARN  grpc.GrpcUtil (GrpcUtil.java:shutdownManagedChannel(216)) - Timed out gracefully shutting down connection: ManagedChannelOrphanWrapper{delegate=ManagedChannelImpl{logId=1027, target=localhost:45257}}. 
2022-07-22 17:39:11,302 [java.util.concurrent.ThreadPoolExecutor$Worker@7eda8e9[State = -1, empty queue]] WARN  grpc.GrpcUtil (GrpcUtil.java:shutdownManagedChannel(216)) - Timed out gracefully shutting down connection: ManagedChannelOrphanWrapper{delegate=ManagedChannelImpl{logId=1041, target=localhost:45257}}. 
2022-07-22 17:39:13,322 [java.util.concurrent.ThreadPoolExecutor$Worker@4aa747d3[State = -1, empty queue]] WARN  grpc.GrpcUtil (GrpcUtil.java:shutdownManagedChannel(216)) - Timed out gracefully shutting down connection: ManagedChannelOrphanWrapper{delegate=ManagedChannelImpl{logId=1055, target=localhost:45257}}. 
2022-07-22 17:39:16,217 [Timer-2] INFO  impl.MiniRaftCluster (MiniRaftCluster.java:lambda$null$5(315)) - TIMED-PRINT: printing ALL groups
  s0:  RUNNING  FOLLOWER s0@group-6B63ABD76F1E:t2, leader=s2, voted=s2, raftlog=Memoized:s0@group-6B63ABD76F1E-SegmentedRaftLog:OPENED:c23, conf=22: peers:[s0|rpc:localhost:45007|admin:localhost:46801|client:localhost:44465|dataStream:localhost:37487|priority:0|startupRole:FOLLOWER, s1|rpc:localhost:46271|admin:localhost:33567|client:localhost:41473|dataStream:localhost:32893|priority:0|startupRole:FOLLOWER, s2|rpc:localhost:38411|admin:localhost:35847|client:localhost:45257|dataStream:localhost:33781|priority:0|startupRole:FOLLOWER]|listeners:[], old=null RUNNING
  s1:  RUNNING  FOLLOWER s1@group-6B63ABD76F1E:t2, leader=s2, voted=s2, raftlog=Memoized:s1@group-6B63ABD76F1E-SegmentedRaftLog:OPENED:c23, conf=22: peers:[s0|rpc:localhost:45007|admin:localhost:46801|client:localhost:44465|dataStream:localhost:37487|priority:0|startupRole:FOLLOWER, s1|rpc:localhost:46271|admin:localhost:33567|client:localhost:41473|dataStream:localhost:32893|priority:0|startupRole:FOLLOWER, s2|rpc:localhost:38411|admin:localhost:35847|client:localhost:45257|dataStream:localhost:33781|priority:0|startupRole:FOLLOWER]|listeners:[], old=null RUNNING
  s2:  RUNNING    LEADER s2@group-6B63ABD76F1E:t2, leader=s2, voted=s2, raftlog=Memoized:s2@group-6B63ABD76F1E-SegmentedRaftLog:OPENED:c23, conf=22: peers:[s0|rpc:localhost:45007|admin:localhost:46801|client:localhost:44465|dataStream:localhost:37487|priority:0|startupRole:FOLLOWER, s1|rpc:localhost:46271|admin:localhost:33567|client:localhost:41473|dataStream:localhost:32893|priority:0|startupRole:FOLLOWER, s2|rpc:localhost:38411|admin:localhost:35847|client:localhost:45257|dataStream:localhost:33781|priority:0|startupRole:FOLLOWER]|listeners:[], old=null RUNNING
2022-07-22 17:39:17,420 [java.util.concurrent.ThreadPoolExecutor$Worker@1efd935b[State = -1, empty queue]] WARN  grpc.GrpcUtil (GrpcUtil.java:shutdownManagedChannel(216)) - Timed out gracefully shutting down connection: ManagedChannelOrphanWrapper{delegate=ManagedChannelImpl{logId=1069, target=localhost:45257}}. 
2022-07-22 17:39:19,440 [java.util.concurrent.ThreadPoolExecutor$Worker@8eee2af[State = -1, empty queue]] WARN  grpc.GrpcUtil (GrpcUtil.java:shutdownManagedChannel(216)) - Timed out gracefully shutting down connection: ManagedChannelOrphanWrapper{delegate=ManagedChannelImpl{logId=1083, target=localhost:45257}}. 
2022-07-22 17:39:23,550 [java.util.concurrent.ThreadPoolExecutor$Worker@1f67d36c[State = -1, empty queue]] WARN  grpc.GrpcUtil (GrpcUtil.java:shutdownManagedChannel(216)) - Timed out gracefully shutting down connection: ManagedChannelOrphanWrapper{delegate=ManagedChannelImpl{logId=1097, target=localhost:45257}}. 
2022-07-22 17:39:23,682 [s2-client-thread1] INFO  statemachine.StateMachine (DataStreamTestUtils.java:link(157)) - link null
2022-07-22 17:39:23,684 [s0-server-thread3] INFO  statemachine.StateMachine (DataStreamTestUtils.java:link(157)) - link null
2022-07-22 17:39:23,684 [s1-server-thread2] INFO  statemachine.StateMachine (DataStreamTestUtils.java:link(157)) - link null
2022-07-22 17:39:23,685 [Thread-6283] WARN  server.GrpcServerProtocolService (LogUtils.java:warn(124)) - s0: Failed APPEND_ENTRIES request s2->s0#2415-t2,previous=(t:2, i:30),leaderCommit=23,initializing? true,entries: size=1, first=(t:2, i:31), STATEMACHINELOGENTRY, 393@client-FBF4FAB27C9F
java.util.concurrent.CompletionException: org.apache.ratis.server.raftlog.RaftLogIOException: Log already failed at index 24 for task WriteLog:24: (t:2, i:24), STATEMACHINELOGENTRY, StateMachineLogEntryProto:393@client-FBF4FAB27C9F
	at java.util.concurrent.CompletableFuture.encodeThrowable(CompletableFuture.java:292)
	at java.util.concurrent.CompletableFuture.completeThrowable(CompletableFuture.java:308)
	at java.util.concurrent.CompletableFuture.biRelay(CompletableFuture.java:1298)
	at java.util.concurrent.CompletableFuture$BiRelay.tryFire(CompletableFuture.java:1284)
	at java.util.concurrent.CompletableFuture.postComplete(CompletableFuture.java:488)
	at java.util.concurrent.CompletableFuture.completeExceptionally(CompletableFuture.java:1990)
	at org.apache.ratis.server.raftlog.segmented.SegmentedRaftLog$Task.failed(SegmentedRaftLog.java:104)
	at org.apache.ratis.server.raftlog.segmented.SegmentedRaftLogWorker$WriteLog.failed(SegmentedRaftLogWorker.java:513)
	at org.apache.ratis.server.raftlog.segmented.SegmentedRaftLogWorker.run(SegmentedRaftLogWorker.java:319)
	at java.lang.Thread.run(Thread.java:750)
Caused by: org.apache.ratis.server.raftlog.RaftLogIOException: Log already failed at index 24 for task WriteLog:24: (t:2, i:24), STATEMACHINELOGENTRY, StateMachineLogEntryProto:393@client-FBF4FAB27C9F
	at org.apache.ratis.server.raftlog.segmented.SegmentedRaftLogWorker.run(SegmentedRaftLogWorker.java:322)
	... 1 more
Caused by: java.io.IOException: java.lang.IllegalStateException: Null stream: entry=term: 2
index: 24
stateMachineLogEntry {
  type: DATASTREAM
  clientId: "\306\t\306\331\034\365J1\232`\373\364\372\262|\237"
  callId: 393
}

	at org.apache.ratis.util.IOUtils.asIOException(IOUtils.java:56)
	at org.apache.ratis.util.IOUtils.toIOException(IOUtils.java:61)
	at org.apache.ratis.util.IOUtils.getFromFuture(IOUtils.java:85)
	at org.apache.ratis.server.raftlog.segmented.SegmentedRaftLogWorker$StateMachineDataPolicy.getFromFuture(SegmentedRaftLogWorker.java:89)
	at org.apache.ratis.server.raftlog.segmented.SegmentedRaftLogWorker$WriteLog.execute(SegmentedRaftLogWorker.java:534)
	at org.apache.ratis.server.raftlog.segmented.SegmentedRaftLogWorker.run(SegmentedRaftLogWorker.java:310)
	... 1 more
Caused by: java.lang.IllegalStateException: Null stream: entry=term: 2
index: 24
stateMachineLogEntry {
  type: DATASTREAM
  clientId: "\306\t\306\331\034\365J1\232`\373\364\372\262|\237"
  callId: 393
}

	at org.apache.ratis.datastream.DataStreamTestUtils$MultiDataStreamStateMachine.link(DataStreamTestUtils.java:159)
	at org.apache.ratis.server.raftlog.segmented.SegmentedRaftLogWorker$WriteLog.<init>(SegmentedRaftLogWorker.java:491)
	at org.apache.ratis.server.raftlog.segmented.SegmentedRaftLogWorker.writeLogEntry(SegmentedRaftLogWorker.java:437)
	at org.apache.ratis.server.raftlog.segmented.SegmentedRaftLog.appendEntryImpl(SegmentedRaftLog.java:408)
	at org.apache.ratis.server.raftlog.RaftLogBase.lambda$appendEntry$10(RaftLogBase.java:323)
	at org.apache.ratis.server.raftlog.RaftLogSequentialOps$Runner.runSequentially(RaftLogSequentialOps.java:77)
	at org.apache.ratis.server.raftlog.RaftLogBase.appendEntry(RaftLogBase.java:323)
	at org.apache.ratis.server.raftlog.segmented.SegmentedRaftLog.appendImpl(SegmentedRaftLog.java:457)
	at org.apache.ratis.server.raftlog.RaftLogBase.lambda$append$11(RaftLogBase.java:330)
	at org.apache.ratis.server.raftlog.RaftLogSequentialOps$Runner.runSequentially(RaftLogSequentialOps.java:68)
	at org.apache.ratis.server.raftlog.RaftLogBase.append(RaftLogBase.java:330)
	at org.apache.ratis.server.impl.RaftServerImpl.appendEntriesAsync(RaftServerImpl.java:1404)
	at org.apache.ratis.server.impl.RaftServerImpl.appendEntriesAsync(RaftServerImpl.java:1290)
	at org.apache.ratis.server.impl.RaftServerProxy.lambda$null$25(RaftServerProxy.java:622)
	at org.apache.ratis.util.JavaUtils.callAsUnchecked(JavaUtils.java:115)
	at org.apache.ratis.server.impl.RaftServerImpl.lambda$executeSubmitServerRequestAsync$11(RaftServerImpl.java:789)
	at java.util.concurrent.CompletableFuture$AsyncSupply.run(CompletableFuture.java:1604)
	at java.util.concurrent.ThreadPoolExecutor.runWorker(ThreadPoolExecutor.java:1149)
	at java.util.concurrent.ThreadPoolExecutor$Worker.run(ThreadPoolExecutor.java:624)
	... 1 more
2022-07-22 17:39:23,687 [Thread-6284] WARN  server.GrpcServerProtocolService (LogUtils.java:warn(124)) - s1: Failed APPEND_ENTRIES request s2->s1#2416-t2,previous=(t:2, i:30),leaderCommit=23,initializing? true,entries: size=1, first=(t:2, i:31), STATEMACHINELOGENTRY, 393@client-FBF4FAB27C9F
java.util.concurrent.CompletionException: org.apache.ratis.server.raftlog.RaftLogIOException: Log already failed at index 24 for task WriteLog:24: (t:2, i:24), STATEMACHINELOGENTRY, StateMachineLogEntryProto:393@client-FBF4FAB27C9F
	at java.util.concurrent.CompletableFuture.encodeThrowable(CompletableFuture.java:292)
	at java.util.concurrent.CompletableFuture.completeThrowable(CompletableFuture.java:308)
	at java.util.concurrent.CompletableFuture.biRelay(CompletableFuture.java:1298)
	at java.util.concurrent.CompletableFuture$BiRelay.tryFire(CompletableFuture.java:1284)
	at java.util.concurrent.CompletableFuture.postComplete(CompletableFuture.java:488)
	at java.util.concurrent.CompletableFuture.completeExceptionally(CompletableFuture.java:1990)
	at org.apache.ratis.server.raftlog.segmented.SegmentedRaftLog$Task.failed(SegmentedRaftLog.java:104)
	at org.apache.ratis.server.raftlog.segmented.SegmentedRaftLogWorker$WriteLog.failed(SegmentedRaftLogWorker.java:513)
	at org.apache.ratis.server.raftlog.segmented.SegmentedRaftLogWorker.run(SegmentedRaftLogWorker.java:319)
	at java.lang.Thread.run(Thread.java:750)
Caused by: org.apache.ratis.server.raftlog.RaftLogIOException: Log already failed at index 24 for task WriteLog:24: (t:2, i:24), STATEMACHINELOGENTRY, StateMachineLogEntryProto:393@client-FBF4FAB27C9F
	at org.apache.ratis.server.raftlog.segmented.SegmentedRaftLogWorker.run(SegmentedRaftLogWorker.java:322)
	... 1 more
Caused by: java.io.IOException: java.lang.IllegalStateException: Null stream: entry=term: 2
index: 24
stateMachineLogEntry {
  type: DATASTREAM
  clientId: "\306\t\306\331\034\365J1\232`\373\364\372\262|\237"
  callId: 393
}

	at org.apache.ratis.util.IOUtils.asIOException(IOUtils.java:56)
	at org.apache.ratis.util.IOUtils.toIOException(IOUtils.java:61)
	at org.apache.ratis.util.IOUtils.getFromFuture(IOUtils.java:85)
	at org.apache.ratis.server.raftlog.segmented.SegmentedRaftLogWorker$StateMachineDataPolicy.getFromFuture(SegmentedRaftLogWorker.java:89)
	at org.apache.ratis.server.raftlog.segmented.SegmentedRaftLogWorker$WriteLog.execute(SegmentedRaftLogWorker.java:534)
	at org.apache.ratis.server.raftlog.segmented.SegmentedRaftLogWorker.run(SegmentedRaftLogWorker.java:310)
	... 1 more
Caused by: java.lang.IllegalStateException: Null stream: entry=term: 2
index: 24
stateMachineLogEntry {
  type: DATASTREAM
  clientId: "\306\t\306\331\034\365J1\232`\373\364\372\262|\237"
  callId: 393
}

	at org.apache.ratis.datastream.DataStreamTestUtils$MultiDataStreamStateMachine.link(DataStreamTestUtils.java:159)
	at org.apache.ratis.server.raftlog.segmented.SegmentedRaftLogWorker$WriteLog.<init>(SegmentedRaftLogWorker.java:491)
	at org.apache.ratis.server.raftlog.segmented.SegmentedRaftLogWorker.writeLogEntry(SegmentedRaftLogWorker.java:437)
	at org.apache.ratis.server.raftlog.segmented.SegmentedRaftLog.appendEntryImpl(SegmentedRaftLog.java:408)
	at org.apache.ratis.server.raftlog.RaftLogBase.lambda$appendEntry$10(RaftLogBase.java:323)
	at org.apache.ratis.server.raftlog.RaftLogSequentialOps$Runner.runSequentially(RaftLogSequentialOps.java:77)
	at org.apache.ratis.server.raftlog.RaftLogBase.appendEntry(RaftLogBase.java:323)
	at org.apache.ratis.server.raftlog.segmented.SegmentedRaftLog.appendImpl(SegmentedRaftLog.java:457)
	at org.apache.ratis.server.raftlog.RaftLogBase.lambda$append$11(RaftLogBase.java:330)
	at org.apache.ratis.server.raftlog.RaftLogSequentialOps$Runner.runSequentially(RaftLogSequentialOps.java:68)
	at org.apache.ratis.server.raftlog.RaftLogBase.append(RaftLogBase.java:330)
	at org.apache.ratis.server.impl.RaftServerImpl.appendEntriesAsync(RaftServerImpl.java:1404)
	at org.apache.ratis.server.impl.RaftServerImpl.appendEntriesAsync(RaftServerImpl.java:1290)
	at org.apache.ratis.server.impl.RaftServerProxy.lambda$null$25(RaftServerProxy.java:622)
	at org.apache.ratis.util.JavaUtils.callAsUnchecked(JavaUtils.java:115)
	at org.apache.ratis.server.impl.RaftServerImpl.lambda$executeSubmitServerRequestAsync$11(RaftServerImpl.java:789)
	at java.util.concurrent.CompletableFuture$AsyncSupply.run(CompletableFuture.java:1604)
	at java.util.concurrent.ThreadPoolExecutor.runWorker(ThreadPoolExecutor.java:1149)
	at java.util.concurrent.ThreadPoolExecutor$Worker.run(ThreadPoolExecutor.java:624)
	... 1 more
2022-07-22 17:39:23,688 [grpc-default-executor-16] WARN  server.GrpcLogAppender (LogUtils.java:warn(124)) - s2@group-6B63ABD76F1E->s0-AppendLogResponseHandler: Failed appendEntries
org.apache.ratis.server.raftlog.RaftLogIOException: Log already failed at index 24 for task WriteLog:24: (t:2, i:24), STATEMACHINELOGENTRY, StateMachineLogEntryProto:393@client-FBF4FAB27C9F
	at org.apache.ratis.server.raftlog.segmented.SegmentedRaftLogWorker.run(SegmentedRaftLogWorker.java:322)
	at java.lang.Thread.run(Thread.java:750)
Caused by: java.io.IOException: java.lang.IllegalStateException: Null stream: entry=term: 2
index: 24
stateMachineLogEntry {
  type: DATASTREAM
  clientId: "\306\t\306\331\034\365J1\232`\373\364\372\262|\237"
  callId: 393
}

	at org.apache.ratis.util.IOUtils.asIOException(IOUtils.java:56)
	at org.apache.ratis.util.IOUtils.toIOException(IOUtils.java:61)
	at org.apache.ratis.util.IOUtils.getFromFuture(IOUtils.java:85)
	at org.apache.ratis.server.raftlog.segmented.SegmentedRaftLogWorker$StateMachineDataPolicy.getFromFuture(SegmentedRaftLogWorker.java:89)
	at org.apache.ratis.server.raftlog.segmented.SegmentedRaftLogWorker$WriteLog.execute(SegmentedRaftLogWorker.java:534)
	at org.apache.ratis.server.raftlog.segmented.SegmentedRaftLogWorker.run(SegmentedRaftLogWorker.java:310)
	... 1 more
Caused by: java.lang.IllegalStateException: Null stream: entry=term: 2
index: 24
stateMachineLogEntry {
  type: DATASTREAM
  clientId: "\306\t\306\331\034\365J1\232`\373\364\372\262|\237"
  callId: 393
}

	at org.apache.ratis.datastream.DataStreamTestUtils$MultiDataStreamStateMachine.link(DataStreamTestUtils.java:159)
	at org.apache.ratis.server.raftlog.segmented.SegmentedRaftLogWorker$WriteLog.<init>(SegmentedRaftLogWorker.java:491)
	at org.apache.ratis.server.raftlog.segmented.SegmentedRaftLogWorker.writeLogEntry(SegmentedRaftLogWorker.java:437)
	at org.apache.ratis.server.raftlog.segmented.SegmentedRaftLog.appendEntryImpl(SegmentedRaftLog.java:408)
	at org.apache.ratis.server.raftlog.RaftLogBase.lambda$appendEntry$10(RaftLogBase.java:323)
	at org.apache.ratis.server.raftlog.RaftLogSequentialOps$Runner.runSequentially(RaftLogSequentialOps.java:77)
	at org.apache.ratis.server.raftlog.RaftLogBase.appendEntry(RaftLogBase.java:323)
	at org.apache.ratis.server.raftlog.segmented.SegmentedRaftLog.appendImpl(SegmentedRaftLog.java:457)
	at org.apache.ratis.server.raftlog.RaftLogBase.lambda$append$11(RaftLogBase.java:330)
	at org.apache.ratis.server.raftlog.RaftLogSequentialOps$Runner.runSequentially(RaftLogSequentialOps.java:68)
	at org.apache.ratis.server.raftlog.RaftLogBase.append(RaftLogBase.java:330)
	at org.apache.ratis.server.impl.RaftServerImpl.appendEntriesAsync(RaftServerImpl.java:1404)
	at org.apache.ratis.server.impl.RaftServerImpl.appendEntriesAsync(RaftServerImpl.java:1290)
	at org.apache.ratis.server.impl.RaftServerProxy.lambda$null$25(RaftServerProxy.java:622)
	at org.apache.ratis.util.JavaUtils.callAsUnchecked(JavaUtils.java:115)
	at org.apache.ratis.server.impl.RaftServerImpl.lambda$executeSubmitServerRequestAsync$11(RaftServerImpl.java:789)
	at java.util.concurrent.CompletableFuture$AsyncSupply.run(CompletableFuture.java:1604)
	at java.util.concurrent.ThreadPoolExecutor.runWorker(ThreadPoolExecutor.java:1149)
	at java.util.concurrent.ThreadPoolExecutor$Worker.run(ThreadPoolExecutor.java:624)
	... 1 more
2022-07-22 17:39:23,691 [grpc-default-executor-16] INFO  leader.FollowerInfo (FollowerInfoImpl.java:lambda$new$0(48)) - s2@group-6B63ABD76F1E->s0: nextIndex: updateUnconditionally 32 -> 31
2022-07-22 17:39:23,696 [grpc-default-executor-16] WARN  server.GrpcLogAppender (LogUtils.java:warn(124)) - s2@group-6B63ABD76F1E->s1-AppendLogResponseHandler: Failed appendEntries
org.apache.ratis.server.raftlog.RaftLogIOException: Log already failed at index 24 for task WriteLog:24: (t:2, i:24), STATEMACHINELOGENTRY, StateMachineLogEntryProto:393@client-FBF4FAB27C9F
	at org.apache.ratis.server.raftlog.segmented.SegmentedRaftLogWorker.run(SegmentedRaftLogWorker.java:322)
	at java.lang.Thread.run(Thread.java:750)
Caused by: java.io.IOException: java.lang.IllegalStateException: Null stream: entry=term: 2
index: 24
stateMachineLogEntry {
  type: DATASTREAM
  clientId: "\306\t\306\331\034\365J1\232`\373\364\372\262|\237"
  callId: 393
}

	at org.apache.ratis.util.IOUtils.asIOException(IOUtils.java:56)
	at org.apache.ratis.util.IOUtils.toIOException(IOUtils.java:61)
	at org.apache.ratis.util.IOUtils.getFromFuture(IOUtils.java:85)
	at org.apache.ratis.server.raftlog.segmented.SegmentedRaftLogWorker$StateMachineDataPolicy.getFromFuture(SegmentedRaftLogWorker.java:89)
	at org.apache.ratis.server.raftlog.segmented.SegmentedRaftLogWorker$WriteLog.execute(SegmentedRaftLogWorker.java:534)
	at org.apache.ratis.server.raftlog.segmented.SegmentedRaftLogWorker.run(SegmentedRaftLogWorker.java:310)
	... 1 more
Caused by: java.lang.IllegalStateException: Null stream: entry=term: 2
index: 24
stateMachineLogEntry {
  type: DATASTREAM
  clientId: "\306\t\306\331\034\365J1\232`\373\364\372\262|\237"
  callId: 393
}

	at org.apache.ratis.datastream.DataStreamTestUtils$MultiDataStreamStateMachine.link(DataStreamTestUtils.java:159)
	at org.apache.ratis.server.raftlog.segmented.SegmentedRaftLogWorker$WriteLog.<init>(SegmentedRaftLogWorker.java:491)
	at org.apache.ratis.server.raftlog.segmented.SegmentedRaftLogWorker.writeLogEntry(SegmentedRaftLogWorker.java:437)
	at org.apache.ratis.server.raftlog.segmented.SegmentedRaftLog.appendEntryImpl(SegmentedRaftLog.java:408)
	at org.apache.ratis.server.raftlog.RaftLogBase.lambda$appendEntry$10(RaftLogBase.java:323)
	at org.apache.ratis.server.raftlog.RaftLogSequentialOps$Runner.runSequentially(RaftLogSequentialOps.java:77)
	at org.apache.ratis.server.raftlog.RaftLogBase.appendEntry(RaftLogBase.java:323)
	at org.apache.ratis.server.raftlog.segmented.SegmentedRaftLog.appendImpl(SegmentedRaftLog.java:457)
	at org.apache.ratis.server.raftlog.RaftLogBase.lambda$append$11(RaftLogBase.java:330)
	at org.apache.ratis.server.raftlog.RaftLogSequentialOps$Runner.runSequentially(RaftLogSequentialOps.java:68)
	at org.apache.ratis.server.raftlog.RaftLogBase.append(RaftLogBase.java:330)
	at org.apache.ratis.server.impl.RaftServerImpl.appendEntriesAsync(RaftServerImpl.java:1404)
	at org.apache.ratis.server.impl.RaftServerImpl.appendEntriesAsync(RaftServerImpl.java:1290)
	at org.apache.ratis.server.impl.RaftServerProxy.lambda$null$25(RaftServerProxy.java:622)
	at org.apache.ratis.util.JavaUtils.callAsUnchecked(JavaUtils.java:115)
	at org.apache.ratis.server.impl.RaftServerImpl.lambda$executeSubmitServerRequestAsync$11(RaftServerImpl.java:789)
	at java.util.concurrent.CompletableFuture$AsyncSupply.run(CompletableFuture.java:1604)
	at java.util.concurrent.ThreadPoolExecutor.runWorker(ThreadPoolExecutor.java:1149)
	at java.util.concurrent.ThreadPoolExecutor$Worker.run(ThreadPoolExecutor.java:624)
	... 1 more
2022-07-22 17:39:23,696 [grpc-default-executor-16] INFO  leader.FollowerInfo (FollowerInfoImpl.java:lambda$new$0(48)) - s2@group-6B63ABD76F1E->s1: nextIndex: updateUnconditionally 32 -> 31
2022-07-22 17:39:25,559 [java.util.concurrent.ThreadPoolExecutor$Worker@4c54cb07[State = -1, empty queue]] WARN  grpc.GrpcUtil (GrpcUtil.java:shutdownManagedChannel(216)) - Timed out gracefully shutting down connection: ManagedChannelOrphanWrapper{delegate=ManagedChannelImpl{logId=1111, target=localhost:45257}}. 
2022-07-22 17:39:25,678 [s2-client-thread1] INFO  statemachine.StateMachine (DataStreamTestUtils.java:link(157)) - link null
2022-07-22 17:39:25,679 [s1-server-thread2] INFO  statemachine.StateMachine (DataStreamTestUtils.java:link(157)) - link null
2022-07-22 17:39:25,679 [s0-server-thread3] INFO  statemachine.StateMachine (DataStreamTestUtils.java:link(157)) - link null
2022-07-22 17:39:25,682 [Thread-6339] WARN  server.GrpcServerProtocolService (LogUtils.java:warn(124)) - s0: Failed APPEND_ENTRIES request s2->s0#2442-t2,previous=(t:2, i:31),leaderCommit=23,initializing? true,entries: size=1, first=(t:2, i:32), STATEMACHINELOGENTRY, 377@client-41101BD33753
java.util.concurrent.CompletionException: org.apache.ratis.server.raftlog.RaftLogIOException: Log already failed at index 24 for task WriteLog:24: (t:2, i:24), STATEMACHINELOGENTRY, StateMachineLogEntryProto:393@client-FBF4FAB27C9F
	at java.util.concurrent.CompletableFuture.encodeThrowable(CompletableFuture.java:292)
	at java.util.concurrent.CompletableFuture.completeThrowable(CompletableFuture.java:308)
	at java.util.concurrent.CompletableFuture.biRelay(CompletableFuture.java:1298)
	at java.util.concurrent.CompletableFuture$BiRelay.tryFire(CompletableFuture.java:1284)
	at java.util.concurrent.CompletableFuture.postComplete(CompletableFuture.java:488)
	at java.util.concurrent.CompletableFuture.completeExceptionally(CompletableFuture.java:1990)
	at org.apache.ratis.server.raftlog.segmented.SegmentedRaftLog$Task.failed(SegmentedRaftLog.java:104)
	at org.apache.ratis.server.raftlog.segmented.SegmentedRaftLogWorker$WriteLog.failed(SegmentedRaftLogWorker.java:513)
	at org.apache.ratis.server.raftlog.segmented.SegmentedRaftLogWorker.run(SegmentedRaftLogWorker.java:319)
	at java.lang.Thread.run(Thread.java:750)
Caused by: org.apache.ratis.server.raftlog.RaftLogIOException: Log already failed at index 24 for task WriteLog:24: (t:2, i:24), STATEMACHINELOGENTRY, StateMachineLogEntryProto:393@client-FBF4FAB27C9F
	at org.apache.ratis.server.raftlog.segmented.SegmentedRaftLogWorker.run(SegmentedRaftLogWorker.java:322)
	... 1 more
Caused by: java.io.IOException: java.lang.IllegalStateException: Null stream: entry=term: 2
index: 24
stateMachineLogEntry {
  type: DATASTREAM
  clientId: "\306\t\306\331\034\365J1\232`\373\364\372\262|\237"
  callId: 393
}

	at org.apache.ratis.util.IOUtils.asIOException(IOUtils.java:56)
	at org.apache.ratis.util.IOUtils.toIOException(IOUtils.java:61)
	at org.apache.ratis.util.IOUtils.getFromFuture(IOUtils.java:85)
	at org.apache.ratis.server.raftlog.segmented.SegmentedRaftLogWorker$StateMachineDataPolicy.getFromFuture(SegmentedRaftLogWorker.java:89)
	at org.apache.ratis.server.raftlog.segmented.SegmentedRaftLogWorker$WriteLog.execute(SegmentedRaftLogWorker.java:534)
	at org.apache.ratis.server.raftlog.segmented.SegmentedRaftLogWorker.run(SegmentedRaftLogWorker.java:310)
	... 1 more
Caused by: java.lang.IllegalStateException: Null stream: entry=term: 2
index: 24
stateMachineLogEntry {
  type: DATASTREAM
  clientId: "\306\t\306\331\034\365J1\232`\373\364\372\262|\237"
  callId: 393
}

	at org.apache.ratis.datastream.DataStreamTestUtils$MultiDataStreamStateMachine.link(DataStreamTestUtils.java:159)
	at org.apache.ratis.server.raftlog.segmented.SegmentedRaftLogWorker$WriteLog.<init>(SegmentedRaftLogWorker.java:491)
	at org.apache.ratis.server.raftlog.segmented.SegmentedRaftLogWorker.writeLogEntry(SegmentedRaftLogWorker.java:437)
	at org.apache.ratis.server.raftlog.segmented.SegmentedRaftLog.appendEntryImpl(SegmentedRaftLog.java:408)
	at org.apache.ratis.server.raftlog.RaftLogBase.lambda$appendEntry$10(RaftLogBase.java:323)
	at org.apache.ratis.server.raftlog.RaftLogSequentialOps$Runner.runSequentially(RaftLogSequentialOps.java:77)
	at org.apache.ratis.server.raftlog.RaftLogBase.appendEntry(RaftLogBase.java:323)
	at org.apache.ratis.server.raftlog.segmented.SegmentedRaftLog.appendImpl(SegmentedRaftLog.java:457)
	at org.apache.ratis.server.raftlog.RaftLogBase.lambda$append$11(RaftLogBase.java:330)
	at org.apache.ratis.server.raftlog.RaftLogSequentialOps$Runner.runSequentially(RaftLogSequentialOps.java:68)
	at org.apache.ratis.server.raftlog.RaftLogBase.append(RaftLogBase.java:330)
	at org.apache.ratis.server.impl.RaftServerImpl.appendEntriesAsync(RaftServerImpl.java:1404)
	at org.apache.ratis.server.impl.RaftServerImpl.appendEntriesAsync(RaftServerImpl.java:1290)
	at org.apache.ratis.server.impl.RaftServerProxy.lambda$null$25(RaftServerProxy.java:622)
	at org.apache.ratis.util.JavaUtils.callAsUnchecked(JavaUtils.java:115)
	at org.apache.ratis.server.impl.RaftServerImpl.lambda$executeSubmitServerRequestAsync$11(RaftServerImpl.java:789)
	at java.util.concurrent.CompletableFuture$AsyncSupply.run(CompletableFuture.java:1604)
	at java.util.concurrent.ThreadPoolExecutor.runWorker(ThreadPoolExecutor.java:1149)
	at java.util.concurrent.ThreadPoolExecutor$Worker.run(ThreadPoolExecutor.java:624)
	... 1 more
2022-07-22 17:39:25,682 [Thread-6340] WARN  server.GrpcServerProtocolService (LogUtils.java:warn(124)) - s1: Failed APPEND_ENTRIES request s2->s1#2443-t2,previous=(t:2, i:31),leaderCommit=23,initializing? true,entries: size=1, first=(t:2, i:32), STATEMACHINELOGENTRY, 377@client-41101BD33753
java.util.concurrent.CompletionException: org.apache.ratis.server.raftlog.RaftLogIOException: Log already failed at index 24 for task WriteLog:24: (t:2, i:24), STATEMACHINELOGENTRY, StateMachineLogEntryProto:393@client-FBF4FAB27C9F
	at java.util.concurrent.CompletableFuture.encodeThrowable(CompletableFuture.java:292)
	at java.util.concurrent.CompletableFuture.completeThrowable(CompletableFuture.java:308)
	at java.util.concurrent.CompletableFuture.biRelay(CompletableFuture.java:1298)
	at java.util.concurrent.CompletableFuture$BiRelay.tryFire(CompletableFuture.java:1284)
	at java.util.concurrent.CompletableFuture.postComplete(CompletableFuture.java:488)
	at java.util.concurrent.CompletableFuture.completeExceptionally(CompletableFuture.java:1990)
	at org.apache.ratis.server.raftlog.segmented.SegmentedRaftLog$Task.failed(SegmentedRaftLog.java:104)
	at org.apache.ratis.server.raftlog.segmented.SegmentedRaftLogWorker$WriteLog.failed(SegmentedRaftLogWorker.java:513)
	at org.apache.ratis.server.raftlog.segmented.SegmentedRaftLogWorker.run(SegmentedRaftLogWorker.java:319)
	at java.lang.Thread.run(Thread.java:750)
Caused by: org.apache.ratis.server.raftlog.RaftLogIOException: Log already failed at index 24 for task WriteLog:24: (t:2, i:24), STATEMACHINELOGENTRY, StateMachineLogEntryProto:393@client-FBF4FAB27C9F
	at org.apache.ratis.server.raftlog.segmented.SegmentedRaftLogWorker.run(SegmentedRaftLogWorker.java:322)
	... 1 more
Caused by: java.io.IOException: java.lang.IllegalStateException: Null stream: entry=term: 2
index: 24
stateMachineLogEntry {
  type: DATASTREAM
  clientId: "\306\t\306\331\034\365J1\232`\373\364\372\262|\237"
  callId: 393
}

	at org.apache.ratis.util.IOUtils.asIOException(IOUtils.java:56)
	at org.apache.ratis.util.IOUtils.toIOException(IOUtils.java:61)
	at org.apache.ratis.util.IOUtils.getFromFuture(IOUtils.java:85)
	at org.apache.ratis.server.raftlog.segmented.SegmentedRaftLogWorker$StateMachineDataPolicy.getFromFuture(SegmentedRaftLogWorker.java:89)
	at org.apache.ratis.server.raftlog.segmented.SegmentedRaftLogWorker$WriteLog.execute(SegmentedRaftLogWorker.java:534)
	at org.apache.ratis.server.raftlog.segmented.SegmentedRaftLogWorker.run(SegmentedRaftLogWorker.java:310)
	... 1 more
Caused by: java.lang.IllegalStateException: Null stream: entry=term: 2
index: 24
stateMachineLogEntry {
  type: DATASTREAM
  clientId: "\306\t\306\331\034\365J1\232`\373\364\372\262|\237"
  callId: 393
}

	at org.apache.ratis.datastream.DataStreamTestUtils$MultiDataStreamStateMachine.link(DataStreamTestUtils.java:159)
	at org.apache.ratis.server.raftlog.segmented.SegmentedRaftLogWorker$WriteLog.<init>(SegmentedRaftLogWorker.java:491)
	at org.apache.ratis.server.raftlog.segmented.SegmentedRaftLogWorker.writeLogEntry(SegmentedRaftLogWorker.java:437)
	at org.apache.ratis.server.raftlog.segmented.SegmentedRaftLog.appendEntryImpl(SegmentedRaftLog.java:408)
	at org.apache.ratis.server.raftlog.RaftLogBase.lambda$appendEntry$10(RaftLogBase.java:323)
	at org.apache.ratis.server.raftlog.RaftLogSequentialOps$Runner.runSequentially(RaftLogSequentialOps.java:77)
	at org.apache.ratis.server.raftlog.RaftLogBase.appendEntry(RaftLogBase.java:323)
	at org.apache.ratis.server.raftlog.segmented.SegmentedRaftLog.appendImpl(SegmentedRaftLog.java:457)
	at org.apache.ratis.server.raftlog.RaftLogBase.lambda$append$11(RaftLogBase.java:330)
	at org.apache.ratis.server.raftlog.RaftLogSequentialOps$Runner.runSequentially(RaftLogSequentialOps.java:68)
	at org.apache.ratis.server.raftlog.RaftLogBase.append(RaftLogBase.java:330)
	at org.apache.ratis.server.impl.RaftServerImpl.appendEntriesAsync(RaftServerImpl.java:1404)
	at org.apache.ratis.server.impl.RaftServerImpl.appendEntriesAsync(RaftServerImpl.java:1290)
	at org.apache.ratis.server.impl.RaftServerProxy.lambda$null$25(RaftServerProxy.java:622)
	at org.apache.ratis.util.JavaUtils.callAsUnchecked(JavaUtils.java:115)
	at org.apache.ratis.server.impl.RaftServerImpl.lambda$executeSubmitServerRequestAsync$11(RaftServerImpl.java:789)
	at java.util.concurrent.CompletableFuture$AsyncSupply.run(CompletableFuture.java:1604)
	at java.util.concurrent.ThreadPoolExecutor.runWorker(ThreadPoolExecutor.java:1149)
	at java.util.concurrent.ThreadPoolExecutor$Worker.run(ThreadPoolExecutor.java:624)
	... 1 more
2022-07-22 17:39:25,686 [grpc-default-executor-0] WARN  server.GrpcLogAppender (LogUtils.java:warn(124)) - s2@group-6B63ABD76F1E->s0-AppendLogResponseHandler: Failed appendEntries
org.apache.ratis.server.raftlog.RaftLogIOException: Log already failed at index 24 for task WriteLog:24: (t:2, i:24), STATEMACHINELOGENTRY, StateMachineLogEntryProto:393@client-FBF4FAB27C9F
	at org.apache.ratis.server.raftlog.segmented.SegmentedRaftLogWorker.run(SegmentedRaftLogWorker.java:322)
	at java.lang.Thread.run(Thread.java:750)
Caused by: java.io.IOException: java.lang.IllegalStateException: Null stream: entry=term: 2
index: 24
stateMachineLogEntry {
  type: DATASTREAM
  clientId: "\306\t\306\331\034\365J1\232`\373\364\372\262|\237"
  callId: 393
}

	at org.apache.ratis.util.IOUtils.asIOException(IOUtils.java:56)
	at org.apache.ratis.util.IOUtils.toIOException(IOUtils.java:61)
	at org.apache.ratis.util.IOUtils.getFromFuture(IOUtils.java:85)
	at org.apache.ratis.server.raftlog.segmented.SegmentedRaftLogWorker$StateMachineDataPolicy.getFromFuture(SegmentedRaftLogWorker.java:89)
	at org.apache.ratis.server.raftlog.segmented.SegmentedRaftLogWorker$WriteLog.execute(SegmentedRaftLogWorker.java:534)
	at org.apache.ratis.server.raftlog.segmented.SegmentedRaftLogWorker.run(SegmentedRaftLogWorker.java:310)
	... 1 more
Caused by: java.lang.IllegalStateException: Null stream: entry=term: 2
index: 24
stateMachineLogEntry {
  type: DATASTREAM
  clientId: "\306\t\306\331\034\365J1\232`\373\364\372\262|\237"
  callId: 393
}

	at org.apache.ratis.datastream.DataStreamTestUtils$MultiDataStreamStateMachine.link(DataStreamTestUtils.java:159)
	at org.apache.ratis.server.raftlog.segmented.SegmentedRaftLogWorker$WriteLog.<init>(SegmentedRaftLogWorker.java:491)
	at org.apache.ratis.server.raftlog.segmented.SegmentedRaftLogWorker.writeLogEntry(SegmentedRaftLogWorker.java:437)
	at org.apache.ratis.server.raftlog.segmented.SegmentedRaftLog.appendEntryImpl(SegmentedRaftLog.java:408)
	at org.apache.ratis.server.raftlog.RaftLogBase.lambda$appendEntry$10(RaftLogBase.java:323)
	at org.apache.ratis.server.raftlog.RaftLogSequentialOps$Runner.runSequentially(RaftLogSequentialOps.java:77)
	at org.apache.ratis.server.raftlog.RaftLogBase.appendEntry(RaftLogBase.java:323)
	at org.apache.ratis.server.raftlog.segmented.SegmentedRaftLog.appendImpl(SegmentedRaftLog.java:457)
	at org.apache.ratis.server.raftlog.RaftLogBase.lambda$append$11(RaftLogBase.java:330)
	at org.apache.ratis.server.raftlog.RaftLogSequentialOps$Runner.runSequentially(RaftLogSequentialOps.java:68)
	at org.apache.ratis.server.raftlog.RaftLogBase.append(RaftLogBase.java:330)
	at org.apache.ratis.server.impl.RaftServerImpl.appendEntriesAsync(RaftServerImpl.java:1404)
	at org.apache.ratis.server.impl.RaftServerImpl.appendEntriesAsync(RaftServerImpl.java:1290)
	at org.apache.ratis.server.impl.RaftServerProxy.lambda$null$25(RaftServerProxy.java:622)
	at org.apache.ratis.util.JavaUtils.callAsUnchecked(JavaUtils.java:115)
	at org.apache.ratis.server.impl.RaftServerImpl.lambda$executeSubmitServerRequestAsync$11(RaftServerImpl.java:789)
	at java.util.concurrent.CompletableFuture$AsyncSupply.run(CompletableFuture.java:1604)
	at java.util.concurrent.ThreadPoolExecutor.runWorker(ThreadPoolExecutor.java:1149)
	at java.util.concurrent.ThreadPoolExecutor$Worker.run(ThreadPoolExecutor.java:624)
	... 1 more
2022-07-22 17:39:25,686 [grpc-default-executor-0] INFO  leader.FollowerInfo (FollowerInfoImpl.java:lambda$new$0(48)) - s2@group-6B63ABD76F1E->s0: nextIndex: updateUnconditionally 33 -> 32
2022-07-22 17:39:25,693 [grpc-default-executor-16] WARN  server.GrpcLogAppender (LogUtils.java:warn(124)) - s2@group-6B63ABD76F1E->s1-AppendLogResponseHandler: Failed appendEntries
org.apache.ratis.server.raftlog.RaftLogIOException: Log already failed at index 24 for task WriteLog:24: (t:2, i:24), STATEMACHINELOGENTRY, StateMachineLogEntryProto:393@client-FBF4FAB27C9F
	at org.apache.ratis.server.raftlog.segmented.SegmentedRaftLogWorker.run(SegmentedRaftLogWorker.java:322)
	at java.lang.Thread.run(Thread.java:750)
Caused by: java.io.IOException: java.lang.IllegalStateException: Null stream: entry=term: 2
index: 24
stateMachineLogEntry {
  type: DATASTREAM
  clientId: "\306\t\306\331\034\365J1\232`\373\364\372\262|\237"
  callId: 393
}

	at org.apache.ratis.util.IOUtils.asIOException(IOUtils.java:56)
	at org.apache.ratis.util.IOUtils.toIOException(IOUtils.java:61)
	at org.apache.ratis.util.IOUtils.getFromFuture(IOUtils.java:85)
	at org.apache.ratis.server.raftlog.segmented.SegmentedRaftLogWorker$StateMachineDataPolicy.getFromFuture(SegmentedRaftLogWorker.java:89)
	at org.apache.ratis.server.raftlog.segmented.SegmentedRaftLogWorker$WriteLog.execute(SegmentedRaftLogWorker.java:534)
	at org.apache.ratis.server.raftlog.segmented.SegmentedRaftLogWorker.run(SegmentedRaftLogWorker.java:310)
	... 1 more
Caused by: java.lang.IllegalStateException: Null stream: entry=term: 2
index: 24
stateMachineLogEntry {
  type: DATASTREAM
  clientId: "\306\t\306\331\034\365J1\232`\373\364\372\262|\237"
  callId: 393
}

	at org.apache.ratis.datastream.DataStreamTestUtils$MultiDataStreamStateMachine.link(DataStreamTestUtils.java:159)
	at org.apache.ratis.server.raftlog.segmented.SegmentedRaftLogWorker$WriteLog.<init>(SegmentedRaftLogWorker.java:491)
	at org.apache.ratis.server.raftlog.segmented.SegmentedRaftLogWorker.writeLogEntry(SegmentedRaftLogWorker.java:437)
	at org.apache.ratis.server.raftlog.segmented.SegmentedRaftLog.appendEntryImpl(SegmentedRaftLog.java:408)
	at org.apache.ratis.server.raftlog.RaftLogBase.lambda$appendEntry$10(RaftLogBase.java:323)
	at org.apache.ratis.server.raftlog.RaftLogSequentialOps$Runner.runSequentially(RaftLogSequentialOps.java:77)
	at org.apache.ratis.server.raftlog.RaftLogBase.appendEntry(RaftLogBase.java:323)
	at org.apache.ratis.server.raftlog.segmented.SegmentedRaftLog.appendImpl(SegmentedRaftLog.java:457)
	at org.apache.ratis.server.raftlog.RaftLogBase.lambda$append$11(RaftLogBase.java:330)
	at org.apache.ratis.server.raftlog.RaftLogSequentialOps$Runner.runSequentially(RaftLogSequentialOps.java:68)
	at org.apache.ratis.server.raftlog.RaftLogBase.append(RaftLogBase.java:330)
	at org.apache.ratis.server.impl.RaftServerImpl.appendEntriesAsync(RaftServerImpl.java:1404)
	at org.apache.ratis.server.impl.RaftServerImpl.appendEntriesAsync(RaftServerImpl.java:1290)
	at org.apache.ratis.server.impl.RaftServerProxy.lambda$null$25(RaftServerProxy.java:622)
	at org.apache.ratis.util.JavaUtils.callAsUnchecked(JavaUtils.java:115)
	at org.apache.ratis.server.impl.RaftServerImpl.lambda$executeSubmitServerRequestAsync$11(RaftServerImpl.java:789)
	at java.util.concurrent.CompletableFuture$AsyncSupply.run(CompletableFuture.java:1604)
	at java.util.concurrent.ThreadPoolExecutor.runWorker(ThreadPoolExecutor.java:1149)
	at java.util.concurrent.ThreadPoolExecutor$Worker.run(ThreadPoolExecutor.java:624)
	... 1 more
2022-07-22 17:39:25,693 [grpc-default-executor-16] INFO  leader.FollowerInfo (FollowerInfoImpl.java:lambda$new$0(48)) - s2@group-6B63ABD76F1E->s1: nextIndex: updateUnconditionally 33 -> 32
2022-07-22 17:39:26,216 [Timer-2] INFO  impl.MiniRaftCluster (MiniRaftCluster.java:lambda$null$5(315)) - TIMED-PRINT: printing ALL groups
  s0:  RUNNING  FOLLOWER s0@group-6B63ABD76F1E:t2, leader=s2, voted=s2, raftlog=Memoized:s0@group-6B63ABD76F1E-SegmentedRaftLog:OPENED:c23, conf=22: peers:[s0|rpc:localhost:45007|admin:localhost:46801|client:localhost:44465|dataStream:localhost:37487|priority:0|startupRole:FOLLOWER, s1|rpc:localhost:46271|admin:localhost:33567|client:localhost:41473|dataStream:localhost:32893|priority:0|startupRole:FOLLOWER, s2|rpc:localhost:38411|admin:localhost:35847|client:localhost:45257|dataStream:localhost:33781|priority:0|startupRole:FOLLOWER]|listeners:[], old=null RUNNING
  s1:  RUNNING  FOLLOWER s1@group-6B63ABD76F1E:t2, leader=s2, voted=s2, raftlog=Memoized:s1@group-6B63ABD76F1E-SegmentedRaftLog:OPENED:c23, conf=22: peers:[s0|rpc:localhost:45007|admin:localhost:46801|client:localhost:44465|dataStream:localhost:37487|priority:0|startupRole:FOLLOWER, s1|rpc:localhost:46271|admin:localhost:33567|client:localhost:41473|dataStream:localhost:32893|priority:0|startupRole:FOLLOWER, s2|rpc:localhost:38411|admin:localhost:35847|client:localhost:45257|dataStream:localhost:33781|priority:0|startupRole:FOLLOWER]|listeners:[], old=null RUNNING
  s2:  RUNNING    LEADER s2@group-6B63ABD76F1E:t2, leader=s2, voted=s2, raftlog=Memoized:s2@group-6B63ABD76F1E-SegmentedRaftLog:OPENED:c23, conf=22: peers:[s0|rpc:localhost:45007|admin:localhost:46801|client:localhost:44465|dataStream:localhost:37487|priority:0|startupRole:FOLLOWER, s1|rpc:localhost:46271|admin:localhost:33567|client:localhost:41473|dataStream:localhost:32893|priority:0|startupRole:FOLLOWER, s2|rpc:localhost:38411|admin:localhost:35847|client:localhost:45257|dataStream:localhost:33781|priority:0|startupRole:FOLLOWER]|listeners:[], old=null RUNNING
2022-07-22 17:39:29,680 [java.util.concurrent.ThreadPoolExecutor$Worker@14ce9cfd[State = -1, empty queue]] WARN  grpc.GrpcUtil (GrpcUtil.java:shutdownManagedChannel(216)) - Timed out gracefully shutting down connection: ManagedChannelOrphanWrapper{delegate=ManagedChannelImpl{logId=1125, target=localhost:45257}}. 
2022-07-22 17:39:31,677 [java.util.concurrent.ThreadPoolExecutor$Worker@5e9814d9[State = -1, empty queue]] WARN  grpc.GrpcUtil (GrpcUtil.java:shutdownManagedChannel(216)) - Timed out gracefully shutting down connection: ManagedChannelOrphanWrapper{delegate=ManagedChannelImpl{logId=1139, target=localhost:45257}}. 
2022-07-22 17:39:35,794 [java.util.concurrent.ThreadPoolExecutor$Worker@5e932769[State = -1, empty queue]] WARN  grpc.GrpcUtil (GrpcUtil.java:shutdownManagedChannel(216)) - Timed out gracefully shutting down connection: ManagedChannelOrphanWrapper{delegate=ManagedChannelImpl{logId=1153, target=localhost:45257}}. 
2022-07-22 17:39:36,216 [Timer-2] INFO  impl.MiniRaftCluster (MiniRaftCluster.java:lambda$null$5(315)) - TIMED-PRINT: printing ALL groups
  s0:  RUNNING  FOLLOWER s0@group-6B63ABD76F1E:t2, leader=s2, voted=s2, raftlog=Memoized:s0@group-6B63ABD76F1E-SegmentedRaftLog:OPENED:c23, conf=22: peers:[s0|rpc:localhost:45007|admin:localhost:46801|client:localhost:44465|dataStream:localhost:37487|priority:0|startupRole:FOLLOWER, s1|rpc:localhost:46271|admin:localhost:33567|client:localhost:41473|dataStream:localhost:32893|priority:0|startupRole:FOLLOWER, s2|rpc:localhost:38411|admin:localhost:35847|client:localhost:45257|dataStream:localhost:33781|priority:0|startupRole:FOLLOWER]|listeners:[], old=null RUNNING
  s1:  RUNNING  FOLLOWER s1@group-6B63ABD76F1E:t2, leader=s2, voted=s2, raftlog=Memoized:s1@group-6B63ABD76F1E-SegmentedRaftLog:OPENED:c23, conf=22: peers:[s0|rpc:localhost:45007|admin:localhost:46801|client:localhost:44465|dataStream:localhost:37487|priority:0|startupRole:FOLLOWER, s1|rpc:localhost:46271|admin:localhost:33567|client:localhost:41473|dataStream:localhost:32893|priority:0|startupRole:FOLLOWER, s2|rpc:localhost:38411|admin:localhost:35847|client:localhost:45257|dataStream:localhost:33781|priority:0|startupRole:FOLLOWER]|listeners:[], old=null RUNNING
  s2:  RUNNING    LEADER s2@group-6B63ABD76F1E:t2, leader=s2, voted=s2, raftlog=Memoized:s2@group-6B63ABD76F1E-SegmentedRaftLog:OPENED:c23, conf=22: peers:[s0|rpc:localhost:45007|admin:localhost:46801|client:localhost:44465|dataStream:localhost:37487|priority:0|startupRole:FOLLOWER, s1|rpc:localhost:46271|admin:localhost:33567|client:localhost:41473|dataStream:localhost:32893|priority:0|startupRole:FOLLOWER, s2|rpc:localhost:38411|admin:localhost:35847|client:localhost:45257|dataStream:localhost:33781|priority:0|startupRole:FOLLOWER]|listeners:[], old=null RUNNING
2022-07-22 17:39:37,801 [java.util.concurrent.ThreadPoolExecutor$Worker@37213009[State = -1, empty queue]] WARN  grpc.GrpcUtil (GrpcUtil.java:shutdownManagedChannel(216)) - Timed out gracefully shutting down connection: ManagedChannelOrphanWrapper{delegate=ManagedChannelImpl{logId=1167, target=localhost:45257}}. 
2022-07-22 17:39:41,913 [java.util.concurrent.ThreadPoolExecutor$Worker@62b32857[State = -1, empty queue]] WARN  grpc.GrpcUtil (GrpcUtil.java:shutdownManagedChannel(216)) - Timed out gracefully shutting down connection: ManagedChannelOrphanWrapper{delegate=ManagedChannelImpl{logId=1181, target=localhost:45257}}. 
2022-07-22 17:39:43,917 [java.util.concurrent.ThreadPoolExecutor$Worker@6ed21dab[State = -1, empty queue]] WARN  grpc.GrpcUtil (GrpcUtil.java:shutdownManagedChannel(216)) - Timed out gracefully shutting down connection: ManagedChannelOrphanWrapper{delegate=ManagedChannelImpl{logId=1195, target=localhost:45257}}. 
2022-07-22 17:39:46,217 [Timer-2] INFO  impl.MiniRaftCluster (MiniRaftCluster.java:lambda$null$5(315)) - TIMED-PRINT: printing ALL groups
  s0:  RUNNING  FOLLOWER s0@group-6B63ABD76F1E:t2, leader=s2, voted=s2, raftlog=Memoized:s0@group-6B63ABD76F1E-SegmentedRaftLog:OPENED:c23, conf=22: peers:[s0|rpc:localhost:45007|admin:localhost:46801|client:localhost:44465|dataStream:localhost:37487|priority:0|startupRole:FOLLOWER, s1|rpc:localhost:46271|admin:localhost:33567|client:localhost:41473|dataStream:localhost:32893|priority:0|startupRole:FOLLOWER, s2|rpc:localhost:38411|admin:localhost:35847|client:localhost:45257|dataStream:localhost:33781|priority:0|startupRole:FOLLOWER]|listeners:[], old=null RUNNING
  s1:  RUNNING  FOLLOWER s1@group-6B63ABD76F1E:t2, leader=s2, voted=s2, raftlog=Memoized:s1@group-6B63ABD76F1E-SegmentedRaftLog:OPENED:c23, conf=22: peers:[s0|rpc:localhost:45007|admin:localhost:46801|client:localhost:44465|dataStream:localhost:37487|priority:0|startupRole:FOLLOWER, s1|rpc:localhost:46271|admin:localhost:33567|client:localhost:41473|dataStream:localhost:32893|priority:0|startupRole:FOLLOWER, s2|rpc:localhost:38411|admin:localhost:35847|client:localhost:45257|dataStream:localhost:33781|priority:0|startupRole:FOLLOWER]|listeners:[], old=null RUNNING
  s2:  RUNNING    LEADER s2@group-6B63ABD76F1E:t2, leader=s2, voted=s2, raftlog=Memoized:s2@group-6B63ABD76F1E-SegmentedRaftLog:OPENED:c23, conf=22: peers:[s0|rpc:localhost:45007|admin:localhost:46801|client:localhost:44465|dataStream:localhost:37487|priority:0|startupRole:FOLLOWER, s1|rpc:localhost:46271|admin:localhost:33567|client:localhost:41473|dataStream:localhost:32893|priority:0|startupRole:FOLLOWER, s2|rpc:localhost:38411|admin:localhost:35847|client:localhost:45257|dataStream:localhost:33781|priority:0|startupRole:FOLLOWER]|listeners:[], old=null RUNNING
2022-07-22 17:39:48,033 [java.util.concurrent.ThreadPoolExecutor$Worker@1b72deda[State = -1, empty queue]] WARN  grpc.GrpcUtil (GrpcUtil.java:shutdownManagedChannel(216)) - Timed out gracefully shutting down connection: ManagedChannelOrphanWrapper{delegate=ManagedChannelImpl{logId=1209, target=localhost:45257}}. 
2022-07-22 17:39:50,038 [java.util.concurrent.ThreadPoolExecutor$Worker@6278a0db[State = -1, empty queue]] WARN  grpc.GrpcUtil (GrpcUtil.java:shutdownManagedChannel(216)) - Timed out gracefully shutting down connection: ManagedChannelOrphanWrapper{delegate=ManagedChannelImpl{logId=1223, target=localhost:45257}}. 
2022-07-22 17:39:54,170 [java.util.concurrent.ThreadPoolExecutor$Worker@506b8cf8[State = -1, empty queue]] WARN  grpc.GrpcUtil (GrpcUtil.java:shutdownManagedChannel(216)) - Timed out gracefully shutting down connection: ManagedChannelOrphanWrapper{delegate=ManagedChannelImpl{logId=1237, target=localhost:45257}}. 
2022-07-22 17:39:56,160 [java.util.concurrent.ThreadPoolExecutor$Worker@307c8fd5[State = -1, empty queue]] WARN  grpc.GrpcUtil (GrpcUtil.java:shutdownManagedChannel(216)) - Timed out gracefully shutting down connection: ManagedChannelOrphanWrapper{delegate=ManagedChannelImpl{logId=1251, target=localhost:45257}}. 
2022-07-22 17:39:56,216 [Timer-2] INFO  impl.MiniRaftCluster (MiniRaftCluster.java:lambda$null$5(315)) - TIMED-PRINT: printing ALL groups
  s0:  RUNNING  FOLLOWER s0@group-6B63ABD76F1E:t2, leader=s2, voted=s2, raftlog=Memoized:s0@group-6B63ABD76F1E-SegmentedRaftLog:OPENED:c23, conf=22: peers:[s0|rpc:localhost:45007|admin:localhost:46801|client:localhost:44465|dataStream:localhost:37487|priority:0|startupRole:FOLLOWER, s1|rpc:localhost:46271|admin:localhost:33567|client:localhost:41473|dataStream:localhost:32893|priority:0|startupRole:FOLLOWER, s2|rpc:localhost:38411|admin:localhost:35847|client:localhost:45257|dataStream:localhost:33781|priority:0|startupRole:FOLLOWER]|listeners:[], old=null RUNNING
  s1:  RUNNING  FOLLOWER s1@group-6B63ABD76F1E:t2, leader=s2, voted=s2, raftlog=Memoized:s1@group-6B63ABD76F1E-SegmentedRaftLog:OPENED:c23, conf=22: peers:[s0|rpc:localhost:45007|admin:localhost:46801|client:localhost:44465|dataStream:localhost:37487|priority:0|startupRole:FOLLOWER, s1|rpc:localhost:46271|admin:localhost:33567|client:localhost:41473|dataStream:localhost:32893|priority:0|startupRole:FOLLOWER, s2|rpc:localhost:38411|admin:localhost:35847|client:localhost:45257|dataStream:localhost:33781|priority:0|startupRole:FOLLOWER]|listeners:[], old=null RUNNING
  s2:  RUNNING    LEADER s2@group-6B63ABD76F1E:t2, leader=s2, voted=s2, raftlog=Memoized:s2@group-6B63ABD76F1E-SegmentedRaftLog:OPENED:c23, conf=22: peers:[s0|rpc:localhost:45007|admin:localhost:46801|client:localhost:44465|dataStream:localhost:37487|priority:0|startupRole:FOLLOWER, s1|rpc:localhost:46271|admin:localhost:33567|client:localhost:41473|dataStream:localhost:32893|priority:0|startupRole:FOLLOWER, s2|rpc:localhost:38411|admin:localhost:35847|client:localhost:45257|dataStream:localhost:33781|priority:0|startupRole:FOLLOWER]|listeners:[], old=null RUNNING
2022-07-22 17:40:00,288 [java.util.concurrent.ThreadPoolExecutor$Worker@35726aa6[State = -1, empty queue]] WARN  grpc.GrpcUtil (GrpcUtil.java:shutdownManagedChannel(216)) - Timed out gracefully shutting down connection: ManagedChannelOrphanWrapper{delegate=ManagedChannelImpl{logId=1265, target=localhost:45257}}. 
2022-07-22 17:40:02,277 [java.util.concurrent.ThreadPoolExecutor$Worker@756fc03f[State = -1, empty queue]] WARN  grpc.GrpcUtil (GrpcUtil.java:shutdownManagedChannel(216)) - Timed out gracefully shutting down connection: ManagedChannelOrphanWrapper{delegate=ManagedChannelImpl{logId=1279, target=localhost:45257}}. 
2022-07-22 17:40:06,216 [Timer-2] INFO  impl.MiniRaftCluster (MiniRaftCluster.java:lambda$null$5(315)) - TIMED-PRINT: printing ALL groups
  s0:  RUNNING  FOLLOWER s0@group-6B63ABD76F1E:t2, leader=s2, voted=s2, raftlog=Memoized:s0@group-6B63ABD76F1E-SegmentedRaftLog:OPENED:c23, conf=22: peers:[s0|rpc:localhost:45007|admin:localhost:46801|client:localhost:44465|dataStream:localhost:37487|priority:0|startupRole:FOLLOWER, s1|rpc:localhost:46271|admin:localhost:33567|client:localhost:41473|dataStream:localhost:32893|priority:0|startupRole:FOLLOWER, s2|rpc:localhost:38411|admin:localhost:35847|client:localhost:45257|dataStream:localhost:33781|priority:0|startupRole:FOLLOWER]|listeners:[], old=null RUNNING
  s1:  RUNNING  FOLLOWER s1@group-6B63ABD76F1E:t2, leader=s2, voted=s2, raftlog=Memoized:s1@group-6B63ABD76F1E-SegmentedRaftLog:OPENED:c23, conf=22: peers:[s0|rpc:localhost:45007|admin:localhost:46801|client:localhost:44465|dataStream:localhost:37487|priority:0|startupRole:FOLLOWER, s1|rpc:localhost:46271|admin:localhost:33567|client:localhost:41473|dataStream:localhost:32893|priority:0|startupRole:FOLLOWER, s2|rpc:localhost:38411|admin:localhost:35847|client:localhost:45257|dataStream:localhost:33781|priority:0|startupRole:FOLLOWER]|listeners:[], old=null RUNNING
  s2:  RUNNING    LEADER s2@group-6B63ABD76F1E:t2, leader=s2, voted=s2, raftlog=Memoized:s2@group-6B63ABD76F1E-SegmentedRaftLog:OPENED:c23, conf=22: peers:[s0|rpc:localhost:45007|admin:localhost:46801|client:localhost:44465|dataStream:localhost:37487|priority:0|startupRole:FOLLOWER, s1|rpc:localhost:46271|admin:localhost:33567|client:localhost:41473|dataStream:localhost:32893|priority:0|startupRole:FOLLOWER, s2|rpc:localhost:38411|admin:localhost:35847|client:localhost:45257|dataStream:localhost:33781|priority:0|startupRole:FOLLOWER]|listeners:[], old=null RUNNING
2022-07-22 17:40:06,412 [java.util.concurrent.ThreadPoolExecutor$Worker@3418e05[State = -1, empty queue]] WARN  grpc.GrpcUtil (GrpcUtil.java:shutdownManagedChannel(216)) - Timed out gracefully shutting down connection: ManagedChannelOrphanWrapper{delegate=ManagedChannelImpl{logId=1293, target=localhost:45257}}. 
2022-07-22 17:40:08,400 [java.util.concurrent.ThreadPoolExecutor$Worker@1eb7a126[State = -1, empty queue]] WARN  grpc.GrpcUtil (GrpcUtil.java:shutdownManagedChannel(216)) - Timed out gracefully shutting down connection: ManagedChannelOrphanWrapper{delegate=ManagedChannelImpl{logId=1307, target=localhost:45257}}. 
2022-07-22 17:40:12,534 [java.util.concurrent.ThreadPoolExecutor$Worker@36a1584e[State = -1, empty queue]] WARN  grpc.GrpcUtil (GrpcUtil.java:shutdownManagedChannel(216)) - Timed out gracefully shutting down connection: ManagedChannelOrphanWrapper{delegate=ManagedChannelImpl{logId=1321, target=localhost:45257}}. 
2022-07-22 17:40:14,520 [java.util.concurrent.ThreadPoolExecutor$Worker@2023a8[State = -1, empty queue]] WARN  grpc.GrpcUtil (GrpcUtil.java:shutdownManagedChannel(216)) - Timed out gracefully shutting down connection: ManagedChannelOrphanWrapper{delegate=ManagedChannelImpl{logId=1335, target=localhost:45257}}. 
2022-07-22 17:40:16,217 [Timer-2] INFO  impl.MiniRaftCluster (MiniRaftCluster.java:lambda$null$5(315)) - TIMED-PRINT: printing ALL groups
  s0:  RUNNING  FOLLOWER s0@group-6B63ABD76F1E:t2, leader=s2, voted=s2, raftlog=Memoized:s0@group-6B63ABD76F1E-SegmentedRaftLog:OPENED:c23, conf=22: peers:[s0|rpc:localhost:45007|admin:localhost:46801|client:localhost:44465|dataStream:localhost:37487|priority:0|startupRole:FOLLOWER, s1|rpc:localhost:46271|admin:localhost:33567|client:localhost:41473|dataStream:localhost:32893|priority:0|startupRole:FOLLOWER, s2|rpc:localhost:38411|admin:localhost:35847|client:localhost:45257|dataStream:localhost:33781|priority:0|startupRole:FOLLOWER]|listeners:[], old=null RUNNING
  s1:  RUNNING  FOLLOWER s1@group-6B63ABD76F1E:t2, leader=s2, voted=s2, raftlog=Memoized:s1@group-6B63ABD76F1E-SegmentedRaftLog:OPENED:c23, conf=22: peers:[s0|rpc:localhost:45007|admin:localhost:46801|client:localhost:44465|dataStream:localhost:37487|priority:0|startupRole:FOLLOWER, s1|rpc:localhost:46271|admin:localhost:33567|client:localhost:41473|dataStream:localhost:32893|priority:0|startupRole:FOLLOWER, s2|rpc:localhost:38411|admin:localhost:35847|client:localhost:45257|dataStream:localhost:33781|priority:0|startupRole:FOLLOWER]|listeners:[], old=null RUNNING
  s2:  RUNNING    LEADER s2@group-6B63ABD76F1E:t2, leader=s2, voted=s2, raftlog=Memoized:s2@group-6B63ABD76F1E-SegmentedRaftLog:OPENED:c23, conf=22: peers:[s0|rpc:localhost:45007|admin:localhost:46801|client:localhost:44465|dataStream:localhost:37487|priority:0|startupRole:FOLLOWER, s1|rpc:localhost:46271|admin:localhost:33567|client:localhost:41473|dataStream:localhost:32893|priority:0|startupRole:FOLLOWER, s2|rpc:localhost:38411|admin:localhost:35847|client:localhost:45257|dataStream:localhost:33781|priority:0|startupRole:FOLLOWER]|listeners:[], old=null RUNNING
2022-07-22 17:40:18,650 [java.util.concurrent.ThreadPoolExecutor$Worker@58a1242b[State = -1, empty queue]] WARN  grpc.GrpcUtil (GrpcUtil.java:shutdownManagedChannel(216)) - Timed out gracefully shutting down connection: ManagedChannelOrphanWrapper{delegate=ManagedChannelImpl{logId=1349, target=localhost:45257}}. 
2022-07-22 17:40:20,638 [java.util.concurrent.ThreadPoolExecutor$Worker@299ec20c[State = -1, empty queue]] WARN  grpc.GrpcUtil (GrpcUtil.java:shutdownManagedChannel(216)) - Timed out gracefully shutting down connection: ManagedChannelOrphanWrapper{delegate=ManagedChannelImpl{logId=1363, target=localhost:45257}}. 
2022-07-22 17:40:24,769 [java.util.concurrent.ThreadPoolExecutor$Worker@180618ed[State = -1, empty queue]] WARN  grpc.GrpcUtil (GrpcUtil.java:shutdownManagedChannel(216)) - Timed out gracefully shutting down connection: ManagedChannelOrphanWrapper{delegate=ManagedChannelImpl{logId=1377, target=localhost:45257}}. 
2022-07-22 17:40:24,886 [s2-client-thread1] INFO  statemachine.StateMachine (DataStreamTestUtils.java:link(157)) - link null
2022-07-22 17:40:24,888 [s1-server-thread2] INFO  statemachine.StateMachine (DataStreamTestUtils.java:link(157)) - link null
2022-07-22 17:40:24,889 [s0-server-thread3] INFO  statemachine.StateMachine (DataStreamTestUtils.java:link(157)) - link null
2022-07-22 17:40:24,889 [grpc-default-executor-0] WARN  server.GrpcServerProtocolService (LogUtils.java:warn(124)) - s1: Failed APPEND_ENTRIES request s2->s1#3220-t2,previous=(t:2, i:32),leaderCommit=23,initializing? true,entries: size=1, first=(t:2, i:33), STATEMACHINELOGENTRY, 393@client-FBF4FAB27C9F
java.util.concurrent.CompletionException: org.apache.ratis.server.raftlog.RaftLogIOException: Log already failed at index 24 for task WriteLog:24: (t:2, i:24), STATEMACHINELOGENTRY, StateMachineLogEntryProto:393@client-FBF4FAB27C9F
	at java.util.concurrent.CompletableFuture.encodeThrowable(CompletableFuture.java:292)
	at java.util.concurrent.CompletableFuture.completeThrowable(CompletableFuture.java:308)
	at java.util.concurrent.CompletableFuture.biRelay(CompletableFuture.java:1298)
	at java.util.concurrent.CompletableFuture.andTree(CompletableFuture.java:1321)
	at java.util.concurrent.CompletableFuture.allOf(CompletableFuture.java:2238)
	at org.apache.ratis.util.JavaUtils.allOf(JavaUtils.java:233)
	at org.apache.ratis.server.impl.RaftServerImpl.appendEntriesAsync(RaftServerImpl.java:1416)
	at org.apache.ratis.server.impl.RaftServerImpl.appendEntriesAsync(RaftServerImpl.java:1290)
	at org.apache.ratis.server.impl.RaftServerProxy.lambda$null$25(RaftServerProxy.java:622)
	at org.apache.ratis.util.JavaUtils.callAsUnchecked(JavaUtils.java:115)
	at org.apache.ratis.server.impl.RaftServerImpl.lambda$executeSubmitServerRequestAsync$11(RaftServerImpl.java:789)
	at java.util.concurrent.CompletableFuture$AsyncSupply.run(CompletableFuture.java:1604)
	at java.util.concurrent.ThreadPoolExecutor.runWorker(ThreadPoolExecutor.java:1149)
	at java.util.concurrent.ThreadPoolExecutor$Worker.run(ThreadPoolExecutor.java:624)
	at java.lang.Thread.run(Thread.java:750)
Caused by: org.apache.ratis.server.raftlog.RaftLogIOException: Log already failed at index 24 for task WriteLog:24: (t:2, i:24), STATEMACHINELOGENTRY, StateMachineLogEntryProto:393@client-FBF4FAB27C9F
	at org.apache.ratis.server.raftlog.segmented.SegmentedRaftLogWorker.run(SegmentedRaftLogWorker.java:322)
	... 1 more
Caused by: java.io.IOException: java.lang.IllegalStateException: Null stream: entry=term: 2
index: 24
stateMachineLogEntry {
  type: DATASTREAM
  clientId: "\306\t\306\331\034\365J1\232`\373\364\372\262|\237"
  callId: 393
}

	at org.apache.ratis.util.IOUtils.asIOException(IOUtils.java:56)
	at org.apache.ratis.util.IOUtils.toIOException(IOUtils.java:61)
	at org.apache.ratis.util.IOUtils.getFromFuture(IOUtils.java:85)
	at org.apache.ratis.server.raftlog.segmented.SegmentedRaftLogWorker$StateMachineDataPolicy.getFromFuture(SegmentedRaftLogWorker.java:89)
	at org.apache.ratis.server.raftlog.segmented.SegmentedRaftLogWorker$WriteLog.execute(SegmentedRaftLogWorker.java:534)
	at org.apache.ratis.server.raftlog.segmented.SegmentedRaftLogWorker.run(SegmentedRaftLogWorker.java:310)
	... 1 more
Caused by: java.lang.IllegalStateException: Null stream: entry=term: 2
index: 24
stateMachineLogEntry {
  type: DATASTREAM
  clientId: "\306\t\306\331\034\365J1\232`\373\364\372\262|\237"
  callId: 393
}

	at org.apache.ratis.datastream.DataStreamTestUtils$MultiDataStreamStateMachine.link(DataStreamTestUtils.java:159)
	at org.apache.ratis.server.raftlog.segmented.SegmentedRaftLogWorker$WriteLog.<init>(SegmentedRaftLogWorker.java:491)
	at org.apache.ratis.server.raftlog.segmented.SegmentedRaftLogWorker.writeLogEntry(SegmentedRaftLogWorker.java:437)
	at org.apache.ratis.server.raftlog.segmented.SegmentedRaftLog.appendEntryImpl(SegmentedRaftLog.java:408)
	at org.apache.ratis.server.raftlog.RaftLogBase.lambda$appendEntry$10(RaftLogBase.java:323)
	at org.apache.ratis.server.raftlog.RaftLogSequentialOps$Runner.runSequentially(RaftLogSequentialOps.java:77)
	at org.apache.ratis.server.raftlog.RaftLogBase.appendEntry(RaftLogBase.java:323)
	at org.apache.ratis.server.raftlog.segmented.SegmentedRaftLog.appendImpl(SegmentedRaftLog.java:457)
	at org.apache.ratis.server.raftlog.RaftLogBase.lambda$append$11(RaftLogBase.java:330)
	at org.apache.ratis.server.raftlog.RaftLogSequentialOps$Runner.runSequentially(RaftLogSequentialOps.java:68)
	at org.apache.ratis.server.raftlog.RaftLogBase.append(RaftLogBase.java:330)
	at org.apache.ratis.server.impl.RaftServerImpl.appendEntriesAsync(RaftServerImpl.java:1404)
	at org.apache.ratis.server.impl.RaftServerImpl.appendEntriesAsync(RaftServerImpl.java:1290)
	at org.apache.ratis.server.impl.RaftServerProxy.lambda$null$25(RaftServerProxy.java:622)
	at org.apache.ratis.util.JavaUtils.callAsUnchecked(JavaUtils.java:115)
	at org.apache.ratis.server.impl.RaftServerImpl.lambda$executeSubmitServerRequestAsync$11(RaftServerImpl.java:789)
	at java.util.concurrent.CompletableFuture$AsyncSupply.run(CompletableFuture.java:1604)
	at java.util.concurrent.ThreadPoolExecutor.runWorker(ThreadPoolExecutor.java:1149)
	at java.util.concurrent.ThreadPoolExecutor$Worker.run(ThreadPoolExecutor.java:624)
	... 1 more
2022-07-22 17:40:24,892 [Thread-7932] WARN  server.GrpcServerProtocolService (LogUtils.java:warn(124)) - s0: Failed APPEND_ENTRIES request s2->s0#3219-t2,previous=(t:2, i:32),leaderCommit=23,initializing? true,entries: size=1, first=(t:2, i:33), STATEMACHINELOGENTRY, 393@client-FBF4FAB27C9F
java.util.concurrent.CompletionException: org.apache.ratis.server.raftlog.RaftLogIOException: Log already failed at index 24 for task WriteLog:24: (t:2, i:24), STATEMACHINELOGENTRY, StateMachineLogEntryProto:393@client-FBF4FAB27C9F
	at java.util.concurrent.CompletableFuture.encodeThrowable(CompletableFuture.java:292)
	at java.util.concurrent.CompletableFuture.completeThrowable(CompletableFuture.java:308)
	at java.util.concurrent.CompletableFuture.biRelay(CompletableFuture.java:1298)
	at java.util.concurrent.CompletableFuture$BiRelay.tryFire(CompletableFuture.java:1284)
	at java.util.concurrent.CompletableFuture.postComplete(CompletableFuture.java:488)
	at java.util.concurrent.CompletableFuture.completeExceptionally(CompletableFuture.java:1990)
	at org.apache.ratis.server.raftlog.segmented.SegmentedRaftLog$Task.failed(SegmentedRaftLog.java:104)
	at org.apache.ratis.server.raftlog.segmented.SegmentedRaftLogWorker$WriteLog.failed(SegmentedRaftLogWorker.java:513)
	at org.apache.ratis.server.raftlog.segmented.SegmentedRaftLogWorker.run(SegmentedRaftLogWorker.java:319)
	at java.lang.Thread.run(Thread.java:750)
Caused by: org.apache.ratis.server.raftlog.RaftLogIOException: Log already failed at index 24 for task WriteLog:24: (t:2, i:24), STATEMACHINELOGENTRY, StateMachineLogEntryProto:393@client-FBF4FAB27C9F
	at org.apache.ratis.server.raftlog.segmented.SegmentedRaftLogWorker.run(SegmentedRaftLogWorker.java:322)
	... 1 more
Caused by: java.io.IOException: java.lang.IllegalStateException: Null stream: entry=term: 2
index: 24
stateMachineLogEntry {
  type: DATASTREAM
  clientId: "\306\t\306\331\034\365J1\232`\373\364\372\262|\237"
  callId: 393
}

	at org.apache.ratis.util.IOUtils.asIOException(IOUtils.java:56)
	at org.apache.ratis.util.IOUtils.toIOException(IOUtils.java:61)
	at org.apache.ratis.util.IOUtils.getFromFuture(IOUtils.java:85)
	at org.apache.ratis.server.raftlog.segmented.SegmentedRaftLogWorker$StateMachineDataPolicy.getFromFuture(SegmentedRaftLogWorker.java:89)
	at org.apache.ratis.server.raftlog.segmented.SegmentedRaftLogWorker$WriteLog.execute(SegmentedRaftLogWorker.java:534)
	at org.apache.ratis.server.raftlog.segmented.SegmentedRaftLogWorker.run(SegmentedRaftLogWorker.java:310)
	... 1 more
Caused by: java.lang.IllegalStateException: Null stream: entry=term: 2
index: 24
stateMachineLogEntry {
  type: DATASTREAM
  clientId: "\306\t\306\331\034\365J1\232`\373\364\372\262|\237"
  callId: 393
}

	at org.apache.ratis.datastream.DataStreamTestUtils$MultiDataStreamStateMachine.link(DataStreamTestUtils.java:159)
	at org.apache.ratis.server.raftlog.segmented.SegmentedRaftLogWorker$WriteLog.<init>(SegmentedRaftLogWorker.java:491)
	at org.apache.ratis.server.raftlog.segmented.SegmentedRaftLogWorker.writeLogEntry(SegmentedRaftLogWorker.java:437)
	at org.apache.ratis.server.raftlog.segmented.SegmentedRaftLog.appendEntryImpl(SegmentedRaftLog.java:408)
	at org.apache.ratis.server.raftlog.RaftLogBase.lambda$appendEntry$10(RaftLogBase.java:323)
	at org.apache.ratis.server.raftlog.RaftLogSequentialOps$Runner.runSequentially(RaftLogSequentialOps.java:77)
	at org.apache.ratis.server.raftlog.RaftLogBase.appendEntry(RaftLogBase.java:323)
	at org.apache.ratis.server.raftlog.segmented.SegmentedRaftLog.appendImpl(SegmentedRaftLog.java:457)
	at org.apache.ratis.server.raftlog.RaftLogBase.lambda$append$11(RaftLogBase.java:330)
	at org.apache.ratis.server.raftlog.RaftLogSequentialOps$Runner.runSequentially(RaftLogSequentialOps.java:68)
	at org.apache.ratis.server.raftlog.RaftLogBase.append(RaftLogBase.java:330)
	at org.apache.ratis.server.impl.RaftServerImpl.appendEntriesAsync(RaftServerImpl.java:1404)
	at org.apache.ratis.server.impl.RaftServerImpl.appendEntriesAsync(RaftServerImpl.java:1290)
	at org.apache.ratis.server.impl.RaftServerProxy.lambda$null$25(RaftServerProxy.java:622)
	at org.apache.ratis.util.JavaUtils.callAsUnchecked(JavaUtils.java:115)
	at org.apache.ratis.server.impl.RaftServerImpl.lambda$executeSubmitServerRequestAsync$11(RaftServerImpl.java:789)
	at java.util.concurrent.CompletableFuture$AsyncSupply.run(CompletableFuture.java:1604)
	at java.util.concurrent.ThreadPoolExecutor.runWorker(ThreadPoolExecutor.java:1149)
	at java.util.concurrent.ThreadPoolExecutor$Worker.run(ThreadPoolExecutor.java:624)
	... 1 more
2022-07-22 17:40:24,894 [grpc-default-executor-14] WARN  server.GrpcLogAppender (LogUtils.java:warn(124)) - s2@group-6B63ABD76F1E->s1-AppendLogResponseHandler: Failed appendEntries
org.apache.ratis.server.raftlog.RaftLogIOException: Log already failed at index 24 for task WriteLog:24: (t:2, i:24), STATEMACHINELOGENTRY, StateMachineLogEntryProto:393@client-FBF4FAB27C9F
	at org.apache.ratis.server.raftlog.segmented.SegmentedRaftLogWorker.run(SegmentedRaftLogWorker.java:322)
	at java.lang.Thread.run(Thread.java:750)
Caused by: java.io.IOException: java.lang.IllegalStateException: Null stream: entry=term: 2
index: 24
stateMachineLogEntry {
  type: DATASTREAM
  clientId: "\306\t\306\331\034\365J1\232`\373\364\372\262|\237"
  callId: 393
}

	at org.apache.ratis.util.IOUtils.asIOException(IOUtils.java:56)
	at org.apache.ratis.util.IOUtils.toIOException(IOUtils.java:61)
	at org.apache.ratis.util.IOUtils.getFromFuture(IOUtils.java:85)
	at org.apache.ratis.server.raftlog.segmented.SegmentedRaftLogWorker$StateMachineDataPolicy.getFromFuture(SegmentedRaftLogWorker.java:89)
	at org.apache.ratis.server.raftlog.segmented.SegmentedRaftLogWorker$WriteLog.execute(SegmentedRaftLogWorker.java:534)
	at org.apache.ratis.server.raftlog.segmented.SegmentedRaftLogWorker.run(SegmentedRaftLogWorker.java:310)
	... 1 more
Caused by: java.lang.IllegalStateException: Null stream: entry=term: 2
index: 24
stateMachineLogEntry {
  type: DATASTREAM
  clientId: "\306\t\306\331\034\365J1\232`\373\364\372\262|\237"
  callId: 393
}

	at org.apache.ratis.datastream.DataStreamTestUtils$MultiDataStreamStateMachine.link(DataStreamTestUtils.java:159)
	at org.apache.ratis.server.raftlog.segmented.SegmentedRaftLogWorker$WriteLog.<init>(SegmentedRaftLogWorker.java:491)
	at org.apache.ratis.server.raftlog.segmented.SegmentedRaftLogWorker.writeLogEntry(SegmentedRaftLogWorker.java:437)
	at org.apache.ratis.server.raftlog.segmented.SegmentedRaftLog.appendEntryImpl(SegmentedRaftLog.java:408)
	at org.apache.ratis.server.raftlog.RaftLogBase.lambda$appendEntry$10(RaftLogBase.java:323)
	at org.apache.ratis.server.raftlog.RaftLogSequentialOps$Runner.runSequentially(RaftLogSequentialOps.java:77)
	at org.apache.ratis.server.raftlog.RaftLogBase.appendEntry(RaftLogBase.java:323)
	at org.apache.ratis.server.raftlog.segmented.SegmentedRaftLog.appendImpl(SegmentedRaftLog.java:457)
	at org.apache.ratis.server.raftlog.RaftLogBase.lambda$append$11(RaftLogBase.java:330)
	at org.apache.ratis.server.raftlog.RaftLogSequentialOps$Runner.runSequentially(RaftLogSequentialOps.java:68)
	at org.apache.ratis.server.raftlog.RaftLogBase.append(RaftLogBase.java:330)
	at org.apache.ratis.server.impl.RaftServerImpl.appendEntriesAsync(RaftServerImpl.java:1404)
	at org.apache.ratis.server.impl.RaftServerImpl.appendEntriesAsync(RaftServerImpl.java:1290)
	at org.apache.ratis.server.impl.RaftServerProxy.lambda$null$25(RaftServerProxy.java:622)
	at org.apache.ratis.util.JavaUtils.callAsUnchecked(JavaUtils.java:115)
	at org.apache.ratis.server.impl.RaftServerImpl.lambda$executeSubmitServerRequestAsync$11(RaftServerImpl.java:789)
	at java.util.concurrent.CompletableFuture$AsyncSupply.run(CompletableFuture.java:1604)
	at java.util.concurrent.ThreadPoolExecutor.runWorker(ThreadPoolExecutor.java:1149)
	at java.util.concurrent.ThreadPoolExecutor$Worker.run(ThreadPoolExecutor.java:624)
	... 1 more
2022-07-22 17:40:24,899 [grpc-default-executor-14] INFO  leader.FollowerInfo (FollowerInfoImpl.java:lambda$new$0(48)) - s2@group-6B63ABD76F1E->s1: nextIndex: updateUnconditionally 34 -> 33
2022-07-22 17:40:24,901 [grpc-default-executor-14] WARN  server.GrpcLogAppender (LogUtils.java:warn(124)) - s2@group-6B63ABD76F1E->s0-AppendLogResponseHandler: Failed appendEntries
org.apache.ratis.server.raftlog.RaftLogIOException: Log already failed at index 24 for task WriteLog:24: (t:2, i:24), STATEMACHINELOGENTRY, StateMachineLogEntryProto:393@client-FBF4FAB27C9F
	at org.apache.ratis.server.raftlog.segmented.SegmentedRaftLogWorker.run(SegmentedRaftLogWorker.java:322)
	at java.lang.Thread.run(Thread.java:750)
Caused by: java.io.IOException: java.lang.IllegalStateException: Null stream: entry=term: 2
index: 24
stateMachineLogEntry {
  type: DATASTREAM
  clientId: "\306\t\306\331\034\365J1\232`\373\364\372\262|\237"
  callId: 393
}

	at org.apache.ratis.util.IOUtils.asIOException(IOUtils.java:56)
	at org.apache.ratis.util.IOUtils.toIOException(IOUtils.java:61)
	at org.apache.ratis.util.IOUtils.getFromFuture(IOUtils.java:85)
	at org.apache.ratis.server.raftlog.segmented.SegmentedRaftLogWorker$StateMachineDataPolicy.getFromFuture(SegmentedRaftLogWorker.java:89)
	at org.apache.ratis.server.raftlog.segmented.SegmentedRaftLogWorker$WriteLog.execute(SegmentedRaftLogWorker.java:534)
	at org.apache.ratis.server.raftlog.segmented.SegmentedRaftLogWorker.run(SegmentedRaftLogWorker.java:310)
	... 1 more
Caused by: java.lang.IllegalStateException: Null stream: entry=term: 2
index: 24
stateMachineLogEntry {
  type: DATASTREAM
  clientId: "\306\t\306\331\034\365J1\232`\373\364\372\262|\237"
  callId: 393
}

	at org.apache.ratis.datastream.DataStreamTestUtils$MultiDataStreamStateMachine.link(DataStreamTestUtils.java:159)
	at org.apache.ratis.server.raftlog.segmented.SegmentedRaftLogWorker$WriteLog.<init>(SegmentedRaftLogWorker.java:491)
	at org.apache.ratis.server.raftlog.segmented.SegmentedRaftLogWorker.writeLogEntry(SegmentedRaftLogWorker.java:437)
	at org.apache.ratis.server.raftlog.segmented.SegmentedRaftLog.appendEntryImpl(SegmentedRaftLog.java:408)
	at org.apache.ratis.server.raftlog.RaftLogBase.lambda$appendEntry$10(RaftLogBase.java:323)
	at org.apache.ratis.server.raftlog.RaftLogSequentialOps$Runner.runSequentially(RaftLogSequentialOps.java:77)
	at org.apache.ratis.server.raftlog.RaftLogBase.appendEntry(RaftLogBase.java:323)
	at org.apache.ratis.server.raftlog.segmented.SegmentedRaftLog.appendImpl(SegmentedRaftLog.java:457)
	at org.apache.ratis.server.raftlog.RaftLogBase.lambda$append$11(RaftLogBase.java:330)
	at org.apache.ratis.server.raftlog.RaftLogSequentialOps$Runner.runSequentially(RaftLogSequentialOps.java:68)
	at org.apache.ratis.server.raftlog.RaftLogBase.append(RaftLogBase.java:330)
	at org.apache.ratis.server.impl.RaftServerImpl.appendEntriesAsync(RaftServerImpl.java:1404)
	at org.apache.ratis.server.impl.RaftServerImpl.appendEntriesAsync(RaftServerImpl.java:1290)
	at org.apache.ratis.server.impl.RaftServerProxy.lambda$null$25(RaftServerProxy.java:622)
	at org.apache.ratis.util.JavaUtils.callAsUnchecked(JavaUtils.java:115)
	at org.apache.ratis.server.impl.RaftServerImpl.lambda$executeSubmitServerRequestAsync$11(RaftServerImpl.java:789)
	at java.util.concurrent.CompletableFuture$AsyncSupply.run(CompletableFuture.java:1604)
	at java.util.concurrent.ThreadPoolExecutor.runWorker(ThreadPoolExecutor.java:1149)
	at java.util.concurrent.ThreadPoolExecutor$Worker.run(ThreadPoolExecutor.java:624)
	... 1 more
2022-07-22 17:40:24,901 [grpc-default-executor-14] INFO  leader.FollowerInfo (FollowerInfoImpl.java:lambda$new$0(48)) - s2@group-6B63ABD76F1E->s0: nextIndex: updateUnconditionally 34 -> 33
2022-07-22 17:40:26,216 [Timer-2] INFO  impl.MiniRaftCluster (MiniRaftCluster.java:lambda$null$5(315)) - TIMED-PRINT: printing ALL groups
  s0:  RUNNING  FOLLOWER s0@group-6B63ABD76F1E:t2, leader=s2, voted=s2, raftlog=Memoized:s0@group-6B63ABD76F1E-SegmentedRaftLog:OPENED:c23, conf=22: peers:[s0|rpc:localhost:45007|admin:localhost:46801|client:localhost:44465|dataStream:localhost:37487|priority:0|startupRole:FOLLOWER, s1|rpc:localhost:46271|admin:localhost:33567|client:localhost:41473|dataStream:localhost:32893|priority:0|startupRole:FOLLOWER, s2|rpc:localhost:38411|admin:localhost:35847|client:localhost:45257|dataStream:localhost:33781|priority:0|startupRole:FOLLOWER]|listeners:[], old=null RUNNING
  s1:  RUNNING  FOLLOWER s1@group-6B63ABD76F1E:t2, leader=s2, voted=s2, raftlog=Memoized:s1@group-6B63ABD76F1E-SegmentedRaftLog:OPENED:c23, conf=22: peers:[s0|rpc:localhost:45007|admin:localhost:46801|client:localhost:44465|dataStream:localhost:37487|priority:0|startupRole:FOLLOWER, s1|rpc:localhost:46271|admin:localhost:33567|client:localhost:41473|dataStream:localhost:32893|priority:0|startupRole:FOLLOWER, s2|rpc:localhost:38411|admin:localhost:35847|client:localhost:45257|dataStream:localhost:33781|priority:0|startupRole:FOLLOWER]|listeners:[], old=null RUNNING
  s2:  RUNNING    LEADER s2@group-6B63ABD76F1E:t2, leader=s2, voted=s2, raftlog=Memoized:s2@group-6B63ABD76F1E-SegmentedRaftLog:OPENED:c23, conf=22: peers:[s0|rpc:localhost:45007|admin:localhost:46801|client:localhost:44465|dataStream:localhost:37487|priority:0|startupRole:FOLLOWER, s1|rpc:localhost:46271|admin:localhost:33567|client:localhost:41473|dataStream:localhost:32893|priority:0|startupRole:FOLLOWER, s2|rpc:localhost:38411|admin:localhost:35847|client:localhost:45257|dataStream:localhost:33781|priority:0|startupRole:FOLLOWER]|listeners:[], old=null RUNNING
2022-07-22 17:40:26,766 [java.util.concurrent.ThreadPoolExecutor$Worker@1215a8db[State = -1, empty queue]] WARN  grpc.GrpcUtil (GrpcUtil.java:shutdownManagedChannel(216)) - Timed out gracefully shutting down connection: ManagedChannelOrphanWrapper{delegate=ManagedChannelImpl{logId=1391, target=localhost:45257}}. 
2022-07-22 17:40:26,889 [s2-client-thread1] INFO  statemachine.StateMachine (DataStreamTestUtils.java:link(157)) - link null
2022-07-22 17:40:26,890 [s0-server-thread3] INFO  statemachine.StateMachine (DataStreamTestUtils.java:link(157)) - link null
2022-07-22 17:40:26,891 [s1-server-thread2] INFO  statemachine.StateMachine (DataStreamTestUtils.java:link(157)) - link null
2022-07-22 17:40:26,892 [Thread-7987] WARN  server.GrpcServerProtocolService (LogUtils.java:warn(124)) - s0: Failed APPEND_ENTRIES request s2->s0#3246-t2,previous=(t:2, i:33),leaderCommit=23,initializing? true,entries: size=1, first=(t:2, i:34), STATEMACHINELOGENTRY, 377@client-41101BD33753
java.util.concurrent.CompletionException: org.apache.ratis.server.raftlog.RaftLogIOException: Log already failed at index 24 for task WriteLog:24: (t:2, i:24), STATEMACHINELOGENTRY, StateMachineLogEntryProto:393@client-FBF4FAB27C9F
	at java.util.concurrent.CompletableFuture.encodeThrowable(CompletableFuture.java:292)
	at java.util.concurrent.CompletableFuture.completeThrowable(CompletableFuture.java:308)
	at java.util.concurrent.CompletableFuture.biRelay(CompletableFuture.java:1298)
	at java.util.concurrent.CompletableFuture$BiRelay.tryFire(CompletableFuture.java:1284)
	at java.util.concurrent.CompletableFuture.postComplete(CompletableFuture.java:488)
	at java.util.concurrent.CompletableFuture.completeExceptionally(CompletableFuture.java:1990)
	at org.apache.ratis.server.raftlog.segmented.SegmentedRaftLog$Task.failed(SegmentedRaftLog.java:104)
	at org.apache.ratis.server.raftlog.segmented.SegmentedRaftLogWorker$WriteLog.failed(SegmentedRaftLogWorker.java:513)
	at org.apache.ratis.server.raftlog.segmented.SegmentedRaftLogWorker.run(SegmentedRaftLogWorker.java:319)
	at java.lang.Thread.run(Thread.java:750)
Caused by: org.apache.ratis.server.raftlog.RaftLogIOException: Log already failed at index 24 for task WriteLog:24: (t:2, i:24), STATEMACHINELOGENTRY, StateMachineLogEntryProto:393@client-FBF4FAB27C9F
	at org.apache.ratis.server.raftlog.segmented.SegmentedRaftLogWorker.run(SegmentedRaftLogWorker.java:322)
	... 1 more
Caused by: java.io.IOException: java.lang.IllegalStateException: Null stream: entry=term: 2
index: 24
stateMachineLogEntry {
  type: DATASTREAM
  clientId: "\306\t\306\331\034\365J1\232`\373\364\372\262|\237"
  callId: 393
}

	at org.apache.ratis.util.IOUtils.asIOException(IOUtils.java:56)
	at org.apache.ratis.util.IOUtils.toIOException(IOUtils.java:61)
	at org.apache.ratis.util.IOUtils.getFromFuture(IOUtils.java:85)
	at org.apache.ratis.server.raftlog.segmented.SegmentedRaftLogWorker$StateMachineDataPolicy.getFromFuture(SegmentedRaftLogWorker.java:89)
	at org.apache.ratis.server.raftlog.segmented.SegmentedRaftLogWorker$WriteLog.execute(SegmentedRaftLogWorker.java:534)
	at org.apache.ratis.server.raftlog.segmented.SegmentedRaftLogWorker.run(SegmentedRaftLogWorker.java:310)
	... 1 more
Caused by: java.lang.IllegalStateException: Null stream: entry=term: 2
index: 24
stateMachineLogEntry {
  type: DATASTREAM
  clientId: "\306\t\306\331\034\365J1\232`\373\364\372\262|\237"
  callId: 393
}

	at org.apache.ratis.datastream.DataStreamTestUtils$MultiDataStreamStateMachine.link(DataStreamTestUtils.java:159)
	at org.apache.ratis.server.raftlog.segmented.SegmentedRaftLogWorker$WriteLog.<init>(SegmentedRaftLogWorker.java:491)
	at org.apache.ratis.server.raftlog.segmented.SegmentedRaftLogWorker.writeLogEntry(SegmentedRaftLogWorker.java:437)
	at org.apache.ratis.server.raftlog.segmented.SegmentedRaftLog.appendEntryImpl(SegmentedRaftLog.java:408)
	at org.apache.ratis.server.raftlog.RaftLogBase.lambda$appendEntry$10(RaftLogBase.java:323)
	at org.apache.ratis.server.raftlog.RaftLogSequentialOps$Runner.runSequentially(RaftLogSequentialOps.java:77)
	at org.apache.ratis.server.raftlog.RaftLogBase.appendEntry(RaftLogBase.java:323)
	at org.apache.ratis.server.raftlog.segmented.SegmentedRaftLog.appendImpl(SegmentedRaftLog.java:457)
	at org.apache.ratis.server.raftlog.RaftLogBase.lambda$append$11(RaftLogBase.java:330)
	at org.apache.ratis.server.raftlog.RaftLogSequentialOps$Runner.runSequentially(RaftLogSequentialOps.java:68)
	at org.apache.ratis.server.raftlog.RaftLogBase.append(RaftLogBase.java:330)
	at org.apache.ratis.server.impl.RaftServerImpl.appendEntriesAsync(RaftServerImpl.java:1404)
	at org.apache.ratis.server.impl.RaftServerImpl.appendEntriesAsync(RaftServerImpl.java:1290)
	at org.apache.ratis.server.impl.RaftServerProxy.lambda$null$25(RaftServerProxy.java:622)
	at org.apache.ratis.util.JavaUtils.callAsUnchecked(JavaUtils.java:115)
	at org.apache.ratis.server.impl.RaftServerImpl.lambda$executeSubmitServerRequestAsync$11(RaftServerImpl.java:789)
	at java.util.concurrent.CompletableFuture$AsyncSupply.run(CompletableFuture.java:1604)
	at java.util.concurrent.ThreadPoolExecutor.runWorker(ThreadPoolExecutor.java:1149)
	at java.util.concurrent.ThreadPoolExecutor$Worker.run(ThreadPoolExecutor.java:624)
	... 1 more
2022-07-22 17:40:26,896 [Thread-7988] WARN  server.GrpcServerProtocolService (LogUtils.java:warn(124)) - s1: Failed APPEND_ENTRIES request s2->s1#3247-t2,previous=(t:2, i:33),leaderCommit=23,initializing? true,entries: size=1, first=(t:2, i:34), STATEMACHINELOGENTRY, 377@client-41101BD33753
java.util.concurrent.CompletionException: org.apache.ratis.server.raftlog.RaftLogIOException: Log already failed at index 24 for task WriteLog:24: (t:2, i:24), STATEMACHINELOGENTRY, StateMachineLogEntryProto:393@client-FBF4FAB27C9F
	at java.util.concurrent.CompletableFuture.encodeThrowable(CompletableFuture.java:292)
	at java.util.concurrent.CompletableFuture.completeThrowable(CompletableFuture.java:308)
	at java.util.concurrent.CompletableFuture.biRelay(CompletableFuture.java:1298)
	at java.util.concurrent.CompletableFuture$BiRelay.tryFire(CompletableFuture.java:1284)
	at java.util.concurrent.CompletableFuture.postComplete(CompletableFuture.java:488)
	at java.util.concurrent.CompletableFuture.completeExceptionally(CompletableFuture.java:1990)
	at org.apache.ratis.server.raftlog.segmented.SegmentedRaftLog$Task.failed(SegmentedRaftLog.java:104)
	at org.apache.ratis.server.raftlog.segmented.SegmentedRaftLogWorker$WriteLog.failed(SegmentedRaftLogWorker.java:513)
	at org.apache.ratis.server.raftlog.segmented.SegmentedRaftLogWorker.run(SegmentedRaftLogWorker.java:319)
	at java.lang.Thread.run(Thread.java:750)
Caused by: org.apache.ratis.server.raftlog.RaftLogIOException: Log already failed at index 24 for task WriteLog:24: (t:2, i:24), STATEMACHINELOGENTRY, StateMachineLogEntryProto:393@client-FBF4FAB27C9F
	at org.apache.ratis.server.raftlog.segmented.SegmentedRaftLogWorker.run(SegmentedRaftLogWorker.java:322)
	... 1 more
Caused by: java.io.IOException: java.lang.IllegalStateException: Null stream: entry=term: 2
index: 24
stateMachineLogEntry {
  type: DATASTREAM
  clientId: "\306\t\306\331\034\365J1\232`\373\364\372\262|\237"
  callId: 393
}

	at org.apache.ratis.util.IOUtils.asIOException(IOUtils.java:56)
	at org.apache.ratis.util.IOUtils.toIOException(IOUtils.java:61)
	at org.apache.ratis.util.IOUtils.getFromFuture(IOUtils.java:85)
	at org.apache.ratis.server.raftlog.segmented.SegmentedRaftLogWorker$StateMachineDataPolicy.getFromFuture(SegmentedRaftLogWorker.java:89)
	at org.apache.ratis.server.raftlog.segmented.SegmentedRaftLogWorker$WriteLog.execute(SegmentedRaftLogWorker.java:534)
	at org.apache.ratis.server.raftlog.segmented.SegmentedRaftLogWorker.run(SegmentedRaftLogWorker.java:310)
	... 1 more
Caused by: java.lang.IllegalStateException: Null stream: entry=term: 2
index: 24
stateMachineLogEntry {
  type: DATASTREAM
  clientId: "\306\t\306\331\034\365J1\232`\373\364\372\262|\237"
  callId: 393
}

	at org.apache.ratis.datastream.DataStreamTestUtils$MultiDataStreamStateMachine.link(DataStreamTestUtils.java:159)
	at org.apache.ratis.server.raftlog.segmented.SegmentedRaftLogWorker$WriteLog.<init>(SegmentedRaftLogWorker.java:491)
	at org.apache.ratis.server.raftlog.segmented.SegmentedRaftLogWorker.writeLogEntry(SegmentedRaftLogWorker.java:437)
	at org.apache.ratis.server.raftlog.segmented.SegmentedRaftLog.appendEntryImpl(SegmentedRaftLog.java:408)
	at org.apache.ratis.server.raftlog.RaftLogBase.lambda$appendEntry$10(RaftLogBase.java:323)
	at org.apache.ratis.server.raftlog.RaftLogSequentialOps$Runner.runSequentially(RaftLogSequentialOps.java:77)
	at org.apache.ratis.server.raftlog.RaftLogBase.appendEntry(RaftLogBase.java:323)
	at org.apache.ratis.server.raftlog.segmented.SegmentedRaftLog.appendImpl(SegmentedRaftLog.java:457)
	at org.apache.ratis.server.raftlog.RaftLogBase.lambda$append$11(RaftLogBase.java:330)
	at org.apache.ratis.server.raftlog.RaftLogSequentialOps$Runner.runSequentially(RaftLogSequentialOps.java:68)
	at org.apache.ratis.server.raftlog.RaftLogBase.append(RaftLogBase.java:330)
	at org.apache.ratis.server.impl.RaftServerImpl.appendEntriesAsync(RaftServerImpl.java:1404)
	at org.apache.ratis.server.impl.RaftServerImpl.appendEntriesAsync(RaftServerImpl.java:1290)
	at org.apache.ratis.server.impl.RaftServerProxy.lambda$null$25(RaftServerProxy.java:622)
	at org.apache.ratis.util.JavaUtils.callAsUnchecked(JavaUtils.java:115)
	at org.apache.ratis.server.impl.RaftServerImpl.lambda$executeSubmitServerRequestAsync$11(RaftServerImpl.java:789)
	at java.util.concurrent.CompletableFuture$AsyncSupply.run(CompletableFuture.java:1604)
	at java.util.concurrent.ThreadPoolExecutor.runWorker(ThreadPoolExecutor.java:1149)
	at java.util.concurrent.ThreadPoolExecutor$Worker.run(ThreadPoolExecutor.java:624)
	... 1 more
2022-07-22 17:40:26,899 [grpc-default-executor-0] WARN  server.GrpcLogAppender (LogUtils.java:warn(124)) - s2@group-6B63ABD76F1E->s0-AppendLogResponseHandler: Failed appendEntries
org.apache.ratis.server.raftlog.RaftLogIOException: Log already failed at index 24 for task WriteLog:24: (t:2, i:24), STATEMACHINELOGENTRY, StateMachineLogEntryProto:393@client-FBF4FAB27C9F
	at org.apache.ratis.server.raftlog.segmented.SegmentedRaftLogWorker.run(SegmentedRaftLogWorker.java:322)
	at java.lang.Thread.run(Thread.java:750)
Caused by: java.io.IOException: java.lang.IllegalStateException: Null stream: entry=term: 2
index: 24
stateMachineLogEntry {
  type: DATASTREAM
  clientId: "\306\t\306\331\034\365J1\232`\373\364\372\262|\237"
  callId: 393
}

	at org.apache.ratis.util.IOUtils.asIOException(IOUtils.java:56)
	at org.apache.ratis.util.IOUtils.toIOException(IOUtils.java:61)
	at org.apache.ratis.util.IOUtils.getFromFuture(IOUtils.java:85)
	at org.apache.ratis.server.raftlog.segmented.SegmentedRaftLogWorker$StateMachineDataPolicy.getFromFuture(SegmentedRaftLogWorker.java:89)
	at org.apache.ratis.server.raftlog.segmented.SegmentedRaftLogWorker$WriteLog.execute(SegmentedRaftLogWorker.java:534)
	at org.apache.ratis.server.raftlog.segmented.SegmentedRaftLogWorker.run(SegmentedRaftLogWorker.java:310)
	... 1 more
Caused by: java.lang.IllegalStateException: Null stream: entry=term: 2
index: 24
stateMachineLogEntry {
  type: DATASTREAM
  clientId: "\306\t\306\331\034\365J1\232`\373\364\372\262|\237"
  callId: 393
}

	at org.apache.ratis.datastream.DataStreamTestUtils$MultiDataStreamStateMachine.link(DataStreamTestUtils.java:159)
	at org.apache.ratis.server.raftlog.segmented.SegmentedRaftLogWorker$WriteLog.<init>(SegmentedRaftLogWorker.java:491)
	at org.apache.ratis.server.raftlog.segmented.SegmentedRaftLogWorker.writeLogEntry(SegmentedRaftLogWorker.java:437)
	at org.apache.ratis.server.raftlog.segmented.SegmentedRaftLog.appendEntryImpl(SegmentedRaftLog.java:408)
	at org.apache.ratis.server.raftlog.RaftLogBase.lambda$appendEntry$10(RaftLogBase.java:323)
	at org.apache.ratis.server.raftlog.RaftLogSequentialOps$Runner.runSequentially(RaftLogSequentialOps.java:77)
	at org.apache.ratis.server.raftlog.RaftLogBase.appendEntry(RaftLogBase.java:323)
	at org.apache.ratis.server.raftlog.segmented.SegmentedRaftLog.appendImpl(SegmentedRaftLog.java:457)
	at org.apache.ratis.server.raftlog.RaftLogBase.lambda$append$11(RaftLogBase.java:330)
	at org.apache.ratis.server.raftlog.RaftLogSequentialOps$Runner.runSequentially(RaftLogSequentialOps.java:68)
	at org.apache.ratis.server.raftlog.RaftLogBase.append(RaftLogBase.java:330)
	at org.apache.ratis.server.impl.RaftServerImpl.appendEntriesAsync(RaftServerImpl.java:1404)
	at org.apache.ratis.server.impl.RaftServerImpl.appendEntriesAsync(RaftServerImpl.java:1290)
	at org.apache.ratis.server.impl.RaftServerProxy.lambda$null$25(RaftServerProxy.java:622)
	at org.apache.ratis.util.JavaUtils.callAsUnchecked(JavaUtils.java:115)
	at org.apache.ratis.server.impl.RaftServerImpl.lambda$executeSubmitServerRequestAsync$11(RaftServerImpl.java:789)
	at java.util.concurrent.CompletableFuture$AsyncSupply.run(CompletableFuture.java:1604)
	at java.util.concurrent.ThreadPoolExecutor.runWorker(ThreadPoolExecutor.java:1149)
	at java.util.concurrent.ThreadPoolExecutor$Worker.run(ThreadPoolExecutor.java:624)
	... 1 more
2022-07-22 17:40:26,899 [grpc-default-executor-0] INFO  leader.FollowerInfo (FollowerInfoImpl.java:lambda$new$0(48)) - s2@group-6B63ABD76F1E->s0: nextIndex: updateUnconditionally 35 -> 34
2022-07-22 17:40:26,904 [grpc-default-executor-14] WARN  server.GrpcLogAppender (LogUtils.java:warn(124)) - s2@group-6B63ABD76F1E->s1-AppendLogResponseHandler: Failed appendEntries
org.apache.ratis.server.raftlog.RaftLogIOException: Log already failed at index 24 for task WriteLog:24: (t:2, i:24), STATEMACHINELOGENTRY, StateMachineLogEntryProto:393@client-FBF4FAB27C9F
	at org.apache.ratis.server.raftlog.segmented.SegmentedRaftLogWorker.run(SegmentedRaftLogWorker.java:322)
	at java.lang.Thread.run(Thread.java:750)
Caused by: java.io.IOException: java.lang.IllegalStateException: Null stream: entry=term: 2
index: 24
stateMachineLogEntry {
  type: DATASTREAM
  clientId: "\306\t\306\331\034\365J1\232`\373\364\372\262|\237"
  callId: 393
}

	at org.apache.ratis.util.IOUtils.asIOException(IOUtils.java:56)
	at org.apache.ratis.util.IOUtils.toIOException(IOUtils.java:61)
	at org.apache.ratis.util.IOUtils.getFromFuture(IOUtils.java:85)
	at org.apache.ratis.server.raftlog.segmented.SegmentedRaftLogWorker$StateMachineDataPolicy.getFromFuture(SegmentedRaftLogWorker.java:89)
	at org.apache.ratis.server.raftlog.segmented.SegmentedRaftLogWorker$WriteLog.execute(SegmentedRaftLogWorker.java:534)
	at org.apache.ratis.server.raftlog.segmented.SegmentedRaftLogWorker.run(SegmentedRaftLogWorker.java:310)
	... 1 more
Caused by: java.lang.IllegalStateException: Null stream: entry=term: 2
index: 24
stateMachineLogEntry {
  type: DATASTREAM
  clientId: "\306\t\306\331\034\365J1\232`\373\364\372\262|\237"
  callId: 393
}

	at org.apache.ratis.datastream.DataStreamTestUtils$MultiDataStreamStateMachine.link(DataStreamTestUtils.java:159)
	at org.apache.ratis.server.raftlog.segmented.SegmentedRaftLogWorker$WriteLog.<init>(SegmentedRaftLogWorker.java:491)
	at org.apache.ratis.server.raftlog.segmented.SegmentedRaftLogWorker.writeLogEntry(SegmentedRaftLogWorker.java:437)
	at org.apache.ratis.server.raftlog.segmented.SegmentedRaftLog.appendEntryImpl(SegmentedRaftLog.java:408)
	at org.apache.ratis.server.raftlog.RaftLogBase.lambda$appendEntry$10(RaftLogBase.java:323)
	at org.apache.ratis.server.raftlog.RaftLogSequentialOps$Runner.runSequentially(RaftLogSequentialOps.java:77)
	at org.apache.ratis.server.raftlog.RaftLogBase.appendEntry(RaftLogBase.java:323)
	at org.apache.ratis.server.raftlog.segmented.SegmentedRaftLog.appendImpl(SegmentedRaftLog.java:457)
	at org.apache.ratis.server.raftlog.RaftLogBase.lambda$append$11(RaftLogBase.java:330)
	at org.apache.ratis.server.raftlog.RaftLogSequentialOps$Runner.runSequentially(RaftLogSequentialOps.java:68)
	at org.apache.ratis.server.raftlog.RaftLogBase.append(RaftLogBase.java:330)
	at org.apache.ratis.server.impl.RaftServerImpl.appendEntriesAsync(RaftServerImpl.java:1404)
	at org.apache.ratis.server.impl.RaftServerImpl.appendEntriesAsync(RaftServerImpl.java:1290)
	at org.apache.ratis.server.impl.RaftServerProxy.lambda$null$25(RaftServerProxy.java:622)
	at org.apache.ratis.util.JavaUtils.callAsUnchecked(JavaUtils.java:115)
	at org.apache.ratis.server.impl.RaftServerImpl.lambda$executeSubmitServerRequestAsync$11(RaftServerImpl.java:789)
	at java.util.concurrent.CompletableFuture$AsyncSupply.run(CompletableFuture.java:1604)
	at java.util.concurrent.ThreadPoolExecutor.runWorker(ThreadPoolExecutor.java:1149)
	at java.util.concurrent.ThreadPoolExecutor$Worker.run(ThreadPoolExecutor.java:624)
	... 1 more
2022-07-22 17:40:26,904 [grpc-default-executor-14] INFO  leader.FollowerInfo (FollowerInfoImpl.java:lambda$new$0(48)) - s2@group-6B63ABD76F1E->s1: nextIndex: updateUnconditionally 35 -> 34
2022-07-22 17:40:30,885 [java.util.concurrent.ThreadPoolExecutor$Worker@42bcf2b0[State = -1, empty queue]] WARN  grpc.GrpcUtil (GrpcUtil.java:shutdownManagedChannel(216)) - Timed out gracefully shutting down connection: ManagedChannelOrphanWrapper{delegate=ManagedChannelImpl{logId=1405, target=localhost:45257}}. 
2022-07-22 17:40:32,883 [java.util.concurrent.ThreadPoolExecutor$Worker@515b385e[State = -1, empty queue]] WARN  grpc.GrpcUtil (GrpcUtil.java:shutdownManagedChannel(216)) - Timed out gracefully shutting down connection: ManagedChannelOrphanWrapper{delegate=ManagedChannelImpl{logId=1419, target=localhost:45257}}. 
2022-07-22 17:40:36,217 [Timer-2] INFO  impl.MiniRaftCluster (MiniRaftCluster.java:lambda$null$5(315)) - TIMED-PRINT: printing ALL groups
  s0:  RUNNING  FOLLOWER s0@group-6B63ABD76F1E:t2, leader=s2, voted=s2, raftlog=Memoized:s0@group-6B63ABD76F1E-SegmentedRaftLog:OPENED:c23, conf=22: peers:[s0|rpc:localhost:45007|admin:localhost:46801|client:localhost:44465|dataStream:localhost:37487|priority:0|startupRole:FOLLOWER, s1|rpc:localhost:46271|admin:localhost:33567|client:localhost:41473|dataStream:localhost:32893|priority:0|startupRole:FOLLOWER, s2|rpc:localhost:38411|admin:localhost:35847|client:localhost:45257|dataStream:localhost:33781|priority:0|startupRole:FOLLOWER]|listeners:[], old=null RUNNING
  s1:  RUNNING  FOLLOWER s1@group-6B63ABD76F1E:t2, leader=s2, voted=s2, raftlog=Memoized:s1@group-6B63ABD76F1E-SegmentedRaftLog:OPENED:c23, conf=22: peers:[s0|rpc:localhost:45007|admin:localhost:46801|client:localhost:44465|dataStream:localhost:37487|priority:0|startupRole:FOLLOWER, s1|rpc:localhost:46271|admin:localhost:33567|client:localhost:41473|dataStream:localhost:32893|priority:0|startupRole:FOLLOWER, s2|rpc:localhost:38411|admin:localhost:35847|client:localhost:45257|dataStream:localhost:33781|priority:0|startupRole:FOLLOWER]|listeners:[], old=null RUNNING
  s2:  RUNNING    LEADER s2@group-6B63ABD76F1E:t2, leader=s2, voted=s2, raftlog=Memoized:s2@group-6B63ABD76F1E-SegmentedRaftLog:OPENED:c23, conf=22: peers:[s0|rpc:localhost:45007|admin:localhost:46801|client:localhost:44465|dataStream:localhost:37487|priority:0|startupRole:FOLLOWER, s1|rpc:localhost:46271|admin:localhost:33567|client:localhost:41473|dataStream:localhost:32893|priority:0|startupRole:FOLLOWER, s2|rpc:localhost:38411|admin:localhost:35847|client:localhost:45257|dataStream:localhost:33781|priority:0|startupRole:FOLLOWER]|listeners:[], old=null RUNNING
2022-07-22 17:40:37,004 [java.util.concurrent.ThreadPoolExecutor$Worker@6921b12a[State = -1, empty queue]] WARN  grpc.GrpcUtil (GrpcUtil.java:shutdownManagedChannel(216)) - Timed out gracefully shutting down connection: ManagedChannelOrphanWrapper{delegate=ManagedChannelImpl{logId=1433, target=localhost:45257}}. 
2022-07-22 17:40:39,006 [java.util.concurrent.ThreadPoolExecutor$Worker@243e8f16[State = -1, empty queue]] WARN  grpc.GrpcUtil (GrpcUtil.java:shutdownManagedChannel(216)) - Timed out gracefully shutting down connection: ManagedChannelOrphanWrapper{delegate=ManagedChannelImpl{logId=1447, target=localhost:45257}}. 
2022-07-22 17:40:43,125 [java.util.concurrent.ThreadPoolExecutor$Worker@d8a0627[State = -1, empty queue]] WARN  grpc.GrpcUtil (GrpcUtil.java:shutdownManagedChannel(216)) - Timed out gracefully shutting down connection: ManagedChannelOrphanWrapper{delegate=ManagedChannelImpl{logId=1461, target=localhost:45257}}. 
2022-07-22 17:40:45,123 [java.util.concurrent.ThreadPoolExecutor$Worker@38745ebf[State = -1, empty queue]] WARN  grpc.GrpcUtil (GrpcUtil.java:shutdownManagedChannel(216)) - Timed out gracefully shutting down connection: ManagedChannelOrphanWrapper{delegate=ManagedChannelImpl{logId=1475, target=localhost:45257}}. 
2022-07-22 17:40:46,216 [Timer-2] INFO  impl.MiniRaftCluster (MiniRaftCluster.java:lambda$null$5(315)) - TIMED-PRINT: printing ALL groups
  s0:  RUNNING  FOLLOWER s0@group-6B63ABD76F1E:t2, leader=s2, voted=s2, raftlog=Memoized:s0@group-6B63ABD76F1E-SegmentedRaftLog:OPENED:c23, conf=22: peers:[s0|rpc:localhost:45007|admin:localhost:46801|client:localhost:44465|dataStream:localhost:37487|priority:0|startupRole:FOLLOWER, s1|rpc:localhost:46271|admin:localhost:33567|client:localhost:41473|dataStream:localhost:32893|priority:0|startupRole:FOLLOWER, s2|rpc:localhost:38411|admin:localhost:35847|client:localhost:45257|dataStream:localhost:33781|priority:0|startupRole:FOLLOWER]|listeners:[], old=null RUNNING
  s1:  RUNNING  FOLLOWER s1@group-6B63ABD76F1E:t2, leader=s2, voted=s2, raftlog=Memoized:s1@group-6B63ABD76F1E-SegmentedRaftLog:OPENED:c23, conf=22: peers:[s0|rpc:localhost:45007|admin:localhost:46801|client:localhost:44465|dataStream:localhost:37487|priority:0|startupRole:FOLLOWER, s1|rpc:localhost:46271|admin:localhost:33567|client:localhost:41473|dataStream:localhost:32893|priority:0|startupRole:FOLLOWER, s2|rpc:localhost:38411|admin:localhost:35847|client:localhost:45257|dataStream:localhost:33781|priority:0|startupRole:FOLLOWER]|listeners:[], old=null RUNNING
  s2:  RUNNING    LEADER s2@group-6B63ABD76F1E:t2, leader=s2, voted=s2, raftlog=Memoized:s2@group-6B63ABD76F1E-SegmentedRaftLog:OPENED:c23, conf=22: peers:[s0|rpc:localhost:45007|admin:localhost:46801|client:localhost:44465|dataStream:localhost:37487|priority:0|startupRole:FOLLOWER, s1|rpc:localhost:46271|admin:localhost:33567|client:localhost:41473|dataStream:localhost:32893|priority:0|startupRole:FOLLOWER, s2|rpc:localhost:38411|admin:localhost:35847|client:localhost:45257|dataStream:localhost:33781|priority:0|startupRole:FOLLOWER]|listeners:[], old=null RUNNING
2022-07-22 17:40:49,249 [java.util.concurrent.ThreadPoolExecutor$Worker@4d2578a9[State = -1, empty queue]] WARN  grpc.GrpcUtil (GrpcUtil.java:shutdownManagedChannel(216)) - Timed out gracefully shutting down connection: ManagedChannelOrphanWrapper{delegate=ManagedChannelImpl{logId=1489, target=localhost:45257}}. 
2022-07-22 17:40:51,249 [java.util.concurrent.ThreadPoolExecutor$Worker@22dc829c[State = -1, empty queue]] WARN  grpc.GrpcUtil (GrpcUtil.java:shutdownManagedChannel(216)) - Timed out gracefully shutting down connection: ManagedChannelOrphanWrapper{delegate=ManagedChannelImpl{logId=1503, target=localhost:45257}}. 
2022-07-22 17:40:55,377 [java.util.concurrent.ThreadPoolExecutor$Worker@508dafd7[State = -1, empty queue]] WARN  grpc.GrpcUtil (GrpcUtil.java:shutdownManagedChannel(216)) - Timed out gracefully shutting down connection: ManagedChannelOrphanWrapper{delegate=ManagedChannelImpl{logId=1517, target=localhost:45257}}. 
2022-07-22 17:40:56,217 [Timer-2] INFO  impl.MiniRaftCluster (MiniRaftCluster.java:lambda$null$5(315)) - TIMED-PRINT: printing ALL groups
  s0:  RUNNING  FOLLOWER s0@group-6B63ABD76F1E:t2, leader=s2, voted=s2, raftlog=Memoized:s0@group-6B63ABD76F1E-SegmentedRaftLog:OPENED:c23, conf=22: peers:[s0|rpc:localhost:45007|admin:localhost:46801|client:localhost:44465|dataStream:localhost:37487|priority:0|startupRole:FOLLOWER, s1|rpc:localhost:46271|admin:localhost:33567|client:localhost:41473|dataStream:localhost:32893|priority:0|startupRole:FOLLOWER, s2|rpc:localhost:38411|admin:localhost:35847|client:localhost:45257|dataStream:localhost:33781|priority:0|startupRole:FOLLOWER]|listeners:[], old=null RUNNING
  s1:  RUNNING  FOLLOWER s1@group-6B63ABD76F1E:t2, leader=s2, voted=s2, raftlog=Memoized:s1@group-6B63ABD76F1E-SegmentedRaftLog:OPENED:c23, conf=22: peers:[s0|rpc:localhost:45007|admin:localhost:46801|client:localhost:44465|dataStream:localhost:37487|priority:0|startupRole:FOLLOWER, s1|rpc:localhost:46271|admin:localhost:33567|client:localhost:41473|dataStream:localhost:32893|priority:0|startupRole:FOLLOWER, s2|rpc:localhost:38411|admin:localhost:35847|client:localhost:45257|dataStream:localhost:33781|priority:0|startupRole:FOLLOWER]|listeners:[], old=null RUNNING
  s2:  RUNNING    LEADER s2@group-6B63ABD76F1E:t2, leader=s2, voted=s2, raftlog=Memoized:s2@group-6B63ABD76F1E-SegmentedRaftLog:OPENED:c23, conf=22: peers:[s0|rpc:localhost:45007|admin:localhost:46801|client:localhost:44465|dataStream:localhost:37487|priority:0|startupRole:FOLLOWER, s1|rpc:localhost:46271|admin:localhost:33567|client:localhost:41473|dataStream:localhost:32893|priority:0|startupRole:FOLLOWER, s2|rpc:localhost:38411|admin:localhost:35847|client:localhost:45257|dataStream:localhost:33781|priority:0|startupRole:FOLLOWER]|listeners:[], old=null RUNNING
2022-07-22 17:40:57,367 [java.util.concurrent.ThreadPoolExecutor$Worker@4cca0814[State = -1, empty queue]] WARN  grpc.GrpcUtil (GrpcUtil.java:shutdownManagedChannel(216)) - Timed out gracefully shutting down connection: ManagedChannelOrphanWrapper{delegate=ManagedChannelImpl{logId=1531, target=localhost:45257}}. 
2022-07-22 17:41:01,498 [java.util.concurrent.ThreadPoolExecutor$Worker@39f32561[State = -1, empty queue]] WARN  grpc.GrpcUtil (GrpcUtil.java:shutdownManagedChannel(216)) - Timed out gracefully shutting down connection: ManagedChannelOrphanWrapper{delegate=ManagedChannelImpl{logId=1545, target=localhost:45257}}. 
2022-07-22 17:41:03,488 [java.util.concurrent.ThreadPoolExecutor$Worker@6fe9994a[State = -1, empty queue]] WARN  grpc.GrpcUtil (GrpcUtil.java:shutdownManagedChannel(216)) - Timed out gracefully shutting down connection: ManagedChannelOrphanWrapper{delegate=ManagedChannelImpl{logId=1559, target=localhost:45257}}. 
2022-07-22 17:41:06,216 [Timer-2] INFO  impl.MiniRaftCluster (MiniRaftCluster.java:lambda$null$5(315)) - TIMED-PRINT: printing ALL groups
  s0:  RUNNING  FOLLOWER s0@group-6B63ABD76F1E:t2, leader=s2, voted=s2, raftlog=Memoized:s0@group-6B63ABD76F1E-SegmentedRaftLog:OPENED:c23, conf=22: peers:[s0|rpc:localhost:45007|admin:localhost:46801|client:localhost:44465|dataStream:localhost:37487|priority:0|startupRole:FOLLOWER, s1|rpc:localhost:46271|admin:localhost:33567|client:localhost:41473|dataStream:localhost:32893|priority:0|startupRole:FOLLOWER, s2|rpc:localhost:38411|admin:localhost:35847|client:localhost:45257|dataStream:localhost:33781|priority:0|startupRole:FOLLOWER]|listeners:[], old=null RUNNING
  s1:  RUNNING  FOLLOWER s1@group-6B63ABD76F1E:t2, leader=s2, voted=s2, raftlog=Memoized:s1@group-6B63ABD76F1E-SegmentedRaftLog:OPENED:c23, conf=22: peers:[s0|rpc:localhost:45007|admin:localhost:46801|client:localhost:44465|dataStream:localhost:37487|priority:0|startupRole:FOLLOWER, s1|rpc:localhost:46271|admin:localhost:33567|client:localhost:41473|dataStream:localhost:32893|priority:0|startupRole:FOLLOWER, s2|rpc:localhost:38411|admin:localhost:35847|client:localhost:45257|dataStream:localhost:33781|priority:0|startupRole:FOLLOWER]|listeners:[], old=null RUNNING
  s2:  RUNNING    LEADER s2@group-6B63ABD76F1E:t2, leader=s2, voted=s2, raftlog=Memoized:s2@group-6B63ABD76F1E-SegmentedRaftLog:OPENED:c23, conf=22: peers:[s0|rpc:localhost:45007|admin:localhost:46801|client:localhost:44465|dataStream:localhost:37487|priority:0|startupRole:FOLLOWER, s1|rpc:localhost:46271|admin:localhost:33567|client:localhost:41473|dataStream:localhost:32893|priority:0|startupRole:FOLLOWER, s2|rpc:localhost:38411|admin:localhost:35847|client:localhost:45257|dataStream:localhost:33781|priority:0|startupRole:FOLLOWER]|listeners:[], old=null RUNNING
2022-07-22 17:41:07,621 [java.util.concurrent.ThreadPoolExecutor$Worker@15a89b69[State = -1, empty queue]] WARN  grpc.GrpcUtil (GrpcUtil.java:shutdownManagedChannel(216)) - Timed out gracefully shutting down connection: ManagedChannelOrphanWrapper{delegate=ManagedChannelImpl{logId=1573, target=localhost:45257}}. 
2022-07-22 17:41:09,605 [java.util.concurrent.ThreadPoolExecutor$Worker@a4f43c1[State = -1, empty queue]] WARN  grpc.GrpcUtil (GrpcUtil.java:shutdownManagedChannel(216)) - Timed out gracefully shutting down connection: ManagedChannelOrphanWrapper{delegate=ManagedChannelImpl{logId=1587, target=localhost:45257}}. 
2022-07-22 17:41:13,742 [java.util.concurrent.ThreadPoolExecutor$Worker@1d51207f[State = -1, empty queue]] WARN  grpc.GrpcUtil (GrpcUtil.java:shutdownManagedChannel(216)) - Timed out gracefully shutting down connection: ManagedChannelOrphanWrapper{delegate=ManagedChannelImpl{logId=1601, target=localhost:45257}}. 
2022-07-22 17:41:15,722 [java.util.concurrent.ThreadPoolExecutor$Worker@7086bb73[State = -1, empty queue]] WARN  grpc.GrpcUtil (GrpcUtil.java:shutdownManagedChannel(216)) - Timed out gracefully shutting down connection: ManagedChannelOrphanWrapper{delegate=ManagedChannelImpl{logId=1615, target=localhost:45257}}. 
]]></system-out>
  </testcase>
  <testcase name="testStreamWrites" classname="org.apache.ratis.datastream.TestNettyDataStreamChainTopologyWithGrpcCluster" time="3.612"/>
</testsuite>