<?xml version="1.0" encoding="UTF-8"?>
<testsuite xmlns:xsi="http://www.w3.org/2001/XMLSchema-instance" xsi:noNamespaceSchemaLocation="https://maven.apache.org/surefire/maven-surefire-plugin/xsd/surefire-test-report-3.0.xsd" version="3.0" name="org.apache.ratis.TestMultiRaftGroup" time="123.328" tests="3" errors="1" skipped="0" failures="0">
  <properties>
    <property name="awt.toolkit" value="sun.awt.X11.XToolkit"/>
    <property name="file.encoding.pkg" value="sun.io"/>
    <property name="java.specification.version" value="1.8"/>
    <property name="sun.cpu.isalist" value=""/>
    <property name="sun.jnu.encoding" value="UTF-8"/>
    <property name="java.class.path" value="/home/runner/work/ratis/ratis/ratis-examples/target/test-classes:/home/runner/work/ratis/ratis/ratis-examples/target/classes:/home/runner/.m2/repository/org/apache/ratis/ratis-thirdparty-misc/1.0.6/ratis-thirdparty-misc-1.0.6.jar:/home/runner/work/ratis/ratis/ratis-proto/target/classes:/home/runner/work/ratis/ratis/ratis-tools/target/classes:/home/runner/work/ratis/ratis/ratis-common/target/classes:/home/runner/work/ratis/ratis/ratis-common/target/test-classes:/home/runner/work/ratis/ratis/ratis-client/target/classes:/home/runner/work/ratis/ratis/ratis-server/target/classes:/home/runner/work/ratis/ratis/ratis-server-api/target/classes:/home/runner/work/ratis/ratis/ratis-metrics-api/target/classes:/home/runner/work/ratis/ratis/ratis-server/target/test-classes:/home/runner/work/ratis/ratis/ratis-metrics-default/target/classes:/home/runner/work/ratis/ratis/ratis-grpc/target/classes:/home/runner/work/ratis/ratis/ratis-grpc/target/test-classes:/home/runner/work/ratis/ratis/ratis-netty/target/classes:/home/runner/work/ratis/ratis/ratis-netty/target/test-classes:/home/runner/work/ratis/ratis/ratis-test/target/test-classes:/home/runner/.m2/repository/com/beust/jcommander/1.82/jcommander-1.82.jar:/home/runner/.m2/repository/org/slf4j/slf4j-api/2.0.7/slf4j-api-2.0.7.jar:/home/runner/.m2/repository/org/slf4j/slf4j-reload4j/2.0.7/slf4j-reload4j-2.0.7.jar:/home/runner/.m2/repository/ch/qos/reload4j/reload4j/1.2.22/reload4j-1.2.22.jar:/home/runner/.m2/repository/junit/junit/4.13.2/junit-4.13.2.jar:/home/runner/.m2/repository/org/hamcrest/hamcrest-core/1.3/hamcrest-core-1.3.jar:/home/runner/.m2/repository/org/junit/jupiter/junit-jupiter-engine/5.11.2/junit-jupiter-engine-5.11.2.jar:/home/runner/.m2/repository/org/junit/platform/junit-platform-engine/1.11.2/junit-platform-engine-1.11.2.jar:/home/runner/.m2/repository/org/apiguardian/apiguardian-api/1.1.2/apiguardian-api-1.1.2.jar:/home/runner/.m2/repository/org/junit/jupiter/junit-jupiter-api/5.11.2/junit-jupiter-api-5.11.2.jar:/home/runner/.m2/repository/org/opentest4j/opentest4j/1.3.0/opentest4j-1.3.0.jar:/home/runner/.m2/repository/org/junit/platform/junit-platform-commons/1.11.2/junit-platform-commons-1.11.2.jar:/home/runner/.m2/repository/org/junit/jupiter/junit-jupiter-params/5.11.2/junit-jupiter-params-5.11.2.jar:"/>
    <property name="java.vm.vendor" value="Temurin"/>
    <property name="sun.arch.data.model" value="64"/>
    <property name="java.vendor.url" value="https://adoptium.net/"/>
    <property name="user.timezone" value="Etc/UTC"/>
    <property name="java.vm.specification.version" value="1.8"/>
    <property name="os.name" value="Linux"/>
    <property name="sun.java.launcher" value="SUN_STANDARD"/>
    <property name="sun.boot.library.path" value="/usr/lib/jvm/temurin-8-jdk-amd64/jre/lib/amd64"/>
    <property name="sun.java.command" value="/home/runner/work/ratis/ratis/ratis-examples/target/surefire/surefirebooter692406259875441537.jar /home/runner/work/ratis/ratis/ratis-examples/target/surefire 2024-10-16T23-49-55_997-jvmRun1 surefire2372426660396104219tmp surefire_441686060603452467701tmp"/>
    <property name="surefire.test.class.path" value="/home/runner/work/ratis/ratis/ratis-examples/target/test-classes:/home/runner/work/ratis/ratis/ratis-examples/target/classes:/home/runner/.m2/repository/org/apache/ratis/ratis-thirdparty-misc/1.0.6/ratis-thirdparty-misc-1.0.6.jar:/home/runner/work/ratis/ratis/ratis-proto/target/classes:/home/runner/work/ratis/ratis/ratis-tools/target/classes:/home/runner/work/ratis/ratis/ratis-common/target/classes:/home/runner/work/ratis/ratis/ratis-common/target/test-classes:/home/runner/work/ratis/ratis/ratis-client/target/classes:/home/runner/work/ratis/ratis/ratis-server/target/classes:/home/runner/work/ratis/ratis/ratis-server-api/target/classes:/home/runner/work/ratis/ratis/ratis-metrics-api/target/classes:/home/runner/work/ratis/ratis/ratis-server/target/test-classes:/home/runner/work/ratis/ratis/ratis-metrics-default/target/classes:/home/runner/work/ratis/ratis/ratis-grpc/target/classes:/home/runner/work/ratis/ratis/ratis-grpc/target/test-classes:/home/runner/work/ratis/ratis/ratis-netty/target/classes:/home/runner/work/ratis/ratis/ratis-netty/target/test-classes:/home/runner/work/ratis/ratis/ratis-test/target/test-classes:/home/runner/.m2/repository/com/beust/jcommander/1.82/jcommander-1.82.jar:/home/runner/.m2/repository/org/slf4j/slf4j-api/2.0.7/slf4j-api-2.0.7.jar:/home/runner/.m2/repository/org/slf4j/slf4j-reload4j/2.0.7/slf4j-reload4j-2.0.7.jar:/home/runner/.m2/repository/ch/qos/reload4j/reload4j/1.2.22/reload4j-1.2.22.jar:/home/runner/.m2/repository/junit/junit/4.13.2/junit-4.13.2.jar:/home/runner/.m2/repository/org/hamcrest/hamcrest-core/1.3/hamcrest-core-1.3.jar:/home/runner/.m2/repository/org/junit/jupiter/junit-jupiter-engine/5.11.2/junit-jupiter-engine-5.11.2.jar:/home/runner/.m2/repository/org/junit/platform/junit-platform-engine/1.11.2/junit-platform-engine-1.11.2.jar:/home/runner/.m2/repository/org/apiguardian/apiguardian-api/1.1.2/apiguardian-api-1.1.2.jar:/home/runner/.m2/repository/org/junit/jupiter/junit-jupiter-api/5.11.2/junit-jupiter-api-5.11.2.jar:/home/runner/.m2/repository/org/opentest4j/opentest4j/1.3.0/opentest4j-1.3.0.jar:/home/runner/.m2/repository/org/junit/platform/junit-platform-commons/1.11.2/junit-platform-commons-1.11.2.jar:/home/runner/.m2/repository/org/junit/jupiter/junit-jupiter-params/5.11.2/junit-jupiter-params-5.11.2.jar:"/>
    <property name="sun.cpu.endian" value="little"/>
    <property name="user.home" value="/home/runner"/>
    <property name="user.language" value="en"/>
    <property name="java.specification.vendor" value="Oracle Corporation"/>
    <property name="java.home" value="/usr/lib/jvm/temurin-8-jdk-amd64/jre"/>
    <property name="basedir" value="/home/runner/work/ratis/ratis/ratis-examples"/>
    <property name="file.separator" value="/"/>
    <property name="line.separator" value="&#10;"/>
    <property name="java.vm.specification.vendor" value="Oracle Corporation"/>
    <property name="java.specification.name" value="Java Platform API Specification"/>
    <property name="java.awt.graphicsenv" value="sun.awt.X11GraphicsEnvironment"/>
    <property name="surefire.real.class.path" value="/home/runner/work/ratis/ratis/ratis-examples/target/surefire/surefirebooter692406259875441537.jar:/home/runner/.m2/repository/org/jacoco/org.jacoco.agent/0.8.12/org.jacoco.agent-0.8.12-runtime.jar"/>
    <property name="sun.boot.class.path" value="/usr/lib/jvm/temurin-8-jdk-amd64/jre/lib/resources.jar:/usr/lib/jvm/temurin-8-jdk-amd64/jre/lib/rt.jar:/usr/lib/jvm/temurin-8-jdk-amd64/jre/lib/sunrsasign.jar:/usr/lib/jvm/temurin-8-jdk-amd64/jre/lib/jsse.jar:/usr/lib/jvm/temurin-8-jdk-amd64/jre/lib/jce.jar:/usr/lib/jvm/temurin-8-jdk-amd64/jre/lib/charsets.jar:/usr/lib/jvm/temurin-8-jdk-amd64/jre/lib/jfr.jar:/usr/lib/jvm/temurin-8-jdk-amd64/jre/classes"/>
    <property name="sun.management.compiler" value="HotSpot 64-Bit Tiered Compilers"/>
    <property name="java.runtime.version" value="1.8.0_422-b05"/>
    <property name="java.net.preferIPv4Stack" value="true"/>
    <property name="user.name" value="runner"/>
    <property name="path.separator" value=":"/>
    <property name="os.version" value="5.15.0-1073-azure"/>
    <property name="java.endorsed.dirs" value="/usr/lib/jvm/temurin-8-jdk-amd64/jre/lib/endorsed"/>
    <property name="java.runtime.name" value="OpenJDK Runtime Environment"/>
    <property name="file.encoding" value="UTF-8"/>
    <property name="java.vm.name" value="OpenJDK 64-Bit Server VM"/>
    <property name="localRepository" value="/home/runner/.m2/repository"/>
    <property name="java.vendor.url.bug" value="https://github.com/adoptium/adoptium-support/issues"/>
    <property name="java.io.tmpdir" value="/tmp"/>
    <property name="java.version" value="1.8.0_422"/>
    <property name="user.dir" value="/home/runner/work/ratis/ratis/ratis-examples"/>
    <property name="os.arch" value="amd64"/>
    <property name="ratis.tmp.dir" value="/home/runner/work/ratis/ratis/ratis-examples/target/tmp"/>
    <property name="java.vm.specification.name" value="Java Virtual Machine Specification"/>
    <property name="java.awt.printerjob" value="sun.print.PSPrinterJob"/>
    <property name="ratis.log.dir" value="/home/runner/work/ratis/ratis/ratis-examples/target/log"/>
    <property name="sun.os.patch.level" value="unknown"/>
    <property name="org.apache.ratis.thirdparty.io.netty.allocator.useCacheForAllThreads" value="false"/>
    <property name="java.library.path" value="/usr/java/packages/lib/amd64:/usr/lib64:/lib64:/lib:/usr/lib"/>
    <property name="java.vm.info" value="mixed mode"/>
    <property name="java.vendor" value="Temurin"/>
    <property name="java.vm.version" value="25.422-b05"/>
    <property name="java.specification.maintenance.version" value="5"/>
    <property name="java.ext.dirs" value="/usr/lib/jvm/temurin-8-jdk-amd64/jre/lib/ext:/usr/java/packages/lib/ext"/>
    <property name="sun.io.unicode.encoding" value="UnicodeLittle"/>
    <property name="java.class.version" value="52.0"/>
  </properties>
  <testcase name="testMultiRaftGroup(MiniRaftCluster)[1]" classname="org.apache.ratis.TestMultiRaftGroup" time="20.033"/>
  <testcase name="testMultiRaftGroup(MiniRaftCluster)[2]" classname="org.apache.ratis.TestMultiRaftGroup" time="23.214"/>
  <testcase name="testMultiRaftGroup(MiniRaftCluster)[3]" classname="org.apache.ratis.TestMultiRaftGroup" time="79.771">
    <error type="java.lang.IllegalStateException"><![CDATA[java.lang.IllegalStateException: #leaks = 1 > 0, #leaks == set.size = 1
	at org.apache.ratis.util.Preconditions.assertTrue(Preconditions.java:77)
	at org.apache.ratis.util.LeakDetector$LeakTrackerSet.assertNoLeaks(LeakDetector.java:100)
	at org.apache.ratis.util.LeakDetector$LeakTrackerSet.getNumLeaks(LeakDetector.java:94)
	at org.apache.ratis.util.LeakDetector.assertNoLeaks(LeakDetector.java:174)
	at org.apache.ratis.server.impl.MiniRaftCluster.shutdown(MiniRaftCluster.java:894)
	at org.apache.ratis.server.impl.GroupManagementBaseTest.runMultiGroupTest(GroupManagementBaseTest.java:341)
	at org.apache.ratis.TestMultiRaftGroup.runTestMultiRaftGroup(TestMultiRaftGroup.java:68)
	at org.apache.ratis.TestMultiRaftGroup.runTestMultiRaftGroup(TestMultiRaftGroup.java:54)
	at org.apache.ratis.TestMultiRaftGroup.testMultiRaftGroup(TestMultiRaftGroup.java:50)
	at java.lang.reflect.Method.invoke(Method.java:498)
	at java.util.stream.ForEachOps$ForEachOp$OfRef.accept(ForEachOps.java:183)
	at java.util.stream.ReferencePipeline$3$1.accept(ReferencePipeline.java:193)
	at java.util.stream.ReferencePipeline$2$1.accept(ReferencePipeline.java:175)
	at java.util.stream.ReferencePipeline$3$1.accept(ReferencePipeline.java:193)
	at java.util.stream.ForEachOps$ForEachOp$OfRef.accept(ForEachOps.java:183)
	at java.util.stream.ReferencePipeline$3$1.accept(ReferencePipeline.java:193)
	at java.util.stream.ForEachOps$ForEachOp$OfRef.accept(ForEachOps.java:183)
	at java.util.stream.ForEachOps$ForEachOp$OfRef.accept(ForEachOps.java:183)
	at java.util.stream.ReferencePipeline$3$1.accept(ReferencePipeline.java:193)
	at java.util.ArrayList$ArrayListSpliterator.forEachRemaining(ArrayList.java:1384)
	at java.util.stream.ReferencePipeline$Head.forEach(ReferencePipeline.java:647)
	at java.util.stream.ReferencePipeline$7$1.accept(ReferencePipeline.java:272)
	at java.util.stream.ReferencePipeline$3$1.accept(ReferencePipeline.java:193)
	at java.util.stream.ReferencePipeline$3$1.accept(ReferencePipeline.java:193)
	at java.util.stream.ReferencePipeline$3$1.accept(ReferencePipeline.java:193)
	at java.util.Spliterators$ArraySpliterator.forEachRemaining(Spliterators.java:948)
	at java.util.stream.AbstractPipeline.copyInto(AbstractPipeline.java:482)
	at java.util.stream.AbstractPipeline.wrapAndCopyInto(AbstractPipeline.java:472)
	at java.util.stream.ForEachOps$ForEachOp.evaluateSequential(ForEachOps.java:150)
	at java.util.stream.ForEachOps$ForEachOp$OfRef.evaluateSequential(ForEachOps.java:173)
	at java.util.stream.AbstractPipeline.evaluate(AbstractPipeline.java:234)
	at java.util.stream.ReferencePipeline.forEach(ReferencePipeline.java:485)
	at java.util.stream.ReferencePipeline$7$1.accept(ReferencePipeline.java:272)
	at java.util.ArrayList$ArrayListSpliterator.forEachRemaining(ArrayList.java:1384)
	at java.util.stream.AbstractPipeline.copyInto(AbstractPipeline.java:482)
	at java.util.stream.AbstractPipeline.wrapAndCopyInto(AbstractPipeline.java:472)
	at java.util.stream.ForEachOps$ForEachOp.evaluateSequential(ForEachOps.java:150)
	at java.util.stream.ForEachOps$ForEachOp$OfRef.evaluateSequential(ForEachOps.java:173)
	at java.util.stream.AbstractPipeline.evaluate(AbstractPipeline.java:234)
	at java.util.stream.ReferencePipeline.forEach(ReferencePipeline.java:485)
	at java.util.stream.ReferencePipeline$7$1.accept(ReferencePipeline.java:272)
	at java.util.stream.ReferencePipeline$3$1.accept(ReferencePipeline.java:193)
	at java.util.stream.ReferencePipeline$3$1.accept(ReferencePipeline.java:193)
	at java.util.stream.ReferencePipeline$3$1.accept(ReferencePipeline.java:193)
	at java.util.ArrayList$ArrayListSpliterator.forEachRemaining(ArrayList.java:1384)
	at java.util.stream.AbstractPipeline.copyInto(AbstractPipeline.java:482)
	at java.util.stream.AbstractPipeline.wrapAndCopyInto(AbstractPipeline.java:472)
	at java.util.stream.ForEachOps$ForEachOp.evaluateSequential(ForEachOps.java:150)
	at java.util.stream.ForEachOps$ForEachOp$OfRef.evaluateSequential(ForEachOps.java:173)
	at java.util.stream.AbstractPipeline.evaluate(AbstractPipeline.java:234)
	at java.util.stream.ReferencePipeline.forEach(ReferencePipeline.java:485)
	at java.util.stream.ReferencePipeline$7$1.accept(ReferencePipeline.java:272)
	at java.util.ArrayList$ArrayListSpliterator.forEachRemaining(ArrayList.java:1384)
	at java.util.stream.AbstractPipeline.copyInto(AbstractPipeline.java:482)
	at java.util.stream.AbstractPipeline.wrapAndCopyInto(AbstractPipeline.java:472)
	at java.util.stream.ForEachOps$ForEachOp.evaluateSequential(ForEachOps.java:150)
	at java.util.stream.ForEachOps$ForEachOp$OfRef.evaluateSequential(ForEachOps.java:173)
	at java.util.stream.AbstractPipeline.evaluate(AbstractPipeline.java:234)
	at java.util.stream.ReferencePipeline.forEach(ReferencePipeline.java:485)
	at java.util.ArrayList.forEach(ArrayList.java:1259)
	at java.util.ArrayList.forEach(ArrayList.java:1259)
	Suppressed: org.junit.platform.commons.JUnitException: Failed to close extension context
		... 51 more
	Caused by: java.lang.IllegalStateException: #leaks = 1 > 0, #leaks == set.size = 1
		at org.apache.ratis.util.Preconditions.assertTrue(Preconditions.java:77)
		at org.apache.ratis.util.LeakDetector$LeakTrackerSet.assertNoLeaks(LeakDetector.java:100)
		at org.apache.ratis.util.LeakDetector$LeakTrackerSet.getNumLeaks(LeakDetector.java:94)
		at org.apache.ratis.util.LeakDetector.assertNoLeaks(LeakDetector.java:174)
		at org.apache.ratis.server.impl.MiniRaftCluster.shutdown(MiniRaftCluster.java:894)
		at org.apache.ratis.server.impl.MiniRaftCluster.close(MiniRaftCluster.java:843)
		at java.util.stream.ForEachOps$ForEachOp$OfRef.accept(ForEachOps.java:183)
		at java.util.ArrayList.forEach(ArrayList.java:1259)
		at java.util.stream.SortedOps$RefSortingSink.end(SortedOps.java:395)
		at java.util.stream.Sink$ChainedReference.end(Sink.java:258)
		at java.util.stream.Sink$ChainedReference.end(Sink.java:258)
		at java.util.stream.AbstractPipeline.copyInto(AbstractPipeline.java:483)
		at java.util.stream.AbstractPipeline.wrapAndCopyInto(AbstractPipeline.java:472)
		at java.util.stream.ForEachOps$ForEachOp.evaluateSequential(ForEachOps.java:150)
		at java.util.stream.ForEachOps$ForEachOp$OfRef.evaluateSequential(ForEachOps.java:173)
		at java.util.stream.AbstractPipeline.evaluate(AbstractPipeline.java:234)
		at java.util.stream.ReferencePipeline.forEach(ReferencePipeline.java:485)
		... 51 more
]]></error>
    <system-out><![CDATA[2024-10-16 23:57:14,561 INFO  util.LogUtils (Slf4jUtils.java:setLogLevel(38)) - Successfully set org.apache.ratis.conf.ConfUtils log level to WARN
2024-10-16 23:57:14,561 INFO  util.LogUtils (Slf4jUtils.java:setLogLevel(38)) - Successfully set org.apache.ratis.util.FileUtils log level to TRACE
2024-10-16 23:57:14,562 INFO  impl.GroupManagementBaseTest (GroupManagementBaseTest.java:runMultiGroupTest(251)) - 

runMultiGroupTest with MiniRaftClusterWithNetty[3, 6, 9, 12, 15]chosen=3: printing ALL groups
2024-10-16 23:57:14,562 INFO  impl.GroupManagementBaseTest (GroupManagementBaseTest.java:runMultiGroupTest(258)) - ids: [s0, s1, s2, s3, s4, s5, s6, s7, s8, s9, s10, s11, s12, s13, s14]
2024-10-16 23:57:14,562 INFO  impl.MiniRaftCluster (MiniRaftCluster.java:newRaftServer(396)) - newRaftServer: s0, group-9EBC86A0B11D:[], format? true
2024-10-16 23:57:14,562 TRACE util.FileUtils (FileUtils.java:deleteFully(305)) - deleteFully target/test/data/6cc99a4c/MiniRaftClusterWithNettyeee6e424/s0
2024-10-16 23:57:14,562 TRACE util.FileUtils (FileUtils.java:deleteFully(318)) - deleteFully: target/test/data/6cc99a4c/MiniRaftClusterWithNettyeee6e424/s0 does not exist.
2024-10-16 23:57:14,563 INFO  impl.MiniRaftCluster (MiniRaftCluster.java:newRaftServer(401)) - Formatted directory target/test/data/6cc99a4c/MiniRaftClusterWithNettyeee6e424/s0
2024-10-16 23:57:14,564 INFO  server.RaftServer (ConfUtils.java:logGet(46)) - raft.rpc.type = NETTY (custom)
2024-10-16 23:57:14,567 INFO  netty.NettyConfigKeys$Server (ConfUtils.java:logGet(46)) - raft.netty.server.use-epoll = true (default)
2024-10-16 23:57:14,568 INFO  netty.NettyUtils (NettyUtils.java:newEventLoopGroup(74)) - Create EpollEventLoopGroup for NettyRpcService-bossGroup; Thread size is 0.
2024-10-16 23:57:14,568 INFO  netty.NettyUtils (NettyUtils.java:newEventLoopGroup(74)) - Create EpollEventLoopGroup for NettyRpcService-workerGroup; Thread size is 0.
2024-10-16 23:57:14,569 INFO  netty.NettyConfigKeys$Server (ConfUtils.java:logGet(46)) - raft.netty.server.host = null (default)
2024-10-16 23:57:14,569 INFO  netty.NettyConfigKeys$Server (ConfUtils.java:logGet(46)) - raft.netty.server.port = 15015 (custom)
2024-10-16 23:57:14,570 INFO  impl.DataStreamServerImpl (ConfUtils.java:logGet(46)) - raft.datastream.type = DISABLED (default)
2024-10-16 23:57:14,570 INFO  server.RaftServerConfigKeys (ConfUtils.java:logGet(46)) - raft.server.sleep.deviation.threshold = 300ms (default)
2024-10-16 23:57:14,570 INFO  server.RaftServerConfigKeys (ConfUtils.java:logGet(46)) - raft.server.close.threshold = 60s (default)
2024-10-16 23:57:14,570 INFO  server.RaftServerConfigKeys (ConfUtils.java:logGet(46)) - raft.server.leaderelection.leader.step-down.wait-time = 10s (default)
2024-10-16 23:57:14,570 INFO  server.RaftServerConfigKeys (ConfUtils.java:logGet(46)) - raft.server.storage.dir = [/home/runner/work/ratis/ratis/ratis-examples/target/test/data/6cc99a4c/MiniRaftClusterWithNettyeee6e424/s0] (custom)
2024-10-16 23:57:14,570 INFO  server.RaftServerConfigKeys (ConfUtils.java:logGet(46)) - raft.server.threadpool.proxy.cached = true (default)
2024-10-16 23:57:14,571 INFO  server.RaftServerConfigKeys (ConfUtils.java:logGet(46)) - raft.server.threadpool.proxy.size = 0 (default)
2024-10-16 23:57:14,571 INFO  server.RaftServer (RaftServerProxy.java:addNew(101)) - s0: addNew group-9EBC86A0B11D:[] returns group-9EBC86A0B11D:java.util.concurrent.CompletableFuture@1fe2c5ad[Not completed]
2024-10-16 23:57:14,571 INFO  impl.MiniRaftCluster (MiniRaftCluster.java:newRaftServer(396)) - newRaftServer: s1, group-9EBC86A0B11D:[], format? true
2024-10-16 23:57:14,571 TRACE util.FileUtils (FileUtils.java:deleteFully(305)) - deleteFully target/test/data/6cc99a4c/MiniRaftClusterWithNettyeee6e424/s1
2024-10-16 23:57:14,572 TRACE util.FileUtils (FileUtils.java:deleteFully(318)) - deleteFully: target/test/data/6cc99a4c/MiniRaftClusterWithNettyeee6e424/s1 does not exist.
2024-10-16 23:57:14,572 INFO  impl.MiniRaftCluster (MiniRaftCluster.java:newRaftServer(401)) - Formatted directory target/test/data/6cc99a4c/MiniRaftClusterWithNettyeee6e424/s1
2024-10-16 23:57:14,572 INFO  netty.NettyUtils (NettyUtils.java:newEventLoopGroup(74)) - Create EpollEventLoopGroup for s0; Thread size is 0.
2024-10-16 23:57:14,572 INFO  server.RaftServer (ConfUtils.java:logGet(46)) - raft.rpc.type = NETTY (custom)
2024-10-16 23:57:14,572 INFO  netty.NettyConfigKeys$Server (ConfUtils.java:logGet(46)) - raft.netty.server.use-epoll = true (default)
2024-10-16 23:57:14,573 INFO  netty.NettyUtils (NettyUtils.java:newEventLoopGroup(74)) - Create EpollEventLoopGroup for NettyRpcService-bossGroup; Thread size is 0.
2024-10-16 23:57:14,573 INFO  netty.NettyUtils (NettyUtils.java:newEventLoopGroup(74)) - Create EpollEventLoopGroup for NettyRpcService-workerGroup; Thread size is 0.
2024-10-16 23:57:14,573 INFO  server.RaftServer$Division (RaftServerImpl.java:<init>(257)) - s0: new RaftServerImpl for group-9EBC86A0B11D:[] with ArithmeticStateMachine:uninitialized
2024-10-16 23:57:14,573 INFO  server.RaftServerConfigKeys (ConfUtils.java:logGet(46)) - raft.server.rpc.timeout.min = 300ms (custom)
2024-10-16 23:57:14,573 INFO  server.RaftServerConfigKeys (ConfUtils.java:logGet(46)) - raft.server.rpc.timeout.max = 600ms (custom)
2024-10-16 23:57:14,573 INFO  server.RaftServerConfigKeys (ConfUtils.java:logGet(46)) - raft.server.rpc.sleep.time = 25ms (default)
2024-10-16 23:57:14,573 INFO  netty.NettyConfigKeys$Server (ConfUtils.java:logGet(46)) - raft.netty.server.host = null (default)
2024-10-16 23:57:14,574 INFO  server.RaftServerConfigKeys (ConfUtils.java:logGet(46)) - raft.server.rpc.slowness.timeout = 60s (default)
2024-10-16 23:57:14,574 INFO  netty.NettyConfigKeys$Server (ConfUtils.java:logGet(46)) - raft.netty.server.port = 15016 (custom)
2024-10-16 23:57:14,574 INFO  server.RaftServerConfigKeys (ConfUtils.java:logGet(46)) - raft.server.leaderelection.leader.step-down.wait-time = 10s (default)
2024-10-16 23:57:14,574 INFO  impl.DataStreamServerImpl (ConfUtils.java:logGet(46)) - raft.datastream.type = DISABLED (default)
2024-10-16 23:57:14,574 INFO  server.RaftServerConfigKeys (ConfUtils.java:logGet(46)) - raft.server.leaderelection.member.majority-add = false (default)
2024-10-16 23:57:14,574 INFO  server.RaftServerConfigKeys (ConfUtils.java:logGet(46)) - raft.server.sleep.deviation.threshold = 300ms (default)
2024-10-16 23:57:14,574 INFO  server.RaftServerConfigKeys (ConfUtils.java:logGet(46)) - raft.server.close.threshold = 60s (default)
2024-10-16 23:57:14,574 INFO  server.RaftServerConfigKeys (ConfUtils.java:logGet(46)) - raft.server.leaderelection.leader.step-down.wait-time = 10s (default)
2024-10-16 23:57:14,574 INFO  server.RaftServerConfigKeys (ConfUtils.java:logGet(46)) - raft.server.sleep.deviation.threshold = 300ms (default)
2024-10-16 23:57:14,575 INFO  server.RaftServerConfigKeys (ConfUtils.java:logGet(46)) - raft.server.storage.dir = [/home/runner/work/ratis/ratis/ratis-examples/target/test/data/6cc99a4c/MiniRaftClusterWithNettyeee6e424/s1] (custom)
2024-10-16 23:57:14,575 INFO  server.RaftServer$Division (ServerState.java:<init>(114)) - s0@group-9EBC86A0B11D: ConfigurationManager, init=conf: {index: -1, cur=peers:[]|listeners:[], old=null}, confs=<EMPTY_MAP>
2024-10-16 23:57:14,575 INFO  server.RaftServerConfigKeys (ConfUtils.java:logGet(46)) - raft.server.threadpool.proxy.cached = true (default)
2024-10-16 23:57:14,575 INFO  server.RaftServerConfigKeys (ConfUtils.java:logGet(46)) - raft.server.notification.no-leader.timeout = 60s (default)
2024-10-16 23:57:14,575 INFO  server.RaftServerConfigKeys (ConfUtils.java:logGet(46)) - raft.server.threadpool.proxy.size = 0 (default)
2024-10-16 23:57:14,575 INFO  server.RaftServerConfigKeys (ConfUtils.java:logGet(46)) - raft.server.read.timeout = 10s (default)
2024-10-16 23:57:14,575 INFO  server.RaftServerConfigKeys (ConfUtils.java:logGet(46)) - raft.server.retrycache.expirytime = 60s (default)
2024-10-16 23:57:14,575 INFO  server.RaftServerConfigKeys (ConfUtils.java:logGet(46)) - raft.server.retrycache.statistics.expirytime = 100ms (default)
2024-10-16 23:57:14,576 INFO  server.RaftServerConfigKeys (ConfUtils.java:logGet(46)) - raft.server.read.option = DEFAULT (default)
2024-10-16 23:57:14,576 INFO  server.RaftServerConfigKeys (ConfUtils.java:logGet(46)) - raft.server.read.read-after-write-consistent.write-index-cache.expiry-time = 60s (default)
2024-10-16 23:57:14,576 INFO  server.RaftServer (RaftServerProxy.java:addNew(101)) - s1: addNew group-9EBC86A0B11D:[] returns group-9EBC86A0B11D:java.util.concurrent.CompletableFuture@1002f859[Not completed]
2024-10-16 23:57:14,576 INFO  netty.NettyUtils (NettyUtils.java:newEventLoopGroup(74)) - Create EpollEventLoopGroup for s1; Thread size is 0.
2024-10-16 23:57:14,576 INFO  impl.MiniRaftCluster (MiniRaftCluster.java:newRaftServer(396)) - newRaftServer: s2, group-9EBC86A0B11D:[], format? true
2024-10-16 23:57:14,576 TRACE util.FileUtils (FileUtils.java:deleteFully(305)) - deleteFully target/test/data/6cc99a4c/MiniRaftClusterWithNettyeee6e424/s2
2024-10-16 23:57:14,576 INFO  server.RaftServer$Division (RaftServerImpl.java:<init>(257)) - s1: new RaftServerImpl for group-9EBC86A0B11D:[] with ArithmeticStateMachine:uninitialized
2024-10-16 23:57:14,576 TRACE util.FileUtils (FileUtils.java:deleteFully(318)) - deleteFully: target/test/data/6cc99a4c/MiniRaftClusterWithNettyeee6e424/s2 does not exist.
2024-10-16 23:57:14,577 INFO  impl.MiniRaftCluster (MiniRaftCluster.java:newRaftServer(401)) - Formatted directory target/test/data/6cc99a4c/MiniRaftClusterWithNettyeee6e424/s2
2024-10-16 23:57:14,577 INFO  server.RaftServerConfigKeys (ConfUtils.java:logGet(46)) - raft.server.rpc.request.timeout = 3000ms (default)
2024-10-16 23:57:14,577 INFO  server.RaftServerConfigKeys (ConfUtils.java:logGet(46)) - raft.server.log.appender.install.snapshot.enabled = true (default)
2024-10-16 23:57:14,577 INFO  server.RaftServerConfigKeys (ConfUtils.java:logGet(46)) - raft.server.threadpool.server.cached = true (default)
2024-10-16 23:57:14,576 INFO  server.RaftServerConfigKeys (ConfUtils.java:logGet(46)) - raft.server.rpc.timeout.min = 300ms (custom)
2024-10-16 23:57:14,577 INFO  server.RaftServerConfigKeys (ConfUtils.java:logGet(46)) - raft.server.threadpool.server.size = 0 (default)
2024-10-16 23:57:14,577 INFO  server.RaftServer (ConfUtils.java:logGet(46)) - raft.rpc.type = NETTY (custom)
2024-10-16 23:57:14,577 INFO  server.RaftServerConfigKeys (ConfUtils.java:logGet(46)) - raft.server.threadpool.client.cached = true (default)
2024-10-16 23:57:14,577 INFO  server.RaftServerConfigKeys (ConfUtils.java:logGet(46)) - raft.server.threadpool.client.size = 0 (default)
2024-10-16 23:57:14,577 INFO  server.RaftServerConfigKeys (ConfUtils.java:logGet(46)) - raft.server.rpc.timeout.max = 600ms (custom)
2024-10-16 23:57:14,577 INFO  netty.NettyConfigKeys$Server (ConfUtils.java:logGet(46)) - raft.netty.server.use-epoll = true (default)
2024-10-16 23:57:14,578 INFO  netty.NettyUtils (NettyUtils.java:newEventLoopGroup(74)) - Create EpollEventLoopGroup for NettyRpcService-bossGroup; Thread size is 0.
2024-10-16 23:57:14,577 INFO  server.RaftServerConfigKeys (ConfUtils.java:logGet(46)) - raft.server.rpc.sleep.time = 25ms (default)
2024-10-16 23:57:14,578 INFO  server.RaftServerConfigKeys (ConfUtils.java:logGet(46)) - raft.server.rpc.slowness.timeout = 60s (default)
2024-10-16 23:57:14,578 INFO  server.RaftServerConfigKeys (ConfUtils.java:logGet(46)) - raft.server.leaderelection.leader.step-down.wait-time = 10s (default)
2024-10-16 23:57:14,578 INFO  server.RaftServerConfigKeys (ConfUtils.java:logGet(46)) - raft.server.leaderelection.member.majority-add = false (default)
2024-10-16 23:57:14,578 INFO  server.RaftServerConfigKeys (ConfUtils.java:logGet(46)) - raft.server.sleep.deviation.threshold = 300ms (default)
2024-10-16 23:57:14,578 INFO  server.RaftServer$Division (ServerState.java:<init>(114)) - s1@group-9EBC86A0B11D: ConfigurationManager, init=conf: {index: -1, cur=peers:[]|listeners:[], old=null}, confs=<EMPTY_MAP>
2024-10-16 23:57:14,578 INFO  server.RaftServerConfigKeys (ConfUtils.java:logGet(46)) - raft.server.notification.no-leader.timeout = 60s (default)
2024-10-16 23:57:14,578 INFO  server.RaftServerConfigKeys (ConfUtils.java:logGet(46)) - raft.server.read.timeout = 10s (default)
2024-10-16 23:57:14,578 INFO  netty.NettyUtils (NettyUtils.java:newEventLoopGroup(74)) - Create EpollEventLoopGroup for NettyRpcService-workerGroup; Thread size is 0.
2024-10-16 23:57:14,578 INFO  server.RaftServerConfigKeys (ConfUtils.java:logGet(46)) - raft.server.retrycache.expirytime = 60s (default)
2024-10-16 23:57:14,578 INFO  server.RaftServerConfigKeys (ConfUtils.java:logGet(46)) - raft.server.retrycache.statistics.expirytime = 100ms (default)
2024-10-16 23:57:14,578 INFO  server.RaftServerConfigKeys (ConfUtils.java:logGet(46)) - raft.server.read.option = DEFAULT (default)
2024-10-16 23:57:14,578 INFO  server.RaftServerConfigKeys (ConfUtils.java:logGet(46)) - raft.server.read.read-after-write-consistent.write-index-cache.expiry-time = 60s (default)
2024-10-16 23:57:14,578 INFO  netty.NettyConfigKeys$Server (ConfUtils.java:logGet(46)) - raft.netty.server.host = null (default)
2024-10-16 23:57:14,579 INFO  netty.NettyConfigKeys$Server (ConfUtils.java:logGet(46)) - raft.netty.server.port = 15017 (custom)
2024-10-16 23:57:14,579 INFO  server.RaftServerConfigKeys (ConfUtils.java:logGet(46)) - raft.server.rpc.request.timeout = 3000ms (default)
2024-10-16 23:57:14,579 INFO  impl.DataStreamServerImpl (ConfUtils.java:logGet(46)) - raft.datastream.type = DISABLED (default)
2024-10-16 23:57:14,579 INFO  server.RaftServerConfigKeys (ConfUtils.java:logGet(46)) - raft.server.log.appender.install.snapshot.enabled = true (default)
2024-10-16 23:57:14,579 INFO  server.RaftServerConfigKeys (ConfUtils.java:logGet(46)) - raft.server.threadpool.server.cached = true (default)
2024-10-16 23:57:14,579 INFO  server.RaftServerConfigKeys (ConfUtils.java:logGet(46)) - raft.server.threadpool.server.size = 0 (default)
2024-10-16 23:57:14,579 INFO  server.RaftServerConfigKeys (ConfUtils.java:logGet(46)) - raft.server.threadpool.client.cached = true (default)
2024-10-16 23:57:14,579 INFO  server.RaftServerConfigKeys (ConfUtils.java:logGet(46)) - raft.server.threadpool.client.size = 0 (default)
2024-10-16 23:57:14,579 INFO  server.RaftServerConfigKeys (ConfUtils.java:logGet(46)) - raft.server.sleep.deviation.threshold = 300ms (default)
2024-10-16 23:57:14,579 INFO  server.RaftServerConfigKeys (ConfUtils.java:logGet(46)) - raft.server.close.threshold = 60s (default)
2024-10-16 23:57:14,580 INFO  server.RaftServerConfigKeys (ConfUtils.java:logGet(46)) - raft.server.leaderelection.leader.step-down.wait-time = 10s (default)
2024-10-16 23:57:14,580 INFO  server.RaftServerConfigKeys (ConfUtils.java:logGet(46)) - raft.server.storage.dir = [/home/runner/work/ratis/ratis/ratis-examples/target/test/data/6cc99a4c/MiniRaftClusterWithNettyeee6e424/s2] (custom)
2024-10-16 23:57:14,580 INFO  server.RaftServerConfigKeys (ConfUtils.java:logGet(46)) - raft.server.threadpool.proxy.cached = true (default)
2024-10-16 23:57:14,580 INFO  server.RaftServerConfigKeys (ConfUtils.java:logGet(46)) - raft.server.threadpool.proxy.size = 0 (default)
2024-10-16 23:57:14,580 INFO  server.RaftServer (RaftServerProxy.java:addNew(101)) - s2: addNew group-9EBC86A0B11D:[] returns group-9EBC86A0B11D:java.util.concurrent.CompletableFuture@2351255a[Not completed]
2024-10-16 23:57:14,581 INFO  netty.NettyUtils (NettyUtils.java:newEventLoopGroup(74)) - Create EpollEventLoopGroup for s2; Thread size is 0.
2024-10-16 23:57:14,581 INFO  impl.MiniRaftCluster (MiniRaftCluster.java:newRaftServer(396)) - newRaftServer: s3, group-9EBC86A0B11D:[], format? true
2024-10-16 23:57:14,581 TRACE util.FileUtils (FileUtils.java:deleteFully(305)) - deleteFully target/test/data/6cc99a4c/MiniRaftClusterWithNettyeee6e424/s3
2024-10-16 23:57:14,581 INFO  server.RaftServer$Division (RaftServerImpl.java:<init>(257)) - s2: new RaftServerImpl for group-9EBC86A0B11D:[] with ArithmeticStateMachine:uninitialized
2024-10-16 23:57:14,581 TRACE util.FileUtils (FileUtils.java:deleteFully(318)) - deleteFully: target/test/data/6cc99a4c/MiniRaftClusterWithNettyeee6e424/s3 does not exist.
2024-10-16 23:57:14,581 INFO  impl.MiniRaftCluster (MiniRaftCluster.java:newRaftServer(401)) - Formatted directory target/test/data/6cc99a4c/MiniRaftClusterWithNettyeee6e424/s3
2024-10-16 23:57:14,581 INFO  server.RaftServerConfigKeys (ConfUtils.java:logGet(46)) - raft.server.rpc.timeout.min = 300ms (custom)
2024-10-16 23:57:14,582 INFO  server.RaftServerConfigKeys (ConfUtils.java:logGet(46)) - raft.server.rpc.timeout.max = 600ms (custom)
2024-10-16 23:57:14,582 INFO  server.RaftServer (ConfUtils.java:logGet(46)) - raft.rpc.type = NETTY (custom)
2024-10-16 23:57:14,582 INFO  server.RaftServerConfigKeys (ConfUtils.java:logGet(46)) - raft.server.rpc.sleep.time = 25ms (default)
2024-10-16 23:57:14,582 INFO  netty.NettyConfigKeys$Server (ConfUtils.java:logGet(46)) - raft.netty.server.use-epoll = true (default)
2024-10-16 23:57:14,582 INFO  netty.NettyUtils (NettyUtils.java:newEventLoopGroup(74)) - Create EpollEventLoopGroup for NettyRpcService-bossGroup; Thread size is 0.
2024-10-16 23:57:14,582 INFO  server.RaftServerConfigKeys (ConfUtils.java:logGet(46)) - raft.server.rpc.slowness.timeout = 60s (default)
2024-10-16 23:57:14,582 INFO  server.RaftServerConfigKeys (ConfUtils.java:logGet(46)) - raft.server.leaderelection.leader.step-down.wait-time = 10s (default)
2024-10-16 23:57:14,582 INFO  server.RaftServerConfigKeys (ConfUtils.java:logGet(46)) - raft.server.leaderelection.member.majority-add = false (default)
2024-10-16 23:57:14,582 INFO  server.RaftServerConfigKeys (ConfUtils.java:logGet(46)) - raft.server.sleep.deviation.threshold = 300ms (default)
2024-10-16 23:57:14,582 INFO  server.RaftServer$Division (ServerState.java:<init>(114)) - s2@group-9EBC86A0B11D: ConfigurationManager, init=conf: {index: -1, cur=peers:[]|listeners:[], old=null}, confs=<EMPTY_MAP>
2024-10-16 23:57:14,582 INFO  server.RaftServerConfigKeys (ConfUtils.java:logGet(46)) - raft.server.notification.no-leader.timeout = 60s (default)
2024-10-16 23:57:14,582 INFO  server.RaftServerConfigKeys (ConfUtils.java:logGet(46)) - raft.server.read.timeout = 10s (default)
2024-10-16 23:57:14,582 INFO  server.RaftServerConfigKeys (ConfUtils.java:logGet(46)) - raft.server.retrycache.expirytime = 60s (default)
2024-10-16 23:57:14,582 INFO  server.RaftServerConfigKeys (ConfUtils.java:logGet(46)) - raft.server.retrycache.statistics.expirytime = 100ms (default)
2024-10-16 23:57:14,583 INFO  server.RaftServerConfigKeys (ConfUtils.java:logGet(46)) - raft.server.read.option = DEFAULT (default)
2024-10-16 23:57:14,583 INFO  server.RaftServerConfigKeys (ConfUtils.java:logGet(46)) - raft.server.read.read-after-write-consistent.write-index-cache.expiry-time = 60s (default)
2024-10-16 23:57:14,583 INFO  server.RaftServerConfigKeys (ConfUtils.java:logGet(46)) - raft.server.rpc.request.timeout = 3000ms (default)
2024-10-16 23:57:14,583 INFO  server.RaftServerConfigKeys (ConfUtils.java:logGet(46)) - raft.server.log.appender.install.snapshot.enabled = true (default)
2024-10-16 23:57:14,583 INFO  server.RaftServerConfigKeys (ConfUtils.java:logGet(46)) - raft.server.threadpool.server.cached = true (default)
2024-10-16 23:57:14,583 INFO  server.RaftServerConfigKeys (ConfUtils.java:logGet(46)) - raft.server.threadpool.server.size = 0 (default)
2024-10-16 23:57:14,583 INFO  server.RaftServerConfigKeys (ConfUtils.java:logGet(46)) - raft.server.threadpool.client.cached = true (default)
2024-10-16 23:57:14,583 INFO  server.RaftServerConfigKeys (ConfUtils.java:logGet(46)) - raft.server.threadpool.client.size = 0 (default)
2024-10-16 23:57:14,601 INFO  netty.NettyUtils (NettyUtils.java:newEventLoopGroup(74)) - Create EpollEventLoopGroup for NettyRpcService-workerGroup; Thread size is 0.
2024-10-16 23:57:14,602 INFO  netty.NettyConfigKeys$Server (ConfUtils.java:logGet(46)) - raft.netty.server.host = null (default)
2024-10-16 23:57:14,602 INFO  netty.NettyConfigKeys$Server (ConfUtils.java:logGet(46)) - raft.netty.server.port = 15018 (custom)
2024-10-16 23:57:14,602 INFO  impl.DataStreamServerImpl (ConfUtils.java:logGet(46)) - raft.datastream.type = DISABLED (default)
2024-10-16 23:57:14,602 INFO  server.RaftServerConfigKeys (ConfUtils.java:logGet(46)) - raft.server.sleep.deviation.threshold = 300ms (default)
2024-10-16 23:57:14,602 INFO  server.RaftServerConfigKeys (ConfUtils.java:logGet(46)) - raft.server.close.threshold = 60s (default)
2024-10-16 23:57:14,603 INFO  server.RaftServerConfigKeys (ConfUtils.java:logGet(46)) - raft.server.leaderelection.leader.step-down.wait-time = 10s (default)
2024-10-16 23:57:14,603 INFO  server.RaftServerConfigKeys (ConfUtils.java:logGet(46)) - raft.server.storage.dir = [/home/runner/work/ratis/ratis/ratis-examples/target/test/data/6cc99a4c/MiniRaftClusterWithNettyeee6e424/s3] (custom)
2024-10-16 23:57:14,603 INFO  server.RaftServerConfigKeys (ConfUtils.java:logGet(46)) - raft.server.threadpool.proxy.cached = true (default)
2024-10-16 23:57:14,603 INFO  server.RaftServerConfigKeys (ConfUtils.java:logGet(46)) - raft.server.threadpool.proxy.size = 0 (default)
2024-10-16 23:57:14,603 INFO  server.RaftServer (RaftServerProxy.java:addNew(101)) - s3: addNew group-9EBC86A0B11D:[] returns group-9EBC86A0B11D:java.util.concurrent.CompletableFuture@3a61d819[Not completed]
2024-10-16 23:57:14,603 INFO  netty.NettyUtils (NettyUtils.java:newEventLoopGroup(74)) - Create EpollEventLoopGroup for s3; Thread size is 0.
2024-10-16 23:57:14,604 INFO  impl.MiniRaftCluster (MiniRaftCluster.java:newRaftServer(396)) - newRaftServer: s4, group-9EBC86A0B11D:[], format? true
2024-10-16 23:57:14,604 TRACE util.FileUtils (FileUtils.java:deleteFully(305)) - deleteFully target/test/data/6cc99a4c/MiniRaftClusterWithNettyeee6e424/s4
2024-10-16 23:57:14,604 TRACE util.FileUtils (FileUtils.java:deleteFully(318)) - deleteFully: target/test/data/6cc99a4c/MiniRaftClusterWithNettyeee6e424/s4 does not exist.
2024-10-16 23:57:14,604 INFO  impl.MiniRaftCluster (MiniRaftCluster.java:newRaftServer(401)) - Formatted directory target/test/data/6cc99a4c/MiniRaftClusterWithNettyeee6e424/s4
2024-10-16 23:57:14,604 INFO  server.RaftServer$Division (RaftServerImpl.java:<init>(257)) - s3: new RaftServerImpl for group-9EBC86A0B11D:[] with ArithmeticStateMachine:uninitialized
2024-10-16 23:57:14,604 INFO  server.RaftServerConfigKeys (ConfUtils.java:logGet(46)) - raft.server.rpc.timeout.min = 300ms (custom)
2024-10-16 23:57:14,604 INFO  server.RaftServer (ConfUtils.java:logGet(46)) - raft.rpc.type = NETTY (custom)
2024-10-16 23:57:14,604 INFO  server.RaftServerConfigKeys (ConfUtils.java:logGet(46)) - raft.server.rpc.timeout.max = 600ms (custom)
2024-10-16 23:57:14,605 INFO  netty.NettyConfigKeys$Server (ConfUtils.java:logGet(46)) - raft.netty.server.use-epoll = true (default)
2024-10-16 23:57:14,605 INFO  netty.NettyUtils (NettyUtils.java:newEventLoopGroup(74)) - Create EpollEventLoopGroup for NettyRpcService-bossGroup; Thread size is 0.
2024-10-16 23:57:14,605 INFO  server.RaftServerConfigKeys (ConfUtils.java:logGet(46)) - raft.server.rpc.sleep.time = 25ms (default)
2024-10-16 23:57:14,605 INFO  server.RaftServerConfigKeys (ConfUtils.java:logGet(46)) - raft.server.rpc.slowness.timeout = 60s (default)
2024-10-16 23:57:14,605 INFO  server.RaftServerConfigKeys (ConfUtils.java:logGet(46)) - raft.server.leaderelection.leader.step-down.wait-time = 10s (default)
2024-10-16 23:57:14,605 INFO  server.RaftServerConfigKeys (ConfUtils.java:logGet(46)) - raft.server.leaderelection.member.majority-add = false (default)
2024-10-16 23:57:14,605 INFO  server.RaftServerConfigKeys (ConfUtils.java:logGet(46)) - raft.server.sleep.deviation.threshold = 300ms (default)
2024-10-16 23:57:14,605 INFO  server.RaftServer$Division (ServerState.java:<init>(114)) - s3@group-9EBC86A0B11D: ConfigurationManager, init=conf: {index: -1, cur=peers:[]|listeners:[], old=null}, confs=<EMPTY_MAP>
2024-10-16 23:57:14,605 INFO  netty.NettyUtils (NettyUtils.java:newEventLoopGroup(74)) - Create EpollEventLoopGroup for NettyRpcService-workerGroup; Thread size is 0.
2024-10-16 23:57:14,605 INFO  server.RaftServerConfigKeys (ConfUtils.java:logGet(46)) - raft.server.notification.no-leader.timeout = 60s (default)
2024-10-16 23:57:14,605 INFO  server.RaftServerConfigKeys (ConfUtils.java:logGet(46)) - raft.server.read.timeout = 10s (default)
2024-10-16 23:57:14,606 INFO  server.RaftServerConfigKeys (ConfUtils.java:logGet(46)) - raft.server.retrycache.expirytime = 60s (default)
2024-10-16 23:57:14,606 INFO  server.RaftServerConfigKeys (ConfUtils.java:logGet(46)) - raft.server.retrycache.statistics.expirytime = 100ms (default)
2024-10-16 23:57:14,606 INFO  server.RaftServerConfigKeys (ConfUtils.java:logGet(46)) - raft.server.read.option = DEFAULT (default)
2024-10-16 23:57:14,606 INFO  server.RaftServerConfigKeys (ConfUtils.java:logGet(46)) - raft.server.read.read-after-write-consistent.write-index-cache.expiry-time = 60s (default)
2024-10-16 23:57:14,606 INFO  netty.NettyConfigKeys$Server (ConfUtils.java:logGet(46)) - raft.netty.server.host = null (default)
2024-10-16 23:57:14,606 INFO  netty.NettyConfigKeys$Server (ConfUtils.java:logGet(46)) - raft.netty.server.port = 15019 (custom)
2024-10-16 23:57:14,606 INFO  server.RaftServerConfigKeys (ConfUtils.java:logGet(46)) - raft.server.rpc.request.timeout = 3000ms (default)
2024-10-16 23:57:14,606 INFO  server.RaftServerConfigKeys (ConfUtils.java:logGet(46)) - raft.server.log.appender.install.snapshot.enabled = true (default)
2024-10-16 23:57:14,606 INFO  impl.DataStreamServerImpl (ConfUtils.java:logGet(46)) - raft.datastream.type = DISABLED (default)
2024-10-16 23:57:14,606 INFO  server.RaftServerConfigKeys (ConfUtils.java:logGet(46)) - raft.server.threadpool.server.cached = true (default)
2024-10-16 23:57:14,607 INFO  server.RaftServerConfigKeys (ConfUtils.java:logGet(46)) - raft.server.threadpool.server.size = 0 (default)
2024-10-16 23:57:14,607 INFO  server.RaftServerConfigKeys (ConfUtils.java:logGet(46)) - raft.server.sleep.deviation.threshold = 300ms (default)
2024-10-16 23:57:14,607 INFO  server.RaftServerConfigKeys (ConfUtils.java:logGet(46)) - raft.server.threadpool.client.cached = true (default)
2024-10-16 23:57:14,607 INFO  server.RaftServerConfigKeys (ConfUtils.java:logGet(46)) - raft.server.threadpool.client.size = 0 (default)
2024-10-16 23:57:14,607 INFO  server.RaftServerConfigKeys (ConfUtils.java:logGet(46)) - raft.server.close.threshold = 60s (default)
2024-10-16 23:57:14,607 INFO  server.RaftServerConfigKeys (ConfUtils.java:logGet(46)) - raft.server.leaderelection.leader.step-down.wait-time = 10s (default)
2024-10-16 23:57:14,607 INFO  server.RaftServerConfigKeys (ConfUtils.java:logGet(46)) - raft.server.storage.dir = [/home/runner/work/ratis/ratis/ratis-examples/target/test/data/6cc99a4c/MiniRaftClusterWithNettyeee6e424/s4] (custom)
2024-10-16 23:57:14,607 INFO  server.RaftServerConfigKeys (ConfUtils.java:logGet(46)) - raft.server.threadpool.proxy.cached = true (default)
2024-10-16 23:57:14,607 INFO  server.RaftServerConfigKeys (ConfUtils.java:logGet(46)) - raft.server.threadpool.proxy.size = 0 (default)
2024-10-16 23:57:14,608 INFO  server.RaftServer (RaftServerProxy.java:addNew(101)) - s4: addNew group-9EBC86A0B11D:[] returns group-9EBC86A0B11D:java.util.concurrent.CompletableFuture@2fcad739[Not completed]
2024-10-16 23:57:14,608 INFO  netty.NettyUtils (NettyUtils.java:newEventLoopGroup(74)) - Create EpollEventLoopGroup for s4; Thread size is 0.
2024-10-16 23:57:14,608 INFO  impl.MiniRaftCluster (MiniRaftCluster.java:newRaftServer(396)) - newRaftServer: s5, group-9EBC86A0B11D:[], format? true
2024-10-16 23:57:14,608 TRACE util.FileUtils (FileUtils.java:deleteFully(305)) - deleteFully target/test/data/6cc99a4c/MiniRaftClusterWithNettyeee6e424/s5
2024-10-16 23:57:14,608 INFO  server.RaftServer$Division (RaftServerImpl.java:<init>(257)) - s4: new RaftServerImpl for group-9EBC86A0B11D:[] with ArithmeticStateMachine:uninitialized
2024-10-16 23:57:14,608 TRACE util.FileUtils (FileUtils.java:deleteFully(318)) - deleteFully: target/test/data/6cc99a4c/MiniRaftClusterWithNettyeee6e424/s5 does not exist.
2024-10-16 23:57:14,609 INFO  impl.MiniRaftCluster (MiniRaftCluster.java:newRaftServer(401)) - Formatted directory target/test/data/6cc99a4c/MiniRaftClusterWithNettyeee6e424/s5
2024-10-16 23:57:14,608 INFO  server.RaftServerConfigKeys (ConfUtils.java:logGet(46)) - raft.server.rpc.timeout.min = 300ms (custom)
2024-10-16 23:57:14,609 INFO  server.RaftServerConfigKeys (ConfUtils.java:logGet(46)) - raft.server.rpc.timeout.max = 600ms (custom)
2024-10-16 23:57:14,609 INFO  server.RaftServerConfigKeys (ConfUtils.java:logGet(46)) - raft.server.rpc.sleep.time = 25ms (default)
2024-10-16 23:57:14,609 INFO  server.RaftServerConfigKeys (ConfUtils.java:logGet(46)) - raft.server.rpc.slowness.timeout = 60s (default)
2024-10-16 23:57:14,609 INFO  server.RaftServerConfigKeys (ConfUtils.java:logGet(46)) - raft.server.leaderelection.leader.step-down.wait-time = 10s (default)
2024-10-16 23:57:14,609 INFO  server.RaftServer (ConfUtils.java:logGet(46)) - raft.rpc.type = NETTY (custom)
2024-10-16 23:57:14,609 INFO  server.RaftServerConfigKeys (ConfUtils.java:logGet(46)) - raft.server.leaderelection.member.majority-add = false (default)
2024-10-16 23:57:14,609 INFO  netty.NettyConfigKeys$Server (ConfUtils.java:logGet(46)) - raft.netty.server.use-epoll = true (default)
2024-10-16 23:57:14,609 INFO  netty.NettyUtils (NettyUtils.java:newEventLoopGroup(74)) - Create EpollEventLoopGroup for NettyRpcService-bossGroup; Thread size is 0.
2024-10-16 23:57:14,609 INFO  server.RaftServerConfigKeys (ConfUtils.java:logGet(46)) - raft.server.sleep.deviation.threshold = 300ms (default)
2024-10-16 23:57:14,609 INFO  server.RaftServer$Division (ServerState.java:<init>(114)) - s4@group-9EBC86A0B11D: ConfigurationManager, init=conf: {index: -1, cur=peers:[]|listeners:[], old=null}, confs=<EMPTY_MAP>
2024-10-16 23:57:14,610 INFO  server.RaftServerConfigKeys (ConfUtils.java:logGet(46)) - raft.server.notification.no-leader.timeout = 60s (default)
2024-10-16 23:57:14,610 INFO  server.RaftServerConfigKeys (ConfUtils.java:logGet(46)) - raft.server.read.timeout = 10s (default)
2024-10-16 23:57:14,610 INFO  server.RaftServerConfigKeys (ConfUtils.java:logGet(46)) - raft.server.retrycache.expirytime = 60s (default)
2024-10-16 23:57:14,610 INFO  server.RaftServerConfigKeys (ConfUtils.java:logGet(46)) - raft.server.retrycache.statistics.expirytime = 100ms (default)
2024-10-16 23:57:14,610 INFO  netty.NettyUtils (NettyUtils.java:newEventLoopGroup(74)) - Create EpollEventLoopGroup for NettyRpcService-workerGroup; Thread size is 0.
2024-10-16 23:57:14,610 INFO  server.RaftServerConfigKeys (ConfUtils.java:logGet(46)) - raft.server.read.option = DEFAULT (default)
2024-10-16 23:57:14,610 INFO  server.RaftServerConfigKeys (ConfUtils.java:logGet(46)) - raft.server.read.read-after-write-consistent.write-index-cache.expiry-time = 60s (default)
2024-10-16 23:57:14,610 INFO  netty.NettyConfigKeys$Server (ConfUtils.java:logGet(46)) - raft.netty.server.host = null (default)
2024-10-16 23:57:14,611 INFO  netty.NettyConfigKeys$Server (ConfUtils.java:logGet(46)) - raft.netty.server.port = 15020 (custom)
2024-10-16 23:57:14,611 INFO  impl.DataStreamServerImpl (ConfUtils.java:logGet(46)) - raft.datastream.type = DISABLED (default)
2024-10-16 23:57:14,610 INFO  server.RaftServerConfigKeys (ConfUtils.java:logGet(46)) - raft.server.rpc.request.timeout = 3000ms (default)
2024-10-16 23:57:14,611 INFO  server.RaftServerConfigKeys (ConfUtils.java:logGet(46)) - raft.server.log.appender.install.snapshot.enabled = true (default)
2024-10-16 23:57:14,611 INFO  server.RaftServerConfigKeys (ConfUtils.java:logGet(46)) - raft.server.threadpool.server.cached = true (default)
2024-10-16 23:57:14,611 INFO  server.RaftServerConfigKeys (ConfUtils.java:logGet(46)) - raft.server.threadpool.server.size = 0 (default)
2024-10-16 23:57:14,611 INFO  server.RaftServerConfigKeys (ConfUtils.java:logGet(46)) - raft.server.threadpool.client.cached = true (default)
2024-10-16 23:57:14,611 INFO  server.RaftServerConfigKeys (ConfUtils.java:logGet(46)) - raft.server.threadpool.client.size = 0 (default)
2024-10-16 23:57:14,611 INFO  server.RaftServerConfigKeys (ConfUtils.java:logGet(46)) - raft.server.sleep.deviation.threshold = 300ms (default)
2024-10-16 23:57:14,612 INFO  server.RaftServerConfigKeys (ConfUtils.java:logGet(46)) - raft.server.close.threshold = 60s (default)
2024-10-16 23:57:14,612 INFO  server.RaftServerConfigKeys (ConfUtils.java:logGet(46)) - raft.server.leaderelection.leader.step-down.wait-time = 10s (default)
2024-10-16 23:57:14,612 INFO  server.RaftServerConfigKeys (ConfUtils.java:logGet(46)) - raft.server.storage.dir = [/home/runner/work/ratis/ratis/ratis-examples/target/test/data/6cc99a4c/MiniRaftClusterWithNettyeee6e424/s5] (custom)
2024-10-16 23:57:14,612 INFO  server.RaftServerConfigKeys (ConfUtils.java:logGet(46)) - raft.server.threadpool.proxy.cached = true (default)
2024-10-16 23:57:14,612 INFO  server.RaftServerConfigKeys (ConfUtils.java:logGet(46)) - raft.server.threadpool.proxy.size = 0 (default)
2024-10-16 23:57:14,613 INFO  server.RaftServer (RaftServerProxy.java:addNew(101)) - s5: addNew group-9EBC86A0B11D:[] returns group-9EBC86A0B11D:java.util.concurrent.CompletableFuture@13cc3984[Not completed]
2024-10-16 23:57:14,613 INFO  netty.NettyUtils (NettyUtils.java:newEventLoopGroup(74)) - Create EpollEventLoopGroup for s5; Thread size is 0.
2024-10-16 23:57:14,613 INFO  impl.MiniRaftCluster (MiniRaftCluster.java:newRaftServer(396)) - newRaftServer: s6, group-9EBC86A0B11D:[], format? true
2024-10-16 23:57:14,613 TRACE util.FileUtils (FileUtils.java:deleteFully(305)) - deleteFully target/test/data/6cc99a4c/MiniRaftClusterWithNettyeee6e424/s6
2024-10-16 23:57:14,613 INFO  server.RaftServer$Division (RaftServerImpl.java:<init>(257)) - s5: new RaftServerImpl for group-9EBC86A0B11D:[] with ArithmeticStateMachine:uninitialized
2024-10-16 23:57:14,613 TRACE util.FileUtils (FileUtils.java:deleteFully(318)) - deleteFully: target/test/data/6cc99a4c/MiniRaftClusterWithNettyeee6e424/s6 does not exist.
2024-10-16 23:57:14,614 INFO  impl.MiniRaftCluster (MiniRaftCluster.java:newRaftServer(401)) - Formatted directory target/test/data/6cc99a4c/MiniRaftClusterWithNettyeee6e424/s6
2024-10-16 23:57:14,613 INFO  server.RaftServerConfigKeys (ConfUtils.java:logGet(46)) - raft.server.rpc.timeout.min = 300ms (custom)
2024-10-16 23:57:14,614 INFO  server.RaftServerConfigKeys (ConfUtils.java:logGet(46)) - raft.server.rpc.timeout.max = 600ms (custom)
2024-10-16 23:57:14,614 INFO  server.RaftServer (ConfUtils.java:logGet(46)) - raft.rpc.type = NETTY (custom)
2024-10-16 23:57:14,614 INFO  server.RaftServerConfigKeys (ConfUtils.java:logGet(46)) - raft.server.rpc.sleep.time = 25ms (default)
2024-10-16 23:57:14,614 INFO  netty.NettyConfigKeys$Server (ConfUtils.java:logGet(46)) - raft.netty.server.use-epoll = true (default)
2024-10-16 23:57:14,614 INFO  netty.NettyUtils (NettyUtils.java:newEventLoopGroup(74)) - Create EpollEventLoopGroup for NettyRpcService-bossGroup; Thread size is 0.
2024-10-16 23:57:14,614 INFO  server.RaftServerConfigKeys (ConfUtils.java:logGet(46)) - raft.server.rpc.slowness.timeout = 60s (default)
2024-10-16 23:57:14,614 INFO  server.RaftServerConfigKeys (ConfUtils.java:logGet(46)) - raft.server.leaderelection.leader.step-down.wait-time = 10s (default)
2024-10-16 23:57:14,615 INFO  server.RaftServerConfigKeys (ConfUtils.java:logGet(46)) - raft.server.leaderelection.member.majority-add = false (default)
2024-10-16 23:57:14,615 INFO  server.RaftServerConfigKeys (ConfUtils.java:logGet(46)) - raft.server.sleep.deviation.threshold = 300ms (default)
2024-10-16 23:57:14,615 INFO  server.RaftServer$Division (ServerState.java:<init>(114)) - s5@group-9EBC86A0B11D: ConfigurationManager, init=conf: {index: -1, cur=peers:[]|listeners:[], old=null}, confs=<EMPTY_MAP>
2024-10-16 23:57:14,615 INFO  netty.NettyUtils (NettyUtils.java:newEventLoopGroup(74)) - Create EpollEventLoopGroup for NettyRpcService-workerGroup; Thread size is 0.
2024-10-16 23:57:14,615 INFO  server.RaftServerConfigKeys (ConfUtils.java:logGet(46)) - raft.server.notification.no-leader.timeout = 60s (default)
2024-10-16 23:57:14,615 INFO  server.RaftServerConfigKeys (ConfUtils.java:logGet(46)) - raft.server.read.timeout = 10s (default)
2024-10-16 23:57:14,615 INFO  server.RaftServerConfigKeys (ConfUtils.java:logGet(46)) - raft.server.retrycache.expirytime = 60s (default)
2024-10-16 23:57:14,615 INFO  server.RaftServerConfigKeys (ConfUtils.java:logGet(46)) - raft.server.retrycache.statistics.expirytime = 100ms (default)
2024-10-16 23:57:14,615 INFO  server.RaftServerConfigKeys (ConfUtils.java:logGet(46)) - raft.server.read.option = DEFAULT (default)
2024-10-16 23:57:14,615 INFO  server.RaftServerConfigKeys (ConfUtils.java:logGet(46)) - raft.server.read.read-after-write-consistent.write-index-cache.expiry-time = 60s (default)
2024-10-16 23:57:14,616 INFO  server.RaftServerConfigKeys (ConfUtils.java:logGet(46)) - raft.server.rpc.request.timeout = 3000ms (default)
2024-10-16 23:57:14,616 INFO  server.RaftServerConfigKeys (ConfUtils.java:logGet(46)) - raft.server.log.appender.install.snapshot.enabled = true (default)
2024-10-16 23:57:14,616 INFO  server.RaftServerConfigKeys (ConfUtils.java:logGet(46)) - raft.server.threadpool.server.cached = true (default)
2024-10-16 23:57:14,616 INFO  server.RaftServerConfigKeys (ConfUtils.java:logGet(46)) - raft.server.threadpool.server.size = 0 (default)
2024-10-16 23:57:14,616 INFO  server.RaftServerConfigKeys (ConfUtils.java:logGet(46)) - raft.server.threadpool.client.cached = true (default)
2024-10-16 23:57:14,616 INFO  server.RaftServerConfigKeys (ConfUtils.java:logGet(46)) - raft.server.threadpool.client.size = 0 (default)
2024-10-16 23:57:14,633 INFO  netty.NettyConfigKeys$Server (ConfUtils.java:logGet(46)) - raft.netty.server.host = null (default)
2024-10-16 23:57:14,633 INFO  netty.NettyConfigKeys$Server (ConfUtils.java:logGet(46)) - raft.netty.server.port = 15021 (custom)
2024-10-16 23:57:14,633 INFO  impl.DataStreamServerImpl (ConfUtils.java:logGet(46)) - raft.datastream.type = DISABLED (default)
2024-10-16 23:57:14,633 INFO  server.RaftServerConfigKeys (ConfUtils.java:logGet(46)) - raft.server.sleep.deviation.threshold = 300ms (default)
2024-10-16 23:57:14,633 INFO  server.RaftServerConfigKeys (ConfUtils.java:logGet(46)) - raft.server.close.threshold = 60s (default)
2024-10-16 23:57:14,634 INFO  server.RaftServerConfigKeys (ConfUtils.java:logGet(46)) - raft.server.leaderelection.leader.step-down.wait-time = 10s (default)
2024-10-16 23:57:14,634 INFO  server.RaftServerConfigKeys (ConfUtils.java:logGet(46)) - raft.server.storage.dir = [/home/runner/work/ratis/ratis/ratis-examples/target/test/data/6cc99a4c/MiniRaftClusterWithNettyeee6e424/s6] (custom)
2024-10-16 23:57:14,634 INFO  server.RaftServerConfigKeys (ConfUtils.java:logGet(46)) - raft.server.threadpool.proxy.cached = true (default)
2024-10-16 23:57:14,634 INFO  server.RaftServerConfigKeys (ConfUtils.java:logGet(46)) - raft.server.threadpool.proxy.size = 0 (default)
2024-10-16 23:57:14,634 INFO  server.RaftServer (RaftServerProxy.java:addNew(101)) - s6: addNew group-9EBC86A0B11D:[] returns group-9EBC86A0B11D:java.util.concurrent.CompletableFuture@14091e24[Not completed]
2024-10-16 23:57:14,635 INFO  netty.NettyUtils (NettyUtils.java:newEventLoopGroup(74)) - Create EpollEventLoopGroup for s6; Thread size is 0.
2024-10-16 23:57:14,635 INFO  impl.MiniRaftCluster (MiniRaftCluster.java:newRaftServer(396)) - newRaftServer: s7, group-9EBC86A0B11D:[], format? true
2024-10-16 23:57:14,635 TRACE util.FileUtils (FileUtils.java:deleteFully(305)) - deleteFully target/test/data/6cc99a4c/MiniRaftClusterWithNettyeee6e424/s7
2024-10-16 23:57:14,635 INFO  server.RaftServer$Division (RaftServerImpl.java:<init>(257)) - s6: new RaftServerImpl for group-9EBC86A0B11D:[] with ArithmeticStateMachine:uninitialized
2024-10-16 23:57:14,635 TRACE util.FileUtils (FileUtils.java:deleteFully(318)) - deleteFully: target/test/data/6cc99a4c/MiniRaftClusterWithNettyeee6e424/s7 does not exist.
2024-10-16 23:57:14,635 INFO  impl.MiniRaftCluster (MiniRaftCluster.java:newRaftServer(401)) - Formatted directory target/test/data/6cc99a4c/MiniRaftClusterWithNettyeee6e424/s7
2024-10-16 23:57:14,635 INFO  server.RaftServerConfigKeys (ConfUtils.java:logGet(46)) - raft.server.rpc.timeout.min = 300ms (custom)
2024-10-16 23:57:14,636 INFO  server.RaftServerConfigKeys (ConfUtils.java:logGet(46)) - raft.server.rpc.timeout.max = 600ms (custom)
2024-10-16 23:57:14,636 INFO  server.RaftServer (ConfUtils.java:logGet(46)) - raft.rpc.type = NETTY (custom)
2024-10-16 23:57:14,636 INFO  server.RaftServerConfigKeys (ConfUtils.java:logGet(46)) - raft.server.rpc.sleep.time = 25ms (default)
2024-10-16 23:57:14,636 INFO  netty.NettyConfigKeys$Server (ConfUtils.java:logGet(46)) - raft.netty.server.use-epoll = true (default)
2024-10-16 23:57:14,636 INFO  netty.NettyUtils (NettyUtils.java:newEventLoopGroup(74)) - Create EpollEventLoopGroup for NettyRpcService-bossGroup; Thread size is 0.
2024-10-16 23:57:14,636 INFO  server.RaftServerConfigKeys (ConfUtils.java:logGet(46)) - raft.server.rpc.slowness.timeout = 60s (default)
2024-10-16 23:57:14,636 INFO  server.RaftServerConfigKeys (ConfUtils.java:logGet(46)) - raft.server.leaderelection.leader.step-down.wait-time = 10s (default)
2024-10-16 23:57:14,636 INFO  server.RaftServerConfigKeys (ConfUtils.java:logGet(46)) - raft.server.leaderelection.member.majority-add = false (default)
2024-10-16 23:57:14,636 INFO  server.RaftServerConfigKeys (ConfUtils.java:logGet(46)) - raft.server.sleep.deviation.threshold = 300ms (default)
2024-10-16 23:57:14,636 INFO  server.RaftServer$Division (ServerState.java:<init>(114)) - s6@group-9EBC86A0B11D: ConfigurationManager, init=conf: {index: -1, cur=peers:[]|listeners:[], old=null}, confs=<EMPTY_MAP>
2024-10-16 23:57:14,636 INFO  netty.NettyUtils (NettyUtils.java:newEventLoopGroup(74)) - Create EpollEventLoopGroup for NettyRpcService-workerGroup; Thread size is 0.
2024-10-16 23:57:14,636 INFO  server.RaftServerConfigKeys (ConfUtils.java:logGet(46)) - raft.server.notification.no-leader.timeout = 60s (default)
2024-10-16 23:57:14,637 INFO  server.RaftServerConfigKeys (ConfUtils.java:logGet(46)) - raft.server.read.timeout = 10s (default)
2024-10-16 23:57:14,637 INFO  server.RaftServerConfigKeys (ConfUtils.java:logGet(46)) - raft.server.retrycache.expirytime = 60s (default)
2024-10-16 23:57:14,637 INFO  server.RaftServerConfigKeys (ConfUtils.java:logGet(46)) - raft.server.retrycache.statistics.expirytime = 100ms (default)
2024-10-16 23:57:14,637 INFO  server.RaftServerConfigKeys (ConfUtils.java:logGet(46)) - raft.server.read.option = DEFAULT (default)
2024-10-16 23:57:14,637 INFO  server.RaftServerConfigKeys (ConfUtils.java:logGet(46)) - raft.server.read.read-after-write-consistent.write-index-cache.expiry-time = 60s (default)
2024-10-16 23:57:14,637 INFO  netty.NettyConfigKeys$Server (ConfUtils.java:logGet(46)) - raft.netty.server.host = null (default)
2024-10-16 23:57:14,637 INFO  netty.NettyConfigKeys$Server (ConfUtils.java:logGet(46)) - raft.netty.server.port = 15022 (custom)
2024-10-16 23:57:14,638 INFO  impl.DataStreamServerImpl (ConfUtils.java:logGet(46)) - raft.datastream.type = DISABLED (default)
2024-10-16 23:57:14,638 INFO  server.RaftServerConfigKeys (ConfUtils.java:logGet(46)) - raft.server.sleep.deviation.threshold = 300ms (default)
2024-10-16 23:57:14,638 INFO  server.RaftServerConfigKeys (ConfUtils.java:logGet(46)) - raft.server.close.threshold = 60s (default)
2024-10-16 23:57:14,638 INFO  server.RaftServerConfigKeys (ConfUtils.java:logGet(46)) - raft.server.leaderelection.leader.step-down.wait-time = 10s (default)
2024-10-16 23:57:14,639 INFO  server.RaftServerConfigKeys (ConfUtils.java:logGet(46)) - raft.server.storage.dir = [/home/runner/work/ratis/ratis/ratis-examples/target/test/data/6cc99a4c/MiniRaftClusterWithNettyeee6e424/s7] (custom)
2024-10-16 23:57:14,639 INFO  server.RaftServerConfigKeys (ConfUtils.java:logGet(46)) - raft.server.threadpool.proxy.cached = true (default)
2024-10-16 23:57:14,639 INFO  server.RaftServerConfigKeys (ConfUtils.java:logGet(46)) - raft.server.threadpool.proxy.size = 0 (default)
2024-10-16 23:57:14,639 INFO  server.RaftServerConfigKeys (ConfUtils.java:logGet(46)) - raft.server.rpc.request.timeout = 3000ms (default)
2024-10-16 23:57:14,640 INFO  server.RaftServerConfigKeys (ConfUtils.java:logGet(46)) - raft.server.log.appender.install.snapshot.enabled = true (default)
2024-10-16 23:57:14,640 INFO  server.RaftServerConfigKeys (ConfUtils.java:logGet(46)) - raft.server.threadpool.server.cached = true (default)
2024-10-16 23:57:14,640 INFO  server.RaftServerConfigKeys (ConfUtils.java:logGet(46)) - raft.server.threadpool.server.size = 0 (default)
2024-10-16 23:57:14,640 INFO  server.RaftServerConfigKeys (ConfUtils.java:logGet(46)) - raft.server.threadpool.client.cached = true (default)
2024-10-16 23:57:14,640 INFO  server.RaftServerConfigKeys (ConfUtils.java:logGet(46)) - raft.server.threadpool.client.size = 0 (default)
2024-10-16 23:57:14,640 INFO  server.RaftServer (RaftServerProxy.java:addNew(101)) - s7: addNew group-9EBC86A0B11D:[] returns group-9EBC86A0B11D:java.util.concurrent.CompletableFuture@52a9db63[Not completed]
2024-10-16 23:57:14,640 INFO  netty.NettyUtils (NettyUtils.java:newEventLoopGroup(74)) - Create EpollEventLoopGroup for s7; Thread size is 0.
2024-10-16 23:57:14,640 INFO  impl.MiniRaftCluster (MiniRaftCluster.java:newRaftServer(396)) - newRaftServer: s8, group-9EBC86A0B11D:[], format? true
2024-10-16 23:57:14,640 TRACE util.FileUtils (FileUtils.java:deleteFully(305)) - deleteFully target/test/data/6cc99a4c/MiniRaftClusterWithNettyeee6e424/s8
2024-10-16 23:57:14,641 TRACE util.FileUtils (FileUtils.java:deleteFully(318)) - deleteFully: target/test/data/6cc99a4c/MiniRaftClusterWithNettyeee6e424/s8 does not exist.
2024-10-16 23:57:14,641 INFO  impl.MiniRaftCluster (MiniRaftCluster.java:newRaftServer(401)) - Formatted directory target/test/data/6cc99a4c/MiniRaftClusterWithNettyeee6e424/s8
2024-10-16 23:57:14,641 INFO  server.RaftServer$Division (RaftServerImpl.java:<init>(257)) - s7: new RaftServerImpl for group-9EBC86A0B11D:[] with ArithmeticStateMachine:uninitialized
2024-10-16 23:57:14,641 INFO  server.RaftServerConfigKeys (ConfUtils.java:logGet(46)) - raft.server.rpc.timeout.min = 300ms (custom)
2024-10-16 23:57:14,641 INFO  server.RaftServer (ConfUtils.java:logGet(46)) - raft.rpc.type = NETTY (custom)
2024-10-16 23:57:14,641 INFO  server.RaftServerConfigKeys (ConfUtils.java:logGet(46)) - raft.server.rpc.timeout.max = 600ms (custom)
2024-10-16 23:57:14,642 INFO  server.RaftServerConfigKeys (ConfUtils.java:logGet(46)) - raft.server.rpc.sleep.time = 25ms (default)
2024-10-16 23:57:14,642 INFO  server.RaftServerConfigKeys (ConfUtils.java:logGet(46)) - raft.server.rpc.slowness.timeout = 60s (default)
2024-10-16 23:57:14,642 INFO  netty.NettyConfigKeys$Server (ConfUtils.java:logGet(46)) - raft.netty.server.use-epoll = true (default)
2024-10-16 23:57:14,642 INFO  netty.NettyUtils (NettyUtils.java:newEventLoopGroup(74)) - Create EpollEventLoopGroup for NettyRpcService-bossGroup; Thread size is 0.
2024-10-16 23:57:14,642 INFO  server.RaftServerConfigKeys (ConfUtils.java:logGet(46)) - raft.server.leaderelection.leader.step-down.wait-time = 10s (default)
2024-10-16 23:57:14,642 INFO  server.RaftServerConfigKeys (ConfUtils.java:logGet(46)) - raft.server.leaderelection.member.majority-add = false (default)
2024-10-16 23:57:14,642 INFO  server.RaftServerConfigKeys (ConfUtils.java:logGet(46)) - raft.server.sleep.deviation.threshold = 300ms (default)
2024-10-16 23:57:14,642 INFO  server.RaftServer$Division (ServerState.java:<init>(114)) - s7@group-9EBC86A0B11D: ConfigurationManager, init=conf: {index: -1, cur=peers:[]|listeners:[], old=null}, confs=<EMPTY_MAP>
2024-10-16 23:57:14,642 INFO  server.RaftServerConfigKeys (ConfUtils.java:logGet(46)) - raft.server.notification.no-leader.timeout = 60s (default)
2024-10-16 23:57:14,642 INFO  server.RaftServerConfigKeys (ConfUtils.java:logGet(46)) - raft.server.read.timeout = 10s (default)
2024-10-16 23:57:14,642 INFO  server.RaftServerConfigKeys (ConfUtils.java:logGet(46)) - raft.server.retrycache.expirytime = 60s (default)
2024-10-16 23:57:14,642 INFO  netty.NettyUtils (NettyUtils.java:newEventLoopGroup(74)) - Create EpollEventLoopGroup for NettyRpcService-workerGroup; Thread size is 0.
2024-10-16 23:57:14,643 INFO  server.RaftServerConfigKeys (ConfUtils.java:logGet(46)) - raft.server.retrycache.statistics.expirytime = 100ms (default)
2024-10-16 23:57:14,643 INFO  server.RaftServerConfigKeys (ConfUtils.java:logGet(46)) - raft.server.read.option = DEFAULT (default)
2024-10-16 23:57:14,643 INFO  server.RaftServerConfigKeys (ConfUtils.java:logGet(46)) - raft.server.read.read-after-write-consistent.write-index-cache.expiry-time = 60s (default)
2024-10-16 23:57:14,643 INFO  netty.NettyConfigKeys$Server (ConfUtils.java:logGet(46)) - raft.netty.server.host = null (default)
2024-10-16 23:57:14,643 INFO  netty.NettyConfigKeys$Server (ConfUtils.java:logGet(46)) - raft.netty.server.port = 15023 (custom)
2024-10-16 23:57:14,643 INFO  server.RaftServerConfigKeys (ConfUtils.java:logGet(46)) - raft.server.rpc.request.timeout = 3000ms (default)
2024-10-16 23:57:14,643 INFO  impl.DataStreamServerImpl (ConfUtils.java:logGet(46)) - raft.datastream.type = DISABLED (default)
2024-10-16 23:57:14,644 INFO  server.RaftServerConfigKeys (ConfUtils.java:logGet(46)) - raft.server.log.appender.install.snapshot.enabled = true (default)
2024-10-16 23:57:14,644 INFO  server.RaftServerConfigKeys (ConfUtils.java:logGet(46)) - raft.server.sleep.deviation.threshold = 300ms (default)
2024-10-16 23:57:14,644 INFO  server.RaftServerConfigKeys (ConfUtils.java:logGet(46)) - raft.server.threadpool.server.cached = true (default)
2024-10-16 23:57:14,644 INFO  server.RaftServerConfigKeys (ConfUtils.java:logGet(46)) - raft.server.close.threshold = 60s (default)
2024-10-16 23:57:14,644 INFO  server.RaftServerConfigKeys (ConfUtils.java:logGet(46)) - raft.server.threadpool.server.size = 0 (default)
2024-10-16 23:57:14,644 INFO  server.RaftServerConfigKeys (ConfUtils.java:logGet(46)) - raft.server.leaderelection.leader.step-down.wait-time = 10s (default)
2024-10-16 23:57:14,644 INFO  server.RaftServerConfigKeys (ConfUtils.java:logGet(46)) - raft.server.threadpool.client.cached = true (default)
2024-10-16 23:57:14,645 INFO  server.RaftServerConfigKeys (ConfUtils.java:logGet(46)) - raft.server.storage.dir = [/home/runner/work/ratis/ratis/ratis-examples/target/test/data/6cc99a4c/MiniRaftClusterWithNettyeee6e424/s8] (custom)
2024-10-16 23:57:14,645 INFO  server.RaftServerConfigKeys (ConfUtils.java:logGet(46)) - raft.server.threadpool.client.size = 0 (default)
2024-10-16 23:57:14,645 INFO  server.RaftServerConfigKeys (ConfUtils.java:logGet(46)) - raft.server.threadpool.proxy.cached = true (default)
2024-10-16 23:57:14,645 INFO  server.RaftServerConfigKeys (ConfUtils.java:logGet(46)) - raft.server.threadpool.proxy.size = 0 (default)
2024-10-16 23:57:14,646 INFO  server.RaftServer (RaftServerProxy.java:addNew(101)) - s8: addNew group-9EBC86A0B11D:[] returns group-9EBC86A0B11D:java.util.concurrent.CompletableFuture@4c1fed69[Not completed]
2024-10-16 23:57:14,646 INFO  netty.NettyUtils (NettyUtils.java:newEventLoopGroup(74)) - Create EpollEventLoopGroup for s8; Thread size is 0.
2024-10-16 23:57:14,646 INFO  impl.MiniRaftCluster (MiniRaftCluster.java:newRaftServer(396)) - newRaftServer: s9, group-9EBC86A0B11D:[], format? true
2024-10-16 23:57:14,646 TRACE util.FileUtils (FileUtils.java:deleteFully(305)) - deleteFully target/test/data/6cc99a4c/MiniRaftClusterWithNettyeee6e424/s9
2024-10-16 23:57:14,646 INFO  server.RaftServer$Division (RaftServerImpl.java:<init>(257)) - s8: new RaftServerImpl for group-9EBC86A0B11D:[] with ArithmeticStateMachine:uninitialized
2024-10-16 23:57:14,646 TRACE util.FileUtils (FileUtils.java:deleteFully(318)) - deleteFully: target/test/data/6cc99a4c/MiniRaftClusterWithNettyeee6e424/s9 does not exist.
2024-10-16 23:57:14,647 INFO  impl.MiniRaftCluster (MiniRaftCluster.java:newRaftServer(401)) - Formatted directory target/test/data/6cc99a4c/MiniRaftClusterWithNettyeee6e424/s9
2024-10-16 23:57:14,646 INFO  server.RaftServerConfigKeys (ConfUtils.java:logGet(46)) - raft.server.rpc.timeout.min = 300ms (custom)
2024-10-16 23:57:14,647 INFO  server.RaftServerConfigKeys (ConfUtils.java:logGet(46)) - raft.server.rpc.timeout.max = 600ms (custom)
2024-10-16 23:57:14,647 INFO  server.RaftServer (ConfUtils.java:logGet(46)) - raft.rpc.type = NETTY (custom)
2024-10-16 23:57:14,647 INFO  server.RaftServerConfigKeys (ConfUtils.java:logGet(46)) - raft.server.rpc.sleep.time = 25ms (default)
2024-10-16 23:57:14,647 INFO  netty.NettyConfigKeys$Server (ConfUtils.java:logGet(46)) - raft.netty.server.use-epoll = true (default)
2024-10-16 23:57:14,648 INFO  netty.NettyUtils (NettyUtils.java:newEventLoopGroup(74)) - Create EpollEventLoopGroup for NettyRpcService-bossGroup; Thread size is 0.
2024-10-16 23:57:14,647 INFO  server.RaftServerConfigKeys (ConfUtils.java:logGet(46)) - raft.server.rpc.slowness.timeout = 60s (default)
2024-10-16 23:57:14,648 INFO  server.RaftServerConfigKeys (ConfUtils.java:logGet(46)) - raft.server.leaderelection.leader.step-down.wait-time = 10s (default)
2024-10-16 23:57:14,648 INFO  server.RaftServerConfigKeys (ConfUtils.java:logGet(46)) - raft.server.leaderelection.member.majority-add = false (default)
2024-10-16 23:57:14,648 INFO  server.RaftServerConfigKeys (ConfUtils.java:logGet(46)) - raft.server.sleep.deviation.threshold = 300ms (default)
2024-10-16 23:57:14,648 INFO  server.RaftServer$Division (ServerState.java:<init>(114)) - s8@group-9EBC86A0B11D: ConfigurationManager, init=conf: {index: -1, cur=peers:[]|listeners:[], old=null}, confs=<EMPTY_MAP>
2024-10-16 23:57:14,648 INFO  netty.NettyUtils (NettyUtils.java:newEventLoopGroup(74)) - Create EpollEventLoopGroup for NettyRpcService-workerGroup; Thread size is 0.
2024-10-16 23:57:14,648 INFO  server.RaftServerConfigKeys (ConfUtils.java:logGet(46)) - raft.server.notification.no-leader.timeout = 60s (default)
2024-10-16 23:57:14,648 INFO  server.RaftServerConfigKeys (ConfUtils.java:logGet(46)) - raft.server.read.timeout = 10s (default)
2024-10-16 23:57:14,648 INFO  server.RaftServerConfigKeys (ConfUtils.java:logGet(46)) - raft.server.retrycache.expirytime = 60s (default)
2024-10-16 23:57:14,648 INFO  server.RaftServerConfigKeys (ConfUtils.java:logGet(46)) - raft.server.retrycache.statistics.expirytime = 100ms (default)
2024-10-16 23:57:14,649 INFO  server.RaftServerConfigKeys (ConfUtils.java:logGet(46)) - raft.server.read.option = DEFAULT (default)
2024-10-16 23:57:14,649 INFO  server.RaftServerConfigKeys (ConfUtils.java:logGet(46)) - raft.server.read.read-after-write-consistent.write-index-cache.expiry-time = 60s (default)
2024-10-16 23:57:14,649 INFO  netty.NettyConfigKeys$Server (ConfUtils.java:logGet(46)) - raft.netty.server.host = null (default)
2024-10-16 23:57:14,649 INFO  netty.NettyConfigKeys$Server (ConfUtils.java:logGet(46)) - raft.netty.server.port = 15024 (custom)
2024-10-16 23:57:14,649 INFO  server.RaftServerConfigKeys (ConfUtils.java:logGet(46)) - raft.server.rpc.request.timeout = 3000ms (default)
2024-10-16 23:57:14,649 INFO  impl.DataStreamServerImpl (ConfUtils.java:logGet(46)) - raft.datastream.type = DISABLED (default)
2024-10-16 23:57:14,649 INFO  server.RaftServerConfigKeys (ConfUtils.java:logGet(46)) - raft.server.log.appender.install.snapshot.enabled = true (default)
2024-10-16 23:57:14,649 INFO  server.RaftServerConfigKeys (ConfUtils.java:logGet(46)) - raft.server.threadpool.server.cached = true (default)
2024-10-16 23:57:14,649 INFO  server.RaftServerConfigKeys (ConfUtils.java:logGet(46)) - raft.server.sleep.deviation.threshold = 300ms (default)
2024-10-16 23:57:14,649 INFO  server.RaftServerConfigKeys (ConfUtils.java:logGet(46)) - raft.server.threadpool.server.size = 0 (default)
2024-10-16 23:57:14,650 INFO  server.RaftServerConfigKeys (ConfUtils.java:logGet(46)) - raft.server.close.threshold = 60s (default)
2024-10-16 23:57:14,650 INFO  server.RaftServerConfigKeys (ConfUtils.java:logGet(46)) - raft.server.threadpool.client.cached = true (default)
2024-10-16 23:57:14,650 INFO  server.RaftServerConfigKeys (ConfUtils.java:logGet(46)) - raft.server.threadpool.client.size = 0 (default)
2024-10-16 23:57:14,650 INFO  server.RaftServerConfigKeys (ConfUtils.java:logGet(46)) - raft.server.leaderelection.leader.step-down.wait-time = 10s (default)
2024-10-16 23:57:14,650 INFO  server.RaftServerConfigKeys (ConfUtils.java:logGet(46)) - raft.server.storage.dir = [/home/runner/work/ratis/ratis/ratis-examples/target/test/data/6cc99a4c/MiniRaftClusterWithNettyeee6e424/s9] (custom)
2024-10-16 23:57:14,651 INFO  server.RaftServerConfigKeys (ConfUtils.java:logGet(46)) - raft.server.threadpool.proxy.cached = true (default)
2024-10-16 23:57:14,651 INFO  server.RaftServerConfigKeys (ConfUtils.java:logGet(46)) - raft.server.threadpool.proxy.size = 0 (default)
2024-10-16 23:57:14,651 INFO  server.RaftServer (RaftServerProxy.java:addNew(101)) - s9: addNew group-9EBC86A0B11D:[] returns group-9EBC86A0B11D:java.util.concurrent.CompletableFuture@5c8e7687[Not completed]
2024-10-16 23:57:14,651 INFO  netty.NettyUtils (NettyUtils.java:newEventLoopGroup(74)) - Create EpollEventLoopGroup for s9; Thread size is 0.
2024-10-16 23:57:14,652 INFO  impl.MiniRaftCluster (MiniRaftCluster.java:newRaftServer(396)) - newRaftServer: s10, group-9EBC86A0B11D:[], format? true
2024-10-16 23:57:14,652 TRACE util.FileUtils (FileUtils.java:deleteFully(305)) - deleteFully target/test/data/6cc99a4c/MiniRaftClusterWithNettyeee6e424/s10
2024-10-16 23:57:14,652 INFO  server.RaftServer$Division (RaftServerImpl.java:<init>(257)) - s9: new RaftServerImpl for group-9EBC86A0B11D:[] with ArithmeticStateMachine:uninitialized
2024-10-16 23:57:14,652 TRACE util.FileUtils (FileUtils.java:deleteFully(318)) - deleteFully: target/test/data/6cc99a4c/MiniRaftClusterWithNettyeee6e424/s10 does not exist.
2024-10-16 23:57:14,652 INFO  impl.MiniRaftCluster (MiniRaftCluster.java:newRaftServer(401)) - Formatted directory target/test/data/6cc99a4c/MiniRaftClusterWithNettyeee6e424/s10
2024-10-16 23:57:14,652 INFO  server.RaftServerConfigKeys (ConfUtils.java:logGet(46)) - raft.server.rpc.timeout.min = 300ms (custom)
2024-10-16 23:57:14,653 INFO  server.RaftServerConfigKeys (ConfUtils.java:logGet(46)) - raft.server.rpc.timeout.max = 600ms (custom)
2024-10-16 23:57:14,653 INFO  server.RaftServer (ConfUtils.java:logGet(46)) - raft.rpc.type = NETTY (custom)
2024-10-16 23:57:14,653 INFO  server.RaftServerConfigKeys (ConfUtils.java:logGet(46)) - raft.server.rpc.sleep.time = 25ms (default)
2024-10-16 23:57:14,653 INFO  server.RaftServerConfigKeys (ConfUtils.java:logGet(46)) - raft.server.rpc.slowness.timeout = 60s (default)
2024-10-16 23:57:14,653 INFO  netty.NettyConfigKeys$Server (ConfUtils.java:logGet(46)) - raft.netty.server.use-epoll = true (default)
2024-10-16 23:57:14,653 INFO  netty.NettyUtils (NettyUtils.java:newEventLoopGroup(74)) - Create EpollEventLoopGroup for NettyRpcService-bossGroup; Thread size is 0.
2024-10-16 23:57:14,653 INFO  server.RaftServerConfigKeys (ConfUtils.java:logGet(46)) - raft.server.leaderelection.leader.step-down.wait-time = 10s (default)
2024-10-16 23:57:14,654 INFO  server.RaftServerConfigKeys (ConfUtils.java:logGet(46)) - raft.server.leaderelection.member.majority-add = false (default)
2024-10-16 23:57:14,654 INFO  server.RaftServerConfigKeys (ConfUtils.java:logGet(46)) - raft.server.sleep.deviation.threshold = 300ms (default)
2024-10-16 23:57:14,654 INFO  server.RaftServer$Division (ServerState.java:<init>(114)) - s9@group-9EBC86A0B11D: ConfigurationManager, init=conf: {index: -1, cur=peers:[]|listeners:[], old=null}, confs=<EMPTY_MAP>
2024-10-16 23:57:14,654 INFO  server.RaftServerConfigKeys (ConfUtils.java:logGet(46)) - raft.server.notification.no-leader.timeout = 60s (default)
2024-10-16 23:57:14,654 INFO  netty.NettyUtils (NettyUtils.java:newEventLoopGroup(74)) - Create EpollEventLoopGroup for NettyRpcService-workerGroup; Thread size is 0.
2024-10-16 23:57:14,654 INFO  server.RaftServerConfigKeys (ConfUtils.java:logGet(46)) - raft.server.read.timeout = 10s (default)
2024-10-16 23:57:14,654 INFO  server.RaftServerConfigKeys (ConfUtils.java:logGet(46)) - raft.server.retrycache.expirytime = 60s (default)
2024-10-16 23:57:14,654 INFO  server.RaftServerConfigKeys (ConfUtils.java:logGet(46)) - raft.server.retrycache.statistics.expirytime = 100ms (default)
2024-10-16 23:57:14,654 INFO  server.RaftServerConfigKeys (ConfUtils.java:logGet(46)) - raft.server.read.option = DEFAULT (default)
2024-10-16 23:57:14,654 INFO  server.RaftServerConfigKeys (ConfUtils.java:logGet(46)) - raft.server.read.read-after-write-consistent.write-index-cache.expiry-time = 60s (default)
2024-10-16 23:57:14,654 INFO  netty.NettyConfigKeys$Server (ConfUtils.java:logGet(46)) - raft.netty.server.host = null (default)
2024-10-16 23:57:14,655 INFO  netty.NettyConfigKeys$Server (ConfUtils.java:logGet(46)) - raft.netty.server.port = 15025 (custom)
2024-10-16 23:57:14,655 INFO  server.RaftServerConfigKeys (ConfUtils.java:logGet(46)) - raft.server.rpc.request.timeout = 3000ms (default)
2024-10-16 23:57:14,655 INFO  server.RaftServerConfigKeys (ConfUtils.java:logGet(46)) - raft.server.log.appender.install.snapshot.enabled = true (default)
2024-10-16 23:57:14,655 INFO  impl.DataStreamServerImpl (ConfUtils.java:logGet(46)) - raft.datastream.type = DISABLED (default)
2024-10-16 23:57:14,655 INFO  server.RaftServerConfigKeys (ConfUtils.java:logGet(46)) - raft.server.threadpool.server.cached = true (default)
2024-10-16 23:57:14,655 INFO  server.RaftServerConfigKeys (ConfUtils.java:logGet(46)) - raft.server.sleep.deviation.threshold = 300ms (default)
2024-10-16 23:57:14,655 INFO  server.RaftServerConfigKeys (ConfUtils.java:logGet(46)) - raft.server.close.threshold = 60s (default)
2024-10-16 23:57:14,656 INFO  server.RaftServerConfigKeys (ConfUtils.java:logGet(46)) - raft.server.leaderelection.leader.step-down.wait-time = 10s (default)
2024-10-16 23:57:14,655 INFO  server.RaftServerConfigKeys (ConfUtils.java:logGet(46)) - raft.server.threadpool.server.size = 0 (default)
2024-10-16 23:57:14,656 INFO  server.RaftServerConfigKeys (ConfUtils.java:logGet(46)) - raft.server.storage.dir = [/home/runner/work/ratis/ratis/ratis-examples/target/test/data/6cc99a4c/MiniRaftClusterWithNettyeee6e424/s10] (custom)
2024-10-16 23:57:14,656 INFO  server.RaftServerConfigKeys (ConfUtils.java:logGet(46)) - raft.server.threadpool.proxy.cached = true (default)
2024-10-16 23:57:14,656 INFO  server.RaftServerConfigKeys (ConfUtils.java:logGet(46)) - raft.server.threadpool.proxy.size = 0 (default)
2024-10-16 23:57:14,656 INFO  server.RaftServerConfigKeys (ConfUtils.java:logGet(46)) - raft.server.threadpool.client.cached = true (default)
2024-10-16 23:57:14,657 INFO  server.RaftServerConfigKeys (ConfUtils.java:logGet(46)) - raft.server.threadpool.client.size = 0 (default)
2024-10-16 23:57:14,657 INFO  server.RaftServer (RaftServerProxy.java:addNew(101)) - s10: addNew group-9EBC86A0B11D:[] returns group-9EBC86A0B11D:java.util.concurrent.CompletableFuture@6484364f[Not completed]
2024-10-16 23:57:14,657 INFO  netty.NettyUtils (NettyUtils.java:newEventLoopGroup(74)) - Create EpollEventLoopGroup for s10; Thread size is 0.
2024-10-16 23:57:14,657 INFO  impl.MiniRaftCluster (MiniRaftCluster.java:newRaftServer(396)) - newRaftServer: s11, group-9EBC86A0B11D:[], format? true
2024-10-16 23:57:14,658 TRACE util.FileUtils (FileUtils.java:deleteFully(305)) - deleteFully target/test/data/6cc99a4c/MiniRaftClusterWithNettyeee6e424/s11
2024-10-16 23:57:14,658 INFO  server.RaftServer$Division (RaftServerImpl.java:<init>(257)) - s10: new RaftServerImpl for group-9EBC86A0B11D:[] with ArithmeticStateMachine:uninitialized
2024-10-16 23:57:14,658 TRACE util.FileUtils (FileUtils.java:deleteFully(318)) - deleteFully: target/test/data/6cc99a4c/MiniRaftClusterWithNettyeee6e424/s11 does not exist.
2024-10-16 23:57:14,658 INFO  impl.MiniRaftCluster (MiniRaftCluster.java:newRaftServer(401)) - Formatted directory target/test/data/6cc99a4c/MiniRaftClusterWithNettyeee6e424/s11
2024-10-16 23:57:14,658 INFO  server.RaftServerConfigKeys (ConfUtils.java:logGet(46)) - raft.server.rpc.timeout.min = 300ms (custom)
2024-10-16 23:57:14,659 INFO  server.RaftServer (ConfUtils.java:logGet(46)) - raft.rpc.type = NETTY (custom)
2024-10-16 23:57:14,659 INFO  netty.NettyConfigKeys$Server (ConfUtils.java:logGet(46)) - raft.netty.server.use-epoll = true (default)
2024-10-16 23:57:14,659 INFO  netty.NettyUtils (NettyUtils.java:newEventLoopGroup(74)) - Create EpollEventLoopGroup for NettyRpcService-bossGroup; Thread size is 0.
2024-10-16 23:57:14,659 INFO  server.RaftServerConfigKeys (ConfUtils.java:logGet(46)) - raft.server.rpc.timeout.max = 600ms (custom)
2024-10-16 23:57:14,659 INFO  server.RaftServerConfigKeys (ConfUtils.java:logGet(46)) - raft.server.rpc.sleep.time = 25ms (default)
2024-10-16 23:57:14,659 INFO  server.RaftServerConfigKeys (ConfUtils.java:logGet(46)) - raft.server.rpc.slowness.timeout = 60s (default)
2024-10-16 23:57:14,659 INFO  netty.NettyUtils (NettyUtils.java:newEventLoopGroup(74)) - Create EpollEventLoopGroup for NettyRpcService-workerGroup; Thread size is 0.
2024-10-16 23:57:14,660 INFO  server.RaftServerConfigKeys (ConfUtils.java:logGet(46)) - raft.server.leaderelection.leader.step-down.wait-time = 10s (default)
2024-10-16 23:57:14,660 INFO  server.RaftServerConfigKeys (ConfUtils.java:logGet(46)) - raft.server.leaderelection.member.majority-add = false (default)
2024-10-16 23:57:14,660 INFO  server.RaftServerConfigKeys (ConfUtils.java:logGet(46)) - raft.server.sleep.deviation.threshold = 300ms (default)
2024-10-16 23:57:14,660 INFO  netty.NettyConfigKeys$Server (ConfUtils.java:logGet(46)) - raft.netty.server.host = null (default)
2024-10-16 23:57:14,660 INFO  netty.NettyConfigKeys$Server (ConfUtils.java:logGet(46)) - raft.netty.server.port = 15026 (custom)
2024-10-16 23:57:14,660 INFO  impl.DataStreamServerImpl (ConfUtils.java:logGet(46)) - raft.datastream.type = DISABLED (default)
2024-10-16 23:57:14,661 INFO  server.RaftServerConfigKeys (ConfUtils.java:logGet(46)) - raft.server.sleep.deviation.threshold = 300ms (default)
2024-10-16 23:57:14,661 INFO  server.RaftServerConfigKeys (ConfUtils.java:logGet(46)) - raft.server.close.threshold = 60s (default)
2024-10-16 23:57:14,661 INFO  server.RaftServerConfigKeys (ConfUtils.java:logGet(46)) - raft.server.leaderelection.leader.step-down.wait-time = 10s (default)
2024-10-16 23:57:14,660 INFO  server.RaftServer$Division (ServerState.java:<init>(114)) - s10@group-9EBC86A0B11D: ConfigurationManager, init=conf: {index: -1, cur=peers:[]|listeners:[], old=null}, confs=<EMPTY_MAP>
2024-10-16 23:57:14,662 INFO  server.RaftServerConfigKeys (ConfUtils.java:logGet(46)) - raft.server.storage.dir = [/home/runner/work/ratis/ratis/ratis-examples/target/test/data/6cc99a4c/MiniRaftClusterWithNettyeee6e424/s11] (custom)
2024-10-16 23:57:14,662 INFO  server.RaftServerConfigKeys (ConfUtils.java:logGet(46)) - raft.server.threadpool.proxy.cached = true (default)
2024-10-16 23:57:14,662 INFO  server.RaftServerConfigKeys (ConfUtils.java:logGet(46)) - raft.server.threadpool.proxy.size = 0 (default)
2024-10-16 23:57:14,662 INFO  server.RaftServerConfigKeys (ConfUtils.java:logGet(46)) - raft.server.notification.no-leader.timeout = 60s (default)
2024-10-16 23:57:14,662 INFO  server.RaftServerConfigKeys (ConfUtils.java:logGet(46)) - raft.server.read.timeout = 10s (default)
2024-10-16 23:57:14,662 INFO  server.RaftServerConfigKeys (ConfUtils.java:logGet(46)) - raft.server.retrycache.expirytime = 60s (default)
2024-10-16 23:57:14,662 INFO  server.RaftServerConfigKeys (ConfUtils.java:logGet(46)) - raft.server.retrycache.statistics.expirytime = 100ms (default)
2024-10-16 23:57:14,663 INFO  server.RaftServerConfigKeys (ConfUtils.java:logGet(46)) - raft.server.read.option = DEFAULT (default)
2024-10-16 23:57:14,663 INFO  server.RaftServerConfigKeys (ConfUtils.java:logGet(46)) - raft.server.read.read-after-write-consistent.write-index-cache.expiry-time = 60s (default)
2024-10-16 23:57:14,663 INFO  server.RaftServerConfigKeys (ConfUtils.java:logGet(46)) - raft.server.rpc.request.timeout = 3000ms (default)
2024-10-16 23:57:14,663 INFO  server.RaftServerConfigKeys (ConfUtils.java:logGet(46)) - raft.server.log.appender.install.snapshot.enabled = true (default)
2024-10-16 23:57:14,663 INFO  server.RaftServerConfigKeys (ConfUtils.java:logGet(46)) - raft.server.threadpool.server.cached = true (default)
2024-10-16 23:57:14,663 INFO  server.RaftServerConfigKeys (ConfUtils.java:logGet(46)) - raft.server.threadpool.server.size = 0 (default)
2024-10-16 23:57:14,663 INFO  server.RaftServerConfigKeys (ConfUtils.java:logGet(46)) - raft.server.threadpool.client.cached = true (default)
2024-10-16 23:57:14,664 INFO  server.RaftServerConfigKeys (ConfUtils.java:logGet(46)) - raft.server.threadpool.client.size = 0 (default)
2024-10-16 23:57:14,665 INFO  server.RaftServer (RaftServerProxy.java:addNew(101)) - s11: addNew group-9EBC86A0B11D:[] returns group-9EBC86A0B11D:java.util.concurrent.CompletableFuture@5b4ce00[Not completed]
2024-10-16 23:57:14,665 INFO  impl.MiniRaftCluster (MiniRaftCluster.java:newRaftServer(396)) - newRaftServer: s12, group-9EBC86A0B11D:[], format? true
2024-10-16 23:57:14,665 TRACE util.FileUtils (FileUtils.java:deleteFully(305)) - deleteFully target/test/data/6cc99a4c/MiniRaftClusterWithNettyeee6e424/s12
2024-10-16 23:57:14,666 TRACE util.FileUtils (FileUtils.java:deleteFully(318)) - deleteFully: target/test/data/6cc99a4c/MiniRaftClusterWithNettyeee6e424/s12 does not exist.
2024-10-16 23:57:14,666 INFO  impl.MiniRaftCluster (MiniRaftCluster.java:newRaftServer(401)) - Formatted directory target/test/data/6cc99a4c/MiniRaftClusterWithNettyeee6e424/s12
2024-10-16 23:57:14,666 INFO  server.RaftServer (ConfUtils.java:logGet(46)) - raft.rpc.type = NETTY (custom)
2024-10-16 23:57:14,666 INFO  netty.NettyConfigKeys$Server (ConfUtils.java:logGet(46)) - raft.netty.server.use-epoll = true (default)
2024-10-16 23:57:14,667 INFO  netty.NettyUtils (NettyUtils.java:newEventLoopGroup(74)) - Create EpollEventLoopGroup for NettyRpcService-bossGroup; Thread size is 0.
2024-10-16 23:57:14,667 INFO  netty.NettyUtils (NettyUtils.java:newEventLoopGroup(74)) - Create EpollEventLoopGroup for NettyRpcService-workerGroup; Thread size is 0.
2024-10-16 23:57:14,668 INFO  netty.NettyConfigKeys$Server (ConfUtils.java:logGet(46)) - raft.netty.server.host = null (default)
2024-10-16 23:57:14,668 INFO  netty.NettyConfigKeys$Server (ConfUtils.java:logGet(46)) - raft.netty.server.port = 15027 (custom)
2024-10-16 23:57:14,668 INFO  impl.DataStreamServerImpl (ConfUtils.java:logGet(46)) - raft.datastream.type = DISABLED (default)
2024-10-16 23:57:14,669 INFO  server.RaftServerConfigKeys (ConfUtils.java:logGet(46)) - raft.server.sleep.deviation.threshold = 300ms (default)
2024-10-16 23:57:14,669 INFO  server.RaftServerConfigKeys (ConfUtils.java:logGet(46)) - raft.server.close.threshold = 60s (default)
2024-10-16 23:57:14,669 INFO  server.RaftServerConfigKeys (ConfUtils.java:logGet(46)) - raft.server.leaderelection.leader.step-down.wait-time = 10s (default)
2024-10-16 23:57:14,669 INFO  server.RaftServerConfigKeys (ConfUtils.java:logGet(46)) - raft.server.storage.dir = [/home/runner/work/ratis/ratis/ratis-examples/target/test/data/6cc99a4c/MiniRaftClusterWithNettyeee6e424/s12] (custom)
2024-10-16 23:57:14,669 INFO  server.RaftServerConfigKeys (ConfUtils.java:logGet(46)) - raft.server.threadpool.proxy.cached = true (default)
2024-10-16 23:57:14,670 INFO  server.RaftServerConfigKeys (ConfUtils.java:logGet(46)) - raft.server.threadpool.proxy.size = 0 (default)
2024-10-16 23:57:14,665 INFO  netty.NettyUtils (NettyUtils.java:newEventLoopGroup(74)) - Create EpollEventLoopGroup for s11; Thread size is 0.
2024-10-16 23:57:14,670 INFO  server.RaftServer$Division (RaftServerImpl.java:<init>(257)) - s11: new RaftServerImpl for group-9EBC86A0B11D:[] with ArithmeticStateMachine:uninitialized
2024-10-16 23:57:14,670 INFO  server.RaftServerConfigKeys (ConfUtils.java:logGet(46)) - raft.server.rpc.timeout.min = 300ms (custom)
2024-10-16 23:57:14,670 INFO  server.RaftServerConfigKeys (ConfUtils.java:logGet(46)) - raft.server.rpc.timeout.max = 600ms (custom)
2024-10-16 23:57:14,670 INFO  server.RaftServerConfigKeys (ConfUtils.java:logGet(46)) - raft.server.rpc.sleep.time = 25ms (default)
2024-10-16 23:57:14,671 INFO  server.RaftServerConfigKeys (ConfUtils.java:logGet(46)) - raft.server.rpc.slowness.timeout = 60s (default)
2024-10-16 23:57:14,671 INFO  server.RaftServerConfigKeys (ConfUtils.java:logGet(46)) - raft.server.leaderelection.leader.step-down.wait-time = 10s (default)
2024-10-16 23:57:14,671 INFO  server.RaftServerConfigKeys (ConfUtils.java:logGet(46)) - raft.server.leaderelection.member.majority-add = false (default)
2024-10-16 23:57:14,671 INFO  server.RaftServerConfigKeys (ConfUtils.java:logGet(46)) - raft.server.sleep.deviation.threshold = 300ms (default)
2024-10-16 23:57:14,671 INFO  server.RaftServer$Division (ServerState.java:<init>(114)) - s11@group-9EBC86A0B11D: ConfigurationManager, init=conf: {index: -1, cur=peers:[]|listeners:[], old=null}, confs=<EMPTY_MAP>
2024-10-16 23:57:14,671 INFO  server.RaftServerConfigKeys (ConfUtils.java:logGet(46)) - raft.server.notification.no-leader.timeout = 60s (default)
2024-10-16 23:57:14,671 INFO  server.RaftServerConfigKeys (ConfUtils.java:logGet(46)) - raft.server.read.timeout = 10s (default)
2024-10-16 23:57:14,671 INFO  server.RaftServerConfigKeys (ConfUtils.java:logGet(46)) - raft.server.retrycache.expirytime = 60s (default)
2024-10-16 23:57:14,671 INFO  server.RaftServerConfigKeys (ConfUtils.java:logGet(46)) - raft.server.retrycache.statistics.expirytime = 100ms (default)
2024-10-16 23:57:14,671 INFO  server.RaftServerConfigKeys (ConfUtils.java:logGet(46)) - raft.server.read.option = DEFAULT (default)
2024-10-16 23:57:14,671 INFO  server.RaftServerConfigKeys (ConfUtils.java:logGet(46)) - raft.server.read.read-after-write-consistent.write-index-cache.expiry-time = 60s (default)
2024-10-16 23:57:14,671 INFO  server.RaftServerConfigKeys (ConfUtils.java:logGet(46)) - raft.server.rpc.request.timeout = 3000ms (default)
2024-10-16 23:57:14,672 INFO  server.RaftServerConfigKeys (ConfUtils.java:logGet(46)) - raft.server.log.appender.install.snapshot.enabled = true (default)
2024-10-16 23:57:14,672 INFO  server.RaftServerConfigKeys (ConfUtils.java:logGet(46)) - raft.server.threadpool.server.cached = true (default)
2024-10-16 23:57:14,672 INFO  server.RaftServerConfigKeys (ConfUtils.java:logGet(46)) - raft.server.threadpool.server.size = 0 (default)
2024-10-16 23:57:14,672 INFO  server.RaftServerConfigKeys (ConfUtils.java:logGet(46)) - raft.server.threadpool.client.cached = true (default)
2024-10-16 23:57:14,672 INFO  server.RaftServerConfigKeys (ConfUtils.java:logGet(46)) - raft.server.threadpool.client.size = 0 (default)
2024-10-16 23:57:14,672 INFO  server.RaftServer (RaftServerProxy.java:addNew(101)) - s12: addNew group-9EBC86A0B11D:[] returns group-9EBC86A0B11D:java.util.concurrent.CompletableFuture@2f0e7008[Not completed]
2024-10-16 23:57:14,672 INFO  impl.MiniRaftCluster (MiniRaftCluster.java:newRaftServer(396)) - newRaftServer: s13, group-9EBC86A0B11D:[], format? true
2024-10-16 23:57:14,672 TRACE util.FileUtils (FileUtils.java:deleteFully(305)) - deleteFully target/test/data/6cc99a4c/MiniRaftClusterWithNettyeee6e424/s13
2024-10-16 23:57:14,672 INFO  netty.NettyUtils (NettyUtils.java:newEventLoopGroup(74)) - Create EpollEventLoopGroup for s12; Thread size is 0.
2024-10-16 23:57:14,673 TRACE util.FileUtils (FileUtils.java:deleteFully(318)) - deleteFully: target/test/data/6cc99a4c/MiniRaftClusterWithNettyeee6e424/s13 does not exist.
2024-10-16 23:57:14,673 INFO  impl.MiniRaftCluster (MiniRaftCluster.java:newRaftServer(401)) - Formatted directory target/test/data/6cc99a4c/MiniRaftClusterWithNettyeee6e424/s13
2024-10-16 23:57:14,673 INFO  server.RaftServer$Division (RaftServerImpl.java:<init>(257)) - s12: new RaftServerImpl for group-9EBC86A0B11D:[] with ArithmeticStateMachine:uninitialized
2024-10-16 23:57:14,673 INFO  server.RaftServer (ConfUtils.java:logGet(46)) - raft.rpc.type = NETTY (custom)
2024-10-16 23:57:14,674 INFO  netty.NettyConfigKeys$Server (ConfUtils.java:logGet(46)) - raft.netty.server.use-epoll = true (default)
2024-10-16 23:57:14,674 INFO  netty.NettyUtils (NettyUtils.java:newEventLoopGroup(74)) - Create EpollEventLoopGroup for NettyRpcService-bossGroup; Thread size is 0.
2024-10-16 23:57:14,673 INFO  server.RaftServerConfigKeys (ConfUtils.java:logGet(46)) - raft.server.rpc.timeout.min = 300ms (custom)
2024-10-16 23:57:14,674 INFO  server.RaftServerConfigKeys (ConfUtils.java:logGet(46)) - raft.server.rpc.timeout.max = 600ms (custom)
2024-10-16 23:57:14,674 INFO  server.RaftServerConfigKeys (ConfUtils.java:logGet(46)) - raft.server.rpc.sleep.time = 25ms (default)
2024-10-16 23:57:14,674 INFO  server.RaftServerConfigKeys (ConfUtils.java:logGet(46)) - raft.server.rpc.slowness.timeout = 60s (default)
2024-10-16 23:57:14,674 INFO  server.RaftServerConfigKeys (ConfUtils.java:logGet(46)) - raft.server.leaderelection.leader.step-down.wait-time = 10s (default)
2024-10-16 23:57:14,675 INFO  server.RaftServerConfigKeys (ConfUtils.java:logGet(46)) - raft.server.leaderelection.member.majority-add = false (default)
2024-10-16 23:57:14,675 INFO  server.RaftServerConfigKeys (ConfUtils.java:logGet(46)) - raft.server.sleep.deviation.threshold = 300ms (default)
2024-10-16 23:57:14,675 INFO  netty.NettyUtils (NettyUtils.java:newEventLoopGroup(74)) - Create EpollEventLoopGroup for NettyRpcService-workerGroup; Thread size is 0.
2024-10-16 23:57:14,675 INFO  server.RaftServer$Division (ServerState.java:<init>(114)) - s12@group-9EBC86A0B11D: ConfigurationManager, init=conf: {index: -1, cur=peers:[]|listeners:[], old=null}, confs=<EMPTY_MAP>
2024-10-16 23:57:14,675 INFO  server.RaftServerConfigKeys (ConfUtils.java:logGet(46)) - raft.server.notification.no-leader.timeout = 60s (default)
2024-10-16 23:57:14,675 INFO  server.RaftServerConfigKeys (ConfUtils.java:logGet(46)) - raft.server.read.timeout = 10s (default)
2024-10-16 23:57:14,675 INFO  server.RaftServerConfigKeys (ConfUtils.java:logGet(46)) - raft.server.retrycache.expirytime = 60s (default)
2024-10-16 23:57:14,675 INFO  server.RaftServerConfigKeys (ConfUtils.java:logGet(46)) - raft.server.retrycache.statistics.expirytime = 100ms (default)
2024-10-16 23:57:14,675 INFO  netty.NettyConfigKeys$Server (ConfUtils.java:logGet(46)) - raft.netty.server.host = null (default)
2024-10-16 23:57:14,676 INFO  netty.NettyConfigKeys$Server (ConfUtils.java:logGet(46)) - raft.netty.server.port = 15028 (custom)
2024-10-16 23:57:14,676 INFO  impl.DataStreamServerImpl (ConfUtils.java:logGet(46)) - raft.datastream.type = DISABLED (default)
2024-10-16 23:57:14,675 INFO  server.RaftServerConfigKeys (ConfUtils.java:logGet(46)) - raft.server.read.option = DEFAULT (default)
2024-10-16 23:57:14,676 INFO  server.RaftServerConfigKeys (ConfUtils.java:logGet(46)) - raft.server.sleep.deviation.threshold = 300ms (default)
2024-10-16 23:57:14,677 INFO  server.RaftServerConfigKeys (ConfUtils.java:logGet(46)) - raft.server.close.threshold = 60s (default)
2024-10-16 23:57:14,677 INFO  server.RaftServerConfigKeys (ConfUtils.java:logGet(46)) - raft.server.leaderelection.leader.step-down.wait-time = 10s (default)
2024-10-16 23:57:14,677 INFO  server.RaftServerConfigKeys (ConfUtils.java:logGet(46)) - raft.server.read.read-after-write-consistent.write-index-cache.expiry-time = 60s (default)
2024-10-16 23:57:14,677 INFO  server.RaftServerConfigKeys (ConfUtils.java:logGet(46)) - raft.server.storage.dir = [/home/runner/work/ratis/ratis/ratis-examples/target/test/data/6cc99a4c/MiniRaftClusterWithNettyeee6e424/s13] (custom)
2024-10-16 23:57:14,678 INFO  server.RaftServerConfigKeys (ConfUtils.java:logGet(46)) - raft.server.threadpool.proxy.cached = true (default)
2024-10-16 23:57:14,678 INFO  server.RaftServerConfigKeys (ConfUtils.java:logGet(46)) - raft.server.threadpool.proxy.size = 0 (default)
2024-10-16 23:57:14,678 INFO  server.RaftServerConfigKeys (ConfUtils.java:logGet(46)) - raft.server.rpc.request.timeout = 3000ms (default)
2024-10-16 23:57:14,678 INFO  server.RaftServerConfigKeys (ConfUtils.java:logGet(46)) - raft.server.log.appender.install.snapshot.enabled = true (default)
2024-10-16 23:57:14,678 INFO  server.RaftServerConfigKeys (ConfUtils.java:logGet(46)) - raft.server.threadpool.server.cached = true (default)
2024-10-16 23:57:14,678 INFO  server.RaftServerConfigKeys (ConfUtils.java:logGet(46)) - raft.server.threadpool.server.size = 0 (default)
2024-10-16 23:57:14,678 INFO  server.RaftServerConfigKeys (ConfUtils.java:logGet(46)) - raft.server.threadpool.client.cached = true (default)
2024-10-16 23:57:14,678 INFO  server.RaftServerConfigKeys (ConfUtils.java:logGet(46)) - raft.server.threadpool.client.size = 0 (default)
2024-10-16 23:57:14,681 INFO  server.RaftServer (RaftServerProxy.java:addNew(101)) - s13: addNew group-9EBC86A0B11D:[] returns group-9EBC86A0B11D:java.util.concurrent.CompletableFuture@2a7b4bb6[Not completed]
2024-10-16 23:57:14,681 INFO  netty.NettyUtils (NettyUtils.java:newEventLoopGroup(74)) - Create EpollEventLoopGroup for s13; Thread size is 0.
2024-10-16 23:57:14,681 INFO  impl.MiniRaftCluster (MiniRaftCluster.java:newRaftServer(396)) - newRaftServer: s14, group-9EBC86A0B11D:[], format? true
2024-10-16 23:57:14,681 TRACE util.FileUtils (FileUtils.java:deleteFully(305)) - deleteFully target/test/data/6cc99a4c/MiniRaftClusterWithNettyeee6e424/s14
2024-10-16 23:57:14,682 TRACE util.FileUtils (FileUtils.java:deleteFully(318)) - deleteFully: target/test/data/6cc99a4c/MiniRaftClusterWithNettyeee6e424/s14 does not exist.
2024-10-16 23:57:14,682 INFO  impl.MiniRaftCluster (MiniRaftCluster.java:newRaftServer(401)) - Formatted directory target/test/data/6cc99a4c/MiniRaftClusterWithNettyeee6e424/s14
2024-10-16 23:57:14,701 INFO  server.RaftServer (ConfUtils.java:logGet(46)) - raft.rpc.type = NETTY (custom)
2024-10-16 23:57:14,701 INFO  server.RaftServer$Division (RaftServerImpl.java:<init>(257)) - s13: new RaftServerImpl for group-9EBC86A0B11D:[] with ArithmeticStateMachine:uninitialized
2024-10-16 23:57:14,701 INFO  netty.NettyConfigKeys$Server (ConfUtils.java:logGet(46)) - raft.netty.server.use-epoll = true (default)
2024-10-16 23:57:14,701 INFO  netty.NettyUtils (NettyUtils.java:newEventLoopGroup(74)) - Create EpollEventLoopGroup for NettyRpcService-bossGroup; Thread size is 0.
2024-10-16 23:57:14,701 INFO  server.RaftServerConfigKeys (ConfUtils.java:logGet(46)) - raft.server.rpc.timeout.min = 300ms (custom)
2024-10-16 23:57:14,701 INFO  server.RaftServerConfigKeys (ConfUtils.java:logGet(46)) - raft.server.rpc.timeout.max = 600ms (custom)
2024-10-16 23:57:14,702 INFO  server.RaftServerConfigKeys (ConfUtils.java:logGet(46)) - raft.server.rpc.sleep.time = 25ms (default)
2024-10-16 23:57:14,702 INFO  server.RaftServerConfigKeys (ConfUtils.java:logGet(46)) - raft.server.rpc.slowness.timeout = 60s (default)
2024-10-16 23:57:14,702 INFO  server.RaftServerConfigKeys (ConfUtils.java:logGet(46)) - raft.server.leaderelection.leader.step-down.wait-time = 10s (default)
2024-10-16 23:57:14,702 INFO  server.RaftServerConfigKeys (ConfUtils.java:logGet(46)) - raft.server.leaderelection.member.majority-add = false (default)
2024-10-16 23:57:14,702 INFO  server.RaftServerConfigKeys (ConfUtils.java:logGet(46)) - raft.server.sleep.deviation.threshold = 300ms (default)
2024-10-16 23:57:14,702 INFO  server.RaftServer$Division (ServerState.java:<init>(114)) - s13@group-9EBC86A0B11D: ConfigurationManager, init=conf: {index: -1, cur=peers:[]|listeners:[], old=null}, confs=<EMPTY_MAP>
2024-10-16 23:57:14,702 INFO  server.RaftServerConfigKeys (ConfUtils.java:logGet(46)) - raft.server.notification.no-leader.timeout = 60s (default)
2024-10-16 23:57:14,702 INFO  netty.NettyUtils (NettyUtils.java:newEventLoopGroup(74)) - Create EpollEventLoopGroup for NettyRpcService-workerGroup; Thread size is 0.
2024-10-16 23:57:14,702 INFO  server.RaftServerConfigKeys (ConfUtils.java:logGet(46)) - raft.server.read.timeout = 10s (default)
2024-10-16 23:57:14,702 INFO  server.RaftServerConfigKeys (ConfUtils.java:logGet(46)) - raft.server.retrycache.expirytime = 60s (default)
2024-10-16 23:57:14,702 INFO  server.RaftServerConfigKeys (ConfUtils.java:logGet(46)) - raft.server.retrycache.statistics.expirytime = 100ms (default)
2024-10-16 23:57:14,702 INFO  server.RaftServerConfigKeys (ConfUtils.java:logGet(46)) - raft.server.read.option = DEFAULT (default)
2024-10-16 23:57:14,702 INFO  server.RaftServerConfigKeys (ConfUtils.java:logGet(46)) - raft.server.read.read-after-write-consistent.write-index-cache.expiry-time = 60s (default)
2024-10-16 23:57:14,703 INFO  netty.NettyConfigKeys$Server (ConfUtils.java:logGet(46)) - raft.netty.server.host = null (default)
2024-10-16 23:57:14,703 INFO  server.RaftServerConfigKeys (ConfUtils.java:logGet(46)) - raft.server.rpc.request.timeout = 3000ms (default)
2024-10-16 23:57:14,703 INFO  server.RaftServerConfigKeys (ConfUtils.java:logGet(46)) - raft.server.log.appender.install.snapshot.enabled = true (default)
2024-10-16 23:57:14,703 INFO  server.RaftServerConfigKeys (ConfUtils.java:logGet(46)) - raft.server.threadpool.server.cached = true (default)
2024-10-16 23:57:14,703 INFO  server.RaftServerConfigKeys (ConfUtils.java:logGet(46)) - raft.server.threadpool.server.size = 0 (default)
2024-10-16 23:57:14,703 INFO  server.RaftServerConfigKeys (ConfUtils.java:logGet(46)) - raft.server.threadpool.client.cached = true (default)
2024-10-16 23:57:14,703 INFO  server.RaftServerConfigKeys (ConfUtils.java:logGet(46)) - raft.server.threadpool.client.size = 0 (default)
2024-10-16 23:57:14,703 INFO  netty.NettyConfigKeys$Server (ConfUtils.java:logGet(46)) - raft.netty.server.port = 15029 (custom)
2024-10-16 23:57:14,703 INFO  impl.DataStreamServerImpl (ConfUtils.java:logGet(46)) - raft.datastream.type = DISABLED (default)
2024-10-16 23:57:14,704 INFO  server.RaftServerConfigKeys (ConfUtils.java:logGet(46)) - raft.server.sleep.deviation.threshold = 300ms (default)
2024-10-16 23:57:14,704 INFO  server.RaftServerConfigKeys (ConfUtils.java:logGet(46)) - raft.server.close.threshold = 60s (default)
2024-10-16 23:57:14,704 INFO  server.RaftServerConfigKeys (ConfUtils.java:logGet(46)) - raft.server.leaderelection.leader.step-down.wait-time = 10s (default)
2024-10-16 23:57:14,704 INFO  server.RaftServerConfigKeys (ConfUtils.java:logGet(46)) - raft.server.storage.dir = [/home/runner/work/ratis/ratis/ratis-examples/target/test/data/6cc99a4c/MiniRaftClusterWithNettyeee6e424/s14] (custom)
2024-10-16 23:57:14,704 INFO  server.RaftServerConfigKeys (ConfUtils.java:logGet(46)) - raft.server.threadpool.proxy.cached = true (default)
2024-10-16 23:57:14,704 INFO  server.RaftServerConfigKeys (ConfUtils.java:logGet(46)) - raft.server.threadpool.proxy.size = 0 (default)
2024-10-16 23:57:14,705 INFO  server.RaftServer (RaftServerProxy.java:addNew(101)) - s14: addNew group-9EBC86A0B11D:[] returns group-9EBC86A0B11D:java.util.concurrent.CompletableFuture@2fd409c1[Not completed]
2024-10-16 23:57:14,705 INFO  netty.NettyUtils (NettyUtils.java:newEventLoopGroup(74)) - Create EpollEventLoopGroup for s14; Thread size is 0.
2024-10-16 23:57:14,706 INFO  impl.GroupManagementBaseTest (GroupManagementBaseTest.java:runMultiGroupTest(260)) - putNewServer: printing ALL groups
  s3:      NEW      null s3@group-9EBC86A0B11D:t0, leader=null, voted=null, raftlog=UNINITIALIZED, conf=conf: {index: -1, cur=peers:[]|listeners:[], old=null} NEW
  s4:      NEW      null s4@group-9EBC86A0B11D:t0, leader=null, voted=null, raftlog=UNINITIALIZED, conf=conf: {index: -1, cur=peers:[]|listeners:[], old=null} NEW
  s5:      NEW      null s5@group-9EBC86A0B11D:t0, leader=null, voted=null, raftlog=UNINITIALIZED, conf=conf: {index: -1, cur=peers:[]|listeners:[], old=null} NEW
  s6:      NEW      null s6@group-9EBC86A0B11D:t0, leader=null, voted=null, raftlog=UNINITIALIZED, conf=conf: {index: -1, cur=peers:[]|listeners:[], old=null} NEW
  s7:      NEW      null s7@group-9EBC86A0B11D:t0, leader=null, voted=null, raftlog=UNINITIALIZED, conf=conf: {index: -1, cur=peers:[]|listeners:[], old=null} NEW
  s8:      NEW      null s8@group-9EBC86A0B11D:t0, leader=null, voted=null, raftlog=UNINITIALIZED, conf=conf: {index: -1, cur=peers:[]|listeners:[], old=null} NEW
  s9:      NEW      null s9@group-9EBC86A0B11D:t0, leader=null, voted=null, raftlog=UNINITIALIZED, conf=conf: {index: -1, cur=peers:[]|listeners:[], old=null} NEW
  s11:      NEW      null s11@group-9EBC86A0B11D:t0, leader=null, voted=null, raftlog=UNINITIALIZED, conf=conf: {index: -1, cur=peers:[]|listeners:[], old=null} NEW
  s10:      NEW      null s10@group-9EBC86A0B11D:t0, leader=null, voted=null, raftlog=UNINITIALIZED, conf=conf: {index: -1, cur=peers:[]|listeners:[], old=null} NEW
  s13:      NEW      null s13@group-9EBC86A0B11D:t0, leader=null, voted=null, raftlog=UNINITIALIZED, conf=conf: {index: -1, cur=peers:[]|listeners:[], old=null} NEW
  s12:      NEW      null s12@group-9EBC86A0B11D:t0, leader=null, voted=null, raftlog=UNINITIALIZED, conf=conf: {index: -1, cur=peers:[]|listeners:[], old=null} NEW
  s14:      NEW group-9EBC86A0B11D:java.util.concurrent.CompletableFuture@2fd409c1[Not completed]
  s0:      NEW      null s0@group-9EBC86A0B11D:t0, leader=null, voted=null, raftlog=UNINITIALIZED, conf=conf: {index: -1, cur=peers:[]|listeners:[], old=null} NEW
  s1:      NEW      null s1@group-9EBC86A0B11D:t0, leader=null, voted=null, raftlog=UNINITIALIZED, conf=conf: {index: -1, cur=peers:[]|listeners:[], old=null} NEW
  s2:      NEW      null s2@group-9EBC86A0B11D:t0, leader=null, voted=null, raftlog=UNINITIALIZED, conf=conf: {index: -1, cur=peers:[]|listeners:[], old=null} NEW
2024-10-16 23:57:14,706 INFO  server.RaftServer$Division (RaftServerImpl.java:<init>(257)) - s14: new RaftServerImpl for group-9EBC86A0B11D:[] with ArithmeticStateMachine:uninitialized
2024-10-16 23:57:14,706 INFO  server.RaftServerConfigKeys (ConfUtils.java:logGet(46)) - raft.server.rpc.timeout.min = 300ms (custom)
2024-10-16 23:57:14,706 INFO  server.RaftServerConfigKeys (ConfUtils.java:logGet(46)) - raft.server.rpc.timeout.max = 600ms (custom)
2024-10-16 23:57:14,706 INFO  server.RaftServerConfigKeys (ConfUtils.java:logGet(46)) - raft.server.rpc.sleep.time = 25ms (default)
2024-10-16 23:57:14,706 INFO  server.RaftServerConfigKeys (ConfUtils.java:logGet(46)) - raft.server.rpc.slowness.timeout = 60s (default)
2024-10-16 23:57:14,706 INFO  server.RaftServerConfigKeys (ConfUtils.java:logGet(46)) - raft.server.leaderelection.leader.step-down.wait-time = 10s (default)
2024-10-16 23:57:14,706 INFO  server.RaftServerConfigKeys (ConfUtils.java:logGet(46)) - raft.server.leaderelection.member.majority-add = false (default)
2024-10-16 23:57:14,706 INFO  server.RaftServerConfigKeys (ConfUtils.java:logGet(46)) - raft.server.sleep.deviation.threshold = 300ms (default)
2024-10-16 23:57:14,706 INFO  server.RaftServer$Division (ServerState.java:<init>(114)) - s14@group-9EBC86A0B11D: ConfigurationManager, init=conf: {index: -1, cur=peers:[]|listeners:[], old=null}, confs=<EMPTY_MAP>
2024-10-16 23:57:14,706 INFO  server.RaftServerConfigKeys (ConfUtils.java:logGet(46)) - raft.server.notification.no-leader.timeout = 60s (default)
2024-10-16 23:57:14,707 INFO  server.RaftServerConfigKeys (ConfUtils.java:logGet(46)) - raft.server.read.timeout = 10s (default)
2024-10-16 23:57:14,707 INFO  server.RaftServerConfigKeys (ConfUtils.java:logGet(46)) - raft.server.retrycache.expirytime = 60s (default)
2024-10-16 23:57:14,707 INFO  server.RaftServerConfigKeys (ConfUtils.java:logGet(46)) - raft.server.retrycache.statistics.expirytime = 100ms (default)
2024-10-16 23:57:14,707 INFO  server.RaftServerConfigKeys (ConfUtils.java:logGet(46)) - raft.server.read.option = DEFAULT (default)
2024-10-16 23:57:14,707 INFO  server.RaftServerConfigKeys (ConfUtils.java:logGet(46)) - raft.server.read.read-after-write-consistent.write-index-cache.expiry-time = 60s (default)
2024-10-16 23:57:14,707 INFO  server.RaftServerConfigKeys (ConfUtils.java:logGet(46)) - raft.server.rpc.request.timeout = 3000ms (default)
2024-10-16 23:57:14,707 INFO  server.RaftServerConfigKeys (ConfUtils.java:logGet(46)) - raft.server.log.appender.install.snapshot.enabled = true (default)
2024-10-16 23:57:14,707 INFO  server.RaftServerConfigKeys (ConfUtils.java:logGet(46)) - raft.server.threadpool.server.cached = true (default)
2024-10-16 23:57:14,707 INFO  server.RaftServerConfigKeys (ConfUtils.java:logGet(46)) - raft.server.threadpool.server.size = 0 (default)
2024-10-16 23:57:14,707 INFO  server.RaftServerConfigKeys (ConfUtils.java:logGet(46)) - raft.server.threadpool.client.cached = true (default)
2024-10-16 23:57:14,707 INFO  server.RaftServerConfigKeys (ConfUtils.java:logGet(46)) - raft.server.threadpool.client.size = 0 (default)
2024-10-16 23:57:15,706 INFO  impl.MiniRaftCluster (MiniRaftCluster.java:start(352)) - .............................................................. 
2024-10-16 23:57:15,706 INFO  impl.MiniRaftCluster (MiniRaftCluster.java:start(353)) - ... 
2024-10-16 23:57:15,707 INFO  impl.MiniRaftCluster (MiniRaftCluster.java:start(354)) - ...     Starting MiniRaftClusterWithNetty
2024-10-16 23:57:15,707 INFO  impl.MiniRaftCluster (MiniRaftCluster.java:start(355)) - ... 
2024-10-16 23:57:15,707 INFO  impl.MiniRaftCluster (MiniRaftCluster.java:start(356)) - .............................................................. 
2024-10-16 23:57:15,707 INFO  impl.MiniRaftCluster (MiniRaftCluster.java:initServers(331)) - servers = {s3=s3:      NEW      null s3@group-9EBC86A0B11D:t0, leader=null, voted=null, raftlog=UNINITIALIZED, conf=conf: {index: -1, cur=peers:[]|listeners:[], old=null} NEW, s4=s4:      NEW      null s4@group-9EBC86A0B11D:t0, leader=null, voted=null, raftlog=UNINITIALIZED, conf=conf: {index: -1, cur=peers:[]|listeners:[], old=null} NEW, s5=s5:      NEW      null s5@group-9EBC86A0B11D:t0, leader=null, voted=null, raftlog=UNINITIALIZED, conf=conf: {index: -1, cur=peers:[]|listeners:[], old=null} NEW, s6=s6:      NEW      null s6@group-9EBC86A0B11D:t0, leader=null, voted=null, raftlog=UNINITIALIZED, conf=conf: {index: -1, cur=peers:[]|listeners:[], old=null} NEW, s7=s7:      NEW      null s7@group-9EBC86A0B11D:t0, leader=null, voted=null, raftlog=UNINITIALIZED, conf=conf: {index: -1, cur=peers:[]|listeners:[], old=null} NEW, s8=s8:      NEW      null s8@group-9EBC86A0B11D:t0, leader=null, voted=null, raftlog=UNINITIALIZED, conf=conf: {index: -1, cur=peers:[]|listeners:[], old=null} NEW, s9=s9:      NEW      null s9@group-9EBC86A0B11D:t0, leader=null, voted=null, raftlog=UNINITIALIZED, conf=conf: {index: -1, cur=peers:[]|listeners:[], old=null} NEW, s11=s11:      NEW      null s11@group-9EBC86A0B11D:t0, leader=null, voted=null, raftlog=UNINITIALIZED, conf=conf: {index: -1, cur=peers:[]|listeners:[], old=null} NEW, s10=s10:      NEW      null s10@group-9EBC86A0B11D:t0, leader=null, voted=null, raftlog=UNINITIALIZED, conf=conf: {index: -1, cur=peers:[]|listeners:[], old=null} NEW, s13=s13:      NEW      null s13@group-9EBC86A0B11D:t0, leader=null, voted=null, raftlog=UNINITIALIZED, conf=conf: {index: -1, cur=peers:[]|listeners:[], old=null} NEW, s12=s12:      NEW      null s12@group-9EBC86A0B11D:t0, leader=null, voted=null, raftlog=UNINITIALIZED, conf=conf: {index: -1, cur=peers:[]|listeners:[], old=null} NEW, s14=s14:      NEW      null s14@group-9EBC86A0B11D:t0, leader=null, voted=null, raftlog=UNINITIALIZED, conf=conf: {index: -1, cur=peers:[]|listeners:[], old=null} NEW, s0=s0:      NEW      null s0@group-9EBC86A0B11D:t0, leader=null, voted=null, raftlog=UNINITIALIZED, conf=conf: {index: -1, cur=peers:[]|listeners:[], old=null} NEW, s1=s1:      NEW      null s1@group-9EBC86A0B11D:t0, leader=null, voted=null, raftlog=UNINITIALIZED, conf=conf: {index: -1, cur=peers:[]|listeners:[], old=null} NEW, s2=s2:      NEW      null s2@group-9EBC86A0B11D:t0, leader=null, voted=null, raftlog=UNINITIALIZED, conf=conf: {index: -1, cur=peers:[]|listeners:[], old=null} NEW}
2024-10-16 23:57:15,707 INFO  server.RaftServerConfigKeys (ConfUtils.java:logGet(46)) - raft.server.storage.free-space.min = 0MB (=0) (default)
2024-10-16 23:57:15,708 INFO  server.RaftServerConfigKeys (ConfUtils.java:logGet(46)) - raft.server.log.corruption.policy = EXCEPTION (default)
2024-10-16 23:57:15,708 INFO  server.RaftServerConfigKeys (ConfUtils.java:logGet(46)) - raft.server.storage.dir = [/home/runner/work/ratis/ratis/ratis-examples/target/test/data/6cc99a4c/MiniRaftClusterWithNettyeee6e424/s3] (custom)
2024-10-16 23:57:15,708 INFO  storage.RaftStorageDirectory (RaftStorageDirectoryImpl.java:analyzeStorage(138)) - The storage directory /home/runner/work/ratis/ratis/ratis-examples/target/test/data/6cc99a4c/MiniRaftClusterWithNettyeee6e424/s3/078f1b04-11c2-4090-86bc-9ebc86a0b11d does not exist. Creating ...
2024-10-16 23:57:15,708 TRACE util.FileUtils (LogUtils.java:runAndLog(49)) - Successfully ran Files.createDirectories /home/runner/work/ratis/ratis/ratis-examples/target/test/data/6cc99a4c/MiniRaftClusterWithNettyeee6e424/s3/078f1b04-11c2-4090-86bc-9ebc86a0b11d
2024-10-16 23:57:15,710 INFO  storage.RaftStorageDirectory (RaftStorageDirectoryImpl.java:tryLock(229)) - Lock on /home/runner/work/ratis/ratis/ratis-examples/target/test/data/6cc99a4c/MiniRaftClusterWithNettyeee6e424/s3/078f1b04-11c2-4090-86bc-9ebc86a0b11d/in_use.lock acquired by nodename 14984@fv-az1433-785
2024-10-16 23:57:15,710 TRACE util.FileUtils (LogUtils.java:runAndLog(49)) - Successfully ran Files.createDirectories /home/runner/work/ratis/ratis/ratis-examples/target/test/data/6cc99a4c/MiniRaftClusterWithNettyeee6e424/s3/078f1b04-11c2-4090-86bc-9ebc86a0b11d/current
2024-10-16 23:57:15,710 TRACE util.FileUtils (LogUtils.java:runAndLog(49)) - Successfully ran Files.createDirectories /home/runner/work/ratis/ratis/ratis-examples/target/test/data/6cc99a4c/MiniRaftClusterWithNettyeee6e424/s3/078f1b04-11c2-4090-86bc-9ebc86a0b11d/sm
2024-10-16 23:57:15,711 TRACE util.FileUtils (LogUtils.java:supplyAndLog(69)) - Successfully supplied FileChannel.open /home/runner/work/ratis/ratis/ratis-examples/target/test/data/6cc99a4c/MiniRaftClusterWithNettyeee6e424/s3/078f1b04-11c2-4090-86bc-9ebc86a0b11d/current/raft-meta.tmp with options [CREATE, WRITE]: sun.nio.ch.FileChannelImpl@ce494e
2024-10-16 23:57:15,711 TRACE util.FileUtils (LogUtils.java:runAndLog(49)) - Successfully ran Atomic Files.move /home/runner/work/ratis/ratis/ratis-examples/target/test/data/6cc99a4c/MiniRaftClusterWithNettyeee6e424/s3/078f1b04-11c2-4090-86bc-9ebc86a0b11d/current/raft-meta.tmp to /home/runner/work/ratis/ratis/ratis-examples/target/test/data/6cc99a4c/MiniRaftClusterWithNettyeee6e424/s3/078f1b04-11c2-4090-86bc-9ebc86a0b11d/current/raft-meta with options [REPLACE_EXISTING]
2024-10-16 23:57:15,712 INFO  storage.RaftStorage (RaftStorageImpl.java:format(98)) - Storage directory /home/runner/work/ratis/ratis/ratis-examples/target/test/data/6cc99a4c/MiniRaftClusterWithNettyeee6e424/s3/078f1b04-11c2-4090-86bc-9ebc86a0b11d has been successfully formatted.
2024-10-16 23:57:15,712 WARN  statemachine.StateMachine (ArithmeticStateMachine.java:loadSnapshot(115)) - The snapshot info is null.
2024-10-16 23:57:15,712 INFO  server.RaftServerConfigKeys (ConfUtils.java:logGet(46)) - raft.server.log.use.memory = false (default)
2024-10-16 23:57:15,712 INFO  server.RaftServerConfigKeys (ConfUtils.java:logGet(46)) - raft.server.log.purge.gap = 1024 (default)
2024-10-16 23:57:15,712 INFO  server.RaftServerConfigKeys (ConfUtils.java:logGet(46)) - raft.server.log.appender.buffer.byte-limit = 4MB (=4194304) (default)
2024-10-16 23:57:15,712 INFO  server.RaftServerConfigKeys (ConfUtils.java:logGet(46)) - raft.server.log.statemachine.data.read.timeout = 1000ms (default)
2024-10-16 23:57:15,712 INFO  server.RaftServerConfigKeys (ConfUtils.java:logGet(46)) - raft.server.log.purge.preservation.log.num = 0 (default)
2024-10-16 23:57:15,712 INFO  server.RaftServerConfigKeys (ConfUtils.java:logGet(46)) - raft.server.log.segment.size.max = 32MB (=33554432) (default)
2024-10-16 23:57:15,712 INFO  server.RaftServerConfigKeys (ConfUtils.java:logGet(46)) - raft.server.log.segment.cache.num.max = 6 (default)
2024-10-16 23:57:15,712 INFO  server.RaftServerConfigKeys (ConfUtils.java:logGet(46)) - raft.server.log.segment.cache.size.max = 200MB (=209715200) (default)
2024-10-16 23:57:15,713 INFO  server.RaftServerConfigKeys (ConfUtils.java:logGet(46)) - raft.server.log.appender.buffer.byte-limit = 4MB (=4194304) (default)
2024-10-16 23:57:15,713 INFO  util.AwaitToRun (AwaitToRun.java:start(81)) - Thread[s3@group-9EBC86A0B11D-cacheEviction-AwaitToRun,5,main] started
2024-10-16 23:57:15,713 INFO  segmented.SegmentedRaftLogWorker (SegmentedRaftLogWorker.java:<init>(188)) - new s3@group-9EBC86A0B11D-SegmentedRaftLogWorker for RaftStorageImpl:Storage Directory /home/runner/work/ratis/ratis/ratis-examples/target/test/data/6cc99a4c/MiniRaftClusterWithNettyeee6e424/s3/078f1b04-11c2-4090-86bc-9ebc86a0b11d
2024-10-16 23:57:15,713 INFO  server.RaftServerConfigKeys (ConfUtils.java:logGet(46)) - raft.server.log.queue.byte-limit = 64MB (=67108864) (default)
2024-10-16 23:57:15,713 INFO  server.RaftServerConfigKeys (ConfUtils.java:logGet(46)) - raft.server.log.queue.element-limit = 4096 (default)
2024-10-16 23:57:15,713 INFO  server.RaftServerConfigKeys (ConfUtils.java:logGet(46)) - raft.server.log.segment.size.max = 32MB (=33554432) (default)
2024-10-16 23:57:15,713 INFO  server.RaftServerConfigKeys (ConfUtils.java:logGet(46)) - raft.server.log.preallocated.size = 4MB (=4194304) (default)
2024-10-16 23:57:15,713 INFO  server.RaftServerConfigKeys (ConfUtils.java:logGet(46)) - raft.server.log.force.sync.num = 128 (default)
2024-10-16 23:57:15,713 INFO  server.RaftServerConfigKeys (ConfUtils.java:logGet(46)) - raft.server.log.statemachine.data.sync = true (default)
2024-10-16 23:57:15,713 INFO  server.RaftServerConfigKeys (ConfUtils.java:logGet(46)) - raft.server.log.statemachine.data.sync.timeout = 10s (default)
2024-10-16 23:57:15,713 INFO  server.RaftServerConfigKeys (ConfUtils.java:logGet(46)) - raft.server.log.statemachine.data.sync.timeout.retry = -1 (default)
2024-10-16 23:57:15,713 INFO  server.RaftServerConfigKeys (ConfUtils.java:logGet(46)) - raft.server.log.write.buffer.size = 8MB (=8388608) (default)
2024-10-16 23:57:15,714 INFO  server.RaftServerConfigKeys (ConfUtils.java:logGet(46)) - raft.server.log.appender.buffer.byte-limit = 4MB (=4194304) (default)
2024-10-16 23:57:15,714 INFO  server.RaftServerConfigKeys (ConfUtils.java:logGet(46)) - raft.server.log.unsafe-flush.enabled = false (default)
2024-10-16 23:57:15,714 INFO  server.RaftServerConfigKeys (ConfUtils.java:logGet(46)) - raft.server.log.async-flush.enabled = false (default)
2024-10-16 23:57:15,714 INFO  server.RaftServerConfigKeys (ConfUtils.java:logGet(46)) - raft.server.log.statemachine.data.caching.enabled = false (default)
2024-10-16 23:57:15,714 INFO  segmented.SegmentedRaftLogWorker (SegmentedRaftLogWorker.java:lambda$new$0(139)) - s3@group-9EBC86A0B11D-SegmentedRaftLogWorker: flushIndex: setUnconditionally 0 -> -1
2024-10-16 23:57:15,714 INFO  segmented.SegmentedRaftLogWorker (SegmentedRaftLogWorker.java:lambda$new$0(139)) - s3@group-9EBC86A0B11D-SegmentedRaftLogWorker: safeCacheEvictIndex: setUnconditionally 0 -> -1
2024-10-16 23:57:15,714 INFO  server.RaftServer$Division (RaftServerImpl.java:start(399)) - s3@group-9EBC86A0B11D: start with initializing state, conf=conf: {index: -1, cur=peers:[]|listeners:[], old=null}
2024-10-16 23:57:15,714 INFO  server.RaftServer$Division (RaftServerImpl.java:setRole(380)) - s3@group-9EBC86A0B11D: changes role from      null to FOLLOWER at term 0 for start
2024-10-16 23:57:15,715 INFO  util.JmxRegister (JmxRegister.java:tryRegister(44)) - Successfully registered JMX Bean with object name Ratis:service=RaftServer,group=group-9EBC86A0B11D,id=s3
2024-10-16 23:57:15,715 INFO  util.JmxRegister (JmxRegister.java:register(58)) - register mxBean class org.apache.ratis.server.impl.RaftServerJmxAdapter as Ratis:service=RaftServer,group=group-9EBC86A0B11D,id=s3
2024-10-16 23:57:15,715 INFO  server.RaftServerConfigKeys (ConfUtils.java:logGet(46)) - raft.server.snapshot.trigger-when-stop.enabled = true (default)
2024-10-16 23:57:15,715 INFO  server.RaftServerConfigKeys (ConfUtils.java:logGet(46)) - raft.server.snapshot.trigger-when-remove.enabled = true (default)
2024-10-16 23:57:15,715 INFO  server.RaftServerConfigKeys (ConfUtils.java:logGet(46)) - raft.server.snapshot.auto.trigger.enabled = false (default)
2024-10-16 23:57:15,715 INFO  server.RaftServerConfigKeys (ConfUtils.java:logGet(46)) - raft.server.snapshot.retention.file.num = -1 (default)
2024-10-16 23:57:15,715 INFO  server.RaftServerConfigKeys (ConfUtils.java:logGet(46)) - raft.server.log.purge.upto.snapshot.index = false (default)
2024-10-16 23:57:15,715 INFO  server.RaftServer$Division (RaftServerImpl.java:start(407)) - s3@group-9EBC86A0B11D: Successfully started.
2024-10-16 23:57:15,715 INFO  server.RaftServer (RaftServerProxy.java:startImpl(408)) - s3: start RPC server
2024-10-16 23:57:15,727 INFO  logging.LoggingHandler (AbstractInternalLogger.java:log(148)) - [id: 0x23ee7d64] REGISTERED
2024-10-16 23:57:15,727 INFO  logging.LoggingHandler (AbstractInternalLogger.java:log(148)) - [id: 0x23ee7d64] BIND: 0.0.0.0/0.0.0.0:15018
2024-10-16 23:57:15,727 INFO  logging.LoggingHandler (AbstractInternalLogger.java:log(148)) - [id: 0x23ee7d64, L:/0.0.0.0:15018] ACTIVE
2024-10-16 23:57:15,728 INFO  server.RaftServerConfigKeys (ConfUtils.java:logGet(46)) - raft.server.storage.free-space.min = 0MB (=0) (default)
2024-10-16 23:57:15,728 INFO  server.RaftServerConfigKeys (ConfUtils.java:logGet(46)) - raft.server.log.corruption.policy = EXCEPTION (default)
2024-10-16 23:57:15,728 INFO  server.RaftServerConfigKeys (ConfUtils.java:logGet(46)) - raft.server.storage.dir = [/home/runner/work/ratis/ratis/ratis-examples/target/test/data/6cc99a4c/MiniRaftClusterWithNettyeee6e424/s4] (custom)
2024-10-16 23:57:15,728 INFO  storage.RaftStorageDirectory (RaftStorageDirectoryImpl.java:analyzeStorage(138)) - The storage directory /home/runner/work/ratis/ratis/ratis-examples/target/test/data/6cc99a4c/MiniRaftClusterWithNettyeee6e424/s4/078f1b04-11c2-4090-86bc-9ebc86a0b11d does not exist. Creating ...
2024-10-16 23:57:15,728 TRACE util.FileUtils (LogUtils.java:runAndLog(49)) - Successfully ran Files.createDirectories /home/runner/work/ratis/ratis/ratis-examples/target/test/data/6cc99a4c/MiniRaftClusterWithNettyeee6e424/s4/078f1b04-11c2-4090-86bc-9ebc86a0b11d
2024-10-16 23:57:15,729 INFO  util.JvmPauseMonitor (JvmPauseMonitor.java:run(146)) - JvmPauseMonitor-s3: Started
2024-10-16 23:57:15,730 INFO  storage.RaftStorageDirectory (RaftStorageDirectoryImpl.java:tryLock(229)) - Lock on /home/runner/work/ratis/ratis/ratis-examples/target/test/data/6cc99a4c/MiniRaftClusterWithNettyeee6e424/s4/078f1b04-11c2-4090-86bc-9ebc86a0b11d/in_use.lock acquired by nodename 14984@fv-az1433-785
2024-10-16 23:57:15,730 TRACE util.FileUtils (LogUtils.java:runAndLog(49)) - Successfully ran Files.createDirectories /home/runner/work/ratis/ratis/ratis-examples/target/test/data/6cc99a4c/MiniRaftClusterWithNettyeee6e424/s4/078f1b04-11c2-4090-86bc-9ebc86a0b11d/current
2024-10-16 23:57:15,731 TRACE util.FileUtils (LogUtils.java:runAndLog(49)) - Successfully ran Files.createDirectories /home/runner/work/ratis/ratis/ratis-examples/target/test/data/6cc99a4c/MiniRaftClusterWithNettyeee6e424/s4/078f1b04-11c2-4090-86bc-9ebc86a0b11d/sm
2024-10-16 23:57:15,731 TRACE util.FileUtils (LogUtils.java:supplyAndLog(69)) - Successfully supplied FileChannel.open /home/runner/work/ratis/ratis/ratis-examples/target/test/data/6cc99a4c/MiniRaftClusterWithNettyeee6e424/s4/078f1b04-11c2-4090-86bc-9ebc86a0b11d/current/raft-meta.tmp with options [CREATE, WRITE]: sun.nio.ch.FileChannelImpl@31a012d
2024-10-16 23:57:15,732 TRACE util.FileUtils (LogUtils.java:runAndLog(49)) - Successfully ran Atomic Files.move /home/runner/work/ratis/ratis/ratis-examples/target/test/data/6cc99a4c/MiniRaftClusterWithNettyeee6e424/s4/078f1b04-11c2-4090-86bc-9ebc86a0b11d/current/raft-meta.tmp to /home/runner/work/ratis/ratis/ratis-examples/target/test/data/6cc99a4c/MiniRaftClusterWithNettyeee6e424/s4/078f1b04-11c2-4090-86bc-9ebc86a0b11d/current/raft-meta with options [REPLACE_EXISTING]
2024-10-16 23:57:15,732 INFO  storage.RaftStorage (RaftStorageImpl.java:format(98)) - Storage directory /home/runner/work/ratis/ratis/ratis-examples/target/test/data/6cc99a4c/MiniRaftClusterWithNettyeee6e424/s4/078f1b04-11c2-4090-86bc-9ebc86a0b11d has been successfully formatted.
2024-10-16 23:57:15,732 WARN  statemachine.StateMachine (ArithmeticStateMachine.java:loadSnapshot(115)) - The snapshot info is null.
2024-10-16 23:57:15,732 INFO  server.RaftServerConfigKeys (ConfUtils.java:logGet(46)) - raft.server.log.use.memory = false (default)
2024-10-16 23:57:15,732 INFO  server.RaftServerConfigKeys (ConfUtils.java:logGet(46)) - raft.server.log.purge.gap = 1024 (default)
2024-10-16 23:57:15,732 INFO  server.RaftServerConfigKeys (ConfUtils.java:logGet(46)) - raft.server.log.appender.buffer.byte-limit = 4MB (=4194304) (default)
2024-10-16 23:57:15,732 INFO  server.RaftServerConfigKeys (ConfUtils.java:logGet(46)) - raft.server.log.statemachine.data.read.timeout = 1000ms (default)
2024-10-16 23:57:15,732 INFO  server.RaftServerConfigKeys (ConfUtils.java:logGet(46)) - raft.server.log.purge.preservation.log.num = 0 (default)
2024-10-16 23:57:15,732 INFO  server.RaftServerConfigKeys (ConfUtils.java:logGet(46)) - raft.server.log.segment.size.max = 32MB (=33554432) (default)
2024-10-16 23:57:15,732 INFO  server.RaftServerConfigKeys (ConfUtils.java:logGet(46)) - raft.server.log.segment.cache.num.max = 6 (default)
2024-10-16 23:57:15,732 INFO  server.RaftServerConfigKeys (ConfUtils.java:logGet(46)) - raft.server.log.segment.cache.size.max = 200MB (=209715200) (default)
2024-10-16 23:57:15,732 INFO  server.RaftServerConfigKeys (ConfUtils.java:logGet(46)) - raft.server.log.appender.buffer.byte-limit = 4MB (=4194304) (default)
2024-10-16 23:57:15,733 INFO  util.AwaitToRun (AwaitToRun.java:start(81)) - Thread[s4@group-9EBC86A0B11D-cacheEviction-AwaitToRun,5,main] started
2024-10-16 23:57:15,733 INFO  segmented.SegmentedRaftLogWorker (SegmentedRaftLogWorker.java:<init>(188)) - new s4@group-9EBC86A0B11D-SegmentedRaftLogWorker for RaftStorageImpl:Storage Directory /home/runner/work/ratis/ratis/ratis-examples/target/test/data/6cc99a4c/MiniRaftClusterWithNettyeee6e424/s4/078f1b04-11c2-4090-86bc-9ebc86a0b11d
2024-10-16 23:57:15,733 INFO  server.RaftServerConfigKeys (ConfUtils.java:logGet(46)) - raft.server.log.queue.byte-limit = 64MB (=67108864) (default)
2024-10-16 23:57:15,733 INFO  server.RaftServerConfigKeys (ConfUtils.java:logGet(46)) - raft.server.log.queue.element-limit = 4096 (default)
2024-10-16 23:57:15,733 INFO  server.RaftServerConfigKeys (ConfUtils.java:logGet(46)) - raft.server.log.segment.size.max = 32MB (=33554432) (default)
2024-10-16 23:57:15,733 INFO  server.RaftServerConfigKeys (ConfUtils.java:logGet(46)) - raft.server.log.preallocated.size = 4MB (=4194304) (default)
2024-10-16 23:57:15,733 INFO  server.RaftServerConfigKeys (ConfUtils.java:logGet(46)) - raft.server.log.force.sync.num = 128 (default)
2024-10-16 23:57:15,733 INFO  server.RaftServerConfigKeys (ConfUtils.java:logGet(46)) - raft.server.log.statemachine.data.sync = true (default)
2024-10-16 23:57:15,733 INFO  server.RaftServerConfigKeys (ConfUtils.java:logGet(46)) - raft.server.log.statemachine.data.sync.timeout = 10s (default)
2024-10-16 23:57:15,733 INFO  server.RaftServerConfigKeys (ConfUtils.java:logGet(46)) - raft.server.log.statemachine.data.sync.timeout.retry = -1 (default)
2024-10-16 23:57:15,733 INFO  server.RaftServerConfigKeys (ConfUtils.java:logGet(46)) - raft.server.log.write.buffer.size = 8MB (=8388608) (default)
2024-10-16 23:57:15,734 INFO  server.RaftServerConfigKeys (ConfUtils.java:logGet(46)) - raft.server.log.appender.buffer.byte-limit = 4MB (=4194304) (default)
2024-10-16 23:57:15,734 INFO  server.RaftServerConfigKeys (ConfUtils.java:logGet(46)) - raft.server.log.unsafe-flush.enabled = false (default)
2024-10-16 23:57:15,734 INFO  server.RaftServerConfigKeys (ConfUtils.java:logGet(46)) - raft.server.log.async-flush.enabled = false (default)
2024-10-16 23:57:15,734 INFO  server.RaftServerConfigKeys (ConfUtils.java:logGet(46)) - raft.server.log.statemachine.data.caching.enabled = false (default)
2024-10-16 23:57:15,734 INFO  segmented.SegmentedRaftLogWorker (SegmentedRaftLogWorker.java:lambda$new$0(139)) - s4@group-9EBC86A0B11D-SegmentedRaftLogWorker: flushIndex: setUnconditionally 0 -> -1
2024-10-16 23:57:15,734 INFO  segmented.SegmentedRaftLogWorker (SegmentedRaftLogWorker.java:lambda$new$0(139)) - s4@group-9EBC86A0B11D-SegmentedRaftLogWorker: safeCacheEvictIndex: setUnconditionally 0 -> -1
2024-10-16 23:57:15,734 INFO  server.RaftServer$Division (RaftServerImpl.java:start(399)) - s4@group-9EBC86A0B11D: start with initializing state, conf=conf: {index: -1, cur=peers:[]|listeners:[], old=null}
2024-10-16 23:57:15,734 INFO  server.RaftServer$Division (RaftServerImpl.java:setRole(380)) - s4@group-9EBC86A0B11D: changes role from      null to FOLLOWER at term 0 for start
2024-10-16 23:57:15,734 INFO  util.JmxRegister (JmxRegister.java:tryRegister(44)) - Successfully registered JMX Bean with object name Ratis:service=RaftServer,group=group-9EBC86A0B11D,id=s4
2024-10-16 23:57:15,734 INFO  util.JmxRegister (JmxRegister.java:register(58)) - register mxBean class org.apache.ratis.server.impl.RaftServerJmxAdapter as Ratis:service=RaftServer,group=group-9EBC86A0B11D,id=s4
2024-10-16 23:57:15,734 INFO  server.RaftServerConfigKeys (ConfUtils.java:logGet(46)) - raft.server.snapshot.trigger-when-stop.enabled = true (default)
2024-10-16 23:57:15,734 INFO  server.RaftServerConfigKeys (ConfUtils.java:logGet(46)) - raft.server.snapshot.trigger-when-remove.enabled = true (default)
2024-10-16 23:57:15,734 INFO  server.RaftServerConfigKeys (ConfUtils.java:logGet(46)) - raft.server.snapshot.auto.trigger.enabled = false (default)
2024-10-16 23:57:15,734 INFO  server.RaftServerConfigKeys (ConfUtils.java:logGet(46)) - raft.server.snapshot.retention.file.num = -1 (default)
2024-10-16 23:57:15,735 INFO  server.RaftServerConfigKeys (ConfUtils.java:logGet(46)) - raft.server.log.purge.upto.snapshot.index = false (default)
2024-10-16 23:57:15,735 INFO  server.RaftServer$Division (RaftServerImpl.java:start(407)) - s4@group-9EBC86A0B11D: Successfully started.
2024-10-16 23:57:15,735 INFO  server.RaftServer (RaftServerProxy.java:startImpl(408)) - s4: start RPC server
2024-10-16 23:57:15,735 INFO  logging.LoggingHandler (AbstractInternalLogger.java:log(148)) - [id: 0xae2b77fe] REGISTERED
2024-10-16 23:57:15,736 INFO  logging.LoggingHandler (AbstractInternalLogger.java:log(148)) - [id: 0xae2b77fe] BIND: 0.0.0.0/0.0.0.0:15019
2024-10-16 23:57:15,736 INFO  logging.LoggingHandler (AbstractInternalLogger.java:log(148)) - [id: 0xae2b77fe, L:/0.0.0.0:15019] ACTIVE
2024-10-16 23:57:15,736 INFO  server.RaftServerConfigKeys (ConfUtils.java:logGet(46)) - raft.server.storage.free-space.min = 0MB (=0) (default)
2024-10-16 23:57:15,736 INFO  util.JvmPauseMonitor (JvmPauseMonitor.java:run(146)) - JvmPauseMonitor-s4: Started
2024-10-16 23:57:15,736 INFO  server.RaftServerConfigKeys (ConfUtils.java:logGet(46)) - raft.server.log.corruption.policy = EXCEPTION (default)
2024-10-16 23:57:15,736 INFO  server.RaftServerConfigKeys (ConfUtils.java:logGet(46)) - raft.server.storage.dir = [/home/runner/work/ratis/ratis/ratis-examples/target/test/data/6cc99a4c/MiniRaftClusterWithNettyeee6e424/s5] (custom)
2024-10-16 23:57:15,736 INFO  storage.RaftStorageDirectory (RaftStorageDirectoryImpl.java:analyzeStorage(138)) - The storage directory /home/runner/work/ratis/ratis/ratis-examples/target/test/data/6cc99a4c/MiniRaftClusterWithNettyeee6e424/s5/078f1b04-11c2-4090-86bc-9ebc86a0b11d does not exist. Creating ...
2024-10-16 23:57:15,736 TRACE util.FileUtils (LogUtils.java:runAndLog(49)) - Successfully ran Files.createDirectories /home/runner/work/ratis/ratis/ratis-examples/target/test/data/6cc99a4c/MiniRaftClusterWithNettyeee6e424/s5/078f1b04-11c2-4090-86bc-9ebc86a0b11d
2024-10-16 23:57:15,738 INFO  storage.RaftStorageDirectory (RaftStorageDirectoryImpl.java:tryLock(229)) - Lock on /home/runner/work/ratis/ratis/ratis-examples/target/test/data/6cc99a4c/MiniRaftClusterWithNettyeee6e424/s5/078f1b04-11c2-4090-86bc-9ebc86a0b11d/in_use.lock acquired by nodename 14984@fv-az1433-785
2024-10-16 23:57:15,738 TRACE util.FileUtils (LogUtils.java:runAndLog(49)) - Successfully ran Files.createDirectories /home/runner/work/ratis/ratis/ratis-examples/target/test/data/6cc99a4c/MiniRaftClusterWithNettyeee6e424/s5/078f1b04-11c2-4090-86bc-9ebc86a0b11d/current
2024-10-16 23:57:15,738 TRACE util.FileUtils (LogUtils.java:runAndLog(49)) - Successfully ran Files.createDirectories /home/runner/work/ratis/ratis/ratis-examples/target/test/data/6cc99a4c/MiniRaftClusterWithNettyeee6e424/s5/078f1b04-11c2-4090-86bc-9ebc86a0b11d/sm
2024-10-16 23:57:15,738 TRACE util.FileUtils (LogUtils.java:supplyAndLog(69)) - Successfully supplied FileChannel.open /home/runner/work/ratis/ratis/ratis-examples/target/test/data/6cc99a4c/MiniRaftClusterWithNettyeee6e424/s5/078f1b04-11c2-4090-86bc-9ebc86a0b11d/current/raft-meta.tmp with options [CREATE, WRITE]: sun.nio.ch.FileChannelImpl@6f8f696a
2024-10-16 23:57:15,739 TRACE util.FileUtils (LogUtils.java:runAndLog(49)) - Successfully ran Atomic Files.move /home/runner/work/ratis/ratis/ratis-examples/target/test/data/6cc99a4c/MiniRaftClusterWithNettyeee6e424/s5/078f1b04-11c2-4090-86bc-9ebc86a0b11d/current/raft-meta.tmp to /home/runner/work/ratis/ratis/ratis-examples/target/test/data/6cc99a4c/MiniRaftClusterWithNettyeee6e424/s5/078f1b04-11c2-4090-86bc-9ebc86a0b11d/current/raft-meta with options [REPLACE_EXISTING]
2024-10-16 23:57:15,739 INFO  storage.RaftStorage (RaftStorageImpl.java:format(98)) - Storage directory /home/runner/work/ratis/ratis/ratis-examples/target/test/data/6cc99a4c/MiniRaftClusterWithNettyeee6e424/s5/078f1b04-11c2-4090-86bc-9ebc86a0b11d has been successfully formatted.
2024-10-16 23:57:15,740 WARN  statemachine.StateMachine (ArithmeticStateMachine.java:loadSnapshot(115)) - The snapshot info is null.
2024-10-16 23:57:15,740 INFO  server.RaftServerConfigKeys (ConfUtils.java:logGet(46)) - raft.server.log.use.memory = false (default)
2024-10-16 23:57:15,740 INFO  server.RaftServerConfigKeys (ConfUtils.java:logGet(46)) - raft.server.log.purge.gap = 1024 (default)
2024-10-16 23:57:15,740 INFO  server.RaftServerConfigKeys (ConfUtils.java:logGet(46)) - raft.server.log.appender.buffer.byte-limit = 4MB (=4194304) (default)
2024-10-16 23:57:15,740 INFO  server.RaftServerConfigKeys (ConfUtils.java:logGet(46)) - raft.server.log.statemachine.data.read.timeout = 1000ms (default)
2024-10-16 23:57:15,740 INFO  server.RaftServerConfigKeys (ConfUtils.java:logGet(46)) - raft.server.log.purge.preservation.log.num = 0 (default)
2024-10-16 23:57:15,740 INFO  server.RaftServerConfigKeys (ConfUtils.java:logGet(46)) - raft.server.log.segment.size.max = 32MB (=33554432) (default)
2024-10-16 23:57:15,740 INFO  server.RaftServerConfigKeys (ConfUtils.java:logGet(46)) - raft.server.log.segment.cache.num.max = 6 (default)
2024-10-16 23:57:15,740 INFO  server.RaftServerConfigKeys (ConfUtils.java:logGet(46)) - raft.server.log.segment.cache.size.max = 200MB (=209715200) (default)
2024-10-16 23:57:15,740 INFO  server.RaftServerConfigKeys (ConfUtils.java:logGet(46)) - raft.server.log.appender.buffer.byte-limit = 4MB (=4194304) (default)
2024-10-16 23:57:15,740 INFO  util.AwaitToRun (AwaitToRun.java:start(81)) - Thread[s5@group-9EBC86A0B11D-cacheEviction-AwaitToRun,5,main] started
2024-10-16 23:57:15,740 INFO  segmented.SegmentedRaftLogWorker (SegmentedRaftLogWorker.java:<init>(188)) - new s5@group-9EBC86A0B11D-SegmentedRaftLogWorker for RaftStorageImpl:Storage Directory /home/runner/work/ratis/ratis/ratis-examples/target/test/data/6cc99a4c/MiniRaftClusterWithNettyeee6e424/s5/078f1b04-11c2-4090-86bc-9ebc86a0b11d
2024-10-16 23:57:15,740 INFO  server.RaftServerConfigKeys (ConfUtils.java:logGet(46)) - raft.server.log.queue.byte-limit = 64MB (=67108864) (default)
2024-10-16 23:57:15,740 INFO  server.RaftServerConfigKeys (ConfUtils.java:logGet(46)) - raft.server.log.queue.element-limit = 4096 (default)
2024-10-16 23:57:15,740 INFO  server.RaftServerConfigKeys (ConfUtils.java:logGet(46)) - raft.server.log.segment.size.max = 32MB (=33554432) (default)
2024-10-16 23:57:15,740 INFO  server.RaftServerConfigKeys (ConfUtils.java:logGet(46)) - raft.server.log.preallocated.size = 4MB (=4194304) (default)
2024-10-16 23:57:15,741 INFO  server.RaftServerConfigKeys (ConfUtils.java:logGet(46)) - raft.server.log.force.sync.num = 128 (default)
2024-10-16 23:57:15,741 INFO  server.RaftServerConfigKeys (ConfUtils.java:logGet(46)) - raft.server.log.statemachine.data.sync = true (default)
2024-10-16 23:57:15,741 INFO  server.RaftServerConfigKeys (ConfUtils.java:logGet(46)) - raft.server.log.statemachine.data.sync.timeout = 10s (default)
2024-10-16 23:57:15,741 INFO  server.RaftServerConfigKeys (ConfUtils.java:logGet(46)) - raft.server.log.statemachine.data.sync.timeout.retry = -1 (default)
2024-10-16 23:57:15,741 INFO  server.RaftServerConfigKeys (ConfUtils.java:logGet(46)) - raft.server.log.write.buffer.size = 8MB (=8388608) (default)
2024-10-16 23:57:15,741 INFO  server.RaftServerConfigKeys (ConfUtils.java:logGet(46)) - raft.server.log.appender.buffer.byte-limit = 4MB (=4194304) (default)
2024-10-16 23:57:15,741 INFO  server.RaftServerConfigKeys (ConfUtils.java:logGet(46)) - raft.server.log.unsafe-flush.enabled = false (default)
2024-10-16 23:57:15,741 INFO  server.RaftServerConfigKeys (ConfUtils.java:logGet(46)) - raft.server.log.async-flush.enabled = false (default)
2024-10-16 23:57:15,741 INFO  server.RaftServerConfigKeys (ConfUtils.java:logGet(46)) - raft.server.log.statemachine.data.caching.enabled = false (default)
2024-10-16 23:57:15,741 INFO  segmented.SegmentedRaftLogWorker (SegmentedRaftLogWorker.java:lambda$new$0(139)) - s5@group-9EBC86A0B11D-SegmentedRaftLogWorker: flushIndex: setUnconditionally 0 -> -1
2024-10-16 23:57:15,741 INFO  segmented.SegmentedRaftLogWorker (SegmentedRaftLogWorker.java:lambda$new$0(139)) - s5@group-9EBC86A0B11D-SegmentedRaftLogWorker: safeCacheEvictIndex: setUnconditionally 0 -> -1
2024-10-16 23:57:15,742 INFO  server.RaftServer$Division (RaftServerImpl.java:start(399)) - s5@group-9EBC86A0B11D: start with initializing state, conf=conf: {index: -1, cur=peers:[]|listeners:[], old=null}
2024-10-16 23:57:15,742 INFO  server.RaftServer$Division (RaftServerImpl.java:setRole(380)) - s5@group-9EBC86A0B11D: changes role from      null to FOLLOWER at term 0 for start
2024-10-16 23:57:15,742 INFO  util.JmxRegister (JmxRegister.java:tryRegister(44)) - Successfully registered JMX Bean with object name Ratis:service=RaftServer,group=group-9EBC86A0B11D,id=s5
2024-10-16 23:57:15,742 INFO  util.JmxRegister (JmxRegister.java:register(58)) - register mxBean class org.apache.ratis.server.impl.RaftServerJmxAdapter as Ratis:service=RaftServer,group=group-9EBC86A0B11D,id=s5
2024-10-16 23:57:15,742 INFO  server.RaftServerConfigKeys (ConfUtils.java:logGet(46)) - raft.server.snapshot.trigger-when-stop.enabled = true (default)
2024-10-16 23:57:15,742 INFO  server.RaftServerConfigKeys (ConfUtils.java:logGet(46)) - raft.server.snapshot.trigger-when-remove.enabled = true (default)
2024-10-16 23:57:15,742 INFO  server.RaftServerConfigKeys (ConfUtils.java:logGet(46)) - raft.server.snapshot.auto.trigger.enabled = false (default)
2024-10-16 23:57:15,742 INFO  server.RaftServerConfigKeys (ConfUtils.java:logGet(46)) - raft.server.snapshot.retention.file.num = -1 (default)
2024-10-16 23:57:15,742 INFO  server.RaftServerConfigKeys (ConfUtils.java:logGet(46)) - raft.server.log.purge.upto.snapshot.index = false (default)
2024-10-16 23:57:15,742 INFO  server.RaftServer$Division (RaftServerImpl.java:start(407)) - s5@group-9EBC86A0B11D: Successfully started.
2024-10-16 23:57:15,742 INFO  server.RaftServer (RaftServerProxy.java:startImpl(408)) - s5: start RPC server
2024-10-16 23:57:15,743 INFO  logging.LoggingHandler (AbstractInternalLogger.java:log(148)) - [id: 0x07bad65c] REGISTERED
2024-10-16 23:57:15,743 INFO  logging.LoggingHandler (AbstractInternalLogger.java:log(148)) - [id: 0x07bad65c] BIND: 0.0.0.0/0.0.0.0:15020
2024-10-16 23:57:15,743 INFO  logging.LoggingHandler (AbstractInternalLogger.java:log(148)) - [id: 0x07bad65c, L:/0.0.0.0:15020] ACTIVE
2024-10-16 23:57:15,743 INFO  server.RaftServerConfigKeys (ConfUtils.java:logGet(46)) - raft.server.storage.free-space.min = 0MB (=0) (default)
2024-10-16 23:57:15,743 INFO  util.JvmPauseMonitor (JvmPauseMonitor.java:run(146)) - JvmPauseMonitor-s5: Started
2024-10-16 23:57:15,743 INFO  server.RaftServerConfigKeys (ConfUtils.java:logGet(46)) - raft.server.log.corruption.policy = EXCEPTION (default)
2024-10-16 23:57:15,743 INFO  server.RaftServerConfigKeys (ConfUtils.java:logGet(46)) - raft.server.storage.dir = [/home/runner/work/ratis/ratis/ratis-examples/target/test/data/6cc99a4c/MiniRaftClusterWithNettyeee6e424/s6] (custom)
2024-10-16 23:57:15,744 INFO  storage.RaftStorageDirectory (RaftStorageDirectoryImpl.java:analyzeStorage(138)) - The storage directory /home/runner/work/ratis/ratis/ratis-examples/target/test/data/6cc99a4c/MiniRaftClusterWithNettyeee6e424/s6/078f1b04-11c2-4090-86bc-9ebc86a0b11d does not exist. Creating ...
2024-10-16 23:57:15,744 TRACE util.FileUtils (LogUtils.java:runAndLog(49)) - Successfully ran Files.createDirectories /home/runner/work/ratis/ratis/ratis-examples/target/test/data/6cc99a4c/MiniRaftClusterWithNettyeee6e424/s6/078f1b04-11c2-4090-86bc-9ebc86a0b11d
2024-10-16 23:57:15,745 INFO  storage.RaftStorageDirectory (RaftStorageDirectoryImpl.java:tryLock(229)) - Lock on /home/runner/work/ratis/ratis/ratis-examples/target/test/data/6cc99a4c/MiniRaftClusterWithNettyeee6e424/s6/078f1b04-11c2-4090-86bc-9ebc86a0b11d/in_use.lock acquired by nodename 14984@fv-az1433-785
2024-10-16 23:57:15,745 TRACE util.FileUtils (LogUtils.java:runAndLog(49)) - Successfully ran Files.createDirectories /home/runner/work/ratis/ratis/ratis-examples/target/test/data/6cc99a4c/MiniRaftClusterWithNettyeee6e424/s6/078f1b04-11c2-4090-86bc-9ebc86a0b11d/current
2024-10-16 23:57:15,745 TRACE util.FileUtils (LogUtils.java:runAndLog(49)) - Successfully ran Files.createDirectories /home/runner/work/ratis/ratis/ratis-examples/target/test/data/6cc99a4c/MiniRaftClusterWithNettyeee6e424/s6/078f1b04-11c2-4090-86bc-9ebc86a0b11d/sm
2024-10-16 23:57:15,745 TRACE util.FileUtils (LogUtils.java:supplyAndLog(69)) - Successfully supplied FileChannel.open /home/runner/work/ratis/ratis/ratis-examples/target/test/data/6cc99a4c/MiniRaftClusterWithNettyeee6e424/s6/078f1b04-11c2-4090-86bc-9ebc86a0b11d/current/raft-meta.tmp with options [CREATE, WRITE]: sun.nio.ch.FileChannelImpl@645d285c
2024-10-16 23:57:15,746 TRACE util.FileUtils (LogUtils.java:runAndLog(49)) - Successfully ran Atomic Files.move /home/runner/work/ratis/ratis/ratis-examples/target/test/data/6cc99a4c/MiniRaftClusterWithNettyeee6e424/s6/078f1b04-11c2-4090-86bc-9ebc86a0b11d/current/raft-meta.tmp to /home/runner/work/ratis/ratis/ratis-examples/target/test/data/6cc99a4c/MiniRaftClusterWithNettyeee6e424/s6/078f1b04-11c2-4090-86bc-9ebc86a0b11d/current/raft-meta with options [REPLACE_EXISTING]
2024-10-16 23:57:15,746 INFO  storage.RaftStorage (RaftStorageImpl.java:format(98)) - Storage directory /home/runner/work/ratis/ratis/ratis-examples/target/test/data/6cc99a4c/MiniRaftClusterWithNettyeee6e424/s6/078f1b04-11c2-4090-86bc-9ebc86a0b11d has been successfully formatted.
2024-10-16 23:57:15,746 WARN  statemachine.StateMachine (ArithmeticStateMachine.java:loadSnapshot(115)) - The snapshot info is null.
2024-10-16 23:57:15,746 INFO  server.RaftServerConfigKeys (ConfUtils.java:logGet(46)) - raft.server.log.use.memory = false (default)
2024-10-16 23:57:15,746 INFO  server.RaftServerConfigKeys (ConfUtils.java:logGet(46)) - raft.server.log.purge.gap = 1024 (default)
2024-10-16 23:57:15,746 INFO  server.RaftServerConfigKeys (ConfUtils.java:logGet(46)) - raft.server.log.appender.buffer.byte-limit = 4MB (=4194304) (default)
2024-10-16 23:57:15,746 INFO  server.RaftServerConfigKeys (ConfUtils.java:logGet(46)) - raft.server.log.statemachine.data.read.timeout = 1000ms (default)
2024-10-16 23:57:15,746 INFO  server.RaftServerConfigKeys (ConfUtils.java:logGet(46)) - raft.server.log.purge.preservation.log.num = 0 (default)
2024-10-16 23:57:15,746 INFO  server.RaftServerConfigKeys (ConfUtils.java:logGet(46)) - raft.server.log.segment.size.max = 32MB (=33554432) (default)
2024-10-16 23:57:15,747 INFO  server.RaftServerConfigKeys (ConfUtils.java:logGet(46)) - raft.server.log.segment.cache.num.max = 6 (default)
2024-10-16 23:57:15,747 INFO  server.RaftServerConfigKeys (ConfUtils.java:logGet(46)) - raft.server.log.segment.cache.size.max = 200MB (=209715200) (default)
2024-10-16 23:57:15,747 INFO  server.RaftServerConfigKeys (ConfUtils.java:logGet(46)) - raft.server.log.appender.buffer.byte-limit = 4MB (=4194304) (default)
2024-10-16 23:57:15,747 INFO  util.AwaitToRun (AwaitToRun.java:start(81)) - Thread[s6@group-9EBC86A0B11D-cacheEviction-AwaitToRun,5,main] started
2024-10-16 23:57:15,747 INFO  segmented.SegmentedRaftLogWorker (SegmentedRaftLogWorker.java:<init>(188)) - new s6@group-9EBC86A0B11D-SegmentedRaftLogWorker for RaftStorageImpl:Storage Directory /home/runner/work/ratis/ratis/ratis-examples/target/test/data/6cc99a4c/MiniRaftClusterWithNettyeee6e424/s6/078f1b04-11c2-4090-86bc-9ebc86a0b11d
2024-10-16 23:57:15,747 INFO  server.RaftServerConfigKeys (ConfUtils.java:logGet(46)) - raft.server.log.queue.byte-limit = 64MB (=67108864) (default)
2024-10-16 23:57:15,747 INFO  server.RaftServerConfigKeys (ConfUtils.java:logGet(46)) - raft.server.log.queue.element-limit = 4096 (default)
2024-10-16 23:57:15,747 INFO  server.RaftServerConfigKeys (ConfUtils.java:logGet(46)) - raft.server.log.segment.size.max = 32MB (=33554432) (default)
2024-10-16 23:57:15,747 INFO  server.RaftServerConfigKeys (ConfUtils.java:logGet(46)) - raft.server.log.preallocated.size = 4MB (=4194304) (default)
2024-10-16 23:57:15,747 INFO  server.RaftServerConfigKeys (ConfUtils.java:logGet(46)) - raft.server.log.force.sync.num = 128 (default)
2024-10-16 23:57:15,747 INFO  server.RaftServerConfigKeys (ConfUtils.java:logGet(46)) - raft.server.log.statemachine.data.sync = true (default)
2024-10-16 23:57:15,747 INFO  server.RaftServerConfigKeys (ConfUtils.java:logGet(46)) - raft.server.log.statemachine.data.sync.timeout = 10s (default)
2024-10-16 23:57:15,747 INFO  server.RaftServerConfigKeys (ConfUtils.java:logGet(46)) - raft.server.log.statemachine.data.sync.timeout.retry = -1 (default)
2024-10-16 23:57:15,748 INFO  server.RaftServerConfigKeys (ConfUtils.java:logGet(46)) - raft.server.log.write.buffer.size = 8MB (=8388608) (default)
2024-10-16 23:57:15,748 INFO  server.RaftServerConfigKeys (ConfUtils.java:logGet(46)) - raft.server.log.appender.buffer.byte-limit = 4MB (=4194304) (default)
2024-10-16 23:57:15,748 INFO  server.RaftServerConfigKeys (ConfUtils.java:logGet(46)) - raft.server.log.unsafe-flush.enabled = false (default)
2024-10-16 23:57:15,748 INFO  server.RaftServerConfigKeys (ConfUtils.java:logGet(46)) - raft.server.log.async-flush.enabled = false (default)
2024-10-16 23:57:15,748 INFO  server.RaftServerConfigKeys (ConfUtils.java:logGet(46)) - raft.server.log.statemachine.data.caching.enabled = false (default)
2024-10-16 23:57:15,748 INFO  segmented.SegmentedRaftLogWorker (SegmentedRaftLogWorker.java:lambda$new$0(139)) - s6@group-9EBC86A0B11D-SegmentedRaftLogWorker: flushIndex: setUnconditionally 0 -> -1
2024-10-16 23:57:15,748 INFO  segmented.SegmentedRaftLogWorker (SegmentedRaftLogWorker.java:lambda$new$0(139)) - s6@group-9EBC86A0B11D-SegmentedRaftLogWorker: safeCacheEvictIndex: setUnconditionally 0 -> -1
2024-10-16 23:57:15,749 INFO  server.RaftServer$Division (RaftServerImpl.java:start(399)) - s6@group-9EBC86A0B11D: start with initializing state, conf=conf: {index: -1, cur=peers:[]|listeners:[], old=null}
2024-10-16 23:57:15,749 INFO  server.RaftServer$Division (RaftServerImpl.java:setRole(380)) - s6@group-9EBC86A0B11D: changes role from      null to FOLLOWER at term 0 for start
2024-10-16 23:57:15,749 INFO  util.JmxRegister (JmxRegister.java:tryRegister(44)) - Successfully registered JMX Bean with object name Ratis:service=RaftServer,group=group-9EBC86A0B11D,id=s6
2024-10-16 23:57:15,749 INFO  util.JmxRegister (JmxRegister.java:register(58)) - register mxBean class org.apache.ratis.server.impl.RaftServerJmxAdapter as Ratis:service=RaftServer,group=group-9EBC86A0B11D,id=s6
2024-10-16 23:57:15,749 INFO  server.RaftServerConfigKeys (ConfUtils.java:logGet(46)) - raft.server.snapshot.trigger-when-stop.enabled = true (default)
2024-10-16 23:57:15,749 INFO  server.RaftServerConfigKeys (ConfUtils.java:logGet(46)) - raft.server.snapshot.trigger-when-remove.enabled = true (default)
2024-10-16 23:57:15,749 INFO  server.RaftServerConfigKeys (ConfUtils.java:logGet(46)) - raft.server.snapshot.auto.trigger.enabled = false (default)
2024-10-16 23:57:15,749 INFO  server.RaftServerConfigKeys (ConfUtils.java:logGet(46)) - raft.server.snapshot.retention.file.num = -1 (default)
2024-10-16 23:57:15,749 INFO  server.RaftServerConfigKeys (ConfUtils.java:logGet(46)) - raft.server.log.purge.upto.snapshot.index = false (default)
2024-10-16 23:57:15,749 INFO  server.RaftServer$Division (RaftServerImpl.java:start(407)) - s6@group-9EBC86A0B11D: Successfully started.
2024-10-16 23:57:15,750 INFO  server.RaftServer (RaftServerProxy.java:startImpl(408)) - s6: start RPC server
2024-10-16 23:57:15,751 INFO  logging.LoggingHandler (AbstractInternalLogger.java:log(148)) - [id: 0x33a8f065] REGISTERED
2024-10-16 23:57:15,751 INFO  logging.LoggingHandler (AbstractInternalLogger.java:log(148)) - [id: 0x33a8f065] BIND: 0.0.0.0/0.0.0.0:15021
2024-10-16 23:57:15,751 INFO  logging.LoggingHandler (AbstractInternalLogger.java:log(148)) - [id: 0x33a8f065, L:/0.0.0.0:15021] ACTIVE
2024-10-16 23:57:15,752 INFO  server.RaftServerConfigKeys (ConfUtils.java:logGet(46)) - raft.server.storage.free-space.min = 0MB (=0) (default)
2024-10-16 23:57:15,752 INFO  util.JvmPauseMonitor (JvmPauseMonitor.java:run(146)) - JvmPauseMonitor-s6: Started
2024-10-16 23:57:15,752 INFO  server.RaftServerConfigKeys (ConfUtils.java:logGet(46)) - raft.server.log.corruption.policy = EXCEPTION (default)
2024-10-16 23:57:15,752 INFO  server.RaftServerConfigKeys (ConfUtils.java:logGet(46)) - raft.server.storage.dir = [/home/runner/work/ratis/ratis/ratis-examples/target/test/data/6cc99a4c/MiniRaftClusterWithNettyeee6e424/s7] (custom)
2024-10-16 23:57:15,752 INFO  storage.RaftStorageDirectory (RaftStorageDirectoryImpl.java:analyzeStorage(138)) - The storage directory /home/runner/work/ratis/ratis/ratis-examples/target/test/data/6cc99a4c/MiniRaftClusterWithNettyeee6e424/s7/078f1b04-11c2-4090-86bc-9ebc86a0b11d does not exist. Creating ...
2024-10-16 23:57:15,752 TRACE util.FileUtils (LogUtils.java:runAndLog(49)) - Successfully ran Files.createDirectories /home/runner/work/ratis/ratis/ratis-examples/target/test/data/6cc99a4c/MiniRaftClusterWithNettyeee6e424/s7/078f1b04-11c2-4090-86bc-9ebc86a0b11d
2024-10-16 23:57:15,753 INFO  storage.RaftStorageDirectory (RaftStorageDirectoryImpl.java:tryLock(229)) - Lock on /home/runner/work/ratis/ratis/ratis-examples/target/test/data/6cc99a4c/MiniRaftClusterWithNettyeee6e424/s7/078f1b04-11c2-4090-86bc-9ebc86a0b11d/in_use.lock acquired by nodename 14984@fv-az1433-785
2024-10-16 23:57:15,753 TRACE util.FileUtils (LogUtils.java:runAndLog(49)) - Successfully ran Files.createDirectories /home/runner/work/ratis/ratis/ratis-examples/target/test/data/6cc99a4c/MiniRaftClusterWithNettyeee6e424/s7/078f1b04-11c2-4090-86bc-9ebc86a0b11d/current
2024-10-16 23:57:15,753 TRACE util.FileUtils (LogUtils.java:runAndLog(49)) - Successfully ran Files.createDirectories /home/runner/work/ratis/ratis/ratis-examples/target/test/data/6cc99a4c/MiniRaftClusterWithNettyeee6e424/s7/078f1b04-11c2-4090-86bc-9ebc86a0b11d/sm
2024-10-16 23:57:15,754 TRACE util.FileUtils (LogUtils.java:supplyAndLog(69)) - Successfully supplied FileChannel.open /home/runner/work/ratis/ratis/ratis-examples/target/test/data/6cc99a4c/MiniRaftClusterWithNettyeee6e424/s7/078f1b04-11c2-4090-86bc-9ebc86a0b11d/current/raft-meta.tmp with options [CREATE, WRITE]: sun.nio.ch.FileChannelImpl@1997f95b
2024-10-16 23:57:15,755 TRACE util.FileUtils (LogUtils.java:runAndLog(49)) - Successfully ran Atomic Files.move /home/runner/work/ratis/ratis/ratis-examples/target/test/data/6cc99a4c/MiniRaftClusterWithNettyeee6e424/s7/078f1b04-11c2-4090-86bc-9ebc86a0b11d/current/raft-meta.tmp to /home/runner/work/ratis/ratis/ratis-examples/target/test/data/6cc99a4c/MiniRaftClusterWithNettyeee6e424/s7/078f1b04-11c2-4090-86bc-9ebc86a0b11d/current/raft-meta with options [REPLACE_EXISTING]
2024-10-16 23:57:15,755 INFO  storage.RaftStorage (RaftStorageImpl.java:format(98)) - Storage directory /home/runner/work/ratis/ratis/ratis-examples/target/test/data/6cc99a4c/MiniRaftClusterWithNettyeee6e424/s7/078f1b04-11c2-4090-86bc-9ebc86a0b11d has been successfully formatted.
2024-10-16 23:57:15,755 WARN  statemachine.StateMachine (ArithmeticStateMachine.java:loadSnapshot(115)) - The snapshot info is null.
2024-10-16 23:57:15,755 INFO  server.RaftServerConfigKeys (ConfUtils.java:logGet(46)) - raft.server.log.use.memory = false (default)
2024-10-16 23:57:15,755 INFO  server.RaftServerConfigKeys (ConfUtils.java:logGet(46)) - raft.server.log.purge.gap = 1024 (default)
2024-10-16 23:57:15,755 INFO  server.RaftServerConfigKeys (ConfUtils.java:logGet(46)) - raft.server.log.appender.buffer.byte-limit = 4MB (=4194304) (default)
2024-10-16 23:57:15,755 INFO  server.RaftServerConfigKeys (ConfUtils.java:logGet(46)) - raft.server.log.statemachine.data.read.timeout = 1000ms (default)
2024-10-16 23:57:15,756 INFO  server.RaftServerConfigKeys (ConfUtils.java:logGet(46)) - raft.server.log.purge.preservation.log.num = 0 (default)
2024-10-16 23:57:15,756 INFO  server.RaftServerConfigKeys (ConfUtils.java:logGet(46)) - raft.server.log.segment.size.max = 32MB (=33554432) (default)
2024-10-16 23:57:15,756 INFO  server.RaftServerConfigKeys (ConfUtils.java:logGet(46)) - raft.server.log.segment.cache.num.max = 6 (default)
2024-10-16 23:57:15,756 INFO  server.RaftServerConfigKeys (ConfUtils.java:logGet(46)) - raft.server.log.segment.cache.size.max = 200MB (=209715200) (default)
2024-10-16 23:57:15,756 INFO  server.RaftServerConfigKeys (ConfUtils.java:logGet(46)) - raft.server.log.appender.buffer.byte-limit = 4MB (=4194304) (default)
2024-10-16 23:57:15,756 INFO  util.AwaitToRun (AwaitToRun.java:start(81)) - Thread[s7@group-9EBC86A0B11D-cacheEviction-AwaitToRun,5,main] started
2024-10-16 23:57:15,756 INFO  segmented.SegmentedRaftLogWorker (SegmentedRaftLogWorker.java:<init>(188)) - new s7@group-9EBC86A0B11D-SegmentedRaftLogWorker for RaftStorageImpl:Storage Directory /home/runner/work/ratis/ratis/ratis-examples/target/test/data/6cc99a4c/MiniRaftClusterWithNettyeee6e424/s7/078f1b04-11c2-4090-86bc-9ebc86a0b11d
2024-10-16 23:57:15,756 INFO  server.RaftServerConfigKeys (ConfUtils.java:logGet(46)) - raft.server.log.queue.byte-limit = 64MB (=67108864) (default)
2024-10-16 23:57:15,756 INFO  server.RaftServerConfigKeys (ConfUtils.java:logGet(46)) - raft.server.log.queue.element-limit = 4096 (default)
2024-10-16 23:57:15,756 INFO  server.RaftServerConfigKeys (ConfUtils.java:logGet(46)) - raft.server.log.segment.size.max = 32MB (=33554432) (default)
2024-10-16 23:57:15,756 INFO  server.RaftServerConfigKeys (ConfUtils.java:logGet(46)) - raft.server.log.preallocated.size = 4MB (=4194304) (default)
2024-10-16 23:57:15,756 INFO  server.RaftServerConfigKeys (ConfUtils.java:logGet(46)) - raft.server.log.force.sync.num = 128 (default)
2024-10-16 23:57:15,756 INFO  server.RaftServerConfigKeys (ConfUtils.java:logGet(46)) - raft.server.log.statemachine.data.sync = true (default)
2024-10-16 23:57:15,757 INFO  server.RaftServerConfigKeys (ConfUtils.java:logGet(46)) - raft.server.log.statemachine.data.sync.timeout = 10s (default)
2024-10-16 23:57:15,757 INFO  server.RaftServerConfigKeys (ConfUtils.java:logGet(46)) - raft.server.log.statemachine.data.sync.timeout.retry = -1 (default)
2024-10-16 23:57:15,757 INFO  server.RaftServerConfigKeys (ConfUtils.java:logGet(46)) - raft.server.log.write.buffer.size = 8MB (=8388608) (default)
2024-10-16 23:57:15,757 INFO  server.RaftServerConfigKeys (ConfUtils.java:logGet(46)) - raft.server.log.appender.buffer.byte-limit = 4MB (=4194304) (default)
2024-10-16 23:57:15,757 INFO  server.RaftServerConfigKeys (ConfUtils.java:logGet(46)) - raft.server.log.unsafe-flush.enabled = false (default)
2024-10-16 23:57:15,757 INFO  server.RaftServerConfigKeys (ConfUtils.java:logGet(46)) - raft.server.log.async-flush.enabled = false (default)
2024-10-16 23:57:15,757 INFO  server.RaftServerConfigKeys (ConfUtils.java:logGet(46)) - raft.server.log.statemachine.data.caching.enabled = false (default)
2024-10-16 23:57:15,758 INFO  segmented.SegmentedRaftLogWorker (SegmentedRaftLogWorker.java:lambda$new$0(139)) - s7@group-9EBC86A0B11D-SegmentedRaftLogWorker: flushIndex: setUnconditionally 0 -> -1
2024-10-16 23:57:15,758 INFO  segmented.SegmentedRaftLogWorker (SegmentedRaftLogWorker.java:lambda$new$0(139)) - s7@group-9EBC86A0B11D-SegmentedRaftLogWorker: safeCacheEvictIndex: setUnconditionally 0 -> -1
2024-10-16 23:57:15,758 INFO  server.RaftServer$Division (RaftServerImpl.java:start(399)) - s7@group-9EBC86A0B11D: start with initializing state, conf=conf: {index: -1, cur=peers:[]|listeners:[], old=null}
2024-10-16 23:57:15,758 INFO  server.RaftServer$Division (RaftServerImpl.java:setRole(380)) - s7@group-9EBC86A0B11D: changes role from      null to FOLLOWER at term 0 for start
2024-10-16 23:57:15,758 INFO  util.JmxRegister (JmxRegister.java:tryRegister(44)) - Successfully registered JMX Bean with object name Ratis:service=RaftServer,group=group-9EBC86A0B11D,id=s7
2024-10-16 23:57:15,758 INFO  util.JmxRegister (JmxRegister.java:register(58)) - register mxBean class org.apache.ratis.server.impl.RaftServerJmxAdapter as Ratis:service=RaftServer,group=group-9EBC86A0B11D,id=s7
2024-10-16 23:57:15,758 INFO  server.RaftServerConfigKeys (ConfUtils.java:logGet(46)) - raft.server.snapshot.trigger-when-stop.enabled = true (default)
2024-10-16 23:57:15,758 INFO  server.RaftServerConfigKeys (ConfUtils.java:logGet(46)) - raft.server.snapshot.trigger-when-remove.enabled = true (default)
2024-10-16 23:57:15,758 INFO  server.RaftServerConfigKeys (ConfUtils.java:logGet(46)) - raft.server.snapshot.auto.trigger.enabled = false (default)
2024-10-16 23:57:15,758 INFO  server.RaftServerConfigKeys (ConfUtils.java:logGet(46)) - raft.server.snapshot.retention.file.num = -1 (default)
2024-10-16 23:57:15,758 INFO  server.RaftServerConfigKeys (ConfUtils.java:logGet(46)) - raft.server.log.purge.upto.snapshot.index = false (default)
2024-10-16 23:57:15,758 INFO  server.RaftServer$Division (RaftServerImpl.java:start(407)) - s7@group-9EBC86A0B11D: Successfully started.
2024-10-16 23:57:15,758 INFO  server.RaftServer (RaftServerProxy.java:startImpl(408)) - s7: start RPC server
2024-10-16 23:57:15,759 INFO  logging.LoggingHandler (AbstractInternalLogger.java:log(148)) - [id: 0xcef48036] REGISTERED
2024-10-16 23:57:15,759 INFO  logging.LoggingHandler (AbstractInternalLogger.java:log(148)) - [id: 0xcef48036] BIND: 0.0.0.0/0.0.0.0:15022
2024-10-16 23:57:15,759 INFO  logging.LoggingHandler (AbstractInternalLogger.java:log(148)) - [id: 0xcef48036, L:/0.0.0.0:15022] ACTIVE
2024-10-16 23:57:15,759 INFO  server.RaftServerConfigKeys (ConfUtils.java:logGet(46)) - raft.server.storage.free-space.min = 0MB (=0) (default)
2024-10-16 23:57:15,759 INFO  util.JvmPauseMonitor (JvmPauseMonitor.java:run(146)) - JvmPauseMonitor-s7: Started
2024-10-16 23:57:15,760 INFO  server.RaftServerConfigKeys (ConfUtils.java:logGet(46)) - raft.server.log.corruption.policy = EXCEPTION (default)
2024-10-16 23:57:15,760 INFO  server.RaftServerConfigKeys (ConfUtils.java:logGet(46)) - raft.server.storage.dir = [/home/runner/work/ratis/ratis/ratis-examples/target/test/data/6cc99a4c/MiniRaftClusterWithNettyeee6e424/s8] (custom)
2024-10-16 23:57:15,760 INFO  storage.RaftStorageDirectory (RaftStorageDirectoryImpl.java:analyzeStorage(138)) - The storage directory /home/runner/work/ratis/ratis/ratis-examples/target/test/data/6cc99a4c/MiniRaftClusterWithNettyeee6e424/s8/078f1b04-11c2-4090-86bc-9ebc86a0b11d does not exist. Creating ...
2024-10-16 23:57:15,760 TRACE util.FileUtils (LogUtils.java:runAndLog(49)) - Successfully ran Files.createDirectories /home/runner/work/ratis/ratis/ratis-examples/target/test/data/6cc99a4c/MiniRaftClusterWithNettyeee6e424/s8/078f1b04-11c2-4090-86bc-9ebc86a0b11d
2024-10-16 23:57:15,761 INFO  storage.RaftStorageDirectory (RaftStorageDirectoryImpl.java:tryLock(229)) - Lock on /home/runner/work/ratis/ratis/ratis-examples/target/test/data/6cc99a4c/MiniRaftClusterWithNettyeee6e424/s8/078f1b04-11c2-4090-86bc-9ebc86a0b11d/in_use.lock acquired by nodename 14984@fv-az1433-785
2024-10-16 23:57:15,761 TRACE util.FileUtils (LogUtils.java:runAndLog(49)) - Successfully ran Files.createDirectories /home/runner/work/ratis/ratis/ratis-examples/target/test/data/6cc99a4c/MiniRaftClusterWithNettyeee6e424/s8/078f1b04-11c2-4090-86bc-9ebc86a0b11d/current
2024-10-16 23:57:15,761 TRACE util.FileUtils (LogUtils.java:runAndLog(49)) - Successfully ran Files.createDirectories /home/runner/work/ratis/ratis/ratis-examples/target/test/data/6cc99a4c/MiniRaftClusterWithNettyeee6e424/s8/078f1b04-11c2-4090-86bc-9ebc86a0b11d/sm
2024-10-16 23:57:15,761 TRACE util.FileUtils (LogUtils.java:supplyAndLog(69)) - Successfully supplied FileChannel.open /home/runner/work/ratis/ratis/ratis-examples/target/test/data/6cc99a4c/MiniRaftClusterWithNettyeee6e424/s8/078f1b04-11c2-4090-86bc-9ebc86a0b11d/current/raft-meta.tmp with options [CREATE, WRITE]: sun.nio.ch.FileChannelImpl@12b2899c
2024-10-16 23:57:15,762 TRACE util.FileUtils (LogUtils.java:runAndLog(49)) - Successfully ran Atomic Files.move /home/runner/work/ratis/ratis/ratis-examples/target/test/data/6cc99a4c/MiniRaftClusterWithNettyeee6e424/s8/078f1b04-11c2-4090-86bc-9ebc86a0b11d/current/raft-meta.tmp to /home/runner/work/ratis/ratis/ratis-examples/target/test/data/6cc99a4c/MiniRaftClusterWithNettyeee6e424/s8/078f1b04-11c2-4090-86bc-9ebc86a0b11d/current/raft-meta with options [REPLACE_EXISTING]
2024-10-16 23:57:15,762 INFO  storage.RaftStorage (RaftStorageImpl.java:format(98)) - Storage directory /home/runner/work/ratis/ratis/ratis-examples/target/test/data/6cc99a4c/MiniRaftClusterWithNettyeee6e424/s8/078f1b04-11c2-4090-86bc-9ebc86a0b11d has been successfully formatted.
2024-10-16 23:57:15,763 WARN  statemachine.StateMachine (ArithmeticStateMachine.java:loadSnapshot(115)) - The snapshot info is null.
2024-10-16 23:57:15,763 INFO  server.RaftServerConfigKeys (ConfUtils.java:logGet(46)) - raft.server.log.use.memory = false (default)
2024-10-16 23:57:15,763 INFO  server.RaftServerConfigKeys (ConfUtils.java:logGet(46)) - raft.server.log.purge.gap = 1024 (default)
2024-10-16 23:57:15,763 INFO  server.RaftServerConfigKeys (ConfUtils.java:logGet(46)) - raft.server.log.appender.buffer.byte-limit = 4MB (=4194304) (default)
2024-10-16 23:57:15,763 INFO  server.RaftServerConfigKeys (ConfUtils.java:logGet(46)) - raft.server.log.statemachine.data.read.timeout = 1000ms (default)
2024-10-16 23:57:15,763 INFO  server.RaftServerConfigKeys (ConfUtils.java:logGet(46)) - raft.server.log.purge.preservation.log.num = 0 (default)
2024-10-16 23:57:15,763 INFO  server.RaftServerConfigKeys (ConfUtils.java:logGet(46)) - raft.server.log.segment.size.max = 32MB (=33554432) (default)
2024-10-16 23:57:15,763 INFO  server.RaftServerConfigKeys (ConfUtils.java:logGet(46)) - raft.server.log.segment.cache.num.max = 6 (default)
2024-10-16 23:57:15,763 INFO  server.RaftServerConfigKeys (ConfUtils.java:logGet(46)) - raft.server.log.segment.cache.size.max = 200MB (=209715200) (default)
2024-10-16 23:57:15,763 INFO  server.RaftServerConfigKeys (ConfUtils.java:logGet(46)) - raft.server.log.appender.buffer.byte-limit = 4MB (=4194304) (default)
2024-10-16 23:57:15,765 INFO  util.AwaitToRun (AwaitToRun.java:start(81)) - Thread[s8@group-9EBC86A0B11D-cacheEviction-AwaitToRun,5,main] started
2024-10-16 23:57:15,765 INFO  segmented.SegmentedRaftLogWorker (SegmentedRaftLogWorker.java:<init>(188)) - new s8@group-9EBC86A0B11D-SegmentedRaftLogWorker for RaftStorageImpl:Storage Directory /home/runner/work/ratis/ratis/ratis-examples/target/test/data/6cc99a4c/MiniRaftClusterWithNettyeee6e424/s8/078f1b04-11c2-4090-86bc-9ebc86a0b11d
2024-10-16 23:57:15,765 INFO  server.RaftServerConfigKeys (ConfUtils.java:logGet(46)) - raft.server.log.queue.byte-limit = 64MB (=67108864) (default)
2024-10-16 23:57:15,765 INFO  server.RaftServerConfigKeys (ConfUtils.java:logGet(46)) - raft.server.log.queue.element-limit = 4096 (default)
2024-10-16 23:57:15,765 INFO  server.RaftServerConfigKeys (ConfUtils.java:logGet(46)) - raft.server.log.segment.size.max = 32MB (=33554432) (default)
2024-10-16 23:57:15,765 INFO  server.RaftServerConfigKeys (ConfUtils.java:logGet(46)) - raft.server.log.preallocated.size = 4MB (=4194304) (default)
2024-10-16 23:57:15,765 INFO  server.RaftServerConfigKeys (ConfUtils.java:logGet(46)) - raft.server.log.force.sync.num = 128 (default)
2024-10-16 23:57:15,765 INFO  server.RaftServerConfigKeys (ConfUtils.java:logGet(46)) - raft.server.log.statemachine.data.sync = true (default)
2024-10-16 23:57:15,765 INFO  server.RaftServerConfigKeys (ConfUtils.java:logGet(46)) - raft.server.log.statemachine.data.sync.timeout = 10s (default)
2024-10-16 23:57:15,765 INFO  server.RaftServerConfigKeys (ConfUtils.java:logGet(46)) - raft.server.log.statemachine.data.sync.timeout.retry = -1 (default)
2024-10-16 23:57:15,765 INFO  server.RaftServerConfigKeys (ConfUtils.java:logGet(46)) - raft.server.log.write.buffer.size = 8MB (=8388608) (default)
2024-10-16 23:57:15,767 INFO  server.RaftServerConfigKeys (ConfUtils.java:logGet(46)) - raft.server.log.appender.buffer.byte-limit = 4MB (=4194304) (default)
2024-10-16 23:57:15,767 INFO  server.RaftServerConfigKeys (ConfUtils.java:logGet(46)) - raft.server.log.unsafe-flush.enabled = false (default)
2024-10-16 23:57:15,767 INFO  server.RaftServerConfigKeys (ConfUtils.java:logGet(46)) - raft.server.log.async-flush.enabled = false (default)
2024-10-16 23:57:15,767 INFO  server.RaftServerConfigKeys (ConfUtils.java:logGet(46)) - raft.server.log.statemachine.data.caching.enabled = false (default)
2024-10-16 23:57:15,767 INFO  segmented.SegmentedRaftLogWorker (SegmentedRaftLogWorker.java:lambda$new$0(139)) - s8@group-9EBC86A0B11D-SegmentedRaftLogWorker: flushIndex: setUnconditionally 0 -> -1
2024-10-16 23:57:15,767 INFO  segmented.SegmentedRaftLogWorker (SegmentedRaftLogWorker.java:lambda$new$0(139)) - s8@group-9EBC86A0B11D-SegmentedRaftLogWorker: safeCacheEvictIndex: setUnconditionally 0 -> -1
2024-10-16 23:57:15,767 INFO  server.RaftServer$Division (RaftServerImpl.java:start(399)) - s8@group-9EBC86A0B11D: start with initializing state, conf=conf: {index: -1, cur=peers:[]|listeners:[], old=null}
2024-10-16 23:57:15,767 INFO  server.RaftServer$Division (RaftServerImpl.java:setRole(380)) - s8@group-9EBC86A0B11D: changes role from      null to FOLLOWER at term 0 for start
2024-10-16 23:57:15,767 INFO  util.JmxRegister (JmxRegister.java:tryRegister(44)) - Successfully registered JMX Bean with object name Ratis:service=RaftServer,group=group-9EBC86A0B11D,id=s8
2024-10-16 23:57:15,767 INFO  util.JmxRegister (JmxRegister.java:register(58)) - register mxBean class org.apache.ratis.server.impl.RaftServerJmxAdapter as Ratis:service=RaftServer,group=group-9EBC86A0B11D,id=s8
2024-10-16 23:57:15,767 INFO  server.RaftServerConfigKeys (ConfUtils.java:logGet(46)) - raft.server.snapshot.trigger-when-stop.enabled = true (default)
2024-10-16 23:57:15,767 INFO  server.RaftServerConfigKeys (ConfUtils.java:logGet(46)) - raft.server.snapshot.trigger-when-remove.enabled = true (default)
2024-10-16 23:57:15,767 INFO  server.RaftServerConfigKeys (ConfUtils.java:logGet(46)) - raft.server.snapshot.auto.trigger.enabled = false (default)
2024-10-16 23:57:15,768 INFO  server.RaftServerConfigKeys (ConfUtils.java:logGet(46)) - raft.server.snapshot.retention.file.num = -1 (default)
2024-10-16 23:57:15,768 INFO  server.RaftServerConfigKeys (ConfUtils.java:logGet(46)) - raft.server.log.purge.upto.snapshot.index = false (default)
2024-10-16 23:57:15,768 INFO  server.RaftServer$Division (RaftServerImpl.java:start(407)) - s8@group-9EBC86A0B11D: Successfully started.
2024-10-16 23:57:15,773 INFO  server.RaftServer (RaftServerProxy.java:startImpl(408)) - s8: start RPC server
2024-10-16 23:57:15,773 INFO  logging.LoggingHandler (AbstractInternalLogger.java:log(148)) - [id: 0x200c6c5b] REGISTERED
2024-10-16 23:57:15,773 INFO  logging.LoggingHandler (AbstractInternalLogger.java:log(148)) - [id: 0x200c6c5b] BIND: 0.0.0.0/0.0.0.0:15023
2024-10-16 23:57:15,774 INFO  logging.LoggingHandler (AbstractInternalLogger.java:log(148)) - [id: 0x200c6c5b, L:/0.0.0.0:15023] ACTIVE
2024-10-16 23:57:15,774 INFO  server.RaftServerConfigKeys (ConfUtils.java:logGet(46)) - raft.server.storage.free-space.min = 0MB (=0) (default)
2024-10-16 23:57:15,774 INFO  util.JvmPauseMonitor (JvmPauseMonitor.java:run(146)) - JvmPauseMonitor-s8: Started
2024-10-16 23:57:15,774 INFO  server.RaftServerConfigKeys (ConfUtils.java:logGet(46)) - raft.server.log.corruption.policy = EXCEPTION (default)
2024-10-16 23:57:15,774 INFO  server.RaftServerConfigKeys (ConfUtils.java:logGet(46)) - raft.server.storage.dir = [/home/runner/work/ratis/ratis/ratis-examples/target/test/data/6cc99a4c/MiniRaftClusterWithNettyeee6e424/s9] (custom)
2024-10-16 23:57:15,774 INFO  storage.RaftStorageDirectory (RaftStorageDirectoryImpl.java:analyzeStorage(138)) - The storage directory /home/runner/work/ratis/ratis/ratis-examples/target/test/data/6cc99a4c/MiniRaftClusterWithNettyeee6e424/s9/078f1b04-11c2-4090-86bc-9ebc86a0b11d does not exist. Creating ...
2024-10-16 23:57:15,774 TRACE util.FileUtils (LogUtils.java:runAndLog(49)) - Successfully ran Files.createDirectories /home/runner/work/ratis/ratis/ratis-examples/target/test/data/6cc99a4c/MiniRaftClusterWithNettyeee6e424/s9/078f1b04-11c2-4090-86bc-9ebc86a0b11d
2024-10-16 23:57:15,776 INFO  storage.RaftStorageDirectory (RaftStorageDirectoryImpl.java:tryLock(229)) - Lock on /home/runner/work/ratis/ratis/ratis-examples/target/test/data/6cc99a4c/MiniRaftClusterWithNettyeee6e424/s9/078f1b04-11c2-4090-86bc-9ebc86a0b11d/in_use.lock acquired by nodename 14984@fv-az1433-785
2024-10-16 23:57:15,776 TRACE util.FileUtils (LogUtils.java:runAndLog(49)) - Successfully ran Files.createDirectories /home/runner/work/ratis/ratis/ratis-examples/target/test/data/6cc99a4c/MiniRaftClusterWithNettyeee6e424/s9/078f1b04-11c2-4090-86bc-9ebc86a0b11d/current
2024-10-16 23:57:15,776 TRACE util.FileUtils (LogUtils.java:runAndLog(49)) - Successfully ran Files.createDirectories /home/runner/work/ratis/ratis/ratis-examples/target/test/data/6cc99a4c/MiniRaftClusterWithNettyeee6e424/s9/078f1b04-11c2-4090-86bc-9ebc86a0b11d/sm
2024-10-16 23:57:15,776 TRACE util.FileUtils (LogUtils.java:supplyAndLog(69)) - Successfully supplied FileChannel.open /home/runner/work/ratis/ratis/ratis-examples/target/test/data/6cc99a4c/MiniRaftClusterWithNettyeee6e424/s9/078f1b04-11c2-4090-86bc-9ebc86a0b11d/current/raft-meta.tmp with options [CREATE, WRITE]: sun.nio.ch.FileChannelImpl@36e726c8
2024-10-16 23:57:15,777 TRACE util.FileUtils (LogUtils.java:runAndLog(49)) - Successfully ran Atomic Files.move /home/runner/work/ratis/ratis/ratis-examples/target/test/data/6cc99a4c/MiniRaftClusterWithNettyeee6e424/s9/078f1b04-11c2-4090-86bc-9ebc86a0b11d/current/raft-meta.tmp to /home/runner/work/ratis/ratis/ratis-examples/target/test/data/6cc99a4c/MiniRaftClusterWithNettyeee6e424/s9/078f1b04-11c2-4090-86bc-9ebc86a0b11d/current/raft-meta with options [REPLACE_EXISTING]
2024-10-16 23:57:15,777 INFO  storage.RaftStorage (RaftStorageImpl.java:format(98)) - Storage directory /home/runner/work/ratis/ratis/ratis-examples/target/test/data/6cc99a4c/MiniRaftClusterWithNettyeee6e424/s9/078f1b04-11c2-4090-86bc-9ebc86a0b11d has been successfully formatted.
2024-10-16 23:57:15,777 WARN  statemachine.StateMachine (ArithmeticStateMachine.java:loadSnapshot(115)) - The snapshot info is null.
2024-10-16 23:57:15,777 INFO  server.RaftServerConfigKeys (ConfUtils.java:logGet(46)) - raft.server.log.use.memory = false (default)
2024-10-16 23:57:15,778 INFO  server.RaftServerConfigKeys (ConfUtils.java:logGet(46)) - raft.server.log.purge.gap = 1024 (default)
2024-10-16 23:57:15,778 INFO  server.RaftServerConfigKeys (ConfUtils.java:logGet(46)) - raft.server.log.appender.buffer.byte-limit = 4MB (=4194304) (default)
2024-10-16 23:57:15,778 INFO  server.RaftServerConfigKeys (ConfUtils.java:logGet(46)) - raft.server.log.statemachine.data.read.timeout = 1000ms (default)
2024-10-16 23:57:15,778 INFO  server.RaftServerConfigKeys (ConfUtils.java:logGet(46)) - raft.server.log.purge.preservation.log.num = 0 (default)
2024-10-16 23:57:15,778 INFO  server.RaftServerConfigKeys (ConfUtils.java:logGet(46)) - raft.server.log.segment.size.max = 32MB (=33554432) (default)
2024-10-16 23:57:15,778 INFO  server.RaftServerConfigKeys (ConfUtils.java:logGet(46)) - raft.server.log.segment.cache.num.max = 6 (default)
2024-10-16 23:57:15,778 INFO  server.RaftServerConfigKeys (ConfUtils.java:logGet(46)) - raft.server.log.segment.cache.size.max = 200MB (=209715200) (default)
2024-10-16 23:57:15,778 INFO  server.RaftServerConfigKeys (ConfUtils.java:logGet(46)) - raft.server.log.appender.buffer.byte-limit = 4MB (=4194304) (default)
2024-10-16 23:57:15,778 INFO  util.AwaitToRun (AwaitToRun.java:start(81)) - Thread[s9@group-9EBC86A0B11D-cacheEviction-AwaitToRun,5,main] started
2024-10-16 23:57:15,778 INFO  segmented.SegmentedRaftLogWorker (SegmentedRaftLogWorker.java:<init>(188)) - new s9@group-9EBC86A0B11D-SegmentedRaftLogWorker for RaftStorageImpl:Storage Directory /home/runner/work/ratis/ratis/ratis-examples/target/test/data/6cc99a4c/MiniRaftClusterWithNettyeee6e424/s9/078f1b04-11c2-4090-86bc-9ebc86a0b11d
2024-10-16 23:57:15,778 INFO  server.RaftServerConfigKeys (ConfUtils.java:logGet(46)) - raft.server.log.queue.byte-limit = 64MB (=67108864) (default)
2024-10-16 23:57:15,778 INFO  server.RaftServerConfigKeys (ConfUtils.java:logGet(46)) - raft.server.log.queue.element-limit = 4096 (default)
2024-10-16 23:57:15,778 INFO  server.RaftServerConfigKeys (ConfUtils.java:logGet(46)) - raft.server.log.segment.size.max = 32MB (=33554432) (default)
2024-10-16 23:57:15,779 INFO  server.RaftServerConfigKeys (ConfUtils.java:logGet(46)) - raft.server.log.preallocated.size = 4MB (=4194304) (default)
2024-10-16 23:57:15,779 INFO  server.RaftServerConfigKeys (ConfUtils.java:logGet(46)) - raft.server.log.force.sync.num = 128 (default)
2024-10-16 23:57:15,779 INFO  server.RaftServerConfigKeys (ConfUtils.java:logGet(46)) - raft.server.log.statemachine.data.sync = true (default)
2024-10-16 23:57:15,779 INFO  server.RaftServerConfigKeys (ConfUtils.java:logGet(46)) - raft.server.log.statemachine.data.sync.timeout = 10s (default)
2024-10-16 23:57:15,779 INFO  server.RaftServerConfigKeys (ConfUtils.java:logGet(46)) - raft.server.log.statemachine.data.sync.timeout.retry = -1 (default)
2024-10-16 23:57:15,779 INFO  server.RaftServerConfigKeys (ConfUtils.java:logGet(46)) - raft.server.log.write.buffer.size = 8MB (=8388608) (default)
2024-10-16 23:57:15,779 INFO  server.RaftServerConfigKeys (ConfUtils.java:logGet(46)) - raft.server.log.appender.buffer.byte-limit = 4MB (=4194304) (default)
2024-10-16 23:57:15,779 INFO  server.RaftServerConfigKeys (ConfUtils.java:logGet(46)) - raft.server.log.unsafe-flush.enabled = false (default)
2024-10-16 23:57:15,779 INFO  server.RaftServerConfigKeys (ConfUtils.java:logGet(46)) - raft.server.log.async-flush.enabled = false (default)
2024-10-16 23:57:15,779 INFO  server.RaftServerConfigKeys (ConfUtils.java:logGet(46)) - raft.server.log.statemachine.data.caching.enabled = false (default)
2024-10-16 23:57:15,780 INFO  segmented.SegmentedRaftLogWorker (SegmentedRaftLogWorker.java:lambda$new$0(139)) - s9@group-9EBC86A0B11D-SegmentedRaftLogWorker: flushIndex: setUnconditionally 0 -> -1
2024-10-16 23:57:15,780 INFO  segmented.SegmentedRaftLogWorker (SegmentedRaftLogWorker.java:lambda$new$0(139)) - s9@group-9EBC86A0B11D-SegmentedRaftLogWorker: safeCacheEvictIndex: setUnconditionally 0 -> -1
2024-10-16 23:57:15,780 INFO  server.RaftServer$Division (RaftServerImpl.java:start(399)) - s9@group-9EBC86A0B11D: start with initializing state, conf=conf: {index: -1, cur=peers:[]|listeners:[], old=null}
2024-10-16 23:57:15,780 INFO  server.RaftServer$Division (RaftServerImpl.java:setRole(380)) - s9@group-9EBC86A0B11D: changes role from      null to FOLLOWER at term 0 for start
2024-10-16 23:57:15,780 INFO  util.JmxRegister (JmxRegister.java:tryRegister(44)) - Successfully registered JMX Bean with object name Ratis:service=RaftServer,group=group-9EBC86A0B11D,id=s9
2024-10-16 23:57:15,780 INFO  util.JmxRegister (JmxRegister.java:register(58)) - register mxBean class org.apache.ratis.server.impl.RaftServerJmxAdapter as Ratis:service=RaftServer,group=group-9EBC86A0B11D,id=s9
2024-10-16 23:57:15,780 INFO  server.RaftServerConfigKeys (ConfUtils.java:logGet(46)) - raft.server.snapshot.trigger-when-stop.enabled = true (default)
2024-10-16 23:57:15,780 INFO  server.RaftServerConfigKeys (ConfUtils.java:logGet(46)) - raft.server.snapshot.trigger-when-remove.enabled = true (default)
2024-10-16 23:57:15,780 INFO  server.RaftServerConfigKeys (ConfUtils.java:logGet(46)) - raft.server.snapshot.auto.trigger.enabled = false (default)
2024-10-16 23:57:15,780 INFO  server.RaftServerConfigKeys (ConfUtils.java:logGet(46)) - raft.server.snapshot.retention.file.num = -1 (default)
2024-10-16 23:57:15,780 INFO  server.RaftServerConfigKeys (ConfUtils.java:logGet(46)) - raft.server.log.purge.upto.snapshot.index = false (default)
2024-10-16 23:57:15,780 INFO  server.RaftServer$Division (RaftServerImpl.java:start(407)) - s9@group-9EBC86A0B11D: Successfully started.
2024-10-16 23:57:15,780 INFO  server.RaftServer (RaftServerProxy.java:startImpl(408)) - s9: start RPC server
2024-10-16 23:57:15,781 INFO  logging.LoggingHandler (AbstractInternalLogger.java:log(148)) - [id: 0xbbacb419] REGISTERED
2024-10-16 23:57:15,781 INFO  logging.LoggingHandler (AbstractInternalLogger.java:log(148)) - [id: 0xbbacb419] BIND: 0.0.0.0/0.0.0.0:15024
2024-10-16 23:57:15,781 INFO  logging.LoggingHandler (AbstractInternalLogger.java:log(148)) - [id: 0xbbacb419, L:/0.0.0.0:15024] ACTIVE
2024-10-16 23:57:15,781 INFO  util.JvmPauseMonitor (JvmPauseMonitor.java:run(146)) - JvmPauseMonitor-s9: Started
2024-10-16 23:57:15,781 INFO  server.RaftServerConfigKeys (ConfUtils.java:logGet(46)) - raft.server.storage.free-space.min = 0MB (=0) (default)
2024-10-16 23:57:15,782 INFO  server.RaftServerConfigKeys (ConfUtils.java:logGet(46)) - raft.server.log.corruption.policy = EXCEPTION (default)
2024-10-16 23:57:15,782 INFO  server.RaftServerConfigKeys (ConfUtils.java:logGet(46)) - raft.server.storage.dir = [/home/runner/work/ratis/ratis/ratis-examples/target/test/data/6cc99a4c/MiniRaftClusterWithNettyeee6e424/s11] (custom)
2024-10-16 23:57:15,782 INFO  storage.RaftStorageDirectory (RaftStorageDirectoryImpl.java:analyzeStorage(138)) - The storage directory /home/runner/work/ratis/ratis/ratis-examples/target/test/data/6cc99a4c/MiniRaftClusterWithNettyeee6e424/s11/078f1b04-11c2-4090-86bc-9ebc86a0b11d does not exist. Creating ...
2024-10-16 23:57:15,782 TRACE util.FileUtils (LogUtils.java:runAndLog(49)) - Successfully ran Files.createDirectories /home/runner/work/ratis/ratis/ratis-examples/target/test/data/6cc99a4c/MiniRaftClusterWithNettyeee6e424/s11/078f1b04-11c2-4090-86bc-9ebc86a0b11d
2024-10-16 23:57:15,783 INFO  storage.RaftStorageDirectory (RaftStorageDirectoryImpl.java:tryLock(229)) - Lock on /home/runner/work/ratis/ratis/ratis-examples/target/test/data/6cc99a4c/MiniRaftClusterWithNettyeee6e424/s11/078f1b04-11c2-4090-86bc-9ebc86a0b11d/in_use.lock acquired by nodename 14984@fv-az1433-785
2024-10-16 23:57:15,783 TRACE util.FileUtils (LogUtils.java:runAndLog(49)) - Successfully ran Files.createDirectories /home/runner/work/ratis/ratis/ratis-examples/target/test/data/6cc99a4c/MiniRaftClusterWithNettyeee6e424/s11/078f1b04-11c2-4090-86bc-9ebc86a0b11d/current
2024-10-16 23:57:15,783 TRACE util.FileUtils (LogUtils.java:runAndLog(49)) - Successfully ran Files.createDirectories /home/runner/work/ratis/ratis/ratis-examples/target/test/data/6cc99a4c/MiniRaftClusterWithNettyeee6e424/s11/078f1b04-11c2-4090-86bc-9ebc86a0b11d/sm
2024-10-16 23:57:15,783 TRACE util.FileUtils (LogUtils.java:supplyAndLog(69)) - Successfully supplied FileChannel.open /home/runner/work/ratis/ratis/ratis-examples/target/test/data/6cc99a4c/MiniRaftClusterWithNettyeee6e424/s11/078f1b04-11c2-4090-86bc-9ebc86a0b11d/current/raft-meta.tmp with options [CREATE, WRITE]: sun.nio.ch.FileChannelImpl@780c7bf9
2024-10-16 23:57:15,784 TRACE util.FileUtils (LogUtils.java:runAndLog(49)) - Successfully ran Atomic Files.move /home/runner/work/ratis/ratis/ratis-examples/target/test/data/6cc99a4c/MiniRaftClusterWithNettyeee6e424/s11/078f1b04-11c2-4090-86bc-9ebc86a0b11d/current/raft-meta.tmp to /home/runner/work/ratis/ratis/ratis-examples/target/test/data/6cc99a4c/MiniRaftClusterWithNettyeee6e424/s11/078f1b04-11c2-4090-86bc-9ebc86a0b11d/current/raft-meta with options [REPLACE_EXISTING]
2024-10-16 23:57:15,784 INFO  storage.RaftStorage (RaftStorageImpl.java:format(98)) - Storage directory /home/runner/work/ratis/ratis/ratis-examples/target/test/data/6cc99a4c/MiniRaftClusterWithNettyeee6e424/s11/078f1b04-11c2-4090-86bc-9ebc86a0b11d has been successfully formatted.
2024-10-16 23:57:15,784 WARN  statemachine.StateMachine (ArithmeticStateMachine.java:loadSnapshot(115)) - The snapshot info is null.
2024-10-16 23:57:15,784 INFO  server.RaftServerConfigKeys (ConfUtils.java:logGet(46)) - raft.server.log.use.memory = false (default)
2024-10-16 23:57:15,784 INFO  server.RaftServerConfigKeys (ConfUtils.java:logGet(46)) - raft.server.log.purge.gap = 1024 (default)
2024-10-16 23:57:15,784 INFO  server.RaftServerConfigKeys (ConfUtils.java:logGet(46)) - raft.server.log.appender.buffer.byte-limit = 4MB (=4194304) (default)
2024-10-16 23:57:15,784 INFO  server.RaftServerConfigKeys (ConfUtils.java:logGet(46)) - raft.server.log.statemachine.data.read.timeout = 1000ms (default)
2024-10-16 23:57:15,784 INFO  server.RaftServerConfigKeys (ConfUtils.java:logGet(46)) - raft.server.log.purge.preservation.log.num = 0 (default)
2024-10-16 23:57:15,785 INFO  server.RaftServerConfigKeys (ConfUtils.java:logGet(46)) - raft.server.log.segment.size.max = 32MB (=33554432) (default)
2024-10-16 23:57:15,785 INFO  server.RaftServerConfigKeys (ConfUtils.java:logGet(46)) - raft.server.log.segment.cache.num.max = 6 (default)
2024-10-16 23:57:15,785 INFO  server.RaftServerConfigKeys (ConfUtils.java:logGet(46)) - raft.server.log.segment.cache.size.max = 200MB (=209715200) (default)
2024-10-16 23:57:15,785 INFO  server.RaftServerConfigKeys (ConfUtils.java:logGet(46)) - raft.server.log.appender.buffer.byte-limit = 4MB (=4194304) (default)
2024-10-16 23:57:15,785 INFO  util.AwaitToRun (AwaitToRun.java:start(81)) - Thread[s11@group-9EBC86A0B11D-cacheEviction-AwaitToRun,5,main] started
2024-10-16 23:57:15,785 INFO  segmented.SegmentedRaftLogWorker (SegmentedRaftLogWorker.java:<init>(188)) - new s11@group-9EBC86A0B11D-SegmentedRaftLogWorker for RaftStorageImpl:Storage Directory /home/runner/work/ratis/ratis/ratis-examples/target/test/data/6cc99a4c/MiniRaftClusterWithNettyeee6e424/s11/078f1b04-11c2-4090-86bc-9ebc86a0b11d
2024-10-16 23:57:15,785 INFO  server.RaftServerConfigKeys (ConfUtils.java:logGet(46)) - raft.server.log.queue.byte-limit = 64MB (=67108864) (default)
2024-10-16 23:57:15,785 INFO  server.RaftServerConfigKeys (ConfUtils.java:logGet(46)) - raft.server.log.queue.element-limit = 4096 (default)
2024-10-16 23:57:15,785 INFO  server.RaftServerConfigKeys (ConfUtils.java:logGet(46)) - raft.server.log.segment.size.max = 32MB (=33554432) (default)
2024-10-16 23:57:15,785 INFO  server.RaftServerConfigKeys (ConfUtils.java:logGet(46)) - raft.server.log.preallocated.size = 4MB (=4194304) (default)
2024-10-16 23:57:15,785 INFO  server.RaftServerConfigKeys (ConfUtils.java:logGet(46)) - raft.server.log.force.sync.num = 128 (default)
2024-10-16 23:57:15,785 INFO  server.RaftServerConfigKeys (ConfUtils.java:logGet(46)) - raft.server.log.statemachine.data.sync = true (default)
2024-10-16 23:57:15,785 INFO  server.RaftServerConfigKeys (ConfUtils.java:logGet(46)) - raft.server.log.statemachine.data.sync.timeout = 10s (default)
2024-10-16 23:57:15,785 INFO  server.RaftServerConfigKeys (ConfUtils.java:logGet(46)) - raft.server.log.statemachine.data.sync.timeout.retry = -1 (default)
2024-10-16 23:57:15,785 INFO  server.RaftServerConfigKeys (ConfUtils.java:logGet(46)) - raft.server.log.write.buffer.size = 8MB (=8388608) (default)
2024-10-16 23:57:15,786 INFO  server.RaftServerConfigKeys (ConfUtils.java:logGet(46)) - raft.server.log.appender.buffer.byte-limit = 4MB (=4194304) (default)
2024-10-16 23:57:15,786 INFO  server.RaftServerConfigKeys (ConfUtils.java:logGet(46)) - raft.server.log.unsafe-flush.enabled = false (default)
2024-10-16 23:57:15,786 INFO  server.RaftServerConfigKeys (ConfUtils.java:logGet(46)) - raft.server.log.async-flush.enabled = false (default)
2024-10-16 23:57:15,786 INFO  server.RaftServerConfigKeys (ConfUtils.java:logGet(46)) - raft.server.log.statemachine.data.caching.enabled = false (default)
2024-10-16 23:57:15,786 INFO  segmented.SegmentedRaftLogWorker (SegmentedRaftLogWorker.java:lambda$new$0(139)) - s11@group-9EBC86A0B11D-SegmentedRaftLogWorker: flushIndex: setUnconditionally 0 -> -1
2024-10-16 23:57:15,786 INFO  segmented.SegmentedRaftLogWorker (SegmentedRaftLogWorker.java:lambda$new$0(139)) - s11@group-9EBC86A0B11D-SegmentedRaftLogWorker: safeCacheEvictIndex: setUnconditionally 0 -> -1
2024-10-16 23:57:15,786 INFO  server.RaftServer$Division (RaftServerImpl.java:start(399)) - s11@group-9EBC86A0B11D: start with initializing state, conf=conf: {index: -1, cur=peers:[]|listeners:[], old=null}
2024-10-16 23:57:15,786 INFO  server.RaftServer$Division (RaftServerImpl.java:setRole(380)) - s11@group-9EBC86A0B11D: changes role from      null to FOLLOWER at term 0 for start
2024-10-16 23:57:15,786 INFO  util.JmxRegister (JmxRegister.java:tryRegister(44)) - Successfully registered JMX Bean with object name Ratis:service=RaftServer,group=group-9EBC86A0B11D,id=s11
2024-10-16 23:57:15,786 INFO  util.JmxRegister (JmxRegister.java:register(58)) - register mxBean class org.apache.ratis.server.impl.RaftServerJmxAdapter as Ratis:service=RaftServer,group=group-9EBC86A0B11D,id=s11
2024-10-16 23:57:15,786 INFO  server.RaftServerConfigKeys (ConfUtils.java:logGet(46)) - raft.server.snapshot.trigger-when-stop.enabled = true (default)
2024-10-16 23:57:15,786 INFO  server.RaftServerConfigKeys (ConfUtils.java:logGet(46)) - raft.server.snapshot.trigger-when-remove.enabled = true (default)
2024-10-16 23:57:15,786 INFO  server.RaftServerConfigKeys (ConfUtils.java:logGet(46)) - raft.server.snapshot.auto.trigger.enabled = false (default)
2024-10-16 23:57:15,786 INFO  server.RaftServerConfigKeys (ConfUtils.java:logGet(46)) - raft.server.snapshot.retention.file.num = -1 (default)
2024-10-16 23:57:15,786 INFO  server.RaftServerConfigKeys (ConfUtils.java:logGet(46)) - raft.server.log.purge.upto.snapshot.index = false (default)
2024-10-16 23:57:15,786 INFO  server.RaftServer$Division (RaftServerImpl.java:start(407)) - s11@group-9EBC86A0B11D: Successfully started.
2024-10-16 23:57:15,787 INFO  server.RaftServer (RaftServerProxy.java:startImpl(408)) - s11: start RPC server
2024-10-16 23:57:15,787 INFO  logging.LoggingHandler (AbstractInternalLogger.java:log(148)) - [id: 0xf469844a] REGISTERED
2024-10-16 23:57:15,787 INFO  logging.LoggingHandler (AbstractInternalLogger.java:log(148)) - [id: 0xf469844a] BIND: 0.0.0.0/0.0.0.0:15026
2024-10-16 23:57:15,787 INFO  logging.LoggingHandler (AbstractInternalLogger.java:log(148)) - [id: 0xf469844a, L:/0.0.0.0:15026] ACTIVE
2024-10-16 23:57:15,788 INFO  util.JvmPauseMonitor (JvmPauseMonitor.java:run(146)) - JvmPauseMonitor-s11: Started
2024-10-16 23:57:15,788 INFO  server.RaftServerConfigKeys (ConfUtils.java:logGet(46)) - raft.server.storage.free-space.min = 0MB (=0) (default)
2024-10-16 23:57:15,788 INFO  server.RaftServerConfigKeys (ConfUtils.java:logGet(46)) - raft.server.log.corruption.policy = EXCEPTION (default)
2024-10-16 23:57:15,788 INFO  server.RaftServerConfigKeys (ConfUtils.java:logGet(46)) - raft.server.storage.dir = [/home/runner/work/ratis/ratis/ratis-examples/target/test/data/6cc99a4c/MiniRaftClusterWithNettyeee6e424/s10] (custom)
2024-10-16 23:57:15,788 INFO  storage.RaftStorageDirectory (RaftStorageDirectoryImpl.java:analyzeStorage(138)) - The storage directory /home/runner/work/ratis/ratis/ratis-examples/target/test/data/6cc99a4c/MiniRaftClusterWithNettyeee6e424/s10/078f1b04-11c2-4090-86bc-9ebc86a0b11d does not exist. Creating ...
2024-10-16 23:57:15,788 TRACE util.FileUtils (LogUtils.java:runAndLog(49)) - Successfully ran Files.createDirectories /home/runner/work/ratis/ratis/ratis-examples/target/test/data/6cc99a4c/MiniRaftClusterWithNettyeee6e424/s10/078f1b04-11c2-4090-86bc-9ebc86a0b11d
2024-10-16 23:57:15,790 INFO  storage.RaftStorageDirectory (RaftStorageDirectoryImpl.java:tryLock(229)) - Lock on /home/runner/work/ratis/ratis/ratis-examples/target/test/data/6cc99a4c/MiniRaftClusterWithNettyeee6e424/s10/078f1b04-11c2-4090-86bc-9ebc86a0b11d/in_use.lock acquired by nodename 14984@fv-az1433-785
2024-10-16 23:57:15,790 TRACE util.FileUtils (LogUtils.java:runAndLog(49)) - Successfully ran Files.createDirectories /home/runner/work/ratis/ratis/ratis-examples/target/test/data/6cc99a4c/MiniRaftClusterWithNettyeee6e424/s10/078f1b04-11c2-4090-86bc-9ebc86a0b11d/current
2024-10-16 23:57:15,790 TRACE util.FileUtils (LogUtils.java:runAndLog(49)) - Successfully ran Files.createDirectories /home/runner/work/ratis/ratis/ratis-examples/target/test/data/6cc99a4c/MiniRaftClusterWithNettyeee6e424/s10/078f1b04-11c2-4090-86bc-9ebc86a0b11d/sm
2024-10-16 23:57:15,790 TRACE util.FileUtils (LogUtils.java:supplyAndLog(69)) - Successfully supplied FileChannel.open /home/runner/work/ratis/ratis/ratis-examples/target/test/data/6cc99a4c/MiniRaftClusterWithNettyeee6e424/s10/078f1b04-11c2-4090-86bc-9ebc86a0b11d/current/raft-meta.tmp with options [CREATE, WRITE]: sun.nio.ch.FileChannelImpl@365e6683
2024-10-16 23:57:15,791 TRACE util.FileUtils (LogUtils.java:runAndLog(49)) - Successfully ran Atomic Files.move /home/runner/work/ratis/ratis/ratis-examples/target/test/data/6cc99a4c/MiniRaftClusterWithNettyeee6e424/s10/078f1b04-11c2-4090-86bc-9ebc86a0b11d/current/raft-meta.tmp to /home/runner/work/ratis/ratis/ratis-examples/target/test/data/6cc99a4c/MiniRaftClusterWithNettyeee6e424/s10/078f1b04-11c2-4090-86bc-9ebc86a0b11d/current/raft-meta with options [REPLACE_EXISTING]
2024-10-16 23:57:15,791 INFO  storage.RaftStorage (RaftStorageImpl.java:format(98)) - Storage directory /home/runner/work/ratis/ratis/ratis-examples/target/test/data/6cc99a4c/MiniRaftClusterWithNettyeee6e424/s10/078f1b04-11c2-4090-86bc-9ebc86a0b11d has been successfully formatted.
2024-10-16 23:57:15,792 WARN  statemachine.StateMachine (ArithmeticStateMachine.java:loadSnapshot(115)) - The snapshot info is null.
2024-10-16 23:57:15,792 INFO  server.RaftServerConfigKeys (ConfUtils.java:logGet(46)) - raft.server.log.use.memory = false (default)
2024-10-16 23:57:15,792 INFO  server.RaftServerConfigKeys (ConfUtils.java:logGet(46)) - raft.server.log.purge.gap = 1024 (default)
2024-10-16 23:57:15,792 INFO  server.RaftServerConfigKeys (ConfUtils.java:logGet(46)) - raft.server.log.appender.buffer.byte-limit = 4MB (=4194304) (default)
2024-10-16 23:57:15,792 INFO  server.RaftServerConfigKeys (ConfUtils.java:logGet(46)) - raft.server.log.statemachine.data.read.timeout = 1000ms (default)
2024-10-16 23:57:15,792 INFO  server.RaftServerConfigKeys (ConfUtils.java:logGet(46)) - raft.server.log.purge.preservation.log.num = 0 (default)
2024-10-16 23:57:15,792 INFO  server.RaftServerConfigKeys (ConfUtils.java:logGet(46)) - raft.server.log.segment.size.max = 32MB (=33554432) (default)
2024-10-16 23:57:15,792 INFO  server.RaftServerConfigKeys (ConfUtils.java:logGet(46)) - raft.server.log.segment.cache.num.max = 6 (default)
2024-10-16 23:57:15,792 INFO  server.RaftServerConfigKeys (ConfUtils.java:logGet(46)) - raft.server.log.segment.cache.size.max = 200MB (=209715200) (default)
2024-10-16 23:57:15,792 INFO  server.RaftServerConfigKeys (ConfUtils.java:logGet(46)) - raft.server.log.appender.buffer.byte-limit = 4MB (=4194304) (default)
2024-10-16 23:57:15,792 INFO  util.AwaitToRun (AwaitToRun.java:start(81)) - Thread[s10@group-9EBC86A0B11D-cacheEviction-AwaitToRun,5,main] started
2024-10-16 23:57:15,793 INFO  segmented.SegmentedRaftLogWorker (SegmentedRaftLogWorker.java:<init>(188)) - new s10@group-9EBC86A0B11D-SegmentedRaftLogWorker for RaftStorageImpl:Storage Directory /home/runner/work/ratis/ratis/ratis-examples/target/test/data/6cc99a4c/MiniRaftClusterWithNettyeee6e424/s10/078f1b04-11c2-4090-86bc-9ebc86a0b11d
2024-10-16 23:57:15,793 INFO  server.RaftServerConfigKeys (ConfUtils.java:logGet(46)) - raft.server.log.queue.byte-limit = 64MB (=67108864) (default)
2024-10-16 23:57:15,793 INFO  server.RaftServerConfigKeys (ConfUtils.java:logGet(46)) - raft.server.log.queue.element-limit = 4096 (default)
2024-10-16 23:57:15,793 INFO  server.RaftServerConfigKeys (ConfUtils.java:logGet(46)) - raft.server.log.segment.size.max = 32MB (=33554432) (default)
2024-10-16 23:57:15,793 INFO  server.RaftServerConfigKeys (ConfUtils.java:logGet(46)) - raft.server.log.preallocated.size = 4MB (=4194304) (default)
2024-10-16 23:57:15,793 INFO  server.RaftServerConfigKeys (ConfUtils.java:logGet(46)) - raft.server.log.force.sync.num = 128 (default)
2024-10-16 23:57:15,793 INFO  server.RaftServerConfigKeys (ConfUtils.java:logGet(46)) - raft.server.log.statemachine.data.sync = true (default)
2024-10-16 23:57:15,793 INFO  server.RaftServerConfigKeys (ConfUtils.java:logGet(46)) - raft.server.log.statemachine.data.sync.timeout = 10s (default)
2024-10-16 23:57:15,793 INFO  server.RaftServerConfigKeys (ConfUtils.java:logGet(46)) - raft.server.log.statemachine.data.sync.timeout.retry = -1 (default)
2024-10-16 23:57:15,793 INFO  server.RaftServerConfigKeys (ConfUtils.java:logGet(46)) - raft.server.log.write.buffer.size = 8MB (=8388608) (default)
2024-10-16 23:57:15,795 INFO  server.RaftServerConfigKeys (ConfUtils.java:logGet(46)) - raft.server.log.appender.buffer.byte-limit = 4MB (=4194304) (default)
2024-10-16 23:57:15,795 INFO  server.RaftServerConfigKeys (ConfUtils.java:logGet(46)) - raft.server.log.unsafe-flush.enabled = false (default)
2024-10-16 23:57:15,795 INFO  server.RaftServerConfigKeys (ConfUtils.java:logGet(46)) - raft.server.log.async-flush.enabled = false (default)
2024-10-16 23:57:15,795 INFO  server.RaftServerConfigKeys (ConfUtils.java:logGet(46)) - raft.server.log.statemachine.data.caching.enabled = false (default)
2024-10-16 23:57:15,795 INFO  segmented.SegmentedRaftLogWorker (SegmentedRaftLogWorker.java:lambda$new$0(139)) - s10@group-9EBC86A0B11D-SegmentedRaftLogWorker: flushIndex: setUnconditionally 0 -> -1
2024-10-16 23:57:15,795 INFO  segmented.SegmentedRaftLogWorker (SegmentedRaftLogWorker.java:lambda$new$0(139)) - s10@group-9EBC86A0B11D-SegmentedRaftLogWorker: safeCacheEvictIndex: setUnconditionally 0 -> -1
2024-10-16 23:57:15,795 INFO  server.RaftServer$Division (RaftServerImpl.java:start(399)) - s10@group-9EBC86A0B11D: start with initializing state, conf=conf: {index: -1, cur=peers:[]|listeners:[], old=null}
2024-10-16 23:57:15,796 INFO  server.RaftServer$Division (RaftServerImpl.java:setRole(380)) - s10@group-9EBC86A0B11D: changes role from      null to FOLLOWER at term 0 for start
2024-10-16 23:57:15,796 INFO  util.JmxRegister (JmxRegister.java:tryRegister(44)) - Successfully registered JMX Bean with object name Ratis:service=RaftServer,group=group-9EBC86A0B11D,id=s10
2024-10-16 23:57:15,796 INFO  util.JmxRegister (JmxRegister.java:register(58)) - register mxBean class org.apache.ratis.server.impl.RaftServerJmxAdapter as Ratis:service=RaftServer,group=group-9EBC86A0B11D,id=s10
2024-10-16 23:57:15,796 INFO  server.RaftServerConfigKeys (ConfUtils.java:logGet(46)) - raft.server.snapshot.trigger-when-stop.enabled = true (default)
2024-10-16 23:57:15,796 INFO  server.RaftServerConfigKeys (ConfUtils.java:logGet(46)) - raft.server.snapshot.trigger-when-remove.enabled = true (default)
2024-10-16 23:57:15,796 INFO  server.RaftServerConfigKeys (ConfUtils.java:logGet(46)) - raft.server.snapshot.auto.trigger.enabled = false (default)
2024-10-16 23:57:15,796 INFO  server.RaftServerConfigKeys (ConfUtils.java:logGet(46)) - raft.server.snapshot.retention.file.num = -1 (default)
2024-10-16 23:57:15,796 INFO  server.RaftServerConfigKeys (ConfUtils.java:logGet(46)) - raft.server.log.purge.upto.snapshot.index = false (default)
2024-10-16 23:57:15,796 INFO  server.RaftServer$Division (RaftServerImpl.java:start(407)) - s10@group-9EBC86A0B11D: Successfully started.
2024-10-16 23:57:15,796 INFO  server.RaftServer (RaftServerProxy.java:startImpl(408)) - s10: start RPC server
2024-10-16 23:57:15,797 INFO  logging.LoggingHandler (AbstractInternalLogger.java:log(148)) - [id: 0x386abc64] REGISTERED
2024-10-16 23:57:15,797 INFO  logging.LoggingHandler (AbstractInternalLogger.java:log(148)) - [id: 0x386abc64] BIND: 0.0.0.0/0.0.0.0:15025
2024-10-16 23:57:15,797 INFO  logging.LoggingHandler (AbstractInternalLogger.java:log(148)) - [id: 0x386abc64, L:/0.0.0.0:15025] ACTIVE
2024-10-16 23:57:15,797 INFO  server.RaftServerConfigKeys (ConfUtils.java:logGet(46)) - raft.server.storage.free-space.min = 0MB (=0) (default)
2024-10-16 23:57:15,797 INFO  util.JvmPauseMonitor (JvmPauseMonitor.java:run(146)) - JvmPauseMonitor-s10: Started
2024-10-16 23:57:15,797 INFO  server.RaftServerConfigKeys (ConfUtils.java:logGet(46)) - raft.server.log.corruption.policy = EXCEPTION (default)
2024-10-16 23:57:15,797 INFO  server.RaftServerConfigKeys (ConfUtils.java:logGet(46)) - raft.server.storage.dir = [/home/runner/work/ratis/ratis/ratis-examples/target/test/data/6cc99a4c/MiniRaftClusterWithNettyeee6e424/s13] (custom)
2024-10-16 23:57:15,798 INFO  storage.RaftStorageDirectory (RaftStorageDirectoryImpl.java:analyzeStorage(138)) - The storage directory /home/runner/work/ratis/ratis/ratis-examples/target/test/data/6cc99a4c/MiniRaftClusterWithNettyeee6e424/s13/078f1b04-11c2-4090-86bc-9ebc86a0b11d does not exist. Creating ...
2024-10-16 23:57:15,798 TRACE util.FileUtils (LogUtils.java:runAndLog(49)) - Successfully ran Files.createDirectories /home/runner/work/ratis/ratis/ratis-examples/target/test/data/6cc99a4c/MiniRaftClusterWithNettyeee6e424/s13/078f1b04-11c2-4090-86bc-9ebc86a0b11d
2024-10-16 23:57:15,799 INFO  storage.RaftStorageDirectory (RaftStorageDirectoryImpl.java:tryLock(229)) - Lock on /home/runner/work/ratis/ratis/ratis-examples/target/test/data/6cc99a4c/MiniRaftClusterWithNettyeee6e424/s13/078f1b04-11c2-4090-86bc-9ebc86a0b11d/in_use.lock acquired by nodename 14984@fv-az1433-785
2024-10-16 23:57:15,799 TRACE util.FileUtils (LogUtils.java:runAndLog(49)) - Successfully ran Files.createDirectories /home/runner/work/ratis/ratis/ratis-examples/target/test/data/6cc99a4c/MiniRaftClusterWithNettyeee6e424/s13/078f1b04-11c2-4090-86bc-9ebc86a0b11d/current
2024-10-16 23:57:15,799 TRACE util.FileUtils (LogUtils.java:runAndLog(49)) - Successfully ran Files.createDirectories /home/runner/work/ratis/ratis/ratis-examples/target/test/data/6cc99a4c/MiniRaftClusterWithNettyeee6e424/s13/078f1b04-11c2-4090-86bc-9ebc86a0b11d/sm
2024-10-16 23:57:15,799 TRACE util.FileUtils (LogUtils.java:supplyAndLog(69)) - Successfully supplied FileChannel.open /home/runner/work/ratis/ratis/ratis-examples/target/test/data/6cc99a4c/MiniRaftClusterWithNettyeee6e424/s13/078f1b04-11c2-4090-86bc-9ebc86a0b11d/current/raft-meta.tmp with options [CREATE, WRITE]: sun.nio.ch.FileChannelImpl@5898de00
2024-10-16 23:57:15,802 TRACE util.FileUtils (LogUtils.java:runAndLog(49)) - Successfully ran Atomic Files.move /home/runner/work/ratis/ratis/ratis-examples/target/test/data/6cc99a4c/MiniRaftClusterWithNettyeee6e424/s13/078f1b04-11c2-4090-86bc-9ebc86a0b11d/current/raft-meta.tmp to /home/runner/work/ratis/ratis/ratis-examples/target/test/data/6cc99a4c/MiniRaftClusterWithNettyeee6e424/s13/078f1b04-11c2-4090-86bc-9ebc86a0b11d/current/raft-meta with options [REPLACE_EXISTING]
2024-10-16 23:57:15,802 INFO  storage.RaftStorage (RaftStorageImpl.java:format(98)) - Storage directory /home/runner/work/ratis/ratis/ratis-examples/target/test/data/6cc99a4c/MiniRaftClusterWithNettyeee6e424/s13/078f1b04-11c2-4090-86bc-9ebc86a0b11d has been successfully formatted.
2024-10-16 23:57:15,802 WARN  statemachine.StateMachine (ArithmeticStateMachine.java:loadSnapshot(115)) - The snapshot info is null.
2024-10-16 23:57:15,802 INFO  server.RaftServerConfigKeys (ConfUtils.java:logGet(46)) - raft.server.log.use.memory = false (default)
2024-10-16 23:57:15,802 INFO  server.RaftServerConfigKeys (ConfUtils.java:logGet(46)) - raft.server.log.purge.gap = 1024 (default)
2024-10-16 23:57:15,802 INFO  server.RaftServerConfigKeys (ConfUtils.java:logGet(46)) - raft.server.log.appender.buffer.byte-limit = 4MB (=4194304) (default)
2024-10-16 23:57:15,802 INFO  server.RaftServerConfigKeys (ConfUtils.java:logGet(46)) - raft.server.log.statemachine.data.read.timeout = 1000ms (default)
2024-10-16 23:57:15,802 INFO  server.RaftServerConfigKeys (ConfUtils.java:logGet(46)) - raft.server.log.purge.preservation.log.num = 0 (default)
2024-10-16 23:57:15,802 INFO  server.RaftServerConfigKeys (ConfUtils.java:logGet(46)) - raft.server.log.segment.size.max = 32MB (=33554432) (default)
2024-10-16 23:57:15,802 INFO  server.RaftServerConfigKeys (ConfUtils.java:logGet(46)) - raft.server.log.segment.cache.num.max = 6 (default)
2024-10-16 23:57:15,802 INFO  server.RaftServerConfigKeys (ConfUtils.java:logGet(46)) - raft.server.log.segment.cache.size.max = 200MB (=209715200) (default)
2024-10-16 23:57:15,802 INFO  server.RaftServerConfigKeys (ConfUtils.java:logGet(46)) - raft.server.log.appender.buffer.byte-limit = 4MB (=4194304) (default)
2024-10-16 23:57:15,802 INFO  util.AwaitToRun (AwaitToRun.java:start(81)) - Thread[s13@group-9EBC86A0B11D-cacheEviction-AwaitToRun,5,main] started
2024-10-16 23:57:15,803 INFO  segmented.SegmentedRaftLogWorker (SegmentedRaftLogWorker.java:<init>(188)) - new s13@group-9EBC86A0B11D-SegmentedRaftLogWorker for RaftStorageImpl:Storage Directory /home/runner/work/ratis/ratis/ratis-examples/target/test/data/6cc99a4c/MiniRaftClusterWithNettyeee6e424/s13/078f1b04-11c2-4090-86bc-9ebc86a0b11d
2024-10-16 23:57:15,803 INFO  server.RaftServerConfigKeys (ConfUtils.java:logGet(46)) - raft.server.log.queue.byte-limit = 64MB (=67108864) (default)
2024-10-16 23:57:15,803 INFO  server.RaftServerConfigKeys (ConfUtils.java:logGet(46)) - raft.server.log.queue.element-limit = 4096 (default)
2024-10-16 23:57:15,803 INFO  server.RaftServerConfigKeys (ConfUtils.java:logGet(46)) - raft.server.log.segment.size.max = 32MB (=33554432) (default)
2024-10-16 23:57:15,803 INFO  server.RaftServerConfigKeys (ConfUtils.java:logGet(46)) - raft.server.log.preallocated.size = 4MB (=4194304) (default)
2024-10-16 23:57:15,803 INFO  server.RaftServerConfigKeys (ConfUtils.java:logGet(46)) - raft.server.log.force.sync.num = 128 (default)
2024-10-16 23:57:15,803 INFO  server.RaftServerConfigKeys (ConfUtils.java:logGet(46)) - raft.server.log.statemachine.data.sync = true (default)
2024-10-16 23:57:15,803 INFO  server.RaftServerConfigKeys (ConfUtils.java:logGet(46)) - raft.server.log.statemachine.data.sync.timeout = 10s (default)
2024-10-16 23:57:15,803 INFO  server.RaftServerConfigKeys (ConfUtils.java:logGet(46)) - raft.server.log.statemachine.data.sync.timeout.retry = -1 (default)
2024-10-16 23:57:15,803 INFO  server.RaftServerConfigKeys (ConfUtils.java:logGet(46)) - raft.server.log.write.buffer.size = 8MB (=8388608) (default)
2024-10-16 23:57:15,804 INFO  server.RaftServerConfigKeys (ConfUtils.java:logGet(46)) - raft.server.log.appender.buffer.byte-limit = 4MB (=4194304) (default)
2024-10-16 23:57:15,804 INFO  server.RaftServerConfigKeys (ConfUtils.java:logGet(46)) - raft.server.log.unsafe-flush.enabled = false (default)
2024-10-16 23:57:15,804 INFO  server.RaftServerConfigKeys (ConfUtils.java:logGet(46)) - raft.server.log.async-flush.enabled = false (default)
2024-10-16 23:57:15,804 INFO  server.RaftServerConfigKeys (ConfUtils.java:logGet(46)) - raft.server.log.statemachine.data.caching.enabled = false (default)
2024-10-16 23:57:15,804 INFO  segmented.SegmentedRaftLogWorker (SegmentedRaftLogWorker.java:lambda$new$0(139)) - s13@group-9EBC86A0B11D-SegmentedRaftLogWorker: flushIndex: setUnconditionally 0 -> -1
2024-10-16 23:57:15,804 INFO  segmented.SegmentedRaftLogWorker (SegmentedRaftLogWorker.java:lambda$new$0(139)) - s13@group-9EBC86A0B11D-SegmentedRaftLogWorker: safeCacheEvictIndex: setUnconditionally 0 -> -1
2024-10-16 23:57:15,805 INFO  server.RaftServer$Division (RaftServerImpl.java:start(399)) - s13@group-9EBC86A0B11D: start with initializing state, conf=conf: {index: -1, cur=peers:[]|listeners:[], old=null}
2024-10-16 23:57:15,805 INFO  server.RaftServer$Division (RaftServerImpl.java:setRole(380)) - s13@group-9EBC86A0B11D: changes role from      null to FOLLOWER at term 0 for start
2024-10-16 23:57:15,805 INFO  util.JmxRegister (JmxRegister.java:tryRegister(44)) - Successfully registered JMX Bean with object name Ratis:service=RaftServer,group=group-9EBC86A0B11D,id=s13
2024-10-16 23:57:15,805 INFO  util.JmxRegister (JmxRegister.java:register(58)) - register mxBean class org.apache.ratis.server.impl.RaftServerJmxAdapter as Ratis:service=RaftServer,group=group-9EBC86A0B11D,id=s13
2024-10-16 23:57:15,805 INFO  server.RaftServerConfigKeys (ConfUtils.java:logGet(46)) - raft.server.snapshot.trigger-when-stop.enabled = true (default)
2024-10-16 23:57:15,805 INFO  server.RaftServerConfigKeys (ConfUtils.java:logGet(46)) - raft.server.snapshot.trigger-when-remove.enabled = true (default)
2024-10-16 23:57:15,805 INFO  server.RaftServerConfigKeys (ConfUtils.java:logGet(46)) - raft.server.snapshot.auto.trigger.enabled = false (default)
2024-10-16 23:57:15,805 INFO  server.RaftServerConfigKeys (ConfUtils.java:logGet(46)) - raft.server.snapshot.retention.file.num = -1 (default)
2024-10-16 23:57:15,805 INFO  server.RaftServerConfigKeys (ConfUtils.java:logGet(46)) - raft.server.log.purge.upto.snapshot.index = false (default)
2024-10-16 23:57:15,805 INFO  server.RaftServer$Division (RaftServerImpl.java:start(407)) - s13@group-9EBC86A0B11D: Successfully started.
2024-10-16 23:57:15,805 INFO  server.RaftServer (RaftServerProxy.java:startImpl(408)) - s13: start RPC server
2024-10-16 23:57:15,806 INFO  logging.LoggingHandler (AbstractInternalLogger.java:log(148)) - [id: 0x03473379] REGISTERED
2024-10-16 23:57:15,806 INFO  logging.LoggingHandler (AbstractInternalLogger.java:log(148)) - [id: 0x03473379] BIND: 0.0.0.0/0.0.0.0:15028
2024-10-16 23:57:15,806 INFO  logging.LoggingHandler (AbstractInternalLogger.java:log(148)) - [id: 0x03473379, L:/0.0.0.0:15028] ACTIVE
2024-10-16 23:57:15,806 INFO  server.RaftServerConfigKeys (ConfUtils.java:logGet(46)) - raft.server.storage.free-space.min = 0MB (=0) (default)
2024-10-16 23:57:15,806 INFO  util.JvmPauseMonitor (JvmPauseMonitor.java:run(146)) - JvmPauseMonitor-s13: Started
2024-10-16 23:57:15,806 INFO  server.RaftServerConfigKeys (ConfUtils.java:logGet(46)) - raft.server.log.corruption.policy = EXCEPTION (default)
2024-10-16 23:57:15,806 INFO  server.RaftServerConfigKeys (ConfUtils.java:logGet(46)) - raft.server.storage.dir = [/home/runner/work/ratis/ratis/ratis-examples/target/test/data/6cc99a4c/MiniRaftClusterWithNettyeee6e424/s12] (custom)
2024-10-16 23:57:15,806 INFO  storage.RaftStorageDirectory (RaftStorageDirectoryImpl.java:analyzeStorage(138)) - The storage directory /home/runner/work/ratis/ratis/ratis-examples/target/test/data/6cc99a4c/MiniRaftClusterWithNettyeee6e424/s12/078f1b04-11c2-4090-86bc-9ebc86a0b11d does not exist. Creating ...
2024-10-16 23:57:15,806 TRACE util.FileUtils (LogUtils.java:runAndLog(49)) - Successfully ran Files.createDirectories /home/runner/work/ratis/ratis/ratis-examples/target/test/data/6cc99a4c/MiniRaftClusterWithNettyeee6e424/s12/078f1b04-11c2-4090-86bc-9ebc86a0b11d
2024-10-16 23:57:15,808 INFO  storage.RaftStorageDirectory (RaftStorageDirectoryImpl.java:tryLock(229)) - Lock on /home/runner/work/ratis/ratis/ratis-examples/target/test/data/6cc99a4c/MiniRaftClusterWithNettyeee6e424/s12/078f1b04-11c2-4090-86bc-9ebc86a0b11d/in_use.lock acquired by nodename 14984@fv-az1433-785
2024-10-16 23:57:15,808 TRACE util.FileUtils (LogUtils.java:runAndLog(49)) - Successfully ran Files.createDirectories /home/runner/work/ratis/ratis/ratis-examples/target/test/data/6cc99a4c/MiniRaftClusterWithNettyeee6e424/s12/078f1b04-11c2-4090-86bc-9ebc86a0b11d/current
2024-10-16 23:57:15,808 TRACE util.FileUtils (LogUtils.java:runAndLog(49)) - Successfully ran Files.createDirectories /home/runner/work/ratis/ratis/ratis-examples/target/test/data/6cc99a4c/MiniRaftClusterWithNettyeee6e424/s12/078f1b04-11c2-4090-86bc-9ebc86a0b11d/sm
2024-10-16 23:57:15,808 TRACE util.FileUtils (LogUtils.java:supplyAndLog(69)) - Successfully supplied FileChannel.open /home/runner/work/ratis/ratis/ratis-examples/target/test/data/6cc99a4c/MiniRaftClusterWithNettyeee6e424/s12/078f1b04-11c2-4090-86bc-9ebc86a0b11d/current/raft-meta.tmp with options [CREATE, WRITE]: sun.nio.ch.FileChannelImpl@5d4780db
2024-10-16 23:57:15,809 TRACE util.FileUtils (LogUtils.java:runAndLog(49)) - Successfully ran Atomic Files.move /home/runner/work/ratis/ratis/ratis-examples/target/test/data/6cc99a4c/MiniRaftClusterWithNettyeee6e424/s12/078f1b04-11c2-4090-86bc-9ebc86a0b11d/current/raft-meta.tmp to /home/runner/work/ratis/ratis/ratis-examples/target/test/data/6cc99a4c/MiniRaftClusterWithNettyeee6e424/s12/078f1b04-11c2-4090-86bc-9ebc86a0b11d/current/raft-meta with options [REPLACE_EXISTING]
2024-10-16 23:57:15,809 INFO  storage.RaftStorage (RaftStorageImpl.java:format(98)) - Storage directory /home/runner/work/ratis/ratis/ratis-examples/target/test/data/6cc99a4c/MiniRaftClusterWithNettyeee6e424/s12/078f1b04-11c2-4090-86bc-9ebc86a0b11d has been successfully formatted.
2024-10-16 23:57:15,810 WARN  statemachine.StateMachine (ArithmeticStateMachine.java:loadSnapshot(115)) - The snapshot info is null.
2024-10-16 23:57:15,810 INFO  server.RaftServerConfigKeys (ConfUtils.java:logGet(46)) - raft.server.log.use.memory = false (default)
2024-10-16 23:57:15,810 INFO  server.RaftServerConfigKeys (ConfUtils.java:logGet(46)) - raft.server.log.purge.gap = 1024 (default)
2024-10-16 23:57:15,810 INFO  server.RaftServerConfigKeys (ConfUtils.java:logGet(46)) - raft.server.log.appender.buffer.byte-limit = 4MB (=4194304) (default)
2024-10-16 23:57:15,810 INFO  server.RaftServerConfigKeys (ConfUtils.java:logGet(46)) - raft.server.log.statemachine.data.read.timeout = 1000ms (default)
2024-10-16 23:57:15,810 INFO  server.RaftServerConfigKeys (ConfUtils.java:logGet(46)) - raft.server.log.purge.preservation.log.num = 0 (default)
2024-10-16 23:57:15,810 INFO  server.RaftServerConfigKeys (ConfUtils.java:logGet(46)) - raft.server.log.segment.size.max = 32MB (=33554432) (default)
2024-10-16 23:57:15,810 INFO  server.RaftServerConfigKeys (ConfUtils.java:logGet(46)) - raft.server.log.segment.cache.num.max = 6 (default)
2024-10-16 23:57:15,810 INFO  server.RaftServerConfigKeys (ConfUtils.java:logGet(46)) - raft.server.log.segment.cache.size.max = 200MB (=209715200) (default)
2024-10-16 23:57:15,810 INFO  server.RaftServerConfigKeys (ConfUtils.java:logGet(46)) - raft.server.log.appender.buffer.byte-limit = 4MB (=4194304) (default)
2024-10-16 23:57:15,810 INFO  util.AwaitToRun (AwaitToRun.java:start(81)) - Thread[s12@group-9EBC86A0B11D-cacheEviction-AwaitToRun,5,main] started
2024-10-16 23:57:15,811 INFO  segmented.SegmentedRaftLogWorker (SegmentedRaftLogWorker.java:<init>(188)) - new s12@group-9EBC86A0B11D-SegmentedRaftLogWorker for RaftStorageImpl:Storage Directory /home/runner/work/ratis/ratis/ratis-examples/target/test/data/6cc99a4c/MiniRaftClusterWithNettyeee6e424/s12/078f1b04-11c2-4090-86bc-9ebc86a0b11d
2024-10-16 23:57:15,811 INFO  server.RaftServerConfigKeys (ConfUtils.java:logGet(46)) - raft.server.log.queue.byte-limit = 64MB (=67108864) (default)
2024-10-16 23:57:15,811 INFO  server.RaftServerConfigKeys (ConfUtils.java:logGet(46)) - raft.server.log.queue.element-limit = 4096 (default)
2024-10-16 23:57:15,811 INFO  server.RaftServerConfigKeys (ConfUtils.java:logGet(46)) - raft.server.log.segment.size.max = 32MB (=33554432) (default)
2024-10-16 23:57:15,811 INFO  server.RaftServerConfigKeys (ConfUtils.java:logGet(46)) - raft.server.log.preallocated.size = 4MB (=4194304) (default)
2024-10-16 23:57:15,811 INFO  server.RaftServerConfigKeys (ConfUtils.java:logGet(46)) - raft.server.log.force.sync.num = 128 (default)
2024-10-16 23:57:15,811 INFO  server.RaftServerConfigKeys (ConfUtils.java:logGet(46)) - raft.server.log.statemachine.data.sync = true (default)
2024-10-16 23:57:15,811 INFO  server.RaftServerConfigKeys (ConfUtils.java:logGet(46)) - raft.server.log.statemachine.data.sync.timeout = 10s (default)
2024-10-16 23:57:15,811 INFO  server.RaftServerConfigKeys (ConfUtils.java:logGet(46)) - raft.server.log.statemachine.data.sync.timeout.retry = -1 (default)
2024-10-16 23:57:15,811 INFO  server.RaftServerConfigKeys (ConfUtils.java:logGet(46)) - raft.server.log.write.buffer.size = 8MB (=8388608) (default)
2024-10-16 23:57:15,811 INFO  server.RaftServerConfigKeys (ConfUtils.java:logGet(46)) - raft.server.log.appender.buffer.byte-limit = 4MB (=4194304) (default)
2024-10-16 23:57:15,811 INFO  server.RaftServerConfigKeys (ConfUtils.java:logGet(46)) - raft.server.log.unsafe-flush.enabled = false (default)
2024-10-16 23:57:15,811 INFO  server.RaftServerConfigKeys (ConfUtils.java:logGet(46)) - raft.server.log.async-flush.enabled = false (default)
2024-10-16 23:57:15,812 INFO  server.RaftServerConfigKeys (ConfUtils.java:logGet(46)) - raft.server.log.statemachine.data.caching.enabled = false (default)
2024-10-16 23:57:15,812 INFO  segmented.SegmentedRaftLogWorker (SegmentedRaftLogWorker.java:lambda$new$0(139)) - s12@group-9EBC86A0B11D-SegmentedRaftLogWorker: flushIndex: setUnconditionally 0 -> -1
2024-10-16 23:57:15,812 INFO  segmented.SegmentedRaftLogWorker (SegmentedRaftLogWorker.java:lambda$new$0(139)) - s12@group-9EBC86A0B11D-SegmentedRaftLogWorker: safeCacheEvictIndex: setUnconditionally 0 -> -1
2024-10-16 23:57:15,812 INFO  server.RaftServer$Division (RaftServerImpl.java:start(399)) - s12@group-9EBC86A0B11D: start with initializing state, conf=conf: {index: -1, cur=peers:[]|listeners:[], old=null}
2024-10-16 23:57:15,812 INFO  server.RaftServer$Division (RaftServerImpl.java:setRole(380)) - s12@group-9EBC86A0B11D: changes role from      null to FOLLOWER at term 0 for start
2024-10-16 23:57:15,812 INFO  util.JmxRegister (JmxRegister.java:tryRegister(44)) - Successfully registered JMX Bean with object name Ratis:service=RaftServer,group=group-9EBC86A0B11D,id=s12
2024-10-16 23:57:15,812 INFO  util.JmxRegister (JmxRegister.java:register(58)) - register mxBean class org.apache.ratis.server.impl.RaftServerJmxAdapter as Ratis:service=RaftServer,group=group-9EBC86A0B11D,id=s12
2024-10-16 23:57:15,812 INFO  server.RaftServerConfigKeys (ConfUtils.java:logGet(46)) - raft.server.snapshot.trigger-when-stop.enabled = true (default)
2024-10-16 23:57:15,812 INFO  server.RaftServerConfigKeys (ConfUtils.java:logGet(46)) - raft.server.snapshot.trigger-when-remove.enabled = true (default)
2024-10-16 23:57:15,812 INFO  server.RaftServerConfigKeys (ConfUtils.java:logGet(46)) - raft.server.snapshot.auto.trigger.enabled = false (default)
2024-10-16 23:57:15,812 INFO  server.RaftServerConfigKeys (ConfUtils.java:logGet(46)) - raft.server.snapshot.retention.file.num = -1 (default)
2024-10-16 23:57:15,812 INFO  server.RaftServerConfigKeys (ConfUtils.java:logGet(46)) - raft.server.log.purge.upto.snapshot.index = false (default)
2024-10-16 23:57:15,812 INFO  server.RaftServer$Division (RaftServerImpl.java:start(407)) - s12@group-9EBC86A0B11D: Successfully started.
2024-10-16 23:57:15,812 INFO  server.RaftServer (RaftServerProxy.java:startImpl(408)) - s12: start RPC server
2024-10-16 23:57:15,813 INFO  logging.LoggingHandler (AbstractInternalLogger.java:log(148)) - [id: 0xdd8a884e] REGISTERED
2024-10-16 23:57:15,813 INFO  logging.LoggingHandler (AbstractInternalLogger.java:log(148)) - [id: 0xdd8a884e] BIND: 0.0.0.0/0.0.0.0:15027
2024-10-16 23:57:15,813 INFO  logging.LoggingHandler (AbstractInternalLogger.java:log(148)) - [id: 0xdd8a884e, L:/0.0.0.0:15027] ACTIVE
2024-10-16 23:57:15,813 INFO  util.JvmPauseMonitor (JvmPauseMonitor.java:run(146)) - JvmPauseMonitor-s12: Started
2024-10-16 23:57:15,813 INFO  server.RaftServerConfigKeys (ConfUtils.java:logGet(46)) - raft.server.storage.free-space.min = 0MB (=0) (default)
2024-10-16 23:57:15,813 INFO  server.RaftServerConfigKeys (ConfUtils.java:logGet(46)) - raft.server.log.corruption.policy = EXCEPTION (default)
2024-10-16 23:57:15,813 INFO  server.RaftServerConfigKeys (ConfUtils.java:logGet(46)) - raft.server.storage.dir = [/home/runner/work/ratis/ratis/ratis-examples/target/test/data/6cc99a4c/MiniRaftClusterWithNettyeee6e424/s14] (custom)
2024-10-16 23:57:15,814 INFO  storage.RaftStorageDirectory (RaftStorageDirectoryImpl.java:analyzeStorage(138)) - The storage directory /home/runner/work/ratis/ratis/ratis-examples/target/test/data/6cc99a4c/MiniRaftClusterWithNettyeee6e424/s14/078f1b04-11c2-4090-86bc-9ebc86a0b11d does not exist. Creating ...
2024-10-16 23:57:15,814 TRACE util.FileUtils (LogUtils.java:runAndLog(49)) - Successfully ran Files.createDirectories /home/runner/work/ratis/ratis/ratis-examples/target/test/data/6cc99a4c/MiniRaftClusterWithNettyeee6e424/s14/078f1b04-11c2-4090-86bc-9ebc86a0b11d
2024-10-16 23:57:15,815 INFO  storage.RaftStorageDirectory (RaftStorageDirectoryImpl.java:tryLock(229)) - Lock on /home/runner/work/ratis/ratis/ratis-examples/target/test/data/6cc99a4c/MiniRaftClusterWithNettyeee6e424/s14/078f1b04-11c2-4090-86bc-9ebc86a0b11d/in_use.lock acquired by nodename 14984@fv-az1433-785
2024-10-16 23:57:15,815 TRACE util.FileUtils (LogUtils.java:runAndLog(49)) - Successfully ran Files.createDirectories /home/runner/work/ratis/ratis/ratis-examples/target/test/data/6cc99a4c/MiniRaftClusterWithNettyeee6e424/s14/078f1b04-11c2-4090-86bc-9ebc86a0b11d/current
2024-10-16 23:57:15,815 TRACE util.FileUtils (LogUtils.java:runAndLog(49)) - Successfully ran Files.createDirectories /home/runner/work/ratis/ratis/ratis-examples/target/test/data/6cc99a4c/MiniRaftClusterWithNettyeee6e424/s14/078f1b04-11c2-4090-86bc-9ebc86a0b11d/sm
2024-10-16 23:57:15,815 TRACE util.FileUtils (LogUtils.java:supplyAndLog(69)) - Successfully supplied FileChannel.open /home/runner/work/ratis/ratis/ratis-examples/target/test/data/6cc99a4c/MiniRaftClusterWithNettyeee6e424/s14/078f1b04-11c2-4090-86bc-9ebc86a0b11d/current/raft-meta.tmp with options [CREATE, WRITE]: sun.nio.ch.FileChannelImpl@3f460f9
2024-10-16 23:57:15,816 TRACE util.FileUtils (LogUtils.java:runAndLog(49)) - Successfully ran Atomic Files.move /home/runner/work/ratis/ratis/ratis-examples/target/test/data/6cc99a4c/MiniRaftClusterWithNettyeee6e424/s14/078f1b04-11c2-4090-86bc-9ebc86a0b11d/current/raft-meta.tmp to /home/runner/work/ratis/ratis/ratis-examples/target/test/data/6cc99a4c/MiniRaftClusterWithNettyeee6e424/s14/078f1b04-11c2-4090-86bc-9ebc86a0b11d/current/raft-meta with options [REPLACE_EXISTING]
2024-10-16 23:57:15,816 INFO  storage.RaftStorage (RaftStorageImpl.java:format(98)) - Storage directory /home/runner/work/ratis/ratis/ratis-examples/target/test/data/6cc99a4c/MiniRaftClusterWithNettyeee6e424/s14/078f1b04-11c2-4090-86bc-9ebc86a0b11d has been successfully formatted.
2024-10-16 23:57:15,816 WARN  statemachine.StateMachine (ArithmeticStateMachine.java:loadSnapshot(115)) - The snapshot info is null.
2024-10-16 23:57:15,816 INFO  server.RaftServerConfigKeys (ConfUtils.java:logGet(46)) - raft.server.log.use.memory = false (default)
2024-10-16 23:57:15,817 INFO  server.RaftServerConfigKeys (ConfUtils.java:logGet(46)) - raft.server.log.purge.gap = 1024 (default)
2024-10-16 23:57:15,817 INFO  server.RaftServerConfigKeys (ConfUtils.java:logGet(46)) - raft.server.log.appender.buffer.byte-limit = 4MB (=4194304) (default)
2024-10-16 23:57:15,817 INFO  server.RaftServerConfigKeys (ConfUtils.java:logGet(46)) - raft.server.log.statemachine.data.read.timeout = 1000ms (default)
2024-10-16 23:57:15,817 INFO  server.RaftServerConfigKeys (ConfUtils.java:logGet(46)) - raft.server.log.purge.preservation.log.num = 0 (default)
2024-10-16 23:57:15,817 INFO  server.RaftServerConfigKeys (ConfUtils.java:logGet(46)) - raft.server.log.segment.size.max = 32MB (=33554432) (default)
2024-10-16 23:57:15,817 INFO  server.RaftServerConfigKeys (ConfUtils.java:logGet(46)) - raft.server.log.segment.cache.num.max = 6 (default)
2024-10-16 23:57:15,817 INFO  server.RaftServerConfigKeys (ConfUtils.java:logGet(46)) - raft.server.log.segment.cache.size.max = 200MB (=209715200) (default)
2024-10-16 23:57:15,817 INFO  server.RaftServerConfigKeys (ConfUtils.java:logGet(46)) - raft.server.log.appender.buffer.byte-limit = 4MB (=4194304) (default)
2024-10-16 23:57:15,817 INFO  util.AwaitToRun (AwaitToRun.java:start(81)) - Thread[s14@group-9EBC86A0B11D-cacheEviction-AwaitToRun,5,main] started
2024-10-16 23:57:15,817 INFO  segmented.SegmentedRaftLogWorker (SegmentedRaftLogWorker.java:<init>(188)) - new s14@group-9EBC86A0B11D-SegmentedRaftLogWorker for RaftStorageImpl:Storage Directory /home/runner/work/ratis/ratis/ratis-examples/target/test/data/6cc99a4c/MiniRaftClusterWithNettyeee6e424/s14/078f1b04-11c2-4090-86bc-9ebc86a0b11d
2024-10-16 23:57:15,818 INFO  server.RaftServerConfigKeys (ConfUtils.java:logGet(46)) - raft.server.log.queue.byte-limit = 64MB (=67108864) (default)
2024-10-16 23:57:15,818 INFO  server.RaftServerConfigKeys (ConfUtils.java:logGet(46)) - raft.server.log.queue.element-limit = 4096 (default)
2024-10-16 23:57:15,818 INFO  server.RaftServerConfigKeys (ConfUtils.java:logGet(46)) - raft.server.log.segment.size.max = 32MB (=33554432) (default)
2024-10-16 23:57:15,818 INFO  server.RaftServerConfigKeys (ConfUtils.java:logGet(46)) - raft.server.log.preallocated.size = 4MB (=4194304) (default)
2024-10-16 23:57:15,818 INFO  server.RaftServerConfigKeys (ConfUtils.java:logGet(46)) - raft.server.log.force.sync.num = 128 (default)
2024-10-16 23:57:15,818 INFO  server.RaftServerConfigKeys (ConfUtils.java:logGet(46)) - raft.server.log.statemachine.data.sync = true (default)
2024-10-16 23:57:15,818 INFO  server.RaftServerConfigKeys (ConfUtils.java:logGet(46)) - raft.server.log.statemachine.data.sync.timeout = 10s (default)
2024-10-16 23:57:15,818 INFO  server.RaftServerConfigKeys (ConfUtils.java:logGet(46)) - raft.server.log.statemachine.data.sync.timeout.retry = -1 (default)
2024-10-16 23:57:15,818 INFO  server.RaftServerConfigKeys (ConfUtils.java:logGet(46)) - raft.server.log.write.buffer.size = 8MB (=8388608) (default)
2024-10-16 23:57:15,820 INFO  server.RaftServerConfigKeys (ConfUtils.java:logGet(46)) - raft.server.log.appender.buffer.byte-limit = 4MB (=4194304) (default)
2024-10-16 23:57:15,820 INFO  server.RaftServerConfigKeys (ConfUtils.java:logGet(46)) - raft.server.log.unsafe-flush.enabled = false (default)
2024-10-16 23:57:15,820 INFO  server.RaftServerConfigKeys (ConfUtils.java:logGet(46)) - raft.server.log.async-flush.enabled = false (default)
2024-10-16 23:57:15,820 INFO  server.RaftServerConfigKeys (ConfUtils.java:logGet(46)) - raft.server.log.statemachine.data.caching.enabled = false (default)
2024-10-16 23:57:15,820 INFO  segmented.SegmentedRaftLogWorker (SegmentedRaftLogWorker.java:lambda$new$0(139)) - s14@group-9EBC86A0B11D-SegmentedRaftLogWorker: flushIndex: setUnconditionally 0 -> -1
2024-10-16 23:57:15,821 INFO  segmented.SegmentedRaftLogWorker (SegmentedRaftLogWorker.java:lambda$new$0(139)) - s14@group-9EBC86A0B11D-SegmentedRaftLogWorker: safeCacheEvictIndex: setUnconditionally 0 -> -1
2024-10-16 23:57:15,821 INFO  server.RaftServer$Division (RaftServerImpl.java:start(399)) - s14@group-9EBC86A0B11D: start with initializing state, conf=conf: {index: -1, cur=peers:[]|listeners:[], old=null}
2024-10-16 23:57:15,821 INFO  server.RaftServer$Division (RaftServerImpl.java:setRole(380)) - s14@group-9EBC86A0B11D: changes role from      null to FOLLOWER at term 0 for start
2024-10-16 23:57:15,821 INFO  util.JmxRegister (JmxRegister.java:tryRegister(44)) - Successfully registered JMX Bean with object name Ratis:service=RaftServer,group=group-9EBC86A0B11D,id=s14
2024-10-16 23:57:15,821 INFO  util.JmxRegister (JmxRegister.java:register(58)) - register mxBean class org.apache.ratis.server.impl.RaftServerJmxAdapter as Ratis:service=RaftServer,group=group-9EBC86A0B11D,id=s14
2024-10-16 23:57:15,821 INFO  server.RaftServerConfigKeys (ConfUtils.java:logGet(46)) - raft.server.snapshot.trigger-when-stop.enabled = true (default)
2024-10-16 23:57:15,821 INFO  server.RaftServerConfigKeys (ConfUtils.java:logGet(46)) - raft.server.snapshot.trigger-when-remove.enabled = true (default)
2024-10-16 23:57:15,821 INFO  server.RaftServerConfigKeys (ConfUtils.java:logGet(46)) - raft.server.snapshot.auto.trigger.enabled = false (default)
2024-10-16 23:57:15,821 INFO  server.RaftServerConfigKeys (ConfUtils.java:logGet(46)) - raft.server.snapshot.retention.file.num = -1 (default)
2024-10-16 23:57:15,821 INFO  server.RaftServerConfigKeys (ConfUtils.java:logGet(46)) - raft.server.log.purge.upto.snapshot.index = false (default)
2024-10-16 23:57:15,821 INFO  server.RaftServer$Division (RaftServerImpl.java:start(407)) - s14@group-9EBC86A0B11D: Successfully started.
2024-10-16 23:57:15,821 INFO  server.RaftServer (RaftServerProxy.java:startImpl(408)) - s14: start RPC server
2024-10-16 23:57:15,822 INFO  logging.LoggingHandler (AbstractInternalLogger.java:log(148)) - [id: 0xf239dbc0] REGISTERED
2024-10-16 23:57:15,822 INFO  logging.LoggingHandler (AbstractInternalLogger.java:log(148)) - [id: 0xf239dbc0] BIND: 0.0.0.0/0.0.0.0:15029
2024-10-16 23:57:15,822 INFO  util.JvmPauseMonitor (JvmPauseMonitor.java:run(146)) - JvmPauseMonitor-s14: Started
2024-10-16 23:57:15,822 INFO  logging.LoggingHandler (AbstractInternalLogger.java:log(148)) - [id: 0xf239dbc0, L:/0.0.0.0:15029] ACTIVE
2024-10-16 23:57:15,822 INFO  server.RaftServerConfigKeys (ConfUtils.java:logGet(46)) - raft.server.storage.free-space.min = 0MB (=0) (default)
2024-10-16 23:57:15,823 INFO  server.RaftServerConfigKeys (ConfUtils.java:logGet(46)) - raft.server.log.corruption.policy = EXCEPTION (default)
2024-10-16 23:57:15,823 INFO  server.RaftServerConfigKeys (ConfUtils.java:logGet(46)) - raft.server.storage.dir = [/home/runner/work/ratis/ratis/ratis-examples/target/test/data/6cc99a4c/MiniRaftClusterWithNettyeee6e424/s0] (custom)
2024-10-16 23:57:15,823 INFO  storage.RaftStorageDirectory (RaftStorageDirectoryImpl.java:analyzeStorage(138)) - The storage directory /home/runner/work/ratis/ratis/ratis-examples/target/test/data/6cc99a4c/MiniRaftClusterWithNettyeee6e424/s0/078f1b04-11c2-4090-86bc-9ebc86a0b11d does not exist. Creating ...
2024-10-16 23:57:15,823 TRACE util.FileUtils (LogUtils.java:runAndLog(49)) - Successfully ran Files.createDirectories /home/runner/work/ratis/ratis/ratis-examples/target/test/data/6cc99a4c/MiniRaftClusterWithNettyeee6e424/s0/078f1b04-11c2-4090-86bc-9ebc86a0b11d
2024-10-16 23:57:15,824 INFO  storage.RaftStorageDirectory (RaftStorageDirectoryImpl.java:tryLock(229)) - Lock on /home/runner/work/ratis/ratis/ratis-examples/target/test/data/6cc99a4c/MiniRaftClusterWithNettyeee6e424/s0/078f1b04-11c2-4090-86bc-9ebc86a0b11d/in_use.lock acquired by nodename 14984@fv-az1433-785
2024-10-16 23:57:15,824 TRACE util.FileUtils (LogUtils.java:runAndLog(49)) - Successfully ran Files.createDirectories /home/runner/work/ratis/ratis/ratis-examples/target/test/data/6cc99a4c/MiniRaftClusterWithNettyeee6e424/s0/078f1b04-11c2-4090-86bc-9ebc86a0b11d/current
2024-10-16 23:57:15,824 TRACE util.FileUtils (LogUtils.java:runAndLog(49)) - Successfully ran Files.createDirectories /home/runner/work/ratis/ratis/ratis-examples/target/test/data/6cc99a4c/MiniRaftClusterWithNettyeee6e424/s0/078f1b04-11c2-4090-86bc-9ebc86a0b11d/sm
2024-10-16 23:57:15,824 TRACE util.FileUtils (LogUtils.java:supplyAndLog(69)) - Successfully supplied FileChannel.open /home/runner/work/ratis/ratis/ratis-examples/target/test/data/6cc99a4c/MiniRaftClusterWithNettyeee6e424/s0/078f1b04-11c2-4090-86bc-9ebc86a0b11d/current/raft-meta.tmp with options [CREATE, WRITE]: sun.nio.ch.FileChannelImpl@1215bc7
2024-10-16 23:57:15,825 TRACE util.FileUtils (LogUtils.java:runAndLog(49)) - Successfully ran Atomic Files.move /home/runner/work/ratis/ratis/ratis-examples/target/test/data/6cc99a4c/MiniRaftClusterWithNettyeee6e424/s0/078f1b04-11c2-4090-86bc-9ebc86a0b11d/current/raft-meta.tmp to /home/runner/work/ratis/ratis/ratis-examples/target/test/data/6cc99a4c/MiniRaftClusterWithNettyeee6e424/s0/078f1b04-11c2-4090-86bc-9ebc86a0b11d/current/raft-meta with options [REPLACE_EXISTING]
2024-10-16 23:57:15,825 INFO  storage.RaftStorage (RaftStorageImpl.java:format(98)) - Storage directory /home/runner/work/ratis/ratis/ratis-examples/target/test/data/6cc99a4c/MiniRaftClusterWithNettyeee6e424/s0/078f1b04-11c2-4090-86bc-9ebc86a0b11d has been successfully formatted.
2024-10-16 23:57:15,826 WARN  statemachine.StateMachine (ArithmeticStateMachine.java:loadSnapshot(115)) - The snapshot info is null.
2024-10-16 23:57:15,826 INFO  server.RaftServerConfigKeys (ConfUtils.java:logGet(46)) - raft.server.log.use.memory = false (default)
2024-10-16 23:57:15,826 INFO  server.RaftServerConfigKeys (ConfUtils.java:logGet(46)) - raft.server.log.purge.gap = 1024 (default)
2024-10-16 23:57:15,826 INFO  server.RaftServerConfigKeys (ConfUtils.java:logGet(46)) - raft.server.log.appender.buffer.byte-limit = 4MB (=4194304) (default)
2024-10-16 23:57:15,826 INFO  server.RaftServerConfigKeys (ConfUtils.java:logGet(46)) - raft.server.log.statemachine.data.read.timeout = 1000ms (default)
2024-10-16 23:57:15,826 INFO  server.RaftServerConfigKeys (ConfUtils.java:logGet(46)) - raft.server.log.purge.preservation.log.num = 0 (default)
2024-10-16 23:57:15,826 INFO  server.RaftServerConfigKeys (ConfUtils.java:logGet(46)) - raft.server.log.segment.size.max = 32MB (=33554432) (default)
2024-10-16 23:57:15,826 INFO  server.RaftServerConfigKeys (ConfUtils.java:logGet(46)) - raft.server.log.segment.cache.num.max = 6 (default)
2024-10-16 23:57:15,826 INFO  server.RaftServerConfigKeys (ConfUtils.java:logGet(46)) - raft.server.log.segment.cache.size.max = 200MB (=209715200) (default)
2024-10-16 23:57:15,826 INFO  server.RaftServerConfigKeys (ConfUtils.java:logGet(46)) - raft.server.log.appender.buffer.byte-limit = 4MB (=4194304) (default)
2024-10-16 23:57:15,826 INFO  util.AwaitToRun (AwaitToRun.java:start(81)) - Thread[s0@group-9EBC86A0B11D-cacheEviction-AwaitToRun,5,main] started
2024-10-16 23:57:15,826 INFO  segmented.SegmentedRaftLogWorker (SegmentedRaftLogWorker.java:<init>(188)) - new s0@group-9EBC86A0B11D-SegmentedRaftLogWorker for RaftStorageImpl:Storage Directory /home/runner/work/ratis/ratis/ratis-examples/target/test/data/6cc99a4c/MiniRaftClusterWithNettyeee6e424/s0/078f1b04-11c2-4090-86bc-9ebc86a0b11d
2024-10-16 23:57:15,826 INFO  server.RaftServerConfigKeys (ConfUtils.java:logGet(46)) - raft.server.log.queue.byte-limit = 64MB (=67108864) (default)
2024-10-16 23:57:15,826 INFO  server.RaftServerConfigKeys (ConfUtils.java:logGet(46)) - raft.server.log.queue.element-limit = 4096 (default)
2024-10-16 23:57:15,826 INFO  server.RaftServerConfigKeys (ConfUtils.java:logGet(46)) - raft.server.log.segment.size.max = 32MB (=33554432) (default)
2024-10-16 23:57:15,826 INFO  server.RaftServerConfigKeys (ConfUtils.java:logGet(46)) - raft.server.log.preallocated.size = 4MB (=4194304) (default)
2024-10-16 23:57:15,827 INFO  server.RaftServerConfigKeys (ConfUtils.java:logGet(46)) - raft.server.log.force.sync.num = 128 (default)
2024-10-16 23:57:15,827 INFO  server.RaftServerConfigKeys (ConfUtils.java:logGet(46)) - raft.server.log.statemachine.data.sync = true (default)
2024-10-16 23:57:15,827 INFO  server.RaftServerConfigKeys (ConfUtils.java:logGet(46)) - raft.server.log.statemachine.data.sync.timeout = 10s (default)
2024-10-16 23:57:15,827 INFO  server.RaftServerConfigKeys (ConfUtils.java:logGet(46)) - raft.server.log.statemachine.data.sync.timeout.retry = -1 (default)
2024-10-16 23:57:15,827 INFO  server.RaftServerConfigKeys (ConfUtils.java:logGet(46)) - raft.server.log.write.buffer.size = 8MB (=8388608) (default)
2024-10-16 23:57:15,827 INFO  server.RaftServerConfigKeys (ConfUtils.java:logGet(46)) - raft.server.log.appender.buffer.byte-limit = 4MB (=4194304) (default)
2024-10-16 23:57:15,827 INFO  server.RaftServerConfigKeys (ConfUtils.java:logGet(46)) - raft.server.log.unsafe-flush.enabled = false (default)
2024-10-16 23:57:15,827 INFO  server.RaftServerConfigKeys (ConfUtils.java:logGet(46)) - raft.server.log.async-flush.enabled = false (default)
2024-10-16 23:57:15,827 INFO  server.RaftServerConfigKeys (ConfUtils.java:logGet(46)) - raft.server.log.statemachine.data.caching.enabled = false (default)
2024-10-16 23:57:15,827 INFO  segmented.SegmentedRaftLogWorker (SegmentedRaftLogWorker.java:lambda$new$0(139)) - s0@group-9EBC86A0B11D-SegmentedRaftLogWorker: flushIndex: setUnconditionally 0 -> -1
2024-10-16 23:57:15,827 INFO  segmented.SegmentedRaftLogWorker (SegmentedRaftLogWorker.java:lambda$new$0(139)) - s0@group-9EBC86A0B11D-SegmentedRaftLogWorker: safeCacheEvictIndex: setUnconditionally 0 -> -1
2024-10-16 23:57:15,827 INFO  server.RaftServer$Division (RaftServerImpl.java:start(399)) - s0@group-9EBC86A0B11D: start with initializing state, conf=conf: {index: -1, cur=peers:[]|listeners:[], old=null}
2024-10-16 23:57:15,827 INFO  server.RaftServer$Division (RaftServerImpl.java:setRole(380)) - s0@group-9EBC86A0B11D: changes role from      null to FOLLOWER at term 0 for start
2024-10-16 23:57:15,828 INFO  util.JmxRegister (JmxRegister.java:tryRegister(44)) - Successfully registered JMX Bean with object name Ratis:service=RaftServer,group=group-9EBC86A0B11D,id=s0
2024-10-16 23:57:15,828 INFO  util.JmxRegister (JmxRegister.java:register(58)) - register mxBean class org.apache.ratis.server.impl.RaftServerJmxAdapter as Ratis:service=RaftServer,group=group-9EBC86A0B11D,id=s0
2024-10-16 23:57:15,828 INFO  server.RaftServerConfigKeys (ConfUtils.java:logGet(46)) - raft.server.snapshot.trigger-when-stop.enabled = true (default)
2024-10-16 23:57:15,828 INFO  server.RaftServerConfigKeys (ConfUtils.java:logGet(46)) - raft.server.snapshot.trigger-when-remove.enabled = true (default)
2024-10-16 23:57:15,828 INFO  server.RaftServerConfigKeys (ConfUtils.java:logGet(46)) - raft.server.snapshot.auto.trigger.enabled = false (default)
2024-10-16 23:57:15,828 INFO  server.RaftServerConfigKeys (ConfUtils.java:logGet(46)) - raft.server.snapshot.retention.file.num = -1 (default)
2024-10-16 23:57:15,828 INFO  server.RaftServerConfigKeys (ConfUtils.java:logGet(46)) - raft.server.log.purge.upto.snapshot.index = false (default)
2024-10-16 23:57:15,828 INFO  server.RaftServer$Division (RaftServerImpl.java:start(407)) - s0@group-9EBC86A0B11D: Successfully started.
2024-10-16 23:57:15,828 INFO  server.RaftServer (RaftServerProxy.java:startImpl(408)) - s0: start RPC server
2024-10-16 23:57:15,828 INFO  logging.LoggingHandler (AbstractInternalLogger.java:log(148)) - [id: 0x90e4c7eb] REGISTERED
2024-10-16 23:57:15,829 INFO  logging.LoggingHandler (AbstractInternalLogger.java:log(148)) - [id: 0x90e4c7eb] BIND: 0.0.0.0/0.0.0.0:15015
2024-10-16 23:57:15,829 INFO  logging.LoggingHandler (AbstractInternalLogger.java:log(148)) - [id: 0x90e4c7eb, L:/0.0.0.0:15015] ACTIVE
2024-10-16 23:57:15,829 INFO  server.RaftServerConfigKeys (ConfUtils.java:logGet(46)) - raft.server.storage.free-space.min = 0MB (=0) (default)
2024-10-16 23:57:15,829 INFO  util.JvmPauseMonitor (JvmPauseMonitor.java:run(146)) - JvmPauseMonitor-s0: Started
2024-10-16 23:57:15,829 INFO  server.RaftServerConfigKeys (ConfUtils.java:logGet(46)) - raft.server.log.corruption.policy = EXCEPTION (default)
2024-10-16 23:57:15,829 INFO  server.RaftServerConfigKeys (ConfUtils.java:logGet(46)) - raft.server.storage.dir = [/home/runner/work/ratis/ratis/ratis-examples/target/test/data/6cc99a4c/MiniRaftClusterWithNettyeee6e424/s1] (custom)
2024-10-16 23:57:15,829 INFO  storage.RaftStorageDirectory (RaftStorageDirectoryImpl.java:analyzeStorage(138)) - The storage directory /home/runner/work/ratis/ratis/ratis-examples/target/test/data/6cc99a4c/MiniRaftClusterWithNettyeee6e424/s1/078f1b04-11c2-4090-86bc-9ebc86a0b11d does not exist. Creating ...
2024-10-16 23:57:15,829 TRACE util.FileUtils (LogUtils.java:runAndLog(49)) - Successfully ran Files.createDirectories /home/runner/work/ratis/ratis/ratis-examples/target/test/data/6cc99a4c/MiniRaftClusterWithNettyeee6e424/s1/078f1b04-11c2-4090-86bc-9ebc86a0b11d
2024-10-16 23:57:15,830 INFO  storage.RaftStorageDirectory (RaftStorageDirectoryImpl.java:tryLock(229)) - Lock on /home/runner/work/ratis/ratis/ratis-examples/target/test/data/6cc99a4c/MiniRaftClusterWithNettyeee6e424/s1/078f1b04-11c2-4090-86bc-9ebc86a0b11d/in_use.lock acquired by nodename 14984@fv-az1433-785
2024-10-16 23:57:15,830 TRACE util.FileUtils (LogUtils.java:runAndLog(49)) - Successfully ran Files.createDirectories /home/runner/work/ratis/ratis/ratis-examples/target/test/data/6cc99a4c/MiniRaftClusterWithNettyeee6e424/s1/078f1b04-11c2-4090-86bc-9ebc86a0b11d/current
2024-10-16 23:57:15,831 TRACE util.FileUtils (LogUtils.java:runAndLog(49)) - Successfully ran Files.createDirectories /home/runner/work/ratis/ratis/ratis-examples/target/test/data/6cc99a4c/MiniRaftClusterWithNettyeee6e424/s1/078f1b04-11c2-4090-86bc-9ebc86a0b11d/sm
2024-10-16 23:57:15,831 TRACE util.FileUtils (LogUtils.java:supplyAndLog(69)) - Successfully supplied FileChannel.open /home/runner/work/ratis/ratis/ratis-examples/target/test/data/6cc99a4c/MiniRaftClusterWithNettyeee6e424/s1/078f1b04-11c2-4090-86bc-9ebc86a0b11d/current/raft-meta.tmp with options [CREATE, WRITE]: sun.nio.ch.FileChannelImpl@42f41ee9
2024-10-16 23:57:15,832 TRACE util.FileUtils (LogUtils.java:runAndLog(49)) - Successfully ran Atomic Files.move /home/runner/work/ratis/ratis/ratis-examples/target/test/data/6cc99a4c/MiniRaftClusterWithNettyeee6e424/s1/078f1b04-11c2-4090-86bc-9ebc86a0b11d/current/raft-meta.tmp to /home/runner/work/ratis/ratis/ratis-examples/target/test/data/6cc99a4c/MiniRaftClusterWithNettyeee6e424/s1/078f1b04-11c2-4090-86bc-9ebc86a0b11d/current/raft-meta with options [REPLACE_EXISTING]
2024-10-16 23:57:15,832 INFO  storage.RaftStorage (RaftStorageImpl.java:format(98)) - Storage directory /home/runner/work/ratis/ratis/ratis-examples/target/test/data/6cc99a4c/MiniRaftClusterWithNettyeee6e424/s1/078f1b04-11c2-4090-86bc-9ebc86a0b11d has been successfully formatted.
2024-10-16 23:57:15,832 WARN  statemachine.StateMachine (ArithmeticStateMachine.java:loadSnapshot(115)) - The snapshot info is null.
2024-10-16 23:57:15,832 INFO  server.RaftServerConfigKeys (ConfUtils.java:logGet(46)) - raft.server.log.use.memory = false (default)
2024-10-16 23:57:15,832 INFO  server.RaftServerConfigKeys (ConfUtils.java:logGet(46)) - raft.server.log.purge.gap = 1024 (default)
2024-10-16 23:57:15,832 INFO  server.RaftServerConfigKeys (ConfUtils.java:logGet(46)) - raft.server.log.appender.buffer.byte-limit = 4MB (=4194304) (default)
2024-10-16 23:57:15,832 INFO  server.RaftServerConfigKeys (ConfUtils.java:logGet(46)) - raft.server.log.statemachine.data.read.timeout = 1000ms (default)
2024-10-16 23:57:15,832 INFO  server.RaftServerConfigKeys (ConfUtils.java:logGet(46)) - raft.server.log.purge.preservation.log.num = 0 (default)
2024-10-16 23:57:15,832 INFO  server.RaftServerConfigKeys (ConfUtils.java:logGet(46)) - raft.server.log.segment.size.max = 32MB (=33554432) (default)
2024-10-16 23:57:15,832 INFO  server.RaftServerConfigKeys (ConfUtils.java:logGet(46)) - raft.server.log.segment.cache.num.max = 6 (default)
2024-10-16 23:57:15,832 INFO  server.RaftServerConfigKeys (ConfUtils.java:logGet(46)) - raft.server.log.segment.cache.size.max = 200MB (=209715200) (default)
2024-10-16 23:57:15,832 INFO  server.RaftServerConfigKeys (ConfUtils.java:logGet(46)) - raft.server.log.appender.buffer.byte-limit = 4MB (=4194304) (default)
2024-10-16 23:57:15,832 INFO  util.AwaitToRun (AwaitToRun.java:start(81)) - Thread[s1@group-9EBC86A0B11D-cacheEviction-AwaitToRun,5,main] started
2024-10-16 23:57:15,832 INFO  segmented.SegmentedRaftLogWorker (SegmentedRaftLogWorker.java:<init>(188)) - new s1@group-9EBC86A0B11D-SegmentedRaftLogWorker for RaftStorageImpl:Storage Directory /home/runner/work/ratis/ratis/ratis-examples/target/test/data/6cc99a4c/MiniRaftClusterWithNettyeee6e424/s1/078f1b04-11c2-4090-86bc-9ebc86a0b11d
2024-10-16 23:57:15,832 INFO  server.RaftServerConfigKeys (ConfUtils.java:logGet(46)) - raft.server.log.queue.byte-limit = 64MB (=67108864) (default)
2024-10-16 23:57:15,833 INFO  server.RaftServerConfigKeys (ConfUtils.java:logGet(46)) - raft.server.log.queue.element-limit = 4096 (default)
2024-10-16 23:57:15,833 INFO  server.RaftServerConfigKeys (ConfUtils.java:logGet(46)) - raft.server.log.segment.size.max = 32MB (=33554432) (default)
2024-10-16 23:57:15,833 INFO  server.RaftServerConfigKeys (ConfUtils.java:logGet(46)) - raft.server.log.preallocated.size = 4MB (=4194304) (default)
2024-10-16 23:57:15,833 INFO  server.RaftServerConfigKeys (ConfUtils.java:logGet(46)) - raft.server.log.force.sync.num = 128 (default)
2024-10-16 23:57:15,833 INFO  server.RaftServerConfigKeys (ConfUtils.java:logGet(46)) - raft.server.log.statemachine.data.sync = true (default)
2024-10-16 23:57:15,833 INFO  server.RaftServerConfigKeys (ConfUtils.java:logGet(46)) - raft.server.log.statemachine.data.sync.timeout = 10s (default)
2024-10-16 23:57:15,833 INFO  server.RaftServerConfigKeys (ConfUtils.java:logGet(46)) - raft.server.log.statemachine.data.sync.timeout.retry = -1 (default)
2024-10-16 23:57:15,833 INFO  server.RaftServerConfigKeys (ConfUtils.java:logGet(46)) - raft.server.log.write.buffer.size = 8MB (=8388608) (default)
2024-10-16 23:57:15,834 INFO  server.RaftServerConfigKeys (ConfUtils.java:logGet(46)) - raft.server.log.appender.buffer.byte-limit = 4MB (=4194304) (default)
2024-10-16 23:57:15,834 INFO  server.RaftServerConfigKeys (ConfUtils.java:logGet(46)) - raft.server.log.unsafe-flush.enabled = false (default)
2024-10-16 23:57:15,834 INFO  server.RaftServerConfigKeys (ConfUtils.java:logGet(46)) - raft.server.log.async-flush.enabled = false (default)
2024-10-16 23:57:15,834 INFO  server.RaftServerConfigKeys (ConfUtils.java:logGet(46)) - raft.server.log.statemachine.data.caching.enabled = false (default)
2024-10-16 23:57:15,834 INFO  segmented.SegmentedRaftLogWorker (SegmentedRaftLogWorker.java:lambda$new$0(139)) - s1@group-9EBC86A0B11D-SegmentedRaftLogWorker: flushIndex: setUnconditionally 0 -> -1
2024-10-16 23:57:15,834 INFO  segmented.SegmentedRaftLogWorker (SegmentedRaftLogWorker.java:lambda$new$0(139)) - s1@group-9EBC86A0B11D-SegmentedRaftLogWorker: safeCacheEvictIndex: setUnconditionally 0 -> -1
2024-10-16 23:57:15,835 INFO  server.RaftServer$Division (RaftServerImpl.java:start(399)) - s1@group-9EBC86A0B11D: start with initializing state, conf=conf: {index: -1, cur=peers:[]|listeners:[], old=null}
2024-10-16 23:57:15,835 INFO  server.RaftServer$Division (RaftServerImpl.java:setRole(380)) - s1@group-9EBC86A0B11D: changes role from      null to FOLLOWER at term 0 for start
2024-10-16 23:57:15,835 INFO  util.JmxRegister (JmxRegister.java:tryRegister(44)) - Successfully registered JMX Bean with object name Ratis:service=RaftServer,group=group-9EBC86A0B11D,id=s1
2024-10-16 23:57:15,835 INFO  util.JmxRegister (JmxRegister.java:register(58)) - register mxBean class org.apache.ratis.server.impl.RaftServerJmxAdapter as Ratis:service=RaftServer,group=group-9EBC86A0B11D,id=s1
2024-10-16 23:57:15,835 INFO  server.RaftServerConfigKeys (ConfUtils.java:logGet(46)) - raft.server.snapshot.trigger-when-stop.enabled = true (default)
2024-10-16 23:57:15,835 INFO  server.RaftServerConfigKeys (ConfUtils.java:logGet(46)) - raft.server.snapshot.trigger-when-remove.enabled = true (default)
2024-10-16 23:57:15,835 INFO  server.RaftServerConfigKeys (ConfUtils.java:logGet(46)) - raft.server.snapshot.auto.trigger.enabled = false (default)
2024-10-16 23:57:15,835 INFO  server.RaftServerConfigKeys (ConfUtils.java:logGet(46)) - raft.server.snapshot.retention.file.num = -1 (default)
2024-10-16 23:57:15,835 INFO  server.RaftServerConfigKeys (ConfUtils.java:logGet(46)) - raft.server.log.purge.upto.snapshot.index = false (default)
2024-10-16 23:57:15,835 INFO  server.RaftServer$Division (RaftServerImpl.java:start(407)) - s1@group-9EBC86A0B11D: Successfully started.
2024-10-16 23:57:15,835 INFO  server.RaftServer (RaftServerProxy.java:startImpl(408)) - s1: start RPC server
2024-10-16 23:57:15,836 INFO  logging.LoggingHandler (AbstractInternalLogger.java:log(148)) - [id: 0xb4b31492] REGISTERED
2024-10-16 23:57:15,836 INFO  logging.LoggingHandler (AbstractInternalLogger.java:log(148)) - [id: 0xb4b31492] BIND: 0.0.0.0/0.0.0.0:15016
2024-10-16 23:57:15,836 INFO  logging.LoggingHandler (AbstractInternalLogger.java:log(148)) - [id: 0xb4b31492, L:/0.0.0.0:15016] ACTIVE
2024-10-16 23:57:15,836 INFO  server.RaftServerConfigKeys (ConfUtils.java:logGet(46)) - raft.server.storage.free-space.min = 0MB (=0) (default)
2024-10-16 23:57:15,836 INFO  util.JvmPauseMonitor (JvmPauseMonitor.java:run(146)) - JvmPauseMonitor-s1: Started
2024-10-16 23:57:15,836 INFO  server.RaftServerConfigKeys (ConfUtils.java:logGet(46)) - raft.server.log.corruption.policy = EXCEPTION (default)
2024-10-16 23:57:15,836 INFO  server.RaftServerConfigKeys (ConfUtils.java:logGet(46)) - raft.server.storage.dir = [/home/runner/work/ratis/ratis/ratis-examples/target/test/data/6cc99a4c/MiniRaftClusterWithNettyeee6e424/s2] (custom)
2024-10-16 23:57:15,836 INFO  storage.RaftStorageDirectory (RaftStorageDirectoryImpl.java:analyzeStorage(138)) - The storage directory /home/runner/work/ratis/ratis/ratis-examples/target/test/data/6cc99a4c/MiniRaftClusterWithNettyeee6e424/s2/078f1b04-11c2-4090-86bc-9ebc86a0b11d does not exist. Creating ...
2024-10-16 23:57:15,836 TRACE util.FileUtils (LogUtils.java:runAndLog(49)) - Successfully ran Files.createDirectories /home/runner/work/ratis/ratis/ratis-examples/target/test/data/6cc99a4c/MiniRaftClusterWithNettyeee6e424/s2/078f1b04-11c2-4090-86bc-9ebc86a0b11d
2024-10-16 23:57:15,837 INFO  storage.RaftStorageDirectory (RaftStorageDirectoryImpl.java:tryLock(229)) - Lock on /home/runner/work/ratis/ratis/ratis-examples/target/test/data/6cc99a4c/MiniRaftClusterWithNettyeee6e424/s2/078f1b04-11c2-4090-86bc-9ebc86a0b11d/in_use.lock acquired by nodename 14984@fv-az1433-785
2024-10-16 23:57:15,837 TRACE util.FileUtils (LogUtils.java:runAndLog(49)) - Successfully ran Files.createDirectories /home/runner/work/ratis/ratis/ratis-examples/target/test/data/6cc99a4c/MiniRaftClusterWithNettyeee6e424/s2/078f1b04-11c2-4090-86bc-9ebc86a0b11d/current
2024-10-16 23:57:15,837 TRACE util.FileUtils (LogUtils.java:runAndLog(49)) - Successfully ran Files.createDirectories /home/runner/work/ratis/ratis/ratis-examples/target/test/data/6cc99a4c/MiniRaftClusterWithNettyeee6e424/s2/078f1b04-11c2-4090-86bc-9ebc86a0b11d/sm
2024-10-16 23:57:15,837 TRACE util.FileUtils (LogUtils.java:supplyAndLog(69)) - Successfully supplied FileChannel.open /home/runner/work/ratis/ratis/ratis-examples/target/test/data/6cc99a4c/MiniRaftClusterWithNettyeee6e424/s2/078f1b04-11c2-4090-86bc-9ebc86a0b11d/current/raft-meta.tmp with options [CREATE, WRITE]: sun.nio.ch.FileChannelImpl@3883ae9a
2024-10-16 23:57:15,839 TRACE util.FileUtils (LogUtils.java:runAndLog(49)) - Successfully ran Atomic Files.move /home/runner/work/ratis/ratis/ratis-examples/target/test/data/6cc99a4c/MiniRaftClusterWithNettyeee6e424/s2/078f1b04-11c2-4090-86bc-9ebc86a0b11d/current/raft-meta.tmp to /home/runner/work/ratis/ratis/ratis-examples/target/test/data/6cc99a4c/MiniRaftClusterWithNettyeee6e424/s2/078f1b04-11c2-4090-86bc-9ebc86a0b11d/current/raft-meta with options [REPLACE_EXISTING]
2024-10-16 23:57:15,839 INFO  storage.RaftStorage (RaftStorageImpl.java:format(98)) - Storage directory /home/runner/work/ratis/ratis/ratis-examples/target/test/data/6cc99a4c/MiniRaftClusterWithNettyeee6e424/s2/078f1b04-11c2-4090-86bc-9ebc86a0b11d has been successfully formatted.
2024-10-16 23:57:15,839 WARN  statemachine.StateMachine (ArithmeticStateMachine.java:loadSnapshot(115)) - The snapshot info is null.
2024-10-16 23:57:15,839 INFO  server.RaftServerConfigKeys (ConfUtils.java:logGet(46)) - raft.server.log.use.memory = false (default)
2024-10-16 23:57:15,839 INFO  server.RaftServerConfigKeys (ConfUtils.java:logGet(46)) - raft.server.log.purge.gap = 1024 (default)
2024-10-16 23:57:15,839 INFO  server.RaftServerConfigKeys (ConfUtils.java:logGet(46)) - raft.server.log.appender.buffer.byte-limit = 4MB (=4194304) (default)
2024-10-16 23:57:15,839 INFO  server.RaftServerConfigKeys (ConfUtils.java:logGet(46)) - raft.server.log.statemachine.data.read.timeout = 1000ms (default)
2024-10-16 23:57:15,839 INFO  server.RaftServerConfigKeys (ConfUtils.java:logGet(46)) - raft.server.log.purge.preservation.log.num = 0 (default)
2024-10-16 23:57:15,839 INFO  server.RaftServerConfigKeys (ConfUtils.java:logGet(46)) - raft.server.log.segment.size.max = 32MB (=33554432) (default)
2024-10-16 23:57:15,839 INFO  server.RaftServerConfigKeys (ConfUtils.java:logGet(46)) - raft.server.log.segment.cache.num.max = 6 (default)
2024-10-16 23:57:15,839 INFO  server.RaftServerConfigKeys (ConfUtils.java:logGet(46)) - raft.server.log.segment.cache.size.max = 200MB (=209715200) (default)
2024-10-16 23:57:15,839 INFO  server.RaftServerConfigKeys (ConfUtils.java:logGet(46)) - raft.server.log.appender.buffer.byte-limit = 4MB (=4194304) (default)
2024-10-16 23:57:15,839 INFO  util.AwaitToRun (AwaitToRun.java:start(81)) - Thread[s2@group-9EBC86A0B11D-cacheEviction-AwaitToRun,5,main] started
2024-10-16 23:57:15,840 INFO  segmented.SegmentedRaftLogWorker (SegmentedRaftLogWorker.java:<init>(188)) - new s2@group-9EBC86A0B11D-SegmentedRaftLogWorker for RaftStorageImpl:Storage Directory /home/runner/work/ratis/ratis/ratis-examples/target/test/data/6cc99a4c/MiniRaftClusterWithNettyeee6e424/s2/078f1b04-11c2-4090-86bc-9ebc86a0b11d
2024-10-16 23:57:15,840 INFO  server.RaftServerConfigKeys (ConfUtils.java:logGet(46)) - raft.server.log.queue.byte-limit = 64MB (=67108864) (default)
2024-10-16 23:57:15,840 INFO  server.RaftServerConfigKeys (ConfUtils.java:logGet(46)) - raft.server.log.queue.element-limit = 4096 (default)
2024-10-16 23:57:15,840 INFO  server.RaftServerConfigKeys (ConfUtils.java:logGet(46)) - raft.server.log.segment.size.max = 32MB (=33554432) (default)
2024-10-16 23:57:15,840 INFO  server.RaftServerConfigKeys (ConfUtils.java:logGet(46)) - raft.server.log.preallocated.size = 4MB (=4194304) (default)
2024-10-16 23:57:15,840 INFO  server.RaftServerConfigKeys (ConfUtils.java:logGet(46)) - raft.server.log.force.sync.num = 128 (default)
2024-10-16 23:57:15,840 INFO  server.RaftServerConfigKeys (ConfUtils.java:logGet(46)) - raft.server.log.statemachine.data.sync = true (default)
2024-10-16 23:57:15,840 INFO  server.RaftServerConfigKeys (ConfUtils.java:logGet(46)) - raft.server.log.statemachine.data.sync.timeout = 10s (default)
2024-10-16 23:57:15,840 INFO  server.RaftServerConfigKeys (ConfUtils.java:logGet(46)) - raft.server.log.statemachine.data.sync.timeout.retry = -1 (default)
2024-10-16 23:57:15,840 INFO  server.RaftServerConfigKeys (ConfUtils.java:logGet(46)) - raft.server.log.write.buffer.size = 8MB (=8388608) (default)
2024-10-16 23:57:15,840 INFO  server.RaftServerConfigKeys (ConfUtils.java:logGet(46)) - raft.server.log.appender.buffer.byte-limit = 4MB (=4194304) (default)
2024-10-16 23:57:15,841 INFO  server.RaftServerConfigKeys (ConfUtils.java:logGet(46)) - raft.server.log.unsafe-flush.enabled = false (default)
2024-10-16 23:57:15,841 INFO  server.RaftServerConfigKeys (ConfUtils.java:logGet(46)) - raft.server.log.async-flush.enabled = false (default)
2024-10-16 23:57:15,841 INFO  server.RaftServerConfigKeys (ConfUtils.java:logGet(46)) - raft.server.log.statemachine.data.caching.enabled = false (default)
2024-10-16 23:57:15,841 INFO  segmented.SegmentedRaftLogWorker (SegmentedRaftLogWorker.java:lambda$new$0(139)) - s2@group-9EBC86A0B11D-SegmentedRaftLogWorker: flushIndex: setUnconditionally 0 -> -1
2024-10-16 23:57:15,841 INFO  segmented.SegmentedRaftLogWorker (SegmentedRaftLogWorker.java:lambda$new$0(139)) - s2@group-9EBC86A0B11D-SegmentedRaftLogWorker: safeCacheEvictIndex: setUnconditionally 0 -> -1
2024-10-16 23:57:15,841 INFO  server.RaftServer$Division (RaftServerImpl.java:start(399)) - s2@group-9EBC86A0B11D: start with initializing state, conf=conf: {index: -1, cur=peers:[]|listeners:[], old=null}
2024-10-16 23:57:15,841 INFO  server.RaftServer$Division (RaftServerImpl.java:setRole(380)) - s2@group-9EBC86A0B11D: changes role from      null to FOLLOWER at term 0 for start
2024-10-16 23:57:15,841 INFO  util.JmxRegister (JmxRegister.java:tryRegister(44)) - Successfully registered JMX Bean with object name Ratis:service=RaftServer,group=group-9EBC86A0B11D,id=s2
2024-10-16 23:57:15,841 INFO  util.JmxRegister (JmxRegister.java:register(58)) - register mxBean class org.apache.ratis.server.impl.RaftServerJmxAdapter as Ratis:service=RaftServer,group=group-9EBC86A0B11D,id=s2
2024-10-16 23:57:15,841 INFO  server.RaftServerConfigKeys (ConfUtils.java:logGet(46)) - raft.server.snapshot.trigger-when-stop.enabled = true (default)
2024-10-16 23:57:15,841 INFO  server.RaftServerConfigKeys (ConfUtils.java:logGet(46)) - raft.server.snapshot.trigger-when-remove.enabled = true (default)
2024-10-16 23:57:15,841 INFO  server.RaftServerConfigKeys (ConfUtils.java:logGet(46)) - raft.server.snapshot.auto.trigger.enabled = false (default)
2024-10-16 23:57:15,841 INFO  server.RaftServerConfigKeys (ConfUtils.java:logGet(46)) - raft.server.snapshot.retention.file.num = -1 (default)
2024-10-16 23:57:15,841 INFO  server.RaftServerConfigKeys (ConfUtils.java:logGet(46)) - raft.server.log.purge.upto.snapshot.index = false (default)
2024-10-16 23:57:15,841 INFO  server.RaftServer$Division (RaftServerImpl.java:start(407)) - s2@group-9EBC86A0B11D: Successfully started.
2024-10-16 23:57:15,841 INFO  server.RaftServer (RaftServerProxy.java:startImpl(408)) - s2: start RPC server
2024-10-16 23:57:15,842 INFO  logging.LoggingHandler (AbstractInternalLogger.java:log(148)) - [id: 0xe405d390] REGISTERED
2024-10-16 23:57:15,842 INFO  logging.LoggingHandler (AbstractInternalLogger.java:log(148)) - [id: 0xe405d390] BIND: 0.0.0.0/0.0.0.0:15017
2024-10-16 23:57:15,842 INFO  logging.LoggingHandler (AbstractInternalLogger.java:log(148)) - [id: 0xe405d390, L:/0.0.0.0:15017] ACTIVE
2024-10-16 23:57:15,842 INFO  util.JvmPauseMonitor (JvmPauseMonitor.java:run(146)) - JvmPauseMonitor-s2: Started
2024-10-16 23:57:16,843 INFO  impl.GroupManagementBaseTest (GroupManagementBaseTest.java:runMultiGroupTest(267)) - start: printing ALL groups
  s3:  RUNNING  FOLLOWER s3@group-9EBC86A0B11D:t0, leader=null, voted=, raftlog=Memoized:s3@group-9EBC86A0B11D-SegmentedRaftLog:OPENED:c-1:lastnull, conf=conf: {index: -1, cur=peers:[]|listeners:[], old=null} STARTING
  s4:  RUNNING  FOLLOWER s4@group-9EBC86A0B11D:t0, leader=null, voted=, raftlog=Memoized:s4@group-9EBC86A0B11D-SegmentedRaftLog:OPENED:c-1:lastnull, conf=conf: {index: -1, cur=peers:[]|listeners:[], old=null} STARTING
  s5:  RUNNING  FOLLOWER s5@group-9EBC86A0B11D:t0, leader=null, voted=, raftlog=Memoized:s5@group-9EBC86A0B11D-SegmentedRaftLog:OPENED:c-1:lastnull, conf=conf: {index: -1, cur=peers:[]|listeners:[], old=null} STARTING
  s6:  RUNNING  FOLLOWER s6@group-9EBC86A0B11D:t0, leader=null, voted=, raftlog=Memoized:s6@group-9EBC86A0B11D-SegmentedRaftLog:OPENED:c-1:lastnull, conf=conf: {index: -1, cur=peers:[]|listeners:[], old=null} STARTING
  s7:  RUNNING  FOLLOWER s7@group-9EBC86A0B11D:t0, leader=null, voted=, raftlog=Memoized:s7@group-9EBC86A0B11D-SegmentedRaftLog:OPENED:c-1:lastnull, conf=conf: {index: -1, cur=peers:[]|listeners:[], old=null} STARTING
  s8:  RUNNING  FOLLOWER s8@group-9EBC86A0B11D:t0, leader=null, voted=, raftlog=Memoized:s8@group-9EBC86A0B11D-SegmentedRaftLog:OPENED:c-1:lastnull, conf=conf: {index: -1, cur=peers:[]|listeners:[], old=null} STARTING
  s9:  RUNNING  FOLLOWER s9@group-9EBC86A0B11D:t0, leader=null, voted=, raftlog=Memoized:s9@group-9EBC86A0B11D-SegmentedRaftLog:OPENED:c-1:lastnull, conf=conf: {index: -1, cur=peers:[]|listeners:[], old=null} STARTING
  s11:  RUNNING  FOLLOWER s11@group-9EBC86A0B11D:t0, leader=null, voted=, raftlog=Memoized:s11@group-9EBC86A0B11D-SegmentedRaftLog:OPENED:c-1:lastnull, conf=conf: {index: -1, cur=peers:[]|listeners:[], old=null} STARTING
  s10:  RUNNING  FOLLOWER s10@group-9EBC86A0B11D:t0, leader=null, voted=, raftlog=Memoized:s10@group-9EBC86A0B11D-SegmentedRaftLog:OPENED:c-1:lastnull, conf=conf: {index: -1, cur=peers:[]|listeners:[], old=null} STARTING
  s13:  RUNNING  FOLLOWER s13@group-9EBC86A0B11D:t0, leader=null, voted=, raftlog=Memoized:s13@group-9EBC86A0B11D-SegmentedRaftLog:OPENED:c-1:lastnull, conf=conf: {index: -1, cur=peers:[]|listeners:[], old=null} STARTING
  s12:  RUNNING  FOLLOWER s12@group-9EBC86A0B11D:t0, leader=null, voted=, raftlog=Memoized:s12@group-9EBC86A0B11D-SegmentedRaftLog:OPENED:c-1:lastnull, conf=conf: {index: -1, cur=peers:[]|listeners:[], old=null} STARTING
  s14:  RUNNING  FOLLOWER s14@group-9EBC86A0B11D:t0, leader=null, voted=, raftlog=Memoized:s14@group-9EBC86A0B11D-SegmentedRaftLog:OPENED:c-1:lastnull, conf=conf: {index: -1, cur=peers:[]|listeners:[], old=null} STARTING
  s0:  RUNNING  FOLLOWER s0@group-9EBC86A0B11D:t0, leader=null, voted=, raftlog=Memoized:s0@group-9EBC86A0B11D-SegmentedRaftLog:OPENED:c-1:lastnull, conf=conf: {index: -1, cur=peers:[]|listeners:[], old=null} STARTING
  s1:  RUNNING  FOLLOWER s1@group-9EBC86A0B11D:t0, leader=null, voted=, raftlog=Memoized:s1@group-9EBC86A0B11D-SegmentedRaftLog:OPENED:c-1:lastnull, conf=conf: {index: -1, cur=peers:[]|listeners:[], old=null} STARTING
  s2:  RUNNING  FOLLOWER s2@group-9EBC86A0B11D:t0, leader=null, voted=, raftlog=Memoized:s2@group-9EBC86A0B11D-SegmentedRaftLog:OPENED:c-1:lastnull, conf=conf: {index: -1, cur=peers:[]|listeners:[], old=null} STARTING
2024-10-16 23:57:16,843 INFO  impl.GroupManagementBaseTest (GroupManagementBaseTest.java:runMultiGroupTest(281)) - 0) starting group-2527C568F951:[s10|0.0.0.0:15025, s0|0.0.0.0:15015, s1|0.0.0.0:15016]
2024-10-16 23:57:16,845 INFO  netty.NettyUtils (NettyUtils.java:newEventLoopGroup(74)) - Create EpollEventLoopGroup for client-D5CB792D86D4; Thread size is 0.
2024-10-16 23:57:16,862 INFO  logging.LoggingHandler (AbstractInternalLogger.java:log(148)) - [id: 0x90e4c7eb, L:/0.0.0.0:15015] READ: [id: 0x53b904d8, L:/127.0.0.1:15015 - R:/127.0.0.1:46356]
2024-10-16 23:57:16,862 INFO  logging.LoggingHandler (AbstractInternalLogger.java:log(148)) - [id: 0x90e4c7eb, L:/0.0.0.0:15015] READ COMPLETE
2024-10-16 23:57:16,871 INFO  server.RaftServer (RaftServerProxy.java:addNew(101)) - s0: addNew group-2527C568F951:[s10|0.0.0.0:15025, s0|0.0.0.0:15015, s1|0.0.0.0:15016] returns group-2527C568F951:java.util.concurrent.CompletableFuture@602995ec[Not completed]
2024-10-16 23:57:16,872 INFO  server.RaftServer$Division (RaftServerImpl.java:<init>(257)) - s0: new RaftServerImpl for group-2527C568F951:[s10|0.0.0.0:15025, s0|0.0.0.0:15015, s1|0.0.0.0:15016] with ArithmeticStateMachine:uninitialized
2024-10-16 23:57:16,872 INFO  server.RaftServerConfigKeys (ConfUtils.java:logGet(46)) - raft.server.rpc.timeout.min = 300ms (custom)
2024-10-16 23:57:16,872 INFO  server.RaftServerConfigKeys (ConfUtils.java:logGet(46)) - raft.server.rpc.timeout.max = 600ms (custom)
2024-10-16 23:57:16,872 INFO  server.RaftServerConfigKeys (ConfUtils.java:logGet(46)) - raft.server.rpc.sleep.time = 25ms (default)
2024-10-16 23:57:16,872 INFO  server.RaftServerConfigKeys (ConfUtils.java:logGet(46)) - raft.server.rpc.slowness.timeout = 60s (default)
2024-10-16 23:57:16,872 INFO  server.RaftServerConfigKeys (ConfUtils.java:logGet(46)) - raft.server.leaderelection.leader.step-down.wait-time = 10s (default)
2024-10-16 23:57:16,872 INFO  server.RaftServerConfigKeys (ConfUtils.java:logGet(46)) - raft.server.leaderelection.member.majority-add = false (default)
2024-10-16 23:57:16,872 INFO  server.RaftServerConfigKeys (ConfUtils.java:logGet(46)) - raft.server.sleep.deviation.threshold = 300ms (default)
2024-10-16 23:57:16,872 INFO  server.RaftServer$Division (ServerState.java:<init>(114)) - s0@group-2527C568F951: ConfigurationManager, init=conf: {index: -1, cur=peers:[s10|0.0.0.0:15025, s0|0.0.0.0:15015, s1|0.0.0.0:15016]|listeners:[], old=null}, confs=<EMPTY_MAP>
2024-10-16 23:57:16,872 INFO  server.RaftServerConfigKeys (ConfUtils.java:logGet(46)) - raft.server.notification.no-leader.timeout = 60s (default)
2024-10-16 23:57:16,872 INFO  server.RaftServerConfigKeys (ConfUtils.java:logGet(46)) - raft.server.read.timeout = 10s (default)
2024-10-16 23:57:16,872 INFO  server.RaftServerConfigKeys (ConfUtils.java:logGet(46)) - raft.server.retrycache.expirytime = 60s (default)
2024-10-16 23:57:16,872 INFO  server.RaftServerConfigKeys (ConfUtils.java:logGet(46)) - raft.server.retrycache.statistics.expirytime = 100ms (default)
2024-10-16 23:57:16,872 INFO  server.RaftServerConfigKeys (ConfUtils.java:logGet(46)) - raft.server.read.option = DEFAULT (default)
2024-10-16 23:57:16,873 INFO  server.RaftServerConfigKeys (ConfUtils.java:logGet(46)) - raft.server.read.read-after-write-consistent.write-index-cache.expiry-time = 60s (default)
2024-10-16 23:57:16,873 INFO  server.RaftServerConfigKeys (ConfUtils.java:logGet(46)) - raft.server.rpc.request.timeout = 3000ms (default)
2024-10-16 23:57:16,873 INFO  server.RaftServerConfigKeys (ConfUtils.java:logGet(46)) - raft.server.log.appender.install.snapshot.enabled = true (default)
2024-10-16 23:57:16,873 INFO  server.RaftServerConfigKeys (ConfUtils.java:logGet(46)) - raft.server.threadpool.server.cached = true (default)
2024-10-16 23:57:16,873 INFO  server.RaftServerConfigKeys (ConfUtils.java:logGet(46)) - raft.server.threadpool.server.size = 0 (default)
2024-10-16 23:57:16,873 INFO  server.RaftServerConfigKeys (ConfUtils.java:logGet(46)) - raft.server.threadpool.client.cached = true (default)
2024-10-16 23:57:16,873 INFO  server.RaftServerConfigKeys (ConfUtils.java:logGet(46)) - raft.server.threadpool.client.size = 0 (default)
2024-10-16 23:57:16,873 INFO  server.RaftServerConfigKeys (ConfUtils.java:logGet(46)) - raft.server.storage.free-space.min = 0MB (=0) (default)
2024-10-16 23:57:16,874 INFO  server.RaftServerConfigKeys (ConfUtils.java:logGet(46)) - raft.server.log.corruption.policy = EXCEPTION (default)
2024-10-16 23:57:16,874 INFO  server.RaftServerConfigKeys (ConfUtils.java:logGet(46)) - raft.server.storage.dir = [/home/runner/work/ratis/ratis/ratis-examples/target/test/data/6cc99a4c/MiniRaftClusterWithNettyeee6e424/s0] (custom)
2024-10-16 23:57:16,874 INFO  storage.RaftStorageDirectory (RaftStorageDirectoryImpl.java:analyzeStorage(138)) - The storage directory /home/runner/work/ratis/ratis/ratis-examples/target/test/data/6cc99a4c/MiniRaftClusterWithNettyeee6e424/s0/9a7bfbde-bf3d-4cd7-846e-2527c568f951 does not exist. Creating ...
2024-10-16 23:57:16,874 TRACE util.FileUtils (LogUtils.java:runAndLog(49)) - Successfully ran Files.createDirectories /home/runner/work/ratis/ratis/ratis-examples/target/test/data/6cc99a4c/MiniRaftClusterWithNettyeee6e424/s0/9a7bfbde-bf3d-4cd7-846e-2527c568f951
2024-10-16 23:57:16,876 INFO  storage.RaftStorageDirectory (RaftStorageDirectoryImpl.java:tryLock(229)) - Lock on /home/runner/work/ratis/ratis/ratis-examples/target/test/data/6cc99a4c/MiniRaftClusterWithNettyeee6e424/s0/9a7bfbde-bf3d-4cd7-846e-2527c568f951/in_use.lock acquired by nodename 14984@fv-az1433-785
2024-10-16 23:57:16,876 TRACE util.FileUtils (LogUtils.java:runAndLog(49)) - Successfully ran Files.createDirectories /home/runner/work/ratis/ratis/ratis-examples/target/test/data/6cc99a4c/MiniRaftClusterWithNettyeee6e424/s0/9a7bfbde-bf3d-4cd7-846e-2527c568f951/current
2024-10-16 23:57:16,876 TRACE util.FileUtils (LogUtils.java:runAndLog(49)) - Successfully ran Files.createDirectories /home/runner/work/ratis/ratis/ratis-examples/target/test/data/6cc99a4c/MiniRaftClusterWithNettyeee6e424/s0/9a7bfbde-bf3d-4cd7-846e-2527c568f951/sm
2024-10-16 23:57:16,876 TRACE util.FileUtils (LogUtils.java:supplyAndLog(69)) - Successfully supplied FileChannel.open /home/runner/work/ratis/ratis/ratis-examples/target/test/data/6cc99a4c/MiniRaftClusterWithNettyeee6e424/s0/9a7bfbde-bf3d-4cd7-846e-2527c568f951/current/raft-meta.tmp with options [CREATE, WRITE]: sun.nio.ch.FileChannelImpl@48c789c
2024-10-16 23:57:16,877 TRACE util.FileUtils (LogUtils.java:runAndLog(49)) - Successfully ran Atomic Files.move /home/runner/work/ratis/ratis/ratis-examples/target/test/data/6cc99a4c/MiniRaftClusterWithNettyeee6e424/s0/9a7bfbde-bf3d-4cd7-846e-2527c568f951/current/raft-meta.tmp to /home/runner/work/ratis/ratis/ratis-examples/target/test/data/6cc99a4c/MiniRaftClusterWithNettyeee6e424/s0/9a7bfbde-bf3d-4cd7-846e-2527c568f951/current/raft-meta with options [REPLACE_EXISTING]
2024-10-16 23:57:16,877 INFO  storage.RaftStorage (RaftStorageImpl.java:format(98)) - Storage directory /home/runner/work/ratis/ratis/ratis-examples/target/test/data/6cc99a4c/MiniRaftClusterWithNettyeee6e424/s0/9a7bfbde-bf3d-4cd7-846e-2527c568f951 has been successfully formatted.
2024-10-16 23:57:16,877 WARN  statemachine.StateMachine (ArithmeticStateMachine.java:loadSnapshot(115)) - The snapshot info is null.
2024-10-16 23:57:16,877 INFO  server.RaftServerConfigKeys (ConfUtils.java:logGet(46)) - raft.server.log.use.memory = false (default)
2024-10-16 23:57:16,877 INFO  server.RaftServerConfigKeys (ConfUtils.java:logGet(46)) - raft.server.log.purge.gap = 1024 (default)
2024-10-16 23:57:16,877 INFO  server.RaftServerConfigKeys (ConfUtils.java:logGet(46)) - raft.server.log.appender.buffer.byte-limit = 4MB (=4194304) (default)
2024-10-16 23:57:16,877 INFO  server.RaftServerConfigKeys (ConfUtils.java:logGet(46)) - raft.server.log.statemachine.data.read.timeout = 1000ms (default)
2024-10-16 23:57:16,877 INFO  server.RaftServerConfigKeys (ConfUtils.java:logGet(46)) - raft.server.log.purge.preservation.log.num = 0 (default)
2024-10-16 23:57:16,878 INFO  server.RaftServerConfigKeys (ConfUtils.java:logGet(46)) - raft.server.log.segment.size.max = 32MB (=33554432) (default)
2024-10-16 23:57:16,878 INFO  server.RaftServerConfigKeys (ConfUtils.java:logGet(46)) - raft.server.log.segment.cache.num.max = 6 (default)
2024-10-16 23:57:16,878 INFO  server.RaftServerConfigKeys (ConfUtils.java:logGet(46)) - raft.server.log.segment.cache.size.max = 200MB (=209715200) (default)
2024-10-16 23:57:16,878 INFO  server.RaftServerConfigKeys (ConfUtils.java:logGet(46)) - raft.server.log.appender.buffer.byte-limit = 4MB (=4194304) (default)
2024-10-16 23:57:16,878 INFO  util.AwaitToRun (AwaitToRun.java:start(81)) - Thread[s0@group-2527C568F951-cacheEviction-AwaitToRun,5,main] started
2024-10-16 23:57:16,878 INFO  segmented.SegmentedRaftLogWorker (SegmentedRaftLogWorker.java:<init>(188)) - new s0@group-2527C568F951-SegmentedRaftLogWorker for RaftStorageImpl:Storage Directory /home/runner/work/ratis/ratis/ratis-examples/target/test/data/6cc99a4c/MiniRaftClusterWithNettyeee6e424/s0/9a7bfbde-bf3d-4cd7-846e-2527c568f951
2024-10-16 23:57:16,878 INFO  server.RaftServerConfigKeys (ConfUtils.java:logGet(46)) - raft.server.log.queue.byte-limit = 64MB (=67108864) (default)
2024-10-16 23:57:16,878 INFO  server.RaftServerConfigKeys (ConfUtils.java:logGet(46)) - raft.server.log.queue.element-limit = 4096 (default)
2024-10-16 23:57:16,878 INFO  server.RaftServerConfigKeys (ConfUtils.java:logGet(46)) - raft.server.log.segment.size.max = 32MB (=33554432) (default)
2024-10-16 23:57:16,878 INFO  server.RaftServerConfigKeys (ConfUtils.java:logGet(46)) - raft.server.log.preallocated.size = 4MB (=4194304) (default)
2024-10-16 23:57:16,878 INFO  server.RaftServerConfigKeys (ConfUtils.java:logGet(46)) - raft.server.log.force.sync.num = 128 (default)
2024-10-16 23:57:16,878 INFO  server.RaftServerConfigKeys (ConfUtils.java:logGet(46)) - raft.server.log.statemachine.data.sync = true (default)
2024-10-16 23:57:16,878 INFO  server.RaftServerConfigKeys (ConfUtils.java:logGet(46)) - raft.server.log.statemachine.data.sync.timeout = 10s (default)
2024-10-16 23:57:16,879 INFO  server.RaftServerConfigKeys (ConfUtils.java:logGet(46)) - raft.server.log.statemachine.data.sync.timeout.retry = -1 (default)
2024-10-16 23:57:16,879 INFO  server.RaftServerConfigKeys (ConfUtils.java:logGet(46)) - raft.server.log.write.buffer.size = 8MB (=8388608) (default)
2024-10-16 23:57:16,879 INFO  server.RaftServerConfigKeys (ConfUtils.java:logGet(46)) - raft.server.log.appender.buffer.byte-limit = 4MB (=4194304) (default)
2024-10-16 23:57:16,879 INFO  server.RaftServerConfigKeys (ConfUtils.java:logGet(46)) - raft.server.log.unsafe-flush.enabled = false (default)
2024-10-16 23:57:16,879 INFO  server.RaftServerConfigKeys (ConfUtils.java:logGet(46)) - raft.server.log.async-flush.enabled = false (default)
2024-10-16 23:57:16,879 INFO  server.RaftServerConfigKeys (ConfUtils.java:logGet(46)) - raft.server.log.statemachine.data.caching.enabled = false (default)
2024-10-16 23:57:16,879 INFO  segmented.SegmentedRaftLogWorker (SegmentedRaftLogWorker.java:lambda$new$0(139)) - s0@group-2527C568F951-SegmentedRaftLogWorker: flushIndex: setUnconditionally 0 -> -1
2024-10-16 23:57:16,879 INFO  segmented.SegmentedRaftLogWorker (SegmentedRaftLogWorker.java:lambda$new$0(139)) - s0@group-2527C568F951-SegmentedRaftLogWorker: safeCacheEvictIndex: setUnconditionally 0 -> -1
2024-10-16 23:57:16,880 INFO  server.RaftServer$Division (RaftServerImpl.java:start(393)) - s0@group-2527C568F951: start as a follower, conf=conf: {index: -1, cur=peers:[s10|0.0.0.0:15025, s0|0.0.0.0:15015, s1|0.0.0.0:15016]|listeners:[], old=null}
2024-10-16 23:57:16,880 INFO  server.RaftServer$Division (RaftServerImpl.java:setRole(380)) - s0@group-2527C568F951: changes role from      null to FOLLOWER at term 0 for startAsFollower
2024-10-16 23:57:16,880 INFO  impl.RoleInfo (RoleInfo.java:updateAndGet(148)) - s0: start s0@group-2527C568F951-FollowerState
2024-10-16 23:57:16,880 INFO  server.RaftServerConfigKeys (ConfUtils.java:logFallback(53)) - raft.server.rpc.first-election.timeout.min = 300ms (fallback to raft.server.rpc.timeout.min)
2024-10-16 23:57:16,880 INFO  server.RaftServerConfigKeys (ConfUtils.java:logFallback(53)) - raft.server.rpc.first-election.timeout.max = 600ms (fallback to raft.server.rpc.timeout.max)
2024-10-16 23:57:16,880 INFO  util.JmxRegister (JmxRegister.java:tryRegister(44)) - Successfully registered JMX Bean with object name Ratis:service=RaftServer,group=group-2527C568F951,id=s0
2024-10-16 23:57:16,880 INFO  util.JmxRegister (JmxRegister.java:register(58)) - register mxBean class org.apache.ratis.server.impl.RaftServerJmxAdapter as Ratis:service=RaftServer,group=group-2527C568F951,id=s0
2024-10-16 23:57:16,880 INFO  server.RaftServerConfigKeys (ConfUtils.java:logGet(46)) - raft.server.snapshot.trigger-when-stop.enabled = true (default)
2024-10-16 23:57:16,880 INFO  server.RaftServerConfigKeys (ConfUtils.java:logGet(46)) - raft.server.snapshot.trigger-when-remove.enabled = true (default)
2024-10-16 23:57:16,880 INFO  server.RaftServerConfigKeys (ConfUtils.java:logGet(46)) - raft.server.snapshot.auto.trigger.enabled = false (default)
2024-10-16 23:57:16,880 INFO  server.RaftServerConfigKeys (ConfUtils.java:logGet(46)) - raft.server.snapshot.retention.file.num = -1 (default)
2024-10-16 23:57:16,880 INFO  server.RaftServerConfigKeys (ConfUtils.java:logGet(46)) - raft.server.log.purge.upto.snapshot.index = false (default)
2024-10-16 23:57:16,881 INFO  server.RaftServer$Division (RaftServerImpl.java:start(407)) - s0@group-2527C568F951: Successfully started.
2024-10-16 23:57:16,894 INFO  netty.NettyUtils (NettyUtils.java:newEventLoopGroup(74)) - Create EpollEventLoopGroup for client-F2041B18FC6D; Thread size is 0.
2024-10-16 23:57:16,896 INFO  logging.LoggingHandler (AbstractInternalLogger.java:log(148)) - [id: 0xb4b31492, L:/0.0.0.0:15016] READ: [id: 0x53bea825, L:/127.0.0.1:15016 - R:/127.0.0.1:42538]
2024-10-16 23:57:16,897 INFO  logging.LoggingHandler (AbstractInternalLogger.java:log(148)) - [id: 0xb4b31492, L:/0.0.0.0:15016] READ COMPLETE
2024-10-16 23:57:16,899 INFO  server.RaftServer$Division (RaftServerImpl.java:<init>(257)) - s1: new RaftServerImpl for group-2527C568F951:[s10|0.0.0.0:15025, s0|0.0.0.0:15015, s1|0.0.0.0:15016] with ArithmeticStateMachine:uninitialized
2024-10-16 23:57:16,899 INFO  server.RaftServerConfigKeys (ConfUtils.java:logGet(46)) - raft.server.rpc.timeout.min = 300ms (custom)
2024-10-16 23:57:16,899 INFO  server.RaftServerConfigKeys (ConfUtils.java:logGet(46)) - raft.server.rpc.timeout.max = 600ms (custom)
2024-10-16 23:57:16,899 INFO  server.RaftServerConfigKeys (ConfUtils.java:logGet(46)) - raft.server.rpc.sleep.time = 25ms (default)
2024-10-16 23:57:16,899 INFO  server.RaftServerConfigKeys (ConfUtils.java:logGet(46)) - raft.server.rpc.slowness.timeout = 60s (default)
2024-10-16 23:57:16,899 INFO  server.RaftServerConfigKeys (ConfUtils.java:logGet(46)) - raft.server.leaderelection.leader.step-down.wait-time = 10s (default)
2024-10-16 23:57:16,899 INFO  server.RaftServerConfigKeys (ConfUtils.java:logGet(46)) - raft.server.leaderelection.member.majority-add = false (default)
2024-10-16 23:57:16,899 INFO  server.RaftServerConfigKeys (ConfUtils.java:logGet(46)) - raft.server.sleep.deviation.threshold = 300ms (default)
2024-10-16 23:57:16,900 INFO  server.RaftServer$Division (ServerState.java:<init>(114)) - s1@group-2527C568F951: ConfigurationManager, init=conf: {index: -1, cur=peers:[s10|0.0.0.0:15025, s0|0.0.0.0:15015, s1|0.0.0.0:15016]|listeners:[], old=null}, confs=<EMPTY_MAP>
2024-10-16 23:57:16,900 INFO  server.RaftServerConfigKeys (ConfUtils.java:logGet(46)) - raft.server.notification.no-leader.timeout = 60s (default)
2024-10-16 23:57:16,900 INFO  server.RaftServerConfigKeys (ConfUtils.java:logGet(46)) - raft.server.read.timeout = 10s (default)
2024-10-16 23:57:16,900 INFO  server.RaftServerConfigKeys (ConfUtils.java:logGet(46)) - raft.server.retrycache.expirytime = 60s (default)
2024-10-16 23:57:16,900 INFO  server.RaftServerConfigKeys (ConfUtils.java:logGet(46)) - raft.server.retrycache.statistics.expirytime = 100ms (default)
2024-10-16 23:57:16,900 INFO  server.RaftServerConfigKeys (ConfUtils.java:logGet(46)) - raft.server.read.option = DEFAULT (default)
2024-10-16 23:57:16,900 INFO  server.RaftServerConfigKeys (ConfUtils.java:logGet(46)) - raft.server.read.read-after-write-consistent.write-index-cache.expiry-time = 60s (default)
2024-10-16 23:57:16,901 INFO  server.RaftServerConfigKeys (ConfUtils.java:logGet(46)) - raft.server.rpc.request.timeout = 3000ms (default)
2024-10-16 23:57:16,901 INFO  server.RaftServer (RaftServerProxy.java:addNew(101)) - s1: addNew group-2527C568F951:[s10|0.0.0.0:15025, s0|0.0.0.0:15015, s1|0.0.0.0:15016] returns group-2527C568F951:java.util.concurrent.CompletableFuture@26a095f5[Not completed]
2024-10-16 23:57:16,901 INFO  server.RaftServerConfigKeys (ConfUtils.java:logGet(46)) - raft.server.log.appender.install.snapshot.enabled = true (default)
2024-10-16 23:57:16,901 INFO  server.RaftServerConfigKeys (ConfUtils.java:logGet(46)) - raft.server.threadpool.server.cached = true (default)
2024-10-16 23:57:16,901 INFO  server.RaftServerConfigKeys (ConfUtils.java:logGet(46)) - raft.server.threadpool.server.size = 0 (default)
2024-10-16 23:57:16,901 INFO  server.RaftServerConfigKeys (ConfUtils.java:logGet(46)) - raft.server.threadpool.client.cached = true (default)
2024-10-16 23:57:16,901 INFO  server.RaftServerConfigKeys (ConfUtils.java:logGet(46)) - raft.server.threadpool.client.size = 0 (default)
2024-10-16 23:57:16,901 INFO  server.RaftServerConfigKeys (ConfUtils.java:logGet(46)) - raft.server.storage.free-space.min = 0MB (=0) (default)
2024-10-16 23:57:16,901 INFO  server.RaftServerConfigKeys (ConfUtils.java:logGet(46)) - raft.server.log.corruption.policy = EXCEPTION (default)
2024-10-16 23:57:16,901 INFO  server.RaftServerConfigKeys (ConfUtils.java:logGet(46)) - raft.server.storage.dir = [/home/runner/work/ratis/ratis/ratis-examples/target/test/data/6cc99a4c/MiniRaftClusterWithNettyeee6e424/s1] (custom)
2024-10-16 23:57:16,901 INFO  storage.RaftStorageDirectory (RaftStorageDirectoryImpl.java:analyzeStorage(138)) - The storage directory /home/runner/work/ratis/ratis/ratis-examples/target/test/data/6cc99a4c/MiniRaftClusterWithNettyeee6e424/s1/9a7bfbde-bf3d-4cd7-846e-2527c568f951 does not exist. Creating ...
2024-10-16 23:57:16,902 TRACE util.FileUtils (LogUtils.java:runAndLog(49)) - Successfully ran Files.createDirectories /home/runner/work/ratis/ratis/ratis-examples/target/test/data/6cc99a4c/MiniRaftClusterWithNettyeee6e424/s1/9a7bfbde-bf3d-4cd7-846e-2527c568f951
2024-10-16 23:57:16,902 INFO  storage.RaftStorageDirectory (RaftStorageDirectoryImpl.java:tryLock(229)) - Lock on /home/runner/work/ratis/ratis/ratis-examples/target/test/data/6cc99a4c/MiniRaftClusterWithNettyeee6e424/s1/9a7bfbde-bf3d-4cd7-846e-2527c568f951/in_use.lock acquired by nodename 14984@fv-az1433-785
2024-10-16 23:57:16,903 TRACE util.FileUtils (LogUtils.java:runAndLog(49)) - Successfully ran Files.createDirectories /home/runner/work/ratis/ratis/ratis-examples/target/test/data/6cc99a4c/MiniRaftClusterWithNettyeee6e424/s1/9a7bfbde-bf3d-4cd7-846e-2527c568f951/current
2024-10-16 23:57:16,903 TRACE util.FileUtils (LogUtils.java:runAndLog(49)) - Successfully ran Files.createDirectories /home/runner/work/ratis/ratis/ratis-examples/target/test/data/6cc99a4c/MiniRaftClusterWithNettyeee6e424/s1/9a7bfbde-bf3d-4cd7-846e-2527c568f951/sm
2024-10-16 23:57:16,903 TRACE util.FileUtils (LogUtils.java:supplyAndLog(69)) - Successfully supplied FileChannel.open /home/runner/work/ratis/ratis/ratis-examples/target/test/data/6cc99a4c/MiniRaftClusterWithNettyeee6e424/s1/9a7bfbde-bf3d-4cd7-846e-2527c568f951/current/raft-meta.tmp with options [CREATE, WRITE]: sun.nio.ch.FileChannelImpl@6c93de00
2024-10-16 23:57:16,908 TRACE util.FileUtils (LogUtils.java:runAndLog(49)) - Successfully ran Atomic Files.move /home/runner/work/ratis/ratis/ratis-examples/target/test/data/6cc99a4c/MiniRaftClusterWithNettyeee6e424/s1/9a7bfbde-bf3d-4cd7-846e-2527c568f951/current/raft-meta.tmp to /home/runner/work/ratis/ratis/ratis-examples/target/test/data/6cc99a4c/MiniRaftClusterWithNettyeee6e424/s1/9a7bfbde-bf3d-4cd7-846e-2527c568f951/current/raft-meta with options [REPLACE_EXISTING]
2024-10-16 23:57:16,908 INFO  storage.RaftStorage (RaftStorageImpl.java:format(98)) - Storage directory /home/runner/work/ratis/ratis/ratis-examples/target/test/data/6cc99a4c/MiniRaftClusterWithNettyeee6e424/s1/9a7bfbde-bf3d-4cd7-846e-2527c568f951 has been successfully formatted.
2024-10-16 23:57:16,908 WARN  statemachine.StateMachine (ArithmeticStateMachine.java:loadSnapshot(115)) - The snapshot info is null.
2024-10-16 23:57:16,908 INFO  server.RaftServerConfigKeys (ConfUtils.java:logGet(46)) - raft.server.log.use.memory = false (default)
2024-10-16 23:57:16,908 INFO  server.RaftServerConfigKeys (ConfUtils.java:logGet(46)) - raft.server.log.purge.gap = 1024 (default)
2024-10-16 23:57:16,908 INFO  server.RaftServerConfigKeys (ConfUtils.java:logGet(46)) - raft.server.log.appender.buffer.byte-limit = 4MB (=4194304) (default)
2024-10-16 23:57:16,909 INFO  server.RaftServerConfigKeys (ConfUtils.java:logGet(46)) - raft.server.log.statemachine.data.read.timeout = 1000ms (default)
2024-10-16 23:57:16,909 INFO  server.RaftServerConfigKeys (ConfUtils.java:logGet(46)) - raft.server.log.purge.preservation.log.num = 0 (default)
2024-10-16 23:57:16,909 INFO  server.RaftServerConfigKeys (ConfUtils.java:logGet(46)) - raft.server.log.segment.size.max = 32MB (=33554432) (default)
2024-10-16 23:57:16,909 INFO  server.RaftServerConfigKeys (ConfUtils.java:logGet(46)) - raft.server.log.segment.cache.num.max = 6 (default)
2024-10-16 23:57:16,909 INFO  server.RaftServerConfigKeys (ConfUtils.java:logGet(46)) - raft.server.log.segment.cache.size.max = 200MB (=209715200) (default)
2024-10-16 23:57:16,909 INFO  server.RaftServerConfigKeys (ConfUtils.java:logGet(46)) - raft.server.log.appender.buffer.byte-limit = 4MB (=4194304) (default)
2024-10-16 23:57:16,909 INFO  util.AwaitToRun (AwaitToRun.java:start(81)) - Thread[s1@group-2527C568F951-cacheEviction-AwaitToRun,5,main] started
2024-10-16 23:57:16,909 INFO  segmented.SegmentedRaftLogWorker (SegmentedRaftLogWorker.java:<init>(188)) - new s1@group-2527C568F951-SegmentedRaftLogWorker for RaftStorageImpl:Storage Directory /home/runner/work/ratis/ratis/ratis-examples/target/test/data/6cc99a4c/MiniRaftClusterWithNettyeee6e424/s1/9a7bfbde-bf3d-4cd7-846e-2527c568f951
2024-10-16 23:57:16,910 INFO  server.RaftServerConfigKeys (ConfUtils.java:logGet(46)) - raft.server.log.queue.byte-limit = 64MB (=67108864) (default)
2024-10-16 23:57:16,910 INFO  server.RaftServerConfigKeys (ConfUtils.java:logGet(46)) - raft.server.log.queue.element-limit = 4096 (default)
2024-10-16 23:57:16,910 INFO  server.RaftServerConfigKeys (ConfUtils.java:logGet(46)) - raft.server.log.segment.size.max = 32MB (=33554432) (default)
2024-10-16 23:57:16,910 INFO  server.RaftServerConfigKeys (ConfUtils.java:logGet(46)) - raft.server.log.preallocated.size = 4MB (=4194304) (default)
2024-10-16 23:57:16,910 INFO  server.RaftServerConfigKeys (ConfUtils.java:logGet(46)) - raft.server.log.force.sync.num = 128 (default)
2024-10-16 23:57:16,910 INFO  server.RaftServerConfigKeys (ConfUtils.java:logGet(46)) - raft.server.log.statemachine.data.sync = true (default)
2024-10-16 23:57:16,910 INFO  server.RaftServerConfigKeys (ConfUtils.java:logGet(46)) - raft.server.log.statemachine.data.sync.timeout = 10s (default)
2024-10-16 23:57:16,910 INFO  server.RaftServerConfigKeys (ConfUtils.java:logGet(46)) - raft.server.log.statemachine.data.sync.timeout.retry = -1 (default)
2024-10-16 23:57:16,910 INFO  server.RaftServerConfigKeys (ConfUtils.java:logGet(46)) - raft.server.log.write.buffer.size = 8MB (=8388608) (default)
2024-10-16 23:57:16,911 INFO  server.RaftServerConfigKeys (ConfUtils.java:logGet(46)) - raft.server.log.appender.buffer.byte-limit = 4MB (=4194304) (default)
2024-10-16 23:57:16,911 INFO  server.RaftServerConfigKeys (ConfUtils.java:logGet(46)) - raft.server.log.unsafe-flush.enabled = false (default)
2024-10-16 23:57:16,911 INFO  server.RaftServerConfigKeys (ConfUtils.java:logGet(46)) - raft.server.log.async-flush.enabled = false (default)
2024-10-16 23:57:16,911 INFO  server.RaftServerConfigKeys (ConfUtils.java:logGet(46)) - raft.server.log.statemachine.data.caching.enabled = false (default)
2024-10-16 23:57:16,911 INFO  segmented.SegmentedRaftLogWorker (SegmentedRaftLogWorker.java:lambda$new$0(139)) - s1@group-2527C568F951-SegmentedRaftLogWorker: flushIndex: setUnconditionally 0 -> -1
2024-10-16 23:57:16,911 INFO  segmented.SegmentedRaftLogWorker (SegmentedRaftLogWorker.java:lambda$new$0(139)) - s1@group-2527C568F951-SegmentedRaftLogWorker: safeCacheEvictIndex: setUnconditionally 0 -> -1
2024-10-16 23:57:16,913 INFO  server.RaftServer$Division (RaftServerImpl.java:start(393)) - s1@group-2527C568F951: start as a follower, conf=conf: {index: -1, cur=peers:[s10|0.0.0.0:15025, s0|0.0.0.0:15015, s1|0.0.0.0:15016]|listeners:[], old=null}
2024-10-16 23:57:16,913 INFO  server.RaftServer$Division (RaftServerImpl.java:setRole(380)) - s1@group-2527C568F951: changes role from      null to FOLLOWER at term 0 for startAsFollower
2024-10-16 23:57:16,913 INFO  impl.RoleInfo (RoleInfo.java:updateAndGet(148)) - s1: start s1@group-2527C568F951-FollowerState
2024-10-16 23:57:16,913 INFO  util.JmxRegister (JmxRegister.java:tryRegister(44)) - Successfully registered JMX Bean with object name Ratis:service=RaftServer,group=group-2527C568F951,id=s1
2024-10-16 23:57:16,913 INFO  util.JmxRegister (JmxRegister.java:register(58)) - register mxBean class org.apache.ratis.server.impl.RaftServerJmxAdapter as Ratis:service=RaftServer,group=group-2527C568F951,id=s1
2024-10-16 23:57:16,913 INFO  server.RaftServerConfigKeys (ConfUtils.java:logGet(46)) - raft.server.snapshot.trigger-when-stop.enabled = true (default)
2024-10-16 23:57:16,913 INFO  server.RaftServerConfigKeys (ConfUtils.java:logGet(46)) - raft.server.snapshot.trigger-when-remove.enabled = true (default)
2024-10-16 23:57:16,913 INFO  server.RaftServerConfigKeys (ConfUtils.java:logGet(46)) - raft.server.snapshot.auto.trigger.enabled = false (default)
2024-10-16 23:57:16,913 INFO  server.RaftServerConfigKeys (ConfUtils.java:logGet(46)) - raft.server.snapshot.retention.file.num = -1 (default)
2024-10-16 23:57:16,914 INFO  server.RaftServerConfigKeys (ConfUtils.java:logGet(46)) - raft.server.log.purge.upto.snapshot.index = false (default)
2024-10-16 23:57:16,914 INFO  server.RaftServerConfigKeys (ConfUtils.java:logFallback(53)) - raft.server.rpc.first-election.timeout.min = 300ms (fallback to raft.server.rpc.timeout.min)
2024-10-16 23:57:16,914 INFO  server.RaftServerConfigKeys (ConfUtils.java:logFallback(53)) - raft.server.rpc.first-election.timeout.max = 600ms (fallback to raft.server.rpc.timeout.max)
2024-10-16 23:57:16,914 INFO  server.RaftServer$Division (RaftServerImpl.java:start(407)) - s1@group-2527C568F951: Successfully started.
2024-10-16 23:57:16,924 INFO  netty.NettyUtils (NettyUtils.java:newEventLoopGroup(74)) - Create EpollEventLoopGroup for client-0009BFAA6CA5; Thread size is 0.
2024-10-16 23:57:16,928 INFO  logging.LoggingHandler (AbstractInternalLogger.java:log(148)) - [id: 0x386abc64, L:/0.0.0.0:15025] READ: [id: 0x3e03a606, L:/127.0.0.1:15025 - R:/127.0.0.1:58866]
2024-10-16 23:57:16,928 INFO  logging.LoggingHandler (AbstractInternalLogger.java:log(148)) - [id: 0x386abc64, L:/0.0.0.0:15025] READ COMPLETE
2024-10-16 23:57:16,929 INFO  server.RaftServer (RaftServerProxy.java:addNew(101)) - s10: addNew group-2527C568F951:[s10|0.0.0.0:15025, s0|0.0.0.0:15015, s1|0.0.0.0:15016] returns group-2527C568F951:java.util.concurrent.CompletableFuture@7638c2a[Not completed]
2024-10-16 23:57:16,929 INFO  server.RaftServer$Division (RaftServerImpl.java:<init>(257)) - s10: new RaftServerImpl for group-2527C568F951:[s10|0.0.0.0:15025, s0|0.0.0.0:15015, s1|0.0.0.0:15016] with ArithmeticStateMachine:uninitialized
2024-10-16 23:57:16,930 INFO  server.RaftServerConfigKeys (ConfUtils.java:logGet(46)) - raft.server.rpc.timeout.min = 300ms (custom)
2024-10-16 23:57:16,930 INFO  server.RaftServerConfigKeys (ConfUtils.java:logGet(46)) - raft.server.rpc.timeout.max = 600ms (custom)
2024-10-16 23:57:16,930 INFO  server.RaftServerConfigKeys (ConfUtils.java:logGet(46)) - raft.server.rpc.sleep.time = 25ms (default)
2024-10-16 23:57:16,930 INFO  server.RaftServerConfigKeys (ConfUtils.java:logGet(46)) - raft.server.rpc.slowness.timeout = 60s (default)
2024-10-16 23:57:16,930 INFO  server.RaftServerConfigKeys (ConfUtils.java:logGet(46)) - raft.server.leaderelection.leader.step-down.wait-time = 10s (default)
2024-10-16 23:57:16,930 INFO  server.RaftServerConfigKeys (ConfUtils.java:logGet(46)) - raft.server.leaderelection.member.majority-add = false (default)
2024-10-16 23:57:16,930 INFO  server.RaftServerConfigKeys (ConfUtils.java:logGet(46)) - raft.server.sleep.deviation.threshold = 300ms (default)
2024-10-16 23:57:16,930 INFO  server.RaftServer$Division (ServerState.java:<init>(114)) - s10@group-2527C568F951: ConfigurationManager, init=conf: {index: -1, cur=peers:[s10|0.0.0.0:15025, s0|0.0.0.0:15015, s1|0.0.0.0:15016]|listeners:[], old=null}, confs=<EMPTY_MAP>
2024-10-16 23:57:16,930 INFO  server.RaftServerConfigKeys (ConfUtils.java:logGet(46)) - raft.server.notification.no-leader.timeout = 60s (default)
2024-10-16 23:57:16,930 INFO  server.RaftServerConfigKeys (ConfUtils.java:logGet(46)) - raft.server.read.timeout = 10s (default)
2024-10-16 23:57:16,930 INFO  server.RaftServerConfigKeys (ConfUtils.java:logGet(46)) - raft.server.retrycache.expirytime = 60s (default)
2024-10-16 23:57:16,930 INFO  server.RaftServerConfigKeys (ConfUtils.java:logGet(46)) - raft.server.retrycache.statistics.expirytime = 100ms (default)
2024-10-16 23:57:16,930 INFO  server.RaftServerConfigKeys (ConfUtils.java:logGet(46)) - raft.server.read.option = DEFAULT (default)
2024-10-16 23:57:16,930 INFO  server.RaftServerConfigKeys (ConfUtils.java:logGet(46)) - raft.server.read.read-after-write-consistent.write-index-cache.expiry-time = 60s (default)
2024-10-16 23:57:16,931 INFO  server.RaftServerConfigKeys (ConfUtils.java:logGet(46)) - raft.server.rpc.request.timeout = 3000ms (default)
2024-10-16 23:57:16,931 INFO  server.RaftServerConfigKeys (ConfUtils.java:logGet(46)) - raft.server.log.appender.install.snapshot.enabled = true (default)
2024-10-16 23:57:16,931 INFO  server.RaftServerConfigKeys (ConfUtils.java:logGet(46)) - raft.server.threadpool.server.cached = true (default)
2024-10-16 23:57:16,931 INFO  server.RaftServerConfigKeys (ConfUtils.java:logGet(46)) - raft.server.threadpool.server.size = 0 (default)
2024-10-16 23:57:16,931 INFO  server.RaftServerConfigKeys (ConfUtils.java:logGet(46)) - raft.server.threadpool.client.cached = true (default)
2024-10-16 23:57:16,931 INFO  server.RaftServerConfigKeys (ConfUtils.java:logGet(46)) - raft.server.threadpool.client.size = 0 (default)
2024-10-16 23:57:16,932 INFO  server.RaftServerConfigKeys (ConfUtils.java:logGet(46)) - raft.server.storage.free-space.min = 0MB (=0) (default)
2024-10-16 23:57:16,932 INFO  server.RaftServerConfigKeys (ConfUtils.java:logGet(46)) - raft.server.log.corruption.policy = EXCEPTION (default)
2024-10-16 23:57:16,932 INFO  server.RaftServerConfigKeys (ConfUtils.java:logGet(46)) - raft.server.storage.dir = [/home/runner/work/ratis/ratis/ratis-examples/target/test/data/6cc99a4c/MiniRaftClusterWithNettyeee6e424/s10] (custom)
2024-10-16 23:57:16,932 INFO  storage.RaftStorageDirectory (RaftStorageDirectoryImpl.java:analyzeStorage(138)) - The storage directory /home/runner/work/ratis/ratis/ratis-examples/target/test/data/6cc99a4c/MiniRaftClusterWithNettyeee6e424/s10/9a7bfbde-bf3d-4cd7-846e-2527c568f951 does not exist. Creating ...
2024-10-16 23:57:16,932 TRACE util.FileUtils (LogUtils.java:runAndLog(49)) - Successfully ran Files.createDirectories /home/runner/work/ratis/ratis/ratis-examples/target/test/data/6cc99a4c/MiniRaftClusterWithNettyeee6e424/s10/9a7bfbde-bf3d-4cd7-846e-2527c568f951
2024-10-16 23:57:16,933 INFO  storage.RaftStorageDirectory (RaftStorageDirectoryImpl.java:tryLock(229)) - Lock on /home/runner/work/ratis/ratis/ratis-examples/target/test/data/6cc99a4c/MiniRaftClusterWithNettyeee6e424/s10/9a7bfbde-bf3d-4cd7-846e-2527c568f951/in_use.lock acquired by nodename 14984@fv-az1433-785
2024-10-16 23:57:16,933 TRACE util.FileUtils (LogUtils.java:runAndLog(49)) - Successfully ran Files.createDirectories /home/runner/work/ratis/ratis/ratis-examples/target/test/data/6cc99a4c/MiniRaftClusterWithNettyeee6e424/s10/9a7bfbde-bf3d-4cd7-846e-2527c568f951/current
2024-10-16 23:57:16,933 TRACE util.FileUtils (LogUtils.java:runAndLog(49)) - Successfully ran Files.createDirectories /home/runner/work/ratis/ratis/ratis-examples/target/test/data/6cc99a4c/MiniRaftClusterWithNettyeee6e424/s10/9a7bfbde-bf3d-4cd7-846e-2527c568f951/sm
2024-10-16 23:57:16,934 TRACE util.FileUtils (LogUtils.java:supplyAndLog(69)) - Successfully supplied FileChannel.open /home/runner/work/ratis/ratis/ratis-examples/target/test/data/6cc99a4c/MiniRaftClusterWithNettyeee6e424/s10/9a7bfbde-bf3d-4cd7-846e-2527c568f951/current/raft-meta.tmp with options [CREATE, WRITE]: sun.nio.ch.FileChannelImpl@402ba86f
2024-10-16 23:57:16,936 TRACE util.FileUtils (LogUtils.java:runAndLog(49)) - Successfully ran Atomic Files.move /home/runner/work/ratis/ratis/ratis-examples/target/test/data/6cc99a4c/MiniRaftClusterWithNettyeee6e424/s10/9a7bfbde-bf3d-4cd7-846e-2527c568f951/current/raft-meta.tmp to /home/runner/work/ratis/ratis/ratis-examples/target/test/data/6cc99a4c/MiniRaftClusterWithNettyeee6e424/s10/9a7bfbde-bf3d-4cd7-846e-2527c568f951/current/raft-meta with options [REPLACE_EXISTING]
2024-10-16 23:57:16,936 INFO  storage.RaftStorage (RaftStorageImpl.java:format(98)) - Storage directory /home/runner/work/ratis/ratis/ratis-examples/target/test/data/6cc99a4c/MiniRaftClusterWithNettyeee6e424/s10/9a7bfbde-bf3d-4cd7-846e-2527c568f951 has been successfully formatted.
2024-10-16 23:57:16,936 WARN  statemachine.StateMachine (ArithmeticStateMachine.java:loadSnapshot(115)) - The snapshot info is null.
2024-10-16 23:57:16,936 INFO  server.RaftServerConfigKeys (ConfUtils.java:logGet(46)) - raft.server.log.use.memory = false (default)
2024-10-16 23:57:16,936 INFO  server.RaftServerConfigKeys (ConfUtils.java:logGet(46)) - raft.server.log.purge.gap = 1024 (default)
2024-10-16 23:57:16,936 INFO  server.RaftServerConfigKeys (ConfUtils.java:logGet(46)) - raft.server.log.appender.buffer.byte-limit = 4MB (=4194304) (default)
2024-10-16 23:57:16,936 INFO  server.RaftServerConfigKeys (ConfUtils.java:logGet(46)) - raft.server.log.statemachine.data.read.timeout = 1000ms (default)
2024-10-16 23:57:16,937 INFO  server.RaftServerConfigKeys (ConfUtils.java:logGet(46)) - raft.server.log.purge.preservation.log.num = 0 (default)
2024-10-16 23:57:16,937 INFO  server.RaftServerConfigKeys (ConfUtils.java:logGet(46)) - raft.server.log.segment.size.max = 32MB (=33554432) (default)
2024-10-16 23:57:16,937 INFO  server.RaftServerConfigKeys (ConfUtils.java:logGet(46)) - raft.server.log.segment.cache.num.max = 6 (default)
2024-10-16 23:57:16,937 INFO  server.RaftServerConfigKeys (ConfUtils.java:logGet(46)) - raft.server.log.segment.cache.size.max = 200MB (=209715200) (default)
2024-10-16 23:57:16,937 INFO  server.RaftServerConfigKeys (ConfUtils.java:logGet(46)) - raft.server.log.appender.buffer.byte-limit = 4MB (=4194304) (default)
2024-10-16 23:57:16,937 INFO  util.AwaitToRun (AwaitToRun.java:start(81)) - Thread[s10@group-2527C568F951-cacheEviction-AwaitToRun,5,main] started
2024-10-16 23:57:16,937 INFO  segmented.SegmentedRaftLogWorker (SegmentedRaftLogWorker.java:<init>(188)) - new s10@group-2527C568F951-SegmentedRaftLogWorker for RaftStorageImpl:Storage Directory /home/runner/work/ratis/ratis/ratis-examples/target/test/data/6cc99a4c/MiniRaftClusterWithNettyeee6e424/s10/9a7bfbde-bf3d-4cd7-846e-2527c568f951
2024-10-16 23:57:16,938 INFO  server.RaftServerConfigKeys (ConfUtils.java:logGet(46)) - raft.server.log.queue.byte-limit = 64MB (=67108864) (default)
2024-10-16 23:57:16,938 INFO  server.RaftServerConfigKeys (ConfUtils.java:logGet(46)) - raft.server.log.queue.element-limit = 4096 (default)
2024-10-16 23:57:16,938 INFO  server.RaftServerConfigKeys (ConfUtils.java:logGet(46)) - raft.server.log.segment.size.max = 32MB (=33554432) (default)
2024-10-16 23:57:16,938 INFO  server.RaftServerConfigKeys (ConfUtils.java:logGet(46)) - raft.server.log.preallocated.size = 4MB (=4194304) (default)
2024-10-16 23:57:16,938 INFO  server.RaftServerConfigKeys (ConfUtils.java:logGet(46)) - raft.server.log.force.sync.num = 128 (default)
2024-10-16 23:57:16,938 INFO  server.RaftServerConfigKeys (ConfUtils.java:logGet(46)) - raft.server.log.statemachine.data.sync = true (default)
2024-10-16 23:57:16,938 INFO  server.RaftServerConfigKeys (ConfUtils.java:logGet(46)) - raft.server.log.statemachine.data.sync.timeout = 10s (default)
2024-10-16 23:57:16,938 INFO  server.RaftServerConfigKeys (ConfUtils.java:logGet(46)) - raft.server.log.statemachine.data.sync.timeout.retry = -1 (default)
2024-10-16 23:57:16,938 INFO  server.RaftServerConfigKeys (ConfUtils.java:logGet(46)) - raft.server.log.write.buffer.size = 8MB (=8388608) (default)
2024-10-16 23:57:16,941 INFO  server.RaftServerConfigKeys (ConfUtils.java:logGet(46)) - raft.server.log.appender.buffer.byte-limit = 4MB (=4194304) (default)
2024-10-16 23:57:16,941 INFO  server.RaftServerConfigKeys (ConfUtils.java:logGet(46)) - raft.server.log.unsafe-flush.enabled = false (default)
2024-10-16 23:57:16,941 INFO  server.RaftServerConfigKeys (ConfUtils.java:logGet(46)) - raft.server.log.async-flush.enabled = false (default)
2024-10-16 23:57:16,941 INFO  server.RaftServerConfigKeys (ConfUtils.java:logGet(46)) - raft.server.log.statemachine.data.caching.enabled = false (default)
2024-10-16 23:57:16,941 INFO  segmented.SegmentedRaftLogWorker (SegmentedRaftLogWorker.java:lambda$new$0(139)) - s10@group-2527C568F951-SegmentedRaftLogWorker: flushIndex: setUnconditionally 0 -> -1
2024-10-16 23:57:16,941 INFO  segmented.SegmentedRaftLogWorker (SegmentedRaftLogWorker.java:lambda$new$0(139)) - s10@group-2527C568F951-SegmentedRaftLogWorker: safeCacheEvictIndex: setUnconditionally 0 -> -1
2024-10-16 23:57:16,941 INFO  server.RaftServer$Division (RaftServerImpl.java:start(393)) - s10@group-2527C568F951: start as a follower, conf=conf: {index: -1, cur=peers:[s10|0.0.0.0:15025, s0|0.0.0.0:15015, s1|0.0.0.0:15016]|listeners:[], old=null}
2024-10-16 23:57:16,941 INFO  server.RaftServer$Division (RaftServerImpl.java:setRole(380)) - s10@group-2527C568F951: changes role from      null to FOLLOWER at term 0 for startAsFollower
2024-10-16 23:57:16,941 INFO  impl.RoleInfo (RoleInfo.java:updateAndGet(148)) - s10: start s10@group-2527C568F951-FollowerState
2024-10-16 23:57:16,942 INFO  server.RaftServerConfigKeys (ConfUtils.java:logFallback(53)) - raft.server.rpc.first-election.timeout.min = 300ms (fallback to raft.server.rpc.timeout.min)
2024-10-16 23:57:16,942 INFO  server.RaftServerConfigKeys (ConfUtils.java:logFallback(53)) - raft.server.rpc.first-election.timeout.max = 600ms (fallback to raft.server.rpc.timeout.max)
2024-10-16 23:57:16,942 INFO  util.JmxRegister (JmxRegister.java:tryRegister(44)) - Successfully registered JMX Bean with object name Ratis:service=RaftServer,group=group-2527C568F951,id=s10
2024-10-16 23:57:16,942 INFO  util.JmxRegister (JmxRegister.java:register(58)) - register mxBean class org.apache.ratis.server.impl.RaftServerJmxAdapter as Ratis:service=RaftServer,group=group-2527C568F951,id=s10
2024-10-16 23:57:16,942 INFO  server.RaftServerConfigKeys (ConfUtils.java:logGet(46)) - raft.server.snapshot.trigger-when-stop.enabled = true (default)
2024-10-16 23:57:16,942 INFO  server.RaftServerConfigKeys (ConfUtils.java:logGet(46)) - raft.server.snapshot.trigger-when-remove.enabled = true (default)
2024-10-16 23:57:16,942 INFO  server.RaftServerConfigKeys (ConfUtils.java:logGet(46)) - raft.server.snapshot.auto.trigger.enabled = false (default)
2024-10-16 23:57:16,942 INFO  server.RaftServerConfigKeys (ConfUtils.java:logGet(46)) - raft.server.snapshot.retention.file.num = -1 (default)
2024-10-16 23:57:16,942 INFO  server.RaftServerConfigKeys (ConfUtils.java:logGet(46)) - raft.server.log.purge.upto.snapshot.index = false (default)
2024-10-16 23:57:16,942 INFO  server.RaftServer$Division (RaftServerImpl.java:start(407)) - s10@group-2527C568F951: Successfully started.
2024-10-16 23:57:16,948 INFO  server.RaftServerConfigKeys (ConfUtils.java:logGet(46)) - raft.server.rpc.timeout.max = 600ms (custom)
2024-10-16 23:57:16,948 INFO  ratis.RaftTestUtil (RaftTestUtil.java:waitForLeader(107)) - printing group-2527C568F951
  s10:  RUNNING [
   FOLLOWER s10@group-9EBC86A0B11D:t0, leader=null, voted=, raftlog=Memoized:s10@group-9EBC86A0B11D-SegmentedRaftLog:OPENED:c-1:lastnull, conf=conf: {index: -1, cur=peers:[]|listeners:[], old=null} STARTING
   FOLLOWER s10@group-2527C568F951:t0, leader=null, voted=, raftlog=Memoized:s10@group-2527C568F951-SegmentedRaftLog:OPENED:c-1:lastnull, conf=conf: {index: -1, cur=peers:[s10|0.0.0.0:15025, s0|0.0.0.0:15015, s1|0.0.0.0:15016]|listeners:[], old=null} RUNNING] size=2
  s0:  RUNNING [
   FOLLOWER s0@group-9EBC86A0B11D:t0, leader=null, voted=, raftlog=Memoized:s0@group-9EBC86A0B11D-SegmentedRaftLog:OPENED:c-1:lastnull, conf=conf: {index: -1, cur=peers:[]|listeners:[], old=null} STARTING
   FOLLOWER s0@group-2527C568F951:t0, leader=null, voted=, raftlog=Memoized:s0@group-2527C568F951-SegmentedRaftLog:OPENED:c-1:lastnull, conf=conf: {index: -1, cur=peers:[s10|0.0.0.0:15025, s0|0.0.0.0:15015, s1|0.0.0.0:15016]|listeners:[], old=null} RUNNING] size=2
  s1:  RUNNING [
   FOLLOWER s1@group-9EBC86A0B11D:t0, leader=null, voted=, raftlog=Memoized:s1@group-9EBC86A0B11D-SegmentedRaftLog:OPENED:c-1:lastnull, conf=conf: {index: -1, cur=peers:[]|listeners:[], old=null} STARTING
   FOLLOWER s1@group-2527C568F951:t0, leader=null, voted=, raftlog=Memoized:s1@group-2527C568F951-SegmentedRaftLog:OPENED:c-1:lastnull, conf=conf: {index: -1, cur=peers:[s10|0.0.0.0:15025, s0|0.0.0.0:15015, s1|0.0.0.0:15016]|listeners:[], old=null} RUNNING] size=2
2024-10-16 23:57:16,949 WARN  ratis.RaftTestUtil (RaftTestUtil.java:lambda$waitForLeader$3(126)) - Attempt #1 failed: java.lang.IllegalStateException: No leader yet  for group-2527C568F951: printing group-2527C568F951
  s10:  RUNNING [
   FOLLOWER s10@group-9EBC86A0B11D:t0, leader=null, voted=, raftlog=Memoized:s10@group-9EBC86A0B11D-SegmentedRaftLog:OPENED:c-1:lastnull, conf=conf: {index: -1, cur=peers:[]|listeners:[], old=null} STARTING
   FOLLOWER s10@group-2527C568F951:t0, leader=null, voted=, raftlog=Memoized:s10@group-2527C568F951-SegmentedRaftLog:OPENED:c-1:lastnull, conf=conf: {index: -1, cur=peers:[s10|0.0.0.0:15025, s0|0.0.0.0:15015, s1|0.0.0.0:15016]|listeners:[], old=null} RUNNING] size=2
  s0:  RUNNING [
   FOLLOWER s0@group-9EBC86A0B11D:t0, leader=null, voted=, raftlog=Memoized:s0@group-9EBC86A0B11D-SegmentedRaftLog:OPENED:c-1:lastnull, conf=conf: {index: -1, cur=peers:[]|listeners:[], old=null} STARTING
   FOLLOWER s0@group-2527C568F951:t0, leader=null, voted=, raftlog=Memoized:s0@group-2527C568F951-SegmentedRaftLog:OPENED:c-1:lastnull, conf=conf: {index: -1, cur=peers:[s10|0.0.0.0:15025, s0|0.0.0.0:15015, s1|0.0.0.0:15016]|listeners:[], old=null} RUNNING] size=2
  s1:  RUNNING [
   FOLLOWER s1@group-9EBC86A0B11D:t0, leader=null, voted=, raftlog=Memoized:s1@group-9EBC86A0B11D-SegmentedRaftLog:OPENED:c-1:lastnull, conf=conf: {index: -1, cur=peers:[]|listeners:[], old=null} STARTING
   FOLLOWER s1@group-2527C568F951:t0, leader=null, voted=, raftlog=Memoized:s1@group-2527C568F951-SegmentedRaftLog:OPENED:c-1:lastnull, conf=conf: {index: -1, cur=peers:[s10|0.0.0.0:15025, s0|0.0.0.0:15015, s1|0.0.0.0:15016]|listeners:[], old=null} RUNNING] size=2
2024-10-16 23:57:17,383 INFO  impl.FollowerState (FollowerState.java:runImpl(161)) - s0@group-2527C568F951-FollowerState: change to CANDIDATE, lastRpcElapsedTime:503472561ns, electionTimeout:503ms
2024-10-16 23:57:17,383 INFO  impl.RoleInfo (RoleInfo.java:shutdownFollowerState(121)) - s0: shutdown s0@group-2527C568F951-FollowerState
2024-10-16 23:57:17,383 INFO  server.RaftServer$Division (RaftServerImpl.java:setRole(380)) - s0@group-2527C568F951: changes role from  FOLLOWER to CANDIDATE at term 0 for changeToCandidate
2024-10-16 23:57:17,383 INFO  server.RaftServerConfigKeys (ConfUtils.java:logGet(46)) - raft.server.leaderelection.pre-vote = true (default)
2024-10-16 23:57:17,383 INFO  impl.RoleInfo (RoleInfo.java:updateAndGet(148)) - s0: start s0@group-2527C568F951-LeaderElection18
2024-10-16 23:57:17,384 INFO  impl.LeaderElection (LeaderElection.java:askForVotes(333)) - s0@group-2527C568F951-LeaderElection18 PRE_VOTE round 0: submit vote requests at term 0 for conf: {index: -1, cur=peers:[s10|0.0.0.0:15025, s0|0.0.0.0:15015, s1|0.0.0.0:15016]|listeners:[], old=null}
2024-10-16 23:57:17,384 INFO  server.RaftServerConfigKeys (ConfUtils.java:logFallback(53)) - raft.server.rpc.first-election.timeout.min = 300ms (fallback to raft.server.rpc.timeout.min)
2024-10-16 23:57:17,384 INFO  server.RaftServerConfigKeys (ConfUtils.java:logFallback(53)) - raft.server.rpc.first-election.timeout.max = 600ms (fallback to raft.server.rpc.timeout.max)
2024-10-16 23:57:17,386 INFO  logging.LoggingHandler (AbstractInternalLogger.java:log(148)) - [id: 0xb4b31492, L:/0.0.0.0:15016] READ: [id: 0x3080678a, L:/127.0.0.1:15016 - R:/127.0.0.1:42542]
2024-10-16 23:57:17,386 INFO  logging.LoggingHandler (AbstractInternalLogger.java:log(148)) - [id: 0x386abc64, L:/0.0.0.0:15025] READ: [id: 0x9bb757cc, L:/127.0.0.1:15025 - R:/127.0.0.1:58878]
2024-10-16 23:57:17,387 INFO  logging.LoggingHandler (AbstractInternalLogger.java:log(148)) - [id: 0xb4b31492, L:/0.0.0.0:15016] READ COMPLETE
2024-10-16 23:57:17,387 INFO  logging.LoggingHandler (AbstractInternalLogger.java:log(148)) - [id: 0x386abc64, L:/0.0.0.0:15025] READ COMPLETE
2024-10-16 23:57:17,387 INFO  server.RaftServer$Division (RaftServerImpl.java:requestVote(1447)) - s1@group-2527C568F951: receive requestVote(PRE_VOTE, s0, group-2527C568F951, 0, (t:0, i:0))
2024-10-16 23:57:17,388 INFO  impl.VoteContext (VoteContext.java:log(49)) - s1@group-2527C568F951-FOLLOWER: accept PRE_VOTE from s0: our priority 0 <= candidate's priority 0
2024-10-16 23:57:17,388 INFO  server.RaftServer$Division (RaftServerImpl.java:requestVote(1480)) - s1@group-2527C568F951 replies to PRE_VOTE vote request: s0<-s1#0:OK-t0. Peer's state: s1@group-2527C568F951:t0, leader=null, voted=, raftlog=Memoized:s1@group-2527C568F951-SegmentedRaftLog:OPENED:c-1:lastnull, conf=conf: {index: -1, cur=peers:[s10|0.0.0.0:15025, s0|0.0.0.0:15015, s1|0.0.0.0:15016]|listeners:[], old=null}
2024-10-16 23:57:17,389 INFO  server.RaftServer$Division (RaftServerImpl.java:requestVote(1447)) - s10@group-2527C568F951: receive requestVote(PRE_VOTE, s0, group-2527C568F951, 0, (t:0, i:0))
2024-10-16 23:57:17,389 INFO  impl.VoteContext (VoteContext.java:log(49)) - s10@group-2527C568F951-FOLLOWER: accept PRE_VOTE from s0: our priority 0 <= candidate's priority 0
2024-10-16 23:57:17,389 INFO  server.RaftServer$Division (RaftServerImpl.java:requestVote(1480)) - s10@group-2527C568F951 replies to PRE_VOTE vote request: s0<-s10#0:OK-t0. Peer's state: s10@group-2527C568F951:t0, leader=null, voted=, raftlog=Memoized:s10@group-2527C568F951-SegmentedRaftLog:OPENED:c-1:lastnull, conf=conf: {index: -1, cur=peers:[s10|0.0.0.0:15025, s0|0.0.0.0:15015, s1|0.0.0.0:15016]|listeners:[], old=null}
2024-10-16 23:57:17,389 INFO  impl.LeaderElection (LeaderElection.java:logAndReturn(90)) - s0@group-2527C568F951-LeaderElection18: PRE_VOTE PASSED received 1 response(s) and 0 exception(s):
2024-10-16 23:57:17,389 INFO  impl.LeaderElection (LeaderElection.java:logAndReturn(94)) -   Response 0: s0<-s1#0:OK-t0
2024-10-16 23:57:17,389 INFO  impl.LeaderElection (LeaderElection.java:askForVotes(335)) - s0@group-2527C568F951-LeaderElection18 PRE_VOTE round 0: result PASSED
2024-10-16 23:57:17,390 TRACE util.FileUtils (LogUtils.java:supplyAndLog(69)) - Successfully supplied FileChannel.open /home/runner/work/ratis/ratis/ratis-examples/target/test/data/6cc99a4c/MiniRaftClusterWithNettyeee6e424/s0/9a7bfbde-bf3d-4cd7-846e-2527c568f951/current/raft-meta.tmp with options [CREATE, WRITE]: sun.nio.ch.FileChannelImpl@287b3a3
2024-10-16 23:57:17,393 TRACE util.FileUtils (LogUtils.java:runAndLog(49)) - Successfully ran Atomic Files.move /home/runner/work/ratis/ratis/ratis-examples/target/test/data/6cc99a4c/MiniRaftClusterWithNettyeee6e424/s0/9a7bfbde-bf3d-4cd7-846e-2527c568f951/current/raft-meta.tmp to /home/runner/work/ratis/ratis/ratis-examples/target/test/data/6cc99a4c/MiniRaftClusterWithNettyeee6e424/s0/9a7bfbde-bf3d-4cd7-846e-2527c568f951/current/raft-meta with options [REPLACE_EXISTING]
2024-10-16 23:57:17,393 INFO  impl.LeaderElection (LeaderElection.java:askForVotes(333)) - s0@group-2527C568F951-LeaderElection18 ELECTION round 0: submit vote requests at term 1 for conf: {index: -1, cur=peers:[s10|0.0.0.0:15025, s0|0.0.0.0:15015, s1|0.0.0.0:15016]|listeners:[], old=null}
2024-10-16 23:57:17,393 INFO  server.RaftServerConfigKeys (ConfUtils.java:logFallback(53)) - raft.server.rpc.first-election.timeout.min = 300ms (fallback to raft.server.rpc.timeout.min)
2024-10-16 23:57:17,393 INFO  server.RaftServerConfigKeys (ConfUtils.java:logFallback(53)) - raft.server.rpc.first-election.timeout.max = 600ms (fallback to raft.server.rpc.timeout.max)
2024-10-16 23:57:17,394 INFO  server.RaftServer$Division (RaftServerImpl.java:requestVote(1447)) - s1@group-2527C568F951: receive requestVote(ELECTION, s0, group-2527C568F951, 1, (t:0, i:0))
2024-10-16 23:57:17,394 INFO  impl.VoteContext (VoteContext.java:log(49)) - s1@group-2527C568F951-FOLLOWER: accept ELECTION from s0: our priority 0 <= candidate's priority 0
2024-10-16 23:57:17,394 INFO  server.RaftServer$Division (RaftServerImpl.java:requestVote(1447)) - s10@group-2527C568F951: receive requestVote(ELECTION, s0, group-2527C568F951, 1, (t:0, i:0))
2024-10-16 23:57:17,394 INFO  server.RaftServer$Division (RaftServerImpl.java:setRole(380)) - s1@group-2527C568F951: changes role from  FOLLOWER to FOLLOWER at term 0 for candidate:s0
2024-10-16 23:57:17,394 INFO  impl.RoleInfo (RoleInfo.java:shutdownFollowerState(121)) - s1: shutdown s1@group-2527C568F951-FollowerState
2024-10-16 23:57:17,394 INFO  impl.VoteContext (VoteContext.java:log(49)) - s10@group-2527C568F951-FOLLOWER: accept ELECTION from s0: our priority 0 <= candidate's priority 0
2024-10-16 23:57:17,395 INFO  impl.FollowerState (FollowerState.java:runImpl(170)) - s1@group-2527C568F951-FollowerState was interrupted
2024-10-16 23:57:17,394 INFO  impl.RoleInfo (RoleInfo.java:updateAndGet(148)) - s1: start s1@group-2527C568F951-FollowerState
2024-10-16 23:57:17,395 INFO  server.RaftServer$Division (RaftServerImpl.java:setRole(380)) - s10@group-2527C568F951: changes role from  FOLLOWER to FOLLOWER at term 0 for candidate:s0
2024-10-16 23:57:17,395 INFO  impl.RoleInfo (RoleInfo.java:shutdownFollowerState(121)) - s10: shutdown s10@group-2527C568F951-FollowerState
2024-10-16 23:57:17,395 INFO  server.RaftServer$Division (RaftServerImpl.java:setFirstElection(564)) - s1@group-2527C568F951: set firstElectionSinceStartup to false for candidate:s0
2024-10-16 23:57:17,395 INFO  impl.FollowerState (FollowerState.java:runImpl(170)) - s10@group-2527C568F951-FollowerState was interrupted
2024-10-16 23:57:17,395 TRACE util.FileUtils (LogUtils.java:supplyAndLog(69)) - Successfully supplied FileChannel.open /home/runner/work/ratis/ratis/ratis-examples/target/test/data/6cc99a4c/MiniRaftClusterWithNettyeee6e424/s1/9a7bfbde-bf3d-4cd7-846e-2527c568f951/current/raft-meta.tmp with options [CREATE, WRITE]: sun.nio.ch.FileChannelImpl@36929914
2024-10-16 23:57:17,395 INFO  impl.RoleInfo (RoleInfo.java:updateAndGet(148)) - s10: start s10@group-2527C568F951-FollowerState
2024-10-16 23:57:17,395 INFO  server.RaftServer$Division (RaftServerImpl.java:setFirstElection(564)) - s10@group-2527C568F951: set firstElectionSinceStartup to false for candidate:s0
2024-10-16 23:57:17,397 TRACE util.FileUtils (LogUtils.java:supplyAndLog(69)) - Successfully supplied FileChannel.open /home/runner/work/ratis/ratis/ratis-examples/target/test/data/6cc99a4c/MiniRaftClusterWithNettyeee6e424/s10/9a7bfbde-bf3d-4cd7-846e-2527c568f951/current/raft-meta.tmp with options [CREATE, WRITE]: sun.nio.ch.FileChannelImpl@6bb1f0d6
2024-10-16 23:57:17,397 TRACE util.FileUtils (LogUtils.java:runAndLog(49)) - Successfully ran Atomic Files.move /home/runner/work/ratis/ratis/ratis-examples/target/test/data/6cc99a4c/MiniRaftClusterWithNettyeee6e424/s1/9a7bfbde-bf3d-4cd7-846e-2527c568f951/current/raft-meta.tmp to /home/runner/work/ratis/ratis/ratis-examples/target/test/data/6cc99a4c/MiniRaftClusterWithNettyeee6e424/s1/9a7bfbde-bf3d-4cd7-846e-2527c568f951/current/raft-meta with options [REPLACE_EXISTING]
2024-10-16 23:57:17,398 INFO  server.RaftServer$Division (RaftServerImpl.java:requestVote(1480)) - s1@group-2527C568F951 replies to ELECTION vote request: s0<-s1#0:OK-t1. Peer's state: s1@group-2527C568F951:t1, leader=null, voted=s0, raftlog=Memoized:s1@group-2527C568F951-SegmentedRaftLog:OPENED:c-1:lastnull, conf=conf: {index: -1, cur=peers:[s10|0.0.0.0:15025, s0|0.0.0.0:15015, s1|0.0.0.0:15016]|listeners:[], old=null}
2024-10-16 23:57:17,399 TRACE util.FileUtils (LogUtils.java:runAndLog(49)) - Successfully ran Atomic Files.move /home/runner/work/ratis/ratis/ratis-examples/target/test/data/6cc99a4c/MiniRaftClusterWithNettyeee6e424/s10/9a7bfbde-bf3d-4cd7-846e-2527c568f951/current/raft-meta.tmp to /home/runner/work/ratis/ratis/ratis-examples/target/test/data/6cc99a4c/MiniRaftClusterWithNettyeee6e424/s10/9a7bfbde-bf3d-4cd7-846e-2527c568f951/current/raft-meta with options [REPLACE_EXISTING]
2024-10-16 23:57:17,399 INFO  server.RaftServer$Division (RaftServerImpl.java:requestVote(1480)) - s10@group-2527C568F951 replies to ELECTION vote request: s0<-s10#0:OK-t1. Peer's state: s10@group-2527C568F951:t1, leader=null, voted=s0, raftlog=Memoized:s10@group-2527C568F951-SegmentedRaftLog:OPENED:c-1:lastnull, conf=conf: {index: -1, cur=peers:[s10|0.0.0.0:15025, s0|0.0.0.0:15015, s1|0.0.0.0:15016]|listeners:[], old=null}
2024-10-16 23:57:17,399 INFO  impl.LeaderElection (LeaderElection.java:logAndReturn(90)) - s0@group-2527C568F951-LeaderElection18: ELECTION PASSED received 1 response(s) and 0 exception(s):
2024-10-16 23:57:17,399 INFO  impl.LeaderElection (LeaderElection.java:logAndReturn(94)) -   Response 0: s0<-s10#0:OK-t1
2024-10-16 23:57:17,399 INFO  impl.LeaderElection (LeaderElection.java:askForVotes(335)) - s0@group-2527C568F951-LeaderElection18 ELECTION round 0: result PASSED
2024-10-16 23:57:17,399 INFO  impl.RoleInfo (RoleInfo.java:shutdownLeaderElection(141)) - s0: shutdown s0@group-2527C568F951-LeaderElection18
2024-10-16 23:57:17,399 INFO  server.RaftServer$Division (RaftServerImpl.java:setRole(380)) - s0@group-2527C568F951: changes role from CANDIDATE to LEADER at term 1 for changeToLeader
2024-10-16 23:57:17,399 INFO  server.RaftServerConfigKeys (ConfUtils.java:logGet(46)) - raft.server.staging.catchup.gap = 1000 (default)
2024-10-16 23:57:17,399 INFO  server.RaftServerConfigKeys (ConfUtils.java:logGet(46)) - raft.server.write.element-limit = 4096 (default)
2024-10-16 23:57:17,399 INFO  server.RaftServerConfigKeys (ConfUtils.java:logGet(46)) - raft.server.write.byte-limit = 64MB (=67108864) (default)
2024-10-16 23:57:17,400 INFO  server.RaftServerConfigKeys (ConfUtils.java:logGet(46)) - raft.server.watch.timeout = 10s (default)
2024-10-16 23:57:17,400 INFO  server.RaftServerConfigKeys (ConfUtils.java:logGet(46)) - raft.server.watch.timeout.denomination = 1s (default)
2024-10-16 23:57:17,400 INFO  server.RaftServerConfigKeys (ConfUtils.java:logGet(46)) - raft.server.watch.element-limit = 65536 (default)
2024-10-16 23:57:17,400 INFO  server.RaftServerConfigKeys (ConfUtils.java:logGet(46)) - raft.server.read.leader.lease.enabled = false (default)
2024-10-16 23:57:17,400 INFO  server.RaftServerConfigKeys (ConfUtils.java:logGet(46)) - raft.server.read.leader.lease.timeout.ratio = 0.9 (default)
2024-10-16 23:57:17,400 INFO  server.RaftServerConfigKeys (ConfUtils.java:logGet(46)) - raft.server.rpc.timeout.min = 300ms (custom)
2024-10-16 23:57:17,400 INFO  server.RaftServerConfigKeys (ConfUtils.java:logGet(46)) - raft.server.log.log-metadata.enabled = true (default)
2024-10-16 23:57:17,400 INFO  server.RaftServerConfigKeys (ConfUtils.java:logGet(46)) - raft.server.write.element-limit = 4096 (default)
2024-10-16 23:57:17,400 INFO  server.RaftServerConfigKeys (ConfUtils.java:logGet(46)) - raft.server.write.follower.gap.ratio.max = -1.0 (default)
2024-10-16 23:57:17,400 INFO  server.RaftServerConfigKeys (ConfUtils.java:logGet(46)) - raft.server.log.appender.snapshot.chunk.size.max = 16MB (=16777216) (default)
2024-10-16 23:57:17,400 INFO  server.RaftServerConfigKeys (ConfUtils.java:logGet(46)) - raft.server.log.appender.buffer.byte-limit = 4MB (=4194304) (default)
2024-10-16 23:57:17,400 INFO  server.RaftServerConfigKeys (ConfUtils.java:logGet(46)) - raft.server.log.appender.buffer.element-limit = 0 (default)
2024-10-16 23:57:17,401 INFO  server.RaftServerConfigKeys (ConfUtils.java:logGet(46)) - raft.server.log.appender.wait-time.min = 1ms (default)
2024-10-16 23:57:17,401 INFO  server.RaftServerConfigKeys (ConfUtils.java:logGet(46)) - raft.server.log.appender.snapshot.chunk.size.max = 16MB (=16777216) (default)
2024-10-16 23:57:17,401 INFO  server.RaftServerConfigKeys (ConfUtils.java:logGet(46)) - raft.server.log.appender.buffer.byte-limit = 4MB (=4194304) (default)
2024-10-16 23:57:17,401 INFO  server.RaftServerConfigKeys (ConfUtils.java:logGet(46)) - raft.server.log.appender.buffer.element-limit = 0 (default)
2024-10-16 23:57:17,401 INFO  server.RaftServerConfigKeys (ConfUtils.java:logGet(46)) - raft.server.log.appender.wait-time.min = 1ms (default)
2024-10-16 23:57:17,401 INFO  impl.RoleInfo (RoleInfo.java:updateAndGet(148)) - s0: start s0@group-2527C568F951-LeaderStateImpl
2024-10-16 23:57:17,401 INFO  server.RaftServer$Division (RaftServerImpl.java:setFirstElection(564)) - s0@group-2527C568F951: set firstElectionSinceStartup to false for becomeLeader
2024-10-16 23:57:17,401 INFO  server.RaftServer$Division (ServerState.java:setLeader(272)) - s0@group-2527C568F951: change Leader from null to s0 at term 1 for becomeLeader, leader elected after 528ms
2024-10-16 23:57:17,401 INFO  segmented.SegmentedRaftLogWorker (SegmentedRaftLogWorker.java:startLogSegment(442)) - s0@group-2527C568F951-SegmentedRaftLogWorker: Starting segment from index:0
2024-10-16 23:57:17,402 INFO  server.RaftServer$Division (ServerState.java:setRaftConf(386)) - s0@group-2527C568F951: set configuration conf: {index: 0, cur=peers:[s10|0.0.0.0:15025, s0|0.0.0.0:15015, s1|0.0.0.0:15016]|listeners:[], old=null}
2024-10-16 23:57:17,402 INFO  segmented.BufferedWriteChannel (BufferedWriteChannel.java:open(61)) - open log_inprogress_0 at position 0
2024-10-16 23:57:17,408 INFO  server.RaftServer$Division (ServerState.java:setLeader(272)) - s10@group-2527C568F951: change Leader from null to s0 at term 1 for appendEntries, leader elected after 477ms
2024-10-16 23:57:17,408 INFO  server.RaftServer$Division (ServerState.java:setLeader(272)) - s1@group-2527C568F951: change Leader from null to s0 at term 1 for appendEntries, leader elected after 508ms
2024-10-16 23:57:17,410 DEBUG server.RaftServer$Division (RaftServerImpl.java:logAppendEntries(1549)) - s10@group-2527C568F951: appendEntries* s0->s10#4536-t1,previous=(t:0, i:0),leaderCommit=-1,initializing? false,entries: size=1, first=(t:1, i:0), CONFIGURATIONENTRY(current:id:"s10"address:"0.0.0.0:15025"clientAddress:"0.0.0.0:15025"adminAddress:"0.0.0.0:15025"startupRole:FOLLOWER, id:"s0"address:"0.0.0.0:15015"clientAddress:"0.0.0.0:15015"adminAddress:"0.0.0.0:15015"startupRole:FOLLOWER, id:"s1"address:"0.0.0.0:15016"clientAddress:"0.0.0.0:15016"adminAddress:"0.0.0.0:15016"startupRole:FOLLOWER, old:)
2024-10-16 23:57:17,411 INFO  server.RaftServer$Division (ServerState.java:setRaftConf(386)) - s10@group-2527C568F951: set configuration conf: {index: 0, cur=peers:[s10|0.0.0.0:15025, s0|0.0.0.0:15015, s1|0.0.0.0:15016]|listeners:[], old=null}
2024-10-16 23:57:17,411 INFO  segmented.SegmentedRaftLogWorker (SegmentedRaftLogWorker.java:startLogSegment(442)) - s10@group-2527C568F951-SegmentedRaftLogWorker: Starting segment from index:0
2024-10-16 23:57:17,411 DEBUG server.RaftServer$Division (RaftServerImpl.java:logAppendEntries(1549)) - s1@group-2527C568F951: appendEntries* s0->s1#4535-t1,previous=(t:0, i:0),leaderCommit=-1,initializing? false,entries: size=1, first=(t:1, i:0), CONFIGURATIONENTRY(current:id:"s10"address:"0.0.0.0:15025"clientAddress:"0.0.0.0:15025"adminAddress:"0.0.0.0:15025"startupRole:FOLLOWER, id:"s0"address:"0.0.0.0:15015"clientAddress:"0.0.0.0:15015"adminAddress:"0.0.0.0:15015"startupRole:FOLLOWER, id:"s1"address:"0.0.0.0:15016"clientAddress:"0.0.0.0:15016"adminAddress:"0.0.0.0:15016"startupRole:FOLLOWER, old:)
2024-10-16 23:57:17,411 INFO  server.RaftServer$Division (ServerState.java:setRaftConf(386)) - s1@group-2527C568F951: set configuration conf: {index: 0, cur=peers:[s10|0.0.0.0:15025, s0|0.0.0.0:15015, s1|0.0.0.0:15016]|listeners:[], old=null}
2024-10-16 23:57:17,411 INFO  segmented.SegmentedRaftLogWorker (SegmentedRaftLogWorker.java:startLogSegment(442)) - s1@group-2527C568F951-SegmentedRaftLogWorker: Starting segment from index:0
2024-10-16 23:57:17,411 INFO  segmented.BufferedWriteChannel (BufferedWriteChannel.java:open(61)) - open log_inprogress_0 at position 0
2024-10-16 23:57:17,411 INFO  segmented.BufferedWriteChannel (BufferedWriteChannel.java:open(61)) - open log_inprogress_0 at position 0
2024-10-16 23:57:17,413 INFO  segmented.SegmentedRaftLogWorker (SegmentedRaftLogWorker.java:execute(663)) - s0@group-2527C568F951-SegmentedRaftLogWorker: created new log segment /home/runner/work/ratis/ratis/ratis-examples/target/test/data/6cc99a4c/MiniRaftClusterWithNettyeee6e424/s0/9a7bfbde-bf3d-4cd7-846e-2527c568f951/current/log_inprogress_0
2024-10-16 23:57:17,425 INFO  segmented.SegmentedRaftLogWorker (SegmentedRaftLogWorker.java:execute(663)) - s1@group-2527C568F951-SegmentedRaftLogWorker: created new log segment /home/runner/work/ratis/ratis/ratis-examples/target/test/data/6cc99a4c/MiniRaftClusterWithNettyeee6e424/s1/9a7bfbde-bf3d-4cd7-846e-2527c568f951/current/log_inprogress_0
2024-10-16 23:57:17,425 DEBUG server.RaftServer$Division (RaftServerImpl.java:logAppendEntries(1549)) - s1@group-2527C568F951: appendEntries* reply s0<-s1#4535:OK-t1,SUCCESS,nextIndex=1,followerCommit=-1,matchIndex=0
2024-10-16 23:57:17,426 INFO  segmented.SegmentedRaftLogWorker (SegmentedRaftLogWorker.java:execute(663)) - s10@group-2527C568F951-SegmentedRaftLogWorker: created new log segment /home/runner/work/ratis/ratis/ratis-examples/target/test/data/6cc99a4c/MiniRaftClusterWithNettyeee6e424/s10/9a7bfbde-bf3d-4cd7-846e-2527c568f951/current/log_inprogress_0
2024-10-16 23:57:17,426 TRACE util.FileUtils (LogUtils.java:supplyAndLog(69)) - Successfully supplied FileChannel.open /home/runner/work/ratis/ratis/ratis-examples/target/test/data/6cc99a4c/MiniRaftClusterWithNettyeee6e424/s0/9a7bfbde-bf3d-4cd7-846e-2527c568f951/current/raft-meta.conf.tmp with options [CREATE, WRITE]: sun.nio.ch.FileChannelImpl@7307001a
2024-10-16 23:57:17,426 DEBUG server.RaftServer$Division (RaftServerImpl.java:logAppendEntries(1549)) - s10@group-2527C568F951: appendEntries* reply s0<-s10#4536:OK-t1,SUCCESS,nextIndex=1,followerCommit=-1,matchIndex=0
2024-10-16 23:57:17,428 TRACE util.FileUtils (LogUtils.java:runAndLog(49)) - Successfully ran Atomic Files.move /home/runner/work/ratis/ratis/ratis-examples/target/test/data/6cc99a4c/MiniRaftClusterWithNettyeee6e424/s0/9a7bfbde-bf3d-4cd7-846e-2527c568f951/current/raft-meta.conf.tmp to /home/runner/work/ratis/ratis/ratis-examples/target/test/data/6cc99a4c/MiniRaftClusterWithNettyeee6e424/s0/9a7bfbde-bf3d-4cd7-846e-2527c568f951/current/raft-meta.conf with options [REPLACE_EXISTING]
2024-10-16 23:57:17,428 INFO  server.RaftServer$Division (LeaderStateImpl.java:checkStartIndex(314)) - Leader s0@group-2527C568F951-LeaderStateImpl is ready since appliedIndex == startIndex == 0
2024-10-16 23:57:17,577 TRACE util.FileUtils (LogUtils.java:supplyAndLog(69)) - Successfully supplied FileChannel.open /home/runner/work/ratis/ratis/ratis-examples/target/test/data/6cc99a4c/MiniRaftClusterWithNettyeee6e424/s1/9a7bfbde-bf3d-4cd7-846e-2527c568f951/current/raft-meta.conf.tmp with options [CREATE, WRITE]: sun.nio.ch.FileChannelImpl@29473279
2024-10-16 23:57:17,578 TRACE util.FileUtils (LogUtils.java:supplyAndLog(69)) - Successfully supplied FileChannel.open /home/runner/work/ratis/ratis/ratis-examples/target/test/data/6cc99a4c/MiniRaftClusterWithNettyeee6e424/s10/9a7bfbde-bf3d-4cd7-846e-2527c568f951/current/raft-meta.conf.tmp with options [CREATE, WRITE]: sun.nio.ch.FileChannelImpl@127a28a5
2024-10-16 23:57:17,579 TRACE util.FileUtils (LogUtils.java:runAndLog(49)) - Successfully ran Atomic Files.move /home/runner/work/ratis/ratis/ratis-examples/target/test/data/6cc99a4c/MiniRaftClusterWithNettyeee6e424/s1/9a7bfbde-bf3d-4cd7-846e-2527c568f951/current/raft-meta.conf.tmp to /home/runner/work/ratis/ratis/ratis-examples/target/test/data/6cc99a4c/MiniRaftClusterWithNettyeee6e424/s1/9a7bfbde-bf3d-4cd7-846e-2527c568f951/current/raft-meta.conf with options [REPLACE_EXISTING]
2024-10-16 23:57:17,579 TRACE util.FileUtils (LogUtils.java:runAndLog(49)) - Successfully ran Atomic Files.move /home/runner/work/ratis/ratis/ratis-examples/target/test/data/6cc99a4c/MiniRaftClusterWithNettyeee6e424/s10/9a7bfbde-bf3d-4cd7-846e-2527c568f951/current/raft-meta.conf.tmp to /home/runner/work/ratis/ratis/ratis-examples/target/test/data/6cc99a4c/MiniRaftClusterWithNettyeee6e424/s10/9a7bfbde-bf3d-4cd7-846e-2527c568f951/current/raft-meta.conf with options [REPLACE_EXISTING]
2024-10-16 23:57:17,849 INFO  ratis.RaftTestUtil (RaftTestUtil.java:waitForLeader(131)) - printing group-2527C568F951
  s10:  RUNNING [
   FOLLOWER s10@group-9EBC86A0B11D:t0, leader=null, voted=, raftlog=Memoized:s10@group-9EBC86A0B11D-SegmentedRaftLog:OPENED:c-1:lastnull, conf=conf: {index: -1, cur=peers:[]|listeners:[], old=null} STARTING
   FOLLOWER s10@group-2527C568F951:t1, leader=s0, voted=s0, raftlog=Memoized:s10@group-2527C568F951-SegmentedRaftLog:OPENED:c0:last(t:1, i:0), conf=conf: {index: 0, cur=peers:[s10|0.0.0.0:15025, s0|0.0.0.0:15015, s1|0.0.0.0:15016]|listeners:[], old=null} RUNNING] size=2
  s0:  RUNNING [
   FOLLOWER s0@group-9EBC86A0B11D:t0, leader=null, voted=, raftlog=Memoized:s0@group-9EBC86A0B11D-SegmentedRaftLog:OPENED:c-1:lastnull, conf=conf: {index: -1, cur=peers:[]|listeners:[], old=null} STARTING
     LEADER s0@group-2527C568F951:t1, leader=s0, voted=s0, raftlog=Memoized:s0@group-2527C568F951-SegmentedRaftLog:OPENED:c0:last(t:1, i:0), conf=conf: {index: 0, cur=peers:[s10|0.0.0.0:15025, s0|0.0.0.0:15015, s1|0.0.0.0:15016]|listeners:[], old=null} RUNNING] size=2
  s1:  RUNNING [
   FOLLOWER s1@group-9EBC86A0B11D:t0, leader=null, voted=, raftlog=Memoized:s1@group-9EBC86A0B11D-SegmentedRaftLog:OPENED:c-1:lastnull, conf=conf: {index: -1, cur=peers:[]|listeners:[], old=null} STARTING
   FOLLOWER s1@group-2527C568F951:t1, leader=s0, voted=s0, raftlog=Memoized:s1@group-2527C568F951-SegmentedRaftLog:OPENED:c0:last(t:1, i:0), conf=conf: {index: 0, cur=peers:[s10|0.0.0.0:15025, s0|0.0.0.0:15015, s1|0.0.0.0:15016]|listeners:[], old=null} RUNNING] size=2
2024-10-16 23:57:17,850 INFO  netty.NettyUtils (NettyUtils.java:newEventLoopGroup(74)) - Create EpollEventLoopGroup for client-893DBB590F16; Thread size is 0.
2024-10-16 23:57:17,852 INFO  logging.LoggingHandler (AbstractInternalLogger.java:log(148)) - [id: 0x386abc64, L:/0.0.0.0:15025] READ: [id: 0x76d65ce8, L:/127.0.0.1:15025 - R:/127.0.0.1:58890]
2024-10-16 23:57:17,852 INFO  logging.LoggingHandler (AbstractInternalLogger.java:log(148)) - [id: 0x386abc64, L:/0.0.0.0:15025] READ COMPLETE
2024-10-16 23:57:17,853 DEBUG server.RaftServer$Division (RaftServerImpl.java:submitClientRequestAsync(920)) - s10@group-2527C568F951: receive client request(RaftClientRequest:client-893DBB590F16->s10@group-2527C568F951, cid=4545, seq=null, RW, Message:01016102400800000000...(size=12))
2024-10-16 23:57:17,956 INFO  logging.LoggingHandler (AbstractInternalLogger.java:log(148)) - [id: 0x90e4c7eb, L:/0.0.0.0:15015] READ: [id: 0x23af449f, L:/127.0.0.1:15015 - R:/127.0.0.1:46358]
2024-10-16 23:57:17,957 INFO  logging.LoggingHandler (AbstractInternalLogger.java:log(148)) - [id: 0x90e4c7eb, L:/0.0.0.0:15015] READ COMPLETE
2024-10-16 23:57:17,957 DEBUG server.RaftServer$Division (RaftServerImpl.java:submitClientRequestAsync(920)) - s0@group-2527C568F951: receive client request(RaftClientRequest:client-893DBB590F16->s0@group-2527C568F951, cid=4545, seq=null, RW, Message:01016102400800000000...(size=12))
2024-10-16 23:57:17,958 DEBUG server.RaftServer$Division (LeaderStateImpl.java:addPendingRequest(529)) - s0@group-2527C568F951-LeaderStateImpl: addPendingRequest at RaftClientRequest:client-893DBB590F16->s0@group-2527C568F951, cid=4545, seq=null, RW, Message:01016102400800000000...(size=12), entry=(t:1, i:1), STATEMACHINELOGENTRY, WRITE: logData.size=12, stateMachineData.size=0, logEntryProtoSerializedSize=0
2024-10-16 23:57:17,959 DEBUG server.RaftServer$Division (RaftServerImpl.java:logAppendEntries(1549)) - s1@group-2527C568F951: appendEntries* s0->s1#4551-t1,previous=(t:1, i:0),leaderCommit=0,initializing? false,entries: size=1, first=(t:1, i:1), STATEMACHINELOGENTRY, StateMachineLogEntryProto:4545@client-893DBB590F16
2024-10-16 23:57:17,959 DEBUG server.RaftServer$Division (RaftServerImpl.java:logAppendEntries(1549)) - s10@group-2527C568F951: appendEntries* s0->s10#4550-t1,previous=(t:1, i:0),leaderCommit=0,initializing? false,entries: size=1, first=(t:1, i:1), STATEMACHINELOGENTRY, StateMachineLogEntryProto:4545@client-893DBB590F16
2024-10-16 23:57:17,959 DEBUG server.RaftServer$Division (RaftServerImpl.java:logAppendEntries(1549)) - s1@group-2527C568F951: appendEntries* reply s0<-s1#4551:OK-t1,SUCCESS,nextIndex=2,followerCommit=0,matchIndex=1
2024-10-16 23:57:17,960 DEBUG server.RaftServer$Division (RaftServerImpl.java:logAppendEntries(1549)) - s10@group-2527C568F951: appendEntries* reply s0<-s10#4550:OK-t1,SUCCESS,nextIndex=2,followerCommit=0,matchIndex=1
2024-10-16 23:57:17,960 INFO  statemachine.StateMachine (ArithmeticStateMachine.java:applyTransaction(181)) - LEADER:s0-1: a = 3 = 3
2024-10-16 23:57:17,961 DEBUG server.RaftServer$Division (RaftServerImpl.java:logAppendEntries(1549)) - s1@group-2527C568F951: appendEntries* s0->s1#4552-t1,previous=(t:1, i:1),leaderCommit=1,initializing? false,entries: size=1, first=(t:1, i:2), METADATAENTRY(c:1)
2024-10-16 23:57:17,961 DEBUG server.RaftServer$Division (RaftServerImpl.java:logAppendEntries(1549)) - s10@group-2527C568F951: appendEntries* s0->s10#4553-t1,previous=(t:1, i:1),leaderCommit=1,initializing? false,entries: size=1, first=(t:1, i:2), METADATAENTRY(c:1)
2024-10-16 23:57:17,962 DEBUG server.RaftServer$Division (RaftServerImpl.java:logAppendEntries(1549)) - s10@group-2527C568F951: appendEntries* reply s0<-s10#4553:OK-t1,SUCCESS,nextIndex=3,followerCommit=1,matchIndex=2
2024-10-16 23:57:17,962 DEBUG server.RaftServer$Division (RaftServerImpl.java:logAppendEntries(1549)) - s1@group-2527C568F951: appendEntries* reply s0<-s1#4552:OK-t1,SUCCESS,nextIndex=3,followerCommit=1,matchIndex=2
2024-10-16 23:57:17,963 DEBUG server.RaftServer$Division (RaftServerImpl.java:submitClientRequestAsync(920)) - s0@group-2527C568F951: receive client request(RaftClientRequest:client-893DBB590F16->s0@group-2527C568F951, cid=4554, seq=null, RW, Message:01016202401000000000...(size=12))
2024-10-16 23:57:17,964 DEBUG server.RaftServer$Division (LeaderStateImpl.java:addPendingRequest(529)) - s0@group-2527C568F951-LeaderStateImpl: addPendingRequest at RaftClientRequest:client-893DBB590F16->s0@group-2527C568F951, cid=4554, seq=null, RW, Message:01016202401000000000...(size=12), entry=(t:1, i:3), STATEMACHINELOGENTRY, WRITE: logData.size=12, stateMachineData.size=0, logEntryProtoSerializedSize=0
2024-10-16 23:57:17,964 DEBUG server.RaftServer$Division (RaftServerImpl.java:logAppendEntries(1549)) - s10@group-2527C568F951: appendEntries* s0->s10#4555-t1,previous=(t:1, i:2),leaderCommit=2,initializing? false,entries: size=1, first=(t:1, i:3), STATEMACHINELOGENTRY, StateMachineLogEntryProto:4554@client-893DBB590F16
2024-10-16 23:57:17,964 DEBUG server.RaftServer$Division (RaftServerImpl.java:logAppendEntries(1549)) - s1@group-2527C568F951: appendEntries* s0->s1#4556-t1,previous=(t:1, i:2),leaderCommit=2,initializing? false,entries: size=1, first=(t:1, i:3), STATEMACHINELOGENTRY, StateMachineLogEntryProto:4554@client-893DBB590F16
2024-10-16 23:57:17,965 DEBUG server.RaftServer$Division (RaftServerImpl.java:logAppendEntries(1549)) - s10@group-2527C568F951: appendEntries* reply s0<-s10#4555:OK-t1,SUCCESS,nextIndex=4,followerCommit=2,matchIndex=3
2024-10-16 23:57:17,965 DEBUG server.RaftServer$Division (RaftServerImpl.java:logAppendEntries(1549)) - s1@group-2527C568F951: appendEntries* reply s0<-s1#4556:OK-t1,SUCCESS,nextIndex=4,followerCommit=2,matchIndex=3
2024-10-16 23:57:17,966 INFO  statemachine.StateMachine (ArithmeticStateMachine.java:applyTransaction(181)) - LEADER:s0-3: b = 4 = 4
2024-10-16 23:57:17,966 DEBUG server.RaftServer$Division (RaftServerImpl.java:logAppendEntries(1549)) - s10@group-2527C568F951: appendEntries* s0->s10#4557-t1,previous=(t:1, i:3),leaderCommit=3,initializing? false,entries: size=1, first=(t:1, i:4), METADATAENTRY(c:3)
2024-10-16 23:57:17,967 DEBUG server.RaftServer$Division (RaftServerImpl.java:logAppendEntries(1549)) - s10@group-2527C568F951: appendEntries* reply s0<-s10#4557:OK-t1,SUCCESS,nextIndex=5,followerCommit=3,matchIndex=4
2024-10-16 23:57:17,967 DEBUG server.RaftServer$Division (RaftServerImpl.java:logAppendEntries(1549)) - s1@group-2527C568F951: appendEntries* s0->s1#4558-t1,previous=(t:1, i:3),leaderCommit=3,initializing? false,entries: size=1, first=(t:1, i:4), METADATAENTRY(c:3)
2024-10-16 23:57:17,968 DEBUG server.RaftServer$Division (RaftServerImpl.java:logAppendEntries(1549)) - s1@group-2527C568F951: appendEntries* reply s0<-s1#4558:OK-t1,SUCCESS,nextIndex=5,followerCommit=3,matchIndex=4
2024-10-16 23:57:17,969 DEBUG server.RaftServer$Division (RaftServerImpl.java:submitClientRequestAsync(920)) - s0@group-2527C568F951: receive client request(RaftClientRequest:client-893DBB590F16->s0@group-2527C568F951, cid=4559, seq=null, RW, Message:01016304010300040201...(size=17))
2024-10-16 23:57:17,969 DEBUG server.RaftServer$Division (LeaderStateImpl.java:addPendingRequest(529)) - s0@group-2527C568F951-LeaderStateImpl: addPendingRequest at RaftClientRequest:client-893DBB590F16->s0@group-2527C568F951, cid=4559, seq=null, RW, Message:01016304010300040201...(size=17), entry=(t:1, i:5), STATEMACHINELOGENTRY, WRITE: logData.size=17, stateMachineData.size=0, logEntryProtoSerializedSize=0
2024-10-16 23:57:17,970 DEBUG server.RaftServer$Division (RaftServerImpl.java:logAppendEntries(1549)) - s10@group-2527C568F951: appendEntries* s0->s10#4560-t1,previous=(t:1, i:4),leaderCommit=4,initializing? false,entries: size=1, first=(t:1, i:5), STATEMACHINELOGENTRY, StateMachineLogEntryProto:4559@client-893DBB590F16
2024-10-16 23:57:17,970 DEBUG server.RaftServer$Division (RaftServerImpl.java:logAppendEntries(1549)) - s10@group-2527C568F951: appendEntries* reply s0<-s10#4560:OK-t1,SUCCESS,nextIndex=6,followerCommit=4,matchIndex=5
2024-10-16 23:57:17,970 DEBUG server.RaftServer$Division (RaftServerImpl.java:logAppendEntries(1549)) - s1@group-2527C568F951: appendEntries* s0->s1#4561-t1,previous=(t:1, i:4),leaderCommit=4,initializing? false,entries: size=1, first=(t:1, i:5), STATEMACHINELOGENTRY, StateMachineLogEntryProto:4559@client-893DBB590F16
2024-10-16 23:57:17,971 DEBUG server.RaftServer$Division (RaftServerImpl.java:logAppendEntries(1549)) - s1@group-2527C568F951: appendEntries* reply s0<-s1#4561:OK-t1,SUCCESS,nextIndex=6,followerCommit=4,matchIndex=5
2024-10-16 23:57:17,971 INFO  statemachine.StateMachine (ArithmeticStateMachine.java:applyTransaction(181)) - LEADER:s0-5: c = √(a^2 + b^2) = 5
2024-10-16 23:57:17,971 DEBUG server.RaftServer$Division (RaftServerImpl.java:logAppendEntries(1549)) - s1@group-2527C568F951: appendEntries* s0->s1#4562-t1,previous=(t:1, i:5),leaderCommit=5,initializing? false,entries: size=1, first=(t:1, i:6), METADATAENTRY(c:5)
2024-10-16 23:57:17,971 DEBUG server.RaftServer$Division (RaftServerImpl.java:logAppendEntries(1549)) - s10@group-2527C568F951: appendEntries* s0->s10#4563-t1,previous=(t:1, i:5),leaderCommit=5,initializing? false,entries: size=1, first=(t:1, i:6), METADATAENTRY(c:5)
2024-10-16 23:57:17,972 DEBUG server.RaftServer$Division (RaftServerImpl.java:logAppendEntries(1549)) - s1@group-2527C568F951: appendEntries* reply s0<-s1#4562:OK-t1,SUCCESS,nextIndex=7,followerCommit=5,matchIndex=6
2024-10-16 23:57:17,972 DEBUG server.RaftServer$Division (RaftServerImpl.java:logAppendEntries(1549)) - s10@group-2527C568F951: appendEntries* reply s0<-s10#4563:OK-t1,SUCCESS,nextIndex=7,followerCommit=5,matchIndex=6
2024-10-16 23:57:17,972 DEBUG server.RaftServer$Division (RaftServerImpl.java:submitClientRequestAsync(920)) - s0@group-2527C568F951: receive client request(RaftClientRequest:client-893DBB590F16->s0@group-2527C568F951, cid=4564, seq=null, RW, Message:01016100)
2024-10-16 23:57:17,973 DEBUG server.RaftServer$Division (LeaderStateImpl.java:addPendingRequest(529)) - s0@group-2527C568F951-LeaderStateImpl: addPendingRequest at RaftClientRequest:client-893DBB590F16->s0@group-2527C568F951, cid=4564, seq=null, RW, Message:01016100, entry=(t:1, i:7), STATEMACHINELOGENTRY, WRITE: logData.size=4, stateMachineData.size=0, logEntryProtoSerializedSize=0
2024-10-16 23:57:17,973 DEBUG server.RaftServer$Division (RaftServerImpl.java:logAppendEntries(1549)) - s10@group-2527C568F951: appendEntries* s0->s10#4565-t1,previous=(t:1, i:6),leaderCommit=6,initializing? false,entries: size=1, first=(t:1, i:7), STATEMACHINELOGENTRY, StateMachineLogEntryProto:4564@client-893DBB590F16
2024-10-16 23:57:17,973 DEBUG server.RaftServer$Division (RaftServerImpl.java:logAppendEntries(1549)) - s1@group-2527C568F951: appendEntries* s0->s1#4566-t1,previous=(t:1, i:6),leaderCommit=6,initializing? false,entries: size=1, first=(t:1, i:7), STATEMACHINELOGENTRY, StateMachineLogEntryProto:4564@client-893DBB590F16
2024-10-16 23:57:17,974 DEBUG server.RaftServer$Division (RaftServerImpl.java:logAppendEntries(1549)) - s10@group-2527C568F951: appendEntries* reply s0<-s10#4565:OK-t1,SUCCESS,nextIndex=8,followerCommit=6,matchIndex=7
2024-10-16 23:57:17,974 DEBUG server.RaftServer$Division (RaftServerImpl.java:logAppendEntries(1549)) - s1@group-2527C568F951: appendEntries* reply s0<-s1#4566:OK-t1,SUCCESS,nextIndex=8,followerCommit=6,matchIndex=7
2024-10-16 23:57:17,974 INFO  statemachine.StateMachine (ArithmeticStateMachine.java:applyTransaction(181)) - LEADER:s0-7: a = null = null
2024-10-16 23:57:17,974 DEBUG server.RaftServer$Division (RaftServerImpl.java:logAppendEntries(1549)) - s1@group-2527C568F951: appendEntries* s0->s1#4567-t1,previous=(t:1, i:7),leaderCommit=7,initializing? false,entries: size=1, first=(t:1, i:8), METADATAENTRY(c:7)
2024-10-16 23:57:17,974 DEBUG server.RaftServer$Division (RaftServerImpl.java:logAppendEntries(1549)) - s10@group-2527C568F951: appendEntries* s0->s10#4568-t1,previous=(t:1, i:7),leaderCommit=7,initializing? false,entries: size=1, first=(t:1, i:8), METADATAENTRY(c:7)
2024-10-16 23:57:17,975 DEBUG server.RaftServer$Division (RaftServerImpl.java:submitClientRequestAsync(920)) - s0@group-2527C568F951: receive client request(RaftClientRequest:client-893DBB590F16->s0@group-2527C568F951, cid=4569, seq=null, RW, Message:01016200)
2024-10-16 23:57:17,975 DEBUG server.RaftServer$Division (LeaderStateImpl.java:addPendingRequest(529)) - s0@group-2527C568F951-LeaderStateImpl: addPendingRequest at RaftClientRequest:client-893DBB590F16->s0@group-2527C568F951, cid=4569, seq=null, RW, Message:01016200, entry=(t:1, i:9), STATEMACHINELOGENTRY, WRITE: logData.size=4, stateMachineData.size=0, logEntryProtoSerializedSize=0
2024-10-16 23:57:17,975 DEBUG server.RaftServer$Division (RaftServerImpl.java:logAppendEntries(1549)) - s10@group-2527C568F951: appendEntries* reply s0<-s10#4568:OK-t1,SUCCESS,nextIndex=9,followerCommit=7,matchIndex=8
2024-10-16 23:57:17,975 DEBUG server.RaftServer$Division (RaftServerImpl.java:logAppendEntries(1549)) - s1@group-2527C568F951: appendEntries* reply s0<-s1#4567:OK-t1,SUCCESS,nextIndex=9,followerCommit=7,matchIndex=8
2024-10-16 23:57:17,976 DEBUG server.RaftServer$Division (RaftServerImpl.java:logAppendEntries(1549)) - s10@group-2527C568F951: appendEntries* s0->s10#4570-t1,previous=(t:1, i:8),leaderCommit=8,initializing? false,entries: size=1, first=(t:1, i:9), STATEMACHINELOGENTRY, StateMachineLogEntryProto:4569@client-893DBB590F16
2024-10-16 23:57:17,976 DEBUG server.RaftServer$Division (RaftServerImpl.java:logAppendEntries(1549)) - s1@group-2527C568F951: appendEntries* s0->s1#4571-t1,previous=(t:1, i:8),leaderCommit=8,initializing? false,entries: size=1, first=(t:1, i:9), STATEMACHINELOGENTRY, StateMachineLogEntryProto:4569@client-893DBB590F16
2024-10-16 23:57:17,976 DEBUG server.RaftServer$Division (RaftServerImpl.java:logAppendEntries(1549)) - s10@group-2527C568F951: appendEntries* reply s0<-s10#4570:OK-t1,SUCCESS,nextIndex=10,followerCommit=8,matchIndex=9
2024-10-16 23:57:17,976 DEBUG server.RaftServer$Division (RaftServerImpl.java:logAppendEntries(1549)) - s1@group-2527C568F951: appendEntries* reply s0<-s1#4571:OK-t1,SUCCESS,nextIndex=10,followerCommit=8,matchIndex=9
2024-10-16 23:57:17,977 INFO  statemachine.StateMachine (ArithmeticStateMachine.java:applyTransaction(181)) - LEADER:s0-9: b = null = null
2024-10-16 23:57:17,977 DEBUG server.RaftServer$Division (RaftServerImpl.java:logAppendEntries(1549)) - s10@group-2527C568F951: appendEntries* s0->s10#4572-t1,previous=(t:1, i:9),leaderCommit=9,initializing? false,entries: size=1, first=(t:1, i:10), METADATAENTRY(c:9)
2024-10-16 23:57:17,977 DEBUG server.RaftServer$Division (RaftServerImpl.java:logAppendEntries(1549)) - s1@group-2527C568F951: appendEntries* s0->s1#4573-t1,previous=(t:1, i:9),leaderCommit=9,initializing? false,entries: size=1, first=(t:1, i:10), METADATAENTRY(c:9)
2024-10-16 23:57:17,977 DEBUG server.RaftServer$Division (RaftServerImpl.java:submitClientRequestAsync(920)) - s0@group-2527C568F951: receive client request(RaftClientRequest:client-893DBB590F16->s0@group-2527C568F951, cid=4574, seq=null, RW, Message:01016300)
2024-10-16 23:57:17,978 DEBUG server.RaftServer$Division (LeaderStateImpl.java:addPendingRequest(529)) - s0@group-2527C568F951-LeaderStateImpl: addPendingRequest at RaftClientRequest:client-893DBB590F16->s0@group-2527C568F951, cid=4574, seq=null, RW, Message:01016300, entry=(t:1, i:11), STATEMACHINELOGENTRY, WRITE: logData.size=4, stateMachineData.size=0, logEntryProtoSerializedSize=0
2024-10-16 23:57:17,978 DEBUG server.RaftServer$Division (RaftServerImpl.java:logAppendEntries(1549)) - s1@group-2527C568F951: appendEntries* reply s0<-s1#4573:OK-t1,SUCCESS,nextIndex=11,followerCommit=9,matchIndex=10
2024-10-16 23:57:17,978 DEBUG server.RaftServer$Division (RaftServerImpl.java:logAppendEntries(1549)) - s10@group-2527C568F951: appendEntries* reply s0<-s10#4572:OK-t1,SUCCESS,nextIndex=11,followerCommit=9,matchIndex=10
2024-10-16 23:57:17,978 DEBUG server.RaftServer$Division (RaftServerImpl.java:logAppendEntries(1549)) - s10@group-2527C568F951: appendEntries* s0->s10#4576-t1,previous=(t:1, i:10),leaderCommit=10,initializing? false,entries: size=1, first=(t:1, i:11), STATEMACHINELOGENTRY, StateMachineLogEntryProto:4574@client-893DBB590F16
2024-10-16 23:57:17,978 DEBUG server.RaftServer$Division (RaftServerImpl.java:logAppendEntries(1549)) - s1@group-2527C568F951: appendEntries* s0->s1#4575-t1,previous=(t:1, i:10),leaderCommit=9,initializing? false,entries: size=1, first=(t:1, i:11), STATEMACHINELOGENTRY, StateMachineLogEntryProto:4574@client-893DBB590F16
2024-10-16 23:57:17,979 DEBUG server.RaftServer$Division (RaftServerImpl.java:logAppendEntries(1549)) - s10@group-2527C568F951: appendEntries* reply s0<-s10#4576:OK-t1,SUCCESS,nextIndex=12,followerCommit=10,matchIndex=11
2024-10-16 23:57:17,979 DEBUG server.RaftServer$Division (RaftServerImpl.java:logAppendEntries(1549)) - s1@group-2527C568F951: appendEntries* reply s0<-s1#4575:OK-t1,SUCCESS,nextIndex=12,followerCommit=9,matchIndex=11
2024-10-16 23:57:17,979 INFO  statemachine.StateMachine (ArithmeticStateMachine.java:applyTransaction(181)) - LEADER:s0-11: c = null = null
2024-10-16 23:57:17,980 DEBUG server.RaftServer$Division (RaftServerImpl.java:logAppendEntries(1549)) - s10@group-2527C568F951: appendEntries* s0->s10#4578-t1,previous=(t:1, i:11),leaderCommit=11,initializing? false,entries: size=1, first=(t:1, i:12), METADATAENTRY(c:11)
2024-10-16 23:57:17,980 DEBUG server.RaftServer$Division (RaftServerImpl.java:logAppendEntries(1549)) - s1@group-2527C568F951: appendEntries* s0->s1#4577-t1,previous=(t:1, i:11),leaderCommit=11,initializing? false,entries: size=1, first=(t:1, i:12), METADATAENTRY(c:11)
2024-10-16 23:57:17,980 DEBUG server.RaftServer$Division (RaftServerImpl.java:submitClientRequestAsync(920)) - s0@group-2527C568F951: receive client request(RaftClientRequest:client-893DBB590F16->s0@group-2527C568F951, cid=4579, seq=null, RW, Message:01016102401400000000...(size=12))
2024-10-16 23:57:17,980 DEBUG server.RaftServer$Division (RaftServerImpl.java:logAppendEntries(1549)) - s10@group-2527C568F951: appendEntries* reply s0<-s10#4578:OK-t1,SUCCESS,nextIndex=13,followerCommit=11,matchIndex=12
2024-10-16 23:57:17,980 DEBUG server.RaftServer$Division (RaftServerImpl.java:logAppendEntries(1549)) - s1@group-2527C568F951: appendEntries* reply s0<-s1#4577:OK-t1,SUCCESS,nextIndex=13,followerCommit=11,matchIndex=12
2024-10-16 23:57:17,980 DEBUG server.RaftServer$Division (LeaderStateImpl.java:addPendingRequest(529)) - s0@group-2527C568F951-LeaderStateImpl: addPendingRequest at RaftClientRequest:client-893DBB590F16->s0@group-2527C568F951, cid=4579, seq=null, RW, Message:01016102401400000000...(size=12), entry=(t:1, i:13), STATEMACHINELOGENTRY, WRITE: logData.size=12, stateMachineData.size=0, logEntryProtoSerializedSize=0
2024-10-16 23:57:17,982 DEBUG server.RaftServer$Division (RaftServerImpl.java:logAppendEntries(1549)) - s10@group-2527C568F951: appendEntries* s0->s10#4580-t1,previous=(t:1, i:12),leaderCommit=11,initializing? false,entries: size=1, first=(t:1, i:13), STATEMACHINELOGENTRY, StateMachineLogEntryProto:4579@client-893DBB590F16
2024-10-16 23:57:17,982 DEBUG server.RaftServer$Division (RaftServerImpl.java:logAppendEntries(1549)) - s10@group-2527C568F951: appendEntries* reply s0<-s10#4580:OK-t1,SUCCESS,nextIndex=14,followerCommit=11,matchIndex=13
2024-10-16 23:57:17,982 DEBUG server.RaftServer$Division (RaftServerImpl.java:logAppendEntries(1549)) - s1@group-2527C568F951: appendEntries* s0->s1#4581-t1,previous=(t:1, i:12),leaderCommit=12,initializing? false,entries: size=1, first=(t:1, i:13), STATEMACHINELOGENTRY, StateMachineLogEntryProto:4579@client-893DBB590F16
2024-10-16 23:57:17,982 INFO  statemachine.StateMachine (ArithmeticStateMachine.java:applyTransaction(181)) - LEADER:s0-13: a = 5 = 5
2024-10-16 23:57:17,983 DEBUG server.RaftServer$Division (RaftServerImpl.java:logAppendEntries(1549)) - s1@group-2527C568F951: appendEntries* reply s0<-s1#4581:OK-t1,SUCCESS,nextIndex=14,followerCommit=12,matchIndex=13
2024-10-16 23:57:17,983 DEBUG server.RaftServer$Division (RaftServerImpl.java:logAppendEntries(1549)) - s10@group-2527C568F951: appendEntries* s0->s10#4582-t1,previous=(t:1, i:13),leaderCommit=13,initializing? false,entries: size=1, first=(t:1, i:14), METADATAENTRY(c:13)
2024-10-16 23:57:17,983 DEBUG server.RaftServer$Division (RaftServerImpl.java:submitClientRequestAsync(920)) - s0@group-2527C568F951: receive client request(RaftClientRequest:client-893DBB590F16->s0@group-2527C568F951, cid=4583, seq=null, RW, Message:01016202402800000000...(size=12))
2024-10-16 23:57:17,983 DEBUG server.RaftServer$Division (RaftServerImpl.java:logAppendEntries(1549)) - s10@group-2527C568F951: appendEntries* reply s0<-s10#4582:OK-t1,SUCCESS,nextIndex=15,followerCommit=13,matchIndex=14
2024-10-16 23:57:17,983 DEBUG server.RaftServer$Division (LeaderStateImpl.java:addPendingRequest(529)) - s0@group-2527C568F951-LeaderStateImpl: addPendingRequest at RaftClientRequest:client-893DBB590F16->s0@group-2527C568F951, cid=4583, seq=null, RW, Message:01016202402800000000...(size=12), entry=(t:1, i:15), STATEMACHINELOGENTRY, WRITE: logData.size=12, stateMachineData.size=0, logEntryProtoSerializedSize=0
2024-10-16 23:57:17,984 DEBUG server.RaftServer$Division (RaftServerImpl.java:logAppendEntries(1549)) - s1@group-2527C568F951: appendEntries* s0->s1#4584-t1,previous=(t:1, i:13),leaderCommit=13,initializing? false,entries: size=2, first=(t:1, i:14), METADATAENTRY(c:13)
2024-10-16 23:57:17,984 DEBUG server.RaftServer$Division (RaftServerImpl.java:logAppendEntries(1549)) - s10@group-2527C568F951: appendEntries* s0->s10#4585-t1,previous=(t:1, i:14),leaderCommit=14,initializing? false,entries: size=1, first=(t:1, i:15), STATEMACHINELOGENTRY, StateMachineLogEntryProto:4583@client-893DBB590F16
2024-10-16 23:57:17,985 DEBUG server.RaftServer$Division (RaftServerImpl.java:logAppendEntries(1549)) - s10@group-2527C568F951: appendEntries* reply s0<-s10#4585:OK-t1,SUCCESS,nextIndex=16,followerCommit=14,matchIndex=15
2024-10-16 23:57:17,985 DEBUG server.RaftServer$Division (RaftServerImpl.java:logAppendEntries(1549)) - s1@group-2527C568F951: appendEntries* reply s0<-s1#4584:OK-t1,SUCCESS,nextIndex=16,followerCommit=13,matchIndex=15
2024-10-16 23:57:17,985 INFO  statemachine.StateMachine (ArithmeticStateMachine.java:applyTransaction(181)) - LEADER:s0-15: b = 12 = 12
2024-10-16 23:57:17,986 DEBUG server.RaftServer$Division (RaftServerImpl.java:submitClientRequestAsync(920)) - s0@group-2527C568F951: receive client request(RaftClientRequest:client-893DBB590F16->s0@group-2527C568F951, cid=4588, seq=null, RW, Message:01016304010300040201...(size=17))
2024-10-16 23:57:17,986 DEBUG server.RaftServer$Division (RaftServerImpl.java:logAppendEntries(1549)) - s1@group-2527C568F951: appendEntries* s0->s1#4587-t1,previous=(t:1, i:15),leaderCommit=15,initializing? false,entries: size=1, first=(t:1, i:16), METADATAENTRY(c:15)
2024-10-16 23:57:17,986 DEBUG server.RaftServer$Division (RaftServerImpl.java:logAppendEntries(1549)) - s10@group-2527C568F951: appendEntries* s0->s10#4586-t1,previous=(t:1, i:15),leaderCommit=15,initializing? false,entries: size=1, first=(t:1, i:16), METADATAENTRY(c:15)
2024-10-16 23:57:17,986 DEBUG server.RaftServer$Division (LeaderStateImpl.java:addPendingRequest(529)) - s0@group-2527C568F951-LeaderStateImpl: addPendingRequest at RaftClientRequest:client-893DBB590F16->s0@group-2527C568F951, cid=4588, seq=null, RW, Message:01016304010300040201...(size=17), entry=(t:1, i:17), STATEMACHINELOGENTRY, WRITE: logData.size=17, stateMachineData.size=0, logEntryProtoSerializedSize=0
2024-10-16 23:57:17,986 DEBUG server.RaftServer$Division (RaftServerImpl.java:logAppendEntries(1549)) - s1@group-2527C568F951: appendEntries* reply s0<-s1#4587:OK-t1,SUCCESS,nextIndex=17,followerCommit=15,matchIndex=16
2024-10-16 23:57:17,986 DEBUG server.RaftServer$Division (RaftServerImpl.java:logAppendEntries(1549)) - s10@group-2527C568F951: appendEntries* reply s0<-s10#4586:OK-t1,SUCCESS,nextIndex=17,followerCommit=15,matchIndex=16
2024-10-16 23:57:17,987 DEBUG server.RaftServer$Division (RaftServerImpl.java:logAppendEntries(1549)) - s10@group-2527C568F951: appendEntries* s0->s10#4589-t1,previous=(t:1, i:16),leaderCommit=15,initializing? false,entries: size=1, first=(t:1, i:17), STATEMACHINELOGENTRY, StateMachineLogEntryProto:4588@client-893DBB590F16
2024-10-16 23:57:17,987 DEBUG server.RaftServer$Division (RaftServerImpl.java:logAppendEntries(1549)) - s1@group-2527C568F951: appendEntries* s0->s1#4590-t1,previous=(t:1, i:16),leaderCommit=16,initializing? false,entries: size=1, first=(t:1, i:17), STATEMACHINELOGENTRY, StateMachineLogEntryProto:4588@client-893DBB590F16
2024-10-16 23:57:17,988 DEBUG server.RaftServer$Division (RaftServerImpl.java:logAppendEntries(1549)) - s10@group-2527C568F951: appendEntries* reply s0<-s10#4589:OK-t1,SUCCESS,nextIndex=18,followerCommit=15,matchIndex=17
2024-10-16 23:57:17,988 INFO  statemachine.StateMachine (ArithmeticStateMachine.java:applyTransaction(181)) - LEADER:s0-17: c = √(a^2 + b^2) = 13
2024-10-16 23:57:17,988 DEBUG server.RaftServer$Division (RaftServerImpl.java:logAppendEntries(1549)) - s1@group-2527C568F951: appendEntries* reply s0<-s1#4590:OK-t1,SUCCESS,nextIndex=18,followerCommit=16,matchIndex=17
2024-10-16 23:57:17,989 DEBUG server.RaftServer$Division (RaftServerImpl.java:logAppendEntries(1549)) - s10@group-2527C568F951: appendEntries* s0->s10#4591-t1,previous=(t:1, i:17),leaderCommit=17,initializing? false,entries: size=1, first=(t:1, i:18), METADATAENTRY(c:17)
2024-10-16 23:57:17,989 DEBUG server.RaftServer$Division (RaftServerImpl.java:logAppendEntries(1549)) - s1@group-2527C568F951: appendEntries* s0->s1#4592-t1,previous=(t:1, i:17),leaderCommit=17,initializing? false,entries: size=1, first=(t:1, i:18), METADATAENTRY(c:17)
2024-10-16 23:57:17,989 DEBUG server.RaftServer$Division (RaftServerImpl.java:logAppendEntries(1549)) - s10@group-2527C568F951: appendEntries* reply s0<-s10#4591:OK-t1,SUCCESS,nextIndex=19,followerCommit=17,matchIndex=18
2024-10-16 23:57:17,989 DEBUG server.RaftServer$Division (RaftServerImpl.java:logAppendEntries(1549)) - s1@group-2527C568F951: appendEntries* reply s0<-s1#4592:OK-t1,SUCCESS,nextIndex=19,followerCommit=17,matchIndex=18
2024-10-16 23:57:17,989 DEBUG server.RaftServer$Division (RaftServerImpl.java:submitClientRequestAsync(920)) - s0@group-2527C568F951: receive client request(RaftClientRequest:client-893DBB590F16->s0@group-2527C568F951, cid=4593, seq=null, RW, Message:01016100)
2024-10-16 23:57:17,990 DEBUG server.RaftServer$Division (LeaderStateImpl.java:addPendingRequest(529)) - s0@group-2527C568F951-LeaderStateImpl: addPendingRequest at RaftClientRequest:client-893DBB590F16->s0@group-2527C568F951, cid=4593, seq=null, RW, Message:01016100, entry=(t:1, i:19), STATEMACHINELOGENTRY, WRITE: logData.size=4, stateMachineData.size=0, logEntryProtoSerializedSize=0
2024-10-16 23:57:17,990 DEBUG server.RaftServer$Division (RaftServerImpl.java:logAppendEntries(1549)) - s10@group-2527C568F951: appendEntries* s0->s10#4594-t1,previous=(t:1, i:18),leaderCommit=17,initializing? false,entries: size=1, first=(t:1, i:19), STATEMACHINELOGENTRY, StateMachineLogEntryProto:4593@client-893DBB590F16
2024-10-16 23:57:17,990 DEBUG server.RaftServer$Division (RaftServerImpl.java:logAppendEntries(1549)) - s1@group-2527C568F951: appendEntries* s0->s1#4595-t1,previous=(t:1, i:18),leaderCommit=18,initializing? false,entries: size=1, first=(t:1, i:19), STATEMACHINELOGENTRY, StateMachineLogEntryProto:4593@client-893DBB590F16
2024-10-16 23:57:17,991 DEBUG server.RaftServer$Division (RaftServerImpl.java:logAppendEntries(1549)) - s1@group-2527C568F951: appendEntries* reply s0<-s1#4595:OK-t1,SUCCESS,nextIndex=20,followerCommit=18,matchIndex=19
2024-10-16 23:57:17,991 DEBUG server.RaftServer$Division (RaftServerImpl.java:logAppendEntries(1549)) - s10@group-2527C568F951: appendEntries* reply s0<-s10#4594:OK-t1,SUCCESS,nextIndex=20,followerCommit=17,matchIndex=19
2024-10-16 23:57:17,991 INFO  statemachine.StateMachine (ArithmeticStateMachine.java:applyTransaction(181)) - LEADER:s0-19: a = null = null
2024-10-16 23:57:17,992 DEBUG server.RaftServer$Division (RaftServerImpl.java:logAppendEntries(1549)) - s1@group-2527C568F951: appendEntries* s0->s1#4596-t1,previous=(t:1, i:19),leaderCommit=19,initializing? false,entries: size=1, first=(t:1, i:20), METADATAENTRY(c:19)
2024-10-16 23:57:17,992 DEBUG server.RaftServer$Division (RaftServerImpl.java:logAppendEntries(1549)) - s10@group-2527C568F951: appendEntries* s0->s10#4597-t1,previous=(t:1, i:19),leaderCommit=19,initializing? false,entries: size=1, first=(t:1, i:20), METADATAENTRY(c:19)
2024-10-16 23:57:17,992 DEBUG server.RaftServer$Division (RaftServerImpl.java:logAppendEntries(1549)) - s10@group-2527C568F951: appendEntries* reply s0<-s10#4597:OK-t1,SUCCESS,nextIndex=21,followerCommit=19,matchIndex=20
2024-10-16 23:57:17,992 DEBUG server.RaftServer$Division (RaftServerImpl.java:logAppendEntries(1549)) - s1@group-2527C568F951: appendEntries* reply s0<-s1#4596:OK-t1,SUCCESS,nextIndex=21,followerCommit=19,matchIndex=20
2024-10-16 23:57:17,993 DEBUG server.RaftServer$Division (RaftServerImpl.java:submitClientRequestAsync(920)) - s0@group-2527C568F951: receive client request(RaftClientRequest:client-893DBB590F16->s0@group-2527C568F951, cid=4598, seq=null, RW, Message:01016200)
2024-10-16 23:57:17,993 DEBUG server.RaftServer$Division (LeaderStateImpl.java:addPendingRequest(529)) - s0@group-2527C568F951-LeaderStateImpl: addPendingRequest at RaftClientRequest:client-893DBB590F16->s0@group-2527C568F951, cid=4598, seq=null, RW, Message:01016200, entry=(t:1, i:21), STATEMACHINELOGENTRY, WRITE: logData.size=4, stateMachineData.size=0, logEntryProtoSerializedSize=0
2024-10-16 23:57:17,994 DEBUG server.RaftServer$Division (RaftServerImpl.java:logAppendEntries(1549)) - s10@group-2527C568F951: appendEntries* s0->s10#4599-t1,previous=(t:1, i:20),leaderCommit=20,initializing? false,entries: size=1, first=(t:1, i:21), STATEMACHINELOGENTRY, StateMachineLogEntryProto:4598@client-893DBB590F16
2024-10-16 23:57:17,994 DEBUG server.RaftServer$Division (RaftServerImpl.java:logAppendEntries(1549)) - s1@group-2527C568F951: appendEntries* s0->s1#4600-t1,previous=(t:1, i:20),leaderCommit=20,initializing? false,entries: size=1, first=(t:1, i:21), STATEMACHINELOGENTRY, StateMachineLogEntryProto:4598@client-893DBB590F16
2024-10-16 23:57:17,994 DEBUG server.RaftServer$Division (RaftServerImpl.java:logAppendEntries(1549)) - s10@group-2527C568F951: appendEntries* reply s0<-s10#4599:OK-t1,SUCCESS,nextIndex=22,followerCommit=20,matchIndex=21
2024-10-16 23:57:17,994 DEBUG server.RaftServer$Division (RaftServerImpl.java:logAppendEntries(1549)) - s1@group-2527C568F951: appendEntries* reply s0<-s1#4600:OK-t1,SUCCESS,nextIndex=22,followerCommit=20,matchIndex=21
2024-10-16 23:57:17,994 INFO  statemachine.StateMachine (ArithmeticStateMachine.java:applyTransaction(181)) - LEADER:s0-21: b = null = null
2024-10-16 23:57:17,995 DEBUG server.RaftServer$Division (RaftServerImpl.java:logAppendEntries(1549)) - s10@group-2527C568F951: appendEntries* s0->s10#4601-t1,previous=(t:1, i:21),leaderCommit=21,initializing? false,entries: size=1, first=(t:1, i:22), METADATAENTRY(c:21)
2024-10-16 23:57:17,995 DEBUG server.RaftServer$Division (RaftServerImpl.java:logAppendEntries(1549)) - s10@group-2527C568F951: appendEntries* reply s0<-s10#4601:OK-t1,SUCCESS,nextIndex=23,followerCommit=21,matchIndex=22
2024-10-16 23:57:17,995 DEBUG server.RaftServer$Division (RaftServerImpl.java:logAppendEntries(1549)) - s1@group-2527C568F951: appendEntries* s0->s1#4602-t1,previous=(t:1, i:21),leaderCommit=21,initializing? false,entries: size=1, first=(t:1, i:22), METADATAENTRY(c:21)
2024-10-16 23:57:17,996 DEBUG server.RaftServer$Division (RaftServerImpl.java:logAppendEntries(1549)) - s1@group-2527C568F951: appendEntries* reply s0<-s1#4602:OK-t1,SUCCESS,nextIndex=23,followerCommit=21,matchIndex=22
2024-10-16 23:57:17,997 DEBUG server.RaftServer$Division (RaftServerImpl.java:submitClientRequestAsync(920)) - s0@group-2527C568F951: receive client request(RaftClientRequest:client-893DBB590F16->s0@group-2527C568F951, cid=4603, seq=null, RW, Message:01016300)
2024-10-16 23:57:17,997 DEBUG server.RaftServer$Division (LeaderStateImpl.java:addPendingRequest(529)) - s0@group-2527C568F951-LeaderStateImpl: addPendingRequest at RaftClientRequest:client-893DBB590F16->s0@group-2527C568F951, cid=4603, seq=null, RW, Message:01016300, entry=(t:1, i:23), STATEMACHINELOGENTRY, WRITE: logData.size=4, stateMachineData.size=0, logEntryProtoSerializedSize=0
2024-10-16 23:57:17,998 DEBUG server.RaftServer$Division (RaftServerImpl.java:logAppendEntries(1549)) - s10@group-2527C568F951: appendEntries* s0->s10#4604-t1,previous=(t:1, i:22),leaderCommit=22,initializing? false,entries: size=1, first=(t:1, i:23), STATEMACHINELOGENTRY, StateMachineLogEntryProto:4603@client-893DBB590F16
2024-10-16 23:57:17,998 DEBUG server.RaftServer$Division (RaftServerImpl.java:logAppendEntries(1549)) - s1@group-2527C568F951: appendEntries* s0->s1#4605-t1,previous=(t:1, i:22),leaderCommit=22,initializing? false,entries: size=1, first=(t:1, i:23), STATEMACHINELOGENTRY, StateMachineLogEntryProto:4603@client-893DBB590F16
2024-10-16 23:57:17,999 DEBUG server.RaftServer$Division (RaftServerImpl.java:logAppendEntries(1549)) - s10@group-2527C568F951: appendEntries* reply s0<-s10#4604:OK-t1,SUCCESS,nextIndex=24,followerCommit=22,matchIndex=23
2024-10-16 23:57:17,999 DEBUG server.RaftServer$Division (RaftServerImpl.java:logAppendEntries(1549)) - s1@group-2527C568F951: appendEntries* reply s0<-s1#4605:OK-t1,SUCCESS,nextIndex=24,followerCommit=22,matchIndex=23
2024-10-16 23:57:17,999 INFO  statemachine.StateMachine (ArithmeticStateMachine.java:applyTransaction(181)) - LEADER:s0-23: c = null = null
2024-10-16 23:57:17,999 DEBUG server.RaftServer$Division (RaftServerImpl.java:logAppendEntries(1549)) - s1@group-2527C568F951: appendEntries* s0->s1#4606-t1,previous=(t:1, i:23),leaderCommit=23,initializing? false,entries: size=1, first=(t:1, i:24), METADATAENTRY(c:23)
2024-10-16 23:57:17,999 DEBUG server.RaftServer$Division (RaftServerImpl.java:logAppendEntries(1549)) - s10@group-2527C568F951: appendEntries* s0->s10#4607-t1,previous=(t:1, i:23),leaderCommit=23,initializing? false,entries: size=1, first=(t:1, i:24), METADATAENTRY(c:23)
2024-10-16 23:57:18,000 DEBUG server.RaftServer$Division (RaftServerImpl.java:submitClientRequestAsync(920)) - s0@group-2527C568F951: receive client request(RaftClientRequest:client-893DBB590F16->s0@group-2527C568F951, cid=4608, seq=null, RW, Message:01016102401c00000000...(size=12))
2024-10-16 23:57:18,000 DEBUG server.RaftServer$Division (RaftServerImpl.java:logAppendEntries(1549)) - s10@group-2527C568F951: appendEntries* reply s0<-s10#4607:OK-t1,SUCCESS,nextIndex=25,followerCommit=23,matchIndex=24
2024-10-16 23:57:18,000 DEBUG server.RaftServer$Division (RaftServerImpl.java:logAppendEntries(1549)) - s1@group-2527C568F951: appendEntries* reply s0<-s1#4606:OK-t1,SUCCESS,nextIndex=25,followerCommit=23,matchIndex=24
2024-10-16 23:57:18,000 DEBUG server.RaftServer$Division (LeaderStateImpl.java:addPendingRequest(529)) - s0@group-2527C568F951-LeaderStateImpl: addPendingRequest at RaftClientRequest:client-893DBB590F16->s0@group-2527C568F951, cid=4608, seq=null, RW, Message:01016102401c00000000...(size=12), entry=(t:1, i:25), STATEMACHINELOGENTRY, WRITE: logData.size=12, stateMachineData.size=0, logEntryProtoSerializedSize=0
2024-10-16 23:57:18,001 DEBUG server.RaftServer$Division (RaftServerImpl.java:logAppendEntries(1549)) - s10@group-2527C568F951: appendEntries* s0->s10#4609-t1,previous=(t:1, i:24),leaderCommit=23,initializing? false,entries: size=1, first=(t:1, i:25), STATEMACHINELOGENTRY, StateMachineLogEntryProto:4608@client-893DBB590F16
2024-10-16 23:57:18,001 DEBUG server.RaftServer$Division (RaftServerImpl.java:logAppendEntries(1549)) - s1@group-2527C568F951: appendEntries* s0->s1#4610-t1,previous=(t:1, i:24),leaderCommit=23,initializing? false,entries: size=1, first=(t:1, i:25), STATEMACHINELOGENTRY, StateMachineLogEntryProto:4608@client-893DBB590F16
2024-10-16 23:57:18,001 DEBUG server.RaftServer$Division (RaftServerImpl.java:logAppendEntries(1549)) - s10@group-2527C568F951: appendEntries* reply s0<-s10#4609:OK-t1,SUCCESS,nextIndex=26,followerCommit=23,matchIndex=25
2024-10-16 23:57:18,001 DEBUG server.RaftServer$Division (RaftServerImpl.java:logAppendEntries(1549)) - s1@group-2527C568F951: appendEntries* reply s0<-s1#4610:OK-t1,SUCCESS,nextIndex=26,followerCommit=23,matchIndex=25
2024-10-16 23:57:18,002 INFO  statemachine.StateMachine (ArithmeticStateMachine.java:applyTransaction(181)) - LEADER:s0-25: a = 7 = 7
2024-10-16 23:57:18,002 DEBUG server.RaftServer$Division (RaftServerImpl.java:logAppendEntries(1549)) - s1@group-2527C568F951: appendEntries* s0->s1#4611-t1,previous=(t:1, i:25),leaderCommit=25,initializing? false,entries: size=1, first=(t:1, i:26), METADATAENTRY(c:25)
2024-10-16 23:57:18,002 DEBUG server.RaftServer$Division (RaftServerImpl.java:logAppendEntries(1549)) - s10@group-2527C568F951: appendEntries* s0->s10#4612-t1,previous=(t:1, i:25),leaderCommit=25,initializing? false,entries: size=1, first=(t:1, i:26), METADATAENTRY(c:25)
2024-10-16 23:57:18,003 DEBUG server.RaftServer$Division (RaftServerImpl.java:logAppendEntries(1549)) - s10@group-2527C568F951: appendEntries* reply s0<-s10#4612:OK-t1,SUCCESS,nextIndex=27,followerCommit=25,matchIndex=26
2024-10-16 23:57:18,003 DEBUG server.RaftServer$Division (RaftServerImpl.java:logAppendEntries(1549)) - s1@group-2527C568F951: appendEntries* reply s0<-s1#4611:OK-t1,SUCCESS,nextIndex=27,followerCommit=25,matchIndex=26
2024-10-16 23:57:18,005 DEBUG server.RaftServer$Division (RaftServerImpl.java:submitClientRequestAsync(920)) - s0@group-2527C568F951: receive client request(RaftClientRequest:client-893DBB590F16->s0@group-2527C568F951, cid=4613, seq=null, RW, Message:01016202403800000000...(size=12))
2024-10-16 23:57:18,005 DEBUG server.RaftServer$Division (LeaderStateImpl.java:addPendingRequest(529)) - s0@group-2527C568F951-LeaderStateImpl: addPendingRequest at RaftClientRequest:client-893DBB590F16->s0@group-2527C568F951, cid=4613, seq=null, RW, Message:01016202403800000000...(size=12), entry=(t:1, i:27), STATEMACHINELOGENTRY, WRITE: logData.size=12, stateMachineData.size=0, logEntryProtoSerializedSize=0
2024-10-16 23:57:18,006 DEBUG server.RaftServer$Division (RaftServerImpl.java:logAppendEntries(1549)) - s10@group-2527C568F951: appendEntries* s0->s10#4614-t1,previous=(t:1, i:26),leaderCommit=26,initializing? false,entries: size=1, first=(t:1, i:27), STATEMACHINELOGENTRY, StateMachineLogEntryProto:4613@client-893DBB590F16
2024-10-16 23:57:18,006 DEBUG server.RaftServer$Division (RaftServerImpl.java:logAppendEntries(1549)) - s1@group-2527C568F951: appendEntries* s0->s1#4615-t1,previous=(t:1, i:26),leaderCommit=26,initializing? false,entries: size=1, first=(t:1, i:27), STATEMACHINELOGENTRY, StateMachineLogEntryProto:4613@client-893DBB590F16
2024-10-16 23:57:18,006 DEBUG server.RaftServer$Division (RaftServerImpl.java:logAppendEntries(1549)) - s10@group-2527C568F951: appendEntries* reply s0<-s10#4614:OK-t1,SUCCESS,nextIndex=28,followerCommit=26,matchIndex=27
2024-10-16 23:57:18,006 DEBUG server.RaftServer$Division (RaftServerImpl.java:logAppendEntries(1549)) - s1@group-2527C568F951: appendEntries* reply s0<-s1#4615:OK-t1,SUCCESS,nextIndex=28,followerCommit=26,matchIndex=27
2024-10-16 23:57:18,007 INFO  statemachine.StateMachine (ArithmeticStateMachine.java:applyTransaction(181)) - LEADER:s0-27: b = 24 = 24
2024-10-16 23:57:18,007 DEBUG server.RaftServer$Division (RaftServerImpl.java:logAppendEntries(1549)) - s10@group-2527C568F951: appendEntries* s0->s10#4616-t1,previous=(t:1, i:27),leaderCommit=27,initializing? false,entries: size=1, first=(t:1, i:28), METADATAENTRY(c:27)
2024-10-16 23:57:18,008 DEBUG server.RaftServer$Division (RaftServerImpl.java:logAppendEntries(1549)) - s10@group-2527C568F951: appendEntries* reply s0<-s10#4616:OK-t1,SUCCESS,nextIndex=29,followerCommit=27,matchIndex=28
2024-10-16 23:57:18,008 DEBUG server.RaftServer$Division (RaftServerImpl.java:logAppendEntries(1549)) - s1@group-2527C568F951: appendEntries* s0->s1#4617-t1,previous=(t:1, i:27),leaderCommit=27,initializing? false,entries: size=1, first=(t:1, i:28), METADATAENTRY(c:27)
2024-10-16 23:57:18,008 DEBUG server.RaftServer$Division (RaftServerImpl.java:submitClientRequestAsync(920)) - s0@group-2527C568F951: receive client request(RaftClientRequest:client-893DBB590F16->s0@group-2527C568F951, cid=4618, seq=null, RW, Message:01016304010300040201...(size=17))
2024-10-16 23:57:18,008 DEBUG server.RaftServer$Division (RaftServerImpl.java:logAppendEntries(1549)) - s1@group-2527C568F951: appendEntries* reply s0<-s1#4617:OK-t1,SUCCESS,nextIndex=29,followerCommit=27,matchIndex=28
2024-10-16 23:57:18,009 DEBUG server.RaftServer$Division (LeaderStateImpl.java:addPendingRequest(529)) - s0@group-2527C568F951-LeaderStateImpl: addPendingRequest at RaftClientRequest:client-893DBB590F16->s0@group-2527C568F951, cid=4618, seq=null, RW, Message:01016304010300040201...(size=17), entry=(t:1, i:29), STATEMACHINELOGENTRY, WRITE: logData.size=17, stateMachineData.size=0, logEntryProtoSerializedSize=0
2024-10-16 23:57:18,009 DEBUG server.RaftServer$Division (RaftServerImpl.java:logAppendEntries(1549)) - s10@group-2527C568F951: appendEntries* s0->s10#4620-t1,previous=(t:1, i:28),leaderCommit=28,initializing? false,entries: size=1, first=(t:1, i:29), STATEMACHINELOGENTRY, StateMachineLogEntryProto:4618@client-893DBB590F16
2024-10-16 23:57:18,009 DEBUG server.RaftServer$Division (RaftServerImpl.java:logAppendEntries(1549)) - s10@group-2527C568F951: appendEntries* reply s0<-s10#4620:OK-t1,SUCCESS,nextIndex=30,followerCommit=28,matchIndex=29
2024-10-16 23:57:18,010 DEBUG server.RaftServer$Division (RaftServerImpl.java:logAppendEntries(1549)) - s1@group-2527C568F951: appendEntries* s0->s1#4619-t1,previous=(t:1, i:28),leaderCommit=28,initializing? false,entries: size=1, first=(t:1, i:29), STATEMACHINELOGENTRY, StateMachineLogEntryProto:4618@client-893DBB590F16
2024-10-16 23:57:18,010 INFO  statemachine.StateMachine (ArithmeticStateMachine.java:applyTransaction(181)) - LEADER:s0-29: c = √(a^2 + b^2) = 25
2024-10-16 23:57:18,010 DEBUG server.RaftServer$Division (RaftServerImpl.java:logAppendEntries(1549)) - s10@group-2527C568F951: appendEntries* s0->s10#4621-t1,previous=(t:1, i:29),leaderCommit=29,initializing? false,entries: size=1, first=(t:1, i:30), METADATAENTRY(c:29)
2024-10-16 23:57:18,010 DEBUG server.RaftServer$Division (RaftServerImpl.java:submitClientRequestAsync(920)) - s0@group-2527C568F951: receive client request(RaftClientRequest:client-893DBB590F16->s0@group-2527C568F951, cid=4622, seq=null, RW, Message:01016100)
2024-10-16 23:57:18,011 DEBUG server.RaftServer$Division (LeaderStateImpl.java:addPendingRequest(529)) - s0@group-2527C568F951-LeaderStateImpl: addPendingRequest at RaftClientRequest:client-893DBB590F16->s0@group-2527C568F951, cid=4622, seq=null, RW, Message:01016100, entry=(t:1, i:31), STATEMACHINELOGENTRY, WRITE: logData.size=4, stateMachineData.size=0, logEntryProtoSerializedSize=0
2024-10-16 23:57:18,011 DEBUG server.RaftServer$Division (RaftServerImpl.java:logAppendEntries(1549)) - s10@group-2527C568F951: appendEntries* reply s0<-s10#4621:OK-t1,SUCCESS,nextIndex=31,followerCommit=29,matchIndex=30
2024-10-16 23:57:18,011 DEBUG server.RaftServer$Division (RaftServerImpl.java:logAppendEntries(1549)) - s1@group-2527C568F951: appendEntries* reply s0<-s1#4619:OK-t1,SUCCESS,nextIndex=30,followerCommit=28,matchIndex=29
2024-10-16 23:57:18,011 DEBUG server.RaftServer$Division (RaftServerImpl.java:logAppendEntries(1549)) - s10@group-2527C568F951: appendEntries* s0->s10#4623-t1,previous=(t:1, i:30),leaderCommit=30,initializing? false,entries: size=1, first=(t:1, i:31), STATEMACHINELOGENTRY, StateMachineLogEntryProto:4622@client-893DBB590F16
2024-10-16 23:57:18,012 DEBUG server.RaftServer$Division (RaftServerImpl.java:logAppendEntries(1549)) - s10@group-2527C568F951: appendEntries* reply s0<-s10#4623:OK-t1,SUCCESS,nextIndex=32,followerCommit=30,matchIndex=31
2024-10-16 23:57:18,012 INFO  statemachine.StateMachine (ArithmeticStateMachine.java:applyTransaction(181)) - LEADER:s0-31: a = null = null
2024-10-16 23:57:18,013 DEBUG server.RaftServer$Division (RaftServerImpl.java:logAppendEntries(1549)) - s10@group-2527C568F951: appendEntries* s0->s10#4625-t1,previous=(t:1, i:31),leaderCommit=31,initializing? false,entries: size=1, first=(t:1, i:32), METADATAENTRY(c:31)
2024-10-16 23:57:18,013 DEBUG server.RaftServer$Division (RaftServerImpl.java:logAppendEntries(1549)) - s1@group-2527C568F951: appendEntries* s0->s1#4624-t1,previous=(t:1, i:29),leaderCommit=31,initializing? false,entries: size=3, first=(t:1, i:30), METADATAENTRY(c:29)
2024-10-16 23:57:18,013 DEBUG server.RaftServer$Division (RaftServerImpl.java:logAppendEntries(1549)) - s10@group-2527C568F951: appendEntries* reply s0<-s10#4625:OK-t1,SUCCESS,nextIndex=33,followerCommit=31,matchIndex=32
2024-10-16 23:57:18,014 DEBUG server.RaftServer$Division (RaftServerImpl.java:submitClientRequestAsync(920)) - s0@group-2527C568F951: receive client request(RaftClientRequest:client-893DBB590F16->s0@group-2527C568F951, cid=4626, seq=null, RW, Message:01016200)
2024-10-16 23:57:18,014 DEBUG server.RaftServer$Division (RaftServerImpl.java:logAppendEntries(1549)) - s1@group-2527C568F951: appendEntries* reply s0<-s1#4624:OK-t1,SUCCESS,nextIndex=33,followerCommit=31,matchIndex=32
2024-10-16 23:57:18,014 DEBUG server.RaftServer$Division (LeaderStateImpl.java:addPendingRequest(529)) - s0@group-2527C568F951-LeaderStateImpl: addPendingRequest at RaftClientRequest:client-893DBB590F16->s0@group-2527C568F951, cid=4626, seq=null, RW, Message:01016200, entry=(t:1, i:33), STATEMACHINELOGENTRY, WRITE: logData.size=4, stateMachineData.size=0, logEntryProtoSerializedSize=0
2024-10-16 23:57:18,015 DEBUG server.RaftServer$Division (RaftServerImpl.java:logAppendEntries(1549)) - s1@group-2527C568F951: appendEntries* s0->s1#4627-t1,previous=(t:1, i:32),leaderCommit=32,initializing? false,entries: size=1, first=(t:1, i:33), STATEMACHINELOGENTRY, StateMachineLogEntryProto:4626@client-893DBB590F16
2024-10-16 23:57:18,015 DEBUG server.RaftServer$Division (RaftServerImpl.java:logAppendEntries(1549)) - s10@group-2527C568F951: appendEntries* s0->s10#4628-t1,previous=(t:1, i:32),leaderCommit=32,initializing? false,entries: size=1, first=(t:1, i:33), STATEMACHINELOGENTRY, StateMachineLogEntryProto:4626@client-893DBB590F16
2024-10-16 23:57:18,015 DEBUG server.RaftServer$Division (RaftServerImpl.java:logAppendEntries(1549)) - s1@group-2527C568F951: appendEntries* reply s0<-s1#4627:OK-t1,SUCCESS,nextIndex=34,followerCommit=32,matchIndex=33
2024-10-16 23:57:18,015 DEBUG server.RaftServer$Division (RaftServerImpl.java:logAppendEntries(1549)) - s10@group-2527C568F951: appendEntries* reply s0<-s10#4628:OK-t1,SUCCESS,nextIndex=34,followerCommit=32,matchIndex=33
2024-10-16 23:57:18,016 INFO  statemachine.StateMachine (ArithmeticStateMachine.java:applyTransaction(181)) - LEADER:s0-33: b = null = null
2024-10-16 23:57:18,016 DEBUG server.RaftServer$Division (RaftServerImpl.java:logAppendEntries(1549)) - s1@group-2527C568F951: appendEntries* s0->s1#4630-t1,previous=(t:1, i:33),leaderCommit=33,initializing? false,entries: size=1, first=(t:1, i:34), METADATAENTRY(c:33)
2024-10-16 23:57:18,016 DEBUG server.RaftServer$Division (RaftServerImpl.java:logAppendEntries(1549)) - s10@group-2527C568F951: appendEntries* s0->s10#4629-t1,previous=(t:1, i:33),leaderCommit=33,initializing? false,entries: size=1, first=(t:1, i:34), METADATAENTRY(c:33)
2024-10-16 23:57:18,016 DEBUG server.RaftServer$Division (RaftServerImpl.java:logAppendEntries(1549)) - s1@group-2527C568F951: appendEntries* reply s0<-s1#4630:OK-t1,SUCCESS,nextIndex=35,followerCommit=33,matchIndex=34
2024-10-16 23:57:18,017 DEBUG server.RaftServer$Division (RaftServerImpl.java:logAppendEntries(1549)) - s10@group-2527C568F951: appendEntries* reply s0<-s10#4629:OK-t1,SUCCESS,nextIndex=35,followerCommit=33,matchIndex=34
2024-10-16 23:57:18,017 DEBUG server.RaftServer$Division (RaftServerImpl.java:submitClientRequestAsync(920)) - s0@group-2527C568F951: receive client request(RaftClientRequest:client-893DBB590F16->s0@group-2527C568F951, cid=4631, seq=null, RW, Message:01016300)
2024-10-16 23:57:18,017 DEBUG server.RaftServer$Division (LeaderStateImpl.java:addPendingRequest(529)) - s0@group-2527C568F951-LeaderStateImpl: addPendingRequest at RaftClientRequest:client-893DBB590F16->s0@group-2527C568F951, cid=4631, seq=null, RW, Message:01016300, entry=(t:1, i:35), STATEMACHINELOGENTRY, WRITE: logData.size=4, stateMachineData.size=0, logEntryProtoSerializedSize=0
2024-10-16 23:57:18,018 DEBUG server.RaftServer$Division (RaftServerImpl.java:logAppendEntries(1549)) - s10@group-2527C568F951: appendEntries* s0->s10#4632-t1,previous=(t:1, i:34),leaderCommit=34,initializing? false,entries: size=1, first=(t:1, i:35), STATEMACHINELOGENTRY, StateMachineLogEntryProto:4631@client-893DBB590F16
2024-10-16 23:57:18,018 DEBUG server.RaftServer$Division (RaftServerImpl.java:logAppendEntries(1549)) - s10@group-2527C568F951: appendEntries* reply s0<-s10#4632:OK-t1,SUCCESS,nextIndex=36,followerCommit=34,matchIndex=35
2024-10-16 23:57:18,018 INFO  statemachine.StateMachine (ArithmeticStateMachine.java:applyTransaction(181)) - LEADER:s0-35: c = null = null
2024-10-16 23:57:18,019 DEBUG server.RaftServer$Division (RaftServerImpl.java:logAppendEntries(1549)) - s10@group-2527C568F951: appendEntries* s0->s10#4634-t1,previous=(t:1, i:35),leaderCommit=35,initializing? false,entries: size=1, first=(t:1, i:36), METADATAENTRY(c:35)
2024-10-16 23:57:18,019 DEBUG server.RaftServer$Division (RaftServerImpl.java:logAppendEntries(1549)) - s10@group-2527C568F951: appendEntries* reply s0<-s10#4634:OK-t1,SUCCESS,nextIndex=37,followerCommit=35,matchIndex=36
2024-10-16 23:57:18,019 DEBUG server.RaftServer$Division (RaftServerImpl.java:submitClientRequestAsync(920)) - s0@group-2527C568F951: receive client request(RaftClientRequest:client-893DBB590F16->s0@group-2527C568F951, cid=4635, seq=null, RW, Message:01016102402200000000...(size=12))
2024-10-16 23:57:18,020 DEBUG server.RaftServer$Division (LeaderStateImpl.java:addPendingRequest(529)) - s0@group-2527C568F951-LeaderStateImpl: addPendingRequest at RaftClientRequest:client-893DBB590F16->s0@group-2527C568F951, cid=4635, seq=null, RW, Message:01016102402200000000...(size=12), entry=(t:1, i:37), STATEMACHINELOGENTRY, WRITE: logData.size=12, stateMachineData.size=0, logEntryProtoSerializedSize=0
2024-10-16 23:57:18,020 DEBUG server.RaftServer$Division (RaftServerImpl.java:logAppendEntries(1549)) - s10@group-2527C568F951: appendEntries* s0->s10#4636-t1,previous=(t:1, i:36),leaderCommit=36,initializing? false,entries: size=1, first=(t:1, i:37), STATEMACHINELOGENTRY, StateMachineLogEntryProto:4635@client-893DBB590F16
2024-10-16 23:57:18,021 DEBUG server.RaftServer$Division (RaftServerImpl.java:logAppendEntries(1549)) - s10@group-2527C568F951: appendEntries* reply s0<-s10#4636:OK-t1,SUCCESS,nextIndex=38,followerCommit=36,matchIndex=37
2024-10-16 23:57:18,021 INFO  statemachine.StateMachine (ArithmeticStateMachine.java:applyTransaction(181)) - LEADER:s0-37: a = 9 = 9
2024-10-16 23:57:18,018 DEBUG server.RaftServer$Division (RaftServerImpl.java:logAppendEntries(1549)) - s1@group-2527C568F951: appendEntries* s0->s1#4633-t1,previous=(t:1, i:34),leaderCommit=34,initializing? false,entries: size=1, first=(t:1, i:35), STATEMACHINELOGENTRY, StateMachineLogEntryProto:4631@client-893DBB590F16
2024-10-16 23:57:18,022 DEBUG server.RaftServer$Division (RaftServerImpl.java:logAppendEntries(1549)) - s10@group-2527C568F951: appendEntries* s0->s10#4637-t1,previous=(t:1, i:37),leaderCommit=37,initializing? false,entries: size=1, first=(t:1, i:38), METADATAENTRY(c:37)
2024-10-16 23:57:18,022 DEBUG server.RaftServer$Division (RaftServerImpl.java:logAppendEntries(1549)) - s1@group-2527C568F951: appendEntries* reply s0<-s1#4633:OK-t1,SUCCESS,nextIndex=36,followerCommit=34,matchIndex=35
2024-10-16 23:57:18,022 DEBUG server.RaftServer$Division (RaftServerImpl.java:submitClientRequestAsync(920)) - s0@group-2527C568F951: receive client request(RaftClientRequest:client-893DBB590F16->s0@group-2527C568F951, cid=4638, seq=null, RW, Message:01016202404400000000...(size=12))
2024-10-16 23:57:18,022 DEBUG server.RaftServer$Division (RaftServerImpl.java:logAppendEntries(1549)) - s10@group-2527C568F951: appendEntries* reply s0<-s10#4637:OK-t1,SUCCESS,nextIndex=39,followerCommit=37,matchIndex=38
2024-10-16 23:57:18,023 DEBUG server.RaftServer$Division (RaftServerImpl.java:logAppendEntries(1549)) - s1@group-2527C568F951: appendEntries* s0->s1#4639-t1,previous=(t:1, i:35),leaderCommit=37,initializing? false,entries: size=3, first=(t:1, i:36), METADATAENTRY(c:35)
2024-10-16 23:57:18,023 DEBUG server.RaftServer$Division (LeaderStateImpl.java:addPendingRequest(529)) - s0@group-2527C568F951-LeaderStateImpl: addPendingRequest at RaftClientRequest:client-893DBB590F16->s0@group-2527C568F951, cid=4638, seq=null, RW, Message:01016202404400000000...(size=12), entry=(t:1, i:39), STATEMACHINELOGENTRY, WRITE: logData.size=12, stateMachineData.size=0, logEntryProtoSerializedSize=0
2024-10-16 23:57:18,024 DEBUG server.RaftServer$Division (RaftServerImpl.java:logAppendEntries(1549)) - s10@group-2527C568F951: appendEntries* s0->s10#4640-t1,previous=(t:1, i:38),leaderCommit=38,initializing? false,entries: size=1, first=(t:1, i:39), STATEMACHINELOGENTRY, StateMachineLogEntryProto:4638@client-893DBB590F16
2024-10-16 23:57:18,024 DEBUG server.RaftServer$Division (RaftServerImpl.java:logAppendEntries(1549)) - s1@group-2527C568F951: appendEntries* reply s0<-s1#4639:OK-t1,SUCCESS,nextIndex=39,followerCommit=37,matchIndex=38
2024-10-16 23:57:18,024 DEBUG server.RaftServer$Division (RaftServerImpl.java:logAppendEntries(1549)) - s10@group-2527C568F951: appendEntries* reply s0<-s10#4640:OK-t1,SUCCESS,nextIndex=40,followerCommit=38,matchIndex=39
2024-10-16 23:57:18,025 INFO  statemachine.StateMachine (ArithmeticStateMachine.java:applyTransaction(181)) - LEADER:s0-39: b = 40 = 40
2024-10-16 23:57:18,025 DEBUG server.RaftServer$Division (RaftServerImpl.java:logAppendEntries(1549)) - s1@group-2527C568F951: appendEntries* s0->s1#4641-t1,previous=(t:1, i:38),leaderCommit=38,initializing? false,entries: size=1, first=(t:1, i:39), STATEMACHINELOGENTRY, StateMachineLogEntryProto:4638@client-893DBB590F16
2024-10-16 23:57:18,025 DEBUG server.RaftServer$Division (RaftServerImpl.java:logAppendEntries(1549)) - s10@group-2527C568F951: appendEntries* s0->s10#4642-t1,previous=(t:1, i:39),leaderCommit=39,initializing? false,entries: size=1, first=(t:1, i:40), METADATAENTRY(c:39)
2024-10-16 23:57:18,025 DEBUG server.RaftServer$Division (RaftServerImpl.java:logAppendEntries(1549)) - s1@group-2527C568F951: appendEntries* reply s0<-s1#4641:OK-t1,SUCCESS,nextIndex=40,followerCommit=38,matchIndex=39
2024-10-16 23:57:18,025 DEBUG server.RaftServer$Division (RaftServerImpl.java:logAppendEntries(1549)) - s10@group-2527C568F951: appendEntries* reply s0<-s10#4642:OK-t1,SUCCESS,nextIndex=41,followerCommit=39,matchIndex=40
2024-10-16 23:57:18,026 DEBUG server.RaftServer$Division (RaftServerImpl.java:submitClientRequestAsync(920)) - s0@group-2527C568F951: receive client request(RaftClientRequest:client-893DBB590F16->s0@group-2527C568F951, cid=4643, seq=null, RW, Message:01016304010300040201...(size=17))
2024-10-16 23:57:18,026 DEBUG server.RaftServer$Division (RaftServerImpl.java:logAppendEntries(1549)) - s1@group-2527C568F951: appendEntries* s0->s1#4644-t1,previous=(t:1, i:39),leaderCommit=39,initializing? false,entries: size=1, first=(t:1, i:40), METADATAENTRY(c:39)
2024-10-16 23:57:18,027 DEBUG server.RaftServer$Division (LeaderStateImpl.java:addPendingRequest(529)) - s0@group-2527C568F951-LeaderStateImpl: addPendingRequest at RaftClientRequest:client-893DBB590F16->s0@group-2527C568F951, cid=4643, seq=null, RW, Message:01016304010300040201...(size=17), entry=(t:1, i:41), STATEMACHINELOGENTRY, WRITE: logData.size=17, stateMachineData.size=0, logEntryProtoSerializedSize=0
2024-10-16 23:57:18,027 DEBUG server.RaftServer$Division (RaftServerImpl.java:logAppendEntries(1549)) - s1@group-2527C568F951: appendEntries* reply s0<-s1#4644:OK-t1,SUCCESS,nextIndex=41,followerCommit=39,matchIndex=40
2024-10-16 23:57:18,027 DEBUG server.RaftServer$Division (RaftServerImpl.java:logAppendEntries(1549)) - s10@group-2527C568F951: appendEntries* s0->s10#4645-t1,previous=(t:1, i:40),leaderCommit=40,initializing? false,entries: size=1, first=(t:1, i:41), STATEMACHINELOGENTRY, StateMachineLogEntryProto:4643@client-893DBB590F16
2024-10-16 23:57:18,028 DEBUG server.RaftServer$Division (RaftServerImpl.java:logAppendEntries(1549)) - s1@group-2527C568F951: appendEntries* s0->s1#4646-t1,previous=(t:1, i:40),leaderCommit=40,initializing? false,entries: size=1, first=(t:1, i:41), STATEMACHINELOGENTRY, StateMachineLogEntryProto:4643@client-893DBB590F16
2024-10-16 23:57:18,028 DEBUG server.RaftServer$Division (RaftServerImpl.java:logAppendEntries(1549)) - s10@group-2527C568F951: appendEntries* reply s0<-s10#4645:OK-t1,SUCCESS,nextIndex=42,followerCommit=40,matchIndex=41
2024-10-16 23:57:18,028 INFO  statemachine.StateMachine (ArithmeticStateMachine.java:applyTransaction(181)) - LEADER:s0-41: c = √(a^2 + b^2) = 41
2024-10-16 23:57:18,028 DEBUG server.RaftServer$Division (RaftServerImpl.java:logAppendEntries(1549)) - s1@group-2527C568F951: appendEntries* reply s0<-s1#4646:OK-t1,SUCCESS,nextIndex=42,followerCommit=40,matchIndex=41
2024-10-16 23:57:18,029 DEBUG server.RaftServer$Division (RaftServerImpl.java:logAppendEntries(1549)) - s10@group-2527C568F951: appendEntries* s0->s10#4647-t1,previous=(t:1, i:41),leaderCommit=41,initializing? false,entries: size=1, first=(t:1, i:42), METADATAENTRY(c:41)
2024-10-16 23:57:18,029 DEBUG server.RaftServer$Division (RaftServerImpl.java:logAppendEntries(1549)) - s1@group-2527C568F951: appendEntries* s0->s1#4648-t1,previous=(t:1, i:41),leaderCommit=41,initializing? false,entries: size=1, first=(t:1, i:42), METADATAENTRY(c:41)
2024-10-16 23:57:18,029 DEBUG server.RaftServer$Division (RaftServerImpl.java:logAppendEntries(1549)) - s10@group-2527C568F951: appendEntries* reply s0<-s10#4647:OK-t1,SUCCESS,nextIndex=43,followerCommit=41,matchIndex=42
2024-10-16 23:57:18,030 DEBUG server.RaftServer$Division (RaftServerImpl.java:submitClientRequestAsync(920)) - s0@group-2527C568F951: receive client request(RaftClientRequest:client-893DBB590F16->s0@group-2527C568F951, cid=4649, seq=null, RW, Message:01016100)
2024-10-16 23:57:18,030 DEBUG server.RaftServer$Division (LeaderStateImpl.java:addPendingRequest(529)) - s0@group-2527C568F951-LeaderStateImpl: addPendingRequest at RaftClientRequest:client-893DBB590F16->s0@group-2527C568F951, cid=4649, seq=null, RW, Message:01016100, entry=(t:1, i:43), STATEMACHINELOGENTRY, WRITE: logData.size=4, stateMachineData.size=0, logEntryProtoSerializedSize=0
2024-10-16 23:57:18,030 DEBUG server.RaftServer$Division (RaftServerImpl.java:logAppendEntries(1549)) - s10@group-2527C568F951: appendEntries* s0->s10#4650-t1,previous=(t:1, i:42),leaderCommit=42,initializing? false,entries: size=1, first=(t:1, i:43), STATEMACHINELOGENTRY, StateMachineLogEntryProto:4649@client-893DBB590F16
2024-10-16 23:57:18,031 DEBUG server.RaftServer$Division (RaftServerImpl.java:logAppendEntries(1549)) - s1@group-2527C568F951: appendEntries* reply s0<-s1#4648:OK-t1,SUCCESS,nextIndex=43,followerCommit=41,matchIndex=42
2024-10-16 23:57:18,031 DEBUG server.RaftServer$Division (RaftServerImpl.java:logAppendEntries(1549)) - s10@group-2527C568F951: appendEntries* reply s0<-s10#4650:OK-t1,SUCCESS,nextIndex=44,followerCommit=42,matchIndex=43
2024-10-16 23:57:18,032 INFO  statemachine.StateMachine (ArithmeticStateMachine.java:applyTransaction(181)) - LEADER:s0-43: a = null = null
2024-10-16 23:57:18,032 DEBUG server.RaftServer$Division (RaftServerImpl.java:logAppendEntries(1549)) - s1@group-2527C568F951: appendEntries* s0->s1#4651-t1,previous=(t:1, i:42),leaderCommit=42,initializing? false,entries: size=1, first=(t:1, i:43), STATEMACHINELOGENTRY, StateMachineLogEntryProto:4649@client-893DBB590F16
2024-10-16 23:57:18,032 DEBUG server.RaftServer$Division (RaftServerImpl.java:logAppendEntries(1549)) - s10@group-2527C568F951: appendEntries* s0->s10#4652-t1,previous=(t:1, i:43),leaderCommit=43,initializing? false,entries: size=1, first=(t:1, i:44), METADATAENTRY(c:43)
2024-10-16 23:57:18,032 DEBUG server.RaftServer$Division (RaftServerImpl.java:logAppendEntries(1549)) - s1@group-2527C568F951: appendEntries* reply s0<-s1#4651:OK-t1,SUCCESS,nextIndex=44,followerCommit=42,matchIndex=43
2024-10-16 23:57:18,033 DEBUG server.RaftServer$Division (RaftServerImpl.java:logAppendEntries(1549)) - s10@group-2527C568F951: appendEntries* reply s0<-s10#4652:OK-t1,SUCCESS,nextIndex=45,followerCommit=43,matchIndex=44
2024-10-16 23:57:18,033 DEBUG server.RaftServer$Division (RaftServerImpl.java:logAppendEntries(1549)) - s1@group-2527C568F951: appendEntries* s0->s1#4654-t1,previous=(t:1, i:43),leaderCommit=43,initializing? false,entries: size=1, first=(t:1, i:44), METADATAENTRY(c:43)
2024-10-16 23:57:18,034 DEBUG server.RaftServer$Division (RaftServerImpl.java:logAppendEntries(1549)) - s1@group-2527C568F951: appendEntries* reply s0<-s1#4654:OK-t1,SUCCESS,nextIndex=45,followerCommit=43,matchIndex=44
2024-10-16 23:57:18,034 DEBUG server.RaftServer$Division (RaftServerImpl.java:submitClientRequestAsync(920)) - s0@group-2527C568F951: receive client request(RaftClientRequest:client-893DBB590F16->s0@group-2527C568F951, cid=4653, seq=null, RW, Message:01016200)
2024-10-16 23:57:18,034 DEBUG server.RaftServer$Division (LeaderStateImpl.java:addPendingRequest(529)) - s0@group-2527C568F951-LeaderStateImpl: addPendingRequest at RaftClientRequest:client-893DBB590F16->s0@group-2527C568F951, cid=4653, seq=null, RW, Message:01016200, entry=(t:1, i:45), STATEMACHINELOGENTRY, WRITE: logData.size=4, stateMachineData.size=0, logEntryProtoSerializedSize=0
2024-10-16 23:57:18,035 DEBUG server.RaftServer$Division (RaftServerImpl.java:logAppendEntries(1549)) - s10@group-2527C568F951: appendEntries* s0->s10#4655-t1,previous=(t:1, i:44),leaderCommit=44,initializing? false,entries: size=1, first=(t:1, i:45), STATEMACHINELOGENTRY, StateMachineLogEntryProto:4653@client-893DBB590F16
2024-10-16 23:57:18,035 DEBUG server.RaftServer$Division (RaftServerImpl.java:logAppendEntries(1549)) - s1@group-2527C568F951: appendEntries* s0->s1#4656-t1,previous=(t:1, i:44),leaderCommit=44,initializing? false,entries: size=1, first=(t:1, i:45), STATEMACHINELOGENTRY, StateMachineLogEntryProto:4653@client-893DBB590F16
2024-10-16 23:57:18,035 DEBUG server.RaftServer$Division (RaftServerImpl.java:logAppendEntries(1549)) - s10@group-2527C568F951: appendEntries* reply s0<-s10#4655:OK-t1,SUCCESS,nextIndex=46,followerCommit=44,matchIndex=45
2024-10-16 23:57:18,035 DEBUG server.RaftServer$Division (RaftServerImpl.java:logAppendEntries(1549)) - s1@group-2527C568F951: appendEntries* reply s0<-s1#4656:OK-t1,SUCCESS,nextIndex=46,followerCommit=44,matchIndex=45
2024-10-16 23:57:18,035 INFO  statemachine.StateMachine (ArithmeticStateMachine.java:applyTransaction(181)) - LEADER:s0-45: b = null = null
2024-10-16 23:57:18,036 DEBUG server.RaftServer$Division (RaftServerImpl.java:logAppendEntries(1549)) - s1@group-2527C568F951: appendEntries* s0->s1#4657-t1,previous=(t:1, i:45),leaderCommit=45,initializing? false,entries: size=1, first=(t:1, i:46), METADATAENTRY(c:45)
2024-10-16 23:57:18,036 DEBUG server.RaftServer$Division (RaftServerImpl.java:logAppendEntries(1549)) - s10@group-2527C568F951: appendEntries* s0->s10#4658-t1,previous=(t:1, i:45),leaderCommit=45,initializing? false,entries: size=1, first=(t:1, i:46), METADATAENTRY(c:45)
2024-10-16 23:57:18,037 DEBUG server.RaftServer$Division (RaftServerImpl.java:logAppendEntries(1549)) - s1@group-2527C568F951: appendEntries* reply s0<-s1#4657:OK-t1,SUCCESS,nextIndex=47,followerCommit=45,matchIndex=46
2024-10-16 23:57:18,037 DEBUG server.RaftServer$Division (RaftServerImpl.java:logAppendEntries(1549)) - s10@group-2527C568F951: appendEntries* reply s0<-s10#4658:OK-t1,SUCCESS,nextIndex=47,followerCommit=45,matchIndex=46
2024-10-16 23:57:18,037 DEBUG server.RaftServer$Division (RaftServerImpl.java:submitClientRequestAsync(920)) - s0@group-2527C568F951: receive client request(RaftClientRequest:client-893DBB590F16->s0@group-2527C568F951, cid=4659, seq=null, RW, Message:01016300)
2024-10-16 23:57:18,037 DEBUG server.RaftServer$Division (LeaderStateImpl.java:addPendingRequest(529)) - s0@group-2527C568F951-LeaderStateImpl: addPendingRequest at RaftClientRequest:client-893DBB590F16->s0@group-2527C568F951, cid=4659, seq=null, RW, Message:01016300, entry=(t:1, i:47), STATEMACHINELOGENTRY, WRITE: logData.size=4, stateMachineData.size=0, logEntryProtoSerializedSize=0
2024-10-16 23:57:18,038 DEBUG server.RaftServer$Division (RaftServerImpl.java:logAppendEntries(1549)) - s10@group-2527C568F951: appendEntries* s0->s10#4660-t1,previous=(t:1, i:46),leaderCommit=46,initializing? false,entries: size=1, first=(t:1, i:47), STATEMACHINELOGENTRY, StateMachineLogEntryProto:4659@client-893DBB590F16
2024-10-16 23:57:18,038 DEBUG server.RaftServer$Division (RaftServerImpl.java:logAppendEntries(1549)) - s1@group-2527C568F951: appendEntries* s0->s1#4661-t1,previous=(t:1, i:46),leaderCommit=46,initializing? false,entries: size=1, first=(t:1, i:47), STATEMACHINELOGENTRY, StateMachineLogEntryProto:4659@client-893DBB590F16
2024-10-16 23:57:18,038 DEBUG server.RaftServer$Division (RaftServerImpl.java:logAppendEntries(1549)) - s10@group-2527C568F951: appendEntries* reply s0<-s10#4660:OK-t1,SUCCESS,nextIndex=48,followerCommit=46,matchIndex=47
2024-10-16 23:57:18,039 INFO  statemachine.StateMachine (ArithmeticStateMachine.java:applyTransaction(181)) - LEADER:s0-47: c = null = null
2024-10-16 23:57:18,039 DEBUG server.RaftServer$Division (RaftServerImpl.java:logAppendEntries(1549)) - s1@group-2527C568F951: appendEntries* reply s0<-s1#4661:OK-t1,SUCCESS,nextIndex=48,followerCommit=46,matchIndex=47
2024-10-16 23:57:18,039 DEBUG server.RaftServer$Division (RaftServerImpl.java:logAppendEntries(1549)) - s10@group-2527C568F951: appendEntries* s0->s10#4662-t1,previous=(t:1, i:47),leaderCommit=47,initializing? false,entries: size=1, first=(t:1, i:48), METADATAENTRY(c:47)
2024-10-16 23:57:18,039 DEBUG server.RaftServer$Division (RaftServerImpl.java:logAppendEntries(1549)) - s10@group-2527C568F951: appendEntries* reply s0<-s10#4662:OK-t1,SUCCESS,nextIndex=49,followerCommit=47,matchIndex=48
2024-10-16 23:57:18,040 DEBUG server.RaftServer$Division (RaftServerImpl.java:logAppendEntries(1549)) - s1@group-2527C568F951: appendEntries* s0->s1#4663-t1,previous=(t:1, i:47),leaderCommit=47,initializing? false,entries: size=1, first=(t:1, i:48), METADATAENTRY(c:47)
2024-10-16 23:57:18,040 DEBUG server.RaftServer$Division (RaftServerImpl.java:logAppendEntries(1549)) - s1@group-2527C568F951: appendEntries* reply s0<-s1#4663:OK-t1,SUCCESS,nextIndex=49,followerCommit=47,matchIndex=48
2024-10-16 23:57:18,040 DEBUG server.RaftServer$Division (RaftServerImpl.java:submitClientRequestAsync(920)) - s0@group-2527C568F951: receive client request(RaftClientRequest:client-893DBB590F16->s0@group-2527C568F951, cid=4664, seq=null, RW, Message:01016102402600000000...(size=12))
2024-10-16 23:57:18,041 DEBUG server.RaftServer$Division (LeaderStateImpl.java:addPendingRequest(529)) - s0@group-2527C568F951-LeaderStateImpl: addPendingRequest at RaftClientRequest:client-893DBB590F16->s0@group-2527C568F951, cid=4664, seq=null, RW, Message:01016102402600000000...(size=12), entry=(t:1, i:49), STATEMACHINELOGENTRY, WRITE: logData.size=12, stateMachineData.size=0, logEntryProtoSerializedSize=0
2024-10-16 23:57:18,041 DEBUG server.RaftServer$Division (RaftServerImpl.java:logAppendEntries(1549)) - s10@group-2527C568F951: appendEntries* s0->s10#4665-t1,previous=(t:1, i:48),leaderCommit=48,initializing? false,entries: size=1, first=(t:1, i:49), STATEMACHINELOGENTRY, StateMachineLogEntryProto:4664@client-893DBB590F16
2024-10-16 23:57:18,041 DEBUG server.RaftServer$Division (RaftServerImpl.java:logAppendEntries(1549)) - s1@group-2527C568F951: appendEntries* s0->s1#4666-t1,previous=(t:1, i:48),leaderCommit=48,initializing? false,entries: size=1, first=(t:1, i:49), STATEMACHINELOGENTRY, StateMachineLogEntryProto:4664@client-893DBB590F16
2024-10-16 23:57:18,042 DEBUG server.RaftServer$Division (RaftServerImpl.java:logAppendEntries(1549)) - s10@group-2527C568F951: appendEntries* reply s0<-s10#4665:OK-t1,SUCCESS,nextIndex=50,followerCommit=48,matchIndex=49
2024-10-16 23:57:18,042 DEBUG server.RaftServer$Division (RaftServerImpl.java:logAppendEntries(1549)) - s1@group-2527C568F951: appendEntries* reply s0<-s1#4666:OK-t1,SUCCESS,nextIndex=50,followerCommit=48,matchIndex=49
2024-10-16 23:57:18,042 INFO  statemachine.StateMachine (ArithmeticStateMachine.java:applyTransaction(181)) - LEADER:s0-49: a = 11 = 11
2024-10-16 23:57:18,042 DEBUG server.RaftServer$Division (RaftServerImpl.java:submitClientRequestAsync(920)) - s0@group-2527C568F951: receive client request(RaftClientRequest:client-893DBB590F16->s0@group-2527C568F951, cid=4668, seq=null, RW, Message:01016202404e00000000...(size=12))
2024-10-16 23:57:18,043 DEBUG server.RaftServer$Division (RaftServerImpl.java:logAppendEntries(1549)) - s10@group-2527C568F951: appendEntries* s0->s10#4669-t1,previous=(t:1, i:49),leaderCommit=49,initializing? false,entries: size=1, first=(t:1, i:50), METADATAENTRY(c:49)
2024-10-16 23:57:18,043 DEBUG server.RaftServer$Division (LeaderStateImpl.java:addPendingRequest(529)) - s0@group-2527C568F951-LeaderStateImpl: addPendingRequest at RaftClientRequest:client-893DBB590F16->s0@group-2527C568F951, cid=4668, seq=null, RW, Message:01016202404e00000000...(size=12), entry=(t:1, i:51), STATEMACHINELOGENTRY, WRITE: logData.size=12, stateMachineData.size=0, logEntryProtoSerializedSize=0
2024-10-16 23:57:18,043 DEBUG server.RaftServer$Division (RaftServerImpl.java:logAppendEntries(1549)) - s10@group-2527C568F951: appendEntries* reply s0<-s10#4669:OK-t1,SUCCESS,nextIndex=51,followerCommit=49,matchIndex=50
2024-10-16 23:57:18,044 DEBUG server.RaftServer$Division (RaftServerImpl.java:logAppendEntries(1549)) - s10@group-2527C568F951: appendEntries* s0->s10#4670-t1,previous=(t:1, i:50),leaderCommit=50,initializing? false,entries: size=1, first=(t:1, i:51), STATEMACHINELOGENTRY, StateMachineLogEntryProto:4668@client-893DBB590F16
2024-10-16 23:57:18,044 DEBUG server.RaftServer$Division (RaftServerImpl.java:logAppendEntries(1549)) - s10@group-2527C568F951: appendEntries* reply s0<-s10#4670:OK-t1,SUCCESS,nextIndex=52,followerCommit=50,matchIndex=51
2024-10-16 23:57:18,044 INFO  statemachine.StateMachine (ArithmeticStateMachine.java:applyTransaction(181)) - LEADER:s0-51: b = 60 = 60
2024-10-16 23:57:18,045 DEBUG server.RaftServer$Division (RaftServerImpl.java:logAppendEntries(1549)) - s10@group-2527C568F951: appendEntries* s0->s10#4671-t1,previous=(t:1, i:51),leaderCommit=51,initializing? false,entries: size=1, first=(t:1, i:52), METADATAENTRY(c:51)
2024-10-16 23:57:18,045 DEBUG server.RaftServer$Division (RaftServerImpl.java:submitClientRequestAsync(920)) - s0@group-2527C568F951: receive client request(RaftClientRequest:client-893DBB590F16->s0@group-2527C568F951, cid=4672, seq=null, RW, Message:01016304010300040201...(size=17))
2024-10-16 23:57:18,045 DEBUG server.RaftServer$Division (LeaderStateImpl.java:addPendingRequest(529)) - s0@group-2527C568F951-LeaderStateImpl: addPendingRequest at RaftClientRequest:client-893DBB590F16->s0@group-2527C568F951, cid=4672, seq=null, RW, Message:01016304010300040201...(size=17), entry=(t:1, i:53), STATEMACHINELOGENTRY, WRITE: logData.size=17, stateMachineData.size=0, logEntryProtoSerializedSize=0
2024-10-16 23:57:18,045 DEBUG server.RaftServer$Division (RaftServerImpl.java:logAppendEntries(1549)) - s10@group-2527C568F951: appendEntries* reply s0<-s10#4671:OK-t1,SUCCESS,nextIndex=53,followerCommit=51,matchIndex=52
2024-10-16 23:57:18,046 DEBUG server.RaftServer$Division (RaftServerImpl.java:logAppendEntries(1549)) - s10@group-2527C568F951: appendEntries* s0->s10#4673-t1,previous=(t:1, i:52),leaderCommit=51,initializing? false,entries: size=1, first=(t:1, i:53), STATEMACHINELOGENTRY, StateMachineLogEntryProto:4672@client-893DBB590F16
2024-10-16 23:57:18,046 DEBUG server.RaftServer$Division (RaftServerImpl.java:logAppendEntries(1549)) - s10@group-2527C568F951: appendEntries* reply s0<-s10#4673:OK-t1,SUCCESS,nextIndex=54,followerCommit=51,matchIndex=53
2024-10-16 23:57:18,046 INFO  statemachine.StateMachine (ArithmeticStateMachine.java:applyTransaction(181)) - LEADER:s0-53: c = √(a^2 + b^2) = 61
2024-10-16 23:57:18,047 DEBUG server.RaftServer$Division (RaftServerImpl.java:logAppendEntries(1549)) - s10@group-2527C568F951: appendEntries* s0->s10#4674-t1,previous=(t:1, i:53),leaderCommit=53,initializing? false,entries: size=1, first=(t:1, i:54), METADATAENTRY(c:53)
2024-10-16 23:57:18,047 DEBUG server.RaftServer$Division (RaftServerImpl.java:submitClientRequestAsync(920)) - s0@group-2527C568F951: receive client request(RaftClientRequest:client-893DBB590F16->s0@group-2527C568F951, cid=4675, seq=null, RW, Message:01016100)
2024-10-16 23:57:18,047 DEBUG server.RaftServer$Division (LeaderStateImpl.java:addPendingRequest(529)) - s0@group-2527C568F951-LeaderStateImpl: addPendingRequest at RaftClientRequest:client-893DBB590F16->s0@group-2527C568F951, cid=4675, seq=null, RW, Message:01016100, entry=(t:1, i:55), STATEMACHINELOGENTRY, WRITE: logData.size=4, stateMachineData.size=0, logEntryProtoSerializedSize=0
2024-10-16 23:57:18,047 DEBUG server.RaftServer$Division (RaftServerImpl.java:logAppendEntries(1549)) - s10@group-2527C568F951: appendEntries* reply s0<-s10#4674:OK-t1,SUCCESS,nextIndex=55,followerCommit=53,matchIndex=54
2024-10-16 23:57:18,048 DEBUG server.RaftServer$Division (RaftServerImpl.java:logAppendEntries(1549)) - s10@group-2527C568F951: appendEntries* s0->s10#4676-t1,previous=(t:1, i:54),leaderCommit=54,initializing? false,entries: size=1, first=(t:1, i:55), STATEMACHINELOGENTRY, StateMachineLogEntryProto:4675@client-893DBB590F16
2024-10-16 23:57:18,048 DEBUG server.RaftServer$Division (RaftServerImpl.java:logAppendEntries(1549)) - s1@group-2527C568F951: appendEntries* s0->s1#4667-t1,previous=(t:1, i:49),leaderCommit=49,initializing? false,entries: size=1, first=(t:1, i:50), METADATAENTRY(c:49)
2024-10-16 23:57:18,048 DEBUG server.RaftServer$Division (RaftServerImpl.java:logAppendEntries(1549)) - s10@group-2527C568F951: appendEntries* reply s0<-s10#4676:OK-t1,SUCCESS,nextIndex=56,followerCommit=54,matchIndex=55
2024-10-16 23:57:18,048 DEBUG server.RaftServer$Division (RaftServerImpl.java:logAppendEntries(1549)) - s1@group-2527C568F951: appendEntries* reply s0<-s1#4667:OK-t1,SUCCESS,nextIndex=51,followerCommit=49,matchIndex=50
2024-10-16 23:57:18,048 INFO  statemachine.StateMachine (ArithmeticStateMachine.java:applyTransaction(181)) - LEADER:s0-55: a = null = null
2024-10-16 23:57:18,049 DEBUG server.RaftServer$Division (RaftServerImpl.java:logAppendEntries(1549)) - s10@group-2527C568F951: appendEntries* s0->s10#4678-t1,previous=(t:1, i:55),leaderCommit=55,initializing? false,entries: size=1, first=(t:1, i:56), METADATAENTRY(c:55)
2024-10-16 23:57:18,049 DEBUG server.RaftServer$Division (RaftServerImpl.java:logAppendEntries(1549)) - s1@group-2527C568F951: appendEntries* s0->s1#4677-t1,previous=(t:1, i:50),leaderCommit=55,initializing? false,entries: size=6, first=(t:1, i:51), STATEMACHINELOGENTRY, StateMachineLogEntryProto:4668@client-893DBB590F16
2024-10-16 23:57:18,049 DEBUG server.RaftServer$Division (RaftServerImpl.java:submitClientRequestAsync(920)) - s0@group-2527C568F951: receive client request(RaftClientRequest:client-893DBB590F16->s0@group-2527C568F951, cid=4679, seq=null, RW, Message:01016200)
2024-10-16 23:57:18,049 DEBUG server.RaftServer$Division (RaftServerImpl.java:logAppendEntries(1549)) - s10@group-2527C568F951: appendEntries* reply s0<-s10#4678:OK-t1,SUCCESS,nextIndex=57,followerCommit=55,matchIndex=56
2024-10-16 23:57:18,050 DEBUG server.RaftServer$Division (RaftServerImpl.java:logAppendEntries(1549)) - s1@group-2527C568F951: appendEntries* reply s0<-s1#4677:OK-t1,SUCCESS,nextIndex=57,followerCommit=55,matchIndex=56
2024-10-16 23:57:18,050 DEBUG server.RaftServer$Division (LeaderStateImpl.java:addPendingRequest(529)) - s0@group-2527C568F951-LeaderStateImpl: addPendingRequest at RaftClientRequest:client-893DBB590F16->s0@group-2527C568F951, cid=4679, seq=null, RW, Message:01016200, entry=(t:1, i:57), STATEMACHINELOGENTRY, WRITE: logData.size=4, stateMachineData.size=0, logEntryProtoSerializedSize=0
2024-10-16 23:57:18,050 DEBUG server.RaftServer$Division (RaftServerImpl.java:logAppendEntries(1549)) - s1@group-2527C568F951: appendEntries* s0->s1#4680-t1,previous=(t:1, i:56),leaderCommit=55,initializing? false,entries: size=1, first=(t:1, i:57), STATEMACHINELOGENTRY, StateMachineLogEntryProto:4679@client-893DBB590F16
2024-10-16 23:57:18,050 DEBUG server.RaftServer$Division (RaftServerImpl.java:logAppendEntries(1549)) - s10@group-2527C568F951: appendEntries* s0->s10#4681-t1,previous=(t:1, i:56),leaderCommit=55,initializing? false,entries: size=1, first=(t:1, i:57), STATEMACHINELOGENTRY, StateMachineLogEntryProto:4679@client-893DBB590F16
2024-10-16 23:57:18,051 DEBUG server.RaftServer$Division (RaftServerImpl.java:logAppendEntries(1549)) - s1@group-2527C568F951: appendEntries* reply s0<-s1#4680:OK-t1,SUCCESS,nextIndex=58,followerCommit=55,matchIndex=57
2024-10-16 23:57:18,051 DEBUG server.RaftServer$Division (RaftServerImpl.java:logAppendEntries(1549)) - s10@group-2527C568F951: appendEntries* reply s0<-s10#4681:OK-t1,SUCCESS,nextIndex=58,followerCommit=55,matchIndex=57
2024-10-16 23:57:18,051 INFO  statemachine.StateMachine (ArithmeticStateMachine.java:applyTransaction(181)) - LEADER:s0-57: b = null = null
2024-10-16 23:57:18,051 DEBUG server.RaftServer$Division (RaftServerImpl.java:logAppendEntries(1549)) - s10@group-2527C568F951: appendEntries* s0->s10#4682-t1,previous=(t:1, i:57),leaderCommit=57,initializing? false,entries: size=1, first=(t:1, i:58), METADATAENTRY(c:57)
2024-10-16 23:57:18,051 DEBUG server.RaftServer$Division (RaftServerImpl.java:logAppendEntries(1549)) - s1@group-2527C568F951: appendEntries* s0->s1#4683-t1,previous=(t:1, i:57),leaderCommit=57,initializing? false,entries: size=1, first=(t:1, i:58), METADATAENTRY(c:57)
2024-10-16 23:57:18,052 DEBUG server.RaftServer$Division (RaftServerImpl.java:logAppendEntries(1549)) - s10@group-2527C568F951: appendEntries* reply s0<-s10#4682:OK-t1,SUCCESS,nextIndex=59,followerCommit=57,matchIndex=58
2024-10-16 23:57:18,052 DEBUG server.RaftServer$Division (RaftServerImpl.java:logAppendEntries(1549)) - s1@group-2527C568F951: appendEntries* reply s0<-s1#4683:OK-t1,SUCCESS,nextIndex=59,followerCommit=57,matchIndex=58
2024-10-16 23:57:18,052 DEBUG server.RaftServer$Division (RaftServerImpl.java:submitClientRequestAsync(920)) - s0@group-2527C568F951: receive client request(RaftClientRequest:client-893DBB590F16->s0@group-2527C568F951, cid=4684, seq=null, RW, Message:01016300)
2024-10-16 23:57:18,052 DEBUG server.RaftServer$Division (LeaderStateImpl.java:addPendingRequest(529)) - s0@group-2527C568F951-LeaderStateImpl: addPendingRequest at RaftClientRequest:client-893DBB590F16->s0@group-2527C568F951, cid=4684, seq=null, RW, Message:01016300, entry=(t:1, i:59), STATEMACHINELOGENTRY, WRITE: logData.size=4, stateMachineData.size=0, logEntryProtoSerializedSize=0
2024-10-16 23:57:18,053 DEBUG server.RaftServer$Division (RaftServerImpl.java:logAppendEntries(1549)) - s10@group-2527C568F951: appendEntries* s0->s10#4685-t1,previous=(t:1, i:58),leaderCommit=58,initializing? false,entries: size=1, first=(t:1, i:59), STATEMACHINELOGENTRY, StateMachineLogEntryProto:4684@client-893DBB590F16
2024-10-16 23:57:18,053 DEBUG server.RaftServer$Division (RaftServerImpl.java:logAppendEntries(1549)) - s1@group-2527C568F951: appendEntries* s0->s1#4686-t1,previous=(t:1, i:58),leaderCommit=58,initializing? false,entries: size=1, first=(t:1, i:59), STATEMACHINELOGENTRY, StateMachineLogEntryProto:4684@client-893DBB590F16
2024-10-16 23:57:18,053 DEBUG server.RaftServer$Division (RaftServerImpl.java:logAppendEntries(1549)) - s10@group-2527C568F951: appendEntries* reply s0<-s10#4685:OK-t1,SUCCESS,nextIndex=60,followerCommit=58,matchIndex=59
2024-10-16 23:57:18,053 DEBUG server.RaftServer$Division (RaftServerImpl.java:logAppendEntries(1549)) - s1@group-2527C568F951: appendEntries* reply s0<-s1#4686:OK-t1,SUCCESS,nextIndex=60,followerCommit=58,matchIndex=59
2024-10-16 23:57:18,053 INFO  statemachine.StateMachine (ArithmeticStateMachine.java:applyTransaction(181)) - LEADER:s0-59: c = null = null
2024-10-16 23:57:18,054 DEBUG server.RaftServer$Division (RaftServerImpl.java:logAppendEntries(1549)) - s1@group-2527C568F951: appendEntries* s0->s1#4688-t1,previous=(t:1, i:59),leaderCommit=59,initializing? false,entries: size=1, first=(t:1, i:60), METADATAENTRY(c:59)
2024-10-16 23:57:18,054 DEBUG server.RaftServer$Division (RaftServerImpl.java:submitClientRequestAsync(920)) - s0@group-2527C568F951: receive client request(RaftClientRequest:client-893DBB590F16->s0@group-2527C568F951, cid=4687, seq=null, RW, Message:01016102402a00000000...(size=12))
2024-10-16 23:57:18,054 DEBUG server.RaftServer$Division (RaftServerImpl.java:logAppendEntries(1549)) - s10@group-2527C568F951: appendEntries* s0->s10#4689-t1,previous=(t:1, i:59),leaderCommit=59,initializing? false,entries: size=1, first=(t:1, i:60), METADATAENTRY(c:59)
2024-10-16 23:57:18,054 DEBUG server.RaftServer$Division (RaftServerImpl.java:logAppendEntries(1549)) - s1@group-2527C568F951: appendEntries* reply s0<-s1#4688:OK-t1,SUCCESS,nextIndex=61,followerCommit=59,matchIndex=60
2024-10-16 23:57:18,055 DEBUG server.RaftServer$Division (RaftServerImpl.java:logAppendEntries(1549)) - s10@group-2527C568F951: appendEntries* reply s0<-s10#4689:OK-t1,SUCCESS,nextIndex=61,followerCommit=59,matchIndex=60
2024-10-16 23:57:18,055 DEBUG server.RaftServer$Division (LeaderStateImpl.java:addPendingRequest(529)) - s0@group-2527C568F951-LeaderStateImpl: addPendingRequest at RaftClientRequest:client-893DBB590F16->s0@group-2527C568F951, cid=4687, seq=null, RW, Message:01016102402a00000000...(size=12), entry=(t:1, i:61), STATEMACHINELOGENTRY, WRITE: logData.size=12, stateMachineData.size=0, logEntryProtoSerializedSize=0
2024-10-16 23:57:18,055 DEBUG server.RaftServer$Division (RaftServerImpl.java:logAppendEntries(1549)) - s10@group-2527C568F951: appendEntries* s0->s10#4691-t1,previous=(t:1, i:60),leaderCommit=59,initializing? false,entries: size=1, first=(t:1, i:61), STATEMACHINELOGENTRY, StateMachineLogEntryProto:4687@client-893DBB590F16
2024-10-16 23:57:18,055 DEBUG server.RaftServer$Division (RaftServerImpl.java:logAppendEntries(1549)) - s1@group-2527C568F951: appendEntries* s0->s1#4690-t1,previous=(t:1, i:60),leaderCommit=59,initializing? false,entries: size=1, first=(t:1, i:61), STATEMACHINELOGENTRY, StateMachineLogEntryProto:4687@client-893DBB590F16
2024-10-16 23:57:18,056 DEBUG server.RaftServer$Division (RaftServerImpl.java:logAppendEntries(1549)) - s10@group-2527C568F951: appendEntries* reply s0<-s10#4691:OK-t1,SUCCESS,nextIndex=62,followerCommit=59,matchIndex=61
2024-10-16 23:57:18,056 DEBUG server.RaftServer$Division (RaftServerImpl.java:logAppendEntries(1549)) - s1@group-2527C568F951: appendEntries* reply s0<-s1#4690:OK-t1,SUCCESS,nextIndex=62,followerCommit=59,matchIndex=61
2024-10-16 23:57:18,056 INFO  statemachine.StateMachine (ArithmeticStateMachine.java:applyTransaction(181)) - LEADER:s0-61: a = 13 = 13
2024-10-16 23:57:18,056 DEBUG server.RaftServer$Division (RaftServerImpl.java:logAppendEntries(1549)) - s1@group-2527C568F951: appendEntries* s0->s1#4692-t1,previous=(t:1, i:61),leaderCommit=61,initializing? false,entries: size=1, first=(t:1, i:62), METADATAENTRY(c:61)
2024-10-16 23:57:18,057 DEBUG server.RaftServer$Division (RaftServerImpl.java:logAppendEntries(1549)) - s10@group-2527C568F951: appendEntries* s0->s10#4693-t1,previous=(t:1, i:61),leaderCommit=61,initializing? false,entries: size=1, first=(t:1, i:62), METADATAENTRY(c:61)
2024-10-16 23:57:18,057 DEBUG server.RaftServer$Division (RaftServerImpl.java:submitClientRequestAsync(920)) - s0@group-2527C568F951: receive client request(RaftClientRequest:client-893DBB590F16->s0@group-2527C568F951, cid=4694, seq=null, RW, Message:01016202405500000000...(size=12))
2024-10-16 23:57:18,057 DEBUG server.RaftServer$Division (RaftServerImpl.java:logAppendEntries(1549)) - s10@group-2527C568F951: appendEntries* reply s0<-s10#4693:OK-t1,SUCCESS,nextIndex=63,followerCommit=61,matchIndex=62
2024-10-16 23:57:18,057 DEBUG server.RaftServer$Division (LeaderStateImpl.java:addPendingRequest(529)) - s0@group-2527C568F951-LeaderStateImpl: addPendingRequest at RaftClientRequest:client-893DBB590F16->s0@group-2527C568F951, cid=4694, seq=null, RW, Message:01016202405500000000...(size=12), entry=(t:1, i:63), STATEMACHINELOGENTRY, WRITE: logData.size=12, stateMachineData.size=0, logEntryProtoSerializedSize=0
2024-10-16 23:57:18,057 DEBUG server.RaftServer$Division (RaftServerImpl.java:logAppendEntries(1549)) - s1@group-2527C568F951: appendEntries* reply s0<-s1#4692:OK-t1,SUCCESS,nextIndex=63,followerCommit=61,matchIndex=62
2024-10-16 23:57:18,058 DEBUG server.RaftServer$Division (RaftServerImpl.java:logAppendEntries(1549)) - s10@group-2527C568F951: appendEntries* s0->s10#4695-t1,previous=(t:1, i:62),leaderCommit=61,initializing? false,entries: size=1, first=(t:1, i:63), STATEMACHINELOGENTRY, StateMachineLogEntryProto:4694@client-893DBB590F16
2024-10-16 23:57:18,058 DEBUG server.RaftServer$Division (RaftServerImpl.java:logAppendEntries(1549)) - s1@group-2527C568F951: appendEntries* s0->s1#4696-t1,previous=(t:1, i:62),leaderCommit=62,initializing? false,entries: size=1, first=(t:1, i:63), STATEMACHINELOGENTRY, StateMachineLogEntryProto:4694@client-893DBB590F16
2024-10-16 23:57:18,058 DEBUG server.RaftServer$Division (RaftServerImpl.java:logAppendEntries(1549)) - s10@group-2527C568F951: appendEntries* reply s0<-s10#4695:OK-t1,SUCCESS,nextIndex=64,followerCommit=61,matchIndex=63
2024-10-16 23:57:18,059 DEBUG server.RaftServer$Division (RaftServerImpl.java:logAppendEntries(1549)) - s1@group-2527C568F951: appendEntries* reply s0<-s1#4696:OK-t1,SUCCESS,nextIndex=64,followerCommit=62,matchIndex=63
2024-10-16 23:57:18,059 INFO  statemachine.StateMachine (ArithmeticStateMachine.java:applyTransaction(181)) - LEADER:s0-63: b = 84 = 84
2024-10-16 23:57:18,059 DEBUG server.RaftServer$Division (RaftServerImpl.java:logAppendEntries(1549)) - s1@group-2527C568F951: appendEntries* s0->s1#4697-t1,previous=(t:1, i:63),leaderCommit=63,initializing? false,entries: size=1, first=(t:1, i:64), METADATAENTRY(c:63)
2024-10-16 23:57:18,059 DEBUG server.RaftServer$Division (RaftServerImpl.java:logAppendEntries(1549)) - s10@group-2527C568F951: appendEntries* s0->s10#4698-t1,previous=(t:1, i:63),leaderCommit=63,initializing? false,entries: size=1, first=(t:1, i:64), METADATAENTRY(c:63)
2024-10-16 23:57:18,060 DEBUG server.RaftServer$Division (RaftServerImpl.java:logAppendEntries(1549)) - s1@group-2527C568F951: appendEntries* reply s0<-s1#4697:OK-t1,SUCCESS,nextIndex=65,followerCommit=63,matchIndex=64
2024-10-16 23:57:18,060 DEBUG server.RaftServer$Division (RaftServerImpl.java:submitClientRequestAsync(920)) - s0@group-2527C568F951: receive client request(RaftClientRequest:client-893DBB590F16->s0@group-2527C568F951, cid=4699, seq=null, RW, Message:01016304010300040201...(size=17))
2024-10-16 23:57:18,060 DEBUG server.RaftServer$Division (RaftServerImpl.java:logAppendEntries(1549)) - s10@group-2527C568F951: appendEntries* reply s0<-s10#4698:OK-t1,SUCCESS,nextIndex=65,followerCommit=63,matchIndex=64
2024-10-16 23:57:18,061 DEBUG server.RaftServer$Division (LeaderStateImpl.java:addPendingRequest(529)) - s0@group-2527C568F951-LeaderStateImpl: addPendingRequest at RaftClientRequest:client-893DBB590F16->s0@group-2527C568F951, cid=4699, seq=null, RW, Message:01016304010300040201...(size=17), entry=(t:1, i:65), STATEMACHINELOGENTRY, WRITE: logData.size=17, stateMachineData.size=0, logEntryProtoSerializedSize=0
2024-10-16 23:57:18,061 DEBUG server.RaftServer$Division (RaftServerImpl.java:logAppendEntries(1549)) - s10@group-2527C568F951: appendEntries* s0->s10#4701-t1,previous=(t:1, i:64),leaderCommit=64,initializing? false,entries: size=1, first=(t:1, i:65), STATEMACHINELOGENTRY, StateMachineLogEntryProto:4699@client-893DBB590F16
2024-10-16 23:57:18,061 DEBUG server.RaftServer$Division (RaftServerImpl.java:logAppendEntries(1549)) - s1@group-2527C568F951: appendEntries* s0->s1#4700-t1,previous=(t:1, i:64),leaderCommit=64,initializing? false,entries: size=1, first=(t:1, i:65), STATEMACHINELOGENTRY, StateMachineLogEntryProto:4699@client-893DBB590F16
2024-10-16 23:57:18,061 DEBUG server.RaftServer$Division (RaftServerImpl.java:logAppendEntries(1549)) - s10@group-2527C568F951: appendEntries* reply s0<-s10#4701:OK-t1,SUCCESS,nextIndex=66,followerCommit=64,matchIndex=65
2024-10-16 23:57:18,061 DEBUG server.RaftServer$Division (RaftServerImpl.java:logAppendEntries(1549)) - s1@group-2527C568F951: appendEntries* reply s0<-s1#4700:OK-t1,SUCCESS,nextIndex=66,followerCommit=64,matchIndex=65
2024-10-16 23:57:18,062 INFO  statemachine.StateMachine (ArithmeticStateMachine.java:applyTransaction(181)) - LEADER:s0-65: c = √(a^2 + b^2) = 85
2024-10-16 23:57:18,062 DEBUG server.RaftServer$Division (RaftServerImpl.java:logAppendEntries(1549)) - s1@group-2527C568F951: appendEntries* s0->s1#4703-t1,previous=(t:1, i:65),leaderCommit=65,initializing? false,entries: size=1, first=(t:1, i:66), METADATAENTRY(c:65)
2024-10-16 23:57:18,062 DEBUG server.RaftServer$Division (RaftServerImpl.java:submitClientRequestAsync(920)) - s0@group-2527C568F951: receive client request(RaftClientRequest:client-893DBB590F16->s0@group-2527C568F951, cid=4704, seq=null, RW, Message:01016100)
2024-10-16 23:57:18,062 DEBUG server.RaftServer$Division (RaftServerImpl.java:logAppendEntries(1549)) - s10@group-2527C568F951: appendEntries* s0->s10#4702-t1,previous=(t:1, i:65),leaderCommit=65,initializing? false,entries: size=1, first=(t:1, i:66), METADATAENTRY(c:65)
2024-10-16 23:57:18,063 DEBUG server.RaftServer$Division (LeaderStateImpl.java:addPendingRequest(529)) - s0@group-2527C568F951-LeaderStateImpl: addPendingRequest at RaftClientRequest:client-893DBB590F16->s0@group-2527C568F951, cid=4704, seq=null, RW, Message:01016100, entry=(t:1, i:67), STATEMACHINELOGENTRY, WRITE: logData.size=4, stateMachineData.size=0, logEntryProtoSerializedSize=0
2024-10-16 23:57:18,062 DEBUG server.RaftServer$Division (RaftServerImpl.java:logAppendEntries(1549)) - s1@group-2527C568F951: appendEntries* reply s0<-s1#4703:OK-t1,SUCCESS,nextIndex=67,followerCommit=65,matchIndex=66
2024-10-16 23:57:18,063 DEBUG server.RaftServer$Division (RaftServerImpl.java:logAppendEntries(1549)) - s10@group-2527C568F951: appendEntries* reply s0<-s10#4702:OK-t1,SUCCESS,nextIndex=67,followerCommit=65,matchIndex=66
2024-10-16 23:57:18,063 DEBUG server.RaftServer$Division (RaftServerImpl.java:logAppendEntries(1549)) - s1@group-2527C568F951: appendEntries* s0->s1#4705-t1,previous=(t:1, i:66),leaderCommit=65,initializing? false,entries: size=1, first=(t:1, i:67), STATEMACHINELOGENTRY, StateMachineLogEntryProto:4704@client-893DBB590F16
2024-10-16 23:57:18,064 DEBUG server.RaftServer$Division (RaftServerImpl.java:logAppendEntries(1549)) - s10@group-2527C568F951: appendEntries* s0->s10#4706-t1,previous=(t:1, i:66),leaderCommit=66,initializing? false,entries: size=1, first=(t:1, i:67), STATEMACHINELOGENTRY, StateMachineLogEntryProto:4704@client-893DBB590F16
2024-10-16 23:57:18,064 DEBUG server.RaftServer$Division (RaftServerImpl.java:logAppendEntries(1549)) - s1@group-2527C568F951: appendEntries* reply s0<-s1#4705:OK-t1,SUCCESS,nextIndex=68,followerCommit=65,matchIndex=67
2024-10-16 23:57:18,064 DEBUG server.RaftServer$Division (RaftServerImpl.java:logAppendEntries(1549)) - s10@group-2527C568F951: appendEntries* reply s0<-s10#4706:OK-t1,SUCCESS,nextIndex=68,followerCommit=66,matchIndex=67
2024-10-16 23:57:18,064 INFO  statemachine.StateMachine (ArithmeticStateMachine.java:applyTransaction(181)) - LEADER:s0-67: a = null = null
2024-10-16 23:57:18,065 DEBUG server.RaftServer$Division (RaftServerImpl.java:logAppendEntries(1549)) - s1@group-2527C568F951: appendEntries* s0->s1#4707-t1,previous=(t:1, i:67),leaderCommit=67,initializing? false,entries: size=1, first=(t:1, i:68), METADATAENTRY(c:67)
2024-10-16 23:57:18,065 DEBUG server.RaftServer$Division (RaftServerImpl.java:submitClientRequestAsync(920)) - s0@group-2527C568F951: receive client request(RaftClientRequest:client-893DBB590F16->s0@group-2527C568F951, cid=4708, seq=null, RW, Message:01016200)
2024-10-16 23:57:18,065 DEBUG server.RaftServer$Division (LeaderStateImpl.java:addPendingRequest(529)) - s0@group-2527C568F951-LeaderStateImpl: addPendingRequest at RaftClientRequest:client-893DBB590F16->s0@group-2527C568F951, cid=4708, seq=null, RW, Message:01016200, entry=(t:1, i:69), STATEMACHINELOGENTRY, WRITE: logData.size=4, stateMachineData.size=0, logEntryProtoSerializedSize=0
2024-10-16 23:57:18,065 DEBUG server.RaftServer$Division (RaftServerImpl.java:logAppendEntries(1549)) - s1@group-2527C568F951: appendEntries* reply s0<-s1#4707:OK-t1,SUCCESS,nextIndex=69,followerCommit=67,matchIndex=68
2024-10-16 23:57:18,065 DEBUG server.RaftServer$Division (RaftServerImpl.java:logAppendEntries(1549)) - s10@group-2527C568F951: appendEntries* s0->s10#4709-t1,previous=(t:1, i:67),leaderCommit=67,initializing? false,entries: size=1, first=(t:1, i:68), METADATAENTRY(c:67)
2024-10-16 23:57:18,066 DEBUG server.RaftServer$Division (RaftServerImpl.java:logAppendEntries(1549)) - s10@group-2527C568F951: appendEntries* reply s0<-s10#4709:OK-t1,SUCCESS,nextIndex=69,followerCommit=67,matchIndex=68
2024-10-16 23:57:18,066 DEBUG server.RaftServer$Division (RaftServerImpl.java:logAppendEntries(1549)) - s1@group-2527C568F951: appendEntries* s0->s1#4710-t1,previous=(t:1, i:68),leaderCommit=67,initializing? false,entries: size=1, first=(t:1, i:69), STATEMACHINELOGENTRY, StateMachineLogEntryProto:4708@client-893DBB590F16
2024-10-16 23:57:18,066 DEBUG server.RaftServer$Division (RaftServerImpl.java:logAppendEntries(1549)) - s1@group-2527C568F951: appendEntries* reply s0<-s1#4710:OK-t1,SUCCESS,nextIndex=70,followerCommit=67,matchIndex=69
2024-10-16 23:57:18,066 DEBUG server.RaftServer$Division (RaftServerImpl.java:logAppendEntries(1549)) - s10@group-2527C568F951: appendEntries* s0->s10#4711-t1,previous=(t:1, i:68),leaderCommit=68,initializing? false,entries: size=1, first=(t:1, i:69), STATEMACHINELOGENTRY, StateMachineLogEntryProto:4708@client-893DBB590F16
2024-10-16 23:57:18,067 INFO  statemachine.StateMachine (ArithmeticStateMachine.java:applyTransaction(181)) - LEADER:s0-69: b = null = null
2024-10-16 23:57:18,067 DEBUG server.RaftServer$Division (RaftServerImpl.java:logAppendEntries(1549)) - s1@group-2527C568F951: appendEntries* s0->s1#4712-t1,previous=(t:1, i:69),leaderCommit=69,initializing? false,entries: size=1, first=(t:1, i:70), METADATAENTRY(c:69)
2024-10-16 23:57:18,067 DEBUG server.RaftServer$Division (RaftServerImpl.java:submitClientRequestAsync(920)) - s0@group-2527C568F951: receive client request(RaftClientRequest:client-893DBB590F16->s0@group-2527C568F951, cid=4713, seq=null, RW, Message:01016300)
2024-10-16 23:57:18,067 DEBUG server.RaftServer$Division (RaftServerImpl.java:logAppendEntries(1549)) - s1@group-2527C568F951: appendEntries* reply s0<-s1#4712:OK-t1,SUCCESS,nextIndex=71,followerCommit=69,matchIndex=70
2024-10-16 23:57:18,068 DEBUG server.RaftServer$Division (RaftServerImpl.java:logAppendEntries(1549)) - s10@group-2527C568F951: appendEntries* reply s0<-s10#4711:OK-t1,SUCCESS,nextIndex=70,followerCommit=68,matchIndex=69
2024-10-16 23:57:18,067 DEBUG server.RaftServer$Division (LeaderStateImpl.java:addPendingRequest(529)) - s0@group-2527C568F951-LeaderStateImpl: addPendingRequest at RaftClientRequest:client-893DBB590F16->s0@group-2527C568F951, cid=4713, seq=null, RW, Message:01016300, entry=(t:1, i:71), STATEMACHINELOGENTRY, WRITE: logData.size=4, stateMachineData.size=0, logEntryProtoSerializedSize=0
2024-10-16 23:57:18,068 DEBUG server.RaftServer$Division (RaftServerImpl.java:logAppendEntries(1549)) - s10@group-2527C568F951: appendEntries* s0->s10#4714-t1,previous=(t:1, i:69),leaderCommit=69,initializing? false,entries: size=2, first=(t:1, i:70), METADATAENTRY(c:69)
2024-10-16 23:57:18,068 DEBUG server.RaftServer$Division (RaftServerImpl.java:logAppendEntries(1549)) - s1@group-2527C568F951: appendEntries* s0->s1#4715-t1,previous=(t:1, i:70),leaderCommit=70,initializing? false,entries: size=1, first=(t:1, i:71), STATEMACHINELOGENTRY, StateMachineLogEntryProto:4713@client-893DBB590F16
2024-10-16 23:57:18,069 DEBUG server.RaftServer$Division (RaftServerImpl.java:logAppendEntries(1549)) - s10@group-2527C568F951: appendEntries* reply s0<-s10#4714:OK-t1,SUCCESS,nextIndex=72,followerCommit=69,matchIndex=71
2024-10-16 23:57:18,069 DEBUG server.RaftServer$Division (RaftServerImpl.java:logAppendEntries(1549)) - s1@group-2527C568F951: appendEntries* reply s0<-s1#4715:OK-t1,SUCCESS,nextIndex=72,followerCommit=70,matchIndex=71
2024-10-16 23:57:18,069 INFO  statemachine.StateMachine (ArithmeticStateMachine.java:applyTransaction(181)) - LEADER:s0-71: c = null = null
2024-10-16 23:57:18,069 DEBUG server.RaftServer$Division (RaftServerImpl.java:logAppendEntries(1549)) - s1@group-2527C568F951: appendEntries* s0->s1#4717-t1,previous=(t:1, i:71),leaderCommit=71,initializing? false,entries: size=1, first=(t:1, i:72), METADATAENTRY(c:71)
2024-10-16 23:57:18,070 DEBUG server.RaftServer$Division (RaftServerImpl.java:submitClientRequestAsync(920)) - s0@group-2527C568F951: receive client request(RaftClientRequest:client-893DBB590F16->s0@group-2527C568F951, cid=4718, seq=null, RW, Message:01016102402e00000000...(size=12))
2024-10-16 23:57:18,070 DEBUG server.RaftServer$Division (RaftServerImpl.java:logAppendEntries(1549)) - s10@group-2527C568F951: appendEntries* s0->s10#4716-t1,previous=(t:1, i:71),leaderCommit=71,initializing? false,entries: size=1, first=(t:1, i:72), METADATAENTRY(c:71)
2024-10-16 23:57:18,070 DEBUG server.RaftServer$Division (LeaderStateImpl.java:addPendingRequest(529)) - s0@group-2527C568F951-LeaderStateImpl: addPendingRequest at RaftClientRequest:client-893DBB590F16->s0@group-2527C568F951, cid=4718, seq=null, RW, Message:01016102402e00000000...(size=12), entry=(t:1, i:73), STATEMACHINELOGENTRY, WRITE: logData.size=12, stateMachineData.size=0, logEntryProtoSerializedSize=0
2024-10-16 23:57:18,070 DEBUG server.RaftServer$Division (RaftServerImpl.java:logAppendEntries(1549)) - s10@group-2527C568F951: appendEntries* reply s0<-s10#4716:OK-t1,SUCCESS,nextIndex=73,followerCommit=71,matchIndex=72
2024-10-16 23:57:18,070 DEBUG server.RaftServer$Division (RaftServerImpl.java:logAppendEntries(1549)) - s1@group-2527C568F951: appendEntries* reply s0<-s1#4717:OK-t1,SUCCESS,nextIndex=73,followerCommit=71,matchIndex=72
2024-10-16 23:57:18,071 DEBUG server.RaftServer$Division (RaftServerImpl.java:logAppendEntries(1549)) - s1@group-2527C568F951: appendEntries* s0->s1#4719-t1,previous=(t:1, i:72),leaderCommit=71,initializing? false,entries: size=1, first=(t:1, i:73), STATEMACHINELOGENTRY, StateMachineLogEntryProto:4718@client-893DBB590F16
2024-10-16 23:57:18,071 DEBUG server.RaftServer$Division (RaftServerImpl.java:logAppendEntries(1549)) - s10@group-2527C568F951: appendEntries* s0->s10#4720-t1,previous=(t:1, i:72),leaderCommit=72,initializing? false,entries: size=1, first=(t:1, i:73), STATEMACHINELOGENTRY, StateMachineLogEntryProto:4718@client-893DBB590F16
2024-10-16 23:57:18,071 DEBUG server.RaftServer$Division (RaftServerImpl.java:logAppendEntries(1549)) - s1@group-2527C568F951: appendEntries* reply s0<-s1#4719:OK-t1,SUCCESS,nextIndex=74,followerCommit=71,matchIndex=73
2024-10-16 23:57:18,071 DEBUG server.RaftServer$Division (RaftServerImpl.java:logAppendEntries(1549)) - s10@group-2527C568F951: appendEntries* reply s0<-s10#4720:OK-t1,SUCCESS,nextIndex=74,followerCommit=72,matchIndex=73
2024-10-16 23:57:18,071 INFO  statemachine.StateMachine (ArithmeticStateMachine.java:applyTransaction(181)) - LEADER:s0-73: a = 15 = 15
2024-10-16 23:57:18,072 DEBUG server.RaftServer$Division (RaftServerImpl.java:logAppendEntries(1549)) - s1@group-2527C568F951: appendEntries* s0->s1#4722-t1,previous=(t:1, i:73),leaderCommit=73,initializing? false,entries: size=1, first=(t:1, i:74), METADATAENTRY(c:73)
2024-10-16 23:57:18,072 DEBUG server.RaftServer$Division (RaftServerImpl.java:submitClientRequestAsync(920)) - s0@group-2527C568F951: receive client request(RaftClientRequest:client-893DBB590F16->s0@group-2527C568F951, cid=4723, seq=null, RW, Message:01016202405c00000000...(size=12))
2024-10-16 23:57:18,073 DEBUG server.RaftServer$Division (LeaderStateImpl.java:addPendingRequest(529)) - s0@group-2527C568F951-LeaderStateImpl: addPendingRequest at RaftClientRequest:client-893DBB590F16->s0@group-2527C568F951, cid=4723, seq=null, RW, Message:01016202405c00000000...(size=12), entry=(t:1, i:75), STATEMACHINELOGENTRY, WRITE: logData.size=12, stateMachineData.size=0, logEntryProtoSerializedSize=0
2024-10-16 23:57:18,072 DEBUG server.RaftServer$Division (RaftServerImpl.java:logAppendEntries(1549)) - s10@group-2527C568F951: appendEntries* s0->s10#4721-t1,previous=(t:1, i:73),leaderCommit=73,initializing? false,entries: size=1, first=(t:1, i:74), METADATAENTRY(c:73)
2024-10-16 23:57:18,072 DEBUG server.RaftServer$Division (RaftServerImpl.java:logAppendEntries(1549)) - s1@group-2527C568F951: appendEntries* reply s0<-s1#4722:OK-t1,SUCCESS,nextIndex=75,followerCommit=73,matchIndex=74
2024-10-16 23:57:18,073 DEBUG server.RaftServer$Division (RaftServerImpl.java:logAppendEntries(1549)) - s10@group-2527C568F951: appendEntries* reply s0<-s10#4721:OK-t1,SUCCESS,nextIndex=75,followerCommit=73,matchIndex=74
2024-10-16 23:57:18,074 DEBUG server.RaftServer$Division (RaftServerImpl.java:logAppendEntries(1549)) - s1@group-2527C568F951: appendEntries* s0->s1#4724-t1,previous=(t:1, i:74),leaderCommit=73,initializing? false,entries: size=1, first=(t:1, i:75), STATEMACHINELOGENTRY, StateMachineLogEntryProto:4723@client-893DBB590F16
2024-10-16 23:57:18,074 DEBUG server.RaftServer$Division (RaftServerImpl.java:logAppendEntries(1549)) - s1@group-2527C568F951: appendEntries* reply s0<-s1#4724:OK-t1,SUCCESS,nextIndex=76,followerCommit=73,matchIndex=75
2024-10-16 23:57:18,075 INFO  statemachine.StateMachine (ArithmeticStateMachine.java:applyTransaction(181)) - LEADER:s0-75: b = 112 = 112
2024-10-16 23:57:18,075 DEBUG server.RaftServer$Division (RaftServerImpl.java:logAppendEntries(1549)) - s1@group-2527C568F951: appendEntries* s0->s1#4725-t1,previous=(t:1, i:75),leaderCommit=75,initializing? false,entries: size=1, first=(t:1, i:76), METADATAENTRY(c:75)
2024-10-16 23:57:18,076 DEBUG server.RaftServer$Division (RaftServerImpl.java:logAppendEntries(1549)) - s1@group-2527C568F951: appendEntries* reply s0<-s1#4725:OK-t1,SUCCESS,nextIndex=77,followerCommit=75,matchIndex=76
2024-10-16 23:57:18,077 DEBUG server.RaftServer$Division (RaftServerImpl.java:submitClientRequestAsync(920)) - s0@group-2527C568F951: receive client request(RaftClientRequest:client-893DBB590F16->s0@group-2527C568F951, cid=4726, seq=null, RW, Message:01016304010300040201...(size=17))
2024-10-16 23:57:18,077 DEBUG server.RaftServer$Division (LeaderStateImpl.java:addPendingRequest(529)) - s0@group-2527C568F951-LeaderStateImpl: addPendingRequest at RaftClientRequest:client-893DBB590F16->s0@group-2527C568F951, cid=4726, seq=null, RW, Message:01016304010300040201...(size=17), entry=(t:1, i:77), STATEMACHINELOGENTRY, WRITE: logData.size=17, stateMachineData.size=0, logEntryProtoSerializedSize=0
2024-10-16 23:57:18,077 DEBUG server.RaftServer$Division (RaftServerImpl.java:logAppendEntries(1549)) - s10@group-2527C568F951: appendEntries* s0->s10#4727-t1,previous=(t:1, i:74),leaderCommit=76,initializing? false,entries: size=2, first=(t:1, i:75), STATEMACHINELOGENTRY, StateMachineLogEntryProto:4723@client-893DBB590F16
2024-10-16 23:57:18,078 DEBUG server.RaftServer$Division (RaftServerImpl.java:logAppendEntries(1549)) - s10@group-2527C568F951: appendEntries* reply s0<-s10#4727:OK-t1,SUCCESS,nextIndex=77,followerCommit=76,matchIndex=76
2024-10-16 23:57:18,078 DEBUG server.RaftServer$Division (RaftServerImpl.java:logAppendEntries(1549)) - s1@group-2527C568F951: appendEntries* s0->s1#4728-t1,previous=(t:1, i:76),leaderCommit=76,initializing? false,entries: size=1, first=(t:1, i:77), STATEMACHINELOGENTRY, StateMachineLogEntryProto:4726@client-893DBB590F16
2024-10-16 23:57:18,078 DEBUG server.RaftServer$Division (RaftServerImpl.java:logAppendEntries(1549)) - s1@group-2527C568F951: appendEntries* reply s0<-s1#4728:OK-t1,SUCCESS,nextIndex=78,followerCommit=76,matchIndex=77
2024-10-16 23:57:18,079 INFO  statemachine.StateMachine (ArithmeticStateMachine.java:applyTransaction(181)) - LEADER:s0-77: c = √(a^2 + b^2) = 113
2024-10-16 23:57:18,079 DEBUG server.RaftServer$Division (RaftServerImpl.java:logAppendEntries(1549)) - s10@group-2527C568F951: appendEntries* s0->s10#4729-t1,previous=(t:1, i:76),leaderCommit=76,initializing? false,entries: size=1, first=(t:1, i:77), STATEMACHINELOGENTRY, StateMachineLogEntryProto:4726@client-893DBB590F16
2024-10-16 23:57:18,080 DEBUG server.RaftServer$Division (RaftServerImpl.java:submitClientRequestAsync(920)) - s0@group-2527C568F951: receive client request(RaftClientRequest:client-893DBB590F16->s0@group-2527C568F951, cid=4731, seq=null, RW, Message:01016100)
2024-10-16 23:57:18,079 DEBUG server.RaftServer$Division (RaftServerImpl.java:logAppendEntries(1549)) - s1@group-2527C568F951: appendEntries* s0->s1#4730-t1,previous=(t:1, i:77),leaderCommit=77,initializing? false,entries: size=1, first=(t:1, i:78), METADATAENTRY(c:77)
2024-10-16 23:57:18,080 DEBUG server.RaftServer$Division (LeaderStateImpl.java:addPendingRequest(529)) - s0@group-2527C568F951-LeaderStateImpl: addPendingRequest at RaftClientRequest:client-893DBB590F16->s0@group-2527C568F951, cid=4731, seq=null, RW, Message:01016100, entry=(t:1, i:79), STATEMACHINELOGENTRY, WRITE: logData.size=4, stateMachineData.size=0, logEntryProtoSerializedSize=0
2024-10-16 23:57:18,080 DEBUG server.RaftServer$Division (RaftServerImpl.java:logAppendEntries(1549)) - s10@group-2527C568F951: appendEntries* reply s0<-s10#4729:OK-t1,SUCCESS,nextIndex=78,followerCommit=76,matchIndex=77
2024-10-16 23:57:18,080 DEBUG server.RaftServer$Division (RaftServerImpl.java:logAppendEntries(1549)) - s1@group-2527C568F951: appendEntries* reply s0<-s1#4730:OK-t1,SUCCESS,nextIndex=79,followerCommit=77,matchIndex=78
2024-10-16 23:57:18,081 DEBUG server.RaftServer$Division (RaftServerImpl.java:logAppendEntries(1549)) - s1@group-2527C568F951: appendEntries* s0->s1#4733-t1,previous=(t:1, i:78),leaderCommit=77,initializing? false,entries: size=1, first=(t:1, i:79), STATEMACHINELOGENTRY, StateMachineLogEntryProto:4731@client-893DBB590F16
2024-10-16 23:57:18,081 DEBUG server.RaftServer$Division (RaftServerImpl.java:logAppendEntries(1549)) - s10@group-2527C568F951: appendEntries* s0->s10#4732-t1,previous=(t:1, i:77),leaderCommit=77,initializing? false,entries: size=2, first=(t:1, i:78), METADATAENTRY(c:77)
2024-10-16 23:57:18,082 DEBUG server.RaftServer$Division (RaftServerImpl.java:logAppendEntries(1549)) - s1@group-2527C568F951: appendEntries* reply s0<-s1#4733:OK-t1,SUCCESS,nextIndex=80,followerCommit=77,matchIndex=79
2024-10-16 23:57:18,082 INFO  statemachine.StateMachine (ArithmeticStateMachine.java:applyTransaction(181)) - LEADER:s0-79: a = null = null
2024-10-16 23:57:18,082 DEBUG server.RaftServer$Division (RaftServerImpl.java:logAppendEntries(1549)) - s10@group-2527C568F951: appendEntries* reply s0<-s10#4732:OK-t1,SUCCESS,nextIndex=80,followerCommit=77,matchIndex=79
2024-10-16 23:57:18,083 DEBUG server.RaftServer$Division (RaftServerImpl.java:logAppendEntries(1549)) - s1@group-2527C568F951: appendEntries* s0->s1#4734-t1,previous=(t:1, i:79),leaderCommit=79,initializing? false,entries: size=1, first=(t:1, i:80), METADATAENTRY(c:79)
2024-10-16 23:57:18,083 DEBUG server.RaftServer$Division (RaftServerImpl.java:submitClientRequestAsync(920)) - s0@group-2527C568F951: receive client request(RaftClientRequest:client-893DBB590F16->s0@group-2527C568F951, cid=4735, seq=null, RW, Message:01016200)
2024-10-16 23:57:18,083 DEBUG server.RaftServer$Division (RaftServerImpl.java:logAppendEntries(1549)) - s1@group-2527C568F951: appendEntries* reply s0<-s1#4734:OK-t1,SUCCESS,nextIndex=81,followerCommit=79,matchIndex=80
2024-10-16 23:57:18,084 DEBUG server.RaftServer$Division (LeaderStateImpl.java:addPendingRequest(529)) - s0@group-2527C568F951-LeaderStateImpl: addPendingRequest at RaftClientRequest:client-893DBB590F16->s0@group-2527C568F951, cid=4735, seq=null, RW, Message:01016200, entry=(t:1, i:81), STATEMACHINELOGENTRY, WRITE: logData.size=4, stateMachineData.size=0, logEntryProtoSerializedSize=0
2024-10-16 23:57:18,084 DEBUG server.RaftServer$Division (RaftServerImpl.java:logAppendEntries(1549)) - s10@group-2527C568F951: appendEntries* s0->s10#4736-t1,previous=(t:1, i:79),leaderCommit=80,initializing? false,entries: size=1, first=(t:1, i:80), METADATAENTRY(c:79)
2024-10-16 23:57:18,085 DEBUG server.RaftServer$Division (RaftServerImpl.java:logAppendEntries(1549)) - s10@group-2527C568F951: appendEntries* reply s0<-s10#4736:OK-t1,SUCCESS,nextIndex=81,followerCommit=80,matchIndex=80
2024-10-16 23:57:18,085 DEBUG server.RaftServer$Division (RaftServerImpl.java:logAppendEntries(1549)) - s1@group-2527C568F951: appendEntries* s0->s1#4737-t1,previous=(t:1, i:80),leaderCommit=80,initializing? false,entries: size=1, first=(t:1, i:81), STATEMACHINELOGENTRY, StateMachineLogEntryProto:4735@client-893DBB590F16
2024-10-16 23:57:18,085 DEBUG server.RaftServer$Division (RaftServerImpl.java:logAppendEntries(1549)) - s1@group-2527C568F951: appendEntries* reply s0<-s1#4737:OK-t1,SUCCESS,nextIndex=82,followerCommit=80,matchIndex=81
2024-10-16 23:57:18,085 DEBUG server.RaftServer$Division (RaftServerImpl.java:logAppendEntries(1549)) - s10@group-2527C568F951: appendEntries* s0->s10#4738-t1,previous=(t:1, i:80),leaderCommit=80,initializing? false,entries: size=1, first=(t:1, i:81), STATEMACHINELOGENTRY, StateMachineLogEntryProto:4735@client-893DBB590F16
2024-10-16 23:57:18,085 INFO  statemachine.StateMachine (ArithmeticStateMachine.java:applyTransaction(181)) - LEADER:s0-81: b = null = null
2024-10-16 23:57:18,086 DEBUG server.RaftServer$Division (RaftServerImpl.java:logAppendEntries(1549)) - s1@group-2527C568F951: appendEntries* s0->s1#4739-t1,previous=(t:1, i:81),leaderCommit=81,initializing? false,entries: size=1, first=(t:1, i:82), METADATAENTRY(c:81)
2024-10-16 23:57:18,086 DEBUG server.RaftServer$Division (RaftServerImpl.java:submitClientRequestAsync(920)) - s0@group-2527C568F951: receive client request(RaftClientRequest:client-893DBB590F16->s0@group-2527C568F951, cid=4740, seq=null, RW, Message:01016300)
2024-10-16 23:57:18,086 DEBUG server.RaftServer$Division (RaftServerImpl.java:logAppendEntries(1549)) - s1@group-2527C568F951: appendEntries* reply s0<-s1#4739:OK-t1,SUCCESS,nextIndex=83,followerCommit=81,matchIndex=82
2024-10-16 23:57:18,086 DEBUG server.RaftServer$Division (LeaderStateImpl.java:addPendingRequest(529)) - s0@group-2527C568F951-LeaderStateImpl: addPendingRequest at RaftClientRequest:client-893DBB590F16->s0@group-2527C568F951, cid=4740, seq=null, RW, Message:01016300, entry=(t:1, i:83), STATEMACHINELOGENTRY, WRITE: logData.size=4, stateMachineData.size=0, logEntryProtoSerializedSize=0
2024-10-16 23:57:18,087 DEBUG server.RaftServer$Division (RaftServerImpl.java:logAppendEntries(1549)) - s1@group-2527C568F951: appendEntries* s0->s1#4741-t1,previous=(t:1, i:82),leaderCommit=81,initializing? false,entries: size=1, first=(t:1, i:83), STATEMACHINELOGENTRY, StateMachineLogEntryProto:4740@client-893DBB590F16
2024-10-16 23:57:18,087 DEBUG server.RaftServer$Division (RaftServerImpl.java:logAppendEntries(1549)) - s10@group-2527C568F951: appendEntries* reply s0<-s10#4738:OK-t1,SUCCESS,nextIndex=82,followerCommit=80,matchIndex=81
2024-10-16 23:57:18,087 DEBUG server.RaftServer$Division (RaftServerImpl.java:logAppendEntries(1549)) - s1@group-2527C568F951: appendEntries* reply s0<-s1#4741:OK-t1,SUCCESS,nextIndex=84,followerCommit=81,matchIndex=83
2024-10-16 23:57:18,088 INFO  statemachine.StateMachine (ArithmeticStateMachine.java:applyTransaction(181)) - LEADER:s0-83: c = null = null
2024-10-16 23:57:18,088 DEBUG server.RaftServer$Division (RaftServerImpl.java:logAppendEntries(1549)) - s10@group-2527C568F951: appendEntries* s0->s10#4742-t1,previous=(t:1, i:81),leaderCommit=82,initializing? false,entries: size=2, first=(t:1, i:82), METADATAENTRY(c:81)
2024-10-16 23:57:18,088 DEBUG server.RaftServer$Division (RaftServerImpl.java:submitClientRequestAsync(920)) - s0@group-2527C568F951: receive client request(RaftClientRequest:client-893DBB590F16->s0@group-2527C568F951, cid=4744, seq=null, RW, Message:01016102403100000000...(size=12))
2024-10-16 23:57:18,088 DEBUG server.RaftServer$Division (RaftServerImpl.java:logAppendEntries(1549)) - s1@group-2527C568F951: appendEntries* s0->s1#4743-t1,previous=(t:1, i:83),leaderCommit=83,initializing? false,entries: size=1, first=(t:1, i:84), METADATAENTRY(c:83)
2024-10-16 23:57:18,089 DEBUG server.RaftServer$Division (RaftServerImpl.java:logAppendEntries(1549)) - s10@group-2527C568F951: appendEntries* reply s0<-s10#4742:OK-t1,SUCCESS,nextIndex=84,followerCommit=82,matchIndex=83
2024-10-16 23:57:18,089 DEBUG server.RaftServer$Division (RaftServerImpl.java:logAppendEntries(1549)) - s1@group-2527C568F951: appendEntries* reply s0<-s1#4743:OK-t1,SUCCESS,nextIndex=85,followerCommit=83,matchIndex=84
2024-10-16 23:57:18,090 DEBUG server.RaftServer$Division (RaftServerImpl.java:logAppendEntries(1549)) - s10@group-2527C568F951: appendEntries* s0->s10#4745-t1,previous=(t:1, i:83),leaderCommit=83,initializing? false,entries: size=1, first=(t:1, i:84), METADATAENTRY(c:83)
2024-10-16 23:57:18,090 DEBUG server.RaftServer$Division (LeaderStateImpl.java:addPendingRequest(529)) - s0@group-2527C568F951-LeaderStateImpl: addPendingRequest at RaftClientRequest:client-893DBB590F16->s0@group-2527C568F951, cid=4744, seq=null, RW, Message:01016102403100000000...(size=12), entry=(t:1, i:85), STATEMACHINELOGENTRY, WRITE: logData.size=12, stateMachineData.size=0, logEntryProtoSerializedSize=0
2024-10-16 23:57:18,090 DEBUG server.RaftServer$Division (RaftServerImpl.java:logAppendEntries(1549)) - s10@group-2527C568F951: appendEntries* reply s0<-s10#4745:OK-t1,SUCCESS,nextIndex=85,followerCommit=83,matchIndex=84
2024-10-16 23:57:18,090 DEBUG server.RaftServer$Division (RaftServerImpl.java:logAppendEntries(1549)) - s1@group-2527C568F951: appendEntries* s0->s1#4746-t1,previous=(t:1, i:84),leaderCommit=84,initializing? false,entries: size=1, first=(t:1, i:85), STATEMACHINELOGENTRY, StateMachineLogEntryProto:4744@client-893DBB590F16
2024-10-16 23:57:18,091 DEBUG server.RaftServer$Division (RaftServerImpl.java:logAppendEntries(1549)) - s1@group-2527C568F951: appendEntries* reply s0<-s1#4746:OK-t1,SUCCESS,nextIndex=86,followerCommit=84,matchIndex=85
2024-10-16 23:57:18,091 DEBUG server.RaftServer$Division (RaftServerImpl.java:logAppendEntries(1549)) - s10@group-2527C568F951: appendEntries* s0->s10#4747-t1,previous=(t:1, i:84),leaderCommit=84,initializing? false,entries: size=1, first=(t:1, i:85), STATEMACHINELOGENTRY, StateMachineLogEntryProto:4744@client-893DBB590F16
2024-10-16 23:57:18,091 INFO  statemachine.StateMachine (ArithmeticStateMachine.java:applyTransaction(181)) - LEADER:s0-85: a = 17 = 17
2024-10-16 23:57:18,091 DEBUG server.RaftServer$Division (RaftServerImpl.java:logAppendEntries(1549)) - s1@group-2527C568F951: appendEntries* s0->s1#4748-t1,previous=(t:1, i:85),leaderCommit=85,initializing? false,entries: size=1, first=(t:1, i:86), METADATAENTRY(c:85)
2024-10-16 23:57:18,092 DEBUG server.RaftServer$Division (RaftServerImpl.java:logAppendEntries(1549)) - s1@group-2527C568F951: appendEntries* reply s0<-s1#4748:OK-t1,SUCCESS,nextIndex=87,followerCommit=85,matchIndex=86
2024-10-16 23:57:18,092 DEBUG server.RaftServer$Division (RaftServerImpl.java:logAppendEntries(1549)) - s10@group-2527C568F951: appendEntries* reply s0<-s10#4747:OK-t1,SUCCESS,nextIndex=86,followerCommit=84,matchIndex=85
2024-10-16 23:57:18,092 DEBUG server.RaftServer$Division (RaftServerImpl.java:submitClientRequestAsync(920)) - s0@group-2527C568F951: receive client request(RaftClientRequest:client-893DBB590F16->s0@group-2527C568F951, cid=4749, seq=null, RW, Message:01016202406200000000...(size=12))
2024-10-16 23:57:18,092 DEBUG server.RaftServer$Division (LeaderStateImpl.java:addPendingRequest(529)) - s0@group-2527C568F951-LeaderStateImpl: addPendingRequest at RaftClientRequest:client-893DBB590F16->s0@group-2527C568F951, cid=4749, seq=null, RW, Message:01016202406200000000...(size=12), entry=(t:1, i:87), STATEMACHINELOGENTRY, WRITE: logData.size=12, stateMachineData.size=0, logEntryProtoSerializedSize=0
2024-10-16 23:57:18,093 DEBUG server.RaftServer$Division (RaftServerImpl.java:logAppendEntries(1549)) - s10@group-2527C568F951: appendEntries* s0->s10#4750-t1,previous=(t:1, i:85),leaderCommit=86,initializing? false,entries: size=1, first=(t:1, i:86), METADATAENTRY(c:85)
2024-10-16 23:57:18,093 DEBUG server.RaftServer$Division (RaftServerImpl.java:logAppendEntries(1549)) - s1@group-2527C568F951: appendEntries* s0->s1#4751-t1,previous=(t:1, i:86),leaderCommit=86,initializing? false,entries: size=1, first=(t:1, i:87), STATEMACHINELOGENTRY, StateMachineLogEntryProto:4749@client-893DBB590F16
2024-10-16 23:57:18,093 DEBUG server.RaftServer$Division (RaftServerImpl.java:logAppendEntries(1549)) - s10@group-2527C568F951: appendEntries* reply s0<-s10#4750:OK-t1,SUCCESS,nextIndex=87,followerCommit=86,matchIndex=86
2024-10-16 23:57:18,093 DEBUG server.RaftServer$Division (RaftServerImpl.java:logAppendEntries(1549)) - s1@group-2527C568F951: appendEntries* reply s0<-s1#4751:OK-t1,SUCCESS,nextIndex=88,followerCommit=86,matchIndex=87
2024-10-16 23:57:18,094 INFO  statemachine.StateMachine (ArithmeticStateMachine.java:applyTransaction(181)) - LEADER:s0-87: b = 144 = 144
2024-10-16 23:57:18,094 DEBUG server.RaftServer$Division (RaftServerImpl.java:logAppendEntries(1549)) - s1@group-2527C568F951: appendEntries* s0->s1#4753-t1,previous=(t:1, i:87),leaderCommit=87,initializing? false,entries: size=1, first=(t:1, i:88), METADATAENTRY(c:87)
2024-10-16 23:57:18,094 DEBUG server.RaftServer$Division (RaftServerImpl.java:submitClientRequestAsync(920)) - s0@group-2527C568F951: receive client request(RaftClientRequest:client-893DBB590F16->s0@group-2527C568F951, cid=4754, seq=null, RW, Message:01016304010300040201...(size=17))
2024-10-16 23:57:18,094 DEBUG server.RaftServer$Division (RaftServerImpl.java:logAppendEntries(1549)) - s1@group-2527C568F951: appendEntries* reply s0<-s1#4753:OK-t1,SUCCESS,nextIndex=89,followerCommit=87,matchIndex=88
2024-10-16 23:57:18,095 DEBUG server.RaftServer$Division (RaftServerImpl.java:logAppendEntries(1549)) - s10@group-2527C568F951: appendEntries* s0->s10#4752-t1,previous=(t:1, i:86),leaderCommit=86,initializing? false,entries: size=1, first=(t:1, i:87), STATEMACHINELOGENTRY, StateMachineLogEntryProto:4749@client-893DBB590F16
2024-10-16 23:57:18,095 DEBUG server.RaftServer$Division (LeaderStateImpl.java:addPendingRequest(529)) - s0@group-2527C568F951-LeaderStateImpl: addPendingRequest at RaftClientRequest:client-893DBB590F16->s0@group-2527C568F951, cid=4754, seq=null, RW, Message:01016304010300040201...(size=17), entry=(t:1, i:89), STATEMACHINELOGENTRY, WRITE: logData.size=17, stateMachineData.size=0, logEntryProtoSerializedSize=0
2024-10-16 23:57:18,095 DEBUG server.RaftServer$Division (RaftServerImpl.java:logAppendEntries(1549)) - s1@group-2527C568F951: appendEntries* s0->s1#4755-t1,previous=(t:1, i:88),leaderCommit=87,initializing? false,entries: size=1, first=(t:1, i:89), STATEMACHINELOGENTRY, StateMachineLogEntryProto:4754@client-893DBB590F16
2024-10-16 23:57:18,095 DEBUG server.RaftServer$Division (RaftServerImpl.java:logAppendEntries(1549)) - s10@group-2527C568F951: appendEntries* reply s0<-s10#4752:OK-t1,SUCCESS,nextIndex=88,followerCommit=86,matchIndex=87
2024-10-16 23:57:18,096 DEBUG server.RaftServer$Division (RaftServerImpl.java:logAppendEntries(1549)) - s10@group-2527C568F951: appendEntries* s0->s10#4756-t1,previous=(t:1, i:87),leaderCommit=88,initializing? false,entries: size=2, first=(t:1, i:88), METADATAENTRY(c:87)
2024-10-16 23:57:18,096 DEBUG server.RaftServer$Division (RaftServerImpl.java:logAppendEntries(1549)) - s1@group-2527C568F951: appendEntries* reply s0<-s1#4755:OK-t1,SUCCESS,nextIndex=90,followerCommit=87,matchIndex=89
2024-10-16 23:57:18,096 INFO  statemachine.StateMachine (ArithmeticStateMachine.java:applyTransaction(181)) - LEADER:s0-89: c = √(a^2 + b^2) = 145
2024-10-16 23:57:18,097 DEBUG server.RaftServer$Division (RaftServerImpl.java:logAppendEntries(1549)) - s10@group-2527C568F951: appendEntries* reply s0<-s10#4756:OK-t1,SUCCESS,nextIndex=90,followerCommit=88,matchIndex=89
2024-10-16 23:57:18,097 DEBUG server.RaftServer$Division (RaftServerImpl.java:logAppendEntries(1549)) - s1@group-2527C568F951: appendEntries* s0->s1#4757-t1,previous=(t:1, i:89),leaderCommit=89,initializing? false,entries: size=1, first=(t:1, i:90), METADATAENTRY(c:89)
2024-10-16 23:57:18,097 DEBUG server.RaftServer$Division (RaftServerImpl.java:submitClientRequestAsync(920)) - s0@group-2527C568F951: receive client request(RaftClientRequest:client-893DBB590F16->s0@group-2527C568F951, cid=4758, seq=null, RW, Message:01016100)
2024-10-16 23:57:18,097 DEBUG server.RaftServer$Division (LeaderStateImpl.java:addPendingRequest(529)) - s0@group-2527C568F951-LeaderStateImpl: addPendingRequest at RaftClientRequest:client-893DBB590F16->s0@group-2527C568F951, cid=4758, seq=null, RW, Message:01016100, entry=(t:1, i:91), STATEMACHINELOGENTRY, WRITE: logData.size=4, stateMachineData.size=0, logEntryProtoSerializedSize=0
2024-10-16 23:57:18,098 DEBUG server.RaftServer$Division (RaftServerImpl.java:logAppendEntries(1549)) - s10@group-2527C568F951: appendEntries* s0->s10#4759-t1,previous=(t:1, i:89),leaderCommit=89,initializing? false,entries: size=1, first=(t:1, i:90), METADATAENTRY(c:89)
2024-10-16 23:57:18,098 DEBUG server.RaftServer$Division (RaftServerImpl.java:logAppendEntries(1549)) - s1@group-2527C568F951: appendEntries* reply s0<-s1#4757:OK-t1,SUCCESS,nextIndex=91,followerCommit=89,matchIndex=90
2024-10-16 23:57:18,098 DEBUG server.RaftServer$Division (RaftServerImpl.java:logAppendEntries(1549)) - s10@group-2527C568F951: appendEntries* reply s0<-s10#4759:OK-t1,SUCCESS,nextIndex=91,followerCommit=89,matchIndex=90
2024-10-16 23:57:18,098 DEBUG server.RaftServer$Division (RaftServerImpl.java:logAppendEntries(1549)) - s1@group-2527C568F951: appendEntries* s0->s1#4760-t1,previous=(t:1, i:90),leaderCommit=89,initializing? false,entries: size=1, first=(t:1, i:91), STATEMACHINELOGENTRY, StateMachineLogEntryProto:4758@client-893DBB590F16
2024-10-16 23:57:18,099 DEBUG server.RaftServer$Division (RaftServerImpl.java:logAppendEntries(1549)) - s10@group-2527C568F951: appendEntries* s0->s10#4761-t1,previous=(t:1, i:90),leaderCommit=90,initializing? false,entries: size=1, first=(t:1, i:91), STATEMACHINELOGENTRY, StateMachineLogEntryProto:4758@client-893DBB590F16
2024-10-16 23:57:18,099 DEBUG server.RaftServer$Division (RaftServerImpl.java:logAppendEntries(1549)) - s1@group-2527C568F951: appendEntries* reply s0<-s1#4760:OK-t1,SUCCESS,nextIndex=92,followerCommit=89,matchIndex=91
2024-10-16 23:57:18,099 DEBUG server.RaftServer$Division (RaftServerImpl.java:logAppendEntries(1549)) - s10@group-2527C568F951: appendEntries* reply s0<-s10#4761:OK-t1,SUCCESS,nextIndex=92,followerCommit=90,matchIndex=91
2024-10-16 23:57:18,099 INFO  statemachine.StateMachine (ArithmeticStateMachine.java:applyTransaction(181)) - LEADER:s0-91: a = null = null
2024-10-16 23:57:18,100 DEBUG server.RaftServer$Division (RaftServerImpl.java:logAppendEntries(1549)) - s1@group-2527C568F951: appendEntries* s0->s1#4762-t1,previous=(t:1, i:91),leaderCommit=91,initializing? false,entries: size=1, first=(t:1, i:92), METADATAENTRY(c:91)
2024-10-16 23:57:18,100 DEBUG server.RaftServer$Division (RaftServerImpl.java:logAppendEntries(1549)) - s10@group-2527C568F951: appendEntries* s0->s10#4763-t1,previous=(t:1, i:91),leaderCommit=91,initializing? false,entries: size=1, first=(t:1, i:92), METADATAENTRY(c:91)
2024-10-16 23:57:18,100 DEBUG server.RaftServer$Division (RaftServerImpl.java:submitClientRequestAsync(920)) - s0@group-2527C568F951: receive client request(RaftClientRequest:client-893DBB590F16->s0@group-2527C568F951, cid=4764, seq=null, RW, Message:01016200)
2024-10-16 23:57:18,100 DEBUG server.RaftServer$Division (RaftServerImpl.java:logAppendEntries(1549)) - s1@group-2527C568F951: appendEntries* reply s0<-s1#4762:OK-t1,SUCCESS,nextIndex=93,followerCommit=91,matchIndex=92
2024-10-16 23:57:18,100 DEBUG server.RaftServer$Division (LeaderStateImpl.java:addPendingRequest(529)) - s0@group-2527C568F951-LeaderStateImpl: addPendingRequest at RaftClientRequest:client-893DBB590F16->s0@group-2527C568F951, cid=4764, seq=null, RW, Message:01016200, entry=(t:1, i:93), STATEMACHINELOGENTRY, WRITE: logData.size=4, stateMachineData.size=0, logEntryProtoSerializedSize=0
2024-10-16 23:57:18,101 DEBUG server.RaftServer$Division (RaftServerImpl.java:logAppendEntries(1549)) - s10@group-2527C568F951: appendEntries* reply s0<-s10#4763:OK-t1,SUCCESS,nextIndex=93,followerCommit=91,matchIndex=92
2024-10-16 23:57:18,101 DEBUG server.RaftServer$Division (RaftServerImpl.java:logAppendEntries(1549)) - s1@group-2527C568F951: appendEntries* s0->s1#4765-t1,previous=(t:1, i:92),leaderCommit=91,initializing? false,entries: size=1, first=(t:1, i:93), STATEMACHINELOGENTRY, StateMachineLogEntryProto:4764@client-893DBB590F16
2024-10-16 23:57:18,101 DEBUG server.RaftServer$Division (RaftServerImpl.java:logAppendEntries(1549)) - s10@group-2527C568F951: appendEntries* s0->s10#4766-t1,previous=(t:1, i:92),leaderCommit=92,initializing? false,entries: size=1, first=(t:1, i:93), STATEMACHINELOGENTRY, StateMachineLogEntryProto:4764@client-893DBB590F16
2024-10-16 23:57:18,101 DEBUG server.RaftServer$Division (RaftServerImpl.java:logAppendEntries(1549)) - s1@group-2527C568F951: appendEntries* reply s0<-s1#4765:OK-t1,SUCCESS,nextIndex=94,followerCommit=91,matchIndex=93
2024-10-16 23:57:18,102 INFO  statemachine.StateMachine (ArithmeticStateMachine.java:applyTransaction(181)) - LEADER:s0-93: b = null = null
2024-10-16 23:57:18,102 DEBUG server.RaftServer$Division (RaftServerImpl.java:logAppendEntries(1549)) - s10@group-2527C568F951: appendEntries* reply s0<-s10#4766:OK-t1,SUCCESS,nextIndex=94,followerCommit=92,matchIndex=93
2024-10-16 23:57:18,102 DEBUG server.RaftServer$Division (RaftServerImpl.java:logAppendEntries(1549)) - s1@group-2527C568F951: appendEntries* s0->s1#4767-t1,previous=(t:1, i:93),leaderCommit=93,initializing? false,entries: size=1, first=(t:1, i:94), METADATAENTRY(c:93)
2024-10-16 23:57:18,103 DEBUG server.RaftServer$Division (RaftServerImpl.java:submitClientRequestAsync(920)) - s0@group-2527C568F951: receive client request(RaftClientRequest:client-893DBB590F16->s0@group-2527C568F951, cid=4768, seq=null, RW, Message:01016300)
2024-10-16 23:57:18,103 DEBUG server.RaftServer$Division (RaftServerImpl.java:logAppendEntries(1549)) - s1@group-2527C568F951: appendEntries* reply s0<-s1#4767:OK-t1,SUCCESS,nextIndex=95,followerCommit=93,matchIndex=94
2024-10-16 23:57:18,103 DEBUG server.RaftServer$Division (LeaderStateImpl.java:addPendingRequest(529)) - s0@group-2527C568F951-LeaderStateImpl: addPendingRequest at RaftClientRequest:client-893DBB590F16->s0@group-2527C568F951, cid=4768, seq=null, RW, Message:01016300, entry=(t:1, i:95), STATEMACHINELOGENTRY, WRITE: logData.size=4, stateMachineData.size=0, logEntryProtoSerializedSize=0
2024-10-16 23:57:18,104 DEBUG server.RaftServer$Division (RaftServerImpl.java:logAppendEntries(1549)) - s10@group-2527C568F951: appendEntries* s0->s10#4769-t1,previous=(t:1, i:93),leaderCommit=93,initializing? false,entries: size=1, first=(t:1, i:94), METADATAENTRY(c:93)
2024-10-16 23:57:18,104 DEBUG server.RaftServer$Division (RaftServerImpl.java:logAppendEntries(1549)) - s1@group-2527C568F951: appendEntries* s0->s1#4770-t1,previous=(t:1, i:94),leaderCommit=93,initializing? false,entries: size=1, first=(t:1, i:95), STATEMACHINELOGENTRY, StateMachineLogEntryProto:4768@client-893DBB590F16
2024-10-16 23:57:18,104 DEBUG server.RaftServer$Division (RaftServerImpl.java:logAppendEntries(1549)) - s10@group-2527C568F951: appendEntries* reply s0<-s10#4769:OK-t1,SUCCESS,nextIndex=95,followerCommit=93,matchIndex=94
2024-10-16 23:57:18,105 DEBUG server.RaftServer$Division (RaftServerImpl.java:logAppendEntries(1549)) - s1@group-2527C568F951: appendEntries* reply s0<-s1#4770:OK-t1,SUCCESS,nextIndex=96,followerCommit=93,matchIndex=95
2024-10-16 23:57:18,105 INFO  statemachine.StateMachine (ArithmeticStateMachine.java:applyTransaction(181)) - LEADER:s0-95: c = null = null
2024-10-16 23:57:18,105 DEBUG server.RaftServer$Division (RaftServerImpl.java:logAppendEntries(1549)) - s1@group-2527C568F951: appendEntries* s0->s1#4772-t1,previous=(t:1, i:95),leaderCommit=95,initializing? false,entries: size=1, first=(t:1, i:96), METADATAENTRY(c:95)
2024-10-16 23:57:18,105 DEBUG server.RaftServer$Division (RaftServerImpl.java:submitClientRequestAsync(920)) - s0@group-2527C568F951: receive client request(RaftClientRequest:client-893DBB590F16->s0@group-2527C568F951, cid=4773, seq=null, RW, Message:01016102403300000000...(size=12))
2024-10-16 23:57:18,106 DEBUG server.RaftServer$Division (RaftServerImpl.java:logAppendEntries(1549)) - s1@group-2527C568F951: appendEntries* reply s0<-s1#4772:OK-t1,SUCCESS,nextIndex=97,followerCommit=95,matchIndex=96
2024-10-16 23:57:18,106 DEBUG server.RaftServer$Division (LeaderStateImpl.java:addPendingRequest(529)) - s0@group-2527C568F951-LeaderStateImpl: addPendingRequest at RaftClientRequest:client-893DBB590F16->s0@group-2527C568F951, cid=4773, seq=null, RW, Message:01016102403300000000...(size=12), entry=(t:1, i:97), STATEMACHINELOGENTRY, WRITE: logData.size=12, stateMachineData.size=0, logEntryProtoSerializedSize=0
2024-10-16 23:57:18,106 DEBUG server.RaftServer$Division (RaftServerImpl.java:logAppendEntries(1549)) - s10@group-2527C568F951: appendEntries* s0->s10#4771-t1,previous=(t:1, i:94),leaderCommit=94,initializing? false,entries: size=1, first=(t:1, i:95), STATEMACHINELOGENTRY, StateMachineLogEntryProto:4768@client-893DBB590F16
2024-10-16 23:57:18,106 DEBUG server.RaftServer$Division (RaftServerImpl.java:logAppendEntries(1549)) - s1@group-2527C568F951: appendEntries* s0->s1#4774-t1,previous=(t:1, i:96),leaderCommit=96,initializing? false,entries: size=1, first=(t:1, i:97), STATEMACHINELOGENTRY, StateMachineLogEntryProto:4773@client-893DBB590F16
2024-10-16 23:57:18,107 DEBUG server.RaftServer$Division (RaftServerImpl.java:logAppendEntries(1549)) - s1@group-2527C568F951: appendEntries* reply s0<-s1#4774:OK-t1,SUCCESS,nextIndex=98,followerCommit=96,matchIndex=97
2024-10-16 23:57:18,107 DEBUG server.RaftServer$Division (RaftServerImpl.java:logAppendEntries(1549)) - s10@group-2527C568F951: appendEntries* reply s0<-s10#4771:OK-t1,SUCCESS,nextIndex=96,followerCommit=94,matchIndex=95
2024-10-16 23:57:18,108 INFO  statemachine.StateMachine (ArithmeticStateMachine.java:applyTransaction(181)) - LEADER:s0-97: a = 19 = 19
2024-10-16 23:57:18,108 DEBUG server.RaftServer$Division (RaftServerImpl.java:logAppendEntries(1549)) - s1@group-2527C568F951: appendEntries* s0->s1#4775-t1,previous=(t:1, i:97),leaderCommit=97,initializing? false,entries: size=1, first=(t:1, i:98), METADATAENTRY(c:97)
2024-10-16 23:57:18,108 DEBUG server.RaftServer$Division (RaftServerImpl.java:submitClientRequestAsync(920)) - s0@group-2527C568F951: receive client request(RaftClientRequest:client-893DBB590F16->s0@group-2527C568F951, cid=4777, seq=null, RW, Message:01016202406680000000...(size=12))
2024-10-16 23:57:18,109 DEBUG server.RaftServer$Division (LeaderStateImpl.java:addPendingRequest(529)) - s0@group-2527C568F951-LeaderStateImpl: addPendingRequest at RaftClientRequest:client-893DBB590F16->s0@group-2527C568F951, cid=4777, seq=null, RW, Message:01016202406680000000...(size=12), entry=(t:1, i:99), STATEMACHINELOGENTRY, WRITE: logData.size=12, stateMachineData.size=0, logEntryProtoSerializedSize=0
2024-10-16 23:57:18,109 DEBUG server.RaftServer$Division (RaftServerImpl.java:logAppendEntries(1549)) - s1@group-2527C568F951: appendEntries* reply s0<-s1#4775:OK-t1,SUCCESS,nextIndex=99,followerCommit=97,matchIndex=98
2024-10-16 23:57:18,109 DEBUG server.RaftServer$Division (RaftServerImpl.java:logAppendEntries(1549)) - s10@group-2527C568F951: appendEntries* s0->s10#4776-t1,previous=(t:1, i:95),leaderCommit=97,initializing? false,entries: size=3, first=(t:1, i:96), METADATAENTRY(c:95)
2024-10-16 23:57:18,109 DEBUG server.RaftServer$Division (RaftServerImpl.java:logAppendEntries(1549)) - s1@group-2527C568F951: appendEntries* s0->s1#4778-t1,previous=(t:1, i:98),leaderCommit=98,initializing? false,entries: size=1, first=(t:1, i:99), STATEMACHINELOGENTRY, StateMachineLogEntryProto:4777@client-893DBB590F16
2024-10-16 23:57:18,110 DEBUG server.RaftServer$Division (RaftServerImpl.java:logAppendEntries(1549)) - s10@group-2527C568F951: appendEntries* reply s0<-s10#4776:OK-t1,SUCCESS,nextIndex=99,followerCommit=97,matchIndex=98
2024-10-16 23:57:18,110 DEBUG server.RaftServer$Division (RaftServerImpl.java:logAppendEntries(1549)) - s1@group-2527C568F951: appendEntries* reply s0<-s1#4778:OK-t1,SUCCESS,nextIndex=100,followerCommit=98,matchIndex=99
2024-10-16 23:57:18,110 INFO  statemachine.StateMachine (ArithmeticStateMachine.java:applyTransaction(181)) - LEADER:s0-99: b = 180 = 180
2024-10-16 23:57:18,111 DEBUG server.RaftServer$Division (RaftServerImpl.java:logAppendEntries(1549)) - s1@group-2527C568F951: appendEntries* s0->s1#4780-t1,previous=(t:1, i:99),leaderCommit=99,initializing? false,entries: size=1, first=(t:1, i:100), METADATAENTRY(c:99)
2024-10-16 23:57:18,111 DEBUG server.RaftServer$Division (RaftServerImpl.java:submitClientRequestAsync(920)) - s0@group-2527C568F951: receive client request(RaftClientRequest:client-893DBB590F16->s0@group-2527C568F951, cid=4781, seq=null, RW, Message:01016304010300040201...(size=17))
2024-10-16 23:57:18,111 DEBUG server.RaftServer$Division (RaftServerImpl.java:logAppendEntries(1549)) - s1@group-2527C568F951: appendEntries* reply s0<-s1#4780:OK-t1,SUCCESS,nextIndex=101,followerCommit=99,matchIndex=100
2024-10-16 23:57:18,111 DEBUG server.RaftServer$Division (LeaderStateImpl.java:addPendingRequest(529)) - s0@group-2527C568F951-LeaderStateImpl: addPendingRequest at RaftClientRequest:client-893DBB590F16->s0@group-2527C568F951, cid=4781, seq=null, RW, Message:01016304010300040201...(size=17), entry=(t:1, i:101), STATEMACHINELOGENTRY, WRITE: logData.size=17, stateMachineData.size=0, logEntryProtoSerializedSize=0
2024-10-16 23:57:18,111 DEBUG server.RaftServer$Division (RaftServerImpl.java:logAppendEntries(1549)) - s10@group-2527C568F951: appendEntries* s0->s10#4779-t1,previous=(t:1, i:98),leaderCommit=98,initializing? false,entries: size=1, first=(t:1, i:99), STATEMACHINELOGENTRY, StateMachineLogEntryProto:4777@client-893DBB590F16
2024-10-16 23:57:18,112 DEBUG server.RaftServer$Division (RaftServerImpl.java:logAppendEntries(1549)) - s1@group-2527C568F951: appendEntries* s0->s1#4782-t1,previous=(t:1, i:100),leaderCommit=99,initializing? false,entries: size=1, first=(t:1, i:101), STATEMACHINELOGENTRY, StateMachineLogEntryProto:4781@client-893DBB590F16
2024-10-16 23:57:18,112 DEBUG server.RaftServer$Division (RaftServerImpl.java:logAppendEntries(1549)) - s10@group-2527C568F951: appendEntries* reply s0<-s10#4779:OK-t1,SUCCESS,nextIndex=100,followerCommit=98,matchIndex=99
2024-10-16 23:57:18,112 DEBUG server.RaftServer$Division (RaftServerImpl.java:logAppendEntries(1549)) - s1@group-2527C568F951: appendEntries* reply s0<-s1#4782:OK-t1,SUCCESS,nextIndex=102,followerCommit=99,matchIndex=101
2024-10-16 23:57:18,113 INFO  statemachine.StateMachine (ArithmeticStateMachine.java:applyTransaction(181)) - LEADER:s0-101: c = √(a^2 + b^2) = 181
2024-10-16 23:57:18,113 DEBUG server.RaftServer$Division (RaftServerImpl.java:logAppendEntries(1549)) - s1@group-2527C568F951: appendEntries* s0->s1#4784-t1,previous=(t:1, i:101),leaderCommit=101,initializing? false,entries: size=1, first=(t:1, i:102), METADATAENTRY(c:101)
2024-10-16 23:57:18,113 DEBUG server.RaftServer$Division (RaftServerImpl.java:logAppendEntries(1549)) - s1@group-2527C568F951: appendEntries* reply s0<-s1#4784:OK-t1,SUCCESS,nextIndex=103,followerCommit=101,matchIndex=102
2024-10-16 23:57:18,113 DEBUG server.RaftServer$Division (RaftServerImpl.java:submitClientRequestAsync(920)) - s0@group-2527C568F951: receive client request(RaftClientRequest:client-893DBB590F16->s0@group-2527C568F951, cid=4785, seq=null, RW, Message:01016100)
2024-10-16 23:57:18,114 DEBUG server.RaftServer$Division (RaftServerImpl.java:logAppendEntries(1549)) - s10@group-2527C568F951: appendEntries* s0->s10#4783-t1,previous=(t:1, i:99),leaderCommit=100,initializing? false,entries: size=2, first=(t:1, i:100), METADATAENTRY(c:99)
2024-10-16 23:57:18,114 DEBUG server.RaftServer$Division (LeaderStateImpl.java:addPendingRequest(529)) - s0@group-2527C568F951-LeaderStateImpl: addPendingRequest at RaftClientRequest:client-893DBB590F16->s0@group-2527C568F951, cid=4785, seq=null, RW, Message:01016100, entry=(t:1, i:103), STATEMACHINELOGENTRY, WRITE: logData.size=4, stateMachineData.size=0, logEntryProtoSerializedSize=0
2024-10-16 23:57:18,114 DEBUG server.RaftServer$Division (RaftServerImpl.java:logAppendEntries(1549)) - s1@group-2527C568F951: appendEntries* s0->s1#4786-t1,previous=(t:1, i:102),leaderCommit=102,initializing? false,entries: size=1, first=(t:1, i:103), STATEMACHINELOGENTRY, StateMachineLogEntryProto:4785@client-893DBB590F16
2024-10-16 23:57:18,115 DEBUG server.RaftServer$Division (RaftServerImpl.java:logAppendEntries(1549)) - s10@group-2527C568F951: appendEntries* reply s0<-s10#4783:OK-t1,SUCCESS,nextIndex=102,followerCommit=100,matchIndex=101
2024-10-16 23:57:18,115 DEBUG server.RaftServer$Division (RaftServerImpl.java:logAppendEntries(1549)) - s1@group-2527C568F951: appendEntries* reply s0<-s1#4786:OK-t1,SUCCESS,nextIndex=104,followerCommit=102,matchIndex=103
2024-10-16 23:57:18,115 INFO  statemachine.StateMachine (ArithmeticStateMachine.java:applyTransaction(181)) - LEADER:s0-103: a = null = null
2024-10-16 23:57:18,116 DEBUG server.RaftServer$Division (RaftServerImpl.java:logAppendEntries(1549)) - s1@group-2527C568F951: appendEntries* s0->s1#4788-t1,previous=(t:1, i:103),leaderCommit=103,initializing? false,entries: size=1, first=(t:1, i:104), METADATAENTRY(c:103)
2024-10-16 23:57:18,116 DEBUG server.RaftServer$Division (RaftServerImpl.java:submitClientRequestAsync(920)) - s0@group-2527C568F951: receive client request(RaftClientRequest:client-893DBB590F16->s0@group-2527C568F951, cid=4789, seq=null, RW, Message:01016200)
2024-10-16 23:57:18,116 DEBUG server.RaftServer$Division (LeaderStateImpl.java:addPendingRequest(529)) - s0@group-2527C568F951-LeaderStateImpl: addPendingRequest at RaftClientRequest:client-893DBB590F16->s0@group-2527C568F951, cid=4789, seq=null, RW, Message:01016200, entry=(t:1, i:105), STATEMACHINELOGENTRY, WRITE: logData.size=4, stateMachineData.size=0, logEntryProtoSerializedSize=0
2024-10-16 23:57:18,116 DEBUG server.RaftServer$Division (RaftServerImpl.java:logAppendEntries(1549)) - s10@group-2527C568F951: appendEntries* s0->s10#4787-t1,previous=(t:1, i:101),leaderCommit=102,initializing? false,entries: size=2, first=(t:1, i:102), METADATAENTRY(c:101)
2024-10-16 23:57:18,116 DEBUG server.RaftServer$Division (RaftServerImpl.java:logAppendEntries(1549)) - s1@group-2527C568F951: appendEntries* reply s0<-s1#4788:OK-t1,SUCCESS,nextIndex=105,followerCommit=103,matchIndex=104
2024-10-16 23:57:18,117 DEBUG server.RaftServer$Division (RaftServerImpl.java:logAppendEntries(1549)) - s1@group-2527C568F951: appendEntries* s0->s1#4790-t1,previous=(t:1, i:104),leaderCommit=104,initializing? false,entries: size=1, first=(t:1, i:105), STATEMACHINELOGENTRY, StateMachineLogEntryProto:4789@client-893DBB590F16
2024-10-16 23:57:18,118 DEBUG server.RaftServer$Division (RaftServerImpl.java:logAppendEntries(1549)) - s10@group-2527C568F951: appendEntries* reply s0<-s10#4787:OK-t1,SUCCESS,nextIndex=104,followerCommit=102,matchIndex=103
2024-10-16 23:57:18,118 DEBUG server.RaftServer$Division (RaftServerImpl.java:logAppendEntries(1549)) - s1@group-2527C568F951: appendEntries* reply s0<-s1#4790:OK-t1,SUCCESS,nextIndex=106,followerCommit=104,matchIndex=105
2024-10-16 23:57:18,118 INFO  statemachine.StateMachine (ArithmeticStateMachine.java:applyTransaction(181)) - LEADER:s0-105: b = null = null
2024-10-16 23:57:18,118 DEBUG server.RaftServer$Division (RaftServerImpl.java:logAppendEntries(1549)) - s1@group-2527C568F951: appendEntries* s0->s1#4791-t1,previous=(t:1, i:105),leaderCommit=105,initializing? false,entries: size=1, first=(t:1, i:106), METADATAENTRY(c:105)
2024-10-16 23:57:18,119 DEBUG server.RaftServer$Division (RaftServerImpl.java:submitClientRequestAsync(920)) - s0@group-2527C568F951: receive client request(RaftClientRequest:client-893DBB590F16->s0@group-2527C568F951, cid=4792, seq=null, RW, Message:01016300)
2024-10-16 23:57:18,119 DEBUG server.RaftServer$Division (LeaderStateImpl.java:addPendingRequest(529)) - s0@group-2527C568F951-LeaderStateImpl: addPendingRequest at RaftClientRequest:client-893DBB590F16->s0@group-2527C568F951, cid=4792, seq=null, RW, Message:01016300, entry=(t:1, i:107), STATEMACHINELOGENTRY, WRITE: logData.size=4, stateMachineData.size=0, logEntryProtoSerializedSize=0
2024-10-16 23:57:18,119 DEBUG server.RaftServer$Division (RaftServerImpl.java:logAppendEntries(1549)) - s1@group-2527C568F951: appendEntries* reply s0<-s1#4791:OK-t1,SUCCESS,nextIndex=107,followerCommit=105,matchIndex=106
2024-10-16 23:57:18,120 DEBUG server.RaftServer$Division (RaftServerImpl.java:logAppendEntries(1549)) - s10@group-2527C568F951: appendEntries* s0->s10#4793-t1,previous=(t:1, i:103),leaderCommit=105,initializing? false,entries: size=4, first=(t:1, i:104), METADATAENTRY(c:103)
2024-10-16 23:57:18,120 DEBUG server.RaftServer$Division (RaftServerImpl.java:logAppendEntries(1549)) - s1@group-2527C568F951: appendEntries* s0->s1#4794-t1,previous=(t:1, i:106),leaderCommit=106,initializing? false,entries: size=1, first=(t:1, i:107), STATEMACHINELOGENTRY, StateMachineLogEntryProto:4792@client-893DBB590F16
2024-10-16 23:57:18,120 DEBUG server.RaftServer$Division (RaftServerImpl.java:logAppendEntries(1549)) - s1@group-2527C568F951: appendEntries* reply s0<-s1#4794:OK-t1,SUCCESS,nextIndex=108,followerCommit=106,matchIndex=107
2024-10-16 23:57:18,121 DEBUG server.RaftServer$Division (RaftServerImpl.java:logAppendEntries(1549)) - s10@group-2527C568F951: appendEntries* reply s0<-s10#4793:OK-t1,SUCCESS,nextIndex=108,followerCommit=105,matchIndex=107
2024-10-16 23:57:18,121 INFO  statemachine.StateMachine (ArithmeticStateMachine.java:applyTransaction(181)) - LEADER:s0-107: c = null = null
2024-10-16 23:57:18,121 DEBUG server.RaftServer$Division (RaftServerImpl.java:logAppendEntries(1549)) - s1@group-2527C568F951: appendEntries* s0->s1#4795-t1,previous=(t:1, i:107),leaderCommit=107,initializing? false,entries: size=1, first=(t:1, i:108), METADATAENTRY(c:107)
2024-10-16 23:57:18,122 DEBUG server.RaftServer$Division (RaftServerImpl.java:logAppendEntries(1549)) - s1@group-2527C568F951: appendEntries* reply s0<-s1#4795:OK-t1,SUCCESS,nextIndex=109,followerCommit=107,matchIndex=108
2024-10-16 23:57:18,123 DEBUG server.RaftServer$Division (RaftServerImpl.java:logAppendEntries(1549)) - s10@group-2527C568F951: appendEntries* s0->s10#4796-t1,previous=(t:1, i:107),leaderCommit=108,initializing? false,entries: size=1, first=(t:1, i:108), METADATAENTRY(c:107)
2024-10-16 23:57:18,123 DEBUG server.RaftServer$Division (RaftServerImpl.java:submitClientRequestAsync(920)) - s0@group-2527C568F951: receive client request(RaftClientRequest:client-893DBB590F16->s0@group-2527C568F951, cid=4797, seq=null, RW, Message:01016102403500000000...(size=12))
2024-10-16 23:57:18,123 DEBUG server.RaftServer$Division (LeaderStateImpl.java:addPendingRequest(529)) - s0@group-2527C568F951-LeaderStateImpl: addPendingRequest at RaftClientRequest:client-893DBB590F16->s0@group-2527C568F951, cid=4797, seq=null, RW, Message:01016102403500000000...(size=12), entry=(t:1, i:109), STATEMACHINELOGENTRY, WRITE: logData.size=12, stateMachineData.size=0, logEntryProtoSerializedSize=0
2024-10-16 23:57:18,123 DEBUG server.RaftServer$Division (RaftServerImpl.java:logAppendEntries(1549)) - s10@group-2527C568F951: appendEntries* reply s0<-s10#4796:OK-t1,SUCCESS,nextIndex=109,followerCommit=108,matchIndex=108
2024-10-16 23:57:18,124 DEBUG server.RaftServer$Division (RaftServerImpl.java:logAppendEntries(1549)) - s1@group-2527C568F951: appendEntries* s0->s1#4798-t1,previous=(t:1, i:108),leaderCommit=108,initializing? false,entries: size=1, first=(t:1, i:109), STATEMACHINELOGENTRY, StateMachineLogEntryProto:4797@client-893DBB590F16
2024-10-16 23:57:18,124 DEBUG server.RaftServer$Division (RaftServerImpl.java:logAppendEntries(1549)) - s1@group-2527C568F951: appendEntries* reply s0<-s1#4798:OK-t1,SUCCESS,nextIndex=110,followerCommit=108,matchIndex=109
2024-10-16 23:57:18,124 INFO  statemachine.StateMachine (ArithmeticStateMachine.java:applyTransaction(181)) - LEADER:s0-109: a = 21 = 21
2024-10-16 23:57:18,125 DEBUG server.RaftServer$Division (RaftServerImpl.java:logAppendEntries(1549)) - s1@group-2527C568F951: appendEntries* s0->s1#4800-t1,previous=(t:1, i:109),leaderCommit=109,initializing? false,entries: size=1, first=(t:1, i:110), METADATAENTRY(c:109)
2024-10-16 23:57:18,125 DEBUG server.RaftServer$Division (RaftServerImpl.java:submitClientRequestAsync(920)) - s0@group-2527C568F951: receive client request(RaftClientRequest:client-893DBB590F16->s0@group-2527C568F951, cid=4801, seq=null, RW, Message:01016202406b80000000...(size=12))
2024-10-16 23:57:18,125 DEBUG server.RaftServer$Division (RaftServerImpl.java:logAppendEntries(1549)) - s10@group-2527C568F951: appendEntries* s0->s10#4799-t1,previous=(t:1, i:108),leaderCommit=108,initializing? false,entries: size=1, first=(t:1, i:109), STATEMACHINELOGENTRY, StateMachineLogEntryProto:4797@client-893DBB590F16
2024-10-16 23:57:18,125 DEBUG server.RaftServer$Division (LeaderStateImpl.java:addPendingRequest(529)) - s0@group-2527C568F951-LeaderStateImpl: addPendingRequest at RaftClientRequest:client-893DBB590F16->s0@group-2527C568F951, cid=4801, seq=null, RW, Message:01016202406b80000000...(size=12), entry=(t:1, i:111), STATEMACHINELOGENTRY, WRITE: logData.size=12, stateMachineData.size=0, logEntryProtoSerializedSize=0
2024-10-16 23:57:18,125 DEBUG server.RaftServer$Division (RaftServerImpl.java:logAppendEntries(1549)) - s1@group-2527C568F951: appendEntries* reply s0<-s1#4800:OK-t1,SUCCESS,nextIndex=111,followerCommit=109,matchIndex=110
2024-10-16 23:57:18,126 DEBUG server.RaftServer$Division (RaftServerImpl.java:logAppendEntries(1549)) - s10@group-2527C568F951: appendEntries* reply s0<-s10#4799:OK-t1,SUCCESS,nextIndex=110,followerCommit=108,matchIndex=109
2024-10-16 23:57:18,126 DEBUG server.RaftServer$Division (RaftServerImpl.java:logAppendEntries(1549)) - s1@group-2527C568F951: appendEntries* s0->s1#4802-t1,previous=(t:1, i:110),leaderCommit=109,initializing? false,entries: size=1, first=(t:1, i:111), STATEMACHINELOGENTRY, StateMachineLogEntryProto:4801@client-893DBB590F16
2024-10-16 23:57:18,127 DEBUG server.RaftServer$Division (RaftServerImpl.java:logAppendEntries(1549)) - s10@group-2527C568F951: appendEntries* s0->s10#4803-t1,previous=(t:1, i:109),leaderCommit=110,initializing? false,entries: size=2, first=(t:1, i:110), METADATAENTRY(c:109)
2024-10-16 23:57:18,127 DEBUG server.RaftServer$Division (RaftServerImpl.java:logAppendEntries(1549)) - s1@group-2527C568F951: appendEntries* reply s0<-s1#4802:OK-t1,SUCCESS,nextIndex=112,followerCommit=109,matchIndex=111
2024-10-16 23:57:18,127 DEBUG server.RaftServer$Division (RaftServerImpl.java:logAppendEntries(1549)) - s10@group-2527C568F951: appendEntries* reply s0<-s10#4803:OK-t1,SUCCESS,nextIndex=112,followerCommit=110,matchIndex=111
2024-10-16 23:57:18,127 INFO  statemachine.StateMachine (ArithmeticStateMachine.java:applyTransaction(181)) - LEADER:s0-111: b = 220 = 220
2024-10-16 23:57:18,128 DEBUG server.RaftServer$Division (RaftServerImpl.java:logAppendEntries(1549)) - s1@group-2527C568F951: appendEntries* s0->s1#4804-t1,previous=(t:1, i:111),leaderCommit=111,initializing? false,entries: size=1, first=(t:1, i:112), METADATAENTRY(c:111)
2024-10-16 23:57:18,128 DEBUG server.RaftServer$Division (RaftServerImpl.java:logAppendEntries(1549)) - s1@group-2527C568F951: appendEntries* reply s0<-s1#4804:OK-t1,SUCCESS,nextIndex=113,followerCommit=111,matchIndex=112
2024-10-16 23:57:18,128 DEBUG server.RaftServer$Division (RaftServerImpl.java:submitClientRequestAsync(920)) - s0@group-2527C568F951: receive client request(RaftClientRequest:client-893DBB590F16->s0@group-2527C568F951, cid=4805, seq=null, RW, Message:01016304010300040201...(size=17))
2024-10-16 23:57:18,128 DEBUG server.RaftServer$Division (LeaderStateImpl.java:addPendingRequest(529)) - s0@group-2527C568F951-LeaderStateImpl: addPendingRequest at RaftClientRequest:client-893DBB590F16->s0@group-2527C568F951, cid=4805, seq=null, RW, Message:01016304010300040201...(size=17), entry=(t:1, i:113), STATEMACHINELOGENTRY, WRITE: logData.size=17, stateMachineData.size=0, logEntryProtoSerializedSize=0
2024-10-16 23:57:18,129 DEBUG server.RaftServer$Division (RaftServerImpl.java:logAppendEntries(1549)) - s1@group-2527C568F951: appendEntries* s0->s1#4807-t1,previous=(t:1, i:112),leaderCommit=111,initializing? false,entries: size=1, first=(t:1, i:113), STATEMACHINELOGENTRY, StateMachineLogEntryProto:4805@client-893DBB590F16
2024-10-16 23:57:18,129 DEBUG server.RaftServer$Division (RaftServerImpl.java:logAppendEntries(1549)) - s10@group-2527C568F951: appendEntries* s0->s10#4806-t1,previous=(t:1, i:111),leaderCommit=111,initializing? false,entries: size=1, first=(t:1, i:112), METADATAENTRY(c:111)
2024-10-16 23:57:18,129 DEBUG server.RaftServer$Division (RaftServerImpl.java:logAppendEntries(1549)) - s1@group-2527C568F951: appendEntries* reply s0<-s1#4807:OK-t1,SUCCESS,nextIndex=114,followerCommit=111,matchIndex=113
2024-10-16 23:57:18,130 INFO  statemachine.StateMachine (ArithmeticStateMachine.java:applyTransaction(181)) - LEADER:s0-113: c = √(a^2 + b^2) = 221
2024-10-16 23:57:18,130 DEBUG server.RaftServer$Division (RaftServerImpl.java:logAppendEntries(1549)) - s10@group-2527C568F951: appendEntries* reply s0<-s10#4806:OK-t1,SUCCESS,nextIndex=113,followerCommit=111,matchIndex=112
2024-10-16 23:57:18,130 DEBUG server.RaftServer$Division (RaftServerImpl.java:logAppendEntries(1549)) - s1@group-2527C568F951: appendEntries* s0->s1#4808-t1,previous=(t:1, i:113),leaderCommit=113,initializing? false,entries: size=1, first=(t:1, i:114), METADATAENTRY(c:113)
2024-10-16 23:57:18,130 DEBUG server.RaftServer$Division (RaftServerImpl.java:logAppendEntries(1549)) - s10@group-2527C568F951: appendEntries* s0->s10#4809-t1,previous=(t:1, i:112),leaderCommit=113,initializing? false,entries: size=2, first=(t:1, i:113), STATEMACHINELOGENTRY, StateMachineLogEntryProto:4805@client-893DBB590F16
2024-10-16 23:57:18,131 DEBUG server.RaftServer$Division (RaftServerImpl.java:logAppendEntries(1549)) - s1@group-2527C568F951: appendEntries* reply s0<-s1#4808:OK-t1,SUCCESS,nextIndex=115,followerCommit=113,matchIndex=114
2024-10-16 23:57:18,131 DEBUG server.RaftServer$Division (RaftServerImpl.java:logAppendEntries(1549)) - s10@group-2527C568F951: appendEntries* reply s0<-s10#4809:OK-t1,SUCCESS,nextIndex=115,followerCommit=113,matchIndex=114
2024-10-16 23:57:18,131 DEBUG server.RaftServer$Division (RaftServerImpl.java:submitClientRequestAsync(920)) - s0@group-2527C568F951: receive client request(RaftClientRequest:client-893DBB590F16->s0@group-2527C568F951, cid=4810, seq=null, RW, Message:01016100)
2024-10-16 23:57:18,131 DEBUG server.RaftServer$Division (LeaderStateImpl.java:addPendingRequest(529)) - s0@group-2527C568F951-LeaderStateImpl: addPendingRequest at RaftClientRequest:client-893DBB590F16->s0@group-2527C568F951, cid=4810, seq=null, RW, Message:01016100, entry=(t:1, i:115), STATEMACHINELOGENTRY, WRITE: logData.size=4, stateMachineData.size=0, logEntryProtoSerializedSize=0
2024-10-16 23:57:18,132 DEBUG server.RaftServer$Division (RaftServerImpl.java:logAppendEntries(1549)) - s10@group-2527C568F951: appendEntries* s0->s10#4811-t1,previous=(t:1, i:114),leaderCommit=114,initializing? false,entries: size=1, first=(t:1, i:115), STATEMACHINELOGENTRY, StateMachineLogEntryProto:4810@client-893DBB590F16
2024-10-16 23:57:18,132 DEBUG server.RaftServer$Division (RaftServerImpl.java:logAppendEntries(1549)) - s1@group-2527C568F951: appendEntries* s0->s1#4812-t1,previous=(t:1, i:114),leaderCommit=114,initializing? false,entries: size=1, first=(t:1, i:115), STATEMACHINELOGENTRY, StateMachineLogEntryProto:4810@client-893DBB590F16
2024-10-16 23:57:18,132 DEBUG server.RaftServer$Division (RaftServerImpl.java:logAppendEntries(1549)) - s10@group-2527C568F951: appendEntries* reply s0<-s10#4811:OK-t1,SUCCESS,nextIndex=116,followerCommit=114,matchIndex=115
2024-10-16 23:57:18,132 DEBUG server.RaftServer$Division (RaftServerImpl.java:logAppendEntries(1549)) - s1@group-2527C568F951: appendEntries* reply s0<-s1#4812:OK-t1,SUCCESS,nextIndex=116,followerCommit=114,matchIndex=115
2024-10-16 23:57:18,132 INFO  statemachine.StateMachine (ArithmeticStateMachine.java:applyTransaction(181)) - LEADER:s0-115: a = null = null
2024-10-16 23:57:18,133 DEBUG server.RaftServer$Division (RaftServerImpl.java:logAppendEntries(1549)) - s10@group-2527C568F951: appendEntries* s0->s10#4813-t1,previous=(t:1, i:115),leaderCommit=115,initializing? false,entries: size=1, first=(t:1, i:116), METADATAENTRY(c:115)
2024-10-16 23:57:18,133 DEBUG server.RaftServer$Division (RaftServerImpl.java:logAppendEntries(1549)) - s1@group-2527C568F951: appendEntries* s0->s1#4814-t1,previous=(t:1, i:115),leaderCommit=115,initializing? false,entries: size=1, first=(t:1, i:116), METADATAENTRY(c:115)
2024-10-16 23:57:18,133 DEBUG server.RaftServer$Division (RaftServerImpl.java:logAppendEntries(1549)) - s10@group-2527C568F951: appendEntries* reply s0<-s10#4813:OK-t1,SUCCESS,nextIndex=117,followerCommit=115,matchIndex=116
2024-10-16 23:57:18,133 DEBUG server.RaftServer$Division (RaftServerImpl.java:logAppendEntries(1549)) - s1@group-2527C568F951: appendEntries* reply s0<-s1#4814:OK-t1,SUCCESS,nextIndex=117,followerCommit=115,matchIndex=116
2024-10-16 23:57:18,134 DEBUG server.RaftServer$Division (RaftServerImpl.java:submitClientRequestAsync(920)) - s0@group-2527C568F951: receive client request(RaftClientRequest:client-893DBB590F16->s0@group-2527C568F951, cid=4815, seq=null, RW, Message:01016200)
2024-10-16 23:57:18,134 DEBUG server.RaftServer$Division (LeaderStateImpl.java:addPendingRequest(529)) - s0@group-2527C568F951-LeaderStateImpl: addPendingRequest at RaftClientRequest:client-893DBB590F16->s0@group-2527C568F951, cid=4815, seq=null, RW, Message:01016200, entry=(t:1, i:117), STATEMACHINELOGENTRY, WRITE: logData.size=4, stateMachineData.size=0, logEntryProtoSerializedSize=0
2024-10-16 23:57:18,134 DEBUG server.RaftServer$Division (RaftServerImpl.java:logAppendEntries(1549)) - s10@group-2527C568F951: appendEntries* s0->s10#4816-t1,previous=(t:1, i:116),leaderCommit=116,initializing? false,entries: size=1, first=(t:1, i:117), STATEMACHINELOGENTRY, StateMachineLogEntryProto:4815@client-893DBB590F16
2024-10-16 23:57:18,134 DEBUG server.RaftServer$Division (RaftServerImpl.java:logAppendEntries(1549)) - s1@group-2527C568F951: appendEntries* s0->s1#4817-t1,previous=(t:1, i:116),leaderCommit=116,initializing? false,entries: size=1, first=(t:1, i:117), STATEMACHINELOGENTRY, StateMachineLogEntryProto:4815@client-893DBB590F16
2024-10-16 23:57:18,135 DEBUG server.RaftServer$Division (RaftServerImpl.java:logAppendEntries(1549)) - s10@group-2527C568F951: appendEntries* reply s0<-s10#4816:OK-t1,SUCCESS,nextIndex=118,followerCommit=116,matchIndex=117
2024-10-16 23:57:18,135 DEBUG server.RaftServer$Division (RaftServerImpl.java:logAppendEntries(1549)) - s1@group-2527C568F951: appendEntries* reply s0<-s1#4817:OK-t1,SUCCESS,nextIndex=118,followerCommit=116,matchIndex=117
2024-10-16 23:57:18,135 INFO  statemachine.StateMachine (ArithmeticStateMachine.java:applyTransaction(181)) - LEADER:s0-117: b = null = null
2024-10-16 23:57:18,136 DEBUG server.RaftServer$Division (RaftServerImpl.java:logAppendEntries(1549)) - s10@group-2527C568F951: appendEntries* s0->s10#4818-t1,previous=(t:1, i:117),leaderCommit=117,initializing? false,entries: size=1, first=(t:1, i:118), METADATAENTRY(c:117)
2024-10-16 23:57:18,136 DEBUG server.RaftServer$Division (RaftServerImpl.java:logAppendEntries(1549)) - s1@group-2527C568F951: appendEntries* s0->s1#4819-t1,previous=(t:1, i:117),leaderCommit=117,initializing? false,entries: size=1, first=(t:1, i:118), METADATAENTRY(c:117)
2024-10-16 23:57:18,136 DEBUG server.RaftServer$Division (RaftServerImpl.java:logAppendEntries(1549)) - s10@group-2527C568F951: appendEntries* reply s0<-s10#4818:OK-t1,SUCCESS,nextIndex=119,followerCommit=117,matchIndex=118
2024-10-16 23:57:18,136 DEBUG server.RaftServer$Division (RaftServerImpl.java:submitClientRequestAsync(920)) - s0@group-2527C568F951: receive client request(RaftClientRequest:client-893DBB590F16->s0@group-2527C568F951, cid=4820, seq=null, RW, Message:01016300)
2024-10-16 23:57:18,136 DEBUG server.RaftServer$Division (RaftServerImpl.java:logAppendEntries(1549)) - s1@group-2527C568F951: appendEntries* reply s0<-s1#4819:OK-t1,SUCCESS,nextIndex=119,followerCommit=117,matchIndex=118
2024-10-16 23:57:18,137 DEBUG server.RaftServer$Division (LeaderStateImpl.java:addPendingRequest(529)) - s0@group-2527C568F951-LeaderStateImpl: addPendingRequest at RaftClientRequest:client-893DBB590F16->s0@group-2527C568F951, cid=4820, seq=null, RW, Message:01016300, entry=(t:1, i:119), STATEMACHINELOGENTRY, WRITE: logData.size=4, stateMachineData.size=0, logEntryProtoSerializedSize=0
2024-10-16 23:57:18,137 DEBUG server.RaftServer$Division (RaftServerImpl.java:logAppendEntries(1549)) - s10@group-2527C568F951: appendEntries* s0->s10#4822-t1,previous=(t:1, i:118),leaderCommit=118,initializing? false,entries: size=1, first=(t:1, i:119), STATEMACHINELOGENTRY, StateMachineLogEntryProto:4820@client-893DBB590F16
2024-10-16 23:57:18,137 DEBUG server.RaftServer$Division (RaftServerImpl.java:logAppendEntries(1549)) - s1@group-2527C568F951: appendEntries* s0->s1#4821-t1,previous=(t:1, i:118),leaderCommit=118,initializing? false,entries: size=1, first=(t:1, i:119), STATEMACHINELOGENTRY, StateMachineLogEntryProto:4820@client-893DBB590F16
2024-10-16 23:57:18,138 DEBUG server.RaftServer$Division (RaftServerImpl.java:logAppendEntries(1549)) - s10@group-2527C568F951: appendEntries* reply s0<-s10#4822:OK-t1,SUCCESS,nextIndex=120,followerCommit=118,matchIndex=119
2024-10-16 23:57:18,138 DEBUG server.RaftServer$Division (RaftServerImpl.java:logAppendEntries(1549)) - s1@group-2527C568F951: appendEntries* reply s0<-s1#4821:OK-t1,SUCCESS,nextIndex=120,followerCommit=118,matchIndex=119
2024-10-16 23:57:18,138 INFO  statemachine.StateMachine (ArithmeticStateMachine.java:applyTransaction(181)) - LEADER:s0-119: c = null = null
2024-10-16 23:57:18,139 DEBUG server.RaftServer$Division (RaftServerImpl.java:logAppendEntries(1549)) - s10@group-2527C568F951: appendEntries* s0->s10#4823-t1,previous=(t:1, i:119),leaderCommit=119,initializing? false,entries: size=1, first=(t:1, i:120), METADATAENTRY(c:119)
2024-10-16 23:57:18,139 DEBUG server.RaftServer$Division (RaftServerImpl.java:logAppendEntries(1549)) - s1@group-2527C568F951: appendEntries* s0->s1#4824-t1,previous=(t:1, i:119),leaderCommit=119,initializing? false,entries: size=1, first=(t:1, i:120), METADATAENTRY(c:119)
2024-10-16 23:57:18,139 DEBUG server.RaftServer$Division (RaftServerImpl.java:logAppendEntries(1549)) - s10@group-2527C568F951: appendEntries* reply s0<-s10#4823:OK-t1,SUCCESS,nextIndex=121,followerCommit=119,matchIndex=120
2024-10-16 23:57:18,140 DEBUG server.RaftServer$Division (RaftServerImpl.java:logAppendEntries(1549)) - s1@group-2527C568F951: appendEntries* reply s0<-s1#4824:OK-t1,SUCCESS,nextIndex=121,followerCommit=119,matchIndex=120
2024-10-16 23:57:18,151 INFO  impl.GroupManagementBaseTest (GroupManagementBaseTest.java:runMultiGroupTest(281)) - 1) starting group-C02387408FFC:[s11|0.0.0.0:15026, s13|0.0.0.0:15028, s12|0.0.0.0:15027]
2024-10-16 23:57:18,152 INFO  netty.NettyUtils (NettyUtils.java:newEventLoopGroup(74)) - Create EpollEventLoopGroup for client-002A54FAC495; Thread size is 0.
2024-10-16 23:57:18,154 INFO  logging.LoggingHandler (AbstractInternalLogger.java:log(148)) - [id: 0xf469844a, L:/0.0.0.0:15026] READ: [id: 0x41e2aa6f, L:/127.0.0.1:15026 - R:/127.0.0.1:54200]
2024-10-16 23:57:18,154 INFO  logging.LoggingHandler (AbstractInternalLogger.java:log(148)) - [id: 0xf469844a, L:/0.0.0.0:15026] READ COMPLETE
2024-10-16 23:57:18,155 INFO  server.RaftServer (RaftServerProxy.java:addNew(101)) - s11: addNew group-C02387408FFC:[s11|0.0.0.0:15026, s13|0.0.0.0:15028, s12|0.0.0.0:15027] returns group-C02387408FFC:java.util.concurrent.CompletableFuture@693bc0a4[Not completed]
2024-10-16 23:57:18,155 INFO  server.RaftServer$Division (RaftServerImpl.java:<init>(257)) - s11: new RaftServerImpl for group-C02387408FFC:[s11|0.0.0.0:15026, s13|0.0.0.0:15028, s12|0.0.0.0:15027] with ArithmeticStateMachine:uninitialized
2024-10-16 23:57:18,155 INFO  server.RaftServerConfigKeys (ConfUtils.java:logGet(46)) - raft.server.rpc.timeout.min = 300ms (custom)
2024-10-16 23:57:18,155 INFO  server.RaftServerConfigKeys (ConfUtils.java:logGet(46)) - raft.server.rpc.timeout.max = 600ms (custom)
2024-10-16 23:57:18,155 INFO  server.RaftServerConfigKeys (ConfUtils.java:logGet(46)) - raft.server.rpc.sleep.time = 25ms (default)
2024-10-16 23:57:18,155 INFO  server.RaftServerConfigKeys (ConfUtils.java:logGet(46)) - raft.server.rpc.slowness.timeout = 60s (default)
2024-10-16 23:57:18,155 INFO  server.RaftServerConfigKeys (ConfUtils.java:logGet(46)) - raft.server.leaderelection.leader.step-down.wait-time = 10s (default)
2024-10-16 23:57:18,155 INFO  server.RaftServerConfigKeys (ConfUtils.java:logGet(46)) - raft.server.leaderelection.member.majority-add = false (default)
2024-10-16 23:57:18,155 INFO  server.RaftServerConfigKeys (ConfUtils.java:logGet(46)) - raft.server.sleep.deviation.threshold = 300ms (default)
2024-10-16 23:57:18,155 INFO  server.RaftServer$Division (ServerState.java:<init>(114)) - s11@group-C02387408FFC: ConfigurationManager, init=conf: {index: -1, cur=peers:[s11|0.0.0.0:15026, s13|0.0.0.0:15028, s12|0.0.0.0:15027]|listeners:[], old=null}, confs=<EMPTY_MAP>
2024-10-16 23:57:18,155 INFO  server.RaftServerConfigKeys (ConfUtils.java:logGet(46)) - raft.server.notification.no-leader.timeout = 60s (default)
2024-10-16 23:57:18,155 INFO  server.RaftServerConfigKeys (ConfUtils.java:logGet(46)) - raft.server.read.timeout = 10s (default)
2024-10-16 23:57:18,155 INFO  server.RaftServerConfigKeys (ConfUtils.java:logGet(46)) - raft.server.retrycache.expirytime = 60s (default)
2024-10-16 23:57:18,155 INFO  server.RaftServerConfigKeys (ConfUtils.java:logGet(46)) - raft.server.retrycache.statistics.expirytime = 100ms (default)
2024-10-16 23:57:18,156 INFO  server.RaftServerConfigKeys (ConfUtils.java:logGet(46)) - raft.server.read.option = DEFAULT (default)
2024-10-16 23:57:18,156 INFO  server.RaftServerConfigKeys (ConfUtils.java:logGet(46)) - raft.server.read.read-after-write-consistent.write-index-cache.expiry-time = 60s (default)
2024-10-16 23:57:18,156 INFO  server.RaftServerConfigKeys (ConfUtils.java:logGet(46)) - raft.server.rpc.request.timeout = 3000ms (default)
2024-10-16 23:57:18,156 INFO  server.RaftServerConfigKeys (ConfUtils.java:logGet(46)) - raft.server.log.appender.install.snapshot.enabled = true (default)
2024-10-16 23:57:18,156 INFO  server.RaftServerConfigKeys (ConfUtils.java:logGet(46)) - raft.server.threadpool.server.cached = true (default)
2024-10-16 23:57:18,156 INFO  server.RaftServerConfigKeys (ConfUtils.java:logGet(46)) - raft.server.threadpool.server.size = 0 (default)
2024-10-16 23:57:18,156 INFO  server.RaftServerConfigKeys (ConfUtils.java:logGet(46)) - raft.server.threadpool.client.cached = true (default)
2024-10-16 23:57:18,156 INFO  server.RaftServerConfigKeys (ConfUtils.java:logGet(46)) - raft.server.threadpool.client.size = 0 (default)
2024-10-16 23:57:18,156 INFO  server.RaftServerConfigKeys (ConfUtils.java:logGet(46)) - raft.server.storage.free-space.min = 0MB (=0) (default)
2024-10-16 23:57:18,157 INFO  server.RaftServerConfigKeys (ConfUtils.java:logGet(46)) - raft.server.log.corruption.policy = EXCEPTION (default)
2024-10-16 23:57:18,157 INFO  server.RaftServerConfigKeys (ConfUtils.java:logGet(46)) - raft.server.storage.dir = [/home/runner/work/ratis/ratis/ratis-examples/target/test/data/6cc99a4c/MiniRaftClusterWithNettyeee6e424/s11] (custom)
2024-10-16 23:57:18,157 INFO  storage.RaftStorageDirectory (RaftStorageDirectoryImpl.java:analyzeStorage(138)) - The storage directory /home/runner/work/ratis/ratis/ratis-examples/target/test/data/6cc99a4c/MiniRaftClusterWithNettyeee6e424/s11/d3fa6c34-d7ae-489a-90b0-c02387408ffc does not exist. Creating ...
2024-10-16 23:57:18,157 TRACE util.FileUtils (LogUtils.java:runAndLog(49)) - Successfully ran Files.createDirectories /home/runner/work/ratis/ratis/ratis-examples/target/test/data/6cc99a4c/MiniRaftClusterWithNettyeee6e424/s11/d3fa6c34-d7ae-489a-90b0-c02387408ffc
2024-10-16 23:57:18,158 INFO  storage.RaftStorageDirectory (RaftStorageDirectoryImpl.java:tryLock(229)) - Lock on /home/runner/work/ratis/ratis/ratis-examples/target/test/data/6cc99a4c/MiniRaftClusterWithNettyeee6e424/s11/d3fa6c34-d7ae-489a-90b0-c02387408ffc/in_use.lock acquired by nodename 14984@fv-az1433-785
2024-10-16 23:57:18,158 TRACE util.FileUtils (LogUtils.java:runAndLog(49)) - Successfully ran Files.createDirectories /home/runner/work/ratis/ratis/ratis-examples/target/test/data/6cc99a4c/MiniRaftClusterWithNettyeee6e424/s11/d3fa6c34-d7ae-489a-90b0-c02387408ffc/current
2024-10-16 23:57:18,158 TRACE util.FileUtils (LogUtils.java:runAndLog(49)) - Successfully ran Files.createDirectories /home/runner/work/ratis/ratis/ratis-examples/target/test/data/6cc99a4c/MiniRaftClusterWithNettyeee6e424/s11/d3fa6c34-d7ae-489a-90b0-c02387408ffc/sm
2024-10-16 23:57:18,158 TRACE util.FileUtils (LogUtils.java:supplyAndLog(69)) - Successfully supplied FileChannel.open /home/runner/work/ratis/ratis/ratis-examples/target/test/data/6cc99a4c/MiniRaftClusterWithNettyeee6e424/s11/d3fa6c34-d7ae-489a-90b0-c02387408ffc/current/raft-meta.tmp with options [CREATE, WRITE]: sun.nio.ch.FileChannelImpl@142e01ef
2024-10-16 23:57:18,160 TRACE util.FileUtils (LogUtils.java:runAndLog(49)) - Successfully ran Atomic Files.move /home/runner/work/ratis/ratis/ratis-examples/target/test/data/6cc99a4c/MiniRaftClusterWithNettyeee6e424/s11/d3fa6c34-d7ae-489a-90b0-c02387408ffc/current/raft-meta.tmp to /home/runner/work/ratis/ratis/ratis-examples/target/test/data/6cc99a4c/MiniRaftClusterWithNettyeee6e424/s11/d3fa6c34-d7ae-489a-90b0-c02387408ffc/current/raft-meta with options [REPLACE_EXISTING]
2024-10-16 23:57:18,160 INFO  storage.RaftStorage (RaftStorageImpl.java:format(98)) - Storage directory /home/runner/work/ratis/ratis/ratis-examples/target/test/data/6cc99a4c/MiniRaftClusterWithNettyeee6e424/s11/d3fa6c34-d7ae-489a-90b0-c02387408ffc has been successfully formatted.
2024-10-16 23:57:18,160 WARN  statemachine.StateMachine (ArithmeticStateMachine.java:loadSnapshot(115)) - The snapshot info is null.
2024-10-16 23:57:18,160 INFO  server.RaftServerConfigKeys (ConfUtils.java:logGet(46)) - raft.server.log.use.memory = false (default)
2024-10-16 23:57:18,160 INFO  server.RaftServerConfigKeys (ConfUtils.java:logGet(46)) - raft.server.log.purge.gap = 1024 (default)
2024-10-16 23:57:18,160 INFO  server.RaftServerConfigKeys (ConfUtils.java:logGet(46)) - raft.server.log.appender.buffer.byte-limit = 4MB (=4194304) (default)
2024-10-16 23:57:18,160 INFO  server.RaftServerConfigKeys (ConfUtils.java:logGet(46)) - raft.server.log.statemachine.data.read.timeout = 1000ms (default)
2024-10-16 23:57:18,160 INFO  server.RaftServerConfigKeys (ConfUtils.java:logGet(46)) - raft.server.log.purge.preservation.log.num = 0 (default)
2024-10-16 23:57:18,160 INFO  server.RaftServerConfigKeys (ConfUtils.java:logGet(46)) - raft.server.log.segment.size.max = 32MB (=33554432) (default)
2024-10-16 23:57:18,160 INFO  server.RaftServerConfigKeys (ConfUtils.java:logGet(46)) - raft.server.log.segment.cache.num.max = 6 (default)
2024-10-16 23:57:18,161 INFO  server.RaftServerConfigKeys (ConfUtils.java:logGet(46)) - raft.server.log.segment.cache.size.max = 200MB (=209715200) (default)
2024-10-16 23:57:18,161 INFO  server.RaftServerConfigKeys (ConfUtils.java:logGet(46)) - raft.server.log.appender.buffer.byte-limit = 4MB (=4194304) (default)
2024-10-16 23:57:18,161 INFO  util.AwaitToRun (AwaitToRun.java:start(81)) - Thread[s11@group-C02387408FFC-cacheEviction-AwaitToRun,5,main] started
2024-10-16 23:57:18,161 INFO  segmented.SegmentedRaftLogWorker (SegmentedRaftLogWorker.java:<init>(188)) - new s11@group-C02387408FFC-SegmentedRaftLogWorker for RaftStorageImpl:Storage Directory /home/runner/work/ratis/ratis/ratis-examples/target/test/data/6cc99a4c/MiniRaftClusterWithNettyeee6e424/s11/d3fa6c34-d7ae-489a-90b0-c02387408ffc
2024-10-16 23:57:18,161 INFO  server.RaftServerConfigKeys (ConfUtils.java:logGet(46)) - raft.server.log.queue.byte-limit = 64MB (=67108864) (default)
2024-10-16 23:57:18,161 INFO  server.RaftServerConfigKeys (ConfUtils.java:logGet(46)) - raft.server.log.queue.element-limit = 4096 (default)
2024-10-16 23:57:18,161 INFO  server.RaftServerConfigKeys (ConfUtils.java:logGet(46)) - raft.server.log.segment.size.max = 32MB (=33554432) (default)
2024-10-16 23:57:18,161 INFO  server.RaftServerConfigKeys (ConfUtils.java:logGet(46)) - raft.server.log.preallocated.size = 4MB (=4194304) (default)
2024-10-16 23:57:18,161 INFO  server.RaftServerConfigKeys (ConfUtils.java:logGet(46)) - raft.server.log.force.sync.num = 128 (default)
2024-10-16 23:57:18,161 INFO  server.RaftServerConfigKeys (ConfUtils.java:logGet(46)) - raft.server.log.statemachine.data.sync = true (default)
2024-10-16 23:57:18,161 INFO  server.RaftServerConfigKeys (ConfUtils.java:logGet(46)) - raft.server.log.statemachine.data.sync.timeout = 10s (default)
2024-10-16 23:57:18,161 INFO  server.RaftServerConfigKeys (ConfUtils.java:logGet(46)) - raft.server.log.statemachine.data.sync.timeout.retry = -1 (default)
2024-10-16 23:57:18,161 INFO  server.RaftServerConfigKeys (ConfUtils.java:logGet(46)) - raft.server.log.write.buffer.size = 8MB (=8388608) (default)
2024-10-16 23:57:18,162 INFO  server.RaftServerConfigKeys (ConfUtils.java:logGet(46)) - raft.server.log.appender.buffer.byte-limit = 4MB (=4194304) (default)
2024-10-16 23:57:18,162 INFO  server.RaftServerConfigKeys (ConfUtils.java:logGet(46)) - raft.server.log.unsafe-flush.enabled = false (default)
2024-10-16 23:57:18,162 INFO  server.RaftServerConfigKeys (ConfUtils.java:logGet(46)) - raft.server.log.async-flush.enabled = false (default)
2024-10-16 23:57:18,162 INFO  server.RaftServerConfigKeys (ConfUtils.java:logGet(46)) - raft.server.log.statemachine.data.caching.enabled = false (default)
2024-10-16 23:57:18,162 INFO  segmented.SegmentedRaftLogWorker (SegmentedRaftLogWorker.java:lambda$new$0(139)) - s11@group-C02387408FFC-SegmentedRaftLogWorker: flushIndex: setUnconditionally 0 -> -1
2024-10-16 23:57:18,162 INFO  segmented.SegmentedRaftLogWorker (SegmentedRaftLogWorker.java:lambda$new$0(139)) - s11@group-C02387408FFC-SegmentedRaftLogWorker: safeCacheEvictIndex: setUnconditionally 0 -> -1
2024-10-16 23:57:18,162 INFO  server.RaftServer$Division (RaftServerImpl.java:start(393)) - s11@group-C02387408FFC: start as a follower, conf=conf: {index: -1, cur=peers:[s11|0.0.0.0:15026, s13|0.0.0.0:15028, s12|0.0.0.0:15027]|listeners:[], old=null}
2024-10-16 23:57:18,162 INFO  server.RaftServer$Division (RaftServerImpl.java:setRole(380)) - s11@group-C02387408FFC: changes role from      null to FOLLOWER at term 0 for startAsFollower
2024-10-16 23:57:18,162 INFO  impl.RoleInfo (RoleInfo.java:updateAndGet(148)) - s11: start s11@group-C02387408FFC-FollowerState
2024-10-16 23:57:18,163 INFO  server.RaftServerConfigKeys (ConfUtils.java:logFallback(53)) - raft.server.rpc.first-election.timeout.min = 300ms (fallback to raft.server.rpc.timeout.min)
2024-10-16 23:57:18,163 INFO  util.JmxRegister (JmxRegister.java:tryRegister(44)) - Successfully registered JMX Bean with object name Ratis:service=RaftServer,group=group-C02387408FFC,id=s11
2024-10-16 23:57:18,163 INFO  util.JmxRegister (JmxRegister.java:register(58)) - register mxBean class org.apache.ratis.server.impl.RaftServerJmxAdapter as Ratis:service=RaftServer,group=group-C02387408FFC,id=s11
2024-10-16 23:57:18,163 INFO  server.RaftServerConfigKeys (ConfUtils.java:logFallback(53)) - raft.server.rpc.first-election.timeout.max = 600ms (fallback to raft.server.rpc.timeout.max)
2024-10-16 23:57:18,163 INFO  server.RaftServerConfigKeys (ConfUtils.java:logGet(46)) - raft.server.snapshot.trigger-when-stop.enabled = true (default)
2024-10-16 23:57:18,163 INFO  server.RaftServerConfigKeys (ConfUtils.java:logGet(46)) - raft.server.snapshot.trigger-when-remove.enabled = true (default)
2024-10-16 23:57:18,163 INFO  server.RaftServerConfigKeys (ConfUtils.java:logGet(46)) - raft.server.snapshot.auto.trigger.enabled = false (default)
2024-10-16 23:57:18,163 INFO  server.RaftServerConfigKeys (ConfUtils.java:logGet(46)) - raft.server.snapshot.retention.file.num = -1 (default)
2024-10-16 23:57:18,163 INFO  server.RaftServerConfigKeys (ConfUtils.java:logGet(46)) - raft.server.log.purge.upto.snapshot.index = false (default)
2024-10-16 23:57:18,163 INFO  server.RaftServer$Division (RaftServerImpl.java:start(407)) - s11@group-C02387408FFC: Successfully started.
2024-10-16 23:57:18,165 INFO  netty.NettyUtils (NettyUtils.java:newEventLoopGroup(74)) - Create EpollEventLoopGroup for client-71CAD694142F; Thread size is 0.
2024-10-16 23:57:18,167 INFO  logging.LoggingHandler (AbstractInternalLogger.java:log(148)) - [id: 0xdd8a884e, L:/0.0.0.0:15027] READ: [id: 0xf1d696bc, L:/127.0.0.1:15027 - R:/127.0.0.1:49270]
2024-10-16 23:57:18,168 INFO  logging.LoggingHandler (AbstractInternalLogger.java:log(148)) - [id: 0xdd8a884e, L:/0.0.0.0:15027] READ COMPLETE
2024-10-16 23:57:18,169 INFO  server.RaftServer (RaftServerProxy.java:addNew(101)) - s12: addNew group-C02387408FFC:[s11|0.0.0.0:15026, s13|0.0.0.0:15028, s12|0.0.0.0:15027] returns group-C02387408FFC:java.util.concurrent.CompletableFuture@10c482f4[Not completed]
2024-10-16 23:57:18,169 INFO  server.RaftServer$Division (RaftServerImpl.java:<init>(257)) - s12: new RaftServerImpl for group-C02387408FFC:[s11|0.0.0.0:15026, s13|0.0.0.0:15028, s12|0.0.0.0:15027] with ArithmeticStateMachine:uninitialized
2024-10-16 23:57:18,169 INFO  server.RaftServerConfigKeys (ConfUtils.java:logGet(46)) - raft.server.rpc.timeout.min = 300ms (custom)
2024-10-16 23:57:18,169 INFO  server.RaftServerConfigKeys (ConfUtils.java:logGet(46)) - raft.server.rpc.timeout.max = 600ms (custom)
2024-10-16 23:57:18,169 INFO  server.RaftServerConfigKeys (ConfUtils.java:logGet(46)) - raft.server.rpc.sleep.time = 25ms (default)
2024-10-16 23:57:18,169 INFO  server.RaftServerConfigKeys (ConfUtils.java:logGet(46)) - raft.server.rpc.slowness.timeout = 60s (default)
2024-10-16 23:57:18,169 INFO  server.RaftServerConfigKeys (ConfUtils.java:logGet(46)) - raft.server.leaderelection.leader.step-down.wait-time = 10s (default)
2024-10-16 23:57:18,169 INFO  server.RaftServerConfigKeys (ConfUtils.java:logGet(46)) - raft.server.leaderelection.member.majority-add = false (default)
2024-10-16 23:57:18,169 INFO  server.RaftServerConfigKeys (ConfUtils.java:logGet(46)) - raft.server.sleep.deviation.threshold = 300ms (default)
2024-10-16 23:57:18,169 INFO  server.RaftServer$Division (ServerState.java:<init>(114)) - s12@group-C02387408FFC: ConfigurationManager, init=conf: {index: -1, cur=peers:[s11|0.0.0.0:15026, s13|0.0.0.0:15028, s12|0.0.0.0:15027]|listeners:[], old=null}, confs=<EMPTY_MAP>
2024-10-16 23:57:18,169 INFO  server.RaftServerConfigKeys (ConfUtils.java:logGet(46)) - raft.server.notification.no-leader.timeout = 60s (default)
2024-10-16 23:57:18,169 INFO  server.RaftServerConfigKeys (ConfUtils.java:logGet(46)) - raft.server.read.timeout = 10s (default)
2024-10-16 23:57:18,170 INFO  server.RaftServerConfigKeys (ConfUtils.java:logGet(46)) - raft.server.retrycache.expirytime = 60s (default)
2024-10-16 23:57:18,170 INFO  server.RaftServerConfigKeys (ConfUtils.java:logGet(46)) - raft.server.retrycache.statistics.expirytime = 100ms (default)
2024-10-16 23:57:18,170 INFO  server.RaftServerConfigKeys (ConfUtils.java:logGet(46)) - raft.server.read.option = DEFAULT (default)
2024-10-16 23:57:18,170 INFO  server.RaftServerConfigKeys (ConfUtils.java:logGet(46)) - raft.server.read.read-after-write-consistent.write-index-cache.expiry-time = 60s (default)
2024-10-16 23:57:18,170 INFO  server.RaftServerConfigKeys (ConfUtils.java:logGet(46)) - raft.server.rpc.request.timeout = 3000ms (default)
2024-10-16 23:57:18,170 INFO  server.RaftServerConfigKeys (ConfUtils.java:logGet(46)) - raft.server.log.appender.install.snapshot.enabled = true (default)
2024-10-16 23:57:18,170 INFO  server.RaftServerConfigKeys (ConfUtils.java:logGet(46)) - raft.server.threadpool.server.cached = true (default)
2024-10-16 23:57:18,170 INFO  server.RaftServerConfigKeys (ConfUtils.java:logGet(46)) - raft.server.threadpool.server.size = 0 (default)
2024-10-16 23:57:18,170 INFO  server.RaftServerConfigKeys (ConfUtils.java:logGet(46)) - raft.server.threadpool.client.cached = true (default)
2024-10-16 23:57:18,170 INFO  server.RaftServerConfigKeys (ConfUtils.java:logGet(46)) - raft.server.threadpool.client.size = 0 (default)
2024-10-16 23:57:18,170 INFO  server.RaftServerConfigKeys (ConfUtils.java:logGet(46)) - raft.server.storage.free-space.min = 0MB (=0) (default)
2024-10-16 23:57:18,170 INFO  server.RaftServerConfigKeys (ConfUtils.java:logGet(46)) - raft.server.log.corruption.policy = EXCEPTION (default)
2024-10-16 23:57:18,170 INFO  server.RaftServerConfigKeys (ConfUtils.java:logGet(46)) - raft.server.storage.dir = [/home/runner/work/ratis/ratis/ratis-examples/target/test/data/6cc99a4c/MiniRaftClusterWithNettyeee6e424/s12] (custom)
2024-10-16 23:57:18,171 INFO  storage.RaftStorageDirectory (RaftStorageDirectoryImpl.java:analyzeStorage(138)) - The storage directory /home/runner/work/ratis/ratis/ratis-examples/target/test/data/6cc99a4c/MiniRaftClusterWithNettyeee6e424/s12/d3fa6c34-d7ae-489a-90b0-c02387408ffc does not exist. Creating ...
2024-10-16 23:57:18,171 TRACE util.FileUtils (LogUtils.java:runAndLog(49)) - Successfully ran Files.createDirectories /home/runner/work/ratis/ratis/ratis-examples/target/test/data/6cc99a4c/MiniRaftClusterWithNettyeee6e424/s12/d3fa6c34-d7ae-489a-90b0-c02387408ffc
2024-10-16 23:57:18,172 INFO  storage.RaftStorageDirectory (RaftStorageDirectoryImpl.java:tryLock(229)) - Lock on /home/runner/work/ratis/ratis/ratis-examples/target/test/data/6cc99a4c/MiniRaftClusterWithNettyeee6e424/s12/d3fa6c34-d7ae-489a-90b0-c02387408ffc/in_use.lock acquired by nodename 14984@fv-az1433-785
2024-10-16 23:57:18,172 TRACE util.FileUtils (LogUtils.java:runAndLog(49)) - Successfully ran Files.createDirectories /home/runner/work/ratis/ratis/ratis-examples/target/test/data/6cc99a4c/MiniRaftClusterWithNettyeee6e424/s12/d3fa6c34-d7ae-489a-90b0-c02387408ffc/current
2024-10-16 23:57:18,172 TRACE util.FileUtils (LogUtils.java:runAndLog(49)) - Successfully ran Files.createDirectories /home/runner/work/ratis/ratis/ratis-examples/target/test/data/6cc99a4c/MiniRaftClusterWithNettyeee6e424/s12/d3fa6c34-d7ae-489a-90b0-c02387408ffc/sm
2024-10-16 23:57:18,173 TRACE util.FileUtils (LogUtils.java:supplyAndLog(69)) - Successfully supplied FileChannel.open /home/runner/work/ratis/ratis/ratis-examples/target/test/data/6cc99a4c/MiniRaftClusterWithNettyeee6e424/s12/d3fa6c34-d7ae-489a-90b0-c02387408ffc/current/raft-meta.tmp with options [CREATE, WRITE]: sun.nio.ch.FileChannelImpl@3084a909
2024-10-16 23:57:18,174 TRACE util.FileUtils (LogUtils.java:runAndLog(49)) - Successfully ran Atomic Files.move /home/runner/work/ratis/ratis/ratis-examples/target/test/data/6cc99a4c/MiniRaftClusterWithNettyeee6e424/s12/d3fa6c34-d7ae-489a-90b0-c02387408ffc/current/raft-meta.tmp to /home/runner/work/ratis/ratis/ratis-examples/target/test/data/6cc99a4c/MiniRaftClusterWithNettyeee6e424/s12/d3fa6c34-d7ae-489a-90b0-c02387408ffc/current/raft-meta with options [REPLACE_EXISTING]
2024-10-16 23:57:18,174 INFO  storage.RaftStorage (RaftStorageImpl.java:format(98)) - Storage directory /home/runner/work/ratis/ratis/ratis-examples/target/test/data/6cc99a4c/MiniRaftClusterWithNettyeee6e424/s12/d3fa6c34-d7ae-489a-90b0-c02387408ffc has been successfully formatted.
2024-10-16 23:57:18,174 WARN  statemachine.StateMachine (ArithmeticStateMachine.java:loadSnapshot(115)) - The snapshot info is null.
2024-10-16 23:57:18,174 INFO  server.RaftServerConfigKeys (ConfUtils.java:logGet(46)) - raft.server.log.use.memory = false (default)
2024-10-16 23:57:18,174 INFO  server.RaftServerConfigKeys (ConfUtils.java:logGet(46)) - raft.server.log.purge.gap = 1024 (default)
2024-10-16 23:57:18,174 INFO  server.RaftServerConfigKeys (ConfUtils.java:logGet(46)) - raft.server.log.appender.buffer.byte-limit = 4MB (=4194304) (default)
2024-10-16 23:57:18,174 INFO  server.RaftServerConfigKeys (ConfUtils.java:logGet(46)) - raft.server.log.statemachine.data.read.timeout = 1000ms (default)
2024-10-16 23:57:18,174 INFO  server.RaftServerConfigKeys (ConfUtils.java:logGet(46)) - raft.server.log.purge.preservation.log.num = 0 (default)
2024-10-16 23:57:18,174 INFO  server.RaftServerConfigKeys (ConfUtils.java:logGet(46)) - raft.server.log.segment.size.max = 32MB (=33554432) (default)
2024-10-16 23:57:18,174 INFO  server.RaftServerConfigKeys (ConfUtils.java:logGet(46)) - raft.server.log.segment.cache.num.max = 6 (default)
2024-10-16 23:57:18,174 INFO  server.RaftServerConfigKeys (ConfUtils.java:logGet(46)) - raft.server.log.segment.cache.size.max = 200MB (=209715200) (default)
2024-10-16 23:57:18,174 INFO  server.RaftServerConfigKeys (ConfUtils.java:logGet(46)) - raft.server.log.appender.buffer.byte-limit = 4MB (=4194304) (default)
2024-10-16 23:57:18,174 INFO  util.AwaitToRun (AwaitToRun.java:start(81)) - Thread[s12@group-C02387408FFC-cacheEviction-AwaitToRun,5,main] started
2024-10-16 23:57:18,174 INFO  segmented.SegmentedRaftLogWorker (SegmentedRaftLogWorker.java:<init>(188)) - new s12@group-C02387408FFC-SegmentedRaftLogWorker for RaftStorageImpl:Storage Directory /home/runner/work/ratis/ratis/ratis-examples/target/test/data/6cc99a4c/MiniRaftClusterWithNettyeee6e424/s12/d3fa6c34-d7ae-489a-90b0-c02387408ffc
2024-10-16 23:57:18,174 INFO  server.RaftServerConfigKeys (ConfUtils.java:logGet(46)) - raft.server.log.queue.byte-limit = 64MB (=67108864) (default)
2024-10-16 23:57:18,175 INFO  server.RaftServerConfigKeys (ConfUtils.java:logGet(46)) - raft.server.log.queue.element-limit = 4096 (default)
2024-10-16 23:57:18,175 INFO  server.RaftServerConfigKeys (ConfUtils.java:logGet(46)) - raft.server.log.segment.size.max = 32MB (=33554432) (default)
2024-10-16 23:57:18,175 INFO  server.RaftServerConfigKeys (ConfUtils.java:logGet(46)) - raft.server.log.preallocated.size = 4MB (=4194304) (default)
2024-10-16 23:57:18,175 INFO  server.RaftServerConfigKeys (ConfUtils.java:logGet(46)) - raft.server.log.force.sync.num = 128 (default)
2024-10-16 23:57:18,175 INFO  server.RaftServerConfigKeys (ConfUtils.java:logGet(46)) - raft.server.log.statemachine.data.sync = true (default)
2024-10-16 23:57:18,175 INFO  server.RaftServerConfigKeys (ConfUtils.java:logGet(46)) - raft.server.log.statemachine.data.sync.timeout = 10s (default)
2024-10-16 23:57:18,175 INFO  server.RaftServerConfigKeys (ConfUtils.java:logGet(46)) - raft.server.log.statemachine.data.sync.timeout.retry = -1 (default)
2024-10-16 23:57:18,175 INFO  server.RaftServerConfigKeys (ConfUtils.java:logGet(46)) - raft.server.log.write.buffer.size = 8MB (=8388608) (default)
2024-10-16 23:57:18,176 INFO  server.RaftServerConfigKeys (ConfUtils.java:logGet(46)) - raft.server.log.appender.buffer.byte-limit = 4MB (=4194304) (default)
2024-10-16 23:57:18,176 INFO  server.RaftServerConfigKeys (ConfUtils.java:logGet(46)) - raft.server.log.unsafe-flush.enabled = false (default)
2024-10-16 23:57:18,176 INFO  server.RaftServerConfigKeys (ConfUtils.java:logGet(46)) - raft.server.log.async-flush.enabled = false (default)
2024-10-16 23:57:18,176 INFO  server.RaftServerConfigKeys (ConfUtils.java:logGet(46)) - raft.server.log.statemachine.data.caching.enabled = false (default)
2024-10-16 23:57:18,176 INFO  segmented.SegmentedRaftLogWorker (SegmentedRaftLogWorker.java:lambda$new$0(139)) - s12@group-C02387408FFC-SegmentedRaftLogWorker: flushIndex: setUnconditionally 0 -> -1
2024-10-16 23:57:18,176 INFO  segmented.SegmentedRaftLogWorker (SegmentedRaftLogWorker.java:lambda$new$0(139)) - s12@group-C02387408FFC-SegmentedRaftLogWorker: safeCacheEvictIndex: setUnconditionally 0 -> -1
2024-10-16 23:57:18,177 INFO  server.RaftServer$Division (RaftServerImpl.java:start(393)) - s12@group-C02387408FFC: start as a follower, conf=conf: {index: -1, cur=peers:[s11|0.0.0.0:15026, s13|0.0.0.0:15028, s12|0.0.0.0:15027]|listeners:[], old=null}
2024-10-16 23:57:18,177 INFO  server.RaftServer$Division (RaftServerImpl.java:setRole(380)) - s12@group-C02387408FFC: changes role from      null to FOLLOWER at term 0 for startAsFollower
2024-10-16 23:57:18,177 INFO  impl.RoleInfo (RoleInfo.java:updateAndGet(148)) - s12: start s12@group-C02387408FFC-FollowerState
2024-10-16 23:57:18,177 INFO  util.JmxRegister (JmxRegister.java:tryRegister(44)) - Successfully registered JMX Bean with object name Ratis:service=RaftServer,group=group-C02387408FFC,id=s12
2024-10-16 23:57:18,177 INFO  server.RaftServerConfigKeys (ConfUtils.java:logFallback(53)) - raft.server.rpc.first-election.timeout.min = 300ms (fallback to raft.server.rpc.timeout.min)
2024-10-16 23:57:18,177 INFO  util.JmxRegister (JmxRegister.java:register(58)) - register mxBean class org.apache.ratis.server.impl.RaftServerJmxAdapter as Ratis:service=RaftServer,group=group-C02387408FFC,id=s12
2024-10-16 23:57:18,177 INFO  server.RaftServerConfigKeys (ConfUtils.java:logFallback(53)) - raft.server.rpc.first-election.timeout.max = 600ms (fallback to raft.server.rpc.timeout.max)
2024-10-16 23:57:18,177 INFO  server.RaftServerConfigKeys (ConfUtils.java:logGet(46)) - raft.server.snapshot.trigger-when-stop.enabled = true (default)
2024-10-16 23:57:18,177 INFO  server.RaftServerConfigKeys (ConfUtils.java:logGet(46)) - raft.server.snapshot.trigger-when-remove.enabled = true (default)
2024-10-16 23:57:18,177 INFO  server.RaftServerConfigKeys (ConfUtils.java:logGet(46)) - raft.server.snapshot.auto.trigger.enabled = false (default)
2024-10-16 23:57:18,177 INFO  server.RaftServerConfigKeys (ConfUtils.java:logGet(46)) - raft.server.snapshot.retention.file.num = -1 (default)
2024-10-16 23:57:18,177 INFO  server.RaftServerConfigKeys (ConfUtils.java:logGet(46)) - raft.server.log.purge.upto.snapshot.index = false (default)
2024-10-16 23:57:18,177 INFO  server.RaftServer$Division (RaftServerImpl.java:start(407)) - s12@group-C02387408FFC: Successfully started.
2024-10-16 23:57:18,180 INFO  netty.NettyUtils (NettyUtils.java:newEventLoopGroup(74)) - Create EpollEventLoopGroup for client-351A98D95C19; Thread size is 0.
2024-10-16 23:57:18,181 INFO  logging.LoggingHandler (AbstractInternalLogger.java:log(148)) - [id: 0x03473379, L:/0.0.0.0:15028] READ: [id: 0xe8792fc3, L:/127.0.0.1:15028 - R:/127.0.0.1:35282]
2024-10-16 23:57:18,182 INFO  logging.LoggingHandler (AbstractInternalLogger.java:log(148)) - [id: 0x03473379, L:/0.0.0.0:15028] READ COMPLETE
2024-10-16 23:57:18,182 INFO  server.RaftServer (RaftServerProxy.java:addNew(101)) - s13: addNew group-C02387408FFC:[s11|0.0.0.0:15026, s13|0.0.0.0:15028, s12|0.0.0.0:15027] returns group-C02387408FFC:java.util.concurrent.CompletableFuture@52262723[Not completed]
2024-10-16 23:57:18,182 INFO  server.RaftServer$Division (RaftServerImpl.java:<init>(257)) - s13: new RaftServerImpl for group-C02387408FFC:[s11|0.0.0.0:15026, s13|0.0.0.0:15028, s12|0.0.0.0:15027] with ArithmeticStateMachine:uninitialized
2024-10-16 23:57:18,183 INFO  server.RaftServerConfigKeys (ConfUtils.java:logGet(46)) - raft.server.rpc.timeout.min = 300ms (custom)
2024-10-16 23:57:18,183 INFO  server.RaftServerConfigKeys (ConfUtils.java:logGet(46)) - raft.server.rpc.timeout.max = 600ms (custom)
2024-10-16 23:57:18,183 INFO  server.RaftServerConfigKeys (ConfUtils.java:logGet(46)) - raft.server.rpc.sleep.time = 25ms (default)
2024-10-16 23:57:18,183 INFO  server.RaftServerConfigKeys (ConfUtils.java:logGet(46)) - raft.server.rpc.slowness.timeout = 60s (default)
2024-10-16 23:57:18,183 INFO  server.RaftServerConfigKeys (ConfUtils.java:logGet(46)) - raft.server.leaderelection.leader.step-down.wait-time = 10s (default)
2024-10-16 23:57:18,183 INFO  server.RaftServerConfigKeys (ConfUtils.java:logGet(46)) - raft.server.leaderelection.member.majority-add = false (default)
2024-10-16 23:57:18,183 INFO  server.RaftServerConfigKeys (ConfUtils.java:logGet(46)) - raft.server.sleep.deviation.threshold = 300ms (default)
2024-10-16 23:57:18,183 INFO  server.RaftServer$Division (ServerState.java:<init>(114)) - s13@group-C02387408FFC: ConfigurationManager, init=conf: {index: -1, cur=peers:[s11|0.0.0.0:15026, s13|0.0.0.0:15028, s12|0.0.0.0:15027]|listeners:[], old=null}, confs=<EMPTY_MAP>
2024-10-16 23:57:18,183 INFO  server.RaftServerConfigKeys (ConfUtils.java:logGet(46)) - raft.server.notification.no-leader.timeout = 60s (default)
2024-10-16 23:57:18,183 INFO  server.RaftServerConfigKeys (ConfUtils.java:logGet(46)) - raft.server.read.timeout = 10s (default)
2024-10-16 23:57:18,183 INFO  server.RaftServerConfigKeys (ConfUtils.java:logGet(46)) - raft.server.retrycache.expirytime = 60s (default)
2024-10-16 23:57:18,183 INFO  server.RaftServerConfigKeys (ConfUtils.java:logGet(46)) - raft.server.retrycache.statistics.expirytime = 100ms (default)
2024-10-16 23:57:18,183 INFO  server.RaftServerConfigKeys (ConfUtils.java:logGet(46)) - raft.server.read.option = DEFAULT (default)
2024-10-16 23:57:18,183 INFO  server.RaftServerConfigKeys (ConfUtils.java:logGet(46)) - raft.server.read.read-after-write-consistent.write-index-cache.expiry-time = 60s (default)
2024-10-16 23:57:18,183 INFO  server.RaftServerConfigKeys (ConfUtils.java:logGet(46)) - raft.server.rpc.request.timeout = 3000ms (default)
2024-10-16 23:57:18,184 INFO  server.RaftServerConfigKeys (ConfUtils.java:logGet(46)) - raft.server.log.appender.install.snapshot.enabled = true (default)
2024-10-16 23:57:18,184 INFO  server.RaftServerConfigKeys (ConfUtils.java:logGet(46)) - raft.server.threadpool.server.cached = true (default)
2024-10-16 23:57:18,184 INFO  server.RaftServerConfigKeys (ConfUtils.java:logGet(46)) - raft.server.threadpool.server.size = 0 (default)
2024-10-16 23:57:18,184 INFO  server.RaftServerConfigKeys (ConfUtils.java:logGet(46)) - raft.server.threadpool.client.cached = true (default)
2024-10-16 23:57:18,184 INFO  server.RaftServerConfigKeys (ConfUtils.java:logGet(46)) - raft.server.threadpool.client.size = 0 (default)
2024-10-16 23:57:18,184 INFO  server.RaftServerConfigKeys (ConfUtils.java:logGet(46)) - raft.server.storage.free-space.min = 0MB (=0) (default)
2024-10-16 23:57:18,184 INFO  server.RaftServerConfigKeys (ConfUtils.java:logGet(46)) - raft.server.log.corruption.policy = EXCEPTION (default)
2024-10-16 23:57:18,184 INFO  server.RaftServerConfigKeys (ConfUtils.java:logGet(46)) - raft.server.storage.dir = [/home/runner/work/ratis/ratis/ratis-examples/target/test/data/6cc99a4c/MiniRaftClusterWithNettyeee6e424/s13] (custom)
2024-10-16 23:57:18,184 INFO  storage.RaftStorageDirectory (RaftStorageDirectoryImpl.java:analyzeStorage(138)) - The storage directory /home/runner/work/ratis/ratis/ratis-examples/target/test/data/6cc99a4c/MiniRaftClusterWithNettyeee6e424/s13/d3fa6c34-d7ae-489a-90b0-c02387408ffc does not exist. Creating ...
2024-10-16 23:57:18,184 TRACE util.FileUtils (LogUtils.java:runAndLog(49)) - Successfully ran Files.createDirectories /home/runner/work/ratis/ratis/ratis-examples/target/test/data/6cc99a4c/MiniRaftClusterWithNettyeee6e424/s13/d3fa6c34-d7ae-489a-90b0-c02387408ffc
2024-10-16 23:57:18,185 INFO  storage.RaftStorageDirectory (RaftStorageDirectoryImpl.java:tryLock(229)) - Lock on /home/runner/work/ratis/ratis/ratis-examples/target/test/data/6cc99a4c/MiniRaftClusterWithNettyeee6e424/s13/d3fa6c34-d7ae-489a-90b0-c02387408ffc/in_use.lock acquired by nodename 14984@fv-az1433-785
2024-10-16 23:57:18,185 TRACE util.FileUtils (LogUtils.java:runAndLog(49)) - Successfully ran Files.createDirectories /home/runner/work/ratis/ratis/ratis-examples/target/test/data/6cc99a4c/MiniRaftClusterWithNettyeee6e424/s13/d3fa6c34-d7ae-489a-90b0-c02387408ffc/current
2024-10-16 23:57:18,186 TRACE util.FileUtils (LogUtils.java:runAndLog(49)) - Successfully ran Files.createDirectories /home/runner/work/ratis/ratis/ratis-examples/target/test/data/6cc99a4c/MiniRaftClusterWithNettyeee6e424/s13/d3fa6c34-d7ae-489a-90b0-c02387408ffc/sm
2024-10-16 23:57:18,186 TRACE util.FileUtils (LogUtils.java:supplyAndLog(69)) - Successfully supplied FileChannel.open /home/runner/work/ratis/ratis/ratis-examples/target/test/data/6cc99a4c/MiniRaftClusterWithNettyeee6e424/s13/d3fa6c34-d7ae-489a-90b0-c02387408ffc/current/raft-meta.tmp with options [CREATE, WRITE]: sun.nio.ch.FileChannelImpl@7b2d843c
2024-10-16 23:57:18,187 TRACE util.FileUtils (LogUtils.java:runAndLog(49)) - Successfully ran Atomic Files.move /home/runner/work/ratis/ratis/ratis-examples/target/test/data/6cc99a4c/MiniRaftClusterWithNettyeee6e424/s13/d3fa6c34-d7ae-489a-90b0-c02387408ffc/current/raft-meta.tmp to /home/runner/work/ratis/ratis/ratis-examples/target/test/data/6cc99a4c/MiniRaftClusterWithNettyeee6e424/s13/d3fa6c34-d7ae-489a-90b0-c02387408ffc/current/raft-meta with options [REPLACE_EXISTING]
2024-10-16 23:57:18,187 INFO  storage.RaftStorage (RaftStorageImpl.java:format(98)) - Storage directory /home/runner/work/ratis/ratis/ratis-examples/target/test/data/6cc99a4c/MiniRaftClusterWithNettyeee6e424/s13/d3fa6c34-d7ae-489a-90b0-c02387408ffc has been successfully formatted.
2024-10-16 23:57:18,187 WARN  statemachine.StateMachine (ArithmeticStateMachine.java:loadSnapshot(115)) - The snapshot info is null.
2024-10-16 23:57:18,187 INFO  server.RaftServerConfigKeys (ConfUtils.java:logGet(46)) - raft.server.log.use.memory = false (default)
2024-10-16 23:57:18,187 INFO  server.RaftServerConfigKeys (ConfUtils.java:logGet(46)) - raft.server.log.purge.gap = 1024 (default)
2024-10-16 23:57:18,187 INFO  server.RaftServerConfigKeys (ConfUtils.java:logGet(46)) - raft.server.log.appender.buffer.byte-limit = 4MB (=4194304) (default)
2024-10-16 23:57:18,187 INFO  server.RaftServerConfigKeys (ConfUtils.java:logGet(46)) - raft.server.log.statemachine.data.read.timeout = 1000ms (default)
2024-10-16 23:57:18,187 INFO  server.RaftServerConfigKeys (ConfUtils.java:logGet(46)) - raft.server.log.purge.preservation.log.num = 0 (default)
2024-10-16 23:57:18,187 INFO  server.RaftServerConfigKeys (ConfUtils.java:logGet(46)) - raft.server.log.segment.size.max = 32MB (=33554432) (default)
2024-10-16 23:57:18,187 INFO  server.RaftServerConfigKeys (ConfUtils.java:logGet(46)) - raft.server.log.segment.cache.num.max = 6 (default)
2024-10-16 23:57:18,187 INFO  server.RaftServerConfigKeys (ConfUtils.java:logGet(46)) - raft.server.log.segment.cache.size.max = 200MB (=209715200) (default)
2024-10-16 23:57:18,188 INFO  server.RaftServerConfigKeys (ConfUtils.java:logGet(46)) - raft.server.log.appender.buffer.byte-limit = 4MB (=4194304) (default)
2024-10-16 23:57:18,188 INFO  util.AwaitToRun (AwaitToRun.java:start(81)) - Thread[s13@group-C02387408FFC-cacheEviction-AwaitToRun,5,main] started
2024-10-16 23:57:18,188 INFO  segmented.SegmentedRaftLogWorker (SegmentedRaftLogWorker.java:<init>(188)) - new s13@group-C02387408FFC-SegmentedRaftLogWorker for RaftStorageImpl:Storage Directory /home/runner/work/ratis/ratis/ratis-examples/target/test/data/6cc99a4c/MiniRaftClusterWithNettyeee6e424/s13/d3fa6c34-d7ae-489a-90b0-c02387408ffc
2024-10-16 23:57:18,188 INFO  server.RaftServerConfigKeys (ConfUtils.java:logGet(46)) - raft.server.log.queue.byte-limit = 64MB (=67108864) (default)
2024-10-16 23:57:18,188 INFO  server.RaftServerConfigKeys (ConfUtils.java:logGet(46)) - raft.server.log.queue.element-limit = 4096 (default)
2024-10-16 23:57:18,188 INFO  server.RaftServerConfigKeys (ConfUtils.java:logGet(46)) - raft.server.log.segment.size.max = 32MB (=33554432) (default)
2024-10-16 23:57:18,188 INFO  server.RaftServerConfigKeys (ConfUtils.java:logGet(46)) - raft.server.log.preallocated.size = 4MB (=4194304) (default)
2024-10-16 23:57:18,188 INFO  server.RaftServerConfigKeys (ConfUtils.java:logGet(46)) - raft.server.log.force.sync.num = 128 (default)
2024-10-16 23:57:18,188 INFO  server.RaftServerConfigKeys (ConfUtils.java:logGet(46)) - raft.server.log.statemachine.data.sync = true (default)
2024-10-16 23:57:18,188 INFO  server.RaftServerConfigKeys (ConfUtils.java:logGet(46)) - raft.server.log.statemachine.data.sync.timeout = 10s (default)
2024-10-16 23:57:18,188 INFO  server.RaftServerConfigKeys (ConfUtils.java:logGet(46)) - raft.server.log.statemachine.data.sync.timeout.retry = -1 (default)
2024-10-16 23:57:18,188 INFO  server.RaftServerConfigKeys (ConfUtils.java:logGet(46)) - raft.server.log.write.buffer.size = 8MB (=8388608) (default)
2024-10-16 23:57:18,189 INFO  server.RaftServerConfigKeys (ConfUtils.java:logGet(46)) - raft.server.log.appender.buffer.byte-limit = 4MB (=4194304) (default)
2024-10-16 23:57:18,189 INFO  server.RaftServerConfigKeys (ConfUtils.java:logGet(46)) - raft.server.log.unsafe-flush.enabled = false (default)
2024-10-16 23:57:18,189 INFO  server.RaftServerConfigKeys (ConfUtils.java:logGet(46)) - raft.server.log.async-flush.enabled = false (default)
2024-10-16 23:57:18,189 INFO  server.RaftServerConfigKeys (ConfUtils.java:logGet(46)) - raft.server.log.statemachine.data.caching.enabled = false (default)
2024-10-16 23:57:18,190 INFO  segmented.SegmentedRaftLogWorker (SegmentedRaftLogWorker.java:lambda$new$0(139)) - s13@group-C02387408FFC-SegmentedRaftLogWorker: flushIndex: setUnconditionally 0 -> -1
2024-10-16 23:57:18,190 INFO  segmented.SegmentedRaftLogWorker (SegmentedRaftLogWorker.java:lambda$new$0(139)) - s13@group-C02387408FFC-SegmentedRaftLogWorker: safeCacheEvictIndex: setUnconditionally 0 -> -1
2024-10-16 23:57:18,190 INFO  server.RaftServer$Division (RaftServerImpl.java:start(393)) - s13@group-C02387408FFC: start as a follower, conf=conf: {index: -1, cur=peers:[s11|0.0.0.0:15026, s13|0.0.0.0:15028, s12|0.0.0.0:15027]|listeners:[], old=null}
2024-10-16 23:57:18,190 INFO  server.RaftServer$Division (RaftServerImpl.java:setRole(380)) - s13@group-C02387408FFC: changes role from      null to FOLLOWER at term 0 for startAsFollower
2024-10-16 23:57:18,190 INFO  impl.RoleInfo (RoleInfo.java:updateAndGet(148)) - s13: start s13@group-C02387408FFC-FollowerState
2024-10-16 23:57:18,190 INFO  util.JmxRegister (JmxRegister.java:tryRegister(44)) - Successfully registered JMX Bean with object name Ratis:service=RaftServer,group=group-C02387408FFC,id=s13
2024-10-16 23:57:18,190 INFO  util.JmxRegister (JmxRegister.java:register(58)) - register mxBean class org.apache.ratis.server.impl.RaftServerJmxAdapter as Ratis:service=RaftServer,group=group-C02387408FFC,id=s13
2024-10-16 23:57:18,190 INFO  server.RaftServerConfigKeys (ConfUtils.java:logGet(46)) - raft.server.snapshot.trigger-when-stop.enabled = true (default)
2024-10-16 23:57:18,190 INFO  server.RaftServerConfigKeys (ConfUtils.java:logGet(46)) - raft.server.snapshot.trigger-when-remove.enabled = true (default)
2024-10-16 23:57:18,190 INFO  server.RaftServerConfigKeys (ConfUtils.java:logGet(46)) - raft.server.snapshot.auto.trigger.enabled = false (default)
2024-10-16 23:57:18,190 INFO  server.RaftServerConfigKeys (ConfUtils.java:logGet(46)) - raft.server.snapshot.retention.file.num = -1 (default)
2024-10-16 23:57:18,190 INFO  server.RaftServerConfigKeys (ConfUtils.java:logGet(46)) - raft.server.log.purge.upto.snapshot.index = false (default)
2024-10-16 23:57:18,190 INFO  server.RaftServerConfigKeys (ConfUtils.java:logFallback(53)) - raft.server.rpc.first-election.timeout.min = 300ms (fallback to raft.server.rpc.timeout.min)
2024-10-16 23:57:18,190 INFO  server.RaftServerConfigKeys (ConfUtils.java:logFallback(53)) - raft.server.rpc.first-election.timeout.max = 600ms (fallback to raft.server.rpc.timeout.max)
2024-10-16 23:57:18,190 INFO  server.RaftServer$Division (RaftServerImpl.java:start(407)) - s13@group-C02387408FFC: Successfully started.
2024-10-16 23:57:18,193 INFO  server.RaftServerConfigKeys (ConfUtils.java:logGet(46)) - raft.server.rpc.timeout.max = 600ms (custom)
2024-10-16 23:57:18,193 INFO  ratis.RaftTestUtil (RaftTestUtil.java:waitForLeader(107)) - printing group-C02387408FFC
  s11:  RUNNING [
   FOLLOWER s11@group-9EBC86A0B11D:t0, leader=null, voted=, raftlog=Memoized:s11@group-9EBC86A0B11D-SegmentedRaftLog:OPENED:c-1:lastnull, conf=conf: {index: -1, cur=peers:[]|listeners:[], old=null} STARTING
   FOLLOWER s11@group-C02387408FFC:t0, leader=null, voted=, raftlog=Memoized:s11@group-C02387408FFC-SegmentedRaftLog:OPENED:c-1:lastnull, conf=conf: {index: -1, cur=peers:[s11|0.0.0.0:15026, s13|0.0.0.0:15028, s12|0.0.0.0:15027]|listeners:[], old=null} RUNNING] size=2
  s13:  RUNNING [
   FOLLOWER s13@group-9EBC86A0B11D:t0, leader=null, voted=, raftlog=Memoized:s13@group-9EBC86A0B11D-SegmentedRaftLog:OPENED:c-1:lastnull, conf=conf: {index: -1, cur=peers:[]|listeners:[], old=null} STARTING
   FOLLOWER s13@group-C02387408FFC:t0, leader=null, voted=, raftlog=Memoized:s13@group-C02387408FFC-SegmentedRaftLog:OPENED:c-1:lastnull, conf=conf: {index: -1, cur=peers:[s11|0.0.0.0:15026, s13|0.0.0.0:15028, s12|0.0.0.0:15027]|listeners:[], old=null} RUNNING] size=2
  s12:  RUNNING [
   FOLLOWER s12@group-9EBC86A0B11D:t0, leader=null, voted=, raftlog=Memoized:s12@group-9EBC86A0B11D-SegmentedRaftLog:OPENED:c-1:lastnull, conf=conf: {index: -1, cur=peers:[]|listeners:[], old=null} STARTING
   FOLLOWER s12@group-C02387408FFC:t0, leader=null, voted=, raftlog=Memoized:s12@group-C02387408FFC-SegmentedRaftLog:OPENED:c-1:lastnull, conf=conf: {index: -1, cur=peers:[s11|0.0.0.0:15026, s13|0.0.0.0:15028, s12|0.0.0.0:15027]|listeners:[], old=null} RUNNING] size=2
2024-10-16 23:57:18,194 WARN  ratis.RaftTestUtil (RaftTestUtil.java:lambda$waitForLeader$3(126)) - Attempt #1 failed: java.lang.IllegalStateException: No leader yet  for group-C02387408FFC: printing group-C02387408FFC
  s11:  RUNNING [
   FOLLOWER s11@group-9EBC86A0B11D:t0, leader=null, voted=, raftlog=Memoized:s11@group-9EBC86A0B11D-SegmentedRaftLog:OPENED:c-1:lastnull, conf=conf: {index: -1, cur=peers:[]|listeners:[], old=null} STARTING
   FOLLOWER s11@group-C02387408FFC:t0, leader=null, voted=, raftlog=Memoized:s11@group-C02387408FFC-SegmentedRaftLog:OPENED:c-1:lastnull, conf=conf: {index: -1, cur=peers:[s11|0.0.0.0:15026, s13|0.0.0.0:15028, s12|0.0.0.0:15027]|listeners:[], old=null} RUNNING] size=2
  s13:  RUNNING [
   FOLLOWER s13@group-9EBC86A0B11D:t0, leader=null, voted=, raftlog=Memoized:s13@group-9EBC86A0B11D-SegmentedRaftLog:OPENED:c-1:lastnull, conf=conf: {index: -1, cur=peers:[]|listeners:[], old=null} STARTING
   FOLLOWER s13@group-C02387408FFC:t0, leader=null, voted=, raftlog=Memoized:s13@group-C02387408FFC-SegmentedRaftLog:OPENED:c-1:lastnull, conf=conf: {index: -1, cur=peers:[s11|0.0.0.0:15026, s13|0.0.0.0:15028, s12|0.0.0.0:15027]|listeners:[], old=null} RUNNING] size=2
  s12:  RUNNING [
   FOLLOWER s12@group-9EBC86A0B11D:t0, leader=null, voted=, raftlog=Memoized:s12@group-9EBC86A0B11D-SegmentedRaftLog:OPENED:c-1:lastnull, conf=conf: {index: -1, cur=peers:[]|listeners:[], old=null} STARTING
   FOLLOWER s12@group-C02387408FFC:t0, leader=null, voted=, raftlog=Memoized:s12@group-C02387408FFC-SegmentedRaftLog:OPENED:c-1:lastnull, conf=conf: {index: -1, cur=peers:[s11|0.0.0.0:15026, s13|0.0.0.0:15028, s12|0.0.0.0:15027]|listeners:[], old=null} RUNNING] size=2
2024-10-16 23:57:18,674 INFO  impl.FollowerState (FollowerState.java:runImpl(161)) - s11@group-C02387408FFC-FollowerState: change to CANDIDATE, lastRpcElapsedTime:511459791ns, electionTimeout:511ms
2024-10-16 23:57:18,674 INFO  impl.RoleInfo (RoleInfo.java:shutdownFollowerState(121)) - s11: shutdown s11@group-C02387408FFC-FollowerState
2024-10-16 23:57:18,674 INFO  server.RaftServer$Division (RaftServerImpl.java:setRole(380)) - s11@group-C02387408FFC: changes role from  FOLLOWER to CANDIDATE at term 0 for changeToCandidate
2024-10-16 23:57:18,674 INFO  server.RaftServerConfigKeys (ConfUtils.java:logGet(46)) - raft.server.leaderelection.pre-vote = true (default)
2024-10-16 23:57:18,674 INFO  impl.RoleInfo (RoleInfo.java:updateAndGet(148)) - s11: start s11@group-C02387408FFC-LeaderElection19
2024-10-16 23:57:18,674 INFO  impl.LeaderElection (LeaderElection.java:askForVotes(333)) - s11@group-C02387408FFC-LeaderElection19 PRE_VOTE round 0: submit vote requests at term 0 for conf: {index: -1, cur=peers:[s11|0.0.0.0:15026, s13|0.0.0.0:15028, s12|0.0.0.0:15027]|listeners:[], old=null}
2024-10-16 23:57:18,675 INFO  server.RaftServerConfigKeys (ConfUtils.java:logFallback(53)) - raft.server.rpc.first-election.timeout.min = 300ms (fallback to raft.server.rpc.timeout.min)
2024-10-16 23:57:18,675 INFO  server.RaftServerConfigKeys (ConfUtils.java:logFallback(53)) - raft.server.rpc.first-election.timeout.max = 600ms (fallback to raft.server.rpc.timeout.max)
2024-10-16 23:57:18,676 INFO  logging.LoggingHandler (AbstractInternalLogger.java:log(148)) - [id: 0xdd8a884e, L:/0.0.0.0:15027] READ: [id: 0x5a5d2461, L:/127.0.0.1:15027 - R:/127.0.0.1:49278]
2024-10-16 23:57:18,676 INFO  logging.LoggingHandler (AbstractInternalLogger.java:log(148)) - [id: 0x03473379, L:/0.0.0.0:15028] READ: [id: 0xbeb7b2ca, L:/127.0.0.1:15028 - R:/127.0.0.1:35296]
2024-10-16 23:57:18,677 INFO  logging.LoggingHandler (AbstractInternalLogger.java:log(148)) - [id: 0xdd8a884e, L:/0.0.0.0:15027] READ COMPLETE
2024-10-16 23:57:18,677 INFO  server.RaftServer$Division (RaftServerImpl.java:requestVote(1447)) - s12@group-C02387408FFC: receive requestVote(PRE_VOTE, s11, group-C02387408FFC, 0, (t:0, i:0))
2024-10-16 23:57:18,677 INFO  impl.VoteContext (VoteContext.java:log(49)) - s12@group-C02387408FFC-FOLLOWER: accept PRE_VOTE from s11: our priority 0 <= candidate's priority 0
2024-10-16 23:57:18,678 INFO  server.RaftServer$Division (RaftServerImpl.java:requestVote(1480)) - s12@group-C02387408FFC replies to PRE_VOTE vote request: s11<-s12#0:OK-t0. Peer's state: s12@group-C02387408FFC:t0, leader=null, voted=, raftlog=Memoized:s12@group-C02387408FFC-SegmentedRaftLog:OPENED:c-1:lastnull, conf=conf: {index: -1, cur=peers:[s11|0.0.0.0:15026, s13|0.0.0.0:15028, s12|0.0.0.0:15027]|listeners:[], old=null}
2024-10-16 23:57:18,678 INFO  logging.LoggingHandler (AbstractInternalLogger.java:log(148)) - [id: 0x03473379, L:/0.0.0.0:15028] READ COMPLETE
2024-10-16 23:57:18,678 INFO  impl.LeaderElection (LeaderElection.java:logAndReturn(90)) - s11@group-C02387408FFC-LeaderElection19: PRE_VOTE PASSED received 1 response(s) and 0 exception(s):
2024-10-16 23:57:18,678 INFO  impl.LeaderElection (LeaderElection.java:logAndReturn(94)) -   Response 0: s11<-s12#0:OK-t0
2024-10-16 23:57:18,678 INFO  impl.LeaderElection (LeaderElection.java:askForVotes(335)) - s11@group-C02387408FFC-LeaderElection19 PRE_VOTE round 0: result PASSED
2024-10-16 23:57:18,678 TRACE util.FileUtils (LogUtils.java:supplyAndLog(69)) - Successfully supplied FileChannel.open /home/runner/work/ratis/ratis/ratis-examples/target/test/data/6cc99a4c/MiniRaftClusterWithNettyeee6e424/s11/d3fa6c34-d7ae-489a-90b0-c02387408ffc/current/raft-meta.tmp with options [CREATE, WRITE]: sun.nio.ch.FileChannelImpl@43812a9f
2024-10-16 23:57:18,679 INFO  server.RaftServer$Division (RaftServerImpl.java:requestVote(1447)) - s13@group-C02387408FFC: receive requestVote(PRE_VOTE, s11, group-C02387408FFC, 0, (t:0, i:0))
2024-10-16 23:57:18,679 INFO  impl.VoteContext (VoteContext.java:log(49)) - s13@group-C02387408FFC-FOLLOWER: accept PRE_VOTE from s11: our priority 0 <= candidate's priority 0
2024-10-16 23:57:18,679 INFO  server.RaftServer$Division (RaftServerImpl.java:requestVote(1480)) - s13@group-C02387408FFC replies to PRE_VOTE vote request: s11<-s13#0:OK-t0. Peer's state: s13@group-C02387408FFC:t0, leader=null, voted=, raftlog=Memoized:s13@group-C02387408FFC-SegmentedRaftLog:OPENED:c-1:lastnull, conf=conf: {index: -1, cur=peers:[s11|0.0.0.0:15026, s13|0.0.0.0:15028, s12|0.0.0.0:15027]|listeners:[], old=null}
2024-10-16 23:57:18,680 TRACE util.FileUtils (LogUtils.java:runAndLog(49)) - Successfully ran Atomic Files.move /home/runner/work/ratis/ratis/ratis-examples/target/test/data/6cc99a4c/MiniRaftClusterWithNettyeee6e424/s11/d3fa6c34-d7ae-489a-90b0-c02387408ffc/current/raft-meta.tmp to /home/runner/work/ratis/ratis/ratis-examples/target/test/data/6cc99a4c/MiniRaftClusterWithNettyeee6e424/s11/d3fa6c34-d7ae-489a-90b0-c02387408ffc/current/raft-meta with options [REPLACE_EXISTING]
2024-10-16 23:57:18,680 INFO  impl.LeaderElection (LeaderElection.java:askForVotes(333)) - s11@group-C02387408FFC-LeaderElection19 ELECTION round 0: submit vote requests at term 1 for conf: {index: -1, cur=peers:[s11|0.0.0.0:15026, s13|0.0.0.0:15028, s12|0.0.0.0:15027]|listeners:[], old=null}
2024-10-16 23:57:18,680 INFO  server.RaftServerConfigKeys (ConfUtils.java:logFallback(53)) - raft.server.rpc.first-election.timeout.min = 300ms (fallback to raft.server.rpc.timeout.min)
2024-10-16 23:57:18,680 INFO  server.RaftServerConfigKeys (ConfUtils.java:logFallback(53)) - raft.server.rpc.first-election.timeout.max = 600ms (fallback to raft.server.rpc.timeout.max)
2024-10-16 23:57:18,680 INFO  server.RaftServer$Division (RaftServerImpl.java:requestVote(1447)) - s12@group-C02387408FFC: receive requestVote(ELECTION, s11, group-C02387408FFC, 1, (t:0, i:0))
2024-10-16 23:57:18,681 INFO  impl.VoteContext (VoteContext.java:log(49)) - s12@group-C02387408FFC-FOLLOWER: accept ELECTION from s11: our priority 0 <= candidate's priority 0
2024-10-16 23:57:18,681 INFO  server.RaftServer$Division (RaftServerImpl.java:setRole(380)) - s12@group-C02387408FFC: changes role from  FOLLOWER to FOLLOWER at term 0 for candidate:s11
2024-10-16 23:57:18,681 INFO  impl.RoleInfo (RoleInfo.java:shutdownFollowerState(121)) - s12: shutdown s12@group-C02387408FFC-FollowerState
2024-10-16 23:57:18,681 INFO  impl.RoleInfo (RoleInfo.java:updateAndGet(148)) - s12: start s12@group-C02387408FFC-FollowerState
2024-10-16 23:57:18,681 INFO  impl.FollowerState (FollowerState.java:runImpl(170)) - s12@group-C02387408FFC-FollowerState was interrupted
2024-10-16 23:57:18,681 INFO  server.RaftServer$Division (RaftServerImpl.java:setFirstElection(564)) - s12@group-C02387408FFC: set firstElectionSinceStartup to false for candidate:s11
2024-10-16 23:57:18,681 TRACE util.FileUtils (LogUtils.java:supplyAndLog(69)) - Successfully supplied FileChannel.open /home/runner/work/ratis/ratis/ratis-examples/target/test/data/6cc99a4c/MiniRaftClusterWithNettyeee6e424/s12/d3fa6c34-d7ae-489a-90b0-c02387408ffc/current/raft-meta.tmp with options [CREATE, WRITE]: sun.nio.ch.FileChannelImpl@627233c
2024-10-16 23:57:18,682 INFO  server.RaftServer$Division (RaftServerImpl.java:requestVote(1447)) - s13@group-C02387408FFC: receive requestVote(ELECTION, s11, group-C02387408FFC, 1, (t:0, i:0))
2024-10-16 23:57:18,682 INFO  impl.VoteContext (VoteContext.java:log(49)) - s13@group-C02387408FFC-FOLLOWER: accept ELECTION from s11: our priority 0 <= candidate's priority 0
2024-10-16 23:57:18,682 INFO  server.RaftServer$Division (RaftServerImpl.java:setRole(380)) - s13@group-C02387408FFC: changes role from  FOLLOWER to FOLLOWER at term 0 for candidate:s11
2024-10-16 23:57:18,682 INFO  impl.RoleInfo (RoleInfo.java:shutdownFollowerState(121)) - s13: shutdown s13@group-C02387408FFC-FollowerState
2024-10-16 23:57:18,682 INFO  impl.RoleInfo (RoleInfo.java:updateAndGet(148)) - s13: start s13@group-C02387408FFC-FollowerState
2024-10-16 23:57:18,682 INFO  impl.FollowerState (FollowerState.java:runImpl(170)) - s13@group-C02387408FFC-FollowerState was interrupted
2024-10-16 23:57:18,682 INFO  server.RaftServer$Division (RaftServerImpl.java:setFirstElection(564)) - s13@group-C02387408FFC: set firstElectionSinceStartup to false for candidate:s11
2024-10-16 23:57:18,682 TRACE util.FileUtils (LogUtils.java:supplyAndLog(69)) - Successfully supplied FileChannel.open /home/runner/work/ratis/ratis/ratis-examples/target/test/data/6cc99a4c/MiniRaftClusterWithNettyeee6e424/s13/d3fa6c34-d7ae-489a-90b0-c02387408ffc/current/raft-meta.tmp with options [CREATE, WRITE]: sun.nio.ch.FileChannelImpl@4b419ffa
2024-10-16 23:57:18,682 TRACE util.FileUtils (LogUtils.java:runAndLog(49)) - Successfully ran Atomic Files.move /home/runner/work/ratis/ratis/ratis-examples/target/test/data/6cc99a4c/MiniRaftClusterWithNettyeee6e424/s12/d3fa6c34-d7ae-489a-90b0-c02387408ffc/current/raft-meta.tmp to /home/runner/work/ratis/ratis/ratis-examples/target/test/data/6cc99a4c/MiniRaftClusterWithNettyeee6e424/s12/d3fa6c34-d7ae-489a-90b0-c02387408ffc/current/raft-meta with options [REPLACE_EXISTING]
2024-10-16 23:57:18,683 INFO  server.RaftServer$Division (RaftServerImpl.java:requestVote(1480)) - s12@group-C02387408FFC replies to ELECTION vote request: s11<-s12#0:OK-t1. Peer's state: s12@group-C02387408FFC:t1, leader=null, voted=s11, raftlog=Memoized:s12@group-C02387408FFC-SegmentedRaftLog:OPENED:c-1:lastnull, conf=conf: {index: -1, cur=peers:[s11|0.0.0.0:15026, s13|0.0.0.0:15028, s12|0.0.0.0:15027]|listeners:[], old=null}
2024-10-16 23:57:18,683 INFO  impl.LeaderElection (LeaderElection.java:logAndReturn(90)) - s11@group-C02387408FFC-LeaderElection19: ELECTION PASSED received 1 response(s) and 0 exception(s):
2024-10-16 23:57:18,683 INFO  impl.LeaderElection (LeaderElection.java:logAndReturn(94)) -   Response 0: s11<-s12#0:OK-t1
2024-10-16 23:57:18,683 INFO  impl.LeaderElection (LeaderElection.java:askForVotes(335)) - s11@group-C02387408FFC-LeaderElection19 ELECTION round 0: result PASSED
2024-10-16 23:57:18,683 INFO  impl.RoleInfo (RoleInfo.java:shutdownLeaderElection(141)) - s11: shutdown s11@group-C02387408FFC-LeaderElection19
2024-10-16 23:57:18,683 INFO  server.RaftServer$Division (RaftServerImpl.java:setRole(380)) - s11@group-C02387408FFC: changes role from CANDIDATE to LEADER at term 1 for changeToLeader
2024-10-16 23:57:18,683 INFO  server.RaftServerConfigKeys (ConfUtils.java:logGet(46)) - raft.server.staging.catchup.gap = 1000 (default)
2024-10-16 23:57:18,683 INFO  server.RaftServerConfigKeys (ConfUtils.java:logGet(46)) - raft.server.write.element-limit = 4096 (default)
2024-10-16 23:57:18,683 TRACE util.FileUtils (LogUtils.java:runAndLog(49)) - Successfully ran Atomic Files.move /home/runner/work/ratis/ratis/ratis-examples/target/test/data/6cc99a4c/MiniRaftClusterWithNettyeee6e424/s13/d3fa6c34-d7ae-489a-90b0-c02387408ffc/current/raft-meta.tmp to /home/runner/work/ratis/ratis/ratis-examples/target/test/data/6cc99a4c/MiniRaftClusterWithNettyeee6e424/s13/d3fa6c34-d7ae-489a-90b0-c02387408ffc/current/raft-meta with options [REPLACE_EXISTING]
2024-10-16 23:57:18,683 INFO  server.RaftServerConfigKeys (ConfUtils.java:logGet(46)) - raft.server.write.byte-limit = 64MB (=67108864) (default)
2024-10-16 23:57:18,683 INFO  server.RaftServer$Division (RaftServerImpl.java:requestVote(1480)) - s13@group-C02387408FFC replies to ELECTION vote request: s11<-s13#0:OK-t1. Peer's state: s13@group-C02387408FFC:t1, leader=null, voted=s11, raftlog=Memoized:s13@group-C02387408FFC-SegmentedRaftLog:OPENED:c-1:lastnull, conf=conf: {index: -1, cur=peers:[s11|0.0.0.0:15026, s13|0.0.0.0:15028, s12|0.0.0.0:15027]|listeners:[], old=null}
2024-10-16 23:57:18,684 INFO  server.RaftServerConfigKeys (ConfUtils.java:logGet(46)) - raft.server.watch.timeout = 10s (default)
2024-10-16 23:57:18,684 INFO  server.RaftServerConfigKeys (ConfUtils.java:logGet(46)) - raft.server.watch.timeout.denomination = 1s (default)
2024-10-16 23:57:18,684 INFO  server.RaftServerConfigKeys (ConfUtils.java:logGet(46)) - raft.server.watch.element-limit = 65536 (default)
2024-10-16 23:57:18,684 INFO  server.RaftServerConfigKeys (ConfUtils.java:logGet(46)) - raft.server.read.leader.lease.enabled = false (default)
2024-10-16 23:57:18,684 INFO  server.RaftServerConfigKeys (ConfUtils.java:logGet(46)) - raft.server.read.leader.lease.timeout.ratio = 0.9 (default)
2024-10-16 23:57:18,684 INFO  server.RaftServerConfigKeys (ConfUtils.java:logGet(46)) - raft.server.rpc.timeout.min = 300ms (custom)
2024-10-16 23:57:18,684 INFO  server.RaftServerConfigKeys (ConfUtils.java:logGet(46)) - raft.server.log.log-metadata.enabled = true (default)
2024-10-16 23:57:18,684 INFO  server.RaftServerConfigKeys (ConfUtils.java:logGet(46)) - raft.server.write.element-limit = 4096 (default)
2024-10-16 23:57:18,684 INFO  server.RaftServerConfigKeys (ConfUtils.java:logGet(46)) - raft.server.write.follower.gap.ratio.max = -1.0 (default)
2024-10-16 23:57:18,684 INFO  server.RaftServerConfigKeys (ConfUtils.java:logGet(46)) - raft.server.log.appender.snapshot.chunk.size.max = 16MB (=16777216) (default)
2024-10-16 23:57:18,684 INFO  server.RaftServerConfigKeys (ConfUtils.java:logGet(46)) - raft.server.log.appender.buffer.byte-limit = 4MB (=4194304) (default)
2024-10-16 23:57:18,684 INFO  server.RaftServerConfigKeys (ConfUtils.java:logGet(46)) - raft.server.log.appender.buffer.element-limit = 0 (default)
2024-10-16 23:57:18,684 INFO  server.RaftServerConfigKeys (ConfUtils.java:logGet(46)) - raft.server.log.appender.wait-time.min = 1ms (default)
2024-10-16 23:57:18,685 INFO  server.RaftServerConfigKeys (ConfUtils.java:logGet(46)) - raft.server.log.appender.snapshot.chunk.size.max = 16MB (=16777216) (default)
2024-10-16 23:57:18,685 INFO  server.RaftServerConfigKeys (ConfUtils.java:logGet(46)) - raft.server.log.appender.buffer.byte-limit = 4MB (=4194304) (default)
2024-10-16 23:57:18,685 INFO  server.RaftServerConfigKeys (ConfUtils.java:logGet(46)) - raft.server.log.appender.buffer.element-limit = 0 (default)
2024-10-16 23:57:18,685 INFO  server.RaftServerConfigKeys (ConfUtils.java:logGet(46)) - raft.server.log.appender.wait-time.min = 1ms (default)
2024-10-16 23:57:18,685 INFO  impl.RoleInfo (RoleInfo.java:updateAndGet(148)) - s11: start s11@group-C02387408FFC-LeaderStateImpl
2024-10-16 23:57:18,685 INFO  server.RaftServer$Division (RaftServerImpl.java:setFirstElection(564)) - s11@group-C02387408FFC: set firstElectionSinceStartup to false for becomeLeader
2024-10-16 23:57:18,685 INFO  server.RaftServer$Division (ServerState.java:setLeader(272)) - s11@group-C02387408FFC: change Leader from null to s11 at term 1 for becomeLeader, leader elected after 529ms
2024-10-16 23:57:18,685 INFO  segmented.SegmentedRaftLogWorker (SegmentedRaftLogWorker.java:startLogSegment(442)) - s11@group-C02387408FFC-SegmentedRaftLogWorker: Starting segment from index:0
2024-10-16 23:57:18,685 INFO  server.RaftServer$Division (ServerState.java:setRaftConf(386)) - s11@group-C02387408FFC: set configuration conf: {index: 0, cur=peers:[s11|0.0.0.0:15026, s13|0.0.0.0:15028, s12|0.0.0.0:15027]|listeners:[], old=null}
2024-10-16 23:57:18,685 INFO  segmented.BufferedWriteChannel (BufferedWriteChannel.java:open(61)) - open log_inprogress_0 at position 0
2024-10-16 23:57:18,686 INFO  server.RaftServer$Division (ServerState.java:setLeader(272)) - s13@group-C02387408FFC: change Leader from null to s11 at term 1 for appendEntries, leader elected after 502ms
2024-10-16 23:57:18,686 INFO  server.RaftServer$Division (ServerState.java:setLeader(272)) - s12@group-C02387408FFC: change Leader from null to s11 at term 1 for appendEntries, leader elected after 516ms
2024-10-16 23:57:18,688 DEBUG server.RaftServer$Division (RaftServerImpl.java:logAppendEntries(1549)) - s13@group-C02387408FFC: appendEntries* s11->s13#4844-t1,previous=(t:0, i:0),leaderCommit=-1,initializing? false,entries: size=1, first=(t:1, i:0), CONFIGURATIONENTRY(current:id:"s11"address:"0.0.0.0:15026"clientAddress:"0.0.0.0:15026"adminAddress:"0.0.0.0:15026"startupRole:FOLLOWER, id:"s13"address:"0.0.0.0:15028"clientAddress:"0.0.0.0:15028"adminAddress:"0.0.0.0:15028"startupRole:FOLLOWER, id:"s12"address:"0.0.0.0:15027"clientAddress:"0.0.0.0:15027"adminAddress:"0.0.0.0:15027"startupRole:FOLLOWER, old:)
2024-10-16 23:57:18,688 DEBUG server.RaftServer$Division (RaftServerImpl.java:logAppendEntries(1549)) - s12@group-C02387408FFC: appendEntries* s11->s12#4845-t1,previous=(t:0, i:0),leaderCommit=-1,initializing? false,entries: size=1, first=(t:1, i:0), CONFIGURATIONENTRY(current:id:"s11"address:"0.0.0.0:15026"clientAddress:"0.0.0.0:15026"adminAddress:"0.0.0.0:15026"startupRole:FOLLOWER, id:"s13"address:"0.0.0.0:15028"clientAddress:"0.0.0.0:15028"adminAddress:"0.0.0.0:15028"startupRole:FOLLOWER, id:"s12"address:"0.0.0.0:15027"clientAddress:"0.0.0.0:15027"adminAddress:"0.0.0.0:15027"startupRole:FOLLOWER, old:)
2024-10-16 23:57:18,688 INFO  server.RaftServer$Division (ServerState.java:setRaftConf(386)) - s13@group-C02387408FFC: set configuration conf: {index: 0, cur=peers:[s11|0.0.0.0:15026, s13|0.0.0.0:15028, s12|0.0.0.0:15027]|listeners:[], old=null}
2024-10-16 23:57:18,688 INFO  server.RaftServer$Division (ServerState.java:setRaftConf(386)) - s12@group-C02387408FFC: set configuration conf: {index: 0, cur=peers:[s11|0.0.0.0:15026, s13|0.0.0.0:15028, s12|0.0.0.0:15027]|listeners:[], old=null}
2024-10-16 23:57:18,688 INFO  segmented.SegmentedRaftLogWorker (SegmentedRaftLogWorker.java:startLogSegment(442)) - s13@group-C02387408FFC-SegmentedRaftLogWorker: Starting segment from index:0
2024-10-16 23:57:18,688 INFO  segmented.SegmentedRaftLogWorker (SegmentedRaftLogWorker.java:startLogSegment(442)) - s12@group-C02387408FFC-SegmentedRaftLogWorker: Starting segment from index:0
2024-10-16 23:57:18,689 INFO  segmented.BufferedWriteChannel (BufferedWriteChannel.java:open(61)) - open log_inprogress_0 at position 0
2024-10-16 23:57:18,689 INFO  segmented.BufferedWriteChannel (BufferedWriteChannel.java:open(61)) - open log_inprogress_0 at position 0
2024-10-16 23:57:18,701 INFO  segmented.SegmentedRaftLogWorker (SegmentedRaftLogWorker.java:execute(663)) - s11@group-C02387408FFC-SegmentedRaftLogWorker: created new log segment /home/runner/work/ratis/ratis/ratis-examples/target/test/data/6cc99a4c/MiniRaftClusterWithNettyeee6e424/s11/d3fa6c34-d7ae-489a-90b0-c02387408ffc/current/log_inprogress_0
2024-10-16 23:57:18,702 INFO  segmented.SegmentedRaftLogWorker (SegmentedRaftLogWorker.java:execute(663)) - s12@group-C02387408FFC-SegmentedRaftLogWorker: created new log segment /home/runner/work/ratis/ratis/ratis-examples/target/test/data/6cc99a4c/MiniRaftClusterWithNettyeee6e424/s12/d3fa6c34-d7ae-489a-90b0-c02387408ffc/current/log_inprogress_0
2024-10-16 23:57:18,705 INFO  segmented.SegmentedRaftLogWorker (SegmentedRaftLogWorker.java:execute(663)) - s13@group-C02387408FFC-SegmentedRaftLogWorker: created new log segment /home/runner/work/ratis/ratis/ratis-examples/target/test/data/6cc99a4c/MiniRaftClusterWithNettyeee6e424/s13/d3fa6c34-d7ae-489a-90b0-c02387408ffc/current/log_inprogress_0
2024-10-16 23:57:18,705 DEBUG server.RaftServer$Division (RaftServerImpl.java:logAppendEntries(1549)) - s12@group-C02387408FFC: appendEntries* reply s11<-s12#4845:OK-t1,SUCCESS,nextIndex=1,followerCommit=-1,matchIndex=0
2024-10-16 23:57:18,706 DEBUG server.RaftServer$Division (RaftServerImpl.java:logAppendEntries(1549)) - s13@group-C02387408FFC: appendEntries* reply s11<-s13#4844:OK-t1,SUCCESS,nextIndex=1,followerCommit=-1,matchIndex=0
2024-10-16 23:57:18,707 TRACE util.FileUtils (LogUtils.java:supplyAndLog(69)) - Successfully supplied FileChannel.open /home/runner/work/ratis/ratis/ratis-examples/target/test/data/6cc99a4c/MiniRaftClusterWithNettyeee6e424/s11/d3fa6c34-d7ae-489a-90b0-c02387408ffc/current/raft-meta.conf.tmp with options [CREATE, WRITE]: sun.nio.ch.FileChannelImpl@6131efdf
2024-10-16 23:57:18,708 TRACE util.FileUtils (LogUtils.java:runAndLog(49)) - Successfully ran Atomic Files.move /home/runner/work/ratis/ratis/ratis-examples/target/test/data/6cc99a4c/MiniRaftClusterWithNettyeee6e424/s11/d3fa6c34-d7ae-489a-90b0-c02387408ffc/current/raft-meta.conf.tmp to /home/runner/work/ratis/ratis/ratis-examples/target/test/data/6cc99a4c/MiniRaftClusterWithNettyeee6e424/s11/d3fa6c34-d7ae-489a-90b0-c02387408ffc/current/raft-meta.conf with options [REPLACE_EXISTING]
2024-10-16 23:57:18,708 INFO  server.RaftServer$Division (LeaderStateImpl.java:checkStartIndex(314)) - Leader s11@group-C02387408FFC-LeaderStateImpl is ready since appliedIndex == startIndex == 0
2024-10-16 23:57:18,857 TRACE util.FileUtils (LogUtils.java:supplyAndLog(69)) - Successfully supplied FileChannel.open /home/runner/work/ratis/ratis/ratis-examples/target/test/data/6cc99a4c/MiniRaftClusterWithNettyeee6e424/s13/d3fa6c34-d7ae-489a-90b0-c02387408ffc/current/raft-meta.conf.tmp with options [CREATE, WRITE]: sun.nio.ch.FileChannelImpl@62788a93
2024-10-16 23:57:18,858 TRACE util.FileUtils (LogUtils.java:supplyAndLog(69)) - Successfully supplied FileChannel.open /home/runner/work/ratis/ratis/ratis-examples/target/test/data/6cc99a4c/MiniRaftClusterWithNettyeee6e424/s12/d3fa6c34-d7ae-489a-90b0-c02387408ffc/current/raft-meta.conf.tmp with options [CREATE, WRITE]: sun.nio.ch.FileChannelImpl@64b0fbdd
2024-10-16 23:57:18,862 TRACE util.FileUtils (LogUtils.java:runAndLog(49)) - Successfully ran Atomic Files.move /home/runner/work/ratis/ratis/ratis-examples/target/test/data/6cc99a4c/MiniRaftClusterWithNettyeee6e424/s13/d3fa6c34-d7ae-489a-90b0-c02387408ffc/current/raft-meta.conf.tmp to /home/runner/work/ratis/ratis/ratis-examples/target/test/data/6cc99a4c/MiniRaftClusterWithNettyeee6e424/s13/d3fa6c34-d7ae-489a-90b0-c02387408ffc/current/raft-meta.conf with options [REPLACE_EXISTING]
2024-10-16 23:57:18,862 TRACE util.FileUtils (LogUtils.java:runAndLog(49)) - Successfully ran Atomic Files.move /home/runner/work/ratis/ratis/ratis-examples/target/test/data/6cc99a4c/MiniRaftClusterWithNettyeee6e424/s12/d3fa6c34-d7ae-489a-90b0-c02387408ffc/current/raft-meta.conf.tmp to /home/runner/work/ratis/ratis/ratis-examples/target/test/data/6cc99a4c/MiniRaftClusterWithNettyeee6e424/s12/d3fa6c34-d7ae-489a-90b0-c02387408ffc/current/raft-meta.conf with options [REPLACE_EXISTING]
2024-10-16 23:57:19,094 INFO  ratis.RaftTestUtil (RaftTestUtil.java:waitForLeader(131)) - printing group-C02387408FFC
  s11:  RUNNING [
   FOLLOWER s11@group-9EBC86A0B11D:t0, leader=null, voted=, raftlog=Memoized:s11@group-9EBC86A0B11D-SegmentedRaftLog:OPENED:c-1:lastnull, conf=conf: {index: -1, cur=peers:[]|listeners:[], old=null} STARTING
     LEADER s11@group-C02387408FFC:t1, leader=s11, voted=s11, raftlog=Memoized:s11@group-C02387408FFC-SegmentedRaftLog:OPENED:c0:last(t:1, i:0), conf=conf: {index: 0, cur=peers:[s11|0.0.0.0:15026, s13|0.0.0.0:15028, s12|0.0.0.0:15027]|listeners:[], old=null} RUNNING] size=2
  s13:  RUNNING [
   FOLLOWER s13@group-9EBC86A0B11D:t0, leader=null, voted=, raftlog=Memoized:s13@group-9EBC86A0B11D-SegmentedRaftLog:OPENED:c-1:lastnull, conf=conf: {index: -1, cur=peers:[]|listeners:[], old=null} STARTING
   FOLLOWER s13@group-C02387408FFC:t1, leader=s11, voted=s11, raftlog=Memoized:s13@group-C02387408FFC-SegmentedRaftLog:OPENED:c0:last(t:1, i:0), conf=conf: {index: 0, cur=peers:[s11|0.0.0.0:15026, s13|0.0.0.0:15028, s12|0.0.0.0:15027]|listeners:[], old=null} RUNNING] size=2
  s12:  RUNNING [
   FOLLOWER s12@group-9EBC86A0B11D:t0, leader=null, voted=, raftlog=Memoized:s12@group-9EBC86A0B11D-SegmentedRaftLog:OPENED:c-1:lastnull, conf=conf: {index: -1, cur=peers:[]|listeners:[], old=null} STARTING
   FOLLOWER s12@group-C02387408FFC:t1, leader=s11, voted=s11, raftlog=Memoized:s12@group-C02387408FFC-SegmentedRaftLog:OPENED:c0:last(t:1, i:0), conf=conf: {index: 0, cur=peers:[s11|0.0.0.0:15026, s13|0.0.0.0:15028, s12|0.0.0.0:15027]|listeners:[], old=null} RUNNING] size=2
2024-10-16 23:57:19,095 INFO  netty.NettyUtils (NettyUtils.java:newEventLoopGroup(74)) - Create EpollEventLoopGroup for client-8D5E9047489D; Thread size is 0.
2024-10-16 23:57:19,097 INFO  logging.LoggingHandler (AbstractInternalLogger.java:log(148)) - [id: 0xf469844a, L:/0.0.0.0:15026] READ: [id: 0xfcad8c0a, L:/127.0.0.1:15026 - R:/127.0.0.1:54210]
2024-10-16 23:57:19,097 INFO  logging.LoggingHandler (AbstractInternalLogger.java:log(148)) - [id: 0xf469844a, L:/0.0.0.0:15026] READ COMPLETE
2024-10-16 23:57:19,098 DEBUG server.RaftServer$Division (RaftServerImpl.java:submitClientRequestAsync(920)) - s11@group-C02387408FFC: receive client request(RaftClientRequest:client-8D5E9047489D->s11@group-C02387408FFC, cid=4866, seq=null, RW, Message:01016102403700000000...(size=12))
2024-10-16 23:57:19,098 DEBUG server.RaftServer$Division (LeaderStateImpl.java:addPendingRequest(529)) - s11@group-C02387408FFC-LeaderStateImpl: addPendingRequest at RaftClientRequest:client-8D5E9047489D->s11@group-C02387408FFC, cid=4866, seq=null, RW, Message:01016102403700000000...(size=12), entry=(t:1, i:1), STATEMACHINELOGENTRY, WRITE: logData.size=12, stateMachineData.size=0, logEntryProtoSerializedSize=0
2024-10-16 23:57:19,099 DEBUG server.RaftServer$Division (RaftServerImpl.java:logAppendEntries(1549)) - s13@group-C02387408FFC: appendEntries* s11->s13#4868-t1,previous=(t:1, i:0),leaderCommit=0,initializing? false,entries: size=1, first=(t:1, i:1), STATEMACHINELOGENTRY, StateMachineLogEntryProto:4866@client-8D5E9047489D
2024-10-16 23:57:19,099 DEBUG server.RaftServer$Division (RaftServerImpl.java:logAppendEntries(1549)) - s12@group-C02387408FFC: appendEntries* s11->s12#4867-t1,previous=(t:1, i:0),leaderCommit=0,initializing? false,entries: size=1, first=(t:1, i:1), STATEMACHINELOGENTRY, StateMachineLogEntryProto:4866@client-8D5E9047489D
2024-10-16 23:57:19,099 DEBUG server.RaftServer$Division (RaftServerImpl.java:logAppendEntries(1549)) - s13@group-C02387408FFC: appendEntries* reply s11<-s13#4868:OK-t1,SUCCESS,nextIndex=2,followerCommit=0,matchIndex=1
2024-10-16 23:57:19,099 DEBUG server.RaftServer$Division (RaftServerImpl.java:logAppendEntries(1549)) - s12@group-C02387408FFC: appendEntries* reply s11<-s12#4867:OK-t1,SUCCESS,nextIndex=2,followerCommit=0,matchIndex=1
2024-10-16 23:57:19,100 INFO  statemachine.StateMachine (ArithmeticStateMachine.java:applyTransaction(181)) - LEADER:s11-1: a = 23 = 23
2024-10-16 23:57:19,101 DEBUG server.RaftServer$Division (RaftServerImpl.java:logAppendEntries(1549)) - s13@group-C02387408FFC: appendEntries* s11->s13#4870-t1,previous=(t:1, i:1),leaderCommit=1,initializing? false,entries: size=1, first=(t:1, i:2), METADATAENTRY(c:1)
2024-10-16 23:57:19,101 DEBUG server.RaftServer$Division (RaftServerImpl.java:logAppendEntries(1549)) - s12@group-C02387408FFC: appendEntries* s11->s12#4869-t1,previous=(t:1, i:1),leaderCommit=1,initializing? false,entries: size=1, first=(t:1, i:2), METADATAENTRY(c:1)
2024-10-16 23:57:19,101 DEBUG server.RaftServer$Division (RaftServerImpl.java:submitClientRequestAsync(920)) - s11@group-C02387408FFC: receive client request(RaftClientRequest:client-8D5E9047489D->s11@group-C02387408FFC, cid=4871, seq=null, RW, Message:01016202407080000000...(size=12))
2024-10-16 23:57:19,101 DEBUG server.RaftServer$Division (RaftServerImpl.java:logAppendEntries(1549)) - s12@group-C02387408FFC: appendEntries* reply s11<-s12#4869:OK-t1,SUCCESS,nextIndex=3,followerCommit=1,matchIndex=2
2024-10-16 23:57:19,101 DEBUG server.RaftServer$Division (RaftServerImpl.java:logAppendEntries(1549)) - s13@group-C02387408FFC: appendEntries* reply s11<-s13#4870:OK-t1,SUCCESS,nextIndex=3,followerCommit=1,matchIndex=2
2024-10-16 23:57:19,101 DEBUG server.RaftServer$Division (LeaderStateImpl.java:addPendingRequest(529)) - s11@group-C02387408FFC-LeaderStateImpl: addPendingRequest at RaftClientRequest:client-8D5E9047489D->s11@group-C02387408FFC, cid=4871, seq=null, RW, Message:01016202407080000000...(size=12), entry=(t:1, i:3), STATEMACHINELOGENTRY, WRITE: logData.size=12, stateMachineData.size=0, logEntryProtoSerializedSize=0
2024-10-16 23:57:19,102 DEBUG server.RaftServer$Division (RaftServerImpl.java:logAppendEntries(1549)) - s12@group-C02387408FFC: appendEntries* s11->s12#4872-t1,previous=(t:1, i:2),leaderCommit=1,initializing? false,entries: size=1, first=(t:1, i:3), STATEMACHINELOGENTRY, StateMachineLogEntryProto:4871@client-8D5E9047489D
2024-10-16 23:57:19,102 DEBUG server.RaftServer$Division (RaftServerImpl.java:logAppendEntries(1549)) - s13@group-C02387408FFC: appendEntries* s11->s13#4873-t1,previous=(t:1, i:2),leaderCommit=2,initializing? false,entries: size=1, first=(t:1, i:3), STATEMACHINELOGENTRY, StateMachineLogEntryProto:4871@client-8D5E9047489D
2024-10-16 23:57:19,102 DEBUG server.RaftServer$Division (RaftServerImpl.java:logAppendEntries(1549)) - s12@group-C02387408FFC: appendEntries* reply s11<-s12#4872:OK-t1,SUCCESS,nextIndex=4,followerCommit=1,matchIndex=3
2024-10-16 23:57:19,103 INFO  statemachine.StateMachine (ArithmeticStateMachine.java:applyTransaction(181)) - LEADER:s11-3: b = 264 = 264
2024-10-16 23:57:19,103 DEBUG server.RaftServer$Division (RaftServerImpl.java:logAppendEntries(1549)) - s13@group-C02387408FFC: appendEntries* reply s11<-s13#4873:OK-t1,SUCCESS,nextIndex=4,followerCommit=2,matchIndex=3
2024-10-16 23:57:19,103 DEBUG server.RaftServer$Division (RaftServerImpl.java:logAppendEntries(1549)) - s12@group-C02387408FFC: appendEntries* s11->s12#4874-t1,previous=(t:1, i:3),leaderCommit=3,initializing? false,entries: size=1, first=(t:1, i:4), METADATAENTRY(c:3)
2024-10-16 23:57:19,103 DEBUG server.RaftServer$Division (RaftServerImpl.java:logAppendEntries(1549)) - s13@group-C02387408FFC: appendEntries* s11->s13#4875-t1,previous=(t:1, i:3),leaderCommit=3,initializing? false,entries: size=1, first=(t:1, i:4), METADATAENTRY(c:3)
2024-10-16 23:57:19,104 DEBUG server.RaftServer$Division (RaftServerImpl.java:logAppendEntries(1549)) - s12@group-C02387408FFC: appendEntries* reply s11<-s12#4874:OK-t1,SUCCESS,nextIndex=5,followerCommit=3,matchIndex=4
2024-10-16 23:57:19,104 DEBUG server.RaftServer$Division (RaftServerImpl.java:logAppendEntries(1549)) - s13@group-C02387408FFC: appendEntries* reply s11<-s13#4875:OK-t1,SUCCESS,nextIndex=5,followerCommit=3,matchIndex=4
2024-10-16 23:57:19,104 DEBUG server.RaftServer$Division (RaftServerImpl.java:submitClientRequestAsync(920)) - s11@group-C02387408FFC: receive client request(RaftClientRequest:client-8D5E9047489D->s11@group-C02387408FFC, cid=4876, seq=null, RW, Message:01016304010300040201...(size=17))
2024-10-16 23:57:19,105 DEBUG server.RaftServer$Division (LeaderStateImpl.java:addPendingRequest(529)) - s11@group-C02387408FFC-LeaderStateImpl: addPendingRequest at RaftClientRequest:client-8D5E9047489D->s11@group-C02387408FFC, cid=4876, seq=null, RW, Message:01016304010300040201...(size=17), entry=(t:1, i:5), STATEMACHINELOGENTRY, WRITE: logData.size=17, stateMachineData.size=0, logEntryProtoSerializedSize=0
2024-10-16 23:57:19,105 DEBUG server.RaftServer$Division (RaftServerImpl.java:logAppendEntries(1549)) - s13@group-C02387408FFC: appendEntries* s11->s13#4878-t1,previous=(t:1, i:4),leaderCommit=4,initializing? false,entries: size=1, first=(t:1, i:5), STATEMACHINELOGENTRY, StateMachineLogEntryProto:4876@client-8D5E9047489D
2024-10-16 23:57:19,106 DEBUG server.RaftServer$Division (RaftServerImpl.java:logAppendEntries(1549)) - s12@group-C02387408FFC: appendEntries* s11->s12#4877-t1,previous=(t:1, i:4),leaderCommit=4,initializing? false,entries: size=1, first=(t:1, i:5), STATEMACHINELOGENTRY, StateMachineLogEntryProto:4876@client-8D5E9047489D
2024-10-16 23:57:19,106 DEBUG server.RaftServer$Division (RaftServerImpl.java:logAppendEntries(1549)) - s13@group-C02387408FFC: appendEntries* reply s11<-s13#4878:OK-t1,SUCCESS,nextIndex=6,followerCommit=4,matchIndex=5
2024-10-16 23:57:19,106 INFO  statemachine.StateMachine (ArithmeticStateMachine.java:applyTransaction(181)) - LEADER:s11-5: c = √(a^2 + b^2) = 265
2024-10-16 23:57:19,106 DEBUG server.RaftServer$Division (RaftServerImpl.java:logAppendEntries(1549)) - s12@group-C02387408FFC: appendEntries* reply s11<-s12#4877:OK-t1,SUCCESS,nextIndex=6,followerCommit=4,matchIndex=5
2024-10-16 23:57:19,106 DEBUG server.RaftServer$Division (RaftServerImpl.java:logAppendEntries(1549)) - s13@group-C02387408FFC: appendEntries* s11->s13#4879-t1,previous=(t:1, i:5),leaderCommit=5,initializing? false,entries: size=1, first=(t:1, i:6), METADATAENTRY(c:5)
2024-10-16 23:57:19,107 DEBUG server.RaftServer$Division (RaftServerImpl.java:logAppendEntries(1549)) - s13@group-C02387408FFC: appendEntries* reply s11<-s13#4879:OK-t1,SUCCESS,nextIndex=7,followerCommit=5,matchIndex=6
2024-10-16 23:57:19,107 DEBUG server.RaftServer$Division (RaftServerImpl.java:logAppendEntries(1549)) - s12@group-C02387408FFC: appendEntries* s11->s12#4880-t1,previous=(t:1, i:5),leaderCommit=5,initializing? false,entries: size=1, first=(t:1, i:6), METADATAENTRY(c:5)
2024-10-16 23:57:19,107 DEBUG server.RaftServer$Division (RaftServerImpl.java:logAppendEntries(1549)) - s12@group-C02387408FFC: appendEntries* reply s11<-s12#4880:OK-t1,SUCCESS,nextIndex=7,followerCommit=5,matchIndex=6
2024-10-16 23:57:19,109 DEBUG server.RaftServer$Division (RaftServerImpl.java:submitClientRequestAsync(920)) - s11@group-C02387408FFC: receive client request(RaftClientRequest:client-8D5E9047489D->s11@group-C02387408FFC, cid=4881, seq=null, RW, Message:01016100)
2024-10-16 23:57:19,109 DEBUG server.RaftServer$Division (LeaderStateImpl.java:addPendingRequest(529)) - s11@group-C02387408FFC-LeaderStateImpl: addPendingRequest at RaftClientRequest:client-8D5E9047489D->s11@group-C02387408FFC, cid=4881, seq=null, RW, Message:01016100, entry=(t:1, i:7), STATEMACHINELOGENTRY, WRITE: logData.size=4, stateMachineData.size=0, logEntryProtoSerializedSize=0
2024-10-16 23:57:19,110 DEBUG server.RaftServer$Division (RaftServerImpl.java:logAppendEntries(1549)) - s13@group-C02387408FFC: appendEntries* s11->s13#4882-t1,previous=(t:1, i:6),leaderCommit=6,initializing? false,entries: size=1, first=(t:1, i:7), STATEMACHINELOGENTRY, StateMachineLogEntryProto:4881@client-8D5E9047489D
2024-10-16 23:57:19,110 DEBUG server.RaftServer$Division (RaftServerImpl.java:logAppendEntries(1549)) - s12@group-C02387408FFC: appendEntries* s11->s12#4883-t1,previous=(t:1, i:6),leaderCommit=6,initializing? false,entries: size=1, first=(t:1, i:7), STATEMACHINELOGENTRY, StateMachineLogEntryProto:4881@client-8D5E9047489D
2024-10-16 23:57:19,111 DEBUG server.RaftServer$Division (RaftServerImpl.java:logAppendEntries(1549)) - s13@group-C02387408FFC: appendEntries* reply s11<-s13#4882:OK-t1,SUCCESS,nextIndex=8,followerCommit=6,matchIndex=7
2024-10-16 23:57:19,111 INFO  statemachine.StateMachine (ArithmeticStateMachine.java:applyTransaction(181)) - LEADER:s11-7: a = null = null
2024-10-16 23:57:19,111 DEBUG server.RaftServer$Division (RaftServerImpl.java:logAppendEntries(1549)) - s13@group-C02387408FFC: appendEntries* s11->s13#4884-t1,previous=(t:1, i:7),leaderCommit=7,initializing? false,entries: size=1, first=(t:1, i:8), METADATAENTRY(c:7)
2024-10-16 23:57:19,111 DEBUG server.RaftServer$Division (RaftServerImpl.java:logAppendEntries(1549)) - s12@group-C02387408FFC: appendEntries* reply s11<-s12#4883:OK-t1,SUCCESS,nextIndex=8,followerCommit=6,matchIndex=7
2024-10-16 23:57:19,112 DEBUG server.RaftServer$Division (RaftServerImpl.java:logAppendEntries(1549)) - s13@group-C02387408FFC: appendEntries* reply s11<-s13#4884:OK-t1,SUCCESS,nextIndex=9,followerCommit=7,matchIndex=8
2024-10-16 23:57:19,112 DEBUG server.RaftServer$Division (RaftServerImpl.java:logAppendEntries(1549)) - s12@group-C02387408FFC: appendEntries* s11->s12#4885-t1,previous=(t:1, i:7),leaderCommit=7,initializing? false,entries: size=1, first=(t:1, i:8), METADATAENTRY(c:7)
2024-10-16 23:57:19,113 DEBUG server.RaftServer$Division (RaftServerImpl.java:logAppendEntries(1549)) - s12@group-C02387408FFC: appendEntries* reply s11<-s12#4885:OK-t1,SUCCESS,nextIndex=9,followerCommit=7,matchIndex=8
2024-10-16 23:57:19,117 DEBUG server.RaftServer$Division (RaftServerImpl.java:submitClientRequestAsync(920)) - s11@group-C02387408FFC: receive client request(RaftClientRequest:client-8D5E9047489D->s11@group-C02387408FFC, cid=4886, seq=null, RW, Message:01016200)
2024-10-16 23:57:19,117 DEBUG server.RaftServer$Division (LeaderStateImpl.java:addPendingRequest(529)) - s11@group-C02387408FFC-LeaderStateImpl: addPendingRequest at RaftClientRequest:client-8D5E9047489D->s11@group-C02387408FFC, cid=4886, seq=null, RW, Message:01016200, entry=(t:1, i:9), STATEMACHINELOGENTRY, WRITE: logData.size=4, stateMachineData.size=0, logEntryProtoSerializedSize=0
2024-10-16 23:57:19,117 DEBUG server.RaftServer$Division (RaftServerImpl.java:logAppendEntries(1549)) - s13@group-C02387408FFC: appendEntries* s11->s13#4887-t1,previous=(t:1, i:8),leaderCommit=8,initializing? false,entries: size=1, first=(t:1, i:9), STATEMACHINELOGENTRY, StateMachineLogEntryProto:4886@client-8D5E9047489D
2024-10-16 23:57:19,118 DEBUG server.RaftServer$Division (RaftServerImpl.java:logAppendEntries(1549)) - s12@group-C02387408FFC: appendEntries* s11->s12#4888-t1,previous=(t:1, i:8),leaderCommit=8,initializing? false,entries: size=1, first=(t:1, i:9), STATEMACHINELOGENTRY, StateMachineLogEntryProto:4886@client-8D5E9047489D
2024-10-16 23:57:19,118 DEBUG server.RaftServer$Division (RaftServerImpl.java:logAppendEntries(1549)) - s13@group-C02387408FFC: appendEntries* reply s11<-s13#4887:OK-t1,SUCCESS,nextIndex=10,followerCommit=8,matchIndex=9
2024-10-16 23:57:19,118 DEBUG server.RaftServer$Division (RaftServerImpl.java:logAppendEntries(1549)) - s12@group-C02387408FFC: appendEntries* reply s11<-s12#4888:OK-t1,SUCCESS,nextIndex=10,followerCommit=8,matchIndex=9
2024-10-16 23:57:19,118 INFO  statemachine.StateMachine (ArithmeticStateMachine.java:applyTransaction(181)) - LEADER:s11-9: b = null = null
2024-10-16 23:57:19,119 DEBUG server.RaftServer$Division (RaftServerImpl.java:logAppendEntries(1549)) - s13@group-C02387408FFC: appendEntries* s11->s13#4889-t1,previous=(t:1, i:9),leaderCommit=9,initializing? false,entries: size=1, first=(t:1, i:10), METADATAENTRY(c:9)
2024-10-16 23:57:19,119 DEBUG server.RaftServer$Division (RaftServerImpl.java:logAppendEntries(1549)) - s12@group-C02387408FFC: appendEntries* s11->s12#4890-t1,previous=(t:1, i:9),leaderCommit=9,initializing? false,entries: size=1, first=(t:1, i:10), METADATAENTRY(c:9)
2024-10-16 23:57:19,119 DEBUG server.RaftServer$Division (RaftServerImpl.java:logAppendEntries(1549)) - s13@group-C02387408FFC: appendEntries* reply s11<-s13#4889:OK-t1,SUCCESS,nextIndex=11,followerCommit=9,matchIndex=10
2024-10-16 23:57:19,119 DEBUG server.RaftServer$Division (RaftServerImpl.java:logAppendEntries(1549)) - s12@group-C02387408FFC: appendEntries* reply s11<-s12#4890:OK-t1,SUCCESS,nextIndex=11,followerCommit=9,matchIndex=10
2024-10-16 23:57:19,119 DEBUG server.RaftServer$Division (RaftServerImpl.java:submitClientRequestAsync(920)) - s11@group-C02387408FFC: receive client request(RaftClientRequest:client-8D5E9047489D->s11@group-C02387408FFC, cid=4891, seq=null, RW, Message:01016300)
2024-10-16 23:57:19,120 DEBUG server.RaftServer$Division (LeaderStateImpl.java:addPendingRequest(529)) - s11@group-C02387408FFC-LeaderStateImpl: addPendingRequest at RaftClientRequest:client-8D5E9047489D->s11@group-C02387408FFC, cid=4891, seq=null, RW, Message:01016300, entry=(t:1, i:11), STATEMACHINELOGENTRY, WRITE: logData.size=4, stateMachineData.size=0, logEntryProtoSerializedSize=0
2024-10-16 23:57:19,120 DEBUG server.RaftServer$Division (RaftServerImpl.java:logAppendEntries(1549)) - s13@group-C02387408FFC: appendEntries* s11->s13#4892-t1,previous=(t:1, i:10),leaderCommit=10,initializing? false,entries: size=1, first=(t:1, i:11), STATEMACHINELOGENTRY, StateMachineLogEntryProto:4891@client-8D5E9047489D
2024-10-16 23:57:19,120 DEBUG server.RaftServer$Division (RaftServerImpl.java:logAppendEntries(1549)) - s12@group-C02387408FFC: appendEntries* s11->s12#4893-t1,previous=(t:1, i:10),leaderCommit=10,initializing? false,entries: size=1, first=(t:1, i:11), STATEMACHINELOGENTRY, StateMachineLogEntryProto:4891@client-8D5E9047489D
2024-10-16 23:57:19,120 DEBUG server.RaftServer$Division (RaftServerImpl.java:logAppendEntries(1549)) - s13@group-C02387408FFC: appendEntries* reply s11<-s13#4892:OK-t1,SUCCESS,nextIndex=12,followerCommit=10,matchIndex=11
2024-10-16 23:57:19,121 INFO  statemachine.StateMachine (ArithmeticStateMachine.java:applyTransaction(181)) - LEADER:s11-11: c = null = null
2024-10-16 23:57:19,121 DEBUG server.RaftServer$Division (RaftServerImpl.java:logAppendEntries(1549)) - s12@group-C02387408FFC: appendEntries* reply s11<-s12#4893:OK-t1,SUCCESS,nextIndex=12,followerCommit=10,matchIndex=11
2024-10-16 23:57:19,121 DEBUG server.RaftServer$Division (RaftServerImpl.java:logAppendEntries(1549)) - s13@group-C02387408FFC: appendEntries* s11->s13#4894-t1,previous=(t:1, i:11),leaderCommit=11,initializing? false,entries: size=1, first=(t:1, i:12), METADATAENTRY(c:11)
2024-10-16 23:57:19,122 DEBUG server.RaftServer$Division (RaftServerImpl.java:logAppendEntries(1549)) - s12@group-C02387408FFC: appendEntries* s11->s12#4895-t1,previous=(t:1, i:11),leaderCommit=11,initializing? false,entries: size=1, first=(t:1, i:12), METADATAENTRY(c:11)
2024-10-16 23:57:19,122 DEBUG server.RaftServer$Division (RaftServerImpl.java:logAppendEntries(1549)) - s13@group-C02387408FFC: appendEntries* reply s11<-s13#4894:OK-t1,SUCCESS,nextIndex=13,followerCommit=11,matchIndex=12
2024-10-16 23:57:19,122 DEBUG server.RaftServer$Division (RaftServerImpl.java:logAppendEntries(1549)) - s12@group-C02387408FFC: appendEntries* reply s11<-s12#4895:OK-t1,SUCCESS,nextIndex=13,followerCommit=11,matchIndex=12
2024-10-16 23:57:19,125 DEBUG server.RaftServer$Division (RaftServerImpl.java:submitClientRequestAsync(920)) - s11@group-C02387408FFC: receive client request(RaftClientRequest:client-8D5E9047489D->s11@group-C02387408FFC, cid=4896, seq=null, RW, Message:01016102403900000000...(size=12))
2024-10-16 23:57:19,125 DEBUG server.RaftServer$Division (LeaderStateImpl.java:addPendingRequest(529)) - s11@group-C02387408FFC-LeaderStateImpl: addPendingRequest at RaftClientRequest:client-8D5E9047489D->s11@group-C02387408FFC, cid=4896, seq=null, RW, Message:01016102403900000000...(size=12), entry=(t:1, i:13), STATEMACHINELOGENTRY, WRITE: logData.size=12, stateMachineData.size=0, logEntryProtoSerializedSize=0
2024-10-16 23:57:19,126 DEBUG server.RaftServer$Division (RaftServerImpl.java:logAppendEntries(1549)) - s13@group-C02387408FFC: appendEntries* s11->s13#4897-t1,previous=(t:1, i:12),leaderCommit=12,initializing? false,entries: size=1, first=(t:1, i:13), STATEMACHINELOGENTRY, StateMachineLogEntryProto:4896@client-8D5E9047489D
2024-10-16 23:57:19,126 DEBUG server.RaftServer$Division (RaftServerImpl.java:logAppendEntries(1549)) - s12@group-C02387408FFC: appendEntries* s11->s12#4898-t1,previous=(t:1, i:12),leaderCommit=12,initializing? false,entries: size=1, first=(t:1, i:13), STATEMACHINELOGENTRY, StateMachineLogEntryProto:4896@client-8D5E9047489D
2024-10-16 23:57:19,126 DEBUG server.RaftServer$Division (RaftServerImpl.java:logAppendEntries(1549)) - s13@group-C02387408FFC: appendEntries* reply s11<-s13#4897:OK-t1,SUCCESS,nextIndex=14,followerCommit=12,matchIndex=13
2024-10-16 23:57:19,127 INFO  statemachine.StateMachine (ArithmeticStateMachine.java:applyTransaction(181)) - LEADER:s11-13: a = 25 = 25
2024-10-16 23:57:19,127 DEBUG server.RaftServer$Division (RaftServerImpl.java:logAppendEntries(1549)) - s12@group-C02387408FFC: appendEntries* reply s11<-s12#4898:OK-t1,SUCCESS,nextIndex=14,followerCommit=12,matchIndex=13
2024-10-16 23:57:19,127 DEBUG server.RaftServer$Division (RaftServerImpl.java:logAppendEntries(1549)) - s13@group-C02387408FFC: appendEntries* s11->s13#4899-t1,previous=(t:1, i:13),leaderCommit=13,initializing? false,entries: size=1, first=(t:1, i:14), METADATAENTRY(c:13)
2024-10-16 23:57:19,128 DEBUG server.RaftServer$Division (RaftServerImpl.java:logAppendEntries(1549)) - s13@group-C02387408FFC: appendEntries* reply s11<-s13#4899:OK-t1,SUCCESS,nextIndex=15,followerCommit=13,matchIndex=14
2024-10-16 23:57:19,128 DEBUG server.RaftServer$Division (RaftServerImpl.java:logAppendEntries(1549)) - s12@group-C02387408FFC: appendEntries* s11->s12#4900-t1,previous=(t:1, i:13),leaderCommit=13,initializing? false,entries: size=1, first=(t:1, i:14), METADATAENTRY(c:13)
2024-10-16 23:57:19,129 DEBUG server.RaftServer$Division (RaftServerImpl.java:logAppendEntries(1549)) - s12@group-C02387408FFC: appendEntries* reply s11<-s12#4900:OK-t1,SUCCESS,nextIndex=15,followerCommit=13,matchIndex=14
2024-10-16 23:57:19,129 DEBUG server.RaftServer$Division (RaftServerImpl.java:submitClientRequestAsync(920)) - s11@group-C02387408FFC: receive client request(RaftClientRequest:client-8D5E9047489D->s11@group-C02387408FFC, cid=4901, seq=null, RW, Message:01016202407380000000...(size=12))
2024-10-16 23:57:19,129 DEBUG server.RaftServer$Division (LeaderStateImpl.java:addPendingRequest(529)) - s11@group-C02387408FFC-LeaderStateImpl: addPendingRequest at RaftClientRequest:client-8D5E9047489D->s11@group-C02387408FFC, cid=4901, seq=null, RW, Message:01016202407380000000...(size=12), entry=(t:1, i:15), STATEMACHINELOGENTRY, WRITE: logData.size=12, stateMachineData.size=0, logEntryProtoSerializedSize=0
2024-10-16 23:57:19,130 DEBUG server.RaftServer$Division (RaftServerImpl.java:logAppendEntries(1549)) - s13@group-C02387408FFC: appendEntries* s11->s13#4902-t1,previous=(t:1, i:14),leaderCommit=14,initializing? false,entries: size=1, first=(t:1, i:15), STATEMACHINELOGENTRY, StateMachineLogEntryProto:4901@client-8D5E9047489D
2024-10-16 23:57:19,131 DEBUG server.RaftServer$Division (RaftServerImpl.java:logAppendEntries(1549)) - s13@group-C02387408FFC: appendEntries* reply s11<-s13#4902:OK-t1,SUCCESS,nextIndex=16,followerCommit=14,matchIndex=15
2024-10-16 23:57:19,131 DEBUG server.RaftServer$Division (RaftServerImpl.java:logAppendEntries(1549)) - s12@group-C02387408FFC: appendEntries* s11->s12#4903-t1,previous=(t:1, i:14),leaderCommit=14,initializing? false,entries: size=1, first=(t:1, i:15), STATEMACHINELOGENTRY, StateMachineLogEntryProto:4901@client-8D5E9047489D
2024-10-16 23:57:19,131 INFO  statemachine.StateMachine (ArithmeticStateMachine.java:applyTransaction(181)) - LEADER:s11-15: b = 312 = 312
2024-10-16 23:57:19,131 DEBUG server.RaftServer$Division (RaftServerImpl.java:logAppendEntries(1549)) - s12@group-C02387408FFC: appendEntries* reply s11<-s12#4903:OK-t1,SUCCESS,nextIndex=16,followerCommit=14,matchIndex=15
2024-10-16 23:57:19,132 DEBUG server.RaftServer$Division (RaftServerImpl.java:logAppendEntries(1549)) - s12@group-C02387408FFC: appendEntries* s11->s12#4905-t1,previous=(t:1, i:15),leaderCommit=15,initializing? false,entries: size=1, first=(t:1, i:16), METADATAENTRY(c:15)
2024-10-16 23:57:19,132 DEBUG server.RaftServer$Division (RaftServerImpl.java:logAppendEntries(1549)) - s13@group-C02387408FFC: appendEntries* s11->s13#4904-t1,previous=(t:1, i:15),leaderCommit=15,initializing? false,entries: size=1, first=(t:1, i:16), METADATAENTRY(c:15)
2024-10-16 23:57:19,132 DEBUG server.RaftServer$Division (RaftServerImpl.java:logAppendEntries(1549)) - s13@group-C02387408FFC: appendEntries* reply s11<-s13#4904:OK-t1,SUCCESS,nextIndex=17,followerCommit=15,matchIndex=16
2024-10-16 23:57:19,132 DEBUG server.RaftServer$Division (RaftServerImpl.java:logAppendEntries(1549)) - s12@group-C02387408FFC: appendEntries* reply s11<-s12#4905:OK-t1,SUCCESS,nextIndex=17,followerCommit=15,matchIndex=16
2024-10-16 23:57:19,132 DEBUG server.RaftServer$Division (RaftServerImpl.java:submitClientRequestAsync(920)) - s11@group-C02387408FFC: receive client request(RaftClientRequest:client-8D5E9047489D->s11@group-C02387408FFC, cid=4906, seq=null, RW, Message:01016304010300040201...(size=17))
2024-10-16 23:57:19,133 DEBUG server.RaftServer$Division (LeaderStateImpl.java:addPendingRequest(529)) - s11@group-C02387408FFC-LeaderStateImpl: addPendingRequest at RaftClientRequest:client-8D5E9047489D->s11@group-C02387408FFC, cid=4906, seq=null, RW, Message:01016304010300040201...(size=17), entry=(t:1, i:17), STATEMACHINELOGENTRY, WRITE: logData.size=17, stateMachineData.size=0, logEntryProtoSerializedSize=0
2024-10-16 23:57:19,134 DEBUG server.RaftServer$Division (RaftServerImpl.java:logAppendEntries(1549)) - s13@group-C02387408FFC: appendEntries* s11->s13#4907-t1,previous=(t:1, i:16),leaderCommit=16,initializing? false,entries: size=1, first=(t:1, i:17), STATEMACHINELOGENTRY, StateMachineLogEntryProto:4906@client-8D5E9047489D
2024-10-16 23:57:19,134 DEBUG server.RaftServer$Division (RaftServerImpl.java:logAppendEntries(1549)) - s12@group-C02387408FFC: appendEntries* s11->s12#4908-t1,previous=(t:1, i:16),leaderCommit=16,initializing? false,entries: size=1, first=(t:1, i:17), STATEMACHINELOGENTRY, StateMachineLogEntryProto:4906@client-8D5E9047489D
2024-10-16 23:57:19,134 DEBUG server.RaftServer$Division (RaftServerImpl.java:logAppendEntries(1549)) - s13@group-C02387408FFC: appendEntries* reply s11<-s13#4907:OK-t1,SUCCESS,nextIndex=18,followerCommit=16,matchIndex=17
2024-10-16 23:57:19,135 DEBUG server.RaftServer$Division (RaftServerImpl.java:logAppendEntries(1549)) - s12@group-C02387408FFC: appendEntries* reply s11<-s12#4908:OK-t1,SUCCESS,nextIndex=18,followerCommit=16,matchIndex=17
2024-10-16 23:57:19,135 INFO  statemachine.StateMachine (ArithmeticStateMachine.java:applyTransaction(181)) - LEADER:s11-17: c = √(a^2 + b^2) = 313
2024-10-16 23:57:19,135 DEBUG server.RaftServer$Division (RaftServerImpl.java:logAppendEntries(1549)) - s13@group-C02387408FFC: appendEntries* s11->s13#4909-t1,previous=(t:1, i:17),leaderCommit=17,initializing? false,entries: size=1, first=(t:1, i:18), METADATAENTRY(c:17)
2024-10-16 23:57:19,135 DEBUG server.RaftServer$Division (RaftServerImpl.java:logAppendEntries(1549)) - s12@group-C02387408FFC: appendEntries* s11->s12#4910-t1,previous=(t:1, i:17),leaderCommit=17,initializing? false,entries: size=1, first=(t:1, i:18), METADATAENTRY(c:17)
2024-10-16 23:57:19,136 DEBUG server.RaftServer$Division (RaftServerImpl.java:logAppendEntries(1549)) - s13@group-C02387408FFC: appendEntries* reply s11<-s13#4909:OK-t1,SUCCESS,nextIndex=19,followerCommit=17,matchIndex=18
2024-10-16 23:57:19,136 DEBUG server.RaftServer$Division (RaftServerImpl.java:logAppendEntries(1549)) - s12@group-C02387408FFC: appendEntries* reply s11<-s12#4910:OK-t1,SUCCESS,nextIndex=19,followerCommit=17,matchIndex=18
2024-10-16 23:57:19,136 DEBUG server.RaftServer$Division (RaftServerImpl.java:submitClientRequestAsync(920)) - s11@group-C02387408FFC: receive client request(RaftClientRequest:client-8D5E9047489D->s11@group-C02387408FFC, cid=4911, seq=null, RW, Message:01016100)
2024-10-16 23:57:19,137 DEBUG server.RaftServer$Division (LeaderStateImpl.java:addPendingRequest(529)) - s11@group-C02387408FFC-LeaderStateImpl: addPendingRequest at RaftClientRequest:client-8D5E9047489D->s11@group-C02387408FFC, cid=4911, seq=null, RW, Message:01016100, entry=(t:1, i:19), STATEMACHINELOGENTRY, WRITE: logData.size=4, stateMachineData.size=0, logEntryProtoSerializedSize=0
2024-10-16 23:57:19,137 DEBUG server.RaftServer$Division (RaftServerImpl.java:logAppendEntries(1549)) - s13@group-C02387408FFC: appendEntries* s11->s13#4912-t1,previous=(t:1, i:18),leaderCommit=18,initializing? false,entries: size=1, first=(t:1, i:19), STATEMACHINELOGENTRY, StateMachineLogEntryProto:4911@client-8D5E9047489D
2024-10-16 23:57:19,137 DEBUG server.RaftServer$Division (RaftServerImpl.java:logAppendEntries(1549)) - s12@group-C02387408FFC: appendEntries* s11->s12#4913-t1,previous=(t:1, i:18),leaderCommit=18,initializing? false,entries: size=1, first=(t:1, i:19), STATEMACHINELOGENTRY, StateMachineLogEntryProto:4911@client-8D5E9047489D
2024-10-16 23:57:19,137 DEBUG server.RaftServer$Division (RaftServerImpl.java:logAppendEntries(1549)) - s13@group-C02387408FFC: appendEntries* reply s11<-s13#4912:OK-t1,SUCCESS,nextIndex=20,followerCommit=18,matchIndex=19
2024-10-16 23:57:19,138 INFO  statemachine.StateMachine (ArithmeticStateMachine.java:applyTransaction(181)) - LEADER:s11-19: a = null = null
2024-10-16 23:57:19,138 DEBUG server.RaftServer$Division (RaftServerImpl.java:logAppendEntries(1549)) - s12@group-C02387408FFC: appendEntries* reply s11<-s12#4913:OK-t1,SUCCESS,nextIndex=20,followerCommit=18,matchIndex=19
2024-10-16 23:57:19,138 DEBUG server.RaftServer$Division (RaftServerImpl.java:logAppendEntries(1549)) - s13@group-C02387408FFC: appendEntries* s11->s13#4914-t1,previous=(t:1, i:19),leaderCommit=19,initializing? false,entries: size=1, first=(t:1, i:20), METADATAENTRY(c:19)
2024-10-16 23:57:19,139 DEBUG server.RaftServer$Division (RaftServerImpl.java:logAppendEntries(1549)) - s13@group-C02387408FFC: appendEntries* reply s11<-s13#4914:OK-t1,SUCCESS,nextIndex=21,followerCommit=19,matchIndex=20
2024-10-16 23:57:19,139 DEBUG server.RaftServer$Division (RaftServerImpl.java:logAppendEntries(1549)) - s12@group-C02387408FFC: appendEntries* s11->s12#4915-t1,previous=(t:1, i:19),leaderCommit=19,initializing? false,entries: size=1, first=(t:1, i:20), METADATAENTRY(c:19)
2024-10-16 23:57:19,139 DEBUG server.RaftServer$Division (RaftServerImpl.java:logAppendEntries(1549)) - s12@group-C02387408FFC: appendEntries* reply s11<-s12#4915:OK-t1,SUCCESS,nextIndex=21,followerCommit=19,matchIndex=20
2024-10-16 23:57:19,140 DEBUG server.RaftServer$Division (RaftServerImpl.java:submitClientRequestAsync(920)) - s11@group-C02387408FFC: receive client request(RaftClientRequest:client-8D5E9047489D->s11@group-C02387408FFC, cid=4916, seq=null, RW, Message:01016200)
2024-10-16 23:57:19,140 DEBUG server.RaftServer$Division (LeaderStateImpl.java:addPendingRequest(529)) - s11@group-C02387408FFC-LeaderStateImpl: addPendingRequest at RaftClientRequest:client-8D5E9047489D->s11@group-C02387408FFC, cid=4916, seq=null, RW, Message:01016200, entry=(t:1, i:21), STATEMACHINELOGENTRY, WRITE: logData.size=4, stateMachineData.size=0, logEntryProtoSerializedSize=0
2024-10-16 23:57:19,140 DEBUG server.RaftServer$Division (RaftServerImpl.java:logAppendEntries(1549)) - s13@group-C02387408FFC: appendEntries* s11->s13#4917-t1,previous=(t:1, i:20),leaderCommit=20,initializing? false,entries: size=1, first=(t:1, i:21), STATEMACHINELOGENTRY, StateMachineLogEntryProto:4916@client-8D5E9047489D
2024-10-16 23:57:19,141 DEBUG server.RaftServer$Division (RaftServerImpl.java:logAppendEntries(1549)) - s12@group-C02387408FFC: appendEntries* s11->s12#4918-t1,previous=(t:1, i:20),leaderCommit=20,initializing? false,entries: size=1, first=(t:1, i:21), STATEMACHINELOGENTRY, StateMachineLogEntryProto:4916@client-8D5E9047489D
2024-10-16 23:57:19,141 DEBUG server.RaftServer$Division (RaftServerImpl.java:logAppendEntries(1549)) - s12@group-C02387408FFC: appendEntries* reply s11<-s12#4918:OK-t1,SUCCESS,nextIndex=22,followerCommit=20,matchIndex=21
2024-10-16 23:57:19,141 DEBUG server.RaftServer$Division (RaftServerImpl.java:logAppendEntries(1549)) - s13@group-C02387408FFC: appendEntries* reply s11<-s13#4917:OK-t1,SUCCESS,nextIndex=22,followerCommit=20,matchIndex=21
2024-10-16 23:57:19,141 INFO  statemachine.StateMachine (ArithmeticStateMachine.java:applyTransaction(181)) - LEADER:s11-21: b = null = null
2024-10-16 23:57:19,142 DEBUG server.RaftServer$Division (RaftServerImpl.java:logAppendEntries(1549)) - s13@group-C02387408FFC: appendEntries* s11->s13#4919-t1,previous=(t:1, i:21),leaderCommit=21,initializing? false,entries: size=1, first=(t:1, i:22), METADATAENTRY(c:21)
2024-10-16 23:57:19,142 DEBUG server.RaftServer$Division (RaftServerImpl.java:logAppendEntries(1549)) - s12@group-C02387408FFC: appendEntries* s11->s12#4920-t1,previous=(t:1, i:21),leaderCommit=21,initializing? false,entries: size=1, first=(t:1, i:22), METADATAENTRY(c:21)
2024-10-16 23:57:19,142 DEBUG server.RaftServer$Division (RaftServerImpl.java:logAppendEntries(1549)) - s13@group-C02387408FFC: appendEntries* reply s11<-s13#4919:OK-t1,SUCCESS,nextIndex=23,followerCommit=21,matchIndex=22
2024-10-16 23:57:19,143 DEBUG server.RaftServer$Division (RaftServerImpl.java:logAppendEntries(1549)) - s12@group-C02387408FFC: appendEntries* reply s11<-s12#4920:OK-t1,SUCCESS,nextIndex=23,followerCommit=21,matchIndex=22
2024-10-16 23:57:19,143 DEBUG server.RaftServer$Division (RaftServerImpl.java:submitClientRequestAsync(920)) - s11@group-C02387408FFC: receive client request(RaftClientRequest:client-8D5E9047489D->s11@group-C02387408FFC, cid=4921, seq=null, RW, Message:01016300)
2024-10-16 23:57:19,143 DEBUG server.RaftServer$Division (LeaderStateImpl.java:addPendingRequest(529)) - s11@group-C02387408FFC-LeaderStateImpl: addPendingRequest at RaftClientRequest:client-8D5E9047489D->s11@group-C02387408FFC, cid=4921, seq=null, RW, Message:01016300, entry=(t:1, i:23), STATEMACHINELOGENTRY, WRITE: logData.size=4, stateMachineData.size=0, logEntryProtoSerializedSize=0
2024-10-16 23:57:19,144 DEBUG server.RaftServer$Division (RaftServerImpl.java:logAppendEntries(1549)) - s13@group-C02387408FFC: appendEntries* s11->s13#4922-t1,previous=(t:1, i:22),leaderCommit=22,initializing? false,entries: size=1, first=(t:1, i:23), STATEMACHINELOGENTRY, StateMachineLogEntryProto:4921@client-8D5E9047489D
2024-10-16 23:57:19,144 DEBUG server.RaftServer$Division (RaftServerImpl.java:logAppendEntries(1549)) - s12@group-C02387408FFC: appendEntries* s11->s12#4923-t1,previous=(t:1, i:22),leaderCommit=22,initializing? false,entries: size=1, first=(t:1, i:23), STATEMACHINELOGENTRY, StateMachineLogEntryProto:4921@client-8D5E9047489D
2024-10-16 23:57:19,144 DEBUG server.RaftServer$Division (RaftServerImpl.java:logAppendEntries(1549)) - s13@group-C02387408FFC: appendEntries* reply s11<-s13#4922:OK-t1,SUCCESS,nextIndex=24,followerCommit=22,matchIndex=23
2024-10-16 23:57:19,144 DEBUG server.RaftServer$Division (RaftServerImpl.java:logAppendEntries(1549)) - s12@group-C02387408FFC: appendEntries* reply s11<-s12#4923:OK-t1,SUCCESS,nextIndex=24,followerCommit=22,matchIndex=23
2024-10-16 23:57:19,145 INFO  statemachine.StateMachine (ArithmeticStateMachine.java:applyTransaction(181)) - LEADER:s11-23: c = null = null
2024-10-16 23:57:19,145 DEBUG server.RaftServer$Division (RaftServerImpl.java:logAppendEntries(1549)) - s13@group-C02387408FFC: appendEntries* s11->s13#4924-t1,previous=(t:1, i:23),leaderCommit=23,initializing? false,entries: size=1, first=(t:1, i:24), METADATAENTRY(c:23)
2024-10-16 23:57:19,145 DEBUG server.RaftServer$Division (RaftServerImpl.java:logAppendEntries(1549)) - s12@group-C02387408FFC: appendEntries* s11->s12#4925-t1,previous=(t:1, i:23),leaderCommit=23,initializing? false,entries: size=1, first=(t:1, i:24), METADATAENTRY(c:23)
2024-10-16 23:57:19,145 DEBUG server.RaftServer$Division (RaftServerImpl.java:logAppendEntries(1549)) - s13@group-C02387408FFC: appendEntries* reply s11<-s13#4924:OK-t1,SUCCESS,nextIndex=25,followerCommit=23,matchIndex=24
2024-10-16 23:57:19,146 DEBUG server.RaftServer$Division (RaftServerImpl.java:logAppendEntries(1549)) - s12@group-C02387408FFC: appendEntries* reply s11<-s12#4925:OK-t1,SUCCESS,nextIndex=25,followerCommit=23,matchIndex=24
2024-10-16 23:57:19,146 DEBUG server.RaftServer$Division (RaftServerImpl.java:submitClientRequestAsync(920)) - s11@group-C02387408FFC: receive client request(RaftClientRequest:client-8D5E9047489D->s11@group-C02387408FFC, cid=4926, seq=null, RW, Message:01016102403b00000000...(size=12))
2024-10-16 23:57:19,146 DEBUG server.RaftServer$Division (LeaderStateImpl.java:addPendingRequest(529)) - s11@group-C02387408FFC-LeaderStateImpl: addPendingRequest at RaftClientRequest:client-8D5E9047489D->s11@group-C02387408FFC, cid=4926, seq=null, RW, Message:01016102403b00000000...(size=12), entry=(t:1, i:25), STATEMACHINELOGENTRY, WRITE: logData.size=12, stateMachineData.size=0, logEntryProtoSerializedSize=0
2024-10-16 23:57:19,147 DEBUG server.RaftServer$Division (RaftServerImpl.java:logAppendEntries(1549)) - s13@group-C02387408FFC: appendEntries* s11->s13#4928-t1,previous=(t:1, i:24),leaderCommit=24,initializing? false,entries: size=1, first=(t:1, i:25), STATEMACHINELOGENTRY, StateMachineLogEntryProto:4926@client-8D5E9047489D
2024-10-16 23:57:19,147 DEBUG server.RaftServer$Division (RaftServerImpl.java:logAppendEntries(1549)) - s12@group-C02387408FFC: appendEntries* s11->s12#4927-t1,previous=(t:1, i:24),leaderCommit=24,initializing? false,entries: size=1, first=(t:1, i:25), STATEMACHINELOGENTRY, StateMachineLogEntryProto:4926@client-8D5E9047489D
2024-10-16 23:57:19,147 DEBUG server.RaftServer$Division (RaftServerImpl.java:logAppendEntries(1549)) - s13@group-C02387408FFC: appendEntries* reply s11<-s13#4928:OK-t1,SUCCESS,nextIndex=26,followerCommit=24,matchIndex=25
2024-10-16 23:57:19,147 DEBUG server.RaftServer$Division (RaftServerImpl.java:logAppendEntries(1549)) - s12@group-C02387408FFC: appendEntries* reply s11<-s12#4927:OK-t1,SUCCESS,nextIndex=26,followerCommit=24,matchIndex=25
2024-10-16 23:57:19,148 INFO  statemachine.StateMachine (ArithmeticStateMachine.java:applyTransaction(181)) - LEADER:s11-25: a = 27 = 27
2024-10-16 23:57:19,148 DEBUG server.RaftServer$Division (RaftServerImpl.java:logAppendEntries(1549)) - s13@group-C02387408FFC: appendEntries* s11->s13#4930-t1,previous=(t:1, i:25),leaderCommit=25,initializing? false,entries: size=1, first=(t:1, i:26), METADATAENTRY(c:25)
2024-10-16 23:57:19,149 DEBUG server.RaftServer$Division (RaftServerImpl.java:logAppendEntries(1549)) - s12@group-C02387408FFC: appendEntries* s11->s12#4929-t1,previous=(t:1, i:25),leaderCommit=25,initializing? false,entries: size=1, first=(t:1, i:26), METADATAENTRY(c:25)
2024-10-16 23:57:19,149 DEBUG server.RaftServer$Division (RaftServerImpl.java:logAppendEntries(1549)) - s13@group-C02387408FFC: appendEntries* reply s11<-s13#4930:OK-t1,SUCCESS,nextIndex=27,followerCommit=25,matchIndex=26
2024-10-16 23:57:19,149 DEBUG server.RaftServer$Division (RaftServerImpl.java:submitClientRequestAsync(920)) - s11@group-C02387408FFC: receive client request(RaftClientRequest:client-8D5E9047489D->s11@group-C02387408FFC, cid=4931, seq=null, RW, Message:010162024076c0000000...(size=12))
2024-10-16 23:57:19,149 DEBUG server.RaftServer$Division (RaftServerImpl.java:logAppendEntries(1549)) - s12@group-C02387408FFC: appendEntries* reply s11<-s12#4929:OK-t1,SUCCESS,nextIndex=27,followerCommit=25,matchIndex=26
2024-10-16 23:57:19,150 DEBUG server.RaftServer$Division (LeaderStateImpl.java:addPendingRequest(529)) - s11@group-C02387408FFC-LeaderStateImpl: addPendingRequest at RaftClientRequest:client-8D5E9047489D->s11@group-C02387408FFC, cid=4931, seq=null, RW, Message:010162024076c0000000...(size=12), entry=(t:1, i:27), STATEMACHINELOGENTRY, WRITE: logData.size=12, stateMachineData.size=0, logEntryProtoSerializedSize=0
2024-10-16 23:57:19,150 DEBUG server.RaftServer$Division (RaftServerImpl.java:logAppendEntries(1549)) - s13@group-C02387408FFC: appendEntries* s11->s13#4932-t1,previous=(t:1, i:26),leaderCommit=26,initializing? false,entries: size=1, first=(t:1, i:27), STATEMACHINELOGENTRY, StateMachineLogEntryProto:4931@client-8D5E9047489D
2024-10-16 23:57:19,151 DEBUG server.RaftServer$Division (RaftServerImpl.java:logAppendEntries(1549)) - s12@group-C02387408FFC: appendEntries* s11->s12#4933-t1,previous=(t:1, i:26),leaderCommit=26,initializing? false,entries: size=1, first=(t:1, i:27), STATEMACHINELOGENTRY, StateMachineLogEntryProto:4931@client-8D5E9047489D
2024-10-16 23:57:19,151 DEBUG server.RaftServer$Division (RaftServerImpl.java:logAppendEntries(1549)) - s13@group-C02387408FFC: appendEntries* reply s11<-s13#4932:OK-t1,SUCCESS,nextIndex=28,followerCommit=26,matchIndex=27
2024-10-16 23:57:19,151 INFO  statemachine.StateMachine (ArithmeticStateMachine.java:applyTransaction(181)) - LEADER:s11-27: b = 364 = 364
2024-10-16 23:57:19,152 DEBUG server.RaftServer$Division (RaftServerImpl.java:logAppendEntries(1549)) - s13@group-C02387408FFC: appendEntries* s11->s13#4934-t1,previous=(t:1, i:27),leaderCommit=27,initializing? false,entries: size=1, first=(t:1, i:28), METADATAENTRY(c:27)
2024-10-16 23:57:19,152 DEBUG server.RaftServer$Division (RaftServerImpl.java:submitClientRequestAsync(920)) - s11@group-C02387408FFC: receive client request(RaftClientRequest:client-8D5E9047489D->s11@group-C02387408FFC, cid=4935, seq=null, RW, Message:01016304010300040201...(size=17))
2024-10-16 23:57:19,152 DEBUG server.RaftServer$Division (LeaderStateImpl.java:addPendingRequest(529)) - s11@group-C02387408FFC-LeaderStateImpl: addPendingRequest at RaftClientRequest:client-8D5E9047489D->s11@group-C02387408FFC, cid=4935, seq=null, RW, Message:01016304010300040201...(size=17), entry=(t:1, i:29), STATEMACHINELOGENTRY, WRITE: logData.size=17, stateMachineData.size=0, logEntryProtoSerializedSize=0
2024-10-16 23:57:19,152 DEBUG server.RaftServer$Division (RaftServerImpl.java:logAppendEntries(1549)) - s12@group-C02387408FFC: appendEntries* reply s11<-s12#4933:OK-t1,SUCCESS,nextIndex=28,followerCommit=26,matchIndex=27
2024-10-16 23:57:19,153 DEBUG server.RaftServer$Division (RaftServerImpl.java:logAppendEntries(1549)) - s13@group-C02387408FFC: appendEntries* reply s11<-s13#4934:OK-t1,SUCCESS,nextIndex=29,followerCommit=27,matchIndex=28
2024-10-16 23:57:19,153 DEBUG server.RaftServer$Division (RaftServerImpl.java:logAppendEntries(1549)) - s12@group-C02387408FFC: appendEntries* s11->s12#4936-t1,previous=(t:1, i:27),leaderCommit=27,initializing? false,entries: size=2, first=(t:1, i:28), METADATAENTRY(c:27)
2024-10-16 23:57:19,154 DEBUG server.RaftServer$Division (RaftServerImpl.java:logAppendEntries(1549)) - s13@group-C02387408FFC: appendEntries* s11->s13#4937-t1,previous=(t:1, i:28),leaderCommit=27,initializing? false,entries: size=1, first=(t:1, i:29), STATEMACHINELOGENTRY, StateMachineLogEntryProto:4935@client-8D5E9047489D
2024-10-16 23:57:19,154 DEBUG server.RaftServer$Division (RaftServerImpl.java:logAppendEntries(1549)) - s13@group-C02387408FFC: appendEntries* reply s11<-s13#4937:OK-t1,SUCCESS,nextIndex=30,followerCommit=27,matchIndex=29
2024-10-16 23:57:19,154 DEBUG server.RaftServer$Division (RaftServerImpl.java:logAppendEntries(1549)) - s12@group-C02387408FFC: appendEntries* reply s11<-s12#4936:OK-t1,SUCCESS,nextIndex=30,followerCommit=27,matchIndex=29
2024-10-16 23:57:19,157 DEBUG server.RaftServer$Division (RaftServerImpl.java:logAppendEntries(1549)) - s13@group-C02387408FFC: appendEntries* s11->s13#4938-t1,previous=(t:1, i:29),leaderCommit=29,initializing? false,entries: size=1, first=(t:1, i:30), METADATAENTRY(c:29)
2024-10-16 23:57:19,157 INFO  statemachine.StateMachine (ArithmeticStateMachine.java:applyTransaction(181)) - LEADER:s11-29: c = √(a^2 + b^2) = 365
2024-10-16 23:57:19,158 DEBUG server.RaftServer$Division (RaftServerImpl.java:logAppendEntries(1549)) - s12@group-C02387408FFC: appendEntries* s11->s12#4939-t1,previous=(t:1, i:29),leaderCommit=29,initializing? false,entries: size=1, first=(t:1, i:30), METADATAENTRY(c:29)
2024-10-16 23:57:19,158 DEBUG server.RaftServer$Division (RaftServerImpl.java:logAppendEntries(1549)) - s13@group-C02387408FFC: appendEntries* reply s11<-s13#4938:OK-t1,SUCCESS,nextIndex=31,followerCommit=29,matchIndex=30
2024-10-16 23:57:19,158 DEBUG server.RaftServer$Division (RaftServerImpl.java:logAppendEntries(1549)) - s12@group-C02387408FFC: appendEntries* reply s11<-s12#4939:OK-t1,SUCCESS,nextIndex=31,followerCommit=29,matchIndex=30
2024-10-16 23:57:19,159 DEBUG server.RaftServer$Division (RaftServerImpl.java:submitClientRequestAsync(920)) - s11@group-C02387408FFC: receive client request(RaftClientRequest:client-8D5E9047489D->s11@group-C02387408FFC, cid=4940, seq=null, RW, Message:01016100)
2024-10-16 23:57:19,159 DEBUG server.RaftServer$Division (LeaderStateImpl.java:addPendingRequest(529)) - s11@group-C02387408FFC-LeaderStateImpl: addPendingRequest at RaftClientRequest:client-8D5E9047489D->s11@group-C02387408FFC, cid=4940, seq=null, RW, Message:01016100, entry=(t:1, i:31), STATEMACHINELOGENTRY, WRITE: logData.size=4, stateMachineData.size=0, logEntryProtoSerializedSize=0
2024-10-16 23:57:19,159 DEBUG server.RaftServer$Division (RaftServerImpl.java:logAppendEntries(1549)) - s12@group-C02387408FFC: appendEntries* s11->s12#4942-t1,previous=(t:1, i:30),leaderCommit=30,initializing? false,entries: size=1, first=(t:1, i:31), STATEMACHINELOGENTRY, StateMachineLogEntryProto:4940@client-8D5E9047489D
2024-10-16 23:57:19,159 DEBUG server.RaftServer$Division (RaftServerImpl.java:logAppendEntries(1549)) - s13@group-C02387408FFC: appendEntries* s11->s13#4941-t1,previous=(t:1, i:30),leaderCommit=30,initializing? false,entries: size=1, first=(t:1, i:31), STATEMACHINELOGENTRY, StateMachineLogEntryProto:4940@client-8D5E9047489D
2024-10-16 23:57:19,160 DEBUG server.RaftServer$Division (RaftServerImpl.java:logAppendEntries(1549)) - s12@group-C02387408FFC: appendEntries* reply s11<-s12#4942:OK-t1,SUCCESS,nextIndex=32,followerCommit=30,matchIndex=31
2024-10-16 23:57:19,160 INFO  statemachine.StateMachine (ArithmeticStateMachine.java:applyTransaction(181)) - LEADER:s11-31: a = null = null
2024-10-16 23:57:19,160 DEBUG server.RaftServer$Division (RaftServerImpl.java:logAppendEntries(1549)) - s13@group-C02387408FFC: appendEntries* reply s11<-s13#4941:OK-t1,SUCCESS,nextIndex=32,followerCommit=30,matchIndex=31
2024-10-16 23:57:19,161 DEBUG server.RaftServer$Division (RaftServerImpl.java:logAppendEntries(1549)) - s12@group-C02387408FFC: appendEntries* s11->s12#4943-t1,previous=(t:1, i:31),leaderCommit=31,initializing? false,entries: size=1, first=(t:1, i:32), METADATAENTRY(c:31)
2024-10-16 23:57:19,161 DEBUG server.RaftServer$Division (RaftServerImpl.java:submitClientRequestAsync(920)) - s11@group-C02387408FFC: receive client request(RaftClientRequest:client-8D5E9047489D->s11@group-C02387408FFC, cid=4944, seq=null, RW, Message:01016200)
2024-10-16 23:57:19,161 DEBUG server.RaftServer$Division (RaftServerImpl.java:logAppendEntries(1549)) - s13@group-C02387408FFC: appendEntries* s11->s13#4945-t1,previous=(t:1, i:31),leaderCommit=31,initializing? false,entries: size=1, first=(t:1, i:32), METADATAENTRY(c:31)
2024-10-16 23:57:19,161 DEBUG server.RaftServer$Division (LeaderStateImpl.java:addPendingRequest(529)) - s11@group-C02387408FFC-LeaderStateImpl: addPendingRequest at RaftClientRequest:client-8D5E9047489D->s11@group-C02387408FFC, cid=4944, seq=null, RW, Message:01016200, entry=(t:1, i:33), STATEMACHINELOGENTRY, WRITE: logData.size=4, stateMachineData.size=0, logEntryProtoSerializedSize=0
2024-10-16 23:57:19,161 DEBUG server.RaftServer$Division (RaftServerImpl.java:logAppendEntries(1549)) - s12@group-C02387408FFC: appendEntries* reply s11<-s12#4943:OK-t1,SUCCESS,nextIndex=33,followerCommit=31,matchIndex=32
2024-10-16 23:57:19,162 DEBUG server.RaftServer$Division (RaftServerImpl.java:logAppendEntries(1549)) - s13@group-C02387408FFC: appendEntries* reply s11<-s13#4945:OK-t1,SUCCESS,nextIndex=33,followerCommit=31,matchIndex=32
2024-10-16 23:57:19,162 DEBUG server.RaftServer$Division (RaftServerImpl.java:logAppendEntries(1549)) - s12@group-C02387408FFC: appendEntries* s11->s12#4946-t1,previous=(t:1, i:32),leaderCommit=31,initializing? false,entries: size=1, first=(t:1, i:33), STATEMACHINELOGENTRY, StateMachineLogEntryProto:4944@client-8D5E9047489D
2024-10-16 23:57:19,162 DEBUG server.RaftServer$Division (RaftServerImpl.java:logAppendEntries(1549)) - s13@group-C02387408FFC: appendEntries* s11->s13#4947-t1,previous=(t:1, i:32),leaderCommit=32,initializing? false,entries: size=1, first=(t:1, i:33), STATEMACHINELOGENTRY, StateMachineLogEntryProto:4944@client-8D5E9047489D
2024-10-16 23:57:19,163 DEBUG server.RaftServer$Division (RaftServerImpl.java:logAppendEntries(1549)) - s12@group-C02387408FFC: appendEntries* reply s11<-s12#4946:OK-t1,SUCCESS,nextIndex=34,followerCommit=31,matchIndex=33
2024-10-16 23:57:19,163 INFO  statemachine.StateMachine (ArithmeticStateMachine.java:applyTransaction(181)) - LEADER:s11-33: b = null = null
2024-10-16 23:57:19,163 DEBUG server.RaftServer$Division (RaftServerImpl.java:logAppendEntries(1549)) - s13@group-C02387408FFC: appendEntries* reply s11<-s13#4947:OK-t1,SUCCESS,nextIndex=34,followerCommit=32,matchIndex=33
2024-10-16 23:57:19,163 DEBUG server.RaftServer$Division (RaftServerImpl.java:submitClientRequestAsync(920)) - s11@group-C02387408FFC: receive client request(RaftClientRequest:client-8D5E9047489D->s11@group-C02387408FFC, cid=4949, seq=null, RW, Message:01016300)
2024-10-16 23:57:19,164 DEBUG server.RaftServer$Division (RaftServerImpl.java:logAppendEntries(1549)) - s12@group-C02387408FFC: appendEntries* s11->s12#4948-t1,previous=(t:1, i:33),leaderCommit=33,initializing? false,entries: size=1, first=(t:1, i:34), METADATAENTRY(c:33)
2024-10-16 23:57:19,164 DEBUG server.RaftServer$Division (LeaderStateImpl.java:addPendingRequest(529)) - s11@group-C02387408FFC-LeaderStateImpl: addPendingRequest at RaftClientRequest:client-8D5E9047489D->s11@group-C02387408FFC, cid=4949, seq=null, RW, Message:01016300, entry=(t:1, i:35), STATEMACHINELOGENTRY, WRITE: logData.size=4, stateMachineData.size=0, logEntryProtoSerializedSize=0
2024-10-16 23:57:19,164 DEBUG server.RaftServer$Division (RaftServerImpl.java:logAppendEntries(1549)) - s13@group-C02387408FFC: appendEntries* s11->s13#4950-t1,previous=(t:1, i:33),leaderCommit=33,initializing? false,entries: size=1, first=(t:1, i:34), METADATAENTRY(c:33)
2024-10-16 23:57:19,164 DEBUG server.RaftServer$Division (RaftServerImpl.java:logAppendEntries(1549)) - s12@group-C02387408FFC: appendEntries* reply s11<-s12#4948:OK-t1,SUCCESS,nextIndex=35,followerCommit=33,matchIndex=34
2024-10-16 23:57:19,164 DEBUG server.RaftServer$Division (RaftServerImpl.java:logAppendEntries(1549)) - s13@group-C02387408FFC: appendEntries* reply s11<-s13#4950:OK-t1,SUCCESS,nextIndex=35,followerCommit=33,matchIndex=34
2024-10-16 23:57:19,165 DEBUG server.RaftServer$Division (RaftServerImpl.java:logAppendEntries(1549)) - s12@group-C02387408FFC: appendEntries* s11->s12#4951-t1,previous=(t:1, i:34),leaderCommit=33,initializing? false,entries: size=1, first=(t:1, i:35), STATEMACHINELOGENTRY, StateMachineLogEntryProto:4949@client-8D5E9047489D
2024-10-16 23:57:19,165 DEBUG server.RaftServer$Division (RaftServerImpl.java:logAppendEntries(1549)) - s13@group-C02387408FFC: appendEntries* s11->s13#4952-t1,previous=(t:1, i:34),leaderCommit=34,initializing? false,entries: size=1, first=(t:1, i:35), STATEMACHINELOGENTRY, StateMachineLogEntryProto:4949@client-8D5E9047489D
2024-10-16 23:57:19,165 DEBUG server.RaftServer$Division (RaftServerImpl.java:logAppendEntries(1549)) - s12@group-C02387408FFC: appendEntries* reply s11<-s12#4951:OK-t1,SUCCESS,nextIndex=36,followerCommit=33,matchIndex=35
2024-10-16 23:57:19,165 DEBUG server.RaftServer$Division (RaftServerImpl.java:logAppendEntries(1549)) - s13@group-C02387408FFC: appendEntries* reply s11<-s13#4952:OK-t1,SUCCESS,nextIndex=36,followerCommit=34,matchIndex=35
2024-10-16 23:57:19,166 INFO  statemachine.StateMachine (ArithmeticStateMachine.java:applyTransaction(181)) - LEADER:s11-35: c = null = null
2024-10-16 23:57:19,166 DEBUG server.RaftServer$Division (RaftServerImpl.java:logAppendEntries(1549)) - s12@group-C02387408FFC: appendEntries* s11->s12#4953-t1,previous=(t:1, i:35),leaderCommit=35,initializing? false,entries: size=1, first=(t:1, i:36), METADATAENTRY(c:35)
2024-10-16 23:57:19,166 DEBUG server.RaftServer$Division (RaftServerImpl.java:submitClientRequestAsync(920)) - s11@group-C02387408FFC: receive client request(RaftClientRequest:client-8D5E9047489D->s11@group-C02387408FFC, cid=4954, seq=null, RW, Message:01016102403d00000000...(size=12))
2024-10-16 23:57:19,166 DEBUG server.RaftServer$Division (LeaderStateImpl.java:addPendingRequest(529)) - s11@group-C02387408FFC-LeaderStateImpl: addPendingRequest at RaftClientRequest:client-8D5E9047489D->s11@group-C02387408FFC, cid=4954, seq=null, RW, Message:01016102403d00000000...(size=12), entry=(t:1, i:37), STATEMACHINELOGENTRY, WRITE: logData.size=12, stateMachineData.size=0, logEntryProtoSerializedSize=0
2024-10-16 23:57:19,166 DEBUG server.RaftServer$Division (RaftServerImpl.java:logAppendEntries(1549)) - s13@group-C02387408FFC: appendEntries* s11->s13#4955-t1,previous=(t:1, i:35),leaderCommit=35,initializing? false,entries: size=1, first=(t:1, i:36), METADATAENTRY(c:35)
2024-10-16 23:57:19,167 DEBUG server.RaftServer$Division (RaftServerImpl.java:logAppendEntries(1549)) - s12@group-C02387408FFC: appendEntries* reply s11<-s12#4953:OK-t1,SUCCESS,nextIndex=37,followerCommit=35,matchIndex=36
2024-10-16 23:57:19,167 DEBUG server.RaftServer$Division (RaftServerImpl.java:logAppendEntries(1549)) - s13@group-C02387408FFC: appendEntries* reply s11<-s13#4955:OK-t1,SUCCESS,nextIndex=37,followerCommit=35,matchIndex=36
2024-10-16 23:57:19,168 DEBUG server.RaftServer$Division (RaftServerImpl.java:logAppendEntries(1549)) - s12@group-C02387408FFC: appendEntries* s11->s12#4956-t1,previous=(t:1, i:36),leaderCommit=35,initializing? false,entries: size=1, first=(t:1, i:37), STATEMACHINELOGENTRY, StateMachineLogEntryProto:4954@client-8D5E9047489D
2024-10-16 23:57:19,168 DEBUG server.RaftServer$Division (RaftServerImpl.java:logAppendEntries(1549)) - s13@group-C02387408FFC: appendEntries* s11->s13#4957-t1,previous=(t:1, i:36),leaderCommit=36,initializing? false,entries: size=1, first=(t:1, i:37), STATEMACHINELOGENTRY, StateMachineLogEntryProto:4954@client-8D5E9047489D
2024-10-16 23:57:19,168 DEBUG server.RaftServer$Division (RaftServerImpl.java:logAppendEntries(1549)) - s12@group-C02387408FFC: appendEntries* reply s11<-s12#4956:OK-t1,SUCCESS,nextIndex=38,followerCommit=35,matchIndex=37
2024-10-16 23:57:19,169 INFO  statemachine.StateMachine (ArithmeticStateMachine.java:applyTransaction(181)) - LEADER:s11-37: a = 29 = 29
2024-10-16 23:57:19,169 DEBUG server.RaftServer$Division (RaftServerImpl.java:logAppendEntries(1549)) - s13@group-C02387408FFC: appendEntries* reply s11<-s13#4957:OK-t1,SUCCESS,nextIndex=38,followerCommit=36,matchIndex=37
2024-10-16 23:57:19,169 DEBUG server.RaftServer$Division (RaftServerImpl.java:submitClientRequestAsync(920)) - s11@group-C02387408FFC: receive client request(RaftClientRequest:client-8D5E9047489D->s11@group-C02387408FFC, cid=4958, seq=null, RW, Message:01016202407a40000000...(size=12))
2024-10-16 23:57:19,169 DEBUG server.RaftServer$Division (RaftServerImpl.java:logAppendEntries(1549)) - s12@group-C02387408FFC: appendEntries* s11->s12#4959-t1,previous=(t:1, i:37),leaderCommit=37,initializing? false,entries: size=1, first=(t:1, i:38), METADATAENTRY(c:37)
2024-10-16 23:57:19,169 DEBUG server.RaftServer$Division (LeaderStateImpl.java:addPendingRequest(529)) - s11@group-C02387408FFC-LeaderStateImpl: addPendingRequest at RaftClientRequest:client-8D5E9047489D->s11@group-C02387408FFC, cid=4958, seq=null, RW, Message:01016202407a40000000...(size=12), entry=(t:1, i:39), STATEMACHINELOGENTRY, WRITE: logData.size=12, stateMachineData.size=0, logEntryProtoSerializedSize=0
2024-10-16 23:57:19,170 DEBUG server.RaftServer$Division (RaftServerImpl.java:logAppendEntries(1549)) - s13@group-C02387408FFC: appendEntries* s11->s13#4960-t1,previous=(t:1, i:37),leaderCommit=37,initializing? false,entries: size=1, first=(t:1, i:38), METADATAENTRY(c:37)
2024-10-16 23:57:19,170 DEBUG server.RaftServer$Division (RaftServerImpl.java:logAppendEntries(1549)) - s12@group-C02387408FFC: appendEntries* reply s11<-s12#4959:OK-t1,SUCCESS,nextIndex=39,followerCommit=37,matchIndex=38
2024-10-16 23:57:19,170 DEBUG server.RaftServer$Division (RaftServerImpl.java:logAppendEntries(1549)) - s13@group-C02387408FFC: appendEntries* reply s11<-s13#4960:OK-t1,SUCCESS,nextIndex=39,followerCommit=37,matchIndex=38
2024-10-16 23:57:19,170 DEBUG server.RaftServer$Division (RaftServerImpl.java:logAppendEntries(1549)) - s12@group-C02387408FFC: appendEntries* s11->s12#4961-t1,previous=(t:1, i:38),leaderCommit=37,initializing? false,entries: size=1, first=(t:1, i:39), STATEMACHINELOGENTRY, StateMachineLogEntryProto:4958@client-8D5E9047489D
2024-10-16 23:57:19,171 DEBUG server.RaftServer$Division (RaftServerImpl.java:logAppendEntries(1549)) - s13@group-C02387408FFC: appendEntries* s11->s13#4962-t1,previous=(t:1, i:38),leaderCommit=38,initializing? false,entries: size=1, first=(t:1, i:39), STATEMACHINELOGENTRY, StateMachineLogEntryProto:4958@client-8D5E9047489D
2024-10-16 23:57:19,171 DEBUG server.RaftServer$Division (RaftServerImpl.java:logAppendEntries(1549)) - s12@group-C02387408FFC: appendEntries* reply s11<-s12#4961:OK-t1,SUCCESS,nextIndex=40,followerCommit=37,matchIndex=39
2024-10-16 23:57:19,171 INFO  statemachine.StateMachine (ArithmeticStateMachine.java:applyTransaction(181)) - LEADER:s11-39: b = 420 = 420
2024-10-16 23:57:19,171 DEBUG server.RaftServer$Division (RaftServerImpl.java:logAppendEntries(1549)) - s13@group-C02387408FFC: appendEntries* reply s11<-s13#4962:OK-t1,SUCCESS,nextIndex=40,followerCommit=38,matchIndex=39
2024-10-16 23:57:19,172 DEBUG server.RaftServer$Division (RaftServerImpl.java:logAppendEntries(1549)) - s12@group-C02387408FFC: appendEntries* s11->s12#4963-t1,previous=(t:1, i:39),leaderCommit=39,initializing? false,entries: size=1, first=(t:1, i:40), METADATAENTRY(c:39)
2024-10-16 23:57:19,172 DEBUG server.RaftServer$Division (RaftServerImpl.java:submitClientRequestAsync(920)) - s11@group-C02387408FFC: receive client request(RaftClientRequest:client-8D5E9047489D->s11@group-C02387408FFC, cid=4964, seq=null, RW, Message:01016304010300040201...(size=17))
2024-10-16 23:57:19,172 DEBUG server.RaftServer$Division (RaftServerImpl.java:logAppendEntries(1549)) - s13@group-C02387408FFC: appendEntries* s11->s13#4965-t1,previous=(t:1, i:39),leaderCommit=39,initializing? false,entries: size=1, first=(t:1, i:40), METADATAENTRY(c:39)
2024-10-16 23:57:19,172 DEBUG server.RaftServer$Division (LeaderStateImpl.java:addPendingRequest(529)) - s11@group-C02387408FFC-LeaderStateImpl: addPendingRequest at RaftClientRequest:client-8D5E9047489D->s11@group-C02387408FFC, cid=4964, seq=null, RW, Message:01016304010300040201...(size=17), entry=(t:1, i:41), STATEMACHINELOGENTRY, WRITE: logData.size=17, stateMachineData.size=0, logEntryProtoSerializedSize=0
2024-10-16 23:57:19,172 DEBUG server.RaftServer$Division (RaftServerImpl.java:logAppendEntries(1549)) - s12@group-C02387408FFC: appendEntries* reply s11<-s12#4963:OK-t1,SUCCESS,nextIndex=41,followerCommit=39,matchIndex=40
2024-10-16 23:57:19,172 DEBUG server.RaftServer$Division (RaftServerImpl.java:logAppendEntries(1549)) - s13@group-C02387408FFC: appendEntries* reply s11<-s13#4965:OK-t1,SUCCESS,nextIndex=41,followerCommit=39,matchIndex=40
2024-10-16 23:57:19,173 DEBUG server.RaftServer$Division (RaftServerImpl.java:logAppendEntries(1549)) - s12@group-C02387408FFC: appendEntries* s11->s12#4966-t1,previous=(t:1, i:40),leaderCommit=39,initializing? false,entries: size=1, first=(t:1, i:41), STATEMACHINELOGENTRY, StateMachineLogEntryProto:4964@client-8D5E9047489D
2024-10-16 23:57:19,173 DEBUG server.RaftServer$Division (RaftServerImpl.java:logAppendEntries(1549)) - s13@group-C02387408FFC: appendEntries* s11->s13#4967-t1,previous=(t:1, i:40),leaderCommit=40,initializing? false,entries: size=1, first=(t:1, i:41), STATEMACHINELOGENTRY, StateMachineLogEntryProto:4964@client-8D5E9047489D
2024-10-16 23:57:19,174 DEBUG server.RaftServer$Division (RaftServerImpl.java:logAppendEntries(1549)) - s12@group-C02387408FFC: appendEntries* reply s11<-s12#4966:OK-t1,SUCCESS,nextIndex=42,followerCommit=39,matchIndex=41
2024-10-16 23:57:19,174 DEBUG server.RaftServer$Division (RaftServerImpl.java:logAppendEntries(1549)) - s13@group-C02387408FFC: appendEntries* reply s11<-s13#4967:OK-t1,SUCCESS,nextIndex=42,followerCommit=40,matchIndex=41
2024-10-16 23:57:19,174 INFO  statemachine.StateMachine (ArithmeticStateMachine.java:applyTransaction(181)) - LEADER:s11-41: c = √(a^2 + b^2) = 421
2024-10-16 23:57:19,174 DEBUG server.RaftServer$Division (RaftServerImpl.java:logAppendEntries(1549)) - s12@group-C02387408FFC: appendEntries* s11->s12#4968-t1,previous=(t:1, i:41),leaderCommit=41,initializing? false,entries: size=1, first=(t:1, i:42), METADATAENTRY(c:41)
2024-10-16 23:57:19,174 DEBUG server.RaftServer$Division (RaftServerImpl.java:logAppendEntries(1549)) - s13@group-C02387408FFC: appendEntries* s11->s13#4969-t1,previous=(t:1, i:41),leaderCommit=41,initializing? false,entries: size=1, first=(t:1, i:42), METADATAENTRY(c:41)
2024-10-16 23:57:19,174 DEBUG server.RaftServer$Division (RaftServerImpl.java:submitClientRequestAsync(920)) - s11@group-C02387408FFC: receive client request(RaftClientRequest:client-8D5E9047489D->s11@group-C02387408FFC, cid=4970, seq=null, RW, Message:01016100)
2024-10-16 23:57:19,175 DEBUG server.RaftServer$Division (LeaderStateImpl.java:addPendingRequest(529)) - s11@group-C02387408FFC-LeaderStateImpl: addPendingRequest at RaftClientRequest:client-8D5E9047489D->s11@group-C02387408FFC, cid=4970, seq=null, RW, Message:01016100, entry=(t:1, i:43), STATEMACHINELOGENTRY, WRITE: logData.size=4, stateMachineData.size=0, logEntryProtoSerializedSize=0
2024-10-16 23:57:19,175 DEBUG server.RaftServer$Division (RaftServerImpl.java:logAppendEntries(1549)) - s12@group-C02387408FFC: appendEntries* reply s11<-s12#4968:OK-t1,SUCCESS,nextIndex=43,followerCommit=41,matchIndex=42
2024-10-16 23:57:19,175 DEBUG server.RaftServer$Division (RaftServerImpl.java:logAppendEntries(1549)) - s13@group-C02387408FFC: appendEntries* reply s11<-s13#4969:OK-t1,SUCCESS,nextIndex=43,followerCommit=41,matchIndex=42
2024-10-16 23:57:19,175 DEBUG server.RaftServer$Division (RaftServerImpl.java:logAppendEntries(1549)) - s12@group-C02387408FFC: appendEntries* s11->s12#4971-t1,previous=(t:1, i:42),leaderCommit=42,initializing? false,entries: size=1, first=(t:1, i:43), STATEMACHINELOGENTRY, StateMachineLogEntryProto:4970@client-8D5E9047489D
2024-10-16 23:57:19,175 DEBUG server.RaftServer$Division (RaftServerImpl.java:logAppendEntries(1549)) - s13@group-C02387408FFC: appendEntries* s11->s13#4972-t1,previous=(t:1, i:42),leaderCommit=42,initializing? false,entries: size=1, first=(t:1, i:43), STATEMACHINELOGENTRY, StateMachineLogEntryProto:4970@client-8D5E9047489D
2024-10-16 23:57:19,176 DEBUG server.RaftServer$Division (RaftServerImpl.java:logAppendEntries(1549)) - s12@group-C02387408FFC: appendEntries* reply s11<-s12#4971:OK-t1,SUCCESS,nextIndex=44,followerCommit=42,matchIndex=43
2024-10-16 23:57:19,176 DEBUG server.RaftServer$Division (RaftServerImpl.java:logAppendEntries(1549)) - s13@group-C02387408FFC: appendEntries* reply s11<-s13#4972:OK-t1,SUCCESS,nextIndex=44,followerCommit=42,matchIndex=43
2024-10-16 23:57:19,176 INFO  statemachine.StateMachine (ArithmeticStateMachine.java:applyTransaction(181)) - LEADER:s11-43: a = null = null
2024-10-16 23:57:19,176 DEBUG server.RaftServer$Division (RaftServerImpl.java:logAppendEntries(1549)) - s12@group-C02387408FFC: appendEntries* s11->s12#4973-t1,previous=(t:1, i:43),leaderCommit=43,initializing? false,entries: size=1, first=(t:1, i:44), METADATAENTRY(c:43)
2024-10-16 23:57:19,177 DEBUG server.RaftServer$Division (RaftServerImpl.java:submitClientRequestAsync(920)) - s11@group-C02387408FFC: receive client request(RaftClientRequest:client-8D5E9047489D->s11@group-C02387408FFC, cid=4975, seq=null, RW, Message:01016200)
2024-10-16 23:57:19,177 DEBUG server.RaftServer$Division (RaftServerImpl.java:logAppendEntries(1549)) - s13@group-C02387408FFC: appendEntries* s11->s13#4974-t1,previous=(t:1, i:43),leaderCommit=43,initializing? false,entries: size=1, first=(t:1, i:44), METADATAENTRY(c:43)
2024-10-16 23:57:19,177 DEBUG server.RaftServer$Division (LeaderStateImpl.java:addPendingRequest(529)) - s11@group-C02387408FFC-LeaderStateImpl: addPendingRequest at RaftClientRequest:client-8D5E9047489D->s11@group-C02387408FFC, cid=4975, seq=null, RW, Message:01016200, entry=(t:1, i:45), STATEMACHINELOGENTRY, WRITE: logData.size=4, stateMachineData.size=0, logEntryProtoSerializedSize=0
2024-10-16 23:57:19,177 DEBUG server.RaftServer$Division (RaftServerImpl.java:logAppendEntries(1549)) - s12@group-C02387408FFC: appendEntries* reply s11<-s12#4973:OK-t1,SUCCESS,nextIndex=45,followerCommit=43,matchIndex=44
2024-10-16 23:57:19,177 DEBUG server.RaftServer$Division (RaftServerImpl.java:logAppendEntries(1549)) - s13@group-C02387408FFC: appendEntries* reply s11<-s13#4974:OK-t1,SUCCESS,nextIndex=45,followerCommit=43,matchIndex=44
2024-10-16 23:57:19,177 DEBUG server.RaftServer$Division (RaftServerImpl.java:logAppendEntries(1549)) - s12@group-C02387408FFC: appendEntries* s11->s12#4976-t1,previous=(t:1, i:44),leaderCommit=44,initializing? false,entries: size=1, first=(t:1, i:45), STATEMACHINELOGENTRY, StateMachineLogEntryProto:4975@client-8D5E9047489D
2024-10-16 23:57:19,178 DEBUG server.RaftServer$Division (RaftServerImpl.java:logAppendEntries(1549)) - s13@group-C02387408FFC: appendEntries* s11->s13#4977-t1,previous=(t:1, i:44),leaderCommit=44,initializing? false,entries: size=1, first=(t:1, i:45), STATEMACHINELOGENTRY, StateMachineLogEntryProto:4975@client-8D5E9047489D
2024-10-16 23:57:19,178 DEBUG server.RaftServer$Division (RaftServerImpl.java:logAppendEntries(1549)) - s12@group-C02387408FFC: appendEntries* reply s11<-s12#4976:OK-t1,SUCCESS,nextIndex=46,followerCommit=44,matchIndex=45
2024-10-16 23:57:19,178 DEBUG server.RaftServer$Division (RaftServerImpl.java:logAppendEntries(1549)) - s13@group-C02387408FFC: appendEntries* reply s11<-s13#4977:OK-t1,SUCCESS,nextIndex=46,followerCommit=44,matchIndex=45
2024-10-16 23:57:19,178 INFO  statemachine.StateMachine (ArithmeticStateMachine.java:applyTransaction(181)) - LEADER:s11-45: b = null = null
2024-10-16 23:57:19,178 DEBUG server.RaftServer$Division (RaftServerImpl.java:logAppendEntries(1549)) - s12@group-C02387408FFC: appendEntries* s11->s12#4978-t1,previous=(t:1, i:45),leaderCommit=45,initializing? false,entries: size=1, first=(t:1, i:46), METADATAENTRY(c:45)
2024-10-16 23:57:19,179 DEBUG server.RaftServer$Division (RaftServerImpl.java:submitClientRequestAsync(920)) - s11@group-C02387408FFC: receive client request(RaftClientRequest:client-8D5E9047489D->s11@group-C02387408FFC, cid=4980, seq=null, RW, Message:01016300)
2024-10-16 23:57:19,179 DEBUG server.RaftServer$Division (RaftServerImpl.java:logAppendEntries(1549)) - s13@group-C02387408FFC: appendEntries* s11->s13#4979-t1,previous=(t:1, i:45),leaderCommit=45,initializing? false,entries: size=1, first=(t:1, i:46), METADATAENTRY(c:45)
2024-10-16 23:57:19,179 DEBUG server.RaftServer$Division (LeaderStateImpl.java:addPendingRequest(529)) - s11@group-C02387408FFC-LeaderStateImpl: addPendingRequest at RaftClientRequest:client-8D5E9047489D->s11@group-C02387408FFC, cid=4980, seq=null, RW, Message:01016300, entry=(t:1, i:47), STATEMACHINELOGENTRY, WRITE: logData.size=4, stateMachineData.size=0, logEntryProtoSerializedSize=0
2024-10-16 23:57:19,179 DEBUG server.RaftServer$Division (RaftServerImpl.java:logAppendEntries(1549)) - s12@group-C02387408FFC: appendEntries* reply s11<-s12#4978:OK-t1,SUCCESS,nextIndex=47,followerCommit=45,matchIndex=46
2024-10-16 23:57:19,179 DEBUG server.RaftServer$Division (RaftServerImpl.java:logAppendEntries(1549)) - s13@group-C02387408FFC: appendEntries* reply s11<-s13#4979:OK-t1,SUCCESS,nextIndex=47,followerCommit=45,matchIndex=46
2024-10-16 23:57:19,180 DEBUG server.RaftServer$Division (RaftServerImpl.java:logAppendEntries(1549)) - s12@group-C02387408FFC: appendEntries* s11->s12#4981-t1,previous=(t:1, i:46),leaderCommit=45,initializing? false,entries: size=1, first=(t:1, i:47), STATEMACHINELOGENTRY, StateMachineLogEntryProto:4980@client-8D5E9047489D
2024-10-16 23:57:19,180 DEBUG server.RaftServer$Division (RaftServerImpl.java:logAppendEntries(1549)) - s13@group-C02387408FFC: appendEntries* s11->s13#4982-t1,previous=(t:1, i:46),leaderCommit=46,initializing? false,entries: size=1, first=(t:1, i:47), STATEMACHINELOGENTRY, StateMachineLogEntryProto:4980@client-8D5E9047489D
2024-10-16 23:57:19,180 DEBUG server.RaftServer$Division (RaftServerImpl.java:logAppendEntries(1549)) - s13@group-C02387408FFC: appendEntries* reply s11<-s13#4982:OK-t1,SUCCESS,nextIndex=48,followerCommit=46,matchIndex=47
2024-10-16 23:57:19,181 DEBUG server.RaftServer$Division (RaftServerImpl.java:logAppendEntries(1549)) - s12@group-C02387408FFC: appendEntries* reply s11<-s12#4981:OK-t1,SUCCESS,nextIndex=48,followerCommit=45,matchIndex=47
2024-10-16 23:57:19,181 INFO  statemachine.StateMachine (ArithmeticStateMachine.java:applyTransaction(181)) - LEADER:s11-47: c = null = null
2024-10-16 23:57:19,181 DEBUG server.RaftServer$Division (RaftServerImpl.java:submitClientRequestAsync(920)) - s11@group-C02387408FFC: receive client request(RaftClientRequest:client-8D5E9047489D->s11@group-C02387408FFC, cid=4984, seq=null, RW, Message:01016102403f00000000...(size=12))
2024-10-16 23:57:19,181 DEBUG server.RaftServer$Division (RaftServerImpl.java:logAppendEntries(1549)) - s12@group-C02387408FFC: appendEntries* s11->s12#4985-t1,previous=(t:1, i:47),leaderCommit=47,initializing? false,entries: size=1, first=(t:1, i:48), METADATAENTRY(c:47)
2024-10-16 23:57:19,181 DEBUG server.RaftServer$Division (LeaderStateImpl.java:addPendingRequest(529)) - s11@group-C02387408FFC-LeaderStateImpl: addPendingRequest at RaftClientRequest:client-8D5E9047489D->s11@group-C02387408FFC, cid=4984, seq=null, RW, Message:01016102403f00000000...(size=12), entry=(t:1, i:49), STATEMACHINELOGENTRY, WRITE: logData.size=12, stateMachineData.size=0, logEntryProtoSerializedSize=0
2024-10-16 23:57:19,181 DEBUG server.RaftServer$Division (RaftServerImpl.java:logAppendEntries(1549)) - s13@group-C02387408FFC: appendEntries* s11->s13#4983-t1,previous=(t:1, i:47),leaderCommit=47,initializing? false,entries: size=1, first=(t:1, i:48), METADATAENTRY(c:47)
2024-10-16 23:57:19,182 DEBUG server.RaftServer$Division (RaftServerImpl.java:logAppendEntries(1549)) - s12@group-C02387408FFC: appendEntries* reply s11<-s12#4985:OK-t1,SUCCESS,nextIndex=49,followerCommit=47,matchIndex=48
2024-10-16 23:57:19,182 DEBUG server.RaftServer$Division (RaftServerImpl.java:logAppendEntries(1549)) - s13@group-C02387408FFC: appendEntries* reply s11<-s13#4983:OK-t1,SUCCESS,nextIndex=49,followerCommit=47,matchIndex=48
2024-10-16 23:57:19,182 DEBUG server.RaftServer$Division (RaftServerImpl.java:logAppendEntries(1549)) - s12@group-C02387408FFC: appendEntries* s11->s12#4986-t1,previous=(t:1, i:48),leaderCommit=48,initializing? false,entries: size=1, first=(t:1, i:49), STATEMACHINELOGENTRY, StateMachineLogEntryProto:4984@client-8D5E9047489D
2024-10-16 23:57:19,182 DEBUG server.RaftServer$Division (RaftServerImpl.java:logAppendEntries(1549)) - s13@group-C02387408FFC: appendEntries* s11->s13#4987-t1,previous=(t:1, i:48),leaderCommit=48,initializing? false,entries: size=1, first=(t:1, i:49), STATEMACHINELOGENTRY, StateMachineLogEntryProto:4984@client-8D5E9047489D
2024-10-16 23:57:19,183 DEBUG server.RaftServer$Division (RaftServerImpl.java:logAppendEntries(1549)) - s12@group-C02387408FFC: appendEntries* reply s11<-s12#4986:OK-t1,SUCCESS,nextIndex=50,followerCommit=48,matchIndex=49
2024-10-16 23:57:19,183 DEBUG server.RaftServer$Division (RaftServerImpl.java:logAppendEntries(1549)) - s13@group-C02387408FFC: appendEntries* reply s11<-s13#4987:OK-t1,SUCCESS,nextIndex=50,followerCommit=48,matchIndex=49
2024-10-16 23:57:19,183 INFO  statemachine.StateMachine (ArithmeticStateMachine.java:applyTransaction(181)) - LEADER:s11-49: a = 31 = 31
2024-10-16 23:57:19,183 DEBUG server.RaftServer$Division (RaftServerImpl.java:logAppendEntries(1549)) - s12@group-C02387408FFC: appendEntries* s11->s12#4988-t1,previous=(t:1, i:49),leaderCommit=49,initializing? false,entries: size=1, first=(t:1, i:50), METADATAENTRY(c:49)
2024-10-16 23:57:19,183 DEBUG server.RaftServer$Division (RaftServerImpl.java:submitClientRequestAsync(920)) - s11@group-C02387408FFC: receive client request(RaftClientRequest:client-8D5E9047489D->s11@group-C02387408FFC, cid=4989, seq=null, RW, Message:01016202407e00000000...(size=12))
2024-10-16 23:57:19,184 DEBUG server.RaftServer$Division (LeaderStateImpl.java:addPendingRequest(529)) - s11@group-C02387408FFC-LeaderStateImpl: addPendingRequest at RaftClientRequest:client-8D5E9047489D->s11@group-C02387408FFC, cid=4989, seq=null, RW, Message:01016202407e00000000...(size=12), entry=(t:1, i:51), STATEMACHINELOGENTRY, WRITE: logData.size=12, stateMachineData.size=0, logEntryProtoSerializedSize=0
2024-10-16 23:57:19,184 DEBUG server.RaftServer$Division (RaftServerImpl.java:logAppendEntries(1549)) - s12@group-C02387408FFC: appendEntries* reply s11<-s12#4988:OK-t1,SUCCESS,nextIndex=51,followerCommit=49,matchIndex=50
2024-10-16 23:57:19,185 DEBUG server.RaftServer$Division (RaftServerImpl.java:logAppendEntries(1549)) - s12@group-C02387408FFC: appendEntries* s11->s12#4991-t1,previous=(t:1, i:50),leaderCommit=50,initializing? false,entries: size=1, first=(t:1, i:51), STATEMACHINELOGENTRY, StateMachineLogEntryProto:4989@client-8D5E9047489D
2024-10-16 23:57:19,185 DEBUG server.RaftServer$Division (RaftServerImpl.java:logAppendEntries(1549)) - s13@group-C02387408FFC: appendEntries* s11->s13#4990-t1,previous=(t:1, i:49),leaderCommit=49,initializing? false,entries: size=2, first=(t:1, i:50), METADATAENTRY(c:49)
2024-10-16 23:57:19,185 DEBUG server.RaftServer$Division (RaftServerImpl.java:logAppendEntries(1549)) - s12@group-C02387408FFC: appendEntries* reply s11<-s12#4991:OK-t1,SUCCESS,nextIndex=52,followerCommit=50,matchIndex=51
2024-10-16 23:57:19,185 DEBUG server.RaftServer$Division (RaftServerImpl.java:logAppendEntries(1549)) - s13@group-C02387408FFC: appendEntries* reply s11<-s13#4990:OK-t1,SUCCESS,nextIndex=52,followerCommit=49,matchIndex=51
2024-10-16 23:57:19,185 INFO  statemachine.StateMachine (ArithmeticStateMachine.java:applyTransaction(181)) - LEADER:s11-51: b = 480 = 480
2024-10-16 23:57:19,186 DEBUG server.RaftServer$Division (RaftServerImpl.java:logAppendEntries(1549)) - s13@group-C02387408FFC: appendEntries* s11->s13#4992-t1,previous=(t:1, i:51),leaderCommit=51,initializing? false,entries: size=1, first=(t:1, i:52), METADATAENTRY(c:51)
2024-10-16 23:57:19,186 DEBUG server.RaftServer$Division (RaftServerImpl.java:logAppendEntries(1549)) - s12@group-C02387408FFC: appendEntries* s11->s12#4993-t1,previous=(t:1, i:51),leaderCommit=51,initializing? false,entries: size=1, first=(t:1, i:52), METADATAENTRY(c:51)
2024-10-16 23:57:19,186 DEBUG server.RaftServer$Division (RaftServerImpl.java:submitClientRequestAsync(920)) - s11@group-C02387408FFC: receive client request(RaftClientRequest:client-8D5E9047489D->s11@group-C02387408FFC, cid=4994, seq=null, RW, Message:01016304010300040201...(size=17))
2024-10-16 23:57:19,186 DEBUG server.RaftServer$Division (RaftServerImpl.java:logAppendEntries(1549)) - s12@group-C02387408FFC: appendEntries* reply s11<-s12#4993:OK-t1,SUCCESS,nextIndex=53,followerCommit=51,matchIndex=52
2024-10-16 23:57:19,186 DEBUG server.RaftServer$Division (LeaderStateImpl.java:addPendingRequest(529)) - s11@group-C02387408FFC-LeaderStateImpl: addPendingRequest at RaftClientRequest:client-8D5E9047489D->s11@group-C02387408FFC, cid=4994, seq=null, RW, Message:01016304010300040201...(size=17), entry=(t:1, i:53), STATEMACHINELOGENTRY, WRITE: logData.size=17, stateMachineData.size=0, logEntryProtoSerializedSize=0
2024-10-16 23:57:19,186 DEBUG server.RaftServer$Division (RaftServerImpl.java:logAppendEntries(1549)) - s13@group-C02387408FFC: appendEntries* reply s11<-s13#4992:OK-t1,SUCCESS,nextIndex=53,followerCommit=51,matchIndex=52
2024-10-16 23:57:19,187 DEBUG server.RaftServer$Division (RaftServerImpl.java:logAppendEntries(1549)) - s12@group-C02387408FFC: appendEntries* s11->s12#4995-t1,previous=(t:1, i:52),leaderCommit=52,initializing? false,entries: size=1, first=(t:1, i:53), STATEMACHINELOGENTRY, StateMachineLogEntryProto:4994@client-8D5E9047489D
2024-10-16 23:57:19,187 DEBUG server.RaftServer$Division (RaftServerImpl.java:logAppendEntries(1549)) - s13@group-C02387408FFC: appendEntries* s11->s13#4996-t1,previous=(t:1, i:52),leaderCommit=52,initializing? false,entries: size=1, first=(t:1, i:53), STATEMACHINELOGENTRY, StateMachineLogEntryProto:4994@client-8D5E9047489D
2024-10-16 23:57:19,187 DEBUG server.RaftServer$Division (RaftServerImpl.java:logAppendEntries(1549)) - s12@group-C02387408FFC: appendEntries* reply s11<-s12#4995:OK-t1,SUCCESS,nextIndex=54,followerCommit=52,matchIndex=53
2024-10-16 23:57:19,187 DEBUG server.RaftServer$Division (RaftServerImpl.java:logAppendEntries(1549)) - s13@group-C02387408FFC: appendEntries* reply s11<-s13#4996:OK-t1,SUCCESS,nextIndex=54,followerCommit=52,matchIndex=53
2024-10-16 23:57:19,187 INFO  statemachine.StateMachine (ArithmeticStateMachine.java:applyTransaction(181)) - LEADER:s11-53: c = √(a^2 + b^2) = 481
2024-10-16 23:57:19,188 DEBUG server.RaftServer$Division (RaftServerImpl.java:logAppendEntries(1549)) - s12@group-C02387408FFC: appendEntries* s11->s12#4997-t1,previous=(t:1, i:53),leaderCommit=53,initializing? false,entries: size=1, first=(t:1, i:54), METADATAENTRY(c:53)
2024-10-16 23:57:19,188 DEBUG server.RaftServer$Division (RaftServerImpl.java:submitClientRequestAsync(920)) - s11@group-C02387408FFC: receive client request(RaftClientRequest:client-8D5E9047489D->s11@group-C02387408FFC, cid=4998, seq=null, RW, Message:01016100)
2024-10-16 23:57:19,188 DEBUG server.RaftServer$Division (LeaderStateImpl.java:addPendingRequest(529)) - s11@group-C02387408FFC-LeaderStateImpl: addPendingRequest at RaftClientRequest:client-8D5E9047489D->s11@group-C02387408FFC, cid=4998, seq=null, RW, Message:01016100, entry=(t:1, i:55), STATEMACHINELOGENTRY, WRITE: logData.size=4, stateMachineData.size=0, logEntryProtoSerializedSize=0
2024-10-16 23:57:19,188 DEBUG server.RaftServer$Division (RaftServerImpl.java:logAppendEntries(1549)) - s12@group-C02387408FFC: appendEntries* reply s11<-s12#4997:OK-t1,SUCCESS,nextIndex=55,followerCommit=53,matchIndex=54
2024-10-16 23:57:19,189 DEBUG server.RaftServer$Division (RaftServerImpl.java:logAppendEntries(1549)) - s13@group-C02387408FFC: appendEntries* s11->s13#4999-t1,previous=(t:1, i:53),leaderCommit=53,initializing? false,entries: size=2, first=(t:1, i:54), METADATAENTRY(c:53)
2024-10-16 23:57:19,189 DEBUG server.RaftServer$Division (RaftServerImpl.java:logAppendEntries(1549)) - s12@group-C02387408FFC: appendEntries* s11->s12#5000-t1,previous=(t:1, i:54),leaderCommit=53,initializing? false,entries: size=1, first=(t:1, i:55), STATEMACHINELOGENTRY, StateMachineLogEntryProto:4998@client-8D5E9047489D
2024-10-16 23:57:19,189 DEBUG server.RaftServer$Division (RaftServerImpl.java:logAppendEntries(1549)) - s13@group-C02387408FFC: appendEntries* reply s11<-s13#4999:OK-t1,SUCCESS,nextIndex=56,followerCommit=53,matchIndex=55
2024-10-16 23:57:19,189 DEBUG server.RaftServer$Division (RaftServerImpl.java:logAppendEntries(1549)) - s12@group-C02387408FFC: appendEntries* reply s11<-s12#5000:OK-t1,SUCCESS,nextIndex=56,followerCommit=53,matchIndex=55
2024-10-16 23:57:19,190 INFO  statemachine.StateMachine (ArithmeticStateMachine.java:applyTransaction(181)) - LEADER:s11-55: a = null = null
2024-10-16 23:57:19,190 DEBUG server.RaftServer$Division (RaftServerImpl.java:logAppendEntries(1549)) - s13@group-C02387408FFC: appendEntries* s11->s13#5001-t1,previous=(t:1, i:55),leaderCommit=55,initializing? false,entries: size=1, first=(t:1, i:56), METADATAENTRY(c:55)
2024-10-16 23:57:19,190 DEBUG server.RaftServer$Division (RaftServerImpl.java:submitClientRequestAsync(920)) - s11@group-C02387408FFC: receive client request(RaftClientRequest:client-8D5E9047489D->s11@group-C02387408FFC, cid=5002, seq=null, RW, Message:01016200)
2024-10-16 23:57:19,190 DEBUG server.RaftServer$Division (RaftServerImpl.java:logAppendEntries(1549)) - s12@group-C02387408FFC: appendEntries* s11->s12#5003-t1,previous=(t:1, i:55),leaderCommit=55,initializing? false,entries: size=1, first=(t:1, i:56), METADATAENTRY(c:55)
2024-10-16 23:57:19,190 DEBUG server.RaftServer$Division (LeaderStateImpl.java:addPendingRequest(529)) - s11@group-C02387408FFC-LeaderStateImpl: addPendingRequest at RaftClientRequest:client-8D5E9047489D->s11@group-C02387408FFC, cid=5002, seq=null, RW, Message:01016200, entry=(t:1, i:57), STATEMACHINELOGENTRY, WRITE: logData.size=4, stateMachineData.size=0, logEntryProtoSerializedSize=0
2024-10-16 23:57:19,190 DEBUG server.RaftServer$Division (RaftServerImpl.java:logAppendEntries(1549)) - s13@group-C02387408FFC: appendEntries* reply s11<-s13#5001:OK-t1,SUCCESS,nextIndex=57,followerCommit=55,matchIndex=56
2024-10-16 23:57:19,191 DEBUG server.RaftServer$Division (RaftServerImpl.java:logAppendEntries(1549)) - s12@group-C02387408FFC: appendEntries* reply s11<-s12#5003:OK-t1,SUCCESS,nextIndex=57,followerCommit=55,matchIndex=56
2024-10-16 23:57:19,191 DEBUG server.RaftServer$Division (RaftServerImpl.java:logAppendEntries(1549)) - s13@group-C02387408FFC: appendEntries* s11->s13#5004-t1,previous=(t:1, i:56),leaderCommit=55,initializing? false,entries: size=1, first=(t:1, i:57), STATEMACHINELOGENTRY, StateMachineLogEntryProto:5002@client-8D5E9047489D
2024-10-16 23:57:19,191 DEBUG server.RaftServer$Division (RaftServerImpl.java:logAppendEntries(1549)) - s12@group-C02387408FFC: appendEntries* s11->s12#5005-t1,previous=(t:1, i:56),leaderCommit=56,initializing? false,entries: size=1, first=(t:1, i:57), STATEMACHINELOGENTRY, StateMachineLogEntryProto:5002@client-8D5E9047489D
2024-10-16 23:57:19,191 DEBUG server.RaftServer$Division (RaftServerImpl.java:logAppendEntries(1549)) - s13@group-C02387408FFC: appendEntries* reply s11<-s13#5004:OK-t1,SUCCESS,nextIndex=58,followerCommit=55,matchIndex=57
2024-10-16 23:57:19,192 DEBUG server.RaftServer$Division (RaftServerImpl.java:logAppendEntries(1549)) - s12@group-C02387408FFC: appendEntries* reply s11<-s12#5005:OK-t1,SUCCESS,nextIndex=58,followerCommit=56,matchIndex=57
2024-10-16 23:57:19,192 INFO  statemachine.StateMachine (ArithmeticStateMachine.java:applyTransaction(181)) - LEADER:s11-57: b = null = null
2024-10-16 23:57:19,192 DEBUG server.RaftServer$Division (RaftServerImpl.java:logAppendEntries(1549)) - s13@group-C02387408FFC: appendEntries* s11->s13#5006-t1,previous=(t:1, i:57),leaderCommit=57,initializing? false,entries: size=1, first=(t:1, i:58), METADATAENTRY(c:57)
2024-10-16 23:57:19,192 DEBUG server.RaftServer$Division (RaftServerImpl.java:submitClientRequestAsync(920)) - s11@group-C02387408FFC: receive client request(RaftClientRequest:client-8D5E9047489D->s11@group-C02387408FFC, cid=5008, seq=null, RW, Message:01016300)
2024-10-16 23:57:19,192 DEBUG server.RaftServer$Division (RaftServerImpl.java:logAppendEntries(1549)) - s12@group-C02387408FFC: appendEntries* s11->s12#5007-t1,previous=(t:1, i:57),leaderCommit=57,initializing? false,entries: size=1, first=(t:1, i:58), METADATAENTRY(c:57)
2024-10-16 23:57:19,192 DEBUG server.RaftServer$Division (LeaderStateImpl.java:addPendingRequest(529)) - s11@group-C02387408FFC-LeaderStateImpl: addPendingRequest at RaftClientRequest:client-8D5E9047489D->s11@group-C02387408FFC, cid=5008, seq=null, RW, Message:01016300, entry=(t:1, i:59), STATEMACHINELOGENTRY, WRITE: logData.size=4, stateMachineData.size=0, logEntryProtoSerializedSize=0
2024-10-16 23:57:19,193 DEBUG server.RaftServer$Division (RaftServerImpl.java:logAppendEntries(1549)) - s13@group-C02387408FFC: appendEntries* reply s11<-s13#5006:OK-t1,SUCCESS,nextIndex=59,followerCommit=57,matchIndex=58
2024-10-16 23:57:19,193 DEBUG server.RaftServer$Division (RaftServerImpl.java:logAppendEntries(1549)) - s12@group-C02387408FFC: appendEntries* reply s11<-s12#5007:OK-t1,SUCCESS,nextIndex=59,followerCommit=57,matchIndex=58
2024-10-16 23:57:19,193 DEBUG server.RaftServer$Division (RaftServerImpl.java:logAppendEntries(1549)) - s13@group-C02387408FFC: appendEntries* s11->s13#5009-t1,previous=(t:1, i:58),leaderCommit=57,initializing? false,entries: size=1, first=(t:1, i:59), STATEMACHINELOGENTRY, StateMachineLogEntryProto:5008@client-8D5E9047489D
2024-10-16 23:57:19,194 DEBUG server.RaftServer$Division (RaftServerImpl.java:logAppendEntries(1549)) - s13@group-C02387408FFC: appendEntries* reply s11<-s13#5009:OK-t1,SUCCESS,nextIndex=60,followerCommit=57,matchIndex=59
2024-10-16 23:57:19,194 DEBUG server.RaftServer$Division (RaftServerImpl.java:logAppendEntries(1549)) - s12@group-C02387408FFC: appendEntries* s11->s12#5010-t1,previous=(t:1, i:58),leaderCommit=58,initializing? false,entries: size=1, first=(t:1, i:59), STATEMACHINELOGENTRY, StateMachineLogEntryProto:5008@client-8D5E9047489D
2024-10-16 23:57:19,194 INFO  statemachine.StateMachine (ArithmeticStateMachine.java:applyTransaction(181)) - LEADER:s11-59: c = null = null
2024-10-16 23:57:19,194 DEBUG server.RaftServer$Division (RaftServerImpl.java:logAppendEntries(1549)) - s12@group-C02387408FFC: appendEntries* reply s11<-s12#5010:OK-t1,SUCCESS,nextIndex=60,followerCommit=58,matchIndex=59
2024-10-16 23:57:19,194 DEBUG server.RaftServer$Division (RaftServerImpl.java:submitClientRequestAsync(920)) - s11@group-C02387408FFC: receive client request(RaftClientRequest:client-8D5E9047489D->s11@group-C02387408FFC, cid=5012, seq=null, RW, Message:01016102404080000000...(size=12))
2024-10-16 23:57:19,195 DEBUG server.RaftServer$Division (RaftServerImpl.java:logAppendEntries(1549)) - s12@group-C02387408FFC: appendEntries* s11->s12#5013-t1,previous=(t:1, i:59),leaderCommit=59,initializing? false,entries: size=1, first=(t:1, i:60), METADATAENTRY(c:59)
2024-10-16 23:57:19,195 DEBUG server.RaftServer$Division (LeaderStateImpl.java:addPendingRequest(529)) - s11@group-C02387408FFC-LeaderStateImpl: addPendingRequest at RaftClientRequest:client-8D5E9047489D->s11@group-C02387408FFC, cid=5012, seq=null, RW, Message:01016102404080000000...(size=12), entry=(t:1, i:61), STATEMACHINELOGENTRY, WRITE: logData.size=12, stateMachineData.size=0, logEntryProtoSerializedSize=0
2024-10-16 23:57:19,195 DEBUG server.RaftServer$Division (RaftServerImpl.java:logAppendEntries(1549)) - s13@group-C02387408FFC: appendEntries* s11->s13#5011-t1,previous=(t:1, i:59),leaderCommit=59,initializing? false,entries: size=1, first=(t:1, i:60), METADATAENTRY(c:59)
2024-10-16 23:57:19,195 DEBUG server.RaftServer$Division (RaftServerImpl.java:logAppendEntries(1549)) - s12@group-C02387408FFC: appendEntries* reply s11<-s12#5013:OK-t1,SUCCESS,nextIndex=61,followerCommit=59,matchIndex=60
2024-10-16 23:57:19,196 DEBUG server.RaftServer$Division (RaftServerImpl.java:logAppendEntries(1549)) - s13@group-C02387408FFC: appendEntries* reply s11<-s13#5011:OK-t1,SUCCESS,nextIndex=61,followerCommit=59,matchIndex=60
2024-10-16 23:57:19,196 DEBUG server.RaftServer$Division (RaftServerImpl.java:logAppendEntries(1549)) - s12@group-C02387408FFC: appendEntries* s11->s12#5014-t1,previous=(t:1, i:60),leaderCommit=60,initializing? false,entries: size=1, first=(t:1, i:61), STATEMACHINELOGENTRY, StateMachineLogEntryProto:5012@client-8D5E9047489D
2024-10-16 23:57:19,197 DEBUG server.RaftServer$Division (RaftServerImpl.java:logAppendEntries(1549)) - s12@group-C02387408FFC: appendEntries* reply s11<-s12#5014:OK-t1,SUCCESS,nextIndex=62,followerCommit=60,matchIndex=61
2024-10-16 23:57:19,197 INFO  statemachine.StateMachine (ArithmeticStateMachine.java:applyTransaction(181)) - LEADER:s11-61: a = 33 = 33
2024-10-16 23:57:19,197 DEBUG server.RaftServer$Division (RaftServerImpl.java:logAppendEntries(1549)) - s12@group-C02387408FFC: appendEntries* s11->s12#5020-t1,previous=(t:1, i:61),leaderCommit=61,initializing? false,entries: size=1, first=(t:1, i:62), METADATAENTRY(c:61)
2024-10-16 23:57:19,197 DEBUG server.RaftServer$Division (RaftServerImpl.java:submitClientRequestAsync(920)) - s11@group-C02387408FFC: receive client request(RaftClientRequest:client-8D5E9047489D->s11@group-C02387408FFC, cid=5021, seq=null, RW, Message:01016202408100000000...(size=12))
2024-10-16 23:57:19,197 DEBUG server.RaftServer$Division (RaftServerImpl.java:logAppendEntries(1549)) - s13@group-C02387408FFC: appendEntries* s11->s13#5019-t1,previous=(t:1, i:60),leaderCommit=60,initializing? false,entries: size=1, first=(t:1, i:61), STATEMACHINELOGENTRY, StateMachineLogEntryProto:5012@client-8D5E9047489D
2024-10-16 23:57:19,198 DEBUG server.RaftServer$Division (LeaderStateImpl.java:addPendingRequest(529)) - s11@group-C02387408FFC-LeaderStateImpl: addPendingRequest at RaftClientRequest:client-8D5E9047489D->s11@group-C02387408FFC, cid=5021, seq=null, RW, Message:01016202408100000000...(size=12), entry=(t:1, i:63), STATEMACHINELOGENTRY, WRITE: logData.size=12, stateMachineData.size=0, logEntryProtoSerializedSize=0
2024-10-16 23:57:19,198 DEBUG server.RaftServer$Division (RaftServerImpl.java:logAppendEntries(1549)) - s12@group-C02387408FFC: appendEntries* reply s11<-s12#5020:OK-t1,SUCCESS,nextIndex=63,followerCommit=61,matchIndex=62
2024-10-16 23:57:19,198 DEBUG server.RaftServer$Division (RaftServerImpl.java:logAppendEntries(1549)) - s13@group-C02387408FFC: appendEntries* reply s11<-s13#5019:OK-t1,SUCCESS,nextIndex=62,followerCommit=60,matchIndex=61
2024-10-16 23:57:19,198 DEBUG server.RaftServer$Division (RaftServerImpl.java:logAppendEntries(1549)) - s13@group-C02387408FFC: appendEntries* s11->s13#5022-t1,previous=(t:1, i:61),leaderCommit=61,initializing? false,entries: size=2, first=(t:1, i:62), METADATAENTRY(c:61)
2024-10-16 23:57:19,199 DEBUG server.RaftServer$Division (RaftServerImpl.java:logAppendEntries(1549)) - s12@group-C02387408FFC: appendEntries* s11->s12#5023-t1,previous=(t:1, i:62),leaderCommit=62,initializing? false,entries: size=1, first=(t:1, i:63), STATEMACHINELOGENTRY, StateMachineLogEntryProto:5021@client-8D5E9047489D
2024-10-16 23:57:19,199 DEBUG server.RaftServer$Division (RaftServerImpl.java:logAppendEntries(1549)) - s13@group-C02387408FFC: appendEntries* reply s11<-s13#5022:OK-t1,SUCCESS,nextIndex=64,followerCommit=61,matchIndex=63
2024-10-16 23:57:19,199 INFO  statemachine.StateMachine (ArithmeticStateMachine.java:applyTransaction(181)) - LEADER:s11-63: b = 544 = 544
2024-10-16 23:57:19,199 DEBUG server.RaftServer$Division (RaftServerImpl.java:logAppendEntries(1549)) - s12@group-C02387408FFC: appendEntries* reply s11<-s12#5023:OK-t1,SUCCESS,nextIndex=64,followerCommit=62,matchIndex=63
2024-10-16 23:57:19,200 DEBUG server.RaftServer$Division (RaftServerImpl.java:submitClientRequestAsync(920)) - s11@group-C02387408FFC: receive client request(RaftClientRequest:client-8D5E9047489D->s11@group-C02387408FFC, cid=5025, seq=null, RW, Message:01016304010300040201...(size=17))
2024-10-16 23:57:19,200 DEBUG server.RaftServer$Division (RaftServerImpl.java:logAppendEntries(1549)) - s12@group-C02387408FFC: appendEntries* s11->s12#5026-t1,previous=(t:1, i:63),leaderCommit=63,initializing? false,entries: size=1, first=(t:1, i:64), METADATAENTRY(c:63)
2024-10-16 23:57:19,200 DEBUG server.RaftServer$Division (LeaderStateImpl.java:addPendingRequest(529)) - s11@group-C02387408FFC-LeaderStateImpl: addPendingRequest at RaftClientRequest:client-8D5E9047489D->s11@group-C02387408FFC, cid=5025, seq=null, RW, Message:01016304010300040201...(size=17), entry=(t:1, i:65), STATEMACHINELOGENTRY, WRITE: logData.size=17, stateMachineData.size=0, logEntryProtoSerializedSize=0
2024-10-16 23:57:19,200 DEBUG server.RaftServer$Division (RaftServerImpl.java:logAppendEntries(1549)) - s13@group-C02387408FFC: appendEntries* s11->s13#5024-t1,previous=(t:1, i:63),leaderCommit=63,initializing? false,entries: size=1, first=(t:1, i:64), METADATAENTRY(c:63)
2024-10-16 23:57:19,200 DEBUG server.RaftServer$Division (RaftServerImpl.java:logAppendEntries(1549)) - s12@group-C02387408FFC: appendEntries* reply s11<-s12#5026:OK-t1,SUCCESS,nextIndex=65,followerCommit=63,matchIndex=64
2024-10-16 23:57:19,201 DEBUG server.RaftServer$Division (RaftServerImpl.java:logAppendEntries(1549)) - s13@group-C02387408FFC: appendEntries* reply s11<-s13#5024:OK-t1,SUCCESS,nextIndex=65,followerCommit=63,matchIndex=64
2024-10-16 23:57:19,201 DEBUG server.RaftServer$Division (RaftServerImpl.java:logAppendEntries(1549)) - s12@group-C02387408FFC: appendEntries* s11->s12#5027-t1,previous=(t:1, i:64),leaderCommit=64,initializing? false,entries: size=1, first=(t:1, i:65), STATEMACHINELOGENTRY, StateMachineLogEntryProto:5025@client-8D5E9047489D
2024-10-16 23:57:19,201 DEBUG server.RaftServer$Division (RaftServerImpl.java:logAppendEntries(1549)) - s13@group-C02387408FFC: appendEntries* s11->s13#5028-t1,previous=(t:1, i:64),leaderCommit=64,initializing? false,entries: size=1, first=(t:1, i:65), STATEMACHINELOGENTRY, StateMachineLogEntryProto:5025@client-8D5E9047489D
2024-10-16 23:57:19,201 DEBUG server.RaftServer$Division (RaftServerImpl.java:logAppendEntries(1549)) - s12@group-C02387408FFC: appendEntries* reply s11<-s12#5027:OK-t1,SUCCESS,nextIndex=66,followerCommit=64,matchIndex=65
2024-10-16 23:57:19,202 INFO  statemachine.StateMachine (ArithmeticStateMachine.java:applyTransaction(181)) - LEADER:s11-65: c = √(a^2 + b^2) = 545
2024-10-16 23:57:19,202 DEBUG server.RaftServer$Division (RaftServerImpl.java:logAppendEntries(1549)) - s13@group-C02387408FFC: appendEntries* reply s11<-s13#5028:OK-t1,SUCCESS,nextIndex=66,followerCommit=64,matchIndex=65
2024-10-16 23:57:19,202 DEBUG server.RaftServer$Division (RaftServerImpl.java:logAppendEntries(1549)) - s12@group-C02387408FFC: appendEntries* s11->s12#5029-t1,previous=(t:1, i:65),leaderCommit=65,initializing? false,entries: size=1, first=(t:1, i:66), METADATAENTRY(c:65)
2024-10-16 23:57:19,202 DEBUG server.RaftServer$Division (RaftServerImpl.java:submitClientRequestAsync(920)) - s11@group-C02387408FFC: receive client request(RaftClientRequest:client-8D5E9047489D->s11@group-C02387408FFC, cid=5030, seq=null, RW, Message:01016100)
2024-10-16 23:57:19,203 DEBUG server.RaftServer$Division (RaftServerImpl.java:logAppendEntries(1549)) - s13@group-C02387408FFC: appendEntries* s11->s13#5031-t1,previous=(t:1, i:65),leaderCommit=65,initializing? false,entries: size=1, first=(t:1, i:66), METADATAENTRY(c:65)
2024-10-16 23:57:19,203 DEBUG server.RaftServer$Division (LeaderStateImpl.java:addPendingRequest(529)) - s11@group-C02387408FFC-LeaderStateImpl: addPendingRequest at RaftClientRequest:client-8D5E9047489D->s11@group-C02387408FFC, cid=5030, seq=null, RW, Message:01016100, entry=(t:1, i:67), STATEMACHINELOGENTRY, WRITE: logData.size=4, stateMachineData.size=0, logEntryProtoSerializedSize=0
2024-10-16 23:57:19,203 DEBUG server.RaftServer$Division (RaftServerImpl.java:logAppendEntries(1549)) - s12@group-C02387408FFC: appendEntries* reply s11<-s12#5029:OK-t1,SUCCESS,nextIndex=67,followerCommit=65,matchIndex=66
2024-10-16 23:57:19,203 DEBUG server.RaftServer$Division (RaftServerImpl.java:logAppendEntries(1549)) - s13@group-C02387408FFC: appendEntries* reply s11<-s13#5031:OK-t1,SUCCESS,nextIndex=67,followerCommit=65,matchIndex=66
2024-10-16 23:57:19,203 DEBUG server.RaftServer$Division (RaftServerImpl.java:logAppendEntries(1549)) - s12@group-C02387408FFC: appendEntries* s11->s12#5032-t1,previous=(t:1, i:66),leaderCommit=65,initializing? false,entries: size=1, first=(t:1, i:67), STATEMACHINELOGENTRY, StateMachineLogEntryProto:5030@client-8D5E9047489D
2024-10-16 23:57:19,203 DEBUG server.RaftServer$Division (RaftServerImpl.java:logAppendEntries(1549)) - s13@group-C02387408FFC: appendEntries* s11->s13#5033-t1,previous=(t:1, i:66),leaderCommit=66,initializing? false,entries: size=1, first=(t:1, i:67), STATEMACHINELOGENTRY, StateMachineLogEntryProto:5030@client-8D5E9047489D
2024-10-16 23:57:19,204 DEBUG server.RaftServer$Division (RaftServerImpl.java:logAppendEntries(1549)) - s12@group-C02387408FFC: appendEntries* reply s11<-s12#5032:OK-t1,SUCCESS,nextIndex=68,followerCommit=65,matchIndex=67
2024-10-16 23:57:19,204 DEBUG server.RaftServer$Division (RaftServerImpl.java:logAppendEntries(1549)) - s13@group-C02387408FFC: appendEntries* reply s11<-s13#5033:OK-t1,SUCCESS,nextIndex=68,followerCommit=66,matchIndex=67
2024-10-16 23:57:19,204 INFO  statemachine.StateMachine (ArithmeticStateMachine.java:applyTransaction(181)) - LEADER:s11-67: a = null = null
2024-10-16 23:57:19,205 DEBUG server.RaftServer$Division (RaftServerImpl.java:submitClientRequestAsync(920)) - s11@group-C02387408FFC: receive client request(RaftClientRequest:client-8D5E9047489D->s11@group-C02387408FFC, cid=5036, seq=null, RW, Message:01016200)
2024-10-16 23:57:19,205 DEBUG server.RaftServer$Division (RaftServerImpl.java:logAppendEntries(1549)) - s13@group-C02387408FFC: appendEntries* s11->s13#5034-t1,previous=(t:1, i:67),leaderCommit=67,initializing? false,entries: size=1, first=(t:1, i:68), METADATAENTRY(c:67)
2024-10-16 23:57:19,205 DEBUG server.RaftServer$Division (RaftServerImpl.java:logAppendEntries(1549)) - s12@group-C02387408FFC: appendEntries* s11->s12#5035-t1,previous=(t:1, i:67),leaderCommit=67,initializing? false,entries: size=1, first=(t:1, i:68), METADATAENTRY(c:67)
2024-10-16 23:57:19,205 DEBUG server.RaftServer$Division (LeaderStateImpl.java:addPendingRequest(529)) - s11@group-C02387408FFC-LeaderStateImpl: addPendingRequest at RaftClientRequest:client-8D5E9047489D->s11@group-C02387408FFC, cid=5036, seq=null, RW, Message:01016200, entry=(t:1, i:69), STATEMACHINELOGENTRY, WRITE: logData.size=4, stateMachineData.size=0, logEntryProtoSerializedSize=0
2024-10-16 23:57:19,205 DEBUG server.RaftServer$Division (RaftServerImpl.java:logAppendEntries(1549)) - s13@group-C02387408FFC: appendEntries* reply s11<-s13#5034:OK-t1,SUCCESS,nextIndex=69,followerCommit=67,matchIndex=68
2024-10-16 23:57:19,206 DEBUG server.RaftServer$Division (RaftServerImpl.java:logAppendEntries(1549)) - s12@group-C02387408FFC: appendEntries* reply s11<-s12#5035:OK-t1,SUCCESS,nextIndex=69,followerCommit=67,matchIndex=68
2024-10-16 23:57:19,206 DEBUG server.RaftServer$Division (RaftServerImpl.java:logAppendEntries(1549)) - s13@group-C02387408FFC: appendEntries* s11->s13#5037-t1,previous=(t:1, i:68),leaderCommit=67,initializing? false,entries: size=1, first=(t:1, i:69), STATEMACHINELOGENTRY, StateMachineLogEntryProto:5036@client-8D5E9047489D
2024-10-16 23:57:19,206 DEBUG server.RaftServer$Division (RaftServerImpl.java:logAppendEntries(1549)) - s12@group-C02387408FFC: appendEntries* s11->s12#5038-t1,previous=(t:1, i:68),leaderCommit=68,initializing? false,entries: size=1, first=(t:1, i:69), STATEMACHINELOGENTRY, StateMachineLogEntryProto:5036@client-8D5E9047489D
2024-10-16 23:57:19,207 DEBUG server.RaftServer$Division (RaftServerImpl.java:logAppendEntries(1549)) - s13@group-C02387408FFC: appendEntries* reply s11<-s13#5037:OK-t1,SUCCESS,nextIndex=70,followerCommit=67,matchIndex=69
2024-10-16 23:57:19,207 INFO  statemachine.StateMachine (ArithmeticStateMachine.java:applyTransaction(181)) - LEADER:s11-69: b = null = null
2024-10-16 23:57:19,207 DEBUG server.RaftServer$Division (RaftServerImpl.java:logAppendEntries(1549)) - s12@group-C02387408FFC: appendEntries* reply s11<-s12#5038:OK-t1,SUCCESS,nextIndex=70,followerCommit=68,matchIndex=69
2024-10-16 23:57:19,207 DEBUG server.RaftServer$Division (RaftServerImpl.java:logAppendEntries(1549)) - s13@group-C02387408FFC: appendEntries* s11->s13#5039-t1,previous=(t:1, i:69),leaderCommit=69,initializing? false,entries: size=1, first=(t:1, i:70), METADATAENTRY(c:69)
2024-10-16 23:57:19,207 DEBUG server.RaftServer$Division (RaftServerImpl.java:submitClientRequestAsync(920)) - s11@group-C02387408FFC: receive client request(RaftClientRequest:client-8D5E9047489D->s11@group-C02387408FFC, cid=5040, seq=null, RW, Message:01016300)
2024-10-16 23:57:19,208 DEBUG server.RaftServer$Division (RaftServerImpl.java:logAppendEntries(1549)) - s12@group-C02387408FFC: appendEntries* s11->s12#5041-t1,previous=(t:1, i:69),leaderCommit=69,initializing? false,entries: size=1, first=(t:1, i:70), METADATAENTRY(c:69)
2024-10-16 23:57:19,208 DEBUG server.RaftServer$Division (LeaderStateImpl.java:addPendingRequest(529)) - s11@group-C02387408FFC-LeaderStateImpl: addPendingRequest at RaftClientRequest:client-8D5E9047489D->s11@group-C02387408FFC, cid=5040, seq=null, RW, Message:01016300, entry=(t:1, i:71), STATEMACHINELOGENTRY, WRITE: logData.size=4, stateMachineData.size=0, logEntryProtoSerializedSize=0
2024-10-16 23:57:19,208 DEBUG server.RaftServer$Division (RaftServerImpl.java:logAppendEntries(1549)) - s13@group-C02387408FFC: appendEntries* reply s11<-s13#5039:OK-t1,SUCCESS,nextIndex=71,followerCommit=69,matchIndex=70
2024-10-16 23:57:19,208 DEBUG server.RaftServer$Division (RaftServerImpl.java:logAppendEntries(1549)) - s12@group-C02387408FFC: appendEntries* reply s11<-s12#5041:OK-t1,SUCCESS,nextIndex=71,followerCommit=69,matchIndex=70
2024-10-16 23:57:19,209 DEBUG server.RaftServer$Division (RaftServerImpl.java:logAppendEntries(1549)) - s13@group-C02387408FFC: appendEntries* s11->s13#5042-t1,previous=(t:1, i:70),leaderCommit=69,initializing? false,entries: size=1, first=(t:1, i:71), STATEMACHINELOGENTRY, StateMachineLogEntryProto:5040@client-8D5E9047489D
2024-10-16 23:57:19,209 DEBUG server.RaftServer$Division (RaftServerImpl.java:logAppendEntries(1549)) - s13@group-C02387408FFC: appendEntries* reply s11<-s13#5042:OK-t1,SUCCESS,nextIndex=72,followerCommit=69,matchIndex=71
2024-10-16 23:57:19,210 INFO  statemachine.StateMachine (ArithmeticStateMachine.java:applyTransaction(181)) - LEADER:s11-71: c = null = null
2024-10-16 23:57:19,210 DEBUG server.RaftServer$Division (RaftServerImpl.java:logAppendEntries(1549)) - s13@group-C02387408FFC: appendEntries* s11->s13#5044-t1,previous=(t:1, i:71),leaderCommit=71,initializing? false,entries: size=1, first=(t:1, i:72), METADATAENTRY(c:71)
2024-10-16 23:57:19,211 DEBUG server.RaftServer$Division (RaftServerImpl.java:logAppendEntries(1549)) - s13@group-C02387408FFC: appendEntries* reply s11<-s13#5044:OK-t1,SUCCESS,nextIndex=73,followerCommit=71,matchIndex=72
2024-10-16 23:57:19,209 DEBUG server.RaftServer$Division (RaftServerImpl.java:logAppendEntries(1549)) - s12@group-C02387408FFC: appendEntries* s11->s12#5043-t1,previous=(t:1, i:70),leaderCommit=70,initializing? false,entries: size=1, first=(t:1, i:71), STATEMACHINELOGENTRY, StateMachineLogEntryProto:5040@client-8D5E9047489D
2024-10-16 23:57:19,210 DEBUG server.RaftServer$Division (RaftServerImpl.java:submitClientRequestAsync(920)) - s11@group-C02387408FFC: receive client request(RaftClientRequest:client-8D5E9047489D->s11@group-C02387408FFC, cid=5045, seq=null, RW, Message:01016102404180000000...(size=12))
2024-10-16 23:57:19,213 DEBUG server.RaftServer$Division (LeaderStateImpl.java:addPendingRequest(529)) - s11@group-C02387408FFC-LeaderStateImpl: addPendingRequest at RaftClientRequest:client-8D5E9047489D->s11@group-C02387408FFC, cid=5045, seq=null, RW, Message:01016102404180000000...(size=12), entry=(t:1, i:73), STATEMACHINELOGENTRY, WRITE: logData.size=12, stateMachineData.size=0, logEntryProtoSerializedSize=0
2024-10-16 23:57:19,213 DEBUG server.RaftServer$Division (RaftServerImpl.java:logAppendEntries(1549)) - s12@group-C02387408FFC: appendEntries* reply s11<-s12#5043:OK-t1,SUCCESS,nextIndex=72,followerCommit=70,matchIndex=71
2024-10-16 23:57:19,213 DEBUG server.RaftServer$Division (RaftServerImpl.java:logAppendEntries(1549)) - s13@group-C02387408FFC: appendEntries* s11->s13#5046-t1,previous=(t:1, i:72),leaderCommit=72,initializing? false,entries: size=1, first=(t:1, i:73), STATEMACHINELOGENTRY, StateMachineLogEntryProto:5045@client-8D5E9047489D
2024-10-16 23:57:19,214 DEBUG server.RaftServer$Division (RaftServerImpl.java:logAppendEntries(1549)) - s12@group-C02387408FFC: appendEntries* s11->s12#5047-t1,previous=(t:1, i:71),leaderCommit=72,initializing? false,entries: size=2, first=(t:1, i:72), METADATAENTRY(c:71)
2024-10-16 23:57:19,214 DEBUG server.RaftServer$Division (RaftServerImpl.java:logAppendEntries(1549)) - s13@group-C02387408FFC: appendEntries* reply s11<-s13#5046:OK-t1,SUCCESS,nextIndex=74,followerCommit=72,matchIndex=73
2024-10-16 23:57:19,214 DEBUG server.RaftServer$Division (RaftServerImpl.java:logAppendEntries(1549)) - s12@group-C02387408FFC: appendEntries* reply s11<-s12#5047:OK-t1,SUCCESS,nextIndex=74,followerCommit=72,matchIndex=73
2024-10-16 23:57:19,215 INFO  statemachine.StateMachine (ArithmeticStateMachine.java:applyTransaction(181)) - LEADER:s11-73: a = 35 = 35
2024-10-16 23:57:19,215 DEBUG server.RaftServer$Division (RaftServerImpl.java:submitClientRequestAsync(920)) - s11@group-C02387408FFC: receive client request(RaftClientRequest:client-8D5E9047489D->s11@group-C02387408FFC, cid=5049, seq=null, RW, Message:01016202408320000000...(size=12))
2024-10-16 23:57:19,215 DEBUG server.RaftServer$Division (RaftServerImpl.java:logAppendEntries(1549)) - s12@group-C02387408FFC: appendEntries* s11->s12#5050-t1,previous=(t:1, i:73),leaderCommit=73,initializing? false,entries: size=1, first=(t:1, i:74), METADATAENTRY(c:73)
2024-10-16 23:57:19,215 DEBUG server.RaftServer$Division (RaftServerImpl.java:logAppendEntries(1549)) - s13@group-C02387408FFC: appendEntries* s11->s13#5048-t1,previous=(t:1, i:73),leaderCommit=73,initializing? false,entries: size=1, first=(t:1, i:74), METADATAENTRY(c:73)
2024-10-16 23:57:19,215 DEBUG server.RaftServer$Division (LeaderStateImpl.java:addPendingRequest(529)) - s11@group-C02387408FFC-LeaderStateImpl: addPendingRequest at RaftClientRequest:client-8D5E9047489D->s11@group-C02387408FFC, cid=5049, seq=null, RW, Message:01016202408320000000...(size=12), entry=(t:1, i:75), STATEMACHINELOGENTRY, WRITE: logData.size=12, stateMachineData.size=0, logEntryProtoSerializedSize=0
2024-10-16 23:57:19,216 DEBUG server.RaftServer$Division (RaftServerImpl.java:logAppendEntries(1549)) - s12@group-C02387408FFC: appendEntries* reply s11<-s12#5050:OK-t1,SUCCESS,nextIndex=75,followerCommit=73,matchIndex=74
2024-10-16 23:57:19,216 DEBUG server.RaftServer$Division (RaftServerImpl.java:logAppendEntries(1549)) - s13@group-C02387408FFC: appendEntries* reply s11<-s13#5048:OK-t1,SUCCESS,nextIndex=75,followerCommit=73,matchIndex=74
2024-10-16 23:57:19,217 DEBUG server.RaftServer$Division (RaftServerImpl.java:logAppendEntries(1549)) - s12@group-C02387408FFC: appendEntries* s11->s12#5051-t1,previous=(t:1, i:74),leaderCommit=74,initializing? false,entries: size=1, first=(t:1, i:75), STATEMACHINELOGENTRY, StateMachineLogEntryProto:5049@client-8D5E9047489D
2024-10-16 23:57:19,217 DEBUG server.RaftServer$Division (RaftServerImpl.java:logAppendEntries(1549)) - s13@group-C02387408FFC: appendEntries* s11->s13#5052-t1,previous=(t:1, i:74),leaderCommit=74,initializing? false,entries: size=1, first=(t:1, i:75), STATEMACHINELOGENTRY, StateMachineLogEntryProto:5049@client-8D5E9047489D
2024-10-16 23:57:19,217 DEBUG server.RaftServer$Division (RaftServerImpl.java:logAppendEntries(1549)) - s12@group-C02387408FFC: appendEntries* reply s11<-s12#5051:OK-t1,SUCCESS,nextIndex=76,followerCommit=74,matchIndex=75
2024-10-16 23:57:19,218 DEBUG server.RaftServer$Division (RaftServerImpl.java:logAppendEntries(1549)) - s13@group-C02387408FFC: appendEntries* reply s11<-s13#5052:OK-t1,SUCCESS,nextIndex=76,followerCommit=74,matchIndex=75
2024-10-16 23:57:19,218 INFO  statemachine.StateMachine (ArithmeticStateMachine.java:applyTransaction(181)) - LEADER:s11-75: b = 612 = 612
2024-10-16 23:57:19,218 DEBUG server.RaftServer$Division (RaftServerImpl.java:logAppendEntries(1549)) - s12@group-C02387408FFC: appendEntries* s11->s12#5053-t1,previous=(t:1, i:75),leaderCommit=75,initializing? false,entries: size=1, first=(t:1, i:76), METADATAENTRY(c:75)
2024-10-16 23:57:19,218 DEBUG server.RaftServer$Division (RaftServerImpl.java:submitClientRequestAsync(920)) - s11@group-C02387408FFC: receive client request(RaftClientRequest:client-8D5E9047489D->s11@group-C02387408FFC, cid=5055, seq=null, RW, Message:01016304010300040201...(size=17))
2024-10-16 23:57:19,219 DEBUG server.RaftServer$Division (LeaderStateImpl.java:addPendingRequest(529)) - s11@group-C02387408FFC-LeaderStateImpl: addPendingRequest at RaftClientRequest:client-8D5E9047489D->s11@group-C02387408FFC, cid=5055, seq=null, RW, Message:01016304010300040201...(size=17), entry=(t:1, i:77), STATEMACHINELOGENTRY, WRITE: logData.size=17, stateMachineData.size=0, logEntryProtoSerializedSize=0
2024-10-16 23:57:19,219 DEBUG server.RaftServer$Division (RaftServerImpl.java:logAppendEntries(1549)) - s12@group-C02387408FFC: appendEntries* reply s11<-s12#5053:OK-t1,SUCCESS,nextIndex=77,followerCommit=75,matchIndex=76
2024-10-16 23:57:19,218 DEBUG server.RaftServer$Division (RaftServerImpl.java:logAppendEntries(1549)) - s13@group-C02387408FFC: appendEntries* s11->s13#5054-t1,previous=(t:1, i:75),leaderCommit=75,initializing? false,entries: size=1, first=(t:1, i:76), METADATAENTRY(c:75)
2024-10-16 23:57:19,219 DEBUG server.RaftServer$Division (RaftServerImpl.java:logAppendEntries(1549)) - s13@group-C02387408FFC: appendEntries* reply s11<-s13#5054:OK-t1,SUCCESS,nextIndex=77,followerCommit=75,matchIndex=76
2024-10-16 23:57:19,220 DEBUG server.RaftServer$Division (RaftServerImpl.java:logAppendEntries(1549)) - s12@group-C02387408FFC: appendEntries* s11->s12#5056-t1,previous=(t:1, i:76),leaderCommit=75,initializing? false,entries: size=1, first=(t:1, i:77), STATEMACHINELOGENTRY, StateMachineLogEntryProto:5055@client-8D5E9047489D
2024-10-16 23:57:19,220 DEBUG server.RaftServer$Division (RaftServerImpl.java:logAppendEntries(1549)) - s13@group-C02387408FFC: appendEntries* s11->s13#5057-t1,previous=(t:1, i:76),leaderCommit=76,initializing? false,entries: size=1, first=(t:1, i:77), STATEMACHINELOGENTRY, StateMachineLogEntryProto:5055@client-8D5E9047489D
2024-10-16 23:57:19,220 DEBUG server.RaftServer$Division (RaftServerImpl.java:logAppendEntries(1549)) - s12@group-C02387408FFC: appendEntries* reply s11<-s12#5056:OK-t1,SUCCESS,nextIndex=78,followerCommit=75,matchIndex=77
2024-10-16 23:57:19,220 DEBUG server.RaftServer$Division (RaftServerImpl.java:logAppendEntries(1549)) - s13@group-C02387408FFC: appendEntries* reply s11<-s13#5057:OK-t1,SUCCESS,nextIndex=78,followerCommit=76,matchIndex=77
2024-10-16 23:57:19,220 INFO  statemachine.StateMachine (ArithmeticStateMachine.java:applyTransaction(181)) - LEADER:s11-77: c = √(a^2 + b^2) = 613
2024-10-16 23:57:19,221 DEBUG server.RaftServer$Division (RaftServerImpl.java:logAppendEntries(1549)) - s12@group-C02387408FFC: appendEntries* s11->s12#5059-t1,previous=(t:1, i:77),leaderCommit=77,initializing? false,entries: size=1, first=(t:1, i:78), METADATAENTRY(c:77)
2024-10-16 23:57:19,221 DEBUG server.RaftServer$Division (RaftServerImpl.java:logAppendEntries(1549)) - s12@group-C02387408FFC: appendEntries* reply s11<-s12#5059:OK-t1,SUCCESS,nextIndex=79,followerCommit=77,matchIndex=78
2024-10-16 23:57:19,221 DEBUG server.RaftServer$Division (RaftServerImpl.java:submitClientRequestAsync(920)) - s11@group-C02387408FFC: receive client request(RaftClientRequest:client-8D5E9047489D->s11@group-C02387408FFC, cid=5060, seq=null, RW, Message:01016100)
2024-10-16 23:57:19,222 DEBUG server.RaftServer$Division (LeaderStateImpl.java:addPendingRequest(529)) - s11@group-C02387408FFC-LeaderStateImpl: addPendingRequest at RaftClientRequest:client-8D5E9047489D->s11@group-C02387408FFC, cid=5060, seq=null, RW, Message:01016100, entry=(t:1, i:79), STATEMACHINELOGENTRY, WRITE: logData.size=4, stateMachineData.size=0, logEntryProtoSerializedSize=0
2024-10-16 23:57:19,223 DEBUG server.RaftServer$Division (RaftServerImpl.java:logAppendEntries(1549)) - s12@group-C02387408FFC: appendEntries* s11->s12#5061-t1,previous=(t:1, i:78),leaderCommit=78,initializing? false,entries: size=1, first=(t:1, i:79), STATEMACHINELOGENTRY, StateMachineLogEntryProto:5060@client-8D5E9047489D
2024-10-16 23:57:19,223 DEBUG server.RaftServer$Division (RaftServerImpl.java:logAppendEntries(1549)) - s12@group-C02387408FFC: appendEntries* reply s11<-s12#5061:OK-t1,SUCCESS,nextIndex=80,followerCommit=78,matchIndex=79
2024-10-16 23:57:19,223 INFO  statemachine.StateMachine (ArithmeticStateMachine.java:applyTransaction(181)) - LEADER:s11-79: a = null = null
2024-10-16 23:57:19,221 DEBUG server.RaftServer$Division (RaftServerImpl.java:logAppendEntries(1549)) - s13@group-C02387408FFC: appendEntries* s11->s13#5058-t1,previous=(t:1, i:77),leaderCommit=77,initializing? false,entries: size=1, first=(t:1, i:78), METADATAENTRY(c:77)
2024-10-16 23:57:19,224 DEBUG server.RaftServer$Division (RaftServerImpl.java:submitClientRequestAsync(920)) - s11@group-C02387408FFC: receive client request(RaftClientRequest:client-8D5E9047489D->s11@group-C02387408FFC, cid=5063, seq=null, RW, Message:01016200)
2024-10-16 23:57:19,224 DEBUG server.RaftServer$Division (RaftServerImpl.java:logAppendEntries(1549)) - s12@group-C02387408FFC: appendEntries* s11->s12#5062-t1,previous=(t:1, i:79),leaderCommit=79,initializing? false,entries: size=1, first=(t:1, i:80), METADATAENTRY(c:79)
2024-10-16 23:57:19,224 DEBUG server.RaftServer$Division (LeaderStateImpl.java:addPendingRequest(529)) - s11@group-C02387408FFC-LeaderStateImpl: addPendingRequest at RaftClientRequest:client-8D5E9047489D->s11@group-C02387408FFC, cid=5063, seq=null, RW, Message:01016200, entry=(t:1, i:81), STATEMACHINELOGENTRY, WRITE: logData.size=4, stateMachineData.size=0, logEntryProtoSerializedSize=0
2024-10-16 23:57:19,224 DEBUG server.RaftServer$Division (RaftServerImpl.java:logAppendEntries(1549)) - s13@group-C02387408FFC: appendEntries* reply s11<-s13#5058:OK-t1,SUCCESS,nextIndex=79,followerCommit=77,matchIndex=78
2024-10-16 23:57:19,224 DEBUG server.RaftServer$Division (RaftServerImpl.java:logAppendEntries(1549)) - s12@group-C02387408FFC: appendEntries* reply s11<-s12#5062:OK-t1,SUCCESS,nextIndex=81,followerCommit=79,matchIndex=80
2024-10-16 23:57:19,225 DEBUG server.RaftServer$Division (RaftServerImpl.java:logAppendEntries(1549)) - s12@group-C02387408FFC: appendEntries* s11->s12#5064-t1,previous=(t:1, i:80),leaderCommit=79,initializing? false,entries: size=1, first=(t:1, i:81), STATEMACHINELOGENTRY, StateMachineLogEntryProto:5063@client-8D5E9047489D
2024-10-16 23:57:19,226 DEBUG server.RaftServer$Division (RaftServerImpl.java:logAppendEntries(1549)) - s12@group-C02387408FFC: appendEntries* reply s11<-s12#5064:OK-t1,SUCCESS,nextIndex=82,followerCommit=79,matchIndex=81
2024-10-16 23:57:19,226 INFO  statemachine.StateMachine (ArithmeticStateMachine.java:applyTransaction(181)) - LEADER:s11-81: b = null = null
2024-10-16 23:57:19,226 DEBUG server.RaftServer$Division (RaftServerImpl.java:logAppendEntries(1549)) - s12@group-C02387408FFC: appendEntries* s11->s12#5065-t1,previous=(t:1, i:81),leaderCommit=81,initializing? false,entries: size=1, first=(t:1, i:82), METADATAENTRY(c:81)
2024-10-16 23:57:19,226 DEBUG server.RaftServer$Division (RaftServerImpl.java:submitClientRequestAsync(920)) - s11@group-C02387408FFC: receive client request(RaftClientRequest:client-8D5E9047489D->s11@group-C02387408FFC, cid=5066, seq=null, RW, Message:01016300)
2024-10-16 23:57:19,227 DEBUG server.RaftServer$Division (LeaderStateImpl.java:addPendingRequest(529)) - s11@group-C02387408FFC-LeaderStateImpl: addPendingRequest at RaftClientRequest:client-8D5E9047489D->s11@group-C02387408FFC, cid=5066, seq=null, RW, Message:01016300, entry=(t:1, i:83), STATEMACHINELOGENTRY, WRITE: logData.size=4, stateMachineData.size=0, logEntryProtoSerializedSize=0
2024-10-16 23:57:19,227 DEBUG server.RaftServer$Division (RaftServerImpl.java:logAppendEntries(1549)) - s12@group-C02387408FFC: appendEntries* reply s11<-s12#5065:OK-t1,SUCCESS,nextIndex=83,followerCommit=81,matchIndex=82
2024-10-16 23:57:19,227 DEBUG server.RaftServer$Division (RaftServerImpl.java:logAppendEntries(1549)) - s13@group-C02387408FFC: appendEntries* s11->s13#5067-t1,previous=(t:1, i:78),leaderCommit=81,initializing? false,entries: size=4, first=(t:1, i:79), STATEMACHINELOGENTRY, StateMachineLogEntryProto:5060@client-8D5E9047489D
2024-10-16 23:57:19,227 DEBUG server.RaftServer$Division (RaftServerImpl.java:logAppendEntries(1549)) - s13@group-C02387408FFC: appendEntries* reply s11<-s13#5067:OK-t1,SUCCESS,nextIndex=83,followerCommit=81,matchIndex=82
2024-10-16 23:57:19,228 DEBUG server.RaftServer$Division (RaftServerImpl.java:logAppendEntries(1549)) - s12@group-C02387408FFC: appendEntries* s11->s12#5068-t1,previous=(t:1, i:82),leaderCommit=81,initializing? false,entries: size=1, first=(t:1, i:83), STATEMACHINELOGENTRY, StateMachineLogEntryProto:5066@client-8D5E9047489D
2024-10-16 23:57:19,228 DEBUG server.RaftServer$Division (RaftServerImpl.java:logAppendEntries(1549)) - s13@group-C02387408FFC: appendEntries* s11->s13#5069-t1,previous=(t:1, i:82),leaderCommit=82,initializing? false,entries: size=1, first=(t:1, i:83), STATEMACHINELOGENTRY, StateMachineLogEntryProto:5066@client-8D5E9047489D
2024-10-16 23:57:19,228 DEBUG server.RaftServer$Division (RaftServerImpl.java:logAppendEntries(1549)) - s12@group-C02387408FFC: appendEntries* reply s11<-s12#5068:OK-t1,SUCCESS,nextIndex=84,followerCommit=81,matchIndex=83
2024-10-16 23:57:19,228 DEBUG server.RaftServer$Division (RaftServerImpl.java:logAppendEntries(1549)) - s13@group-C02387408FFC: appendEntries* reply s11<-s13#5069:OK-t1,SUCCESS,nextIndex=84,followerCommit=82,matchIndex=83
2024-10-16 23:57:19,229 INFO  statemachine.StateMachine (ArithmeticStateMachine.java:applyTransaction(181)) - LEADER:s11-83: c = null = null
2024-10-16 23:57:19,229 DEBUG server.RaftServer$Division (RaftServerImpl.java:logAppendEntries(1549)) - s12@group-C02387408FFC: appendEntries* s11->s12#5071-t1,previous=(t:1, i:83),leaderCommit=83,initializing? false,entries: size=1, first=(t:1, i:84), METADATAENTRY(c:83)
2024-10-16 23:57:19,229 DEBUG server.RaftServer$Division (RaftServerImpl.java:logAppendEntries(1549)) - s13@group-C02387408FFC: appendEntries* s11->s13#5070-t1,previous=(t:1, i:83),leaderCommit=83,initializing? false,entries: size=1, first=(t:1, i:84), METADATAENTRY(c:83)
2024-10-16 23:57:19,229 DEBUG server.RaftServer$Division (RaftServerImpl.java:submitClientRequestAsync(920)) - s11@group-C02387408FFC: receive client request(RaftClientRequest:client-8D5E9047489D->s11@group-C02387408FFC, cid=5072, seq=null, RW, Message:01016102404280000000...(size=12))
2024-10-16 23:57:19,229 DEBUG server.RaftServer$Division (LeaderStateImpl.java:addPendingRequest(529)) - s11@group-C02387408FFC-LeaderStateImpl: addPendingRequest at RaftClientRequest:client-8D5E9047489D->s11@group-C02387408FFC, cid=5072, seq=null, RW, Message:01016102404280000000...(size=12), entry=(t:1, i:85), STATEMACHINELOGENTRY, WRITE: logData.size=12, stateMachineData.size=0, logEntryProtoSerializedSize=0
2024-10-16 23:57:19,229 DEBUG server.RaftServer$Division (RaftServerImpl.java:logAppendEntries(1549)) - s12@group-C02387408FFC: appendEntries* reply s11<-s12#5071:OK-t1,SUCCESS,nextIndex=85,followerCommit=83,matchIndex=84
2024-10-16 23:57:19,229 DEBUG server.RaftServer$Division (RaftServerImpl.java:logAppendEntries(1549)) - s13@group-C02387408FFC: appendEntries* reply s11<-s13#5070:OK-t1,SUCCESS,nextIndex=85,followerCommit=83,matchIndex=84
2024-10-16 23:57:19,230 DEBUG server.RaftServer$Division (RaftServerImpl.java:logAppendEntries(1549)) - s13@group-C02387408FFC: appendEntries* s11->s13#5073-t1,previous=(t:1, i:84),leaderCommit=84,initializing? false,entries: size=1, first=(t:1, i:85), STATEMACHINELOGENTRY, StateMachineLogEntryProto:5072@client-8D5E9047489D
2024-10-16 23:57:19,230 DEBUG server.RaftServer$Division (RaftServerImpl.java:logAppendEntries(1549)) - s12@group-C02387408FFC: appendEntries* s11->s12#5074-t1,previous=(t:1, i:84),leaderCommit=84,initializing? false,entries: size=1, first=(t:1, i:85), STATEMACHINELOGENTRY, StateMachineLogEntryProto:5072@client-8D5E9047489D
2024-10-16 23:57:19,231 DEBUG server.RaftServer$Division (RaftServerImpl.java:logAppendEntries(1549)) - s13@group-C02387408FFC: appendEntries* reply s11<-s13#5073:OK-t1,SUCCESS,nextIndex=86,followerCommit=84,matchIndex=85
2024-10-16 23:57:19,231 DEBUG server.RaftServer$Division (RaftServerImpl.java:logAppendEntries(1549)) - s12@group-C02387408FFC: appendEntries* reply s11<-s12#5074:OK-t1,SUCCESS,nextIndex=86,followerCommit=84,matchIndex=85
2024-10-16 23:57:19,231 INFO  statemachine.StateMachine (ArithmeticStateMachine.java:applyTransaction(181)) - LEADER:s11-85: a = 37 = 37
2024-10-16 23:57:19,231 DEBUG server.RaftServer$Division (RaftServerImpl.java:logAppendEntries(1549)) - s13@group-C02387408FFC: appendEntries* s11->s13#5075-t1,previous=(t:1, i:85),leaderCommit=85,initializing? false,entries: size=1, first=(t:1, i:86), METADATAENTRY(c:85)
2024-10-16 23:57:19,232 DEBUG server.RaftServer$Division (RaftServerImpl.java:submitClientRequestAsync(920)) - s11@group-C02387408FFC: receive client request(RaftClientRequest:client-8D5E9047489D->s11@group-C02387408FFC, cid=5076, seq=null, RW, Message:01016202408560000000...(size=12))
2024-10-16 23:57:19,232 DEBUG server.RaftServer$Division (RaftServerImpl.java:logAppendEntries(1549)) - s12@group-C02387408FFC: appendEntries* s11->s12#5077-t1,previous=(t:1, i:85),leaderCommit=85,initializing? false,entries: size=1, first=(t:1, i:86), METADATAENTRY(c:85)
2024-10-16 23:57:19,232 DEBUG server.RaftServer$Division (LeaderStateImpl.java:addPendingRequest(529)) - s11@group-C02387408FFC-LeaderStateImpl: addPendingRequest at RaftClientRequest:client-8D5E9047489D->s11@group-C02387408FFC, cid=5076, seq=null, RW, Message:01016202408560000000...(size=12), entry=(t:1, i:87), STATEMACHINELOGENTRY, WRITE: logData.size=12, stateMachineData.size=0, logEntryProtoSerializedSize=0
2024-10-16 23:57:19,232 DEBUG server.RaftServer$Division (RaftServerImpl.java:logAppendEntries(1549)) - s13@group-C02387408FFC: appendEntries* reply s11<-s13#5075:OK-t1,SUCCESS,nextIndex=87,followerCommit=85,matchIndex=86
2024-10-16 23:57:19,232 DEBUG server.RaftServer$Division (RaftServerImpl.java:logAppendEntries(1549)) - s12@group-C02387408FFC: appendEntries* reply s11<-s12#5077:OK-t1,SUCCESS,nextIndex=87,followerCommit=85,matchIndex=86
2024-10-16 23:57:19,232 DEBUG server.RaftServer$Division (RaftServerImpl.java:logAppendEntries(1549)) - s13@group-C02387408FFC: appendEntries* s11->s13#5078-t1,previous=(t:1, i:86),leaderCommit=86,initializing? false,entries: size=1, first=(t:1, i:87), STATEMACHINELOGENTRY, StateMachineLogEntryProto:5076@client-8D5E9047489D
2024-10-16 23:57:19,233 DEBUG server.RaftServer$Division (RaftServerImpl.java:logAppendEntries(1549)) - s13@group-C02387408FFC: appendEntries* reply s11<-s13#5078:OK-t1,SUCCESS,nextIndex=88,followerCommit=86,matchIndex=87
2024-10-16 23:57:19,233 INFO  statemachine.StateMachine (ArithmeticStateMachine.java:applyTransaction(181)) - LEADER:s11-87: b = 684 = 684
2024-10-16 23:57:19,233 DEBUG server.RaftServer$Division (RaftServerImpl.java:logAppendEntries(1549)) - s12@group-C02387408FFC: appendEntries* s11->s12#5079-t1,previous=(t:1, i:86),leaderCommit=86,initializing? false,entries: size=1, first=(t:1, i:87), STATEMACHINELOGENTRY, StateMachineLogEntryProto:5076@client-8D5E9047489D
2024-10-16 23:57:19,233 DEBUG server.RaftServer$Division (RaftServerImpl.java:logAppendEntries(1549)) - s13@group-C02387408FFC: appendEntries* s11->s13#5080-t1,previous=(t:1, i:87),leaderCommit=87,initializing? false,entries: size=1, first=(t:1, i:88), METADATAENTRY(c:87)
2024-10-16 23:57:19,234 DEBUG server.RaftServer$Division (RaftServerImpl.java:submitClientRequestAsync(920)) - s11@group-C02387408FFC: receive client request(RaftClientRequest:client-8D5E9047489D->s11@group-C02387408FFC, cid=5081, seq=null, RW, Message:01016304010300040201...(size=17))
2024-10-16 23:57:19,234 DEBUG server.RaftServer$Division (RaftServerImpl.java:logAppendEntries(1549)) - s12@group-C02387408FFC: appendEntries* reply s11<-s12#5079:OK-t1,SUCCESS,nextIndex=88,followerCommit=86,matchIndex=87
2024-10-16 23:57:19,234 DEBUG server.RaftServer$Division (LeaderStateImpl.java:addPendingRequest(529)) - s11@group-C02387408FFC-LeaderStateImpl: addPendingRequest at RaftClientRequest:client-8D5E9047489D->s11@group-C02387408FFC, cid=5081, seq=null, RW, Message:01016304010300040201...(size=17), entry=(t:1, i:89), STATEMACHINELOGENTRY, WRITE: logData.size=17, stateMachineData.size=0, logEntryProtoSerializedSize=0
2024-10-16 23:57:19,234 DEBUG server.RaftServer$Division (RaftServerImpl.java:logAppendEntries(1549)) - s13@group-C02387408FFC: appendEntries* reply s11<-s13#5080:OK-t1,SUCCESS,nextIndex=89,followerCommit=87,matchIndex=88
2024-10-16 23:57:19,234 DEBUG server.RaftServer$Division (RaftServerImpl.java:logAppendEntries(1549)) - s12@group-C02387408FFC: appendEntries* s11->s12#5082-t1,previous=(t:1, i:87),leaderCommit=87,initializing? false,entries: size=2, first=(t:1, i:88), METADATAENTRY(c:87)
2024-10-16 23:57:19,234 DEBUG server.RaftServer$Division (RaftServerImpl.java:logAppendEntries(1549)) - s13@group-C02387408FFC: appendEntries* s11->s13#5083-t1,previous=(t:1, i:88),leaderCommit=88,initializing? false,entries: size=1, first=(t:1, i:89), STATEMACHINELOGENTRY, StateMachineLogEntryProto:5081@client-8D5E9047489D
2024-10-16 23:57:19,235 DEBUG server.RaftServer$Division (RaftServerImpl.java:logAppendEntries(1549)) - s13@group-C02387408FFC: appendEntries* reply s11<-s13#5083:OK-t1,SUCCESS,nextIndex=90,followerCommit=88,matchIndex=89
2024-10-16 23:57:19,235 DEBUG server.RaftServer$Division (RaftServerImpl.java:logAppendEntries(1549)) - s12@group-C02387408FFC: appendEntries* reply s11<-s12#5082:OK-t1,SUCCESS,nextIndex=90,followerCommit=87,matchIndex=89
2024-10-16 23:57:19,235 INFO  statemachine.StateMachine (ArithmeticStateMachine.java:applyTransaction(181)) - LEADER:s11-89: c = √(a^2 + b^2) = 685
2024-10-16 23:57:19,236 DEBUG server.RaftServer$Division (RaftServerImpl.java:logAppendEntries(1549)) - s13@group-C02387408FFC: appendEntries* s11->s13#5084-t1,previous=(t:1, i:89),leaderCommit=89,initializing? false,entries: size=1, first=(t:1, i:90), METADATAENTRY(c:89)
2024-10-16 23:57:19,236 DEBUG server.RaftServer$Division (RaftServerImpl.java:submitClientRequestAsync(920)) - s11@group-C02387408FFC: receive client request(RaftClientRequest:client-8D5E9047489D->s11@group-C02387408FFC, cid=5085, seq=null, RW, Message:01016100)
2024-10-16 23:57:19,236 DEBUG server.RaftServer$Division (RaftServerImpl.java:logAppendEntries(1549)) - s12@group-C02387408FFC: appendEntries* s11->s12#5086-t1,previous=(t:1, i:89),leaderCommit=89,initializing? false,entries: size=1, first=(t:1, i:90), METADATAENTRY(c:89)
2024-10-16 23:57:19,236 DEBUG server.RaftServer$Division (LeaderStateImpl.java:addPendingRequest(529)) - s11@group-C02387408FFC-LeaderStateImpl: addPendingRequest at RaftClientRequest:client-8D5E9047489D->s11@group-C02387408FFC, cid=5085, seq=null, RW, Message:01016100, entry=(t:1, i:91), STATEMACHINELOGENTRY, WRITE: logData.size=4, stateMachineData.size=0, logEntryProtoSerializedSize=0
2024-10-16 23:57:19,236 DEBUG server.RaftServer$Division (RaftServerImpl.java:logAppendEntries(1549)) - s13@group-C02387408FFC: appendEntries* reply s11<-s13#5084:OK-t1,SUCCESS,nextIndex=91,followerCommit=89,matchIndex=90
2024-10-16 23:57:19,236 DEBUG server.RaftServer$Division (RaftServerImpl.java:logAppendEntries(1549)) - s12@group-C02387408FFC: appendEntries* reply s11<-s12#5086:OK-t1,SUCCESS,nextIndex=91,followerCommit=89,matchIndex=90
2024-10-16 23:57:19,237 DEBUG server.RaftServer$Division (RaftServerImpl.java:logAppendEntries(1549)) - s13@group-C02387408FFC: appendEntries* s11->s13#5087-t1,previous=(t:1, i:90),leaderCommit=89,initializing? false,entries: size=1, first=(t:1, i:91), STATEMACHINELOGENTRY, StateMachineLogEntryProto:5085@client-8D5E9047489D
2024-10-16 23:57:19,237 DEBUG server.RaftServer$Division (RaftServerImpl.java:logAppendEntries(1549)) - s12@group-C02387408FFC: appendEntries* s11->s12#5088-t1,previous=(t:1, i:90),leaderCommit=90,initializing? false,entries: size=1, first=(t:1, i:91), STATEMACHINELOGENTRY, StateMachineLogEntryProto:5085@client-8D5E9047489D
2024-10-16 23:57:19,237 DEBUG server.RaftServer$Division (RaftServerImpl.java:logAppendEntries(1549)) - s13@group-C02387408FFC: appendEntries* reply s11<-s13#5087:OK-t1,SUCCESS,nextIndex=92,followerCommit=89,matchIndex=91
2024-10-16 23:57:19,237 INFO  statemachine.StateMachine (ArithmeticStateMachine.java:applyTransaction(181)) - LEADER:s11-91: a = null = null
2024-10-16 23:57:19,238 DEBUG server.RaftServer$Division (RaftServerImpl.java:logAppendEntries(1549)) - s12@group-C02387408FFC: appendEntries* reply s11<-s12#5088:OK-t1,SUCCESS,nextIndex=92,followerCommit=90,matchIndex=91
2024-10-16 23:57:19,238 DEBUG server.RaftServer$Division (RaftServerImpl.java:logAppendEntries(1549)) - s13@group-C02387408FFC: appendEntries* s11->s13#5089-t1,previous=(t:1, i:91),leaderCommit=91,initializing? false,entries: size=1, first=(t:1, i:92), METADATAENTRY(c:91)
2024-10-16 23:57:19,238 DEBUG server.RaftServer$Division (RaftServerImpl.java:submitClientRequestAsync(920)) - s11@group-C02387408FFC: receive client request(RaftClientRequest:client-8D5E9047489D->s11@group-C02387408FFC, cid=5090, seq=null, RW, Message:01016200)
2024-10-16 23:57:19,238 DEBUG server.RaftServer$Division (LeaderStateImpl.java:addPendingRequest(529)) - s11@group-C02387408FFC-LeaderStateImpl: addPendingRequest at RaftClientRequest:client-8D5E9047489D->s11@group-C02387408FFC, cid=5090, seq=null, RW, Message:01016200, entry=(t:1, i:93), STATEMACHINELOGENTRY, WRITE: logData.size=4, stateMachineData.size=0, logEntryProtoSerializedSize=0
2024-10-16 23:57:19,238 DEBUG server.RaftServer$Division (RaftServerImpl.java:logAppendEntries(1549)) - s13@group-C02387408FFC: appendEntries* reply s11<-s13#5089:OK-t1,SUCCESS,nextIndex=93,followerCommit=91,matchIndex=92
2024-10-16 23:57:19,238 DEBUG server.RaftServer$Division (RaftServerImpl.java:logAppendEntries(1549)) - s12@group-C02387408FFC: appendEntries* s11->s12#5091-t1,previous=(t:1, i:91),leaderCommit=91,initializing? false,entries: size=1, first=(t:1, i:92), METADATAENTRY(c:91)
2024-10-16 23:57:19,239 DEBUG server.RaftServer$Division (RaftServerImpl.java:logAppendEntries(1549)) - s13@group-C02387408FFC: appendEntries* s11->s13#5092-t1,previous=(t:1, i:92),leaderCommit=92,initializing? false,entries: size=1, first=(t:1, i:93), STATEMACHINELOGENTRY, StateMachineLogEntryProto:5090@client-8D5E9047489D
2024-10-16 23:57:19,239 DEBUG server.RaftServer$Division (RaftServerImpl.java:logAppendEntries(1549)) - s12@group-C02387408FFC: appendEntries* reply s11<-s12#5091:OK-t1,SUCCESS,nextIndex=93,followerCommit=91,matchIndex=92
2024-10-16 23:57:19,239 DEBUG server.RaftServer$Division (RaftServerImpl.java:logAppendEntries(1549)) - s13@group-C02387408FFC: appendEntries* reply s11<-s13#5092:OK-t1,SUCCESS,nextIndex=94,followerCommit=92,matchIndex=93
2024-10-16 23:57:19,239 DEBUG server.RaftServer$Division (RaftServerImpl.java:logAppendEntries(1549)) - s12@group-C02387408FFC: appendEntries* s11->s12#5093-t1,previous=(t:1, i:92),leaderCommit=92,initializing? false,entries: size=1, first=(t:1, i:93), STATEMACHINELOGENTRY, StateMachineLogEntryProto:5090@client-8D5E9047489D
2024-10-16 23:57:19,240 DEBUG server.RaftServer$Division (RaftServerImpl.java:logAppendEntries(1549)) - s12@group-C02387408FFC: appendEntries* reply s11<-s12#5093:OK-t1,SUCCESS,nextIndex=94,followerCommit=92,matchIndex=93
2024-10-16 23:57:19,240 INFO  statemachine.StateMachine (ArithmeticStateMachine.java:applyTransaction(181)) - LEADER:s11-93: b = null = null
2024-10-16 23:57:19,241 DEBUG server.RaftServer$Division (RaftServerImpl.java:submitClientRequestAsync(920)) - s11@group-C02387408FFC: receive client request(RaftClientRequest:client-8D5E9047489D->s11@group-C02387408FFC, cid=5095, seq=null, RW, Message:01016300)
2024-10-16 23:57:19,241 DEBUG server.RaftServer$Division (RaftServerImpl.java:logAppendEntries(1549)) - s12@group-C02387408FFC: appendEntries* s11->s12#5094-t1,previous=(t:1, i:93),leaderCommit=93,initializing? false,entries: size=1, first=(t:1, i:94), METADATAENTRY(c:93)
2024-10-16 23:57:19,241 DEBUG server.RaftServer$Division (RaftServerImpl.java:logAppendEntries(1549)) - s13@group-C02387408FFC: appendEntries* s11->s13#5096-t1,previous=(t:1, i:93),leaderCommit=93,initializing? false,entries: size=1, first=(t:1, i:94), METADATAENTRY(c:93)
2024-10-16 23:57:19,241 DEBUG server.RaftServer$Division (LeaderStateImpl.java:addPendingRequest(529)) - s11@group-C02387408FFC-LeaderStateImpl: addPendingRequest at RaftClientRequest:client-8D5E9047489D->s11@group-C02387408FFC, cid=5095, seq=null, RW, Message:01016300, entry=(t:1, i:95), STATEMACHINELOGENTRY, WRITE: logData.size=4, stateMachineData.size=0, logEntryProtoSerializedSize=0
2024-10-16 23:57:19,241 DEBUG server.RaftServer$Division (RaftServerImpl.java:logAppendEntries(1549)) - s13@group-C02387408FFC: appendEntries* reply s11<-s13#5096:OK-t1,SUCCESS,nextIndex=95,followerCommit=93,matchIndex=94
2024-10-16 23:57:19,241 DEBUG server.RaftServer$Division (RaftServerImpl.java:logAppendEntries(1549)) - s12@group-C02387408FFC: appendEntries* reply s11<-s12#5094:OK-t1,SUCCESS,nextIndex=95,followerCommit=93,matchIndex=94
2024-10-16 23:57:19,242 DEBUG server.RaftServer$Division (RaftServerImpl.java:logAppendEntries(1549)) - s13@group-C02387408FFC: appendEntries* s11->s13#5097-t1,previous=(t:1, i:94),leaderCommit=94,initializing? false,entries: size=1, first=(t:1, i:95), STATEMACHINELOGENTRY, StateMachineLogEntryProto:5095@client-8D5E9047489D
2024-10-16 23:57:19,242 DEBUG server.RaftServer$Division (RaftServerImpl.java:logAppendEntries(1549)) - s12@group-C02387408FFC: appendEntries* s11->s12#5098-t1,previous=(t:1, i:94),leaderCommit=94,initializing? false,entries: size=1, first=(t:1, i:95), STATEMACHINELOGENTRY, StateMachineLogEntryProto:5095@client-8D5E9047489D
2024-10-16 23:57:19,242 DEBUG server.RaftServer$Division (RaftServerImpl.java:logAppendEntries(1549)) - s13@group-C02387408FFC: appendEntries* reply s11<-s13#5097:OK-t1,SUCCESS,nextIndex=96,followerCommit=94,matchIndex=95
2024-10-16 23:57:19,242 INFO  statemachine.StateMachine (ArithmeticStateMachine.java:applyTransaction(181)) - LEADER:s11-95: c = null = null
2024-10-16 23:57:19,243 DEBUG server.RaftServer$Division (RaftServerImpl.java:logAppendEntries(1549)) - s12@group-C02387408FFC: appendEntries* reply s11<-s12#5098:OK-t1,SUCCESS,nextIndex=96,followerCommit=94,matchIndex=95
2024-10-16 23:57:19,243 DEBUG server.RaftServer$Division (RaftServerImpl.java:logAppendEntries(1549)) - s13@group-C02387408FFC: appendEntries* s11->s13#5099-t1,previous=(t:1, i:95),leaderCommit=95,initializing? false,entries: size=1, first=(t:1, i:96), METADATAENTRY(c:95)
2024-10-16 23:57:19,243 DEBUG server.RaftServer$Division (RaftServerImpl.java:submitClientRequestAsync(920)) - s11@group-C02387408FFC: receive client request(RaftClientRequest:client-8D5E9047489D->s11@group-C02387408FFC, cid=5100, seq=null, RW, Message:01016102404380000000...(size=12))
2024-10-16 23:57:19,243 DEBUG server.RaftServer$Division (LeaderStateImpl.java:addPendingRequest(529)) - s11@group-C02387408FFC-LeaderStateImpl: addPendingRequest at RaftClientRequest:client-8D5E9047489D->s11@group-C02387408FFC, cid=5100, seq=null, RW, Message:01016102404380000000...(size=12), entry=(t:1, i:97), STATEMACHINELOGENTRY, WRITE: logData.size=12, stateMachineData.size=0, logEntryProtoSerializedSize=0
2024-10-16 23:57:19,243 DEBUG server.RaftServer$Division (RaftServerImpl.java:logAppendEntries(1549)) - s13@group-C02387408FFC: appendEntries* reply s11<-s13#5099:OK-t1,SUCCESS,nextIndex=97,followerCommit=95,matchIndex=96
2024-10-16 23:57:19,244 DEBUG server.RaftServer$Division (RaftServerImpl.java:logAppendEntries(1549)) - s12@group-C02387408FFC: appendEntries* s11->s12#5101-t1,previous=(t:1, i:95),leaderCommit=95,initializing? false,entries: size=1, first=(t:1, i:96), METADATAENTRY(c:95)
2024-10-16 23:57:19,244 DEBUG server.RaftServer$Division (RaftServerImpl.java:logAppendEntries(1549)) - s13@group-C02387408FFC: appendEntries* s11->s13#5102-t1,previous=(t:1, i:96),leaderCommit=96,initializing? false,entries: size=1, first=(t:1, i:97), STATEMACHINELOGENTRY, StateMachineLogEntryProto:5100@client-8D5E9047489D
2024-10-16 23:57:19,244 DEBUG server.RaftServer$Division (RaftServerImpl.java:logAppendEntries(1549)) - s12@group-C02387408FFC: appendEntries* reply s11<-s12#5101:OK-t1,SUCCESS,nextIndex=97,followerCommit=95,matchIndex=96
2024-10-16 23:57:19,244 DEBUG server.RaftServer$Division (RaftServerImpl.java:logAppendEntries(1549)) - s13@group-C02387408FFC: appendEntries* reply s11<-s13#5102:OK-t1,SUCCESS,nextIndex=98,followerCommit=96,matchIndex=97
2024-10-16 23:57:19,245 INFO  statemachine.StateMachine (ArithmeticStateMachine.java:applyTransaction(181)) - LEADER:s11-97: a = 39 = 39
2024-10-16 23:57:19,245 DEBUG server.RaftServer$Division (RaftServerImpl.java:logAppendEntries(1549)) - s13@group-C02387408FFC: appendEntries* s11->s13#5104-t1,previous=(t:1, i:97),leaderCommit=97,initializing? false,entries: size=1, first=(t:1, i:98), METADATAENTRY(c:97)
2024-10-16 23:57:19,245 DEBUG server.RaftServer$Division (RaftServerImpl.java:logAppendEntries(1549)) - s12@group-C02387408FFC: appendEntries* s11->s12#5103-t1,previous=(t:1, i:96),leaderCommit=96,initializing? false,entries: size=1, first=(t:1, i:97), STATEMACHINELOGENTRY, StateMachineLogEntryProto:5100@client-8D5E9047489D
2024-10-16 23:57:19,245 DEBUG server.RaftServer$Division (RaftServerImpl.java:submitClientRequestAsync(920)) - s11@group-C02387408FFC: receive client request(RaftClientRequest:client-8D5E9047489D->s11@group-C02387408FFC, cid=5105, seq=null, RW, Message:010162024087c0000000...(size=12))
2024-10-16 23:57:19,245 DEBUG server.RaftServer$Division (RaftServerImpl.java:logAppendEntries(1549)) - s13@group-C02387408FFC: appendEntries* reply s11<-s13#5104:OK-t1,SUCCESS,nextIndex=99,followerCommit=97,matchIndex=98
2024-10-16 23:57:19,245 DEBUG server.RaftServer$Division (RaftServerImpl.java:logAppendEntries(1549)) - s12@group-C02387408FFC: appendEntries* reply s11<-s12#5103:OK-t1,SUCCESS,nextIndex=98,followerCommit=96,matchIndex=97
2024-10-16 23:57:19,245 DEBUG server.RaftServer$Division (LeaderStateImpl.java:addPendingRequest(529)) - s11@group-C02387408FFC-LeaderStateImpl: addPendingRequest at RaftClientRequest:client-8D5E9047489D->s11@group-C02387408FFC, cid=5105, seq=null, RW, Message:010162024087c0000000...(size=12), entry=(t:1, i:99), STATEMACHINELOGENTRY, WRITE: logData.size=12, stateMachineData.size=0, logEntryProtoSerializedSize=0
2024-10-16 23:57:19,246 DEBUG server.RaftServer$Division (RaftServerImpl.java:logAppendEntries(1549)) - s13@group-C02387408FFC: appendEntries* s11->s13#5106-t1,previous=(t:1, i:98),leaderCommit=97,initializing? false,entries: size=1, first=(t:1, i:99), STATEMACHINELOGENTRY, StateMachineLogEntryProto:5105@client-8D5E9047489D
2024-10-16 23:57:19,246 DEBUG server.RaftServer$Division (RaftServerImpl.java:logAppendEntries(1549)) - s12@group-C02387408FFC: appendEntries* s11->s12#5107-t1,previous=(t:1, i:97),leaderCommit=98,initializing? false,entries: size=2, first=(t:1, i:98), METADATAENTRY(c:97)
2024-10-16 23:57:19,246 DEBUG server.RaftServer$Division (RaftServerImpl.java:logAppendEntries(1549)) - s13@group-C02387408FFC: appendEntries* reply s11<-s13#5106:OK-t1,SUCCESS,nextIndex=100,followerCommit=97,matchIndex=99
2024-10-16 23:57:19,246 INFO  statemachine.StateMachine (ArithmeticStateMachine.java:applyTransaction(181)) - LEADER:s11-99: b = 760 = 760
2024-10-16 23:57:19,247 DEBUG server.RaftServer$Division (RaftServerImpl.java:logAppendEntries(1549)) - s13@group-C02387408FFC: appendEntries* s11->s13#5108-t1,previous=(t:1, i:99),leaderCommit=99,initializing? false,entries: size=1, first=(t:1, i:100), METADATAENTRY(c:99)
2024-10-16 23:57:19,247 DEBUG server.RaftServer$Division (RaftServerImpl.java:submitClientRequestAsync(920)) - s11@group-C02387408FFC: receive client request(RaftClientRequest:client-8D5E9047489D->s11@group-C02387408FFC, cid=5109, seq=null, RW, Message:01016304010300040201...(size=17))
2024-10-16 23:57:19,247 DEBUG server.RaftServer$Division (RaftServerImpl.java:logAppendEntries(1549)) - s12@group-C02387408FFC: appendEntries* reply s11<-s12#5107:OK-t1,SUCCESS,nextIndex=100,followerCommit=98,matchIndex=99
2024-10-16 23:57:19,247 DEBUG server.RaftServer$Division (LeaderStateImpl.java:addPendingRequest(529)) - s11@group-C02387408FFC-LeaderStateImpl: addPendingRequest at RaftClientRequest:client-8D5E9047489D->s11@group-C02387408FFC, cid=5109, seq=null, RW, Message:01016304010300040201...(size=17), entry=(t:1, i:101), STATEMACHINELOGENTRY, WRITE: logData.size=17, stateMachineData.size=0, logEntryProtoSerializedSize=0
2024-10-16 23:57:19,247 DEBUG server.RaftServer$Division (RaftServerImpl.java:logAppendEntries(1549)) - s13@group-C02387408FFC: appendEntries* reply s11<-s13#5108:OK-t1,SUCCESS,nextIndex=101,followerCommit=99,matchIndex=100
2024-10-16 23:57:19,248 DEBUG server.RaftServer$Division (RaftServerImpl.java:logAppendEntries(1549)) - s12@group-C02387408FFC: appendEntries* s11->s12#5110-t1,previous=(t:1, i:99),leaderCommit=99,initializing? false,entries: size=2, first=(t:1, i:100), METADATAENTRY(c:99)
2024-10-16 23:57:19,248 DEBUG server.RaftServer$Division (RaftServerImpl.java:logAppendEntries(1549)) - s13@group-C02387408FFC: appendEntries* s11->s13#5111-t1,previous=(t:1, i:100),leaderCommit=99,initializing? false,entries: size=1, first=(t:1, i:101), STATEMACHINELOGENTRY, StateMachineLogEntryProto:5109@client-8D5E9047489D
2024-10-16 23:57:19,248 DEBUG server.RaftServer$Division (RaftServerImpl.java:logAppendEntries(1549)) - s13@group-C02387408FFC: appendEntries* reply s11<-s13#5111:OK-t1,SUCCESS,nextIndex=102,followerCommit=99,matchIndex=101
2024-10-16 23:57:19,248 DEBUG server.RaftServer$Division (RaftServerImpl.java:logAppendEntries(1549)) - s12@group-C02387408FFC: appendEntries* reply s11<-s12#5110:OK-t1,SUCCESS,nextIndex=102,followerCommit=99,matchIndex=101
2024-10-16 23:57:19,249 INFO  statemachine.StateMachine (ArithmeticStateMachine.java:applyTransaction(181)) - LEADER:s11-101: c = √(a^2 + b^2) = 761
2024-10-16 23:57:19,249 DEBUG server.RaftServer$Division (RaftServerImpl.java:logAppendEntries(1549)) - s13@group-C02387408FFC: appendEntries* s11->s13#5112-t1,previous=(t:1, i:101),leaderCommit=101,initializing? false,entries: size=1, first=(t:1, i:102), METADATAENTRY(c:101)
2024-10-16 23:57:19,249 DEBUG server.RaftServer$Division (RaftServerImpl.java:submitClientRequestAsync(920)) - s11@group-C02387408FFC: receive client request(RaftClientRequest:client-8D5E9047489D->s11@group-C02387408FFC, cid=5114, seq=null, RW, Message:01016100)
2024-10-16 23:57:19,249 DEBUG server.RaftServer$Division (RaftServerImpl.java:logAppendEntries(1549)) - s13@group-C02387408FFC: appendEntries* reply s11<-s13#5112:OK-t1,SUCCESS,nextIndex=103,followerCommit=101,matchIndex=102
2024-10-16 23:57:19,249 DEBUG server.RaftServer$Division (LeaderStateImpl.java:addPendingRequest(529)) - s11@group-C02387408FFC-LeaderStateImpl: addPendingRequest at RaftClientRequest:client-8D5E9047489D->s11@group-C02387408FFC, cid=5114, seq=null, RW, Message:01016100, entry=(t:1, i:103), STATEMACHINELOGENTRY, WRITE: logData.size=4, stateMachineData.size=0, logEntryProtoSerializedSize=0
2024-10-16 23:57:19,249 DEBUG server.RaftServer$Division (RaftServerImpl.java:logAppendEntries(1549)) - s12@group-C02387408FFC: appendEntries* s11->s12#5113-t1,previous=(t:1, i:101),leaderCommit=101,initializing? false,entries: size=1, first=(t:1, i:102), METADATAENTRY(c:101)
2024-10-16 23:57:19,250 DEBUG server.RaftServer$Division (RaftServerImpl.java:logAppendEntries(1549)) - s13@group-C02387408FFC: appendEntries* s11->s13#5115-t1,previous=(t:1, i:102),leaderCommit=102,initializing? false,entries: size=1, first=(t:1, i:103), STATEMACHINELOGENTRY, StateMachineLogEntryProto:5114@client-8D5E9047489D
2024-10-16 23:57:19,250 DEBUG server.RaftServer$Division (RaftServerImpl.java:logAppendEntries(1549)) - s12@group-C02387408FFC: appendEntries* reply s11<-s12#5113:OK-t1,SUCCESS,nextIndex=103,followerCommit=101,matchIndex=102
2024-10-16 23:57:19,250 DEBUG server.RaftServer$Division (RaftServerImpl.java:logAppendEntries(1549)) - s13@group-C02387408FFC: appendEntries* reply s11<-s13#5115:OK-t1,SUCCESS,nextIndex=104,followerCommit=102,matchIndex=103
2024-10-16 23:57:19,250 INFO  statemachine.StateMachine (ArithmeticStateMachine.java:applyTransaction(181)) - LEADER:s11-103: a = null = null
2024-10-16 23:57:19,251 DEBUG server.RaftServer$Division (RaftServerImpl.java:logAppendEntries(1549)) - s13@group-C02387408FFC: appendEntries* s11->s13#5117-t1,previous=(t:1, i:103),leaderCommit=103,initializing? false,entries: size=1, first=(t:1, i:104), METADATAENTRY(c:103)
2024-10-16 23:57:19,251 DEBUG server.RaftServer$Division (RaftServerImpl.java:logAppendEntries(1549)) - s12@group-C02387408FFC: appendEntries* s11->s12#5116-t1,previous=(t:1, i:102),leaderCommit=102,initializing? false,entries: size=1, first=(t:1, i:103), STATEMACHINELOGENTRY, StateMachineLogEntryProto:5114@client-8D5E9047489D
2024-10-16 23:57:19,251 DEBUG server.RaftServer$Division (RaftServerImpl.java:submitClientRequestAsync(920)) - s11@group-C02387408FFC: receive client request(RaftClientRequest:client-8D5E9047489D->s11@group-C02387408FFC, cid=5118, seq=null, RW, Message:01016200)
2024-10-16 23:57:19,251 DEBUG server.RaftServer$Division (RaftServerImpl.java:logAppendEntries(1549)) - s13@group-C02387408FFC: appendEntries* reply s11<-s13#5117:OK-t1,SUCCESS,nextIndex=105,followerCommit=103,matchIndex=104
2024-10-16 23:57:19,251 DEBUG server.RaftServer$Division (LeaderStateImpl.java:addPendingRequest(529)) - s11@group-C02387408FFC-LeaderStateImpl: addPendingRequest at RaftClientRequest:client-8D5E9047489D->s11@group-C02387408FFC, cid=5118, seq=null, RW, Message:01016200, entry=(t:1, i:105), STATEMACHINELOGENTRY, WRITE: logData.size=4, stateMachineData.size=0, logEntryProtoSerializedSize=0
2024-10-16 23:57:19,251 DEBUG server.RaftServer$Division (RaftServerImpl.java:logAppendEntries(1549)) - s12@group-C02387408FFC: appendEntries* reply s11<-s12#5116:OK-t1,SUCCESS,nextIndex=104,followerCommit=102,matchIndex=103
2024-10-16 23:57:19,252 DEBUG server.RaftServer$Division (RaftServerImpl.java:logAppendEntries(1549)) - s13@group-C02387408FFC: appendEntries* s11->s13#5119-t1,previous=(t:1, i:104),leaderCommit=104,initializing? false,entries: size=1, first=(t:1, i:105), STATEMACHINELOGENTRY, StateMachineLogEntryProto:5118@client-8D5E9047489D
2024-10-16 23:57:19,252 DEBUG server.RaftServer$Division (RaftServerImpl.java:logAppendEntries(1549)) - s12@group-C02387408FFC: appendEntries* s11->s12#5120-t1,previous=(t:1, i:103),leaderCommit=104,initializing? false,entries: size=2, first=(t:1, i:104), METADATAENTRY(c:103)
2024-10-16 23:57:19,252 DEBUG server.RaftServer$Division (RaftServerImpl.java:logAppendEntries(1549)) - s13@group-C02387408FFC: appendEntries* reply s11<-s13#5119:OK-t1,SUCCESS,nextIndex=106,followerCommit=104,matchIndex=105
2024-10-16 23:57:19,252 INFO  statemachine.StateMachine (ArithmeticStateMachine.java:applyTransaction(181)) - LEADER:s11-105: b = null = null
2024-10-16 23:57:19,253 DEBUG server.RaftServer$Division (RaftServerImpl.java:logAppendEntries(1549)) - s13@group-C02387408FFC: appendEntries* s11->s13#5121-t1,previous=(t:1, i:105),leaderCommit=105,initializing? false,entries: size=1, first=(t:1, i:106), METADATAENTRY(c:105)
2024-10-16 23:57:19,253 DEBUG server.RaftServer$Division (RaftServerImpl.java:logAppendEntries(1549)) - s12@group-C02387408FFC: appendEntries* reply s11<-s12#5120:OK-t1,SUCCESS,nextIndex=106,followerCommit=104,matchIndex=105
2024-10-16 23:57:19,253 DEBUG server.RaftServer$Division (RaftServerImpl.java:submitClientRequestAsync(920)) - s11@group-C02387408FFC: receive client request(RaftClientRequest:client-8D5E9047489D->s11@group-C02387408FFC, cid=5122, seq=null, RW, Message:01016300)
2024-10-16 23:57:19,253 DEBUG server.RaftServer$Division (RaftServerImpl.java:logAppendEntries(1549)) - s13@group-C02387408FFC: appendEntries* reply s11<-s13#5121:OK-t1,SUCCESS,nextIndex=107,followerCommit=105,matchIndex=106
2024-10-16 23:57:19,253 DEBUG server.RaftServer$Division (LeaderStateImpl.java:addPendingRequest(529)) - s11@group-C02387408FFC-LeaderStateImpl: addPendingRequest at RaftClientRequest:client-8D5E9047489D->s11@group-C02387408FFC, cid=5122, seq=null, RW, Message:01016300, entry=(t:1, i:107), STATEMACHINELOGENTRY, WRITE: logData.size=4, stateMachineData.size=0, logEntryProtoSerializedSize=0
2024-10-16 23:57:19,253 DEBUG server.RaftServer$Division (RaftServerImpl.java:logAppendEntries(1549)) - s13@group-C02387408FFC: appendEntries* s11->s13#5124-t1,previous=(t:1, i:106),leaderCommit=105,initializing? false,entries: size=1, first=(t:1, i:107), STATEMACHINELOGENTRY, StateMachineLogEntryProto:5122@client-8D5E9047489D
2024-10-16 23:57:19,254 DEBUG server.RaftServer$Division (RaftServerImpl.java:logAppendEntries(1549)) - s12@group-C02387408FFC: appendEntries* s11->s12#5123-t1,previous=(t:1, i:105),leaderCommit=105,initializing? false,entries: size=2, first=(t:1, i:106), METADATAENTRY(c:105)
2024-10-16 23:57:19,254 DEBUG server.RaftServer$Division (RaftServerImpl.java:logAppendEntries(1549)) - s13@group-C02387408FFC: appendEntries* reply s11<-s13#5124:OK-t1,SUCCESS,nextIndex=108,followerCommit=105,matchIndex=107
2024-10-16 23:57:19,254 INFO  statemachine.StateMachine (ArithmeticStateMachine.java:applyTransaction(181)) - LEADER:s11-107: c = null = null
2024-10-16 23:57:19,255 DEBUG server.RaftServer$Division (RaftServerImpl.java:logAppendEntries(1549)) - s13@group-C02387408FFC: appendEntries* s11->s13#5125-t1,previous=(t:1, i:107),leaderCommit=107,initializing? false,entries: size=1, first=(t:1, i:108), METADATAENTRY(c:107)
2024-10-16 23:57:19,255 DEBUG server.RaftServer$Division (RaftServerImpl.java:submitClientRequestAsync(920)) - s11@group-C02387408FFC: receive client request(RaftClientRequest:client-8D5E9047489D->s11@group-C02387408FFC, cid=5126, seq=null, RW, Message:01016102404480000000...(size=12))
2024-10-16 23:57:19,255 DEBUG server.RaftServer$Division (RaftServerImpl.java:logAppendEntries(1549)) - s13@group-C02387408FFC: appendEntries* reply s11<-s13#5125:OK-t1,SUCCESS,nextIndex=109,followerCommit=107,matchIndex=108
2024-10-16 23:57:19,255 DEBUG server.RaftServer$Division (LeaderStateImpl.java:addPendingRequest(529)) - s11@group-C02387408FFC-LeaderStateImpl: addPendingRequest at RaftClientRequest:client-8D5E9047489D->s11@group-C02387408FFC, cid=5126, seq=null, RW, Message:01016102404480000000...(size=12), entry=(t:1, i:109), STATEMACHINELOGENTRY, WRITE: logData.size=12, stateMachineData.size=0, logEntryProtoSerializedSize=0
2024-10-16 23:57:19,255 DEBUG server.RaftServer$Division (RaftServerImpl.java:logAppendEntries(1549)) - s12@group-C02387408FFC: appendEntries* reply s11<-s12#5123:OK-t1,SUCCESS,nextIndex=108,followerCommit=105,matchIndex=107
2024-10-16 23:57:19,256 DEBUG server.RaftServer$Division (RaftServerImpl.java:logAppendEntries(1549)) - s13@group-C02387408FFC: appendEntries* s11->s13#5127-t1,previous=(t:1, i:108),leaderCommit=108,initializing? false,entries: size=1, first=(t:1, i:109), STATEMACHINELOGENTRY, StateMachineLogEntryProto:5126@client-8D5E9047489D
2024-10-16 23:57:19,256 DEBUG server.RaftServer$Division (RaftServerImpl.java:logAppendEntries(1549)) - s12@group-C02387408FFC: appendEntries* s11->s12#5128-t1,previous=(t:1, i:107),leaderCommit=108,initializing? false,entries: size=2, first=(t:1, i:108), METADATAENTRY(c:107)
2024-10-16 23:57:19,256 DEBUG server.RaftServer$Division (RaftServerImpl.java:logAppendEntries(1549)) - s13@group-C02387408FFC: appendEntries* reply s11<-s13#5127:OK-t1,SUCCESS,nextIndex=110,followerCommit=108,matchIndex=109
2024-10-16 23:57:19,256 DEBUG server.RaftServer$Division (RaftServerImpl.java:logAppendEntries(1549)) - s12@group-C02387408FFC: appendEntries* reply s11<-s12#5128:OK-t1,SUCCESS,nextIndex=110,followerCommit=108,matchIndex=109
2024-10-16 23:57:19,256 INFO  statemachine.StateMachine (ArithmeticStateMachine.java:applyTransaction(181)) - LEADER:s11-109: a = 41 = 41
2024-10-16 23:57:19,257 DEBUG server.RaftServer$Division (RaftServerImpl.java:logAppendEntries(1549)) - s12@group-C02387408FFC: appendEntries* s11->s12#5130-t1,previous=(t:1, i:109),leaderCommit=109,initializing? false,entries: size=1, first=(t:1, i:110), METADATAENTRY(c:109)
2024-10-16 23:57:19,257 DEBUG server.RaftServer$Division (RaftServerImpl.java:logAppendEntries(1549)) - s13@group-C02387408FFC: appendEntries* s11->s13#5129-t1,previous=(t:1, i:109),leaderCommit=109,initializing? false,entries: size=1, first=(t:1, i:110), METADATAENTRY(c:109)
2024-10-16 23:57:19,257 DEBUG server.RaftServer$Division (RaftServerImpl.java:submitClientRequestAsync(920)) - s11@group-C02387408FFC: receive client request(RaftClientRequest:client-8D5E9047489D->s11@group-C02387408FFC, cid=5131, seq=null, RW, Message:01016202408a40000000...(size=12))
2024-10-16 23:57:19,257 DEBUG server.RaftServer$Division (RaftServerImpl.java:logAppendEntries(1549)) - s12@group-C02387408FFC: appendEntries* reply s11<-s12#5130:OK-t1,SUCCESS,nextIndex=111,followerCommit=109,matchIndex=110
2024-10-16 23:57:19,257 DEBUG server.RaftServer$Division (LeaderStateImpl.java:addPendingRequest(529)) - s11@group-C02387408FFC-LeaderStateImpl: addPendingRequest at RaftClientRequest:client-8D5E9047489D->s11@group-C02387408FFC, cid=5131, seq=null, RW, Message:01016202408a40000000...(size=12), entry=(t:1, i:111), STATEMACHINELOGENTRY, WRITE: logData.size=12, stateMachineData.size=0, logEntryProtoSerializedSize=0
2024-10-16 23:57:19,258 DEBUG server.RaftServer$Division (RaftServerImpl.java:logAppendEntries(1549)) - s12@group-C02387408FFC: appendEntries* s11->s12#5132-t1,previous=(t:1, i:110),leaderCommit=110,initializing? false,entries: size=1, first=(t:1, i:111), STATEMACHINELOGENTRY, StateMachineLogEntryProto:5131@client-8D5E9047489D
2024-10-16 23:57:19,258 DEBUG server.RaftServer$Division (RaftServerImpl.java:logAppendEntries(1549)) - s13@group-C02387408FFC: appendEntries* reply s11<-s13#5129:OK-t1,SUCCESS,nextIndex=111,followerCommit=109,matchIndex=110
2024-10-16 23:57:19,258 DEBUG server.RaftServer$Division (RaftServerImpl.java:logAppendEntries(1549)) - s12@group-C02387408FFC: appendEntries* reply s11<-s12#5132:OK-t1,SUCCESS,nextIndex=112,followerCommit=110,matchIndex=111
2024-10-16 23:57:19,258 INFO  statemachine.StateMachine (ArithmeticStateMachine.java:applyTransaction(181)) - LEADER:s11-111: b = 840 = 840
2024-10-16 23:57:19,259 DEBUG server.RaftServer$Division (RaftServerImpl.java:logAppendEntries(1549)) - s12@group-C02387408FFC: appendEntries* s11->s12#5134-t1,previous=(t:1, i:111),leaderCommit=111,initializing? false,entries: size=1, first=(t:1, i:112), METADATAENTRY(c:111)
2024-10-16 23:57:19,259 DEBUG server.RaftServer$Division (RaftServerImpl.java:submitClientRequestAsync(920)) - s11@group-C02387408FFC: receive client request(RaftClientRequest:client-8D5E9047489D->s11@group-C02387408FFC, cid=5135, seq=null, RW, Message:01016304010300040201...(size=17))
2024-10-16 23:57:19,259 DEBUG server.RaftServer$Division (LeaderStateImpl.java:addPendingRequest(529)) - s11@group-C02387408FFC-LeaderStateImpl: addPendingRequest at RaftClientRequest:client-8D5E9047489D->s11@group-C02387408FFC, cid=5135, seq=null, RW, Message:01016304010300040201...(size=17), entry=(t:1, i:113), STATEMACHINELOGENTRY, WRITE: logData.size=17, stateMachineData.size=0, logEntryProtoSerializedSize=0
2024-10-16 23:57:19,259 DEBUG server.RaftServer$Division (RaftServerImpl.java:logAppendEntries(1549)) - s12@group-C02387408FFC: appendEntries* reply s11<-s12#5134:OK-t1,SUCCESS,nextIndex=113,followerCommit=111,matchIndex=112
2024-10-16 23:57:19,259 DEBUG server.RaftServer$Division (RaftServerImpl.java:logAppendEntries(1549)) - s13@group-C02387408FFC: appendEntries* s11->s13#5133-t1,previous=(t:1, i:110),leaderCommit=110,initializing? false,entries: size=1, first=(t:1, i:111), STATEMACHINELOGENTRY, StateMachineLogEntryProto:5131@client-8D5E9047489D
2024-10-16 23:57:19,259 DEBUG server.RaftServer$Division (RaftServerImpl.java:logAppendEntries(1549)) - s13@group-C02387408FFC: appendEntries* reply s11<-s13#5133:OK-t1,SUCCESS,nextIndex=112,followerCommit=110,matchIndex=111
2024-10-16 23:57:19,260 DEBUG server.RaftServer$Division (RaftServerImpl.java:logAppendEntries(1549)) - s12@group-C02387408FFC: appendEntries* s11->s12#5136-t1,previous=(t:1, i:112),leaderCommit=112,initializing? false,entries: size=1, first=(t:1, i:113), STATEMACHINELOGENTRY, StateMachineLogEntryProto:5135@client-8D5E9047489D
2024-10-16 23:57:19,260 DEBUG server.RaftServer$Division (RaftServerImpl.java:logAppendEntries(1549)) - s13@group-C02387408FFC: appendEntries* s11->s13#5137-t1,previous=(t:1, i:111),leaderCommit=112,initializing? false,entries: size=2, first=(t:1, i:112), METADATAENTRY(c:111)
2024-10-16 23:57:19,260 DEBUG server.RaftServer$Division (RaftServerImpl.java:logAppendEntries(1549)) - s12@group-C02387408FFC: appendEntries* reply s11<-s12#5136:OK-t1,SUCCESS,nextIndex=114,followerCommit=112,matchIndex=113
2024-10-16 23:57:19,260 INFO  statemachine.StateMachine (ArithmeticStateMachine.java:applyTransaction(181)) - LEADER:s11-113: c = √(a^2 + b^2) = 841
2024-10-16 23:57:19,261 DEBUG server.RaftServer$Division (RaftServerImpl.java:logAppendEntries(1549)) - s12@group-C02387408FFC: appendEntries* s11->s12#5138-t1,previous=(t:1, i:113),leaderCommit=113,initializing? false,entries: size=1, first=(t:1, i:114), METADATAENTRY(c:113)
2024-10-16 23:57:19,261 DEBUG server.RaftServer$Division (RaftServerImpl.java:submitClientRequestAsync(920)) - s11@group-C02387408FFC: receive client request(RaftClientRequest:client-8D5E9047489D->s11@group-C02387408FFC, cid=5139, seq=null, RW, Message:01016100)
2024-10-16 23:57:19,261 DEBUG server.RaftServer$Division (LeaderStateImpl.java:addPendingRequest(529)) - s11@group-C02387408FFC-LeaderStateImpl: addPendingRequest at RaftClientRequest:client-8D5E9047489D->s11@group-C02387408FFC, cid=5139, seq=null, RW, Message:01016100, entry=(t:1, i:115), STATEMACHINELOGENTRY, WRITE: logData.size=4, stateMachineData.size=0, logEntryProtoSerializedSize=0
2024-10-16 23:57:19,261 DEBUG server.RaftServer$Division (RaftServerImpl.java:logAppendEntries(1549)) - s12@group-C02387408FFC: appendEntries* reply s11<-s12#5138:OK-t1,SUCCESS,nextIndex=115,followerCommit=113,matchIndex=114
2024-10-16 23:57:19,261 DEBUG server.RaftServer$Division (RaftServerImpl.java:logAppendEntries(1549)) - s13@group-C02387408FFC: appendEntries* reply s11<-s13#5137:OK-t1,SUCCESS,nextIndex=114,followerCommit=112,matchIndex=113
2024-10-16 23:57:19,262 DEBUG server.RaftServer$Division (RaftServerImpl.java:logAppendEntries(1549)) - s13@group-C02387408FFC: appendEntries* s11->s13#5140-t1,previous=(t:1, i:113),leaderCommit=113,initializing? false,entries: size=2, first=(t:1, i:114), METADATAENTRY(c:113)
2024-10-16 23:57:19,262 DEBUG server.RaftServer$Division (RaftServerImpl.java:logAppendEntries(1549)) - s12@group-C02387408FFC: appendEntries* s11->s12#5141-t1,previous=(t:1, i:114),leaderCommit=113,initializing? false,entries: size=1, first=(t:1, i:115), STATEMACHINELOGENTRY, StateMachineLogEntryProto:5139@client-8D5E9047489D
2024-10-16 23:57:19,263 DEBUG server.RaftServer$Division (RaftServerImpl.java:logAppendEntries(1549)) - s12@group-C02387408FFC: appendEntries* reply s11<-s12#5141:OK-t1,SUCCESS,nextIndex=116,followerCommit=113,matchIndex=115
2024-10-16 23:57:19,263 DEBUG server.RaftServer$Division (RaftServerImpl.java:logAppendEntries(1549)) - s13@group-C02387408FFC: appendEntries* reply s11<-s13#5140:OK-t1,SUCCESS,nextIndex=116,followerCommit=113,matchIndex=115
2024-10-16 23:57:19,263 INFO  statemachine.StateMachine (ArithmeticStateMachine.java:applyTransaction(181)) - LEADER:s11-115: a = null = null
2024-10-16 23:57:19,263 DEBUG server.RaftServer$Division (RaftServerImpl.java:logAppendEntries(1549)) - s13@group-C02387408FFC: appendEntries* s11->s13#5142-t1,previous=(t:1, i:115),leaderCommit=115,initializing? false,entries: size=1, first=(t:1, i:116), METADATAENTRY(c:115)
2024-10-16 23:57:19,264 DEBUG server.RaftServer$Division (RaftServerImpl.java:submitClientRequestAsync(920)) - s11@group-C02387408FFC: receive client request(RaftClientRequest:client-8D5E9047489D->s11@group-C02387408FFC, cid=5144, seq=null, RW, Message:01016200)
2024-10-16 23:57:19,264 DEBUG server.RaftServer$Division (RaftServerImpl.java:logAppendEntries(1549)) - s12@group-C02387408FFC: appendEntries* s11->s12#5143-t1,previous=(t:1, i:115),leaderCommit=115,initializing? false,entries: size=1, first=(t:1, i:116), METADATAENTRY(c:115)
2024-10-16 23:57:19,264 DEBUG server.RaftServer$Division (LeaderStateImpl.java:addPendingRequest(529)) - s11@group-C02387408FFC-LeaderStateImpl: addPendingRequest at RaftClientRequest:client-8D5E9047489D->s11@group-C02387408FFC, cid=5144, seq=null, RW, Message:01016200, entry=(t:1, i:117), STATEMACHINELOGENTRY, WRITE: logData.size=4, stateMachineData.size=0, logEntryProtoSerializedSize=0
2024-10-16 23:57:19,264 DEBUG server.RaftServer$Division (RaftServerImpl.java:logAppendEntries(1549)) - s13@group-C02387408FFC: appendEntries* reply s11<-s13#5142:OK-t1,SUCCESS,nextIndex=117,followerCommit=115,matchIndex=116
2024-10-16 23:57:19,264 DEBUG server.RaftServer$Division (RaftServerImpl.java:logAppendEntries(1549)) - s12@group-C02387408FFC: appendEntries* reply s11<-s12#5143:OK-t1,SUCCESS,nextIndex=117,followerCommit=115,matchIndex=116
2024-10-16 23:57:19,265 DEBUG server.RaftServer$Division (RaftServerImpl.java:logAppendEntries(1549)) - s13@group-C02387408FFC: appendEntries* s11->s13#5145-t1,previous=(t:1, i:116),leaderCommit=116,initializing? false,entries: size=1, first=(t:1, i:117), STATEMACHINELOGENTRY, StateMachineLogEntryProto:5144@client-8D5E9047489D
2024-10-16 23:57:19,265 DEBUG server.RaftServer$Division (RaftServerImpl.java:logAppendEntries(1549)) - s12@group-C02387408FFC: appendEntries* s11->s12#5146-t1,previous=(t:1, i:116),leaderCommit=116,initializing? false,entries: size=1, first=(t:1, i:117), STATEMACHINELOGENTRY, StateMachineLogEntryProto:5144@client-8D5E9047489D
2024-10-16 23:57:19,266 DEBUG server.RaftServer$Division (RaftServerImpl.java:logAppendEntries(1549)) - s13@group-C02387408FFC: appendEntries* reply s11<-s13#5145:OK-t1,SUCCESS,nextIndex=118,followerCommit=116,matchIndex=117
2024-10-16 23:57:19,266 INFO  statemachine.StateMachine (ArithmeticStateMachine.java:applyTransaction(181)) - LEADER:s11-117: b = null = null
2024-10-16 23:57:19,266 DEBUG server.RaftServer$Division (RaftServerImpl.java:logAppendEntries(1549)) - s13@group-C02387408FFC: appendEntries* s11->s13#5147-t1,previous=(t:1, i:117),leaderCommit=117,initializing? false,entries: size=1, first=(t:1, i:118), METADATAENTRY(c:117)
2024-10-16 23:57:19,266 DEBUG server.RaftServer$Division (RaftServerImpl.java:logAppendEntries(1549)) - s12@group-C02387408FFC: appendEntries* reply s11<-s12#5146:OK-t1,SUCCESS,nextIndex=118,followerCommit=116,matchIndex=117
2024-10-16 23:57:19,267 DEBUG server.RaftServer$Division (RaftServerImpl.java:submitClientRequestAsync(920)) - s11@group-C02387408FFC: receive client request(RaftClientRequest:client-8D5E9047489D->s11@group-C02387408FFC, cid=5148, seq=null, RW, Message:01016300)
2024-10-16 23:57:19,267 DEBUG server.RaftServer$Division (LeaderStateImpl.java:addPendingRequest(529)) - s11@group-C02387408FFC-LeaderStateImpl: addPendingRequest at RaftClientRequest:client-8D5E9047489D->s11@group-C02387408FFC, cid=5148, seq=null, RW, Message:01016300, entry=(t:1, i:119), STATEMACHINELOGENTRY, WRITE: logData.size=4, stateMachineData.size=0, logEntryProtoSerializedSize=0
2024-10-16 23:57:19,267 DEBUG server.RaftServer$Division (RaftServerImpl.java:logAppendEntries(1549)) - s12@group-C02387408FFC: appendEntries* s11->s12#5149-t1,previous=(t:1, i:117),leaderCommit=117,initializing? false,entries: size=1, first=(t:1, i:118), METADATAENTRY(c:117)
2024-10-16 23:57:19,267 DEBUG server.RaftServer$Division (RaftServerImpl.java:logAppendEntries(1549)) - s13@group-C02387408FFC: appendEntries* reply s11<-s13#5147:OK-t1,SUCCESS,nextIndex=119,followerCommit=117,matchIndex=118
2024-10-16 23:57:19,267 DEBUG server.RaftServer$Division (RaftServerImpl.java:logAppendEntries(1549)) - s13@group-C02387408FFC: appendEntries* s11->s13#5150-t1,previous=(t:1, i:118),leaderCommit=118,initializing? false,entries: size=1, first=(t:1, i:119), STATEMACHINELOGENTRY, StateMachineLogEntryProto:5148@client-8D5E9047489D
2024-10-16 23:57:19,268 DEBUG server.RaftServer$Division (RaftServerImpl.java:logAppendEntries(1549)) - s12@group-C02387408FFC: appendEntries* reply s11<-s12#5149:OK-t1,SUCCESS,nextIndex=119,followerCommit=117,matchIndex=118
2024-10-16 23:57:19,268 DEBUG server.RaftServer$Division (RaftServerImpl.java:logAppendEntries(1549)) - s13@group-C02387408FFC: appendEntries* reply s11<-s13#5150:OK-t1,SUCCESS,nextIndex=120,followerCommit=118,matchIndex=119
2024-10-16 23:57:19,268 INFO  statemachine.StateMachine (ArithmeticStateMachine.java:applyTransaction(181)) - LEADER:s11-119: c = null = null
2024-10-16 23:57:19,268 DEBUG server.RaftServer$Division (RaftServerImpl.java:logAppendEntries(1549)) - s12@group-C02387408FFC: appendEntries* s11->s12#5151-t1,previous=(t:1, i:118),leaderCommit=118,initializing? false,entries: size=1, first=(t:1, i:119), STATEMACHINELOGENTRY, StateMachineLogEntryProto:5148@client-8D5E9047489D
2024-10-16 23:57:19,269 DEBUG server.RaftServer$Division (RaftServerImpl.java:logAppendEntries(1549)) - s13@group-C02387408FFC: appendEntries* s11->s13#5152-t1,previous=(t:1, i:119),leaderCommit=119,initializing? false,entries: size=1, first=(t:1, i:120), METADATAENTRY(c:119)
2024-10-16 23:57:19,269 DEBUG server.RaftServer$Division (RaftServerImpl.java:logAppendEntries(1549)) - s12@group-C02387408FFC: appendEntries* reply s11<-s12#5151:OK-t1,SUCCESS,nextIndex=120,followerCommit=118,matchIndex=119
2024-10-16 23:57:19,269 DEBUG server.RaftServer$Division (RaftServerImpl.java:logAppendEntries(1549)) - s13@group-C02387408FFC: appendEntries* reply s11<-s13#5152:OK-t1,SUCCESS,nextIndex=121,followerCommit=119,matchIndex=120
2024-10-16 23:57:19,270 DEBUG server.RaftServer$Division (RaftServerImpl.java:logAppendEntries(1549)) - s12@group-C02387408FFC: appendEntries* s11->s12#5153-t1,previous=(t:1, i:119),leaderCommit=119,initializing? false,entries: size=1, first=(t:1, i:120), METADATAENTRY(c:119)
2024-10-16 23:57:19,270 DEBUG server.RaftServer$Division (RaftServerImpl.java:logAppendEntries(1549)) - s12@group-C02387408FFC: appendEntries* reply s11<-s12#5153:OK-t1,SUCCESS,nextIndex=121,followerCommit=119,matchIndex=120
2024-10-16 23:57:19,274 INFO  impl.GroupManagementBaseTest (GroupManagementBaseTest.java:runMultiGroupTest(281)) - 2) starting group-FCE02D1CD77C:[s3|0.0.0.0:15018, s14|0.0.0.0:15029, s2|0.0.0.0:15017]
2024-10-16 23:57:19,274 INFO  netty.NettyUtils (NettyUtils.java:newEventLoopGroup(74)) - Create EpollEventLoopGroup for client-2F8136FA1A9F; Thread size is 0.
2024-10-16 23:57:19,275 INFO  logging.LoggingHandler (AbstractInternalLogger.java:log(148)) - [id: 0xf239dbc0, L:/0.0.0.0:15029] READ: [id: 0x98b0cc46, L:/127.0.0.1:15029 - R:/127.0.0.1:45556]
2024-10-16 23:57:19,276 INFO  logging.LoggingHandler (AbstractInternalLogger.java:log(148)) - [id: 0xf239dbc0, L:/0.0.0.0:15029] READ COMPLETE
2024-10-16 23:57:19,277 INFO  server.RaftServer (RaftServerProxy.java:addNew(101)) - s14: addNew group-FCE02D1CD77C:[s3|0.0.0.0:15018, s14|0.0.0.0:15029, s2|0.0.0.0:15017] returns group-FCE02D1CD77C:java.util.concurrent.CompletableFuture@a04909d[Not completed]
2024-10-16 23:57:19,277 INFO  server.RaftServer$Division (RaftServerImpl.java:<init>(257)) - s14: new RaftServerImpl for group-FCE02D1CD77C:[s3|0.0.0.0:15018, s14|0.0.0.0:15029, s2|0.0.0.0:15017] with ArithmeticStateMachine:uninitialized
2024-10-16 23:57:19,277 INFO  server.RaftServerConfigKeys (ConfUtils.java:logGet(46)) - raft.server.rpc.timeout.min = 300ms (custom)
2024-10-16 23:57:19,277 INFO  server.RaftServerConfigKeys (ConfUtils.java:logGet(46)) - raft.server.rpc.timeout.max = 600ms (custom)
2024-10-16 23:57:19,277 INFO  server.RaftServerConfigKeys (ConfUtils.java:logGet(46)) - raft.server.rpc.sleep.time = 25ms (default)
2024-10-16 23:57:19,277 INFO  server.RaftServerConfigKeys (ConfUtils.java:logGet(46)) - raft.server.rpc.slowness.timeout = 60s (default)
2024-10-16 23:57:19,277 INFO  server.RaftServerConfigKeys (ConfUtils.java:logGet(46)) - raft.server.leaderelection.leader.step-down.wait-time = 10s (default)
2024-10-16 23:57:19,277 INFO  server.RaftServerConfigKeys (ConfUtils.java:logGet(46)) - raft.server.leaderelection.member.majority-add = false (default)
2024-10-16 23:57:19,277 INFO  server.RaftServerConfigKeys (ConfUtils.java:logGet(46)) - raft.server.sleep.deviation.threshold = 300ms (default)
2024-10-16 23:57:19,277 INFO  server.RaftServer$Division (ServerState.java:<init>(114)) - s14@group-FCE02D1CD77C: ConfigurationManager, init=conf: {index: -1, cur=peers:[s3|0.0.0.0:15018, s14|0.0.0.0:15029, s2|0.0.0.0:15017]|listeners:[], old=null}, confs=<EMPTY_MAP>
2024-10-16 23:57:19,277 INFO  server.RaftServerConfigKeys (ConfUtils.java:logGet(46)) - raft.server.notification.no-leader.timeout = 60s (default)
2024-10-16 23:57:19,277 INFO  server.RaftServerConfigKeys (ConfUtils.java:logGet(46)) - raft.server.read.timeout = 10s (default)
2024-10-16 23:57:19,277 INFO  server.RaftServerConfigKeys (ConfUtils.java:logGet(46)) - raft.server.retrycache.expirytime = 60s (default)
2024-10-16 23:57:19,277 INFO  server.RaftServerConfigKeys (ConfUtils.java:logGet(46)) - raft.server.retrycache.statistics.expirytime = 100ms (default)
2024-10-16 23:57:19,277 INFO  server.RaftServerConfigKeys (ConfUtils.java:logGet(46)) - raft.server.read.option = DEFAULT (default)
2024-10-16 23:57:19,277 INFO  server.RaftServerConfigKeys (ConfUtils.java:logGet(46)) - raft.server.read.read-after-write-consistent.write-index-cache.expiry-time = 60s (default)
2024-10-16 23:57:19,278 INFO  server.RaftServerConfigKeys (ConfUtils.java:logGet(46)) - raft.server.rpc.request.timeout = 3000ms (default)
2024-10-16 23:57:19,278 INFO  server.RaftServerConfigKeys (ConfUtils.java:logGet(46)) - raft.server.log.appender.install.snapshot.enabled = true (default)
2024-10-16 23:57:19,278 INFO  server.RaftServerConfigKeys (ConfUtils.java:logGet(46)) - raft.server.threadpool.server.cached = true (default)
2024-10-16 23:57:19,278 INFO  server.RaftServerConfigKeys (ConfUtils.java:logGet(46)) - raft.server.threadpool.server.size = 0 (default)
2024-10-16 23:57:19,278 INFO  server.RaftServerConfigKeys (ConfUtils.java:logGet(46)) - raft.server.threadpool.client.cached = true (default)
2024-10-16 23:57:19,278 INFO  server.RaftServerConfigKeys (ConfUtils.java:logGet(46)) - raft.server.threadpool.client.size = 0 (default)
2024-10-16 23:57:19,278 INFO  server.RaftServerConfigKeys (ConfUtils.java:logGet(46)) - raft.server.storage.free-space.min = 0MB (=0) (default)
2024-10-16 23:57:19,278 INFO  server.RaftServerConfigKeys (ConfUtils.java:logGet(46)) - raft.server.log.corruption.policy = EXCEPTION (default)
2024-10-16 23:57:19,278 INFO  server.RaftServerConfigKeys (ConfUtils.java:logGet(46)) - raft.server.storage.dir = [/home/runner/work/ratis/ratis/ratis-examples/target/test/data/6cc99a4c/MiniRaftClusterWithNettyeee6e424/s14] (custom)
2024-10-16 23:57:19,279 INFO  storage.RaftStorageDirectory (RaftStorageDirectoryImpl.java:analyzeStorage(138)) - The storage directory /home/runner/work/ratis/ratis/ratis-examples/target/test/data/6cc99a4c/MiniRaftClusterWithNettyeee6e424/s14/b59cd3e0-950b-46bf-b2fa-fce02d1cd77c does not exist. Creating ...
2024-10-16 23:57:19,279 TRACE util.FileUtils (LogUtils.java:runAndLog(49)) - Successfully ran Files.createDirectories /home/runner/work/ratis/ratis/ratis-examples/target/test/data/6cc99a4c/MiniRaftClusterWithNettyeee6e424/s14/b59cd3e0-950b-46bf-b2fa-fce02d1cd77c
2024-10-16 23:57:19,280 INFO  storage.RaftStorageDirectory (RaftStorageDirectoryImpl.java:tryLock(229)) - Lock on /home/runner/work/ratis/ratis/ratis-examples/target/test/data/6cc99a4c/MiniRaftClusterWithNettyeee6e424/s14/b59cd3e0-950b-46bf-b2fa-fce02d1cd77c/in_use.lock acquired by nodename 14984@fv-az1433-785
2024-10-16 23:57:19,280 TRACE util.FileUtils (LogUtils.java:runAndLog(49)) - Successfully ran Files.createDirectories /home/runner/work/ratis/ratis/ratis-examples/target/test/data/6cc99a4c/MiniRaftClusterWithNettyeee6e424/s14/b59cd3e0-950b-46bf-b2fa-fce02d1cd77c/current
2024-10-16 23:57:19,280 TRACE util.FileUtils (LogUtils.java:runAndLog(49)) - Successfully ran Files.createDirectories /home/runner/work/ratis/ratis/ratis-examples/target/test/data/6cc99a4c/MiniRaftClusterWithNettyeee6e424/s14/b59cd3e0-950b-46bf-b2fa-fce02d1cd77c/sm
2024-10-16 23:57:19,280 TRACE util.FileUtils (LogUtils.java:supplyAndLog(69)) - Successfully supplied FileChannel.open /home/runner/work/ratis/ratis/ratis-examples/target/test/data/6cc99a4c/MiniRaftClusterWithNettyeee6e424/s14/b59cd3e0-950b-46bf-b2fa-fce02d1cd77c/current/raft-meta.tmp with options [CREATE, WRITE]: sun.nio.ch.FileChannelImpl@c3b4dd3
2024-10-16 23:57:19,281 TRACE util.FileUtils (LogUtils.java:runAndLog(49)) - Successfully ran Atomic Files.move /home/runner/work/ratis/ratis/ratis-examples/target/test/data/6cc99a4c/MiniRaftClusterWithNettyeee6e424/s14/b59cd3e0-950b-46bf-b2fa-fce02d1cd77c/current/raft-meta.tmp to /home/runner/work/ratis/ratis/ratis-examples/target/test/data/6cc99a4c/MiniRaftClusterWithNettyeee6e424/s14/b59cd3e0-950b-46bf-b2fa-fce02d1cd77c/current/raft-meta with options [REPLACE_EXISTING]
2024-10-16 23:57:19,281 INFO  storage.RaftStorage (RaftStorageImpl.java:format(98)) - Storage directory /home/runner/work/ratis/ratis/ratis-examples/target/test/data/6cc99a4c/MiniRaftClusterWithNettyeee6e424/s14/b59cd3e0-950b-46bf-b2fa-fce02d1cd77c has been successfully formatted.
2024-10-16 23:57:19,282 WARN  statemachine.StateMachine (ArithmeticStateMachine.java:loadSnapshot(115)) - The snapshot info is null.
2024-10-16 23:57:19,282 INFO  server.RaftServerConfigKeys (ConfUtils.java:logGet(46)) - raft.server.log.use.memory = false (default)
2024-10-16 23:57:19,282 INFO  server.RaftServerConfigKeys (ConfUtils.java:logGet(46)) - raft.server.log.purge.gap = 1024 (default)
2024-10-16 23:57:19,282 INFO  server.RaftServerConfigKeys (ConfUtils.java:logGet(46)) - raft.server.log.appender.buffer.byte-limit = 4MB (=4194304) (default)
2024-10-16 23:57:19,282 INFO  server.RaftServerConfigKeys (ConfUtils.java:logGet(46)) - raft.server.log.statemachine.data.read.timeout = 1000ms (default)
2024-10-16 23:57:19,282 INFO  server.RaftServerConfigKeys (ConfUtils.java:logGet(46)) - raft.server.log.purge.preservation.log.num = 0 (default)
2024-10-16 23:57:19,282 INFO  server.RaftServerConfigKeys (ConfUtils.java:logGet(46)) - raft.server.log.segment.size.max = 32MB (=33554432) (default)
2024-10-16 23:57:19,282 INFO  server.RaftServerConfigKeys (ConfUtils.java:logGet(46)) - raft.server.log.segment.cache.num.max = 6 (default)
2024-10-16 23:57:19,282 INFO  server.RaftServerConfigKeys (ConfUtils.java:logGet(46)) - raft.server.log.segment.cache.size.max = 200MB (=209715200) (default)
2024-10-16 23:57:19,282 INFO  server.RaftServerConfigKeys (ConfUtils.java:logGet(46)) - raft.server.log.appender.buffer.byte-limit = 4MB (=4194304) (default)
2024-10-16 23:57:19,285 INFO  util.AwaitToRun (AwaitToRun.java:start(81)) - Thread[s14@group-FCE02D1CD77C-cacheEviction-AwaitToRun,5,main] started
2024-10-16 23:57:19,285 INFO  segmented.SegmentedRaftLogWorker (SegmentedRaftLogWorker.java:<init>(188)) - new s14@group-FCE02D1CD77C-SegmentedRaftLogWorker for RaftStorageImpl:Storage Directory /home/runner/work/ratis/ratis/ratis-examples/target/test/data/6cc99a4c/MiniRaftClusterWithNettyeee6e424/s14/b59cd3e0-950b-46bf-b2fa-fce02d1cd77c
2024-10-16 23:57:19,285 INFO  server.RaftServerConfigKeys (ConfUtils.java:logGet(46)) - raft.server.log.queue.byte-limit = 64MB (=67108864) (default)
2024-10-16 23:57:19,285 INFO  server.RaftServerConfigKeys (ConfUtils.java:logGet(46)) - raft.server.log.queue.element-limit = 4096 (default)
2024-10-16 23:57:19,285 INFO  server.RaftServerConfigKeys (ConfUtils.java:logGet(46)) - raft.server.log.segment.size.max = 32MB (=33554432) (default)
2024-10-16 23:57:19,285 INFO  server.RaftServerConfigKeys (ConfUtils.java:logGet(46)) - raft.server.log.preallocated.size = 4MB (=4194304) (default)
2024-10-16 23:57:19,285 INFO  server.RaftServerConfigKeys (ConfUtils.java:logGet(46)) - raft.server.log.force.sync.num = 128 (default)
2024-10-16 23:57:19,285 INFO  server.RaftServerConfigKeys (ConfUtils.java:logGet(46)) - raft.server.log.statemachine.data.sync = true (default)
2024-10-16 23:57:19,285 INFO  server.RaftServerConfigKeys (ConfUtils.java:logGet(46)) - raft.server.log.statemachine.data.sync.timeout = 10s (default)
2024-10-16 23:57:19,285 INFO  server.RaftServerConfigKeys (ConfUtils.java:logGet(46)) - raft.server.log.statemachine.data.sync.timeout.retry = -1 (default)
2024-10-16 23:57:19,285 INFO  server.RaftServerConfigKeys (ConfUtils.java:logGet(46)) - raft.server.log.write.buffer.size = 8MB (=8388608) (default)
2024-10-16 23:57:19,287 INFO  server.RaftServerConfigKeys (ConfUtils.java:logGet(46)) - raft.server.log.appender.buffer.byte-limit = 4MB (=4194304) (default)
2024-10-16 23:57:19,287 INFO  server.RaftServerConfigKeys (ConfUtils.java:logGet(46)) - raft.server.log.unsafe-flush.enabled = false (default)
2024-10-16 23:57:19,287 INFO  server.RaftServerConfigKeys (ConfUtils.java:logGet(46)) - raft.server.log.async-flush.enabled = false (default)
2024-10-16 23:57:19,287 INFO  server.RaftServerConfigKeys (ConfUtils.java:logGet(46)) - raft.server.log.statemachine.data.caching.enabled = false (default)
2024-10-16 23:57:19,287 INFO  segmented.SegmentedRaftLogWorker (SegmentedRaftLogWorker.java:lambda$new$0(139)) - s14@group-FCE02D1CD77C-SegmentedRaftLogWorker: flushIndex: setUnconditionally 0 -> -1
2024-10-16 23:57:19,287 INFO  segmented.SegmentedRaftLogWorker (SegmentedRaftLogWorker.java:lambda$new$0(139)) - s14@group-FCE02D1CD77C-SegmentedRaftLogWorker: safeCacheEvictIndex: setUnconditionally 0 -> -1
2024-10-16 23:57:19,287 INFO  server.RaftServer$Division (RaftServerImpl.java:start(393)) - s14@group-FCE02D1CD77C: start as a follower, conf=conf: {index: -1, cur=peers:[s3|0.0.0.0:15018, s14|0.0.0.0:15029, s2|0.0.0.0:15017]|listeners:[], old=null}
2024-10-16 23:57:19,287 INFO  server.RaftServer$Division (RaftServerImpl.java:setRole(380)) - s14@group-FCE02D1CD77C: changes role from      null to FOLLOWER at term 0 for startAsFollower
2024-10-16 23:57:19,287 INFO  impl.RoleInfo (RoleInfo.java:updateAndGet(148)) - s14: start s14@group-FCE02D1CD77C-FollowerState
2024-10-16 23:57:19,288 INFO  util.JmxRegister (JmxRegister.java:tryRegister(44)) - Successfully registered JMX Bean with object name Ratis:service=RaftServer,group=group-FCE02D1CD77C,id=s14
2024-10-16 23:57:19,288 INFO  util.JmxRegister (JmxRegister.java:register(58)) - register mxBean class org.apache.ratis.server.impl.RaftServerJmxAdapter as Ratis:service=RaftServer,group=group-FCE02D1CD77C,id=s14
2024-10-16 23:57:19,288 INFO  server.RaftServerConfigKeys (ConfUtils.java:logFallback(53)) - raft.server.rpc.first-election.timeout.min = 300ms (fallback to raft.server.rpc.timeout.min)
2024-10-16 23:57:19,288 INFO  server.RaftServerConfigKeys (ConfUtils.java:logFallback(53)) - raft.server.rpc.first-election.timeout.max = 600ms (fallback to raft.server.rpc.timeout.max)
2024-10-16 23:57:19,288 INFO  server.RaftServerConfigKeys (ConfUtils.java:logGet(46)) - raft.server.snapshot.trigger-when-stop.enabled = true (default)
2024-10-16 23:57:19,288 INFO  server.RaftServerConfigKeys (ConfUtils.java:logGet(46)) - raft.server.snapshot.trigger-when-remove.enabled = true (default)
2024-10-16 23:57:19,288 INFO  server.RaftServerConfigKeys (ConfUtils.java:logGet(46)) - raft.server.snapshot.auto.trigger.enabled = false (default)
2024-10-16 23:57:19,288 INFO  server.RaftServerConfigKeys (ConfUtils.java:logGet(46)) - raft.server.snapshot.retention.file.num = -1 (default)
2024-10-16 23:57:19,288 INFO  server.RaftServerConfigKeys (ConfUtils.java:logGet(46)) - raft.server.log.purge.upto.snapshot.index = false (default)
2024-10-16 23:57:19,288 INFO  server.RaftServer$Division (RaftServerImpl.java:start(407)) - s14@group-FCE02D1CD77C: Successfully started.
2024-10-16 23:57:19,290 INFO  netty.NettyUtils (NettyUtils.java:newEventLoopGroup(74)) - Create EpollEventLoopGroup for client-FD02CD41BB9B; Thread size is 0.
2024-10-16 23:57:19,292 INFO  logging.LoggingHandler (AbstractInternalLogger.java:log(148)) - [id: 0xe405d390, L:/0.0.0.0:15017] READ: [id: 0x6c1ace4f, L:/127.0.0.1:15017 - R:/127.0.0.1:37350]
2024-10-16 23:57:19,292 INFO  logging.LoggingHandler (AbstractInternalLogger.java:log(148)) - [id: 0xe405d390, L:/0.0.0.0:15017] READ COMPLETE
2024-10-16 23:57:19,293 INFO  server.RaftServer (RaftServerProxy.java:addNew(101)) - s2: addNew group-FCE02D1CD77C:[s3|0.0.0.0:15018, s14|0.0.0.0:15029, s2|0.0.0.0:15017] returns group-FCE02D1CD77C:java.util.concurrent.CompletableFuture@2325573[Not completed]
2024-10-16 23:57:19,293 INFO  server.RaftServer$Division (RaftServerImpl.java:<init>(257)) - s2: new RaftServerImpl for group-FCE02D1CD77C:[s3|0.0.0.0:15018, s14|0.0.0.0:15029, s2|0.0.0.0:15017] with ArithmeticStateMachine:uninitialized
2024-10-16 23:57:19,293 INFO  server.RaftServerConfigKeys (ConfUtils.java:logGet(46)) - raft.server.rpc.timeout.min = 300ms (custom)
2024-10-16 23:57:19,293 INFO  server.RaftServerConfigKeys (ConfUtils.java:logGet(46)) - raft.server.rpc.timeout.max = 600ms (custom)
2024-10-16 23:57:19,293 INFO  server.RaftServerConfigKeys (ConfUtils.java:logGet(46)) - raft.server.rpc.sleep.time = 25ms (default)
2024-10-16 23:57:19,293 INFO  server.RaftServerConfigKeys (ConfUtils.java:logGet(46)) - raft.server.rpc.slowness.timeout = 60s (default)
2024-10-16 23:57:19,293 INFO  server.RaftServerConfigKeys (ConfUtils.java:logGet(46)) - raft.server.leaderelection.leader.step-down.wait-time = 10s (default)
2024-10-16 23:57:19,293 INFO  server.RaftServerConfigKeys (ConfUtils.java:logGet(46)) - raft.server.leaderelection.member.majority-add = false (default)
2024-10-16 23:57:19,293 INFO  server.RaftServerConfigKeys (ConfUtils.java:logGet(46)) - raft.server.sleep.deviation.threshold = 300ms (default)
2024-10-16 23:57:19,293 INFO  server.RaftServer$Division (ServerState.java:<init>(114)) - s2@group-FCE02D1CD77C: ConfigurationManager, init=conf: {index: -1, cur=peers:[s3|0.0.0.0:15018, s14|0.0.0.0:15029, s2|0.0.0.0:15017]|listeners:[], old=null}, confs=<EMPTY_MAP>
2024-10-16 23:57:19,293 INFO  server.RaftServerConfigKeys (ConfUtils.java:logGet(46)) - raft.server.notification.no-leader.timeout = 60s (default)
2024-10-16 23:57:19,293 INFO  server.RaftServerConfigKeys (ConfUtils.java:logGet(46)) - raft.server.read.timeout = 10s (default)
2024-10-16 23:57:19,294 INFO  server.RaftServerConfigKeys (ConfUtils.java:logGet(46)) - raft.server.retrycache.expirytime = 60s (default)
2024-10-16 23:57:19,294 INFO  server.RaftServerConfigKeys (ConfUtils.java:logGet(46)) - raft.server.retrycache.statistics.expirytime = 100ms (default)
2024-10-16 23:57:19,294 INFO  server.RaftServerConfigKeys (ConfUtils.java:logGet(46)) - raft.server.read.option = DEFAULT (default)
2024-10-16 23:57:19,294 INFO  server.RaftServerConfigKeys (ConfUtils.java:logGet(46)) - raft.server.read.read-after-write-consistent.write-index-cache.expiry-time = 60s (default)
2024-10-16 23:57:19,294 INFO  server.RaftServerConfigKeys (ConfUtils.java:logGet(46)) - raft.server.rpc.request.timeout = 3000ms (default)
2024-10-16 23:57:19,294 INFO  server.RaftServerConfigKeys (ConfUtils.java:logGet(46)) - raft.server.log.appender.install.snapshot.enabled = true (default)
2024-10-16 23:57:19,294 INFO  server.RaftServerConfigKeys (ConfUtils.java:logGet(46)) - raft.server.threadpool.server.cached = true (default)
2024-10-16 23:57:19,294 INFO  server.RaftServerConfigKeys (ConfUtils.java:logGet(46)) - raft.server.threadpool.server.size = 0 (default)
2024-10-16 23:57:19,294 INFO  server.RaftServerConfigKeys (ConfUtils.java:logGet(46)) - raft.server.threadpool.client.cached = true (default)
2024-10-16 23:57:19,294 INFO  server.RaftServerConfigKeys (ConfUtils.java:logGet(46)) - raft.server.threadpool.client.size = 0 (default)
2024-10-16 23:57:19,294 INFO  server.RaftServerConfigKeys (ConfUtils.java:logGet(46)) - raft.server.storage.free-space.min = 0MB (=0) (default)
2024-10-16 23:57:19,294 INFO  server.RaftServerConfigKeys (ConfUtils.java:logGet(46)) - raft.server.log.corruption.policy = EXCEPTION (default)
2024-10-16 23:57:19,294 INFO  server.RaftServerConfigKeys (ConfUtils.java:logGet(46)) - raft.server.storage.dir = [/home/runner/work/ratis/ratis/ratis-examples/target/test/data/6cc99a4c/MiniRaftClusterWithNettyeee6e424/s2] (custom)
2024-10-16 23:57:19,294 INFO  storage.RaftStorageDirectory (RaftStorageDirectoryImpl.java:analyzeStorage(138)) - The storage directory /home/runner/work/ratis/ratis/ratis-examples/target/test/data/6cc99a4c/MiniRaftClusterWithNettyeee6e424/s2/b59cd3e0-950b-46bf-b2fa-fce02d1cd77c does not exist. Creating ...
2024-10-16 23:57:19,295 TRACE util.FileUtils (LogUtils.java:runAndLog(49)) - Successfully ran Files.createDirectories /home/runner/work/ratis/ratis/ratis-examples/target/test/data/6cc99a4c/MiniRaftClusterWithNettyeee6e424/s2/b59cd3e0-950b-46bf-b2fa-fce02d1cd77c
2024-10-16 23:57:19,296 INFO  storage.RaftStorageDirectory (RaftStorageDirectoryImpl.java:tryLock(229)) - Lock on /home/runner/work/ratis/ratis/ratis-examples/target/test/data/6cc99a4c/MiniRaftClusterWithNettyeee6e424/s2/b59cd3e0-950b-46bf-b2fa-fce02d1cd77c/in_use.lock acquired by nodename 14984@fv-az1433-785
2024-10-16 23:57:19,296 TRACE util.FileUtils (LogUtils.java:runAndLog(49)) - Successfully ran Files.createDirectories /home/runner/work/ratis/ratis/ratis-examples/target/test/data/6cc99a4c/MiniRaftClusterWithNettyeee6e424/s2/b59cd3e0-950b-46bf-b2fa-fce02d1cd77c/current
2024-10-16 23:57:19,296 TRACE util.FileUtils (LogUtils.java:runAndLog(49)) - Successfully ran Files.createDirectories /home/runner/work/ratis/ratis/ratis-examples/target/test/data/6cc99a4c/MiniRaftClusterWithNettyeee6e424/s2/b59cd3e0-950b-46bf-b2fa-fce02d1cd77c/sm
2024-10-16 23:57:19,296 TRACE util.FileUtils (LogUtils.java:supplyAndLog(69)) - Successfully supplied FileChannel.open /home/runner/work/ratis/ratis/ratis-examples/target/test/data/6cc99a4c/MiniRaftClusterWithNettyeee6e424/s2/b59cd3e0-950b-46bf-b2fa-fce02d1cd77c/current/raft-meta.tmp with options [CREATE, WRITE]: sun.nio.ch.FileChannelImpl@5230de41
2024-10-16 23:57:19,298 TRACE util.FileUtils (LogUtils.java:runAndLog(49)) - Successfully ran Atomic Files.move /home/runner/work/ratis/ratis/ratis-examples/target/test/data/6cc99a4c/MiniRaftClusterWithNettyeee6e424/s2/b59cd3e0-950b-46bf-b2fa-fce02d1cd77c/current/raft-meta.tmp to /home/runner/work/ratis/ratis/ratis-examples/target/test/data/6cc99a4c/MiniRaftClusterWithNettyeee6e424/s2/b59cd3e0-950b-46bf-b2fa-fce02d1cd77c/current/raft-meta with options [REPLACE_EXISTING]
2024-10-16 23:57:19,298 INFO  storage.RaftStorage (RaftStorageImpl.java:format(98)) - Storage directory /home/runner/work/ratis/ratis/ratis-examples/target/test/data/6cc99a4c/MiniRaftClusterWithNettyeee6e424/s2/b59cd3e0-950b-46bf-b2fa-fce02d1cd77c has been successfully formatted.
2024-10-16 23:57:19,298 WARN  statemachine.StateMachine (ArithmeticStateMachine.java:loadSnapshot(115)) - The snapshot info is null.
2024-10-16 23:57:19,298 INFO  server.RaftServerConfigKeys (ConfUtils.java:logGet(46)) - raft.server.log.use.memory = false (default)
2024-10-16 23:57:19,298 INFO  server.RaftServerConfigKeys (ConfUtils.java:logGet(46)) - raft.server.log.purge.gap = 1024 (default)
2024-10-16 23:57:19,298 INFO  server.RaftServerConfigKeys (ConfUtils.java:logGet(46)) - raft.server.log.appender.buffer.byte-limit = 4MB (=4194304) (default)
2024-10-16 23:57:19,298 INFO  server.RaftServerConfigKeys (ConfUtils.java:logGet(46)) - raft.server.log.statemachine.data.read.timeout = 1000ms (default)
2024-10-16 23:57:19,298 INFO  server.RaftServerConfigKeys (ConfUtils.java:logGet(46)) - raft.server.log.purge.preservation.log.num = 0 (default)
2024-10-16 23:57:19,298 INFO  server.RaftServerConfigKeys (ConfUtils.java:logGet(46)) - raft.server.log.segment.size.max = 32MB (=33554432) (default)
2024-10-16 23:57:19,298 INFO  server.RaftServerConfigKeys (ConfUtils.java:logGet(46)) - raft.server.log.segment.cache.num.max = 6 (default)
2024-10-16 23:57:19,298 INFO  server.RaftServerConfigKeys (ConfUtils.java:logGet(46)) - raft.server.log.segment.cache.size.max = 200MB (=209715200) (default)
2024-10-16 23:57:19,298 INFO  server.RaftServerConfigKeys (ConfUtils.java:logGet(46)) - raft.server.log.appender.buffer.byte-limit = 4MB (=4194304) (default)
2024-10-16 23:57:19,298 INFO  util.AwaitToRun (AwaitToRun.java:start(81)) - Thread[s2@group-FCE02D1CD77C-cacheEviction-AwaitToRun,5,main] started
2024-10-16 23:57:19,299 INFO  segmented.SegmentedRaftLogWorker (SegmentedRaftLogWorker.java:<init>(188)) - new s2@group-FCE02D1CD77C-SegmentedRaftLogWorker for RaftStorageImpl:Storage Directory /home/runner/work/ratis/ratis/ratis-examples/target/test/data/6cc99a4c/MiniRaftClusterWithNettyeee6e424/s2/b59cd3e0-950b-46bf-b2fa-fce02d1cd77c
2024-10-16 23:57:19,299 INFO  server.RaftServerConfigKeys (ConfUtils.java:logGet(46)) - raft.server.log.queue.byte-limit = 64MB (=67108864) (default)
2024-10-16 23:57:19,299 INFO  server.RaftServerConfigKeys (ConfUtils.java:logGet(46)) - raft.server.log.queue.element-limit = 4096 (default)
2024-10-16 23:57:19,299 INFO  server.RaftServerConfigKeys (ConfUtils.java:logGet(46)) - raft.server.log.segment.size.max = 32MB (=33554432) (default)
2024-10-16 23:57:19,299 INFO  server.RaftServerConfigKeys (ConfUtils.java:logGet(46)) - raft.server.log.preallocated.size = 4MB (=4194304) (default)
2024-10-16 23:57:19,299 INFO  server.RaftServerConfigKeys (ConfUtils.java:logGet(46)) - raft.server.log.force.sync.num = 128 (default)
2024-10-16 23:57:19,299 INFO  server.RaftServerConfigKeys (ConfUtils.java:logGet(46)) - raft.server.log.statemachine.data.sync = true (default)
2024-10-16 23:57:19,299 INFO  server.RaftServerConfigKeys (ConfUtils.java:logGet(46)) - raft.server.log.statemachine.data.sync.timeout = 10s (default)
2024-10-16 23:57:19,299 INFO  server.RaftServerConfigKeys (ConfUtils.java:logGet(46)) - raft.server.log.statemachine.data.sync.timeout.retry = -1 (default)
2024-10-16 23:57:19,299 INFO  server.RaftServerConfigKeys (ConfUtils.java:logGet(46)) - raft.server.log.write.buffer.size = 8MB (=8388608) (default)
2024-10-16 23:57:19,300 INFO  server.RaftServerConfigKeys (ConfUtils.java:logGet(46)) - raft.server.log.appender.buffer.byte-limit = 4MB (=4194304) (default)
2024-10-16 23:57:19,300 INFO  server.RaftServerConfigKeys (ConfUtils.java:logGet(46)) - raft.server.log.unsafe-flush.enabled = false (default)
2024-10-16 23:57:19,300 INFO  server.RaftServerConfigKeys (ConfUtils.java:logGet(46)) - raft.server.log.async-flush.enabled = false (default)
2024-10-16 23:57:19,300 INFO  server.RaftServerConfigKeys (ConfUtils.java:logGet(46)) - raft.server.log.statemachine.data.caching.enabled = false (default)
2024-10-16 23:57:19,301 INFO  segmented.SegmentedRaftLogWorker (SegmentedRaftLogWorker.java:lambda$new$0(139)) - s2@group-FCE02D1CD77C-SegmentedRaftLogWorker: flushIndex: setUnconditionally 0 -> -1
2024-10-16 23:57:19,301 INFO  segmented.SegmentedRaftLogWorker (SegmentedRaftLogWorker.java:lambda$new$0(139)) - s2@group-FCE02D1CD77C-SegmentedRaftLogWorker: safeCacheEvictIndex: setUnconditionally 0 -> -1
2024-10-16 23:57:19,301 INFO  server.RaftServer$Division (RaftServerImpl.java:start(393)) - s2@group-FCE02D1CD77C: start as a follower, conf=conf: {index: -1, cur=peers:[s3|0.0.0.0:15018, s14|0.0.0.0:15029, s2|0.0.0.0:15017]|listeners:[], old=null}
2024-10-16 23:57:19,301 INFO  server.RaftServer$Division (RaftServerImpl.java:setRole(380)) - s2@group-FCE02D1CD77C: changes role from      null to FOLLOWER at term 0 for startAsFollower
2024-10-16 23:57:19,301 INFO  impl.RoleInfo (RoleInfo.java:updateAndGet(148)) - s2: start s2@group-FCE02D1CD77C-FollowerState
2024-10-16 23:57:19,301 INFO  util.JmxRegister (JmxRegister.java:tryRegister(44)) - Successfully registered JMX Bean with object name Ratis:service=RaftServer,group=group-FCE02D1CD77C,id=s2
2024-10-16 23:57:19,301 INFO  util.JmxRegister (JmxRegister.java:register(58)) - register mxBean class org.apache.ratis.server.impl.RaftServerJmxAdapter as Ratis:service=RaftServer,group=group-FCE02D1CD77C,id=s2
2024-10-16 23:57:19,301 INFO  server.RaftServerConfigKeys (ConfUtils.java:logFallback(53)) - raft.server.rpc.first-election.timeout.min = 300ms (fallback to raft.server.rpc.timeout.min)
2024-10-16 23:57:19,301 INFO  server.RaftServerConfigKeys (ConfUtils.java:logGet(46)) - raft.server.snapshot.trigger-when-stop.enabled = true (default)
2024-10-16 23:57:19,301 INFO  server.RaftServerConfigKeys (ConfUtils.java:logFallback(53)) - raft.server.rpc.first-election.timeout.max = 600ms (fallback to raft.server.rpc.timeout.max)
2024-10-16 23:57:19,301 INFO  server.RaftServerConfigKeys (ConfUtils.java:logGet(46)) - raft.server.snapshot.trigger-when-remove.enabled = true (default)
2024-10-16 23:57:19,301 INFO  server.RaftServerConfigKeys (ConfUtils.java:logGet(46)) - raft.server.snapshot.auto.trigger.enabled = false (default)
2024-10-16 23:57:19,301 INFO  server.RaftServerConfigKeys (ConfUtils.java:logGet(46)) - raft.server.snapshot.retention.file.num = -1 (default)
2024-10-16 23:57:19,302 INFO  server.RaftServerConfigKeys (ConfUtils.java:logGet(46)) - raft.server.log.purge.upto.snapshot.index = false (default)
2024-10-16 23:57:19,302 INFO  server.RaftServer$Division (RaftServerImpl.java:start(407)) - s2@group-FCE02D1CD77C: Successfully started.
2024-10-16 23:57:19,306 INFO  netty.NettyUtils (NettyUtils.java:newEventLoopGroup(74)) - Create EpollEventLoopGroup for client-5420C99C7D3A; Thread size is 0.
2024-10-16 23:57:19,307 INFO  logging.LoggingHandler (AbstractInternalLogger.java:log(148)) - [id: 0x23ee7d64, L:/0.0.0.0:15018] READ: [id: 0xb83b8c7b, L:/127.0.0.1:15018 - R:/127.0.0.1:35220]
2024-10-16 23:57:19,308 INFO  logging.LoggingHandler (AbstractInternalLogger.java:log(148)) - [id: 0x23ee7d64, L:/0.0.0.0:15018] READ COMPLETE
2024-10-16 23:57:19,309 INFO  server.RaftServer (RaftServerProxy.java:addNew(101)) - s3: addNew group-FCE02D1CD77C:[s3|0.0.0.0:15018, s14|0.0.0.0:15029, s2|0.0.0.0:15017] returns group-FCE02D1CD77C:java.util.concurrent.CompletableFuture@64d68aab[Not completed]
2024-10-16 23:57:19,309 INFO  server.RaftServer$Division (RaftServerImpl.java:<init>(257)) - s3: new RaftServerImpl for group-FCE02D1CD77C:[s3|0.0.0.0:15018, s14|0.0.0.0:15029, s2|0.0.0.0:15017] with ArithmeticStateMachine:uninitialized
2024-10-16 23:57:19,309 INFO  server.RaftServerConfigKeys (ConfUtils.java:logGet(46)) - raft.server.rpc.timeout.min = 300ms (custom)
2024-10-16 23:57:19,309 INFO  server.RaftServerConfigKeys (ConfUtils.java:logGet(46)) - raft.server.rpc.timeout.max = 600ms (custom)
2024-10-16 23:57:19,309 INFO  server.RaftServerConfigKeys (ConfUtils.java:logGet(46)) - raft.server.rpc.sleep.time = 25ms (default)
2024-10-16 23:57:19,309 INFO  server.RaftServerConfigKeys (ConfUtils.java:logGet(46)) - raft.server.rpc.slowness.timeout = 60s (default)
2024-10-16 23:57:19,309 INFO  server.RaftServerConfigKeys (ConfUtils.java:logGet(46)) - raft.server.leaderelection.leader.step-down.wait-time = 10s (default)
2024-10-16 23:57:19,309 INFO  server.RaftServerConfigKeys (ConfUtils.java:logGet(46)) - raft.server.leaderelection.member.majority-add = false (default)
2024-10-16 23:57:19,309 INFO  server.RaftServerConfigKeys (ConfUtils.java:logGet(46)) - raft.server.sleep.deviation.threshold = 300ms (default)
2024-10-16 23:57:19,309 INFO  server.RaftServer$Division (ServerState.java:<init>(114)) - s3@group-FCE02D1CD77C: ConfigurationManager, init=conf: {index: -1, cur=peers:[s3|0.0.0.0:15018, s14|0.0.0.0:15029, s2|0.0.0.0:15017]|listeners:[], old=null}, confs=<EMPTY_MAP>
2024-10-16 23:57:19,309 INFO  server.RaftServerConfigKeys (ConfUtils.java:logGet(46)) - raft.server.notification.no-leader.timeout = 60s (default)
2024-10-16 23:57:19,309 INFO  server.RaftServerConfigKeys (ConfUtils.java:logGet(46)) - raft.server.read.timeout = 10s (default)
2024-10-16 23:57:19,309 INFO  server.RaftServerConfigKeys (ConfUtils.java:logGet(46)) - raft.server.retrycache.expirytime = 60s (default)
2024-10-16 23:57:19,309 INFO  server.RaftServerConfigKeys (ConfUtils.java:logGet(46)) - raft.server.retrycache.statistics.expirytime = 100ms (default)
2024-10-16 23:57:19,310 INFO  server.RaftServerConfigKeys (ConfUtils.java:logGet(46)) - raft.server.read.option = DEFAULT (default)
2024-10-16 23:57:19,310 INFO  server.RaftServerConfigKeys (ConfUtils.java:logGet(46)) - raft.server.read.read-after-write-consistent.write-index-cache.expiry-time = 60s (default)
2024-10-16 23:57:19,310 INFO  server.RaftServerConfigKeys (ConfUtils.java:logGet(46)) - raft.server.rpc.request.timeout = 3000ms (default)
2024-10-16 23:57:19,310 INFO  server.RaftServerConfigKeys (ConfUtils.java:logGet(46)) - raft.server.log.appender.install.snapshot.enabled = true (default)
2024-10-16 23:57:19,310 INFO  server.RaftServerConfigKeys (ConfUtils.java:logGet(46)) - raft.server.threadpool.server.cached = true (default)
2024-10-16 23:57:19,310 INFO  server.RaftServerConfigKeys (ConfUtils.java:logGet(46)) - raft.server.threadpool.server.size = 0 (default)
2024-10-16 23:57:19,310 INFO  server.RaftServerConfigKeys (ConfUtils.java:logGet(46)) - raft.server.threadpool.client.cached = true (default)
2024-10-16 23:57:19,310 INFO  server.RaftServerConfigKeys (ConfUtils.java:logGet(46)) - raft.server.threadpool.client.size = 0 (default)
2024-10-16 23:57:19,310 INFO  server.RaftServerConfigKeys (ConfUtils.java:logGet(46)) - raft.server.storage.free-space.min = 0MB (=0) (default)
2024-10-16 23:57:19,310 INFO  server.RaftServerConfigKeys (ConfUtils.java:logGet(46)) - raft.server.log.corruption.policy = EXCEPTION (default)
2024-10-16 23:57:19,310 INFO  server.RaftServerConfigKeys (ConfUtils.java:logGet(46)) - raft.server.storage.dir = [/home/runner/work/ratis/ratis/ratis-examples/target/test/data/6cc99a4c/MiniRaftClusterWithNettyeee6e424/s3] (custom)
2024-10-16 23:57:19,311 INFO  storage.RaftStorageDirectory (RaftStorageDirectoryImpl.java:analyzeStorage(138)) - The storage directory /home/runner/work/ratis/ratis/ratis-examples/target/test/data/6cc99a4c/MiniRaftClusterWithNettyeee6e424/s3/b59cd3e0-950b-46bf-b2fa-fce02d1cd77c does not exist. Creating ...
2024-10-16 23:57:19,311 TRACE util.FileUtils (LogUtils.java:runAndLog(49)) - Successfully ran Files.createDirectories /home/runner/work/ratis/ratis/ratis-examples/target/test/data/6cc99a4c/MiniRaftClusterWithNettyeee6e424/s3/b59cd3e0-950b-46bf-b2fa-fce02d1cd77c
2024-10-16 23:57:19,312 INFO  storage.RaftStorageDirectory (RaftStorageDirectoryImpl.java:tryLock(229)) - Lock on /home/runner/work/ratis/ratis/ratis-examples/target/test/data/6cc99a4c/MiniRaftClusterWithNettyeee6e424/s3/b59cd3e0-950b-46bf-b2fa-fce02d1cd77c/in_use.lock acquired by nodename 14984@fv-az1433-785
2024-10-16 23:57:19,312 TRACE util.FileUtils (LogUtils.java:runAndLog(49)) - Successfully ran Files.createDirectories /home/runner/work/ratis/ratis/ratis-examples/target/test/data/6cc99a4c/MiniRaftClusterWithNettyeee6e424/s3/b59cd3e0-950b-46bf-b2fa-fce02d1cd77c/current
2024-10-16 23:57:19,312 TRACE util.FileUtils (LogUtils.java:runAndLog(49)) - Successfully ran Files.createDirectories /home/runner/work/ratis/ratis/ratis-examples/target/test/data/6cc99a4c/MiniRaftClusterWithNettyeee6e424/s3/b59cd3e0-950b-46bf-b2fa-fce02d1cd77c/sm
2024-10-16 23:57:19,312 TRACE util.FileUtils (LogUtils.java:supplyAndLog(69)) - Successfully supplied FileChannel.open /home/runner/work/ratis/ratis/ratis-examples/target/test/data/6cc99a4c/MiniRaftClusterWithNettyeee6e424/s3/b59cd3e0-950b-46bf-b2fa-fce02d1cd77c/current/raft-meta.tmp with options [CREATE, WRITE]: sun.nio.ch.FileChannelImpl@4da3b7d9
2024-10-16 23:57:19,313 TRACE util.FileUtils (LogUtils.java:runAndLog(49)) - Successfully ran Atomic Files.move /home/runner/work/ratis/ratis/ratis-examples/target/test/data/6cc99a4c/MiniRaftClusterWithNettyeee6e424/s3/b59cd3e0-950b-46bf-b2fa-fce02d1cd77c/current/raft-meta.tmp to /home/runner/work/ratis/ratis/ratis-examples/target/test/data/6cc99a4c/MiniRaftClusterWithNettyeee6e424/s3/b59cd3e0-950b-46bf-b2fa-fce02d1cd77c/current/raft-meta with options [REPLACE_EXISTING]
2024-10-16 23:57:19,313 INFO  storage.RaftStorage (RaftStorageImpl.java:format(98)) - Storage directory /home/runner/work/ratis/ratis/ratis-examples/target/test/data/6cc99a4c/MiniRaftClusterWithNettyeee6e424/s3/b59cd3e0-950b-46bf-b2fa-fce02d1cd77c has been successfully formatted.
2024-10-16 23:57:19,313 WARN  statemachine.StateMachine (ArithmeticStateMachine.java:loadSnapshot(115)) - The snapshot info is null.
2024-10-16 23:57:19,314 INFO  server.RaftServerConfigKeys (ConfUtils.java:logGet(46)) - raft.server.log.use.memory = false (default)
2024-10-16 23:57:19,314 INFO  server.RaftServerConfigKeys (ConfUtils.java:logGet(46)) - raft.server.log.purge.gap = 1024 (default)
2024-10-16 23:57:19,314 INFO  server.RaftServerConfigKeys (ConfUtils.java:logGet(46)) - raft.server.log.appender.buffer.byte-limit = 4MB (=4194304) (default)
2024-10-16 23:57:19,314 INFO  server.RaftServerConfigKeys (ConfUtils.java:logGet(46)) - raft.server.log.statemachine.data.read.timeout = 1000ms (default)
2024-10-16 23:57:19,314 INFO  server.RaftServerConfigKeys (ConfUtils.java:logGet(46)) - raft.server.log.purge.preservation.log.num = 0 (default)
2024-10-16 23:57:19,314 INFO  server.RaftServerConfigKeys (ConfUtils.java:logGet(46)) - raft.server.log.segment.size.max = 32MB (=33554432) (default)
2024-10-16 23:57:19,314 INFO  server.RaftServerConfigKeys (ConfUtils.java:logGet(46)) - raft.server.log.segment.cache.num.max = 6 (default)
2024-10-16 23:57:19,314 INFO  server.RaftServerConfigKeys (ConfUtils.java:logGet(46)) - raft.server.log.segment.cache.size.max = 200MB (=209715200) (default)
2024-10-16 23:57:19,314 INFO  server.RaftServerConfigKeys (ConfUtils.java:logGet(46)) - raft.server.log.appender.buffer.byte-limit = 4MB (=4194304) (default)
2024-10-16 23:57:19,314 INFO  util.AwaitToRun (AwaitToRun.java:start(81)) - Thread[s3@group-FCE02D1CD77C-cacheEviction-AwaitToRun,5,main] started
2024-10-16 23:57:19,314 INFO  segmented.SegmentedRaftLogWorker (SegmentedRaftLogWorker.java:<init>(188)) - new s3@group-FCE02D1CD77C-SegmentedRaftLogWorker for RaftStorageImpl:Storage Directory /home/runner/work/ratis/ratis/ratis-examples/target/test/data/6cc99a4c/MiniRaftClusterWithNettyeee6e424/s3/b59cd3e0-950b-46bf-b2fa-fce02d1cd77c
2024-10-16 23:57:19,314 INFO  server.RaftServerConfigKeys (ConfUtils.java:logGet(46)) - raft.server.log.queue.byte-limit = 64MB (=67108864) (default)
2024-10-16 23:57:19,314 INFO  server.RaftServerConfigKeys (ConfUtils.java:logGet(46)) - raft.server.log.queue.element-limit = 4096 (default)
2024-10-16 23:57:19,314 INFO  server.RaftServerConfigKeys (ConfUtils.java:logGet(46)) - raft.server.log.segment.size.max = 32MB (=33554432) (default)
2024-10-16 23:57:19,315 INFO  server.RaftServerConfigKeys (ConfUtils.java:logGet(46)) - raft.server.log.preallocated.size = 4MB (=4194304) (default)
2024-10-16 23:57:19,315 INFO  server.RaftServerConfigKeys (ConfUtils.java:logGet(46)) - raft.server.log.force.sync.num = 128 (default)
2024-10-16 23:57:19,315 INFO  server.RaftServerConfigKeys (ConfUtils.java:logGet(46)) - raft.server.log.statemachine.data.sync = true (default)
2024-10-16 23:57:19,315 INFO  server.RaftServerConfigKeys (ConfUtils.java:logGet(46)) - raft.server.log.statemachine.data.sync.timeout = 10s (default)
2024-10-16 23:57:19,315 INFO  server.RaftServerConfigKeys (ConfUtils.java:logGet(46)) - raft.server.log.statemachine.data.sync.timeout.retry = -1 (default)
2024-10-16 23:57:19,315 INFO  server.RaftServerConfigKeys (ConfUtils.java:logGet(46)) - raft.server.log.write.buffer.size = 8MB (=8388608) (default)
2024-10-16 23:57:19,316 INFO  server.RaftServerConfigKeys (ConfUtils.java:logGet(46)) - raft.server.log.appender.buffer.byte-limit = 4MB (=4194304) (default)
2024-10-16 23:57:19,316 INFO  server.RaftServerConfigKeys (ConfUtils.java:logGet(46)) - raft.server.log.unsafe-flush.enabled = false (default)
2024-10-16 23:57:19,316 INFO  server.RaftServerConfigKeys (ConfUtils.java:logGet(46)) - raft.server.log.async-flush.enabled = false (default)
2024-10-16 23:57:19,316 INFO  server.RaftServerConfigKeys (ConfUtils.java:logGet(46)) - raft.server.log.statemachine.data.caching.enabled = false (default)
2024-10-16 23:57:19,317 INFO  segmented.SegmentedRaftLogWorker (SegmentedRaftLogWorker.java:lambda$new$0(139)) - s3@group-FCE02D1CD77C-SegmentedRaftLogWorker: flushIndex: setUnconditionally 0 -> -1
2024-10-16 23:57:19,317 INFO  segmented.SegmentedRaftLogWorker (SegmentedRaftLogWorker.java:lambda$new$0(139)) - s3@group-FCE02D1CD77C-SegmentedRaftLogWorker: safeCacheEvictIndex: setUnconditionally 0 -> -1
2024-10-16 23:57:19,317 INFO  server.RaftServer$Division (RaftServerImpl.java:start(393)) - s3@group-FCE02D1CD77C: start as a follower, conf=conf: {index: -1, cur=peers:[s3|0.0.0.0:15018, s14|0.0.0.0:15029, s2|0.0.0.0:15017]|listeners:[], old=null}
2024-10-16 23:57:19,317 INFO  server.RaftServer$Division (RaftServerImpl.java:setRole(380)) - s3@group-FCE02D1CD77C: changes role from      null to FOLLOWER at term 0 for startAsFollower
2024-10-16 23:57:19,317 INFO  impl.RoleInfo (RoleInfo.java:updateAndGet(148)) - s3: start s3@group-FCE02D1CD77C-FollowerState
2024-10-16 23:57:19,317 INFO  util.JmxRegister (JmxRegister.java:tryRegister(44)) - Successfully registered JMX Bean with object name Ratis:service=RaftServer,group=group-FCE02D1CD77C,id=s3
2024-10-16 23:57:19,317 INFO  util.JmxRegister (JmxRegister.java:register(58)) - register mxBean class org.apache.ratis.server.impl.RaftServerJmxAdapter as Ratis:service=RaftServer,group=group-FCE02D1CD77C,id=s3
2024-10-16 23:57:19,317 INFO  server.RaftServerConfigKeys (ConfUtils.java:logGet(46)) - raft.server.snapshot.trigger-when-stop.enabled = true (default)
2024-10-16 23:57:19,317 INFO  server.RaftServerConfigKeys (ConfUtils.java:logGet(46)) - raft.server.snapshot.trigger-when-remove.enabled = true (default)
2024-10-16 23:57:19,317 INFO  server.RaftServerConfigKeys (ConfUtils.java:logGet(46)) - raft.server.snapshot.auto.trigger.enabled = false (default)
2024-10-16 23:57:19,317 INFO  server.RaftServerConfigKeys (ConfUtils.java:logGet(46)) - raft.server.snapshot.retention.file.num = -1 (default)
2024-10-16 23:57:19,317 INFO  server.RaftServerConfigKeys (ConfUtils.java:logGet(46)) - raft.server.log.purge.upto.snapshot.index = false (default)
2024-10-16 23:57:19,317 INFO  server.RaftServerConfigKeys (ConfUtils.java:logFallback(53)) - raft.server.rpc.first-election.timeout.min = 300ms (fallback to raft.server.rpc.timeout.min)
2024-10-16 23:57:19,318 INFO  server.RaftServerConfigKeys (ConfUtils.java:logFallback(53)) - raft.server.rpc.first-election.timeout.max = 600ms (fallback to raft.server.rpc.timeout.max)
2024-10-16 23:57:19,318 INFO  server.RaftServer$Division (RaftServerImpl.java:start(407)) - s3@group-FCE02D1CD77C: Successfully started.
2024-10-16 23:57:19,319 INFO  server.RaftServerConfigKeys (ConfUtils.java:logGet(46)) - raft.server.rpc.timeout.max = 600ms (custom)
2024-10-16 23:57:19,320 INFO  ratis.RaftTestUtil (RaftTestUtil.java:waitForLeader(107)) - printing group-FCE02D1CD77C
  s3:  RUNNING [
   FOLLOWER s3@group-FCE02D1CD77C:t0, leader=null, voted=, raftlog=Memoized:s3@group-FCE02D1CD77C-SegmentedRaftLog:OPENED:c-1:lastnull, conf=conf: {index: -1, cur=peers:[s3|0.0.0.0:15018, s14|0.0.0.0:15029, s2|0.0.0.0:15017]|listeners:[], old=null} RUNNING
   FOLLOWER s3@group-9EBC86A0B11D:t0, leader=null, voted=, raftlog=Memoized:s3@group-9EBC86A0B11D-SegmentedRaftLog:OPENED:c-1:lastnull, conf=conf: {index: -1, cur=peers:[]|listeners:[], old=null} STARTING] size=2
  s14:  RUNNING [
   FOLLOWER s14@group-FCE02D1CD77C:t0, leader=null, voted=, raftlog=Memoized:s14@group-FCE02D1CD77C-SegmentedRaftLog:OPENED:c-1:lastnull, conf=conf: {index: -1, cur=peers:[s3|0.0.0.0:15018, s14|0.0.0.0:15029, s2|0.0.0.0:15017]|listeners:[], old=null} RUNNING
   FOLLOWER s14@group-9EBC86A0B11D:t0, leader=null, voted=, raftlog=Memoized:s14@group-9EBC86A0B11D-SegmentedRaftLog:OPENED:c-1:lastnull, conf=conf: {index: -1, cur=peers:[]|listeners:[], old=null} STARTING] size=2
  s2:  RUNNING [
   FOLLOWER s2@group-FCE02D1CD77C:t0, leader=null, voted=, raftlog=Memoized:s2@group-FCE02D1CD77C-SegmentedRaftLog:OPENED:c-1:lastnull, conf=conf: {index: -1, cur=peers:[s3|0.0.0.0:15018, s14|0.0.0.0:15029, s2|0.0.0.0:15017]|listeners:[], old=null} RUNNING
   FOLLOWER s2@group-9EBC86A0B11D:t0, leader=null, voted=, raftlog=Memoized:s2@group-9EBC86A0B11D-SegmentedRaftLog:OPENED:c-1:lastnull, conf=conf: {index: -1, cur=peers:[]|listeners:[], old=null} STARTING] size=2
2024-10-16 23:57:19,320 WARN  ratis.RaftTestUtil (RaftTestUtil.java:lambda$waitForLeader$3(126)) - Attempt #1 failed: java.lang.IllegalStateException: No leader yet  for group-FCE02D1CD77C: printing group-FCE02D1CD77C
  s3:  RUNNING [
   FOLLOWER s3@group-FCE02D1CD77C:t0, leader=null, voted=, raftlog=Memoized:s3@group-FCE02D1CD77C-SegmentedRaftLog:OPENED:c-1:lastnull, conf=conf: {index: -1, cur=peers:[s3|0.0.0.0:15018, s14|0.0.0.0:15029, s2|0.0.0.0:15017]|listeners:[], old=null} RUNNING
   FOLLOWER s3@group-9EBC86A0B11D:t0, leader=null, voted=, raftlog=Memoized:s3@group-9EBC86A0B11D-SegmentedRaftLog:OPENED:c-1:lastnull, conf=conf: {index: -1, cur=peers:[]|listeners:[], old=null} STARTING] size=2
  s14:  RUNNING [
   FOLLOWER s14@group-FCE02D1CD77C:t0, leader=null, voted=, raftlog=Memoized:s14@group-FCE02D1CD77C-SegmentedRaftLog:OPENED:c-1:lastnull, conf=conf: {index: -1, cur=peers:[s3|0.0.0.0:15018, s14|0.0.0.0:15029, s2|0.0.0.0:15017]|listeners:[], old=null} RUNNING
   FOLLOWER s14@group-9EBC86A0B11D:t0, leader=null, voted=, raftlog=Memoized:s14@group-9EBC86A0B11D-SegmentedRaftLog:OPENED:c-1:lastnull, conf=conf: {index: -1, cur=peers:[]|listeners:[], old=null} STARTING] size=2
  s2:  RUNNING [
   FOLLOWER s2@group-FCE02D1CD77C:t0, leader=null, voted=, raftlog=Memoized:s2@group-FCE02D1CD77C-SegmentedRaftLog:OPENED:c-1:lastnull, conf=conf: {index: -1, cur=peers:[s3|0.0.0.0:15018, s14|0.0.0.0:15029, s2|0.0.0.0:15017]|listeners:[], old=null} RUNNING
   FOLLOWER s2@group-9EBC86A0B11D:t0, leader=null, voted=, raftlog=Memoized:s2@group-9EBC86A0B11D-SegmentedRaftLog:OPENED:c-1:lastnull, conf=conf: {index: -1, cur=peers:[]|listeners:[], old=null} STARTING] size=2
2024-10-16 23:57:19,672 INFO  impl.FollowerState (FollowerState.java:runImpl(161)) - s14@group-FCE02D1CD77C-FollowerState: change to CANDIDATE, lastRpcElapsedTime:384511659ns, electionTimeout:384ms
2024-10-16 23:57:19,672 INFO  impl.RoleInfo (RoleInfo.java:shutdownFollowerState(121)) - s14: shutdown s14@group-FCE02D1CD77C-FollowerState
2024-10-16 23:57:19,672 INFO  server.RaftServer$Division (RaftServerImpl.java:setRole(380)) - s14@group-FCE02D1CD77C: changes role from  FOLLOWER to CANDIDATE at term 0 for changeToCandidate
2024-10-16 23:57:19,672 INFO  server.RaftServerConfigKeys (ConfUtils.java:logGet(46)) - raft.server.leaderelection.pre-vote = true (default)
2024-10-16 23:57:19,672 INFO  impl.RoleInfo (RoleInfo.java:updateAndGet(148)) - s14: start s14@group-FCE02D1CD77C-LeaderElection20
2024-10-16 23:57:19,672 INFO  impl.LeaderElection (LeaderElection.java:askForVotes(333)) - s14@group-FCE02D1CD77C-LeaderElection20 PRE_VOTE round 0: submit vote requests at term 0 for conf: {index: -1, cur=peers:[s3|0.0.0.0:15018, s14|0.0.0.0:15029, s2|0.0.0.0:15017]|listeners:[], old=null}
2024-10-16 23:57:19,673 INFO  server.RaftServerConfigKeys (ConfUtils.java:logFallback(53)) - raft.server.rpc.first-election.timeout.min = 300ms (fallback to raft.server.rpc.timeout.min)
2024-10-16 23:57:19,673 INFO  server.RaftServerConfigKeys (ConfUtils.java:logFallback(53)) - raft.server.rpc.first-election.timeout.max = 600ms (fallback to raft.server.rpc.timeout.max)
2024-10-16 23:57:19,674 INFO  logging.LoggingHandler (AbstractInternalLogger.java:log(148)) - [id: 0x23ee7d64, L:/0.0.0.0:15018] READ: [id: 0x32de6590, L:/127.0.0.1:15018 - R:/127.0.0.1:35224]
2024-10-16 23:57:19,674 INFO  logging.LoggingHandler (AbstractInternalLogger.java:log(148)) - [id: 0xe405d390, L:/0.0.0.0:15017] READ: [id: 0xa62cc52b, L:/127.0.0.1:15017 - R:/127.0.0.1:37358]
2024-10-16 23:57:19,674 INFO  logging.LoggingHandler (AbstractInternalLogger.java:log(148)) - [id: 0x23ee7d64, L:/0.0.0.0:15018] READ COMPLETE
2024-10-16 23:57:19,675 INFO  logging.LoggingHandler (AbstractInternalLogger.java:log(148)) - [id: 0xe405d390, L:/0.0.0.0:15017] READ COMPLETE
2024-10-16 23:57:19,675 INFO  server.RaftServer$Division (RaftServerImpl.java:requestVote(1447)) - s3@group-FCE02D1CD77C: receive requestVote(PRE_VOTE, s14, group-FCE02D1CD77C, 0, (t:0, i:0))
2024-10-16 23:57:19,675 INFO  impl.VoteContext (VoteContext.java:log(49)) - s3@group-FCE02D1CD77C-FOLLOWER: accept PRE_VOTE from s14: our priority 0 <= candidate's priority 0
2024-10-16 23:57:19,675 INFO  server.RaftServer$Division (RaftServerImpl.java:requestVote(1480)) - s3@group-FCE02D1CD77C replies to PRE_VOTE vote request: s14<-s3#0:OK-t0. Peer's state: s3@group-FCE02D1CD77C:t0, leader=null, voted=, raftlog=Memoized:s3@group-FCE02D1CD77C-SegmentedRaftLog:OPENED:c-1:lastnull, conf=conf: {index: -1, cur=peers:[s3|0.0.0.0:15018, s14|0.0.0.0:15029, s2|0.0.0.0:15017]|listeners:[], old=null}
2024-10-16 23:57:19,675 INFO  server.RaftServer$Division (RaftServerImpl.java:requestVote(1447)) - s2@group-FCE02D1CD77C: receive requestVote(PRE_VOTE, s14, group-FCE02D1CD77C, 0, (t:0, i:0))
2024-10-16 23:57:19,676 INFO  impl.VoteContext (VoteContext.java:log(49)) - s2@group-FCE02D1CD77C-FOLLOWER: accept PRE_VOTE from s14: our priority 0 <= candidate's priority 0
2024-10-16 23:57:19,676 INFO  server.RaftServer$Division (RaftServerImpl.java:requestVote(1480)) - s2@group-FCE02D1CD77C replies to PRE_VOTE vote request: s14<-s2#0:OK-t0. Peer's state: s2@group-FCE02D1CD77C:t0, leader=null, voted=, raftlog=Memoized:s2@group-FCE02D1CD77C-SegmentedRaftLog:OPENED:c-1:lastnull, conf=conf: {index: -1, cur=peers:[s3|0.0.0.0:15018, s14|0.0.0.0:15029, s2|0.0.0.0:15017]|listeners:[], old=null}
2024-10-16 23:57:19,677 INFO  impl.LeaderElection (LeaderElection.java:logAndReturn(90)) - s14@group-FCE02D1CD77C-LeaderElection20: PRE_VOTE PASSED received 1 response(s) and 0 exception(s):
2024-10-16 23:57:19,677 INFO  impl.LeaderElection (LeaderElection.java:logAndReturn(94)) -   Response 0: s14<-s3#0:OK-t0
2024-10-16 23:57:19,677 INFO  impl.LeaderElection (LeaderElection.java:askForVotes(335)) - s14@group-FCE02D1CD77C-LeaderElection20 PRE_VOTE round 0: result PASSED
2024-10-16 23:57:19,677 TRACE util.FileUtils (LogUtils.java:supplyAndLog(69)) - Successfully supplied FileChannel.open /home/runner/work/ratis/ratis/ratis-examples/target/test/data/6cc99a4c/MiniRaftClusterWithNettyeee6e424/s14/b59cd3e0-950b-46bf-b2fa-fce02d1cd77c/current/raft-meta.tmp with options [CREATE, WRITE]: sun.nio.ch.FileChannelImpl@47d5999b
2024-10-16 23:57:19,679 TRACE util.FileUtils (LogUtils.java:runAndLog(49)) - Successfully ran Atomic Files.move /home/runner/work/ratis/ratis/ratis-examples/target/test/data/6cc99a4c/MiniRaftClusterWithNettyeee6e424/s14/b59cd3e0-950b-46bf-b2fa-fce02d1cd77c/current/raft-meta.tmp to /home/runner/work/ratis/ratis/ratis-examples/target/test/data/6cc99a4c/MiniRaftClusterWithNettyeee6e424/s14/b59cd3e0-950b-46bf-b2fa-fce02d1cd77c/current/raft-meta with options [REPLACE_EXISTING]
2024-10-16 23:57:19,680 INFO  impl.LeaderElection (LeaderElection.java:askForVotes(333)) - s14@group-FCE02D1CD77C-LeaderElection20 ELECTION round 0: submit vote requests at term 1 for conf: {index: -1, cur=peers:[s3|0.0.0.0:15018, s14|0.0.0.0:15029, s2|0.0.0.0:15017]|listeners:[], old=null}
2024-10-16 23:57:19,680 INFO  server.RaftServerConfigKeys (ConfUtils.java:logFallback(53)) - raft.server.rpc.first-election.timeout.min = 300ms (fallback to raft.server.rpc.timeout.min)
2024-10-16 23:57:19,680 INFO  server.RaftServerConfigKeys (ConfUtils.java:logFallback(53)) - raft.server.rpc.first-election.timeout.max = 600ms (fallback to raft.server.rpc.timeout.max)
2024-10-16 23:57:19,680 INFO  server.RaftServer$Division (RaftServerImpl.java:requestVote(1447)) - s3@group-FCE02D1CD77C: receive requestVote(ELECTION, s14, group-FCE02D1CD77C, 1, (t:0, i:0))
2024-10-16 23:57:19,680 INFO  impl.VoteContext (VoteContext.java:log(49)) - s3@group-FCE02D1CD77C-FOLLOWER: accept ELECTION from s14: our priority 0 <= candidate's priority 0
2024-10-16 23:57:19,680 INFO  server.RaftServer$Division (RaftServerImpl.java:setRole(380)) - s3@group-FCE02D1CD77C: changes role from  FOLLOWER to FOLLOWER at term 0 for candidate:s14
2024-10-16 23:57:19,680 INFO  impl.RoleInfo (RoleInfo.java:shutdownFollowerState(121)) - s3: shutdown s3@group-FCE02D1CD77C-FollowerState
2024-10-16 23:57:19,680 INFO  impl.RoleInfo (RoleInfo.java:updateAndGet(148)) - s3: start s3@group-FCE02D1CD77C-FollowerState
2024-10-16 23:57:19,680 INFO  impl.FollowerState (FollowerState.java:runImpl(170)) - s3@group-FCE02D1CD77C-FollowerState was interrupted
2024-10-16 23:57:19,681 INFO  server.RaftServer$Division (RaftServerImpl.java:requestVote(1447)) - s2@group-FCE02D1CD77C: receive requestVote(ELECTION, s14, group-FCE02D1CD77C, 1, (t:0, i:0))
2024-10-16 23:57:19,681 INFO  impl.VoteContext (VoteContext.java:log(49)) - s2@group-FCE02D1CD77C-FOLLOWER: accept ELECTION from s14: our priority 0 <= candidate's priority 0
2024-10-16 23:57:19,681 INFO  server.RaftServer$Division (RaftServerImpl.java:setRole(380)) - s2@group-FCE02D1CD77C: changes role from  FOLLOWER to FOLLOWER at term 0 for candidate:s14
2024-10-16 23:57:19,681 INFO  impl.RoleInfo (RoleInfo.java:shutdownFollowerState(121)) - s2: shutdown s2@group-FCE02D1CD77C-FollowerState
2024-10-16 23:57:19,681 INFO  server.RaftServer$Division (RaftServerImpl.java:setFirstElection(564)) - s3@group-FCE02D1CD77C: set firstElectionSinceStartup to false for candidate:s14
2024-10-16 23:57:19,681 INFO  impl.FollowerState (FollowerState.java:runImpl(170)) - s2@group-FCE02D1CD77C-FollowerState was interrupted
2024-10-16 23:57:19,681 INFO  impl.RoleInfo (RoleInfo.java:updateAndGet(148)) - s2: start s2@group-FCE02D1CD77C-FollowerState
2024-10-16 23:57:19,681 TRACE util.FileUtils (LogUtils.java:supplyAndLog(69)) - Successfully supplied FileChannel.open /home/runner/work/ratis/ratis/ratis-examples/target/test/data/6cc99a4c/MiniRaftClusterWithNettyeee6e424/s3/b59cd3e0-950b-46bf-b2fa-fce02d1cd77c/current/raft-meta.tmp with options [CREATE, WRITE]: sun.nio.ch.FileChannelImpl@4fed63ca
2024-10-16 23:57:19,682 INFO  server.RaftServer$Division (RaftServerImpl.java:setFirstElection(564)) - s2@group-FCE02D1CD77C: set firstElectionSinceStartup to false for candidate:s14
2024-10-16 23:57:19,682 TRACE util.FileUtils (LogUtils.java:supplyAndLog(69)) - Successfully supplied FileChannel.open /home/runner/work/ratis/ratis/ratis-examples/target/test/data/6cc99a4c/MiniRaftClusterWithNettyeee6e424/s2/b59cd3e0-950b-46bf-b2fa-fce02d1cd77c/current/raft-meta.tmp with options [CREATE, WRITE]: sun.nio.ch.FileChannelImpl@14f9b775
2024-10-16 23:57:19,683 TRACE util.FileUtils (LogUtils.java:runAndLog(49)) - Successfully ran Atomic Files.move /home/runner/work/ratis/ratis/ratis-examples/target/test/data/6cc99a4c/MiniRaftClusterWithNettyeee6e424/s3/b59cd3e0-950b-46bf-b2fa-fce02d1cd77c/current/raft-meta.tmp to /home/runner/work/ratis/ratis/ratis-examples/target/test/data/6cc99a4c/MiniRaftClusterWithNettyeee6e424/s3/b59cd3e0-950b-46bf-b2fa-fce02d1cd77c/current/raft-meta with options [REPLACE_EXISTING]
2024-10-16 23:57:19,683 INFO  server.RaftServer$Division (RaftServerImpl.java:requestVote(1480)) - s3@group-FCE02D1CD77C replies to ELECTION vote request: s14<-s3#0:OK-t1. Peer's state: s3@group-FCE02D1CD77C:t1, leader=null, voted=s14, raftlog=Memoized:s3@group-FCE02D1CD77C-SegmentedRaftLog:OPENED:c-1:lastnull, conf=conf: {index: -1, cur=peers:[s3|0.0.0.0:15018, s14|0.0.0.0:15029, s2|0.0.0.0:15017]|listeners:[], old=null}
2024-10-16 23:57:19,683 TRACE util.FileUtils (LogUtils.java:runAndLog(49)) - Successfully ran Atomic Files.move /home/runner/work/ratis/ratis/ratis-examples/target/test/data/6cc99a4c/MiniRaftClusterWithNettyeee6e424/s2/b59cd3e0-950b-46bf-b2fa-fce02d1cd77c/current/raft-meta.tmp to /home/runner/work/ratis/ratis/ratis-examples/target/test/data/6cc99a4c/MiniRaftClusterWithNettyeee6e424/s2/b59cd3e0-950b-46bf-b2fa-fce02d1cd77c/current/raft-meta with options [REPLACE_EXISTING]
2024-10-16 23:57:19,683 INFO  server.RaftServer$Division (RaftServerImpl.java:requestVote(1480)) - s2@group-FCE02D1CD77C replies to ELECTION vote request: s14<-s2#0:OK-t1. Peer's state: s2@group-FCE02D1CD77C:t1, leader=null, voted=s14, raftlog=Memoized:s2@group-FCE02D1CD77C-SegmentedRaftLog:OPENED:c-1:lastnull, conf=conf: {index: -1, cur=peers:[s3|0.0.0.0:15018, s14|0.0.0.0:15029, s2|0.0.0.0:15017]|listeners:[], old=null}
2024-10-16 23:57:19,683 INFO  impl.LeaderElection (LeaderElection.java:logAndReturn(90)) - s14@group-FCE02D1CD77C-LeaderElection20: ELECTION PASSED received 1 response(s) and 0 exception(s):
2024-10-16 23:57:19,683 INFO  impl.LeaderElection (LeaderElection.java:logAndReturn(94)) -   Response 0: s14<-s3#0:OK-t1
2024-10-16 23:57:19,683 INFO  impl.LeaderElection (LeaderElection.java:askForVotes(335)) - s14@group-FCE02D1CD77C-LeaderElection20 ELECTION round 0: result PASSED
2024-10-16 23:57:19,683 INFO  impl.RoleInfo (RoleInfo.java:shutdownLeaderElection(141)) - s14: shutdown s14@group-FCE02D1CD77C-LeaderElection20
2024-10-16 23:57:19,683 INFO  server.RaftServer$Division (RaftServerImpl.java:setRole(380)) - s14@group-FCE02D1CD77C: changes role from CANDIDATE to LEADER at term 1 for changeToLeader
2024-10-16 23:57:19,683 INFO  server.RaftServerConfigKeys (ConfUtils.java:logGet(46)) - raft.server.staging.catchup.gap = 1000 (default)
2024-10-16 23:57:19,684 INFO  server.RaftServerConfigKeys (ConfUtils.java:logGet(46)) - raft.server.write.element-limit = 4096 (default)
2024-10-16 23:57:19,684 INFO  server.RaftServerConfigKeys (ConfUtils.java:logGet(46)) - raft.server.write.byte-limit = 64MB (=67108864) (default)
2024-10-16 23:57:19,684 INFO  server.RaftServerConfigKeys (ConfUtils.java:logGet(46)) - raft.server.watch.timeout = 10s (default)
2024-10-16 23:57:19,684 INFO  server.RaftServerConfigKeys (ConfUtils.java:logGet(46)) - raft.server.watch.timeout.denomination = 1s (default)
2024-10-16 23:57:19,684 INFO  server.RaftServerConfigKeys (ConfUtils.java:logGet(46)) - raft.server.watch.element-limit = 65536 (default)
2024-10-16 23:57:19,684 INFO  server.RaftServerConfigKeys (ConfUtils.java:logGet(46)) - raft.server.read.leader.lease.enabled = false (default)
2024-10-16 23:57:19,684 INFO  server.RaftServerConfigKeys (ConfUtils.java:logGet(46)) - raft.server.read.leader.lease.timeout.ratio = 0.9 (default)
2024-10-16 23:57:19,684 INFO  server.RaftServerConfigKeys (ConfUtils.java:logGet(46)) - raft.server.rpc.timeout.min = 300ms (custom)
2024-10-16 23:57:19,684 INFO  server.RaftServerConfigKeys (ConfUtils.java:logGet(46)) - raft.server.log.log-metadata.enabled = true (default)
2024-10-16 23:57:19,684 INFO  server.RaftServerConfigKeys (ConfUtils.java:logGet(46)) - raft.server.write.element-limit = 4096 (default)
2024-10-16 23:57:19,684 INFO  server.RaftServerConfigKeys (ConfUtils.java:logGet(46)) - raft.server.write.follower.gap.ratio.max = -1.0 (default)
2024-10-16 23:57:19,684 INFO  server.RaftServerConfigKeys (ConfUtils.java:logGet(46)) - raft.server.log.appender.snapshot.chunk.size.max = 16MB (=16777216) (default)
2024-10-16 23:57:19,684 INFO  server.RaftServerConfigKeys (ConfUtils.java:logGet(46)) - raft.server.log.appender.buffer.byte-limit = 4MB (=4194304) (default)
2024-10-16 23:57:19,684 INFO  server.RaftServerConfigKeys (ConfUtils.java:logGet(46)) - raft.server.log.appender.buffer.element-limit = 0 (default)
2024-10-16 23:57:19,685 INFO  server.RaftServerConfigKeys (ConfUtils.java:logGet(46)) - raft.server.log.appender.wait-time.min = 1ms (default)
2024-10-16 23:57:19,685 INFO  server.RaftServerConfigKeys (ConfUtils.java:logGet(46)) - raft.server.log.appender.snapshot.chunk.size.max = 16MB (=16777216) (default)
2024-10-16 23:57:19,685 INFO  server.RaftServerConfigKeys (ConfUtils.java:logGet(46)) - raft.server.log.appender.buffer.byte-limit = 4MB (=4194304) (default)
2024-10-16 23:57:19,685 INFO  server.RaftServerConfigKeys (ConfUtils.java:logGet(46)) - raft.server.log.appender.buffer.element-limit = 0 (default)
2024-10-16 23:57:19,685 INFO  server.RaftServerConfigKeys (ConfUtils.java:logGet(46)) - raft.server.log.appender.wait-time.min = 1ms (default)
2024-10-16 23:57:19,685 INFO  impl.RoleInfo (RoleInfo.java:updateAndGet(148)) - s14: start s14@group-FCE02D1CD77C-LeaderStateImpl
2024-10-16 23:57:19,685 INFO  server.RaftServer$Division (RaftServerImpl.java:setFirstElection(564)) - s14@group-FCE02D1CD77C: set firstElectionSinceStartup to false for becomeLeader
2024-10-16 23:57:19,685 INFO  server.RaftServer$Division (ServerState.java:setLeader(272)) - s14@group-FCE02D1CD77C: change Leader from null to s14 at term 1 for becomeLeader, leader elected after 407ms
2024-10-16 23:57:19,685 INFO  segmented.SegmentedRaftLogWorker (SegmentedRaftLogWorker.java:startLogSegment(442)) - s14@group-FCE02D1CD77C-SegmentedRaftLogWorker: Starting segment from index:0
2024-10-16 23:57:19,685 INFO  server.RaftServer$Division (ServerState.java:setRaftConf(386)) - s14@group-FCE02D1CD77C: set configuration conf: {index: 0, cur=peers:[s3|0.0.0.0:15018, s14|0.0.0.0:15029, s2|0.0.0.0:15017]|listeners:[], old=null}
2024-10-16 23:57:19,685 INFO  segmented.BufferedWriteChannel (BufferedWriteChannel.java:open(61)) - open log_inprogress_0 at position 0
2024-10-16 23:57:19,686 INFO  server.RaftServer$Division (ServerState.java:setLeader(272)) - s3@group-FCE02D1CD77C: change Leader from null to s14 at term 1 for appendEntries, leader elected after 376ms
2024-10-16 23:57:19,687 DEBUG server.RaftServer$Division (RaftServerImpl.java:logAppendEntries(1549)) - s3@group-FCE02D1CD77C: appendEntries* s14->s3#5181-t1,previous=(t:0, i:0),leaderCommit=-1,initializing? false,entries: size=1, first=(t:1, i:0), CONFIGURATIONENTRY(current:id:"s3"address:"0.0.0.0:15018"clientAddress:"0.0.0.0:15018"adminAddress:"0.0.0.0:15018"startupRole:FOLLOWER, id:"s14"address:"0.0.0.0:15029"clientAddress:"0.0.0.0:15029"adminAddress:"0.0.0.0:15029"startupRole:FOLLOWER, id:"s2"address:"0.0.0.0:15017"clientAddress:"0.0.0.0:15017"adminAddress:"0.0.0.0:15017"startupRole:FOLLOWER, old:)
2024-10-16 23:57:19,687 INFO  server.RaftServer$Division (ServerState.java:setRaftConf(386)) - s3@group-FCE02D1CD77C: set configuration conf: {index: 0, cur=peers:[s3|0.0.0.0:15018, s14|0.0.0.0:15029, s2|0.0.0.0:15017]|listeners:[], old=null}
2024-10-16 23:57:19,687 INFO  segmented.SegmentedRaftLogWorker (SegmentedRaftLogWorker.java:startLogSegment(442)) - s3@group-FCE02D1CD77C-SegmentedRaftLogWorker: Starting segment from index:0
2024-10-16 23:57:19,687 INFO  segmented.BufferedWriteChannel (BufferedWriteChannel.java:open(61)) - open log_inprogress_0 at position 0
2024-10-16 23:57:19,691 INFO  server.RaftServer$Division (ServerState.java:setLeader(272)) - s2@group-FCE02D1CD77C: change Leader from null to s14 at term 1 for appendEntries, leader elected after 397ms
2024-10-16 23:57:19,692 DEBUG server.RaftServer$Division (RaftServerImpl.java:logAppendEntries(1549)) - s2@group-FCE02D1CD77C: appendEntries* s14->s2#5182-t1,previous=(t:0, i:0),leaderCommit=-1,initializing? false,entries: size=1, first=(t:1, i:0), CONFIGURATIONENTRY(current:id:"s3"address:"0.0.0.0:15018"clientAddress:"0.0.0.0:15018"adminAddress:"0.0.0.0:15018"startupRole:FOLLOWER, id:"s14"address:"0.0.0.0:15029"clientAddress:"0.0.0.0:15029"adminAddress:"0.0.0.0:15029"startupRole:FOLLOWER, id:"s2"address:"0.0.0.0:15017"clientAddress:"0.0.0.0:15017"adminAddress:"0.0.0.0:15017"startupRole:FOLLOWER, old:)
2024-10-16 23:57:19,692 INFO  server.RaftServer$Division (ServerState.java:setRaftConf(386)) - s2@group-FCE02D1CD77C: set configuration conf: {index: 0, cur=peers:[s3|0.0.0.0:15018, s14|0.0.0.0:15029, s2|0.0.0.0:15017]|listeners:[], old=null}
2024-10-16 23:57:19,692 INFO  segmented.SegmentedRaftLogWorker (SegmentedRaftLogWorker.java:startLogSegment(442)) - s2@group-FCE02D1CD77C-SegmentedRaftLogWorker: Starting segment from index:0
2024-10-16 23:57:19,692 INFO  segmented.BufferedWriteChannel (BufferedWriteChannel.java:open(61)) - open log_inprogress_0 at position 0
2024-10-16 23:57:19,697 INFO  segmented.SegmentedRaftLogWorker (SegmentedRaftLogWorker.java:execute(663)) - s14@group-FCE02D1CD77C-SegmentedRaftLogWorker: created new log segment /home/runner/work/ratis/ratis/ratis-examples/target/test/data/6cc99a4c/MiniRaftClusterWithNettyeee6e424/s14/b59cd3e0-950b-46bf-b2fa-fce02d1cd77c/current/log_inprogress_0
2024-10-16 23:57:19,700 INFO  segmented.SegmentedRaftLogWorker (SegmentedRaftLogWorker.java:execute(663)) - s3@group-FCE02D1CD77C-SegmentedRaftLogWorker: created new log segment /home/runner/work/ratis/ratis/ratis-examples/target/test/data/6cc99a4c/MiniRaftClusterWithNettyeee6e424/s3/b59cd3e0-950b-46bf-b2fa-fce02d1cd77c/current/log_inprogress_0
2024-10-16 23:57:19,701 DEBUG server.RaftServer$Division (RaftServerImpl.java:logAppendEntries(1549)) - s3@group-FCE02D1CD77C: appendEntries* reply s14<-s3#5181:OK-t1,SUCCESS,nextIndex=1,followerCommit=-1,matchIndex=0
2024-10-16 23:57:19,702 INFO  segmented.SegmentedRaftLogWorker (SegmentedRaftLogWorker.java:execute(663)) - s2@group-FCE02D1CD77C-SegmentedRaftLogWorker: created new log segment /home/runner/work/ratis/ratis/ratis-examples/target/test/data/6cc99a4c/MiniRaftClusterWithNettyeee6e424/s2/b59cd3e0-950b-46bf-b2fa-fce02d1cd77c/current/log_inprogress_0
2024-10-16 23:57:19,702 DEBUG server.RaftServer$Division (RaftServerImpl.java:logAppendEntries(1549)) - s2@group-FCE02D1CD77C: appendEntries* reply s14<-s2#5182:OK-t1,SUCCESS,nextIndex=1,followerCommit=-1,matchIndex=0
2024-10-16 23:57:19,706 TRACE util.FileUtils (LogUtils.java:supplyAndLog(69)) - Successfully supplied FileChannel.open /home/runner/work/ratis/ratis/ratis-examples/target/test/data/6cc99a4c/MiniRaftClusterWithNettyeee6e424/s14/b59cd3e0-950b-46bf-b2fa-fce02d1cd77c/current/raft-meta.conf.tmp with options [CREATE, WRITE]: sun.nio.ch.FileChannelImpl@4ff5f15c
2024-10-16 23:57:19,707 TRACE util.FileUtils (LogUtils.java:runAndLog(49)) - Successfully ran Atomic Files.move /home/runner/work/ratis/ratis/ratis-examples/target/test/data/6cc99a4c/MiniRaftClusterWithNettyeee6e424/s14/b59cd3e0-950b-46bf-b2fa-fce02d1cd77c/current/raft-meta.conf.tmp to /home/runner/work/ratis/ratis/ratis-examples/target/test/data/6cc99a4c/MiniRaftClusterWithNettyeee6e424/s14/b59cd3e0-950b-46bf-b2fa-fce02d1cd77c/current/raft-meta.conf with options [REPLACE_EXISTING]
2024-10-16 23:57:19,707 INFO  server.RaftServer$Division (LeaderStateImpl.java:checkStartIndex(314)) - Leader s14@group-FCE02D1CD77C-LeaderStateImpl is ready since appliedIndex == startIndex == 0
2024-10-16 23:57:19,852 TRACE util.FileUtils (LogUtils.java:supplyAndLog(69)) - Successfully supplied FileChannel.open /home/runner/work/ratis/ratis/ratis-examples/target/test/data/6cc99a4c/MiniRaftClusterWithNettyeee6e424/s3/b59cd3e0-950b-46bf-b2fa-fce02d1cd77c/current/raft-meta.conf.tmp with options [CREATE, WRITE]: sun.nio.ch.FileChannelImpl@499932d6
2024-10-16 23:57:19,853 TRACE util.FileUtils (LogUtils.java:supplyAndLog(69)) - Successfully supplied FileChannel.open /home/runner/work/ratis/ratis/ratis-examples/target/test/data/6cc99a4c/MiniRaftClusterWithNettyeee6e424/s2/b59cd3e0-950b-46bf-b2fa-fce02d1cd77c/current/raft-meta.conf.tmp with options [CREATE, WRITE]: sun.nio.ch.FileChannelImpl@58241aaa
2024-10-16 23:57:19,855 TRACE util.FileUtils (LogUtils.java:runAndLog(49)) - Successfully ran Atomic Files.move /home/runner/work/ratis/ratis/ratis-examples/target/test/data/6cc99a4c/MiniRaftClusterWithNettyeee6e424/s3/b59cd3e0-950b-46bf-b2fa-fce02d1cd77c/current/raft-meta.conf.tmp to /home/runner/work/ratis/ratis/ratis-examples/target/test/data/6cc99a4c/MiniRaftClusterWithNettyeee6e424/s3/b59cd3e0-950b-46bf-b2fa-fce02d1cd77c/current/raft-meta.conf with options [REPLACE_EXISTING]
2024-10-16 23:57:19,855 TRACE util.FileUtils (LogUtils.java:runAndLog(49)) - Successfully ran Atomic Files.move /home/runner/work/ratis/ratis/ratis-examples/target/test/data/6cc99a4c/MiniRaftClusterWithNettyeee6e424/s2/b59cd3e0-950b-46bf-b2fa-fce02d1cd77c/current/raft-meta.conf.tmp to /home/runner/work/ratis/ratis/ratis-examples/target/test/data/6cc99a4c/MiniRaftClusterWithNettyeee6e424/s2/b59cd3e0-950b-46bf-b2fa-fce02d1cd77c/current/raft-meta.conf with options [REPLACE_EXISTING]
2024-10-16 23:57:20,220 INFO  ratis.RaftTestUtil (RaftTestUtil.java:waitForLeader(131)) - printing group-FCE02D1CD77C
  s3:  RUNNING [
   FOLLOWER s3@group-FCE02D1CD77C:t1, leader=s14, voted=s14, raftlog=Memoized:s3@group-FCE02D1CD77C-SegmentedRaftLog:OPENED:c0:last(t:1, i:0), conf=conf: {index: 0, cur=peers:[s3|0.0.0.0:15018, s14|0.0.0.0:15029, s2|0.0.0.0:15017]|listeners:[], old=null} RUNNING
   FOLLOWER s3@group-9EBC86A0B11D:t0, leader=null, voted=, raftlog=Memoized:s3@group-9EBC86A0B11D-SegmentedRaftLog:OPENED:c-1:lastnull, conf=conf: {index: -1, cur=peers:[]|listeners:[], old=null} STARTING] size=2
  s14:  RUNNING [
     LEADER s14@group-FCE02D1CD77C:t1, leader=s14, voted=s14, raftlog=Memoized:s14@group-FCE02D1CD77C-SegmentedRaftLog:OPENED:c0:last(t:1, i:0), conf=conf: {index: 0, cur=peers:[s3|0.0.0.0:15018, s14|0.0.0.0:15029, s2|0.0.0.0:15017]|listeners:[], old=null} RUNNING
   FOLLOWER s14@group-9EBC86A0B11D:t0, leader=null, voted=, raftlog=Memoized:s14@group-9EBC86A0B11D-SegmentedRaftLog:OPENED:c-1:lastnull, conf=conf: {index: -1, cur=peers:[]|listeners:[], old=null} STARTING] size=2
  s2:  RUNNING [
   FOLLOWER s2@group-FCE02D1CD77C:t1, leader=s14, voted=s14, raftlog=Memoized:s2@group-FCE02D1CD77C-SegmentedRaftLog:OPENED:c0:last(t:1, i:0), conf=conf: {index: 0, cur=peers:[s3|0.0.0.0:15018, s14|0.0.0.0:15029, s2|0.0.0.0:15017]|listeners:[], old=null} RUNNING
   FOLLOWER s2@group-9EBC86A0B11D:t0, leader=null, voted=, raftlog=Memoized:s2@group-9EBC86A0B11D-SegmentedRaftLog:OPENED:c-1:lastnull, conf=conf: {index: -1, cur=peers:[]|listeners:[], old=null} STARTING] size=2
2024-10-16 23:57:20,221 INFO  netty.NettyUtils (NettyUtils.java:newEventLoopGroup(74)) - Create EpollEventLoopGroup for client-51B1F4A27495; Thread size is 0.
2024-10-16 23:57:20,222 INFO  logging.LoggingHandler (AbstractInternalLogger.java:log(148)) - [id: 0x23ee7d64, L:/0.0.0.0:15018] READ: [id: 0x6b1b4d5c, L:/127.0.0.1:15018 - R:/127.0.0.1:35230]
2024-10-16 23:57:20,222 INFO  logging.LoggingHandler (AbstractInternalLogger.java:log(148)) - [id: 0x23ee7d64, L:/0.0.0.0:15018] READ COMPLETE
2024-10-16 23:57:20,223 DEBUG server.RaftServer$Division (RaftServerImpl.java:submitClientRequestAsync(920)) - s3@group-FCE02D1CD77C: receive client request(RaftClientRequest:client-51B1F4A27495->s3@group-FCE02D1CD77C, cid=5223, seq=null, RW, Message:01016102404580000000...(size=12))
2024-10-16 23:57:20,325 INFO  logging.LoggingHandler (AbstractInternalLogger.java:log(148)) - [id: 0xf239dbc0, L:/0.0.0.0:15029] READ: [id: 0x4a3b8032, L:/127.0.0.1:15029 - R:/127.0.0.1:45572]
2024-10-16 23:57:20,325 INFO  logging.LoggingHandler (AbstractInternalLogger.java:log(148)) - [id: 0xf239dbc0, L:/0.0.0.0:15029] READ COMPLETE
2024-10-16 23:57:20,326 DEBUG server.RaftServer$Division (RaftServerImpl.java:submitClientRequestAsync(920)) - s14@group-FCE02D1CD77C: receive client request(RaftClientRequest:client-51B1F4A27495->s14@group-FCE02D1CD77C, cid=5223, seq=null, RW, Message:01016102404580000000...(size=12))
2024-10-16 23:57:20,326 DEBUG server.RaftServer$Division (LeaderStateImpl.java:addPendingRequest(529)) - s14@group-FCE02D1CD77C-LeaderStateImpl: addPendingRequest at RaftClientRequest:client-51B1F4A27495->s14@group-FCE02D1CD77C, cid=5223, seq=null, RW, Message:01016102404580000000...(size=12), entry=(t:1, i:1), STATEMACHINELOGENTRY, WRITE: logData.size=12, stateMachineData.size=0, logEntryProtoSerializedSize=0
2024-10-16 23:57:20,327 DEBUG server.RaftServer$Division (RaftServerImpl.java:logAppendEntries(1549)) - s2@group-FCE02D1CD77C: appendEntries* s14->s2#5237-t1,previous=(t:1, i:0),leaderCommit=0,initializing? false,entries: size=1, first=(t:1, i:1), STATEMACHINELOGENTRY, StateMachineLogEntryProto:5223@client-51B1F4A27495
2024-10-16 23:57:20,327 DEBUG server.RaftServer$Division (RaftServerImpl.java:logAppendEntries(1549)) - s3@group-FCE02D1CD77C: appendEntries* s14->s3#5236-t1,previous=(t:1, i:0),leaderCommit=0,initializing? false,entries: size=1, first=(t:1, i:1), STATEMACHINELOGENTRY, StateMachineLogEntryProto:5223@client-51B1F4A27495
2024-10-16 23:57:20,327 DEBUG server.RaftServer$Division (RaftServerImpl.java:logAppendEntries(1549)) - s3@group-FCE02D1CD77C: appendEntries* reply s14<-s3#5236:OK-t1,SUCCESS,nextIndex=2,followerCommit=0,matchIndex=1
2024-10-16 23:57:20,327 DEBUG server.RaftServer$Division (RaftServerImpl.java:logAppendEntries(1549)) - s2@group-FCE02D1CD77C: appendEntries* reply s14<-s2#5237:OK-t1,SUCCESS,nextIndex=2,followerCommit=0,matchIndex=1
2024-10-16 23:57:20,327 INFO  statemachine.StateMachine (ArithmeticStateMachine.java:applyTransaction(181)) - LEADER:s14-1: a = 43 = 43
2024-10-16 23:57:20,328 DEBUG server.RaftServer$Division (RaftServerImpl.java:logAppendEntries(1549)) - s3@group-FCE02D1CD77C: appendEntries* s14->s3#5239-t1,previous=(t:1, i:1),leaderCommit=1,initializing? false,entries: size=1, first=(t:1, i:2), METADATAENTRY(c:1)
2024-10-16 23:57:20,328 DEBUG server.RaftServer$Division (RaftServerImpl.java:logAppendEntries(1549)) - s2@group-FCE02D1CD77C: appendEntries* s14->s2#5238-t1,previous=(t:1, i:1),leaderCommit=1,initializing? false,entries: size=1, first=(t:1, i:2), METADATAENTRY(c:1)
2024-10-16 23:57:20,330 DEBUG server.RaftServer$Division (RaftServerImpl.java:submitClientRequestAsync(920)) - s14@group-FCE02D1CD77C: receive client request(RaftClientRequest:client-51B1F4A27495->s14@group-FCE02D1CD77C, cid=5240, seq=null, RW, Message:01016202408ce0000000...(size=12))
2024-10-16 23:57:20,330 DEBUG server.RaftServer$Division (RaftServerImpl.java:logAppendEntries(1549)) - s3@group-FCE02D1CD77C: appendEntries* reply s14<-s3#5239:OK-t1,SUCCESS,nextIndex=3,followerCommit=1,matchIndex=2
2024-10-16 23:57:20,330 DEBUG server.RaftServer$Division (RaftServerImpl.java:logAppendEntries(1549)) - s2@group-FCE02D1CD77C: appendEntries* reply s14<-s2#5238:OK-t1,SUCCESS,nextIndex=3,followerCommit=1,matchIndex=2
2024-10-16 23:57:20,330 DEBUG server.RaftServer$Division (LeaderStateImpl.java:addPendingRequest(529)) - s14@group-FCE02D1CD77C-LeaderStateImpl: addPendingRequest at RaftClientRequest:client-51B1F4A27495->s14@group-FCE02D1CD77C, cid=5240, seq=null, RW, Message:01016202408ce0000000...(size=12), entry=(t:1, i:3), STATEMACHINELOGENTRY, WRITE: logData.size=12, stateMachineData.size=0, logEntryProtoSerializedSize=0
2024-10-16 23:57:20,331 DEBUG server.RaftServer$Division (RaftServerImpl.java:logAppendEntries(1549)) - s3@group-FCE02D1CD77C: appendEntries* s14->s3#5241-t1,previous=(t:1, i:2),leaderCommit=1,initializing? false,entries: size=1, first=(t:1, i:3), STATEMACHINELOGENTRY, StateMachineLogEntryProto:5240@client-51B1F4A27495
2024-10-16 23:57:20,331 DEBUG server.RaftServer$Division (RaftServerImpl.java:logAppendEntries(1549)) - s2@group-FCE02D1CD77C: appendEntries* s14->s2#5242-t1,previous=(t:1, i:2),leaderCommit=1,initializing? false,entries: size=1, first=(t:1, i:3), STATEMACHINELOGENTRY, StateMachineLogEntryProto:5240@client-51B1F4A27495
2024-10-16 23:57:20,331 DEBUG server.RaftServer$Division (RaftServerImpl.java:logAppendEntries(1549)) - s3@group-FCE02D1CD77C: appendEntries* reply s14<-s3#5241:OK-t1,SUCCESS,nextIndex=4,followerCommit=1,matchIndex=3
2024-10-16 23:57:20,331 DEBUG server.RaftServer$Division (RaftServerImpl.java:logAppendEntries(1549)) - s2@group-FCE02D1CD77C: appendEntries* reply s14<-s2#5242:OK-t1,SUCCESS,nextIndex=4,followerCommit=1,matchIndex=3
2024-10-16 23:57:20,331 INFO  statemachine.StateMachine (ArithmeticStateMachine.java:applyTransaction(181)) - LEADER:s14-3: b = 924 = 924
2024-10-16 23:57:20,332 DEBUG server.RaftServer$Division (RaftServerImpl.java:logAppendEntries(1549)) - s3@group-FCE02D1CD77C: appendEntries* s14->s3#5243-t1,previous=(t:1, i:3),leaderCommit=3,initializing? false,entries: size=1, first=(t:1, i:4), METADATAENTRY(c:3)
2024-10-16 23:57:20,332 DEBUG server.RaftServer$Division (RaftServerImpl.java:logAppendEntries(1549)) - s2@group-FCE02D1CD77C: appendEntries* s14->s2#5244-t1,previous=(t:1, i:3),leaderCommit=3,initializing? false,entries: size=1, first=(t:1, i:4), METADATAENTRY(c:3)
2024-10-16 23:57:20,332 DEBUG server.RaftServer$Division (RaftServerImpl.java:logAppendEntries(1549)) - s3@group-FCE02D1CD77C: appendEntries* reply s14<-s3#5243:OK-t1,SUCCESS,nextIndex=5,followerCommit=3,matchIndex=4
2024-10-16 23:57:20,332 DEBUG server.RaftServer$Division (RaftServerImpl.java:logAppendEntries(1549)) - s2@group-FCE02D1CD77C: appendEntries* reply s14<-s2#5244:OK-t1,SUCCESS,nextIndex=5,followerCommit=3,matchIndex=4
2024-10-16 23:57:20,337 DEBUG server.RaftServer$Division (RaftServerImpl.java:submitClientRequestAsync(920)) - s14@group-FCE02D1CD77C: receive client request(RaftClientRequest:client-51B1F4A27495->s14@group-FCE02D1CD77C, cid=5245, seq=null, RW, Message:01016304010300040201...(size=17))
2024-10-16 23:57:20,337 DEBUG server.RaftServer$Division (LeaderStateImpl.java:addPendingRequest(529)) - s14@group-FCE02D1CD77C-LeaderStateImpl: addPendingRequest at RaftClientRequest:client-51B1F4A27495->s14@group-FCE02D1CD77C, cid=5245, seq=null, RW, Message:01016304010300040201...(size=17), entry=(t:1, i:5), STATEMACHINELOGENTRY, WRITE: logData.size=17, stateMachineData.size=0, logEntryProtoSerializedSize=0
2024-10-16 23:57:20,337 DEBUG server.RaftServer$Division (RaftServerImpl.java:logAppendEntries(1549)) - s2@group-FCE02D1CD77C: appendEntries* s14->s2#5247-t1,previous=(t:1, i:4),leaderCommit=4,initializing? false,entries: size=1, first=(t:1, i:5), STATEMACHINELOGENTRY, StateMachineLogEntryProto:5245@client-51B1F4A27495
2024-10-16 23:57:20,337 DEBUG server.RaftServer$Division (RaftServerImpl.java:logAppendEntries(1549)) - s3@group-FCE02D1CD77C: appendEntries* s14->s3#5246-t1,previous=(t:1, i:4),leaderCommit=4,initializing? false,entries: size=1, first=(t:1, i:5), STATEMACHINELOGENTRY, StateMachineLogEntryProto:5245@client-51B1F4A27495
2024-10-16 23:57:20,338 DEBUG server.RaftServer$Division (RaftServerImpl.java:logAppendEntries(1549)) - s2@group-FCE02D1CD77C: appendEntries* reply s14<-s2#5247:OK-t1,SUCCESS,nextIndex=6,followerCommit=4,matchIndex=5
2024-10-16 23:57:20,338 DEBUG server.RaftServer$Division (RaftServerImpl.java:logAppendEntries(1549)) - s3@group-FCE02D1CD77C: appendEntries* reply s14<-s3#5246:OK-t1,SUCCESS,nextIndex=6,followerCommit=4,matchIndex=5
2024-10-16 23:57:20,338 INFO  statemachine.StateMachine (ArithmeticStateMachine.java:applyTransaction(181)) - LEADER:s14-5: c = √(a^2 + b^2) = 925
2024-10-16 23:57:20,338 DEBUG server.RaftServer$Division (RaftServerImpl.java:logAppendEntries(1549)) - s2@group-FCE02D1CD77C: appendEntries* s14->s2#5248-t1,previous=(t:1, i:5),leaderCommit=5,initializing? false,entries: size=1, first=(t:1, i:6), METADATAENTRY(c:5)
2024-10-16 23:57:20,339 DEBUG server.RaftServer$Division (RaftServerImpl.java:logAppendEntries(1549)) - s2@group-FCE02D1CD77C: appendEntries* reply s14<-s2#5248:OK-t1,SUCCESS,nextIndex=7,followerCommit=5,matchIndex=6
2024-10-16 23:57:20,339 DEBUG server.RaftServer$Division (RaftServerImpl.java:submitClientRequestAsync(920)) - s14@group-FCE02D1CD77C: receive client request(RaftClientRequest:client-51B1F4A27495->s14@group-FCE02D1CD77C, cid=5249, seq=null, RW, Message:01016100)
2024-10-16 23:57:20,339 DEBUG server.RaftServer$Division (RaftServerImpl.java:logAppendEntries(1549)) - s3@group-FCE02D1CD77C: appendEntries* s14->s3#5250-t1,previous=(t:1, i:5),leaderCommit=5,initializing? false,entries: size=1, first=(t:1, i:6), METADATAENTRY(c:5)
2024-10-16 23:57:20,339 DEBUG server.RaftServer$Division (LeaderStateImpl.java:addPendingRequest(529)) - s14@group-FCE02D1CD77C-LeaderStateImpl: addPendingRequest at RaftClientRequest:client-51B1F4A27495->s14@group-FCE02D1CD77C, cid=5249, seq=null, RW, Message:01016100, entry=(t:1, i:7), STATEMACHINELOGENTRY, WRITE: logData.size=4, stateMachineData.size=0, logEntryProtoSerializedSize=0
2024-10-16 23:57:20,340 DEBUG server.RaftServer$Division (RaftServerImpl.java:logAppendEntries(1549)) - s3@group-FCE02D1CD77C: appendEntries* reply s14<-s3#5250:OK-t1,SUCCESS,nextIndex=7,followerCommit=5,matchIndex=6
2024-10-16 23:57:20,340 DEBUG server.RaftServer$Division (RaftServerImpl.java:logAppendEntries(1549)) - s2@group-FCE02D1CD77C: appendEntries* s14->s2#5251-t1,previous=(t:1, i:6),leaderCommit=6,initializing? false,entries: size=1, first=(t:1, i:7), STATEMACHINELOGENTRY, StateMachineLogEntryProto:5249@client-51B1F4A27495
2024-10-16 23:57:20,340 DEBUG server.RaftServer$Division (RaftServerImpl.java:logAppendEntries(1549)) - s2@group-FCE02D1CD77C: appendEntries* reply s14<-s2#5251:OK-t1,SUCCESS,nextIndex=8,followerCommit=6,matchIndex=7
2024-10-16 23:57:20,340 DEBUG server.RaftServer$Division (RaftServerImpl.java:logAppendEntries(1549)) - s3@group-FCE02D1CD77C: appendEntries* s14->s3#5252-t1,previous=(t:1, i:6),leaderCommit=6,initializing? false,entries: size=1, first=(t:1, i:7), STATEMACHINELOGENTRY, StateMachineLogEntryProto:5249@client-51B1F4A27495
2024-10-16 23:57:20,341 DEBUG server.RaftServer$Division (RaftServerImpl.java:logAppendEntries(1549)) - s3@group-FCE02D1CD77C: appendEntries* reply s14<-s3#5252:OK-t1,SUCCESS,nextIndex=8,followerCommit=6,matchIndex=7
2024-10-16 23:57:20,341 INFO  statemachine.StateMachine (ArithmeticStateMachine.java:applyTransaction(181)) - LEADER:s14-7: a = null = null
2024-10-16 23:57:20,341 DEBUG server.RaftServer$Division (RaftServerImpl.java:logAppendEntries(1549)) - s2@group-FCE02D1CD77C: appendEntries* s14->s2#5253-t1,previous=(t:1, i:7),leaderCommit=7,initializing? false,entries: size=1, first=(t:1, i:8), METADATAENTRY(c:7)
2024-10-16 23:57:20,341 DEBUG server.RaftServer$Division (RaftServerImpl.java:logAppendEntries(1549)) - s3@group-FCE02D1CD77C: appendEntries* s14->s3#5254-t1,previous=(t:1, i:7),leaderCommit=7,initializing? false,entries: size=1, first=(t:1, i:8), METADATAENTRY(c:7)
2024-10-16 23:57:20,342 DEBUG server.RaftServer$Division (RaftServerImpl.java:logAppendEntries(1549)) - s2@group-FCE02D1CD77C: appendEntries* reply s14<-s2#5253:OK-t1,SUCCESS,nextIndex=9,followerCommit=7,matchIndex=8
2024-10-16 23:57:20,342 DEBUG server.RaftServer$Division (RaftServerImpl.java:logAppendEntries(1549)) - s3@group-FCE02D1CD77C: appendEntries* reply s14<-s3#5254:OK-t1,SUCCESS,nextIndex=9,followerCommit=7,matchIndex=8
2024-10-16 23:57:20,344 DEBUG server.RaftServer$Division (RaftServerImpl.java:submitClientRequestAsync(920)) - s14@group-FCE02D1CD77C: receive client request(RaftClientRequest:client-51B1F4A27495->s14@group-FCE02D1CD77C, cid=5255, seq=null, RW, Message:01016200)
2024-10-16 23:57:20,345 DEBUG server.RaftServer$Division (LeaderStateImpl.java:addPendingRequest(529)) - s14@group-FCE02D1CD77C-LeaderStateImpl: addPendingRequest at RaftClientRequest:client-51B1F4A27495->s14@group-FCE02D1CD77C, cid=5255, seq=null, RW, Message:01016200, entry=(t:1, i:9), STATEMACHINELOGENTRY, WRITE: logData.size=4, stateMachineData.size=0, logEntryProtoSerializedSize=0
2024-10-16 23:57:20,346 DEBUG server.RaftServer$Division (RaftServerImpl.java:logAppendEntries(1549)) - s3@group-FCE02D1CD77C: appendEntries* s14->s3#5257-t1,previous=(t:1, i:8),leaderCommit=8,initializing? false,entries: size=1, first=(t:1, i:9), STATEMACHINELOGENTRY, StateMachineLogEntryProto:5255@client-51B1F4A27495
2024-10-16 23:57:20,346 DEBUG server.RaftServer$Division (RaftServerImpl.java:logAppendEntries(1549)) - s2@group-FCE02D1CD77C: appendEntries* s14->s2#5256-t1,previous=(t:1, i:8),leaderCommit=8,initializing? false,entries: size=1, first=(t:1, i:9), STATEMACHINELOGENTRY, StateMachineLogEntryProto:5255@client-51B1F4A27495
2024-10-16 23:57:20,346 DEBUG server.RaftServer$Division (RaftServerImpl.java:logAppendEntries(1549)) - s3@group-FCE02D1CD77C: appendEntries* reply s14<-s3#5257:OK-t1,SUCCESS,nextIndex=10,followerCommit=8,matchIndex=9
2024-10-16 23:57:20,346 DEBUG server.RaftServer$Division (RaftServerImpl.java:logAppendEntries(1549)) - s2@group-FCE02D1CD77C: appendEntries* reply s14<-s2#5256:OK-t1,SUCCESS,nextIndex=10,followerCommit=8,matchIndex=9
2024-10-16 23:57:20,347 INFO  statemachine.StateMachine (ArithmeticStateMachine.java:applyTransaction(181)) - LEADER:s14-9: b = null = null
2024-10-16 23:57:20,347 DEBUG server.RaftServer$Division (RaftServerImpl.java:logAppendEntries(1549)) - s2@group-FCE02D1CD77C: appendEntries* s14->s2#5258-t1,previous=(t:1, i:9),leaderCommit=9,initializing? false,entries: size=1, first=(t:1, i:10), METADATAENTRY(c:9)
2024-10-16 23:57:20,347 DEBUG server.RaftServer$Division (RaftServerImpl.java:logAppendEntries(1549)) - s3@group-FCE02D1CD77C: appendEntries* s14->s3#5260-t1,previous=(t:1, i:9),leaderCommit=9,initializing? false,entries: size=1, first=(t:1, i:10), METADATAENTRY(c:9)
2024-10-16 23:57:20,347 DEBUG server.RaftServer$Division (RaftServerImpl.java:submitClientRequestAsync(920)) - s14@group-FCE02D1CD77C: receive client request(RaftClientRequest:client-51B1F4A27495->s14@group-FCE02D1CD77C, cid=5259, seq=null, RW, Message:01016300)
2024-10-16 23:57:20,348 DEBUG server.RaftServer$Division (RaftServerImpl.java:logAppendEntries(1549)) - s3@group-FCE02D1CD77C: appendEntries* reply s14<-s3#5260:OK-t1,SUCCESS,nextIndex=11,followerCommit=9,matchIndex=10
2024-10-16 23:57:20,348 DEBUG server.RaftServer$Division (LeaderStateImpl.java:addPendingRequest(529)) - s14@group-FCE02D1CD77C-LeaderStateImpl: addPendingRequest at RaftClientRequest:client-51B1F4A27495->s14@group-FCE02D1CD77C, cid=5259, seq=null, RW, Message:01016300, entry=(t:1, i:11), STATEMACHINELOGENTRY, WRITE: logData.size=4, stateMachineData.size=0, logEntryProtoSerializedSize=0
2024-10-16 23:57:20,348 DEBUG server.RaftServer$Division (RaftServerImpl.java:logAppendEntries(1549)) - s2@group-FCE02D1CD77C: appendEntries* reply s14<-s2#5258:OK-t1,SUCCESS,nextIndex=11,followerCommit=9,matchIndex=10
2024-10-16 23:57:20,348 DEBUG server.RaftServer$Division (RaftServerImpl.java:logAppendEntries(1549)) - s2@group-FCE02D1CD77C: appendEntries* s14->s2#5262-t1,previous=(t:1, i:10),leaderCommit=10,initializing? false,entries: size=1, first=(t:1, i:11), STATEMACHINELOGENTRY, StateMachineLogEntryProto:5259@client-51B1F4A27495
2024-10-16 23:57:20,348 DEBUG server.RaftServer$Division (RaftServerImpl.java:logAppendEntries(1549)) - s3@group-FCE02D1CD77C: appendEntries* s14->s3#5261-t1,previous=(t:1, i:10),leaderCommit=9,initializing? false,entries: size=1, first=(t:1, i:11), STATEMACHINELOGENTRY, StateMachineLogEntryProto:5259@client-51B1F4A27495
2024-10-16 23:57:20,349 DEBUG server.RaftServer$Division (RaftServerImpl.java:logAppendEntries(1549)) - s3@group-FCE02D1CD77C: appendEntries* reply s14<-s3#5261:OK-t1,SUCCESS,nextIndex=12,followerCommit=9,matchIndex=11
2024-10-16 23:57:20,349 DEBUG server.RaftServer$Division (RaftServerImpl.java:logAppendEntries(1549)) - s2@group-FCE02D1CD77C: appendEntries* reply s14<-s2#5262:OK-t1,SUCCESS,nextIndex=12,followerCommit=10,matchIndex=11
2024-10-16 23:57:20,349 INFO  statemachine.StateMachine (ArithmeticStateMachine.java:applyTransaction(181)) - LEADER:s14-11: c = null = null
2024-10-16 23:57:20,349 DEBUG server.RaftServer$Division (RaftServerImpl.java:logAppendEntries(1549)) - s2@group-FCE02D1CD77C: appendEntries* s14->s2#5263-t1,previous=(t:1, i:11),leaderCommit=11,initializing? false,entries: size=1, first=(t:1, i:12), METADATAENTRY(c:11)
2024-10-16 23:57:20,350 DEBUG server.RaftServer$Division (RaftServerImpl.java:logAppendEntries(1549)) - s3@group-FCE02D1CD77C: appendEntries* s14->s3#5264-t1,previous=(t:1, i:11),leaderCommit=11,initializing? false,entries: size=1, first=(t:1, i:12), METADATAENTRY(c:11)
2024-10-16 23:57:20,350 DEBUG server.RaftServer$Division (RaftServerImpl.java:submitClientRequestAsync(920)) - s14@group-FCE02D1CD77C: receive client request(RaftClientRequest:client-51B1F4A27495->s14@group-FCE02D1CD77C, cid=5265, seq=null, RW, Message:01016102404680000000...(size=12))
2024-10-16 23:57:20,350 DEBUG server.RaftServer$Division (RaftServerImpl.java:logAppendEntries(1549)) - s2@group-FCE02D1CD77C: appendEntries* reply s14<-s2#5263:OK-t1,SUCCESS,nextIndex=13,followerCommit=11,matchIndex=12
2024-10-16 23:57:20,350 DEBUG server.RaftServer$Division (RaftServerImpl.java:logAppendEntries(1549)) - s3@group-FCE02D1CD77C: appendEntries* reply s14<-s3#5264:OK-t1,SUCCESS,nextIndex=13,followerCommit=11,matchIndex=12
2024-10-16 23:57:20,350 DEBUG server.RaftServer$Division (LeaderStateImpl.java:addPendingRequest(529)) - s14@group-FCE02D1CD77C-LeaderStateImpl: addPendingRequest at RaftClientRequest:client-51B1F4A27495->s14@group-FCE02D1CD77C, cid=5265, seq=null, RW, Message:01016102404680000000...(size=12), entry=(t:1, i:13), STATEMACHINELOGENTRY, WRITE: logData.size=12, stateMachineData.size=0, logEntryProtoSerializedSize=0
2024-10-16 23:57:20,351 DEBUG server.RaftServer$Division (RaftServerImpl.java:logAppendEntries(1549)) - s3@group-FCE02D1CD77C: appendEntries* s14->s3#5266-t1,previous=(t:1, i:12),leaderCommit=11,initializing? false,entries: size=1, first=(t:1, i:13), STATEMACHINELOGENTRY, StateMachineLogEntryProto:5265@client-51B1F4A27495
2024-10-16 23:57:20,351 DEBUG server.RaftServer$Division (RaftServerImpl.java:logAppendEntries(1549)) - s2@group-FCE02D1CD77C: appendEntries* s14->s2#5267-t1,previous=(t:1, i:12),leaderCommit=12,initializing? false,entries: size=1, first=(t:1, i:13), STATEMACHINELOGENTRY, StateMachineLogEntryProto:5265@client-51B1F4A27495
2024-10-16 23:57:20,351 DEBUG server.RaftServer$Division (RaftServerImpl.java:logAppendEntries(1549)) - s3@group-FCE02D1CD77C: appendEntries* reply s14<-s3#5266:OK-t1,SUCCESS,nextIndex=14,followerCommit=11,matchIndex=13
2024-10-16 23:57:20,351 INFO  statemachine.StateMachine (ArithmeticStateMachine.java:applyTransaction(181)) - LEADER:s14-13: a = 45 = 45
2024-10-16 23:57:20,352 DEBUG server.RaftServer$Division (RaftServerImpl.java:logAppendEntries(1549)) - s2@group-FCE02D1CD77C: appendEntries* reply s14<-s2#5267:OK-t1,SUCCESS,nextIndex=14,followerCommit=12,matchIndex=13
2024-10-16 23:57:20,352 DEBUG server.RaftServer$Division (RaftServerImpl.java:logAppendEntries(1549)) - s3@group-FCE02D1CD77C: appendEntries* s14->s3#5268-t1,previous=(t:1, i:13),leaderCommit=13,initializing? false,entries: size=1, first=(t:1, i:14), METADATAENTRY(c:13)
2024-10-16 23:57:20,352 DEBUG server.RaftServer$Division (RaftServerImpl.java:logAppendEntries(1549)) - s2@group-FCE02D1CD77C: appendEntries* s14->s2#5270-t1,previous=(t:1, i:13),leaderCommit=13,initializing? false,entries: size=1, first=(t:1, i:14), METADATAENTRY(c:13)
2024-10-16 23:57:20,352 DEBUG server.RaftServer$Division (RaftServerImpl.java:submitClientRequestAsync(920)) - s14@group-FCE02D1CD77C: receive client request(RaftClientRequest:client-51B1F4A27495->s14@group-FCE02D1CD77C, cid=5269, seq=null, RW, Message:01016202408fa0000000...(size=12))
2024-10-16 23:57:20,352 DEBUG server.RaftServer$Division (RaftServerImpl.java:logAppendEntries(1549)) - s3@group-FCE02D1CD77C: appendEntries* reply s14<-s3#5268:OK-t1,SUCCESS,nextIndex=15,followerCommit=13,matchIndex=14
2024-10-16 23:57:20,353 DEBUG server.RaftServer$Division (RaftServerImpl.java:logAppendEntries(1549)) - s2@group-FCE02D1CD77C: appendEntries* reply s14<-s2#5270:OK-t1,SUCCESS,nextIndex=15,followerCommit=13,matchIndex=14
2024-10-16 23:57:20,353 DEBUG server.RaftServer$Division (LeaderStateImpl.java:addPendingRequest(529)) - s14@group-FCE02D1CD77C-LeaderStateImpl: addPendingRequest at RaftClientRequest:client-51B1F4A27495->s14@group-FCE02D1CD77C, cid=5269, seq=null, RW, Message:01016202408fa0000000...(size=12), entry=(t:1, i:15), STATEMACHINELOGENTRY, WRITE: logData.size=12, stateMachineData.size=0, logEntryProtoSerializedSize=0
2024-10-16 23:57:20,353 DEBUG server.RaftServer$Division (RaftServerImpl.java:logAppendEntries(1549)) - s3@group-FCE02D1CD77C: appendEntries* s14->s3#5272-t1,previous=(t:1, i:14),leaderCommit=13,initializing? false,entries: size=1, first=(t:1, i:15), STATEMACHINELOGENTRY, StateMachineLogEntryProto:5269@client-51B1F4A27495
2024-10-16 23:57:20,354 DEBUG server.RaftServer$Division (RaftServerImpl.java:logAppendEntries(1549)) - s2@group-FCE02D1CD77C: appendEntries* s14->s2#5271-t1,previous=(t:1, i:14),leaderCommit=13,initializing? false,entries: size=1, first=(t:1, i:15), STATEMACHINELOGENTRY, StateMachineLogEntryProto:5269@client-51B1F4A27495
2024-10-16 23:57:20,354 DEBUG server.RaftServer$Division (RaftServerImpl.java:logAppendEntries(1549)) - s3@group-FCE02D1CD77C: appendEntries* reply s14<-s3#5272:OK-t1,SUCCESS,nextIndex=16,followerCommit=13,matchIndex=15
2024-10-16 23:57:20,354 INFO  statemachine.StateMachine (ArithmeticStateMachine.java:applyTransaction(181)) - LEADER:s14-15: b = 1012 = 1012
2024-10-16 23:57:20,354 DEBUG server.RaftServer$Division (RaftServerImpl.java:logAppendEntries(1549)) - s2@group-FCE02D1CD77C: appendEntries* reply s14<-s2#5271:OK-t1,SUCCESS,nextIndex=16,followerCommit=13,matchIndex=15
2024-10-16 23:57:20,354 DEBUG server.RaftServer$Division (RaftServerImpl.java:logAppendEntries(1549)) - s3@group-FCE02D1CD77C: appendEntries* s14->s3#5273-t1,previous=(t:1, i:15),leaderCommit=15,initializing? false,entries: size=1, first=(t:1, i:16), METADATAENTRY(c:15)
2024-10-16 23:57:20,355 DEBUG server.RaftServer$Division (RaftServerImpl.java:logAppendEntries(1549)) - s3@group-FCE02D1CD77C: appendEntries* reply s14<-s3#5273:OK-t1,SUCCESS,nextIndex=17,followerCommit=15,matchIndex=16
2024-10-16 23:57:20,355 DEBUG server.RaftServer$Division (RaftServerImpl.java:submitClientRequestAsync(920)) - s14@group-FCE02D1CD77C: receive client request(RaftClientRequest:client-51B1F4A27495->s14@group-FCE02D1CD77C, cid=5274, seq=null, RW, Message:01016304010300040201...(size=17))
2024-10-16 23:57:20,355 DEBUG server.RaftServer$Division (RaftServerImpl.java:logAppendEntries(1549)) - s2@group-FCE02D1CD77C: appendEntries* s14->s2#5275-t1,previous=(t:1, i:15),leaderCommit=15,initializing? false,entries: size=1, first=(t:1, i:16), METADATAENTRY(c:15)
2024-10-16 23:57:20,355 DEBUG server.RaftServer$Division (LeaderStateImpl.java:addPendingRequest(529)) - s14@group-FCE02D1CD77C-LeaderStateImpl: addPendingRequest at RaftClientRequest:client-51B1F4A27495->s14@group-FCE02D1CD77C, cid=5274, seq=null, RW, Message:01016304010300040201...(size=17), entry=(t:1, i:17), STATEMACHINELOGENTRY, WRITE: logData.size=17, stateMachineData.size=0, logEntryProtoSerializedSize=0
2024-10-16 23:57:20,356 DEBUG server.RaftServer$Division (RaftServerImpl.java:logAppendEntries(1549)) - s2@group-FCE02D1CD77C: appendEntries* reply s14<-s2#5275:OK-t1,SUCCESS,nextIndex=17,followerCommit=15,matchIndex=16
2024-10-16 23:57:20,356 DEBUG server.RaftServer$Division (RaftServerImpl.java:logAppendEntries(1549)) - s3@group-FCE02D1CD77C: appendEntries* s14->s3#5276-t1,previous=(t:1, i:16),leaderCommit=16,initializing? false,entries: size=1, first=(t:1, i:17), STATEMACHINELOGENTRY, StateMachineLogEntryProto:5274@client-51B1F4A27495
2024-10-16 23:57:20,356 DEBUG server.RaftServer$Division (RaftServerImpl.java:logAppendEntries(1549)) - s3@group-FCE02D1CD77C: appendEntries* reply s14<-s3#5276:OK-t1,SUCCESS,nextIndex=18,followerCommit=16,matchIndex=17
2024-10-16 23:57:20,356 INFO  statemachine.StateMachine (ArithmeticStateMachine.java:applyTransaction(181)) - LEADER:s14-17: c = √(a^2 + b^2) = 1013
2024-10-16 23:57:20,357 DEBUG server.RaftServer$Division (RaftServerImpl.java:submitClientRequestAsync(920)) - s14@group-FCE02D1CD77C: receive client request(RaftClientRequest:client-51B1F4A27495->s14@group-FCE02D1CD77C, cid=5279, seq=null, RW, Message:01016100)
2024-10-16 23:57:20,357 DEBUG server.RaftServer$Division (RaftServerImpl.java:logAppendEntries(1549)) - s3@group-FCE02D1CD77C: appendEntries* s14->s3#5278-t1,previous=(t:1, i:17),leaderCommit=17,initializing? false,entries: size=1, first=(t:1, i:18), METADATAENTRY(c:17)
2024-10-16 23:57:20,357 DEBUG server.RaftServer$Division (RaftServerImpl.java:logAppendEntries(1549)) - s2@group-FCE02D1CD77C: appendEntries* s14->s2#5277-t1,previous=(t:1, i:16),leaderCommit=16,initializing? false,entries: size=1, first=(t:1, i:17), STATEMACHINELOGENTRY, StateMachineLogEntryProto:5274@client-51B1F4A27495
2024-10-16 23:57:20,357 DEBUG server.RaftServer$Division (LeaderStateImpl.java:addPendingRequest(529)) - s14@group-FCE02D1CD77C-LeaderStateImpl: addPendingRequest at RaftClientRequest:client-51B1F4A27495->s14@group-FCE02D1CD77C, cid=5279, seq=null, RW, Message:01016100, entry=(t:1, i:19), STATEMACHINELOGENTRY, WRITE: logData.size=4, stateMachineData.size=0, logEntryProtoSerializedSize=0
2024-10-16 23:57:20,358 DEBUG server.RaftServer$Division (RaftServerImpl.java:logAppendEntries(1549)) - s3@group-FCE02D1CD77C: appendEntries* reply s14<-s3#5278:OK-t1,SUCCESS,nextIndex=19,followerCommit=17,matchIndex=18
2024-10-16 23:57:20,358 DEBUG server.RaftServer$Division (RaftServerImpl.java:logAppendEntries(1549)) - s2@group-FCE02D1CD77C: appendEntries* reply s14<-s2#5277:OK-t1,SUCCESS,nextIndex=18,followerCommit=16,matchIndex=17
2024-10-16 23:57:20,359 DEBUG server.RaftServer$Division (RaftServerImpl.java:logAppendEntries(1549)) - s2@group-FCE02D1CD77C: appendEntries* s14->s2#5281-t1,previous=(t:1, i:17),leaderCommit=18,initializing? false,entries: size=2, first=(t:1, i:18), METADATAENTRY(c:17)
2024-10-16 23:57:20,359 DEBUG server.RaftServer$Division (RaftServerImpl.java:logAppendEntries(1549)) - s3@group-FCE02D1CD77C: appendEntries* s14->s3#5280-t1,previous=(t:1, i:18),leaderCommit=18,initializing? false,entries: size=1, first=(t:1, i:19), STATEMACHINELOGENTRY, StateMachineLogEntryProto:5279@client-51B1F4A27495
2024-10-16 23:57:20,359 DEBUG server.RaftServer$Division (RaftServerImpl.java:logAppendEntries(1549)) - s2@group-FCE02D1CD77C: appendEntries* reply s14<-s2#5281:OK-t1,SUCCESS,nextIndex=20,followerCommit=18,matchIndex=19
2024-10-16 23:57:20,359 DEBUG server.RaftServer$Division (RaftServerImpl.java:logAppendEntries(1549)) - s3@group-FCE02D1CD77C: appendEntries* reply s14<-s3#5280:OK-t1,SUCCESS,nextIndex=20,followerCommit=18,matchIndex=19
2024-10-16 23:57:20,359 INFO  statemachine.StateMachine (ArithmeticStateMachine.java:applyTransaction(181)) - LEADER:s14-19: a = null = null
2024-10-16 23:57:20,360 DEBUG server.RaftServer$Division (RaftServerImpl.java:logAppendEntries(1549)) - s2@group-FCE02D1CD77C: appendEntries* s14->s2#5283-t1,previous=(t:1, i:19),leaderCommit=19,initializing? false,entries: size=1, first=(t:1, i:20), METADATAENTRY(c:19)
2024-10-16 23:57:20,360 DEBUG server.RaftServer$Division (RaftServerImpl.java:logAppendEntries(1549)) - s3@group-FCE02D1CD77C: appendEntries* s14->s3#5282-t1,previous=(t:1, i:19),leaderCommit=19,initializing? false,entries: size=1, first=(t:1, i:20), METADATAENTRY(c:19)
2024-10-16 23:57:20,360 DEBUG server.RaftServer$Division (RaftServerImpl.java:logAppendEntries(1549)) - s2@group-FCE02D1CD77C: appendEntries* reply s14<-s2#5283:OK-t1,SUCCESS,nextIndex=21,followerCommit=19,matchIndex=20
2024-10-16 23:57:20,360 DEBUG server.RaftServer$Division (RaftServerImpl.java:logAppendEntries(1549)) - s3@group-FCE02D1CD77C: appendEntries* reply s14<-s3#5282:OK-t1,SUCCESS,nextIndex=21,followerCommit=19,matchIndex=20
2024-10-16 23:57:20,361 DEBUG server.RaftServer$Division (RaftServerImpl.java:submitClientRequestAsync(920)) - s14@group-FCE02D1CD77C: receive client request(RaftClientRequest:client-51B1F4A27495->s14@group-FCE02D1CD77C, cid=5284, seq=null, RW, Message:01016200)
2024-10-16 23:57:20,361 DEBUG server.RaftServer$Division (LeaderStateImpl.java:addPendingRequest(529)) - s14@group-FCE02D1CD77C-LeaderStateImpl: addPendingRequest at RaftClientRequest:client-51B1F4A27495->s14@group-FCE02D1CD77C, cid=5284, seq=null, RW, Message:01016200, entry=(t:1, i:21), STATEMACHINELOGENTRY, WRITE: logData.size=4, stateMachineData.size=0, logEntryProtoSerializedSize=0
2024-10-16 23:57:20,361 DEBUG server.RaftServer$Division (RaftServerImpl.java:logAppendEntries(1549)) - s2@group-FCE02D1CD77C: appendEntries* s14->s2#5285-t1,previous=(t:1, i:20),leaderCommit=20,initializing? false,entries: size=1, first=(t:1, i:21), STATEMACHINELOGENTRY, StateMachineLogEntryProto:5284@client-51B1F4A27495
2024-10-16 23:57:20,361 DEBUG server.RaftServer$Division (RaftServerImpl.java:logAppendEntries(1549)) - s3@group-FCE02D1CD77C: appendEntries* s14->s3#5286-t1,previous=(t:1, i:20),leaderCommit=20,initializing? false,entries: size=1, first=(t:1, i:21), STATEMACHINELOGENTRY, StateMachineLogEntryProto:5284@client-51B1F4A27495
2024-10-16 23:57:20,362 DEBUG server.RaftServer$Division (RaftServerImpl.java:logAppendEntries(1549)) - s2@group-FCE02D1CD77C: appendEntries* reply s14<-s2#5285:OK-t1,SUCCESS,nextIndex=22,followerCommit=20,matchIndex=21
2024-10-16 23:57:20,362 DEBUG server.RaftServer$Division (RaftServerImpl.java:logAppendEntries(1549)) - s3@group-FCE02D1CD77C: appendEntries* reply s14<-s3#5286:OK-t1,SUCCESS,nextIndex=22,followerCommit=20,matchIndex=21
2024-10-16 23:57:20,362 INFO  statemachine.StateMachine (ArithmeticStateMachine.java:applyTransaction(181)) - LEADER:s14-21: b = null = null
2024-10-16 23:57:20,362 DEBUG server.RaftServer$Division (RaftServerImpl.java:logAppendEntries(1549)) - s2@group-FCE02D1CD77C: appendEntries* s14->s2#5287-t1,previous=(t:1, i:21),leaderCommit=21,initializing? false,entries: size=1, first=(t:1, i:22), METADATAENTRY(c:21)
2024-10-16 23:57:20,362 DEBUG server.RaftServer$Division (RaftServerImpl.java:logAppendEntries(1549)) - s3@group-FCE02D1CD77C: appendEntries* s14->s3#5288-t1,previous=(t:1, i:21),leaderCommit=21,initializing? false,entries: size=1, first=(t:1, i:22), METADATAENTRY(c:21)
2024-10-16 23:57:20,363 DEBUG server.RaftServer$Division (RaftServerImpl.java:logAppendEntries(1549)) - s2@group-FCE02D1CD77C: appendEntries* reply s14<-s2#5287:OK-t1,SUCCESS,nextIndex=23,followerCommit=21,matchIndex=22
2024-10-16 23:57:20,363 DEBUG server.RaftServer$Division (RaftServerImpl.java:logAppendEntries(1549)) - s3@group-FCE02D1CD77C: appendEntries* reply s14<-s3#5288:OK-t1,SUCCESS,nextIndex=23,followerCommit=21,matchIndex=22
2024-10-16 23:57:20,363 DEBUG server.RaftServer$Division (RaftServerImpl.java:submitClientRequestAsync(920)) - s14@group-FCE02D1CD77C: receive client request(RaftClientRequest:client-51B1F4A27495->s14@group-FCE02D1CD77C, cid=5289, seq=null, RW, Message:01016300)
2024-10-16 23:57:20,363 DEBUG server.RaftServer$Division (LeaderStateImpl.java:addPendingRequest(529)) - s14@group-FCE02D1CD77C-LeaderStateImpl: addPendingRequest at RaftClientRequest:client-51B1F4A27495->s14@group-FCE02D1CD77C, cid=5289, seq=null, RW, Message:01016300, entry=(t:1, i:23), STATEMACHINELOGENTRY, WRITE: logData.size=4, stateMachineData.size=0, logEntryProtoSerializedSize=0
2024-10-16 23:57:20,364 DEBUG server.RaftServer$Division (RaftServerImpl.java:logAppendEntries(1549)) - s3@group-FCE02D1CD77C: appendEntries* s14->s3#5291-t1,previous=(t:1, i:22),leaderCommit=22,initializing? false,entries: size=1, first=(t:1, i:23), STATEMACHINELOGENTRY, StateMachineLogEntryProto:5289@client-51B1F4A27495
2024-10-16 23:57:20,364 DEBUG server.RaftServer$Division (RaftServerImpl.java:logAppendEntries(1549)) - s2@group-FCE02D1CD77C: appendEntries* s14->s2#5290-t1,previous=(t:1, i:22),leaderCommit=22,initializing? false,entries: size=1, first=(t:1, i:23), STATEMACHINELOGENTRY, StateMachineLogEntryProto:5289@client-51B1F4A27495
2024-10-16 23:57:20,364 DEBUG server.RaftServer$Division (RaftServerImpl.java:logAppendEntries(1549)) - s3@group-FCE02D1CD77C: appendEntries* reply s14<-s3#5291:OK-t1,SUCCESS,nextIndex=24,followerCommit=22,matchIndex=23
2024-10-16 23:57:20,364 DEBUG server.RaftServer$Division (RaftServerImpl.java:logAppendEntries(1549)) - s2@group-FCE02D1CD77C: appendEntries* reply s14<-s2#5290:OK-t1,SUCCESS,nextIndex=24,followerCommit=22,matchIndex=23
2024-10-16 23:57:20,364 INFO  statemachine.StateMachine (ArithmeticStateMachine.java:applyTransaction(181)) - LEADER:s14-23: c = null = null
2024-10-16 23:57:20,365 DEBUG server.RaftServer$Division (RaftServerImpl.java:logAppendEntries(1549)) - s2@group-FCE02D1CD77C: appendEntries* s14->s2#5293-t1,previous=(t:1, i:23),leaderCommit=23,initializing? false,entries: size=1, first=(t:1, i:24), METADATAENTRY(c:23)
2024-10-16 23:57:20,365 DEBUG server.RaftServer$Division (RaftServerImpl.java:logAppendEntries(1549)) - s3@group-FCE02D1CD77C: appendEntries* s14->s3#5292-t1,previous=(t:1, i:23),leaderCommit=23,initializing? false,entries: size=1, first=(t:1, i:24), METADATAENTRY(c:23)
2024-10-16 23:57:20,365 DEBUG server.RaftServer$Division (RaftServerImpl.java:submitClientRequestAsync(920)) - s14@group-FCE02D1CD77C: receive client request(RaftClientRequest:client-51B1F4A27495->s14@group-FCE02D1CD77C, cid=5294, seq=null, RW, Message:01016102404780000000...(size=12))
2024-10-16 23:57:20,365 DEBUG server.RaftServer$Division (LeaderStateImpl.java:addPendingRequest(529)) - s14@group-FCE02D1CD77C-LeaderStateImpl: addPendingRequest at RaftClientRequest:client-51B1F4A27495->s14@group-FCE02D1CD77C, cid=5294, seq=null, RW, Message:01016102404780000000...(size=12), entry=(t:1, i:25), STATEMACHINELOGENTRY, WRITE: logData.size=12, stateMachineData.size=0, logEntryProtoSerializedSize=0
2024-10-16 23:57:20,366 DEBUG server.RaftServer$Division (RaftServerImpl.java:logAppendEntries(1549)) - s2@group-FCE02D1CD77C: appendEntries* reply s14<-s2#5293:OK-t1,SUCCESS,nextIndex=25,followerCommit=23,matchIndex=24
2024-10-16 23:57:20,366 DEBUG server.RaftServer$Division (RaftServerImpl.java:logAppendEntries(1549)) - s3@group-FCE02D1CD77C: appendEntries* reply s14<-s3#5292:OK-t1,SUCCESS,nextIndex=25,followerCommit=23,matchIndex=24
2024-10-16 23:57:20,366 DEBUG server.RaftServer$Division (RaftServerImpl.java:logAppendEntries(1549)) - s3@group-FCE02D1CD77C: appendEntries* s14->s3#5295-t1,previous=(t:1, i:24),leaderCommit=23,initializing? false,entries: size=1, first=(t:1, i:25), STATEMACHINELOGENTRY, StateMachineLogEntryProto:5294@client-51B1F4A27495
2024-10-16 23:57:20,366 DEBUG server.RaftServer$Division (RaftServerImpl.java:logAppendEntries(1549)) - s2@group-FCE02D1CD77C: appendEntries* s14->s2#5296-t1,previous=(t:1, i:24),leaderCommit=23,initializing? false,entries: size=1, first=(t:1, i:25), STATEMACHINELOGENTRY, StateMachineLogEntryProto:5294@client-51B1F4A27495
2024-10-16 23:57:20,366 DEBUG server.RaftServer$Division (RaftServerImpl.java:logAppendEntries(1549)) - s3@group-FCE02D1CD77C: appendEntries* reply s14<-s3#5295:OK-t1,SUCCESS,nextIndex=26,followerCommit=23,matchIndex=25
2024-10-16 23:57:20,367 DEBUG server.RaftServer$Division (RaftServerImpl.java:logAppendEntries(1549)) - s2@group-FCE02D1CD77C: appendEntries* reply s14<-s2#5296:OK-t1,SUCCESS,nextIndex=26,followerCommit=23,matchIndex=25
2024-10-16 23:57:20,367 INFO  statemachine.StateMachine (ArithmeticStateMachine.java:applyTransaction(181)) - LEADER:s14-25: a = 47 = 47
2024-10-16 23:57:20,367 DEBUG server.RaftServer$Division (RaftServerImpl.java:logAppendEntries(1549)) - s2@group-FCE02D1CD77C: appendEntries* s14->s2#5298-t1,previous=(t:1, i:25),leaderCommit=25,initializing? false,entries: size=1, first=(t:1, i:26), METADATAENTRY(c:25)
2024-10-16 23:57:20,367 DEBUG server.RaftServer$Division (RaftServerImpl.java:logAppendEntries(1549)) - s3@group-FCE02D1CD77C: appendEntries* s14->s3#5297-t1,previous=(t:1, i:25),leaderCommit=25,initializing? false,entries: size=1, first=(t:1, i:26), METADATAENTRY(c:25)
2024-10-16 23:57:20,367 DEBUG server.RaftServer$Division (RaftServerImpl.java:logAppendEntries(1549)) - s2@group-FCE02D1CD77C: appendEntries* reply s14<-s2#5298:OK-t1,SUCCESS,nextIndex=27,followerCommit=25,matchIndex=26
2024-10-16 23:57:20,368 DEBUG server.RaftServer$Division (RaftServerImpl.java:submitClientRequestAsync(920)) - s14@group-FCE02D1CD77C: receive client request(RaftClientRequest:client-51B1F4A27495->s14@group-FCE02D1CD77C, cid=5299, seq=null, RW, Message:01016202409140000000...(size=12))
2024-10-16 23:57:20,368 DEBUG server.RaftServer$Division (RaftServerImpl.java:logAppendEntries(1549)) - s3@group-FCE02D1CD77C: appendEntries* reply s14<-s3#5297:OK-t1,SUCCESS,nextIndex=27,followerCommit=25,matchIndex=26
2024-10-16 23:57:20,369 DEBUG server.RaftServer$Division (RaftServerImpl.java:logAppendEntries(1549)) - s2@group-FCE02D1CD77C: appendEntries* s14->s2#5301-t1,previous=(t:1, i:26),leaderCommit=26,initializing? false,entries: size=1, first=(t:1, i:27), STATEMACHINELOGENTRY, StateMachineLogEntryProto:5299@client-51B1F4A27495
2024-10-16 23:57:20,369 DEBUG server.RaftServer$Division (RaftServerImpl.java:logAppendEntries(1549)) - s3@group-FCE02D1CD77C: appendEntries* s14->s3#5300-t1,previous=(t:1, i:26),leaderCommit=26,initializing? false,entries: size=1, first=(t:1, i:27), STATEMACHINELOGENTRY, StateMachineLogEntryProto:5299@client-51B1F4A27495
2024-10-16 23:57:20,369 DEBUG server.RaftServer$Division (LeaderStateImpl.java:addPendingRequest(529)) - s14@group-FCE02D1CD77C-LeaderStateImpl: addPendingRequest at RaftClientRequest:client-51B1F4A27495->s14@group-FCE02D1CD77C, cid=5299, seq=null, RW, Message:01016202409140000000...(size=12), entry=(t:1, i:27), STATEMACHINELOGENTRY, WRITE: logData.size=12, stateMachineData.size=0, logEntryProtoSerializedSize=0
2024-10-16 23:57:20,369 DEBUG server.RaftServer$Division (RaftServerImpl.java:logAppendEntries(1549)) - s2@group-FCE02D1CD77C: appendEntries* reply s14<-s2#5301:OK-t1,SUCCESS,nextIndex=28,followerCommit=26,matchIndex=27
2024-10-16 23:57:20,369 DEBUG server.RaftServer$Division (RaftServerImpl.java:logAppendEntries(1549)) - s3@group-FCE02D1CD77C: appendEntries* reply s14<-s3#5300:OK-t1,SUCCESS,nextIndex=28,followerCommit=26,matchIndex=27
2024-10-16 23:57:20,369 INFO  statemachine.StateMachine (ArithmeticStateMachine.java:applyTransaction(181)) - LEADER:s14-27: b = 1104 = 1104
2024-10-16 23:57:20,370 DEBUG server.RaftServer$Division (RaftServerImpl.java:logAppendEntries(1549)) - s3@group-FCE02D1CD77C: appendEntries* s14->s3#5302-t1,previous=(t:1, i:27),leaderCommit=27,initializing? false,entries: size=1, first=(t:1, i:28), METADATAENTRY(c:27)
2024-10-16 23:57:20,370 DEBUG server.RaftServer$Division (RaftServerImpl.java:logAppendEntries(1549)) - s2@group-FCE02D1CD77C: appendEntries* s14->s2#5303-t1,previous=(t:1, i:27),leaderCommit=27,initializing? false,entries: size=1, first=(t:1, i:28), METADATAENTRY(c:27)
2024-10-16 23:57:20,370 DEBUG server.RaftServer$Division (RaftServerImpl.java:logAppendEntries(1549)) - s3@group-FCE02D1CD77C: appendEntries* reply s14<-s3#5302:OK-t1,SUCCESS,nextIndex=29,followerCommit=27,matchIndex=28
2024-10-16 23:57:20,370 DEBUG server.RaftServer$Division (RaftServerImpl.java:logAppendEntries(1549)) - s2@group-FCE02D1CD77C: appendEntries* reply s14<-s2#5303:OK-t1,SUCCESS,nextIndex=29,followerCommit=27,matchIndex=28
2024-10-16 23:57:20,371 DEBUG server.RaftServer$Division (RaftServerImpl.java:submitClientRequestAsync(920)) - s14@group-FCE02D1CD77C: receive client request(RaftClientRequest:client-51B1F4A27495->s14@group-FCE02D1CD77C, cid=5304, seq=null, RW, Message:01016304010300040201...(size=17))
2024-10-16 23:57:20,371 DEBUG server.RaftServer$Division (LeaderStateImpl.java:addPendingRequest(529)) - s14@group-FCE02D1CD77C-LeaderStateImpl: addPendingRequest at RaftClientRequest:client-51B1F4A27495->s14@group-FCE02D1CD77C, cid=5304, seq=null, RW, Message:01016304010300040201...(size=17), entry=(t:1, i:29), STATEMACHINELOGENTRY, WRITE: logData.size=17, stateMachineData.size=0, logEntryProtoSerializedSize=0
2024-10-16 23:57:20,371 DEBUG server.RaftServer$Division (RaftServerImpl.java:logAppendEntries(1549)) - s3@group-FCE02D1CD77C: appendEntries* s14->s3#5305-t1,previous=(t:1, i:28),leaderCommit=28,initializing? false,entries: size=1, first=(t:1, i:29), STATEMACHINELOGENTRY, StateMachineLogEntryProto:5304@client-51B1F4A27495
2024-10-16 23:57:20,371 DEBUG server.RaftServer$Division (RaftServerImpl.java:logAppendEntries(1549)) - s2@group-FCE02D1CD77C: appendEntries* s14->s2#5306-t1,previous=(t:1, i:28),leaderCommit=28,initializing? false,entries: size=1, first=(t:1, i:29), STATEMACHINELOGENTRY, StateMachineLogEntryProto:5304@client-51B1F4A27495
2024-10-16 23:57:20,372 DEBUG server.RaftServer$Division (RaftServerImpl.java:logAppendEntries(1549)) - s3@group-FCE02D1CD77C: appendEntries* reply s14<-s3#5305:OK-t1,SUCCESS,nextIndex=30,followerCommit=28,matchIndex=29
2024-10-16 23:57:20,372 INFO  statemachine.StateMachine (ArithmeticStateMachine.java:applyTransaction(181)) - LEADER:s14-29: c = √(a^2 + b^2) = 1105
2024-10-16 23:57:20,372 DEBUG server.RaftServer$Division (RaftServerImpl.java:logAppendEntries(1549)) - s2@group-FCE02D1CD77C: appendEntries* reply s14<-s2#5306:OK-t1,SUCCESS,nextIndex=30,followerCommit=28,matchIndex=29
2024-10-16 23:57:20,373 DEBUG server.RaftServer$Division (RaftServerImpl.java:logAppendEntries(1549)) - s3@group-FCE02D1CD77C: appendEntries* s14->s3#5307-t1,previous=(t:1, i:29),leaderCommit=29,initializing? false,entries: size=1, first=(t:1, i:30), METADATAENTRY(c:29)
2024-10-16 23:57:20,373 DEBUG server.RaftServer$Division (RaftServerImpl.java:logAppendEntries(1549)) - s2@group-FCE02D1CD77C: appendEntries* s14->s2#5309-t1,previous=(t:1, i:29),leaderCommit=29,initializing? false,entries: size=1, first=(t:1, i:30), METADATAENTRY(c:29)
2024-10-16 23:57:20,373 DEBUG server.RaftServer$Division (RaftServerImpl.java:logAppendEntries(1549)) - s3@group-FCE02D1CD77C: appendEntries* reply s14<-s3#5307:OK-t1,SUCCESS,nextIndex=31,followerCommit=29,matchIndex=30
2024-10-16 23:57:20,373 DEBUG server.RaftServer$Division (RaftServerImpl.java:submitClientRequestAsync(920)) - s14@group-FCE02D1CD77C: receive client request(RaftClientRequest:client-51B1F4A27495->s14@group-FCE02D1CD77C, cid=5308, seq=null, RW, Message:01016100)
2024-10-16 23:57:20,373 DEBUG server.RaftServer$Division (RaftServerImpl.java:logAppendEntries(1549)) - s2@group-FCE02D1CD77C: appendEntries* reply s14<-s2#5309:OK-t1,SUCCESS,nextIndex=31,followerCommit=29,matchIndex=30
2024-10-16 23:57:20,374 DEBUG server.RaftServer$Division (LeaderStateImpl.java:addPendingRequest(529)) - s14@group-FCE02D1CD77C-LeaderStateImpl: addPendingRequest at RaftClientRequest:client-51B1F4A27495->s14@group-FCE02D1CD77C, cid=5308, seq=null, RW, Message:01016100, entry=(t:1, i:31), STATEMACHINELOGENTRY, WRITE: logData.size=4, stateMachineData.size=0, logEntryProtoSerializedSize=0
2024-10-16 23:57:20,374 DEBUG server.RaftServer$Division (RaftServerImpl.java:logAppendEntries(1549)) - s3@group-FCE02D1CD77C: appendEntries* s14->s3#5310-t1,previous=(t:1, i:30),leaderCommit=30,initializing? false,entries: size=1, first=(t:1, i:31), STATEMACHINELOGENTRY, StateMachineLogEntryProto:5308@client-51B1F4A27495
2024-10-16 23:57:20,374 DEBUG server.RaftServer$Division (RaftServerImpl.java:logAppendEntries(1549)) - s2@group-FCE02D1CD77C: appendEntries* s14->s2#5311-t1,previous=(t:1, i:30),leaderCommit=30,initializing? false,entries: size=1, first=(t:1, i:31), STATEMACHINELOGENTRY, StateMachineLogEntryProto:5308@client-51B1F4A27495
2024-10-16 23:57:20,375 DEBUG server.RaftServer$Division (RaftServerImpl.java:logAppendEntries(1549)) - s3@group-FCE02D1CD77C: appendEntries* reply s14<-s3#5310:OK-t1,SUCCESS,nextIndex=32,followerCommit=30,matchIndex=31
2024-10-16 23:57:20,375 DEBUG server.RaftServer$Division (RaftServerImpl.java:logAppendEntries(1549)) - s2@group-FCE02D1CD77C: appendEntries* reply s14<-s2#5311:OK-t1,SUCCESS,nextIndex=32,followerCommit=30,matchIndex=31
2024-10-16 23:57:20,375 INFO  statemachine.StateMachine (ArithmeticStateMachine.java:applyTransaction(181)) - LEADER:s14-31: a = null = null
2024-10-16 23:57:20,375 DEBUG server.RaftServer$Division (RaftServerImpl.java:logAppendEntries(1549)) - s3@group-FCE02D1CD77C: appendEntries* s14->s3#5312-t1,previous=(t:1, i:31),leaderCommit=31,initializing? false,entries: size=1, first=(t:1, i:32), METADATAENTRY(c:31)
2024-10-16 23:57:20,375 DEBUG server.RaftServer$Division (RaftServerImpl.java:logAppendEntries(1549)) - s2@group-FCE02D1CD77C: appendEntries* s14->s2#5313-t1,previous=(t:1, i:31),leaderCommit=31,initializing? false,entries: size=1, first=(t:1, i:32), METADATAENTRY(c:31)
2024-10-16 23:57:20,376 DEBUG server.RaftServer$Division (RaftServerImpl.java:logAppendEntries(1549)) - s3@group-FCE02D1CD77C: appendEntries* reply s14<-s3#5312:OK-t1,SUCCESS,nextIndex=33,followerCommit=31,matchIndex=32
2024-10-16 23:57:20,376 DEBUG server.RaftServer$Division (RaftServerImpl.java:logAppendEntries(1549)) - s2@group-FCE02D1CD77C: appendEntries* reply s14<-s2#5313:OK-t1,SUCCESS,nextIndex=33,followerCommit=31,matchIndex=32
2024-10-16 23:57:20,376 DEBUG server.RaftServer$Division (RaftServerImpl.java:submitClientRequestAsync(920)) - s14@group-FCE02D1CD77C: receive client request(RaftClientRequest:client-51B1F4A27495->s14@group-FCE02D1CD77C, cid=5314, seq=null, RW, Message:01016200)
2024-10-16 23:57:20,377 DEBUG server.RaftServer$Division (LeaderStateImpl.java:addPendingRequest(529)) - s14@group-FCE02D1CD77C-LeaderStateImpl: addPendingRequest at RaftClientRequest:client-51B1F4A27495->s14@group-FCE02D1CD77C, cid=5314, seq=null, RW, Message:01016200, entry=(t:1, i:33), STATEMACHINELOGENTRY, WRITE: logData.size=4, stateMachineData.size=0, logEntryProtoSerializedSize=0
2024-10-16 23:57:20,377 DEBUG server.RaftServer$Division (RaftServerImpl.java:logAppendEntries(1549)) - s2@group-FCE02D1CD77C: appendEntries* s14->s2#5316-t1,previous=(t:1, i:32),leaderCommit=32,initializing? false,entries: size=1, first=(t:1, i:33), STATEMACHINELOGENTRY, StateMachineLogEntryProto:5314@client-51B1F4A27495
2024-10-16 23:57:20,377 DEBUG server.RaftServer$Division (RaftServerImpl.java:logAppendEntries(1549)) - s3@group-FCE02D1CD77C: appendEntries* s14->s3#5315-t1,previous=(t:1, i:32),leaderCommit=32,initializing? false,entries: size=1, first=(t:1, i:33), STATEMACHINELOGENTRY, StateMachineLogEntryProto:5314@client-51B1F4A27495
2024-10-16 23:57:20,378 DEBUG server.RaftServer$Division (RaftServerImpl.java:logAppendEntries(1549)) - s2@group-FCE02D1CD77C: appendEntries* reply s14<-s2#5316:OK-t1,SUCCESS,nextIndex=34,followerCommit=32,matchIndex=33
2024-10-16 23:57:20,378 DEBUG server.RaftServer$Division (RaftServerImpl.java:logAppendEntries(1549)) - s3@group-FCE02D1CD77C: appendEntries* reply s14<-s3#5315:OK-t1,SUCCESS,nextIndex=34,followerCommit=32,matchIndex=33
2024-10-16 23:57:20,378 INFO  statemachine.StateMachine (ArithmeticStateMachine.java:applyTransaction(181)) - LEADER:s14-33: b = null = null
2024-10-16 23:57:20,378 DEBUG server.RaftServer$Division (RaftServerImpl.java:logAppendEntries(1549)) - s3@group-FCE02D1CD77C: appendEntries* s14->s3#5317-t1,previous=(t:1, i:33),leaderCommit=33,initializing? false,entries: size=1, first=(t:1, i:34), METADATAENTRY(c:33)
2024-10-16 23:57:20,379 DEBUG server.RaftServer$Division (RaftServerImpl.java:logAppendEntries(1549)) - s2@group-FCE02D1CD77C: appendEntries* s14->s2#5318-t1,previous=(t:1, i:33),leaderCommit=33,initializing? false,entries: size=1, first=(t:1, i:34), METADATAENTRY(c:33)
2024-10-16 23:57:20,379 DEBUG server.RaftServer$Division (RaftServerImpl.java:submitClientRequestAsync(920)) - s14@group-FCE02D1CD77C: receive client request(RaftClientRequest:client-51B1F4A27495->s14@group-FCE02D1CD77C, cid=5319, seq=null, RW, Message:01016300)
2024-10-16 23:57:20,379 DEBUG server.RaftServer$Division (RaftServerImpl.java:logAppendEntries(1549)) - s2@group-FCE02D1CD77C: appendEntries* reply s14<-s2#5318:OK-t1,SUCCESS,nextIndex=35,followerCommit=33,matchIndex=34
2024-10-16 23:57:20,379 DEBUG server.RaftServer$Division (RaftServerImpl.java:logAppendEntries(1549)) - s3@group-FCE02D1CD77C: appendEntries* reply s14<-s3#5317:OK-t1,SUCCESS,nextIndex=35,followerCommit=33,matchIndex=34
2024-10-16 23:57:20,379 DEBUG server.RaftServer$Division (LeaderStateImpl.java:addPendingRequest(529)) - s14@group-FCE02D1CD77C-LeaderStateImpl: addPendingRequest at RaftClientRequest:client-51B1F4A27495->s14@group-FCE02D1CD77C, cid=5319, seq=null, RW, Message:01016300, entry=(t:1, i:35), STATEMACHINELOGENTRY, WRITE: logData.size=4, stateMachineData.size=0, logEntryProtoSerializedSize=0
2024-10-16 23:57:20,380 DEBUG server.RaftServer$Division (RaftServerImpl.java:logAppendEntries(1549)) - s2@group-FCE02D1CD77C: appendEntries* s14->s2#5320-t1,previous=(t:1, i:34),leaderCommit=33,initializing? false,entries: size=1, first=(t:1, i:35), STATEMACHINELOGENTRY, StateMachineLogEntryProto:5319@client-51B1F4A27495
2024-10-16 23:57:20,380 DEBUG server.RaftServer$Division (RaftServerImpl.java:logAppendEntries(1549)) - s3@group-FCE02D1CD77C: appendEntries* s14->s3#5321-t1,previous=(t:1, i:34),leaderCommit=33,initializing? false,entries: size=1, first=(t:1, i:35), STATEMACHINELOGENTRY, StateMachineLogEntryProto:5319@client-51B1F4A27495
2024-10-16 23:57:20,380 DEBUG server.RaftServer$Division (RaftServerImpl.java:logAppendEntries(1549)) - s2@group-FCE02D1CD77C: appendEntries* reply s14<-s2#5320:OK-t1,SUCCESS,nextIndex=36,followerCommit=33,matchIndex=35
2024-10-16 23:57:20,380 DEBUG server.RaftServer$Division (RaftServerImpl.java:logAppendEntries(1549)) - s3@group-FCE02D1CD77C: appendEntries* reply s14<-s3#5321:OK-t1,SUCCESS,nextIndex=36,followerCommit=33,matchIndex=35
2024-10-16 23:57:20,380 INFO  statemachine.StateMachine (ArithmeticStateMachine.java:applyTransaction(181)) - LEADER:s14-35: c = null = null
2024-10-16 23:57:20,381 DEBUG server.RaftServer$Division (RaftServerImpl.java:logAppendEntries(1549)) - s3@group-FCE02D1CD77C: appendEntries* s14->s3#5322-t1,previous=(t:1, i:35),leaderCommit=35,initializing? false,entries: size=1, first=(t:1, i:36), METADATAENTRY(c:35)
2024-10-16 23:57:20,381 DEBUG server.RaftServer$Division (RaftServerImpl.java:logAppendEntries(1549)) - s2@group-FCE02D1CD77C: appendEntries* s14->s2#5323-t1,previous=(t:1, i:35),leaderCommit=35,initializing? false,entries: size=1, first=(t:1, i:36), METADATAENTRY(c:35)
2024-10-16 23:57:20,381 DEBUG server.RaftServer$Division (RaftServerImpl.java:submitClientRequestAsync(920)) - s14@group-FCE02D1CD77C: receive client request(RaftClientRequest:client-51B1F4A27495->s14@group-FCE02D1CD77C, cid=5324, seq=null, RW, Message:01016102404880000000...(size=12))
2024-10-16 23:57:20,381 DEBUG server.RaftServer$Division (RaftServerImpl.java:logAppendEntries(1549)) - s3@group-FCE02D1CD77C: appendEntries* reply s14<-s3#5322:OK-t1,SUCCESS,nextIndex=37,followerCommit=35,matchIndex=36
2024-10-16 23:57:20,382 DEBUG server.RaftServer$Division (LeaderStateImpl.java:addPendingRequest(529)) - s14@group-FCE02D1CD77C-LeaderStateImpl: addPendingRequest at RaftClientRequest:client-51B1F4A27495->s14@group-FCE02D1CD77C, cid=5324, seq=null, RW, Message:01016102404880000000...(size=12), entry=(t:1, i:37), STATEMACHINELOGENTRY, WRITE: logData.size=12, stateMachineData.size=0, logEntryProtoSerializedSize=0
2024-10-16 23:57:20,382 DEBUG server.RaftServer$Division (RaftServerImpl.java:logAppendEntries(1549)) - s2@group-FCE02D1CD77C: appendEntries* reply s14<-s2#5323:OK-t1,SUCCESS,nextIndex=37,followerCommit=35,matchIndex=36
2024-10-16 23:57:20,382 DEBUG server.RaftServer$Division (RaftServerImpl.java:logAppendEntries(1549)) - s3@group-FCE02D1CD77C: appendEntries* s14->s3#5325-t1,previous=(t:1, i:36),leaderCommit=35,initializing? false,entries: size=1, first=(t:1, i:37), STATEMACHINELOGENTRY, StateMachineLogEntryProto:5324@client-51B1F4A27495
2024-10-16 23:57:20,382 DEBUG server.RaftServer$Division (RaftServerImpl.java:logAppendEntries(1549)) - s3@group-FCE02D1CD77C: appendEntries* reply s14<-s3#5325:OK-t1,SUCCESS,nextIndex=38,followerCommit=35,matchIndex=37
2024-10-16 23:57:20,383 DEBUG server.RaftServer$Division (RaftServerImpl.java:logAppendEntries(1549)) - s2@group-FCE02D1CD77C: appendEntries* s14->s2#5326-t1,previous=(t:1, i:36),leaderCommit=36,initializing? false,entries: size=1, first=(t:1, i:37), STATEMACHINELOGENTRY, StateMachineLogEntryProto:5324@client-51B1F4A27495
2024-10-16 23:57:20,383 INFO  statemachine.StateMachine (ArithmeticStateMachine.java:applyTransaction(181)) - LEADER:s14-37: a = 49 = 49
2024-10-16 23:57:20,383 DEBUG server.RaftServer$Division (RaftServerImpl.java:logAppendEntries(1549)) - s3@group-FCE02D1CD77C: appendEntries* s14->s3#5327-t1,previous=(t:1, i:37),leaderCommit=37,initializing? false,entries: size=1, first=(t:1, i:38), METADATAENTRY(c:37)
2024-10-16 23:57:20,383 DEBUG server.RaftServer$Division (RaftServerImpl.java:logAppendEntries(1549)) - s2@group-FCE02D1CD77C: appendEntries* reply s14<-s2#5326:OK-t1,SUCCESS,nextIndex=38,followerCommit=36,matchIndex=37
2024-10-16 23:57:20,383 DEBUG server.RaftServer$Division (RaftServerImpl.java:logAppendEntries(1549)) - s3@group-FCE02D1CD77C: appendEntries* reply s14<-s3#5327:OK-t1,SUCCESS,nextIndex=39,followerCommit=37,matchIndex=38
2024-10-16 23:57:20,384 DEBUG server.RaftServer$Division (RaftServerImpl.java:submitClientRequestAsync(920)) - s14@group-FCE02D1CD77C: receive client request(RaftClientRequest:client-51B1F4A27495->s14@group-FCE02D1CD77C, cid=5328, seq=null, RW, Message:010162024092c0000000...(size=12))
2024-10-16 23:57:20,384 DEBUG server.RaftServer$Division (RaftServerImpl.java:logAppendEntries(1549)) - s2@group-FCE02D1CD77C: appendEntries* s14->s2#5329-t1,previous=(t:1, i:37),leaderCommit=37,initializing? false,entries: size=1, first=(t:1, i:38), METADATAENTRY(c:37)
2024-10-16 23:57:20,384 DEBUG server.RaftServer$Division (LeaderStateImpl.java:addPendingRequest(529)) - s14@group-FCE02D1CD77C-LeaderStateImpl: addPendingRequest at RaftClientRequest:client-51B1F4A27495->s14@group-FCE02D1CD77C, cid=5328, seq=null, RW, Message:010162024092c0000000...(size=12), entry=(t:1, i:39), STATEMACHINELOGENTRY, WRITE: logData.size=12, stateMachineData.size=0, logEntryProtoSerializedSize=0
2024-10-16 23:57:20,384 DEBUG server.RaftServer$Division (RaftServerImpl.java:logAppendEntries(1549)) - s2@group-FCE02D1CD77C: appendEntries* reply s14<-s2#5329:OK-t1,SUCCESS,nextIndex=39,followerCommit=37,matchIndex=38
2024-10-16 23:57:20,384 DEBUG server.RaftServer$Division (RaftServerImpl.java:logAppendEntries(1549)) - s3@group-FCE02D1CD77C: appendEntries* s14->s3#5330-t1,previous=(t:1, i:38),leaderCommit=38,initializing? false,entries: size=1, first=(t:1, i:39), STATEMACHINELOGENTRY, StateMachineLogEntryProto:5328@client-51B1F4A27495
2024-10-16 23:57:20,385 DEBUG server.RaftServer$Division (RaftServerImpl.java:logAppendEntries(1549)) - s2@group-FCE02D1CD77C: appendEntries* s14->s2#5331-t1,previous=(t:1, i:38),leaderCommit=38,initializing? false,entries: size=1, first=(t:1, i:39), STATEMACHINELOGENTRY, StateMachineLogEntryProto:5328@client-51B1F4A27495
2024-10-16 23:57:20,385 DEBUG server.RaftServer$Division (RaftServerImpl.java:logAppendEntries(1549)) - s3@group-FCE02D1CD77C: appendEntries* reply s14<-s3#5330:OK-t1,SUCCESS,nextIndex=40,followerCommit=38,matchIndex=39
2024-10-16 23:57:20,385 DEBUG server.RaftServer$Division (RaftServerImpl.java:logAppendEntries(1549)) - s2@group-FCE02D1CD77C: appendEntries* reply s14<-s2#5331:OK-t1,SUCCESS,nextIndex=40,followerCommit=38,matchIndex=39
2024-10-16 23:57:20,385 INFO  statemachine.StateMachine (ArithmeticStateMachine.java:applyTransaction(181)) - LEADER:s14-39: b = 1200 = 1200
2024-10-16 23:57:20,386 DEBUG server.RaftServer$Division (RaftServerImpl.java:logAppendEntries(1549)) - s3@group-FCE02D1CD77C: appendEntries* s14->s3#5332-t1,previous=(t:1, i:39),leaderCommit=39,initializing? false,entries: size=1, first=(t:1, i:40), METADATAENTRY(c:39)
2024-10-16 23:57:20,386 DEBUG server.RaftServer$Division (RaftServerImpl.java:logAppendEntries(1549)) - s2@group-FCE02D1CD77C: appendEntries* s14->s2#5334-t1,previous=(t:1, i:39),leaderCommit=39,initializing? false,entries: size=1, first=(t:1, i:40), METADATAENTRY(c:39)
2024-10-16 23:57:20,386 DEBUG server.RaftServer$Division (RaftServerImpl.java:submitClientRequestAsync(920)) - s14@group-FCE02D1CD77C: receive client request(RaftClientRequest:client-51B1F4A27495->s14@group-FCE02D1CD77C, cid=5333, seq=null, RW, Message:01016304010300040201...(size=17))
2024-10-16 23:57:20,386 DEBUG server.RaftServer$Division (RaftServerImpl.java:logAppendEntries(1549)) - s2@group-FCE02D1CD77C: appendEntries* reply s14<-s2#5334:OK-t1,SUCCESS,nextIndex=41,followerCommit=39,matchIndex=40
2024-10-16 23:57:20,386 DEBUG server.RaftServer$Division (LeaderStateImpl.java:addPendingRequest(529)) - s14@group-FCE02D1CD77C-LeaderStateImpl: addPendingRequest at RaftClientRequest:client-51B1F4A27495->s14@group-FCE02D1CD77C, cid=5333, seq=null, RW, Message:01016304010300040201...(size=17), entry=(t:1, i:41), STATEMACHINELOGENTRY, WRITE: logData.size=17, stateMachineData.size=0, logEntryProtoSerializedSize=0
2024-10-16 23:57:20,386 DEBUG server.RaftServer$Division (RaftServerImpl.java:logAppendEntries(1549)) - s3@group-FCE02D1CD77C: appendEntries* reply s14<-s3#5332:OK-t1,SUCCESS,nextIndex=41,followerCommit=39,matchIndex=40
2024-10-16 23:57:20,387 DEBUG server.RaftServer$Division (RaftServerImpl.java:logAppendEntries(1549)) - s2@group-FCE02D1CD77C: appendEntries* s14->s2#5335-t1,previous=(t:1, i:40),leaderCommit=40,initializing? false,entries: size=1, first=(t:1, i:41), STATEMACHINELOGENTRY, StateMachineLogEntryProto:5333@client-51B1F4A27495
2024-10-16 23:57:20,387 DEBUG server.RaftServer$Division (RaftServerImpl.java:logAppendEntries(1549)) - s3@group-FCE02D1CD77C: appendEntries* s14->s3#5336-t1,previous=(t:1, i:40),leaderCommit=40,initializing? false,entries: size=1, first=(t:1, i:41), STATEMACHINELOGENTRY, StateMachineLogEntryProto:5333@client-51B1F4A27495
2024-10-16 23:57:20,387 DEBUG server.RaftServer$Division (RaftServerImpl.java:logAppendEntries(1549)) - s2@group-FCE02D1CD77C: appendEntries* reply s14<-s2#5335:OK-t1,SUCCESS,nextIndex=42,followerCommit=40,matchIndex=41
2024-10-16 23:57:20,387 DEBUG server.RaftServer$Division (RaftServerImpl.java:logAppendEntries(1549)) - s3@group-FCE02D1CD77C: appendEntries* reply s14<-s3#5336:OK-t1,SUCCESS,nextIndex=42,followerCommit=40,matchIndex=41
2024-10-16 23:57:20,388 INFO  statemachine.StateMachine (ArithmeticStateMachine.java:applyTransaction(181)) - LEADER:s14-41: c = √(a^2 + b^2) = 1201
2024-10-16 23:57:20,388 DEBUG server.RaftServer$Division (RaftServerImpl.java:logAppendEntries(1549)) - s3@group-FCE02D1CD77C: appendEntries* s14->s3#5338-t1,previous=(t:1, i:41),leaderCommit=41,initializing? false,entries: size=1, first=(t:1, i:42), METADATAENTRY(c:41)
2024-10-16 23:57:20,388 DEBUG server.RaftServer$Division (RaftServerImpl.java:logAppendEntries(1549)) - s2@group-FCE02D1CD77C: appendEntries* s14->s2#5337-t1,previous=(t:1, i:41),leaderCommit=41,initializing? false,entries: size=1, first=(t:1, i:42), METADATAENTRY(c:41)
2024-10-16 23:57:20,388 DEBUG server.RaftServer$Division (RaftServerImpl.java:submitClientRequestAsync(920)) - s14@group-FCE02D1CD77C: receive client request(RaftClientRequest:client-51B1F4A27495->s14@group-FCE02D1CD77C, cid=5339, seq=null, RW, Message:01016100)
2024-10-16 23:57:20,389 DEBUG server.RaftServer$Division (LeaderStateImpl.java:addPendingRequest(529)) - s14@group-FCE02D1CD77C-LeaderStateImpl: addPendingRequest at RaftClientRequest:client-51B1F4A27495->s14@group-FCE02D1CD77C, cid=5339, seq=null, RW, Message:01016100, entry=(t:1, i:43), STATEMACHINELOGENTRY, WRITE: logData.size=4, stateMachineData.size=0, logEntryProtoSerializedSize=0
2024-10-16 23:57:20,389 DEBUG server.RaftServer$Division (RaftServerImpl.java:logAppendEntries(1549)) - s3@group-FCE02D1CD77C: appendEntries* reply s14<-s3#5338:OK-t1,SUCCESS,nextIndex=43,followerCommit=41,matchIndex=42
2024-10-16 23:57:20,389 DEBUG server.RaftServer$Division (RaftServerImpl.java:logAppendEntries(1549)) - s3@group-FCE02D1CD77C: appendEntries* s14->s3#5340-t1,previous=(t:1, i:42),leaderCommit=42,initializing? false,entries: size=1, first=(t:1, i:43), STATEMACHINELOGENTRY, StateMachineLogEntryProto:5339@client-51B1F4A27495
2024-10-16 23:57:20,390 DEBUG server.RaftServer$Division (RaftServerImpl.java:logAppendEntries(1549)) - s2@group-FCE02D1CD77C: appendEntries* reply s14<-s2#5337:OK-t1,SUCCESS,nextIndex=43,followerCommit=41,matchIndex=42
2024-10-16 23:57:20,390 DEBUG server.RaftServer$Division (RaftServerImpl.java:logAppendEntries(1549)) - s3@group-FCE02D1CD77C: appendEntries* reply s14<-s3#5340:OK-t1,SUCCESS,nextIndex=44,followerCommit=42,matchIndex=43
2024-10-16 23:57:20,390 DEBUG server.RaftServer$Division (RaftServerImpl.java:logAppendEntries(1549)) - s2@group-FCE02D1CD77C: appendEntries* s14->s2#5341-t1,previous=(t:1, i:42),leaderCommit=42,initializing? false,entries: size=1, first=(t:1, i:43), STATEMACHINELOGENTRY, StateMachineLogEntryProto:5339@client-51B1F4A27495
2024-10-16 23:57:20,390 INFO  statemachine.StateMachine (ArithmeticStateMachine.java:applyTransaction(181)) - LEADER:s14-43: a = null = null
2024-10-16 23:57:20,391 DEBUG server.RaftServer$Division (RaftServerImpl.java:logAppendEntries(1549)) - s3@group-FCE02D1CD77C: appendEntries* s14->s3#5342-t1,previous=(t:1, i:43),leaderCommit=43,initializing? false,entries: size=1, first=(t:1, i:44), METADATAENTRY(c:43)
2024-10-16 23:57:20,391 DEBUG server.RaftServer$Division (RaftServerImpl.java:submitClientRequestAsync(920)) - s14@group-FCE02D1CD77C: receive client request(RaftClientRequest:client-51B1F4A27495->s14@group-FCE02D1CD77C, cid=5343, seq=null, RW, Message:01016200)
2024-10-16 23:57:20,391 DEBUG server.RaftServer$Division (RaftServerImpl.java:logAppendEntries(1549)) - s2@group-FCE02D1CD77C: appendEntries* reply s14<-s2#5341:OK-t1,SUCCESS,nextIndex=44,followerCommit=42,matchIndex=43
2024-10-16 23:57:20,391 DEBUG server.RaftServer$Division (RaftServerImpl.java:logAppendEntries(1549)) - s3@group-FCE02D1CD77C: appendEntries* reply s14<-s3#5342:OK-t1,SUCCESS,nextIndex=45,followerCommit=43,matchIndex=44
2024-10-16 23:57:20,392 DEBUG server.RaftServer$Division (LeaderStateImpl.java:addPendingRequest(529)) - s14@group-FCE02D1CD77C-LeaderStateImpl: addPendingRequest at RaftClientRequest:client-51B1F4A27495->s14@group-FCE02D1CD77C, cid=5343, seq=null, RW, Message:01016200, entry=(t:1, i:45), STATEMACHINELOGENTRY, WRITE: logData.size=4, stateMachineData.size=0, logEntryProtoSerializedSize=0
2024-10-16 23:57:20,392 DEBUG server.RaftServer$Division (RaftServerImpl.java:logAppendEntries(1549)) - s3@group-FCE02D1CD77C: appendEntries* s14->s3#5345-t1,previous=(t:1, i:44),leaderCommit=43,initializing? false,entries: size=1, first=(t:1, i:45), STATEMACHINELOGENTRY, StateMachineLogEntryProto:5343@client-51B1F4A27495
2024-10-16 23:57:20,392 DEBUG server.RaftServer$Division (RaftServerImpl.java:logAppendEntries(1549)) - s2@group-FCE02D1CD77C: appendEntries* s14->s2#5344-t1,previous=(t:1, i:43),leaderCommit=43,initializing? false,entries: size=2, first=(t:1, i:44), METADATAENTRY(c:43)
2024-10-16 23:57:20,393 DEBUG server.RaftServer$Division (RaftServerImpl.java:logAppendEntries(1549)) - s3@group-FCE02D1CD77C: appendEntries* reply s14<-s3#5345:OK-t1,SUCCESS,nextIndex=46,followerCommit=43,matchIndex=45
2024-10-16 23:57:20,393 DEBUG server.RaftServer$Division (RaftServerImpl.java:logAppendEntries(1549)) - s2@group-FCE02D1CD77C: appendEntries* reply s14<-s2#5344:OK-t1,SUCCESS,nextIndex=46,followerCommit=43,matchIndex=45
2024-10-16 23:57:20,393 INFO  statemachine.StateMachine (ArithmeticStateMachine.java:applyTransaction(181)) - LEADER:s14-45: b = null = null
2024-10-16 23:57:20,393 DEBUG server.RaftServer$Division (RaftServerImpl.java:logAppendEntries(1549)) - s3@group-FCE02D1CD77C: appendEntries* s14->s3#5346-t1,previous=(t:1, i:45),leaderCommit=45,initializing? false,entries: size=1, first=(t:1, i:46), METADATAENTRY(c:45)
2024-10-16 23:57:20,394 DEBUG server.RaftServer$Division (RaftServerImpl.java:submitClientRequestAsync(920)) - s14@group-FCE02D1CD77C: receive client request(RaftClientRequest:client-51B1F4A27495->s14@group-FCE02D1CD77C, cid=5348, seq=null, RW, Message:01016300)
2024-10-16 23:57:20,394 DEBUG server.RaftServer$Division (RaftServerImpl.java:logAppendEntries(1549)) - s3@group-FCE02D1CD77C: appendEntries* reply s14<-s3#5346:OK-t1,SUCCESS,nextIndex=47,followerCommit=45,matchIndex=46
2024-10-16 23:57:20,394 DEBUG server.RaftServer$Division (RaftServerImpl.java:logAppendEntries(1549)) - s2@group-FCE02D1CD77C: appendEntries* s14->s2#5347-t1,previous=(t:1, i:45),leaderCommit=45,initializing? false,entries: size=1, first=(t:1, i:46), METADATAENTRY(c:45)
2024-10-16 23:57:20,394 DEBUG server.RaftServer$Division (LeaderStateImpl.java:addPendingRequest(529)) - s14@group-FCE02D1CD77C-LeaderStateImpl: addPendingRequest at RaftClientRequest:client-51B1F4A27495->s14@group-FCE02D1CD77C, cid=5348, seq=null, RW, Message:01016300, entry=(t:1, i:47), STATEMACHINELOGENTRY, WRITE: logData.size=4, stateMachineData.size=0, logEntryProtoSerializedSize=0
2024-10-16 23:57:20,394 DEBUG server.RaftServer$Division (RaftServerImpl.java:logAppendEntries(1549)) - s3@group-FCE02D1CD77C: appendEntries* s14->s3#5349-t1,previous=(t:1, i:46),leaderCommit=46,initializing? false,entries: size=1, first=(t:1, i:47), STATEMACHINELOGENTRY, StateMachineLogEntryProto:5348@client-51B1F4A27495
2024-10-16 23:57:20,394 DEBUG server.RaftServer$Division (RaftServerImpl.java:logAppendEntries(1549)) - s2@group-FCE02D1CD77C: appendEntries* reply s14<-s2#5347:OK-t1,SUCCESS,nextIndex=47,followerCommit=45,matchIndex=46
2024-10-16 23:57:20,395 DEBUG server.RaftServer$Division (RaftServerImpl.java:logAppendEntries(1549)) - s3@group-FCE02D1CD77C: appendEntries* reply s14<-s3#5349:OK-t1,SUCCESS,nextIndex=48,followerCommit=46,matchIndex=47
2024-10-16 23:57:20,395 DEBUG server.RaftServer$Division (RaftServerImpl.java:logAppendEntries(1549)) - s2@group-FCE02D1CD77C: appendEntries* s14->s2#5350-t1,previous=(t:1, i:46),leaderCommit=46,initializing? false,entries: size=1, first=(t:1, i:47), STATEMACHINELOGENTRY, StateMachineLogEntryProto:5348@client-51B1F4A27495
2024-10-16 23:57:20,395 INFO  statemachine.StateMachine (ArithmeticStateMachine.java:applyTransaction(181)) - LEADER:s14-47: c = null = null
2024-10-16 23:57:20,396 DEBUG server.RaftServer$Division (RaftServerImpl.java:logAppendEntries(1549)) - s2@group-FCE02D1CD77C: appendEntries* reply s14<-s2#5350:OK-t1,SUCCESS,nextIndex=48,followerCommit=46,matchIndex=47
2024-10-16 23:57:20,396 DEBUG server.RaftServer$Division (RaftServerImpl.java:logAppendEntries(1549)) - s3@group-FCE02D1CD77C: appendEntries* s14->s3#5351-t1,previous=(t:1, i:47),leaderCommit=47,initializing? false,entries: size=1, first=(t:1, i:48), METADATAENTRY(c:47)
2024-10-16 23:57:20,396 DEBUG server.RaftServer$Division (RaftServerImpl.java:submitClientRequestAsync(920)) - s14@group-FCE02D1CD77C: receive client request(RaftClientRequest:client-51B1F4A27495->s14@group-FCE02D1CD77C, cid=5352, seq=null, RW, Message:01016102404980000000...(size=12))
2024-10-16 23:57:20,396 DEBUG server.RaftServer$Division (RaftServerImpl.java:logAppendEntries(1549)) - s3@group-FCE02D1CD77C: appendEntries* reply s14<-s3#5351:OK-t1,SUCCESS,nextIndex=49,followerCommit=47,matchIndex=48
2024-10-16 23:57:20,396 DEBUG server.RaftServer$Division (LeaderStateImpl.java:addPendingRequest(529)) - s14@group-FCE02D1CD77C-LeaderStateImpl: addPendingRequest at RaftClientRequest:client-51B1F4A27495->s14@group-FCE02D1CD77C, cid=5352, seq=null, RW, Message:01016102404980000000...(size=12), entry=(t:1, i:49), STATEMACHINELOGENTRY, WRITE: logData.size=12, stateMachineData.size=0, logEntryProtoSerializedSize=0
2024-10-16 23:57:20,400 DEBUG server.RaftServer$Division (RaftServerImpl.java:logAppendEntries(1549)) - s3@group-FCE02D1CD77C: appendEntries* s14->s3#5353-t1,previous=(t:1, i:48),leaderCommit=48,initializing? false,entries: size=1, first=(t:1, i:49), STATEMACHINELOGENTRY, StateMachineLogEntryProto:5352@client-51B1F4A27495
2024-10-16 23:57:20,400 DEBUG server.RaftServer$Division (RaftServerImpl.java:logAppendEntries(1549)) - s3@group-FCE02D1CD77C: appendEntries* reply s14<-s3#5353:OK-t1,SUCCESS,nextIndex=50,followerCommit=48,matchIndex=49
2024-10-16 23:57:20,400 INFO  statemachine.StateMachine (ArithmeticStateMachine.java:applyTransaction(181)) - LEADER:s14-49: a = 51 = 51
2024-10-16 23:57:20,400 DEBUG server.RaftServer$Division (RaftServerImpl.java:logAppendEntries(1549)) - s3@group-FCE02D1CD77C: appendEntries* s14->s3#5354-t1,previous=(t:1, i:49),leaderCommit=49,initializing? false,entries: size=1, first=(t:1, i:50), METADATAENTRY(c:49)
2024-10-16 23:57:20,401 DEBUG server.RaftServer$Division (RaftServerImpl.java:logAppendEntries(1549)) - s3@group-FCE02D1CD77C: appendEntries* reply s14<-s3#5354:OK-t1,SUCCESS,nextIndex=51,followerCommit=49,matchIndex=50
2024-10-16 23:57:20,401 DEBUG server.RaftServer$Division (RaftServerImpl.java:submitClientRequestAsync(920)) - s14@group-FCE02D1CD77C: receive client request(RaftClientRequest:client-51B1F4A27495->s14@group-FCE02D1CD77C, cid=5355, seq=null, RW, Message:01016202409450000000...(size=12))
2024-10-16 23:57:20,401 DEBUG server.RaftServer$Division (LeaderStateImpl.java:addPendingRequest(529)) - s14@group-FCE02D1CD77C-LeaderStateImpl: addPendingRequest at RaftClientRequest:client-51B1F4A27495->s14@group-FCE02D1CD77C, cid=5355, seq=null, RW, Message:01016202409450000000...(size=12), entry=(t:1, i:51), STATEMACHINELOGENTRY, WRITE: logData.size=12, stateMachineData.size=0, logEntryProtoSerializedSize=0
2024-10-16 23:57:20,402 DEBUG server.RaftServer$Division (RaftServerImpl.java:logAppendEntries(1549)) - s2@group-FCE02D1CD77C: appendEntries* s14->s2#5360-t1,previous=(t:1, i:47),leaderCommit=50,initializing? false,entries: size=4, first=(t:1, i:48), METADATAENTRY(c:47)
2024-10-16 23:57:20,402 DEBUG server.RaftServer$Division (RaftServerImpl.java:logAppendEntries(1549)) - s3@group-FCE02D1CD77C: appendEntries* s14->s3#5361-t1,previous=(t:1, i:50),leaderCommit=50,initializing? false,entries: size=1, first=(t:1, i:51), STATEMACHINELOGENTRY, StateMachineLogEntryProto:5355@client-51B1F4A27495
2024-10-16 23:57:20,402 DEBUG server.RaftServer$Division (RaftServerImpl.java:logAppendEntries(1549)) - s2@group-FCE02D1CD77C: appendEntries* reply s14<-s2#5360:OK-t1,SUCCESS,nextIndex=52,followerCommit=50,matchIndex=51
2024-10-16 23:57:20,403 DEBUG server.RaftServer$Division (RaftServerImpl.java:logAppendEntries(1549)) - s3@group-FCE02D1CD77C: appendEntries* reply s14<-s3#5361:OK-t1,SUCCESS,nextIndex=52,followerCommit=50,matchIndex=51
2024-10-16 23:57:20,403 INFO  statemachine.StateMachine (ArithmeticStateMachine.java:applyTransaction(181)) - LEADER:s14-51: b = 1300 = 1300
2024-10-16 23:57:20,403 DEBUG server.RaftServer$Division (RaftServerImpl.java:logAppendEntries(1549)) - s3@group-FCE02D1CD77C: appendEntries* s14->s3#5362-t1,previous=(t:1, i:51),leaderCommit=51,initializing? false,entries: size=1, first=(t:1, i:52), METADATAENTRY(c:51)
2024-10-16 23:57:20,403 DEBUG server.RaftServer$Division (RaftServerImpl.java:logAppendEntries(1549)) - s2@group-FCE02D1CD77C: appendEntries* s14->s2#5363-t1,previous=(t:1, i:51),leaderCommit=51,initializing? false,entries: size=1, first=(t:1, i:52), METADATAENTRY(c:51)
2024-10-16 23:57:20,403 DEBUG server.RaftServer$Division (RaftServerImpl.java:submitClientRequestAsync(920)) - s14@group-FCE02D1CD77C: receive client request(RaftClientRequest:client-51B1F4A27495->s14@group-FCE02D1CD77C, cid=5364, seq=null, RW, Message:01016304010300040201...(size=17))
2024-10-16 23:57:20,404 DEBUG server.RaftServer$Division (RaftServerImpl.java:logAppendEntries(1549)) - s2@group-FCE02D1CD77C: appendEntries* reply s14<-s2#5363:OK-t1,SUCCESS,nextIndex=53,followerCommit=51,matchIndex=52
2024-10-16 23:57:20,404 DEBUG server.RaftServer$Division (RaftServerImpl.java:logAppendEntries(1549)) - s3@group-FCE02D1CD77C: appendEntries* reply s14<-s3#5362:OK-t1,SUCCESS,nextIndex=53,followerCommit=51,matchIndex=52
2024-10-16 23:57:20,404 DEBUG server.RaftServer$Division (LeaderStateImpl.java:addPendingRequest(529)) - s14@group-FCE02D1CD77C-LeaderStateImpl: addPendingRequest at RaftClientRequest:client-51B1F4A27495->s14@group-FCE02D1CD77C, cid=5364, seq=null, RW, Message:01016304010300040201...(size=17), entry=(t:1, i:53), STATEMACHINELOGENTRY, WRITE: logData.size=17, stateMachineData.size=0, logEntryProtoSerializedSize=0
2024-10-16 23:57:20,404 DEBUG server.RaftServer$Division (RaftServerImpl.java:logAppendEntries(1549)) - s2@group-FCE02D1CD77C: appendEntries* s14->s2#5365-t1,previous=(t:1, i:52),leaderCommit=51,initializing? false,entries: size=1, first=(t:1, i:53), STATEMACHINELOGENTRY, StateMachineLogEntryProto:5364@client-51B1F4A27495
2024-10-16 23:57:20,404 DEBUG server.RaftServer$Division (RaftServerImpl.java:logAppendEntries(1549)) - s3@group-FCE02D1CD77C: appendEntries* s14->s3#5366-t1,previous=(t:1, i:52),leaderCommit=51,initializing? false,entries: size=1, first=(t:1, i:53), STATEMACHINELOGENTRY, StateMachineLogEntryProto:5364@client-51B1F4A27495
2024-10-16 23:57:20,404 DEBUG server.RaftServer$Division (RaftServerImpl.java:logAppendEntries(1549)) - s2@group-FCE02D1CD77C: appendEntries* reply s14<-s2#5365:OK-t1,SUCCESS,nextIndex=54,followerCommit=51,matchIndex=53
2024-10-16 23:57:20,404 DEBUG server.RaftServer$Division (RaftServerImpl.java:logAppendEntries(1549)) - s3@group-FCE02D1CD77C: appendEntries* reply s14<-s3#5366:OK-t1,SUCCESS,nextIndex=54,followerCommit=51,matchIndex=53
2024-10-16 23:57:20,405 INFO  statemachine.StateMachine (ArithmeticStateMachine.java:applyTransaction(181)) - LEADER:s14-53: c = √(a^2 + b^2) = 1301
2024-10-16 23:57:20,405 DEBUG server.RaftServer$Division (RaftServerImpl.java:logAppendEntries(1549)) - s3@group-FCE02D1CD77C: appendEntries* s14->s3#5367-t1,previous=(t:1, i:53),leaderCommit=53,initializing? false,entries: size=1, first=(t:1, i:54), METADATAENTRY(c:53)
2024-10-16 23:57:20,405 DEBUG server.RaftServer$Division (RaftServerImpl.java:logAppendEntries(1549)) - s2@group-FCE02D1CD77C: appendEntries* s14->s2#5368-t1,previous=(t:1, i:53),leaderCommit=53,initializing? false,entries: size=1, first=(t:1, i:54), METADATAENTRY(c:53)
2024-10-16 23:57:20,405 DEBUG server.RaftServer$Division (RaftServerImpl.java:logAppendEntries(1549)) - s2@group-FCE02D1CD77C: appendEntries* reply s14<-s2#5368:OK-t1,SUCCESS,nextIndex=55,followerCommit=53,matchIndex=54
2024-10-16 23:57:20,405 DEBUG server.RaftServer$Division (RaftServerImpl.java:logAppendEntries(1549)) - s3@group-FCE02D1CD77C: appendEntries* reply s14<-s3#5367:OK-t1,SUCCESS,nextIndex=55,followerCommit=53,matchIndex=54
2024-10-16 23:57:20,406 DEBUG server.RaftServer$Division (RaftServerImpl.java:submitClientRequestAsync(920)) - s14@group-FCE02D1CD77C: receive client request(RaftClientRequest:client-51B1F4A27495->s14@group-FCE02D1CD77C, cid=5369, seq=null, RW, Message:01016100)
2024-10-16 23:57:20,406 DEBUG server.RaftServer$Division (LeaderStateImpl.java:addPendingRequest(529)) - s14@group-FCE02D1CD77C-LeaderStateImpl: addPendingRequest at RaftClientRequest:client-51B1F4A27495->s14@group-FCE02D1CD77C, cid=5369, seq=null, RW, Message:01016100, entry=(t:1, i:55), STATEMACHINELOGENTRY, WRITE: logData.size=4, stateMachineData.size=0, logEntryProtoSerializedSize=0
2024-10-16 23:57:20,406 DEBUG server.RaftServer$Division (RaftServerImpl.java:logAppendEntries(1549)) - s2@group-FCE02D1CD77C: appendEntries* s14->s2#5371-t1,previous=(t:1, i:54),leaderCommit=54,initializing? false,entries: size=1, first=(t:1, i:55), STATEMACHINELOGENTRY, StateMachineLogEntryProto:5369@client-51B1F4A27495
2024-10-16 23:57:20,406 DEBUG server.RaftServer$Division (RaftServerImpl.java:logAppendEntries(1549)) - s3@group-FCE02D1CD77C: appendEntries* s14->s3#5370-t1,previous=(t:1, i:54),leaderCommit=54,initializing? false,entries: size=1, first=(t:1, i:55), STATEMACHINELOGENTRY, StateMachineLogEntryProto:5369@client-51B1F4A27495
2024-10-16 23:57:20,407 DEBUG server.RaftServer$Division (RaftServerImpl.java:logAppendEntries(1549)) - s2@group-FCE02D1CD77C: appendEntries* reply s14<-s2#5371:OK-t1,SUCCESS,nextIndex=56,followerCommit=54,matchIndex=55
2024-10-16 23:57:20,407 DEBUG server.RaftServer$Division (RaftServerImpl.java:logAppendEntries(1549)) - s3@group-FCE02D1CD77C: appendEntries* reply s14<-s3#5370:OK-t1,SUCCESS,nextIndex=56,followerCommit=54,matchIndex=55
2024-10-16 23:57:20,407 INFO  statemachine.StateMachine (ArithmeticStateMachine.java:applyTransaction(181)) - LEADER:s14-55: a = null = null
2024-10-16 23:57:20,407 DEBUG server.RaftServer$Division (RaftServerImpl.java:logAppendEntries(1549)) - s2@group-FCE02D1CD77C: appendEntries* s14->s2#5372-t1,previous=(t:1, i:55),leaderCommit=55,initializing? false,entries: size=1, first=(t:1, i:56), METADATAENTRY(c:55)
2024-10-16 23:57:20,407 DEBUG server.RaftServer$Division (RaftServerImpl.java:logAppendEntries(1549)) - s3@group-FCE02D1CD77C: appendEntries* s14->s3#5373-t1,previous=(t:1, i:55),leaderCommit=55,initializing? false,entries: size=1, first=(t:1, i:56), METADATAENTRY(c:55)
2024-10-16 23:57:20,408 DEBUG server.RaftServer$Division (RaftServerImpl.java:submitClientRequestAsync(920)) - s14@group-FCE02D1CD77C: receive client request(RaftClientRequest:client-51B1F4A27495->s14@group-FCE02D1CD77C, cid=5374, seq=null, RW, Message:01016200)
2024-10-16 23:57:20,408 DEBUG server.RaftServer$Division (RaftServerImpl.java:logAppendEntries(1549)) - s2@group-FCE02D1CD77C: appendEntries* reply s14<-s2#5372:OK-t1,SUCCESS,nextIndex=57,followerCommit=55,matchIndex=56
2024-10-16 23:57:20,408 DEBUG server.RaftServer$Division (RaftServerImpl.java:logAppendEntries(1549)) - s3@group-FCE02D1CD77C: appendEntries* reply s14<-s3#5373:OK-t1,SUCCESS,nextIndex=57,followerCommit=55,matchIndex=56
2024-10-16 23:57:20,408 DEBUG server.RaftServer$Division (LeaderStateImpl.java:addPendingRequest(529)) - s14@group-FCE02D1CD77C-LeaderStateImpl: addPendingRequest at RaftClientRequest:client-51B1F4A27495->s14@group-FCE02D1CD77C, cid=5374, seq=null, RW, Message:01016200, entry=(t:1, i:57), STATEMACHINELOGENTRY, WRITE: logData.size=4, stateMachineData.size=0, logEntryProtoSerializedSize=0
2024-10-16 23:57:20,409 DEBUG server.RaftServer$Division (RaftServerImpl.java:logAppendEntries(1549)) - s3@group-FCE02D1CD77C: appendEntries* s14->s3#5375-t1,previous=(t:1, i:56),leaderCommit=55,initializing? false,entries: size=1, first=(t:1, i:57), STATEMACHINELOGENTRY, StateMachineLogEntryProto:5374@client-51B1F4A27495
2024-10-16 23:57:20,409 DEBUG server.RaftServer$Division (RaftServerImpl.java:logAppendEntries(1549)) - s2@group-FCE02D1CD77C: appendEntries* s14->s2#5376-t1,previous=(t:1, i:56),leaderCommit=55,initializing? false,entries: size=1, first=(t:1, i:57), STATEMACHINELOGENTRY, StateMachineLogEntryProto:5374@client-51B1F4A27495
2024-10-16 23:57:20,409 DEBUG server.RaftServer$Division (RaftServerImpl.java:logAppendEntries(1549)) - s3@group-FCE02D1CD77C: appendEntries* reply s14<-s3#5375:OK-t1,SUCCESS,nextIndex=58,followerCommit=55,matchIndex=57
2024-10-16 23:57:20,409 DEBUG server.RaftServer$Division (RaftServerImpl.java:logAppendEntries(1549)) - s2@group-FCE02D1CD77C: appendEntries* reply s14<-s2#5376:OK-t1,SUCCESS,nextIndex=58,followerCommit=55,matchIndex=57
2024-10-16 23:57:20,409 INFO  statemachine.StateMachine (ArithmeticStateMachine.java:applyTransaction(181)) - LEADER:s14-57: b = null = null
2024-10-16 23:57:20,410 DEBUG server.RaftServer$Division (RaftServerImpl.java:logAppendEntries(1549)) - s3@group-FCE02D1CD77C: appendEntries* s14->s3#5378-t1,previous=(t:1, i:57),leaderCommit=57,initializing? false,entries: size=1, first=(t:1, i:58), METADATAENTRY(c:57)
2024-10-16 23:57:20,410 DEBUG server.RaftServer$Division (RaftServerImpl.java:logAppendEntries(1549)) - s2@group-FCE02D1CD77C: appendEntries* s14->s2#5377-t1,previous=(t:1, i:57),leaderCommit=57,initializing? false,entries: size=1, first=(t:1, i:58), METADATAENTRY(c:57)
2024-10-16 23:57:20,410 DEBUG server.RaftServer$Division (RaftServerImpl.java:submitClientRequestAsync(920)) - s14@group-FCE02D1CD77C: receive client request(RaftClientRequest:client-51B1F4A27495->s14@group-FCE02D1CD77C, cid=5379, seq=null, RW, Message:01016300)
2024-10-16 23:57:20,410 DEBUG server.RaftServer$Division (RaftServerImpl.java:logAppendEntries(1549)) - s3@group-FCE02D1CD77C: appendEntries* reply s14<-s3#5378:OK-t1,SUCCESS,nextIndex=59,followerCommit=57,matchIndex=58
2024-10-16 23:57:20,410 DEBUG server.RaftServer$Division (RaftServerImpl.java:logAppendEntries(1549)) - s2@group-FCE02D1CD77C: appendEntries* reply s14<-s2#5377:OK-t1,SUCCESS,nextIndex=59,followerCommit=57,matchIndex=58
2024-10-16 23:57:20,410 DEBUG server.RaftServer$Division (LeaderStateImpl.java:addPendingRequest(529)) - s14@group-FCE02D1CD77C-LeaderStateImpl: addPendingRequest at RaftClientRequest:client-51B1F4A27495->s14@group-FCE02D1CD77C, cid=5379, seq=null, RW, Message:01016300, entry=(t:1, i:59), STATEMACHINELOGENTRY, WRITE: logData.size=4, stateMachineData.size=0, logEntryProtoSerializedSize=0
2024-10-16 23:57:20,411 DEBUG server.RaftServer$Division (RaftServerImpl.java:logAppendEntries(1549)) - s3@group-FCE02D1CD77C: appendEntries* s14->s3#5380-t1,previous=(t:1, i:58),leaderCommit=57,initializing? false,entries: size=1, first=(t:1, i:59), STATEMACHINELOGENTRY, StateMachineLogEntryProto:5379@client-51B1F4A27495
2024-10-16 23:57:20,411 DEBUG server.RaftServer$Division (RaftServerImpl.java:logAppendEntries(1549)) - s2@group-FCE02D1CD77C: appendEntries* s14->s2#5381-t1,previous=(t:1, i:58),leaderCommit=57,initializing? false,entries: size=1, first=(t:1, i:59), STATEMACHINELOGENTRY, StateMachineLogEntryProto:5379@client-51B1F4A27495
2024-10-16 23:57:20,411 DEBUG server.RaftServer$Division (RaftServerImpl.java:logAppendEntries(1549)) - s2@group-FCE02D1CD77C: appendEntries* reply s14<-s2#5381:OK-t1,SUCCESS,nextIndex=60,followerCommit=57,matchIndex=59
2024-10-16 23:57:20,411 DEBUG server.RaftServer$Division (RaftServerImpl.java:logAppendEntries(1549)) - s3@group-FCE02D1CD77C: appendEntries* reply s14<-s3#5380:OK-t1,SUCCESS,nextIndex=60,followerCommit=57,matchIndex=59
2024-10-16 23:57:20,411 INFO  statemachine.StateMachine (ArithmeticStateMachine.java:applyTransaction(181)) - LEADER:s14-59: c = null = null
2024-10-16 23:57:20,412 DEBUG server.RaftServer$Division (RaftServerImpl.java:logAppendEntries(1549)) - s2@group-FCE02D1CD77C: appendEntries* s14->s2#5382-t1,previous=(t:1, i:59),leaderCommit=59,initializing? false,entries: size=1, first=(t:1, i:60), METADATAENTRY(c:59)
2024-10-16 23:57:20,412 DEBUG server.RaftServer$Division (RaftServerImpl.java:logAppendEntries(1549)) - s3@group-FCE02D1CD77C: appendEntries* s14->s3#5383-t1,previous=(t:1, i:59),leaderCommit=59,initializing? false,entries: size=1, first=(t:1, i:60), METADATAENTRY(c:59)
2024-10-16 23:57:20,412 DEBUG server.RaftServer$Division (RaftServerImpl.java:submitClientRequestAsync(920)) - s14@group-FCE02D1CD77C: receive client request(RaftClientRequest:client-51B1F4A27495->s14@group-FCE02D1CD77C, cid=5384, seq=null, RW, Message:01016102404a80000000...(size=12))
2024-10-16 23:57:20,412 DEBUG server.RaftServer$Division (RaftServerImpl.java:logAppendEntries(1549)) - s2@group-FCE02D1CD77C: appendEntries* reply s14<-s2#5382:OK-t1,SUCCESS,nextIndex=61,followerCommit=59,matchIndex=60
2024-10-16 23:57:20,412 DEBUG server.RaftServer$Division (RaftServerImpl.java:logAppendEntries(1549)) - s3@group-FCE02D1CD77C: appendEntries* reply s14<-s3#5383:OK-t1,SUCCESS,nextIndex=61,followerCommit=59,matchIndex=60
2024-10-16 23:57:20,412 DEBUG server.RaftServer$Division (LeaderStateImpl.java:addPendingRequest(529)) - s14@group-FCE02D1CD77C-LeaderStateImpl: addPendingRequest at RaftClientRequest:client-51B1F4A27495->s14@group-FCE02D1CD77C, cid=5384, seq=null, RW, Message:01016102404a80000000...(size=12), entry=(t:1, i:61), STATEMACHINELOGENTRY, WRITE: logData.size=12, stateMachineData.size=0, logEntryProtoSerializedSize=0
2024-10-16 23:57:20,413 DEBUG server.RaftServer$Division (RaftServerImpl.java:logAppendEntries(1549)) - s2@group-FCE02D1CD77C: appendEntries* s14->s2#5385-t1,previous=(t:1, i:60),leaderCommit=59,initializing? false,entries: size=1, first=(t:1, i:61), STATEMACHINELOGENTRY, StateMachineLogEntryProto:5384@client-51B1F4A27495
2024-10-16 23:57:20,413 DEBUG server.RaftServer$Division (RaftServerImpl.java:logAppendEntries(1549)) - s3@group-FCE02D1CD77C: appendEntries* s14->s3#5386-t1,previous=(t:1, i:60),leaderCommit=59,initializing? false,entries: size=1, first=(t:1, i:61), STATEMACHINELOGENTRY, StateMachineLogEntryProto:5384@client-51B1F4A27495
2024-10-16 23:57:20,413 DEBUG server.RaftServer$Division (RaftServerImpl.java:logAppendEntries(1549)) - s2@group-FCE02D1CD77C: appendEntries* reply s14<-s2#5385:OK-t1,SUCCESS,nextIndex=62,followerCommit=59,matchIndex=61
2024-10-16 23:57:20,413 INFO  statemachine.StateMachine (ArithmeticStateMachine.java:applyTransaction(181)) - LEADER:s14-61: a = 53 = 53
2024-10-16 23:57:20,414 DEBUG server.RaftServer$Division (RaftServerImpl.java:logAppendEntries(1549)) - s2@group-FCE02D1CD77C: appendEntries* s14->s2#5387-t1,previous=(t:1, i:61),leaderCommit=61,initializing? false,entries: size=1, first=(t:1, i:62), METADATAENTRY(c:61)
2024-10-16 23:57:20,414 DEBUG server.RaftServer$Division (RaftServerImpl.java:logAppendEntries(1549)) - s3@group-FCE02D1CD77C: appendEntries* reply s14<-s3#5386:OK-t1,SUCCESS,nextIndex=62,followerCommit=59,matchIndex=61
2024-10-16 23:57:20,414 DEBUG server.RaftServer$Division (RaftServerImpl.java:submitClientRequestAsync(920)) - s14@group-FCE02D1CD77C: receive client request(RaftClientRequest:client-51B1F4A27495->s14@group-FCE02D1CD77C, cid=5388, seq=null, RW, Message:010162024095f0000000...(size=12))
2024-10-16 23:57:20,414 DEBUG server.RaftServer$Division (RaftServerImpl.java:logAppendEntries(1549)) - s2@group-FCE02D1CD77C: appendEntries* reply s14<-s2#5387:OK-t1,SUCCESS,nextIndex=63,followerCommit=61,matchIndex=62
2024-10-16 23:57:20,414 DEBUG server.RaftServer$Division (RaftServerImpl.java:logAppendEntries(1549)) - s3@group-FCE02D1CD77C: appendEntries* s14->s3#5389-t1,previous=(t:1, i:61),leaderCommit=61,initializing? false,entries: size=1, first=(t:1, i:62), METADATAENTRY(c:61)
2024-10-16 23:57:20,415 DEBUG server.RaftServer$Division (LeaderStateImpl.java:addPendingRequest(529)) - s14@group-FCE02D1CD77C-LeaderStateImpl: addPendingRequest at RaftClientRequest:client-51B1F4A27495->s14@group-FCE02D1CD77C, cid=5388, seq=null, RW, Message:010162024095f0000000...(size=12), entry=(t:1, i:63), STATEMACHINELOGENTRY, WRITE: logData.size=12, stateMachineData.size=0, logEntryProtoSerializedSize=0
2024-10-16 23:57:20,415 DEBUG server.RaftServer$Division (RaftServerImpl.java:logAppendEntries(1549)) - s3@group-FCE02D1CD77C: appendEntries* reply s14<-s3#5389:OK-t1,SUCCESS,nextIndex=63,followerCommit=61,matchIndex=62
2024-10-16 23:57:20,415 DEBUG server.RaftServer$Division (RaftServerImpl.java:logAppendEntries(1549)) - s2@group-FCE02D1CD77C: appendEntries* s14->s2#5390-t1,previous=(t:1, i:62),leaderCommit=62,initializing? false,entries: size=1, first=(t:1, i:63), STATEMACHINELOGENTRY, StateMachineLogEntryProto:5388@client-51B1F4A27495
2024-10-16 23:57:20,416 DEBUG server.RaftServer$Division (RaftServerImpl.java:logAppendEntries(1549)) - s3@group-FCE02D1CD77C: appendEntries* s14->s3#5391-t1,previous=(t:1, i:62),leaderCommit=62,initializing? false,entries: size=1, first=(t:1, i:63), STATEMACHINELOGENTRY, StateMachineLogEntryProto:5388@client-51B1F4A27495
2024-10-16 23:57:20,416 DEBUG server.RaftServer$Division (RaftServerImpl.java:logAppendEntries(1549)) - s2@group-FCE02D1CD77C: appendEntries* reply s14<-s2#5390:OK-t1,SUCCESS,nextIndex=64,followerCommit=62,matchIndex=63
2024-10-16 23:57:20,416 DEBUG server.RaftServer$Division (RaftServerImpl.java:logAppendEntries(1549)) - s3@group-FCE02D1CD77C: appendEntries* reply s14<-s3#5391:OK-t1,SUCCESS,nextIndex=64,followerCommit=62,matchIndex=63
2024-10-16 23:57:20,416 INFO  statemachine.StateMachine (ArithmeticStateMachine.java:applyTransaction(181)) - LEADER:s14-63: b = 1404 = 1404
2024-10-16 23:57:20,417 DEBUG server.RaftServer$Division (RaftServerImpl.java:logAppendEntries(1549)) - s3@group-FCE02D1CD77C: appendEntries* s14->s3#5392-t1,previous=(t:1, i:63),leaderCommit=63,initializing? false,entries: size=1, first=(t:1, i:64), METADATAENTRY(c:63)
2024-10-16 23:57:20,417 DEBUG server.RaftServer$Division (RaftServerImpl.java:logAppendEntries(1549)) - s2@group-FCE02D1CD77C: appendEntries* s14->s2#5393-t1,previous=(t:1, i:63),leaderCommit=63,initializing? false,entries: size=1, first=(t:1, i:64), METADATAENTRY(c:63)
2024-10-16 23:57:20,417 DEBUG server.RaftServer$Division (RaftServerImpl.java:submitClientRequestAsync(920)) - s14@group-FCE02D1CD77C: receive client request(RaftClientRequest:client-51B1F4A27495->s14@group-FCE02D1CD77C, cid=5394, seq=null, RW, Message:01016304010300040201...(size=17))
2024-10-16 23:57:20,417 DEBUG server.RaftServer$Division (LeaderStateImpl.java:addPendingRequest(529)) - s14@group-FCE02D1CD77C-LeaderStateImpl: addPendingRequest at RaftClientRequest:client-51B1F4A27495->s14@group-FCE02D1CD77C, cid=5394, seq=null, RW, Message:01016304010300040201...(size=17), entry=(t:1, i:65), STATEMACHINELOGENTRY, WRITE: logData.size=17, stateMachineData.size=0, logEntryProtoSerializedSize=0
2024-10-16 23:57:20,417 DEBUG server.RaftServer$Division (RaftServerImpl.java:logAppendEntries(1549)) - s3@group-FCE02D1CD77C: appendEntries* reply s14<-s3#5392:OK-t1,SUCCESS,nextIndex=65,followerCommit=63,matchIndex=64
2024-10-16 23:57:20,417 DEBUG server.RaftServer$Division (RaftServerImpl.java:logAppendEntries(1549)) - s2@group-FCE02D1CD77C: appendEntries* reply s14<-s2#5393:OK-t1,SUCCESS,nextIndex=65,followerCommit=63,matchIndex=64
2024-10-16 23:57:20,418 DEBUG server.RaftServer$Division (RaftServerImpl.java:logAppendEntries(1549)) - s2@group-FCE02D1CD77C: appendEntries* s14->s2#5396-t1,previous=(t:1, i:64),leaderCommit=63,initializing? false,entries: size=1, first=(t:1, i:65), STATEMACHINELOGENTRY, StateMachineLogEntryProto:5394@client-51B1F4A27495
2024-10-16 23:57:20,418 DEBUG server.RaftServer$Division (RaftServerImpl.java:logAppendEntries(1549)) - s3@group-FCE02D1CD77C: appendEntries* s14->s3#5395-t1,previous=(t:1, i:64),leaderCommit=63,initializing? false,entries: size=1, first=(t:1, i:65), STATEMACHINELOGENTRY, StateMachineLogEntryProto:5394@client-51B1F4A27495
2024-10-16 23:57:20,418 DEBUG server.RaftServer$Division (RaftServerImpl.java:logAppendEntries(1549)) - s2@group-FCE02D1CD77C: appendEntries* reply s14<-s2#5396:OK-t1,SUCCESS,nextIndex=66,followerCommit=63,matchIndex=65
2024-10-16 23:57:20,419 DEBUG server.RaftServer$Division (RaftServerImpl.java:logAppendEntries(1549)) - s3@group-FCE02D1CD77C: appendEntries* reply s14<-s3#5395:OK-t1,SUCCESS,nextIndex=66,followerCommit=63,matchIndex=65
2024-10-16 23:57:20,419 INFO  statemachine.StateMachine (ArithmeticStateMachine.java:applyTransaction(181)) - LEADER:s14-65: c = √(a^2 + b^2) = 1405
2024-10-16 23:57:20,419 DEBUG server.RaftServer$Division (RaftServerImpl.java:logAppendEntries(1549)) - s3@group-FCE02D1CD77C: appendEntries* s14->s3#5397-t1,previous=(t:1, i:65),leaderCommit=65,initializing? false,entries: size=1, first=(t:1, i:66), METADATAENTRY(c:65)
2024-10-16 23:57:20,419 DEBUG server.RaftServer$Division (RaftServerImpl.java:logAppendEntries(1549)) - s2@group-FCE02D1CD77C: appendEntries* s14->s2#5398-t1,previous=(t:1, i:65),leaderCommit=65,initializing? false,entries: size=1, first=(t:1, i:66), METADATAENTRY(c:65)
2024-10-16 23:57:20,419 DEBUG server.RaftServer$Division (RaftServerImpl.java:logAppendEntries(1549)) - s3@group-FCE02D1CD77C: appendEntries* reply s14<-s3#5397:OK-t1,SUCCESS,nextIndex=67,followerCommit=65,matchIndex=66
2024-10-16 23:57:20,419 DEBUG server.RaftServer$Division (RaftServerImpl.java:submitClientRequestAsync(920)) - s14@group-FCE02D1CD77C: receive client request(RaftClientRequest:client-51B1F4A27495->s14@group-FCE02D1CD77C, cid=5399, seq=null, RW, Message:01016100)
2024-10-16 23:57:20,419 DEBUG server.RaftServer$Division (RaftServerImpl.java:logAppendEntries(1549)) - s2@group-FCE02D1CD77C: appendEntries* reply s14<-s2#5398:OK-t1,SUCCESS,nextIndex=67,followerCommit=65,matchIndex=66
2024-10-16 23:57:20,420 DEBUG server.RaftServer$Division (LeaderStateImpl.java:addPendingRequest(529)) - s14@group-FCE02D1CD77C-LeaderStateImpl: addPendingRequest at RaftClientRequest:client-51B1F4A27495->s14@group-FCE02D1CD77C, cid=5399, seq=null, RW, Message:01016100, entry=(t:1, i:67), STATEMACHINELOGENTRY, WRITE: logData.size=4, stateMachineData.size=0, logEntryProtoSerializedSize=0
2024-10-16 23:57:20,420 DEBUG server.RaftServer$Division (RaftServerImpl.java:logAppendEntries(1549)) - s3@group-FCE02D1CD77C: appendEntries* s14->s3#5400-t1,previous=(t:1, i:66),leaderCommit=66,initializing? false,entries: size=1, first=(t:1, i:67), STATEMACHINELOGENTRY, StateMachineLogEntryProto:5399@client-51B1F4A27495
2024-10-16 23:57:20,420 DEBUG server.RaftServer$Division (RaftServerImpl.java:logAppendEntries(1549)) - s2@group-FCE02D1CD77C: appendEntries* s14->s2#5401-t1,previous=(t:1, i:66),leaderCommit=66,initializing? false,entries: size=1, first=(t:1, i:67), STATEMACHINELOGENTRY, StateMachineLogEntryProto:5399@client-51B1F4A27495
2024-10-16 23:57:20,421 DEBUG server.RaftServer$Division (RaftServerImpl.java:logAppendEntries(1549)) - s3@group-FCE02D1CD77C: appendEntries* reply s14<-s3#5400:OK-t1,SUCCESS,nextIndex=68,followerCommit=66,matchIndex=67
2024-10-16 23:57:20,421 DEBUG server.RaftServer$Division (RaftServerImpl.java:logAppendEntries(1549)) - s2@group-FCE02D1CD77C: appendEntries* reply s14<-s2#5401:OK-t1,SUCCESS,nextIndex=68,followerCommit=66,matchIndex=67
2024-10-16 23:57:20,421 INFO  statemachine.StateMachine (ArithmeticStateMachine.java:applyTransaction(181)) - LEADER:s14-67: a = null = null
2024-10-16 23:57:20,422 DEBUG server.RaftServer$Division (RaftServerImpl.java:logAppendEntries(1549)) - s2@group-FCE02D1CD77C: appendEntries* s14->s2#5402-t1,previous=(t:1, i:67),leaderCommit=67,initializing? false,entries: size=1, first=(t:1, i:68), METADATAENTRY(c:67)
2024-10-16 23:57:20,422 DEBUG server.RaftServer$Division (RaftServerImpl.java:logAppendEntries(1549)) - s3@group-FCE02D1CD77C: appendEntries* s14->s3#5403-t1,previous=(t:1, i:67),leaderCommit=67,initializing? false,entries: size=1, first=(t:1, i:68), METADATAENTRY(c:67)
2024-10-16 23:57:20,422 DEBUG server.RaftServer$Division (RaftServerImpl.java:logAppendEntries(1549)) - s3@group-FCE02D1CD77C: appendEntries* reply s14<-s3#5403:OK-t1,SUCCESS,nextIndex=69,followerCommit=67,matchIndex=68
2024-10-16 23:57:20,422 DEBUG server.RaftServer$Division (RaftServerImpl.java:logAppendEntries(1549)) - s2@group-FCE02D1CD77C: appendEntries* reply s14<-s2#5402:OK-t1,SUCCESS,nextIndex=69,followerCommit=67,matchIndex=68
2024-10-16 23:57:20,423 DEBUG server.RaftServer$Division (RaftServerImpl.java:submitClientRequestAsync(920)) - s14@group-FCE02D1CD77C: receive client request(RaftClientRequest:client-51B1F4A27495->s14@group-FCE02D1CD77C, cid=5404, seq=null, RW, Message:01016200)
2024-10-16 23:57:20,423 DEBUG server.RaftServer$Division (LeaderStateImpl.java:addPendingRequest(529)) - s14@group-FCE02D1CD77C-LeaderStateImpl: addPendingRequest at RaftClientRequest:client-51B1F4A27495->s14@group-FCE02D1CD77C, cid=5404, seq=null, RW, Message:01016200, entry=(t:1, i:69), STATEMACHINELOGENTRY, WRITE: logData.size=4, stateMachineData.size=0, logEntryProtoSerializedSize=0
2024-10-16 23:57:20,423 DEBUG server.RaftServer$Division (RaftServerImpl.java:logAppendEntries(1549)) - s3@group-FCE02D1CD77C: appendEntries* s14->s3#5405-t1,previous=(t:1, i:68),leaderCommit=68,initializing? false,entries: size=1, first=(t:1, i:69), STATEMACHINELOGENTRY, StateMachineLogEntryProto:5404@client-51B1F4A27495
2024-10-16 23:57:20,424 DEBUG server.RaftServer$Division (RaftServerImpl.java:logAppendEntries(1549)) - s2@group-FCE02D1CD77C: appendEntries* s14->s2#5406-t1,previous=(t:1, i:68),leaderCommit=68,initializing? false,entries: size=1, first=(t:1, i:69), STATEMACHINELOGENTRY, StateMachineLogEntryProto:5404@client-51B1F4A27495
2024-10-16 23:57:20,424 DEBUG server.RaftServer$Division (RaftServerImpl.java:logAppendEntries(1549)) - s3@group-FCE02D1CD77C: appendEntries* reply s14<-s3#5405:OK-t1,SUCCESS,nextIndex=70,followerCommit=68,matchIndex=69
2024-10-16 23:57:20,424 DEBUG server.RaftServer$Division (RaftServerImpl.java:logAppendEntries(1549)) - s2@group-FCE02D1CD77C: appendEntries* reply s14<-s2#5406:OK-t1,SUCCESS,nextIndex=70,followerCommit=68,matchIndex=69
2024-10-16 23:57:20,424 INFO  statemachine.StateMachine (ArithmeticStateMachine.java:applyTransaction(181)) - LEADER:s14-69: b = null = null
2024-10-16 23:57:20,425 DEBUG server.RaftServer$Division (RaftServerImpl.java:submitClientRequestAsync(920)) - s14@group-FCE02D1CD77C: receive client request(RaftClientRequest:client-51B1F4A27495->s14@group-FCE02D1CD77C, cid=5408, seq=null, RW, Message:01016300)
2024-10-16 23:57:20,425 DEBUG server.RaftServer$Division (RaftServerImpl.java:logAppendEntries(1549)) - s2@group-FCE02D1CD77C: appendEntries* s14->s2#5409-t1,previous=(t:1, i:69),leaderCommit=69,initializing? false,entries: size=1, first=(t:1, i:70), METADATAENTRY(c:69)
2024-10-16 23:57:20,425 DEBUG server.RaftServer$Division (LeaderStateImpl.java:addPendingRequest(529)) - s14@group-FCE02D1CD77C-LeaderStateImpl: addPendingRequest at RaftClientRequest:client-51B1F4A27495->s14@group-FCE02D1CD77C, cid=5408, seq=null, RW, Message:01016300, entry=(t:1, i:71), STATEMACHINELOGENTRY, WRITE: logData.size=4, stateMachineData.size=0, logEntryProtoSerializedSize=0
2024-10-16 23:57:20,425 DEBUG server.RaftServer$Division (RaftServerImpl.java:logAppendEntries(1549)) - s3@group-FCE02D1CD77C: appendEntries* s14->s3#5407-t1,previous=(t:1, i:69),leaderCommit=69,initializing? false,entries: size=1, first=(t:1, i:70), METADATAENTRY(c:69)
2024-10-16 23:57:20,425 DEBUG server.RaftServer$Division (RaftServerImpl.java:logAppendEntries(1549)) - s2@group-FCE02D1CD77C: appendEntries* reply s14<-s2#5409:OK-t1,SUCCESS,nextIndex=71,followerCommit=69,matchIndex=70
2024-10-16 23:57:20,426 DEBUG server.RaftServer$Division (RaftServerImpl.java:logAppendEntries(1549)) - s2@group-FCE02D1CD77C: appendEntries* s14->s2#5410-t1,previous=(t:1, i:70),leaderCommit=69,initializing? false,entries: size=1, first=(t:1, i:71), STATEMACHINELOGENTRY, StateMachineLogEntryProto:5408@client-51B1F4A27495
2024-10-16 23:57:20,427 DEBUG server.RaftServer$Division (RaftServerImpl.java:logAppendEntries(1549)) - s2@group-FCE02D1CD77C: appendEntries* reply s14<-s2#5410:OK-t1,SUCCESS,nextIndex=72,followerCommit=69,matchIndex=71
2024-10-16 23:57:20,427 DEBUG server.RaftServer$Division (RaftServerImpl.java:logAppendEntries(1549)) - s3@group-FCE02D1CD77C: appendEntries* reply s14<-s3#5407:OK-t1,SUCCESS,nextIndex=71,followerCommit=69,matchIndex=70
2024-10-16 23:57:20,427 INFO  statemachine.StateMachine (ArithmeticStateMachine.java:applyTransaction(181)) - LEADER:s14-71: c = null = null
2024-10-16 23:57:20,427 DEBUG server.RaftServer$Division (RaftServerImpl.java:logAppendEntries(1549)) - s2@group-FCE02D1CD77C: appendEntries* s14->s2#5411-t1,previous=(t:1, i:71),leaderCommit=71,initializing? false,entries: size=1, first=(t:1, i:72), METADATAENTRY(c:71)
2024-10-16 23:57:20,427 DEBUG server.RaftServer$Division (RaftServerImpl.java:submitClientRequestAsync(920)) - s14@group-FCE02D1CD77C: receive client request(RaftClientRequest:client-51B1F4A27495->s14@group-FCE02D1CD77C, cid=5412, seq=null, RW, Message:01016102404b80000000...(size=12))
2024-10-16 23:57:20,428 DEBUG server.RaftServer$Division (RaftServerImpl.java:logAppendEntries(1549)) - s2@group-FCE02D1CD77C: appendEntries* reply s14<-s2#5411:OK-t1,SUCCESS,nextIndex=73,followerCommit=71,matchIndex=72
2024-10-16 23:57:20,428 DEBUG server.RaftServer$Division (LeaderStateImpl.java:addPendingRequest(529)) - s14@group-FCE02D1CD77C-LeaderStateImpl: addPendingRequest at RaftClientRequest:client-51B1F4A27495->s14@group-FCE02D1CD77C, cid=5412, seq=null, RW, Message:01016102404b80000000...(size=12), entry=(t:1, i:73), STATEMACHINELOGENTRY, WRITE: logData.size=12, stateMachineData.size=0, logEntryProtoSerializedSize=0
2024-10-16 23:57:20,428 DEBUG server.RaftServer$Division (RaftServerImpl.java:logAppendEntries(1549)) - s2@group-FCE02D1CD77C: appendEntries* s14->s2#5414-t1,previous=(t:1, i:72),leaderCommit=71,initializing? false,entries: size=1, first=(t:1, i:73), STATEMACHINELOGENTRY, StateMachineLogEntryProto:5412@client-51B1F4A27495
2024-10-16 23:57:20,428 DEBUG server.RaftServer$Division (RaftServerImpl.java:logAppendEntries(1549)) - s3@group-FCE02D1CD77C: appendEntries* s14->s3#5413-t1,previous=(t:1, i:70),leaderCommit=71,initializing? false,entries: size=2, first=(t:1, i:71), STATEMACHINELOGENTRY, StateMachineLogEntryProto:5408@client-51B1F4A27495
2024-10-16 23:57:20,429 DEBUG server.RaftServer$Division (RaftServerImpl.java:logAppendEntries(1549)) - s2@group-FCE02D1CD77C: appendEntries* reply s14<-s2#5414:OK-t1,SUCCESS,nextIndex=74,followerCommit=71,matchIndex=73
2024-10-16 23:57:20,429 INFO  statemachine.StateMachine (ArithmeticStateMachine.java:applyTransaction(181)) - LEADER:s14-73: a = 55 = 55
2024-10-16 23:57:20,429 DEBUG server.RaftServer$Division (RaftServerImpl.java:logAppendEntries(1549)) - s3@group-FCE02D1CD77C: appendEntries* reply s14<-s3#5413:OK-t1,SUCCESS,nextIndex=73,followerCommit=71,matchIndex=72
2024-10-16 23:57:20,429 DEBUG server.RaftServer$Division (RaftServerImpl.java:logAppendEntries(1549)) - s2@group-FCE02D1CD77C: appendEntries* s14->s2#5415-t1,previous=(t:1, i:73),leaderCommit=73,initializing? false,entries: size=1, first=(t:1, i:74), METADATAENTRY(c:73)
2024-10-16 23:57:20,430 DEBUG server.RaftServer$Division (RaftServerImpl.java:submitClientRequestAsync(920)) - s14@group-FCE02D1CD77C: receive client request(RaftClientRequest:client-51B1F4A27495->s14@group-FCE02D1CD77C, cid=5416, seq=null, RW, Message:010162024097a0000000...(size=12))
2024-10-16 23:57:20,430 DEBUG server.RaftServer$Division (RaftServerImpl.java:logAppendEntries(1549)) - s2@group-FCE02D1CD77C: appendEntries* reply s14<-s2#5415:OK-t1,SUCCESS,nextIndex=75,followerCommit=73,matchIndex=74
2024-10-16 23:57:20,430 DEBUG server.RaftServer$Division (LeaderStateImpl.java:addPendingRequest(529)) - s14@group-FCE02D1CD77C-LeaderStateImpl: addPendingRequest at RaftClientRequest:client-51B1F4A27495->s14@group-FCE02D1CD77C, cid=5416, seq=null, RW, Message:010162024097a0000000...(size=12), entry=(t:1, i:75), STATEMACHINELOGENTRY, WRITE: logData.size=12, stateMachineData.size=0, logEntryProtoSerializedSize=0
2024-10-16 23:57:20,430 DEBUG server.RaftServer$Division (RaftServerImpl.java:logAppendEntries(1549)) - s2@group-FCE02D1CD77C: appendEntries* s14->s2#5418-t1,previous=(t:1, i:74),leaderCommit=73,initializing? false,entries: size=1, first=(t:1, i:75), STATEMACHINELOGENTRY, StateMachineLogEntryProto:5416@client-51B1F4A27495
2024-10-16 23:57:20,430 DEBUG server.RaftServer$Division (RaftServerImpl.java:logAppendEntries(1549)) - s3@group-FCE02D1CD77C: appendEntries* s14->s3#5417-t1,previous=(t:1, i:72),leaderCommit=73,initializing? false,entries: size=2, first=(t:1, i:73), STATEMACHINELOGENTRY, StateMachineLogEntryProto:5412@client-51B1F4A27495
2024-10-16 23:57:20,431 DEBUG server.RaftServer$Division (RaftServerImpl.java:logAppendEntries(1549)) - s2@group-FCE02D1CD77C: appendEntries* reply s14<-s2#5418:OK-t1,SUCCESS,nextIndex=76,followerCommit=73,matchIndex=75
2024-10-16 23:57:20,431 DEBUG server.RaftServer$Division (RaftServerImpl.java:logAppendEntries(1549)) - s3@group-FCE02D1CD77C: appendEntries* reply s14<-s3#5417:OK-t1,SUCCESS,nextIndex=75,followerCommit=73,matchIndex=74
2024-10-16 23:57:20,431 INFO  statemachine.StateMachine (ArithmeticStateMachine.java:applyTransaction(181)) - LEADER:s14-75: b = 1512 = 1512
2024-10-16 23:57:20,431 DEBUG server.RaftServer$Division (RaftServerImpl.java:logAppendEntries(1549)) - s2@group-FCE02D1CD77C: appendEntries* s14->s2#5419-t1,previous=(t:1, i:75),leaderCommit=75,initializing? false,entries: size=1, first=(t:1, i:76), METADATAENTRY(c:75)
2024-10-16 23:57:20,431 DEBUG server.RaftServer$Division (RaftServerImpl.java:submitClientRequestAsync(920)) - s14@group-FCE02D1CD77C: receive client request(RaftClientRequest:client-51B1F4A27495->s14@group-FCE02D1CD77C, cid=5421, seq=null, RW, Message:01016304010300040201...(size=17))
2024-10-16 23:57:20,432 DEBUG server.RaftServer$Division (RaftServerImpl.java:logAppendEntries(1549)) - s3@group-FCE02D1CD77C: appendEntries* s14->s3#5420-t1,previous=(t:1, i:74),leaderCommit=75,initializing? false,entries: size=2, first=(t:1, i:75), STATEMACHINELOGENTRY, StateMachineLogEntryProto:5416@client-51B1F4A27495
2024-10-16 23:57:20,432 DEBUG server.RaftServer$Division (LeaderStateImpl.java:addPendingRequest(529)) - s14@group-FCE02D1CD77C-LeaderStateImpl: addPendingRequest at RaftClientRequest:client-51B1F4A27495->s14@group-FCE02D1CD77C, cid=5421, seq=null, RW, Message:01016304010300040201...(size=17), entry=(t:1, i:77), STATEMACHINELOGENTRY, WRITE: logData.size=17, stateMachineData.size=0, logEntryProtoSerializedSize=0
2024-10-16 23:57:20,432 DEBUG server.RaftServer$Division (RaftServerImpl.java:logAppendEntries(1549)) - s2@group-FCE02D1CD77C: appendEntries* reply s14<-s2#5419:OK-t1,SUCCESS,nextIndex=77,followerCommit=75,matchIndex=76
2024-10-16 23:57:20,432 DEBUG server.RaftServer$Division (RaftServerImpl.java:logAppendEntries(1549)) - s3@group-FCE02D1CD77C: appendEntries* reply s14<-s3#5420:OK-t1,SUCCESS,nextIndex=77,followerCommit=75,matchIndex=76
2024-10-16 23:57:20,432 DEBUG server.RaftServer$Division (RaftServerImpl.java:logAppendEntries(1549)) - s2@group-FCE02D1CD77C: appendEntries* s14->s2#5422-t1,previous=(t:1, i:76),leaderCommit=76,initializing? false,entries: size=1, first=(t:1, i:77), STATEMACHINELOGENTRY, StateMachineLogEntryProto:5421@client-51B1F4A27495
2024-10-16 23:57:20,433 DEBUG server.RaftServer$Division (RaftServerImpl.java:logAppendEntries(1549)) - s2@group-FCE02D1CD77C: appendEntries* reply s14<-s2#5422:OK-t1,SUCCESS,nextIndex=78,followerCommit=76,matchIndex=77
2024-10-16 23:57:20,433 DEBUG server.RaftServer$Division (RaftServerImpl.java:logAppendEntries(1549)) - s3@group-FCE02D1CD77C: appendEntries* s14->s3#5423-t1,previous=(t:1, i:76),leaderCommit=76,initializing? false,entries: size=1, first=(t:1, i:77), STATEMACHINELOGENTRY, StateMachineLogEntryProto:5421@client-51B1F4A27495
2024-10-16 23:57:20,433 INFO  statemachine.StateMachine (ArithmeticStateMachine.java:applyTransaction(181)) - LEADER:s14-77: c = √(a^2 + b^2) = 1513
2024-10-16 23:57:20,434 DEBUG server.RaftServer$Division (RaftServerImpl.java:logAppendEntries(1549)) - s2@group-FCE02D1CD77C: appendEntries* s14->s2#5424-t1,previous=(t:1, i:77),leaderCommit=77,initializing? false,entries: size=1, first=(t:1, i:78), METADATAENTRY(c:77)
2024-10-16 23:57:20,434 DEBUG server.RaftServer$Division (RaftServerImpl.java:submitClientRequestAsync(920)) - s14@group-FCE02D1CD77C: receive client request(RaftClientRequest:client-51B1F4A27495->s14@group-FCE02D1CD77C, cid=5425, seq=null, RW, Message:01016100)
2024-10-16 23:57:20,434 DEBUG server.RaftServer$Division (LeaderStateImpl.java:addPendingRequest(529)) - s14@group-FCE02D1CD77C-LeaderStateImpl: addPendingRequest at RaftClientRequest:client-51B1F4A27495->s14@group-FCE02D1CD77C, cid=5425, seq=null, RW, Message:01016100, entry=(t:1, i:79), STATEMACHINELOGENTRY, WRITE: logData.size=4, stateMachineData.size=0, logEntryProtoSerializedSize=0
2024-10-16 23:57:20,434 DEBUG server.RaftServer$Division (RaftServerImpl.java:logAppendEntries(1549)) - s2@group-FCE02D1CD77C: appendEntries* reply s14<-s2#5424:OK-t1,SUCCESS,nextIndex=79,followerCommit=77,matchIndex=78
2024-10-16 23:57:20,435 DEBUG server.RaftServer$Division (RaftServerImpl.java:logAppendEntries(1549)) - s3@group-FCE02D1CD77C: appendEntries* reply s14<-s3#5423:OK-t1,SUCCESS,nextIndex=78,followerCommit=76,matchIndex=77
2024-10-16 23:57:20,435 DEBUG server.RaftServer$Division (RaftServerImpl.java:logAppendEntries(1549)) - s2@group-FCE02D1CD77C: appendEntries* s14->s2#5426-t1,previous=(t:1, i:78),leaderCommit=77,initializing? false,entries: size=1, first=(t:1, i:79), STATEMACHINELOGENTRY, StateMachineLogEntryProto:5425@client-51B1F4A27495
2024-10-16 23:57:20,435 DEBUG server.RaftServer$Division (RaftServerImpl.java:logAppendEntries(1549)) - s3@group-FCE02D1CD77C: appendEntries* s14->s3#5427-t1,previous=(t:1, i:77),leaderCommit=78,initializing? false,entries: size=2, first=(t:1, i:78), METADATAENTRY(c:77)
2024-10-16 23:57:20,435 DEBUG server.RaftServer$Division (RaftServerImpl.java:logAppendEntries(1549)) - s2@group-FCE02D1CD77C: appendEntries* reply s14<-s2#5426:OK-t1,SUCCESS,nextIndex=80,followerCommit=77,matchIndex=79
2024-10-16 23:57:20,436 INFO  statemachine.StateMachine (ArithmeticStateMachine.java:applyTransaction(181)) - LEADER:s14-79: a = null = null
2024-10-16 23:57:20,436 DEBUG server.RaftServer$Division (RaftServerImpl.java:logAppendEntries(1549)) - s2@group-FCE02D1CD77C: appendEntries* s14->s2#5428-t1,previous=(t:1, i:79),leaderCommit=79,initializing? false,entries: size=1, first=(t:1, i:80), METADATAENTRY(c:79)
2024-10-16 23:57:20,436 DEBUG server.RaftServer$Division (RaftServerImpl.java:submitClientRequestAsync(920)) - s14@group-FCE02D1CD77C: receive client request(RaftClientRequest:client-51B1F4A27495->s14@group-FCE02D1CD77C, cid=5429, seq=null, RW, Message:01016200)
2024-10-16 23:57:20,436 DEBUG server.RaftServer$Division (RaftServerImpl.java:logAppendEntries(1549)) - s2@group-FCE02D1CD77C: appendEntries* reply s14<-s2#5428:OK-t1,SUCCESS,nextIndex=81,followerCommit=79,matchIndex=80
2024-10-16 23:57:20,436 DEBUG server.RaftServer$Division (RaftServerImpl.java:logAppendEntries(1549)) - s3@group-FCE02D1CD77C: appendEntries* reply s14<-s3#5427:OK-t1,SUCCESS,nextIndex=80,followerCommit=78,matchIndex=79
2024-10-16 23:57:20,437 DEBUG server.RaftServer$Division (LeaderStateImpl.java:addPendingRequest(529)) - s14@group-FCE02D1CD77C-LeaderStateImpl: addPendingRequest at RaftClientRequest:client-51B1F4A27495->s14@group-FCE02D1CD77C, cid=5429, seq=null, RW, Message:01016200, entry=(t:1, i:81), STATEMACHINELOGENTRY, WRITE: logData.size=4, stateMachineData.size=0, logEntryProtoSerializedSize=0
2024-10-16 23:57:20,437 DEBUG server.RaftServer$Division (RaftServerImpl.java:logAppendEntries(1549)) - s3@group-FCE02D1CD77C: appendEntries* s14->s3#5430-t1,previous=(t:1, i:79),leaderCommit=79,initializing? false,entries: size=2, first=(t:1, i:80), METADATAENTRY(c:79)
2024-10-16 23:57:20,437 DEBUG server.RaftServer$Division (RaftServerImpl.java:logAppendEntries(1549)) - s2@group-FCE02D1CD77C: appendEntries* s14->s2#5431-t1,previous=(t:1, i:80),leaderCommit=80,initializing? false,entries: size=1, first=(t:1, i:81), STATEMACHINELOGENTRY, StateMachineLogEntryProto:5429@client-51B1F4A27495
2024-10-16 23:57:20,438 DEBUG server.RaftServer$Division (RaftServerImpl.java:logAppendEntries(1549)) - s3@group-FCE02D1CD77C: appendEntries* reply s14<-s3#5430:OK-t1,SUCCESS,nextIndex=82,followerCommit=79,matchIndex=81
2024-10-16 23:57:20,438 DEBUG server.RaftServer$Division (RaftServerImpl.java:logAppendEntries(1549)) - s2@group-FCE02D1CD77C: appendEntries* reply s14<-s2#5431:OK-t1,SUCCESS,nextIndex=82,followerCommit=80,matchIndex=81
2024-10-16 23:57:20,438 INFO  statemachine.StateMachine (ArithmeticStateMachine.java:applyTransaction(181)) - LEADER:s14-81: b = null = null
2024-10-16 23:57:20,438 DEBUG server.RaftServer$Division (RaftServerImpl.java:submitClientRequestAsync(920)) - s14@group-FCE02D1CD77C: receive client request(RaftClientRequest:client-51B1F4A27495->s14@group-FCE02D1CD77C, cid=5434, seq=null, RW, Message:01016300)
2024-10-16 23:57:20,438 DEBUG server.RaftServer$Division (RaftServerImpl.java:logAppendEntries(1549)) - s2@group-FCE02D1CD77C: appendEntries* s14->s2#5433-t1,previous=(t:1, i:81),leaderCommit=81,initializing? false,entries: size=1, first=(t:1, i:82), METADATAENTRY(c:81)
2024-10-16 23:57:20,439 DEBUG server.RaftServer$Division (LeaderStateImpl.java:addPendingRequest(529)) - s14@group-FCE02D1CD77C-LeaderStateImpl: addPendingRequest at RaftClientRequest:client-51B1F4A27495->s14@group-FCE02D1CD77C, cid=5434, seq=null, RW, Message:01016300, entry=(t:1, i:83), STATEMACHINELOGENTRY, WRITE: logData.size=4, stateMachineData.size=0, logEntryProtoSerializedSize=0
2024-10-16 23:57:20,439 DEBUG server.RaftServer$Division (RaftServerImpl.java:logAppendEntries(1549)) - s2@group-FCE02D1CD77C: appendEntries* reply s14<-s2#5433:OK-t1,SUCCESS,nextIndex=83,followerCommit=81,matchIndex=82
2024-10-16 23:57:20,439 DEBUG server.RaftServer$Division (RaftServerImpl.java:logAppendEntries(1549)) - s3@group-FCE02D1CD77C: appendEntries* s14->s3#5432-t1,previous=(t:1, i:81),leaderCommit=81,initializing? false,entries: size=1, first=(t:1, i:82), METADATAENTRY(c:81)
2024-10-16 23:57:20,439 DEBUG server.RaftServer$Division (RaftServerImpl.java:logAppendEntries(1549)) - s2@group-FCE02D1CD77C: appendEntries* s14->s2#5435-t1,previous=(t:1, i:82),leaderCommit=81,initializing? false,entries: size=1, first=(t:1, i:83), STATEMACHINELOGENTRY, StateMachineLogEntryProto:5434@client-51B1F4A27495
2024-10-16 23:57:20,440 DEBUG server.RaftServer$Division (RaftServerImpl.java:logAppendEntries(1549)) - s3@group-FCE02D1CD77C: appendEntries* reply s14<-s3#5432:OK-t1,SUCCESS,nextIndex=83,followerCommit=81,matchIndex=82
2024-10-16 23:57:20,440 DEBUG server.RaftServer$Division (RaftServerImpl.java:logAppendEntries(1549)) - s2@group-FCE02D1CD77C: appendEntries* reply s14<-s2#5435:OK-t1,SUCCESS,nextIndex=84,followerCommit=81,matchIndex=83
2024-10-16 23:57:20,440 INFO  statemachine.StateMachine (ArithmeticStateMachine.java:applyTransaction(181)) - LEADER:s14-83: c = null = null
2024-10-16 23:57:20,440 DEBUG server.RaftServer$Division (RaftServerImpl.java:logAppendEntries(1549)) - s2@group-FCE02D1CD77C: appendEntries* s14->s2#5437-t1,previous=(t:1, i:83),leaderCommit=83,initializing? false,entries: size=1, first=(t:1, i:84), METADATAENTRY(c:83)
2024-10-16 23:57:20,441 DEBUG server.RaftServer$Division (RaftServerImpl.java:logAppendEntries(1549)) - s3@group-FCE02D1CD77C: appendEntries* s14->s3#5436-t1,previous=(t:1, i:82),leaderCommit=83,initializing? false,entries: size=2, first=(t:1, i:83), STATEMACHINELOGENTRY, StateMachineLogEntryProto:5434@client-51B1F4A27495
2024-10-16 23:57:20,441 DEBUG server.RaftServer$Division (RaftServerImpl.java:submitClientRequestAsync(920)) - s14@group-FCE02D1CD77C: receive client request(RaftClientRequest:client-51B1F4A27495->s14@group-FCE02D1CD77C, cid=5438, seq=null, RW, Message:01016102404c80000000...(size=12))
2024-10-16 23:57:20,441 DEBUG server.RaftServer$Division (LeaderStateImpl.java:addPendingRequest(529)) - s14@group-FCE02D1CD77C-LeaderStateImpl: addPendingRequest at RaftClientRequest:client-51B1F4A27495->s14@group-FCE02D1CD77C, cid=5438, seq=null, RW, Message:01016102404c80000000...(size=12), entry=(t:1, i:85), STATEMACHINELOGENTRY, WRITE: logData.size=12, stateMachineData.size=0, logEntryProtoSerializedSize=0
2024-10-16 23:57:20,441 DEBUG server.RaftServer$Division (RaftServerImpl.java:logAppendEntries(1549)) - s2@group-FCE02D1CD77C: appendEntries* reply s14<-s2#5437:OK-t1,SUCCESS,nextIndex=85,followerCommit=83,matchIndex=84
2024-10-16 23:57:20,441 DEBUG server.RaftServer$Division (RaftServerImpl.java:logAppendEntries(1549)) - s3@group-FCE02D1CD77C: appendEntries* reply s14<-s3#5436:OK-t1,SUCCESS,nextIndex=85,followerCommit=83,matchIndex=84
2024-10-16 23:57:20,442 DEBUG server.RaftServer$Division (RaftServerImpl.java:logAppendEntries(1549)) - s3@group-FCE02D1CD77C: appendEntries* s14->s3#5440-t1,previous=(t:1, i:84),leaderCommit=83,initializing? false,entries: size=1, first=(t:1, i:85), STATEMACHINELOGENTRY, StateMachineLogEntryProto:5438@client-51B1F4A27495
2024-10-16 23:57:20,442 DEBUG server.RaftServer$Division (RaftServerImpl.java:logAppendEntries(1549)) - s2@group-FCE02D1CD77C: appendEntries* s14->s2#5439-t1,previous=(t:1, i:84),leaderCommit=83,initializing? false,entries: size=1, first=(t:1, i:85), STATEMACHINELOGENTRY, StateMachineLogEntryProto:5438@client-51B1F4A27495
2024-10-16 23:57:20,442 DEBUG server.RaftServer$Division (RaftServerImpl.java:logAppendEntries(1549)) - s3@group-FCE02D1CD77C: appendEntries* reply s14<-s3#5440:OK-t1,SUCCESS,nextIndex=86,followerCommit=83,matchIndex=85
2024-10-16 23:57:20,442 DEBUG server.RaftServer$Division (RaftServerImpl.java:logAppendEntries(1549)) - s2@group-FCE02D1CD77C: appendEntries* reply s14<-s2#5439:OK-t1,SUCCESS,nextIndex=86,followerCommit=83,matchIndex=85
2024-10-16 23:57:20,443 INFO  statemachine.StateMachine (ArithmeticStateMachine.java:applyTransaction(181)) - LEADER:s14-85: a = 57 = 57
2024-10-16 23:57:20,443 DEBUG server.RaftServer$Division (RaftServerImpl.java:logAppendEntries(1549)) - s3@group-FCE02D1CD77C: appendEntries* s14->s3#5441-t1,previous=(t:1, i:85),leaderCommit=85,initializing? false,entries: size=1, first=(t:1, i:86), METADATAENTRY(c:85)
2024-10-16 23:57:20,443 DEBUG server.RaftServer$Division (RaftServerImpl.java:logAppendEntries(1549)) - s2@group-FCE02D1CD77C: appendEntries* s14->s2#5442-t1,previous=(t:1, i:85),leaderCommit=85,initializing? false,entries: size=1, first=(t:1, i:86), METADATAENTRY(c:85)
2024-10-16 23:57:20,443 DEBUG server.RaftServer$Division (RaftServerImpl.java:logAppendEntries(1549)) - s3@group-FCE02D1CD77C: appendEntries* reply s14<-s3#5441:OK-t1,SUCCESS,nextIndex=87,followerCommit=85,matchIndex=86
2024-10-16 23:57:20,444 DEBUG server.RaftServer$Division (RaftServerImpl.java:logAppendEntries(1549)) - s2@group-FCE02D1CD77C: appendEntries* reply s14<-s2#5442:OK-t1,SUCCESS,nextIndex=87,followerCommit=85,matchIndex=86
2024-10-16 23:57:20,444 DEBUG server.RaftServer$Division (RaftServerImpl.java:submitClientRequestAsync(920)) - s14@group-FCE02D1CD77C: receive client request(RaftClientRequest:client-51B1F4A27495->s14@group-FCE02D1CD77C, cid=5443, seq=null, RW, Message:01016202409960000000...(size=12))
2024-10-16 23:57:20,444 DEBUG server.RaftServer$Division (LeaderStateImpl.java:addPendingRequest(529)) - s14@group-FCE02D1CD77C-LeaderStateImpl: addPendingRequest at RaftClientRequest:client-51B1F4A27495->s14@group-FCE02D1CD77C, cid=5443, seq=null, RW, Message:01016202409960000000...(size=12), entry=(t:1, i:87), STATEMACHINELOGENTRY, WRITE: logData.size=12, stateMachineData.size=0, logEntryProtoSerializedSize=0
2024-10-16 23:57:20,445 DEBUG server.RaftServer$Division (RaftServerImpl.java:logAppendEntries(1549)) - s2@group-FCE02D1CD77C: appendEntries* s14->s2#5444-t1,previous=(t:1, i:86),leaderCommit=86,initializing? false,entries: size=1, first=(t:1, i:87), STATEMACHINELOGENTRY, StateMachineLogEntryProto:5443@client-51B1F4A27495
2024-10-16 23:57:20,445 DEBUG server.RaftServer$Division (RaftServerImpl.java:logAppendEntries(1549)) - s3@group-FCE02D1CD77C: appendEntries* s14->s3#5445-t1,previous=(t:1, i:86),leaderCommit=86,initializing? false,entries: size=1, first=(t:1, i:87), STATEMACHINELOGENTRY, StateMachineLogEntryProto:5443@client-51B1F4A27495
2024-10-16 23:57:20,445 DEBUG server.RaftServer$Division (RaftServerImpl.java:logAppendEntries(1549)) - s2@group-FCE02D1CD77C: appendEntries* reply s14<-s2#5444:OK-t1,SUCCESS,nextIndex=88,followerCommit=86,matchIndex=87
2024-10-16 23:57:20,445 DEBUG server.RaftServer$Division (RaftServerImpl.java:logAppendEntries(1549)) - s3@group-FCE02D1CD77C: appendEntries* reply s14<-s3#5445:OK-t1,SUCCESS,nextIndex=88,followerCommit=86,matchIndex=87
2024-10-16 23:57:20,445 INFO  statemachine.StateMachine (ArithmeticStateMachine.java:applyTransaction(181)) - LEADER:s14-87: b = 1624 = 1624
2024-10-16 23:57:20,446 DEBUG server.RaftServer$Division (RaftServerImpl.java:logAppendEntries(1549)) - s2@group-FCE02D1CD77C: appendEntries* s14->s2#5447-t1,previous=(t:1, i:87),leaderCommit=87,initializing? false,entries: size=1, first=(t:1, i:88), METADATAENTRY(c:87)
2024-10-16 23:57:20,446 DEBUG server.RaftServer$Division (RaftServerImpl.java:logAppendEntries(1549)) - s3@group-FCE02D1CD77C: appendEntries* s14->s3#5446-t1,previous=(t:1, i:87),leaderCommit=87,initializing? false,entries: size=1, first=(t:1, i:88), METADATAENTRY(c:87)
2024-10-16 23:57:20,446 DEBUG server.RaftServer$Division (RaftServerImpl.java:logAppendEntries(1549)) - s2@group-FCE02D1CD77C: appendEntries* reply s14<-s2#5447:OK-t1,SUCCESS,nextIndex=89,followerCommit=87,matchIndex=88
2024-10-16 23:57:20,446 DEBUG server.RaftServer$Division (RaftServerImpl.java:submitClientRequestAsync(920)) - s14@group-FCE02D1CD77C: receive client request(RaftClientRequest:client-51B1F4A27495->s14@group-FCE02D1CD77C, cid=5448, seq=null, RW, Message:01016304010300040201...(size=17))
2024-10-16 23:57:20,447 DEBUG server.RaftServer$Division (LeaderStateImpl.java:addPendingRequest(529)) - s14@group-FCE02D1CD77C-LeaderStateImpl: addPendingRequest at RaftClientRequest:client-51B1F4A27495->s14@group-FCE02D1CD77C, cid=5448, seq=null, RW, Message:01016304010300040201...(size=17), entry=(t:1, i:89), STATEMACHINELOGENTRY, WRITE: logData.size=17, stateMachineData.size=0, logEntryProtoSerializedSize=0
2024-10-16 23:57:20,447 DEBUG server.RaftServer$Division (RaftServerImpl.java:logAppendEntries(1549)) - s3@group-FCE02D1CD77C: appendEntries* reply s14<-s3#5446:OK-t1,SUCCESS,nextIndex=89,followerCommit=87,matchIndex=88
2024-10-16 23:57:20,447 DEBUG server.RaftServer$Division (RaftServerImpl.java:logAppendEntries(1549)) - s2@group-FCE02D1CD77C: appendEntries* s14->s2#5449-t1,previous=(t:1, i:88),leaderCommit=88,initializing? false,entries: size=1, first=(t:1, i:89), STATEMACHINELOGENTRY, StateMachineLogEntryProto:5448@client-51B1F4A27495
2024-10-16 23:57:20,447 DEBUG server.RaftServer$Division (RaftServerImpl.java:logAppendEntries(1549)) - s3@group-FCE02D1CD77C: appendEntries* s14->s3#5450-t1,previous=(t:1, i:88),leaderCommit=88,initializing? false,entries: size=1, first=(t:1, i:89), STATEMACHINELOGENTRY, StateMachineLogEntryProto:5448@client-51B1F4A27495
2024-10-16 23:57:20,448 DEBUG server.RaftServer$Division (RaftServerImpl.java:logAppendEntries(1549)) - s2@group-FCE02D1CD77C: appendEntries* reply s14<-s2#5449:OK-t1,SUCCESS,nextIndex=90,followerCommit=88,matchIndex=89
2024-10-16 23:57:20,448 INFO  statemachine.StateMachine (ArithmeticStateMachine.java:applyTransaction(181)) - LEADER:s14-89: c = √(a^2 + b^2) = 1625
2024-10-16 23:57:20,448 DEBUG server.RaftServer$Division (RaftServerImpl.java:logAppendEntries(1549)) - s3@group-FCE02D1CD77C: appendEntries* reply s14<-s3#5450:OK-t1,SUCCESS,nextIndex=90,followerCommit=88,matchIndex=89
2024-10-16 23:57:20,448 DEBUG server.RaftServer$Division (RaftServerImpl.java:logAppendEntries(1549)) - s2@group-FCE02D1CD77C: appendEntries* s14->s2#5451-t1,previous=(t:1, i:89),leaderCommit=89,initializing? false,entries: size=1, first=(t:1, i:90), METADATAENTRY(c:89)
2024-10-16 23:57:20,449 DEBUG server.RaftServer$Division (RaftServerImpl.java:logAppendEntries(1549)) - s2@group-FCE02D1CD77C: appendEntries* reply s14<-s2#5451:OK-t1,SUCCESS,nextIndex=91,followerCommit=89,matchIndex=90
2024-10-16 23:57:20,449 DEBUG server.RaftServer$Division (RaftServerImpl.java:submitClientRequestAsync(920)) - s14@group-FCE02D1CD77C: receive client request(RaftClientRequest:client-51B1F4A27495->s14@group-FCE02D1CD77C, cid=5453, seq=null, RW, Message:01016100)
2024-10-16 23:57:20,449 DEBUG server.RaftServer$Division (RaftServerImpl.java:logAppendEntries(1549)) - s3@group-FCE02D1CD77C: appendEntries* s14->s3#5452-t1,previous=(t:1, i:89),leaderCommit=89,initializing? false,entries: size=1, first=(t:1, i:90), METADATAENTRY(c:89)
2024-10-16 23:57:20,449 DEBUG server.RaftServer$Division (LeaderStateImpl.java:addPendingRequest(529)) - s14@group-FCE02D1CD77C-LeaderStateImpl: addPendingRequest at RaftClientRequest:client-51B1F4A27495->s14@group-FCE02D1CD77C, cid=5453, seq=null, RW, Message:01016100, entry=(t:1, i:91), STATEMACHINELOGENTRY, WRITE: logData.size=4, stateMachineData.size=0, logEntryProtoSerializedSize=0
2024-10-16 23:57:20,450 DEBUG server.RaftServer$Division (RaftServerImpl.java:logAppendEntries(1549)) - s3@group-FCE02D1CD77C: appendEntries* reply s14<-s3#5452:OK-t1,SUCCESS,nextIndex=91,followerCommit=89,matchIndex=90
2024-10-16 23:57:20,450 DEBUG server.RaftServer$Division (RaftServerImpl.java:logAppendEntries(1549)) - s2@group-FCE02D1CD77C: appendEntries* s14->s2#5454-t1,previous=(t:1, i:90),leaderCommit=90,initializing? false,entries: size=1, first=(t:1, i:91), STATEMACHINELOGENTRY, StateMachineLogEntryProto:5453@client-51B1F4A27495
2024-10-16 23:57:20,450 DEBUG server.RaftServer$Division (RaftServerImpl.java:logAppendEntries(1549)) - s2@group-FCE02D1CD77C: appendEntries* reply s14<-s2#5454:OK-t1,SUCCESS,nextIndex=92,followerCommit=90,matchIndex=91
2024-10-16 23:57:20,450 DEBUG server.RaftServer$Division (RaftServerImpl.java:logAppendEntries(1549)) - s3@group-FCE02D1CD77C: appendEntries* s14->s3#5455-t1,previous=(t:1, i:90),leaderCommit=90,initializing? false,entries: size=1, first=(t:1, i:91), STATEMACHINELOGENTRY, StateMachineLogEntryProto:5453@client-51B1F4A27495
2024-10-16 23:57:20,450 INFO  statemachine.StateMachine (ArithmeticStateMachine.java:applyTransaction(181)) - LEADER:s14-91: a = null = null
2024-10-16 23:57:20,451 DEBUG server.RaftServer$Division (RaftServerImpl.java:logAppendEntries(1549)) - s2@group-FCE02D1CD77C: appendEntries* s14->s2#5456-t1,previous=(t:1, i:91),leaderCommit=91,initializing? false,entries: size=1, first=(t:1, i:92), METADATAENTRY(c:91)
2024-10-16 23:57:20,451 DEBUG server.RaftServer$Division (RaftServerImpl.java:logAppendEntries(1549)) - s3@group-FCE02D1CD77C: appendEntries* reply s14<-s3#5455:OK-t1,SUCCESS,nextIndex=92,followerCommit=90,matchIndex=91
2024-10-16 23:57:20,451 DEBUG server.RaftServer$Division (RaftServerImpl.java:logAppendEntries(1549)) - s2@group-FCE02D1CD77C: appendEntries* reply s14<-s2#5456:OK-t1,SUCCESS,nextIndex=93,followerCommit=91,matchIndex=92
2024-10-16 23:57:20,451 DEBUG server.RaftServer$Division (RaftServerImpl.java:submitClientRequestAsync(920)) - s14@group-FCE02D1CD77C: receive client request(RaftClientRequest:client-51B1F4A27495->s14@group-FCE02D1CD77C, cid=5457, seq=null, RW, Message:01016200)
2024-10-16 23:57:20,452 DEBUG server.RaftServer$Division (LeaderStateImpl.java:addPendingRequest(529)) - s14@group-FCE02D1CD77C-LeaderStateImpl: addPendingRequest at RaftClientRequest:client-51B1F4A27495->s14@group-FCE02D1CD77C, cid=5457, seq=null, RW, Message:01016200, entry=(t:1, i:93), STATEMACHINELOGENTRY, WRITE: logData.size=4, stateMachineData.size=0, logEntryProtoSerializedSize=0
2024-10-16 23:57:20,452 DEBUG server.RaftServer$Division (RaftServerImpl.java:logAppendEntries(1549)) - s3@group-FCE02D1CD77C: appendEntries* s14->s3#5458-t1,previous=(t:1, i:91),leaderCommit=92,initializing? false,entries: size=1, first=(t:1, i:92), METADATAENTRY(c:91)
2024-10-16 23:57:20,452 DEBUG server.RaftServer$Division (RaftServerImpl.java:logAppendEntries(1549)) - s2@group-FCE02D1CD77C: appendEntries* s14->s2#5459-t1,previous=(t:1, i:92),leaderCommit=92,initializing? false,entries: size=1, first=(t:1, i:93), STATEMACHINELOGENTRY, StateMachineLogEntryProto:5457@client-51B1F4A27495
2024-10-16 23:57:20,452 DEBUG server.RaftServer$Division (RaftServerImpl.java:logAppendEntries(1549)) - s3@group-FCE02D1CD77C: appendEntries* reply s14<-s3#5458:OK-t1,SUCCESS,nextIndex=93,followerCommit=92,matchIndex=92
2024-10-16 23:57:20,452 DEBUG server.RaftServer$Division (RaftServerImpl.java:logAppendEntries(1549)) - s2@group-FCE02D1CD77C: appendEntries* reply s14<-s2#5459:OK-t1,SUCCESS,nextIndex=94,followerCommit=92,matchIndex=93
2024-10-16 23:57:20,453 INFO  statemachine.StateMachine (ArithmeticStateMachine.java:applyTransaction(181)) - LEADER:s14-93: b = null = null
2024-10-16 23:57:20,453 DEBUG server.RaftServer$Division (RaftServerImpl.java:logAppendEntries(1549)) - s3@group-FCE02D1CD77C: appendEntries* s14->s3#5460-t1,previous=(t:1, i:92),leaderCommit=92,initializing? false,entries: size=1, first=(t:1, i:93), STATEMACHINELOGENTRY, StateMachineLogEntryProto:5457@client-51B1F4A27495
2024-10-16 23:57:20,454 DEBUG server.RaftServer$Division (RaftServerImpl.java:logAppendEntries(1549)) - s2@group-FCE02D1CD77C: appendEntries* s14->s2#5461-t1,previous=(t:1, i:93),leaderCommit=93,initializing? false,entries: size=1, first=(t:1, i:94), METADATAENTRY(c:93)
2024-10-16 23:57:20,454 DEBUG server.RaftServer$Division (RaftServerImpl.java:submitClientRequestAsync(920)) - s14@group-FCE02D1CD77C: receive client request(RaftClientRequest:client-51B1F4A27495->s14@group-FCE02D1CD77C, cid=5462, seq=null, RW, Message:01016300)
2024-10-16 23:57:20,454 DEBUG server.RaftServer$Division (RaftServerImpl.java:logAppendEntries(1549)) - s2@group-FCE02D1CD77C: appendEntries* reply s14<-s2#5461:OK-t1,SUCCESS,nextIndex=95,followerCommit=93,matchIndex=94
2024-10-16 23:57:20,454 DEBUG server.RaftServer$Division (LeaderStateImpl.java:addPendingRequest(529)) - s14@group-FCE02D1CD77C-LeaderStateImpl: addPendingRequest at RaftClientRequest:client-51B1F4A27495->s14@group-FCE02D1CD77C, cid=5462, seq=null, RW, Message:01016300, entry=(t:1, i:95), STATEMACHINELOGENTRY, WRITE: logData.size=4, stateMachineData.size=0, logEntryProtoSerializedSize=0
2024-10-16 23:57:20,454 DEBUG server.RaftServer$Division (RaftServerImpl.java:logAppendEntries(1549)) - s3@group-FCE02D1CD77C: appendEntries* reply s14<-s3#5460:OK-t1,SUCCESS,nextIndex=94,followerCommit=92,matchIndex=93
2024-10-16 23:57:20,455 DEBUG server.RaftServer$Division (RaftServerImpl.java:logAppendEntries(1549)) - s2@group-FCE02D1CD77C: appendEntries* s14->s2#5463-t1,previous=(t:1, i:94),leaderCommit=93,initializing? false,entries: size=1, first=(t:1, i:95), STATEMACHINELOGENTRY, StateMachineLogEntryProto:5462@client-51B1F4A27495
2024-10-16 23:57:20,455 DEBUG server.RaftServer$Division (RaftServerImpl.java:logAppendEntries(1549)) - s3@group-FCE02D1CD77C: appendEntries* s14->s3#5464-t1,previous=(t:1, i:93),leaderCommit=93,initializing? false,entries: size=2, first=(t:1, i:94), METADATAENTRY(c:93)
2024-10-16 23:57:20,455 DEBUG server.RaftServer$Division (RaftServerImpl.java:logAppendEntries(1549)) - s2@group-FCE02D1CD77C: appendEntries* reply s14<-s2#5463:OK-t1,SUCCESS,nextIndex=96,followerCommit=93,matchIndex=95
2024-10-16 23:57:20,455 INFO  statemachine.StateMachine (ArithmeticStateMachine.java:applyTransaction(181)) - LEADER:s14-95: c = null = null
2024-10-16 23:57:20,455 DEBUG server.RaftServer$Division (RaftServerImpl.java:logAppendEntries(1549)) - s3@group-FCE02D1CD77C: appendEntries* reply s14<-s3#5464:OK-t1,SUCCESS,nextIndex=96,followerCommit=93,matchIndex=95
2024-10-16 23:57:20,456 DEBUG server.RaftServer$Division (RaftServerImpl.java:submitClientRequestAsync(920)) - s14@group-FCE02D1CD77C: receive client request(RaftClientRequest:client-51B1F4A27495->s14@group-FCE02D1CD77C, cid=5466, seq=null, RW, Message:01016102404d80000000...(size=12))
2024-10-16 23:57:20,456 DEBUG server.RaftServer$Division (RaftServerImpl.java:logAppendEntries(1549)) - s2@group-FCE02D1CD77C: appendEntries* s14->s2#5465-t1,previous=(t:1, i:95),leaderCommit=95,initializing? false,entries: size=1, first=(t:1, i:96), METADATAENTRY(c:95)
2024-10-16 23:57:20,456 DEBUG server.RaftServer$Division (RaftServerImpl.java:logAppendEntries(1549)) - s3@group-FCE02D1CD77C: appendEntries* s14->s3#5467-t1,previous=(t:1, i:95),leaderCommit=95,initializing? false,entries: size=1, first=(t:1, i:96), METADATAENTRY(c:95)
2024-10-16 23:57:20,456 DEBUG server.RaftServer$Division (LeaderStateImpl.java:addPendingRequest(529)) - s14@group-FCE02D1CD77C-LeaderStateImpl: addPendingRequest at RaftClientRequest:client-51B1F4A27495->s14@group-FCE02D1CD77C, cid=5466, seq=null, RW, Message:01016102404d80000000...(size=12), entry=(t:1, i:97), STATEMACHINELOGENTRY, WRITE: logData.size=12, stateMachineData.size=0, logEntryProtoSerializedSize=0
2024-10-16 23:57:20,456 DEBUG server.RaftServer$Division (RaftServerImpl.java:logAppendEntries(1549)) - s2@group-FCE02D1CD77C: appendEntries* reply s14<-s2#5465:OK-t1,SUCCESS,nextIndex=97,followerCommit=95,matchIndex=96
2024-10-16 23:57:20,457 DEBUG server.RaftServer$Division (RaftServerImpl.java:logAppendEntries(1549)) - s3@group-FCE02D1CD77C: appendEntries* reply s14<-s3#5467:OK-t1,SUCCESS,nextIndex=97,followerCommit=95,matchIndex=96
2024-10-16 23:57:20,457 DEBUG server.RaftServer$Division (RaftServerImpl.java:logAppendEntries(1549)) - s2@group-FCE02D1CD77C: appendEntries* s14->s2#5468-t1,previous=(t:1, i:96),leaderCommit=95,initializing? false,entries: size=1, first=(t:1, i:97), STATEMACHINELOGENTRY, StateMachineLogEntryProto:5466@client-51B1F4A27495
2024-10-16 23:57:20,457 DEBUG server.RaftServer$Division (RaftServerImpl.java:logAppendEntries(1549)) - s3@group-FCE02D1CD77C: appendEntries* s14->s3#5469-t1,previous=(t:1, i:96),leaderCommit=96,initializing? false,entries: size=1, first=(t:1, i:97), STATEMACHINELOGENTRY, StateMachineLogEntryProto:5466@client-51B1F4A27495
2024-10-16 23:57:20,457 DEBUG server.RaftServer$Division (RaftServerImpl.java:logAppendEntries(1549)) - s2@group-FCE02D1CD77C: appendEntries* reply s14<-s2#5468:OK-t1,SUCCESS,nextIndex=98,followerCommit=95,matchIndex=97
2024-10-16 23:57:20,458 INFO  statemachine.StateMachine (ArithmeticStateMachine.java:applyTransaction(181)) - LEADER:s14-97: a = 59 = 59
2024-10-16 23:57:20,458 DEBUG server.RaftServer$Division (RaftServerImpl.java:logAppendEntries(1549)) - s3@group-FCE02D1CD77C: appendEntries* reply s14<-s3#5469:OK-t1,SUCCESS,nextIndex=98,followerCommit=96,matchIndex=97
2024-10-16 23:57:20,458 DEBUG server.RaftServer$Division (RaftServerImpl.java:submitClientRequestAsync(920)) - s14@group-FCE02D1CD77C: receive client request(RaftClientRequest:client-51B1F4A27495->s14@group-FCE02D1CD77C, cid=5471, seq=null, RW, Message:01016202409b30000000...(size=12))
2024-10-16 23:57:20,458 DEBUG server.RaftServer$Division (RaftServerImpl.java:logAppendEntries(1549)) - s2@group-FCE02D1CD77C: appendEntries* s14->s2#5470-t1,previous=(t:1, i:97),leaderCommit=97,initializing? false,entries: size=1, first=(t:1, i:98), METADATAENTRY(c:97)
2024-10-16 23:57:20,459 DEBUG server.RaftServer$Division (RaftServerImpl.java:logAppendEntries(1549)) - s3@group-FCE02D1CD77C: appendEntries* s14->s3#5472-t1,previous=(t:1, i:97),leaderCommit=97,initializing? false,entries: size=1, first=(t:1, i:98), METADATAENTRY(c:97)
2024-10-16 23:57:20,458 DEBUG server.RaftServer$Division (LeaderStateImpl.java:addPendingRequest(529)) - s14@group-FCE02D1CD77C-LeaderStateImpl: addPendingRequest at RaftClientRequest:client-51B1F4A27495->s14@group-FCE02D1CD77C, cid=5471, seq=null, RW, Message:01016202409b30000000...(size=12), entry=(t:1, i:99), STATEMACHINELOGENTRY, WRITE: logData.size=12, stateMachineData.size=0, logEntryProtoSerializedSize=0
2024-10-16 23:57:20,459 DEBUG server.RaftServer$Division (RaftServerImpl.java:logAppendEntries(1549)) - s2@group-FCE02D1CD77C: appendEntries* reply s14<-s2#5470:OK-t1,SUCCESS,nextIndex=99,followerCommit=97,matchIndex=98
2024-10-16 23:57:20,459 DEBUG server.RaftServer$Division (RaftServerImpl.java:logAppendEntries(1549)) - s3@group-FCE02D1CD77C: appendEntries* reply s14<-s3#5472:OK-t1,SUCCESS,nextIndex=99,followerCommit=97,matchIndex=98
2024-10-16 23:57:20,459 DEBUG server.RaftServer$Division (RaftServerImpl.java:logAppendEntries(1549)) - s3@group-FCE02D1CD77C: appendEntries* s14->s3#5473-t1,previous=(t:1, i:98),leaderCommit=98,initializing? false,entries: size=1, first=(t:1, i:99), STATEMACHINELOGENTRY, StateMachineLogEntryProto:5471@client-51B1F4A27495
2024-10-16 23:57:20,459 DEBUG server.RaftServer$Division (RaftServerImpl.java:logAppendEntries(1549)) - s2@group-FCE02D1CD77C: appendEntries* s14->s2#5474-t1,previous=(t:1, i:98),leaderCommit=98,initializing? false,entries: size=1, first=(t:1, i:99), STATEMACHINELOGENTRY, StateMachineLogEntryProto:5471@client-51B1F4A27495
2024-10-16 23:57:20,460 DEBUG server.RaftServer$Division (RaftServerImpl.java:logAppendEntries(1549)) - s3@group-FCE02D1CD77C: appendEntries* reply s14<-s3#5473:OK-t1,SUCCESS,nextIndex=100,followerCommit=98,matchIndex=99
2024-10-16 23:57:20,460 DEBUG server.RaftServer$Division (RaftServerImpl.java:logAppendEntries(1549)) - s2@group-FCE02D1CD77C: appendEntries* reply s14<-s2#5474:OK-t1,SUCCESS,nextIndex=100,followerCommit=98,matchIndex=99
2024-10-16 23:57:20,460 INFO  statemachine.StateMachine (ArithmeticStateMachine.java:applyTransaction(181)) - LEADER:s14-99: b = 1740 = 1740
2024-10-16 23:57:20,460 DEBUG server.RaftServer$Division (RaftServerImpl.java:logAppendEntries(1549)) - s3@group-FCE02D1CD77C: appendEntries* s14->s3#5475-t1,previous=(t:1, i:99),leaderCommit=99,initializing? false,entries: size=1, first=(t:1, i:100), METADATAENTRY(c:99)
2024-10-16 23:57:20,461 DEBUG server.RaftServer$Division (RaftServerImpl.java:logAppendEntries(1549)) - s2@group-FCE02D1CD77C: appendEntries* s14->s2#5476-t1,previous=(t:1, i:99),leaderCommit=99,initializing? false,entries: size=1, first=(t:1, i:100), METADATAENTRY(c:99)
2024-10-16 23:57:20,461 DEBUG server.RaftServer$Division (RaftServerImpl.java:logAppendEntries(1549)) - s3@group-FCE02D1CD77C: appendEntries* reply s14<-s3#5475:OK-t1,SUCCESS,nextIndex=101,followerCommit=99,matchIndex=100
2024-10-16 23:57:20,461 DEBUG server.RaftServer$Division (RaftServerImpl.java:submitClientRequestAsync(920)) - s14@group-FCE02D1CD77C: receive client request(RaftClientRequest:client-51B1F4A27495->s14@group-FCE02D1CD77C, cid=5477, seq=null, RW, Message:01016304010300040201...(size=17))
2024-10-16 23:57:20,461 DEBUG server.RaftServer$Division (LeaderStateImpl.java:addPendingRequest(529)) - s14@group-FCE02D1CD77C-LeaderStateImpl: addPendingRequest at RaftClientRequest:client-51B1F4A27495->s14@group-FCE02D1CD77C, cid=5477, seq=null, RW, Message:01016304010300040201...(size=17), entry=(t:1, i:101), STATEMACHINELOGENTRY, WRITE: logData.size=17, stateMachineData.size=0, logEntryProtoSerializedSize=0
2024-10-16 23:57:20,462 DEBUG server.RaftServer$Division (RaftServerImpl.java:logAppendEntries(1549)) - s2@group-FCE02D1CD77C: appendEntries* reply s14<-s2#5476:OK-t1,SUCCESS,nextIndex=101,followerCommit=99,matchIndex=100
2024-10-16 23:57:20,462 DEBUG server.RaftServer$Division (RaftServerImpl.java:logAppendEntries(1549)) - s3@group-FCE02D1CD77C: appendEntries* s14->s3#5478-t1,previous=(t:1, i:100),leaderCommit=99,initializing? false,entries: size=1, first=(t:1, i:101), STATEMACHINELOGENTRY, StateMachineLogEntryProto:5477@client-51B1F4A27495
2024-10-16 23:57:20,462 DEBUG server.RaftServer$Division (RaftServerImpl.java:logAppendEntries(1549)) - s2@group-FCE02D1CD77C: appendEntries* s14->s2#5479-t1,previous=(t:1, i:100),leaderCommit=100,initializing? false,entries: size=1, first=(t:1, i:101), STATEMACHINELOGENTRY, StateMachineLogEntryProto:5477@client-51B1F4A27495
2024-10-16 23:57:20,462 DEBUG server.RaftServer$Division (RaftServerImpl.java:logAppendEntries(1549)) - s3@group-FCE02D1CD77C: appendEntries* reply s14<-s3#5478:OK-t1,SUCCESS,nextIndex=102,followerCommit=99,matchIndex=101
2024-10-16 23:57:20,463 DEBUG server.RaftServer$Division (RaftServerImpl.java:logAppendEntries(1549)) - s2@group-FCE02D1CD77C: appendEntries* reply s14<-s2#5479:OK-t1,SUCCESS,nextIndex=102,followerCommit=100,matchIndex=101
2024-10-16 23:57:20,463 INFO  statemachine.StateMachine (ArithmeticStateMachine.java:applyTransaction(181)) - LEADER:s14-101: c = √(a^2 + b^2) = 1741
2024-10-16 23:57:20,463 DEBUG server.RaftServer$Division (RaftServerImpl.java:logAppendEntries(1549)) - s2@group-FCE02D1CD77C: appendEntries* s14->s2#5480-t1,previous=(t:1, i:101),leaderCommit=101,initializing? false,entries: size=1, first=(t:1, i:102), METADATAENTRY(c:101)
2024-10-16 23:57:20,464 DEBUG server.RaftServer$Division (RaftServerImpl.java:submitClientRequestAsync(920)) - s14@group-FCE02D1CD77C: receive client request(RaftClientRequest:client-51B1F4A27495->s14@group-FCE02D1CD77C, cid=5481, seq=null, RW, Message:01016100)
2024-10-16 23:57:20,464 DEBUG server.RaftServer$Division (RaftServerImpl.java:logAppendEntries(1549)) - s2@group-FCE02D1CD77C: appendEntries* reply s14<-s2#5480:OK-t1,SUCCESS,nextIndex=103,followerCommit=101,matchIndex=102
2024-10-16 23:57:20,464 DEBUG server.RaftServer$Division (LeaderStateImpl.java:addPendingRequest(529)) - s14@group-FCE02D1CD77C-LeaderStateImpl: addPendingRequest at RaftClientRequest:client-51B1F4A27495->s14@group-FCE02D1CD77C, cid=5481, seq=null, RW, Message:01016100, entry=(t:1, i:103), STATEMACHINELOGENTRY, WRITE: logData.size=4, stateMachineData.size=0, logEntryProtoSerializedSize=0
2024-10-16 23:57:20,464 DEBUG server.RaftServer$Division (RaftServerImpl.java:logAppendEntries(1549)) - s3@group-FCE02D1CD77C: appendEntries* s14->s3#5482-t1,previous=(t:1, i:101),leaderCommit=101,initializing? false,entries: size=1, first=(t:1, i:102), METADATAENTRY(c:101)
2024-10-16 23:57:20,464 DEBUG server.RaftServer$Division (RaftServerImpl.java:logAppendEntries(1549)) - s2@group-FCE02D1CD77C: appendEntries* s14->s2#5483-t1,previous=(t:1, i:102),leaderCommit=101,initializing? false,entries: size=1, first=(t:1, i:103), STATEMACHINELOGENTRY, StateMachineLogEntryProto:5481@client-51B1F4A27495
2024-10-16 23:57:20,465 DEBUG server.RaftServer$Division (RaftServerImpl.java:logAppendEntries(1549)) - s3@group-FCE02D1CD77C: appendEntries* reply s14<-s3#5482:OK-t1,SUCCESS,nextIndex=103,followerCommit=101,matchIndex=102
2024-10-16 23:57:20,465 DEBUG server.RaftServer$Division (RaftServerImpl.java:logAppendEntries(1549)) - s2@group-FCE02D1CD77C: appendEntries* reply s14<-s2#5483:OK-t1,SUCCESS,nextIndex=104,followerCommit=101,matchIndex=103
2024-10-16 23:57:20,465 INFO  statemachine.StateMachine (ArithmeticStateMachine.java:applyTransaction(181)) - LEADER:s14-103: a = null = null
2024-10-16 23:57:20,466 DEBUG server.RaftServer$Division (RaftServerImpl.java:logAppendEntries(1549)) - s3@group-FCE02D1CD77C: appendEntries* s14->s3#5486-t1,previous=(t:1, i:102),leaderCommit=103,initializing? false,entries: size=2, first=(t:1, i:103), STATEMACHINELOGENTRY, StateMachineLogEntryProto:5481@client-51B1F4A27495
2024-10-16 23:57:20,466 DEBUG server.RaftServer$Division (RaftServerImpl.java:submitClientRequestAsync(920)) - s14@group-FCE02D1CD77C: receive client request(RaftClientRequest:client-51B1F4A27495->s14@group-FCE02D1CD77C, cid=5485, seq=null, RW, Message:01016200)
2024-10-16 23:57:20,467 DEBUG server.RaftServer$Division (LeaderStateImpl.java:addPendingRequest(529)) - s14@group-FCE02D1CD77C-LeaderStateImpl: addPendingRequest at RaftClientRequest:client-51B1F4A27495->s14@group-FCE02D1CD77C, cid=5485, seq=null, RW, Message:01016200, entry=(t:1, i:105), STATEMACHINELOGENTRY, WRITE: logData.size=4, stateMachineData.size=0, logEntryProtoSerializedSize=0
2024-10-16 23:57:20,467 DEBUG server.RaftServer$Division (RaftServerImpl.java:logAppendEntries(1549)) - s3@group-FCE02D1CD77C: appendEntries* reply s14<-s3#5486:OK-t1,SUCCESS,nextIndex=105,followerCommit=103,matchIndex=104
2024-10-16 23:57:20,467 DEBUG server.RaftServer$Division (RaftServerImpl.java:logAppendEntries(1549)) - s2@group-FCE02D1CD77C: appendEntries* s14->s2#5484-t1,previous=(t:1, i:103),leaderCommit=103,initializing? false,entries: size=1, first=(t:1, i:104), METADATAENTRY(c:103)
2024-10-16 23:57:20,467 DEBUG server.RaftServer$Division (RaftServerImpl.java:logAppendEntries(1549)) - s2@group-FCE02D1CD77C: appendEntries* reply s14<-s2#5484:OK-t1,SUCCESS,nextIndex=105,followerCommit=103,matchIndex=104
2024-10-16 23:57:20,468 DEBUG server.RaftServer$Division (RaftServerImpl.java:logAppendEntries(1549)) - s3@group-FCE02D1CD77C: appendEntries* s14->s3#5487-t1,previous=(t:1, i:104),leaderCommit=103,initializing? false,entries: size=1, first=(t:1, i:105), STATEMACHINELOGENTRY, StateMachineLogEntryProto:5485@client-51B1F4A27495
2024-10-16 23:57:20,468 DEBUG server.RaftServer$Division (RaftServerImpl.java:logAppendEntries(1549)) - s2@group-FCE02D1CD77C: appendEntries* s14->s2#5488-t1,previous=(t:1, i:104),leaderCommit=104,initializing? false,entries: size=1, first=(t:1, i:105), STATEMACHINELOGENTRY, StateMachineLogEntryProto:5485@client-51B1F4A27495
2024-10-16 23:57:20,468 DEBUG server.RaftServer$Division (RaftServerImpl.java:logAppendEntries(1549)) - s3@group-FCE02D1CD77C: appendEntries* reply s14<-s3#5487:OK-t1,SUCCESS,nextIndex=106,followerCommit=103,matchIndex=105
2024-10-16 23:57:20,468 INFO  statemachine.StateMachine (ArithmeticStateMachine.java:applyTransaction(181)) - LEADER:s14-105: b = null = null
2024-10-16 23:57:20,469 DEBUG server.RaftServer$Division (RaftServerImpl.java:logAppendEntries(1549)) - s2@group-FCE02D1CD77C: appendEntries* reply s14<-s2#5488:OK-t1,SUCCESS,nextIndex=106,followerCommit=104,matchIndex=105
2024-10-16 23:57:20,469 DEBUG server.RaftServer$Division (RaftServerImpl.java:submitClientRequestAsync(920)) - s14@group-FCE02D1CD77C: receive client request(RaftClientRequest:client-51B1F4A27495->s14@group-FCE02D1CD77C, cid=5491, seq=null, RW, Message:01016300)
2024-10-16 23:57:20,469 DEBUG server.RaftServer$Division (RaftServerImpl.java:logAppendEntries(1549)) - s2@group-FCE02D1CD77C: appendEntries* s14->s2#5490-t1,previous=(t:1, i:105),leaderCommit=105,initializing? false,entries: size=1, first=(t:1, i:106), METADATAENTRY(c:105)
2024-10-16 23:57:20,469 DEBUG server.RaftServer$Division (RaftServerImpl.java:logAppendEntries(1549)) - s3@group-FCE02D1CD77C: appendEntries* s14->s3#5489-t1,previous=(t:1, i:105),leaderCommit=105,initializing? false,entries: size=1, first=(t:1, i:106), METADATAENTRY(c:105)
2024-10-16 23:57:20,469 DEBUG server.RaftServer$Division (LeaderStateImpl.java:addPendingRequest(529)) - s14@group-FCE02D1CD77C-LeaderStateImpl: addPendingRequest at RaftClientRequest:client-51B1F4A27495->s14@group-FCE02D1CD77C, cid=5491, seq=null, RW, Message:01016300, entry=(t:1, i:107), STATEMACHINELOGENTRY, WRITE: logData.size=4, stateMachineData.size=0, logEntryProtoSerializedSize=0
2024-10-16 23:57:20,470 DEBUG server.RaftServer$Division (RaftServerImpl.java:logAppendEntries(1549)) - s2@group-FCE02D1CD77C: appendEntries* reply s14<-s2#5490:OK-t1,SUCCESS,nextIndex=107,followerCommit=105,matchIndex=106
2024-10-16 23:57:20,470 DEBUG server.RaftServer$Division (RaftServerImpl.java:logAppendEntries(1549)) - s3@group-FCE02D1CD77C: appendEntries* reply s14<-s3#5489:OK-t1,SUCCESS,nextIndex=107,followerCommit=105,matchIndex=106
2024-10-16 23:57:20,470 DEBUG server.RaftServer$Division (RaftServerImpl.java:logAppendEntries(1549)) - s3@group-FCE02D1CD77C: appendEntries* s14->s3#5492-t1,previous=(t:1, i:106),leaderCommit=105,initializing? false,entries: size=1, first=(t:1, i:107), STATEMACHINELOGENTRY, StateMachineLogEntryProto:5491@client-51B1F4A27495
2024-10-16 23:57:20,470 DEBUG server.RaftServer$Division (RaftServerImpl.java:logAppendEntries(1549)) - s2@group-FCE02D1CD77C: appendEntries* s14->s2#5493-t1,previous=(t:1, i:106),leaderCommit=105,initializing? false,entries: size=1, first=(t:1, i:107), STATEMACHINELOGENTRY, StateMachineLogEntryProto:5491@client-51B1F4A27495
2024-10-16 23:57:20,471 DEBUG server.RaftServer$Division (RaftServerImpl.java:logAppendEntries(1549)) - s3@group-FCE02D1CD77C: appendEntries* reply s14<-s3#5492:OK-t1,SUCCESS,nextIndex=108,followerCommit=105,matchIndex=107
2024-10-16 23:57:20,471 DEBUG server.RaftServer$Division (RaftServerImpl.java:logAppendEntries(1549)) - s2@group-FCE02D1CD77C: appendEntries* reply s14<-s2#5493:OK-t1,SUCCESS,nextIndex=108,followerCommit=105,matchIndex=107
2024-10-16 23:57:20,471 INFO  statemachine.StateMachine (ArithmeticStateMachine.java:applyTransaction(181)) - LEADER:s14-107: c = null = null
2024-10-16 23:57:20,471 DEBUG server.RaftServer$Division (RaftServerImpl.java:submitClientRequestAsync(920)) - s14@group-FCE02D1CD77C: receive client request(RaftClientRequest:client-51B1F4A27495->s14@group-FCE02D1CD77C, cid=5496, seq=null, RW, Message:01016102404e80000000...(size=12))
2024-10-16 23:57:20,472 DEBUG server.RaftServer$Division (RaftServerImpl.java:logAppendEntries(1549)) - s2@group-FCE02D1CD77C: appendEntries* s14->s2#5495-t1,previous=(t:1, i:107),leaderCommit=107,initializing? false,entries: size=1, first=(t:1, i:108), METADATAENTRY(c:107)
2024-10-16 23:57:20,472 DEBUG server.RaftServer$Division (RaftServerImpl.java:logAppendEntries(1549)) - s3@group-FCE02D1CD77C: appendEntries* s14->s3#5494-t1,previous=(t:1, i:107),leaderCommit=107,initializing? false,entries: size=1, first=(t:1, i:108), METADATAENTRY(c:107)
2024-10-16 23:57:20,472 DEBUG server.RaftServer$Division (LeaderStateImpl.java:addPendingRequest(529)) - s14@group-FCE02D1CD77C-LeaderStateImpl: addPendingRequest at RaftClientRequest:client-51B1F4A27495->s14@group-FCE02D1CD77C, cid=5496, seq=null, RW, Message:01016102404e80000000...(size=12), entry=(t:1, i:109), STATEMACHINELOGENTRY, WRITE: logData.size=12, stateMachineData.size=0, logEntryProtoSerializedSize=0
2024-10-16 23:57:20,472 DEBUG server.RaftServer$Division (RaftServerImpl.java:logAppendEntries(1549)) - s2@group-FCE02D1CD77C: appendEntries* reply s14<-s2#5495:OK-t1,SUCCESS,nextIndex=109,followerCommit=107,matchIndex=108
2024-10-16 23:57:20,472 DEBUG server.RaftServer$Division (RaftServerImpl.java:logAppendEntries(1549)) - s3@group-FCE02D1CD77C: appendEntries* reply s14<-s3#5494:OK-t1,SUCCESS,nextIndex=109,followerCommit=107,matchIndex=108
2024-10-16 23:57:20,473 DEBUG server.RaftServer$Division (RaftServerImpl.java:logAppendEntries(1549)) - s3@group-FCE02D1CD77C: appendEntries* s14->s3#5497-t1,previous=(t:1, i:108),leaderCommit=108,initializing? false,entries: size=1, first=(t:1, i:109), STATEMACHINELOGENTRY, StateMachineLogEntryProto:5496@client-51B1F4A27495
2024-10-16 23:57:20,473 DEBUG server.RaftServer$Division (RaftServerImpl.java:logAppendEntries(1549)) - s2@group-FCE02D1CD77C: appendEntries* s14->s2#5498-t1,previous=(t:1, i:108),leaderCommit=108,initializing? false,entries: size=1, first=(t:1, i:109), STATEMACHINELOGENTRY, StateMachineLogEntryProto:5496@client-51B1F4A27495
2024-10-16 23:57:20,473 DEBUG server.RaftServer$Division (RaftServerImpl.java:logAppendEntries(1549)) - s3@group-FCE02D1CD77C: appendEntries* reply s14<-s3#5497:OK-t1,SUCCESS,nextIndex=110,followerCommit=108,matchIndex=109
2024-10-16 23:57:20,473 DEBUG server.RaftServer$Division (RaftServerImpl.java:logAppendEntries(1549)) - s2@group-FCE02D1CD77C: appendEntries* reply s14<-s2#5498:OK-t1,SUCCESS,nextIndex=110,followerCommit=108,matchIndex=109
2024-10-16 23:57:20,474 INFO  statemachine.StateMachine (ArithmeticStateMachine.java:applyTransaction(181)) - LEADER:s14-109: a = 61 = 61
2024-10-16 23:57:20,474 DEBUG server.RaftServer$Division (RaftServerImpl.java:submitClientRequestAsync(920)) - s14@group-FCE02D1CD77C: receive client request(RaftClientRequest:client-51B1F4A27495->s14@group-FCE02D1CD77C, cid=5502, seq=null, RW, Message:01016202409d10000000...(size=12))
2024-10-16 23:57:20,475 DEBUG server.RaftServer$Division (RaftServerImpl.java:logAppendEntries(1549)) - s2@group-FCE02D1CD77C: appendEntries* s14->s2#5500-t1,previous=(t:1, i:109),leaderCommit=109,initializing? false,entries: size=1, first=(t:1, i:110), METADATAENTRY(c:109)
2024-10-16 23:57:20,475 DEBUG server.RaftServer$Division (RaftServerImpl.java:logAppendEntries(1549)) - s3@group-FCE02D1CD77C: appendEntries* s14->s3#5499-t1,previous=(t:1, i:109),leaderCommit=109,initializing? false,entries: size=1, first=(t:1, i:110), METADATAENTRY(c:109)
2024-10-16 23:57:20,475 DEBUG server.RaftServer$Division (LeaderStateImpl.java:addPendingRequest(529)) - s14@group-FCE02D1CD77C-LeaderStateImpl: addPendingRequest at RaftClientRequest:client-51B1F4A27495->s14@group-FCE02D1CD77C, cid=5502, seq=null, RW, Message:01016202409d10000000...(size=12), entry=(t:1, i:111), STATEMACHINELOGENTRY, WRITE: logData.size=12, stateMachineData.size=0, logEntryProtoSerializedSize=0
2024-10-16 23:57:20,475 DEBUG server.RaftServer$Division (RaftServerImpl.java:logAppendEntries(1549)) - s2@group-FCE02D1CD77C: appendEntries* reply s14<-s2#5500:OK-t1,SUCCESS,nextIndex=111,followerCommit=109,matchIndex=110
2024-10-16 23:57:20,476 DEBUG server.RaftServer$Division (RaftServerImpl.java:logAppendEntries(1549)) - s2@group-FCE02D1CD77C: appendEntries* s14->s2#5504-t1,previous=(t:1, i:110),leaderCommit=109,initializing? false,entries: size=1, first=(t:1, i:111), STATEMACHINELOGENTRY, StateMachineLogEntryProto:5502@client-51B1F4A27495
2024-10-16 23:57:20,476 DEBUG server.RaftServer$Division (RaftServerImpl.java:logAppendEntries(1549)) - s2@group-FCE02D1CD77C: appendEntries* reply s14<-s2#5504:OK-t1,SUCCESS,nextIndex=112,followerCommit=109,matchIndex=111
2024-10-16 23:57:20,476 INFO  statemachine.StateMachine (ArithmeticStateMachine.java:applyTransaction(181)) - LEADER:s14-111: b = 1860 = 1860
2024-10-16 23:57:20,477 DEBUG server.RaftServer$Division (RaftServerImpl.java:logAppendEntries(1549)) - s2@group-FCE02D1CD77C: appendEntries* s14->s2#5505-t1,previous=(t:1, i:111),leaderCommit=111,initializing? false,entries: size=1, first=(t:1, i:112), METADATAENTRY(c:111)
2024-10-16 23:57:20,477 DEBUG server.RaftServer$Division (RaftServerImpl.java:submitClientRequestAsync(920)) - s14@group-FCE02D1CD77C: receive client request(RaftClientRequest:client-51B1F4A27495->s14@group-FCE02D1CD77C, cid=5506, seq=null, RW, Message:01016304010300040201...(size=17))
2024-10-16 23:57:20,477 DEBUG server.RaftServer$Division (LeaderStateImpl.java:addPendingRequest(529)) - s14@group-FCE02D1CD77C-LeaderStateImpl: addPendingRequest at RaftClientRequest:client-51B1F4A27495->s14@group-FCE02D1CD77C, cid=5506, seq=null, RW, Message:01016304010300040201...(size=17), entry=(t:1, i:113), STATEMACHINELOGENTRY, WRITE: logData.size=17, stateMachineData.size=0, logEntryProtoSerializedSize=0
2024-10-16 23:57:20,477 DEBUG server.RaftServer$Division (RaftServerImpl.java:logAppendEntries(1549)) - s2@group-FCE02D1CD77C: appendEntries* reply s14<-s2#5505:OK-t1,SUCCESS,nextIndex=113,followerCommit=111,matchIndex=112
2024-10-16 23:57:20,478 DEBUG server.RaftServer$Division (RaftServerImpl.java:logAppendEntries(1549)) - s2@group-FCE02D1CD77C: appendEntries* s14->s2#5507-t1,previous=(t:1, i:112),leaderCommit=111,initializing? false,entries: size=1, first=(t:1, i:113), STATEMACHINELOGENTRY, StateMachineLogEntryProto:5506@client-51B1F4A27495
2024-10-16 23:57:20,479 DEBUG server.RaftServer$Division (RaftServerImpl.java:logAppendEntries(1549)) - s2@group-FCE02D1CD77C: appendEntries* reply s14<-s2#5507:OK-t1,SUCCESS,nextIndex=114,followerCommit=111,matchIndex=113
2024-10-16 23:57:20,479 INFO  statemachine.StateMachine (ArithmeticStateMachine.java:applyTransaction(181)) - LEADER:s14-113: c = √(a^2 + b^2) = 1861
2024-10-16 23:57:20,479 DEBUG server.RaftServer$Division (RaftServerImpl.java:logAppendEntries(1549)) - s2@group-FCE02D1CD77C: appendEntries* s14->s2#5508-t1,previous=(t:1, i:113),leaderCommit=113,initializing? false,entries: size=1, first=(t:1, i:114), METADATAENTRY(c:113)
2024-10-16 23:57:20,479 DEBUG server.RaftServer$Division (RaftServerImpl.java:submitClientRequestAsync(920)) - s14@group-FCE02D1CD77C: receive client request(RaftClientRequest:client-51B1F4A27495->s14@group-FCE02D1CD77C, cid=5509, seq=null, RW, Message:01016100)
2024-10-16 23:57:20,480 DEBUG server.RaftServer$Division (LeaderStateImpl.java:addPendingRequest(529)) - s14@group-FCE02D1CD77C-LeaderStateImpl: addPendingRequest at RaftClientRequest:client-51B1F4A27495->s14@group-FCE02D1CD77C, cid=5509, seq=null, RW, Message:01016100, entry=(t:1, i:115), STATEMACHINELOGENTRY, WRITE: logData.size=4, stateMachineData.size=0, logEntryProtoSerializedSize=0
2024-10-16 23:57:20,480 DEBUG server.RaftServer$Division (RaftServerImpl.java:logAppendEntries(1549)) - s2@group-FCE02D1CD77C: appendEntries* reply s14<-s2#5508:OK-t1,SUCCESS,nextIndex=115,followerCommit=113,matchIndex=114
2024-10-16 23:57:20,480 DEBUG server.RaftServer$Division (RaftServerImpl.java:logAppendEntries(1549)) - s2@group-FCE02D1CD77C: appendEntries* s14->s2#5510-t1,previous=(t:1, i:114),leaderCommit=113,initializing? false,entries: size=1, first=(t:1, i:115), STATEMACHINELOGENTRY, StateMachineLogEntryProto:5509@client-51B1F4A27495
2024-10-16 23:57:20,481 DEBUG server.RaftServer$Division (RaftServerImpl.java:logAppendEntries(1549)) - s2@group-FCE02D1CD77C: appendEntries* reply s14<-s2#5510:OK-t1,SUCCESS,nextIndex=116,followerCommit=113,matchIndex=115
2024-10-16 23:57:20,481 DEBUG server.RaftServer$Division (RaftServerImpl.java:logAppendEntries(1549)) - s3@group-FCE02D1CD77C: appendEntries* reply s14<-s3#5499:OK-t1,SUCCESS,nextIndex=111,followerCommit=109,matchIndex=110
2024-10-16 23:57:20,481 INFO  statemachine.StateMachine (ArithmeticStateMachine.java:applyTransaction(181)) - LEADER:s14-115: a = null = null
2024-10-16 23:57:20,482 DEBUG server.RaftServer$Division (RaftServerImpl.java:submitClientRequestAsync(920)) - s14@group-FCE02D1CD77C: receive client request(RaftClientRequest:client-51B1F4A27495->s14@group-FCE02D1CD77C, cid=5514, seq=null, RW, Message:01016200)
2024-10-16 23:57:20,482 DEBUG server.RaftServer$Division (LeaderStateImpl.java:addPendingRequest(529)) - s14@group-FCE02D1CD77C-LeaderStateImpl: addPendingRequest at RaftClientRequest:client-51B1F4A27495->s14@group-FCE02D1CD77C, cid=5514, seq=null, RW, Message:01016200, entry=(t:1, i:117), STATEMACHINELOGENTRY, WRITE: logData.size=4, stateMachineData.size=0, logEntryProtoSerializedSize=0
2024-10-16 23:57:20,482 DEBUG server.RaftServer$Division (RaftServerImpl.java:logAppendEntries(1549)) - s2@group-FCE02D1CD77C: appendEntries* s14->s2#5513-t1,previous=(t:1, i:115),leaderCommit=115,initializing? false,entries: size=1, first=(t:1, i:116), METADATAENTRY(c:115)
2024-10-16 23:57:20,483 DEBUG server.RaftServer$Division (RaftServerImpl.java:logAppendEntries(1549)) - s3@group-FCE02D1CD77C: appendEntries* s14->s3#5515-t1,previous=(t:1, i:110),leaderCommit=115,initializing? false,entries: size=7, first=(t:1, i:111), STATEMACHINELOGENTRY, StateMachineLogEntryProto:5502@client-51B1F4A27495
2024-10-16 23:57:20,483 DEBUG server.RaftServer$Division (RaftServerImpl.java:logAppendEntries(1549)) - s2@group-FCE02D1CD77C: appendEntries* reply s14<-s2#5513:OK-t1,SUCCESS,nextIndex=117,followerCommit=115,matchIndex=116
2024-10-16 23:57:20,484 DEBUG server.RaftServer$Division (RaftServerImpl.java:logAppendEntries(1549)) - s3@group-FCE02D1CD77C: appendEntries* reply s14<-s3#5515:OK-t1,SUCCESS,nextIndex=118,followerCommit=115,matchIndex=117
2024-10-16 23:57:20,484 INFO  statemachine.StateMachine (ArithmeticStateMachine.java:applyTransaction(181)) - LEADER:s14-117: b = null = null
2024-10-16 23:57:20,484 DEBUG server.RaftServer$Division (RaftServerImpl.java:submitClientRequestAsync(920)) - s14@group-FCE02D1CD77C: receive client request(RaftClientRequest:client-51B1F4A27495->s14@group-FCE02D1CD77C, cid=5517, seq=null, RW, Message:01016300)
2024-10-16 23:57:20,485 DEBUG server.RaftServer$Division (LeaderStateImpl.java:addPendingRequest(529)) - s14@group-FCE02D1CD77C-LeaderStateImpl: addPendingRequest at RaftClientRequest:client-51B1F4A27495->s14@group-FCE02D1CD77C, cid=5517, seq=null, RW, Message:01016300, entry=(t:1, i:119), STATEMACHINELOGENTRY, WRITE: logData.size=4, stateMachineData.size=0, logEntryProtoSerializedSize=0
2024-10-16 23:57:20,485 DEBUG server.RaftServer$Division (RaftServerImpl.java:logAppendEntries(1549)) - s3@group-FCE02D1CD77C: appendEntries* s14->s3#5516-t1,previous=(t:1, i:117),leaderCommit=117,initializing? false,entries: size=1, first=(t:1, i:118), METADATAENTRY(c:117)
2024-10-16 23:57:20,485 DEBUG server.RaftServer$Division (RaftServerImpl.java:logAppendEntries(1549)) - s3@group-FCE02D1CD77C: appendEntries* reply s14<-s3#5516:OK-t1,SUCCESS,nextIndex=119,followerCommit=117,matchIndex=118
2024-10-16 23:57:20,486 DEBUG server.RaftServer$Division (RaftServerImpl.java:logAppendEntries(1549)) - s3@group-FCE02D1CD77C: appendEntries* s14->s3#5518-t1,previous=(t:1, i:118),leaderCommit=118,initializing? false,entries: size=1, first=(t:1, i:119), STATEMACHINELOGENTRY, StateMachineLogEntryProto:5517@client-51B1F4A27495
2024-10-16 23:57:20,487 DEBUG server.RaftServer$Division (RaftServerImpl.java:logAppendEntries(1549)) - s3@group-FCE02D1CD77C: appendEntries* reply s14<-s3#5518:OK-t1,SUCCESS,nextIndex=120,followerCommit=118,matchIndex=119
2024-10-16 23:57:20,487 INFO  statemachine.StateMachine (ArithmeticStateMachine.java:applyTransaction(181)) - LEADER:s14-119: c = null = null
2024-10-16 23:57:20,488 DEBUG server.RaftServer$Division (RaftServerImpl.java:logAppendEntries(1549)) - s3@group-FCE02D1CD77C: appendEntries* s14->s3#5519-t1,previous=(t:1, i:119),leaderCommit=119,initializing? false,entries: size=1, first=(t:1, i:120), METADATAENTRY(c:119)
2024-10-16 23:57:20,488 DEBUG server.RaftServer$Division (RaftServerImpl.java:logAppendEntries(1549)) - s2@group-FCE02D1CD77C: appendEntries* s14->s2#5520-t1,previous=(t:1, i:116),leaderCommit=119,initializing? false,entries: size=4, first=(t:1, i:117), STATEMACHINELOGENTRY, StateMachineLogEntryProto:5514@client-51B1F4A27495
2024-10-16 23:57:20,488 DEBUG server.RaftServer$Division (RaftServerImpl.java:logAppendEntries(1549)) - s3@group-FCE02D1CD77C: appendEntries* reply s14<-s3#5519:OK-t1,SUCCESS,nextIndex=121,followerCommit=119,matchIndex=120
2024-10-16 23:57:20,488 DEBUG server.RaftServer$Division (RaftServerImpl.java:logAppendEntries(1549)) - s2@group-FCE02D1CD77C: appendEntries* reply s14<-s2#5520:OK-t1,SUCCESS,nextIndex=121,followerCommit=119,matchIndex=120
2024-10-16 23:57:20,493 INFO  impl.GroupManagementBaseTest (GroupManagementBaseTest.java:runMultiGroupTest(281)) - 3) starting group-676CD6864C30:[s4|0.0.0.0:15019, s5|0.0.0.0:15020, s6|0.0.0.0:15021]
2024-10-16 23:57:20,493 INFO  netty.NettyUtils (NettyUtils.java:newEventLoopGroup(74)) - Create EpollEventLoopGroup for client-E7050D577F5B; Thread size is 0.
2024-10-16 23:57:20,495 INFO  logging.LoggingHandler (AbstractInternalLogger.java:log(148)) - [id: 0xae2b77fe, L:/0.0.0.0:15019] READ: [id: 0x2b0752fc, L:/127.0.0.1:15019 - R:/127.0.0.1:60484]
2024-10-16 23:57:20,495 INFO  logging.LoggingHandler (AbstractInternalLogger.java:log(148)) - [id: 0xae2b77fe, L:/0.0.0.0:15019] READ COMPLETE
2024-10-16 23:57:20,497 INFO  server.RaftServer$Division (RaftServerImpl.java:<init>(257)) - s4: new RaftServerImpl for group-676CD6864C30:[s4|0.0.0.0:15019, s5|0.0.0.0:15020, s6|0.0.0.0:15021] with ArithmeticStateMachine:uninitialized
2024-10-16 23:57:20,497 INFO  server.RaftServerConfigKeys (ConfUtils.java:logGet(46)) - raft.server.rpc.timeout.min = 300ms (custom)
2024-10-16 23:57:20,497 INFO  server.RaftServerConfigKeys (ConfUtils.java:logGet(46)) - raft.server.rpc.timeout.max = 600ms (custom)
2024-10-16 23:57:20,497 INFO  server.RaftServerConfigKeys (ConfUtils.java:logGet(46)) - raft.server.rpc.sleep.time = 25ms (default)
2024-10-16 23:57:20,497 INFO  server.RaftServerConfigKeys (ConfUtils.java:logGet(46)) - raft.server.rpc.slowness.timeout = 60s (default)
2024-10-16 23:57:20,497 INFO  server.RaftServerConfigKeys (ConfUtils.java:logGet(46)) - raft.server.leaderelection.leader.step-down.wait-time = 10s (default)
2024-10-16 23:57:20,497 INFO  server.RaftServerConfigKeys (ConfUtils.java:logGet(46)) - raft.server.leaderelection.member.majority-add = false (default)
2024-10-16 23:57:20,497 INFO  server.RaftServerConfigKeys (ConfUtils.java:logGet(46)) - raft.server.sleep.deviation.threshold = 300ms (default)
2024-10-16 23:57:20,497 INFO  server.RaftServer$Division (ServerState.java:<init>(114)) - s4@group-676CD6864C30: ConfigurationManager, init=conf: {index: -1, cur=peers:[s4|0.0.0.0:15019, s5|0.0.0.0:15020, s6|0.0.0.0:15021]|listeners:[], old=null}, confs=<EMPTY_MAP>
2024-10-16 23:57:20,497 INFO  server.RaftServerConfigKeys (ConfUtils.java:logGet(46)) - raft.server.notification.no-leader.timeout = 60s (default)
2024-10-16 23:57:20,497 INFO  server.RaftServerConfigKeys (ConfUtils.java:logGet(46)) - raft.server.read.timeout = 10s (default)
2024-10-16 23:57:20,497 INFO  server.RaftServerConfigKeys (ConfUtils.java:logGet(46)) - raft.server.retrycache.expirytime = 60s (default)
2024-10-16 23:57:20,497 INFO  server.RaftServerConfigKeys (ConfUtils.java:logGet(46)) - raft.server.retrycache.statistics.expirytime = 100ms (default)
2024-10-16 23:57:20,497 INFO  server.RaftServerConfigKeys (ConfUtils.java:logGet(46)) - raft.server.read.option = DEFAULT (default)
2024-10-16 23:57:20,497 INFO  server.RaftServerConfigKeys (ConfUtils.java:logGet(46)) - raft.server.read.read-after-write-consistent.write-index-cache.expiry-time = 60s (default)
2024-10-16 23:57:20,498 INFO  server.RaftServerConfigKeys (ConfUtils.java:logGet(46)) - raft.server.rpc.request.timeout = 3000ms (default)
2024-10-16 23:57:20,498 INFO  server.RaftServerConfigKeys (ConfUtils.java:logGet(46)) - raft.server.log.appender.install.snapshot.enabled = true (default)
2024-10-16 23:57:20,498 INFO  server.RaftServerConfigKeys (ConfUtils.java:logGet(46)) - raft.server.threadpool.server.cached = true (default)
2024-10-16 23:57:20,498 INFO  server.RaftServerConfigKeys (ConfUtils.java:logGet(46)) - raft.server.threadpool.server.size = 0 (default)
2024-10-16 23:57:20,498 INFO  server.RaftServerConfigKeys (ConfUtils.java:logGet(46)) - raft.server.threadpool.client.cached = true (default)
2024-10-16 23:57:20,498 INFO  server.RaftServerConfigKeys (ConfUtils.java:logGet(46)) - raft.server.threadpool.client.size = 0 (default)
2024-10-16 23:57:20,498 INFO  server.RaftServer (RaftServerProxy.java:addNew(101)) - s4: addNew group-676CD6864C30:[s4|0.0.0.0:15019, s5|0.0.0.0:15020, s6|0.0.0.0:15021] returns      null s4@group-676CD6864C30:t0, leader=null, voted=null, raftlog=UNINITIALIZED, conf=conf: {index: -1, cur=peers:[s4|0.0.0.0:15019, s5|0.0.0.0:15020, s6|0.0.0.0:15021]|listeners:[], old=null} NEW
2024-10-16 23:57:20,498 INFO  server.RaftServerConfigKeys (ConfUtils.java:logGet(46)) - raft.server.storage.free-space.min = 0MB (=0) (default)
2024-10-16 23:57:20,498 INFO  server.RaftServerConfigKeys (ConfUtils.java:logGet(46)) - raft.server.log.corruption.policy = EXCEPTION (default)
2024-10-16 23:57:20,499 INFO  server.RaftServerConfigKeys (ConfUtils.java:logGet(46)) - raft.server.storage.dir = [/home/runner/work/ratis/ratis/ratis-examples/target/test/data/6cc99a4c/MiniRaftClusterWithNettyeee6e424/s4] (custom)
2024-10-16 23:57:20,499 INFO  storage.RaftStorageDirectory (RaftStorageDirectoryImpl.java:analyzeStorage(138)) - The storage directory /home/runner/work/ratis/ratis/ratis-examples/target/test/data/6cc99a4c/MiniRaftClusterWithNettyeee6e424/s4/4c4f035b-aa8d-4293-9e7b-676cd6864c30 does not exist. Creating ...
2024-10-16 23:57:20,499 TRACE util.FileUtils (LogUtils.java:runAndLog(49)) - Successfully ran Files.createDirectories /home/runner/work/ratis/ratis/ratis-examples/target/test/data/6cc99a4c/MiniRaftClusterWithNettyeee6e424/s4/4c4f035b-aa8d-4293-9e7b-676cd6864c30
2024-10-16 23:57:20,500 INFO  storage.RaftStorageDirectory (RaftStorageDirectoryImpl.java:tryLock(229)) - Lock on /home/runner/work/ratis/ratis/ratis-examples/target/test/data/6cc99a4c/MiniRaftClusterWithNettyeee6e424/s4/4c4f035b-aa8d-4293-9e7b-676cd6864c30/in_use.lock acquired by nodename 14984@fv-az1433-785
2024-10-16 23:57:20,500 TRACE util.FileUtils (LogUtils.java:runAndLog(49)) - Successfully ran Files.createDirectories /home/runner/work/ratis/ratis/ratis-examples/target/test/data/6cc99a4c/MiniRaftClusterWithNettyeee6e424/s4/4c4f035b-aa8d-4293-9e7b-676cd6864c30/current
2024-10-16 23:57:20,500 TRACE util.FileUtils (LogUtils.java:runAndLog(49)) - Successfully ran Files.createDirectories /home/runner/work/ratis/ratis/ratis-examples/target/test/data/6cc99a4c/MiniRaftClusterWithNettyeee6e424/s4/4c4f035b-aa8d-4293-9e7b-676cd6864c30/sm
2024-10-16 23:57:20,500 TRACE util.FileUtils (LogUtils.java:supplyAndLog(69)) - Successfully supplied FileChannel.open /home/runner/work/ratis/ratis/ratis-examples/target/test/data/6cc99a4c/MiniRaftClusterWithNettyeee6e424/s4/4c4f035b-aa8d-4293-9e7b-676cd6864c30/current/raft-meta.tmp with options [CREATE, WRITE]: sun.nio.ch.FileChannelImpl@24d4c00a
2024-10-16 23:57:20,503 TRACE util.FileUtils (LogUtils.java:runAndLog(49)) - Successfully ran Atomic Files.move /home/runner/work/ratis/ratis/ratis-examples/target/test/data/6cc99a4c/MiniRaftClusterWithNettyeee6e424/s4/4c4f035b-aa8d-4293-9e7b-676cd6864c30/current/raft-meta.tmp to /home/runner/work/ratis/ratis/ratis-examples/target/test/data/6cc99a4c/MiniRaftClusterWithNettyeee6e424/s4/4c4f035b-aa8d-4293-9e7b-676cd6864c30/current/raft-meta with options [REPLACE_EXISTING]
2024-10-16 23:57:20,503 INFO  storage.RaftStorage (RaftStorageImpl.java:format(98)) - Storage directory /home/runner/work/ratis/ratis/ratis-examples/target/test/data/6cc99a4c/MiniRaftClusterWithNettyeee6e424/s4/4c4f035b-aa8d-4293-9e7b-676cd6864c30 has been successfully formatted.
2024-10-16 23:57:20,503 WARN  statemachine.StateMachine (ArithmeticStateMachine.java:loadSnapshot(115)) - The snapshot info is null.
2024-10-16 23:57:20,504 INFO  server.RaftServerConfigKeys (ConfUtils.java:logGet(46)) - raft.server.log.use.memory = false (default)
2024-10-16 23:57:20,504 INFO  server.RaftServerConfigKeys (ConfUtils.java:logGet(46)) - raft.server.log.purge.gap = 1024 (default)
2024-10-16 23:57:20,504 INFO  server.RaftServerConfigKeys (ConfUtils.java:logGet(46)) - raft.server.log.appender.buffer.byte-limit = 4MB (=4194304) (default)
2024-10-16 23:57:20,504 INFO  server.RaftServerConfigKeys (ConfUtils.java:logGet(46)) - raft.server.log.statemachine.data.read.timeout = 1000ms (default)
2024-10-16 23:57:20,504 INFO  server.RaftServerConfigKeys (ConfUtils.java:logGet(46)) - raft.server.log.purge.preservation.log.num = 0 (default)
2024-10-16 23:57:20,504 INFO  server.RaftServerConfigKeys (ConfUtils.java:logGet(46)) - raft.server.log.segment.size.max = 32MB (=33554432) (default)
2024-10-16 23:57:20,504 INFO  server.RaftServerConfigKeys (ConfUtils.java:logGet(46)) - raft.server.log.segment.cache.num.max = 6 (default)
2024-10-16 23:57:20,504 INFO  server.RaftServerConfigKeys (ConfUtils.java:logGet(46)) - raft.server.log.segment.cache.size.max = 200MB (=209715200) (default)
2024-10-16 23:57:20,504 INFO  server.RaftServerConfigKeys (ConfUtils.java:logGet(46)) - raft.server.log.appender.buffer.byte-limit = 4MB (=4194304) (default)
2024-10-16 23:57:20,504 INFO  util.AwaitToRun (AwaitToRun.java:start(81)) - Thread[s4@group-676CD6864C30-cacheEviction-AwaitToRun,5,main] started
2024-10-16 23:57:20,504 INFO  segmented.SegmentedRaftLogWorker (SegmentedRaftLogWorker.java:<init>(188)) - new s4@group-676CD6864C30-SegmentedRaftLogWorker for RaftStorageImpl:Storage Directory /home/runner/work/ratis/ratis/ratis-examples/target/test/data/6cc99a4c/MiniRaftClusterWithNettyeee6e424/s4/4c4f035b-aa8d-4293-9e7b-676cd6864c30
2024-10-16 23:57:20,505 INFO  server.RaftServerConfigKeys (ConfUtils.java:logGet(46)) - raft.server.log.queue.byte-limit = 64MB (=67108864) (default)
2024-10-16 23:57:20,505 INFO  server.RaftServerConfigKeys (ConfUtils.java:logGet(46)) - raft.server.log.queue.element-limit = 4096 (default)
2024-10-16 23:57:20,505 INFO  server.RaftServerConfigKeys (ConfUtils.java:logGet(46)) - raft.server.log.segment.size.max = 32MB (=33554432) (default)
2024-10-16 23:57:20,505 INFO  server.RaftServerConfigKeys (ConfUtils.java:logGet(46)) - raft.server.log.preallocated.size = 4MB (=4194304) (default)
2024-10-16 23:57:20,505 INFO  server.RaftServerConfigKeys (ConfUtils.java:logGet(46)) - raft.server.log.force.sync.num = 128 (default)
2024-10-16 23:57:20,505 INFO  server.RaftServerConfigKeys (ConfUtils.java:logGet(46)) - raft.server.log.statemachine.data.sync = true (default)
2024-10-16 23:57:20,505 INFO  server.RaftServerConfigKeys (ConfUtils.java:logGet(46)) - raft.server.log.statemachine.data.sync.timeout = 10s (default)
2024-10-16 23:57:20,505 INFO  server.RaftServerConfigKeys (ConfUtils.java:logGet(46)) - raft.server.log.statemachine.data.sync.timeout.retry = -1 (default)
2024-10-16 23:57:20,505 INFO  server.RaftServerConfigKeys (ConfUtils.java:logGet(46)) - raft.server.log.write.buffer.size = 8MB (=8388608) (default)
2024-10-16 23:57:20,506 INFO  server.RaftServerConfigKeys (ConfUtils.java:logGet(46)) - raft.server.log.appender.buffer.byte-limit = 4MB (=4194304) (default)
2024-10-16 23:57:20,506 INFO  server.RaftServerConfigKeys (ConfUtils.java:logGet(46)) - raft.server.log.unsafe-flush.enabled = false (default)
2024-10-16 23:57:20,506 INFO  server.RaftServerConfigKeys (ConfUtils.java:logGet(46)) - raft.server.log.async-flush.enabled = false (default)
2024-10-16 23:57:20,506 INFO  server.RaftServerConfigKeys (ConfUtils.java:logGet(46)) - raft.server.log.statemachine.data.caching.enabled = false (default)
2024-10-16 23:57:20,506 INFO  segmented.SegmentedRaftLogWorker (SegmentedRaftLogWorker.java:lambda$new$0(139)) - s4@group-676CD6864C30-SegmentedRaftLogWorker: flushIndex: setUnconditionally 0 -> -1
2024-10-16 23:57:20,506 INFO  segmented.SegmentedRaftLogWorker (SegmentedRaftLogWorker.java:lambda$new$0(139)) - s4@group-676CD6864C30-SegmentedRaftLogWorker: safeCacheEvictIndex: setUnconditionally 0 -> -1
2024-10-16 23:57:20,506 INFO  server.RaftServer$Division (RaftServerImpl.java:start(393)) - s4@group-676CD6864C30: start as a follower, conf=conf: {index: -1, cur=peers:[s4|0.0.0.0:15019, s5|0.0.0.0:15020, s6|0.0.0.0:15021]|listeners:[], old=null}
2024-10-16 23:57:20,506 INFO  server.RaftServer$Division (RaftServerImpl.java:setRole(380)) - s4@group-676CD6864C30: changes role from      null to FOLLOWER at term 0 for startAsFollower
2024-10-16 23:57:20,506 INFO  impl.RoleInfo (RoleInfo.java:updateAndGet(148)) - s4: start s4@group-676CD6864C30-FollowerState
2024-10-16 23:57:20,507 INFO  util.JmxRegister (JmxRegister.java:tryRegister(44)) - Successfully registered JMX Bean with object name Ratis:service=RaftServer,group=group-676CD6864C30,id=s4
2024-10-16 23:57:20,507 INFO  util.JmxRegister (JmxRegister.java:register(58)) - register mxBean class org.apache.ratis.server.impl.RaftServerJmxAdapter as Ratis:service=RaftServer,group=group-676CD6864C30,id=s4
2024-10-16 23:57:20,507 INFO  server.RaftServerConfigKeys (ConfUtils.java:logGet(46)) - raft.server.snapshot.trigger-when-stop.enabled = true (default)
2024-10-16 23:57:20,507 INFO  server.RaftServerConfigKeys (ConfUtils.java:logGet(46)) - raft.server.snapshot.trigger-when-remove.enabled = true (default)
2024-10-16 23:57:20,507 INFO  server.RaftServerConfigKeys (ConfUtils.java:logGet(46)) - raft.server.snapshot.auto.trigger.enabled = false (default)
2024-10-16 23:57:20,507 INFO  server.RaftServerConfigKeys (ConfUtils.java:logGet(46)) - raft.server.snapshot.retention.file.num = -1 (default)
2024-10-16 23:57:20,507 INFO  server.RaftServerConfigKeys (ConfUtils.java:logGet(46)) - raft.server.log.purge.upto.snapshot.index = false (default)
2024-10-16 23:57:20,507 INFO  server.RaftServerConfigKeys (ConfUtils.java:logFallback(53)) - raft.server.rpc.first-election.timeout.min = 300ms (fallback to raft.server.rpc.timeout.min)
2024-10-16 23:57:20,507 INFO  server.RaftServerConfigKeys (ConfUtils.java:logFallback(53)) - raft.server.rpc.first-election.timeout.max = 600ms (fallback to raft.server.rpc.timeout.max)
2024-10-16 23:57:20,507 INFO  server.RaftServer$Division (RaftServerImpl.java:start(407)) - s4@group-676CD6864C30: Successfully started.
2024-10-16 23:57:20,521 INFO  netty.NettyUtils (NettyUtils.java:newEventLoopGroup(74)) - Create EpollEventLoopGroup for client-F2AE8918C1B6; Thread size is 0.
2024-10-16 23:57:20,523 INFO  logging.LoggingHandler (AbstractInternalLogger.java:log(148)) - [id: 0x07bad65c, L:/0.0.0.0:15020] READ: [id: 0x15a0f8ef, L:/127.0.0.1:15020 - R:/127.0.0.1:57024]
2024-10-16 23:57:20,525 INFO  logging.LoggingHandler (AbstractInternalLogger.java:log(148)) - [id: 0x07bad65c, L:/0.0.0.0:15020] READ COMPLETE
2024-10-16 23:57:20,526 INFO  server.RaftServer (RaftServerProxy.java:addNew(101)) - s5: addNew group-676CD6864C30:[s4|0.0.0.0:15019, s5|0.0.0.0:15020, s6|0.0.0.0:15021] returns group-676CD6864C30:java.util.concurrent.CompletableFuture@4a319936[Not completed]
2024-10-16 23:57:20,526 INFO  server.RaftServer$Division (RaftServerImpl.java:<init>(257)) - s5: new RaftServerImpl for group-676CD6864C30:[s4|0.0.0.0:15019, s5|0.0.0.0:15020, s6|0.0.0.0:15021] with ArithmeticStateMachine:uninitialized
2024-10-16 23:57:20,526 INFO  server.RaftServerConfigKeys (ConfUtils.java:logGet(46)) - raft.server.rpc.timeout.min = 300ms (custom)
2024-10-16 23:57:20,526 INFO  server.RaftServerConfigKeys (ConfUtils.java:logGet(46)) - raft.server.rpc.timeout.max = 600ms (custom)
2024-10-16 23:57:20,526 INFO  server.RaftServerConfigKeys (ConfUtils.java:logGet(46)) - raft.server.rpc.sleep.time = 25ms (default)
2024-10-16 23:57:20,526 INFO  server.RaftServerConfigKeys (ConfUtils.java:logGet(46)) - raft.server.rpc.slowness.timeout = 60s (default)
2024-10-16 23:57:20,526 INFO  server.RaftServerConfigKeys (ConfUtils.java:logGet(46)) - raft.server.leaderelection.leader.step-down.wait-time = 10s (default)
2024-10-16 23:57:20,526 INFO  server.RaftServerConfigKeys (ConfUtils.java:logGet(46)) - raft.server.leaderelection.member.majority-add = false (default)
2024-10-16 23:57:20,526 INFO  server.RaftServerConfigKeys (ConfUtils.java:logGet(46)) - raft.server.sleep.deviation.threshold = 300ms (default)
2024-10-16 23:57:20,526 INFO  server.RaftServer$Division (ServerState.java:<init>(114)) - s5@group-676CD6864C30: ConfigurationManager, init=conf: {index: -1, cur=peers:[s4|0.0.0.0:15019, s5|0.0.0.0:15020, s6|0.0.0.0:15021]|listeners:[], old=null}, confs=<EMPTY_MAP>
2024-10-16 23:57:20,526 INFO  server.RaftServerConfigKeys (ConfUtils.java:logGet(46)) - raft.server.notification.no-leader.timeout = 60s (default)
2024-10-16 23:57:20,526 INFO  server.RaftServerConfigKeys (ConfUtils.java:logGet(46)) - raft.server.read.timeout = 10s (default)
2024-10-16 23:57:20,526 INFO  server.RaftServerConfigKeys (ConfUtils.java:logGet(46)) - raft.server.retrycache.expirytime = 60s (default)
2024-10-16 23:57:20,527 INFO  server.RaftServerConfigKeys (ConfUtils.java:logGet(46)) - raft.server.retrycache.statistics.expirytime = 100ms (default)
2024-10-16 23:57:20,527 INFO  server.RaftServerConfigKeys (ConfUtils.java:logGet(46)) - raft.server.read.option = DEFAULT (default)
2024-10-16 23:57:20,527 INFO  server.RaftServerConfigKeys (ConfUtils.java:logGet(46)) - raft.server.read.read-after-write-consistent.write-index-cache.expiry-time = 60s (default)
2024-10-16 23:57:20,527 INFO  server.RaftServerConfigKeys (ConfUtils.java:logGet(46)) - raft.server.rpc.request.timeout = 3000ms (default)
2024-10-16 23:57:20,527 INFO  server.RaftServerConfigKeys (ConfUtils.java:logGet(46)) - raft.server.log.appender.install.snapshot.enabled = true (default)
2024-10-16 23:57:20,527 INFO  server.RaftServerConfigKeys (ConfUtils.java:logGet(46)) - raft.server.threadpool.server.cached = true (default)
2024-10-16 23:57:20,527 INFO  server.RaftServerConfigKeys (ConfUtils.java:logGet(46)) - raft.server.threadpool.server.size = 0 (default)
2024-10-16 23:57:20,527 INFO  server.RaftServerConfigKeys (ConfUtils.java:logGet(46)) - raft.server.threadpool.client.cached = true (default)
2024-10-16 23:57:20,527 INFO  server.RaftServerConfigKeys (ConfUtils.java:logGet(46)) - raft.server.threadpool.client.size = 0 (default)
2024-10-16 23:57:20,527 INFO  server.RaftServerConfigKeys (ConfUtils.java:logGet(46)) - raft.server.storage.free-space.min = 0MB (=0) (default)
2024-10-16 23:57:20,528 INFO  server.RaftServerConfigKeys (ConfUtils.java:logGet(46)) - raft.server.log.corruption.policy = EXCEPTION (default)
2024-10-16 23:57:20,528 INFO  server.RaftServerConfigKeys (ConfUtils.java:logGet(46)) - raft.server.storage.dir = [/home/runner/work/ratis/ratis/ratis-examples/target/test/data/6cc99a4c/MiniRaftClusterWithNettyeee6e424/s5] (custom)
2024-10-16 23:57:20,528 INFO  storage.RaftStorageDirectory (RaftStorageDirectoryImpl.java:analyzeStorage(138)) - The storage directory /home/runner/work/ratis/ratis/ratis-examples/target/test/data/6cc99a4c/MiniRaftClusterWithNettyeee6e424/s5/4c4f035b-aa8d-4293-9e7b-676cd6864c30 does not exist. Creating ...
2024-10-16 23:57:20,528 TRACE util.FileUtils (LogUtils.java:runAndLog(49)) - Successfully ran Files.createDirectories /home/runner/work/ratis/ratis/ratis-examples/target/test/data/6cc99a4c/MiniRaftClusterWithNettyeee6e424/s5/4c4f035b-aa8d-4293-9e7b-676cd6864c30
2024-10-16 23:57:20,529 INFO  storage.RaftStorageDirectory (RaftStorageDirectoryImpl.java:tryLock(229)) - Lock on /home/runner/work/ratis/ratis/ratis-examples/target/test/data/6cc99a4c/MiniRaftClusterWithNettyeee6e424/s5/4c4f035b-aa8d-4293-9e7b-676cd6864c30/in_use.lock acquired by nodename 14984@fv-az1433-785
2024-10-16 23:57:20,529 TRACE util.FileUtils (LogUtils.java:runAndLog(49)) - Successfully ran Files.createDirectories /home/runner/work/ratis/ratis/ratis-examples/target/test/data/6cc99a4c/MiniRaftClusterWithNettyeee6e424/s5/4c4f035b-aa8d-4293-9e7b-676cd6864c30/current
2024-10-16 23:57:20,529 TRACE util.FileUtils (LogUtils.java:runAndLog(49)) - Successfully ran Files.createDirectories /home/runner/work/ratis/ratis/ratis-examples/target/test/data/6cc99a4c/MiniRaftClusterWithNettyeee6e424/s5/4c4f035b-aa8d-4293-9e7b-676cd6864c30/sm
2024-10-16 23:57:20,529 TRACE util.FileUtils (LogUtils.java:supplyAndLog(69)) - Successfully supplied FileChannel.open /home/runner/work/ratis/ratis/ratis-examples/target/test/data/6cc99a4c/MiniRaftClusterWithNettyeee6e424/s5/4c4f035b-aa8d-4293-9e7b-676cd6864c30/current/raft-meta.tmp with options [CREATE, WRITE]: sun.nio.ch.FileChannelImpl@76277e6c
2024-10-16 23:57:20,531 TRACE util.FileUtils (LogUtils.java:runAndLog(49)) - Successfully ran Atomic Files.move /home/runner/work/ratis/ratis/ratis-examples/target/test/data/6cc99a4c/MiniRaftClusterWithNettyeee6e424/s5/4c4f035b-aa8d-4293-9e7b-676cd6864c30/current/raft-meta.tmp to /home/runner/work/ratis/ratis/ratis-examples/target/test/data/6cc99a4c/MiniRaftClusterWithNettyeee6e424/s5/4c4f035b-aa8d-4293-9e7b-676cd6864c30/current/raft-meta with options [REPLACE_EXISTING]
2024-10-16 23:57:20,531 INFO  storage.RaftStorage (RaftStorageImpl.java:format(98)) - Storage directory /home/runner/work/ratis/ratis/ratis-examples/target/test/data/6cc99a4c/MiniRaftClusterWithNettyeee6e424/s5/4c4f035b-aa8d-4293-9e7b-676cd6864c30 has been successfully formatted.
2024-10-16 23:57:20,531 WARN  statemachine.StateMachine (ArithmeticStateMachine.java:loadSnapshot(115)) - The snapshot info is null.
2024-10-16 23:57:20,531 INFO  server.RaftServerConfigKeys (ConfUtils.java:logGet(46)) - raft.server.log.use.memory = false (default)
2024-10-16 23:57:20,531 INFO  server.RaftServerConfigKeys (ConfUtils.java:logGet(46)) - raft.server.log.purge.gap = 1024 (default)
2024-10-16 23:57:20,531 INFO  server.RaftServerConfigKeys (ConfUtils.java:logGet(46)) - raft.server.log.appender.buffer.byte-limit = 4MB (=4194304) (default)
2024-10-16 23:57:20,531 INFO  server.RaftServerConfigKeys (ConfUtils.java:logGet(46)) - raft.server.log.statemachine.data.read.timeout = 1000ms (default)
2024-10-16 23:57:20,531 INFO  server.RaftServerConfigKeys (ConfUtils.java:logGet(46)) - raft.server.log.purge.preservation.log.num = 0 (default)
2024-10-16 23:57:20,532 INFO  server.RaftServerConfigKeys (ConfUtils.java:logGet(46)) - raft.server.log.segment.size.max = 32MB (=33554432) (default)
2024-10-16 23:57:20,532 INFO  server.RaftServerConfigKeys (ConfUtils.java:logGet(46)) - raft.server.log.segment.cache.num.max = 6 (default)
2024-10-16 23:57:20,532 INFO  server.RaftServerConfigKeys (ConfUtils.java:logGet(46)) - raft.server.log.segment.cache.size.max = 200MB (=209715200) (default)
2024-10-16 23:57:20,532 INFO  server.RaftServerConfigKeys (ConfUtils.java:logGet(46)) - raft.server.log.appender.buffer.byte-limit = 4MB (=4194304) (default)
2024-10-16 23:57:20,532 INFO  util.AwaitToRun (AwaitToRun.java:start(81)) - Thread[s5@group-676CD6864C30-cacheEviction-AwaitToRun,5,main] started
2024-10-16 23:57:20,532 INFO  segmented.SegmentedRaftLogWorker (SegmentedRaftLogWorker.java:<init>(188)) - new s5@group-676CD6864C30-SegmentedRaftLogWorker for RaftStorageImpl:Storage Directory /home/runner/work/ratis/ratis/ratis-examples/target/test/data/6cc99a4c/MiniRaftClusterWithNettyeee6e424/s5/4c4f035b-aa8d-4293-9e7b-676cd6864c30
2024-10-16 23:57:20,532 INFO  server.RaftServerConfigKeys (ConfUtils.java:logGet(46)) - raft.server.log.queue.byte-limit = 64MB (=67108864) (default)
2024-10-16 23:57:20,532 INFO  server.RaftServerConfigKeys (ConfUtils.java:logGet(46)) - raft.server.log.queue.element-limit = 4096 (default)
2024-10-16 23:57:20,532 INFO  server.RaftServerConfigKeys (ConfUtils.java:logGet(46)) - raft.server.log.segment.size.max = 32MB (=33554432) (default)
2024-10-16 23:57:20,532 INFO  server.RaftServerConfigKeys (ConfUtils.java:logGet(46)) - raft.server.log.preallocated.size = 4MB (=4194304) (default)
2024-10-16 23:57:20,532 INFO  server.RaftServerConfigKeys (ConfUtils.java:logGet(46)) - raft.server.log.force.sync.num = 128 (default)
2024-10-16 23:57:20,532 INFO  server.RaftServerConfigKeys (ConfUtils.java:logGet(46)) - raft.server.log.statemachine.data.sync = true (default)
2024-10-16 23:57:20,533 INFO  server.RaftServerConfigKeys (ConfUtils.java:logGet(46)) - raft.server.log.statemachine.data.sync.timeout = 10s (default)
2024-10-16 23:57:20,533 INFO  server.RaftServerConfigKeys (ConfUtils.java:logGet(46)) - raft.server.log.statemachine.data.sync.timeout.retry = -1 (default)
2024-10-16 23:57:20,533 INFO  server.RaftServerConfigKeys (ConfUtils.java:logGet(46)) - raft.server.log.write.buffer.size = 8MB (=8388608) (default)
2024-10-16 23:57:20,535 INFO  server.RaftServerConfigKeys (ConfUtils.java:logGet(46)) - raft.server.log.appender.buffer.byte-limit = 4MB (=4194304) (default)
2024-10-16 23:57:20,535 INFO  server.RaftServerConfigKeys (ConfUtils.java:logGet(46)) - raft.server.log.unsafe-flush.enabled = false (default)
2024-10-16 23:57:20,535 INFO  server.RaftServerConfigKeys (ConfUtils.java:logGet(46)) - raft.server.log.async-flush.enabled = false (default)
2024-10-16 23:57:20,535 INFO  server.RaftServerConfigKeys (ConfUtils.java:logGet(46)) - raft.server.log.statemachine.data.caching.enabled = false (default)
2024-10-16 23:57:20,535 INFO  segmented.SegmentedRaftLogWorker (SegmentedRaftLogWorker.java:lambda$new$0(139)) - s5@group-676CD6864C30-SegmentedRaftLogWorker: flushIndex: setUnconditionally 0 -> -1
2024-10-16 23:57:20,535 INFO  segmented.SegmentedRaftLogWorker (SegmentedRaftLogWorker.java:lambda$new$0(139)) - s5@group-676CD6864C30-SegmentedRaftLogWorker: safeCacheEvictIndex: setUnconditionally 0 -> -1
2024-10-16 23:57:20,535 INFO  server.RaftServer$Division (RaftServerImpl.java:start(393)) - s5@group-676CD6864C30: start as a follower, conf=conf: {index: -1, cur=peers:[s4|0.0.0.0:15019, s5|0.0.0.0:15020, s6|0.0.0.0:15021]|listeners:[], old=null}
2024-10-16 23:57:20,535 INFO  server.RaftServer$Division (RaftServerImpl.java:setRole(380)) - s5@group-676CD6864C30: changes role from      null to FOLLOWER at term 0 for startAsFollower
2024-10-16 23:57:20,535 INFO  impl.RoleInfo (RoleInfo.java:updateAndGet(148)) - s5: start s5@group-676CD6864C30-FollowerState
2024-10-16 23:57:20,536 INFO  server.RaftServerConfigKeys (ConfUtils.java:logFallback(53)) - raft.server.rpc.first-election.timeout.min = 300ms (fallback to raft.server.rpc.timeout.min)
2024-10-16 23:57:20,536 INFO  server.RaftServerConfigKeys (ConfUtils.java:logFallback(53)) - raft.server.rpc.first-election.timeout.max = 600ms (fallback to raft.server.rpc.timeout.max)
2024-10-16 23:57:20,536 INFO  util.JmxRegister (JmxRegister.java:tryRegister(44)) - Successfully registered JMX Bean with object name Ratis:service=RaftServer,group=group-676CD6864C30,id=s5
2024-10-16 23:57:20,536 INFO  util.JmxRegister (JmxRegister.java:register(58)) - register mxBean class org.apache.ratis.server.impl.RaftServerJmxAdapter as Ratis:service=RaftServer,group=group-676CD6864C30,id=s5
2024-10-16 23:57:20,536 INFO  server.RaftServerConfigKeys (ConfUtils.java:logGet(46)) - raft.server.snapshot.trigger-when-stop.enabled = true (default)
2024-10-16 23:57:20,536 INFO  server.RaftServerConfigKeys (ConfUtils.java:logGet(46)) - raft.server.snapshot.trigger-when-remove.enabled = true (default)
2024-10-16 23:57:20,536 INFO  server.RaftServerConfigKeys (ConfUtils.java:logGet(46)) - raft.server.snapshot.auto.trigger.enabled = false (default)
2024-10-16 23:57:20,536 INFO  server.RaftServerConfigKeys (ConfUtils.java:logGet(46)) - raft.server.snapshot.retention.file.num = -1 (default)
2024-10-16 23:57:20,536 INFO  server.RaftServerConfigKeys (ConfUtils.java:logGet(46)) - raft.server.log.purge.upto.snapshot.index = false (default)
2024-10-16 23:57:20,537 INFO  server.RaftServer$Division (RaftServerImpl.java:start(407)) - s5@group-676CD6864C30: Successfully started.
2024-10-16 23:57:20,549 INFO  netty.NettyUtils (NettyUtils.java:newEventLoopGroup(74)) - Create EpollEventLoopGroup for client-AB4C1A66F675; Thread size is 0.
2024-10-16 23:57:20,551 INFO  logging.LoggingHandler (AbstractInternalLogger.java:log(148)) - [id: 0x33a8f065, L:/0.0.0.0:15021] READ: [id: 0xb073d8f7, L:/127.0.0.1:15021 - R:/127.0.0.1:44110]
2024-10-16 23:57:20,551 INFO  logging.LoggingHandler (AbstractInternalLogger.java:log(148)) - [id: 0x33a8f065, L:/0.0.0.0:15021] READ COMPLETE
2024-10-16 23:57:20,552 INFO  server.RaftServer (RaftServerProxy.java:addNew(101)) - s6: addNew group-676CD6864C30:[s4|0.0.0.0:15019, s5|0.0.0.0:15020, s6|0.0.0.0:15021] returns group-676CD6864C30:java.util.concurrent.CompletableFuture@100d95db[Not completed]
2024-10-16 23:57:20,552 INFO  server.RaftServer$Division (RaftServerImpl.java:<init>(257)) - s6: new RaftServerImpl for group-676CD6864C30:[s4|0.0.0.0:15019, s5|0.0.0.0:15020, s6|0.0.0.0:15021] with ArithmeticStateMachine:uninitialized
2024-10-16 23:57:20,553 INFO  server.RaftServerConfigKeys (ConfUtils.java:logGet(46)) - raft.server.rpc.timeout.min = 300ms (custom)
2024-10-16 23:57:20,553 INFO  server.RaftServerConfigKeys (ConfUtils.java:logGet(46)) - raft.server.rpc.timeout.max = 600ms (custom)
2024-10-16 23:57:20,553 INFO  server.RaftServerConfigKeys (ConfUtils.java:logGet(46)) - raft.server.rpc.sleep.time = 25ms (default)
2024-10-16 23:57:20,553 INFO  server.RaftServerConfigKeys (ConfUtils.java:logGet(46)) - raft.server.rpc.slowness.timeout = 60s (default)
2024-10-16 23:57:20,553 INFO  server.RaftServerConfigKeys (ConfUtils.java:logGet(46)) - raft.server.leaderelection.leader.step-down.wait-time = 10s (default)
2024-10-16 23:57:20,553 INFO  server.RaftServerConfigKeys (ConfUtils.java:logGet(46)) - raft.server.leaderelection.member.majority-add = false (default)
2024-10-16 23:57:20,553 INFO  server.RaftServerConfigKeys (ConfUtils.java:logGet(46)) - raft.server.sleep.deviation.threshold = 300ms (default)
2024-10-16 23:57:20,553 INFO  server.RaftServer$Division (ServerState.java:<init>(114)) - s6@group-676CD6864C30: ConfigurationManager, init=conf: {index: -1, cur=peers:[s4|0.0.0.0:15019, s5|0.0.0.0:15020, s6|0.0.0.0:15021]|listeners:[], old=null}, confs=<EMPTY_MAP>
2024-10-16 23:57:20,553 INFO  server.RaftServerConfigKeys (ConfUtils.java:logGet(46)) - raft.server.notification.no-leader.timeout = 60s (default)
2024-10-16 23:57:20,553 INFO  server.RaftServerConfigKeys (ConfUtils.java:logGet(46)) - raft.server.read.timeout = 10s (default)
2024-10-16 23:57:20,553 INFO  server.RaftServerConfigKeys (ConfUtils.java:logGet(46)) - raft.server.retrycache.expirytime = 60s (default)
2024-10-16 23:57:20,553 INFO  server.RaftServerConfigKeys (ConfUtils.java:logGet(46)) - raft.server.retrycache.statistics.expirytime = 100ms (default)
2024-10-16 23:57:20,553 INFO  server.RaftServerConfigKeys (ConfUtils.java:logGet(46)) - raft.server.read.option = DEFAULT (default)
2024-10-16 23:57:20,553 INFO  server.RaftServerConfigKeys (ConfUtils.java:logGet(46)) - raft.server.read.read-after-write-consistent.write-index-cache.expiry-time = 60s (default)
2024-10-16 23:57:20,554 INFO  server.RaftServerConfigKeys (ConfUtils.java:logGet(46)) - raft.server.rpc.request.timeout = 3000ms (default)
2024-10-16 23:57:20,554 INFO  server.RaftServerConfigKeys (ConfUtils.java:logGet(46)) - raft.server.log.appender.install.snapshot.enabled = true (default)
2024-10-16 23:57:20,554 INFO  server.RaftServerConfigKeys (ConfUtils.java:logGet(46)) - raft.server.threadpool.server.cached = true (default)
2024-10-16 23:57:20,554 INFO  server.RaftServerConfigKeys (ConfUtils.java:logGet(46)) - raft.server.threadpool.server.size = 0 (default)
2024-10-16 23:57:20,554 INFO  server.RaftServerConfigKeys (ConfUtils.java:logGet(46)) - raft.server.threadpool.client.cached = true (default)
2024-10-16 23:57:20,554 INFO  server.RaftServerConfigKeys (ConfUtils.java:logGet(46)) - raft.server.threadpool.client.size = 0 (default)
2024-10-16 23:57:20,554 INFO  server.RaftServerConfigKeys (ConfUtils.java:logGet(46)) - raft.server.storage.free-space.min = 0MB (=0) (default)
2024-10-16 23:57:20,554 INFO  server.RaftServerConfigKeys (ConfUtils.java:logGet(46)) - raft.server.log.corruption.policy = EXCEPTION (default)
2024-10-16 23:57:20,554 INFO  server.RaftServerConfigKeys (ConfUtils.java:logGet(46)) - raft.server.storage.dir = [/home/runner/work/ratis/ratis/ratis-examples/target/test/data/6cc99a4c/MiniRaftClusterWithNettyeee6e424/s6] (custom)
2024-10-16 23:57:20,554 INFO  storage.RaftStorageDirectory (RaftStorageDirectoryImpl.java:analyzeStorage(138)) - The storage directory /home/runner/work/ratis/ratis/ratis-examples/target/test/data/6cc99a4c/MiniRaftClusterWithNettyeee6e424/s6/4c4f035b-aa8d-4293-9e7b-676cd6864c30 does not exist. Creating ...
2024-10-16 23:57:20,555 TRACE util.FileUtils (LogUtils.java:runAndLog(49)) - Successfully ran Files.createDirectories /home/runner/work/ratis/ratis/ratis-examples/target/test/data/6cc99a4c/MiniRaftClusterWithNettyeee6e424/s6/4c4f035b-aa8d-4293-9e7b-676cd6864c30
2024-10-16 23:57:20,556 INFO  storage.RaftStorageDirectory (RaftStorageDirectoryImpl.java:tryLock(229)) - Lock on /home/runner/work/ratis/ratis/ratis-examples/target/test/data/6cc99a4c/MiniRaftClusterWithNettyeee6e424/s6/4c4f035b-aa8d-4293-9e7b-676cd6864c30/in_use.lock acquired by nodename 14984@fv-az1433-785
2024-10-16 23:57:20,556 TRACE util.FileUtils (LogUtils.java:runAndLog(49)) - Successfully ran Files.createDirectories /home/runner/work/ratis/ratis/ratis-examples/target/test/data/6cc99a4c/MiniRaftClusterWithNettyeee6e424/s6/4c4f035b-aa8d-4293-9e7b-676cd6864c30/current
2024-10-16 23:57:20,556 TRACE util.FileUtils (LogUtils.java:runAndLog(49)) - Successfully ran Files.createDirectories /home/runner/work/ratis/ratis/ratis-examples/target/test/data/6cc99a4c/MiniRaftClusterWithNettyeee6e424/s6/4c4f035b-aa8d-4293-9e7b-676cd6864c30/sm
2024-10-16 23:57:20,556 TRACE util.FileUtils (LogUtils.java:supplyAndLog(69)) - Successfully supplied FileChannel.open /home/runner/work/ratis/ratis/ratis-examples/target/test/data/6cc99a4c/MiniRaftClusterWithNettyeee6e424/s6/4c4f035b-aa8d-4293-9e7b-676cd6864c30/current/raft-meta.tmp with options [CREATE, WRITE]: sun.nio.ch.FileChannelImpl@79b851ad
2024-10-16 23:57:20,557 TRACE util.FileUtils (LogUtils.java:runAndLog(49)) - Successfully ran Atomic Files.move /home/runner/work/ratis/ratis/ratis-examples/target/test/data/6cc99a4c/MiniRaftClusterWithNettyeee6e424/s6/4c4f035b-aa8d-4293-9e7b-676cd6864c30/current/raft-meta.tmp to /home/runner/work/ratis/ratis/ratis-examples/target/test/data/6cc99a4c/MiniRaftClusterWithNettyeee6e424/s6/4c4f035b-aa8d-4293-9e7b-676cd6864c30/current/raft-meta with options [REPLACE_EXISTING]
2024-10-16 23:57:20,557 INFO  storage.RaftStorage (RaftStorageImpl.java:format(98)) - Storage directory /home/runner/work/ratis/ratis/ratis-examples/target/test/data/6cc99a4c/MiniRaftClusterWithNettyeee6e424/s6/4c4f035b-aa8d-4293-9e7b-676cd6864c30 has been successfully formatted.
2024-10-16 23:57:20,557 WARN  statemachine.StateMachine (ArithmeticStateMachine.java:loadSnapshot(115)) - The snapshot info is null.
2024-10-16 23:57:20,557 INFO  server.RaftServerConfigKeys (ConfUtils.java:logGet(46)) - raft.server.log.use.memory = false (default)
2024-10-16 23:57:20,558 INFO  server.RaftServerConfigKeys (ConfUtils.java:logGet(46)) - raft.server.log.purge.gap = 1024 (default)
2024-10-16 23:57:20,558 INFO  server.RaftServerConfigKeys (ConfUtils.java:logGet(46)) - raft.server.log.appender.buffer.byte-limit = 4MB (=4194304) (default)
2024-10-16 23:57:20,558 INFO  server.RaftServerConfigKeys (ConfUtils.java:logGet(46)) - raft.server.log.statemachine.data.read.timeout = 1000ms (default)
2024-10-16 23:57:20,558 INFO  server.RaftServerConfigKeys (ConfUtils.java:logGet(46)) - raft.server.log.purge.preservation.log.num = 0 (default)
2024-10-16 23:57:20,558 INFO  server.RaftServerConfigKeys (ConfUtils.java:logGet(46)) - raft.server.log.segment.size.max = 32MB (=33554432) (default)
2024-10-16 23:57:20,558 INFO  server.RaftServerConfigKeys (ConfUtils.java:logGet(46)) - raft.server.log.segment.cache.num.max = 6 (default)
2024-10-16 23:57:20,558 INFO  server.RaftServerConfigKeys (ConfUtils.java:logGet(46)) - raft.server.log.segment.cache.size.max = 200MB (=209715200) (default)
2024-10-16 23:57:20,558 INFO  server.RaftServerConfigKeys (ConfUtils.java:logGet(46)) - raft.server.log.appender.buffer.byte-limit = 4MB (=4194304) (default)
2024-10-16 23:57:20,558 INFO  util.AwaitToRun (AwaitToRun.java:start(81)) - Thread[s6@group-676CD6864C30-cacheEviction-AwaitToRun,5,main] started
2024-10-16 23:57:20,558 INFO  segmented.SegmentedRaftLogWorker (SegmentedRaftLogWorker.java:<init>(188)) - new s6@group-676CD6864C30-SegmentedRaftLogWorker for RaftStorageImpl:Storage Directory /home/runner/work/ratis/ratis/ratis-examples/target/test/data/6cc99a4c/MiniRaftClusterWithNettyeee6e424/s6/4c4f035b-aa8d-4293-9e7b-676cd6864c30
2024-10-16 23:57:20,558 INFO  server.RaftServerConfigKeys (ConfUtils.java:logGet(46)) - raft.server.log.queue.byte-limit = 64MB (=67108864) (default)
2024-10-16 23:57:20,558 INFO  server.RaftServerConfigKeys (ConfUtils.java:logGet(46)) - raft.server.log.queue.element-limit = 4096 (default)
2024-10-16 23:57:20,558 INFO  server.RaftServerConfigKeys (ConfUtils.java:logGet(46)) - raft.server.log.segment.size.max = 32MB (=33554432) (default)
2024-10-16 23:57:20,558 INFO  server.RaftServerConfigKeys (ConfUtils.java:logGet(46)) - raft.server.log.preallocated.size = 4MB (=4194304) (default)
2024-10-16 23:57:20,559 INFO  server.RaftServerConfigKeys (ConfUtils.java:logGet(46)) - raft.server.log.force.sync.num = 128 (default)
2024-10-16 23:57:20,559 INFO  server.RaftServerConfigKeys (ConfUtils.java:logGet(46)) - raft.server.log.statemachine.data.sync = true (default)
2024-10-16 23:57:20,559 INFO  server.RaftServerConfigKeys (ConfUtils.java:logGet(46)) - raft.server.log.statemachine.data.sync.timeout = 10s (default)
2024-10-16 23:57:20,559 INFO  server.RaftServerConfigKeys (ConfUtils.java:logGet(46)) - raft.server.log.statemachine.data.sync.timeout.retry = -1 (default)
2024-10-16 23:57:20,559 INFO  server.RaftServerConfigKeys (ConfUtils.java:logGet(46)) - raft.server.log.write.buffer.size = 8MB (=8388608) (default)
2024-10-16 23:57:20,560 INFO  server.RaftServerConfigKeys (ConfUtils.java:logGet(46)) - raft.server.log.appender.buffer.byte-limit = 4MB (=4194304) (default)
2024-10-16 23:57:20,560 INFO  server.RaftServerConfigKeys (ConfUtils.java:logGet(46)) - raft.server.log.unsafe-flush.enabled = false (default)
2024-10-16 23:57:20,560 INFO  server.RaftServerConfigKeys (ConfUtils.java:logGet(46)) - raft.server.log.async-flush.enabled = false (default)
2024-10-16 23:57:20,560 INFO  server.RaftServerConfigKeys (ConfUtils.java:logGet(46)) - raft.server.log.statemachine.data.caching.enabled = false (default)
2024-10-16 23:57:20,560 INFO  segmented.SegmentedRaftLogWorker (SegmentedRaftLogWorker.java:lambda$new$0(139)) - s6@group-676CD6864C30-SegmentedRaftLogWorker: flushIndex: setUnconditionally 0 -> -1
2024-10-16 23:57:20,560 INFO  segmented.SegmentedRaftLogWorker (SegmentedRaftLogWorker.java:lambda$new$0(139)) - s6@group-676CD6864C30-SegmentedRaftLogWorker: safeCacheEvictIndex: setUnconditionally 0 -> -1
2024-10-16 23:57:20,561 INFO  server.RaftServer$Division (RaftServerImpl.java:start(393)) - s6@group-676CD6864C30: start as a follower, conf=conf: {index: -1, cur=peers:[s4|0.0.0.0:15019, s5|0.0.0.0:15020, s6|0.0.0.0:15021]|listeners:[], old=null}
2024-10-16 23:57:20,561 INFO  server.RaftServer$Division (RaftServerImpl.java:setRole(380)) - s6@group-676CD6864C30: changes role from      null to FOLLOWER at term 0 for startAsFollower
2024-10-16 23:57:20,561 INFO  impl.RoleInfo (RoleInfo.java:updateAndGet(148)) - s6: start s6@group-676CD6864C30-FollowerState
2024-10-16 23:57:20,561 INFO  util.JmxRegister (JmxRegister.java:tryRegister(44)) - Successfully registered JMX Bean with object name Ratis:service=RaftServer,group=group-676CD6864C30,id=s6
2024-10-16 23:57:20,561 INFO  util.JmxRegister (JmxRegister.java:register(58)) - register mxBean class org.apache.ratis.server.impl.RaftServerJmxAdapter as Ratis:service=RaftServer,group=group-676CD6864C30,id=s6
2024-10-16 23:57:20,561 INFO  server.RaftServerConfigKeys (ConfUtils.java:logFallback(53)) - raft.server.rpc.first-election.timeout.min = 300ms (fallback to raft.server.rpc.timeout.min)
2024-10-16 23:57:20,561 INFO  server.RaftServerConfigKeys (ConfUtils.java:logGet(46)) - raft.server.snapshot.trigger-when-stop.enabled = true (default)
2024-10-16 23:57:20,561 INFO  server.RaftServerConfigKeys (ConfUtils.java:logFallback(53)) - raft.server.rpc.first-election.timeout.max = 600ms (fallback to raft.server.rpc.timeout.max)
2024-10-16 23:57:20,561 INFO  server.RaftServerConfigKeys (ConfUtils.java:logGet(46)) - raft.server.snapshot.trigger-when-remove.enabled = true (default)
2024-10-16 23:57:20,561 INFO  server.RaftServerConfigKeys (ConfUtils.java:logGet(46)) - raft.server.snapshot.auto.trigger.enabled = false (default)
2024-10-16 23:57:20,561 INFO  server.RaftServerConfigKeys (ConfUtils.java:logGet(46)) - raft.server.snapshot.retention.file.num = -1 (default)
2024-10-16 23:57:20,561 INFO  server.RaftServerConfigKeys (ConfUtils.java:logGet(46)) - raft.server.log.purge.upto.snapshot.index = false (default)
2024-10-16 23:57:20,562 INFO  server.RaftServer$Division (RaftServerImpl.java:start(407)) - s6@group-676CD6864C30: Successfully started.
2024-10-16 23:57:20,563 INFO  server.RaftServerConfigKeys (ConfUtils.java:logGet(46)) - raft.server.rpc.timeout.max = 600ms (custom)
2024-10-16 23:57:20,564 INFO  ratis.RaftTestUtil (RaftTestUtil.java:waitForLeader(107)) - printing group-676CD6864C30
  s4:  RUNNING [
   FOLLOWER s4@group-9EBC86A0B11D:t0, leader=null, voted=, raftlog=Memoized:s4@group-9EBC86A0B11D-SegmentedRaftLog:OPENED:c-1:lastnull, conf=conf: {index: -1, cur=peers:[]|listeners:[], old=null} STARTING
   FOLLOWER s4@group-676CD6864C30:t0, leader=null, voted=, raftlog=Memoized:s4@group-676CD6864C30-SegmentedRaftLog:OPENED:c-1:lastnull, conf=conf: {index: -1, cur=peers:[s4|0.0.0.0:15019, s5|0.0.0.0:15020, s6|0.0.0.0:15021]|listeners:[], old=null} RUNNING] size=2
  s5:  RUNNING [
   FOLLOWER s5@group-9EBC86A0B11D:t0, leader=null, voted=, raftlog=Memoized:s5@group-9EBC86A0B11D-SegmentedRaftLog:OPENED:c-1:lastnull, conf=conf: {index: -1, cur=peers:[]|listeners:[], old=null} STARTING
   FOLLOWER s5@group-676CD6864C30:t0, leader=null, voted=, raftlog=Memoized:s5@group-676CD6864C30-SegmentedRaftLog:OPENED:c-1:lastnull, conf=conf: {index: -1, cur=peers:[s4|0.0.0.0:15019, s5|0.0.0.0:15020, s6|0.0.0.0:15021]|listeners:[], old=null} RUNNING] size=2
  s6:  RUNNING [
   FOLLOWER s6@group-9EBC86A0B11D:t0, leader=null, voted=, raftlog=Memoized:s6@group-9EBC86A0B11D-SegmentedRaftLog:OPENED:c-1:lastnull, conf=conf: {index: -1, cur=peers:[]|listeners:[], old=null} STARTING
   FOLLOWER s6@group-676CD6864C30:t0, leader=null, voted=, raftlog=Memoized:s6@group-676CD6864C30-SegmentedRaftLog:OPENED:c-1:lastnull, conf=conf: {index: -1, cur=peers:[s4|0.0.0.0:15019, s5|0.0.0.0:15020, s6|0.0.0.0:15021]|listeners:[], old=null} RUNNING] size=2
2024-10-16 23:57:20,564 WARN  ratis.RaftTestUtil (RaftTestUtil.java:lambda$waitForLeader$3(126)) - Attempt #1 failed: java.lang.IllegalStateException: No leader yet  for group-676CD6864C30: printing group-676CD6864C30
  s4:  RUNNING [
   FOLLOWER s4@group-9EBC86A0B11D:t0, leader=null, voted=, raftlog=Memoized:s4@group-9EBC86A0B11D-SegmentedRaftLog:OPENED:c-1:lastnull, conf=conf: {index: -1, cur=peers:[]|listeners:[], old=null} STARTING
   FOLLOWER s4@group-676CD6864C30:t0, leader=null, voted=, raftlog=Memoized:s4@group-676CD6864C30-SegmentedRaftLog:OPENED:c-1:lastnull, conf=conf: {index: -1, cur=peers:[s4|0.0.0.0:15019, s5|0.0.0.0:15020, s6|0.0.0.0:15021]|listeners:[], old=null} RUNNING] size=2
  s5:  RUNNING [
   FOLLOWER s5@group-9EBC86A0B11D:t0, leader=null, voted=, raftlog=Memoized:s5@group-9EBC86A0B11D-SegmentedRaftLog:OPENED:c-1:lastnull, conf=conf: {index: -1, cur=peers:[]|listeners:[], old=null} STARTING
   FOLLOWER s5@group-676CD6864C30:t0, leader=null, voted=, raftlog=Memoized:s5@group-676CD6864C30-SegmentedRaftLog:OPENED:c-1:lastnull, conf=conf: {index: -1, cur=peers:[s4|0.0.0.0:15019, s5|0.0.0.0:15020, s6|0.0.0.0:15021]|listeners:[], old=null} RUNNING] size=2
  s6:  RUNNING [
   FOLLOWER s6@group-9EBC86A0B11D:t0, leader=null, voted=, raftlog=Memoized:s6@group-9EBC86A0B11D-SegmentedRaftLog:OPENED:c-1:lastnull, conf=conf: {index: -1, cur=peers:[]|listeners:[], old=null} STARTING
   FOLLOWER s6@group-676CD6864C30:t0, leader=null, voted=, raftlog=Memoized:s6@group-676CD6864C30-SegmentedRaftLog:OPENED:c-1:lastnull, conf=conf: {index: -1, cur=peers:[s4|0.0.0.0:15019, s5|0.0.0.0:15020, s6|0.0.0.0:15021]|listeners:[], old=null} RUNNING] size=2
2024-10-16 23:57:20,952 INFO  impl.FollowerState (FollowerState.java:runImpl(161)) - s5@group-676CD6864C30-FollowerState: change to CANDIDATE, lastRpcElapsedTime:416413023ns, electionTimeout:416ms
2024-10-16 23:57:20,952 INFO  impl.RoleInfo (RoleInfo.java:shutdownFollowerState(121)) - s5: shutdown s5@group-676CD6864C30-FollowerState
2024-10-16 23:57:20,952 INFO  server.RaftServer$Division (RaftServerImpl.java:setRole(380)) - s5@group-676CD6864C30: changes role from  FOLLOWER to CANDIDATE at term 0 for changeToCandidate
2024-10-16 23:57:20,952 INFO  server.RaftServerConfigKeys (ConfUtils.java:logGet(46)) - raft.server.leaderelection.pre-vote = true (default)
2024-10-16 23:57:20,952 INFO  impl.RoleInfo (RoleInfo.java:updateAndGet(148)) - s5: start s5@group-676CD6864C30-LeaderElection21
2024-10-16 23:57:20,952 INFO  impl.LeaderElection (LeaderElection.java:askForVotes(333)) - s5@group-676CD6864C30-LeaderElection21 PRE_VOTE round 0: submit vote requests at term 0 for conf: {index: -1, cur=peers:[s4|0.0.0.0:15019, s5|0.0.0.0:15020, s6|0.0.0.0:15021]|listeners:[], old=null}
2024-10-16 23:57:20,953 INFO  server.RaftServerConfigKeys (ConfUtils.java:logFallback(53)) - raft.server.rpc.first-election.timeout.min = 300ms (fallback to raft.server.rpc.timeout.min)
2024-10-16 23:57:20,953 INFO  server.RaftServerConfigKeys (ConfUtils.java:logFallback(53)) - raft.server.rpc.first-election.timeout.max = 600ms (fallback to raft.server.rpc.timeout.max)
2024-10-16 23:57:20,955 INFO  logging.LoggingHandler (AbstractInternalLogger.java:log(148)) - [id: 0xae2b77fe, L:/0.0.0.0:15019] READ: [id: 0x4942537d, L:/127.0.0.1:15019 - R:/127.0.0.1:60500]
2024-10-16 23:57:20,955 INFO  logging.LoggingHandler (AbstractInternalLogger.java:log(148)) - [id: 0xae2b77fe, L:/0.0.0.0:15019] READ COMPLETE
2024-10-16 23:57:20,955 INFO  logging.LoggingHandler (AbstractInternalLogger.java:log(148)) - [id: 0x33a8f065, L:/0.0.0.0:15021] READ: [id: 0x8cd6a993, L:/127.0.0.1:15021 - R:/127.0.0.1:44114]
2024-10-16 23:57:20,955 INFO  logging.LoggingHandler (AbstractInternalLogger.java:log(148)) - [id: 0x33a8f065, L:/0.0.0.0:15021] READ COMPLETE
2024-10-16 23:57:20,956 INFO  server.RaftServer$Division (RaftServerImpl.java:requestVote(1447)) - s4@group-676CD6864C30: receive requestVote(PRE_VOTE, s5, group-676CD6864C30, 0, (t:0, i:0))
2024-10-16 23:57:20,956 INFO  impl.VoteContext (VoteContext.java:log(49)) - s4@group-676CD6864C30-FOLLOWER: accept PRE_VOTE from s5: our priority 0 <= candidate's priority 0
2024-10-16 23:57:20,956 INFO  server.RaftServer$Division (RaftServerImpl.java:requestVote(1480)) - s4@group-676CD6864C30 replies to PRE_VOTE vote request: s5<-s4#0:OK-t0. Peer's state: s4@group-676CD6864C30:t0, leader=null, voted=, raftlog=Memoized:s4@group-676CD6864C30-SegmentedRaftLog:OPENED:c-1:lastnull, conf=conf: {index: -1, cur=peers:[s4|0.0.0.0:15019, s5|0.0.0.0:15020, s6|0.0.0.0:15021]|listeners:[], old=null}
2024-10-16 23:57:20,957 INFO  impl.LeaderElection (LeaderElection.java:logAndReturn(90)) - s5@group-676CD6864C30-LeaderElection21: PRE_VOTE PASSED received 1 response(s) and 0 exception(s):
2024-10-16 23:57:20,957 INFO  impl.LeaderElection (LeaderElection.java:logAndReturn(94)) -   Response 0: s5<-s4#0:OK-t0
2024-10-16 23:57:20,957 INFO  impl.LeaderElection (LeaderElection.java:askForVotes(335)) - s5@group-676CD6864C30-LeaderElection21 PRE_VOTE round 0: result PASSED
2024-10-16 23:57:20,957 TRACE util.FileUtils (LogUtils.java:supplyAndLog(69)) - Successfully supplied FileChannel.open /home/runner/work/ratis/ratis/ratis-examples/target/test/data/6cc99a4c/MiniRaftClusterWithNettyeee6e424/s5/4c4f035b-aa8d-4293-9e7b-676cd6864c30/current/raft-meta.tmp with options [CREATE, WRITE]: sun.nio.ch.FileChannelImpl@7f58775f
2024-10-16 23:57:20,958 TRACE util.FileUtils (LogUtils.java:runAndLog(49)) - Successfully ran Atomic Files.move /home/runner/work/ratis/ratis/ratis-examples/target/test/data/6cc99a4c/MiniRaftClusterWithNettyeee6e424/s5/4c4f035b-aa8d-4293-9e7b-676cd6864c30/current/raft-meta.tmp to /home/runner/work/ratis/ratis/ratis-examples/target/test/data/6cc99a4c/MiniRaftClusterWithNettyeee6e424/s5/4c4f035b-aa8d-4293-9e7b-676cd6864c30/current/raft-meta with options [REPLACE_EXISTING]
2024-10-16 23:57:20,958 INFO  impl.LeaderElection (LeaderElection.java:askForVotes(333)) - s5@group-676CD6864C30-LeaderElection21 ELECTION round 0: submit vote requests at term 1 for conf: {index: -1, cur=peers:[s4|0.0.0.0:15019, s5|0.0.0.0:15020, s6|0.0.0.0:15021]|listeners:[], old=null}
2024-10-16 23:57:20,959 INFO  server.RaftServerConfigKeys (ConfUtils.java:logFallback(53)) - raft.server.rpc.first-election.timeout.min = 300ms (fallback to raft.server.rpc.timeout.min)
2024-10-16 23:57:20,959 INFO  server.RaftServerConfigKeys (ConfUtils.java:logFallback(53)) - raft.server.rpc.first-election.timeout.max = 600ms (fallback to raft.server.rpc.timeout.max)
2024-10-16 23:57:20,959 INFO  server.RaftServer$Division (RaftServerImpl.java:requestVote(1447)) - s4@group-676CD6864C30: receive requestVote(ELECTION, s5, group-676CD6864C30, 1, (t:0, i:0))
2024-10-16 23:57:20,959 INFO  impl.VoteContext (VoteContext.java:log(49)) - s4@group-676CD6864C30-FOLLOWER: accept ELECTION from s5: our priority 0 <= candidate's priority 0
2024-10-16 23:57:20,959 INFO  server.RaftServer$Division (RaftServerImpl.java:setRole(380)) - s4@group-676CD6864C30: changes role from  FOLLOWER to FOLLOWER at term 0 for candidate:s5
2024-10-16 23:57:20,959 INFO  impl.RoleInfo (RoleInfo.java:shutdownFollowerState(121)) - s4: shutdown s4@group-676CD6864C30-FollowerState
2024-10-16 23:57:20,959 INFO  impl.RoleInfo (RoleInfo.java:updateAndGet(148)) - s4: start s4@group-676CD6864C30-FollowerState
2024-10-16 23:57:20,959 INFO  server.RaftServer$Division (RaftServerImpl.java:setFirstElection(564)) - s4@group-676CD6864C30: set firstElectionSinceStartup to false for candidate:s5
2024-10-16 23:57:20,961 INFO  server.RaftServer$Division (RaftServerImpl.java:requestVote(1447)) - s6@group-676CD6864C30: receive requestVote(PRE_VOTE, s5, group-676CD6864C30, 0, (t:0, i:0))
2024-10-16 23:57:20,961 INFO  impl.VoteContext (VoteContext.java:log(49)) - s6@group-676CD6864C30-FOLLOWER: accept PRE_VOTE from s5: our priority 0 <= candidate's priority 0
2024-10-16 23:57:20,961 INFO  server.RaftServer$Division (RaftServerImpl.java:requestVote(1480)) - s6@group-676CD6864C30 replies to PRE_VOTE vote request: s5<-s6#0:OK-t0. Peer's state: s6@group-676CD6864C30:t0, leader=null, voted=, raftlog=Memoized:s6@group-676CD6864C30-SegmentedRaftLog:OPENED:c-1:lastnull, conf=conf: {index: -1, cur=peers:[s4|0.0.0.0:15019, s5|0.0.0.0:15020, s6|0.0.0.0:15021]|listeners:[], old=null}
2024-10-16 23:57:20,961 INFO  server.RaftServer$Division (RaftServerImpl.java:requestVote(1447)) - s6@group-676CD6864C30: receive requestVote(ELECTION, s5, group-676CD6864C30, 1, (t:0, i:0))
2024-10-16 23:57:20,962 INFO  impl.FollowerState (FollowerState.java:runImpl(170)) - s4@group-676CD6864C30-FollowerState was interrupted
2024-10-16 23:57:20,962 TRACE util.FileUtils (LogUtils.java:supplyAndLog(69)) - Successfully supplied FileChannel.open /home/runner/work/ratis/ratis/ratis-examples/target/test/data/6cc99a4c/MiniRaftClusterWithNettyeee6e424/s4/4c4f035b-aa8d-4293-9e7b-676cd6864c30/current/raft-meta.tmp with options [CREATE, WRITE]: sun.nio.ch.FileChannelImpl@28672e48
2024-10-16 23:57:20,962 INFO  impl.VoteContext (VoteContext.java:log(49)) - s6@group-676CD6864C30-FOLLOWER: accept ELECTION from s5: our priority 0 <= candidate's priority 0
2024-10-16 23:57:20,962 INFO  server.RaftServer$Division (RaftServerImpl.java:setRole(380)) - s6@group-676CD6864C30: changes role from  FOLLOWER to FOLLOWER at term 0 for candidate:s5
2024-10-16 23:57:20,962 INFO  impl.RoleInfo (RoleInfo.java:shutdownFollowerState(121)) - s6: shutdown s6@group-676CD6864C30-FollowerState
2024-10-16 23:57:20,962 INFO  impl.RoleInfo (RoleInfo.java:updateAndGet(148)) - s6: start s6@group-676CD6864C30-FollowerState
2024-10-16 23:57:20,962 INFO  impl.FollowerState (FollowerState.java:runImpl(170)) - s6@group-676CD6864C30-FollowerState was interrupted
2024-10-16 23:57:20,963 INFO  server.RaftServer$Division (RaftServerImpl.java:setFirstElection(564)) - s6@group-676CD6864C30: set firstElectionSinceStartup to false for candidate:s5
2024-10-16 23:57:20,963 TRACE util.FileUtils (LogUtils.java:supplyAndLog(69)) - Successfully supplied FileChannel.open /home/runner/work/ratis/ratis/ratis-examples/target/test/data/6cc99a4c/MiniRaftClusterWithNettyeee6e424/s6/4c4f035b-aa8d-4293-9e7b-676cd6864c30/current/raft-meta.tmp with options [CREATE, WRITE]: sun.nio.ch.FileChannelImpl@4f193a90
2024-10-16 23:57:20,963 TRACE util.FileUtils (LogUtils.java:runAndLog(49)) - Successfully ran Atomic Files.move /home/runner/work/ratis/ratis/ratis-examples/target/test/data/6cc99a4c/MiniRaftClusterWithNettyeee6e424/s4/4c4f035b-aa8d-4293-9e7b-676cd6864c30/current/raft-meta.tmp to /home/runner/work/ratis/ratis/ratis-examples/target/test/data/6cc99a4c/MiniRaftClusterWithNettyeee6e424/s4/4c4f035b-aa8d-4293-9e7b-676cd6864c30/current/raft-meta with options [REPLACE_EXISTING]
2024-10-16 23:57:20,963 INFO  server.RaftServer$Division (RaftServerImpl.java:requestVote(1480)) - s4@group-676CD6864C30 replies to ELECTION vote request: s5<-s4#0:OK-t1. Peer's state: s4@group-676CD6864C30:t1, leader=null, voted=s5, raftlog=Memoized:s4@group-676CD6864C30-SegmentedRaftLog:OPENED:c-1:lastnull, conf=conf: {index: -1, cur=peers:[s4|0.0.0.0:15019, s5|0.0.0.0:15020, s6|0.0.0.0:15021]|listeners:[], old=null}
2024-10-16 23:57:20,963 INFO  impl.LeaderElection (LeaderElection.java:logAndReturn(90)) - s5@group-676CD6864C30-LeaderElection21: ELECTION PASSED received 1 response(s) and 0 exception(s):
2024-10-16 23:57:20,963 INFO  impl.LeaderElection (LeaderElection.java:logAndReturn(94)) -   Response 0: s5<-s4#0:OK-t1
2024-10-16 23:57:20,964 INFO  impl.LeaderElection (LeaderElection.java:askForVotes(335)) - s5@group-676CD6864C30-LeaderElection21 ELECTION round 0: result PASSED
2024-10-16 23:57:20,964 INFO  impl.RoleInfo (RoleInfo.java:shutdownLeaderElection(141)) - s5: shutdown s5@group-676CD6864C30-LeaderElection21
2024-10-16 23:57:20,964 INFO  server.RaftServer$Division (RaftServerImpl.java:setRole(380)) - s5@group-676CD6864C30: changes role from CANDIDATE to LEADER at term 1 for changeToLeader
2024-10-16 23:57:20,964 INFO  server.RaftServerConfigKeys (ConfUtils.java:logGet(46)) - raft.server.staging.catchup.gap = 1000 (default)
2024-10-16 23:57:20,964 INFO  server.RaftServerConfigKeys (ConfUtils.java:logGet(46)) - raft.server.write.element-limit = 4096 (default)
2024-10-16 23:57:20,964 INFO  server.RaftServerConfigKeys (ConfUtils.java:logGet(46)) - raft.server.write.byte-limit = 64MB (=67108864) (default)
2024-10-16 23:57:20,964 INFO  server.RaftServerConfigKeys (ConfUtils.java:logGet(46)) - raft.server.watch.timeout = 10s (default)
2024-10-16 23:57:20,964 INFO  server.RaftServerConfigKeys (ConfUtils.java:logGet(46)) - raft.server.watch.timeout.denomination = 1s (default)
2024-10-16 23:57:20,964 INFO  server.RaftServerConfigKeys (ConfUtils.java:logGet(46)) - raft.server.watch.element-limit = 65536 (default)
2024-10-16 23:57:20,964 INFO  server.RaftServerConfigKeys (ConfUtils.java:logGet(46)) - raft.server.read.leader.lease.enabled = false (default)
2024-10-16 23:57:20,964 INFO  server.RaftServerConfigKeys (ConfUtils.java:logGet(46)) - raft.server.read.leader.lease.timeout.ratio = 0.9 (default)
2024-10-16 23:57:20,964 INFO  server.RaftServerConfigKeys (ConfUtils.java:logGet(46)) - raft.server.rpc.timeout.min = 300ms (custom)
2024-10-16 23:57:20,964 INFO  server.RaftServerConfigKeys (ConfUtils.java:logGet(46)) - raft.server.log.log-metadata.enabled = true (default)
2024-10-16 23:57:20,965 INFO  server.RaftServerConfigKeys (ConfUtils.java:logGet(46)) - raft.server.write.element-limit = 4096 (default)
2024-10-16 23:57:20,965 INFO  server.RaftServerConfigKeys (ConfUtils.java:logGet(46)) - raft.server.write.follower.gap.ratio.max = -1.0 (default)
2024-10-16 23:57:20,965 INFO  server.RaftServerConfigKeys (ConfUtils.java:logGet(46)) - raft.server.log.appender.snapshot.chunk.size.max = 16MB (=16777216) (default)
2024-10-16 23:57:20,965 INFO  server.RaftServerConfigKeys (ConfUtils.java:logGet(46)) - raft.server.log.appender.buffer.byte-limit = 4MB (=4194304) (default)
2024-10-16 23:57:20,965 INFO  server.RaftServerConfigKeys (ConfUtils.java:logGet(46)) - raft.server.log.appender.buffer.element-limit = 0 (default)
2024-10-16 23:57:20,965 INFO  server.RaftServerConfigKeys (ConfUtils.java:logGet(46)) - raft.server.log.appender.wait-time.min = 1ms (default)
2024-10-16 23:57:20,965 INFO  server.RaftServerConfigKeys (ConfUtils.java:logGet(46)) - raft.server.log.appender.snapshot.chunk.size.max = 16MB (=16777216) (default)
2024-10-16 23:57:20,965 INFO  server.RaftServerConfigKeys (ConfUtils.java:logGet(46)) - raft.server.log.appender.buffer.byte-limit = 4MB (=4194304) (default)
2024-10-16 23:57:20,965 INFO  server.RaftServerConfigKeys (ConfUtils.java:logGet(46)) - raft.server.log.appender.buffer.element-limit = 0 (default)
2024-10-16 23:57:20,965 INFO  server.RaftServerConfigKeys (ConfUtils.java:logGet(46)) - raft.server.log.appender.wait-time.min = 1ms (default)
2024-10-16 23:57:20,965 INFO  impl.RoleInfo (RoleInfo.java:updateAndGet(148)) - s5: start s5@group-676CD6864C30-LeaderStateImpl
2024-10-16 23:57:20,965 INFO  server.RaftServer$Division (RaftServerImpl.java:setFirstElection(564)) - s5@group-676CD6864C30: set firstElectionSinceStartup to false for becomeLeader
2024-10-16 23:57:20,965 INFO  server.RaftServer$Division (ServerState.java:setLeader(272)) - s5@group-676CD6864C30: change Leader from null to s5 at term 1 for becomeLeader, leader elected after 439ms
2024-10-16 23:57:20,966 INFO  segmented.SegmentedRaftLogWorker (SegmentedRaftLogWorker.java:startLogSegment(442)) - s5@group-676CD6864C30-SegmentedRaftLogWorker: Starting segment from index:0
2024-10-16 23:57:20,966 INFO  server.RaftServer$Division (ServerState.java:setRaftConf(386)) - s5@group-676CD6864C30: set configuration conf: {index: 0, cur=peers:[s4|0.0.0.0:15019, s5|0.0.0.0:15020, s6|0.0.0.0:15021]|listeners:[], old=null}
2024-10-16 23:57:20,966 INFO  segmented.BufferedWriteChannel (BufferedWriteChannel.java:open(61)) - open log_inprogress_0 at position 0
2024-10-16 23:57:20,968 INFO  server.RaftServer$Division (ServerState.java:setLeader(272)) - s4@group-676CD6864C30: change Leader from null to s5 at term 1 for appendEntries, leader elected after 470ms
2024-10-16 23:57:20,969 TRACE util.FileUtils (LogUtils.java:runAndLog(49)) - Successfully ran Atomic Files.move /home/runner/work/ratis/ratis/ratis-examples/target/test/data/6cc99a4c/MiniRaftClusterWithNettyeee6e424/s6/4c4f035b-aa8d-4293-9e7b-676cd6864c30/current/raft-meta.tmp to /home/runner/work/ratis/ratis/ratis-examples/target/test/data/6cc99a4c/MiniRaftClusterWithNettyeee6e424/s6/4c4f035b-aa8d-4293-9e7b-676cd6864c30/current/raft-meta with options [REPLACE_EXISTING]
2024-10-16 23:57:20,969 INFO  server.RaftServer$Division (RaftServerImpl.java:requestVote(1480)) - s6@group-676CD6864C30 replies to ELECTION vote request: s5<-s6#0:OK-t1. Peer's state: s6@group-676CD6864C30:t1, leader=null, voted=s5, raftlog=Memoized:s6@group-676CD6864C30-SegmentedRaftLog:OPENED:c-1:lastnull, conf=conf: {index: -1, cur=peers:[s4|0.0.0.0:15019, s5|0.0.0.0:15020, s6|0.0.0.0:15021]|listeners:[], old=null}
2024-10-16 23:57:20,969 DEBUG server.RaftServer$Division (RaftServerImpl.java:logAppendEntries(1549)) - s4@group-676CD6864C30: appendEntries* s5->s4#5564-t1,previous=(t:0, i:0),leaderCommit=-1,initializing? false,entries: size=1, first=(t:1, i:0), CONFIGURATIONENTRY(current:id:"s4"address:"0.0.0.0:15019"clientAddress:"0.0.0.0:15019"adminAddress:"0.0.0.0:15019"startupRole:FOLLOWER, id:"s5"address:"0.0.0.0:15020"clientAddress:"0.0.0.0:15020"adminAddress:"0.0.0.0:15020"startupRole:FOLLOWER, id:"s6"address:"0.0.0.0:15021"clientAddress:"0.0.0.0:15021"adminAddress:"0.0.0.0:15021"startupRole:FOLLOWER, old:)
2024-10-16 23:57:20,969 INFO  server.RaftServer$Division (ServerState.java:setLeader(272)) - s6@group-676CD6864C30: change Leader from null to s5 at term 1 for appendEntries, leader elected after 415ms
2024-10-16 23:57:20,969 INFO  server.RaftServer$Division (ServerState.java:setRaftConf(386)) - s4@group-676CD6864C30: set configuration conf: {index: 0, cur=peers:[s4|0.0.0.0:15019, s5|0.0.0.0:15020, s6|0.0.0.0:15021]|listeners:[], old=null}
2024-10-16 23:57:20,969 INFO  segmented.SegmentedRaftLogWorker (SegmentedRaftLogWorker.java:startLogSegment(442)) - s4@group-676CD6864C30-SegmentedRaftLogWorker: Starting segment from index:0
2024-10-16 23:57:20,969 INFO  segmented.BufferedWriteChannel (BufferedWriteChannel.java:open(61)) - open log_inprogress_0 at position 0
2024-10-16 23:57:20,974 DEBUG server.RaftServer$Division (RaftServerImpl.java:logAppendEntries(1549)) - s6@group-676CD6864C30: appendEntries* s5->s6#5565-t1,previous=(t:0, i:0),leaderCommit=-1,initializing? false,entries: size=1, first=(t:1, i:0), CONFIGURATIONENTRY(current:id:"s4"address:"0.0.0.0:15019"clientAddress:"0.0.0.0:15019"adminAddress:"0.0.0.0:15019"startupRole:FOLLOWER, id:"s5"address:"0.0.0.0:15020"clientAddress:"0.0.0.0:15020"adminAddress:"0.0.0.0:15020"startupRole:FOLLOWER, id:"s6"address:"0.0.0.0:15021"clientAddress:"0.0.0.0:15021"adminAddress:"0.0.0.0:15021"startupRole:FOLLOWER, old:)
2024-10-16 23:57:20,974 INFO  server.RaftServer$Division (ServerState.java:setRaftConf(386)) - s6@group-676CD6864C30: set configuration conf: {index: 0, cur=peers:[s4|0.0.0.0:15019, s5|0.0.0.0:15020, s6|0.0.0.0:15021]|listeners:[], old=null}
2024-10-16 23:57:20,974 INFO  segmented.SegmentedRaftLogWorker (SegmentedRaftLogWorker.java:startLogSegment(442)) - s6@group-676CD6864C30-SegmentedRaftLogWorker: Starting segment from index:0
2024-10-16 23:57:20,980 INFO  segmented.BufferedWriteChannel (BufferedWriteChannel.java:open(61)) - open log_inprogress_0 at position 0
2024-10-16 23:57:20,980 INFO  segmented.SegmentedRaftLogWorker (SegmentedRaftLogWorker.java:execute(663)) - s5@group-676CD6864C30-SegmentedRaftLogWorker: created new log segment /home/runner/work/ratis/ratis/ratis-examples/target/test/data/6cc99a4c/MiniRaftClusterWithNettyeee6e424/s5/4c4f035b-aa8d-4293-9e7b-676cd6864c30/current/log_inprogress_0
2024-10-16 23:57:20,980 INFO  segmented.SegmentedRaftLogWorker (SegmentedRaftLogWorker.java:execute(663)) - s4@group-676CD6864C30-SegmentedRaftLogWorker: created new log segment /home/runner/work/ratis/ratis/ratis-examples/target/test/data/6cc99a4c/MiniRaftClusterWithNettyeee6e424/s4/4c4f035b-aa8d-4293-9e7b-676cd6864c30/current/log_inprogress_0
2024-10-16 23:57:20,981 DEBUG server.RaftServer$Division (RaftServerImpl.java:logAppendEntries(1549)) - s4@group-676CD6864C30: appendEntries* reply s5<-s4#5564:OK-t1,SUCCESS,nextIndex=1,followerCommit=-1,matchIndex=0
2024-10-16 23:57:20,981 TRACE util.FileUtils (LogUtils.java:supplyAndLog(69)) - Successfully supplied FileChannel.open /home/runner/work/ratis/ratis/ratis-examples/target/test/data/6cc99a4c/MiniRaftClusterWithNettyeee6e424/s5/4c4f035b-aa8d-4293-9e7b-676cd6864c30/current/raft-meta.conf.tmp with options [CREATE, WRITE]: sun.nio.ch.FileChannelImpl@1d9fb471
2024-10-16 23:57:20,982 TRACE util.FileUtils (LogUtils.java:runAndLog(49)) - Successfully ran Atomic Files.move /home/runner/work/ratis/ratis/ratis-examples/target/test/data/6cc99a4c/MiniRaftClusterWithNettyeee6e424/s5/4c4f035b-aa8d-4293-9e7b-676cd6864c30/current/raft-meta.conf.tmp to /home/runner/work/ratis/ratis/ratis-examples/target/test/data/6cc99a4c/MiniRaftClusterWithNettyeee6e424/s5/4c4f035b-aa8d-4293-9e7b-676cd6864c30/current/raft-meta.conf with options [REPLACE_EXISTING]
2024-10-16 23:57:20,982 INFO  server.RaftServer$Division (LeaderStateImpl.java:checkStartIndex(314)) - Leader s5@group-676CD6864C30-LeaderStateImpl is ready since appliedIndex == startIndex == 0
2024-10-16 23:57:20,989 INFO  segmented.SegmentedRaftLogWorker (SegmentedRaftLogWorker.java:execute(663)) - s6@group-676CD6864C30-SegmentedRaftLogWorker: created new log segment /home/runner/work/ratis/ratis/ratis-examples/target/test/data/6cc99a4c/MiniRaftClusterWithNettyeee6e424/s6/4c4f035b-aa8d-4293-9e7b-676cd6864c30/current/log_inprogress_0
2024-10-16 23:57:20,989 DEBUG server.RaftServer$Division (RaftServerImpl.java:logAppendEntries(1549)) - s6@group-676CD6864C30: appendEntries* reply s5<-s6#5565:OK-t1,SUCCESS,nextIndex=1,followerCommit=-1,matchIndex=0
2024-10-16 23:57:21,132 TRACE util.FileUtils (LogUtils.java:supplyAndLog(69)) - Successfully supplied FileChannel.open /home/runner/work/ratis/ratis/ratis-examples/target/test/data/6cc99a4c/MiniRaftClusterWithNettyeee6e424/s4/4c4f035b-aa8d-4293-9e7b-676cd6864c30/current/raft-meta.conf.tmp with options [CREATE, WRITE]: sun.nio.ch.FileChannelImpl@7b3d6aa2
2024-10-16 23:57:21,133 TRACE util.FileUtils (LogUtils.java:runAndLog(49)) - Successfully ran Atomic Files.move /home/runner/work/ratis/ratis/ratis-examples/target/test/data/6cc99a4c/MiniRaftClusterWithNettyeee6e424/s4/4c4f035b-aa8d-4293-9e7b-676cd6864c30/current/raft-meta.conf.tmp to /home/runner/work/ratis/ratis/ratis-examples/target/test/data/6cc99a4c/MiniRaftClusterWithNettyeee6e424/s4/4c4f035b-aa8d-4293-9e7b-676cd6864c30/current/raft-meta.conf with options [REPLACE_EXISTING]
2024-10-16 23:57:21,140 TRACE util.FileUtils (LogUtils.java:supplyAndLog(69)) - Successfully supplied FileChannel.open /home/runner/work/ratis/ratis/ratis-examples/target/test/data/6cc99a4c/MiniRaftClusterWithNettyeee6e424/s6/4c4f035b-aa8d-4293-9e7b-676cd6864c30/current/raft-meta.conf.tmp with options [CREATE, WRITE]: sun.nio.ch.FileChannelImpl@4cee1b4f
2024-10-16 23:57:21,142 TRACE util.FileUtils (LogUtils.java:runAndLog(49)) - Successfully ran Atomic Files.move /home/runner/work/ratis/ratis/ratis-examples/target/test/data/6cc99a4c/MiniRaftClusterWithNettyeee6e424/s6/4c4f035b-aa8d-4293-9e7b-676cd6864c30/current/raft-meta.conf.tmp to /home/runner/work/ratis/ratis/ratis-examples/target/test/data/6cc99a4c/MiniRaftClusterWithNettyeee6e424/s6/4c4f035b-aa8d-4293-9e7b-676cd6864c30/current/raft-meta.conf with options [REPLACE_EXISTING]
2024-10-16 23:57:21,464 INFO  ratis.RaftTestUtil (RaftTestUtil.java:waitForLeader(131)) - printing group-676CD6864C30
  s4:  RUNNING [
   FOLLOWER s4@group-9EBC86A0B11D:t0, leader=null, voted=, raftlog=Memoized:s4@group-9EBC86A0B11D-SegmentedRaftLog:OPENED:c-1:lastnull, conf=conf: {index: -1, cur=peers:[]|listeners:[], old=null} STARTING
   FOLLOWER s4@group-676CD6864C30:t1, leader=s5, voted=s5, raftlog=Memoized:s4@group-676CD6864C30-SegmentedRaftLog:OPENED:c0:last(t:1, i:0), conf=conf: {index: 0, cur=peers:[s4|0.0.0.0:15019, s5|0.0.0.0:15020, s6|0.0.0.0:15021]|listeners:[], old=null} RUNNING] size=2
  s5:  RUNNING [
   FOLLOWER s5@group-9EBC86A0B11D:t0, leader=null, voted=, raftlog=Memoized:s5@group-9EBC86A0B11D-SegmentedRaftLog:OPENED:c-1:lastnull, conf=conf: {index: -1, cur=peers:[]|listeners:[], old=null} STARTING
     LEADER s5@group-676CD6864C30:t1, leader=s5, voted=s5, raftlog=Memoized:s5@group-676CD6864C30-SegmentedRaftLog:OPENED:c0:last(t:1, i:0), conf=conf: {index: 0, cur=peers:[s4|0.0.0.0:15019, s5|0.0.0.0:15020, s6|0.0.0.0:15021]|listeners:[], old=null} RUNNING] size=2
  s6:  RUNNING [
   FOLLOWER s6@group-9EBC86A0B11D:t0, leader=null, voted=, raftlog=Memoized:s6@group-9EBC86A0B11D-SegmentedRaftLog:OPENED:c-1:lastnull, conf=conf: {index: -1, cur=peers:[]|listeners:[], old=null} STARTING
   FOLLOWER s6@group-676CD6864C30:t1, leader=s5, voted=s5, raftlog=Memoized:s6@group-676CD6864C30-SegmentedRaftLog:OPENED:c0:last(t:1, i:0), conf=conf: {index: 0, cur=peers:[s4|0.0.0.0:15019, s5|0.0.0.0:15020, s6|0.0.0.0:15021]|listeners:[], old=null} RUNNING] size=2
2024-10-16 23:57:21,465 INFO  netty.NettyUtils (NettyUtils.java:newEventLoopGroup(74)) - Create EpollEventLoopGroup for client-DBFB2ABE2B08; Thread size is 0.
2024-10-16 23:57:21,466 INFO  logging.LoggingHandler (AbstractInternalLogger.java:log(148)) - [id: 0xae2b77fe, L:/0.0.0.0:15019] READ: [id: 0x63f25e98, L:/127.0.0.1:15019 - R:/127.0.0.1:60514]
2024-10-16 23:57:21,466 INFO  logging.LoggingHandler (AbstractInternalLogger.java:log(148)) - [id: 0xae2b77fe, L:/0.0.0.0:15019] READ COMPLETE
2024-10-16 23:57:21,467 DEBUG server.RaftServer$Division (RaftServerImpl.java:submitClientRequestAsync(920)) - s4@group-676CD6864C30: receive client request(RaftClientRequest:client-DBFB2ABE2B08->s4@group-676CD6864C30, cid=5618, seq=null, RW, Message:01016102404f80000000...(size=12))
2024-10-16 23:57:21,568 INFO  logging.LoggingHandler (AbstractInternalLogger.java:log(148)) - [id: 0x07bad65c, L:/0.0.0.0:15020] READ: [id: 0x2a9f90c2, L:/127.0.0.1:15020 - R:/127.0.0.1:57026]
2024-10-16 23:57:21,569 INFO  logging.LoggingHandler (AbstractInternalLogger.java:log(148)) - [id: 0x07bad65c, L:/0.0.0.0:15020] READ COMPLETE
2024-10-16 23:57:21,569 DEBUG server.RaftServer$Division (RaftServerImpl.java:submitClientRequestAsync(920)) - s5@group-676CD6864C30: receive client request(RaftClientRequest:client-DBFB2ABE2B08->s5@group-676CD6864C30, cid=5618, seq=null, RW, Message:01016102404f80000000...(size=12))
2024-10-16 23:57:21,569 DEBUG server.RaftServer$Division (LeaderStateImpl.java:addPendingRequest(529)) - s5@group-676CD6864C30-LeaderStateImpl: addPendingRequest at RaftClientRequest:client-DBFB2ABE2B08->s5@group-676CD6864C30, cid=5618, seq=null, RW, Message:01016102404f80000000...(size=12), entry=(t:1, i:1), STATEMACHINELOGENTRY, WRITE: logData.size=12, stateMachineData.size=0, logEntryProtoSerializedSize=0
2024-10-16 23:57:21,570 DEBUG server.RaftServer$Division (RaftServerImpl.java:logAppendEntries(1549)) - s4@group-676CD6864C30: appendEntries* s5->s4#5627-t1,previous=(t:1, i:0),leaderCommit=0,initializing? false,entries: size=1, first=(t:1, i:1), STATEMACHINELOGENTRY, StateMachineLogEntryProto:5618@client-DBFB2ABE2B08
2024-10-16 23:57:21,570 DEBUG server.RaftServer$Division (RaftServerImpl.java:logAppendEntries(1549)) - s6@group-676CD6864C30: appendEntries* s5->s6#5628-t1,previous=(t:1, i:0),leaderCommit=0,initializing? false,entries: size=1, first=(t:1, i:1), STATEMACHINELOGENTRY, StateMachineLogEntryProto:5618@client-DBFB2ABE2B08
2024-10-16 23:57:21,570 DEBUG server.RaftServer$Division (RaftServerImpl.java:logAppendEntries(1549)) - s4@group-676CD6864C30: appendEntries* reply s5<-s4#5627:OK-t1,SUCCESS,nextIndex=2,followerCommit=0,matchIndex=1
2024-10-16 23:57:21,570 DEBUG server.RaftServer$Division (RaftServerImpl.java:logAppendEntries(1549)) - s6@group-676CD6864C30: appendEntries* reply s5<-s6#5628:OK-t1,SUCCESS,nextIndex=2,followerCommit=0,matchIndex=1
2024-10-16 23:57:21,571 INFO  statemachine.StateMachine (ArithmeticStateMachine.java:applyTransaction(181)) - LEADER:s5-1: a = 63 = 63
2024-10-16 23:57:21,572 DEBUG server.RaftServer$Division (RaftServerImpl.java:logAppendEntries(1549)) - s6@group-676CD6864C30: appendEntries* s5->s6#5629-t1,previous=(t:1, i:1),leaderCommit=1,initializing? false,entries: size=1, first=(t:1, i:2), METADATAENTRY(c:1)
2024-10-16 23:57:21,572 DEBUG server.RaftServer$Division (RaftServerImpl.java:logAppendEntries(1549)) - s6@group-676CD6864C30: appendEntries* reply s5<-s6#5629:OK-t1,SUCCESS,nextIndex=3,followerCommit=1,matchIndex=2
2024-10-16 23:57:21,572 DEBUG server.RaftServer$Division (RaftServerImpl.java:logAppendEntries(1549)) - s4@group-676CD6864C30: appendEntries* s5->s4#5630-t1,previous=(t:1, i:1),leaderCommit=1,initializing? false,entries: size=1, first=(t:1, i:2), METADATAENTRY(c:1)
2024-10-16 23:57:21,572 DEBUG server.RaftServer$Division (RaftServerImpl.java:submitClientRequestAsync(920)) - s5@group-676CD6864C30: receive client request(RaftClientRequest:client-DBFB2ABE2B08->s5@group-676CD6864C30, cid=5631, seq=null, RW, Message:01016202409f00000000...(size=12))
2024-10-16 23:57:21,572 DEBUG server.RaftServer$Division (RaftServerImpl.java:logAppendEntries(1549)) - s4@group-676CD6864C30: appendEntries* reply s5<-s4#5630:OK-t1,SUCCESS,nextIndex=3,followerCommit=1,matchIndex=2
2024-10-16 23:57:21,573 DEBUG server.RaftServer$Division (LeaderStateImpl.java:addPendingRequest(529)) - s5@group-676CD6864C30-LeaderStateImpl: addPendingRequest at RaftClientRequest:client-DBFB2ABE2B08->s5@group-676CD6864C30, cid=5631, seq=null, RW, Message:01016202409f00000000...(size=12), entry=(t:1, i:3), STATEMACHINELOGENTRY, WRITE: logData.size=12, stateMachineData.size=0, logEntryProtoSerializedSize=0
2024-10-16 23:57:21,573 DEBUG server.RaftServer$Division (RaftServerImpl.java:logAppendEntries(1549)) - s4@group-676CD6864C30: appendEntries* s5->s4#5632-t1,previous=(t:1, i:2),leaderCommit=1,initializing? false,entries: size=1, first=(t:1, i:3), STATEMACHINELOGENTRY, StateMachineLogEntryProto:5631@client-DBFB2ABE2B08
2024-10-16 23:57:21,573 DEBUG server.RaftServer$Division (RaftServerImpl.java:logAppendEntries(1549)) - s6@group-676CD6864C30: appendEntries* s5->s6#5633-t1,previous=(t:1, i:2),leaderCommit=2,initializing? false,entries: size=1, first=(t:1, i:3), STATEMACHINELOGENTRY, StateMachineLogEntryProto:5631@client-DBFB2ABE2B08
2024-10-16 23:57:21,573 DEBUG server.RaftServer$Division (RaftServerImpl.java:logAppendEntries(1549)) - s4@group-676CD6864C30: appendEntries* reply s5<-s4#5632:OK-t1,SUCCESS,nextIndex=4,followerCommit=1,matchIndex=3
2024-10-16 23:57:21,574 DEBUG server.RaftServer$Division (RaftServerImpl.java:logAppendEntries(1549)) - s6@group-676CD6864C30: appendEntries* reply s5<-s6#5633:OK-t1,SUCCESS,nextIndex=4,followerCommit=2,matchIndex=3
2024-10-16 23:57:21,574 INFO  statemachine.StateMachine (ArithmeticStateMachine.java:applyTransaction(181)) - LEADER:s5-3: b = 1984 = 1984
2024-10-16 23:57:21,574 DEBUG server.RaftServer$Division (RaftServerImpl.java:logAppendEntries(1549)) - s4@group-676CD6864C30: appendEntries* s5->s4#5634-t1,previous=(t:1, i:3),leaderCommit=3,initializing? false,entries: size=1, first=(t:1, i:4), METADATAENTRY(c:3)
2024-10-16 23:57:21,574 DEBUG server.RaftServer$Division (RaftServerImpl.java:logAppendEntries(1549)) - s6@group-676CD6864C30: appendEntries* s5->s6#5635-t1,previous=(t:1, i:3),leaderCommit=3,initializing? false,entries: size=1, first=(t:1, i:4), METADATAENTRY(c:3)
2024-10-16 23:57:21,575 DEBUG server.RaftServer$Division (RaftServerImpl.java:logAppendEntries(1549)) - s6@group-676CD6864C30: appendEntries* reply s5<-s6#5635:OK-t1,SUCCESS,nextIndex=5,followerCommit=3,matchIndex=4
2024-10-16 23:57:21,575 DEBUG server.RaftServer$Division (RaftServerImpl.java:logAppendEntries(1549)) - s4@group-676CD6864C30: appendEntries* reply s5<-s4#5634:OK-t1,SUCCESS,nextIndex=5,followerCommit=3,matchIndex=4
2024-10-16 23:57:21,579 DEBUG server.RaftServer$Division (RaftServerImpl.java:submitClientRequestAsync(920)) - s5@group-676CD6864C30: receive client request(RaftClientRequest:client-DBFB2ABE2B08->s5@group-676CD6864C30, cid=5636, seq=null, RW, Message:01016304010300040201...(size=17))
2024-10-16 23:57:21,579 DEBUG server.RaftServer$Division (LeaderStateImpl.java:addPendingRequest(529)) - s5@group-676CD6864C30-LeaderStateImpl: addPendingRequest at RaftClientRequest:client-DBFB2ABE2B08->s5@group-676CD6864C30, cid=5636, seq=null, RW, Message:01016304010300040201...(size=17), entry=(t:1, i:5), STATEMACHINELOGENTRY, WRITE: logData.size=17, stateMachineData.size=0, logEntryProtoSerializedSize=0
2024-10-16 23:57:21,580 DEBUG server.RaftServer$Division (RaftServerImpl.java:logAppendEntries(1549)) - s4@group-676CD6864C30: appendEntries* s5->s4#5637-t1,previous=(t:1, i:4),leaderCommit=4,initializing? false,entries: size=1, first=(t:1, i:5), STATEMACHINELOGENTRY, StateMachineLogEntryProto:5636@client-DBFB2ABE2B08
2024-10-16 23:57:21,580 DEBUG server.RaftServer$Division (RaftServerImpl.java:logAppendEntries(1549)) - s6@group-676CD6864C30: appendEntries* s5->s6#5638-t1,previous=(t:1, i:4),leaderCommit=4,initializing? false,entries: size=1, first=(t:1, i:5), STATEMACHINELOGENTRY, StateMachineLogEntryProto:5636@client-DBFB2ABE2B08
2024-10-16 23:57:21,580 DEBUG server.RaftServer$Division (RaftServerImpl.java:logAppendEntries(1549)) - s4@group-676CD6864C30: appendEntries* reply s5<-s4#5637:OK-t1,SUCCESS,nextIndex=6,followerCommit=4,matchIndex=5
2024-10-16 23:57:21,581 INFO  statemachine.StateMachine (ArithmeticStateMachine.java:applyTransaction(181)) - LEADER:s5-5: c = √(a^2 + b^2) = 1985
2024-10-16 23:57:21,581 DEBUG server.RaftServer$Division (RaftServerImpl.java:logAppendEntries(1549)) - s6@group-676CD6864C30: appendEntries* reply s5<-s6#5638:OK-t1,SUCCESS,nextIndex=6,followerCommit=4,matchIndex=5
2024-10-16 23:57:21,581 DEBUG server.RaftServer$Division (RaftServerImpl.java:logAppendEntries(1549)) - s4@group-676CD6864C30: appendEntries* s5->s4#5639-t1,previous=(t:1, i:5),leaderCommit=5,initializing? false,entries: size=1, first=(t:1, i:6), METADATAENTRY(c:5)
2024-10-16 23:57:21,581 DEBUG server.RaftServer$Division (RaftServerImpl.java:logAppendEntries(1549)) - s6@group-676CD6864C30: appendEntries* s5->s6#5640-t1,previous=(t:1, i:5),leaderCommit=5,initializing? false,entries: size=1, first=(t:1, i:6), METADATAENTRY(c:5)
2024-10-16 23:57:21,581 DEBUG server.RaftServer$Division (RaftServerImpl.java:logAppendEntries(1549)) - s4@group-676CD6864C30: appendEntries* reply s5<-s4#5639:OK-t1,SUCCESS,nextIndex=7,followerCommit=5,matchIndex=6
2024-10-16 23:57:21,581 DEBUG server.RaftServer$Division (RaftServerImpl.java:submitClientRequestAsync(920)) - s5@group-676CD6864C30: receive client request(RaftClientRequest:client-DBFB2ABE2B08->s5@group-676CD6864C30, cid=5641, seq=null, RW, Message:01016100)
2024-10-16 23:57:21,582 DEBUG server.RaftServer$Division (RaftServerImpl.java:logAppendEntries(1549)) - s6@group-676CD6864C30: appendEntries* reply s5<-s6#5640:OK-t1,SUCCESS,nextIndex=7,followerCommit=5,matchIndex=6
2024-10-16 23:57:21,582 DEBUG server.RaftServer$Division (LeaderStateImpl.java:addPendingRequest(529)) - s5@group-676CD6864C30-LeaderStateImpl: addPendingRequest at RaftClientRequest:client-DBFB2ABE2B08->s5@group-676CD6864C30, cid=5641, seq=null, RW, Message:01016100, entry=(t:1, i:7), STATEMACHINELOGENTRY, WRITE: logData.size=4, stateMachineData.size=0, logEntryProtoSerializedSize=0
2024-10-16 23:57:21,582 DEBUG server.RaftServer$Division (RaftServerImpl.java:logAppendEntries(1549)) - s4@group-676CD6864C30: appendEntries* s5->s4#5643-t1,previous=(t:1, i:6),leaderCommit=6,initializing? false,entries: size=1, first=(t:1, i:7), STATEMACHINELOGENTRY, StateMachineLogEntryProto:5641@client-DBFB2ABE2B08
2024-10-16 23:57:21,582 DEBUG server.RaftServer$Division (RaftServerImpl.java:logAppendEntries(1549)) - s6@group-676CD6864C30: appendEntries* s5->s6#5642-t1,previous=(t:1, i:6),leaderCommit=6,initializing? false,entries: size=1, first=(t:1, i:7), STATEMACHINELOGENTRY, StateMachineLogEntryProto:5641@client-DBFB2ABE2B08
2024-10-16 23:57:21,582 DEBUG server.RaftServer$Division (RaftServerImpl.java:logAppendEntries(1549)) - s4@group-676CD6864C30: appendEntries* reply s5<-s4#5643:OK-t1,SUCCESS,nextIndex=8,followerCommit=6,matchIndex=7
2024-10-16 23:57:21,583 INFO  statemachine.StateMachine (ArithmeticStateMachine.java:applyTransaction(181)) - LEADER:s5-7: a = null = null
2024-10-16 23:57:21,583 DEBUG server.RaftServer$Division (RaftServerImpl.java:logAppendEntries(1549)) - s6@group-676CD6864C30: appendEntries* reply s5<-s6#5642:OK-t1,SUCCESS,nextIndex=8,followerCommit=6,matchIndex=7
2024-10-16 23:57:21,583 DEBUG server.RaftServer$Division (RaftServerImpl.java:logAppendEntries(1549)) - s4@group-676CD6864C30: appendEntries* s5->s4#5644-t1,previous=(t:1, i:7),leaderCommit=7,initializing? false,entries: size=1, first=(t:1, i:8), METADATAENTRY(c:7)
2024-10-16 23:57:21,583 DEBUG server.RaftServer$Division (RaftServerImpl.java:logAppendEntries(1549)) - s6@group-676CD6864C30: appendEntries* s5->s6#5646-t1,previous=(t:1, i:7),leaderCommit=7,initializing? false,entries: size=1, first=(t:1, i:8), METADATAENTRY(c:7)
2024-10-16 23:57:21,584 DEBUG server.RaftServer$Division (RaftServerImpl.java:logAppendEntries(1549)) - s6@group-676CD6864C30: appendEntries* reply s5<-s6#5646:OK-t1,SUCCESS,nextIndex=9,followerCommit=7,matchIndex=8
2024-10-16 23:57:21,584 DEBUG server.RaftServer$Division (RaftServerImpl.java:logAppendEntries(1549)) - s4@group-676CD6864C30: appendEntries* reply s5<-s4#5644:OK-t1,SUCCESS,nextIndex=9,followerCommit=7,matchIndex=8
2024-10-16 23:57:21,585 DEBUG server.RaftServer$Division (RaftServerImpl.java:submitClientRequestAsync(920)) - s5@group-676CD6864C30: receive client request(RaftClientRequest:client-DBFB2ABE2B08->s5@group-676CD6864C30, cid=5645, seq=null, RW, Message:01016200)
2024-10-16 23:57:21,585 DEBUG server.RaftServer$Division (LeaderStateImpl.java:addPendingRequest(529)) - s5@group-676CD6864C30-LeaderStateImpl: addPendingRequest at RaftClientRequest:client-DBFB2ABE2B08->s5@group-676CD6864C30, cid=5645, seq=null, RW, Message:01016200, entry=(t:1, i:9), STATEMACHINELOGENTRY, WRITE: logData.size=4, stateMachineData.size=0, logEntryProtoSerializedSize=0
2024-10-16 23:57:21,585 DEBUG server.RaftServer$Division (RaftServerImpl.java:logAppendEntries(1549)) - s4@group-676CD6864C30: appendEntries* s5->s4#5647-t1,previous=(t:1, i:8),leaderCommit=8,initializing? false,entries: size=1, first=(t:1, i:9), STATEMACHINELOGENTRY, StateMachineLogEntryProto:5645@client-DBFB2ABE2B08
2024-10-16 23:57:21,586 DEBUG server.RaftServer$Division (RaftServerImpl.java:logAppendEntries(1549)) - s4@group-676CD6864C30: appendEntries* reply s5<-s4#5647:OK-t1,SUCCESS,nextIndex=10,followerCommit=8,matchIndex=9
2024-10-16 23:57:21,586 DEBUG server.RaftServer$Division (RaftServerImpl.java:logAppendEntries(1549)) - s6@group-676CD6864C30: appendEntries* s5->s6#5648-t1,previous=(t:1, i:8),leaderCommit=8,initializing? false,entries: size=1, first=(t:1, i:9), STATEMACHINELOGENTRY, StateMachineLogEntryProto:5645@client-DBFB2ABE2B08
2024-10-16 23:57:21,586 INFO  statemachine.StateMachine (ArithmeticStateMachine.java:applyTransaction(181)) - LEADER:s5-9: b = null = null
2024-10-16 23:57:21,587 DEBUG server.RaftServer$Division (RaftServerImpl.java:logAppendEntries(1549)) - s6@group-676CD6864C30: appendEntries* reply s5<-s6#5648:OK-t1,SUCCESS,nextIndex=10,followerCommit=8,matchIndex=9
2024-10-16 23:57:21,587 DEBUG server.RaftServer$Division (RaftServerImpl.java:logAppendEntries(1549)) - s4@group-676CD6864C30: appendEntries* s5->s4#5649-t1,previous=(t:1, i:9),leaderCommit=9,initializing? false,entries: size=1, first=(t:1, i:10), METADATAENTRY(c:9)
2024-10-16 23:57:21,587 DEBUG server.RaftServer$Division (RaftServerImpl.java:submitClientRequestAsync(920)) - s5@group-676CD6864C30: receive client request(RaftClientRequest:client-DBFB2ABE2B08->s5@group-676CD6864C30, cid=5650, seq=null, RW, Message:01016300)
2024-10-16 23:57:21,587 DEBUG server.RaftServer$Division (RaftServerImpl.java:logAppendEntries(1549)) - s4@group-676CD6864C30: appendEntries* reply s5<-s4#5649:OK-t1,SUCCESS,nextIndex=11,followerCommit=9,matchIndex=10
2024-10-16 23:57:21,587 DEBUG server.RaftServer$Division (LeaderStateImpl.java:addPendingRequest(529)) - s5@group-676CD6864C30-LeaderStateImpl: addPendingRequest at RaftClientRequest:client-DBFB2ABE2B08->s5@group-676CD6864C30, cid=5650, seq=null, RW, Message:01016300, entry=(t:1, i:11), STATEMACHINELOGENTRY, WRITE: logData.size=4, stateMachineData.size=0, logEntryProtoSerializedSize=0
2024-10-16 23:57:21,588 DEBUG server.RaftServer$Division (RaftServerImpl.java:logAppendEntries(1549)) - s6@group-676CD6864C30: appendEntries* s5->s6#5651-t1,previous=(t:1, i:9),leaderCommit=9,initializing? false,entries: size=2, first=(t:1, i:10), METADATAENTRY(c:9)
2024-10-16 23:57:21,588 DEBUG server.RaftServer$Division (RaftServerImpl.java:logAppendEntries(1549)) - s4@group-676CD6864C30: appendEntries* s5->s4#5652-t1,previous=(t:1, i:10),leaderCommit=9,initializing? false,entries: size=1, first=(t:1, i:11), STATEMACHINELOGENTRY, StateMachineLogEntryProto:5650@client-DBFB2ABE2B08
2024-10-16 23:57:21,588 DEBUG server.RaftServer$Division (RaftServerImpl.java:logAppendEntries(1549)) - s6@group-676CD6864C30: appendEntries* reply s5<-s6#5651:OK-t1,SUCCESS,nextIndex=12,followerCommit=9,matchIndex=11
2024-10-16 23:57:21,589 DEBUG server.RaftServer$Division (RaftServerImpl.java:logAppendEntries(1549)) - s4@group-676CD6864C30: appendEntries* reply s5<-s4#5652:OK-t1,SUCCESS,nextIndex=12,followerCommit=9,matchIndex=11
2024-10-16 23:57:21,589 INFO  statemachine.StateMachine (ArithmeticStateMachine.java:applyTransaction(181)) - LEADER:s5-11: c = null = null
2024-10-16 23:57:21,589 DEBUG server.RaftServer$Division (RaftServerImpl.java:logAppendEntries(1549)) - s4@group-676CD6864C30: appendEntries* s5->s4#5653-t1,previous=(t:1, i:11),leaderCommit=11,initializing? false,entries: size=1, first=(t:1, i:12), METADATAENTRY(c:11)
2024-10-16 23:57:21,589 DEBUG server.RaftServer$Division (RaftServerImpl.java:logAppendEntries(1549)) - s6@group-676CD6864C30: appendEntries* s5->s6#5654-t1,previous=(t:1, i:11),leaderCommit=11,initializing? false,entries: size=1, first=(t:1, i:12), METADATAENTRY(c:11)
2024-10-16 23:57:21,590 DEBUG server.RaftServer$Division (RaftServerImpl.java:submitClientRequestAsync(920)) - s5@group-676CD6864C30: receive client request(RaftClientRequest:client-DBFB2ABE2B08->s5@group-676CD6864C30, cid=5655, seq=null, RW, Message:01016102405040000000...(size=12))
2024-10-16 23:57:21,590 DEBUG server.RaftServer$Division (LeaderStateImpl.java:addPendingRequest(529)) - s5@group-676CD6864C30-LeaderStateImpl: addPendingRequest at RaftClientRequest:client-DBFB2ABE2B08->s5@group-676CD6864C30, cid=5655, seq=null, RW, Message:01016102405040000000...(size=12), entry=(t:1, i:13), STATEMACHINELOGENTRY, WRITE: logData.size=12, stateMachineData.size=0, logEntryProtoSerializedSize=0
2024-10-16 23:57:21,591 DEBUG server.RaftServer$Division (RaftServerImpl.java:logAppendEntries(1549)) - s6@group-676CD6864C30: appendEntries* reply s5<-s6#5654:OK-t1,SUCCESS,nextIndex=13,followerCommit=11,matchIndex=12
2024-10-16 23:57:21,591 DEBUG server.RaftServer$Division (RaftServerImpl.java:logAppendEntries(1549)) - s4@group-676CD6864C30: appendEntries* reply s5<-s4#5653:OK-t1,SUCCESS,nextIndex=13,followerCommit=11,matchIndex=12
2024-10-16 23:57:21,592 DEBUG server.RaftServer$Division (RaftServerImpl.java:logAppendEntries(1549)) - s6@group-676CD6864C30: appendEntries* s5->s6#5656-t1,previous=(t:1, i:12),leaderCommit=12,initializing? false,entries: size=1, first=(t:1, i:13), STATEMACHINELOGENTRY, StateMachineLogEntryProto:5655@client-DBFB2ABE2B08
2024-10-16 23:57:21,592 DEBUG server.RaftServer$Division (RaftServerImpl.java:logAppendEntries(1549)) - s4@group-676CD6864C30: appendEntries* s5->s4#5657-t1,previous=(t:1, i:12),leaderCommit=12,initializing? false,entries: size=1, first=(t:1, i:13), STATEMACHINELOGENTRY, StateMachineLogEntryProto:5655@client-DBFB2ABE2B08
2024-10-16 23:57:21,592 DEBUG server.RaftServer$Division (RaftServerImpl.java:logAppendEntries(1549)) - s6@group-676CD6864C30: appendEntries* reply s5<-s6#5656:OK-t1,SUCCESS,nextIndex=14,followerCommit=12,matchIndex=13
2024-10-16 23:57:21,592 DEBUG server.RaftServer$Division (RaftServerImpl.java:logAppendEntries(1549)) - s4@group-676CD6864C30: appendEntries* reply s5<-s4#5657:OK-t1,SUCCESS,nextIndex=14,followerCommit=12,matchIndex=13
2024-10-16 23:57:21,592 INFO  statemachine.StateMachine (ArithmeticStateMachine.java:applyTransaction(181)) - LEADER:s5-13: a = 65 = 65
2024-10-16 23:57:21,593 DEBUG server.RaftServer$Division (RaftServerImpl.java:logAppendEntries(1549)) - s4@group-676CD6864C30: appendEntries* s5->s4#5658-t1,previous=(t:1, i:13),leaderCommit=13,initializing? false,entries: size=1, first=(t:1, i:14), METADATAENTRY(c:13)
2024-10-16 23:57:21,593 DEBUG server.RaftServer$Division (RaftServerImpl.java:logAppendEntries(1549)) - s6@group-676CD6864C30: appendEntries* s5->s6#5659-t1,previous=(t:1, i:13),leaderCommit=13,initializing? false,entries: size=1, first=(t:1, i:14), METADATAENTRY(c:13)
2024-10-16 23:57:21,593 DEBUG server.RaftServer$Division (RaftServerImpl.java:submitClientRequestAsync(920)) - s5@group-676CD6864C30: receive client request(RaftClientRequest:client-DBFB2ABE2B08->s5@group-676CD6864C30, cid=5660, seq=null, RW, Message:0101620240a080000000...(size=12))
2024-10-16 23:57:21,593 DEBUG server.RaftServer$Division (RaftServerImpl.java:logAppendEntries(1549)) - s4@group-676CD6864C30: appendEntries* reply s5<-s4#5658:OK-t1,SUCCESS,nextIndex=15,followerCommit=13,matchIndex=14
2024-10-16 23:57:21,593 DEBUG server.RaftServer$Division (LeaderStateImpl.java:addPendingRequest(529)) - s5@group-676CD6864C30-LeaderStateImpl: addPendingRequest at RaftClientRequest:client-DBFB2ABE2B08->s5@group-676CD6864C30, cid=5660, seq=null, RW, Message:0101620240a080000000...(size=12), entry=(t:1, i:15), STATEMACHINELOGENTRY, WRITE: logData.size=12, stateMachineData.size=0, logEntryProtoSerializedSize=0
2024-10-16 23:57:21,593 DEBUG server.RaftServer$Division (RaftServerImpl.java:logAppendEntries(1549)) - s6@group-676CD6864C30: appendEntries* reply s5<-s6#5659:OK-t1,SUCCESS,nextIndex=15,followerCommit=13,matchIndex=14
2024-10-16 23:57:21,594 DEBUG server.RaftServer$Division (RaftServerImpl.java:logAppendEntries(1549)) - s4@group-676CD6864C30: appendEntries* s5->s4#5661-t1,previous=(t:1, i:14),leaderCommit=13,initializing? false,entries: size=1, first=(t:1, i:15), STATEMACHINELOGENTRY, StateMachineLogEntryProto:5660@client-DBFB2ABE2B08
2024-10-16 23:57:21,594 DEBUG server.RaftServer$Division (RaftServerImpl.java:logAppendEntries(1549)) - s6@group-676CD6864C30: appendEntries* s5->s6#5662-t1,previous=(t:1, i:14),leaderCommit=14,initializing? false,entries: size=1, first=(t:1, i:15), STATEMACHINELOGENTRY, StateMachineLogEntryProto:5660@client-DBFB2ABE2B08
2024-10-16 23:57:21,594 DEBUG server.RaftServer$Division (RaftServerImpl.java:logAppendEntries(1549)) - s4@group-676CD6864C30: appendEntries* reply s5<-s4#5661:OK-t1,SUCCESS,nextIndex=16,followerCommit=13,matchIndex=15
2024-10-16 23:57:21,595 INFO  statemachine.StateMachine (ArithmeticStateMachine.java:applyTransaction(181)) - LEADER:s5-15: b = 2112 = 2112
2024-10-16 23:57:21,595 DEBUG server.RaftServer$Division (RaftServerImpl.java:logAppendEntries(1549)) - s6@group-676CD6864C30: appendEntries* reply s5<-s6#5662:OK-t1,SUCCESS,nextIndex=16,followerCommit=14,matchIndex=15
2024-10-16 23:57:21,595 DEBUG server.RaftServer$Division (RaftServerImpl.java:logAppendEntries(1549)) - s4@group-676CD6864C30: appendEntries* s5->s4#5663-t1,previous=(t:1, i:15),leaderCommit=15,initializing? false,entries: size=1, first=(t:1, i:16), METADATAENTRY(c:15)
2024-10-16 23:57:21,595 DEBUG server.RaftServer$Division (RaftServerImpl.java:logAppendEntries(1549)) - s6@group-676CD6864C30: appendEntries* s5->s6#5664-t1,previous=(t:1, i:15),leaderCommit=15,initializing? false,entries: size=1, first=(t:1, i:16), METADATAENTRY(c:15)
2024-10-16 23:57:21,595 DEBUG server.RaftServer$Division (RaftServerImpl.java:logAppendEntries(1549)) - s4@group-676CD6864C30: appendEntries* reply s5<-s4#5663:OK-t1,SUCCESS,nextIndex=17,followerCommit=15,matchIndex=16
2024-10-16 23:57:21,595 DEBUG server.RaftServer$Division (RaftServerImpl.java:submitClientRequestAsync(920)) - s5@group-676CD6864C30: receive client request(RaftClientRequest:client-DBFB2ABE2B08->s5@group-676CD6864C30, cid=5665, seq=null, RW, Message:01016304010300040201...(size=17))
2024-10-16 23:57:21,596 DEBUG server.RaftServer$Division (LeaderStateImpl.java:addPendingRequest(529)) - s5@group-676CD6864C30-LeaderStateImpl: addPendingRequest at RaftClientRequest:client-DBFB2ABE2B08->s5@group-676CD6864C30, cid=5665, seq=null, RW, Message:01016304010300040201...(size=17), entry=(t:1, i:17), STATEMACHINELOGENTRY, WRITE: logData.size=17, stateMachineData.size=0, logEntryProtoSerializedSize=0
2024-10-16 23:57:21,596 DEBUG server.RaftServer$Division (RaftServerImpl.java:logAppendEntries(1549)) - s6@group-676CD6864C30: appendEntries* reply s5<-s6#5664:OK-t1,SUCCESS,nextIndex=17,followerCommit=15,matchIndex=16
2024-10-16 23:57:21,596 DEBUG server.RaftServer$Division (RaftServerImpl.java:logAppendEntries(1549)) - s4@group-676CD6864C30: appendEntries* s5->s4#5666-t1,previous=(t:1, i:16),leaderCommit=16,initializing? false,entries: size=1, first=(t:1, i:17), STATEMACHINELOGENTRY, StateMachineLogEntryProto:5665@client-DBFB2ABE2B08
2024-10-16 23:57:21,596 DEBUG server.RaftServer$Division (RaftServerImpl.java:logAppendEntries(1549)) - s6@group-676CD6864C30: appendEntries* s5->s6#5667-t1,previous=(t:1, i:16),leaderCommit=16,initializing? false,entries: size=1, first=(t:1, i:17), STATEMACHINELOGENTRY, StateMachineLogEntryProto:5665@client-DBFB2ABE2B08
2024-10-16 23:57:21,597 DEBUG server.RaftServer$Division (RaftServerImpl.java:logAppendEntries(1549)) - s4@group-676CD6864C30: appendEntries* reply s5<-s4#5666:OK-t1,SUCCESS,nextIndex=18,followerCommit=16,matchIndex=17
2024-10-16 23:57:21,597 DEBUG server.RaftServer$Division (RaftServerImpl.java:logAppendEntries(1549)) - s6@group-676CD6864C30: appendEntries* reply s5<-s6#5667:OK-t1,SUCCESS,nextIndex=18,followerCommit=16,matchIndex=17
2024-10-16 23:57:21,597 INFO  statemachine.StateMachine (ArithmeticStateMachine.java:applyTransaction(181)) - LEADER:s5-17: c = √(a^2 + b^2) = 2113
2024-10-16 23:57:21,597 DEBUG server.RaftServer$Division (RaftServerImpl.java:logAppendEntries(1549)) - s6@group-676CD6864C30: appendEntries* s5->s6#5668-t1,previous=(t:1, i:17),leaderCommit=17,initializing? false,entries: size=1, first=(t:1, i:18), METADATAENTRY(c:17)
2024-10-16 23:57:21,597 DEBUG server.RaftServer$Division (RaftServerImpl.java:logAppendEntries(1549)) - s4@group-676CD6864C30: appendEntries* s5->s4#5669-t1,previous=(t:1, i:17),leaderCommit=17,initializing? false,entries: size=1, first=(t:1, i:18), METADATAENTRY(c:17)
2024-10-16 23:57:21,597 DEBUG server.RaftServer$Division (RaftServerImpl.java:submitClientRequestAsync(920)) - s5@group-676CD6864C30: receive client request(RaftClientRequest:client-DBFB2ABE2B08->s5@group-676CD6864C30, cid=5670, seq=null, RW, Message:01016100)
2024-10-16 23:57:21,598 DEBUG server.RaftServer$Division (RaftServerImpl.java:logAppendEntries(1549)) - s4@group-676CD6864C30: appendEntries* reply s5<-s4#5669:OK-t1,SUCCESS,nextIndex=19,followerCommit=17,matchIndex=18
2024-10-16 23:57:21,598 DEBUG server.RaftServer$Division (RaftServerImpl.java:logAppendEntries(1549)) - s6@group-676CD6864C30: appendEntries* reply s5<-s6#5668:OK-t1,SUCCESS,nextIndex=19,followerCommit=17,matchIndex=18
2024-10-16 23:57:21,598 DEBUG server.RaftServer$Division (LeaderStateImpl.java:addPendingRequest(529)) - s5@group-676CD6864C30-LeaderStateImpl: addPendingRequest at RaftClientRequest:client-DBFB2ABE2B08->s5@group-676CD6864C30, cid=5670, seq=null, RW, Message:01016100, entry=(t:1, i:19), STATEMACHINELOGENTRY, WRITE: logData.size=4, stateMachineData.size=0, logEntryProtoSerializedSize=0
2024-10-16 23:57:21,609 DEBUG server.RaftServer$Division (RaftServerImpl.java:logAppendEntries(1549)) - s4@group-676CD6864C30: appendEntries* s5->s4#5675-t1,previous=(t:1, i:18),leaderCommit=17,initializing? false,entries: size=1, first=(t:1, i:19), STATEMACHINELOGENTRY, StateMachineLogEntryProto:5670@client-DBFB2ABE2B08
2024-10-16 23:57:21,610 DEBUG server.RaftServer$Division (RaftServerImpl.java:logAppendEntries(1549)) - s4@group-676CD6864C30: appendEntries* reply s5<-s4#5675:OK-t1,SUCCESS,nextIndex=20,followerCommit=17,matchIndex=19
2024-10-16 23:57:21,610 INFO  statemachine.StateMachine (ArithmeticStateMachine.java:applyTransaction(181)) - LEADER:s5-19: a = null = null
2024-10-16 23:57:21,611 DEBUG server.RaftServer$Division (RaftServerImpl.java:submitClientRequestAsync(920)) - s5@group-676CD6864C30: receive client request(RaftClientRequest:client-DBFB2ABE2B08->s5@group-676CD6864C30, cid=5677, seq=null, RW, Message:01016200)
2024-10-16 23:57:21,611 DEBUG server.RaftServer$Division (LeaderStateImpl.java:addPendingRequest(529)) - s5@group-676CD6864C30-LeaderStateImpl: addPendingRequest at RaftClientRequest:client-DBFB2ABE2B08->s5@group-676CD6864C30, cid=5677, seq=null, RW, Message:01016200, entry=(t:1, i:21), STATEMACHINELOGENTRY, WRITE: logData.size=4, stateMachineData.size=0, logEntryProtoSerializedSize=0
2024-10-16 23:57:21,611 DEBUG server.RaftServer$Division (RaftServerImpl.java:logAppendEntries(1549)) - s4@group-676CD6864C30: appendEntries* s5->s4#5676-t1,previous=(t:1, i:19),leaderCommit=19,initializing? false,entries: size=1, first=(t:1, i:20), METADATAENTRY(c:19)
2024-10-16 23:57:21,611 DEBUG server.RaftServer$Division (RaftServerImpl.java:logAppendEntries(1549)) - s6@group-676CD6864C30: appendEntries* s5->s6#5678-t1,previous=(t:1, i:18),leaderCommit=19,initializing? false,entries: size=3, first=(t:1, i:19), STATEMACHINELOGENTRY, StateMachineLogEntryProto:5670@client-DBFB2ABE2B08
2024-10-16 23:57:21,611 DEBUG server.RaftServer$Division (RaftServerImpl.java:logAppendEntries(1549)) - s4@group-676CD6864C30: appendEntries* reply s5<-s4#5676:OK-t1,SUCCESS,nextIndex=21,followerCommit=19,matchIndex=20
2024-10-16 23:57:21,612 DEBUG server.RaftServer$Division (RaftServerImpl.java:logAppendEntries(1549)) - s6@group-676CD6864C30: appendEntries* reply s5<-s6#5678:OK-t1,SUCCESS,nextIndex=22,followerCommit=19,matchIndex=21
2024-10-16 23:57:21,612 DEBUG server.RaftServer$Division (RaftServerImpl.java:logAppendEntries(1549)) - s4@group-676CD6864C30: appendEntries* s5->s4#5679-t1,previous=(t:1, i:20),leaderCommit=19,initializing? false,entries: size=1, first=(t:1, i:21), STATEMACHINELOGENTRY, StateMachineLogEntryProto:5677@client-DBFB2ABE2B08
2024-10-16 23:57:21,612 INFO  statemachine.StateMachine (ArithmeticStateMachine.java:applyTransaction(181)) - LEADER:s5-21: b = null = null
2024-10-16 23:57:21,612 DEBUG server.RaftServer$Division (RaftServerImpl.java:logAppendEntries(1549)) - s4@group-676CD6864C30: appendEntries* reply s5<-s4#5679:OK-t1,SUCCESS,nextIndex=22,followerCommit=19,matchIndex=21
2024-10-16 23:57:21,613 DEBUG server.RaftServer$Division (RaftServerImpl.java:logAppendEntries(1549)) - s6@group-676CD6864C30: appendEntries* s5->s6#5680-t1,previous=(t:1, i:21),leaderCommit=21,initializing? false,entries: size=1, first=(t:1, i:22), METADATAENTRY(c:21)
2024-10-16 23:57:21,613 DEBUG server.RaftServer$Division (RaftServerImpl.java:submitClientRequestAsync(920)) - s5@group-676CD6864C30: receive client request(RaftClientRequest:client-DBFB2ABE2B08->s5@group-676CD6864C30, cid=5681, seq=null, RW, Message:01016300)
2024-10-16 23:57:21,613 DEBUG server.RaftServer$Division (LeaderStateImpl.java:addPendingRequest(529)) - s5@group-676CD6864C30-LeaderStateImpl: addPendingRequest at RaftClientRequest:client-DBFB2ABE2B08->s5@group-676CD6864C30, cid=5681, seq=null, RW, Message:01016300, entry=(t:1, i:23), STATEMACHINELOGENTRY, WRITE: logData.size=4, stateMachineData.size=0, logEntryProtoSerializedSize=0
2024-10-16 23:57:21,613 DEBUG server.RaftServer$Division (RaftServerImpl.java:logAppendEntries(1549)) - s6@group-676CD6864C30: appendEntries* reply s5<-s6#5680:OK-t1,SUCCESS,nextIndex=23,followerCommit=21,matchIndex=22
2024-10-16 23:57:21,613 DEBUG server.RaftServer$Division (RaftServerImpl.java:logAppendEntries(1549)) - s4@group-676CD6864C30: appendEntries* s5->s4#5682-t1,previous=(t:1, i:21),leaderCommit=21,initializing? false,entries: size=1, first=(t:1, i:22), METADATAENTRY(c:21)
2024-10-16 23:57:21,614 DEBUG server.RaftServer$Division (RaftServerImpl.java:logAppendEntries(1549)) - s4@group-676CD6864C30: appendEntries* reply s5<-s4#5682:OK-t1,SUCCESS,nextIndex=23,followerCommit=21,matchIndex=22
2024-10-16 23:57:21,614 DEBUG server.RaftServer$Division (RaftServerImpl.java:logAppendEntries(1549)) - s6@group-676CD6864C30: appendEntries* s5->s6#5683-t1,previous=(t:1, i:22),leaderCommit=22,initializing? false,entries: size=1, first=(t:1, i:23), STATEMACHINELOGENTRY, StateMachineLogEntryProto:5681@client-DBFB2ABE2B08
2024-10-16 23:57:21,614 DEBUG server.RaftServer$Division (RaftServerImpl.java:logAppendEntries(1549)) - s4@group-676CD6864C30: appendEntries* s5->s4#5684-t1,previous=(t:1, i:22),leaderCommit=22,initializing? false,entries: size=1, first=(t:1, i:23), STATEMACHINELOGENTRY, StateMachineLogEntryProto:5681@client-DBFB2ABE2B08
2024-10-16 23:57:21,614 DEBUG server.RaftServer$Division (RaftServerImpl.java:logAppendEntries(1549)) - s6@group-676CD6864C30: appendEntries* reply s5<-s6#5683:OK-t1,SUCCESS,nextIndex=24,followerCommit=22,matchIndex=23
2024-10-16 23:57:21,615 INFO  statemachine.StateMachine (ArithmeticStateMachine.java:applyTransaction(181)) - LEADER:s5-23: c = null = null
2024-10-16 23:57:21,615 DEBUG server.RaftServer$Division (RaftServerImpl.java:logAppendEntries(1549)) - s4@group-676CD6864C30: appendEntries* reply s5<-s4#5684:OK-t1,SUCCESS,nextIndex=24,followerCommit=22,matchIndex=23
2024-10-16 23:57:21,615 DEBUG server.RaftServer$Division (RaftServerImpl.java:submitClientRequestAsync(920)) - s5@group-676CD6864C30: receive client request(RaftClientRequest:client-DBFB2ABE2B08->s5@group-676CD6864C30, cid=5686, seq=null, RW, Message:010161024050c0000000...(size=12))
2024-10-16 23:57:21,615 DEBUG server.RaftServer$Division (LeaderStateImpl.java:addPendingRequest(529)) - s5@group-676CD6864C30-LeaderStateImpl: addPendingRequest at RaftClientRequest:client-DBFB2ABE2B08->s5@group-676CD6864C30, cid=5686, seq=null, RW, Message:010161024050c0000000...(size=12), entry=(t:1, i:25), STATEMACHINELOGENTRY, WRITE: logData.size=12, stateMachineData.size=0, logEntryProtoSerializedSize=0
2024-10-16 23:57:21,616 DEBUG server.RaftServer$Division (RaftServerImpl.java:logAppendEntries(1549)) - s4@group-676CD6864C30: appendEntries* s5->s4#5687-t1,previous=(t:1, i:23),leaderCommit=23,initializing? false,entries: size=1, first=(t:1, i:24), METADATAENTRY(c:23)
2024-10-16 23:57:21,616 DEBUG server.RaftServer$Division (RaftServerImpl.java:logAppendEntries(1549)) - s6@group-676CD6864C30: appendEntries* s5->s6#5685-t1,previous=(t:1, i:23),leaderCommit=23,initializing? false,entries: size=1, first=(t:1, i:24), METADATAENTRY(c:23)
2024-10-16 23:57:21,616 DEBUG server.RaftServer$Division (RaftServerImpl.java:logAppendEntries(1549)) - s4@group-676CD6864C30: appendEntries* reply s5<-s4#5687:OK-t1,SUCCESS,nextIndex=25,followerCommit=23,matchIndex=24
2024-10-16 23:57:21,616 DEBUG server.RaftServer$Division (RaftServerImpl.java:logAppendEntries(1549)) - s6@group-676CD6864C30: appendEntries* reply s5<-s6#5685:OK-t1,SUCCESS,nextIndex=25,followerCommit=23,matchIndex=24
2024-10-16 23:57:21,617 DEBUG server.RaftServer$Division (RaftServerImpl.java:logAppendEntries(1549)) - s6@group-676CD6864C30: appendEntries* s5->s6#5688-t1,previous=(t:1, i:24),leaderCommit=23,initializing? false,entries: size=1, first=(t:1, i:25), STATEMACHINELOGENTRY, StateMachineLogEntryProto:5686@client-DBFB2ABE2B08
2024-10-16 23:57:21,617 DEBUG server.RaftServer$Division (RaftServerImpl.java:logAppendEntries(1549)) - s4@group-676CD6864C30: appendEntries* s5->s4#5689-t1,previous=(t:1, i:24),leaderCommit=24,initializing? false,entries: size=1, first=(t:1, i:25), STATEMACHINELOGENTRY, StateMachineLogEntryProto:5686@client-DBFB2ABE2B08
2024-10-16 23:57:21,617 DEBUG server.RaftServer$Division (RaftServerImpl.java:logAppendEntries(1549)) - s6@group-676CD6864C30: appendEntries* reply s5<-s6#5688:OK-t1,SUCCESS,nextIndex=26,followerCommit=23,matchIndex=25
2024-10-16 23:57:21,617 DEBUG server.RaftServer$Division (RaftServerImpl.java:logAppendEntries(1549)) - s4@group-676CD6864C30: appendEntries* reply s5<-s4#5689:OK-t1,SUCCESS,nextIndex=26,followerCommit=24,matchIndex=25
2024-10-16 23:57:21,618 INFO  statemachine.StateMachine (ArithmeticStateMachine.java:applyTransaction(181)) - LEADER:s5-25: a = 67 = 67
2024-10-16 23:57:21,618 DEBUG server.RaftServer$Division (RaftServerImpl.java:logAppendEntries(1549)) - s4@group-676CD6864C30: appendEntries* s5->s4#5690-t1,previous=(t:1, i:25),leaderCommit=25,initializing? false,entries: size=1, first=(t:1, i:26), METADATAENTRY(c:25)
2024-10-16 23:57:21,618 DEBUG server.RaftServer$Division (RaftServerImpl.java:submitClientRequestAsync(920)) - s5@group-676CD6864C30: receive client request(RaftClientRequest:client-DBFB2ABE2B08->s5@group-676CD6864C30, cid=5692, seq=null, RW, Message:0101620240a188000000...(size=12))
2024-10-16 23:57:21,618 DEBUG server.RaftServer$Division (LeaderStateImpl.java:addPendingRequest(529)) - s5@group-676CD6864C30-LeaderStateImpl: addPendingRequest at RaftClientRequest:client-DBFB2ABE2B08->s5@group-676CD6864C30, cid=5692, seq=null, RW, Message:0101620240a188000000...(size=12), entry=(t:1, i:27), STATEMACHINELOGENTRY, WRITE: logData.size=12, stateMachineData.size=0, logEntryProtoSerializedSize=0
2024-10-16 23:57:21,618 DEBUG server.RaftServer$Division (RaftServerImpl.java:logAppendEntries(1549)) - s4@group-676CD6864C30: appendEntries* reply s5<-s4#5690:OK-t1,SUCCESS,nextIndex=27,followerCommit=25,matchIndex=26
2024-10-16 23:57:21,619 DEBUG server.RaftServer$Division (RaftServerImpl.java:logAppendEntries(1549)) - s6@group-676CD6864C30: appendEntries* s5->s6#5691-t1,previous=(t:1, i:25),leaderCommit=25,initializing? false,entries: size=1, first=(t:1, i:26), METADATAENTRY(c:25)
2024-10-16 23:57:21,619 DEBUG server.RaftServer$Division (RaftServerImpl.java:logAppendEntries(1549)) - s4@group-676CD6864C30: appendEntries* s5->s4#5693-t1,previous=(t:1, i:26),leaderCommit=25,initializing? false,entries: size=1, first=(t:1, i:27), STATEMACHINELOGENTRY, StateMachineLogEntryProto:5692@client-DBFB2ABE2B08
2024-10-16 23:57:21,621 DEBUG server.RaftServer$Division (RaftServerImpl.java:logAppendEntries(1549)) - s6@group-676CD6864C30: appendEntries* reply s5<-s6#5691:OK-t1,SUCCESS,nextIndex=27,followerCommit=25,matchIndex=26
2024-10-16 23:57:21,621 DEBUG server.RaftServer$Division (RaftServerImpl.java:logAppendEntries(1549)) - s4@group-676CD6864C30: appendEntries* reply s5<-s4#5693:OK-t1,SUCCESS,nextIndex=28,followerCommit=25,matchIndex=27
2024-10-16 23:57:21,621 DEBUG server.RaftServer$Division (RaftServerImpl.java:logAppendEntries(1549)) - s6@group-676CD6864C30: appendEntries* s5->s6#5694-t1,previous=(t:1, i:26),leaderCommit=26,initializing? false,entries: size=1, first=(t:1, i:27), STATEMACHINELOGENTRY, StateMachineLogEntryProto:5692@client-DBFB2ABE2B08
2024-10-16 23:57:21,621 INFO  statemachine.StateMachine (ArithmeticStateMachine.java:applyTransaction(181)) - LEADER:s5-27: b = 2244 = 2244
2024-10-16 23:57:21,622 DEBUG server.RaftServer$Division (RaftServerImpl.java:logAppendEntries(1549)) - s4@group-676CD6864C30: appendEntries* s5->s4#5695-t1,previous=(t:1, i:27),leaderCommit=27,initializing? false,entries: size=1, first=(t:1, i:28), METADATAENTRY(c:27)
2024-10-16 23:57:21,622 DEBUG server.RaftServer$Division (RaftServerImpl.java:submitClientRequestAsync(920)) - s5@group-676CD6864C30: receive client request(RaftClientRequest:client-DBFB2ABE2B08->s5@group-676CD6864C30, cid=5696, seq=null, RW, Message:01016304010300040201...(size=17))
2024-10-16 23:57:21,622 DEBUG server.RaftServer$Division (RaftServerImpl.java:logAppendEntries(1549)) - s4@group-676CD6864C30: appendEntries* reply s5<-s4#5695:OK-t1,SUCCESS,nextIndex=29,followerCommit=27,matchIndex=28
2024-10-16 23:57:21,622 DEBUG server.RaftServer$Division (RaftServerImpl.java:logAppendEntries(1549)) - s6@group-676CD6864C30: appendEntries* reply s5<-s6#5694:OK-t1,SUCCESS,nextIndex=28,followerCommit=26,matchIndex=27
2024-10-16 23:57:21,622 DEBUG server.RaftServer$Division (LeaderStateImpl.java:addPendingRequest(529)) - s5@group-676CD6864C30-LeaderStateImpl: addPendingRequest at RaftClientRequest:client-DBFB2ABE2B08->s5@group-676CD6864C30, cid=5696, seq=null, RW, Message:01016304010300040201...(size=17), entry=(t:1, i:29), STATEMACHINELOGENTRY, WRITE: logData.size=17, stateMachineData.size=0, logEntryProtoSerializedSize=0
2024-10-16 23:57:21,623 DEBUG server.RaftServer$Division (RaftServerImpl.java:logAppendEntries(1549)) - s6@group-676CD6864C30: appendEntries* s5->s6#5698-t1,previous=(t:1, i:27),leaderCommit=27,initializing? false,entries: size=2, first=(t:1, i:28), METADATAENTRY(c:27)
2024-10-16 23:57:21,623 DEBUG server.RaftServer$Division (RaftServerImpl.java:logAppendEntries(1549)) - s4@group-676CD6864C30: appendEntries* s5->s4#5697-t1,previous=(t:1, i:28),leaderCommit=27,initializing? false,entries: size=1, first=(t:1, i:29), STATEMACHINELOGENTRY, StateMachineLogEntryProto:5696@client-DBFB2ABE2B08
2024-10-16 23:57:21,623 DEBUG server.RaftServer$Division (RaftServerImpl.java:logAppendEntries(1549)) - s6@group-676CD6864C30: appendEntries* reply s5<-s6#5698:OK-t1,SUCCESS,nextIndex=30,followerCommit=27,matchIndex=29
2024-10-16 23:57:21,624 DEBUG server.RaftServer$Division (RaftServerImpl.java:logAppendEntries(1549)) - s4@group-676CD6864C30: appendEntries* reply s5<-s4#5697:OK-t1,SUCCESS,nextIndex=30,followerCommit=27,matchIndex=29
2024-10-16 23:57:21,624 INFO  statemachine.StateMachine (ArithmeticStateMachine.java:applyTransaction(181)) - LEADER:s5-29: c = √(a^2 + b^2) = 2245
2024-10-16 23:57:21,624 DEBUG server.RaftServer$Division (RaftServerImpl.java:submitClientRequestAsync(920)) - s5@group-676CD6864C30: receive client request(RaftClientRequest:client-DBFB2ABE2B08->s5@group-676CD6864C30, cid=5701, seq=null, RW, Message:01016100)
2024-10-16 23:57:21,624 DEBUG server.RaftServer$Division (RaftServerImpl.java:logAppendEntries(1549)) - s4@group-676CD6864C30: appendEntries* s5->s4#5699-t1,previous=(t:1, i:29),leaderCommit=29,initializing? false,entries: size=1, first=(t:1, i:30), METADATAENTRY(c:29)
2024-10-16 23:57:21,624 DEBUG server.RaftServer$Division (LeaderStateImpl.java:addPendingRequest(529)) - s5@group-676CD6864C30-LeaderStateImpl: addPendingRequest at RaftClientRequest:client-DBFB2ABE2B08->s5@group-676CD6864C30, cid=5701, seq=null, RW, Message:01016100, entry=(t:1, i:31), STATEMACHINELOGENTRY, WRITE: logData.size=4, stateMachineData.size=0, logEntryProtoSerializedSize=0
2024-10-16 23:57:21,625 DEBUG server.RaftServer$Division (RaftServerImpl.java:logAppendEntries(1549)) - s6@group-676CD6864C30: appendEntries* s5->s6#5700-t1,previous=(t:1, i:29),leaderCommit=29,initializing? false,entries: size=1, first=(t:1, i:30), METADATAENTRY(c:29)
2024-10-16 23:57:21,625 DEBUG server.RaftServer$Division (RaftServerImpl.java:logAppendEntries(1549)) - s4@group-676CD6864C30: appendEntries* reply s5<-s4#5699:OK-t1,SUCCESS,nextIndex=31,followerCommit=29,matchIndex=30
2024-10-16 23:57:21,625 DEBUG server.RaftServer$Division (RaftServerImpl.java:logAppendEntries(1549)) - s6@group-676CD6864C30: appendEntries* reply s5<-s6#5700:OK-t1,SUCCESS,nextIndex=31,followerCommit=29,matchIndex=30
2024-10-16 23:57:21,625 DEBUG server.RaftServer$Division (RaftServerImpl.java:logAppendEntries(1549)) - s4@group-676CD6864C30: appendEntries* s5->s4#5702-t1,previous=(t:1, i:30),leaderCommit=30,initializing? false,entries: size=1, first=(t:1, i:31), STATEMACHINELOGENTRY, StateMachineLogEntryProto:5701@client-DBFB2ABE2B08
2024-10-16 23:57:21,625 DEBUG server.RaftServer$Division (RaftServerImpl.java:logAppendEntries(1549)) - s6@group-676CD6864C30: appendEntries* s5->s6#5703-t1,previous=(t:1, i:30),leaderCommit=30,initializing? false,entries: size=1, first=(t:1, i:31), STATEMACHINELOGENTRY, StateMachineLogEntryProto:5701@client-DBFB2ABE2B08
2024-10-16 23:57:21,626 DEBUG server.RaftServer$Division (RaftServerImpl.java:logAppendEntries(1549)) - s4@group-676CD6864C30: appendEntries* reply s5<-s4#5702:OK-t1,SUCCESS,nextIndex=32,followerCommit=30,matchIndex=31
2024-10-16 23:57:21,626 DEBUG server.RaftServer$Division (RaftServerImpl.java:logAppendEntries(1549)) - s6@group-676CD6864C30: appendEntries* reply s5<-s6#5703:OK-t1,SUCCESS,nextIndex=32,followerCommit=30,matchIndex=31
2024-10-16 23:57:21,626 INFO  statemachine.StateMachine (ArithmeticStateMachine.java:applyTransaction(181)) - LEADER:s5-31: a = null = null
2024-10-16 23:57:21,627 DEBUG server.RaftServer$Division (RaftServerImpl.java:logAppendEntries(1549)) - s6@group-676CD6864C30: appendEntries* s5->s6#5705-t1,previous=(t:1, i:31),leaderCommit=31,initializing? false,entries: size=1, first=(t:1, i:32), METADATAENTRY(c:31)
2024-10-16 23:57:21,627 DEBUG server.RaftServer$Division (RaftServerImpl.java:submitClientRequestAsync(920)) - s5@group-676CD6864C30: receive client request(RaftClientRequest:client-DBFB2ABE2B08->s5@group-676CD6864C30, cid=5706, seq=null, RW, Message:01016200)
2024-10-16 23:57:21,627 DEBUG server.RaftServer$Division (LeaderStateImpl.java:addPendingRequest(529)) - s5@group-676CD6864C30-LeaderStateImpl: addPendingRequest at RaftClientRequest:client-DBFB2ABE2B08->s5@group-676CD6864C30, cid=5706, seq=null, RW, Message:01016200, entry=(t:1, i:33), STATEMACHINELOGENTRY, WRITE: logData.size=4, stateMachineData.size=0, logEntryProtoSerializedSize=0
2024-10-16 23:57:21,627 DEBUG server.RaftServer$Division (RaftServerImpl.java:logAppendEntries(1549)) - s4@group-676CD6864C30: appendEntries* s5->s4#5704-t1,previous=(t:1, i:31),leaderCommit=31,initializing? false,entries: size=1, first=(t:1, i:32), METADATAENTRY(c:31)
2024-10-16 23:57:21,627 DEBUG server.RaftServer$Division (RaftServerImpl.java:logAppendEntries(1549)) - s6@group-676CD6864C30: appendEntries* reply s5<-s6#5705:OK-t1,SUCCESS,nextIndex=33,followerCommit=31,matchIndex=32
2024-10-16 23:57:21,628 DEBUG server.RaftServer$Division (RaftServerImpl.java:logAppendEntries(1549)) - s4@group-676CD6864C30: appendEntries* reply s5<-s4#5704:OK-t1,SUCCESS,nextIndex=33,followerCommit=31,matchIndex=32
2024-10-16 23:57:21,628 DEBUG server.RaftServer$Division (RaftServerImpl.java:logAppendEntries(1549)) - s6@group-676CD6864C30: appendEntries* s5->s6#5707-t1,previous=(t:1, i:32),leaderCommit=32,initializing? false,entries: size=1, first=(t:1, i:33), STATEMACHINELOGENTRY, StateMachineLogEntryProto:5706@client-DBFB2ABE2B08
2024-10-16 23:57:21,628 DEBUG server.RaftServer$Division (RaftServerImpl.java:logAppendEntries(1549)) - s4@group-676CD6864C30: appendEntries* s5->s4#5708-t1,previous=(t:1, i:32),leaderCommit=32,initializing? false,entries: size=1, first=(t:1, i:33), STATEMACHINELOGENTRY, StateMachineLogEntryProto:5706@client-DBFB2ABE2B08
2024-10-16 23:57:21,628 DEBUG server.RaftServer$Division (RaftServerImpl.java:logAppendEntries(1549)) - s6@group-676CD6864C30: appendEntries* reply s5<-s6#5707:OK-t1,SUCCESS,nextIndex=34,followerCommit=32,matchIndex=33
2024-10-16 23:57:21,629 INFO  statemachine.StateMachine (ArithmeticStateMachine.java:applyTransaction(181)) - LEADER:s5-33: b = null = null
2024-10-16 23:57:21,629 DEBUG server.RaftServer$Division (RaftServerImpl.java:logAppendEntries(1549)) - s4@group-676CD6864C30: appendEntries* reply s5<-s4#5708:OK-t1,SUCCESS,nextIndex=34,followerCommit=32,matchIndex=33
2024-10-16 23:57:21,629 DEBUG server.RaftServer$Division (RaftServerImpl.java:submitClientRequestAsync(920)) - s5@group-676CD6864C30: receive client request(RaftClientRequest:client-DBFB2ABE2B08->s5@group-676CD6864C30, cid=5710, seq=null, RW, Message:01016300)
2024-10-16 23:57:21,629 DEBUG server.RaftServer$Division (LeaderStateImpl.java:addPendingRequest(529)) - s5@group-676CD6864C30-LeaderStateImpl: addPendingRequest at RaftClientRequest:client-DBFB2ABE2B08->s5@group-676CD6864C30, cid=5710, seq=null, RW, Message:01016300, entry=(t:1, i:35), STATEMACHINELOGENTRY, WRITE: logData.size=4, stateMachineData.size=0, logEntryProtoSerializedSize=0
2024-10-16 23:57:21,630 DEBUG server.RaftServer$Division (RaftServerImpl.java:logAppendEntries(1549)) - s6@group-676CD6864C30: appendEntries* s5->s6#5709-t1,previous=(t:1, i:33),leaderCommit=33,initializing? false,entries: size=1, first=(t:1, i:34), METADATAENTRY(c:33)
2024-10-16 23:57:21,630 DEBUG server.RaftServer$Division (RaftServerImpl.java:logAppendEntries(1549)) - s4@group-676CD6864C30: appendEntries* s5->s4#5711-t1,previous=(t:1, i:33),leaderCommit=33,initializing? false,entries: size=1, first=(t:1, i:34), METADATAENTRY(c:33)
2024-10-16 23:57:21,630 DEBUG server.RaftServer$Division (RaftServerImpl.java:logAppendEntries(1549)) - s6@group-676CD6864C30: appendEntries* reply s5<-s6#5709:OK-t1,SUCCESS,nextIndex=35,followerCommit=33,matchIndex=34
2024-10-16 23:57:21,630 DEBUG server.RaftServer$Division (RaftServerImpl.java:logAppendEntries(1549)) - s4@group-676CD6864C30: appendEntries* reply s5<-s4#5711:OK-t1,SUCCESS,nextIndex=35,followerCommit=33,matchIndex=34
2024-10-16 23:57:21,631 DEBUG server.RaftServer$Division (RaftServerImpl.java:logAppendEntries(1549)) - s6@group-676CD6864C30: appendEntries* s5->s6#5712-t1,previous=(t:1, i:34),leaderCommit=34,initializing? false,entries: size=1, first=(t:1, i:35), STATEMACHINELOGENTRY, StateMachineLogEntryProto:5710@client-DBFB2ABE2B08
2024-10-16 23:57:21,631 DEBUG server.RaftServer$Division (RaftServerImpl.java:logAppendEntries(1549)) - s4@group-676CD6864C30: appendEntries* s5->s4#5713-t1,previous=(t:1, i:34),leaderCommit=34,initializing? false,entries: size=1, first=(t:1, i:35), STATEMACHINELOGENTRY, StateMachineLogEntryProto:5710@client-DBFB2ABE2B08
2024-10-16 23:57:21,631 DEBUG server.RaftServer$Division (RaftServerImpl.java:logAppendEntries(1549)) - s6@group-676CD6864C30: appendEntries* reply s5<-s6#5712:OK-t1,SUCCESS,nextIndex=36,followerCommit=34,matchIndex=35
2024-10-16 23:57:21,631 INFO  statemachine.StateMachine (ArithmeticStateMachine.java:applyTransaction(181)) - LEADER:s5-35: c = null = null
2024-10-16 23:57:21,632 DEBUG server.RaftServer$Division (RaftServerImpl.java:logAppendEntries(1549)) - s4@group-676CD6864C30: appendEntries* reply s5<-s4#5713:OK-t1,SUCCESS,nextIndex=36,followerCommit=34,matchIndex=35
2024-10-16 23:57:21,632 DEBUG server.RaftServer$Division (RaftServerImpl.java:submitClientRequestAsync(920)) - s5@group-676CD6864C30: receive client request(RaftClientRequest:client-DBFB2ABE2B08->s5@group-676CD6864C30, cid=5715, seq=null, RW, Message:01016102405140000000...(size=12))
2024-10-16 23:57:21,632 DEBUG server.RaftServer$Division (LeaderStateImpl.java:addPendingRequest(529)) - s5@group-676CD6864C30-LeaderStateImpl: addPendingRequest at RaftClientRequest:client-DBFB2ABE2B08->s5@group-676CD6864C30, cid=5715, seq=null, RW, Message:01016102405140000000...(size=12), entry=(t:1, i:37), STATEMACHINELOGENTRY, WRITE: logData.size=12, stateMachineData.size=0, logEntryProtoSerializedSize=0
2024-10-16 23:57:21,632 DEBUG server.RaftServer$Division (RaftServerImpl.java:logAppendEntries(1549)) - s6@group-676CD6864C30: appendEntries* s5->s6#5714-t1,previous=(t:1, i:35),leaderCommit=35,initializing? false,entries: size=1, first=(t:1, i:36), METADATAENTRY(c:35)
2024-10-16 23:57:21,632 DEBUG server.RaftServer$Division (RaftServerImpl.java:logAppendEntries(1549)) - s4@group-676CD6864C30: appendEntries* s5->s4#5716-t1,previous=(t:1, i:35),leaderCommit=35,initializing? false,entries: size=1, first=(t:1, i:36), METADATAENTRY(c:35)
2024-10-16 23:57:21,633 DEBUG server.RaftServer$Division (RaftServerImpl.java:logAppendEntries(1549)) - s6@group-676CD6864C30: appendEntries* reply s5<-s6#5714:OK-t1,SUCCESS,nextIndex=37,followerCommit=35,matchIndex=36
2024-10-16 23:57:21,633 DEBUG server.RaftServer$Division (RaftServerImpl.java:logAppendEntries(1549)) - s4@group-676CD6864C30: appendEntries* reply s5<-s4#5716:OK-t1,SUCCESS,nextIndex=37,followerCommit=35,matchIndex=36
2024-10-16 23:57:21,633 DEBUG server.RaftServer$Division (RaftServerImpl.java:logAppendEntries(1549)) - s6@group-676CD6864C30: appendEntries* s5->s6#5717-t1,previous=(t:1, i:36),leaderCommit=35,initializing? false,entries: size=1, first=(t:1, i:37), STATEMACHINELOGENTRY, StateMachineLogEntryProto:5715@client-DBFB2ABE2B08
2024-10-16 23:57:21,634 DEBUG server.RaftServer$Division (RaftServerImpl.java:logAppendEntries(1549)) - s6@group-676CD6864C30: appendEntries* reply s5<-s6#5717:OK-t1,SUCCESS,nextIndex=38,followerCommit=35,matchIndex=37
2024-10-16 23:57:21,634 INFO  statemachine.StateMachine (ArithmeticStateMachine.java:applyTransaction(181)) - LEADER:s5-37: a = 69 = 69
2024-10-16 23:57:21,634 DEBUG server.RaftServer$Division (RaftServerImpl.java:logAppendEntries(1549)) - s4@group-676CD6864C30: appendEntries* s5->s4#5718-t1,previous=(t:1, i:36),leaderCommit=36,initializing? false,entries: size=1, first=(t:1, i:37), STATEMACHINELOGENTRY, StateMachineLogEntryProto:5715@client-DBFB2ABE2B08
2024-10-16 23:57:21,634 DEBUG server.RaftServer$Division (RaftServerImpl.java:submitClientRequestAsync(920)) - s5@group-676CD6864C30: receive client request(RaftClientRequest:client-DBFB2ABE2B08->s5@group-676CD6864C30, cid=5720, seq=null, RW, Message:0101620240a298000000...(size=12))
2024-10-16 23:57:21,634 DEBUG server.RaftServer$Division (RaftServerImpl.java:logAppendEntries(1549)) - s4@group-676CD6864C30: appendEntries* reply s5<-s4#5718:OK-t1,SUCCESS,nextIndex=38,followerCommit=36,matchIndex=37
2024-10-16 23:57:21,635 DEBUG server.RaftServer$Division (LeaderStateImpl.java:addPendingRequest(529)) - s5@group-676CD6864C30-LeaderStateImpl: addPendingRequest at RaftClientRequest:client-DBFB2ABE2B08->s5@group-676CD6864C30, cid=5720, seq=null, RW, Message:0101620240a298000000...(size=12), entry=(t:1, i:39), STATEMACHINELOGENTRY, WRITE: logData.size=12, stateMachineData.size=0, logEntryProtoSerializedSize=0
2024-10-16 23:57:21,635 DEBUG server.RaftServer$Division (RaftServerImpl.java:logAppendEntries(1549)) - s6@group-676CD6864C30: appendEntries* s5->s6#5719-t1,previous=(t:1, i:37),leaderCommit=37,initializing? false,entries: size=1, first=(t:1, i:38), METADATAENTRY(c:37)
2024-10-16 23:57:21,635 DEBUG server.RaftServer$Division (RaftServerImpl.java:logAppendEntries(1549)) - s4@group-676CD6864C30: appendEntries* s5->s4#5721-t1,previous=(t:1, i:37),leaderCommit=37,initializing? false,entries: size=2, first=(t:1, i:38), METADATAENTRY(c:37)
2024-10-16 23:57:21,635 DEBUG server.RaftServer$Division (RaftServerImpl.java:logAppendEntries(1549)) - s6@group-676CD6864C30: appendEntries* reply s5<-s6#5719:OK-t1,SUCCESS,nextIndex=39,followerCommit=37,matchIndex=38
2024-10-16 23:57:21,636 DEBUG server.RaftServer$Division (RaftServerImpl.java:logAppendEntries(1549)) - s4@group-676CD6864C30: appendEntries* reply s5<-s4#5721:OK-t1,SUCCESS,nextIndex=40,followerCommit=37,matchIndex=39
2024-10-16 23:57:21,636 DEBUG server.RaftServer$Division (RaftServerImpl.java:logAppendEntries(1549)) - s6@group-676CD6864C30: appendEntries* s5->s6#5722-t1,previous=(t:1, i:38),leaderCommit=38,initializing? false,entries: size=1, first=(t:1, i:39), STATEMACHINELOGENTRY, StateMachineLogEntryProto:5720@client-DBFB2ABE2B08
2024-10-16 23:57:21,636 INFO  statemachine.StateMachine (ArithmeticStateMachine.java:applyTransaction(181)) - LEADER:s5-39: b = 2380 = 2380
2024-10-16 23:57:21,636 DEBUG server.RaftServer$Division (RaftServerImpl.java:logAppendEntries(1549)) - s4@group-676CD6864C30: appendEntries* s5->s4#5723-t1,previous=(t:1, i:39),leaderCommit=39,initializing? false,entries: size=1, first=(t:1, i:40), METADATAENTRY(c:39)
2024-10-16 23:57:21,637 DEBUG server.RaftServer$Division (RaftServerImpl.java:logAppendEntries(1549)) - s6@group-676CD6864C30: appendEntries* reply s5<-s6#5722:OK-t1,SUCCESS,nextIndex=40,followerCommit=38,matchIndex=39
2024-10-16 23:57:21,637 DEBUG server.RaftServer$Division (RaftServerImpl.java:submitClientRequestAsync(920)) - s5@group-676CD6864C30: receive client request(RaftClientRequest:client-DBFB2ABE2B08->s5@group-676CD6864C30, cid=5724, seq=null, RW, Message:01016304010300040201...(size=17))
2024-10-16 23:57:21,637 DEBUG server.RaftServer$Division (RaftServerImpl.java:logAppendEntries(1549)) - s4@group-676CD6864C30: appendEntries* reply s5<-s4#5723:OK-t1,SUCCESS,nextIndex=41,followerCommit=39,matchIndex=40
2024-10-16 23:57:21,637 DEBUG server.RaftServer$Division (RaftServerImpl.java:logAppendEntries(1549)) - s6@group-676CD6864C30: appendEntries* s5->s6#5725-t1,previous=(t:1, i:39),leaderCommit=39,initializing? false,entries: size=2, first=(t:1, i:40), METADATAENTRY(c:39)
2024-10-16 23:57:21,637 DEBUG server.RaftServer$Division (LeaderStateImpl.java:addPendingRequest(529)) - s5@group-676CD6864C30-LeaderStateImpl: addPendingRequest at RaftClientRequest:client-DBFB2ABE2B08->s5@group-676CD6864C30, cid=5724, seq=null, RW, Message:01016304010300040201...(size=17), entry=(t:1, i:41), STATEMACHINELOGENTRY, WRITE: logData.size=17, stateMachineData.size=0, logEntryProtoSerializedSize=0
2024-10-16 23:57:21,638 DEBUG server.RaftServer$Division (RaftServerImpl.java:logAppendEntries(1549)) - s4@group-676CD6864C30: appendEntries* s5->s4#5726-t1,previous=(t:1, i:40),leaderCommit=39,initializing? false,entries: size=1, first=(t:1, i:41), STATEMACHINELOGENTRY, StateMachineLogEntryProto:5724@client-DBFB2ABE2B08
2024-10-16 23:57:21,638 DEBUG server.RaftServer$Division (RaftServerImpl.java:logAppendEntries(1549)) - s6@group-676CD6864C30: appendEntries* reply s5<-s6#5725:OK-t1,SUCCESS,nextIndex=42,followerCommit=39,matchIndex=41
2024-10-16 23:57:21,638 DEBUG server.RaftServer$Division (RaftServerImpl.java:logAppendEntries(1549)) - s4@group-676CD6864C30: appendEntries* reply s5<-s4#5726:OK-t1,SUCCESS,nextIndex=42,followerCommit=39,matchIndex=41
2024-10-16 23:57:21,638 INFO  statemachine.StateMachine (ArithmeticStateMachine.java:applyTransaction(181)) - LEADER:s5-41: c = √(a^2 + b^2) = 2381
2024-10-16 23:57:21,639 DEBUG server.RaftServer$Division (RaftServerImpl.java:logAppendEntries(1549)) - s6@group-676CD6864C30: appendEntries* s5->s6#5727-t1,previous=(t:1, i:41),leaderCommit=41,initializing? false,entries: size=1, first=(t:1, i:42), METADATAENTRY(c:41)
2024-10-16 23:57:21,639 DEBUG server.RaftServer$Division (RaftServerImpl.java:submitClientRequestAsync(920)) - s5@group-676CD6864C30: receive client request(RaftClientRequest:client-DBFB2ABE2B08->s5@group-676CD6864C30, cid=5729, seq=null, RW, Message:01016100)
2024-10-16 23:57:21,639 DEBUG server.RaftServer$Division (RaftServerImpl.java:logAppendEntries(1549)) - s4@group-676CD6864C30: appendEntries* s5->s4#5728-t1,previous=(t:1, i:41),leaderCommit=41,initializing? false,entries: size=1, first=(t:1, i:42), METADATAENTRY(c:41)
2024-10-16 23:57:21,639 DEBUG server.RaftServer$Division (LeaderStateImpl.java:addPendingRequest(529)) - s5@group-676CD6864C30-LeaderStateImpl: addPendingRequest at RaftClientRequest:client-DBFB2ABE2B08->s5@group-676CD6864C30, cid=5729, seq=null, RW, Message:01016100, entry=(t:1, i:43), STATEMACHINELOGENTRY, WRITE: logData.size=4, stateMachineData.size=0, logEntryProtoSerializedSize=0
2024-10-16 23:57:21,639 DEBUG server.RaftServer$Division (RaftServerImpl.java:logAppendEntries(1549)) - s6@group-676CD6864C30: appendEntries* reply s5<-s6#5727:OK-t1,SUCCESS,nextIndex=43,followerCommit=41,matchIndex=42
2024-10-16 23:57:21,641 DEBUG server.RaftServer$Division (RaftServerImpl.java:logAppendEntries(1549)) - s4@group-676CD6864C30: appendEntries* reply s5<-s4#5728:OK-t1,SUCCESS,nextIndex=43,followerCommit=41,matchIndex=42
2024-10-16 23:57:21,641 DEBUG server.RaftServer$Division (RaftServerImpl.java:logAppendEntries(1549)) - s4@group-676CD6864C30: appendEntries* s5->s4#5730-t1,previous=(t:1, i:42),leaderCommit=41,initializing? false,entries: size=1, first=(t:1, i:43), STATEMACHINELOGENTRY, StateMachineLogEntryProto:5729@client-DBFB2ABE2B08
2024-10-16 23:57:21,642 DEBUG server.RaftServer$Division (RaftServerImpl.java:logAppendEntries(1549)) - s6@group-676CD6864C30: appendEntries* s5->s6#5731-t1,previous=(t:1, i:42),leaderCommit=42,initializing? false,entries: size=1, first=(t:1, i:43), STATEMACHINELOGENTRY, StateMachineLogEntryProto:5729@client-DBFB2ABE2B08
2024-10-16 23:57:21,643 DEBUG server.RaftServer$Division (RaftServerImpl.java:logAppendEntries(1549)) - s4@group-676CD6864C30: appendEntries* reply s5<-s4#5730:OK-t1,SUCCESS,nextIndex=44,followerCommit=41,matchIndex=43
2024-10-16 23:57:21,643 DEBUG server.RaftServer$Division (RaftServerImpl.java:logAppendEntries(1549)) - s6@group-676CD6864C30: appendEntries* reply s5<-s6#5731:OK-t1,SUCCESS,nextIndex=44,followerCommit=42,matchIndex=43
2024-10-16 23:57:21,643 INFO  statemachine.StateMachine (ArithmeticStateMachine.java:applyTransaction(181)) - LEADER:s5-43: a = null = null
2024-10-16 23:57:21,643 DEBUG server.RaftServer$Division (RaftServerImpl.java:logAppendEntries(1549)) - s6@group-676CD6864C30: appendEntries* s5->s6#5732-t1,previous=(t:1, i:43),leaderCommit=43,initializing? false,entries: size=1, first=(t:1, i:44), METADATAENTRY(c:43)
2024-10-16 23:57:21,644 DEBUG server.RaftServer$Division (RaftServerImpl.java:logAppendEntries(1549)) - s4@group-676CD6864C30: appendEntries* s5->s4#5733-t1,previous=(t:1, i:43),leaderCommit=43,initializing? false,entries: size=1, first=(t:1, i:44), METADATAENTRY(c:43)
2024-10-16 23:57:21,644 DEBUG server.RaftServer$Division (RaftServerImpl.java:submitClientRequestAsync(920)) - s5@group-676CD6864C30: receive client request(RaftClientRequest:client-DBFB2ABE2B08->s5@group-676CD6864C30, cid=5734, seq=null, RW, Message:01016200)
2024-10-16 23:57:21,644 DEBUG server.RaftServer$Division (RaftServerImpl.java:logAppendEntries(1549)) - s6@group-676CD6864C30: appendEntries* reply s5<-s6#5732:OK-t1,SUCCESS,nextIndex=45,followerCommit=43,matchIndex=44
2024-10-16 23:57:21,644 DEBUG server.RaftServer$Division (RaftServerImpl.java:logAppendEntries(1549)) - s4@group-676CD6864C30: appendEntries* reply s5<-s4#5733:OK-t1,SUCCESS,nextIndex=45,followerCommit=43,matchIndex=44
2024-10-16 23:57:21,644 DEBUG server.RaftServer$Division (LeaderStateImpl.java:addPendingRequest(529)) - s5@group-676CD6864C30-LeaderStateImpl: addPendingRequest at RaftClientRequest:client-DBFB2ABE2B08->s5@group-676CD6864C30, cid=5734, seq=null, RW, Message:01016200, entry=(t:1, i:45), STATEMACHINELOGENTRY, WRITE: logData.size=4, stateMachineData.size=0, logEntryProtoSerializedSize=0
2024-10-16 23:57:21,645 DEBUG server.RaftServer$Division (RaftServerImpl.java:logAppendEntries(1549)) - s6@group-676CD6864C30: appendEntries* s5->s6#5735-t1,previous=(t:1, i:44),leaderCommit=44,initializing? false,entries: size=1, first=(t:1, i:45), STATEMACHINELOGENTRY, StateMachineLogEntryProto:5734@client-DBFB2ABE2B08
2024-10-16 23:57:21,645 DEBUG server.RaftServer$Division (RaftServerImpl.java:logAppendEntries(1549)) - s4@group-676CD6864C30: appendEntries* s5->s4#5736-t1,previous=(t:1, i:44),leaderCommit=44,initializing? false,entries: size=1, first=(t:1, i:45), STATEMACHINELOGENTRY, StateMachineLogEntryProto:5734@client-DBFB2ABE2B08
2024-10-16 23:57:21,645 DEBUG server.RaftServer$Division (RaftServerImpl.java:logAppendEntries(1549)) - s6@group-676CD6864C30: appendEntries* reply s5<-s6#5735:OK-t1,SUCCESS,nextIndex=46,followerCommit=44,matchIndex=45
2024-10-16 23:57:21,645 INFO  statemachine.StateMachine (ArithmeticStateMachine.java:applyTransaction(181)) - LEADER:s5-45: b = null = null
2024-10-16 23:57:21,646 DEBUG server.RaftServer$Division (RaftServerImpl.java:logAppendEntries(1549)) - s4@group-676CD6864C30: appendEntries* reply s5<-s4#5736:OK-t1,SUCCESS,nextIndex=46,followerCommit=44,matchIndex=45
2024-10-16 23:57:21,646 DEBUG server.RaftServer$Division (RaftServerImpl.java:logAppendEntries(1549)) - s6@group-676CD6864C30: appendEntries* s5->s6#5737-t1,previous=(t:1, i:45),leaderCommit=45,initializing? false,entries: size=1, first=(t:1, i:46), METADATAENTRY(c:45)
2024-10-16 23:57:21,646 DEBUG server.RaftServer$Division (RaftServerImpl.java:submitClientRequestAsync(920)) - s5@group-676CD6864C30: receive client request(RaftClientRequest:client-DBFB2ABE2B08->s5@group-676CD6864C30, cid=5738, seq=null, RW, Message:01016300)
2024-10-16 23:57:21,646 DEBUG server.RaftServer$Division (RaftServerImpl.java:logAppendEntries(1549)) - s6@group-676CD6864C30: appendEntries* reply s5<-s6#5737:OK-t1,SUCCESS,nextIndex=47,followerCommit=45,matchIndex=46
2024-10-16 23:57:21,646 DEBUG server.RaftServer$Division (LeaderStateImpl.java:addPendingRequest(529)) - s5@group-676CD6864C30-LeaderStateImpl: addPendingRequest at RaftClientRequest:client-DBFB2ABE2B08->s5@group-676CD6864C30, cid=5738, seq=null, RW, Message:01016300, entry=(t:1, i:47), STATEMACHINELOGENTRY, WRITE: logData.size=4, stateMachineData.size=0, logEntryProtoSerializedSize=0
2024-10-16 23:57:21,647 DEBUG server.RaftServer$Division (RaftServerImpl.java:logAppendEntries(1549)) - s6@group-676CD6864C30: appendEntries* s5->s6#5739-t1,previous=(t:1, i:46),leaderCommit=45,initializing? false,entries: size=1, first=(t:1, i:47), STATEMACHINELOGENTRY, StateMachineLogEntryProto:5738@client-DBFB2ABE2B08
2024-10-16 23:57:21,647 DEBUG server.RaftServer$Division (RaftServerImpl.java:logAppendEntries(1549)) - s4@group-676CD6864C30: appendEntries* s5->s4#5740-t1,previous=(t:1, i:45),leaderCommit=46,initializing? false,entries: size=2, first=(t:1, i:46), METADATAENTRY(c:45)
2024-10-16 23:57:21,647 DEBUG server.RaftServer$Division (RaftServerImpl.java:logAppendEntries(1549)) - s6@group-676CD6864C30: appendEntries* reply s5<-s6#5739:OK-t1,SUCCESS,nextIndex=48,followerCommit=45,matchIndex=47
2024-10-16 23:57:21,648 INFO  statemachine.StateMachine (ArithmeticStateMachine.java:applyTransaction(181)) - LEADER:s5-47: c = null = null
2024-10-16 23:57:21,648 DEBUG server.RaftServer$Division (RaftServerImpl.java:logAppendEntries(1549)) - s4@group-676CD6864C30: appendEntries* reply s5<-s4#5740:OK-t1,SUCCESS,nextIndex=48,followerCommit=46,matchIndex=47
2024-10-16 23:57:21,648 DEBUG server.RaftServer$Division (RaftServerImpl.java:logAppendEntries(1549)) - s6@group-676CD6864C30: appendEntries* s5->s6#5741-t1,previous=(t:1, i:47),leaderCommit=47,initializing? false,entries: size=1, first=(t:1, i:48), METADATAENTRY(c:47)
2024-10-16 23:57:21,648 DEBUG server.RaftServer$Division (RaftServerImpl.java:submitClientRequestAsync(920)) - s5@group-676CD6864C30: receive client request(RaftClientRequest:client-DBFB2ABE2B08->s5@group-676CD6864C30, cid=5742, seq=null, RW, Message:010161024051c0000000...(size=12))
2024-10-16 23:57:21,648 DEBUG server.RaftServer$Division (LeaderStateImpl.java:addPendingRequest(529)) - s5@group-676CD6864C30-LeaderStateImpl: addPendingRequest at RaftClientRequest:client-DBFB2ABE2B08->s5@group-676CD6864C30, cid=5742, seq=null, RW, Message:010161024051c0000000...(size=12), entry=(t:1, i:49), STATEMACHINELOGENTRY, WRITE: logData.size=12, stateMachineData.size=0, logEntryProtoSerializedSize=0
2024-10-16 23:57:21,649 DEBUG server.RaftServer$Division (RaftServerImpl.java:logAppendEntries(1549)) - s4@group-676CD6864C30: appendEntries* s5->s4#5743-t1,previous=(t:1, i:47),leaderCommit=47,initializing? false,entries: size=1, first=(t:1, i:48), METADATAENTRY(c:47)
2024-10-16 23:57:21,649 DEBUG server.RaftServer$Division (RaftServerImpl.java:logAppendEntries(1549)) - s6@group-676CD6864C30: appendEntries* reply s5<-s6#5741:OK-t1,SUCCESS,nextIndex=49,followerCommit=47,matchIndex=48
2024-10-16 23:57:21,649 DEBUG server.RaftServer$Division (RaftServerImpl.java:logAppendEntries(1549)) - s6@group-676CD6864C30: appendEntries* s5->s6#5744-t1,previous=(t:1, i:48),leaderCommit=48,initializing? false,entries: size=1, first=(t:1, i:49), STATEMACHINELOGENTRY, StateMachineLogEntryProto:5742@client-DBFB2ABE2B08
2024-10-16 23:57:21,650 DEBUG server.RaftServer$Division (RaftServerImpl.java:logAppendEntries(1549)) - s4@group-676CD6864C30: appendEntries* reply s5<-s4#5743:OK-t1,SUCCESS,nextIndex=49,followerCommit=47,matchIndex=48
2024-10-16 23:57:21,650 DEBUG server.RaftServer$Division (RaftServerImpl.java:logAppendEntries(1549)) - s6@group-676CD6864C30: appendEntries* reply s5<-s6#5744:OK-t1,SUCCESS,nextIndex=50,followerCommit=48,matchIndex=49
2024-10-16 23:57:21,650 DEBUG server.RaftServer$Division (RaftServerImpl.java:logAppendEntries(1549)) - s4@group-676CD6864C30: appendEntries* s5->s4#5745-t1,previous=(t:1, i:48),leaderCommit=48,initializing? false,entries: size=1, first=(t:1, i:49), STATEMACHINELOGENTRY, StateMachineLogEntryProto:5742@client-DBFB2ABE2B08
2024-10-16 23:57:21,650 INFO  statemachine.StateMachine (ArithmeticStateMachine.java:applyTransaction(181)) - LEADER:s5-49: a = 71 = 71
2024-10-16 23:57:21,650 DEBUG server.RaftServer$Division (RaftServerImpl.java:logAppendEntries(1549)) - s6@group-676CD6864C30: appendEntries* s5->s6#5746-t1,previous=(t:1, i:49),leaderCommit=49,initializing? false,entries: size=1, first=(t:1, i:50), METADATAENTRY(c:49)
2024-10-16 23:57:21,651 DEBUG server.RaftServer$Division (RaftServerImpl.java:submitClientRequestAsync(920)) - s5@group-676CD6864C30: receive client request(RaftClientRequest:client-DBFB2ABE2B08->s5@group-676CD6864C30, cid=5747, seq=null, RW, Message:0101620240a3b0000000...(size=12))
2024-10-16 23:57:21,651 DEBUG server.RaftServer$Division (RaftServerImpl.java:logAppendEntries(1549)) - s6@group-676CD6864C30: appendEntries* reply s5<-s6#5746:OK-t1,SUCCESS,nextIndex=51,followerCommit=49,matchIndex=50
2024-10-16 23:57:21,651 DEBUG server.RaftServer$Division (LeaderStateImpl.java:addPendingRequest(529)) - s5@group-676CD6864C30-LeaderStateImpl: addPendingRequest at RaftClientRequest:client-DBFB2ABE2B08->s5@group-676CD6864C30, cid=5747, seq=null, RW, Message:0101620240a3b0000000...(size=12), entry=(t:1, i:51), STATEMACHINELOGENTRY, WRITE: logData.size=12, stateMachineData.size=0, logEntryProtoSerializedSize=0
2024-10-16 23:57:21,651 DEBUG server.RaftServer$Division (RaftServerImpl.java:logAppendEntries(1549)) - s4@group-676CD6864C30: appendEntries* reply s5<-s4#5745:OK-t1,SUCCESS,nextIndex=50,followerCommit=48,matchIndex=49
2024-10-16 23:57:21,651 DEBUG server.RaftServer$Division (RaftServerImpl.java:logAppendEntries(1549)) - s6@group-676CD6864C30: appendEntries* s5->s6#5748-t1,previous=(t:1, i:50),leaderCommit=50,initializing? false,entries: size=1, first=(t:1, i:51), STATEMACHINELOGENTRY, StateMachineLogEntryProto:5747@client-DBFB2ABE2B08
2024-10-16 23:57:21,652 DEBUG server.RaftServer$Division (RaftServerImpl.java:logAppendEntries(1549)) - s6@group-676CD6864C30: appendEntries* reply s5<-s6#5748:OK-t1,SUCCESS,nextIndex=52,followerCommit=50,matchIndex=51
2024-10-16 23:57:21,652 DEBUG server.RaftServer$Division (RaftServerImpl.java:logAppendEntries(1549)) - s4@group-676CD6864C30: appendEntries* s5->s4#5749-t1,previous=(t:1, i:49),leaderCommit=50,initializing? false,entries: size=2, first=(t:1, i:50), METADATAENTRY(c:49)
2024-10-16 23:57:21,652 INFO  statemachine.StateMachine (ArithmeticStateMachine.java:applyTransaction(181)) - LEADER:s5-51: b = 2520 = 2520
2024-10-16 23:57:21,652 DEBUG server.RaftServer$Division (RaftServerImpl.java:logAppendEntries(1549)) - s6@group-676CD6864C30: appendEntries* s5->s6#5750-t1,previous=(t:1, i:51),leaderCommit=51,initializing? false,entries: size=1, first=(t:1, i:52), METADATAENTRY(c:51)
2024-10-16 23:57:21,653 DEBUG server.RaftServer$Division (RaftServerImpl.java:submitClientRequestAsync(920)) - s5@group-676CD6864C30: receive client request(RaftClientRequest:client-DBFB2ABE2B08->s5@group-676CD6864C30, cid=5751, seq=null, RW, Message:01016304010300040201...(size=17))
2024-10-16 23:57:21,653 DEBUG server.RaftServer$Division (RaftServerImpl.java:logAppendEntries(1549)) - s6@group-676CD6864C30: appendEntries* reply s5<-s6#5750:OK-t1,SUCCESS,nextIndex=53,followerCommit=51,matchIndex=52
2024-10-16 23:57:21,653 DEBUG server.RaftServer$Division (LeaderStateImpl.java:addPendingRequest(529)) - s5@group-676CD6864C30-LeaderStateImpl: addPendingRequest at RaftClientRequest:client-DBFB2ABE2B08->s5@group-676CD6864C30, cid=5751, seq=null, RW, Message:01016304010300040201...(size=17), entry=(t:1, i:53), STATEMACHINELOGENTRY, WRITE: logData.size=17, stateMachineData.size=0, logEntryProtoSerializedSize=0
2024-10-16 23:57:21,653 DEBUG server.RaftServer$Division (RaftServerImpl.java:logAppendEntries(1549)) - s4@group-676CD6864C30: appendEntries* reply s5<-s4#5749:OK-t1,SUCCESS,nextIndex=52,followerCommit=50,matchIndex=51
2024-10-16 23:57:21,653 DEBUG server.RaftServer$Division (RaftServerImpl.java:logAppendEntries(1549)) - s6@group-676CD6864C30: appendEntries* s5->s6#5752-t1,previous=(t:1, i:52),leaderCommit=51,initializing? false,entries: size=1, first=(t:1, i:53), STATEMACHINELOGENTRY, StateMachineLogEntryProto:5751@client-DBFB2ABE2B08
2024-10-16 23:57:21,654 DEBUG server.RaftServer$Division (RaftServerImpl.java:logAppendEntries(1549)) - s4@group-676CD6864C30: appendEntries* s5->s4#5753-t1,previous=(t:1, i:51),leaderCommit=52,initializing? false,entries: size=2, first=(t:1, i:52), METADATAENTRY(c:51)
2024-10-16 23:57:21,654 DEBUG server.RaftServer$Division (RaftServerImpl.java:logAppendEntries(1549)) - s6@group-676CD6864C30: appendEntries* reply s5<-s6#5752:OK-t1,SUCCESS,nextIndex=54,followerCommit=51,matchIndex=53
2024-10-16 23:57:21,654 INFO  statemachine.StateMachine (ArithmeticStateMachine.java:applyTransaction(181)) - LEADER:s5-53: c = √(a^2 + b^2) = 2521
2024-10-16 23:57:21,654 DEBUG server.RaftServer$Division (RaftServerImpl.java:logAppendEntries(1549)) - s4@group-676CD6864C30: appendEntries* reply s5<-s4#5753:OK-t1,SUCCESS,nextIndex=54,followerCommit=52,matchIndex=53
2024-10-16 23:57:21,655 DEBUG server.RaftServer$Division (RaftServerImpl.java:logAppendEntries(1549)) - s6@group-676CD6864C30: appendEntries* s5->s6#5754-t1,previous=(t:1, i:53),leaderCommit=53,initializing? false,entries: size=1, first=(t:1, i:54), METADATAENTRY(c:53)
2024-10-16 23:57:21,655 DEBUG server.RaftServer$Division (RaftServerImpl.java:logAppendEntries(1549)) - s6@group-676CD6864C30: appendEntries* reply s5<-s6#5754:OK-t1,SUCCESS,nextIndex=55,followerCommit=53,matchIndex=54
2024-10-16 23:57:21,655 DEBUG server.RaftServer$Division (RaftServerImpl.java:logAppendEntries(1549)) - s4@group-676CD6864C30: appendEntries* s5->s4#5756-t1,previous=(t:1, i:53),leaderCommit=53,initializing? false,entries: size=1, first=(t:1, i:54), METADATAENTRY(c:53)
2024-10-16 23:57:21,655 DEBUG server.RaftServer$Division (RaftServerImpl.java:submitClientRequestAsync(920)) - s5@group-676CD6864C30: receive client request(RaftClientRequest:client-DBFB2ABE2B08->s5@group-676CD6864C30, cid=5755, seq=null, RW, Message:01016100)
2024-10-16 23:57:21,655 DEBUG server.RaftServer$Division (LeaderStateImpl.java:addPendingRequest(529)) - s5@group-676CD6864C30-LeaderStateImpl: addPendingRequest at RaftClientRequest:client-DBFB2ABE2B08->s5@group-676CD6864C30, cid=5755, seq=null, RW, Message:01016100, entry=(t:1, i:55), STATEMACHINELOGENTRY, WRITE: logData.size=4, stateMachineData.size=0, logEntryProtoSerializedSize=0
2024-10-16 23:57:21,656 DEBUG server.RaftServer$Division (RaftServerImpl.java:logAppendEntries(1549)) - s4@group-676CD6864C30: appendEntries* reply s5<-s4#5756:OK-t1,SUCCESS,nextIndex=55,followerCommit=53,matchIndex=54
2024-10-16 23:57:21,656 DEBUG server.RaftServer$Division (RaftServerImpl.java:logAppendEntries(1549)) - s6@group-676CD6864C30: appendEntries* s5->s6#5757-t1,previous=(t:1, i:54),leaderCommit=53,initializing? false,entries: size=1, first=(t:1, i:55), STATEMACHINELOGENTRY, StateMachineLogEntryProto:5755@client-DBFB2ABE2B08
2024-10-16 23:57:21,656 DEBUG server.RaftServer$Division (RaftServerImpl.java:logAppendEntries(1549)) - s4@group-676CD6864C30: appendEntries* s5->s4#5758-t1,previous=(t:1, i:54),leaderCommit=54,initializing? false,entries: size=1, first=(t:1, i:55), STATEMACHINELOGENTRY, StateMachineLogEntryProto:5755@client-DBFB2ABE2B08
2024-10-16 23:57:21,656 DEBUG server.RaftServer$Division (RaftServerImpl.java:logAppendEntries(1549)) - s6@group-676CD6864C30: appendEntries* reply s5<-s6#5757:OK-t1,SUCCESS,nextIndex=56,followerCommit=53,matchIndex=55
2024-10-16 23:57:21,657 INFO  statemachine.StateMachine (ArithmeticStateMachine.java:applyTransaction(181)) - LEADER:s5-55: a = null = null
2024-10-16 23:57:21,657 DEBUG server.RaftServer$Division (RaftServerImpl.java:logAppendEntries(1549)) - s4@group-676CD6864C30: appendEntries* reply s5<-s4#5758:OK-t1,SUCCESS,nextIndex=56,followerCommit=54,matchIndex=55
2024-10-16 23:57:21,657 DEBUG server.RaftServer$Division (RaftServerImpl.java:logAppendEntries(1549)) - s6@group-676CD6864C30: appendEntries* s5->s6#5759-t1,previous=(t:1, i:55),leaderCommit=55,initializing? false,entries: size=1, first=(t:1, i:56), METADATAENTRY(c:55)
2024-10-16 23:57:21,657 DEBUG server.RaftServer$Division (RaftServerImpl.java:logAppendEntries(1549)) - s4@group-676CD6864C30: appendEntries* s5->s4#5760-t1,previous=(t:1, i:55),leaderCommit=55,initializing? false,entries: size=1, first=(t:1, i:56), METADATAENTRY(c:55)
2024-10-16 23:57:21,657 DEBUG server.RaftServer$Division (RaftServerImpl.java:submitClientRequestAsync(920)) - s5@group-676CD6864C30: receive client request(RaftClientRequest:client-DBFB2ABE2B08->s5@group-676CD6864C30, cid=5761, seq=null, RW, Message:01016200)
2024-10-16 23:57:21,658 DEBUG server.RaftServer$Division (LeaderStateImpl.java:addPendingRequest(529)) - s5@group-676CD6864C30-LeaderStateImpl: addPendingRequest at RaftClientRequest:client-DBFB2ABE2B08->s5@group-676CD6864C30, cid=5761, seq=null, RW, Message:01016200, entry=(t:1, i:57), STATEMACHINELOGENTRY, WRITE: logData.size=4, stateMachineData.size=0, logEntryProtoSerializedSize=0
2024-10-16 23:57:21,658 DEBUG server.RaftServer$Division (RaftServerImpl.java:logAppendEntries(1549)) - s4@group-676CD6864C30: appendEntries* reply s5<-s4#5760:OK-t1,SUCCESS,nextIndex=57,followerCommit=55,matchIndex=56
2024-10-16 23:57:21,658 DEBUG server.RaftServer$Division (RaftServerImpl.java:logAppendEntries(1549)) - s6@group-676CD6864C30: appendEntries* reply s5<-s6#5759:OK-t1,SUCCESS,nextIndex=57,followerCommit=55,matchIndex=56
2024-10-16 23:57:21,658 DEBUG server.RaftServer$Division (RaftServerImpl.java:logAppendEntries(1549)) - s4@group-676CD6864C30: appendEntries* s5->s4#5762-t1,previous=(t:1, i:56),leaderCommit=55,initializing? false,entries: size=1, first=(t:1, i:57), STATEMACHINELOGENTRY, StateMachineLogEntryProto:5761@client-DBFB2ABE2B08
2024-10-16 23:57:21,659 DEBUG server.RaftServer$Division (RaftServerImpl.java:logAppendEntries(1549)) - s4@group-676CD6864C30: appendEntries* reply s5<-s4#5762:OK-t1,SUCCESS,nextIndex=58,followerCommit=55,matchIndex=57
2024-10-16 23:57:21,659 DEBUG server.RaftServer$Division (RaftServerImpl.java:logAppendEntries(1549)) - s6@group-676CD6864C30: appendEntries* s5->s6#5763-t1,previous=(t:1, i:56),leaderCommit=56,initializing? false,entries: size=1, first=(t:1, i:57), STATEMACHINELOGENTRY, StateMachineLogEntryProto:5761@client-DBFB2ABE2B08
2024-10-16 23:57:21,659 DEBUG server.RaftServer$Division (RaftServerImpl.java:logAppendEntries(1549)) - s6@group-676CD6864C30: appendEntries* reply s5<-s6#5763:OK-t1,SUCCESS,nextIndex=58,followerCommit=56,matchIndex=57
2024-10-16 23:57:21,659 INFO  statemachine.StateMachine (ArithmeticStateMachine.java:applyTransaction(181)) - LEADER:s5-57: b = null = null
2024-10-16 23:57:21,660 DEBUG server.RaftServer$Division (RaftServerImpl.java:logAppendEntries(1549)) - s4@group-676CD6864C30: appendEntries* s5->s4#5765-t1,previous=(t:1, i:57),leaderCommit=57,initializing? false,entries: size=1, first=(t:1, i:58), METADATAENTRY(c:57)
2024-10-16 23:57:21,660 DEBUG server.RaftServer$Division (RaftServerImpl.java:logAppendEntries(1549)) - s6@group-676CD6864C30: appendEntries* s5->s6#5764-t1,previous=(t:1, i:57),leaderCommit=57,initializing? false,entries: size=1, first=(t:1, i:58), METADATAENTRY(c:57)
2024-10-16 23:57:21,660 DEBUG server.RaftServer$Division (RaftServerImpl.java:submitClientRequestAsync(920)) - s5@group-676CD6864C30: receive client request(RaftClientRequest:client-DBFB2ABE2B08->s5@group-676CD6864C30, cid=5766, seq=null, RW, Message:01016300)
2024-10-16 23:57:21,660 DEBUG server.RaftServer$Division (RaftServerImpl.java:logAppendEntries(1549)) - s6@group-676CD6864C30: appendEntries* reply s5<-s6#5764:OK-t1,SUCCESS,nextIndex=59,followerCommit=57,matchIndex=58
2024-10-16 23:57:21,660 DEBUG server.RaftServer$Division (RaftServerImpl.java:logAppendEntries(1549)) - s4@group-676CD6864C30: appendEntries* reply s5<-s4#5765:OK-t1,SUCCESS,nextIndex=59,followerCommit=57,matchIndex=58
2024-10-16 23:57:21,660 DEBUG server.RaftServer$Division (LeaderStateImpl.java:addPendingRequest(529)) - s5@group-676CD6864C30-LeaderStateImpl: addPendingRequest at RaftClientRequest:client-DBFB2ABE2B08->s5@group-676CD6864C30, cid=5766, seq=null, RW, Message:01016300, entry=(t:1, i:59), STATEMACHINELOGENTRY, WRITE: logData.size=4, stateMachineData.size=0, logEntryProtoSerializedSize=0
2024-10-16 23:57:21,661 DEBUG server.RaftServer$Division (RaftServerImpl.java:logAppendEntries(1549)) - s4@group-676CD6864C30: appendEntries* s5->s4#5768-t1,previous=(t:1, i:58),leaderCommit=57,initializing? false,entries: size=1, first=(t:1, i:59), STATEMACHINELOGENTRY, StateMachineLogEntryProto:5766@client-DBFB2ABE2B08
2024-10-16 23:57:21,661 DEBUG server.RaftServer$Division (RaftServerImpl.java:logAppendEntries(1549)) - s6@group-676CD6864C30: appendEntries* s5->s6#5767-t1,previous=(t:1, i:58),leaderCommit=57,initializing? false,entries: size=1, first=(t:1, i:59), STATEMACHINELOGENTRY, StateMachineLogEntryProto:5766@client-DBFB2ABE2B08
2024-10-16 23:57:21,662 DEBUG server.RaftServer$Division (RaftServerImpl.java:logAppendEntries(1549)) - s6@group-676CD6864C30: appendEntries* reply s5<-s6#5767:OK-t1,SUCCESS,nextIndex=60,followerCommit=57,matchIndex=59
2024-10-16 23:57:21,662 DEBUG server.RaftServer$Division (RaftServerImpl.java:logAppendEntries(1549)) - s4@group-676CD6864C30: appendEntries* reply s5<-s4#5768:OK-t1,SUCCESS,nextIndex=60,followerCommit=57,matchIndex=59
2024-10-16 23:57:21,662 INFO  statemachine.StateMachine (ArithmeticStateMachine.java:applyTransaction(181)) - LEADER:s5-59: c = null = null
2024-10-16 23:57:21,662 DEBUG server.RaftServer$Division (RaftServerImpl.java:logAppendEntries(1549)) - s4@group-676CD6864C30: appendEntries* s5->s4#5769-t1,previous=(t:1, i:59),leaderCommit=59,initializing? false,entries: size=1, first=(t:1, i:60), METADATAENTRY(c:59)
2024-10-16 23:57:21,662 DEBUG server.RaftServer$Division (RaftServerImpl.java:logAppendEntries(1549)) - s6@group-676CD6864C30: appendEntries* s5->s6#5770-t1,previous=(t:1, i:59),leaderCommit=59,initializing? false,entries: size=1, first=(t:1, i:60), METADATAENTRY(c:59)
2024-10-16 23:57:21,662 DEBUG server.RaftServer$Division (RaftServerImpl.java:submitClientRequestAsync(920)) - s5@group-676CD6864C30: receive client request(RaftClientRequest:client-DBFB2ABE2B08->s5@group-676CD6864C30, cid=5771, seq=null, RW, Message:01016102405240000000...(size=12))
2024-10-16 23:57:21,663 DEBUG server.RaftServer$Division (RaftServerImpl.java:logAppendEntries(1549)) - s6@group-676CD6864C30: appendEntries* reply s5<-s6#5770:OK-t1,SUCCESS,nextIndex=61,followerCommit=59,matchIndex=60
2024-10-16 23:57:21,663 DEBUG server.RaftServer$Division (RaftServerImpl.java:logAppendEntries(1549)) - s4@group-676CD6864C30: appendEntries* reply s5<-s4#5769:OK-t1,SUCCESS,nextIndex=61,followerCommit=59,matchIndex=60
2024-10-16 23:57:21,663 DEBUG server.RaftServer$Division (LeaderStateImpl.java:addPendingRequest(529)) - s5@group-676CD6864C30-LeaderStateImpl: addPendingRequest at RaftClientRequest:client-DBFB2ABE2B08->s5@group-676CD6864C30, cid=5771, seq=null, RW, Message:01016102405240000000...(size=12), entry=(t:1, i:61), STATEMACHINELOGENTRY, WRITE: logData.size=12, stateMachineData.size=0, logEntryProtoSerializedSize=0
2024-10-16 23:57:21,663 DEBUG server.RaftServer$Division (RaftServerImpl.java:logAppendEntries(1549)) - s4@group-676CD6864C30: appendEntries* s5->s4#5772-t1,previous=(t:1, i:60),leaderCommit=60,initializing? false,entries: size=1, first=(t:1, i:61), STATEMACHINELOGENTRY, StateMachineLogEntryProto:5771@client-DBFB2ABE2B08
2024-10-16 23:57:21,664 DEBUG server.RaftServer$Division (RaftServerImpl.java:logAppendEntries(1549)) - s6@group-676CD6864C30: appendEntries* s5->s6#5773-t1,previous=(t:1, i:60),leaderCommit=60,initializing? false,entries: size=1, first=(t:1, i:61), STATEMACHINELOGENTRY, StateMachineLogEntryProto:5771@client-DBFB2ABE2B08
2024-10-16 23:57:21,664 DEBUG server.RaftServer$Division (RaftServerImpl.java:logAppendEntries(1549)) - s6@group-676CD6864C30: appendEntries* reply s5<-s6#5773:OK-t1,SUCCESS,nextIndex=62,followerCommit=60,matchIndex=61
2024-10-16 23:57:21,664 DEBUG server.RaftServer$Division (RaftServerImpl.java:logAppendEntries(1549)) - s4@group-676CD6864C30: appendEntries* reply s5<-s4#5772:OK-t1,SUCCESS,nextIndex=62,followerCommit=60,matchIndex=61
2024-10-16 23:57:21,664 INFO  statemachine.StateMachine (ArithmeticStateMachine.java:applyTransaction(181)) - LEADER:s5-61: a = 73 = 73
2024-10-16 23:57:21,665 DEBUG server.RaftServer$Division (RaftServerImpl.java:logAppendEntries(1549)) - s4@group-676CD6864C30: appendEntries* s5->s4#5774-t1,previous=(t:1, i:61),leaderCommit=61,initializing? false,entries: size=1, first=(t:1, i:62), METADATAENTRY(c:61)
2024-10-16 23:57:21,665 DEBUG server.RaftServer$Division (RaftServerImpl.java:logAppendEntries(1549)) - s6@group-676CD6864C30: appendEntries* s5->s6#5775-t1,previous=(t:1, i:61),leaderCommit=61,initializing? false,entries: size=1, first=(t:1, i:62), METADATAENTRY(c:61)
2024-10-16 23:57:21,665 DEBUG server.RaftServer$Division (RaftServerImpl.java:submitClientRequestAsync(920)) - s5@group-676CD6864C30: receive client request(RaftClientRequest:client-DBFB2ABE2B08->s5@group-676CD6864C30, cid=5776, seq=null, RW, Message:0101620240a4d0000000...(size=12))
2024-10-16 23:57:21,665 DEBUG server.RaftServer$Division (RaftServerImpl.java:logAppendEntries(1549)) - s4@group-676CD6864C30: appendEntries* reply s5<-s4#5774:OK-t1,SUCCESS,nextIndex=63,followerCommit=61,matchIndex=62
2024-10-16 23:57:21,666 DEBUG server.RaftServer$Division (LeaderStateImpl.java:addPendingRequest(529)) - s5@group-676CD6864C30-LeaderStateImpl: addPendingRequest at RaftClientRequest:client-DBFB2ABE2B08->s5@group-676CD6864C30, cid=5776, seq=null, RW, Message:0101620240a4d0000000...(size=12), entry=(t:1, i:63), STATEMACHINELOGENTRY, WRITE: logData.size=12, stateMachineData.size=0, logEntryProtoSerializedSize=0
2024-10-16 23:57:21,665 DEBUG server.RaftServer$Division (RaftServerImpl.java:logAppendEntries(1549)) - s6@group-676CD6864C30: appendEntries* reply s5<-s6#5775:OK-t1,SUCCESS,nextIndex=63,followerCommit=61,matchIndex=62
2024-10-16 23:57:21,666 DEBUG server.RaftServer$Division (RaftServerImpl.java:logAppendEntries(1549)) - s4@group-676CD6864C30: appendEntries* s5->s4#5777-t1,previous=(t:1, i:62),leaderCommit=61,initializing? false,entries: size=1, first=(t:1, i:63), STATEMACHINELOGENTRY, StateMachineLogEntryProto:5776@client-DBFB2ABE2B08
2024-10-16 23:57:21,667 DEBUG server.RaftServer$Division (RaftServerImpl.java:logAppendEntries(1549)) - s4@group-676CD6864C30: appendEntries* reply s5<-s4#5777:OK-t1,SUCCESS,nextIndex=64,followerCommit=61,matchIndex=63
2024-10-16 23:57:21,667 DEBUG server.RaftServer$Division (RaftServerImpl.java:logAppendEntries(1549)) - s6@group-676CD6864C30: appendEntries* s5->s6#5778-t1,previous=(t:1, i:62),leaderCommit=62,initializing? false,entries: size=1, first=(t:1, i:63), STATEMACHINELOGENTRY, StateMachineLogEntryProto:5776@client-DBFB2ABE2B08
2024-10-16 23:57:21,667 INFO  statemachine.StateMachine (ArithmeticStateMachine.java:applyTransaction(181)) - LEADER:s5-63: b = 2664 = 2664
2024-10-16 23:57:21,667 DEBUG server.RaftServer$Division (RaftServerImpl.java:logAppendEntries(1549)) - s6@group-676CD6864C30: appendEntries* reply s5<-s6#5778:OK-t1,SUCCESS,nextIndex=64,followerCommit=62,matchIndex=63
2024-10-16 23:57:21,668 DEBUG server.RaftServer$Division (RaftServerImpl.java:logAppendEntries(1549)) - s4@group-676CD6864C30: appendEntries* s5->s4#5779-t1,previous=(t:1, i:63),leaderCommit=63,initializing? false,entries: size=1, first=(t:1, i:64), METADATAENTRY(c:63)
2024-10-16 23:57:21,668 DEBUG server.RaftServer$Division (RaftServerImpl.java:logAppendEntries(1549)) - s6@group-676CD6864C30: appendEntries* s5->s6#5780-t1,previous=(t:1, i:63),leaderCommit=63,initializing? false,entries: size=1, first=(t:1, i:64), METADATAENTRY(c:63)
2024-10-16 23:57:21,668 DEBUG server.RaftServer$Division (RaftServerImpl.java:logAppendEntries(1549)) - s4@group-676CD6864C30: appendEntries* reply s5<-s4#5779:OK-t1,SUCCESS,nextIndex=65,followerCommit=63,matchIndex=64
2024-10-16 23:57:21,668 DEBUG server.RaftServer$Division (RaftServerImpl.java:logAppendEntries(1549)) - s6@group-676CD6864C30: appendEntries* reply s5<-s6#5780:OK-t1,SUCCESS,nextIndex=65,followerCommit=63,matchIndex=64
2024-10-16 23:57:21,668 DEBUG server.RaftServer$Division (RaftServerImpl.java:submitClientRequestAsync(920)) - s5@group-676CD6864C30: receive client request(RaftClientRequest:client-DBFB2ABE2B08->s5@group-676CD6864C30, cid=5781, seq=null, RW, Message:01016304010300040201...(size=17))
2024-10-16 23:57:21,669 DEBUG server.RaftServer$Division (LeaderStateImpl.java:addPendingRequest(529)) - s5@group-676CD6864C30-LeaderStateImpl: addPendingRequest at RaftClientRequest:client-DBFB2ABE2B08->s5@group-676CD6864C30, cid=5781, seq=null, RW, Message:01016304010300040201...(size=17), entry=(t:1, i:65), STATEMACHINELOGENTRY, WRITE: logData.size=17, stateMachineData.size=0, logEntryProtoSerializedSize=0
2024-10-16 23:57:21,669 DEBUG server.RaftServer$Division (RaftServerImpl.java:logAppendEntries(1549)) - s6@group-676CD6864C30: appendEntries* s5->s6#5783-t1,previous=(t:1, i:64),leaderCommit=64,initializing? false,entries: size=1, first=(t:1, i:65), STATEMACHINELOGENTRY, StateMachineLogEntryProto:5781@client-DBFB2ABE2B08
2024-10-16 23:57:21,670 DEBUG server.RaftServer$Division (RaftServerImpl.java:logAppendEntries(1549)) - s4@group-676CD6864C30: appendEntries* s5->s4#5782-t1,previous=(t:1, i:64),leaderCommit=64,initializing? false,entries: size=1, first=(t:1, i:65), STATEMACHINELOGENTRY, StateMachineLogEntryProto:5781@client-DBFB2ABE2B08
2024-10-16 23:57:21,670 DEBUG server.RaftServer$Division (RaftServerImpl.java:logAppendEntries(1549)) - s4@group-676CD6864C30: appendEntries* reply s5<-s4#5782:OK-t1,SUCCESS,nextIndex=66,followerCommit=64,matchIndex=65
2024-10-16 23:57:21,670 DEBUG server.RaftServer$Division (RaftServerImpl.java:logAppendEntries(1549)) - s6@group-676CD6864C30: appendEntries* reply s5<-s6#5783:OK-t1,SUCCESS,nextIndex=66,followerCommit=64,matchIndex=65
2024-10-16 23:57:21,670 INFO  statemachine.StateMachine (ArithmeticStateMachine.java:applyTransaction(181)) - LEADER:s5-65: c = √(a^2 + b^2) = 2665
2024-10-16 23:57:21,670 DEBUG server.RaftServer$Division (RaftServerImpl.java:logAppendEntries(1549)) - s6@group-676CD6864C30: appendEntries* s5->s6#5785-t1,previous=(t:1, i:65),leaderCommit=65,initializing? false,entries: size=1, first=(t:1, i:66), METADATAENTRY(c:65)
2024-10-16 23:57:21,671 DEBUG server.RaftServer$Division (RaftServerImpl.java:logAppendEntries(1549)) - s4@group-676CD6864C30: appendEntries* s5->s4#5784-t1,previous=(t:1, i:65),leaderCommit=65,initializing? false,entries: size=1, first=(t:1, i:66), METADATAENTRY(c:65)
2024-10-16 23:57:21,671 DEBUG server.RaftServer$Division (RaftServerImpl.java:submitClientRequestAsync(920)) - s5@group-676CD6864C30: receive client request(RaftClientRequest:client-DBFB2ABE2B08->s5@group-676CD6864C30, cid=5786, seq=null, RW, Message:01016100)
2024-10-16 23:57:21,671 DEBUG server.RaftServer$Division (RaftServerImpl.java:logAppendEntries(1549)) - s6@group-676CD6864C30: appendEntries* reply s5<-s6#5785:OK-t1,SUCCESS,nextIndex=67,followerCommit=65,matchIndex=66
2024-10-16 23:57:21,671 DEBUG server.RaftServer$Division (RaftServerImpl.java:logAppendEntries(1549)) - s4@group-676CD6864C30: appendEntries* reply s5<-s4#5784:OK-t1,SUCCESS,nextIndex=67,followerCommit=65,matchIndex=66
2024-10-16 23:57:21,672 DEBUG server.RaftServer$Division (LeaderStateImpl.java:addPendingRequest(529)) - s5@group-676CD6864C30-LeaderStateImpl: addPendingRequest at RaftClientRequest:client-DBFB2ABE2B08->s5@group-676CD6864C30, cid=5786, seq=null, RW, Message:01016100, entry=(t:1, i:67), STATEMACHINELOGENTRY, WRITE: logData.size=4, stateMachineData.size=0, logEntryProtoSerializedSize=0
2024-10-16 23:57:21,672 DEBUG server.RaftServer$Division (RaftServerImpl.java:logAppendEntries(1549)) - s4@group-676CD6864C30: appendEntries* s5->s4#5787-t1,previous=(t:1, i:66),leaderCommit=66,initializing? false,entries: size=1, first=(t:1, i:67), STATEMACHINELOGENTRY, StateMachineLogEntryProto:5786@client-DBFB2ABE2B08
2024-10-16 23:57:21,672 DEBUG server.RaftServer$Division (RaftServerImpl.java:logAppendEntries(1549)) - s6@group-676CD6864C30: appendEntries* s5->s6#5788-t1,previous=(t:1, i:66),leaderCommit=66,initializing? false,entries: size=1, first=(t:1, i:67), STATEMACHINELOGENTRY, StateMachineLogEntryProto:5786@client-DBFB2ABE2B08
2024-10-16 23:57:21,673 DEBUG server.RaftServer$Division (RaftServerImpl.java:logAppendEntries(1549)) - s4@group-676CD6864C30: appendEntries* reply s5<-s4#5787:OK-t1,SUCCESS,nextIndex=68,followerCommit=66,matchIndex=67
2024-10-16 23:57:21,673 DEBUG server.RaftServer$Division (RaftServerImpl.java:logAppendEntries(1549)) - s6@group-676CD6864C30: appendEntries* reply s5<-s6#5788:OK-t1,SUCCESS,nextIndex=68,followerCommit=66,matchIndex=67
2024-10-16 23:57:21,673 INFO  statemachine.StateMachine (ArithmeticStateMachine.java:applyTransaction(181)) - LEADER:s5-67: a = null = null
2024-10-16 23:57:21,673 DEBUG server.RaftServer$Division (RaftServerImpl.java:logAppendEntries(1549)) - s4@group-676CD6864C30: appendEntries* s5->s4#5789-t1,previous=(t:1, i:67),leaderCommit=67,initializing? false,entries: size=1, first=(t:1, i:68), METADATAENTRY(c:67)
2024-10-16 23:57:21,673 DEBUG server.RaftServer$Division (RaftServerImpl.java:submitClientRequestAsync(920)) - s5@group-676CD6864C30: receive client request(RaftClientRequest:client-DBFB2ABE2B08->s5@group-676CD6864C30, cid=5791, seq=null, RW, Message:01016200)
2024-10-16 23:57:21,674 DEBUG server.RaftServer$Division (RaftServerImpl.java:logAppendEntries(1549)) - s4@group-676CD6864C30: appendEntries* reply s5<-s4#5789:OK-t1,SUCCESS,nextIndex=69,followerCommit=67,matchIndex=68
2024-10-16 23:57:21,673 DEBUG server.RaftServer$Division (RaftServerImpl.java:logAppendEntries(1549)) - s6@group-676CD6864C30: appendEntries* s5->s6#5790-t1,previous=(t:1, i:67),leaderCommit=67,initializing? false,entries: size=1, first=(t:1, i:68), METADATAENTRY(c:67)
2024-10-16 23:57:21,674 DEBUG server.RaftServer$Division (LeaderStateImpl.java:addPendingRequest(529)) - s5@group-676CD6864C30-LeaderStateImpl: addPendingRequest at RaftClientRequest:client-DBFB2ABE2B08->s5@group-676CD6864C30, cid=5791, seq=null, RW, Message:01016200, entry=(t:1, i:69), STATEMACHINELOGENTRY, WRITE: logData.size=4, stateMachineData.size=0, logEntryProtoSerializedSize=0
2024-10-16 23:57:21,674 DEBUG server.RaftServer$Division (RaftServerImpl.java:logAppendEntries(1549)) - s6@group-676CD6864C30: appendEntries* reply s5<-s6#5790:OK-t1,SUCCESS,nextIndex=69,followerCommit=67,matchIndex=68
2024-10-16 23:57:21,674 DEBUG server.RaftServer$Division (RaftServerImpl.java:logAppendEntries(1549)) - s4@group-676CD6864C30: appendEntries* s5->s4#5792-t1,previous=(t:1, i:68),leaderCommit=67,initializing? false,entries: size=1, first=(t:1, i:69), STATEMACHINELOGENTRY, StateMachineLogEntryProto:5791@client-DBFB2ABE2B08
2024-10-16 23:57:21,675 DEBUG server.RaftServer$Division (RaftServerImpl.java:logAppendEntries(1549)) - s6@group-676CD6864C30: appendEntries* s5->s6#5793-t1,previous=(t:1, i:68),leaderCommit=67,initializing? false,entries: size=1, first=(t:1, i:69), STATEMACHINELOGENTRY, StateMachineLogEntryProto:5791@client-DBFB2ABE2B08
2024-10-16 23:57:21,675 DEBUG server.RaftServer$Division (RaftServerImpl.java:logAppendEntries(1549)) - s4@group-676CD6864C30: appendEntries* reply s5<-s4#5792:OK-t1,SUCCESS,nextIndex=70,followerCommit=67,matchIndex=69
2024-10-16 23:57:21,675 DEBUG server.RaftServer$Division (RaftServerImpl.java:logAppendEntries(1549)) - s6@group-676CD6864C30: appendEntries* reply s5<-s6#5793:OK-t1,SUCCESS,nextIndex=70,followerCommit=67,matchIndex=69
2024-10-16 23:57:21,675 INFO  statemachine.StateMachine (ArithmeticStateMachine.java:applyTransaction(181)) - LEADER:s5-69: b = null = null
2024-10-16 23:57:21,676 DEBUG server.RaftServer$Division (RaftServerImpl.java:logAppendEntries(1549)) - s4@group-676CD6864C30: appendEntries* s5->s4#5794-t1,previous=(t:1, i:69),leaderCommit=69,initializing? false,entries: size=1, first=(t:1, i:70), METADATAENTRY(c:69)
2024-10-16 23:57:21,676 DEBUG server.RaftServer$Division (RaftServerImpl.java:logAppendEntries(1549)) - s6@group-676CD6864C30: appendEntries* s5->s6#5795-t1,previous=(t:1, i:69),leaderCommit=69,initializing? false,entries: size=1, first=(t:1, i:70), METADATAENTRY(c:69)
2024-10-16 23:57:21,676 DEBUG server.RaftServer$Division (RaftServerImpl.java:submitClientRequestAsync(920)) - s5@group-676CD6864C30: receive client request(RaftClientRequest:client-DBFB2ABE2B08->s5@group-676CD6864C30, cid=5796, seq=null, RW, Message:01016300)
2024-10-16 23:57:21,676 DEBUG server.RaftServer$Division (RaftServerImpl.java:logAppendEntries(1549)) - s4@group-676CD6864C30: appendEntries* reply s5<-s4#5794:OK-t1,SUCCESS,nextIndex=71,followerCommit=69,matchIndex=70
2024-10-16 23:57:21,676 DEBUG server.RaftServer$Division (RaftServerImpl.java:logAppendEntries(1549)) - s6@group-676CD6864C30: appendEntries* reply s5<-s6#5795:OK-t1,SUCCESS,nextIndex=71,followerCommit=69,matchIndex=70
2024-10-16 23:57:21,676 DEBUG server.RaftServer$Division (LeaderStateImpl.java:addPendingRequest(529)) - s5@group-676CD6864C30-LeaderStateImpl: addPendingRequest at RaftClientRequest:client-DBFB2ABE2B08->s5@group-676CD6864C30, cid=5796, seq=null, RW, Message:01016300, entry=(t:1, i:71), STATEMACHINELOGENTRY, WRITE: logData.size=4, stateMachineData.size=0, logEntryProtoSerializedSize=0
2024-10-16 23:57:21,677 DEBUG server.RaftServer$Division (RaftServerImpl.java:logAppendEntries(1549)) - s4@group-676CD6864C30: appendEntries* s5->s4#5797-t1,previous=(t:1, i:70),leaderCommit=69,initializing? false,entries: size=1, first=(t:1, i:71), STATEMACHINELOGENTRY, StateMachineLogEntryProto:5796@client-DBFB2ABE2B08
2024-10-16 23:57:21,677 DEBUG server.RaftServer$Division (RaftServerImpl.java:logAppendEntries(1549)) - s4@group-676CD6864C30: appendEntries* reply s5<-s4#5797:OK-t1,SUCCESS,nextIndex=72,followerCommit=69,matchIndex=71
2024-10-16 23:57:21,678 DEBUG server.RaftServer$Division (RaftServerImpl.java:logAppendEntries(1549)) - s6@group-676CD6864C30: appendEntries* s5->s6#5798-t1,previous=(t:1, i:70),leaderCommit=70,initializing? false,entries: size=1, first=(t:1, i:71), STATEMACHINELOGENTRY, StateMachineLogEntryProto:5796@client-DBFB2ABE2B08
2024-10-16 23:57:21,678 INFO  statemachine.StateMachine (ArithmeticStateMachine.java:applyTransaction(181)) - LEADER:s5-71: c = null = null
2024-10-16 23:57:21,678 DEBUG server.RaftServer$Division (RaftServerImpl.java:logAppendEntries(1549)) - s4@group-676CD6864C30: appendEntries* s5->s4#5799-t1,previous=(t:1, i:71),leaderCommit=71,initializing? false,entries: size=1, first=(t:1, i:72), METADATAENTRY(c:71)
2024-10-16 23:57:21,678 DEBUG server.RaftServer$Division (RaftServerImpl.java:logAppendEntries(1549)) - s6@group-676CD6864C30: appendEntries* reply s5<-s6#5798:OK-t1,SUCCESS,nextIndex=72,followerCommit=70,matchIndex=71
2024-10-16 23:57:21,679 DEBUG server.RaftServer$Division (RaftServerImpl.java:submitClientRequestAsync(920)) - s5@group-676CD6864C30: receive client request(RaftClientRequest:client-DBFB2ABE2B08->s5@group-676CD6864C30, cid=5800, seq=null, RW, Message:010161024052c0000000...(size=12))
2024-10-16 23:57:21,679 DEBUG server.RaftServer$Division (RaftServerImpl.java:logAppendEntries(1549)) - s6@group-676CD6864C30: appendEntries* s5->s6#5801-t1,previous=(t:1, i:71),leaderCommit=71,initializing? false,entries: size=1, first=(t:1, i:72), METADATAENTRY(c:71)
2024-10-16 23:57:21,679 DEBUG server.RaftServer$Division (RaftServerImpl.java:logAppendEntries(1549)) - s4@group-676CD6864C30: appendEntries* reply s5<-s4#5799:OK-t1,SUCCESS,nextIndex=73,followerCommit=71,matchIndex=72
2024-10-16 23:57:21,679 DEBUG server.RaftServer$Division (LeaderStateImpl.java:addPendingRequest(529)) - s5@group-676CD6864C30-LeaderStateImpl: addPendingRequest at RaftClientRequest:client-DBFB2ABE2B08->s5@group-676CD6864C30, cid=5800, seq=null, RW, Message:010161024052c0000000...(size=12), entry=(t:1, i:73), STATEMACHINELOGENTRY, WRITE: logData.size=12, stateMachineData.size=0, logEntryProtoSerializedSize=0
2024-10-16 23:57:21,679 DEBUG server.RaftServer$Division (RaftServerImpl.java:logAppendEntries(1549)) - s6@group-676CD6864C30: appendEntries* reply s5<-s6#5801:OK-t1,SUCCESS,nextIndex=73,followerCommit=71,matchIndex=72
2024-10-16 23:57:21,680 DEBUG server.RaftServer$Division (RaftServerImpl.java:logAppendEntries(1549)) - s4@group-676CD6864C30: appendEntries* s5->s4#5804-t1,previous=(t:1, i:72),leaderCommit=71,initializing? false,entries: size=1, first=(t:1, i:73), STATEMACHINELOGENTRY, StateMachineLogEntryProto:5800@client-DBFB2ABE2B08
2024-10-16 23:57:21,680 DEBUG server.RaftServer$Division (RaftServerImpl.java:logAppendEntries(1549)) - s6@group-676CD6864C30: appendEntries* s5->s6#5805-t1,previous=(t:1, i:72),leaderCommit=72,initializing? false,entries: size=1, first=(t:1, i:73), STATEMACHINELOGENTRY, StateMachineLogEntryProto:5800@client-DBFB2ABE2B08
2024-10-16 23:57:21,680 DEBUG server.RaftServer$Division (RaftServerImpl.java:logAppendEntries(1549)) - s4@group-676CD6864C30: appendEntries* reply s5<-s4#5804:OK-t1,SUCCESS,nextIndex=74,followerCommit=71,matchIndex=73
2024-10-16 23:57:21,680 INFO  statemachine.StateMachine (ArithmeticStateMachine.java:applyTransaction(181)) - LEADER:s5-73: a = 75 = 75
2024-10-16 23:57:21,681 DEBUG server.RaftServer$Division (RaftServerImpl.java:logAppendEntries(1549)) - s6@group-676CD6864C30: appendEntries* reply s5<-s6#5805:OK-t1,SUCCESS,nextIndex=74,followerCommit=72,matchIndex=73
2024-10-16 23:57:21,681 DEBUG server.RaftServer$Division (RaftServerImpl.java:logAppendEntries(1549)) - s4@group-676CD6864C30: appendEntries* s5->s4#5806-t1,previous=(t:1, i:73),leaderCommit=73,initializing? false,entries: size=1, first=(t:1, i:74), METADATAENTRY(c:73)
2024-10-16 23:57:21,681 DEBUG server.RaftServer$Division (RaftServerImpl.java:logAppendEntries(1549)) - s4@group-676CD6864C30: appendEntries* reply s5<-s4#5806:OK-t1,SUCCESS,nextIndex=75,followerCommit=73,matchIndex=74
2024-10-16 23:57:21,681 DEBUG server.RaftServer$Division (RaftServerImpl.java:submitClientRequestAsync(920)) - s5@group-676CD6864C30: receive client request(RaftClientRequest:client-DBFB2ABE2B08->s5@group-676CD6864C30, cid=5807, seq=null, RW, Message:0101620240a5f8000000...(size=12))
2024-10-16 23:57:21,681 DEBUG server.RaftServer$Division (RaftServerImpl.java:logAppendEntries(1549)) - s6@group-676CD6864C30: appendEntries* s5->s6#5808-t1,previous=(t:1, i:73),leaderCommit=73,initializing? false,entries: size=1, first=(t:1, i:74), METADATAENTRY(c:73)
2024-10-16 23:57:21,682 DEBUG server.RaftServer$Division (LeaderStateImpl.java:addPendingRequest(529)) - s5@group-676CD6864C30-LeaderStateImpl: addPendingRequest at RaftClientRequest:client-DBFB2ABE2B08->s5@group-676CD6864C30, cid=5807, seq=null, RW, Message:0101620240a5f8000000...(size=12), entry=(t:1, i:75), STATEMACHINELOGENTRY, WRITE: logData.size=12, stateMachineData.size=0, logEntryProtoSerializedSize=0
2024-10-16 23:57:21,682 DEBUG server.RaftServer$Division (RaftServerImpl.java:logAppendEntries(1549)) - s6@group-676CD6864C30: appendEntries* reply s5<-s6#5808:OK-t1,SUCCESS,nextIndex=75,followerCommit=73,matchIndex=74
2024-10-16 23:57:21,682 DEBUG server.RaftServer$Division (RaftServerImpl.java:logAppendEntries(1549)) - s4@group-676CD6864C30: appendEntries* s5->s4#5809-t1,previous=(t:1, i:74),leaderCommit=74,initializing? false,entries: size=1, first=(t:1, i:75), STATEMACHINELOGENTRY, StateMachineLogEntryProto:5807@client-DBFB2ABE2B08
2024-10-16 23:57:21,683 DEBUG server.RaftServer$Division (RaftServerImpl.java:logAppendEntries(1549)) - s6@group-676CD6864C30: appendEntries* s5->s6#5810-t1,previous=(t:1, i:74),leaderCommit=74,initializing? false,entries: size=1, first=(t:1, i:75), STATEMACHINELOGENTRY, StateMachineLogEntryProto:5807@client-DBFB2ABE2B08
2024-10-16 23:57:21,683 DEBUG server.RaftServer$Division (RaftServerImpl.java:logAppendEntries(1549)) - s4@group-676CD6864C30: appendEntries* reply s5<-s4#5809:OK-t1,SUCCESS,nextIndex=76,followerCommit=74,matchIndex=75
2024-10-16 23:57:21,683 INFO  statemachine.StateMachine (ArithmeticStateMachine.java:applyTransaction(181)) - LEADER:s5-75: b = 2812 = 2812
2024-10-16 23:57:21,683 DEBUG server.RaftServer$Division (RaftServerImpl.java:logAppendEntries(1549)) - s4@group-676CD6864C30: appendEntries* s5->s4#5811-t1,previous=(t:1, i:75),leaderCommit=75,initializing? false,entries: size=1, first=(t:1, i:76), METADATAENTRY(c:75)
2024-10-16 23:57:21,683 DEBUG server.RaftServer$Division (RaftServerImpl.java:logAppendEntries(1549)) - s6@group-676CD6864C30: appendEntries* reply s5<-s6#5810:OK-t1,SUCCESS,nextIndex=76,followerCommit=74,matchIndex=75
2024-10-16 23:57:21,684 DEBUG server.RaftServer$Division (RaftServerImpl.java:logAppendEntries(1549)) - s4@group-676CD6864C30: appendEntries* reply s5<-s4#5811:OK-t1,SUCCESS,nextIndex=77,followerCommit=75,matchIndex=76
2024-10-16 23:57:21,684 DEBUG server.RaftServer$Division (RaftServerImpl.java:submitClientRequestAsync(920)) - s5@group-676CD6864C30: receive client request(RaftClientRequest:client-DBFB2ABE2B08->s5@group-676CD6864C30, cid=5812, seq=null, RW, Message:01016304010300040201...(size=17))
2024-10-16 23:57:21,684 DEBUG server.RaftServer$Division (RaftServerImpl.java:logAppendEntries(1549)) - s6@group-676CD6864C30: appendEntries* s5->s6#5813-t1,previous=(t:1, i:75),leaderCommit=75,initializing? false,entries: size=1, first=(t:1, i:76), METADATAENTRY(c:75)
2024-10-16 23:57:21,684 DEBUG server.RaftServer$Division (LeaderStateImpl.java:addPendingRequest(529)) - s5@group-676CD6864C30-LeaderStateImpl: addPendingRequest at RaftClientRequest:client-DBFB2ABE2B08->s5@group-676CD6864C30, cid=5812, seq=null, RW, Message:01016304010300040201...(size=17), entry=(t:1, i:77), STATEMACHINELOGENTRY, WRITE: logData.size=17, stateMachineData.size=0, logEntryProtoSerializedSize=0
2024-10-16 23:57:21,684 DEBUG server.RaftServer$Division (RaftServerImpl.java:logAppendEntries(1549)) - s6@group-676CD6864C30: appendEntries* reply s5<-s6#5813:OK-t1,SUCCESS,nextIndex=77,followerCommit=75,matchIndex=76
2024-10-16 23:57:21,685 DEBUG server.RaftServer$Division (RaftServerImpl.java:logAppendEntries(1549)) - s4@group-676CD6864C30: appendEntries* s5->s4#5814-t1,previous=(t:1, i:76),leaderCommit=76,initializing? false,entries: size=1, first=(t:1, i:77), STATEMACHINELOGENTRY, StateMachineLogEntryProto:5812@client-DBFB2ABE2B08
2024-10-16 23:57:21,685 DEBUG server.RaftServer$Division (RaftServerImpl.java:logAppendEntries(1549)) - s6@group-676CD6864C30: appendEntries* s5->s6#5817-t1,previous=(t:1, i:76),leaderCommit=76,initializing? false,entries: size=1, first=(t:1, i:77), STATEMACHINELOGENTRY, StateMachineLogEntryProto:5812@client-DBFB2ABE2B08
2024-10-16 23:57:21,685 DEBUG server.RaftServer$Division (RaftServerImpl.java:logAppendEntries(1549)) - s4@group-676CD6864C30: appendEntries* reply s5<-s4#5814:OK-t1,SUCCESS,nextIndex=78,followerCommit=76,matchIndex=77
2024-10-16 23:57:21,685 DEBUG server.RaftServer$Division (RaftServerImpl.java:logAppendEntries(1549)) - s6@group-676CD6864C30: appendEntries* reply s5<-s6#5817:OK-t1,SUCCESS,nextIndex=78,followerCommit=76,matchIndex=77
2024-10-16 23:57:21,686 INFO  statemachine.StateMachine (ArithmeticStateMachine.java:applyTransaction(181)) - LEADER:s5-77: c = √(a^2 + b^2) = 2813
2024-10-16 23:57:21,686 DEBUG server.RaftServer$Division (RaftServerImpl.java:logAppendEntries(1549)) - s4@group-676CD6864C30: appendEntries* s5->s4#5818-t1,previous=(t:1, i:77),leaderCommit=77,initializing? false,entries: size=1, first=(t:1, i:78), METADATAENTRY(c:77)
2024-10-16 23:57:21,686 DEBUG server.RaftServer$Division (RaftServerImpl.java:logAppendEntries(1549)) - s6@group-676CD6864C30: appendEntries* s5->s6#5819-t1,previous=(t:1, i:77),leaderCommit=77,initializing? false,entries: size=1, first=(t:1, i:78), METADATAENTRY(c:77)
2024-10-16 23:57:21,686 DEBUG server.RaftServer$Division (RaftServerImpl.java:logAppendEntries(1549)) - s6@group-676CD6864C30: appendEntries* reply s5<-s6#5819:OK-t1,SUCCESS,nextIndex=79,followerCommit=77,matchIndex=78
2024-10-16 23:57:21,687 DEBUG server.RaftServer$Division (RaftServerImpl.java:logAppendEntries(1549)) - s4@group-676CD6864C30: appendEntries* reply s5<-s4#5818:OK-t1,SUCCESS,nextIndex=79,followerCommit=77,matchIndex=78
2024-10-16 23:57:21,687 DEBUG server.RaftServer$Division (RaftServerImpl.java:submitClientRequestAsync(920)) - s5@group-676CD6864C30: receive client request(RaftClientRequest:client-DBFB2ABE2B08->s5@group-676CD6864C30, cid=5820, seq=null, RW, Message:01016100)
2024-10-16 23:57:21,687 DEBUG server.RaftServer$Division (LeaderStateImpl.java:addPendingRequest(529)) - s5@group-676CD6864C30-LeaderStateImpl: addPendingRequest at RaftClientRequest:client-DBFB2ABE2B08->s5@group-676CD6864C30, cid=5820, seq=null, RW, Message:01016100, entry=(t:1, i:79), STATEMACHINELOGENTRY, WRITE: logData.size=4, stateMachineData.size=0, logEntryProtoSerializedSize=0
2024-10-16 23:57:21,688 DEBUG server.RaftServer$Division (RaftServerImpl.java:logAppendEntries(1549)) - s4@group-676CD6864C30: appendEntries* s5->s4#5821-t1,previous=(t:1, i:78),leaderCommit=78,initializing? false,entries: size=1, first=(t:1, i:79), STATEMACHINELOGENTRY, StateMachineLogEntryProto:5820@client-DBFB2ABE2B08
2024-10-16 23:57:21,688 DEBUG server.RaftServer$Division (RaftServerImpl.java:logAppendEntries(1549)) - s6@group-676CD6864C30: appendEntries* s5->s6#5822-t1,previous=(t:1, i:78),leaderCommit=78,initializing? false,entries: size=1, first=(t:1, i:79), STATEMACHINELOGENTRY, StateMachineLogEntryProto:5820@client-DBFB2ABE2B08
2024-10-16 23:57:21,688 DEBUG server.RaftServer$Division (RaftServerImpl.java:logAppendEntries(1549)) - s4@group-676CD6864C30: appendEntries* reply s5<-s4#5821:OK-t1,SUCCESS,nextIndex=80,followerCommit=78,matchIndex=79
2024-10-16 23:57:21,688 DEBUG server.RaftServer$Division (RaftServerImpl.java:logAppendEntries(1549)) - s6@group-676CD6864C30: appendEntries* reply s5<-s6#5822:OK-t1,SUCCESS,nextIndex=80,followerCommit=78,matchIndex=79
2024-10-16 23:57:21,689 INFO  statemachine.StateMachine (ArithmeticStateMachine.java:applyTransaction(181)) - LEADER:s5-79: a = null = null
2024-10-16 23:57:21,689 DEBUG server.RaftServer$Division (RaftServerImpl.java:logAppendEntries(1549)) - s4@group-676CD6864C30: appendEntries* s5->s4#5823-t1,previous=(t:1, i:79),leaderCommit=79,initializing? false,entries: size=1, first=(t:1, i:80), METADATAENTRY(c:79)
2024-10-16 23:57:21,689 DEBUG server.RaftServer$Division (RaftServerImpl.java:submitClientRequestAsync(920)) - s5@group-676CD6864C30: receive client request(RaftClientRequest:client-DBFB2ABE2B08->s5@group-676CD6864C30, cid=5825, seq=null, RW, Message:01016200)
2024-10-16 23:57:21,689 DEBUG server.RaftServer$Division (RaftServerImpl.java:logAppendEntries(1549)) - s4@group-676CD6864C30: appendEntries* reply s5<-s4#5823:OK-t1,SUCCESS,nextIndex=81,followerCommit=79,matchIndex=80
2024-10-16 23:57:21,689 DEBUG server.RaftServer$Division (RaftServerImpl.java:logAppendEntries(1549)) - s6@group-676CD6864C30: appendEntries* s5->s6#5824-t1,previous=(t:1, i:79),leaderCommit=79,initializing? false,entries: size=1, first=(t:1, i:80), METADATAENTRY(c:79)
2024-10-16 23:57:21,690 DEBUG server.RaftServer$Division (LeaderStateImpl.java:addPendingRequest(529)) - s5@group-676CD6864C30-LeaderStateImpl: addPendingRequest at RaftClientRequest:client-DBFB2ABE2B08->s5@group-676CD6864C30, cid=5825, seq=null, RW, Message:01016200, entry=(t:1, i:81), STATEMACHINELOGENTRY, WRITE: logData.size=4, stateMachineData.size=0, logEntryProtoSerializedSize=0
2024-10-16 23:57:21,690 DEBUG server.RaftServer$Division (RaftServerImpl.java:logAppendEntries(1549)) - s6@group-676CD6864C30: appendEntries* reply s5<-s6#5824:OK-t1,SUCCESS,nextIndex=81,followerCommit=79,matchIndex=80
2024-10-16 23:57:21,690 DEBUG server.RaftServer$Division (RaftServerImpl.java:logAppendEntries(1549)) - s4@group-676CD6864C30: appendEntries* s5->s4#5826-t1,previous=(t:1, i:80),leaderCommit=80,initializing? false,entries: size=1, first=(t:1, i:81), STATEMACHINELOGENTRY, StateMachineLogEntryProto:5825@client-DBFB2ABE2B08
2024-10-16 23:57:21,690 DEBUG server.RaftServer$Division (RaftServerImpl.java:logAppendEntries(1549)) - s4@group-676CD6864C30: appendEntries* reply s5<-s4#5826:OK-t1,SUCCESS,nextIndex=82,followerCommit=80,matchIndex=81
2024-10-16 23:57:21,691 INFO  statemachine.StateMachine (ArithmeticStateMachine.java:applyTransaction(181)) - LEADER:s5-81: b = null = null
2024-10-16 23:57:21,691 DEBUG server.RaftServer$Division (RaftServerImpl.java:logAppendEntries(1549)) - s4@group-676CD6864C30: appendEntries* s5->s4#5828-t1,previous=(t:1, i:81),leaderCommit=81,initializing? false,entries: size=1, first=(t:1, i:82), METADATAENTRY(c:81)
2024-10-16 23:57:21,691 DEBUG server.RaftServer$Division (RaftServerImpl.java:logAppendEntries(1549)) - s6@group-676CD6864C30: appendEntries* s5->s6#5827-t1,previous=(t:1, i:80),leaderCommit=80,initializing? false,entries: size=1, first=(t:1, i:81), STATEMACHINELOGENTRY, StateMachineLogEntryProto:5825@client-DBFB2ABE2B08
2024-10-16 23:57:21,691 DEBUG server.RaftServer$Division (RaftServerImpl.java:logAppendEntries(1549)) - s4@group-676CD6864C30: appendEntries* reply s5<-s4#5828:OK-t1,SUCCESS,nextIndex=83,followerCommit=81,matchIndex=82
2024-10-16 23:57:21,691 DEBUG server.RaftServer$Division (RaftServerImpl.java:logAppendEntries(1549)) - s6@group-676CD6864C30: appendEntries* reply s5<-s6#5827:OK-t1,SUCCESS,nextIndex=82,followerCommit=80,matchIndex=81
2024-10-16 23:57:21,692 DEBUG server.RaftServer$Division (RaftServerImpl.java:submitClientRequestAsync(920)) - s5@group-676CD6864C30: receive client request(RaftClientRequest:client-DBFB2ABE2B08->s5@group-676CD6864C30, cid=5829, seq=null, RW, Message:01016300)
2024-10-16 23:57:21,692 DEBUG server.RaftServer$Division (LeaderStateImpl.java:addPendingRequest(529)) - s5@group-676CD6864C30-LeaderStateImpl: addPendingRequest at RaftClientRequest:client-DBFB2ABE2B08->s5@group-676CD6864C30, cid=5829, seq=null, RW, Message:01016300, entry=(t:1, i:83), STATEMACHINELOGENTRY, WRITE: logData.size=4, stateMachineData.size=0, logEntryProtoSerializedSize=0
2024-10-16 23:57:21,692 DEBUG server.RaftServer$Division (RaftServerImpl.java:logAppendEntries(1549)) - s6@group-676CD6864C30: appendEntries* s5->s6#5830-t1,previous=(t:1, i:81),leaderCommit=82,initializing? false,entries: size=1, first=(t:1, i:82), METADATAENTRY(c:81)
2024-10-16 23:57:21,692 DEBUG server.RaftServer$Division (RaftServerImpl.java:logAppendEntries(1549)) - s4@group-676CD6864C30: appendEntries* s5->s4#5831-t1,previous=(t:1, i:82),leaderCommit=82,initializing? false,entries: size=1, first=(t:1, i:83), STATEMACHINELOGENTRY, StateMachineLogEntryProto:5829@client-DBFB2ABE2B08
2024-10-16 23:57:21,693 DEBUG server.RaftServer$Division (RaftServerImpl.java:logAppendEntries(1549)) - s4@group-676CD6864C30: appendEntries* reply s5<-s4#5831:OK-t1,SUCCESS,nextIndex=84,followerCommit=82,matchIndex=83
2024-10-16 23:57:21,693 DEBUG server.RaftServer$Division (RaftServerImpl.java:logAppendEntries(1549)) - s6@group-676CD6864C30: appendEntries* reply s5<-s6#5830:OK-t1,SUCCESS,nextIndex=83,followerCommit=82,matchIndex=82
2024-10-16 23:57:21,693 INFO  statemachine.StateMachine (ArithmeticStateMachine.java:applyTransaction(181)) - LEADER:s5-83: c = null = null
2024-10-16 23:57:21,694 DEBUG server.RaftServer$Division (RaftServerImpl.java:logAppendEntries(1549)) - s4@group-676CD6864C30: appendEntries* s5->s4#5837-t1,previous=(t:1, i:83),leaderCommit=83,initializing? false,entries: size=1, first=(t:1, i:84), METADATAENTRY(c:83)
2024-10-16 23:57:21,694 DEBUG server.RaftServer$Division (RaftServerImpl.java:logAppendEntries(1549)) - s6@group-676CD6864C30: appendEntries* s5->s6#5836-t1,previous=(t:1, i:82),leaderCommit=82,initializing? false,entries: size=1, first=(t:1, i:83), STATEMACHINELOGENTRY, StateMachineLogEntryProto:5829@client-DBFB2ABE2B08
2024-10-16 23:57:21,694 DEBUG server.RaftServer$Division (RaftServerImpl.java:logAppendEntries(1549)) - s4@group-676CD6864C30: appendEntries* reply s5<-s4#5837:OK-t1,SUCCESS,nextIndex=85,followerCommit=83,matchIndex=84
2024-10-16 23:57:21,694 DEBUG server.RaftServer$Division (RaftServerImpl.java:logAppendEntries(1549)) - s6@group-676CD6864C30: appendEntries* reply s5<-s6#5836:OK-t1,SUCCESS,nextIndex=84,followerCommit=82,matchIndex=83
2024-10-16 23:57:21,694 DEBUG server.RaftServer$Division (RaftServerImpl.java:submitClientRequestAsync(920)) - s5@group-676CD6864C30: receive client request(RaftClientRequest:client-DBFB2ABE2B08->s5@group-676CD6864C30, cid=5838, seq=null, RW, Message:01016102405340000000...(size=12))
2024-10-16 23:57:21,695 DEBUG server.RaftServer$Division (LeaderStateImpl.java:addPendingRequest(529)) - s5@group-676CD6864C30-LeaderStateImpl: addPendingRequest at RaftClientRequest:client-DBFB2ABE2B08->s5@group-676CD6864C30, cid=5838, seq=null, RW, Message:01016102405340000000...(size=12), entry=(t:1, i:85), STATEMACHINELOGENTRY, WRITE: logData.size=12, stateMachineData.size=0, logEntryProtoSerializedSize=0
2024-10-16 23:57:21,695 DEBUG server.RaftServer$Division (RaftServerImpl.java:logAppendEntries(1549)) - s6@group-676CD6864C30: appendEntries* s5->s6#5839-t1,previous=(t:1, i:83),leaderCommit=83,initializing? false,entries: size=1, first=(t:1, i:84), METADATAENTRY(c:83)
2024-10-16 23:57:21,695 DEBUG server.RaftServer$Division (RaftServerImpl.java:logAppendEntries(1549)) - s4@group-676CD6864C30: appendEntries* s5->s4#5840-t1,previous=(t:1, i:84),leaderCommit=83,initializing? false,entries: size=1, first=(t:1, i:85), STATEMACHINELOGENTRY, StateMachineLogEntryProto:5838@client-DBFB2ABE2B08
2024-10-16 23:57:21,695 DEBUG server.RaftServer$Division (RaftServerImpl.java:logAppendEntries(1549)) - s4@group-676CD6864C30: appendEntries* reply s5<-s4#5840:OK-t1,SUCCESS,nextIndex=86,followerCommit=83,matchIndex=85
2024-10-16 23:57:21,696 DEBUG server.RaftServer$Division (RaftServerImpl.java:logAppendEntries(1549)) - s6@group-676CD6864C30: appendEntries* reply s5<-s6#5839:OK-t1,SUCCESS,nextIndex=85,followerCommit=83,matchIndex=84
2024-10-16 23:57:21,696 DEBUG server.RaftServer$Division (RaftServerImpl.java:logAppendEntries(1549)) - s6@group-676CD6864C30: appendEntries* s5->s6#5841-t1,previous=(t:1, i:84),leaderCommit=84,initializing? false,entries: size=1, first=(t:1, i:85), STATEMACHINELOGENTRY, StateMachineLogEntryProto:5838@client-DBFB2ABE2B08
2024-10-16 23:57:21,696 INFO  statemachine.StateMachine (ArithmeticStateMachine.java:applyTransaction(181)) - LEADER:s5-85: a = 77 = 77
2024-10-16 23:57:21,696 DEBUG server.RaftServer$Division (RaftServerImpl.java:logAppendEntries(1549)) - s6@group-676CD6864C30: appendEntries* reply s5<-s6#5841:OK-t1,SUCCESS,nextIndex=86,followerCommit=84,matchIndex=85
2024-10-16 23:57:21,697 DEBUG server.RaftServer$Division (RaftServerImpl.java:logAppendEntries(1549)) - s4@group-676CD6864C30: appendEntries* s5->s4#5842-t1,previous=(t:1, i:85),leaderCommit=85,initializing? false,entries: size=1, first=(t:1, i:86), METADATAENTRY(c:85)
2024-10-16 23:57:21,697 DEBUG server.RaftServer$Division (RaftServerImpl.java:submitClientRequestAsync(920)) - s5@group-676CD6864C30: receive client request(RaftClientRequest:client-DBFB2ABE2B08->s5@group-676CD6864C30, cid=5843, seq=null, RW, Message:0101620240a728000000...(size=12))
2024-10-16 23:57:21,697 DEBUG server.RaftServer$Division (RaftServerImpl.java:logAppendEntries(1549)) - s4@group-676CD6864C30: appendEntries* reply s5<-s4#5842:OK-t1,SUCCESS,nextIndex=87,followerCommit=85,matchIndex=86
2024-10-16 23:57:21,697 DEBUG server.RaftServer$Division (RaftServerImpl.java:logAppendEntries(1549)) - s6@group-676CD6864C30: appendEntries* s5->s6#5844-t1,previous=(t:1, i:85),leaderCommit=85,initializing? false,entries: size=1, first=(t:1, i:86), METADATAENTRY(c:85)
2024-10-16 23:57:21,698 DEBUG server.RaftServer$Division (LeaderStateImpl.java:addPendingRequest(529)) - s5@group-676CD6864C30-LeaderStateImpl: addPendingRequest at RaftClientRequest:client-DBFB2ABE2B08->s5@group-676CD6864C30, cid=5843, seq=null, RW, Message:0101620240a728000000...(size=12), entry=(t:1, i:87), STATEMACHINELOGENTRY, WRITE: logData.size=12, stateMachineData.size=0, logEntryProtoSerializedSize=0
2024-10-16 23:57:21,698 DEBUG server.RaftServer$Division (RaftServerImpl.java:logAppendEntries(1549)) - s6@group-676CD6864C30: appendEntries* reply s5<-s6#5844:OK-t1,SUCCESS,nextIndex=87,followerCommit=85,matchIndex=86
2024-10-16 23:57:21,698 DEBUG server.RaftServer$Division (RaftServerImpl.java:logAppendEntries(1549)) - s4@group-676CD6864C30: appendEntries* s5->s4#5845-t1,previous=(t:1, i:86),leaderCommit=85,initializing? false,entries: size=1, first=(t:1, i:87), STATEMACHINELOGENTRY, StateMachineLogEntryProto:5843@client-DBFB2ABE2B08
2024-10-16 23:57:21,699 DEBUG server.RaftServer$Division (RaftServerImpl.java:logAppendEntries(1549)) - s6@group-676CD6864C30: appendEntries* s5->s6#5846-t1,previous=(t:1, i:86),leaderCommit=86,initializing? false,entries: size=1, first=(t:1, i:87), STATEMACHINELOGENTRY, StateMachineLogEntryProto:5843@client-DBFB2ABE2B08
2024-10-16 23:57:21,699 DEBUG server.RaftServer$Division (RaftServerImpl.java:logAppendEntries(1549)) - s4@group-676CD6864C30: appendEntries* reply s5<-s4#5845:OK-t1,SUCCESS,nextIndex=88,followerCommit=85,matchIndex=87
2024-10-16 23:57:21,699 DEBUG server.RaftServer$Division (RaftServerImpl.java:logAppendEntries(1549)) - s6@group-676CD6864C30: appendEntries* reply s5<-s6#5846:OK-t1,SUCCESS,nextIndex=88,followerCommit=86,matchIndex=87
2024-10-16 23:57:21,699 INFO  statemachine.StateMachine (ArithmeticStateMachine.java:applyTransaction(181)) - LEADER:s5-87: b = 2964 = 2964
2024-10-16 23:57:21,699 DEBUG server.RaftServer$Division (RaftServerImpl.java:logAppendEntries(1549)) - s4@group-676CD6864C30: appendEntries* s5->s4#5847-t1,previous=(t:1, i:87),leaderCommit=87,initializing? false,entries: size=1, first=(t:1, i:88), METADATAENTRY(c:87)
2024-10-16 23:57:21,700 DEBUG server.RaftServer$Division (RaftServerImpl.java:logAppendEntries(1549)) - s6@group-676CD6864C30: appendEntries* s5->s6#5849-t1,previous=(t:1, i:87),leaderCommit=87,initializing? false,entries: size=1, first=(t:1, i:88), METADATAENTRY(c:87)
2024-10-16 23:57:21,700 DEBUG server.RaftServer$Division (RaftServerImpl.java:logAppendEntries(1549)) - s4@group-676CD6864C30: appendEntries* reply s5<-s4#5847:OK-t1,SUCCESS,nextIndex=89,followerCommit=87,matchIndex=88
2024-10-16 23:57:21,700 DEBUG server.RaftServer$Division (RaftServerImpl.java:submitClientRequestAsync(920)) - s5@group-676CD6864C30: receive client request(RaftClientRequest:client-DBFB2ABE2B08->s5@group-676CD6864C30, cid=5848, seq=null, RW, Message:01016304010300040201...(size=17))
2024-10-16 23:57:21,700 DEBUG server.RaftServer$Division (RaftServerImpl.java:logAppendEntries(1549)) - s6@group-676CD6864C30: appendEntries* reply s5<-s6#5849:OK-t1,SUCCESS,nextIndex=89,followerCommit=87,matchIndex=88
2024-10-16 23:57:21,701 DEBUG server.RaftServer$Division (LeaderStateImpl.java:addPendingRequest(529)) - s5@group-676CD6864C30-LeaderStateImpl: addPendingRequest at RaftClientRequest:client-DBFB2ABE2B08->s5@group-676CD6864C30, cid=5848, seq=null, RW, Message:01016304010300040201...(size=17), entry=(t:1, i:89), STATEMACHINELOGENTRY, WRITE: logData.size=17, stateMachineData.size=0, logEntryProtoSerializedSize=0
2024-10-16 23:57:21,701 DEBUG server.RaftServer$Division (RaftServerImpl.java:logAppendEntries(1549)) - s4@group-676CD6864C30: appendEntries* s5->s4#5850-t1,previous=(t:1, i:88),leaderCommit=88,initializing? false,entries: size=1, first=(t:1, i:89), STATEMACHINELOGENTRY, StateMachineLogEntryProto:5848@client-DBFB2ABE2B08
2024-10-16 23:57:21,702 DEBUG server.RaftServer$Division (RaftServerImpl.java:logAppendEntries(1549)) - s6@group-676CD6864C30: appendEntries* s5->s6#5851-t1,previous=(t:1, i:88),leaderCommit=88,initializing? false,entries: size=1, first=(t:1, i:89), STATEMACHINELOGENTRY, StateMachineLogEntryProto:5848@client-DBFB2ABE2B08
2024-10-16 23:57:21,702 DEBUG server.RaftServer$Division (RaftServerImpl.java:logAppendEntries(1549)) - s4@group-676CD6864C30: appendEntries* reply s5<-s4#5850:OK-t1,SUCCESS,nextIndex=90,followerCommit=88,matchIndex=89
2024-10-16 23:57:21,702 DEBUG server.RaftServer$Division (RaftServerImpl.java:logAppendEntries(1549)) - s6@group-676CD6864C30: appendEntries* reply s5<-s6#5851:OK-t1,SUCCESS,nextIndex=90,followerCommit=88,matchIndex=89
2024-10-16 23:57:21,702 INFO  statemachine.StateMachine (ArithmeticStateMachine.java:applyTransaction(181)) - LEADER:s5-89: c = √(a^2 + b^2) = 2965
2024-10-16 23:57:21,703 DEBUG server.RaftServer$Division (RaftServerImpl.java:logAppendEntries(1549)) - s4@group-676CD6864C30: appendEntries* s5->s4#5853-t1,previous=(t:1, i:89),leaderCommit=89,initializing? false,entries: size=1, first=(t:1, i:90), METADATAENTRY(c:89)
2024-10-16 23:57:21,703 DEBUG server.RaftServer$Division (RaftServerImpl.java:logAppendEntries(1549)) - s6@group-676CD6864C30: appendEntries* s5->s6#5852-t1,previous=(t:1, i:89),leaderCommit=89,initializing? false,entries: size=1, first=(t:1, i:90), METADATAENTRY(c:89)
2024-10-16 23:57:21,703 DEBUG server.RaftServer$Division (RaftServerImpl.java:logAppendEntries(1549)) - s6@group-676CD6864C30: appendEntries* reply s5<-s6#5852:OK-t1,SUCCESS,nextIndex=91,followerCommit=89,matchIndex=90
2024-10-16 23:57:21,704 DEBUG server.RaftServer$Division (RaftServerImpl.java:logAppendEntries(1549)) - s4@group-676CD6864C30: appendEntries* reply s5<-s4#5853:OK-t1,SUCCESS,nextIndex=91,followerCommit=89,matchIndex=90
2024-10-16 23:57:21,704 DEBUG server.RaftServer$Division (RaftServerImpl.java:submitClientRequestAsync(920)) - s5@group-676CD6864C30: receive client request(RaftClientRequest:client-DBFB2ABE2B08->s5@group-676CD6864C30, cid=5854, seq=null, RW, Message:01016100)
2024-10-16 23:57:21,704 DEBUG server.RaftServer$Division (LeaderStateImpl.java:addPendingRequest(529)) - s5@group-676CD6864C30-LeaderStateImpl: addPendingRequest at RaftClientRequest:client-DBFB2ABE2B08->s5@group-676CD6864C30, cid=5854, seq=null, RW, Message:01016100, entry=(t:1, i:91), STATEMACHINELOGENTRY, WRITE: logData.size=4, stateMachineData.size=0, logEntryProtoSerializedSize=0
2024-10-16 23:57:21,705 DEBUG server.RaftServer$Division (RaftServerImpl.java:logAppendEntries(1549)) - s6@group-676CD6864C30: appendEntries* s5->s6#5856-t1,previous=(t:1, i:90),leaderCommit=90,initializing? false,entries: size=1, first=(t:1, i:91), STATEMACHINELOGENTRY, StateMachineLogEntryProto:5854@client-DBFB2ABE2B08
2024-10-16 23:57:21,705 DEBUG server.RaftServer$Division (RaftServerImpl.java:logAppendEntries(1549)) - s4@group-676CD6864C30: appendEntries* s5->s4#5855-t1,previous=(t:1, i:90),leaderCommit=90,initializing? false,entries: size=1, first=(t:1, i:91), STATEMACHINELOGENTRY, StateMachineLogEntryProto:5854@client-DBFB2ABE2B08
2024-10-16 23:57:21,705 DEBUG server.RaftServer$Division (RaftServerImpl.java:logAppendEntries(1549)) - s4@group-676CD6864C30: appendEntries* reply s5<-s4#5855:OK-t1,SUCCESS,nextIndex=92,followerCommit=90,matchIndex=91
2024-10-16 23:57:21,705 DEBUG server.RaftServer$Division (RaftServerImpl.java:logAppendEntries(1549)) - s6@group-676CD6864C30: appendEntries* reply s5<-s6#5856:OK-t1,SUCCESS,nextIndex=92,followerCommit=90,matchIndex=91
2024-10-16 23:57:21,706 INFO  statemachine.StateMachine (ArithmeticStateMachine.java:applyTransaction(181)) - LEADER:s5-91: a = null = null
2024-10-16 23:57:21,706 DEBUG server.RaftServer$Division (RaftServerImpl.java:logAppendEntries(1549)) - s6@group-676CD6864C30: appendEntries* s5->s6#5858-t1,previous=(t:1, i:91),leaderCommit=91,initializing? false,entries: size=1, first=(t:1, i:92), METADATAENTRY(c:91)
2024-10-16 23:57:21,706 DEBUG server.RaftServer$Division (RaftServerImpl.java:logAppendEntries(1549)) - s4@group-676CD6864C30: appendEntries* s5->s4#5857-t1,previous=(t:1, i:91),leaderCommit=91,initializing? false,entries: size=1, first=(t:1, i:92), METADATAENTRY(c:91)
2024-10-16 23:57:21,706 DEBUG server.RaftServer$Division (RaftServerImpl.java:submitClientRequestAsync(920)) - s5@group-676CD6864C30: receive client request(RaftClientRequest:client-DBFB2ABE2B08->s5@group-676CD6864C30, cid=5859, seq=null, RW, Message:01016200)
2024-10-16 23:57:21,707 DEBUG server.RaftServer$Division (RaftServerImpl.java:logAppendEntries(1549)) - s6@group-676CD6864C30: appendEntries* reply s5<-s6#5858:OK-t1,SUCCESS,nextIndex=93,followerCommit=91,matchIndex=92
2024-10-16 23:57:21,707 DEBUG server.RaftServer$Division (RaftServerImpl.java:logAppendEntries(1549)) - s4@group-676CD6864C30: appendEntries* reply s5<-s4#5857:OK-t1,SUCCESS,nextIndex=93,followerCommit=91,matchIndex=92
2024-10-16 23:57:21,707 DEBUG server.RaftServer$Division (LeaderStateImpl.java:addPendingRequest(529)) - s5@group-676CD6864C30-LeaderStateImpl: addPendingRequest at RaftClientRequest:client-DBFB2ABE2B08->s5@group-676CD6864C30, cid=5859, seq=null, RW, Message:01016200, entry=(t:1, i:93), STATEMACHINELOGENTRY, WRITE: logData.size=4, stateMachineData.size=0, logEntryProtoSerializedSize=0
2024-10-16 23:57:21,707 DEBUG server.RaftServer$Division (RaftServerImpl.java:logAppendEntries(1549)) - s6@group-676CD6864C30: appendEntries* s5->s6#5861-t1,previous=(t:1, i:92),leaderCommit=91,initializing? false,entries: size=1, first=(t:1, i:93), STATEMACHINELOGENTRY, StateMachineLogEntryProto:5859@client-DBFB2ABE2B08
2024-10-16 23:57:21,708 DEBUG server.RaftServer$Division (RaftServerImpl.java:logAppendEntries(1549)) - s4@group-676CD6864C30: appendEntries* s5->s4#5860-t1,previous=(t:1, i:92),leaderCommit=91,initializing? false,entries: size=1, first=(t:1, i:93), STATEMACHINELOGENTRY, StateMachineLogEntryProto:5859@client-DBFB2ABE2B08
2024-10-16 23:57:21,708 DEBUG server.RaftServer$Division (RaftServerImpl.java:logAppendEntries(1549)) - s4@group-676CD6864C30: appendEntries* reply s5<-s4#5860:OK-t1,SUCCESS,nextIndex=94,followerCommit=91,matchIndex=93
2024-10-16 23:57:21,708 DEBUG server.RaftServer$Division (RaftServerImpl.java:logAppendEntries(1549)) - s6@group-676CD6864C30: appendEntries* reply s5<-s6#5861:OK-t1,SUCCESS,nextIndex=94,followerCommit=91,matchIndex=93
2024-10-16 23:57:21,708 INFO  statemachine.StateMachine (ArithmeticStateMachine.java:applyTransaction(181)) - LEADER:s5-93: b = null = null
2024-10-16 23:57:21,709 DEBUG server.RaftServer$Division (RaftServerImpl.java:logAppendEntries(1549)) - s6@group-676CD6864C30: appendEntries* s5->s6#5863-t1,previous=(t:1, i:93),leaderCommit=93,initializing? false,entries: size=1, first=(t:1, i:94), METADATAENTRY(c:93)
2024-10-16 23:57:21,709 DEBUG server.RaftServer$Division (RaftServerImpl.java:logAppendEntries(1549)) - s4@group-676CD6864C30: appendEntries* s5->s4#5862-t1,previous=(t:1, i:93),leaderCommit=93,initializing? false,entries: size=1, first=(t:1, i:94), METADATAENTRY(c:93)
2024-10-16 23:57:21,709 DEBUG server.RaftServer$Division (RaftServerImpl.java:submitClientRequestAsync(920)) - s5@group-676CD6864C30: receive client request(RaftClientRequest:client-DBFB2ABE2B08->s5@group-676CD6864C30, cid=5864, seq=null, RW, Message:01016300)
2024-10-16 23:57:21,709 DEBUG server.RaftServer$Division (RaftServerImpl.java:logAppendEntries(1549)) - s4@group-676CD6864C30: appendEntries* reply s5<-s4#5862:OK-t1,SUCCESS,nextIndex=95,followerCommit=93,matchIndex=94
2024-10-16 23:57:21,709 DEBUG server.RaftServer$Division (RaftServerImpl.java:logAppendEntries(1549)) - s6@group-676CD6864C30: appendEntries* reply s5<-s6#5863:OK-t1,SUCCESS,nextIndex=95,followerCommit=93,matchIndex=94
2024-10-16 23:57:21,709 DEBUG server.RaftServer$Division (LeaderStateImpl.java:addPendingRequest(529)) - s5@group-676CD6864C30-LeaderStateImpl: addPendingRequest at RaftClientRequest:client-DBFB2ABE2B08->s5@group-676CD6864C30, cid=5864, seq=null, RW, Message:01016300, entry=(t:1, i:95), STATEMACHINELOGENTRY, WRITE: logData.size=4, stateMachineData.size=0, logEntryProtoSerializedSize=0
2024-10-16 23:57:21,710 DEBUG server.RaftServer$Division (RaftServerImpl.java:logAppendEntries(1549)) - s6@group-676CD6864C30: appendEntries* s5->s6#5866-t1,previous=(t:1, i:94),leaderCommit=94,initializing? false,entries: size=1, first=(t:1, i:95), STATEMACHINELOGENTRY, StateMachineLogEntryProto:5864@client-DBFB2ABE2B08
2024-10-16 23:57:21,710 DEBUG server.RaftServer$Division (RaftServerImpl.java:logAppendEntries(1549)) - s4@group-676CD6864C30: appendEntries* s5->s4#5865-t1,previous=(t:1, i:94),leaderCommit=93,initializing? false,entries: size=1, first=(t:1, i:95), STATEMACHINELOGENTRY, StateMachineLogEntryProto:5864@client-DBFB2ABE2B08
2024-10-16 23:57:21,711 DEBUG server.RaftServer$Division (RaftServerImpl.java:logAppendEntries(1549)) - s4@group-676CD6864C30: appendEntries* reply s5<-s4#5865:OK-t1,SUCCESS,nextIndex=96,followerCommit=93,matchIndex=95
2024-10-16 23:57:21,711 DEBUG server.RaftServer$Division (RaftServerImpl.java:logAppendEntries(1549)) - s6@group-676CD6864C30: appendEntries* reply s5<-s6#5866:OK-t1,SUCCESS,nextIndex=96,followerCommit=94,matchIndex=95
2024-10-16 23:57:21,711 INFO  statemachine.StateMachine (ArithmeticStateMachine.java:applyTransaction(181)) - LEADER:s5-95: c = null = null
2024-10-16 23:57:21,712 DEBUG server.RaftServer$Division (RaftServerImpl.java:logAppendEntries(1549)) - s4@group-676CD6864C30: appendEntries* s5->s4#5868-t1,previous=(t:1, i:95),leaderCommit=95,initializing? false,entries: size=1, first=(t:1, i:96), METADATAENTRY(c:95)
2024-10-16 23:57:21,712 DEBUG server.RaftServer$Division (RaftServerImpl.java:logAppendEntries(1549)) - s6@group-676CD6864C30: appendEntries* s5->s6#5867-t1,previous=(t:1, i:95),leaderCommit=95,initializing? false,entries: size=1, first=(t:1, i:96), METADATAENTRY(c:95)
2024-10-16 23:57:21,712 DEBUG server.RaftServer$Division (RaftServerImpl.java:logAppendEntries(1549)) - s4@group-676CD6864C30: appendEntries* reply s5<-s4#5868:OK-t1,SUCCESS,nextIndex=97,followerCommit=95,matchIndex=96
2024-10-16 23:57:21,712 DEBUG server.RaftServer$Division (RaftServerImpl.java:submitClientRequestAsync(920)) - s5@group-676CD6864C30: receive client request(RaftClientRequest:client-DBFB2ABE2B08->s5@group-676CD6864C30, cid=5869, seq=null, RW, Message:010161024053c0000000...(size=12))
2024-10-16 23:57:21,713 DEBUG server.RaftServer$Division (LeaderStateImpl.java:addPendingRequest(529)) - s5@group-676CD6864C30-LeaderStateImpl: addPendingRequest at RaftClientRequest:client-DBFB2ABE2B08->s5@group-676CD6864C30, cid=5869, seq=null, RW, Message:010161024053c0000000...(size=12), entry=(t:1, i:97), STATEMACHINELOGENTRY, WRITE: logData.size=12, stateMachineData.size=0, logEntryProtoSerializedSize=0
2024-10-16 23:57:21,713 DEBUG server.RaftServer$Division (RaftServerImpl.java:logAppendEntries(1549)) - s6@group-676CD6864C30: appendEntries* reply s5<-s6#5867:OK-t1,SUCCESS,nextIndex=97,followerCommit=95,matchIndex=96
2024-10-16 23:57:21,713 DEBUG server.RaftServer$Division (RaftServerImpl.java:logAppendEntries(1549)) - s4@group-676CD6864C30: appendEntries* s5->s4#5870-t1,previous=(t:1, i:96),leaderCommit=96,initializing? false,entries: size=1, first=(t:1, i:97), STATEMACHINELOGENTRY, StateMachineLogEntryProto:5869@client-DBFB2ABE2B08
2024-10-16 23:57:21,714 DEBUG server.RaftServer$Division (RaftServerImpl.java:logAppendEntries(1549)) - s6@group-676CD6864C30: appendEntries* s5->s6#5871-t1,previous=(t:1, i:96),leaderCommit=96,initializing? false,entries: size=1, first=(t:1, i:97), STATEMACHINELOGENTRY, StateMachineLogEntryProto:5869@client-DBFB2ABE2B08
2024-10-16 23:57:21,714 DEBUG server.RaftServer$Division (RaftServerImpl.java:logAppendEntries(1549)) - s4@group-676CD6864C30: appendEntries* reply s5<-s4#5870:OK-t1,SUCCESS,nextIndex=98,followerCommit=96,matchIndex=97
2024-10-16 23:57:21,714 INFO  statemachine.StateMachine (ArithmeticStateMachine.java:applyTransaction(181)) - LEADER:s5-97: a = 79 = 79
2024-10-16 23:57:21,714 DEBUG server.RaftServer$Division (RaftServerImpl.java:logAppendEntries(1549)) - s4@group-676CD6864C30: appendEntries* s5->s4#5872-t1,previous=(t:1, i:97),leaderCommit=97,initializing? false,entries: size=1, first=(t:1, i:98), METADATAENTRY(c:97)
2024-10-16 23:57:21,714 DEBUG server.RaftServer$Division (RaftServerImpl.java:logAppendEntries(1549)) - s6@group-676CD6864C30: appendEntries* reply s5<-s6#5871:OK-t1,SUCCESS,nextIndex=98,followerCommit=96,matchIndex=97
2024-10-16 23:57:21,715 DEBUG server.RaftServer$Division (RaftServerImpl.java:submitClientRequestAsync(920)) - s5@group-676CD6864C30: receive client request(RaftClientRequest:client-DBFB2ABE2B08->s5@group-676CD6864C30, cid=5873, seq=null, RW, Message:0101620240a860000000...(size=12))
2024-10-16 23:57:21,715 DEBUG server.RaftServer$Division (LeaderStateImpl.java:addPendingRequest(529)) - s5@group-676CD6864C30-LeaderStateImpl: addPendingRequest at RaftClientRequest:client-DBFB2ABE2B08->s5@group-676CD6864C30, cid=5873, seq=null, RW, Message:0101620240a860000000...(size=12), entry=(t:1, i:99), STATEMACHINELOGENTRY, WRITE: logData.size=12, stateMachineData.size=0, logEntryProtoSerializedSize=0
2024-10-16 23:57:21,715 DEBUG server.RaftServer$Division (RaftServerImpl.java:logAppendEntries(1549)) - s4@group-676CD6864C30: appendEntries* reply s5<-s4#5872:OK-t1,SUCCESS,nextIndex=99,followerCommit=97,matchIndex=98
2024-10-16 23:57:21,715 DEBUG server.RaftServer$Division (RaftServerImpl.java:logAppendEntries(1549)) - s6@group-676CD6864C30: appendEntries* s5->s6#5874-t1,previous=(t:1, i:97),leaderCommit=97,initializing? false,entries: size=1, first=(t:1, i:98), METADATAENTRY(c:97)
2024-10-16 23:57:21,716 DEBUG server.RaftServer$Division (RaftServerImpl.java:logAppendEntries(1549)) - s6@group-676CD6864C30: appendEntries* reply s5<-s6#5874:OK-t1,SUCCESS,nextIndex=99,followerCommit=97,matchIndex=98
2024-10-16 23:57:21,716 DEBUG server.RaftServer$Division (RaftServerImpl.java:logAppendEntries(1549)) - s6@group-676CD6864C30: appendEntries* s5->s6#5876-t1,previous=(t:1, i:98),leaderCommit=98,initializing? false,entries: size=1, first=(t:1, i:99), STATEMACHINELOGENTRY, StateMachineLogEntryProto:5873@client-DBFB2ABE2B08
2024-10-16 23:57:21,716 DEBUG server.RaftServer$Division (RaftServerImpl.java:logAppendEntries(1549)) - s4@group-676CD6864C30: appendEntries* s5->s4#5875-t1,previous=(t:1, i:98),leaderCommit=97,initializing? false,entries: size=1, first=(t:1, i:99), STATEMACHINELOGENTRY, StateMachineLogEntryProto:5873@client-DBFB2ABE2B08
2024-10-16 23:57:21,717 DEBUG server.RaftServer$Division (RaftServerImpl.java:logAppendEntries(1549)) - s6@group-676CD6864C30: appendEntries* reply s5<-s6#5876:OK-t1,SUCCESS,nextIndex=100,followerCommit=98,matchIndex=99
2024-10-16 23:57:21,717 INFO  statemachine.StateMachine (ArithmeticStateMachine.java:applyTransaction(181)) - LEADER:s5-99: b = 3120 = 3120
2024-10-16 23:57:21,718 DEBUG server.RaftServer$Division (RaftServerImpl.java:logAppendEntries(1549)) - s4@group-676CD6864C30: appendEntries* reply s5<-s4#5875:OK-t1,SUCCESS,nextIndex=100,followerCommit=97,matchIndex=99
2024-10-16 23:57:21,718 DEBUG server.RaftServer$Division (RaftServerImpl.java:submitClientRequestAsync(920)) - s5@group-676CD6864C30: receive client request(RaftClientRequest:client-DBFB2ABE2B08->s5@group-676CD6864C30, cid=5878, seq=null, RW, Message:01016304010300040201...(size=17))
2024-10-16 23:57:21,718 DEBUG server.RaftServer$Division (RaftServerImpl.java:logAppendEntries(1549)) - s6@group-676CD6864C30: appendEntries* s5->s6#5877-t1,previous=(t:1, i:99),leaderCommit=99,initializing? false,entries: size=1, first=(t:1, i:100), METADATAENTRY(c:99)
2024-10-16 23:57:21,718 DEBUG server.RaftServer$Division (LeaderStateImpl.java:addPendingRequest(529)) - s5@group-676CD6864C30-LeaderStateImpl: addPendingRequest at RaftClientRequest:client-DBFB2ABE2B08->s5@group-676CD6864C30, cid=5878, seq=null, RW, Message:01016304010300040201...(size=17), entry=(t:1, i:101), STATEMACHINELOGENTRY, WRITE: logData.size=17, stateMachineData.size=0, logEntryProtoSerializedSize=0
2024-10-16 23:57:21,718 DEBUG server.RaftServer$Division (RaftServerImpl.java:logAppendEntries(1549)) - s6@group-676CD6864C30: appendEntries* reply s5<-s6#5877:OK-t1,SUCCESS,nextIndex=101,followerCommit=99,matchIndex=100
2024-10-16 23:57:21,718 DEBUG server.RaftServer$Division (RaftServerImpl.java:logAppendEntries(1549)) - s4@group-676CD6864C30: appendEntries* s5->s4#5879-t1,previous=(t:1, i:99),leaderCommit=99,initializing? false,entries: size=1, first=(t:1, i:100), METADATAENTRY(c:99)
2024-10-16 23:57:21,719 DEBUG server.RaftServer$Division (RaftServerImpl.java:logAppendEntries(1549)) - s4@group-676CD6864C30: appendEntries* reply s5<-s4#5879:OK-t1,SUCCESS,nextIndex=101,followerCommit=99,matchIndex=100
2024-10-16 23:57:21,719 DEBUG server.RaftServer$Division (RaftServerImpl.java:logAppendEntries(1549)) - s4@group-676CD6864C30: appendEntries* s5->s4#5881-t1,previous=(t:1, i:100),leaderCommit=100,initializing? false,entries: size=1, first=(t:1, i:101), STATEMACHINELOGENTRY, StateMachineLogEntryProto:5878@client-DBFB2ABE2B08
2024-10-16 23:57:21,720 DEBUG server.RaftServer$Division (RaftServerImpl.java:logAppendEntries(1549)) - s6@group-676CD6864C30: appendEntries* s5->s6#5880-t1,previous=(t:1, i:100),leaderCommit=100,initializing? false,entries: size=1, first=(t:1, i:101), STATEMACHINELOGENTRY, StateMachineLogEntryProto:5878@client-DBFB2ABE2B08
2024-10-16 23:57:21,720 DEBUG server.RaftServer$Division (RaftServerImpl.java:logAppendEntries(1549)) - s4@group-676CD6864C30: appendEntries* reply s5<-s4#5881:OK-t1,SUCCESS,nextIndex=102,followerCommit=100,matchIndex=101
2024-10-16 23:57:21,720 DEBUG server.RaftServer$Division (RaftServerImpl.java:logAppendEntries(1549)) - s6@group-676CD6864C30: appendEntries* reply s5<-s6#5880:OK-t1,SUCCESS,nextIndex=102,followerCommit=100,matchIndex=101
2024-10-16 23:57:21,721 INFO  statemachine.StateMachine (ArithmeticStateMachine.java:applyTransaction(181)) - LEADER:s5-101: c = √(a^2 + b^2) = 3121
2024-10-16 23:57:21,721 DEBUG server.RaftServer$Division (RaftServerImpl.java:logAppendEntries(1549)) - s6@group-676CD6864C30: appendEntries* s5->s6#5883-t1,previous=(t:1, i:101),leaderCommit=101,initializing? false,entries: size=1, first=(t:1, i:102), METADATAENTRY(c:101)
2024-10-16 23:57:21,721 DEBUG server.RaftServer$Division (RaftServerImpl.java:submitClientRequestAsync(920)) - s5@group-676CD6864C30: receive client request(RaftClientRequest:client-DBFB2ABE2B08->s5@group-676CD6864C30, cid=5884, seq=null, RW, Message:01016100)
2024-10-16 23:57:21,722 DEBUG server.RaftServer$Division (RaftServerImpl.java:logAppendEntries(1549)) - s4@group-676CD6864C30: appendEntries* s5->s4#5882-t1,previous=(t:1, i:101),leaderCommit=101,initializing? false,entries: size=1, first=(t:1, i:102), METADATAENTRY(c:101)
2024-10-16 23:57:21,722 DEBUG server.RaftServer$Division (RaftServerImpl.java:logAppendEntries(1549)) - s6@group-676CD6864C30: appendEntries* reply s5<-s6#5883:OK-t1,SUCCESS,nextIndex=103,followerCommit=101,matchIndex=102
2024-10-16 23:57:21,722 DEBUG server.RaftServer$Division (LeaderStateImpl.java:addPendingRequest(529)) - s5@group-676CD6864C30-LeaderStateImpl: addPendingRequest at RaftClientRequest:client-DBFB2ABE2B08->s5@group-676CD6864C30, cid=5884, seq=null, RW, Message:01016100, entry=(t:1, i:103), STATEMACHINELOGENTRY, WRITE: logData.size=4, stateMachineData.size=0, logEntryProtoSerializedSize=0
2024-10-16 23:57:21,722 DEBUG server.RaftServer$Division (RaftServerImpl.java:logAppendEntries(1549)) - s6@group-676CD6864C30: appendEntries* s5->s6#5885-t1,previous=(t:1, i:102),leaderCommit=101,initializing? false,entries: size=1, first=(t:1, i:103), STATEMACHINELOGENTRY, StateMachineLogEntryProto:5884@client-DBFB2ABE2B08
2024-10-16 23:57:21,725 DEBUG server.RaftServer$Division (RaftServerImpl.java:logAppendEntries(1549)) - s4@group-676CD6864C30: appendEntries* reply s5<-s4#5882:OK-t1,SUCCESS,nextIndex=103,followerCommit=101,matchIndex=102
2024-10-16 23:57:21,725 DEBUG server.RaftServer$Division (RaftServerImpl.java:logAppendEntries(1549)) - s6@group-676CD6864C30: appendEntries* reply s5<-s6#5885:OK-t1,SUCCESS,nextIndex=104,followerCommit=101,matchIndex=103
2024-10-16 23:57:21,725 DEBUG server.RaftServer$Division (RaftServerImpl.java:logAppendEntries(1549)) - s4@group-676CD6864C30: appendEntries* s5->s4#5886-t1,previous=(t:1, i:102),leaderCommit=102,initializing? false,entries: size=1, first=(t:1, i:103), STATEMACHINELOGENTRY, StateMachineLogEntryProto:5884@client-DBFB2ABE2B08
2024-10-16 23:57:21,725 INFO  statemachine.StateMachine (ArithmeticStateMachine.java:applyTransaction(181)) - LEADER:s5-103: a = null = null
2024-10-16 23:57:21,725 DEBUG server.RaftServer$Division (RaftServerImpl.java:logAppendEntries(1549)) - s6@group-676CD6864C30: appendEntries* s5->s6#5887-t1,previous=(t:1, i:103),leaderCommit=103,initializing? false,entries: size=1, first=(t:1, i:104), METADATAENTRY(c:103)
2024-10-16 23:57:21,726 DEBUG server.RaftServer$Division (RaftServerImpl.java:submitClientRequestAsync(920)) - s5@group-676CD6864C30: receive client request(RaftClientRequest:client-DBFB2ABE2B08->s5@group-676CD6864C30, cid=5888, seq=null, RW, Message:01016200)
2024-10-16 23:57:21,726 DEBUG server.RaftServer$Division (RaftServerImpl.java:logAppendEntries(1549)) - s6@group-676CD6864C30: appendEntries* reply s5<-s6#5887:OK-t1,SUCCESS,nextIndex=105,followerCommit=103,matchIndex=104
2024-10-16 23:57:21,726 DEBUG server.RaftServer$Division (RaftServerImpl.java:logAppendEntries(1549)) - s4@group-676CD6864C30: appendEntries* reply s5<-s4#5886:OK-t1,SUCCESS,nextIndex=104,followerCommit=102,matchIndex=103
2024-10-16 23:57:21,726 DEBUG server.RaftServer$Division (LeaderStateImpl.java:addPendingRequest(529)) - s5@group-676CD6864C30-LeaderStateImpl: addPendingRequest at RaftClientRequest:client-DBFB2ABE2B08->s5@group-676CD6864C30, cid=5888, seq=null, RW, Message:01016200, entry=(t:1, i:105), STATEMACHINELOGENTRY, WRITE: logData.size=4, stateMachineData.size=0, logEntryProtoSerializedSize=0
2024-10-16 23:57:21,727 DEBUG server.RaftServer$Division (RaftServerImpl.java:logAppendEntries(1549)) - s4@group-676CD6864C30: appendEntries* s5->s4#5889-t1,previous=(t:1, i:103),leaderCommit=103,initializing? false,entries: size=2, first=(t:1, i:104), METADATAENTRY(c:103)
2024-10-16 23:57:21,727 DEBUG server.RaftServer$Division (RaftServerImpl.java:logAppendEntries(1549)) - s6@group-676CD6864C30: appendEntries* s5->s6#5890-t1,previous=(t:1, i:104),leaderCommit=103,initializing? false,entries: size=1, first=(t:1, i:105), STATEMACHINELOGENTRY, StateMachineLogEntryProto:5888@client-DBFB2ABE2B08
2024-10-16 23:57:21,727 DEBUG server.RaftServer$Division (RaftServerImpl.java:logAppendEntries(1549)) - s6@group-676CD6864C30: appendEntries* reply s5<-s6#5890:OK-t1,SUCCESS,nextIndex=106,followerCommit=103,matchIndex=105
2024-10-16 23:57:21,728 INFO  statemachine.StateMachine (ArithmeticStateMachine.java:applyTransaction(181)) - LEADER:s5-105: b = null = null
2024-10-16 23:57:21,728 DEBUG server.RaftServer$Division (RaftServerImpl.java:logAppendEntries(1549)) - s4@group-676CD6864C30: appendEntries* reply s5<-s4#5889:OK-t1,SUCCESS,nextIndex=106,followerCommit=103,matchIndex=105
2024-10-16 23:57:21,728 DEBUG server.RaftServer$Division (RaftServerImpl.java:logAppendEntries(1549)) - s6@group-676CD6864C30: appendEntries* s5->s6#5891-t1,previous=(t:1, i:105),leaderCommit=105,initializing? false,entries: size=1, first=(t:1, i:106), METADATAENTRY(c:105)
2024-10-16 23:57:21,728 DEBUG server.RaftServer$Division (RaftServerImpl.java:submitClientRequestAsync(920)) - s5@group-676CD6864C30: receive client request(RaftClientRequest:client-DBFB2ABE2B08->s5@group-676CD6864C30, cid=5892, seq=null, RW, Message:01016300)
2024-10-16 23:57:21,728 DEBUG server.RaftServer$Division (LeaderStateImpl.java:addPendingRequest(529)) - s5@group-676CD6864C30-LeaderStateImpl: addPendingRequest at RaftClientRequest:client-DBFB2ABE2B08->s5@group-676CD6864C30, cid=5892, seq=null, RW, Message:01016300, entry=(t:1, i:107), STATEMACHINELOGENTRY, WRITE: logData.size=4, stateMachineData.size=0, logEntryProtoSerializedSize=0
2024-10-16 23:57:21,728 DEBUG server.RaftServer$Division (RaftServerImpl.java:logAppendEntries(1549)) - s4@group-676CD6864C30: appendEntries* s5->s4#5893-t1,previous=(t:1, i:105),leaderCommit=105,initializing? false,entries: size=1, first=(t:1, i:106), METADATAENTRY(c:105)
2024-10-16 23:57:21,729 DEBUG server.RaftServer$Division (RaftServerImpl.java:logAppendEntries(1549)) - s6@group-676CD6864C30: appendEntries* reply s5<-s6#5891:OK-t1,SUCCESS,nextIndex=107,followerCommit=105,matchIndex=106
2024-10-16 23:57:21,729 DEBUG server.RaftServer$Division (RaftServerImpl.java:logAppendEntries(1549)) - s4@group-676CD6864C30: appendEntries* reply s5<-s4#5893:OK-t1,SUCCESS,nextIndex=107,followerCommit=105,matchIndex=106
2024-10-16 23:57:21,730 DEBUG server.RaftServer$Division (RaftServerImpl.java:logAppendEntries(1549)) - s6@group-676CD6864C30: appendEntries* s5->s6#5894-t1,previous=(t:1, i:106),leaderCommit=106,initializing? false,entries: size=1, first=(t:1, i:107), STATEMACHINELOGENTRY, StateMachineLogEntryProto:5892@client-DBFB2ABE2B08
2024-10-16 23:57:21,730 DEBUG server.RaftServer$Division (RaftServerImpl.java:logAppendEntries(1549)) - s4@group-676CD6864C30: appendEntries* s5->s4#5895-t1,previous=(t:1, i:106),leaderCommit=106,initializing? false,entries: size=1, first=(t:1, i:107), STATEMACHINELOGENTRY, StateMachineLogEntryProto:5892@client-DBFB2ABE2B08
2024-10-16 23:57:21,730 DEBUG server.RaftServer$Division (RaftServerImpl.java:logAppendEntries(1549)) - s6@group-676CD6864C30: appendEntries* reply s5<-s6#5894:OK-t1,SUCCESS,nextIndex=108,followerCommit=106,matchIndex=107
2024-10-16 23:57:21,730 INFO  statemachine.StateMachine (ArithmeticStateMachine.java:applyTransaction(181)) - LEADER:s5-107: c = null = null
2024-10-16 23:57:21,731 DEBUG server.RaftServer$Division (RaftServerImpl.java:logAppendEntries(1549)) - s6@group-676CD6864C30: appendEntries* s5->s6#5896-t1,previous=(t:1, i:107),leaderCommit=107,initializing? false,entries: size=1, first=(t:1, i:108), METADATAENTRY(c:107)
2024-10-16 23:57:21,731 DEBUG server.RaftServer$Division (RaftServerImpl.java:logAppendEntries(1549)) - s4@group-676CD6864C30: appendEntries* reply s5<-s4#5895:OK-t1,SUCCESS,nextIndex=108,followerCommit=106,matchIndex=107
2024-10-16 23:57:21,731 DEBUG server.RaftServer$Division (RaftServerImpl.java:submitClientRequestAsync(920)) - s5@group-676CD6864C30: receive client request(RaftClientRequest:client-DBFB2ABE2B08->s5@group-676CD6864C30, cid=5897, seq=null, RW, Message:01016102405440000000...(size=12))
2024-10-16 23:57:21,731 DEBUG server.RaftServer$Division (LeaderStateImpl.java:addPendingRequest(529)) - s5@group-676CD6864C30-LeaderStateImpl: addPendingRequest at RaftClientRequest:client-DBFB2ABE2B08->s5@group-676CD6864C30, cid=5897, seq=null, RW, Message:01016102405440000000...(size=12), entry=(t:1, i:109), STATEMACHINELOGENTRY, WRITE: logData.size=12, stateMachineData.size=0, logEntryProtoSerializedSize=0
2024-10-16 23:57:21,731 DEBUG server.RaftServer$Division (RaftServerImpl.java:logAppendEntries(1549)) - s6@group-676CD6864C30: appendEntries* reply s5<-s6#5896:OK-t1,SUCCESS,nextIndex=109,followerCommit=107,matchIndex=108
2024-10-16 23:57:21,732 DEBUG server.RaftServer$Division (RaftServerImpl.java:logAppendEntries(1549)) - s4@group-676CD6864C30: appendEntries* s5->s4#5898-t1,previous=(t:1, i:107),leaderCommit=107,initializing? false,entries: size=2, first=(t:1, i:108), METADATAENTRY(c:107)
2024-10-16 23:57:21,732 DEBUG server.RaftServer$Division (RaftServerImpl.java:logAppendEntries(1549)) - s6@group-676CD6864C30: appendEntries* s5->s6#5899-t1,previous=(t:1, i:108),leaderCommit=107,initializing? false,entries: size=1, first=(t:1, i:109), STATEMACHINELOGENTRY, StateMachineLogEntryProto:5897@client-DBFB2ABE2B08
2024-10-16 23:57:21,732 DEBUG server.RaftServer$Division (RaftServerImpl.java:logAppendEntries(1549)) - s4@group-676CD6864C30: appendEntries* reply s5<-s4#5898:OK-t1,SUCCESS,nextIndex=110,followerCommit=107,matchIndex=109
2024-10-16 23:57:21,733 INFO  statemachine.StateMachine (ArithmeticStateMachine.java:applyTransaction(181)) - LEADER:s5-109: a = 81 = 81
2024-10-16 23:57:21,733 DEBUG server.RaftServer$Division (RaftServerImpl.java:logAppendEntries(1549)) - s6@group-676CD6864C30: appendEntries* reply s5<-s6#5899:OK-t1,SUCCESS,nextIndex=110,followerCommit=107,matchIndex=109
2024-10-16 23:57:21,733 DEBUG server.RaftServer$Division (RaftServerImpl.java:submitClientRequestAsync(920)) - s5@group-676CD6864C30: receive client request(RaftClientRequest:client-DBFB2ABE2B08->s5@group-676CD6864C30, cid=5901, seq=null, RW, Message:0101620240a9a0000000...(size=12))
2024-10-16 23:57:21,733 DEBUG server.RaftServer$Division (LeaderStateImpl.java:addPendingRequest(529)) - s5@group-676CD6864C30-LeaderStateImpl: addPendingRequest at RaftClientRequest:client-DBFB2ABE2B08->s5@group-676CD6864C30, cid=5901, seq=null, RW, Message:0101620240a9a0000000...(size=12), entry=(t:1, i:111), STATEMACHINELOGENTRY, WRITE: logData.size=12, stateMachineData.size=0, logEntryProtoSerializedSize=0
2024-10-16 23:57:21,733 DEBUG server.RaftServer$Division (RaftServerImpl.java:logAppendEntries(1549)) - s6@group-676CD6864C30: appendEntries* s5->s6#5902-t1,previous=(t:1, i:109),leaderCommit=109,initializing? false,entries: size=1, first=(t:1, i:110), METADATAENTRY(c:109)
2024-10-16 23:57:21,734 DEBUG server.RaftServer$Division (RaftServerImpl.java:logAppendEntries(1549)) - s4@group-676CD6864C30: appendEntries* s5->s4#5900-t1,previous=(t:1, i:109),leaderCommit=109,initializing? false,entries: size=1, first=(t:1, i:110), METADATAENTRY(c:109)
2024-10-16 23:57:21,734 DEBUG server.RaftServer$Division (RaftServerImpl.java:logAppendEntries(1549)) - s6@group-676CD6864C30: appendEntries* reply s5<-s6#5902:OK-t1,SUCCESS,nextIndex=111,followerCommit=109,matchIndex=110
2024-10-16 23:57:21,734 DEBUG server.RaftServer$Division (RaftServerImpl.java:logAppendEntries(1549)) - s4@group-676CD6864C30: appendEntries* reply s5<-s4#5900:OK-t1,SUCCESS,nextIndex=111,followerCommit=109,matchIndex=110
2024-10-16 23:57:21,735 DEBUG server.RaftServer$Division (RaftServerImpl.java:logAppendEntries(1549)) - s4@group-676CD6864C30: appendEntries* s5->s4#5904-t1,previous=(t:1, i:110),leaderCommit=109,initializing? false,entries: size=1, first=(t:1, i:111), STATEMACHINELOGENTRY, StateMachineLogEntryProto:5901@client-DBFB2ABE2B08
2024-10-16 23:57:21,735 DEBUG server.RaftServer$Division (RaftServerImpl.java:logAppendEntries(1549)) - s6@group-676CD6864C30: appendEntries* s5->s6#5903-t1,previous=(t:1, i:110),leaderCommit=109,initializing? false,entries: size=1, first=(t:1, i:111), STATEMACHINELOGENTRY, StateMachineLogEntryProto:5901@client-DBFB2ABE2B08
2024-10-16 23:57:21,735 DEBUG server.RaftServer$Division (RaftServerImpl.java:logAppendEntries(1549)) - s4@group-676CD6864C30: appendEntries* reply s5<-s4#5904:OK-t1,SUCCESS,nextIndex=112,followerCommit=109,matchIndex=111
2024-10-16 23:57:21,735 DEBUG server.RaftServer$Division (RaftServerImpl.java:logAppendEntries(1549)) - s6@group-676CD6864C30: appendEntries* reply s5<-s6#5903:OK-t1,SUCCESS,nextIndex=112,followerCommit=109,matchIndex=111
2024-10-16 23:57:21,735 INFO  statemachine.StateMachine (ArithmeticStateMachine.java:applyTransaction(181)) - LEADER:s5-111: b = 3280 = 3280
2024-10-16 23:57:21,736 DEBUG server.RaftServer$Division (RaftServerImpl.java:submitClientRequestAsync(920)) - s5@group-676CD6864C30: receive client request(RaftClientRequest:client-DBFB2ABE2B08->s5@group-676CD6864C30, cid=5906, seq=null, RW, Message:01016304010300040201...(size=17))
2024-10-16 23:57:21,736 DEBUG server.RaftServer$Division (RaftServerImpl.java:logAppendEntries(1549)) - s6@group-676CD6864C30: appendEntries* s5->s6#5907-t1,previous=(t:1, i:111),leaderCommit=111,initializing? false,entries: size=1, first=(t:1, i:112), METADATAENTRY(c:111)
2024-10-16 23:57:21,736 DEBUG server.RaftServer$Division (LeaderStateImpl.java:addPendingRequest(529)) - s5@group-676CD6864C30-LeaderStateImpl: addPendingRequest at RaftClientRequest:client-DBFB2ABE2B08->s5@group-676CD6864C30, cid=5906, seq=null, RW, Message:01016304010300040201...(size=17), entry=(t:1, i:113), STATEMACHINELOGENTRY, WRITE: logData.size=17, stateMachineData.size=0, logEntryProtoSerializedSize=0
2024-10-16 23:57:21,736 DEBUG server.RaftServer$Division (RaftServerImpl.java:logAppendEntries(1549)) - s4@group-676CD6864C30: appendEntries* s5->s4#5905-t1,previous=(t:1, i:111),leaderCommit=111,initializing? false,entries: size=1, first=(t:1, i:112), METADATAENTRY(c:111)
2024-10-16 23:57:21,736 DEBUG server.RaftServer$Division (RaftServerImpl.java:logAppendEntries(1549)) - s6@group-676CD6864C30: appendEntries* reply s5<-s6#5907:OK-t1,SUCCESS,nextIndex=113,followerCommit=111,matchIndex=112
2024-10-16 23:57:21,737 DEBUG server.RaftServer$Division (RaftServerImpl.java:logAppendEntries(1549)) - s4@group-676CD6864C30: appendEntries* reply s5<-s4#5905:OK-t1,SUCCESS,nextIndex=113,followerCommit=111,matchIndex=112
2024-10-16 23:57:21,737 DEBUG server.RaftServer$Division (RaftServerImpl.java:logAppendEntries(1549)) - s6@group-676CD6864C30: appendEntries* s5->s6#5908-t1,previous=(t:1, i:112),leaderCommit=111,initializing? false,entries: size=1, first=(t:1, i:113), STATEMACHINELOGENTRY, StateMachineLogEntryProto:5906@client-DBFB2ABE2B08
2024-10-16 23:57:21,737 DEBUG server.RaftServer$Division (RaftServerImpl.java:logAppendEntries(1549)) - s6@group-676CD6864C30: appendEntries* reply s5<-s6#5908:OK-t1,SUCCESS,nextIndex=114,followerCommit=111,matchIndex=113
2024-10-16 23:57:21,738 INFO  statemachine.StateMachine (ArithmeticStateMachine.java:applyTransaction(181)) - LEADER:s5-113: c = √(a^2 + b^2) = 3281
2024-10-16 23:57:21,738 DEBUG server.RaftServer$Division (RaftServerImpl.java:logAppendEntries(1549)) - s6@group-676CD6864C30: appendEntries* s5->s6#5910-t1,previous=(t:1, i:113),leaderCommit=113,initializing? false,entries: size=1, first=(t:1, i:114), METADATAENTRY(c:113)
2024-10-16 23:57:21,738 DEBUG server.RaftServer$Division (RaftServerImpl.java:submitClientRequestAsync(920)) - s5@group-676CD6864C30: receive client request(RaftClientRequest:client-DBFB2ABE2B08->s5@group-676CD6864C30, cid=5911, seq=null, RW, Message:01016100)
2024-10-16 23:57:21,738 DEBUG server.RaftServer$Division (RaftServerImpl.java:logAppendEntries(1549)) - s6@group-676CD6864C30: appendEntries* reply s5<-s6#5910:OK-t1,SUCCESS,nextIndex=115,followerCommit=113,matchIndex=114
2024-10-16 23:57:21,739 DEBUG server.RaftServer$Division (LeaderStateImpl.java:addPendingRequest(529)) - s5@group-676CD6864C30-LeaderStateImpl: addPendingRequest at RaftClientRequest:client-DBFB2ABE2B08->s5@group-676CD6864C30, cid=5911, seq=null, RW, Message:01016100, entry=(t:1, i:115), STATEMACHINELOGENTRY, WRITE: logData.size=4, stateMachineData.size=0, logEntryProtoSerializedSize=0
2024-10-16 23:57:21,739 DEBUG server.RaftServer$Division (RaftServerImpl.java:logAppendEntries(1549)) - s4@group-676CD6864C30: appendEntries* s5->s4#5909-t1,previous=(t:1, i:112),leaderCommit=112,initializing? false,entries: size=1, first=(t:1, i:113), STATEMACHINELOGENTRY, StateMachineLogEntryProto:5906@client-DBFB2ABE2B08
2024-10-16 23:57:21,739 DEBUG server.RaftServer$Division (RaftServerImpl.java:logAppendEntries(1549)) - s6@group-676CD6864C30: appendEntries* s5->s6#5912-t1,previous=(t:1, i:114),leaderCommit=113,initializing? false,entries: size=1, first=(t:1, i:115), STATEMACHINELOGENTRY, StateMachineLogEntryProto:5911@client-DBFB2ABE2B08
2024-10-16 23:57:21,740 DEBUG server.RaftServer$Division (RaftServerImpl.java:logAppendEntries(1549)) - s4@group-676CD6864C30: appendEntries* reply s5<-s4#5909:OK-t1,SUCCESS,nextIndex=114,followerCommit=112,matchIndex=113
2024-10-16 23:57:21,740 DEBUG server.RaftServer$Division (RaftServerImpl.java:logAppendEntries(1549)) - s6@group-676CD6864C30: appendEntries* reply s5<-s6#5912:OK-t1,SUCCESS,nextIndex=116,followerCommit=113,matchIndex=115
2024-10-16 23:57:21,740 INFO  statemachine.StateMachine (ArithmeticStateMachine.java:applyTransaction(181)) - LEADER:s5-115: a = null = null
2024-10-16 23:57:21,740 DEBUG server.RaftServer$Division (RaftServerImpl.java:submitClientRequestAsync(920)) - s5@group-676CD6864C30: receive client request(RaftClientRequest:client-DBFB2ABE2B08->s5@group-676CD6864C30, cid=5915, seq=null, RW, Message:01016200)
2024-10-16 23:57:21,740 DEBUG server.RaftServer$Division (RaftServerImpl.java:logAppendEntries(1549)) - s6@group-676CD6864C30: appendEntries* s5->s6#5914-t1,previous=(t:1, i:115),leaderCommit=115,initializing? false,entries: size=1, first=(t:1, i:116), METADATAENTRY(c:115)
2024-10-16 23:57:21,740 DEBUG server.RaftServer$Division (LeaderStateImpl.java:addPendingRequest(529)) - s5@group-676CD6864C30-LeaderStateImpl: addPendingRequest at RaftClientRequest:client-DBFB2ABE2B08->s5@group-676CD6864C30, cid=5915, seq=null, RW, Message:01016200, entry=(t:1, i:117), STATEMACHINELOGENTRY, WRITE: logData.size=4, stateMachineData.size=0, logEntryProtoSerializedSize=0
2024-10-16 23:57:21,741 DEBUG server.RaftServer$Division (RaftServerImpl.java:logAppendEntries(1549)) - s4@group-676CD6864C30: appendEntries* s5->s4#5913-t1,previous=(t:1, i:113),leaderCommit=114,initializing? false,entries: size=2, first=(t:1, i:114), METADATAENTRY(c:113)
2024-10-16 23:57:21,741 DEBUG server.RaftServer$Division (RaftServerImpl.java:logAppendEntries(1549)) - s6@group-676CD6864C30: appendEntries* reply s5<-s6#5914:OK-t1,SUCCESS,nextIndex=117,followerCommit=115,matchIndex=116
2024-10-16 23:57:21,742 DEBUG server.RaftServer$Division (RaftServerImpl.java:logAppendEntries(1549)) - s6@group-676CD6864C30: appendEntries* s5->s6#5916-t1,previous=(t:1, i:116),leaderCommit=115,initializing? false,entries: size=1, first=(t:1, i:117), STATEMACHINELOGENTRY, StateMachineLogEntryProto:5915@client-DBFB2ABE2B08
2024-10-16 23:57:21,742 DEBUG server.RaftServer$Division (RaftServerImpl.java:logAppendEntries(1549)) - s4@group-676CD6864C30: appendEntries* reply s5<-s4#5913:OK-t1,SUCCESS,nextIndex=116,followerCommit=114,matchIndex=115
2024-10-16 23:57:21,742 DEBUG server.RaftServer$Division (RaftServerImpl.java:logAppendEntries(1549)) - s6@group-676CD6864C30: appendEntries* reply s5<-s6#5916:OK-t1,SUCCESS,nextIndex=118,followerCommit=115,matchIndex=117
2024-10-16 23:57:21,742 INFO  statemachine.StateMachine (ArithmeticStateMachine.java:applyTransaction(181)) - LEADER:s5-117: b = null = null
2024-10-16 23:57:21,743 DEBUG server.RaftServer$Division (RaftServerImpl.java:logAppendEntries(1549)) - s6@group-676CD6864C30: appendEntries* s5->s6#5918-t1,previous=(t:1, i:117),leaderCommit=117,initializing? false,entries: size=1, first=(t:1, i:118), METADATAENTRY(c:117)
2024-10-16 23:57:21,743 DEBUG server.RaftServer$Division (RaftServerImpl.java:logAppendEntries(1549)) - s4@group-676CD6864C30: appendEntries* s5->s4#5917-t1,previous=(t:1, i:115),leaderCommit=116,initializing? false,entries: size=2, first=(t:1, i:116), METADATAENTRY(c:115)
2024-10-16 23:57:21,743 DEBUG server.RaftServer$Division (RaftServerImpl.java:submitClientRequestAsync(920)) - s5@group-676CD6864C30: receive client request(RaftClientRequest:client-DBFB2ABE2B08->s5@group-676CD6864C30, cid=5919, seq=null, RW, Message:01016300)
2024-10-16 23:57:21,743 DEBUG server.RaftServer$Division (LeaderStateImpl.java:addPendingRequest(529)) - s5@group-676CD6864C30-LeaderStateImpl: addPendingRequest at RaftClientRequest:client-DBFB2ABE2B08->s5@group-676CD6864C30, cid=5919, seq=null, RW, Message:01016300, entry=(t:1, i:119), STATEMACHINELOGENTRY, WRITE: logData.size=4, stateMachineData.size=0, logEntryProtoSerializedSize=0
2024-10-16 23:57:21,743 DEBUG server.RaftServer$Division (RaftServerImpl.java:logAppendEntries(1549)) - s6@group-676CD6864C30: appendEntries* reply s5<-s6#5918:OK-t1,SUCCESS,nextIndex=119,followerCommit=117,matchIndex=118
2024-10-16 23:57:21,743 DEBUG server.RaftServer$Division (RaftServerImpl.java:logAppendEntries(1549)) - s4@group-676CD6864C30: appendEntries* reply s5<-s4#5917:OK-t1,SUCCESS,nextIndex=118,followerCommit=116,matchIndex=117
2024-10-16 23:57:21,744 DEBUG server.RaftServer$Division (RaftServerImpl.java:logAppendEntries(1549)) - s6@group-676CD6864C30: appendEntries* s5->s6#5920-t1,previous=(t:1, i:118),leaderCommit=117,initializing? false,entries: size=1, first=(t:1, i:119), STATEMACHINELOGENTRY, StateMachineLogEntryProto:5919@client-DBFB2ABE2B08
2024-10-16 23:57:21,744 DEBUG server.RaftServer$Division (RaftServerImpl.java:logAppendEntries(1549)) - s4@group-676CD6864C30: appendEntries* s5->s4#5921-t1,previous=(t:1, i:117),leaderCommit=118,initializing? false,entries: size=2, first=(t:1, i:118), METADATAENTRY(c:117)
2024-10-16 23:57:21,744 DEBUG server.RaftServer$Division (RaftServerImpl.java:logAppendEntries(1549)) - s6@group-676CD6864C30: appendEntries* reply s5<-s6#5920:OK-t1,SUCCESS,nextIndex=120,followerCommit=117,matchIndex=119
2024-10-16 23:57:21,744 INFO  statemachine.StateMachine (ArithmeticStateMachine.java:applyTransaction(181)) - LEADER:s5-119: c = null = null
2024-10-16 23:57:21,745 DEBUG server.RaftServer$Division (RaftServerImpl.java:logAppendEntries(1549)) - s6@group-676CD6864C30: appendEntries* s5->s6#5922-t1,previous=(t:1, i:119),leaderCommit=119,initializing? false,entries: size=1, first=(t:1, i:120), METADATAENTRY(c:119)
2024-10-16 23:57:21,745 DEBUG server.RaftServer$Division (RaftServerImpl.java:logAppendEntries(1549)) - s4@group-676CD6864C30: appendEntries* reply s5<-s4#5921:OK-t1,SUCCESS,nextIndex=120,followerCommit=118,matchIndex=119
2024-10-16 23:57:21,745 DEBUG server.RaftServer$Division (RaftServerImpl.java:logAppendEntries(1549)) - s6@group-676CD6864C30: appendEntries* reply s5<-s6#5922:OK-t1,SUCCESS,nextIndex=121,followerCommit=119,matchIndex=120
2024-10-16 23:57:21,746 DEBUG server.RaftServer$Division (RaftServerImpl.java:logAppendEntries(1549)) - s4@group-676CD6864C30: appendEntries* s5->s4#5923-t1,previous=(t:1, i:119),leaderCommit=119,initializing? false,entries: size=1, first=(t:1, i:120), METADATAENTRY(c:119)
2024-10-16 23:57:21,746 DEBUG server.RaftServer$Division (RaftServerImpl.java:logAppendEntries(1549)) - s4@group-676CD6864C30: appendEntries* reply s5<-s4#5923:OK-t1,SUCCESS,nextIndex=121,followerCommit=119,matchIndex=120
2024-10-16 23:57:21,757 INFO  impl.GroupManagementBaseTest (GroupManagementBaseTest.java:runMultiGroupTest(281)) - 4) starting group-27FC73985AF3:[s7|0.0.0.0:15022, s8|0.0.0.0:15023, s9|0.0.0.0:15024]
2024-10-16 23:57:21,757 INFO  netty.NettyUtils (NettyUtils.java:newEventLoopGroup(74)) - Create EpollEventLoopGroup for client-439C222E0A63; Thread size is 0.
2024-10-16 23:57:21,760 INFO  logging.LoggingHandler (AbstractInternalLogger.java:log(148)) - [id: 0xcef48036, L:/0.0.0.0:15022] READ: [id: 0x4840baea, L:/127.0.0.1:15022 - R:/127.0.0.1:56106]
2024-10-16 23:57:21,761 INFO  logging.LoggingHandler (AbstractInternalLogger.java:log(148)) - [id: 0xcef48036, L:/0.0.0.0:15022] READ COMPLETE
2024-10-16 23:57:21,762 INFO  server.RaftServer (RaftServerProxy.java:addNew(101)) - s7: addNew group-27FC73985AF3:[s7|0.0.0.0:15022, s8|0.0.0.0:15023, s9|0.0.0.0:15024] returns group-27FC73985AF3:java.util.concurrent.CompletableFuture@3feda5fa[Not completed]
2024-10-16 23:57:21,763 INFO  server.RaftServer$Division (RaftServerImpl.java:<init>(257)) - s7: new RaftServerImpl for group-27FC73985AF3:[s7|0.0.0.0:15022, s8|0.0.0.0:15023, s9|0.0.0.0:15024] with ArithmeticStateMachine:uninitialized
2024-10-16 23:57:21,763 INFO  server.RaftServerConfigKeys (ConfUtils.java:logGet(46)) - raft.server.rpc.timeout.min = 300ms (custom)
2024-10-16 23:57:21,763 INFO  server.RaftServerConfigKeys (ConfUtils.java:logGet(46)) - raft.server.rpc.timeout.max = 600ms (custom)
2024-10-16 23:57:21,763 INFO  server.RaftServerConfigKeys (ConfUtils.java:logGet(46)) - raft.server.rpc.sleep.time = 25ms (default)
2024-10-16 23:57:21,763 INFO  server.RaftServerConfigKeys (ConfUtils.java:logGet(46)) - raft.server.rpc.slowness.timeout = 60s (default)
2024-10-16 23:57:21,763 INFO  server.RaftServerConfigKeys (ConfUtils.java:logGet(46)) - raft.server.leaderelection.leader.step-down.wait-time = 10s (default)
2024-10-16 23:57:21,763 INFO  server.RaftServerConfigKeys (ConfUtils.java:logGet(46)) - raft.server.leaderelection.member.majority-add = false (default)
2024-10-16 23:57:21,763 INFO  server.RaftServerConfigKeys (ConfUtils.java:logGet(46)) - raft.server.sleep.deviation.threshold = 300ms (default)
2024-10-16 23:57:21,763 INFO  server.RaftServer$Division (ServerState.java:<init>(114)) - s7@group-27FC73985AF3: ConfigurationManager, init=conf: {index: -1, cur=peers:[s7|0.0.0.0:15022, s8|0.0.0.0:15023, s9|0.0.0.0:15024]|listeners:[], old=null}, confs=<EMPTY_MAP>
2024-10-16 23:57:21,763 INFO  server.RaftServerConfigKeys (ConfUtils.java:logGet(46)) - raft.server.notification.no-leader.timeout = 60s (default)
2024-10-16 23:57:21,763 INFO  server.RaftServerConfigKeys (ConfUtils.java:logGet(46)) - raft.server.read.timeout = 10s (default)
2024-10-16 23:57:21,763 INFO  server.RaftServerConfigKeys (ConfUtils.java:logGet(46)) - raft.server.retrycache.expirytime = 60s (default)
2024-10-16 23:57:21,763 INFO  server.RaftServerConfigKeys (ConfUtils.java:logGet(46)) - raft.server.retrycache.statistics.expirytime = 100ms (default)
2024-10-16 23:57:21,763 INFO  server.RaftServerConfigKeys (ConfUtils.java:logGet(46)) - raft.server.read.option = DEFAULT (default)
2024-10-16 23:57:21,763 INFO  server.RaftServerConfigKeys (ConfUtils.java:logGet(46)) - raft.server.read.read-after-write-consistent.write-index-cache.expiry-time = 60s (default)
2024-10-16 23:57:21,764 INFO  server.RaftServerConfigKeys (ConfUtils.java:logGet(46)) - raft.server.rpc.request.timeout = 3000ms (default)
2024-10-16 23:57:21,764 INFO  server.RaftServerConfigKeys (ConfUtils.java:logGet(46)) - raft.server.log.appender.install.snapshot.enabled = true (default)
2024-10-16 23:57:21,764 INFO  server.RaftServerConfigKeys (ConfUtils.java:logGet(46)) - raft.server.threadpool.server.cached = true (default)
2024-10-16 23:57:21,764 INFO  server.RaftServerConfigKeys (ConfUtils.java:logGet(46)) - raft.server.threadpool.server.size = 0 (default)
2024-10-16 23:57:21,764 INFO  server.RaftServerConfigKeys (ConfUtils.java:logGet(46)) - raft.server.threadpool.client.cached = true (default)
2024-10-16 23:57:21,764 INFO  server.RaftServerConfigKeys (ConfUtils.java:logGet(46)) - raft.server.threadpool.client.size = 0 (default)
2024-10-16 23:57:21,764 INFO  server.RaftServerConfigKeys (ConfUtils.java:logGet(46)) - raft.server.storage.free-space.min = 0MB (=0) (default)
2024-10-16 23:57:21,764 INFO  server.RaftServerConfigKeys (ConfUtils.java:logGet(46)) - raft.server.log.corruption.policy = EXCEPTION (default)
2024-10-16 23:57:21,764 INFO  server.RaftServerConfigKeys (ConfUtils.java:logGet(46)) - raft.server.storage.dir = [/home/runner/work/ratis/ratis/ratis-examples/target/test/data/6cc99a4c/MiniRaftClusterWithNettyeee6e424/s7] (custom)
2024-10-16 23:57:21,765 INFO  storage.RaftStorageDirectory (RaftStorageDirectoryImpl.java:analyzeStorage(138)) - The storage directory /home/runner/work/ratis/ratis/ratis-examples/target/test/data/6cc99a4c/MiniRaftClusterWithNettyeee6e424/s7/5c432a1a-7289-497f-8f3c-27fc73985af3 does not exist. Creating ...
2024-10-16 23:57:21,765 TRACE util.FileUtils (LogUtils.java:runAndLog(49)) - Successfully ran Files.createDirectories /home/runner/work/ratis/ratis/ratis-examples/target/test/data/6cc99a4c/MiniRaftClusterWithNettyeee6e424/s7/5c432a1a-7289-497f-8f3c-27fc73985af3
2024-10-16 23:57:21,767 INFO  storage.RaftStorageDirectory (RaftStorageDirectoryImpl.java:tryLock(229)) - Lock on /home/runner/work/ratis/ratis/ratis-examples/target/test/data/6cc99a4c/MiniRaftClusterWithNettyeee6e424/s7/5c432a1a-7289-497f-8f3c-27fc73985af3/in_use.lock acquired by nodename 14984@fv-az1433-785
2024-10-16 23:57:21,767 TRACE util.FileUtils (LogUtils.java:runAndLog(49)) - Successfully ran Files.createDirectories /home/runner/work/ratis/ratis/ratis-examples/target/test/data/6cc99a4c/MiniRaftClusterWithNettyeee6e424/s7/5c432a1a-7289-497f-8f3c-27fc73985af3/current
2024-10-16 23:57:21,767 TRACE util.FileUtils (LogUtils.java:runAndLog(49)) - Successfully ran Files.createDirectories /home/runner/work/ratis/ratis/ratis-examples/target/test/data/6cc99a4c/MiniRaftClusterWithNettyeee6e424/s7/5c432a1a-7289-497f-8f3c-27fc73985af3/sm
2024-10-16 23:57:21,767 TRACE util.FileUtils (LogUtils.java:supplyAndLog(69)) - Successfully supplied FileChannel.open /home/runner/work/ratis/ratis/ratis-examples/target/test/data/6cc99a4c/MiniRaftClusterWithNettyeee6e424/s7/5c432a1a-7289-497f-8f3c-27fc73985af3/current/raft-meta.tmp with options [CREATE, WRITE]: sun.nio.ch.FileChannelImpl@6ab9d8cf
2024-10-16 23:57:21,769 TRACE util.FileUtils (LogUtils.java:runAndLog(49)) - Successfully ran Atomic Files.move /home/runner/work/ratis/ratis/ratis-examples/target/test/data/6cc99a4c/MiniRaftClusterWithNettyeee6e424/s7/5c432a1a-7289-497f-8f3c-27fc73985af3/current/raft-meta.tmp to /home/runner/work/ratis/ratis/ratis-examples/target/test/data/6cc99a4c/MiniRaftClusterWithNettyeee6e424/s7/5c432a1a-7289-497f-8f3c-27fc73985af3/current/raft-meta with options [REPLACE_EXISTING]
2024-10-16 23:57:21,769 INFO  storage.RaftStorage (RaftStorageImpl.java:format(98)) - Storage directory /home/runner/work/ratis/ratis/ratis-examples/target/test/data/6cc99a4c/MiniRaftClusterWithNettyeee6e424/s7/5c432a1a-7289-497f-8f3c-27fc73985af3 has been successfully formatted.
2024-10-16 23:57:21,769 WARN  statemachine.StateMachine (ArithmeticStateMachine.java:loadSnapshot(115)) - The snapshot info is null.
2024-10-16 23:57:21,769 INFO  server.RaftServerConfigKeys (ConfUtils.java:logGet(46)) - raft.server.log.use.memory = false (default)
2024-10-16 23:57:21,769 INFO  server.RaftServerConfigKeys (ConfUtils.java:logGet(46)) - raft.server.log.purge.gap = 1024 (default)
2024-10-16 23:57:21,769 INFO  server.RaftServerConfigKeys (ConfUtils.java:logGet(46)) - raft.server.log.appender.buffer.byte-limit = 4MB (=4194304) (default)
2024-10-16 23:57:21,769 INFO  server.RaftServerConfigKeys (ConfUtils.java:logGet(46)) - raft.server.log.statemachine.data.read.timeout = 1000ms (default)
2024-10-16 23:57:21,769 INFO  server.RaftServerConfigKeys (ConfUtils.java:logGet(46)) - raft.server.log.purge.preservation.log.num = 0 (default)
2024-10-16 23:57:21,769 INFO  server.RaftServerConfigKeys (ConfUtils.java:logGet(46)) - raft.server.log.segment.size.max = 32MB (=33554432) (default)
2024-10-16 23:57:21,770 INFO  server.RaftServerConfigKeys (ConfUtils.java:logGet(46)) - raft.server.log.segment.cache.num.max = 6 (default)
2024-10-16 23:57:21,770 INFO  server.RaftServerConfigKeys (ConfUtils.java:logGet(46)) - raft.server.log.segment.cache.size.max = 200MB (=209715200) (default)
2024-10-16 23:57:21,770 INFO  server.RaftServerConfigKeys (ConfUtils.java:logGet(46)) - raft.server.log.appender.buffer.byte-limit = 4MB (=4194304) (default)
2024-10-16 23:57:21,770 INFO  util.AwaitToRun (AwaitToRun.java:start(81)) - Thread[s7@group-27FC73985AF3-cacheEviction-AwaitToRun,5,main] started
2024-10-16 23:57:21,770 INFO  segmented.SegmentedRaftLogWorker (SegmentedRaftLogWorker.java:<init>(188)) - new s7@group-27FC73985AF3-SegmentedRaftLogWorker for RaftStorageImpl:Storage Directory /home/runner/work/ratis/ratis/ratis-examples/target/test/data/6cc99a4c/MiniRaftClusterWithNettyeee6e424/s7/5c432a1a-7289-497f-8f3c-27fc73985af3
2024-10-16 23:57:21,770 INFO  server.RaftServerConfigKeys (ConfUtils.java:logGet(46)) - raft.server.log.queue.byte-limit = 64MB (=67108864) (default)
2024-10-16 23:57:21,770 INFO  server.RaftServerConfigKeys (ConfUtils.java:logGet(46)) - raft.server.log.queue.element-limit = 4096 (default)
2024-10-16 23:57:21,770 INFO  server.RaftServerConfigKeys (ConfUtils.java:logGet(46)) - raft.server.log.segment.size.max = 32MB (=33554432) (default)
2024-10-16 23:57:21,770 INFO  server.RaftServerConfigKeys (ConfUtils.java:logGet(46)) - raft.server.log.preallocated.size = 4MB (=4194304) (default)
2024-10-16 23:57:21,770 INFO  server.RaftServerConfigKeys (ConfUtils.java:logGet(46)) - raft.server.log.force.sync.num = 128 (default)
2024-10-16 23:57:21,770 INFO  server.RaftServerConfigKeys (ConfUtils.java:logGet(46)) - raft.server.log.statemachine.data.sync = true (default)
2024-10-16 23:57:21,770 INFO  server.RaftServerConfigKeys (ConfUtils.java:logGet(46)) - raft.server.log.statemachine.data.sync.timeout = 10s (default)
2024-10-16 23:57:21,770 INFO  server.RaftServerConfigKeys (ConfUtils.java:logGet(46)) - raft.server.log.statemachine.data.sync.timeout.retry = -1 (default)
2024-10-16 23:57:21,771 INFO  server.RaftServerConfigKeys (ConfUtils.java:logGet(46)) - raft.server.log.write.buffer.size = 8MB (=8388608) (default)
2024-10-16 23:57:21,772 INFO  server.RaftServerConfigKeys (ConfUtils.java:logGet(46)) - raft.server.log.appender.buffer.byte-limit = 4MB (=4194304) (default)
2024-10-16 23:57:21,772 INFO  server.RaftServerConfigKeys (ConfUtils.java:logGet(46)) - raft.server.log.unsafe-flush.enabled = false (default)
2024-10-16 23:57:21,772 INFO  server.RaftServerConfigKeys (ConfUtils.java:logGet(46)) - raft.server.log.async-flush.enabled = false (default)
2024-10-16 23:57:21,773 INFO  server.RaftServerConfigKeys (ConfUtils.java:logGet(46)) - raft.server.log.statemachine.data.caching.enabled = false (default)
2024-10-16 23:57:21,773 INFO  segmented.SegmentedRaftLogWorker (SegmentedRaftLogWorker.java:lambda$new$0(139)) - s7@group-27FC73985AF3-SegmentedRaftLogWorker: flushIndex: setUnconditionally 0 -> -1
2024-10-16 23:57:21,773 INFO  segmented.SegmentedRaftLogWorker (SegmentedRaftLogWorker.java:lambda$new$0(139)) - s7@group-27FC73985AF3-SegmentedRaftLogWorker: safeCacheEvictIndex: setUnconditionally 0 -> -1
2024-10-16 23:57:21,776 INFO  server.RaftServer$Division (RaftServerImpl.java:start(393)) - s7@group-27FC73985AF3: start as a follower, conf=conf: {index: -1, cur=peers:[s7|0.0.0.0:15022, s8|0.0.0.0:15023, s9|0.0.0.0:15024]|listeners:[], old=null}
2024-10-16 23:57:21,777 INFO  server.RaftServer$Division (RaftServerImpl.java:setRole(380)) - s7@group-27FC73985AF3: changes role from      null to FOLLOWER at term 0 for startAsFollower
2024-10-16 23:57:21,777 INFO  impl.RoleInfo (RoleInfo.java:updateAndGet(148)) - s7: start s7@group-27FC73985AF3-FollowerState
2024-10-16 23:57:21,777 INFO  util.JmxRegister (JmxRegister.java:tryRegister(44)) - Successfully registered JMX Bean with object name Ratis:service=RaftServer,group=group-27FC73985AF3,id=s7
2024-10-16 23:57:21,777 INFO  util.JmxRegister (JmxRegister.java:register(58)) - register mxBean class org.apache.ratis.server.impl.RaftServerJmxAdapter as Ratis:service=RaftServer,group=group-27FC73985AF3,id=s7
2024-10-16 23:57:21,777 INFO  server.RaftServerConfigKeys (ConfUtils.java:logGet(46)) - raft.server.snapshot.trigger-when-stop.enabled = true (default)
2024-10-16 23:57:21,777 INFO  server.RaftServerConfigKeys (ConfUtils.java:logGet(46)) - raft.server.snapshot.trigger-when-remove.enabled = true (default)
2024-10-16 23:57:21,777 INFO  server.RaftServerConfigKeys (ConfUtils.java:logGet(46)) - raft.server.snapshot.auto.trigger.enabled = false (default)
2024-10-16 23:57:21,777 INFO  server.RaftServerConfigKeys (ConfUtils.java:logGet(46)) - raft.server.snapshot.retention.file.num = -1 (default)
2024-10-16 23:57:21,777 INFO  server.RaftServerConfigKeys (ConfUtils.java:logGet(46)) - raft.server.log.purge.upto.snapshot.index = false (default)
2024-10-16 23:57:21,777 INFO  server.RaftServer$Division (RaftServerImpl.java:start(407)) - s7@group-27FC73985AF3: Successfully started.
2024-10-16 23:57:21,778 INFO  server.RaftServerConfigKeys (ConfUtils.java:logFallback(53)) - raft.server.rpc.first-election.timeout.min = 300ms (fallback to raft.server.rpc.timeout.min)
2024-10-16 23:57:21,778 INFO  server.RaftServerConfigKeys (ConfUtils.java:logFallback(53)) - raft.server.rpc.first-election.timeout.max = 600ms (fallback to raft.server.rpc.timeout.max)
2024-10-16 23:57:21,789 INFO  netty.NettyUtils (NettyUtils.java:newEventLoopGroup(74)) - Create EpollEventLoopGroup for client-D755E95CD066; Thread size is 0.
2024-10-16 23:57:21,790 INFO  logging.LoggingHandler (AbstractInternalLogger.java:log(148)) - [id: 0x200c6c5b, L:/0.0.0.0:15023] READ: [id: 0xac3d8705, L:/127.0.0.1:15023 - R:/127.0.0.1:46770]
2024-10-16 23:57:21,791 INFO  logging.LoggingHandler (AbstractInternalLogger.java:log(148)) - [id: 0x200c6c5b, L:/0.0.0.0:15023] READ COMPLETE
2024-10-16 23:57:21,792 INFO  server.RaftServer (RaftServerProxy.java:addNew(101)) - s8: addNew group-27FC73985AF3:[s7|0.0.0.0:15022, s8|0.0.0.0:15023, s9|0.0.0.0:15024] returns group-27FC73985AF3:java.util.concurrent.CompletableFuture@322b19ee[Not completed]
2024-10-16 23:57:21,792 INFO  server.RaftServer$Division (RaftServerImpl.java:<init>(257)) - s8: new RaftServerImpl for group-27FC73985AF3:[s7|0.0.0.0:15022, s8|0.0.0.0:15023, s9|0.0.0.0:15024] with ArithmeticStateMachine:uninitialized
2024-10-16 23:57:21,792 INFO  server.RaftServerConfigKeys (ConfUtils.java:logGet(46)) - raft.server.rpc.timeout.min = 300ms (custom)
2024-10-16 23:57:21,792 INFO  server.RaftServerConfigKeys (ConfUtils.java:logGet(46)) - raft.server.rpc.timeout.max = 600ms (custom)
2024-10-16 23:57:21,792 INFO  server.RaftServerConfigKeys (ConfUtils.java:logGet(46)) - raft.server.rpc.sleep.time = 25ms (default)
2024-10-16 23:57:21,792 INFO  server.RaftServerConfigKeys (ConfUtils.java:logGet(46)) - raft.server.rpc.slowness.timeout = 60s (default)
2024-10-16 23:57:21,792 INFO  server.RaftServerConfigKeys (ConfUtils.java:logGet(46)) - raft.server.leaderelection.leader.step-down.wait-time = 10s (default)
2024-10-16 23:57:21,792 INFO  server.RaftServerConfigKeys (ConfUtils.java:logGet(46)) - raft.server.leaderelection.member.majority-add = false (default)
2024-10-16 23:57:21,792 INFO  server.RaftServerConfigKeys (ConfUtils.java:logGet(46)) - raft.server.sleep.deviation.threshold = 300ms (default)
2024-10-16 23:57:21,792 INFO  server.RaftServer$Division (ServerState.java:<init>(114)) - s8@group-27FC73985AF3: ConfigurationManager, init=conf: {index: -1, cur=peers:[s7|0.0.0.0:15022, s8|0.0.0.0:15023, s9|0.0.0.0:15024]|listeners:[], old=null}, confs=<EMPTY_MAP>
2024-10-16 23:57:21,792 INFO  server.RaftServerConfigKeys (ConfUtils.java:logGet(46)) - raft.server.notification.no-leader.timeout = 60s (default)
2024-10-16 23:57:21,792 INFO  server.RaftServerConfigKeys (ConfUtils.java:logGet(46)) - raft.server.read.timeout = 10s (default)
2024-10-16 23:57:21,792 INFO  server.RaftServerConfigKeys (ConfUtils.java:logGet(46)) - raft.server.retrycache.expirytime = 60s (default)
2024-10-16 23:57:21,793 INFO  server.RaftServerConfigKeys (ConfUtils.java:logGet(46)) - raft.server.retrycache.statistics.expirytime = 100ms (default)
2024-10-16 23:57:21,793 INFO  server.RaftServerConfigKeys (ConfUtils.java:logGet(46)) - raft.server.read.option = DEFAULT (default)
2024-10-16 23:57:21,793 INFO  server.RaftServerConfigKeys (ConfUtils.java:logGet(46)) - raft.server.read.read-after-write-consistent.write-index-cache.expiry-time = 60s (default)
2024-10-16 23:57:21,793 INFO  server.RaftServerConfigKeys (ConfUtils.java:logGet(46)) - raft.server.rpc.request.timeout = 3000ms (default)
2024-10-16 23:57:21,793 INFO  server.RaftServerConfigKeys (ConfUtils.java:logGet(46)) - raft.server.log.appender.install.snapshot.enabled = true (default)
2024-10-16 23:57:21,793 INFO  server.RaftServerConfigKeys (ConfUtils.java:logGet(46)) - raft.server.threadpool.server.cached = true (default)
2024-10-16 23:57:21,793 INFO  server.RaftServerConfigKeys (ConfUtils.java:logGet(46)) - raft.server.threadpool.server.size = 0 (default)
2024-10-16 23:57:21,793 INFO  server.RaftServerConfigKeys (ConfUtils.java:logGet(46)) - raft.server.threadpool.client.cached = true (default)
2024-10-16 23:57:21,793 INFO  server.RaftServerConfigKeys (ConfUtils.java:logGet(46)) - raft.server.threadpool.client.size = 0 (default)
2024-10-16 23:57:21,793 INFO  server.RaftServerConfigKeys (ConfUtils.java:logGet(46)) - raft.server.storage.free-space.min = 0MB (=0) (default)
2024-10-16 23:57:21,793 INFO  server.RaftServerConfigKeys (ConfUtils.java:logGet(46)) - raft.server.log.corruption.policy = EXCEPTION (default)
2024-10-16 23:57:21,794 INFO  server.RaftServerConfigKeys (ConfUtils.java:logGet(46)) - raft.server.storage.dir = [/home/runner/work/ratis/ratis/ratis-examples/target/test/data/6cc99a4c/MiniRaftClusterWithNettyeee6e424/s8] (custom)
2024-10-16 23:57:21,794 INFO  storage.RaftStorageDirectory (RaftStorageDirectoryImpl.java:analyzeStorage(138)) - The storage directory /home/runner/work/ratis/ratis/ratis-examples/target/test/data/6cc99a4c/MiniRaftClusterWithNettyeee6e424/s8/5c432a1a-7289-497f-8f3c-27fc73985af3 does not exist. Creating ...
2024-10-16 23:57:21,794 TRACE util.FileUtils (LogUtils.java:runAndLog(49)) - Successfully ran Files.createDirectories /home/runner/work/ratis/ratis/ratis-examples/target/test/data/6cc99a4c/MiniRaftClusterWithNettyeee6e424/s8/5c432a1a-7289-497f-8f3c-27fc73985af3
2024-10-16 23:57:21,795 INFO  storage.RaftStorageDirectory (RaftStorageDirectoryImpl.java:tryLock(229)) - Lock on /home/runner/work/ratis/ratis/ratis-examples/target/test/data/6cc99a4c/MiniRaftClusterWithNettyeee6e424/s8/5c432a1a-7289-497f-8f3c-27fc73985af3/in_use.lock acquired by nodename 14984@fv-az1433-785
2024-10-16 23:57:21,795 TRACE util.FileUtils (LogUtils.java:runAndLog(49)) - Successfully ran Files.createDirectories /home/runner/work/ratis/ratis/ratis-examples/target/test/data/6cc99a4c/MiniRaftClusterWithNettyeee6e424/s8/5c432a1a-7289-497f-8f3c-27fc73985af3/current
2024-10-16 23:57:21,795 TRACE util.FileUtils (LogUtils.java:runAndLog(49)) - Successfully ran Files.createDirectories /home/runner/work/ratis/ratis/ratis-examples/target/test/data/6cc99a4c/MiniRaftClusterWithNettyeee6e424/s8/5c432a1a-7289-497f-8f3c-27fc73985af3/sm
2024-10-16 23:57:21,795 TRACE util.FileUtils (LogUtils.java:supplyAndLog(69)) - Successfully supplied FileChannel.open /home/runner/work/ratis/ratis/ratis-examples/target/test/data/6cc99a4c/MiniRaftClusterWithNettyeee6e424/s8/5c432a1a-7289-497f-8f3c-27fc73985af3/current/raft-meta.tmp with options [CREATE, WRITE]: sun.nio.ch.FileChannelImpl@79231587
2024-10-16 23:57:21,796 TRACE util.FileUtils (LogUtils.java:runAndLog(49)) - Successfully ran Atomic Files.move /home/runner/work/ratis/ratis/ratis-examples/target/test/data/6cc99a4c/MiniRaftClusterWithNettyeee6e424/s8/5c432a1a-7289-497f-8f3c-27fc73985af3/current/raft-meta.tmp to /home/runner/work/ratis/ratis/ratis-examples/target/test/data/6cc99a4c/MiniRaftClusterWithNettyeee6e424/s8/5c432a1a-7289-497f-8f3c-27fc73985af3/current/raft-meta with options [REPLACE_EXISTING]
2024-10-16 23:57:21,797 INFO  storage.RaftStorage (RaftStorageImpl.java:format(98)) - Storage directory /home/runner/work/ratis/ratis/ratis-examples/target/test/data/6cc99a4c/MiniRaftClusterWithNettyeee6e424/s8/5c432a1a-7289-497f-8f3c-27fc73985af3 has been successfully formatted.
2024-10-16 23:57:21,797 WARN  statemachine.StateMachine (ArithmeticStateMachine.java:loadSnapshot(115)) - The snapshot info is null.
2024-10-16 23:57:21,797 INFO  server.RaftServerConfigKeys (ConfUtils.java:logGet(46)) - raft.server.log.use.memory = false (default)
2024-10-16 23:57:21,797 INFO  server.RaftServerConfigKeys (ConfUtils.java:logGet(46)) - raft.server.log.purge.gap = 1024 (default)
2024-10-16 23:57:21,797 INFO  server.RaftServerConfigKeys (ConfUtils.java:logGet(46)) - raft.server.log.appender.buffer.byte-limit = 4MB (=4194304) (default)
2024-10-16 23:57:21,797 INFO  server.RaftServerConfigKeys (ConfUtils.java:logGet(46)) - raft.server.log.statemachine.data.read.timeout = 1000ms (default)
2024-10-16 23:57:21,797 INFO  server.RaftServerConfigKeys (ConfUtils.java:logGet(46)) - raft.server.log.purge.preservation.log.num = 0 (default)
2024-10-16 23:57:21,797 INFO  server.RaftServerConfigKeys (ConfUtils.java:logGet(46)) - raft.server.log.segment.size.max = 32MB (=33554432) (default)
2024-10-16 23:57:21,797 INFO  server.RaftServerConfigKeys (ConfUtils.java:logGet(46)) - raft.server.log.segment.cache.num.max = 6 (default)
2024-10-16 23:57:21,797 INFO  server.RaftServerConfigKeys (ConfUtils.java:logGet(46)) - raft.server.log.segment.cache.size.max = 200MB (=209715200) (default)
2024-10-16 23:57:21,797 INFO  server.RaftServerConfigKeys (ConfUtils.java:logGet(46)) - raft.server.log.appender.buffer.byte-limit = 4MB (=4194304) (default)
2024-10-16 23:57:21,798 INFO  util.AwaitToRun (AwaitToRun.java:start(81)) - Thread[s8@group-27FC73985AF3-cacheEviction-AwaitToRun,5,main] started
2024-10-16 23:57:21,798 INFO  segmented.SegmentedRaftLogWorker (SegmentedRaftLogWorker.java:<init>(188)) - new s8@group-27FC73985AF3-SegmentedRaftLogWorker for RaftStorageImpl:Storage Directory /home/runner/work/ratis/ratis/ratis-examples/target/test/data/6cc99a4c/MiniRaftClusterWithNettyeee6e424/s8/5c432a1a-7289-497f-8f3c-27fc73985af3
2024-10-16 23:57:21,798 INFO  server.RaftServerConfigKeys (ConfUtils.java:logGet(46)) - raft.server.log.queue.byte-limit = 64MB (=67108864) (default)
2024-10-16 23:57:21,798 INFO  server.RaftServerConfigKeys (ConfUtils.java:logGet(46)) - raft.server.log.queue.element-limit = 4096 (default)
2024-10-16 23:57:21,798 INFO  server.RaftServerConfigKeys (ConfUtils.java:logGet(46)) - raft.server.log.segment.size.max = 32MB (=33554432) (default)
2024-10-16 23:57:21,798 INFO  server.RaftServerConfigKeys (ConfUtils.java:logGet(46)) - raft.server.log.preallocated.size = 4MB (=4194304) (default)
2024-10-16 23:57:21,798 INFO  server.RaftServerConfigKeys (ConfUtils.java:logGet(46)) - raft.server.log.force.sync.num = 128 (default)
2024-10-16 23:57:21,798 INFO  server.RaftServerConfigKeys (ConfUtils.java:logGet(46)) - raft.server.log.statemachine.data.sync = true (default)
2024-10-16 23:57:21,798 INFO  server.RaftServerConfigKeys (ConfUtils.java:logGet(46)) - raft.server.log.statemachine.data.sync.timeout = 10s (default)
2024-10-16 23:57:21,798 INFO  server.RaftServerConfigKeys (ConfUtils.java:logGet(46)) - raft.server.log.statemachine.data.sync.timeout.retry = -1 (default)
2024-10-16 23:57:21,798 INFO  server.RaftServerConfigKeys (ConfUtils.java:logGet(46)) - raft.server.log.write.buffer.size = 8MB (=8388608) (default)
2024-10-16 23:57:21,800 INFO  server.RaftServerConfigKeys (ConfUtils.java:logGet(46)) - raft.server.log.appender.buffer.byte-limit = 4MB (=4194304) (default)
2024-10-16 23:57:21,800 INFO  server.RaftServerConfigKeys (ConfUtils.java:logGet(46)) - raft.server.log.unsafe-flush.enabled = false (default)
2024-10-16 23:57:21,800 INFO  server.RaftServerConfigKeys (ConfUtils.java:logGet(46)) - raft.server.log.async-flush.enabled = false (default)
2024-10-16 23:57:21,800 INFO  server.RaftServerConfigKeys (ConfUtils.java:logGet(46)) - raft.server.log.statemachine.data.caching.enabled = false (default)
2024-10-16 23:57:21,800 INFO  segmented.SegmentedRaftLogWorker (SegmentedRaftLogWorker.java:lambda$new$0(139)) - s8@group-27FC73985AF3-SegmentedRaftLogWorker: flushIndex: setUnconditionally 0 -> -1
2024-10-16 23:57:21,800 INFO  segmented.SegmentedRaftLogWorker (SegmentedRaftLogWorker.java:lambda$new$0(139)) - s8@group-27FC73985AF3-SegmentedRaftLogWorker: safeCacheEvictIndex: setUnconditionally 0 -> -1
2024-10-16 23:57:21,800 INFO  server.RaftServer$Division (RaftServerImpl.java:start(393)) - s8@group-27FC73985AF3: start as a follower, conf=conf: {index: -1, cur=peers:[s7|0.0.0.0:15022, s8|0.0.0.0:15023, s9|0.0.0.0:15024]|listeners:[], old=null}
2024-10-16 23:57:21,800 INFO  server.RaftServer$Division (RaftServerImpl.java:setRole(380)) - s8@group-27FC73985AF3: changes role from      null to FOLLOWER at term 0 for startAsFollower
2024-10-16 23:57:21,801 INFO  impl.RoleInfo (RoleInfo.java:updateAndGet(148)) - s8: start s8@group-27FC73985AF3-FollowerState
2024-10-16 23:57:21,801 INFO  server.RaftServerConfigKeys (ConfUtils.java:logFallback(53)) - raft.server.rpc.first-election.timeout.min = 300ms (fallback to raft.server.rpc.timeout.min)
2024-10-16 23:57:21,801 INFO  server.RaftServerConfigKeys (ConfUtils.java:logFallback(53)) - raft.server.rpc.first-election.timeout.max = 600ms (fallback to raft.server.rpc.timeout.max)
2024-10-16 23:57:21,801 INFO  util.JmxRegister (JmxRegister.java:tryRegister(44)) - Successfully registered JMX Bean with object name Ratis:service=RaftServer,group=group-27FC73985AF3,id=s8
2024-10-16 23:57:21,801 INFO  util.JmxRegister (JmxRegister.java:register(58)) - register mxBean class org.apache.ratis.server.impl.RaftServerJmxAdapter as Ratis:service=RaftServer,group=group-27FC73985AF3,id=s8
2024-10-16 23:57:21,801 INFO  server.RaftServerConfigKeys (ConfUtils.java:logGet(46)) - raft.server.snapshot.trigger-when-stop.enabled = true (default)
2024-10-16 23:57:21,801 INFO  server.RaftServerConfigKeys (ConfUtils.java:logGet(46)) - raft.server.snapshot.trigger-when-remove.enabled = true (default)
2024-10-16 23:57:21,801 INFO  server.RaftServerConfigKeys (ConfUtils.java:logGet(46)) - raft.server.snapshot.auto.trigger.enabled = false (default)
2024-10-16 23:57:21,801 INFO  server.RaftServerConfigKeys (ConfUtils.java:logGet(46)) - raft.server.snapshot.retention.file.num = -1 (default)
2024-10-16 23:57:21,801 INFO  server.RaftServerConfigKeys (ConfUtils.java:logGet(46)) - raft.server.log.purge.upto.snapshot.index = false (default)
2024-10-16 23:57:21,805 INFO  server.RaftServer$Division (RaftServerImpl.java:start(407)) - s8@group-27FC73985AF3: Successfully started.
2024-10-16 23:57:21,813 INFO  netty.NettyUtils (NettyUtils.java:newEventLoopGroup(74)) - Create EpollEventLoopGroup for client-3B2F06FCE992; Thread size is 0.
2024-10-16 23:57:21,814 INFO  logging.LoggingHandler (AbstractInternalLogger.java:log(148)) - [id: 0xbbacb419, L:/0.0.0.0:15024] READ: [id: 0x78c2d715, L:/127.0.0.1:15024 - R:/127.0.0.1:35924]
2024-10-16 23:57:21,815 INFO  logging.LoggingHandler (AbstractInternalLogger.java:log(148)) - [id: 0xbbacb419, L:/0.0.0.0:15024] READ COMPLETE
2024-10-16 23:57:21,816 INFO  server.RaftServer$Division (RaftServerImpl.java:<init>(257)) - s9: new RaftServerImpl for group-27FC73985AF3:[s7|0.0.0.0:15022, s8|0.0.0.0:15023, s9|0.0.0.0:15024] with ArithmeticStateMachine:uninitialized
2024-10-16 23:57:21,816 INFO  server.RaftServerConfigKeys (ConfUtils.java:logGet(46)) - raft.server.rpc.timeout.min = 300ms (custom)
2024-10-16 23:57:21,816 INFO  server.RaftServerConfigKeys (ConfUtils.java:logGet(46)) - raft.server.rpc.timeout.max = 600ms (custom)
2024-10-16 23:57:21,817 INFO  server.RaftServerConfigKeys (ConfUtils.java:logGet(46)) - raft.server.rpc.sleep.time = 25ms (default)
2024-10-16 23:57:21,817 INFO  server.RaftServerConfigKeys (ConfUtils.java:logGet(46)) - raft.server.rpc.slowness.timeout = 60s (default)
2024-10-16 23:57:21,817 INFO  server.RaftServerConfigKeys (ConfUtils.java:logGet(46)) - raft.server.leaderelection.leader.step-down.wait-time = 10s (default)
2024-10-16 23:57:21,817 INFO  server.RaftServerConfigKeys (ConfUtils.java:logGet(46)) - raft.server.leaderelection.member.majority-add = false (default)
2024-10-16 23:57:21,817 INFO  server.RaftServerConfigKeys (ConfUtils.java:logGet(46)) - raft.server.sleep.deviation.threshold = 300ms (default)
2024-10-16 23:57:21,817 INFO  server.RaftServer$Division (ServerState.java:<init>(114)) - s9@group-27FC73985AF3: ConfigurationManager, init=conf: {index: -1, cur=peers:[s7|0.0.0.0:15022, s8|0.0.0.0:15023, s9|0.0.0.0:15024]|listeners:[], old=null}, confs=<EMPTY_MAP>
2024-10-16 23:57:21,817 INFO  server.RaftServerConfigKeys (ConfUtils.java:logGet(46)) - raft.server.notification.no-leader.timeout = 60s (default)
2024-10-16 23:57:21,817 INFO  server.RaftServerConfigKeys (ConfUtils.java:logGet(46)) - raft.server.read.timeout = 10s (default)
2024-10-16 23:57:21,817 INFO  server.RaftServerConfigKeys (ConfUtils.java:logGet(46)) - raft.server.retrycache.expirytime = 60s (default)
2024-10-16 23:57:21,817 INFO  server.RaftServerConfigKeys (ConfUtils.java:logGet(46)) - raft.server.retrycache.statistics.expirytime = 100ms (default)
2024-10-16 23:57:21,817 INFO  server.RaftServerConfigKeys (ConfUtils.java:logGet(46)) - raft.server.read.option = DEFAULT (default)
2024-10-16 23:57:21,817 INFO  server.RaftServerConfigKeys (ConfUtils.java:logGet(46)) - raft.server.read.read-after-write-consistent.write-index-cache.expiry-time = 60s (default)
2024-10-16 23:57:21,818 INFO  server.RaftServerConfigKeys (ConfUtils.java:logGet(46)) - raft.server.rpc.request.timeout = 3000ms (default)
2024-10-16 23:57:21,818 INFO  server.RaftServerConfigKeys (ConfUtils.java:logGet(46)) - raft.server.log.appender.install.snapshot.enabled = true (default)
2024-10-16 23:57:21,818 INFO  server.RaftServerConfigKeys (ConfUtils.java:logGet(46)) - raft.server.threadpool.server.cached = true (default)
2024-10-16 23:57:21,818 INFO  server.RaftServerConfigKeys (ConfUtils.java:logGet(46)) - raft.server.threadpool.server.size = 0 (default)
2024-10-16 23:57:21,818 INFO  server.RaftServerConfigKeys (ConfUtils.java:logGet(46)) - raft.server.threadpool.client.cached = true (default)
2024-10-16 23:57:21,818 INFO  server.RaftServerConfigKeys (ConfUtils.java:logGet(46)) - raft.server.threadpool.client.size = 0 (default)
2024-10-16 23:57:21,818 INFO  server.RaftServer (RaftServerProxy.java:addNew(101)) - s9: addNew group-27FC73985AF3:[s7|0.0.0.0:15022, s8|0.0.0.0:15023, s9|0.0.0.0:15024] returns      null s9@group-27FC73985AF3:t0, leader=null, voted=null, raftlog=UNINITIALIZED, conf=conf: {index: -1, cur=peers:[s7|0.0.0.0:15022, s8|0.0.0.0:15023, s9|0.0.0.0:15024]|listeners:[], old=null} NEW
2024-10-16 23:57:21,818 INFO  server.RaftServerConfigKeys (ConfUtils.java:logGet(46)) - raft.server.storage.free-space.min = 0MB (=0) (default)
2024-10-16 23:57:21,818 INFO  server.RaftServerConfigKeys (ConfUtils.java:logGet(46)) - raft.server.log.corruption.policy = EXCEPTION (default)
2024-10-16 23:57:21,818 INFO  server.RaftServerConfigKeys (ConfUtils.java:logGet(46)) - raft.server.storage.dir = [/home/runner/work/ratis/ratis/ratis-examples/target/test/data/6cc99a4c/MiniRaftClusterWithNettyeee6e424/s9] (custom)
2024-10-16 23:57:21,819 INFO  storage.RaftStorageDirectory (RaftStorageDirectoryImpl.java:analyzeStorage(138)) - The storage directory /home/runner/work/ratis/ratis/ratis-examples/target/test/data/6cc99a4c/MiniRaftClusterWithNettyeee6e424/s9/5c432a1a-7289-497f-8f3c-27fc73985af3 does not exist. Creating ...
2024-10-16 23:57:21,819 TRACE util.FileUtils (LogUtils.java:runAndLog(49)) - Successfully ran Files.createDirectories /home/runner/work/ratis/ratis/ratis-examples/target/test/data/6cc99a4c/MiniRaftClusterWithNettyeee6e424/s9/5c432a1a-7289-497f-8f3c-27fc73985af3
2024-10-16 23:57:21,820 INFO  storage.RaftStorageDirectory (RaftStorageDirectoryImpl.java:tryLock(229)) - Lock on /home/runner/work/ratis/ratis/ratis-examples/target/test/data/6cc99a4c/MiniRaftClusterWithNettyeee6e424/s9/5c432a1a-7289-497f-8f3c-27fc73985af3/in_use.lock acquired by nodename 14984@fv-az1433-785
2024-10-16 23:57:21,820 TRACE util.FileUtils (LogUtils.java:runAndLog(49)) - Successfully ran Files.createDirectories /home/runner/work/ratis/ratis/ratis-examples/target/test/data/6cc99a4c/MiniRaftClusterWithNettyeee6e424/s9/5c432a1a-7289-497f-8f3c-27fc73985af3/current
2024-10-16 23:57:21,820 TRACE util.FileUtils (LogUtils.java:runAndLog(49)) - Successfully ran Files.createDirectories /home/runner/work/ratis/ratis/ratis-examples/target/test/data/6cc99a4c/MiniRaftClusterWithNettyeee6e424/s9/5c432a1a-7289-497f-8f3c-27fc73985af3/sm
2024-10-16 23:57:21,820 TRACE util.FileUtils (LogUtils.java:supplyAndLog(69)) - Successfully supplied FileChannel.open /home/runner/work/ratis/ratis/ratis-examples/target/test/data/6cc99a4c/MiniRaftClusterWithNettyeee6e424/s9/5c432a1a-7289-497f-8f3c-27fc73985af3/current/raft-meta.tmp with options [CREATE, WRITE]: sun.nio.ch.FileChannelImpl@7fc097cd
2024-10-16 23:57:21,821 TRACE util.FileUtils (LogUtils.java:runAndLog(49)) - Successfully ran Atomic Files.move /home/runner/work/ratis/ratis/ratis-examples/target/test/data/6cc99a4c/MiniRaftClusterWithNettyeee6e424/s9/5c432a1a-7289-497f-8f3c-27fc73985af3/current/raft-meta.tmp to /home/runner/work/ratis/ratis/ratis-examples/target/test/data/6cc99a4c/MiniRaftClusterWithNettyeee6e424/s9/5c432a1a-7289-497f-8f3c-27fc73985af3/current/raft-meta with options [REPLACE_EXISTING]
2024-10-16 23:57:21,821 INFO  storage.RaftStorage (RaftStorageImpl.java:format(98)) - Storage directory /home/runner/work/ratis/ratis/ratis-examples/target/test/data/6cc99a4c/MiniRaftClusterWithNettyeee6e424/s9/5c432a1a-7289-497f-8f3c-27fc73985af3 has been successfully formatted.
2024-10-16 23:57:21,821 WARN  statemachine.StateMachine (ArithmeticStateMachine.java:loadSnapshot(115)) - The snapshot info is null.
2024-10-16 23:57:21,822 INFO  server.RaftServerConfigKeys (ConfUtils.java:logGet(46)) - raft.server.log.use.memory = false (default)
2024-10-16 23:57:21,822 INFO  server.RaftServerConfigKeys (ConfUtils.java:logGet(46)) - raft.server.log.purge.gap = 1024 (default)
2024-10-16 23:57:21,822 INFO  server.RaftServerConfigKeys (ConfUtils.java:logGet(46)) - raft.server.log.appender.buffer.byte-limit = 4MB (=4194304) (default)
2024-10-16 23:57:21,822 INFO  server.RaftServerConfigKeys (ConfUtils.java:logGet(46)) - raft.server.log.statemachine.data.read.timeout = 1000ms (default)
2024-10-16 23:57:21,822 INFO  server.RaftServerConfigKeys (ConfUtils.java:logGet(46)) - raft.server.log.purge.preservation.log.num = 0 (default)
2024-10-16 23:57:21,822 INFO  server.RaftServerConfigKeys (ConfUtils.java:logGet(46)) - raft.server.log.segment.size.max = 32MB (=33554432) (default)
2024-10-16 23:57:21,822 INFO  server.RaftServerConfigKeys (ConfUtils.java:logGet(46)) - raft.server.log.segment.cache.num.max = 6 (default)
2024-10-16 23:57:21,822 INFO  server.RaftServerConfigKeys (ConfUtils.java:logGet(46)) - raft.server.log.segment.cache.size.max = 200MB (=209715200) (default)
2024-10-16 23:57:21,822 INFO  server.RaftServerConfigKeys (ConfUtils.java:logGet(46)) - raft.server.log.appender.buffer.byte-limit = 4MB (=4194304) (default)
2024-10-16 23:57:21,822 INFO  util.AwaitToRun (AwaitToRun.java:start(81)) - Thread[s9@group-27FC73985AF3-cacheEviction-AwaitToRun,5,main] started
2024-10-16 23:57:21,823 INFO  segmented.SegmentedRaftLogWorker (SegmentedRaftLogWorker.java:<init>(188)) - new s9@group-27FC73985AF3-SegmentedRaftLogWorker for RaftStorageImpl:Storage Directory /home/runner/work/ratis/ratis/ratis-examples/target/test/data/6cc99a4c/MiniRaftClusterWithNettyeee6e424/s9/5c432a1a-7289-497f-8f3c-27fc73985af3
2024-10-16 23:57:21,823 INFO  server.RaftServerConfigKeys (ConfUtils.java:logGet(46)) - raft.server.log.queue.byte-limit = 64MB (=67108864) (default)
2024-10-16 23:57:21,823 INFO  server.RaftServerConfigKeys (ConfUtils.java:logGet(46)) - raft.server.log.queue.element-limit = 4096 (default)
2024-10-16 23:57:21,823 INFO  server.RaftServerConfigKeys (ConfUtils.java:logGet(46)) - raft.server.log.segment.size.max = 32MB (=33554432) (default)
2024-10-16 23:57:21,823 INFO  server.RaftServerConfigKeys (ConfUtils.java:logGet(46)) - raft.server.log.preallocated.size = 4MB (=4194304) (default)
2024-10-16 23:57:21,823 INFO  server.RaftServerConfigKeys (ConfUtils.java:logGet(46)) - raft.server.log.force.sync.num = 128 (default)
2024-10-16 23:57:21,823 INFO  server.RaftServerConfigKeys (ConfUtils.java:logGet(46)) - raft.server.log.statemachine.data.sync = true (default)
2024-10-16 23:57:21,823 INFO  server.RaftServerConfigKeys (ConfUtils.java:logGet(46)) - raft.server.log.statemachine.data.sync.timeout = 10s (default)
2024-10-16 23:57:21,823 INFO  server.RaftServerConfigKeys (ConfUtils.java:logGet(46)) - raft.server.log.statemachine.data.sync.timeout.retry = -1 (default)
2024-10-16 23:57:21,823 INFO  server.RaftServerConfigKeys (ConfUtils.java:logGet(46)) - raft.server.log.write.buffer.size = 8MB (=8388608) (default)
2024-10-16 23:57:21,825 INFO  server.RaftServerConfigKeys (ConfUtils.java:logGet(46)) - raft.server.log.appender.buffer.byte-limit = 4MB (=4194304) (default)
2024-10-16 23:57:21,825 INFO  server.RaftServerConfigKeys (ConfUtils.java:logGet(46)) - raft.server.log.unsafe-flush.enabled = false (default)
2024-10-16 23:57:21,825 INFO  server.RaftServerConfigKeys (ConfUtils.java:logGet(46)) - raft.server.log.async-flush.enabled = false (default)
2024-10-16 23:57:21,825 INFO  server.RaftServerConfigKeys (ConfUtils.java:logGet(46)) - raft.server.log.statemachine.data.caching.enabled = false (default)
2024-10-16 23:57:21,826 INFO  segmented.SegmentedRaftLogWorker (SegmentedRaftLogWorker.java:lambda$new$0(139)) - s9@group-27FC73985AF3-SegmentedRaftLogWorker: flushIndex: setUnconditionally 0 -> -1
2024-10-16 23:57:21,826 INFO  segmented.SegmentedRaftLogWorker (SegmentedRaftLogWorker.java:lambda$new$0(139)) - s9@group-27FC73985AF3-SegmentedRaftLogWorker: safeCacheEvictIndex: setUnconditionally 0 -> -1
2024-10-16 23:57:21,826 INFO  server.RaftServer$Division (RaftServerImpl.java:start(393)) - s9@group-27FC73985AF3: start as a follower, conf=conf: {index: -1, cur=peers:[s7|0.0.0.0:15022, s8|0.0.0.0:15023, s9|0.0.0.0:15024]|listeners:[], old=null}
2024-10-16 23:57:21,826 INFO  server.RaftServer$Division (RaftServerImpl.java:setRole(380)) - s9@group-27FC73985AF3: changes role from      null to FOLLOWER at term 0 for startAsFollower
2024-10-16 23:57:21,826 INFO  impl.RoleInfo (RoleInfo.java:updateAndGet(148)) - s9: start s9@group-27FC73985AF3-FollowerState
2024-10-16 23:57:21,826 INFO  util.JmxRegister (JmxRegister.java:tryRegister(44)) - Successfully registered JMX Bean with object name Ratis:service=RaftServer,group=group-27FC73985AF3,id=s9
2024-10-16 23:57:21,826 INFO  util.JmxRegister (JmxRegister.java:register(58)) - register mxBean class org.apache.ratis.server.impl.RaftServerJmxAdapter as Ratis:service=RaftServer,group=group-27FC73985AF3,id=s9
2024-10-16 23:57:21,826 INFO  server.RaftServerConfigKeys (ConfUtils.java:logFallback(53)) - raft.server.rpc.first-election.timeout.min = 300ms (fallback to raft.server.rpc.timeout.min)
2024-10-16 23:57:21,827 INFO  server.RaftServerConfigKeys (ConfUtils.java:logFallback(53)) - raft.server.rpc.first-election.timeout.max = 600ms (fallback to raft.server.rpc.timeout.max)
2024-10-16 23:57:21,827 INFO  server.RaftServerConfigKeys (ConfUtils.java:logGet(46)) - raft.server.snapshot.trigger-when-stop.enabled = true (default)
2024-10-16 23:57:21,827 INFO  server.RaftServerConfigKeys (ConfUtils.java:logGet(46)) - raft.server.snapshot.trigger-when-remove.enabled = true (default)
2024-10-16 23:57:21,827 INFO  server.RaftServerConfigKeys (ConfUtils.java:logGet(46)) - raft.server.snapshot.auto.trigger.enabled = false (default)
2024-10-16 23:57:21,827 INFO  server.RaftServerConfigKeys (ConfUtils.java:logGet(46)) - raft.server.snapshot.retention.file.num = -1 (default)
2024-10-16 23:57:21,827 INFO  server.RaftServerConfigKeys (ConfUtils.java:logGet(46)) - raft.server.log.purge.upto.snapshot.index = false (default)
2024-10-16 23:57:21,827 INFO  server.RaftServer$Division (RaftServerImpl.java:start(407)) - s9@group-27FC73985AF3: Successfully started.
2024-10-16 23:57:21,842 INFO  server.RaftServerConfigKeys (ConfUtils.java:logGet(46)) - raft.server.rpc.timeout.max = 600ms (custom)
2024-10-16 23:57:21,842 INFO  ratis.RaftTestUtil (RaftTestUtil.java:waitForLeader(107)) - printing group-27FC73985AF3
  s7:  RUNNING [
   FOLLOWER s7@group-9EBC86A0B11D:t0, leader=null, voted=, raftlog=Memoized:s7@group-9EBC86A0B11D-SegmentedRaftLog:OPENED:c-1:lastnull, conf=conf: {index: -1, cur=peers:[]|listeners:[], old=null} STARTING
   FOLLOWER s7@group-27FC73985AF3:t0, leader=null, voted=, raftlog=Memoized:s7@group-27FC73985AF3-SegmentedRaftLog:OPENED:c-1:lastnull, conf=conf: {index: -1, cur=peers:[s7|0.0.0.0:15022, s8|0.0.0.0:15023, s9|0.0.0.0:15024]|listeners:[], old=null} RUNNING] size=2
  s8:  RUNNING [
   FOLLOWER s8@group-9EBC86A0B11D:t0, leader=null, voted=, raftlog=Memoized:s8@group-9EBC86A0B11D-SegmentedRaftLog:OPENED:c-1:lastnull, conf=conf: {index: -1, cur=peers:[]|listeners:[], old=null} STARTING
   FOLLOWER s8@group-27FC73985AF3:t0, leader=null, voted=, raftlog=Memoized:s8@group-27FC73985AF3-SegmentedRaftLog:OPENED:c-1:lastnull, conf=conf: {index: -1, cur=peers:[s7|0.0.0.0:15022, s8|0.0.0.0:15023, s9|0.0.0.0:15024]|listeners:[], old=null} RUNNING] size=2
  s9:  RUNNING [
   FOLLOWER s9@group-9EBC86A0B11D:t0, leader=null, voted=, raftlog=Memoized:s9@group-9EBC86A0B11D-SegmentedRaftLog:OPENED:c-1:lastnull, conf=conf: {index: -1, cur=peers:[]|listeners:[], old=null} STARTING
   FOLLOWER s9@group-27FC73985AF3:t0, leader=null, voted=, raftlog=Memoized:s9@group-27FC73985AF3-SegmentedRaftLog:OPENED:c-1:lastnull, conf=conf: {index: -1, cur=peers:[s7|0.0.0.0:15022, s8|0.0.0.0:15023, s9|0.0.0.0:15024]|listeners:[], old=null} RUNNING] size=2
2024-10-16 23:57:21,843 WARN  ratis.RaftTestUtil (RaftTestUtil.java:lambda$waitForLeader$3(126)) - Attempt #1 failed: java.lang.IllegalStateException: No leader yet  for group-27FC73985AF3: printing group-27FC73985AF3
  s7:  RUNNING [
   FOLLOWER s7@group-9EBC86A0B11D:t0, leader=null, voted=, raftlog=Memoized:s7@group-9EBC86A0B11D-SegmentedRaftLog:OPENED:c-1:lastnull, conf=conf: {index: -1, cur=peers:[]|listeners:[], old=null} STARTING
   FOLLOWER s7@group-27FC73985AF3:t0, leader=null, voted=, raftlog=Memoized:s7@group-27FC73985AF3-SegmentedRaftLog:OPENED:c-1:lastnull, conf=conf: {index: -1, cur=peers:[s7|0.0.0.0:15022, s8|0.0.0.0:15023, s9|0.0.0.0:15024]|listeners:[], old=null} RUNNING] size=2
  s8:  RUNNING [
   FOLLOWER s8@group-9EBC86A0B11D:t0, leader=null, voted=, raftlog=Memoized:s8@group-9EBC86A0B11D-SegmentedRaftLog:OPENED:c-1:lastnull, conf=conf: {index: -1, cur=peers:[]|listeners:[], old=null} STARTING
   FOLLOWER s8@group-27FC73985AF3:t0, leader=null, voted=, raftlog=Memoized:s8@group-27FC73985AF3-SegmentedRaftLog:OPENED:c-1:lastnull, conf=conf: {index: -1, cur=peers:[s7|0.0.0.0:15022, s8|0.0.0.0:15023, s9|0.0.0.0:15024]|listeners:[], old=null} RUNNING] size=2
  s9:  RUNNING [
   FOLLOWER s9@group-9EBC86A0B11D:t0, leader=null, voted=, raftlog=Memoized:s9@group-9EBC86A0B11D-SegmentedRaftLog:OPENED:c-1:lastnull, conf=conf: {index: -1, cur=peers:[]|listeners:[], old=null} STARTING
   FOLLOWER s9@group-27FC73985AF3:t0, leader=null, voted=, raftlog=Memoized:s9@group-27FC73985AF3-SegmentedRaftLog:OPENED:c-1:lastnull, conf=conf: {index: -1, cur=peers:[s7|0.0.0.0:15022, s8|0.0.0.0:15023, s9|0.0.0.0:15024]|listeners:[], old=null} RUNNING] size=2
2024-10-16 23:57:22,248 INFO  impl.FollowerState (FollowerState.java:runImpl(161)) - s7@group-27FC73985AF3-FollowerState: change to CANDIDATE, lastRpcElapsedTime:471247798ns, electionTimeout:470ms
2024-10-16 23:57:22,248 INFO  impl.RoleInfo (RoleInfo.java:shutdownFollowerState(121)) - s7: shutdown s7@group-27FC73985AF3-FollowerState
2024-10-16 23:57:22,248 INFO  server.RaftServer$Division (RaftServerImpl.java:setRole(380)) - s7@group-27FC73985AF3: changes role from  FOLLOWER to CANDIDATE at term 0 for changeToCandidate
2024-10-16 23:57:22,248 INFO  server.RaftServerConfigKeys (ConfUtils.java:logGet(46)) - raft.server.leaderelection.pre-vote = true (default)
2024-10-16 23:57:22,248 INFO  impl.RoleInfo (RoleInfo.java:updateAndGet(148)) - s7: start s7@group-27FC73985AF3-LeaderElection22
2024-10-16 23:57:22,248 INFO  impl.LeaderElection (LeaderElection.java:askForVotes(333)) - s7@group-27FC73985AF3-LeaderElection22 PRE_VOTE round 0: submit vote requests at term 0 for conf: {index: -1, cur=peers:[s7|0.0.0.0:15022, s8|0.0.0.0:15023, s9|0.0.0.0:15024]|listeners:[], old=null}
2024-10-16 23:57:22,249 INFO  server.RaftServerConfigKeys (ConfUtils.java:logFallback(53)) - raft.server.rpc.first-election.timeout.min = 300ms (fallback to raft.server.rpc.timeout.min)
2024-10-16 23:57:22,249 INFO  server.RaftServerConfigKeys (ConfUtils.java:logFallback(53)) - raft.server.rpc.first-election.timeout.max = 600ms (fallback to raft.server.rpc.timeout.max)
2024-10-16 23:57:22,250 INFO  logging.LoggingHandler (AbstractInternalLogger.java:log(148)) - [id: 0xbbacb419, L:/0.0.0.0:15024] READ: [id: 0x6b6c1dfd, L:/127.0.0.1:15024 - R:/127.0.0.1:35936]
2024-10-16 23:57:22,250 INFO  logging.LoggingHandler (AbstractInternalLogger.java:log(148)) - [id: 0x200c6c5b, L:/0.0.0.0:15023] READ: [id: 0x465690ea, L:/127.0.0.1:15023 - R:/127.0.0.1:46776]
2024-10-16 23:57:22,250 INFO  logging.LoggingHandler (AbstractInternalLogger.java:log(148)) - [id: 0xbbacb419, L:/0.0.0.0:15024] READ COMPLETE
2024-10-16 23:57:22,250 INFO  logging.LoggingHandler (AbstractInternalLogger.java:log(148)) - [id: 0x200c6c5b, L:/0.0.0.0:15023] READ COMPLETE
2024-10-16 23:57:22,251 INFO  server.RaftServer$Division (RaftServerImpl.java:requestVote(1447)) - s9@group-27FC73985AF3: receive requestVote(PRE_VOTE, s7, group-27FC73985AF3, 0, (t:0, i:0))
2024-10-16 23:57:22,251 INFO  server.RaftServer$Division (RaftServerImpl.java:requestVote(1447)) - s8@group-27FC73985AF3: receive requestVote(PRE_VOTE, s7, group-27FC73985AF3, 0, (t:0, i:0))
2024-10-16 23:57:22,251 INFO  impl.VoteContext (VoteContext.java:log(49)) - s8@group-27FC73985AF3-FOLLOWER: accept PRE_VOTE from s7: our priority 0 <= candidate's priority 0
2024-10-16 23:57:22,251 INFO  impl.VoteContext (VoteContext.java:log(49)) - s9@group-27FC73985AF3-FOLLOWER: accept PRE_VOTE from s7: our priority 0 <= candidate's priority 0
2024-10-16 23:57:22,251 INFO  server.RaftServer$Division (RaftServerImpl.java:requestVote(1480)) - s9@group-27FC73985AF3 replies to PRE_VOTE vote request: s7<-s9#0:OK-t0. Peer's state: s9@group-27FC73985AF3:t0, leader=null, voted=, raftlog=Memoized:s9@group-27FC73985AF3-SegmentedRaftLog:OPENED:c-1:lastnull, conf=conf: {index: -1, cur=peers:[s7|0.0.0.0:15022, s8|0.0.0.0:15023, s9|0.0.0.0:15024]|listeners:[], old=null}
2024-10-16 23:57:22,252 INFO  server.RaftServer$Division (RaftServerImpl.java:requestVote(1480)) - s8@group-27FC73985AF3 replies to PRE_VOTE vote request: s7<-s8#0:OK-t0. Peer's state: s8@group-27FC73985AF3:t0, leader=null, voted=, raftlog=Memoized:s8@group-27FC73985AF3-SegmentedRaftLog:OPENED:c-1:lastnull, conf=conf: {index: -1, cur=peers:[s7|0.0.0.0:15022, s8|0.0.0.0:15023, s9|0.0.0.0:15024]|listeners:[], old=null}
2024-10-16 23:57:22,253 INFO  impl.LeaderElection (LeaderElection.java:logAndReturn(90)) - s7@group-27FC73985AF3-LeaderElection22: PRE_VOTE PASSED received 1 response(s) and 0 exception(s):
2024-10-16 23:57:22,253 INFO  impl.LeaderElection (LeaderElection.java:logAndReturn(94)) -   Response 0: s7<-s8#0:OK-t0
2024-10-16 23:57:22,253 INFO  impl.LeaderElection (LeaderElection.java:askForVotes(335)) - s7@group-27FC73985AF3-LeaderElection22 PRE_VOTE round 0: result PASSED
2024-10-16 23:57:22,253 TRACE util.FileUtils (LogUtils.java:supplyAndLog(69)) - Successfully supplied FileChannel.open /home/runner/work/ratis/ratis/ratis-examples/target/test/data/6cc99a4c/MiniRaftClusterWithNettyeee6e424/s7/5c432a1a-7289-497f-8f3c-27fc73985af3/current/raft-meta.tmp with options [CREATE, WRITE]: sun.nio.ch.FileChannelImpl@2a5a8fe0
2024-10-16 23:57:22,254 TRACE util.FileUtils (LogUtils.java:runAndLog(49)) - Successfully ran Atomic Files.move /home/runner/work/ratis/ratis/ratis-examples/target/test/data/6cc99a4c/MiniRaftClusterWithNettyeee6e424/s7/5c432a1a-7289-497f-8f3c-27fc73985af3/current/raft-meta.tmp to /home/runner/work/ratis/ratis/ratis-examples/target/test/data/6cc99a4c/MiniRaftClusterWithNettyeee6e424/s7/5c432a1a-7289-497f-8f3c-27fc73985af3/current/raft-meta with options [REPLACE_EXISTING]
2024-10-16 23:57:22,254 INFO  impl.LeaderElection (LeaderElection.java:askForVotes(333)) - s7@group-27FC73985AF3-LeaderElection22 ELECTION round 0: submit vote requests at term 1 for conf: {index: -1, cur=peers:[s7|0.0.0.0:15022, s8|0.0.0.0:15023, s9|0.0.0.0:15024]|listeners:[], old=null}
2024-10-16 23:57:22,255 INFO  server.RaftServerConfigKeys (ConfUtils.java:logFallback(53)) - raft.server.rpc.first-election.timeout.min = 300ms (fallback to raft.server.rpc.timeout.min)
2024-10-16 23:57:22,255 INFO  server.RaftServerConfigKeys (ConfUtils.java:logFallback(53)) - raft.server.rpc.first-election.timeout.max = 600ms (fallback to raft.server.rpc.timeout.max)
2024-10-16 23:57:22,257 INFO  server.RaftServer$Division (RaftServerImpl.java:requestVote(1447)) - s8@group-27FC73985AF3: receive requestVote(ELECTION, s7, group-27FC73985AF3, 1, (t:0, i:0))
2024-10-16 23:57:22,257 INFO  impl.VoteContext (VoteContext.java:log(49)) - s8@group-27FC73985AF3-FOLLOWER: accept ELECTION from s7: our priority 0 <= candidate's priority 0
2024-10-16 23:57:22,257 INFO  server.RaftServer$Division (RaftServerImpl.java:setRole(380)) - s8@group-27FC73985AF3: changes role from  FOLLOWER to FOLLOWER at term 0 for candidate:s7
2024-10-16 23:57:22,257 INFO  impl.RoleInfo (RoleInfo.java:shutdownFollowerState(121)) - s8: shutdown s8@group-27FC73985AF3-FollowerState
2024-10-16 23:57:22,257 INFO  impl.RoleInfo (RoleInfo.java:updateAndGet(148)) - s8: start s8@group-27FC73985AF3-FollowerState
2024-10-16 23:57:22,257 INFO  impl.FollowerState (FollowerState.java:runImpl(170)) - s8@group-27FC73985AF3-FollowerState was interrupted
2024-10-16 23:57:22,257 INFO  server.RaftServer$Division (RaftServerImpl.java:setFirstElection(564)) - s8@group-27FC73985AF3: set firstElectionSinceStartup to false for candidate:s7
2024-10-16 23:57:22,257 TRACE util.FileUtils (LogUtils.java:supplyAndLog(69)) - Successfully supplied FileChannel.open /home/runner/work/ratis/ratis/ratis-examples/target/test/data/6cc99a4c/MiniRaftClusterWithNettyeee6e424/s8/5c432a1a-7289-497f-8f3c-27fc73985af3/current/raft-meta.tmp with options [CREATE, WRITE]: sun.nio.ch.FileChannelImpl@2a5e78cb
2024-10-16 23:57:22,259 TRACE util.FileUtils (LogUtils.java:runAndLog(49)) - Successfully ran Atomic Files.move /home/runner/work/ratis/ratis/ratis-examples/target/test/data/6cc99a4c/MiniRaftClusterWithNettyeee6e424/s8/5c432a1a-7289-497f-8f3c-27fc73985af3/current/raft-meta.tmp to /home/runner/work/ratis/ratis/ratis-examples/target/test/data/6cc99a4c/MiniRaftClusterWithNettyeee6e424/s8/5c432a1a-7289-497f-8f3c-27fc73985af3/current/raft-meta with options [REPLACE_EXISTING]
2024-10-16 23:57:22,259 INFO  server.RaftServer$Division (RaftServerImpl.java:requestVote(1480)) - s8@group-27FC73985AF3 replies to ELECTION vote request: s7<-s8#0:OK-t1. Peer's state: s8@group-27FC73985AF3:t1, leader=null, voted=s7, raftlog=Memoized:s8@group-27FC73985AF3-SegmentedRaftLog:OPENED:c-1:lastnull, conf=conf: {index: -1, cur=peers:[s7|0.0.0.0:15022, s8|0.0.0.0:15023, s9|0.0.0.0:15024]|listeners:[], old=null}
2024-10-16 23:57:22,260 INFO  impl.LeaderElection (LeaderElection.java:logAndReturn(90)) - s7@group-27FC73985AF3-LeaderElection22: ELECTION PASSED received 1 response(s) and 0 exception(s):
2024-10-16 23:57:22,260 INFO  impl.LeaderElection (LeaderElection.java:logAndReturn(94)) -   Response 0: s7<-s8#0:OK-t1
2024-10-16 23:57:22,260 INFO  impl.LeaderElection (LeaderElection.java:askForVotes(335)) - s7@group-27FC73985AF3-LeaderElection22 ELECTION round 0: result PASSED
2024-10-16 23:57:22,260 INFO  impl.RoleInfo (RoleInfo.java:shutdownLeaderElection(141)) - s7: shutdown s7@group-27FC73985AF3-LeaderElection22
2024-10-16 23:57:22,260 INFO  server.RaftServer$Division (RaftServerImpl.java:setRole(380)) - s7@group-27FC73985AF3: changes role from CANDIDATE to LEADER at term 1 for changeToLeader
2024-10-16 23:57:22,260 INFO  server.RaftServerConfigKeys (ConfUtils.java:logGet(46)) - raft.server.staging.catchup.gap = 1000 (default)
2024-10-16 23:57:22,260 INFO  server.RaftServerConfigKeys (ConfUtils.java:logGet(46)) - raft.server.write.element-limit = 4096 (default)
2024-10-16 23:57:22,260 INFO  server.RaftServerConfigKeys (ConfUtils.java:logGet(46)) - raft.server.write.byte-limit = 64MB (=67108864) (default)
2024-10-16 23:57:22,260 INFO  server.RaftServerConfigKeys (ConfUtils.java:logGet(46)) - raft.server.watch.timeout = 10s (default)
2024-10-16 23:57:22,260 INFO  server.RaftServerConfigKeys (ConfUtils.java:logGet(46)) - raft.server.watch.timeout.denomination = 1s (default)
2024-10-16 23:57:22,260 INFO  server.RaftServerConfigKeys (ConfUtils.java:logGet(46)) - raft.server.watch.element-limit = 65536 (default)
2024-10-16 23:57:22,260 INFO  server.RaftServerConfigKeys (ConfUtils.java:logGet(46)) - raft.server.read.leader.lease.enabled = false (default)
2024-10-16 23:57:22,260 INFO  server.RaftServerConfigKeys (ConfUtils.java:logGet(46)) - raft.server.read.leader.lease.timeout.ratio = 0.9 (default)
2024-10-16 23:57:22,260 INFO  server.RaftServerConfigKeys (ConfUtils.java:logGet(46)) - raft.server.rpc.timeout.min = 300ms (custom)
2024-10-16 23:57:22,261 INFO  server.RaftServerConfigKeys (ConfUtils.java:logGet(46)) - raft.server.log.log-metadata.enabled = true (default)
2024-10-16 23:57:22,261 INFO  server.RaftServerConfigKeys (ConfUtils.java:logGet(46)) - raft.server.write.element-limit = 4096 (default)
2024-10-16 23:57:22,261 INFO  server.RaftServerConfigKeys (ConfUtils.java:logGet(46)) - raft.server.write.follower.gap.ratio.max = -1.0 (default)
2024-10-16 23:57:22,261 INFO  server.RaftServerConfigKeys (ConfUtils.java:logGet(46)) - raft.server.log.appender.snapshot.chunk.size.max = 16MB (=16777216) (default)
2024-10-16 23:57:22,261 INFO  server.RaftServerConfigKeys (ConfUtils.java:logGet(46)) - raft.server.log.appender.buffer.byte-limit = 4MB (=4194304) (default)
2024-10-16 23:57:22,261 INFO  server.RaftServerConfigKeys (ConfUtils.java:logGet(46)) - raft.server.log.appender.buffer.element-limit = 0 (default)
2024-10-16 23:57:22,261 INFO  server.RaftServerConfigKeys (ConfUtils.java:logGet(46)) - raft.server.log.appender.wait-time.min = 1ms (default)
2024-10-16 23:57:22,261 INFO  server.RaftServer$Division (RaftServerImpl.java:requestVote(1447)) - s9@group-27FC73985AF3: receive requestVote(ELECTION, s7, group-27FC73985AF3, 1, (t:0, i:0))
2024-10-16 23:57:22,261 INFO  server.RaftServerConfigKeys (ConfUtils.java:logGet(46)) - raft.server.log.appender.snapshot.chunk.size.max = 16MB (=16777216) (default)
2024-10-16 23:57:22,261 INFO  server.RaftServerConfigKeys (ConfUtils.java:logGet(46)) - raft.server.log.appender.buffer.byte-limit = 4MB (=4194304) (default)
2024-10-16 23:57:22,261 INFO  server.RaftServerConfigKeys (ConfUtils.java:logGet(46)) - raft.server.log.appender.buffer.element-limit = 0 (default)
2024-10-16 23:57:22,261 INFO  impl.VoteContext (VoteContext.java:log(49)) - s9@group-27FC73985AF3-FOLLOWER: accept ELECTION from s7: our priority 0 <= candidate's priority 0
2024-10-16 23:57:22,261 INFO  server.RaftServerConfigKeys (ConfUtils.java:logGet(46)) - raft.server.log.appender.wait-time.min = 1ms (default)
2024-10-16 23:57:22,262 INFO  server.RaftServer$Division (RaftServerImpl.java:setRole(380)) - s9@group-27FC73985AF3: changes role from  FOLLOWER to FOLLOWER at term 0 for candidate:s7
2024-10-16 23:57:22,262 INFO  impl.RoleInfo (RoleInfo.java:shutdownFollowerState(121)) - s9: shutdown s9@group-27FC73985AF3-FollowerState
2024-10-16 23:57:22,262 INFO  impl.RoleInfo (RoleInfo.java:updateAndGet(148)) - s9: start s9@group-27FC73985AF3-FollowerState
2024-10-16 23:57:22,262 INFO  impl.RoleInfo (RoleInfo.java:updateAndGet(148)) - s7: start s7@group-27FC73985AF3-LeaderStateImpl
2024-10-16 23:57:22,262 INFO  impl.FollowerState (FollowerState.java:runImpl(170)) - s9@group-27FC73985AF3-FollowerState was interrupted
2024-10-16 23:57:22,262 INFO  server.RaftServer$Division (RaftServerImpl.java:setFirstElection(564)) - s9@group-27FC73985AF3: set firstElectionSinceStartup to false for candidate:s7
2024-10-16 23:57:22,262 INFO  server.RaftServer$Division (RaftServerImpl.java:setFirstElection(564)) - s7@group-27FC73985AF3: set firstElectionSinceStartup to false for becomeLeader
2024-10-16 23:57:22,262 INFO  server.RaftServer$Division (ServerState.java:setLeader(272)) - s7@group-27FC73985AF3: change Leader from null to s7 at term 1 for becomeLeader, leader elected after 498ms
2024-10-16 23:57:22,262 TRACE util.FileUtils (LogUtils.java:supplyAndLog(69)) - Successfully supplied FileChannel.open /home/runner/work/ratis/ratis/ratis-examples/target/test/data/6cc99a4c/MiniRaftClusterWithNettyeee6e424/s9/5c432a1a-7289-497f-8f3c-27fc73985af3/current/raft-meta.tmp with options [CREATE, WRITE]: sun.nio.ch.FileChannelImpl@654c9662
2024-10-16 23:57:22,262 INFO  segmented.SegmentedRaftLogWorker (SegmentedRaftLogWorker.java:startLogSegment(442)) - s7@group-27FC73985AF3-SegmentedRaftLogWorker: Starting segment from index:0
2024-10-16 23:57:22,262 INFO  server.RaftServer$Division (ServerState.java:setRaftConf(386)) - s7@group-27FC73985AF3: set configuration conf: {index: 0, cur=peers:[s7|0.0.0.0:15022, s8|0.0.0.0:15023, s9|0.0.0.0:15024]|listeners:[], old=null}
2024-10-16 23:57:22,263 INFO  segmented.BufferedWriteChannel (BufferedWriteChannel.java:open(61)) - open log_inprogress_0 at position 0
2024-10-16 23:57:22,263 TRACE util.FileUtils (LogUtils.java:runAndLog(49)) - Successfully ran Atomic Files.move /home/runner/work/ratis/ratis/ratis-examples/target/test/data/6cc99a4c/MiniRaftClusterWithNettyeee6e424/s9/5c432a1a-7289-497f-8f3c-27fc73985af3/current/raft-meta.tmp to /home/runner/work/ratis/ratis/ratis-examples/target/test/data/6cc99a4c/MiniRaftClusterWithNettyeee6e424/s9/5c432a1a-7289-497f-8f3c-27fc73985af3/current/raft-meta with options [REPLACE_EXISTING]
2024-10-16 23:57:22,263 INFO  server.RaftServer$Division (RaftServerImpl.java:requestVote(1480)) - s9@group-27FC73985AF3 replies to ELECTION vote request: s7<-s9#0:OK-t1. Peer's state: s9@group-27FC73985AF3:t1, leader=null, voted=s7, raftlog=Memoized:s9@group-27FC73985AF3-SegmentedRaftLog:OPENED:c-1:lastnull, conf=conf: {index: -1, cur=peers:[s7|0.0.0.0:15022, s8|0.0.0.0:15023, s9|0.0.0.0:15024]|listeners:[], old=null}
2024-10-16 23:57:22,268 INFO  server.RaftServer$Division (ServerState.java:setLeader(272)) - s8@group-27FC73985AF3: change Leader from null to s7 at term 1 for appendEntries, leader elected after 475ms
2024-10-16 23:57:22,268 INFO  server.RaftServer$Division (ServerState.java:setLeader(272)) - s9@group-27FC73985AF3: change Leader from null to s7 at term 1 for appendEntries, leader elected after 451ms
2024-10-16 23:57:22,269 DEBUG server.RaftServer$Division (RaftServerImpl.java:logAppendEntries(1549)) - s8@group-27FC73985AF3: appendEntries* s7->s8#5983-t1,previous=(t:0, i:0),leaderCommit=-1,initializing? false,entries: size=1, first=(t:1, i:0), CONFIGURATIONENTRY(current:id:"s7"address:"0.0.0.0:15022"clientAddress:"0.0.0.0:15022"adminAddress:"0.0.0.0:15022"startupRole:FOLLOWER, id:"s8"address:"0.0.0.0:15023"clientAddress:"0.0.0.0:15023"adminAddress:"0.0.0.0:15023"startupRole:FOLLOWER, id:"s9"address:"0.0.0.0:15024"clientAddress:"0.0.0.0:15024"adminAddress:"0.0.0.0:15024"startupRole:FOLLOWER, old:)
2024-10-16 23:57:22,269 INFO  server.RaftServer$Division (ServerState.java:setRaftConf(386)) - s8@group-27FC73985AF3: set configuration conf: {index: 0, cur=peers:[s7|0.0.0.0:15022, s8|0.0.0.0:15023, s9|0.0.0.0:15024]|listeners:[], old=null}
2024-10-16 23:57:22,270 INFO  segmented.SegmentedRaftLogWorker (SegmentedRaftLogWorker.java:startLogSegment(442)) - s8@group-27FC73985AF3-SegmentedRaftLogWorker: Starting segment from index:0
2024-10-16 23:57:22,270 DEBUG server.RaftServer$Division (RaftServerImpl.java:logAppendEntries(1549)) - s9@group-27FC73985AF3: appendEntries* s7->s9#5984-t1,previous=(t:0, i:0),leaderCommit=-1,initializing? false,entries: size=1, first=(t:1, i:0), CONFIGURATIONENTRY(current:id:"s7"address:"0.0.0.0:15022"clientAddress:"0.0.0.0:15022"adminAddress:"0.0.0.0:15022"startupRole:FOLLOWER, id:"s8"address:"0.0.0.0:15023"clientAddress:"0.0.0.0:15023"adminAddress:"0.0.0.0:15023"startupRole:FOLLOWER, id:"s9"address:"0.0.0.0:15024"clientAddress:"0.0.0.0:15024"adminAddress:"0.0.0.0:15024"startupRole:FOLLOWER, old:)
2024-10-16 23:57:22,270 INFO  server.RaftServer$Division (ServerState.java:setRaftConf(386)) - s9@group-27FC73985AF3: set configuration conf: {index: 0, cur=peers:[s7|0.0.0.0:15022, s8|0.0.0.0:15023, s9|0.0.0.0:15024]|listeners:[], old=null}
2024-10-16 23:57:22,270 INFO  segmented.BufferedWriteChannel (BufferedWriteChannel.java:open(61)) - open log_inprogress_0 at position 0
2024-10-16 23:57:22,270 INFO  segmented.SegmentedRaftLogWorker (SegmentedRaftLogWorker.java:startLogSegment(442)) - s9@group-27FC73985AF3-SegmentedRaftLogWorker: Starting segment from index:0
2024-10-16 23:57:22,270 INFO  segmented.BufferedWriteChannel (BufferedWriteChannel.java:open(61)) - open log_inprogress_0 at position 0
2024-10-16 23:57:22,272 INFO  segmented.SegmentedRaftLogWorker (SegmentedRaftLogWorker.java:execute(663)) - s7@group-27FC73985AF3-SegmentedRaftLogWorker: created new log segment /home/runner/work/ratis/ratis/ratis-examples/target/test/data/6cc99a4c/MiniRaftClusterWithNettyeee6e424/s7/5c432a1a-7289-497f-8f3c-27fc73985af3/current/log_inprogress_0
2024-10-16 23:57:22,282 INFO  segmented.SegmentedRaftLogWorker (SegmentedRaftLogWorker.java:execute(663)) - s8@group-27FC73985AF3-SegmentedRaftLogWorker: created new log segment /home/runner/work/ratis/ratis/ratis-examples/target/test/data/6cc99a4c/MiniRaftClusterWithNettyeee6e424/s8/5c432a1a-7289-497f-8f3c-27fc73985af3/current/log_inprogress_0
2024-10-16 23:57:22,282 DEBUG server.RaftServer$Division (RaftServerImpl.java:logAppendEntries(1549)) - s8@group-27FC73985AF3: appendEntries* reply s7<-s8#5983:OK-t1,SUCCESS,nextIndex=1,followerCommit=-1,matchIndex=0
2024-10-16 23:57:22,282 TRACE util.FileUtils (LogUtils.java:supplyAndLog(69)) - Successfully supplied FileChannel.open /home/runner/work/ratis/ratis/ratis-examples/target/test/data/6cc99a4c/MiniRaftClusterWithNettyeee6e424/s7/5c432a1a-7289-497f-8f3c-27fc73985af3/current/raft-meta.conf.tmp with options [CREATE, WRITE]: sun.nio.ch.FileChannelImpl@3d9efa65
2024-10-16 23:57:22,283 INFO  segmented.SegmentedRaftLogWorker (SegmentedRaftLogWorker.java:execute(663)) - s9@group-27FC73985AF3-SegmentedRaftLogWorker: created new log segment /home/runner/work/ratis/ratis/ratis-examples/target/test/data/6cc99a4c/MiniRaftClusterWithNettyeee6e424/s9/5c432a1a-7289-497f-8f3c-27fc73985af3/current/log_inprogress_0
2024-10-16 23:57:22,283 DEBUG server.RaftServer$Division (RaftServerImpl.java:logAppendEntries(1549)) - s9@group-27FC73985AF3: appendEntries* reply s7<-s9#5984:OK-t1,SUCCESS,nextIndex=1,followerCommit=-1,matchIndex=0
2024-10-16 23:57:22,284 TRACE util.FileUtils (LogUtils.java:runAndLog(49)) - Successfully ran Atomic Files.move /home/runner/work/ratis/ratis/ratis-examples/target/test/data/6cc99a4c/MiniRaftClusterWithNettyeee6e424/s7/5c432a1a-7289-497f-8f3c-27fc73985af3/current/raft-meta.conf.tmp to /home/runner/work/ratis/ratis/ratis-examples/target/test/data/6cc99a4c/MiniRaftClusterWithNettyeee6e424/s7/5c432a1a-7289-497f-8f3c-27fc73985af3/current/raft-meta.conf with options [REPLACE_EXISTING]
2024-10-16 23:57:22,284 INFO  server.RaftServer$Division (LeaderStateImpl.java:checkStartIndex(314)) - Leader s7@group-27FC73985AF3-LeaderStateImpl is ready since appliedIndex == startIndex == 0
2024-10-16 23:57:22,433 TRACE util.FileUtils (LogUtils.java:supplyAndLog(69)) - Successfully supplied FileChannel.open /home/runner/work/ratis/ratis/ratis-examples/target/test/data/6cc99a4c/MiniRaftClusterWithNettyeee6e424/s8/5c432a1a-7289-497f-8f3c-27fc73985af3/current/raft-meta.conf.tmp with options [CREATE, WRITE]: sun.nio.ch.FileChannelImpl@2b4b1098
2024-10-16 23:57:22,434 TRACE util.FileUtils (LogUtils.java:runAndLog(49)) - Successfully ran Atomic Files.move /home/runner/work/ratis/ratis/ratis-examples/target/test/data/6cc99a4c/MiniRaftClusterWithNettyeee6e424/s8/5c432a1a-7289-497f-8f3c-27fc73985af3/current/raft-meta.conf.tmp to /home/runner/work/ratis/ratis/ratis-examples/target/test/data/6cc99a4c/MiniRaftClusterWithNettyeee6e424/s8/5c432a1a-7289-497f-8f3c-27fc73985af3/current/raft-meta.conf with options [REPLACE_EXISTING]
2024-10-16 23:57:22,435 TRACE util.FileUtils (LogUtils.java:supplyAndLog(69)) - Successfully supplied FileChannel.open /home/runner/work/ratis/ratis/ratis-examples/target/test/data/6cc99a4c/MiniRaftClusterWithNettyeee6e424/s9/5c432a1a-7289-497f-8f3c-27fc73985af3/current/raft-meta.conf.tmp with options [CREATE, WRITE]: sun.nio.ch.FileChannelImpl@2f520f54
2024-10-16 23:57:22,436 TRACE util.FileUtils (LogUtils.java:runAndLog(49)) - Successfully ran Atomic Files.move /home/runner/work/ratis/ratis/ratis-examples/target/test/data/6cc99a4c/MiniRaftClusterWithNettyeee6e424/s9/5c432a1a-7289-497f-8f3c-27fc73985af3/current/raft-meta.conf.tmp to /home/runner/work/ratis/ratis/ratis-examples/target/test/data/6cc99a4c/MiniRaftClusterWithNettyeee6e424/s9/5c432a1a-7289-497f-8f3c-27fc73985af3/current/raft-meta.conf with options [REPLACE_EXISTING]
2024-10-16 23:57:22,743 INFO  ratis.RaftTestUtil (RaftTestUtil.java:waitForLeader(131)) - printing group-27FC73985AF3
  s7:  RUNNING [
   FOLLOWER s7@group-9EBC86A0B11D:t0, leader=null, voted=, raftlog=Memoized:s7@group-9EBC86A0B11D-SegmentedRaftLog:OPENED:c-1:lastnull, conf=conf: {index: -1, cur=peers:[]|listeners:[], old=null} STARTING
     LEADER s7@group-27FC73985AF3:t1, leader=s7, voted=s7, raftlog=Memoized:s7@group-27FC73985AF3-SegmentedRaftLog:OPENED:c0:last(t:1, i:0), conf=conf: {index: 0, cur=peers:[s7|0.0.0.0:15022, s8|0.0.0.0:15023, s9|0.0.0.0:15024]|listeners:[], old=null} RUNNING] size=2
  s8:  RUNNING [
   FOLLOWER s8@group-9EBC86A0B11D:t0, leader=null, voted=, raftlog=Memoized:s8@group-9EBC86A0B11D-SegmentedRaftLog:OPENED:c-1:lastnull, conf=conf: {index: -1, cur=peers:[]|listeners:[], old=null} STARTING
   FOLLOWER s8@group-27FC73985AF3:t1, leader=s7, voted=s7, raftlog=Memoized:s8@group-27FC73985AF3-SegmentedRaftLog:OPENED:c0:last(t:1, i:0), conf=conf: {index: 0, cur=peers:[s7|0.0.0.0:15022, s8|0.0.0.0:15023, s9|0.0.0.0:15024]|listeners:[], old=null} RUNNING] size=2
  s9:  RUNNING [
   FOLLOWER s9@group-9EBC86A0B11D:t0, leader=null, voted=, raftlog=Memoized:s9@group-9EBC86A0B11D-SegmentedRaftLog:OPENED:c-1:lastnull, conf=conf: {index: -1, cur=peers:[]|listeners:[], old=null} STARTING
   FOLLOWER s9@group-27FC73985AF3:t1, leader=s7, voted=s7, raftlog=Memoized:s9@group-27FC73985AF3-SegmentedRaftLog:OPENED:c0:last(t:1, i:0), conf=conf: {index: 0, cur=peers:[s7|0.0.0.0:15022, s8|0.0.0.0:15023, s9|0.0.0.0:15024]|listeners:[], old=null} RUNNING] size=2
2024-10-16 23:57:22,744 INFO  netty.NettyUtils (NettyUtils.java:newEventLoopGroup(74)) - Create EpollEventLoopGroup for client-5EEBF694C411; Thread size is 0.
2024-10-16 23:57:22,745 INFO  logging.LoggingHandler (AbstractInternalLogger.java:log(148)) - [id: 0xcef48036, L:/0.0.0.0:15022] READ: [id: 0x3d3fc74b, L:/127.0.0.1:15022 - R:/127.0.0.1:56110]
2024-10-16 23:57:22,745 INFO  logging.LoggingHandler (AbstractInternalLogger.java:log(148)) - [id: 0xcef48036, L:/0.0.0.0:15022] READ COMPLETE
2024-10-16 23:57:22,746 DEBUG server.RaftServer$Division (RaftServerImpl.java:submitClientRequestAsync(920)) - s7@group-27FC73985AF3: receive client request(RaftClientRequest:client-5EEBF694C411->s7@group-27FC73985AF3, cid=6049, seq=null, RW, Message:010161024054c0000000...(size=12))
2024-10-16 23:57:22,747 DEBUG server.RaftServer$Division (LeaderStateImpl.java:addPendingRequest(529)) - s7@group-27FC73985AF3-LeaderStateImpl: addPendingRequest at RaftClientRequest:client-5EEBF694C411->s7@group-27FC73985AF3, cid=6049, seq=null, RW, Message:010161024054c0000000...(size=12), entry=(t:1, i:1), STATEMACHINELOGENTRY, WRITE: logData.size=12, stateMachineData.size=0, logEntryProtoSerializedSize=0
2024-10-16 23:57:22,747 DEBUG server.RaftServer$Division (RaftServerImpl.java:logAppendEntries(1549)) - s8@group-27FC73985AF3: appendEntries* s7->s8#6050-t1,previous=(t:1, i:0),leaderCommit=0,initializing? false,entries: size=1, first=(t:1, i:1), STATEMACHINELOGENTRY, StateMachineLogEntryProto:6049@client-5EEBF694C411
2024-10-16 23:57:22,747 DEBUG server.RaftServer$Division (RaftServerImpl.java:logAppendEntries(1549)) - s9@group-27FC73985AF3: appendEntries* s7->s9#6051-t1,previous=(t:1, i:0),leaderCommit=0,initializing? false,entries: size=1, first=(t:1, i:1), STATEMACHINELOGENTRY, StateMachineLogEntryProto:6049@client-5EEBF694C411
2024-10-16 23:57:22,748 DEBUG server.RaftServer$Division (RaftServerImpl.java:logAppendEntries(1549)) - s9@group-27FC73985AF3: appendEntries* reply s7<-s9#6051:OK-t1,SUCCESS,nextIndex=2,followerCommit=0,matchIndex=1
2024-10-16 23:57:22,748 DEBUG server.RaftServer$Division (RaftServerImpl.java:logAppendEntries(1549)) - s8@group-27FC73985AF3: appendEntries* reply s7<-s8#6050:OK-t1,SUCCESS,nextIndex=2,followerCommit=0,matchIndex=1
2024-10-16 23:57:22,748 INFO  statemachine.StateMachine (ArithmeticStateMachine.java:applyTransaction(181)) - LEADER:s7-1: a = 83 = 83
2024-10-16 23:57:22,748 DEBUG server.RaftServer$Division (RaftServerImpl.java:logAppendEntries(1549)) - s8@group-27FC73985AF3: appendEntries* s7->s8#6056-t1,previous=(t:1, i:1),leaderCommit=1,initializing? false,entries: size=1, first=(t:1, i:2), METADATAENTRY(c:1)
2024-10-16 23:57:22,748 DEBUG server.RaftServer$Division (RaftServerImpl.java:logAppendEntries(1549)) - s9@group-27FC73985AF3: appendEntries* s7->s9#6057-t1,previous=(t:1, i:1),leaderCommit=1,initializing? false,entries: size=1, first=(t:1, i:2), METADATAENTRY(c:1)
2024-10-16 23:57:22,749 DEBUG server.RaftServer$Division (RaftServerImpl.java:logAppendEntries(1549)) - s8@group-27FC73985AF3: appendEntries* reply s7<-s8#6056:OK-t1,SUCCESS,nextIndex=3,followerCommit=1,matchIndex=2
2024-10-16 23:57:22,749 DEBUG server.RaftServer$Division (RaftServerImpl.java:logAppendEntries(1549)) - s9@group-27FC73985AF3: appendEntries* reply s7<-s9#6057:OK-t1,SUCCESS,nextIndex=3,followerCommit=1,matchIndex=2
2024-10-16 23:57:22,754 DEBUG server.RaftServer$Division (RaftServerImpl.java:submitClientRequestAsync(920)) - s7@group-27FC73985AF3: receive client request(RaftClientRequest:client-5EEBF694C411->s7@group-27FC73985AF3, cid=6058, seq=null, RW, Message:0101620240aae8000000...(size=12))
2024-10-16 23:57:22,754 DEBUG server.RaftServer$Division (LeaderStateImpl.java:addPendingRequest(529)) - s7@group-27FC73985AF3-LeaderStateImpl: addPendingRequest at RaftClientRequest:client-5EEBF694C411->s7@group-27FC73985AF3, cid=6058, seq=null, RW, Message:0101620240aae8000000...(size=12), entry=(t:1, i:3), STATEMACHINELOGENTRY, WRITE: logData.size=12, stateMachineData.size=0, logEntryProtoSerializedSize=0
2024-10-16 23:57:22,755 DEBUG server.RaftServer$Division (RaftServerImpl.java:logAppendEntries(1549)) - s8@group-27FC73985AF3: appendEntries* s7->s8#6060-t1,previous=(t:1, i:2),leaderCommit=2,initializing? false,entries: size=1, first=(t:1, i:3), STATEMACHINELOGENTRY, StateMachineLogEntryProto:6058@client-5EEBF694C411
2024-10-16 23:57:22,755 DEBUG server.RaftServer$Division (RaftServerImpl.java:logAppendEntries(1549)) - s9@group-27FC73985AF3: appendEntries* s7->s9#6059-t1,previous=(t:1, i:2),leaderCommit=2,initializing? false,entries: size=1, first=(t:1, i:3), STATEMACHINELOGENTRY, StateMachineLogEntryProto:6058@client-5EEBF694C411
2024-10-16 23:57:22,755 DEBUG server.RaftServer$Division (RaftServerImpl.java:logAppendEntries(1549)) - s8@group-27FC73985AF3: appendEntries* reply s7<-s8#6060:OK-t1,SUCCESS,nextIndex=4,followerCommit=2,matchIndex=3
2024-10-16 23:57:22,755 DEBUG server.RaftServer$Division (RaftServerImpl.java:logAppendEntries(1549)) - s9@group-27FC73985AF3: appendEntries* reply s7<-s9#6059:OK-t1,SUCCESS,nextIndex=4,followerCommit=2,matchIndex=3
2024-10-16 23:57:22,755 INFO  statemachine.StateMachine (ArithmeticStateMachine.java:applyTransaction(181)) - LEADER:s7-3: b = 3444 = 3444
2024-10-16 23:57:22,756 DEBUG server.RaftServer$Division (RaftServerImpl.java:logAppendEntries(1549)) - s8@group-27FC73985AF3: appendEntries* s7->s8#6062-t1,previous=(t:1, i:3),leaderCommit=3,initializing? false,entries: size=1, first=(t:1, i:4), METADATAENTRY(c:3)
2024-10-16 23:57:22,756 DEBUG server.RaftServer$Division (RaftServerImpl.java:logAppendEntries(1549)) - s9@group-27FC73985AF3: appendEntries* s7->s9#6061-t1,previous=(t:1, i:3),leaderCommit=3,initializing? false,entries: size=1, first=(t:1, i:4), METADATAENTRY(c:3)
2024-10-16 23:57:22,756 DEBUG server.RaftServer$Division (RaftServerImpl.java:logAppendEntries(1549)) - s8@group-27FC73985AF3: appendEntries* reply s7<-s8#6062:OK-t1,SUCCESS,nextIndex=5,followerCommit=3,matchIndex=4
2024-10-16 23:57:22,757 DEBUG server.RaftServer$Division (RaftServerImpl.java:logAppendEntries(1549)) - s9@group-27FC73985AF3: appendEntries* reply s7<-s9#6061:OK-t1,SUCCESS,nextIndex=5,followerCommit=3,matchIndex=4
2024-10-16 23:57:22,757 DEBUG server.RaftServer$Division (RaftServerImpl.java:submitClientRequestAsync(920)) - s7@group-27FC73985AF3: receive client request(RaftClientRequest:client-5EEBF694C411->s7@group-27FC73985AF3, cid=6063, seq=null, RW, Message:01016304010300040201...(size=17))
2024-10-16 23:57:22,757 DEBUG server.RaftServer$Division (LeaderStateImpl.java:addPendingRequest(529)) - s7@group-27FC73985AF3-LeaderStateImpl: addPendingRequest at RaftClientRequest:client-5EEBF694C411->s7@group-27FC73985AF3, cid=6063, seq=null, RW, Message:01016304010300040201...(size=17), entry=(t:1, i:5), STATEMACHINELOGENTRY, WRITE: logData.size=17, stateMachineData.size=0, logEntryProtoSerializedSize=0
2024-10-16 23:57:22,757 DEBUG server.RaftServer$Division (RaftServerImpl.java:logAppendEntries(1549)) - s9@group-27FC73985AF3: appendEntries* s7->s9#6065-t1,previous=(t:1, i:4),leaderCommit=4,initializing? false,entries: size=1, first=(t:1, i:5), STATEMACHINELOGENTRY, StateMachineLogEntryProto:6063@client-5EEBF694C411
2024-10-16 23:57:22,758 DEBUG server.RaftServer$Division (RaftServerImpl.java:logAppendEntries(1549)) - s8@group-27FC73985AF3: appendEntries* s7->s8#6064-t1,previous=(t:1, i:4),leaderCommit=4,initializing? false,entries: size=1, first=(t:1, i:5), STATEMACHINELOGENTRY, StateMachineLogEntryProto:6063@client-5EEBF694C411
2024-10-16 23:57:22,758 DEBUG server.RaftServer$Division (RaftServerImpl.java:logAppendEntries(1549)) - s9@group-27FC73985AF3: appendEntries* reply s7<-s9#6065:OK-t1,SUCCESS,nextIndex=6,followerCommit=4,matchIndex=5
2024-10-16 23:57:22,758 DEBUG server.RaftServer$Division (RaftServerImpl.java:logAppendEntries(1549)) - s8@group-27FC73985AF3: appendEntries* reply s7<-s8#6064:OK-t1,SUCCESS,nextIndex=6,followerCommit=4,matchIndex=5
2024-10-16 23:57:22,758 INFO  statemachine.StateMachine (ArithmeticStateMachine.java:applyTransaction(181)) - LEADER:s7-5: c = √(a^2 + b^2) = 3445
2024-10-16 23:57:22,759 DEBUG server.RaftServer$Division (RaftServerImpl.java:logAppendEntries(1549)) - s9@group-27FC73985AF3: appendEntries* s7->s9#6067-t1,previous=(t:1, i:5),leaderCommit=5,initializing? false,entries: size=1, first=(t:1, i:6), METADATAENTRY(c:5)
2024-10-16 23:57:22,759 DEBUG server.RaftServer$Division (RaftServerImpl.java:logAppendEntries(1549)) - s8@group-27FC73985AF3: appendEntries* s7->s8#6066-t1,previous=(t:1, i:5),leaderCommit=5,initializing? false,entries: size=1, first=(t:1, i:6), METADATAENTRY(c:5)
2024-10-16 23:57:22,759 DEBUG server.RaftServer$Division (RaftServerImpl.java:logAppendEntries(1549)) - s9@group-27FC73985AF3: appendEntries* reply s7<-s9#6067:OK-t1,SUCCESS,nextIndex=7,followerCommit=5,matchIndex=6
2024-10-16 23:57:22,759 DEBUG server.RaftServer$Division (RaftServerImpl.java:logAppendEntries(1549)) - s8@group-27FC73985AF3: appendEntries* reply s7<-s8#6066:OK-t1,SUCCESS,nextIndex=7,followerCommit=5,matchIndex=6
2024-10-16 23:57:22,760 DEBUG server.RaftServer$Division (RaftServerImpl.java:submitClientRequestAsync(920)) - s7@group-27FC73985AF3: receive client request(RaftClientRequest:client-5EEBF694C411->s7@group-27FC73985AF3, cid=6068, seq=null, RW, Message:01016100)
2024-10-16 23:57:22,760 DEBUG server.RaftServer$Division (LeaderStateImpl.java:addPendingRequest(529)) - s7@group-27FC73985AF3-LeaderStateImpl: addPendingRequest at RaftClientRequest:client-5EEBF694C411->s7@group-27FC73985AF3, cid=6068, seq=null, RW, Message:01016100, entry=(t:1, i:7), STATEMACHINELOGENTRY, WRITE: logData.size=4, stateMachineData.size=0, logEntryProtoSerializedSize=0
2024-10-16 23:57:22,760 DEBUG server.RaftServer$Division (RaftServerImpl.java:logAppendEntries(1549)) - s8@group-27FC73985AF3: appendEntries* s7->s8#6069-t1,previous=(t:1, i:6),leaderCommit=6,initializing? false,entries: size=1, first=(t:1, i:7), STATEMACHINELOGENTRY, StateMachineLogEntryProto:6068@client-5EEBF694C411
2024-10-16 23:57:22,760 DEBUG server.RaftServer$Division (RaftServerImpl.java:logAppendEntries(1549)) - s9@group-27FC73985AF3: appendEntries* s7->s9#6070-t1,previous=(t:1, i:6),leaderCommit=6,initializing? false,entries: size=1, first=(t:1, i:7), STATEMACHINELOGENTRY, StateMachineLogEntryProto:6068@client-5EEBF694C411
2024-10-16 23:57:22,761 DEBUG server.RaftServer$Division (RaftServerImpl.java:logAppendEntries(1549)) - s8@group-27FC73985AF3: appendEntries* reply s7<-s8#6069:OK-t1,SUCCESS,nextIndex=8,followerCommit=6,matchIndex=7
2024-10-16 23:57:22,761 DEBUG server.RaftServer$Division (RaftServerImpl.java:logAppendEntries(1549)) - s9@group-27FC73985AF3: appendEntries* reply s7<-s9#6070:OK-t1,SUCCESS,nextIndex=8,followerCommit=6,matchIndex=7
2024-10-16 23:57:22,761 INFO  statemachine.StateMachine (ArithmeticStateMachine.java:applyTransaction(181)) - LEADER:s7-7: a = null = null
2024-10-16 23:57:22,761 DEBUG server.RaftServer$Division (RaftServerImpl.java:logAppendEntries(1549)) - s8@group-27FC73985AF3: appendEntries* s7->s8#6072-t1,previous=(t:1, i:7),leaderCommit=7,initializing? false,entries: size=1, first=(t:1, i:8), METADATAENTRY(c:7)
2024-10-16 23:57:22,761 DEBUG server.RaftServer$Division (RaftServerImpl.java:logAppendEntries(1549)) - s9@group-27FC73985AF3: appendEntries* s7->s9#6071-t1,previous=(t:1, i:7),leaderCommit=7,initializing? false,entries: size=1, first=(t:1, i:8), METADATAENTRY(c:7)
2024-10-16 23:57:22,762 DEBUG server.RaftServer$Division (RaftServerImpl.java:logAppendEntries(1549)) - s8@group-27FC73985AF3: appendEntries* reply s7<-s8#6072:OK-t1,SUCCESS,nextIndex=9,followerCommit=7,matchIndex=8
2024-10-16 23:57:22,762 DEBUG server.RaftServer$Division (RaftServerImpl.java:logAppendEntries(1549)) - s9@group-27FC73985AF3: appendEntries* reply s7<-s9#6071:OK-t1,SUCCESS,nextIndex=9,followerCommit=7,matchIndex=8
2024-10-16 23:57:22,762 DEBUG server.RaftServer$Division (RaftServerImpl.java:submitClientRequestAsync(920)) - s7@group-27FC73985AF3: receive client request(RaftClientRequest:client-5EEBF694C411->s7@group-27FC73985AF3, cid=6073, seq=null, RW, Message:01016200)
2024-10-16 23:57:22,762 DEBUG server.RaftServer$Division (LeaderStateImpl.java:addPendingRequest(529)) - s7@group-27FC73985AF3-LeaderStateImpl: addPendingRequest at RaftClientRequest:client-5EEBF694C411->s7@group-27FC73985AF3, cid=6073, seq=null, RW, Message:01016200, entry=(t:1, i:9), STATEMACHINELOGENTRY, WRITE: logData.size=4, stateMachineData.size=0, logEntryProtoSerializedSize=0
2024-10-16 23:57:22,763 DEBUG server.RaftServer$Division (RaftServerImpl.java:logAppendEntries(1549)) - s9@group-27FC73985AF3: appendEntries* s7->s9#6075-t1,previous=(t:1, i:8),leaderCommit=8,initializing? false,entries: size=1, first=(t:1, i:9), STATEMACHINELOGENTRY, StateMachineLogEntryProto:6073@client-5EEBF694C411
2024-10-16 23:57:22,763 DEBUG server.RaftServer$Division (RaftServerImpl.java:logAppendEntries(1549)) - s8@group-27FC73985AF3: appendEntries* s7->s8#6074-t1,previous=(t:1, i:8),leaderCommit=8,initializing? false,entries: size=1, first=(t:1, i:9), STATEMACHINELOGENTRY, StateMachineLogEntryProto:6073@client-5EEBF694C411
2024-10-16 23:57:22,763 DEBUG server.RaftServer$Division (RaftServerImpl.java:logAppendEntries(1549)) - s8@group-27FC73985AF3: appendEntries* reply s7<-s8#6074:OK-t1,SUCCESS,nextIndex=10,followerCommit=8,matchIndex=9
2024-10-16 23:57:22,763 DEBUG server.RaftServer$Division (RaftServerImpl.java:logAppendEntries(1549)) - s9@group-27FC73985AF3: appendEntries* reply s7<-s9#6075:OK-t1,SUCCESS,nextIndex=10,followerCommit=8,matchIndex=9
2024-10-16 23:57:22,763 INFO  statemachine.StateMachine (ArithmeticStateMachine.java:applyTransaction(181)) - LEADER:s7-9: b = null = null
2024-10-16 23:57:22,764 DEBUG server.RaftServer$Division (RaftServerImpl.java:logAppendEntries(1549)) - s9@group-27FC73985AF3: appendEntries* s7->s9#6076-t1,previous=(t:1, i:9),leaderCommit=9,initializing? false,entries: size=1, first=(t:1, i:10), METADATAENTRY(c:9)
2024-10-16 23:57:22,764 DEBUG server.RaftServer$Division (RaftServerImpl.java:logAppendEntries(1549)) - s8@group-27FC73985AF3: appendEntries* s7->s8#6077-t1,previous=(t:1, i:9),leaderCommit=9,initializing? false,entries: size=1, first=(t:1, i:10), METADATAENTRY(c:9)
2024-10-16 23:57:22,764 DEBUG server.RaftServer$Division (RaftServerImpl.java:logAppendEntries(1549)) - s9@group-27FC73985AF3: appendEntries* reply s7<-s9#6076:OK-t1,SUCCESS,nextIndex=11,followerCommit=9,matchIndex=10
2024-10-16 23:57:22,764 DEBUG server.RaftServer$Division (RaftServerImpl.java:logAppendEntries(1549)) - s8@group-27FC73985AF3: appendEntries* reply s7<-s8#6077:OK-t1,SUCCESS,nextIndex=11,followerCommit=9,matchIndex=10
2024-10-16 23:57:22,765 DEBUG server.RaftServer$Division (RaftServerImpl.java:submitClientRequestAsync(920)) - s7@group-27FC73985AF3: receive client request(RaftClientRequest:client-5EEBF694C411->s7@group-27FC73985AF3, cid=6078, seq=null, RW, Message:01016300)
2024-10-16 23:57:22,765 DEBUG server.RaftServer$Division (LeaderStateImpl.java:addPendingRequest(529)) - s7@group-27FC73985AF3-LeaderStateImpl: addPendingRequest at RaftClientRequest:client-5EEBF694C411->s7@group-27FC73985AF3, cid=6078, seq=null, RW, Message:01016300, entry=(t:1, i:11), STATEMACHINELOGENTRY, WRITE: logData.size=4, stateMachineData.size=0, logEntryProtoSerializedSize=0
2024-10-16 23:57:22,765 DEBUG server.RaftServer$Division (RaftServerImpl.java:logAppendEntries(1549)) - s8@group-27FC73985AF3: appendEntries* s7->s8#6079-t1,previous=(t:1, i:10),leaderCommit=10,initializing? false,entries: size=1, first=(t:1, i:11), STATEMACHINELOGENTRY, StateMachineLogEntryProto:6078@client-5EEBF694C411
2024-10-16 23:57:22,765 DEBUG server.RaftServer$Division (RaftServerImpl.java:logAppendEntries(1549)) - s9@group-27FC73985AF3: appendEntries* s7->s9#6080-t1,previous=(t:1, i:10),leaderCommit=10,initializing? false,entries: size=1, first=(t:1, i:11), STATEMACHINELOGENTRY, StateMachineLogEntryProto:6078@client-5EEBF694C411
2024-10-16 23:57:22,766 DEBUG server.RaftServer$Division (RaftServerImpl.java:logAppendEntries(1549)) - s8@group-27FC73985AF3: appendEntries* reply s7<-s8#6079:OK-t1,SUCCESS,nextIndex=12,followerCommit=10,matchIndex=11
2024-10-16 23:57:22,766 DEBUG server.RaftServer$Division (RaftServerImpl.java:logAppendEntries(1549)) - s9@group-27FC73985AF3: appendEntries* reply s7<-s9#6080:OK-t1,SUCCESS,nextIndex=12,followerCommit=10,matchIndex=11
2024-10-16 23:57:22,766 INFO  statemachine.StateMachine (ArithmeticStateMachine.java:applyTransaction(181)) - LEADER:s7-11: c = null = null
2024-10-16 23:57:22,766 DEBUG server.RaftServer$Division (RaftServerImpl.java:logAppendEntries(1549)) - s8@group-27FC73985AF3: appendEntries* s7->s8#6081-t1,previous=(t:1, i:11),leaderCommit=11,initializing? false,entries: size=1, first=(t:1, i:12), METADATAENTRY(c:11)
2024-10-16 23:57:22,766 DEBUG server.RaftServer$Division (RaftServerImpl.java:logAppendEntries(1549)) - s9@group-27FC73985AF3: appendEntries* s7->s9#6082-t1,previous=(t:1, i:11),leaderCommit=11,initializing? false,entries: size=1, first=(t:1, i:12), METADATAENTRY(c:11)
2024-10-16 23:57:22,767 DEBUG server.RaftServer$Division (RaftServerImpl.java:logAppendEntries(1549)) - s9@group-27FC73985AF3: appendEntries* reply s7<-s9#6082:OK-t1,SUCCESS,nextIndex=13,followerCommit=11,matchIndex=12
2024-10-16 23:57:22,767 DEBUG server.RaftServer$Division (RaftServerImpl.java:logAppendEntries(1549)) - s8@group-27FC73985AF3: appendEntries* reply s7<-s8#6081:OK-t1,SUCCESS,nextIndex=13,followerCommit=11,matchIndex=12
2024-10-16 23:57:22,767 DEBUG server.RaftServer$Division (RaftServerImpl.java:submitClientRequestAsync(920)) - s7@group-27FC73985AF3: receive client request(RaftClientRequest:client-5EEBF694C411->s7@group-27FC73985AF3, cid=6083, seq=null, RW, Message:01016102405540000000...(size=12))
2024-10-16 23:57:22,768 DEBUG server.RaftServer$Division (LeaderStateImpl.java:addPendingRequest(529)) - s7@group-27FC73985AF3-LeaderStateImpl: addPendingRequest at RaftClientRequest:client-5EEBF694C411->s7@group-27FC73985AF3, cid=6083, seq=null, RW, Message:01016102405540000000...(size=12), entry=(t:1, i:13), STATEMACHINELOGENTRY, WRITE: logData.size=12, stateMachineData.size=0, logEntryProtoSerializedSize=0
2024-10-16 23:57:22,768 DEBUG server.RaftServer$Division (RaftServerImpl.java:logAppendEntries(1549)) - s8@group-27FC73985AF3: appendEntries* s7->s8#6084-t1,previous=(t:1, i:12),leaderCommit=12,initializing? false,entries: size=1, first=(t:1, i:13), STATEMACHINELOGENTRY, StateMachineLogEntryProto:6083@client-5EEBF694C411
2024-10-16 23:57:22,768 DEBUG server.RaftServer$Division (RaftServerImpl.java:logAppendEntries(1549)) - s9@group-27FC73985AF3: appendEntries* s7->s9#6085-t1,previous=(t:1, i:12),leaderCommit=12,initializing? false,entries: size=1, first=(t:1, i:13), STATEMACHINELOGENTRY, StateMachineLogEntryProto:6083@client-5EEBF694C411
2024-10-16 23:57:22,768 DEBUG server.RaftServer$Division (RaftServerImpl.java:logAppendEntries(1549)) - s8@group-27FC73985AF3: appendEntries* reply s7<-s8#6084:OK-t1,SUCCESS,nextIndex=14,followerCommit=12,matchIndex=13
2024-10-16 23:57:22,768 DEBUG server.RaftServer$Division (RaftServerImpl.java:logAppendEntries(1549)) - s9@group-27FC73985AF3: appendEntries* reply s7<-s9#6085:OK-t1,SUCCESS,nextIndex=14,followerCommit=12,matchIndex=13
2024-10-16 23:57:22,769 INFO  statemachine.StateMachine (ArithmeticStateMachine.java:applyTransaction(181)) - LEADER:s7-13: a = 85 = 85
2024-10-16 23:57:22,769 DEBUG server.RaftServer$Division (RaftServerImpl.java:logAppendEntries(1549)) - s9@group-27FC73985AF3: appendEntries* s7->s9#6086-t1,previous=(t:1, i:13),leaderCommit=13,initializing? false,entries: size=1, first=(t:1, i:14), METADATAENTRY(c:13)
2024-10-16 23:57:22,769 DEBUG server.RaftServer$Division (RaftServerImpl.java:logAppendEntries(1549)) - s8@group-27FC73985AF3: appendEntries* s7->s8#6087-t1,previous=(t:1, i:13),leaderCommit=13,initializing? false,entries: size=1, first=(t:1, i:14), METADATAENTRY(c:13)
2024-10-16 23:57:22,770 DEBUG server.RaftServer$Division (RaftServerImpl.java:logAppendEntries(1549)) - s9@group-27FC73985AF3: appendEntries* reply s7<-s9#6086:OK-t1,SUCCESS,nextIndex=15,followerCommit=13,matchIndex=14
2024-10-16 23:57:22,770 DEBUG server.RaftServer$Division (RaftServerImpl.java:logAppendEntries(1549)) - s8@group-27FC73985AF3: appendEntries* reply s7<-s8#6087:OK-t1,SUCCESS,nextIndex=15,followerCommit=13,matchIndex=14
2024-10-16 23:57:22,770 DEBUG server.RaftServer$Division (RaftServerImpl.java:submitClientRequestAsync(920)) - s7@group-27FC73985AF3: receive client request(RaftClientRequest:client-5EEBF694C411->s7@group-27FC73985AF3, cid=6088, seq=null, RW, Message:0101620240ac38000000...(size=12))
2024-10-16 23:57:22,770 DEBUG server.RaftServer$Division (LeaderStateImpl.java:addPendingRequest(529)) - s7@group-27FC73985AF3-LeaderStateImpl: addPendingRequest at RaftClientRequest:client-5EEBF694C411->s7@group-27FC73985AF3, cid=6088, seq=null, RW, Message:0101620240ac38000000...(size=12), entry=(t:1, i:15), STATEMACHINELOGENTRY, WRITE: logData.size=12, stateMachineData.size=0, logEntryProtoSerializedSize=0
2024-10-16 23:57:22,771 DEBUG server.RaftServer$Division (RaftServerImpl.java:logAppendEntries(1549)) - s8@group-27FC73985AF3: appendEntries* s7->s8#6089-t1,previous=(t:1, i:14),leaderCommit=14,initializing? false,entries: size=1, first=(t:1, i:15), STATEMACHINELOGENTRY, StateMachineLogEntryProto:6088@client-5EEBF694C411
2024-10-16 23:57:22,771 DEBUG server.RaftServer$Division (RaftServerImpl.java:logAppendEntries(1549)) - s9@group-27FC73985AF3: appendEntries* s7->s9#6090-t1,previous=(t:1, i:14),leaderCommit=14,initializing? false,entries: size=1, first=(t:1, i:15), STATEMACHINELOGENTRY, StateMachineLogEntryProto:6088@client-5EEBF694C411
2024-10-16 23:57:22,771 DEBUG server.RaftServer$Division (RaftServerImpl.java:logAppendEntries(1549)) - s9@group-27FC73985AF3: appendEntries* reply s7<-s9#6090:OK-t1,SUCCESS,nextIndex=16,followerCommit=14,matchIndex=15
2024-10-16 23:57:22,771 DEBUG server.RaftServer$Division (RaftServerImpl.java:logAppendEntries(1549)) - s8@group-27FC73985AF3: appendEntries* reply s7<-s8#6089:OK-t1,SUCCESS,nextIndex=16,followerCommit=14,matchIndex=15
2024-10-16 23:57:22,772 INFO  statemachine.StateMachine (ArithmeticStateMachine.java:applyTransaction(181)) - LEADER:s7-15: b = 3612 = 3612
2024-10-16 23:57:22,772 DEBUG server.RaftServer$Division (RaftServerImpl.java:logAppendEntries(1549)) - s9@group-27FC73985AF3: appendEntries* s7->s9#6091-t1,previous=(t:1, i:15),leaderCommit=15,initializing? false,entries: size=1, first=(t:1, i:16), METADATAENTRY(c:15)
2024-10-16 23:57:22,772 DEBUG server.RaftServer$Division (RaftServerImpl.java:logAppendEntries(1549)) - s8@group-27FC73985AF3: appendEntries* s7->s8#6092-t1,previous=(t:1, i:15),leaderCommit=15,initializing? false,entries: size=1, first=(t:1, i:16), METADATAENTRY(c:15)
2024-10-16 23:57:22,772 DEBUG server.RaftServer$Division (RaftServerImpl.java:logAppendEntries(1549)) - s9@group-27FC73985AF3: appendEntries* reply s7<-s9#6091:OK-t1,SUCCESS,nextIndex=17,followerCommit=15,matchIndex=16
2024-10-16 23:57:22,773 DEBUG server.RaftServer$Division (RaftServerImpl.java:logAppendEntries(1549)) - s8@group-27FC73985AF3: appendEntries* reply s7<-s8#6092:OK-t1,SUCCESS,nextIndex=17,followerCommit=15,matchIndex=16
2024-10-16 23:57:22,773 DEBUG server.RaftServer$Division (RaftServerImpl.java:submitClientRequestAsync(920)) - s7@group-27FC73985AF3: receive client request(RaftClientRequest:client-5EEBF694C411->s7@group-27FC73985AF3, cid=6093, seq=null, RW, Message:01016304010300040201...(size=17))
2024-10-16 23:57:22,773 DEBUG server.RaftServer$Division (LeaderStateImpl.java:addPendingRequest(529)) - s7@group-27FC73985AF3-LeaderStateImpl: addPendingRequest at RaftClientRequest:client-5EEBF694C411->s7@group-27FC73985AF3, cid=6093, seq=null, RW, Message:01016304010300040201...(size=17), entry=(t:1, i:17), STATEMACHINELOGENTRY, WRITE: logData.size=17, stateMachineData.size=0, logEntryProtoSerializedSize=0
2024-10-16 23:57:22,773 DEBUG server.RaftServer$Division (RaftServerImpl.java:logAppendEntries(1549)) - s8@group-27FC73985AF3: appendEntries* s7->s8#6095-t1,previous=(t:1, i:16),leaderCommit=16,initializing? false,entries: size=1, first=(t:1, i:17), STATEMACHINELOGENTRY, StateMachineLogEntryProto:6093@client-5EEBF694C411
2024-10-16 23:57:22,773 DEBUG server.RaftServer$Division (RaftServerImpl.java:logAppendEntries(1549)) - s9@group-27FC73985AF3: appendEntries* s7->s9#6094-t1,previous=(t:1, i:16),leaderCommit=16,initializing? false,entries: size=1, first=(t:1, i:17), STATEMACHINELOGENTRY, StateMachineLogEntryProto:6093@client-5EEBF694C411
2024-10-16 23:57:22,774 DEBUG server.RaftServer$Division (RaftServerImpl.java:logAppendEntries(1549)) - s8@group-27FC73985AF3: appendEntries* reply s7<-s8#6095:OK-t1,SUCCESS,nextIndex=18,followerCommit=16,matchIndex=17
2024-10-16 23:57:22,774 INFO  statemachine.StateMachine (ArithmeticStateMachine.java:applyTransaction(181)) - LEADER:s7-17: c = √(a^2 + b^2) = 3613
2024-10-16 23:57:22,774 DEBUG server.RaftServer$Division (RaftServerImpl.java:logAppendEntries(1549)) - s9@group-27FC73985AF3: appendEntries* reply s7<-s9#6094:OK-t1,SUCCESS,nextIndex=18,followerCommit=16,matchIndex=17
2024-10-16 23:57:22,774 DEBUG server.RaftServer$Division (RaftServerImpl.java:logAppendEntries(1549)) - s8@group-27FC73985AF3: appendEntries* s7->s8#6096-t1,previous=(t:1, i:17),leaderCommit=17,initializing? false,entries: size=1, first=(t:1, i:18), METADATAENTRY(c:17)
2024-10-16 23:57:22,775 DEBUG server.RaftServer$Division (RaftServerImpl.java:logAppendEntries(1549)) - s9@group-27FC73985AF3: appendEntries* s7->s9#6097-t1,previous=(t:1, i:17),leaderCommit=17,initializing? false,entries: size=1, first=(t:1, i:18), METADATAENTRY(c:17)
2024-10-16 23:57:22,775 DEBUG server.RaftServer$Division (RaftServerImpl.java:logAppendEntries(1549)) - s8@group-27FC73985AF3: appendEntries* reply s7<-s8#6096:OK-t1,SUCCESS,nextIndex=19,followerCommit=17,matchIndex=18
2024-10-16 23:57:22,775 DEBUG server.RaftServer$Division (RaftServerImpl.java:logAppendEntries(1549)) - s9@group-27FC73985AF3: appendEntries* reply s7<-s9#6097:OK-t1,SUCCESS,nextIndex=19,followerCommit=17,matchIndex=18
2024-10-16 23:57:22,776 DEBUG server.RaftServer$Division (RaftServerImpl.java:submitClientRequestAsync(920)) - s7@group-27FC73985AF3: receive client request(RaftClientRequest:client-5EEBF694C411->s7@group-27FC73985AF3, cid=6098, seq=null, RW, Message:01016100)
2024-10-16 23:57:22,776 DEBUG server.RaftServer$Division (LeaderStateImpl.java:addPendingRequest(529)) - s7@group-27FC73985AF3-LeaderStateImpl: addPendingRequest at RaftClientRequest:client-5EEBF694C411->s7@group-27FC73985AF3, cid=6098, seq=null, RW, Message:01016100, entry=(t:1, i:19), STATEMACHINELOGENTRY, WRITE: logData.size=4, stateMachineData.size=0, logEntryProtoSerializedSize=0
2024-10-16 23:57:22,776 DEBUG server.RaftServer$Division (RaftServerImpl.java:logAppendEntries(1549)) - s8@group-27FC73985AF3: appendEntries* s7->s8#6099-t1,previous=(t:1, i:18),leaderCommit=18,initializing? false,entries: size=1, first=(t:1, i:19), STATEMACHINELOGENTRY, StateMachineLogEntryProto:6098@client-5EEBF694C411
2024-10-16 23:57:22,776 DEBUG server.RaftServer$Division (RaftServerImpl.java:logAppendEntries(1549)) - s9@group-27FC73985AF3: appendEntries* s7->s9#6100-t1,previous=(t:1, i:18),leaderCommit=18,initializing? false,entries: size=1, first=(t:1, i:19), STATEMACHINELOGENTRY, StateMachineLogEntryProto:6098@client-5EEBF694C411
2024-10-16 23:57:22,776 DEBUG server.RaftServer$Division (RaftServerImpl.java:logAppendEntries(1549)) - s8@group-27FC73985AF3: appendEntries* reply s7<-s8#6099:OK-t1,SUCCESS,nextIndex=20,followerCommit=18,matchIndex=19
2024-10-16 23:57:22,777 INFO  statemachine.StateMachine (ArithmeticStateMachine.java:applyTransaction(181)) - LEADER:s7-19: a = null = null
2024-10-16 23:57:22,777 DEBUG server.RaftServer$Division (RaftServerImpl.java:logAppendEntries(1549)) - s9@group-27FC73985AF3: appendEntries* reply s7<-s9#6100:OK-t1,SUCCESS,nextIndex=20,followerCommit=18,matchIndex=19
2024-10-16 23:57:22,777 DEBUG server.RaftServer$Division (RaftServerImpl.java:logAppendEntries(1549)) - s8@group-27FC73985AF3: appendEntries* s7->s8#6101-t1,previous=(t:1, i:19),leaderCommit=19,initializing? false,entries: size=1, first=(t:1, i:20), METADATAENTRY(c:19)
2024-10-16 23:57:22,777 DEBUG server.RaftServer$Division (RaftServerImpl.java:logAppendEntries(1549)) - s8@group-27FC73985AF3: appendEntries* reply s7<-s8#6101:OK-t1,SUCCESS,nextIndex=21,followerCommit=19,matchIndex=20
2024-10-16 23:57:22,778 DEBUG server.RaftServer$Division (RaftServerImpl.java:logAppendEntries(1549)) - s9@group-27FC73985AF3: appendEntries* s7->s9#6102-t1,previous=(t:1, i:19),leaderCommit=19,initializing? false,entries: size=1, first=(t:1, i:20), METADATAENTRY(c:19)
2024-10-16 23:57:22,778 DEBUG server.RaftServer$Division (RaftServerImpl.java:submitClientRequestAsync(920)) - s7@group-27FC73985AF3: receive client request(RaftClientRequest:client-5EEBF694C411->s7@group-27FC73985AF3, cid=6103, seq=null, RW, Message:01016200)
2024-10-16 23:57:22,778 DEBUG server.RaftServer$Division (RaftServerImpl.java:logAppendEntries(1549)) - s9@group-27FC73985AF3: appendEntries* reply s7<-s9#6102:OK-t1,SUCCESS,nextIndex=21,followerCommit=19,matchIndex=20
2024-10-16 23:57:22,778 DEBUG server.RaftServer$Division (LeaderStateImpl.java:addPendingRequest(529)) - s7@group-27FC73985AF3-LeaderStateImpl: addPendingRequest at RaftClientRequest:client-5EEBF694C411->s7@group-27FC73985AF3, cid=6103, seq=null, RW, Message:01016200, entry=(t:1, i:21), STATEMACHINELOGENTRY, WRITE: logData.size=4, stateMachineData.size=0, logEntryProtoSerializedSize=0
2024-10-16 23:57:22,779 DEBUG server.RaftServer$Division (RaftServerImpl.java:logAppendEntries(1549)) - s8@group-27FC73985AF3: appendEntries* s7->s8#6104-t1,previous=(t:1, i:20),leaderCommit=20,initializing? false,entries: size=1, first=(t:1, i:21), STATEMACHINELOGENTRY, StateMachineLogEntryProto:6103@client-5EEBF694C411
2024-10-16 23:57:22,779 DEBUG server.RaftServer$Division (RaftServerImpl.java:logAppendEntries(1549)) - s9@group-27FC73985AF3: appendEntries* s7->s9#6105-t1,previous=(t:1, i:20),leaderCommit=20,initializing? false,entries: size=1, first=(t:1, i:21), STATEMACHINELOGENTRY, StateMachineLogEntryProto:6103@client-5EEBF694C411
2024-10-16 23:57:22,779 DEBUG server.RaftServer$Division (RaftServerImpl.java:logAppendEntries(1549)) - s8@group-27FC73985AF3: appendEntries* reply s7<-s8#6104:OK-t1,SUCCESS,nextIndex=22,followerCommit=20,matchIndex=21
2024-10-16 23:57:22,779 INFO  statemachine.StateMachine (ArithmeticStateMachine.java:applyTransaction(181)) - LEADER:s7-21: b = null = null
2024-10-16 23:57:22,779 DEBUG server.RaftServer$Division (RaftServerImpl.java:logAppendEntries(1549)) - s9@group-27FC73985AF3: appendEntries* reply s7<-s9#6105:OK-t1,SUCCESS,nextIndex=22,followerCommit=20,matchIndex=21
2024-10-16 23:57:22,780 DEBUG server.RaftServer$Division (RaftServerImpl.java:logAppendEntries(1549)) - s8@group-27FC73985AF3: appendEntries* s7->s8#6106-t1,previous=(t:1, i:21),leaderCommit=21,initializing? false,entries: size=1, first=(t:1, i:22), METADATAENTRY(c:21)
2024-10-16 23:57:22,780 DEBUG server.RaftServer$Division (RaftServerImpl.java:logAppendEntries(1549)) - s9@group-27FC73985AF3: appendEntries* s7->s9#6107-t1,previous=(t:1, i:21),leaderCommit=21,initializing? false,entries: size=1, first=(t:1, i:22), METADATAENTRY(c:21)
2024-10-16 23:57:22,780 DEBUG server.RaftServer$Division (RaftServerImpl.java:logAppendEntries(1549)) - s8@group-27FC73985AF3: appendEntries* reply s7<-s8#6106:OK-t1,SUCCESS,nextIndex=23,followerCommit=21,matchIndex=22
2024-10-16 23:57:22,780 DEBUG server.RaftServer$Division (RaftServerImpl.java:logAppendEntries(1549)) - s9@group-27FC73985AF3: appendEntries* reply s7<-s9#6107:OK-t1,SUCCESS,nextIndex=23,followerCommit=21,matchIndex=22
2024-10-16 23:57:22,781 DEBUG server.RaftServer$Division (RaftServerImpl.java:submitClientRequestAsync(920)) - s7@group-27FC73985AF3: receive client request(RaftClientRequest:client-5EEBF694C411->s7@group-27FC73985AF3, cid=6108, seq=null, RW, Message:01016300)
2024-10-16 23:57:22,781 DEBUG server.RaftServer$Division (LeaderStateImpl.java:addPendingRequest(529)) - s7@group-27FC73985AF3-LeaderStateImpl: addPendingRequest at RaftClientRequest:client-5EEBF694C411->s7@group-27FC73985AF3, cid=6108, seq=null, RW, Message:01016300, entry=(t:1, i:23), STATEMACHINELOGENTRY, WRITE: logData.size=4, stateMachineData.size=0, logEntryProtoSerializedSize=0
2024-10-16 23:57:22,781 DEBUG server.RaftServer$Division (RaftServerImpl.java:logAppendEntries(1549)) - s9@group-27FC73985AF3: appendEntries* s7->s9#6109-t1,previous=(t:1, i:22),leaderCommit=22,initializing? false,entries: size=1, first=(t:1, i:23), STATEMACHINELOGENTRY, StateMachineLogEntryProto:6108@client-5EEBF694C411
2024-10-16 23:57:22,782 DEBUG server.RaftServer$Division (RaftServerImpl.java:logAppendEntries(1549)) - s8@group-27FC73985AF3: appendEntries* s7->s8#6110-t1,previous=(t:1, i:22),leaderCommit=22,initializing? false,entries: size=1, first=(t:1, i:23), STATEMACHINELOGENTRY, StateMachineLogEntryProto:6108@client-5EEBF694C411
2024-10-16 23:57:22,782 DEBUG server.RaftServer$Division (RaftServerImpl.java:logAppendEntries(1549)) - s9@group-27FC73985AF3: appendEntries* reply s7<-s9#6109:OK-t1,SUCCESS,nextIndex=24,followerCommit=22,matchIndex=23
2024-10-16 23:57:22,782 INFO  statemachine.StateMachine (ArithmeticStateMachine.java:applyTransaction(181)) - LEADER:s7-23: c = null = null
2024-10-16 23:57:22,782 DEBUG server.RaftServer$Division (RaftServerImpl.java:logAppendEntries(1549)) - s8@group-27FC73985AF3: appendEntries* reply s7<-s8#6110:OK-t1,SUCCESS,nextIndex=24,followerCommit=22,matchIndex=23
2024-10-16 23:57:22,783 DEBUG server.RaftServer$Division (RaftServerImpl.java:logAppendEntries(1549)) - s9@group-27FC73985AF3: appendEntries* s7->s9#6111-t1,previous=(t:1, i:23),leaderCommit=23,initializing? false,entries: size=1, first=(t:1, i:24), METADATAENTRY(c:23)
2024-10-16 23:57:22,783 DEBUG server.RaftServer$Division (RaftServerImpl.java:logAppendEntries(1549)) - s8@group-27FC73985AF3: appendEntries* s7->s8#6112-t1,previous=(t:1, i:23),leaderCommit=23,initializing? false,entries: size=1, first=(t:1, i:24), METADATAENTRY(c:23)
2024-10-16 23:57:22,783 DEBUG server.RaftServer$Division (RaftServerImpl.java:logAppendEntries(1549)) - s9@group-27FC73985AF3: appendEntries* reply s7<-s9#6111:OK-t1,SUCCESS,nextIndex=25,followerCommit=23,matchIndex=24
2024-10-16 23:57:22,784 DEBUG server.RaftServer$Division (RaftServerImpl.java:logAppendEntries(1549)) - s8@group-27FC73985AF3: appendEntries* reply s7<-s8#6112:OK-t1,SUCCESS,nextIndex=25,followerCommit=23,matchIndex=24
2024-10-16 23:57:22,787 DEBUG server.RaftServer$Division (RaftServerImpl.java:submitClientRequestAsync(920)) - s7@group-27FC73985AF3: receive client request(RaftClientRequest:client-5EEBF694C411->s7@group-27FC73985AF3, cid=6113, seq=null, RW, Message:010161024055c0000000...(size=12))
2024-10-16 23:57:22,787 DEBUG server.RaftServer$Division (LeaderStateImpl.java:addPendingRequest(529)) - s7@group-27FC73985AF3-LeaderStateImpl: addPendingRequest at RaftClientRequest:client-5EEBF694C411->s7@group-27FC73985AF3, cid=6113, seq=null, RW, Message:010161024055c0000000...(size=12), entry=(t:1, i:25), STATEMACHINELOGENTRY, WRITE: logData.size=12, stateMachineData.size=0, logEntryProtoSerializedSize=0
2024-10-16 23:57:22,788 DEBUG server.RaftServer$Division (RaftServerImpl.java:logAppendEntries(1549)) - s8@group-27FC73985AF3: appendEntries* s7->s8#6114-t1,previous=(t:1, i:24),leaderCommit=24,initializing? false,entries: size=1, first=(t:1, i:25), STATEMACHINELOGENTRY, StateMachineLogEntryProto:6113@client-5EEBF694C411
2024-10-16 23:57:22,788 DEBUG server.RaftServer$Division (RaftServerImpl.java:logAppendEntries(1549)) - s9@group-27FC73985AF3: appendEntries* s7->s9#6115-t1,previous=(t:1, i:24),leaderCommit=24,initializing? false,entries: size=1, first=(t:1, i:25), STATEMACHINELOGENTRY, StateMachineLogEntryProto:6113@client-5EEBF694C411
2024-10-16 23:57:22,788 DEBUG server.RaftServer$Division (RaftServerImpl.java:logAppendEntries(1549)) - s8@group-27FC73985AF3: appendEntries* reply s7<-s8#6114:OK-t1,SUCCESS,nextIndex=26,followerCommit=24,matchIndex=25
2024-10-16 23:57:22,788 DEBUG server.RaftServer$Division (RaftServerImpl.java:logAppendEntries(1549)) - s9@group-27FC73985AF3: appendEntries* reply s7<-s9#6115:OK-t1,SUCCESS,nextIndex=26,followerCommit=24,matchIndex=25
2024-10-16 23:57:22,789 INFO  statemachine.StateMachine (ArithmeticStateMachine.java:applyTransaction(181)) - LEADER:s7-25: a = 87 = 87
2024-10-16 23:57:22,789 DEBUG server.RaftServer$Division (RaftServerImpl.java:logAppendEntries(1549)) - s9@group-27FC73985AF3: appendEntries* s7->s9#6116-t1,previous=(t:1, i:25),leaderCommit=25,initializing? false,entries: size=1, first=(t:1, i:26), METADATAENTRY(c:25)
2024-10-16 23:57:22,789 DEBUG server.RaftServer$Division (RaftServerImpl.java:logAppendEntries(1549)) - s8@group-27FC73985AF3: appendEntries* s7->s8#6117-t1,previous=(t:1, i:25),leaderCommit=25,initializing? false,entries: size=1, first=(t:1, i:26), METADATAENTRY(c:25)
2024-10-16 23:57:22,789 DEBUG server.RaftServer$Division (RaftServerImpl.java:logAppendEntries(1549)) - s9@group-27FC73985AF3: appendEntries* reply s7<-s9#6116:OK-t1,SUCCESS,nextIndex=27,followerCommit=25,matchIndex=26
2024-10-16 23:57:22,790 DEBUG server.RaftServer$Division (RaftServerImpl.java:logAppendEntries(1549)) - s8@group-27FC73985AF3: appendEntries* reply s7<-s8#6117:OK-t1,SUCCESS,nextIndex=27,followerCommit=25,matchIndex=26
2024-10-16 23:57:22,790 DEBUG server.RaftServer$Division (RaftServerImpl.java:submitClientRequestAsync(920)) - s7@group-27FC73985AF3: receive client request(RaftClientRequest:client-5EEBF694C411->s7@group-27FC73985AF3, cid=6118, seq=null, RW, Message:0101620240ad90000000...(size=12))
2024-10-16 23:57:22,790 DEBUG server.RaftServer$Division (LeaderStateImpl.java:addPendingRequest(529)) - s7@group-27FC73985AF3-LeaderStateImpl: addPendingRequest at RaftClientRequest:client-5EEBF694C411->s7@group-27FC73985AF3, cid=6118, seq=null, RW, Message:0101620240ad90000000...(size=12), entry=(t:1, i:27), STATEMACHINELOGENTRY, WRITE: logData.size=12, stateMachineData.size=0, logEntryProtoSerializedSize=0
2024-10-16 23:57:22,790 DEBUG server.RaftServer$Division (RaftServerImpl.java:logAppendEntries(1549)) - s9@group-27FC73985AF3: appendEntries* s7->s9#6119-t1,previous=(t:1, i:26),leaderCommit=26,initializing? false,entries: size=1, first=(t:1, i:27), STATEMACHINELOGENTRY, StateMachineLogEntryProto:6118@client-5EEBF694C411
2024-10-16 23:57:22,791 DEBUG server.RaftServer$Division (RaftServerImpl.java:logAppendEntries(1549)) - s8@group-27FC73985AF3: appendEntries* s7->s8#6120-t1,previous=(t:1, i:26),leaderCommit=26,initializing? false,entries: size=1, first=(t:1, i:27), STATEMACHINELOGENTRY, StateMachineLogEntryProto:6118@client-5EEBF694C411
2024-10-16 23:57:22,791 DEBUG server.RaftServer$Division (RaftServerImpl.java:logAppendEntries(1549)) - s9@group-27FC73985AF3: appendEntries* reply s7<-s9#6119:OK-t1,SUCCESS,nextIndex=28,followerCommit=26,matchIndex=27
2024-10-16 23:57:22,791 DEBUG server.RaftServer$Division (RaftServerImpl.java:logAppendEntries(1549)) - s8@group-27FC73985AF3: appendEntries* reply s7<-s8#6120:OK-t1,SUCCESS,nextIndex=28,followerCommit=26,matchIndex=27
2024-10-16 23:57:22,791 INFO  statemachine.StateMachine (ArithmeticStateMachine.java:applyTransaction(181)) - LEADER:s7-27: b = 3784 = 3784
2024-10-16 23:57:22,792 DEBUG server.RaftServer$Division (RaftServerImpl.java:logAppendEntries(1549)) - s9@group-27FC73985AF3: appendEntries* s7->s9#6121-t1,previous=(t:1, i:27),leaderCommit=27,initializing? false,entries: size=1, first=(t:1, i:28), METADATAENTRY(c:27)
2024-10-16 23:57:22,792 DEBUG server.RaftServer$Division (RaftServerImpl.java:logAppendEntries(1549)) - s8@group-27FC73985AF3: appendEntries* s7->s8#6122-t1,previous=(t:1, i:27),leaderCommit=27,initializing? false,entries: size=1, first=(t:1, i:28), METADATAENTRY(c:27)
2024-10-16 23:57:22,792 DEBUG server.RaftServer$Division (RaftServerImpl.java:logAppendEntries(1549)) - s9@group-27FC73985AF3: appendEntries* reply s7<-s9#6121:OK-t1,SUCCESS,nextIndex=29,followerCommit=27,matchIndex=28
2024-10-16 23:57:22,792 DEBUG server.RaftServer$Division (RaftServerImpl.java:submitClientRequestAsync(920)) - s7@group-27FC73985AF3: receive client request(RaftClientRequest:client-5EEBF694C411->s7@group-27FC73985AF3, cid=6123, seq=null, RW, Message:01016304010300040201...(size=17))
2024-10-16 23:57:22,792 DEBUG server.RaftServer$Division (LeaderStateImpl.java:addPendingRequest(529)) - s7@group-27FC73985AF3-LeaderStateImpl: addPendingRequest at RaftClientRequest:client-5EEBF694C411->s7@group-27FC73985AF3, cid=6123, seq=null, RW, Message:01016304010300040201...(size=17), entry=(t:1, i:29), STATEMACHINELOGENTRY, WRITE: logData.size=17, stateMachineData.size=0, logEntryProtoSerializedSize=0
2024-10-16 23:57:22,793 DEBUG server.RaftServer$Division (RaftServerImpl.java:logAppendEntries(1549)) - s8@group-27FC73985AF3: appendEntries* reply s7<-s8#6122:OK-t1,SUCCESS,nextIndex=29,followerCommit=27,matchIndex=28
2024-10-16 23:57:22,793 DEBUG server.RaftServer$Division (RaftServerImpl.java:logAppendEntries(1549)) - s9@group-27FC73985AF3: appendEntries* s7->s9#6124-t1,previous=(t:1, i:28),leaderCommit=27,initializing? false,entries: size=1, first=(t:1, i:29), STATEMACHINELOGENTRY, StateMachineLogEntryProto:6123@client-5EEBF694C411
2024-10-16 23:57:22,793 DEBUG server.RaftServer$Division (RaftServerImpl.java:logAppendEntries(1549)) - s8@group-27FC73985AF3: appendEntries* s7->s8#6125-t1,previous=(t:1, i:28),leaderCommit=28,initializing? false,entries: size=1, first=(t:1, i:29), STATEMACHINELOGENTRY, StateMachineLogEntryProto:6123@client-5EEBF694C411
2024-10-16 23:57:22,793 DEBUG server.RaftServer$Division (RaftServerImpl.java:logAppendEntries(1549)) - s9@group-27FC73985AF3: appendEntries* reply s7<-s9#6124:OK-t1,SUCCESS,nextIndex=30,followerCommit=27,matchIndex=29
2024-10-16 23:57:22,794 INFO  statemachine.StateMachine (ArithmeticStateMachine.java:applyTransaction(181)) - LEADER:s7-29: c = √(a^2 + b^2) = 3785
2024-10-16 23:57:22,794 DEBUG server.RaftServer$Division (RaftServerImpl.java:logAppendEntries(1549)) - s9@group-27FC73985AF3: appendEntries* s7->s9#6126-t1,previous=(t:1, i:29),leaderCommit=29,initializing? false,entries: size=1, first=(t:1, i:30), METADATAENTRY(c:29)
2024-10-16 23:57:22,794 DEBUG server.RaftServer$Division (RaftServerImpl.java:logAppendEntries(1549)) - s8@group-27FC73985AF3: appendEntries* reply s7<-s8#6125:OK-t1,SUCCESS,nextIndex=30,followerCommit=28,matchIndex=29
2024-10-16 23:57:22,794 DEBUG server.RaftServer$Division (RaftServerImpl.java:submitClientRequestAsync(920)) - s7@group-27FC73985AF3: receive client request(RaftClientRequest:client-5EEBF694C411->s7@group-27FC73985AF3, cid=6127, seq=null, RW, Message:01016100)
2024-10-16 23:57:22,795 DEBUG server.RaftServer$Division (RaftServerImpl.java:logAppendEntries(1549)) - s9@group-27FC73985AF3: appendEntries* reply s7<-s9#6126:OK-t1,SUCCESS,nextIndex=31,followerCommit=29,matchIndex=30
2024-10-16 23:57:22,795 DEBUG server.RaftServer$Division (LeaderStateImpl.java:addPendingRequest(529)) - s7@group-27FC73985AF3-LeaderStateImpl: addPendingRequest at RaftClientRequest:client-5EEBF694C411->s7@group-27FC73985AF3, cid=6127, seq=null, RW, Message:01016100, entry=(t:1, i:31), STATEMACHINELOGENTRY, WRITE: logData.size=4, stateMachineData.size=0, logEntryProtoSerializedSize=0
2024-10-16 23:57:22,795 DEBUG server.RaftServer$Division (RaftServerImpl.java:logAppendEntries(1549)) - s8@group-27FC73985AF3: appendEntries* s7->s8#6128-t1,previous=(t:1, i:29),leaderCommit=29,initializing? false,entries: size=1, first=(t:1, i:30), METADATAENTRY(c:29)
2024-10-16 23:57:22,795 DEBUG server.RaftServer$Division (RaftServerImpl.java:logAppendEntries(1549)) - s9@group-27FC73985AF3: appendEntries* s7->s9#6129-t1,previous=(t:1, i:30),leaderCommit=30,initializing? false,entries: size=1, first=(t:1, i:31), STATEMACHINELOGENTRY, StateMachineLogEntryProto:6127@client-5EEBF694C411
2024-10-16 23:57:22,796 DEBUG server.RaftServer$Division (RaftServerImpl.java:logAppendEntries(1549)) - s9@group-27FC73985AF3: appendEntries* reply s7<-s9#6129:OK-t1,SUCCESS,nextIndex=32,followerCommit=30,matchIndex=31
2024-10-16 23:57:22,796 DEBUG server.RaftServer$Division (RaftServerImpl.java:logAppendEntries(1549)) - s8@group-27FC73985AF3: appendEntries* reply s7<-s8#6128:OK-t1,SUCCESS,nextIndex=31,followerCommit=29,matchIndex=30
2024-10-16 23:57:22,796 INFO  statemachine.StateMachine (ArithmeticStateMachine.java:applyTransaction(181)) - LEADER:s7-31: a = null = null
2024-10-16 23:57:22,796 DEBUG server.RaftServer$Division (RaftServerImpl.java:logAppendEntries(1549)) - s8@group-27FC73985AF3: appendEntries* s7->s8#6130-t1,previous=(t:1, i:30),leaderCommit=30,initializing? false,entries: size=1, first=(t:1, i:31), STATEMACHINELOGENTRY, StateMachineLogEntryProto:6127@client-5EEBF694C411
2024-10-16 23:57:22,796 DEBUG server.RaftServer$Division (RaftServerImpl.java:logAppendEntries(1549)) - s8@group-27FC73985AF3: appendEntries* reply s7<-s8#6130:OK-t1,SUCCESS,nextIndex=32,followerCommit=30,matchIndex=31
2024-10-16 23:57:22,797 DEBUG server.RaftServer$Division (RaftServerImpl.java:submitClientRequestAsync(920)) - s7@group-27FC73985AF3: receive client request(RaftClientRequest:client-5EEBF694C411->s7@group-27FC73985AF3, cid=6132, seq=null, RW, Message:01016200)
2024-10-16 23:57:22,797 DEBUG server.RaftServer$Division (LeaderStateImpl.java:addPendingRequest(529)) - s7@group-27FC73985AF3-LeaderStateImpl: addPendingRequest at RaftClientRequest:client-5EEBF694C411->s7@group-27FC73985AF3, cid=6132, seq=null, RW, Message:01016200, entry=(t:1, i:33), STATEMACHINELOGENTRY, WRITE: logData.size=4, stateMachineData.size=0, logEntryProtoSerializedSize=0
2024-10-16 23:57:22,797 DEBUG server.RaftServer$Division (RaftServerImpl.java:logAppendEntries(1549)) - s9@group-27FC73985AF3: appendEntries* s7->s9#6131-t1,previous=(t:1, i:31),leaderCommit=31,initializing? false,entries: size=1, first=(t:1, i:32), METADATAENTRY(c:31)
2024-10-16 23:57:22,798 DEBUG server.RaftServer$Division (RaftServerImpl.java:logAppendEntries(1549)) - s9@group-27FC73985AF3: appendEntries* reply s7<-s9#6131:OK-t1,SUCCESS,nextIndex=33,followerCommit=31,matchIndex=32
2024-10-16 23:57:22,798 DEBUG server.RaftServer$Division (RaftServerImpl.java:logAppendEntries(1549)) - s9@group-27FC73985AF3: appendEntries* s7->s9#6134-t1,previous=(t:1, i:32),leaderCommit=31,initializing? false,entries: size=1, first=(t:1, i:33), STATEMACHINELOGENTRY, StateMachineLogEntryProto:6132@client-5EEBF694C411
2024-10-16 23:57:22,798 DEBUG server.RaftServer$Division (RaftServerImpl.java:logAppendEntries(1549)) - s8@group-27FC73985AF3: appendEntries* s7->s8#6133-t1,previous=(t:1, i:31),leaderCommit=31,initializing? false,entries: size=1, first=(t:1, i:32), METADATAENTRY(c:31)
2024-10-16 23:57:22,799 DEBUG server.RaftServer$Division (RaftServerImpl.java:logAppendEntries(1549)) - s9@group-27FC73985AF3: appendEntries* reply s7<-s9#6134:OK-t1,SUCCESS,nextIndex=34,followerCommit=31,matchIndex=33
2024-10-16 23:57:22,799 DEBUG server.RaftServer$Division (RaftServerImpl.java:logAppendEntries(1549)) - s8@group-27FC73985AF3: appendEntries* reply s7<-s8#6133:OK-t1,SUCCESS,nextIndex=33,followerCommit=31,matchIndex=32
2024-10-16 23:57:22,799 INFO  statemachine.StateMachine (ArithmeticStateMachine.java:applyTransaction(181)) - LEADER:s7-33: b = null = null
2024-10-16 23:57:22,799 DEBUG server.RaftServer$Division (RaftServerImpl.java:logAppendEntries(1549)) - s9@group-27FC73985AF3: appendEntries* s7->s9#6135-t1,previous=(t:1, i:33),leaderCommit=33,initializing? false,entries: size=1, first=(t:1, i:34), METADATAENTRY(c:33)
2024-10-16 23:57:22,800 DEBUG server.RaftServer$Division (RaftServerImpl.java:submitClientRequestAsync(920)) - s7@group-27FC73985AF3: receive client request(RaftClientRequest:client-5EEBF694C411->s7@group-27FC73985AF3, cid=6137, seq=null, RW, Message:01016300)
2024-10-16 23:57:22,800 DEBUG server.RaftServer$Division (RaftServerImpl.java:logAppendEntries(1549)) - s9@group-27FC73985AF3: appendEntries* reply s7<-s9#6135:OK-t1,SUCCESS,nextIndex=35,followerCommit=33,matchIndex=34
2024-10-16 23:57:22,800 DEBUG server.RaftServer$Division (LeaderStateImpl.java:addPendingRequest(529)) - s7@group-27FC73985AF3-LeaderStateImpl: addPendingRequest at RaftClientRequest:client-5EEBF694C411->s7@group-27FC73985AF3, cid=6137, seq=null, RW, Message:01016300, entry=(t:1, i:35), STATEMACHINELOGENTRY, WRITE: logData.size=4, stateMachineData.size=0, logEntryProtoSerializedSize=0
2024-10-16 23:57:22,799 DEBUG server.RaftServer$Division (RaftServerImpl.java:logAppendEntries(1549)) - s8@group-27FC73985AF3: appendEntries* s7->s8#6136-t1,previous=(t:1, i:32),leaderCommit=33,initializing? false,entries: size=2, first=(t:1, i:33), STATEMACHINELOGENTRY, StateMachineLogEntryProto:6132@client-5EEBF694C411
2024-10-16 23:57:22,801 DEBUG server.RaftServer$Division (RaftServerImpl.java:logAppendEntries(1549)) - s9@group-27FC73985AF3: appendEntries* s7->s9#6142-t1,previous=(t:1, i:34),leaderCommit=34,initializing? false,entries: size=1, first=(t:1, i:35), STATEMACHINELOGENTRY, StateMachineLogEntryProto:6137@client-5EEBF694C411
2024-10-16 23:57:22,802 DEBUG server.RaftServer$Division (RaftServerImpl.java:logAppendEntries(1549)) - s8@group-27FC73985AF3: appendEntries* reply s7<-s8#6136:OK-t1,SUCCESS,nextIndex=35,followerCommit=33,matchIndex=34
2024-10-16 23:57:22,802 DEBUG server.RaftServer$Division (RaftServerImpl.java:logAppendEntries(1549)) - s9@group-27FC73985AF3: appendEntries* reply s7<-s9#6142:OK-t1,SUCCESS,nextIndex=36,followerCommit=34,matchIndex=35
2024-10-16 23:57:22,802 INFO  statemachine.StateMachine (ArithmeticStateMachine.java:applyTransaction(181)) - LEADER:s7-35: c = null = null
2024-10-16 23:57:22,802 DEBUG server.RaftServer$Division (RaftServerImpl.java:logAppendEntries(1549)) - s9@group-27FC73985AF3: appendEntries* s7->s9#6144-t1,previous=(t:1, i:35),leaderCommit=35,initializing? false,entries: size=1, first=(t:1, i:36), METADATAENTRY(c:35)
2024-10-16 23:57:22,803 DEBUG server.RaftServer$Division (RaftServerImpl.java:submitClientRequestAsync(920)) - s7@group-27FC73985AF3: receive client request(RaftClientRequest:client-5EEBF694C411->s7@group-27FC73985AF3, cid=6145, seq=null, RW, Message:01016102405640000000...(size=12))
2024-10-16 23:57:22,803 DEBUG server.RaftServer$Division (RaftServerImpl.java:logAppendEntries(1549)) - s8@group-27FC73985AF3: appendEntries* s7->s8#6143-t1,previous=(t:1, i:34),leaderCommit=34,initializing? false,entries: size=1, first=(t:1, i:35), STATEMACHINELOGENTRY, StateMachineLogEntryProto:6137@client-5EEBF694C411
2024-10-16 23:57:22,803 DEBUG server.RaftServer$Division (RaftServerImpl.java:logAppendEntries(1549)) - s9@group-27FC73985AF3: appendEntries* reply s7<-s9#6144:OK-t1,SUCCESS,nextIndex=37,followerCommit=35,matchIndex=36
2024-10-16 23:57:22,803 DEBUG server.RaftServer$Division (LeaderStateImpl.java:addPendingRequest(529)) - s7@group-27FC73985AF3-LeaderStateImpl: addPendingRequest at RaftClientRequest:client-5EEBF694C411->s7@group-27FC73985AF3, cid=6145, seq=null, RW, Message:01016102405640000000...(size=12), entry=(t:1, i:37), STATEMACHINELOGENTRY, WRITE: logData.size=12, stateMachineData.size=0, logEntryProtoSerializedSize=0
2024-10-16 23:57:22,803 DEBUG server.RaftServer$Division (RaftServerImpl.java:logAppendEntries(1549)) - s8@group-27FC73985AF3: appendEntries* reply s7<-s8#6143:OK-t1,SUCCESS,nextIndex=36,followerCommit=34,matchIndex=35
2024-10-16 23:57:22,804 DEBUG server.RaftServer$Division (RaftServerImpl.java:logAppendEntries(1549)) - s9@group-27FC73985AF3: appendEntries* s7->s9#6146-t1,previous=(t:1, i:36),leaderCommit=36,initializing? false,entries: size=1, first=(t:1, i:37), STATEMACHINELOGENTRY, StateMachineLogEntryProto:6145@client-5EEBF694C411
2024-10-16 23:57:22,804 DEBUG server.RaftServer$Division (RaftServerImpl.java:logAppendEntries(1549)) - s8@group-27FC73985AF3: appendEntries* s7->s8#6147-t1,previous=(t:1, i:35),leaderCommit=36,initializing? false,entries: size=2, first=(t:1, i:36), METADATAENTRY(c:35)
2024-10-16 23:57:22,804 DEBUG server.RaftServer$Division (RaftServerImpl.java:logAppendEntries(1549)) - s9@group-27FC73985AF3: appendEntries* reply s7<-s9#6146:OK-t1,SUCCESS,nextIndex=38,followerCommit=36,matchIndex=37
2024-10-16 23:57:22,804 DEBUG server.RaftServer$Division (RaftServerImpl.java:logAppendEntries(1549)) - s8@group-27FC73985AF3: appendEntries* reply s7<-s8#6147:OK-t1,SUCCESS,nextIndex=38,followerCommit=36,matchIndex=37
2024-10-16 23:57:22,804 INFO  statemachine.StateMachine (ArithmeticStateMachine.java:applyTransaction(181)) - LEADER:s7-37: a = 89 = 89
2024-10-16 23:57:22,805 DEBUG server.RaftServer$Division (RaftServerImpl.java:logAppendEntries(1549)) - s9@group-27FC73985AF3: appendEntries* s7->s9#6148-t1,previous=(t:1, i:37),leaderCommit=37,initializing? false,entries: size=1, first=(t:1, i:38), METADATAENTRY(c:37)
2024-10-16 23:57:22,805 DEBUG server.RaftServer$Division (RaftServerImpl.java:submitClientRequestAsync(920)) - s7@group-27FC73985AF3: receive client request(RaftClientRequest:client-5EEBF694C411->s7@group-27FC73985AF3, cid=6149, seq=null, RW, Message:0101620240aef0000000...(size=12))
2024-10-16 23:57:22,805 DEBUG server.RaftServer$Division (LeaderStateImpl.java:addPendingRequest(529)) - s7@group-27FC73985AF3-LeaderStateImpl: addPendingRequest at RaftClientRequest:client-5EEBF694C411->s7@group-27FC73985AF3, cid=6149, seq=null, RW, Message:0101620240aef0000000...(size=12), entry=(t:1, i:39), STATEMACHINELOGENTRY, WRITE: logData.size=12, stateMachineData.size=0, logEntryProtoSerializedSize=0
2024-10-16 23:57:22,805 DEBUG server.RaftServer$Division (RaftServerImpl.java:logAppendEntries(1549)) - s9@group-27FC73985AF3: appendEntries* reply s7<-s9#6148:OK-t1,SUCCESS,nextIndex=39,followerCommit=37,matchIndex=38
2024-10-16 23:57:22,806 DEBUG server.RaftServer$Division (RaftServerImpl.java:logAppendEntries(1549)) - s8@group-27FC73985AF3: appendEntries* s7->s8#6150-t1,previous=(t:1, i:37),leaderCommit=37,initializing? false,entries: size=1, first=(t:1, i:38), METADATAENTRY(c:37)
2024-10-16 23:57:22,806 DEBUG server.RaftServer$Division (RaftServerImpl.java:logAppendEntries(1549)) - s9@group-27FC73985AF3: appendEntries* s7->s9#6151-t1,previous=(t:1, i:38),leaderCommit=37,initializing? false,entries: size=1, first=(t:1, i:39), STATEMACHINELOGENTRY, StateMachineLogEntryProto:6149@client-5EEBF694C411
2024-10-16 23:57:22,806 DEBUG server.RaftServer$Division (RaftServerImpl.java:logAppendEntries(1549)) - s8@group-27FC73985AF3: appendEntries* reply s7<-s8#6150:OK-t1,SUCCESS,nextIndex=39,followerCommit=37,matchIndex=38
2024-10-16 23:57:22,807 DEBUG server.RaftServer$Division (RaftServerImpl.java:logAppendEntries(1549)) - s9@group-27FC73985AF3: appendEntries* reply s7<-s9#6151:OK-t1,SUCCESS,nextIndex=40,followerCommit=37,matchIndex=39
2024-10-16 23:57:22,807 DEBUG server.RaftServer$Division (RaftServerImpl.java:logAppendEntries(1549)) - s8@group-27FC73985AF3: appendEntries* s7->s8#6152-t1,previous=(t:1, i:38),leaderCommit=38,initializing? false,entries: size=1, first=(t:1, i:39), STATEMACHINELOGENTRY, StateMachineLogEntryProto:6149@client-5EEBF694C411
2024-10-16 23:57:22,807 INFO  statemachine.StateMachine (ArithmeticStateMachine.java:applyTransaction(181)) - LEADER:s7-39: b = 3960 = 3960
2024-10-16 23:57:22,807 DEBUG server.RaftServer$Division (RaftServerImpl.java:logAppendEntries(1549)) - s9@group-27FC73985AF3: appendEntries* s7->s9#6153-t1,previous=(t:1, i:39),leaderCommit=39,initializing? false,entries: size=1, first=(t:1, i:40), METADATAENTRY(c:39)
2024-10-16 23:57:22,807 DEBUG server.RaftServer$Division (RaftServerImpl.java:submitClientRequestAsync(920)) - s7@group-27FC73985AF3: receive client request(RaftClientRequest:client-5EEBF694C411->s7@group-27FC73985AF3, cid=6154, seq=null, RW, Message:01016304010300040201...(size=17))
2024-10-16 23:57:22,808 DEBUG server.RaftServer$Division (LeaderStateImpl.java:addPendingRequest(529)) - s7@group-27FC73985AF3-LeaderStateImpl: addPendingRequest at RaftClientRequest:client-5EEBF694C411->s7@group-27FC73985AF3, cid=6154, seq=null, RW, Message:01016304010300040201...(size=17), entry=(t:1, i:41), STATEMACHINELOGENTRY, WRITE: logData.size=17, stateMachineData.size=0, logEntryProtoSerializedSize=0
2024-10-16 23:57:22,808 DEBUG server.RaftServer$Division (RaftServerImpl.java:logAppendEntries(1549)) - s8@group-27FC73985AF3: appendEntries* reply s7<-s8#6152:OK-t1,SUCCESS,nextIndex=40,followerCommit=38,matchIndex=39
2024-10-16 23:57:22,808 DEBUG server.RaftServer$Division (RaftServerImpl.java:logAppendEntries(1549)) - s9@group-27FC73985AF3: appendEntries* reply s7<-s9#6153:OK-t1,SUCCESS,nextIndex=41,followerCommit=39,matchIndex=40
2024-10-16 23:57:22,808 DEBUG server.RaftServer$Division (RaftServerImpl.java:logAppendEntries(1549)) - s8@group-27FC73985AF3: appendEntries* s7->s8#6155-t1,previous=(t:1, i:39),leaderCommit=39,initializing? false,entries: size=2, first=(t:1, i:40), METADATAENTRY(c:39)
2024-10-16 23:57:22,809 DEBUG server.RaftServer$Division (RaftServerImpl.java:logAppendEntries(1549)) - s9@group-27FC73985AF3: appendEntries* s7->s9#6156-t1,previous=(t:1, i:40),leaderCommit=39,initializing? false,entries: size=1, first=(t:1, i:41), STATEMACHINELOGENTRY, StateMachineLogEntryProto:6154@client-5EEBF694C411
2024-10-16 23:57:22,809 DEBUG server.RaftServer$Division (RaftServerImpl.java:logAppendEntries(1549)) - s8@group-27FC73985AF3: appendEntries* reply s7<-s8#6155:OK-t1,SUCCESS,nextIndex=42,followerCommit=39,matchIndex=41
2024-10-16 23:57:22,809 DEBUG server.RaftServer$Division (RaftServerImpl.java:logAppendEntries(1549)) - s9@group-27FC73985AF3: appendEntries* reply s7<-s9#6156:OK-t1,SUCCESS,nextIndex=42,followerCommit=39,matchIndex=41
2024-10-16 23:57:22,809 INFO  statemachine.StateMachine (ArithmeticStateMachine.java:applyTransaction(181)) - LEADER:s7-41: c = √(a^2 + b^2) = 3961
2024-10-16 23:57:22,810 DEBUG server.RaftServer$Division (RaftServerImpl.java:logAppendEntries(1549)) - s8@group-27FC73985AF3: appendEntries* s7->s8#6157-t1,previous=(t:1, i:41),leaderCommit=41,initializing? false,entries: size=1, first=(t:1, i:42), METADATAENTRY(c:41)
2024-10-16 23:57:22,810 DEBUG server.RaftServer$Division (RaftServerImpl.java:submitClientRequestAsync(920)) - s7@group-27FC73985AF3: receive client request(RaftClientRequest:client-5EEBF694C411->s7@group-27FC73985AF3, cid=6159, seq=null, RW, Message:01016100)
2024-10-16 23:57:22,810 DEBUG server.RaftServer$Division (RaftServerImpl.java:logAppendEntries(1549)) - s9@group-27FC73985AF3: appendEntries* s7->s9#6158-t1,previous=(t:1, i:41),leaderCommit=41,initializing? false,entries: size=1, first=(t:1, i:42), METADATAENTRY(c:41)
2024-10-16 23:57:22,810 DEBUG server.RaftServer$Division (LeaderStateImpl.java:addPendingRequest(529)) - s7@group-27FC73985AF3-LeaderStateImpl: addPendingRequest at RaftClientRequest:client-5EEBF694C411->s7@group-27FC73985AF3, cid=6159, seq=null, RW, Message:01016100, entry=(t:1, i:43), STATEMACHINELOGENTRY, WRITE: logData.size=4, stateMachineData.size=0, logEntryProtoSerializedSize=0
2024-10-16 23:57:22,810 DEBUG server.RaftServer$Division (RaftServerImpl.java:logAppendEntries(1549)) - s8@group-27FC73985AF3: appendEntries* reply s7<-s8#6157:OK-t1,SUCCESS,nextIndex=43,followerCommit=41,matchIndex=42
2024-10-16 23:57:22,810 DEBUG server.RaftServer$Division (RaftServerImpl.java:logAppendEntries(1549)) - s9@group-27FC73985AF3: appendEntries* reply s7<-s9#6158:OK-t1,SUCCESS,nextIndex=43,followerCommit=41,matchIndex=42
2024-10-16 23:57:22,811 DEBUG server.RaftServer$Division (RaftServerImpl.java:logAppendEntries(1549)) - s8@group-27FC73985AF3: appendEntries* s7->s8#6160-t1,previous=(t:1, i:42),leaderCommit=41,initializing? false,entries: size=1, first=(t:1, i:43), STATEMACHINELOGENTRY, StateMachineLogEntryProto:6159@client-5EEBF694C411
2024-10-16 23:57:22,811 DEBUG server.RaftServer$Division (RaftServerImpl.java:logAppendEntries(1549)) - s9@group-27FC73985AF3: appendEntries* s7->s9#6161-t1,previous=(t:1, i:42),leaderCommit=41,initializing? false,entries: size=1, first=(t:1, i:43), STATEMACHINELOGENTRY, StateMachineLogEntryProto:6159@client-5EEBF694C411
2024-10-16 23:57:22,811 DEBUG server.RaftServer$Division (RaftServerImpl.java:logAppendEntries(1549)) - s8@group-27FC73985AF3: appendEntries* reply s7<-s8#6160:OK-t1,SUCCESS,nextIndex=44,followerCommit=41,matchIndex=43
2024-10-16 23:57:22,812 INFO  statemachine.StateMachine (ArithmeticStateMachine.java:applyTransaction(181)) - LEADER:s7-43: a = null = null
2024-10-16 23:57:22,812 DEBUG server.RaftServer$Division (RaftServerImpl.java:logAppendEntries(1549)) - s9@group-27FC73985AF3: appendEntries* reply s7<-s9#6161:OK-t1,SUCCESS,nextIndex=44,followerCommit=41,matchIndex=43
2024-10-16 23:57:22,812 DEBUG server.RaftServer$Division (RaftServerImpl.java:logAppendEntries(1549)) - s8@group-27FC73985AF3: appendEntries* s7->s8#6162-t1,previous=(t:1, i:43),leaderCommit=43,initializing? false,entries: size=1, first=(t:1, i:44), METADATAENTRY(c:43)
2024-10-16 23:57:22,812 DEBUG server.RaftServer$Division (RaftServerImpl.java:logAppendEntries(1549)) - s9@group-27FC73985AF3: appendEntries* s7->s9#6163-t1,previous=(t:1, i:43),leaderCommit=43,initializing? false,entries: size=1, first=(t:1, i:44), METADATAENTRY(c:43)
2024-10-16 23:57:22,812 DEBUG server.RaftServer$Division (RaftServerImpl.java:submitClientRequestAsync(920)) - s7@group-27FC73985AF3: receive client request(RaftClientRequest:client-5EEBF694C411->s7@group-27FC73985AF3, cid=6164, seq=null, RW, Message:01016200)
2024-10-16 23:57:22,812 DEBUG server.RaftServer$Division (RaftServerImpl.java:logAppendEntries(1549)) - s8@group-27FC73985AF3: appendEntries* reply s7<-s8#6162:OK-t1,SUCCESS,nextIndex=45,followerCommit=43,matchIndex=44
2024-10-16 23:57:22,813 DEBUG server.RaftServer$Division (RaftServerImpl.java:logAppendEntries(1549)) - s9@group-27FC73985AF3: appendEntries* reply s7<-s9#6163:OK-t1,SUCCESS,nextIndex=45,followerCommit=43,matchIndex=44
2024-10-16 23:57:22,813 DEBUG server.RaftServer$Division (LeaderStateImpl.java:addPendingRequest(529)) - s7@group-27FC73985AF3-LeaderStateImpl: addPendingRequest at RaftClientRequest:client-5EEBF694C411->s7@group-27FC73985AF3, cid=6164, seq=null, RW, Message:01016200, entry=(t:1, i:45), STATEMACHINELOGENTRY, WRITE: logData.size=4, stateMachineData.size=0, logEntryProtoSerializedSize=0
2024-10-16 23:57:22,813 DEBUG server.RaftServer$Division (RaftServerImpl.java:logAppendEntries(1549)) - s9@group-27FC73985AF3: appendEntries* s7->s9#6165-t1,previous=(t:1, i:44),leaderCommit=44,initializing? false,entries: size=1, first=(t:1, i:45), STATEMACHINELOGENTRY, StateMachineLogEntryProto:6164@client-5EEBF694C411
2024-10-16 23:57:22,813 DEBUG server.RaftServer$Division (RaftServerImpl.java:logAppendEntries(1549)) - s8@group-27FC73985AF3: appendEntries* s7->s8#6166-t1,previous=(t:1, i:44),leaderCommit=44,initializing? false,entries: size=1, first=(t:1, i:45), STATEMACHINELOGENTRY, StateMachineLogEntryProto:6164@client-5EEBF694C411
2024-10-16 23:57:22,814 DEBUG server.RaftServer$Division (RaftServerImpl.java:logAppendEntries(1549)) - s8@group-27FC73985AF3: appendEntries* reply s7<-s8#6166:OK-t1,SUCCESS,nextIndex=46,followerCommit=44,matchIndex=45
2024-10-16 23:57:22,814 DEBUG server.RaftServer$Division (RaftServerImpl.java:logAppendEntries(1549)) - s9@group-27FC73985AF3: appendEntries* reply s7<-s9#6165:OK-t1,SUCCESS,nextIndex=46,followerCommit=44,matchIndex=45
2024-10-16 23:57:22,814 INFO  statemachine.StateMachine (ArithmeticStateMachine.java:applyTransaction(181)) - LEADER:s7-45: b = null = null
2024-10-16 23:57:22,814 DEBUG server.RaftServer$Division (RaftServerImpl.java:logAppendEntries(1549)) - s8@group-27FC73985AF3: appendEntries* s7->s8#6171-t1,previous=(t:1, i:45),leaderCommit=45,initializing? false,entries: size=1, first=(t:1, i:46), METADATAENTRY(c:45)
2024-10-16 23:57:22,815 DEBUG server.RaftServer$Division (RaftServerImpl.java:submitClientRequestAsync(920)) - s7@group-27FC73985AF3: receive client request(RaftClientRequest:client-5EEBF694C411->s7@group-27FC73985AF3, cid=6172, seq=null, RW, Message:01016300)
2024-10-16 23:57:22,815 DEBUG server.RaftServer$Division (RaftServerImpl.java:logAppendEntries(1549)) - s9@group-27FC73985AF3: appendEntries* s7->s9#6173-t1,previous=(t:1, i:45),leaderCommit=45,initializing? false,entries: size=1, first=(t:1, i:46), METADATAENTRY(c:45)
2024-10-16 23:57:22,815 DEBUG server.RaftServer$Division (LeaderStateImpl.java:addPendingRequest(529)) - s7@group-27FC73985AF3-LeaderStateImpl: addPendingRequest at RaftClientRequest:client-5EEBF694C411->s7@group-27FC73985AF3, cid=6172, seq=null, RW, Message:01016300, entry=(t:1, i:47), STATEMACHINELOGENTRY, WRITE: logData.size=4, stateMachineData.size=0, logEntryProtoSerializedSize=0
2024-10-16 23:57:22,815 DEBUG server.RaftServer$Division (RaftServerImpl.java:logAppendEntries(1549)) - s8@group-27FC73985AF3: appendEntries* reply s7<-s8#6171:OK-t1,SUCCESS,nextIndex=47,followerCommit=45,matchIndex=46
2024-10-16 23:57:22,815 DEBUG server.RaftServer$Division (RaftServerImpl.java:logAppendEntries(1549)) - s9@group-27FC73985AF3: appendEntries* reply s7<-s9#6173:OK-t1,SUCCESS,nextIndex=47,followerCommit=45,matchIndex=46
2024-10-16 23:57:22,816 DEBUG server.RaftServer$Division (RaftServerImpl.java:logAppendEntries(1549)) - s9@group-27FC73985AF3: appendEntries* s7->s9#6175-t1,previous=(t:1, i:46),leaderCommit=45,initializing? false,entries: size=1, first=(t:1, i:47), STATEMACHINELOGENTRY, StateMachineLogEntryProto:6172@client-5EEBF694C411
2024-10-16 23:57:22,816 DEBUG server.RaftServer$Division (RaftServerImpl.java:logAppendEntries(1549)) - s8@group-27FC73985AF3: appendEntries* s7->s8#6174-t1,previous=(t:1, i:46),leaderCommit=45,initializing? false,entries: size=1, first=(t:1, i:47), STATEMACHINELOGENTRY, StateMachineLogEntryProto:6172@client-5EEBF694C411
2024-10-16 23:57:22,816 DEBUG server.RaftServer$Division (RaftServerImpl.java:logAppendEntries(1549)) - s9@group-27FC73985AF3: appendEntries* reply s7<-s9#6175:OK-t1,SUCCESS,nextIndex=48,followerCommit=45,matchIndex=47
2024-10-16 23:57:22,816 DEBUG server.RaftServer$Division (RaftServerImpl.java:logAppendEntries(1549)) - s8@group-27FC73985AF3: appendEntries* reply s7<-s8#6174:OK-t1,SUCCESS,nextIndex=48,followerCommit=45,matchIndex=47
2024-10-16 23:57:22,817 INFO  statemachine.StateMachine (ArithmeticStateMachine.java:applyTransaction(181)) - LEADER:s7-47: c = null = null
2024-10-16 23:57:22,817 DEBUG server.RaftServer$Division (RaftServerImpl.java:logAppendEntries(1549)) - s9@group-27FC73985AF3: appendEntries* s7->s9#6176-t1,previous=(t:1, i:47),leaderCommit=47,initializing? false,entries: size=1, first=(t:1, i:48), METADATAENTRY(c:47)
2024-10-16 23:57:22,817 DEBUG server.RaftServer$Division (RaftServerImpl.java:submitClientRequestAsync(920)) - s7@group-27FC73985AF3: receive client request(RaftClientRequest:client-5EEBF694C411->s7@group-27FC73985AF3, cid=6178, seq=null, RW, Message:010161024056c0000000...(size=12))
2024-10-16 23:57:22,817 DEBUG server.RaftServer$Division (LeaderStateImpl.java:addPendingRequest(529)) - s7@group-27FC73985AF3-LeaderStateImpl: addPendingRequest at RaftClientRequest:client-5EEBF694C411->s7@group-27FC73985AF3, cid=6178, seq=null, RW, Message:010161024056c0000000...(size=12), entry=(t:1, i:49), STATEMACHINELOGENTRY, WRITE: logData.size=12, stateMachineData.size=0, logEntryProtoSerializedSize=0
2024-10-16 23:57:22,817 DEBUG server.RaftServer$Division (RaftServerImpl.java:logAppendEntries(1549)) - s8@group-27FC73985AF3: appendEntries* s7->s8#6177-t1,previous=(t:1, i:47),leaderCommit=47,initializing? false,entries: size=1, first=(t:1, i:48), METADATAENTRY(c:47)
2024-10-16 23:57:22,817 DEBUG server.RaftServer$Division (RaftServerImpl.java:logAppendEntries(1549)) - s9@group-27FC73985AF3: appendEntries* reply s7<-s9#6176:OK-t1,SUCCESS,nextIndex=49,followerCommit=47,matchIndex=48
2024-10-16 23:57:22,818 DEBUG server.RaftServer$Division (RaftServerImpl.java:logAppendEntries(1549)) - s8@group-27FC73985AF3: appendEntries* reply s7<-s8#6177:OK-t1,SUCCESS,nextIndex=49,followerCommit=47,matchIndex=48
2024-10-16 23:57:22,818 DEBUG server.RaftServer$Division (RaftServerImpl.java:logAppendEntries(1549)) - s9@group-27FC73985AF3: appendEntries* s7->s9#6179-t1,previous=(t:1, i:48),leaderCommit=48,initializing? false,entries: size=1, first=(t:1, i:49), STATEMACHINELOGENTRY, StateMachineLogEntryProto:6178@client-5EEBF694C411
2024-10-16 23:57:22,818 DEBUG server.RaftServer$Division (RaftServerImpl.java:logAppendEntries(1549)) - s8@group-27FC73985AF3: appendEntries* s7->s8#6180-t1,previous=(t:1, i:48),leaderCommit=48,initializing? false,entries: size=1, first=(t:1, i:49), STATEMACHINELOGENTRY, StateMachineLogEntryProto:6178@client-5EEBF694C411
2024-10-16 23:57:22,819 DEBUG server.RaftServer$Division (RaftServerImpl.java:logAppendEntries(1549)) - s9@group-27FC73985AF3: appendEntries* reply s7<-s9#6179:OK-t1,SUCCESS,nextIndex=50,followerCommit=48,matchIndex=49
2024-10-16 23:57:22,819 DEBUG server.RaftServer$Division (RaftServerImpl.java:logAppendEntries(1549)) - s8@group-27FC73985AF3: appendEntries* reply s7<-s8#6180:OK-t1,SUCCESS,nextIndex=50,followerCommit=48,matchIndex=49
2024-10-16 23:57:22,819 INFO  statemachine.StateMachine (ArithmeticStateMachine.java:applyTransaction(181)) - LEADER:s7-49: a = 91 = 91
2024-10-16 23:57:22,820 DEBUG server.RaftServer$Division (RaftServerImpl.java:logAppendEntries(1549)) - s8@group-27FC73985AF3: appendEntries* s7->s8#6182-t1,previous=(t:1, i:49),leaderCommit=49,initializing? false,entries: size=1, first=(t:1, i:50), METADATAENTRY(c:49)
2024-10-16 23:57:22,820 DEBUG server.RaftServer$Division (RaftServerImpl.java:logAppendEntries(1549)) - s9@group-27FC73985AF3: appendEntries* s7->s9#6181-t1,previous=(t:1, i:49),leaderCommit=49,initializing? false,entries: size=1, first=(t:1, i:50), METADATAENTRY(c:49)
2024-10-16 23:57:22,820 DEBUG server.RaftServer$Division (RaftServerImpl.java:submitClientRequestAsync(920)) - s7@group-27FC73985AF3: receive client request(RaftClientRequest:client-5EEBF694C411->s7@group-27FC73985AF3, cid=6183, seq=null, RW, Message:0101620240b02c000000...(size=12))
2024-10-16 23:57:22,820 DEBUG server.RaftServer$Division (LeaderStateImpl.java:addPendingRequest(529)) - s7@group-27FC73985AF3-LeaderStateImpl: addPendingRequest at RaftClientRequest:client-5EEBF694C411->s7@group-27FC73985AF3, cid=6183, seq=null, RW, Message:0101620240b02c000000...(size=12), entry=(t:1, i:51), STATEMACHINELOGENTRY, WRITE: logData.size=12, stateMachineData.size=0, logEntryProtoSerializedSize=0
2024-10-16 23:57:22,820 DEBUG server.RaftServer$Division (RaftServerImpl.java:logAppendEntries(1549)) - s9@group-27FC73985AF3: appendEntries* reply s7<-s9#6181:OK-t1,SUCCESS,nextIndex=51,followerCommit=49,matchIndex=50
2024-10-16 23:57:22,820 DEBUG server.RaftServer$Division (RaftServerImpl.java:logAppendEntries(1549)) - s8@group-27FC73985AF3: appendEntries* reply s7<-s8#6182:OK-t1,SUCCESS,nextIndex=51,followerCommit=49,matchIndex=50
2024-10-16 23:57:22,821 DEBUG server.RaftServer$Division (RaftServerImpl.java:logAppendEntries(1549)) - s9@group-27FC73985AF3: appendEntries* s7->s9#6184-t1,previous=(t:1, i:50),leaderCommit=49,initializing? false,entries: size=1, first=(t:1, i:51), STATEMACHINELOGENTRY, StateMachineLogEntryProto:6183@client-5EEBF694C411
2024-10-16 23:57:22,821 DEBUG server.RaftServer$Division (RaftServerImpl.java:logAppendEntries(1549)) - s9@group-27FC73985AF3: appendEntries* reply s7<-s9#6184:OK-t1,SUCCESS,nextIndex=52,followerCommit=49,matchIndex=51
2024-10-16 23:57:22,822 INFO  statemachine.StateMachine (ArithmeticStateMachine.java:applyTransaction(181)) - LEADER:s7-51: b = 4140 = 4140
2024-10-16 23:57:22,822 DEBUG server.RaftServer$Division (RaftServerImpl.java:submitClientRequestAsync(920)) - s7@group-27FC73985AF3: receive client request(RaftClientRequest:client-5EEBF694C411->s7@group-27FC73985AF3, cid=6187, seq=null, RW, Message:01016304010300040201...(size=17))
2024-10-16 23:57:22,822 DEBUG server.RaftServer$Division (RaftServerImpl.java:logAppendEntries(1549)) - s9@group-27FC73985AF3: appendEntries* s7->s9#6186-t1,previous=(t:1, i:51),leaderCommit=51,initializing? false,entries: size=1, first=(t:1, i:52), METADATAENTRY(c:51)
2024-10-16 23:57:22,822 DEBUG server.RaftServer$Division (LeaderStateImpl.java:addPendingRequest(529)) - s7@group-27FC73985AF3-LeaderStateImpl: addPendingRequest at RaftClientRequest:client-5EEBF694C411->s7@group-27FC73985AF3, cid=6187, seq=null, RW, Message:01016304010300040201...(size=17), entry=(t:1, i:53), STATEMACHINELOGENTRY, WRITE: logData.size=17, stateMachineData.size=0, logEntryProtoSerializedSize=0
2024-10-16 23:57:22,823 DEBUG server.RaftServer$Division (RaftServerImpl.java:logAppendEntries(1549)) - s9@group-27FC73985AF3: appendEntries* reply s7<-s9#6186:OK-t1,SUCCESS,nextIndex=53,followerCommit=51,matchIndex=52
2024-10-16 23:57:22,823 DEBUG server.RaftServer$Division (RaftServerImpl.java:logAppendEntries(1549)) - s9@group-27FC73985AF3: appendEntries* s7->s9#6188-t1,previous=(t:1, i:52),leaderCommit=51,initializing? false,entries: size=1, first=(t:1, i:53), STATEMACHINELOGENTRY, StateMachineLogEntryProto:6187@client-5EEBF694C411
2024-10-16 23:57:22,824 DEBUG server.RaftServer$Division (RaftServerImpl.java:logAppendEntries(1549)) - s9@group-27FC73985AF3: appendEntries* reply s7<-s9#6188:OK-t1,SUCCESS,nextIndex=54,followerCommit=51,matchIndex=53
2024-10-16 23:57:22,824 INFO  statemachine.StateMachine (ArithmeticStateMachine.java:applyTransaction(181)) - LEADER:s7-53: c = √(a^2 + b^2) = 4141
2024-10-16 23:57:22,824 DEBUG server.RaftServer$Division (RaftServerImpl.java:submitClientRequestAsync(920)) - s7@group-27FC73985AF3: receive client request(RaftClientRequest:client-5EEBF694C411->s7@group-27FC73985AF3, cid=6190, seq=null, RW, Message:01016100)
2024-10-16 23:57:22,824 DEBUG server.RaftServer$Division (RaftServerImpl.java:logAppendEntries(1549)) - s9@group-27FC73985AF3: appendEntries* s7->s9#6189-t1,previous=(t:1, i:53),leaderCommit=53,initializing? false,entries: size=1, first=(t:1, i:54), METADATAENTRY(c:53)
2024-10-16 23:57:22,825 DEBUG server.RaftServer$Division (LeaderStateImpl.java:addPendingRequest(529)) - s7@group-27FC73985AF3-LeaderStateImpl: addPendingRequest at RaftClientRequest:client-5EEBF694C411->s7@group-27FC73985AF3, cid=6190, seq=null, RW, Message:01016100, entry=(t:1, i:55), STATEMACHINELOGENTRY, WRITE: logData.size=4, stateMachineData.size=0, logEntryProtoSerializedSize=0
2024-10-16 23:57:22,825 DEBUG server.RaftServer$Division (RaftServerImpl.java:logAppendEntries(1549)) - s9@group-27FC73985AF3: appendEntries* reply s7<-s9#6189:OK-t1,SUCCESS,nextIndex=55,followerCommit=53,matchIndex=54
2024-10-16 23:57:22,825 DEBUG server.RaftServer$Division (RaftServerImpl.java:logAppendEntries(1549)) - s9@group-27FC73985AF3: appendEntries* s7->s9#6191-t1,previous=(t:1, i:54),leaderCommit=54,initializing? false,entries: size=1, first=(t:1, i:55), STATEMACHINELOGENTRY, StateMachineLogEntryProto:6190@client-5EEBF694C411
2024-10-16 23:57:22,826 DEBUG server.RaftServer$Division (RaftServerImpl.java:logAppendEntries(1549)) - s9@group-27FC73985AF3: appendEntries* reply s7<-s9#6191:OK-t1,SUCCESS,nextIndex=56,followerCommit=54,matchIndex=55
2024-10-16 23:57:22,826 INFO  statemachine.StateMachine (ArithmeticStateMachine.java:applyTransaction(181)) - LEADER:s7-55: a = null = null
2024-10-16 23:57:22,827 DEBUG server.RaftServer$Division (RaftServerImpl.java:logAppendEntries(1549)) - s9@group-27FC73985AF3: appendEntries* s7->s9#6192-t1,previous=(t:1, i:55),leaderCommit=55,initializing? false,entries: size=1, first=(t:1, i:56), METADATAENTRY(c:55)
2024-10-16 23:57:22,827 DEBUG server.RaftServer$Division (RaftServerImpl.java:submitClientRequestAsync(920)) - s7@group-27FC73985AF3: receive client request(RaftClientRequest:client-5EEBF694C411->s7@group-27FC73985AF3, cid=6193, seq=null, RW, Message:01016200)
2024-10-16 23:57:22,827 DEBUG server.RaftServer$Division (LeaderStateImpl.java:addPendingRequest(529)) - s7@group-27FC73985AF3-LeaderStateImpl: addPendingRequest at RaftClientRequest:client-5EEBF694C411->s7@group-27FC73985AF3, cid=6193, seq=null, RW, Message:01016200, entry=(t:1, i:57), STATEMACHINELOGENTRY, WRITE: logData.size=4, stateMachineData.size=0, logEntryProtoSerializedSize=0
2024-10-16 23:57:22,827 DEBUG server.RaftServer$Division (RaftServerImpl.java:logAppendEntries(1549)) - s9@group-27FC73985AF3: appendEntries* reply s7<-s9#6192:OK-t1,SUCCESS,nextIndex=57,followerCommit=55,matchIndex=56
2024-10-16 23:57:22,828 DEBUG server.RaftServer$Division (RaftServerImpl.java:logAppendEntries(1549)) - s9@group-27FC73985AF3: appendEntries* s7->s9#6194-t1,previous=(t:1, i:56),leaderCommit=56,initializing? false,entries: size=1, first=(t:1, i:57), STATEMACHINELOGENTRY, StateMachineLogEntryProto:6193@client-5EEBF694C411
2024-10-16 23:57:22,828 DEBUG server.RaftServer$Division (RaftServerImpl.java:logAppendEntries(1549)) - s9@group-27FC73985AF3: appendEntries* reply s7<-s9#6194:OK-t1,SUCCESS,nextIndex=58,followerCommit=56,matchIndex=57
2024-10-16 23:57:22,828 INFO  statemachine.StateMachine (ArithmeticStateMachine.java:applyTransaction(181)) - LEADER:s7-57: b = null = null
2024-10-16 23:57:22,829 DEBUG server.RaftServer$Division (RaftServerImpl.java:logAppendEntries(1549)) - s9@group-27FC73985AF3: appendEntries* s7->s9#6195-t1,previous=(t:1, i:57),leaderCommit=57,initializing? false,entries: size=1, first=(t:1, i:58), METADATAENTRY(c:57)
2024-10-16 23:57:22,829 DEBUG server.RaftServer$Division (RaftServerImpl.java:submitClientRequestAsync(920)) - s7@group-27FC73985AF3: receive client request(RaftClientRequest:client-5EEBF694C411->s7@group-27FC73985AF3, cid=6196, seq=null, RW, Message:01016300)
2024-10-16 23:57:22,829 DEBUG server.RaftServer$Division (LeaderStateImpl.java:addPendingRequest(529)) - s7@group-27FC73985AF3-LeaderStateImpl: addPendingRequest at RaftClientRequest:client-5EEBF694C411->s7@group-27FC73985AF3, cid=6196, seq=null, RW, Message:01016300, entry=(t:1, i:59), STATEMACHINELOGENTRY, WRITE: logData.size=4, stateMachineData.size=0, logEntryProtoSerializedSize=0
2024-10-16 23:57:22,829 DEBUG server.RaftServer$Division (RaftServerImpl.java:logAppendEntries(1549)) - s9@group-27FC73985AF3: appendEntries* reply s7<-s9#6195:OK-t1,SUCCESS,nextIndex=59,followerCommit=57,matchIndex=58
2024-10-16 23:57:22,830 DEBUG server.RaftServer$Division (RaftServerImpl.java:logAppendEntries(1549)) - s9@group-27FC73985AF3: appendEntries* s7->s9#6197-t1,previous=(t:1, i:58),leaderCommit=58,initializing? false,entries: size=1, first=(t:1, i:59), STATEMACHINELOGENTRY, StateMachineLogEntryProto:6196@client-5EEBF694C411
2024-10-16 23:57:22,830 DEBUG server.RaftServer$Division (RaftServerImpl.java:logAppendEntries(1549)) - s9@group-27FC73985AF3: appendEntries* reply s7<-s9#6197:OK-t1,SUCCESS,nextIndex=60,followerCommit=58,matchIndex=59
2024-10-16 23:57:22,830 INFO  statemachine.StateMachine (ArithmeticStateMachine.java:applyTransaction(181)) - LEADER:s7-59: c = null = null
2024-10-16 23:57:22,831 DEBUG server.RaftServer$Division (RaftServerImpl.java:logAppendEntries(1549)) - s9@group-27FC73985AF3: appendEntries* s7->s9#6198-t1,previous=(t:1, i:59),leaderCommit=59,initializing? false,entries: size=1, first=(t:1, i:60), METADATAENTRY(c:59)
2024-10-16 23:57:22,831 DEBUG server.RaftServer$Division (RaftServerImpl.java:logAppendEntries(1549)) - s9@group-27FC73985AF3: appendEntries* reply s7<-s9#6198:OK-t1,SUCCESS,nextIndex=61,followerCommit=59,matchIndex=60
2024-10-16 23:57:22,831 DEBUG server.RaftServer$Division (RaftServerImpl.java:submitClientRequestAsync(920)) - s7@group-27FC73985AF3: receive client request(RaftClientRequest:client-5EEBF694C411->s7@group-27FC73985AF3, cid=6199, seq=null, RW, Message:01016102405740000000...(size=12))
2024-10-16 23:57:22,832 DEBUG server.RaftServer$Division (LeaderStateImpl.java:addPendingRequest(529)) - s7@group-27FC73985AF3-LeaderStateImpl: addPendingRequest at RaftClientRequest:client-5EEBF694C411->s7@group-27FC73985AF3, cid=6199, seq=null, RW, Message:01016102405740000000...(size=12), entry=(t:1, i:61), STATEMACHINELOGENTRY, WRITE: logData.size=12, stateMachineData.size=0, logEntryProtoSerializedSize=0
2024-10-16 23:57:22,832 DEBUG server.RaftServer$Division (RaftServerImpl.java:logAppendEntries(1549)) - s9@group-27FC73985AF3: appendEntries* s7->s9#6200-t1,previous=(t:1, i:60),leaderCommit=59,initializing? false,entries: size=1, first=(t:1, i:61), STATEMACHINELOGENTRY, StateMachineLogEntryProto:6199@client-5EEBF694C411
2024-10-16 23:57:22,832 DEBUG server.RaftServer$Division (RaftServerImpl.java:logAppendEntries(1549)) - s9@group-27FC73985AF3: appendEntries* reply s7<-s9#6200:OK-t1,SUCCESS,nextIndex=62,followerCommit=59,matchIndex=61
2024-10-16 23:57:22,832 INFO  statemachine.StateMachine (ArithmeticStateMachine.java:applyTransaction(181)) - LEADER:s7-61: a = 93 = 93
2024-10-16 23:57:22,833 DEBUG server.RaftServer$Division (RaftServerImpl.java:logAppendEntries(1549)) - s8@group-27FC73985AF3: appendEntries* s7->s8#6185-t1,previous=(t:1, i:50),leaderCommit=50,initializing? false,entries: size=1, first=(t:1, i:51), STATEMACHINELOGENTRY, StateMachineLogEntryProto:6183@client-5EEBF694C411
2024-10-16 23:57:22,833 DEBUG server.RaftServer$Division (RaftServerImpl.java:logAppendEntries(1549)) - s9@group-27FC73985AF3: appendEntries* s7->s9#6201-t1,previous=(t:1, i:61),leaderCommit=61,initializing? false,entries: size=1, first=(t:1, i:62), METADATAENTRY(c:61)
2024-10-16 23:57:22,833 DEBUG server.RaftServer$Division (RaftServerImpl.java:logAppendEntries(1549)) - s8@group-27FC73985AF3: appendEntries* reply s7<-s8#6185:OK-t1,SUCCESS,nextIndex=52,followerCommit=50,matchIndex=51
2024-10-16 23:57:22,833 DEBUG server.RaftServer$Division (RaftServerImpl.java:logAppendEntries(1549)) - s9@group-27FC73985AF3: appendEntries* reply s7<-s9#6201:OK-t1,SUCCESS,nextIndex=63,followerCommit=61,matchIndex=62
2024-10-16 23:57:22,834 DEBUG server.RaftServer$Division (RaftServerImpl.java:logAppendEntries(1549)) - s8@group-27FC73985AF3: appendEntries* s7->s8#6203-t1,previous=(t:1, i:51),leaderCommit=61,initializing? false,entries: size=11, first=(t:1, i:52), METADATAENTRY(c:51)
2024-10-16 23:57:22,834 DEBUG server.RaftServer$Division (RaftServerImpl.java:logAppendEntries(1549)) - s8@group-27FC73985AF3: appendEntries* reply s7<-s8#6203:OK-t1,SUCCESS,nextIndex=63,followerCommit=61,matchIndex=62
2024-10-16 23:57:22,835 DEBUG server.RaftServer$Division (RaftServerImpl.java:submitClientRequestAsync(920)) - s7@group-27FC73985AF3: receive client request(RaftClientRequest:client-5EEBF694C411->s7@group-27FC73985AF3, cid=6202, seq=null, RW, Message:0101620240b0e4000000...(size=12))
2024-10-16 23:57:22,840 DEBUG server.RaftServer$Division (LeaderStateImpl.java:addPendingRequest(529)) - s7@group-27FC73985AF3-LeaderStateImpl: addPendingRequest at RaftClientRequest:client-5EEBF694C411->s7@group-27FC73985AF3, cid=6202, seq=null, RW, Message:0101620240b0e4000000...(size=12), entry=(t:1, i:63), STATEMACHINELOGENTRY, WRITE: logData.size=12, stateMachineData.size=0, logEntryProtoSerializedSize=0
2024-10-16 23:57:22,841 DEBUG server.RaftServer$Division (RaftServerImpl.java:logAppendEntries(1549)) - s8@group-27FC73985AF3: appendEntries* s7->s8#6204-t1,previous=(t:1, i:62),leaderCommit=62,initializing? false,entries: size=1, first=(t:1, i:63), STATEMACHINELOGENTRY, StateMachineLogEntryProto:6202@client-5EEBF694C411
2024-10-16 23:57:22,841 DEBUG server.RaftServer$Division (RaftServerImpl.java:logAppendEntries(1549)) - s9@group-27FC73985AF3: appendEntries* s7->s9#6205-t1,previous=(t:1, i:62),leaderCommit=62,initializing? false,entries: size=1, first=(t:1, i:63), STATEMACHINELOGENTRY, StateMachineLogEntryProto:6202@client-5EEBF694C411
2024-10-16 23:57:22,841 DEBUG server.RaftServer$Division (RaftServerImpl.java:logAppendEntries(1549)) - s8@group-27FC73985AF3: appendEntries* reply s7<-s8#6204:OK-t1,SUCCESS,nextIndex=64,followerCommit=62,matchIndex=63
2024-10-16 23:57:22,841 INFO  statemachine.StateMachine (ArithmeticStateMachine.java:applyTransaction(181)) - LEADER:s7-63: b = 4324 = 4324
2024-10-16 23:57:22,842 DEBUG server.RaftServer$Division (RaftServerImpl.java:logAppendEntries(1549)) - s9@group-27FC73985AF3: appendEntries* reply s7<-s9#6205:OK-t1,SUCCESS,nextIndex=64,followerCommit=62,matchIndex=63
2024-10-16 23:57:22,842 DEBUG server.RaftServer$Division (RaftServerImpl.java:logAppendEntries(1549)) - s8@group-27FC73985AF3: appendEntries* s7->s8#6206-t1,previous=(t:1, i:63),leaderCommit=63,initializing? false,entries: size=1, first=(t:1, i:64), METADATAENTRY(c:63)
2024-10-16 23:57:22,842 DEBUG server.RaftServer$Division (RaftServerImpl.java:submitClientRequestAsync(920)) - s7@group-27FC73985AF3: receive client request(RaftClientRequest:client-5EEBF694C411->s7@group-27FC73985AF3, cid=6207, seq=null, RW, Message:01016304010300040201...(size=17))
2024-10-16 23:57:22,842 DEBUG server.RaftServer$Division (RaftServerImpl.java:logAppendEntries(1549)) - s8@group-27FC73985AF3: appendEntries* reply s7<-s8#6206:OK-t1,SUCCESS,nextIndex=65,followerCommit=63,matchIndex=64
2024-10-16 23:57:22,842 DEBUG server.RaftServer$Division (RaftServerImpl.java:logAppendEntries(1549)) - s9@group-27FC73985AF3: appendEntries* s7->s9#6208-t1,previous=(t:1, i:63),leaderCommit=63,initializing? false,entries: size=1, first=(t:1, i:64), METADATAENTRY(c:63)
2024-10-16 23:57:22,842 DEBUG server.RaftServer$Division (LeaderStateImpl.java:addPendingRequest(529)) - s7@group-27FC73985AF3-LeaderStateImpl: addPendingRequest at RaftClientRequest:client-5EEBF694C411->s7@group-27FC73985AF3, cid=6207, seq=null, RW, Message:01016304010300040201...(size=17), entry=(t:1, i:65), STATEMACHINELOGENTRY, WRITE: logData.size=17, stateMachineData.size=0, logEntryProtoSerializedSize=0
2024-10-16 23:57:22,843 DEBUG server.RaftServer$Division (RaftServerImpl.java:logAppendEntries(1549)) - s8@group-27FC73985AF3: appendEntries* s7->s8#6209-t1,previous=(t:1, i:64),leaderCommit=63,initializing? false,entries: size=1, first=(t:1, i:65), STATEMACHINELOGENTRY, StateMachineLogEntryProto:6207@client-5EEBF694C411
2024-10-16 23:57:22,843 DEBUG server.RaftServer$Division (RaftServerImpl.java:logAppendEntries(1549)) - s9@group-27FC73985AF3: appendEntries* reply s7<-s9#6208:OK-t1,SUCCESS,nextIndex=65,followerCommit=63,matchIndex=64
2024-10-16 23:57:22,843 DEBUG server.RaftServer$Division (RaftServerImpl.java:logAppendEntries(1549)) - s8@group-27FC73985AF3: appendEntries* reply s7<-s8#6209:OK-t1,SUCCESS,nextIndex=66,followerCommit=63,matchIndex=65
2024-10-16 23:57:22,843 INFO  statemachine.StateMachine (ArithmeticStateMachine.java:applyTransaction(181)) - LEADER:s7-65: c = √(a^2 + b^2) = 4325
2024-10-16 23:57:22,844 DEBUG server.RaftServer$Division (RaftServerImpl.java:logAppendEntries(1549)) - s8@group-27FC73985AF3: appendEntries* s7->s8#6211-t1,previous=(t:1, i:65),leaderCommit=65,initializing? false,entries: size=1, first=(t:1, i:66), METADATAENTRY(c:65)
2024-10-16 23:57:22,844 DEBUG server.RaftServer$Division (RaftServerImpl.java:submitClientRequestAsync(920)) - s7@group-27FC73985AF3: receive client request(RaftClientRequest:client-5EEBF694C411->s7@group-27FC73985AF3, cid=6212, seq=null, RW, Message:01016100)
2024-10-16 23:57:22,844 DEBUG server.RaftServer$Division (RaftServerImpl.java:logAppendEntries(1549)) - s9@group-27FC73985AF3: appendEntries* s7->s9#6210-t1,previous=(t:1, i:64),leaderCommit=64,initializing? false,entries: size=1, first=(t:1, i:65), STATEMACHINELOGENTRY, StateMachineLogEntryProto:6207@client-5EEBF694C411
2024-10-16 23:57:22,844 DEBUG server.RaftServer$Division (RaftServerImpl.java:logAppendEntries(1549)) - s8@group-27FC73985AF3: appendEntries* reply s7<-s8#6211:OK-t1,SUCCESS,nextIndex=67,followerCommit=65,matchIndex=66
2024-10-16 23:57:22,844 DEBUG server.RaftServer$Division (LeaderStateImpl.java:addPendingRequest(529)) - s7@group-27FC73985AF3-LeaderStateImpl: addPendingRequest at RaftClientRequest:client-5EEBF694C411->s7@group-27FC73985AF3, cid=6212, seq=null, RW, Message:01016100, entry=(t:1, i:67), STATEMACHINELOGENTRY, WRITE: logData.size=4, stateMachineData.size=0, logEntryProtoSerializedSize=0
2024-10-16 23:57:22,845 DEBUG server.RaftServer$Division (RaftServerImpl.java:logAppendEntries(1549)) - s8@group-27FC73985AF3: appendEntries* s7->s8#6213-t1,previous=(t:1, i:66),leaderCommit=65,initializing? false,entries: size=1, first=(t:1, i:67), STATEMACHINELOGENTRY, StateMachineLogEntryProto:6212@client-5EEBF694C411
2024-10-16 23:57:22,845 DEBUG server.RaftServer$Division (RaftServerImpl.java:logAppendEntries(1549)) - s9@group-27FC73985AF3: appendEntries* reply s7<-s9#6210:OK-t1,SUCCESS,nextIndex=66,followerCommit=64,matchIndex=65
2024-10-16 23:57:22,845 DEBUG server.RaftServer$Division (RaftServerImpl.java:logAppendEntries(1549)) - s8@group-27FC73985AF3: appendEntries* reply s7<-s8#6213:OK-t1,SUCCESS,nextIndex=68,followerCommit=65,matchIndex=67
2024-10-16 23:57:22,845 INFO  statemachine.StateMachine (ArithmeticStateMachine.java:applyTransaction(181)) - LEADER:s7-67: a = null = null
2024-10-16 23:57:22,845 DEBUG server.RaftServer$Division (RaftServerImpl.java:logAppendEntries(1549)) - s9@group-27FC73985AF3: appendEntries* s7->s9#6214-t1,previous=(t:1, i:65),leaderCommit=66,initializing? false,entries: size=2, first=(t:1, i:66), METADATAENTRY(c:65)
2024-10-16 23:57:22,846 DEBUG server.RaftServer$Division (RaftServerImpl.java:logAppendEntries(1549)) - s8@group-27FC73985AF3: appendEntries* s7->s8#6215-t1,previous=(t:1, i:67),leaderCommit=67,initializing? false,entries: size=1, first=(t:1, i:68), METADATAENTRY(c:67)
2024-10-16 23:57:22,846 DEBUG server.RaftServer$Division (RaftServerImpl.java:logAppendEntries(1549)) - s8@group-27FC73985AF3: appendEntries* reply s7<-s8#6215:OK-t1,SUCCESS,nextIndex=69,followerCommit=67,matchIndex=68
2024-10-16 23:57:22,846 DEBUG server.RaftServer$Division (RaftServerImpl.java:submitClientRequestAsync(920)) - s7@group-27FC73985AF3: receive client request(RaftClientRequest:client-5EEBF694C411->s7@group-27FC73985AF3, cid=6216, seq=null, RW, Message:01016200)
2024-10-16 23:57:22,846 DEBUG server.RaftServer$Division (RaftServerImpl.java:logAppendEntries(1549)) - s9@group-27FC73985AF3: appendEntries* reply s7<-s9#6214:OK-t1,SUCCESS,nextIndex=68,followerCommit=66,matchIndex=67
2024-10-16 23:57:22,846 DEBUG server.RaftServer$Division (LeaderStateImpl.java:addPendingRequest(529)) - s7@group-27FC73985AF3-LeaderStateImpl: addPendingRequest at RaftClientRequest:client-5EEBF694C411->s7@group-27FC73985AF3, cid=6216, seq=null, RW, Message:01016200, entry=(t:1, i:69), STATEMACHINELOGENTRY, WRITE: logData.size=4, stateMachineData.size=0, logEntryProtoSerializedSize=0
2024-10-16 23:57:22,847 DEBUG server.RaftServer$Division (RaftServerImpl.java:logAppendEntries(1549)) - s8@group-27FC73985AF3: appendEntries* s7->s8#6217-t1,previous=(t:1, i:68),leaderCommit=68,initializing? false,entries: size=1, first=(t:1, i:69), STATEMACHINELOGENTRY, StateMachineLogEntryProto:6216@client-5EEBF694C411
2024-10-16 23:57:22,847 DEBUG server.RaftServer$Division (RaftServerImpl.java:logAppendEntries(1549)) - s9@group-27FC73985AF3: appendEntries* s7->s9#6218-t1,previous=(t:1, i:67),leaderCommit=68,initializing? false,entries: size=2, first=(t:1, i:68), METADATAENTRY(c:67)
2024-10-16 23:57:22,848 DEBUG server.RaftServer$Division (RaftServerImpl.java:logAppendEntries(1549)) - s8@group-27FC73985AF3: appendEntries* reply s7<-s8#6217:OK-t1,SUCCESS,nextIndex=70,followerCommit=68,matchIndex=69
2024-10-16 23:57:22,848 INFO  statemachine.StateMachine (ArithmeticStateMachine.java:applyTransaction(181)) - LEADER:s7-69: b = null = null
2024-10-16 23:57:22,848 DEBUG server.RaftServer$Division (RaftServerImpl.java:logAppendEntries(1549)) - s9@group-27FC73985AF3: appendEntries* reply s7<-s9#6218:OK-t1,SUCCESS,nextIndex=70,followerCommit=68,matchIndex=69
2024-10-16 23:57:22,848 DEBUG server.RaftServer$Division (RaftServerImpl.java:submitClientRequestAsync(920)) - s7@group-27FC73985AF3: receive client request(RaftClientRequest:client-5EEBF694C411->s7@group-27FC73985AF3, cid=6220, seq=null, RW, Message:01016300)
2024-10-16 23:57:22,848 DEBUG server.RaftServer$Division (RaftServerImpl.java:logAppendEntries(1549)) - s8@group-27FC73985AF3: appendEntries* s7->s8#6219-t1,previous=(t:1, i:69),leaderCommit=69,initializing? false,entries: size=1, first=(t:1, i:70), METADATAENTRY(c:69)
2024-10-16 23:57:22,849 DEBUG server.RaftServer$Division (RaftServerImpl.java:logAppendEntries(1549)) - s9@group-27FC73985AF3: appendEntries* s7->s9#6221-t1,previous=(t:1, i:69),leaderCommit=69,initializing? false,entries: size=1, first=(t:1, i:70), METADATAENTRY(c:69)
2024-10-16 23:57:22,849 DEBUG server.RaftServer$Division (LeaderStateImpl.java:addPendingRequest(529)) - s7@group-27FC73985AF3-LeaderStateImpl: addPendingRequest at RaftClientRequest:client-5EEBF694C411->s7@group-27FC73985AF3, cid=6220, seq=null, RW, Message:01016300, entry=(t:1, i:71), STATEMACHINELOGENTRY, WRITE: logData.size=4, stateMachineData.size=0, logEntryProtoSerializedSize=0
2024-10-16 23:57:22,850 DEBUG server.RaftServer$Division (RaftServerImpl.java:logAppendEntries(1549)) - s9@group-27FC73985AF3: appendEntries* reply s7<-s9#6221:OK-t1,SUCCESS,nextIndex=71,followerCommit=69,matchIndex=70
2024-10-16 23:57:22,850 DEBUG server.RaftServer$Division (RaftServerImpl.java:logAppendEntries(1549)) - s8@group-27FC73985AF3: appendEntries* reply s7<-s8#6219:OK-t1,SUCCESS,nextIndex=71,followerCommit=69,matchIndex=70
2024-10-16 23:57:22,850 DEBUG server.RaftServer$Division (RaftServerImpl.java:logAppendEntries(1549)) - s8@group-27FC73985AF3: appendEntries* s7->s8#6222-t1,previous=(t:1, i:70),leaderCommit=69,initializing? false,entries: size=1, first=(t:1, i:71), STATEMACHINELOGENTRY, StateMachineLogEntryProto:6220@client-5EEBF694C411
2024-10-16 23:57:22,851 DEBUG server.RaftServer$Division (RaftServerImpl.java:logAppendEntries(1549)) - s9@group-27FC73985AF3: appendEntries* s7->s9#6223-t1,previous=(t:1, i:70),leaderCommit=70,initializing? false,entries: size=1, first=(t:1, i:71), STATEMACHINELOGENTRY, StateMachineLogEntryProto:6220@client-5EEBF694C411
2024-10-16 23:57:22,851 DEBUG server.RaftServer$Division (RaftServerImpl.java:logAppendEntries(1549)) - s8@group-27FC73985AF3: appendEntries* reply s7<-s8#6222:OK-t1,SUCCESS,nextIndex=72,followerCommit=69,matchIndex=71
2024-10-16 23:57:22,851 INFO  statemachine.StateMachine (ArithmeticStateMachine.java:applyTransaction(181)) - LEADER:s7-71: c = null = null
2024-10-16 23:57:22,851 DEBUG server.RaftServer$Division (RaftServerImpl.java:logAppendEntries(1549)) - s9@group-27FC73985AF3: appendEntries* reply s7<-s9#6223:OK-t1,SUCCESS,nextIndex=72,followerCommit=70,matchIndex=71
2024-10-16 23:57:22,851 DEBUG server.RaftServer$Division (RaftServerImpl.java:logAppendEntries(1549)) - s8@group-27FC73985AF3: appendEntries* s7->s8#6224-t1,previous=(t:1, i:71),leaderCommit=71,initializing? false,entries: size=1, first=(t:1, i:72), METADATAENTRY(c:71)
2024-10-16 23:57:22,852 DEBUG server.RaftServer$Division (RaftServerImpl.java:submitClientRequestAsync(920)) - s7@group-27FC73985AF3: receive client request(RaftClientRequest:client-5EEBF694C411->s7@group-27FC73985AF3, cid=6225, seq=null, RW, Message:010161024057c0000000...(size=12))
2024-10-16 23:57:22,852 DEBUG server.RaftServer$Division (RaftServerImpl.java:logAppendEntries(1549)) - s8@group-27FC73985AF3: appendEntries* reply s7<-s8#6224:OK-t1,SUCCESS,nextIndex=73,followerCommit=71,matchIndex=72
2024-10-16 23:57:22,852 DEBUG server.RaftServer$Division (RaftServerImpl.java:logAppendEntries(1549)) - s9@group-27FC73985AF3: appendEntries* s7->s9#6226-t1,previous=(t:1, i:71),leaderCommit=71,initializing? false,entries: size=1, first=(t:1, i:72), METADATAENTRY(c:71)
2024-10-16 23:57:22,852 DEBUG server.RaftServer$Division (LeaderStateImpl.java:addPendingRequest(529)) - s7@group-27FC73985AF3-LeaderStateImpl: addPendingRequest at RaftClientRequest:client-5EEBF694C411->s7@group-27FC73985AF3, cid=6225, seq=null, RW, Message:010161024057c0000000...(size=12), entry=(t:1, i:73), STATEMACHINELOGENTRY, WRITE: logData.size=12, stateMachineData.size=0, logEntryProtoSerializedSize=0
2024-10-16 23:57:22,853 DEBUG server.RaftServer$Division (RaftServerImpl.java:logAppendEntries(1549)) - s9@group-27FC73985AF3: appendEntries* reply s7<-s9#6226:OK-t1,SUCCESS,nextIndex=73,followerCommit=71,matchIndex=72
2024-10-16 23:57:22,853 DEBUG server.RaftServer$Division (RaftServerImpl.java:logAppendEntries(1549)) - s8@group-27FC73985AF3: appendEntries* s7->s8#6227-t1,previous=(t:1, i:72),leaderCommit=71,initializing? false,entries: size=1, first=(t:1, i:73), STATEMACHINELOGENTRY, StateMachineLogEntryProto:6225@client-5EEBF694C411
2024-10-16 23:57:22,853 DEBUG server.RaftServer$Division (RaftServerImpl.java:logAppendEntries(1549)) - s8@group-27FC73985AF3: appendEntries* reply s7<-s8#6227:OK-t1,SUCCESS,nextIndex=74,followerCommit=71,matchIndex=73
2024-10-16 23:57:22,853 INFO  statemachine.StateMachine (ArithmeticStateMachine.java:applyTransaction(181)) - LEADER:s7-73: a = 95 = 95
2024-10-16 23:57:22,853 DEBUG server.RaftServer$Division (RaftServerImpl.java:logAppendEntries(1549)) - s9@group-27FC73985AF3: appendEntries* s7->s9#6228-t1,previous=(t:1, i:72),leaderCommit=72,initializing? false,entries: size=1, first=(t:1, i:73), STATEMACHINELOGENTRY, StateMachineLogEntryProto:6225@client-5EEBF694C411
2024-10-16 23:57:22,854 DEBUG server.RaftServer$Division (RaftServerImpl.java:logAppendEntries(1549)) - s8@group-27FC73985AF3: appendEntries* s7->s8#6229-t1,previous=(t:1, i:73),leaderCommit=73,initializing? false,entries: size=1, first=(t:1, i:74), METADATAENTRY(c:73)
2024-10-16 23:57:22,854 DEBUG server.RaftServer$Division (RaftServerImpl.java:submitClientRequestAsync(920)) - s7@group-27FC73985AF3: receive client request(RaftClientRequest:client-5EEBF694C411->s7@group-27FC73985AF3, cid=6230, seq=null, RW, Message:0101620240b1a0000000...(size=12))
2024-10-16 23:57:22,854 DEBUG server.RaftServer$Division (RaftServerImpl.java:logAppendEntries(1549)) - s8@group-27FC73985AF3: appendEntries* reply s7<-s8#6229:OK-t1,SUCCESS,nextIndex=75,followerCommit=73,matchIndex=74
2024-10-16 23:57:22,854 DEBUG server.RaftServer$Division (RaftServerImpl.java:logAppendEntries(1549)) - s9@group-27FC73985AF3: appendEntries* reply s7<-s9#6228:OK-t1,SUCCESS,nextIndex=74,followerCommit=72,matchIndex=73
2024-10-16 23:57:22,854 DEBUG server.RaftServer$Division (LeaderStateImpl.java:addPendingRequest(529)) - s7@group-27FC73985AF3-LeaderStateImpl: addPendingRequest at RaftClientRequest:client-5EEBF694C411->s7@group-27FC73985AF3, cid=6230, seq=null, RW, Message:0101620240b1a0000000...(size=12), entry=(t:1, i:75), STATEMACHINELOGENTRY, WRITE: logData.size=12, stateMachineData.size=0, logEntryProtoSerializedSize=0
2024-10-16 23:57:22,855 DEBUG server.RaftServer$Division (RaftServerImpl.java:logAppendEntries(1549)) - s8@group-27FC73985AF3: appendEntries* s7->s8#6232-t1,previous=(t:1, i:74),leaderCommit=73,initializing? false,entries: size=1, first=(t:1, i:75), STATEMACHINELOGENTRY, StateMachineLogEntryProto:6230@client-5EEBF694C411
2024-10-16 23:57:22,855 DEBUG server.RaftServer$Division (RaftServerImpl.java:logAppendEntries(1549)) - s9@group-27FC73985AF3: appendEntries* s7->s9#6231-t1,previous=(t:1, i:73),leaderCommit=73,initializing? false,entries: size=2, first=(t:1, i:74), METADATAENTRY(c:73)
2024-10-16 23:57:22,855 DEBUG server.RaftServer$Division (RaftServerImpl.java:logAppendEntries(1549)) - s8@group-27FC73985AF3: appendEntries* reply s7<-s8#6232:OK-t1,SUCCESS,nextIndex=76,followerCommit=73,matchIndex=75
2024-10-16 23:57:22,855 INFO  statemachine.StateMachine (ArithmeticStateMachine.java:applyTransaction(181)) - LEADER:s7-75: b = 4512 = 4512
2024-10-16 23:57:22,856 DEBUG server.RaftServer$Division (RaftServerImpl.java:logAppendEntries(1549)) - s9@group-27FC73985AF3: appendEntries* reply s7<-s9#6231:OK-t1,SUCCESS,nextIndex=76,followerCommit=73,matchIndex=75
2024-10-16 23:57:22,856 DEBUG server.RaftServer$Division (RaftServerImpl.java:logAppendEntries(1549)) - s8@group-27FC73985AF3: appendEntries* s7->s8#6233-t1,previous=(t:1, i:75),leaderCommit=75,initializing? false,entries: size=1, first=(t:1, i:76), METADATAENTRY(c:75)
2024-10-16 23:57:22,856 DEBUG server.RaftServer$Division (RaftServerImpl.java:logAppendEntries(1549)) - s8@group-27FC73985AF3: appendEntries* reply s7<-s8#6233:OK-t1,SUCCESS,nextIndex=77,followerCommit=75,matchIndex=76
2024-10-16 23:57:22,856 DEBUG server.RaftServer$Division (RaftServerImpl.java:submitClientRequestAsync(920)) - s7@group-27FC73985AF3: receive client request(RaftClientRequest:client-5EEBF694C411->s7@group-27FC73985AF3, cid=6234, seq=null, RW, Message:01016304010300040201...(size=17))
2024-10-16 23:57:22,857 DEBUG server.RaftServer$Division (LeaderStateImpl.java:addPendingRequest(529)) - s7@group-27FC73985AF3-LeaderStateImpl: addPendingRequest at RaftClientRequest:client-5EEBF694C411->s7@group-27FC73985AF3, cid=6234, seq=null, RW, Message:01016304010300040201...(size=17), entry=(t:1, i:77), STATEMACHINELOGENTRY, WRITE: logData.size=17, stateMachineData.size=0, logEntryProtoSerializedSize=0
2024-10-16 23:57:22,857 DEBUG server.RaftServer$Division (RaftServerImpl.java:logAppendEntries(1549)) - s9@group-27FC73985AF3: appendEntries* s7->s9#6235-t1,previous=(t:1, i:75),leaderCommit=75,initializing? false,entries: size=1, first=(t:1, i:76), METADATAENTRY(c:75)
2024-10-16 23:57:22,857 DEBUG server.RaftServer$Division (RaftServerImpl.java:logAppendEntries(1549)) - s8@group-27FC73985AF3: appendEntries* s7->s8#6236-t1,previous=(t:1, i:76),leaderCommit=76,initializing? false,entries: size=1, first=(t:1, i:77), STATEMACHINELOGENTRY, StateMachineLogEntryProto:6234@client-5EEBF694C411
2024-10-16 23:57:22,857 DEBUG server.RaftServer$Division (RaftServerImpl.java:logAppendEntries(1549)) - s9@group-27FC73985AF3: appendEntries* reply s7<-s9#6235:OK-t1,SUCCESS,nextIndex=77,followerCommit=75,matchIndex=76
2024-10-16 23:57:22,857 DEBUG server.RaftServer$Division (RaftServerImpl.java:logAppendEntries(1549)) - s8@group-27FC73985AF3: appendEntries* reply s7<-s8#6236:OK-t1,SUCCESS,nextIndex=78,followerCommit=76,matchIndex=77
2024-10-16 23:57:22,858 INFO  statemachine.StateMachine (ArithmeticStateMachine.java:applyTransaction(181)) - LEADER:s7-77: c = √(a^2 + b^2) = 4513
2024-10-16 23:57:22,858 DEBUG server.RaftServer$Division (RaftServerImpl.java:logAppendEntries(1549)) - s8@group-27FC73985AF3: appendEntries* s7->s8#6239-t1,previous=(t:1, i:77),leaderCommit=77,initializing? false,entries: size=1, first=(t:1, i:78), METADATAENTRY(c:77)
2024-10-16 23:57:22,858 DEBUG server.RaftServer$Division (RaftServerImpl.java:logAppendEntries(1549)) - s9@group-27FC73985AF3: appendEntries* s7->s9#6237-t1,previous=(t:1, i:76),leaderCommit=77,initializing? false,entries: size=2, first=(t:1, i:77), STATEMACHINELOGENTRY, StateMachineLogEntryProto:6234@client-5EEBF694C411
2024-10-16 23:57:22,858 DEBUG server.RaftServer$Division (RaftServerImpl.java:submitClientRequestAsync(920)) - s7@group-27FC73985AF3: receive client request(RaftClientRequest:client-5EEBF694C411->s7@group-27FC73985AF3, cid=6238, seq=null, RW, Message:01016100)
2024-10-16 23:57:22,859 DEBUG server.RaftServer$Division (RaftServerImpl.java:logAppendEntries(1549)) - s8@group-27FC73985AF3: appendEntries* reply s7<-s8#6239:OK-t1,SUCCESS,nextIndex=79,followerCommit=77,matchIndex=78
2024-10-16 23:57:22,859 DEBUG server.RaftServer$Division (LeaderStateImpl.java:addPendingRequest(529)) - s7@group-27FC73985AF3-LeaderStateImpl: addPendingRequest at RaftClientRequest:client-5EEBF694C411->s7@group-27FC73985AF3, cid=6238, seq=null, RW, Message:01016100, entry=(t:1, i:79), STATEMACHINELOGENTRY, WRITE: logData.size=4, stateMachineData.size=0, logEntryProtoSerializedSize=0
2024-10-16 23:57:22,859 DEBUG server.RaftServer$Division (RaftServerImpl.java:logAppendEntries(1549)) - s9@group-27FC73985AF3: appendEntries* reply s7<-s9#6237:OK-t1,SUCCESS,nextIndex=79,followerCommit=77,matchIndex=78
2024-10-16 23:57:22,859 DEBUG server.RaftServer$Division (RaftServerImpl.java:logAppendEntries(1549)) - s8@group-27FC73985AF3: appendEntries* s7->s8#6240-t1,previous=(t:1, i:78),leaderCommit=77,initializing? false,entries: size=1, first=(t:1, i:79), STATEMACHINELOGENTRY, StateMachineLogEntryProto:6238@client-5EEBF694C411
2024-10-16 23:57:22,860 DEBUG server.RaftServer$Division (RaftServerImpl.java:logAppendEntries(1549)) - s8@group-27FC73985AF3: appendEntries* reply s7<-s8#6240:OK-t1,SUCCESS,nextIndex=80,followerCommit=77,matchIndex=79
2024-10-16 23:57:22,860 DEBUG server.RaftServer$Division (RaftServerImpl.java:logAppendEntries(1549)) - s9@group-27FC73985AF3: appendEntries* s7->s9#6241-t1,previous=(t:1, i:78),leaderCommit=78,initializing? false,entries: size=1, first=(t:1, i:79), STATEMACHINELOGENTRY, StateMachineLogEntryProto:6238@client-5EEBF694C411
2024-10-16 23:57:22,860 INFO  statemachine.StateMachine (ArithmeticStateMachine.java:applyTransaction(181)) - LEADER:s7-79: a = null = null
2024-10-16 23:57:22,860 DEBUG server.RaftServer$Division (RaftServerImpl.java:logAppendEntries(1549)) - s8@group-27FC73985AF3: appendEntries* s7->s8#6242-t1,previous=(t:1, i:79),leaderCommit=79,initializing? false,entries: size=1, first=(t:1, i:80), METADATAENTRY(c:79)
2024-10-16 23:57:22,860 DEBUG server.RaftServer$Division (RaftServerImpl.java:logAppendEntries(1549)) - s9@group-27FC73985AF3: appendEntries* reply s7<-s9#6241:OK-t1,SUCCESS,nextIndex=80,followerCommit=78,matchIndex=79
2024-10-16 23:57:22,861 DEBUG server.RaftServer$Division (RaftServerImpl.java:logAppendEntries(1549)) - s8@group-27FC73985AF3: appendEntries* reply s7<-s8#6242:OK-t1,SUCCESS,nextIndex=81,followerCommit=79,matchIndex=80
2024-10-16 23:57:22,861 DEBUG server.RaftServer$Division (RaftServerImpl.java:logAppendEntries(1549)) - s9@group-27FC73985AF3: appendEntries* s7->s9#6244-t1,previous=(t:1, i:79),leaderCommit=79,initializing? false,entries: size=1, first=(t:1, i:80), METADATAENTRY(c:79)
2024-10-16 23:57:22,861 DEBUG server.RaftServer$Division (RaftServerImpl.java:submitClientRequestAsync(920)) - s7@group-27FC73985AF3: receive client request(RaftClientRequest:client-5EEBF694C411->s7@group-27FC73985AF3, cid=6243, seq=null, RW, Message:01016200)
2024-10-16 23:57:22,861 DEBUG server.RaftServer$Division (LeaderStateImpl.java:addPendingRequest(529)) - s7@group-27FC73985AF3-LeaderStateImpl: addPendingRequest at RaftClientRequest:client-5EEBF694C411->s7@group-27FC73985AF3, cid=6243, seq=null, RW, Message:01016200, entry=(t:1, i:81), STATEMACHINELOGENTRY, WRITE: logData.size=4, stateMachineData.size=0, logEntryProtoSerializedSize=0
2024-10-16 23:57:22,861 DEBUG server.RaftServer$Division (RaftServerImpl.java:logAppendEntries(1549)) - s9@group-27FC73985AF3: appendEntries* reply s7<-s9#6244:OK-t1,SUCCESS,nextIndex=81,followerCommit=79,matchIndex=80
2024-10-16 23:57:22,862 DEBUG server.RaftServer$Division (RaftServerImpl.java:logAppendEntries(1549)) - s8@group-27FC73985AF3: appendEntries* s7->s8#6245-t1,previous=(t:1, i:80),leaderCommit=80,initializing? false,entries: size=1, first=(t:1, i:81), STATEMACHINELOGENTRY, StateMachineLogEntryProto:6243@client-5EEBF694C411
2024-10-16 23:57:22,862 DEBUG server.RaftServer$Division (RaftServerImpl.java:logAppendEntries(1549)) - s9@group-27FC73985AF3: appendEntries* s7->s9#6246-t1,previous=(t:1, i:80),leaderCommit=80,initializing? false,entries: size=1, first=(t:1, i:81), STATEMACHINELOGENTRY, StateMachineLogEntryProto:6243@client-5EEBF694C411
2024-10-16 23:57:22,862 DEBUG server.RaftServer$Division (RaftServerImpl.java:logAppendEntries(1549)) - s8@group-27FC73985AF3: appendEntries* reply s7<-s8#6245:OK-t1,SUCCESS,nextIndex=82,followerCommit=80,matchIndex=81
2024-10-16 23:57:22,862 DEBUG server.RaftServer$Division (RaftServerImpl.java:logAppendEntries(1549)) - s9@group-27FC73985AF3: appendEntries* reply s7<-s9#6246:OK-t1,SUCCESS,nextIndex=82,followerCommit=80,matchIndex=81
2024-10-16 23:57:22,862 INFO  statemachine.StateMachine (ArithmeticStateMachine.java:applyTransaction(181)) - LEADER:s7-81: b = null = null
2024-10-16 23:57:22,863 DEBUG server.RaftServer$Division (RaftServerImpl.java:logAppendEntries(1549)) - s8@group-27FC73985AF3: appendEntries* s7->s8#6247-t1,previous=(t:1, i:81),leaderCommit=81,initializing? false,entries: size=1, first=(t:1, i:82), METADATAENTRY(c:81)
2024-10-16 23:57:22,863 DEBUG server.RaftServer$Division (RaftServerImpl.java:logAppendEntries(1549)) - s9@group-27FC73985AF3: appendEntries* s7->s9#6248-t1,previous=(t:1, i:81),leaderCommit=81,initializing? false,entries: size=1, first=(t:1, i:82), METADATAENTRY(c:81)
2024-10-16 23:57:22,863 DEBUG server.RaftServer$Division (RaftServerImpl.java:submitClientRequestAsync(920)) - s7@group-27FC73985AF3: receive client request(RaftClientRequest:client-5EEBF694C411->s7@group-27FC73985AF3, cid=6249, seq=null, RW, Message:01016300)
2024-10-16 23:57:22,863 DEBUG server.RaftServer$Division (RaftServerImpl.java:logAppendEntries(1549)) - s9@group-27FC73985AF3: appendEntries* reply s7<-s9#6248:OK-t1,SUCCESS,nextIndex=83,followerCommit=81,matchIndex=82
2024-10-16 23:57:22,863 DEBUG server.RaftServer$Division (RaftServerImpl.java:logAppendEntries(1549)) - s8@group-27FC73985AF3: appendEntries* reply s7<-s8#6247:OK-t1,SUCCESS,nextIndex=83,followerCommit=81,matchIndex=82
2024-10-16 23:57:22,864 DEBUG server.RaftServer$Division (RaftServerImpl.java:logAppendEntries(1549)) - s8@group-27FC73985AF3: appendEntries* s7->s8#6250-t1,previous=(t:1, i:82),leaderCommit=81,initializing? false,entries: size=1, first=(t:1, i:83), STATEMACHINELOGENTRY, StateMachineLogEntryProto:6249@client-5EEBF694C411
2024-10-16 23:57:22,864 DEBUG server.RaftServer$Division (LeaderStateImpl.java:addPendingRequest(529)) - s7@group-27FC73985AF3-LeaderStateImpl: addPendingRequest at RaftClientRequest:client-5EEBF694C411->s7@group-27FC73985AF3, cid=6249, seq=null, RW, Message:01016300, entry=(t:1, i:83), STATEMACHINELOGENTRY, WRITE: logData.size=4, stateMachineData.size=0, logEntryProtoSerializedSize=0
2024-10-16 23:57:22,864 DEBUG server.RaftServer$Division (RaftServerImpl.java:logAppendEntries(1549)) - s9@group-27FC73985AF3: appendEntries* s7->s9#6251-t1,previous=(t:1, i:82),leaderCommit=81,initializing? false,entries: size=1, first=(t:1, i:83), STATEMACHINELOGENTRY, StateMachineLogEntryProto:6249@client-5EEBF694C411
2024-10-16 23:57:22,864 DEBUG server.RaftServer$Division (RaftServerImpl.java:logAppendEntries(1549)) - s8@group-27FC73985AF3: appendEntries* reply s7<-s8#6250:OK-t1,SUCCESS,nextIndex=84,followerCommit=81,matchIndex=83
2024-10-16 23:57:22,865 DEBUG server.RaftServer$Division (RaftServerImpl.java:logAppendEntries(1549)) - s9@group-27FC73985AF3: appendEntries* reply s7<-s9#6251:OK-t1,SUCCESS,nextIndex=84,followerCommit=81,matchIndex=83
2024-10-16 23:57:22,865 INFO  statemachine.StateMachine (ArithmeticStateMachine.java:applyTransaction(181)) - LEADER:s7-83: c = null = null
2024-10-16 23:57:22,865 DEBUG server.RaftServer$Division (RaftServerImpl.java:logAppendEntries(1549)) - s8@group-27FC73985AF3: appendEntries* s7->s8#6252-t1,previous=(t:1, i:83),leaderCommit=83,initializing? false,entries: size=1, first=(t:1, i:84), METADATAENTRY(c:83)
2024-10-16 23:57:22,865 DEBUG server.RaftServer$Division (RaftServerImpl.java:logAppendEntries(1549)) - s9@group-27FC73985AF3: appendEntries* s7->s9#6253-t1,previous=(t:1, i:83),leaderCommit=83,initializing? false,entries: size=1, first=(t:1, i:84), METADATAENTRY(c:83)
2024-10-16 23:57:22,866 DEBUG server.RaftServer$Division (RaftServerImpl.java:logAppendEntries(1549)) - s8@group-27FC73985AF3: appendEntries* reply s7<-s8#6252:OK-t1,SUCCESS,nextIndex=85,followerCommit=83,matchIndex=84
2024-10-16 23:57:22,866 DEBUG server.RaftServer$Division (RaftServerImpl.java:logAppendEntries(1549)) - s9@group-27FC73985AF3: appendEntries* reply s7<-s9#6253:OK-t1,SUCCESS,nextIndex=85,followerCommit=83,matchIndex=84
2024-10-16 23:57:22,866 DEBUG server.RaftServer$Division (RaftServerImpl.java:submitClientRequestAsync(920)) - s7@group-27FC73985AF3: receive client request(RaftClientRequest:client-5EEBF694C411->s7@group-27FC73985AF3, cid=6254, seq=null, RW, Message:01016102405840000000...(size=12))
2024-10-16 23:57:22,866 DEBUG server.RaftServer$Division (LeaderStateImpl.java:addPendingRequest(529)) - s7@group-27FC73985AF3-LeaderStateImpl: addPendingRequest at RaftClientRequest:client-5EEBF694C411->s7@group-27FC73985AF3, cid=6254, seq=null, RW, Message:01016102405840000000...(size=12), entry=(t:1, i:85), STATEMACHINELOGENTRY, WRITE: logData.size=12, stateMachineData.size=0, logEntryProtoSerializedSize=0
2024-10-16 23:57:22,867 DEBUG server.RaftServer$Division (RaftServerImpl.java:logAppendEntries(1549)) - s9@group-27FC73985AF3: appendEntries* s7->s9#6255-t1,previous=(t:1, i:84),leaderCommit=84,initializing? false,entries: size=1, first=(t:1, i:85), STATEMACHINELOGENTRY, StateMachineLogEntryProto:6254@client-5EEBF694C411
2024-10-16 23:57:22,866 DEBUG server.RaftServer$Division (RaftServerImpl.java:logAppendEntries(1549)) - s8@group-27FC73985AF3: appendEntries* s7->s8#6256-t1,previous=(t:1, i:84),leaderCommit=84,initializing? false,entries: size=1, first=(t:1, i:85), STATEMACHINELOGENTRY, StateMachineLogEntryProto:6254@client-5EEBF694C411
2024-10-16 23:57:22,867 DEBUG server.RaftServer$Division (RaftServerImpl.java:logAppendEntries(1549)) - s9@group-27FC73985AF3: appendEntries* reply s7<-s9#6255:OK-t1,SUCCESS,nextIndex=86,followerCommit=84,matchIndex=85
2024-10-16 23:57:22,867 DEBUG server.RaftServer$Division (RaftServerImpl.java:logAppendEntries(1549)) - s8@group-27FC73985AF3: appendEntries* reply s7<-s8#6256:OK-t1,SUCCESS,nextIndex=86,followerCommit=84,matchIndex=85
2024-10-16 23:57:22,867 INFO  statemachine.StateMachine (ArithmeticStateMachine.java:applyTransaction(181)) - LEADER:s7-85: a = 97 = 97
2024-10-16 23:57:22,868 DEBUG server.RaftServer$Division (RaftServerImpl.java:logAppendEntries(1549)) - s9@group-27FC73985AF3: appendEntries* s7->s9#6258-t1,previous=(t:1, i:85),leaderCommit=85,initializing? false,entries: size=1, first=(t:1, i:86), METADATAENTRY(c:85)
2024-10-16 23:57:22,868 DEBUG server.RaftServer$Division (RaftServerImpl.java:logAppendEntries(1549)) - s8@group-27FC73985AF3: appendEntries* s7->s8#6257-t1,previous=(t:1, i:85),leaderCommit=85,initializing? false,entries: size=1, first=(t:1, i:86), METADATAENTRY(c:85)
2024-10-16 23:57:22,868 DEBUG server.RaftServer$Division (RaftServerImpl.java:logAppendEntries(1549)) - s9@group-27FC73985AF3: appendEntries* reply s7<-s9#6258:OK-t1,SUCCESS,nextIndex=87,followerCommit=85,matchIndex=86
2024-10-16 23:57:22,869 DEBUG server.RaftServer$Division (RaftServerImpl.java:submitClientRequestAsync(920)) - s7@group-27FC73985AF3: receive client request(RaftClientRequest:client-5EEBF694C411->s7@group-27FC73985AF3, cid=6259, seq=null, RW, Message:0101620240b260000000...(size=12))
2024-10-16 23:57:22,869 DEBUG server.RaftServer$Division (RaftServerImpl.java:logAppendEntries(1549)) - s8@group-27FC73985AF3: appendEntries* reply s7<-s8#6257:OK-t1,SUCCESS,nextIndex=87,followerCommit=85,matchIndex=86
2024-10-16 23:57:22,869 DEBUG server.RaftServer$Division (LeaderStateImpl.java:addPendingRequest(529)) - s7@group-27FC73985AF3-LeaderStateImpl: addPendingRequest at RaftClientRequest:client-5EEBF694C411->s7@group-27FC73985AF3, cid=6259, seq=null, RW, Message:0101620240b260000000...(size=12), entry=(t:1, i:87), STATEMACHINELOGENTRY, WRITE: logData.size=12, stateMachineData.size=0, logEntryProtoSerializedSize=0
2024-10-16 23:57:22,869 DEBUG server.RaftServer$Division (RaftServerImpl.java:logAppendEntries(1549)) - s8@group-27FC73985AF3: appendEntries* s7->s8#6260-t1,previous=(t:1, i:86),leaderCommit=86,initializing? false,entries: size=1, first=(t:1, i:87), STATEMACHINELOGENTRY, StateMachineLogEntryProto:6259@client-5EEBF694C411
2024-10-16 23:57:22,870 DEBUG server.RaftServer$Division (RaftServerImpl.java:logAppendEntries(1549)) - s9@group-27FC73985AF3: appendEntries* s7->s9#6261-t1,previous=(t:1, i:86),leaderCommit=86,initializing? false,entries: size=1, first=(t:1, i:87), STATEMACHINELOGENTRY, StateMachineLogEntryProto:6259@client-5EEBF694C411
2024-10-16 23:57:22,870 DEBUG server.RaftServer$Division (RaftServerImpl.java:logAppendEntries(1549)) - s8@group-27FC73985AF3: appendEntries* reply s7<-s8#6260:OK-t1,SUCCESS,nextIndex=88,followerCommit=86,matchIndex=87
2024-10-16 23:57:22,870 DEBUG server.RaftServer$Division (RaftServerImpl.java:logAppendEntries(1549)) - s9@group-27FC73985AF3: appendEntries* reply s7<-s9#6261:OK-t1,SUCCESS,nextIndex=88,followerCommit=86,matchIndex=87
2024-10-16 23:57:22,870 INFO  statemachine.StateMachine (ArithmeticStateMachine.java:applyTransaction(181)) - LEADER:s7-87: b = 4704 = 4704
2024-10-16 23:57:22,871 DEBUG server.RaftServer$Division (RaftServerImpl.java:logAppendEntries(1549)) - s8@group-27FC73985AF3: appendEntries* s7->s8#6262-t1,previous=(t:1, i:87),leaderCommit=87,initializing? false,entries: size=1, first=(t:1, i:88), METADATAENTRY(c:87)
2024-10-16 23:57:22,871 DEBUG server.RaftServer$Division (RaftServerImpl.java:logAppendEntries(1549)) - s9@group-27FC73985AF3: appendEntries* s7->s9#6264-t1,previous=(t:1, i:87),leaderCommit=87,initializing? false,entries: size=1, first=(t:1, i:88), METADATAENTRY(c:87)
2024-10-16 23:57:22,871 DEBUG server.RaftServer$Division (RaftServerImpl.java:logAppendEntries(1549)) - s8@group-27FC73985AF3: appendEntries* reply s7<-s8#6262:OK-t1,SUCCESS,nextIndex=89,followerCommit=87,matchIndex=88
2024-10-16 23:57:22,871 DEBUG server.RaftServer$Division (RaftServerImpl.java:submitClientRequestAsync(920)) - s7@group-27FC73985AF3: receive client request(RaftClientRequest:client-5EEBF694C411->s7@group-27FC73985AF3, cid=6263, seq=null, RW, Message:01016304010300040201...(size=17))
2024-10-16 23:57:22,871 DEBUG server.RaftServer$Division (RaftServerImpl.java:logAppendEntries(1549)) - s9@group-27FC73985AF3: appendEntries* reply s7<-s9#6264:OK-t1,SUCCESS,nextIndex=89,followerCommit=87,matchIndex=88
2024-10-16 23:57:22,871 DEBUG server.RaftServer$Division (LeaderStateImpl.java:addPendingRequest(529)) - s7@group-27FC73985AF3-LeaderStateImpl: addPendingRequest at RaftClientRequest:client-5EEBF694C411->s7@group-27FC73985AF3, cid=6263, seq=null, RW, Message:01016304010300040201...(size=17), entry=(t:1, i:89), STATEMACHINELOGENTRY, WRITE: logData.size=17, stateMachineData.size=0, logEntryProtoSerializedSize=0
2024-10-16 23:57:22,872 DEBUG server.RaftServer$Division (RaftServerImpl.java:logAppendEntries(1549)) - s8@group-27FC73985AF3: appendEntries* s7->s8#6265-t1,previous=(t:1, i:88),leaderCommit=88,initializing? false,entries: size=1, first=(t:1, i:89), STATEMACHINELOGENTRY, StateMachineLogEntryProto:6263@client-5EEBF694C411
2024-10-16 23:57:22,872 DEBUG server.RaftServer$Division (RaftServerImpl.java:logAppendEntries(1549)) - s9@group-27FC73985AF3: appendEntries* s7->s9#6266-t1,previous=(t:1, i:88),leaderCommit=88,initializing? false,entries: size=1, first=(t:1, i:89), STATEMACHINELOGENTRY, StateMachineLogEntryProto:6263@client-5EEBF694C411
2024-10-16 23:57:22,872 DEBUG server.RaftServer$Division (RaftServerImpl.java:logAppendEntries(1549)) - s8@group-27FC73985AF3: appendEntries* reply s7<-s8#6265:OK-t1,SUCCESS,nextIndex=90,followerCommit=88,matchIndex=89
2024-10-16 23:57:22,872 INFO  statemachine.StateMachine (ArithmeticStateMachine.java:applyTransaction(181)) - LEADER:s7-89: c = √(a^2 + b^2) = 4705
2024-10-16 23:57:22,873 DEBUG server.RaftServer$Division (RaftServerImpl.java:logAppendEntries(1549)) - s9@group-27FC73985AF3: appendEntries* reply s7<-s9#6266:OK-t1,SUCCESS,nextIndex=90,followerCommit=88,matchIndex=89
2024-10-16 23:57:22,873 DEBUG server.RaftServer$Division (RaftServerImpl.java:logAppendEntries(1549)) - s8@group-27FC73985AF3: appendEntries* s7->s8#6267-t1,previous=(t:1, i:89),leaderCommit=89,initializing? false,entries: size=1, first=(t:1, i:90), METADATAENTRY(c:89)
2024-10-16 23:57:22,873 DEBUG server.RaftServer$Division (RaftServerImpl.java:logAppendEntries(1549)) - s9@group-27FC73985AF3: appendEntries* s7->s9#6269-t1,previous=(t:1, i:89),leaderCommit=89,initializing? false,entries: size=1, first=(t:1, i:90), METADATAENTRY(c:89)
2024-10-16 23:57:22,873 DEBUG server.RaftServer$Division (RaftServerImpl.java:submitClientRequestAsync(920)) - s7@group-27FC73985AF3: receive client request(RaftClientRequest:client-5EEBF694C411->s7@group-27FC73985AF3, cid=6268, seq=null, RW, Message:01016100)
2024-10-16 23:57:22,873 DEBUG server.RaftServer$Division (RaftServerImpl.java:logAppendEntries(1549)) - s8@group-27FC73985AF3: appendEntries* reply s7<-s8#6267:OK-t1,SUCCESS,nextIndex=91,followerCommit=89,matchIndex=90
2024-10-16 23:57:22,874 DEBUG server.RaftServer$Division (LeaderStateImpl.java:addPendingRequest(529)) - s7@group-27FC73985AF3-LeaderStateImpl: addPendingRequest at RaftClientRequest:client-5EEBF694C411->s7@group-27FC73985AF3, cid=6268, seq=null, RW, Message:01016100, entry=(t:1, i:91), STATEMACHINELOGENTRY, WRITE: logData.size=4, stateMachineData.size=0, logEntryProtoSerializedSize=0
2024-10-16 23:57:22,874 DEBUG server.RaftServer$Division (RaftServerImpl.java:logAppendEntries(1549)) - s9@group-27FC73985AF3: appendEntries* reply s7<-s9#6269:OK-t1,SUCCESS,nextIndex=91,followerCommit=89,matchIndex=90
2024-10-16 23:57:22,874 DEBUG server.RaftServer$Division (RaftServerImpl.java:logAppendEntries(1549)) - s8@group-27FC73985AF3: appendEntries* s7->s8#6270-t1,previous=(t:1, i:90),leaderCommit=90,initializing? false,entries: size=1, first=(t:1, i:91), STATEMACHINELOGENTRY, StateMachineLogEntryProto:6268@client-5EEBF694C411
2024-10-16 23:57:22,874 DEBUG server.RaftServer$Division (RaftServerImpl.java:logAppendEntries(1549)) - s8@group-27FC73985AF3: appendEntries* reply s7<-s8#6270:OK-t1,SUCCESS,nextIndex=92,followerCommit=90,matchIndex=91
2024-10-16 23:57:22,875 DEBUG server.RaftServer$Division (RaftServerImpl.java:logAppendEntries(1549)) - s9@group-27FC73985AF3: appendEntries* s7->s9#6271-t1,previous=(t:1, i:90),leaderCommit=90,initializing? false,entries: size=1, first=(t:1, i:91), STATEMACHINELOGENTRY, StateMachineLogEntryProto:6268@client-5EEBF694C411
2024-10-16 23:57:22,875 INFO  statemachine.StateMachine (ArithmeticStateMachine.java:applyTransaction(181)) - LEADER:s7-91: a = null = null
2024-10-16 23:57:22,875 DEBUG server.RaftServer$Division (RaftServerImpl.java:logAppendEntries(1549)) - s8@group-27FC73985AF3: appendEntries* s7->s8#6272-t1,previous=(t:1, i:91),leaderCommit=91,initializing? false,entries: size=1, first=(t:1, i:92), METADATAENTRY(c:91)
2024-10-16 23:57:22,875 DEBUG server.RaftServer$Division (RaftServerImpl.java:logAppendEntries(1549)) - s9@group-27FC73985AF3: appendEntries* reply s7<-s9#6271:OK-t1,SUCCESS,nextIndex=92,followerCommit=90,matchIndex=91
2024-10-16 23:57:22,875 DEBUG server.RaftServer$Division (RaftServerImpl.java:logAppendEntries(1549)) - s8@group-27FC73985AF3: appendEntries* reply s7<-s8#6272:OK-t1,SUCCESS,nextIndex=93,followerCommit=91,matchIndex=92
2024-10-16 23:57:22,876 DEBUG server.RaftServer$Division (RaftServerImpl.java:submitClientRequestAsync(920)) - s7@group-27FC73985AF3: receive client request(RaftClientRequest:client-5EEBF694C411->s7@group-27FC73985AF3, cid=6273, seq=null, RW, Message:01016200)
2024-10-16 23:57:22,876 DEBUG server.RaftServer$Division (LeaderStateImpl.java:addPendingRequest(529)) - s7@group-27FC73985AF3-LeaderStateImpl: addPendingRequest at RaftClientRequest:client-5EEBF694C411->s7@group-27FC73985AF3, cid=6273, seq=null, RW, Message:01016200, entry=(t:1, i:93), STATEMACHINELOGENTRY, WRITE: logData.size=4, stateMachineData.size=0, logEntryProtoSerializedSize=0
2024-10-16 23:57:22,876 DEBUG server.RaftServer$Division (RaftServerImpl.java:logAppendEntries(1549)) - s9@group-27FC73985AF3: appendEntries* s7->s9#6274-t1,previous=(t:1, i:91),leaderCommit=91,initializing? false,entries: size=1, first=(t:1, i:92), METADATAENTRY(c:91)
2024-10-16 23:57:22,876 DEBUG server.RaftServer$Division (RaftServerImpl.java:logAppendEntries(1549)) - s8@group-27FC73985AF3: appendEntries* s7->s8#6275-t1,previous=(t:1, i:92),leaderCommit=92,initializing? false,entries: size=1, first=(t:1, i:93), STATEMACHINELOGENTRY, StateMachineLogEntryProto:6273@client-5EEBF694C411
2024-10-16 23:57:22,876 DEBUG server.RaftServer$Division (RaftServerImpl.java:logAppendEntries(1549)) - s9@group-27FC73985AF3: appendEntries* reply s7<-s9#6274:OK-t1,SUCCESS,nextIndex=93,followerCommit=91,matchIndex=92
2024-10-16 23:57:22,877 DEBUG server.RaftServer$Division (RaftServerImpl.java:logAppendEntries(1549)) - s8@group-27FC73985AF3: appendEntries* reply s7<-s8#6275:OK-t1,SUCCESS,nextIndex=94,followerCommit=92,matchIndex=93
2024-10-16 23:57:22,877 INFO  statemachine.StateMachine (ArithmeticStateMachine.java:applyTransaction(181)) - LEADER:s7-93: b = null = null
2024-10-16 23:57:22,877 DEBUG server.RaftServer$Division (RaftServerImpl.java:logAppendEntries(1549)) - s8@group-27FC73985AF3: appendEntries* s7->s8#6277-t1,previous=(t:1, i:93),leaderCommit=93,initializing? false,entries: size=1, first=(t:1, i:94), METADATAENTRY(c:93)
2024-10-16 23:57:22,877 DEBUG server.RaftServer$Division (RaftServerImpl.java:logAppendEntries(1549)) - s9@group-27FC73985AF3: appendEntries* s7->s9#6276-t1,previous=(t:1, i:92),leaderCommit=92,initializing? false,entries: size=1, first=(t:1, i:93), STATEMACHINELOGENTRY, StateMachineLogEntryProto:6273@client-5EEBF694C411
2024-10-16 23:57:22,878 DEBUG server.RaftServer$Division (RaftServerImpl.java:logAppendEntries(1549)) - s8@group-27FC73985AF3: appendEntries* reply s7<-s8#6277:OK-t1,SUCCESS,nextIndex=95,followerCommit=93,matchIndex=94
2024-10-16 23:57:22,878 DEBUG server.RaftServer$Division (RaftServerImpl.java:logAppendEntries(1549)) - s9@group-27FC73985AF3: appendEntries* reply s7<-s9#6276:OK-t1,SUCCESS,nextIndex=94,followerCommit=92,matchIndex=93
2024-10-16 23:57:22,878 DEBUG server.RaftServer$Division (RaftServerImpl.java:submitClientRequestAsync(920)) - s7@group-27FC73985AF3: receive client request(RaftClientRequest:client-5EEBF694C411->s7@group-27FC73985AF3, cid=6278, seq=null, RW, Message:01016300)
2024-10-16 23:57:22,878 DEBUG server.RaftServer$Division (LeaderStateImpl.java:addPendingRequest(529)) - s7@group-27FC73985AF3-LeaderStateImpl: addPendingRequest at RaftClientRequest:client-5EEBF694C411->s7@group-27FC73985AF3, cid=6278, seq=null, RW, Message:01016300, entry=(t:1, i:95), STATEMACHINELOGENTRY, WRITE: logData.size=4, stateMachineData.size=0, logEntryProtoSerializedSize=0
2024-10-16 23:57:22,879 DEBUG server.RaftServer$Division (RaftServerImpl.java:logAppendEntries(1549)) - s9@group-27FC73985AF3: appendEntries* s7->s9#6279-t1,previous=(t:1, i:93),leaderCommit=94,initializing? false,entries: size=1, first=(t:1, i:94), METADATAENTRY(c:93)
2024-10-16 23:57:22,879 DEBUG server.RaftServer$Division (RaftServerImpl.java:logAppendEntries(1549)) - s8@group-27FC73985AF3: appendEntries* s7->s8#6280-t1,previous=(t:1, i:94),leaderCommit=94,initializing? false,entries: size=1, first=(t:1, i:95), STATEMACHINELOGENTRY, StateMachineLogEntryProto:6278@client-5EEBF694C411
2024-10-16 23:57:22,879 DEBUG server.RaftServer$Division (RaftServerImpl.java:logAppendEntries(1549)) - s9@group-27FC73985AF3: appendEntries* reply s7<-s9#6279:OK-t1,SUCCESS,nextIndex=95,followerCommit=94,matchIndex=94
2024-10-16 23:57:22,879 DEBUG server.RaftServer$Division (RaftServerImpl.java:logAppendEntries(1549)) - s8@group-27FC73985AF3: appendEntries* reply s7<-s8#6280:OK-t1,SUCCESS,nextIndex=96,followerCommit=94,matchIndex=95
2024-10-16 23:57:22,879 INFO  statemachine.StateMachine (ArithmeticStateMachine.java:applyTransaction(181)) - LEADER:s7-95: c = null = null
2024-10-16 23:57:22,880 DEBUG server.RaftServer$Division (RaftServerImpl.java:logAppendEntries(1549)) - s9@group-27FC73985AF3: appendEntries* s7->s9#6281-t1,previous=(t:1, i:94),leaderCommit=94,initializing? false,entries: size=1, first=(t:1, i:95), STATEMACHINELOGENTRY, StateMachineLogEntryProto:6278@client-5EEBF694C411
2024-10-16 23:57:22,880 DEBUG server.RaftServer$Division (RaftServerImpl.java:logAppendEntries(1549)) - s8@group-27FC73985AF3: appendEntries* s7->s8#6282-t1,previous=(t:1, i:95),leaderCommit=95,initializing? false,entries: size=1, first=(t:1, i:96), METADATAENTRY(c:95)
2024-10-16 23:57:22,880 DEBUG server.RaftServer$Division (RaftServerImpl.java:logAppendEntries(1549)) - s9@group-27FC73985AF3: appendEntries* reply s7<-s9#6281:OK-t1,SUCCESS,nextIndex=96,followerCommit=94,matchIndex=95
2024-10-16 23:57:22,880 DEBUG server.RaftServer$Division (RaftServerImpl.java:logAppendEntries(1549)) - s8@group-27FC73985AF3: appendEntries* reply s7<-s8#6282:OK-t1,SUCCESS,nextIndex=97,followerCommit=95,matchIndex=96
2024-10-16 23:57:22,881 DEBUG server.RaftServer$Division (RaftServerImpl.java:logAppendEntries(1549)) - s9@group-27FC73985AF3: appendEntries* s7->s9#6284-t1,previous=(t:1, i:95),leaderCommit=95,initializing? false,entries: size=1, first=(t:1, i:96), METADATAENTRY(c:95)
2024-10-16 23:57:22,883 DEBUG server.RaftServer$Division (RaftServerImpl.java:submitClientRequestAsync(920)) - s7@group-27FC73985AF3: receive client request(RaftClientRequest:client-5EEBF694C411->s7@group-27FC73985AF3, cid=6283, seq=null, RW, Message:010161024058c0000000...(size=12))
2024-10-16 23:57:22,883 DEBUG server.RaftServer$Division (LeaderStateImpl.java:addPendingRequest(529)) - s7@group-27FC73985AF3-LeaderStateImpl: addPendingRequest at RaftClientRequest:client-5EEBF694C411->s7@group-27FC73985AF3, cid=6283, seq=null, RW, Message:010161024058c0000000...(size=12), entry=(t:1, i:97), STATEMACHINELOGENTRY, WRITE: logData.size=12, stateMachineData.size=0, logEntryProtoSerializedSize=0
2024-10-16 23:57:22,883 DEBUG server.RaftServer$Division (RaftServerImpl.java:logAppendEntries(1549)) - s9@group-27FC73985AF3: appendEntries* reply s7<-s9#6284:OK-t1,SUCCESS,nextIndex=97,followerCommit=95,matchIndex=96
2024-10-16 23:57:22,884 DEBUG server.RaftServer$Division (RaftServerImpl.java:logAppendEntries(1549)) - s8@group-27FC73985AF3: appendEntries* s7->s8#6287-t1,previous=(t:1, i:96),leaderCommit=96,initializing? false,entries: size=1, first=(t:1, i:97), STATEMACHINELOGENTRY, StateMachineLogEntryProto:6283@client-5EEBF694C411
2024-10-16 23:57:22,884 DEBUG server.RaftServer$Division (RaftServerImpl.java:logAppendEntries(1549)) - s9@group-27FC73985AF3: appendEntries* s7->s9#6288-t1,previous=(t:1, i:96),leaderCommit=96,initializing? false,entries: size=1, first=(t:1, i:97), STATEMACHINELOGENTRY, StateMachineLogEntryProto:6283@client-5EEBF694C411
2024-10-16 23:57:22,890 DEBUG server.RaftServer$Division (RaftServerImpl.java:logAppendEntries(1549)) - s9@group-27FC73985AF3: appendEntries* reply s7<-s9#6288:OK-t1,SUCCESS,nextIndex=98,followerCommit=96,matchIndex=97
2024-10-16 23:57:22,891 DEBUG server.RaftServer$Division (RaftServerImpl.java:logAppendEntries(1549)) - s8@group-27FC73985AF3: appendEntries* reply s7<-s8#6287:OK-t1,SUCCESS,nextIndex=98,followerCommit=96,matchIndex=97
2024-10-16 23:57:22,891 INFO  statemachine.StateMachine (ArithmeticStateMachine.java:applyTransaction(181)) - LEADER:s7-97: a = 99 = 99
2024-10-16 23:57:22,891 DEBUG server.RaftServer$Division (RaftServerImpl.java:logAppendEntries(1549)) - s9@group-27FC73985AF3: appendEntries* s7->s9#6291-t1,previous=(t:1, i:97),leaderCommit=97,initializing? false,entries: size=1, first=(t:1, i:98), METADATAENTRY(c:97)
2024-10-16 23:57:22,891 DEBUG server.RaftServer$Division (RaftServerImpl.java:logAppendEntries(1549)) - s8@group-27FC73985AF3: appendEntries* s7->s8#6292-t1,previous=(t:1, i:97),leaderCommit=97,initializing? false,entries: size=1, first=(t:1, i:98), METADATAENTRY(c:97)
2024-10-16 23:57:22,892 DEBUG server.RaftServer$Division (RaftServerImpl.java:logAppendEntries(1549)) - s9@group-27FC73985AF3: appendEntries* reply s7<-s9#6291:OK-t1,SUCCESS,nextIndex=99,followerCommit=97,matchIndex=98
2024-10-16 23:57:22,892 DEBUG server.RaftServer$Division (RaftServerImpl.java:logAppendEntries(1549)) - s8@group-27FC73985AF3: appendEntries* reply s7<-s8#6292:OK-t1,SUCCESS,nextIndex=99,followerCommit=97,matchIndex=98
2024-10-16 23:57:22,892 DEBUG server.RaftServer$Division (RaftServerImpl.java:submitClientRequestAsync(920)) - s7@group-27FC73985AF3: receive client request(RaftClientRequest:client-5EEBF694C411->s7@group-27FC73985AF3, cid=6293, seq=null, RW, Message:0101620240b324000000...(size=12))
2024-10-16 23:57:22,892 DEBUG server.RaftServer$Division (LeaderStateImpl.java:addPendingRequest(529)) - s7@group-27FC73985AF3-LeaderStateImpl: addPendingRequest at RaftClientRequest:client-5EEBF694C411->s7@group-27FC73985AF3, cid=6293, seq=null, RW, Message:0101620240b324000000...(size=12), entry=(t:1, i:99), STATEMACHINELOGENTRY, WRITE: logData.size=12, stateMachineData.size=0, logEntryProtoSerializedSize=0
2024-10-16 23:57:22,893 DEBUG server.RaftServer$Division (RaftServerImpl.java:logAppendEntries(1549)) - s8@group-27FC73985AF3: appendEntries* s7->s8#6294-t1,previous=(t:1, i:98),leaderCommit=98,initializing? false,entries: size=1, first=(t:1, i:99), STATEMACHINELOGENTRY, StateMachineLogEntryProto:6293@client-5EEBF694C411
2024-10-16 23:57:22,893 DEBUG server.RaftServer$Division (RaftServerImpl.java:logAppendEntries(1549)) - s8@group-27FC73985AF3: appendEntries* reply s7<-s8#6294:OK-t1,SUCCESS,nextIndex=100,followerCommit=98,matchIndex=99
2024-10-16 23:57:22,894 INFO  statemachine.StateMachine (ArithmeticStateMachine.java:applyTransaction(181)) - LEADER:s7-99: b = 4900 = 4900
2024-10-16 23:57:22,894 DEBUG server.RaftServer$Division (RaftServerImpl.java:logAppendEntries(1549)) - s9@group-27FC73985AF3: appendEntries* s7->s9#6295-t1,previous=(t:1, i:98),leaderCommit=98,initializing? false,entries: size=1, first=(t:1, i:99), STATEMACHINELOGENTRY, StateMachineLogEntryProto:6293@client-5EEBF694C411
2024-10-16 23:57:22,894 DEBUG server.RaftServer$Division (RaftServerImpl.java:logAppendEntries(1549)) - s8@group-27FC73985AF3: appendEntries* s7->s8#6296-t1,previous=(t:1, i:99),leaderCommit=99,initializing? false,entries: size=1, first=(t:1, i:100), METADATAENTRY(c:99)
2024-10-16 23:57:22,894 DEBUG server.RaftServer$Division (RaftServerImpl.java:logAppendEntries(1549)) - s9@group-27FC73985AF3: appendEntries* reply s7<-s9#6295:OK-t1,SUCCESS,nextIndex=100,followerCommit=98,matchIndex=99
2024-10-16 23:57:22,895 DEBUG server.RaftServer$Division (RaftServerImpl.java:logAppendEntries(1549)) - s8@group-27FC73985AF3: appendEntries* reply s7<-s8#6296:OK-t1,SUCCESS,nextIndex=101,followerCommit=99,matchIndex=100
2024-10-16 23:57:22,895 DEBUG server.RaftServer$Division (RaftServerImpl.java:submitClientRequestAsync(920)) - s7@group-27FC73985AF3: receive client request(RaftClientRequest:client-5EEBF694C411->s7@group-27FC73985AF3, cid=6297, seq=null, RW, Message:01016304010300040201...(size=17))
2024-10-16 23:57:22,895 DEBUG server.RaftServer$Division (RaftServerImpl.java:logAppendEntries(1549)) - s9@group-27FC73985AF3: appendEntries* s7->s9#6298-t1,previous=(t:1, i:99),leaderCommit=99,initializing? false,entries: size=1, first=(t:1, i:100), METADATAENTRY(c:99)
2024-10-16 23:57:22,895 DEBUG server.RaftServer$Division (LeaderStateImpl.java:addPendingRequest(529)) - s7@group-27FC73985AF3-LeaderStateImpl: addPendingRequest at RaftClientRequest:client-5EEBF694C411->s7@group-27FC73985AF3, cid=6297, seq=null, RW, Message:01016304010300040201...(size=17), entry=(t:1, i:101), STATEMACHINELOGENTRY, WRITE: logData.size=17, stateMachineData.size=0, logEntryProtoSerializedSize=0
2024-10-16 23:57:22,895 DEBUG server.RaftServer$Division (RaftServerImpl.java:logAppendEntries(1549)) - s9@group-27FC73985AF3: appendEntries* reply s7<-s9#6298:OK-t1,SUCCESS,nextIndex=101,followerCommit=99,matchIndex=100
2024-10-16 23:57:22,895 DEBUG server.RaftServer$Division (RaftServerImpl.java:logAppendEntries(1549)) - s8@group-27FC73985AF3: appendEntries* s7->s8#6299-t1,previous=(t:1, i:100),leaderCommit=100,initializing? false,entries: size=1, first=(t:1, i:101), STATEMACHINELOGENTRY, StateMachineLogEntryProto:6297@client-5EEBF694C411
2024-10-16 23:57:22,896 DEBUG server.RaftServer$Division (RaftServerImpl.java:logAppendEntries(1549)) - s9@group-27FC73985AF3: appendEntries* s7->s9#6300-t1,previous=(t:1, i:100),leaderCommit=100,initializing? false,entries: size=1, first=(t:1, i:101), STATEMACHINELOGENTRY, StateMachineLogEntryProto:6297@client-5EEBF694C411
2024-10-16 23:57:22,896 DEBUG server.RaftServer$Division (RaftServerImpl.java:logAppendEntries(1549)) - s8@group-27FC73985AF3: appendEntries* reply s7<-s8#6299:OK-t1,SUCCESS,nextIndex=102,followerCommit=100,matchIndex=101
2024-10-16 23:57:22,896 INFO  statemachine.StateMachine (ArithmeticStateMachine.java:applyTransaction(181)) - LEADER:s7-101: c = √(a^2 + b^2) = 4901
2024-10-16 23:57:22,896 DEBUG server.RaftServer$Division (RaftServerImpl.java:logAppendEntries(1549)) - s9@group-27FC73985AF3: appendEntries* reply s7<-s9#6300:OK-t1,SUCCESS,nextIndex=102,followerCommit=100,matchIndex=101
2024-10-16 23:57:22,897 DEBUG server.RaftServer$Division (RaftServerImpl.java:logAppendEntries(1549)) - s8@group-27FC73985AF3: appendEntries* s7->s8#6302-t1,previous=(t:1, i:101),leaderCommit=101,initializing? false,entries: size=1, first=(t:1, i:102), METADATAENTRY(c:101)
2024-10-16 23:57:22,897 DEBUG server.RaftServer$Division (RaftServerImpl.java:submitClientRequestAsync(920)) - s7@group-27FC73985AF3: receive client request(RaftClientRequest:client-5EEBF694C411->s7@group-27FC73985AF3, cid=6301, seq=null, RW, Message:01016100)
2024-10-16 23:57:22,897 DEBUG server.RaftServer$Division (RaftServerImpl.java:logAppendEntries(1549)) - s8@group-27FC73985AF3: appendEntries* reply s7<-s8#6302:OK-t1,SUCCESS,nextIndex=103,followerCommit=101,matchIndex=102
2024-10-16 23:57:22,897 DEBUG server.RaftServer$Division (LeaderStateImpl.java:addPendingRequest(529)) - s7@group-27FC73985AF3-LeaderStateImpl: addPendingRequest at RaftClientRequest:client-5EEBF694C411->s7@group-27FC73985AF3, cid=6301, seq=null, RW, Message:01016100, entry=(t:1, i:103), STATEMACHINELOGENTRY, WRITE: logData.size=4, stateMachineData.size=0, logEntryProtoSerializedSize=0
2024-10-16 23:57:22,897 DEBUG server.RaftServer$Division (RaftServerImpl.java:logAppendEntries(1549)) - s9@group-27FC73985AF3: appendEntries* s7->s9#6303-t1,previous=(t:1, i:101),leaderCommit=101,initializing? false,entries: size=1, first=(t:1, i:102), METADATAENTRY(c:101)
2024-10-16 23:57:22,898 DEBUG server.RaftServer$Division (RaftServerImpl.java:logAppendEntries(1549)) - s8@group-27FC73985AF3: appendEntries* s7->s8#6304-t1,previous=(t:1, i:102),leaderCommit=101,initializing? false,entries: size=1, first=(t:1, i:103), STATEMACHINELOGENTRY, StateMachineLogEntryProto:6301@client-5EEBF694C411
2024-10-16 23:57:22,898 DEBUG server.RaftServer$Division (RaftServerImpl.java:logAppendEntries(1549)) - s9@group-27FC73985AF3: appendEntries* reply s7<-s9#6303:OK-t1,SUCCESS,nextIndex=103,followerCommit=101,matchIndex=102
2024-10-16 23:57:22,898 DEBUG server.RaftServer$Division (RaftServerImpl.java:logAppendEntries(1549)) - s8@group-27FC73985AF3: appendEntries* reply s7<-s8#6304:OK-t1,SUCCESS,nextIndex=104,followerCommit=101,matchIndex=103
2024-10-16 23:57:22,898 INFO  statemachine.StateMachine (ArithmeticStateMachine.java:applyTransaction(181)) - LEADER:s7-103: a = null = null
2024-10-16 23:57:22,899 DEBUG server.RaftServer$Division (RaftServerImpl.java:logAppendEntries(1549)) - s9@group-27FC73985AF3: appendEntries* s7->s9#6309-t1,previous=(t:1, i:102),leaderCommit=103,initializing? false,entries: size=2, first=(t:1, i:103), STATEMACHINELOGENTRY, StateMachineLogEntryProto:6301@client-5EEBF694C411
2024-10-16 23:57:22,899 DEBUG server.RaftServer$Division (RaftServerImpl.java:submitClientRequestAsync(920)) - s7@group-27FC73985AF3: receive client request(RaftClientRequest:client-5EEBF694C411->s7@group-27FC73985AF3, cid=6311, seq=null, RW, Message:01016200)
2024-10-16 23:57:22,899 DEBUG server.RaftServer$Division (RaftServerImpl.java:logAppendEntries(1549)) - s8@group-27FC73985AF3: appendEntries* s7->s8#6310-t1,previous=(t:1, i:103),leaderCommit=103,initializing? false,entries: size=1, first=(t:1, i:104), METADATAENTRY(c:103)
2024-10-16 23:57:22,899 DEBUG server.RaftServer$Division (RaftServerImpl.java:logAppendEntries(1549)) - s9@group-27FC73985AF3: appendEntries* reply s7<-s9#6309:OK-t1,SUCCESS,nextIndex=105,followerCommit=103,matchIndex=104
2024-10-16 23:57:22,899 DEBUG server.RaftServer$Division (LeaderStateImpl.java:addPendingRequest(529)) - s7@group-27FC73985AF3-LeaderStateImpl: addPendingRequest at RaftClientRequest:client-5EEBF694C411->s7@group-27FC73985AF3, cid=6311, seq=null, RW, Message:01016200, entry=(t:1, i:105), STATEMACHINELOGENTRY, WRITE: logData.size=4, stateMachineData.size=0, logEntryProtoSerializedSize=0
2024-10-16 23:57:22,899 DEBUG server.RaftServer$Division (RaftServerImpl.java:logAppendEntries(1549)) - s8@group-27FC73985AF3: appendEntries* reply s7<-s8#6310:OK-t1,SUCCESS,nextIndex=105,followerCommit=103,matchIndex=104
2024-10-16 23:57:22,900 DEBUG server.RaftServer$Division (RaftServerImpl.java:logAppendEntries(1549)) - s9@group-27FC73985AF3: appendEntries* s7->s9#6312-t1,previous=(t:1, i:104),leaderCommit=103,initializing? false,entries: size=1, first=(t:1, i:105), STATEMACHINELOGENTRY, StateMachineLogEntryProto:6311@client-5EEBF694C411
2024-10-16 23:57:22,900 DEBUG server.RaftServer$Division (RaftServerImpl.java:logAppendEntries(1549)) - s8@group-27FC73985AF3: appendEntries* s7->s8#6313-t1,previous=(t:1, i:104),leaderCommit=103,initializing? false,entries: size=1, first=(t:1, i:105), STATEMACHINELOGENTRY, StateMachineLogEntryProto:6311@client-5EEBF694C411
2024-10-16 23:57:22,901 DEBUG server.RaftServer$Division (RaftServerImpl.java:logAppendEntries(1549)) - s9@group-27FC73985AF3: appendEntries* reply s7<-s9#6312:OK-t1,SUCCESS,nextIndex=106,followerCommit=103,matchIndex=105
2024-10-16 23:57:22,901 DEBUG server.RaftServer$Division (RaftServerImpl.java:logAppendEntries(1549)) - s8@group-27FC73985AF3: appendEntries* reply s7<-s8#6313:OK-t1,SUCCESS,nextIndex=106,followerCommit=103,matchIndex=105
2024-10-16 23:57:22,901 INFO  statemachine.StateMachine (ArithmeticStateMachine.java:applyTransaction(181)) - LEADER:s7-105: b = null = null
2024-10-16 23:57:22,902 DEBUG server.RaftServer$Division (RaftServerImpl.java:submitClientRequestAsync(920)) - s7@group-27FC73985AF3: receive client request(RaftClientRequest:client-5EEBF694C411->s7@group-27FC73985AF3, cid=6315, seq=null, RW, Message:01016300)
2024-10-16 23:57:22,902 DEBUG server.RaftServer$Division (RaftServerImpl.java:logAppendEntries(1549)) - s8@group-27FC73985AF3: appendEntries* s7->s8#6316-t1,previous=(t:1, i:105),leaderCommit=105,initializing? false,entries: size=1, first=(t:1, i:106), METADATAENTRY(c:105)
2024-10-16 23:57:22,902 DEBUG server.RaftServer$Division (RaftServerImpl.java:logAppendEntries(1549)) - s9@group-27FC73985AF3: appendEntries* s7->s9#6314-t1,previous=(t:1, i:105),leaderCommit=105,initializing? false,entries: size=1, first=(t:1, i:106), METADATAENTRY(c:105)
2024-10-16 23:57:22,902 DEBUG server.RaftServer$Division (RaftServerImpl.java:logAppendEntries(1549)) - s8@group-27FC73985AF3: appendEntries* reply s7<-s8#6316:OK-t1,SUCCESS,nextIndex=107,followerCommit=105,matchIndex=106
2024-10-16 23:57:22,902 DEBUG server.RaftServer$Division (LeaderStateImpl.java:addPendingRequest(529)) - s7@group-27FC73985AF3-LeaderStateImpl: addPendingRequest at RaftClientRequest:client-5EEBF694C411->s7@group-27FC73985AF3, cid=6315, seq=null, RW, Message:01016300, entry=(t:1, i:107), STATEMACHINELOGENTRY, WRITE: logData.size=4, stateMachineData.size=0, logEntryProtoSerializedSize=0
2024-10-16 23:57:22,903 DEBUG server.RaftServer$Division (RaftServerImpl.java:logAppendEntries(1549)) - s9@group-27FC73985AF3: appendEntries* reply s7<-s9#6314:OK-t1,SUCCESS,nextIndex=107,followerCommit=105,matchIndex=106
2024-10-16 23:57:22,903 DEBUG server.RaftServer$Division (RaftServerImpl.java:logAppendEntries(1549)) - s8@group-27FC73985AF3: appendEntries* s7->s8#6317-t1,previous=(t:1, i:106),leaderCommit=105,initializing? false,entries: size=1, first=(t:1, i:107), STATEMACHINELOGENTRY, StateMachineLogEntryProto:6315@client-5EEBF694C411
2024-10-16 23:57:22,903 DEBUG server.RaftServer$Division (RaftServerImpl.java:logAppendEntries(1549)) - s9@group-27FC73985AF3: appendEntries* s7->s9#6318-t1,previous=(t:1, i:106),leaderCommit=106,initializing? false,entries: size=1, first=(t:1, i:107), STATEMACHINELOGENTRY, StateMachineLogEntryProto:6315@client-5EEBF694C411
2024-10-16 23:57:22,903 DEBUG server.RaftServer$Division (RaftServerImpl.java:logAppendEntries(1549)) - s8@group-27FC73985AF3: appendEntries* reply s7<-s8#6317:OK-t1,SUCCESS,nextIndex=108,followerCommit=105,matchIndex=107
2024-10-16 23:57:22,904 DEBUG server.RaftServer$Division (RaftServerImpl.java:logAppendEntries(1549)) - s9@group-27FC73985AF3: appendEntries* reply s7<-s9#6318:OK-t1,SUCCESS,nextIndex=108,followerCommit=106,matchIndex=107
2024-10-16 23:57:22,904 INFO  statemachine.StateMachine (ArithmeticStateMachine.java:applyTransaction(181)) - LEADER:s7-107: c = null = null
2024-10-16 23:57:22,904 DEBUG server.RaftServer$Division (RaftServerImpl.java:logAppendEntries(1549)) - s8@group-27FC73985AF3: appendEntries* s7->s8#6319-t1,previous=(t:1, i:107),leaderCommit=107,initializing? false,entries: size=1, first=(t:1, i:108), METADATAENTRY(c:107)
2024-10-16 23:57:22,904 DEBUG server.RaftServer$Division (RaftServerImpl.java:logAppendEntries(1549)) - s9@group-27FC73985AF3: appendEntries* s7->s9#6321-t1,previous=(t:1, i:107),leaderCommit=107,initializing? false,entries: size=1, first=(t:1, i:108), METADATAENTRY(c:107)
2024-10-16 23:57:22,905 DEBUG server.RaftServer$Division (RaftServerImpl.java:submitClientRequestAsync(920)) - s7@group-27FC73985AF3: receive client request(RaftClientRequest:client-5EEBF694C411->s7@group-27FC73985AF3, cid=6320, seq=null, RW, Message:01016102405940000000...(size=12))
2024-10-16 23:57:22,905 DEBUG server.RaftServer$Division (RaftServerImpl.java:logAppendEntries(1549)) - s9@group-27FC73985AF3: appendEntries* reply s7<-s9#6321:OK-t1,SUCCESS,nextIndex=109,followerCommit=107,matchIndex=108
2024-10-16 23:57:22,905 DEBUG server.RaftServer$Division (RaftServerImpl.java:logAppendEntries(1549)) - s8@group-27FC73985AF3: appendEntries* reply s7<-s8#6319:OK-t1,SUCCESS,nextIndex=109,followerCommit=107,matchIndex=108
2024-10-16 23:57:22,905 DEBUG server.RaftServer$Division (LeaderStateImpl.java:addPendingRequest(529)) - s7@group-27FC73985AF3-LeaderStateImpl: addPendingRequest at RaftClientRequest:client-5EEBF694C411->s7@group-27FC73985AF3, cid=6320, seq=null, RW, Message:01016102405940000000...(size=12), entry=(t:1, i:109), STATEMACHINELOGENTRY, WRITE: logData.size=12, stateMachineData.size=0, logEntryProtoSerializedSize=0
2024-10-16 23:57:22,905 DEBUG server.RaftServer$Division (RaftServerImpl.java:logAppendEntries(1549)) - s8@group-27FC73985AF3: appendEntries* s7->s8#6323-t1,previous=(t:1, i:108),leaderCommit=107,initializing? false,entries: size=1, first=(t:1, i:109), STATEMACHINELOGENTRY, StateMachineLogEntryProto:6320@client-5EEBF694C411
2024-10-16 23:57:22,905 DEBUG server.RaftServer$Division (RaftServerImpl.java:logAppendEntries(1549)) - s9@group-27FC73985AF3: appendEntries* s7->s9#6322-t1,previous=(t:1, i:108),leaderCommit=107,initializing? false,entries: size=1, first=(t:1, i:109), STATEMACHINELOGENTRY, StateMachineLogEntryProto:6320@client-5EEBF694C411
2024-10-16 23:57:22,906 DEBUG server.RaftServer$Division (RaftServerImpl.java:logAppendEntries(1549)) - s8@group-27FC73985AF3: appendEntries* reply s7<-s8#6323:OK-t1,SUCCESS,nextIndex=110,followerCommit=107,matchIndex=109
2024-10-16 23:57:22,906 DEBUG server.RaftServer$Division (RaftServerImpl.java:logAppendEntries(1549)) - s9@group-27FC73985AF3: appendEntries* reply s7<-s9#6322:OK-t1,SUCCESS,nextIndex=110,followerCommit=107,matchIndex=109
2024-10-16 23:57:22,906 INFO  statemachine.StateMachine (ArithmeticStateMachine.java:applyTransaction(181)) - LEADER:s7-109: a = 101 = 101
2024-10-16 23:57:22,906 DEBUG server.RaftServer$Division (RaftServerImpl.java:logAppendEntries(1549)) - s8@group-27FC73985AF3: appendEntries* s7->s8#6324-t1,previous=(t:1, i:109),leaderCommit=109,initializing? false,entries: size=1, first=(t:1, i:110), METADATAENTRY(c:109)
2024-10-16 23:57:22,906 DEBUG server.RaftServer$Division (RaftServerImpl.java:logAppendEntries(1549)) - s9@group-27FC73985AF3: appendEntries* s7->s9#6325-t1,previous=(t:1, i:109),leaderCommit=109,initializing? false,entries: size=1, first=(t:1, i:110), METADATAENTRY(c:109)
2024-10-16 23:57:22,907 DEBUG server.RaftServer$Division (RaftServerImpl.java:logAppendEntries(1549)) - s8@group-27FC73985AF3: appendEntries* reply s7<-s8#6324:OK-t1,SUCCESS,nextIndex=111,followerCommit=109,matchIndex=110
2024-10-16 23:57:22,907 DEBUG server.RaftServer$Division (RaftServerImpl.java:logAppendEntries(1549)) - s9@group-27FC73985AF3: appendEntries* reply s7<-s9#6325:OK-t1,SUCCESS,nextIndex=111,followerCommit=109,matchIndex=110
2024-10-16 23:57:22,907 DEBUG server.RaftServer$Division (RaftServerImpl.java:submitClientRequestAsync(920)) - s7@group-27FC73985AF3: receive client request(RaftClientRequest:client-5EEBF694C411->s7@group-27FC73985AF3, cid=6326, seq=null, RW, Message:0101620240b3ec000000...(size=12))
2024-10-16 23:57:22,907 DEBUG server.RaftServer$Division (LeaderStateImpl.java:addPendingRequest(529)) - s7@group-27FC73985AF3-LeaderStateImpl: addPendingRequest at RaftClientRequest:client-5EEBF694C411->s7@group-27FC73985AF3, cid=6326, seq=null, RW, Message:0101620240b3ec000000...(size=12), entry=(t:1, i:111), STATEMACHINELOGENTRY, WRITE: logData.size=12, stateMachineData.size=0, logEntryProtoSerializedSize=0
2024-10-16 23:57:22,907 DEBUG server.RaftServer$Division (RaftServerImpl.java:logAppendEntries(1549)) - s8@group-27FC73985AF3: appendEntries* s7->s8#6327-t1,previous=(t:1, i:110),leaderCommit=110,initializing? false,entries: size=1, first=(t:1, i:111), STATEMACHINELOGENTRY, StateMachineLogEntryProto:6326@client-5EEBF694C411
2024-10-16 23:57:22,907 DEBUG server.RaftServer$Division (RaftServerImpl.java:logAppendEntries(1549)) - s9@group-27FC73985AF3: appendEntries* s7->s9#6328-t1,previous=(t:1, i:110),leaderCommit=110,initializing? false,entries: size=1, first=(t:1, i:111), STATEMACHINELOGENTRY, StateMachineLogEntryProto:6326@client-5EEBF694C411
2024-10-16 23:57:22,908 DEBUG server.RaftServer$Division (RaftServerImpl.java:logAppendEntries(1549)) - s8@group-27FC73985AF3: appendEntries* reply s7<-s8#6327:OK-t1,SUCCESS,nextIndex=112,followerCommit=110,matchIndex=111
2024-10-16 23:57:22,908 DEBUG server.RaftServer$Division (RaftServerImpl.java:logAppendEntries(1549)) - s9@group-27FC73985AF3: appendEntries* reply s7<-s9#6328:OK-t1,SUCCESS,nextIndex=112,followerCommit=110,matchIndex=111
2024-10-16 23:57:22,908 INFO  statemachine.StateMachine (ArithmeticStateMachine.java:applyTransaction(181)) - LEADER:s7-111: b = 5100 = 5100
2024-10-16 23:57:22,908 DEBUG server.RaftServer$Division (RaftServerImpl.java:logAppendEntries(1549)) - s9@group-27FC73985AF3: appendEntries* s7->s9#6330-t1,previous=(t:1, i:111),leaderCommit=111,initializing? false,entries: size=1, first=(t:1, i:112), METADATAENTRY(c:111)
2024-10-16 23:57:22,909 DEBUG server.RaftServer$Division (RaftServerImpl.java:submitClientRequestAsync(920)) - s7@group-27FC73985AF3: receive client request(RaftClientRequest:client-5EEBF694C411->s7@group-27FC73985AF3, cid=6331, seq=null, RW, Message:01016304010300040201...(size=17))
2024-10-16 23:57:22,908 DEBUG server.RaftServer$Division (RaftServerImpl.java:logAppendEntries(1549)) - s8@group-27FC73985AF3: appendEntries* s7->s8#6329-t1,previous=(t:1, i:111),leaderCommit=111,initializing? false,entries: size=1, first=(t:1, i:112), METADATAENTRY(c:111)
2024-10-16 23:57:22,909 DEBUG server.RaftServer$Division (RaftServerImpl.java:logAppendEntries(1549)) - s9@group-27FC73985AF3: appendEntries* reply s7<-s9#6330:OK-t1,SUCCESS,nextIndex=113,followerCommit=111,matchIndex=112
2024-10-16 23:57:22,909 DEBUG server.RaftServer$Division (LeaderStateImpl.java:addPendingRequest(529)) - s7@group-27FC73985AF3-LeaderStateImpl: addPendingRequest at RaftClientRequest:client-5EEBF694C411->s7@group-27FC73985AF3, cid=6331, seq=null, RW, Message:01016304010300040201...(size=17), entry=(t:1, i:113), STATEMACHINELOGENTRY, WRITE: logData.size=17, stateMachineData.size=0, logEntryProtoSerializedSize=0
2024-10-16 23:57:22,909 DEBUG server.RaftServer$Division (RaftServerImpl.java:logAppendEntries(1549)) - s8@group-27FC73985AF3: appendEntries* reply s7<-s8#6329:OK-t1,SUCCESS,nextIndex=113,followerCommit=111,matchIndex=112
2024-10-16 23:57:22,910 DEBUG server.RaftServer$Division (RaftServerImpl.java:logAppendEntries(1549)) - s9@group-27FC73985AF3: appendEntries* s7->s9#6332-t1,previous=(t:1, i:112),leaderCommit=111,initializing? false,entries: size=1, first=(t:1, i:113), STATEMACHINELOGENTRY, StateMachineLogEntryProto:6331@client-5EEBF694C411
2024-10-16 23:57:22,910 DEBUG server.RaftServer$Division (RaftServerImpl.java:logAppendEntries(1549)) - s8@group-27FC73985AF3: appendEntries* s7->s8#6333-t1,previous=(t:1, i:112),leaderCommit=111,initializing? false,entries: size=1, first=(t:1, i:113), STATEMACHINELOGENTRY, StateMachineLogEntryProto:6331@client-5EEBF694C411
2024-10-16 23:57:22,910 DEBUG server.RaftServer$Division (RaftServerImpl.java:logAppendEntries(1549)) - s9@group-27FC73985AF3: appendEntries* reply s7<-s9#6332:OK-t1,SUCCESS,nextIndex=114,followerCommit=111,matchIndex=113
2024-10-16 23:57:22,910 DEBUG server.RaftServer$Division (RaftServerImpl.java:logAppendEntries(1549)) - s8@group-27FC73985AF3: appendEntries* reply s7<-s8#6333:OK-t1,SUCCESS,nextIndex=114,followerCommit=111,matchIndex=113
2024-10-16 23:57:22,910 INFO  statemachine.StateMachine (ArithmeticStateMachine.java:applyTransaction(181)) - LEADER:s7-113: c = √(a^2 + b^2) = 5101
2024-10-16 23:57:22,910 DEBUG server.RaftServer$Division (RaftServerImpl.java:logAppendEntries(1549)) - s8@group-27FC73985AF3: appendEntries* s7->s8#6334-t1,previous=(t:1, i:113),leaderCommit=113,initializing? false,entries: size=1, first=(t:1, i:114), METADATAENTRY(c:113)
2024-10-16 23:57:22,910 DEBUG server.RaftServer$Division (RaftServerImpl.java:logAppendEntries(1549)) - s9@group-27FC73985AF3: appendEntries* s7->s9#6335-t1,previous=(t:1, i:113),leaderCommit=113,initializing? false,entries: size=1, first=(t:1, i:114), METADATAENTRY(c:113)
2024-10-16 23:57:22,911 DEBUG server.RaftServer$Division (RaftServerImpl.java:logAppendEntries(1549)) - s8@group-27FC73985AF3: appendEntries* reply s7<-s8#6334:OK-t1,SUCCESS,nextIndex=115,followerCommit=113,matchIndex=114
2024-10-16 23:57:22,911 DEBUG server.RaftServer$Division (RaftServerImpl.java:submitClientRequestAsync(920)) - s7@group-27FC73985AF3: receive client request(RaftClientRequest:client-5EEBF694C411->s7@group-27FC73985AF3, cid=6336, seq=null, RW, Message:01016100)
2024-10-16 23:57:22,911 DEBUG server.RaftServer$Division (RaftServerImpl.java:logAppendEntries(1549)) - s9@group-27FC73985AF3: appendEntries* reply s7<-s9#6335:OK-t1,SUCCESS,nextIndex=115,followerCommit=113,matchIndex=114
2024-10-16 23:57:22,911 DEBUG server.RaftServer$Division (LeaderStateImpl.java:addPendingRequest(529)) - s7@group-27FC73985AF3-LeaderStateImpl: addPendingRequest at RaftClientRequest:client-5EEBF694C411->s7@group-27FC73985AF3, cid=6336, seq=null, RW, Message:01016100, entry=(t:1, i:115), STATEMACHINELOGENTRY, WRITE: logData.size=4, stateMachineData.size=0, logEntryProtoSerializedSize=0
2024-10-16 23:57:22,912 DEBUG server.RaftServer$Division (RaftServerImpl.java:logAppendEntries(1549)) - s9@group-27FC73985AF3: appendEntries* s7->s9#6337-t1,previous=(t:1, i:114),leaderCommit=114,initializing? false,entries: size=1, first=(t:1, i:115), STATEMACHINELOGENTRY, StateMachineLogEntryProto:6336@client-5EEBF694C411
2024-10-16 23:57:22,912 DEBUG server.RaftServer$Division (RaftServerImpl.java:logAppendEntries(1549)) - s8@group-27FC73985AF3: appendEntries* s7->s8#6338-t1,previous=(t:1, i:114),leaderCommit=114,initializing? false,entries: size=1, first=(t:1, i:115), STATEMACHINELOGENTRY, StateMachineLogEntryProto:6336@client-5EEBF694C411
2024-10-16 23:57:22,912 DEBUG server.RaftServer$Division (RaftServerImpl.java:logAppendEntries(1549)) - s9@group-27FC73985AF3: appendEntries* reply s7<-s9#6337:OK-t1,SUCCESS,nextIndex=116,followerCommit=114,matchIndex=115
2024-10-16 23:57:22,912 DEBUG server.RaftServer$Division (RaftServerImpl.java:logAppendEntries(1549)) - s8@group-27FC73985AF3: appendEntries* reply s7<-s8#6338:OK-t1,SUCCESS,nextIndex=116,followerCommit=114,matchIndex=115
2024-10-16 23:57:22,912 INFO  statemachine.StateMachine (ArithmeticStateMachine.java:applyTransaction(181)) - LEADER:s7-115: a = null = null
2024-10-16 23:57:22,913 DEBUG server.RaftServer$Division (RaftServerImpl.java:logAppendEntries(1549)) - s9@group-27FC73985AF3: appendEntries* s7->s9#6340-t1,previous=(t:1, i:115),leaderCommit=115,initializing? false,entries: size=1, first=(t:1, i:116), METADATAENTRY(c:115)
2024-10-16 23:57:22,913 DEBUG server.RaftServer$Division (RaftServerImpl.java:logAppendEntries(1549)) - s8@group-27FC73985AF3: appendEntries* s7->s8#6339-t1,previous=(t:1, i:115),leaderCommit=115,initializing? false,entries: size=1, first=(t:1, i:116), METADATAENTRY(c:115)
2024-10-16 23:57:22,913 DEBUG server.RaftServer$Division (RaftServerImpl.java:submitClientRequestAsync(920)) - s7@group-27FC73985AF3: receive client request(RaftClientRequest:client-5EEBF694C411->s7@group-27FC73985AF3, cid=6341, seq=null, RW, Message:01016200)
2024-10-16 23:57:22,913 DEBUG server.RaftServer$Division (LeaderStateImpl.java:addPendingRequest(529)) - s7@group-27FC73985AF3-LeaderStateImpl: addPendingRequest at RaftClientRequest:client-5EEBF694C411->s7@group-27FC73985AF3, cid=6341, seq=null, RW, Message:01016200, entry=(t:1, i:117), STATEMACHINELOGENTRY, WRITE: logData.size=4, stateMachineData.size=0, logEntryProtoSerializedSize=0
2024-10-16 23:57:22,913 DEBUG server.RaftServer$Division (RaftServerImpl.java:logAppendEntries(1549)) - s8@group-27FC73985AF3: appendEntries* reply s7<-s8#6339:OK-t1,SUCCESS,nextIndex=117,followerCommit=115,matchIndex=116
2024-10-16 23:57:22,913 DEBUG server.RaftServer$Division (RaftServerImpl.java:logAppendEntries(1549)) - s9@group-27FC73985AF3: appendEntries* reply s7<-s9#6340:OK-t1,SUCCESS,nextIndex=117,followerCommit=115,matchIndex=116
2024-10-16 23:57:22,914 DEBUG server.RaftServer$Division (RaftServerImpl.java:logAppendEntries(1549)) - s8@group-27FC73985AF3: appendEntries* s7->s8#6342-t1,previous=(t:1, i:116),leaderCommit=115,initializing? false,entries: size=1, first=(t:1, i:117), STATEMACHINELOGENTRY, StateMachineLogEntryProto:6341@client-5EEBF694C411
2024-10-16 23:57:22,914 DEBUG server.RaftServer$Division (RaftServerImpl.java:logAppendEntries(1549)) - s9@group-27FC73985AF3: appendEntries* s7->s9#6343-t1,previous=(t:1, i:116),leaderCommit=116,initializing? false,entries: size=1, first=(t:1, i:117), STATEMACHINELOGENTRY, StateMachineLogEntryProto:6341@client-5EEBF694C411
2024-10-16 23:57:22,914 DEBUG server.RaftServer$Division (RaftServerImpl.java:logAppendEntries(1549)) - s8@group-27FC73985AF3: appendEntries* reply s7<-s8#6342:OK-t1,SUCCESS,nextIndex=118,followerCommit=115,matchIndex=117
2024-10-16 23:57:22,914 DEBUG server.RaftServer$Division (RaftServerImpl.java:logAppendEntries(1549)) - s9@group-27FC73985AF3: appendEntries* reply s7<-s9#6343:OK-t1,SUCCESS,nextIndex=118,followerCommit=116,matchIndex=117
2024-10-16 23:57:22,914 INFO  statemachine.StateMachine (ArithmeticStateMachine.java:applyTransaction(181)) - LEADER:s7-117: b = null = null
2024-10-16 23:57:22,915 DEBUG server.RaftServer$Division (RaftServerImpl.java:logAppendEntries(1549)) - s9@group-27FC73985AF3: appendEntries* s7->s9#6345-t1,previous=(t:1, i:117),leaderCommit=117,initializing? false,entries: size=1, first=(t:1, i:118), METADATAENTRY(c:117)
2024-10-16 23:57:22,915 DEBUG server.RaftServer$Division (RaftServerImpl.java:logAppendEntries(1549)) - s8@group-27FC73985AF3: appendEntries* s7->s8#6344-t1,previous=(t:1, i:117),leaderCommit=117,initializing? false,entries: size=1, first=(t:1, i:118), METADATAENTRY(c:117)
2024-10-16 23:57:22,915 DEBUG server.RaftServer$Division (RaftServerImpl.java:submitClientRequestAsync(920)) - s7@group-27FC73985AF3: receive client request(RaftClientRequest:client-5EEBF694C411->s7@group-27FC73985AF3, cid=6346, seq=null, RW, Message:01016300)
2024-10-16 23:57:22,915 DEBUG server.RaftServer$Division (LeaderStateImpl.java:addPendingRequest(529)) - s7@group-27FC73985AF3-LeaderStateImpl: addPendingRequest at RaftClientRequest:client-5EEBF694C411->s7@group-27FC73985AF3, cid=6346, seq=null, RW, Message:01016300, entry=(t:1, i:119), STATEMACHINELOGENTRY, WRITE: logData.size=4, stateMachineData.size=0, logEntryProtoSerializedSize=0
2024-10-16 23:57:22,915 DEBUG server.RaftServer$Division (RaftServerImpl.java:logAppendEntries(1549)) - s8@group-27FC73985AF3: appendEntries* reply s7<-s8#6344:OK-t1,SUCCESS,nextIndex=119,followerCommit=117,matchIndex=118
2024-10-16 23:57:22,915 DEBUG server.RaftServer$Division (RaftServerImpl.java:logAppendEntries(1549)) - s9@group-27FC73985AF3: appendEntries* reply s7<-s9#6345:OK-t1,SUCCESS,nextIndex=119,followerCommit=117,matchIndex=118
2024-10-16 23:57:22,916 DEBUG server.RaftServer$Division (RaftServerImpl.java:logAppendEntries(1549)) - s8@group-27FC73985AF3: appendEntries* s7->s8#6347-t1,previous=(t:1, i:118),leaderCommit=118,initializing? false,entries: size=1, first=(t:1, i:119), STATEMACHINELOGENTRY, StateMachineLogEntryProto:6346@client-5EEBF694C411
2024-10-16 23:57:22,916 DEBUG server.RaftServer$Division (RaftServerImpl.java:logAppendEntries(1549)) - s8@group-27FC73985AF3: appendEntries* reply s7<-s8#6347:OK-t1,SUCCESS,nextIndex=120,followerCommit=118,matchIndex=119
2024-10-16 23:57:22,916 DEBUG server.RaftServer$Division (RaftServerImpl.java:logAppendEntries(1549)) - s9@group-27FC73985AF3: appendEntries* s7->s9#6348-t1,previous=(t:1, i:118),leaderCommit=118,initializing? false,entries: size=1, first=(t:1, i:119), STATEMACHINELOGENTRY, StateMachineLogEntryProto:6346@client-5EEBF694C411
2024-10-16 23:57:22,916 INFO  statemachine.StateMachine (ArithmeticStateMachine.java:applyTransaction(181)) - LEADER:s7-119: c = null = null
2024-10-16 23:57:22,916 DEBUG server.RaftServer$Division (RaftServerImpl.java:logAppendEntries(1549)) - s9@group-27FC73985AF3: appendEntries* reply s7<-s9#6348:OK-t1,SUCCESS,nextIndex=120,followerCommit=118,matchIndex=119
2024-10-16 23:57:22,917 DEBUG server.RaftServer$Division (RaftServerImpl.java:logAppendEntries(1549)) - s9@group-27FC73985AF3: appendEntries* s7->s9#6350-t1,previous=(t:1, i:119),leaderCommit=119,initializing? false,entries: size=1, first=(t:1, i:120), METADATAENTRY(c:119)
2024-10-16 23:57:22,918 DEBUG server.RaftServer$Division (RaftServerImpl.java:logAppendEntries(1549)) - s9@group-27FC73985AF3: appendEntries* reply s7<-s9#6350:OK-t1,SUCCESS,nextIndex=121,followerCommit=119,matchIndex=120
2024-10-16 23:57:22,919 DEBUG server.RaftServer$Division (RaftServerImpl.java:logAppendEntries(1549)) - s8@group-27FC73985AF3: appendEntries* s7->s8#6349-t1,previous=(t:1, i:119),leaderCommit=119,initializing? false,entries: size=1, first=(t:1, i:120), METADATAENTRY(c:119)
2024-10-16 23:57:22,920 DEBUG server.RaftServer$Division (RaftServerImpl.java:logAppendEntries(1549)) - s8@group-27FC73985AF3: appendEntries* reply s7<-s8#6349:OK-t1,SUCCESS,nextIndex=121,followerCommit=119,matchIndex=120
| MiniRaftClusterWithNetty[3, 6, 9, 12, 15]chosen=3 | start groups | 286 |
2024-10-16 23:57:22,922 INFO  impl.GroupManagementBaseTest (GroupManagementBaseTest.java:runMultiGroupTest(291)) - start groups: printing ALL groups
  s3:  RUNNING [
   FOLLOWER s3@group-FCE02D1CD77C:t1, leader=s14, voted=s14, raftlog=Memoized:s3@group-FCE02D1CD77C-SegmentedRaftLog:OPENED:c120:last(t:1, i:120), conf=conf: {index: 0, cur=peers:[s3|0.0.0.0:15018, s14|0.0.0.0:15029, s2|0.0.0.0:15017]|listeners:[], old=null} RUNNING
   FOLLOWER s3@group-9EBC86A0B11D:t0, leader=null, voted=, raftlog=Memoized:s3@group-9EBC86A0B11D-SegmentedRaftLog:OPENED:c-1:lastnull, conf=conf: {index: -1, cur=peers:[]|listeners:[], old=null} STARTING] size=2
  s4:  RUNNING [
   FOLLOWER s4@group-9EBC86A0B11D:t0, leader=null, voted=, raftlog=Memoized:s4@group-9EBC86A0B11D-SegmentedRaftLog:OPENED:c-1:lastnull, conf=conf: {index: -1, cur=peers:[]|listeners:[], old=null} STARTING
   FOLLOWER s4@group-676CD6864C30:t1, leader=s5, voted=s5, raftlog=Memoized:s4@group-676CD6864C30-SegmentedRaftLog:OPENED:c120:last(t:1, i:120), conf=conf: {index: 0, cur=peers:[s4|0.0.0.0:15019, s5|0.0.0.0:15020, s6|0.0.0.0:15021]|listeners:[], old=null} RUNNING] size=2
  s5:  RUNNING [
   FOLLOWER s5@group-9EBC86A0B11D:t0, leader=null, voted=, raftlog=Memoized:s5@group-9EBC86A0B11D-SegmentedRaftLog:OPENED:c-1:lastnull, conf=conf: {index: -1, cur=peers:[]|listeners:[], old=null} STARTING
     LEADER s5@group-676CD6864C30:t1, leader=s5, voted=s5, raftlog=Memoized:s5@group-676CD6864C30-SegmentedRaftLog:OPENED:c120:last(t:1, i:120), conf=conf: {index: 0, cur=peers:[s4|0.0.0.0:15019, s5|0.0.0.0:15020, s6|0.0.0.0:15021]|listeners:[], old=null} RUNNING] size=2
  s6:  RUNNING [
   FOLLOWER s6@group-9EBC86A0B11D:t0, leader=null, voted=, raftlog=Memoized:s6@group-9EBC86A0B11D-SegmentedRaftLog:OPENED:c-1:lastnull, conf=conf: {index: -1, cur=peers:[]|listeners:[], old=null} STARTING
   FOLLOWER s6@group-676CD6864C30:t1, leader=s5, voted=s5, raftlog=Memoized:s6@group-676CD6864C30-SegmentedRaftLog:OPENED:c120:last(t:1, i:120), conf=conf: {index: 0, cur=peers:[s4|0.0.0.0:15019, s5|0.0.0.0:15020, s6|0.0.0.0:15021]|listeners:[], old=null} RUNNING] size=2
  s7:  RUNNING [
   FOLLOWER s7@group-9EBC86A0B11D:t0, leader=null, voted=, raftlog=Memoized:s7@group-9EBC86A0B11D-SegmentedRaftLog:OPENED:c-1:lastnull, conf=conf: {index: -1, cur=peers:[]|listeners:[], old=null} STARTING
     LEADER s7@group-27FC73985AF3:t1, leader=s7, voted=s7, raftlog=Memoized:s7@group-27FC73985AF3-SegmentedRaftLog:OPENED:c120:last(t:1, i:120), conf=conf: {index: 0, cur=peers:[s7|0.0.0.0:15022, s8|0.0.0.0:15023, s9|0.0.0.0:15024]|listeners:[], old=null} RUNNING] size=2
  s8:  RUNNING [
   FOLLOWER s8@group-9EBC86A0B11D:t0, leader=null, voted=, raftlog=Memoized:s8@group-9EBC86A0B11D-SegmentedRaftLog:OPENED:c-1:lastnull, conf=conf: {index: -1, cur=peers:[]|listeners:[], old=null} STARTING
   FOLLOWER s8@group-27FC73985AF3:t1, leader=s7, voted=s7, raftlog=Memoized:s8@group-27FC73985AF3-SegmentedRaftLog:OPENED:c119:last(t:1, i:120), conf=conf: {index: 0, cur=peers:[s7|0.0.0.0:15022, s8|0.0.0.0:15023, s9|0.0.0.0:15024]|listeners:[], old=null} RUNNING] size=2
  s9:  RUNNING [
   FOLLOWER s9@group-9EBC86A0B11D:t0, leader=null, voted=, raftlog=Memoized:s9@group-9EBC86A0B11D-SegmentedRaftLog:OPENED:c-1:lastnull, conf=conf: {index: -1, cur=peers:[]|listeners:[], old=null} STARTING
   FOLLOWER s9@group-27FC73985AF3:t1, leader=s7, voted=s7, raftlog=Memoized:s9@group-27FC73985AF3-SegmentedRaftLog:OPENED:c119:last(t:1, i:120), conf=conf: {index: 0, cur=peers:[s7|0.0.0.0:15022, s8|0.0.0.0:15023, s9|0.0.0.0:15024]|listeners:[], old=null} RUNNING] size=2
  s11:  RUNNING [
   FOLLOWER s11@group-9EBC86A0B11D:t0, leader=null, voted=, raftlog=Memoized:s11@group-9EBC86A0B11D-SegmentedRaftLog:OPENED:c-1:lastnull, conf=conf: {index: -1, cur=peers:[]|listeners:[], old=null} STARTING
     LEADER s11@group-C02387408FFC:t1, leader=s11, voted=s11, raftlog=Memoized:s11@group-C02387408FFC-SegmentedRaftLog:OPENED:c120:last(t:1, i:120), conf=conf: {index: 0, cur=peers:[s11|0.0.0.0:15026, s13|0.0.0.0:15028, s12|0.0.0.0:15027]|listeners:[], old=null} RUNNING] size=2
  s10:  RUNNING [
   FOLLOWER s10@group-9EBC86A0B11D:t0, leader=null, voted=, raftlog=Memoized:s10@group-9EBC86A0B11D-SegmentedRaftLog:OPENED:c-1:lastnull, conf=conf: {index: -1, cur=peers:[]|listeners:[], old=null} STARTING
   FOLLOWER s10@group-2527C568F951:t1, leader=s0, voted=s0, raftlog=Memoized:s10@group-2527C568F951-SegmentedRaftLog:OPENED:c120:last(t:1, i:120), conf=conf: {index: 0, cur=peers:[s10|0.0.0.0:15025, s0|0.0.0.0:15015, s1|0.0.0.0:15016]|listeners:[], old=null} RUNNING] size=2
  s13:  RUNNING [
   FOLLOWER s13@group-9EBC86A0B11D:t0, leader=null, voted=, raftlog=Memoized:s13@group-9EBC86A0B11D-SegmentedRaftLog:OPENED:c-1:lastnull, conf=conf: {index: -1, cur=peers:[]|listeners:[], old=null} STARTING
   FOLLOWER s13@group-C02387408FFC:t1, leader=s11, voted=s11, raftlog=Memoized:s13@group-C02387408FFC-SegmentedRaftLog:OPENED:c120:last(t:1, i:120), conf=conf: {index: 0, cur=peers:[s11|0.0.0.0:15026, s13|0.0.0.0:15028, s12|0.0.0.0:15027]|listeners:[], old=null} RUNNING] size=2
  s12:  RUNNING [
   FOLLOWER s12@group-9EBC86A0B11D:t0, leader=null, voted=, raftlog=Memoized:s12@group-9EBC86A0B11D-SegmentedRaftLog:OPENED:c-1:lastnull, conf=conf: {index: -1, cur=peers:[]|listeners:[], old=null} STARTING
   FOLLOWER s12@group-C02387408FFC:t1, leader=s11, voted=s11, raftlog=Memoized:s12@group-C02387408FFC-SegmentedRaftLog:OPENED:c120:last(t:1, i:120), conf=conf: {index: 0, cur=peers:[s11|0.0.0.0:15026, s13|0.0.0.0:15028, s12|0.0.0.0:15027]|listeners:[], old=null} RUNNING] size=2
  s14:  RUNNING [
     LEADER s14@group-FCE02D1CD77C:t1, leader=s14, voted=s14, raftlog=Memoized:s14@group-FCE02D1CD77C-SegmentedRaftLog:OPENED:c120:last(t:1, i:120), conf=conf: {index: 0, cur=peers:[s3|0.0.0.0:15018, s14|0.0.0.0:15029, s2|0.0.0.0:15017]|listeners:[], old=null} RUNNING
   FOLLOWER s14@group-9EBC86A0B11D:t0, leader=null, voted=, raftlog=Memoized:s14@group-9EBC86A0B11D-SegmentedRaftLog:OPENED:c-1:lastnull, conf=conf: {index: -1, cur=peers:[]|listeners:[], old=null} STARTING] size=2
  s0:  RUNNING [
   FOLLOWER s0@group-9EBC86A0B11D:t0, leader=null, voted=, raftlog=Memoized:s0@group-9EBC86A0B11D-SegmentedRaftLog:OPENED:c-1:lastnull, conf=conf: {index: -1, cur=peers:[]|listeners:[], old=null} STARTING
     LEADER s0@group-2527C568F951:t1, leader=s0, voted=s0, raftlog=Memoized:s0@group-2527C568F951-SegmentedRaftLog:OPENED:c120:last(t:1, i:120), conf=conf: {index: 0, cur=peers:[s10|0.0.0.0:15025, s0|0.0.0.0:15015, s1|0.0.0.0:15016]|listeners:[], old=null} RUNNING] size=2
  s1:  RUNNING [
   FOLLOWER s1@group-9EBC86A0B11D:t0, leader=null, voted=, raftlog=Memoized:s1@group-9EBC86A0B11D-SegmentedRaftLog:OPENED:c-1:lastnull, conf=conf: {index: -1, cur=peers:[]|listeners:[], old=null} STARTING
   FOLLOWER s1@group-2527C568F951:t1, leader=s0, voted=s0, raftlog=Memoized:s1@group-2527C568F951-SegmentedRaftLog:OPENED:c120:last(t:1, i:120), conf=conf: {index: 0, cur=peers:[s10|0.0.0.0:15025, s0|0.0.0.0:15015, s1|0.0.0.0:15016]|listeners:[], old=null} RUNNING] size=2
  s2:  RUNNING [
   FOLLOWER s2@group-FCE02D1CD77C:t1, leader=s14, voted=s14, raftlog=Memoized:s2@group-FCE02D1CD77C-SegmentedRaftLog:OPENED:c120:last(t:1, i:120), conf=conf: {index: 0, cur=peers:[s3|0.0.0.0:15018, s14|0.0.0.0:15029, s2|0.0.0.0:15017]|listeners:[], old=null} RUNNING
   FOLLOWER s2@group-9EBC86A0B11D:t0, leader=null, voted=, raftlog=Memoized:s2@group-9EBC86A0B11D-SegmentedRaftLog:OPENED:c-1:lastnull, conf=conf: {index: -1, cur=peers:[]|listeners:[], old=null} STARTING] size=2
2024-10-16 23:57:22,923 INFO  impl.GroupManagementBaseTest (GroupManagementBaseTest.java:runMultiGroupTest(294)) - chosen = 3, group-676CD6864C30:[s4|0.0.0.0:15019, s5|0.0.0.0:15020, s6|0.0.0.0:15021]
2024-10-16 23:57:22,923 INFO  impl.GroupManagementBaseTest (GroupManagementBaseTest.java:runMultiGroupTest(299)) - 0) close printing group-2527C568F951
  s10:  RUNNING [
   FOLLOWER s10@group-9EBC86A0B11D:t0, leader=null, voted=, raftlog=Memoized:s10@group-9EBC86A0B11D-SegmentedRaftLog:OPENED:c-1:lastnull, conf=conf: {index: -1, cur=peers:[]|listeners:[], old=null} STARTING
   FOLLOWER s10@group-2527C568F951:t1, leader=s0, voted=s0, raftlog=Memoized:s10@group-2527C568F951-SegmentedRaftLog:OPENED:c120:last(t:1, i:120), conf=conf: {index: 0, cur=peers:[s10|0.0.0.0:15025, s0|0.0.0.0:15015, s1|0.0.0.0:15016]|listeners:[], old=null} RUNNING] size=2
  s0:  RUNNING [
   FOLLOWER s0@group-9EBC86A0B11D:t0, leader=null, voted=, raftlog=Memoized:s0@group-9EBC86A0B11D-SegmentedRaftLog:OPENED:c-1:lastnull, conf=conf: {index: -1, cur=peers:[]|listeners:[], old=null} STARTING
     LEADER s0@group-2527C568F951:t1, leader=s0, voted=s0, raftlog=Memoized:s0@group-2527C568F951-SegmentedRaftLog:OPENED:c120:last(t:1, i:120), conf=conf: {index: 0, cur=peers:[s10|0.0.0.0:15025, s0|0.0.0.0:15015, s1|0.0.0.0:15016]|listeners:[], old=null} RUNNING] size=2
  s1:  RUNNING [
   FOLLOWER s1@group-9EBC86A0B11D:t0, leader=null, voted=, raftlog=Memoized:s1@group-9EBC86A0B11D-SegmentedRaftLog:OPENED:c-1:lastnull, conf=conf: {index: -1, cur=peers:[]|listeners:[], old=null} STARTING
   FOLLOWER s1@group-2527C568F951:t1, leader=s0, voted=s0, raftlog=Memoized:s1@group-2527C568F951-SegmentedRaftLog:OPENED:c120:last(t:1, i:120), conf=conf: {index: 0, cur=peers:[s10|0.0.0.0:15025, s0|0.0.0.0:15015, s1|0.0.0.0:15016]|listeners:[], old=null} RUNNING] size=2
2024-10-16 23:57:22,923 INFO  netty.NettyUtils (NettyUtils.java:newEventLoopGroup(74)) - Create EpollEventLoopGroup for client-E1A0B5A7FB3D; Thread size is 0.
2024-10-16 23:57:22,925 INFO  logging.LoggingHandler (AbstractInternalLogger.java:log(148)) - [id: 0x386abc64, L:/0.0.0.0:15025] READ: [id: 0x1f859f2c, L:/127.0.0.1:15025 - R:/127.0.0.1:58898]
2024-10-16 23:57:22,925 INFO  logging.LoggingHandler (AbstractInternalLogger.java:log(148)) - [id: 0x386abc64, L:/0.0.0.0:15025] READ COMPLETE
2024-10-16 23:57:22,929 INFO  server.RaftServer (RaftServerProxy.java:remove(112)) - s10: remove  FOLLOWER s10@group-2527C568F951:t1, leader=s0, voted=s0, raftlog=Memoized:s10@group-2527C568F951-SegmentedRaftLog:OPENED:c120:last(t:1, i:120), conf=conf: {index: 0, cur=peers:[s10|0.0.0.0:15025, s0|0.0.0.0:15015, s1|0.0.0.0:15016]|listeners:[], old=null} RUNNING
2024-10-16 23:57:22,929 INFO  server.RaftServer$Division (RaftServerImpl.java:lambda$close$1(515)) - s10@group-2527C568F951: shutdown
2024-10-16 23:57:22,929 INFO  util.JmxRegister (JmxRegister.java:unregister(74)) - Successfully un-registered JMX Bean with object name Ratis:service=RaftServer,group=group-2527C568F951,id=s10
2024-10-16 23:57:22,929 INFO  impl.RoleInfo (RoleInfo.java:shutdownFollowerState(121)) - s10: shutdown s10@group-2527C568F951-FollowerState
2024-10-16 23:57:22,930 INFO  impl.StateMachineUpdater (StateMachineUpdater.java:stopAndJoin(164)) - s10@group-2527C568F951-StateMachineUpdater: set stopIndex = 120
2024-10-16 23:57:22,930 INFO  impl.StateMachineUpdater (StateMachineUpdater.java:stop(141)) - s10@group-2527C568F951-StateMachineUpdater: closing ArithmeticStateMachine, lastApplied=(t:1, i:120)
2024-10-16 23:57:22,930 INFO  raftlog.RaftLog (SegmentedRaftLog.java:close(567)) - Start closing s10@group-2527C568F951-SegmentedRaftLog:OPENED:c120:last(t:1, i:120)
2024-10-16 23:57:22,930 INFO  impl.FollowerState (FollowerState.java:runImpl(170)) - s10@group-2527C568F951-FollowerState was interrupted
2024-10-16 23:57:22,930 INFO  util.AwaitToRun (AwaitToRun.java:run(49)) - s10@group-2527C568F951-cacheEviction-AwaitToRun-AwaitForSignal is interrupted
2024-10-16 23:57:22,930 INFO  segmented.LogSegment (LogSegment.java:close(348)) - Successfully closed EntryCache-log_inprogress_0
2024-10-16 23:57:22,972 WARN  leader.LogAppender (LogAppenderDefault.java:sendAppendEntriesWithRetries(94)) - s0@group-2527C568F951->s10-LogAppenderDefault: Failed to appendEntries (retry=1)
org.apache.ratis.protocol.exceptions.GroupMismatchException: s10: group-2527C568F951 not found.
	at org.apache.ratis.server.impl.RaftServerProxy$ImplMap.get(RaftServerProxy.java:156)
	at org.apache.ratis.server.impl.RaftServerProxy.getImplFuture(RaftServerProxy.java:366)
	at org.apache.ratis.server.impl.RaftServerProxy.getImpl(RaftServerProxy.java:375)
	at org.apache.ratis.server.impl.RaftServerProxy.getImpl(RaftServerProxy.java:370)
	at org.apache.ratis.server.impl.RaftServerProxy.appendEntries(RaftServerProxy.java:670)
	at org.apache.ratis.netty.server.NettyRpcService.handle(NettyRpcService.java:234)
	at org.apache.ratis.netty.server.NettyRpcService$InboundHandler.channelRead0(NettyRpcService.java:94)
	at org.apache.ratis.netty.server.NettyRpcService$InboundHandler.channelRead0(NettyRpcService.java:90)
	at org.apache.ratis.thirdparty.io.netty.channel.SimpleChannelInboundHandler.channelRead(SimpleChannelInboundHandler.java:99)
	at org.apache.ratis.thirdparty.io.netty.channel.AbstractChannelHandlerContext.invokeChannelRead(AbstractChannelHandlerContext.java:444)
	at org.apache.ratis.thirdparty.io.netty.channel.AbstractChannelHandlerContext.invokeChannelRead(AbstractChannelHandlerContext.java:420)
	at org.apache.ratis.thirdparty.io.netty.channel.AbstractChannelHandlerContext.fireChannelRead(AbstractChannelHandlerContext.java:412)
	at org.apache.ratis.thirdparty.io.netty.handler.codec.MessageToMessageDecoder.channelRead(MessageToMessageDecoder.java:103)
	at org.apache.ratis.thirdparty.io.netty.channel.AbstractChannelHandlerContext.invokeChannelRead(AbstractChannelHandlerContext.java:444)
	at org.apache.ratis.thirdparty.io.netty.channel.AbstractChannelHandlerContext.invokeChannelRead(AbstractChannelHandlerContext.java:420)
	at org.apache.ratis.thirdparty.io.netty.channel.AbstractChannelHandlerContext.fireChannelRead(AbstractChannelHandlerContext.java:412)
	at org.apache.ratis.thirdparty.io.netty.handler.codec.ByteToMessageDecoder.fireChannelRead(ByteToMessageDecoder.java:346)
	at org.apache.ratis.thirdparty.io.netty.handler.codec.ByteToMessageDecoder.channelRead(ByteToMessageDecoder.java:318)
	at org.apache.ratis.thirdparty.io.netty.channel.AbstractChannelHandlerContext.invokeChannelRead(AbstractChannelHandlerContext.java:444)
	at org.apache.ratis.thirdparty.io.netty.channel.AbstractChannelHandlerContext.invokeChannelRead(AbstractChannelHandlerContext.java:420)
	at org.apache.ratis.thirdparty.io.netty.channel.AbstractChannelHandlerContext.fireChannelRead(AbstractChannelHandlerContext.java:412)
	at org.apache.ratis.thirdparty.io.netty.channel.DefaultChannelPipeline$HeadContext.channelRead(DefaultChannelPipeline.java:1410)
	at org.apache.ratis.thirdparty.io.netty.channel.AbstractChannelHandlerContext.invokeChannelRead(AbstractChannelHandlerContext.java:440)
	at org.apache.ratis.thirdparty.io.netty.channel.AbstractChannelHandlerContext.invokeChannelRead(AbstractChannelHandlerContext.java:420)
	at org.apache.ratis.thirdparty.io.netty.channel.DefaultChannelPipeline.fireChannelRead(DefaultChannelPipeline.java:919)
	at org.apache.ratis.thirdparty.io.netty.channel.epoll.AbstractEpollStreamChannel$EpollStreamUnsafe.epollInReady(AbstractEpollStreamChannel.java:801)
	at org.apache.ratis.thirdparty.io.netty.channel.epoll.EpollEventLoop.processReady(EpollEventLoop.java:501)
	at org.apache.ratis.thirdparty.io.netty.channel.epoll.EpollEventLoop.run(EpollEventLoop.java:399)
	at org.apache.ratis.thirdparty.io.netty.util.concurrent.SingleThreadEventExecutor$4.run(SingleThreadEventExecutor.java:997)
	at org.apache.ratis.thirdparty.io.netty.util.internal.ThreadExecutorMap$2.run(ThreadExecutorMap.java:74)
	at java.lang.Thread.run(Thread.java:750)
2024-10-16 23:57:23,043 WARN  leader.LogAppender (LogAppenderDefault.java:sendAppendEntriesWithRetries(94)) - s0@group-2527C568F951->s10-LogAppenderDefault: Failed to appendEntries (retry=1)
org.apache.ratis.protocol.exceptions.GroupMismatchException: s10: group-2527C568F951 not found.
	at org.apache.ratis.server.impl.RaftServerProxy$ImplMap.get(RaftServerProxy.java:156)
	at org.apache.ratis.server.impl.RaftServerProxy.getImplFuture(RaftServerProxy.java:366)
	at org.apache.ratis.server.impl.RaftServerProxy.getImpl(RaftServerProxy.java:375)
	at org.apache.ratis.server.impl.RaftServerProxy.getImpl(RaftServerProxy.java:370)
	at org.apache.ratis.server.impl.RaftServerProxy.appendEntries(RaftServerProxy.java:670)
	at org.apache.ratis.netty.server.NettyRpcService.handle(NettyRpcService.java:234)
	at org.apache.ratis.netty.server.NettyRpcService$InboundHandler.channelRead0(NettyRpcService.java:94)
	at org.apache.ratis.netty.server.NettyRpcService$InboundHandler.channelRead0(NettyRpcService.java:90)
	at org.apache.ratis.thirdparty.io.netty.channel.SimpleChannelInboundHandler.channelRead(SimpleChannelInboundHandler.java:99)
	at org.apache.ratis.thirdparty.io.netty.channel.AbstractChannelHandlerContext.invokeChannelRead(AbstractChannelHandlerContext.java:444)
	at org.apache.ratis.thirdparty.io.netty.channel.AbstractChannelHandlerContext.invokeChannelRead(AbstractChannelHandlerContext.java:420)
	at org.apache.ratis.thirdparty.io.netty.channel.AbstractChannelHandlerContext.fireChannelRead(AbstractChannelHandlerContext.java:412)
	at org.apache.ratis.thirdparty.io.netty.handler.codec.MessageToMessageDecoder.channelRead(MessageToMessageDecoder.java:103)
	at org.apache.ratis.thirdparty.io.netty.channel.AbstractChannelHandlerContext.invokeChannelRead(AbstractChannelHandlerContext.java:444)
	at org.apache.ratis.thirdparty.io.netty.channel.AbstractChannelHandlerContext.invokeChannelRead(AbstractChannelHandlerContext.java:420)
	at org.apache.ratis.thirdparty.io.netty.channel.AbstractChannelHandlerContext.fireChannelRead(AbstractChannelHandlerContext.java:412)
	at org.apache.ratis.thirdparty.io.netty.handler.codec.ByteToMessageDecoder.fireChannelRead(ByteToMessageDecoder.java:346)
	at org.apache.ratis.thirdparty.io.netty.handler.codec.ByteToMessageDecoder.channelRead(ByteToMessageDecoder.java:318)
	at org.apache.ratis.thirdparty.io.netty.channel.AbstractChannelHandlerContext.invokeChannelRead(AbstractChannelHandlerContext.java:444)
	at org.apache.ratis.thirdparty.io.netty.channel.AbstractChannelHandlerContext.invokeChannelRead(AbstractChannelHandlerContext.java:420)
	at org.apache.ratis.thirdparty.io.netty.channel.AbstractChannelHandlerContext.fireChannelRead(AbstractChannelHandlerContext.java:412)
	at org.apache.ratis.thirdparty.io.netty.channel.DefaultChannelPipeline$HeadContext.channelRead(DefaultChannelPipeline.java:1410)
	at org.apache.ratis.thirdparty.io.netty.channel.AbstractChannelHandlerContext.invokeChannelRead(AbstractChannelHandlerContext.java:440)
	at org.apache.ratis.thirdparty.io.netty.channel.AbstractChannelHandlerContext.invokeChannelRead(AbstractChannelHandlerContext.java:420)
	at org.apache.ratis.thirdparty.io.netty.channel.DefaultChannelPipeline.fireChannelRead(DefaultChannelPipeline.java:919)
	at org.apache.ratis.thirdparty.io.netty.channel.epoll.AbstractEpollStreamChannel$EpollStreamUnsafe.epollInReady(AbstractEpollStreamChannel.java:801)
	at org.apache.ratis.thirdparty.io.netty.channel.epoll.EpollEventLoop.processReady(EpollEventLoop.java:501)
	at org.apache.ratis.thirdparty.io.netty.channel.epoll.EpollEventLoop.run(EpollEventLoop.java:399)
	at org.apache.ratis.thirdparty.io.netty.util.concurrent.SingleThreadEventExecutor$4.run(SingleThreadEventExecutor.java:997)
	at org.apache.ratis.thirdparty.io.netty.util.internal.ThreadExecutorMap$2.run(ThreadExecutorMap.java:74)
	at java.lang.Thread.run(Thread.java:750)
2024-10-16 23:57:23,118 WARN  leader.LogAppender (LogAppenderDefault.java:sendAppendEntriesWithRetries(94)) - s0@group-2527C568F951->s10-LogAppenderDefault: Failed to appendEntries (retry=1)
org.apache.ratis.protocol.exceptions.GroupMismatchException: s10: group-2527C568F951 not found.
	at org.apache.ratis.server.impl.RaftServerProxy$ImplMap.get(RaftServerProxy.java:156)
	at org.apache.ratis.server.impl.RaftServerProxy.getImplFuture(RaftServerProxy.java:366)
	at org.apache.ratis.server.impl.RaftServerProxy.getImpl(RaftServerProxy.java:375)
	at org.apache.ratis.server.impl.RaftServerProxy.getImpl(RaftServerProxy.java:370)
	at org.apache.ratis.server.impl.RaftServerProxy.appendEntries(RaftServerProxy.java:670)
	at org.apache.ratis.netty.server.NettyRpcService.handle(NettyRpcService.java:234)
	at org.apache.ratis.netty.server.NettyRpcService$InboundHandler.channelRead0(NettyRpcService.java:94)
	at org.apache.ratis.netty.server.NettyRpcService$InboundHandler.channelRead0(NettyRpcService.java:90)
	at org.apache.ratis.thirdparty.io.netty.channel.SimpleChannelInboundHandler.channelRead(SimpleChannelInboundHandler.java:99)
	at org.apache.ratis.thirdparty.io.netty.channel.AbstractChannelHandlerContext.invokeChannelRead(AbstractChannelHandlerContext.java:444)
	at org.apache.ratis.thirdparty.io.netty.channel.AbstractChannelHandlerContext.invokeChannelRead(AbstractChannelHandlerContext.java:420)
	at org.apache.ratis.thirdparty.io.netty.channel.AbstractChannelHandlerContext.fireChannelRead(AbstractChannelHandlerContext.java:412)
	at org.apache.ratis.thirdparty.io.netty.handler.codec.MessageToMessageDecoder.channelRead(MessageToMessageDecoder.java:103)
	at org.apache.ratis.thirdparty.io.netty.channel.AbstractChannelHandlerContext.invokeChannelRead(AbstractChannelHandlerContext.java:444)
	at org.apache.ratis.thirdparty.io.netty.channel.AbstractChannelHandlerContext.invokeChannelRead(AbstractChannelHandlerContext.java:420)
	at org.apache.ratis.thirdparty.io.netty.channel.AbstractChannelHandlerContext.fireChannelRead(AbstractChannelHandlerContext.java:412)
	at org.apache.ratis.thirdparty.io.netty.handler.codec.ByteToMessageDecoder.fireChannelRead(ByteToMessageDecoder.java:346)
	at org.apache.ratis.thirdparty.io.netty.handler.codec.ByteToMessageDecoder.channelRead(ByteToMessageDecoder.java:318)
	at org.apache.ratis.thirdparty.io.netty.channel.AbstractChannelHandlerContext.invokeChannelRead(AbstractChannelHandlerContext.java:444)
	at org.apache.ratis.thirdparty.io.netty.channel.AbstractChannelHandlerContext.invokeChannelRead(AbstractChannelHandlerContext.java:420)
	at org.apache.ratis.thirdparty.io.netty.channel.AbstractChannelHandlerContext.fireChannelRead(AbstractChannelHandlerContext.java:412)
	at org.apache.ratis.thirdparty.io.netty.channel.DefaultChannelPipeline$HeadContext.channelRead(DefaultChannelPipeline.java:1410)
	at org.apache.ratis.thirdparty.io.netty.channel.AbstractChannelHandlerContext.invokeChannelRead(AbstractChannelHandlerContext.java:440)
	at org.apache.ratis.thirdparty.io.netty.channel.AbstractChannelHandlerContext.invokeChannelRead(AbstractChannelHandlerContext.java:420)
	at org.apache.ratis.thirdparty.io.netty.channel.DefaultChannelPipeline.fireChannelRead(DefaultChannelPipeline.java:919)
	at org.apache.ratis.thirdparty.io.netty.channel.epoll.AbstractEpollStreamChannel$EpollStreamUnsafe.epollInReady(AbstractEpollStreamChannel.java:801)
	at org.apache.ratis.thirdparty.io.netty.channel.epoll.EpollEventLoop.processReady(EpollEventLoop.java:501)
	at org.apache.ratis.thirdparty.io.netty.channel.epoll.EpollEventLoop.run(EpollEventLoop.java:399)
	at org.apache.ratis.thirdparty.io.netty.util.concurrent.SingleThreadEventExecutor$4.run(SingleThreadEventExecutor.java:997)
	at org.apache.ratis.thirdparty.io.netty.util.internal.ThreadExecutorMap$2.run(ThreadExecutorMap.java:74)
	at java.lang.Thread.run(Thread.java:750)
2024-10-16 23:57:23,140 INFO  segmented.SegmentedRaftLogWorker (SegmentedRaftLogWorker.java:close(253)) - s10@group-2527C568F951-SegmentedRaftLogWorker close()
2024-10-16 23:57:23,141 INFO  raftlog.RaftLog (SegmentedRaftLog.java:close(575)) - Successfully closed s10@group-2527C568F951-SegmentedRaftLog:CLOSED:c120
2024-10-16 23:57:23,141 TRACE util.FileUtils (FileUtils.java:deleteFully(305)) - deleteFully /home/runner/work/ratis/ratis/ratis-examples/target/test/data/6cc99a4c/MiniRaftClusterWithNettyeee6e424/s10/9a7bfbde-bf3d-4cd7-846e-2527c568f951
2024-10-16 23:57:23,141 TRACE util.FileUtils (LogUtils.java:runAndLog(49)) - Successfully ran Files.delete /home/runner/work/ratis/ratis/ratis-examples/target/test/data/6cc99a4c/MiniRaftClusterWithNettyeee6e424/s10/9a7bfbde-bf3d-4cd7-846e-2527c568f951/current/raft-meta
2024-10-16 23:57:23,141 TRACE util.FileUtils (LogUtils.java:runAndLog(49)) - Successfully ran Files.delete /home/runner/work/ratis/ratis/ratis-examples/target/test/data/6cc99a4c/MiniRaftClusterWithNettyeee6e424/s10/9a7bfbde-bf3d-4cd7-846e-2527c568f951/current/log_inprogress_0
2024-10-16 23:57:23,141 TRACE util.FileUtils (LogUtils.java:runAndLog(49)) - Successfully ran Files.delete /home/runner/work/ratis/ratis/ratis-examples/target/test/data/6cc99a4c/MiniRaftClusterWithNettyeee6e424/s10/9a7bfbde-bf3d-4cd7-846e-2527c568f951/current/raft-meta.conf
2024-10-16 23:57:23,141 TRACE util.FileUtils (LogUtils.java:runAndLog(49)) - Successfully ran Files.delete /home/runner/work/ratis/ratis/ratis-examples/target/test/data/6cc99a4c/MiniRaftClusterWithNettyeee6e424/s10/9a7bfbde-bf3d-4cd7-846e-2527c568f951/current
2024-10-16 23:57:23,142 TRACE util.FileUtils (LogUtils.java:runAndLog(49)) - Successfully ran Files.delete /home/runner/work/ratis/ratis/ratis-examples/target/test/data/6cc99a4c/MiniRaftClusterWithNettyeee6e424/s10/9a7bfbde-bf3d-4cd7-846e-2527c568f951/in_use.lock
2024-10-16 23:57:23,142 TRACE util.FileUtils (LogUtils.java:runAndLog(49)) - Successfully ran Files.delete /home/runner/work/ratis/ratis/ratis-examples/target/test/data/6cc99a4c/MiniRaftClusterWithNettyeee6e424/s10/9a7bfbde-bf3d-4cd7-846e-2527c568f951/sm
2024-10-16 23:57:23,142 TRACE util.FileUtils (LogUtils.java:runAndLog(49)) - Successfully ran Files.delete /home/runner/work/ratis/ratis/ratis-examples/target/test/data/6cc99a4c/MiniRaftClusterWithNettyeee6e424/s10/9a7bfbde-bf3d-4cd7-846e-2527c568f951
2024-10-16 23:57:23,142 INFO  server.RaftServer$Division (RaftServerImpl.java:groupRemove(485)) - s10@group-2527C568F951: Succeed to remove RaftStorageDirectory Storage Directory /home/runner/work/ratis/ratis/ratis-examples/target/test/data/6cc99a4c/MiniRaftClusterWithNettyeee6e424/s10/9a7bfbde-bf3d-4cd7-846e-2527c568f951
2024-10-16 23:57:23,148 INFO  netty.NettyUtils (NettyUtils.java:newEventLoopGroup(74)) - Create EpollEventLoopGroup for client-464CFB1AFEAA; Thread size is 0.
2024-10-16 23:57:23,149 INFO  logging.LoggingHandler (AbstractInternalLogger.java:log(148)) - [id: 0x90e4c7eb, L:/0.0.0.0:15015] READ: [id: 0x9901fcc8, L:/127.0.0.1:15015 - R:/127.0.0.1:46370]
2024-10-16 23:57:23,149 INFO  logging.LoggingHandler (AbstractInternalLogger.java:log(148)) - [id: 0x90e4c7eb, L:/0.0.0.0:15015] READ COMPLETE
2024-10-16 23:57:23,150 INFO  server.RaftServer (RaftServerProxy.java:remove(112)) - s0: remove    LEADER s0@group-2527C568F951:t1, leader=s0, voted=s0, raftlog=Memoized:s0@group-2527C568F951-SegmentedRaftLog:OPENED:c120:last(t:1, i:120), conf=conf: {index: 0, cur=peers:[s10|0.0.0.0:15025, s0|0.0.0.0:15015, s1|0.0.0.0:15016]|listeners:[], old=null} RUNNING
2024-10-16 23:57:23,150 INFO  server.RaftServer$Division (RaftServerImpl.java:lambda$close$1(515)) - s0@group-2527C568F951: shutdown
2024-10-16 23:57:23,150 INFO  util.JmxRegister (JmxRegister.java:unregister(74)) - Successfully un-registered JMX Bean with object name Ratis:service=RaftServer,group=group-2527C568F951,id=s0
2024-10-16 23:57:23,150 INFO  impl.RoleInfo (RoleInfo.java:shutdownLeaderState(103)) - s0: shutdown s0@group-2527C568F951-LeaderStateImpl
2024-10-16 23:57:23,150 INFO  leader.LogAppenderDaemon (LogAppenderDaemon.java:run(85)) - s0@group-2527C568F951->s10-LogAppenderDefault-LogAppenderDaemon was interrupted: java.lang.InterruptedException
2024-10-16 23:57:23,150 INFO  leader.LogAppenderDaemon (LogAppenderDaemon.java:run(85)) - s0@group-2527C568F951->s1-LogAppenderDefault-LogAppenderDaemon was interrupted: java.lang.InterruptedException
2024-10-16 23:57:23,150 INFO  impl.PendingRequests (PendingRequests.java:sendNotLeaderResponses(287)) - s0@group-2527C568F951-PendingRequests: sendNotLeaderResponses
2024-10-16 23:57:23,151 INFO  impl.StateMachineUpdater (StateMachineUpdater.java:stopAndJoin(164)) - s0@group-2527C568F951-StateMachineUpdater: set stopIndex = 120
2024-10-16 23:57:23,151 INFO  impl.StateMachineUpdater (StateMachineUpdater.java:stop(141)) - s0@group-2527C568F951-StateMachineUpdater: closing ArithmeticStateMachine, lastApplied=(t:1, i:120)
2024-10-16 23:57:23,152 INFO  raftlog.RaftLog (SegmentedRaftLog.java:close(567)) - Start closing s0@group-2527C568F951-SegmentedRaftLog:OPENED:c120:last(t:1, i:120)
2024-10-16 23:57:23,152 INFO  util.AwaitToRun (AwaitToRun.java:run(49)) - s0@group-2527C568F951-cacheEviction-AwaitToRun-AwaitForSignal is interrupted
2024-10-16 23:57:23,152 INFO  segmented.LogSegment (LogSegment.java:close(348)) - Successfully closed EntryCache-log_inprogress_0
2024-10-16 23:57:23,848 INFO  impl.FollowerState (FollowerState.java:runImpl(161)) - s1@group-2527C568F951-FollowerState: change to CANDIDATE, lastRpcElapsedTime:732821172ns, electionTimeout:527ms
2024-10-16 23:57:23,848 INFO  impl.RoleInfo (RoleInfo.java:shutdownFollowerState(121)) - s1: shutdown s1@group-2527C568F951-FollowerState
2024-10-16 23:57:23,848 INFO  server.RaftServer$Division (RaftServerImpl.java:setRole(380)) - s1@group-2527C568F951: changes role from  FOLLOWER to CANDIDATE at term 1 for changeToCandidate
2024-10-16 23:57:23,848 INFO  server.RaftServerConfigKeys (ConfUtils.java:logGet(46)) - raft.server.leaderelection.pre-vote = true (default)
2024-10-16 23:57:23,848 INFO  impl.RoleInfo (RoleInfo.java:updateAndGet(148)) - s1: start s1@group-2527C568F951-LeaderElection23
2024-10-16 23:57:23,848 INFO  server.RaftServer$Division (ServerState.java:setLeader(272)) - s1@group-2527C568F951: change Leader from s0 to null at term 1 for PRE_VOTE
2024-10-16 23:57:23,848 INFO  impl.LeaderElection (LeaderElection.java:askForVotes(333)) - s1@group-2527C568F951-LeaderElection23 PRE_VOTE round 0: submit vote requests at term 1 for conf: {index: 0, cur=peers:[s10|0.0.0.0:15025, s0|0.0.0.0:15015, s1|0.0.0.0:15016]|listeners:[], old=null}
2024-10-16 23:57:23,850 INFO  logging.LoggingHandler (AbstractInternalLogger.java:log(148)) - [id: 0x386abc64, L:/0.0.0.0:15025] READ: [id: 0xc0517cdf, L:/127.0.0.1:15025 - R:/127.0.0.1:58906]
2024-10-16 23:57:23,850 INFO  logging.LoggingHandler (AbstractInternalLogger.java:log(148)) - [id: 0x90e4c7eb, L:/0.0.0.0:15015] READ: [id: 0x8f114ee6, L:/127.0.0.1:15015 - R:/127.0.0.1:46382]
2024-10-16 23:57:23,850 INFO  logging.LoggingHandler (AbstractInternalLogger.java:log(148)) - [id: 0x386abc64, L:/0.0.0.0:15025] READ COMPLETE
2024-10-16 23:57:23,850 INFO  logging.LoggingHandler (AbstractInternalLogger.java:log(148)) - [id: 0x90e4c7eb, L:/0.0.0.0:15015] READ COMPLETE
2024-10-16 23:57:23,853 INFO  impl.LeaderElection (LogUtils.java:infoOrTrace(136)) - s1@group-2527C568F951-LeaderElection23 got exception when requesting votes: java.util.concurrent.ExecutionException: org.apache.ratis.protocol.exceptions.GroupMismatchException: s10: group-2527C568F951 not found.
2024-10-16 23:57:23,853 INFO  impl.LeaderElection (LogUtils.java:infoOrTrace(136)) - s1@group-2527C568F951-LeaderElection23 got exception when requesting votes: java.util.concurrent.ExecutionException: org.apache.ratis.protocol.exceptions.GroupMismatchException: s0: group-2527C568F951 not found.
2024-10-16 23:57:23,853 INFO  impl.LeaderElection (LeaderElection.java:logAndReturn(90)) - s1@group-2527C568F951-LeaderElection23: PRE_VOTE REJECTED received 0 response(s) and 2 exception(s):
2024-10-16 23:57:23,853 INFO  impl.LeaderElection (LogUtils.java:infoOrTrace(136)) -   Exception 0: java.util.concurrent.ExecutionException: org.apache.ratis.protocol.exceptions.GroupMismatchException: s10: group-2527C568F951 not found.
2024-10-16 23:57:23,853 INFO  impl.LeaderElection (LogUtils.java:infoOrTrace(136)) -   Exception 1: java.util.concurrent.ExecutionException: org.apache.ratis.protocol.exceptions.GroupMismatchException: s0: group-2527C568F951 not found.
2024-10-16 23:57:23,853 INFO  impl.LeaderElection (LeaderElection.java:askForVotes(335)) - s1@group-2527C568F951-LeaderElection23 PRE_VOTE round 0: result REJECTED
2024-10-16 23:57:23,853 INFO  server.RaftServer$Division (RaftServerImpl.java:setRole(380)) - s1@group-2527C568F951: changes role from CANDIDATE to FOLLOWER at term 1 for REJECTED
2024-10-16 23:57:23,853 INFO  impl.RoleInfo (RoleInfo.java:shutdownLeaderElection(141)) - s1: shutdown s1@group-2527C568F951-LeaderElection23
2024-10-16 23:57:23,853 INFO  impl.RoleInfo (RoleInfo.java:updateAndGet(148)) - s1: start s1@group-2527C568F951-FollowerState
2024-10-16 23:57:24,140 INFO  segmented.SegmentedRaftLogWorker (SegmentedRaftLogWorker.java:close(253)) - s0@group-2527C568F951-SegmentedRaftLogWorker close()
2024-10-16 23:57:24,141 INFO  raftlog.RaftLog (SegmentedRaftLog.java:close(575)) - Successfully closed s0@group-2527C568F951-SegmentedRaftLog:CLOSED:c120
2024-10-16 23:57:24,141 TRACE util.FileUtils (FileUtils.java:deleteFully(305)) - deleteFully /home/runner/work/ratis/ratis/ratis-examples/target/test/data/6cc99a4c/MiniRaftClusterWithNettyeee6e424/s0/9a7bfbde-bf3d-4cd7-846e-2527c568f951
2024-10-16 23:57:24,141 TRACE util.FileUtils (LogUtils.java:runAndLog(49)) - Successfully ran Files.delete /home/runner/work/ratis/ratis/ratis-examples/target/test/data/6cc99a4c/MiniRaftClusterWithNettyeee6e424/s0/9a7bfbde-bf3d-4cd7-846e-2527c568f951/current/raft-meta
2024-10-16 23:57:24,141 TRACE util.FileUtils (LogUtils.java:runAndLog(49)) - Successfully ran Files.delete /home/runner/work/ratis/ratis/ratis-examples/target/test/data/6cc99a4c/MiniRaftClusterWithNettyeee6e424/s0/9a7bfbde-bf3d-4cd7-846e-2527c568f951/current/log_inprogress_0
2024-10-16 23:57:24,141 TRACE util.FileUtils (LogUtils.java:runAndLog(49)) - Successfully ran Files.delete /home/runner/work/ratis/ratis/ratis-examples/target/test/data/6cc99a4c/MiniRaftClusterWithNettyeee6e424/s0/9a7bfbde-bf3d-4cd7-846e-2527c568f951/current/raft-meta.conf
2024-10-16 23:57:24,141 TRACE util.FileUtils (LogUtils.java:runAndLog(49)) - Successfully ran Files.delete /home/runner/work/ratis/ratis/ratis-examples/target/test/data/6cc99a4c/MiniRaftClusterWithNettyeee6e424/s0/9a7bfbde-bf3d-4cd7-846e-2527c568f951/current
2024-10-16 23:57:24,142 TRACE util.FileUtils (LogUtils.java:runAndLog(49)) - Successfully ran Files.delete /home/runner/work/ratis/ratis/ratis-examples/target/test/data/6cc99a4c/MiniRaftClusterWithNettyeee6e424/s0/9a7bfbde-bf3d-4cd7-846e-2527c568f951/in_use.lock
2024-10-16 23:57:24,142 TRACE util.FileUtils (LogUtils.java:runAndLog(49)) - Successfully ran Files.delete /home/runner/work/ratis/ratis/ratis-examples/target/test/data/6cc99a4c/MiniRaftClusterWithNettyeee6e424/s0/9a7bfbde-bf3d-4cd7-846e-2527c568f951/sm
2024-10-16 23:57:24,142 TRACE util.FileUtils (LogUtils.java:runAndLog(49)) - Successfully ran Files.delete /home/runner/work/ratis/ratis/ratis-examples/target/test/data/6cc99a4c/MiniRaftClusterWithNettyeee6e424/s0/9a7bfbde-bf3d-4cd7-846e-2527c568f951
2024-10-16 23:57:24,142 INFO  server.RaftServer$Division (RaftServerImpl.java:groupRemove(485)) - s0@group-2527C568F951: Succeed to remove RaftStorageDirectory Storage Directory /home/runner/work/ratis/ratis/ratis-examples/target/test/data/6cc99a4c/MiniRaftClusterWithNettyeee6e424/s0/9a7bfbde-bf3d-4cd7-846e-2527c568f951
2024-10-16 23:57:24,145 INFO  netty.NettyUtils (NettyUtils.java:newEventLoopGroup(74)) - Create EpollEventLoopGroup for client-EFBBB4F89300; Thread size is 0.
2024-10-16 23:57:24,146 INFO  logging.LoggingHandler (AbstractInternalLogger.java:log(148)) - [id: 0xb4b31492, L:/0.0.0.0:15016] READ: [id: 0x43cb0c28, L:/127.0.0.1:15016 - R:/127.0.0.1:42552]
2024-10-16 23:57:24,147 INFO  logging.LoggingHandler (AbstractInternalLogger.java:log(148)) - [id: 0xb4b31492, L:/0.0.0.0:15016] READ COMPLETE
2024-10-16 23:57:24,147 INFO  server.RaftServer (RaftServerProxy.java:remove(112)) - s1: remove  FOLLOWER s1@group-2527C568F951:t1, leader=null, voted=s0, raftlog=Memoized:s1@group-2527C568F951-SegmentedRaftLog:OPENED:c120:last(t:1, i:120), conf=conf: {index: 0, cur=peers:[s10|0.0.0.0:15025, s0|0.0.0.0:15015, s1|0.0.0.0:15016]|listeners:[], old=null} RUNNING
2024-10-16 23:57:24,147 INFO  server.RaftServer$Division (RaftServerImpl.java:lambda$close$1(515)) - s1@group-2527C568F951: shutdown
2024-10-16 23:57:24,147 INFO  util.JmxRegister (JmxRegister.java:unregister(74)) - Successfully un-registered JMX Bean with object name Ratis:service=RaftServer,group=group-2527C568F951,id=s1
2024-10-16 23:57:24,147 INFO  impl.RoleInfo (RoleInfo.java:shutdownFollowerState(121)) - s1: shutdown s1@group-2527C568F951-FollowerState
2024-10-16 23:57:24,147 INFO  impl.StateMachineUpdater (StateMachineUpdater.java:stopAndJoin(164)) - s1@group-2527C568F951-StateMachineUpdater: set stopIndex = 120
2024-10-16 23:57:24,147 INFO  impl.FollowerState (FollowerState.java:runImpl(170)) - s1@group-2527C568F951-FollowerState was interrupted
2024-10-16 23:57:24,147 INFO  impl.StateMachineUpdater (StateMachineUpdater.java:stop(141)) - s1@group-2527C568F951-StateMachineUpdater: closing ArithmeticStateMachine, lastApplied=(t:1, i:120)
2024-10-16 23:57:24,148 INFO  raftlog.RaftLog (SegmentedRaftLog.java:close(567)) - Start closing s1@group-2527C568F951-SegmentedRaftLog:OPENED:c120:last(t:1, i:120)
2024-10-16 23:57:24,148 INFO  util.AwaitToRun (AwaitToRun.java:run(49)) - s1@group-2527C568F951-cacheEviction-AwaitToRun-AwaitForSignal is interrupted
2024-10-16 23:57:24,148 INFO  segmented.LogSegment (LogSegment.java:close(348)) - Successfully closed EntryCache-log_inprogress_0
2024-10-16 23:57:25,141 INFO  segmented.SegmentedRaftLogWorker (SegmentedRaftLogWorker.java:close(253)) - s1@group-2527C568F951-SegmentedRaftLogWorker close()
2024-10-16 23:57:25,141 INFO  raftlog.RaftLog (SegmentedRaftLog.java:close(575)) - Successfully closed s1@group-2527C568F951-SegmentedRaftLog:CLOSED:c120
2024-10-16 23:57:25,142 TRACE util.FileUtils (FileUtils.java:deleteFully(305)) - deleteFully /home/runner/work/ratis/ratis/ratis-examples/target/test/data/6cc99a4c/MiniRaftClusterWithNettyeee6e424/s1/9a7bfbde-bf3d-4cd7-846e-2527c568f951
2024-10-16 23:57:25,142 TRACE util.FileUtils (LogUtils.java:runAndLog(49)) - Successfully ran Files.delete /home/runner/work/ratis/ratis/ratis-examples/target/test/data/6cc99a4c/MiniRaftClusterWithNettyeee6e424/s1/9a7bfbde-bf3d-4cd7-846e-2527c568f951/current/raft-meta
2024-10-16 23:57:25,142 TRACE util.FileUtils (LogUtils.java:runAndLog(49)) - Successfully ran Files.delete /home/runner/work/ratis/ratis/ratis-examples/target/test/data/6cc99a4c/MiniRaftClusterWithNettyeee6e424/s1/9a7bfbde-bf3d-4cd7-846e-2527c568f951/current/log_inprogress_0
2024-10-16 23:57:25,142 TRACE util.FileUtils (LogUtils.java:runAndLog(49)) - Successfully ran Files.delete /home/runner/work/ratis/ratis/ratis-examples/target/test/data/6cc99a4c/MiniRaftClusterWithNettyeee6e424/s1/9a7bfbde-bf3d-4cd7-846e-2527c568f951/current/raft-meta.conf
2024-10-16 23:57:25,143 TRACE util.FileUtils (LogUtils.java:runAndLog(49)) - Successfully ran Files.delete /home/runner/work/ratis/ratis/ratis-examples/target/test/data/6cc99a4c/MiniRaftClusterWithNettyeee6e424/s1/9a7bfbde-bf3d-4cd7-846e-2527c568f951/current
2024-10-16 23:57:25,143 TRACE util.FileUtils (LogUtils.java:runAndLog(49)) - Successfully ran Files.delete /home/runner/work/ratis/ratis/ratis-examples/target/test/data/6cc99a4c/MiniRaftClusterWithNettyeee6e424/s1/9a7bfbde-bf3d-4cd7-846e-2527c568f951/in_use.lock
2024-10-16 23:57:25,143 TRACE util.FileUtils (LogUtils.java:runAndLog(49)) - Successfully ran Files.delete /home/runner/work/ratis/ratis/ratis-examples/target/test/data/6cc99a4c/MiniRaftClusterWithNettyeee6e424/s1/9a7bfbde-bf3d-4cd7-846e-2527c568f951/sm
2024-10-16 23:57:25,143 TRACE util.FileUtils (LogUtils.java:runAndLog(49)) - Successfully ran Files.delete /home/runner/work/ratis/ratis/ratis-examples/target/test/data/6cc99a4c/MiniRaftClusterWithNettyeee6e424/s1/9a7bfbde-bf3d-4cd7-846e-2527c568f951
2024-10-16 23:57:25,143 INFO  server.RaftServer$Division (RaftServerImpl.java:groupRemove(485)) - s1@group-2527C568F951: Succeed to remove RaftStorageDirectory Storage Directory /home/runner/work/ratis/ratis/ratis-examples/target/test/data/6cc99a4c/MiniRaftClusterWithNettyeee6e424/s1/9a7bfbde-bf3d-4cd7-846e-2527c568f951
2024-10-16 23:57:25,145 INFO  impl.GroupManagementBaseTest (GroupManagementBaseTest.java:runMultiGroupTest(299)) - 1) close printing group-C02387408FFC
  s11:  RUNNING [
   FOLLOWER s11@group-9EBC86A0B11D:t0, leader=null, voted=, raftlog=Memoized:s11@group-9EBC86A0B11D-SegmentedRaftLog:OPENED:c-1:lastnull, conf=conf: {index: -1, cur=peers:[]|listeners:[], old=null} STARTING
     LEADER s11@group-C02387408FFC:t1, leader=s11, voted=s11, raftlog=Memoized:s11@group-C02387408FFC-SegmentedRaftLog:OPENED:c120:last(t:1, i:120), conf=conf: {index: 0, cur=peers:[s11|0.0.0.0:15026, s13|0.0.0.0:15028, s12|0.0.0.0:15027]|listeners:[], old=null} RUNNING] size=2
  s13:  RUNNING [
   FOLLOWER s13@group-9EBC86A0B11D:t0, leader=null, voted=, raftlog=Memoized:s13@group-9EBC86A0B11D-SegmentedRaftLog:OPENED:c-1:lastnull, conf=conf: {index: -1, cur=peers:[]|listeners:[], old=null} STARTING
   FOLLOWER s13@group-C02387408FFC:t1, leader=s11, voted=s11, raftlog=Memoized:s13@group-C02387408FFC-SegmentedRaftLog:OPENED:c120:last(t:1, i:120), conf=conf: {index: 0, cur=peers:[s11|0.0.0.0:15026, s13|0.0.0.0:15028, s12|0.0.0.0:15027]|listeners:[], old=null} RUNNING] size=2
  s12:  RUNNING [
   FOLLOWER s12@group-9EBC86A0B11D:t0, leader=null, voted=, raftlog=Memoized:s12@group-9EBC86A0B11D-SegmentedRaftLog:OPENED:c-1:lastnull, conf=conf: {index: -1, cur=peers:[]|listeners:[], old=null} STARTING
   FOLLOWER s12@group-C02387408FFC:t1, leader=s11, voted=s11, raftlog=Memoized:s12@group-C02387408FFC-SegmentedRaftLog:OPENED:c120:last(t:1, i:120), conf=conf: {index: 0, cur=peers:[s11|0.0.0.0:15026, s13|0.0.0.0:15028, s12|0.0.0.0:15027]|listeners:[], old=null} RUNNING] size=2
2024-10-16 23:57:25,146 INFO  netty.NettyUtils (NettyUtils.java:newEventLoopGroup(74)) - Create EpollEventLoopGroup for client-EF25C9DE7644; Thread size is 0.
2024-10-16 23:57:25,147 INFO  logging.LoggingHandler (AbstractInternalLogger.java:log(148)) - [id: 0xf469844a, L:/0.0.0.0:15026] READ: [id: 0xb24db869, L:/127.0.0.1:15026 - R:/127.0.0.1:54218]
2024-10-16 23:57:25,147 INFO  logging.LoggingHandler (AbstractInternalLogger.java:log(148)) - [id: 0xf469844a, L:/0.0.0.0:15026] READ COMPLETE
2024-10-16 23:57:25,148 INFO  server.RaftServer (RaftServerProxy.java:remove(112)) - s11: remove    LEADER s11@group-C02387408FFC:t1, leader=s11, voted=s11, raftlog=Memoized:s11@group-C02387408FFC-SegmentedRaftLog:OPENED:c120:last(t:1, i:120), conf=conf: {index: 0, cur=peers:[s11|0.0.0.0:15026, s13|0.0.0.0:15028, s12|0.0.0.0:15027]|listeners:[], old=null} RUNNING
2024-10-16 23:57:25,148 INFO  server.RaftServer$Division (RaftServerImpl.java:lambda$close$1(515)) - s11@group-C02387408FFC: shutdown
2024-10-16 23:57:25,148 INFO  util.JmxRegister (JmxRegister.java:unregister(74)) - Successfully un-registered JMX Bean with object name Ratis:service=RaftServer,group=group-C02387408FFC,id=s11
2024-10-16 23:57:25,148 INFO  impl.RoleInfo (RoleInfo.java:shutdownLeaderState(103)) - s11: shutdown s11@group-C02387408FFC-LeaderStateImpl
2024-10-16 23:57:25,149 INFO  leader.LogAppenderDaemon (LogAppenderDaemon.java:run(85)) - s11@group-C02387408FFC->s13-LogAppenderDefault-LogAppenderDaemon was interrupted: java.lang.InterruptedException
2024-10-16 23:57:25,149 INFO  impl.PendingRequests (PendingRequests.java:sendNotLeaderResponses(287)) - s11@group-C02387408FFC-PendingRequests: sendNotLeaderResponses
2024-10-16 23:57:25,150 INFO  impl.StateMachineUpdater (StateMachineUpdater.java:stopAndJoin(164)) - s11@group-C02387408FFC-StateMachineUpdater: set stopIndex = 120
2024-10-16 23:57:25,150 INFO  impl.StateMachineUpdater (StateMachineUpdater.java:stop(141)) - s11@group-C02387408FFC-StateMachineUpdater: closing ArithmeticStateMachine, lastApplied=(t:1, i:120)
2024-10-16 23:57:25,150 INFO  raftlog.RaftLog (SegmentedRaftLog.java:close(567)) - Start closing s11@group-C02387408FFC-SegmentedRaftLog:OPENED:c120:last(t:1, i:120)
2024-10-16 23:57:25,150 INFO  util.AwaitToRun (AwaitToRun.java:run(49)) - s11@group-C02387408FFC-cacheEviction-AwaitToRun-AwaitForSignal is interrupted
2024-10-16 23:57:25,150 INFO  segmented.LogSegment (LogSegment.java:close(348)) - Successfully closed EntryCache-log_inprogress_0
2024-10-16 23:57:25,270 INFO  segmented.SegmentedRaftLogWorker (SegmentedRaftLogWorker.java:close(253)) - s11@group-C02387408FFC-SegmentedRaftLogWorker close()
2024-10-16 23:57:25,270 INFO  raftlog.RaftLog (SegmentedRaftLog.java:close(575)) - Successfully closed s11@group-C02387408FFC-SegmentedRaftLog:CLOSED:c120
2024-10-16 23:57:25,270 TRACE util.FileUtils (FileUtils.java:deleteFully(305)) - deleteFully /home/runner/work/ratis/ratis/ratis-examples/target/test/data/6cc99a4c/MiniRaftClusterWithNettyeee6e424/s11/d3fa6c34-d7ae-489a-90b0-c02387408ffc
2024-10-16 23:57:25,270 TRACE util.FileUtils (LogUtils.java:runAndLog(49)) - Successfully ran Files.delete /home/runner/work/ratis/ratis/ratis-examples/target/test/data/6cc99a4c/MiniRaftClusterWithNettyeee6e424/s11/d3fa6c34-d7ae-489a-90b0-c02387408ffc/current/raft-meta
2024-10-16 23:57:25,271 TRACE util.FileUtils (LogUtils.java:runAndLog(49)) - Successfully ran Files.delete /home/runner/work/ratis/ratis/ratis-examples/target/test/data/6cc99a4c/MiniRaftClusterWithNettyeee6e424/s11/d3fa6c34-d7ae-489a-90b0-c02387408ffc/current/log_inprogress_0
2024-10-16 23:57:25,271 TRACE util.FileUtils (LogUtils.java:runAndLog(49)) - Successfully ran Files.delete /home/runner/work/ratis/ratis/ratis-examples/target/test/data/6cc99a4c/MiniRaftClusterWithNettyeee6e424/s11/d3fa6c34-d7ae-489a-90b0-c02387408ffc/current/raft-meta.conf
2024-10-16 23:57:25,271 TRACE util.FileUtils (LogUtils.java:runAndLog(49)) - Successfully ran Files.delete /home/runner/work/ratis/ratis/ratis-examples/target/test/data/6cc99a4c/MiniRaftClusterWithNettyeee6e424/s11/d3fa6c34-d7ae-489a-90b0-c02387408ffc/current
2024-10-16 23:57:25,271 TRACE util.FileUtils (LogUtils.java:runAndLog(49)) - Successfully ran Files.delete /home/runner/work/ratis/ratis/ratis-examples/target/test/data/6cc99a4c/MiniRaftClusterWithNettyeee6e424/s11/d3fa6c34-d7ae-489a-90b0-c02387408ffc/in_use.lock
2024-10-16 23:57:25,271 TRACE util.FileUtils (LogUtils.java:runAndLog(49)) - Successfully ran Files.delete /home/runner/work/ratis/ratis/ratis-examples/target/test/data/6cc99a4c/MiniRaftClusterWithNettyeee6e424/s11/d3fa6c34-d7ae-489a-90b0-c02387408ffc/sm
2024-10-16 23:57:25,271 TRACE util.FileUtils (LogUtils.java:runAndLog(49)) - Successfully ran Files.delete /home/runner/work/ratis/ratis/ratis-examples/target/test/data/6cc99a4c/MiniRaftClusterWithNettyeee6e424/s11/d3fa6c34-d7ae-489a-90b0-c02387408ffc
2024-10-16 23:57:25,271 INFO  server.RaftServer$Division (RaftServerImpl.java:groupRemove(485)) - s11@group-C02387408FFC: Succeed to remove RaftStorageDirectory Storage Directory /home/runner/work/ratis/ratis/ratis-examples/target/test/data/6cc99a4c/MiniRaftClusterWithNettyeee6e424/s11/d3fa6c34-d7ae-489a-90b0-c02387408ffc
2024-10-16 23:57:25,274 INFO  netty.NettyUtils (NettyUtils.java:newEventLoopGroup(74)) - Create EpollEventLoopGroup for client-B3CD97341897; Thread size is 0.
2024-10-16 23:57:25,275 INFO  logging.LoggingHandler (AbstractInternalLogger.java:log(148)) - [id: 0x03473379, L:/0.0.0.0:15028] READ: [id: 0x4e4367b1, L:/127.0.0.1:15028 - R:/127.0.0.1:53728]
2024-10-16 23:57:25,276 INFO  logging.LoggingHandler (AbstractInternalLogger.java:log(148)) - [id: 0x03473379, L:/0.0.0.0:15028] READ COMPLETE
2024-10-16 23:57:25,276 INFO  server.RaftServer (RaftServerProxy.java:remove(112)) - s13: remove  FOLLOWER s13@group-C02387408FFC:t1, leader=s11, voted=s11, raftlog=Memoized:s13@group-C02387408FFC-SegmentedRaftLog:OPENED:c120:last(t:1, i:120), conf=conf: {index: 0, cur=peers:[s11|0.0.0.0:15026, s13|0.0.0.0:15028, s12|0.0.0.0:15027]|listeners:[], old=null} RUNNING
2024-10-16 23:57:25,276 INFO  server.RaftServer$Division (RaftServerImpl.java:lambda$close$1(515)) - s13@group-C02387408FFC: shutdown
2024-10-16 23:57:25,276 INFO  util.JmxRegister (JmxRegister.java:unregister(74)) - Successfully un-registered JMX Bean with object name Ratis:service=RaftServer,group=group-C02387408FFC,id=s13
2024-10-16 23:57:25,276 INFO  impl.RoleInfo (RoleInfo.java:shutdownFollowerState(121)) - s13: shutdown s13@group-C02387408FFC-FollowerState
2024-10-16 23:57:25,276 INFO  impl.FollowerState (FollowerState.java:runImpl(170)) - s13@group-C02387408FFC-FollowerState was interrupted
2024-10-16 23:57:25,277 INFO  impl.StateMachineUpdater (StateMachineUpdater.java:stopAndJoin(164)) - s13@group-C02387408FFC-StateMachineUpdater: set stopIndex = 120
2024-10-16 23:57:25,277 INFO  impl.StateMachineUpdater (StateMachineUpdater.java:stop(141)) - s13@group-C02387408FFC-StateMachineUpdater: closing ArithmeticStateMachine, lastApplied=(t:1, i:120)
2024-10-16 23:57:25,277 INFO  raftlog.RaftLog (SegmentedRaftLog.java:close(567)) - Start closing s13@group-C02387408FFC-SegmentedRaftLog:OPENED:c120:last(t:1, i:120)
2024-10-16 23:57:25,277 INFO  util.AwaitToRun (AwaitToRun.java:run(49)) - s13@group-C02387408FFC-cacheEviction-AwaitToRun-AwaitForSignal is interrupted
2024-10-16 23:57:25,277 INFO  segmented.LogSegment (LogSegment.java:close(348)) - Successfully closed EntryCache-log_inprogress_0
2024-10-16 23:57:25,550 INFO  impl.FollowerState (FollowerState.java:runImpl(161)) - s12@group-C02387408FFC-FollowerState: change to CANDIDATE, lastRpcElapsedTime:402679552ns, electionTimeout:389ms
2024-10-16 23:57:25,550 INFO  impl.RoleInfo (RoleInfo.java:shutdownFollowerState(121)) - s12: shutdown s12@group-C02387408FFC-FollowerState
2024-10-16 23:57:25,550 INFO  server.RaftServer$Division (RaftServerImpl.java:setRole(380)) - s12@group-C02387408FFC: changes role from  FOLLOWER to CANDIDATE at term 1 for changeToCandidate
2024-10-16 23:57:25,550 INFO  server.RaftServerConfigKeys (ConfUtils.java:logGet(46)) - raft.server.leaderelection.pre-vote = true (default)
2024-10-16 23:57:25,550 INFO  impl.RoleInfo (RoleInfo.java:updateAndGet(148)) - s12: start s12@group-C02387408FFC-LeaderElection24
2024-10-16 23:57:25,550 INFO  server.RaftServer$Division (ServerState.java:setLeader(272)) - s12@group-C02387408FFC: change Leader from s11 to null at term 1 for PRE_VOTE
2024-10-16 23:57:25,550 INFO  impl.LeaderElection (LeaderElection.java:askForVotes(333)) - s12@group-C02387408FFC-LeaderElection24 PRE_VOTE round 0: submit vote requests at term 1 for conf: {index: 0, cur=peers:[s11|0.0.0.0:15026, s13|0.0.0.0:15028, s12|0.0.0.0:15027]|listeners:[], old=null}
2024-10-16 23:57:25,551 INFO  logging.LoggingHandler (AbstractInternalLogger.java:log(148)) - [id: 0x03473379, L:/0.0.0.0:15028] READ: [id: 0xb7607ae9, L:/127.0.0.1:15028 - R:/127.0.0.1:53744]
2024-10-16 23:57:25,551 INFO  logging.LoggingHandler (AbstractInternalLogger.java:log(148)) - [id: 0xf469844a, L:/0.0.0.0:15026] READ: [id: 0xe3be5a02, L:/127.0.0.1:15026 - R:/127.0.0.1:45800]
2024-10-16 23:57:25,552 INFO  logging.LoggingHandler (AbstractInternalLogger.java:log(148)) - [id: 0x03473379, L:/0.0.0.0:15028] READ COMPLETE
2024-10-16 23:57:25,552 INFO  logging.LoggingHandler (AbstractInternalLogger.java:log(148)) - [id: 0xf469844a, L:/0.0.0.0:15026] READ COMPLETE
2024-10-16 23:57:25,554 INFO  impl.LeaderElection (LogUtils.java:infoOrTrace(136)) - s12@group-C02387408FFC-LeaderElection24 got exception when requesting votes: java.util.concurrent.ExecutionException: org.apache.ratis.protocol.exceptions.GroupMismatchException: s13: group-C02387408FFC not found.
2024-10-16 23:57:25,557 INFO  impl.LeaderElection (LogUtils.java:infoOrTrace(136)) - s12@group-C02387408FFC-LeaderElection24 got exception when requesting votes: java.util.concurrent.ExecutionException: org.apache.ratis.protocol.exceptions.GroupMismatchException: s11: group-C02387408FFC not found.
2024-10-16 23:57:25,558 INFO  impl.LeaderElection (LeaderElection.java:logAndReturn(90)) - s12@group-C02387408FFC-LeaderElection24: PRE_VOTE REJECTED received 0 response(s) and 2 exception(s):
2024-10-16 23:57:25,558 INFO  impl.LeaderElection (LogUtils.java:infoOrTrace(136)) -   Exception 0: java.util.concurrent.ExecutionException: org.apache.ratis.protocol.exceptions.GroupMismatchException: s13: group-C02387408FFC not found.
2024-10-16 23:57:25,558 INFO  impl.LeaderElection (LogUtils.java:infoOrTrace(136)) -   Exception 1: java.util.concurrent.ExecutionException: org.apache.ratis.protocol.exceptions.GroupMismatchException: s11: group-C02387408FFC not found.
2024-10-16 23:57:25,558 INFO  impl.LeaderElection (LeaderElection.java:askForVotes(335)) - s12@group-C02387408FFC-LeaderElection24 PRE_VOTE round 0: result REJECTED
2024-10-16 23:57:25,558 INFO  server.RaftServer$Division (RaftServerImpl.java:setRole(380)) - s12@group-C02387408FFC: changes role from CANDIDATE to FOLLOWER at term 1 for REJECTED
2024-10-16 23:57:25,558 INFO  impl.RoleInfo (RoleInfo.java:shutdownLeaderElection(141)) - s12: shutdown s12@group-C02387408FFC-LeaderElection24
2024-10-16 23:57:25,558 INFO  impl.RoleInfo (RoleInfo.java:updateAndGet(148)) - s12: start s12@group-C02387408FFC-FollowerState
2024-10-16 23:57:25,843 INFO  impl.MiniRaftCluster (MiniRaftCluster.java:lambda$null$7(362)) - TIMED-PRINT: printing ALL groups
  s3:  RUNNING [
   FOLLOWER s3@group-FCE02D1CD77C:t1, leader=s14, voted=s14, raftlog=Memoized:s3@group-FCE02D1CD77C-SegmentedRaftLog:OPENED:c120:last(t:1, i:120), conf=conf: {index: 0, cur=peers:[s3|0.0.0.0:15018, s14|0.0.0.0:15029, s2|0.0.0.0:15017]|listeners:[], old=null} RUNNING
   FOLLOWER s3@group-9EBC86A0B11D:t0, leader=null, voted=, raftlog=Memoized:s3@group-9EBC86A0B11D-SegmentedRaftLog:OPENED:c-1:lastnull, conf=conf: {index: -1, cur=peers:[]|listeners:[], old=null} STARTING] size=2
  s4:  RUNNING [
   FOLLOWER s4@group-9EBC86A0B11D:t0, leader=null, voted=, raftlog=Memoized:s4@group-9EBC86A0B11D-SegmentedRaftLog:OPENED:c-1:lastnull, conf=conf: {index: -1, cur=peers:[]|listeners:[], old=null} STARTING
   FOLLOWER s4@group-676CD6864C30:t1, leader=s5, voted=s5, raftlog=Memoized:s4@group-676CD6864C30-SegmentedRaftLog:OPENED:c120:last(t:1, i:120), conf=conf: {index: 0, cur=peers:[s4|0.0.0.0:15019, s5|0.0.0.0:15020, s6|0.0.0.0:15021]|listeners:[], old=null} RUNNING] size=2
  s5:  RUNNING [
   FOLLOWER s5@group-9EBC86A0B11D:t0, leader=null, voted=, raftlog=Memoized:s5@group-9EBC86A0B11D-SegmentedRaftLog:OPENED:c-1:lastnull, conf=conf: {index: -1, cur=peers:[]|listeners:[], old=null} STARTING
     LEADER s5@group-676CD6864C30:t1, leader=s5, voted=s5, raftlog=Memoized:s5@group-676CD6864C30-SegmentedRaftLog:OPENED:c120:last(t:1, i:120), conf=conf: {index: 0, cur=peers:[s4|0.0.0.0:15019, s5|0.0.0.0:15020, s6|0.0.0.0:15021]|listeners:[], old=null} RUNNING] size=2
  s6:  RUNNING [
   FOLLOWER s6@group-9EBC86A0B11D:t0, leader=null, voted=, raftlog=Memoized:s6@group-9EBC86A0B11D-SegmentedRaftLog:OPENED:c-1:lastnull, conf=conf: {index: -1, cur=peers:[]|listeners:[], old=null} STARTING
   FOLLOWER s6@group-676CD6864C30:t1, leader=s5, voted=s5, raftlog=Memoized:s6@group-676CD6864C30-SegmentedRaftLog:OPENED:c120:last(t:1, i:120), conf=conf: {index: 0, cur=peers:[s4|0.0.0.0:15019, s5|0.0.0.0:15020, s6|0.0.0.0:15021]|listeners:[], old=null} RUNNING] size=2
  s7:  RUNNING [
   FOLLOWER s7@group-9EBC86A0B11D:t0, leader=null, voted=, raftlog=Memoized:s7@group-9EBC86A0B11D-SegmentedRaftLog:OPENED:c-1:lastnull, conf=conf: {index: -1, cur=peers:[]|listeners:[], old=null} STARTING
     LEADER s7@group-27FC73985AF3:t1, leader=s7, voted=s7, raftlog=Memoized:s7@group-27FC73985AF3-SegmentedRaftLog:OPENED:c120:last(t:1, i:120), conf=conf: {index: 0, cur=peers:[s7|0.0.0.0:15022, s8|0.0.0.0:15023, s9|0.0.0.0:15024]|listeners:[], old=null} RUNNING] size=2
  s8:  RUNNING [
   FOLLOWER s8@group-9EBC86A0B11D:t0, leader=null, voted=, raftlog=Memoized:s8@group-9EBC86A0B11D-SegmentedRaftLog:OPENED:c-1:lastnull, conf=conf: {index: -1, cur=peers:[]|listeners:[], old=null} STARTING
   FOLLOWER s8@group-27FC73985AF3:t1, leader=s7, voted=s7, raftlog=Memoized:s8@group-27FC73985AF3-SegmentedRaftLog:OPENED:c120:last(t:1, i:120), conf=conf: {index: 0, cur=peers:[s7|0.0.0.0:15022, s8|0.0.0.0:15023, s9|0.0.0.0:15024]|listeners:[], old=null} RUNNING] size=2
  s9:  RUNNING [
   FOLLOWER s9@group-9EBC86A0B11D:t0, leader=null, voted=, raftlog=Memoized:s9@group-9EBC86A0B11D-SegmentedRaftLog:OPENED:c-1:lastnull, conf=conf: {index: -1, cur=peers:[]|listeners:[], old=null} STARTING
   FOLLOWER s9@group-27FC73985AF3:t1, leader=s7, voted=s7, raftlog=Memoized:s9@group-27FC73985AF3-SegmentedRaftLog:OPENED:c120:last(t:1, i:120), conf=conf: {index: 0, cur=peers:[s7|0.0.0.0:15022, s8|0.0.0.0:15023, s9|0.0.0.0:15024]|listeners:[], old=null} RUNNING] size=2
  s11:  RUNNING  FOLLOWER s11@group-9EBC86A0B11D:t0, leader=null, voted=, raftlog=Memoized:s11@group-9EBC86A0B11D-SegmentedRaftLog:OPENED:c-1:lastnull, conf=conf: {index: -1, cur=peers:[]|listeners:[], old=null} STARTING
  s10:  RUNNING  FOLLOWER s10@group-9EBC86A0B11D:t0, leader=null, voted=, raftlog=Memoized:s10@group-9EBC86A0B11D-SegmentedRaftLog:OPENED:c-1:lastnull, conf=conf: {index: -1, cur=peers:[]|listeners:[], old=null} STARTING
  s13:  RUNNING  FOLLOWER s13@group-9EBC86A0B11D:t0, leader=null, voted=, raftlog=Memoized:s13@group-9EBC86A0B11D-SegmentedRaftLog:OPENED:c-1:lastnull, conf=conf: {index: -1, cur=peers:[]|listeners:[], old=null} STARTING
  s12:  RUNNING [
   FOLLOWER s12@group-9EBC86A0B11D:t0, leader=null, voted=, raftlog=Memoized:s12@group-9EBC86A0B11D-SegmentedRaftLog:OPENED:c-1:lastnull, conf=conf: {index: -1, cur=peers:[]|listeners:[], old=null} STARTING
   FOLLOWER s12@group-C02387408FFC:t1, leader=null, voted=s11, raftlog=Memoized:s12@group-C02387408FFC-SegmentedRaftLog:OPENED:c120:last(t:1, i:120), conf=conf: {index: 0, cur=peers:[s11|0.0.0.0:15026, s13|0.0.0.0:15028, s12|0.0.0.0:15027]|listeners:[], old=null} RUNNING] size=2
  s14:  RUNNING [
     LEADER s14@group-FCE02D1CD77C:t1, leader=s14, voted=s14, raftlog=Memoized:s14@group-FCE02D1CD77C-SegmentedRaftLog:OPENED:c120:last(t:1, i:120), conf=conf: {index: 0, cur=peers:[s3|0.0.0.0:15018, s14|0.0.0.0:15029, s2|0.0.0.0:15017]|listeners:[], old=null} RUNNING
   FOLLOWER s14@group-9EBC86A0B11D:t0, leader=null, voted=, raftlog=Memoized:s14@group-9EBC86A0B11D-SegmentedRaftLog:OPENED:c-1:lastnull, conf=conf: {index: -1, cur=peers:[]|listeners:[], old=null} STARTING] size=2
  s0:  RUNNING  FOLLOWER s0@group-9EBC86A0B11D:t0, leader=null, voted=, raftlog=Memoized:s0@group-9EBC86A0B11D-SegmentedRaftLog:OPENED:c-1:lastnull, conf=conf: {index: -1, cur=peers:[]|listeners:[], old=null} STARTING
  s1:  RUNNING  FOLLOWER s1@group-9EBC86A0B11D:t0, leader=null, voted=, raftlog=Memoized:s1@group-9EBC86A0B11D-SegmentedRaftLog:OPENED:c-1:lastnull, conf=conf: {index: -1, cur=peers:[]|listeners:[], old=null} STARTING
  s2:  RUNNING [
   FOLLOWER s2@group-FCE02D1CD77C:t1, leader=s14, voted=s14, raftlog=Memoized:s2@group-FCE02D1CD77C-SegmentedRaftLog:OPENED:c120:last(t:1, i:120), conf=conf: {index: 0, cur=peers:[s3|0.0.0.0:15018, s14|0.0.0.0:15029, s2|0.0.0.0:15017]|listeners:[], old=null} RUNNING
   FOLLOWER s2@group-9EBC86A0B11D:t0, leader=null, voted=, raftlog=Memoized:s2@group-9EBC86A0B11D-SegmentedRaftLog:OPENED:c-1:lastnull, conf=conf: {index: -1, cur=peers:[]|listeners:[], old=null} STARTING] size=2
2024-10-16 23:57:25,880 INFO  impl.FollowerState (FollowerState.java:runImpl(161)) - s12@group-C02387408FFC-FollowerState: change to CANDIDATE, lastRpcElapsedTime:322487835ns, electionTimeout:322ms
2024-10-16 23:57:25,880 INFO  impl.RoleInfo (RoleInfo.java:shutdownFollowerState(121)) - s12: shutdown s12@group-C02387408FFC-FollowerState
2024-10-16 23:57:25,880 INFO  server.RaftServer$Division (RaftServerImpl.java:setRole(380)) - s12@group-C02387408FFC: changes role from  FOLLOWER to CANDIDATE at term 1 for changeToCandidate
2024-10-16 23:57:25,881 INFO  server.RaftServerConfigKeys (ConfUtils.java:logGet(46)) - raft.server.leaderelection.pre-vote = true (default)
2024-10-16 23:57:25,881 INFO  impl.RoleInfo (RoleInfo.java:updateAndGet(148)) - s12: start s12@group-C02387408FFC-LeaderElection25
2024-10-16 23:57:25,881 INFO  impl.LeaderElection (LeaderElection.java:askForVotes(333)) - s12@group-C02387408FFC-LeaderElection25 PRE_VOTE round 0: submit vote requests at term 1 for conf: {index: 0, cur=peers:[s11|0.0.0.0:15026, s13|0.0.0.0:15028, s12|0.0.0.0:15027]|listeners:[], old=null}
2024-10-16 23:57:25,883 INFO  impl.LeaderElection (LogUtils.java:infoOrTrace(136)) - s12@group-C02387408FFC-LeaderElection25 got exception when requesting votes: java.util.concurrent.ExecutionException: org.apache.ratis.protocol.exceptions.GroupMismatchException: s13: group-C02387408FFC not found.
2024-10-16 23:57:25,883 INFO  impl.LeaderElection (LogUtils.java:infoOrTrace(136)) - s12@group-C02387408FFC-LeaderElection25 got exception when requesting votes: java.util.concurrent.ExecutionException: org.apache.ratis.protocol.exceptions.GroupMismatchException: s11: group-C02387408FFC not found.
2024-10-16 23:57:25,883 INFO  impl.LeaderElection (LeaderElection.java:logAndReturn(90)) - s12@group-C02387408FFC-LeaderElection25: PRE_VOTE REJECTED received 0 response(s) and 2 exception(s):
2024-10-16 23:57:25,883 INFO  impl.LeaderElection (LogUtils.java:infoOrTrace(136)) -   Exception 0: java.util.concurrent.ExecutionException: org.apache.ratis.protocol.exceptions.GroupMismatchException: s13: group-C02387408FFC not found.
2024-10-16 23:57:25,883 INFO  impl.LeaderElection (LogUtils.java:infoOrTrace(136)) -   Exception 1: java.util.concurrent.ExecutionException: org.apache.ratis.protocol.exceptions.GroupMismatchException: s11: group-C02387408FFC not found.
2024-10-16 23:57:25,883 INFO  impl.LeaderElection (LeaderElection.java:askForVotes(335)) - s12@group-C02387408FFC-LeaderElection25 PRE_VOTE round 0: result REJECTED
2024-10-16 23:57:25,883 INFO  server.RaftServer$Division (RaftServerImpl.java:setRole(380)) - s12@group-C02387408FFC: changes role from CANDIDATE to FOLLOWER at term 1 for REJECTED
2024-10-16 23:57:25,883 INFO  impl.RoleInfo (RoleInfo.java:shutdownLeaderElection(141)) - s12: shutdown s12@group-C02387408FFC-LeaderElection25
2024-10-16 23:57:25,884 INFO  impl.RoleInfo (RoleInfo.java:updateAndGet(148)) - s12: start s12@group-C02387408FFC-FollowerState
2024-10-16 23:57:26,270 INFO  segmented.SegmentedRaftLogWorker (SegmentedRaftLogWorker.java:close(253)) - s13@group-C02387408FFC-SegmentedRaftLogWorker close()
2024-10-16 23:57:26,271 INFO  raftlog.RaftLog (SegmentedRaftLog.java:close(575)) - Successfully closed s13@group-C02387408FFC-SegmentedRaftLog:CLOSED:c120
2024-10-16 23:57:26,271 TRACE util.FileUtils (FileUtils.java:deleteFully(305)) - deleteFully /home/runner/work/ratis/ratis/ratis-examples/target/test/data/6cc99a4c/MiniRaftClusterWithNettyeee6e424/s13/d3fa6c34-d7ae-489a-90b0-c02387408ffc
2024-10-16 23:57:26,271 TRACE util.FileUtils (LogUtils.java:runAndLog(49)) - Successfully ran Files.delete /home/runner/work/ratis/ratis/ratis-examples/target/test/data/6cc99a4c/MiniRaftClusterWithNettyeee6e424/s13/d3fa6c34-d7ae-489a-90b0-c02387408ffc/current/raft-meta
2024-10-16 23:57:26,271 TRACE util.FileUtils (LogUtils.java:runAndLog(49)) - Successfully ran Files.delete /home/runner/work/ratis/ratis/ratis-examples/target/test/data/6cc99a4c/MiniRaftClusterWithNettyeee6e424/s13/d3fa6c34-d7ae-489a-90b0-c02387408ffc/current/log_inprogress_0
2024-10-16 23:57:26,271 TRACE util.FileUtils (LogUtils.java:runAndLog(49)) - Successfully ran Files.delete /home/runner/work/ratis/ratis/ratis-examples/target/test/data/6cc99a4c/MiniRaftClusterWithNettyeee6e424/s13/d3fa6c34-d7ae-489a-90b0-c02387408ffc/current/raft-meta.conf
2024-10-16 23:57:26,272 TRACE util.FileUtils (LogUtils.java:runAndLog(49)) - Successfully ran Files.delete /home/runner/work/ratis/ratis/ratis-examples/target/test/data/6cc99a4c/MiniRaftClusterWithNettyeee6e424/s13/d3fa6c34-d7ae-489a-90b0-c02387408ffc/current
2024-10-16 23:57:26,272 TRACE util.FileUtils (LogUtils.java:runAndLog(49)) - Successfully ran Files.delete /home/runner/work/ratis/ratis/ratis-examples/target/test/data/6cc99a4c/MiniRaftClusterWithNettyeee6e424/s13/d3fa6c34-d7ae-489a-90b0-c02387408ffc/in_use.lock
2024-10-16 23:57:26,272 TRACE util.FileUtils (LogUtils.java:runAndLog(49)) - Successfully ran Files.delete /home/runner/work/ratis/ratis/ratis-examples/target/test/data/6cc99a4c/MiniRaftClusterWithNettyeee6e424/s13/d3fa6c34-d7ae-489a-90b0-c02387408ffc/sm
2024-10-16 23:57:26,272 TRACE util.FileUtils (LogUtils.java:runAndLog(49)) - Successfully ran Files.delete /home/runner/work/ratis/ratis/ratis-examples/target/test/data/6cc99a4c/MiniRaftClusterWithNettyeee6e424/s13/d3fa6c34-d7ae-489a-90b0-c02387408ffc
2024-10-16 23:57:26,272 INFO  server.RaftServer$Division (RaftServerImpl.java:groupRemove(485)) - s13@group-C02387408FFC: Succeed to remove RaftStorageDirectory Storage Directory /home/runner/work/ratis/ratis/ratis-examples/target/test/data/6cc99a4c/MiniRaftClusterWithNettyeee6e424/s13/d3fa6c34-d7ae-489a-90b0-c02387408ffc
2024-10-16 23:57:26,274 INFO  netty.NettyUtils (NettyUtils.java:newEventLoopGroup(74)) - Create EpollEventLoopGroup for client-D0D2DE14E9B1; Thread size is 0.
2024-10-16 23:57:26,275 INFO  logging.LoggingHandler (AbstractInternalLogger.java:log(148)) - [id: 0xdd8a884e, L:/0.0.0.0:15027] READ: [id: 0xe3c06e8f, L:/127.0.0.1:15027 - R:/127.0.0.1:60212]
2024-10-16 23:57:26,275 INFO  logging.LoggingHandler (AbstractInternalLogger.java:log(148)) - [id: 0xdd8a884e, L:/0.0.0.0:15027] READ COMPLETE
2024-10-16 23:57:26,276 INFO  server.RaftServer (RaftServerProxy.java:remove(112)) - s12: remove  FOLLOWER s12@group-C02387408FFC:t1, leader=null, voted=s11, raftlog=Memoized:s12@group-C02387408FFC-SegmentedRaftLog:OPENED:c120:last(t:1, i:120), conf=conf: {index: 0, cur=peers:[s11|0.0.0.0:15026, s13|0.0.0.0:15028, s12|0.0.0.0:15027]|listeners:[], old=null} RUNNING
2024-10-16 23:57:26,276 INFO  server.RaftServer$Division (RaftServerImpl.java:lambda$close$1(515)) - s12@group-C02387408FFC: shutdown
2024-10-16 23:57:26,276 INFO  util.JmxRegister (JmxRegister.java:unregister(74)) - Successfully un-registered JMX Bean with object name Ratis:service=RaftServer,group=group-C02387408FFC,id=s12
2024-10-16 23:57:26,276 INFO  impl.RoleInfo (RoleInfo.java:shutdownFollowerState(121)) - s12: shutdown s12@group-C02387408FFC-FollowerState
2024-10-16 23:57:26,276 INFO  impl.StateMachineUpdater (StateMachineUpdater.java:stopAndJoin(164)) - s12@group-C02387408FFC-StateMachineUpdater: set stopIndex = 120
2024-10-16 23:57:26,276 INFO  impl.FollowerState (FollowerState.java:runImpl(170)) - s12@group-C02387408FFC-FollowerState was interrupted
2024-10-16 23:57:26,276 INFO  impl.StateMachineUpdater (StateMachineUpdater.java:stop(141)) - s12@group-C02387408FFC-StateMachineUpdater: closing ArithmeticStateMachine, lastApplied=(t:1, i:120)
2024-10-16 23:57:26,276 INFO  raftlog.RaftLog (SegmentedRaftLog.java:close(567)) - Start closing s12@group-C02387408FFC-SegmentedRaftLog:OPENED:c120:last(t:1, i:120)
2024-10-16 23:57:26,276 INFO  util.AwaitToRun (AwaitToRun.java:run(49)) - s12@group-C02387408FFC-cacheEviction-AwaitToRun-AwaitForSignal is interrupted
2024-10-16 23:57:26,277 INFO  segmented.LogSegment (LogSegment.java:close(348)) - Successfully closed EntryCache-log_inprogress_0
2024-10-16 23:57:27,274 INFO  segmented.SegmentedRaftLogWorker (SegmentedRaftLogWorker.java:close(253)) - s12@group-C02387408FFC-SegmentedRaftLogWorker close()
2024-10-16 23:57:27,274 INFO  raftlog.RaftLog (SegmentedRaftLog.java:close(575)) - Successfully closed s12@group-C02387408FFC-SegmentedRaftLog:CLOSED:c120
2024-10-16 23:57:27,274 TRACE util.FileUtils (FileUtils.java:deleteFully(305)) - deleteFully /home/runner/work/ratis/ratis/ratis-examples/target/test/data/6cc99a4c/MiniRaftClusterWithNettyeee6e424/s12/d3fa6c34-d7ae-489a-90b0-c02387408ffc
2024-10-16 23:57:27,275 TRACE util.FileUtils (LogUtils.java:runAndLog(49)) - Successfully ran Files.delete /home/runner/work/ratis/ratis/ratis-examples/target/test/data/6cc99a4c/MiniRaftClusterWithNettyeee6e424/s12/d3fa6c34-d7ae-489a-90b0-c02387408ffc/current/raft-meta
2024-10-16 23:57:27,275 TRACE util.FileUtils (LogUtils.java:runAndLog(49)) - Successfully ran Files.delete /home/runner/work/ratis/ratis/ratis-examples/target/test/data/6cc99a4c/MiniRaftClusterWithNettyeee6e424/s12/d3fa6c34-d7ae-489a-90b0-c02387408ffc/current/log_inprogress_0
2024-10-16 23:57:27,275 TRACE util.FileUtils (LogUtils.java:runAndLog(49)) - Successfully ran Files.delete /home/runner/work/ratis/ratis/ratis-examples/target/test/data/6cc99a4c/MiniRaftClusterWithNettyeee6e424/s12/d3fa6c34-d7ae-489a-90b0-c02387408ffc/current/raft-meta.conf
2024-10-16 23:57:27,275 TRACE util.FileUtils (LogUtils.java:runAndLog(49)) - Successfully ran Files.delete /home/runner/work/ratis/ratis/ratis-examples/target/test/data/6cc99a4c/MiniRaftClusterWithNettyeee6e424/s12/d3fa6c34-d7ae-489a-90b0-c02387408ffc/current
2024-10-16 23:57:27,275 TRACE util.FileUtils (LogUtils.java:runAndLog(49)) - Successfully ran Files.delete /home/runner/work/ratis/ratis/ratis-examples/target/test/data/6cc99a4c/MiniRaftClusterWithNettyeee6e424/s12/d3fa6c34-d7ae-489a-90b0-c02387408ffc/in_use.lock
2024-10-16 23:57:27,275 TRACE util.FileUtils (LogUtils.java:runAndLog(49)) - Successfully ran Files.delete /home/runner/work/ratis/ratis/ratis-examples/target/test/data/6cc99a4c/MiniRaftClusterWithNettyeee6e424/s12/d3fa6c34-d7ae-489a-90b0-c02387408ffc/sm
2024-10-16 23:57:27,276 TRACE util.FileUtils (LogUtils.java:runAndLog(49)) - Successfully ran Files.delete /home/runner/work/ratis/ratis/ratis-examples/target/test/data/6cc99a4c/MiniRaftClusterWithNettyeee6e424/s12/d3fa6c34-d7ae-489a-90b0-c02387408ffc
2024-10-16 23:57:27,276 INFO  server.RaftServer$Division (RaftServerImpl.java:groupRemove(485)) - s12@group-C02387408FFC: Succeed to remove RaftStorageDirectory Storage Directory /home/runner/work/ratis/ratis/ratis-examples/target/test/data/6cc99a4c/MiniRaftClusterWithNettyeee6e424/s12/d3fa6c34-d7ae-489a-90b0-c02387408ffc
2024-10-16 23:57:27,277 INFO  impl.GroupManagementBaseTest (GroupManagementBaseTest.java:runMultiGroupTest(299)) - 2) close printing group-FCE02D1CD77C
  s3:  RUNNING [
   FOLLOWER s3@group-FCE02D1CD77C:t1, leader=s14, voted=s14, raftlog=Memoized:s3@group-FCE02D1CD77C-SegmentedRaftLog:OPENED:c120:last(t:1, i:120), conf=conf: {index: 0, cur=peers:[s3|0.0.0.0:15018, s14|0.0.0.0:15029, s2|0.0.0.0:15017]|listeners:[], old=null} RUNNING
   FOLLOWER s3@group-9EBC86A0B11D:t0, leader=null, voted=, raftlog=Memoized:s3@group-9EBC86A0B11D-SegmentedRaftLog:OPENED:c-1:lastnull, conf=conf: {index: -1, cur=peers:[]|listeners:[], old=null} STARTING] size=2
  s14:  RUNNING [
     LEADER s14@group-FCE02D1CD77C:t1, leader=s14, voted=s14, raftlog=Memoized:s14@group-FCE02D1CD77C-SegmentedRaftLog:OPENED:c120:last(t:1, i:120), conf=conf: {index: 0, cur=peers:[s3|0.0.0.0:15018, s14|0.0.0.0:15029, s2|0.0.0.0:15017]|listeners:[], old=null} RUNNING
   FOLLOWER s14@group-9EBC86A0B11D:t0, leader=null, voted=, raftlog=Memoized:s14@group-9EBC86A0B11D-SegmentedRaftLog:OPENED:c-1:lastnull, conf=conf: {index: -1, cur=peers:[]|listeners:[], old=null} STARTING] size=2
  s2:  RUNNING [
   FOLLOWER s2@group-FCE02D1CD77C:t1, leader=s14, voted=s14, raftlog=Memoized:s2@group-FCE02D1CD77C-SegmentedRaftLog:OPENED:c120:last(t:1, i:120), conf=conf: {index: 0, cur=peers:[s3|0.0.0.0:15018, s14|0.0.0.0:15029, s2|0.0.0.0:15017]|listeners:[], old=null} RUNNING
   FOLLOWER s2@group-9EBC86A0B11D:t0, leader=null, voted=, raftlog=Memoized:s2@group-9EBC86A0B11D-SegmentedRaftLog:OPENED:c-1:lastnull, conf=conf: {index: -1, cur=peers:[]|listeners:[], old=null} STARTING] size=2
2024-10-16 23:57:27,278 INFO  netty.NettyUtils (NettyUtils.java:newEventLoopGroup(74)) - Create EpollEventLoopGroup for client-85263581534E; Thread size is 0.
2024-10-16 23:57:27,279 INFO  logging.LoggingHandler (AbstractInternalLogger.java:log(148)) - [id: 0x23ee7d64, L:/0.0.0.0:15018] READ: [id: 0xc5d03669, L:/127.0.0.1:15018 - R:/127.0.0.1:52680]
2024-10-16 23:57:27,280 INFO  logging.LoggingHandler (AbstractInternalLogger.java:log(148)) - [id: 0x23ee7d64, L:/0.0.0.0:15018] READ COMPLETE
2024-10-16 23:57:27,280 INFO  server.RaftServer (RaftServerProxy.java:remove(112)) - s3: remove  FOLLOWER s3@group-FCE02D1CD77C:t1, leader=s14, voted=s14, raftlog=Memoized:s3@group-FCE02D1CD77C-SegmentedRaftLog:OPENED:c120:last(t:1, i:120), conf=conf: {index: 0, cur=peers:[s3|0.0.0.0:15018, s14|0.0.0.0:15029, s2|0.0.0.0:15017]|listeners:[], old=null} RUNNING
2024-10-16 23:57:27,280 INFO  server.RaftServer$Division (RaftServerImpl.java:lambda$close$1(515)) - s3@group-FCE02D1CD77C: shutdown
2024-10-16 23:57:27,280 INFO  util.JmxRegister (JmxRegister.java:unregister(74)) - Successfully un-registered JMX Bean with object name Ratis:service=RaftServer,group=group-FCE02D1CD77C,id=s3
2024-10-16 23:57:27,280 INFO  impl.RoleInfo (RoleInfo.java:shutdownFollowerState(121)) - s3: shutdown s3@group-FCE02D1CD77C-FollowerState
2024-10-16 23:57:27,280 INFO  impl.StateMachineUpdater (StateMachineUpdater.java:stopAndJoin(164)) - s3@group-FCE02D1CD77C-StateMachineUpdater: set stopIndex = 120
2024-10-16 23:57:27,280 INFO  impl.FollowerState (FollowerState.java:runImpl(170)) - s3@group-FCE02D1CD77C-FollowerState was interrupted
2024-10-16 23:57:27,280 INFO  impl.StateMachineUpdater (StateMachineUpdater.java:stop(141)) - s3@group-FCE02D1CD77C-StateMachineUpdater: closing ArithmeticStateMachine, lastApplied=(t:1, i:120)
2024-10-16 23:57:27,281 INFO  raftlog.RaftLog (SegmentedRaftLog.java:close(567)) - Start closing s3@group-FCE02D1CD77C-SegmentedRaftLog:OPENED:c120:last(t:1, i:120)
2024-10-16 23:57:27,281 INFO  util.AwaitToRun (AwaitToRun.java:run(49)) - s3@group-FCE02D1CD77C-cacheEviction-AwaitToRun-AwaitForSignal is interrupted
2024-10-16 23:57:27,281 INFO  segmented.LogSegment (LogSegment.java:close(348)) - Successfully closed EntryCache-log_inprogress_0
2024-10-16 23:57:27,419 WARN  leader.LogAppender (LogAppenderDefault.java:sendAppendEntriesWithRetries(94)) - s14@group-FCE02D1CD77C->s3-LogAppenderDefault: Failed to appendEntries (retry=1)
org.apache.ratis.protocol.exceptions.GroupMismatchException: s3: group-FCE02D1CD77C not found.
	at org.apache.ratis.server.impl.RaftServerProxy$ImplMap.get(RaftServerProxy.java:156)
	at org.apache.ratis.server.impl.RaftServerProxy.getImplFuture(RaftServerProxy.java:366)
	at org.apache.ratis.server.impl.RaftServerProxy.getImpl(RaftServerProxy.java:375)
	at org.apache.ratis.server.impl.RaftServerProxy.getImpl(RaftServerProxy.java:370)
	at org.apache.ratis.server.impl.RaftServerProxy.appendEntries(RaftServerProxy.java:670)
	at org.apache.ratis.netty.server.NettyRpcService.handle(NettyRpcService.java:234)
	at org.apache.ratis.netty.server.NettyRpcService$InboundHandler.channelRead0(NettyRpcService.java:94)
	at org.apache.ratis.netty.server.NettyRpcService$InboundHandler.channelRead0(NettyRpcService.java:90)
	at org.apache.ratis.thirdparty.io.netty.channel.SimpleChannelInboundHandler.channelRead(SimpleChannelInboundHandler.java:99)
	at org.apache.ratis.thirdparty.io.netty.channel.AbstractChannelHandlerContext.invokeChannelRead(AbstractChannelHandlerContext.java:444)
	at org.apache.ratis.thirdparty.io.netty.channel.AbstractChannelHandlerContext.invokeChannelRead(AbstractChannelHandlerContext.java:420)
	at org.apache.ratis.thirdparty.io.netty.channel.AbstractChannelHandlerContext.fireChannelRead(AbstractChannelHandlerContext.java:412)
	at org.apache.ratis.thirdparty.io.netty.handler.codec.MessageToMessageDecoder.channelRead(MessageToMessageDecoder.java:103)
	at org.apache.ratis.thirdparty.io.netty.channel.AbstractChannelHandlerContext.invokeChannelRead(AbstractChannelHandlerContext.java:444)
	at org.apache.ratis.thirdparty.io.netty.channel.AbstractChannelHandlerContext.invokeChannelRead(AbstractChannelHandlerContext.java:420)
	at org.apache.ratis.thirdparty.io.netty.channel.AbstractChannelHandlerContext.fireChannelRead(AbstractChannelHandlerContext.java:412)
	at org.apache.ratis.thirdparty.io.netty.handler.codec.ByteToMessageDecoder.fireChannelRead(ByteToMessageDecoder.java:346)
	at org.apache.ratis.thirdparty.io.netty.handler.codec.ByteToMessageDecoder.channelRead(ByteToMessageDecoder.java:318)
	at org.apache.ratis.thirdparty.io.netty.channel.AbstractChannelHandlerContext.invokeChannelRead(AbstractChannelHandlerContext.java:444)
	at org.apache.ratis.thirdparty.io.netty.channel.AbstractChannelHandlerContext.invokeChannelRead(AbstractChannelHandlerContext.java:420)
	at org.apache.ratis.thirdparty.io.netty.channel.AbstractChannelHandlerContext.fireChannelRead(AbstractChannelHandlerContext.java:412)
	at org.apache.ratis.thirdparty.io.netty.channel.DefaultChannelPipeline$HeadContext.channelRead(DefaultChannelPipeline.java:1410)
	at org.apache.ratis.thirdparty.io.netty.channel.AbstractChannelHandlerContext.invokeChannelRead(AbstractChannelHandlerContext.java:440)
	at org.apache.ratis.thirdparty.io.netty.channel.AbstractChannelHandlerContext.invokeChannelRead(AbstractChannelHandlerContext.java:420)
	at org.apache.ratis.thirdparty.io.netty.channel.DefaultChannelPipeline.fireChannelRead(DefaultChannelPipeline.java:919)
	at org.apache.ratis.thirdparty.io.netty.channel.epoll.AbstractEpollStreamChannel$EpollStreamUnsafe.epollInReady(AbstractEpollStreamChannel.java:801)
	at org.apache.ratis.thirdparty.io.netty.channel.epoll.EpollEventLoop.processReady(EpollEventLoop.java:501)
	at org.apache.ratis.thirdparty.io.netty.channel.epoll.EpollEventLoop.run(EpollEventLoop.java:399)
	at org.apache.ratis.thirdparty.io.netty.util.concurrent.SingleThreadEventExecutor$4.run(SingleThreadEventExecutor.java:997)
	at org.apache.ratis.thirdparty.io.netty.util.internal.ThreadExecutorMap$2.run(ThreadExecutorMap.java:74)
	at java.lang.Thread.run(Thread.java:750)
2024-10-16 23:57:27,490 INFO  segmented.SegmentedRaftLogWorker (SegmentedRaftLogWorker.java:close(253)) - s3@group-FCE02D1CD77C-SegmentedRaftLogWorker close()
2024-10-16 23:57:27,490 INFO  raftlog.RaftLog (SegmentedRaftLog.java:close(575)) - Successfully closed s3@group-FCE02D1CD77C-SegmentedRaftLog:CLOSED:c120
2024-10-16 23:57:27,490 TRACE util.FileUtils (FileUtils.java:deleteFully(305)) - deleteFully /home/runner/work/ratis/ratis/ratis-examples/target/test/data/6cc99a4c/MiniRaftClusterWithNettyeee6e424/s3/b59cd3e0-950b-46bf-b2fa-fce02d1cd77c
2024-10-16 23:57:27,490 TRACE util.FileUtils (LogUtils.java:runAndLog(49)) - Successfully ran Files.delete /home/runner/work/ratis/ratis/ratis-examples/target/test/data/6cc99a4c/MiniRaftClusterWithNettyeee6e424/s3/b59cd3e0-950b-46bf-b2fa-fce02d1cd77c/current/raft-meta
2024-10-16 23:57:27,491 TRACE util.FileUtils (LogUtils.java:runAndLog(49)) - Successfully ran Files.delete /home/runner/work/ratis/ratis/ratis-examples/target/test/data/6cc99a4c/MiniRaftClusterWithNettyeee6e424/s3/b59cd3e0-950b-46bf-b2fa-fce02d1cd77c/current/log_inprogress_0
2024-10-16 23:57:27,491 TRACE util.FileUtils (LogUtils.java:runAndLog(49)) - Successfully ran Files.delete /home/runner/work/ratis/ratis/ratis-examples/target/test/data/6cc99a4c/MiniRaftClusterWithNettyeee6e424/s3/b59cd3e0-950b-46bf-b2fa-fce02d1cd77c/current/raft-meta.conf
2024-10-16 23:57:27,491 TRACE util.FileUtils (LogUtils.java:runAndLog(49)) - Successfully ran Files.delete /home/runner/work/ratis/ratis/ratis-examples/target/test/data/6cc99a4c/MiniRaftClusterWithNettyeee6e424/s3/b59cd3e0-950b-46bf-b2fa-fce02d1cd77c/current
2024-10-16 23:57:27,491 TRACE util.FileUtils (LogUtils.java:runAndLog(49)) - Successfully ran Files.delete /home/runner/work/ratis/ratis/ratis-examples/target/test/data/6cc99a4c/MiniRaftClusterWithNettyeee6e424/s3/b59cd3e0-950b-46bf-b2fa-fce02d1cd77c/in_use.lock
2024-10-16 23:57:27,491 TRACE util.FileUtils (LogUtils.java:runAndLog(49)) - Successfully ran Files.delete /home/runner/work/ratis/ratis/ratis-examples/target/test/data/6cc99a4c/MiniRaftClusterWithNettyeee6e424/s3/b59cd3e0-950b-46bf-b2fa-fce02d1cd77c/sm
2024-10-16 23:57:27,491 TRACE util.FileUtils (LogUtils.java:runAndLog(49)) - Successfully ran Files.delete /home/runner/work/ratis/ratis/ratis-examples/target/test/data/6cc99a4c/MiniRaftClusterWithNettyeee6e424/s3/b59cd3e0-950b-46bf-b2fa-fce02d1cd77c
2024-10-16 23:57:27,491 INFO  server.RaftServer$Division (RaftServerImpl.java:groupRemove(485)) - s3@group-FCE02D1CD77C: Succeed to remove RaftStorageDirectory Storage Directory /home/runner/work/ratis/ratis/ratis-examples/target/test/data/6cc99a4c/MiniRaftClusterWithNettyeee6e424/s3/b59cd3e0-950b-46bf-b2fa-fce02d1cd77c
2024-10-16 23:57:27,493 INFO  netty.NettyUtils (NettyUtils.java:newEventLoopGroup(74)) - Create EpollEventLoopGroup for client-3B7D81A4DD9D; Thread size is 0.
2024-10-16 23:57:27,494 WARN  leader.LogAppender (LogAppenderDefault.java:sendAppendEntriesWithRetries(94)) - s14@group-FCE02D1CD77C->s3-LogAppenderDefault: Failed to appendEntries (retry=1)
org.apache.ratis.protocol.exceptions.GroupMismatchException: s3: group-FCE02D1CD77C not found.
	at org.apache.ratis.server.impl.RaftServerProxy$ImplMap.get(RaftServerProxy.java:156)
	at org.apache.ratis.server.impl.RaftServerProxy.getImplFuture(RaftServerProxy.java:366)
	at org.apache.ratis.server.impl.RaftServerProxy.getImpl(RaftServerProxy.java:375)
	at org.apache.ratis.server.impl.RaftServerProxy.getImpl(RaftServerProxy.java:370)
	at org.apache.ratis.server.impl.RaftServerProxy.appendEntries(RaftServerProxy.java:670)
	at org.apache.ratis.netty.server.NettyRpcService.handle(NettyRpcService.java:234)
	at org.apache.ratis.netty.server.NettyRpcService$InboundHandler.channelRead0(NettyRpcService.java:94)
	at org.apache.ratis.netty.server.NettyRpcService$InboundHandler.channelRead0(NettyRpcService.java:90)
	at org.apache.ratis.thirdparty.io.netty.channel.SimpleChannelInboundHandler.channelRead(SimpleChannelInboundHandler.java:99)
	at org.apache.ratis.thirdparty.io.netty.channel.AbstractChannelHandlerContext.invokeChannelRead(AbstractChannelHandlerContext.java:444)
	at org.apache.ratis.thirdparty.io.netty.channel.AbstractChannelHandlerContext.invokeChannelRead(AbstractChannelHandlerContext.java:420)
	at org.apache.ratis.thirdparty.io.netty.channel.AbstractChannelHandlerContext.fireChannelRead(AbstractChannelHandlerContext.java:412)
	at org.apache.ratis.thirdparty.io.netty.handler.codec.MessageToMessageDecoder.channelRead(MessageToMessageDecoder.java:103)
	at org.apache.ratis.thirdparty.io.netty.channel.AbstractChannelHandlerContext.invokeChannelRead(AbstractChannelHandlerContext.java:444)
	at org.apache.ratis.thirdparty.io.netty.channel.AbstractChannelHandlerContext.invokeChannelRead(AbstractChannelHandlerContext.java:420)
	at org.apache.ratis.thirdparty.io.netty.channel.AbstractChannelHandlerContext.fireChannelRead(AbstractChannelHandlerContext.java:412)
	at org.apache.ratis.thirdparty.io.netty.handler.codec.ByteToMessageDecoder.fireChannelRead(ByteToMessageDecoder.java:346)
	at org.apache.ratis.thirdparty.io.netty.handler.codec.ByteToMessageDecoder.channelRead(ByteToMessageDecoder.java:318)
	at org.apache.ratis.thirdparty.io.netty.channel.AbstractChannelHandlerContext.invokeChannelRead(AbstractChannelHandlerContext.java:444)
	at org.apache.ratis.thirdparty.io.netty.channel.AbstractChannelHandlerContext.invokeChannelRead(AbstractChannelHandlerContext.java:420)
	at org.apache.ratis.thirdparty.io.netty.channel.AbstractChannelHandlerContext.fireChannelRead(AbstractChannelHandlerContext.java:412)
	at org.apache.ratis.thirdparty.io.netty.channel.DefaultChannelPipeline$HeadContext.channelRead(DefaultChannelPipeline.java:1410)
	at org.apache.ratis.thirdparty.io.netty.channel.AbstractChannelHandlerContext.invokeChannelRead(AbstractChannelHandlerContext.java:440)
	at org.apache.ratis.thirdparty.io.netty.channel.AbstractChannelHandlerContext.invokeChannelRead(AbstractChannelHandlerContext.java:420)
	at org.apache.ratis.thirdparty.io.netty.channel.DefaultChannelPipeline.fireChannelRead(DefaultChannelPipeline.java:919)
	at org.apache.ratis.thirdparty.io.netty.channel.epoll.AbstractEpollStreamChannel$EpollStreamUnsafe.epollInReady(AbstractEpollStreamChannel.java:801)
	at org.apache.ratis.thirdparty.io.netty.channel.epoll.EpollEventLoop.processReady(EpollEventLoop.java:501)
	at org.apache.ratis.thirdparty.io.netty.channel.epoll.EpollEventLoop.run(EpollEventLoop.java:399)
	at org.apache.ratis.thirdparty.io.netty.util.concurrent.SingleThreadEventExecutor$4.run(SingleThreadEventExecutor.java:997)
	at org.apache.ratis.thirdparty.io.netty.util.internal.ThreadExecutorMap$2.run(ThreadExecutorMap.java:74)
	at java.lang.Thread.run(Thread.java:750)
2024-10-16 23:57:27,495 INFO  logging.LoggingHandler (AbstractInternalLogger.java:log(148)) - [id: 0xf239dbc0, L:/0.0.0.0:15029] READ: [id: 0xbc3b4267, L:/127.0.0.1:15029 - R:/127.0.0.1:55714]
2024-10-16 23:57:27,495 INFO  logging.LoggingHandler (AbstractInternalLogger.java:log(148)) - [id: 0xf239dbc0, L:/0.0.0.0:15029] READ COMPLETE
2024-10-16 23:57:27,495 INFO  server.RaftServer (RaftServerProxy.java:remove(112)) - s14: remove    LEADER s14@group-FCE02D1CD77C:t1, leader=s14, voted=s14, raftlog=Memoized:s14@group-FCE02D1CD77C-SegmentedRaftLog:OPENED:c120:last(t:1, i:120), conf=conf: {index: 0, cur=peers:[s3|0.0.0.0:15018, s14|0.0.0.0:15029, s2|0.0.0.0:15017]|listeners:[], old=null} RUNNING
2024-10-16 23:57:27,496 INFO  server.RaftServer$Division (RaftServerImpl.java:lambda$close$1(515)) - s14@group-FCE02D1CD77C: shutdown
2024-10-16 23:57:27,496 INFO  util.JmxRegister (JmxRegister.java:unregister(74)) - Successfully un-registered JMX Bean with object name Ratis:service=RaftServer,group=group-FCE02D1CD77C,id=s14
2024-10-16 23:57:27,496 INFO  impl.RoleInfo (RoleInfo.java:shutdownLeaderState(103)) - s14: shutdown s14@group-FCE02D1CD77C-LeaderStateImpl
2024-10-16 23:57:27,496 INFO  leader.LogAppenderDaemon (LogAppenderDaemon.java:run(85)) - s14@group-FCE02D1CD77C->s2-LogAppenderDefault-LogAppenderDaemon was interrupted: java.lang.InterruptedException
2024-10-16 23:57:27,496 INFO  leader.LogAppenderDaemon (LogAppenderDaemon.java:run(85)) - s14@group-FCE02D1CD77C->s3-LogAppenderDefault-LogAppenderDaemon was interrupted: java.lang.InterruptedException: sleep interrupted
2024-10-16 23:57:27,496 INFO  impl.PendingRequests (PendingRequests.java:sendNotLeaderResponses(287)) - s14@group-FCE02D1CD77C-PendingRequests: sendNotLeaderResponses
2024-10-16 23:57:27,497 INFO  impl.StateMachineUpdater (StateMachineUpdater.java:stopAndJoin(164)) - s14@group-FCE02D1CD77C-StateMachineUpdater: set stopIndex = 120
2024-10-16 23:57:27,497 INFO  impl.StateMachineUpdater (StateMachineUpdater.java:stop(141)) - s14@group-FCE02D1CD77C-StateMachineUpdater: closing ArithmeticStateMachine, lastApplied=(t:1, i:120)
2024-10-16 23:57:27,497 INFO  raftlog.RaftLog (SegmentedRaftLog.java:close(567)) - Start closing s14@group-FCE02D1CD77C-SegmentedRaftLog:OPENED:c120:last(t:1, i:120)
2024-10-16 23:57:27,497 INFO  util.AwaitToRun (AwaitToRun.java:run(49)) - s14@group-FCE02D1CD77C-cacheEviction-AwaitToRun-AwaitForSignal is interrupted
2024-10-16 23:57:27,497 INFO  segmented.LogSegment (LogSegment.java:close(348)) - Successfully closed EntryCache-log_inprogress_0
2024-10-16 23:57:27,981 INFO  impl.FollowerState (FollowerState.java:runImpl(161)) - s2@group-FCE02D1CD77C-FollowerState: change to CANDIDATE, lastRpcElapsedTime:563370327ns, electionTimeout:547ms
2024-10-16 23:57:27,981 INFO  impl.RoleInfo (RoleInfo.java:shutdownFollowerState(121)) - s2: shutdown s2@group-FCE02D1CD77C-FollowerState
2024-10-16 23:57:27,981 INFO  server.RaftServer$Division (RaftServerImpl.java:setRole(380)) - s2@group-FCE02D1CD77C: changes role from  FOLLOWER to CANDIDATE at term 1 for changeToCandidate
2024-10-16 23:57:27,981 INFO  server.RaftServerConfigKeys (ConfUtils.java:logGet(46)) - raft.server.leaderelection.pre-vote = true (default)
2024-10-16 23:57:27,981 INFO  impl.RoleInfo (RoleInfo.java:updateAndGet(148)) - s2: start s2@group-FCE02D1CD77C-LeaderElection26
2024-10-16 23:57:27,982 INFO  server.RaftServer$Division (ServerState.java:setLeader(272)) - s2@group-FCE02D1CD77C: change Leader from s14 to null at term 1 for PRE_VOTE
2024-10-16 23:57:27,982 INFO  impl.LeaderElection (LeaderElection.java:askForVotes(333)) - s2@group-FCE02D1CD77C-LeaderElection26 PRE_VOTE round 0: submit vote requests at term 1 for conf: {index: 0, cur=peers:[s3|0.0.0.0:15018, s14|0.0.0.0:15029, s2|0.0.0.0:15017]|listeners:[], old=null}
2024-10-16 23:57:27,983 INFO  logging.LoggingHandler (AbstractInternalLogger.java:log(148)) - [id: 0xf239dbc0, L:/0.0.0.0:15029] READ: [id: 0x3b296e65, L:/127.0.0.1:15029 - R:/127.0.0.1:55720]
2024-10-16 23:57:27,983 INFO  logging.LoggingHandler (AbstractInternalLogger.java:log(148)) - [id: 0x23ee7d64, L:/0.0.0.0:15018] READ: [id: 0x07ec16a9, L:/127.0.0.1:15018 - R:/127.0.0.1:52682]
2024-10-16 23:57:27,983 INFO  logging.LoggingHandler (AbstractInternalLogger.java:log(148)) - [id: 0xf239dbc0, L:/0.0.0.0:15029] READ COMPLETE
2024-10-16 23:57:27,983 INFO  logging.LoggingHandler (AbstractInternalLogger.java:log(148)) - [id: 0x23ee7d64, L:/0.0.0.0:15018] READ COMPLETE
2024-10-16 23:57:27,985 INFO  impl.LeaderElection (LogUtils.java:infoOrTrace(136)) - s2@group-FCE02D1CD77C-LeaderElection26 got exception when requesting votes: java.util.concurrent.ExecutionException: org.apache.ratis.protocol.exceptions.GroupMismatchException: s3: group-FCE02D1CD77C not found.
2024-10-16 23:57:27,985 INFO  impl.LeaderElection (LogUtils.java:infoOrTrace(136)) - s2@group-FCE02D1CD77C-LeaderElection26 got exception when requesting votes: java.util.concurrent.ExecutionException: org.apache.ratis.protocol.exceptions.GroupMismatchException: s14: group-FCE02D1CD77C not found.
2024-10-16 23:57:27,985 INFO  impl.LeaderElection (LeaderElection.java:logAndReturn(90)) - s2@group-FCE02D1CD77C-LeaderElection26: PRE_VOTE REJECTED received 0 response(s) and 2 exception(s):
2024-10-16 23:57:27,985 INFO  impl.LeaderElection (LogUtils.java:infoOrTrace(136)) -   Exception 0: java.util.concurrent.ExecutionException: org.apache.ratis.protocol.exceptions.GroupMismatchException: s3: group-FCE02D1CD77C not found.
2024-10-16 23:57:27,985 INFO  impl.LeaderElection (LogUtils.java:infoOrTrace(136)) -   Exception 1: java.util.concurrent.ExecutionException: org.apache.ratis.protocol.exceptions.GroupMismatchException: s14: group-FCE02D1CD77C not found.
2024-10-16 23:57:27,985 INFO  impl.LeaderElection (LeaderElection.java:askForVotes(335)) - s2@group-FCE02D1CD77C-LeaderElection26 PRE_VOTE round 0: result REJECTED
2024-10-16 23:57:27,985 INFO  server.RaftServer$Division (RaftServerImpl.java:setRole(380)) - s2@group-FCE02D1CD77C: changes role from CANDIDATE to FOLLOWER at term 1 for REJECTED
2024-10-16 23:57:27,985 INFO  impl.RoleInfo (RoleInfo.java:shutdownLeaderElection(141)) - s2: shutdown s2@group-FCE02D1CD77C-LeaderElection26
2024-10-16 23:57:27,985 INFO  impl.RoleInfo (RoleInfo.java:updateAndGet(148)) - s2: start s2@group-FCE02D1CD77C-FollowerState
2024-10-16 23:57:28,399 INFO  impl.FollowerState (FollowerState.java:runImpl(161)) - s2@group-FCE02D1CD77C-FollowerState: change to CANDIDATE, lastRpcElapsedTime:414253168ns, electionTimeout:414ms
2024-10-16 23:57:28,400 INFO  impl.RoleInfo (RoleInfo.java:shutdownFollowerState(121)) - s2: shutdown s2@group-FCE02D1CD77C-FollowerState
2024-10-16 23:57:28,400 INFO  server.RaftServer$Division (RaftServerImpl.java:setRole(380)) - s2@group-FCE02D1CD77C: changes role from  FOLLOWER to CANDIDATE at term 1 for changeToCandidate
2024-10-16 23:57:28,400 INFO  server.RaftServerConfigKeys (ConfUtils.java:logGet(46)) - raft.server.leaderelection.pre-vote = true (default)
2024-10-16 23:57:28,400 INFO  impl.RoleInfo (RoleInfo.java:updateAndGet(148)) - s2: start s2@group-FCE02D1CD77C-LeaderElection27
2024-10-16 23:57:28,400 INFO  impl.LeaderElection (LeaderElection.java:askForVotes(333)) - s2@group-FCE02D1CD77C-LeaderElection27 PRE_VOTE round 0: submit vote requests at term 1 for conf: {index: 0, cur=peers:[s3|0.0.0.0:15018, s14|0.0.0.0:15029, s2|0.0.0.0:15017]|listeners:[], old=null}
2024-10-16 23:57:28,403 INFO  impl.LeaderElection (LogUtils.java:infoOrTrace(136)) - s2@group-FCE02D1CD77C-LeaderElection27 got exception when requesting votes: java.util.concurrent.ExecutionException: org.apache.ratis.protocol.exceptions.GroupMismatchException: s14: group-FCE02D1CD77C not found.
2024-10-16 23:57:28,404 INFO  impl.LeaderElection (LogUtils.java:infoOrTrace(136)) - s2@group-FCE02D1CD77C-LeaderElection27 got exception when requesting votes: java.util.concurrent.ExecutionException: org.apache.ratis.protocol.exceptions.GroupMismatchException: s3: group-FCE02D1CD77C not found.
2024-10-16 23:57:28,404 INFO  impl.LeaderElection (LeaderElection.java:logAndReturn(90)) - s2@group-FCE02D1CD77C-LeaderElection27: PRE_VOTE REJECTED received 0 response(s) and 2 exception(s):
2024-10-16 23:57:28,405 INFO  impl.LeaderElection (LogUtils.java:infoOrTrace(136)) -   Exception 0: java.util.concurrent.ExecutionException: org.apache.ratis.protocol.exceptions.GroupMismatchException: s14: group-FCE02D1CD77C not found.
2024-10-16 23:57:28,405 INFO  impl.LeaderElection (LogUtils.java:infoOrTrace(136)) -   Exception 1: java.util.concurrent.ExecutionException: org.apache.ratis.protocol.exceptions.GroupMismatchException: s3: group-FCE02D1CD77C not found.
2024-10-16 23:57:28,405 INFO  impl.LeaderElection (LeaderElection.java:askForVotes(335)) - s2@group-FCE02D1CD77C-LeaderElection27 PRE_VOTE round 0: result REJECTED
2024-10-16 23:57:28,405 INFO  server.RaftServer$Division (RaftServerImpl.java:setRole(380)) - s2@group-FCE02D1CD77C: changes role from CANDIDATE to FOLLOWER at term 1 for REJECTED
2024-10-16 23:57:28,405 INFO  impl.RoleInfo (RoleInfo.java:shutdownLeaderElection(141)) - s2: shutdown s2@group-FCE02D1CD77C-LeaderElection27
2024-10-16 23:57:28,405 INFO  impl.RoleInfo (RoleInfo.java:updateAndGet(148)) - s2: start s2@group-FCE02D1CD77C-FollowerState
2024-10-16 23:57:28,489 INFO  segmented.SegmentedRaftLogWorker (SegmentedRaftLogWorker.java:close(253)) - s14@group-FCE02D1CD77C-SegmentedRaftLogWorker close()
2024-10-16 23:57:28,489 INFO  raftlog.RaftLog (SegmentedRaftLog.java:close(575)) - Successfully closed s14@group-FCE02D1CD77C-SegmentedRaftLog:CLOSED:c120
2024-10-16 23:57:28,489 TRACE util.FileUtils (FileUtils.java:deleteFully(305)) - deleteFully /home/runner/work/ratis/ratis/ratis-examples/target/test/data/6cc99a4c/MiniRaftClusterWithNettyeee6e424/s14/b59cd3e0-950b-46bf-b2fa-fce02d1cd77c
2024-10-16 23:57:28,490 TRACE util.FileUtils (LogUtils.java:runAndLog(49)) - Successfully ran Files.delete /home/runner/work/ratis/ratis/ratis-examples/target/test/data/6cc99a4c/MiniRaftClusterWithNettyeee6e424/s14/b59cd3e0-950b-46bf-b2fa-fce02d1cd77c/current/raft-meta
2024-10-16 23:57:28,490 TRACE util.FileUtils (LogUtils.java:runAndLog(49)) - Successfully ran Files.delete /home/runner/work/ratis/ratis/ratis-examples/target/test/data/6cc99a4c/MiniRaftClusterWithNettyeee6e424/s14/b59cd3e0-950b-46bf-b2fa-fce02d1cd77c/current/log_inprogress_0
2024-10-16 23:57:28,490 TRACE util.FileUtils (LogUtils.java:runAndLog(49)) - Successfully ran Files.delete /home/runner/work/ratis/ratis/ratis-examples/target/test/data/6cc99a4c/MiniRaftClusterWithNettyeee6e424/s14/b59cd3e0-950b-46bf-b2fa-fce02d1cd77c/current/raft-meta.conf
2024-10-16 23:57:28,490 TRACE util.FileUtils (LogUtils.java:runAndLog(49)) - Successfully ran Files.delete /home/runner/work/ratis/ratis/ratis-examples/target/test/data/6cc99a4c/MiniRaftClusterWithNettyeee6e424/s14/b59cd3e0-950b-46bf-b2fa-fce02d1cd77c/current
2024-10-16 23:57:28,490 TRACE util.FileUtils (LogUtils.java:runAndLog(49)) - Successfully ran Files.delete /home/runner/work/ratis/ratis/ratis-examples/target/test/data/6cc99a4c/MiniRaftClusterWithNettyeee6e424/s14/b59cd3e0-950b-46bf-b2fa-fce02d1cd77c/in_use.lock
2024-10-16 23:57:28,490 TRACE util.FileUtils (LogUtils.java:runAndLog(49)) - Successfully ran Files.delete /home/runner/work/ratis/ratis/ratis-examples/target/test/data/6cc99a4c/MiniRaftClusterWithNettyeee6e424/s14/b59cd3e0-950b-46bf-b2fa-fce02d1cd77c/sm
2024-10-16 23:57:28,490 TRACE util.FileUtils (LogUtils.java:runAndLog(49)) - Successfully ran Files.delete /home/runner/work/ratis/ratis/ratis-examples/target/test/data/6cc99a4c/MiniRaftClusterWithNettyeee6e424/s14/b59cd3e0-950b-46bf-b2fa-fce02d1cd77c
2024-10-16 23:57:28,490 INFO  server.RaftServer$Division (RaftServerImpl.java:groupRemove(485)) - s14@group-FCE02D1CD77C: Succeed to remove RaftStorageDirectory Storage Directory /home/runner/work/ratis/ratis/ratis-examples/target/test/data/6cc99a4c/MiniRaftClusterWithNettyeee6e424/s14/b59cd3e0-950b-46bf-b2fa-fce02d1cd77c
2024-10-16 23:57:28,492 INFO  netty.NettyUtils (NettyUtils.java:newEventLoopGroup(74)) - Create EpollEventLoopGroup for client-9D89FCAF0DA1; Thread size is 0.
2024-10-16 23:57:28,493 INFO  logging.LoggingHandler (AbstractInternalLogger.java:log(148)) - [id: 0xe405d390, L:/0.0.0.0:15017] READ: [id: 0xe06e6447, L:/127.0.0.1:15017 - R:/127.0.0.1:38068]
2024-10-16 23:57:28,494 INFO  logging.LoggingHandler (AbstractInternalLogger.java:log(148)) - [id: 0xe405d390, L:/0.0.0.0:15017] READ COMPLETE
2024-10-16 23:57:28,494 INFO  server.RaftServer (RaftServerProxy.java:remove(112)) - s2: remove  FOLLOWER s2@group-FCE02D1CD77C:t1, leader=null, voted=s14, raftlog=Memoized:s2@group-FCE02D1CD77C-SegmentedRaftLog:OPENED:c120:last(t:1, i:120), conf=conf: {index: 0, cur=peers:[s3|0.0.0.0:15018, s14|0.0.0.0:15029, s2|0.0.0.0:15017]|listeners:[], old=null} RUNNING
2024-10-16 23:57:28,494 INFO  server.RaftServer$Division (RaftServerImpl.java:lambda$close$1(515)) - s2@group-FCE02D1CD77C: shutdown
2024-10-16 23:57:28,494 INFO  util.JmxRegister (JmxRegister.java:unregister(74)) - Successfully un-registered JMX Bean with object name Ratis:service=RaftServer,group=group-FCE02D1CD77C,id=s2
2024-10-16 23:57:28,494 INFO  impl.RoleInfo (RoleInfo.java:shutdownFollowerState(121)) - s2: shutdown s2@group-FCE02D1CD77C-FollowerState
2024-10-16 23:57:28,495 INFO  impl.FollowerState (FollowerState.java:runImpl(170)) - s2@group-FCE02D1CD77C-FollowerState was interrupted
2024-10-16 23:57:28,495 INFO  impl.StateMachineUpdater (StateMachineUpdater.java:stopAndJoin(164)) - s2@group-FCE02D1CD77C-StateMachineUpdater: set stopIndex = 120
2024-10-16 23:57:28,495 INFO  impl.StateMachineUpdater (StateMachineUpdater.java:stop(141)) - s2@group-FCE02D1CD77C-StateMachineUpdater: closing ArithmeticStateMachine, lastApplied=(t:1, i:120)
2024-10-16 23:57:28,495 INFO  raftlog.RaftLog (SegmentedRaftLog.java:close(567)) - Start closing s2@group-FCE02D1CD77C-SegmentedRaftLog:OPENED:c120:last(t:1, i:120)
2024-10-16 23:57:28,495 INFO  util.AwaitToRun (AwaitToRun.java:run(49)) - s2@group-FCE02D1CD77C-cacheEviction-AwaitToRun-AwaitForSignal is interrupted
2024-10-16 23:57:28,495 INFO  segmented.LogSegment (LogSegment.java:close(348)) - Successfully closed EntryCache-log_inprogress_0
2024-10-16 23:57:29,490 INFO  segmented.SegmentedRaftLogWorker (SegmentedRaftLogWorker.java:close(253)) - s2@group-FCE02D1CD77C-SegmentedRaftLogWorker close()
2024-10-16 23:57:29,490 INFO  raftlog.RaftLog (SegmentedRaftLog.java:close(575)) - Successfully closed s2@group-FCE02D1CD77C-SegmentedRaftLog:CLOSED:c120
2024-10-16 23:57:29,490 TRACE util.FileUtils (FileUtils.java:deleteFully(305)) - deleteFully /home/runner/work/ratis/ratis/ratis-examples/target/test/data/6cc99a4c/MiniRaftClusterWithNettyeee6e424/s2/b59cd3e0-950b-46bf-b2fa-fce02d1cd77c
2024-10-16 23:57:29,491 TRACE util.FileUtils (LogUtils.java:runAndLog(49)) - Successfully ran Files.delete /home/runner/work/ratis/ratis/ratis-examples/target/test/data/6cc99a4c/MiniRaftClusterWithNettyeee6e424/s2/b59cd3e0-950b-46bf-b2fa-fce02d1cd77c/current/raft-meta
2024-10-16 23:57:29,491 TRACE util.FileUtils (LogUtils.java:runAndLog(49)) - Successfully ran Files.delete /home/runner/work/ratis/ratis/ratis-examples/target/test/data/6cc99a4c/MiniRaftClusterWithNettyeee6e424/s2/b59cd3e0-950b-46bf-b2fa-fce02d1cd77c/current/log_inprogress_0
2024-10-16 23:57:29,491 TRACE util.FileUtils (LogUtils.java:runAndLog(49)) - Successfully ran Files.delete /home/runner/work/ratis/ratis/ratis-examples/target/test/data/6cc99a4c/MiniRaftClusterWithNettyeee6e424/s2/b59cd3e0-950b-46bf-b2fa-fce02d1cd77c/current/raft-meta.conf
2024-10-16 23:57:29,491 TRACE util.FileUtils (LogUtils.java:runAndLog(49)) - Successfully ran Files.delete /home/runner/work/ratis/ratis/ratis-examples/target/test/data/6cc99a4c/MiniRaftClusterWithNettyeee6e424/s2/b59cd3e0-950b-46bf-b2fa-fce02d1cd77c/current
2024-10-16 23:57:29,491 TRACE util.FileUtils (LogUtils.java:runAndLog(49)) - Successfully ran Files.delete /home/runner/work/ratis/ratis/ratis-examples/target/test/data/6cc99a4c/MiniRaftClusterWithNettyeee6e424/s2/b59cd3e0-950b-46bf-b2fa-fce02d1cd77c/in_use.lock
2024-10-16 23:57:29,491 TRACE util.FileUtils (LogUtils.java:runAndLog(49)) - Successfully ran Files.delete /home/runner/work/ratis/ratis/ratis-examples/target/test/data/6cc99a4c/MiniRaftClusterWithNettyeee6e424/s2/b59cd3e0-950b-46bf-b2fa-fce02d1cd77c/sm
2024-10-16 23:57:29,491 TRACE util.FileUtils (LogUtils.java:runAndLog(49)) - Successfully ran Files.delete /home/runner/work/ratis/ratis/ratis-examples/target/test/data/6cc99a4c/MiniRaftClusterWithNettyeee6e424/s2/b59cd3e0-950b-46bf-b2fa-fce02d1cd77c
2024-10-16 23:57:29,491 INFO  server.RaftServer$Division (RaftServerImpl.java:groupRemove(485)) - s2@group-FCE02D1CD77C: Succeed to remove RaftStorageDirectory Storage Directory /home/runner/work/ratis/ratis/ratis-examples/target/test/data/6cc99a4c/MiniRaftClusterWithNettyeee6e424/s2/b59cd3e0-950b-46bf-b2fa-fce02d1cd77c
2024-10-16 23:57:29,493 INFO  impl.GroupManagementBaseTest (GroupManagementBaseTest.java:runMultiGroupTest(299)) - 4) close printing group-27FC73985AF3
  s7:  RUNNING [
   FOLLOWER s7@group-9EBC86A0B11D:t0, leader=null, voted=, raftlog=Memoized:s7@group-9EBC86A0B11D-SegmentedRaftLog:OPENED:c-1:lastnull, conf=conf: {index: -1, cur=peers:[]|listeners:[], old=null} STARTING
     LEADER s7@group-27FC73985AF3:t1, leader=s7, voted=s7, raftlog=Memoized:s7@group-27FC73985AF3-SegmentedRaftLog:OPENED:c120:last(t:1, i:120), conf=conf: {index: 0, cur=peers:[s7|0.0.0.0:15022, s8|0.0.0.0:15023, s9|0.0.0.0:15024]|listeners:[], old=null} RUNNING] size=2
  s8:  RUNNING [
   FOLLOWER s8@group-9EBC86A0B11D:t0, leader=null, voted=, raftlog=Memoized:s8@group-9EBC86A0B11D-SegmentedRaftLog:OPENED:c-1:lastnull, conf=conf: {index: -1, cur=peers:[]|listeners:[], old=null} STARTING
   FOLLOWER s8@group-27FC73985AF3:t1, leader=s7, voted=s7, raftlog=Memoized:s8@group-27FC73985AF3-SegmentedRaftLog:OPENED:c120:last(t:1, i:120), conf=conf: {index: 0, cur=peers:[s7|0.0.0.0:15022, s8|0.0.0.0:15023, s9|0.0.0.0:15024]|listeners:[], old=null} RUNNING] size=2
  s9:  RUNNING [
   FOLLOWER s9@group-9EBC86A0B11D:t0, leader=null, voted=, raftlog=Memoized:s9@group-9EBC86A0B11D-SegmentedRaftLog:OPENED:c-1:lastnull, conf=conf: {index: -1, cur=peers:[]|listeners:[], old=null} STARTING
   FOLLOWER s9@group-27FC73985AF3:t1, leader=s7, voted=s7, raftlog=Memoized:s9@group-27FC73985AF3-SegmentedRaftLog:OPENED:c120:last(t:1, i:120), conf=conf: {index: 0, cur=peers:[s7|0.0.0.0:15022, s8|0.0.0.0:15023, s9|0.0.0.0:15024]|listeners:[], old=null} RUNNING] size=2
2024-10-16 23:57:29,493 INFO  netty.NettyUtils (NettyUtils.java:newEventLoopGroup(74)) - Create EpollEventLoopGroup for client-D3C7F2B982EA; Thread size is 0.
2024-10-16 23:57:29,505 INFO  logging.LoggingHandler (AbstractInternalLogger.java:log(148)) - [id: 0xcef48036, L:/0.0.0.0:15022] READ: [id: 0xae27028c, L:/127.0.0.1:15022 - R:/127.0.0.1:48196]
2024-10-16 23:57:29,506 INFO  logging.LoggingHandler (AbstractInternalLogger.java:log(148)) - [id: 0xcef48036, L:/0.0.0.0:15022] READ COMPLETE
2024-10-16 23:57:29,506 INFO  server.RaftServer (RaftServerProxy.java:remove(112)) - s7: remove    LEADER s7@group-27FC73985AF3:t1, leader=s7, voted=s7, raftlog=Memoized:s7@group-27FC73985AF3-SegmentedRaftLog:OPENED:c120:last(t:1, i:120), conf=conf: {index: 0, cur=peers:[s7|0.0.0.0:15022, s8|0.0.0.0:15023, s9|0.0.0.0:15024]|listeners:[], old=null} RUNNING
2024-10-16 23:57:29,506 INFO  server.RaftServer$Division (RaftServerImpl.java:lambda$close$1(515)) - s7@group-27FC73985AF3: shutdown
2024-10-16 23:57:29,506 INFO  util.JmxRegister (JmxRegister.java:unregister(74)) - Successfully un-registered JMX Bean with object name Ratis:service=RaftServer,group=group-27FC73985AF3,id=s7
2024-10-16 23:57:29,506 INFO  impl.RoleInfo (RoleInfo.java:shutdownLeaderState(103)) - s7: shutdown s7@group-27FC73985AF3-LeaderStateImpl
2024-10-16 23:57:29,506 INFO  leader.LogAppenderDaemon (LogAppenderDaemon.java:run(85)) - s7@group-27FC73985AF3->s9-LogAppenderDefault-LogAppenderDaemon was interrupted: java.lang.InterruptedException
2024-10-16 23:57:29,506 INFO  impl.PendingRequests (PendingRequests.java:sendNotLeaderResponses(287)) - s7@group-27FC73985AF3-PendingRequests: sendNotLeaderResponses
2024-10-16 23:57:29,506 INFO  leader.LogAppenderDaemon (LogAppenderDaemon.java:run(85)) - s7@group-27FC73985AF3->s8-LogAppenderDefault-LogAppenderDaemon was interrupted: java.lang.InterruptedException
2024-10-16 23:57:29,507 INFO  impl.StateMachineUpdater (StateMachineUpdater.java:stopAndJoin(164)) - s7@group-27FC73985AF3-StateMachineUpdater: set stopIndex = 120
2024-10-16 23:57:29,507 INFO  impl.StateMachineUpdater (StateMachineUpdater.java:stop(141)) - s7@group-27FC73985AF3-StateMachineUpdater: closing ArithmeticStateMachine, lastApplied=(t:1, i:120)
2024-10-16 23:57:29,507 INFO  raftlog.RaftLog (SegmentedRaftLog.java:close(567)) - Start closing s7@group-27FC73985AF3-SegmentedRaftLog:OPENED:c120:last(t:1, i:120)
2024-10-16 23:57:29,507 INFO  util.AwaitToRun (AwaitToRun.java:run(49)) - s7@group-27FC73985AF3-cacheEviction-AwaitToRun-AwaitForSignal is interrupted
2024-10-16 23:57:29,508 INFO  segmented.LogSegment (LogSegment.java:close(348)) - Successfully closed EntryCache-log_inprogress_0
2024-10-16 23:57:29,918 INFO  segmented.SegmentedRaftLogWorker (SegmentedRaftLogWorker.java:close(253)) - s7@group-27FC73985AF3-SegmentedRaftLogWorker close()
2024-10-16 23:57:29,918 INFO  raftlog.RaftLog (SegmentedRaftLog.java:close(575)) - Successfully closed s7@group-27FC73985AF3-SegmentedRaftLog:CLOSED:c120
2024-10-16 23:57:29,918 TRACE util.FileUtils (FileUtils.java:deleteFully(305)) - deleteFully /home/runner/work/ratis/ratis/ratis-examples/target/test/data/6cc99a4c/MiniRaftClusterWithNettyeee6e424/s7/5c432a1a-7289-497f-8f3c-27fc73985af3
2024-10-16 23:57:29,919 TRACE util.FileUtils (LogUtils.java:runAndLog(49)) - Successfully ran Files.delete /home/runner/work/ratis/ratis/ratis-examples/target/test/data/6cc99a4c/MiniRaftClusterWithNettyeee6e424/s7/5c432a1a-7289-497f-8f3c-27fc73985af3/current/raft-meta
2024-10-16 23:57:29,919 TRACE util.FileUtils (LogUtils.java:runAndLog(49)) - Successfully ran Files.delete /home/runner/work/ratis/ratis/ratis-examples/target/test/data/6cc99a4c/MiniRaftClusterWithNettyeee6e424/s7/5c432a1a-7289-497f-8f3c-27fc73985af3/current/log_inprogress_0
2024-10-16 23:57:29,919 TRACE util.FileUtils (LogUtils.java:runAndLog(49)) - Successfully ran Files.delete /home/runner/work/ratis/ratis/ratis-examples/target/test/data/6cc99a4c/MiniRaftClusterWithNettyeee6e424/s7/5c432a1a-7289-497f-8f3c-27fc73985af3/current/raft-meta.conf
2024-10-16 23:57:29,919 TRACE util.FileUtils (LogUtils.java:runAndLog(49)) - Successfully ran Files.delete /home/runner/work/ratis/ratis/ratis-examples/target/test/data/6cc99a4c/MiniRaftClusterWithNettyeee6e424/s7/5c432a1a-7289-497f-8f3c-27fc73985af3/current
2024-10-16 23:57:29,919 TRACE util.FileUtils (LogUtils.java:runAndLog(49)) - Successfully ran Files.delete /home/runner/work/ratis/ratis/ratis-examples/target/test/data/6cc99a4c/MiniRaftClusterWithNettyeee6e424/s7/5c432a1a-7289-497f-8f3c-27fc73985af3/in_use.lock
2024-10-16 23:57:29,919 TRACE util.FileUtils (LogUtils.java:runAndLog(49)) - Successfully ran Files.delete /home/runner/work/ratis/ratis/ratis-examples/target/test/data/6cc99a4c/MiniRaftClusterWithNettyeee6e424/s7/5c432a1a-7289-497f-8f3c-27fc73985af3/sm
2024-10-16 23:57:29,919 TRACE util.FileUtils (LogUtils.java:runAndLog(49)) - Successfully ran Files.delete /home/runner/work/ratis/ratis/ratis-examples/target/test/data/6cc99a4c/MiniRaftClusterWithNettyeee6e424/s7/5c432a1a-7289-497f-8f3c-27fc73985af3
2024-10-16 23:57:29,919 INFO  server.RaftServer$Division (RaftServerImpl.java:groupRemove(485)) - s7@group-27FC73985AF3: Succeed to remove RaftStorageDirectory Storage Directory /home/runner/work/ratis/ratis/ratis-examples/target/test/data/6cc99a4c/MiniRaftClusterWithNettyeee6e424/s7/5c432a1a-7289-497f-8f3c-27fc73985af3
2024-10-16 23:57:29,921 INFO  netty.NettyUtils (NettyUtils.java:newEventLoopGroup(74)) - Create EpollEventLoopGroup for client-143ECE2D8138; Thread size is 0.
2024-10-16 23:57:29,922 INFO  logging.LoggingHandler (AbstractInternalLogger.java:log(148)) - [id: 0x200c6c5b, L:/0.0.0.0:15023] READ: [id: 0xd1bd1a4c, L:/127.0.0.1:15023 - R:/127.0.0.1:60822]
2024-10-16 23:57:29,922 INFO  logging.LoggingHandler (AbstractInternalLogger.java:log(148)) - [id: 0x200c6c5b, L:/0.0.0.0:15023] READ COMPLETE
2024-10-16 23:57:29,923 INFO  server.RaftServer (RaftServerProxy.java:remove(112)) - s8: remove  FOLLOWER s8@group-27FC73985AF3:t1, leader=s7, voted=s7, raftlog=Memoized:s8@group-27FC73985AF3-SegmentedRaftLog:OPENED:c120:last(t:1, i:120), conf=conf: {index: 0, cur=peers:[s7|0.0.0.0:15022, s8|0.0.0.0:15023, s9|0.0.0.0:15024]|listeners:[], old=null} RUNNING
2024-10-16 23:57:29,923 INFO  server.RaftServer$Division (RaftServerImpl.java:lambda$close$1(515)) - s8@group-27FC73985AF3: shutdown
2024-10-16 23:57:29,923 INFO  util.JmxRegister (JmxRegister.java:unregister(74)) - Successfully un-registered JMX Bean with object name Ratis:service=RaftServer,group=group-27FC73985AF3,id=s8
2024-10-16 23:57:29,923 INFO  impl.RoleInfo (RoleInfo.java:shutdownFollowerState(121)) - s8: shutdown s8@group-27FC73985AF3-FollowerState
2024-10-16 23:57:29,923 INFO  impl.StateMachineUpdater (StateMachineUpdater.java:stopAndJoin(164)) - s8@group-27FC73985AF3-StateMachineUpdater: set stopIndex = 120
2024-10-16 23:57:29,923 INFO  impl.StateMachineUpdater (StateMachineUpdater.java:stop(141)) - s8@group-27FC73985AF3-StateMachineUpdater: closing ArithmeticStateMachine, lastApplied=(t:1, i:120)
2024-10-16 23:57:29,923 INFO  impl.FollowerState (FollowerState.java:runImpl(170)) - s8@group-27FC73985AF3-FollowerState was interrupted
2024-10-16 23:57:29,923 INFO  raftlog.RaftLog (SegmentedRaftLog.java:close(567)) - Start closing s8@group-27FC73985AF3-SegmentedRaftLog:OPENED:c120:last(t:1, i:120)
2024-10-16 23:57:29,923 INFO  util.AwaitToRun (AwaitToRun.java:run(49)) - s8@group-27FC73985AF3-cacheEviction-AwaitToRun-AwaitForSignal is interrupted
2024-10-16 23:57:29,923 INFO  segmented.LogSegment (LogSegment.java:close(348)) - Successfully closed EntryCache-log_inprogress_0
2024-10-16 23:57:30,314 INFO  impl.FollowerState (FollowerState.java:runImpl(161)) - s9@group-27FC73985AF3-FollowerState: change to CANDIDATE, lastRpcElapsedTime:920412577ns, electionTimeout:533ms
2024-10-16 23:57:30,315 INFO  impl.RoleInfo (RoleInfo.java:shutdownFollowerState(121)) - s9: shutdown s9@group-27FC73985AF3-FollowerState
2024-10-16 23:57:30,315 INFO  server.RaftServer$Division (RaftServerImpl.java:setRole(380)) - s9@group-27FC73985AF3: changes role from  FOLLOWER to CANDIDATE at term 1 for changeToCandidate
2024-10-16 23:57:30,315 INFO  server.RaftServerConfigKeys (ConfUtils.java:logGet(46)) - raft.server.leaderelection.pre-vote = true (default)
2024-10-16 23:57:30,315 INFO  impl.RoleInfo (RoleInfo.java:updateAndGet(148)) - s9: start s9@group-27FC73985AF3-LeaderElection28
2024-10-16 23:57:30,315 INFO  server.RaftServer$Division (ServerState.java:setLeader(272)) - s9@group-27FC73985AF3: change Leader from s7 to null at term 1 for PRE_VOTE
2024-10-16 23:57:30,315 INFO  impl.LeaderElection (LeaderElection.java:askForVotes(333)) - s9@group-27FC73985AF3-LeaderElection28 PRE_VOTE round 0: submit vote requests at term 1 for conf: {index: 0, cur=peers:[s7|0.0.0.0:15022, s8|0.0.0.0:15023, s9|0.0.0.0:15024]|listeners:[], old=null}
2024-10-16 23:57:30,316 INFO  logging.LoggingHandler (AbstractInternalLogger.java:log(148)) - [id: 0xcef48036, L:/0.0.0.0:15022] READ: [id: 0x6f418893, L:/127.0.0.1:15022 - R:/127.0.0.1:48204]
2024-10-16 23:57:30,316 INFO  logging.LoggingHandler (AbstractInternalLogger.java:log(148)) - [id: 0x200c6c5b, L:/0.0.0.0:15023] READ: [id: 0xf6999dcb, L:/127.0.0.1:15023 - R:/127.0.0.1:60828]
2024-10-16 23:57:30,316 INFO  logging.LoggingHandler (AbstractInternalLogger.java:log(148)) - [id: 0xcef48036, L:/0.0.0.0:15022] READ COMPLETE
2024-10-16 23:57:30,317 INFO  logging.LoggingHandler (AbstractInternalLogger.java:log(148)) - [id: 0x200c6c5b, L:/0.0.0.0:15023] READ COMPLETE
2024-10-16 23:57:30,319 INFO  impl.LeaderElection (LogUtils.java:infoOrTrace(136)) - s9@group-27FC73985AF3-LeaderElection28 got exception when requesting votes: java.util.concurrent.ExecutionException: org.apache.ratis.protocol.exceptions.GroupMismatchException: s7: group-27FC73985AF3 not found.
2024-10-16 23:57:30,319 INFO  impl.LeaderElection (LogUtils.java:infoOrTrace(136)) - s9@group-27FC73985AF3-LeaderElection28 got exception when requesting votes: java.util.concurrent.ExecutionException: org.apache.ratis.protocol.exceptions.GroupMismatchException: s8: group-27FC73985AF3 not found.
2024-10-16 23:57:30,319 INFO  impl.LeaderElection (LeaderElection.java:logAndReturn(90)) - s9@group-27FC73985AF3-LeaderElection28: PRE_VOTE REJECTED received 0 response(s) and 2 exception(s):
2024-10-16 23:57:30,319 INFO  impl.LeaderElection (LogUtils.java:infoOrTrace(136)) -   Exception 0: java.util.concurrent.ExecutionException: org.apache.ratis.protocol.exceptions.GroupMismatchException: s7: group-27FC73985AF3 not found.
2024-10-16 23:57:30,319 INFO  impl.LeaderElection (LogUtils.java:infoOrTrace(136)) -   Exception 1: java.util.concurrent.ExecutionException: org.apache.ratis.protocol.exceptions.GroupMismatchException: s8: group-27FC73985AF3 not found.
2024-10-16 23:57:30,320 INFO  impl.LeaderElection (LeaderElection.java:askForVotes(335)) - s9@group-27FC73985AF3-LeaderElection28 PRE_VOTE round 0: result REJECTED
2024-10-16 23:57:30,320 INFO  server.RaftServer$Division (RaftServerImpl.java:setRole(380)) - s9@group-27FC73985AF3: changes role from CANDIDATE to FOLLOWER at term 1 for REJECTED
2024-10-16 23:57:30,320 INFO  impl.RoleInfo (RoleInfo.java:shutdownLeaderElection(141)) - s9: shutdown s9@group-27FC73985AF3-LeaderElection28
2024-10-16 23:57:30,320 INFO  impl.RoleInfo (RoleInfo.java:updateAndGet(148)) - s9: start s9@group-27FC73985AF3-FollowerState
2024-10-16 23:57:30,697 INFO  impl.FollowerState (FollowerState.java:runImpl(161)) - s9@group-27FC73985AF3-FollowerState: change to CANDIDATE, lastRpcElapsedTime:377292866ns, electionTimeout:377ms
2024-10-16 23:57:30,697 INFO  impl.RoleInfo (RoleInfo.java:shutdownFollowerState(121)) - s9: shutdown s9@group-27FC73985AF3-FollowerState
2024-10-16 23:57:30,697 INFO  server.RaftServer$Division (RaftServerImpl.java:setRole(380)) - s9@group-27FC73985AF3: changes role from  FOLLOWER to CANDIDATE at term 1 for changeToCandidate
2024-10-16 23:57:30,697 INFO  server.RaftServerConfigKeys (ConfUtils.java:logGet(46)) - raft.server.leaderelection.pre-vote = true (default)
2024-10-16 23:57:30,697 INFO  impl.RoleInfo (RoleInfo.java:updateAndGet(148)) - s9: start s9@group-27FC73985AF3-LeaderElection29
2024-10-16 23:57:30,698 INFO  impl.LeaderElection (LeaderElection.java:askForVotes(333)) - s9@group-27FC73985AF3-LeaderElection29 PRE_VOTE round 0: submit vote requests at term 1 for conf: {index: 0, cur=peers:[s7|0.0.0.0:15022, s8|0.0.0.0:15023, s9|0.0.0.0:15024]|listeners:[], old=null}
2024-10-16 23:57:30,699 INFO  impl.LeaderElection (LogUtils.java:infoOrTrace(136)) - s9@group-27FC73985AF3-LeaderElection29 got exception when requesting votes: java.util.concurrent.ExecutionException: org.apache.ratis.protocol.exceptions.GroupMismatchException: s8: group-27FC73985AF3 not found.
2024-10-16 23:57:30,699 INFO  impl.LeaderElection (LogUtils.java:infoOrTrace(136)) - s9@group-27FC73985AF3-LeaderElection29 got exception when requesting votes: java.util.concurrent.ExecutionException: org.apache.ratis.protocol.exceptions.GroupMismatchException: s7: group-27FC73985AF3 not found.
2024-10-16 23:57:30,699 INFO  impl.LeaderElection (LeaderElection.java:logAndReturn(90)) - s9@group-27FC73985AF3-LeaderElection29: PRE_VOTE REJECTED received 0 response(s) and 2 exception(s):
2024-10-16 23:57:30,700 INFO  impl.LeaderElection (LogUtils.java:infoOrTrace(136)) -   Exception 0: java.util.concurrent.ExecutionException: org.apache.ratis.protocol.exceptions.GroupMismatchException: s8: group-27FC73985AF3 not found.
2024-10-16 23:57:30,700 INFO  impl.LeaderElection (LogUtils.java:infoOrTrace(136)) -   Exception 1: java.util.concurrent.ExecutionException: org.apache.ratis.protocol.exceptions.GroupMismatchException: s7: group-27FC73985AF3 not found.
2024-10-16 23:57:30,700 INFO  impl.LeaderElection (LeaderElection.java:askForVotes(335)) - s9@group-27FC73985AF3-LeaderElection29 PRE_VOTE round 0: result REJECTED
2024-10-16 23:57:30,700 INFO  server.RaftServer$Division (RaftServerImpl.java:setRole(380)) - s9@group-27FC73985AF3: changes role from CANDIDATE to FOLLOWER at term 1 for REJECTED
2024-10-16 23:57:30,700 INFO  impl.RoleInfo (RoleInfo.java:shutdownLeaderElection(141)) - s9: shutdown s9@group-27FC73985AF3-LeaderElection29
2024-10-16 23:57:30,700 INFO  impl.RoleInfo (RoleInfo.java:updateAndGet(148)) - s9: start s9@group-27FC73985AF3-FollowerState
2024-10-16 23:57:30,921 INFO  segmented.SegmentedRaftLogWorker (SegmentedRaftLogWorker.java:close(253)) - s8@group-27FC73985AF3-SegmentedRaftLogWorker close()
2024-10-16 23:57:30,922 INFO  raftlog.RaftLog (SegmentedRaftLog.java:close(575)) - Successfully closed s8@group-27FC73985AF3-SegmentedRaftLog:CLOSED:c120
2024-10-16 23:57:30,922 TRACE util.FileUtils (FileUtils.java:deleteFully(305)) - deleteFully /home/runner/work/ratis/ratis/ratis-examples/target/test/data/6cc99a4c/MiniRaftClusterWithNettyeee6e424/s8/5c432a1a-7289-497f-8f3c-27fc73985af3
2024-10-16 23:57:30,922 TRACE util.FileUtils (LogUtils.java:runAndLog(49)) - Successfully ran Files.delete /home/runner/work/ratis/ratis/ratis-examples/target/test/data/6cc99a4c/MiniRaftClusterWithNettyeee6e424/s8/5c432a1a-7289-497f-8f3c-27fc73985af3/current/raft-meta
2024-10-16 23:57:30,922 TRACE util.FileUtils (LogUtils.java:runAndLog(49)) - Successfully ran Files.delete /home/runner/work/ratis/ratis/ratis-examples/target/test/data/6cc99a4c/MiniRaftClusterWithNettyeee6e424/s8/5c432a1a-7289-497f-8f3c-27fc73985af3/current/log_inprogress_0
2024-10-16 23:57:30,922 TRACE util.FileUtils (LogUtils.java:runAndLog(49)) - Successfully ran Files.delete /home/runner/work/ratis/ratis/ratis-examples/target/test/data/6cc99a4c/MiniRaftClusterWithNettyeee6e424/s8/5c432a1a-7289-497f-8f3c-27fc73985af3/current/raft-meta.conf
2024-10-16 23:57:30,922 TRACE util.FileUtils (LogUtils.java:runAndLog(49)) - Successfully ran Files.delete /home/runner/work/ratis/ratis/ratis-examples/target/test/data/6cc99a4c/MiniRaftClusterWithNettyeee6e424/s8/5c432a1a-7289-497f-8f3c-27fc73985af3/current
2024-10-16 23:57:30,923 TRACE util.FileUtils (LogUtils.java:runAndLog(49)) - Successfully ran Files.delete /home/runner/work/ratis/ratis/ratis-examples/target/test/data/6cc99a4c/MiniRaftClusterWithNettyeee6e424/s8/5c432a1a-7289-497f-8f3c-27fc73985af3/in_use.lock
2024-10-16 23:57:30,923 TRACE util.FileUtils (LogUtils.java:runAndLog(49)) - Successfully ran Files.delete /home/runner/work/ratis/ratis/ratis-examples/target/test/data/6cc99a4c/MiniRaftClusterWithNettyeee6e424/s8/5c432a1a-7289-497f-8f3c-27fc73985af3/sm
2024-10-16 23:57:30,923 TRACE util.FileUtils (LogUtils.java:runAndLog(49)) - Successfully ran Files.delete /home/runner/work/ratis/ratis/ratis-examples/target/test/data/6cc99a4c/MiniRaftClusterWithNettyeee6e424/s8/5c432a1a-7289-497f-8f3c-27fc73985af3
2024-10-16 23:57:30,923 INFO  server.RaftServer$Division (RaftServerImpl.java:groupRemove(485)) - s8@group-27FC73985AF3: Succeed to remove RaftStorageDirectory Storage Directory /home/runner/work/ratis/ratis/ratis-examples/target/test/data/6cc99a4c/MiniRaftClusterWithNettyeee6e424/s8/5c432a1a-7289-497f-8f3c-27fc73985af3
2024-10-16 23:57:30,925 INFO  netty.NettyUtils (NettyUtils.java:newEventLoopGroup(74)) - Create EpollEventLoopGroup for client-C1B2EE2AA34A; Thread size is 0.
2024-10-16 23:57:30,927 INFO  logging.LoggingHandler (AbstractInternalLogger.java:log(148)) - [id: 0xbbacb419, L:/0.0.0.0:15024] READ: [id: 0x478f7098, L:/127.0.0.1:15024 - R:/127.0.0.1:55842]
2024-10-16 23:57:30,927 INFO  logging.LoggingHandler (AbstractInternalLogger.java:log(148)) - [id: 0xbbacb419, L:/0.0.0.0:15024] READ COMPLETE
2024-10-16 23:57:30,927 INFO  server.RaftServer (RaftServerProxy.java:remove(112)) - s9: remove  FOLLOWER s9@group-27FC73985AF3:t1, leader=null, voted=s7, raftlog=Memoized:s9@group-27FC73985AF3-SegmentedRaftLog:OPENED:c120:last(t:1, i:120), conf=conf: {index: 0, cur=peers:[s7|0.0.0.0:15022, s8|0.0.0.0:15023, s9|0.0.0.0:15024]|listeners:[], old=null} RUNNING
2024-10-16 23:57:30,927 INFO  server.RaftServer$Division (RaftServerImpl.java:lambda$close$1(515)) - s9@group-27FC73985AF3: shutdown
2024-10-16 23:57:30,927 INFO  util.JmxRegister (JmxRegister.java:unregister(74)) - Successfully un-registered JMX Bean with object name Ratis:service=RaftServer,group=group-27FC73985AF3,id=s9
2024-10-16 23:57:30,927 INFO  impl.RoleInfo (RoleInfo.java:shutdownFollowerState(121)) - s9: shutdown s9@group-27FC73985AF3-FollowerState
2024-10-16 23:57:30,927 INFO  impl.StateMachineUpdater (StateMachineUpdater.java:stopAndJoin(164)) - s9@group-27FC73985AF3-StateMachineUpdater: set stopIndex = 120
2024-10-16 23:57:30,928 INFO  impl.StateMachineUpdater (StateMachineUpdater.java:stop(141)) - s9@group-27FC73985AF3-StateMachineUpdater: closing ArithmeticStateMachine, lastApplied=(t:1, i:120)
2024-10-16 23:57:30,928 INFO  raftlog.RaftLog (SegmentedRaftLog.java:close(567)) - Start closing s9@group-27FC73985AF3-SegmentedRaftLog:OPENED:c120:last(t:1, i:120)
2024-10-16 23:57:30,928 INFO  impl.FollowerState (FollowerState.java:runImpl(170)) - s9@group-27FC73985AF3-FollowerState was interrupted
2024-10-16 23:57:30,928 INFO  util.AwaitToRun (AwaitToRun.java:run(49)) - s9@group-27FC73985AF3-cacheEviction-AwaitToRun-AwaitForSignal is interrupted
2024-10-16 23:57:30,928 INFO  segmented.LogSegment (LogSegment.java:close(348)) - Successfully closed EntryCache-log_inprogress_0
2024-10-16 23:57:31,919 INFO  segmented.SegmentedRaftLogWorker (SegmentedRaftLogWorker.java:close(253)) - s9@group-27FC73985AF3-SegmentedRaftLogWorker close()
2024-10-16 23:57:31,920 INFO  raftlog.RaftLog (SegmentedRaftLog.java:close(575)) - Successfully closed s9@group-27FC73985AF3-SegmentedRaftLog:CLOSED:c120
2024-10-16 23:57:31,920 TRACE util.FileUtils (FileUtils.java:deleteFully(305)) - deleteFully /home/runner/work/ratis/ratis/ratis-examples/target/test/data/6cc99a4c/MiniRaftClusterWithNettyeee6e424/s9/5c432a1a-7289-497f-8f3c-27fc73985af3
2024-10-16 23:57:31,920 TRACE util.FileUtils (LogUtils.java:runAndLog(49)) - Successfully ran Files.delete /home/runner/work/ratis/ratis/ratis-examples/target/test/data/6cc99a4c/MiniRaftClusterWithNettyeee6e424/s9/5c432a1a-7289-497f-8f3c-27fc73985af3/current/raft-meta
2024-10-16 23:57:31,920 TRACE util.FileUtils (LogUtils.java:runAndLog(49)) - Successfully ran Files.delete /home/runner/work/ratis/ratis/ratis-examples/target/test/data/6cc99a4c/MiniRaftClusterWithNettyeee6e424/s9/5c432a1a-7289-497f-8f3c-27fc73985af3/current/log_inprogress_0
2024-10-16 23:57:31,920 TRACE util.FileUtils (LogUtils.java:runAndLog(49)) - Successfully ran Files.delete /home/runner/work/ratis/ratis/ratis-examples/target/test/data/6cc99a4c/MiniRaftClusterWithNettyeee6e424/s9/5c432a1a-7289-497f-8f3c-27fc73985af3/current/raft-meta.conf
2024-10-16 23:57:31,920 TRACE util.FileUtils (LogUtils.java:runAndLog(49)) - Successfully ran Files.delete /home/runner/work/ratis/ratis/ratis-examples/target/test/data/6cc99a4c/MiniRaftClusterWithNettyeee6e424/s9/5c432a1a-7289-497f-8f3c-27fc73985af3/current
2024-10-16 23:57:31,921 TRACE util.FileUtils (LogUtils.java:runAndLog(49)) - Successfully ran Files.delete /home/runner/work/ratis/ratis/ratis-examples/target/test/data/6cc99a4c/MiniRaftClusterWithNettyeee6e424/s9/5c432a1a-7289-497f-8f3c-27fc73985af3/in_use.lock
2024-10-16 23:57:31,921 TRACE util.FileUtils (LogUtils.java:runAndLog(49)) - Successfully ran Files.delete /home/runner/work/ratis/ratis/ratis-examples/target/test/data/6cc99a4c/MiniRaftClusterWithNettyeee6e424/s9/5c432a1a-7289-497f-8f3c-27fc73985af3/sm
2024-10-16 23:57:31,921 TRACE util.FileUtils (LogUtils.java:runAndLog(49)) - Successfully ran Files.delete /home/runner/work/ratis/ratis/ratis-examples/target/test/data/6cc99a4c/MiniRaftClusterWithNettyeee6e424/s9/5c432a1a-7289-497f-8f3c-27fc73985af3
2024-10-16 23:57:31,921 INFO  server.RaftServer$Division (RaftServerImpl.java:groupRemove(485)) - s9@group-27FC73985AF3: Succeed to remove RaftStorageDirectory Storage Directory /home/runner/work/ratis/ratis/ratis-examples/target/test/data/6cc99a4c/MiniRaftClusterWithNettyeee6e424/s9/5c432a1a-7289-497f-8f3c-27fc73985af3
| MiniRaftClusterWithNetty[3, 6, 9, 12, 15]chosen=3 | close groups | 235 |
2024-10-16 23:57:31,923 INFO  impl.GroupManagementBaseTest (GroupManagementBaseTest.java:runMultiGroupTest(316)) - close groups: printing ALL groups
  s3:  RUNNING  FOLLOWER s3@group-9EBC86A0B11D:t0, leader=null, voted=, raftlog=Memoized:s3@group-9EBC86A0B11D-SegmentedRaftLog:OPENED:c-1:lastnull, conf=conf: {index: -1, cur=peers:[]|listeners:[], old=null} STARTING
  s4:  RUNNING [
   FOLLOWER s4@group-9EBC86A0B11D:t0, leader=null, voted=, raftlog=Memoized:s4@group-9EBC86A0B11D-SegmentedRaftLog:OPENED:c-1:lastnull, conf=conf: {index: -1, cur=peers:[]|listeners:[], old=null} STARTING
   FOLLOWER s4@group-676CD6864C30:t1, leader=s5, voted=s5, raftlog=Memoized:s4@group-676CD6864C30-SegmentedRaftLog:OPENED:c120:last(t:1, i:120), conf=conf: {index: 0, cur=peers:[s4|0.0.0.0:15019, s5|0.0.0.0:15020, s6|0.0.0.0:15021]|listeners:[], old=null} RUNNING] size=2
  s5:  RUNNING [
   FOLLOWER s5@group-9EBC86A0B11D:t0, leader=null, voted=, raftlog=Memoized:s5@group-9EBC86A0B11D-SegmentedRaftLog:OPENED:c-1:lastnull, conf=conf: {index: -1, cur=peers:[]|listeners:[], old=null} STARTING
     LEADER s5@group-676CD6864C30:t1, leader=s5, voted=s5, raftlog=Memoized:s5@group-676CD6864C30-SegmentedRaftLog:OPENED:c120:last(t:1, i:120), conf=conf: {index: 0, cur=peers:[s4|0.0.0.0:15019, s5|0.0.0.0:15020, s6|0.0.0.0:15021]|listeners:[], old=null} RUNNING] size=2
  s6:  RUNNING [
   FOLLOWER s6@group-9EBC86A0B11D:t0, leader=null, voted=, raftlog=Memoized:s6@group-9EBC86A0B11D-SegmentedRaftLog:OPENED:c-1:lastnull, conf=conf: {index: -1, cur=peers:[]|listeners:[], old=null} STARTING
   FOLLOWER s6@group-676CD6864C30:t1, leader=s5, voted=s5, raftlog=Memoized:s6@group-676CD6864C30-SegmentedRaftLog:OPENED:c120:last(t:1, i:120), conf=conf: {index: 0, cur=peers:[s4|0.0.0.0:15019, s5|0.0.0.0:15020, s6|0.0.0.0:15021]|listeners:[], old=null} RUNNING] size=2
  s7:  RUNNING  FOLLOWER s7@group-9EBC86A0B11D:t0, leader=null, voted=, raftlog=Memoized:s7@group-9EBC86A0B11D-SegmentedRaftLog:OPENED:c-1:lastnull, conf=conf: {index: -1, cur=peers:[]|listeners:[], old=null} STARTING
  s8:  RUNNING  FOLLOWER s8@group-9EBC86A0B11D:t0, leader=null, voted=, raftlog=Memoized:s8@group-9EBC86A0B11D-SegmentedRaftLog:OPENED:c-1:lastnull, conf=conf: {index: -1, cur=peers:[]|listeners:[], old=null} STARTING
  s9:  RUNNING  FOLLOWER s9@group-9EBC86A0B11D:t0, leader=null, voted=, raftlog=Memoized:s9@group-9EBC86A0B11D-SegmentedRaftLog:OPENED:c-1:lastnull, conf=conf: {index: -1, cur=peers:[]|listeners:[], old=null} STARTING
  s11:  RUNNING  FOLLOWER s11@group-9EBC86A0B11D:t0, leader=null, voted=, raftlog=Memoized:s11@group-9EBC86A0B11D-SegmentedRaftLog:OPENED:c-1:lastnull, conf=conf: {index: -1, cur=peers:[]|listeners:[], old=null} STARTING
  s10:  RUNNING  FOLLOWER s10@group-9EBC86A0B11D:t0, leader=null, voted=, raftlog=Memoized:s10@group-9EBC86A0B11D-SegmentedRaftLog:OPENED:c-1:lastnull, conf=conf: {index: -1, cur=peers:[]|listeners:[], old=null} STARTING
  s13:  RUNNING  FOLLOWER s13@group-9EBC86A0B11D:t0, leader=null, voted=, raftlog=Memoized:s13@group-9EBC86A0B11D-SegmentedRaftLog:OPENED:c-1:lastnull, conf=conf: {index: -1, cur=peers:[]|listeners:[], old=null} STARTING
  s12:  RUNNING  FOLLOWER s12@group-9EBC86A0B11D:t0, leader=null, voted=, raftlog=Memoized:s12@group-9EBC86A0B11D-SegmentedRaftLog:OPENED:c-1:lastnull, conf=conf: {index: -1, cur=peers:[]|listeners:[], old=null} STARTING
  s14:  RUNNING  FOLLOWER s14@group-9EBC86A0B11D:t0, leader=null, voted=, raftlog=Memoized:s14@group-9EBC86A0B11D-SegmentedRaftLog:OPENED:c-1:lastnull, conf=conf: {index: -1, cur=peers:[]|listeners:[], old=null} STARTING
  s0:  RUNNING  FOLLOWER s0@group-9EBC86A0B11D:t0, leader=null, voted=, raftlog=Memoized:s0@group-9EBC86A0B11D-SegmentedRaftLog:OPENED:c-1:lastnull, conf=conf: {index: -1, cur=peers:[]|listeners:[], old=null} STARTING
  s1:  RUNNING  FOLLOWER s1@group-9EBC86A0B11D:t0, leader=null, voted=, raftlog=Memoized:s1@group-9EBC86A0B11D-SegmentedRaftLog:OPENED:c-1:lastnull, conf=conf: {index: -1, cur=peers:[]|listeners:[], old=null} STARTING
  s2:  RUNNING  FOLLOWER s2@group-9EBC86A0B11D:t0, leader=null, voted=, raftlog=Memoized:s2@group-9EBC86A0B11D-SegmentedRaftLog:OPENED:c-1:lastnull, conf=conf: {index: -1, cur=peers:[]|listeners:[], old=null} STARTING
2024-10-16 23:57:31,923 INFO  impl.GroupManagementBaseTest (GroupManagementBaseTest.java:runMultiGroupTest(322)) - 0) groupAdd: printing group-2527C568F951
2024-10-16 23:57:31,924 INFO  netty.NettyUtils (NettyUtils.java:newEventLoopGroup(74)) - Create EpollEventLoopGroup for client-5396DB1246CD; Thread size is 0.
2024-10-16 23:57:31,925 INFO  logging.LoggingHandler (AbstractInternalLogger.java:log(148)) - [id: 0x386abc64, L:/0.0.0.0:15025] READ: [id: 0xf9f1f562, L:/127.0.0.1:15025 - R:/127.0.0.1:53180]
2024-10-16 23:57:31,925 INFO  logging.LoggingHandler (AbstractInternalLogger.java:log(148)) - [id: 0x386abc64, L:/0.0.0.0:15025] READ COMPLETE
2024-10-16 23:57:31,926 INFO  server.RaftServer (RaftServerProxy.java:addNew(101)) - s10: addNew group-676CD6864C30:[] returns group-676CD6864C30:java.util.concurrent.CompletableFuture@150b36ba[Not completed]
2024-10-16 23:57:31,926 INFO  server.RaftServer$Division (RaftServerImpl.java:<init>(257)) - s10: new RaftServerImpl for group-676CD6864C30:[] with ArithmeticStateMachine:uninitialized
2024-10-16 23:57:31,926 INFO  server.RaftServerConfigKeys (ConfUtils.java:logGet(46)) - raft.server.rpc.timeout.min = 300ms (custom)
2024-10-16 23:57:31,926 INFO  server.RaftServerConfigKeys (ConfUtils.java:logGet(46)) - raft.server.rpc.timeout.max = 600ms (custom)
2024-10-16 23:57:31,926 INFO  server.RaftServerConfigKeys (ConfUtils.java:logGet(46)) - raft.server.rpc.sleep.time = 25ms (default)
2024-10-16 23:57:31,926 INFO  server.RaftServerConfigKeys (ConfUtils.java:logGet(46)) - raft.server.rpc.slowness.timeout = 60s (default)
2024-10-16 23:57:31,926 INFO  server.RaftServerConfigKeys (ConfUtils.java:logGet(46)) - raft.server.leaderelection.leader.step-down.wait-time = 10s (default)
2024-10-16 23:57:31,926 INFO  server.RaftServerConfigKeys (ConfUtils.java:logGet(46)) - raft.server.leaderelection.member.majority-add = false (default)
2024-10-16 23:57:31,926 INFO  server.RaftServerConfigKeys (ConfUtils.java:logGet(46)) - raft.server.sleep.deviation.threshold = 300ms (default)
2024-10-16 23:57:31,926 INFO  server.RaftServer$Division (ServerState.java:<init>(114)) - s10@group-676CD6864C30: ConfigurationManager, init=conf: {index: -1, cur=peers:[]|listeners:[], old=null}, confs=<EMPTY_MAP>
2024-10-16 23:57:31,926 INFO  server.RaftServerConfigKeys (ConfUtils.java:logGet(46)) - raft.server.notification.no-leader.timeout = 60s (default)
2024-10-16 23:57:31,926 INFO  server.RaftServerConfigKeys (ConfUtils.java:logGet(46)) - raft.server.read.timeout = 10s (default)
2024-10-16 23:57:31,926 INFO  server.RaftServerConfigKeys (ConfUtils.java:logGet(46)) - raft.server.retrycache.expirytime = 60s (default)
2024-10-16 23:57:31,926 INFO  server.RaftServerConfigKeys (ConfUtils.java:logGet(46)) - raft.server.retrycache.statistics.expirytime = 100ms (default)
2024-10-16 23:57:31,926 INFO  server.RaftServerConfigKeys (ConfUtils.java:logGet(46)) - raft.server.read.option = DEFAULT (default)
2024-10-16 23:57:31,926 INFO  server.RaftServerConfigKeys (ConfUtils.java:logGet(46)) - raft.server.read.read-after-write-consistent.write-index-cache.expiry-time = 60s (default)
2024-10-16 23:57:31,927 INFO  server.RaftServerConfigKeys (ConfUtils.java:logGet(46)) - raft.server.rpc.request.timeout = 3000ms (default)
2024-10-16 23:57:31,927 INFO  server.RaftServerConfigKeys (ConfUtils.java:logGet(46)) - raft.server.log.appender.install.snapshot.enabled = true (default)
2024-10-16 23:57:31,927 INFO  server.RaftServerConfigKeys (ConfUtils.java:logGet(46)) - raft.server.threadpool.server.cached = true (default)
2024-10-16 23:57:31,927 INFO  server.RaftServerConfigKeys (ConfUtils.java:logGet(46)) - raft.server.threadpool.server.size = 0 (default)
2024-10-16 23:57:31,927 INFO  server.RaftServerConfigKeys (ConfUtils.java:logGet(46)) - raft.server.threadpool.client.cached = true (default)
2024-10-16 23:57:31,927 INFO  server.RaftServerConfigKeys (ConfUtils.java:logGet(46)) - raft.server.threadpool.client.size = 0 (default)
2024-10-16 23:57:31,927 INFO  server.RaftServerConfigKeys (ConfUtils.java:logGet(46)) - raft.server.storage.free-space.min = 0MB (=0) (default)
2024-10-16 23:57:31,927 INFO  server.RaftServerConfigKeys (ConfUtils.java:logGet(46)) - raft.server.log.corruption.policy = EXCEPTION (default)
2024-10-16 23:57:31,927 INFO  server.RaftServerConfigKeys (ConfUtils.java:logGet(46)) - raft.server.storage.dir = [/home/runner/work/ratis/ratis/ratis-examples/target/test/data/6cc99a4c/MiniRaftClusterWithNettyeee6e424/s10] (custom)
2024-10-16 23:57:31,927 INFO  storage.RaftStorageDirectory (RaftStorageDirectoryImpl.java:analyzeStorage(138)) - The storage directory /home/runner/work/ratis/ratis/ratis-examples/target/test/data/6cc99a4c/MiniRaftClusterWithNettyeee6e424/s10/4c4f035b-aa8d-4293-9e7b-676cd6864c30 does not exist. Creating ...
2024-10-16 23:57:31,927 TRACE util.FileUtils (LogUtils.java:runAndLog(49)) - Successfully ran Files.createDirectories /home/runner/work/ratis/ratis/ratis-examples/target/test/data/6cc99a4c/MiniRaftClusterWithNettyeee6e424/s10/4c4f035b-aa8d-4293-9e7b-676cd6864c30
2024-10-16 23:57:31,928 INFO  storage.RaftStorageDirectory (RaftStorageDirectoryImpl.java:tryLock(229)) - Lock on /home/runner/work/ratis/ratis/ratis-examples/target/test/data/6cc99a4c/MiniRaftClusterWithNettyeee6e424/s10/4c4f035b-aa8d-4293-9e7b-676cd6864c30/in_use.lock acquired by nodename 14984@fv-az1433-785
2024-10-16 23:57:31,929 TRACE util.FileUtils (LogUtils.java:runAndLog(49)) - Successfully ran Files.createDirectories /home/runner/work/ratis/ratis/ratis-examples/target/test/data/6cc99a4c/MiniRaftClusterWithNettyeee6e424/s10/4c4f035b-aa8d-4293-9e7b-676cd6864c30/current
2024-10-16 23:57:31,929 TRACE util.FileUtils (LogUtils.java:runAndLog(49)) - Successfully ran Files.createDirectories /home/runner/work/ratis/ratis/ratis-examples/target/test/data/6cc99a4c/MiniRaftClusterWithNettyeee6e424/s10/4c4f035b-aa8d-4293-9e7b-676cd6864c30/sm
2024-10-16 23:57:31,929 TRACE util.FileUtils (LogUtils.java:supplyAndLog(69)) - Successfully supplied FileChannel.open /home/runner/work/ratis/ratis/ratis-examples/target/test/data/6cc99a4c/MiniRaftClusterWithNettyeee6e424/s10/4c4f035b-aa8d-4293-9e7b-676cd6864c30/current/raft-meta.tmp with options [CREATE, WRITE]: sun.nio.ch.FileChannelImpl@42448f98
2024-10-16 23:57:31,930 TRACE util.FileUtils (LogUtils.java:runAndLog(49)) - Successfully ran Atomic Files.move /home/runner/work/ratis/ratis/ratis-examples/target/test/data/6cc99a4c/MiniRaftClusterWithNettyeee6e424/s10/4c4f035b-aa8d-4293-9e7b-676cd6864c30/current/raft-meta.tmp to /home/runner/work/ratis/ratis/ratis-examples/target/test/data/6cc99a4c/MiniRaftClusterWithNettyeee6e424/s10/4c4f035b-aa8d-4293-9e7b-676cd6864c30/current/raft-meta with options [REPLACE_EXISTING]
2024-10-16 23:57:31,930 INFO  storage.RaftStorage (RaftStorageImpl.java:format(98)) - Storage directory /home/runner/work/ratis/ratis/ratis-examples/target/test/data/6cc99a4c/MiniRaftClusterWithNettyeee6e424/s10/4c4f035b-aa8d-4293-9e7b-676cd6864c30 has been successfully formatted.
2024-10-16 23:57:31,930 WARN  statemachine.StateMachine (ArithmeticStateMachine.java:loadSnapshot(115)) - The snapshot info is null.
2024-10-16 23:57:31,930 INFO  server.RaftServerConfigKeys (ConfUtils.java:logGet(46)) - raft.server.log.use.memory = false (default)
2024-10-16 23:57:31,930 INFO  server.RaftServerConfigKeys (ConfUtils.java:logGet(46)) - raft.server.log.purge.gap = 1024 (default)
2024-10-16 23:57:31,930 INFO  server.RaftServerConfigKeys (ConfUtils.java:logGet(46)) - raft.server.log.appender.buffer.byte-limit = 4MB (=4194304) (default)
2024-10-16 23:57:31,930 INFO  server.RaftServerConfigKeys (ConfUtils.java:logGet(46)) - raft.server.log.statemachine.data.read.timeout = 1000ms (default)
2024-10-16 23:57:31,930 INFO  server.RaftServerConfigKeys (ConfUtils.java:logGet(46)) - raft.server.log.purge.preservation.log.num = 0 (default)
2024-10-16 23:57:31,930 INFO  server.RaftServerConfigKeys (ConfUtils.java:logGet(46)) - raft.server.log.segment.size.max = 32MB (=33554432) (default)
2024-10-16 23:57:31,930 INFO  server.RaftServerConfigKeys (ConfUtils.java:logGet(46)) - raft.server.log.segment.cache.num.max = 6 (default)
2024-10-16 23:57:31,931 INFO  server.RaftServerConfigKeys (ConfUtils.java:logGet(46)) - raft.server.log.segment.cache.size.max = 200MB (=209715200) (default)
2024-10-16 23:57:31,931 INFO  server.RaftServerConfigKeys (ConfUtils.java:logGet(46)) - raft.server.log.appender.buffer.byte-limit = 4MB (=4194304) (default)
2024-10-16 23:57:31,931 INFO  util.AwaitToRun (AwaitToRun.java:start(81)) - Thread[s10@group-676CD6864C30-cacheEviction-AwaitToRun,5,main] started
2024-10-16 23:57:31,931 INFO  segmented.SegmentedRaftLogWorker (SegmentedRaftLogWorker.java:<init>(188)) - new s10@group-676CD6864C30-SegmentedRaftLogWorker for RaftStorageImpl:Storage Directory /home/runner/work/ratis/ratis/ratis-examples/target/test/data/6cc99a4c/MiniRaftClusterWithNettyeee6e424/s10/4c4f035b-aa8d-4293-9e7b-676cd6864c30
2024-10-16 23:57:31,931 INFO  server.RaftServerConfigKeys (ConfUtils.java:logGet(46)) - raft.server.log.queue.byte-limit = 64MB (=67108864) (default)
2024-10-16 23:57:31,931 INFO  server.RaftServerConfigKeys (ConfUtils.java:logGet(46)) - raft.server.log.queue.element-limit = 4096 (default)
2024-10-16 23:57:31,931 INFO  server.RaftServerConfigKeys (ConfUtils.java:logGet(46)) - raft.server.log.segment.size.max = 32MB (=33554432) (default)
2024-10-16 23:57:31,931 INFO  server.RaftServerConfigKeys (ConfUtils.java:logGet(46)) - raft.server.log.preallocated.size = 4MB (=4194304) (default)
2024-10-16 23:57:31,931 INFO  server.RaftServerConfigKeys (ConfUtils.java:logGet(46)) - raft.server.log.force.sync.num = 128 (default)
2024-10-16 23:57:31,931 INFO  server.RaftServerConfigKeys (ConfUtils.java:logGet(46)) - raft.server.log.statemachine.data.sync = true (default)
2024-10-16 23:57:31,931 INFO  server.RaftServerConfigKeys (ConfUtils.java:logGet(46)) - raft.server.log.statemachine.data.sync.timeout = 10s (default)
2024-10-16 23:57:31,931 INFO  server.RaftServerConfigKeys (ConfUtils.java:logGet(46)) - raft.server.log.statemachine.data.sync.timeout.retry = -1 (default)
2024-10-16 23:57:31,931 INFO  server.RaftServerConfigKeys (ConfUtils.java:logGet(46)) - raft.server.log.write.buffer.size = 8MB (=8388608) (default)
2024-10-16 23:57:31,932 INFO  server.RaftServerConfigKeys (ConfUtils.java:logGet(46)) - raft.server.log.appender.buffer.byte-limit = 4MB (=4194304) (default)
2024-10-16 23:57:31,932 INFO  server.RaftServerConfigKeys (ConfUtils.java:logGet(46)) - raft.server.log.unsafe-flush.enabled = false (default)
2024-10-16 23:57:31,932 INFO  server.RaftServerConfigKeys (ConfUtils.java:logGet(46)) - raft.server.log.async-flush.enabled = false (default)
2024-10-16 23:57:31,932 INFO  server.RaftServerConfigKeys (ConfUtils.java:logGet(46)) - raft.server.log.statemachine.data.caching.enabled = false (default)
2024-10-16 23:57:31,932 INFO  segmented.SegmentedRaftLogWorker (SegmentedRaftLogWorker.java:lambda$new$0(139)) - s10@group-676CD6864C30-SegmentedRaftLogWorker: flushIndex: setUnconditionally 0 -> -1
2024-10-16 23:57:31,932 INFO  segmented.SegmentedRaftLogWorker (SegmentedRaftLogWorker.java:lambda$new$0(139)) - s10@group-676CD6864C30-SegmentedRaftLogWorker: safeCacheEvictIndex: setUnconditionally 0 -> -1
2024-10-16 23:57:31,932 INFO  server.RaftServer$Division (RaftServerImpl.java:start(399)) - s10@group-676CD6864C30: start with initializing state, conf=conf: {index: -1, cur=peers:[]|listeners:[], old=null}
2024-10-16 23:57:31,932 INFO  server.RaftServer$Division (RaftServerImpl.java:setRole(380)) - s10@group-676CD6864C30: changes role from      null to FOLLOWER at term 0 for start
2024-10-16 23:57:31,932 INFO  util.JmxRegister (JmxRegister.java:tryRegister(44)) - Successfully registered JMX Bean with object name Ratis:service=RaftServer,group=group-676CD6864C30,id=s10
2024-10-16 23:57:31,932 INFO  util.JmxRegister (JmxRegister.java:register(58)) - register mxBean class org.apache.ratis.server.impl.RaftServerJmxAdapter as Ratis:service=RaftServer,group=group-676CD6864C30,id=s10
2024-10-16 23:57:31,932 INFO  server.RaftServerConfigKeys (ConfUtils.java:logGet(46)) - raft.server.snapshot.trigger-when-stop.enabled = true (default)
2024-10-16 23:57:31,933 INFO  server.RaftServerConfigKeys (ConfUtils.java:logGet(46)) - raft.server.snapshot.trigger-when-remove.enabled = true (default)
2024-10-16 23:57:31,933 INFO  server.RaftServerConfigKeys (ConfUtils.java:logGet(46)) - raft.server.snapshot.auto.trigger.enabled = false (default)
2024-10-16 23:57:31,933 INFO  server.RaftServerConfigKeys (ConfUtils.java:logGet(46)) - raft.server.snapshot.retention.file.num = -1 (default)
2024-10-16 23:57:31,933 INFO  server.RaftServerConfigKeys (ConfUtils.java:logGet(46)) - raft.server.log.purge.upto.snapshot.index = false (default)
2024-10-16 23:57:31,933 INFO  server.RaftServer$Division (RaftServerImpl.java:start(407)) - s10@group-676CD6864C30: Successfully started.
2024-10-16 23:57:31,934 INFO  netty.NettyUtils (NettyUtils.java:newEventLoopGroup(74)) - Create EpollEventLoopGroup for client-79D47D50ADBA; Thread size is 0.
2024-10-16 23:57:31,935 INFO  logging.LoggingHandler (AbstractInternalLogger.java:log(148)) - [id: 0x90e4c7eb, L:/0.0.0.0:15015] READ: [id: 0xdd97af7c, L:/127.0.0.1:15015 - R:/127.0.0.1:43578]
2024-10-16 23:57:31,935 INFO  logging.LoggingHandler (AbstractInternalLogger.java:log(148)) - [id: 0x90e4c7eb, L:/0.0.0.0:15015] READ COMPLETE
2024-10-16 23:57:31,936 INFO  server.RaftServer (RaftServerProxy.java:addNew(101)) - s0: addNew group-676CD6864C30:[] returns group-676CD6864C30:java.util.concurrent.CompletableFuture@52f19917[Not completed]
2024-10-16 23:57:31,936 INFO  server.RaftServer$Division (RaftServerImpl.java:<init>(257)) - s0: new RaftServerImpl for group-676CD6864C30:[] with ArithmeticStateMachine:uninitialized
2024-10-16 23:57:31,936 INFO  server.RaftServerConfigKeys (ConfUtils.java:logGet(46)) - raft.server.rpc.timeout.min = 300ms (custom)
2024-10-16 23:57:31,936 INFO  server.RaftServerConfigKeys (ConfUtils.java:logGet(46)) - raft.server.rpc.timeout.max = 600ms (custom)
2024-10-16 23:57:31,936 INFO  server.RaftServerConfigKeys (ConfUtils.java:logGet(46)) - raft.server.rpc.sleep.time = 25ms (default)
2024-10-16 23:57:31,936 INFO  server.RaftServerConfigKeys (ConfUtils.java:logGet(46)) - raft.server.rpc.slowness.timeout = 60s (default)
2024-10-16 23:57:31,936 INFO  server.RaftServerConfigKeys (ConfUtils.java:logGet(46)) - raft.server.leaderelection.leader.step-down.wait-time = 10s (default)
2024-10-16 23:57:31,936 INFO  server.RaftServerConfigKeys (ConfUtils.java:logGet(46)) - raft.server.leaderelection.member.majority-add = false (default)
2024-10-16 23:57:31,936 INFO  server.RaftServerConfigKeys (ConfUtils.java:logGet(46)) - raft.server.sleep.deviation.threshold = 300ms (default)
2024-10-16 23:57:31,936 INFO  server.RaftServer$Division (ServerState.java:<init>(114)) - s0@group-676CD6864C30: ConfigurationManager, init=conf: {index: -1, cur=peers:[]|listeners:[], old=null}, confs=<EMPTY_MAP>
2024-10-16 23:57:31,936 INFO  server.RaftServerConfigKeys (ConfUtils.java:logGet(46)) - raft.server.notification.no-leader.timeout = 60s (default)
2024-10-16 23:57:31,936 INFO  server.RaftServerConfigKeys (ConfUtils.java:logGet(46)) - raft.server.read.timeout = 10s (default)
2024-10-16 23:57:31,936 INFO  server.RaftServerConfigKeys (ConfUtils.java:logGet(46)) - raft.server.retrycache.expirytime = 60s (default)
2024-10-16 23:57:31,936 INFO  server.RaftServerConfigKeys (ConfUtils.java:logGet(46)) - raft.server.retrycache.statistics.expirytime = 100ms (default)
2024-10-16 23:57:31,936 INFO  server.RaftServerConfigKeys (ConfUtils.java:logGet(46)) - raft.server.read.option = DEFAULT (default)
2024-10-16 23:57:31,936 INFO  server.RaftServerConfigKeys (ConfUtils.java:logGet(46)) - raft.server.read.read-after-write-consistent.write-index-cache.expiry-time = 60s (default)
2024-10-16 23:57:31,937 INFO  server.RaftServerConfigKeys (ConfUtils.java:logGet(46)) - raft.server.rpc.request.timeout = 3000ms (default)
2024-10-16 23:57:31,937 INFO  server.RaftServerConfigKeys (ConfUtils.java:logGet(46)) - raft.server.log.appender.install.snapshot.enabled = true (default)
2024-10-16 23:57:31,937 INFO  server.RaftServerConfigKeys (ConfUtils.java:logGet(46)) - raft.server.threadpool.server.cached = true (default)
2024-10-16 23:57:31,937 INFO  server.RaftServerConfigKeys (ConfUtils.java:logGet(46)) - raft.server.threadpool.server.size = 0 (default)
2024-10-16 23:57:31,937 INFO  server.RaftServerConfigKeys (ConfUtils.java:logGet(46)) - raft.server.threadpool.client.cached = true (default)
2024-10-16 23:57:31,937 INFO  server.RaftServerConfigKeys (ConfUtils.java:logGet(46)) - raft.server.threadpool.client.size = 0 (default)
2024-10-16 23:57:31,937 INFO  server.RaftServerConfigKeys (ConfUtils.java:logGet(46)) - raft.server.storage.free-space.min = 0MB (=0) (default)
2024-10-16 23:57:31,937 INFO  server.RaftServerConfigKeys (ConfUtils.java:logGet(46)) - raft.server.log.corruption.policy = EXCEPTION (default)
2024-10-16 23:57:31,937 INFO  server.RaftServerConfigKeys (ConfUtils.java:logGet(46)) - raft.server.storage.dir = [/home/runner/work/ratis/ratis/ratis-examples/target/test/data/6cc99a4c/MiniRaftClusterWithNettyeee6e424/s0] (custom)
2024-10-16 23:57:31,937 INFO  storage.RaftStorageDirectory (RaftStorageDirectoryImpl.java:analyzeStorage(138)) - The storage directory /home/runner/work/ratis/ratis/ratis-examples/target/test/data/6cc99a4c/MiniRaftClusterWithNettyeee6e424/s0/4c4f035b-aa8d-4293-9e7b-676cd6864c30 does not exist. Creating ...
2024-10-16 23:57:31,937 TRACE util.FileUtils (LogUtils.java:runAndLog(49)) - Successfully ran Files.createDirectories /home/runner/work/ratis/ratis/ratis-examples/target/test/data/6cc99a4c/MiniRaftClusterWithNettyeee6e424/s0/4c4f035b-aa8d-4293-9e7b-676cd6864c30
2024-10-16 23:57:31,938 INFO  storage.RaftStorageDirectory (RaftStorageDirectoryImpl.java:tryLock(229)) - Lock on /home/runner/work/ratis/ratis/ratis-examples/target/test/data/6cc99a4c/MiniRaftClusterWithNettyeee6e424/s0/4c4f035b-aa8d-4293-9e7b-676cd6864c30/in_use.lock acquired by nodename 14984@fv-az1433-785
2024-10-16 23:57:31,938 TRACE util.FileUtils (LogUtils.java:runAndLog(49)) - Successfully ran Files.createDirectories /home/runner/work/ratis/ratis/ratis-examples/target/test/data/6cc99a4c/MiniRaftClusterWithNettyeee6e424/s0/4c4f035b-aa8d-4293-9e7b-676cd6864c30/current
2024-10-16 23:57:31,938 TRACE util.FileUtils (LogUtils.java:runAndLog(49)) - Successfully ran Files.createDirectories /home/runner/work/ratis/ratis/ratis-examples/target/test/data/6cc99a4c/MiniRaftClusterWithNettyeee6e424/s0/4c4f035b-aa8d-4293-9e7b-676cd6864c30/sm
2024-10-16 23:57:31,938 TRACE util.FileUtils (LogUtils.java:supplyAndLog(69)) - Successfully supplied FileChannel.open /home/runner/work/ratis/ratis/ratis-examples/target/test/data/6cc99a4c/MiniRaftClusterWithNettyeee6e424/s0/4c4f035b-aa8d-4293-9e7b-676cd6864c30/current/raft-meta.tmp with options [CREATE, WRITE]: sun.nio.ch.FileChannelImpl@5283c7aa
2024-10-16 23:57:31,939 TRACE util.FileUtils (LogUtils.java:runAndLog(49)) - Successfully ran Atomic Files.move /home/runner/work/ratis/ratis/ratis-examples/target/test/data/6cc99a4c/MiniRaftClusterWithNettyeee6e424/s0/4c4f035b-aa8d-4293-9e7b-676cd6864c30/current/raft-meta.tmp to /home/runner/work/ratis/ratis/ratis-examples/target/test/data/6cc99a4c/MiniRaftClusterWithNettyeee6e424/s0/4c4f035b-aa8d-4293-9e7b-676cd6864c30/current/raft-meta with options [REPLACE_EXISTING]
2024-10-16 23:57:31,939 INFO  storage.RaftStorage (RaftStorageImpl.java:format(98)) - Storage directory /home/runner/work/ratis/ratis/ratis-examples/target/test/data/6cc99a4c/MiniRaftClusterWithNettyeee6e424/s0/4c4f035b-aa8d-4293-9e7b-676cd6864c30 has been successfully formatted.
2024-10-16 23:57:31,939 WARN  statemachine.StateMachine (ArithmeticStateMachine.java:loadSnapshot(115)) - The snapshot info is null.
2024-10-16 23:57:31,939 INFO  server.RaftServerConfigKeys (ConfUtils.java:logGet(46)) - raft.server.log.use.memory = false (default)
2024-10-16 23:57:31,939 INFO  server.RaftServerConfigKeys (ConfUtils.java:logGet(46)) - raft.server.log.purge.gap = 1024 (default)
2024-10-16 23:57:31,939 INFO  server.RaftServerConfigKeys (ConfUtils.java:logGet(46)) - raft.server.log.appender.buffer.byte-limit = 4MB (=4194304) (default)
2024-10-16 23:57:31,940 INFO  server.RaftServerConfigKeys (ConfUtils.java:logGet(46)) - raft.server.log.statemachine.data.read.timeout = 1000ms (default)
2024-10-16 23:57:31,940 INFO  server.RaftServerConfigKeys (ConfUtils.java:logGet(46)) - raft.server.log.purge.preservation.log.num = 0 (default)
2024-10-16 23:57:31,940 INFO  server.RaftServerConfigKeys (ConfUtils.java:logGet(46)) - raft.server.log.segment.size.max = 32MB (=33554432) (default)
2024-10-16 23:57:31,940 INFO  server.RaftServerConfigKeys (ConfUtils.java:logGet(46)) - raft.server.log.segment.cache.num.max = 6 (default)
2024-10-16 23:57:31,940 INFO  server.RaftServerConfigKeys (ConfUtils.java:logGet(46)) - raft.server.log.segment.cache.size.max = 200MB (=209715200) (default)
2024-10-16 23:57:31,940 INFO  server.RaftServerConfigKeys (ConfUtils.java:logGet(46)) - raft.server.log.appender.buffer.byte-limit = 4MB (=4194304) (default)
2024-10-16 23:57:31,940 INFO  util.AwaitToRun (AwaitToRun.java:start(81)) - Thread[s0@group-676CD6864C30-cacheEviction-AwaitToRun,5,main] started
2024-10-16 23:57:31,940 INFO  segmented.SegmentedRaftLogWorker (SegmentedRaftLogWorker.java:<init>(188)) - new s0@group-676CD6864C30-SegmentedRaftLogWorker for RaftStorageImpl:Storage Directory /home/runner/work/ratis/ratis/ratis-examples/target/test/data/6cc99a4c/MiniRaftClusterWithNettyeee6e424/s0/4c4f035b-aa8d-4293-9e7b-676cd6864c30
2024-10-16 23:57:31,940 INFO  server.RaftServerConfigKeys (ConfUtils.java:logGet(46)) - raft.server.log.queue.byte-limit = 64MB (=67108864) (default)
2024-10-16 23:57:31,940 INFO  server.RaftServerConfigKeys (ConfUtils.java:logGet(46)) - raft.server.log.queue.element-limit = 4096 (default)
2024-10-16 23:57:31,940 INFO  server.RaftServerConfigKeys (ConfUtils.java:logGet(46)) - raft.server.log.segment.size.max = 32MB (=33554432) (default)
2024-10-16 23:57:31,940 INFO  server.RaftServerConfigKeys (ConfUtils.java:logGet(46)) - raft.server.log.preallocated.size = 4MB (=4194304) (default)
2024-10-16 23:57:31,940 INFO  server.RaftServerConfigKeys (ConfUtils.java:logGet(46)) - raft.server.log.force.sync.num = 128 (default)
2024-10-16 23:57:31,940 INFO  server.RaftServerConfigKeys (ConfUtils.java:logGet(46)) - raft.server.log.statemachine.data.sync = true (default)
2024-10-16 23:57:31,940 INFO  server.RaftServerConfigKeys (ConfUtils.java:logGet(46)) - raft.server.log.statemachine.data.sync.timeout = 10s (default)
2024-10-16 23:57:31,941 INFO  server.RaftServerConfigKeys (ConfUtils.java:logGet(46)) - raft.server.log.statemachine.data.sync.timeout.retry = -1 (default)
2024-10-16 23:57:31,941 INFO  server.RaftServerConfigKeys (ConfUtils.java:logGet(46)) - raft.server.log.write.buffer.size = 8MB (=8388608) (default)
2024-10-16 23:57:31,941 INFO  server.RaftServerConfigKeys (ConfUtils.java:logGet(46)) - raft.server.log.appender.buffer.byte-limit = 4MB (=4194304) (default)
2024-10-16 23:57:31,941 INFO  server.RaftServerConfigKeys (ConfUtils.java:logGet(46)) - raft.server.log.unsafe-flush.enabled = false (default)
2024-10-16 23:57:31,941 INFO  server.RaftServerConfigKeys (ConfUtils.java:logGet(46)) - raft.server.log.async-flush.enabled = false (default)
2024-10-16 23:57:31,941 INFO  server.RaftServerConfigKeys (ConfUtils.java:logGet(46)) - raft.server.log.statemachine.data.caching.enabled = false (default)
2024-10-16 23:57:31,941 INFO  segmented.SegmentedRaftLogWorker (SegmentedRaftLogWorker.java:lambda$new$0(139)) - s0@group-676CD6864C30-SegmentedRaftLogWorker: flushIndex: setUnconditionally 0 -> -1
2024-10-16 23:57:31,941 INFO  segmented.SegmentedRaftLogWorker (SegmentedRaftLogWorker.java:lambda$new$0(139)) - s0@group-676CD6864C30-SegmentedRaftLogWorker: safeCacheEvictIndex: setUnconditionally 0 -> -1
2024-10-16 23:57:31,942 INFO  server.RaftServer$Division (RaftServerImpl.java:start(399)) - s0@group-676CD6864C30: start with initializing state, conf=conf: {index: -1, cur=peers:[]|listeners:[], old=null}
2024-10-16 23:57:31,942 INFO  server.RaftServer$Division (RaftServerImpl.java:setRole(380)) - s0@group-676CD6864C30: changes role from      null to FOLLOWER at term 0 for start
2024-10-16 23:57:31,942 INFO  util.JmxRegister (JmxRegister.java:tryRegister(44)) - Successfully registered JMX Bean with object name Ratis:service=RaftServer,group=group-676CD6864C30,id=s0
2024-10-16 23:57:31,942 INFO  util.JmxRegister (JmxRegister.java:register(58)) - register mxBean class org.apache.ratis.server.impl.RaftServerJmxAdapter as Ratis:service=RaftServer,group=group-676CD6864C30,id=s0
2024-10-16 23:57:31,942 INFO  server.RaftServerConfigKeys (ConfUtils.java:logGet(46)) - raft.server.snapshot.trigger-when-stop.enabled = true (default)
2024-10-16 23:57:31,942 INFO  server.RaftServerConfigKeys (ConfUtils.java:logGet(46)) - raft.server.snapshot.trigger-when-remove.enabled = true (default)
2024-10-16 23:57:31,942 INFO  server.RaftServerConfigKeys (ConfUtils.java:logGet(46)) - raft.server.snapshot.auto.trigger.enabled = false (default)
2024-10-16 23:57:31,942 INFO  server.RaftServerConfigKeys (ConfUtils.java:logGet(46)) - raft.server.snapshot.retention.file.num = -1 (default)
2024-10-16 23:57:31,942 INFO  server.RaftServerConfigKeys (ConfUtils.java:logGet(46)) - raft.server.log.purge.upto.snapshot.index = false (default)
2024-10-16 23:57:31,942 INFO  server.RaftServer$Division (RaftServerImpl.java:start(407)) - s0@group-676CD6864C30: Successfully started.
2024-10-16 23:57:31,943 INFO  netty.NettyUtils (NettyUtils.java:newEventLoopGroup(74)) - Create EpollEventLoopGroup for client-27B73A9EA8F1; Thread size is 0.
2024-10-16 23:57:31,944 INFO  logging.LoggingHandler (AbstractInternalLogger.java:log(148)) - [id: 0xb4b31492, L:/0.0.0.0:15016] READ: [id: 0x850c076e, L:/127.0.0.1:15016 - R:/127.0.0.1:56248]
2024-10-16 23:57:31,944 INFO  logging.LoggingHandler (AbstractInternalLogger.java:log(148)) - [id: 0xb4b31492, L:/0.0.0.0:15016] READ COMPLETE
2024-10-16 23:57:31,945 INFO  server.RaftServer (RaftServerProxy.java:addNew(101)) - s1: addNew group-676CD6864C30:[] returns group-676CD6864C30:java.util.concurrent.CompletableFuture@7a8c2c3b[Not completed]
2024-10-16 23:57:31,945 INFO  server.RaftServer$Division (RaftServerImpl.java:<init>(257)) - s1: new RaftServerImpl for group-676CD6864C30:[] with ArithmeticStateMachine:uninitialized
2024-10-16 23:57:31,945 INFO  server.RaftServerConfigKeys (ConfUtils.java:logGet(46)) - raft.server.rpc.timeout.min = 300ms (custom)
2024-10-16 23:57:31,945 INFO  server.RaftServerConfigKeys (ConfUtils.java:logGet(46)) - raft.server.rpc.timeout.max = 600ms (custom)
2024-10-16 23:57:31,945 INFO  server.RaftServerConfigKeys (ConfUtils.java:logGet(46)) - raft.server.rpc.sleep.time = 25ms (default)
2024-10-16 23:57:31,945 INFO  server.RaftServerConfigKeys (ConfUtils.java:logGet(46)) - raft.server.rpc.slowness.timeout = 60s (default)
2024-10-16 23:57:31,945 INFO  server.RaftServerConfigKeys (ConfUtils.java:logGet(46)) - raft.server.leaderelection.leader.step-down.wait-time = 10s (default)
2024-10-16 23:57:31,945 INFO  server.RaftServerConfigKeys (ConfUtils.java:logGet(46)) - raft.server.leaderelection.member.majority-add = false (default)
2024-10-16 23:57:31,945 INFO  server.RaftServerConfigKeys (ConfUtils.java:logGet(46)) - raft.server.sleep.deviation.threshold = 300ms (default)
2024-10-16 23:57:31,945 INFO  server.RaftServer$Division (ServerState.java:<init>(114)) - s1@group-676CD6864C30: ConfigurationManager, init=conf: {index: -1, cur=peers:[]|listeners:[], old=null}, confs=<EMPTY_MAP>
2024-10-16 23:57:31,945 INFO  server.RaftServerConfigKeys (ConfUtils.java:logGet(46)) - raft.server.notification.no-leader.timeout = 60s (default)
2024-10-16 23:57:31,945 INFO  server.RaftServerConfigKeys (ConfUtils.java:logGet(46)) - raft.server.read.timeout = 10s (default)
2024-10-16 23:57:31,945 INFO  server.RaftServerConfigKeys (ConfUtils.java:logGet(46)) - raft.server.retrycache.expirytime = 60s (default)
2024-10-16 23:57:31,945 INFO  server.RaftServerConfigKeys (ConfUtils.java:logGet(46)) - raft.server.retrycache.statistics.expirytime = 100ms (default)
2024-10-16 23:57:31,946 INFO  server.RaftServerConfigKeys (ConfUtils.java:logGet(46)) - raft.server.read.option = DEFAULT (default)
2024-10-16 23:57:31,946 INFO  server.RaftServerConfigKeys (ConfUtils.java:logGet(46)) - raft.server.read.read-after-write-consistent.write-index-cache.expiry-time = 60s (default)
2024-10-16 23:57:31,946 INFO  server.RaftServerConfigKeys (ConfUtils.java:logGet(46)) - raft.server.rpc.request.timeout = 3000ms (default)
2024-10-16 23:57:31,946 INFO  server.RaftServerConfigKeys (ConfUtils.java:logGet(46)) - raft.server.log.appender.install.snapshot.enabled = true (default)
2024-10-16 23:57:31,946 INFO  server.RaftServerConfigKeys (ConfUtils.java:logGet(46)) - raft.server.threadpool.server.cached = true (default)
2024-10-16 23:57:31,946 INFO  server.RaftServerConfigKeys (ConfUtils.java:logGet(46)) - raft.server.threadpool.server.size = 0 (default)
2024-10-16 23:57:31,946 INFO  server.RaftServerConfigKeys (ConfUtils.java:logGet(46)) - raft.server.threadpool.client.cached = true (default)
2024-10-16 23:57:31,946 INFO  server.RaftServerConfigKeys (ConfUtils.java:logGet(46)) - raft.server.threadpool.client.size = 0 (default)
2024-10-16 23:57:31,946 INFO  server.RaftServerConfigKeys (ConfUtils.java:logGet(46)) - raft.server.storage.free-space.min = 0MB (=0) (default)
2024-10-16 23:57:31,946 INFO  server.RaftServerConfigKeys (ConfUtils.java:logGet(46)) - raft.server.log.corruption.policy = EXCEPTION (default)
2024-10-16 23:57:31,946 INFO  server.RaftServerConfigKeys (ConfUtils.java:logGet(46)) - raft.server.storage.dir = [/home/runner/work/ratis/ratis/ratis-examples/target/test/data/6cc99a4c/MiniRaftClusterWithNettyeee6e424/s1] (custom)
2024-10-16 23:57:31,946 INFO  storage.RaftStorageDirectory (RaftStorageDirectoryImpl.java:analyzeStorage(138)) - The storage directory /home/runner/work/ratis/ratis/ratis-examples/target/test/data/6cc99a4c/MiniRaftClusterWithNettyeee6e424/s1/4c4f035b-aa8d-4293-9e7b-676cd6864c30 does not exist. Creating ...
2024-10-16 23:57:31,947 TRACE util.FileUtils (LogUtils.java:runAndLog(49)) - Successfully ran Files.createDirectories /home/runner/work/ratis/ratis/ratis-examples/target/test/data/6cc99a4c/MiniRaftClusterWithNettyeee6e424/s1/4c4f035b-aa8d-4293-9e7b-676cd6864c30
2024-10-16 23:57:31,949 INFO  storage.RaftStorageDirectory (RaftStorageDirectoryImpl.java:tryLock(229)) - Lock on /home/runner/work/ratis/ratis/ratis-examples/target/test/data/6cc99a4c/MiniRaftClusterWithNettyeee6e424/s1/4c4f035b-aa8d-4293-9e7b-676cd6864c30/in_use.lock acquired by nodename 14984@fv-az1433-785
2024-10-16 23:57:31,949 TRACE util.FileUtils (LogUtils.java:runAndLog(49)) - Successfully ran Files.createDirectories /home/runner/work/ratis/ratis/ratis-examples/target/test/data/6cc99a4c/MiniRaftClusterWithNettyeee6e424/s1/4c4f035b-aa8d-4293-9e7b-676cd6864c30/current
2024-10-16 23:57:31,949 TRACE util.FileUtils (LogUtils.java:runAndLog(49)) - Successfully ran Files.createDirectories /home/runner/work/ratis/ratis/ratis-examples/target/test/data/6cc99a4c/MiniRaftClusterWithNettyeee6e424/s1/4c4f035b-aa8d-4293-9e7b-676cd6864c30/sm
2024-10-16 23:57:31,949 TRACE util.FileUtils (LogUtils.java:supplyAndLog(69)) - Successfully supplied FileChannel.open /home/runner/work/ratis/ratis/ratis-examples/target/test/data/6cc99a4c/MiniRaftClusterWithNettyeee6e424/s1/4c4f035b-aa8d-4293-9e7b-676cd6864c30/current/raft-meta.tmp with options [CREATE, WRITE]: sun.nio.ch.FileChannelImpl@772eed85
2024-10-16 23:57:31,954 TRACE util.FileUtils (LogUtils.java:runAndLog(49)) - Successfully ran Atomic Files.move /home/runner/work/ratis/ratis/ratis-examples/target/test/data/6cc99a4c/MiniRaftClusterWithNettyeee6e424/s1/4c4f035b-aa8d-4293-9e7b-676cd6864c30/current/raft-meta.tmp to /home/runner/work/ratis/ratis/ratis-examples/target/test/data/6cc99a4c/MiniRaftClusterWithNettyeee6e424/s1/4c4f035b-aa8d-4293-9e7b-676cd6864c30/current/raft-meta with options [REPLACE_EXISTING]
2024-10-16 23:57:31,954 INFO  storage.RaftStorage (RaftStorageImpl.java:format(98)) - Storage directory /home/runner/work/ratis/ratis/ratis-examples/target/test/data/6cc99a4c/MiniRaftClusterWithNettyeee6e424/s1/4c4f035b-aa8d-4293-9e7b-676cd6864c30 has been successfully formatted.
2024-10-16 23:57:31,954 WARN  statemachine.StateMachine (ArithmeticStateMachine.java:loadSnapshot(115)) - The snapshot info is null.
2024-10-16 23:57:31,955 INFO  server.RaftServerConfigKeys (ConfUtils.java:logGet(46)) - raft.server.log.use.memory = false (default)
2024-10-16 23:57:31,955 INFO  server.RaftServerConfigKeys (ConfUtils.java:logGet(46)) - raft.server.log.purge.gap = 1024 (default)
2024-10-16 23:57:31,955 INFO  server.RaftServerConfigKeys (ConfUtils.java:logGet(46)) - raft.server.log.appender.buffer.byte-limit = 4MB (=4194304) (default)
2024-10-16 23:57:31,955 INFO  server.RaftServerConfigKeys (ConfUtils.java:logGet(46)) - raft.server.log.statemachine.data.read.timeout = 1000ms (default)
2024-10-16 23:57:31,955 INFO  server.RaftServerConfigKeys (ConfUtils.java:logGet(46)) - raft.server.log.purge.preservation.log.num = 0 (default)
2024-10-16 23:57:31,955 INFO  server.RaftServerConfigKeys (ConfUtils.java:logGet(46)) - raft.server.log.segment.size.max = 32MB (=33554432) (default)
2024-10-16 23:57:31,955 INFO  server.RaftServerConfigKeys (ConfUtils.java:logGet(46)) - raft.server.log.segment.cache.num.max = 6 (default)
2024-10-16 23:57:31,955 INFO  server.RaftServerConfigKeys (ConfUtils.java:logGet(46)) - raft.server.log.segment.cache.size.max = 200MB (=209715200) (default)
2024-10-16 23:57:31,955 INFO  server.RaftServerConfigKeys (ConfUtils.java:logGet(46)) - raft.server.log.appender.buffer.byte-limit = 4MB (=4194304) (default)
2024-10-16 23:57:31,955 INFO  util.AwaitToRun (AwaitToRun.java:start(81)) - Thread[s1@group-676CD6864C30-cacheEviction-AwaitToRun,5,main] started
2024-10-16 23:57:31,955 INFO  segmented.SegmentedRaftLogWorker (SegmentedRaftLogWorker.java:<init>(188)) - new s1@group-676CD6864C30-SegmentedRaftLogWorker for RaftStorageImpl:Storage Directory /home/runner/work/ratis/ratis/ratis-examples/target/test/data/6cc99a4c/MiniRaftClusterWithNettyeee6e424/s1/4c4f035b-aa8d-4293-9e7b-676cd6864c30
2024-10-16 23:57:31,955 INFO  server.RaftServerConfigKeys (ConfUtils.java:logGet(46)) - raft.server.log.queue.byte-limit = 64MB (=67108864) (default)
2024-10-16 23:57:31,955 INFO  server.RaftServerConfigKeys (ConfUtils.java:logGet(46)) - raft.server.log.queue.element-limit = 4096 (default)
2024-10-16 23:57:31,955 INFO  server.RaftServerConfigKeys (ConfUtils.java:logGet(46)) - raft.server.log.segment.size.max = 32MB (=33554432) (default)
2024-10-16 23:57:31,955 INFO  server.RaftServerConfigKeys (ConfUtils.java:logGet(46)) - raft.server.log.preallocated.size = 4MB (=4194304) (default)
2024-10-16 23:57:31,956 INFO  server.RaftServerConfigKeys (ConfUtils.java:logGet(46)) - raft.server.log.force.sync.num = 128 (default)
2024-10-16 23:57:31,956 INFO  server.RaftServerConfigKeys (ConfUtils.java:logGet(46)) - raft.server.log.statemachine.data.sync = true (default)
2024-10-16 23:57:31,956 INFO  server.RaftServerConfigKeys (ConfUtils.java:logGet(46)) - raft.server.log.statemachine.data.sync.timeout = 10s (default)
2024-10-16 23:57:31,956 INFO  server.RaftServerConfigKeys (ConfUtils.java:logGet(46)) - raft.server.log.statemachine.data.sync.timeout.retry = -1 (default)
2024-10-16 23:57:31,956 INFO  server.RaftServerConfigKeys (ConfUtils.java:logGet(46)) - raft.server.log.write.buffer.size = 8MB (=8388608) (default)
2024-10-16 23:57:31,956 INFO  server.RaftServerConfigKeys (ConfUtils.java:logGet(46)) - raft.server.log.appender.buffer.byte-limit = 4MB (=4194304) (default)
2024-10-16 23:57:31,956 INFO  server.RaftServerConfigKeys (ConfUtils.java:logGet(46)) - raft.server.log.unsafe-flush.enabled = false (default)
2024-10-16 23:57:31,956 INFO  server.RaftServerConfigKeys (ConfUtils.java:logGet(46)) - raft.server.log.async-flush.enabled = false (default)
2024-10-16 23:57:31,956 INFO  server.RaftServerConfigKeys (ConfUtils.java:logGet(46)) - raft.server.log.statemachine.data.caching.enabled = false (default)
2024-10-16 23:57:31,956 INFO  segmented.SegmentedRaftLogWorker (SegmentedRaftLogWorker.java:lambda$new$0(139)) - s1@group-676CD6864C30-SegmentedRaftLogWorker: flushIndex: setUnconditionally 0 -> -1
2024-10-16 23:57:31,957 INFO  segmented.SegmentedRaftLogWorker (SegmentedRaftLogWorker.java:lambda$new$0(139)) - s1@group-676CD6864C30-SegmentedRaftLogWorker: safeCacheEvictIndex: setUnconditionally 0 -> -1
2024-10-16 23:57:31,957 INFO  server.RaftServer$Division (RaftServerImpl.java:start(399)) - s1@group-676CD6864C30: start with initializing state, conf=conf: {index: -1, cur=peers:[]|listeners:[], old=null}
2024-10-16 23:57:31,957 INFO  server.RaftServer$Division (RaftServerImpl.java:setRole(380)) - s1@group-676CD6864C30: changes role from      null to FOLLOWER at term 0 for start
2024-10-16 23:57:31,957 INFO  util.JmxRegister (JmxRegister.java:tryRegister(44)) - Successfully registered JMX Bean with object name Ratis:service=RaftServer,group=group-676CD6864C30,id=s1
2024-10-16 23:57:31,957 INFO  util.JmxRegister (JmxRegister.java:register(58)) - register mxBean class org.apache.ratis.server.impl.RaftServerJmxAdapter as Ratis:service=RaftServer,group=group-676CD6864C30,id=s1
2024-10-16 23:57:31,957 INFO  server.RaftServerConfigKeys (ConfUtils.java:logGet(46)) - raft.server.snapshot.trigger-when-stop.enabled = true (default)
2024-10-16 23:57:31,957 INFO  server.RaftServerConfigKeys (ConfUtils.java:logGet(46)) - raft.server.snapshot.trigger-when-remove.enabled = true (default)
2024-10-16 23:57:31,957 INFO  server.RaftServerConfigKeys (ConfUtils.java:logGet(46)) - raft.server.snapshot.auto.trigger.enabled = false (default)
2024-10-16 23:57:31,957 INFO  server.RaftServerConfigKeys (ConfUtils.java:logGet(46)) - raft.server.snapshot.retention.file.num = -1 (default)
2024-10-16 23:57:31,957 INFO  server.RaftServerConfigKeys (ConfUtils.java:logGet(46)) - raft.server.log.purge.upto.snapshot.index = false (default)
2024-10-16 23:57:31,957 INFO  server.RaftServer$Division (RaftServerImpl.java:start(407)) - s1@group-676CD6864C30: Successfully started.
2024-10-16 23:57:31,958 INFO  impl.GroupManagementBaseTest (GroupManagementBaseTest.java:runMultiGroupTest(322)) - 1) groupAdd: printing group-C02387408FFC
2024-10-16 23:57:31,959 INFO  netty.NettyUtils (NettyUtils.java:newEventLoopGroup(74)) - Create EpollEventLoopGroup for client-A9E5DF0E2347; Thread size is 0.
2024-10-16 23:57:31,960 INFO  logging.LoggingHandler (AbstractInternalLogger.java:log(148)) - [id: 0xf469844a, L:/0.0.0.0:15026] READ: [id: 0xa3e8de14, L:/127.0.0.1:15026 - R:/127.0.0.1:45810]
2024-10-16 23:57:31,960 INFO  logging.LoggingHandler (AbstractInternalLogger.java:log(148)) - [id: 0xf469844a, L:/0.0.0.0:15026] READ COMPLETE
2024-10-16 23:57:31,960 INFO  server.RaftServer (RaftServerProxy.java:addNew(101)) - s11: addNew group-676CD6864C30:[] returns group-676CD6864C30:java.util.concurrent.CompletableFuture@3cc0600f[Not completed]
2024-10-16 23:57:31,960 INFO  server.RaftServer$Division (RaftServerImpl.java:<init>(257)) - s11: new RaftServerImpl for group-676CD6864C30:[] with ArithmeticStateMachine:uninitialized
2024-10-16 23:57:31,960 INFO  server.RaftServerConfigKeys (ConfUtils.java:logGet(46)) - raft.server.rpc.timeout.min = 300ms (custom)
2024-10-16 23:57:31,960 INFO  server.RaftServerConfigKeys (ConfUtils.java:logGet(46)) - raft.server.rpc.timeout.max = 600ms (custom)
2024-10-16 23:57:31,960 INFO  server.RaftServerConfigKeys (ConfUtils.java:logGet(46)) - raft.server.rpc.sleep.time = 25ms (default)
2024-10-16 23:57:31,961 INFO  server.RaftServerConfigKeys (ConfUtils.java:logGet(46)) - raft.server.rpc.slowness.timeout = 60s (default)
2024-10-16 23:57:31,961 INFO  server.RaftServerConfigKeys (ConfUtils.java:logGet(46)) - raft.server.leaderelection.leader.step-down.wait-time = 10s (default)
2024-10-16 23:57:31,961 INFO  server.RaftServerConfigKeys (ConfUtils.java:logGet(46)) - raft.server.leaderelection.member.majority-add = false (default)
2024-10-16 23:57:31,961 INFO  server.RaftServerConfigKeys (ConfUtils.java:logGet(46)) - raft.server.sleep.deviation.threshold = 300ms (default)
2024-10-16 23:57:31,961 INFO  server.RaftServer$Division (ServerState.java:<init>(114)) - s11@group-676CD6864C30: ConfigurationManager, init=conf: {index: -1, cur=peers:[]|listeners:[], old=null}, confs=<EMPTY_MAP>
2024-10-16 23:57:31,961 INFO  server.RaftServerConfigKeys (ConfUtils.java:logGet(46)) - raft.server.notification.no-leader.timeout = 60s (default)
2024-10-16 23:57:31,961 INFO  server.RaftServerConfigKeys (ConfUtils.java:logGet(46)) - raft.server.read.timeout = 10s (default)
2024-10-16 23:57:31,961 INFO  server.RaftServerConfigKeys (ConfUtils.java:logGet(46)) - raft.server.retrycache.expirytime = 60s (default)
2024-10-16 23:57:31,961 INFO  server.RaftServerConfigKeys (ConfUtils.java:logGet(46)) - raft.server.retrycache.statistics.expirytime = 100ms (default)
2024-10-16 23:57:31,961 INFO  server.RaftServerConfigKeys (ConfUtils.java:logGet(46)) - raft.server.read.option = DEFAULT (default)
2024-10-16 23:57:31,961 INFO  server.RaftServerConfigKeys (ConfUtils.java:logGet(46)) - raft.server.read.read-after-write-consistent.write-index-cache.expiry-time = 60s (default)
2024-10-16 23:57:31,961 INFO  server.RaftServerConfigKeys (ConfUtils.java:logGet(46)) - raft.server.rpc.request.timeout = 3000ms (default)
2024-10-16 23:57:31,962 INFO  server.RaftServerConfigKeys (ConfUtils.java:logGet(46)) - raft.server.log.appender.install.snapshot.enabled = true (default)
2024-10-16 23:57:31,962 INFO  server.RaftServerConfigKeys (ConfUtils.java:logGet(46)) - raft.server.threadpool.server.cached = true (default)
2024-10-16 23:57:31,962 INFO  server.RaftServerConfigKeys (ConfUtils.java:logGet(46)) - raft.server.threadpool.server.size = 0 (default)
2024-10-16 23:57:31,962 INFO  server.RaftServerConfigKeys (ConfUtils.java:logGet(46)) - raft.server.threadpool.client.cached = true (default)
2024-10-16 23:57:31,962 INFO  server.RaftServerConfigKeys (ConfUtils.java:logGet(46)) - raft.server.threadpool.client.size = 0 (default)
2024-10-16 23:57:31,962 INFO  server.RaftServerConfigKeys (ConfUtils.java:logGet(46)) - raft.server.storage.free-space.min = 0MB (=0) (default)
2024-10-16 23:57:31,962 INFO  server.RaftServerConfigKeys (ConfUtils.java:logGet(46)) - raft.server.log.corruption.policy = EXCEPTION (default)
2024-10-16 23:57:31,962 INFO  server.RaftServerConfigKeys (ConfUtils.java:logGet(46)) - raft.server.storage.dir = [/home/runner/work/ratis/ratis/ratis-examples/target/test/data/6cc99a4c/MiniRaftClusterWithNettyeee6e424/s11] (custom)
2024-10-16 23:57:31,962 INFO  storage.RaftStorageDirectory (RaftStorageDirectoryImpl.java:analyzeStorage(138)) - The storage directory /home/runner/work/ratis/ratis/ratis-examples/target/test/data/6cc99a4c/MiniRaftClusterWithNettyeee6e424/s11/4c4f035b-aa8d-4293-9e7b-676cd6864c30 does not exist. Creating ...
2024-10-16 23:57:31,962 TRACE util.FileUtils (LogUtils.java:runAndLog(49)) - Successfully ran Files.createDirectories /home/runner/work/ratis/ratis/ratis-examples/target/test/data/6cc99a4c/MiniRaftClusterWithNettyeee6e424/s11/4c4f035b-aa8d-4293-9e7b-676cd6864c30
2024-10-16 23:57:31,963 INFO  storage.RaftStorageDirectory (RaftStorageDirectoryImpl.java:tryLock(229)) - Lock on /home/runner/work/ratis/ratis/ratis-examples/target/test/data/6cc99a4c/MiniRaftClusterWithNettyeee6e424/s11/4c4f035b-aa8d-4293-9e7b-676cd6864c30/in_use.lock acquired by nodename 14984@fv-az1433-785
2024-10-16 23:57:31,963 TRACE util.FileUtils (LogUtils.java:runAndLog(49)) - Successfully ran Files.createDirectories /home/runner/work/ratis/ratis/ratis-examples/target/test/data/6cc99a4c/MiniRaftClusterWithNettyeee6e424/s11/4c4f035b-aa8d-4293-9e7b-676cd6864c30/current
2024-10-16 23:57:31,963 TRACE util.FileUtils (LogUtils.java:runAndLog(49)) - Successfully ran Files.createDirectories /home/runner/work/ratis/ratis/ratis-examples/target/test/data/6cc99a4c/MiniRaftClusterWithNettyeee6e424/s11/4c4f035b-aa8d-4293-9e7b-676cd6864c30/sm
2024-10-16 23:57:31,964 TRACE util.FileUtils (LogUtils.java:supplyAndLog(69)) - Successfully supplied FileChannel.open /home/runner/work/ratis/ratis/ratis-examples/target/test/data/6cc99a4c/MiniRaftClusterWithNettyeee6e424/s11/4c4f035b-aa8d-4293-9e7b-676cd6864c30/current/raft-meta.tmp with options [CREATE, WRITE]: sun.nio.ch.FileChannelImpl@68c3437a
2024-10-16 23:57:31,964 TRACE util.FileUtils (LogUtils.java:runAndLog(49)) - Successfully ran Atomic Files.move /home/runner/work/ratis/ratis/ratis-examples/target/test/data/6cc99a4c/MiniRaftClusterWithNettyeee6e424/s11/4c4f035b-aa8d-4293-9e7b-676cd6864c30/current/raft-meta.tmp to /home/runner/work/ratis/ratis/ratis-examples/target/test/data/6cc99a4c/MiniRaftClusterWithNettyeee6e424/s11/4c4f035b-aa8d-4293-9e7b-676cd6864c30/current/raft-meta with options [REPLACE_EXISTING]
2024-10-16 23:57:31,964 INFO  storage.RaftStorage (RaftStorageImpl.java:format(98)) - Storage directory /home/runner/work/ratis/ratis/ratis-examples/target/test/data/6cc99a4c/MiniRaftClusterWithNettyeee6e424/s11/4c4f035b-aa8d-4293-9e7b-676cd6864c30 has been successfully formatted.
2024-10-16 23:57:31,965 WARN  statemachine.StateMachine (ArithmeticStateMachine.java:loadSnapshot(115)) - The snapshot info is null.
2024-10-16 23:57:31,965 INFO  server.RaftServerConfigKeys (ConfUtils.java:logGet(46)) - raft.server.log.use.memory = false (default)
2024-10-16 23:57:31,965 INFO  server.RaftServerConfigKeys (ConfUtils.java:logGet(46)) - raft.server.log.purge.gap = 1024 (default)
2024-10-16 23:57:31,965 INFO  server.RaftServerConfigKeys (ConfUtils.java:logGet(46)) - raft.server.log.appender.buffer.byte-limit = 4MB (=4194304) (default)
2024-10-16 23:57:31,965 INFO  server.RaftServerConfigKeys (ConfUtils.java:logGet(46)) - raft.server.log.statemachine.data.read.timeout = 1000ms (default)
2024-10-16 23:57:31,965 INFO  server.RaftServerConfigKeys (ConfUtils.java:logGet(46)) - raft.server.log.purge.preservation.log.num = 0 (default)
2024-10-16 23:57:31,965 INFO  server.RaftServerConfigKeys (ConfUtils.java:logGet(46)) - raft.server.log.segment.size.max = 32MB (=33554432) (default)
2024-10-16 23:57:31,965 INFO  server.RaftServerConfigKeys (ConfUtils.java:logGet(46)) - raft.server.log.segment.cache.num.max = 6 (default)
2024-10-16 23:57:31,965 INFO  server.RaftServerConfigKeys (ConfUtils.java:logGet(46)) - raft.server.log.segment.cache.size.max = 200MB (=209715200) (default)
2024-10-16 23:57:31,965 INFO  server.RaftServerConfigKeys (ConfUtils.java:logGet(46)) - raft.server.log.appender.buffer.byte-limit = 4MB (=4194304) (default)
2024-10-16 23:57:31,965 INFO  util.AwaitToRun (AwaitToRun.java:start(81)) - Thread[s11@group-676CD6864C30-cacheEviction-AwaitToRun,5,main] started
2024-10-16 23:57:31,965 INFO  segmented.SegmentedRaftLogWorker (SegmentedRaftLogWorker.java:<init>(188)) - new s11@group-676CD6864C30-SegmentedRaftLogWorker for RaftStorageImpl:Storage Directory /home/runner/work/ratis/ratis/ratis-examples/target/test/data/6cc99a4c/MiniRaftClusterWithNettyeee6e424/s11/4c4f035b-aa8d-4293-9e7b-676cd6864c30
2024-10-16 23:57:31,965 INFO  server.RaftServerConfigKeys (ConfUtils.java:logGet(46)) - raft.server.log.queue.byte-limit = 64MB (=67108864) (default)
2024-10-16 23:57:31,965 INFO  server.RaftServerConfigKeys (ConfUtils.java:logGet(46)) - raft.server.log.queue.element-limit = 4096 (default)
2024-10-16 23:57:31,965 INFO  server.RaftServerConfigKeys (ConfUtils.java:logGet(46)) - raft.server.log.segment.size.max = 32MB (=33554432) (default)
2024-10-16 23:57:31,965 INFO  server.RaftServerConfigKeys (ConfUtils.java:logGet(46)) - raft.server.log.preallocated.size = 4MB (=4194304) (default)
2024-10-16 23:57:31,965 INFO  server.RaftServerConfigKeys (ConfUtils.java:logGet(46)) - raft.server.log.force.sync.num = 128 (default)
2024-10-16 23:57:31,965 INFO  server.RaftServerConfigKeys (ConfUtils.java:logGet(46)) - raft.server.log.statemachine.data.sync = true (default)
2024-10-16 23:57:31,965 INFO  server.RaftServerConfigKeys (ConfUtils.java:logGet(46)) - raft.server.log.statemachine.data.sync.timeout = 10s (default)
2024-10-16 23:57:31,965 INFO  server.RaftServerConfigKeys (ConfUtils.java:logGet(46)) - raft.server.log.statemachine.data.sync.timeout.retry = -1 (default)
2024-10-16 23:57:31,966 INFO  server.RaftServerConfigKeys (ConfUtils.java:logGet(46)) - raft.server.log.write.buffer.size = 8MB (=8388608) (default)
2024-10-16 23:57:31,966 INFO  server.RaftServerConfigKeys (ConfUtils.java:logGet(46)) - raft.server.log.appender.buffer.byte-limit = 4MB (=4194304) (default)
2024-10-16 23:57:31,966 INFO  server.RaftServerConfigKeys (ConfUtils.java:logGet(46)) - raft.server.log.unsafe-flush.enabled = false (default)
2024-10-16 23:57:31,966 INFO  server.RaftServerConfigKeys (ConfUtils.java:logGet(46)) - raft.server.log.async-flush.enabled = false (default)
2024-10-16 23:57:31,966 INFO  server.RaftServerConfigKeys (ConfUtils.java:logGet(46)) - raft.server.log.statemachine.data.caching.enabled = false (default)
2024-10-16 23:57:31,966 INFO  segmented.SegmentedRaftLogWorker (SegmentedRaftLogWorker.java:lambda$new$0(139)) - s11@group-676CD6864C30-SegmentedRaftLogWorker: flushIndex: setUnconditionally 0 -> -1
2024-10-16 23:57:31,966 INFO  segmented.SegmentedRaftLogWorker (SegmentedRaftLogWorker.java:lambda$new$0(139)) - s11@group-676CD6864C30-SegmentedRaftLogWorker: safeCacheEvictIndex: setUnconditionally 0 -> -1
2024-10-16 23:57:31,966 INFO  server.RaftServer$Division (RaftServerImpl.java:start(399)) - s11@group-676CD6864C30: start with initializing state, conf=conf: {index: -1, cur=peers:[]|listeners:[], old=null}
2024-10-16 23:57:31,966 INFO  server.RaftServer$Division (RaftServerImpl.java:setRole(380)) - s11@group-676CD6864C30: changes role from      null to FOLLOWER at term 0 for start
2024-10-16 23:57:31,966 INFO  util.JmxRegister (JmxRegister.java:tryRegister(44)) - Successfully registered JMX Bean with object name Ratis:service=RaftServer,group=group-676CD6864C30,id=s11
2024-10-16 23:57:31,966 INFO  util.JmxRegister (JmxRegister.java:register(58)) - register mxBean class org.apache.ratis.server.impl.RaftServerJmxAdapter as Ratis:service=RaftServer,group=group-676CD6864C30,id=s11
2024-10-16 23:57:31,967 INFO  server.RaftServerConfigKeys (ConfUtils.java:logGet(46)) - raft.server.snapshot.trigger-when-stop.enabled = true (default)
2024-10-16 23:57:31,967 INFO  server.RaftServerConfigKeys (ConfUtils.java:logGet(46)) - raft.server.snapshot.trigger-when-remove.enabled = true (default)
2024-10-16 23:57:31,967 INFO  server.RaftServerConfigKeys (ConfUtils.java:logGet(46)) - raft.server.snapshot.auto.trigger.enabled = false (default)
2024-10-16 23:57:31,967 INFO  server.RaftServerConfigKeys (ConfUtils.java:logGet(46)) - raft.server.snapshot.retention.file.num = -1 (default)
2024-10-16 23:57:31,967 INFO  server.RaftServerConfigKeys (ConfUtils.java:logGet(46)) - raft.server.log.purge.upto.snapshot.index = false (default)
2024-10-16 23:57:31,967 INFO  server.RaftServer$Division (RaftServerImpl.java:start(407)) - s11@group-676CD6864C30: Successfully started.
2024-10-16 23:57:31,968 INFO  netty.NettyUtils (NettyUtils.java:newEventLoopGroup(74)) - Create EpollEventLoopGroup for client-509157CF61FE; Thread size is 0.
2024-10-16 23:57:31,970 INFO  logging.LoggingHandler (AbstractInternalLogger.java:log(148)) - [id: 0x03473379, L:/0.0.0.0:15028] READ: [id: 0x490906af, L:/127.0.0.1:15028 - R:/127.0.0.1:53758]
2024-10-16 23:57:31,970 INFO  logging.LoggingHandler (AbstractInternalLogger.java:log(148)) - [id: 0x03473379, L:/0.0.0.0:15028] READ COMPLETE
2024-10-16 23:57:31,971 INFO  server.RaftServer (RaftServerProxy.java:addNew(101)) - s13: addNew group-676CD6864C30:[] returns group-676CD6864C30:java.util.concurrent.CompletableFuture@51054b7a[Not completed]
2024-10-16 23:57:31,971 INFO  server.RaftServer$Division (RaftServerImpl.java:<init>(257)) - s13: new RaftServerImpl for group-676CD6864C30:[] with ArithmeticStateMachine:uninitialized
2024-10-16 23:57:31,971 INFO  server.RaftServerConfigKeys (ConfUtils.java:logGet(46)) - raft.server.rpc.timeout.min = 300ms (custom)
2024-10-16 23:57:31,971 INFO  server.RaftServerConfigKeys (ConfUtils.java:logGet(46)) - raft.server.rpc.timeout.max = 600ms (custom)
2024-10-16 23:57:31,971 INFO  server.RaftServerConfigKeys (ConfUtils.java:logGet(46)) - raft.server.rpc.sleep.time = 25ms (default)
2024-10-16 23:57:31,971 INFO  server.RaftServerConfigKeys (ConfUtils.java:logGet(46)) - raft.server.rpc.slowness.timeout = 60s (default)
2024-10-16 23:57:31,971 INFO  server.RaftServerConfigKeys (ConfUtils.java:logGet(46)) - raft.server.leaderelection.leader.step-down.wait-time = 10s (default)
2024-10-16 23:57:31,971 INFO  server.RaftServerConfigKeys (ConfUtils.java:logGet(46)) - raft.server.leaderelection.member.majority-add = false (default)
2024-10-16 23:57:31,971 INFO  server.RaftServerConfigKeys (ConfUtils.java:logGet(46)) - raft.server.sleep.deviation.threshold = 300ms (default)
2024-10-16 23:57:31,971 INFO  server.RaftServer$Division (ServerState.java:<init>(114)) - s13@group-676CD6864C30: ConfigurationManager, init=conf: {index: -1, cur=peers:[]|listeners:[], old=null}, confs=<EMPTY_MAP>
2024-10-16 23:57:31,971 INFO  server.RaftServerConfigKeys (ConfUtils.java:logGet(46)) - raft.server.notification.no-leader.timeout = 60s (default)
2024-10-16 23:57:31,971 INFO  server.RaftServerConfigKeys (ConfUtils.java:logGet(46)) - raft.server.read.timeout = 10s (default)
2024-10-16 23:57:31,972 INFO  server.RaftServerConfigKeys (ConfUtils.java:logGet(46)) - raft.server.retrycache.expirytime = 60s (default)
2024-10-16 23:57:31,972 INFO  server.RaftServerConfigKeys (ConfUtils.java:logGet(46)) - raft.server.retrycache.statistics.expirytime = 100ms (default)
2024-10-16 23:57:31,972 INFO  server.RaftServerConfigKeys (ConfUtils.java:logGet(46)) - raft.server.read.option = DEFAULT (default)
2024-10-16 23:57:31,972 INFO  server.RaftServerConfigKeys (ConfUtils.java:logGet(46)) - raft.server.read.read-after-write-consistent.write-index-cache.expiry-time = 60s (default)
2024-10-16 23:57:31,972 INFO  server.RaftServerConfigKeys (ConfUtils.java:logGet(46)) - raft.server.rpc.request.timeout = 3000ms (default)
2024-10-16 23:57:31,972 INFO  server.RaftServerConfigKeys (ConfUtils.java:logGet(46)) - raft.server.log.appender.install.snapshot.enabled = true (default)
2024-10-16 23:57:31,972 INFO  server.RaftServerConfigKeys (ConfUtils.java:logGet(46)) - raft.server.threadpool.server.cached = true (default)
2024-10-16 23:57:31,972 INFO  server.RaftServerConfigKeys (ConfUtils.java:logGet(46)) - raft.server.threadpool.server.size = 0 (default)
2024-10-16 23:57:31,972 INFO  server.RaftServerConfigKeys (ConfUtils.java:logGet(46)) - raft.server.threadpool.client.cached = true (default)
2024-10-16 23:57:31,972 INFO  server.RaftServerConfigKeys (ConfUtils.java:logGet(46)) - raft.server.threadpool.client.size = 0 (default)
2024-10-16 23:57:31,972 INFO  server.RaftServerConfigKeys (ConfUtils.java:logGet(46)) - raft.server.storage.free-space.min = 0MB (=0) (default)
2024-10-16 23:57:31,972 INFO  server.RaftServerConfigKeys (ConfUtils.java:logGet(46)) - raft.server.log.corruption.policy = EXCEPTION (default)
2024-10-16 23:57:31,972 INFO  server.RaftServerConfigKeys (ConfUtils.java:logGet(46)) - raft.server.storage.dir = [/home/runner/work/ratis/ratis/ratis-examples/target/test/data/6cc99a4c/MiniRaftClusterWithNettyeee6e424/s13] (custom)
2024-10-16 23:57:31,973 INFO  storage.RaftStorageDirectory (RaftStorageDirectoryImpl.java:analyzeStorage(138)) - The storage directory /home/runner/work/ratis/ratis/ratis-examples/target/test/data/6cc99a4c/MiniRaftClusterWithNettyeee6e424/s13/4c4f035b-aa8d-4293-9e7b-676cd6864c30 does not exist. Creating ...
2024-10-16 23:57:31,973 TRACE util.FileUtils (LogUtils.java:runAndLog(49)) - Successfully ran Files.createDirectories /home/runner/work/ratis/ratis/ratis-examples/target/test/data/6cc99a4c/MiniRaftClusterWithNettyeee6e424/s13/4c4f035b-aa8d-4293-9e7b-676cd6864c30
2024-10-16 23:57:31,973 INFO  storage.RaftStorageDirectory (RaftStorageDirectoryImpl.java:tryLock(229)) - Lock on /home/runner/work/ratis/ratis/ratis-examples/target/test/data/6cc99a4c/MiniRaftClusterWithNettyeee6e424/s13/4c4f035b-aa8d-4293-9e7b-676cd6864c30/in_use.lock acquired by nodename 14984@fv-az1433-785
2024-10-16 23:57:31,973 TRACE util.FileUtils (LogUtils.java:runAndLog(49)) - Successfully ran Files.createDirectories /home/runner/work/ratis/ratis/ratis-examples/target/test/data/6cc99a4c/MiniRaftClusterWithNettyeee6e424/s13/4c4f035b-aa8d-4293-9e7b-676cd6864c30/current
2024-10-16 23:57:31,974 TRACE util.FileUtils (LogUtils.java:runAndLog(49)) - Successfully ran Files.createDirectories /home/runner/work/ratis/ratis/ratis-examples/target/test/data/6cc99a4c/MiniRaftClusterWithNettyeee6e424/s13/4c4f035b-aa8d-4293-9e7b-676cd6864c30/sm
2024-10-16 23:57:31,974 TRACE util.FileUtils (LogUtils.java:supplyAndLog(69)) - Successfully supplied FileChannel.open /home/runner/work/ratis/ratis/ratis-examples/target/test/data/6cc99a4c/MiniRaftClusterWithNettyeee6e424/s13/4c4f035b-aa8d-4293-9e7b-676cd6864c30/current/raft-meta.tmp with options [CREATE, WRITE]: sun.nio.ch.FileChannelImpl@679853c4
2024-10-16 23:57:31,975 TRACE util.FileUtils (LogUtils.java:runAndLog(49)) - Successfully ran Atomic Files.move /home/runner/work/ratis/ratis/ratis-examples/target/test/data/6cc99a4c/MiniRaftClusterWithNettyeee6e424/s13/4c4f035b-aa8d-4293-9e7b-676cd6864c30/current/raft-meta.tmp to /home/runner/work/ratis/ratis/ratis-examples/target/test/data/6cc99a4c/MiniRaftClusterWithNettyeee6e424/s13/4c4f035b-aa8d-4293-9e7b-676cd6864c30/current/raft-meta with options [REPLACE_EXISTING]
2024-10-16 23:57:31,975 INFO  storage.RaftStorage (RaftStorageImpl.java:format(98)) - Storage directory /home/runner/work/ratis/ratis/ratis-examples/target/test/data/6cc99a4c/MiniRaftClusterWithNettyeee6e424/s13/4c4f035b-aa8d-4293-9e7b-676cd6864c30 has been successfully formatted.
2024-10-16 23:57:31,975 WARN  statemachine.StateMachine (ArithmeticStateMachine.java:loadSnapshot(115)) - The snapshot info is null.
2024-10-16 23:57:31,975 INFO  server.RaftServerConfigKeys (ConfUtils.java:logGet(46)) - raft.server.log.use.memory = false (default)
2024-10-16 23:57:31,975 INFO  server.RaftServerConfigKeys (ConfUtils.java:logGet(46)) - raft.server.log.purge.gap = 1024 (default)
2024-10-16 23:57:31,975 INFO  server.RaftServerConfigKeys (ConfUtils.java:logGet(46)) - raft.server.log.appender.buffer.byte-limit = 4MB (=4194304) (default)
2024-10-16 23:57:31,975 INFO  server.RaftServerConfigKeys (ConfUtils.java:logGet(46)) - raft.server.log.statemachine.data.read.timeout = 1000ms (default)
2024-10-16 23:57:31,975 INFO  server.RaftServerConfigKeys (ConfUtils.java:logGet(46)) - raft.server.log.purge.preservation.log.num = 0 (default)
2024-10-16 23:57:31,975 INFO  server.RaftServerConfigKeys (ConfUtils.java:logGet(46)) - raft.server.log.segment.size.max = 32MB (=33554432) (default)
2024-10-16 23:57:31,975 INFO  server.RaftServerConfigKeys (ConfUtils.java:logGet(46)) - raft.server.log.segment.cache.num.max = 6 (default)
2024-10-16 23:57:31,975 INFO  server.RaftServerConfigKeys (ConfUtils.java:logGet(46)) - raft.server.log.segment.cache.size.max = 200MB (=209715200) (default)
2024-10-16 23:57:31,975 INFO  server.RaftServerConfigKeys (ConfUtils.java:logGet(46)) - raft.server.log.appender.buffer.byte-limit = 4MB (=4194304) (default)
2024-10-16 23:57:31,975 INFO  util.AwaitToRun (AwaitToRun.java:start(81)) - Thread[s13@group-676CD6864C30-cacheEviction-AwaitToRun,5,main] started
2024-10-16 23:57:31,976 INFO  segmented.SegmentedRaftLogWorker (SegmentedRaftLogWorker.java:<init>(188)) - new s13@group-676CD6864C30-SegmentedRaftLogWorker for RaftStorageImpl:Storage Directory /home/runner/work/ratis/ratis/ratis-examples/target/test/data/6cc99a4c/MiniRaftClusterWithNettyeee6e424/s13/4c4f035b-aa8d-4293-9e7b-676cd6864c30
2024-10-16 23:57:31,976 INFO  server.RaftServerConfigKeys (ConfUtils.java:logGet(46)) - raft.server.log.queue.byte-limit = 64MB (=67108864) (default)
2024-10-16 23:57:31,976 INFO  server.RaftServerConfigKeys (ConfUtils.java:logGet(46)) - raft.server.log.queue.element-limit = 4096 (default)
2024-10-16 23:57:31,976 INFO  server.RaftServerConfigKeys (ConfUtils.java:logGet(46)) - raft.server.log.segment.size.max = 32MB (=33554432) (default)
2024-10-16 23:57:31,976 INFO  server.RaftServerConfigKeys (ConfUtils.java:logGet(46)) - raft.server.log.preallocated.size = 4MB (=4194304) (default)
2024-10-16 23:57:31,976 INFO  server.RaftServerConfigKeys (ConfUtils.java:logGet(46)) - raft.server.log.force.sync.num = 128 (default)
2024-10-16 23:57:31,976 INFO  server.RaftServerConfigKeys (ConfUtils.java:logGet(46)) - raft.server.log.statemachine.data.sync = true (default)
2024-10-16 23:57:31,976 INFO  server.RaftServerConfigKeys (ConfUtils.java:logGet(46)) - raft.server.log.statemachine.data.sync.timeout = 10s (default)
2024-10-16 23:57:31,976 INFO  server.RaftServerConfigKeys (ConfUtils.java:logGet(46)) - raft.server.log.statemachine.data.sync.timeout.retry = -1 (default)
2024-10-16 23:57:31,976 INFO  server.RaftServerConfigKeys (ConfUtils.java:logGet(46)) - raft.server.log.write.buffer.size = 8MB (=8388608) (default)
2024-10-16 23:57:31,977 INFO  server.RaftServerConfigKeys (ConfUtils.java:logGet(46)) - raft.server.log.appender.buffer.byte-limit = 4MB (=4194304) (default)
2024-10-16 23:57:31,977 INFO  server.RaftServerConfigKeys (ConfUtils.java:logGet(46)) - raft.server.log.unsafe-flush.enabled = false (default)
2024-10-16 23:57:31,977 INFO  server.RaftServerConfigKeys (ConfUtils.java:logGet(46)) - raft.server.log.async-flush.enabled = false (default)
2024-10-16 23:57:31,977 INFO  server.RaftServerConfigKeys (ConfUtils.java:logGet(46)) - raft.server.log.statemachine.data.caching.enabled = false (default)
2024-10-16 23:57:31,977 INFO  segmented.SegmentedRaftLogWorker (SegmentedRaftLogWorker.java:lambda$new$0(139)) - s13@group-676CD6864C30-SegmentedRaftLogWorker: flushIndex: setUnconditionally 0 -> -1
2024-10-16 23:57:31,977 INFO  segmented.SegmentedRaftLogWorker (SegmentedRaftLogWorker.java:lambda$new$0(139)) - s13@group-676CD6864C30-SegmentedRaftLogWorker: safeCacheEvictIndex: setUnconditionally 0 -> -1
2024-10-16 23:57:31,977 INFO  server.RaftServer$Division (RaftServerImpl.java:start(399)) - s13@group-676CD6864C30: start with initializing state, conf=conf: {index: -1, cur=peers:[]|listeners:[], old=null}
2024-10-16 23:57:31,977 INFO  server.RaftServer$Division (RaftServerImpl.java:setRole(380)) - s13@group-676CD6864C30: changes role from      null to FOLLOWER at term 0 for start
2024-10-16 23:57:31,977 INFO  util.JmxRegister (JmxRegister.java:tryRegister(44)) - Successfully registered JMX Bean with object name Ratis:service=RaftServer,group=group-676CD6864C30,id=s13
2024-10-16 23:57:31,977 INFO  util.JmxRegister (JmxRegister.java:register(58)) - register mxBean class org.apache.ratis.server.impl.RaftServerJmxAdapter as Ratis:service=RaftServer,group=group-676CD6864C30,id=s13
2024-10-16 23:57:31,977 INFO  server.RaftServerConfigKeys (ConfUtils.java:logGet(46)) - raft.server.snapshot.trigger-when-stop.enabled = true (default)
2024-10-16 23:57:31,977 INFO  server.RaftServerConfigKeys (ConfUtils.java:logGet(46)) - raft.server.snapshot.trigger-when-remove.enabled = true (default)
2024-10-16 23:57:31,977 INFO  server.RaftServerConfigKeys (ConfUtils.java:logGet(46)) - raft.server.snapshot.auto.trigger.enabled = false (default)
2024-10-16 23:57:31,977 INFO  server.RaftServerConfigKeys (ConfUtils.java:logGet(46)) - raft.server.snapshot.retention.file.num = -1 (default)
2024-10-16 23:57:31,978 INFO  server.RaftServerConfigKeys (ConfUtils.java:logGet(46)) - raft.server.log.purge.upto.snapshot.index = false (default)
2024-10-16 23:57:31,978 INFO  server.RaftServer$Division (RaftServerImpl.java:start(407)) - s13@group-676CD6864C30: Successfully started.
2024-10-16 23:57:31,979 INFO  netty.NettyUtils (NettyUtils.java:newEventLoopGroup(74)) - Create EpollEventLoopGroup for client-365DAC63C98F; Thread size is 0.
2024-10-16 23:57:31,980 INFO  logging.LoggingHandler (AbstractInternalLogger.java:log(148)) - [id: 0xdd8a884e, L:/0.0.0.0:15027] READ: [id: 0xb5fd964e, L:/127.0.0.1:15027 - R:/127.0.0.1:60216]
2024-10-16 23:57:31,980 INFO  logging.LoggingHandler (AbstractInternalLogger.java:log(148)) - [id: 0xdd8a884e, L:/0.0.0.0:15027] READ COMPLETE
2024-10-16 23:57:31,980 INFO  server.RaftServer (RaftServerProxy.java:addNew(101)) - s12: addNew group-676CD6864C30:[] returns group-676CD6864C30:java.util.concurrent.CompletableFuture@315d2342[Not completed]
2024-10-16 23:57:31,980 INFO  server.RaftServer$Division (RaftServerImpl.java:<init>(257)) - s12: new RaftServerImpl for group-676CD6864C30:[] with ArithmeticStateMachine:uninitialized
2024-10-16 23:57:31,981 INFO  server.RaftServerConfigKeys (ConfUtils.java:logGet(46)) - raft.server.rpc.timeout.min = 300ms (custom)
2024-10-16 23:57:31,981 INFO  server.RaftServerConfigKeys (ConfUtils.java:logGet(46)) - raft.server.rpc.timeout.max = 600ms (custom)
2024-10-16 23:57:31,981 INFO  server.RaftServerConfigKeys (ConfUtils.java:logGet(46)) - raft.server.rpc.sleep.time = 25ms (default)
2024-10-16 23:57:31,981 INFO  server.RaftServerConfigKeys (ConfUtils.java:logGet(46)) - raft.server.rpc.slowness.timeout = 60s (default)
2024-10-16 23:57:31,981 INFO  server.RaftServerConfigKeys (ConfUtils.java:logGet(46)) - raft.server.leaderelection.leader.step-down.wait-time = 10s (default)
2024-10-16 23:57:31,981 INFO  server.RaftServerConfigKeys (ConfUtils.java:logGet(46)) - raft.server.leaderelection.member.majority-add = false (default)
2024-10-16 23:57:31,981 INFO  server.RaftServerConfigKeys (ConfUtils.java:logGet(46)) - raft.server.sleep.deviation.threshold = 300ms (default)
2024-10-16 23:57:31,981 INFO  server.RaftServer$Division (ServerState.java:<init>(114)) - s12@group-676CD6864C30: ConfigurationManager, init=conf: {index: -1, cur=peers:[]|listeners:[], old=null}, confs=<EMPTY_MAP>
2024-10-16 23:57:31,981 INFO  server.RaftServerConfigKeys (ConfUtils.java:logGet(46)) - raft.server.notification.no-leader.timeout = 60s (default)
2024-10-16 23:57:31,981 INFO  server.RaftServerConfigKeys (ConfUtils.java:logGet(46)) - raft.server.read.timeout = 10s (default)
2024-10-16 23:57:31,981 INFO  server.RaftServerConfigKeys (ConfUtils.java:logGet(46)) - raft.server.retrycache.expirytime = 60s (default)
2024-10-16 23:57:31,981 INFO  server.RaftServerConfigKeys (ConfUtils.java:logGet(46)) - raft.server.retrycache.statistics.expirytime = 100ms (default)
2024-10-16 23:57:31,981 INFO  server.RaftServerConfigKeys (ConfUtils.java:logGet(46)) - raft.server.read.option = DEFAULT (default)
2024-10-16 23:57:31,981 INFO  server.RaftServerConfigKeys (ConfUtils.java:logGet(46)) - raft.server.read.read-after-write-consistent.write-index-cache.expiry-time = 60s (default)
2024-10-16 23:57:31,982 INFO  server.RaftServerConfigKeys (ConfUtils.java:logGet(46)) - raft.server.rpc.request.timeout = 3000ms (default)
2024-10-16 23:57:31,982 INFO  server.RaftServerConfigKeys (ConfUtils.java:logGet(46)) - raft.server.log.appender.install.snapshot.enabled = true (default)
2024-10-16 23:57:31,982 INFO  server.RaftServerConfigKeys (ConfUtils.java:logGet(46)) - raft.server.threadpool.server.cached = true (default)
2024-10-16 23:57:31,982 INFO  server.RaftServerConfigKeys (ConfUtils.java:logGet(46)) - raft.server.threadpool.server.size = 0 (default)
2024-10-16 23:57:31,982 INFO  server.RaftServerConfigKeys (ConfUtils.java:logGet(46)) - raft.server.threadpool.client.cached = true (default)
2024-10-16 23:57:31,982 INFO  server.RaftServerConfigKeys (ConfUtils.java:logGet(46)) - raft.server.threadpool.client.size = 0 (default)
2024-10-16 23:57:31,982 INFO  server.RaftServerConfigKeys (ConfUtils.java:logGet(46)) - raft.server.storage.free-space.min = 0MB (=0) (default)
2024-10-16 23:57:31,982 INFO  server.RaftServerConfigKeys (ConfUtils.java:logGet(46)) - raft.server.log.corruption.policy = EXCEPTION (default)
2024-10-16 23:57:31,982 INFO  server.RaftServerConfigKeys (ConfUtils.java:logGet(46)) - raft.server.storage.dir = [/home/runner/work/ratis/ratis/ratis-examples/target/test/data/6cc99a4c/MiniRaftClusterWithNettyeee6e424/s12] (custom)
2024-10-16 23:57:31,982 INFO  storage.RaftStorageDirectory (RaftStorageDirectoryImpl.java:analyzeStorage(138)) - The storage directory /home/runner/work/ratis/ratis/ratis-examples/target/test/data/6cc99a4c/MiniRaftClusterWithNettyeee6e424/s12/4c4f035b-aa8d-4293-9e7b-676cd6864c30 does not exist. Creating ...
2024-10-16 23:57:31,982 TRACE util.FileUtils (LogUtils.java:runAndLog(49)) - Successfully ran Files.createDirectories /home/runner/work/ratis/ratis/ratis-examples/target/test/data/6cc99a4c/MiniRaftClusterWithNettyeee6e424/s12/4c4f035b-aa8d-4293-9e7b-676cd6864c30
2024-10-16 23:57:31,983 INFO  storage.RaftStorageDirectory (RaftStorageDirectoryImpl.java:tryLock(229)) - Lock on /home/runner/work/ratis/ratis/ratis-examples/target/test/data/6cc99a4c/MiniRaftClusterWithNettyeee6e424/s12/4c4f035b-aa8d-4293-9e7b-676cd6864c30/in_use.lock acquired by nodename 14984@fv-az1433-785
2024-10-16 23:57:31,983 TRACE util.FileUtils (LogUtils.java:runAndLog(49)) - Successfully ran Files.createDirectories /home/runner/work/ratis/ratis/ratis-examples/target/test/data/6cc99a4c/MiniRaftClusterWithNettyeee6e424/s12/4c4f035b-aa8d-4293-9e7b-676cd6864c30/current
2024-10-16 23:57:31,983 TRACE util.FileUtils (LogUtils.java:runAndLog(49)) - Successfully ran Files.createDirectories /home/runner/work/ratis/ratis/ratis-examples/target/test/data/6cc99a4c/MiniRaftClusterWithNettyeee6e424/s12/4c4f035b-aa8d-4293-9e7b-676cd6864c30/sm
2024-10-16 23:57:31,983 TRACE util.FileUtils (LogUtils.java:supplyAndLog(69)) - Successfully supplied FileChannel.open /home/runner/work/ratis/ratis/ratis-examples/target/test/data/6cc99a4c/MiniRaftClusterWithNettyeee6e424/s12/4c4f035b-aa8d-4293-9e7b-676cd6864c30/current/raft-meta.tmp with options [CREATE, WRITE]: sun.nio.ch.FileChannelImpl@741d6aad
2024-10-16 23:57:31,984 TRACE util.FileUtils (LogUtils.java:runAndLog(49)) - Successfully ran Atomic Files.move /home/runner/work/ratis/ratis/ratis-examples/target/test/data/6cc99a4c/MiniRaftClusterWithNettyeee6e424/s12/4c4f035b-aa8d-4293-9e7b-676cd6864c30/current/raft-meta.tmp to /home/runner/work/ratis/ratis/ratis-examples/target/test/data/6cc99a4c/MiniRaftClusterWithNettyeee6e424/s12/4c4f035b-aa8d-4293-9e7b-676cd6864c30/current/raft-meta with options [REPLACE_EXISTING]
2024-10-16 23:57:31,984 INFO  storage.RaftStorage (RaftStorageImpl.java:format(98)) - Storage directory /home/runner/work/ratis/ratis/ratis-examples/target/test/data/6cc99a4c/MiniRaftClusterWithNettyeee6e424/s12/4c4f035b-aa8d-4293-9e7b-676cd6864c30 has been successfully formatted.
2024-10-16 23:57:31,984 WARN  statemachine.StateMachine (ArithmeticStateMachine.java:loadSnapshot(115)) - The snapshot info is null.
2024-10-16 23:57:31,984 INFO  server.RaftServerConfigKeys (ConfUtils.java:logGet(46)) - raft.server.log.use.memory = false (default)
2024-10-16 23:57:31,984 INFO  server.RaftServerConfigKeys (ConfUtils.java:logGet(46)) - raft.server.log.purge.gap = 1024 (default)
2024-10-16 23:57:31,984 INFO  server.RaftServerConfigKeys (ConfUtils.java:logGet(46)) - raft.server.log.appender.buffer.byte-limit = 4MB (=4194304) (default)
2024-10-16 23:57:31,984 INFO  server.RaftServerConfigKeys (ConfUtils.java:logGet(46)) - raft.server.log.statemachine.data.read.timeout = 1000ms (default)
2024-10-16 23:57:31,985 INFO  server.RaftServerConfigKeys (ConfUtils.java:logGet(46)) - raft.server.log.purge.preservation.log.num = 0 (default)
2024-10-16 23:57:31,985 INFO  server.RaftServerConfigKeys (ConfUtils.java:logGet(46)) - raft.server.log.segment.size.max = 32MB (=33554432) (default)
2024-10-16 23:57:31,985 INFO  server.RaftServerConfigKeys (ConfUtils.java:logGet(46)) - raft.server.log.segment.cache.num.max = 6 (default)
2024-10-16 23:57:31,985 INFO  server.RaftServerConfigKeys (ConfUtils.java:logGet(46)) - raft.server.log.segment.cache.size.max = 200MB (=209715200) (default)
2024-10-16 23:57:31,985 INFO  server.RaftServerConfigKeys (ConfUtils.java:logGet(46)) - raft.server.log.appender.buffer.byte-limit = 4MB (=4194304) (default)
2024-10-16 23:57:31,985 INFO  util.AwaitToRun (AwaitToRun.java:start(81)) - Thread[s12@group-676CD6864C30-cacheEviction-AwaitToRun,5,main] started
2024-10-16 23:57:31,985 INFO  segmented.SegmentedRaftLogWorker (SegmentedRaftLogWorker.java:<init>(188)) - new s12@group-676CD6864C30-SegmentedRaftLogWorker for RaftStorageImpl:Storage Directory /home/runner/work/ratis/ratis/ratis-examples/target/test/data/6cc99a4c/MiniRaftClusterWithNettyeee6e424/s12/4c4f035b-aa8d-4293-9e7b-676cd6864c30
2024-10-16 23:57:31,985 INFO  server.RaftServerConfigKeys (ConfUtils.java:logGet(46)) - raft.server.log.queue.byte-limit = 64MB (=67108864) (default)
2024-10-16 23:57:31,985 INFO  server.RaftServerConfigKeys (ConfUtils.java:logGet(46)) - raft.server.log.queue.element-limit = 4096 (default)
2024-10-16 23:57:31,985 INFO  server.RaftServerConfigKeys (ConfUtils.java:logGet(46)) - raft.server.log.segment.size.max = 32MB (=33554432) (default)
2024-10-16 23:57:31,985 INFO  server.RaftServerConfigKeys (ConfUtils.java:logGet(46)) - raft.server.log.preallocated.size = 4MB (=4194304) (default)
2024-10-16 23:57:31,985 INFO  server.RaftServerConfigKeys (ConfUtils.java:logGet(46)) - raft.server.log.force.sync.num = 128 (default)
2024-10-16 23:57:31,985 INFO  server.RaftServerConfigKeys (ConfUtils.java:logGet(46)) - raft.server.log.statemachine.data.sync = true (default)
2024-10-16 23:57:31,985 INFO  server.RaftServerConfigKeys (ConfUtils.java:logGet(46)) - raft.server.log.statemachine.data.sync.timeout = 10s (default)
2024-10-16 23:57:31,985 INFO  server.RaftServerConfigKeys (ConfUtils.java:logGet(46)) - raft.server.log.statemachine.data.sync.timeout.retry = -1 (default)
2024-10-16 23:57:31,985 INFO  server.RaftServerConfigKeys (ConfUtils.java:logGet(46)) - raft.server.log.write.buffer.size = 8MB (=8388608) (default)
2024-10-16 23:57:31,986 INFO  server.RaftServerConfigKeys (ConfUtils.java:logGet(46)) - raft.server.log.appender.buffer.byte-limit = 4MB (=4194304) (default)
2024-10-16 23:57:31,986 INFO  server.RaftServerConfigKeys (ConfUtils.java:logGet(46)) - raft.server.log.unsafe-flush.enabled = false (default)
2024-10-16 23:57:31,986 INFO  server.RaftServerConfigKeys (ConfUtils.java:logGet(46)) - raft.server.log.async-flush.enabled = false (default)
2024-10-16 23:57:31,986 INFO  server.RaftServerConfigKeys (ConfUtils.java:logGet(46)) - raft.server.log.statemachine.data.caching.enabled = false (default)
2024-10-16 23:57:31,986 INFO  segmented.SegmentedRaftLogWorker (SegmentedRaftLogWorker.java:lambda$new$0(139)) - s12@group-676CD6864C30-SegmentedRaftLogWorker: flushIndex: setUnconditionally 0 -> -1
2024-10-16 23:57:31,986 INFO  segmented.SegmentedRaftLogWorker (SegmentedRaftLogWorker.java:lambda$new$0(139)) - s12@group-676CD6864C30-SegmentedRaftLogWorker: safeCacheEvictIndex: setUnconditionally 0 -> -1
2024-10-16 23:57:31,986 INFO  server.RaftServer$Division (RaftServerImpl.java:start(399)) - s12@group-676CD6864C30: start with initializing state, conf=conf: {index: -1, cur=peers:[]|listeners:[], old=null}
2024-10-16 23:57:31,986 INFO  server.RaftServer$Division (RaftServerImpl.java:setRole(380)) - s12@group-676CD6864C30: changes role from      null to FOLLOWER at term 0 for start
2024-10-16 23:57:31,986 INFO  util.JmxRegister (JmxRegister.java:tryRegister(44)) - Successfully registered JMX Bean with object name Ratis:service=RaftServer,group=group-676CD6864C30,id=s12
2024-10-16 23:57:31,986 INFO  util.JmxRegister (JmxRegister.java:register(58)) - register mxBean class org.apache.ratis.server.impl.RaftServerJmxAdapter as Ratis:service=RaftServer,group=group-676CD6864C30,id=s12
2024-10-16 23:57:31,987 INFO  server.RaftServerConfigKeys (ConfUtils.java:logGet(46)) - raft.server.snapshot.trigger-when-stop.enabled = true (default)
2024-10-16 23:57:31,987 INFO  server.RaftServerConfigKeys (ConfUtils.java:logGet(46)) - raft.server.snapshot.trigger-when-remove.enabled = true (default)
2024-10-16 23:57:31,987 INFO  server.RaftServerConfigKeys (ConfUtils.java:logGet(46)) - raft.server.snapshot.auto.trigger.enabled = false (default)
2024-10-16 23:57:31,987 INFO  server.RaftServerConfigKeys (ConfUtils.java:logGet(46)) - raft.server.snapshot.retention.file.num = -1 (default)
2024-10-16 23:57:31,987 INFO  server.RaftServerConfigKeys (ConfUtils.java:logGet(46)) - raft.server.log.purge.upto.snapshot.index = false (default)
2024-10-16 23:57:31,987 INFO  server.RaftServer$Division (RaftServerImpl.java:start(407)) - s12@group-676CD6864C30: Successfully started.
2024-10-16 23:57:31,988 INFO  impl.GroupManagementBaseTest (GroupManagementBaseTest.java:runMultiGroupTest(322)) - 2) groupAdd: printing group-FCE02D1CD77C
2024-10-16 23:57:31,989 INFO  netty.NettyUtils (NettyUtils.java:newEventLoopGroup(74)) - Create EpollEventLoopGroup for client-A5A99BC5C8F4; Thread size is 0.
2024-10-16 23:57:31,990 INFO  logging.LoggingHandler (AbstractInternalLogger.java:log(148)) - [id: 0x23ee7d64, L:/0.0.0.0:15018] READ: [id: 0xdaae8f14, L:/127.0.0.1:15018 - R:/127.0.0.1:52688]
2024-10-16 23:57:31,990 INFO  logging.LoggingHandler (AbstractInternalLogger.java:log(148)) - [id: 0x23ee7d64, L:/0.0.0.0:15018] READ COMPLETE
2024-10-16 23:57:31,991 INFO  server.RaftServer$Division (RaftServerImpl.java:<init>(257)) - s3: new RaftServerImpl for group-676CD6864C30:[] with ArithmeticStateMachine:uninitialized
2024-10-16 23:57:31,991 INFO  server.RaftServerConfigKeys (ConfUtils.java:logGet(46)) - raft.server.rpc.timeout.min = 300ms (custom)
2024-10-16 23:57:31,991 INFO  server.RaftServerConfigKeys (ConfUtils.java:logGet(46)) - raft.server.rpc.timeout.max = 600ms (custom)
2024-10-16 23:57:31,991 INFO  server.RaftServerConfigKeys (ConfUtils.java:logGet(46)) - raft.server.rpc.sleep.time = 25ms (default)
2024-10-16 23:57:31,991 INFO  server.RaftServerConfigKeys (ConfUtils.java:logGet(46)) - raft.server.rpc.slowness.timeout = 60s (default)
2024-10-16 23:57:31,991 INFO  server.RaftServerConfigKeys (ConfUtils.java:logGet(46)) - raft.server.leaderelection.leader.step-down.wait-time = 10s (default)
2024-10-16 23:57:31,991 INFO  server.RaftServerConfigKeys (ConfUtils.java:logGet(46)) - raft.server.leaderelection.member.majority-add = false (default)
2024-10-16 23:57:31,991 INFO  server.RaftServerConfigKeys (ConfUtils.java:logGet(46)) - raft.server.sleep.deviation.threshold = 300ms (default)
2024-10-16 23:57:31,991 INFO  server.RaftServer$Division (ServerState.java:<init>(114)) - s3@group-676CD6864C30: ConfigurationManager, init=conf: {index: -1, cur=peers:[]|listeners:[], old=null}, confs=<EMPTY_MAP>
2024-10-16 23:57:31,991 INFO  server.RaftServerConfigKeys (ConfUtils.java:logGet(46)) - raft.server.notification.no-leader.timeout = 60s (default)
2024-10-16 23:57:31,991 INFO  server.RaftServerConfigKeys (ConfUtils.java:logGet(46)) - raft.server.read.timeout = 10s (default)
2024-10-16 23:57:31,992 INFO  server.RaftServerConfigKeys (ConfUtils.java:logGet(46)) - raft.server.retrycache.expirytime = 60s (default)
2024-10-16 23:57:31,992 INFO  server.RaftServerConfigKeys (ConfUtils.java:logGet(46)) - raft.server.retrycache.statistics.expirytime = 100ms (default)
2024-10-16 23:57:31,992 INFO  server.RaftServerConfigKeys (ConfUtils.java:logGet(46)) - raft.server.read.option = DEFAULT (default)
2024-10-16 23:57:31,992 INFO  server.RaftServerConfigKeys (ConfUtils.java:logGet(46)) - raft.server.read.read-after-write-consistent.write-index-cache.expiry-time = 60s (default)
2024-10-16 23:57:31,992 INFO  server.RaftServerConfigKeys (ConfUtils.java:logGet(46)) - raft.server.rpc.request.timeout = 3000ms (default)
2024-10-16 23:57:31,992 INFO  server.RaftServerConfigKeys (ConfUtils.java:logGet(46)) - raft.server.log.appender.install.snapshot.enabled = true (default)
2024-10-16 23:57:31,992 INFO  server.RaftServerConfigKeys (ConfUtils.java:logGet(46)) - raft.server.threadpool.server.cached = true (default)
2024-10-16 23:57:31,992 INFO  server.RaftServerConfigKeys (ConfUtils.java:logGet(46)) - raft.server.threadpool.server.size = 0 (default)
2024-10-16 23:57:31,992 INFO  server.RaftServerConfigKeys (ConfUtils.java:logGet(46)) - raft.server.threadpool.client.cached = true (default)
2024-10-16 23:57:31,992 INFO  server.RaftServerConfigKeys (ConfUtils.java:logGet(46)) - raft.server.threadpool.client.size = 0 (default)
2024-10-16 23:57:31,992 INFO  server.RaftServer (RaftServerProxy.java:addNew(101)) - s3: addNew group-676CD6864C30:[] returns      null s3@group-676CD6864C30:t0, leader=null, voted=null, raftlog=UNINITIALIZED, conf=conf: {index: -1, cur=peers:[]|listeners:[], old=null} NEW
2024-10-16 23:57:31,993 INFO  server.RaftServerConfigKeys (ConfUtils.java:logGet(46)) - raft.server.storage.free-space.min = 0MB (=0) (default)
2024-10-16 23:57:31,993 INFO  server.RaftServerConfigKeys (ConfUtils.java:logGet(46)) - raft.server.log.corruption.policy = EXCEPTION (default)
2024-10-16 23:57:31,993 INFO  server.RaftServerConfigKeys (ConfUtils.java:logGet(46)) - raft.server.storage.dir = [/home/runner/work/ratis/ratis/ratis-examples/target/test/data/6cc99a4c/MiniRaftClusterWithNettyeee6e424/s3] (custom)
2024-10-16 23:57:31,993 INFO  storage.RaftStorageDirectory (RaftStorageDirectoryImpl.java:analyzeStorage(138)) - The storage directory /home/runner/work/ratis/ratis/ratis-examples/target/test/data/6cc99a4c/MiniRaftClusterWithNettyeee6e424/s3/4c4f035b-aa8d-4293-9e7b-676cd6864c30 does not exist. Creating ...
2024-10-16 23:57:31,993 TRACE util.FileUtils (LogUtils.java:runAndLog(49)) - Successfully ran Files.createDirectories /home/runner/work/ratis/ratis/ratis-examples/target/test/data/6cc99a4c/MiniRaftClusterWithNettyeee6e424/s3/4c4f035b-aa8d-4293-9e7b-676cd6864c30
2024-10-16 23:57:31,994 INFO  storage.RaftStorageDirectory (RaftStorageDirectoryImpl.java:tryLock(229)) - Lock on /home/runner/work/ratis/ratis/ratis-examples/target/test/data/6cc99a4c/MiniRaftClusterWithNettyeee6e424/s3/4c4f035b-aa8d-4293-9e7b-676cd6864c30/in_use.lock acquired by nodename 14984@fv-az1433-785
2024-10-16 23:57:31,994 TRACE util.FileUtils (LogUtils.java:runAndLog(49)) - Successfully ran Files.createDirectories /home/runner/work/ratis/ratis/ratis-examples/target/test/data/6cc99a4c/MiniRaftClusterWithNettyeee6e424/s3/4c4f035b-aa8d-4293-9e7b-676cd6864c30/current
2024-10-16 23:57:31,994 TRACE util.FileUtils (LogUtils.java:runAndLog(49)) - Successfully ran Files.createDirectories /home/runner/work/ratis/ratis/ratis-examples/target/test/data/6cc99a4c/MiniRaftClusterWithNettyeee6e424/s3/4c4f035b-aa8d-4293-9e7b-676cd6864c30/sm
2024-10-16 23:57:31,994 TRACE util.FileUtils (LogUtils.java:supplyAndLog(69)) - Successfully supplied FileChannel.open /home/runner/work/ratis/ratis/ratis-examples/target/test/data/6cc99a4c/MiniRaftClusterWithNettyeee6e424/s3/4c4f035b-aa8d-4293-9e7b-676cd6864c30/current/raft-meta.tmp with options [CREATE, WRITE]: sun.nio.ch.FileChannelImpl@2c62a236
2024-10-16 23:57:31,995 TRACE util.FileUtils (LogUtils.java:runAndLog(49)) - Successfully ran Atomic Files.move /home/runner/work/ratis/ratis/ratis-examples/target/test/data/6cc99a4c/MiniRaftClusterWithNettyeee6e424/s3/4c4f035b-aa8d-4293-9e7b-676cd6864c30/current/raft-meta.tmp to /home/runner/work/ratis/ratis/ratis-examples/target/test/data/6cc99a4c/MiniRaftClusterWithNettyeee6e424/s3/4c4f035b-aa8d-4293-9e7b-676cd6864c30/current/raft-meta with options [REPLACE_EXISTING]
2024-10-16 23:57:31,995 INFO  storage.RaftStorage (RaftStorageImpl.java:format(98)) - Storage directory /home/runner/work/ratis/ratis/ratis-examples/target/test/data/6cc99a4c/MiniRaftClusterWithNettyeee6e424/s3/4c4f035b-aa8d-4293-9e7b-676cd6864c30 has been successfully formatted.
2024-10-16 23:57:31,995 WARN  statemachine.StateMachine (ArithmeticStateMachine.java:loadSnapshot(115)) - The snapshot info is null.
2024-10-16 23:57:31,995 INFO  server.RaftServerConfigKeys (ConfUtils.java:logGet(46)) - raft.server.log.use.memory = false (default)
2024-10-16 23:57:31,996 INFO  server.RaftServerConfigKeys (ConfUtils.java:logGet(46)) - raft.server.log.purge.gap = 1024 (default)
2024-10-16 23:57:31,996 INFO  server.RaftServerConfigKeys (ConfUtils.java:logGet(46)) - raft.server.log.appender.buffer.byte-limit = 4MB (=4194304) (default)
2024-10-16 23:57:31,996 INFO  server.RaftServerConfigKeys (ConfUtils.java:logGet(46)) - raft.server.log.statemachine.data.read.timeout = 1000ms (default)
2024-10-16 23:57:31,996 INFO  server.RaftServerConfigKeys (ConfUtils.java:logGet(46)) - raft.server.log.purge.preservation.log.num = 0 (default)
2024-10-16 23:57:31,996 INFO  server.RaftServerConfigKeys (ConfUtils.java:logGet(46)) - raft.server.log.segment.size.max = 32MB (=33554432) (default)
2024-10-16 23:57:31,996 INFO  server.RaftServerConfigKeys (ConfUtils.java:logGet(46)) - raft.server.log.segment.cache.num.max = 6 (default)
2024-10-16 23:57:31,996 INFO  server.RaftServerConfigKeys (ConfUtils.java:logGet(46)) - raft.server.log.segment.cache.size.max = 200MB (=209715200) (default)
2024-10-16 23:57:31,996 INFO  server.RaftServerConfigKeys (ConfUtils.java:logGet(46)) - raft.server.log.appender.buffer.byte-limit = 4MB (=4194304) (default)
2024-10-16 23:57:31,996 INFO  util.AwaitToRun (AwaitToRun.java:start(81)) - Thread[s3@group-676CD6864C30-cacheEviction-AwaitToRun,5,main] started
2024-10-16 23:57:31,996 INFO  segmented.SegmentedRaftLogWorker (SegmentedRaftLogWorker.java:<init>(188)) - new s3@group-676CD6864C30-SegmentedRaftLogWorker for RaftStorageImpl:Storage Directory /home/runner/work/ratis/ratis/ratis-examples/target/test/data/6cc99a4c/MiniRaftClusterWithNettyeee6e424/s3/4c4f035b-aa8d-4293-9e7b-676cd6864c30
2024-10-16 23:57:31,996 INFO  server.RaftServerConfigKeys (ConfUtils.java:logGet(46)) - raft.server.log.queue.byte-limit = 64MB (=67108864) (default)
2024-10-16 23:57:31,996 INFO  server.RaftServerConfigKeys (ConfUtils.java:logGet(46)) - raft.server.log.queue.element-limit = 4096 (default)
2024-10-16 23:57:31,996 INFO  server.RaftServerConfigKeys (ConfUtils.java:logGet(46)) - raft.server.log.segment.size.max = 32MB (=33554432) (default)
2024-10-16 23:57:31,996 INFO  server.RaftServerConfigKeys (ConfUtils.java:logGet(46)) - raft.server.log.preallocated.size = 4MB (=4194304) (default)
2024-10-16 23:57:31,996 INFO  server.RaftServerConfigKeys (ConfUtils.java:logGet(46)) - raft.server.log.force.sync.num = 128 (default)
2024-10-16 23:57:31,996 INFO  server.RaftServerConfigKeys (ConfUtils.java:logGet(46)) - raft.server.log.statemachine.data.sync = true (default)
2024-10-16 23:57:31,996 INFO  server.RaftServerConfigKeys (ConfUtils.java:logGet(46)) - raft.server.log.statemachine.data.sync.timeout = 10s (default)
2024-10-16 23:57:31,996 INFO  server.RaftServerConfigKeys (ConfUtils.java:logGet(46)) - raft.server.log.statemachine.data.sync.timeout.retry = -1 (default)
2024-10-16 23:57:31,996 INFO  server.RaftServerConfigKeys (ConfUtils.java:logGet(46)) - raft.server.log.write.buffer.size = 8MB (=8388608) (default)
2024-10-16 23:57:31,997 INFO  server.RaftServerConfigKeys (ConfUtils.java:logGet(46)) - raft.server.log.appender.buffer.byte-limit = 4MB (=4194304) (default)
2024-10-16 23:57:31,997 INFO  server.RaftServerConfigKeys (ConfUtils.java:logGet(46)) - raft.server.log.unsafe-flush.enabled = false (default)
2024-10-16 23:57:31,997 INFO  server.RaftServerConfigKeys (ConfUtils.java:logGet(46)) - raft.server.log.async-flush.enabled = false (default)
2024-10-16 23:57:31,997 INFO  server.RaftServerConfigKeys (ConfUtils.java:logGet(46)) - raft.server.log.statemachine.data.caching.enabled = false (default)
2024-10-16 23:57:31,997 INFO  segmented.SegmentedRaftLogWorker (SegmentedRaftLogWorker.java:lambda$new$0(139)) - s3@group-676CD6864C30-SegmentedRaftLogWorker: flushIndex: setUnconditionally 0 -> -1
2024-10-16 23:57:31,997 INFO  segmented.SegmentedRaftLogWorker (SegmentedRaftLogWorker.java:lambda$new$0(139)) - s3@group-676CD6864C30-SegmentedRaftLogWorker: safeCacheEvictIndex: setUnconditionally 0 -> -1
2024-10-16 23:57:31,997 INFO  server.RaftServer$Division (RaftServerImpl.java:start(399)) - s3@group-676CD6864C30: start with initializing state, conf=conf: {index: -1, cur=peers:[]|listeners:[], old=null}
2024-10-16 23:57:31,997 INFO  server.RaftServer$Division (RaftServerImpl.java:setRole(380)) - s3@group-676CD6864C30: changes role from      null to FOLLOWER at term 0 for start
2024-10-16 23:57:31,997 INFO  util.JmxRegister (JmxRegister.java:tryRegister(44)) - Successfully registered JMX Bean with object name Ratis:service=RaftServer,group=group-676CD6864C30,id=s3
2024-10-16 23:57:31,997 INFO  util.JmxRegister (JmxRegister.java:register(58)) - register mxBean class org.apache.ratis.server.impl.RaftServerJmxAdapter as Ratis:service=RaftServer,group=group-676CD6864C30,id=s3
2024-10-16 23:57:31,997 INFO  server.RaftServerConfigKeys (ConfUtils.java:logGet(46)) - raft.server.snapshot.trigger-when-stop.enabled = true (default)
2024-10-16 23:57:31,997 INFO  server.RaftServerConfigKeys (ConfUtils.java:logGet(46)) - raft.server.snapshot.trigger-when-remove.enabled = true (default)
2024-10-16 23:57:31,997 INFO  server.RaftServerConfigKeys (ConfUtils.java:logGet(46)) - raft.server.snapshot.auto.trigger.enabled = false (default)
2024-10-16 23:57:31,998 INFO  server.RaftServerConfigKeys (ConfUtils.java:logGet(46)) - raft.server.snapshot.retention.file.num = -1 (default)
2024-10-16 23:57:31,998 INFO  server.RaftServerConfigKeys (ConfUtils.java:logGet(46)) - raft.server.log.purge.upto.snapshot.index = false (default)
2024-10-16 23:57:31,998 INFO  server.RaftServer$Division (RaftServerImpl.java:start(407)) - s3@group-676CD6864C30: Successfully started.
2024-10-16 23:57:31,999 INFO  netty.NettyUtils (NettyUtils.java:newEventLoopGroup(74)) - Create EpollEventLoopGroup for client-1E2431CA5D00; Thread size is 0.
2024-10-16 23:57:32,000 INFO  logging.LoggingHandler (AbstractInternalLogger.java:log(148)) - [id: 0xf239dbc0, L:/0.0.0.0:15029] READ: [id: 0xdff5ab0d, L:/127.0.0.1:15029 - R:/127.0.0.1:55730]
2024-10-16 23:57:32,000 INFO  logging.LoggingHandler (AbstractInternalLogger.java:log(148)) - [id: 0xf239dbc0, L:/0.0.0.0:15029] READ COMPLETE
2024-10-16 23:57:32,000 INFO  server.RaftServer (RaftServerProxy.java:addNew(101)) - s14: addNew group-676CD6864C30:[] returns group-676CD6864C30:java.util.concurrent.CompletableFuture@5c5aaf96[Not completed]
2024-10-16 23:57:32,001 INFO  server.RaftServer$Division (RaftServerImpl.java:<init>(257)) - s14: new RaftServerImpl for group-676CD6864C30:[] with ArithmeticStateMachine:uninitialized
2024-10-16 23:57:32,001 INFO  server.RaftServerConfigKeys (ConfUtils.java:logGet(46)) - raft.server.rpc.timeout.min = 300ms (custom)
2024-10-16 23:57:32,001 INFO  server.RaftServerConfigKeys (ConfUtils.java:logGet(46)) - raft.server.rpc.timeout.max = 600ms (custom)
2024-10-16 23:57:32,001 INFO  server.RaftServerConfigKeys (ConfUtils.java:logGet(46)) - raft.server.rpc.sleep.time = 25ms (default)
2024-10-16 23:57:32,001 INFO  server.RaftServerConfigKeys (ConfUtils.java:logGet(46)) - raft.server.rpc.slowness.timeout = 60s (default)
2024-10-16 23:57:32,001 INFO  server.RaftServerConfigKeys (ConfUtils.java:logGet(46)) - raft.server.leaderelection.leader.step-down.wait-time = 10s (default)
2024-10-16 23:57:32,001 INFO  server.RaftServerConfigKeys (ConfUtils.java:logGet(46)) - raft.server.leaderelection.member.majority-add = false (default)
2024-10-16 23:57:32,001 INFO  server.RaftServerConfigKeys (ConfUtils.java:logGet(46)) - raft.server.sleep.deviation.threshold = 300ms (default)
2024-10-16 23:57:32,001 INFO  server.RaftServer$Division (ServerState.java:<init>(114)) - s14@group-676CD6864C30: ConfigurationManager, init=conf: {index: -1, cur=peers:[]|listeners:[], old=null}, confs=<EMPTY_MAP>
2024-10-16 23:57:32,001 INFO  server.RaftServerConfigKeys (ConfUtils.java:logGet(46)) - raft.server.notification.no-leader.timeout = 60s (default)
2024-10-16 23:57:32,001 INFO  server.RaftServerConfigKeys (ConfUtils.java:logGet(46)) - raft.server.read.timeout = 10s (default)
2024-10-16 23:57:32,001 INFO  server.RaftServerConfigKeys (ConfUtils.java:logGet(46)) - raft.server.retrycache.expirytime = 60s (default)
2024-10-16 23:57:32,001 INFO  server.RaftServerConfigKeys (ConfUtils.java:logGet(46)) - raft.server.retrycache.statistics.expirytime = 100ms (default)
2024-10-16 23:57:32,001 INFO  server.RaftServerConfigKeys (ConfUtils.java:logGet(46)) - raft.server.read.option = DEFAULT (default)
2024-10-16 23:57:32,001 INFO  server.RaftServerConfigKeys (ConfUtils.java:logGet(46)) - raft.server.read.read-after-write-consistent.write-index-cache.expiry-time = 60s (default)
2024-10-16 23:57:32,001 INFO  server.RaftServerConfigKeys (ConfUtils.java:logGet(46)) - raft.server.rpc.request.timeout = 3000ms (default)
2024-10-16 23:57:32,001 INFO  server.RaftServerConfigKeys (ConfUtils.java:logGet(46)) - raft.server.log.appender.install.snapshot.enabled = true (default)
2024-10-16 23:57:32,001 INFO  server.RaftServerConfigKeys (ConfUtils.java:logGet(46)) - raft.server.threadpool.server.cached = true (default)
2024-10-16 23:57:32,002 INFO  server.RaftServerConfigKeys (ConfUtils.java:logGet(46)) - raft.server.threadpool.server.size = 0 (default)
2024-10-16 23:57:32,002 INFO  server.RaftServerConfigKeys (ConfUtils.java:logGet(46)) - raft.server.threadpool.client.cached = true (default)
2024-10-16 23:57:32,002 INFO  server.RaftServerConfigKeys (ConfUtils.java:logGet(46)) - raft.server.threadpool.client.size = 0 (default)
2024-10-16 23:57:32,002 INFO  server.RaftServerConfigKeys (ConfUtils.java:logGet(46)) - raft.server.storage.free-space.min = 0MB (=0) (default)
2024-10-16 23:57:32,002 INFO  server.RaftServerConfigKeys (ConfUtils.java:logGet(46)) - raft.server.log.corruption.policy = EXCEPTION (default)
2024-10-16 23:57:32,002 INFO  server.RaftServerConfigKeys (ConfUtils.java:logGet(46)) - raft.server.storage.dir = [/home/runner/work/ratis/ratis/ratis-examples/target/test/data/6cc99a4c/MiniRaftClusterWithNettyeee6e424/s14] (custom)
2024-10-16 23:57:32,002 INFO  storage.RaftStorageDirectory (RaftStorageDirectoryImpl.java:analyzeStorage(138)) - The storage directory /home/runner/work/ratis/ratis/ratis-examples/target/test/data/6cc99a4c/MiniRaftClusterWithNettyeee6e424/s14/4c4f035b-aa8d-4293-9e7b-676cd6864c30 does not exist. Creating ...
2024-10-16 23:57:32,002 TRACE util.FileUtils (LogUtils.java:runAndLog(49)) - Successfully ran Files.createDirectories /home/runner/work/ratis/ratis/ratis-examples/target/test/data/6cc99a4c/MiniRaftClusterWithNettyeee6e424/s14/4c4f035b-aa8d-4293-9e7b-676cd6864c30
2024-10-16 23:57:32,003 INFO  storage.RaftStorageDirectory (RaftStorageDirectoryImpl.java:tryLock(229)) - Lock on /home/runner/work/ratis/ratis/ratis-examples/target/test/data/6cc99a4c/MiniRaftClusterWithNettyeee6e424/s14/4c4f035b-aa8d-4293-9e7b-676cd6864c30/in_use.lock acquired by nodename 14984@fv-az1433-785
2024-10-16 23:57:32,003 TRACE util.FileUtils (LogUtils.java:runAndLog(49)) - Successfully ran Files.createDirectories /home/runner/work/ratis/ratis/ratis-examples/target/test/data/6cc99a4c/MiniRaftClusterWithNettyeee6e424/s14/4c4f035b-aa8d-4293-9e7b-676cd6864c30/current
2024-10-16 23:57:32,003 TRACE util.FileUtils (LogUtils.java:runAndLog(49)) - Successfully ran Files.createDirectories /home/runner/work/ratis/ratis/ratis-examples/target/test/data/6cc99a4c/MiniRaftClusterWithNettyeee6e424/s14/4c4f035b-aa8d-4293-9e7b-676cd6864c30/sm
2024-10-16 23:57:32,003 TRACE util.FileUtils (LogUtils.java:supplyAndLog(69)) - Successfully supplied FileChannel.open /home/runner/work/ratis/ratis/ratis-examples/target/test/data/6cc99a4c/MiniRaftClusterWithNettyeee6e424/s14/4c4f035b-aa8d-4293-9e7b-676cd6864c30/current/raft-meta.tmp with options [CREATE, WRITE]: sun.nio.ch.FileChannelImpl@3a917237
2024-10-16 23:57:32,004 TRACE util.FileUtils (LogUtils.java:runAndLog(49)) - Successfully ran Atomic Files.move /home/runner/work/ratis/ratis/ratis-examples/target/test/data/6cc99a4c/MiniRaftClusterWithNettyeee6e424/s14/4c4f035b-aa8d-4293-9e7b-676cd6864c30/current/raft-meta.tmp to /home/runner/work/ratis/ratis/ratis-examples/target/test/data/6cc99a4c/MiniRaftClusterWithNettyeee6e424/s14/4c4f035b-aa8d-4293-9e7b-676cd6864c30/current/raft-meta with options [REPLACE_EXISTING]
2024-10-16 23:57:32,004 INFO  storage.RaftStorage (RaftStorageImpl.java:format(98)) - Storage directory /home/runner/work/ratis/ratis/ratis-examples/target/test/data/6cc99a4c/MiniRaftClusterWithNettyeee6e424/s14/4c4f035b-aa8d-4293-9e7b-676cd6864c30 has been successfully formatted.
2024-10-16 23:57:32,004 WARN  statemachine.StateMachine (ArithmeticStateMachine.java:loadSnapshot(115)) - The snapshot info is null.
2024-10-16 23:57:32,004 INFO  server.RaftServerConfigKeys (ConfUtils.java:logGet(46)) - raft.server.log.use.memory = false (default)
2024-10-16 23:57:32,004 INFO  server.RaftServerConfigKeys (ConfUtils.java:logGet(46)) - raft.server.log.purge.gap = 1024 (default)
2024-10-16 23:57:32,004 INFO  server.RaftServerConfigKeys (ConfUtils.java:logGet(46)) - raft.server.log.appender.buffer.byte-limit = 4MB (=4194304) (default)
2024-10-16 23:57:32,004 INFO  server.RaftServerConfigKeys (ConfUtils.java:logGet(46)) - raft.server.log.statemachine.data.read.timeout = 1000ms (default)
2024-10-16 23:57:32,005 INFO  server.RaftServerConfigKeys (ConfUtils.java:logGet(46)) - raft.server.log.purge.preservation.log.num = 0 (default)
2024-10-16 23:57:32,005 INFO  server.RaftServerConfigKeys (ConfUtils.java:logGet(46)) - raft.server.log.segment.size.max = 32MB (=33554432) (default)
2024-10-16 23:57:32,005 INFO  server.RaftServerConfigKeys (ConfUtils.java:logGet(46)) - raft.server.log.segment.cache.num.max = 6 (default)
2024-10-16 23:57:32,005 INFO  server.RaftServerConfigKeys (ConfUtils.java:logGet(46)) - raft.server.log.segment.cache.size.max = 200MB (=209715200) (default)
2024-10-16 23:57:32,005 INFO  server.RaftServerConfigKeys (ConfUtils.java:logGet(46)) - raft.server.log.appender.buffer.byte-limit = 4MB (=4194304) (default)
2024-10-16 23:57:32,005 INFO  util.AwaitToRun (AwaitToRun.java:start(81)) - Thread[s14@group-676CD6864C30-cacheEviction-AwaitToRun,5,main] started
2024-10-16 23:57:32,005 INFO  segmented.SegmentedRaftLogWorker (SegmentedRaftLogWorker.java:<init>(188)) - new s14@group-676CD6864C30-SegmentedRaftLogWorker for RaftStorageImpl:Storage Directory /home/runner/work/ratis/ratis/ratis-examples/target/test/data/6cc99a4c/MiniRaftClusterWithNettyeee6e424/s14/4c4f035b-aa8d-4293-9e7b-676cd6864c30
2024-10-16 23:57:32,005 INFO  server.RaftServerConfigKeys (ConfUtils.java:logGet(46)) - raft.server.log.queue.byte-limit = 64MB (=67108864) (default)
2024-10-16 23:57:32,005 INFO  server.RaftServerConfigKeys (ConfUtils.java:logGet(46)) - raft.server.log.queue.element-limit = 4096 (default)
2024-10-16 23:57:32,005 INFO  server.RaftServerConfigKeys (ConfUtils.java:logGet(46)) - raft.server.log.segment.size.max = 32MB (=33554432) (default)
2024-10-16 23:57:32,005 INFO  server.RaftServerConfigKeys (ConfUtils.java:logGet(46)) - raft.server.log.preallocated.size = 4MB (=4194304) (default)
2024-10-16 23:57:32,005 INFO  server.RaftServerConfigKeys (ConfUtils.java:logGet(46)) - raft.server.log.force.sync.num = 128 (default)
2024-10-16 23:57:32,005 INFO  server.RaftServerConfigKeys (ConfUtils.java:logGet(46)) - raft.server.log.statemachine.data.sync = true (default)
2024-10-16 23:57:32,005 INFO  server.RaftServerConfigKeys (ConfUtils.java:logGet(46)) - raft.server.log.statemachine.data.sync.timeout = 10s (default)
2024-10-16 23:57:32,005 INFO  server.RaftServerConfigKeys (ConfUtils.java:logGet(46)) - raft.server.log.statemachine.data.sync.timeout.retry = -1 (default)
2024-10-16 23:57:32,005 INFO  server.RaftServerConfigKeys (ConfUtils.java:logGet(46)) - raft.server.log.write.buffer.size = 8MB (=8388608) (default)
2024-10-16 23:57:32,006 INFO  server.RaftServerConfigKeys (ConfUtils.java:logGet(46)) - raft.server.log.appender.buffer.byte-limit = 4MB (=4194304) (default)
2024-10-16 23:57:32,006 INFO  server.RaftServerConfigKeys (ConfUtils.java:logGet(46)) - raft.server.log.unsafe-flush.enabled = false (default)
2024-10-16 23:57:32,006 INFO  server.RaftServerConfigKeys (ConfUtils.java:logGet(46)) - raft.server.log.async-flush.enabled = false (default)
2024-10-16 23:57:32,006 INFO  server.RaftServerConfigKeys (ConfUtils.java:logGet(46)) - raft.server.log.statemachine.data.caching.enabled = false (default)
2024-10-16 23:57:32,006 INFO  segmented.SegmentedRaftLogWorker (SegmentedRaftLogWorker.java:lambda$new$0(139)) - s14@group-676CD6864C30-SegmentedRaftLogWorker: flushIndex: setUnconditionally 0 -> -1
2024-10-16 23:57:32,006 INFO  segmented.SegmentedRaftLogWorker (SegmentedRaftLogWorker.java:lambda$new$0(139)) - s14@group-676CD6864C30-SegmentedRaftLogWorker: safeCacheEvictIndex: setUnconditionally 0 -> -1
2024-10-16 23:57:32,006 INFO  server.RaftServer$Division (RaftServerImpl.java:start(399)) - s14@group-676CD6864C30: start with initializing state, conf=conf: {index: -1, cur=peers:[]|listeners:[], old=null}
2024-10-16 23:57:32,006 INFO  server.RaftServer$Division (RaftServerImpl.java:setRole(380)) - s14@group-676CD6864C30: changes role from      null to FOLLOWER at term 0 for start
2024-10-16 23:57:32,006 INFO  util.JmxRegister (JmxRegister.java:tryRegister(44)) - Successfully registered JMX Bean with object name Ratis:service=RaftServer,group=group-676CD6864C30,id=s14
2024-10-16 23:57:32,006 INFO  util.JmxRegister (JmxRegister.java:register(58)) - register mxBean class org.apache.ratis.server.impl.RaftServerJmxAdapter as Ratis:service=RaftServer,group=group-676CD6864C30,id=s14
2024-10-16 23:57:32,006 INFO  server.RaftServerConfigKeys (ConfUtils.java:logGet(46)) - raft.server.snapshot.trigger-when-stop.enabled = true (default)
2024-10-16 23:57:32,006 INFO  server.RaftServerConfigKeys (ConfUtils.java:logGet(46)) - raft.server.snapshot.trigger-when-remove.enabled = true (default)
2024-10-16 23:57:32,006 INFO  server.RaftServerConfigKeys (ConfUtils.java:logGet(46)) - raft.server.snapshot.auto.trigger.enabled = false (default)
2024-10-16 23:57:32,007 INFO  server.RaftServerConfigKeys (ConfUtils.java:logGet(46)) - raft.server.snapshot.retention.file.num = -1 (default)
2024-10-16 23:57:32,007 INFO  server.RaftServerConfigKeys (ConfUtils.java:logGet(46)) - raft.server.log.purge.upto.snapshot.index = false (default)
2024-10-16 23:57:32,007 INFO  server.RaftServer$Division (RaftServerImpl.java:start(407)) - s14@group-676CD6864C30: Successfully started.
2024-10-16 23:57:32,008 INFO  netty.NettyUtils (NettyUtils.java:newEventLoopGroup(74)) - Create EpollEventLoopGroup for client-42539B097ECF; Thread size is 0.
2024-10-16 23:57:32,009 INFO  logging.LoggingHandler (AbstractInternalLogger.java:log(148)) - [id: 0xe405d390, L:/0.0.0.0:15017] READ: [id: 0x69c52570, L:/127.0.0.1:15017 - R:/127.0.0.1:38072]
2024-10-16 23:57:32,009 INFO  logging.LoggingHandler (AbstractInternalLogger.java:log(148)) - [id: 0xe405d390, L:/0.0.0.0:15017] READ COMPLETE
2024-10-16 23:57:32,010 INFO  server.RaftServer (RaftServerProxy.java:addNew(101)) - s2: addNew group-676CD6864C30:[] returns group-676CD6864C30:java.util.concurrent.CompletableFuture@5fe8354d[Not completed]
2024-10-16 23:57:32,010 INFO  server.RaftServer$Division (RaftServerImpl.java:<init>(257)) - s2: new RaftServerImpl for group-676CD6864C30:[] with ArithmeticStateMachine:uninitialized
2024-10-16 23:57:32,010 INFO  server.RaftServerConfigKeys (ConfUtils.java:logGet(46)) - raft.server.rpc.timeout.min = 300ms (custom)
2024-10-16 23:57:32,010 INFO  server.RaftServerConfigKeys (ConfUtils.java:logGet(46)) - raft.server.rpc.timeout.max = 600ms (custom)
2024-10-16 23:57:32,010 INFO  server.RaftServerConfigKeys (ConfUtils.java:logGet(46)) - raft.server.rpc.sleep.time = 25ms (default)
2024-10-16 23:57:32,010 INFO  server.RaftServerConfigKeys (ConfUtils.java:logGet(46)) - raft.server.rpc.slowness.timeout = 60s (default)
2024-10-16 23:57:32,010 INFO  server.RaftServerConfigKeys (ConfUtils.java:logGet(46)) - raft.server.leaderelection.leader.step-down.wait-time = 10s (default)
2024-10-16 23:57:32,010 INFO  server.RaftServerConfigKeys (ConfUtils.java:logGet(46)) - raft.server.leaderelection.member.majority-add = false (default)
2024-10-16 23:57:32,010 INFO  server.RaftServerConfigKeys (ConfUtils.java:logGet(46)) - raft.server.sleep.deviation.threshold = 300ms (default)
2024-10-16 23:57:32,010 INFO  server.RaftServer$Division (ServerState.java:<init>(114)) - s2@group-676CD6864C30: ConfigurationManager, init=conf: {index: -1, cur=peers:[]|listeners:[], old=null}, confs=<EMPTY_MAP>
2024-10-16 23:57:32,010 INFO  server.RaftServerConfigKeys (ConfUtils.java:logGet(46)) - raft.server.notification.no-leader.timeout = 60s (default)
2024-10-16 23:57:32,010 INFO  server.RaftServerConfigKeys (ConfUtils.java:logGet(46)) - raft.server.read.timeout = 10s (default)
2024-10-16 23:57:32,010 INFO  server.RaftServerConfigKeys (ConfUtils.java:logGet(46)) - raft.server.retrycache.expirytime = 60s (default)
2024-10-16 23:57:32,010 INFO  server.RaftServerConfigKeys (ConfUtils.java:logGet(46)) - raft.server.retrycache.statistics.expirytime = 100ms (default)
2024-10-16 23:57:32,010 INFO  server.RaftServerConfigKeys (ConfUtils.java:logGet(46)) - raft.server.read.option = DEFAULT (default)
2024-10-16 23:57:32,011 INFO  server.RaftServerConfigKeys (ConfUtils.java:logGet(46)) - raft.server.read.read-after-write-consistent.write-index-cache.expiry-time = 60s (default)
2024-10-16 23:57:32,011 INFO  server.RaftServerConfigKeys (ConfUtils.java:logGet(46)) - raft.server.rpc.request.timeout = 3000ms (default)
2024-10-16 23:57:32,011 INFO  server.RaftServerConfigKeys (ConfUtils.java:logGet(46)) - raft.server.log.appender.install.snapshot.enabled = true (default)
2024-10-16 23:57:32,011 INFO  server.RaftServerConfigKeys (ConfUtils.java:logGet(46)) - raft.server.threadpool.server.cached = true (default)
2024-10-16 23:57:32,011 INFO  server.RaftServerConfigKeys (ConfUtils.java:logGet(46)) - raft.server.threadpool.server.size = 0 (default)
2024-10-16 23:57:32,011 INFO  server.RaftServerConfigKeys (ConfUtils.java:logGet(46)) - raft.server.threadpool.client.cached = true (default)
2024-10-16 23:57:32,011 INFO  server.RaftServerConfigKeys (ConfUtils.java:logGet(46)) - raft.server.threadpool.client.size = 0 (default)
2024-10-16 23:57:32,011 INFO  server.RaftServerConfigKeys (ConfUtils.java:logGet(46)) - raft.server.storage.free-space.min = 0MB (=0) (default)
2024-10-16 23:57:32,011 INFO  server.RaftServerConfigKeys (ConfUtils.java:logGet(46)) - raft.server.log.corruption.policy = EXCEPTION (default)
2024-10-16 23:57:32,011 INFO  server.RaftServerConfigKeys (ConfUtils.java:logGet(46)) - raft.server.storage.dir = [/home/runner/work/ratis/ratis/ratis-examples/target/test/data/6cc99a4c/MiniRaftClusterWithNettyeee6e424/s2] (custom)
2024-10-16 23:57:32,011 INFO  storage.RaftStorageDirectory (RaftStorageDirectoryImpl.java:analyzeStorage(138)) - The storage directory /home/runner/work/ratis/ratis/ratis-examples/target/test/data/6cc99a4c/MiniRaftClusterWithNettyeee6e424/s2/4c4f035b-aa8d-4293-9e7b-676cd6864c30 does not exist. Creating ...
2024-10-16 23:57:32,012 TRACE util.FileUtils (LogUtils.java:runAndLog(49)) - Successfully ran Files.createDirectories /home/runner/work/ratis/ratis/ratis-examples/target/test/data/6cc99a4c/MiniRaftClusterWithNettyeee6e424/s2/4c4f035b-aa8d-4293-9e7b-676cd6864c30
2024-10-16 23:57:32,012 INFO  storage.RaftStorageDirectory (RaftStorageDirectoryImpl.java:tryLock(229)) - Lock on /home/runner/work/ratis/ratis/ratis-examples/target/test/data/6cc99a4c/MiniRaftClusterWithNettyeee6e424/s2/4c4f035b-aa8d-4293-9e7b-676cd6864c30/in_use.lock acquired by nodename 14984@fv-az1433-785
2024-10-16 23:57:32,012 TRACE util.FileUtils (LogUtils.java:runAndLog(49)) - Successfully ran Files.createDirectories /home/runner/work/ratis/ratis/ratis-examples/target/test/data/6cc99a4c/MiniRaftClusterWithNettyeee6e424/s2/4c4f035b-aa8d-4293-9e7b-676cd6864c30/current
2024-10-16 23:57:32,012 TRACE util.FileUtils (LogUtils.java:runAndLog(49)) - Successfully ran Files.createDirectories /home/runner/work/ratis/ratis/ratis-examples/target/test/data/6cc99a4c/MiniRaftClusterWithNettyeee6e424/s2/4c4f035b-aa8d-4293-9e7b-676cd6864c30/sm
2024-10-16 23:57:32,013 TRACE util.FileUtils (LogUtils.java:supplyAndLog(69)) - Successfully supplied FileChannel.open /home/runner/work/ratis/ratis/ratis-examples/target/test/data/6cc99a4c/MiniRaftClusterWithNettyeee6e424/s2/4c4f035b-aa8d-4293-9e7b-676cd6864c30/current/raft-meta.tmp with options [CREATE, WRITE]: sun.nio.ch.FileChannelImpl@75ca3357
2024-10-16 23:57:32,014 TRACE util.FileUtils (LogUtils.java:runAndLog(49)) - Successfully ran Atomic Files.move /home/runner/work/ratis/ratis/ratis-examples/target/test/data/6cc99a4c/MiniRaftClusterWithNettyeee6e424/s2/4c4f035b-aa8d-4293-9e7b-676cd6864c30/current/raft-meta.tmp to /home/runner/work/ratis/ratis/ratis-examples/target/test/data/6cc99a4c/MiniRaftClusterWithNettyeee6e424/s2/4c4f035b-aa8d-4293-9e7b-676cd6864c30/current/raft-meta with options [REPLACE_EXISTING]
2024-10-16 23:57:32,014 INFO  storage.RaftStorage (RaftStorageImpl.java:format(98)) - Storage directory /home/runner/work/ratis/ratis/ratis-examples/target/test/data/6cc99a4c/MiniRaftClusterWithNettyeee6e424/s2/4c4f035b-aa8d-4293-9e7b-676cd6864c30 has been successfully formatted.
2024-10-16 23:57:32,014 WARN  statemachine.StateMachine (ArithmeticStateMachine.java:loadSnapshot(115)) - The snapshot info is null.
2024-10-16 23:57:32,014 INFO  server.RaftServerConfigKeys (ConfUtils.java:logGet(46)) - raft.server.log.use.memory = false (default)
2024-10-16 23:57:32,014 INFO  server.RaftServerConfigKeys (ConfUtils.java:logGet(46)) - raft.server.log.purge.gap = 1024 (default)
2024-10-16 23:57:32,014 INFO  server.RaftServerConfigKeys (ConfUtils.java:logGet(46)) - raft.server.log.appender.buffer.byte-limit = 4MB (=4194304) (default)
2024-10-16 23:57:32,014 INFO  server.RaftServerConfigKeys (ConfUtils.java:logGet(46)) - raft.server.log.statemachine.data.read.timeout = 1000ms (default)
2024-10-16 23:57:32,014 INFO  server.RaftServerConfigKeys (ConfUtils.java:logGet(46)) - raft.server.log.purge.preservation.log.num = 0 (default)
2024-10-16 23:57:32,014 INFO  server.RaftServerConfigKeys (ConfUtils.java:logGet(46)) - raft.server.log.segment.size.max = 32MB (=33554432) (default)
2024-10-16 23:57:32,014 INFO  server.RaftServerConfigKeys (ConfUtils.java:logGet(46)) - raft.server.log.segment.cache.num.max = 6 (default)
2024-10-16 23:57:32,014 INFO  server.RaftServerConfigKeys (ConfUtils.java:logGet(46)) - raft.server.log.segment.cache.size.max = 200MB (=209715200) (default)
2024-10-16 23:57:32,014 INFO  server.RaftServerConfigKeys (ConfUtils.java:logGet(46)) - raft.server.log.appender.buffer.byte-limit = 4MB (=4194304) (default)
2024-10-16 23:57:32,015 INFO  util.AwaitToRun (AwaitToRun.java:start(81)) - Thread[s2@group-676CD6864C30-cacheEviction-AwaitToRun,5,main] started
2024-10-16 23:57:32,015 INFO  segmented.SegmentedRaftLogWorker (SegmentedRaftLogWorker.java:<init>(188)) - new s2@group-676CD6864C30-SegmentedRaftLogWorker for RaftStorageImpl:Storage Directory /home/runner/work/ratis/ratis/ratis-examples/target/test/data/6cc99a4c/MiniRaftClusterWithNettyeee6e424/s2/4c4f035b-aa8d-4293-9e7b-676cd6864c30
2024-10-16 23:57:32,015 INFO  server.RaftServerConfigKeys (ConfUtils.java:logGet(46)) - raft.server.log.queue.byte-limit = 64MB (=67108864) (default)
2024-10-16 23:57:32,015 INFO  server.RaftServerConfigKeys (ConfUtils.java:logGet(46)) - raft.server.log.queue.element-limit = 4096 (default)
2024-10-16 23:57:32,015 INFO  server.RaftServerConfigKeys (ConfUtils.java:logGet(46)) - raft.server.log.segment.size.max = 32MB (=33554432) (default)
2024-10-16 23:57:32,015 INFO  server.RaftServerConfigKeys (ConfUtils.java:logGet(46)) - raft.server.log.preallocated.size = 4MB (=4194304) (default)
2024-10-16 23:57:32,015 INFO  server.RaftServerConfigKeys (ConfUtils.java:logGet(46)) - raft.server.log.force.sync.num = 128 (default)
2024-10-16 23:57:32,015 INFO  server.RaftServerConfigKeys (ConfUtils.java:logGet(46)) - raft.server.log.statemachine.data.sync = true (default)
2024-10-16 23:57:32,015 INFO  server.RaftServerConfigKeys (ConfUtils.java:logGet(46)) - raft.server.log.statemachine.data.sync.timeout = 10s (default)
2024-10-16 23:57:32,015 INFO  server.RaftServerConfigKeys (ConfUtils.java:logGet(46)) - raft.server.log.statemachine.data.sync.timeout.retry = -1 (default)
2024-10-16 23:57:32,015 INFO  server.RaftServerConfigKeys (ConfUtils.java:logGet(46)) - raft.server.log.write.buffer.size = 8MB (=8388608) (default)
2024-10-16 23:57:32,016 INFO  server.RaftServerConfigKeys (ConfUtils.java:logGet(46)) - raft.server.log.appender.buffer.byte-limit = 4MB (=4194304) (default)
2024-10-16 23:57:32,016 INFO  server.RaftServerConfigKeys (ConfUtils.java:logGet(46)) - raft.server.log.unsafe-flush.enabled = false (default)
2024-10-16 23:57:32,016 INFO  server.RaftServerConfigKeys (ConfUtils.java:logGet(46)) - raft.server.log.async-flush.enabled = false (default)
2024-10-16 23:57:32,016 INFO  server.RaftServerConfigKeys (ConfUtils.java:logGet(46)) - raft.server.log.statemachine.data.caching.enabled = false (default)
2024-10-16 23:57:32,016 INFO  segmented.SegmentedRaftLogWorker (SegmentedRaftLogWorker.java:lambda$new$0(139)) - s2@group-676CD6864C30-SegmentedRaftLogWorker: flushIndex: setUnconditionally 0 -> -1
2024-10-16 23:57:32,016 INFO  segmented.SegmentedRaftLogWorker (SegmentedRaftLogWorker.java:lambda$new$0(139)) - s2@group-676CD6864C30-SegmentedRaftLogWorker: safeCacheEvictIndex: setUnconditionally 0 -> -1
2024-10-16 23:57:32,016 INFO  server.RaftServer$Division (RaftServerImpl.java:start(399)) - s2@group-676CD6864C30: start with initializing state, conf=conf: {index: -1, cur=peers:[]|listeners:[], old=null}
2024-10-16 23:57:32,016 INFO  server.RaftServer$Division (RaftServerImpl.java:setRole(380)) - s2@group-676CD6864C30: changes role from      null to FOLLOWER at term 0 for start
2024-10-16 23:57:32,016 INFO  util.JmxRegister (JmxRegister.java:tryRegister(44)) - Successfully registered JMX Bean with object name Ratis:service=RaftServer,group=group-676CD6864C30,id=s2
2024-10-16 23:57:32,016 INFO  util.JmxRegister (JmxRegister.java:register(58)) - register mxBean class org.apache.ratis.server.impl.RaftServerJmxAdapter as Ratis:service=RaftServer,group=group-676CD6864C30,id=s2
2024-10-16 23:57:32,016 INFO  server.RaftServerConfigKeys (ConfUtils.java:logGet(46)) - raft.server.snapshot.trigger-when-stop.enabled = true (default)
2024-10-16 23:57:32,016 INFO  server.RaftServerConfigKeys (ConfUtils.java:logGet(46)) - raft.server.snapshot.trigger-when-remove.enabled = true (default)
2024-10-16 23:57:32,017 INFO  server.RaftServerConfigKeys (ConfUtils.java:logGet(46)) - raft.server.snapshot.auto.trigger.enabled = false (default)
2024-10-16 23:57:32,017 INFO  server.RaftServerConfigKeys (ConfUtils.java:logGet(46)) - raft.server.snapshot.retention.file.num = -1 (default)
2024-10-16 23:57:32,017 INFO  server.RaftServerConfigKeys (ConfUtils.java:logGet(46)) - raft.server.log.purge.upto.snapshot.index = false (default)
2024-10-16 23:57:32,017 INFO  server.RaftServer$Division (RaftServerImpl.java:start(407)) - s2@group-676CD6864C30: Successfully started.
2024-10-16 23:57:32,019 INFO  impl.GroupManagementBaseTest (GroupManagementBaseTest.java:runMultiGroupTest(322)) - 4) groupAdd: printing group-27FC73985AF3
2024-10-16 23:57:32,020 INFO  netty.NettyUtils (NettyUtils.java:newEventLoopGroup(74)) - Create EpollEventLoopGroup for client-0723A7D0664E; Thread size is 0.
2024-10-16 23:57:32,021 INFO  logging.LoggingHandler (AbstractInternalLogger.java:log(148)) - [id: 0xcef48036, L:/0.0.0.0:15022] READ: [id: 0x100d2da0, L:/127.0.0.1:15022 - R:/127.0.0.1:48206]
2024-10-16 23:57:32,021 INFO  logging.LoggingHandler (AbstractInternalLogger.java:log(148)) - [id: 0xcef48036, L:/0.0.0.0:15022] READ COMPLETE
2024-10-16 23:57:32,021 INFO  server.RaftServer (RaftServerProxy.java:addNew(101)) - s7: addNew group-676CD6864C30:[] returns group-676CD6864C30:java.util.concurrent.CompletableFuture@52a30f52[Not completed]
2024-10-16 23:57:32,023 INFO  server.RaftServer$Division (RaftServerImpl.java:<init>(257)) - s7: new RaftServerImpl for group-676CD6864C30:[] with ArithmeticStateMachine:uninitialized
2024-10-16 23:57:32,023 INFO  server.RaftServerConfigKeys (ConfUtils.java:logGet(46)) - raft.server.rpc.timeout.min = 300ms (custom)
2024-10-16 23:57:32,023 INFO  server.RaftServerConfigKeys (ConfUtils.java:logGet(46)) - raft.server.rpc.timeout.max = 600ms (custom)
2024-10-16 23:57:32,023 INFO  server.RaftServerConfigKeys (ConfUtils.java:logGet(46)) - raft.server.rpc.sleep.time = 25ms (default)
2024-10-16 23:57:32,023 INFO  server.RaftServerConfigKeys (ConfUtils.java:logGet(46)) - raft.server.rpc.slowness.timeout = 60s (default)
2024-10-16 23:57:32,023 INFO  server.RaftServerConfigKeys (ConfUtils.java:logGet(46)) - raft.server.leaderelection.leader.step-down.wait-time = 10s (default)
2024-10-16 23:57:32,023 INFO  server.RaftServerConfigKeys (ConfUtils.java:logGet(46)) - raft.server.leaderelection.member.majority-add = false (default)
2024-10-16 23:57:32,023 INFO  server.RaftServerConfigKeys (ConfUtils.java:logGet(46)) - raft.server.sleep.deviation.threshold = 300ms (default)
2024-10-16 23:57:32,023 INFO  server.RaftServer$Division (ServerState.java:<init>(114)) - s7@group-676CD6864C30: ConfigurationManager, init=conf: {index: -1, cur=peers:[]|listeners:[], old=null}, confs=<EMPTY_MAP>
2024-10-16 23:57:32,023 INFO  server.RaftServerConfigKeys (ConfUtils.java:logGet(46)) - raft.server.notification.no-leader.timeout = 60s (default)
2024-10-16 23:57:32,023 INFO  server.RaftServerConfigKeys (ConfUtils.java:logGet(46)) - raft.server.read.timeout = 10s (default)
2024-10-16 23:57:32,023 INFO  server.RaftServerConfigKeys (ConfUtils.java:logGet(46)) - raft.server.retrycache.expirytime = 60s (default)
2024-10-16 23:57:32,023 INFO  server.RaftServerConfigKeys (ConfUtils.java:logGet(46)) - raft.server.retrycache.statistics.expirytime = 100ms (default)
2024-10-16 23:57:32,023 INFO  server.RaftServerConfigKeys (ConfUtils.java:logGet(46)) - raft.server.read.option = DEFAULT (default)
2024-10-16 23:57:32,023 INFO  server.RaftServerConfigKeys (ConfUtils.java:logGet(46)) - raft.server.read.read-after-write-consistent.write-index-cache.expiry-time = 60s (default)
2024-10-16 23:57:32,024 INFO  server.RaftServerConfigKeys (ConfUtils.java:logGet(46)) - raft.server.rpc.request.timeout = 3000ms (default)
2024-10-16 23:57:32,024 INFO  server.RaftServerConfigKeys (ConfUtils.java:logGet(46)) - raft.server.log.appender.install.snapshot.enabled = true (default)
2024-10-16 23:57:32,024 INFO  server.RaftServerConfigKeys (ConfUtils.java:logGet(46)) - raft.server.threadpool.server.cached = true (default)
2024-10-16 23:57:32,024 INFO  server.RaftServerConfigKeys (ConfUtils.java:logGet(46)) - raft.server.threadpool.server.size = 0 (default)
2024-10-16 23:57:32,024 INFO  server.RaftServerConfigKeys (ConfUtils.java:logGet(46)) - raft.server.threadpool.client.cached = true (default)
2024-10-16 23:57:32,024 INFO  server.RaftServerConfigKeys (ConfUtils.java:logGet(46)) - raft.server.threadpool.client.size = 0 (default)
2024-10-16 23:57:32,024 INFO  server.RaftServerConfigKeys (ConfUtils.java:logGet(46)) - raft.server.storage.free-space.min = 0MB (=0) (default)
2024-10-16 23:57:32,024 INFO  server.RaftServerConfigKeys (ConfUtils.java:logGet(46)) - raft.server.log.corruption.policy = EXCEPTION (default)
2024-10-16 23:57:32,024 INFO  server.RaftServerConfigKeys (ConfUtils.java:logGet(46)) - raft.server.storage.dir = [/home/runner/work/ratis/ratis/ratis-examples/target/test/data/6cc99a4c/MiniRaftClusterWithNettyeee6e424/s7] (custom)
2024-10-16 23:57:32,025 INFO  storage.RaftStorageDirectory (RaftStorageDirectoryImpl.java:analyzeStorage(138)) - The storage directory /home/runner/work/ratis/ratis/ratis-examples/target/test/data/6cc99a4c/MiniRaftClusterWithNettyeee6e424/s7/4c4f035b-aa8d-4293-9e7b-676cd6864c30 does not exist. Creating ...
2024-10-16 23:57:32,025 TRACE util.FileUtils (LogUtils.java:runAndLog(49)) - Successfully ran Files.createDirectories /home/runner/work/ratis/ratis/ratis-examples/target/test/data/6cc99a4c/MiniRaftClusterWithNettyeee6e424/s7/4c4f035b-aa8d-4293-9e7b-676cd6864c30
2024-10-16 23:57:32,026 INFO  storage.RaftStorageDirectory (RaftStorageDirectoryImpl.java:tryLock(229)) - Lock on /home/runner/work/ratis/ratis/ratis-examples/target/test/data/6cc99a4c/MiniRaftClusterWithNettyeee6e424/s7/4c4f035b-aa8d-4293-9e7b-676cd6864c30/in_use.lock acquired by nodename 14984@fv-az1433-785
2024-10-16 23:57:32,026 TRACE util.FileUtils (LogUtils.java:runAndLog(49)) - Successfully ran Files.createDirectories /home/runner/work/ratis/ratis/ratis-examples/target/test/data/6cc99a4c/MiniRaftClusterWithNettyeee6e424/s7/4c4f035b-aa8d-4293-9e7b-676cd6864c30/current
2024-10-16 23:57:32,026 TRACE util.FileUtils (LogUtils.java:runAndLog(49)) - Successfully ran Files.createDirectories /home/runner/work/ratis/ratis/ratis-examples/target/test/data/6cc99a4c/MiniRaftClusterWithNettyeee6e424/s7/4c4f035b-aa8d-4293-9e7b-676cd6864c30/sm
2024-10-16 23:57:32,026 TRACE util.FileUtils (LogUtils.java:supplyAndLog(69)) - Successfully supplied FileChannel.open /home/runner/work/ratis/ratis/ratis-examples/target/test/data/6cc99a4c/MiniRaftClusterWithNettyeee6e424/s7/4c4f035b-aa8d-4293-9e7b-676cd6864c30/current/raft-meta.tmp with options [CREATE, WRITE]: sun.nio.ch.FileChannelImpl@32fd4257
2024-10-16 23:57:32,027 TRACE util.FileUtils (LogUtils.java:runAndLog(49)) - Successfully ran Atomic Files.move /home/runner/work/ratis/ratis/ratis-examples/target/test/data/6cc99a4c/MiniRaftClusterWithNettyeee6e424/s7/4c4f035b-aa8d-4293-9e7b-676cd6864c30/current/raft-meta.tmp to /home/runner/work/ratis/ratis/ratis-examples/target/test/data/6cc99a4c/MiniRaftClusterWithNettyeee6e424/s7/4c4f035b-aa8d-4293-9e7b-676cd6864c30/current/raft-meta with options [REPLACE_EXISTING]
2024-10-16 23:57:32,027 INFO  storage.RaftStorage (RaftStorageImpl.java:format(98)) - Storage directory /home/runner/work/ratis/ratis/ratis-examples/target/test/data/6cc99a4c/MiniRaftClusterWithNettyeee6e424/s7/4c4f035b-aa8d-4293-9e7b-676cd6864c30 has been successfully formatted.
2024-10-16 23:57:32,027 WARN  statemachine.StateMachine (ArithmeticStateMachine.java:loadSnapshot(115)) - The snapshot info is null.
2024-10-16 23:57:32,027 INFO  server.RaftServerConfigKeys (ConfUtils.java:logGet(46)) - raft.server.log.use.memory = false (default)
2024-10-16 23:57:32,027 INFO  server.RaftServerConfigKeys (ConfUtils.java:logGet(46)) - raft.server.log.purge.gap = 1024 (default)
2024-10-16 23:57:32,027 INFO  server.RaftServerConfigKeys (ConfUtils.java:logGet(46)) - raft.server.log.appender.buffer.byte-limit = 4MB (=4194304) (default)
2024-10-16 23:57:32,027 INFO  server.RaftServerConfigKeys (ConfUtils.java:logGet(46)) - raft.server.log.statemachine.data.read.timeout = 1000ms (default)
2024-10-16 23:57:32,027 INFO  server.RaftServerConfigKeys (ConfUtils.java:logGet(46)) - raft.server.log.purge.preservation.log.num = 0 (default)
2024-10-16 23:57:32,028 INFO  server.RaftServerConfigKeys (ConfUtils.java:logGet(46)) - raft.server.log.segment.size.max = 32MB (=33554432) (default)
2024-10-16 23:57:32,028 INFO  server.RaftServerConfigKeys (ConfUtils.java:logGet(46)) - raft.server.log.segment.cache.num.max = 6 (default)
2024-10-16 23:57:32,028 INFO  server.RaftServerConfigKeys (ConfUtils.java:logGet(46)) - raft.server.log.segment.cache.size.max = 200MB (=209715200) (default)
2024-10-16 23:57:32,028 INFO  server.RaftServerConfigKeys (ConfUtils.java:logGet(46)) - raft.server.log.appender.buffer.byte-limit = 4MB (=4194304) (default)
2024-10-16 23:57:32,028 INFO  util.AwaitToRun (AwaitToRun.java:start(81)) - Thread[s7@group-676CD6864C30-cacheEviction-AwaitToRun,5,main] started
2024-10-16 23:57:32,028 INFO  segmented.SegmentedRaftLogWorker (SegmentedRaftLogWorker.java:<init>(188)) - new s7@group-676CD6864C30-SegmentedRaftLogWorker for RaftStorageImpl:Storage Directory /home/runner/work/ratis/ratis/ratis-examples/target/test/data/6cc99a4c/MiniRaftClusterWithNettyeee6e424/s7/4c4f035b-aa8d-4293-9e7b-676cd6864c30
2024-10-16 23:57:32,028 INFO  server.RaftServerConfigKeys (ConfUtils.java:logGet(46)) - raft.server.log.queue.byte-limit = 64MB (=67108864) (default)
2024-10-16 23:57:32,028 INFO  server.RaftServerConfigKeys (ConfUtils.java:logGet(46)) - raft.server.log.queue.element-limit = 4096 (default)
2024-10-16 23:57:32,028 INFO  server.RaftServerConfigKeys (ConfUtils.java:logGet(46)) - raft.server.log.segment.size.max = 32MB (=33554432) (default)
2024-10-16 23:57:32,028 INFO  server.RaftServerConfigKeys (ConfUtils.java:logGet(46)) - raft.server.log.preallocated.size = 4MB (=4194304) (default)
2024-10-16 23:57:32,028 INFO  server.RaftServerConfigKeys (ConfUtils.java:logGet(46)) - raft.server.log.force.sync.num = 128 (default)
2024-10-16 23:57:32,028 INFO  server.RaftServerConfigKeys (ConfUtils.java:logGet(46)) - raft.server.log.statemachine.data.sync = true (default)
2024-10-16 23:57:32,028 INFO  server.RaftServerConfigKeys (ConfUtils.java:logGet(46)) - raft.server.log.statemachine.data.sync.timeout = 10s (default)
2024-10-16 23:57:32,029 INFO  server.RaftServerConfigKeys (ConfUtils.java:logGet(46)) - raft.server.log.statemachine.data.sync.timeout.retry = -1 (default)
2024-10-16 23:57:32,029 INFO  server.RaftServerConfigKeys (ConfUtils.java:logGet(46)) - raft.server.log.write.buffer.size = 8MB (=8388608) (default)
2024-10-16 23:57:32,029 INFO  server.RaftServerConfigKeys (ConfUtils.java:logGet(46)) - raft.server.log.appender.buffer.byte-limit = 4MB (=4194304) (default)
2024-10-16 23:57:32,029 INFO  server.RaftServerConfigKeys (ConfUtils.java:logGet(46)) - raft.server.log.unsafe-flush.enabled = false (default)
2024-10-16 23:57:32,029 INFO  server.RaftServerConfigKeys (ConfUtils.java:logGet(46)) - raft.server.log.async-flush.enabled = false (default)
2024-10-16 23:57:32,029 INFO  server.RaftServerConfigKeys (ConfUtils.java:logGet(46)) - raft.server.log.statemachine.data.caching.enabled = false (default)
2024-10-16 23:57:32,029 INFO  segmented.SegmentedRaftLogWorker (SegmentedRaftLogWorker.java:lambda$new$0(139)) - s7@group-676CD6864C30-SegmentedRaftLogWorker: flushIndex: setUnconditionally 0 -> -1
2024-10-16 23:57:32,030 INFO  segmented.SegmentedRaftLogWorker (SegmentedRaftLogWorker.java:lambda$new$0(139)) - s7@group-676CD6864C30-SegmentedRaftLogWorker: safeCacheEvictIndex: setUnconditionally 0 -> -1
2024-10-16 23:57:32,030 INFO  server.RaftServer$Division (RaftServerImpl.java:start(399)) - s7@group-676CD6864C30: start with initializing state, conf=conf: {index: -1, cur=peers:[]|listeners:[], old=null}
2024-10-16 23:57:32,030 INFO  server.RaftServer$Division (RaftServerImpl.java:setRole(380)) - s7@group-676CD6864C30: changes role from      null to FOLLOWER at term 0 for start
2024-10-16 23:57:32,030 INFO  util.JmxRegister (JmxRegister.java:tryRegister(44)) - Successfully registered JMX Bean with object name Ratis:service=RaftServer,group=group-676CD6864C30,id=s7
2024-10-16 23:57:32,030 INFO  util.JmxRegister (JmxRegister.java:register(58)) - register mxBean class org.apache.ratis.server.impl.RaftServerJmxAdapter as Ratis:service=RaftServer,group=group-676CD6864C30,id=s7
2024-10-16 23:57:32,030 INFO  server.RaftServerConfigKeys (ConfUtils.java:logGet(46)) - raft.server.snapshot.trigger-when-stop.enabled = true (default)
2024-10-16 23:57:32,030 INFO  server.RaftServerConfigKeys (ConfUtils.java:logGet(46)) - raft.server.snapshot.trigger-when-remove.enabled = true (default)
2024-10-16 23:57:32,030 INFO  server.RaftServerConfigKeys (ConfUtils.java:logGet(46)) - raft.server.snapshot.auto.trigger.enabled = false (default)
2024-10-16 23:57:32,030 INFO  server.RaftServerConfigKeys (ConfUtils.java:logGet(46)) - raft.server.snapshot.retention.file.num = -1 (default)
2024-10-16 23:57:32,030 INFO  server.RaftServerConfigKeys (ConfUtils.java:logGet(46)) - raft.server.log.purge.upto.snapshot.index = false (default)
2024-10-16 23:57:32,030 INFO  server.RaftServer$Division (RaftServerImpl.java:start(407)) - s7@group-676CD6864C30: Successfully started.
2024-10-16 23:57:32,033 INFO  netty.NettyUtils (NettyUtils.java:newEventLoopGroup(74)) - Create EpollEventLoopGroup for client-E860DE32E48F; Thread size is 0.
2024-10-16 23:57:32,034 INFO  logging.LoggingHandler (AbstractInternalLogger.java:log(148)) - [id: 0x200c6c5b, L:/0.0.0.0:15023] READ: [id: 0xd1504957, L:/127.0.0.1:15023 - R:/127.0.0.1:60844]
2024-10-16 23:57:32,035 INFO  logging.LoggingHandler (AbstractInternalLogger.java:log(148)) - [id: 0x200c6c5b, L:/0.0.0.0:15023] READ COMPLETE
2024-10-16 23:57:32,036 INFO  server.RaftServer (RaftServerProxy.java:addNew(101)) - s8: addNew group-676CD6864C30:[] returns group-676CD6864C30:java.util.concurrent.CompletableFuture@26c9cdfd[Not completed]
2024-10-16 23:57:32,036 INFO  server.RaftServer$Division (RaftServerImpl.java:<init>(257)) - s8: new RaftServerImpl for group-676CD6864C30:[] with ArithmeticStateMachine:uninitialized
2024-10-16 23:57:32,036 INFO  server.RaftServerConfigKeys (ConfUtils.java:logGet(46)) - raft.server.rpc.timeout.min = 300ms (custom)
2024-10-16 23:57:32,036 INFO  server.RaftServerConfigKeys (ConfUtils.java:logGet(46)) - raft.server.rpc.timeout.max = 600ms (custom)
2024-10-16 23:57:32,036 INFO  server.RaftServerConfigKeys (ConfUtils.java:logGet(46)) - raft.server.rpc.sleep.time = 25ms (default)
2024-10-16 23:57:32,036 INFO  server.RaftServerConfigKeys (ConfUtils.java:logGet(46)) - raft.server.rpc.slowness.timeout = 60s (default)
2024-10-16 23:57:32,036 INFO  server.RaftServerConfigKeys (ConfUtils.java:logGet(46)) - raft.server.leaderelection.leader.step-down.wait-time = 10s (default)
2024-10-16 23:57:32,036 INFO  server.RaftServerConfigKeys (ConfUtils.java:logGet(46)) - raft.server.leaderelection.member.majority-add = false (default)
2024-10-16 23:57:32,036 INFO  server.RaftServerConfigKeys (ConfUtils.java:logGet(46)) - raft.server.sleep.deviation.threshold = 300ms (default)
2024-10-16 23:57:32,036 INFO  server.RaftServer$Division (ServerState.java:<init>(114)) - s8@group-676CD6864C30: ConfigurationManager, init=conf: {index: -1, cur=peers:[]|listeners:[], old=null}, confs=<EMPTY_MAP>
2024-10-16 23:57:32,036 INFO  server.RaftServerConfigKeys (ConfUtils.java:logGet(46)) - raft.server.notification.no-leader.timeout = 60s (default)
2024-10-16 23:57:32,036 INFO  server.RaftServerConfigKeys (ConfUtils.java:logGet(46)) - raft.server.read.timeout = 10s (default)
2024-10-16 23:57:32,036 INFO  server.RaftServerConfigKeys (ConfUtils.java:logGet(46)) - raft.server.retrycache.expirytime = 60s (default)
2024-10-16 23:57:32,036 INFO  server.RaftServerConfigKeys (ConfUtils.java:logGet(46)) - raft.server.retrycache.statistics.expirytime = 100ms (default)
2024-10-16 23:57:32,036 INFO  server.RaftServerConfigKeys (ConfUtils.java:logGet(46)) - raft.server.read.option = DEFAULT (default)
2024-10-16 23:57:32,036 INFO  server.RaftServerConfigKeys (ConfUtils.java:logGet(46)) - raft.server.read.read-after-write-consistent.write-index-cache.expiry-time = 60s (default)
2024-10-16 23:57:32,037 INFO  server.RaftServerConfigKeys (ConfUtils.java:logGet(46)) - raft.server.rpc.request.timeout = 3000ms (default)
2024-10-16 23:57:32,037 INFO  server.RaftServerConfigKeys (ConfUtils.java:logGet(46)) - raft.server.log.appender.install.snapshot.enabled = true (default)
2024-10-16 23:57:32,037 INFO  server.RaftServerConfigKeys (ConfUtils.java:logGet(46)) - raft.server.threadpool.server.cached = true (default)
2024-10-16 23:57:32,037 INFO  server.RaftServerConfigKeys (ConfUtils.java:logGet(46)) - raft.server.threadpool.server.size = 0 (default)
2024-10-16 23:57:32,037 INFO  server.RaftServerConfigKeys (ConfUtils.java:logGet(46)) - raft.server.threadpool.client.cached = true (default)
2024-10-16 23:57:32,037 INFO  server.RaftServerConfigKeys (ConfUtils.java:logGet(46)) - raft.server.threadpool.client.size = 0 (default)
2024-10-16 23:57:32,037 INFO  server.RaftServerConfigKeys (ConfUtils.java:logGet(46)) - raft.server.storage.free-space.min = 0MB (=0) (default)
2024-10-16 23:57:32,037 INFO  server.RaftServerConfigKeys (ConfUtils.java:logGet(46)) - raft.server.log.corruption.policy = EXCEPTION (default)
2024-10-16 23:57:32,037 INFO  server.RaftServerConfigKeys (ConfUtils.java:logGet(46)) - raft.server.storage.dir = [/home/runner/work/ratis/ratis/ratis-examples/target/test/data/6cc99a4c/MiniRaftClusterWithNettyeee6e424/s8] (custom)
2024-10-16 23:57:32,038 INFO  storage.RaftStorageDirectory (RaftStorageDirectoryImpl.java:analyzeStorage(138)) - The storage directory /home/runner/work/ratis/ratis/ratis-examples/target/test/data/6cc99a4c/MiniRaftClusterWithNettyeee6e424/s8/4c4f035b-aa8d-4293-9e7b-676cd6864c30 does not exist. Creating ...
2024-10-16 23:57:32,038 TRACE util.FileUtils (LogUtils.java:runAndLog(49)) - Successfully ran Files.createDirectories /home/runner/work/ratis/ratis/ratis-examples/target/test/data/6cc99a4c/MiniRaftClusterWithNettyeee6e424/s8/4c4f035b-aa8d-4293-9e7b-676cd6864c30
2024-10-16 23:57:32,038 INFO  storage.RaftStorageDirectory (RaftStorageDirectoryImpl.java:tryLock(229)) - Lock on /home/runner/work/ratis/ratis/ratis-examples/target/test/data/6cc99a4c/MiniRaftClusterWithNettyeee6e424/s8/4c4f035b-aa8d-4293-9e7b-676cd6864c30/in_use.lock acquired by nodename 14984@fv-az1433-785
2024-10-16 23:57:32,038 TRACE util.FileUtils (LogUtils.java:runAndLog(49)) - Successfully ran Files.createDirectories /home/runner/work/ratis/ratis/ratis-examples/target/test/data/6cc99a4c/MiniRaftClusterWithNettyeee6e424/s8/4c4f035b-aa8d-4293-9e7b-676cd6864c30/current
2024-10-16 23:57:32,038 TRACE util.FileUtils (LogUtils.java:runAndLog(49)) - Successfully ran Files.createDirectories /home/runner/work/ratis/ratis/ratis-examples/target/test/data/6cc99a4c/MiniRaftClusterWithNettyeee6e424/s8/4c4f035b-aa8d-4293-9e7b-676cd6864c30/sm
2024-10-16 23:57:32,039 TRACE util.FileUtils (LogUtils.java:supplyAndLog(69)) - Successfully supplied FileChannel.open /home/runner/work/ratis/ratis/ratis-examples/target/test/data/6cc99a4c/MiniRaftClusterWithNettyeee6e424/s8/4c4f035b-aa8d-4293-9e7b-676cd6864c30/current/raft-meta.tmp with options [CREATE, WRITE]: sun.nio.ch.FileChannelImpl@3c6062ae
2024-10-16 23:57:32,039 TRACE util.FileUtils (LogUtils.java:runAndLog(49)) - Successfully ran Atomic Files.move /home/runner/work/ratis/ratis/ratis-examples/target/test/data/6cc99a4c/MiniRaftClusterWithNettyeee6e424/s8/4c4f035b-aa8d-4293-9e7b-676cd6864c30/current/raft-meta.tmp to /home/runner/work/ratis/ratis/ratis-examples/target/test/data/6cc99a4c/MiniRaftClusterWithNettyeee6e424/s8/4c4f035b-aa8d-4293-9e7b-676cd6864c30/current/raft-meta with options [REPLACE_EXISTING]
2024-10-16 23:57:32,039 INFO  storage.RaftStorage (RaftStorageImpl.java:format(98)) - Storage directory /home/runner/work/ratis/ratis/ratis-examples/target/test/data/6cc99a4c/MiniRaftClusterWithNettyeee6e424/s8/4c4f035b-aa8d-4293-9e7b-676cd6864c30 has been successfully formatted.
2024-10-16 23:57:32,040 WARN  statemachine.StateMachine (ArithmeticStateMachine.java:loadSnapshot(115)) - The snapshot info is null.
2024-10-16 23:57:32,040 INFO  server.RaftServerConfigKeys (ConfUtils.java:logGet(46)) - raft.server.log.use.memory = false (default)
2024-10-16 23:57:32,040 INFO  server.RaftServerConfigKeys (ConfUtils.java:logGet(46)) - raft.server.log.purge.gap = 1024 (default)
2024-10-16 23:57:32,040 INFO  server.RaftServerConfigKeys (ConfUtils.java:logGet(46)) - raft.server.log.appender.buffer.byte-limit = 4MB (=4194304) (default)
2024-10-16 23:57:32,040 INFO  server.RaftServerConfigKeys (ConfUtils.java:logGet(46)) - raft.server.log.statemachine.data.read.timeout = 1000ms (default)
2024-10-16 23:57:32,040 INFO  server.RaftServerConfigKeys (ConfUtils.java:logGet(46)) - raft.server.log.purge.preservation.log.num = 0 (default)
2024-10-16 23:57:32,040 INFO  server.RaftServerConfigKeys (ConfUtils.java:logGet(46)) - raft.server.log.segment.size.max = 32MB (=33554432) (default)
2024-10-16 23:57:32,040 INFO  server.RaftServerConfigKeys (ConfUtils.java:logGet(46)) - raft.server.log.segment.cache.num.max = 6 (default)
2024-10-16 23:57:32,040 INFO  server.RaftServerConfigKeys (ConfUtils.java:logGet(46)) - raft.server.log.segment.cache.size.max = 200MB (=209715200) (default)
2024-10-16 23:57:32,040 INFO  server.RaftServerConfigKeys (ConfUtils.java:logGet(46)) - raft.server.log.appender.buffer.byte-limit = 4MB (=4194304) (default)
2024-10-16 23:57:32,040 INFO  util.AwaitToRun (AwaitToRun.java:start(81)) - Thread[s8@group-676CD6864C30-cacheEviction-AwaitToRun,5,main] started
2024-10-16 23:57:32,040 INFO  segmented.SegmentedRaftLogWorker (SegmentedRaftLogWorker.java:<init>(188)) - new s8@group-676CD6864C30-SegmentedRaftLogWorker for RaftStorageImpl:Storage Directory /home/runner/work/ratis/ratis/ratis-examples/target/test/data/6cc99a4c/MiniRaftClusterWithNettyeee6e424/s8/4c4f035b-aa8d-4293-9e7b-676cd6864c30
2024-10-16 23:57:32,040 INFO  server.RaftServerConfigKeys (ConfUtils.java:logGet(46)) - raft.server.log.queue.byte-limit = 64MB (=67108864) (default)
2024-10-16 23:57:32,041 INFO  server.RaftServerConfigKeys (ConfUtils.java:logGet(46)) - raft.server.log.queue.element-limit = 4096 (default)
2024-10-16 23:57:32,041 INFO  server.RaftServerConfigKeys (ConfUtils.java:logGet(46)) - raft.server.log.segment.size.max = 32MB (=33554432) (default)
2024-10-16 23:57:32,041 INFO  server.RaftServerConfigKeys (ConfUtils.java:logGet(46)) - raft.server.log.preallocated.size = 4MB (=4194304) (default)
2024-10-16 23:57:32,041 INFO  server.RaftServerConfigKeys (ConfUtils.java:logGet(46)) - raft.server.log.force.sync.num = 128 (default)
2024-10-16 23:57:32,041 INFO  server.RaftServerConfigKeys (ConfUtils.java:logGet(46)) - raft.server.log.statemachine.data.sync = true (default)
2024-10-16 23:57:32,041 INFO  server.RaftServerConfigKeys (ConfUtils.java:logGet(46)) - raft.server.log.statemachine.data.sync.timeout = 10s (default)
2024-10-16 23:57:32,041 INFO  server.RaftServerConfigKeys (ConfUtils.java:logGet(46)) - raft.server.log.statemachine.data.sync.timeout.retry = -1 (default)
2024-10-16 23:57:32,041 INFO  server.RaftServerConfigKeys (ConfUtils.java:logGet(46)) - raft.server.log.write.buffer.size = 8MB (=8388608) (default)
2024-10-16 23:57:32,041 INFO  server.RaftServerConfigKeys (ConfUtils.java:logGet(46)) - raft.server.log.appender.buffer.byte-limit = 4MB (=4194304) (default)
2024-10-16 23:57:32,041 INFO  server.RaftServerConfigKeys (ConfUtils.java:logGet(46)) - raft.server.log.unsafe-flush.enabled = false (default)
2024-10-16 23:57:32,042 INFO  server.RaftServerConfigKeys (ConfUtils.java:logGet(46)) - raft.server.log.async-flush.enabled = false (default)
2024-10-16 23:57:32,042 INFO  server.RaftServerConfigKeys (ConfUtils.java:logGet(46)) - raft.server.log.statemachine.data.caching.enabled = false (default)
2024-10-16 23:57:32,042 INFO  segmented.SegmentedRaftLogWorker (SegmentedRaftLogWorker.java:lambda$new$0(139)) - s8@group-676CD6864C30-SegmentedRaftLogWorker: flushIndex: setUnconditionally 0 -> -1
2024-10-16 23:57:32,042 INFO  segmented.SegmentedRaftLogWorker (SegmentedRaftLogWorker.java:lambda$new$0(139)) - s8@group-676CD6864C30-SegmentedRaftLogWorker: safeCacheEvictIndex: setUnconditionally 0 -> -1
2024-10-16 23:57:32,042 INFO  server.RaftServer$Division (RaftServerImpl.java:start(399)) - s8@group-676CD6864C30: start with initializing state, conf=conf: {index: -1, cur=peers:[]|listeners:[], old=null}
2024-10-16 23:57:32,042 INFO  server.RaftServer$Division (RaftServerImpl.java:setRole(380)) - s8@group-676CD6864C30: changes role from      null to FOLLOWER at term 0 for start
2024-10-16 23:57:32,042 INFO  util.JmxRegister (JmxRegister.java:tryRegister(44)) - Successfully registered JMX Bean with object name Ratis:service=RaftServer,group=group-676CD6864C30,id=s8
2024-10-16 23:57:32,042 INFO  util.JmxRegister (JmxRegister.java:register(58)) - register mxBean class org.apache.ratis.server.impl.RaftServerJmxAdapter as Ratis:service=RaftServer,group=group-676CD6864C30,id=s8
2024-10-16 23:57:32,042 INFO  server.RaftServerConfigKeys (ConfUtils.java:logGet(46)) - raft.server.snapshot.trigger-when-stop.enabled = true (default)
2024-10-16 23:57:32,042 INFO  server.RaftServerConfigKeys (ConfUtils.java:logGet(46)) - raft.server.snapshot.trigger-when-remove.enabled = true (default)
2024-10-16 23:57:32,042 INFO  server.RaftServerConfigKeys (ConfUtils.java:logGet(46)) - raft.server.snapshot.auto.trigger.enabled = false (default)
2024-10-16 23:57:32,042 INFO  server.RaftServerConfigKeys (ConfUtils.java:logGet(46)) - raft.server.snapshot.retention.file.num = -1 (default)
2024-10-16 23:57:32,042 INFO  server.RaftServerConfigKeys (ConfUtils.java:logGet(46)) - raft.server.log.purge.upto.snapshot.index = false (default)
2024-10-16 23:57:32,043 INFO  server.RaftServer$Division (RaftServerImpl.java:start(407)) - s8@group-676CD6864C30: Successfully started.
2024-10-16 23:57:32,045 INFO  netty.NettyUtils (NettyUtils.java:newEventLoopGroup(74)) - Create EpollEventLoopGroup for client-458EB3ED3243; Thread size is 0.
2024-10-16 23:57:32,049 INFO  logging.LoggingHandler (AbstractInternalLogger.java:log(148)) - [id: 0xbbacb419, L:/0.0.0.0:15024] READ: [id: 0x0b9e9be5, L:/127.0.0.1:15024 - R:/127.0.0.1:55852]
2024-10-16 23:57:32,049 INFO  logging.LoggingHandler (AbstractInternalLogger.java:log(148)) - [id: 0xbbacb419, L:/0.0.0.0:15024] READ COMPLETE
2024-10-16 23:57:32,049 INFO  server.RaftServer (RaftServerProxy.java:addNew(101)) - s9: addNew group-676CD6864C30:[] returns group-676CD6864C30:java.util.concurrent.CompletableFuture@1c6026e8[Not completed]
2024-10-16 23:57:32,049 INFO  server.RaftServer$Division (RaftServerImpl.java:<init>(257)) - s9: new RaftServerImpl for group-676CD6864C30:[] with ArithmeticStateMachine:uninitialized
2024-10-16 23:57:32,050 INFO  server.RaftServerConfigKeys (ConfUtils.java:logGet(46)) - raft.server.rpc.timeout.min = 300ms (custom)
2024-10-16 23:57:32,050 INFO  server.RaftServerConfigKeys (ConfUtils.java:logGet(46)) - raft.server.rpc.timeout.max = 600ms (custom)
2024-10-16 23:57:32,050 INFO  server.RaftServerConfigKeys (ConfUtils.java:logGet(46)) - raft.server.rpc.sleep.time = 25ms (default)
2024-10-16 23:57:32,050 INFO  server.RaftServerConfigKeys (ConfUtils.java:logGet(46)) - raft.server.rpc.slowness.timeout = 60s (default)
2024-10-16 23:57:32,050 INFO  server.RaftServerConfigKeys (ConfUtils.java:logGet(46)) - raft.server.leaderelection.leader.step-down.wait-time = 10s (default)
2024-10-16 23:57:32,050 INFO  server.RaftServerConfigKeys (ConfUtils.java:logGet(46)) - raft.server.leaderelection.member.majority-add = false (default)
2024-10-16 23:57:32,050 INFO  server.RaftServerConfigKeys (ConfUtils.java:logGet(46)) - raft.server.sleep.deviation.threshold = 300ms (default)
2024-10-16 23:57:32,050 INFO  server.RaftServer$Division (ServerState.java:<init>(114)) - s9@group-676CD6864C30: ConfigurationManager, init=conf: {index: -1, cur=peers:[]|listeners:[], old=null}, confs=<EMPTY_MAP>
2024-10-16 23:57:32,050 INFO  server.RaftServerConfigKeys (ConfUtils.java:logGet(46)) - raft.server.notification.no-leader.timeout = 60s (default)
2024-10-16 23:57:32,050 INFO  server.RaftServerConfigKeys (ConfUtils.java:logGet(46)) - raft.server.read.timeout = 10s (default)
2024-10-16 23:57:32,050 INFO  server.RaftServerConfigKeys (ConfUtils.java:logGet(46)) - raft.server.retrycache.expirytime = 60s (default)
2024-10-16 23:57:32,050 INFO  server.RaftServerConfigKeys (ConfUtils.java:logGet(46)) - raft.server.retrycache.statistics.expirytime = 100ms (default)
2024-10-16 23:57:32,050 INFO  server.RaftServerConfigKeys (ConfUtils.java:logGet(46)) - raft.server.read.option = DEFAULT (default)
2024-10-16 23:57:32,050 INFO  server.RaftServerConfigKeys (ConfUtils.java:logGet(46)) - raft.server.read.read-after-write-consistent.write-index-cache.expiry-time = 60s (default)
2024-10-16 23:57:32,050 INFO  server.RaftServerConfigKeys (ConfUtils.java:logGet(46)) - raft.server.rpc.request.timeout = 3000ms (default)
2024-10-16 23:57:32,050 INFO  server.RaftServerConfigKeys (ConfUtils.java:logGet(46)) - raft.server.log.appender.install.snapshot.enabled = true (default)
2024-10-16 23:57:32,050 INFO  server.RaftServerConfigKeys (ConfUtils.java:logGet(46)) - raft.server.threadpool.server.cached = true (default)
2024-10-16 23:57:32,050 INFO  server.RaftServerConfigKeys (ConfUtils.java:logGet(46)) - raft.server.threadpool.server.size = 0 (default)
2024-10-16 23:57:32,050 INFO  server.RaftServerConfigKeys (ConfUtils.java:logGet(46)) - raft.server.threadpool.client.cached = true (default)
2024-10-16 23:57:32,051 INFO  server.RaftServerConfigKeys (ConfUtils.java:logGet(46)) - raft.server.threadpool.client.size = 0 (default)
2024-10-16 23:57:32,051 INFO  server.RaftServerConfigKeys (ConfUtils.java:logGet(46)) - raft.server.storage.free-space.min = 0MB (=0) (default)
2024-10-16 23:57:32,051 INFO  server.RaftServerConfigKeys (ConfUtils.java:logGet(46)) - raft.server.log.corruption.policy = EXCEPTION (default)
2024-10-16 23:57:32,051 INFO  server.RaftServerConfigKeys (ConfUtils.java:logGet(46)) - raft.server.storage.dir = [/home/runner/work/ratis/ratis/ratis-examples/target/test/data/6cc99a4c/MiniRaftClusterWithNettyeee6e424/s9] (custom)
2024-10-16 23:57:32,051 INFO  storage.RaftStorageDirectory (RaftStorageDirectoryImpl.java:analyzeStorage(138)) - The storage directory /home/runner/work/ratis/ratis/ratis-examples/target/test/data/6cc99a4c/MiniRaftClusterWithNettyeee6e424/s9/4c4f035b-aa8d-4293-9e7b-676cd6864c30 does not exist. Creating ...
2024-10-16 23:57:32,051 TRACE util.FileUtils (LogUtils.java:runAndLog(49)) - Successfully ran Files.createDirectories /home/runner/work/ratis/ratis/ratis-examples/target/test/data/6cc99a4c/MiniRaftClusterWithNettyeee6e424/s9/4c4f035b-aa8d-4293-9e7b-676cd6864c30
2024-10-16 23:57:32,052 INFO  storage.RaftStorageDirectory (RaftStorageDirectoryImpl.java:tryLock(229)) - Lock on /home/runner/work/ratis/ratis/ratis-examples/target/test/data/6cc99a4c/MiniRaftClusterWithNettyeee6e424/s9/4c4f035b-aa8d-4293-9e7b-676cd6864c30/in_use.lock acquired by nodename 14984@fv-az1433-785
2024-10-16 23:57:32,052 TRACE util.FileUtils (LogUtils.java:runAndLog(49)) - Successfully ran Files.createDirectories /home/runner/work/ratis/ratis/ratis-examples/target/test/data/6cc99a4c/MiniRaftClusterWithNettyeee6e424/s9/4c4f035b-aa8d-4293-9e7b-676cd6864c30/current
2024-10-16 23:57:32,052 TRACE util.FileUtils (LogUtils.java:runAndLog(49)) - Successfully ran Files.createDirectories /home/runner/work/ratis/ratis/ratis-examples/target/test/data/6cc99a4c/MiniRaftClusterWithNettyeee6e424/s9/4c4f035b-aa8d-4293-9e7b-676cd6864c30/sm
2024-10-16 23:57:32,052 TRACE util.FileUtils (LogUtils.java:supplyAndLog(69)) - Successfully supplied FileChannel.open /home/runner/work/ratis/ratis/ratis-examples/target/test/data/6cc99a4c/MiniRaftClusterWithNettyeee6e424/s9/4c4f035b-aa8d-4293-9e7b-676cd6864c30/current/raft-meta.tmp with options [CREATE, WRITE]: sun.nio.ch.FileChannelImpl@75f2b2d0
2024-10-16 23:57:32,053 TRACE util.FileUtils (LogUtils.java:runAndLog(49)) - Successfully ran Atomic Files.move /home/runner/work/ratis/ratis/ratis-examples/target/test/data/6cc99a4c/MiniRaftClusterWithNettyeee6e424/s9/4c4f035b-aa8d-4293-9e7b-676cd6864c30/current/raft-meta.tmp to /home/runner/work/ratis/ratis/ratis-examples/target/test/data/6cc99a4c/MiniRaftClusterWithNettyeee6e424/s9/4c4f035b-aa8d-4293-9e7b-676cd6864c30/current/raft-meta with options [REPLACE_EXISTING]
2024-10-16 23:57:32,053 INFO  storage.RaftStorage (RaftStorageImpl.java:format(98)) - Storage directory /home/runner/work/ratis/ratis/ratis-examples/target/test/data/6cc99a4c/MiniRaftClusterWithNettyeee6e424/s9/4c4f035b-aa8d-4293-9e7b-676cd6864c30 has been successfully formatted.
2024-10-16 23:57:32,053 WARN  statemachine.StateMachine (ArithmeticStateMachine.java:loadSnapshot(115)) - The snapshot info is null.
2024-10-16 23:57:32,053 INFO  server.RaftServerConfigKeys (ConfUtils.java:logGet(46)) - raft.server.log.use.memory = false (default)
2024-10-16 23:57:32,053 INFO  server.RaftServerConfigKeys (ConfUtils.java:logGet(46)) - raft.server.log.purge.gap = 1024 (default)
2024-10-16 23:57:32,053 INFO  server.RaftServerConfigKeys (ConfUtils.java:logGet(46)) - raft.server.log.appender.buffer.byte-limit = 4MB (=4194304) (default)
2024-10-16 23:57:32,053 INFO  server.RaftServerConfigKeys (ConfUtils.java:logGet(46)) - raft.server.log.statemachine.data.read.timeout = 1000ms (default)
2024-10-16 23:57:32,053 INFO  server.RaftServerConfigKeys (ConfUtils.java:logGet(46)) - raft.server.log.purge.preservation.log.num = 0 (default)
2024-10-16 23:57:32,053 INFO  server.RaftServerConfigKeys (ConfUtils.java:logGet(46)) - raft.server.log.segment.size.max = 32MB (=33554432) (default)
2024-10-16 23:57:32,053 INFO  server.RaftServerConfigKeys (ConfUtils.java:logGet(46)) - raft.server.log.segment.cache.num.max = 6 (default)
2024-10-16 23:57:32,053 INFO  server.RaftServerConfigKeys (ConfUtils.java:logGet(46)) - raft.server.log.segment.cache.size.max = 200MB (=209715200) (default)
2024-10-16 23:57:32,053 INFO  server.RaftServerConfigKeys (ConfUtils.java:logGet(46)) - raft.server.log.appender.buffer.byte-limit = 4MB (=4194304) (default)
2024-10-16 23:57:32,054 INFO  util.AwaitToRun (AwaitToRun.java:start(81)) - Thread[s9@group-676CD6864C30-cacheEviction-AwaitToRun,5,main] started
2024-10-16 23:57:32,054 INFO  segmented.SegmentedRaftLogWorker (SegmentedRaftLogWorker.java:<init>(188)) - new s9@group-676CD6864C30-SegmentedRaftLogWorker for RaftStorageImpl:Storage Directory /home/runner/work/ratis/ratis/ratis-examples/target/test/data/6cc99a4c/MiniRaftClusterWithNettyeee6e424/s9/4c4f035b-aa8d-4293-9e7b-676cd6864c30
2024-10-16 23:57:32,054 INFO  server.RaftServerConfigKeys (ConfUtils.java:logGet(46)) - raft.server.log.queue.byte-limit = 64MB (=67108864) (default)
2024-10-16 23:57:32,054 INFO  server.RaftServerConfigKeys (ConfUtils.java:logGet(46)) - raft.server.log.queue.element-limit = 4096 (default)
2024-10-16 23:57:32,054 INFO  server.RaftServerConfigKeys (ConfUtils.java:logGet(46)) - raft.server.log.segment.size.max = 32MB (=33554432) (default)
2024-10-16 23:57:32,054 INFO  server.RaftServerConfigKeys (ConfUtils.java:logGet(46)) - raft.server.log.preallocated.size = 4MB (=4194304) (default)
2024-10-16 23:57:32,054 INFO  server.RaftServerConfigKeys (ConfUtils.java:logGet(46)) - raft.server.log.force.sync.num = 128 (default)
2024-10-16 23:57:32,054 INFO  server.RaftServerConfigKeys (ConfUtils.java:logGet(46)) - raft.server.log.statemachine.data.sync = true (default)
2024-10-16 23:57:32,054 INFO  server.RaftServerConfigKeys (ConfUtils.java:logGet(46)) - raft.server.log.statemachine.data.sync.timeout = 10s (default)
2024-10-16 23:57:32,054 INFO  server.RaftServerConfigKeys (ConfUtils.java:logGet(46)) - raft.server.log.statemachine.data.sync.timeout.retry = -1 (default)
2024-10-16 23:57:32,054 INFO  server.RaftServerConfigKeys (ConfUtils.java:logGet(46)) - raft.server.log.write.buffer.size = 8MB (=8388608) (default)
2024-10-16 23:57:32,054 INFO  server.RaftServerConfigKeys (ConfUtils.java:logGet(46)) - raft.server.log.appender.buffer.byte-limit = 4MB (=4194304) (default)
2024-10-16 23:57:32,054 INFO  server.RaftServerConfigKeys (ConfUtils.java:logGet(46)) - raft.server.log.unsafe-flush.enabled = false (default)
2024-10-16 23:57:32,054 INFO  server.RaftServerConfigKeys (ConfUtils.java:logGet(46)) - raft.server.log.async-flush.enabled = false (default)
2024-10-16 23:57:32,054 INFO  server.RaftServerConfigKeys (ConfUtils.java:logGet(46)) - raft.server.log.statemachine.data.caching.enabled = false (default)
2024-10-16 23:57:32,055 INFO  segmented.SegmentedRaftLogWorker (SegmentedRaftLogWorker.java:lambda$new$0(139)) - s9@group-676CD6864C30-SegmentedRaftLogWorker: flushIndex: setUnconditionally 0 -> -1
2024-10-16 23:57:32,055 INFO  segmented.SegmentedRaftLogWorker (SegmentedRaftLogWorker.java:lambda$new$0(139)) - s9@group-676CD6864C30-SegmentedRaftLogWorker: safeCacheEvictIndex: setUnconditionally 0 -> -1
2024-10-16 23:57:32,055 INFO  server.RaftServer$Division (RaftServerImpl.java:start(399)) - s9@group-676CD6864C30: start with initializing state, conf=conf: {index: -1, cur=peers:[]|listeners:[], old=null}
2024-10-16 23:57:32,055 INFO  server.RaftServer$Division (RaftServerImpl.java:setRole(380)) - s9@group-676CD6864C30: changes role from      null to FOLLOWER at term 0 for start
2024-10-16 23:57:32,055 INFO  util.JmxRegister (JmxRegister.java:tryRegister(44)) - Successfully registered JMX Bean with object name Ratis:service=RaftServer,group=group-676CD6864C30,id=s9
2024-10-16 23:57:32,055 INFO  util.JmxRegister (JmxRegister.java:register(58)) - register mxBean class org.apache.ratis.server.impl.RaftServerJmxAdapter as Ratis:service=RaftServer,group=group-676CD6864C30,id=s9
2024-10-16 23:57:32,055 INFO  server.RaftServerConfigKeys (ConfUtils.java:logGet(46)) - raft.server.snapshot.trigger-when-stop.enabled = true (default)
2024-10-16 23:57:32,055 INFO  server.RaftServerConfigKeys (ConfUtils.java:logGet(46)) - raft.server.snapshot.trigger-when-remove.enabled = true (default)
2024-10-16 23:57:32,055 INFO  server.RaftServerConfigKeys (ConfUtils.java:logGet(46)) - raft.server.snapshot.auto.trigger.enabled = false (default)
2024-10-16 23:57:32,055 INFO  server.RaftServerConfigKeys (ConfUtils.java:logGet(46)) - raft.server.snapshot.retention.file.num = -1 (default)
2024-10-16 23:57:32,055 INFO  server.RaftServerConfigKeys (ConfUtils.java:logGet(46)) - raft.server.log.purge.upto.snapshot.index = false (default)
2024-10-16 23:57:32,055 INFO  server.RaftServer$Division (RaftServerImpl.java:start(407)) - s9@group-676CD6864C30: Successfully started.
2024-10-16 23:57:32,057 INFO  impl.GroupManagementBaseTest (GroupManagementBaseTest.java:runMultiGroupTest(330)) - 3) setConfiguration: printing group-676CD6864C30
  s3:  RUNNING [
   FOLLOWER s3@group-9EBC86A0B11D:t0, leader=null, voted=, raftlog=Memoized:s3@group-9EBC86A0B11D-SegmentedRaftLog:OPENED:c-1:lastnull, conf=conf: {index: -1, cur=peers:[]|listeners:[], old=null} STARTING
   FOLLOWER s3@group-676CD6864C30:t0, leader=null, voted=, raftlog=Memoized:s3@group-676CD6864C30-SegmentedRaftLog:OPENED:c-1:lastnull, conf=conf: {index: -1, cur=peers:[]|listeners:[], old=null} STARTING] size=2
  s4:  RUNNING [
   FOLLOWER s4@group-9EBC86A0B11D:t0, leader=null, voted=, raftlog=Memoized:s4@group-9EBC86A0B11D-SegmentedRaftLog:OPENED:c-1:lastnull, conf=conf: {index: -1, cur=peers:[]|listeners:[], old=null} STARTING
   FOLLOWER s4@group-676CD6864C30:t1, leader=s5, voted=s5, raftlog=Memoized:s4@group-676CD6864C30-SegmentedRaftLog:OPENED:c120:last(t:1, i:120), conf=conf: {index: 0, cur=peers:[s4|0.0.0.0:15019, s5|0.0.0.0:15020, s6|0.0.0.0:15021]|listeners:[], old=null} RUNNING] size=2
  s5:  RUNNING [
   FOLLOWER s5@group-9EBC86A0B11D:t0, leader=null, voted=, raftlog=Memoized:s5@group-9EBC86A0B11D-SegmentedRaftLog:OPENED:c-1:lastnull, conf=conf: {index: -1, cur=peers:[]|listeners:[], old=null} STARTING
     LEADER s5@group-676CD6864C30:t1, leader=s5, voted=s5, raftlog=Memoized:s5@group-676CD6864C30-SegmentedRaftLog:OPENED:c120:last(t:1, i:120), conf=conf: {index: 0, cur=peers:[s4|0.0.0.0:15019, s5|0.0.0.0:15020, s6|0.0.0.0:15021]|listeners:[], old=null} RUNNING] size=2
  s6:  RUNNING [
   FOLLOWER s6@group-9EBC86A0B11D:t0, leader=null, voted=, raftlog=Memoized:s6@group-9EBC86A0B11D-SegmentedRaftLog:OPENED:c-1:lastnull, conf=conf: {index: -1, cur=peers:[]|listeners:[], old=null} STARTING
   FOLLOWER s6@group-676CD6864C30:t1, leader=s5, voted=s5, raftlog=Memoized:s6@group-676CD6864C30-SegmentedRaftLog:OPENED:c120:last(t:1, i:120), conf=conf: {index: 0, cur=peers:[s4|0.0.0.0:15019, s5|0.0.0.0:15020, s6|0.0.0.0:15021]|listeners:[], old=null} RUNNING] size=2
  s7:  RUNNING [
   FOLLOWER s7@group-9EBC86A0B11D:t0, leader=null, voted=, raftlog=Memoized:s7@group-9EBC86A0B11D-SegmentedRaftLog:OPENED:c-1:lastnull, conf=conf: {index: -1, cur=peers:[]|listeners:[], old=null} STARTING
   FOLLOWER s7@group-676CD6864C30:t0, leader=null, voted=, raftlog=Memoized:s7@group-676CD6864C30-SegmentedRaftLog:OPENED:c-1:lastnull, conf=conf: {index: -1, cur=peers:[]|listeners:[], old=null} STARTING] size=2
  s8:  RUNNING [
   FOLLOWER s8@group-9EBC86A0B11D:t0, leader=null, voted=, raftlog=Memoized:s8@group-9EBC86A0B11D-SegmentedRaftLog:OPENED:c-1:lastnull, conf=conf: {index: -1, cur=peers:[]|listeners:[], old=null} STARTING
   FOLLOWER s8@group-676CD6864C30:t0, leader=null, voted=, raftlog=Memoized:s8@group-676CD6864C30-SegmentedRaftLog:OPENED:c-1:lastnull, conf=conf: {index: -1, cur=peers:[]|listeners:[], old=null} STARTING] size=2
  s9:  RUNNING [
   FOLLOWER s9@group-9EBC86A0B11D:t0, leader=null, voted=, raftlog=Memoized:s9@group-9EBC86A0B11D-SegmentedRaftLog:OPENED:c-1:lastnull, conf=conf: {index: -1, cur=peers:[]|listeners:[], old=null} STARTING
   FOLLOWER s9@group-676CD6864C30:t0, leader=null, voted=, raftlog=Memoized:s9@group-676CD6864C30-SegmentedRaftLog:OPENED:c-1:lastnull, conf=conf: {index: -1, cur=peers:[]|listeners:[], old=null} STARTING] size=2
  s11:  RUNNING [
   FOLLOWER s11@group-9EBC86A0B11D:t0, leader=null, voted=, raftlog=Memoized:s11@group-9EBC86A0B11D-SegmentedRaftLog:OPENED:c-1:lastnull, conf=conf: {index: -1, cur=peers:[]|listeners:[], old=null} STARTING
   FOLLOWER s11@group-676CD6864C30:t0, leader=null, voted=, raftlog=Memoized:s11@group-676CD6864C30-SegmentedRaftLog:OPENED:c-1:lastnull, conf=conf: {index: -1, cur=peers:[]|listeners:[], old=null} STARTING] size=2
  s10:  RUNNING [
   FOLLOWER s10@group-9EBC86A0B11D:t0, leader=null, voted=, raftlog=Memoized:s10@group-9EBC86A0B11D-SegmentedRaftLog:OPENED:c-1:lastnull, conf=conf: {index: -1, cur=peers:[]|listeners:[], old=null} STARTING
   FOLLOWER s10@group-676CD6864C30:t0, leader=null, voted=, raftlog=Memoized:s10@group-676CD6864C30-SegmentedRaftLog:OPENED:c-1:lastnull, conf=conf: {index: -1, cur=peers:[]|listeners:[], old=null} STARTING] size=2
  s13:  RUNNING [
   FOLLOWER s13@group-9EBC86A0B11D:t0, leader=null, voted=, raftlog=Memoized:s13@group-9EBC86A0B11D-SegmentedRaftLog:OPENED:c-1:lastnull, conf=conf: {index: -1, cur=peers:[]|listeners:[], old=null} STARTING
   FOLLOWER s13@group-676CD6864C30:t0, leader=null, voted=, raftlog=Memoized:s13@group-676CD6864C30-SegmentedRaftLog:OPENED:c-1:lastnull, conf=conf: {index: -1, cur=peers:[]|listeners:[], old=null} STARTING] size=2
  s12:  RUNNING [
   FOLLOWER s12@group-9EBC86A0B11D:t0, leader=null, voted=, raftlog=Memoized:s12@group-9EBC86A0B11D-SegmentedRaftLog:OPENED:c-1:lastnull, conf=conf: {index: -1, cur=peers:[]|listeners:[], old=null} STARTING
   FOLLOWER s12@group-676CD6864C30:t0, leader=null, voted=, raftlog=Memoized:s12@group-676CD6864C30-SegmentedRaftLog:OPENED:c-1:lastnull, conf=conf: {index: -1, cur=peers:[]|listeners:[], old=null} STARTING] size=2
  s14:  RUNNING [
   FOLLOWER s14@group-9EBC86A0B11D:t0, leader=null, voted=, raftlog=Memoized:s14@group-9EBC86A0B11D-SegmentedRaftLog:OPENED:c-1:lastnull, conf=conf: {index: -1, cur=peers:[]|listeners:[], old=null} STARTING
   FOLLOWER s14@group-676CD6864C30:t0, leader=null, voted=, raftlog=Memoized:s14@group-676CD6864C30-SegmentedRaftLog:OPENED:c-1:lastnull, conf=conf: {index: -1, cur=peers:[]|listeners:[], old=null} STARTING] size=2
  s0:  RUNNING [
   FOLLOWER s0@group-9EBC86A0B11D:t0, leader=null, voted=, raftlog=Memoized:s0@group-9EBC86A0B11D-SegmentedRaftLog:OPENED:c-1:lastnull, conf=conf: {index: -1, cur=peers:[]|listeners:[], old=null} STARTING
   FOLLOWER s0@group-676CD6864C30:t0, leader=null, voted=, raftlog=Memoized:s0@group-676CD6864C30-SegmentedRaftLog:OPENED:c-1:lastnull, conf=conf: {index: -1, cur=peers:[]|listeners:[], old=null} STARTING] size=2
  s1:  RUNNING [
   FOLLOWER s1@group-9EBC86A0B11D:t0, leader=null, voted=, raftlog=Memoized:s1@group-9EBC86A0B11D-SegmentedRaftLog:OPENED:c-1:lastnull, conf=conf: {index: -1, cur=peers:[]|listeners:[], old=null} STARTING
   FOLLOWER s1@group-676CD6864C30:t0, leader=null, voted=, raftlog=Memoized:s1@group-676CD6864C30-SegmentedRaftLog:OPENED:c-1:lastnull, conf=conf: {index: -1, cur=peers:[]|listeners:[], old=null} STARTING] size=2
  s2:  RUNNING [
   FOLLOWER s2@group-9EBC86A0B11D:t0, leader=null, voted=, raftlog=Memoized:s2@group-9EBC86A0B11D-SegmentedRaftLog:OPENED:c-1:lastnull, conf=conf: {index: -1, cur=peers:[]|listeners:[], old=null} STARTING
   FOLLOWER s2@group-676CD6864C30:t0, leader=null, voted=, raftlog=Memoized:s2@group-676CD6864C30-SegmentedRaftLog:OPENED:c-1:lastnull, conf=conf: {index: -1, cur=peers:[]|listeners:[], old=null} STARTING] size=2
2024-10-16 23:57:32,057 INFO  netty.NettyUtils (NettyUtils.java:newEventLoopGroup(74)) - Create EpollEventLoopGroup for client-995975925348; Thread size is 0.
2024-10-16 23:57:32,061 INFO  logging.LoggingHandler (AbstractInternalLogger.java:log(148)) - [id: 0x07bad65c, L:/0.0.0.0:15020] READ: [id: 0xf93911dd, L:/127.0.0.1:15020 - R:/127.0.0.1:52278]
2024-10-16 23:57:32,064 INFO  logging.LoggingHandler (AbstractInternalLogger.java:log(148)) - [id: 0x07bad65c, L:/0.0.0.0:15020] READ COMPLETE
2024-10-16 23:57:32,064 INFO  server.RaftServer$Division (RaftServerImpl.java:setConfigurationAsync(1336)) - s5@group-676CD6864C30: receive setConfiguration SetConfigurationRequest:client-995975925348->s5@group-676CD6864C30, cid=6987, seq=null, RW, null, SET_UNCONDITIONALLY, servers:[s4|0.0.0.0:15019, s5|0.0.0.0:15020, s6|0.0.0.0:15021, s0|0.0.0.0:15015, s1|0.0.0.0:15016], listeners:[]
2024-10-16 23:57:32,064 INFO  server.RaftServer$Division (LeaderStateImpl.java:startSetConfiguration(486)) - s5@group-676CD6864C30-LeaderStateImpl: startSetConfiguration SetConfigurationRequest:client-995975925348->s5@group-676CD6864C30, cid=6987, seq=null, RW, null, SET_UNCONDITIONALLY, servers:[s4|0.0.0.0:15019, s5|0.0.0.0:15020, s6|0.0.0.0:15021, s0|0.0.0.0:15015, s1|0.0.0.0:15016], listeners:[]
2024-10-16 23:57:32,064 INFO  server.RaftServerConfigKeys (ConfUtils.java:logGet(46)) - raft.server.log.appender.snapshot.chunk.size.max = 16MB (=16777216) (default)
2024-10-16 23:57:32,065 INFO  server.RaftServerConfigKeys (ConfUtils.java:logGet(46)) - raft.server.log.appender.buffer.byte-limit = 4MB (=4194304) (default)
2024-10-16 23:57:32,065 INFO  server.RaftServerConfigKeys (ConfUtils.java:logGet(46)) - raft.server.log.appender.buffer.element-limit = 0 (default)
2024-10-16 23:57:32,065 INFO  server.RaftServerConfigKeys (ConfUtils.java:logGet(46)) - raft.server.log.appender.wait-time.min = 1ms (default)
2024-10-16 23:57:32,065 INFO  server.RaftServerConfigKeys (ConfUtils.java:logGet(46)) - raft.server.log.appender.snapshot.chunk.size.max = 16MB (=16777216) (default)
2024-10-16 23:57:32,065 INFO  server.RaftServerConfigKeys (ConfUtils.java:logGet(46)) - raft.server.log.appender.buffer.byte-limit = 4MB (=4194304) (default)
2024-10-16 23:57:32,065 INFO  server.RaftServerConfigKeys (ConfUtils.java:logGet(46)) - raft.server.log.appender.buffer.element-limit = 0 (default)
2024-10-16 23:57:32,065 INFO  server.RaftServerConfigKeys (ConfUtils.java:logGet(46)) - raft.server.log.appender.wait-time.min = 1ms (default)
2024-10-16 23:57:32,066 INFO  leader.FollowerInfo (FollowerInfoImpl.java:setAttemptedToInstallSnapshot(154)) - Follower s5@group-676CD6864C30->s0 acknowledged installing snapshot
2024-10-16 23:57:32,066 INFO  leader.FollowerInfo (FollowerInfoImpl.java:setAttemptedToInstallSnapshot(154)) - Follower s5@group-676CD6864C30->s1 acknowledged installing snapshot
2024-10-16 23:57:32,066 INFO  logging.LoggingHandler (AbstractInternalLogger.java:log(148)) - [id: 0x90e4c7eb, L:/0.0.0.0:15015] READ: [id: 0x8dd37364, L:/127.0.0.1:15015 - R:/127.0.0.1:43584]
2024-10-16 23:57:32,067 INFO  logging.LoggingHandler (AbstractInternalLogger.java:log(148)) - [id: 0x90e4c7eb, L:/0.0.0.0:15015] READ COMPLETE
2024-10-16 23:57:32,067 INFO  logging.LoggingHandler (AbstractInternalLogger.java:log(148)) - [id: 0xb4b31492, L:/0.0.0.0:15016] READ: [id: 0x18a2d7b0, L:/127.0.0.1:15016 - R:/127.0.0.1:56252]
2024-10-16 23:57:32,068 INFO  logging.LoggingHandler (AbstractInternalLogger.java:log(148)) - [id: 0xb4b31492, L:/0.0.0.0:15016] READ COMPLETE
2024-10-16 23:57:32,068 TRACE util.FileUtils (LogUtils.java:supplyAndLog(69)) - Successfully supplied FileChannel.open /home/runner/work/ratis/ratis/ratis-examples/target/test/data/6cc99a4c/MiniRaftClusterWithNettyeee6e424/s0/4c4f035b-aa8d-4293-9e7b-676cd6864c30/current/raft-meta.tmp with options [CREATE, WRITE]: sun.nio.ch.FileChannelImpl@40c428f2
2024-10-16 23:57:32,068 TRACE util.FileUtils (LogUtils.java:supplyAndLog(69)) - Successfully supplied FileChannel.open /home/runner/work/ratis/ratis/ratis-examples/target/test/data/6cc99a4c/MiniRaftClusterWithNettyeee6e424/s1/4c4f035b-aa8d-4293-9e7b-676cd6864c30/current/raft-meta.tmp with options [CREATE, WRITE]: sun.nio.ch.FileChannelImpl@2dc210b9
2024-10-16 23:57:32,069 TRACE util.FileUtils (LogUtils.java:runAndLog(49)) - Successfully ran Atomic Files.move /home/runner/work/ratis/ratis/ratis-examples/target/test/data/6cc99a4c/MiniRaftClusterWithNettyeee6e424/s0/4c4f035b-aa8d-4293-9e7b-676cd6864c30/current/raft-meta.tmp to /home/runner/work/ratis/ratis/ratis-examples/target/test/data/6cc99a4c/MiniRaftClusterWithNettyeee6e424/s0/4c4f035b-aa8d-4293-9e7b-676cd6864c30/current/raft-meta with options [REPLACE_EXISTING]
2024-10-16 23:57:32,069 INFO  server.RaftServer$Division (RaftServerImpl.java:setFirstElection(564)) - s0@group-676CD6864C30: set firstElectionSinceStartup to false for appendEntries
2024-10-16 23:57:32,069 INFO  server.RaftServer$Division (ServerState.java:setLeader(272)) - s0@group-676CD6864C30: change Leader from null to s5 at term 1 for appendEntries, leader elected after 132ms
2024-10-16 23:57:32,069 TRACE util.FileUtils (LogUtils.java:runAndLog(49)) - Successfully ran Atomic Files.move /home/runner/work/ratis/ratis/ratis-examples/target/test/data/6cc99a4c/MiniRaftClusterWithNettyeee6e424/s1/4c4f035b-aa8d-4293-9e7b-676cd6864c30/current/raft-meta.tmp to /home/runner/work/ratis/ratis/ratis-examples/target/test/data/6cc99a4c/MiniRaftClusterWithNettyeee6e424/s1/4c4f035b-aa8d-4293-9e7b-676cd6864c30/current/raft-meta with options [REPLACE_EXISTING]
2024-10-16 23:57:32,069 INFO  server.RaftServer$Division (RaftServerImpl.java:setFirstElection(564)) - s1@group-676CD6864C30: set firstElectionSinceStartup to false for appendEntries
2024-10-16 23:57:32,069 INFO  server.RaftServer$Division (ServerState.java:setLeader(272)) - s1@group-676CD6864C30: change Leader from null to s5 at term 1 for appendEntries, leader elected after 124ms
2024-10-16 23:57:32,071 DEBUG server.RaftServer$Division (RaftServerImpl.java:logAppendEntries(1549)) - s0@group-676CD6864C30: appendEntries* s5->s0#6992-t1,previous=(t:0, i:0),leaderCommit=120,initializing? true,entries: size=121, first=(t:1, i:0), CONFIGURATIONENTRY(current:id:"s4"address:"0.0.0.0:15019"clientAddress:"0.0.0.0:15019"adminAddress:"0.0.0.0:15019"startupRole:FOLLOWER, id:"s5"address:"0.0.0.0:15020"clientAddress:"0.0.0.0:15020"adminAddress:"0.0.0.0:15020"startupRole:FOLLOWER, id:"s6"address:"0.0.0.0:15021"clientAddress:"0.0.0.0:15021"adminAddress:"0.0.0.0:15021"startupRole:FOLLOWER, old:)
2024-10-16 23:57:32,071 DEBUG server.RaftServer$Division (RaftServerImpl.java:logAppendEntries(1549)) - s1@group-676CD6864C30: appendEntries* s5->s1#6993-t1,previous=(t:0, i:0),leaderCommit=120,initializing? true,entries: size=121, first=(t:1, i:0), CONFIGURATIONENTRY(current:id:"s4"address:"0.0.0.0:15019"clientAddress:"0.0.0.0:15019"adminAddress:"0.0.0.0:15019"startupRole:FOLLOWER, id:"s5"address:"0.0.0.0:15020"clientAddress:"0.0.0.0:15020"adminAddress:"0.0.0.0:15020"startupRole:FOLLOWER, id:"s6"address:"0.0.0.0:15021"clientAddress:"0.0.0.0:15021"adminAddress:"0.0.0.0:15021"startupRole:FOLLOWER, old:)
2024-10-16 23:57:32,071 INFO  server.RaftServer$Division (ServerState.java:setRaftConf(386)) - s0@group-676CD6864C30: set configuration conf: {index: 0, cur=peers:[s4|0.0.0.0:15019, s5|0.0.0.0:15020, s6|0.0.0.0:15021]|listeners:[], old=null}
2024-10-16 23:57:32,071 INFO  server.RaftServer$Division (ServerState.java:setRaftConf(386)) - s1@group-676CD6864C30: set configuration conf: {index: 0, cur=peers:[s4|0.0.0.0:15019, s5|0.0.0.0:15020, s6|0.0.0.0:15021]|listeners:[], old=null}
2024-10-16 23:57:32,072 INFO  segmented.SegmentedRaftLogWorker (SegmentedRaftLogWorker.java:startLogSegment(442)) - s1@group-676CD6864C30-SegmentedRaftLogWorker: Starting segment from index:0
2024-10-16 23:57:32,072 INFO  segmented.SegmentedRaftLogWorker (SegmentedRaftLogWorker.java:startLogSegment(442)) - s0@group-676CD6864C30-SegmentedRaftLogWorker: Starting segment from index:0
2024-10-16 23:57:32,072 INFO  segmented.BufferedWriteChannel (BufferedWriteChannel.java:open(61)) - open log_inprogress_0 at position 0
2024-10-16 23:57:32,073 INFO  segmented.BufferedWriteChannel (BufferedWriteChannel.java:open(61)) - open log_inprogress_0 at position 0
2024-10-16 23:57:32,084 INFO  segmented.SegmentedRaftLogWorker (SegmentedRaftLogWorker.java:execute(663)) - s1@group-676CD6864C30-SegmentedRaftLogWorker: created new log segment /home/runner/work/ratis/ratis/ratis-examples/target/test/data/6cc99a4c/MiniRaftClusterWithNettyeee6e424/s1/4c4f035b-aa8d-4293-9e7b-676cd6864c30/current/log_inprogress_0
2024-10-16 23:57:32,085 DEBUG server.RaftServer$Division (RaftServerImpl.java:logAppendEntries(1549)) - s1@group-676CD6864C30: appendEntries* reply s5<-s1#6993:OK-t1,SUCCESS,nextIndex=121,followerCommit=120,matchIndex=120
2024-10-16 23:57:32,085 TRACE util.FileUtils (LogUtils.java:supplyAndLog(69)) - Successfully supplied FileChannel.open /home/runner/work/ratis/ratis/ratis-examples/target/test/data/6cc99a4c/MiniRaftClusterWithNettyeee6e424/s1/4c4f035b-aa8d-4293-9e7b-676cd6864c30/current/raft-meta.conf.tmp with options [CREATE, WRITE]: sun.nio.ch.FileChannelImpl@6166a63a
2024-10-16 23:57:32,085 INFO  server.RaftServer$Division (ServerState.java:setRaftConf(386)) - s5@group-676CD6864C30: set configuration conf: {index: 121, cur=peers:[s4|0.0.0.0:15019, s5|0.0.0.0:15020, s6|0.0.0.0:15021, s0|0.0.0.0:15015, s1|0.0.0.0:15016]|listeners:[], old=peers:[s4|0.0.0.0:15019, s5|0.0.0.0:15020, s6|0.0.0.0:15021]|listeners:[]}
2024-10-16 23:57:32,085 INFO  segmented.SegmentedRaftLogWorker (SegmentedRaftLogWorker.java:execute(663)) - s0@group-676CD6864C30-SegmentedRaftLogWorker: created new log segment /home/runner/work/ratis/ratis/ratis-examples/target/test/data/6cc99a4c/MiniRaftClusterWithNettyeee6e424/s0/4c4f035b-aa8d-4293-9e7b-676cd6864c30/current/log_inprogress_0
2024-10-16 23:57:32,086 TRACE util.FileUtils (LogUtils.java:runAndLog(49)) - Successfully ran Atomic Files.move /home/runner/work/ratis/ratis/ratis-examples/target/test/data/6cc99a4c/MiniRaftClusterWithNettyeee6e424/s1/4c4f035b-aa8d-4293-9e7b-676cd6864c30/current/raft-meta.conf.tmp to /home/runner/work/ratis/ratis/ratis-examples/target/test/data/6cc99a4c/MiniRaftClusterWithNettyeee6e424/s1/4c4f035b-aa8d-4293-9e7b-676cd6864c30/current/raft-meta.conf with options [REPLACE_EXISTING]
2024-10-16 23:57:32,086 DEBUG server.RaftServer$Division (RaftServerImpl.java:logAppendEntries(1549)) - s6@group-676CD6864C30: appendEntries* s5->s6#6994-t1,previous=(t:1, i:120),leaderCommit=120,initializing? false,entries: size=1, first=(t:1, i:121), CONFIGURATIONENTRY(current:id:"s4"address:"0.0.0.0:15019"clientAddress:"0.0.0.0:15019"adminAddress:"0.0.0.0:15019"startupRole:FOLLOWER, id:"s5"address:"0.0.0.0:15020"clientAddress:"0.0.0.0:15020"adminAddress:"0.0.0.0:15020"startupRole:FOLLOWER, id:"s6"address:"0.0.0.0:15021"clientAddress:"0.0.0.0:15021"adminAddress:"0.0.0.0:15021"startupRole:FOLLOWER, id:"s0"address:"0.0.0.0:15015"clientAddress:"0.0.0.0:15015"adminAddress:"0.0.0.0:15015"startupRole:FOLLOWER, id:"s1"address:"0.0.0.0:15016"clientAddress:"0.0.0.0:15016"adminAddress:"0.0.0.0:15016"startupRole:FOLLOWER, old:id:"s4"address:"0.0.0.0:15019"clientAddress:"0.0.0.0:15019"adminAddress:"0.0.0.0:15019"startupRole:FOLLOWER, id:"s5"address:"0.0.0.0:15020"clientAddress:"0.0.0.0:15020"adminAddress:"0.0.0.0:15020"startupRole:FOLLOWER, id:"s6"address:"0.0.0.0:15021"clientAddress:"0.0.0.0:15021"adminAddress:"0.0.0.0:15021"startupRole:FOLLOWER)
2024-10-16 23:57:32,086 INFO  server.RaftServer$Division (ServerState.java:setRaftConf(386)) - s6@group-676CD6864C30: set configuration conf: {index: 121, cur=peers:[s4|0.0.0.0:15019, s5|0.0.0.0:15020, s6|0.0.0.0:15021, s0|0.0.0.0:15015, s1|0.0.0.0:15016]|listeners:[], old=peers:[s4|0.0.0.0:15019, s5|0.0.0.0:15020, s6|0.0.0.0:15021]|listeners:[]}
2024-10-16 23:57:32,086 DEBUG server.RaftServer$Division (RaftServerImpl.java:logAppendEntries(1549)) - s0@group-676CD6864C30: appendEntries* reply s5<-s0#6992:OK-t1,SUCCESS,nextIndex=121,followerCommit=120,matchIndex=120
2024-10-16 23:57:32,087 DEBUG server.RaftServer$Division (RaftServerImpl.java:logAppendEntries(1549)) - s4@group-676CD6864C30: appendEntries* s5->s4#6995-t1,previous=(t:1, i:120),leaderCommit=120,initializing? false,entries: size=1, first=(t:1, i:121), CONFIGURATIONENTRY(current:id:"s4"address:"0.0.0.0:15019"clientAddress:"0.0.0.0:15019"adminAddress:"0.0.0.0:15019"startupRole:FOLLOWER, id:"s5"address:"0.0.0.0:15020"clientAddress:"0.0.0.0:15020"adminAddress:"0.0.0.0:15020"startupRole:FOLLOWER, id:"s6"address:"0.0.0.0:15021"clientAddress:"0.0.0.0:15021"adminAddress:"0.0.0.0:15021"startupRole:FOLLOWER, id:"s0"address:"0.0.0.0:15015"clientAddress:"0.0.0.0:15015"adminAddress:"0.0.0.0:15015"startupRole:FOLLOWER, id:"s1"address:"0.0.0.0:15016"clientAddress:"0.0.0.0:15016"adminAddress:"0.0.0.0:15016"startupRole:FOLLOWER, old:id:"s4"address:"0.0.0.0:15019"clientAddress:"0.0.0.0:15019"adminAddress:"0.0.0.0:15019"startupRole:FOLLOWER, id:"s5"address:"0.0.0.0:15020"clientAddress:"0.0.0.0:15020"adminAddress:"0.0.0.0:15020"startupRole:FOLLOWER, id:"s6"address:"0.0.0.0:15021"clientAddress:"0.0.0.0:15021"adminAddress:"0.0.0.0:15021"startupRole:FOLLOWER)
2024-10-16 23:57:32,087 INFO  server.RaftServer$Division (ServerState.java:setRaftConf(386)) - s4@group-676CD6864C30: set configuration conf: {index: 121, cur=peers:[s4|0.0.0.0:15019, s5|0.0.0.0:15020, s6|0.0.0.0:15021, s0|0.0.0.0:15015, s1|0.0.0.0:15016]|listeners:[], old=peers:[s4|0.0.0.0:15019, s5|0.0.0.0:15020, s6|0.0.0.0:15021]|listeners:[]}
2024-10-16 23:57:32,086 DEBUG server.RaftServer$Division (RaftServerImpl.java:logAppendEntries(1549)) - s1@group-676CD6864C30: appendEntries* s5->s1#6996-t1,previous=(t:1, i:120),leaderCommit=120,initializing? false,entries: size=1, first=(t:1, i:121), CONFIGURATIONENTRY(current:id:"s4"address:"0.0.0.0:15019"clientAddress:"0.0.0.0:15019"adminAddress:"0.0.0.0:15019"startupRole:FOLLOWER, id:"s5"address:"0.0.0.0:15020"clientAddress:"0.0.0.0:15020"adminAddress:"0.0.0.0:15020"startupRole:FOLLOWER, id:"s6"address:"0.0.0.0:15021"clientAddress:"0.0.0.0:15021"adminAddress:"0.0.0.0:15021"startupRole:FOLLOWER, id:"s0"address:"0.0.0.0:15015"clientAddress:"0.0.0.0:15015"adminAddress:"0.0.0.0:15015"startupRole:FOLLOWER, id:"s1"address:"0.0.0.0:15016"clientAddress:"0.0.0.0:15016"adminAddress:"0.0.0.0:15016"startupRole:FOLLOWER, old:id:"s4"address:"0.0.0.0:15019"clientAddress:"0.0.0.0:15019"adminAddress:"0.0.0.0:15019"startupRole:FOLLOWER, id:"s5"address:"0.0.0.0:15020"clientAddress:"0.0.0.0:15020"adminAddress:"0.0.0.0:15020"startupRole:FOLLOWER, id:"s6"address:"0.0.0.0:15021"clientAddress:"0.0.0.0:15021"adminAddress:"0.0.0.0:15021"startupRole:FOLLOWER)
2024-10-16 23:57:32,089 DEBUG server.RaftServer$Division (RaftServerImpl.java:logAppendEntries(1549)) - s0@group-676CD6864C30: appendEntries* s5->s0#6997-t1,previous=(t:1, i:120),leaderCommit=120,initializing? false,entries: size=1, first=(t:1, i:121), CONFIGURATIONENTRY(current:id:"s4"address:"0.0.0.0:15019"clientAddress:"0.0.0.0:15019"adminAddress:"0.0.0.0:15019"startupRole:FOLLOWER, id:"s5"address:"0.0.0.0:15020"clientAddress:"0.0.0.0:15020"adminAddress:"0.0.0.0:15020"startupRole:FOLLOWER, id:"s6"address:"0.0.0.0:15021"clientAddress:"0.0.0.0:15021"adminAddress:"0.0.0.0:15021"startupRole:FOLLOWER, id:"s0"address:"0.0.0.0:15015"clientAddress:"0.0.0.0:15015"adminAddress:"0.0.0.0:15015"startupRole:FOLLOWER, id:"s1"address:"0.0.0.0:15016"clientAddress:"0.0.0.0:15016"adminAddress:"0.0.0.0:15016"startupRole:FOLLOWER, old:id:"s4"address:"0.0.0.0:15019"clientAddress:"0.0.0.0:15019"adminAddress:"0.0.0.0:15019"startupRole:FOLLOWER, id:"s5"address:"0.0.0.0:15020"clientAddress:"0.0.0.0:15020"adminAddress:"0.0.0.0:15020"startupRole:FOLLOWER, id:"s6"address:"0.0.0.0:15021"clientAddress:"0.0.0.0:15021"adminAddress:"0.0.0.0:15021"startupRole:FOLLOWER)
2024-10-16 23:57:32,093 INFO  impl.RoleInfo (RoleInfo.java:updateAndGet(148)) - s0: start s0@group-676CD6864C30-FollowerState
2024-10-16 23:57:32,087 DEBUG server.RaftServer$Division (RaftServerImpl.java:logAppendEntries(1549)) - s4@group-676CD6864C30: appendEntries* reply s5<-s4#6995:OK-t1,SUCCESS,nextIndex=122,followerCommit=120,matchIndex=121
2024-10-16 23:57:32,087 DEBUG server.RaftServer$Division (RaftServerImpl.java:logAppendEntries(1549)) - s6@group-676CD6864C30: appendEntries* reply s5<-s6#6994:OK-t1,SUCCESS,nextIndex=122,followerCommit=120,matchIndex=121
2024-10-16 23:57:32,086 TRACE util.FileUtils (LogUtils.java:supplyAndLog(69)) - Successfully supplied FileChannel.open /home/runner/work/ratis/ratis/ratis-examples/target/test/data/6cc99a4c/MiniRaftClusterWithNettyeee6e424/s0/4c4f035b-aa8d-4293-9e7b-676cd6864c30/current/raft-meta.conf.tmp with options [CREATE, WRITE]: sun.nio.ch.FileChannelImpl@7a3a1e2d
2024-10-16 23:57:32,093 INFO  server.RaftServer$Division (ServerState.java:setRaftConf(386)) - s0@group-676CD6864C30: set configuration conf: {index: 121, cur=peers:[s4|0.0.0.0:15019, s5|0.0.0.0:15020, s6|0.0.0.0:15021, s0|0.0.0.0:15015, s1|0.0.0.0:15016]|listeners:[], old=peers:[s4|0.0.0.0:15019, s5|0.0.0.0:15020, s6|0.0.0.0:15021]|listeners:[]}
2024-10-16 23:57:32,093 TRACE util.FileUtils (LogUtils.java:supplyAndLog(69)) - Successfully supplied FileChannel.open /home/runner/work/ratis/ratis/ratis-examples/target/test/data/6cc99a4c/MiniRaftClusterWithNettyeee6e424/s5/4c4f035b-aa8d-4293-9e7b-676cd6864c30/current/raft-meta.conf.tmp with options [CREATE, WRITE]: sun.nio.ch.FileChannelImpl@135849b2
2024-10-16 23:57:32,094 INFO  server.RaftServer$Division (ServerState.java:setRaftConf(386)) - s5@group-676CD6864C30: set configuration conf: {index: 123, cur=peers:[s4|0.0.0.0:15019, s5|0.0.0.0:15020, s6|0.0.0.0:15021, s0|0.0.0.0:15015, s1|0.0.0.0:15016]|listeners:[], old=null}
2024-10-16 23:57:32,094 DEBUG server.RaftServer$Division (RaftServerImpl.java:logAppendEntries(1549)) - s6@group-676CD6864C30: appendEntries* s5->s6#6998-t1,previous=(t:1, i:121),leaderCommit=121,initializing? false,entries: size=2, first=(t:1, i:122), METADATAENTRY(c:121)
2024-10-16 23:57:32,093 INFO  impl.RoleInfo (RoleInfo.java:updateAndGet(148)) - s1: start s1@group-676CD6864C30-FollowerState
2024-10-16 23:57:32,095 INFO  server.RaftServer$Division (ServerState.java:setRaftConf(386)) - s1@group-676CD6864C30: set configuration conf: {index: 121, cur=peers:[s4|0.0.0.0:15019, s5|0.0.0.0:15020, s6|0.0.0.0:15021, s0|0.0.0.0:15015, s1|0.0.0.0:15016]|listeners:[], old=peers:[s4|0.0.0.0:15019, s5|0.0.0.0:15020, s6|0.0.0.0:15021]|listeners:[]}
2024-10-16 23:57:32,094 INFO  server.RaftServer$Division (ServerState.java:setRaftConf(386)) - s6@group-676CD6864C30: set configuration conf: {index: 123, cur=peers:[s4|0.0.0.0:15019, s5|0.0.0.0:15020, s6|0.0.0.0:15021, s0|0.0.0.0:15015, s1|0.0.0.0:15016]|listeners:[], old=null}
2024-10-16 23:57:32,095 DEBUG server.RaftServer$Division (RaftServerImpl.java:logAppendEntries(1549)) - s4@group-676CD6864C30: appendEntries* s5->s4#6999-t1,previous=(t:1, i:121),leaderCommit=121,initializing? false,entries: size=2, first=(t:1, i:122), METADATAENTRY(c:121)
2024-10-16 23:57:32,095 INFO  server.RaftServer$Division (ServerState.java:setRaftConf(386)) - s4@group-676CD6864C30: set configuration conf: {index: 123, cur=peers:[s4|0.0.0.0:15019, s5|0.0.0.0:15020, s6|0.0.0.0:15021, s0|0.0.0.0:15015, s1|0.0.0.0:15016]|listeners:[], old=null}
2024-10-16 23:57:32,095 DEBUG server.RaftServer$Division (RaftServerImpl.java:logAppendEntries(1549)) - s0@group-676CD6864C30: appendEntries* reply s5<-s0#6997:OK-t1,SUCCESS,nextIndex=122,followerCommit=120,matchIndex=121
2024-10-16 23:57:32,095 DEBUG server.RaftServer$Division (RaftServerImpl.java:logAppendEntries(1549)) - s6@group-676CD6864C30: appendEntries* reply s5<-s6#6998:OK-t1,SUCCESS,nextIndex=124,followerCommit=121,matchIndex=123
2024-10-16 23:57:32,095 TRACE util.FileUtils (LogUtils.java:supplyAndLog(69)) - Successfully supplied FileChannel.open /home/runner/work/ratis/ratis/ratis-examples/target/test/data/6cc99a4c/MiniRaftClusterWithNettyeee6e424/s6/4c4f035b-aa8d-4293-9e7b-676cd6864c30/current/raft-meta.conf.tmp with options [CREATE, WRITE]: sun.nio.ch.FileChannelImpl@4229fca2
2024-10-16 23:57:32,095 TRACE util.FileUtils (LogUtils.java:runAndLog(49)) - Successfully ran Atomic Files.move /home/runner/work/ratis/ratis/ratis-examples/target/test/data/6cc99a4c/MiniRaftClusterWithNettyeee6e424/s0/4c4f035b-aa8d-4293-9e7b-676cd6864c30/current/raft-meta.conf.tmp to /home/runner/work/ratis/ratis/ratis-examples/target/test/data/6cc99a4c/MiniRaftClusterWithNettyeee6e424/s0/4c4f035b-aa8d-4293-9e7b-676cd6864c30/current/raft-meta.conf with options [REPLACE_EXISTING]
2024-10-16 23:57:32,097 DEBUG server.RaftServer$Division (RaftServerImpl.java:logAppendEntries(1549)) - s4@group-676CD6864C30: appendEntries* reply s5<-s4#6999:OK-t1,SUCCESS,nextIndex=124,followerCommit=121,matchIndex=123
2024-10-16 23:57:32,097 TRACE util.FileUtils (LogUtils.java:supplyAndLog(69)) - Successfully supplied FileChannel.open /home/runner/work/ratis/ratis/ratis-examples/target/test/data/6cc99a4c/MiniRaftClusterWithNettyeee6e424/s4/4c4f035b-aa8d-4293-9e7b-676cd6864c30/current/raft-meta.conf.tmp with options [CREATE, WRITE]: sun.nio.ch.FileChannelImpl@75fa8bb5
2024-10-16 23:57:32,097 DEBUG server.RaftServer$Division (RaftServerImpl.java:logAppendEntries(1549)) - s0@group-676CD6864C30: appendEntries* s5->s0#7000-t1,previous=(t:1, i:121),leaderCommit=121,initializing? false,entries: size=2, first=(t:1, i:122), METADATAENTRY(c:121)
2024-10-16 23:57:32,097 INFO  server.RaftServer$Division (ServerState.java:setRaftConf(386)) - s0@group-676CD6864C30: set configuration conf: {index: 123, cur=peers:[s4|0.0.0.0:15019, s5|0.0.0.0:15020, s6|0.0.0.0:15021, s0|0.0.0.0:15015, s1|0.0.0.0:15016]|listeners:[], old=null}
2024-10-16 23:57:32,098 DEBUG server.RaftServer$Division (RaftServerImpl.java:logAppendEntries(1549)) - s0@group-676CD6864C30: appendEntries* reply s5<-s0#7000:OK-t1,SUCCESS,nextIndex=124,followerCommit=121,matchIndex=123
2024-10-16 23:57:32,099 TRACE util.FileUtils (LogUtils.java:supplyAndLog(69)) - Successfully supplied FileChannel.open /home/runner/work/ratis/ratis/ratis-examples/target/test/data/6cc99a4c/MiniRaftClusterWithNettyeee6e424/s0/4c4f035b-aa8d-4293-9e7b-676cd6864c30/current/raft-meta.conf.tmp with options [CREATE, WRITE]: sun.nio.ch.FileChannelImpl@74fdef1a
2024-10-16 23:57:32,099 INFO  server.RaftServer$Division (RaftServerImpl.java:setConfigurationAsync(1336)) - s5@group-676CD6864C30: receive setConfiguration SetConfigurationRequest:client-995975925348->s5@group-676CD6864C30, cid=7003, seq=null, RW, null, SET_UNCONDITIONALLY, servers:[s4|0.0.0.0:15019, s5|0.0.0.0:15020, s11|0.0.0.0:15026, s6|0.0.0.0:15021, s10|0.0.0.0:15025, s13|0.0.0.0:15028, s12|0.0.0.0:15027, s0|0.0.0.0:15015, s1|0.0.0.0:15016], listeners:[]
2024-10-16 23:57:32,099 TRACE util.FileUtils (LogUtils.java:runAndLog(49)) - Successfully ran Atomic Files.move /home/runner/work/ratis/ratis/ratis-examples/target/test/data/6cc99a4c/MiniRaftClusterWithNettyeee6e424/s5/4c4f035b-aa8d-4293-9e7b-676cd6864c30/current/raft-meta.conf.tmp to /home/runner/work/ratis/ratis/ratis-examples/target/test/data/6cc99a4c/MiniRaftClusterWithNettyeee6e424/s5/4c4f035b-aa8d-4293-9e7b-676cd6864c30/current/raft-meta.conf with options [REPLACE_EXISTING]
2024-10-16 23:57:32,099 TRACE util.FileUtils (LogUtils.java:supplyAndLog(69)) - Successfully supplied FileChannel.open /home/runner/work/ratis/ratis/ratis-examples/target/test/data/6cc99a4c/MiniRaftClusterWithNettyeee6e424/s5/4c4f035b-aa8d-4293-9e7b-676cd6864c30/current/raft-meta.conf.tmp with options [CREATE, WRITE]: sun.nio.ch.FileChannelImpl@1767df01
2024-10-16 23:57:32,099 DEBUG server.RaftServer$Division (RaftServerImpl.java:logAppendEntries(1549)) - s4@group-676CD6864C30: appendEntries* s5->s4#7001-t1,previous=(t:1, i:123),leaderCommit=123,initializing? false,entries: size=1, first=(t:1, i:124), METADATAENTRY(c:123)
2024-10-16 23:57:32,100 DEBUG server.RaftServer$Division (RaftServerImpl.java:logAppendEntries(1549)) - s0@group-676CD6864C30: appendEntries* s5->s0#7004-t1,previous=(t:1, i:123),leaderCommit=123,initializing? false,entries: size=1, first=(t:1, i:124), METADATAENTRY(c:123)
2024-10-16 23:57:32,100 DEBUG server.RaftServer$Division (RaftServerImpl.java:logAppendEntries(1549)) - s4@group-676CD6864C30: appendEntries* reply s5<-s4#7001:OK-t1,SUCCESS,nextIndex=125,followerCommit=123,matchIndex=124
2024-10-16 23:57:32,100 DEBUG server.RaftServer$Division (RaftServerImpl.java:logAppendEntries(1549)) - s0@group-676CD6864C30: appendEntries* reply s5<-s0#7004:OK-t1,SUCCESS,nextIndex=125,followerCommit=123,matchIndex=124
2024-10-16 23:57:32,099 TRACE util.FileUtils (LogUtils.java:runAndLog(49)) - Successfully ran Atomic Files.move /home/runner/work/ratis/ratis/ratis-examples/target/test/data/6cc99a4c/MiniRaftClusterWithNettyeee6e424/s6/4c4f035b-aa8d-4293-9e7b-676cd6864c30/current/raft-meta.conf.tmp to /home/runner/work/ratis/ratis/ratis-examples/target/test/data/6cc99a4c/MiniRaftClusterWithNettyeee6e424/s6/4c4f035b-aa8d-4293-9e7b-676cd6864c30/current/raft-meta.conf with options [REPLACE_EXISTING]
2024-10-16 23:57:32,099 TRACE util.FileUtils (LogUtils.java:runAndLog(49)) - Successfully ran Atomic Files.move /home/runner/work/ratis/ratis/ratis-examples/target/test/data/6cc99a4c/MiniRaftClusterWithNettyeee6e424/s4/4c4f035b-aa8d-4293-9e7b-676cd6864c30/current/raft-meta.conf.tmp to /home/runner/work/ratis/ratis/ratis-examples/target/test/data/6cc99a4c/MiniRaftClusterWithNettyeee6e424/s4/4c4f035b-aa8d-4293-9e7b-676cd6864c30/current/raft-meta.conf with options [REPLACE_EXISTING]
2024-10-16 23:57:32,099 INFO  server.RaftServer$Division (LeaderStateImpl.java:startSetConfiguration(486)) - s5@group-676CD6864C30-LeaderStateImpl: startSetConfiguration SetConfigurationRequest:client-995975925348->s5@group-676CD6864C30, cid=7003, seq=null, RW, null, SET_UNCONDITIONALLY, servers:[s4|0.0.0.0:15019, s5|0.0.0.0:15020, s11|0.0.0.0:15026, s6|0.0.0.0:15021, s10|0.0.0.0:15025, s13|0.0.0.0:15028, s12|0.0.0.0:15027, s0|0.0.0.0:15015, s1|0.0.0.0:15016], listeners:[]
2024-10-16 23:57:32,101 INFO  server.RaftServerConfigKeys (ConfUtils.java:logGet(46)) - raft.server.log.appender.snapshot.chunk.size.max = 16MB (=16777216) (default)
2024-10-16 23:57:32,101 INFO  server.RaftServerConfigKeys (ConfUtils.java:logGet(46)) - raft.server.log.appender.buffer.byte-limit = 4MB (=4194304) (default)
2024-10-16 23:57:32,101 INFO  server.RaftServerConfigKeys (ConfUtils.java:logGet(46)) - raft.server.log.appender.buffer.element-limit = 0 (default)
2024-10-16 23:57:32,101 INFO  server.RaftServerConfigKeys (ConfUtils.java:logGet(46)) - raft.server.log.appender.wait-time.min = 1ms (default)
2024-10-16 23:57:32,102 INFO  server.RaftServerConfigKeys (ConfUtils.java:logGet(46)) - raft.server.log.appender.snapshot.chunk.size.max = 16MB (=16777216) (default)
2024-10-16 23:57:32,102 INFO  server.RaftServerConfigKeys (ConfUtils.java:logGet(46)) - raft.server.log.appender.buffer.byte-limit = 4MB (=4194304) (default)
2024-10-16 23:57:32,102 INFO  server.RaftServerConfigKeys (ConfUtils.java:logGet(46)) - raft.server.log.appender.buffer.element-limit = 0 (default)
2024-10-16 23:57:32,102 INFO  server.RaftServerConfigKeys (ConfUtils.java:logGet(46)) - raft.server.log.appender.wait-time.min = 1ms (default)
2024-10-16 23:57:32,102 INFO  server.RaftServerConfigKeys (ConfUtils.java:logGet(46)) - raft.server.log.appender.snapshot.chunk.size.max = 16MB (=16777216) (default)
2024-10-16 23:57:32,102 INFO  server.RaftServerConfigKeys (ConfUtils.java:logGet(46)) - raft.server.log.appender.buffer.byte-limit = 4MB (=4194304) (default)
2024-10-16 23:57:32,102 INFO  server.RaftServerConfigKeys (ConfUtils.java:logGet(46)) - raft.server.log.appender.buffer.element-limit = 0 (default)
2024-10-16 23:57:32,102 INFO  server.RaftServerConfigKeys (ConfUtils.java:logGet(46)) - raft.server.log.appender.wait-time.min = 1ms (default)
2024-10-16 23:57:32,102 INFO  server.RaftServerConfigKeys (ConfUtils.java:logGet(46)) - raft.server.log.appender.snapshot.chunk.size.max = 16MB (=16777216) (default)
2024-10-16 23:57:32,102 INFO  server.RaftServerConfigKeys (ConfUtils.java:logGet(46)) - raft.server.log.appender.buffer.byte-limit = 4MB (=4194304) (default)
2024-10-16 23:57:32,102 INFO  server.RaftServerConfigKeys (ConfUtils.java:logGet(46)) - raft.server.log.appender.buffer.element-limit = 0 (default)
2024-10-16 23:57:32,103 INFO  server.RaftServerConfigKeys (ConfUtils.java:logGet(46)) - raft.server.log.appender.wait-time.min = 1ms (default)
2024-10-16 23:57:32,099 DEBUG server.RaftServer$Division (RaftServerImpl.java:logAppendEntries(1549)) - s6@group-676CD6864C30: appendEntries* s5->s6#7002-t1,previous=(t:1, i:123),leaderCommit=123,initializing? false,entries: size=1, first=(t:1, i:124), METADATAENTRY(c:123)
2024-10-16 23:57:32,103 TRACE util.FileUtils (LogUtils.java:supplyAndLog(69)) - Successfully supplied FileChannel.open /home/runner/work/ratis/ratis/ratis-examples/target/test/data/6cc99a4c/MiniRaftClusterWithNettyeee6e424/s4/4c4f035b-aa8d-4293-9e7b-676cd6864c30/current/raft-meta.conf.tmp with options [CREATE, WRITE]: sun.nio.ch.FileChannelImpl@71c501d2
2024-10-16 23:57:32,103 DEBUG server.RaftServer$Division (RaftServerImpl.java:logAppendEntries(1549)) - s6@group-676CD6864C30: appendEntries* reply s5<-s6#7002:OK-t1,SUCCESS,nextIndex=125,followerCommit=123,matchIndex=124
2024-10-16 23:57:32,104 TRACE util.FileUtils (LogUtils.java:supplyAndLog(69)) - Successfully supplied FileChannel.open /home/runner/work/ratis/ratis/ratis-examples/target/test/data/6cc99a4c/MiniRaftClusterWithNettyeee6e424/s6/4c4f035b-aa8d-4293-9e7b-676cd6864c30/current/raft-meta.conf.tmp with options [CREATE, WRITE]: sun.nio.ch.FileChannelImpl@4616703f
2024-10-16 23:57:32,106 TRACE util.FileUtils (LogUtils.java:runAndLog(49)) - Successfully ran Atomic Files.move /home/runner/work/ratis/ratis/ratis-examples/target/test/data/6cc99a4c/MiniRaftClusterWithNettyeee6e424/s4/4c4f035b-aa8d-4293-9e7b-676cd6864c30/current/raft-meta.conf.tmp to /home/runner/work/ratis/ratis/ratis-examples/target/test/data/6cc99a4c/MiniRaftClusterWithNettyeee6e424/s4/4c4f035b-aa8d-4293-9e7b-676cd6864c30/current/raft-meta.conf with options [REPLACE_EXISTING]
2024-10-16 23:57:32,106 TRACE util.FileUtils (LogUtils.java:runAndLog(49)) - Successfully ran Atomic Files.move /home/runner/work/ratis/ratis/ratis-examples/target/test/data/6cc99a4c/MiniRaftClusterWithNettyeee6e424/s6/4c4f035b-aa8d-4293-9e7b-676cd6864c30/current/raft-meta.conf.tmp to /home/runner/work/ratis/ratis/ratis-examples/target/test/data/6cc99a4c/MiniRaftClusterWithNettyeee6e424/s6/4c4f035b-aa8d-4293-9e7b-676cd6864c30/current/raft-meta.conf with options [REPLACE_EXISTING]
2024-10-16 23:57:32,106 TRACE util.FileUtils (LogUtils.java:runAndLog(49)) - Successfully ran Atomic Files.move /home/runner/work/ratis/ratis/ratis-examples/target/test/data/6cc99a4c/MiniRaftClusterWithNettyeee6e424/s5/4c4f035b-aa8d-4293-9e7b-676cd6864c30/current/raft-meta.conf.tmp to /home/runner/work/ratis/ratis/ratis-examples/target/test/data/6cc99a4c/MiniRaftClusterWithNettyeee6e424/s5/4c4f035b-aa8d-4293-9e7b-676cd6864c30/current/raft-meta.conf with options [REPLACE_EXISTING]
2024-10-16 23:57:32,106 DEBUG server.RaftServer$Division (RaftServerImpl.java:logAppendEntries(1549)) - s1@group-676CD6864C30: appendEntries* reply s5<-s1#6996:OK-t1,SUCCESS,nextIndex=122,followerCommit=120,matchIndex=121
2024-10-16 23:57:32,107 DEBUG server.RaftServer$Division (RaftServerImpl.java:logAppendEntries(1549)) - s1@group-676CD6864C30: appendEntries* s5->s1#7005-t1,previous=(t:1, i:121),leaderCommit=123,initializing? false,entries: size=3, first=(t:1, i:122), METADATAENTRY(c:121)
2024-10-16 23:57:32,107 INFO  server.RaftServer$Division (ServerState.java:setRaftConf(386)) - s1@group-676CD6864C30: set configuration conf: {index: 123, cur=peers:[s4|0.0.0.0:15019, s5|0.0.0.0:15020, s6|0.0.0.0:15021, s0|0.0.0.0:15015, s1|0.0.0.0:15016]|listeners:[], old=null}
2024-10-16 23:57:32,107 TRACE util.FileUtils (LogUtils.java:runAndLog(49)) - Successfully ran Atomic Files.move /home/runner/work/ratis/ratis/ratis-examples/target/test/data/6cc99a4c/MiniRaftClusterWithNettyeee6e424/s0/4c4f035b-aa8d-4293-9e7b-676cd6864c30/current/raft-meta.conf.tmp to /home/runner/work/ratis/ratis/ratis-examples/target/test/data/6cc99a4c/MiniRaftClusterWithNettyeee6e424/s0/4c4f035b-aa8d-4293-9e7b-676cd6864c30/current/raft-meta.conf with options [REPLACE_EXISTING]
2024-10-16 23:57:32,107 TRACE util.FileUtils (LogUtils.java:supplyAndLog(69)) - Successfully supplied FileChannel.open /home/runner/work/ratis/ratis/ratis-examples/target/test/data/6cc99a4c/MiniRaftClusterWithNettyeee6e424/s0/4c4f035b-aa8d-4293-9e7b-676cd6864c30/current/raft-meta.conf.tmp with options [CREATE, WRITE]: sun.nio.ch.FileChannelImpl@70c2755d
2024-10-16 23:57:32,108 INFO  leader.FollowerInfo (FollowerInfoImpl.java:setAttemptedToInstallSnapshot(154)) - Follower s5@group-676CD6864C30->s11 acknowledged installing snapshot
2024-10-16 23:57:32,109 INFO  leader.FollowerInfo (FollowerInfoImpl.java:setAttemptedToInstallSnapshot(154)) - Follower s5@group-676CD6864C30->s10 acknowledged installing snapshot
2024-10-16 23:57:32,109 DEBUG server.RaftServer$Division (RaftServerImpl.java:logAppendEntries(1549)) - s1@group-676CD6864C30: appendEntries* reply s5<-s1#7005:OK-t1,SUCCESS,nextIndex=125,followerCommit=123,matchIndex=124
2024-10-16 23:57:32,110 TRACE util.FileUtils (LogUtils.java:supplyAndLog(69)) - Successfully supplied FileChannel.open /home/runner/work/ratis/ratis/ratis-examples/target/test/data/6cc99a4c/MiniRaftClusterWithNettyeee6e424/s1/4c4f035b-aa8d-4293-9e7b-676cd6864c30/current/raft-meta.conf.tmp with options [CREATE, WRITE]: sun.nio.ch.FileChannelImpl@6fa14466
2024-10-16 23:57:32,111 TRACE util.FileUtils (LogUtils.java:runAndLog(49)) - Successfully ran Atomic Files.move /home/runner/work/ratis/ratis/ratis-examples/target/test/data/6cc99a4c/MiniRaftClusterWithNettyeee6e424/s0/4c4f035b-aa8d-4293-9e7b-676cd6864c30/current/raft-meta.conf.tmp to /home/runner/work/ratis/ratis/ratis-examples/target/test/data/6cc99a4c/MiniRaftClusterWithNettyeee6e424/s0/4c4f035b-aa8d-4293-9e7b-676cd6864c30/current/raft-meta.conf with options [REPLACE_EXISTING]
2024-10-16 23:57:32,112 TRACE util.FileUtils (LogUtils.java:runAndLog(49)) - Successfully ran Atomic Files.move /home/runner/work/ratis/ratis/ratis-examples/target/test/data/6cc99a4c/MiniRaftClusterWithNettyeee6e424/s1/4c4f035b-aa8d-4293-9e7b-676cd6864c30/current/raft-meta.conf.tmp to /home/runner/work/ratis/ratis/ratis-examples/target/test/data/6cc99a4c/MiniRaftClusterWithNettyeee6e424/s1/4c4f035b-aa8d-4293-9e7b-676cd6864c30/current/raft-meta.conf with options [REPLACE_EXISTING]
2024-10-16 23:57:32,112 TRACE util.FileUtils (LogUtils.java:supplyAndLog(69)) - Successfully supplied FileChannel.open /home/runner/work/ratis/ratis/ratis-examples/target/test/data/6cc99a4c/MiniRaftClusterWithNettyeee6e424/s1/4c4f035b-aa8d-4293-9e7b-676cd6864c30/current/raft-meta.conf.tmp with options [CREATE, WRITE]: sun.nio.ch.FileChannelImpl@6b9ecd4a
2024-10-16 23:57:32,113 TRACE util.FileUtils (LogUtils.java:runAndLog(49)) - Successfully ran Atomic Files.move /home/runner/work/ratis/ratis/ratis-examples/target/test/data/6cc99a4c/MiniRaftClusterWithNettyeee6e424/s1/4c4f035b-aa8d-4293-9e7b-676cd6864c30/current/raft-meta.conf.tmp to /home/runner/work/ratis/ratis/ratis-examples/target/test/data/6cc99a4c/MiniRaftClusterWithNettyeee6e424/s1/4c4f035b-aa8d-4293-9e7b-676cd6864c30/current/raft-meta.conf with options [REPLACE_EXISTING]
2024-10-16 23:57:32,117 INFO  leader.FollowerInfo (FollowerInfoImpl.java:setAttemptedToInstallSnapshot(154)) - Follower s5@group-676CD6864C30->s12 acknowledged installing snapshot
2024-10-16 23:57:32,117 INFO  leader.FollowerInfo (FollowerInfoImpl.java:setAttemptedToInstallSnapshot(154)) - Follower s5@group-676CD6864C30->s13 acknowledged installing snapshot
2024-10-16 23:57:32,121 INFO  logging.LoggingHandler (AbstractInternalLogger.java:log(148)) - [id: 0x386abc64, L:/0.0.0.0:15025] READ: [id: 0xdacdc851, L:/127.0.0.1:15025 - R:/127.0.0.1:53182]
2024-10-16 23:57:32,121 INFO  logging.LoggingHandler (AbstractInternalLogger.java:log(148)) - [id: 0xf469844a, L:/0.0.0.0:15026] READ: [id: 0xa6a2de19, L:/127.0.0.1:15026 - R:/127.0.0.1:45816]
2024-10-16 23:57:32,122 INFO  logging.LoggingHandler (AbstractInternalLogger.java:log(148)) - [id: 0x03473379, L:/0.0.0.0:15028] READ: [id: 0x1ddd619c, L:/127.0.0.1:15028 - R:/127.0.0.1:53764]
2024-10-16 23:57:32,122 INFO  logging.LoggingHandler (AbstractInternalLogger.java:log(148)) - [id: 0xdd8a884e, L:/0.0.0.0:15027] READ: [id: 0x6670d3d9, L:/127.0.0.1:15027 - R:/127.0.0.1:60226]
2024-10-16 23:57:32,123 INFO  logging.LoggingHandler (AbstractInternalLogger.java:log(148)) - [id: 0xf469844a, L:/0.0.0.0:15026] READ COMPLETE
2024-10-16 23:57:32,123 INFO  logging.LoggingHandler (AbstractInternalLogger.java:log(148)) - [id: 0x386abc64, L:/0.0.0.0:15025] READ COMPLETE
2024-10-16 23:57:32,123 INFO  logging.LoggingHandler (AbstractInternalLogger.java:log(148)) - [id: 0xdd8a884e, L:/0.0.0.0:15027] READ COMPLETE
2024-10-16 23:57:32,123 TRACE util.FileUtils (LogUtils.java:supplyAndLog(69)) - Successfully supplied FileChannel.open /home/runner/work/ratis/ratis/ratis-examples/target/test/data/6cc99a4c/MiniRaftClusterWithNettyeee6e424/s10/4c4f035b-aa8d-4293-9e7b-676cd6864c30/current/raft-meta.tmp with options [CREATE, WRITE]: sun.nio.ch.FileChannelImpl@241b9e13
2024-10-16 23:57:32,124 TRACE util.FileUtils (LogUtils.java:supplyAndLog(69)) - Successfully supplied FileChannel.open /home/runner/work/ratis/ratis/ratis-examples/target/test/data/6cc99a4c/MiniRaftClusterWithNettyeee6e424/s12/4c4f035b-aa8d-4293-9e7b-676cd6864c30/current/raft-meta.tmp with options [CREATE, WRITE]: sun.nio.ch.FileChannelImpl@85ec623
2024-10-16 23:57:32,124 INFO  logging.LoggingHandler (AbstractInternalLogger.java:log(148)) - [id: 0x03473379, L:/0.0.0.0:15028] READ COMPLETE
2024-10-16 23:57:32,124 TRACE util.FileUtils (LogUtils.java:supplyAndLog(69)) - Successfully supplied FileChannel.open /home/runner/work/ratis/ratis/ratis-examples/target/test/data/6cc99a4c/MiniRaftClusterWithNettyeee6e424/s13/4c4f035b-aa8d-4293-9e7b-676cd6864c30/current/raft-meta.tmp with options [CREATE, WRITE]: sun.nio.ch.FileChannelImpl@5552cf7e
2024-10-16 23:57:32,125 TRACE util.FileUtils (LogUtils.java:supplyAndLog(69)) - Successfully supplied FileChannel.open /home/runner/work/ratis/ratis/ratis-examples/target/test/data/6cc99a4c/MiniRaftClusterWithNettyeee6e424/s11/4c4f035b-aa8d-4293-9e7b-676cd6864c30/current/raft-meta.tmp with options [CREATE, WRITE]: sun.nio.ch.FileChannelImpl@3aacb019
2024-10-16 23:57:32,126 TRACE util.FileUtils (LogUtils.java:runAndLog(49)) - Successfully ran Atomic Files.move /home/runner/work/ratis/ratis/ratis-examples/target/test/data/6cc99a4c/MiniRaftClusterWithNettyeee6e424/s10/4c4f035b-aa8d-4293-9e7b-676cd6864c30/current/raft-meta.tmp to /home/runner/work/ratis/ratis/ratis-examples/target/test/data/6cc99a4c/MiniRaftClusterWithNettyeee6e424/s10/4c4f035b-aa8d-4293-9e7b-676cd6864c30/current/raft-meta with options [REPLACE_EXISTING]
2024-10-16 23:57:32,126 INFO  server.RaftServer$Division (RaftServerImpl.java:setFirstElection(564)) - s10@group-676CD6864C30: set firstElectionSinceStartup to false for appendEntries
2024-10-16 23:57:32,126 INFO  server.RaftServer$Division (ServerState.java:setLeader(272)) - s10@group-676CD6864C30: change Leader from null to s5 at term 1 for appendEntries, leader elected after 199ms
2024-10-16 23:57:32,127 TRACE util.FileUtils (LogUtils.java:runAndLog(49)) - Successfully ran Atomic Files.move /home/runner/work/ratis/ratis/ratis-examples/target/test/data/6cc99a4c/MiniRaftClusterWithNettyeee6e424/s12/4c4f035b-aa8d-4293-9e7b-676cd6864c30/current/raft-meta.tmp to /home/runner/work/ratis/ratis/ratis-examples/target/test/data/6cc99a4c/MiniRaftClusterWithNettyeee6e424/s12/4c4f035b-aa8d-4293-9e7b-676cd6864c30/current/raft-meta with options [REPLACE_EXISTING]
2024-10-16 23:57:32,127 TRACE util.FileUtils (LogUtils.java:runAndLog(49)) - Successfully ran Atomic Files.move /home/runner/work/ratis/ratis/ratis-examples/target/test/data/6cc99a4c/MiniRaftClusterWithNettyeee6e424/s13/4c4f035b-aa8d-4293-9e7b-676cd6864c30/current/raft-meta.tmp to /home/runner/work/ratis/ratis/ratis-examples/target/test/data/6cc99a4c/MiniRaftClusterWithNettyeee6e424/s13/4c4f035b-aa8d-4293-9e7b-676cd6864c30/current/raft-meta with options [REPLACE_EXISTING]
2024-10-16 23:57:32,127 INFO  server.RaftServer$Division (RaftServerImpl.java:setFirstElection(564)) - s13@group-676CD6864C30: set firstElectionSinceStartup to false for appendEntries
2024-10-16 23:57:32,127 INFO  server.RaftServer$Division (ServerState.java:setLeader(272)) - s13@group-676CD6864C30: change Leader from null to s5 at term 1 for appendEntries, leader elected after 155ms
2024-10-16 23:57:32,126 TRACE util.FileUtils (LogUtils.java:runAndLog(49)) - Successfully ran Atomic Files.move /home/runner/work/ratis/ratis/ratis-examples/target/test/data/6cc99a4c/MiniRaftClusterWithNettyeee6e424/s11/4c4f035b-aa8d-4293-9e7b-676cd6864c30/current/raft-meta.tmp to /home/runner/work/ratis/ratis/ratis-examples/target/test/data/6cc99a4c/MiniRaftClusterWithNettyeee6e424/s11/4c4f035b-aa8d-4293-9e7b-676cd6864c30/current/raft-meta with options [REPLACE_EXISTING]
2024-10-16 23:57:32,127 INFO  server.RaftServer$Division (RaftServerImpl.java:setFirstElection(564)) - s11@group-676CD6864C30: set firstElectionSinceStartup to false for appendEntries
2024-10-16 23:57:32,129 INFO  server.RaftServer$Division (ServerState.java:setLeader(272)) - s11@group-676CD6864C30: change Leader from null to s5 at term 1 for appendEntries, leader elected after 166ms
2024-10-16 23:57:32,127 INFO  server.RaftServer$Division (RaftServerImpl.java:setFirstElection(564)) - s12@group-676CD6864C30: set firstElectionSinceStartup to false for appendEntries
2024-10-16 23:57:32,129 INFO  server.RaftServer$Division (ServerState.java:setLeader(272)) - s12@group-676CD6864C30: change Leader from null to s5 at term 1 for appendEntries, leader elected after 145ms
2024-10-16 23:57:32,129 DEBUG server.RaftServer$Division (RaftServerImpl.java:logAppendEntries(1549)) - s10@group-676CD6864C30: appendEntries* s5->s10#7014-t1,previous=(t:0, i:0),leaderCommit=124,initializing? true,entries: size=125, first=(t:1, i:0), CONFIGURATIONENTRY(current:id:"s4"address:"0.0.0.0:15019"clientAddress:"0.0.0.0:15019"adminAddress:"0.0.0.0:15019"startupRole:FOLLOWER, id:"s5"address:"0.0.0.0:15020"clientAddress:"0.0.0.0:15020"adminAddress:"0.0.0.0:15020"startupRole:FOLLOWER, id:"s6"address:"0.0.0.0:15021"clientAddress:"0.0.0.0:15021"adminAddress:"0.0.0.0:15021"startupRole:FOLLOWER, old:)
2024-10-16 23:57:32,129 DEBUG server.RaftServer$Division (RaftServerImpl.java:logAppendEntries(1549)) - s13@group-676CD6864C30: appendEntries* s5->s13#7015-t1,previous=(t:0, i:0),leaderCommit=124,initializing? true,entries: size=125, first=(t:1, i:0), CONFIGURATIONENTRY(current:id:"s4"address:"0.0.0.0:15019"clientAddress:"0.0.0.0:15019"adminAddress:"0.0.0.0:15019"startupRole:FOLLOWER, id:"s5"address:"0.0.0.0:15020"clientAddress:"0.0.0.0:15020"adminAddress:"0.0.0.0:15020"startupRole:FOLLOWER, id:"s6"address:"0.0.0.0:15021"clientAddress:"0.0.0.0:15021"adminAddress:"0.0.0.0:15021"startupRole:FOLLOWER, old:)
2024-10-16 23:57:32,129 INFO  server.RaftServer$Division (ServerState.java:setRaftConf(386)) - s10@group-676CD6864C30: set configuration conf: {index: 0, cur=peers:[s4|0.0.0.0:15019, s5|0.0.0.0:15020, s6|0.0.0.0:15021]|listeners:[], old=null}
2024-10-16 23:57:32,129 INFO  server.RaftServer$Division (ServerState.java:setRaftConf(386)) - s13@group-676CD6864C30: set configuration conf: {index: 0, cur=peers:[s4|0.0.0.0:15019, s5|0.0.0.0:15020, s6|0.0.0.0:15021]|listeners:[], old=null}
2024-10-16 23:57:32,129 INFO  server.RaftServer$Division (ServerState.java:setRaftConf(386)) - s10@group-676CD6864C30: set configuration conf: {index: 121, cur=peers:[s4|0.0.0.0:15019, s5|0.0.0.0:15020, s6|0.0.0.0:15021, s0|0.0.0.0:15015, s1|0.0.0.0:15016]|listeners:[], old=peers:[s4|0.0.0.0:15019, s5|0.0.0.0:15020, s6|0.0.0.0:15021]|listeners:[]}
2024-10-16 23:57:32,130 INFO  server.RaftServer$Division (ServerState.java:setRaftConf(386)) - s10@group-676CD6864C30: set configuration conf: {index: 123, cur=peers:[s4|0.0.0.0:15019, s5|0.0.0.0:15020, s6|0.0.0.0:15021, s0|0.0.0.0:15015, s1|0.0.0.0:15016]|listeners:[], old=null}
2024-10-16 23:57:32,130 INFO  segmented.SegmentedRaftLogWorker (SegmentedRaftLogWorker.java:startLogSegment(442)) - s10@group-676CD6864C30-SegmentedRaftLogWorker: Starting segment from index:0
2024-10-16 23:57:32,129 INFO  server.RaftServer$Division (ServerState.java:setRaftConf(386)) - s13@group-676CD6864C30: set configuration conf: {index: 121, cur=peers:[s4|0.0.0.0:15019, s5|0.0.0.0:15020, s6|0.0.0.0:15021, s0|0.0.0.0:15015, s1|0.0.0.0:15016]|listeners:[], old=peers:[s4|0.0.0.0:15019, s5|0.0.0.0:15020, s6|0.0.0.0:15021]|listeners:[]}
2024-10-16 23:57:32,130 INFO  server.RaftServer$Division (ServerState.java:setRaftConf(386)) - s13@group-676CD6864C30: set configuration conf: {index: 123, cur=peers:[s4|0.0.0.0:15019, s5|0.0.0.0:15020, s6|0.0.0.0:15021, s0|0.0.0.0:15015, s1|0.0.0.0:15016]|listeners:[], old=null}
2024-10-16 23:57:32,130 INFO  segmented.SegmentedRaftLogWorker (SegmentedRaftLogWorker.java:startLogSegment(442)) - s13@group-676CD6864C30-SegmentedRaftLogWorker: Starting segment from index:0
2024-10-16 23:57:32,131 INFO  segmented.BufferedWriteChannel (BufferedWriteChannel.java:open(61)) - open log_inprogress_0 at position 0
2024-10-16 23:57:32,131 INFO  segmented.BufferedWriteChannel (BufferedWriteChannel.java:open(61)) - open log_inprogress_0 at position 0
2024-10-16 23:57:32,134 DEBUG server.RaftServer$Division (RaftServerImpl.java:logAppendEntries(1549)) - s12@group-676CD6864C30: appendEntries* s5->s12#7017-t1,previous=(t:0, i:0),leaderCommit=124,initializing? true,entries: size=125, first=(t:1, i:0), CONFIGURATIONENTRY(current:id:"s4"address:"0.0.0.0:15019"clientAddress:"0.0.0.0:15019"adminAddress:"0.0.0.0:15019"startupRole:FOLLOWER, id:"s5"address:"0.0.0.0:15020"clientAddress:"0.0.0.0:15020"adminAddress:"0.0.0.0:15020"startupRole:FOLLOWER, id:"s6"address:"0.0.0.0:15021"clientAddress:"0.0.0.0:15021"adminAddress:"0.0.0.0:15021"startupRole:FOLLOWER, old:)
2024-10-16 23:57:32,134 INFO  server.RaftServer$Division (ServerState.java:setRaftConf(386)) - s12@group-676CD6864C30: set configuration conf: {index: 0, cur=peers:[s4|0.0.0.0:15019, s5|0.0.0.0:15020, s6|0.0.0.0:15021]|listeners:[], old=null}
2024-10-16 23:57:32,135 INFO  server.RaftServer$Division (ServerState.java:setRaftConf(386)) - s12@group-676CD6864C30: set configuration conf: {index: 121, cur=peers:[s4|0.0.0.0:15019, s5|0.0.0.0:15020, s6|0.0.0.0:15021, s0|0.0.0.0:15015, s1|0.0.0.0:15016]|listeners:[], old=peers:[s4|0.0.0.0:15019, s5|0.0.0.0:15020, s6|0.0.0.0:15021]|listeners:[]}
2024-10-16 23:57:32,135 INFO  server.RaftServer$Division (ServerState.java:setRaftConf(386)) - s12@group-676CD6864C30: set configuration conf: {index: 123, cur=peers:[s4|0.0.0.0:15019, s5|0.0.0.0:15020, s6|0.0.0.0:15021, s0|0.0.0.0:15015, s1|0.0.0.0:15016]|listeners:[], old=null}
2024-10-16 23:57:32,135 INFO  segmented.SegmentedRaftLogWorker (SegmentedRaftLogWorker.java:startLogSegment(442)) - s12@group-676CD6864C30-SegmentedRaftLogWorker: Starting segment from index:0
2024-10-16 23:57:32,135 INFO  segmented.BufferedWriteChannel (BufferedWriteChannel.java:open(61)) - open log_inprogress_0 at position 0
2024-10-16 23:57:32,144 DEBUG server.RaftServer$Division (RaftServerImpl.java:logAppendEntries(1549)) - s11@group-676CD6864C30: appendEntries* s5->s11#7016-t1,previous=(t:0, i:0),leaderCommit=124,initializing? true,entries: size=125, first=(t:1, i:0), CONFIGURATIONENTRY(current:id:"s4"address:"0.0.0.0:15019"clientAddress:"0.0.0.0:15019"adminAddress:"0.0.0.0:15019"startupRole:FOLLOWER, id:"s5"address:"0.0.0.0:15020"clientAddress:"0.0.0.0:15020"adminAddress:"0.0.0.0:15020"startupRole:FOLLOWER, id:"s6"address:"0.0.0.0:15021"clientAddress:"0.0.0.0:15021"adminAddress:"0.0.0.0:15021"startupRole:FOLLOWER, old:)
2024-10-16 23:57:32,144 INFO  server.RaftServer$Division (ServerState.java:setRaftConf(386)) - s11@group-676CD6864C30: set configuration conf: {index: 0, cur=peers:[s4|0.0.0.0:15019, s5|0.0.0.0:15020, s6|0.0.0.0:15021]|listeners:[], old=null}
2024-10-16 23:57:32,144 INFO  server.RaftServer$Division (ServerState.java:setRaftConf(386)) - s11@group-676CD6864C30: set configuration conf: {index: 121, cur=peers:[s4|0.0.0.0:15019, s5|0.0.0.0:15020, s6|0.0.0.0:15021, s0|0.0.0.0:15015, s1|0.0.0.0:15016]|listeners:[], old=peers:[s4|0.0.0.0:15019, s5|0.0.0.0:15020, s6|0.0.0.0:15021]|listeners:[]}
2024-10-16 23:57:32,145 INFO  server.RaftServer$Division (ServerState.java:setRaftConf(386)) - s11@group-676CD6864C30: set configuration conf: {index: 123, cur=peers:[s4|0.0.0.0:15019, s5|0.0.0.0:15020, s6|0.0.0.0:15021, s0|0.0.0.0:15015, s1|0.0.0.0:15016]|listeners:[], old=null}
2024-10-16 23:57:32,145 INFO  segmented.SegmentedRaftLogWorker (SegmentedRaftLogWorker.java:startLogSegment(442)) - s11@group-676CD6864C30-SegmentedRaftLogWorker: Starting segment from index:0
2024-10-16 23:57:32,149 INFO  segmented.BufferedWriteChannel (BufferedWriteChannel.java:open(61)) - open log_inprogress_0 at position 0
2024-10-16 23:57:32,149 INFO  segmented.SegmentedRaftLogWorker (SegmentedRaftLogWorker.java:execute(663)) - s13@group-676CD6864C30-SegmentedRaftLogWorker: created new log segment /home/runner/work/ratis/ratis/ratis-examples/target/test/data/6cc99a4c/MiniRaftClusterWithNettyeee6e424/s13/4c4f035b-aa8d-4293-9e7b-676cd6864c30/current/log_inprogress_0
2024-10-16 23:57:32,150 INFO  segmented.SegmentedRaftLogWorker (SegmentedRaftLogWorker.java:execute(663)) - s12@group-676CD6864C30-SegmentedRaftLogWorker: created new log segment /home/runner/work/ratis/ratis/ratis-examples/target/test/data/6cc99a4c/MiniRaftClusterWithNettyeee6e424/s12/4c4f035b-aa8d-4293-9e7b-676cd6864c30/current/log_inprogress_0
2024-10-16 23:57:32,151 INFO  segmented.SegmentedRaftLogWorker (SegmentedRaftLogWorker.java:execute(663)) - s10@group-676CD6864C30-SegmentedRaftLogWorker: created new log segment /home/runner/work/ratis/ratis/ratis-examples/target/test/data/6cc99a4c/MiniRaftClusterWithNettyeee6e424/s10/4c4f035b-aa8d-4293-9e7b-676cd6864c30/current/log_inprogress_0
2024-10-16 23:57:32,152 DEBUG server.RaftServer$Division (RaftServerImpl.java:logAppendEntries(1549)) - s10@group-676CD6864C30: appendEntries* reply s5<-s10#7014:OK-t1,SUCCESS,nextIndex=125,followerCommit=124,matchIndex=124
2024-10-16 23:57:32,152 DEBUG server.RaftServer$Division (RaftServerImpl.java:logAppendEntries(1549)) - s13@group-676CD6864C30: appendEntries* reply s5<-s13#7015:OK-t1,SUCCESS,nextIndex=125,followerCommit=124,matchIndex=124
2024-10-16 23:57:32,152 TRACE util.FileUtils (LogUtils.java:supplyAndLog(69)) - Successfully supplied FileChannel.open /home/runner/work/ratis/ratis/ratis-examples/target/test/data/6cc99a4c/MiniRaftClusterWithNettyeee6e424/s13/4c4f035b-aa8d-4293-9e7b-676cd6864c30/current/raft-meta.conf.tmp with options [CREATE, WRITE]: sun.nio.ch.FileChannelImpl@7874025
2024-10-16 23:57:32,153 INFO  server.RaftServer$Division (ServerState.java:setRaftConf(386)) - s5@group-676CD6864C30: set configuration conf: {index: 125, cur=peers:[s4|0.0.0.0:15019, s5|0.0.0.0:15020, s11|0.0.0.0:15026, s6|0.0.0.0:15021, s10|0.0.0.0:15025, s13|0.0.0.0:15028, s12|0.0.0.0:15027, s0|0.0.0.0:15015, s1|0.0.0.0:15016]|listeners:[], old=peers:[s4|0.0.0.0:15019, s5|0.0.0.0:15020, s6|0.0.0.0:15021, s0|0.0.0.0:15015, s1|0.0.0.0:15016]|listeners:[]}
2024-10-16 23:57:32,152 TRACE util.FileUtils (LogUtils.java:supplyAndLog(69)) - Successfully supplied FileChannel.open /home/runner/work/ratis/ratis/ratis-examples/target/test/data/6cc99a4c/MiniRaftClusterWithNettyeee6e424/s10/4c4f035b-aa8d-4293-9e7b-676cd6864c30/current/raft-meta.conf.tmp with options [CREATE, WRITE]: sun.nio.ch.FileChannelImpl@56c0fb43
2024-10-16 23:57:32,154 DEBUG server.RaftServer$Division (RaftServerImpl.java:logAppendEntries(1549)) - s1@group-676CD6864C30: appendEntries* s5->s1#7018-t1,previous=(t:1, i:124),leaderCommit=124,initializing? false,entries: size=1, first=(t:1, i:125), CONFIGURATIONENTRY(current:id:"s4"address:"0.0.0.0:15019"clientAddress:"0.0.0.0:15019"adminAddress:"0.0.0.0:15019"startupRole:FOLLOWER, id:"s5"address:"0.0.0.0:15020"clientAddress:"0.0.0.0:15020"adminAddress:"0.0.0.0:15020"startupRole:FOLLOWER, id:"s11"address:"0.0.0.0:15026"clientAddress:"0.0.0.0:15026"adminAddress:"0.0.0.0:15026"startupRole:FOLLOWER, id:"s6"address:"0.0.0.0:15021"clientAddress:"0.0.0.0:15021"adminAddress:"0.0.0.0:15021"startupRole:FOLLOWER, id:"s10"address:"0.0.0.0:15025"clientAddress:"0.0.0.0:15025"adminAddress:"0.0.0.0:15025"startupRole:FOLLOWER, id:"s13"address:"0.0.0.0:15028"clientAddress:"0.0.0.0:15028"adminAddress:"0.0.0.0:15028"startupRole:FOLLOWER, id:"s12"address:"0.0.0.0:15027"clientAddress:"0.0.0.0:15027"adminAddress:"0.0.0.0:15027"startupRole:FOLLOWER, id:"s0"address:"0.0.0.0:15015"clientAddress:"0.0.0.0:15015"adminAddress:"0.0.0.0:15015"startupRole:FOLLOWER, id:"s1"address:"0.0.0.0:15016"clientAddress:"0.0.0.0:15016"adminAddress:"0.0.0.0:15016"startupRole:FOLLOWER, old:id:"s4"address:"0.0.0.0:15019"clientAddress:"0.0.0.0:15019"adminAddress:"0.0.0.0:15019"startupRole:FOLLOWER, id:"s5"address:"0.0.0.0:15020"clientAddress:"0.0.0.0:15020"adminAddress:"0.0.0.0:15020"startupRole:FOLLOWER, id:"s6"address:"0.0.0.0:15021"clientAddress:"0.0.0.0:15021"adminAddress:"0.0.0.0:15021"startupRole:FOLLOWER, id:"s0"address:"0.0.0.0:15015"clientAddress:"0.0.0.0:15015"adminAddress:"0.0.0.0:15015"startupRole:FOLLOWER, id:"s1"address:"0.0.0.0:15016"clientAddress:"0.0.0.0:15016"adminAddress:"0.0.0.0:15016"startupRole:FOLLOWER)
2024-10-16 23:57:32,154 DEBUG server.RaftServer$Division (RaftServerImpl.java:logAppendEntries(1549)) - s6@group-676CD6864C30: appendEntries* s5->s6#7019-t1,previous=(t:1, i:124),leaderCommit=124,initializing? false,entries: size=1, first=(t:1, i:125), CONFIGURATIONENTRY(current:id:"s4"address:"0.0.0.0:15019"clientAddress:"0.0.0.0:15019"adminAddress:"0.0.0.0:15019"startupRole:FOLLOWER, id:"s5"address:"0.0.0.0:15020"clientAddress:"0.0.0.0:15020"adminAddress:"0.0.0.0:15020"startupRole:FOLLOWER, id:"s11"address:"0.0.0.0:15026"clientAddress:"0.0.0.0:15026"adminAddress:"0.0.0.0:15026"startupRole:FOLLOWER, id:"s6"address:"0.0.0.0:15021"clientAddress:"0.0.0.0:15021"adminAddress:"0.0.0.0:15021"startupRole:FOLLOWER, id:"s10"address:"0.0.0.0:15025"clientAddress:"0.0.0.0:15025"adminAddress:"0.0.0.0:15025"startupRole:FOLLOWER, id:"s13"address:"0.0.0.0:15028"clientAddress:"0.0.0.0:15028"adminAddress:"0.0.0.0:15028"startupRole:FOLLOWER, id:"s12"address:"0.0.0.0:15027"clientAddress:"0.0.0.0:15027"adminAddress:"0.0.0.0:15027"startupRole:FOLLOWER, id:"s0"address:"0.0.0.0:15015"clientAddress:"0.0.0.0:15015"adminAddress:"0.0.0.0:15015"startupRole:FOLLOWER, id:"s1"address:"0.0.0.0:15016"clientAddress:"0.0.0.0:15016"adminAddress:"0.0.0.0:15016"startupRole:FOLLOWER, old:id:"s4"address:"0.0.0.0:15019"clientAddress:"0.0.0.0:15019"adminAddress:"0.0.0.0:15019"startupRole:FOLLOWER, id:"s5"address:"0.0.0.0:15020"clientAddress:"0.0.0.0:15020"adminAddress:"0.0.0.0:15020"startupRole:FOLLOWER, id:"s6"address:"0.0.0.0:15021"clientAddress:"0.0.0.0:15021"adminAddress:"0.0.0.0:15021"startupRole:FOLLOWER, id:"s0"address:"0.0.0.0:15015"clientAddress:"0.0.0.0:15015"adminAddress:"0.0.0.0:15015"startupRole:FOLLOWER, id:"s1"address:"0.0.0.0:15016"clientAddress:"0.0.0.0:15016"adminAddress:"0.0.0.0:15016"startupRole:FOLLOWER)
2024-10-16 23:57:32,154 INFO  server.RaftServer$Division (ServerState.java:setRaftConf(386)) - s6@group-676CD6864C30: set configuration conf: {index: 125, cur=peers:[s4|0.0.0.0:15019, s5|0.0.0.0:15020, s11|0.0.0.0:15026, s6|0.0.0.0:15021, s10|0.0.0.0:15025, s13|0.0.0.0:15028, s12|0.0.0.0:15027, s0|0.0.0.0:15015, s1|0.0.0.0:15016]|listeners:[], old=peers:[s4|0.0.0.0:15019, s5|0.0.0.0:15020, s6|0.0.0.0:15021, s0|0.0.0.0:15015, s1|0.0.0.0:15016]|listeners:[]}
2024-10-16 23:57:32,154 DEBUG server.RaftServer$Division (RaftServerImpl.java:logAppendEntries(1549)) - s0@group-676CD6864C30: appendEntries* s5->s0#7020-t1,previous=(t:1, i:124),leaderCommit=124,initializing? false,entries: size=1, first=(t:1, i:125), CONFIGURATIONENTRY(current:id:"s4"address:"0.0.0.0:15019"clientAddress:"0.0.0.0:15019"adminAddress:"0.0.0.0:15019"startupRole:FOLLOWER, id:"s5"address:"0.0.0.0:15020"clientAddress:"0.0.0.0:15020"adminAddress:"0.0.0.0:15020"startupRole:FOLLOWER, id:"s11"address:"0.0.0.0:15026"clientAddress:"0.0.0.0:15026"adminAddress:"0.0.0.0:15026"startupRole:FOLLOWER, id:"s6"address:"0.0.0.0:15021"clientAddress:"0.0.0.0:15021"adminAddress:"0.0.0.0:15021"startupRole:FOLLOWER, id:"s10"address:"0.0.0.0:15025"clientAddress:"0.0.0.0:15025"adminAddress:"0.0.0.0:15025"startupRole:FOLLOWER, id:"s13"address:"0.0.0.0:15028"clientAddress:"0.0.0.0:15028"adminAddress:"0.0.0.0:15028"startupRole:FOLLOWER, id:"s12"address:"0.0.0.0:15027"clientAddress:"0.0.0.0:15027"adminAddress:"0.0.0.0:15027"startupRole:FOLLOWER, id:"s0"address:"0.0.0.0:15015"clientAddress:"0.0.0.0:15015"adminAddress:"0.0.0.0:15015"startupRole:FOLLOWER, id:"s1"address:"0.0.0.0:15016"clientAddress:"0.0.0.0:15016"adminAddress:"0.0.0.0:15016"startupRole:FOLLOWER, old:id:"s4"address:"0.0.0.0:15019"clientAddress:"0.0.0.0:15019"adminAddress:"0.0.0.0:15019"startupRole:FOLLOWER, id:"s5"address:"0.0.0.0:15020"clientAddress:"0.0.0.0:15020"adminAddress:"0.0.0.0:15020"startupRole:FOLLOWER, id:"s6"address:"0.0.0.0:15021"clientAddress:"0.0.0.0:15021"adminAddress:"0.0.0.0:15021"startupRole:FOLLOWER, id:"s0"address:"0.0.0.0:15015"clientAddress:"0.0.0.0:15015"adminAddress:"0.0.0.0:15015"startupRole:FOLLOWER, id:"s1"address:"0.0.0.0:15016"clientAddress:"0.0.0.0:15016"adminAddress:"0.0.0.0:15016"startupRole:FOLLOWER)
2024-10-16 23:57:32,154 INFO  server.RaftServer$Division (ServerState.java:setRaftConf(386)) - s1@group-676CD6864C30: set configuration conf: {index: 125, cur=peers:[s4|0.0.0.0:15019, s5|0.0.0.0:15020, s11|0.0.0.0:15026, s6|0.0.0.0:15021, s10|0.0.0.0:15025, s13|0.0.0.0:15028, s12|0.0.0.0:15027, s0|0.0.0.0:15015, s1|0.0.0.0:15016]|listeners:[], old=peers:[s4|0.0.0.0:15019, s5|0.0.0.0:15020, s6|0.0.0.0:15021, s0|0.0.0.0:15015, s1|0.0.0.0:15016]|listeners:[]}
2024-10-16 23:57:32,155 DEBUG server.RaftServer$Division (RaftServerImpl.java:logAppendEntries(1549)) - s6@group-676CD6864C30: appendEntries* reply s5<-s6#7019:OK-t1,SUCCESS,nextIndex=126,followerCommit=124,matchIndex=125
2024-10-16 23:57:32,155 TRACE util.FileUtils (LogUtils.java:runAndLog(49)) - Successfully ran Atomic Files.move /home/runner/work/ratis/ratis/ratis-examples/target/test/data/6cc99a4c/MiniRaftClusterWithNettyeee6e424/s13/4c4f035b-aa8d-4293-9e7b-676cd6864c30/current/raft-meta.conf.tmp to /home/runner/work/ratis/ratis/ratis-examples/target/test/data/6cc99a4c/MiniRaftClusterWithNettyeee6e424/s13/4c4f035b-aa8d-4293-9e7b-676cd6864c30/current/raft-meta.conf with options [REPLACE_EXISTING]
2024-10-16 23:57:32,155 DEBUG server.RaftServer$Division (RaftServerImpl.java:logAppendEntries(1549)) - s1@group-676CD6864C30: appendEntries* reply s5<-s1#7018:OK-t1,SUCCESS,nextIndex=126,followerCommit=124,matchIndex=125
2024-10-16 23:57:32,155 INFO  server.RaftServer$Division (ServerState.java:setRaftConf(386)) - s0@group-676CD6864C30: set configuration conf: {index: 125, cur=peers:[s4|0.0.0.0:15019, s5|0.0.0.0:15020, s11|0.0.0.0:15026, s6|0.0.0.0:15021, s10|0.0.0.0:15025, s13|0.0.0.0:15028, s12|0.0.0.0:15027, s0|0.0.0.0:15015, s1|0.0.0.0:15016]|listeners:[], old=peers:[s4|0.0.0.0:15019, s5|0.0.0.0:15020, s6|0.0.0.0:15021, s0|0.0.0.0:15015, s1|0.0.0.0:15016]|listeners:[]}
2024-10-16 23:57:32,155 DEBUG server.RaftServer$Division (RaftServerImpl.java:logAppendEntries(1549)) - s4@group-676CD6864C30: appendEntries* s5->s4#7021-t1,previous=(t:1, i:124),leaderCommit=124,initializing? false,entries: size=1, first=(t:1, i:125), CONFIGURATIONENTRY(current:id:"s4"address:"0.0.0.0:15019"clientAddress:"0.0.0.0:15019"adminAddress:"0.0.0.0:15019"startupRole:FOLLOWER, id:"s5"address:"0.0.0.0:15020"clientAddress:"0.0.0.0:15020"adminAddress:"0.0.0.0:15020"startupRole:FOLLOWER, id:"s11"address:"0.0.0.0:15026"clientAddress:"0.0.0.0:15026"adminAddress:"0.0.0.0:15026"startupRole:FOLLOWER, id:"s6"address:"0.0.0.0:15021"clientAddress:"0.0.0.0:15021"adminAddress:"0.0.0.0:15021"startupRole:FOLLOWER, id:"s10"address:"0.0.0.0:15025"clientAddress:"0.0.0.0:15025"adminAddress:"0.0.0.0:15025"startupRole:FOLLOWER, id:"s13"address:"0.0.0.0:15028"clientAddress:"0.0.0.0:15028"adminAddress:"0.0.0.0:15028"startupRole:FOLLOWER, id:"s12"address:"0.0.0.0:15027"clientAddress:"0.0.0.0:15027"adminAddress:"0.0.0.0:15027"startupRole:FOLLOWER, id:"s0"address:"0.0.0.0:15015"clientAddress:"0.0.0.0:15015"adminAddress:"0.0.0.0:15015"startupRole:FOLLOWER, id:"s1"address:"0.0.0.0:15016"clientAddress:"0.0.0.0:15016"adminAddress:"0.0.0.0:15016"startupRole:FOLLOWER, old:id:"s4"address:"0.0.0.0:15019"clientAddress:"0.0.0.0:15019"adminAddress:"0.0.0.0:15019"startupRole:FOLLOWER, id:"s5"address:"0.0.0.0:15020"clientAddress:"0.0.0.0:15020"adminAddress:"0.0.0.0:15020"startupRole:FOLLOWER, id:"s6"address:"0.0.0.0:15021"clientAddress:"0.0.0.0:15021"adminAddress:"0.0.0.0:15021"startupRole:FOLLOWER, id:"s0"address:"0.0.0.0:15015"clientAddress:"0.0.0.0:15015"adminAddress:"0.0.0.0:15015"startupRole:FOLLOWER, id:"s1"address:"0.0.0.0:15016"clientAddress:"0.0.0.0:15016"adminAddress:"0.0.0.0:15016"startupRole:FOLLOWER)
2024-10-16 23:57:32,155 INFO  server.RaftServer$Division (ServerState.java:setRaftConf(386)) - s4@group-676CD6864C30: set configuration conf: {index: 125, cur=peers:[s4|0.0.0.0:15019, s5|0.0.0.0:15020, s11|0.0.0.0:15026, s6|0.0.0.0:15021, s10|0.0.0.0:15025, s13|0.0.0.0:15028, s12|0.0.0.0:15027, s0|0.0.0.0:15015, s1|0.0.0.0:15016]|listeners:[], old=peers:[s4|0.0.0.0:15019, s5|0.0.0.0:15020, s6|0.0.0.0:15021, s0|0.0.0.0:15015, s1|0.0.0.0:15016]|listeners:[]}
2024-10-16 23:57:32,156 DEBUG server.RaftServer$Division (RaftServerImpl.java:logAppendEntries(1549)) - s0@group-676CD6864C30: appendEntries* reply s5<-s0#7020:OK-t1,SUCCESS,nextIndex=126,followerCommit=124,matchIndex=125
2024-10-16 23:57:32,156 DEBUG server.RaftServer$Division (RaftServerImpl.java:logAppendEntries(1549)) - s4@group-676CD6864C30: appendEntries* reply s5<-s4#7021:OK-t1,SUCCESS,nextIndex=126,followerCommit=124,matchIndex=125
2024-10-16 23:57:32,156 DEBUG server.RaftServer$Division (RaftServerImpl.java:logAppendEntries(1549)) - s13@group-676CD6864C30: appendEntries* s5->s13#7022-t1,previous=(t:1, i:124),leaderCommit=124,initializing? false,entries: size=1, first=(t:1, i:125), CONFIGURATIONENTRY(current:id:"s4"address:"0.0.0.0:15019"clientAddress:"0.0.0.0:15019"adminAddress:"0.0.0.0:15019"startupRole:FOLLOWER, id:"s5"address:"0.0.0.0:15020"clientAddress:"0.0.0.0:15020"adminAddress:"0.0.0.0:15020"startupRole:FOLLOWER, id:"s11"address:"0.0.0.0:15026"clientAddress:"0.0.0.0:15026"adminAddress:"0.0.0.0:15026"startupRole:FOLLOWER, id:"s6"address:"0.0.0.0:15021"clientAddress:"0.0.0.0:15021"adminAddress:"0.0.0.0:15021"startupRole:FOLLOWER, id:"s10"address:"0.0.0.0:15025"clientAddress:"0.0.0.0:15025"adminAddress:"0.0.0.0:15025"startupRole:FOLLOWER, id:"s13"address:"0.0.0.0:15028"clientAddress:"0.0.0.0:15028"adminAddress:"0.0.0.0:15028"startupRole:FOLLOWER, id:"s12"address:"0.0.0.0:15027"clientAddress:"0.0.0.0:15027"adminAddress:"0.0.0.0:15027"startupRole:FOLLOWER, id:"s0"address:"0.0.0.0:15015"clientAddress:"0.0.0.0:15015"adminAddress:"0.0.0.0:15015"startupRole:FOLLOWER, id:"s1"address:"0.0.0.0:15016"clientAddress:"0.0.0.0:15016"adminAddress:"0.0.0.0:15016"startupRole:FOLLOWER, old:id:"s4"address:"0.0.0.0:15019"clientAddress:"0.0.0.0:15019"adminAddress:"0.0.0.0:15019"startupRole:FOLLOWER, id:"s5"address:"0.0.0.0:15020"clientAddress:"0.0.0.0:15020"adminAddress:"0.0.0.0:15020"startupRole:FOLLOWER, id:"s6"address:"0.0.0.0:15021"clientAddress:"0.0.0.0:15021"adminAddress:"0.0.0.0:15021"startupRole:FOLLOWER, id:"s0"address:"0.0.0.0:15015"clientAddress:"0.0.0.0:15015"adminAddress:"0.0.0.0:15015"startupRole:FOLLOWER, id:"s1"address:"0.0.0.0:15016"clientAddress:"0.0.0.0:15016"adminAddress:"0.0.0.0:15016"startupRole:FOLLOWER)
2024-10-16 23:57:32,156 INFO  impl.RoleInfo (RoleInfo.java:updateAndGet(148)) - s13: start s13@group-676CD6864C30-FollowerState
2024-10-16 23:57:32,155 TRACE util.FileUtils (LogUtils.java:runAndLog(49)) - Successfully ran Atomic Files.move /home/runner/work/ratis/ratis/ratis-examples/target/test/data/6cc99a4c/MiniRaftClusterWithNettyeee6e424/s10/4c4f035b-aa8d-4293-9e7b-676cd6864c30/current/raft-meta.conf.tmp to /home/runner/work/ratis/ratis/ratis-examples/target/test/data/6cc99a4c/MiniRaftClusterWithNettyeee6e424/s10/4c4f035b-aa8d-4293-9e7b-676cd6864c30/current/raft-meta.conf with options [REPLACE_EXISTING]
2024-10-16 23:57:32,160 INFO  server.RaftServer$Division (ServerState.java:setRaftConf(386)) - s13@group-676CD6864C30: set configuration conf: {index: 125, cur=peers:[s4|0.0.0.0:15019, s5|0.0.0.0:15020, s11|0.0.0.0:15026, s6|0.0.0.0:15021, s10|0.0.0.0:15025, s13|0.0.0.0:15028, s12|0.0.0.0:15027, s0|0.0.0.0:15015, s1|0.0.0.0:15016]|listeners:[], old=peers:[s4|0.0.0.0:15019, s5|0.0.0.0:15020, s6|0.0.0.0:15021, s0|0.0.0.0:15015, s1|0.0.0.0:15016]|listeners:[]}
2024-10-16 23:57:32,160 DEBUG server.RaftServer$Division (RaftServerImpl.java:logAppendEntries(1549)) - s13@group-676CD6864C30: appendEntries* reply s5<-s13#7022:OK-t1,SUCCESS,nextIndex=126,followerCommit=124,matchIndex=125
2024-10-16 23:57:32,161 DEBUG server.RaftServer$Division (RaftServerImpl.java:logAppendEntries(1549)) - s13@group-676CD6864C30: appendEntries* s5->s13#7028-t1,previous=(t:1, i:125),leaderCommit=125,initializing? false,entries: size=2, first=(t:1, i:126), METADATAENTRY(c:125)
2024-10-16 23:57:32,161 INFO  server.RaftServer$Division (ServerState.java:setRaftConf(386)) - s13@group-676CD6864C30: set configuration conf: {index: 127, cur=peers:[s4|0.0.0.0:15019, s5|0.0.0.0:15020, s11|0.0.0.0:15026, s6|0.0.0.0:15021, s10|0.0.0.0:15025, s13|0.0.0.0:15028, s12|0.0.0.0:15027, s0|0.0.0.0:15015, s1|0.0.0.0:15016]|listeners:[], old=null}
2024-10-16 23:57:32,161 TRACE util.FileUtils (LogUtils.java:supplyAndLog(69)) - Successfully supplied FileChannel.open /home/runner/work/ratis/ratis/ratis-examples/target/test/data/6cc99a4c/MiniRaftClusterWithNettyeee6e424/s10/4c4f035b-aa8d-4293-9e7b-676cd6864c30/current/raft-meta.conf.tmp with options [CREATE, WRITE]: sun.nio.ch.FileChannelImpl@58070feb
2024-10-16 23:57:32,162 DEBUG server.RaftServer$Division (RaftServerImpl.java:logAppendEntries(1549)) - s13@group-676CD6864C30: appendEntries* reply s5<-s13#7028:OK-t1,SUCCESS,nextIndex=128,followerCommit=125,matchIndex=127
2024-10-16 23:57:32,162 TRACE util.FileUtils (LogUtils.java:supplyAndLog(69)) - Successfully supplied FileChannel.open /home/runner/work/ratis/ratis/ratis-examples/target/test/data/6cc99a4c/MiniRaftClusterWithNettyeee6e424/s12/4c4f035b-aa8d-4293-9e7b-676cd6864c30/current/raft-meta.conf.tmp with options [CREATE, WRITE]: sun.nio.ch.FileChannelImpl@38d54406
2024-10-16 23:57:32,160 DEBUG server.RaftServer$Division (RaftServerImpl.java:logAppendEntries(1549)) - s1@group-676CD6864C30: appendEntries* s5->s1#7027-t1,previous=(t:1, i:125),leaderCommit=125,initializing? false,entries: size=2, first=(t:1, i:126), METADATAENTRY(c:125)
2024-10-16 23:57:32,159 DEBUG server.RaftServer$Division (RaftServerImpl.java:logAppendEntries(1549)) - s0@group-676CD6864C30: appendEntries* s5->s0#7024-t1,previous=(t:1, i:125),leaderCommit=125,initializing? false,entries: size=2, first=(t:1, i:126), METADATAENTRY(c:125)
2024-10-16 23:57:32,158 DEBUG server.RaftServer$Division (RaftServerImpl.java:logAppendEntries(1549)) - s6@group-676CD6864C30: appendEntries* s5->s6#7025-t1,previous=(t:1, i:125),leaderCommit=125,initializing? false,entries: size=2, first=(t:1, i:126), METADATAENTRY(c:125)
2024-10-16 23:57:32,163 INFO  server.RaftServer$Division (ServerState.java:setRaftConf(386)) - s6@group-676CD6864C30: set configuration conf: {index: 127, cur=peers:[s4|0.0.0.0:15019, s5|0.0.0.0:15020, s11|0.0.0.0:15026, s6|0.0.0.0:15021, s10|0.0.0.0:15025, s13|0.0.0.0:15028, s12|0.0.0.0:15027, s0|0.0.0.0:15015, s1|0.0.0.0:15016]|listeners:[], old=null}
2024-10-16 23:57:32,158 DEBUG server.RaftServer$Division (RaftServerImpl.java:logAppendEntries(1549)) - s4@group-676CD6864C30: appendEntries* s5->s4#7026-t1,previous=(t:1, i:125),leaderCommit=125,initializing? false,entries: size=2, first=(t:1, i:126), METADATAENTRY(c:125)
2024-10-16 23:57:32,163 INFO  server.RaftServer$Division (ServerState.java:setRaftConf(386)) - s4@group-676CD6864C30: set configuration conf: {index: 127, cur=peers:[s4|0.0.0.0:15019, s5|0.0.0.0:15020, s11|0.0.0.0:15026, s6|0.0.0.0:15021, s10|0.0.0.0:15025, s13|0.0.0.0:15028, s12|0.0.0.0:15027, s0|0.0.0.0:15015, s1|0.0.0.0:15016]|listeners:[], old=null}
2024-10-16 23:57:32,157 TRACE util.FileUtils (LogUtils.java:supplyAndLog(69)) - Successfully supplied FileChannel.open /home/runner/work/ratis/ratis/ratis-examples/target/test/data/6cc99a4c/MiniRaftClusterWithNettyeee6e424/s5/4c4f035b-aa8d-4293-9e7b-676cd6864c30/current/raft-meta.conf.tmp with options [CREATE, WRITE]: sun.nio.ch.FileChannelImpl@52654389
2024-10-16 23:57:32,157 INFO  server.RaftServer$Division (ServerState.java:setRaftConf(386)) - s5@group-676CD6864C30: set configuration conf: {index: 127, cur=peers:[s4|0.0.0.0:15019, s5|0.0.0.0:15020, s11|0.0.0.0:15026, s6|0.0.0.0:15021, s10|0.0.0.0:15025, s13|0.0.0.0:15028, s12|0.0.0.0:15027, s0|0.0.0.0:15015, s1|0.0.0.0:15016]|listeners:[], old=null}
2024-10-16 23:57:32,157 DEBUG server.RaftServer$Division (RaftServerImpl.java:logAppendEntries(1549)) - s10@group-676CD6864C30: appendEntries* s5->s10#7023-t1,previous=(t:1, i:124),leaderCommit=124,initializing? false,entries: size=1, first=(t:1, i:125), CONFIGURATIONENTRY(current:id:"s4"address:"0.0.0.0:15019"clientAddress:"0.0.0.0:15019"adminAddress:"0.0.0.0:15019"startupRole:FOLLOWER, id:"s5"address:"0.0.0.0:15020"clientAddress:"0.0.0.0:15020"adminAddress:"0.0.0.0:15020"startupRole:FOLLOWER, id:"s11"address:"0.0.0.0:15026"clientAddress:"0.0.0.0:15026"adminAddress:"0.0.0.0:15026"startupRole:FOLLOWER, id:"s6"address:"0.0.0.0:15021"clientAddress:"0.0.0.0:15021"adminAddress:"0.0.0.0:15021"startupRole:FOLLOWER, id:"s10"address:"0.0.0.0:15025"clientAddress:"0.0.0.0:15025"adminAddress:"0.0.0.0:15025"startupRole:FOLLOWER, id:"s13"address:"0.0.0.0:15028"clientAddress:"0.0.0.0:15028"adminAddress:"0.0.0.0:15028"startupRole:FOLLOWER, id:"s12"address:"0.0.0.0:15027"clientAddress:"0.0.0.0:15027"adminAddress:"0.0.0.0:15027"startupRole:FOLLOWER, id:"s0"address:"0.0.0.0:15015"clientAddress:"0.0.0.0:15015"adminAddress:"0.0.0.0:15015"startupRole:FOLLOWER, id:"s1"address:"0.0.0.0:15016"clientAddress:"0.0.0.0:15016"adminAddress:"0.0.0.0:15016"startupRole:FOLLOWER, old:id:"s4"address:"0.0.0.0:15019"clientAddress:"0.0.0.0:15019"adminAddress:"0.0.0.0:15019"startupRole:FOLLOWER, id:"s5"address:"0.0.0.0:15020"clientAddress:"0.0.0.0:15020"adminAddress:"0.0.0.0:15020"startupRole:FOLLOWER, id:"s6"address:"0.0.0.0:15021"clientAddress:"0.0.0.0:15021"adminAddress:"0.0.0.0:15021"startupRole:FOLLOWER, id:"s0"address:"0.0.0.0:15015"clientAddress:"0.0.0.0:15015"adminAddress:"0.0.0.0:15015"startupRole:FOLLOWER, id:"s1"address:"0.0.0.0:15016"clientAddress:"0.0.0.0:15016"adminAddress:"0.0.0.0:15016"startupRole:FOLLOWER)
2024-10-16 23:57:32,156 TRACE util.FileUtils (LogUtils.java:supplyAndLog(69)) - Successfully supplied FileChannel.open /home/runner/work/ratis/ratis/ratis-examples/target/test/data/6cc99a4c/MiniRaftClusterWithNettyeee6e424/s13/4c4f035b-aa8d-4293-9e7b-676cd6864c30/current/raft-meta.conf.tmp with options [CREATE, WRITE]: sun.nio.ch.FileChannelImpl@940aea5
2024-10-16 23:57:32,164 INFO  impl.RoleInfo (RoleInfo.java:updateAndGet(148)) - s10: start s10@group-676CD6864C30-FollowerState
2024-10-16 23:57:32,163 INFO  server.RaftServer$Division (ServerState.java:setRaftConf(386)) - s0@group-676CD6864C30: set configuration conf: {index: 127, cur=peers:[s4|0.0.0.0:15019, s5|0.0.0.0:15020, s11|0.0.0.0:15026, s6|0.0.0.0:15021, s10|0.0.0.0:15025, s13|0.0.0.0:15028, s12|0.0.0.0:15027, s0|0.0.0.0:15015, s1|0.0.0.0:15016]|listeners:[], old=null}
2024-10-16 23:57:32,165 DEBUG server.RaftServer$Division (RaftServerImpl.java:logAppendEntries(1549)) - s6@group-676CD6864C30: appendEntries* reply s5<-s6#7025:OK-t1,SUCCESS,nextIndex=128,followerCommit=125,matchIndex=127
2024-10-16 23:57:32,165 TRACE util.FileUtils (LogUtils.java:supplyAndLog(69)) - Successfully supplied FileChannel.open /home/runner/work/ratis/ratis/ratis-examples/target/test/data/6cc99a4c/MiniRaftClusterWithNettyeee6e424/s6/4c4f035b-aa8d-4293-9e7b-676cd6864c30/current/raft-meta.conf.tmp with options [CREATE, WRITE]: sun.nio.ch.FileChannelImpl@314f699
2024-10-16 23:57:32,163 INFO  server.RaftServer$Division (ServerState.java:setRaftConf(386)) - s1@group-676CD6864C30: set configuration conf: {index: 127, cur=peers:[s4|0.0.0.0:15019, s5|0.0.0.0:15020, s11|0.0.0.0:15026, s6|0.0.0.0:15021, s10|0.0.0.0:15025, s13|0.0.0.0:15028, s12|0.0.0.0:15027, s0|0.0.0.0:15015, s1|0.0.0.0:15016]|listeners:[], old=null}
2024-10-16 23:57:32,165 DEBUG server.RaftServer$Division (RaftServerImpl.java:logAppendEntries(1549)) - s4@group-676CD6864C30: appendEntries* reply s5<-s4#7026:OK-t1,SUCCESS,nextIndex=128,followerCommit=125,matchIndex=127
2024-10-16 23:57:32,165 DEBUG server.RaftServer$Division (RaftServerImpl.java:logAppendEntries(1549)) - s0@group-676CD6864C30: appendEntries* reply s5<-s0#7024:OK-t1,SUCCESS,nextIndex=128,followerCommit=125,matchIndex=127
2024-10-16 23:57:32,166 TRACE util.FileUtils (LogUtils.java:supplyAndLog(69)) - Successfully supplied FileChannel.open /home/runner/work/ratis/ratis/ratis-examples/target/test/data/6cc99a4c/MiniRaftClusterWithNettyeee6e424/s0/4c4f035b-aa8d-4293-9e7b-676cd6864c30/current/raft-meta.conf.tmp with options [CREATE, WRITE]: sun.nio.ch.FileChannelImpl@35c0e521
2024-10-16 23:57:32,166 DEBUG server.RaftServer$Division (RaftServerImpl.java:logAppendEntries(1549)) - s1@group-676CD6864C30: appendEntries* reply s5<-s1#7027:OK-t1,SUCCESS,nextIndex=128,followerCommit=125,matchIndex=127
2024-10-16 23:57:32,166 TRACE util.FileUtils (LogUtils.java:supplyAndLog(69)) - Successfully supplied FileChannel.open /home/runner/work/ratis/ratis/ratis-examples/target/test/data/6cc99a4c/MiniRaftClusterWithNettyeee6e424/s1/4c4f035b-aa8d-4293-9e7b-676cd6864c30/current/raft-meta.conf.tmp with options [CREATE, WRITE]: sun.nio.ch.FileChannelImpl@2e9c4e5d
2024-10-16 23:57:32,166 TRACE util.FileUtils (LogUtils.java:supplyAndLog(69)) - Successfully supplied FileChannel.open /home/runner/work/ratis/ratis/ratis-examples/target/test/data/6cc99a4c/MiniRaftClusterWithNettyeee6e424/s4/4c4f035b-aa8d-4293-9e7b-676cd6864c30/current/raft-meta.conf.tmp with options [CREATE, WRITE]: sun.nio.ch.FileChannelImpl@34c7818e
2024-10-16 23:57:32,166 TRACE util.FileUtils (LogUtils.java:runAndLog(49)) - Successfully ran Atomic Files.move /home/runner/work/ratis/ratis/ratis-examples/target/test/data/6cc99a4c/MiniRaftClusterWithNettyeee6e424/s12/4c4f035b-aa8d-4293-9e7b-676cd6864c30/current/raft-meta.conf.tmp to /home/runner/work/ratis/ratis/ratis-examples/target/test/data/6cc99a4c/MiniRaftClusterWithNettyeee6e424/s12/4c4f035b-aa8d-4293-9e7b-676cd6864c30/current/raft-meta.conf with options [REPLACE_EXISTING]
2024-10-16 23:57:32,167 TRACE util.FileUtils (LogUtils.java:supplyAndLog(69)) - Successfully supplied FileChannel.open /home/runner/work/ratis/ratis/ratis-examples/target/test/data/6cc99a4c/MiniRaftClusterWithNettyeee6e424/s12/4c4f035b-aa8d-4293-9e7b-676cd6864c30/current/raft-meta.conf.tmp with options [CREATE, WRITE]: sun.nio.ch.FileChannelImpl@3612ad6c
2024-10-16 23:57:32,170 INFO  server.RaftServer$Division (RaftServerImpl.java:setConfigurationAsync(1336)) - s5@group-676CD6864C30: receive setConfiguration SetConfigurationRequest:client-995975925348->s5@group-676CD6864C30, cid=7029, seq=null, RW, null, SET_UNCONDITIONALLY, servers:[s3|0.0.0.0:15018, s4|0.0.0.0:15019, s5|0.0.0.0:15020, s6|0.0.0.0:15021, s7|0.0.0.0:15022, s8|0.0.0.0:15023, s9|0.0.0.0:15024, s11|0.0.0.0:15026, s10|0.0.0.0:15025, s13|0.0.0.0:15028, s12|0.0.0.0:15027, s14|0.0.0.0:15029, s0|0.0.0.0:15015, s1|0.0.0.0:15016, s2|0.0.0.0:15017], listeners:[]
2024-10-16 23:57:32,171 INFO  server.RaftServer$Division (LeaderStateImpl.java:startSetConfiguration(486)) - s5@group-676CD6864C30-LeaderStateImpl: startSetConfiguration SetConfigurationRequest:client-995975925348->s5@group-676CD6864C30, cid=7029, seq=null, RW, null, SET_UNCONDITIONALLY, servers:[s3|0.0.0.0:15018, s4|0.0.0.0:15019, s5|0.0.0.0:15020, s6|0.0.0.0:15021, s7|0.0.0.0:15022, s8|0.0.0.0:15023, s9|0.0.0.0:15024, s11|0.0.0.0:15026, s10|0.0.0.0:15025, s13|0.0.0.0:15028, s12|0.0.0.0:15027, s14|0.0.0.0:15029, s0|0.0.0.0:15015, s1|0.0.0.0:15016, s2|0.0.0.0:15017], listeners:[]
2024-10-16 23:57:32,171 INFO  server.RaftServerConfigKeys (ConfUtils.java:logGet(46)) - raft.server.log.appender.snapshot.chunk.size.max = 16MB (=16777216) (default)
2024-10-16 23:57:32,171 INFO  server.RaftServerConfigKeys (ConfUtils.java:logGet(46)) - raft.server.log.appender.buffer.byte-limit = 4MB (=4194304) (default)
2024-10-16 23:57:32,171 INFO  server.RaftServerConfigKeys (ConfUtils.java:logGet(46)) - raft.server.log.appender.buffer.element-limit = 0 (default)
2024-10-16 23:57:32,171 TRACE util.FileUtils (LogUtils.java:runAndLog(49)) - Successfully ran Atomic Files.move /home/runner/work/ratis/ratis/ratis-examples/target/test/data/6cc99a4c/MiniRaftClusterWithNettyeee6e424/s10/4c4f035b-aa8d-4293-9e7b-676cd6864c30/current/raft-meta.conf.tmp to /home/runner/work/ratis/ratis/ratis-examples/target/test/data/6cc99a4c/MiniRaftClusterWithNettyeee6e424/s10/4c4f035b-aa8d-4293-9e7b-676cd6864c30/current/raft-meta.conf with options [REPLACE_EXISTING]
2024-10-16 23:57:32,171 TRACE util.FileUtils (LogUtils.java:supplyAndLog(69)) - Successfully supplied FileChannel.open /home/runner/work/ratis/ratis/ratis-examples/target/test/data/6cc99a4c/MiniRaftClusterWithNettyeee6e424/s10/4c4f035b-aa8d-4293-9e7b-676cd6864c30/current/raft-meta.conf.tmp with options [CREATE, WRITE]: sun.nio.ch.FileChannelImpl@5c389033
2024-10-16 23:57:32,172 DEBUG server.RaftServer$Division (RaftServerImpl.java:logAppendEntries(1549)) - s1@group-676CD6864C30: appendEntries* s5->s1#7034-t1,previous=(t:1, i:127),leaderCommit=127,initializing? false,entries: size=1, first=(t:1, i:128), METADATAENTRY(c:127)
2024-10-16 23:57:32,172 DEBUG server.RaftServer$Division (RaftServerImpl.java:logAppendEntries(1549)) - s0@group-676CD6864C30: appendEntries* s5->s0#7033-t1,previous=(t:1, i:127),leaderCommit=127,initializing? false,entries: size=1, first=(t:1, i:128), METADATAENTRY(c:127)
2024-10-16 23:57:32,173 DEBUG server.RaftServer$Division (RaftServerImpl.java:logAppendEntries(1549)) - s13@group-676CD6864C30: appendEntries* s5->s13#7031-t1,previous=(t:1, i:127),leaderCommit=127,initializing? false,entries: size=1, first=(t:1, i:128), METADATAENTRY(c:127)
2024-10-16 23:57:32,173 DEBUG server.RaftServer$Division (RaftServerImpl.java:logAppendEntries(1549)) - s1@group-676CD6864C30: appendEntries* reply s5<-s1#7034:OK-t1,SUCCESS,nextIndex=129,followerCommit=127,matchIndex=128
2024-10-16 23:57:32,174 DEBUG server.RaftServer$Division (RaftServerImpl.java:logAppendEntries(1549)) - s4@group-676CD6864C30: appendEntries* s5->s4#7030-t1,previous=(t:1, i:127),leaderCommit=127,initializing? false,entries: size=1, first=(t:1, i:128), METADATAENTRY(c:127)
2024-10-16 23:57:32,174 DEBUG server.RaftServer$Division (RaftServerImpl.java:logAppendEntries(1549)) - s6@group-676CD6864C30: appendEntries* s5->s6#7032-t1,previous=(t:1, i:127),leaderCommit=127,initializing? false,entries: size=1, first=(t:1, i:128), METADATAENTRY(c:127)
2024-10-16 23:57:32,174 INFO  segmented.SegmentedRaftLogWorker (SegmentedRaftLogWorker.java:execute(663)) - s11@group-676CD6864C30-SegmentedRaftLogWorker: created new log segment /home/runner/work/ratis/ratis/ratis-examples/target/test/data/6cc99a4c/MiniRaftClusterWithNettyeee6e424/s11/4c4f035b-aa8d-4293-9e7b-676cd6864c30/current/log_inprogress_0
2024-10-16 23:57:32,174 DEBUG server.RaftServer$Division (RaftServerImpl.java:logAppendEntries(1549)) - s4@group-676CD6864C30: appendEntries* reply s5<-s4#7030:OK-t1,SUCCESS,nextIndex=129,followerCommit=127,matchIndex=128
2024-10-16 23:57:32,174 DEBUG server.RaftServer$Division (RaftServerImpl.java:logAppendEntries(1549)) - s0@group-676CD6864C30: appendEntries* reply s5<-s0#7033:OK-t1,SUCCESS,nextIndex=129,followerCommit=127,matchIndex=128
2024-10-16 23:57:32,175 DEBUG server.RaftServer$Division (RaftServerImpl.java:logAppendEntries(1549)) - s12@group-676CD6864C30: appendEntries* reply s5<-s12#7017:OK-t1,SUCCESS,nextIndex=125,followerCommit=124,matchIndex=124
2024-10-16 23:57:32,175 DEBUG server.RaftServer$Division (RaftServerImpl.java:logAppendEntries(1549)) - s13@group-676CD6864C30: appendEntries* reply s5<-s13#7031:OK-t1,SUCCESS,nextIndex=129,followerCommit=127,matchIndex=128
2024-10-16 23:57:32,175 TRACE util.FileUtils (LogUtils.java:runAndLog(49)) - Successfully ran Atomic Files.move /home/runner/work/ratis/ratis/ratis-examples/target/test/data/6cc99a4c/MiniRaftClusterWithNettyeee6e424/s13/4c4f035b-aa8d-4293-9e7b-676cd6864c30/current/raft-meta.conf.tmp to /home/runner/work/ratis/ratis/ratis-examples/target/test/data/6cc99a4c/MiniRaftClusterWithNettyeee6e424/s13/4c4f035b-aa8d-4293-9e7b-676cd6864c30/current/raft-meta.conf with options [REPLACE_EXISTING]
2024-10-16 23:57:32,175 TRACE util.FileUtils (LogUtils.java:runAndLog(49)) - Successfully ran Atomic Files.move /home/runner/work/ratis/ratis/ratis-examples/target/test/data/6cc99a4c/MiniRaftClusterWithNettyeee6e424/s0/4c4f035b-aa8d-4293-9e7b-676cd6864c30/current/raft-meta.conf.tmp to /home/runner/work/ratis/ratis/ratis-examples/target/test/data/6cc99a4c/MiniRaftClusterWithNettyeee6e424/s0/4c4f035b-aa8d-4293-9e7b-676cd6864c30/current/raft-meta.conf with options [REPLACE_EXISTING]
2024-10-16 23:57:32,175 DEBUG server.RaftServer$Division (RaftServerImpl.java:logAppendEntries(1549)) - s6@group-676CD6864C30: appendEntries* reply s5<-s6#7032:OK-t1,SUCCESS,nextIndex=129,followerCommit=127,matchIndex=128
2024-10-16 23:57:32,175 TRACE util.FileUtils (LogUtils.java:runAndLog(49)) - Successfully ran Atomic Files.move /home/runner/work/ratis/ratis/ratis-examples/target/test/data/6cc99a4c/MiniRaftClusterWithNettyeee6e424/s6/4c4f035b-aa8d-4293-9e7b-676cd6864c30/current/raft-meta.conf.tmp to /home/runner/work/ratis/ratis/ratis-examples/target/test/data/6cc99a4c/MiniRaftClusterWithNettyeee6e424/s6/4c4f035b-aa8d-4293-9e7b-676cd6864c30/current/raft-meta.conf with options [REPLACE_EXISTING]
2024-10-16 23:57:32,175 TRACE util.FileUtils (LogUtils.java:supplyAndLog(69)) - Successfully supplied FileChannel.open /home/runner/work/ratis/ratis/ratis-examples/target/test/data/6cc99a4c/MiniRaftClusterWithNettyeee6e424/s6/4c4f035b-aa8d-4293-9e7b-676cd6864c30/current/raft-meta.conf.tmp with options [CREATE, WRITE]: sun.nio.ch.FileChannelImpl@3f9ca1d7
2024-10-16 23:57:32,175 TRACE util.FileUtils (LogUtils.java:runAndLog(49)) - Successfully ran Atomic Files.move /home/runner/work/ratis/ratis/ratis-examples/target/test/data/6cc99a4c/MiniRaftClusterWithNettyeee6e424/s5/4c4f035b-aa8d-4293-9e7b-676cd6864c30/current/raft-meta.conf.tmp to /home/runner/work/ratis/ratis/ratis-examples/target/test/data/6cc99a4c/MiniRaftClusterWithNettyeee6e424/s5/4c4f035b-aa8d-4293-9e7b-676cd6864c30/current/raft-meta.conf with options [REPLACE_EXISTING]
2024-10-16 23:57:32,175 TRACE util.FileUtils (LogUtils.java:supplyAndLog(69)) - Successfully supplied FileChannel.open /home/runner/work/ratis/ratis/ratis-examples/target/test/data/6cc99a4c/MiniRaftClusterWithNettyeee6e424/s0/4c4f035b-aa8d-4293-9e7b-676cd6864c30/current/raft-meta.conf.tmp with options [CREATE, WRITE]: sun.nio.ch.FileChannelImpl@1fa14ec2
2024-10-16 23:57:32,175 TRACE util.FileUtils (LogUtils.java:supplyAndLog(69)) - Successfully supplied FileChannel.open /home/runner/work/ratis/ratis/ratis-examples/target/test/data/6cc99a4c/MiniRaftClusterWithNettyeee6e424/s13/4c4f035b-aa8d-4293-9e7b-676cd6864c30/current/raft-meta.conf.tmp with options [CREATE, WRITE]: sun.nio.ch.FileChannelImpl@d7f2b55
2024-10-16 23:57:32,176 TRACE util.FileUtils (LogUtils.java:supplyAndLog(69)) - Successfully supplied FileChannel.open /home/runner/work/ratis/ratis/ratis-examples/target/test/data/6cc99a4c/MiniRaftClusterWithNettyeee6e424/s5/4c4f035b-aa8d-4293-9e7b-676cd6864c30/current/raft-meta.conf.tmp with options [CREATE, WRITE]: sun.nio.ch.FileChannelImpl@32b95988
2024-10-16 23:57:32,177 DEBUG server.RaftServer$Division (RaftServerImpl.java:logAppendEntries(1549)) - s12@group-676CD6864C30: appendEntries* s5->s12#7035-t1,previous=(t:1, i:124),leaderCommit=127,initializing? false,entries: size=4, first=(t:1, i:125), CONFIGURATIONENTRY(current:id:"s4"address:"0.0.0.0:15019"clientAddress:"0.0.0.0:15019"adminAddress:"0.0.0.0:15019"startupRole:FOLLOWER, id:"s5"address:"0.0.0.0:15020"clientAddress:"0.0.0.0:15020"adminAddress:"0.0.0.0:15020"startupRole:FOLLOWER, id:"s11"address:"0.0.0.0:15026"clientAddress:"0.0.0.0:15026"adminAddress:"0.0.0.0:15026"startupRole:FOLLOWER, id:"s6"address:"0.0.0.0:15021"clientAddress:"0.0.0.0:15021"adminAddress:"0.0.0.0:15021"startupRole:FOLLOWER, id:"s10"address:"0.0.0.0:15025"clientAddress:"0.0.0.0:15025"adminAddress:"0.0.0.0:15025"startupRole:FOLLOWER, id:"s13"address:"0.0.0.0:15028"clientAddress:"0.0.0.0:15028"adminAddress:"0.0.0.0:15028"startupRole:FOLLOWER, id:"s12"address:"0.0.0.0:15027"clientAddress:"0.0.0.0:15027"adminAddress:"0.0.0.0:15027"startupRole:FOLLOWER, id:"s0"address:"0.0.0.0:15015"clientAddress:"0.0.0.0:15015"adminAddress:"0.0.0.0:15015"startupRole:FOLLOWER, id:"s1"address:"0.0.0.0:15016"clientAddress:"0.0.0.0:15016"adminAddress:"0.0.0.0:15016"startupRole:FOLLOWER, old:id:"s4"address:"0.0.0.0:15019"clientAddress:"0.0.0.0:15019"adminAddress:"0.0.0.0:15019"startupRole:FOLLOWER, id:"s5"address:"0.0.0.0:15020"clientAddress:"0.0.0.0:15020"adminAddress:"0.0.0.0:15020"startupRole:FOLLOWER, id:"s6"address:"0.0.0.0:15021"clientAddress:"0.0.0.0:15021"adminAddress:"0.0.0.0:15021"startupRole:FOLLOWER, id:"s0"address:"0.0.0.0:15015"clientAddress:"0.0.0.0:15015"adminAddress:"0.0.0.0:15015"startupRole:FOLLOWER, id:"s1"address:"0.0.0.0:15016"clientAddress:"0.0.0.0:15016"adminAddress:"0.0.0.0:15016"startupRole:FOLLOWER)
2024-10-16 23:57:32,176 TRACE util.FileUtils (LogUtils.java:runAndLog(49)) - Successfully ran Atomic Files.move /home/runner/work/ratis/ratis/ratis-examples/target/test/data/6cc99a4c/MiniRaftClusterWithNettyeee6e424/s10/4c4f035b-aa8d-4293-9e7b-676cd6864c30/current/raft-meta.conf.tmp to /home/runner/work/ratis/ratis/ratis-examples/target/test/data/6cc99a4c/MiniRaftClusterWithNettyeee6e424/s10/4c4f035b-aa8d-4293-9e7b-676cd6864c30/current/raft-meta.conf with options [REPLACE_EXISTING]
2024-10-16 23:57:32,178 TRACE util.FileUtils (LogUtils.java:runAndLog(49)) - Successfully ran Atomic Files.move /home/runner/work/ratis/ratis/ratis-examples/target/test/data/6cc99a4c/MiniRaftClusterWithNettyeee6e424/s4/4c4f035b-aa8d-4293-9e7b-676cd6864c30/current/raft-meta.conf.tmp to /home/runner/work/ratis/ratis/ratis-examples/target/test/data/6cc99a4c/MiniRaftClusterWithNettyeee6e424/s4/4c4f035b-aa8d-4293-9e7b-676cd6864c30/current/raft-meta.conf with options [REPLACE_EXISTING]
2024-10-16 23:57:32,178 TRACE util.FileUtils (LogUtils.java:supplyAndLog(69)) - Successfully supplied FileChannel.open /home/runner/work/ratis/ratis/ratis-examples/target/test/data/6cc99a4c/MiniRaftClusterWithNettyeee6e424/s4/4c4f035b-aa8d-4293-9e7b-676cd6864c30/current/raft-meta.conf.tmp with options [CREATE, WRITE]: sun.nio.ch.FileChannelImpl@24bf95ce
2024-10-16 23:57:32,179 TRACE util.FileUtils (LogUtils.java:runAndLog(49)) - Successfully ran Atomic Files.move /home/runner/work/ratis/ratis/ratis-examples/target/test/data/6cc99a4c/MiniRaftClusterWithNettyeee6e424/s1/4c4f035b-aa8d-4293-9e7b-676cd6864c30/current/raft-meta.conf.tmp to /home/runner/work/ratis/ratis/ratis-examples/target/test/data/6cc99a4c/MiniRaftClusterWithNettyeee6e424/s1/4c4f035b-aa8d-4293-9e7b-676cd6864c30/current/raft-meta.conf with options [REPLACE_EXISTING]
2024-10-16 23:57:32,179 TRACE util.FileUtils (LogUtils.java:supplyAndLog(69)) - Successfully supplied FileChannel.open /home/runner/work/ratis/ratis/ratis-examples/target/test/data/6cc99a4c/MiniRaftClusterWithNettyeee6e424/s1/4c4f035b-aa8d-4293-9e7b-676cd6864c30/current/raft-meta.conf.tmp with options [CREATE, WRITE]: sun.nio.ch.FileChannelImpl@7a1f6ac2
2024-10-16 23:57:32,179 TRACE util.FileUtils (LogUtils.java:runAndLog(49)) - Successfully ran Atomic Files.move /home/runner/work/ratis/ratis/ratis-examples/target/test/data/6cc99a4c/MiniRaftClusterWithNettyeee6e424/s13/4c4f035b-aa8d-4293-9e7b-676cd6864c30/current/raft-meta.conf.tmp to /home/runner/work/ratis/ratis/ratis-examples/target/test/data/6cc99a4c/MiniRaftClusterWithNettyeee6e424/s13/4c4f035b-aa8d-4293-9e7b-676cd6864c30/current/raft-meta.conf with options [REPLACE_EXISTING]
2024-10-16 23:57:32,179 TRACE util.FileUtils (LogUtils.java:supplyAndLog(69)) - Successfully supplied FileChannel.open /home/runner/work/ratis/ratis/ratis-examples/target/test/data/6cc99a4c/MiniRaftClusterWithNettyeee6e424/s13/4c4f035b-aa8d-4293-9e7b-676cd6864c30/current/raft-meta.conf.tmp with options [CREATE, WRITE]: sun.nio.ch.FileChannelImpl@487da49e
2024-10-16 23:57:32,180 TRACE util.FileUtils (LogUtils.java:runAndLog(49)) - Successfully ran Atomic Files.move /home/runner/work/ratis/ratis/ratis-examples/target/test/data/6cc99a4c/MiniRaftClusterWithNettyeee6e424/s6/4c4f035b-aa8d-4293-9e7b-676cd6864c30/current/raft-meta.conf.tmp to /home/runner/work/ratis/ratis/ratis-examples/target/test/data/6cc99a4c/MiniRaftClusterWithNettyeee6e424/s6/4c4f035b-aa8d-4293-9e7b-676cd6864c30/current/raft-meta.conf with options [REPLACE_EXISTING]
2024-10-16 23:57:32,181 TRACE util.FileUtils (LogUtils.java:runAndLog(49)) - Successfully ran Atomic Files.move /home/runner/work/ratis/ratis/ratis-examples/target/test/data/6cc99a4c/MiniRaftClusterWithNettyeee6e424/s5/4c4f035b-aa8d-4293-9e7b-676cd6864c30/current/raft-meta.conf.tmp to /home/runner/work/ratis/ratis/ratis-examples/target/test/data/6cc99a4c/MiniRaftClusterWithNettyeee6e424/s5/4c4f035b-aa8d-4293-9e7b-676cd6864c30/current/raft-meta.conf with options [REPLACE_EXISTING]
2024-10-16 23:57:32,181 TRACE util.FileUtils (LogUtils.java:runAndLog(49)) - Successfully ran Atomic Files.move /home/runner/work/ratis/ratis/ratis-examples/target/test/data/6cc99a4c/MiniRaftClusterWithNettyeee6e424/s0/4c4f035b-aa8d-4293-9e7b-676cd6864c30/current/raft-meta.conf.tmp to /home/runner/work/ratis/ratis/ratis-examples/target/test/data/6cc99a4c/MiniRaftClusterWithNettyeee6e424/s0/4c4f035b-aa8d-4293-9e7b-676cd6864c30/current/raft-meta.conf with options [REPLACE_EXISTING]
2024-10-16 23:57:32,181 TRACE util.FileUtils (LogUtils.java:runAndLog(49)) - Successfully ran Atomic Files.move /home/runner/work/ratis/ratis/ratis-examples/target/test/data/6cc99a4c/MiniRaftClusterWithNettyeee6e424/s12/4c4f035b-aa8d-4293-9e7b-676cd6864c30/current/raft-meta.conf.tmp to /home/runner/work/ratis/ratis/ratis-examples/target/test/data/6cc99a4c/MiniRaftClusterWithNettyeee6e424/s12/4c4f035b-aa8d-4293-9e7b-676cd6864c30/current/raft-meta.conf with options [REPLACE_EXISTING]
2024-10-16 23:57:32,181 TRACE util.FileUtils (LogUtils.java:supplyAndLog(69)) - Successfully supplied FileChannel.open /home/runner/work/ratis/ratis/ratis-examples/target/test/data/6cc99a4c/MiniRaftClusterWithNettyeee6e424/s12/4c4f035b-aa8d-4293-9e7b-676cd6864c30/current/raft-meta.conf.tmp with options [CREATE, WRITE]: sun.nio.ch.FileChannelImpl@322d2f76
2024-10-16 23:57:32,182 TRACE util.FileUtils (LogUtils.java:runAndLog(49)) - Successfully ran Atomic Files.move /home/runner/work/ratis/ratis/ratis-examples/target/test/data/6cc99a4c/MiniRaftClusterWithNettyeee6e424/s4/4c4f035b-aa8d-4293-9e7b-676cd6864c30/current/raft-meta.conf.tmp to /home/runner/work/ratis/ratis/ratis-examples/target/test/data/6cc99a4c/MiniRaftClusterWithNettyeee6e424/s4/4c4f035b-aa8d-4293-9e7b-676cd6864c30/current/raft-meta.conf with options [REPLACE_EXISTING]
2024-10-16 23:57:32,183 INFO  server.RaftServer$Division (ServerState.java:setRaftConf(386)) - s10@group-676CD6864C30: set configuration conf: {index: 125, cur=peers:[s4|0.0.0.0:15019, s5|0.0.0.0:15020, s11|0.0.0.0:15026, s6|0.0.0.0:15021, s10|0.0.0.0:15025, s13|0.0.0.0:15028, s12|0.0.0.0:15027, s0|0.0.0.0:15015, s1|0.0.0.0:15016]|listeners:[], old=peers:[s4|0.0.0.0:15019, s5|0.0.0.0:15020, s6|0.0.0.0:15021, s0|0.0.0.0:15015, s1|0.0.0.0:15016]|listeners:[]}
2024-10-16 23:57:32,183 TRACE util.FileUtils (LogUtils.java:runAndLog(49)) - Successfully ran Atomic Files.move /home/runner/work/ratis/ratis/ratis-examples/target/test/data/6cc99a4c/MiniRaftClusterWithNettyeee6e424/s12/4c4f035b-aa8d-4293-9e7b-676cd6864c30/current/raft-meta.conf.tmp to /home/runner/work/ratis/ratis/ratis-examples/target/test/data/6cc99a4c/MiniRaftClusterWithNettyeee6e424/s12/4c4f035b-aa8d-4293-9e7b-676cd6864c30/current/raft-meta.conf with options [REPLACE_EXISTING]
2024-10-16 23:57:32,184 DEBUG server.RaftServer$Division (RaftServerImpl.java:logAppendEntries(1549)) - s10@group-676CD6864C30: appendEntries* reply s5<-s10#7023:OK-t1,SUCCESS,nextIndex=126,followerCommit=124,matchIndex=125
2024-10-16 23:57:32,184 DEBUG server.RaftServer$Division (RaftServerImpl.java:logAppendEntries(1549)) - s10@group-676CD6864C30: appendEntries* s5->s10#7036-t1,previous=(t:1, i:125),leaderCommit=127,initializing? false,entries: size=3, first=(t:1, i:126), METADATAENTRY(c:125)
2024-10-16 23:57:32,184 INFO  server.RaftServer$Division (ServerState.java:setRaftConf(386)) - s10@group-676CD6864C30: set configuration conf: {index: 127, cur=peers:[s4|0.0.0.0:15019, s5|0.0.0.0:15020, s11|0.0.0.0:15026, s6|0.0.0.0:15021, s10|0.0.0.0:15025, s13|0.0.0.0:15028, s12|0.0.0.0:15027, s0|0.0.0.0:15015, s1|0.0.0.0:15016]|listeners:[], old=null}
2024-10-16 23:57:32,185 INFO  server.RaftServerConfigKeys (ConfUtils.java:logGet(46)) - raft.server.log.appender.wait-time.min = 1ms (default)
2024-10-16 23:57:32,185 DEBUG server.RaftServer$Division (RaftServerImpl.java:logAppendEntries(1549)) - s11@group-676CD6864C30: appendEntries* reply s5<-s11#7016:OK-t1,SUCCESS,nextIndex=125,followerCommit=124,matchIndex=124
2024-10-16 23:57:32,186 DEBUG server.RaftServer$Division (RaftServerImpl.java:logAppendEntries(1549)) - s10@group-676CD6864C30: appendEntries* reply s5<-s10#7036:OK-t1,SUCCESS,nextIndex=129,followerCommit=127,matchIndex=128
2024-10-16 23:57:32,186 TRACE util.FileUtils (LogUtils.java:supplyAndLog(69)) - Successfully supplied FileChannel.open /home/runner/work/ratis/ratis/ratis-examples/target/test/data/6cc99a4c/MiniRaftClusterWithNettyeee6e424/s10/4c4f035b-aa8d-4293-9e7b-676cd6864c30/current/raft-meta.conf.tmp with options [CREATE, WRITE]: sun.nio.ch.FileChannelImpl@193a05d0
2024-10-16 23:57:32,185 INFO  server.RaftServerConfigKeys (ConfUtils.java:logGet(46)) - raft.server.log.appender.snapshot.chunk.size.max = 16MB (=16777216) (default)
2024-10-16 23:57:32,187 INFO  server.RaftServerConfigKeys (ConfUtils.java:logGet(46)) - raft.server.log.appender.buffer.byte-limit = 4MB (=4194304) (default)
2024-10-16 23:57:32,187 INFO  server.RaftServerConfigKeys (ConfUtils.java:logGet(46)) - raft.server.log.appender.buffer.element-limit = 0 (default)
2024-10-16 23:57:32,187 INFO  server.RaftServerConfigKeys (ConfUtils.java:logGet(46)) - raft.server.log.appender.wait-time.min = 1ms (default)
2024-10-16 23:57:32,187 INFO  server.RaftServerConfigKeys (ConfUtils.java:logGet(46)) - raft.server.log.appender.snapshot.chunk.size.max = 16MB (=16777216) (default)
2024-10-16 23:57:32,187 INFO  server.RaftServerConfigKeys (ConfUtils.java:logGet(46)) - raft.server.log.appender.buffer.byte-limit = 4MB (=4194304) (default)
2024-10-16 23:57:32,187 INFO  server.RaftServerConfigKeys (ConfUtils.java:logGet(46)) - raft.server.log.appender.buffer.element-limit = 0 (default)
2024-10-16 23:57:32,187 INFO  server.RaftServerConfigKeys (ConfUtils.java:logGet(46)) - raft.server.log.appender.wait-time.min = 1ms (default)
2024-10-16 23:57:32,187 INFO  server.RaftServerConfigKeys (ConfUtils.java:logGet(46)) - raft.server.log.appender.snapshot.chunk.size.max = 16MB (=16777216) (default)
2024-10-16 23:57:32,188 INFO  server.RaftServerConfigKeys (ConfUtils.java:logGet(46)) - raft.server.log.appender.buffer.byte-limit = 4MB (=4194304) (default)
2024-10-16 23:57:32,188 INFO  server.RaftServerConfigKeys (ConfUtils.java:logGet(46)) - raft.server.log.appender.buffer.element-limit = 0 (default)
2024-10-16 23:57:32,188 INFO  server.RaftServerConfigKeys (ConfUtils.java:logGet(46)) - raft.server.log.appender.wait-time.min = 1ms (default)
2024-10-16 23:57:32,188 INFO  server.RaftServerConfigKeys (ConfUtils.java:logGet(46)) - raft.server.log.appender.snapshot.chunk.size.max = 16MB (=16777216) (default)
2024-10-16 23:57:32,188 INFO  server.RaftServerConfigKeys (ConfUtils.java:logGet(46)) - raft.server.log.appender.buffer.byte-limit = 4MB (=4194304) (default)
2024-10-16 23:57:32,188 INFO  server.RaftServerConfigKeys (ConfUtils.java:logGet(46)) - raft.server.log.appender.buffer.element-limit = 0 (default)
2024-10-16 23:57:32,188 INFO  server.RaftServerConfigKeys (ConfUtils.java:logGet(46)) - raft.server.log.appender.wait-time.min = 1ms (default)
2024-10-16 23:57:32,188 INFO  server.RaftServerConfigKeys (ConfUtils.java:logGet(46)) - raft.server.log.appender.snapshot.chunk.size.max = 16MB (=16777216) (default)
2024-10-16 23:57:32,189 INFO  server.RaftServerConfigKeys (ConfUtils.java:logGet(46)) - raft.server.log.appender.buffer.byte-limit = 4MB (=4194304) (default)
2024-10-16 23:57:32,189 INFO  server.RaftServerConfigKeys (ConfUtils.java:logGet(46)) - raft.server.log.appender.buffer.element-limit = 0 (default)
2024-10-16 23:57:32,189 INFO  server.RaftServerConfigKeys (ConfUtils.java:logGet(46)) - raft.server.log.appender.wait-time.min = 1ms (default)
2024-10-16 23:57:32,189 DEBUG server.RaftServer$Division (RaftServerImpl.java:logAppendEntries(1549)) - s11@group-676CD6864C30: appendEntries* s5->s11#7037-t1,previous=(t:1, i:124),leaderCommit=127,initializing? false,entries: size=4, first=(t:1, i:125), CONFIGURATIONENTRY(current:id:"s4"address:"0.0.0.0:15019"clientAddress:"0.0.0.0:15019"adminAddress:"0.0.0.0:15019"startupRole:FOLLOWER, id:"s5"address:"0.0.0.0:15020"clientAddress:"0.0.0.0:15020"adminAddress:"0.0.0.0:15020"startupRole:FOLLOWER, id:"s11"address:"0.0.0.0:15026"clientAddress:"0.0.0.0:15026"adminAddress:"0.0.0.0:15026"startupRole:FOLLOWER, id:"s6"address:"0.0.0.0:15021"clientAddress:"0.0.0.0:15021"adminAddress:"0.0.0.0:15021"startupRole:FOLLOWER, id:"s10"address:"0.0.0.0:15025"clientAddress:"0.0.0.0:15025"adminAddress:"0.0.0.0:15025"startupRole:FOLLOWER, id:"s13"address:"0.0.0.0:15028"clientAddress:"0.0.0.0:15028"adminAddress:"0.0.0.0:15028"startupRole:FOLLOWER, id:"s12"address:"0.0.0.0:15027"clientAddress:"0.0.0.0:15027"adminAddress:"0.0.0.0:15027"startupRole:FOLLOWER, id:"s0"address:"0.0.0.0:15015"clientAddress:"0.0.0.0:15015"adminAddress:"0.0.0.0:15015"startupRole:FOLLOWER, id:"s1"address:"0.0.0.0:15016"clientAddress:"0.0.0.0:15016"adminAddress:"0.0.0.0:15016"startupRole:FOLLOWER, old:id:"s4"address:"0.0.0.0:15019"clientAddress:"0.0.0.0:15019"adminAddress:"0.0.0.0:15019"startupRole:FOLLOWER, id:"s5"address:"0.0.0.0:15020"clientAddress:"0.0.0.0:15020"adminAddress:"0.0.0.0:15020"startupRole:FOLLOWER, id:"s6"address:"0.0.0.0:15021"clientAddress:"0.0.0.0:15021"adminAddress:"0.0.0.0:15021"startupRole:FOLLOWER, id:"s0"address:"0.0.0.0:15015"clientAddress:"0.0.0.0:15015"adminAddress:"0.0.0.0:15015"startupRole:FOLLOWER, id:"s1"address:"0.0.0.0:15016"clientAddress:"0.0.0.0:15016"adminAddress:"0.0.0.0:15016"startupRole:FOLLOWER)
2024-10-16 23:57:32,190 TRACE util.FileUtils (LogUtils.java:runAndLog(49)) - Successfully ran Atomic Files.move /home/runner/work/ratis/ratis/ratis-examples/target/test/data/6cc99a4c/MiniRaftClusterWithNettyeee6e424/s1/4c4f035b-aa8d-4293-9e7b-676cd6864c30/current/raft-meta.conf.tmp to /home/runner/work/ratis/ratis/ratis-examples/target/test/data/6cc99a4c/MiniRaftClusterWithNettyeee6e424/s1/4c4f035b-aa8d-4293-9e7b-676cd6864c30/current/raft-meta.conf with options [REPLACE_EXISTING]
2024-10-16 23:57:32,185 INFO  impl.RoleInfo (RoleInfo.java:updateAndGet(148)) - s12: start s12@group-676CD6864C30-FollowerState
2024-10-16 23:57:32,185 TRACE util.FileUtils (LogUtils.java:supplyAndLog(69)) - Successfully supplied FileChannel.open /home/runner/work/ratis/ratis/ratis-examples/target/test/data/6cc99a4c/MiniRaftClusterWithNettyeee6e424/s11/4c4f035b-aa8d-4293-9e7b-676cd6864c30/current/raft-meta.conf.tmp with options [CREATE, WRITE]: sun.nio.ch.FileChannelImpl@11350546
2024-10-16 23:57:32,191 TRACE util.FileUtils (LogUtils.java:runAndLog(49)) - Successfully ran Atomic Files.move /home/runner/work/ratis/ratis/ratis-examples/target/test/data/6cc99a4c/MiniRaftClusterWithNettyeee6e424/s10/4c4f035b-aa8d-4293-9e7b-676cd6864c30/current/raft-meta.conf.tmp to /home/runner/work/ratis/ratis/ratis-examples/target/test/data/6cc99a4c/MiniRaftClusterWithNettyeee6e424/s10/4c4f035b-aa8d-4293-9e7b-676cd6864c30/current/raft-meta.conf with options [REPLACE_EXISTING]
2024-10-16 23:57:32,191 TRACE util.FileUtils (LogUtils.java:supplyAndLog(69)) - Successfully supplied FileChannel.open /home/runner/work/ratis/ratis/ratis-examples/target/test/data/6cc99a4c/MiniRaftClusterWithNettyeee6e424/s10/4c4f035b-aa8d-4293-9e7b-676cd6864c30/current/raft-meta.conf.tmp with options [CREATE, WRITE]: sun.nio.ch.FileChannelImpl@4871ef57
2024-10-16 23:57:32,191 TRACE util.FileUtils (LogUtils.java:runAndLog(49)) - Successfully ran Atomic Files.move /home/runner/work/ratis/ratis/ratis-examples/target/test/data/6cc99a4c/MiniRaftClusterWithNettyeee6e424/s11/4c4f035b-aa8d-4293-9e7b-676cd6864c30/current/raft-meta.conf.tmp to /home/runner/work/ratis/ratis/ratis-examples/target/test/data/6cc99a4c/MiniRaftClusterWithNettyeee6e424/s11/4c4f035b-aa8d-4293-9e7b-676cd6864c30/current/raft-meta.conf with options [REPLACE_EXISTING]
2024-10-16 23:57:32,192 TRACE util.FileUtils (LogUtils.java:supplyAndLog(69)) - Successfully supplied FileChannel.open /home/runner/work/ratis/ratis/ratis-examples/target/test/data/6cc99a4c/MiniRaftClusterWithNettyeee6e424/s11/4c4f035b-aa8d-4293-9e7b-676cd6864c30/current/raft-meta.conf.tmp with options [CREATE, WRITE]: sun.nio.ch.FileChannelImpl@1ff2e910
2024-10-16 23:57:32,194 TRACE util.FileUtils (LogUtils.java:runAndLog(49)) - Successfully ran Atomic Files.move /home/runner/work/ratis/ratis/ratis-examples/target/test/data/6cc99a4c/MiniRaftClusterWithNettyeee6e424/s13/4c4f035b-aa8d-4293-9e7b-676cd6864c30/current/raft-meta.conf.tmp to /home/runner/work/ratis/ratis/ratis-examples/target/test/data/6cc99a4c/MiniRaftClusterWithNettyeee6e424/s13/4c4f035b-aa8d-4293-9e7b-676cd6864c30/current/raft-meta.conf with options [REPLACE_EXISTING]
2024-10-16 23:57:32,194 TRACE util.FileUtils (LogUtils.java:supplyAndLog(69)) - Successfully supplied FileChannel.open /home/runner/work/ratis/ratis/ratis-examples/target/test/data/6cc99a4c/MiniRaftClusterWithNettyeee6e424/s13/4c4f035b-aa8d-4293-9e7b-676cd6864c30/current/raft-meta.conf.tmp with options [CREATE, WRITE]: sun.nio.ch.FileChannelImpl@754643dc
2024-10-16 23:57:32,195 TRACE util.FileUtils (LogUtils.java:runAndLog(49)) - Successfully ran Atomic Files.move /home/runner/work/ratis/ratis/ratis-examples/target/test/data/6cc99a4c/MiniRaftClusterWithNettyeee6e424/s11/4c4f035b-aa8d-4293-9e7b-676cd6864c30/current/raft-meta.conf.tmp to /home/runner/work/ratis/ratis/ratis-examples/target/test/data/6cc99a4c/MiniRaftClusterWithNettyeee6e424/s11/4c4f035b-aa8d-4293-9e7b-676cd6864c30/current/raft-meta.conf with options [REPLACE_EXISTING]
2024-10-16 23:57:32,195 TRACE util.FileUtils (LogUtils.java:supplyAndLog(69)) - Successfully supplied FileChannel.open /home/runner/work/ratis/ratis/ratis-examples/target/test/data/6cc99a4c/MiniRaftClusterWithNettyeee6e424/s11/4c4f035b-aa8d-4293-9e7b-676cd6864c30/current/raft-meta.conf.tmp with options [CREATE, WRITE]: sun.nio.ch.FileChannelImpl@1bcd6e36
2024-10-16 23:57:32,197 INFO  leader.FollowerInfo (FollowerInfoImpl.java:setAttemptedToInstallSnapshot(154)) - Follower s5@group-676CD6864C30->s3 acknowledged installing snapshot
2024-10-16 23:57:32,197 TRACE util.FileUtils (LogUtils.java:runAndLog(49)) - Successfully ran Atomic Files.move /home/runner/work/ratis/ratis/ratis-examples/target/test/data/6cc99a4c/MiniRaftClusterWithNettyeee6e424/s10/4c4f035b-aa8d-4293-9e7b-676cd6864c30/current/raft-meta.conf.tmp to /home/runner/work/ratis/ratis/ratis-examples/target/test/data/6cc99a4c/MiniRaftClusterWithNettyeee6e424/s10/4c4f035b-aa8d-4293-9e7b-676cd6864c30/current/raft-meta.conf with options [REPLACE_EXISTING]
2024-10-16 23:57:32,197 TRACE util.FileUtils (LogUtils.java:runAndLog(49)) - Successfully ran Atomic Files.move /home/runner/work/ratis/ratis/ratis-examples/target/test/data/6cc99a4c/MiniRaftClusterWithNettyeee6e424/s11/4c4f035b-aa8d-4293-9e7b-676cd6864c30/current/raft-meta.conf.tmp to /home/runner/work/ratis/ratis/ratis-examples/target/test/data/6cc99a4c/MiniRaftClusterWithNettyeee6e424/s11/4c4f035b-aa8d-4293-9e7b-676cd6864c30/current/raft-meta.conf with options [REPLACE_EXISTING]
2024-10-16 23:57:32,197 TRACE util.FileUtils (LogUtils.java:runAndLog(49)) - Successfully ran Atomic Files.move /home/runner/work/ratis/ratis/ratis-examples/target/test/data/6cc99a4c/MiniRaftClusterWithNettyeee6e424/s13/4c4f035b-aa8d-4293-9e7b-676cd6864c30/current/raft-meta.conf.tmp to /home/runner/work/ratis/ratis/ratis-examples/target/test/data/6cc99a4c/MiniRaftClusterWithNettyeee6e424/s13/4c4f035b-aa8d-4293-9e7b-676cd6864c30/current/raft-meta.conf with options [REPLACE_EXISTING]
2024-10-16 23:57:32,198 INFO  logging.LoggingHandler (AbstractInternalLogger.java:log(148)) - [id: 0x23ee7d64, L:/0.0.0.0:15018] READ: [id: 0xe1dd43d7, L:/127.0.0.1:15018 - R:/127.0.0.1:52696]
2024-10-16 23:57:32,201 INFO  impl.RoleInfo (RoleInfo.java:updateAndGet(148)) - s11: start s11@group-676CD6864C30-FollowerState
2024-10-16 23:57:32,201 INFO  server.RaftServer$Division (ServerState.java:setRaftConf(386)) - s12@group-676CD6864C30: set configuration conf: {index: 125, cur=peers:[s4|0.0.0.0:15019, s5|0.0.0.0:15020, s11|0.0.0.0:15026, s6|0.0.0.0:15021, s10|0.0.0.0:15025, s13|0.0.0.0:15028, s12|0.0.0.0:15027, s0|0.0.0.0:15015, s1|0.0.0.0:15016]|listeners:[], old=peers:[s4|0.0.0.0:15019, s5|0.0.0.0:15020, s6|0.0.0.0:15021, s0|0.0.0.0:15015, s1|0.0.0.0:15016]|listeners:[]}
2024-10-16 23:57:32,201 INFO  server.RaftServer$Division (ServerState.java:setRaftConf(386)) - s12@group-676CD6864C30: set configuration conf: {index: 127, cur=peers:[s4|0.0.0.0:15019, s5|0.0.0.0:15020, s11|0.0.0.0:15026, s6|0.0.0.0:15021, s10|0.0.0.0:15025, s13|0.0.0.0:15028, s12|0.0.0.0:15027, s0|0.0.0.0:15015, s1|0.0.0.0:15016]|listeners:[], old=null}
2024-10-16 23:57:32,202 DEBUG server.RaftServer$Division (RaftServerImpl.java:logAppendEntries(1549)) - s12@group-676CD6864C30: appendEntries* reply s5<-s12#7035:OK-t1,SUCCESS,nextIndex=129,followerCommit=127,matchIndex=128
2024-10-16 23:57:32,202 TRACE util.FileUtils (LogUtils.java:supplyAndLog(69)) - Successfully supplied FileChannel.open /home/runner/work/ratis/ratis/ratis-examples/target/test/data/6cc99a4c/MiniRaftClusterWithNettyeee6e424/s12/4c4f035b-aa8d-4293-9e7b-676cd6864c30/current/raft-meta.conf.tmp with options [CREATE, WRITE]: sun.nio.ch.FileChannelImpl@772fa757
2024-10-16 23:57:32,204 INFO  logging.LoggingHandler (AbstractInternalLogger.java:log(148)) - [id: 0x23ee7d64, L:/0.0.0.0:15018] READ COMPLETE
2024-10-16 23:57:32,205 INFO  leader.FollowerInfo (FollowerInfoImpl.java:setAttemptedToInstallSnapshot(154)) - Follower s5@group-676CD6864C30->s7 acknowledged installing snapshot
2024-10-16 23:57:32,205 TRACE util.FileUtils (LogUtils.java:runAndLog(49)) - Successfully ran Atomic Files.move /home/runner/work/ratis/ratis/ratis-examples/target/test/data/6cc99a4c/MiniRaftClusterWithNettyeee6e424/s12/4c4f035b-aa8d-4293-9e7b-676cd6864c30/current/raft-meta.conf.tmp to /home/runner/work/ratis/ratis/ratis-examples/target/test/data/6cc99a4c/MiniRaftClusterWithNettyeee6e424/s12/4c4f035b-aa8d-4293-9e7b-676cd6864c30/current/raft-meta.conf with options [REPLACE_EXISTING]
2024-10-16 23:57:32,205 TRACE util.FileUtils (LogUtils.java:supplyAndLog(69)) - Successfully supplied FileChannel.open /home/runner/work/ratis/ratis/ratis-examples/target/test/data/6cc99a4c/MiniRaftClusterWithNettyeee6e424/s12/4c4f035b-aa8d-4293-9e7b-676cd6864c30/current/raft-meta.conf.tmp with options [CREATE, WRITE]: sun.nio.ch.FileChannelImpl@65c828c0
2024-10-16 23:57:32,205 TRACE util.FileUtils (LogUtils.java:supplyAndLog(69)) - Successfully supplied FileChannel.open /home/runner/work/ratis/ratis/ratis-examples/target/test/data/6cc99a4c/MiniRaftClusterWithNettyeee6e424/s3/4c4f035b-aa8d-4293-9e7b-676cd6864c30/current/raft-meta.tmp with options [CREATE, WRITE]: sun.nio.ch.FileChannelImpl@2f181018
2024-10-16 23:57:32,206 INFO  leader.FollowerInfo (FollowerInfoImpl.java:setAttemptedToInstallSnapshot(154)) - Follower s5@group-676CD6864C30->s8 acknowledged installing snapshot
2024-10-16 23:57:32,207 TRACE util.FileUtils (LogUtils.java:runAndLog(49)) - Successfully ran Atomic Files.move /home/runner/work/ratis/ratis/ratis-examples/target/test/data/6cc99a4c/MiniRaftClusterWithNettyeee6e424/s3/4c4f035b-aa8d-4293-9e7b-676cd6864c30/current/raft-meta.tmp to /home/runner/work/ratis/ratis/ratis-examples/target/test/data/6cc99a4c/MiniRaftClusterWithNettyeee6e424/s3/4c4f035b-aa8d-4293-9e7b-676cd6864c30/current/raft-meta with options [REPLACE_EXISTING]
2024-10-16 23:57:32,207 INFO  server.RaftServer$Division (RaftServerImpl.java:setFirstElection(564)) - s3@group-676CD6864C30: set firstElectionSinceStartup to false for appendEntries
2024-10-16 23:57:32,207 INFO  server.RaftServer$Division (ServerState.java:setLeader(272)) - s3@group-676CD6864C30: change Leader from null to s5 at term 1 for appendEntries, leader elected after 215ms
2024-10-16 23:57:32,208 INFO  leader.FollowerInfo (FollowerInfoImpl.java:setAttemptedToInstallSnapshot(154)) - Follower s5@group-676CD6864C30->s9 acknowledged installing snapshot
2024-10-16 23:57:32,208 INFO  logging.LoggingHandler (AbstractInternalLogger.java:log(148)) - [id: 0x200c6c5b, L:/0.0.0.0:15023] READ: [id: 0xeea52fe7, L:/127.0.0.1:15023 - R:/127.0.0.1:60856]
2024-10-16 23:57:32,208 INFO  logging.LoggingHandler (AbstractInternalLogger.java:log(148)) - [id: 0xbbacb419, L:/0.0.0.0:15024] READ: [id: 0x7a631a90, L:/127.0.0.1:15024 - R:/127.0.0.1:55860]
2024-10-16 23:57:32,209 INFO  leader.FollowerInfo (FollowerInfoImpl.java:setAttemptedToInstallSnapshot(154)) - Follower s5@group-676CD6864C30->s14 acknowledged installing snapshot
2024-10-16 23:57:32,209 TRACE util.FileUtils (LogUtils.java:runAndLog(49)) - Successfully ran Atomic Files.move /home/runner/work/ratis/ratis/ratis-examples/target/test/data/6cc99a4c/MiniRaftClusterWithNettyeee6e424/s12/4c4f035b-aa8d-4293-9e7b-676cd6864c30/current/raft-meta.conf.tmp to /home/runner/work/ratis/ratis/ratis-examples/target/test/data/6cc99a4c/MiniRaftClusterWithNettyeee6e424/s12/4c4f035b-aa8d-4293-9e7b-676cd6864c30/current/raft-meta.conf with options [REPLACE_EXISTING]
2024-10-16 23:57:32,209 INFO  logging.LoggingHandler (AbstractInternalLogger.java:log(148)) - [id: 0xcef48036, L:/0.0.0.0:15022] READ: [id: 0xf0113fc1, L:/127.0.0.1:15022 - R:/127.0.0.1:48216]
2024-10-16 23:57:32,210 INFO  logging.LoggingHandler (AbstractInternalLogger.java:log(148)) - [id: 0xf239dbc0, L:/0.0.0.0:15029] READ: [id: 0xa164c64e, L:/127.0.0.1:15029 - R:/127.0.0.1:55740]
2024-10-16 23:57:32,213 INFO  leader.FollowerInfo (FollowerInfoImpl.java:setAttemptedToInstallSnapshot(154)) - Follower s5@group-676CD6864C30->s2 acknowledged installing snapshot
2024-10-16 23:57:32,213 INFO  server.RaftServer$Division (ServerState.java:setRaftConf(386)) - s11@group-676CD6864C30: set configuration conf: {index: 125, cur=peers:[s4|0.0.0.0:15019, s5|0.0.0.0:15020, s11|0.0.0.0:15026, s6|0.0.0.0:15021, s10|0.0.0.0:15025, s13|0.0.0.0:15028, s12|0.0.0.0:15027, s0|0.0.0.0:15015, s1|0.0.0.0:15016]|listeners:[], old=peers:[s4|0.0.0.0:15019, s5|0.0.0.0:15020, s6|0.0.0.0:15021, s0|0.0.0.0:15015, s1|0.0.0.0:15016]|listeners:[]}
2024-10-16 23:57:32,213 INFO  server.RaftServer$Division (ServerState.java:setRaftConf(386)) - s11@group-676CD6864C30: set configuration conf: {index: 127, cur=peers:[s4|0.0.0.0:15019, s5|0.0.0.0:15020, s11|0.0.0.0:15026, s6|0.0.0.0:15021, s10|0.0.0.0:15025, s13|0.0.0.0:15028, s12|0.0.0.0:15027, s0|0.0.0.0:15015, s1|0.0.0.0:15016]|listeners:[], old=null}
2024-10-16 23:57:32,214 INFO  logging.LoggingHandler (AbstractInternalLogger.java:log(148)) - [id: 0xf239dbc0, L:/0.0.0.0:15029] READ COMPLETE
2024-10-16 23:57:32,214 INFO  logging.LoggingHandler (AbstractInternalLogger.java:log(148)) - [id: 0xe405d390, L:/0.0.0.0:15017] READ: [id: 0x88cf0f4c, L:/127.0.0.1:15017 - R:/127.0.0.1:38088]
2024-10-16 23:57:32,214 DEBUG server.RaftServer$Division (RaftServerImpl.java:logAppendEntries(1549)) - s11@group-676CD6864C30: appendEntries* reply s5<-s11#7037:OK-t1,SUCCESS,nextIndex=129,followerCommit=127,matchIndex=128
2024-10-16 23:57:32,214 TRACE util.FileUtils (LogUtils.java:supplyAndLog(69)) - Successfully supplied FileChannel.open /home/runner/work/ratis/ratis/ratis-examples/target/test/data/6cc99a4c/MiniRaftClusterWithNettyeee6e424/s11/4c4f035b-aa8d-4293-9e7b-676cd6864c30/current/raft-meta.conf.tmp with options [CREATE, WRITE]: sun.nio.ch.FileChannelImpl@5ecfe32b
2024-10-16 23:57:32,217 INFO  logging.LoggingHandler (AbstractInternalLogger.java:log(148)) - [id: 0xcef48036, L:/0.0.0.0:15022] READ COMPLETE
2024-10-16 23:57:32,217 TRACE util.FileUtils (LogUtils.java:supplyAndLog(69)) - Successfully supplied FileChannel.open /home/runner/work/ratis/ratis/ratis-examples/target/test/data/6cc99a4c/MiniRaftClusterWithNettyeee6e424/s7/4c4f035b-aa8d-4293-9e7b-676cd6864c30/current/raft-meta.tmp with options [CREATE, WRITE]: sun.nio.ch.FileChannelImpl@43be17dc
2024-10-16 23:57:32,218 TRACE util.FileUtils (LogUtils.java:runAndLog(49)) - Successfully ran Atomic Files.move /home/runner/work/ratis/ratis/ratis-examples/target/test/data/6cc99a4c/MiniRaftClusterWithNettyeee6e424/s11/4c4f035b-aa8d-4293-9e7b-676cd6864c30/current/raft-meta.conf.tmp to /home/runner/work/ratis/ratis/ratis-examples/target/test/data/6cc99a4c/MiniRaftClusterWithNettyeee6e424/s11/4c4f035b-aa8d-4293-9e7b-676cd6864c30/current/raft-meta.conf with options [REPLACE_EXISTING]
2024-10-16 23:57:32,219 TRACE util.FileUtils (LogUtils.java:supplyAndLog(69)) - Successfully supplied FileChannel.open /home/runner/work/ratis/ratis/ratis-examples/target/test/data/6cc99a4c/MiniRaftClusterWithNettyeee6e424/s11/4c4f035b-aa8d-4293-9e7b-676cd6864c30/current/raft-meta.conf.tmp with options [CREATE, WRITE]: sun.nio.ch.FileChannelImpl@67e9c281
2024-10-16 23:57:32,219 TRACE util.FileUtils (LogUtils.java:runAndLog(49)) - Successfully ran Atomic Files.move /home/runner/work/ratis/ratis/ratis-examples/target/test/data/6cc99a4c/MiniRaftClusterWithNettyeee6e424/s7/4c4f035b-aa8d-4293-9e7b-676cd6864c30/current/raft-meta.tmp to /home/runner/work/ratis/ratis/ratis-examples/target/test/data/6cc99a4c/MiniRaftClusterWithNettyeee6e424/s7/4c4f035b-aa8d-4293-9e7b-676cd6864c30/current/raft-meta with options [REPLACE_EXISTING]
2024-10-16 23:57:32,219 INFO  server.RaftServer$Division (RaftServerImpl.java:setFirstElection(564)) - s7@group-676CD6864C30: set firstElectionSinceStartup to false for appendEntries
2024-10-16 23:57:32,219 INFO  server.RaftServer$Division (ServerState.java:setLeader(272)) - s7@group-676CD6864C30: change Leader from null to s5 at term 1 for appendEntries, leader elected after 195ms
2024-10-16 23:57:32,220 TRACE util.FileUtils (LogUtils.java:supplyAndLog(69)) - Successfully supplied FileChannel.open /home/runner/work/ratis/ratis/ratis-examples/target/test/data/6cc99a4c/MiniRaftClusterWithNettyeee6e424/s14/4c4f035b-aa8d-4293-9e7b-676cd6864c30/current/raft-meta.tmp with options [CREATE, WRITE]: sun.nio.ch.FileChannelImpl@490db23f
2024-10-16 23:57:32,221 INFO  logging.LoggingHandler (AbstractInternalLogger.java:log(148)) - [id: 0xbbacb419, L:/0.0.0.0:15024] READ COMPLETE
2024-10-16 23:57:32,221 INFO  logging.LoggingHandler (AbstractInternalLogger.java:log(148)) - [id: 0x200c6c5b, L:/0.0.0.0:15023] READ COMPLETE
2024-10-16 23:57:32,221 TRACE util.FileUtils (LogUtils.java:supplyAndLog(69)) - Successfully supplied FileChannel.open /home/runner/work/ratis/ratis/ratis-examples/target/test/data/6cc99a4c/MiniRaftClusterWithNettyeee6e424/s9/4c4f035b-aa8d-4293-9e7b-676cd6864c30/current/raft-meta.tmp with options [CREATE, WRITE]: sun.nio.ch.FileChannelImpl@2a97bcd
2024-10-16 23:57:32,222 TRACE util.FileUtils (LogUtils.java:runAndLog(49)) - Successfully ran Atomic Files.move /home/runner/work/ratis/ratis/ratis-examples/target/test/data/6cc99a4c/MiniRaftClusterWithNettyeee6e424/s11/4c4f035b-aa8d-4293-9e7b-676cd6864c30/current/raft-meta.conf.tmp to /home/runner/work/ratis/ratis/ratis-examples/target/test/data/6cc99a4c/MiniRaftClusterWithNettyeee6e424/s11/4c4f035b-aa8d-4293-9e7b-676cd6864c30/current/raft-meta.conf with options [REPLACE_EXISTING]
2024-10-16 23:57:32,222 TRACE util.FileUtils (LogUtils.java:supplyAndLog(69)) - Successfully supplied FileChannel.open /home/runner/work/ratis/ratis/ratis-examples/target/test/data/6cc99a4c/MiniRaftClusterWithNettyeee6e424/s8/4c4f035b-aa8d-4293-9e7b-676cd6864c30/current/raft-meta.tmp with options [CREATE, WRITE]: sun.nio.ch.FileChannelImpl@319acd84
2024-10-16 23:57:32,222 TRACE util.FileUtils (LogUtils.java:runAndLog(49)) - Successfully ran Atomic Files.move /home/runner/work/ratis/ratis/ratis-examples/target/test/data/6cc99a4c/MiniRaftClusterWithNettyeee6e424/s14/4c4f035b-aa8d-4293-9e7b-676cd6864c30/current/raft-meta.tmp to /home/runner/work/ratis/ratis/ratis-examples/target/test/data/6cc99a4c/MiniRaftClusterWithNettyeee6e424/s14/4c4f035b-aa8d-4293-9e7b-676cd6864c30/current/raft-meta with options [REPLACE_EXISTING]
2024-10-16 23:57:32,222 INFO  server.RaftServer$Division (RaftServerImpl.java:setFirstElection(564)) - s14@group-676CD6864C30: set firstElectionSinceStartup to false for appendEntries
2024-10-16 23:57:32,222 INFO  server.RaftServer$Division (ServerState.java:setLeader(272)) - s14@group-676CD6864C30: change Leader from null to s5 at term 1 for appendEntries, leader elected after 221ms
2024-10-16 23:57:32,223 TRACE util.FileUtils (LogUtils.java:runAndLog(49)) - Successfully ran Atomic Files.move /home/runner/work/ratis/ratis/ratis-examples/target/test/data/6cc99a4c/MiniRaftClusterWithNettyeee6e424/s9/4c4f035b-aa8d-4293-9e7b-676cd6864c30/current/raft-meta.tmp to /home/runner/work/ratis/ratis/ratis-examples/target/test/data/6cc99a4c/MiniRaftClusterWithNettyeee6e424/s9/4c4f035b-aa8d-4293-9e7b-676cd6864c30/current/raft-meta with options [REPLACE_EXISTING]
2024-10-16 23:57:32,223 INFO  server.RaftServer$Division (RaftServerImpl.java:setFirstElection(564)) - s9@group-676CD6864C30: set firstElectionSinceStartup to false for appendEntries
2024-10-16 23:57:32,223 INFO  server.RaftServer$Division (ServerState.java:setLeader(272)) - s9@group-676CD6864C30: change Leader from null to s5 at term 1 for appendEntries, leader elected after 172ms
2024-10-16 23:57:32,223 INFO  logging.LoggingHandler (AbstractInternalLogger.java:log(148)) - [id: 0xe405d390, L:/0.0.0.0:15017] READ COMPLETE
2024-10-16 23:57:32,224 TRACE util.FileUtils (LogUtils.java:runAndLog(49)) - Successfully ran Atomic Files.move /home/runner/work/ratis/ratis/ratis-examples/target/test/data/6cc99a4c/MiniRaftClusterWithNettyeee6e424/s8/4c4f035b-aa8d-4293-9e7b-676cd6864c30/current/raft-meta.tmp to /home/runner/work/ratis/ratis/ratis-examples/target/test/data/6cc99a4c/MiniRaftClusterWithNettyeee6e424/s8/4c4f035b-aa8d-4293-9e7b-676cd6864c30/current/raft-meta with options [REPLACE_EXISTING]
2024-10-16 23:57:32,224 INFO  server.RaftServer$Division (RaftServerImpl.java:setFirstElection(564)) - s8@group-676CD6864C30: set firstElectionSinceStartup to false for appendEntries
2024-10-16 23:57:32,224 INFO  server.RaftServer$Division (ServerState.java:setLeader(272)) - s8@group-676CD6864C30: change Leader from null to s5 at term 1 for appendEntries, leader elected after 187ms
2024-10-16 23:57:32,225 DEBUG server.RaftServer$Division (RaftServerImpl.java:logAppendEntries(1549)) - s14@group-676CD6864C30: appendEntries* s5->s14#7051-t1,previous=(t:0, i:0),leaderCommit=128,initializing? true,entries: size=129, first=(t:1, i:0), CONFIGURATIONENTRY(current:id:"s4"address:"0.0.0.0:15019"clientAddress:"0.0.0.0:15019"adminAddress:"0.0.0.0:15019"startupRole:FOLLOWER, id:"s5"address:"0.0.0.0:15020"clientAddress:"0.0.0.0:15020"adminAddress:"0.0.0.0:15020"startupRole:FOLLOWER, id:"s6"address:"0.0.0.0:15021"clientAddress:"0.0.0.0:15021"adminAddress:"0.0.0.0:15021"startupRole:FOLLOWER, old:)
2024-10-16 23:57:32,225 INFO  server.RaftServer$Division (ServerState.java:setRaftConf(386)) - s14@group-676CD6864C30: set configuration conf: {index: 0, cur=peers:[s4|0.0.0.0:15019, s5|0.0.0.0:15020, s6|0.0.0.0:15021]|listeners:[], old=null}
2024-10-16 23:57:32,226 INFO  server.RaftServer$Division (ServerState.java:setRaftConf(386)) - s14@group-676CD6864C30: set configuration conf: {index: 121, cur=peers:[s4|0.0.0.0:15019, s5|0.0.0.0:15020, s6|0.0.0.0:15021, s0|0.0.0.0:15015, s1|0.0.0.0:15016]|listeners:[], old=peers:[s4|0.0.0.0:15019, s5|0.0.0.0:15020, s6|0.0.0.0:15021]|listeners:[]}
2024-10-16 23:57:32,226 INFO  server.RaftServer$Division (ServerState.java:setRaftConf(386)) - s14@group-676CD6864C30: set configuration conf: {index: 123, cur=peers:[s4|0.0.0.0:15019, s5|0.0.0.0:15020, s6|0.0.0.0:15021, s0|0.0.0.0:15015, s1|0.0.0.0:15016]|listeners:[], old=null}
2024-10-16 23:57:32,226 DEBUG server.RaftServer$Division (RaftServerImpl.java:logAppendEntries(1549)) - s8@group-676CD6864C30: appendEntries* s5->s8#7052-t1,previous=(t:0, i:0),leaderCommit=128,initializing? true,entries: size=129, first=(t:1, i:0), CONFIGURATIONENTRY(current:id:"s4"address:"0.0.0.0:15019"clientAddress:"0.0.0.0:15019"adminAddress:"0.0.0.0:15019"startupRole:FOLLOWER, id:"s5"address:"0.0.0.0:15020"clientAddress:"0.0.0.0:15020"adminAddress:"0.0.0.0:15020"startupRole:FOLLOWER, id:"s6"address:"0.0.0.0:15021"clientAddress:"0.0.0.0:15021"adminAddress:"0.0.0.0:15021"startupRole:FOLLOWER, old:)
2024-10-16 23:57:32,226 INFO  server.RaftServer$Division (ServerState.java:setRaftConf(386)) - s8@group-676CD6864C30: set configuration conf: {index: 0, cur=peers:[s4|0.0.0.0:15019, s5|0.0.0.0:15020, s6|0.0.0.0:15021]|listeners:[], old=null}
2024-10-16 23:57:32,226 INFO  server.RaftServer$Division (ServerState.java:setRaftConf(386)) - s8@group-676CD6864C30: set configuration conf: {index: 121, cur=peers:[s4|0.0.0.0:15019, s5|0.0.0.0:15020, s6|0.0.0.0:15021, s0|0.0.0.0:15015, s1|0.0.0.0:15016]|listeners:[], old=peers:[s4|0.0.0.0:15019, s5|0.0.0.0:15020, s6|0.0.0.0:15021]|listeners:[]}
2024-10-16 23:57:32,226 INFO  server.RaftServer$Division (ServerState.java:setRaftConf(386)) - s8@group-676CD6864C30: set configuration conf: {index: 123, cur=peers:[s4|0.0.0.0:15019, s5|0.0.0.0:15020, s6|0.0.0.0:15021, s0|0.0.0.0:15015, s1|0.0.0.0:15016]|listeners:[], old=null}
2024-10-16 23:57:32,226 INFO  server.RaftServer$Division (ServerState.java:setRaftConf(386)) - s8@group-676CD6864C30: set configuration conf: {index: 125, cur=peers:[s4|0.0.0.0:15019, s5|0.0.0.0:15020, s11|0.0.0.0:15026, s6|0.0.0.0:15021, s10|0.0.0.0:15025, s13|0.0.0.0:15028, s12|0.0.0.0:15027, s0|0.0.0.0:15015, s1|0.0.0.0:15016]|listeners:[], old=peers:[s4|0.0.0.0:15019, s5|0.0.0.0:15020, s6|0.0.0.0:15021, s0|0.0.0.0:15015, s1|0.0.0.0:15016]|listeners:[]}
2024-10-16 23:57:32,226 INFO  server.RaftServer$Division (ServerState.java:setRaftConf(386)) - s8@group-676CD6864C30: set configuration conf: {index: 127, cur=peers:[s4|0.0.0.0:15019, s5|0.0.0.0:15020, s11|0.0.0.0:15026, s6|0.0.0.0:15021, s10|0.0.0.0:15025, s13|0.0.0.0:15028, s12|0.0.0.0:15027, s0|0.0.0.0:15015, s1|0.0.0.0:15016]|listeners:[], old=null}
2024-10-16 23:57:32,227 INFO  segmented.SegmentedRaftLogWorker (SegmentedRaftLogWorker.java:startLogSegment(442)) - s8@group-676CD6864C30-SegmentedRaftLogWorker: Starting segment from index:0
2024-10-16 23:57:32,226 INFO  server.RaftServer$Division (ServerState.java:setRaftConf(386)) - s14@group-676CD6864C30: set configuration conf: {index: 125, cur=peers:[s4|0.0.0.0:15019, s5|0.0.0.0:15020, s11|0.0.0.0:15026, s6|0.0.0.0:15021, s10|0.0.0.0:15025, s13|0.0.0.0:15028, s12|0.0.0.0:15027, s0|0.0.0.0:15015, s1|0.0.0.0:15016]|listeners:[], old=peers:[s4|0.0.0.0:15019, s5|0.0.0.0:15020, s6|0.0.0.0:15021, s0|0.0.0.0:15015, s1|0.0.0.0:15016]|listeners:[]}
2024-10-16 23:57:32,227 INFO  server.RaftServer$Division (ServerState.java:setRaftConf(386)) - s14@group-676CD6864C30: set configuration conf: {index: 127, cur=peers:[s4|0.0.0.0:15019, s5|0.0.0.0:15020, s11|0.0.0.0:15026, s6|0.0.0.0:15021, s10|0.0.0.0:15025, s13|0.0.0.0:15028, s12|0.0.0.0:15027, s0|0.0.0.0:15015, s1|0.0.0.0:15016]|listeners:[], old=null}
2024-10-16 23:57:32,227 INFO  segmented.SegmentedRaftLogWorker (SegmentedRaftLogWorker.java:startLogSegment(442)) - s14@group-676CD6864C30-SegmentedRaftLogWorker: Starting segment from index:0
2024-10-16 23:57:32,228 INFO  segmented.BufferedWriteChannel (BufferedWriteChannel.java:open(61)) - open log_inprogress_0 at position 0
2024-10-16 23:57:32,228 DEBUG server.RaftServer$Division (RaftServerImpl.java:logAppendEntries(1549)) - s3@group-676CD6864C30: appendEntries* s5->s3#7050-t1,previous=(t:0, i:0),leaderCommit=128,initializing? true,entries: size=129, first=(t:1, i:0), CONFIGURATIONENTRY(current:id:"s4"address:"0.0.0.0:15019"clientAddress:"0.0.0.0:15019"adminAddress:"0.0.0.0:15019"startupRole:FOLLOWER, id:"s5"address:"0.0.0.0:15020"clientAddress:"0.0.0.0:15020"adminAddress:"0.0.0.0:15020"startupRole:FOLLOWER, id:"s6"address:"0.0.0.0:15021"clientAddress:"0.0.0.0:15021"adminAddress:"0.0.0.0:15021"startupRole:FOLLOWER, old:)
2024-10-16 23:57:32,228 INFO  server.RaftServer$Division (ServerState.java:setRaftConf(386)) - s3@group-676CD6864C30: set configuration conf: {index: 0, cur=peers:[s4|0.0.0.0:15019, s5|0.0.0.0:15020, s6|0.0.0.0:15021]|listeners:[], old=null}
2024-10-16 23:57:32,228 INFO  server.RaftServer$Division (ServerState.java:setRaftConf(386)) - s3@group-676CD6864C30: set configuration conf: {index: 121, cur=peers:[s4|0.0.0.0:15019, s5|0.0.0.0:15020, s6|0.0.0.0:15021, s0|0.0.0.0:15015, s1|0.0.0.0:15016]|listeners:[], old=peers:[s4|0.0.0.0:15019, s5|0.0.0.0:15020, s6|0.0.0.0:15021]|listeners:[]}
2024-10-16 23:57:32,228 INFO  server.RaftServer$Division (ServerState.java:setRaftConf(386)) - s3@group-676CD6864C30: set configuration conf: {index: 123, cur=peers:[s4|0.0.0.0:15019, s5|0.0.0.0:15020, s6|0.0.0.0:15021, s0|0.0.0.0:15015, s1|0.0.0.0:15016]|listeners:[], old=null}
2024-10-16 23:57:32,228 INFO  server.RaftServer$Division (ServerState.java:setRaftConf(386)) - s3@group-676CD6864C30: set configuration conf: {index: 125, cur=peers:[s4|0.0.0.0:15019, s5|0.0.0.0:15020, s11|0.0.0.0:15026, s6|0.0.0.0:15021, s10|0.0.0.0:15025, s13|0.0.0.0:15028, s12|0.0.0.0:15027, s0|0.0.0.0:15015, s1|0.0.0.0:15016]|listeners:[], old=peers:[s4|0.0.0.0:15019, s5|0.0.0.0:15020, s6|0.0.0.0:15021, s0|0.0.0.0:15015, s1|0.0.0.0:15016]|listeners:[]}
2024-10-16 23:57:32,228 INFO  server.RaftServer$Division (ServerState.java:setRaftConf(386)) - s3@group-676CD6864C30: set configuration conf: {index: 127, cur=peers:[s4|0.0.0.0:15019, s5|0.0.0.0:15020, s11|0.0.0.0:15026, s6|0.0.0.0:15021, s10|0.0.0.0:15025, s13|0.0.0.0:15028, s12|0.0.0.0:15027, s0|0.0.0.0:15015, s1|0.0.0.0:15016]|listeners:[], old=null}
2024-10-16 23:57:32,229 INFO  segmented.SegmentedRaftLogWorker (SegmentedRaftLogWorker.java:startLogSegment(442)) - s3@group-676CD6864C30-SegmentedRaftLogWorker: Starting segment from index:0
2024-10-16 23:57:32,229 INFO  segmented.BufferedWriteChannel (BufferedWriteChannel.java:open(61)) - open log_inprogress_0 at position 0
2024-10-16 23:57:32,233 INFO  segmented.BufferedWriteChannel (BufferedWriteChannel.java:open(61)) - open log_inprogress_0 at position 0
2024-10-16 23:57:32,237 TRACE util.FileUtils (LogUtils.java:supplyAndLog(69)) - Successfully supplied FileChannel.open /home/runner/work/ratis/ratis/ratis-examples/target/test/data/6cc99a4c/MiniRaftClusterWithNettyeee6e424/s2/4c4f035b-aa8d-4293-9e7b-676cd6864c30/current/raft-meta.tmp with options [CREATE, WRITE]: sun.nio.ch.FileChannelImpl@75d85ead
2024-10-16 23:57:32,238 INFO  segmented.SegmentedRaftLogWorker (SegmentedRaftLogWorker.java:execute(663)) - s8@group-676CD6864C30-SegmentedRaftLogWorker: created new log segment /home/runner/work/ratis/ratis/ratis-examples/target/test/data/6cc99a4c/MiniRaftClusterWithNettyeee6e424/s8/4c4f035b-aa8d-4293-9e7b-676cd6864c30/current/log_inprogress_0
2024-10-16 23:57:32,239 TRACE util.FileUtils (LogUtils.java:runAndLog(49)) - Successfully ran Atomic Files.move /home/runner/work/ratis/ratis/ratis-examples/target/test/data/6cc99a4c/MiniRaftClusterWithNettyeee6e424/s2/4c4f035b-aa8d-4293-9e7b-676cd6864c30/current/raft-meta.tmp to /home/runner/work/ratis/ratis/ratis-examples/target/test/data/6cc99a4c/MiniRaftClusterWithNettyeee6e424/s2/4c4f035b-aa8d-4293-9e7b-676cd6864c30/current/raft-meta with options [REPLACE_EXISTING]
2024-10-16 23:57:32,239 INFO  server.RaftServer$Division (RaftServerImpl.java:setFirstElection(564)) - s2@group-676CD6864C30: set firstElectionSinceStartup to false for appendEntries
2024-10-16 23:57:32,239 INFO  server.RaftServer$Division (ServerState.java:setLeader(272)) - s2@group-676CD6864C30: change Leader from null to s5 at term 1 for appendEntries, leader elected after 229ms
2024-10-16 23:57:32,245 DEBUG server.RaftServer$Division (RaftServerImpl.java:logAppendEntries(1549)) - s7@group-676CD6864C30: appendEntries* s5->s7#7053-t1,previous=(t:0, i:0),leaderCommit=128,initializing? true,entries: size=129, first=(t:1, i:0), CONFIGURATIONENTRY(current:id:"s4"address:"0.0.0.0:15019"clientAddress:"0.0.0.0:15019"adminAddress:"0.0.0.0:15019"startupRole:FOLLOWER, id:"s5"address:"0.0.0.0:15020"clientAddress:"0.0.0.0:15020"adminAddress:"0.0.0.0:15020"startupRole:FOLLOWER, id:"s6"address:"0.0.0.0:15021"clientAddress:"0.0.0.0:15021"adminAddress:"0.0.0.0:15021"startupRole:FOLLOWER, old:)
2024-10-16 23:57:32,245 INFO  server.RaftServer$Division (ServerState.java:setRaftConf(386)) - s7@group-676CD6864C30: set configuration conf: {index: 0, cur=peers:[s4|0.0.0.0:15019, s5|0.0.0.0:15020, s6|0.0.0.0:15021]|listeners:[], old=null}
2024-10-16 23:57:32,246 INFO  server.RaftServer$Division (ServerState.java:setRaftConf(386)) - s7@group-676CD6864C30: set configuration conf: {index: 121, cur=peers:[s4|0.0.0.0:15019, s5|0.0.0.0:15020, s6|0.0.0.0:15021, s0|0.0.0.0:15015, s1|0.0.0.0:15016]|listeners:[], old=peers:[s4|0.0.0.0:15019, s5|0.0.0.0:15020, s6|0.0.0.0:15021]|listeners:[]}
2024-10-16 23:57:32,246 INFO  server.RaftServer$Division (ServerState.java:setRaftConf(386)) - s7@group-676CD6864C30: set configuration conf: {index: 123, cur=peers:[s4|0.0.0.0:15019, s5|0.0.0.0:15020, s6|0.0.0.0:15021, s0|0.0.0.0:15015, s1|0.0.0.0:15016]|listeners:[], old=null}
2024-10-16 23:57:32,246 INFO  server.RaftServer$Division (ServerState.java:setRaftConf(386)) - s7@group-676CD6864C30: set configuration conf: {index: 125, cur=peers:[s4|0.0.0.0:15019, s5|0.0.0.0:15020, s11|0.0.0.0:15026, s6|0.0.0.0:15021, s10|0.0.0.0:15025, s13|0.0.0.0:15028, s12|0.0.0.0:15027, s0|0.0.0.0:15015, s1|0.0.0.0:15016]|listeners:[], old=peers:[s4|0.0.0.0:15019, s5|0.0.0.0:15020, s6|0.0.0.0:15021, s0|0.0.0.0:15015, s1|0.0.0.0:15016]|listeners:[]}
2024-10-16 23:57:32,246 INFO  server.RaftServer$Division (ServerState.java:setRaftConf(386)) - s7@group-676CD6864C30: set configuration conf: {index: 127, cur=peers:[s4|0.0.0.0:15019, s5|0.0.0.0:15020, s11|0.0.0.0:15026, s6|0.0.0.0:15021, s10|0.0.0.0:15025, s13|0.0.0.0:15028, s12|0.0.0.0:15027, s0|0.0.0.0:15015, s1|0.0.0.0:15016]|listeners:[], old=null}
2024-10-16 23:57:32,246 INFO  segmented.SegmentedRaftLogWorker (SegmentedRaftLogWorker.java:startLogSegment(442)) - s7@group-676CD6864C30-SegmentedRaftLogWorker: Starting segment from index:0
2024-10-16 23:57:32,247 INFO  segmented.BufferedWriteChannel (BufferedWriteChannel.java:open(61)) - open log_inprogress_0 at position 0
2024-10-16 23:57:32,247 DEBUG server.RaftServer$Division (RaftServerImpl.java:logAppendEntries(1549)) - s9@group-676CD6864C30: appendEntries* s5->s9#7055-t1,previous=(t:0, i:0),leaderCommit=128,initializing? true,entries: size=129, first=(t:1, i:0), CONFIGURATIONENTRY(current:id:"s4"address:"0.0.0.0:15019"clientAddress:"0.0.0.0:15019"adminAddress:"0.0.0.0:15019"startupRole:FOLLOWER, id:"s5"address:"0.0.0.0:15020"clientAddress:"0.0.0.0:15020"adminAddress:"0.0.0.0:15020"startupRole:FOLLOWER, id:"s6"address:"0.0.0.0:15021"clientAddress:"0.0.0.0:15021"adminAddress:"0.0.0.0:15021"startupRole:FOLLOWER, old:)
2024-10-16 23:57:32,247 INFO  server.RaftServer$Division (ServerState.java:setRaftConf(386)) - s9@group-676CD6864C30: set configuration conf: {index: 0, cur=peers:[s4|0.0.0.0:15019, s5|0.0.0.0:15020, s6|0.0.0.0:15021]|listeners:[], old=null}
2024-10-16 23:57:32,248 INFO  server.RaftServer$Division (ServerState.java:setRaftConf(386)) - s9@group-676CD6864C30: set configuration conf: {index: 121, cur=peers:[s4|0.0.0.0:15019, s5|0.0.0.0:15020, s6|0.0.0.0:15021, s0|0.0.0.0:15015, s1|0.0.0.0:15016]|listeners:[], old=peers:[s4|0.0.0.0:15019, s5|0.0.0.0:15020, s6|0.0.0.0:15021]|listeners:[]}
2024-10-16 23:57:32,248 INFO  server.RaftServer$Division (ServerState.java:setRaftConf(386)) - s9@group-676CD6864C30: set configuration conf: {index: 123, cur=peers:[s4|0.0.0.0:15019, s5|0.0.0.0:15020, s6|0.0.0.0:15021, s0|0.0.0.0:15015, s1|0.0.0.0:15016]|listeners:[], old=null}
2024-10-16 23:57:32,248 INFO  server.RaftServer$Division (ServerState.java:setRaftConf(386)) - s9@group-676CD6864C30: set configuration conf: {index: 125, cur=peers:[s4|0.0.0.0:15019, s5|0.0.0.0:15020, s11|0.0.0.0:15026, s6|0.0.0.0:15021, s10|0.0.0.0:15025, s13|0.0.0.0:15028, s12|0.0.0.0:15027, s0|0.0.0.0:15015, s1|0.0.0.0:15016]|listeners:[], old=peers:[s4|0.0.0.0:15019, s5|0.0.0.0:15020, s6|0.0.0.0:15021, s0|0.0.0.0:15015, s1|0.0.0.0:15016]|listeners:[]}
2024-10-16 23:57:32,248 INFO  server.RaftServer$Division (ServerState.java:setRaftConf(386)) - s9@group-676CD6864C30: set configuration conf: {index: 127, cur=peers:[s4|0.0.0.0:15019, s5|0.0.0.0:15020, s11|0.0.0.0:15026, s6|0.0.0.0:15021, s10|0.0.0.0:15025, s13|0.0.0.0:15028, s12|0.0.0.0:15027, s0|0.0.0.0:15015, s1|0.0.0.0:15016]|listeners:[], old=null}
2024-10-16 23:57:32,248 INFO  segmented.SegmentedRaftLogWorker (SegmentedRaftLogWorker.java:startLogSegment(442)) - s9@group-676CD6864C30-SegmentedRaftLogWorker: Starting segment from index:0
2024-10-16 23:57:32,245 DEBUG server.RaftServer$Division (RaftServerImpl.java:logAppendEntries(1549)) - s2@group-676CD6864C30: appendEntries* s5->s2#7054-t1,previous=(t:0, i:0),leaderCommit=128,initializing? true,entries: size=129, first=(t:1, i:0), CONFIGURATIONENTRY(current:id:"s4"address:"0.0.0.0:15019"clientAddress:"0.0.0.0:15019"adminAddress:"0.0.0.0:15019"startupRole:FOLLOWER, id:"s5"address:"0.0.0.0:15020"clientAddress:"0.0.0.0:15020"adminAddress:"0.0.0.0:15020"startupRole:FOLLOWER, id:"s6"address:"0.0.0.0:15021"clientAddress:"0.0.0.0:15021"adminAddress:"0.0.0.0:15021"startupRole:FOLLOWER, old:)
2024-10-16 23:57:32,248 INFO  server.RaftServer$Division (ServerState.java:setRaftConf(386)) - s2@group-676CD6864C30: set configuration conf: {index: 0, cur=peers:[s4|0.0.0.0:15019, s5|0.0.0.0:15020, s6|0.0.0.0:15021]|listeners:[], old=null}
2024-10-16 23:57:32,249 INFO  server.RaftServer$Division (ServerState.java:setRaftConf(386)) - s2@group-676CD6864C30: set configuration conf: {index: 121, cur=peers:[s4|0.0.0.0:15019, s5|0.0.0.0:15020, s6|0.0.0.0:15021, s0|0.0.0.0:15015, s1|0.0.0.0:15016]|listeners:[], old=peers:[s4|0.0.0.0:15019, s5|0.0.0.0:15020, s6|0.0.0.0:15021]|listeners:[]}
2024-10-16 23:57:32,249 INFO  server.RaftServer$Division (ServerState.java:setRaftConf(386)) - s2@group-676CD6864C30: set configuration conf: {index: 123, cur=peers:[s4|0.0.0.0:15019, s5|0.0.0.0:15020, s6|0.0.0.0:15021, s0|0.0.0.0:15015, s1|0.0.0.0:15016]|listeners:[], old=null}
2024-10-16 23:57:32,249 INFO  server.RaftServer$Division (ServerState.java:setRaftConf(386)) - s2@group-676CD6864C30: set configuration conf: {index: 125, cur=peers:[s4|0.0.0.0:15019, s5|0.0.0.0:15020, s11|0.0.0.0:15026, s6|0.0.0.0:15021, s10|0.0.0.0:15025, s13|0.0.0.0:15028, s12|0.0.0.0:15027, s0|0.0.0.0:15015, s1|0.0.0.0:15016]|listeners:[], old=peers:[s4|0.0.0.0:15019, s5|0.0.0.0:15020, s6|0.0.0.0:15021, s0|0.0.0.0:15015, s1|0.0.0.0:15016]|listeners:[]}
2024-10-16 23:57:32,249 INFO  server.RaftServer$Division (ServerState.java:setRaftConf(386)) - s2@group-676CD6864C30: set configuration conf: {index: 127, cur=peers:[s4|0.0.0.0:15019, s5|0.0.0.0:15020, s11|0.0.0.0:15026, s6|0.0.0.0:15021, s10|0.0.0.0:15025, s13|0.0.0.0:15028, s12|0.0.0.0:15027, s0|0.0.0.0:15015, s1|0.0.0.0:15016]|listeners:[], old=null}
2024-10-16 23:57:32,249 INFO  segmented.SegmentedRaftLogWorker (SegmentedRaftLogWorker.java:startLogSegment(442)) - s2@group-676CD6864C30-SegmentedRaftLogWorker: Starting segment from index:0
2024-10-16 23:57:32,250 DEBUG server.RaftServer$Division (RaftServerImpl.java:logAppendEntries(1549)) - s8@group-676CD6864C30: appendEntries* reply s5<-s8#7052:OK-t1,SUCCESS,nextIndex=129,followerCommit=128,matchIndex=128
2024-10-16 23:57:32,250 TRACE util.FileUtils (LogUtils.java:supplyAndLog(69)) - Successfully supplied FileChannel.open /home/runner/work/ratis/ratis/ratis-examples/target/test/data/6cc99a4c/MiniRaftClusterWithNettyeee6e424/s8/4c4f035b-aa8d-4293-9e7b-676cd6864c30/current/raft-meta.conf.tmp with options [CREATE, WRITE]: sun.nio.ch.FileChannelImpl@38152bcf
2024-10-16 23:57:32,250 INFO  segmented.BufferedWriteChannel (BufferedWriteChannel.java:open(61)) - open log_inprogress_0 at position 0
2024-10-16 23:57:32,250 INFO  segmented.BufferedWriteChannel (BufferedWriteChannel.java:open(61)) - open log_inprogress_0 at position 0
2024-10-16 23:57:32,251 INFO  server.RaftServer$Division (ServerState.java:setRaftConf(386)) - s5@group-676CD6864C30: set configuration conf: {index: 129, cur=peers:[s3|0.0.0.0:15018, s4|0.0.0.0:15019, s5|0.0.0.0:15020, s6|0.0.0.0:15021, s7|0.0.0.0:15022, s8|0.0.0.0:15023, s9|0.0.0.0:15024, s11|0.0.0.0:15026, s10|0.0.0.0:15025, s13|0.0.0.0:15028, s12|0.0.0.0:15027, s14|0.0.0.0:15029, s0|0.0.0.0:15015, s1|0.0.0.0:15016, s2|0.0.0.0:15017]|listeners:[], old=peers:[s4|0.0.0.0:15019, s5|0.0.0.0:15020, s11|0.0.0.0:15026, s6|0.0.0.0:15021, s10|0.0.0.0:15025, s13|0.0.0.0:15028, s12|0.0.0.0:15027, s0|0.0.0.0:15015, s1|0.0.0.0:15016]|listeners:[]}
2024-10-16 23:57:32,252 DEBUG server.RaftServer$Division (RaftServerImpl.java:logAppendEntries(1549)) - s10@group-676CD6864C30: appendEntries* s5->s10#7056-t1,previous=(t:1, i:128),leaderCommit=128,initializing? false,entries: size=1, first=(t:1, i:129), CONFIGURATIONENTRY(current:id:"s3"address:"0.0.0.0:15018"clientAddress:"0.0.0.0:15018"adminAddress:"0.0.0.0:15018"startupRole:FOLLOWER, id:"s4"address:"0.0.0.0:15019"clientAddress:"0.0.0.0:15019"adminAddress:"0.0.0.0:15019"startupRole:FOLLOWER, id:"s5"address:"0.0.0.0:15020"clientAddress:"0.0.0.0:15020"adminAddress:"0.0.0.0:15020"startupRole:FOLLOWER, id:"s6"address:"0.0.0.0:15021"clientAddress:"0.0.0.0:15021"adminAddress:"0.0.0.0:15021"startupRole:FOLLOWER, id:"s7"address:"0.0.0.0:15022"clientAddress:"0.0.0.0:15022"adminAddress:"0.0.0.0:15022"startupRole:FOLLOWER, id:"s8"address:"0.0.0.0:15023"clientAddress:"0.0.0.0:15023"adminAddress:"0.0.0.0:15023"startupRole:FOLLOWER, id:"s9"address:"0.0.0.0:15024"clientAddress:"0.0.0.0:15024"adminAddress:"0.0.0.0:15024"startupRole:FOLLOWER, id:"s11"address:"0.0.0.0:15026"clientAddress:"0.0.0.0:15026"adminAddress:"0.0.0.0:15026"startupRole:FOLLOWER, id:"s10"address:"0.0.0.0:15025"clientAddress:"0.0.0.0:15025"adminAddress:"0.0.0.0:15025"startupRole:FOLLOWER, id:"s13"address:"0.0.0.0:15028"clientAddress:"0.0.0.0:15028"adminAddress:"0.0.0.0:15028"startupRole:FOLLOWER, id:"s12"address:"0.0.0.0:15027"clientAddress:"0.0.0.0:15027"adminAddress:"0.0.0.0:15027"startupRole:FOLLOWER, id:"s14"address:"0.0.0.0:15029"clientAddress:"0.0.0.0:15029"adminAddress:"0.0.0.0:15029"startupRole:FOLLOWER, id:"s0"address:"0.0.0.0:15015"clientAddress:"0.0.0.0:15015"adminAddress:"0.0.0.0:15015"startupRole:FOLLOWER, id:"s1"address:"0.0.0.0:15016"clientAddress:"0.0.0.0:15016"adminAddress:"0.0.0.0:15016"startupRole:FOLLOWER, id:"s2"address:"0.0.0.0:15017"clientAddress:"0.0.0.0:15017"adminAddress:"0.0.0.0:15017"startupRole:FOLLOWER, old:id:"s4"address:"0.0.0.0:15019"clientAddress:"0.0.0.0:15019"adminAddress:"0.0.0.0:15019"startupRole:FOLLOWER, id:"s5"address:"0.0.0.0:15020"clientAddress:"0.0.0.0:15020"adminAddress:"0.0.0.0:15020"startupRole:FOLLOWER, id:"s11"address:"0.0.0.0:15026"clientAddress:"0.0.0.0:15026"adminAddress:"0.0.0.0:15026"startupRole:FOLLOWER, id:"s6"address:"0.0.0.0:15021"clientAddress:"0.0.0.0:15021"adminAddress:"0.0.0.0:15021"startupRole:FOLLOWER, id:"s10"address:"0.0.0.0:15025"clientAddress:"0.0.0.0:15025"adminAddress:"0.0.0.0:15025"startupRole:FOLLOWER, id:"s13"address:"0.0.0.0:15028"clientAddress:"0.0.0.0:15028"adminAddress:"0.0.0.0:15028"startupRole:FOLLOWER, id:"s12"address:"0.0.0.0:15027"clientAddress:"0.0.0.0:15027"adminAddress:"0.0.0.0:15027"startupRole:FOLLOWER, id:"s0"address:"0.0.0.0:15015"clientAddress:"0.0.0.0:15015"adminAddress:"0.0.0.0:15015"startupRole:FOLLOWER, id:"s1"address:"0.0.0.0:15016"clientAddress:"0.0.0.0:15016"adminAddress:"0.0.0.0:15016"startupRole:FOLLOWER)
2024-10-16 23:57:32,252 INFO  server.RaftServer$Division (ServerState.java:setRaftConf(386)) - s10@group-676CD6864C30: set configuration conf: {index: 129, cur=peers:[s3|0.0.0.0:15018, s4|0.0.0.0:15019, s5|0.0.0.0:15020, s6|0.0.0.0:15021, s7|0.0.0.0:15022, s8|0.0.0.0:15023, s9|0.0.0.0:15024, s11|0.0.0.0:15026, s10|0.0.0.0:15025, s13|0.0.0.0:15028, s12|0.0.0.0:15027, s14|0.0.0.0:15029, s0|0.0.0.0:15015, s1|0.0.0.0:15016, s2|0.0.0.0:15017]|listeners:[], old=peers:[s4|0.0.0.0:15019, s5|0.0.0.0:15020, s11|0.0.0.0:15026, s6|0.0.0.0:15021, s10|0.0.0.0:15025, s13|0.0.0.0:15028, s12|0.0.0.0:15027, s0|0.0.0.0:15015, s1|0.0.0.0:15016]|listeners:[]}
2024-10-16 23:57:32,253 DEBUG server.RaftServer$Division (RaftServerImpl.java:logAppendEntries(1549)) - s0@group-676CD6864C30: appendEntries* s5->s0#7057-t1,previous=(t:1, i:128),leaderCommit=128,initializing? false,entries: size=1, first=(t:1, i:129), CONFIGURATIONENTRY(current:id:"s3"address:"0.0.0.0:15018"clientAddress:"0.0.0.0:15018"adminAddress:"0.0.0.0:15018"startupRole:FOLLOWER, id:"s4"address:"0.0.0.0:15019"clientAddress:"0.0.0.0:15019"adminAddress:"0.0.0.0:15019"startupRole:FOLLOWER, id:"s5"address:"0.0.0.0:15020"clientAddress:"0.0.0.0:15020"adminAddress:"0.0.0.0:15020"startupRole:FOLLOWER, id:"s6"address:"0.0.0.0:15021"clientAddress:"0.0.0.0:15021"adminAddress:"0.0.0.0:15021"startupRole:FOLLOWER, id:"s7"address:"0.0.0.0:15022"clientAddress:"0.0.0.0:15022"adminAddress:"0.0.0.0:15022"startupRole:FOLLOWER, id:"s8"address:"0.0.0.0:15023"clientAddress:"0.0.0.0:15023"adminAddress:"0.0.0.0:15023"startupRole:FOLLOWER, id:"s9"address:"0.0.0.0:15024"clientAddress:"0.0.0.0:15024"adminAddress:"0.0.0.0:15024"startupRole:FOLLOWER, id:"s11"address:"0.0.0.0:15026"clientAddress:"0.0.0.0:15026"adminAddress:"0.0.0.0:15026"startupRole:FOLLOWER, id:"s10"address:"0.0.0.0:15025"clientAddress:"0.0.0.0:15025"adminAddress:"0.0.0.0:15025"startupRole:FOLLOWER, id:"s13"address:"0.0.0.0:15028"clientAddress:"0.0.0.0:15028"adminAddress:"0.0.0.0:15028"startupRole:FOLLOWER, id:"s12"address:"0.0.0.0:15027"clientAddress:"0.0.0.0:15027"adminAddress:"0.0.0.0:15027"startupRole:FOLLOWER, id:"s14"address:"0.0.0.0:15029"clientAddress:"0.0.0.0:15029"adminAddress:"0.0.0.0:15029"startupRole:FOLLOWER, id:"s0"address:"0.0.0.0:15015"clientAddress:"0.0.0.0:15015"adminAddress:"0.0.0.0:15015"startupRole:FOLLOWER, id:"s1"address:"0.0.0.0:15016"clientAddress:"0.0.0.0:15016"adminAddress:"0.0.0.0:15016"startupRole:FOLLOWER, id:"s2"address:"0.0.0.0:15017"clientAddress:"0.0.0.0:15017"adminAddress:"0.0.0.0:15017"startupRole:FOLLOWER, old:id:"s4"address:"0.0.0.0:15019"clientAddress:"0.0.0.0:15019"adminAddress:"0.0.0.0:15019"startupRole:FOLLOWER, id:"s5"address:"0.0.0.0:15020"clientAddress:"0.0.0.0:15020"adminAddress:"0.0.0.0:15020"startupRole:FOLLOWER, id:"s11"address:"0.0.0.0:15026"clientAddress:"0.0.0.0:15026"adminAddress:"0.0.0.0:15026"startupRole:FOLLOWER, id:"s6"address:"0.0.0.0:15021"clientAddress:"0.0.0.0:15021"adminAddress:"0.0.0.0:15021"startupRole:FOLLOWER, id:"s10"address:"0.0.0.0:15025"clientAddress:"0.0.0.0:15025"adminAddress:"0.0.0.0:15025"startupRole:FOLLOWER, id:"s13"address:"0.0.0.0:15028"clientAddress:"0.0.0.0:15028"adminAddress:"0.0.0.0:15028"startupRole:FOLLOWER, id:"s12"address:"0.0.0.0:15027"clientAddress:"0.0.0.0:15027"adminAddress:"0.0.0.0:15027"startupRole:FOLLOWER, id:"s0"address:"0.0.0.0:15015"clientAddress:"0.0.0.0:15015"adminAddress:"0.0.0.0:15015"startupRole:FOLLOWER, id:"s1"address:"0.0.0.0:15016"clientAddress:"0.0.0.0:15016"adminAddress:"0.0.0.0:15016"startupRole:FOLLOWER)
2024-10-16 23:57:32,253 INFO  server.RaftServer$Division (ServerState.java:setRaftConf(386)) - s0@group-676CD6864C30: set configuration conf: {index: 129, cur=peers:[s3|0.0.0.0:15018, s4|0.0.0.0:15019, s5|0.0.0.0:15020, s6|0.0.0.0:15021, s7|0.0.0.0:15022, s8|0.0.0.0:15023, s9|0.0.0.0:15024, s11|0.0.0.0:15026, s10|0.0.0.0:15025, s13|0.0.0.0:15028, s12|0.0.0.0:15027, s14|0.0.0.0:15029, s0|0.0.0.0:15015, s1|0.0.0.0:15016, s2|0.0.0.0:15017]|listeners:[], old=peers:[s4|0.0.0.0:15019, s5|0.0.0.0:15020, s11|0.0.0.0:15026, s6|0.0.0.0:15021, s10|0.0.0.0:15025, s13|0.0.0.0:15028, s12|0.0.0.0:15027, s0|0.0.0.0:15015, s1|0.0.0.0:15016]|listeners:[]}
2024-10-16 23:57:32,253 INFO  segmented.SegmentedRaftLogWorker (SegmentedRaftLogWorker.java:execute(663)) - s3@group-676CD6864C30-SegmentedRaftLogWorker: created new log segment /home/runner/work/ratis/ratis/ratis-examples/target/test/data/6cc99a4c/MiniRaftClusterWithNettyeee6e424/s3/4c4f035b-aa8d-4293-9e7b-676cd6864c30/current/log_inprogress_0
2024-10-16 23:57:32,253 DEBUG server.RaftServer$Division (RaftServerImpl.java:logAppendEntries(1549)) - s10@group-676CD6864C30: appendEntries* reply s5<-s10#7056:OK-t1,SUCCESS,nextIndex=130,followerCommit=128,matchIndex=129
2024-10-16 23:57:32,254 DEBUG server.RaftServer$Division (RaftServerImpl.java:logAppendEntries(1549)) - s0@group-676CD6864C30: appendEntries* reply s5<-s0#7057:OK-t1,SUCCESS,nextIndex=130,followerCommit=128,matchIndex=129
2024-10-16 23:57:32,254 DEBUG server.RaftServer$Division (RaftServerImpl.java:logAppendEntries(1549)) - s13@group-676CD6864C30: appendEntries* s5->s13#7062-t1,previous=(t:1, i:128),leaderCommit=128,initializing? false,entries: size=1, first=(t:1, i:129), CONFIGURATIONENTRY(current:id:"s3"address:"0.0.0.0:15018"clientAddress:"0.0.0.0:15018"adminAddress:"0.0.0.0:15018"startupRole:FOLLOWER, id:"s4"address:"0.0.0.0:15019"clientAddress:"0.0.0.0:15019"adminAddress:"0.0.0.0:15019"startupRole:FOLLOWER, id:"s5"address:"0.0.0.0:15020"clientAddress:"0.0.0.0:15020"adminAddress:"0.0.0.0:15020"startupRole:FOLLOWER, id:"s6"address:"0.0.0.0:15021"clientAddress:"0.0.0.0:15021"adminAddress:"0.0.0.0:15021"startupRole:FOLLOWER, id:"s7"address:"0.0.0.0:15022"clientAddress:"0.0.0.0:15022"adminAddress:"0.0.0.0:15022"startupRole:FOLLOWER, id:"s8"address:"0.0.0.0:15023"clientAddress:"0.0.0.0:15023"adminAddress:"0.0.0.0:15023"startupRole:FOLLOWER, id:"s9"address:"0.0.0.0:15024"clientAddress:"0.0.0.0:15024"adminAddress:"0.0.0.0:15024"startupRole:FOLLOWER, id:"s11"address:"0.0.0.0:15026"clientAddress:"0.0.0.0:15026"adminAddress:"0.0.0.0:15026"startupRole:FOLLOWER, id:"s10"address:"0.0.0.0:15025"clientAddress:"0.0.0.0:15025"adminAddress:"0.0.0.0:15025"startupRole:FOLLOWER, id:"s13"address:"0.0.0.0:15028"clientAddress:"0.0.0.0:15028"adminAddress:"0.0.0.0:15028"startupRole:FOLLOWER, id:"s12"address:"0.0.0.0:15027"clientAddress:"0.0.0.0:15027"adminAddress:"0.0.0.0:15027"startupRole:FOLLOWER, id:"s14"address:"0.0.0.0:15029"clientAddress:"0.0.0.0:15029"adminAddress:"0.0.0.0:15029"startupRole:FOLLOWER, id:"s0"address:"0.0.0.0:15015"clientAddress:"0.0.0.0:15015"adminAddress:"0.0.0.0:15015"startupRole:FOLLOWER, id:"s1"address:"0.0.0.0:15016"clientAddress:"0.0.0.0:15016"adminAddress:"0.0.0.0:15016"startupRole:FOLLOWER, id:"s2"address:"0.0.0.0:15017"clientAddress:"0.0.0.0:15017"adminAddress:"0.0.0.0:15017"startupRole:FOLLOWER, old:id:"s4"address:"0.0.0.0:15019"clientAddress:"0.0.0.0:15019"adminAddress:"0.0.0.0:15019"startupRole:FOLLOWER, id:"s5"address:"0.0.0.0:15020"clientAddress:"0.0.0.0:15020"adminAddress:"0.0.0.0:15020"startupRole:FOLLOWER, id:"s11"address:"0.0.0.0:15026"clientAddress:"0.0.0.0:15026"adminAddress:"0.0.0.0:15026"startupRole:FOLLOWER, id:"s6"address:"0.0.0.0:15021"clientAddress:"0.0.0.0:15021"adminAddress:"0.0.0.0:15021"startupRole:FOLLOWER, id:"s10"address:"0.0.0.0:15025"clientAddress:"0.0.0.0:15025"adminAddress:"0.0.0.0:15025"startupRole:FOLLOWER, id:"s13"address:"0.0.0.0:15028"clientAddress:"0.0.0.0:15028"adminAddress:"0.0.0.0:15028"startupRole:FOLLOWER, id:"s12"address:"0.0.0.0:15027"clientAddress:"0.0.0.0:15027"adminAddress:"0.0.0.0:15027"startupRole:FOLLOWER, id:"s0"address:"0.0.0.0:15015"clientAddress:"0.0.0.0:15015"adminAddress:"0.0.0.0:15015"startupRole:FOLLOWER, id:"s1"address:"0.0.0.0:15016"clientAddress:"0.0.0.0:15016"adminAddress:"0.0.0.0:15016"startupRole:FOLLOWER)
2024-10-16 23:57:32,255 INFO  server.RaftServer$Division (ServerState.java:setRaftConf(386)) - s13@group-676CD6864C30: set configuration conf: {index: 129, cur=peers:[s3|0.0.0.0:15018, s4|0.0.0.0:15019, s5|0.0.0.0:15020, s6|0.0.0.0:15021, s7|0.0.0.0:15022, s8|0.0.0.0:15023, s9|0.0.0.0:15024, s11|0.0.0.0:15026, s10|0.0.0.0:15025, s13|0.0.0.0:15028, s12|0.0.0.0:15027, s14|0.0.0.0:15029, s0|0.0.0.0:15015, s1|0.0.0.0:15016, s2|0.0.0.0:15017]|listeners:[], old=peers:[s4|0.0.0.0:15019, s5|0.0.0.0:15020, s11|0.0.0.0:15026, s6|0.0.0.0:15021, s10|0.0.0.0:15025, s13|0.0.0.0:15028, s12|0.0.0.0:15027, s0|0.0.0.0:15015, s1|0.0.0.0:15016]|listeners:[]}
2024-10-16 23:57:32,256 DEBUG server.RaftServer$Division (RaftServerImpl.java:logAppendEntries(1549)) - s11@group-676CD6864C30: appendEntries* s5->s11#7063-t1,previous=(t:1, i:128),leaderCommit=128,initializing? false,entries: size=1, first=(t:1, i:129), CONFIGURATIONENTRY(current:id:"s3"address:"0.0.0.0:15018"clientAddress:"0.0.0.0:15018"adminAddress:"0.0.0.0:15018"startupRole:FOLLOWER, id:"s4"address:"0.0.0.0:15019"clientAddress:"0.0.0.0:15019"adminAddress:"0.0.0.0:15019"startupRole:FOLLOWER, id:"s5"address:"0.0.0.0:15020"clientAddress:"0.0.0.0:15020"adminAddress:"0.0.0.0:15020"startupRole:FOLLOWER, id:"s6"address:"0.0.0.0:15021"clientAddress:"0.0.0.0:15021"adminAddress:"0.0.0.0:15021"startupRole:FOLLOWER, id:"s7"address:"0.0.0.0:15022"clientAddress:"0.0.0.0:15022"adminAddress:"0.0.0.0:15022"startupRole:FOLLOWER, id:"s8"address:"0.0.0.0:15023"clientAddress:"0.0.0.0:15023"adminAddress:"0.0.0.0:15023"startupRole:FOLLOWER, id:"s9"address:"0.0.0.0:15024"clientAddress:"0.0.0.0:15024"adminAddress:"0.0.0.0:15024"startupRole:FOLLOWER, id:"s11"address:"0.0.0.0:15026"clientAddress:"0.0.0.0:15026"adminAddress:"0.0.0.0:15026"startupRole:FOLLOWER, id:"s10"address:"0.0.0.0:15025"clientAddress:"0.0.0.0:15025"adminAddress:"0.0.0.0:15025"startupRole:FOLLOWER, id:"s13"address:"0.0.0.0:15028"clientAddress:"0.0.0.0:15028"adminAddress:"0.0.0.0:15028"startupRole:FOLLOWER, id:"s12"address:"0.0.0.0:15027"clientAddress:"0.0.0.0:15027"adminAddress:"0.0.0.0:15027"startupRole:FOLLOWER, id:"s14"address:"0.0.0.0:15029"clientAddress:"0.0.0.0:15029"adminAddress:"0.0.0.0:15029"startupRole:FOLLOWER, id:"s0"address:"0.0.0.0:15015"clientAddress:"0.0.0.0:15015"adminAddress:"0.0.0.0:15015"startupRole:FOLLOWER, id:"s1"address:"0.0.0.0:15016"clientAddress:"0.0.0.0:15016"adminAddress:"0.0.0.0:15016"startupRole:FOLLOWER, id:"s2"address:"0.0.0.0:15017"clientAddress:"0.0.0.0:15017"adminAddress:"0.0.0.0:15017"startupRole:FOLLOWER, old:id:"s4"address:"0.0.0.0:15019"clientAddress:"0.0.0.0:15019"adminAddress:"0.0.0.0:15019"startupRole:FOLLOWER, id:"s5"address:"0.0.0.0:15020"clientAddress:"0.0.0.0:15020"adminAddress:"0.0.0.0:15020"startupRole:FOLLOWER, id:"s11"address:"0.0.0.0:15026"clientAddress:"0.0.0.0:15026"adminAddress:"0.0.0.0:15026"startupRole:FOLLOWER, id:"s6"address:"0.0.0.0:15021"clientAddress:"0.0.0.0:15021"adminAddress:"0.0.0.0:15021"startupRole:FOLLOWER, id:"s10"address:"0.0.0.0:15025"clientAddress:"0.0.0.0:15025"adminAddress:"0.0.0.0:15025"startupRole:FOLLOWER, id:"s13"address:"0.0.0.0:15028"clientAddress:"0.0.0.0:15028"adminAddress:"0.0.0.0:15028"startupRole:FOLLOWER, id:"s12"address:"0.0.0.0:15027"clientAddress:"0.0.0.0:15027"adminAddress:"0.0.0.0:15027"startupRole:FOLLOWER, id:"s0"address:"0.0.0.0:15015"clientAddress:"0.0.0.0:15015"adminAddress:"0.0.0.0:15015"startupRole:FOLLOWER, id:"s1"address:"0.0.0.0:15016"clientAddress:"0.0.0.0:15016"adminAddress:"0.0.0.0:15016"startupRole:FOLLOWER)
2024-10-16 23:57:32,256 INFO  server.RaftServer$Division (ServerState.java:setRaftConf(386)) - s11@group-676CD6864C30: set configuration conf: {index: 129, cur=peers:[s3|0.0.0.0:15018, s4|0.0.0.0:15019, s5|0.0.0.0:15020, s6|0.0.0.0:15021, s7|0.0.0.0:15022, s8|0.0.0.0:15023, s9|0.0.0.0:15024, s11|0.0.0.0:15026, s10|0.0.0.0:15025, s13|0.0.0.0:15028, s12|0.0.0.0:15027, s14|0.0.0.0:15029, s0|0.0.0.0:15015, s1|0.0.0.0:15016, s2|0.0.0.0:15017]|listeners:[], old=peers:[s4|0.0.0.0:15019, s5|0.0.0.0:15020, s11|0.0.0.0:15026, s6|0.0.0.0:15021, s10|0.0.0.0:15025, s13|0.0.0.0:15028, s12|0.0.0.0:15027, s0|0.0.0.0:15015, s1|0.0.0.0:15016]|listeners:[]}
2024-10-16 23:57:32,256 DEBUG server.RaftServer$Division (RaftServerImpl.java:logAppendEntries(1549)) - s11@group-676CD6864C30: appendEntries* reply s5<-s11#7063:OK-t1,SUCCESS,nextIndex=130,followerCommit=128,matchIndex=129
2024-10-16 23:57:32,257 DEBUG server.RaftServer$Division (RaftServerImpl.java:logAppendEntries(1549)) - s13@group-676CD6864C30: appendEntries* reply s5<-s13#7062:OK-t1,SUCCESS,nextIndex=130,followerCommit=128,matchIndex=129
2024-10-16 23:57:32,257 DEBUG server.RaftServer$Division (RaftServerImpl.java:logAppendEntries(1549)) - s6@group-676CD6864C30: appendEntries* s5->s6#7058-t1,previous=(t:1, i:128),leaderCommit=128,initializing? false,entries: size=1, first=(t:1, i:129), CONFIGURATIONENTRY(current:id:"s3"address:"0.0.0.0:15018"clientAddress:"0.0.0.0:15018"adminAddress:"0.0.0.0:15018"startupRole:FOLLOWER, id:"s4"address:"0.0.0.0:15019"clientAddress:"0.0.0.0:15019"adminAddress:"0.0.0.0:15019"startupRole:FOLLOWER, id:"s5"address:"0.0.0.0:15020"clientAddress:"0.0.0.0:15020"adminAddress:"0.0.0.0:15020"startupRole:FOLLOWER, id:"s6"address:"0.0.0.0:15021"clientAddress:"0.0.0.0:15021"adminAddress:"0.0.0.0:15021"startupRole:FOLLOWER, id:"s7"address:"0.0.0.0:15022"clientAddress:"0.0.0.0:15022"adminAddress:"0.0.0.0:15022"startupRole:FOLLOWER, id:"s8"address:"0.0.0.0:15023"clientAddress:"0.0.0.0:15023"adminAddress:"0.0.0.0:15023"startupRole:FOLLOWER, id:"s9"address:"0.0.0.0:15024"clientAddress:"0.0.0.0:15024"adminAddress:"0.0.0.0:15024"startupRole:FOLLOWER, id:"s11"address:"0.0.0.0:15026"clientAddress:"0.0.0.0:15026"adminAddress:"0.0.0.0:15026"startupRole:FOLLOWER, id:"s10"address:"0.0.0.0:15025"clientAddress:"0.0.0.0:15025"adminAddress:"0.0.0.0:15025"startupRole:FOLLOWER, id:"s13"address:"0.0.0.0:15028"clientAddress:"0.0.0.0:15028"adminAddress:"0.0.0.0:15028"startupRole:FOLLOWER, id:"s12"address:"0.0.0.0:15027"clientAddress:"0.0.0.0:15027"adminAddress:"0.0.0.0:15027"startupRole:FOLLOWER, id:"s14"address:"0.0.0.0:15029"clientAddress:"0.0.0.0:15029"adminAddress:"0.0.0.0:15029"startupRole:FOLLOWER, id:"s0"address:"0.0.0.0:15015"clientAddress:"0.0.0.0:15015"adminAddress:"0.0.0.0:15015"startupRole:FOLLOWER, id:"s1"address:"0.0.0.0:15016"clientAddress:"0.0.0.0:15016"adminAddress:"0.0.0.0:15016"startupRole:FOLLOWER, id:"s2"address:"0.0.0.0:15017"clientAddress:"0.0.0.0:15017"adminAddress:"0.0.0.0:15017"startupRole:FOLLOWER, old:id:"s4"address:"0.0.0.0:15019"clientAddress:"0.0.0.0:15019"adminAddress:"0.0.0.0:15019"startupRole:FOLLOWER, id:"s5"address:"0.0.0.0:15020"clientAddress:"0.0.0.0:15020"adminAddress:"0.0.0.0:15020"startupRole:FOLLOWER, id:"s11"address:"0.0.0.0:15026"clientAddress:"0.0.0.0:15026"adminAddress:"0.0.0.0:15026"startupRole:FOLLOWER, id:"s6"address:"0.0.0.0:15021"clientAddress:"0.0.0.0:15021"adminAddress:"0.0.0.0:15021"startupRole:FOLLOWER, id:"s10"address:"0.0.0.0:15025"clientAddress:"0.0.0.0:15025"adminAddress:"0.0.0.0:15025"startupRole:FOLLOWER, id:"s13"address:"0.0.0.0:15028"clientAddress:"0.0.0.0:15028"adminAddress:"0.0.0.0:15028"startupRole:FOLLOWER, id:"s12"address:"0.0.0.0:15027"clientAddress:"0.0.0.0:15027"adminAddress:"0.0.0.0:15027"startupRole:FOLLOWER, id:"s0"address:"0.0.0.0:15015"clientAddress:"0.0.0.0:15015"adminAddress:"0.0.0.0:15015"startupRole:FOLLOWER, id:"s1"address:"0.0.0.0:15016"clientAddress:"0.0.0.0:15016"adminAddress:"0.0.0.0:15016"startupRole:FOLLOWER)
2024-10-16 23:57:32,257 DEBUG server.RaftServer$Division (RaftServerImpl.java:logAppendEntries(1549)) - s1@group-676CD6864C30: appendEntries* s5->s1#7060-t1,previous=(t:1, i:128),leaderCommit=128,initializing? false,entries: size=1, first=(t:1, i:129), CONFIGURATIONENTRY(current:id:"s3"address:"0.0.0.0:15018"clientAddress:"0.0.0.0:15018"adminAddress:"0.0.0.0:15018"startupRole:FOLLOWER, id:"s4"address:"0.0.0.0:15019"clientAddress:"0.0.0.0:15019"adminAddress:"0.0.0.0:15019"startupRole:FOLLOWER, id:"s5"address:"0.0.0.0:15020"clientAddress:"0.0.0.0:15020"adminAddress:"0.0.0.0:15020"startupRole:FOLLOWER, id:"s6"address:"0.0.0.0:15021"clientAddress:"0.0.0.0:15021"adminAddress:"0.0.0.0:15021"startupRole:FOLLOWER, id:"s7"address:"0.0.0.0:15022"clientAddress:"0.0.0.0:15022"adminAddress:"0.0.0.0:15022"startupRole:FOLLOWER, id:"s8"address:"0.0.0.0:15023"clientAddress:"0.0.0.0:15023"adminAddress:"0.0.0.0:15023"startupRole:FOLLOWER, id:"s9"address:"0.0.0.0:15024"clientAddress:"0.0.0.0:15024"adminAddress:"0.0.0.0:15024"startupRole:FOLLOWER, id:"s11"address:"0.0.0.0:15026"clientAddress:"0.0.0.0:15026"adminAddress:"0.0.0.0:15026"startupRole:FOLLOWER, id:"s10"address:"0.0.0.0:15025"clientAddress:"0.0.0.0:15025"adminAddress:"0.0.0.0:15025"startupRole:FOLLOWER, id:"s13"address:"0.0.0.0:15028"clientAddress:"0.0.0.0:15028"adminAddress:"0.0.0.0:15028"startupRole:FOLLOWER, id:"s12"address:"0.0.0.0:15027"clientAddress:"0.0.0.0:15027"adminAddress:"0.0.0.0:15027"startupRole:FOLLOWER, id:"s14"address:"0.0.0.0:15029"clientAddress:"0.0.0.0:15029"adminAddress:"0.0.0.0:15029"startupRole:FOLLOWER, id:"s0"address:"0.0.0.0:15015"clientAddress:"0.0.0.0:15015"adminAddress:"0.0.0.0:15015"startupRole:FOLLOWER, id:"s1"address:"0.0.0.0:15016"clientAddress:"0.0.0.0:15016"adminAddress:"0.0.0.0:15016"startupRole:FOLLOWER, id:"s2"address:"0.0.0.0:15017"clientAddress:"0.0.0.0:15017"adminAddress:"0.0.0.0:15017"startupRole:FOLLOWER, old:id:"s4"address:"0.0.0.0:15019"clientAddress:"0.0.0.0:15019"adminAddress:"0.0.0.0:15019"startupRole:FOLLOWER, id:"s5"address:"0.0.0.0:15020"clientAddress:"0.0.0.0:15020"adminAddress:"0.0.0.0:15020"startupRole:FOLLOWER, id:"s11"address:"0.0.0.0:15026"clientAddress:"0.0.0.0:15026"adminAddress:"0.0.0.0:15026"startupRole:FOLLOWER, id:"s6"address:"0.0.0.0:15021"clientAddress:"0.0.0.0:15021"adminAddress:"0.0.0.0:15021"startupRole:FOLLOWER, id:"s10"address:"0.0.0.0:15025"clientAddress:"0.0.0.0:15025"adminAddress:"0.0.0.0:15025"startupRole:FOLLOWER, id:"s13"address:"0.0.0.0:15028"clientAddress:"0.0.0.0:15028"adminAddress:"0.0.0.0:15028"startupRole:FOLLOWER, id:"s12"address:"0.0.0.0:15027"clientAddress:"0.0.0.0:15027"adminAddress:"0.0.0.0:15027"startupRole:FOLLOWER, id:"s0"address:"0.0.0.0:15015"clientAddress:"0.0.0.0:15015"adminAddress:"0.0.0.0:15015"startupRole:FOLLOWER, id:"s1"address:"0.0.0.0:15016"clientAddress:"0.0.0.0:15016"adminAddress:"0.0.0.0:15016"startupRole:FOLLOWER)
2024-10-16 23:57:32,258 INFO  server.RaftServer$Division (ServerState.java:setRaftConf(386)) - s1@group-676CD6864C30: set configuration conf: {index: 129, cur=peers:[s3|0.0.0.0:15018, s4|0.0.0.0:15019, s5|0.0.0.0:15020, s6|0.0.0.0:15021, s7|0.0.0.0:15022, s8|0.0.0.0:15023, s9|0.0.0.0:15024, s11|0.0.0.0:15026, s10|0.0.0.0:15025, s13|0.0.0.0:15028, s12|0.0.0.0:15027, s14|0.0.0.0:15029, s0|0.0.0.0:15015, s1|0.0.0.0:15016, s2|0.0.0.0:15017]|listeners:[], old=peers:[s4|0.0.0.0:15019, s5|0.0.0.0:15020, s11|0.0.0.0:15026, s6|0.0.0.0:15021, s10|0.0.0.0:15025, s13|0.0.0.0:15028, s12|0.0.0.0:15027, s0|0.0.0.0:15015, s1|0.0.0.0:15016]|listeners:[]}
2024-10-16 23:57:32,258 DEBUG server.RaftServer$Division (RaftServerImpl.java:logAppendEntries(1549)) - s8@group-676CD6864C30: appendEntries* s5->s8#7064-t1,previous=(t:1, i:128),leaderCommit=128,initializing? false,entries: size=1, first=(t:1, i:129), CONFIGURATIONENTRY(current:id:"s3"address:"0.0.0.0:15018"clientAddress:"0.0.0.0:15018"adminAddress:"0.0.0.0:15018"startupRole:FOLLOWER, id:"s4"address:"0.0.0.0:15019"clientAddress:"0.0.0.0:15019"adminAddress:"0.0.0.0:15019"startupRole:FOLLOWER, id:"s5"address:"0.0.0.0:15020"clientAddress:"0.0.0.0:15020"adminAddress:"0.0.0.0:15020"startupRole:FOLLOWER, id:"s6"address:"0.0.0.0:15021"clientAddress:"0.0.0.0:15021"adminAddress:"0.0.0.0:15021"startupRole:FOLLOWER, id:"s7"address:"0.0.0.0:15022"clientAddress:"0.0.0.0:15022"adminAddress:"0.0.0.0:15022"startupRole:FOLLOWER, id:"s8"address:"0.0.0.0:15023"clientAddress:"0.0.0.0:15023"adminAddress:"0.0.0.0:15023"startupRole:FOLLOWER, id:"s9"address:"0.0.0.0:15024"clientAddress:"0.0.0.0:15024"adminAddress:"0.0.0.0:15024"startupRole:FOLLOWER, id:"s11"address:"0.0.0.0:15026"clientAddress:"0.0.0.0:15026"adminAddress:"0.0.0.0:15026"startupRole:FOLLOWER, id:"s10"address:"0.0.0.0:15025"clientAddress:"0.0.0.0:15025"adminAddress:"0.0.0.0:15025"startupRole:FOLLOWER, id:"s13"address:"0.0.0.0:15028"clientAddress:"0.0.0.0:15028"adminAddress:"0.0.0.0:15028"startupRole:FOLLOWER, id:"s12"address:"0.0.0.0:15027"clientAddress:"0.0.0.0:15027"adminAddress:"0.0.0.0:15027"startupRole:FOLLOWER, id:"s14"address:"0.0.0.0:15029"clientAddress:"0.0.0.0:15029"adminAddress:"0.0.0.0:15029"startupRole:FOLLOWER, id:"s0"address:"0.0.0.0:15015"clientAddress:"0.0.0.0:15015"adminAddress:"0.0.0.0:15015"startupRole:FOLLOWER, id:"s1"address:"0.0.0.0:15016"clientAddress:"0.0.0.0:15016"adminAddress:"0.0.0.0:15016"startupRole:FOLLOWER, id:"s2"address:"0.0.0.0:15017"clientAddress:"0.0.0.0:15017"adminAddress:"0.0.0.0:15017"startupRole:FOLLOWER, old:id:"s4"address:"0.0.0.0:15019"clientAddress:"0.0.0.0:15019"adminAddress:"0.0.0.0:15019"startupRole:FOLLOWER, id:"s5"address:"0.0.0.0:15020"clientAddress:"0.0.0.0:15020"adminAddress:"0.0.0.0:15020"startupRole:FOLLOWER, id:"s11"address:"0.0.0.0:15026"clientAddress:"0.0.0.0:15026"adminAddress:"0.0.0.0:15026"startupRole:FOLLOWER, id:"s6"address:"0.0.0.0:15021"clientAddress:"0.0.0.0:15021"adminAddress:"0.0.0.0:15021"startupRole:FOLLOWER, id:"s10"address:"0.0.0.0:15025"clientAddress:"0.0.0.0:15025"adminAddress:"0.0.0.0:15025"startupRole:FOLLOWER, id:"s13"address:"0.0.0.0:15028"clientAddress:"0.0.0.0:15028"adminAddress:"0.0.0.0:15028"startupRole:FOLLOWER, id:"s12"address:"0.0.0.0:15027"clientAddress:"0.0.0.0:15027"adminAddress:"0.0.0.0:15027"startupRole:FOLLOWER, id:"s0"address:"0.0.0.0:15015"clientAddress:"0.0.0.0:15015"adminAddress:"0.0.0.0:15015"startupRole:FOLLOWER, id:"s1"address:"0.0.0.0:15016"clientAddress:"0.0.0.0:15016"adminAddress:"0.0.0.0:15016"startupRole:FOLLOWER)
2024-10-16 23:57:32,259 INFO  impl.RoleInfo (RoleInfo.java:updateAndGet(148)) - s8: start s8@group-676CD6864C30-FollowerState
2024-10-16 23:57:32,259 DEBUG server.RaftServer$Division (RaftServerImpl.java:logAppendEntries(1549)) - s1@group-676CD6864C30: appendEntries* reply s5<-s1#7060:OK-t1,SUCCESS,nextIndex=130,followerCommit=128,matchIndex=129
2024-10-16 23:57:32,252 DEBUG server.RaftServer$Division (RaftServerImpl.java:logAppendEntries(1549)) - s4@group-676CD6864C30: appendEntries* s5->s4#7059-t1,previous=(t:1, i:128),leaderCommit=128,initializing? false,entries: size=1, first=(t:1, i:129), CONFIGURATIONENTRY(current:id:"s3"address:"0.0.0.0:15018"clientAddress:"0.0.0.0:15018"adminAddress:"0.0.0.0:15018"startupRole:FOLLOWER, id:"s4"address:"0.0.0.0:15019"clientAddress:"0.0.0.0:15019"adminAddress:"0.0.0.0:15019"startupRole:FOLLOWER, id:"s5"address:"0.0.0.0:15020"clientAddress:"0.0.0.0:15020"adminAddress:"0.0.0.0:15020"startupRole:FOLLOWER, id:"s6"address:"0.0.0.0:15021"clientAddress:"0.0.0.0:15021"adminAddress:"0.0.0.0:15021"startupRole:FOLLOWER, id:"s7"address:"0.0.0.0:15022"clientAddress:"0.0.0.0:15022"adminAddress:"0.0.0.0:15022"startupRole:FOLLOWER, id:"s8"address:"0.0.0.0:15023"clientAddress:"0.0.0.0:15023"adminAddress:"0.0.0.0:15023"startupRole:FOLLOWER, id:"s9"address:"0.0.0.0:15024"clientAddress:"0.0.0.0:15024"adminAddress:"0.0.0.0:15024"startupRole:FOLLOWER, id:"s11"address:"0.0.0.0:15026"clientAddress:"0.0.0.0:15026"adminAddress:"0.0.0.0:15026"startupRole:FOLLOWER, id:"s10"address:"0.0.0.0:15025"clientAddress:"0.0.0.0:15025"adminAddress:"0.0.0.0:15025"startupRole:FOLLOWER, id:"s13"address:"0.0.0.0:15028"clientAddress:"0.0.0.0:15028"adminAddress:"0.0.0.0:15028"startupRole:FOLLOWER, id:"s12"address:"0.0.0.0:15027"clientAddress:"0.0.0.0:15027"adminAddress:"0.0.0.0:15027"startupRole:FOLLOWER, id:"s14"address:"0.0.0.0:15029"clientAddress:"0.0.0.0:15029"adminAddress:"0.0.0.0:15029"startupRole:FOLLOWER, id:"s0"address:"0.0.0.0:15015"clientAddress:"0.0.0.0:15015"adminAddress:"0.0.0.0:15015"startupRole:FOLLOWER, id:"s1"address:"0.0.0.0:15016"clientAddress:"0.0.0.0:15016"adminAddress:"0.0.0.0:15016"startupRole:FOLLOWER, id:"s2"address:"0.0.0.0:15017"clientAddress:"0.0.0.0:15017"adminAddress:"0.0.0.0:15017"startupRole:FOLLOWER, old:id:"s4"address:"0.0.0.0:15019"clientAddress:"0.0.0.0:15019"adminAddress:"0.0.0.0:15019"startupRole:FOLLOWER, id:"s5"address:"0.0.0.0:15020"clientAddress:"0.0.0.0:15020"adminAddress:"0.0.0.0:15020"startupRole:FOLLOWER, id:"s11"address:"0.0.0.0:15026"clientAddress:"0.0.0.0:15026"adminAddress:"0.0.0.0:15026"startupRole:FOLLOWER, id:"s6"address:"0.0.0.0:15021"clientAddress:"0.0.0.0:15021"adminAddress:"0.0.0.0:15021"startupRole:FOLLOWER, id:"s10"address:"0.0.0.0:15025"clientAddress:"0.0.0.0:15025"adminAddress:"0.0.0.0:15025"startupRole:FOLLOWER, id:"s13"address:"0.0.0.0:15028"clientAddress:"0.0.0.0:15028"adminAddress:"0.0.0.0:15028"startupRole:FOLLOWER, id:"s12"address:"0.0.0.0:15027"clientAddress:"0.0.0.0:15027"adminAddress:"0.0.0.0:15027"startupRole:FOLLOWER, id:"s0"address:"0.0.0.0:15015"clientAddress:"0.0.0.0:15015"adminAddress:"0.0.0.0:15015"startupRole:FOLLOWER, id:"s1"address:"0.0.0.0:15016"clientAddress:"0.0.0.0:15016"adminAddress:"0.0.0.0:15016"startupRole:FOLLOWER)
2024-10-16 23:57:32,260 INFO  server.RaftServer$Division (ServerState.java:setRaftConf(386)) - s4@group-676CD6864C30: set configuration conf: {index: 129, cur=peers:[s3|0.0.0.0:15018, s4|0.0.0.0:15019, s5|0.0.0.0:15020, s6|0.0.0.0:15021, s7|0.0.0.0:15022, s8|0.0.0.0:15023, s9|0.0.0.0:15024, s11|0.0.0.0:15026, s10|0.0.0.0:15025, s13|0.0.0.0:15028, s12|0.0.0.0:15027, s14|0.0.0.0:15029, s0|0.0.0.0:15015, s1|0.0.0.0:15016, s2|0.0.0.0:15017]|listeners:[], old=peers:[s4|0.0.0.0:15019, s5|0.0.0.0:15020, s11|0.0.0.0:15026, s6|0.0.0.0:15021, s10|0.0.0.0:15025, s13|0.0.0.0:15028, s12|0.0.0.0:15027, s0|0.0.0.0:15015, s1|0.0.0.0:15016]|listeners:[]}
2024-10-16 23:57:32,257 INFO  server.RaftServer$Division (ServerState.java:setRaftConf(386)) - s6@group-676CD6864C30: set configuration conf: {index: 129, cur=peers:[s3|0.0.0.0:15018, s4|0.0.0.0:15019, s5|0.0.0.0:15020, s6|0.0.0.0:15021, s7|0.0.0.0:15022, s8|0.0.0.0:15023, s9|0.0.0.0:15024, s11|0.0.0.0:15026, s10|0.0.0.0:15025, s13|0.0.0.0:15028, s12|0.0.0.0:15027, s14|0.0.0.0:15029, s0|0.0.0.0:15015, s1|0.0.0.0:15016, s2|0.0.0.0:15017]|listeners:[], old=peers:[s4|0.0.0.0:15019, s5|0.0.0.0:15020, s11|0.0.0.0:15026, s6|0.0.0.0:15021, s10|0.0.0.0:15025, s13|0.0.0.0:15028, s12|0.0.0.0:15027, s0|0.0.0.0:15015, s1|0.0.0.0:15016]|listeners:[]}
2024-10-16 23:57:32,253 INFO  segmented.SegmentedRaftLogWorker (SegmentedRaftLogWorker.java:execute(663)) - s14@group-676CD6864C30-SegmentedRaftLogWorker: created new log segment /home/runner/work/ratis/ratis/ratis-examples/target/test/data/6cc99a4c/MiniRaftClusterWithNettyeee6e424/s14/4c4f035b-aa8d-4293-9e7b-676cd6864c30/current/log_inprogress_0
2024-10-16 23:57:32,261 DEBUG server.RaftServer$Division (RaftServerImpl.java:logAppendEntries(1549)) - s4@group-676CD6864C30: appendEntries* reply s5<-s4#7059:OK-t1,SUCCESS,nextIndex=130,followerCommit=128,matchIndex=129
2024-10-16 23:57:32,262 DEBUG server.RaftServer$Division (RaftServerImpl.java:logAppendEntries(1549)) - s6@group-676CD6864C30: appendEntries* reply s5<-s6#7058:OK-t1,SUCCESS,nextIndex=130,followerCommit=128,matchIndex=129
2024-10-16 23:57:32,253 DEBUG server.RaftServer$Division (RaftServerImpl.java:logAppendEntries(1549)) - s12@group-676CD6864C30: appendEntries* s5->s12#7061-t1,previous=(t:1, i:128),leaderCommit=128,initializing? false,entries: size=1, first=(t:1, i:129), CONFIGURATIONENTRY(current:id:"s3"address:"0.0.0.0:15018"clientAddress:"0.0.0.0:15018"adminAddress:"0.0.0.0:15018"startupRole:FOLLOWER, id:"s4"address:"0.0.0.0:15019"clientAddress:"0.0.0.0:15019"adminAddress:"0.0.0.0:15019"startupRole:FOLLOWER, id:"s5"address:"0.0.0.0:15020"clientAddress:"0.0.0.0:15020"adminAddress:"0.0.0.0:15020"startupRole:FOLLOWER, id:"s6"address:"0.0.0.0:15021"clientAddress:"0.0.0.0:15021"adminAddress:"0.0.0.0:15021"startupRole:FOLLOWER, id:"s7"address:"0.0.0.0:15022"clientAddress:"0.0.0.0:15022"adminAddress:"0.0.0.0:15022"startupRole:FOLLOWER, id:"s8"address:"0.0.0.0:15023"clientAddress:"0.0.0.0:15023"adminAddress:"0.0.0.0:15023"startupRole:FOLLOWER, id:"s9"address:"0.0.0.0:15024"clientAddress:"0.0.0.0:15024"adminAddress:"0.0.0.0:15024"startupRole:FOLLOWER, id:"s11"address:"0.0.0.0:15026"clientAddress:"0.0.0.0:15026"adminAddress:"0.0.0.0:15026"startupRole:FOLLOWER, id:"s10"address:"0.0.0.0:15025"clientAddress:"0.0.0.0:15025"adminAddress:"0.0.0.0:15025"startupRole:FOLLOWER, id:"s13"address:"0.0.0.0:15028"clientAddress:"0.0.0.0:15028"adminAddress:"0.0.0.0:15028"startupRole:FOLLOWER, id:"s12"address:"0.0.0.0:15027"clientAddress:"0.0.0.0:15027"adminAddress:"0.0.0.0:15027"startupRole:FOLLOWER, id:"s14"address:"0.0.0.0:15029"clientAddress:"0.0.0.0:15029"adminAddress:"0.0.0.0:15029"startupRole:FOLLOWER, id:"s0"address:"0.0.0.0:15015"clientAddress:"0.0.0.0:15015"adminAddress:"0.0.0.0:15015"startupRole:FOLLOWER, id:"s1"address:"0.0.0.0:15016"clientAddress:"0.0.0.0:15016"adminAddress:"0.0.0.0:15016"startupRole:FOLLOWER, id:"s2"address:"0.0.0.0:15017"clientAddress:"0.0.0.0:15017"adminAddress:"0.0.0.0:15017"startupRole:FOLLOWER, old:id:"s4"address:"0.0.0.0:15019"clientAddress:"0.0.0.0:15019"adminAddress:"0.0.0.0:15019"startupRole:FOLLOWER, id:"s5"address:"0.0.0.0:15020"clientAddress:"0.0.0.0:15020"adminAddress:"0.0.0.0:15020"startupRole:FOLLOWER, id:"s11"address:"0.0.0.0:15026"clientAddress:"0.0.0.0:15026"adminAddress:"0.0.0.0:15026"startupRole:FOLLOWER, id:"s6"address:"0.0.0.0:15021"clientAddress:"0.0.0.0:15021"adminAddress:"0.0.0.0:15021"startupRole:FOLLOWER, id:"s10"address:"0.0.0.0:15025"clientAddress:"0.0.0.0:15025"adminAddress:"0.0.0.0:15025"startupRole:FOLLOWER, id:"s13"address:"0.0.0.0:15028"clientAddress:"0.0.0.0:15028"adminAddress:"0.0.0.0:15028"startupRole:FOLLOWER, id:"s12"address:"0.0.0.0:15027"clientAddress:"0.0.0.0:15027"adminAddress:"0.0.0.0:15027"startupRole:FOLLOWER, id:"s0"address:"0.0.0.0:15015"clientAddress:"0.0.0.0:15015"adminAddress:"0.0.0.0:15015"startupRole:FOLLOWER, id:"s1"address:"0.0.0.0:15016"clientAddress:"0.0.0.0:15016"adminAddress:"0.0.0.0:15016"startupRole:FOLLOWER)
2024-10-16 23:57:32,262 INFO  server.RaftServer$Division (ServerState.java:setRaftConf(386)) - s12@group-676CD6864C30: set configuration conf: {index: 129, cur=peers:[s3|0.0.0.0:15018, s4|0.0.0.0:15019, s5|0.0.0.0:15020, s6|0.0.0.0:15021, s7|0.0.0.0:15022, s8|0.0.0.0:15023, s9|0.0.0.0:15024, s11|0.0.0.0:15026, s10|0.0.0.0:15025, s13|0.0.0.0:15028, s12|0.0.0.0:15027, s14|0.0.0.0:15029, s0|0.0.0.0:15015, s1|0.0.0.0:15016, s2|0.0.0.0:15017]|listeners:[], old=peers:[s4|0.0.0.0:15019, s5|0.0.0.0:15020, s11|0.0.0.0:15026, s6|0.0.0.0:15021, s10|0.0.0.0:15025, s13|0.0.0.0:15028, s12|0.0.0.0:15027, s0|0.0.0.0:15015, s1|0.0.0.0:15016]|listeners:[]}
2024-10-16 23:57:32,263 TRACE util.FileUtils (LogUtils.java:runAndLog(49)) - Successfully ran Atomic Files.move /home/runner/work/ratis/ratis/ratis-examples/target/test/data/6cc99a4c/MiniRaftClusterWithNettyeee6e424/s8/4c4f035b-aa8d-4293-9e7b-676cd6864c30/current/raft-meta.conf.tmp to /home/runner/work/ratis/ratis/ratis-examples/target/test/data/6cc99a4c/MiniRaftClusterWithNettyeee6e424/s8/4c4f035b-aa8d-4293-9e7b-676cd6864c30/current/raft-meta.conf with options [REPLACE_EXISTING]
2024-10-16 23:57:32,263 DEBUG server.RaftServer$Division (RaftServerImpl.java:logAppendEntries(1549)) - s14@group-676CD6864C30: appendEntries* reply s5<-s14#7051:OK-t1,SUCCESS,nextIndex=129,followerCommit=128,matchIndex=128
2024-10-16 23:57:32,263 TRACE util.FileUtils (LogUtils.java:supplyAndLog(69)) - Successfully supplied FileChannel.open /home/runner/work/ratis/ratis/ratis-examples/target/test/data/6cc99a4c/MiniRaftClusterWithNettyeee6e424/s14/4c4f035b-aa8d-4293-9e7b-676cd6864c30/current/raft-meta.conf.tmp with options [CREATE, WRITE]: sun.nio.ch.FileChannelImpl@1bbc12ba
2024-10-16 23:57:32,263 INFO  server.RaftServer$Division (ServerState.java:setRaftConf(386)) - s8@group-676CD6864C30: set configuration conf: {index: 129, cur=peers:[s3|0.0.0.0:15018, s4|0.0.0.0:15019, s5|0.0.0.0:15020, s6|0.0.0.0:15021, s7|0.0.0.0:15022, s8|0.0.0.0:15023, s9|0.0.0.0:15024, s11|0.0.0.0:15026, s10|0.0.0.0:15025, s13|0.0.0.0:15028, s12|0.0.0.0:15027, s14|0.0.0.0:15029, s0|0.0.0.0:15015, s1|0.0.0.0:15016, s2|0.0.0.0:15017]|listeners:[], old=peers:[s4|0.0.0.0:15019, s5|0.0.0.0:15020, s11|0.0.0.0:15026, s6|0.0.0.0:15021, s10|0.0.0.0:15025, s13|0.0.0.0:15028, s12|0.0.0.0:15027, s0|0.0.0.0:15015, s1|0.0.0.0:15016]|listeners:[]}
2024-10-16 23:57:32,264 TRACE util.FileUtils (LogUtils.java:supplyAndLog(69)) - Successfully supplied FileChannel.open /home/runner/work/ratis/ratis/ratis-examples/target/test/data/6cc99a4c/MiniRaftClusterWithNettyeee6e424/s8/4c4f035b-aa8d-4293-9e7b-676cd6864c30/current/raft-meta.conf.tmp with options [CREATE, WRITE]: sun.nio.ch.FileChannelImpl@36d2d2bd
2024-10-16 23:57:32,264 DEBUG server.RaftServer$Division (RaftServerImpl.java:logAppendEntries(1549)) - s8@group-676CD6864C30: appendEntries* reply s5<-s8#7064:OK-t1,SUCCESS,nextIndex=130,followerCommit=128,matchIndex=129
2024-10-16 23:57:32,265 DEBUG server.RaftServer$Division (RaftServerImpl.java:logAppendEntries(1549)) - s14@group-676CD6864C30: appendEntries* s5->s14#7065-t1,previous=(t:1, i:128),leaderCommit=128,initializing? false,entries: size=1, first=(t:1, i:129), CONFIGURATIONENTRY(current:id:"s3"address:"0.0.0.0:15018"clientAddress:"0.0.0.0:15018"adminAddress:"0.0.0.0:15018"startupRole:FOLLOWER, id:"s4"address:"0.0.0.0:15019"clientAddress:"0.0.0.0:15019"adminAddress:"0.0.0.0:15019"startupRole:FOLLOWER, id:"s5"address:"0.0.0.0:15020"clientAddress:"0.0.0.0:15020"adminAddress:"0.0.0.0:15020"startupRole:FOLLOWER, id:"s6"address:"0.0.0.0:15021"clientAddress:"0.0.0.0:15021"adminAddress:"0.0.0.0:15021"startupRole:FOLLOWER, id:"s7"address:"0.0.0.0:15022"clientAddress:"0.0.0.0:15022"adminAddress:"0.0.0.0:15022"startupRole:FOLLOWER, id:"s8"address:"0.0.0.0:15023"clientAddress:"0.0.0.0:15023"adminAddress:"0.0.0.0:15023"startupRole:FOLLOWER, id:"s9"address:"0.0.0.0:15024"clientAddress:"0.0.0.0:15024"adminAddress:"0.0.0.0:15024"startupRole:FOLLOWER, id:"s11"address:"0.0.0.0:15026"clientAddress:"0.0.0.0:15026"adminAddress:"0.0.0.0:15026"startupRole:FOLLOWER, id:"s10"address:"0.0.0.0:15025"clientAddress:"0.0.0.0:15025"adminAddress:"0.0.0.0:15025"startupRole:FOLLOWER, id:"s13"address:"0.0.0.0:15028"clientAddress:"0.0.0.0:15028"adminAddress:"0.0.0.0:15028"startupRole:FOLLOWER, id:"s12"address:"0.0.0.0:15027"clientAddress:"0.0.0.0:15027"adminAddress:"0.0.0.0:15027"startupRole:FOLLOWER, id:"s14"address:"0.0.0.0:15029"clientAddress:"0.0.0.0:15029"adminAddress:"0.0.0.0:15029"startupRole:FOLLOWER, id:"s0"address:"0.0.0.0:15015"clientAddress:"0.0.0.0:15015"adminAddress:"0.0.0.0:15015"startupRole:FOLLOWER, id:"s1"address:"0.0.0.0:15016"clientAddress:"0.0.0.0:15016"adminAddress:"0.0.0.0:15016"startupRole:FOLLOWER, id:"s2"address:"0.0.0.0:15017"clientAddress:"0.0.0.0:15017"adminAddress:"0.0.0.0:15017"startupRole:FOLLOWER, old:id:"s4"address:"0.0.0.0:15019"clientAddress:"0.0.0.0:15019"adminAddress:"0.0.0.0:15019"startupRole:FOLLOWER, id:"s5"address:"0.0.0.0:15020"clientAddress:"0.0.0.0:15020"adminAddress:"0.0.0.0:15020"startupRole:FOLLOWER, id:"s11"address:"0.0.0.0:15026"clientAddress:"0.0.0.0:15026"adminAddress:"0.0.0.0:15026"startupRole:FOLLOWER, id:"s6"address:"0.0.0.0:15021"clientAddress:"0.0.0.0:15021"adminAddress:"0.0.0.0:15021"startupRole:FOLLOWER, id:"s10"address:"0.0.0.0:15025"clientAddress:"0.0.0.0:15025"adminAddress:"0.0.0.0:15025"startupRole:FOLLOWER, id:"s13"address:"0.0.0.0:15028"clientAddress:"0.0.0.0:15028"adminAddress:"0.0.0.0:15028"startupRole:FOLLOWER, id:"s12"address:"0.0.0.0:15027"clientAddress:"0.0.0.0:15027"adminAddress:"0.0.0.0:15027"startupRole:FOLLOWER, id:"s0"address:"0.0.0.0:15015"clientAddress:"0.0.0.0:15015"adminAddress:"0.0.0.0:15015"startupRole:FOLLOWER, id:"s1"address:"0.0.0.0:15016"clientAddress:"0.0.0.0:15016"adminAddress:"0.0.0.0:15016"startupRole:FOLLOWER)
2024-10-16 23:57:32,265 INFO  impl.RoleInfo (RoleInfo.java:updateAndGet(148)) - s14: start s14@group-676CD6864C30-FollowerState
2024-10-16 23:57:32,265 INFO  server.RaftServer$Division (ServerState.java:setRaftConf(386)) - s5@group-676CD6864C30: set configuration conf: {index: 131, cur=peers:[s3|0.0.0.0:15018, s4|0.0.0.0:15019, s5|0.0.0.0:15020, s6|0.0.0.0:15021, s7|0.0.0.0:15022, s8|0.0.0.0:15023, s9|0.0.0.0:15024, s11|0.0.0.0:15026, s10|0.0.0.0:15025, s13|0.0.0.0:15028, s12|0.0.0.0:15027, s14|0.0.0.0:15029, s0|0.0.0.0:15015, s1|0.0.0.0:15016, s2|0.0.0.0:15017]|listeners:[], old=null}
2024-10-16 23:57:32,265 TRACE util.FileUtils (LogUtils.java:supplyAndLog(69)) - Successfully supplied FileChannel.open /home/runner/work/ratis/ratis/ratis-examples/target/test/data/6cc99a4c/MiniRaftClusterWithNettyeee6e424/s5/4c4f035b-aa8d-4293-9e7b-676cd6864c30/current/raft-meta.conf.tmp with options [CREATE, WRITE]: sun.nio.ch.FileChannelImpl@63fd93b4
2024-10-16 23:57:32,263 DEBUG server.RaftServer$Division (RaftServerImpl.java:logAppendEntries(1549)) - s12@group-676CD6864C30: appendEntries* reply s5<-s12#7061:OK-t1,SUCCESS,nextIndex=130,followerCommit=128,matchIndex=129
2024-10-16 23:57:32,266 DEBUG server.RaftServer$Division (RaftServerImpl.java:logAppendEntries(1549)) - s0@group-676CD6864C30: appendEntries* s5->s0#7070-t1,previous=(t:1, i:129),leaderCommit=129,initializing? false,entries: size=2, first=(t:1, i:130), METADATAENTRY(c:129)
2024-10-16 23:57:32,266 INFO  server.RaftServer$Division (ServerState.java:setRaftConf(386)) - s0@group-676CD6864C30: set configuration conf: {index: 131, cur=peers:[s3|0.0.0.0:15018, s4|0.0.0.0:15019, s5|0.0.0.0:15020, s6|0.0.0.0:15021, s7|0.0.0.0:15022, s8|0.0.0.0:15023, s9|0.0.0.0:15024, s11|0.0.0.0:15026, s10|0.0.0.0:15025, s13|0.0.0.0:15028, s12|0.0.0.0:15027, s14|0.0.0.0:15029, s0|0.0.0.0:15015, s1|0.0.0.0:15016, s2|0.0.0.0:15017]|listeners:[], old=null}
2024-10-16 23:57:32,266 DEBUG server.RaftServer$Division (RaftServerImpl.java:logAppendEntries(1549)) - s4@group-676CD6864C30: appendEntries* s5->s4#7072-t1,previous=(t:1, i:129),leaderCommit=129,initializing? false,entries: size=2, first=(t:1, i:130), METADATAENTRY(c:129)
2024-10-16 23:57:32,267 INFO  server.RaftServer$Division (ServerState.java:setRaftConf(386)) - s4@group-676CD6864C30: set configuration conf: {index: 131, cur=peers:[s3|0.0.0.0:15018, s4|0.0.0.0:15019, s5|0.0.0.0:15020, s6|0.0.0.0:15021, s7|0.0.0.0:15022, s8|0.0.0.0:15023, s9|0.0.0.0:15024, s11|0.0.0.0:15026, s10|0.0.0.0:15025, s13|0.0.0.0:15028, s12|0.0.0.0:15027, s14|0.0.0.0:15029, s0|0.0.0.0:15015, s1|0.0.0.0:15016, s2|0.0.0.0:15017]|listeners:[], old=null}
2024-10-16 23:57:32,267 DEBUG server.RaftServer$Division (RaftServerImpl.java:logAppendEntries(1549)) - s6@group-676CD6864C30: appendEntries* s5->s6#7073-t1,previous=(t:1, i:129),leaderCommit=129,initializing? false,entries: size=2, first=(t:1, i:130), METADATAENTRY(c:129)
2024-10-16 23:57:32,267 INFO  server.RaftServer$Division (ServerState.java:setRaftConf(386)) - s6@group-676CD6864C30: set configuration conf: {index: 131, cur=peers:[s3|0.0.0.0:15018, s4|0.0.0.0:15019, s5|0.0.0.0:15020, s6|0.0.0.0:15021, s7|0.0.0.0:15022, s8|0.0.0.0:15023, s9|0.0.0.0:15024, s11|0.0.0.0:15026, s10|0.0.0.0:15025, s13|0.0.0.0:15028, s12|0.0.0.0:15027, s14|0.0.0.0:15029, s0|0.0.0.0:15015, s1|0.0.0.0:15016, s2|0.0.0.0:15017]|listeners:[], old=null}
2024-10-16 23:57:32,268 DEBUG server.RaftServer$Division (RaftServerImpl.java:logAppendEntries(1549)) - s11@group-676CD6864C30: appendEntries* s5->s11#7069-t1,previous=(t:1, i:129),leaderCommit=129,initializing? false,entries: size=2, first=(t:1, i:130), METADATAENTRY(c:129)
2024-10-16 23:57:32,268 INFO  server.RaftServer$Division (ServerState.java:setRaftConf(386)) - s11@group-676CD6864C30: set configuration conf: {index: 131, cur=peers:[s3|0.0.0.0:15018, s4|0.0.0.0:15019, s5|0.0.0.0:15020, s6|0.0.0.0:15021, s7|0.0.0.0:15022, s8|0.0.0.0:15023, s9|0.0.0.0:15024, s11|0.0.0.0:15026, s10|0.0.0.0:15025, s13|0.0.0.0:15028, s12|0.0.0.0:15027, s14|0.0.0.0:15029, s0|0.0.0.0:15015, s1|0.0.0.0:15016, s2|0.0.0.0:15017]|listeners:[], old=null}
2024-10-16 23:57:32,268 DEBUG server.RaftServer$Division (RaftServerImpl.java:logAppendEntries(1549)) - s6@group-676CD6864C30: appendEntries* reply s5<-s6#7073:OK-t1,SUCCESS,nextIndex=132,followerCommit=129,matchIndex=131
2024-10-16 23:57:32,268 DEBUG server.RaftServer$Division (RaftServerImpl.java:logAppendEntries(1549)) - s11@group-676CD6864C30: appendEntries* reply s5<-s11#7069:OK-t1,SUCCESS,nextIndex=132,followerCommit=129,matchIndex=131
2024-10-16 23:57:32,268 TRACE util.FileUtils (LogUtils.java:supplyAndLog(69)) - Successfully supplied FileChannel.open /home/runner/work/ratis/ratis/ratis-examples/target/test/data/6cc99a4c/MiniRaftClusterWithNettyeee6e424/s11/4c4f035b-aa8d-4293-9e7b-676cd6864c30/current/raft-meta.conf.tmp with options [CREATE, WRITE]: sun.nio.ch.FileChannelImpl@6fdb1d05
2024-10-16 23:57:32,269 DEBUG server.RaftServer$Division (RaftServerImpl.java:logAppendEntries(1549)) - s0@group-676CD6864C30: appendEntries* reply s5<-s0#7070:OK-t1,SUCCESS,nextIndex=132,followerCommit=129,matchIndex=131
2024-10-16 23:57:32,269 TRACE util.FileUtils (LogUtils.java:supplyAndLog(69)) - Successfully supplied FileChannel.open /home/runner/work/ratis/ratis/ratis-examples/target/test/data/6cc99a4c/MiniRaftClusterWithNettyeee6e424/s6/4c4f035b-aa8d-4293-9e7b-676cd6864c30/current/raft-meta.conf.tmp with options [CREATE, WRITE]: sun.nio.ch.FileChannelImpl@325d966a
2024-10-16 23:57:32,269 TRACE util.FileUtils (LogUtils.java:supplyAndLog(69)) - Successfully supplied FileChannel.open /home/runner/work/ratis/ratis/ratis-examples/target/test/data/6cc99a4c/MiniRaftClusterWithNettyeee6e424/s0/4c4f035b-aa8d-4293-9e7b-676cd6864c30/current/raft-meta.conf.tmp with options [CREATE, WRITE]: sun.nio.ch.FileChannelImpl@43ff713
2024-10-16 23:57:32,273 DEBUG server.RaftServer$Division (RaftServerImpl.java:logAppendEntries(1549)) - s4@group-676CD6864C30: appendEntries* reply s5<-s4#7072:OK-t1,SUCCESS,nextIndex=132,followerCommit=129,matchIndex=131
2024-10-16 23:57:32,273 DEBUG server.RaftServer$Division (RaftServerImpl.java:logAppendEntries(1549)) - s12@group-676CD6864C30: appendEntries* s5->s12#7074-t1,previous=(t:1, i:129),leaderCommit=129,initializing? false,entries: size=2, first=(t:1, i:130), METADATAENTRY(c:129)
2024-10-16 23:57:32,273 INFO  server.RaftServer$Division (ServerState.java:setRaftConf(386)) - s12@group-676CD6864C30: set configuration conf: {index: 131, cur=peers:[s3|0.0.0.0:15018, s4|0.0.0.0:15019, s5|0.0.0.0:15020, s6|0.0.0.0:15021, s7|0.0.0.0:15022, s8|0.0.0.0:15023, s9|0.0.0.0:15024, s11|0.0.0.0:15026, s10|0.0.0.0:15025, s13|0.0.0.0:15028, s12|0.0.0.0:15027, s14|0.0.0.0:15029, s0|0.0.0.0:15015, s1|0.0.0.0:15016, s2|0.0.0.0:15017]|listeners:[], old=null}
2024-10-16 23:57:32,273 TRACE util.FileUtils (LogUtils.java:supplyAndLog(69)) - Successfully supplied FileChannel.open /home/runner/work/ratis/ratis/ratis-examples/target/test/data/6cc99a4c/MiniRaftClusterWithNettyeee6e424/s4/4c4f035b-aa8d-4293-9e7b-676cd6864c30/current/raft-meta.conf.tmp with options [CREATE, WRITE]: sun.nio.ch.FileChannelImpl@5b915cf
2024-10-16 23:57:32,273 DEBUG server.RaftServer$Division (RaftServerImpl.java:logAppendEntries(1549)) - s12@group-676CD6864C30: appendEntries* reply s5<-s12#7074:OK-t1,SUCCESS,nextIndex=132,followerCommit=129,matchIndex=131
2024-10-16 23:57:32,273 TRACE util.FileUtils (LogUtils.java:supplyAndLog(69)) - Successfully supplied FileChannel.open /home/runner/work/ratis/ratis/ratis-examples/target/test/data/6cc99a4c/MiniRaftClusterWithNettyeee6e424/s12/4c4f035b-aa8d-4293-9e7b-676cd6864c30/current/raft-meta.conf.tmp with options [CREATE, WRITE]: sun.nio.ch.FileChannelImpl@461290d8
2024-10-16 23:57:32,273 TRACE util.FileUtils (LogUtils.java:runAndLog(49)) - Successfully ran Atomic Files.move /home/runner/work/ratis/ratis/ratis-examples/target/test/data/6cc99a4c/MiniRaftClusterWithNettyeee6e424/s14/4c4f035b-aa8d-4293-9e7b-676cd6864c30/current/raft-meta.conf.tmp to /home/runner/work/ratis/ratis/ratis-examples/target/test/data/6cc99a4c/MiniRaftClusterWithNettyeee6e424/s14/4c4f035b-aa8d-4293-9e7b-676cd6864c30/current/raft-meta.conf with options [REPLACE_EXISTING]
2024-10-16 23:57:32,275 TRACE util.FileUtils (LogUtils.java:supplyAndLog(69)) - Successfully supplied FileChannel.open /home/runner/work/ratis/ratis/ratis-examples/target/test/data/6cc99a4c/MiniRaftClusterWithNettyeee6e424/s14/4c4f035b-aa8d-4293-9e7b-676cd6864c30/current/raft-meta.conf.tmp with options [CREATE, WRITE]: sun.nio.ch.FileChannelImpl@157bffbd
2024-10-16 23:57:32,277 DEBUG server.RaftServer$Division (RaftServerImpl.java:logAppendEntries(1549)) - s13@group-676CD6864C30: appendEntries* s5->s13#7068-t1,previous=(t:1, i:129),leaderCommit=129,initializing? false,entries: size=2, first=(t:1, i:130), METADATAENTRY(c:129)
2024-10-16 23:57:32,277 INFO  server.RaftServer$Division (ServerState.java:setRaftConf(386)) - s13@group-676CD6864C30: set configuration conf: {index: 131, cur=peers:[s3|0.0.0.0:15018, s4|0.0.0.0:15019, s5|0.0.0.0:15020, s6|0.0.0.0:15021, s7|0.0.0.0:15022, s8|0.0.0.0:15023, s9|0.0.0.0:15024, s11|0.0.0.0:15026, s10|0.0.0.0:15025, s13|0.0.0.0:15028, s12|0.0.0.0:15027, s14|0.0.0.0:15029, s0|0.0.0.0:15015, s1|0.0.0.0:15016, s2|0.0.0.0:15017]|listeners:[], old=null}
2024-10-16 23:57:32,278 DEBUG server.RaftServer$Division (RaftServerImpl.java:logAppendEntries(1549)) - s1@group-676CD6864C30: appendEntries* s5->s1#7066-t1,previous=(t:1, i:129),leaderCommit=129,initializing? false,entries: size=1, first=(t:1, i:130), METADATAENTRY(c:129)
2024-10-16 23:57:32,278 DEBUG server.RaftServer$Division (RaftServerImpl.java:logAppendEntries(1549)) - s13@group-676CD6864C30: appendEntries* reply s5<-s13#7068:OK-t1,SUCCESS,nextIndex=132,followerCommit=129,matchIndex=131
2024-10-16 23:57:32,278 TRACE util.FileUtils (LogUtils.java:supplyAndLog(69)) - Successfully supplied FileChannel.open /home/runner/work/ratis/ratis/ratis-examples/target/test/data/6cc99a4c/MiniRaftClusterWithNettyeee6e424/s13/4c4f035b-aa8d-4293-9e7b-676cd6864c30/current/raft-meta.conf.tmp with options [CREATE, WRITE]: sun.nio.ch.FileChannelImpl@797fee57
2024-10-16 23:57:32,280 DEBUG server.RaftServer$Division (RaftServerImpl.java:logAppendEntries(1549)) - s1@group-676CD6864C30: appendEntries* reply s5<-s1#7066:OK-t1,SUCCESS,nextIndex=131,followerCommit=129,matchIndex=130
2024-10-16 23:57:32,280 DEBUG server.RaftServer$Division (RaftServerImpl.java:logAppendEntries(1549)) - s8@group-676CD6864C30: appendEntries* s5->s8#7071-t1,previous=(t:1, i:129),leaderCommit=129,initializing? false,entries: size=2, first=(t:1, i:130), METADATAENTRY(c:129)
2024-10-16 23:57:32,280 INFO  server.RaftServer$Division (ServerState.java:setRaftConf(386)) - s8@group-676CD6864C30: set configuration conf: {index: 131, cur=peers:[s3|0.0.0.0:15018, s4|0.0.0.0:15019, s5|0.0.0.0:15020, s6|0.0.0.0:15021, s7|0.0.0.0:15022, s8|0.0.0.0:15023, s9|0.0.0.0:15024, s11|0.0.0.0:15026, s10|0.0.0.0:15025, s13|0.0.0.0:15028, s12|0.0.0.0:15027, s14|0.0.0.0:15029, s0|0.0.0.0:15015, s1|0.0.0.0:15016, s2|0.0.0.0:15017]|listeners:[], old=null}
2024-10-16 23:57:32,280 DEBUG server.RaftServer$Division (RaftServerImpl.java:logAppendEntries(1549)) - s3@group-676CD6864C30: appendEntries* reply s5<-s3#7050:OK-t1,SUCCESS,nextIndex=129,followerCommit=128,matchIndex=128
2024-10-16 23:57:32,280 INFO  server.RaftServer$Division (ServerState.java:setRaftConf(386)) - s14@group-676CD6864C30: set configuration conf: {index: 129, cur=peers:[s3|0.0.0.0:15018, s4|0.0.0.0:15019, s5|0.0.0.0:15020, s6|0.0.0.0:15021, s7|0.0.0.0:15022, s8|0.0.0.0:15023, s9|0.0.0.0:15024, s11|0.0.0.0:15026, s10|0.0.0.0:15025, s13|0.0.0.0:15028, s12|0.0.0.0:15027, s14|0.0.0.0:15029, s0|0.0.0.0:15015, s1|0.0.0.0:15016, s2|0.0.0.0:15017]|listeners:[], old=peers:[s4|0.0.0.0:15019, s5|0.0.0.0:15020, s11|0.0.0.0:15026, s6|0.0.0.0:15021, s10|0.0.0.0:15025, s13|0.0.0.0:15028, s12|0.0.0.0:15027, s0|0.0.0.0:15015, s1|0.0.0.0:15016]|listeners:[]}
2024-10-16 23:57:32,281 DEBUG server.RaftServer$Division (RaftServerImpl.java:logAppendEntries(1549)) - s10@group-676CD6864C30: appendEntries* s5->s10#7067-t1,previous=(t:1, i:129),leaderCommit=129,initializing? false,entries: size=1, first=(t:1, i:130), METADATAENTRY(c:129)
2024-10-16 23:57:32,282 DEBUG server.RaftServer$Division (RaftServerImpl.java:logAppendEntries(1549)) - s3@group-676CD6864C30: appendEntries* s5->s3#7075-t1,previous=(t:1, i:128),leaderCommit=129,initializing? false,entries: size=3, first=(t:1, i:129), CONFIGURATIONENTRY(current:id:"s3"address:"0.0.0.0:15018"clientAddress:"0.0.0.0:15018"adminAddress:"0.0.0.0:15018"startupRole:FOLLOWER, id:"s4"address:"0.0.0.0:15019"clientAddress:"0.0.0.0:15019"adminAddress:"0.0.0.0:15019"startupRole:FOLLOWER, id:"s5"address:"0.0.0.0:15020"clientAddress:"0.0.0.0:15020"adminAddress:"0.0.0.0:15020"startupRole:FOLLOWER, id:"s6"address:"0.0.0.0:15021"clientAddress:"0.0.0.0:15021"adminAddress:"0.0.0.0:15021"startupRole:FOLLOWER, id:"s7"address:"0.0.0.0:15022"clientAddress:"0.0.0.0:15022"adminAddress:"0.0.0.0:15022"startupRole:FOLLOWER, id:"s8"address:"0.0.0.0:15023"clientAddress:"0.0.0.0:15023"adminAddress:"0.0.0.0:15023"startupRole:FOLLOWER, id:"s9"address:"0.0.0.0:15024"clientAddress:"0.0.0.0:15024"adminAddress:"0.0.0.0:15024"startupRole:FOLLOWER, id:"s11"address:"0.0.0.0:15026"clientAddress:"0.0.0.0:15026"adminAddress:"0.0.0.0:15026"startupRole:FOLLOWER, id:"s10"address:"0.0.0.0:15025"clientAddress:"0.0.0.0:15025"adminAddress:"0.0.0.0:15025"startupRole:FOLLOWER, id:"s13"address:"0.0.0.0:15028"clientAddress:"0.0.0.0:15028"adminAddress:"0.0.0.0:15028"startupRole:FOLLOWER, id:"s12"address:"0.0.0.0:15027"clientAddress:"0.0.0.0:15027"adminAddress:"0.0.0.0:15027"startupRole:FOLLOWER, id:"s14"address:"0.0.0.0:15029"clientAddress:"0.0.0.0:15029"adminAddress:"0.0.0.0:15029"startupRole:FOLLOWER, id:"s0"address:"0.0.0.0:15015"clientAddress:"0.0.0.0:15015"adminAddress:"0.0.0.0:15015"startupRole:FOLLOWER, id:"s1"address:"0.0.0.0:15016"clientAddress:"0.0.0.0:15016"adminAddress:"0.0.0.0:15016"startupRole:FOLLOWER, id:"s2"address:"0.0.0.0:15017"clientAddress:"0.0.0.0:15017"adminAddress:"0.0.0.0:15017"startupRole:FOLLOWER, old:id:"s4"address:"0.0.0.0:15019"clientAddress:"0.0.0.0:15019"adminAddress:"0.0.0.0:15019"startupRole:FOLLOWER, id:"s5"address:"0.0.0.0:15020"clientAddress:"0.0.0.0:15020"adminAddress:"0.0.0.0:15020"startupRole:FOLLOWER, id:"s11"address:"0.0.0.0:15026"clientAddress:"0.0.0.0:15026"adminAddress:"0.0.0.0:15026"startupRole:FOLLOWER, id:"s6"address:"0.0.0.0:15021"clientAddress:"0.0.0.0:15021"adminAddress:"0.0.0.0:15021"startupRole:FOLLOWER, id:"s10"address:"0.0.0.0:15025"clientAddress:"0.0.0.0:15025"adminAddress:"0.0.0.0:15025"startupRole:FOLLOWER, id:"s13"address:"0.0.0.0:15028"clientAddress:"0.0.0.0:15028"adminAddress:"0.0.0.0:15028"startupRole:FOLLOWER, id:"s12"address:"0.0.0.0:15027"clientAddress:"0.0.0.0:15027"adminAddress:"0.0.0.0:15027"startupRole:FOLLOWER, id:"s0"address:"0.0.0.0:15015"clientAddress:"0.0.0.0:15015"adminAddress:"0.0.0.0:15015"startupRole:FOLLOWER, id:"s1"address:"0.0.0.0:15016"clientAddress:"0.0.0.0:15016"adminAddress:"0.0.0.0:15016"startupRole:FOLLOWER)
2024-10-16 23:57:32,282 INFO  impl.RoleInfo (RoleInfo.java:updateAndGet(148)) - s3: start s3@group-676CD6864C30-FollowerState
2024-10-16 23:57:32,282 DEBUG server.RaftServer$Division (RaftServerImpl.java:logAppendEntries(1549)) - s1@group-676CD6864C30: appendEntries* s5->s1#7076-t1,previous=(t:1, i:130),leaderCommit=129,initializing? false,entries: size=1, first=(t:1, i:131), CONFIGURATIONENTRY(current:id:"s3"address:"0.0.0.0:15018"clientAddress:"0.0.0.0:15018"adminAddress:"0.0.0.0:15018"startupRole:FOLLOWER, id:"s4"address:"0.0.0.0:15019"clientAddress:"0.0.0.0:15019"adminAddress:"0.0.0.0:15019"startupRole:FOLLOWER, id:"s5"address:"0.0.0.0:15020"clientAddress:"0.0.0.0:15020"adminAddress:"0.0.0.0:15020"startupRole:FOLLOWER, id:"s6"address:"0.0.0.0:15021"clientAddress:"0.0.0.0:15021"adminAddress:"0.0.0.0:15021"startupRole:FOLLOWER, id:"s7"address:"0.0.0.0:15022"clientAddress:"0.0.0.0:15022"adminAddress:"0.0.0.0:15022"startupRole:FOLLOWER, id:"s8"address:"0.0.0.0:15023"clientAddress:"0.0.0.0:15023"adminAddress:"0.0.0.0:15023"startupRole:FOLLOWER, id:"s9"address:"0.0.0.0:15024"clientAddress:"0.0.0.0:15024"adminAddress:"0.0.0.0:15024"startupRole:FOLLOWER, id:"s11"address:"0.0.0.0:15026"clientAddress:"0.0.0.0:15026"adminAddress:"0.0.0.0:15026"startupRole:FOLLOWER, id:"s10"address:"0.0.0.0:15025"clientAddress:"0.0.0.0:15025"adminAddress:"0.0.0.0:15025"startupRole:FOLLOWER, id:"s13"address:"0.0.0.0:15028"clientAddress:"0.0.0.0:15028"adminAddress:"0.0.0.0:15028"startupRole:FOLLOWER, id:"s12"address:"0.0.0.0:15027"clientAddress:"0.0.0.0:15027"adminAddress:"0.0.0.0:15027"startupRole:FOLLOWER, id:"s14"address:"0.0.0.0:15029"clientAddress:"0.0.0.0:15029"adminAddress:"0.0.0.0:15029"startupRole:FOLLOWER, id:"s0"address:"0.0.0.0:15015"clientAddress:"0.0.0.0:15015"adminAddress:"0.0.0.0:15015"startupRole:FOLLOWER, id:"s1"address:"0.0.0.0:15016"clientAddress:"0.0.0.0:15016"adminAddress:"0.0.0.0:15016"startupRole:FOLLOWER, id:"s2"address:"0.0.0.0:15017"clientAddress:"0.0.0.0:15017"adminAddress:"0.0.0.0:15017"startupRole:FOLLOWER, old:)
2024-10-16 23:57:32,283 INFO  server.RaftServer$Division (ServerState.java:setRaftConf(386)) - s1@group-676CD6864C30: set configuration conf: {index: 131, cur=peers:[s3|0.0.0.0:15018, s4|0.0.0.0:15019, s5|0.0.0.0:15020, s6|0.0.0.0:15021, s7|0.0.0.0:15022, s8|0.0.0.0:15023, s9|0.0.0.0:15024, s11|0.0.0.0:15026, s10|0.0.0.0:15025, s13|0.0.0.0:15028, s12|0.0.0.0:15027, s14|0.0.0.0:15029, s0|0.0.0.0:15015, s1|0.0.0.0:15016, s2|0.0.0.0:15017]|listeners:[], old=null}
2024-10-16 23:57:32,283 TRACE util.FileUtils (LogUtils.java:supplyAndLog(69)) - Successfully supplied FileChannel.open /home/runner/work/ratis/ratis/ratis-examples/target/test/data/6cc99a4c/MiniRaftClusterWithNettyeee6e424/s1/4c4f035b-aa8d-4293-9e7b-676cd6864c30/current/raft-meta.conf.tmp with options [CREATE, WRITE]: sun.nio.ch.FileChannelImpl@1ff88393
2024-10-16 23:57:32,283 TRACE util.FileUtils (LogUtils.java:supplyAndLog(69)) - Successfully supplied FileChannel.open /home/runner/work/ratis/ratis/ratis-examples/target/test/data/6cc99a4c/MiniRaftClusterWithNettyeee6e424/s3/4c4f035b-aa8d-4293-9e7b-676cd6864c30/current/raft-meta.conf.tmp with options [CREATE, WRITE]: sun.nio.ch.FileChannelImpl@2c3cd66f
2024-10-16 23:57:32,284 TRACE util.FileUtils (LogUtils.java:runAndLog(49)) - Successfully ran Atomic Files.move /home/runner/work/ratis/ratis/ratis-examples/target/test/data/6cc99a4c/MiniRaftClusterWithNettyeee6e424/s14/4c4f035b-aa8d-4293-9e7b-676cd6864c30/current/raft-meta.conf.tmp to /home/runner/work/ratis/ratis/ratis-examples/target/test/data/6cc99a4c/MiniRaftClusterWithNettyeee6e424/s14/4c4f035b-aa8d-4293-9e7b-676cd6864c30/current/raft-meta.conf with options [REPLACE_EXISTING]
2024-10-16 23:57:32,284 TRACE util.FileUtils (LogUtils.java:supplyAndLog(69)) - Successfully supplied FileChannel.open /home/runner/work/ratis/ratis/ratis-examples/target/test/data/6cc99a4c/MiniRaftClusterWithNettyeee6e424/s14/4c4f035b-aa8d-4293-9e7b-676cd6864c30/current/raft-meta.conf.tmp with options [CREATE, WRITE]: sun.nio.ch.FileChannelImpl@114479ca
2024-10-16 23:57:32,285 TRACE util.FileUtils (LogUtils.java:runAndLog(49)) - Successfully ran Atomic Files.move /home/runner/work/ratis/ratis/ratis-examples/target/test/data/6cc99a4c/MiniRaftClusterWithNettyeee6e424/s0/4c4f035b-aa8d-4293-9e7b-676cd6864c30/current/raft-meta.conf.tmp to /home/runner/work/ratis/ratis/ratis-examples/target/test/data/6cc99a4c/MiniRaftClusterWithNettyeee6e424/s0/4c4f035b-aa8d-4293-9e7b-676cd6864c30/current/raft-meta.conf with options [REPLACE_EXISTING]
2024-10-16 23:57:32,286 INFO  segmented.SegmentedRaftLogWorker (SegmentedRaftLogWorker.java:execute(663)) - s7@group-676CD6864C30-SegmentedRaftLogWorker: created new log segment /home/runner/work/ratis/ratis/ratis-examples/target/test/data/6cc99a4c/MiniRaftClusterWithNettyeee6e424/s7/4c4f035b-aa8d-4293-9e7b-676cd6864c30/current/log_inprogress_0
2024-10-16 23:57:32,287 DEBUG server.RaftServer$Division (RaftServerImpl.java:logAppendEntries(1549)) - s10@group-676CD6864C30: appendEntries* reply s5<-s10#7067:OK-t1,SUCCESS,nextIndex=131,followerCommit=129,matchIndex=130
2024-10-16 23:57:32,287 TRACE util.FileUtils (LogUtils.java:supplyAndLog(69)) - Successfully supplied FileChannel.open /home/runner/work/ratis/ratis/ratis-examples/target/test/data/6cc99a4c/MiniRaftClusterWithNettyeee6e424/s10/4c4f035b-aa8d-4293-9e7b-676cd6864c30/current/raft-meta.conf.tmp with options [CREATE, WRITE]: sun.nio.ch.FileChannelImpl@28e9d9e5
2024-10-16 23:57:32,288 DEBUG server.RaftServer$Division (RaftServerImpl.java:logAppendEntries(1549)) - s8@group-676CD6864C30: appendEntries* reply s5<-s8#7071:OK-t1,SUCCESS,nextIndex=132,followerCommit=129,matchIndex=131
2024-10-16 23:57:32,288 DEBUG server.RaftServer$Division (RaftServerImpl.java:logAppendEntries(1549)) - s1@group-676CD6864C30: appendEntries* reply s5<-s1#7076:OK-t1,SUCCESS,nextIndex=132,followerCommit=129,matchIndex=131
2024-10-16 23:57:32,288 DEBUG server.RaftServer$Division (RaftServerImpl.java:logAppendEntries(1549)) - s14@group-676CD6864C30: appendEntries* reply s5<-s14#7065:OK-t1,SUCCESS,nextIndex=130,followerCommit=128,matchIndex=129
2024-10-16 23:57:32,289 DEBUG server.RaftServer$Division (RaftServerImpl.java:logAppendEntries(1549)) - s14@group-676CD6864C30: appendEntries* s5->s14#7077-t1,previous=(t:1, i:129),leaderCommit=130,initializing? false,entries: size=2, first=(t:1, i:130), METADATAENTRY(c:129)
2024-10-16 23:57:32,289 INFO  server.RaftServer$Division (ServerState.java:setRaftConf(386)) - s14@group-676CD6864C30: set configuration conf: {index: 131, cur=peers:[s3|0.0.0.0:15018, s4|0.0.0.0:15019, s5|0.0.0.0:15020, s6|0.0.0.0:15021, s7|0.0.0.0:15022, s8|0.0.0.0:15023, s9|0.0.0.0:15024, s11|0.0.0.0:15026, s10|0.0.0.0:15025, s13|0.0.0.0:15028, s12|0.0.0.0:15027, s14|0.0.0.0:15029, s0|0.0.0.0:15015, s1|0.0.0.0:15016, s2|0.0.0.0:15017]|listeners:[], old=null}
2024-10-16 23:57:32,290 DEBUG server.RaftServer$Division (RaftServerImpl.java:logAppendEntries(1549)) - s14@group-676CD6864C30: appendEntries* reply s5<-s14#7077:OK-t1,SUCCESS,nextIndex=132,followerCommit=130,matchIndex=131
2024-10-16 23:57:32,291 DEBUG server.RaftServer$Division (RaftServerImpl.java:logAppendEntries(1549)) - s4@group-676CD6864C30: appendEntries* s5->s4#7079-t1,previous=(t:1, i:131),leaderCommit=131,initializing? false,entries: size=1, first=(t:1, i:132), METADATAENTRY(c:131)
2024-10-16 23:57:32,291 DEBUG server.RaftServer$Division (RaftServerImpl.java:logAppendEntries(1549)) - s4@group-676CD6864C30: appendEntries* reply s5<-s4#7079:OK-t1,SUCCESS,nextIndex=133,followerCommit=131,matchIndex=132
2024-10-16 23:57:32,291 DEBUG server.RaftServer$Division (RaftServerImpl.java:logAppendEntries(1549)) - s6@group-676CD6864C30: appendEntries* s5->s6#7080-t1,previous=(t:1, i:131),leaderCommit=131,initializing? false,entries: size=1, first=(t:1, i:132), METADATAENTRY(c:131)
2024-10-16 23:57:32,292 TRACE util.FileUtils (LogUtils.java:runAndLog(49)) - Successfully ran Atomic Files.move /home/runner/work/ratis/ratis/ratis-examples/target/test/data/6cc99a4c/MiniRaftClusterWithNettyeee6e424/s3/4c4f035b-aa8d-4293-9e7b-676cd6864c30/current/raft-meta.conf.tmp to /home/runner/work/ratis/ratis/ratis-examples/target/test/data/6cc99a4c/MiniRaftClusterWithNettyeee6e424/s3/4c4f035b-aa8d-4293-9e7b-676cd6864c30/current/raft-meta.conf with options [REPLACE_EXISTING]
2024-10-16 23:57:32,292 DEBUG server.RaftServer$Division (RaftServerImpl.java:logAppendEntries(1549)) - s0@group-676CD6864C30: appendEntries* s5->s0#7085-t1,previous=(t:1, i:131),leaderCommit=131,initializing? false,entries: size=1, first=(t:1, i:132), METADATAENTRY(c:131)
2024-10-16 23:57:32,292 DEBUG server.RaftServer$Division (RaftServerImpl.java:logAppendEntries(1549)) - s12@group-676CD6864C30: appendEntries* s5->s12#7084-t1,previous=(t:1, i:131),leaderCommit=131,initializing? false,entries: size=1, first=(t:1, i:132), METADATAENTRY(c:131)
2024-10-16 23:57:32,293 INFO  server.RaftServer$Division (ServerState.java:setRaftConf(386)) - s3@group-676CD6864C30: set configuration conf: {index: 129, cur=peers:[s3|0.0.0.0:15018, s4|0.0.0.0:15019, s5|0.0.0.0:15020, s6|0.0.0.0:15021, s7|0.0.0.0:15022, s8|0.0.0.0:15023, s9|0.0.0.0:15024, s11|0.0.0.0:15026, s10|0.0.0.0:15025, s13|0.0.0.0:15028, s12|0.0.0.0:15027, s14|0.0.0.0:15029, s0|0.0.0.0:15015, s1|0.0.0.0:15016, s2|0.0.0.0:15017]|listeners:[], old=peers:[s4|0.0.0.0:15019, s5|0.0.0.0:15020, s11|0.0.0.0:15026, s6|0.0.0.0:15021, s10|0.0.0.0:15025, s13|0.0.0.0:15028, s12|0.0.0.0:15027, s0|0.0.0.0:15015, s1|0.0.0.0:15016]|listeners:[]}
2024-10-16 23:57:32,293 INFO  server.RaftServer$Division (ServerState.java:setRaftConf(386)) - s3@group-676CD6864C30: set configuration conf: {index: 131, cur=peers:[s3|0.0.0.0:15018, s4|0.0.0.0:15019, s5|0.0.0.0:15020, s6|0.0.0.0:15021, s7|0.0.0.0:15022, s8|0.0.0.0:15023, s9|0.0.0.0:15024, s11|0.0.0.0:15026, s10|0.0.0.0:15025, s13|0.0.0.0:15028, s12|0.0.0.0:15027, s14|0.0.0.0:15029, s0|0.0.0.0:15015, s1|0.0.0.0:15016, s2|0.0.0.0:15017]|listeners:[], old=null}
2024-10-16 23:57:32,293 TRACE util.FileUtils (LogUtils.java:supplyAndLog(69)) - Successfully supplied FileChannel.open /home/runner/work/ratis/ratis/ratis-examples/target/test/data/6cc99a4c/MiniRaftClusterWithNettyeee6e424/s3/4c4f035b-aa8d-4293-9e7b-676cd6864c30/current/raft-meta.conf.tmp with options [CREATE, WRITE]: sun.nio.ch.FileChannelImpl@22fb3d98
2024-10-16 23:57:32,293 DEBUG server.RaftServer$Division (RaftServerImpl.java:logAppendEntries(1549)) - s14@group-676CD6864C30: appendEntries* s5->s14#7081-t1,previous=(t:1, i:131),leaderCommit=131,initializing? false,entries: size=1, first=(t:1, i:132), METADATAENTRY(c:131)
2024-10-16 23:57:32,293 DEBUG server.RaftServer$Division (RaftServerImpl.java:logAppendEntries(1549)) - s3@group-676CD6864C30: appendEntries* reply s5<-s3#7075:OK-t1,SUCCESS,nextIndex=132,followerCommit=129,matchIndex=131
2024-10-16 23:57:32,293 DEBUG server.RaftServer$Division (RaftServerImpl.java:logAppendEntries(1549)) - s14@group-676CD6864C30: appendEntries* reply s5<-s14#7081:OK-t1,SUCCESS,nextIndex=133,followerCommit=131,matchIndex=132
2024-10-16 23:57:32,294 DEBUG server.RaftServer$Division (RaftServerImpl.java:logAppendEntries(1549)) - s3@group-676CD6864C30: appendEntries* s5->s3#7086-t1,previous=(t:1, i:131),leaderCommit=131,initializing? false,entries: size=1, first=(t:1, i:132), METADATAENTRY(c:131)
2024-10-16 23:57:32,293 DEBUG server.RaftServer$Division (RaftServerImpl.java:logAppendEntries(1549)) - s10@group-676CD6864C30: appendEntries* s5->s10#7078-t1,previous=(t:1, i:130),leaderCommit=130,initializing? false,entries: size=1, first=(t:1, i:131), CONFIGURATIONENTRY(current:id:"s3"address:"0.0.0.0:15018"clientAddress:"0.0.0.0:15018"adminAddress:"0.0.0.0:15018"startupRole:FOLLOWER, id:"s4"address:"0.0.0.0:15019"clientAddress:"0.0.0.0:15019"adminAddress:"0.0.0.0:15019"startupRole:FOLLOWER, id:"s5"address:"0.0.0.0:15020"clientAddress:"0.0.0.0:15020"adminAddress:"0.0.0.0:15020"startupRole:FOLLOWER, id:"s6"address:"0.0.0.0:15021"clientAddress:"0.0.0.0:15021"adminAddress:"0.0.0.0:15021"startupRole:FOLLOWER, id:"s7"address:"0.0.0.0:15022"clientAddress:"0.0.0.0:15022"adminAddress:"0.0.0.0:15022"startupRole:FOLLOWER, id:"s8"address:"0.0.0.0:15023"clientAddress:"0.0.0.0:15023"adminAddress:"0.0.0.0:15023"startupRole:FOLLOWER, id:"s9"address:"0.0.0.0:15024"clientAddress:"0.0.0.0:15024"adminAddress:"0.0.0.0:15024"startupRole:FOLLOWER, id:"s11"address:"0.0.0.0:15026"clientAddress:"0.0.0.0:15026"adminAddress:"0.0.0.0:15026"startupRole:FOLLOWER, id:"s10"address:"0.0.0.0:15025"clientAddress:"0.0.0.0:15025"adminAddress:"0.0.0.0:15025"startupRole:FOLLOWER, id:"s13"address:"0.0.0.0:15028"clientAddress:"0.0.0.0:15028"adminAddress:"0.0.0.0:15028"startupRole:FOLLOWER, id:"s12"address:"0.0.0.0:15027"clientAddress:"0.0.0.0:15027"adminAddress:"0.0.0.0:15027"startupRole:FOLLOWER, id:"s14"address:"0.0.0.0:15029"clientAddress:"0.0.0.0:15029"adminAddress:"0.0.0.0:15029"startupRole:FOLLOWER, id:"s0"address:"0.0.0.0:15015"clientAddress:"0.0.0.0:15015"adminAddress:"0.0.0.0:15015"startupRole:FOLLOWER, id:"s1"address:"0.0.0.0:15016"clientAddress:"0.0.0.0:15016"adminAddress:"0.0.0.0:15016"startupRole:FOLLOWER, id:"s2"address:"0.0.0.0:15017"clientAddress:"0.0.0.0:15017"adminAddress:"0.0.0.0:15017"startupRole:FOLLOWER, old:)
2024-10-16 23:57:32,294 INFO  server.RaftServer$Division (ServerState.java:setRaftConf(386)) - s10@group-676CD6864C30: set configuration conf: {index: 131, cur=peers:[s3|0.0.0.0:15018, s4|0.0.0.0:15019, s5|0.0.0.0:15020, s6|0.0.0.0:15021, s7|0.0.0.0:15022, s8|0.0.0.0:15023, s9|0.0.0.0:15024, s11|0.0.0.0:15026, s10|0.0.0.0:15025, s13|0.0.0.0:15028, s12|0.0.0.0:15027, s14|0.0.0.0:15029, s0|0.0.0.0:15015, s1|0.0.0.0:15016, s2|0.0.0.0:15017]|listeners:[], old=null}
2024-10-16 23:57:32,295 DEBUG server.RaftServer$Division (RaftServerImpl.java:logAppendEntries(1549)) - s10@group-676CD6864C30: appendEntries* reply s5<-s10#7078:OK-t1,SUCCESS,nextIndex=132,followerCommit=130,matchIndex=131
2024-10-16 23:57:32,295 DEBUG server.RaftServer$Division (RaftServerImpl.java:logAppendEntries(1549)) - s0@group-676CD6864C30: appendEntries* reply s5<-s0#7085:OK-t1,SUCCESS,nextIndex=133,followerCommit=131,matchIndex=132
2024-10-16 23:57:32,295 DEBUG server.RaftServer$Division (RaftServerImpl.java:logAppendEntries(1549)) - s12@group-676CD6864C30: appendEntries* reply s5<-s12#7084:OK-t1,SUCCESS,nextIndex=133,followerCommit=131,matchIndex=132
2024-10-16 23:57:32,295 DEBUG server.RaftServer$Division (RaftServerImpl.java:logAppendEntries(1549)) - s6@group-676CD6864C30: appendEntries* reply s5<-s6#7080:OK-t1,SUCCESS,nextIndex=133,followerCommit=131,matchIndex=132
2024-10-16 23:57:32,295 DEBUG server.RaftServer$Division (RaftServerImpl.java:logAppendEntries(1549)) - s10@group-676CD6864C30: appendEntries* s5->s10#7087-t1,previous=(t:1, i:131),leaderCommit=131,initializing? false,entries: size=1, first=(t:1, i:132), METADATAENTRY(c:131)
2024-10-16 23:57:32,295 DEBUG server.RaftServer$Division (RaftServerImpl.java:logAppendEntries(1549)) - s3@group-676CD6864C30: appendEntries* reply s5<-s3#7086:OK-t1,SUCCESS,nextIndex=133,followerCommit=131,matchIndex=132
2024-10-16 23:57:32,296 DEBUG server.RaftServer$Division (RaftServerImpl.java:logAppendEntries(1549)) - s10@group-676CD6864C30: appendEntries* reply s5<-s10#7087:OK-t1,SUCCESS,nextIndex=133,followerCommit=131,matchIndex=132
2024-10-16 23:57:32,296 TRACE util.FileUtils (LogUtils.java:runAndLog(49)) - Successfully ran Atomic Files.move /home/runner/work/ratis/ratis/ratis-examples/target/test/data/6cc99a4c/MiniRaftClusterWithNettyeee6e424/s8/4c4f035b-aa8d-4293-9e7b-676cd6864c30/current/raft-meta.conf.tmp to /home/runner/work/ratis/ratis/ratis-examples/target/test/data/6cc99a4c/MiniRaftClusterWithNettyeee6e424/s8/4c4f035b-aa8d-4293-9e7b-676cd6864c30/current/raft-meta.conf with options [REPLACE_EXISTING]
2024-10-16 23:57:32,296 TRACE util.FileUtils (LogUtils.java:supplyAndLog(69)) - Successfully supplied FileChannel.open /home/runner/work/ratis/ratis/ratis-examples/target/test/data/6cc99a4c/MiniRaftClusterWithNettyeee6e424/s8/4c4f035b-aa8d-4293-9e7b-676cd6864c30/current/raft-meta.conf.tmp with options [CREATE, WRITE]: sun.nio.ch.FileChannelImpl@32ed40bf
2024-10-16 23:57:32,297 DEBUG server.RaftServer$Division (RaftServerImpl.java:logAppendEntries(1549)) - s13@group-676CD6864C30: appendEntries* s5->s13#7083-t1,previous=(t:1, i:131),leaderCommit=131,initializing? false,entries: size=1, first=(t:1, i:132), METADATAENTRY(c:131)
2024-10-16 23:57:32,298 DEBUG server.RaftServer$Division (RaftServerImpl.java:logAppendEntries(1549)) - s13@group-676CD6864C30: appendEntries* reply s5<-s13#7083:OK-t1,SUCCESS,nextIndex=133,followerCommit=131,matchIndex=132
2024-10-16 23:57:32,298 DEBUG server.RaftServer$Division (RaftServerImpl.java:logAppendEntries(1549)) - s8@group-676CD6864C30: appendEntries* s5->s8#7088-t1,previous=(t:1, i:131),leaderCommit=132,initializing? false,entries: size=1, first=(t:1, i:132), METADATAENTRY(c:131)
2024-10-16 23:57:32,299 DEBUG server.RaftServer$Division (RaftServerImpl.java:logAppendEntries(1549)) - s8@group-676CD6864C30: appendEntries* reply s5<-s8#7088:OK-t1,SUCCESS,nextIndex=133,followerCommit=132,matchIndex=132
2024-10-16 23:57:32,293 DEBUG server.RaftServer$Division (RaftServerImpl.java:logAppendEntries(1549)) - s11@group-676CD6864C30: appendEntries* s5->s11#7082-t1,previous=(t:1, i:131),leaderCommit=131,initializing? false,entries: size=1, first=(t:1, i:132), METADATAENTRY(c:131)
2024-10-16 23:57:32,299 TRACE util.FileUtils (LogUtils.java:runAndLog(49)) - Successfully ran Atomic Files.move /home/runner/work/ratis/ratis/ratis-examples/target/test/data/6cc99a4c/MiniRaftClusterWithNettyeee6e424/s11/4c4f035b-aa8d-4293-9e7b-676cd6864c30/current/raft-meta.conf.tmp to /home/runner/work/ratis/ratis/ratis-examples/target/test/data/6cc99a4c/MiniRaftClusterWithNettyeee6e424/s11/4c4f035b-aa8d-4293-9e7b-676cd6864c30/current/raft-meta.conf with options [REPLACE_EXISTING]
2024-10-16 23:57:32,299 TRACE util.FileUtils (LogUtils.java:runAndLog(49)) - Successfully ran Atomic Files.move /home/runner/work/ratis/ratis/ratis-examples/target/test/data/6cc99a4c/MiniRaftClusterWithNettyeee6e424/s14/4c4f035b-aa8d-4293-9e7b-676cd6864c30/current/raft-meta.conf.tmp to /home/runner/work/ratis/ratis/ratis-examples/target/test/data/6cc99a4c/MiniRaftClusterWithNettyeee6e424/s14/4c4f035b-aa8d-4293-9e7b-676cd6864c30/current/raft-meta.conf with options [REPLACE_EXISTING]
2024-10-16 23:57:32,299 TRACE util.FileUtils (LogUtils.java:supplyAndLog(69)) - Successfully supplied FileChannel.open /home/runner/work/ratis/ratis/ratis-examples/target/test/data/6cc99a4c/MiniRaftClusterWithNettyeee6e424/s14/4c4f035b-aa8d-4293-9e7b-676cd6864c30/current/raft-meta.conf.tmp with options [CREATE, WRITE]: sun.nio.ch.FileChannelImpl@5446f586
2024-10-16 23:57:32,300 DEBUG server.RaftServer$Division (RaftServerImpl.java:logAppendEntries(1549)) - s1@group-676CD6864C30: appendEntries* s5->s1#7089-t1,previous=(t:1, i:131),leaderCommit=132,initializing? false,entries: size=1, first=(t:1, i:132), METADATAENTRY(c:131)
2024-10-16 23:57:32,300 DEBUG server.RaftServer$Division (RaftServerImpl.java:logAppendEntries(1549)) - s11@group-676CD6864C30: appendEntries* reply s5<-s11#7082:OK-t1,SUCCESS,nextIndex=133,followerCommit=131,matchIndex=132
2024-10-16 23:57:32,301 TRACE util.FileUtils (LogUtils.java:supplyAndLog(69)) - Successfully supplied FileChannel.open /home/runner/work/ratis/ratis/ratis-examples/target/test/data/6cc99a4c/MiniRaftClusterWithNettyeee6e424/s11/4c4f035b-aa8d-4293-9e7b-676cd6864c30/current/raft-meta.conf.tmp with options [CREATE, WRITE]: sun.nio.ch.FileChannelImpl@1f176216
2024-10-16 23:57:32,302 DEBUG server.RaftServer$Division (RaftServerImpl.java:logAppendEntries(1549)) - s1@group-676CD6864C30: appendEntries* reply s5<-s1#7089:OK-t1,SUCCESS,nextIndex=133,followerCommit=132,matchIndex=132
2024-10-16 23:57:32,305 TRACE util.FileUtils (LogUtils.java:supplyAndLog(69)) - Successfully supplied FileChannel.open /home/runner/work/ratis/ratis/ratis-examples/target/test/data/6cc99a4c/MiniRaftClusterWithNettyeee6e424/s0/4c4f035b-aa8d-4293-9e7b-676cd6864c30/current/raft-meta.conf.tmp with options [CREATE, WRITE]: sun.nio.ch.FileChannelImpl@67b40254
2024-10-16 23:57:32,308 TRACE util.FileUtils (LogUtils.java:runAndLog(49)) - Successfully ran Atomic Files.move /home/runner/work/ratis/ratis/ratis-examples/target/test/data/6cc99a4c/MiniRaftClusterWithNettyeee6e424/s6/4c4f035b-aa8d-4293-9e7b-676cd6864c30/current/raft-meta.conf.tmp to /home/runner/work/ratis/ratis/ratis-examples/target/test/data/6cc99a4c/MiniRaftClusterWithNettyeee6e424/s6/4c4f035b-aa8d-4293-9e7b-676cd6864c30/current/raft-meta.conf with options [REPLACE_EXISTING]
2024-10-16 23:57:32,309 TRACE util.FileUtils (LogUtils.java:runAndLog(49)) - Successfully ran Atomic Files.move /home/runner/work/ratis/ratis/ratis-examples/target/test/data/6cc99a4c/MiniRaftClusterWithNettyeee6e424/s1/4c4f035b-aa8d-4293-9e7b-676cd6864c30/current/raft-meta.conf.tmp to /home/runner/work/ratis/ratis/ratis-examples/target/test/data/6cc99a4c/MiniRaftClusterWithNettyeee6e424/s1/4c4f035b-aa8d-4293-9e7b-676cd6864c30/current/raft-meta.conf with options [REPLACE_EXISTING]
2024-10-16 23:57:32,309 TRACE util.FileUtils (LogUtils.java:supplyAndLog(69)) - Successfully supplied FileChannel.open /home/runner/work/ratis/ratis/ratis-examples/target/test/data/6cc99a4c/MiniRaftClusterWithNettyeee6e424/s1/4c4f035b-aa8d-4293-9e7b-676cd6864c30/current/raft-meta.conf.tmp with options [CREATE, WRITE]: sun.nio.ch.FileChannelImpl@291f9bb
2024-10-16 23:57:32,309 TRACE util.FileUtils (LogUtils.java:runAndLog(49)) - Successfully ran Atomic Files.move /home/runner/work/ratis/ratis/ratis-examples/target/test/data/6cc99a4c/MiniRaftClusterWithNettyeee6e424/s8/4c4f035b-aa8d-4293-9e7b-676cd6864c30/current/raft-meta.conf.tmp to /home/runner/work/ratis/ratis/ratis-examples/target/test/data/6cc99a4c/MiniRaftClusterWithNettyeee6e424/s8/4c4f035b-aa8d-4293-9e7b-676cd6864c30/current/raft-meta.conf with options [REPLACE_EXISTING]
2024-10-16 23:57:32,309 TRACE util.FileUtils (LogUtils.java:supplyAndLog(69)) - Successfully supplied FileChannel.open /home/runner/work/ratis/ratis/ratis-examples/target/test/data/6cc99a4c/MiniRaftClusterWithNettyeee6e424/s8/4c4f035b-aa8d-4293-9e7b-676cd6864c30/current/raft-meta.conf.tmp with options [CREATE, WRITE]: sun.nio.ch.FileChannelImpl@77efd886
2024-10-16 23:57:32,311 INFO  segmented.SegmentedRaftLogWorker (SegmentedRaftLogWorker.java:execute(663)) - s9@group-676CD6864C30-SegmentedRaftLogWorker: created new log segment /home/runner/work/ratis/ratis/ratis-examples/target/test/data/6cc99a4c/MiniRaftClusterWithNettyeee6e424/s9/4c4f035b-aa8d-4293-9e7b-676cd6864c30/current/log_inprogress_0
2024-10-16 23:57:32,312 TRACE util.FileUtils (LogUtils.java:runAndLog(49)) - Successfully ran Atomic Files.move /home/runner/work/ratis/ratis/ratis-examples/target/test/data/6cc99a4c/MiniRaftClusterWithNettyeee6e424/s3/4c4f035b-aa8d-4293-9e7b-676cd6864c30/current/raft-meta.conf.tmp to /home/runner/work/ratis/ratis/ratis-examples/target/test/data/6cc99a4c/MiniRaftClusterWithNettyeee6e424/s3/4c4f035b-aa8d-4293-9e7b-676cd6864c30/current/raft-meta.conf with options [REPLACE_EXISTING]
2024-10-16 23:57:32,313 TRACE util.FileUtils (LogUtils.java:runAndLog(49)) - Successfully ran Atomic Files.move /home/runner/work/ratis/ratis/ratis-examples/target/test/data/6cc99a4c/MiniRaftClusterWithNettyeee6e424/s12/4c4f035b-aa8d-4293-9e7b-676cd6864c30/current/raft-meta.conf.tmp to /home/runner/work/ratis/ratis/ratis-examples/target/test/data/6cc99a4c/MiniRaftClusterWithNettyeee6e424/s12/4c4f035b-aa8d-4293-9e7b-676cd6864c30/current/raft-meta.conf with options [REPLACE_EXISTING]
2024-10-16 23:57:32,313 TRACE util.FileUtils (LogUtils.java:supplyAndLog(69)) - Successfully supplied FileChannel.open /home/runner/work/ratis/ratis/ratis-examples/target/test/data/6cc99a4c/MiniRaftClusterWithNettyeee6e424/s3/4c4f035b-aa8d-4293-9e7b-676cd6864c30/current/raft-meta.conf.tmp with options [CREATE, WRITE]: sun.nio.ch.FileChannelImpl@26c4bd1f
2024-10-16 23:57:32,314 TRACE util.FileUtils (LogUtils.java:supplyAndLog(69)) - Successfully supplied FileChannel.open /home/runner/work/ratis/ratis/ratis-examples/target/test/data/6cc99a4c/MiniRaftClusterWithNettyeee6e424/s12/4c4f035b-aa8d-4293-9e7b-676cd6864c30/current/raft-meta.conf.tmp with options [CREATE, WRITE]: sun.nio.ch.FileChannelImpl@1d1f41f3
2024-10-16 23:57:32,316 TRACE util.FileUtils (LogUtils.java:runAndLog(49)) - Successfully ran Atomic Files.move /home/runner/work/ratis/ratis/ratis-examples/target/test/data/6cc99a4c/MiniRaftClusterWithNettyeee6e424/s14/4c4f035b-aa8d-4293-9e7b-676cd6864c30/current/raft-meta.conf.tmp to /home/runner/work/ratis/ratis/ratis-examples/target/test/data/6cc99a4c/MiniRaftClusterWithNettyeee6e424/s14/4c4f035b-aa8d-4293-9e7b-676cd6864c30/current/raft-meta.conf with options [REPLACE_EXISTING]
2024-10-16 23:57:32,309 TRACE util.FileUtils (LogUtils.java:runAndLog(49)) - Successfully ran Atomic Files.move /home/runner/work/ratis/ratis/ratis-examples/target/test/data/6cc99a4c/MiniRaftClusterWithNettyeee6e424/s13/4c4f035b-aa8d-4293-9e7b-676cd6864c30/current/raft-meta.conf.tmp to /home/runner/work/ratis/ratis/ratis-examples/target/test/data/6cc99a4c/MiniRaftClusterWithNettyeee6e424/s13/4c4f035b-aa8d-4293-9e7b-676cd6864c30/current/raft-meta.conf with options [REPLACE_EXISTING]
2024-10-16 23:57:32,317 TRACE util.FileUtils (LogUtils.java:supplyAndLog(69)) - Successfully supplied FileChannel.open /home/runner/work/ratis/ratis/ratis-examples/target/test/data/6cc99a4c/MiniRaftClusterWithNettyeee6e424/s13/4c4f035b-aa8d-4293-9e7b-676cd6864c30/current/raft-meta.conf.tmp with options [CREATE, WRITE]: sun.nio.ch.FileChannelImpl@dae57ae
2024-10-16 23:57:32,317 TRACE util.FileUtils (LogUtils.java:supplyAndLog(69)) - Successfully supplied FileChannel.open /home/runner/work/ratis/ratis/ratis-examples/target/test/data/6cc99a4c/MiniRaftClusterWithNettyeee6e424/s14/4c4f035b-aa8d-4293-9e7b-676cd6864c30/current/raft-meta.conf.tmp with options [CREATE, WRITE]: sun.nio.ch.FileChannelImpl@2f141476
2024-10-16 23:57:32,308 TRACE util.FileUtils (LogUtils.java:runAndLog(49)) - Successfully ran Atomic Files.move /home/runner/work/ratis/ratis/ratis-examples/target/test/data/6cc99a4c/MiniRaftClusterWithNettyeee6e424/s4/4c4f035b-aa8d-4293-9e7b-676cd6864c30/current/raft-meta.conf.tmp to /home/runner/work/ratis/ratis/ratis-examples/target/test/data/6cc99a4c/MiniRaftClusterWithNettyeee6e424/s4/4c4f035b-aa8d-4293-9e7b-676cd6864c30/current/raft-meta.conf with options [REPLACE_EXISTING]
2024-10-16 23:57:32,319 TRACE util.FileUtils (LogUtils.java:runAndLog(49)) - Successfully ran Atomic Files.move /home/runner/work/ratis/ratis/ratis-examples/target/test/data/6cc99a4c/MiniRaftClusterWithNettyeee6e424/s3/4c4f035b-aa8d-4293-9e7b-676cd6864c30/current/raft-meta.conf.tmp to /home/runner/work/ratis/ratis/ratis-examples/target/test/data/6cc99a4c/MiniRaftClusterWithNettyeee6e424/s3/4c4f035b-aa8d-4293-9e7b-676cd6864c30/current/raft-meta.conf with options [REPLACE_EXISTING]
2024-10-16 23:57:32,320 TRACE util.FileUtils (LogUtils.java:supplyAndLog(69)) - Successfully supplied FileChannel.open /home/runner/work/ratis/ratis/ratis-examples/target/test/data/6cc99a4c/MiniRaftClusterWithNettyeee6e424/s4/4c4f035b-aa8d-4293-9e7b-676cd6864c30/current/raft-meta.conf.tmp with options [CREATE, WRITE]: sun.nio.ch.FileChannelImpl@5c2b5f3b
2024-10-16 23:57:32,320 TRACE util.FileUtils (LogUtils.java:runAndLog(49)) - Successfully ran Atomic Files.move /home/runner/work/ratis/ratis/ratis-examples/target/test/data/6cc99a4c/MiniRaftClusterWithNettyeee6e424/s8/4c4f035b-aa8d-4293-9e7b-676cd6864c30/current/raft-meta.conf.tmp to /home/runner/work/ratis/ratis/ratis-examples/target/test/data/6cc99a4c/MiniRaftClusterWithNettyeee6e424/s8/4c4f035b-aa8d-4293-9e7b-676cd6864c30/current/raft-meta.conf with options [REPLACE_EXISTING]
2024-10-16 23:57:32,320 TRACE util.FileUtils (LogUtils.java:supplyAndLog(69)) - Successfully supplied FileChannel.open /home/runner/work/ratis/ratis/ratis-examples/target/test/data/6cc99a4c/MiniRaftClusterWithNettyeee6e424/s8/4c4f035b-aa8d-4293-9e7b-676cd6864c30/current/raft-meta.conf.tmp with options [CREATE, WRITE]: sun.nio.ch.FileChannelImpl@6635dee7
2024-10-16 23:57:32,313 TRACE util.FileUtils (LogUtils.java:runAndLog(49)) - Successfully ran Atomic Files.move /home/runner/work/ratis/ratis/ratis-examples/target/test/data/6cc99a4c/MiniRaftClusterWithNettyeee6e424/s11/4c4f035b-aa8d-4293-9e7b-676cd6864c30/current/raft-meta.conf.tmp to /home/runner/work/ratis/ratis/ratis-examples/target/test/data/6cc99a4c/MiniRaftClusterWithNettyeee6e424/s11/4c4f035b-aa8d-4293-9e7b-676cd6864c30/current/raft-meta.conf with options [REPLACE_EXISTING]
2024-10-16 23:57:32,313 INFO  segmented.SegmentedRaftLogWorker (SegmentedRaftLogWorker.java:execute(663)) - s2@group-676CD6864C30-SegmentedRaftLogWorker: created new log segment /home/runner/work/ratis/ratis/ratis-examples/target/test/data/6cc99a4c/MiniRaftClusterWithNettyeee6e424/s2/4c4f035b-aa8d-4293-9e7b-676cd6864c30/current/log_inprogress_0
2024-10-16 23:57:32,313 TRACE util.FileUtils (LogUtils.java:runAndLog(49)) - Successfully ran Atomic Files.move /home/runner/work/ratis/ratis/ratis-examples/target/test/data/6cc99a4c/MiniRaftClusterWithNettyeee6e424/s5/4c4f035b-aa8d-4293-9e7b-676cd6864c30/current/raft-meta.conf.tmp to /home/runner/work/ratis/ratis/ratis-examples/target/test/data/6cc99a4c/MiniRaftClusterWithNettyeee6e424/s5/4c4f035b-aa8d-4293-9e7b-676cd6864c30/current/raft-meta.conf with options [REPLACE_EXISTING]
2024-10-16 23:57:32,322 TRACE util.FileUtils (LogUtils.java:runAndLog(49)) - Successfully ran Atomic Files.move /home/runner/work/ratis/ratis/ratis-examples/target/test/data/6cc99a4c/MiniRaftClusterWithNettyeee6e424/s1/4c4f035b-aa8d-4293-9e7b-676cd6864c30/current/raft-meta.conf.tmp to /home/runner/work/ratis/ratis/ratis-examples/target/test/data/6cc99a4c/MiniRaftClusterWithNettyeee6e424/s1/4c4f035b-aa8d-4293-9e7b-676cd6864c30/current/raft-meta.conf with options [REPLACE_EXISTING]
2024-10-16 23:57:32,309 TRACE util.FileUtils (LogUtils.java:supplyAndLog(69)) - Successfully supplied FileChannel.open /home/runner/work/ratis/ratis/ratis-examples/target/test/data/6cc99a4c/MiniRaftClusterWithNettyeee6e424/s6/4c4f035b-aa8d-4293-9e7b-676cd6864c30/current/raft-meta.conf.tmp with options [CREATE, WRITE]: sun.nio.ch.FileChannelImpl@473f9f96
2024-10-16 23:57:32,322 TRACE util.FileUtils (LogUtils.java:runAndLog(49)) - Successfully ran Atomic Files.move /home/runner/work/ratis/ratis/ratis-examples/target/test/data/6cc99a4c/MiniRaftClusterWithNettyeee6e424/s10/4c4f035b-aa8d-4293-9e7b-676cd6864c30/current/raft-meta.conf.tmp to /home/runner/work/ratis/ratis/ratis-examples/target/test/data/6cc99a4c/MiniRaftClusterWithNettyeee6e424/s10/4c4f035b-aa8d-4293-9e7b-676cd6864c30/current/raft-meta.conf with options [REPLACE_EXISTING]
2024-10-16 23:57:32,323 TRACE util.FileUtils (LogUtils.java:runAndLog(49)) - Successfully ran Atomic Files.move /home/runner/work/ratis/ratis/ratis-examples/target/test/data/6cc99a4c/MiniRaftClusterWithNettyeee6e424/s4/4c4f035b-aa8d-4293-9e7b-676cd6864c30/current/raft-meta.conf.tmp to /home/runner/work/ratis/ratis/ratis-examples/target/test/data/6cc99a4c/MiniRaftClusterWithNettyeee6e424/s4/4c4f035b-aa8d-4293-9e7b-676cd6864c30/current/raft-meta.conf with options [REPLACE_EXISTING]
2024-10-16 23:57:32,320 TRACE util.FileUtils (LogUtils.java:supplyAndLog(69)) - Successfully supplied FileChannel.open /home/runner/work/ratis/ratis/ratis-examples/target/test/data/6cc99a4c/MiniRaftClusterWithNettyeee6e424/s3/4c4f035b-aa8d-4293-9e7b-676cd6864c30/current/raft-meta.conf.tmp with options [CREATE, WRITE]: sun.nio.ch.FileChannelImpl@63c637a3
2024-10-16 23:57:32,326 TRACE util.FileUtils (LogUtils.java:runAndLog(49)) - Successfully ran Atomic Files.move /home/runner/work/ratis/ratis/ratis-examples/target/test/data/6cc99a4c/MiniRaftClusterWithNettyeee6e424/s6/4c4f035b-aa8d-4293-9e7b-676cd6864c30/current/raft-meta.conf.tmp to /home/runner/work/ratis/ratis/ratis-examples/target/test/data/6cc99a4c/MiniRaftClusterWithNettyeee6e424/s6/4c4f035b-aa8d-4293-9e7b-676cd6864c30/current/raft-meta.conf with options [REPLACE_EXISTING]
2024-10-16 23:57:32,325 TRACE util.FileUtils (LogUtils.java:supplyAndLog(69)) - Successfully supplied FileChannel.open /home/runner/work/ratis/ratis/ratis-examples/target/test/data/6cc99a4c/MiniRaftClusterWithNettyeee6e424/s10/4c4f035b-aa8d-4293-9e7b-676cd6864c30/current/raft-meta.conf.tmp with options [CREATE, WRITE]: sun.nio.ch.FileChannelImpl@30486dc3
2024-10-16 23:57:32,325 TRACE util.FileUtils (LogUtils.java:supplyAndLog(69)) - Successfully supplied FileChannel.open /home/runner/work/ratis/ratis/ratis-examples/target/test/data/6cc99a4c/MiniRaftClusterWithNettyeee6e424/s5/4c4f035b-aa8d-4293-9e7b-676cd6864c30/current/raft-meta.conf.tmp with options [CREATE, WRITE]: sun.nio.ch.FileChannelImpl@4acbd71d
2024-10-16 23:57:32,325 TRACE util.FileUtils (LogUtils.java:runAndLog(49)) - Successfully ran Atomic Files.move /home/runner/work/ratis/ratis/ratis-examples/target/test/data/6cc99a4c/MiniRaftClusterWithNettyeee6e424/s13/4c4f035b-aa8d-4293-9e7b-676cd6864c30/current/raft-meta.conf.tmp to /home/runner/work/ratis/ratis/ratis-examples/target/test/data/6cc99a4c/MiniRaftClusterWithNettyeee6e424/s13/4c4f035b-aa8d-4293-9e7b-676cd6864c30/current/raft-meta.conf with options [REPLACE_EXISTING]
2024-10-16 23:57:32,329 TRACE util.FileUtils (LogUtils.java:runAndLog(49)) - Successfully ran Atomic Files.move /home/runner/work/ratis/ratis/ratis-examples/target/test/data/6cc99a4c/MiniRaftClusterWithNettyeee6e424/s12/4c4f035b-aa8d-4293-9e7b-676cd6864c30/current/raft-meta.conf.tmp to /home/runner/work/ratis/ratis/ratis-examples/target/test/data/6cc99a4c/MiniRaftClusterWithNettyeee6e424/s12/4c4f035b-aa8d-4293-9e7b-676cd6864c30/current/raft-meta.conf with options [REPLACE_EXISTING]
2024-10-16 23:57:32,329 TRACE util.FileUtils (LogUtils.java:runAndLog(49)) - Successfully ran Atomic Files.move /home/runner/work/ratis/ratis/ratis-examples/target/test/data/6cc99a4c/MiniRaftClusterWithNettyeee6e424/s14/4c4f035b-aa8d-4293-9e7b-676cd6864c30/current/raft-meta.conf.tmp to /home/runner/work/ratis/ratis/ratis-examples/target/test/data/6cc99a4c/MiniRaftClusterWithNettyeee6e424/s14/4c4f035b-aa8d-4293-9e7b-676cd6864c30/current/raft-meta.conf with options [REPLACE_EXISTING]
2024-10-16 23:57:32,330 TRACE util.FileUtils (LogUtils.java:supplyAndLog(69)) - Successfully supplied FileChannel.open /home/runner/work/ratis/ratis/ratis-examples/target/test/data/6cc99a4c/MiniRaftClusterWithNettyeee6e424/s14/4c4f035b-aa8d-4293-9e7b-676cd6864c30/current/raft-meta.conf.tmp with options [CREATE, WRITE]: sun.nio.ch.FileChannelImpl@6558803e
2024-10-16 23:57:32,331 TRACE util.FileUtils (LogUtils.java:runAndLog(49)) - Successfully ran Atomic Files.move /home/runner/work/ratis/ratis/ratis-examples/target/test/data/6cc99a4c/MiniRaftClusterWithNettyeee6e424/s5/4c4f035b-aa8d-4293-9e7b-676cd6864c30/current/raft-meta.conf.tmp to /home/runner/work/ratis/ratis/ratis-examples/target/test/data/6cc99a4c/MiniRaftClusterWithNettyeee6e424/s5/4c4f035b-aa8d-4293-9e7b-676cd6864c30/current/raft-meta.conf with options [REPLACE_EXISTING]
2024-10-16 23:57:32,332 TRACE util.FileUtils (LogUtils.java:runAndLog(49)) - Successfully ran Atomic Files.move /home/runner/work/ratis/ratis/ratis-examples/target/test/data/6cc99a4c/MiniRaftClusterWithNettyeee6e424/s8/4c4f035b-aa8d-4293-9e7b-676cd6864c30/current/raft-meta.conf.tmp to /home/runner/work/ratis/ratis/ratis-examples/target/test/data/6cc99a4c/MiniRaftClusterWithNettyeee6e424/s8/4c4f035b-aa8d-4293-9e7b-676cd6864c30/current/raft-meta.conf with options [REPLACE_EXISTING]
2024-10-16 23:57:32,332 TRACE util.FileUtils (LogUtils.java:supplyAndLog(69)) - Successfully supplied FileChannel.open /home/runner/work/ratis/ratis/ratis-examples/target/test/data/6cc99a4c/MiniRaftClusterWithNettyeee6e424/s8/4c4f035b-aa8d-4293-9e7b-676cd6864c30/current/raft-meta.conf.tmp with options [CREATE, WRITE]: sun.nio.ch.FileChannelImpl@4652afa6
2024-10-16 23:57:32,332 TRACE util.FileUtils (LogUtils.java:runAndLog(49)) - Successfully ran Atomic Files.move /home/runner/work/ratis/ratis/ratis-examples/target/test/data/6cc99a4c/MiniRaftClusterWithNettyeee6e424/s0/4c4f035b-aa8d-4293-9e7b-676cd6864c30/current/raft-meta.conf.tmp to /home/runner/work/ratis/ratis/ratis-examples/target/test/data/6cc99a4c/MiniRaftClusterWithNettyeee6e424/s0/4c4f035b-aa8d-4293-9e7b-676cd6864c30/current/raft-meta.conf with options [REPLACE_EXISTING]
2024-10-16 23:57:32,332 TRACE util.FileUtils (LogUtils.java:runAndLog(49)) - Successfully ran Atomic Files.move /home/runner/work/ratis/ratis/ratis-examples/target/test/data/6cc99a4c/MiniRaftClusterWithNettyeee6e424/s10/4c4f035b-aa8d-4293-9e7b-676cd6864c30/current/raft-meta.conf.tmp to /home/runner/work/ratis/ratis/ratis-examples/target/test/data/6cc99a4c/MiniRaftClusterWithNettyeee6e424/s10/4c4f035b-aa8d-4293-9e7b-676cd6864c30/current/raft-meta.conf with options [REPLACE_EXISTING]
2024-10-16 23:57:32,335 TRACE util.FileUtils (LogUtils.java:runAndLog(49)) - Successfully ran Atomic Files.move /home/runner/work/ratis/ratis/ratis-examples/target/test/data/6cc99a4c/MiniRaftClusterWithNettyeee6e424/s3/4c4f035b-aa8d-4293-9e7b-676cd6864c30/current/raft-meta.conf.tmp to /home/runner/work/ratis/ratis/ratis-examples/target/test/data/6cc99a4c/MiniRaftClusterWithNettyeee6e424/s3/4c4f035b-aa8d-4293-9e7b-676cd6864c30/current/raft-meta.conf with options [REPLACE_EXISTING]
2024-10-16 23:57:32,335 TRACE util.FileUtils (LogUtils.java:supplyAndLog(69)) - Successfully supplied FileChannel.open /home/runner/work/ratis/ratis/ratis-examples/target/test/data/6cc99a4c/MiniRaftClusterWithNettyeee6e424/s3/4c4f035b-aa8d-4293-9e7b-676cd6864c30/current/raft-meta.conf.tmp with options [CREATE, WRITE]: sun.nio.ch.FileChannelImpl@29031a1a
2024-10-16 23:57:32,337 TRACE util.FileUtils (LogUtils.java:runAndLog(49)) - Successfully ran Atomic Files.move /home/runner/work/ratis/ratis/ratis-examples/target/test/data/6cc99a4c/MiniRaftClusterWithNettyeee6e424/s14/4c4f035b-aa8d-4293-9e7b-676cd6864c30/current/raft-meta.conf.tmp to /home/runner/work/ratis/ratis/ratis-examples/target/test/data/6cc99a4c/MiniRaftClusterWithNettyeee6e424/s14/4c4f035b-aa8d-4293-9e7b-676cd6864c30/current/raft-meta.conf with options [REPLACE_EXISTING]
2024-10-16 23:57:32,337 TRACE util.FileUtils (LogUtils.java:supplyAndLog(69)) - Successfully supplied FileChannel.open /home/runner/work/ratis/ratis/ratis-examples/target/test/data/6cc99a4c/MiniRaftClusterWithNettyeee6e424/s14/4c4f035b-aa8d-4293-9e7b-676cd6864c30/current/raft-meta.conf.tmp with options [CREATE, WRITE]: sun.nio.ch.FileChannelImpl@57e03f76
2024-10-16 23:57:32,337 TRACE util.FileUtils (LogUtils.java:runAndLog(49)) - Successfully ran Atomic Files.move /home/runner/work/ratis/ratis/ratis-examples/target/test/data/6cc99a4c/MiniRaftClusterWithNettyeee6e424/s3/4c4f035b-aa8d-4293-9e7b-676cd6864c30/current/raft-meta.conf.tmp to /home/runner/work/ratis/ratis/ratis-examples/target/test/data/6cc99a4c/MiniRaftClusterWithNettyeee6e424/s3/4c4f035b-aa8d-4293-9e7b-676cd6864c30/current/raft-meta.conf with options [REPLACE_EXISTING]
2024-10-16 23:57:32,338 TRACE util.FileUtils (LogUtils.java:supplyAndLog(69)) - Successfully supplied FileChannel.open /home/runner/work/ratis/ratis/ratis-examples/target/test/data/6cc99a4c/MiniRaftClusterWithNettyeee6e424/s3/4c4f035b-aa8d-4293-9e7b-676cd6864c30/current/raft-meta.conf.tmp with options [CREATE, WRITE]: sun.nio.ch.FileChannelImpl@52eff55f
2024-10-16 23:57:32,338 TRACE util.FileUtils (LogUtils.java:runAndLog(49)) - Successfully ran Atomic Files.move /home/runner/work/ratis/ratis/ratis-examples/target/test/data/6cc99a4c/MiniRaftClusterWithNettyeee6e424/s8/4c4f035b-aa8d-4293-9e7b-676cd6864c30/current/raft-meta.conf.tmp to /home/runner/work/ratis/ratis/ratis-examples/target/test/data/6cc99a4c/MiniRaftClusterWithNettyeee6e424/s8/4c4f035b-aa8d-4293-9e7b-676cd6864c30/current/raft-meta.conf with options [REPLACE_EXISTING]
2024-10-16 23:57:32,338 TRACE util.FileUtils (LogUtils.java:supplyAndLog(69)) - Successfully supplied FileChannel.open /home/runner/work/ratis/ratis/ratis-examples/target/test/data/6cc99a4c/MiniRaftClusterWithNettyeee6e424/s8/4c4f035b-aa8d-4293-9e7b-676cd6864c30/current/raft-meta.conf.tmp with options [CREATE, WRITE]: sun.nio.ch.FileChannelImpl@1e62f76b
2024-10-16 23:57:32,342 TRACE util.FileUtils (LogUtils.java:runAndLog(49)) - Successfully ran Atomic Files.move /home/runner/work/ratis/ratis/ratis-examples/target/test/data/6cc99a4c/MiniRaftClusterWithNettyeee6e424/s8/4c4f035b-aa8d-4293-9e7b-676cd6864c30/current/raft-meta.conf.tmp to /home/runner/work/ratis/ratis/ratis-examples/target/test/data/6cc99a4c/MiniRaftClusterWithNettyeee6e424/s8/4c4f035b-aa8d-4293-9e7b-676cd6864c30/current/raft-meta.conf with options [REPLACE_EXISTING]
2024-10-16 23:57:32,345 TRACE util.FileUtils (LogUtils.java:runAndLog(49)) - Successfully ran Atomic Files.move /home/runner/work/ratis/ratis/ratis-examples/target/test/data/6cc99a4c/MiniRaftClusterWithNettyeee6e424/s14/4c4f035b-aa8d-4293-9e7b-676cd6864c30/current/raft-meta.conf.tmp to /home/runner/work/ratis/ratis/ratis-examples/target/test/data/6cc99a4c/MiniRaftClusterWithNettyeee6e424/s14/4c4f035b-aa8d-4293-9e7b-676cd6864c30/current/raft-meta.conf with options [REPLACE_EXISTING]
2024-10-16 23:57:32,345 TRACE util.FileUtils (LogUtils.java:runAndLog(49)) - Successfully ran Atomic Files.move /home/runner/work/ratis/ratis/ratis-examples/target/test/data/6cc99a4c/MiniRaftClusterWithNettyeee6e424/s3/4c4f035b-aa8d-4293-9e7b-676cd6864c30/current/raft-meta.conf.tmp to /home/runner/work/ratis/ratis/ratis-examples/target/test/data/6cc99a4c/MiniRaftClusterWithNettyeee6e424/s3/4c4f035b-aa8d-4293-9e7b-676cd6864c30/current/raft-meta.conf with options [REPLACE_EXISTING]
2024-10-16 23:57:32,345 TRACE util.FileUtils (LogUtils.java:supplyAndLog(69)) - Successfully supplied FileChannel.open /home/runner/work/ratis/ratis/ratis-examples/target/test/data/6cc99a4c/MiniRaftClusterWithNettyeee6e424/s3/4c4f035b-aa8d-4293-9e7b-676cd6864c30/current/raft-meta.conf.tmp with options [CREATE, WRITE]: sun.nio.ch.FileChannelImpl@51c08658
2024-10-16 23:57:32,349 TRACE util.FileUtils (LogUtils.java:runAndLog(49)) - Successfully ran Atomic Files.move /home/runner/work/ratis/ratis/ratis-examples/target/test/data/6cc99a4c/MiniRaftClusterWithNettyeee6e424/s3/4c4f035b-aa8d-4293-9e7b-676cd6864c30/current/raft-meta.conf.tmp to /home/runner/work/ratis/ratis/ratis-examples/target/test/data/6cc99a4c/MiniRaftClusterWithNettyeee6e424/s3/4c4f035b-aa8d-4293-9e7b-676cd6864c30/current/raft-meta.conf with options [REPLACE_EXISTING]
2024-10-16 23:57:32,353 DEBUG server.RaftServer$Division (RaftServerImpl.java:logAppendEntries(1549)) - s2@group-676CD6864C30: appendEntries* reply s5<-s2#7054:OK-t1,SUCCESS,nextIndex=129,followerCommit=128,matchIndex=128
2024-10-16 23:57:32,353 TRACE util.FileUtils (LogUtils.java:supplyAndLog(69)) - Successfully supplied FileChannel.open /home/runner/work/ratis/ratis/ratis-examples/target/test/data/6cc99a4c/MiniRaftClusterWithNettyeee6e424/s9/4c4f035b-aa8d-4293-9e7b-676cd6864c30/current/raft-meta.conf.tmp with options [CREATE, WRITE]: sun.nio.ch.FileChannelImpl@66b17f9d
2024-10-16 23:57:32,353 DEBUG server.RaftServer$Division (RaftServerImpl.java:logAppendEntries(1549)) - s9@group-676CD6864C30: appendEntries* reply s5<-s9#7055:OK-t1,SUCCESS,nextIndex=129,followerCommit=128,matchIndex=128
2024-10-16 23:57:32,355 TRACE util.FileUtils (LogUtils.java:runAndLog(49)) - Successfully ran Atomic Files.move /home/runner/work/ratis/ratis/ratis-examples/target/test/data/6cc99a4c/MiniRaftClusterWithNettyeee6e424/s9/4c4f035b-aa8d-4293-9e7b-676cd6864c30/current/raft-meta.conf.tmp to /home/runner/work/ratis/ratis/ratis-examples/target/test/data/6cc99a4c/MiniRaftClusterWithNettyeee6e424/s9/4c4f035b-aa8d-4293-9e7b-676cd6864c30/current/raft-meta.conf with options [REPLACE_EXISTING]
2024-10-16 23:57:32,355 DEBUG server.RaftServer$Division (RaftServerImpl.java:logAppendEntries(1549)) - s2@group-676CD6864C30: appendEntries* s5->s2#7090-t1,previous=(t:1, i:128),leaderCommit=132,initializing? false,entries: size=4, first=(t:1, i:129), CONFIGURATIONENTRY(current:id:"s3"address:"0.0.0.0:15018"clientAddress:"0.0.0.0:15018"adminAddress:"0.0.0.0:15018"startupRole:FOLLOWER, id:"s4"address:"0.0.0.0:15019"clientAddress:"0.0.0.0:15019"adminAddress:"0.0.0.0:15019"startupRole:FOLLOWER, id:"s5"address:"0.0.0.0:15020"clientAddress:"0.0.0.0:15020"adminAddress:"0.0.0.0:15020"startupRole:FOLLOWER, id:"s6"address:"0.0.0.0:15021"clientAddress:"0.0.0.0:15021"adminAddress:"0.0.0.0:15021"startupRole:FOLLOWER, id:"s7"address:"0.0.0.0:15022"clientAddress:"0.0.0.0:15022"adminAddress:"0.0.0.0:15022"startupRole:FOLLOWER, id:"s8"address:"0.0.0.0:15023"clientAddress:"0.0.0.0:15023"adminAddress:"0.0.0.0:15023"startupRole:FOLLOWER, id:"s9"address:"0.0.0.0:15024"clientAddress:"0.0.0.0:15024"adminAddress:"0.0.0.0:15024"startupRole:FOLLOWER, id:"s11"address:"0.0.0.0:15026"clientAddress:"0.0.0.0:15026"adminAddress:"0.0.0.0:15026"startupRole:FOLLOWER, id:"s10"address:"0.0.0.0:15025"clientAddress:"0.0.0.0:15025"adminAddress:"0.0.0.0:15025"startupRole:FOLLOWER, id:"s13"address:"0.0.0.0:15028"clientAddress:"0.0.0.0:15028"adminAddress:"0.0.0.0:15028"startupRole:FOLLOWER, id:"s12"address:"0.0.0.0:15027"clientAddress:"0.0.0.0:15027"adminAddress:"0.0.0.0:15027"startupRole:FOLLOWER, id:"s14"address:"0.0.0.0:15029"clientAddress:"0.0.0.0:15029"adminAddress:"0.0.0.0:15029"startupRole:FOLLOWER, id:"s0"address:"0.0.0.0:15015"clientAddress:"0.0.0.0:15015"adminAddress:"0.0.0.0:15015"startupRole:FOLLOWER, id:"s1"address:"0.0.0.0:15016"clientAddress:"0.0.0.0:15016"adminAddress:"0.0.0.0:15016"startupRole:FOLLOWER, id:"s2"address:"0.0.0.0:15017"clientAddress:"0.0.0.0:15017"adminAddress:"0.0.0.0:15017"startupRole:FOLLOWER, old:id:"s4"address:"0.0.0.0:15019"clientAddress:"0.0.0.0:15019"adminAddress:"0.0.0.0:15019"startupRole:FOLLOWER, id:"s5"address:"0.0.0.0:15020"clientAddress:"0.0.0.0:15020"adminAddress:"0.0.0.0:15020"startupRole:FOLLOWER, id:"s11"address:"0.0.0.0:15026"clientAddress:"0.0.0.0:15026"adminAddress:"0.0.0.0:15026"startupRole:FOLLOWER, id:"s6"address:"0.0.0.0:15021"clientAddress:"0.0.0.0:15021"adminAddress:"0.0.0.0:15021"startupRole:FOLLOWER, id:"s10"address:"0.0.0.0:15025"clientAddress:"0.0.0.0:15025"adminAddress:"0.0.0.0:15025"startupRole:FOLLOWER, id:"s13"address:"0.0.0.0:15028"clientAddress:"0.0.0.0:15028"adminAddress:"0.0.0.0:15028"startupRole:FOLLOWER, id:"s12"address:"0.0.0.0:15027"clientAddress:"0.0.0.0:15027"adminAddress:"0.0.0.0:15027"startupRole:FOLLOWER, id:"s0"address:"0.0.0.0:15015"clientAddress:"0.0.0.0:15015"adminAddress:"0.0.0.0:15015"startupRole:FOLLOWER, id:"s1"address:"0.0.0.0:15016"clientAddress:"0.0.0.0:15016"adminAddress:"0.0.0.0:15016"startupRole:FOLLOWER)
2024-10-16 23:57:32,356 TRACE util.FileUtils (LogUtils.java:supplyAndLog(69)) - Successfully supplied FileChannel.open /home/runner/work/ratis/ratis/ratis-examples/target/test/data/6cc99a4c/MiniRaftClusterWithNettyeee6e424/s9/4c4f035b-aa8d-4293-9e7b-676cd6864c30/current/raft-meta.conf.tmp with options [CREATE, WRITE]: sun.nio.ch.FileChannelImpl@68768d3b
2024-10-16 23:57:32,353 TRACE util.FileUtils (LogUtils.java:supplyAndLog(69)) - Successfully supplied FileChannel.open /home/runner/work/ratis/ratis/ratis-examples/target/test/data/6cc99a4c/MiniRaftClusterWithNettyeee6e424/s2/4c4f035b-aa8d-4293-9e7b-676cd6864c30/current/raft-meta.conf.tmp with options [CREATE, WRITE]: sun.nio.ch.FileChannelImpl@819cc64
2024-10-16 23:57:32,353 TRACE util.FileUtils (LogUtils.java:supplyAndLog(69)) - Successfully supplied FileChannel.open /home/runner/work/ratis/ratis/ratis-examples/target/test/data/6cc99a4c/MiniRaftClusterWithNettyeee6e424/s7/4c4f035b-aa8d-4293-9e7b-676cd6864c30/current/raft-meta.conf.tmp with options [CREATE, WRITE]: sun.nio.ch.FileChannelImpl@3320235f
2024-10-16 23:57:32,353 DEBUG server.RaftServer$Division (RaftServerImpl.java:logAppendEntries(1549)) - s7@group-676CD6864C30: appendEntries* reply s5<-s7#7053:OK-t1,SUCCESS,nextIndex=129,followerCommit=128,matchIndex=128
2024-10-16 23:57:32,358 TRACE util.FileUtils (LogUtils.java:runAndLog(49)) - Successfully ran Atomic Files.move /home/runner/work/ratis/ratis/ratis-examples/target/test/data/6cc99a4c/MiniRaftClusterWithNettyeee6e424/s9/4c4f035b-aa8d-4293-9e7b-676cd6864c30/current/raft-meta.conf.tmp to /home/runner/work/ratis/ratis/ratis-examples/target/test/data/6cc99a4c/MiniRaftClusterWithNettyeee6e424/s9/4c4f035b-aa8d-4293-9e7b-676cd6864c30/current/raft-meta.conf with options [REPLACE_EXISTING]
2024-10-16 23:57:32,358 TRACE util.FileUtils (LogUtils.java:supplyAndLog(69)) - Successfully supplied FileChannel.open /home/runner/work/ratis/ratis/ratis-examples/target/test/data/6cc99a4c/MiniRaftClusterWithNettyeee6e424/s9/4c4f035b-aa8d-4293-9e7b-676cd6864c30/current/raft-meta.conf.tmp with options [CREATE, WRITE]: sun.nio.ch.FileChannelImpl@6c4914ed
2024-10-16 23:57:32,359 DEBUG server.RaftServer$Division (RaftServerImpl.java:logAppendEntries(1549)) - s7@group-676CD6864C30: appendEntries* s5->s7#7092-t1,previous=(t:1, i:128),leaderCommit=132,initializing? false,entries: size=4, first=(t:1, i:129), CONFIGURATIONENTRY(current:id:"s3"address:"0.0.0.0:15018"clientAddress:"0.0.0.0:15018"adminAddress:"0.0.0.0:15018"startupRole:FOLLOWER, id:"s4"address:"0.0.0.0:15019"clientAddress:"0.0.0.0:15019"adminAddress:"0.0.0.0:15019"startupRole:FOLLOWER, id:"s5"address:"0.0.0.0:15020"clientAddress:"0.0.0.0:15020"adminAddress:"0.0.0.0:15020"startupRole:FOLLOWER, id:"s6"address:"0.0.0.0:15021"clientAddress:"0.0.0.0:15021"adminAddress:"0.0.0.0:15021"startupRole:FOLLOWER, id:"s7"address:"0.0.0.0:15022"clientAddress:"0.0.0.0:15022"adminAddress:"0.0.0.0:15022"startupRole:FOLLOWER, id:"s8"address:"0.0.0.0:15023"clientAddress:"0.0.0.0:15023"adminAddress:"0.0.0.0:15023"startupRole:FOLLOWER, id:"s9"address:"0.0.0.0:15024"clientAddress:"0.0.0.0:15024"adminAddress:"0.0.0.0:15024"startupRole:FOLLOWER, id:"s11"address:"0.0.0.0:15026"clientAddress:"0.0.0.0:15026"adminAddress:"0.0.0.0:15026"startupRole:FOLLOWER, id:"s10"address:"0.0.0.0:15025"clientAddress:"0.0.0.0:15025"adminAddress:"0.0.0.0:15025"startupRole:FOLLOWER, id:"s13"address:"0.0.0.0:15028"clientAddress:"0.0.0.0:15028"adminAddress:"0.0.0.0:15028"startupRole:FOLLOWER, id:"s12"address:"0.0.0.0:15027"clientAddress:"0.0.0.0:15027"adminAddress:"0.0.0.0:15027"startupRole:FOLLOWER, id:"s14"address:"0.0.0.0:15029"clientAddress:"0.0.0.0:15029"adminAddress:"0.0.0.0:15029"startupRole:FOLLOWER, id:"s0"address:"0.0.0.0:15015"clientAddress:"0.0.0.0:15015"adminAddress:"0.0.0.0:15015"startupRole:FOLLOWER, id:"s1"address:"0.0.0.0:15016"clientAddress:"0.0.0.0:15016"adminAddress:"0.0.0.0:15016"startupRole:FOLLOWER, id:"s2"address:"0.0.0.0:15017"clientAddress:"0.0.0.0:15017"adminAddress:"0.0.0.0:15017"startupRole:FOLLOWER, old:id:"s4"address:"0.0.0.0:15019"clientAddress:"0.0.0.0:15019"adminAddress:"0.0.0.0:15019"startupRole:FOLLOWER, id:"s5"address:"0.0.0.0:15020"clientAddress:"0.0.0.0:15020"adminAddress:"0.0.0.0:15020"startupRole:FOLLOWER, id:"s11"address:"0.0.0.0:15026"clientAddress:"0.0.0.0:15026"adminAddress:"0.0.0.0:15026"startupRole:FOLLOWER, id:"s6"address:"0.0.0.0:15021"clientAddress:"0.0.0.0:15021"adminAddress:"0.0.0.0:15021"startupRole:FOLLOWER, id:"s10"address:"0.0.0.0:15025"clientAddress:"0.0.0.0:15025"adminAddress:"0.0.0.0:15025"startupRole:FOLLOWER, id:"s13"address:"0.0.0.0:15028"clientAddress:"0.0.0.0:15028"adminAddress:"0.0.0.0:15028"startupRole:FOLLOWER, id:"s12"address:"0.0.0.0:15027"clientAddress:"0.0.0.0:15027"adminAddress:"0.0.0.0:15027"startupRole:FOLLOWER, id:"s0"address:"0.0.0.0:15015"clientAddress:"0.0.0.0:15015"adminAddress:"0.0.0.0:15015"startupRole:FOLLOWER, id:"s1"address:"0.0.0.0:15016"clientAddress:"0.0.0.0:15016"adminAddress:"0.0.0.0:15016"startupRole:FOLLOWER)
2024-10-16 23:57:32,359 DEBUG server.RaftServer$Division (RaftServerImpl.java:logAppendEntries(1549)) - s9@group-676CD6864C30: appendEntries* s5->s9#7091-t1,previous=(t:1, i:128),leaderCommit=132,initializing? false,entries: size=4, first=(t:1, i:129), CONFIGURATIONENTRY(current:id:"s3"address:"0.0.0.0:15018"clientAddress:"0.0.0.0:15018"adminAddress:"0.0.0.0:15018"startupRole:FOLLOWER, id:"s4"address:"0.0.0.0:15019"clientAddress:"0.0.0.0:15019"adminAddress:"0.0.0.0:15019"startupRole:FOLLOWER, id:"s5"address:"0.0.0.0:15020"clientAddress:"0.0.0.0:15020"adminAddress:"0.0.0.0:15020"startupRole:FOLLOWER, id:"s6"address:"0.0.0.0:15021"clientAddress:"0.0.0.0:15021"adminAddress:"0.0.0.0:15021"startupRole:FOLLOWER, id:"s7"address:"0.0.0.0:15022"clientAddress:"0.0.0.0:15022"adminAddress:"0.0.0.0:15022"startupRole:FOLLOWER, id:"s8"address:"0.0.0.0:15023"clientAddress:"0.0.0.0:15023"adminAddress:"0.0.0.0:15023"startupRole:FOLLOWER, id:"s9"address:"0.0.0.0:15024"clientAddress:"0.0.0.0:15024"adminAddress:"0.0.0.0:15024"startupRole:FOLLOWER, id:"s11"address:"0.0.0.0:15026"clientAddress:"0.0.0.0:15026"adminAddress:"0.0.0.0:15026"startupRole:FOLLOWER, id:"s10"address:"0.0.0.0:15025"clientAddress:"0.0.0.0:15025"adminAddress:"0.0.0.0:15025"startupRole:FOLLOWER, id:"s13"address:"0.0.0.0:15028"clientAddress:"0.0.0.0:15028"adminAddress:"0.0.0.0:15028"startupRole:FOLLOWER, id:"s12"address:"0.0.0.0:15027"clientAddress:"0.0.0.0:15027"adminAddress:"0.0.0.0:15027"startupRole:FOLLOWER, id:"s14"address:"0.0.0.0:15029"clientAddress:"0.0.0.0:15029"adminAddress:"0.0.0.0:15029"startupRole:FOLLOWER, id:"s0"address:"0.0.0.0:15015"clientAddress:"0.0.0.0:15015"adminAddress:"0.0.0.0:15015"startupRole:FOLLOWER, id:"s1"address:"0.0.0.0:15016"clientAddress:"0.0.0.0:15016"adminAddress:"0.0.0.0:15016"startupRole:FOLLOWER, id:"s2"address:"0.0.0.0:15017"clientAddress:"0.0.0.0:15017"adminAddress:"0.0.0.0:15017"startupRole:FOLLOWER, old:id:"s4"address:"0.0.0.0:15019"clientAddress:"0.0.0.0:15019"adminAddress:"0.0.0.0:15019"startupRole:FOLLOWER, id:"s5"address:"0.0.0.0:15020"clientAddress:"0.0.0.0:15020"adminAddress:"0.0.0.0:15020"startupRole:FOLLOWER, id:"s11"address:"0.0.0.0:15026"clientAddress:"0.0.0.0:15026"adminAddress:"0.0.0.0:15026"startupRole:FOLLOWER, id:"s6"address:"0.0.0.0:15021"clientAddress:"0.0.0.0:15021"adminAddress:"0.0.0.0:15021"startupRole:FOLLOWER, id:"s10"address:"0.0.0.0:15025"clientAddress:"0.0.0.0:15025"adminAddress:"0.0.0.0:15025"startupRole:FOLLOWER, id:"s13"address:"0.0.0.0:15028"clientAddress:"0.0.0.0:15028"adminAddress:"0.0.0.0:15028"startupRole:FOLLOWER, id:"s12"address:"0.0.0.0:15027"clientAddress:"0.0.0.0:15027"adminAddress:"0.0.0.0:15027"startupRole:FOLLOWER, id:"s0"address:"0.0.0.0:15015"clientAddress:"0.0.0.0:15015"adminAddress:"0.0.0.0:15015"startupRole:FOLLOWER, id:"s1"address:"0.0.0.0:15016"clientAddress:"0.0.0.0:15016"adminAddress:"0.0.0.0:15016"startupRole:FOLLOWER)
2024-10-16 23:57:32,359 TRACE util.FileUtils (LogUtils.java:runAndLog(49)) - Successfully ran Atomic Files.move /home/runner/work/ratis/ratis/ratis-examples/target/test/data/6cc99a4c/MiniRaftClusterWithNettyeee6e424/s9/4c4f035b-aa8d-4293-9e7b-676cd6864c30/current/raft-meta.conf.tmp to /home/runner/work/ratis/ratis/ratis-examples/target/test/data/6cc99a4c/MiniRaftClusterWithNettyeee6e424/s9/4c4f035b-aa8d-4293-9e7b-676cd6864c30/current/raft-meta.conf with options [REPLACE_EXISTING]
2024-10-16 23:57:32,360 TRACE util.FileUtils (LogUtils.java:supplyAndLog(69)) - Successfully supplied FileChannel.open /home/runner/work/ratis/ratis/ratis-examples/target/test/data/6cc99a4c/MiniRaftClusterWithNettyeee6e424/s9/4c4f035b-aa8d-4293-9e7b-676cd6864c30/current/raft-meta.conf.tmp with options [CREATE, WRITE]: sun.nio.ch.FileChannelImpl@294b8700
2024-10-16 23:57:32,360 TRACE util.FileUtils (LogUtils.java:runAndLog(49)) - Successfully ran Atomic Files.move /home/runner/work/ratis/ratis/ratis-examples/target/test/data/6cc99a4c/MiniRaftClusterWithNettyeee6e424/s7/4c4f035b-aa8d-4293-9e7b-676cd6864c30/current/raft-meta.conf.tmp to /home/runner/work/ratis/ratis/ratis-examples/target/test/data/6cc99a4c/MiniRaftClusterWithNettyeee6e424/s7/4c4f035b-aa8d-4293-9e7b-676cd6864c30/current/raft-meta.conf with options [REPLACE_EXISTING]
2024-10-16 23:57:32,361 TRACE util.FileUtils (LogUtils.java:supplyAndLog(69)) - Successfully supplied FileChannel.open /home/runner/work/ratis/ratis/ratis-examples/target/test/data/6cc99a4c/MiniRaftClusterWithNettyeee6e424/s7/4c4f035b-aa8d-4293-9e7b-676cd6864c30/current/raft-meta.conf.tmp with options [CREATE, WRITE]: sun.nio.ch.FileChannelImpl@3de7db4b
2024-10-16 23:57:32,363 TRACE util.FileUtils (LogUtils.java:runAndLog(49)) - Successfully ran Atomic Files.move /home/runner/work/ratis/ratis/ratis-examples/target/test/data/6cc99a4c/MiniRaftClusterWithNettyeee6e424/s9/4c4f035b-aa8d-4293-9e7b-676cd6864c30/current/raft-meta.conf.tmp to /home/runner/work/ratis/ratis/ratis-examples/target/test/data/6cc99a4c/MiniRaftClusterWithNettyeee6e424/s9/4c4f035b-aa8d-4293-9e7b-676cd6864c30/current/raft-meta.conf with options [REPLACE_EXISTING]
2024-10-16 23:57:32,363 TRACE util.FileUtils (LogUtils.java:runAndLog(49)) - Successfully ran Atomic Files.move /home/runner/work/ratis/ratis/ratis-examples/target/test/data/6cc99a4c/MiniRaftClusterWithNettyeee6e424/s2/4c4f035b-aa8d-4293-9e7b-676cd6864c30/current/raft-meta.conf.tmp to /home/runner/work/ratis/ratis/ratis-examples/target/test/data/6cc99a4c/MiniRaftClusterWithNettyeee6e424/s2/4c4f035b-aa8d-4293-9e7b-676cd6864c30/current/raft-meta.conf with options [REPLACE_EXISTING]
2024-10-16 23:57:32,363 TRACE util.FileUtils (LogUtils.java:supplyAndLog(69)) - Successfully supplied FileChannel.open /home/runner/work/ratis/ratis/ratis-examples/target/test/data/6cc99a4c/MiniRaftClusterWithNettyeee6e424/s9/4c4f035b-aa8d-4293-9e7b-676cd6864c30/current/raft-meta.conf.tmp with options [CREATE, WRITE]: sun.nio.ch.FileChannelImpl@44eb4823
2024-10-16 23:57:32,364 TRACE util.FileUtils (LogUtils.java:supplyAndLog(69)) - Successfully supplied FileChannel.open /home/runner/work/ratis/ratis/ratis-examples/target/test/data/6cc99a4c/MiniRaftClusterWithNettyeee6e424/s2/4c4f035b-aa8d-4293-9e7b-676cd6864c30/current/raft-meta.conf.tmp with options [CREATE, WRITE]: sun.nio.ch.FileChannelImpl@6de3317
2024-10-16 23:57:32,365 TRACE util.FileUtils (LogUtils.java:runAndLog(49)) - Successfully ran Atomic Files.move /home/runner/work/ratis/ratis/ratis-examples/target/test/data/6cc99a4c/MiniRaftClusterWithNettyeee6e424/s9/4c4f035b-aa8d-4293-9e7b-676cd6864c30/current/raft-meta.conf.tmp to /home/runner/work/ratis/ratis/ratis-examples/target/test/data/6cc99a4c/MiniRaftClusterWithNettyeee6e424/s9/4c4f035b-aa8d-4293-9e7b-676cd6864c30/current/raft-meta.conf with options [REPLACE_EXISTING]
2024-10-16 23:57:32,366 TRACE util.FileUtils (LogUtils.java:runAndLog(49)) - Successfully ran Atomic Files.move /home/runner/work/ratis/ratis/ratis-examples/target/test/data/6cc99a4c/MiniRaftClusterWithNettyeee6e424/s7/4c4f035b-aa8d-4293-9e7b-676cd6864c30/current/raft-meta.conf.tmp to /home/runner/work/ratis/ratis/ratis-examples/target/test/data/6cc99a4c/MiniRaftClusterWithNettyeee6e424/s7/4c4f035b-aa8d-4293-9e7b-676cd6864c30/current/raft-meta.conf with options [REPLACE_EXISTING]
2024-10-16 23:57:32,366 TRACE util.FileUtils (LogUtils.java:supplyAndLog(69)) - Successfully supplied FileChannel.open /home/runner/work/ratis/ratis/ratis-examples/target/test/data/6cc99a4c/MiniRaftClusterWithNettyeee6e424/s7/4c4f035b-aa8d-4293-9e7b-676cd6864c30/current/raft-meta.conf.tmp with options [CREATE, WRITE]: sun.nio.ch.FileChannelImpl@39d8482f
2024-10-16 23:57:32,367 TRACE util.FileUtils (LogUtils.java:runAndLog(49)) - Successfully ran Atomic Files.move /home/runner/work/ratis/ratis/ratis-examples/target/test/data/6cc99a4c/MiniRaftClusterWithNettyeee6e424/s2/4c4f035b-aa8d-4293-9e7b-676cd6864c30/current/raft-meta.conf.tmp to /home/runner/work/ratis/ratis/ratis-examples/target/test/data/6cc99a4c/MiniRaftClusterWithNettyeee6e424/s2/4c4f035b-aa8d-4293-9e7b-676cd6864c30/current/raft-meta.conf with options [REPLACE_EXISTING]
2024-10-16 23:57:32,367 TRACE util.FileUtils (LogUtils.java:supplyAndLog(69)) - Successfully supplied FileChannel.open /home/runner/work/ratis/ratis/ratis-examples/target/test/data/6cc99a4c/MiniRaftClusterWithNettyeee6e424/s2/4c4f035b-aa8d-4293-9e7b-676cd6864c30/current/raft-meta.conf.tmp with options [CREATE, WRITE]: sun.nio.ch.FileChannelImpl@2e1a714
2024-10-16 23:57:32,369 TRACE util.FileUtils (LogUtils.java:runAndLog(49)) - Successfully ran Atomic Files.move /home/runner/work/ratis/ratis/ratis-examples/target/test/data/6cc99a4c/MiniRaftClusterWithNettyeee6e424/s7/4c4f035b-aa8d-4293-9e7b-676cd6864c30/current/raft-meta.conf.tmp to /home/runner/work/ratis/ratis/ratis-examples/target/test/data/6cc99a4c/MiniRaftClusterWithNettyeee6e424/s7/4c4f035b-aa8d-4293-9e7b-676cd6864c30/current/raft-meta.conf with options [REPLACE_EXISTING]
2024-10-16 23:57:32,369 TRACE util.FileUtils (LogUtils.java:supplyAndLog(69)) - Successfully supplied FileChannel.open /home/runner/work/ratis/ratis/ratis-examples/target/test/data/6cc99a4c/MiniRaftClusterWithNettyeee6e424/s7/4c4f035b-aa8d-4293-9e7b-676cd6864c30/current/raft-meta.conf.tmp with options [CREATE, WRITE]: sun.nio.ch.FileChannelImpl@7cdad170
2024-10-16 23:57:32,369 TRACE util.FileUtils (LogUtils.java:runAndLog(49)) - Successfully ran Atomic Files.move /home/runner/work/ratis/ratis/ratis-examples/target/test/data/6cc99a4c/MiniRaftClusterWithNettyeee6e424/s2/4c4f035b-aa8d-4293-9e7b-676cd6864c30/current/raft-meta.conf.tmp to /home/runner/work/ratis/ratis/ratis-examples/target/test/data/6cc99a4c/MiniRaftClusterWithNettyeee6e424/s2/4c4f035b-aa8d-4293-9e7b-676cd6864c30/current/raft-meta.conf with options [REPLACE_EXISTING]
2024-10-16 23:57:32,372 INFO  impl.RoleInfo (RoleInfo.java:updateAndGet(148)) - s9: start s9@group-676CD6864C30-FollowerState
2024-10-16 23:57:32,372 INFO  server.RaftServer$Division (ServerState.java:setRaftConf(386)) - s9@group-676CD6864C30: set configuration conf: {index: 129, cur=peers:[s3|0.0.0.0:15018, s4|0.0.0.0:15019, s5|0.0.0.0:15020, s6|0.0.0.0:15021, s7|0.0.0.0:15022, s8|0.0.0.0:15023, s9|0.0.0.0:15024, s11|0.0.0.0:15026, s10|0.0.0.0:15025, s13|0.0.0.0:15028, s12|0.0.0.0:15027, s14|0.0.0.0:15029, s0|0.0.0.0:15015, s1|0.0.0.0:15016, s2|0.0.0.0:15017]|listeners:[], old=peers:[s4|0.0.0.0:15019, s5|0.0.0.0:15020, s11|0.0.0.0:15026, s6|0.0.0.0:15021, s10|0.0.0.0:15025, s13|0.0.0.0:15028, s12|0.0.0.0:15027, s0|0.0.0.0:15015, s1|0.0.0.0:15016]|listeners:[]}
2024-10-16 23:57:32,372 INFO  server.RaftServer$Division (ServerState.java:setRaftConf(386)) - s9@group-676CD6864C30: set configuration conf: {index: 131, cur=peers:[s3|0.0.0.0:15018, s4|0.0.0.0:15019, s5|0.0.0.0:15020, s6|0.0.0.0:15021, s7|0.0.0.0:15022, s8|0.0.0.0:15023, s9|0.0.0.0:15024, s11|0.0.0.0:15026, s10|0.0.0.0:15025, s13|0.0.0.0:15028, s12|0.0.0.0:15027, s14|0.0.0.0:15029, s0|0.0.0.0:15015, s1|0.0.0.0:15016, s2|0.0.0.0:15017]|listeners:[], old=null}
2024-10-16 23:57:32,373 INFO  impl.RoleInfo (RoleInfo.java:updateAndGet(148)) - s7: start s7@group-676CD6864C30-FollowerState
2024-10-16 23:57:32,373 INFO  impl.RoleInfo (RoleInfo.java:updateAndGet(148)) - s2: start s2@group-676CD6864C30-FollowerState
2024-10-16 23:57:32,373 DEBUG server.RaftServer$Division (RaftServerImpl.java:logAppendEntries(1549)) - s9@group-676CD6864C30: appendEntries* reply s5<-s9#7091:OK-t1,SUCCESS,nextIndex=133,followerCommit=132,matchIndex=132
2024-10-16 23:57:32,373 TRACE util.FileUtils (LogUtils.java:supplyAndLog(69)) - Successfully supplied FileChannel.open /home/runner/work/ratis/ratis/ratis-examples/target/test/data/6cc99a4c/MiniRaftClusterWithNettyeee6e424/s9/4c4f035b-aa8d-4293-9e7b-676cd6864c30/current/raft-meta.conf.tmp with options [CREATE, WRITE]: sun.nio.ch.FileChannelImpl@18a80ad0
2024-10-16 23:57:32,373 TRACE util.FileUtils (LogUtils.java:supplyAndLog(69)) - Successfully supplied FileChannel.open /home/runner/work/ratis/ratis/ratis-examples/target/test/data/6cc99a4c/MiniRaftClusterWithNettyeee6e424/s2/4c4f035b-aa8d-4293-9e7b-676cd6864c30/current/raft-meta.conf.tmp with options [CREATE, WRITE]: sun.nio.ch.FileChannelImpl@47e3392c
2024-10-16 23:57:32,377 TRACE util.FileUtils (LogUtils.java:runAndLog(49)) - Successfully ran Atomic Files.move /home/runner/work/ratis/ratis/ratis-examples/target/test/data/6cc99a4c/MiniRaftClusterWithNettyeee6e424/s7/4c4f035b-aa8d-4293-9e7b-676cd6864c30/current/raft-meta.conf.tmp to /home/runner/work/ratis/ratis/ratis-examples/target/test/data/6cc99a4c/MiniRaftClusterWithNettyeee6e424/s7/4c4f035b-aa8d-4293-9e7b-676cd6864c30/current/raft-meta.conf with options [REPLACE_EXISTING]
2024-10-16 23:57:32,377 TRACE util.FileUtils (LogUtils.java:supplyAndLog(69)) - Successfully supplied FileChannel.open /home/runner/work/ratis/ratis/ratis-examples/target/test/data/6cc99a4c/MiniRaftClusterWithNettyeee6e424/s7/4c4f035b-aa8d-4293-9e7b-676cd6864c30/current/raft-meta.conf.tmp with options [CREATE, WRITE]: sun.nio.ch.FileChannelImpl@4ed22f6f
2024-10-16 23:57:32,378 TRACE util.FileUtils (LogUtils.java:runAndLog(49)) - Successfully ran Atomic Files.move /home/runner/work/ratis/ratis/ratis-examples/target/test/data/6cc99a4c/MiniRaftClusterWithNettyeee6e424/s9/4c4f035b-aa8d-4293-9e7b-676cd6864c30/current/raft-meta.conf.tmp to /home/runner/work/ratis/ratis/ratis-examples/target/test/data/6cc99a4c/MiniRaftClusterWithNettyeee6e424/s9/4c4f035b-aa8d-4293-9e7b-676cd6864c30/current/raft-meta.conf with options [REPLACE_EXISTING]
2024-10-16 23:57:32,378 TRACE util.FileUtils (LogUtils.java:supplyAndLog(69)) - Successfully supplied FileChannel.open /home/runner/work/ratis/ratis/ratis-examples/target/test/data/6cc99a4c/MiniRaftClusterWithNettyeee6e424/s9/4c4f035b-aa8d-4293-9e7b-676cd6864c30/current/raft-meta.conf.tmp with options [CREATE, WRITE]: sun.nio.ch.FileChannelImpl@3ce29b54
2024-10-16 23:57:32,378 TRACE util.FileUtils (LogUtils.java:runAndLog(49)) - Successfully ran Atomic Files.move /home/runner/work/ratis/ratis/ratis-examples/target/test/data/6cc99a4c/MiniRaftClusterWithNettyeee6e424/s2/4c4f035b-aa8d-4293-9e7b-676cd6864c30/current/raft-meta.conf.tmp to /home/runner/work/ratis/ratis/ratis-examples/target/test/data/6cc99a4c/MiniRaftClusterWithNettyeee6e424/s2/4c4f035b-aa8d-4293-9e7b-676cd6864c30/current/raft-meta.conf with options [REPLACE_EXISTING]
2024-10-16 23:57:32,378 TRACE util.FileUtils (LogUtils.java:supplyAndLog(69)) - Successfully supplied FileChannel.open /home/runner/work/ratis/ratis/ratis-examples/target/test/data/6cc99a4c/MiniRaftClusterWithNettyeee6e424/s2/4c4f035b-aa8d-4293-9e7b-676cd6864c30/current/raft-meta.conf.tmp with options [CREATE, WRITE]: sun.nio.ch.FileChannelImpl@15fb758
2024-10-16 23:57:32,382 TRACE util.FileUtils (LogUtils.java:runAndLog(49)) - Successfully ran Atomic Files.move /home/runner/work/ratis/ratis/ratis-examples/target/test/data/6cc99a4c/MiniRaftClusterWithNettyeee6e424/s2/4c4f035b-aa8d-4293-9e7b-676cd6864c30/current/raft-meta.conf.tmp to /home/runner/work/ratis/ratis/ratis-examples/target/test/data/6cc99a4c/MiniRaftClusterWithNettyeee6e424/s2/4c4f035b-aa8d-4293-9e7b-676cd6864c30/current/raft-meta.conf with options [REPLACE_EXISTING]
2024-10-16 23:57:32,382 TRACE util.FileUtils (LogUtils.java:runAndLog(49)) - Successfully ran Atomic Files.move /home/runner/work/ratis/ratis/ratis-examples/target/test/data/6cc99a4c/MiniRaftClusterWithNettyeee6e424/s9/4c4f035b-aa8d-4293-9e7b-676cd6864c30/current/raft-meta.conf.tmp to /home/runner/work/ratis/ratis/ratis-examples/target/test/data/6cc99a4c/MiniRaftClusterWithNettyeee6e424/s9/4c4f035b-aa8d-4293-9e7b-676cd6864c30/current/raft-meta.conf with options [REPLACE_EXISTING]
2024-10-16 23:57:32,382 TRACE util.FileUtils (LogUtils.java:runAndLog(49)) - Successfully ran Atomic Files.move /home/runner/work/ratis/ratis/ratis-examples/target/test/data/6cc99a4c/MiniRaftClusterWithNettyeee6e424/s7/4c4f035b-aa8d-4293-9e7b-676cd6864c30/current/raft-meta.conf.tmp to /home/runner/work/ratis/ratis/ratis-examples/target/test/data/6cc99a4c/MiniRaftClusterWithNettyeee6e424/s7/4c4f035b-aa8d-4293-9e7b-676cd6864c30/current/raft-meta.conf with options [REPLACE_EXISTING]
2024-10-16 23:57:32,384 INFO  server.RaftServer$Division (ServerState.java:setRaftConf(386)) - s2@group-676CD6864C30: set configuration conf: {index: 129, cur=peers:[s3|0.0.0.0:15018, s4|0.0.0.0:15019, s5|0.0.0.0:15020, s6|0.0.0.0:15021, s7|0.0.0.0:15022, s8|0.0.0.0:15023, s9|0.0.0.0:15024, s11|0.0.0.0:15026, s10|0.0.0.0:15025, s13|0.0.0.0:15028, s12|0.0.0.0:15027, s14|0.0.0.0:15029, s0|0.0.0.0:15015, s1|0.0.0.0:15016, s2|0.0.0.0:15017]|listeners:[], old=peers:[s4|0.0.0.0:15019, s5|0.0.0.0:15020, s11|0.0.0.0:15026, s6|0.0.0.0:15021, s10|0.0.0.0:15025, s13|0.0.0.0:15028, s12|0.0.0.0:15027, s0|0.0.0.0:15015, s1|0.0.0.0:15016]|listeners:[]}
2024-10-16 23:57:32,384 INFO  server.RaftServer$Division (ServerState.java:setRaftConf(386)) - s2@group-676CD6864C30: set configuration conf: {index: 131, cur=peers:[s3|0.0.0.0:15018, s4|0.0.0.0:15019, s5|0.0.0.0:15020, s6|0.0.0.0:15021, s7|0.0.0.0:15022, s8|0.0.0.0:15023, s9|0.0.0.0:15024, s11|0.0.0.0:15026, s10|0.0.0.0:15025, s13|0.0.0.0:15028, s12|0.0.0.0:15027, s14|0.0.0.0:15029, s0|0.0.0.0:15015, s1|0.0.0.0:15016, s2|0.0.0.0:15017]|listeners:[], old=null}
2024-10-16 23:57:32,384 DEBUG server.RaftServer$Division (RaftServerImpl.java:logAppendEntries(1549)) - s2@group-676CD6864C30: appendEntries* reply s5<-s2#7090:OK-t1,SUCCESS,nextIndex=133,followerCommit=132,matchIndex=132
2024-10-16 23:57:32,384 TRACE util.FileUtils (LogUtils.java:supplyAndLog(69)) - Successfully supplied FileChannel.open /home/runner/work/ratis/ratis/ratis-examples/target/test/data/6cc99a4c/MiniRaftClusterWithNettyeee6e424/s2/4c4f035b-aa8d-4293-9e7b-676cd6864c30/current/raft-meta.conf.tmp with options [CREATE, WRITE]: sun.nio.ch.FileChannelImpl@766e7aef
2024-10-16 23:57:32,385 INFO  server.RaftServer$Division (ServerState.java:setRaftConf(386)) - s7@group-676CD6864C30: set configuration conf: {index: 129, cur=peers:[s3|0.0.0.0:15018, s4|0.0.0.0:15019, s5|0.0.0.0:15020, s6|0.0.0.0:15021, s7|0.0.0.0:15022, s8|0.0.0.0:15023, s9|0.0.0.0:15024, s11|0.0.0.0:15026, s10|0.0.0.0:15025, s13|0.0.0.0:15028, s12|0.0.0.0:15027, s14|0.0.0.0:15029, s0|0.0.0.0:15015, s1|0.0.0.0:15016, s2|0.0.0.0:15017]|listeners:[], old=peers:[s4|0.0.0.0:15019, s5|0.0.0.0:15020, s11|0.0.0.0:15026, s6|0.0.0.0:15021, s10|0.0.0.0:15025, s13|0.0.0.0:15028, s12|0.0.0.0:15027, s0|0.0.0.0:15015, s1|0.0.0.0:15016]|listeners:[]}
2024-10-16 23:57:32,385 INFO  server.RaftServer$Division (ServerState.java:setRaftConf(386)) - s7@group-676CD6864C30: set configuration conf: {index: 131, cur=peers:[s3|0.0.0.0:15018, s4|0.0.0.0:15019, s5|0.0.0.0:15020, s6|0.0.0.0:15021, s7|0.0.0.0:15022, s8|0.0.0.0:15023, s9|0.0.0.0:15024, s11|0.0.0.0:15026, s10|0.0.0.0:15025, s13|0.0.0.0:15028, s12|0.0.0.0:15027, s14|0.0.0.0:15029, s0|0.0.0.0:15015, s1|0.0.0.0:15016, s2|0.0.0.0:15017]|listeners:[], old=null}
2024-10-16 23:57:32,385 DEBUG server.RaftServer$Division (RaftServerImpl.java:logAppendEntries(1549)) - s7@group-676CD6864C30: appendEntries* reply s5<-s7#7092:OK-t1,SUCCESS,nextIndex=133,followerCommit=132,matchIndex=132
2024-10-16 23:57:32,386 TRACE util.FileUtils (LogUtils.java:supplyAndLog(69)) - Successfully supplied FileChannel.open /home/runner/work/ratis/ratis/ratis-examples/target/test/data/6cc99a4c/MiniRaftClusterWithNettyeee6e424/s7/4c4f035b-aa8d-4293-9e7b-676cd6864c30/current/raft-meta.conf.tmp with options [CREATE, WRITE]: sun.nio.ch.FileChannelImpl@4d6c887d
2024-10-16 23:57:32,389 INFO  server.RaftServerConfigKeys (ConfUtils.java:logGet(46)) - raft.server.rpc.timeout.max = 600ms (custom)
2024-10-16 23:57:32,389 INFO  ratis.RaftTestUtil (RaftTestUtil.java:waitForLeader(107)) - printing ALL groups
  s3:  RUNNING [
   FOLLOWER s3@group-9EBC86A0B11D:t0, leader=null, voted=, raftlog=Memoized:s3@group-9EBC86A0B11D-SegmentedRaftLog:OPENED:c-1:lastnull, conf=conf: {index: -1, cur=peers:[]|listeners:[], old=null} STARTING
   FOLLOWER s3@group-676CD6864C30:t1, leader=s5, voted=null, raftlog=Memoized:s3@group-676CD6864C30-SegmentedRaftLog:OPENED:c131:last(t:1, i:132), conf=conf: {index: 131, cur=peers:[s3|0.0.0.0:15018, s4|0.0.0.0:15019, s5|0.0.0.0:15020, s6|0.0.0.0:15021, s7|0.0.0.0:15022, s8|0.0.0.0:15023, s9|0.0.0.0:15024, s11|0.0.0.0:15026, s10|0.0.0.0:15025, s13|0.0.0.0:15028, s12|0.0.0.0:15027, s14|0.0.0.0:15029, s0|0.0.0.0:15015, s1|0.0.0.0:15016, s2|0.0.0.0:15017]|listeners:[], old=null} RUNNING] size=2
  s4:  RUNNING [
   FOLLOWER s4@group-9EBC86A0B11D:t0, leader=null, voted=, raftlog=Memoized:s4@group-9EBC86A0B11D-SegmentedRaftLog:OPENED:c-1:lastnull, conf=conf: {index: -1, cur=peers:[]|listeners:[], old=null} STARTING
   FOLLOWER s4@group-676CD6864C30:t1, leader=s5, voted=s5, raftlog=Memoized:s4@group-676CD6864C30-SegmentedRaftLog:OPENED:c131:last(t:1, i:132), conf=conf: {index: 131, cur=peers:[s3|0.0.0.0:15018, s4|0.0.0.0:15019, s5|0.0.0.0:15020, s6|0.0.0.0:15021, s7|0.0.0.0:15022, s8|0.0.0.0:15023, s9|0.0.0.0:15024, s11|0.0.0.0:15026, s10|0.0.0.0:15025, s13|0.0.0.0:15028, s12|0.0.0.0:15027, s14|0.0.0.0:15029, s0|0.0.0.0:15015, s1|0.0.0.0:15016, s2|0.0.0.0:15017]|listeners:[], old=null} RUNNING] size=2
  s5:  RUNNING [
   FOLLOWER s5@group-9EBC86A0B11D:t0, leader=null, voted=, raftlog=Memoized:s5@group-9EBC86A0B11D-SegmentedRaftLog:OPENED:c-1:lastnull, conf=conf: {index: -1, cur=peers:[]|listeners:[], old=null} STARTING
     LEADER s5@group-676CD6864C30:t1, leader=s5, voted=s5, raftlog=Memoized:s5@group-676CD6864C30-SegmentedRaftLog:OPENED:c132:last(t:1, i:132), conf=conf: {index: 131, cur=peers:[s3|0.0.0.0:15018, s4|0.0.0.0:15019, s5|0.0.0.0:15020, s6|0.0.0.0:15021, s7|0.0.0.0:15022, s8|0.0.0.0:15023, s9|0.0.0.0:15024, s11|0.0.0.0:15026, s10|0.0.0.0:15025, s13|0.0.0.0:15028, s12|0.0.0.0:15027, s14|0.0.0.0:15029, s0|0.0.0.0:15015, s1|0.0.0.0:15016, s2|0.0.0.0:15017]|listeners:[], old=null} RUNNING] size=2
  s6:  RUNNING [
   FOLLOWER s6@group-9EBC86A0B11D:t0, leader=null, voted=, raftlog=Memoized:s6@group-9EBC86A0B11D-SegmentedRaftLog:OPENED:c-1:lastnull, conf=conf: {index: -1, cur=peers:[]|listeners:[], old=null} STARTING
   FOLLOWER s6@group-676CD6864C30:t1, leader=s5, voted=s5, raftlog=Memoized:s6@group-676CD6864C30-SegmentedRaftLog:OPENED:c131:last(t:1, i:132), conf=conf: {index: 131, cur=peers:[s3|0.0.0.0:15018, s4|0.0.0.0:15019, s5|0.0.0.0:15020, s6|0.0.0.0:15021, s7|0.0.0.0:15022, s8|0.0.0.0:15023, s9|0.0.0.0:15024, s11|0.0.0.0:15026, s10|0.0.0.0:15025, s13|0.0.0.0:15028, s12|0.0.0.0:15027, s14|0.0.0.0:15029, s0|0.0.0.0:15015, s1|0.0.0.0:15016, s2|0.0.0.0:15017]|listeners:[], old=null} RUNNING] size=2
  s7:  RUNNING [
   FOLLOWER s7@group-9EBC86A0B11D:t0, leader=null, voted=, raftlog=Memoized:s7@group-9EBC86A0B11D-SegmentedRaftLog:OPENED:c-1:lastnull, conf=conf: {index: -1, cur=peers:[]|listeners:[], old=null} STARTING
   FOLLOWER s7@group-676CD6864C30:t1, leader=s5, voted=null, raftlog=Memoized:s7@group-676CD6864C30-SegmentedRaftLog:OPENED:c132:last(t:1, i:132), conf=conf: {index: 131, cur=peers:[s3|0.0.0.0:15018, s4|0.0.0.0:15019, s5|0.0.0.0:15020, s6|0.0.0.0:15021, s7|0.0.0.0:15022, s8|0.0.0.0:15023, s9|0.0.0.0:15024, s11|0.0.0.0:15026, s10|0.0.0.0:15025, s13|0.0.0.0:15028, s12|0.0.0.0:15027, s14|0.0.0.0:15029, s0|0.0.0.0:15015, s1|0.0.0.0:15016, s2|0.0.0.0:15017]|listeners:[], old=null} RUNNING] size=2
  s8:  RUNNING [
   FOLLOWER s8@group-9EBC86A0B11D:t0, leader=null, voted=, raftlog=Memoized:s8@group-9EBC86A0B11D-SegmentedRaftLog:OPENED:c-1:lastnull, conf=conf: {index: -1, cur=peers:[]|listeners:[], old=null} STARTING
   FOLLOWER s8@group-676CD6864C30:t1, leader=s5, voted=null, raftlog=Memoized:s8@group-676CD6864C30-SegmentedRaftLog:OPENED:c132:last(t:1, i:132), conf=conf: {index: 131, cur=peers:[s3|0.0.0.0:15018, s4|0.0.0.0:15019, s5|0.0.0.0:15020, s6|0.0.0.0:15021, s7|0.0.0.0:15022, s8|0.0.0.0:15023, s9|0.0.0.0:15024, s11|0.0.0.0:15026, s10|0.0.0.0:15025, s13|0.0.0.0:15028, s12|0.0.0.0:15027, s14|0.0.0.0:15029, s0|0.0.0.0:15015, s1|0.0.0.0:15016, s2|0.0.0.0:15017]|listeners:[], old=null} RUNNING] size=2
  s9:  RUNNING [
   FOLLOWER s9@group-9EBC86A0B11D:t0, leader=null, voted=, raftlog=Memoized:s9@group-9EBC86A0B11D-SegmentedRaftLog:OPENED:c-1:lastnull, conf=conf: {index: -1, cur=peers:[]|listeners:[], old=null} STARTING
   FOLLOWER s9@group-676CD6864C30:t1, leader=s5, voted=null, raftlog=Memoized:s9@group-676CD6864C30-SegmentedRaftLog:OPENED:c132:last(t:1, i:132), conf=conf: {index: 131, cur=peers:[s3|0.0.0.0:15018, s4|0.0.0.0:15019, s5|0.0.0.0:15020, s6|0.0.0.0:15021, s7|0.0.0.0:15022, s8|0.0.0.0:15023, s9|0.0.0.0:15024, s11|0.0.0.0:15026, s10|0.0.0.0:15025, s13|0.0.0.0:15028, s12|0.0.0.0:15027, s14|0.0.0.0:15029, s0|0.0.0.0:15015, s1|0.0.0.0:15016, s2|0.0.0.0:15017]|listeners:[], old=null} RUNNING] size=2
  s11:  RUNNING [
   FOLLOWER s11@group-9EBC86A0B11D:t0, leader=null, voted=, raftlog=Memoized:s11@group-9EBC86A0B11D-SegmentedRaftLog:OPENED:c-1:lastnull, conf=conf: {index: -1, cur=peers:[]|listeners:[], old=null} STARTING
   FOLLOWER s11@group-676CD6864C30:t1, leader=s5, voted=null, raftlog=Memoized:s11@group-676CD6864C30-SegmentedRaftLog:OPENED:c131:last(t:1, i:132), conf=conf: {index: 131, cur=peers:[s3|0.0.0.0:15018, s4|0.0.0.0:15019, s5|0.0.0.0:15020, s6|0.0.0.0:15021, s7|0.0.0.0:15022, s8|0.0.0.0:15023, s9|0.0.0.0:15024, s11|0.0.0.0:15026, s10|0.0.0.0:15025, s13|0.0.0.0:15028, s12|0.0.0.0:15027, s14|0.0.0.0:15029, s0|0.0.0.0:15015, s1|0.0.0.0:15016, s2|0.0.0.0:15017]|listeners:[], old=null} RUNNING] size=2
  s10:  RUNNING [
   FOLLOWER s10@group-9EBC86A0B11D:t0, leader=null, voted=, raftlog=Memoized:s10@group-9EBC86A0B11D-SegmentedRaftLog:OPENED:c-1:lastnull, conf=conf: {index: -1, cur=peers:[]|listeners:[], old=null} STARTING
   FOLLOWER s10@group-676CD6864C30:t1, leader=s5, voted=null, raftlog=Memoized:s10@group-676CD6864C30-SegmentedRaftLog:OPENED:c131:last(t:1, i:132), conf=conf: {index: 131, cur=peers:[s3|0.0.0.0:15018, s4|0.0.0.0:15019, s5|0.0.0.0:15020, s6|0.0.0.0:15021, s7|0.0.0.0:15022, s8|0.0.0.0:15023, s9|0.0.0.0:15024, s11|0.0.0.0:15026, s10|0.0.0.0:15025, s13|0.0.0.0:15028, s12|0.0.0.0:15027, s14|0.0.0.0:15029, s0|0.0.0.0:15015, s1|0.0.0.0:15016, s2|0.0.0.0:15017]|listeners:[], old=null} RUNNING] size=2
  s13:  RUNNING [
   FOLLOWER s13@group-9EBC86A0B11D:t0, leader=null, voted=, raftlog=Memoized:s13@group-9EBC86A0B11D-SegmentedRaftLog:OPENED:c-1:lastnull, conf=conf: {index: -1, cur=peers:[]|listeners:[], old=null} STARTING
   FOLLOWER s13@group-676CD6864C30:t1, leader=s5, voted=null, raftlog=Memoized:s13@group-676CD6864C30-SegmentedRaftLog:OPENED:c131:last(t:1, i:132), conf=conf: {index: 131, cur=peers:[s3|0.0.0.0:15018, s4|0.0.0.0:15019, s5|0.0.0.0:15020, s6|0.0.0.0:15021, s7|0.0.0.0:15022, s8|0.0.0.0:15023, s9|0.0.0.0:15024, s11|0.0.0.0:15026, s10|0.0.0.0:15025, s13|0.0.0.0:15028, s12|0.0.0.0:15027, s14|0.0.0.0:15029, s0|0.0.0.0:15015, s1|0.0.0.0:15016, s2|0.0.0.0:15017]|listeners:[], old=null} RUNNING] size=2
  s12:  RUNNING [
   FOLLOWER s12@group-9EBC86A0B11D:t0, leader=null, voted=, raftlog=Memoized:s12@group-9EBC86A0B11D-SegmentedRaftLog:OPENED:c-1:lastnull, conf=conf: {index: -1, cur=peers:[]|listeners:[], old=null} STARTING
   FOLLOWER s12@group-676CD6864C30:t1, leader=s5, voted=null, raftlog=Memoized:s12@group-676CD6864C30-SegmentedRaftLog:OPENED:c131:last(t:1, i:132), conf=conf: {index: 131, cur=peers:[s3|0.0.0.0:15018, s4|0.0.0.0:15019, s5|0.0.0.0:15020, s6|0.0.0.0:15021, s7|0.0.0.0:15022, s8|0.0.0.0:15023, s9|0.0.0.0:15024, s11|0.0.0.0:15026, s10|0.0.0.0:15025, s13|0.0.0.0:15028, s12|0.0.0.0:15027, s14|0.0.0.0:15029, s0|0.0.0.0:15015, s1|0.0.0.0:15016, s2|0.0.0.0:15017]|listeners:[], old=null} RUNNING] size=2
  s14:  RUNNING [
   FOLLOWER s14@group-9EBC86A0B11D:t0, leader=null, voted=, raftlog=Memoized:s14@group-9EBC86A0B11D-SegmentedRaftLog:OPENED:c-1:lastnull, conf=conf: {index: -1, cur=peers:[]|listeners:[], old=null} STARTING
   FOLLOWER s14@group-676CD6864C30:t1, leader=s5, voted=null, raftlog=Memoized:s14@group-676CD6864C30-SegmentedRaftLog:OPENED:c131:last(t:1, i:132), conf=conf: {index: 131, cur=peers:[s3|0.0.0.0:15018, s4|0.0.0.0:15019, s5|0.0.0.0:15020, s6|0.0.0.0:15021, s7|0.0.0.0:15022, s8|0.0.0.0:15023, s9|0.0.0.0:15024, s11|0.0.0.0:15026, s10|0.0.0.0:15025, s13|0.0.0.0:15028, s12|0.0.0.0:15027, s14|0.0.0.0:15029, s0|0.0.0.0:15015, s1|0.0.0.0:15016, s2|0.0.0.0:15017]|listeners:[], old=null} RUNNING] size=2
  s0:  RUNNING [
   FOLLOWER s0@group-9EBC86A0B11D:t0, leader=null, voted=, raftlog=Memoized:s0@group-9EBC86A0B11D-SegmentedRaftLog:OPENED:c-1:lastnull, conf=conf: {index: -1, cur=peers:[]|listeners:[], old=null} STARTING
   FOLLOWER s0@group-676CD6864C30:t1, leader=s5, voted=null, raftlog=Memoized:s0@group-676CD6864C30-SegmentedRaftLog:OPENED:c131:last(t:1, i:132), conf=conf: {index: 131, cur=peers:[s3|0.0.0.0:15018, s4|0.0.0.0:15019, s5|0.0.0.0:15020, s6|0.0.0.0:15021, s7|0.0.0.0:15022, s8|0.0.0.0:15023, s9|0.0.0.0:15024, s11|0.0.0.0:15026, s10|0.0.0.0:15025, s13|0.0.0.0:15028, s12|0.0.0.0:15027, s14|0.0.0.0:15029, s0|0.0.0.0:15015, s1|0.0.0.0:15016, s2|0.0.0.0:15017]|listeners:[], old=null} RUNNING] size=2
  s1:  RUNNING [
   FOLLOWER s1@group-9EBC86A0B11D:t0, leader=null, voted=, raftlog=Memoized:s1@group-9EBC86A0B11D-SegmentedRaftLog:OPENED:c-1:lastnull, conf=conf: {index: -1, cur=peers:[]|listeners:[], old=null} STARTING
   FOLLOWER s1@group-676CD6864C30:t1, leader=s5, voted=null, raftlog=Memoized:s1@group-676CD6864C30-SegmentedRaftLog:OPENED:c132:last(t:1, i:132), conf=conf: {index: 131, cur=peers:[s3|0.0.0.0:15018, s4|0.0.0.0:15019, s5|0.0.0.0:15020, s6|0.0.0.0:15021, s7|0.0.0.0:15022, s8|0.0.0.0:15023, s9|0.0.0.0:15024, s11|0.0.0.0:15026, s10|0.0.0.0:15025, s13|0.0.0.0:15028, s12|0.0.0.0:15027, s14|0.0.0.0:15029, s0|0.0.0.0:15015, s1|0.0.0.0:15016, s2|0.0.0.0:15017]|listeners:[], old=null} RUNNING] size=2
  s2:  RUNNING [
   FOLLOWER s2@group-9EBC86A0B11D:t0, leader=null, voted=, raftlog=Memoized:s2@group-9EBC86A0B11D-SegmentedRaftLog:OPENED:c-1:lastnull, conf=conf: {index: -1, cur=peers:[]|listeners:[], old=null} STARTING
   FOLLOWER s2@group-676CD6864C30:t1, leader=s5, voted=null, raftlog=Memoized:s2@group-676CD6864C30-SegmentedRaftLog:OPENED:c132:last(t:1, i:132), conf=conf: {index: 131, cur=peers:[s3|0.0.0.0:15018, s4|0.0.0.0:15019, s5|0.0.0.0:15020, s6|0.0.0.0:15021, s7|0.0.0.0:15022, s8|0.0.0.0:15023, s9|0.0.0.0:15024, s11|0.0.0.0:15026, s10|0.0.0.0:15025, s13|0.0.0.0:15028, s12|0.0.0.0:15027, s14|0.0.0.0:15029, s0|0.0.0.0:15015, s1|0.0.0.0:15016, s2|0.0.0.0:15017]|listeners:[], old=null} RUNNING] size=2
2024-10-16 23:57:32,390 INFO  ratis.RaftTestUtil (RaftTestUtil.java:waitForLeader(131)) - printing ALL groups
  s3:  RUNNING [
   FOLLOWER s3@group-9EBC86A0B11D:t0, leader=null, voted=, raftlog=Memoized:s3@group-9EBC86A0B11D-SegmentedRaftLog:OPENED:c-1:lastnull, conf=conf: {index: -1, cur=peers:[]|listeners:[], old=null} STARTING
   FOLLOWER s3@group-676CD6864C30:t1, leader=s5, voted=null, raftlog=Memoized:s3@group-676CD6864C30-SegmentedRaftLog:OPENED:c131:last(t:1, i:132), conf=conf: {index: 131, cur=peers:[s3|0.0.0.0:15018, s4|0.0.0.0:15019, s5|0.0.0.0:15020, s6|0.0.0.0:15021, s7|0.0.0.0:15022, s8|0.0.0.0:15023, s9|0.0.0.0:15024, s11|0.0.0.0:15026, s10|0.0.0.0:15025, s13|0.0.0.0:15028, s12|0.0.0.0:15027, s14|0.0.0.0:15029, s0|0.0.0.0:15015, s1|0.0.0.0:15016, s2|0.0.0.0:15017]|listeners:[], old=null} RUNNING] size=2
  s4:  RUNNING [
   FOLLOWER s4@group-9EBC86A0B11D:t0, leader=null, voted=, raftlog=Memoized:s4@group-9EBC86A0B11D-SegmentedRaftLog:OPENED:c-1:lastnull, conf=conf: {index: -1, cur=peers:[]|listeners:[], old=null} STARTING
   FOLLOWER s4@group-676CD6864C30:t1, leader=s5, voted=s5, raftlog=Memoized:s4@group-676CD6864C30-SegmentedRaftLog:OPENED:c131:last(t:1, i:132), conf=conf: {index: 131, cur=peers:[s3|0.0.0.0:15018, s4|0.0.0.0:15019, s5|0.0.0.0:15020, s6|0.0.0.0:15021, s7|0.0.0.0:15022, s8|0.0.0.0:15023, s9|0.0.0.0:15024, s11|0.0.0.0:15026, s10|0.0.0.0:15025, s13|0.0.0.0:15028, s12|0.0.0.0:15027, s14|0.0.0.0:15029, s0|0.0.0.0:15015, s1|0.0.0.0:15016, s2|0.0.0.0:15017]|listeners:[], old=null} RUNNING] size=2
  s5:  RUNNING [
   FOLLOWER s5@group-9EBC86A0B11D:t0, leader=null, voted=, raftlog=Memoized:s5@group-9EBC86A0B11D-SegmentedRaftLog:OPENED:c-1:lastnull, conf=conf: {index: -1, cur=peers:[]|listeners:[], old=null} STARTING
     LEADER s5@group-676CD6864C30:t1, leader=s5, voted=s5, raftlog=Memoized:s5@group-676CD6864C30-SegmentedRaftLog:OPENED:c132:last(t:1, i:132), conf=conf: {index: 131, cur=peers:[s3|0.0.0.0:15018, s4|0.0.0.0:15019, s5|0.0.0.0:15020, s6|0.0.0.0:15021, s7|0.0.0.0:15022, s8|0.0.0.0:15023, s9|0.0.0.0:15024, s11|0.0.0.0:15026, s10|0.0.0.0:15025, s13|0.0.0.0:15028, s12|0.0.0.0:15027, s14|0.0.0.0:15029, s0|0.0.0.0:15015, s1|0.0.0.0:15016, s2|0.0.0.0:15017]|listeners:[], old=null} RUNNING] size=2
  s6:  RUNNING [
   FOLLOWER s6@group-9EBC86A0B11D:t0, leader=null, voted=, raftlog=Memoized:s6@group-9EBC86A0B11D-SegmentedRaftLog:OPENED:c-1:lastnull, conf=conf: {index: -1, cur=peers:[]|listeners:[], old=null} STARTING
   FOLLOWER s6@group-676CD6864C30:t1, leader=s5, voted=s5, raftlog=Memoized:s6@group-676CD6864C30-SegmentedRaftLog:OPENED:c131:last(t:1, i:132), conf=conf: {index: 131, cur=peers:[s3|0.0.0.0:15018, s4|0.0.0.0:15019, s5|0.0.0.0:15020, s6|0.0.0.0:15021, s7|0.0.0.0:15022, s8|0.0.0.0:15023, s9|0.0.0.0:15024, s11|0.0.0.0:15026, s10|0.0.0.0:15025, s13|0.0.0.0:15028, s12|0.0.0.0:15027, s14|0.0.0.0:15029, s0|0.0.0.0:15015, s1|0.0.0.0:15016, s2|0.0.0.0:15017]|listeners:[], old=null} RUNNING] size=2
  s7:  RUNNING [
   FOLLOWER s7@group-9EBC86A0B11D:t0, leader=null, voted=, raftlog=Memoized:s7@group-9EBC86A0B11D-SegmentedRaftLog:OPENED:c-1:lastnull, conf=conf: {index: -1, cur=peers:[]|listeners:[], old=null} STARTING
   FOLLOWER s7@group-676CD6864C30:t1, leader=s5, voted=null, raftlog=Memoized:s7@group-676CD6864C30-SegmentedRaftLog:OPENED:c132:last(t:1, i:132), conf=conf: {index: 131, cur=peers:[s3|0.0.0.0:15018, s4|0.0.0.0:15019, s5|0.0.0.0:15020, s6|0.0.0.0:15021, s7|0.0.0.0:15022, s8|0.0.0.0:15023, s9|0.0.0.0:15024, s11|0.0.0.0:15026, s10|0.0.0.0:15025, s13|0.0.0.0:15028, s12|0.0.0.0:15027, s14|0.0.0.0:15029, s0|0.0.0.0:15015, s1|0.0.0.0:15016, s2|0.0.0.0:15017]|listeners:[], old=null} RUNNING] size=2
  s8:  RUNNING [
   FOLLOWER s8@group-9EBC86A0B11D:t0, leader=null, voted=, raftlog=Memoized:s8@group-9EBC86A0B11D-SegmentedRaftLog:OPENED:c-1:lastnull, conf=conf: {index: -1, cur=peers:[]|listeners:[], old=null} STARTING
   FOLLOWER s8@group-676CD6864C30:t1, leader=s5, voted=null, raftlog=Memoized:s8@group-676CD6864C30-SegmentedRaftLog:OPENED:c132:last(t:1, i:132), conf=conf: {index: 131, cur=peers:[s3|0.0.0.0:15018, s4|0.0.0.0:15019, s5|0.0.0.0:15020, s6|0.0.0.0:15021, s7|0.0.0.0:15022, s8|0.0.0.0:15023, s9|0.0.0.0:15024, s11|0.0.0.0:15026, s10|0.0.0.0:15025, s13|0.0.0.0:15028, s12|0.0.0.0:15027, s14|0.0.0.0:15029, s0|0.0.0.0:15015, s1|0.0.0.0:15016, s2|0.0.0.0:15017]|listeners:[], old=null} RUNNING] size=2
  s9:  RUNNING [
   FOLLOWER s9@group-9EBC86A0B11D:t0, leader=null, voted=, raftlog=Memoized:s9@group-9EBC86A0B11D-SegmentedRaftLog:OPENED:c-1:lastnull, conf=conf: {index: -1, cur=peers:[]|listeners:[], old=null} STARTING
   FOLLOWER s9@group-676CD6864C30:t1, leader=s5, voted=null, raftlog=Memoized:s9@group-676CD6864C30-SegmentedRaftLog:OPENED:c132:last(t:1, i:132), conf=conf: {index: 131, cur=peers:[s3|0.0.0.0:15018, s4|0.0.0.0:15019, s5|0.0.0.0:15020, s6|0.0.0.0:15021, s7|0.0.0.0:15022, s8|0.0.0.0:15023, s9|0.0.0.0:15024, s11|0.0.0.0:15026, s10|0.0.0.0:15025, s13|0.0.0.0:15028, s12|0.0.0.0:15027, s14|0.0.0.0:15029, s0|0.0.0.0:15015, s1|0.0.0.0:15016, s2|0.0.0.0:15017]|listeners:[], old=null} RUNNING] size=2
  s11:  RUNNING [
   FOLLOWER s11@group-9EBC86A0B11D:t0, leader=null, voted=, raftlog=Memoized:s11@group-9EBC86A0B11D-SegmentedRaftLog:OPENED:c-1:lastnull, conf=conf: {index: -1, cur=peers:[]|listeners:[], old=null} STARTING
   FOLLOWER s11@group-676CD6864C30:t1, leader=s5, voted=null, raftlog=Memoized:s11@group-676CD6864C30-SegmentedRaftLog:OPENED:c131:last(t:1, i:132), conf=conf: {index: 131, cur=peers:[s3|0.0.0.0:15018, s4|0.0.0.0:15019, s5|0.0.0.0:15020, s6|0.0.0.0:15021, s7|0.0.0.0:15022, s8|0.0.0.0:15023, s9|0.0.0.0:15024, s11|0.0.0.0:15026, s10|0.0.0.0:15025, s13|0.0.0.0:15028, s12|0.0.0.0:15027, s14|0.0.0.0:15029, s0|0.0.0.0:15015, s1|0.0.0.0:15016, s2|0.0.0.0:15017]|listeners:[], old=null} RUNNING] size=2
  s10:  RUNNING [
   FOLLOWER s10@group-9EBC86A0B11D:t0, leader=null, voted=, raftlog=Memoized:s10@group-9EBC86A0B11D-SegmentedRaftLog:OPENED:c-1:lastnull, conf=conf: {index: -1, cur=peers:[]|listeners:[], old=null} STARTING
   FOLLOWER s10@group-676CD6864C30:t1, leader=s5, voted=null, raftlog=Memoized:s10@group-676CD6864C30-SegmentedRaftLog:OPENED:c131:last(t:1, i:132), conf=conf: {index: 131, cur=peers:[s3|0.0.0.0:15018, s4|0.0.0.0:15019, s5|0.0.0.0:15020, s6|0.0.0.0:15021, s7|0.0.0.0:15022, s8|0.0.0.0:15023, s9|0.0.0.0:15024, s11|0.0.0.0:15026, s10|0.0.0.0:15025, s13|0.0.0.0:15028, s12|0.0.0.0:15027, s14|0.0.0.0:15029, s0|0.0.0.0:15015, s1|0.0.0.0:15016, s2|0.0.0.0:15017]|listeners:[], old=null} RUNNING] size=2
  s13:  RUNNING [
   FOLLOWER s13@group-9EBC86A0B11D:t0, leader=null, voted=, raftlog=Memoized:s13@group-9EBC86A0B11D-SegmentedRaftLog:OPENED:c-1:lastnull, conf=conf: {index: -1, cur=peers:[]|listeners:[], old=null} STARTING
   FOLLOWER s13@group-676CD6864C30:t1, leader=s5, voted=null, raftlog=Memoized:s13@group-676CD6864C30-SegmentedRaftLog:OPENED:c131:last(t:1, i:132), conf=conf: {index: 131, cur=peers:[s3|0.0.0.0:15018, s4|0.0.0.0:15019, s5|0.0.0.0:15020, s6|0.0.0.0:15021, s7|0.0.0.0:15022, s8|0.0.0.0:15023, s9|0.0.0.0:15024, s11|0.0.0.0:15026, s10|0.0.0.0:15025, s13|0.0.0.0:15028, s12|0.0.0.0:15027, s14|0.0.0.0:15029, s0|0.0.0.0:15015, s1|0.0.0.0:15016, s2|0.0.0.0:15017]|listeners:[], old=null} RUNNING] size=2
  s12:  RUNNING [
   FOLLOWER s12@group-9EBC86A0B11D:t0, leader=null, voted=, raftlog=Memoized:s12@group-9EBC86A0B11D-SegmentedRaftLog:OPENED:c-1:lastnull, conf=conf: {index: -1, cur=peers:[]|listeners:[], old=null} STARTING
   FOLLOWER s12@group-676CD6864C30:t1, leader=s5, voted=null, raftlog=Memoized:s12@group-676CD6864C30-SegmentedRaftLog:OPENED:c131:last(t:1, i:132), conf=conf: {index: 131, cur=peers:[s3|0.0.0.0:15018, s4|0.0.0.0:15019, s5|0.0.0.0:15020, s6|0.0.0.0:15021, s7|0.0.0.0:15022, s8|0.0.0.0:15023, s9|0.0.0.0:15024, s11|0.0.0.0:15026, s10|0.0.0.0:15025, s13|0.0.0.0:15028, s12|0.0.0.0:15027, s14|0.0.0.0:15029, s0|0.0.0.0:15015, s1|0.0.0.0:15016, s2|0.0.0.0:15017]|listeners:[], old=null} RUNNING] size=2
  s14:  RUNNING [
   FOLLOWER s14@group-9EBC86A0B11D:t0, leader=null, voted=, raftlog=Memoized:s14@group-9EBC86A0B11D-SegmentedRaftLog:OPENED:c-1:lastnull, conf=conf: {index: -1, cur=peers:[]|listeners:[], old=null} STARTING
   FOLLOWER s14@group-676CD6864C30:t1, leader=s5, voted=null, raftlog=Memoized:s14@group-676CD6864C30-SegmentedRaftLog:OPENED:c131:last(t:1, i:132), conf=conf: {index: 131, cur=peers:[s3|0.0.0.0:15018, s4|0.0.0.0:15019, s5|0.0.0.0:15020, s6|0.0.0.0:15021, s7|0.0.0.0:15022, s8|0.0.0.0:15023, s9|0.0.0.0:15024, s11|0.0.0.0:15026, s10|0.0.0.0:15025, s13|0.0.0.0:15028, s12|0.0.0.0:15027, s14|0.0.0.0:15029, s0|0.0.0.0:15015, s1|0.0.0.0:15016, s2|0.0.0.0:15017]|listeners:[], old=null} RUNNING] size=2
  s0:  RUNNING [
   FOLLOWER s0@group-9EBC86A0B11D:t0, leader=null, voted=, raftlog=Memoized:s0@group-9EBC86A0B11D-SegmentedRaftLog:OPENED:c-1:lastnull, conf=conf: {index: -1, cur=peers:[]|listeners:[], old=null} STARTING
   FOLLOWER s0@group-676CD6864C30:t1, leader=s5, voted=null, raftlog=Memoized:s0@group-676CD6864C30-SegmentedRaftLog:OPENED:c131:last(t:1, i:132), conf=conf: {index: 131, cur=peers:[s3|0.0.0.0:15018, s4|0.0.0.0:15019, s5|0.0.0.0:15020, s6|0.0.0.0:15021, s7|0.0.0.0:15022, s8|0.0.0.0:15023, s9|0.0.0.0:15024, s11|0.0.0.0:15026, s10|0.0.0.0:15025, s13|0.0.0.0:15028, s12|0.0.0.0:15027, s14|0.0.0.0:15029, s0|0.0.0.0:15015, s1|0.0.0.0:15016, s2|0.0.0.0:15017]|listeners:[], old=null} RUNNING] size=2
  s1:  RUNNING [
   FOLLOWER s1@group-9EBC86A0B11D:t0, leader=null, voted=, raftlog=Memoized:s1@group-9EBC86A0B11D-SegmentedRaftLog:OPENED:c-1:lastnull, conf=conf: {index: -1, cur=peers:[]|listeners:[], old=null} STARTING
   FOLLOWER s1@group-676CD6864C30:t1, leader=s5, voted=null, raftlog=Memoized:s1@group-676CD6864C30-SegmentedRaftLog:OPENED:c132:last(t:1, i:132), conf=conf: {index: 131, cur=peers:[s3|0.0.0.0:15018, s4|0.0.0.0:15019, s5|0.0.0.0:15020, s6|0.0.0.0:15021, s7|0.0.0.0:15022, s8|0.0.0.0:15023, s9|0.0.0.0:15024, s11|0.0.0.0:15026, s10|0.0.0.0:15025, s13|0.0.0.0:15028, s12|0.0.0.0:15027, s14|0.0.0.0:15029, s0|0.0.0.0:15015, s1|0.0.0.0:15016, s2|0.0.0.0:15017]|listeners:[], old=null} RUNNING] size=2
  s2:  RUNNING [
   FOLLOWER s2@group-9EBC86A0B11D:t0, leader=null, voted=, raftlog=Memoized:s2@group-9EBC86A0B11D-SegmentedRaftLog:OPENED:c-1:lastnull, conf=conf: {index: -1, cur=peers:[]|listeners:[], old=null} STARTING
   FOLLOWER s2@group-676CD6864C30:t1, leader=s5, voted=null, raftlog=Memoized:s2@group-676CD6864C30-SegmentedRaftLog:OPENED:c132:last(t:1, i:132), conf=conf: {index: 131, cur=peers:[s3|0.0.0.0:15018, s4|0.0.0.0:15019, s5|0.0.0.0:15020, s6|0.0.0.0:15021, s7|0.0.0.0:15022, s8|0.0.0.0:15023, s9|0.0.0.0:15024, s11|0.0.0.0:15026, s10|0.0.0.0:15025, s13|0.0.0.0:15028, s12|0.0.0.0:15027, s14|0.0.0.0:15029, s0|0.0.0.0:15015, s1|0.0.0.0:15016, s2|0.0.0.0:15017]|listeners:[], old=null} RUNNING] size=2
2024-10-16 23:57:32,391 INFO  netty.NettyUtils (NettyUtils.java:newEventLoopGroup(74)) - Create EpollEventLoopGroup for client-BE1E56DD0B20; Thread size is 0.
2024-10-16 23:57:32,394 TRACE util.FileUtils (LogUtils.java:runAndLog(49)) - Successfully ran Atomic Files.move /home/runner/work/ratis/ratis/ratis-examples/target/test/data/6cc99a4c/MiniRaftClusterWithNettyeee6e424/s7/4c4f035b-aa8d-4293-9e7b-676cd6864c30/current/raft-meta.conf.tmp to /home/runner/work/ratis/ratis/ratis-examples/target/test/data/6cc99a4c/MiniRaftClusterWithNettyeee6e424/s7/4c4f035b-aa8d-4293-9e7b-676cd6864c30/current/raft-meta.conf with options [REPLACE_EXISTING]
2024-10-16 23:57:32,394 TRACE util.FileUtils (LogUtils.java:supplyAndLog(69)) - Successfully supplied FileChannel.open /home/runner/work/ratis/ratis/ratis-examples/target/test/data/6cc99a4c/MiniRaftClusterWithNettyeee6e424/s7/4c4f035b-aa8d-4293-9e7b-676cd6864c30/current/raft-meta.conf.tmp with options [CREATE, WRITE]: sun.nio.ch.FileChannelImpl@368e28cf
2024-10-16 23:57:32,395 INFO  logging.LoggingHandler (AbstractInternalLogger.java:log(148)) - [id: 0x07bad65c, L:/0.0.0.0:15020] READ: [id: 0xc5e2dc1b, L:/127.0.0.1:15020 - R:/127.0.0.1:52288]
2024-10-16 23:57:32,395 INFO  logging.LoggingHandler (AbstractInternalLogger.java:log(148)) - [id: 0x07bad65c, L:/0.0.0.0:15020] READ COMPLETE
2024-10-16 23:57:32,396 DEBUG server.RaftServer$Division (RaftServerImpl.java:submitClientRequestAsync(920)) - s5@group-676CD6864C30: receive client request(RaftClientRequest:client-BE1E56DD0B20->s5@group-676CD6864C30, cid=7093, seq=null, RW, Message:010161024059c0000000...(size=12))
2024-10-16 23:57:32,397 DEBUG server.RaftServer$Division (LeaderStateImpl.java:addPendingRequest(529)) - s5@group-676CD6864C30-LeaderStateImpl: addPendingRequest at RaftClientRequest:client-BE1E56DD0B20->s5@group-676CD6864C30, cid=7093, seq=null, RW, Message:010161024059c0000000...(size=12), entry=(t:1, i:133), STATEMACHINELOGENTRY, WRITE: logData.size=12, stateMachineData.size=0, logEntryProtoSerializedSize=0
2024-10-16 23:57:32,398 DEBUG server.RaftServer$Division (RaftServerImpl.java:logAppendEntries(1549)) - s4@group-676CD6864C30: appendEntries* s5->s4#7094-t1,previous=(t:1, i:132),leaderCommit=132,initializing? false,entries: size=1, first=(t:1, i:133), STATEMACHINELOGENTRY, StateMachineLogEntryProto:7093@client-BE1E56DD0B20
2024-10-16 23:57:32,398 TRACE util.FileUtils (LogUtils.java:runAndLog(49)) - Successfully ran Atomic Files.move /home/runner/work/ratis/ratis/ratis-examples/target/test/data/6cc99a4c/MiniRaftClusterWithNettyeee6e424/s2/4c4f035b-aa8d-4293-9e7b-676cd6864c30/current/raft-meta.conf.tmp to /home/runner/work/ratis/ratis/ratis-examples/target/test/data/6cc99a4c/MiniRaftClusterWithNettyeee6e424/s2/4c4f035b-aa8d-4293-9e7b-676cd6864c30/current/raft-meta.conf with options [REPLACE_EXISTING]
2024-10-16 23:57:32,398 TRACE util.FileUtils (LogUtils.java:supplyAndLog(69)) - Successfully supplied FileChannel.open /home/runner/work/ratis/ratis/ratis-examples/target/test/data/6cc99a4c/MiniRaftClusterWithNettyeee6e424/s2/4c4f035b-aa8d-4293-9e7b-676cd6864c30/current/raft-meta.conf.tmp with options [CREATE, WRITE]: sun.nio.ch.FileChannelImpl@7938aa31
2024-10-16 23:57:32,398 DEBUG server.RaftServer$Division (RaftServerImpl.java:logAppendEntries(1549)) - s4@group-676CD6864C30: appendEntries* reply s5<-s4#7094:OK-t1,SUCCESS,nextIndex=134,followerCommit=132,matchIndex=133
2024-10-16 23:57:32,399 DEBUG server.RaftServer$Division (RaftServerImpl.java:logAppendEntries(1549)) - s6@group-676CD6864C30: appendEntries* s5->s6#7096-t1,previous=(t:1, i:132),leaderCommit=132,initializing? false,entries: size=1, first=(t:1, i:133), STATEMACHINELOGENTRY, StateMachineLogEntryProto:7093@client-BE1E56DD0B20
2024-10-16 23:57:32,398 TRACE util.FileUtils (LogUtils.java:runAndLog(49)) - Successfully ran Atomic Files.move /home/runner/work/ratis/ratis/ratis-examples/target/test/data/6cc99a4c/MiniRaftClusterWithNettyeee6e424/s7/4c4f035b-aa8d-4293-9e7b-676cd6864c30/current/raft-meta.conf.tmp to /home/runner/work/ratis/ratis/ratis-examples/target/test/data/6cc99a4c/MiniRaftClusterWithNettyeee6e424/s7/4c4f035b-aa8d-4293-9e7b-676cd6864c30/current/raft-meta.conf with options [REPLACE_EXISTING]
2024-10-16 23:57:32,400 DEBUG server.RaftServer$Division (RaftServerImpl.java:logAppendEntries(1549)) - s13@group-676CD6864C30: appendEntries* s5->s13#7097-t1,previous=(t:1, i:132),leaderCommit=132,initializing? false,entries: size=1, first=(t:1, i:133), STATEMACHINELOGENTRY, StateMachineLogEntryProto:7093@client-BE1E56DD0B20
2024-10-16 23:57:32,400 DEBUG server.RaftServer$Division (RaftServerImpl.java:logAppendEntries(1549)) - s14@group-676CD6864C30: appendEntries* s5->s14#7105-t1,previous=(t:1, i:132),leaderCommit=132,initializing? false,entries: size=1, first=(t:1, i:133), STATEMACHINELOGENTRY, StateMachineLogEntryProto:7093@client-BE1E56DD0B20
2024-10-16 23:57:32,400 DEBUG server.RaftServer$Division (RaftServerImpl.java:logAppendEntries(1549)) - s10@group-676CD6864C30: appendEntries* s5->s10#7095-t1,previous=(t:1, i:132),leaderCommit=132,initializing? false,entries: size=1, first=(t:1, i:133), STATEMACHINELOGENTRY, StateMachineLogEntryProto:7093@client-BE1E56DD0B20
2024-10-16 23:57:32,400 DEBUG server.RaftServer$Division (RaftServerImpl.java:logAppendEntries(1549)) - s2@group-676CD6864C30: appendEntries* s5->s2#7107-t1,previous=(t:1, i:132),leaderCommit=132,initializing? false,entries: size=1, first=(t:1, i:133), STATEMACHINELOGENTRY, StateMachineLogEntryProto:7093@client-BE1E56DD0B20
2024-10-16 23:57:32,400 DEBUG server.RaftServer$Division (RaftServerImpl.java:logAppendEntries(1549)) - s14@group-676CD6864C30: appendEntries* reply s5<-s14#7105:OK-t1,SUCCESS,nextIndex=134,followerCommit=132,matchIndex=133
2024-10-16 23:57:32,400 DEBUG server.RaftServer$Division (RaftServerImpl.java:logAppendEntries(1549)) - s10@group-676CD6864C30: appendEntries* reply s5<-s10#7095:OK-t1,SUCCESS,nextIndex=134,followerCommit=132,matchIndex=133
2024-10-16 23:57:32,400 DEBUG server.RaftServer$Division (RaftServerImpl.java:logAppendEntries(1549)) - s0@group-676CD6864C30: appendEntries* s5->s0#7098-t1,previous=(t:1, i:132),leaderCommit=132,initializing? false,entries: size=1, first=(t:1, i:133), STATEMACHINELOGENTRY, StateMachineLogEntryProto:7093@client-BE1E56DD0B20
2024-10-16 23:57:32,400 DEBUG server.RaftServer$Division (RaftServerImpl.java:logAppendEntries(1549)) - s12@group-676CD6864C30: appendEntries* s5->s12#7099-t1,previous=(t:1, i:132),leaderCommit=132,initializing? false,entries: size=1, first=(t:1, i:133), STATEMACHINELOGENTRY, StateMachineLogEntryProto:7093@client-BE1E56DD0B20
2024-10-16 23:57:32,402 DEBUG server.RaftServer$Division (RaftServerImpl.java:logAppendEntries(1549)) - s0@group-676CD6864C30: appendEntries* reply s5<-s0#7098:OK-t1,SUCCESS,nextIndex=134,followerCommit=132,matchIndex=133
2024-10-16 23:57:32,402 DEBUG server.RaftServer$Division (RaftServerImpl.java:logAppendEntries(1549)) - s12@group-676CD6864C30: appendEntries* reply s5<-s12#7099:OK-t1,SUCCESS,nextIndex=134,followerCommit=132,matchIndex=133
2024-10-16 23:57:32,401 DEBUG server.RaftServer$Division (RaftServerImpl.java:logAppendEntries(1549)) - s3@group-676CD6864C30: appendEntries* s5->s3#7101-t1,previous=(t:1, i:132),leaderCommit=132,initializing? false,entries: size=1, first=(t:1, i:133), STATEMACHINELOGENTRY, StateMachineLogEntryProto:7093@client-BE1E56DD0B20
2024-10-16 23:57:32,401 DEBUG server.RaftServer$Division (RaftServerImpl.java:logAppendEntries(1549)) - s8@group-676CD6864C30: appendEntries* s5->s8#7106-t1,previous=(t:1, i:132),leaderCommit=132,initializing? false,entries: size=1, first=(t:1, i:133), STATEMACHINELOGENTRY, StateMachineLogEntryProto:7093@client-BE1E56DD0B20
2024-10-16 23:57:32,401 DEBUG server.RaftServer$Division (RaftServerImpl.java:logAppendEntries(1549)) - s2@group-676CD6864C30: appendEntries* reply s5<-s2#7107:OK-t1,SUCCESS,nextIndex=134,followerCommit=132,matchIndex=133
2024-10-16 23:57:32,401 DEBUG server.RaftServer$Division (RaftServerImpl.java:logAppendEntries(1549)) - s13@group-676CD6864C30: appendEntries* reply s5<-s13#7097:OK-t1,SUCCESS,nextIndex=134,followerCommit=132,matchIndex=133
2024-10-16 23:57:32,403 DEBUG server.RaftServer$Division (RaftServerImpl.java:logAppendEntries(1549)) - s3@group-676CD6864C30: appendEntries* reply s5<-s3#7101:OK-t1,SUCCESS,nextIndex=134,followerCommit=132,matchIndex=133
2024-10-16 23:57:32,401 DEBUG server.RaftServer$Division (RaftServerImpl.java:logAppendEntries(1549)) - s6@group-676CD6864C30: appendEntries* reply s5<-s6#7096:OK-t1,SUCCESS,nextIndex=134,followerCommit=132,matchIndex=133
2024-10-16 23:57:32,401 DEBUG server.RaftServer$Division (RaftServerImpl.java:logAppendEntries(1549)) - s9@group-676CD6864C30: appendEntries* s5->s9#7103-t1,previous=(t:1, i:132),leaderCommit=132,initializing? false,entries: size=1, first=(t:1, i:133), STATEMACHINELOGENTRY, StateMachineLogEntryProto:7093@client-BE1E56DD0B20
2024-10-16 23:57:32,401 DEBUG server.RaftServer$Division (RaftServerImpl.java:logAppendEntries(1549)) - s11@group-676CD6864C30: appendEntries* s5->s11#7102-t1,previous=(t:1, i:132),leaderCommit=132,initializing? false,entries: size=1, first=(t:1, i:133), STATEMACHINELOGENTRY, StateMachineLogEntryProto:7093@client-BE1E56DD0B20
2024-10-16 23:57:32,400 DEBUG server.RaftServer$Division (RaftServerImpl.java:logAppendEntries(1549)) - s1@group-676CD6864C30: appendEntries* s5->s1#7100-t1,previous=(t:1, i:132),leaderCommit=132,initializing? false,entries: size=1, first=(t:1, i:133), STATEMACHINELOGENTRY, StateMachineLogEntryProto:7093@client-BE1E56DD0B20
2024-10-16 23:57:32,403 DEBUG server.RaftServer$Division (RaftServerImpl.java:logAppendEntries(1549)) - s9@group-676CD6864C30: appendEntries* reply s5<-s9#7103:OK-t1,SUCCESS,nextIndex=134,followerCommit=132,matchIndex=133
2024-10-16 23:57:32,403 DEBUG server.RaftServer$Division (RaftServerImpl.java:logAppendEntries(1549)) - s8@group-676CD6864C30: appendEntries* reply s5<-s8#7106:OK-t1,SUCCESS,nextIndex=134,followerCommit=132,matchIndex=133
2024-10-16 23:57:32,403 DEBUG server.RaftServer$Division (RaftServerImpl.java:logAppendEntries(1549)) - s7@group-676CD6864C30: appendEntries* s5->s7#7104-t1,previous=(t:1, i:132),leaderCommit=132,initializing? false,entries: size=1, first=(t:1, i:133), STATEMACHINELOGENTRY, StateMachineLogEntryProto:7093@client-BE1E56DD0B20
2024-10-16 23:57:32,403 DEBUG server.RaftServer$Division (RaftServerImpl.java:logAppendEntries(1549)) - s11@group-676CD6864C30: appendEntries* reply s5<-s11#7102:OK-t1,SUCCESS,nextIndex=134,followerCommit=132,matchIndex=133
2024-10-16 23:57:32,404 DEBUG server.RaftServer$Division (RaftServerImpl.java:logAppendEntries(1549)) - s1@group-676CD6864C30: appendEntries* reply s5<-s1#7100:OK-t1,SUCCESS,nextIndex=134,followerCommit=132,matchIndex=133
2024-10-16 23:57:32,404 DEBUG server.RaftServer$Division (RaftServerImpl.java:logAppendEntries(1549)) - s7@group-676CD6864C30: appendEntries* reply s5<-s7#7104:OK-t1,SUCCESS,nextIndex=134,followerCommit=132,matchIndex=133
2024-10-16 23:57:32,404 TRACE util.FileUtils (LogUtils.java:runAndLog(49)) - Successfully ran Atomic Files.move /home/runner/work/ratis/ratis/ratis-examples/target/test/data/6cc99a4c/MiniRaftClusterWithNettyeee6e424/s2/4c4f035b-aa8d-4293-9e7b-676cd6864c30/current/raft-meta.conf.tmp to /home/runner/work/ratis/ratis/ratis-examples/target/test/data/6cc99a4c/MiniRaftClusterWithNettyeee6e424/s2/4c4f035b-aa8d-4293-9e7b-676cd6864c30/current/raft-meta.conf with options [REPLACE_EXISTING]
2024-10-16 23:57:32,405 INFO  statemachine.StateMachine (ArithmeticStateMachine.java:applyTransaction(181)) - LEADER:s5-133: a = 103 = 103
2024-10-16 23:57:32,405 DEBUG server.RaftServer$Division (RaftServerImpl.java:logAppendEntries(1549)) - s10@group-676CD6864C30: appendEntries* s5->s10#7108-t1,previous=(t:1, i:133),leaderCommit=133,initializing? false,entries: size=1, first=(t:1, i:134), METADATAENTRY(c:133)
2024-10-16 23:57:32,406 DEBUG server.RaftServer$Division (RaftServerImpl.java:logAppendEntries(1549)) - s14@group-676CD6864C30: appendEntries* s5->s14#7111-t1,previous=(t:1, i:133),leaderCommit=133,initializing? false,entries: size=1, first=(t:1, i:134), METADATAENTRY(c:133)
2024-10-16 23:57:32,406 DEBUG server.RaftServer$Division (RaftServerImpl.java:logAppendEntries(1549)) - s10@group-676CD6864C30: appendEntries* reply s5<-s10#7108:OK-t1,SUCCESS,nextIndex=135,followerCommit=133,matchIndex=134
2024-10-16 23:57:32,406 DEBUG server.RaftServer$Division (RaftServerImpl.java:logAppendEntries(1549)) - s14@group-676CD6864C30: appendEntries* reply s5<-s14#7111:OK-t1,SUCCESS,nextIndex=135,followerCommit=133,matchIndex=134
2024-10-16 23:57:32,406 DEBUG server.RaftServer$Division (RaftServerImpl.java:logAppendEntries(1549)) - s11@group-676CD6864C30: appendEntries* s5->s11#7118-t1,previous=(t:1, i:133),leaderCommit=133,initializing? false,entries: size=1, first=(t:1, i:134), METADATAENTRY(c:133)
2024-10-16 23:57:32,406 DEBUG server.RaftServer$Division (RaftServerImpl.java:logAppendEntries(1549)) - s13@group-676CD6864C30: appendEntries* s5->s13#7112-t1,previous=(t:1, i:133),leaderCommit=133,initializing? false,entries: size=1, first=(t:1, i:134), METADATAENTRY(c:133)
2024-10-16 23:57:32,407 DEBUG server.RaftServer$Division (RaftServerImpl.java:logAppendEntries(1549)) - s11@group-676CD6864C30: appendEntries* reply s5<-s11#7118:OK-t1,SUCCESS,nextIndex=135,followerCommit=133,matchIndex=134
2024-10-16 23:57:32,407 DEBUG server.RaftServer$Division (RaftServerImpl.java:logAppendEntries(1549)) - s13@group-676CD6864C30: appendEntries* reply s5<-s13#7112:OK-t1,SUCCESS,nextIndex=135,followerCommit=133,matchIndex=134
2024-10-16 23:57:32,407 DEBUG server.RaftServer$Division (RaftServerImpl.java:logAppendEntries(1549)) - s1@group-676CD6864C30: appendEntries* s5->s1#7115-t1,previous=(t:1, i:133),leaderCommit=133,initializing? false,entries: size=1, first=(t:1, i:134), METADATAENTRY(c:133)
2024-10-16 23:57:32,407 DEBUG server.RaftServer$Division (RaftServerImpl.java:logAppendEntries(1549)) - s1@group-676CD6864C30: appendEntries* reply s5<-s1#7115:OK-t1,SUCCESS,nextIndex=135,followerCommit=133,matchIndex=134
2024-10-16 23:57:32,408 DEBUG server.RaftServer$Division (RaftServerImpl.java:logAppendEntries(1549)) - s7@group-676CD6864C30: appendEntries* s5->s7#7114-t1,previous=(t:1, i:133),leaderCommit=133,initializing? false,entries: size=1, first=(t:1, i:134), METADATAENTRY(c:133)
2024-10-16 23:57:32,408 DEBUG server.RaftServer$Division (RaftServerImpl.java:logAppendEntries(1549)) - s6@group-676CD6864C30: appendEntries* s5->s6#7120-t1,previous=(t:1, i:133),leaderCommit=133,initializing? false,entries: size=1, first=(t:1, i:134), METADATAENTRY(c:133)
2024-10-16 23:57:32,408 DEBUG server.RaftServer$Division (RaftServerImpl.java:logAppendEntries(1549)) - s7@group-676CD6864C30: appendEntries* reply s5<-s7#7114:OK-t1,SUCCESS,nextIndex=135,followerCommit=133,matchIndex=134
2024-10-16 23:57:32,408 DEBUG server.RaftServer$Division (RaftServerImpl.java:logAppendEntries(1549)) - s8@group-676CD6864C30: appendEntries* s5->s8#7117-t1,previous=(t:1, i:133),leaderCommit=133,initializing? false,entries: size=1, first=(t:1, i:134), METADATAENTRY(c:133)
2024-10-16 23:57:32,408 DEBUG server.RaftServer$Division (RaftServerImpl.java:logAppendEntries(1549)) - s6@group-676CD6864C30: appendEntries* reply s5<-s6#7120:OK-t1,SUCCESS,nextIndex=135,followerCommit=133,matchIndex=134
2024-10-16 23:57:32,409 DEBUG server.RaftServer$Division (RaftServerImpl.java:logAppendEntries(1549)) - s8@group-676CD6864C30: appendEntries* reply s5<-s8#7117:OK-t1,SUCCESS,nextIndex=135,followerCommit=133,matchIndex=134
2024-10-16 23:57:32,409 DEBUG server.RaftServer$Division (RaftServerImpl.java:logAppendEntries(1549)) - s2@group-676CD6864C30: appendEntries* s5->s2#7116-t1,previous=(t:1, i:133),leaderCommit=133,initializing? false,entries: size=1, first=(t:1, i:134), METADATAENTRY(c:133)
2024-10-16 23:57:32,410 DEBUG server.RaftServer$Division (RaftServerImpl.java:logAppendEntries(1549)) - s0@group-676CD6864C30: appendEntries* s5->s0#7119-t1,previous=(t:1, i:133),leaderCommit=133,initializing? false,entries: size=1, first=(t:1, i:134), METADATAENTRY(c:133)
2024-10-16 23:57:32,410 DEBUG server.RaftServer$Division (RaftServerImpl.java:logAppendEntries(1549)) - s2@group-676CD6864C30: appendEntries* reply s5<-s2#7116:OK-t1,SUCCESS,nextIndex=135,followerCommit=133,matchIndex=134
2024-10-16 23:57:32,410 DEBUG server.RaftServer$Division (RaftServerImpl.java:logAppendEntries(1549)) - s0@group-676CD6864C30: appendEntries* reply s5<-s0#7119:OK-t1,SUCCESS,nextIndex=135,followerCommit=133,matchIndex=134
2024-10-16 23:57:32,410 DEBUG server.RaftServer$Division (RaftServerImpl.java:logAppendEntries(1549)) - s3@group-676CD6864C30: appendEntries* s5->s3#7113-t1,previous=(t:1, i:133),leaderCommit=133,initializing? false,entries: size=1, first=(t:1, i:134), METADATAENTRY(c:133)
2024-10-16 23:57:32,411 DEBUG server.RaftServer$Division (RaftServerImpl.java:logAppendEntries(1549)) - s12@group-676CD6864C30: appendEntries* s5->s12#7110-t1,previous=(t:1, i:133),leaderCommit=133,initializing? false,entries: size=1, first=(t:1, i:134), METADATAENTRY(c:133)
2024-10-16 23:57:32,411 DEBUG server.RaftServer$Division (RaftServerImpl.java:logAppendEntries(1549)) - s9@group-676CD6864C30: appendEntries* s5->s9#7109-t1,previous=(t:1, i:133),leaderCommit=133,initializing? false,entries: size=1, first=(t:1, i:134), METADATAENTRY(c:133)
2024-10-16 23:57:32,411 DEBUG server.RaftServer$Division (RaftServerImpl.java:logAppendEntries(1549)) - s3@group-676CD6864C30: appendEntries* reply s5<-s3#7113:OK-t1,SUCCESS,nextIndex=135,followerCommit=133,matchIndex=134
2024-10-16 23:57:32,411 DEBUG server.RaftServer$Division (RaftServerImpl.java:logAppendEntries(1549)) - s9@group-676CD6864C30: appendEntries* reply s5<-s9#7109:OK-t1,SUCCESS,nextIndex=135,followerCommit=133,matchIndex=134
2024-10-16 23:57:32,411 DEBUG server.RaftServer$Division (RaftServerImpl.java:logAppendEntries(1549)) - s4@group-676CD6864C30: appendEntries* s5->s4#7121-t1,previous=(t:1, i:133),leaderCommit=133,initializing? false,entries: size=1, first=(t:1, i:134), METADATAENTRY(c:133)
2024-10-16 23:57:32,411 DEBUG server.RaftServer$Division (RaftServerImpl.java:logAppendEntries(1549)) - s12@group-676CD6864C30: appendEntries* reply s5<-s12#7110:OK-t1,SUCCESS,nextIndex=135,followerCommit=133,matchIndex=134
2024-10-16 23:57:32,412 DEBUG server.RaftServer$Division (RaftServerImpl.java:logAppendEntries(1549)) - s4@group-676CD6864C30: appendEntries* reply s5<-s4#7121:OK-t1,SUCCESS,nextIndex=135,followerCommit=133,matchIndex=134
2024-10-16 23:57:32,413 DEBUG server.RaftServer$Division (RaftServerImpl.java:submitClientRequestAsync(920)) - s5@group-676CD6864C30: receive client request(RaftClientRequest:client-BE1E56DD0B20->s5@group-676CD6864C30, cid=7122, seq=null, RW, Message:0101620240b4b8000000...(size=12))
2024-10-16 23:57:32,413 DEBUG server.RaftServer$Division (LeaderStateImpl.java:addPendingRequest(529)) - s5@group-676CD6864C30-LeaderStateImpl: addPendingRequest at RaftClientRequest:client-BE1E56DD0B20->s5@group-676CD6864C30, cid=7122, seq=null, RW, Message:0101620240b4b8000000...(size=12), entry=(t:1, i:135), STATEMACHINELOGENTRY, WRITE: logData.size=12, stateMachineData.size=0, logEntryProtoSerializedSize=0
2024-10-16 23:57:32,414 DEBUG server.RaftServer$Division (RaftServerImpl.java:logAppendEntries(1549)) - s13@group-676CD6864C30: appendEntries* s5->s13#7129-t1,previous=(t:1, i:134),leaderCommit=134,initializing? false,entries: size=1, first=(t:1, i:135), STATEMACHINELOGENTRY, StateMachineLogEntryProto:7122@client-BE1E56DD0B20
2024-10-16 23:57:32,415 DEBUG server.RaftServer$Division (RaftServerImpl.java:logAppendEntries(1549)) - s14@group-676CD6864C30: appendEntries* s5->s14#7132-t1,previous=(t:1, i:134),leaderCommit=134,initializing? false,entries: size=1, first=(t:1, i:135), STATEMACHINELOGENTRY, StateMachineLogEntryProto:7122@client-BE1E56DD0B20
2024-10-16 23:57:32,415 DEBUG server.RaftServer$Division (RaftServerImpl.java:logAppendEntries(1549)) - s13@group-676CD6864C30: appendEntries* reply s5<-s13#7129:OK-t1,SUCCESS,nextIndex=136,followerCommit=134,matchIndex=135
2024-10-16 23:57:32,415 DEBUG server.RaftServer$Division (RaftServerImpl.java:logAppendEntries(1549)) - s10@group-676CD6864C30: appendEntries* s5->s10#7127-t1,previous=(t:1, i:134),leaderCommit=134,initializing? false,entries: size=1, first=(t:1, i:135), STATEMACHINELOGENTRY, StateMachineLogEntryProto:7122@client-BE1E56DD0B20
2024-10-16 23:57:32,415 DEBUG server.RaftServer$Division (RaftServerImpl.java:logAppendEntries(1549)) - s7@group-676CD6864C30: appendEntries* s5->s7#7133-t1,previous=(t:1, i:134),leaderCommit=134,initializing? false,entries: size=1, first=(t:1, i:135), STATEMACHINELOGENTRY, StateMachineLogEntryProto:7122@client-BE1E56DD0B20
2024-10-16 23:57:32,415 DEBUG server.RaftServer$Division (RaftServerImpl.java:logAppendEntries(1549)) - s11@group-676CD6864C30: appendEntries* s5->s11#7128-t1,previous=(t:1, i:134),leaderCommit=134,initializing? false,entries: size=1, first=(t:1, i:135), STATEMACHINELOGENTRY, StateMachineLogEntryProto:7122@client-BE1E56DD0B20
2024-10-16 23:57:32,415 DEBUG server.RaftServer$Division (RaftServerImpl.java:logAppendEntries(1549)) - s10@group-676CD6864C30: appendEntries* reply s5<-s10#7127:OK-t1,SUCCESS,nextIndex=136,followerCommit=134,matchIndex=135
2024-10-16 23:57:32,415 DEBUG server.RaftServer$Division (RaftServerImpl.java:logAppendEntries(1549)) - s7@group-676CD6864C30: appendEntries* reply s5<-s7#7133:OK-t1,SUCCESS,nextIndex=136,followerCommit=134,matchIndex=135
2024-10-16 23:57:32,416 DEBUG server.RaftServer$Division (RaftServerImpl.java:logAppendEntries(1549)) - s1@group-676CD6864C30: appendEntries* s5->s1#7130-t1,previous=(t:1, i:134),leaderCommit=134,initializing? false,entries: size=1, first=(t:1, i:135), STATEMACHINELOGENTRY, StateMachineLogEntryProto:7122@client-BE1E56DD0B20
2024-10-16 23:57:32,415 DEBUG server.RaftServer$Division (RaftServerImpl.java:logAppendEntries(1549)) - s14@group-676CD6864C30: appendEntries* reply s5<-s14#7132:OK-t1,SUCCESS,nextIndex=136,followerCommit=134,matchIndex=135
2024-10-16 23:57:32,416 DEBUG server.RaftServer$Division (RaftServerImpl.java:logAppendEntries(1549)) - s11@group-676CD6864C30: appendEntries* reply s5<-s11#7128:OK-t1,SUCCESS,nextIndex=136,followerCommit=134,matchIndex=135
2024-10-16 23:57:32,416 DEBUG server.RaftServer$Division (RaftServerImpl.java:logAppendEntries(1549)) - s1@group-676CD6864C30: appendEntries* reply s5<-s1#7130:OK-t1,SUCCESS,nextIndex=136,followerCommit=134,matchIndex=135
2024-10-16 23:57:32,416 DEBUG server.RaftServer$Division (RaftServerImpl.java:logAppendEntries(1549)) - s6@group-676CD6864C30: appendEntries* s5->s6#7135-t1,previous=(t:1, i:134),leaderCommit=134,initializing? false,entries: size=1, first=(t:1, i:135), STATEMACHINELOGENTRY, StateMachineLogEntryProto:7122@client-BE1E56DD0B20
2024-10-16 23:57:32,417 DEBUG server.RaftServer$Division (RaftServerImpl.java:logAppendEntries(1549)) - s8@group-676CD6864C30: appendEntries* s5->s8#7131-t1,previous=(t:1, i:134),leaderCommit=134,initializing? false,entries: size=1, first=(t:1, i:135), STATEMACHINELOGENTRY, StateMachineLogEntryProto:7122@client-BE1E56DD0B20
2024-10-16 23:57:32,417 DEBUG server.RaftServer$Division (RaftServerImpl.java:logAppendEntries(1549)) - s6@group-676CD6864C30: appendEntries* reply s5<-s6#7135:OK-t1,SUCCESS,nextIndex=136,followerCommit=134,matchIndex=135
2024-10-16 23:57:32,417 DEBUG server.RaftServer$Division (RaftServerImpl.java:logAppendEntries(1549)) - s8@group-676CD6864C30: appendEntries* reply s5<-s8#7131:OK-t1,SUCCESS,nextIndex=136,followerCommit=134,matchIndex=135
2024-10-16 23:57:32,418 INFO  statemachine.StateMachine (ArithmeticStateMachine.java:applyTransaction(181)) - LEADER:s5-135: b = 5304 = 5304
2024-10-16 23:57:32,418 DEBUG server.RaftServer$Division (RaftServerImpl.java:logAppendEntries(1549)) - s2@group-676CD6864C30: appendEntries* s5->s2#7126-t1,previous=(t:1, i:134),leaderCommit=134,initializing? false,entries: size=1, first=(t:1, i:135), STATEMACHINELOGENTRY, StateMachineLogEntryProto:7122@client-BE1E56DD0B20
2024-10-16 23:57:32,418 DEBUG server.RaftServer$Division (RaftServerImpl.java:logAppendEntries(1549)) - s13@group-676CD6864C30: appendEntries* s5->s13#7137-t1,previous=(t:1, i:135),leaderCommit=135,initializing? false,entries: size=1, first=(t:1, i:136), METADATAENTRY(c:135)
2024-10-16 23:57:32,418 DEBUG server.RaftServer$Division (RaftServerImpl.java:submitClientRequestAsync(920)) - s5@group-676CD6864C30: receive client request(RaftClientRequest:client-BE1E56DD0B20->s5@group-676CD6864C30, cid=7138, seq=null, RW, Message:01016304010300040201...(size=17))
2024-10-16 23:57:32,418 DEBUG server.RaftServer$Division (RaftServerImpl.java:logAppendEntries(1549)) - s2@group-676CD6864C30: appendEntries* reply s5<-s2#7126:OK-t1,SUCCESS,nextIndex=136,followerCommit=134,matchIndex=135
2024-10-16 23:57:32,418 DEBUG server.RaftServer$Division (LeaderStateImpl.java:addPendingRequest(529)) - s5@group-676CD6864C30-LeaderStateImpl: addPendingRequest at RaftClientRequest:client-BE1E56DD0B20->s5@group-676CD6864C30, cid=7138, seq=null, RW, Message:01016304010300040201...(size=17), entry=(t:1, i:137), STATEMACHINELOGENTRY, WRITE: logData.size=17, stateMachineData.size=0, logEntryProtoSerializedSize=0
2024-10-16 23:57:32,418 DEBUG server.RaftServer$Division (RaftServerImpl.java:logAppendEntries(1549)) - s13@group-676CD6864C30: appendEntries* reply s5<-s13#7137:OK-t1,SUCCESS,nextIndex=137,followerCommit=135,matchIndex=136
2024-10-16 23:57:32,419 DEBUG server.RaftServer$Division (RaftServerImpl.java:logAppendEntries(1549)) - s1@group-676CD6864C30: appendEntries* s5->s1#7143-t1,previous=(t:1, i:135),leaderCommit=135,initializing? false,entries: size=2, first=(t:1, i:136), METADATAENTRY(c:135)
2024-10-16 23:57:32,419 DEBUG server.RaftServer$Division (RaftServerImpl.java:logAppendEntries(1549)) - s14@group-676CD6864C30: appendEntries* s5->s14#7140-t1,previous=(t:1, i:135),leaderCommit=135,initializing? false,entries: size=1, first=(t:1, i:136), METADATAENTRY(c:135)
2024-10-16 23:57:32,419 DEBUG server.RaftServer$Division (RaftServerImpl.java:logAppendEntries(1549)) - s13@group-676CD6864C30: appendEntries* s5->s13#7145-t1,previous=(t:1, i:136),leaderCommit=135,initializing? false,entries: size=1, first=(t:1, i:137), STATEMACHINELOGENTRY, StateMachineLogEntryProto:7138@client-BE1E56DD0B20
2024-10-16 23:57:32,419 DEBUG server.RaftServer$Division (RaftServerImpl.java:logAppendEntries(1549)) - s11@group-676CD6864C30: appendEntries* s5->s11#7141-t1,previous=(t:1, i:135),leaderCommit=135,initializing? false,entries: size=1, first=(t:1, i:136), METADATAENTRY(c:135)
2024-10-16 23:57:32,419 DEBUG server.RaftServer$Division (RaftServerImpl.java:logAppendEntries(1549)) - s14@group-676CD6864C30: appendEntries* reply s5<-s14#7140:OK-t1,SUCCESS,nextIndex=137,followerCommit=135,matchIndex=136
2024-10-16 23:57:32,419 DEBUG server.RaftServer$Division (RaftServerImpl.java:logAppendEntries(1549)) - s10@group-676CD6864C30: appendEntries* s5->s10#7139-t1,previous=(t:1, i:135),leaderCommit=135,initializing? false,entries: size=1, first=(t:1, i:136), METADATAENTRY(c:135)
2024-10-16 23:57:32,420 DEBUG server.RaftServer$Division (RaftServerImpl.java:logAppendEntries(1549)) - s1@group-676CD6864C30: appendEntries* reply s5<-s1#7143:OK-t1,SUCCESS,nextIndex=138,followerCommit=135,matchIndex=137
2024-10-16 23:57:32,420 DEBUG server.RaftServer$Division (RaftServerImpl.java:logAppendEntries(1549)) - s11@group-676CD6864C30: appendEntries* reply s5<-s11#7141:OK-t1,SUCCESS,nextIndex=137,followerCommit=135,matchIndex=136
2024-10-16 23:57:32,420 DEBUG server.RaftServer$Division (RaftServerImpl.java:logAppendEntries(1549)) - s10@group-676CD6864C30: appendEntries* reply s5<-s10#7139:OK-t1,SUCCESS,nextIndex=137,followerCommit=135,matchIndex=136
2024-10-16 23:57:32,420 DEBUG server.RaftServer$Division (RaftServerImpl.java:logAppendEntries(1549)) - s13@group-676CD6864C30: appendEntries* reply s5<-s13#7145:OK-t1,SUCCESS,nextIndex=138,followerCommit=135,matchIndex=137
2024-10-16 23:57:32,420 DEBUG server.RaftServer$Division (RaftServerImpl.java:logAppendEntries(1549)) - s0@group-676CD6864C30: appendEntries* s5->s0#7134-t1,previous=(t:1, i:134),leaderCommit=134,initializing? false,entries: size=1, first=(t:1, i:135), STATEMACHINELOGENTRY, StateMachineLogEntryProto:7122@client-BE1E56DD0B20
2024-10-16 23:57:32,420 DEBUG server.RaftServer$Division (RaftServerImpl.java:logAppendEntries(1549)) - s10@group-676CD6864C30: appendEntries* s5->s10#7147-t1,previous=(t:1, i:136),leaderCommit=135,initializing? false,entries: size=1, first=(t:1, i:137), STATEMACHINELOGENTRY, StateMachineLogEntryProto:7138@client-BE1E56DD0B20
2024-10-16 23:57:32,420 DEBUG server.RaftServer$Division (RaftServerImpl.java:logAppendEntries(1549)) - s0@group-676CD6864C30: appendEntries* reply s5<-s0#7134:OK-t1,SUCCESS,nextIndex=136,followerCommit=134,matchIndex=135
2024-10-16 23:57:32,421 DEBUG server.RaftServer$Division (RaftServerImpl.java:logAppendEntries(1549)) - s11@group-676CD6864C30: appendEntries* s5->s11#7148-t1,previous=(t:1, i:136),leaderCommit=135,initializing? false,entries: size=1, first=(t:1, i:137), STATEMACHINELOGENTRY, StateMachineLogEntryProto:7138@client-BE1E56DD0B20
2024-10-16 23:57:32,421 DEBUG server.RaftServer$Division (RaftServerImpl.java:logAppendEntries(1549)) - s9@group-676CD6864C30: appendEntries* s5->s9#7123-t1,previous=(t:1, i:134),leaderCommit=134,initializing? false,entries: size=1, first=(t:1, i:135), STATEMACHINELOGENTRY, StateMachineLogEntryProto:7122@client-BE1E56DD0B20
2024-10-16 23:57:32,421 DEBUG server.RaftServer$Division (RaftServerImpl.java:logAppendEntries(1549)) - s11@group-676CD6864C30: appendEntries* reply s5<-s11#7148:OK-t1,SUCCESS,nextIndex=138,followerCommit=135,matchIndex=137
2024-10-16 23:57:32,421 DEBUG server.RaftServer$Division (RaftServerImpl.java:logAppendEntries(1549)) - s9@group-676CD6864C30: appendEntries* reply s5<-s9#7123:OK-t1,SUCCESS,nextIndex=136,followerCommit=134,matchIndex=135
2024-10-16 23:57:32,421 DEBUG server.RaftServer$Division (RaftServerImpl.java:logAppendEntries(1549)) - s12@group-676CD6864C30: appendEntries* s5->s12#7124-t1,previous=(t:1, i:134),leaderCommit=134,initializing? false,entries: size=1, first=(t:1, i:135), STATEMACHINELOGENTRY, StateMachineLogEntryProto:7122@client-BE1E56DD0B20
2024-10-16 23:57:32,421 DEBUG server.RaftServer$Division (RaftServerImpl.java:logAppendEntries(1549)) - s4@group-676CD6864C30: appendEntries* s5->s4#7136-t1,previous=(t:1, i:134),leaderCommit=134,initializing? false,entries: size=1, first=(t:1, i:135), STATEMACHINELOGENTRY, StateMachineLogEntryProto:7122@client-BE1E56DD0B20
2024-10-16 23:57:32,422 DEBUG server.RaftServer$Division (RaftServerImpl.java:logAppendEntries(1549)) - s12@group-676CD6864C30: appendEntries* reply s5<-s12#7124:OK-t1,SUCCESS,nextIndex=136,followerCommit=134,matchIndex=135
2024-10-16 23:57:32,422 DEBUG server.RaftServer$Division (RaftServerImpl.java:logAppendEntries(1549)) - s4@group-676CD6864C30: appendEntries* reply s5<-s4#7136:OK-t1,SUCCESS,nextIndex=136,followerCommit=134,matchIndex=135
2024-10-16 23:57:32,422 DEBUG server.RaftServer$Division (RaftServerImpl.java:logAppendEntries(1549)) - s7@group-676CD6864C30: appendEntries* s5->s7#7142-t1,previous=(t:1, i:135),leaderCommit=135,initializing? false,entries: size=2, first=(t:1, i:136), METADATAENTRY(c:135)
2024-10-16 23:57:32,422 DEBUG server.RaftServer$Division (RaftServerImpl.java:logAppendEntries(1549)) - s7@group-676CD6864C30: appendEntries* reply s5<-s7#7142:OK-t1,SUCCESS,nextIndex=138,followerCommit=135,matchIndex=137
2024-10-16 23:57:32,423 DEBUG server.RaftServer$Division (RaftServerImpl.java:logAppendEntries(1549)) - s8@group-676CD6864C30: appendEntries* s5->s8#7149-t1,previous=(t:1, i:135),leaderCommit=135,initializing? false,entries: size=2, first=(t:1, i:136), METADATAENTRY(c:135)
2024-10-16 23:57:32,420 DEBUG server.RaftServer$Division (RaftServerImpl.java:logAppendEntries(1549)) - s3@group-676CD6864C30: appendEntries* s5->s3#7125-t1,previous=(t:1, i:134),leaderCommit=134,initializing? false,entries: size=1, first=(t:1, i:135), STATEMACHINELOGENTRY, StateMachineLogEntryProto:7122@client-BE1E56DD0B20
2024-10-16 23:57:32,421 DEBUG server.RaftServer$Division (RaftServerImpl.java:logAppendEntries(1549)) - s10@group-676CD6864C30: appendEntries* reply s5<-s10#7147:OK-t1,SUCCESS,nextIndex=138,followerCommit=135,matchIndex=137
2024-10-16 23:57:32,421 DEBUG server.RaftServer$Division (RaftServerImpl.java:logAppendEntries(1549)) - s14@group-676CD6864C30: appendEntries* s5->s14#7146-t1,previous=(t:1, i:136),leaderCommit=135,initializing? false,entries: size=1, first=(t:1, i:137), STATEMACHINELOGENTRY, StateMachineLogEntryProto:7138@client-BE1E56DD0B20
2024-10-16 23:57:32,424 DEBUG server.RaftServer$Division (RaftServerImpl.java:logAppendEntries(1549)) - s8@group-676CD6864C30: appendEntries* reply s5<-s8#7149:OK-t1,SUCCESS,nextIndex=138,followerCommit=135,matchIndex=137
2024-10-16 23:57:32,424 DEBUG server.RaftServer$Division (RaftServerImpl.java:logAppendEntries(1549)) - s3@group-676CD6864C30: appendEntries* reply s5<-s3#7125:OK-t1,SUCCESS,nextIndex=136,followerCommit=134,matchIndex=135
2024-10-16 23:57:32,424 DEBUG server.RaftServer$Division (RaftServerImpl.java:logAppendEntries(1549)) - s14@group-676CD6864C30: appendEntries* reply s5<-s14#7146:OK-t1,SUCCESS,nextIndex=138,followerCommit=135,matchIndex=137
2024-10-16 23:57:32,420 DEBUG server.RaftServer$Division (RaftServerImpl.java:logAppendEntries(1549)) - s6@group-676CD6864C30: appendEntries* s5->s6#7144-t1,previous=(t:1, i:135),leaderCommit=135,initializing? false,entries: size=2, first=(t:1, i:136), METADATAENTRY(c:135)
2024-10-16 23:57:32,424 INFO  statemachine.StateMachine (ArithmeticStateMachine.java:applyTransaction(181)) - LEADER:s5-137: c = √(a^2 + b^2) = 5305
2024-10-16 23:57:32,424 DEBUG server.RaftServer$Division (RaftServerImpl.java:logAppendEntries(1549)) - s1@group-676CD6864C30: appendEntries* s5->s1#7151-t1,previous=(t:1, i:137),leaderCommit=137,initializing? false,entries: size=1, first=(t:1, i:138), METADATAENTRY(c:137)
2024-10-16 23:57:32,425 DEBUG server.RaftServer$Division (RaftServerImpl.java:logAppendEntries(1549)) - s7@group-676CD6864C30: appendEntries* s5->s7#7153-t1,previous=(t:1, i:137),leaderCommit=137,initializing? false,entries: size=1, first=(t:1, i:138), METADATAENTRY(c:137)
2024-10-16 23:57:32,425 DEBUG server.RaftServer$Division (RaftServerImpl.java:logAppendEntries(1549)) - s6@group-676CD6864C30: appendEntries* reply s5<-s6#7144:OK-t1,SUCCESS,nextIndex=138,followerCommit=135,matchIndex=137
2024-10-16 23:57:32,425 DEBUG server.RaftServer$Division (RaftServerImpl.java:logAppendEntries(1549)) - s11@group-676CD6864C30: appendEntries* s5->s11#7152-t1,previous=(t:1, i:137),leaderCommit=137,initializing? false,entries: size=1, first=(t:1, i:138), METADATAENTRY(c:137)
2024-10-16 23:57:32,425 DEBUG server.RaftServer$Division (RaftServerImpl.java:logAppendEntries(1549)) - s1@group-676CD6864C30: appendEntries* reply s5<-s1#7151:OK-t1,SUCCESS,nextIndex=139,followerCommit=137,matchIndex=138
2024-10-16 23:57:32,425 DEBUG server.RaftServer$Division (RaftServerImpl.java:logAppendEntries(1549)) - s10@group-676CD6864C30: appendEntries* s5->s10#7155-t1,previous=(t:1, i:137),leaderCommit=137,initializing? false,entries: size=1, first=(t:1, i:138), METADATAENTRY(c:137)
2024-10-16 23:57:32,425 DEBUG server.RaftServer$Division (RaftServerImpl.java:logAppendEntries(1549)) - s11@group-676CD6864C30: appendEntries* reply s5<-s11#7152:OK-t1,SUCCESS,nextIndex=139,followerCommit=137,matchIndex=138
2024-10-16 23:57:32,425 DEBUG server.RaftServer$Division (RaftServerImpl.java:logAppendEntries(1549)) - s7@group-676CD6864C30: appendEntries* reply s5<-s7#7153:OK-t1,SUCCESS,nextIndex=139,followerCommit=137,matchIndex=138
2024-10-16 23:57:32,426 DEBUG server.RaftServer$Division (RaftServerImpl.java:logAppendEntries(1549)) - s10@group-676CD6864C30: appendEntries* reply s5<-s10#7155:OK-t1,SUCCESS,nextIndex=139,followerCommit=137,matchIndex=138
2024-10-16 23:57:32,426 DEBUG server.RaftServer$Division (RaftServerImpl.java:logAppendEntries(1549)) - s2@group-676CD6864C30: appendEntries* s5->s2#7150-t1,previous=(t:1, i:135),leaderCommit=135,initializing? false,entries: size=2, first=(t:1, i:136), METADATAENTRY(c:135)
2024-10-16 23:57:32,426 DEBUG server.RaftServer$Division (RaftServerImpl.java:logAppendEntries(1549)) - s14@group-676CD6864C30: appendEntries* s5->s14#7159-t1,previous=(t:1, i:137),leaderCommit=137,initializing? false,entries: size=1, first=(t:1, i:138), METADATAENTRY(c:137)
2024-10-16 23:57:32,426 DEBUG server.RaftServer$Division (RaftServerImpl.java:logAppendEntries(1549)) - s6@group-676CD6864C30: appendEntries* s5->s6#7160-t1,previous=(t:1, i:137),leaderCommit=137,initializing? false,entries: size=1, first=(t:1, i:138), METADATAENTRY(c:137)
2024-10-16 23:57:32,426 DEBUG server.RaftServer$Division (RaftServerImpl.java:logAppendEntries(1549)) - s2@group-676CD6864C30: appendEntries* reply s5<-s2#7150:OK-t1,SUCCESS,nextIndex=138,followerCommit=135,matchIndex=137
2024-10-16 23:57:32,426 DEBUG server.RaftServer$Division (RaftServerImpl.java:logAppendEntries(1549)) - s14@group-676CD6864C30: appendEntries* reply s5<-s14#7159:OK-t1,SUCCESS,nextIndex=139,followerCommit=137,matchIndex=138
2024-10-16 23:57:32,427 DEBUG server.RaftServer$Division (RaftServerImpl.java:logAppendEntries(1549)) - s8@group-676CD6864C30: appendEntries* s5->s8#7158-t1,previous=(t:1, i:137),leaderCommit=137,initializing? false,entries: size=1, first=(t:1, i:138), METADATAENTRY(c:137)
2024-10-16 23:57:32,427 DEBUG server.RaftServer$Division (RaftServerImpl.java:logAppendEntries(1549)) - s0@group-676CD6864C30: appendEntries* s5->s0#7157-t1,previous=(t:1, i:135),leaderCommit=137,initializing? false,entries: size=3, first=(t:1, i:136), METADATAENTRY(c:135)
2024-10-16 23:57:32,427 DEBUG server.RaftServer$Division (RaftServerImpl.java:submitClientRequestAsync(920)) - s5@group-676CD6864C30: receive client request(RaftClientRequest:client-BE1E56DD0B20->s5@group-676CD6864C30, cid=7154, seq=null, RW, Message:01016100)
2024-10-16 23:57:32,426 DEBUG server.RaftServer$Division (RaftServerImpl.java:logAppendEntries(1549)) - s13@group-676CD6864C30: appendEntries* s5->s13#7156-t1,previous=(t:1, i:137),leaderCommit=137,initializing? false,entries: size=1, first=(t:1, i:138), METADATAENTRY(c:137)
2024-10-16 23:57:32,427 DEBUG server.RaftServer$Division (RaftServerImpl.java:logAppendEntries(1549)) - s6@group-676CD6864C30: appendEntries* reply s5<-s6#7160:OK-t1,SUCCESS,nextIndex=139,followerCommit=137,matchIndex=138
2024-10-16 23:57:32,427 DEBUG server.RaftServer$Division (RaftServerImpl.java:logAppendEntries(1549)) - s8@group-676CD6864C30: appendEntries* reply s5<-s8#7158:OK-t1,SUCCESS,nextIndex=139,followerCommit=137,matchIndex=138
2024-10-16 23:57:32,427 DEBUG server.RaftServer$Division (RaftServerImpl.java:logAppendEntries(1549)) - s0@group-676CD6864C30: appendEntries* reply s5<-s0#7157:OK-t1,SUCCESS,nextIndex=139,followerCommit=137,matchIndex=138
2024-10-16 23:57:32,427 DEBUG server.RaftServer$Division (RaftServerImpl.java:logAppendEntries(1549)) - s13@group-676CD6864C30: appendEntries* reply s5<-s13#7156:OK-t1,SUCCESS,nextIndex=139,followerCommit=137,matchIndex=138
2024-10-16 23:57:32,428 DEBUG server.RaftServer$Division (RaftServerImpl.java:logAppendEntries(1549)) - s3@group-676CD6864C30: appendEntries* s5->s3#7161-t1,previous=(t:1, i:135),leaderCommit=137,initializing? false,entries: size=3, first=(t:1, i:136), METADATAENTRY(c:135)
2024-10-16 23:57:32,429 DEBUG server.RaftServer$Division (RaftServerImpl.java:logAppendEntries(1549)) - s4@group-676CD6864C30: appendEntries* s5->s4#7163-t1,previous=(t:1, i:135),leaderCommit=137,initializing? false,entries: size=3, first=(t:1, i:136), METADATAENTRY(c:135)
2024-10-16 23:57:32,429 DEBUG server.RaftServer$Division (RaftServerImpl.java:logAppendEntries(1549)) - s3@group-676CD6864C30: appendEntries* reply s5<-s3#7161:OK-t1,SUCCESS,nextIndex=139,followerCommit=137,matchIndex=138
2024-10-16 23:57:32,429 DEBUG server.RaftServer$Division (RaftServerImpl.java:logAppendEntries(1549)) - s12@group-676CD6864C30: appendEntries* s5->s12#7162-t1,previous=(t:1, i:135),leaderCommit=137,initializing? false,entries: size=3, first=(t:1, i:136), METADATAENTRY(c:135)
2024-10-16 23:57:32,430 DEBUG server.RaftServer$Division (RaftServerImpl.java:logAppendEntries(1549)) - s4@group-676CD6864C30: appendEntries* reply s5<-s4#7163:OK-t1,SUCCESS,nextIndex=139,followerCommit=137,matchIndex=138
2024-10-16 23:57:32,430 DEBUG server.RaftServer$Division (RaftServerImpl.java:logAppendEntries(1549)) - s12@group-676CD6864C30: appendEntries* reply s5<-s12#7162:OK-t1,SUCCESS,nextIndex=139,followerCommit=137,matchIndex=138
2024-10-16 23:57:32,430 DEBUG server.RaftServer$Division (RaftServerImpl.java:logAppendEntries(1549)) - s9@group-676CD6864C30: appendEntries* s5->s9#7164-t1,previous=(t:1, i:135),leaderCommit=137,initializing? false,entries: size=3, first=(t:1, i:136), METADATAENTRY(c:135)
2024-10-16 23:57:32,431 DEBUG server.RaftServer$Division (RaftServerImpl.java:logAppendEntries(1549)) - s9@group-676CD6864C30: appendEntries* reply s5<-s9#7164:OK-t1,SUCCESS,nextIndex=139,followerCommit=137,matchIndex=138
2024-10-16 23:57:32,431 DEBUG server.RaftServer$Division (RaftServerImpl.java:logAppendEntries(1549)) - s2@group-676CD6864C30: appendEntries* s5->s2#7165-t1,previous=(t:1, i:137),leaderCommit=137,initializing? false,entries: size=1, first=(t:1, i:138), METADATAENTRY(c:137)
2024-10-16 23:57:32,432 DEBUG server.RaftServer$Division (RaftServerImpl.java:logAppendEntries(1549)) - s2@group-676CD6864C30: appendEntries* reply s5<-s2#7165:OK-t1,SUCCESS,nextIndex=139,followerCommit=137,matchIndex=138
2024-10-16 23:57:32,434 DEBUG server.RaftServer$Division (LeaderStateImpl.java:addPendingRequest(529)) - s5@group-676CD6864C30-LeaderStateImpl: addPendingRequest at RaftClientRequest:client-BE1E56DD0B20->s5@group-676CD6864C30, cid=7154, seq=null, RW, Message:01016100, entry=(t:1, i:139), STATEMACHINELOGENTRY, WRITE: logData.size=4, stateMachineData.size=0, logEntryProtoSerializedSize=0
2024-10-16 23:57:32,435 DEBUG server.RaftServer$Division (RaftServerImpl.java:logAppendEntries(1549)) - s4@group-676CD6864C30: appendEntries* s5->s4#7166-t1,previous=(t:1, i:138),leaderCommit=137,initializing? false,entries: size=1, first=(t:1, i:139), STATEMACHINELOGENTRY, StateMachineLogEntryProto:7154@client-BE1E56DD0B20
2024-10-16 23:57:32,435 DEBUG server.RaftServer$Division (RaftServerImpl.java:logAppendEntries(1549)) - s0@group-676CD6864C30: appendEntries* s5->s0#7168-t1,previous=(t:1, i:138),leaderCommit=137,initializing? false,entries: size=1, first=(t:1, i:139), STATEMACHINELOGENTRY, StateMachineLogEntryProto:7154@client-BE1E56DD0B20
2024-10-16 23:57:32,435 DEBUG server.RaftServer$Division (RaftServerImpl.java:logAppendEntries(1549)) - s6@group-676CD6864C30: appendEntries* s5->s6#7167-t1,previous=(t:1, i:138),leaderCommit=137,initializing? false,entries: size=1, first=(t:1, i:139), STATEMACHINELOGENTRY, StateMachineLogEntryProto:7154@client-BE1E56DD0B20
2024-10-16 23:57:32,436 DEBUG server.RaftServer$Division (RaftServerImpl.java:logAppendEntries(1549)) - s0@group-676CD6864C30: appendEntries* reply s5<-s0#7168:OK-t1,SUCCESS,nextIndex=140,followerCommit=137,matchIndex=139
2024-10-16 23:57:32,436 DEBUG server.RaftServer$Division (RaftServerImpl.java:logAppendEntries(1549)) - s4@group-676CD6864C30: appendEntries* reply s5<-s4#7166:OK-t1,SUCCESS,nextIndex=140,followerCommit=137,matchIndex=139
2024-10-16 23:57:32,437 DEBUG server.RaftServer$Division (RaftServerImpl.java:logAppendEntries(1549)) - s6@group-676CD6864C30: appendEntries* reply s5<-s6#7167:OK-t1,SUCCESS,nextIndex=140,followerCommit=137,matchIndex=139
2024-10-16 23:57:32,437 DEBUG server.RaftServer$Division (RaftServerImpl.java:logAppendEntries(1549)) - s1@group-676CD6864C30: appendEntries* s5->s1#7169-t1,previous=(t:1, i:138),leaderCommit=137,initializing? false,entries: size=1, first=(t:1, i:139), STATEMACHINELOGENTRY, StateMachineLogEntryProto:7154@client-BE1E56DD0B20
2024-10-16 23:57:32,438 DEBUG server.RaftServer$Division (RaftServerImpl.java:logAppendEntries(1549)) - s14@group-676CD6864C30: appendEntries* s5->s14#7176-t1,previous=(t:1, i:138),leaderCommit=137,initializing? false,entries: size=1, first=(t:1, i:139), STATEMACHINELOGENTRY, StateMachineLogEntryProto:7154@client-BE1E56DD0B20
2024-10-16 23:57:32,438 DEBUG server.RaftServer$Division (RaftServerImpl.java:logAppendEntries(1549)) - s10@group-676CD6864C30: appendEntries* s5->s10#7173-t1,previous=(t:1, i:138),leaderCommit=137,initializing? false,entries: size=1, first=(t:1, i:139), STATEMACHINELOGENTRY, StateMachineLogEntryProto:7154@client-BE1E56DD0B20
2024-10-16 23:57:32,438 DEBUG server.RaftServer$Division (RaftServerImpl.java:logAppendEntries(1549)) - s8@group-676CD6864C30: appendEntries* s5->s8#7178-t1,previous=(t:1, i:138),leaderCommit=137,initializing? false,entries: size=1, first=(t:1, i:139), STATEMACHINELOGENTRY, StateMachineLogEntryProto:7154@client-BE1E56DD0B20
2024-10-16 23:57:32,438 DEBUG server.RaftServer$Division (RaftServerImpl.java:logAppendEntries(1549)) - s14@group-676CD6864C30: appendEntries* reply s5<-s14#7176:OK-t1,SUCCESS,nextIndex=140,followerCommit=137,matchIndex=139
2024-10-16 23:57:32,438 DEBUG server.RaftServer$Division (RaftServerImpl.java:logAppendEntries(1549)) - s1@group-676CD6864C30: appendEntries* reply s5<-s1#7169:OK-t1,SUCCESS,nextIndex=140,followerCommit=137,matchIndex=139
2024-10-16 23:57:32,437 DEBUG server.RaftServer$Division (RaftServerImpl.java:logAppendEntries(1549)) - s11@group-676CD6864C30: appendEntries* s5->s11#7171-t1,previous=(t:1, i:138),leaderCommit=137,initializing? false,entries: size=1, first=(t:1, i:139), STATEMACHINELOGENTRY, StateMachineLogEntryProto:7154@client-BE1E56DD0B20
2024-10-16 23:57:32,438 DEBUG server.RaftServer$Division (RaftServerImpl.java:logAppendEntries(1549)) - s10@group-676CD6864C30: appendEntries* reply s5<-s10#7173:OK-t1,SUCCESS,nextIndex=140,followerCommit=137,matchIndex=139
2024-10-16 23:57:32,438 DEBUG server.RaftServer$Division (RaftServerImpl.java:logAppendEntries(1549)) - s7@group-676CD6864C30: appendEntries* s5->s7#7177-t1,previous=(t:1, i:138),leaderCommit=137,initializing? false,entries: size=1, first=(t:1, i:139), STATEMACHINELOGENTRY, StateMachineLogEntryProto:7154@client-BE1E56DD0B20
2024-10-16 23:57:32,438 DEBUG server.RaftServer$Division (RaftServerImpl.java:logAppendEntries(1549)) - s13@group-676CD6864C30: appendEntries* s5->s13#7170-t1,previous=(t:1, i:138),leaderCommit=137,initializing? false,entries: size=1, first=(t:1, i:139), STATEMACHINELOGENTRY, StateMachineLogEntryProto:7154@client-BE1E56DD0B20
2024-10-16 23:57:32,439 DEBUG server.RaftServer$Division (RaftServerImpl.java:logAppendEntries(1549)) - s8@group-676CD6864C30: appendEntries* reply s5<-s8#7178:OK-t1,SUCCESS,nextIndex=140,followerCommit=137,matchIndex=139
2024-10-16 23:57:32,439 DEBUG server.RaftServer$Division (RaftServerImpl.java:logAppendEntries(1549)) - s3@group-676CD6864C30: appendEntries* s5->s3#7174-t1,previous=(t:1, i:138),leaderCommit=137,initializing? false,entries: size=1, first=(t:1, i:139), STATEMACHINELOGENTRY, StateMachineLogEntryProto:7154@client-BE1E56DD0B20
2024-10-16 23:57:32,439 DEBUG server.RaftServer$Division (RaftServerImpl.java:logAppendEntries(1549)) - s11@group-676CD6864C30: appendEntries* reply s5<-s11#7171:OK-t1,SUCCESS,nextIndex=140,followerCommit=137,matchIndex=139
2024-10-16 23:57:32,440 DEBUG server.RaftServer$Division (RaftServerImpl.java:logAppendEntries(1549)) - s14@group-676CD6864C30: appendEntries* s5->s14#7180-t1,previous=(t:1, i:139),leaderCommit=139,initializing? false,entries: size=1, first=(t:1, i:140), METADATAENTRY(c:139)
2024-10-16 23:57:32,440 DEBUG server.RaftServer$Division (RaftServerImpl.java:logAppendEntries(1549)) - s8@group-676CD6864C30: appendEntries* s5->s8#7185-t1,previous=(t:1, i:139),leaderCommit=139,initializing? false,entries: size=1, first=(t:1, i:140), METADATAENTRY(c:139)
2024-10-16 23:57:32,440 DEBUG server.RaftServer$Division (RaftServerImpl.java:logAppendEntries(1549)) - s10@group-676CD6864C30: appendEntries* s5->s10#7184-t1,previous=(t:1, i:139),leaderCommit=139,initializing? false,entries: size=1, first=(t:1, i:140), METADATAENTRY(c:139)
2024-10-16 23:57:32,440 DEBUG server.RaftServer$Division (RaftServerImpl.java:logAppendEntries(1549)) - s1@group-676CD6864C30: appendEntries* s5->s1#7186-t1,previous=(t:1, i:139),leaderCommit=139,initializing? false,entries: size=1, first=(t:1, i:140), METADATAENTRY(c:139)
2024-10-16 23:57:32,440 DEBUG server.RaftServer$Division (RaftServerImpl.java:logAppendEntries(1549)) - s0@group-676CD6864C30: appendEntries* s5->s0#7181-t1,previous=(t:1, i:139),leaderCommit=139,initializing? false,entries: size=1, first=(t:1, i:140), METADATAENTRY(c:139)
2024-10-16 23:57:32,440 DEBUG server.RaftServer$Division (RaftServerImpl.java:logAppendEntries(1549)) - s14@group-676CD6864C30: appendEntries* reply s5<-s14#7180:OK-t1,SUCCESS,nextIndex=141,followerCommit=139,matchIndex=140
2024-10-16 23:57:32,441 DEBUG server.RaftServer$Division (RaftServerImpl.java:logAppendEntries(1549)) - s8@group-676CD6864C30: appendEntries* reply s5<-s8#7185:OK-t1,SUCCESS,nextIndex=141,followerCommit=139,matchIndex=140
2024-10-16 23:57:32,441 DEBUG server.RaftServer$Division (RaftServerImpl.java:logAppendEntries(1549)) - s11@group-676CD6864C30: appendEntries* s5->s11#7187-t1,previous=(t:1, i:139),leaderCommit=139,initializing? false,entries: size=1, first=(t:1, i:140), METADATAENTRY(c:139)
2024-10-16 23:57:32,441 DEBUG server.RaftServer$Division (RaftServerImpl.java:logAppendEntries(1549)) - s6@group-676CD6864C30: appendEntries* s5->s6#7183-t1,previous=(t:1, i:139),leaderCommit=139,initializing? false,entries: size=1, first=(t:1, i:140), METADATAENTRY(c:139)
2024-10-16 23:57:32,441 DEBUG server.RaftServer$Division (RaftServerImpl.java:logAppendEntries(1549)) - s0@group-676CD6864C30: appendEntries* reply s5<-s0#7181:OK-t1,SUCCESS,nextIndex=141,followerCommit=139,matchIndex=140
2024-10-16 23:57:32,441 DEBUG server.RaftServer$Division (RaftServerImpl.java:logAppendEntries(1549)) - s1@group-676CD6864C30: appendEntries* reply s5<-s1#7186:OK-t1,SUCCESS,nextIndex=141,followerCommit=139,matchIndex=140
2024-10-16 23:57:32,441 DEBUG server.RaftServer$Division (RaftServerImpl.java:logAppendEntries(1549)) - s9@group-676CD6864C30: appendEntries* s5->s9#7175-t1,previous=(t:1, i:138),leaderCommit=137,initializing? false,entries: size=1, first=(t:1, i:139), STATEMACHINELOGENTRY, StateMachineLogEntryProto:7154@client-BE1E56DD0B20
2024-10-16 23:57:32,441 DEBUG server.RaftServer$Division (RaftServerImpl.java:logAppendEntries(1549)) - s6@group-676CD6864C30: appendEntries* reply s5<-s6#7183:OK-t1,SUCCESS,nextIndex=141,followerCommit=139,matchIndex=140
2024-10-16 23:57:32,442 DEBUG server.RaftServer$Division (RaftServerImpl.java:logAppendEntries(1549)) - s11@group-676CD6864C30: appendEntries* reply s5<-s11#7187:OK-t1,SUCCESS,nextIndex=141,followerCommit=139,matchIndex=140
2024-10-16 23:57:32,442 DEBUG server.RaftServer$Division (RaftServerImpl.java:logAppendEntries(1549)) - s9@group-676CD6864C30: appendEntries* reply s5<-s9#7175:OK-t1,SUCCESS,nextIndex=140,followerCommit=137,matchIndex=139
2024-10-16 23:57:32,439 DEBUG server.RaftServer$Division (RaftServerImpl.java:logAppendEntries(1549)) - s12@group-676CD6864C30: appendEntries* s5->s12#7172-t1,previous=(t:1, i:138),leaderCommit=137,initializing? false,entries: size=1, first=(t:1, i:139), STATEMACHINELOGENTRY, StateMachineLogEntryProto:7154@client-BE1E56DD0B20
2024-10-16 23:57:32,440 DEBUG server.RaftServer$Division (RaftServerImpl.java:logAppendEntries(1549)) - s10@group-676CD6864C30: appendEntries* reply s5<-s10#7184:OK-t1,SUCCESS,nextIndex=141,followerCommit=139,matchIndex=140
2024-10-16 23:57:32,440 DEBUG server.RaftServer$Division (RaftServerImpl.java:logAppendEntries(1549)) - s3@group-676CD6864C30: appendEntries* reply s5<-s3#7174:OK-t1,SUCCESS,nextIndex=140,followerCommit=137,matchIndex=139
2024-10-16 23:57:32,439 INFO  statemachine.StateMachine (ArithmeticStateMachine.java:applyTransaction(181)) - LEADER:s5-139: a = null = null
2024-10-16 23:57:32,439 DEBUG server.RaftServer$Division (RaftServerImpl.java:logAppendEntries(1549)) - s13@group-676CD6864C30: appendEntries* reply s5<-s13#7170:OK-t1,SUCCESS,nextIndex=140,followerCommit=137,matchIndex=139
2024-10-16 23:57:32,439 DEBUG server.RaftServer$Division (RaftServerImpl.java:logAppendEntries(1549)) - s7@group-676CD6864C30: appendEntries* reply s5<-s7#7177:OK-t1,SUCCESS,nextIndex=140,followerCommit=137,matchIndex=139
2024-10-16 23:57:32,443 DEBUG server.RaftServer$Division (RaftServerImpl.java:logAppendEntries(1549)) - s12@group-676CD6864C30: appendEntries* reply s5<-s12#7172:OK-t1,SUCCESS,nextIndex=140,followerCommit=137,matchIndex=139
2024-10-16 23:57:32,443 DEBUG server.RaftServer$Division (RaftServerImpl.java:logAppendEntries(1549)) - s2@group-676CD6864C30: appendEntries* s5->s2#7179-t1,previous=(t:1, i:138),leaderCommit=138,initializing? false,entries: size=1, first=(t:1, i:139), STATEMACHINELOGENTRY, StateMachineLogEntryProto:7154@client-BE1E56DD0B20
2024-10-16 23:57:32,443 DEBUG server.RaftServer$Division (RaftServerImpl.java:logAppendEntries(1549)) - s13@group-676CD6864C30: appendEntries* s5->s13#7188-t1,previous=(t:1, i:139),leaderCommit=139,initializing? false,entries: size=1, first=(t:1, i:140), METADATAENTRY(c:139)
2024-10-16 23:57:32,443 DEBUG server.RaftServer$Division (RaftServerImpl.java:submitClientRequestAsync(920)) - s5@group-676CD6864C30: receive client request(RaftClientRequest:client-BE1E56DD0B20->s5@group-676CD6864C30, cid=7189, seq=null, RW, Message:01016200)
2024-10-16 23:57:32,443 DEBUG server.RaftServer$Division (RaftServerImpl.java:logAppendEntries(1549)) - s2@group-676CD6864C30: appendEntries* reply s5<-s2#7179:OK-t1,SUCCESS,nextIndex=140,followerCommit=138,matchIndex=139
2024-10-16 23:57:32,444 DEBUG server.RaftServer$Division (RaftServerImpl.java:logAppendEntries(1549)) - s7@group-676CD6864C30: appendEntries* s5->s7#7190-t1,previous=(t:1, i:139),leaderCommit=140,initializing? false,entries: size=1, first=(t:1, i:140), METADATAENTRY(c:139)
2024-10-16 23:57:32,444 DEBUG server.RaftServer$Division (RaftServerImpl.java:logAppendEntries(1549)) - s13@group-676CD6864C30: appendEntries* reply s5<-s13#7188:OK-t1,SUCCESS,nextIndex=141,followerCommit=139,matchIndex=140
2024-10-16 23:57:32,444 DEBUG server.RaftServer$Division (RaftServerImpl.java:logAppendEntries(1549)) - s7@group-676CD6864C30: appendEntries* reply s5<-s7#7190:OK-t1,SUCCESS,nextIndex=141,followerCommit=140,matchIndex=140
2024-10-16 23:57:32,444 DEBUG server.RaftServer$Division (RaftServerImpl.java:logAppendEntries(1549)) - s4@group-676CD6864C30: appendEntries* s5->s4#7182-t1,previous=(t:1, i:139),leaderCommit=139,initializing? false,entries: size=1, first=(t:1, i:140), METADATAENTRY(c:139)
2024-10-16 23:57:32,445 DEBUG server.RaftServer$Division (RaftServerImpl.java:logAppendEntries(1549)) - s4@group-676CD6864C30: appendEntries* reply s5<-s4#7182:OK-t1,SUCCESS,nextIndex=141,followerCommit=139,matchIndex=140
2024-10-16 23:57:32,445 DEBUG server.RaftServer$Division (RaftServerImpl.java:logAppendEntries(1549)) - s12@group-676CD6864C30: appendEntries* s5->s12#7192-t1,previous=(t:1, i:139),leaderCommit=140,initializing? false,entries: size=1, first=(t:1, i:140), METADATAENTRY(c:139)
2024-10-16 23:57:32,445 DEBUG server.RaftServer$Division (RaftServerImpl.java:logAppendEntries(1549)) - s3@group-676CD6864C30: appendEntries* s5->s3#7191-t1,previous=(t:1, i:139),leaderCommit=140,initializing? false,entries: size=1, first=(t:1, i:140), METADATAENTRY(c:139)
2024-10-16 23:57:32,445 DEBUG server.RaftServer$Division (LeaderStateImpl.java:addPendingRequest(529)) - s5@group-676CD6864C30-LeaderStateImpl: addPendingRequest at RaftClientRequest:client-BE1E56DD0B20->s5@group-676CD6864C30, cid=7189, seq=null, RW, Message:01016200, entry=(t:1, i:141), STATEMACHINELOGENTRY, WRITE: logData.size=4, stateMachineData.size=0, logEntryProtoSerializedSize=0
2024-10-16 23:57:32,445 DEBUG server.RaftServer$Division (RaftServerImpl.java:logAppendEntries(1549)) - s12@group-676CD6864C30: appendEntries* reply s5<-s12#7192:OK-t1,SUCCESS,nextIndex=141,followerCommit=140,matchIndex=140
2024-10-16 23:57:32,446 DEBUG server.RaftServer$Division (RaftServerImpl.java:logAppendEntries(1549)) - s8@group-676CD6864C30: appendEntries* s5->s8#7200-t1,previous=(t:1, i:140),leaderCommit=140,initializing? false,entries: size=1, first=(t:1, i:141), STATEMACHINELOGENTRY, StateMachineLogEntryProto:7189@client-BE1E56DD0B20
2024-10-16 23:57:32,446 DEBUG server.RaftServer$Division (RaftServerImpl.java:logAppendEntries(1549)) - s0@group-676CD6864C30: appendEntries* s5->s0#7196-t1,previous=(t:1, i:140),leaderCommit=140,initializing? false,entries: size=1, first=(t:1, i:141), STATEMACHINELOGENTRY, StateMachineLogEntryProto:7189@client-BE1E56DD0B20
2024-10-16 23:57:32,446 DEBUG server.RaftServer$Division (RaftServerImpl.java:logAppendEntries(1549)) - s6@group-676CD6864C30: appendEntries* s5->s6#7199-t1,previous=(t:1, i:140),leaderCommit=140,initializing? false,entries: size=1, first=(t:1, i:141), STATEMACHINELOGENTRY, StateMachineLogEntryProto:7189@client-BE1E56DD0B20
2024-10-16 23:57:32,446 DEBUG server.RaftServer$Division (RaftServerImpl.java:logAppendEntries(1549)) - s13@group-676CD6864C30: appendEntries* s5->s13#7201-t1,previous=(t:1, i:140),leaderCommit=140,initializing? false,entries: size=1, first=(t:1, i:141), STATEMACHINELOGENTRY, StateMachineLogEntryProto:7189@client-BE1E56DD0B20
2024-10-16 23:57:32,447 DEBUG server.RaftServer$Division (RaftServerImpl.java:logAppendEntries(1549)) - s0@group-676CD6864C30: appendEntries* reply s5<-s0#7196:OK-t1,SUCCESS,nextIndex=142,followerCommit=140,matchIndex=141
2024-10-16 23:57:32,447 DEBUG server.RaftServer$Division (RaftServerImpl.java:logAppendEntries(1549)) - s6@group-676CD6864C30: appendEntries* reply s5<-s6#7199:OK-t1,SUCCESS,nextIndex=142,followerCommit=140,matchIndex=141
2024-10-16 23:57:32,447 DEBUG server.RaftServer$Division (RaftServerImpl.java:logAppendEntries(1549)) - s8@group-676CD6864C30: appendEntries* reply s5<-s8#7200:OK-t1,SUCCESS,nextIndex=142,followerCommit=140,matchIndex=141
2024-10-16 23:57:32,447 DEBUG server.RaftServer$Division (RaftServerImpl.java:logAppendEntries(1549)) - s14@group-676CD6864C30: appendEntries* s5->s14#7198-t1,previous=(t:1, i:140),leaderCommit=140,initializing? false,entries: size=1, first=(t:1, i:141), STATEMACHINELOGENTRY, StateMachineLogEntryProto:7189@client-BE1E56DD0B20
2024-10-16 23:57:32,447 DEBUG server.RaftServer$Division (RaftServerImpl.java:logAppendEntries(1549)) - s1@group-676CD6864C30: appendEntries* s5->s1#7193-t1,previous=(t:1, i:140),leaderCommit=140,initializing? false,entries: size=1, first=(t:1, i:141), STATEMACHINELOGENTRY, StateMachineLogEntryProto:7189@client-BE1E56DD0B20
2024-10-16 23:57:32,446 DEBUG server.RaftServer$Division (RaftServerImpl.java:logAppendEntries(1549)) - s12@group-676CD6864C30: appendEntries* s5->s12#7194-t1,previous=(t:1, i:140),leaderCommit=140,initializing? false,entries: size=1, first=(t:1, i:141), STATEMACHINELOGENTRY, StateMachineLogEntryProto:7189@client-BE1E56DD0B20
2024-10-16 23:57:32,447 DEBUG server.RaftServer$Division (RaftServerImpl.java:logAppendEntries(1549)) - s11@group-676CD6864C30: appendEntries* s5->s11#7202-t1,previous=(t:1, i:140),leaderCommit=140,initializing? false,entries: size=1, first=(t:1, i:141), STATEMACHINELOGENTRY, StateMachineLogEntryProto:7189@client-BE1E56DD0B20
2024-10-16 23:57:32,447 DEBUG server.RaftServer$Division (RaftServerImpl.java:logAppendEntries(1549)) - s14@group-676CD6864C30: appendEntries* reply s5<-s14#7198:OK-t1,SUCCESS,nextIndex=142,followerCommit=140,matchIndex=141
2024-10-16 23:57:32,448 DEBUG server.RaftServer$Division (RaftServerImpl.java:logAppendEntries(1549)) - s12@group-676CD6864C30: appendEntries* reply s5<-s12#7194:OK-t1,SUCCESS,nextIndex=142,followerCommit=140,matchIndex=141
2024-10-16 23:57:32,448 DEBUG server.RaftServer$Division (RaftServerImpl.java:logAppendEntries(1549)) - s10@group-676CD6864C30: appendEntries* s5->s10#7197-t1,previous=(t:1, i:140),leaderCommit=140,initializing? false,entries: size=1, first=(t:1, i:141), STATEMACHINELOGENTRY, StateMachineLogEntryProto:7189@client-BE1E56DD0B20
2024-10-16 23:57:32,448 DEBUG server.RaftServer$Division (RaftServerImpl.java:logAppendEntries(1549)) - s11@group-676CD6864C30: appendEntries* reply s5<-s11#7202:OK-t1,SUCCESS,nextIndex=142,followerCommit=140,matchIndex=141
2024-10-16 23:57:32,446 DEBUG server.RaftServer$Division (RaftServerImpl.java:logAppendEntries(1549)) - s3@group-676CD6864C30: appendEntries* reply s5<-s3#7191:OK-t1,SUCCESS,nextIndex=141,followerCommit=140,matchIndex=140
2024-10-16 23:57:32,447 DEBUG server.RaftServer$Division (RaftServerImpl.java:logAppendEntries(1549)) - s1@group-676CD6864C30: appendEntries* reply s5<-s1#7193:OK-t1,SUCCESS,nextIndex=142,followerCommit=140,matchIndex=141
2024-10-16 23:57:32,448 DEBUG server.RaftServer$Division (RaftServerImpl.java:logAppendEntries(1549)) - s10@group-676CD6864C30: appendEntries* reply s5<-s10#7197:OK-t1,SUCCESS,nextIndex=142,followerCommit=140,matchIndex=141
2024-10-16 23:57:32,447 DEBUG server.RaftServer$Division (RaftServerImpl.java:logAppendEntries(1549)) - s13@group-676CD6864C30: appendEntries* reply s5<-s13#7201:OK-t1,SUCCESS,nextIndex=142,followerCommit=140,matchIndex=141
2024-10-16 23:57:32,447 DEBUG server.RaftServer$Division (RaftServerImpl.java:logAppendEntries(1549)) - s7@group-676CD6864C30: appendEntries* s5->s7#7203-t1,previous=(t:1, i:140),leaderCommit=140,initializing? false,entries: size=1, first=(t:1, i:141), STATEMACHINELOGENTRY, StateMachineLogEntryProto:7189@client-BE1E56DD0B20
2024-10-16 23:57:32,449 INFO  statemachine.StateMachine (ArithmeticStateMachine.java:applyTransaction(181)) - LEADER:s5-141: b = null = null
2024-10-16 23:57:32,449 DEBUG server.RaftServer$Division (RaftServerImpl.java:logAppendEntries(1549)) - s9@group-676CD6864C30: appendEntries* s5->s9#7195-t1,previous=(t:1, i:139),leaderCommit=140,initializing? false,entries: size=2, first=(t:1, i:140), METADATAENTRY(c:139)
2024-10-16 23:57:32,449 DEBUG server.RaftServer$Division (RaftServerImpl.java:logAppendEntries(1549)) - s8@group-676CD6864C30: appendEntries* s5->s8#7204-t1,previous=(t:1, i:141),leaderCommit=141,initializing? false,entries: size=1, first=(t:1, i:142), METADATAENTRY(c:141)
2024-10-16 23:57:32,449 DEBUG server.RaftServer$Division (RaftServerImpl.java:logAppendEntries(1549)) - s7@group-676CD6864C30: appendEntries* reply s5<-s7#7203:OK-t1,SUCCESS,nextIndex=142,followerCommit=140,matchIndex=141
2024-10-16 23:57:32,449 DEBUG server.RaftServer$Division (RaftServerImpl.java:logAppendEntries(1549)) - s9@group-676CD6864C30: appendEntries* reply s5<-s9#7195:OK-t1,SUCCESS,nextIndex=142,followerCommit=140,matchIndex=141
2024-10-16 23:57:32,449 DEBUG server.RaftServer$Division (RaftServerImpl.java:logAppendEntries(1549)) - s1@group-676CD6864C30: appendEntries* s5->s1#7208-t1,previous=(t:1, i:141),leaderCommit=141,initializing? false,entries: size=1, first=(t:1, i:142), METADATAENTRY(c:141)
2024-10-16 23:57:32,450 DEBUG server.RaftServer$Division (RaftServerImpl.java:logAppendEntries(1549)) - s14@group-676CD6864C30: appendEntries* s5->s14#7209-t1,previous=(t:1, i:141),leaderCommit=141,initializing? false,entries: size=1, first=(t:1, i:142), METADATAENTRY(c:141)
2024-10-16 23:57:32,450 DEBUG server.RaftServer$Division (RaftServerImpl.java:logAppendEntries(1549)) - s1@group-676CD6864C30: appendEntries* reply s5<-s1#7208:OK-t1,SUCCESS,nextIndex=143,followerCommit=141,matchIndex=142
2024-10-16 23:57:32,449 DEBUG server.RaftServer$Division (RaftServerImpl.java:logAppendEntries(1549)) - s6@group-676CD6864C30: appendEntries* s5->s6#7205-t1,previous=(t:1, i:141),leaderCommit=141,initializing? false,entries: size=1, first=(t:1, i:142), METADATAENTRY(c:141)
2024-10-16 23:57:32,450 DEBUG server.RaftServer$Division (RaftServerImpl.java:logAppendEntries(1549)) - s14@group-676CD6864C30: appendEntries* reply s5<-s14#7209:OK-t1,SUCCESS,nextIndex=143,followerCommit=141,matchIndex=142
2024-10-16 23:57:32,450 DEBUG server.RaftServer$Division (RaftServerImpl.java:logAppendEntries(1549)) - s0@group-676CD6864C30: appendEntries* s5->s0#7207-t1,previous=(t:1, i:141),leaderCommit=141,initializing? false,entries: size=1, first=(t:1, i:142), METADATAENTRY(c:141)
2024-10-16 23:57:32,450 DEBUG server.RaftServer$Division (RaftServerImpl.java:logAppendEntries(1549)) - s8@group-676CD6864C30: appendEntries* reply s5<-s8#7204:OK-t1,SUCCESS,nextIndex=143,followerCommit=141,matchIndex=142
2024-10-16 23:57:32,450 DEBUG server.RaftServer$Division (RaftServerImpl.java:logAppendEntries(1549)) - s13@group-676CD6864C30: appendEntries* s5->s13#7211-t1,previous=(t:1, i:141),leaderCommit=141,initializing? false,entries: size=1, first=(t:1, i:142), METADATAENTRY(c:141)
2024-10-16 23:57:32,451 DEBUG server.RaftServer$Division (RaftServerImpl.java:logAppendEntries(1549)) - s11@group-676CD6864C30: appendEntries* s5->s11#7212-t1,previous=(t:1, i:141),leaderCommit=141,initializing? false,entries: size=1, first=(t:1, i:142), METADATAENTRY(c:141)
2024-10-16 23:57:32,451 DEBUG server.RaftServer$Division (RaftServerImpl.java:logAppendEntries(1549)) - s0@group-676CD6864C30: appendEntries* reply s5<-s0#7207:OK-t1,SUCCESS,nextIndex=143,followerCommit=141,matchIndex=142
2024-10-16 23:57:32,451 DEBUG server.RaftServer$Division (RaftServerImpl.java:logAppendEntries(1549)) - s7@group-676CD6864C30: appendEntries* s5->s7#7213-t1,previous=(t:1, i:141),leaderCommit=141,initializing? false,entries: size=1, first=(t:1, i:142), METADATAENTRY(c:141)
2024-10-16 23:57:32,451 DEBUG server.RaftServer$Division (RaftServerImpl.java:logAppendEntries(1549)) - s6@group-676CD6864C30: appendEntries* reply s5<-s6#7205:OK-t1,SUCCESS,nextIndex=143,followerCommit=141,matchIndex=142
2024-10-16 23:57:32,451 DEBUG server.RaftServer$Division (RaftServerImpl.java:logAppendEntries(1549)) - s13@group-676CD6864C30: appendEntries* reply s5<-s13#7211:OK-t1,SUCCESS,nextIndex=143,followerCommit=141,matchIndex=142
2024-10-16 23:57:32,452 DEBUG server.RaftServer$Division (RaftServerImpl.java:logAppendEntries(1549)) - s12@group-676CD6864C30: appendEntries* s5->s12#7206-t1,previous=(t:1, i:141),leaderCommit=141,initializing? false,entries: size=1, first=(t:1, i:142), METADATAENTRY(c:141)
2024-10-16 23:57:32,452 DEBUG server.RaftServer$Division (RaftServerImpl.java:logAppendEntries(1549)) - s7@group-676CD6864C30: appendEntries* reply s5<-s7#7213:OK-t1,SUCCESS,nextIndex=143,followerCommit=141,matchIndex=142
2024-10-16 23:57:32,452 DEBUG server.RaftServer$Division (RaftServerImpl.java:logAppendEntries(1549)) - s11@group-676CD6864C30: appendEntries* reply s5<-s11#7212:OK-t1,SUCCESS,nextIndex=143,followerCommit=141,matchIndex=142
2024-10-16 23:57:32,452 DEBUG server.RaftServer$Division (RaftServerImpl.java:logAppendEntries(1549)) - s12@group-676CD6864C30: appendEntries* reply s5<-s12#7206:OK-t1,SUCCESS,nextIndex=143,followerCommit=141,matchIndex=142
2024-10-16 23:57:32,453 DEBUG server.RaftServer$Division (RaftServerImpl.java:logAppendEntries(1549)) - s4@group-676CD6864C30: appendEntries* s5->s4#7215-t1,previous=(t:1, i:140),leaderCommit=141,initializing? false,entries: size=2, first=(t:1, i:141), STATEMACHINELOGENTRY, StateMachineLogEntryProto:7189@client-BE1E56DD0B20
2024-10-16 23:57:32,453 DEBUG server.RaftServer$Division (RaftServerImpl.java:logAppendEntries(1549)) - s3@group-676CD6864C30: appendEntries* s5->s3#7216-t1,previous=(t:1, i:140),leaderCommit=142,initializing? false,entries: size=2, first=(t:1, i:141), STATEMACHINELOGENTRY, StateMachineLogEntryProto:7189@client-BE1E56DD0B20
2024-10-16 23:57:32,454 DEBUG server.RaftServer$Division (RaftServerImpl.java:logAppendEntries(1549)) - s4@group-676CD6864C30: appendEntries* reply s5<-s4#7215:OK-t1,SUCCESS,nextIndex=143,followerCommit=141,matchIndex=142
2024-10-16 23:57:32,454 DEBUG server.RaftServer$Division (RaftServerImpl.java:submitClientRequestAsync(920)) - s5@group-676CD6864C30: receive client request(RaftClientRequest:client-BE1E56DD0B20->s5@group-676CD6864C30, cid=7218, seq=null, RW, Message:01016300)
2024-10-16 23:57:32,454 DEBUG server.RaftServer$Division (RaftServerImpl.java:logAppendEntries(1549)) - s3@group-676CD6864C30: appendEntries* reply s5<-s3#7216:OK-t1,SUCCESS,nextIndex=143,followerCommit=142,matchIndex=142
2024-10-16 23:57:32,452 DEBUG server.RaftServer$Division (RaftServerImpl.java:logAppendEntries(1549)) - s2@group-676CD6864C30: appendEntries* s5->s2#7210-t1,previous=(t:1, i:139),leaderCommit=141,initializing? false,entries: size=3, first=(t:1, i:140), METADATAENTRY(c:139)
2024-10-16 23:57:32,454 DEBUG server.RaftServer$Division (RaftServerImpl.java:logAppendEntries(1549)) - s9@group-676CD6864C30: appendEntries* s5->s9#7217-t1,previous=(t:1, i:141),leaderCommit=142,initializing? false,entries: size=1, first=(t:1, i:142), METADATAENTRY(c:141)
2024-10-16 23:57:32,452 DEBUG server.RaftServer$Division (RaftServerImpl.java:logAppendEntries(1549)) - s10@group-676CD6864C30: appendEntries* s5->s10#7214-t1,previous=(t:1, i:141),leaderCommit=141,initializing? false,entries: size=1, first=(t:1, i:142), METADATAENTRY(c:141)
2024-10-16 23:57:32,455 DEBUG server.RaftServer$Division (RaftServerImpl.java:logAppendEntries(1549)) - s9@group-676CD6864C30: appendEntries* reply s5<-s9#7217:OK-t1,SUCCESS,nextIndex=143,followerCommit=142,matchIndex=142
2024-10-16 23:57:32,455 DEBUG server.RaftServer$Division (RaftServerImpl.java:logAppendEntries(1549)) - s2@group-676CD6864C30: appendEntries* reply s5<-s2#7210:OK-t1,SUCCESS,nextIndex=143,followerCommit=141,matchIndex=142
2024-10-16 23:57:32,455 DEBUG server.RaftServer$Division (RaftServerImpl.java:logAppendEntries(1549)) - s10@group-676CD6864C30: appendEntries* reply s5<-s10#7214:OK-t1,SUCCESS,nextIndex=143,followerCommit=141,matchIndex=142
2024-10-16 23:57:32,455 DEBUG server.RaftServer$Division (LeaderStateImpl.java:addPendingRequest(529)) - s5@group-676CD6864C30-LeaderStateImpl: addPendingRequest at RaftClientRequest:client-BE1E56DD0B20->s5@group-676CD6864C30, cid=7218, seq=null, RW, Message:01016300, entry=(t:1, i:143), STATEMACHINELOGENTRY, WRITE: logData.size=4, stateMachineData.size=0, logEntryProtoSerializedSize=0
2024-10-16 23:57:32,456 DEBUG server.RaftServer$Division (RaftServerImpl.java:logAppendEntries(1549)) - s14@group-676CD6864C30: appendEntries* s5->s14#7222-t1,previous=(t:1, i:142),leaderCommit=142,initializing? false,entries: size=1, first=(t:1, i:143), STATEMACHINELOGENTRY, StateMachineLogEntryProto:7218@client-BE1E56DD0B20
2024-10-16 23:57:32,456 DEBUG server.RaftServer$Division (RaftServerImpl.java:logAppendEntries(1549)) - s6@group-676CD6864C30: appendEntries* s5->s6#7228-t1,previous=(t:1, i:142),leaderCommit=142,initializing? false,entries: size=1, first=(t:1, i:143), STATEMACHINELOGENTRY, StateMachineLogEntryProto:7218@client-BE1E56DD0B20
2024-10-16 23:57:32,457 DEBUG server.RaftServer$Division (RaftServerImpl.java:logAppendEntries(1549)) - s14@group-676CD6864C30: appendEntries* reply s5<-s14#7222:OK-t1,SUCCESS,nextIndex=144,followerCommit=142,matchIndex=143
2024-10-16 23:57:32,456 DEBUG server.RaftServer$Division (RaftServerImpl.java:logAppendEntries(1549)) - s0@group-676CD6864C30: appendEntries* s5->s0#7221-t1,previous=(t:1, i:142),leaderCommit=142,initializing? false,entries: size=1, first=(t:1, i:143), STATEMACHINELOGENTRY, StateMachineLogEntryProto:7218@client-BE1E56DD0B20
2024-10-16 23:57:32,457 DEBUG server.RaftServer$Division (RaftServerImpl.java:logAppendEntries(1549)) - s1@group-676CD6864C30: appendEntries* s5->s1#7229-t1,previous=(t:1, i:142),leaderCommit=142,initializing? false,entries: size=1, first=(t:1, i:143), STATEMACHINELOGENTRY, StateMachineLogEntryProto:7218@client-BE1E56DD0B20
2024-10-16 23:57:32,457 DEBUG server.RaftServer$Division (RaftServerImpl.java:logAppendEntries(1549)) - s6@group-676CD6864C30: appendEntries* reply s5<-s6#7228:OK-t1,SUCCESS,nextIndex=144,followerCommit=142,matchIndex=143
2024-10-16 23:57:32,456 DEBUG server.RaftServer$Division (RaftServerImpl.java:logAppendEntries(1549)) - s8@group-676CD6864C30: appendEntries* s5->s8#7226-t1,previous=(t:1, i:142),leaderCommit=142,initializing? false,entries: size=1, first=(t:1, i:143), STATEMACHINELOGENTRY, StateMachineLogEntryProto:7218@client-BE1E56DD0B20
2024-10-16 23:57:32,456 DEBUG server.RaftServer$Division (RaftServerImpl.java:logAppendEntries(1549)) - s9@group-676CD6864C30: appendEntries* s5->s9#7219-t1,previous=(t:1, i:142),leaderCommit=142,initializing? false,entries: size=1, first=(t:1, i:143), STATEMACHINELOGENTRY, StateMachineLogEntryProto:7218@client-BE1E56DD0B20
2024-10-16 23:57:32,458 DEBUG server.RaftServer$Division (RaftServerImpl.java:logAppendEntries(1549)) - s1@group-676CD6864C30: appendEntries* reply s5<-s1#7229:OK-t1,SUCCESS,nextIndex=144,followerCommit=142,matchIndex=143
2024-10-16 23:57:32,456 DEBUG server.RaftServer$Division (RaftServerImpl.java:logAppendEntries(1549)) - s13@group-676CD6864C30: appendEntries* s5->s13#7223-t1,previous=(t:1, i:142),leaderCommit=142,initializing? false,entries: size=1, first=(t:1, i:143), STATEMACHINELOGENTRY, StateMachineLogEntryProto:7218@client-BE1E56DD0B20
2024-10-16 23:57:32,456 DEBUG server.RaftServer$Division (RaftServerImpl.java:logAppendEntries(1549)) - s12@group-676CD6864C30: appendEntries* s5->s12#7224-t1,previous=(t:1, i:142),leaderCommit=142,initializing? false,entries: size=1, first=(t:1, i:143), STATEMACHINELOGENTRY, StateMachineLogEntryProto:7218@client-BE1E56DD0B20
2024-10-16 23:57:32,458 DEBUG server.RaftServer$Division (RaftServerImpl.java:logAppendEntries(1549)) - s4@group-676CD6864C30: appendEntries* s5->s4#7230-t1,previous=(t:1, i:142),leaderCommit=142,initializing? false,entries: size=1, first=(t:1, i:143), STATEMACHINELOGENTRY, StateMachineLogEntryProto:7218@client-BE1E56DD0B20
2024-10-16 23:57:32,456 DEBUG server.RaftServer$Division (RaftServerImpl.java:logAppendEntries(1549)) - s7@group-676CD6864C30: appendEntries* s5->s7#7227-t1,previous=(t:1, i:142),leaderCommit=142,initializing? false,entries: size=1, first=(t:1, i:143), STATEMACHINELOGENTRY, StateMachineLogEntryProto:7218@client-BE1E56DD0B20
2024-10-16 23:57:32,458 DEBUG server.RaftServer$Division (RaftServerImpl.java:logAppendEntries(1549)) - s12@group-676CD6864C30: appendEntries* reply s5<-s12#7224:OK-t1,SUCCESS,nextIndex=144,followerCommit=142,matchIndex=143
2024-10-16 23:57:32,458 DEBUG server.RaftServer$Division (RaftServerImpl.java:logAppendEntries(1549)) - s13@group-676CD6864C30: appendEntries* reply s5<-s13#7223:OK-t1,SUCCESS,nextIndex=144,followerCommit=142,matchIndex=143
2024-10-16 23:57:32,458 DEBUG server.RaftServer$Division (RaftServerImpl.java:logAppendEntries(1549)) - s8@group-676CD6864C30: appendEntries* reply s5<-s8#7226:OK-t1,SUCCESS,nextIndex=144,followerCommit=142,matchIndex=143
2024-10-16 23:57:32,459 DEBUG server.RaftServer$Division (RaftServerImpl.java:logAppendEntries(1549)) - s7@group-676CD6864C30: appendEntries* reply s5<-s7#7227:OK-t1,SUCCESS,nextIndex=144,followerCommit=142,matchIndex=143
2024-10-16 23:57:32,457 DEBUG server.RaftServer$Division (RaftServerImpl.java:logAppendEntries(1549)) - s0@group-676CD6864C30: appendEntries* reply s5<-s0#7221:OK-t1,SUCCESS,nextIndex=144,followerCommit=142,matchIndex=143
2024-10-16 23:57:32,456 DEBUG server.RaftServer$Division (RaftServerImpl.java:logAppendEntries(1549)) - s11@group-676CD6864C30: appendEntries* s5->s11#7225-t1,previous=(t:1, i:142),leaderCommit=142,initializing? false,entries: size=1, first=(t:1, i:143), STATEMACHINELOGENTRY, StateMachineLogEntryProto:7218@client-BE1E56DD0B20
2024-10-16 23:57:32,459 DEBUG server.RaftServer$Division (RaftServerImpl.java:logAppendEntries(1549)) - s4@group-676CD6864C30: appendEntries* reply s5<-s4#7230:OK-t1,SUCCESS,nextIndex=144,followerCommit=142,matchIndex=143
2024-10-16 23:57:32,459 DEBUG server.RaftServer$Division (RaftServerImpl.java:logAppendEntries(1549)) - s11@group-676CD6864C30: appendEntries* reply s5<-s11#7225:OK-t1,SUCCESS,nextIndex=144,followerCommit=142,matchIndex=143
2024-10-16 23:57:32,459 DEBUG server.RaftServer$Division (RaftServerImpl.java:logAppendEntries(1549)) - s8@group-676CD6864C30: appendEntries* s5->s8#7234-t1,previous=(t:1, i:143),leaderCommit=143,initializing? false,entries: size=1, first=(t:1, i:144), METADATAENTRY(c:143)
2024-10-16 23:57:32,460 DEBUG server.RaftServer$Division (RaftServerImpl.java:logAppendEntries(1549)) - s3@group-676CD6864C30: appendEntries* s5->s3#7232-t1,previous=(t:1, i:142),leaderCommit=142,initializing? false,entries: size=1, first=(t:1, i:143), STATEMACHINELOGENTRY, StateMachineLogEntryProto:7218@client-BE1E56DD0B20
2024-10-16 23:57:32,460 DEBUG server.RaftServer$Division (RaftServerImpl.java:logAppendEntries(1549)) - s8@group-676CD6864C30: appendEntries* reply s5<-s8#7234:OK-t1,SUCCESS,nextIndex=145,followerCommit=143,matchIndex=144
2024-10-16 23:57:32,460 DEBUG server.RaftServer$Division (RaftServerImpl.java:logAppendEntries(1549)) - s13@group-676CD6864C30: appendEntries* s5->s13#7237-t1,previous=(t:1, i:143),leaderCommit=143,initializing? false,entries: size=1, first=(t:1, i:144), METADATAENTRY(c:143)
2024-10-16 23:57:32,460 DEBUG server.RaftServer$Division (RaftServerImpl.java:logAppendEntries(1549)) - s1@group-676CD6864C30: appendEntries* s5->s1#7239-t1,previous=(t:1, i:143),leaderCommit=143,initializing? false,entries: size=1, first=(t:1, i:144), METADATAENTRY(c:143)
2024-10-16 23:57:32,459 DEBUG server.RaftServer$Division (RaftServerImpl.java:logAppendEntries(1549)) - s2@group-676CD6864C30: appendEntries* s5->s2#7231-t1,previous=(t:1, i:142),leaderCommit=142,initializing? false,entries: size=1, first=(t:1, i:143), STATEMACHINELOGENTRY, StateMachineLogEntryProto:7218@client-BE1E56DD0B20
2024-10-16 23:57:32,459 DEBUG server.RaftServer$Division (RaftServerImpl.java:logAppendEntries(1549)) - s9@group-676CD6864C30: appendEntries* reply s5<-s9#7219:OK-t1,SUCCESS,nextIndex=144,followerCommit=142,matchIndex=143
2024-10-16 23:57:32,460 DEBUG server.RaftServer$Division (RaftServerImpl.java:logAppendEntries(1549)) - s13@group-676CD6864C30: appendEntries* reply s5<-s13#7237:OK-t1,SUCCESS,nextIndex=145,followerCommit=143,matchIndex=144
2024-10-16 23:57:32,460 INFO  statemachine.StateMachine (ArithmeticStateMachine.java:applyTransaction(181)) - LEADER:s5-143: c = null = null
2024-10-16 23:57:32,461 DEBUG server.RaftServer$Division (RaftServerImpl.java:logAppendEntries(1549)) - s6@group-676CD6864C30: appendEntries* s5->s6#7241-t1,previous=(t:1, i:143),leaderCommit=143,initializing? false,entries: size=1, first=(t:1, i:144), METADATAENTRY(c:143)
2024-10-16 23:57:32,460 DEBUG server.RaftServer$Division (RaftServerImpl.java:logAppendEntries(1549)) - s14@group-676CD6864C30: appendEntries* s5->s14#7238-t1,previous=(t:1, i:143),leaderCommit=143,initializing? false,entries: size=1, first=(t:1, i:144), METADATAENTRY(c:143)
2024-10-16 23:57:32,461 DEBUG server.RaftServer$Division (RaftServerImpl.java:submitClientRequestAsync(920)) - s5@group-676CD6864C30: receive client request(RaftClientRequest:client-BE1E56DD0B20->s5@group-676CD6864C30, cid=7244, seq=null, RW, Message:01016102405a40000000...(size=12))
2024-10-16 23:57:32,461 DEBUG server.RaftServer$Division (RaftServerImpl.java:logAppendEntries(1549)) - s6@group-676CD6864C30: appendEntries* reply s5<-s6#7241:OK-t1,SUCCESS,nextIndex=145,followerCommit=143,matchIndex=144
2024-10-16 23:57:32,461 DEBUG server.RaftServer$Division (RaftServerImpl.java:logAppendEntries(1549)) - s14@group-676CD6864C30: appendEntries* reply s5<-s14#7238:OK-t1,SUCCESS,nextIndex=145,followerCommit=143,matchIndex=144
2024-10-16 23:57:32,461 DEBUG server.RaftServer$Division (RaftServerImpl.java:logAppendEntries(1549)) - s0@group-676CD6864C30: appendEntries* s5->s0#7242-t1,previous=(t:1, i:143),leaderCommit=143,initializing? false,entries: size=1, first=(t:1, i:144), METADATAENTRY(c:143)
2024-10-16 23:57:32,460 DEBUG server.RaftServer$Division (RaftServerImpl.java:logAppendEntries(1549)) - s3@group-676CD6864C30: appendEntries* reply s5<-s3#7232:OK-t1,SUCCESS,nextIndex=144,followerCommit=142,matchIndex=143
2024-10-16 23:57:32,462 DEBUG server.RaftServer$Division (RaftServerImpl.java:logAppendEntries(1549)) - s8@group-676CD6864C30: appendEntries* s5->s8#7248-t1,previous=(t:1, i:144),leaderCommit=143,initializing? false,entries: size=1, first=(t:1, i:145), STATEMACHINELOGENTRY, StateMachineLogEntryProto:7244@client-BE1E56DD0B20
2024-10-16 23:57:32,462 DEBUG server.RaftServer$Division (RaftServerImpl.java:logAppendEntries(1549)) - s9@group-676CD6864C30: appendEntries* s5->s9#7243-t1,previous=(t:1, i:143),leaderCommit=143,initializing? false,entries: size=1, first=(t:1, i:144), METADATAENTRY(c:143)
2024-10-16 23:57:32,462 DEBUG server.RaftServer$Division (RaftServerImpl.java:logAppendEntries(1549)) - s13@group-676CD6864C30: appendEntries* s5->s13#7245-t1,previous=(t:1, i:144),leaderCommit=143,initializing? false,entries: size=1, first=(t:1, i:145), STATEMACHINELOGENTRY, StateMachineLogEntryProto:7244@client-BE1E56DD0B20
2024-10-16 23:57:32,460 DEBUG server.RaftServer$Division (RaftServerImpl.java:logAppendEntries(1549)) - s10@group-676CD6864C30: appendEntries* s5->s10#7220-t1,previous=(t:1, i:142),leaderCommit=142,initializing? false,entries: size=1, first=(t:1, i:143), STATEMACHINELOGENTRY, StateMachineLogEntryProto:7218@client-BE1E56DD0B20
2024-10-16 23:57:32,460 DEBUG server.RaftServer$Division (RaftServerImpl.java:logAppendEntries(1549)) - s11@group-676CD6864C30: appendEntries* s5->s11#7236-t1,previous=(t:1, i:143),leaderCommit=143,initializing? false,entries: size=1, first=(t:1, i:144), METADATAENTRY(c:143)
2024-10-16 23:57:32,460 DEBUG server.RaftServer$Division (RaftServerImpl.java:logAppendEntries(1549)) - s7@group-676CD6864C30: appendEntries* s5->s7#7235-t1,previous=(t:1, i:143),leaderCommit=143,initializing? false,entries: size=1, first=(t:1, i:144), METADATAENTRY(c:143)
2024-10-16 23:57:32,459 DEBUG server.RaftServer$Division (RaftServerImpl.java:logAppendEntries(1549)) - s12@group-676CD6864C30: appendEntries* s5->s12#7233-t1,previous=(t:1, i:143),leaderCommit=143,initializing? false,entries: size=1, first=(t:1, i:144), METADATAENTRY(c:143)
2024-10-16 23:57:32,462 DEBUG server.RaftServer$Division (RaftServerImpl.java:logAppendEntries(1549)) - s8@group-676CD6864C30: appendEntries* reply s5<-s8#7248:OK-t1,SUCCESS,nextIndex=146,followerCommit=143,matchIndex=145
2024-10-16 23:57:32,463 DEBUG server.RaftServer$Division (RaftServerImpl.java:logAppendEntries(1549)) - s13@group-676CD6864C30: appendEntries* reply s5<-s13#7245:OK-t1,SUCCESS,nextIndex=146,followerCommit=143,matchIndex=145
2024-10-16 23:57:32,463 DEBUG server.RaftServer$Division (RaftServerImpl.java:logAppendEntries(1549)) - s9@group-676CD6864C30: appendEntries* reply s5<-s9#7243:OK-t1,SUCCESS,nextIndex=145,followerCommit=143,matchIndex=144
2024-10-16 23:57:32,462 DEBUG server.RaftServer$Division (RaftServerImpl.java:logAppendEntries(1549)) - s6@group-676CD6864C30: appendEntries* s5->s6#7247-t1,previous=(t:1, i:144),leaderCommit=143,initializing? false,entries: size=1, first=(t:1, i:145), STATEMACHINELOGENTRY, StateMachineLogEntryProto:7244@client-BE1E56DD0B20
2024-10-16 23:57:32,462 DEBUG server.RaftServer$Division (RaftServerImpl.java:logAppendEntries(1549)) - s0@group-676CD6864C30: appendEntries* reply s5<-s0#7242:OK-t1,SUCCESS,nextIndex=145,followerCommit=143,matchIndex=144
2024-10-16 23:57:32,462 DEBUG server.RaftServer$Division (RaftServerImpl.java:logAppendEntries(1549)) - s14@group-676CD6864C30: appendEntries* s5->s14#7246-t1,previous=(t:1, i:144),leaderCommit=143,initializing? false,entries: size=1, first=(t:1, i:145), STATEMACHINELOGENTRY, StateMachineLogEntryProto:7244@client-BE1E56DD0B20
2024-10-16 23:57:32,464 DEBUG server.RaftServer$Division (RaftServerImpl.java:logAppendEntries(1549)) - s6@group-676CD6864C30: appendEntries* reply s5<-s6#7247:OK-t1,SUCCESS,nextIndex=146,followerCommit=143,matchIndex=145
2024-10-16 23:57:32,461 DEBUG server.RaftServer$Division (LeaderStateImpl.java:addPendingRequest(529)) - s5@group-676CD6864C30-LeaderStateImpl: addPendingRequest at RaftClientRequest:client-BE1E56DD0B20->s5@group-676CD6864C30, cid=7244, seq=null, RW, Message:01016102405a40000000...(size=12), entry=(t:1, i:145), STATEMACHINELOGENTRY, WRITE: logData.size=12, stateMachineData.size=0, logEntryProtoSerializedSize=0
2024-10-16 23:57:32,461 DEBUG server.RaftServer$Division (RaftServerImpl.java:logAppendEntries(1549)) - s1@group-676CD6864C30: appendEntries* reply s5<-s1#7239:OK-t1,SUCCESS,nextIndex=145,followerCommit=143,matchIndex=144
2024-10-16 23:57:32,464 DEBUG server.RaftServer$Division (RaftServerImpl.java:logAppendEntries(1549)) - s14@group-676CD6864C30: appendEntries* reply s5<-s14#7246:OK-t1,SUCCESS,nextIndex=146,followerCommit=143,matchIndex=145
2024-10-16 23:57:32,464 DEBUG server.RaftServer$Division (RaftServerImpl.java:logAppendEntries(1549)) - s0@group-676CD6864C30: appendEntries* s5->s0#7250-t1,previous=(t:1, i:144),leaderCommit=143,initializing? false,entries: size=1, first=(t:1, i:145), STATEMACHINELOGENTRY, StateMachineLogEntryProto:7244@client-BE1E56DD0B20
2024-10-16 23:57:32,464 DEBUG server.RaftServer$Division (RaftServerImpl.java:logAppendEntries(1549)) - s9@group-676CD6864C30: appendEntries* s5->s9#7249-t1,previous=(t:1, i:144),leaderCommit=143,initializing? false,entries: size=1, first=(t:1, i:145), STATEMACHINELOGENTRY, StateMachineLogEntryProto:7244@client-BE1E56DD0B20
2024-10-16 23:57:32,464 DEBUG server.RaftServer$Division (RaftServerImpl.java:logAppendEntries(1549)) - s1@group-676CD6864C30: appendEntries* s5->s1#7251-t1,previous=(t:1, i:144),leaderCommit=143,initializing? false,entries: size=1, first=(t:1, i:145), STATEMACHINELOGENTRY, StateMachineLogEntryProto:7244@client-BE1E56DD0B20
2024-10-16 23:57:32,465 DEBUG server.RaftServer$Division (RaftServerImpl.java:logAppendEntries(1549)) - s9@group-676CD6864C30: appendEntries* reply s5<-s9#7249:OK-t1,SUCCESS,nextIndex=146,followerCommit=143,matchIndex=145
2024-10-16 23:57:32,464 DEBUG server.RaftServer$Division (RaftServerImpl.java:logAppendEntries(1549)) - s2@group-676CD6864C30: appendEntries* reply s5<-s2#7231:OK-t1,SUCCESS,nextIndex=144,followerCommit=142,matchIndex=143
2024-10-16 23:57:32,463 DEBUG server.RaftServer$Division (RaftServerImpl.java:logAppendEntries(1549)) - s12@group-676CD6864C30: appendEntries* reply s5<-s12#7233:OK-t1,SUCCESS,nextIndex=145,followerCommit=143,matchIndex=144
2024-10-16 23:57:32,465 DEBUG server.RaftServer$Division (RaftServerImpl.java:logAppendEntries(1549)) - s1@group-676CD6864C30: appendEntries* reply s5<-s1#7251:OK-t1,SUCCESS,nextIndex=146,followerCommit=143,matchIndex=145
2024-10-16 23:57:32,463 DEBUG server.RaftServer$Division (RaftServerImpl.java:logAppendEntries(1549)) - s10@group-676CD6864C30: appendEntries* reply s5<-s10#7220:OK-t1,SUCCESS,nextIndex=144,followerCommit=142,matchIndex=143
2024-10-16 23:57:32,463 DEBUG server.RaftServer$Division (RaftServerImpl.java:logAppendEntries(1549)) - s11@group-676CD6864C30: appendEntries* reply s5<-s11#7236:OK-t1,SUCCESS,nextIndex=145,followerCommit=143,matchIndex=144
2024-10-16 23:57:32,463 DEBUG server.RaftServer$Division (RaftServerImpl.java:logAppendEntries(1549)) - s7@group-676CD6864C30: appendEntries* reply s5<-s7#7235:OK-t1,SUCCESS,nextIndex=145,followerCommit=143,matchIndex=144
2024-10-16 23:57:32,465 DEBUG server.RaftServer$Division (RaftServerImpl.java:logAppendEntries(1549)) - s0@group-676CD6864C30: appendEntries* reply s5<-s0#7250:OK-t1,SUCCESS,nextIndex=146,followerCommit=143,matchIndex=145
2024-10-16 23:57:32,465 INFO  statemachine.StateMachine (ArithmeticStateMachine.java:applyTransaction(181)) - LEADER:s5-145: a = 105 = 105
2024-10-16 23:57:32,466 DEBUG server.RaftServer$Division (RaftServerImpl.java:logAppendEntries(1549)) - s8@group-676CD6864C30: appendEntries* s5->s8#7260-t1,previous=(t:1, i:145),leaderCommit=145,initializing? false,entries: size=1, first=(t:1, i:146), METADATAENTRY(c:145)
2024-10-16 23:57:32,466 DEBUG server.RaftServer$Division (RaftServerImpl.java:logAppendEntries(1549)) - s10@group-676CD6864C30: appendEntries* s5->s10#7261-t1,previous=(t:1, i:143),leaderCommit=145,initializing? false,entries: size=3, first=(t:1, i:144), METADATAENTRY(c:143)
2024-10-16 23:57:32,467 DEBUG server.RaftServer$Division (RaftServerImpl.java:logAppendEntries(1549)) - s12@group-676CD6864C30: appendEntries* s5->s12#7264-t1,previous=(t:1, i:144),leaderCommit=145,initializing? false,entries: size=2, first=(t:1, i:145), STATEMACHINELOGENTRY, StateMachineLogEntryProto:7244@client-BE1E56DD0B20
2024-10-16 23:57:32,467 DEBUG server.RaftServer$Division (RaftServerImpl.java:submitClientRequestAsync(920)) - s5@group-676CD6864C30: receive client request(RaftClientRequest:client-BE1E56DD0B20->s5@group-676CD6864C30, cid=7265, seq=null, RW, Message:0101620240b588000000...(size=12))
2024-10-16 23:57:32,467 DEBUG server.RaftServer$Division (RaftServerImpl.java:logAppendEntries(1549)) - s2@group-676CD6864C30: appendEntries* s5->s2#7263-t1,previous=(t:1, i:143),leaderCommit=145,initializing? false,entries: size=3, first=(t:1, i:144), METADATAENTRY(c:143)
2024-10-16 23:57:32,468 DEBUG server.RaftServer$Division (LeaderStateImpl.java:addPendingRequest(529)) - s5@group-676CD6864C30-LeaderStateImpl: addPendingRequest at RaftClientRequest:client-BE1E56DD0B20->s5@group-676CD6864C30, cid=7265, seq=null, RW, Message:0101620240b588000000...(size=12), entry=(t:1, i:147), STATEMACHINELOGENTRY, WRITE: logData.size=12, stateMachineData.size=0, logEntryProtoSerializedSize=0
2024-10-16 23:57:32,467 DEBUG server.RaftServer$Division (RaftServerImpl.java:logAppendEntries(1549)) - s3@group-676CD6864C30: appendEntries* s5->s3#7252-t1,previous=(t:1, i:143),leaderCommit=144,initializing? false,entries: size=2, first=(t:1, i:144), METADATAENTRY(c:143)
2024-10-16 23:57:32,467 DEBUG server.RaftServer$Division (RaftServerImpl.java:logAppendEntries(1549)) - s13@group-676CD6864C30: appendEntries* s5->s13#7254-t1,previous=(t:1, i:145),leaderCommit=145,initializing? false,entries: size=1, first=(t:1, i:146), METADATAENTRY(c:145)
2024-10-16 23:57:32,467 DEBUG server.RaftServer$Division (RaftServerImpl.java:logAppendEntries(1549)) - s0@group-676CD6864C30: appendEntries* s5->s0#7259-t1,previous=(t:1, i:145),leaderCommit=145,initializing? false,entries: size=1, first=(t:1, i:146), METADATAENTRY(c:145)
2024-10-16 23:57:32,466 DEBUG server.RaftServer$Division (RaftServerImpl.java:logAppendEntries(1549)) - s14@group-676CD6864C30: appendEntries* s5->s14#7258-t1,previous=(t:1, i:145),leaderCommit=145,initializing? false,entries: size=1, first=(t:1, i:146), METADATAENTRY(c:145)
2024-10-16 23:57:32,468 DEBUG server.RaftServer$Division (RaftServerImpl.java:logAppendEntries(1549)) - s12@group-676CD6864C30: appendEntries* reply s5<-s12#7264:OK-t1,SUCCESS,nextIndex=147,followerCommit=145,matchIndex=146
2024-10-16 23:57:32,466 DEBUG server.RaftServer$Division (RaftServerImpl.java:logAppendEntries(1549)) - s7@group-676CD6864C30: appendEntries* s5->s7#7253-t1,previous=(t:1, i:144),leaderCommit=145,initializing? false,entries: size=1, first=(t:1, i:145), STATEMACHINELOGENTRY, StateMachineLogEntryProto:7244@client-BE1E56DD0B20
2024-10-16 23:57:32,468 DEBUG server.RaftServer$Division (RaftServerImpl.java:logAppendEntries(1549)) - s14@group-676CD6864C30: appendEntries* reply s5<-s14#7258:OK-t1,SUCCESS,nextIndex=147,followerCommit=145,matchIndex=146
2024-10-16 23:57:32,469 DEBUG server.RaftServer$Division (RaftServerImpl.java:logAppendEntries(1549)) - s13@group-676CD6864C30: appendEntries* reply s5<-s13#7254:OK-t1,SUCCESS,nextIndex=147,followerCommit=145,matchIndex=146
2024-10-16 23:57:32,466 DEBUG server.RaftServer$Division (RaftServerImpl.java:logAppendEntries(1549)) - s11@group-676CD6864C30: appendEntries* s5->s11#7262-t1,previous=(t:1, i:144),leaderCommit=145,initializing? false,entries: size=2, first=(t:1, i:145), STATEMACHINELOGENTRY, StateMachineLogEntryProto:7244@client-BE1E56DD0B20
2024-10-16 23:57:32,469 DEBUG server.RaftServer$Division (RaftServerImpl.java:logAppendEntries(1549)) - s3@group-676CD6864C30: appendEntries* reply s5<-s3#7252:OK-t1,SUCCESS,nextIndex=146,followerCommit=144,matchIndex=145
2024-10-16 23:57:32,469 DEBUG server.RaftServer$Division (RaftServerImpl.java:logAppendEntries(1549)) - s11@group-676CD6864C30: appendEntries* reply s5<-s11#7262:OK-t1,SUCCESS,nextIndex=147,followerCommit=145,matchIndex=146
2024-10-16 23:57:32,469 DEBUG server.RaftServer$Division (RaftServerImpl.java:logAppendEntries(1549)) - s12@group-676CD6864C30: appendEntries* s5->s12#7266-t1,previous=(t:1, i:146),leaderCommit=145,initializing? false,entries: size=1, first=(t:1, i:147), STATEMACHINELOGENTRY, StateMachineLogEntryProto:7265@client-BE1E56DD0B20
2024-10-16 23:57:32,466 DEBUG server.RaftServer$Division (RaftServerImpl.java:logAppendEntries(1549)) - s4@group-676CD6864C30: appendEntries* s5->s4#7240-t1,previous=(t:1, i:143),leaderCommit=143,initializing? false,entries: size=1, first=(t:1, i:144), METADATAENTRY(c:143)
2024-10-16 23:57:32,466 DEBUG server.RaftServer$Division (RaftServerImpl.java:logAppendEntries(1549)) - s8@group-676CD6864C30: appendEntries* reply s5<-s8#7260:OK-t1,SUCCESS,nextIndex=147,followerCommit=145,matchIndex=146
2024-10-16 23:57:32,470 DEBUG server.RaftServer$Division (RaftServerImpl.java:logAppendEntries(1549)) - s13@group-676CD6864C30: appendEntries* s5->s13#7269-t1,previous=(t:1, i:146),leaderCommit=145,initializing? false,entries: size=1, first=(t:1, i:147), STATEMACHINELOGENTRY, StateMachineLogEntryProto:7265@client-BE1E56DD0B20
2024-10-16 23:57:32,466 DEBUG server.RaftServer$Division (RaftServerImpl.java:logAppendEntries(1549)) - s6@group-676CD6864C30: appendEntries* s5->s6#7256-t1,previous=(t:1, i:145),leaderCommit=145,initializing? false,entries: size=1, first=(t:1, i:146), METADATAENTRY(c:145)
2024-10-16 23:57:32,470 DEBUG server.RaftServer$Division (RaftServerImpl.java:logAppendEntries(1549)) - s13@group-676CD6864C30: appendEntries* reply s5<-s13#7269:OK-t1,SUCCESS,nextIndex=148,followerCommit=145,matchIndex=147
2024-10-16 23:57:32,470 DEBUG server.RaftServer$Division (RaftServerImpl.java:logAppendEntries(1549)) - s6@group-676CD6864C30: appendEntries* reply s5<-s6#7256:OK-t1,SUCCESS,nextIndex=147,followerCommit=145,matchIndex=146
2024-10-16 23:57:32,470 DEBUG server.RaftServer$Division (RaftServerImpl.java:logAppendEntries(1549)) - s3@group-676CD6864C30: appendEntries* s5->s3#7270-t1,previous=(t:1, i:145),leaderCommit=145,initializing? false,entries: size=2, first=(t:1, i:146), METADATAENTRY(c:145)
2024-10-16 23:57:32,466 DEBUG server.RaftServer$Division (RaftServerImpl.java:logAppendEntries(1549)) - s9@group-676CD6864C30: appendEntries* s5->s9#7257-t1,previous=(t:1, i:145),leaderCommit=145,initializing? false,entries: size=1, first=(t:1, i:146), METADATAENTRY(c:145)
2024-10-16 23:57:32,466 DEBUG server.RaftServer$Division (RaftServerImpl.java:logAppendEntries(1549)) - s1@group-676CD6864C30: appendEntries* s5->s1#7255-t1,previous=(t:1, i:145),leaderCommit=145,initializing? false,entries: size=1, first=(t:1, i:146), METADATAENTRY(c:145)
2024-10-16 23:57:32,471 DEBUG server.RaftServer$Division (RaftServerImpl.java:logAppendEntries(1549)) - s8@group-676CD6864C30: appendEntries* s5->s8#7271-t1,previous=(t:1, i:146),leaderCommit=145,initializing? false,entries: size=1, first=(t:1, i:147), STATEMACHINELOGENTRY, StateMachineLogEntryProto:7265@client-BE1E56DD0B20
2024-10-16 23:57:32,470 DEBUG server.RaftServer$Division (RaftServerImpl.java:logAppendEntries(1549)) - s4@group-676CD6864C30: appendEntries* reply s5<-s4#7240:OK-t1,SUCCESS,nextIndex=145,followerCommit=143,matchIndex=144
2024-10-16 23:57:32,470 DEBUG server.RaftServer$Division (RaftServerImpl.java:logAppendEntries(1549)) - s12@group-676CD6864C30: appendEntries* reply s5<-s12#7266:OK-t1,SUCCESS,nextIndex=148,followerCommit=145,matchIndex=147
2024-10-16 23:57:32,470 DEBUG server.RaftServer$Division (RaftServerImpl.java:logAppendEntries(1549)) - s11@group-676CD6864C30: appendEntries* s5->s11#7268-t1,previous=(t:1, i:146),leaderCommit=145,initializing? false,entries: size=1, first=(t:1, i:147), STATEMACHINELOGENTRY, StateMachineLogEntryProto:7265@client-BE1E56DD0B20
2024-10-16 23:57:32,471 DEBUG server.RaftServer$Division (RaftServerImpl.java:logAppendEntries(1549)) - s8@group-676CD6864C30: appendEntries* reply s5<-s8#7271:OK-t1,SUCCESS,nextIndex=148,followerCommit=145,matchIndex=147
2024-10-16 23:57:32,471 DEBUG server.RaftServer$Division (RaftServerImpl.java:logAppendEntries(1549)) - s1@group-676CD6864C30: appendEntries* reply s5<-s1#7255:OK-t1,SUCCESS,nextIndex=147,followerCommit=145,matchIndex=146
2024-10-16 23:57:32,472 DEBUG server.RaftServer$Division (RaftServerImpl.java:logAppendEntries(1549)) - s11@group-676CD6864C30: appendEntries* reply s5<-s11#7268:OK-t1,SUCCESS,nextIndex=148,followerCommit=145,matchIndex=147
2024-10-16 23:57:32,472 DEBUG server.RaftServer$Division (RaftServerImpl.java:logAppendEntries(1549)) - s6@group-676CD6864C30: appendEntries* s5->s6#7272-t1,previous=(t:1, i:146),leaderCommit=145,initializing? false,entries: size=1, first=(t:1, i:147), STATEMACHINELOGENTRY, StateMachineLogEntryProto:7265@client-BE1E56DD0B20
2024-10-16 23:57:32,472 DEBUG server.RaftServer$Division (RaftServerImpl.java:logAppendEntries(1549)) - s1@group-676CD6864C30: appendEntries* s5->s1#7274-t1,previous=(t:1, i:146),leaderCommit=145,initializing? false,entries: size=1, first=(t:1, i:147), STATEMACHINELOGENTRY, StateMachineLogEntryProto:7265@client-BE1E56DD0B20
2024-10-16 23:57:32,470 DEBUG server.RaftServer$Division (RaftServerImpl.java:logAppendEntries(1549)) - s14@group-676CD6864C30: appendEntries* s5->s14#7267-t1,previous=(t:1, i:146),leaderCommit=145,initializing? false,entries: size=1, first=(t:1, i:147), STATEMACHINELOGENTRY, StateMachineLogEntryProto:7265@client-BE1E56DD0B20
2024-10-16 23:57:32,469 DEBUG server.RaftServer$Division (RaftServerImpl.java:logAppendEntries(1549)) - s2@group-676CD6864C30: appendEntries* reply s5<-s2#7263:OK-t1,SUCCESS,nextIndex=147,followerCommit=145,matchIndex=146
2024-10-16 23:57:32,469 DEBUG server.RaftServer$Division (RaftServerImpl.java:logAppendEntries(1549)) - s7@group-676CD6864C30: appendEntries* reply s5<-s7#7253:OK-t1,SUCCESS,nextIndex=146,followerCommit=145,matchIndex=145
2024-10-16 23:57:32,469 DEBUG server.RaftServer$Division (RaftServerImpl.java:logAppendEntries(1549)) - s10@group-676CD6864C30: appendEntries* reply s5<-s10#7261:OK-t1,SUCCESS,nextIndex=147,followerCommit=145,matchIndex=146
2024-10-16 23:57:32,469 DEBUG server.RaftServer$Division (RaftServerImpl.java:logAppendEntries(1549)) - s0@group-676CD6864C30: appendEntries* reply s5<-s0#7259:OK-t1,SUCCESS,nextIndex=147,followerCommit=145,matchIndex=146
2024-10-16 23:57:32,473 DEBUG server.RaftServer$Division (RaftServerImpl.java:logAppendEntries(1549)) - s14@group-676CD6864C30: appendEntries* reply s5<-s14#7267:OK-t1,SUCCESS,nextIndex=148,followerCommit=145,matchIndex=147
2024-10-16 23:57:32,472 DEBUG server.RaftServer$Division (RaftServerImpl.java:logAppendEntries(1549)) - s6@group-676CD6864C30: appendEntries* reply s5<-s6#7272:OK-t1,SUCCESS,nextIndex=148,followerCommit=145,matchIndex=147
2024-10-16 23:57:32,473 DEBUG server.RaftServer$Division (RaftServerImpl.java:logAppendEntries(1549)) - s7@group-676CD6864C30: appendEntries* s5->s7#7275-t1,previous=(t:1, i:145),leaderCommit=146,initializing? false,entries: size=2, first=(t:1, i:146), METADATAENTRY(c:145)
2024-10-16 23:57:32,473 DEBUG server.RaftServer$Division (RaftServerImpl.java:logAppendEntries(1549)) - s0@group-676CD6864C30: appendEntries* s5->s0#7276-t1,previous=(t:1, i:146),leaderCommit=146,initializing? false,entries: size=1, first=(t:1, i:147), STATEMACHINELOGENTRY, StateMachineLogEntryProto:7265@client-BE1E56DD0B20
2024-10-16 23:57:32,473 DEBUG server.RaftServer$Division (RaftServerImpl.java:logAppendEntries(1549)) - s7@group-676CD6864C30: appendEntries* reply s5<-s7#7275:OK-t1,SUCCESS,nextIndex=148,followerCommit=146,matchIndex=147
2024-10-16 23:57:32,474 DEBUG server.RaftServer$Division (RaftServerImpl.java:logAppendEntries(1549)) - s0@group-676CD6864C30: appendEntries* reply s5<-s0#7276:OK-t1,SUCCESS,nextIndex=148,followerCommit=146,matchIndex=147
2024-10-16 23:57:32,474 DEBUG server.RaftServer$Division (RaftServerImpl.java:logAppendEntries(1549)) - s8@group-676CD6864C30: appendEntries* s5->s8#7278-t1,previous=(t:1, i:147),leaderCommit=147,initializing? false,entries: size=1, first=(t:1, i:148), METADATAENTRY(c:147)
2024-10-16 23:57:32,474 DEBUG server.RaftServer$Division (RaftServerImpl.java:logAppendEntries(1549)) - s0@group-676CD6864C30: appendEntries* s5->s0#7281-t1,previous=(t:1, i:147),leaderCommit=147,initializing? false,entries: size=1, first=(t:1, i:148), METADATAENTRY(c:147)
2024-10-16 23:57:32,474 DEBUG server.RaftServer$Division (RaftServerImpl.java:logAppendEntries(1549)) - s14@group-676CD6864C30: appendEntries* s5->s14#7282-t1,previous=(t:1, i:147),leaderCommit=147,initializing? false,entries: size=1, first=(t:1, i:148), METADATAENTRY(c:147)
2024-10-16 23:57:32,475 DEBUG server.RaftServer$Division (RaftServerImpl.java:logAppendEntries(1549)) - s6@group-676CD6864C30: appendEntries* s5->s6#7277-t1,previous=(t:1, i:147),leaderCommit=147,initializing? false,entries: size=1, first=(t:1, i:148), METADATAENTRY(c:147)
2024-10-16 23:57:32,475 DEBUG server.RaftServer$Division (RaftServerImpl.java:logAppendEntries(1549)) - s12@group-676CD6864C30: appendEntries* s5->s12#7280-t1,previous=(t:1, i:147),leaderCommit=147,initializing? false,entries: size=1, first=(t:1, i:148), METADATAENTRY(c:147)
2024-10-16 23:57:32,475 DEBUG server.RaftServer$Division (RaftServerImpl.java:logAppendEntries(1549)) - s14@group-676CD6864C30: appendEntries* reply s5<-s14#7282:OK-t1,SUCCESS,nextIndex=149,followerCommit=147,matchIndex=148
2024-10-16 23:57:32,475 DEBUG server.RaftServer$Division (RaftServerImpl.java:logAppendEntries(1549)) - s6@group-676CD6864C30: appendEntries* reply s5<-s6#7277:OK-t1,SUCCESS,nextIndex=149,followerCommit=147,matchIndex=148
2024-10-16 23:57:32,475 DEBUG server.RaftServer$Division (RaftServerImpl.java:logAppendEntries(1549)) - s11@group-676CD6864C30: appendEntries* s5->s11#7285-t1,previous=(t:1, i:147),leaderCommit=147,initializing? false,entries: size=1, first=(t:1, i:148), METADATAENTRY(c:147)
2024-10-16 23:57:32,475 DEBUG server.RaftServer$Division (RaftServerImpl.java:logAppendEntries(1549)) - s12@group-676CD6864C30: appendEntries* reply s5<-s12#7280:OK-t1,SUCCESS,nextIndex=149,followerCommit=147,matchIndex=148
2024-10-16 23:57:32,476 DEBUG server.RaftServer$Division (RaftServerImpl.java:logAppendEntries(1549)) - s11@group-676CD6864C30: appendEntries* reply s5<-s11#7285:OK-t1,SUCCESS,nextIndex=149,followerCommit=147,matchIndex=148
2024-10-16 23:57:32,476 DEBUG server.RaftServer$Division (RaftServerImpl.java:logAppendEntries(1549)) - s2@group-676CD6864C30: appendEntries* s5->s2#7286-t1,previous=(t:1, i:146),leaderCommit=147,initializing? false,entries: size=2, first=(t:1, i:147), STATEMACHINELOGENTRY, StateMachineLogEntryProto:7265@client-BE1E56DD0B20
2024-10-16 23:57:32,476 DEBUG server.RaftServer$Division (RaftServerImpl.java:logAppendEntries(1549)) - s10@group-676CD6864C30: appendEntries* s5->s10#7279-t1,previous=(t:1, i:146),leaderCommit=147,initializing? false,entries: size=2, first=(t:1, i:147), STATEMACHINELOGENTRY, StateMachineLogEntryProto:7265@client-BE1E56DD0B20
2024-10-16 23:57:32,472 DEBUG server.RaftServer$Division (RaftServerImpl.java:logAppendEntries(1549)) - s4@group-676CD6864C30: appendEntries* s5->s4#7273-t1,previous=(t:1, i:144),leaderCommit=145,initializing? false,entries: size=3, first=(t:1, i:145), STATEMACHINELOGENTRY, StateMachineLogEntryProto:7244@client-BE1E56DD0B20
2024-10-16 23:57:32,471 DEBUG server.RaftServer$Division (RaftServerImpl.java:logAppendEntries(1549)) - s3@group-676CD6864C30: appendEntries* reply s5<-s3#7270:OK-t1,SUCCESS,nextIndex=148,followerCommit=145,matchIndex=147
2024-10-16 23:57:32,471 DEBUG server.RaftServer$Division (RaftServerImpl.java:logAppendEntries(1549)) - s9@group-676CD6864C30: appendEntries* reply s5<-s9#7257:OK-t1,SUCCESS,nextIndex=147,followerCommit=145,matchIndex=146
2024-10-16 23:57:32,475 DEBUG server.RaftServer$Division (RaftServerImpl.java:logAppendEntries(1549)) - s13@group-676CD6864C30: appendEntries* s5->s13#7284-t1,previous=(t:1, i:147),leaderCommit=147,initializing? false,entries: size=1, first=(t:1, i:148), METADATAENTRY(c:147)
2024-10-16 23:57:32,475 DEBUG server.RaftServer$Division (RaftServerImpl.java:logAppendEntries(1549)) - s0@group-676CD6864C30: appendEntries* reply s5<-s0#7281:OK-t1,SUCCESS,nextIndex=149,followerCommit=147,matchIndex=148
2024-10-16 23:57:32,477 DEBUG server.RaftServer$Division (RaftServerImpl.java:logAppendEntries(1549)) - s13@group-676CD6864C30: appendEntries* reply s5<-s13#7284:OK-t1,SUCCESS,nextIndex=149,followerCommit=147,matchIndex=148
2024-10-16 23:57:32,475 DEBUG server.RaftServer$Division (RaftServerImpl.java:logAppendEntries(1549)) - s7@group-676CD6864C30: appendEntries* s5->s7#7283-t1,previous=(t:1, i:147),leaderCommit=147,initializing? false,entries: size=1, first=(t:1, i:148), METADATAENTRY(c:147)
2024-10-16 23:57:32,475 DEBUG server.RaftServer$Division (RaftServerImpl.java:logAppendEntries(1549)) - s8@group-676CD6864C30: appendEntries* reply s5<-s8#7278:OK-t1,SUCCESS,nextIndex=149,followerCommit=147,matchIndex=148
2024-10-16 23:57:32,474 INFO  statemachine.StateMachine (ArithmeticStateMachine.java:applyTransaction(181)) - LEADER:s5-147: b = 5512 = 5512
2024-10-16 23:57:32,473 DEBUG server.RaftServer$Division (RaftServerImpl.java:logAppendEntries(1549)) - s1@group-676CD6864C30: appendEntries* reply s5<-s1#7274:OK-t1,SUCCESS,nextIndex=148,followerCommit=145,matchIndex=147
2024-10-16 23:57:32,477 DEBUG server.RaftServer$Division (RaftServerImpl.java:logAppendEntries(1549)) - s7@group-676CD6864C30: appendEntries* reply s5<-s7#7283:OK-t1,SUCCESS,nextIndex=149,followerCommit=147,matchIndex=148
2024-10-16 23:57:32,477 DEBUG server.RaftServer$Division (RaftServerImpl.java:logAppendEntries(1549)) - s9@group-676CD6864C30: appendEntries* s5->s9#7288-t1,previous=(t:1, i:146),leaderCommit=147,initializing? false,entries: size=2, first=(t:1, i:147), STATEMACHINELOGENTRY, StateMachineLogEntryProto:7265@client-BE1E56DD0B20
2024-10-16 23:57:32,477 DEBUG server.RaftServer$Division (RaftServerImpl.java:logAppendEntries(1549)) - s1@group-676CD6864C30: appendEntries* s5->s1#7289-t1,previous=(t:1, i:147),leaderCommit=147,initializing? false,entries: size=1, first=(t:1, i:148), METADATAENTRY(c:147)
2024-10-16 23:57:32,478 DEBUG server.RaftServer$Division (RaftServerImpl.java:logAppendEntries(1549)) - s9@group-676CD6864C30: appendEntries* reply s5<-s9#7288:OK-t1,SUCCESS,nextIndex=149,followerCommit=147,matchIndex=148
2024-10-16 23:57:32,478 DEBUG server.RaftServer$Division (RaftServerImpl.java:logAppendEntries(1549)) - s10@group-676CD6864C30: appendEntries* reply s5<-s10#7279:OK-t1,SUCCESS,nextIndex=149,followerCommit=147,matchIndex=148
2024-10-16 23:57:32,478 DEBUG server.RaftServer$Division (RaftServerImpl.java:logAppendEntries(1549)) - s1@group-676CD6864C30: appendEntries* reply s5<-s1#7289:OK-t1,SUCCESS,nextIndex=149,followerCommit=147,matchIndex=148
2024-10-16 23:57:32,478 DEBUG server.RaftServer$Division (RaftServerImpl.java:submitClientRequestAsync(920)) - s5@group-676CD6864C30: receive client request(RaftClientRequest:client-BE1E56DD0B20->s5@group-676CD6864C30, cid=7290, seq=null, RW, Message:01016304010300040201...(size=17))
2024-10-16 23:57:32,479 DEBUG server.RaftServer$Division (LeaderStateImpl.java:addPendingRequest(529)) - s5@group-676CD6864C30-LeaderStateImpl: addPendingRequest at RaftClientRequest:client-BE1E56DD0B20->s5@group-676CD6864C30, cid=7290, seq=null, RW, Message:01016304010300040201...(size=17), entry=(t:1, i:149), STATEMACHINELOGENTRY, WRITE: logData.size=17, stateMachineData.size=0, logEntryProtoSerializedSize=0
2024-10-16 23:57:32,479 DEBUG server.RaftServer$Division (RaftServerImpl.java:logAppendEntries(1549)) - s1@group-676CD6864C30: appendEntries* s5->s1#7293-t1,previous=(t:1, i:148),leaderCommit=148,initializing? false,entries: size=1, first=(t:1, i:149), STATEMACHINELOGENTRY, StateMachineLogEntryProto:7290@client-BE1E56DD0B20
2024-10-16 23:57:32,479 DEBUG server.RaftServer$Division (RaftServerImpl.java:logAppendEntries(1549)) - s6@group-676CD6864C30: appendEntries* s5->s6#7291-t1,previous=(t:1, i:148),leaderCommit=148,initializing? false,entries: size=1, first=(t:1, i:149), STATEMACHINELOGENTRY, StateMachineLogEntryProto:7290@client-BE1E56DD0B20
2024-10-16 23:57:32,479 DEBUG server.RaftServer$Division (RaftServerImpl.java:logAppendEntries(1549)) - s1@group-676CD6864C30: appendEntries* reply s5<-s1#7293:OK-t1,SUCCESS,nextIndex=150,followerCommit=148,matchIndex=149
2024-10-16 23:57:32,479 DEBUG server.RaftServer$Division (RaftServerImpl.java:logAppendEntries(1549)) - s2@group-676CD6864C30: appendEntries* reply s5<-s2#7286:OK-t1,SUCCESS,nextIndex=149,followerCommit=147,matchIndex=148
2024-10-16 23:57:32,480 DEBUG server.RaftServer$Division (RaftServerImpl.java:logAppendEntries(1549)) - s6@group-676CD6864C30: appendEntries* reply s5<-s6#7291:OK-t1,SUCCESS,nextIndex=150,followerCommit=148,matchIndex=149
2024-10-16 23:57:32,480 DEBUG server.RaftServer$Division (RaftServerImpl.java:logAppendEntries(1549)) - s8@group-676CD6864C30: appendEntries* s5->s8#7299-t1,previous=(t:1, i:148),leaderCommit=148,initializing? false,entries: size=1, first=(t:1, i:149), STATEMACHINELOGENTRY, StateMachineLogEntryProto:7290@client-BE1E56DD0B20
2024-10-16 23:57:32,480 DEBUG server.RaftServer$Division (RaftServerImpl.java:logAppendEntries(1549)) - s7@group-676CD6864C30: appendEntries* s5->s7#7298-t1,previous=(t:1, i:148),leaderCommit=148,initializing? false,entries: size=1, first=(t:1, i:149), STATEMACHINELOGENTRY, StateMachineLogEntryProto:7290@client-BE1E56DD0B20
2024-10-16 23:57:32,480 DEBUG server.RaftServer$Division (RaftServerImpl.java:logAppendEntries(1549)) - s4@group-676CD6864C30: appendEntries* reply s5<-s4#7273:OK-t1,SUCCESS,nextIndex=148,followerCommit=145,matchIndex=147
2024-10-16 23:57:32,480 DEBUG server.RaftServer$Division (RaftServerImpl.java:logAppendEntries(1549)) - s14@group-676CD6864C30: appendEntries* s5->s14#7300-t1,previous=(t:1, i:148),leaderCommit=148,initializing? false,entries: size=1, first=(t:1, i:149), STATEMACHINELOGENTRY, StateMachineLogEntryProto:7290@client-BE1E56DD0B20
2024-10-16 23:57:32,480 DEBUG server.RaftServer$Division (RaftServerImpl.java:logAppendEntries(1549)) - s10@group-676CD6864C30: appendEntries* s5->s10#7292-t1,previous=(t:1, i:148),leaderCommit=148,initializing? false,entries: size=1, first=(t:1, i:149), STATEMACHINELOGENTRY, StateMachineLogEntryProto:7290@client-BE1E56DD0B20
2024-10-16 23:57:32,479 DEBUG server.RaftServer$Division (RaftServerImpl.java:logAppendEntries(1549)) - s13@group-676CD6864C30: appendEntries* s5->s13#7295-t1,previous=(t:1, i:148),leaderCommit=148,initializing? false,entries: size=1, first=(t:1, i:149), STATEMACHINELOGENTRY, StateMachineLogEntryProto:7290@client-BE1E56DD0B20
2024-10-16 23:57:32,479 DEBUG server.RaftServer$Division (RaftServerImpl.java:logAppendEntries(1549)) - s12@group-676CD6864C30: appendEntries* s5->s12#7297-t1,previous=(t:1, i:148),leaderCommit=148,initializing? false,entries: size=1, first=(t:1, i:149), STATEMACHINELOGENTRY, StateMachineLogEntryProto:7290@client-BE1E56DD0B20
2024-10-16 23:57:32,482 DEBUG server.RaftServer$Division (RaftServerImpl.java:logAppendEntries(1549)) - s10@group-676CD6864C30: appendEntries* reply s5<-s10#7292:OK-t1,SUCCESS,nextIndex=150,followerCommit=148,matchIndex=149
2024-10-16 23:57:32,481 DEBUG server.RaftServer$Division (RaftServerImpl.java:logAppendEntries(1549)) - s4@group-676CD6864C30: appendEntries* s5->s4#7303-t1,previous=(t:1, i:147),leaderCommit=148,initializing? false,entries: size=2, first=(t:1, i:148), METADATAENTRY(c:147)
2024-10-16 23:57:32,481 DEBUG server.RaftServer$Division (RaftServerImpl.java:logAppendEntries(1549)) - s3@group-676CD6864C30: appendEntries* s5->s3#7287-t1,previous=(t:1, i:147),leaderCommit=147,initializing? false,entries: size=1, first=(t:1, i:148), METADATAENTRY(c:147)
2024-10-16 23:57:32,482 DEBUG server.RaftServer$Division (RaftServerImpl.java:logAppendEntries(1549)) - s12@group-676CD6864C30: appendEntries* reply s5<-s12#7297:OK-t1,SUCCESS,nextIndex=150,followerCommit=148,matchIndex=149
2024-10-16 23:57:32,481 DEBUG server.RaftServer$Division (RaftServerImpl.java:logAppendEntries(1549)) - s2@group-676CD6864C30: appendEntries* s5->s2#7301-t1,previous=(t:1, i:148),leaderCommit=148,initializing? false,entries: size=1, first=(t:1, i:149), STATEMACHINELOGENTRY, StateMachineLogEntryProto:7290@client-BE1E56DD0B20
2024-10-16 23:57:32,481 DEBUG server.RaftServer$Division (RaftServerImpl.java:logAppendEntries(1549)) - s9@group-676CD6864C30: appendEntries* s5->s9#7302-t1,previous=(t:1, i:148),leaderCommit=148,initializing? false,entries: size=1, first=(t:1, i:149), STATEMACHINELOGENTRY, StateMachineLogEntryProto:7290@client-BE1E56DD0B20
2024-10-16 23:57:32,481 DEBUG server.RaftServer$Division (RaftServerImpl.java:logAppendEntries(1549)) - s14@group-676CD6864C30: appendEntries* reply s5<-s14#7300:OK-t1,SUCCESS,nextIndex=150,followerCommit=148,matchIndex=149
2024-10-16 23:57:32,481 DEBUG server.RaftServer$Division (RaftServerImpl.java:logAppendEntries(1549)) - s7@group-676CD6864C30: appendEntries* reply s5<-s7#7298:OK-t1,SUCCESS,nextIndex=150,followerCommit=148,matchIndex=149
2024-10-16 23:57:32,480 DEBUG server.RaftServer$Division (RaftServerImpl.java:logAppendEntries(1549)) - s11@group-676CD6864C30: appendEntries* s5->s11#7296-t1,previous=(t:1, i:148),leaderCommit=148,initializing? false,entries: size=1, first=(t:1, i:149), STATEMACHINELOGENTRY, StateMachineLogEntryProto:7290@client-BE1E56DD0B20
2024-10-16 23:57:32,480 DEBUG server.RaftServer$Division (RaftServerImpl.java:logAppendEntries(1549)) - s8@group-676CD6864C30: appendEntries* reply s5<-s8#7299:OK-t1,SUCCESS,nextIndex=150,followerCommit=148,matchIndex=149
2024-10-16 23:57:32,483 DEBUG server.RaftServer$Division (RaftServerImpl.java:logAppendEntries(1549)) - s2@group-676CD6864C30: appendEntries* reply s5<-s2#7301:OK-t1,SUCCESS,nextIndex=150,followerCommit=148,matchIndex=149
2024-10-16 23:57:32,484 INFO  statemachine.StateMachine (ArithmeticStateMachine.java:applyTransaction(181)) - LEADER:s5-149: c = √(a^2 + b^2) = 5513
2024-10-16 23:57:32,484 DEBUG server.RaftServer$Division (RaftServerImpl.java:logAppendEntries(1549)) - s14@group-676CD6864C30: appendEntries* s5->s14#7304-t1,previous=(t:1, i:149),leaderCommit=149,initializing? false,entries: size=1, first=(t:1, i:150), METADATAENTRY(c:149)
2024-10-16 23:57:32,484 DEBUG server.RaftServer$Division (RaftServerImpl.java:logAppendEntries(1549)) - s11@group-676CD6864C30: appendEntries* reply s5<-s11#7296:OK-t1,SUCCESS,nextIndex=150,followerCommit=148,matchIndex=149
2024-10-16 23:57:32,484 DEBUG server.RaftServer$Division (RaftServerImpl.java:logAppendEntries(1549)) - s12@group-676CD6864C30: appendEntries* s5->s12#7309-t1,previous=(t:1, i:149),leaderCommit=149,initializing? false,entries: size=1, first=(t:1, i:150), METADATAENTRY(c:149)
2024-10-16 23:57:32,484 DEBUG server.RaftServer$Division (RaftServerImpl.java:submitClientRequestAsync(920)) - s5@group-676CD6864C30: receive client request(RaftClientRequest:client-BE1E56DD0B20->s5@group-676CD6864C30, cid=7310, seq=null, RW, Message:01016100)
2024-10-16 23:57:32,485 DEBUG server.RaftServer$Division (LeaderStateImpl.java:addPendingRequest(529)) - s5@group-676CD6864C30-LeaderStateImpl: addPendingRequest at RaftClientRequest:client-BE1E56DD0B20->s5@group-676CD6864C30, cid=7310, seq=null, RW, Message:01016100, entry=(t:1, i:151), STATEMACHINELOGENTRY, WRITE: logData.size=4, stateMachineData.size=0, logEntryProtoSerializedSize=0
2024-10-16 23:57:32,485 DEBUG server.RaftServer$Division (RaftServerImpl.java:logAppendEntries(1549)) - s8@group-676CD6864C30: appendEntries* s5->s8#7311-t1,previous=(t:1, i:149),leaderCommit=149,initializing? false,entries: size=1, first=(t:1, i:150), METADATAENTRY(c:149)
2024-10-16 23:57:32,480 DEBUG server.RaftServer$Division (RaftServerImpl.java:logAppendEntries(1549)) - s0@group-676CD6864C30: appendEntries* s5->s0#7294-t1,previous=(t:1, i:148),leaderCommit=148,initializing? false,entries: size=1, first=(t:1, i:149), STATEMACHINELOGENTRY, StateMachineLogEntryProto:7290@client-BE1E56DD0B20
2024-10-16 23:57:32,485 DEBUG server.RaftServer$Division (RaftServerImpl.java:logAppendEntries(1549)) - s10@group-676CD6864C30: appendEntries* s5->s10#7305-t1,previous=(t:1, i:149),leaderCommit=149,initializing? false,entries: size=1, first=(t:1, i:150), METADATAENTRY(c:149)
2024-10-16 23:57:32,485 DEBUG server.RaftServer$Division (RaftServerImpl.java:logAppendEntries(1549)) - s6@group-676CD6864C30: appendEntries* s5->s6#7308-t1,previous=(t:1, i:149),leaderCommit=149,initializing? false,entries: size=1, first=(t:1, i:150), METADATAENTRY(c:149)
2024-10-16 23:57:32,485 DEBUG server.RaftServer$Division (RaftServerImpl.java:logAppendEntries(1549)) - s0@group-676CD6864C30: appendEntries* reply s5<-s0#7294:OK-t1,SUCCESS,nextIndex=150,followerCommit=148,matchIndex=149
2024-10-16 23:57:32,485 DEBUG server.RaftServer$Division (RaftServerImpl.java:logAppendEntries(1549)) - s14@group-676CD6864C30: appendEntries* reply s5<-s14#7304:OK-t1,SUCCESS,nextIndex=151,followerCommit=149,matchIndex=150
2024-10-16 23:57:32,484 DEBUG server.RaftServer$Division (RaftServerImpl.java:logAppendEntries(1549)) - s12@group-676CD6864C30: appendEntries* reply s5<-s12#7309:OK-t1,SUCCESS,nextIndex=151,followerCommit=149,matchIndex=150
2024-10-16 23:57:32,484 DEBUG server.RaftServer$Division (RaftServerImpl.java:logAppendEntries(1549)) - s7@group-676CD6864C30: appendEntries* s5->s7#7306-t1,previous=(t:1, i:149),leaderCommit=149,initializing? false,entries: size=1, first=(t:1, i:150), METADATAENTRY(c:149)
2024-10-16 23:57:32,486 DEBUG server.RaftServer$Division (RaftServerImpl.java:logAppendEntries(1549)) - s6@group-676CD6864C30: appendEntries* reply s5<-s6#7308:OK-t1,SUCCESS,nextIndex=151,followerCommit=149,matchIndex=150
2024-10-16 23:57:32,484 DEBUG server.RaftServer$Division (RaftServerImpl.java:logAppendEntries(1549)) - s4@group-676CD6864C30: appendEntries* reply s5<-s4#7303:OK-t1,SUCCESS,nextIndex=150,followerCommit=148,matchIndex=149
2024-10-16 23:57:32,483 DEBUG server.RaftServer$Division (RaftServerImpl.java:logAppendEntries(1549)) - s9@group-676CD6864C30: appendEntries* reply s5<-s9#7302:OK-t1,SUCCESS,nextIndex=150,followerCommit=148,matchIndex=149
2024-10-16 23:57:32,486 DEBUG server.RaftServer$Division (RaftServerImpl.java:logAppendEntries(1549)) - s12@group-676CD6864C30: appendEntries* s5->s12#7315-t1,previous=(t:1, i:150),leaderCommit=149,initializing? false,entries: size=1, first=(t:1, i:151), STATEMACHINELOGENTRY, StateMachineLogEntryProto:7310@client-BE1E56DD0B20
2024-10-16 23:57:32,487 DEBUG server.RaftServer$Division (RaftServerImpl.java:logAppendEntries(1549)) - s12@group-676CD6864C30: appendEntries* reply s5<-s12#7315:OK-t1,SUCCESS,nextIndex=152,followerCommit=149,matchIndex=151
2024-10-16 23:57:32,487 DEBUG server.RaftServer$Division (RaftServerImpl.java:logAppendEntries(1549)) - s11@group-676CD6864C30: appendEntries* s5->s11#7312-t1,previous=(t:1, i:149),leaderCommit=149,initializing? false,entries: size=2, first=(t:1, i:150), METADATAENTRY(c:149)
2024-10-16 23:57:32,487 DEBUG server.RaftServer$Division (RaftServerImpl.java:logAppendEntries(1549)) - s4@group-676CD6864C30: appendEntries* s5->s4#7316-t1,previous=(t:1, i:149),leaderCommit=149,initializing? false,entries: size=2, first=(t:1, i:150), METADATAENTRY(c:149)
2024-10-16 23:57:32,487 DEBUG server.RaftServer$Division (RaftServerImpl.java:logAppendEntries(1549)) - s11@group-676CD6864C30: appendEntries* reply s5<-s11#7312:OK-t1,SUCCESS,nextIndex=152,followerCommit=149,matchIndex=151
2024-10-16 23:57:32,487 DEBUG server.RaftServer$Division (RaftServerImpl.java:logAppendEntries(1549)) - s6@group-676CD6864C30: appendEntries* s5->s6#7317-t1,previous=(t:1, i:150),leaderCommit=149,initializing? false,entries: size=1, first=(t:1, i:151), STATEMACHINELOGENTRY, StateMachineLogEntryProto:7310@client-BE1E56DD0B20
2024-10-16 23:57:32,488 DEBUG server.RaftServer$Division (RaftServerImpl.java:logAppendEntries(1549)) - s4@group-676CD6864C30: appendEntries* reply s5<-s4#7316:OK-t1,SUCCESS,nextIndex=152,followerCommit=149,matchIndex=151
2024-10-16 23:57:32,483 DEBUG server.RaftServer$Division (RaftServerImpl.java:logAppendEntries(1549)) - s3@group-676CD6864C30: appendEntries* reply s5<-s3#7287:OK-t1,SUCCESS,nextIndex=149,followerCommit=147,matchIndex=148
2024-10-16 23:57:32,482 DEBUG server.RaftServer$Division (RaftServerImpl.java:logAppendEntries(1549)) - s13@group-676CD6864C30: appendEntries* reply s5<-s13#7295:OK-t1,SUCCESS,nextIndex=150,followerCommit=148,matchIndex=149
2024-10-16 23:57:32,488 DEBUG server.RaftServer$Division (RaftServerImpl.java:logAppendEntries(1549)) - s6@group-676CD6864C30: appendEntries* reply s5<-s6#7317:OK-t1,SUCCESS,nextIndex=152,followerCommit=149,matchIndex=151
2024-10-16 23:57:32,488 DEBUG server.RaftServer$Division (RaftServerImpl.java:logAppendEntries(1549)) - s10@group-676CD6864C30: appendEntries* reply s5<-s10#7305:OK-t1,SUCCESS,nextIndex=151,followerCommit=149,matchIndex=150
2024-10-16 23:57:32,487 DEBUG server.RaftServer$Division (RaftServerImpl.java:logAppendEntries(1549)) - s0@group-676CD6864C30: appendEntries* s5->s0#7314-t1,previous=(t:1, i:149),leaderCommit=149,initializing? false,entries: size=2, first=(t:1, i:150), METADATAENTRY(c:149)
2024-10-16 23:57:32,486 DEBUG server.RaftServer$Division (RaftServerImpl.java:logAppendEntries(1549)) - s14@group-676CD6864C30: appendEntries* s5->s14#7313-t1,previous=(t:1, i:150),leaderCommit=149,initializing? false,entries: size=1, first=(t:1, i:151), STATEMACHINELOGENTRY, StateMachineLogEntryProto:7310@client-BE1E56DD0B20
2024-10-16 23:57:32,488 DEBUG server.RaftServer$Division (RaftServerImpl.java:logAppendEntries(1549)) - s13@group-676CD6864C30: appendEntries* s5->s13#7319-t1,previous=(t:1, i:149),leaderCommit=149,initializing? false,entries: size=2, first=(t:1, i:150), METADATAENTRY(c:149)
2024-10-16 23:57:32,486 DEBUG server.RaftServer$Division (RaftServerImpl.java:logAppendEntries(1549)) - s7@group-676CD6864C30: appendEntries* reply s5<-s7#7306:OK-t1,SUCCESS,nextIndex=151,followerCommit=149,matchIndex=150
2024-10-16 23:57:32,485 DEBUG server.RaftServer$Division (RaftServerImpl.java:logAppendEntries(1549)) - s8@group-676CD6864C30: appendEntries* reply s5<-s8#7311:OK-t1,SUCCESS,nextIndex=151,followerCommit=149,matchIndex=150
2024-10-16 23:57:32,489 DEBUG server.RaftServer$Division (RaftServerImpl.java:logAppendEntries(1549)) - s14@group-676CD6864C30: appendEntries* reply s5<-s14#7313:OK-t1,SUCCESS,nextIndex=152,followerCommit=149,matchIndex=151
2024-10-16 23:57:32,488 DEBUG server.RaftServer$Division (RaftServerImpl.java:logAppendEntries(1549)) - s1@group-676CD6864C30: appendEntries* s5->s1#7307-t1,previous=(t:1, i:149),leaderCommit=149,initializing? false,entries: size=1, first=(t:1, i:150), METADATAENTRY(c:149)
2024-10-16 23:57:32,489 DEBUG server.RaftServer$Division (RaftServerImpl.java:logAppendEntries(1549)) - s7@group-676CD6864C30: appendEntries* s5->s7#7321-t1,previous=(t:1, i:150),leaderCommit=149,initializing? false,entries: size=1, first=(t:1, i:151), STATEMACHINELOGENTRY, StateMachineLogEntryProto:7310@client-BE1E56DD0B20
2024-10-16 23:57:32,489 DEBUG server.RaftServer$Division (RaftServerImpl.java:logAppendEntries(1549)) - s8@group-676CD6864C30: appendEntries* s5->s8#7323-t1,previous=(t:1, i:150),leaderCommit=150,initializing? false,entries: size=1, first=(t:1, i:151), STATEMACHINELOGENTRY, StateMachineLogEntryProto:7310@client-BE1E56DD0B20
2024-10-16 23:57:32,490 DEBUG server.RaftServer$Division (RaftServerImpl.java:logAppendEntries(1549)) - s1@group-676CD6864C30: appendEntries* reply s5<-s1#7307:OK-t1,SUCCESS,nextIndex=151,followerCommit=149,matchIndex=150
2024-10-16 23:57:32,490 DEBUG server.RaftServer$Division (RaftServerImpl.java:logAppendEntries(1549)) - s8@group-676CD6864C30: appendEntries* reply s5<-s8#7323:OK-t1,SUCCESS,nextIndex=152,followerCommit=150,matchIndex=151
2024-10-16 23:57:32,490 DEBUG server.RaftServer$Division (RaftServerImpl.java:logAppendEntries(1549)) - s0@group-676CD6864C30: appendEntries* reply s5<-s0#7314:OK-t1,SUCCESS,nextIndex=152,followerCommit=149,matchIndex=151
2024-10-16 23:57:32,490 DEBUG server.RaftServer$Division (RaftServerImpl.java:logAppendEntries(1549)) - s7@group-676CD6864C30: appendEntries* reply s5<-s7#7321:OK-t1,SUCCESS,nextIndex=152,followerCommit=149,matchIndex=151
2024-10-16 23:57:32,490 DEBUG server.RaftServer$Division (RaftServerImpl.java:logAppendEntries(1549)) - s13@group-676CD6864C30: appendEntries* reply s5<-s13#7319:OK-t1,SUCCESS,nextIndex=152,followerCommit=149,matchIndex=151
2024-10-16 23:57:32,495 INFO  statemachine.StateMachine (ArithmeticStateMachine.java:applyTransaction(181)) - LEADER:s5-151: a = null = null
2024-10-16 23:57:32,495 DEBUG server.RaftServer$Division (RaftServerImpl.java:logAppendEntries(1549)) - s9@group-676CD6864C30: appendEntries* s5->s9#7318-t1,previous=(t:1, i:149),leaderCommit=149,initializing? false,entries: size=2, first=(t:1, i:150), METADATAENTRY(c:149)
2024-10-16 23:57:32,496 DEBUG server.RaftServer$Division (RaftServerImpl.java:submitClientRequestAsync(920)) - s5@group-676CD6864C30: receive client request(RaftClientRequest:client-BE1E56DD0B20->s5@group-676CD6864C30, cid=7331, seq=null, RW, Message:01016200)
2024-10-16 23:57:32,496 DEBUG server.RaftServer$Division (RaftServerImpl.java:logAppendEntries(1549)) - s0@group-676CD6864C30: appendEntries* s5->s0#7324-t1,previous=(t:1, i:151),leaderCommit=151,initializing? false,entries: size=1, first=(t:1, i:152), METADATAENTRY(c:151)
2024-10-16 23:57:32,496 DEBUG server.RaftServer$Division (LeaderStateImpl.java:addPendingRequest(529)) - s5@group-676CD6864C30-LeaderStateImpl: addPendingRequest at RaftClientRequest:client-BE1E56DD0B20->s5@group-676CD6864C30, cid=7331, seq=null, RW, Message:01016200, entry=(t:1, i:153), STATEMACHINELOGENTRY, WRITE: logData.size=4, stateMachineData.size=0, logEntryProtoSerializedSize=0
2024-10-16 23:57:32,496 DEBUG server.RaftServer$Division (RaftServerImpl.java:logAppendEntries(1549)) - s6@group-676CD6864C30: appendEntries* s5->s6#7325-t1,previous=(t:1, i:151),leaderCommit=151,initializing? false,entries: size=1, first=(t:1, i:152), METADATAENTRY(c:151)
2024-10-16 23:57:32,496 DEBUG server.RaftServer$Division (RaftServerImpl.java:logAppendEntries(1549)) - s11@group-676CD6864C30: appendEntries* s5->s11#7327-t1,previous=(t:1, i:151),leaderCommit=151,initializing? false,entries: size=1, first=(t:1, i:152), METADATAENTRY(c:151)
2024-10-16 23:57:32,496 DEBUG server.RaftServer$Division (RaftServerImpl.java:logAppendEntries(1549)) - s10@group-676CD6864C30: appendEntries* s5->s10#7320-t1,previous=(t:1, i:150),leaderCommit=149,initializing? false,entries: size=1, first=(t:1, i:151), STATEMACHINELOGENTRY, StateMachineLogEntryProto:7310@client-BE1E56DD0B20
2024-10-16 23:57:32,496 DEBUG server.RaftServer$Division (RaftServerImpl.java:logAppendEntries(1549)) - s7@group-676CD6864C30: appendEntries* s5->s7#7330-t1,previous=(t:1, i:151),leaderCommit=151,initializing? false,entries: size=1, first=(t:1, i:152), METADATAENTRY(c:151)
2024-10-16 23:57:32,497 DEBUG server.RaftServer$Division (RaftServerImpl.java:logAppendEntries(1549)) - s13@group-676CD6864C30: appendEntries* s5->s13#7328-t1,previous=(t:1, i:151),leaderCommit=151,initializing? false,entries: size=1, first=(t:1, i:152), METADATAENTRY(c:151)
2024-10-16 23:57:32,496 DEBUG server.RaftServer$Division (RaftServerImpl.java:logAppendEntries(1549)) - s2@group-676CD6864C30: appendEntries* s5->s2#7322-t1,previous=(t:1, i:149),leaderCommit=149,initializing? false,entries: size=2, first=(t:1, i:150), METADATAENTRY(c:149)
2024-10-16 23:57:32,497 DEBUG server.RaftServer$Division (RaftServerImpl.java:logAppendEntries(1549)) - s3@group-676CD6864C30: appendEntries* s5->s3#7334-t1,previous=(t:1, i:148),leaderCommit=151,initializing? false,entries: size=5, first=(t:1, i:149), STATEMACHINELOGENTRY, StateMachineLogEntryProto:7290@client-BE1E56DD0B20
2024-10-16 23:57:32,498 DEBUG server.RaftServer$Division (RaftServerImpl.java:logAppendEntries(1549)) - s1@group-676CD6864C30: appendEntries* s5->s1#7333-t1,previous=(t:1, i:150),leaderCommit=151,initializing? false,entries: size=3, first=(t:1, i:151), STATEMACHINELOGENTRY, StateMachineLogEntryProto:7310@client-BE1E56DD0B20
2024-10-16 23:57:32,498 DEBUG server.RaftServer$Division (RaftServerImpl.java:logAppendEntries(1549)) - s9@group-676CD6864C30: appendEntries* reply s5<-s9#7318:OK-t1,SUCCESS,nextIndex=152,followerCommit=149,matchIndex=151
2024-10-16 23:57:32,498 DEBUG server.RaftServer$Division (RaftServerImpl.java:logAppendEntries(1549)) - s6@group-676CD6864C30: appendEntries* reply s5<-s6#7325:OK-t1,SUCCESS,nextIndex=153,followerCommit=151,matchIndex=152
2024-10-16 23:57:32,496 DEBUG server.RaftServer$Division (RaftServerImpl.java:logAppendEntries(1549)) - s12@group-676CD6864C30: appendEntries* s5->s12#7326-t1,previous=(t:1, i:151),leaderCommit=151,initializing? false,entries: size=1, first=(t:1, i:152), METADATAENTRY(c:151)
2024-10-16 23:57:32,498 DEBUG server.RaftServer$Division (RaftServerImpl.java:logAppendEntries(1549)) - s2@group-676CD6864C30: appendEntries* reply s5<-s2#7322:OK-t1,SUCCESS,nextIndex=152,followerCommit=149,matchIndex=151
2024-10-16 23:57:32,498 DEBUG server.RaftServer$Division (RaftServerImpl.java:logAppendEntries(1549)) - s7@group-676CD6864C30: appendEntries* reply s5<-s7#7330:OK-t1,SUCCESS,nextIndex=153,followerCommit=151,matchIndex=152
2024-10-16 23:57:32,498 DEBUG server.RaftServer$Division (RaftServerImpl.java:logAppendEntries(1549)) - s3@group-676CD6864C30: appendEntries* reply s5<-s3#7334:OK-t1,SUCCESS,nextIndex=154,followerCommit=151,matchIndex=153
2024-10-16 23:57:32,498 DEBUG server.RaftServer$Division (RaftServerImpl.java:logAppendEntries(1549)) - s10@group-676CD6864C30: appendEntries* reply s5<-s10#7320:OK-t1,SUCCESS,nextIndex=152,followerCommit=149,matchIndex=151
2024-10-16 23:57:32,498 DEBUG server.RaftServer$Division (RaftServerImpl.java:logAppendEntries(1549)) - s0@group-676CD6864C30: appendEntries* reply s5<-s0#7324:OK-t1,SUCCESS,nextIndex=153,followerCommit=151,matchIndex=152
2024-10-16 23:57:32,498 DEBUG server.RaftServer$Division (RaftServerImpl.java:logAppendEntries(1549)) - s13@group-676CD6864C30: appendEntries* reply s5<-s13#7328:OK-t1,SUCCESS,nextIndex=153,followerCommit=151,matchIndex=152
2024-10-16 23:57:32,499 DEBUG server.RaftServer$Division (RaftServerImpl.java:logAppendEntries(1549)) - s11@group-676CD6864C30: appendEntries* reply s5<-s11#7327:OK-t1,SUCCESS,nextIndex=153,followerCommit=151,matchIndex=152
2024-10-16 23:57:32,499 DEBUG server.RaftServer$Division (RaftServerImpl.java:logAppendEntries(1549)) - s1@group-676CD6864C30: appendEntries* reply s5<-s1#7333:OK-t1,SUCCESS,nextIndex=154,followerCommit=151,matchIndex=153
2024-10-16 23:57:32,497 DEBUG server.RaftServer$Division (RaftServerImpl.java:logAppendEntries(1549)) - s8@group-676CD6864C30: appendEntries* s5->s8#7335-t1,previous=(t:1, i:151),leaderCommit=151,initializing? false,entries: size=2, first=(t:1, i:152), METADATAENTRY(c:151)
2024-10-16 23:57:32,496 DEBUG server.RaftServer$Division (RaftServerImpl.java:logAppendEntries(1549)) - s14@group-676CD6864C30: appendEntries* s5->s14#7329-t1,previous=(t:1, i:151),leaderCommit=151,initializing? false,entries: size=1, first=(t:1, i:152), METADATAENTRY(c:151)
2024-10-16 23:57:32,499 DEBUG server.RaftServer$Division (RaftServerImpl.java:logAppendEntries(1549)) - s6@group-676CD6864C30: appendEntries* s5->s6#7337-t1,previous=(t:1, i:152),leaderCommit=151,initializing? false,entries: size=1, first=(t:1, i:153), STATEMACHINELOGENTRY, StateMachineLogEntryProto:7331@client-BE1E56DD0B20
2024-10-16 23:57:32,499 DEBUG server.RaftServer$Division (RaftServerImpl.java:logAppendEntries(1549)) - s8@group-676CD6864C30: appendEntries* reply s5<-s8#7335:OK-t1,SUCCESS,nextIndex=154,followerCommit=151,matchIndex=153
2024-10-16 23:57:32,499 DEBUG server.RaftServer$Division (RaftServerImpl.java:logAppendEntries(1549)) - s0@group-676CD6864C30: appendEntries* s5->s0#7336-t1,previous=(t:1, i:152),leaderCommit=151,initializing? false,entries: size=1, first=(t:1, i:153), STATEMACHINELOGENTRY, StateMachineLogEntryProto:7331@client-BE1E56DD0B20
2024-10-16 23:57:32,499 DEBUG server.RaftServer$Division (RaftServerImpl.java:logAppendEntries(1549)) - s14@group-676CD6864C30: appendEntries* reply s5<-s14#7329:OK-t1,SUCCESS,nextIndex=153,followerCommit=151,matchIndex=152
2024-10-16 23:57:32,500 DEBUG server.RaftServer$Division (RaftServerImpl.java:logAppendEntries(1549)) - s6@group-676CD6864C30: appendEntries* reply s5<-s6#7337:OK-t1,SUCCESS,nextIndex=154,followerCommit=151,matchIndex=153
2024-10-16 23:57:32,500 DEBUG server.RaftServer$Division (RaftServerImpl.java:logAppendEntries(1549)) - s9@group-676CD6864C30: appendEntries* s5->s9#7338-t1,previous=(t:1, i:151),leaderCommit=151,initializing? false,entries: size=2, first=(t:1, i:152), METADATAENTRY(c:151)
2024-10-16 23:57:32,500 DEBUG server.RaftServer$Division (RaftServerImpl.java:logAppendEntries(1549)) - s13@group-676CD6864C30: appendEntries* s5->s13#7339-t1,previous=(t:1, i:152),leaderCommit=151,initializing? false,entries: size=1, first=(t:1, i:153), STATEMACHINELOGENTRY, StateMachineLogEntryProto:7331@client-BE1E56DD0B20
2024-10-16 23:57:32,500 DEBUG server.RaftServer$Division (RaftServerImpl.java:logAppendEntries(1549)) - s0@group-676CD6864C30: appendEntries* reply s5<-s0#7336:OK-t1,SUCCESS,nextIndex=154,followerCommit=151,matchIndex=153
2024-10-16 23:57:32,500 DEBUG server.RaftServer$Division (RaftServerImpl.java:logAppendEntries(1549)) - s13@group-676CD6864C30: appendEntries* reply s5<-s13#7339:OK-t1,SUCCESS,nextIndex=154,followerCommit=151,matchIndex=153
2024-10-16 23:57:32,500 DEBUG server.RaftServer$Division (RaftServerImpl.java:logAppendEntries(1549)) - s14@group-676CD6864C30: appendEntries* s5->s14#7340-t1,previous=(t:1, i:152),leaderCommit=151,initializing? false,entries: size=1, first=(t:1, i:153), STATEMACHINELOGENTRY, StateMachineLogEntryProto:7331@client-BE1E56DD0B20
2024-10-16 23:57:32,501 DEBUG server.RaftServer$Division (RaftServerImpl.java:logAppendEntries(1549)) - s9@group-676CD6864C30: appendEntries* reply s5<-s9#7338:OK-t1,SUCCESS,nextIndex=154,followerCommit=151,matchIndex=153
2024-10-16 23:57:32,501 DEBUG server.RaftServer$Division (RaftServerImpl.java:logAppendEntries(1549)) - s14@group-676CD6864C30: appendEntries* reply s5<-s14#7340:OK-t1,SUCCESS,nextIndex=154,followerCommit=151,matchIndex=153
2024-10-16 23:57:32,501 DEBUG server.RaftServer$Division (RaftServerImpl.java:logAppendEntries(1549)) - s11@group-676CD6864C30: appendEntries* s5->s11#7341-t1,previous=(t:1, i:152),leaderCommit=151,initializing? false,entries: size=1, first=(t:1, i:153), STATEMACHINELOGENTRY, StateMachineLogEntryProto:7331@client-BE1E56DD0B20
2024-10-16 23:57:32,501 DEBUG server.RaftServer$Division (RaftServerImpl.java:logAppendEntries(1549)) - s12@group-676CD6864C30: appendEntries* reply s5<-s12#7326:OK-t1,SUCCESS,nextIndex=153,followerCommit=151,matchIndex=152
2024-10-16 23:57:32,501 INFO  statemachine.StateMachine (ArithmeticStateMachine.java:applyTransaction(181)) - LEADER:s5-153: b = null = null
2024-10-16 23:57:32,501 DEBUG server.RaftServer$Division (RaftServerImpl.java:logAppendEntries(1549)) - s11@group-676CD6864C30: appendEntries* reply s5<-s11#7341:OK-t1,SUCCESS,nextIndex=154,followerCommit=151,matchIndex=153
2024-10-16 23:57:32,502 DEBUG server.RaftServer$Division (RaftServerImpl.java:submitClientRequestAsync(920)) - s5@group-676CD6864C30: receive client request(RaftClientRequest:client-BE1E56DD0B20->s5@group-676CD6864C30, cid=7348, seq=null, RW, Message:01016300)
2024-10-16 23:57:32,502 DEBUG server.RaftServer$Division (LeaderStateImpl.java:addPendingRequest(529)) - s5@group-676CD6864C30-LeaderStateImpl: addPendingRequest at RaftClientRequest:client-BE1E56DD0B20->s5@group-676CD6864C30, cid=7348, seq=null, RW, Message:01016300, entry=(t:1, i:155), STATEMACHINELOGENTRY, WRITE: logData.size=4, stateMachineData.size=0, logEntryProtoSerializedSize=0
2024-10-16 23:57:32,502 DEBUG server.RaftServer$Division (RaftServerImpl.java:logAppendEntries(1549)) - s9@group-676CD6864C30: appendEntries* s5->s9#7347-t1,previous=(t:1, i:153),leaderCommit=153,initializing? false,entries: size=1, first=(t:1, i:154), METADATAENTRY(c:153)
2024-10-16 23:57:32,502 DEBUG server.RaftServer$Division (RaftServerImpl.java:logAppendEntries(1549)) - s8@group-676CD6864C30: appendEntries* s5->s8#7346-t1,previous=(t:1, i:153),leaderCommit=153,initializing? false,entries: size=1, first=(t:1, i:154), METADATAENTRY(c:153)
2024-10-16 23:57:32,502 DEBUG server.RaftServer$Division (RaftServerImpl.java:logAppendEntries(1549)) - s6@group-676CD6864C30: appendEntries* s5->s6#7344-t1,previous=(t:1, i:153),leaderCommit=153,initializing? false,entries: size=1, first=(t:1, i:154), METADATAENTRY(c:153)
2024-10-16 23:57:32,502 DEBUG server.RaftServer$Division (RaftServerImpl.java:logAppendEntries(1549)) - s0@group-676CD6864C30: appendEntries* s5->s0#7349-t1,previous=(t:1, i:153),leaderCommit=153,initializing? false,entries: size=1, first=(t:1, i:154), METADATAENTRY(c:153)
2024-10-16 23:57:32,502 DEBUG server.RaftServer$Division (RaftServerImpl.java:logAppendEntries(1549)) - s8@group-676CD6864C30: appendEntries* reply s5<-s8#7346:OK-t1,SUCCESS,nextIndex=155,followerCommit=153,matchIndex=154
2024-10-16 23:57:32,502 DEBUG server.RaftServer$Division (RaftServerImpl.java:logAppendEntries(1549)) - s14@group-676CD6864C30: appendEntries* s5->s14#7343-t1,previous=(t:1, i:153),leaderCommit=153,initializing? false,entries: size=1, first=(t:1, i:154), METADATAENTRY(c:153)
2024-10-16 23:57:32,503 DEBUG server.RaftServer$Division (RaftServerImpl.java:logAppendEntries(1549)) - s2@group-676CD6864C30: appendEntries* s5->s2#7342-t1,previous=(t:1, i:151),leaderCommit=152,initializing? false,entries: size=2, first=(t:1, i:152), METADATAENTRY(c:151)
2024-10-16 23:57:32,502 DEBUG server.RaftServer$Division (RaftServerImpl.java:logAppendEntries(1549)) - s9@group-676CD6864C30: appendEntries* reply s5<-s9#7347:OK-t1,SUCCESS,nextIndex=155,followerCommit=153,matchIndex=154
2024-10-16 23:57:32,503 DEBUG server.RaftServer$Division (RaftServerImpl.java:logAppendEntries(1549)) - s6@group-676CD6864C30: appendEntries* reply s5<-s6#7344:OK-t1,SUCCESS,nextIndex=155,followerCommit=153,matchIndex=154
2024-10-16 23:57:32,503 DEBUG server.RaftServer$Division (RaftServerImpl.java:logAppendEntries(1549)) - s0@group-676CD6864C30: appendEntries* reply s5<-s0#7349:OK-t1,SUCCESS,nextIndex=155,followerCommit=153,matchIndex=154
2024-10-16 23:57:32,503 DEBUG server.RaftServer$Division (RaftServerImpl.java:logAppendEntries(1549)) - s8@group-676CD6864C30: appendEntries* s5->s8#7350-t1,previous=(t:1, i:154),leaderCommit=153,initializing? false,entries: size=1, first=(t:1, i:155), STATEMACHINELOGENTRY, StateMachineLogEntryProto:7348@client-BE1E56DD0B20
2024-10-16 23:57:32,503 DEBUG server.RaftServer$Division (RaftServerImpl.java:logAppendEntries(1549)) - s6@group-676CD6864C30: appendEntries* s5->s6#7353-t1,previous=(t:1, i:154),leaderCommit=153,initializing? false,entries: size=1, first=(t:1, i:155), STATEMACHINELOGENTRY, StateMachineLogEntryProto:7348@client-BE1E56DD0B20
2024-10-16 23:57:32,503 DEBUG server.RaftServer$Division (RaftServerImpl.java:logAppendEntries(1549)) - s13@group-676CD6864C30: appendEntries* s5->s13#7345-t1,previous=(t:1, i:153),leaderCommit=153,initializing? false,entries: size=1, first=(t:1, i:154), METADATAENTRY(c:153)
2024-10-16 23:57:32,504 DEBUG server.RaftServer$Division (RaftServerImpl.java:logAppendEntries(1549)) - s11@group-676CD6864C30: appendEntries* s5->s11#7352-t1,previous=(t:1, i:153),leaderCommit=153,initializing? false,entries: size=2, first=(t:1, i:154), METADATAENTRY(c:153)
2024-10-16 23:57:32,504 DEBUG server.RaftServer$Division (RaftServerImpl.java:logAppendEntries(1549)) - s6@group-676CD6864C30: appendEntries* reply s5<-s6#7353:OK-t1,SUCCESS,nextIndex=156,followerCommit=153,matchIndex=155
2024-10-16 23:57:32,504 DEBUG server.RaftServer$Division (RaftServerImpl.java:logAppendEntries(1549)) - s8@group-676CD6864C30: appendEntries* reply s5<-s8#7350:OK-t1,SUCCESS,nextIndex=156,followerCommit=153,matchIndex=155
2024-10-16 23:57:32,504 DEBUG server.RaftServer$Division (RaftServerImpl.java:logAppendEntries(1549)) - s3@group-676CD6864C30: appendEntries* s5->s3#7355-t1,previous=(t:1, i:153),leaderCommit=153,initializing? false,entries: size=2, first=(t:1, i:154), METADATAENTRY(c:153)
2024-10-16 23:57:32,504 DEBUG server.RaftServer$Division (RaftServerImpl.java:logAppendEntries(1549)) - s11@group-676CD6864C30: appendEntries* reply s5<-s11#7352:OK-t1,SUCCESS,nextIndex=156,followerCommit=153,matchIndex=155
2024-10-16 23:57:32,504 DEBUG server.RaftServer$Division (RaftServerImpl.java:logAppendEntries(1549)) - s14@group-676CD6864C30: appendEntries* reply s5<-s14#7343:OK-t1,SUCCESS,nextIndex=155,followerCommit=153,matchIndex=154
2024-10-16 23:57:32,505 DEBUG server.RaftServer$Division (RaftServerImpl.java:logAppendEntries(1549)) - s3@group-676CD6864C30: appendEntries* reply s5<-s3#7355:OK-t1,SUCCESS,nextIndex=156,followerCommit=153,matchIndex=155
2024-10-16 23:57:32,505 DEBUG server.RaftServer$Division (RaftServerImpl.java:logAppendEntries(1549)) - s12@group-676CD6864C30: appendEntries* s5->s12#7351-t1,previous=(t:1, i:152),leaderCommit=153,initializing? false,entries: size=3, first=(t:1, i:153), STATEMACHINELOGENTRY, StateMachineLogEntryProto:7331@client-BE1E56DD0B20
2024-10-16 23:57:32,505 DEBUG server.RaftServer$Division (RaftServerImpl.java:logAppendEntries(1549)) - s14@group-676CD6864C30: appendEntries* s5->s14#7357-t1,previous=(t:1, i:154),leaderCommit=153,initializing? false,entries: size=1, first=(t:1, i:155), STATEMACHINELOGENTRY, StateMachineLogEntryProto:7348@client-BE1E56DD0B20
2024-10-16 23:57:32,505 DEBUG server.RaftServer$Division (RaftServerImpl.java:logAppendEntries(1549)) - s1@group-676CD6864C30: appendEntries* s5->s1#7359-t1,previous=(t:1, i:153),leaderCommit=153,initializing? false,entries: size=2, first=(t:1, i:154), METADATAENTRY(c:153)
2024-10-16 23:57:32,505 DEBUG server.RaftServer$Division (RaftServerImpl.java:logAppendEntries(1549)) - s14@group-676CD6864C30: appendEntries* reply s5<-s14#7357:OK-t1,SUCCESS,nextIndex=156,followerCommit=153,matchIndex=155
2024-10-16 23:57:32,506 DEBUG server.RaftServer$Division (RaftServerImpl.java:logAppendEntries(1549)) - s1@group-676CD6864C30: appendEntries* reply s5<-s1#7359:OK-t1,SUCCESS,nextIndex=156,followerCommit=153,matchIndex=155
2024-10-16 23:57:32,506 DEBUG server.RaftServer$Division (RaftServerImpl.java:logAppendEntries(1549)) - s4@group-676CD6864C30: appendEntries* s5->s4#7332-t1,previous=(t:1, i:151),leaderCommit=151,initializing? false,entries: size=2, first=(t:1, i:152), METADATAENTRY(c:151)
2024-10-16 23:57:32,506 DEBUG server.RaftServer$Division (RaftServerImpl.java:logAppendEntries(1549)) - s7@group-676CD6864C30: appendEntries* s5->s7#7358-t1,previous=(t:1, i:152),leaderCommit=153,initializing? false,entries: size=3, first=(t:1, i:153), STATEMACHINELOGENTRY, StateMachineLogEntryProto:7331@client-BE1E56DD0B20
2024-10-16 23:57:32,504 DEBUG server.RaftServer$Division (RaftServerImpl.java:logAppendEntries(1549)) - s0@group-676CD6864C30: appendEntries* s5->s0#7354-t1,previous=(t:1, i:154),leaderCommit=153,initializing? false,entries: size=1, first=(t:1, i:155), STATEMACHINELOGENTRY, StateMachineLogEntryProto:7348@client-BE1E56DD0B20
2024-10-16 23:57:32,506 DEBUG server.RaftServer$Division (RaftServerImpl.java:logAppendEntries(1549)) - s2@group-676CD6864C30: appendEntries* reply s5<-s2#7342:OK-t1,SUCCESS,nextIndex=154,followerCommit=152,matchIndex=153
2024-10-16 23:57:32,506 DEBUG server.RaftServer$Division (RaftServerImpl.java:logAppendEntries(1549)) - s12@group-676CD6864C30: appendEntries* reply s5<-s12#7351:OK-t1,SUCCESS,nextIndex=156,followerCommit=153,matchIndex=155
2024-10-16 23:57:32,506 DEBUG server.RaftServer$Division (RaftServerImpl.java:logAppendEntries(1549)) - s4@group-676CD6864C30: appendEntries* reply s5<-s4#7332:OK-t1,SUCCESS,nextIndex=154,followerCommit=151,matchIndex=153
2024-10-16 23:57:32,506 DEBUG server.RaftServer$Division (RaftServerImpl.java:logAppendEntries(1549)) - s0@group-676CD6864C30: appendEntries* reply s5<-s0#7354:OK-t1,SUCCESS,nextIndex=156,followerCommit=153,matchIndex=155
2024-10-16 23:57:32,505 DEBUG server.RaftServer$Division (RaftServerImpl.java:logAppendEntries(1549)) - s9@group-676CD6864C30: appendEntries* s5->s9#7356-t1,previous=(t:1, i:154),leaderCommit=153,initializing? false,entries: size=1, first=(t:1, i:155), STATEMACHINELOGENTRY, StateMachineLogEntryProto:7348@client-BE1E56DD0B20
2024-10-16 23:57:32,504 DEBUG server.RaftServer$Division (RaftServerImpl.java:logAppendEntries(1549)) - s13@group-676CD6864C30: appendEntries* reply s5<-s13#7345:OK-t1,SUCCESS,nextIndex=155,followerCommit=153,matchIndex=154
2024-10-16 23:57:32,507 INFO  statemachine.StateMachine (ArithmeticStateMachine.java:applyTransaction(181)) - LEADER:s5-155: c = null = null
2024-10-16 23:57:32,506 DEBUG server.RaftServer$Division (RaftServerImpl.java:logAppendEntries(1549)) - s7@group-676CD6864C30: appendEntries* reply s5<-s7#7358:OK-t1,SUCCESS,nextIndex=156,followerCommit=153,matchIndex=155
2024-10-16 23:57:32,507 DEBUG server.RaftServer$Division (RaftServerImpl.java:logAppendEntries(1549)) - s6@group-676CD6864C30: appendEntries* s5->s6#7363-t1,previous=(t:1, i:155),leaderCommit=155,initializing? false,entries: size=1, first=(t:1, i:156), METADATAENTRY(c:155)
2024-10-16 23:57:32,507 DEBUG server.RaftServer$Division (RaftServerImpl.java:logAppendEntries(1549)) - s8@group-676CD6864C30: appendEntries* s5->s8#7364-t1,previous=(t:1, i:155),leaderCommit=155,initializing? false,entries: size=1, first=(t:1, i:156), METADATAENTRY(c:155)
2024-10-16 23:57:32,508 DEBUG server.RaftServer$Division (RaftServerImpl.java:logAppendEntries(1549)) - s13@group-676CD6864C30: appendEntries* s5->s13#7367-t1,previous=(t:1, i:154),leaderCommit=155,initializing? false,entries: size=2, first=(t:1, i:155), STATEMACHINELOGENTRY, StateMachineLogEntryProto:7348@client-BE1E56DD0B20
2024-10-16 23:57:32,508 DEBUG server.RaftServer$Division (RaftServerImpl.java:logAppendEntries(1549)) - s9@group-676CD6864C30: appendEntries* reply s5<-s9#7356:OK-t1,SUCCESS,nextIndex=156,followerCommit=153,matchIndex=155
2024-10-16 23:57:32,508 DEBUG server.RaftServer$Division (RaftServerImpl.java:submitClientRequestAsync(920)) - s5@group-676CD6864C30: receive client request(RaftClientRequest:client-BE1E56DD0B20->s5@group-676CD6864C30, cid=7368, seq=null, RW, Message:01016102405ac0000000...(size=12))
2024-10-16 23:57:32,508 DEBUG server.RaftServer$Division (LeaderStateImpl.java:addPendingRequest(529)) - s5@group-676CD6864C30-LeaderStateImpl: addPendingRequest at RaftClientRequest:client-BE1E56DD0B20->s5@group-676CD6864C30, cid=7368, seq=null, RW, Message:01016102405ac0000000...(size=12), entry=(t:1, i:157), STATEMACHINELOGENTRY, WRITE: logData.size=12, stateMachineData.size=0, logEntryProtoSerializedSize=0
2024-10-16 23:57:32,508 DEBUG server.RaftServer$Division (RaftServerImpl.java:logAppendEntries(1549)) - s6@group-676CD6864C30: appendEntries* reply s5<-s6#7363:OK-t1,SUCCESS,nextIndex=157,followerCommit=155,matchIndex=156
2024-10-16 23:57:32,508 DEBUG server.RaftServer$Division (RaftServerImpl.java:logAppendEntries(1549)) - s13@group-676CD6864C30: appendEntries* reply s5<-s13#7367:OK-t1,SUCCESS,nextIndex=157,followerCommit=155,matchIndex=156
2024-10-16 23:57:32,508 DEBUG server.RaftServer$Division (RaftServerImpl.java:logAppendEntries(1549)) - s9@group-676CD6864C30: appendEntries* s5->s9#7371-t1,previous=(t:1, i:155),leaderCommit=155,initializing? false,entries: size=2, first=(t:1, i:156), METADATAENTRY(c:155)
2024-10-16 23:57:32,510 DEBUG server.RaftServer$Division (RaftServerImpl.java:logAppendEntries(1549)) - s7@group-676CD6864C30: appendEntries* s5->s7#7372-t1,previous=(t:1, i:155),leaderCommit=155,initializing? false,entries: size=2, first=(t:1, i:156), METADATAENTRY(c:155)
2024-10-16 23:57:32,508 DEBUG server.RaftServer$Division (RaftServerImpl.java:logAppendEntries(1549)) - s1@group-676CD6864C30: appendEntries* s5->s1#7362-t1,previous=(t:1, i:155),leaderCommit=155,initializing? false,entries: size=1, first=(t:1, i:156), METADATAENTRY(c:155)
2024-10-16 23:57:32,510 DEBUG server.RaftServer$Division (RaftServerImpl.java:logAppendEntries(1549)) - s9@group-676CD6864C30: appendEntries* reply s5<-s9#7371:OK-t1,SUCCESS,nextIndex=158,followerCommit=155,matchIndex=157
2024-10-16 23:57:32,510 DEBUG server.RaftServer$Division (RaftServerImpl.java:logAppendEntries(1549)) - s13@group-676CD6864C30: appendEntries* s5->s13#7374-t1,previous=(t:1, i:156),leaderCommit=155,initializing? false,entries: size=1, first=(t:1, i:157), STATEMACHINELOGENTRY, StateMachineLogEntryProto:7368@client-BE1E56DD0B20
2024-10-16 23:57:32,511 DEBUG server.RaftServer$Division (RaftServerImpl.java:logAppendEntries(1549)) - s4@group-676CD6864C30: appendEntries* s5->s4#7375-t1,previous=(t:1, i:153),leaderCommit=155,initializing? false,entries: size=4, first=(t:1, i:154), METADATAENTRY(c:153)
2024-10-16 23:57:32,511 DEBUG server.RaftServer$Division (RaftServerImpl.java:logAppendEntries(1549)) - s1@group-676CD6864C30: appendEntries* reply s5<-s1#7362:OK-t1,SUCCESS,nextIndex=157,followerCommit=155,matchIndex=156
2024-10-16 23:57:32,511 DEBUG server.RaftServer$Division (RaftServerImpl.java:logAppendEntries(1549)) - s13@group-676CD6864C30: appendEntries* reply s5<-s13#7374:OK-t1,SUCCESS,nextIndex=158,followerCommit=155,matchIndex=157
2024-10-16 23:57:32,511 DEBUG server.RaftServer$Division (RaftServerImpl.java:logAppendEntries(1549)) - s10@group-676CD6864C30: appendEntries* s5->s10#7376-t1,previous=(t:1, i:151),leaderCommit=155,initializing? false,entries: size=6, first=(t:1, i:152), METADATAENTRY(c:151)
2024-10-16 23:57:32,511 DEBUG server.RaftServer$Division (RaftServerImpl.java:logAppendEntries(1549)) - s1@group-676CD6864C30: appendEntries* s5->s1#7377-t1,previous=(t:1, i:156),leaderCommit=155,initializing? false,entries: size=1, first=(t:1, i:157), STATEMACHINELOGENTRY, StateMachineLogEntryProto:7368@client-BE1E56DD0B20
2024-10-16 23:57:32,512 DEBUG server.RaftServer$Division (RaftServerImpl.java:logAppendEntries(1549)) - s4@group-676CD6864C30: appendEntries* reply s5<-s4#7375:OK-t1,SUCCESS,nextIndex=158,followerCommit=155,matchIndex=157
2024-10-16 23:57:32,509 DEBUG server.RaftServer$Division (RaftServerImpl.java:logAppendEntries(1549)) - s2@group-676CD6864C30: appendEntries* s5->s2#7370-t1,previous=(t:1, i:153),leaderCommit=155,initializing? false,entries: size=3, first=(t:1, i:154), METADATAENTRY(c:153)
2024-10-16 23:57:32,509 DEBUG server.RaftServer$Division (RaftServerImpl.java:logAppendEntries(1549)) - s3@group-676CD6864C30: appendEntries* s5->s3#7361-t1,previous=(t:1, i:155),leaderCommit=155,initializing? false,entries: size=1, first=(t:1, i:156), METADATAENTRY(c:155)
2024-10-16 23:57:32,512 DEBUG server.RaftServer$Division (RaftServerImpl.java:logAppendEntries(1549)) - s1@group-676CD6864C30: appendEntries* reply s5<-s1#7377:OK-t1,SUCCESS,nextIndex=158,followerCommit=155,matchIndex=157
2024-10-16 23:57:32,509 DEBUG server.RaftServer$Division (RaftServerImpl.java:logAppendEntries(1549)) - s11@group-676CD6864C30: appendEntries* s5->s11#7369-t1,previous=(t:1, i:155),leaderCommit=155,initializing? false,entries: size=1, first=(t:1, i:156), METADATAENTRY(c:155)
2024-10-16 23:57:32,512 DEBUG server.RaftServer$Division (RaftServerImpl.java:logAppendEntries(1549)) - s3@group-676CD6864C30: appendEntries* reply s5<-s3#7361:OK-t1,SUCCESS,nextIndex=157,followerCommit=155,matchIndex=156
2024-10-16 23:57:32,512 DEBUG server.RaftServer$Division (RaftServerImpl.java:logAppendEntries(1549)) - s10@group-676CD6864C30: appendEntries* reply s5<-s10#7376:OK-t1,SUCCESS,nextIndex=158,followerCommit=155,matchIndex=157
2024-10-16 23:57:32,512 DEBUG server.RaftServer$Division (RaftServerImpl.java:logAppendEntries(1549)) - s11@group-676CD6864C30: appendEntries* reply s5<-s11#7369:OK-t1,SUCCESS,nextIndex=157,followerCommit=155,matchIndex=156
2024-10-16 23:57:32,509 DEBUG server.RaftServer$Division (RaftServerImpl.java:logAppendEntries(1549)) - s6@group-676CD6864C30: appendEntries* s5->s6#7373-t1,previous=(t:1, i:156),leaderCommit=155,initializing? false,entries: size=1, first=(t:1, i:157), STATEMACHINELOGENTRY, StateMachineLogEntryProto:7368@client-BE1E56DD0B20
2024-10-16 23:57:32,509 DEBUG server.RaftServer$Division (RaftServerImpl.java:logAppendEntries(1549)) - s14@group-676CD6864C30: appendEntries* s5->s14#7365-t1,previous=(t:1, i:155),leaderCommit=155,initializing? false,entries: size=1, first=(t:1, i:156), METADATAENTRY(c:155)
2024-10-16 23:57:32,509 DEBUG server.RaftServer$Division (RaftServerImpl.java:logAppendEntries(1549)) - s12@group-676CD6864C30: appendEntries* s5->s12#7360-t1,previous=(t:1, i:155),leaderCommit=155,initializing? false,entries: size=1, first=(t:1, i:156), METADATAENTRY(c:155)
2024-10-16 23:57:32,508 DEBUG server.RaftServer$Division (RaftServerImpl.java:logAppendEntries(1549)) - s0@group-676CD6864C30: appendEntries* s5->s0#7366-t1,previous=(t:1, i:155),leaderCommit=155,initializing? false,entries: size=1, first=(t:1, i:156), METADATAENTRY(c:155)
2024-10-16 23:57:32,513 DEBUG server.RaftServer$Division (RaftServerImpl.java:logAppendEntries(1549)) - s11@group-676CD6864C30: appendEntries* s5->s11#7379-t1,previous=(t:1, i:156),leaderCommit=155,initializing? false,entries: size=1, first=(t:1, i:157), STATEMACHINELOGENTRY, StateMachineLogEntryProto:7368@client-BE1E56DD0B20
2024-10-16 23:57:32,513 DEBUG server.RaftServer$Division (RaftServerImpl.java:logAppendEntries(1549)) - s12@group-676CD6864C30: appendEntries* reply s5<-s12#7360:OK-t1,SUCCESS,nextIndex=157,followerCommit=155,matchIndex=156
2024-10-16 23:57:32,508 DEBUG server.RaftServer$Division (RaftServerImpl.java:logAppendEntries(1549)) - s8@group-676CD6864C30: appendEntries* reply s5<-s8#7364:OK-t1,SUCCESS,nextIndex=157,followerCommit=155,matchIndex=156
2024-10-16 23:57:32,513 DEBUG server.RaftServer$Division (RaftServerImpl.java:logAppendEntries(1549)) - s6@group-676CD6864C30: appendEntries* reply s5<-s6#7373:OK-t1,SUCCESS,nextIndex=158,followerCommit=155,matchIndex=157
2024-10-16 23:57:32,514 DEBUG server.RaftServer$Division (RaftServerImpl.java:logAppendEntries(1549)) - s11@group-676CD6864C30: appendEntries* reply s5<-s11#7379:OK-t1,SUCCESS,nextIndex=158,followerCommit=155,matchIndex=157
2024-10-16 23:57:32,514 DEBUG server.RaftServer$Division (RaftServerImpl.java:logAppendEntries(1549)) - s14@group-676CD6864C30: appendEntries* reply s5<-s14#7365:OK-t1,SUCCESS,nextIndex=157,followerCommit=155,matchIndex=156
2024-10-16 23:57:32,513 DEBUG server.RaftServer$Division (RaftServerImpl.java:logAppendEntries(1549)) - s3@group-676CD6864C30: appendEntries* s5->s3#7378-t1,previous=(t:1, i:156),leaderCommit=155,initializing? false,entries: size=1, first=(t:1, i:157), STATEMACHINELOGENTRY, StateMachineLogEntryProto:7368@client-BE1E56DD0B20
2024-10-16 23:57:32,510 DEBUG server.RaftServer$Division (RaftServerImpl.java:logAppendEntries(1549)) - s7@group-676CD6864C30: appendEntries* reply s5<-s7#7372:OK-t1,SUCCESS,nextIndex=158,followerCommit=155,matchIndex=157
2024-10-16 23:57:32,514 DEBUG server.RaftServer$Division (RaftServerImpl.java:logAppendEntries(1549)) - s14@group-676CD6864C30: appendEntries* s5->s14#7381-t1,previous=(t:1, i:156),leaderCommit=156,initializing? false,entries: size=1, first=(t:1, i:157), STATEMACHINELOGENTRY, StateMachineLogEntryProto:7368@client-BE1E56DD0B20
2024-10-16 23:57:32,514 DEBUG server.RaftServer$Division (RaftServerImpl.java:logAppendEntries(1549)) - s8@group-676CD6864C30: appendEntries* s5->s8#7382-t1,previous=(t:1, i:156),leaderCommit=156,initializing? false,entries: size=1, first=(t:1, i:157), STATEMACHINELOGENTRY, StateMachineLogEntryProto:7368@client-BE1E56DD0B20
2024-10-16 23:57:32,514 DEBUG server.RaftServer$Division (RaftServerImpl.java:logAppendEntries(1549)) - s0@group-676CD6864C30: appendEntries* reply s5<-s0#7366:OK-t1,SUCCESS,nextIndex=157,followerCommit=155,matchIndex=156
2024-10-16 23:57:32,514 DEBUG server.RaftServer$Division (RaftServerImpl.java:logAppendEntries(1549)) - s3@group-676CD6864C30: appendEntries* reply s5<-s3#7378:OK-t1,SUCCESS,nextIndex=158,followerCommit=155,matchIndex=157
2024-10-16 23:57:32,515 DEBUG server.RaftServer$Division (RaftServerImpl.java:logAppendEntries(1549)) - s14@group-676CD6864C30: appendEntries* reply s5<-s14#7381:OK-t1,SUCCESS,nextIndex=158,followerCommit=156,matchIndex=157
2024-10-16 23:57:32,515 DEBUG server.RaftServer$Division (RaftServerImpl.java:logAppendEntries(1549)) - s8@group-676CD6864C30: appendEntries* reply s5<-s8#7382:OK-t1,SUCCESS,nextIndex=158,followerCommit=156,matchIndex=157
2024-10-16 23:57:32,515 DEBUG server.RaftServer$Division (RaftServerImpl.java:logAppendEntries(1549)) - s12@group-676CD6864C30: appendEntries* s5->s12#7380-t1,previous=(t:1, i:156),leaderCommit=156,initializing? false,entries: size=1, first=(t:1, i:157), STATEMACHINELOGENTRY, StateMachineLogEntryProto:7368@client-BE1E56DD0B20
2024-10-16 23:57:32,515 INFO  statemachine.StateMachine (ArithmeticStateMachine.java:applyTransaction(181)) - LEADER:s5-157: a = 107 = 107
2024-10-16 23:57:32,515 DEBUG server.RaftServer$Division (RaftServerImpl.java:logAppendEntries(1549)) - s7@group-676CD6864C30: appendEntries* s5->s7#7384-t1,previous=(t:1, i:157),leaderCommit=157,initializing? false,entries: size=1, first=(t:1, i:158), METADATAENTRY(c:157)
2024-10-16 23:57:32,515 DEBUG server.RaftServer$Division (RaftServerImpl.java:submitClientRequestAsync(920)) - s5@group-676CD6864C30: receive client request(RaftClientRequest:client-BE1E56DD0B20->s5@group-676CD6864C30, cid=7389, seq=null, RW, Message:0101620240b65c000000...(size=12))
2024-10-16 23:57:32,516 DEBUG server.RaftServer$Division (RaftServerImpl.java:logAppendEntries(1549)) - s7@group-676CD6864C30: appendEntries* reply s5<-s7#7384:OK-t1,SUCCESS,nextIndex=159,followerCommit=157,matchIndex=158
2024-10-16 23:57:32,515 DEBUG server.RaftServer$Division (RaftServerImpl.java:logAppendEntries(1549)) - s12@group-676CD6864C30: appendEntries* reply s5<-s12#7380:OK-t1,SUCCESS,nextIndex=158,followerCommit=156,matchIndex=157
2024-10-16 23:57:32,515 DEBUG server.RaftServer$Division (RaftServerImpl.java:logAppendEntries(1549)) - s13@group-676CD6864C30: appendEntries* s5->s13#7390-t1,previous=(t:1, i:157),leaderCommit=157,initializing? false,entries: size=1, first=(t:1, i:158), METADATAENTRY(c:157)
2024-10-16 23:57:32,516 DEBUG server.RaftServer$Division (RaftServerImpl.java:logAppendEntries(1549)) - s3@group-676CD6864C30: appendEntries* s5->s3#7386-t1,previous=(t:1, i:157),leaderCommit=157,initializing? false,entries: size=1, first=(t:1, i:158), METADATAENTRY(c:157)
2024-10-16 23:57:32,516 DEBUG server.RaftServer$Division (LeaderStateImpl.java:addPendingRequest(529)) - s5@group-676CD6864C30-LeaderStateImpl: addPendingRequest at RaftClientRequest:client-BE1E56DD0B20->s5@group-676CD6864C30, cid=7389, seq=null, RW, Message:0101620240b65c000000...(size=12), entry=(t:1, i:159), STATEMACHINELOGENTRY, WRITE: logData.size=12, stateMachineData.size=0, logEntryProtoSerializedSize=0
2024-10-16 23:57:32,516 DEBUG server.RaftServer$Division (RaftServerImpl.java:logAppendEntries(1549)) - s14@group-676CD6864C30: appendEntries* s5->s14#7391-t1,previous=(t:1, i:157),leaderCommit=157,initializing? false,entries: size=1, first=(t:1, i:158), METADATAENTRY(c:157)
2024-10-16 23:57:32,516 DEBUG server.RaftServer$Division (RaftServerImpl.java:logAppendEntries(1549)) - s13@group-676CD6864C30: appendEntries* reply s5<-s13#7390:OK-t1,SUCCESS,nextIndex=159,followerCommit=157,matchIndex=158
2024-10-16 23:57:32,517 DEBUG server.RaftServer$Division (RaftServerImpl.java:logAppendEntries(1549)) - s6@group-676CD6864C30: appendEntries* s5->s6#7393-t1,previous=(t:1, i:157),leaderCommit=157,initializing? false,entries: size=2, first=(t:1, i:158), METADATAENTRY(c:157)
2024-10-16 23:57:32,517 DEBUG server.RaftServer$Division (RaftServerImpl.java:logAppendEntries(1549)) - s11@group-676CD6864C30: appendEntries* s5->s11#7385-t1,previous=(t:1, i:157),leaderCommit=157,initializing? false,entries: size=1, first=(t:1, i:158), METADATAENTRY(c:157)
2024-10-16 23:57:32,517 DEBUG server.RaftServer$Division (RaftServerImpl.java:logAppendEntries(1549)) - s14@group-676CD6864C30: appendEntries* reply s5<-s14#7391:OK-t1,SUCCESS,nextIndex=159,followerCommit=157,matchIndex=158
2024-10-16 23:57:32,517 DEBUG server.RaftServer$Division (RaftServerImpl.java:logAppendEntries(1549)) - s3@group-676CD6864C30: appendEntries* reply s5<-s3#7386:OK-t1,SUCCESS,nextIndex=159,followerCommit=157,matchIndex=158
2024-10-16 23:57:32,517 DEBUG server.RaftServer$Division (RaftServerImpl.java:logAppendEntries(1549)) - s11@group-676CD6864C30: appendEntries* reply s5<-s11#7385:OK-t1,SUCCESS,nextIndex=159,followerCommit=157,matchIndex=158
2024-10-16 23:57:32,517 DEBUG server.RaftServer$Division (RaftServerImpl.java:logAppendEntries(1549)) - s6@group-676CD6864C30: appendEntries* reply s5<-s6#7393:OK-t1,SUCCESS,nextIndex=160,followerCommit=157,matchIndex=159
2024-10-16 23:57:32,517 DEBUG server.RaftServer$Division (RaftServerImpl.java:logAppendEntries(1549)) - s8@group-676CD6864C30: appendEntries* s5->s8#7394-t1,previous=(t:1, i:157),leaderCommit=157,initializing? false,entries: size=2, first=(t:1, i:158), METADATAENTRY(c:157)
2024-10-16 23:57:32,518 DEBUG server.RaftServer$Division (RaftServerImpl.java:logAppendEntries(1549)) - s14@group-676CD6864C30: appendEntries* s5->s14#7397-t1,previous=(t:1, i:158),leaderCommit=157,initializing? false,entries: size=1, first=(t:1, i:159), STATEMACHINELOGENTRY, StateMachineLogEntryProto:7389@client-BE1E56DD0B20
2024-10-16 23:57:32,517 DEBUG server.RaftServer$Division (RaftServerImpl.java:logAppendEntries(1549)) - s13@group-676CD6864C30: appendEntries* s5->s13#7396-t1,previous=(t:1, i:158),leaderCommit=157,initializing? false,entries: size=1, first=(t:1, i:159), STATEMACHINELOGENTRY, StateMachineLogEntryProto:7389@client-BE1E56DD0B20
2024-10-16 23:57:32,518 DEBUG server.RaftServer$Division (RaftServerImpl.java:logAppendEntries(1549)) - s7@group-676CD6864C30: appendEntries* s5->s7#7395-t1,previous=(t:1, i:158),leaderCommit=157,initializing? false,entries: size=1, first=(t:1, i:159), STATEMACHINELOGENTRY, StateMachineLogEntryProto:7389@client-BE1E56DD0B20
2024-10-16 23:57:32,518 DEBUG server.RaftServer$Division (RaftServerImpl.java:logAppendEntries(1549)) - s3@group-676CD6864C30: appendEntries* s5->s3#7398-t1,previous=(t:1, i:158),leaderCommit=157,initializing? false,entries: size=1, first=(t:1, i:159), STATEMACHINELOGENTRY, StateMachineLogEntryProto:7389@client-BE1E56DD0B20
2024-10-16 23:57:32,518 DEBUG server.RaftServer$Division (RaftServerImpl.java:logAppendEntries(1549)) - s8@group-676CD6864C30: appendEntries* reply s5<-s8#7394:OK-t1,SUCCESS,nextIndex=160,followerCommit=157,matchIndex=159
2024-10-16 23:57:32,517 DEBUG server.RaftServer$Division (RaftServerImpl.java:logAppendEntries(1549)) - s0@group-676CD6864C30: appendEntries* s5->s0#7383-t1,previous=(t:1, i:156),leaderCommit=156,initializing? false,entries: size=1, first=(t:1, i:157), STATEMACHINELOGENTRY, StateMachineLogEntryProto:7368@client-BE1E56DD0B20
2024-10-16 23:57:32,518 DEBUG server.RaftServer$Division (RaftServerImpl.java:logAppendEntries(1549)) - s3@group-676CD6864C30: appendEntries* reply s5<-s3#7398:OK-t1,SUCCESS,nextIndex=160,followerCommit=157,matchIndex=159
2024-10-16 23:57:32,518 DEBUG server.RaftServer$Division (RaftServerImpl.java:logAppendEntries(1549)) - s11@group-676CD6864C30: appendEntries* s5->s11#7399-t1,previous=(t:1, i:158),leaderCommit=157,initializing? false,entries: size=1, first=(t:1, i:159), STATEMACHINELOGENTRY, StateMachineLogEntryProto:7389@client-BE1E56DD0B20
2024-10-16 23:57:32,518 DEBUG server.RaftServer$Division (RaftServerImpl.java:logAppendEntries(1549)) - s14@group-676CD6864C30: appendEntries* reply s5<-s14#7397:OK-t1,SUCCESS,nextIndex=160,followerCommit=157,matchIndex=159
2024-10-16 23:57:32,519 DEBUG server.RaftServer$Division (RaftServerImpl.java:logAppendEntries(1549)) - s9@group-676CD6864C30: appendEntries* s5->s9#7387-t1,previous=(t:1, i:157),leaderCommit=157,initializing? false,entries: size=1, first=(t:1, i:158), METADATAENTRY(c:157)
2024-10-16 23:57:32,519 DEBUG server.RaftServer$Division (RaftServerImpl.java:logAppendEntries(1549)) - s12@group-676CD6864C30: appendEntries* s5->s12#7400-t1,previous=(t:1, i:157),leaderCommit=157,initializing? false,entries: size=2, first=(t:1, i:158), METADATAENTRY(c:157)
2024-10-16 23:57:32,519 DEBUG server.RaftServer$Division (RaftServerImpl.java:logAppendEntries(1549)) - s9@group-676CD6864C30: appendEntries* reply s5<-s9#7387:OK-t1,SUCCESS,nextIndex=159,followerCommit=157,matchIndex=158
2024-10-16 23:57:32,519 DEBUG server.RaftServer$Division (RaftServerImpl.java:logAppendEntries(1549)) - s1@group-676CD6864C30: appendEntries* s5->s1#7388-t1,previous=(t:1, i:157),leaderCommit=157,initializing? false,entries: size=1, first=(t:1, i:158), METADATAENTRY(c:157)
2024-10-16 23:57:32,518 DEBUG server.RaftServer$Division (RaftServerImpl.java:logAppendEntries(1549)) - s7@group-676CD6864C30: appendEntries* reply s5<-s7#7395:OK-t1,SUCCESS,nextIndex=160,followerCommit=157,matchIndex=159
2024-10-16 23:57:32,519 DEBUG server.RaftServer$Division (RaftServerImpl.java:logAppendEntries(1549)) - s11@group-676CD6864C30: appendEntries* reply s5<-s11#7399:OK-t1,SUCCESS,nextIndex=160,followerCommit=157,matchIndex=159
2024-10-16 23:57:32,520 DEBUG server.RaftServer$Division (RaftServerImpl.java:logAppendEntries(1549)) - s1@group-676CD6864C30: appendEntries* reply s5<-s1#7388:OK-t1,SUCCESS,nextIndex=159,followerCommit=157,matchIndex=158
2024-10-16 23:57:32,519 DEBUG server.RaftServer$Division (RaftServerImpl.java:logAppendEntries(1549)) - s13@group-676CD6864C30: appendEntries* reply s5<-s13#7396:OK-t1,SUCCESS,nextIndex=160,followerCommit=157,matchIndex=159
2024-10-16 23:57:32,519 DEBUG server.RaftServer$Division (RaftServerImpl.java:logAppendEntries(1549)) - s0@group-676CD6864C30: appendEntries* reply s5<-s0#7383:OK-t1,SUCCESS,nextIndex=158,followerCommit=156,matchIndex=157
2024-10-16 23:57:32,520 DEBUG server.RaftServer$Division (RaftServerImpl.java:logAppendEntries(1549)) - s9@group-676CD6864C30: appendEntries* s5->s9#7401-t1,previous=(t:1, i:158),leaderCommit=157,initializing? false,entries: size=1, first=(t:1, i:159), STATEMACHINELOGENTRY, StateMachineLogEntryProto:7389@client-BE1E56DD0B20
2024-10-16 23:57:32,520 DEBUG server.RaftServer$Division (RaftServerImpl.java:logAppendEntries(1549)) - s12@group-676CD6864C30: appendEntries* reply s5<-s12#7400:OK-t1,SUCCESS,nextIndex=160,followerCommit=157,matchIndex=159
2024-10-16 23:57:32,521 DEBUG server.RaftServer$Division (RaftServerImpl.java:logAppendEntries(1549)) - s7@group-676CD6864C30: appendEntries* s5->s7#7406-t1,previous=(t:1, i:159),leaderCommit=159,initializing? false,entries: size=1, first=(t:1, i:160), METADATAENTRY(c:159)
2024-10-16 23:57:32,522 DEBUG server.RaftServer$Division (RaftServerImpl.java:logAppendEntries(1549)) - s9@group-676CD6864C30: appendEntries* reply s5<-s9#7401:OK-t1,SUCCESS,nextIndex=160,followerCommit=157,matchIndex=159
2024-10-16 23:57:32,522 DEBUG server.RaftServer$Division (RaftServerImpl.java:logAppendEntries(1549)) - s1@group-676CD6864C30: appendEntries* s5->s1#7403-t1,previous=(t:1, i:158),leaderCommit=159,initializing? false,entries: size=2, first=(t:1, i:159), STATEMACHINELOGENTRY, StateMachineLogEntryProto:7389@client-BE1E56DD0B20
2024-10-16 23:57:32,522 DEBUG server.RaftServer$Division (RaftServerImpl.java:logAppendEntries(1549)) - s7@group-676CD6864C30: appendEntries* reply s5<-s7#7406:OK-t1,SUCCESS,nextIndex=161,followerCommit=159,matchIndex=160
2024-10-16 23:57:32,522 DEBUG server.RaftServer$Division (RaftServerImpl.java:logAppendEntries(1549)) - s1@group-676CD6864C30: appendEntries* reply s5<-s1#7403:OK-t1,SUCCESS,nextIndex=161,followerCommit=159,matchIndex=160
2024-10-16 23:57:32,521 DEBUG server.RaftServer$Division (RaftServerImpl.java:logAppendEntries(1549)) - s8@group-676CD6864C30: appendEntries* s5->s8#7409-t1,previous=(t:1, i:159),leaderCommit=159,initializing? false,entries: size=1, first=(t:1, i:160), METADATAENTRY(c:159)
2024-10-16 23:57:32,521 DEBUG server.RaftServer$Division (RaftServerImpl.java:logAppendEntries(1549)) - s3@group-676CD6864C30: appendEntries* s5->s3#7407-t1,previous=(t:1, i:159),leaderCommit=159,initializing? false,entries: size=1, first=(t:1, i:160), METADATAENTRY(c:159)
2024-10-16 23:57:32,523 DEBUG server.RaftServer$Division (RaftServerImpl.java:logAppendEntries(1549)) - s8@group-676CD6864C30: appendEntries* reply s5<-s8#7409:OK-t1,SUCCESS,nextIndex=161,followerCommit=159,matchIndex=160
2024-10-16 23:57:32,523 DEBUG server.RaftServer$Division (RaftServerImpl.java:logAppendEntries(1549)) - s3@group-676CD6864C30: appendEntries* reply s5<-s3#7407:OK-t1,SUCCESS,nextIndex=161,followerCommit=159,matchIndex=160
2024-10-16 23:57:32,521 DEBUG server.RaftServer$Division (RaftServerImpl.java:logAppendEntries(1549)) - s6@group-676CD6864C30: appendEntries* s5->s6#7408-t1,previous=(t:1, i:159),leaderCommit=159,initializing? false,entries: size=1, first=(t:1, i:160), METADATAENTRY(c:159)
2024-10-16 23:57:32,521 DEBUG server.RaftServer$Division (RaftServerImpl.java:logAppendEntries(1549)) - s11@group-676CD6864C30: appendEntries* s5->s11#7404-t1,previous=(t:1, i:159),leaderCommit=159,initializing? false,entries: size=1, first=(t:1, i:160), METADATAENTRY(c:159)
2024-10-16 23:57:32,521 DEBUG server.RaftServer$Division (RaftServerImpl.java:logAppendEntries(1549)) - s0@group-676CD6864C30: appendEntries* s5->s0#7402-t1,previous=(t:1, i:157),leaderCommit=158,initializing? false,entries: size=2, first=(t:1, i:158), METADATAENTRY(c:157)
2024-10-16 23:57:32,521 DEBUG server.RaftServer$Division (RaftServerImpl.java:logAppendEntries(1549)) - s13@group-676CD6864C30: appendEntries* s5->s13#7410-t1,previous=(t:1, i:159),leaderCommit=159,initializing? false,entries: size=1, first=(t:1, i:160), METADATAENTRY(c:159)
2024-10-16 23:57:32,521 DEBUG server.RaftServer$Division (RaftServerImpl.java:logAppendEntries(1549)) - s14@group-676CD6864C30: appendEntries* s5->s14#7405-t1,previous=(t:1, i:159),leaderCommit=159,initializing? false,entries: size=1, first=(t:1, i:160), METADATAENTRY(c:159)
2024-10-16 23:57:32,520 INFO  statemachine.StateMachine (ArithmeticStateMachine.java:applyTransaction(181)) - LEADER:s5-159: b = 5724 = 5724
2024-10-16 23:57:32,524 DEBUG server.RaftServer$Division (RaftServerImpl.java:logAppendEntries(1549)) - s13@group-676CD6864C30: appendEntries* reply s5<-s13#7410:OK-t1,SUCCESS,nextIndex=161,followerCommit=159,matchIndex=160
2024-10-16 23:57:32,524 DEBUG server.RaftServer$Division (RaftServerImpl.java:logAppendEntries(1549)) - s0@group-676CD6864C30: appendEntries* reply s5<-s0#7402:OK-t1,SUCCESS,nextIndex=160,followerCommit=158,matchIndex=159
2024-10-16 23:57:32,524 DEBUG server.RaftServer$Division (RaftServerImpl.java:logAppendEntries(1549)) - s2@group-676CD6864C30: appendEntries* reply s5<-s2#7370:OK-t1,SUCCESS,nextIndex=157,followerCommit=155,matchIndex=156
2024-10-16 23:57:32,524 DEBUG server.RaftServer$Division (RaftServerImpl.java:submitClientRequestAsync(920)) - s5@group-676CD6864C30: receive client request(RaftClientRequest:client-BE1E56DD0B20->s5@group-676CD6864C30, cid=7414, seq=null, RW, Message:01016304010300040201...(size=17))
2024-10-16 23:57:32,525 DEBUG server.RaftServer$Division (LeaderStateImpl.java:addPendingRequest(529)) - s5@group-676CD6864C30-LeaderStateImpl: addPendingRequest at RaftClientRequest:client-BE1E56DD0B20->s5@group-676CD6864C30, cid=7414, seq=null, RW, Message:01016304010300040201...(size=17), entry=(t:1, i:161), STATEMACHINELOGENTRY, WRITE: logData.size=17, stateMachineData.size=0, logEntryProtoSerializedSize=0
2024-10-16 23:57:32,523 DEBUG server.RaftServer$Division (RaftServerImpl.java:logAppendEntries(1549)) - s6@group-676CD6864C30: appendEntries* reply s5<-s6#7408:OK-t1,SUCCESS,nextIndex=161,followerCommit=159,matchIndex=160
2024-10-16 23:57:32,525 DEBUG server.RaftServer$Division (RaftServerImpl.java:logAppendEntries(1549)) - s11@group-676CD6864C30: appendEntries* reply s5<-s11#7404:OK-t1,SUCCESS,nextIndex=161,followerCommit=159,matchIndex=160
2024-10-16 23:57:32,525 DEBUG server.RaftServer$Division (RaftServerImpl.java:logAppendEntries(1549)) - s13@group-676CD6864C30: appendEntries* s5->s13#7419-t1,previous=(t:1, i:160),leaderCommit=159,initializing? false,entries: size=1, first=(t:1, i:161), STATEMACHINELOGENTRY, StateMachineLogEntryProto:7414@client-BE1E56DD0B20
2024-10-16 23:57:32,523 DEBUG server.RaftServer$Division (RaftServerImpl.java:logAppendEntries(1549)) - s12@group-676CD6864C30: appendEntries* s5->s12#7412-t1,previous=(t:1, i:159),leaderCommit=159,initializing? false,entries: size=1, first=(t:1, i:160), METADATAENTRY(c:159)
2024-10-16 23:57:32,525 DEBUG server.RaftServer$Division (RaftServerImpl.java:logAppendEntries(1549)) - s0@group-676CD6864C30: appendEntries* s5->s0#7421-t1,previous=(t:1, i:159),leaderCommit=159,initializing? false,entries: size=2, first=(t:1, i:160), METADATAENTRY(c:159)
2024-10-16 23:57:32,526 DEBUG server.RaftServer$Division (RaftServerImpl.java:logAppendEntries(1549)) - s8@group-676CD6864C30: appendEntries* s5->s8#7418-t1,previous=(t:1, i:160),leaderCommit=159,initializing? false,entries: size=1, first=(t:1, i:161), STATEMACHINELOGENTRY, StateMachineLogEntryProto:7414@client-BE1E56DD0B20
2024-10-16 23:57:32,526 DEBUG server.RaftServer$Division (RaftServerImpl.java:logAppendEntries(1549)) - s11@group-676CD6864C30: appendEntries* s5->s11#7422-t1,previous=(t:1, i:160),leaderCommit=159,initializing? false,entries: size=1, first=(t:1, i:161), STATEMACHINELOGENTRY, StateMachineLogEntryProto:7414@client-BE1E56DD0B20
2024-10-16 23:57:32,526 DEBUG server.RaftServer$Division (RaftServerImpl.java:logAppendEntries(1549)) - s6@group-676CD6864C30: appendEntries* s5->s6#7423-t1,previous=(t:1, i:160),leaderCommit=159,initializing? false,entries: size=1, first=(t:1, i:161), STATEMACHINELOGENTRY, StateMachineLogEntryProto:7414@client-BE1E56DD0B20
2024-10-16 23:57:32,526 DEBUG server.RaftServer$Division (RaftServerImpl.java:logAppendEntries(1549)) - s1@group-676CD6864C30: appendEntries* s5->s1#7417-t1,previous=(t:1, i:160),leaderCommit=159,initializing? false,entries: size=1, first=(t:1, i:161), STATEMACHINELOGENTRY, StateMachineLogEntryProto:7414@client-BE1E56DD0B20
2024-10-16 23:57:32,526 DEBUG server.RaftServer$Division (RaftServerImpl.java:logAppendEntries(1549)) - s3@group-676CD6864C30: appendEntries* s5->s3#7416-t1,previous=(t:1, i:160),leaderCommit=159,initializing? false,entries: size=1, first=(t:1, i:161), STATEMACHINELOGENTRY, StateMachineLogEntryProto:7414@client-BE1E56DD0B20
2024-10-16 23:57:32,527 DEBUG server.RaftServer$Division (RaftServerImpl.java:logAppendEntries(1549)) - s8@group-676CD6864C30: appendEntries* reply s5<-s8#7418:OK-t1,SUCCESS,nextIndex=162,followerCommit=159,matchIndex=161
2024-10-16 23:57:32,527 DEBUG server.RaftServer$Division (RaftServerImpl.java:logAppendEntries(1549)) - s6@group-676CD6864C30: appendEntries* reply s5<-s6#7423:OK-t1,SUCCESS,nextIndex=162,followerCommit=159,matchIndex=161
2024-10-16 23:57:32,527 DEBUG server.RaftServer$Division (RaftServerImpl.java:logAppendEntries(1549)) - s1@group-676CD6864C30: appendEntries* reply s5<-s1#7417:OK-t1,SUCCESS,nextIndex=162,followerCommit=159,matchIndex=161
2024-10-16 23:57:32,527 DEBUG server.RaftServer$Division (RaftServerImpl.java:logAppendEntries(1549)) - s3@group-676CD6864C30: appendEntries* reply s5<-s3#7416:OK-t1,SUCCESS,nextIndex=162,followerCommit=159,matchIndex=161
2024-10-16 23:57:32,522 DEBUG server.RaftServer$Division (RaftServerImpl.java:logAppendEntries(1549)) - s4@group-676CD6864C30: appendEntries* s5->s4#7392-t1,previous=(t:1, i:157),leaderCommit=157,initializing? false,entries: size=2, first=(t:1, i:158), METADATAENTRY(c:157)
2024-10-16 23:57:32,522 DEBUG server.RaftServer$Division (RaftServerImpl.java:logAppendEntries(1549)) - s9@group-676CD6864C30: appendEntries* s5->s9#7411-t1,previous=(t:1, i:159),leaderCommit=159,initializing? false,entries: size=1, first=(t:1, i:160), METADATAENTRY(c:159)
2024-10-16 23:57:32,527 DEBUG server.RaftServer$Division (RaftServerImpl.java:logAppendEntries(1549)) - s2@group-676CD6864C30: appendEntries* s5->s2#7415-t1,previous=(t:1, i:156),leaderCommit=159,initializing? false,entries: size=4, first=(t:1, i:157), STATEMACHINELOGENTRY, StateMachineLogEntryProto:7368@client-BE1E56DD0B20
2024-10-16 23:57:32,526 DEBUG server.RaftServer$Division (RaftServerImpl.java:logAppendEntries(1549)) - s11@group-676CD6864C30: appendEntries* reply s5<-s11#7422:OK-t1,SUCCESS,nextIndex=162,followerCommit=159,matchIndex=161
2024-10-16 23:57:32,527 DEBUG server.RaftServer$Division (RaftServerImpl.java:logAppendEntries(1549)) - s4@group-676CD6864C30: appendEntries* reply s5<-s4#7392:OK-t1,SUCCESS,nextIndex=160,followerCommit=157,matchIndex=159
2024-10-16 23:57:32,526 DEBUG server.RaftServer$Division (RaftServerImpl.java:logAppendEntries(1549)) - s12@group-676CD6864C30: appendEntries* reply s5<-s12#7412:OK-t1,SUCCESS,nextIndex=161,followerCommit=159,matchIndex=160
2024-10-16 23:57:32,528 DEBUG server.RaftServer$Division (RaftServerImpl.java:logAppendEntries(1549)) - s9@group-676CD6864C30: appendEntries* reply s5<-s9#7411:OK-t1,SUCCESS,nextIndex=161,followerCommit=159,matchIndex=160
2024-10-16 23:57:32,526 DEBUG server.RaftServer$Division (RaftServerImpl.java:logAppendEntries(1549)) - s0@group-676CD6864C30: appendEntries* reply s5<-s0#7421:OK-t1,SUCCESS,nextIndex=162,followerCommit=159,matchIndex=161
2024-10-16 23:57:32,525 DEBUG server.RaftServer$Division (RaftServerImpl.java:logAppendEntries(1549)) - s13@group-676CD6864C30: appendEntries* reply s5<-s13#7419:OK-t1,SUCCESS,nextIndex=162,followerCommit=159,matchIndex=161
2024-10-16 23:57:32,528 DEBUG server.RaftServer$Division (RaftServerImpl.java:logAppendEntries(1549)) - s2@group-676CD6864C30: appendEntries* reply s5<-s2#7415:OK-t1,SUCCESS,nextIndex=161,followerCommit=159,matchIndex=160
2024-10-16 23:57:32,525 DEBUG server.RaftServer$Division (RaftServerImpl.java:logAppendEntries(1549)) - s7@group-676CD6864C30: appendEntries* s5->s7#7420-t1,previous=(t:1, i:160),leaderCommit=159,initializing? false,entries: size=1, first=(t:1, i:161), STATEMACHINELOGENTRY, StateMachineLogEntryProto:7414@client-BE1E56DD0B20
2024-10-16 23:57:32,528 INFO  statemachine.StateMachine (ArithmeticStateMachine.java:applyTransaction(181)) - LEADER:s5-161: c = √(a^2 + b^2) = 5725
2024-10-16 23:57:32,528 DEBUG server.RaftServer$Division (RaftServerImpl.java:logAppendEntries(1549)) - s7@group-676CD6864C30: appendEntries* reply s5<-s7#7420:OK-t1,SUCCESS,nextIndex=162,followerCommit=159,matchIndex=161
2024-10-16 23:57:32,528 DEBUG server.RaftServer$Division (RaftServerImpl.java:logAppendEntries(1549)) - s11@group-676CD6864C30: appendEntries* s5->s11#7425-t1,previous=(t:1, i:161),leaderCommit=161,initializing? false,entries: size=1, first=(t:1, i:162), METADATAENTRY(c:161)
2024-10-16 23:57:32,529 DEBUG server.RaftServer$Division (RaftServerImpl.java:logAppendEntries(1549)) - s13@group-676CD6864C30: appendEntries* s5->s13#7428-t1,previous=(t:1, i:161),leaderCommit=161,initializing? false,entries: size=1, first=(t:1, i:162), METADATAENTRY(c:161)
2024-10-16 23:57:32,529 DEBUG server.RaftServer$Division (RaftServerImpl.java:submitClientRequestAsync(920)) - s5@group-676CD6864C30: receive client request(RaftClientRequest:client-BE1E56DD0B20->s5@group-676CD6864C30, cid=7430, seq=null, RW, Message:01016100)
2024-10-16 23:57:32,529 DEBUG server.RaftServer$Division (LeaderStateImpl.java:addPendingRequest(529)) - s5@group-676CD6864C30-LeaderStateImpl: addPendingRequest at RaftClientRequest:client-BE1E56DD0B20->s5@group-676CD6864C30, cid=7430, seq=null, RW, Message:01016100, entry=(t:1, i:163), STATEMACHINELOGENTRY, WRITE: logData.size=4, stateMachineData.size=0, logEntryProtoSerializedSize=0
2024-10-16 23:57:32,529 DEBUG server.RaftServer$Division (RaftServerImpl.java:logAppendEntries(1549)) - s7@group-676CD6864C30: appendEntries* s5->s7#7431-t1,previous=(t:1, i:161),leaderCommit=161,initializing? false,entries: size=1, first=(t:1, i:162), METADATAENTRY(c:161)
2024-10-16 23:57:32,525 DEBUG server.RaftServer$Division (RaftServerImpl.java:logAppendEntries(1549)) - s10@group-676CD6864C30: appendEntries* s5->s10#7413-t1,previous=(t:1, i:157),leaderCommit=159,initializing? false,entries: size=3, first=(t:1, i:158), METADATAENTRY(c:157)
2024-10-16 23:57:32,524 DEBUG server.RaftServer$Division (RaftServerImpl.java:logAppendEntries(1549)) - s14@group-676CD6864C30: appendEntries* reply s5<-s14#7405:OK-t1,SUCCESS,nextIndex=161,followerCommit=159,matchIndex=160
2024-10-16 23:57:32,530 DEBUG server.RaftServer$Division (RaftServerImpl.java:logAppendEntries(1549)) - s11@group-676CD6864C30: appendEntries* reply s5<-s11#7425:OK-t1,SUCCESS,nextIndex=163,followerCommit=161,matchIndex=162
2024-10-16 23:57:32,529 DEBUG server.RaftServer$Division (RaftServerImpl.java:logAppendEntries(1549)) - s3@group-676CD6864C30: appendEntries* s5->s3#7427-t1,previous=(t:1, i:161),leaderCommit=161,initializing? false,entries: size=1, first=(t:1, i:162), METADATAENTRY(c:161)
2024-10-16 23:57:32,530 DEBUG server.RaftServer$Division (RaftServerImpl.java:logAppendEntries(1549)) - s8@group-676CD6864C30: appendEntries* s5->s8#7433-t1,previous=(t:1, i:161),leaderCommit=161,initializing? false,entries: size=2, first=(t:1, i:162), METADATAENTRY(c:161)
2024-10-16 23:57:32,529 DEBUG server.RaftServer$Division (RaftServerImpl.java:logAppendEntries(1549)) - s13@group-676CD6864C30: appendEntries* reply s5<-s13#7428:OK-t1,SUCCESS,nextIndex=163,followerCommit=161,matchIndex=162
2024-10-16 23:57:32,529 DEBUG server.RaftServer$Division (RaftServerImpl.java:logAppendEntries(1549)) - s2@group-676CD6864C30: appendEntries* s5->s2#7429-t1,previous=(t:1, i:160),leaderCommit=161,initializing? false,entries: size=2, first=(t:1, i:161), STATEMACHINELOGENTRY, StateMachineLogEntryProto:7414@client-BE1E56DD0B20
2024-10-16 23:57:32,530 DEBUG server.RaftServer$Division (RaftServerImpl.java:logAppendEntries(1549)) - s8@group-676CD6864C30: appendEntries* reply s5<-s8#7433:OK-t1,SUCCESS,nextIndex=164,followerCommit=161,matchIndex=163
2024-10-16 23:57:32,530 DEBUG server.RaftServer$Division (RaftServerImpl.java:logAppendEntries(1549)) - s14@group-676CD6864C30: appendEntries* s5->s14#7434-t1,previous=(t:1, i:160),leaderCommit=161,initializing? false,entries: size=3, first=(t:1, i:161), STATEMACHINELOGENTRY, StateMachineLogEntryProto:7414@client-BE1E56DD0B20
2024-10-16 23:57:32,530 DEBUG server.RaftServer$Division (RaftServerImpl.java:logAppendEntries(1549)) - s3@group-676CD6864C30: appendEntries* reply s5<-s3#7427:OK-t1,SUCCESS,nextIndex=163,followerCommit=161,matchIndex=162
2024-10-16 23:57:32,531 DEBUG server.RaftServer$Division (RaftServerImpl.java:logAppendEntries(1549)) - s11@group-676CD6864C30: appendEntries* s5->s11#7435-t1,previous=(t:1, i:162),leaderCommit=161,initializing? false,entries: size=1, first=(t:1, i:163), STATEMACHINELOGENTRY, StateMachineLogEntryProto:7430@client-BE1E56DD0B20
2024-10-16 23:57:32,531 DEBUG server.RaftServer$Division (RaftServerImpl.java:logAppendEntries(1549)) - s13@group-676CD6864C30: appendEntries* s5->s13#7436-t1,previous=(t:1, i:162),leaderCommit=161,initializing? false,entries: size=1, first=(t:1, i:163), STATEMACHINELOGENTRY, StateMachineLogEntryProto:7430@client-BE1E56DD0B20
2024-10-16 23:57:32,531 DEBUG server.RaftServer$Division (RaftServerImpl.java:logAppendEntries(1549)) - s10@group-676CD6864C30: appendEntries* reply s5<-s10#7413:OK-t1,SUCCESS,nextIndex=161,followerCommit=159,matchIndex=160
2024-10-16 23:57:32,531 DEBUG server.RaftServer$Division (RaftServerImpl.java:logAppendEntries(1549)) - s2@group-676CD6864C30: appendEntries* reply s5<-s2#7429:OK-t1,SUCCESS,nextIndex=163,followerCommit=161,matchIndex=162
2024-10-16 23:57:32,531 DEBUG server.RaftServer$Division (RaftServerImpl.java:logAppendEntries(1549)) - s14@group-676CD6864C30: appendEntries* reply s5<-s14#7434:OK-t1,SUCCESS,nextIndex=164,followerCommit=161,matchIndex=163
2024-10-16 23:57:32,531 DEBUG server.RaftServer$Division (RaftServerImpl.java:logAppendEntries(1549)) - s11@group-676CD6864C30: appendEntries* reply s5<-s11#7435:OK-t1,SUCCESS,nextIndex=164,followerCommit=161,matchIndex=163
2024-10-16 23:57:32,531 DEBUG server.RaftServer$Division (RaftServerImpl.java:logAppendEntries(1549)) - s1@group-676CD6864C30: appendEntries* s5->s1#7438-t1,previous=(t:1, i:161),leaderCommit=161,initializing? false,entries: size=2, first=(t:1, i:162), METADATAENTRY(c:161)
2024-10-16 23:57:32,532 DEBUG server.RaftServer$Division (RaftServerImpl.java:logAppendEntries(1549)) - s2@group-676CD6864C30: appendEntries* s5->s2#7439-t1,previous=(t:1, i:162),leaderCommit=161,initializing? false,entries: size=1, first=(t:1, i:163), STATEMACHINELOGENTRY, StateMachineLogEntryProto:7430@client-BE1E56DD0B20
2024-10-16 23:57:32,531 DEBUG server.RaftServer$Division (RaftServerImpl.java:logAppendEntries(1549)) - s13@group-676CD6864C30: appendEntries* reply s5<-s13#7436:OK-t1,SUCCESS,nextIndex=164,followerCommit=161,matchIndex=163
2024-10-16 23:57:32,532 DEBUG server.RaftServer$Division (RaftServerImpl.java:logAppendEntries(1549)) - s6@group-676CD6864C30: appendEntries* s5->s6#7432-t1,previous=(t:1, i:161),leaderCommit=161,initializing? false,entries: size=2, first=(t:1, i:162), METADATAENTRY(c:161)
2024-10-16 23:57:32,532 DEBUG server.RaftServer$Division (RaftServerImpl.java:logAppendEntries(1549)) - s1@group-676CD6864C30: appendEntries* reply s5<-s1#7438:OK-t1,SUCCESS,nextIndex=164,followerCommit=161,matchIndex=163
2024-10-16 23:57:32,532 DEBUG server.RaftServer$Division (RaftServerImpl.java:logAppendEntries(1549)) - s0@group-676CD6864C30: appendEntries* s5->s0#7426-t1,previous=(t:1, i:161),leaderCommit=161,initializing? false,entries: size=1, first=(t:1, i:162), METADATAENTRY(c:161)
2024-10-16 23:57:32,532 DEBUG server.RaftServer$Division (RaftServerImpl.java:logAppendEntries(1549)) - s7@group-676CD6864C30: appendEntries* reply s5<-s7#7431:OK-t1,SUCCESS,nextIndex=163,followerCommit=161,matchIndex=162
2024-10-16 23:57:32,531 DEBUG server.RaftServer$Division (RaftServerImpl.java:logAppendEntries(1549)) - s3@group-676CD6864C30: appendEntries* s5->s3#7437-t1,previous=(t:1, i:162),leaderCommit=161,initializing? false,entries: size=1, first=(t:1, i:163), STATEMACHINELOGENTRY, StateMachineLogEntryProto:7430@client-BE1E56DD0B20
2024-10-16 23:57:32,532 DEBUG server.RaftServer$Division (RaftServerImpl.java:logAppendEntries(1549)) - s6@group-676CD6864C30: appendEntries* reply s5<-s6#7432:OK-t1,SUCCESS,nextIndex=164,followerCommit=161,matchIndex=163
2024-10-16 23:57:32,532 DEBUG server.RaftServer$Division (RaftServerImpl.java:logAppendEntries(1549)) - s2@group-676CD6864C30: appendEntries* reply s5<-s2#7439:OK-t1,SUCCESS,nextIndex=164,followerCommit=161,matchIndex=163
2024-10-16 23:57:32,532 DEBUG server.RaftServer$Division (RaftServerImpl.java:logAppendEntries(1549)) - s0@group-676CD6864C30: appendEntries* reply s5<-s0#7426:OK-t1,SUCCESS,nextIndex=163,followerCommit=161,matchIndex=162
2024-10-16 23:57:32,533 DEBUG server.RaftServer$Division (RaftServerImpl.java:logAppendEntries(1549)) - s3@group-676CD6864C30: appendEntries* reply s5<-s3#7437:OK-t1,SUCCESS,nextIndex=164,followerCommit=161,matchIndex=163
2024-10-16 23:57:32,533 DEBUG server.RaftServer$Division (RaftServerImpl.java:logAppendEntries(1549)) - s7@group-676CD6864C30: appendEntries* s5->s7#7441-t1,previous=(t:1, i:162),leaderCommit=161,initializing? false,entries: size=1, first=(t:1, i:163), STATEMACHINELOGENTRY, StateMachineLogEntryProto:7430@client-BE1E56DD0B20
2024-10-16 23:57:32,533 INFO  statemachine.StateMachine (ArithmeticStateMachine.java:applyTransaction(181)) - LEADER:s5-163: a = null = null
2024-10-16 23:57:32,533 DEBUG server.RaftServer$Division (RaftServerImpl.java:logAppendEntries(1549)) - s7@group-676CD6864C30: appendEntries* reply s5<-s7#7441:OK-t1,SUCCESS,nextIndex=164,followerCommit=161,matchIndex=163
2024-10-16 23:57:32,533 DEBUG server.RaftServer$Division (RaftServerImpl.java:logAppendEntries(1549)) - s2@group-676CD6864C30: appendEntries* s5->s2#7443-t1,previous=(t:1, i:163),leaderCommit=163,initializing? false,entries: size=1, first=(t:1, i:164), METADATAENTRY(c:163)
2024-10-16 23:57:32,533 DEBUG server.RaftServer$Division (RaftServerImpl.java:logAppendEntries(1549)) - s3@group-676CD6864C30: appendEntries* s5->s3#7442-t1,previous=(t:1, i:163),leaderCommit=163,initializing? false,entries: size=1, first=(t:1, i:164), METADATAENTRY(c:163)
2024-10-16 23:57:32,534 DEBUG server.RaftServer$Division (RaftServerImpl.java:logAppendEntries(1549)) - s2@group-676CD6864C30: appendEntries* reply s5<-s2#7443:OK-t1,SUCCESS,nextIndex=165,followerCommit=163,matchIndex=164
2024-10-16 23:57:32,534 DEBUG server.RaftServer$Division (RaftServerImpl.java:logAppendEntries(1549)) - s1@group-676CD6864C30: appendEntries* s5->s1#7444-t1,previous=(t:1, i:163),leaderCommit=163,initializing? false,entries: size=1, first=(t:1, i:164), METADATAENTRY(c:163)
2024-10-16 23:57:32,534 DEBUG server.RaftServer$Division (RaftServerImpl.java:logAppendEntries(1549)) - s3@group-676CD6864C30: appendEntries* reply s5<-s3#7442:OK-t1,SUCCESS,nextIndex=165,followerCommit=163,matchIndex=164
2024-10-16 23:57:32,534 DEBUG server.RaftServer$Division (RaftServerImpl.java:logAppendEntries(1549)) - s13@group-676CD6864C30: appendEntries* s5->s13#7445-t1,previous=(t:1, i:163),leaderCommit=163,initializing? false,entries: size=1, first=(t:1, i:164), METADATAENTRY(c:163)
2024-10-16 23:57:32,534 DEBUG server.RaftServer$Division (RaftServerImpl.java:logAppendEntries(1549)) - s1@group-676CD6864C30: appendEntries* reply s5<-s1#7444:OK-t1,SUCCESS,nextIndex=165,followerCommit=163,matchIndex=164
2024-10-16 23:57:32,534 DEBUG server.RaftServer$Division (RaftServerImpl.java:logAppendEntries(1549)) - s10@group-676CD6864C30: appendEntries* s5->s10#7440-t1,previous=(t:1, i:160),leaderCommit=161,initializing? false,entries: size=3, first=(t:1, i:161), STATEMACHINELOGENTRY, StateMachineLogEntryProto:7414@client-BE1E56DD0B20
2024-10-16 23:57:32,535 DEBUG server.RaftServer$Division (RaftServerImpl.java:logAppendEntries(1549)) - s13@group-676CD6864C30: appendEntries* reply s5<-s13#7445:OK-t1,SUCCESS,nextIndex=165,followerCommit=163,matchIndex=164
2024-10-16 23:57:32,535 DEBUG server.RaftServer$Division (RaftServerImpl.java:logAppendEntries(1549)) - s10@group-676CD6864C30: appendEntries* reply s5<-s10#7440:OK-t1,SUCCESS,nextIndex=164,followerCommit=161,matchIndex=163
2024-10-16 23:57:32,535 DEBUG server.RaftServer$Division (RaftServerImpl.java:logAppendEntries(1549)) - s7@group-676CD6864C30: appendEntries* s5->s7#7449-t1,previous=(t:1, i:163),leaderCommit=163,initializing? false,entries: size=1, first=(t:1, i:164), METADATAENTRY(c:163)
2024-10-16 23:57:32,535 DEBUG server.RaftServer$Division (RaftServerImpl.java:logAppendEntries(1549)) - s14@group-676CD6864C30: appendEntries* s5->s14#7447-t1,previous=(t:1, i:163),leaderCommit=163,initializing? false,entries: size=1, first=(t:1, i:164), METADATAENTRY(c:163)
2024-10-16 23:57:32,536 DEBUG server.RaftServer$Division (RaftServerImpl.java:submitClientRequestAsync(920)) - s5@group-676CD6864C30: receive client request(RaftClientRequest:client-BE1E56DD0B20->s5@group-676CD6864C30, cid=7450, seq=null, RW, Message:01016200)
2024-10-16 23:57:32,536 DEBUG server.RaftServer$Division (LeaderStateImpl.java:addPendingRequest(529)) - s5@group-676CD6864C30-LeaderStateImpl: addPendingRequest at RaftClientRequest:client-BE1E56DD0B20->s5@group-676CD6864C30, cid=7450, seq=null, RW, Message:01016200, entry=(t:1, i:165), STATEMACHINELOGENTRY, WRITE: logData.size=4, stateMachineData.size=0, logEntryProtoSerializedSize=0
2024-10-16 23:57:32,536 DEBUG server.RaftServer$Division (RaftServerImpl.java:logAppendEntries(1549)) - s7@group-676CD6864C30: appendEntries* reply s5<-s7#7449:OK-t1,SUCCESS,nextIndex=165,followerCommit=163,matchIndex=164
2024-10-16 23:57:32,536 DEBUG server.RaftServer$Division (RaftServerImpl.java:logAppendEntries(1549)) - s14@group-676CD6864C30: appendEntries* reply s5<-s14#7447:OK-t1,SUCCESS,nextIndex=165,followerCommit=163,matchIndex=164
2024-10-16 23:57:32,536 DEBUG server.RaftServer$Division (RaftServerImpl.java:logAppendEntries(1549)) - s11@group-676CD6864C30: appendEntries* s5->s11#7448-t1,previous=(t:1, i:163),leaderCommit=163,initializing? false,entries: size=1, first=(t:1, i:164), METADATAENTRY(c:163)
2024-10-16 23:57:32,536 DEBUG server.RaftServer$Division (RaftServerImpl.java:logAppendEntries(1549)) - s2@group-676CD6864C30: appendEntries* s5->s2#7457-t1,previous=(t:1, i:164),leaderCommit=163,initializing? false,entries: size=1, first=(t:1, i:165), STATEMACHINELOGENTRY, StateMachineLogEntryProto:7450@client-BE1E56DD0B20
2024-10-16 23:57:32,537 DEBUG server.RaftServer$Division (RaftServerImpl.java:logAppendEntries(1549)) - s14@group-676CD6864C30: appendEntries* s5->s14#7459-t1,previous=(t:1, i:164),leaderCommit=163,initializing? false,entries: size=1, first=(t:1, i:165), STATEMACHINELOGENTRY, StateMachineLogEntryProto:7450@client-BE1E56DD0B20
2024-10-16 23:57:32,537 DEBUG server.RaftServer$Division (RaftServerImpl.java:logAppendEntries(1549)) - s3@group-676CD6864C30: appendEntries* s5->s3#7454-t1,previous=(t:1, i:164),leaderCommit=163,initializing? false,entries: size=1, first=(t:1, i:165), STATEMACHINELOGENTRY, StateMachineLogEntryProto:7450@client-BE1E56DD0B20
2024-10-16 23:57:32,537 DEBUG server.RaftServer$Division (RaftServerImpl.java:logAppendEntries(1549)) - s11@group-676CD6864C30: appendEntries* reply s5<-s11#7448:OK-t1,SUCCESS,nextIndex=165,followerCommit=163,matchIndex=164
2024-10-16 23:57:32,537 DEBUG server.RaftServer$Division (RaftServerImpl.java:logAppendEntries(1549)) - s2@group-676CD6864C30: appendEntries* reply s5<-s2#7457:OK-t1,SUCCESS,nextIndex=166,followerCommit=163,matchIndex=165
2024-10-16 23:57:32,537 DEBUG server.RaftServer$Division (RaftServerImpl.java:logAppendEntries(1549)) - s13@group-676CD6864C30: appendEntries* s5->s13#7458-t1,previous=(t:1, i:164),leaderCommit=163,initializing? false,entries: size=1, first=(t:1, i:165), STATEMACHINELOGENTRY, StateMachineLogEntryProto:7450@client-BE1E56DD0B20
2024-10-16 23:57:32,537 DEBUG server.RaftServer$Division (RaftServerImpl.java:logAppendEntries(1549)) - s10@group-676CD6864C30: appendEntries* s5->s10#7453-t1,previous=(t:1, i:163),leaderCommit=163,initializing? false,entries: size=1, first=(t:1, i:164), METADATAENTRY(c:163)
2024-10-16 23:57:32,537 DEBUG server.RaftServer$Division (RaftServerImpl.java:logAppendEntries(1549)) - s1@group-676CD6864C30: appendEntries* s5->s1#7455-t1,previous=(t:1, i:164),leaderCommit=163,initializing? false,entries: size=1, first=(t:1, i:165), STATEMACHINELOGENTRY, StateMachineLogEntryProto:7450@client-BE1E56DD0B20
2024-10-16 23:57:32,538 DEBUG server.RaftServer$Division (RaftServerImpl.java:logAppendEntries(1549)) - s8@group-676CD6864C30: appendEntries* s5->s8#7456-t1,previous=(t:1, i:163),leaderCommit=163,initializing? false,entries: size=2, first=(t:1, i:164), METADATAENTRY(c:163)
2024-10-16 23:57:32,538 DEBUG server.RaftServer$Division (RaftServerImpl.java:logAppendEntries(1549)) - s10@group-676CD6864C30: appendEntries* reply s5<-s10#7453:OK-t1,SUCCESS,nextIndex=165,followerCommit=163,matchIndex=164
2024-10-16 23:57:32,537 DEBUG server.RaftServer$Division (RaftServerImpl.java:logAppendEntries(1549)) - s0@group-676CD6864C30: appendEntries* s5->s0#7446-t1,previous=(t:1, i:162),leaderCommit=163,initializing? false,entries: size=2, first=(t:1, i:163), STATEMACHINELOGENTRY, StateMachineLogEntryProto:7430@client-BE1E56DD0B20
2024-10-16 23:57:32,538 DEBUG server.RaftServer$Division (RaftServerImpl.java:logAppendEntries(1549)) - s8@group-676CD6864C30: appendEntries* reply s5<-s8#7456:OK-t1,SUCCESS,nextIndex=166,followerCommit=163,matchIndex=165
2024-10-16 23:57:32,538 DEBUG server.RaftServer$Division (RaftServerImpl.java:logAppendEntries(1549)) - s1@group-676CD6864C30: appendEntries* reply s5<-s1#7455:OK-t1,SUCCESS,nextIndex=166,followerCommit=163,matchIndex=165
2024-10-16 23:57:32,538 DEBUG server.RaftServer$Division (RaftServerImpl.java:logAppendEntries(1549)) - s13@group-676CD6864C30: appendEntries* reply s5<-s13#7458:OK-t1,SUCCESS,nextIndex=166,followerCommit=163,matchIndex=165
2024-10-16 23:57:32,537 DEBUG server.RaftServer$Division (RaftServerImpl.java:logAppendEntries(1549)) - s11@group-676CD6864C30: appendEntries* s5->s11#7460-t1,previous=(t:1, i:164),leaderCommit=163,initializing? false,entries: size=1, first=(t:1, i:165), STATEMACHINELOGENTRY, StateMachineLogEntryProto:7450@client-BE1E56DD0B20
2024-10-16 23:57:32,537 DEBUG server.RaftServer$Division (RaftServerImpl.java:logAppendEntries(1549)) - s3@group-676CD6864C30: appendEntries* reply s5<-s3#7454:OK-t1,SUCCESS,nextIndex=166,followerCommit=163,matchIndex=165
2024-10-16 23:57:32,537 DEBUG server.RaftServer$Division (RaftServerImpl.java:logAppendEntries(1549)) - s14@group-676CD6864C30: appendEntries* reply s5<-s14#7459:OK-t1,SUCCESS,nextIndex=166,followerCommit=163,matchIndex=165
2024-10-16 23:57:32,538 DEBUG server.RaftServer$Division (RaftServerImpl.java:logAppendEntries(1549)) - s0@group-676CD6864C30: appendEntries* reply s5<-s0#7446:OK-t1,SUCCESS,nextIndex=165,followerCommit=163,matchIndex=164
2024-10-16 23:57:32,539 DEBUG server.RaftServer$Division (RaftServerImpl.java:logAppendEntries(1549)) - s11@group-676CD6864C30: appendEntries* reply s5<-s11#7460:OK-t1,SUCCESS,nextIndex=166,followerCommit=163,matchIndex=165
2024-10-16 23:57:32,538 DEBUG server.RaftServer$Division (RaftServerImpl.java:logAppendEntries(1549)) - s7@group-676CD6864C30: appendEntries* s5->s7#7461-t1,previous=(t:1, i:164),leaderCommit=164,initializing? false,entries: size=1, first=(t:1, i:165), STATEMACHINELOGENTRY, StateMachineLogEntryProto:7450@client-BE1E56DD0B20
2024-10-16 23:57:32,540 DEBUG server.RaftServer$Division (RaftServerImpl.java:logAppendEntries(1549)) - s2@group-676CD6864C30: appendEntries* s5->s2#7469-t1,previous=(t:1, i:165),leaderCommit=165,initializing? false,entries: size=1, first=(t:1, i:166), METADATAENTRY(c:165)
2024-10-16 23:57:32,540 DEBUG server.RaftServer$Division (RaftServerImpl.java:logAppendEntries(1549)) - s1@group-676CD6864C30: appendEntries* s5->s1#7466-t1,previous=(t:1, i:165),leaderCommit=165,initializing? false,entries: size=1, first=(t:1, i:166), METADATAENTRY(c:165)
2024-10-16 23:57:32,540 DEBUG server.RaftServer$Division (RaftServerImpl.java:logAppendEntries(1549)) - s4@group-676CD6864C30: appendEntries* s5->s4#7464-t1,previous=(t:1, i:159),leaderCommit=164,initializing? false,entries: size=6, first=(t:1, i:160), METADATAENTRY(c:159)
2024-10-16 23:57:32,540 DEBUG server.RaftServer$Division (RaftServerImpl.java:logAppendEntries(1549)) - s11@group-676CD6864C30: appendEntries* s5->s11#7470-t1,previous=(t:1, i:165),leaderCommit=165,initializing? false,entries: size=1, first=(t:1, i:166), METADATAENTRY(c:165)
2024-10-16 23:57:32,540 DEBUG server.RaftServer$Division (RaftServerImpl.java:logAppendEntries(1549)) - s14@group-676CD6864C30: appendEntries* s5->s14#7467-t1,previous=(t:1, i:165),leaderCommit=165,initializing? false,entries: size=1, first=(t:1, i:166), METADATAENTRY(c:165)
2024-10-16 23:57:32,540 DEBUG server.RaftServer$Division (RaftServerImpl.java:logAppendEntries(1549)) - s9@group-676CD6864C30: appendEntries* s5->s9#7451-t1,previous=(t:1, i:160),leaderCommit=163,initializing? false,entries: size=4, first=(t:1, i:161), STATEMACHINELOGENTRY, StateMachineLogEntryProto:7414@client-BE1E56DD0B20
2024-10-16 23:57:32,541 DEBUG server.RaftServer$Division (RaftServerImpl.java:logAppendEntries(1549)) - s11@group-676CD6864C30: appendEntries* reply s5<-s11#7470:OK-t1,SUCCESS,nextIndex=167,followerCommit=165,matchIndex=166
2024-10-16 23:57:32,540 DEBUG server.RaftServer$Division (RaftServerImpl.java:logAppendEntries(1549)) - s3@group-676CD6864C30: appendEntries* s5->s3#7465-t1,previous=(t:1, i:165),leaderCommit=165,initializing? false,entries: size=1, first=(t:1, i:166), METADATAENTRY(c:165)
2024-10-16 23:57:32,541 DEBUG server.RaftServer$Division (RaftServerImpl.java:logAppendEntries(1549)) - s9@group-676CD6864C30: appendEntries* reply s5<-s9#7451:OK-t1,SUCCESS,nextIndex=165,followerCommit=163,matchIndex=164
2024-10-16 23:57:32,540 DEBUG server.RaftServer$Division (RaftServerImpl.java:logAppendEntries(1549)) - s13@group-676CD6864C30: appendEntries* s5->s13#7468-t1,previous=(t:1, i:165),leaderCommit=165,initializing? false,entries: size=1, first=(t:1, i:166), METADATAENTRY(c:165)
2024-10-16 23:57:32,539 DEBUG server.RaftServer$Division (RaftServerImpl.java:logAppendEntries(1549)) - s0@group-676CD6864C30: appendEntries* s5->s0#7463-t1,previous=(t:1, i:164),leaderCommit=164,initializing? false,entries: size=1, first=(t:1, i:165), STATEMACHINELOGENTRY, StateMachineLogEntryProto:7450@client-BE1E56DD0B20
2024-10-16 23:57:32,539 INFO  statemachine.StateMachine (ArithmeticStateMachine.java:applyTransaction(181)) - LEADER:s5-165: b = null = null
2024-10-16 23:57:32,539 DEBUG server.RaftServer$Division (RaftServerImpl.java:logAppendEntries(1549)) - s10@group-676CD6864C30: appendEntries* s5->s10#7462-t1,previous=(t:1, i:164),leaderCommit=164,initializing? false,entries: size=1, first=(t:1, i:165), STATEMACHINELOGENTRY, StateMachineLogEntryProto:7450@client-BE1E56DD0B20
2024-10-16 23:57:32,542 DEBUG server.RaftServer$Division (RaftServerImpl.java:submitClientRequestAsync(920)) - s5@group-676CD6864C30: receive client request(RaftClientRequest:client-BE1E56DD0B20->s5@group-676CD6864C30, cid=7472, seq=null, RW, Message:01016300)
2024-10-16 23:57:32,542 DEBUG server.RaftServer$Division (LeaderStateImpl.java:addPendingRequest(529)) - s5@group-676CD6864C30-LeaderStateImpl: addPendingRequest at RaftClientRequest:client-BE1E56DD0B20->s5@group-676CD6864C30, cid=7472, seq=null, RW, Message:01016300, entry=(t:1, i:167), STATEMACHINELOGENTRY, WRITE: logData.size=4, stateMachineData.size=0, logEntryProtoSerializedSize=0
2024-10-16 23:57:32,542 DEBUG server.RaftServer$Division (RaftServerImpl.java:logAppendEntries(1549)) - s0@group-676CD6864C30: appendEntries* reply s5<-s0#7463:OK-t1,SUCCESS,nextIndex=166,followerCommit=164,matchIndex=165
2024-10-16 23:57:32,542 DEBUG server.RaftServer$Division (RaftServerImpl.java:logAppendEntries(1549)) - s13@group-676CD6864C30: appendEntries* reply s5<-s13#7468:OK-t1,SUCCESS,nextIndex=167,followerCommit=165,matchIndex=166
2024-10-16 23:57:32,542 DEBUG server.RaftServer$Division (RaftServerImpl.java:logAppendEntries(1549)) - s3@group-676CD6864C30: appendEntries* reply s5<-s3#7465:OK-t1,SUCCESS,nextIndex=167,followerCommit=165,matchIndex=166
2024-10-16 23:57:32,543 DEBUG server.RaftServer$Division (RaftServerImpl.java:logAppendEntries(1549)) - s4@group-676CD6864C30: appendEntries* reply s5<-s4#7464:OK-t1,SUCCESS,nextIndex=166,followerCommit=164,matchIndex=165
2024-10-16 23:57:32,541 DEBUG server.RaftServer$Division (RaftServerImpl.java:logAppendEntries(1549)) - s14@group-676CD6864C30: appendEntries* reply s5<-s14#7467:OK-t1,SUCCESS,nextIndex=167,followerCommit=165,matchIndex=166
2024-10-16 23:57:32,541 DEBUG server.RaftServer$Division (RaftServerImpl.java:logAppendEntries(1549)) - s1@group-676CD6864C30: appendEntries* reply s5<-s1#7466:OK-t1,SUCCESS,nextIndex=167,followerCommit=165,matchIndex=166
2024-10-16 23:57:32,543 DEBUG server.RaftServer$Division (RaftServerImpl.java:logAppendEntries(1549)) - s13@group-676CD6864C30: appendEntries* s5->s13#7476-t1,previous=(t:1, i:166),leaderCommit=165,initializing? false,entries: size=1, first=(t:1, i:167), STATEMACHINELOGENTRY, StateMachineLogEntryProto:7472@client-BE1E56DD0B20
2024-10-16 23:57:32,541 DEBUG server.RaftServer$Division (RaftServerImpl.java:logAppendEntries(1549)) - s12@group-676CD6864C30: appendEntries* s5->s12#7424-t1,previous=(t:1, i:160),leaderCommit=160,initializing? false,entries: size=1, first=(t:1, i:161), STATEMACHINELOGENTRY, StateMachineLogEntryProto:7414@client-BE1E56DD0B20
2024-10-16 23:57:32,540 DEBUG server.RaftServer$Division (RaftServerImpl.java:logAppendEntries(1549)) - s2@group-676CD6864C30: appendEntries* reply s5<-s2#7469:OK-t1,SUCCESS,nextIndex=167,followerCommit=165,matchIndex=166
2024-10-16 23:57:32,540 DEBUG server.RaftServer$Division (RaftServerImpl.java:logAppendEntries(1549)) - s6@group-676CD6864C30: appendEntries* s5->s6#7452-t1,previous=(t:1, i:163),leaderCommit=163,initializing? false,entries: size=1, first=(t:1, i:164), METADATAENTRY(c:163)
2024-10-16 23:57:32,540 DEBUG server.RaftServer$Division (RaftServerImpl.java:logAppendEntries(1549)) - s7@group-676CD6864C30: appendEntries* reply s5<-s7#7461:OK-t1,SUCCESS,nextIndex=166,followerCommit=164,matchIndex=165
2024-10-16 23:57:32,540 DEBUG server.RaftServer$Division (RaftServerImpl.java:logAppendEntries(1549)) - s8@group-676CD6864C30: appendEntries* s5->s8#7471-t1,previous=(t:1, i:165),leaderCommit=165,initializing? false,entries: size=1, first=(t:1, i:166), METADATAENTRY(c:165)
2024-10-16 23:57:32,544 DEBUG server.RaftServer$Division (RaftServerImpl.java:logAppendEntries(1549)) - s1@group-676CD6864C30: appendEntries* s5->s1#7479-t1,previous=(t:1, i:166),leaderCommit=165,initializing? false,entries: size=1, first=(t:1, i:167), STATEMACHINELOGENTRY, StateMachineLogEntryProto:7472@client-BE1E56DD0B20
2024-10-16 23:57:32,543 DEBUG server.RaftServer$Division (RaftServerImpl.java:logAppendEntries(1549)) - s13@group-676CD6864C30: appendEntries* reply s5<-s13#7476:OK-t1,SUCCESS,nextIndex=168,followerCommit=165,matchIndex=167
2024-10-16 23:57:32,544 DEBUG server.RaftServer$Division (RaftServerImpl.java:logAppendEntries(1549)) - s2@group-676CD6864C30: appendEntries* s5->s2#7480-t1,previous=(t:1, i:166),leaderCommit=165,initializing? false,entries: size=1, first=(t:1, i:167), STATEMACHINELOGENTRY, StateMachineLogEntryProto:7472@client-BE1E56DD0B20
2024-10-16 23:57:32,544 DEBUG server.RaftServer$Division (RaftServerImpl.java:logAppendEntries(1549)) - s1@group-676CD6864C30: appendEntries* reply s5<-s1#7479:OK-t1,SUCCESS,nextIndex=168,followerCommit=165,matchIndex=167
2024-10-16 23:57:32,543 DEBUG server.RaftServer$Division (RaftServerImpl.java:logAppendEntries(1549)) - s14@group-676CD6864C30: appendEntries* s5->s14#7478-t1,previous=(t:1, i:166),leaderCommit=165,initializing? false,entries: size=1, first=(t:1, i:167), STATEMACHINELOGENTRY, StateMachineLogEntryProto:7472@client-BE1E56DD0B20
2024-10-16 23:57:32,543 DEBUG server.RaftServer$Division (RaftServerImpl.java:logAppendEntries(1549)) - s0@group-676CD6864C30: appendEntries* s5->s0#7475-t1,previous=(t:1, i:165),leaderCommit=165,initializing? false,entries: size=2, first=(t:1, i:166), METADATAENTRY(c:165)
2024-10-16 23:57:32,545 DEBUG server.RaftServer$Division (RaftServerImpl.java:logAppendEntries(1549)) - s14@group-676CD6864C30: appendEntries* reply s5<-s14#7478:OK-t1,SUCCESS,nextIndex=168,followerCommit=165,matchIndex=167
2024-10-16 23:57:32,545 DEBUG server.RaftServer$Division (RaftServerImpl.java:logAppendEntries(1549)) - s4@group-676CD6864C30: appendEntries* s5->s4#7481-t1,previous=(t:1, i:165),leaderCommit=165,initializing? false,entries: size=2, first=(t:1, i:166), METADATAENTRY(c:165)
2024-10-16 23:57:32,543 DEBUG server.RaftServer$Division (RaftServerImpl.java:logAppendEntries(1549)) - s11@group-676CD6864C30: appendEntries* s5->s11#7474-t1,previous=(t:1, i:166),leaderCommit=165,initializing? false,entries: size=1, first=(t:1, i:167), STATEMACHINELOGENTRY, StateMachineLogEntryProto:7472@client-BE1E56DD0B20
2024-10-16 23:57:32,542 DEBUG server.RaftServer$Division (RaftServerImpl.java:logAppendEntries(1549)) - s10@group-676CD6864C30: appendEntries* reply s5<-s10#7462:OK-t1,SUCCESS,nextIndex=166,followerCommit=164,matchIndex=165
2024-10-16 23:57:32,545 DEBUG server.RaftServer$Division (RaftServerImpl.java:logAppendEntries(1549)) - s9@group-676CD6864C30: appendEntries* s5->s9#7473-t1,previous=(t:1, i:164),leaderCommit=165,initializing? false,entries: size=2, first=(t:1, i:165), STATEMACHINELOGENTRY, StateMachineLogEntryProto:7450@client-BE1E56DD0B20
2024-10-16 23:57:32,545 DEBUG server.RaftServer$Division (RaftServerImpl.java:logAppendEntries(1549)) - s7@group-676CD6864C30: appendEntries* s5->s7#7482-t1,previous=(t:1, i:165),leaderCommit=165,initializing? false,entries: size=2, first=(t:1, i:166), METADATAENTRY(c:165)
2024-10-16 23:57:32,544 DEBUG server.RaftServer$Division (RaftServerImpl.java:logAppendEntries(1549)) - s2@group-676CD6864C30: appendEntries* reply s5<-s2#7480:OK-t1,SUCCESS,nextIndex=168,followerCommit=165,matchIndex=167
2024-10-16 23:57:32,544 DEBUG server.RaftServer$Division (RaftServerImpl.java:logAppendEntries(1549)) - s12@group-676CD6864C30: appendEntries* reply s5<-s12#7424:OK-t1,SUCCESS,nextIndex=162,followerCommit=160,matchIndex=161
2024-10-16 23:57:32,544 DEBUG server.RaftServer$Division (RaftServerImpl.java:logAppendEntries(1549)) - s6@group-676CD6864C30: appendEntries* reply s5<-s6#7452:OK-t1,SUCCESS,nextIndex=165,followerCommit=163,matchIndex=164
2024-10-16 23:57:32,544 DEBUG server.RaftServer$Division (RaftServerImpl.java:logAppendEntries(1549)) - s8@group-676CD6864C30: appendEntries* reply s5<-s8#7471:OK-t1,SUCCESS,nextIndex=167,followerCommit=165,matchIndex=166
2024-10-16 23:57:32,546 DEBUG server.RaftServer$Division (RaftServerImpl.java:logAppendEntries(1549)) - s4@group-676CD6864C30: appendEntries* reply s5<-s4#7481:OK-t1,SUCCESS,nextIndex=168,followerCommit=165,matchIndex=167
2024-10-16 23:57:32,544 DEBUG server.RaftServer$Division (RaftServerImpl.java:logAppendEntries(1549)) - s3@group-676CD6864C30: appendEntries* s5->s3#7477-t1,previous=(t:1, i:166),leaderCommit=165,initializing? false,entries: size=1, first=(t:1, i:167), STATEMACHINELOGENTRY, StateMachineLogEntryProto:7472@client-BE1E56DD0B20
2024-10-16 23:57:32,545 DEBUG server.RaftServer$Division (RaftServerImpl.java:logAppendEntries(1549)) - s11@group-676CD6864C30: appendEntries* reply s5<-s11#7474:OK-t1,SUCCESS,nextIndex=168,followerCommit=165,matchIndex=167
2024-10-16 23:57:32,545 DEBUG server.RaftServer$Division (RaftServerImpl.java:logAppendEntries(1549)) - s0@group-676CD6864C30: appendEntries* reply s5<-s0#7475:OK-t1,SUCCESS,nextIndex=168,followerCommit=165,matchIndex=167
2024-10-16 23:57:32,546 DEBUG server.RaftServer$Division (RaftServerImpl.java:logAppendEntries(1549)) - s7@group-676CD6864C30: appendEntries* reply s5<-s7#7482:OK-t1,SUCCESS,nextIndex=168,followerCommit=165,matchIndex=167
2024-10-16 23:57:32,546 DEBUG server.RaftServer$Division (RaftServerImpl.java:logAppendEntries(1549)) - s3@group-676CD6864C30: appendEntries* reply s5<-s3#7477:OK-t1,SUCCESS,nextIndex=168,followerCommit=165,matchIndex=167
2024-10-16 23:57:32,546 DEBUG server.RaftServer$Division (RaftServerImpl.java:logAppendEntries(1549)) - s9@group-676CD6864C30: appendEntries* reply s5<-s9#7473:OK-t1,SUCCESS,nextIndex=167,followerCommit=165,matchIndex=166
2024-10-16 23:57:32,546 DEBUG server.RaftServer$Division (RaftServerImpl.java:logAppendEntries(1549)) - s8@group-676CD6864C30: appendEntries* s5->s8#7485-t1,previous=(t:1, i:166),leaderCommit=165,initializing? false,entries: size=1, first=(t:1, i:167), STATEMACHINELOGENTRY, StateMachineLogEntryProto:7472@client-BE1E56DD0B20
2024-10-16 23:57:32,547 INFO  statemachine.StateMachine (ArithmeticStateMachine.java:applyTransaction(181)) - LEADER:s5-167: c = null = null
2024-10-16 23:57:32,548 DEBUG server.RaftServer$Division (RaftServerImpl.java:logAppendEntries(1549)) - s4@group-676CD6864C30: appendEntries* s5->s4#7495-t1,previous=(t:1, i:167),leaderCommit=167,initializing? false,entries: size=1, first=(t:1, i:168), METADATAENTRY(c:167)
2024-10-16 23:57:32,548 DEBUG server.RaftServer$Division (RaftServerImpl.java:logAppendEntries(1549)) - s8@group-676CD6864C30: appendEntries* reply s5<-s8#7485:OK-t1,SUCCESS,nextIndex=168,followerCommit=165,matchIndex=167
2024-10-16 23:57:32,548 DEBUG server.RaftServer$Division (RaftServerImpl.java:logAppendEntries(1549)) - s4@group-676CD6864C30: appendEntries* reply s5<-s4#7495:OK-t1,SUCCESS,nextIndex=169,followerCommit=167,matchIndex=168
2024-10-16 23:57:32,548 DEBUG server.RaftServer$Division (RaftServerImpl.java:logAppendEntries(1549)) - s6@group-676CD6864C30: appendEntries* s5->s6#7491-t1,previous=(t:1, i:164),leaderCommit=167,initializing? false,entries: size=4, first=(t:1, i:165), STATEMACHINELOGENTRY, StateMachineLogEntryProto:7450@client-BE1E56DD0B20
2024-10-16 23:57:32,548 DEBUG server.RaftServer$Division (RaftServerImpl.java:logAppendEntries(1549)) - s1@group-676CD6864C30: appendEntries* s5->s1#7486-t1,previous=(t:1, i:167),leaderCommit=167,initializing? false,entries: size=1, first=(t:1, i:168), METADATAENTRY(c:167)
2024-10-16 23:57:32,548 DEBUG server.RaftServer$Division (RaftServerImpl.java:logAppendEntries(1549)) - s10@group-676CD6864C30: appendEntries* s5->s10#7483-t1,previous=(t:1, i:165),leaderCommit=165,initializing? false,entries: size=2, first=(t:1, i:166), METADATAENTRY(c:165)
2024-10-16 23:57:32,549 DEBUG server.RaftServer$Division (RaftServerImpl.java:logAppendEntries(1549)) - s8@group-676CD6864C30: appendEntries* s5->s8#7498-t1,previous=(t:1, i:167),leaderCommit=167,initializing? false,entries: size=1, first=(t:1, i:168), METADATAENTRY(c:167)
2024-10-16 23:57:32,548 DEBUG server.RaftServer$Division (RaftServerImpl.java:logAppendEntries(1549)) - s3@group-676CD6864C30: appendEntries* s5->s3#7487-t1,previous=(t:1, i:167),leaderCommit=167,initializing? false,entries: size=1, first=(t:1, i:168), METADATAENTRY(c:167)
2024-10-16 23:57:32,547 DEBUG server.RaftServer$Division (RaftServerImpl.java:logAppendEntries(1549)) - s14@group-676CD6864C30: appendEntries* s5->s14#7488-t1,previous=(t:1, i:167),leaderCommit=167,initializing? false,entries: size=1, first=(t:1, i:168), METADATAENTRY(c:167)
2024-10-16 23:57:32,550 DEBUG server.RaftServer$Division (RaftServerImpl.java:logAppendEntries(1549)) - s8@group-676CD6864C30: appendEntries* reply s5<-s8#7498:OK-t1,SUCCESS,nextIndex=169,followerCommit=167,matchIndex=168
2024-10-16 23:57:32,547 DEBUG server.RaftServer$Division (RaftServerImpl.java:logAppendEntries(1549)) - s11@group-676CD6864C30: appendEntries* s5->s11#7493-t1,previous=(t:1, i:167),leaderCommit=167,initializing? false,entries: size=1, first=(t:1, i:168), METADATAENTRY(c:167)
2024-10-16 23:57:32,547 DEBUG server.RaftServer$Division (RaftServerImpl.java:logAppendEntries(1549)) - s13@group-676CD6864C30: appendEntries* s5->s13#7492-t1,previous=(t:1, i:167),leaderCommit=167,initializing? false,entries: size=1, first=(t:1, i:168), METADATAENTRY(c:167)
2024-10-16 23:57:32,547 DEBUG server.RaftServer$Division (RaftServerImpl.java:logAppendEntries(1549)) - s2@group-676CD6864C30: appendEntries* s5->s2#7490-t1,previous=(t:1, i:167),leaderCommit=167,initializing? false,entries: size=1, first=(t:1, i:168), METADATAENTRY(c:167)
2024-10-16 23:57:32,550 DEBUG server.RaftServer$Division (RaftServerImpl.java:logAppendEntries(1549)) - s14@group-676CD6864C30: appendEntries* reply s5<-s14#7488:OK-t1,SUCCESS,nextIndex=169,followerCommit=167,matchIndex=168
2024-10-16 23:57:32,550 DEBUG server.RaftServer$Division (RaftServerImpl.java:logAppendEntries(1549)) - s13@group-676CD6864C30: appendEntries* reply s5<-s13#7492:OK-t1,SUCCESS,nextIndex=169,followerCommit=167,matchIndex=168
2024-10-16 23:57:32,550 DEBUG server.RaftServer$Division (RaftServerImpl.java:logAppendEntries(1549)) - s6@group-676CD6864C30: appendEntries* reply s5<-s6#7491:OK-t1,SUCCESS,nextIndex=169,followerCommit=167,matchIndex=168
2024-10-16 23:57:32,550 DEBUG server.RaftServer$Division (RaftServerImpl.java:logAppendEntries(1549)) - s11@group-676CD6864C30: appendEntries* reply s5<-s11#7493:OK-t1,SUCCESS,nextIndex=169,followerCommit=167,matchIndex=168
2024-10-16 23:57:32,550 DEBUG server.RaftServer$Division (RaftServerImpl.java:logAppendEntries(1549)) - s3@group-676CD6864C30: appendEntries* reply s5<-s3#7487:OK-t1,SUCCESS,nextIndex=169,followerCommit=167,matchIndex=168
2024-10-16 23:57:32,549 DEBUG server.RaftServer$Division (RaftServerImpl.java:logAppendEntries(1549)) - s12@group-676CD6864C30: appendEntries* s5->s12#7484-t1,previous=(t:1, i:161),leaderCommit=165,initializing? false,entries: size=6, first=(t:1, i:162), METADATAENTRY(c:161)
2024-10-16 23:57:32,549 DEBUG server.RaftServer$Division (RaftServerImpl.java:logAppendEntries(1549)) - s1@group-676CD6864C30: appendEntries* reply s5<-s1#7486:OK-t1,SUCCESS,nextIndex=169,followerCommit=167,matchIndex=168
2024-10-16 23:57:32,549 DEBUG server.RaftServer$Division (RaftServerImpl.java:logAppendEntries(1549)) - s0@group-676CD6864C30: appendEntries* s5->s0#7496-t1,previous=(t:1, i:167),leaderCommit=167,initializing? false,entries: size=1, first=(t:1, i:168), METADATAENTRY(c:167)
2024-10-16 23:57:32,548 DEBUG server.RaftServer$Division (RaftServerImpl.java:logAppendEntries(1549)) - s9@group-676CD6864C30: appendEntries* s5->s9#7494-t1,previous=(t:1, i:166),leaderCommit=167,initializing? false,entries: size=2, first=(t:1, i:167), STATEMACHINELOGENTRY, StateMachineLogEntryProto:7472@client-BE1E56DD0B20
2024-10-16 23:57:32,548 DEBUG server.RaftServer$Division (RaftServerImpl.java:submitClientRequestAsync(920)) - s5@group-676CD6864C30: receive client request(RaftClientRequest:client-BE1E56DD0B20->s5@group-676CD6864C30, cid=7497, seq=null, RW, Message:01016102405b40000000...(size=12))
2024-10-16 23:57:32,548 DEBUG server.RaftServer$Division (RaftServerImpl.java:logAppendEntries(1549)) - s7@group-676CD6864C30: appendEntries* s5->s7#7489-t1,previous=(t:1, i:167),leaderCommit=167,initializing? false,entries: size=1, first=(t:1, i:168), METADATAENTRY(c:167)
2024-10-16 23:57:32,551 DEBUG server.RaftServer$Division (LeaderStateImpl.java:addPendingRequest(529)) - s5@group-676CD6864C30-LeaderStateImpl: addPendingRequest at RaftClientRequest:client-BE1E56DD0B20->s5@group-676CD6864C30, cid=7497, seq=null, RW, Message:01016102405b40000000...(size=12), entry=(t:1, i:169), STATEMACHINELOGENTRY, WRITE: logData.size=12, stateMachineData.size=0, logEntryProtoSerializedSize=0
2024-10-16 23:57:32,551 DEBUG server.RaftServer$Division (RaftServerImpl.java:logAppendEntries(1549)) - s0@group-676CD6864C30: appendEntries* reply s5<-s0#7496:OK-t1,SUCCESS,nextIndex=169,followerCommit=167,matchIndex=168
2024-10-16 23:57:32,551 DEBUG server.RaftServer$Division (RaftServerImpl.java:logAppendEntries(1549)) - s12@group-676CD6864C30: appendEntries* reply s5<-s12#7484:OK-t1,SUCCESS,nextIndex=168,followerCommit=165,matchIndex=167
2024-10-16 23:57:32,552 DEBUG server.RaftServer$Division (RaftServerImpl.java:logAppendEntries(1549)) - s7@group-676CD6864C30: appendEntries* reply s5<-s7#7489:OK-t1,SUCCESS,nextIndex=169,followerCommit=167,matchIndex=168
2024-10-16 23:57:32,552 DEBUG server.RaftServer$Division (RaftServerImpl.java:logAppendEntries(1549)) - s9@group-676CD6864C30: appendEntries* reply s5<-s9#7494:OK-t1,SUCCESS,nextIndex=169,followerCommit=167,matchIndex=168
2024-10-16 23:57:32,552 DEBUG server.RaftServer$Division (RaftServerImpl.java:logAppendEntries(1549)) - s1@group-676CD6864C30: appendEntries* s5->s1#7503-t1,previous=(t:1, i:168),leaderCommit=168,initializing? false,entries: size=1, first=(t:1, i:169), STATEMACHINELOGENTRY, StateMachineLogEntryProto:7497@client-BE1E56DD0B20
2024-10-16 23:57:32,552 DEBUG server.RaftServer$Division (RaftServerImpl.java:logAppendEntries(1549)) - s11@group-676CD6864C30: appendEntries* s5->s11#7504-t1,previous=(t:1, i:168),leaderCommit=168,initializing? false,entries: size=1, first=(t:1, i:169), STATEMACHINELOGENTRY, StateMachineLogEntryProto:7497@client-BE1E56DD0B20
2024-10-16 23:57:32,552 DEBUG server.RaftServer$Division (RaftServerImpl.java:logAppendEntries(1549)) - s13@group-676CD6864C30: appendEntries* s5->s13#7499-t1,previous=(t:1, i:168),leaderCommit=168,initializing? false,entries: size=1, first=(t:1, i:169), STATEMACHINELOGENTRY, StateMachineLogEntryProto:7497@client-BE1E56DD0B20
2024-10-16 23:57:32,553 DEBUG server.RaftServer$Division (RaftServerImpl.java:logAppendEntries(1549)) - s11@group-676CD6864C30: appendEntries* reply s5<-s11#7504:OK-t1,SUCCESS,nextIndex=170,followerCommit=168,matchIndex=169
2024-10-16 23:57:32,553 DEBUG server.RaftServer$Division (RaftServerImpl.java:logAppendEntries(1549)) - s6@group-676CD6864C30: appendEntries* s5->s6#7502-t1,previous=(t:1, i:168),leaderCommit=168,initializing? false,entries: size=1, first=(t:1, i:169), STATEMACHINELOGENTRY, StateMachineLogEntryProto:7497@client-BE1E56DD0B20
2024-10-16 23:57:32,554 DEBUG server.RaftServer$Division (RaftServerImpl.java:logAppendEntries(1549)) - s9@group-676CD6864C30: appendEntries* s5->s9#7510-t1,previous=(t:1, i:168),leaderCommit=168,initializing? false,entries: size=1, first=(t:1, i:169), STATEMACHINELOGENTRY, StateMachineLogEntryProto:7497@client-BE1E56DD0B20
2024-10-16 23:57:32,551 DEBUG server.RaftServer$Division (RaftServerImpl.java:logAppendEntries(1549)) - s10@group-676CD6864C30: appendEntries* reply s5<-s10#7483:OK-t1,SUCCESS,nextIndex=168,followerCommit=165,matchIndex=167
2024-10-16 23:57:32,550 DEBUG server.RaftServer$Division (RaftServerImpl.java:logAppendEntries(1549)) - s2@group-676CD6864C30: appendEntries* reply s5<-s2#7490:OK-t1,SUCCESS,nextIndex=169,followerCommit=167,matchIndex=168
2024-10-16 23:57:32,554 DEBUG server.RaftServer$Division (RaftServerImpl.java:logAppendEntries(1549)) - s8@group-676CD6864C30: appendEntries* s5->s8#7506-t1,previous=(t:1, i:168),leaderCommit=168,initializing? false,entries: size=1, first=(t:1, i:169), STATEMACHINELOGENTRY, StateMachineLogEntryProto:7497@client-BE1E56DD0B20
2024-10-16 23:57:32,554 DEBUG server.RaftServer$Division (RaftServerImpl.java:logAppendEntries(1549)) - s0@group-676CD6864C30: appendEntries* s5->s0#7509-t1,previous=(t:1, i:168),leaderCommit=168,initializing? false,entries: size=1, first=(t:1, i:169), STATEMACHINELOGENTRY, StateMachineLogEntryProto:7497@client-BE1E56DD0B20
2024-10-16 23:57:32,553 DEBUG server.RaftServer$Division (RaftServerImpl.java:logAppendEntries(1549)) - s12@group-676CD6864C30: appendEntries* s5->s12#7508-t1,previous=(t:1, i:167),leaderCommit=168,initializing? false,entries: size=2, first=(t:1, i:168), METADATAENTRY(c:167)
2024-10-16 23:57:32,553 DEBUG server.RaftServer$Division (RaftServerImpl.java:logAppendEntries(1549)) - s7@group-676CD6864C30: appendEntries* s5->s7#7507-t1,previous=(t:1, i:168),leaderCommit=168,initializing? false,entries: size=1, first=(t:1, i:169), STATEMACHINELOGENTRY, StateMachineLogEntryProto:7497@client-BE1E56DD0B20
2024-10-16 23:57:32,553 DEBUG server.RaftServer$Division (RaftServerImpl.java:logAppendEntries(1549)) - s4@group-676CD6864C30: appendEntries* s5->s4#7505-t1,previous=(t:1, i:168),leaderCommit=168,initializing? false,entries: size=1, first=(t:1, i:169), STATEMACHINELOGENTRY, StateMachineLogEntryProto:7497@client-BE1E56DD0B20
2024-10-16 23:57:32,553 DEBUG server.RaftServer$Division (RaftServerImpl.java:logAppendEntries(1549)) - s13@group-676CD6864C30: appendEntries* reply s5<-s13#7499:OK-t1,SUCCESS,nextIndex=170,followerCommit=168,matchIndex=169
2024-10-16 23:57:32,555 DEBUG server.RaftServer$Division (RaftServerImpl.java:logAppendEntries(1549)) - s7@group-676CD6864C30: appendEntries* reply s5<-s7#7507:OK-t1,SUCCESS,nextIndex=170,followerCommit=168,matchIndex=169
2024-10-16 23:57:32,553 DEBUG server.RaftServer$Division (RaftServerImpl.java:logAppendEntries(1549)) - s3@group-676CD6864C30: appendEntries* s5->s3#7500-t1,previous=(t:1, i:168),leaderCommit=168,initializing? false,entries: size=1, first=(t:1, i:169), STATEMACHINELOGENTRY, StateMachineLogEntryProto:7497@client-BE1E56DD0B20
2024-10-16 23:57:32,553 DEBUG server.RaftServer$Division (RaftServerImpl.java:logAppendEntries(1549)) - s1@group-676CD6864C30: appendEntries* reply s5<-s1#7503:OK-t1,SUCCESS,nextIndex=170,followerCommit=168,matchIndex=169
2024-10-16 23:57:32,552 DEBUG server.RaftServer$Division (RaftServerImpl.java:logAppendEntries(1549)) - s14@group-676CD6864C30: appendEntries* s5->s14#7501-t1,previous=(t:1, i:168),leaderCommit=168,initializing? false,entries: size=1, first=(t:1, i:169), STATEMACHINELOGENTRY, StateMachineLogEntryProto:7497@client-BE1E56DD0B20
2024-10-16 23:57:32,555 DEBUG server.RaftServer$Division (RaftServerImpl.java:logAppendEntries(1549)) - s8@group-676CD6864C30: appendEntries* reply s5<-s8#7506:OK-t1,SUCCESS,nextIndex=170,followerCommit=168,matchIndex=169
2024-10-16 23:57:32,555 DEBUG server.RaftServer$Division (RaftServerImpl.java:logAppendEntries(1549)) - s12@group-676CD6864C30: appendEntries* reply s5<-s12#7508:OK-t1,SUCCESS,nextIndex=170,followerCommit=168,matchIndex=169
2024-10-16 23:57:32,555 DEBUG server.RaftServer$Division (RaftServerImpl.java:logAppendEntries(1549)) - s0@group-676CD6864C30: appendEntries* reply s5<-s0#7509:OK-t1,SUCCESS,nextIndex=170,followerCommit=168,matchIndex=169
2024-10-16 23:57:32,555 DEBUG server.RaftServer$Division (RaftServerImpl.java:logAppendEntries(1549)) - s10@group-676CD6864C30: appendEntries* s5->s10#7511-t1,previous=(t:1, i:167),leaderCommit=168,initializing? false,entries: size=2, first=(t:1, i:168), METADATAENTRY(c:167)
2024-10-16 23:57:32,555 DEBUG server.RaftServer$Division (RaftServerImpl.java:logAppendEntries(1549)) - s2@group-676CD6864C30: appendEntries* s5->s2#7512-t1,previous=(t:1, i:168),leaderCommit=168,initializing? false,entries: size=1, first=(t:1, i:169), STATEMACHINELOGENTRY, StateMachineLogEntryProto:7497@client-BE1E56DD0B20
2024-10-16 23:57:32,554 DEBUG server.RaftServer$Division (RaftServerImpl.java:logAppendEntries(1549)) - s6@group-676CD6864C30: appendEntries* reply s5<-s6#7502:OK-t1,SUCCESS,nextIndex=170,followerCommit=168,matchIndex=169
2024-10-16 23:57:32,554 DEBUG server.RaftServer$Division (RaftServerImpl.java:logAppendEntries(1549)) - s9@group-676CD6864C30: appendEntries* reply s5<-s9#7510:OK-t1,SUCCESS,nextIndex=170,followerCommit=168,matchIndex=169
2024-10-16 23:57:32,557 DEBUG server.RaftServer$Division (RaftServerImpl.java:logAppendEntries(1549)) - s8@group-676CD6864C30: appendEntries* s5->s8#7515-t1,previous=(t:1, i:169),leaderCommit=169,initializing? false,entries: size=1, first=(t:1, i:170), METADATAENTRY(c:169)
2024-10-16 23:57:32,557 DEBUG server.RaftServer$Division (RaftServerImpl.java:logAppendEntries(1549)) - s9@group-676CD6864C30: appendEntries* s5->s9#7520-t1,previous=(t:1, i:169),leaderCommit=169,initializing? false,entries: size=1, first=(t:1, i:170), METADATAENTRY(c:169)
2024-10-16 23:57:32,557 DEBUG server.RaftServer$Division (RaftServerImpl.java:logAppendEntries(1549)) - s6@group-676CD6864C30: appendEntries* s5->s6#7521-t1,previous=(t:1, i:169),leaderCommit=169,initializing? false,entries: size=1, first=(t:1, i:170), METADATAENTRY(c:169)
2024-10-16 23:57:32,558 DEBUG server.RaftServer$Division (RaftServerImpl.java:logAppendEntries(1549)) - s9@group-676CD6864C30: appendEntries* reply s5<-s9#7520:OK-t1,SUCCESS,nextIndex=171,followerCommit=169,matchIndex=170
2024-10-16 23:57:32,557 DEBUG server.RaftServer$Division (RaftServerImpl.java:logAppendEntries(1549)) - s12@group-676CD6864C30: appendEntries* s5->s12#7519-t1,previous=(t:1, i:169),leaderCommit=169,initializing? false,entries: size=1, first=(t:1, i:170), METADATAENTRY(c:169)
2024-10-16 23:57:32,557 DEBUG server.RaftServer$Division (RaftServerImpl.java:logAppendEntries(1549)) - s4@group-676CD6864C30: appendEntries* reply s5<-s4#7505:OK-t1,SUCCESS,nextIndex=170,followerCommit=168,matchIndex=169
2024-10-16 23:57:32,557 DEBUG server.RaftServer$Division (RaftServerImpl.java:logAppendEntries(1549)) - s7@group-676CD6864C30: appendEntries* s5->s7#7514-t1,previous=(t:1, i:169),leaderCommit=169,initializing? false,entries: size=1, first=(t:1, i:170), METADATAENTRY(c:169)
2024-10-16 23:57:32,558 DEBUG server.RaftServer$Division (RaftServerImpl.java:logAppendEntries(1549)) - s8@group-676CD6864C30: appendEntries* reply s5<-s8#7515:OK-t1,SUCCESS,nextIndex=171,followerCommit=169,matchIndex=170
2024-10-16 23:57:32,557 DEBUG server.RaftServer$Division (RaftServerImpl.java:logAppendEntries(1549)) - s0@group-676CD6864C30: appendEntries* s5->s0#7513-t1,previous=(t:1, i:169),leaderCommit=169,initializing? false,entries: size=1, first=(t:1, i:170), METADATAENTRY(c:169)
2024-10-16 23:57:32,556 DEBUG server.RaftServer$Division (RaftServerImpl.java:logAppendEntries(1549)) - s13@group-676CD6864C30: appendEntries* s5->s13#7516-t1,previous=(t:1, i:169),leaderCommit=169,initializing? false,entries: size=1, first=(t:1, i:170), METADATAENTRY(c:169)
2024-10-16 23:57:32,556 DEBUG server.RaftServer$Division (RaftServerImpl.java:logAppendEntries(1549)) - s11@group-676CD6864C30: appendEntries* s5->s11#7517-t1,previous=(t:1, i:169),leaderCommit=169,initializing? false,entries: size=1, first=(t:1, i:170), METADATAENTRY(c:169)
2024-10-16 23:57:32,556 DEBUG server.RaftServer$Division (RaftServerImpl.java:logAppendEntries(1549)) - s1@group-676CD6864C30: appendEntries* s5->s1#7518-t1,previous=(t:1, i:169),leaderCommit=169,initializing? false,entries: size=1, first=(t:1, i:170), METADATAENTRY(c:169)
2024-10-16 23:57:32,556 INFO  statemachine.StateMachine (ArithmeticStateMachine.java:applyTransaction(181)) - LEADER:s5-169: a = 109 = 109
2024-10-16 23:57:32,559 DEBUG server.RaftServer$Division (RaftServerImpl.java:logAppendEntries(1549)) - s11@group-676CD6864C30: appendEntries* reply s5<-s11#7517:OK-t1,SUCCESS,nextIndex=171,followerCommit=169,matchIndex=170
2024-10-16 23:57:32,556 DEBUG server.RaftServer$Division (RaftServerImpl.java:logAppendEntries(1549)) - s14@group-676CD6864C30: appendEntries* reply s5<-s14#7501:OK-t1,SUCCESS,nextIndex=170,followerCommit=168,matchIndex=169
2024-10-16 23:57:32,556 DEBUG server.RaftServer$Division (RaftServerImpl.java:logAppendEntries(1549)) - s3@group-676CD6864C30: appendEntries* reply s5<-s3#7500:OK-t1,SUCCESS,nextIndex=170,followerCommit=168,matchIndex=169
2024-10-16 23:57:32,559 DEBUG server.RaftServer$Division (RaftServerImpl.java:logAppendEntries(1549)) - s1@group-676CD6864C30: appendEntries* reply s5<-s1#7518:OK-t1,SUCCESS,nextIndex=171,followerCommit=169,matchIndex=170
2024-10-16 23:57:32,559 DEBUG server.RaftServer$Division (RaftServerImpl.java:logAppendEntries(1549)) - s13@group-676CD6864C30: appendEntries* reply s5<-s13#7516:OK-t1,SUCCESS,nextIndex=171,followerCommit=169,matchIndex=170
2024-10-16 23:57:32,560 DEBUG server.RaftServer$Division (RaftServerImpl.java:logAppendEntries(1549)) - s14@group-676CD6864C30: appendEntries* s5->s14#7524-t1,previous=(t:1, i:169),leaderCommit=169,initializing? false,entries: size=1, first=(t:1, i:170), METADATAENTRY(c:169)
2024-10-16 23:57:32,559 DEBUG server.RaftServer$Division (RaftServerImpl.java:logAppendEntries(1549)) - s4@group-676CD6864C30: appendEntries* s5->s4#7522-t1,previous=(t:1, i:169),leaderCommit=169,initializing? false,entries: size=1, first=(t:1, i:170), METADATAENTRY(c:169)
2024-10-16 23:57:32,559 DEBUG server.RaftServer$Division (RaftServerImpl.java:logAppendEntries(1549)) - s0@group-676CD6864C30: appendEntries* reply s5<-s0#7513:OK-t1,SUCCESS,nextIndex=171,followerCommit=169,matchIndex=170
2024-10-16 23:57:32,558 DEBUG server.RaftServer$Division (RaftServerImpl.java:logAppendEntries(1549)) - s7@group-676CD6864C30: appendEntries* reply s5<-s7#7514:OK-t1,SUCCESS,nextIndex=171,followerCommit=169,matchIndex=170
2024-10-16 23:57:32,558 DEBUG server.RaftServer$Division (RaftServerImpl.java:logAppendEntries(1549)) - s12@group-676CD6864C30: appendEntries* reply s5<-s12#7519:OK-t1,SUCCESS,nextIndex=171,followerCommit=169,matchIndex=170
2024-10-16 23:57:32,558 DEBUG server.RaftServer$Division (RaftServerImpl.java:logAppendEntries(1549)) - s6@group-676CD6864C30: appendEntries* reply s5<-s6#7521:OK-t1,SUCCESS,nextIndex=171,followerCommit=169,matchIndex=170
2024-10-16 23:57:32,557 DEBUG server.RaftServer$Division (RaftServerImpl.java:logAppendEntries(1549)) - s10@group-676CD6864C30: appendEntries* reply s5<-s10#7511:OK-t1,SUCCESS,nextIndex=170,followerCommit=168,matchIndex=169
2024-10-16 23:57:32,557 DEBUG server.RaftServer$Division (RaftServerImpl.java:logAppendEntries(1549)) - s2@group-676CD6864C30: appendEntries* reply s5<-s2#7512:OK-t1,SUCCESS,nextIndex=170,followerCommit=168,matchIndex=169
2024-10-16 23:57:32,560 DEBUG server.RaftServer$Division (RaftServerImpl.java:submitClientRequestAsync(920)) - s5@group-676CD6864C30: receive client request(RaftClientRequest:client-BE1E56DD0B20->s5@group-676CD6864C30, cid=7525, seq=null, RW, Message:0101620240b734000000...(size=12))
2024-10-16 23:57:32,560 DEBUG server.RaftServer$Division (RaftServerImpl.java:logAppendEntries(1549)) - s14@group-676CD6864C30: appendEntries* reply s5<-s14#7524:OK-t1,SUCCESS,nextIndex=171,followerCommit=169,matchIndex=170
2024-10-16 23:57:32,561 DEBUG server.RaftServer$Division (LeaderStateImpl.java:addPendingRequest(529)) - s5@group-676CD6864C30-LeaderStateImpl: addPendingRequest at RaftClientRequest:client-BE1E56DD0B20->s5@group-676CD6864C30, cid=7525, seq=null, RW, Message:0101620240b734000000...(size=12), entry=(t:1, i:171), STATEMACHINELOGENTRY, WRITE: logData.size=12, stateMachineData.size=0, logEntryProtoSerializedSize=0
2024-10-16 23:57:32,560 DEBUG server.RaftServer$Division (RaftServerImpl.java:logAppendEntries(1549)) - s3@group-676CD6864C30: appendEntries* s5->s3#7523-t1,previous=(t:1, i:169),leaderCommit=169,initializing? false,entries: size=1, first=(t:1, i:170), METADATAENTRY(c:169)
2024-10-16 23:57:32,562 DEBUG server.RaftServer$Division (RaftServerImpl.java:logAppendEntries(1549)) - s14@group-676CD6864C30: appendEntries* s5->s14#7537-t1,previous=(t:1, i:170),leaderCommit=170,initializing? false,entries: size=1, first=(t:1, i:171), STATEMACHINELOGENTRY, StateMachineLogEntryProto:7525@client-BE1E56DD0B20
2024-10-16 23:57:32,562 DEBUG server.RaftServer$Division (RaftServerImpl.java:logAppendEntries(1549)) - s11@group-676CD6864C30: appendEntries* s5->s11#7531-t1,previous=(t:1, i:170),leaderCommit=170,initializing? false,entries: size=1, first=(t:1, i:171), STATEMACHINELOGENTRY, StateMachineLogEntryProto:7525@client-BE1E56DD0B20
2024-10-16 23:57:32,562 DEBUG server.RaftServer$Division (RaftServerImpl.java:logAppendEntries(1549)) - s10@group-676CD6864C30: appendEntries* s5->s10#7527-t1,previous=(t:1, i:169),leaderCommit=170,initializing? false,entries: size=1, first=(t:1, i:170), METADATAENTRY(c:169)
2024-10-16 23:57:32,562 DEBUG server.RaftServer$Division (RaftServerImpl.java:logAppendEntries(1549)) - s9@group-676CD6864C30: appendEntries* s5->s9#7529-t1,previous=(t:1, i:170),leaderCommit=170,initializing? false,entries: size=1, first=(t:1, i:171), STATEMACHINELOGENTRY, StateMachineLogEntryProto:7525@client-BE1E56DD0B20
2024-10-16 23:57:32,561 DEBUG server.RaftServer$Division (RaftServerImpl.java:logAppendEntries(1549)) - s0@group-676CD6864C30: appendEntries* s5->s0#7528-t1,previous=(t:1, i:170),leaderCommit=170,initializing? false,entries: size=1, first=(t:1, i:171), STATEMACHINELOGENTRY, StateMachineLogEntryProto:7525@client-BE1E56DD0B20
2024-10-16 23:57:32,561 DEBUG server.RaftServer$Division (RaftServerImpl.java:logAppendEntries(1549)) - s7@group-676CD6864C30: appendEntries* s5->s7#7535-t1,previous=(t:1, i:170),leaderCommit=170,initializing? false,entries: size=1, first=(t:1, i:171), STATEMACHINELOGENTRY, StateMachineLogEntryProto:7525@client-BE1E56DD0B20
2024-10-16 23:57:32,561 DEBUG server.RaftServer$Division (RaftServerImpl.java:logAppendEntries(1549)) - s1@group-676CD6864C30: appendEntries* s5->s1#7532-t1,previous=(t:1, i:170),leaderCommit=170,initializing? false,entries: size=1, first=(t:1, i:171), STATEMACHINELOGENTRY, StateMachineLogEntryProto:7525@client-BE1E56DD0B20
2024-10-16 23:57:32,561 DEBUG server.RaftServer$Division (RaftServerImpl.java:logAppendEntries(1549)) - s13@group-676CD6864C30: appendEntries* s5->s13#7533-t1,previous=(t:1, i:170),leaderCommit=170,initializing? false,entries: size=1, first=(t:1, i:171), STATEMACHINELOGENTRY, StateMachineLogEntryProto:7525@client-BE1E56DD0B20
2024-10-16 23:57:32,561 DEBUG server.RaftServer$Division (RaftServerImpl.java:logAppendEntries(1549)) - s2@group-676CD6864C30: appendEntries* s5->s2#7526-t1,previous=(t:1, i:169),leaderCommit=170,initializing? false,entries: size=1, first=(t:1, i:170), METADATAENTRY(c:169)
2024-10-16 23:57:32,563 DEBUG server.RaftServer$Division (RaftServerImpl.java:logAppendEntries(1549)) - s7@group-676CD6864C30: appendEntries* reply s5<-s7#7535:OK-t1,SUCCESS,nextIndex=172,followerCommit=170,matchIndex=171
2024-10-16 23:57:32,563 DEBUG server.RaftServer$Division (RaftServerImpl.java:logAppendEntries(1549)) - s0@group-676CD6864C30: appendEntries* reply s5<-s0#7528:OK-t1,SUCCESS,nextIndex=172,followerCommit=170,matchIndex=171
2024-10-16 23:57:32,563 DEBUG server.RaftServer$Division (RaftServerImpl.java:logAppendEntries(1549)) - s9@group-676CD6864C30: appendEntries* reply s5<-s9#7529:OK-t1,SUCCESS,nextIndex=172,followerCommit=170,matchIndex=171
2024-10-16 23:57:32,563 DEBUG server.RaftServer$Division (RaftServerImpl.java:logAppendEntries(1549)) - s3@group-676CD6864C30: appendEntries* reply s5<-s3#7523:OK-t1,SUCCESS,nextIndex=171,followerCommit=169,matchIndex=170
2024-10-16 23:57:32,562 DEBUG server.RaftServer$Division (RaftServerImpl.java:logAppendEntries(1549)) - s11@group-676CD6864C30: appendEntries* reply s5<-s11#7531:OK-t1,SUCCESS,nextIndex=172,followerCommit=170,matchIndex=171
2024-10-16 23:57:32,564 DEBUG server.RaftServer$Division (RaftServerImpl.java:logAppendEntries(1549)) - s2@group-676CD6864C30: appendEntries* reply s5<-s2#7526:OK-t1,SUCCESS,nextIndex=171,followerCommit=170,matchIndex=170
2024-10-16 23:57:32,564 DEBUG server.RaftServer$Division (RaftServerImpl.java:logAppendEntries(1549)) - s1@group-676CD6864C30: appendEntries* reply s5<-s1#7532:OK-t1,SUCCESS,nextIndex=172,followerCommit=170,matchIndex=171
2024-10-16 23:57:32,562 DEBUG server.RaftServer$Division (RaftServerImpl.java:logAppendEntries(1549)) - s8@group-676CD6864C30: appendEntries* s5->s8#7534-t1,previous=(t:1, i:170),leaderCommit=170,initializing? false,entries: size=1, first=(t:1, i:171), STATEMACHINELOGENTRY, StateMachineLogEntryProto:7525@client-BE1E56DD0B20
2024-10-16 23:57:32,562 DEBUG server.RaftServer$Division (RaftServerImpl.java:logAppendEntries(1549)) - s14@group-676CD6864C30: appendEntries* reply s5<-s14#7537:OK-t1,SUCCESS,nextIndex=172,followerCommit=170,matchIndex=171
2024-10-16 23:57:32,562 DEBUG server.RaftServer$Division (RaftServerImpl.java:logAppendEntries(1549)) - s12@group-676CD6864C30: appendEntries* s5->s12#7536-t1,previous=(t:1, i:170),leaderCommit=170,initializing? false,entries: size=1, first=(t:1, i:171), STATEMACHINELOGENTRY, StateMachineLogEntryProto:7525@client-BE1E56DD0B20
2024-10-16 23:57:32,564 DEBUG server.RaftServer$Division (RaftServerImpl.java:logAppendEntries(1549)) - s2@group-676CD6864C30: appendEntries* s5->s2#7539-t1,previous=(t:1, i:170),leaderCommit=170,initializing? false,entries: size=1, first=(t:1, i:171), STATEMACHINELOGENTRY, StateMachineLogEntryProto:7525@client-BE1E56DD0B20
2024-10-16 23:57:32,562 DEBUG server.RaftServer$Division (RaftServerImpl.java:logAppendEntries(1549)) - s6@group-676CD6864C30: appendEntries* s5->s6#7530-t1,previous=(t:1, i:170),leaderCommit=170,initializing? false,entries: size=1, first=(t:1, i:171), STATEMACHINELOGENTRY, StateMachineLogEntryProto:7525@client-BE1E56DD0B20
2024-10-16 23:57:32,562 DEBUG server.RaftServer$Division (RaftServerImpl.java:logAppendEntries(1549)) - s4@group-676CD6864C30: appendEntries* reply s5<-s4#7522:OK-t1,SUCCESS,nextIndex=171,followerCommit=169,matchIndex=170
2024-10-16 23:57:32,564 DEBUG server.RaftServer$Division (RaftServerImpl.java:logAppendEntries(1549)) - s12@group-676CD6864C30: appendEntries* reply s5<-s12#7536:OK-t1,SUCCESS,nextIndex=172,followerCommit=170,matchIndex=171
2024-10-16 23:57:32,564 DEBUG server.RaftServer$Division (RaftServerImpl.java:logAppendEntries(1549)) - s3@group-676CD6864C30: appendEntries* s5->s3#7538-t1,previous=(t:1, i:170),leaderCommit=170,initializing? false,entries: size=1, first=(t:1, i:171), STATEMACHINELOGENTRY, StateMachineLogEntryProto:7525@client-BE1E56DD0B20
2024-10-16 23:57:32,564 DEBUG server.RaftServer$Division (RaftServerImpl.java:logAppendEntries(1549)) - s13@group-676CD6864C30: appendEntries* reply s5<-s13#7533:OK-t1,SUCCESS,nextIndex=172,followerCommit=170,matchIndex=171
2024-10-16 23:57:32,563 DEBUG server.RaftServer$Division (RaftServerImpl.java:logAppendEntries(1549)) - s10@group-676CD6864C30: appendEntries* reply s5<-s10#7527:OK-t1,SUCCESS,nextIndex=171,followerCommit=170,matchIndex=170
2024-10-16 23:57:32,565 INFO  statemachine.StateMachine (ArithmeticStateMachine.java:applyTransaction(181)) - LEADER:s5-171: b = 5940 = 5940
2024-10-16 23:57:32,565 DEBUG server.RaftServer$Division (RaftServerImpl.java:logAppendEntries(1549)) - s6@group-676CD6864C30: appendEntries* reply s5<-s6#7530:OK-t1,SUCCESS,nextIndex=172,followerCommit=170,matchIndex=171
2024-10-16 23:57:32,565 DEBUG server.RaftServer$Division (RaftServerImpl.java:logAppendEntries(1549)) - s2@group-676CD6864C30: appendEntries* reply s5<-s2#7539:OK-t1,SUCCESS,nextIndex=172,followerCommit=170,matchIndex=171
2024-10-16 23:57:32,565 DEBUG server.RaftServer$Division (RaftServerImpl.java:logAppendEntries(1549)) - s7@group-676CD6864C30: appendEntries* s5->s7#7545-t1,previous=(t:1, i:171),leaderCommit=171,initializing? false,entries: size=1, first=(t:1, i:172), METADATAENTRY(c:171)
2024-10-16 23:57:32,566 DEBUG server.RaftServer$Division (RaftServerImpl.java:logAppendEntries(1549)) - s1@group-676CD6864C30: appendEntries* s5->s1#7542-t1,previous=(t:1, i:171),leaderCommit=171,initializing? false,entries: size=1, first=(t:1, i:172), METADATAENTRY(c:171)
2024-10-16 23:57:32,566 DEBUG server.RaftServer$Division (RaftServerImpl.java:logAppendEntries(1549)) - s14@group-676CD6864C30: appendEntries* s5->s14#7544-t1,previous=(t:1, i:171),leaderCommit=171,initializing? false,entries: size=1, first=(t:1, i:172), METADATAENTRY(c:171)
2024-10-16 23:57:32,566 DEBUG server.RaftServer$Division (RaftServerImpl.java:logAppendEntries(1549)) - s7@group-676CD6864C30: appendEntries* reply s5<-s7#7545:OK-t1,SUCCESS,nextIndex=173,followerCommit=171,matchIndex=172
2024-10-16 23:57:32,566 DEBUG server.RaftServer$Division (RaftServerImpl.java:logAppendEntries(1549)) - s2@group-676CD6864C30: appendEntries* s5->s2#7549-t1,previous=(t:1, i:171),leaderCommit=171,initializing? false,entries: size=1, first=(t:1, i:172), METADATAENTRY(c:171)
2024-10-16 23:57:32,566 DEBUG server.RaftServer$Division (RaftServerImpl.java:logAppendEntries(1549)) - s11@group-676CD6864C30: appendEntries* s5->s11#7543-t1,previous=(t:1, i:171),leaderCommit=171,initializing? false,entries: size=1, first=(t:1, i:172), METADATAENTRY(c:171)
2024-10-16 23:57:32,566 DEBUG server.RaftServer$Division (RaftServerImpl.java:logAppendEntries(1549)) - s9@group-676CD6864C30: appendEntries* s5->s9#7548-t1,previous=(t:1, i:171),leaderCommit=171,initializing? false,entries: size=1, first=(t:1, i:172), METADATAENTRY(c:171)
2024-10-16 23:57:32,565 DEBUG server.RaftServer$Division (RaftServerImpl.java:logAppendEntries(1549)) - s13@group-676CD6864C30: appendEntries* s5->s13#7547-t1,previous=(t:1, i:171),leaderCommit=171,initializing? false,entries: size=1, first=(t:1, i:172), METADATAENTRY(c:171)
2024-10-16 23:57:32,566 DEBUG server.RaftServer$Division (RaftServerImpl.java:logAppendEntries(1549)) - s11@group-676CD6864C30: appendEntries* reply s5<-s11#7543:OK-t1,SUCCESS,nextIndex=173,followerCommit=171,matchIndex=172
2024-10-16 23:57:32,566 DEBUG server.RaftServer$Division (RaftServerImpl.java:logAppendEntries(1549)) - s14@group-676CD6864C30: appendEntries* reply s5<-s14#7544:OK-t1,SUCCESS,nextIndex=173,followerCommit=171,matchIndex=172
2024-10-16 23:57:32,566 DEBUG server.RaftServer$Division (RaftServerImpl.java:logAppendEntries(1549)) - s2@group-676CD6864C30: appendEntries* reply s5<-s2#7549:OK-t1,SUCCESS,nextIndex=173,followerCommit=171,matchIndex=172
2024-10-16 23:57:32,566 DEBUG server.RaftServer$Division (RaftServerImpl.java:logAppendEntries(1549)) - s1@group-676CD6864C30: appendEntries* reply s5<-s1#7542:OK-t1,SUCCESS,nextIndex=173,followerCommit=171,matchIndex=172
2024-10-16 23:57:32,567 DEBUG server.RaftServer$Division (RaftServerImpl.java:logAppendEntries(1549)) - s13@group-676CD6864C30: appendEntries* reply s5<-s13#7547:OK-t1,SUCCESS,nextIndex=173,followerCommit=171,matchIndex=172
2024-10-16 23:57:32,567 DEBUG server.RaftServer$Division (RaftServerImpl.java:logAppendEntries(1549)) - s9@group-676CD6864C30: appendEntries* reply s5<-s9#7548:OK-t1,SUCCESS,nextIndex=173,followerCommit=171,matchIndex=172
2024-10-16 23:57:32,567 DEBUG server.RaftServer$Division (RaftServerImpl.java:logAppendEntries(1549)) - s6@group-676CD6864C30: appendEntries* s5->s6#7550-t1,previous=(t:1, i:171),leaderCommit=171,initializing? false,entries: size=1, first=(t:1, i:172), METADATAENTRY(c:171)
2024-10-16 23:57:32,567 DEBUG server.RaftServer$Division (RaftServerImpl.java:logAppendEntries(1549)) - s12@group-676CD6864C30: appendEntries* s5->s12#7546-t1,previous=(t:1, i:171),leaderCommit=171,initializing? false,entries: size=1, first=(t:1, i:172), METADATAENTRY(c:171)
2024-10-16 23:57:32,566 DEBUG server.RaftServer$Division (RaftServerImpl.java:submitClientRequestAsync(920)) - s5@group-676CD6864C30: receive client request(RaftClientRequest:client-BE1E56DD0B20->s5@group-676CD6864C30, cid=7551, seq=null, RW, Message:01016304010300040201...(size=17))
2024-10-16 23:57:32,568 DEBUG server.RaftServer$Division (LeaderStateImpl.java:addPendingRequest(529)) - s5@group-676CD6864C30-LeaderStateImpl: addPendingRequest at RaftClientRequest:client-BE1E56DD0B20->s5@group-676CD6864C30, cid=7551, seq=null, RW, Message:01016304010300040201...(size=17), entry=(t:1, i:173), STATEMACHINELOGENTRY, WRITE: logData.size=17, stateMachineData.size=0, logEntryProtoSerializedSize=0
2024-10-16 23:57:32,567 DEBUG server.RaftServer$Division (RaftServerImpl.java:logAppendEntries(1549)) - s3@group-676CD6864C30: appendEntries* reply s5<-s3#7538:OK-t1,SUCCESS,nextIndex=172,followerCommit=170,matchIndex=171
2024-10-16 23:57:32,568 DEBUG server.RaftServer$Division (RaftServerImpl.java:logAppendEntries(1549)) - s8@group-676CD6864C30: appendEntries* reply s5<-s8#7534:OK-t1,SUCCESS,nextIndex=172,followerCommit=170,matchIndex=171
2024-10-16 23:57:32,568 DEBUG server.RaftServer$Division (RaftServerImpl.java:logAppendEntries(1549)) - s13@group-676CD6864C30: appendEntries* s5->s13#7554-t1,previous=(t:1, i:172),leaderCommit=172,initializing? false,entries: size=1, first=(t:1, i:173), STATEMACHINELOGENTRY, StateMachineLogEntryProto:7551@client-BE1E56DD0B20
2024-10-16 23:57:32,568 DEBUG server.RaftServer$Division (RaftServerImpl.java:logAppendEntries(1549)) - s1@group-676CD6864C30: appendEntries* s5->s1#7558-t1,previous=(t:1, i:172),leaderCommit=172,initializing? false,entries: size=1, first=(t:1, i:173), STATEMACHINELOGENTRY, StateMachineLogEntryProto:7551@client-BE1E56DD0B20
2024-10-16 23:57:32,568 DEBUG server.RaftServer$Division (RaftServerImpl.java:logAppendEntries(1549)) - s10@group-676CD6864C30: appendEntries* s5->s10#7552-t1,previous=(t:1, i:170),leaderCommit=172,initializing? false,entries: size=2, first=(t:1, i:171), STATEMACHINELOGENTRY, StateMachineLogEntryProto:7525@client-BE1E56DD0B20
2024-10-16 23:57:32,569 DEBUG server.RaftServer$Division (RaftServerImpl.java:logAppendEntries(1549)) - s11@group-676CD6864C30: appendEntries* s5->s11#7553-t1,previous=(t:1, i:172),leaderCommit=172,initializing? false,entries: size=1, first=(t:1, i:173), STATEMACHINELOGENTRY, StateMachineLogEntryProto:7551@client-BE1E56DD0B20
2024-10-16 23:57:32,569 DEBUG server.RaftServer$Division (RaftServerImpl.java:logAppendEntries(1549)) - s6@group-676CD6864C30: appendEntries* reply s5<-s6#7550:OK-t1,SUCCESS,nextIndex=173,followerCommit=171,matchIndex=172
2024-10-16 23:57:32,569 DEBUG server.RaftServer$Division (RaftServerImpl.java:logAppendEntries(1549)) - s14@group-676CD6864C30: appendEntries* s5->s14#7555-t1,previous=(t:1, i:172),leaderCommit=172,initializing? false,entries: size=1, first=(t:1, i:173), STATEMACHINELOGENTRY, StateMachineLogEntryProto:7551@client-BE1E56DD0B20
2024-10-16 23:57:32,569 DEBUG server.RaftServer$Division (RaftServerImpl.java:logAppendEntries(1549)) - s1@group-676CD6864C30: appendEntries* reply s5<-s1#7558:OK-t1,SUCCESS,nextIndex=174,followerCommit=172,matchIndex=173
2024-10-16 23:57:32,569 DEBUG server.RaftServer$Division (RaftServerImpl.java:logAppendEntries(1549)) - s7@group-676CD6864C30: appendEntries* s5->s7#7557-t1,previous=(t:1, i:172),leaderCommit=172,initializing? false,entries: size=1, first=(t:1, i:173), STATEMACHINELOGENTRY, StateMachineLogEntryProto:7551@client-BE1E56DD0B20
2024-10-16 23:57:32,569 DEBUG server.RaftServer$Division (RaftServerImpl.java:logAppendEntries(1549)) - s13@group-676CD6864C30: appendEntries* reply s5<-s13#7554:OK-t1,SUCCESS,nextIndex=174,followerCommit=172,matchIndex=173
2024-10-16 23:57:32,570 DEBUG server.RaftServer$Division (RaftServerImpl.java:logAppendEntries(1549)) - s14@group-676CD6864C30: appendEntries* reply s5<-s14#7555:OK-t1,SUCCESS,nextIndex=174,followerCommit=172,matchIndex=173
2024-10-16 23:57:32,568 DEBUG server.RaftServer$Division (RaftServerImpl.java:logAppendEntries(1549)) - s9@group-676CD6864C30: appendEntries* s5->s9#7556-t1,previous=(t:1, i:172),leaderCommit=172,initializing? false,entries: size=1, first=(t:1, i:173), STATEMACHINELOGENTRY, StateMachineLogEntryProto:7551@client-BE1E56DD0B20
2024-10-16 23:57:32,568 DEBUG server.RaftServer$Division (RaftServerImpl.java:logAppendEntries(1549)) - s2@group-676CD6864C30: appendEntries* s5->s2#7559-t1,previous=(t:1, i:172),leaderCommit=172,initializing? false,entries: size=1, first=(t:1, i:173), STATEMACHINELOGENTRY, StateMachineLogEntryProto:7551@client-BE1E56DD0B20
2024-10-16 23:57:32,570 DEBUG server.RaftServer$Division (RaftServerImpl.java:logAppendEntries(1549)) - s7@group-676CD6864C30: appendEntries* reply s5<-s7#7557:OK-t1,SUCCESS,nextIndex=174,followerCommit=172,matchIndex=173
2024-10-16 23:57:32,570 DEBUG server.RaftServer$Division (RaftServerImpl.java:logAppendEntries(1549)) - s11@group-676CD6864C30: appendEntries* reply s5<-s11#7553:OK-t1,SUCCESS,nextIndex=174,followerCommit=172,matchIndex=173
2024-10-16 23:57:32,569 DEBUG server.RaftServer$Division (RaftServerImpl.java:logAppendEntries(1549)) - s10@group-676CD6864C30: appendEntries* reply s5<-s10#7552:OK-t1,SUCCESS,nextIndex=173,followerCommit=172,matchIndex=172
2024-10-16 23:57:32,569 DEBUG server.RaftServer$Division (RaftServerImpl.java:logAppendEntries(1549)) - s12@group-676CD6864C30: appendEntries* reply s5<-s12#7546:OK-t1,SUCCESS,nextIndex=173,followerCommit=171,matchIndex=172
2024-10-16 23:57:32,570 DEBUG server.RaftServer$Division (RaftServerImpl.java:logAppendEntries(1549)) - s2@group-676CD6864C30: appendEntries* reply s5<-s2#7559:OK-t1,SUCCESS,nextIndex=174,followerCommit=172,matchIndex=173
2024-10-16 23:57:32,571 DEBUG server.RaftServer$Division (RaftServerImpl.java:logAppendEntries(1549)) - s12@group-676CD6864C30: appendEntries* s5->s12#7563-t1,previous=(t:1, i:172),leaderCommit=172,initializing? false,entries: size=1, first=(t:1, i:173), STATEMACHINELOGENTRY, StateMachineLogEntryProto:7551@client-BE1E56DD0B20
2024-10-16 23:57:32,569 DEBUG server.RaftServer$Division (RaftServerImpl.java:logAppendEntries(1549)) - s8@group-676CD6864C30: appendEntries* s5->s8#7560-t1,previous=(t:1, i:171),leaderCommit=172,initializing? false,entries: size=2, first=(t:1, i:172), METADATAENTRY(c:171)
2024-10-16 23:57:32,569 DEBUG server.RaftServer$Division (RaftServerImpl.java:logAppendEntries(1549)) - s0@group-676CD6864C30: appendEntries* s5->s0#7541-t1,previous=(t:1, i:171),leaderCommit=171,initializing? false,entries: size=1, first=(t:1, i:172), METADATAENTRY(c:171)
2024-10-16 23:57:32,570 DEBUG server.RaftServer$Division (RaftServerImpl.java:logAppendEntries(1549)) - s9@group-676CD6864C30: appendEntries* reply s5<-s9#7556:OK-t1,SUCCESS,nextIndex=174,followerCommit=172,matchIndex=173
2024-10-16 23:57:32,570 DEBUG server.RaftServer$Division (RaftServerImpl.java:logAppendEntries(1549)) - s6@group-676CD6864C30: appendEntries* s5->s6#7562-t1,previous=(t:1, i:172),leaderCommit=172,initializing? false,entries: size=1, first=(t:1, i:173), STATEMACHINELOGENTRY, StateMachineLogEntryProto:7551@client-BE1E56DD0B20
2024-10-16 23:57:32,572 INFO  statemachine.StateMachine (ArithmeticStateMachine.java:applyTransaction(181)) - LEADER:s5-173: c = √(a^2 + b^2) = 5941
2024-10-16 23:57:32,572 DEBUG server.RaftServer$Division (RaftServerImpl.java:logAppendEntries(1549)) - s8@group-676CD6864C30: appendEntries* reply s5<-s8#7560:OK-t1,SUCCESS,nextIndex=174,followerCommit=172,matchIndex=173
2024-10-16 23:57:32,572 DEBUG server.RaftServer$Division (RaftServerImpl.java:logAppendEntries(1549)) - s12@group-676CD6864C30: appendEntries* reply s5<-s12#7563:OK-t1,SUCCESS,nextIndex=174,followerCommit=172,matchIndex=173
2024-10-16 23:57:32,572 DEBUG server.RaftServer$Division (RaftServerImpl.java:logAppendEntries(1549)) - s14@group-676CD6864C30: appendEntries* s5->s14#7566-t1,previous=(t:1, i:173),leaderCommit=173,initializing? false,entries: size=1, first=(t:1, i:174), METADATAENTRY(c:173)
2024-10-16 23:57:32,572 DEBUG server.RaftServer$Division (RaftServerImpl.java:logAppendEntries(1549)) - s6@group-676CD6864C30: appendEntries* reply s5<-s6#7562:OK-t1,SUCCESS,nextIndex=174,followerCommit=172,matchIndex=173
2024-10-16 23:57:32,572 DEBUG server.RaftServer$Division (RaftServerImpl.java:logAppendEntries(1549)) - s11@group-676CD6864C30: appendEntries* s5->s11#7570-t1,previous=(t:1, i:173),leaderCommit=173,initializing? false,entries: size=1, first=(t:1, i:174), METADATAENTRY(c:173)
2024-10-16 23:57:32,573 DEBUG server.RaftServer$Division (RaftServerImpl.java:logAppendEntries(1549)) - s9@group-676CD6864C30: appendEntries* s5->s9#7569-t1,previous=(t:1, i:173),leaderCommit=173,initializing? false,entries: size=1, first=(t:1, i:174), METADATAENTRY(c:173)
2024-10-16 23:57:32,570 DEBUG server.RaftServer$Division (RaftServerImpl.java:logAppendEntries(1549)) - s3@group-676CD6864C30: appendEntries* s5->s3#7561-t1,previous=(t:1, i:171),leaderCommit=172,initializing? false,entries: size=2, first=(t:1, i:172), METADATAENTRY(c:171)
2024-10-16 23:57:32,573 DEBUG server.RaftServer$Division (RaftServerImpl.java:logAppendEntries(1549)) - s14@group-676CD6864C30: appendEntries* reply s5<-s14#7566:OK-t1,SUCCESS,nextIndex=175,followerCommit=173,matchIndex=174
2024-10-16 23:57:32,573 DEBUG server.RaftServer$Division (RaftServerImpl.java:logAppendEntries(1549)) - s11@group-676CD6864C30: appendEntries* reply s5<-s11#7570:OK-t1,SUCCESS,nextIndex=175,followerCommit=173,matchIndex=174
2024-10-16 23:57:32,573 DEBUG server.RaftServer$Division (RaftServerImpl.java:logAppendEntries(1549)) - s2@group-676CD6864C30: appendEntries* s5->s2#7567-t1,previous=(t:1, i:173),leaderCommit=173,initializing? false,entries: size=1, first=(t:1, i:174), METADATAENTRY(c:173)
2024-10-16 23:57:32,573 DEBUG server.RaftServer$Division (RaftServerImpl.java:logAppendEntries(1549)) - s6@group-676CD6864C30: appendEntries* s5->s6#7574-t1,previous=(t:1, i:173),leaderCommit=173,initializing? false,entries: size=1, first=(t:1, i:174), METADATAENTRY(c:173)
2024-10-16 23:57:32,573 DEBUG server.RaftServer$Division (RaftServerImpl.java:logAppendEntries(1549)) - s2@group-676CD6864C30: appendEntries* reply s5<-s2#7567:OK-t1,SUCCESS,nextIndex=175,followerCommit=173,matchIndex=174
2024-10-16 23:57:32,574 DEBUG server.RaftServer$Division (RaftServerImpl.java:logAppendEntries(1549)) - s3@group-676CD6864C30: appendEntries* reply s5<-s3#7561:OK-t1,SUCCESS,nextIndex=174,followerCommit=172,matchIndex=173
2024-10-16 23:57:32,573 DEBUG server.RaftServer$Division (RaftServerImpl.java:logAppendEntries(1549)) - s1@group-676CD6864C30: appendEntries* s5->s1#7571-t1,previous=(t:1, i:173),leaderCommit=173,initializing? false,entries: size=1, first=(t:1, i:174), METADATAENTRY(c:173)
2024-10-16 23:57:32,572 DEBUG server.RaftServer$Division (RaftServerImpl.java:logAppendEntries(1549)) - s7@group-676CD6864C30: appendEntries* s5->s7#7565-t1,previous=(t:1, i:173),leaderCommit=173,initializing? false,entries: size=1, first=(t:1, i:174), METADATAENTRY(c:173)
2024-10-16 23:57:32,572 DEBUG server.RaftServer$Division (RaftServerImpl.java:logAppendEntries(1549)) - s13@group-676CD6864C30: appendEntries* s5->s13#7568-t1,previous=(t:1, i:173),leaderCommit=173,initializing? false,entries: size=1, first=(t:1, i:174), METADATAENTRY(c:173)
2024-10-16 23:57:32,574 DEBUG server.RaftServer$Division (RaftServerImpl.java:logAppendEntries(1549)) - s1@group-676CD6864C30: appendEntries* reply s5<-s1#7571:OK-t1,SUCCESS,nextIndex=175,followerCommit=173,matchIndex=174
2024-10-16 23:57:32,571 DEBUG server.RaftServer$Division (RaftServerImpl.java:logAppendEntries(1549)) - s10@group-676CD6864C30: appendEntries* s5->s10#7564-t1,previous=(t:1, i:172),leaderCommit=172,initializing? false,entries: size=1, first=(t:1, i:173), STATEMACHINELOGENTRY, StateMachineLogEntryProto:7551@client-BE1E56DD0B20
2024-10-16 23:57:32,571 DEBUG server.RaftServer$Division (RaftServerImpl.java:logAppendEntries(1549)) - s0@group-676CD6864C30: appendEntries* reply s5<-s0#7541:OK-t1,SUCCESS,nextIndex=173,followerCommit=171,matchIndex=172
2024-10-16 23:57:32,574 DEBUG server.RaftServer$Division (RaftServerImpl.java:logAppendEntries(1549)) - s12@group-676CD6864C30: appendEntries* s5->s12#7575-t1,previous=(t:1, i:173),leaderCommit=173,initializing? false,entries: size=1, first=(t:1, i:174), METADATAENTRY(c:173)
2024-10-16 23:57:32,574 DEBUG server.RaftServer$Division (RaftServerImpl.java:logAppendEntries(1549)) - s13@group-676CD6864C30: appendEntries* reply s5<-s13#7568:OK-t1,SUCCESS,nextIndex=175,followerCommit=173,matchIndex=174
2024-10-16 23:57:32,575 DEBUG server.RaftServer$Division (RaftServerImpl.java:logAppendEntries(1549)) - s10@group-676CD6864C30: appendEntries* reply s5<-s10#7564:OK-t1,SUCCESS,nextIndex=174,followerCommit=172,matchIndex=173
2024-10-16 23:57:32,575 DEBUG server.RaftServer$Division (RaftServerImpl.java:logAppendEntries(1549)) - s0@group-676CD6864C30: appendEntries* s5->s0#7577-t1,previous=(t:1, i:172),leaderCommit=173,initializing? false,entries: size=2, first=(t:1, i:173), STATEMACHINELOGENTRY, StateMachineLogEntryProto:7551@client-BE1E56DD0B20
2024-10-16 23:57:32,574 DEBUG server.RaftServer$Division (RaftServerImpl.java:logAppendEntries(1549)) - s3@group-676CD6864C30: appendEntries* s5->s3#7576-t1,previous=(t:1, i:173),leaderCommit=173,initializing? false,entries: size=1, first=(t:1, i:174), METADATAENTRY(c:173)
2024-10-16 23:57:32,574 DEBUG server.RaftServer$Division (RaftServerImpl.java:logAppendEntries(1549)) - s7@group-676CD6864C30: appendEntries* reply s5<-s7#7565:OK-t1,SUCCESS,nextIndex=175,followerCommit=173,matchIndex=174
2024-10-16 23:57:32,575 DEBUG server.RaftServer$Division (RaftServerImpl.java:logAppendEntries(1549)) - s6@group-676CD6864C30: appendEntries* reply s5<-s6#7574:OK-t1,SUCCESS,nextIndex=175,followerCommit=173,matchIndex=174
2024-10-16 23:57:32,573 DEBUG server.RaftServer$Division (RaftServerImpl.java:logAppendEntries(1549)) - s4@group-676CD6864C30: appendEntries* s5->s4#7540-t1,previous=(t:1, i:170),leaderCommit=170,initializing? false,entries: size=1, first=(t:1, i:171), STATEMACHINELOGENTRY, StateMachineLogEntryProto:7525@client-BE1E56DD0B20
2024-10-16 23:57:32,576 DEBUG server.RaftServer$Division (RaftServerImpl.java:logAppendEntries(1549)) - s12@group-676CD6864C30: appendEntries* reply s5<-s12#7575:OK-t1,SUCCESS,nextIndex=175,followerCommit=173,matchIndex=174
2024-10-16 23:57:32,573 DEBUG server.RaftServer$Division (RaftServerImpl.java:logAppendEntries(1549)) - s8@group-676CD6864C30: appendEntries* s5->s8#7572-t1,previous=(t:1, i:173),leaderCommit=173,initializing? false,entries: size=1, first=(t:1, i:174), METADATAENTRY(c:173)
2024-10-16 23:57:32,576 DEBUG server.RaftServer$Division (RaftServerImpl.java:logAppendEntries(1549)) - s4@group-676CD6864C30: appendEntries* reply s5<-s4#7540:OK-t1,SUCCESS,nextIndex=172,followerCommit=170,matchIndex=171
2024-10-16 23:57:32,573 DEBUG server.RaftServer$Division (RaftServerImpl.java:logAppendEntries(1549)) - s9@group-676CD6864C30: appendEntries* reply s5<-s9#7569:OK-t1,SUCCESS,nextIndex=175,followerCommit=173,matchIndex=174
2024-10-16 23:57:32,573 DEBUG server.RaftServer$Division (RaftServerImpl.java:submitClientRequestAsync(920)) - s5@group-676CD6864C30: receive client request(RaftClientRequest:client-BE1E56DD0B20->s5@group-676CD6864C30, cid=7573, seq=null, RW, Message:01016100)
2024-10-16 23:57:32,576 DEBUG server.RaftServer$Division (RaftServerImpl.java:logAppendEntries(1549)) - s8@group-676CD6864C30: appendEntries* reply s5<-s8#7572:OK-t1,SUCCESS,nextIndex=175,followerCommit=173,matchIndex=174
2024-10-16 23:57:32,576 DEBUG server.RaftServer$Division (LeaderStateImpl.java:addPendingRequest(529)) - s5@group-676CD6864C30-LeaderStateImpl: addPendingRequest at RaftClientRequest:client-BE1E56DD0B20->s5@group-676CD6864C30, cid=7573, seq=null, RW, Message:01016100, entry=(t:1, i:175), STATEMACHINELOGENTRY, WRITE: logData.size=4, stateMachineData.size=0, logEntryProtoSerializedSize=0
2024-10-16 23:57:32,577 DEBUG server.RaftServer$Division (RaftServerImpl.java:logAppendEntries(1549)) - s2@group-676CD6864C30: appendEntries* s5->s2#7581-t1,previous=(t:1, i:174),leaderCommit=174,initializing? false,entries: size=1, first=(t:1, i:175), STATEMACHINELOGENTRY, StateMachineLogEntryProto:7573@client-BE1E56DD0B20
2024-10-16 23:57:32,577 DEBUG server.RaftServer$Division (RaftServerImpl.java:logAppendEntries(1549)) - s7@group-676CD6864C30: appendEntries* s5->s7#7579-t1,previous=(t:1, i:174),leaderCommit=174,initializing? false,entries: size=1, first=(t:1, i:175), STATEMACHINELOGENTRY, StateMachineLogEntryProto:7573@client-BE1E56DD0B20
2024-10-16 23:57:32,577 DEBUG server.RaftServer$Division (RaftServerImpl.java:logAppendEntries(1549)) - s2@group-676CD6864C30: appendEntries* reply s5<-s2#7581:OK-t1,SUCCESS,nextIndex=176,followerCommit=174,matchIndex=175
2024-10-16 23:57:32,577 DEBUG server.RaftServer$Division (RaftServerImpl.java:logAppendEntries(1549)) - s13@group-676CD6864C30: appendEntries* s5->s13#7583-t1,previous=(t:1, i:174),leaderCommit=174,initializing? false,entries: size=1, first=(t:1, i:175), STATEMACHINELOGENTRY, StateMachineLogEntryProto:7573@client-BE1E56DD0B20
2024-10-16 23:57:32,577 DEBUG server.RaftServer$Division (RaftServerImpl.java:logAppendEntries(1549)) - s9@group-676CD6864C30: appendEntries* s5->s9#7585-t1,previous=(t:1, i:174),leaderCommit=174,initializing? false,entries: size=1, first=(t:1, i:175), STATEMACHINELOGENTRY, StateMachineLogEntryProto:7573@client-BE1E56DD0B20
2024-10-16 23:57:32,578 DEBUG server.RaftServer$Division (RaftServerImpl.java:logAppendEntries(1549)) - s8@group-676CD6864C30: appendEntries* s5->s8#7588-t1,previous=(t:1, i:174),leaderCommit=174,initializing? false,entries: size=1, first=(t:1, i:175), STATEMACHINELOGENTRY, StateMachineLogEntryProto:7573@client-BE1E56DD0B20
2024-10-16 23:57:32,578 DEBUG server.RaftServer$Division (RaftServerImpl.java:logAppendEntries(1549)) - s9@group-676CD6864C30: appendEntries* reply s5<-s9#7585:OK-t1,SUCCESS,nextIndex=176,followerCommit=174,matchIndex=175
2024-10-16 23:57:32,578 DEBUG server.RaftServer$Division (RaftServerImpl.java:logAppendEntries(1549)) - s6@group-676CD6864C30: appendEntries* s5->s6#7587-t1,previous=(t:1, i:174),leaderCommit=174,initializing? false,entries: size=1, first=(t:1, i:175), STATEMACHINELOGENTRY, StateMachineLogEntryProto:7573@client-BE1E56DD0B20
2024-10-16 23:57:32,576 DEBUG server.RaftServer$Division (RaftServerImpl.java:logAppendEntries(1549)) - s10@group-676CD6864C30: appendEntries* s5->s10#7578-t1,previous=(t:1, i:173),leaderCommit=173,initializing? false,entries: size=1, first=(t:1, i:174), METADATAENTRY(c:173)
2024-10-16 23:57:32,575 DEBUG server.RaftServer$Division (RaftServerImpl.java:logAppendEntries(1549)) - s3@group-676CD6864C30: appendEntries* reply s5<-s3#7576:OK-t1,SUCCESS,nextIndex=175,followerCommit=173,matchIndex=174
2024-10-16 23:57:32,575 DEBUG server.RaftServer$Division (RaftServerImpl.java:logAppendEntries(1549)) - s0@group-676CD6864C30: appendEntries* reply s5<-s0#7577:OK-t1,SUCCESS,nextIndex=175,followerCommit=173,matchIndex=174
2024-10-16 23:57:32,578 DEBUG server.RaftServer$Division (RaftServerImpl.java:logAppendEntries(1549)) - s8@group-676CD6864C30: appendEntries* reply s5<-s8#7588:OK-t1,SUCCESS,nextIndex=176,followerCommit=174,matchIndex=175
2024-10-16 23:57:32,578 DEBUG server.RaftServer$Division (RaftServerImpl.java:logAppendEntries(1549)) - s12@group-676CD6864C30: appendEntries* s5->s12#7580-t1,previous=(t:1, i:174),leaderCommit=174,initializing? false,entries: size=1, first=(t:1, i:175), STATEMACHINELOGENTRY, StateMachineLogEntryProto:7573@client-BE1E56DD0B20
2024-10-16 23:57:32,579 DEBUG server.RaftServer$Division (RaftServerImpl.java:logAppendEntries(1549)) - s6@group-676CD6864C30: appendEntries* reply s5<-s6#7587:OK-t1,SUCCESS,nextIndex=176,followerCommit=174,matchIndex=175
2024-10-16 23:57:32,579 DEBUG server.RaftServer$Division (RaftServerImpl.java:logAppendEntries(1549)) - s10@group-676CD6864C30: appendEntries* reply s5<-s10#7578:OK-t1,SUCCESS,nextIndex=175,followerCommit=173,matchIndex=174
2024-10-16 23:57:32,578 DEBUG server.RaftServer$Division (RaftServerImpl.java:logAppendEntries(1549)) - s13@group-676CD6864C30: appendEntries* reply s5<-s13#7583:OK-t1,SUCCESS,nextIndex=176,followerCommit=174,matchIndex=175
2024-10-16 23:57:32,578 DEBUG server.RaftServer$Division (RaftServerImpl.java:logAppendEntries(1549)) - s11@group-676CD6864C30: appendEntries* s5->s11#7586-t1,previous=(t:1, i:174),leaderCommit=174,initializing? false,entries: size=1, first=(t:1, i:175), STATEMACHINELOGENTRY, StateMachineLogEntryProto:7573@client-BE1E56DD0B20
2024-10-16 23:57:32,577 DEBUG server.RaftServer$Division (RaftServerImpl.java:logAppendEntries(1549)) - s7@group-676CD6864C30: appendEntries* reply s5<-s7#7579:OK-t1,SUCCESS,nextIndex=176,followerCommit=174,matchIndex=175
2024-10-16 23:57:32,577 DEBUG server.RaftServer$Division (RaftServerImpl.java:logAppendEntries(1549)) - s1@group-676CD6864C30: appendEntries* s5->s1#7584-t1,previous=(t:1, i:174),leaderCommit=174,initializing? false,entries: size=1, first=(t:1, i:175), STATEMACHINELOGENTRY, StateMachineLogEntryProto:7573@client-BE1E56DD0B20
2024-10-16 23:57:32,577 DEBUG server.RaftServer$Division (RaftServerImpl.java:logAppendEntries(1549)) - s14@group-676CD6864C30: appendEntries* s5->s14#7582-t1,previous=(t:1, i:174),leaderCommit=174,initializing? false,entries: size=1, first=(t:1, i:175), STATEMACHINELOGENTRY, StateMachineLogEntryProto:7573@client-BE1E56DD0B20
2024-10-16 23:57:32,579 DEBUG server.RaftServer$Division (RaftServerImpl.java:logAppendEntries(1549)) - s11@group-676CD6864C30: appendEntries* reply s5<-s11#7586:OK-t1,SUCCESS,nextIndex=176,followerCommit=174,matchIndex=175
2024-10-16 23:57:32,579 DEBUG server.RaftServer$Division (RaftServerImpl.java:logAppendEntries(1549)) - s12@group-676CD6864C30: appendEntries* reply s5<-s12#7580:OK-t1,SUCCESS,nextIndex=176,followerCommit=174,matchIndex=175
2024-10-16 23:57:32,579 DEBUG server.RaftServer$Division (RaftServerImpl.java:logAppendEntries(1549)) - s0@group-676CD6864C30: appendEntries* s5->s0#7591-t1,previous=(t:1, i:174),leaderCommit=174,initializing? false,entries: size=1, first=(t:1, i:175), STATEMACHINELOGENTRY, StateMachineLogEntryProto:7573@client-BE1E56DD0B20
2024-10-16 23:57:32,581 DEBUG server.RaftServer$Division (RaftServerImpl.java:logAppendEntries(1549)) - s9@group-676CD6864C30: appendEntries* s5->s9#7598-t1,previous=(t:1, i:175),leaderCommit=175,initializing? false,entries: size=1, first=(t:1, i:176), METADATAENTRY(c:175)
2024-10-16 23:57:32,581 DEBUG server.RaftServer$Division (RaftServerImpl.java:logAppendEntries(1549)) - s0@group-676CD6864C30: appendEntries* reply s5<-s0#7591:OK-t1,SUCCESS,nextIndex=176,followerCommit=174,matchIndex=175
2024-10-16 23:57:32,581 DEBUG server.RaftServer$Division (RaftServerImpl.java:logAppendEntries(1549)) - s9@group-676CD6864C30: appendEntries* reply s5<-s9#7598:OK-t1,SUCCESS,nextIndex=177,followerCommit=175,matchIndex=176
2024-10-16 23:57:32,581 DEBUG server.RaftServer$Division (RaftServerImpl.java:logAppendEntries(1549)) - s6@group-676CD6864C30: appendEntries* s5->s6#7599-t1,previous=(t:1, i:175),leaderCommit=175,initializing? false,entries: size=1, first=(t:1, i:176), METADATAENTRY(c:175)
2024-10-16 23:57:32,579 DEBUG server.RaftServer$Division (RaftServerImpl.java:logAppendEntries(1549)) - s4@group-676CD6864C30: appendEntries* s5->s4#7589-t1,previous=(t:1, i:171),leaderCommit=174,initializing? false,entries: size=4, first=(t:1, i:172), METADATAENTRY(c:171)
2024-10-16 23:57:32,579 DEBUG server.RaftServer$Division (RaftServerImpl.java:logAppendEntries(1549)) - s3@group-676CD6864C30: appendEntries* s5->s3#7590-t1,previous=(t:1, i:174),leaderCommit=174,initializing? false,entries: size=1, first=(t:1, i:175), STATEMACHINELOGENTRY, StateMachineLogEntryProto:7573@client-BE1E56DD0B20
2024-10-16 23:57:32,582 DEBUG server.RaftServer$Division (RaftServerImpl.java:logAppendEntries(1549)) - s6@group-676CD6864C30: appendEntries* reply s5<-s6#7599:OK-t1,SUCCESS,nextIndex=177,followerCommit=175,matchIndex=176
2024-10-16 23:57:32,581 DEBUG server.RaftServer$Division (RaftServerImpl.java:logAppendEntries(1549)) - s12@group-676CD6864C30: appendEntries* s5->s12#7600-t1,previous=(t:1, i:175),leaderCommit=175,initializing? false,entries: size=1, first=(t:1, i:176), METADATAENTRY(c:175)
2024-10-16 23:57:32,582 DEBUG server.RaftServer$Division (RaftServerImpl.java:logAppendEntries(1549)) - s12@group-676CD6864C30: appendEntries* reply s5<-s12#7600:OK-t1,SUCCESS,nextIndex=177,followerCommit=175,matchIndex=176
2024-10-16 23:57:32,581 DEBUG server.RaftServer$Division (RaftServerImpl.java:logAppendEntries(1549)) - s0@group-676CD6864C30: appendEntries* s5->s0#7601-t1,previous=(t:1, i:175),leaderCommit=175,initializing? false,entries: size=1, first=(t:1, i:176), METADATAENTRY(c:175)
2024-10-16 23:57:32,581 DEBUG server.RaftServer$Division (RaftServerImpl.java:logAppendEntries(1549)) - s8@group-676CD6864C30: appendEntries* s5->s8#7597-t1,previous=(t:1, i:175),leaderCommit=175,initializing? false,entries: size=1, first=(t:1, i:176), METADATAENTRY(c:175)
2024-10-16 23:57:32,581 DEBUG server.RaftServer$Division (RaftServerImpl.java:logAppendEntries(1549)) - s11@group-676CD6864C30: appendEntries* s5->s11#7596-t1,previous=(t:1, i:175),leaderCommit=175,initializing? false,entries: size=1, first=(t:1, i:176), METADATAENTRY(c:175)
2024-10-16 23:57:32,580 DEBUG server.RaftServer$Division (RaftServerImpl.java:logAppendEntries(1549)) - s2@group-676CD6864C30: appendEntries* s5->s2#7595-t1,previous=(t:1, i:175),leaderCommit=175,initializing? false,entries: size=1, first=(t:1, i:176), METADATAENTRY(c:175)
2024-10-16 23:57:32,580 DEBUG server.RaftServer$Division (RaftServerImpl.java:logAppendEntries(1549)) - s7@group-676CD6864C30: appendEntries* s5->s7#7594-t1,previous=(t:1, i:175),leaderCommit=175,initializing? false,entries: size=1, first=(t:1, i:176), METADATAENTRY(c:175)
2024-10-16 23:57:32,585 DEBUG server.RaftServer$Division (RaftServerImpl.java:logAppendEntries(1549)) - s11@group-676CD6864C30: appendEntries* reply s5<-s11#7596:OK-t1,SUCCESS,nextIndex=177,followerCommit=175,matchIndex=176
2024-10-16 23:57:32,580 DEBUG server.RaftServer$Division (RaftServerImpl.java:logAppendEntries(1549)) - s13@group-676CD6864C30: appendEntries* s5->s13#7593-t1,previous=(t:1, i:175),leaderCommit=175,initializing? false,entries: size=1, first=(t:1, i:176), METADATAENTRY(c:175)
2024-10-16 23:57:32,585 DEBUG server.RaftServer$Division (RaftServerImpl.java:logAppendEntries(1549)) - s2@group-676CD6864C30: appendEntries* reply s5<-s2#7595:OK-t1,SUCCESS,nextIndex=177,followerCommit=175,matchIndex=176
2024-10-16 23:57:32,580 INFO  statemachine.StateMachine (ArithmeticStateMachine.java:applyTransaction(181)) - LEADER:s5-175: a = null = null
2024-10-16 23:57:32,585 DEBUG server.RaftServer$Division (RaftServerImpl.java:logAppendEntries(1549)) - s7@group-676CD6864C30: appendEntries* reply s5<-s7#7594:OK-t1,SUCCESS,nextIndex=177,followerCommit=175,matchIndex=176
2024-10-16 23:57:32,580 DEBUG server.RaftServer$Division (RaftServerImpl.java:logAppendEntries(1549)) - s14@group-676CD6864C30: appendEntries* reply s5<-s14#7582:OK-t1,SUCCESS,nextIndex=176,followerCommit=174,matchIndex=175
2024-10-16 23:57:32,586 DEBUG server.RaftServer$Division (RaftServerImpl.java:logAppendEntries(1549)) - s13@group-676CD6864C30: appendEntries* reply s5<-s13#7593:OK-t1,SUCCESS,nextIndex=177,followerCommit=175,matchIndex=176
2024-10-16 23:57:32,586 DEBUG server.RaftServer$Division (RaftServerImpl.java:submitClientRequestAsync(920)) - s5@group-676CD6864C30: receive client request(RaftClientRequest:client-BE1E56DD0B20->s5@group-676CD6864C30, cid=7602, seq=null, RW, Message:01016200)
2024-10-16 23:57:32,586 DEBUG server.RaftServer$Division (LeaderStateImpl.java:addPendingRequest(529)) - s5@group-676CD6864C30-LeaderStateImpl: addPendingRequest at RaftClientRequest:client-BE1E56DD0B20->s5@group-676CD6864C30, cid=7602, seq=null, RW, Message:01016200, entry=(t:1, i:177), STATEMACHINELOGENTRY, WRITE: logData.size=4, stateMachineData.size=0, logEntryProtoSerializedSize=0
2024-10-16 23:57:32,580 DEBUG server.RaftServer$Division (RaftServerImpl.java:logAppendEntries(1549)) - s1@group-676CD6864C30: appendEntries* reply s5<-s1#7584:OK-t1,SUCCESS,nextIndex=176,followerCommit=174,matchIndex=175
2024-10-16 23:57:32,587 DEBUG server.RaftServer$Division (RaftServerImpl.java:logAppendEntries(1549)) - s2@group-676CD6864C30: appendEntries* s5->s2#7606-t1,previous=(t:1, i:176),leaderCommit=176,initializing? false,entries: size=1, first=(t:1, i:177), STATEMACHINELOGENTRY, StateMachineLogEntryProto:7602@client-BE1E56DD0B20
2024-10-16 23:57:32,587 DEBUG server.RaftServer$Division (RaftServerImpl.java:logAppendEntries(1549)) - s7@group-676CD6864C30: appendEntries* s5->s7#7605-t1,previous=(t:1, i:176),leaderCommit=176,initializing? false,entries: size=1, first=(t:1, i:177), STATEMACHINELOGENTRY, StateMachineLogEntryProto:7602@client-BE1E56DD0B20
2024-10-16 23:57:32,587 DEBUG server.RaftServer$Division (RaftServerImpl.java:logAppendEntries(1549)) - s13@group-676CD6864C30: appendEntries* s5->s13#7608-t1,previous=(t:1, i:176),leaderCommit=176,initializing? false,entries: size=1, first=(t:1, i:177), STATEMACHINELOGENTRY, StateMachineLogEntryProto:7602@client-BE1E56DD0B20
2024-10-16 23:57:32,587 DEBUG server.RaftServer$Division (RaftServerImpl.java:logAppendEntries(1549)) - s7@group-676CD6864C30: appendEntries* reply s5<-s7#7605:OK-t1,SUCCESS,nextIndex=178,followerCommit=176,matchIndex=177
2024-10-16 23:57:32,587 DEBUG server.RaftServer$Division (RaftServerImpl.java:logAppendEntries(1549)) - s1@group-676CD6864C30: appendEntries* s5->s1#7611-t1,previous=(t:1, i:175),leaderCommit=176,initializing? false,entries: size=2, first=(t:1, i:176), METADATAENTRY(c:175)
2024-10-16 23:57:32,587 DEBUG server.RaftServer$Division (RaftServerImpl.java:logAppendEntries(1549)) - s9@group-676CD6864C30: appendEntries* s5->s9#7609-t1,previous=(t:1, i:176),leaderCommit=176,initializing? false,entries: size=1, first=(t:1, i:177), STATEMACHINELOGENTRY, StateMachineLogEntryProto:7602@client-BE1E56DD0B20
2024-10-16 23:57:32,588 DEBUG server.RaftServer$Division (RaftServerImpl.java:logAppendEntries(1549)) - s1@group-676CD6864C30: appendEntries* reply s5<-s1#7611:OK-t1,SUCCESS,nextIndex=178,followerCommit=176,matchIndex=177
2024-10-16 23:57:32,580 DEBUG server.RaftServer$Division (RaftServerImpl.java:logAppendEntries(1549)) - s10@group-676CD6864C30: appendEntries* s5->s10#7592-t1,previous=(t:1, i:174),leaderCommit=174,initializing? false,entries: size=1, first=(t:1, i:175), STATEMACHINELOGENTRY, StateMachineLogEntryProto:7573@client-BE1E56DD0B20
2024-10-16 23:57:32,588 DEBUG server.RaftServer$Division (RaftServerImpl.java:logAppendEntries(1549)) - s6@group-676CD6864C30: appendEntries* s5->s6#7604-t1,previous=(t:1, i:176),leaderCommit=176,initializing? false,entries: size=1, first=(t:1, i:177), STATEMACHINELOGENTRY, StateMachineLogEntryProto:7602@client-BE1E56DD0B20
2024-10-16 23:57:32,588 DEBUG server.RaftServer$Division (RaftServerImpl.java:logAppendEntries(1549)) - s10@group-676CD6864C30: appendEntries* reply s5<-s10#7592:OK-t1,SUCCESS,nextIndex=176,followerCommit=174,matchIndex=175
2024-10-16 23:57:32,588 DEBUG server.RaftServer$Division (RaftServerImpl.java:logAppendEntries(1549)) - s12@group-676CD6864C30: appendEntries* s5->s12#7610-t1,previous=(t:1, i:176),leaderCommit=176,initializing? false,entries: size=1, first=(t:1, i:177), STATEMACHINELOGENTRY, StateMachineLogEntryProto:7602@client-BE1E56DD0B20
2024-10-16 23:57:32,588 DEBUG server.RaftServer$Division (RaftServerImpl.java:logAppendEntries(1549)) - s9@group-676CD6864C30: appendEntries* reply s5<-s9#7609:OK-t1,SUCCESS,nextIndex=178,followerCommit=176,matchIndex=177
2024-10-16 23:57:32,587 DEBUG server.RaftServer$Division (RaftServerImpl.java:logAppendEntries(1549)) - s13@group-676CD6864C30: appendEntries* reply s5<-s13#7608:OK-t1,SUCCESS,nextIndex=178,followerCommit=176,matchIndex=177
2024-10-16 23:57:32,587 DEBUG server.RaftServer$Division (RaftServerImpl.java:logAppendEntries(1549)) - s2@group-676CD6864C30: appendEntries* reply s5<-s2#7606:OK-t1,SUCCESS,nextIndex=178,followerCommit=176,matchIndex=177
2024-10-16 23:57:32,587 DEBUG server.RaftServer$Division (RaftServerImpl.java:logAppendEntries(1549)) - s11@group-676CD6864C30: appendEntries* s5->s11#7607-t1,previous=(t:1, i:176),leaderCommit=176,initializing? false,entries: size=1, first=(t:1, i:177), STATEMACHINELOGENTRY, StateMachineLogEntryProto:7602@client-BE1E56DD0B20
2024-10-16 23:57:32,589 DEBUG server.RaftServer$Division (RaftServerImpl.java:logAppendEntries(1549)) - s12@group-676CD6864C30: appendEntries* reply s5<-s12#7610:OK-t1,SUCCESS,nextIndex=178,followerCommit=176,matchIndex=177
2024-10-16 23:57:32,586 DEBUG server.RaftServer$Division (RaftServerImpl.java:logAppendEntries(1549)) - s14@group-676CD6864C30: appendEntries* s5->s14#7603-t1,previous=(t:1, i:175),leaderCommit=175,initializing? false,entries: size=1, first=(t:1, i:176), METADATAENTRY(c:175)
2024-10-16 23:57:32,585 DEBUG server.RaftServer$Division (RaftServerImpl.java:logAppendEntries(1549)) - s0@group-676CD6864C30: appendEntries* reply s5<-s0#7601:OK-t1,SUCCESS,nextIndex=177,followerCommit=175,matchIndex=176
2024-10-16 23:57:32,585 DEBUG server.RaftServer$Division (RaftServerImpl.java:logAppendEntries(1549)) - s8@group-676CD6864C30: appendEntries* reply s5<-s8#7597:OK-t1,SUCCESS,nextIndex=177,followerCommit=175,matchIndex=176
2024-10-16 23:57:32,589 DEBUG server.RaftServer$Division (RaftServerImpl.java:logAppendEntries(1549)) - s11@group-676CD6864C30: appendEntries* reply s5<-s11#7607:OK-t1,SUCCESS,nextIndex=178,followerCommit=176,matchIndex=177
2024-10-16 23:57:32,582 DEBUG server.RaftServer$Division (RaftServerImpl.java:logAppendEntries(1549)) - s4@group-676CD6864C30: appendEntries* reply s5<-s4#7589:OK-t1,SUCCESS,nextIndex=176,followerCommit=174,matchIndex=175
2024-10-16 23:57:32,582 DEBUG server.RaftServer$Division (RaftServerImpl.java:logAppendEntries(1549)) - s3@group-676CD6864C30: appendEntries* reply s5<-s3#7590:OK-t1,SUCCESS,nextIndex=176,followerCommit=174,matchIndex=175
2024-10-16 23:57:32,589 DEBUG server.RaftServer$Division (RaftServerImpl.java:logAppendEntries(1549)) - s14@group-676CD6864C30: appendEntries* reply s5<-s14#7603:OK-t1,SUCCESS,nextIndex=177,followerCommit=175,matchIndex=176
2024-10-16 23:57:32,589 DEBUG server.RaftServer$Division (RaftServerImpl.java:logAppendEntries(1549)) - s10@group-676CD6864C30: appendEntries* s5->s10#7612-t1,previous=(t:1, i:175),leaderCommit=176,initializing? false,entries: size=2, first=(t:1, i:176), METADATAENTRY(c:175)
2024-10-16 23:57:32,589 DEBUG server.RaftServer$Division (RaftServerImpl.java:logAppendEntries(1549)) - s6@group-676CD6864C30: appendEntries* reply s5<-s6#7604:OK-t1,SUCCESS,nextIndex=178,followerCommit=176,matchIndex=177
2024-10-16 23:57:32,590 DEBUG server.RaftServer$Division (RaftServerImpl.java:logAppendEntries(1549)) - s3@group-676CD6864C30: appendEntries* s5->s3#7615-t1,previous=(t:1, i:175),leaderCommit=176,initializing? false,entries: size=2, first=(t:1, i:176), METADATAENTRY(c:175)
2024-10-16 23:57:32,590 DEBUG server.RaftServer$Division (RaftServerImpl.java:logAppendEntries(1549)) - s8@group-676CD6864C30: appendEntries* s5->s8#7617-t1,previous=(t:1, i:176),leaderCommit=176,initializing? false,entries: size=1, first=(t:1, i:177), STATEMACHINELOGENTRY, StateMachineLogEntryProto:7602@client-BE1E56DD0B20
2024-10-16 23:57:32,591 DEBUG server.RaftServer$Division (RaftServerImpl.java:logAppendEntries(1549)) - s10@group-676CD6864C30: appendEntries* reply s5<-s10#7612:OK-t1,SUCCESS,nextIndex=178,followerCommit=176,matchIndex=177
2024-10-16 23:57:32,591 DEBUG server.RaftServer$Division (RaftServerImpl.java:logAppendEntries(1549)) - s11@group-676CD6864C30: appendEntries* s5->s11#7620-t1,previous=(t:1, i:177),leaderCommit=177,initializing? false,entries: size=1, first=(t:1, i:178), METADATAENTRY(c:177)
2024-10-16 23:57:32,591 DEBUG server.RaftServer$Division (RaftServerImpl.java:logAppendEntries(1549)) - s3@group-676CD6864C30: appendEntries* reply s5<-s3#7615:OK-t1,SUCCESS,nextIndex=178,followerCommit=176,matchIndex=177
2024-10-16 23:57:32,591 DEBUG server.RaftServer$Division (RaftServerImpl.java:logAppendEntries(1549)) - s11@group-676CD6864C30: appendEntries* reply s5<-s11#7620:OK-t1,SUCCESS,nextIndex=179,followerCommit=177,matchIndex=178
2024-10-16 23:57:32,591 DEBUG server.RaftServer$Division (RaftServerImpl.java:logAppendEntries(1549)) - s9@group-676CD6864C30: appendEntries* s5->s9#7621-t1,previous=(t:1, i:177),leaderCommit=177,initializing? false,entries: size=1, first=(t:1, i:178), METADATAENTRY(c:177)
2024-10-16 23:57:32,592 DEBUG server.RaftServer$Division (RaftServerImpl.java:logAppendEntries(1549)) - s1@group-676CD6864C30: appendEntries* s5->s1#7626-t1,previous=(t:1, i:177),leaderCommit=177,initializing? false,entries: size=1, first=(t:1, i:178), METADATAENTRY(c:177)
2024-10-16 23:57:32,590 DEBUG server.RaftServer$Division (RaftServerImpl.java:logAppendEntries(1549)) - s4@group-676CD6864C30: appendEntries* s5->s4#7614-t1,previous=(t:1, i:175),leaderCommit=176,initializing? false,entries: size=2, first=(t:1, i:176), METADATAENTRY(c:175)
2024-10-16 23:57:32,590 DEBUG server.RaftServer$Division (RaftServerImpl.java:logAppendEntries(1549)) - s0@group-676CD6864C30: appendEntries* s5->s0#7613-t1,previous=(t:1, i:176),leaderCommit=176,initializing? false,entries: size=1, first=(t:1, i:177), STATEMACHINELOGENTRY, StateMachineLogEntryProto:7602@client-BE1E56DD0B20
2024-10-16 23:57:32,592 DEBUG server.RaftServer$Division (RaftServerImpl.java:logAppendEntries(1549)) - s1@group-676CD6864C30: appendEntries* reply s5<-s1#7626:OK-t1,SUCCESS,nextIndex=179,followerCommit=177,matchIndex=178
2024-10-16 23:57:32,592 DEBUG server.RaftServer$Division (RaftServerImpl.java:logAppendEntries(1549)) - s9@group-676CD6864C30: appendEntries* reply s5<-s9#7621:OK-t1,SUCCESS,nextIndex=179,followerCommit=177,matchIndex=178
2024-10-16 23:57:32,592 DEBUG server.RaftServer$Division (RaftServerImpl.java:logAppendEntries(1549)) - s3@group-676CD6864C30: appendEntries* s5->s3#7625-t1,previous=(t:1, i:177),leaderCommit=177,initializing? false,entries: size=1, first=(t:1, i:178), METADATAENTRY(c:177)
2024-10-16 23:57:32,593 DEBUG server.RaftServer$Division (RaftServerImpl.java:logAppendEntries(1549)) - s4@group-676CD6864C30: appendEntries* reply s5<-s4#7614:OK-t1,SUCCESS,nextIndex=178,followerCommit=176,matchIndex=177
2024-10-16 23:57:32,592 DEBUG server.RaftServer$Division (RaftServerImpl.java:logAppendEntries(1549)) - s6@group-676CD6864C30: appendEntries* s5->s6#7624-t1,previous=(t:1, i:177),leaderCommit=177,initializing? false,entries: size=1, first=(t:1, i:178), METADATAENTRY(c:177)
2024-10-16 23:57:32,591 DEBUG server.RaftServer$Division (RaftServerImpl.java:logAppendEntries(1549)) - s12@group-676CD6864C30: appendEntries* s5->s12#7622-t1,previous=(t:1, i:177),leaderCommit=177,initializing? false,entries: size=1, first=(t:1, i:178), METADATAENTRY(c:177)
2024-10-16 23:57:32,591 DEBUG server.RaftServer$Division (RaftServerImpl.java:logAppendEntries(1549)) - s7@group-676CD6864C30: appendEntries* s5->s7#7623-t1,previous=(t:1, i:177),leaderCommit=177,initializing? false,entries: size=1, first=(t:1, i:178), METADATAENTRY(c:177)
2024-10-16 23:57:32,591 DEBUG server.RaftServer$Division (RaftServerImpl.java:logAppendEntries(1549)) - s8@group-676CD6864C30: appendEntries* reply s5<-s8#7617:OK-t1,SUCCESS,nextIndex=178,followerCommit=176,matchIndex=177
2024-10-16 23:57:32,591 DEBUG server.RaftServer$Division (RaftServerImpl.java:logAppendEntries(1549)) - s2@group-676CD6864C30: appendEntries* s5->s2#7619-t1,previous=(t:1, i:177),leaderCommit=177,initializing? false,entries: size=1, first=(t:1, i:178), METADATAENTRY(c:177)
2024-10-16 23:57:32,591 DEBUG server.RaftServer$Division (RaftServerImpl.java:logAppendEntries(1549)) - s13@group-676CD6864C30: appendEntries* s5->s13#7618-t1,previous=(t:1, i:177),leaderCommit=177,initializing? false,entries: size=1, first=(t:1, i:178), METADATAENTRY(c:177)
2024-10-16 23:57:32,590 INFO  statemachine.StateMachine (ArithmeticStateMachine.java:applyTransaction(181)) - LEADER:s5-177: b = null = null
2024-10-16 23:57:32,590 DEBUG server.RaftServer$Division (RaftServerImpl.java:logAppendEntries(1549)) - s14@group-676CD6864C30: appendEntries* s5->s14#7616-t1,previous=(t:1, i:176),leaderCommit=176,initializing? false,entries: size=1, first=(t:1, i:177), STATEMACHINELOGENTRY, StateMachineLogEntryProto:7602@client-BE1E56DD0B20
2024-10-16 23:57:32,593 DEBUG server.RaftServer$Division (RaftServerImpl.java:logAppendEntries(1549)) - s12@group-676CD6864C30: appendEntries* reply s5<-s12#7622:OK-t1,SUCCESS,nextIndex=179,followerCommit=177,matchIndex=178
2024-10-16 23:57:32,593 DEBUG server.RaftServer$Division (RaftServerImpl.java:logAppendEntries(1549)) - s6@group-676CD6864C30: appendEntries* reply s5<-s6#7624:OK-t1,SUCCESS,nextIndex=179,followerCommit=177,matchIndex=178
2024-10-16 23:57:32,594 DEBUG server.RaftServer$Division (RaftServerImpl.java:logAppendEntries(1549)) - s7@group-676CD6864C30: appendEntries* reply s5<-s7#7623:OK-t1,SUCCESS,nextIndex=179,followerCommit=177,matchIndex=178
2024-10-16 23:57:32,594 DEBUG server.RaftServer$Division (RaftServerImpl.java:logAppendEntries(1549)) - s14@group-676CD6864C30: appendEntries* reply s5<-s14#7616:OK-t1,SUCCESS,nextIndex=178,followerCommit=176,matchIndex=177
2024-10-16 23:57:32,593 DEBUG server.RaftServer$Division (RaftServerImpl.java:logAppendEntries(1549)) - s0@group-676CD6864C30: appendEntries* reply s5<-s0#7613:OK-t1,SUCCESS,nextIndex=178,followerCommit=176,matchIndex=177
2024-10-16 23:57:32,593 DEBUG server.RaftServer$Division (RaftServerImpl.java:logAppendEntries(1549)) - s3@group-676CD6864C30: appendEntries* reply s5<-s3#7625:OK-t1,SUCCESS,nextIndex=179,followerCommit=177,matchIndex=178
2024-10-16 23:57:32,594 DEBUG server.RaftServer$Division (RaftServerImpl.java:submitClientRequestAsync(920)) - s5@group-676CD6864C30: receive client request(RaftClientRequest:client-BE1E56DD0B20->s5@group-676CD6864C30, cid=7629, seq=null, RW, Message:01016300)
2024-10-16 23:57:32,594 DEBUG server.RaftServer$Division (LeaderStateImpl.java:addPendingRequest(529)) - s5@group-676CD6864C30-LeaderStateImpl: addPendingRequest at RaftClientRequest:client-BE1E56DD0B20->s5@group-676CD6864C30, cid=7629, seq=null, RW, Message:01016300, entry=(t:1, i:179), STATEMACHINELOGENTRY, WRITE: logData.size=4, stateMachineData.size=0, logEntryProtoSerializedSize=0
2024-10-16 23:57:32,594 DEBUG server.RaftServer$Division (RaftServerImpl.java:logAppendEntries(1549)) - s14@group-676CD6864C30: appendEntries* s5->s14#7632-t1,previous=(t:1, i:177),leaderCommit=177,initializing? false,entries: size=1, first=(t:1, i:178), METADATAENTRY(c:177)
2024-10-16 23:57:32,595 DEBUG server.RaftServer$Division (RaftServerImpl.java:logAppendEntries(1549)) - s14@group-676CD6864C30: appendEntries* reply s5<-s14#7632:OK-t1,SUCCESS,nextIndex=179,followerCommit=177,matchIndex=178
2024-10-16 23:57:32,595 DEBUG server.RaftServer$Division (RaftServerImpl.java:logAppendEntries(1549)) - s0@group-676CD6864C30: appendEntries* s5->s0#7631-t1,previous=(t:1, i:177),leaderCommit=177,initializing? false,entries: size=1, first=(t:1, i:178), METADATAENTRY(c:177)
2024-10-16 23:57:32,595 DEBUG server.RaftServer$Division (RaftServerImpl.java:logAppendEntries(1549)) - s3@group-676CD6864C30: appendEntries* s5->s3#7634-t1,previous=(t:1, i:178),leaderCommit=177,initializing? false,entries: size=1, first=(t:1, i:179), STATEMACHINELOGENTRY, StateMachineLogEntryProto:7629@client-BE1E56DD0B20
2024-10-16 23:57:32,594 DEBUG server.RaftServer$Division (RaftServerImpl.java:logAppendEntries(1549)) - s8@group-676CD6864C30: appendEntries* s5->s8#7628-t1,previous=(t:1, i:177),leaderCommit=177,initializing? false,entries: size=1, first=(t:1, i:178), METADATAENTRY(c:177)
2024-10-16 23:57:32,594 DEBUG server.RaftServer$Division (RaftServerImpl.java:logAppendEntries(1549)) - s13@group-676CD6864C30: appendEntries* reply s5<-s13#7618:OK-t1,SUCCESS,nextIndex=179,followerCommit=177,matchIndex=178
2024-10-16 23:57:32,594 DEBUG server.RaftServer$Division (RaftServerImpl.java:logAppendEntries(1549)) - s2@group-676CD6864C30: appendEntries* reply s5<-s2#7619:OK-t1,SUCCESS,nextIndex=179,followerCommit=177,matchIndex=178
2024-10-16 23:57:32,595 DEBUG server.RaftServer$Division (RaftServerImpl.java:logAppendEntries(1549)) - s3@group-676CD6864C30: appendEntries* reply s5<-s3#7634:OK-t1,SUCCESS,nextIndex=180,followerCommit=177,matchIndex=179
2024-10-16 23:57:32,596 DEBUG server.RaftServer$Division (RaftServerImpl.java:logAppendEntries(1549)) - s14@group-676CD6864C30: appendEntries* s5->s14#7639-t1,previous=(t:1, i:178),leaderCommit=177,initializing? false,entries: size=1, first=(t:1, i:179), STATEMACHINELOGENTRY, StateMachineLogEntryProto:7629@client-BE1E56DD0B20
2024-10-16 23:57:32,595 DEBUG server.RaftServer$Division (RaftServerImpl.java:logAppendEntries(1549)) - s9@group-676CD6864C30: appendEntries* s5->s9#7637-t1,previous=(t:1, i:178),leaderCommit=177,initializing? false,entries: size=1, first=(t:1, i:179), STATEMACHINELOGENTRY, StateMachineLogEntryProto:7629@client-BE1E56DD0B20
2024-10-16 23:57:32,596 DEBUG server.RaftServer$Division (RaftServerImpl.java:logAppendEntries(1549)) - s2@group-676CD6864C30: appendEntries* s5->s2#7641-t1,previous=(t:1, i:178),leaderCommit=177,initializing? false,entries: size=1, first=(t:1, i:179), STATEMACHINELOGENTRY, StateMachineLogEntryProto:7629@client-BE1E56DD0B20
2024-10-16 23:57:32,595 DEBUG server.RaftServer$Division (RaftServerImpl.java:logAppendEntries(1549)) - s11@group-676CD6864C30: appendEntries* s5->s11#7635-t1,previous=(t:1, i:178),leaderCommit=177,initializing? false,entries: size=1, first=(t:1, i:179), STATEMACHINELOGENTRY, StateMachineLogEntryProto:7629@client-BE1E56DD0B20
2024-10-16 23:57:32,595 DEBUG server.RaftServer$Division (RaftServerImpl.java:logAppendEntries(1549)) - s7@group-676CD6864C30: appendEntries* s5->s7#7638-t1,previous=(t:1, i:178),leaderCommit=177,initializing? false,entries: size=1, first=(t:1, i:179), STATEMACHINELOGENTRY, StateMachineLogEntryProto:7629@client-BE1E56DD0B20
2024-10-16 23:57:32,596 DEBUG server.RaftServer$Division (RaftServerImpl.java:logAppendEntries(1549)) - s8@group-676CD6864C30: appendEntries* reply s5<-s8#7628:OK-t1,SUCCESS,nextIndex=179,followerCommit=177,matchIndex=178
2024-10-16 23:57:32,596 DEBUG server.RaftServer$Division (RaftServerImpl.java:logAppendEntries(1549)) - s0@group-676CD6864C30: appendEntries* reply s5<-s0#7631:OK-t1,SUCCESS,nextIndex=179,followerCommit=177,matchIndex=178
2024-10-16 23:57:32,597 DEBUG server.RaftServer$Division (RaftServerImpl.java:logAppendEntries(1549)) - s7@group-676CD6864C30: appendEntries* reply s5<-s7#7638:OK-t1,SUCCESS,nextIndex=180,followerCommit=177,matchIndex=179
2024-10-16 23:57:32,597 DEBUG server.RaftServer$Division (RaftServerImpl.java:logAppendEntries(1549)) - s12@group-676CD6864C30: appendEntries* s5->s12#7642-t1,previous=(t:1, i:178),leaderCommit=177,initializing? false,entries: size=1, first=(t:1, i:179), STATEMACHINELOGENTRY, StateMachineLogEntryProto:7629@client-BE1E56DD0B20
2024-10-16 23:57:32,597 DEBUG server.RaftServer$Division (RaftServerImpl.java:logAppendEntries(1549)) - s8@group-676CD6864C30: appendEntries* s5->s8#7643-t1,previous=(t:1, i:178),leaderCommit=178,initializing? false,entries: size=1, first=(t:1, i:179), STATEMACHINELOGENTRY, StateMachineLogEntryProto:7629@client-BE1E56DD0B20
2024-10-16 23:57:32,597 DEBUG server.RaftServer$Division (RaftServerImpl.java:logAppendEntries(1549)) - s12@group-676CD6864C30: appendEntries* reply s5<-s12#7642:OK-t1,SUCCESS,nextIndex=180,followerCommit=177,matchIndex=179
2024-10-16 23:57:32,597 DEBUG server.RaftServer$Division (RaftServerImpl.java:logAppendEntries(1549)) - s0@group-676CD6864C30: appendEntries* s5->s0#7644-t1,previous=(t:1, i:178),leaderCommit=178,initializing? false,entries: size=1, first=(t:1, i:179), STATEMACHINELOGENTRY, StateMachineLogEntryProto:7629@client-BE1E56DD0B20
2024-10-16 23:57:32,596 DEBUG server.RaftServer$Division (RaftServerImpl.java:logAppendEntries(1549)) - s6@group-676CD6864C30: appendEntries* s5->s6#7633-t1,previous=(t:1, i:178),leaderCommit=177,initializing? false,entries: size=1, first=(t:1, i:179), STATEMACHINELOGENTRY, StateMachineLogEntryProto:7629@client-BE1E56DD0B20
2024-10-16 23:57:32,596 DEBUG server.RaftServer$Division (RaftServerImpl.java:logAppendEntries(1549)) - s9@group-676CD6864C30: appendEntries* reply s5<-s9#7637:OK-t1,SUCCESS,nextIndex=180,followerCommit=177,matchIndex=179
2024-10-16 23:57:32,596 DEBUG server.RaftServer$Division (RaftServerImpl.java:logAppendEntries(1549)) - s14@group-676CD6864C30: appendEntries* reply s5<-s14#7639:OK-t1,SUCCESS,nextIndex=180,followerCommit=177,matchIndex=179
2024-10-16 23:57:32,596 DEBUG server.RaftServer$Division (RaftServerImpl.java:logAppendEntries(1549)) - s13@group-676CD6864C30: appendEntries* s5->s13#7640-t1,previous=(t:1, i:178),leaderCommit=177,initializing? false,entries: size=1, first=(t:1, i:179), STATEMACHINELOGENTRY, StateMachineLogEntryProto:7629@client-BE1E56DD0B20
2024-10-16 23:57:32,596 DEBUG server.RaftServer$Division (RaftServerImpl.java:logAppendEntries(1549)) - s4@group-676CD6864C30: appendEntries* s5->s4#7627-t1,previous=(t:1, i:177),leaderCommit=177,initializing? false,entries: size=1, first=(t:1, i:178), METADATAENTRY(c:177)
2024-10-16 23:57:32,598 DEBUG server.RaftServer$Division (RaftServerImpl.java:logAppendEntries(1549)) - s13@group-676CD6864C30: appendEntries* reply s5<-s13#7640:OK-t1,SUCCESS,nextIndex=180,followerCommit=177,matchIndex=179
2024-10-16 23:57:32,598 DEBUG server.RaftServer$Division (RaftServerImpl.java:logAppendEntries(1549)) - s4@group-676CD6864C30: appendEntries* reply s5<-s4#7627:OK-t1,SUCCESS,nextIndex=179,followerCommit=177,matchIndex=178
2024-10-16 23:57:32,596 DEBUG server.RaftServer$Division (RaftServerImpl.java:logAppendEntries(1549)) - s10@group-676CD6864C30: appendEntries* s5->s10#7630-t1,previous=(t:1, i:177),leaderCommit=177,initializing? false,entries: size=1, first=(t:1, i:178), METADATAENTRY(c:177)
2024-10-16 23:57:32,595 DEBUG server.RaftServer$Division (RaftServerImpl.java:logAppendEntries(1549)) - s1@group-676CD6864C30: appendEntries* s5->s1#7636-t1,previous=(t:1, i:178),leaderCommit=177,initializing? false,entries: size=1, first=(t:1, i:179), STATEMACHINELOGENTRY, StateMachineLogEntryProto:7629@client-BE1E56DD0B20
2024-10-16 23:57:32,598 DEBUG server.RaftServer$Division (RaftServerImpl.java:logAppendEntries(1549)) - s6@group-676CD6864C30: appendEntries* reply s5<-s6#7633:OK-t1,SUCCESS,nextIndex=180,followerCommit=177,matchIndex=179
2024-10-16 23:57:32,598 DEBUG server.RaftServer$Division (RaftServerImpl.java:logAppendEntries(1549)) - s8@group-676CD6864C30: appendEntries* reply s5<-s8#7643:OK-t1,SUCCESS,nextIndex=180,followerCommit=178,matchIndex=179
2024-10-16 23:57:32,598 DEBUG server.RaftServer$Division (RaftServerImpl.java:logAppendEntries(1549)) - s0@group-676CD6864C30: appendEntries* reply s5<-s0#7644:OK-t1,SUCCESS,nextIndex=180,followerCommit=178,matchIndex=179
2024-10-16 23:57:32,596 DEBUG server.RaftServer$Division (RaftServerImpl.java:logAppendEntries(1549)) - s11@group-676CD6864C30: appendEntries* reply s5<-s11#7635:OK-t1,SUCCESS,nextIndex=180,followerCommit=177,matchIndex=179
2024-10-16 23:57:32,596 DEBUG server.RaftServer$Division (RaftServerImpl.java:logAppendEntries(1549)) - s2@group-676CD6864C30: appendEntries* reply s5<-s2#7641:OK-t1,SUCCESS,nextIndex=180,followerCommit=177,matchIndex=179
2024-10-16 23:57:32,599 DEBUG server.RaftServer$Division (RaftServerImpl.java:logAppendEntries(1549)) - s10@group-676CD6864C30: appendEntries* reply s5<-s10#7630:OK-t1,SUCCESS,nextIndex=179,followerCommit=177,matchIndex=178
2024-10-16 23:57:32,599 INFO  statemachine.StateMachine (ArithmeticStateMachine.java:applyTransaction(181)) - LEADER:s5-179: c = null = null
2024-10-16 23:57:32,599 DEBUG server.RaftServer$Division (RaftServerImpl.java:logAppendEntries(1549)) - s7@group-676CD6864C30: appendEntries* s5->s7#7648-t1,previous=(t:1, i:179),leaderCommit=179,initializing? false,entries: size=1, first=(t:1, i:180), METADATAENTRY(c:179)
2024-10-16 23:57:32,600 DEBUG server.RaftServer$Division (RaftServerImpl.java:logAppendEntries(1549)) - s2@group-676CD6864C30: appendEntries* s5->s2#7649-t1,previous=(t:1, i:179),leaderCommit=179,initializing? false,entries: size=1, first=(t:1, i:180), METADATAENTRY(c:179)
2024-10-16 23:57:32,600 DEBUG server.RaftServer$Division (RaftServerImpl.java:logAppendEntries(1549)) - s11@group-676CD6864C30: appendEntries* s5->s11#7653-t1,previous=(t:1, i:179),leaderCommit=179,initializing? false,entries: size=1, first=(t:1, i:180), METADATAENTRY(c:179)
2024-10-16 23:57:32,600 DEBUG server.RaftServer$Division (RaftServerImpl.java:logAppendEntries(1549)) - s14@group-676CD6864C30: appendEntries* s5->s14#7650-t1,previous=(t:1, i:179),leaderCommit=179,initializing? false,entries: size=1, first=(t:1, i:180), METADATAENTRY(c:179)
2024-10-16 23:57:32,600 DEBUG server.RaftServer$Division (RaftServerImpl.java:logAppendEntries(1549)) - s3@group-676CD6864C30: appendEntries* s5->s3#7647-t1,previous=(t:1, i:179),leaderCommit=179,initializing? false,entries: size=1, first=(t:1, i:180), METADATAENTRY(c:179)
2024-10-16 23:57:32,600 DEBUG server.RaftServer$Division (RaftServerImpl.java:logAppendEntries(1549)) - s0@group-676CD6864C30: appendEntries* s5->s0#7646-t1,previous=(t:1, i:179),leaderCommit=179,initializing? false,entries: size=1, first=(t:1, i:180), METADATAENTRY(c:179)
2024-10-16 23:57:32,600 DEBUG server.RaftServer$Division (RaftServerImpl.java:logAppendEntries(1549)) - s7@group-676CD6864C30: appendEntries* reply s5<-s7#7648:OK-t1,SUCCESS,nextIndex=181,followerCommit=179,matchIndex=180
2024-10-16 23:57:32,601 DEBUG server.RaftServer$Division (RaftServerImpl.java:logAppendEntries(1549)) - s0@group-676CD6864C30: appendEntries* reply s5<-s0#7646:OK-t1,SUCCESS,nextIndex=181,followerCommit=179,matchIndex=180
2024-10-16 23:57:32,599 DEBUG server.RaftServer$Division (RaftServerImpl.java:logAppendEntries(1549)) - s4@group-676CD6864C30: appendEntries* s5->s4#7645-t1,previous=(t:1, i:178),leaderCommit=178,initializing? false,entries: size=1, first=(t:1, i:179), STATEMACHINELOGENTRY, StateMachineLogEntryProto:7629@client-BE1E56DD0B20
2024-10-16 23:57:32,601 DEBUG server.RaftServer$Division (RaftServerImpl.java:logAppendEntries(1549)) - s10@group-676CD6864C30: appendEntries* s5->s10#7652-t1,previous=(t:1, i:178),leaderCommit=179,initializing? false,entries: size=2, first=(t:1, i:179), STATEMACHINELOGENTRY, StateMachineLogEntryProto:7629@client-BE1E56DD0B20
2024-10-16 23:57:32,601 DEBUG server.RaftServer$Division (RaftServerImpl.java:logAppendEntries(1549)) - s8@group-676CD6864C30: appendEntries* s5->s8#7657-t1,previous=(t:1, i:179),leaderCommit=179,initializing? false,entries: size=1, first=(t:1, i:180), METADATAENTRY(c:179)
2024-10-16 23:57:32,602 DEBUG server.RaftServer$Division (RaftServerImpl.java:logAppendEntries(1549)) - s8@group-676CD6864C30: appendEntries* reply s5<-s8#7657:OK-t1,SUCCESS,nextIndex=181,followerCommit=179,matchIndex=180
2024-10-16 23:57:32,602 DEBUG server.RaftServer$Division (RaftServerImpl.java:logAppendEntries(1549)) - s10@group-676CD6864C30: appendEntries* reply s5<-s10#7652:OK-t1,SUCCESS,nextIndex=181,followerCommit=179,matchIndex=180
2024-10-16 23:57:32,601 DEBUG server.RaftServer$Division (RaftServerImpl.java:logAppendEntries(1549)) - s12@group-676CD6864C30: appendEntries* s5->s12#7656-t1,previous=(t:1, i:179),leaderCommit=179,initializing? false,entries: size=1, first=(t:1, i:180), METADATAENTRY(c:179)
2024-10-16 23:57:32,600 DEBUG server.RaftServer$Division (RaftServerImpl.java:logAppendEntries(1549)) - s11@group-676CD6864C30: appendEntries* reply s5<-s11#7653:OK-t1,SUCCESS,nextIndex=181,followerCommit=179,matchIndex=180
2024-10-16 23:57:32,600 DEBUG server.RaftServer$Division (RaftServerImpl.java:logAppendEntries(1549)) - s3@group-676CD6864C30: appendEntries* reply s5<-s3#7647:OK-t1,SUCCESS,nextIndex=181,followerCommit=179,matchIndex=180
2024-10-16 23:57:32,600 DEBUG server.RaftServer$Division (RaftServerImpl.java:logAppendEntries(1549)) - s2@group-676CD6864C30: appendEntries* reply s5<-s2#7649:OK-t1,SUCCESS,nextIndex=181,followerCommit=179,matchIndex=180
2024-10-16 23:57:32,600 DEBUG server.RaftServer$Division (RaftServerImpl.java:submitClientRequestAsync(920)) - s5@group-676CD6864C30: receive client request(RaftClientRequest:client-BE1E56DD0B20->s5@group-676CD6864C30, cid=7655, seq=null, RW, Message:01016102405bc0000000...(size=12))
2024-10-16 23:57:32,600 DEBUG server.RaftServer$Division (RaftServerImpl.java:logAppendEntries(1549)) - s14@group-676CD6864C30: appendEntries* reply s5<-s14#7650:OK-t1,SUCCESS,nextIndex=181,followerCommit=179,matchIndex=180
2024-10-16 23:57:32,605 DEBUG server.RaftServer$Division (LeaderStateImpl.java:addPendingRequest(529)) - s5@group-676CD6864C30-LeaderStateImpl: addPendingRequest at RaftClientRequest:client-BE1E56DD0B20->s5@group-676CD6864C30, cid=7655, seq=null, RW, Message:01016102405bc0000000...(size=12), entry=(t:1, i:181), STATEMACHINELOGENTRY, WRITE: logData.size=12, stateMachineData.size=0, logEntryProtoSerializedSize=0
2024-10-16 23:57:32,600 DEBUG server.RaftServer$Division (RaftServerImpl.java:logAppendEntries(1549)) - s1@group-676CD6864C30: appendEntries* reply s5<-s1#7636:OK-t1,SUCCESS,nextIndex=180,followerCommit=177,matchIndex=179
2024-10-16 23:57:32,600 DEBUG server.RaftServer$Division (RaftServerImpl.java:logAppendEntries(1549)) - s9@group-676CD6864C30: appendEntries* s5->s9#7654-t1,previous=(t:1, i:179),leaderCommit=179,initializing? false,entries: size=1, first=(t:1, i:180), METADATAENTRY(c:179)
2024-10-16 23:57:32,600 DEBUG server.RaftServer$Division (RaftServerImpl.java:logAppendEntries(1549)) - s13@group-676CD6864C30: appendEntries* s5->s13#7651-t1,previous=(t:1, i:179),leaderCommit=179,initializing? false,entries: size=1, first=(t:1, i:180), METADATAENTRY(c:179)
2024-10-16 23:57:32,606 DEBUG server.RaftServer$Division (RaftServerImpl.java:logAppendEntries(1549)) - s2@group-676CD6864C30: appendEntries* s5->s2#7665-t1,previous=(t:1, i:180),leaderCommit=180,initializing? false,entries: size=1, first=(t:1, i:181), STATEMACHINELOGENTRY, StateMachineLogEntryProto:7655@client-BE1E56DD0B20
2024-10-16 23:57:32,606 DEBUG server.RaftServer$Division (RaftServerImpl.java:logAppendEntries(1549)) - s3@group-676CD6864C30: appendEntries* s5->s3#7664-t1,previous=(t:1, i:180),leaderCommit=180,initializing? false,entries: size=1, first=(t:1, i:181), STATEMACHINELOGENTRY, StateMachineLogEntryProto:7655@client-BE1E56DD0B20
2024-10-16 23:57:32,601 DEBUG server.RaftServer$Division (RaftServerImpl.java:logAppendEntries(1549)) - s4@group-676CD6864C30: appendEntries* reply s5<-s4#7645:OK-t1,SUCCESS,nextIndex=180,followerCommit=178,matchIndex=179
2024-10-16 23:57:32,606 DEBUG server.RaftServer$Division (RaftServerImpl.java:logAppendEntries(1549)) - s7@group-676CD6864C30: appendEntries* s5->s7#7659-t1,previous=(t:1, i:180),leaderCommit=179,initializing? false,entries: size=1, first=(t:1, i:181), STATEMACHINELOGENTRY, StateMachineLogEntryProto:7655@client-BE1E56DD0B20
2024-10-16 23:57:32,606 DEBUG server.RaftServer$Division (RaftServerImpl.java:logAppendEntries(1549)) - s0@group-676CD6864C30: appendEntries* s5->s0#7663-t1,previous=(t:1, i:180),leaderCommit=179,initializing? false,entries: size=1, first=(t:1, i:181), STATEMACHINELOGENTRY, StateMachineLogEntryProto:7655@client-BE1E56DD0B20
2024-10-16 23:57:32,606 DEBUG server.RaftServer$Division (RaftServerImpl.java:logAppendEntries(1549)) - s3@group-676CD6864C30: appendEntries* reply s5<-s3#7664:OK-t1,SUCCESS,nextIndex=182,followerCommit=180,matchIndex=181
2024-10-16 23:57:32,607 DEBUG server.RaftServer$Division (RaftServerImpl.java:logAppendEntries(1549)) - s7@group-676CD6864C30: appendEntries* reply s5<-s7#7659:OK-t1,SUCCESS,nextIndex=182,followerCommit=179,matchIndex=181
2024-10-16 23:57:32,601 DEBUG server.RaftServer$Division (RaftServerImpl.java:logAppendEntries(1549)) - s6@group-676CD6864C30: appendEntries* s5->s6#7658-t1,previous=(t:1, i:179),leaderCommit=179,initializing? false,entries: size=1, first=(t:1, i:180), METADATAENTRY(c:179)
2024-10-16 23:57:32,607 DEBUG server.RaftServer$Division (RaftServerImpl.java:logAppendEntries(1549)) - s0@group-676CD6864C30: appendEntries* reply s5<-s0#7663:OK-t1,SUCCESS,nextIndex=182,followerCommit=179,matchIndex=181
2024-10-16 23:57:32,606 DEBUG server.RaftServer$Division (RaftServerImpl.java:logAppendEntries(1549)) - s9@group-676CD6864C30: appendEntries* reply s5<-s9#7654:OK-t1,SUCCESS,nextIndex=181,followerCommit=179,matchIndex=180
2024-10-16 23:57:32,606 DEBUG server.RaftServer$Division (RaftServerImpl.java:logAppendEntries(1549)) - s2@group-676CD6864C30: appendEntries* reply s5<-s2#7665:OK-t1,SUCCESS,nextIndex=182,followerCommit=180,matchIndex=181
2024-10-16 23:57:32,606 DEBUG server.RaftServer$Division (RaftServerImpl.java:logAppendEntries(1549)) - s13@group-676CD6864C30: appendEntries* reply s5<-s13#7651:OK-t1,SUCCESS,nextIndex=181,followerCommit=179,matchIndex=180
2024-10-16 23:57:32,606 DEBUG server.RaftServer$Division (RaftServerImpl.java:logAppendEntries(1549)) - s1@group-676CD6864C30: appendEntries* s5->s1#7666-t1,previous=(t:1, i:179),leaderCommit=180,initializing? false,entries: size=2, first=(t:1, i:180), METADATAENTRY(c:179)
2024-10-16 23:57:32,606 DEBUG server.RaftServer$Division (RaftServerImpl.java:logAppendEntries(1549)) - s12@group-676CD6864C30: appendEntries* reply s5<-s12#7656:OK-t1,SUCCESS,nextIndex=181,followerCommit=179,matchIndex=180
2024-10-16 23:57:32,606 DEBUG server.RaftServer$Division (RaftServerImpl.java:logAppendEntries(1549)) - s14@group-676CD6864C30: appendEntries* s5->s14#7660-t1,previous=(t:1, i:180),leaderCommit=179,initializing? false,entries: size=1, first=(t:1, i:181), STATEMACHINELOGENTRY, StateMachineLogEntryProto:7655@client-BE1E56DD0B20
2024-10-16 23:57:32,606 DEBUG server.RaftServer$Division (RaftServerImpl.java:logAppendEntries(1549)) - s11@group-676CD6864C30: appendEntries* s5->s11#7662-t1,previous=(t:1, i:180),leaderCommit=179,initializing? false,entries: size=1, first=(t:1, i:181), STATEMACHINELOGENTRY, StateMachineLogEntryProto:7655@client-BE1E56DD0B20
2024-10-16 23:57:32,608 DEBUG server.RaftServer$Division (RaftServerImpl.java:logAppendEntries(1549)) - s9@group-676CD6864C30: appendEntries* s5->s9#7669-t1,previous=(t:1, i:180),leaderCommit=180,initializing? false,entries: size=1, first=(t:1, i:181), STATEMACHINELOGENTRY, StateMachineLogEntryProto:7655@client-BE1E56DD0B20
2024-10-16 23:57:32,608 DEBUG server.RaftServer$Division (RaftServerImpl.java:logAppendEntries(1549)) - s11@group-676CD6864C30: appendEntries* reply s5<-s11#7662:OK-t1,SUCCESS,nextIndex=182,followerCommit=179,matchIndex=181
2024-10-16 23:57:32,608 DEBUG server.RaftServer$Division (RaftServerImpl.java:logAppendEntries(1549)) - s9@group-676CD6864C30: appendEntries* reply s5<-s9#7669:OK-t1,SUCCESS,nextIndex=182,followerCommit=180,matchIndex=181
2024-10-16 23:57:32,607 DEBUG server.RaftServer$Division (RaftServerImpl.java:logAppendEntries(1549)) - s4@group-676CD6864C30: appendEntries* s5->s4#7668-t1,previous=(t:1, i:179),leaderCommit=180,initializing? false,entries: size=2, first=(t:1, i:180), METADATAENTRY(c:179)
2024-10-16 23:57:32,607 DEBUG server.RaftServer$Division (RaftServerImpl.java:logAppendEntries(1549)) - s8@group-676CD6864C30: appendEntries* s5->s8#7667-t1,previous=(t:1, i:180),leaderCommit=180,initializing? false,entries: size=1, first=(t:1, i:181), STATEMACHINELOGENTRY, StateMachineLogEntryProto:7655@client-BE1E56DD0B20
2024-10-16 23:57:32,608 DEBUG server.RaftServer$Division (RaftServerImpl.java:logAppendEntries(1549)) - s10@group-676CD6864C30: appendEntries* s5->s10#7661-t1,previous=(t:1, i:180),leaderCommit=179,initializing? false,entries: size=1, first=(t:1, i:181), STATEMACHINELOGENTRY, StateMachineLogEntryProto:7655@client-BE1E56DD0B20
2024-10-16 23:57:32,608 DEBUG server.RaftServer$Division (RaftServerImpl.java:logAppendEntries(1549)) - s1@group-676CD6864C30: appendEntries* reply s5<-s1#7666:OK-t1,SUCCESS,nextIndex=182,followerCommit=180,matchIndex=181
2024-10-16 23:57:32,608 DEBUG server.RaftServer$Division (RaftServerImpl.java:logAppendEntries(1549)) - s14@group-676CD6864C30: appendEntries* reply s5<-s14#7660:OK-t1,SUCCESS,nextIndex=182,followerCommit=179,matchIndex=181
2024-10-16 23:57:32,608 DEBUG server.RaftServer$Division (RaftServerImpl.java:logAppendEntries(1549)) - s13@group-676CD6864C30: appendEntries* s5->s13#7670-t1,previous=(t:1, i:180),leaderCommit=180,initializing? false,entries: size=1, first=(t:1, i:181), STATEMACHINELOGENTRY, StateMachineLogEntryProto:7655@client-BE1E56DD0B20
2024-10-16 23:57:32,609 DEBUG server.RaftServer$Division (RaftServerImpl.java:logAppendEntries(1549)) - s4@group-676CD6864C30: appendEntries* reply s5<-s4#7668:OK-t1,SUCCESS,nextIndex=182,followerCommit=180,matchIndex=181
2024-10-16 23:57:32,609 DEBUG server.RaftServer$Division (RaftServerImpl.java:logAppendEntries(1549)) - s8@group-676CD6864C30: appendEntries* reply s5<-s8#7667:OK-t1,SUCCESS,nextIndex=182,followerCommit=180,matchIndex=181
2024-10-16 23:57:32,609 DEBUG server.RaftServer$Division (RaftServerImpl.java:logAppendEntries(1549)) - s11@group-676CD6864C30: appendEntries* s5->s11#7672-t1,previous=(t:1, i:181),leaderCommit=181,initializing? false,entries: size=1, first=(t:1, i:182), METADATAENTRY(c:181)
2024-10-16 23:57:32,609 DEBUG server.RaftServer$Division (RaftServerImpl.java:logAppendEntries(1549)) - s14@group-676CD6864C30: appendEntries* s5->s14#7676-t1,previous=(t:1, i:181),leaderCommit=181,initializing? false,entries: size=1, first=(t:1, i:182), METADATAENTRY(c:181)
2024-10-16 23:57:32,610 DEBUG server.RaftServer$Division (RaftServerImpl.java:logAppendEntries(1549)) - s2@group-676CD6864C30: appendEntries* s5->s2#7673-t1,previous=(t:1, i:181),leaderCommit=181,initializing? false,entries: size=1, first=(t:1, i:182), METADATAENTRY(c:181)
2024-10-16 23:57:32,610 DEBUG server.RaftServer$Division (RaftServerImpl.java:logAppendEntries(1549)) - s1@group-676CD6864C30: appendEntries* s5->s1#7678-t1,previous=(t:1, i:181),leaderCommit=181,initializing? false,entries: size=1, first=(t:1, i:182), METADATAENTRY(c:181)
2024-10-16 23:57:32,610 DEBUG server.RaftServer$Division (RaftServerImpl.java:logAppendEntries(1549)) - s14@group-676CD6864C30: appendEntries* reply s5<-s14#7676:OK-t1,SUCCESS,nextIndex=183,followerCommit=181,matchIndex=182
2024-10-16 23:57:32,610 DEBUG server.RaftServer$Division (RaftServerImpl.java:logAppendEntries(1549)) - s2@group-676CD6864C30: appendEntries* reply s5<-s2#7673:OK-t1,SUCCESS,nextIndex=183,followerCommit=181,matchIndex=182
2024-10-16 23:57:32,608 DEBUG server.RaftServer$Division (RaftServerImpl.java:logAppendEntries(1549)) - s12@group-676CD6864C30: appendEntries* s5->s12#7671-t1,previous=(t:1, i:180),leaderCommit=180,initializing? false,entries: size=1, first=(t:1, i:181), STATEMACHINELOGENTRY, StateMachineLogEntryProto:7655@client-BE1E56DD0B20
2024-10-16 23:57:32,610 DEBUG server.RaftServer$Division (RaftServerImpl.java:logAppendEntries(1549)) - s1@group-676CD6864C30: appendEntries* reply s5<-s1#7678:OK-t1,SUCCESS,nextIndex=183,followerCommit=181,matchIndex=182
2024-10-16 23:57:32,610 DEBUG server.RaftServer$Division (RaftServerImpl.java:logAppendEntries(1549)) - s4@group-676CD6864C30: appendEntries* s5->s4#7674-t1,previous=(t:1, i:181),leaderCommit=181,initializing? false,entries: size=1, first=(t:1, i:182), METADATAENTRY(c:181)
2024-10-16 23:57:32,610 DEBUG server.RaftServer$Division (RaftServerImpl.java:logAppendEntries(1549)) - s11@group-676CD6864C30: appendEntries* reply s5<-s11#7672:OK-t1,SUCCESS,nextIndex=183,followerCommit=181,matchIndex=182
2024-10-16 23:57:32,610 DEBUG server.RaftServer$Division (RaftServerImpl.java:logAppendEntries(1549)) - s9@group-676CD6864C30: appendEntries* s5->s9#7680-t1,previous=(t:1, i:181),leaderCommit=181,initializing? false,entries: size=1, first=(t:1, i:182), METADATAENTRY(c:181)
2024-10-16 23:57:32,610 DEBUG server.RaftServer$Division (RaftServerImpl.java:logAppendEntries(1549)) - s7@group-676CD6864C30: appendEntries* s5->s7#7679-t1,previous=(t:1, i:181),leaderCommit=181,initializing? false,entries: size=1, first=(t:1, i:182), METADATAENTRY(c:181)
2024-10-16 23:57:32,609 DEBUG server.RaftServer$Division (RaftServerImpl.java:logAppendEntries(1549)) - s3@group-676CD6864C30: appendEntries* s5->s3#7675-t1,previous=(t:1, i:181),leaderCommit=181,initializing? false,entries: size=1, first=(t:1, i:182), METADATAENTRY(c:181)
2024-10-16 23:57:32,609 DEBUG server.RaftServer$Division (RaftServerImpl.java:logAppendEntries(1549)) - s6@group-676CD6864C30: appendEntries* reply s5<-s6#7658:OK-t1,SUCCESS,nextIndex=181,followerCommit=179,matchIndex=180
2024-10-16 23:57:32,612 DEBUG server.RaftServer$Division (RaftServerImpl.java:logAppendEntries(1549)) - s7@group-676CD6864C30: appendEntries* reply s5<-s7#7679:OK-t1,SUCCESS,nextIndex=183,followerCommit=181,matchIndex=182
2024-10-16 23:57:32,609 DEBUG server.RaftServer$Division (RaftServerImpl.java:logAppendEntries(1549)) - s13@group-676CD6864C30: appendEntries* reply s5<-s13#7670:OK-t1,SUCCESS,nextIndex=182,followerCommit=180,matchIndex=181
2024-10-16 23:57:32,612 DEBUG server.RaftServer$Division (RaftServerImpl.java:logAppendEntries(1549)) - s3@group-676CD6864C30: appendEntries* reply s5<-s3#7675:OK-t1,SUCCESS,nextIndex=183,followerCommit=181,matchIndex=182
2024-10-16 23:57:32,609 INFO  statemachine.StateMachine (ArithmeticStateMachine.java:applyTransaction(181)) - LEADER:s5-181: a = 111 = 111
2024-10-16 23:57:32,612 DEBUG server.RaftServer$Division (RaftServerImpl.java:logAppendEntries(1549)) - s9@group-676CD6864C30: appendEntries* reply s5<-s9#7680:OK-t1,SUCCESS,nextIndex=183,followerCommit=181,matchIndex=182
2024-10-16 23:57:32,612 DEBUG server.RaftServer$Division (RaftServerImpl.java:logAppendEntries(1549)) - s4@group-676CD6864C30: appendEntries* reply s5<-s4#7674:OK-t1,SUCCESS,nextIndex=183,followerCommit=181,matchIndex=182
2024-10-16 23:57:32,611 DEBUG server.RaftServer$Division (RaftServerImpl.java:logAppendEntries(1549)) - s10@group-676CD6864C30: appendEntries* reply s5<-s10#7661:OK-t1,SUCCESS,nextIndex=182,followerCommit=179,matchIndex=181
2024-10-16 23:57:32,613 DEBUG server.RaftServer$Division (RaftServerImpl.java:submitClientRequestAsync(920)) - s5@group-676CD6864C30: receive client request(RaftClientRequest:client-BE1E56DD0B20->s5@group-676CD6864C30, cid=7683, seq=null, RW, Message:0101620240b810000000...(size=12))
2024-10-16 23:57:32,613 DEBUG server.RaftServer$Division (LeaderStateImpl.java:addPendingRequest(529)) - s5@group-676CD6864C30-LeaderStateImpl: addPendingRequest at RaftClientRequest:client-BE1E56DD0B20->s5@group-676CD6864C30, cid=7683, seq=null, RW, Message:0101620240b810000000...(size=12), entry=(t:1, i:183), STATEMACHINELOGENTRY, WRITE: logData.size=12, stateMachineData.size=0, logEntryProtoSerializedSize=0
2024-10-16 23:57:32,613 DEBUG server.RaftServer$Division (RaftServerImpl.java:logAppendEntries(1549)) - s11@group-676CD6864C30: appendEntries* s5->s11#7685-t1,previous=(t:1, i:182),leaderCommit=182,initializing? false,entries: size=1, first=(t:1, i:183), STATEMACHINELOGENTRY, StateMachineLogEntryProto:7683@client-BE1E56DD0B20
2024-10-16 23:57:32,614 DEBUG server.RaftServer$Division (RaftServerImpl.java:logAppendEntries(1549)) - s14@group-676CD6864C30: appendEntries* s5->s14#7687-t1,previous=(t:1, i:182),leaderCommit=182,initializing? false,entries: size=1, first=(t:1, i:183), STATEMACHINELOGENTRY, StateMachineLogEntryProto:7683@client-BE1E56DD0B20
2024-10-16 23:57:32,610 DEBUG server.RaftServer$Division (RaftServerImpl.java:logAppendEntries(1549)) - s8@group-676CD6864C30: appendEntries* s5->s8#7681-t1,previous=(t:1, i:181),leaderCommit=181,initializing? false,entries: size=1, first=(t:1, i:182), METADATAENTRY(c:181)
2024-10-16 23:57:32,610 DEBUG server.RaftServer$Division (RaftServerImpl.java:logAppendEntries(1549)) - s12@group-676CD6864C30: appendEntries* reply s5<-s12#7671:OK-t1,SUCCESS,nextIndex=182,followerCommit=180,matchIndex=181
2024-10-16 23:57:32,614 DEBUG server.RaftServer$Division (RaftServerImpl.java:logAppendEntries(1549)) - s2@group-676CD6864C30: appendEntries* s5->s2#7689-t1,previous=(t:1, i:182),leaderCommit=182,initializing? false,entries: size=1, first=(t:1, i:183), STATEMACHINELOGENTRY, StateMachineLogEntryProto:7683@client-BE1E56DD0B20
2024-10-16 23:57:32,614 DEBUG server.RaftServer$Division (RaftServerImpl.java:logAppendEntries(1549)) - s11@group-676CD6864C30: appendEntries* reply s5<-s11#7685:OK-t1,SUCCESS,nextIndex=184,followerCommit=182,matchIndex=183
2024-10-16 23:57:32,614 DEBUG server.RaftServer$Division (RaftServerImpl.java:logAppendEntries(1549)) - s4@group-676CD6864C30: appendEntries* s5->s4#7690-t1,previous=(t:1, i:182),leaderCommit=182,initializing? false,entries: size=1, first=(t:1, i:183), STATEMACHINELOGENTRY, StateMachineLogEntryProto:7683@client-BE1E56DD0B20
2024-10-16 23:57:32,615 DEBUG server.RaftServer$Division (RaftServerImpl.java:logAppendEntries(1549)) - s2@group-676CD6864C30: appendEntries* reply s5<-s2#7689:OK-t1,SUCCESS,nextIndex=184,followerCommit=182,matchIndex=183
2024-10-16 23:57:32,615 DEBUG server.RaftServer$Division (RaftServerImpl.java:logAppendEntries(1549)) - s12@group-676CD6864C30: appendEntries* s5->s12#7693-t1,previous=(t:1, i:181),leaderCommit=182,initializing? false,entries: size=2, first=(t:1, i:182), METADATAENTRY(c:181)
2024-10-16 23:57:32,615 DEBUG server.RaftServer$Division (RaftServerImpl.java:logAppendEntries(1549)) - s10@group-676CD6864C30: appendEntries* s5->s10#7694-t1,previous=(t:1, i:181),leaderCommit=182,initializing? false,entries: size=2, first=(t:1, i:182), METADATAENTRY(c:181)
2024-10-16 23:57:32,615 DEBUG server.RaftServer$Division (RaftServerImpl.java:logAppendEntries(1549)) - s12@group-676CD6864C30: appendEntries* reply s5<-s12#7693:OK-t1,SUCCESS,nextIndex=184,followerCommit=182,matchIndex=183
2024-10-16 23:57:32,610 DEBUG server.RaftServer$Division (RaftServerImpl.java:logAppendEntries(1549)) - s0@group-676CD6864C30: appendEntries* s5->s0#7677-t1,previous=(t:1, i:181),leaderCommit=181,initializing? false,entries: size=1, first=(t:1, i:182), METADATAENTRY(c:181)
2024-10-16 23:57:32,615 DEBUG server.RaftServer$Division (RaftServerImpl.java:logAppendEntries(1549)) - s4@group-676CD6864C30: appendEntries* reply s5<-s4#7690:OK-t1,SUCCESS,nextIndex=184,followerCommit=182,matchIndex=183
2024-10-16 23:57:32,614 DEBUG server.RaftServer$Division (RaftServerImpl.java:logAppendEntries(1549)) - s8@group-676CD6864C30: appendEntries* reply s5<-s8#7681:OK-t1,SUCCESS,nextIndex=183,followerCommit=181,matchIndex=182
2024-10-16 23:57:32,615 DEBUG server.RaftServer$Division (RaftServerImpl.java:logAppendEntries(1549)) - s10@group-676CD6864C30: appendEntries* reply s5<-s10#7694:OK-t1,SUCCESS,nextIndex=184,followerCommit=182,matchIndex=183
2024-10-16 23:57:32,614 DEBUG server.RaftServer$Division (RaftServerImpl.java:logAppendEntries(1549)) - s1@group-676CD6864C30: appendEntries* s5->s1#7691-t1,previous=(t:1, i:182),leaderCommit=182,initializing? false,entries: size=1, first=(t:1, i:183), STATEMACHINELOGENTRY, StateMachineLogEntryProto:7683@client-BE1E56DD0B20
2024-10-16 23:57:32,614 DEBUG server.RaftServer$Division (RaftServerImpl.java:logAppendEntries(1549)) - s6@group-676CD6864C30: appendEntries* s5->s6#7682-t1,previous=(t:1, i:180),leaderCommit=181,initializing? false,entries: size=2, first=(t:1, i:181), STATEMACHINELOGENTRY, StateMachineLogEntryProto:7655@client-BE1E56DD0B20
2024-10-16 23:57:32,614 DEBUG server.RaftServer$Division (RaftServerImpl.java:logAppendEntries(1549)) - s14@group-676CD6864C30: appendEntries* reply s5<-s14#7687:OK-t1,SUCCESS,nextIndex=184,followerCommit=182,matchIndex=183
2024-10-16 23:57:32,614 DEBUG server.RaftServer$Division (RaftServerImpl.java:logAppendEntries(1549)) - s3@group-676CD6864C30: appendEntries* s5->s3#7692-t1,previous=(t:1, i:182),leaderCommit=182,initializing? false,entries: size=1, first=(t:1, i:183), STATEMACHINELOGENTRY, StateMachineLogEntryProto:7683@client-BE1E56DD0B20
2024-10-16 23:57:32,616 DEBUG server.RaftServer$Division (RaftServerImpl.java:logAppendEntries(1549)) - s1@group-676CD6864C30: appendEntries* reply s5<-s1#7691:OK-t1,SUCCESS,nextIndex=184,followerCommit=182,matchIndex=183
2024-10-16 23:57:32,616 DEBUG server.RaftServer$Division (RaftServerImpl.java:logAppendEntries(1549)) - s3@group-676CD6864C30: appendEntries* reply s5<-s3#7692:OK-t1,SUCCESS,nextIndex=184,followerCommit=182,matchIndex=183
2024-10-16 23:57:32,616 INFO  statemachine.StateMachine (ArithmeticStateMachine.java:applyTransaction(181)) - LEADER:s5-183: b = 6160 = 6160
2024-10-16 23:57:32,614 DEBUG server.RaftServer$Division (RaftServerImpl.java:logAppendEntries(1549)) - s9@group-676CD6864C30: appendEntries* s5->s9#7686-t1,previous=(t:1, i:182),leaderCommit=182,initializing? false,entries: size=1, first=(t:1, i:183), STATEMACHINELOGENTRY, StateMachineLogEntryProto:7683@client-BE1E56DD0B20
2024-10-16 23:57:32,614 DEBUG server.RaftServer$Division (RaftServerImpl.java:logAppendEntries(1549)) - s7@group-676CD6864C30: appendEntries* s5->s7#7688-t1,previous=(t:1, i:182),leaderCommit=182,initializing? false,entries: size=1, first=(t:1, i:183), STATEMACHINELOGENTRY, StateMachineLogEntryProto:7683@client-BE1E56DD0B20
2024-10-16 23:57:32,617 DEBUG server.RaftServer$Division (RaftServerImpl.java:logAppendEntries(1549)) - s14@group-676CD6864C30: appendEntries* s5->s14#7704-t1,previous=(t:1, i:183),leaderCommit=183,initializing? false,entries: size=1, first=(t:1, i:184), METADATAENTRY(c:183)
2024-10-16 23:57:32,617 DEBUG server.RaftServer$Division (RaftServerImpl.java:logAppendEntries(1549)) - s7@group-676CD6864C30: appendEntries* reply s5<-s7#7688:OK-t1,SUCCESS,nextIndex=184,followerCommit=182,matchIndex=183
2024-10-16 23:57:32,613 DEBUG server.RaftServer$Division (RaftServerImpl.java:logAppendEntries(1549)) - s13@group-676CD6864C30: appendEntries* s5->s13#7684-t1,previous=(t:1, i:181),leaderCommit=181,initializing? false,entries: size=1, first=(t:1, i:182), METADATAENTRY(c:181)
2024-10-16 23:57:32,617 DEBUG server.RaftServer$Division (RaftServerImpl.java:logAppendEntries(1549)) - s9@group-676CD6864C30: appendEntries* reply s5<-s9#7686:OK-t1,SUCCESS,nextIndex=184,followerCommit=182,matchIndex=183
2024-10-16 23:57:32,618 DEBUG server.RaftServer$Division (RaftServerImpl.java:logAppendEntries(1549)) - s14@group-676CD6864C30: appendEntries* reply s5<-s14#7704:OK-t1,SUCCESS,nextIndex=185,followerCommit=183,matchIndex=184
2024-10-16 23:57:32,617 DEBUG server.RaftServer$Division (RaftServerImpl.java:logAppendEntries(1549)) - s4@group-676CD6864C30: appendEntries* s5->s4#7698-t1,previous=(t:1, i:183),leaderCommit=183,initializing? false,entries: size=1, first=(t:1, i:184), METADATAENTRY(c:183)
2024-10-16 23:57:32,618 DEBUG server.RaftServer$Division (RaftServerImpl.java:logAppendEntries(1549)) - s10@group-676CD6864C30: appendEntries* s5->s10#7700-t1,previous=(t:1, i:183),leaderCommit=183,initializing? false,entries: size=1, first=(t:1, i:184), METADATAENTRY(c:183)
2024-10-16 23:57:32,617 DEBUG server.RaftServer$Division (RaftServerImpl.java:logAppendEntries(1549)) - s2@group-676CD6864C30: appendEntries* s5->s2#7696-t1,previous=(t:1, i:183),leaderCommit=183,initializing? false,entries: size=1, first=(t:1, i:184), METADATAENTRY(c:183)
2024-10-16 23:57:32,617 DEBUG server.RaftServer$Division (RaftServerImpl.java:logAppendEntries(1549)) - s11@group-676CD6864C30: appendEntries* s5->s11#7701-t1,previous=(t:1, i:183),leaderCommit=183,initializing? false,entries: size=1, first=(t:1, i:184), METADATAENTRY(c:183)
2024-10-16 23:57:32,617 DEBUG server.RaftServer$Division (RaftServerImpl.java:logAppendEntries(1549)) - s3@group-676CD6864C30: appendEntries* s5->s3#7697-t1,previous=(t:1, i:183),leaderCommit=183,initializing? false,entries: size=1, first=(t:1, i:184), METADATAENTRY(c:183)
2024-10-16 23:57:32,619 DEBUG server.RaftServer$Division (RaftServerImpl.java:logAppendEntries(1549)) - s10@group-676CD6864C30: appendEntries* reply s5<-s10#7700:OK-t1,SUCCESS,nextIndex=185,followerCommit=183,matchIndex=184
2024-10-16 23:57:32,617 DEBUG server.RaftServer$Division (RaftServerImpl.java:submitClientRequestAsync(920)) - s5@group-676CD6864C30: receive client request(RaftClientRequest:client-BE1E56DD0B20->s5@group-676CD6864C30, cid=7703, seq=null, RW, Message:01016304010300040201...(size=17))
2024-10-16 23:57:32,619 DEBUG server.RaftServer$Division (LeaderStateImpl.java:addPendingRequest(529)) - s5@group-676CD6864C30-LeaderStateImpl: addPendingRequest at RaftClientRequest:client-BE1E56DD0B20->s5@group-676CD6864C30, cid=7703, seq=null, RW, Message:01016304010300040201...(size=17), entry=(t:1, i:185), STATEMACHINELOGENTRY, WRITE: logData.size=17, stateMachineData.size=0, logEntryProtoSerializedSize=0
2024-10-16 23:57:32,617 DEBUG server.RaftServer$Division (RaftServerImpl.java:logAppendEntries(1549)) - s8@group-676CD6864C30: appendEntries* s5->s8#7695-t1,previous=(t:1, i:182),leaderCommit=182,initializing? false,entries: size=1, first=(t:1, i:183), STATEMACHINELOGENTRY, StateMachineLogEntryProto:7683@client-BE1E56DD0B20
2024-10-16 23:57:32,617 DEBUG server.RaftServer$Division (RaftServerImpl.java:logAppendEntries(1549)) - s1@group-676CD6864C30: appendEntries* s5->s1#7699-t1,previous=(t:1, i:183),leaderCommit=183,initializing? false,entries: size=1, first=(t:1, i:184), METADATAENTRY(c:183)
2024-10-16 23:57:32,616 DEBUG server.RaftServer$Division (RaftServerImpl.java:logAppendEntries(1549)) - s0@group-676CD6864C30: appendEntries* reply s5<-s0#7677:OK-t1,SUCCESS,nextIndex=183,followerCommit=181,matchIndex=182
2024-10-16 23:57:32,619 DEBUG server.RaftServer$Division (RaftServerImpl.java:logAppendEntries(1549)) - s14@group-676CD6864C30: appendEntries* s5->s14#7708-t1,previous=(t:1, i:184),leaderCommit=183,initializing? false,entries: size=1, first=(t:1, i:185), STATEMACHINELOGENTRY, StateMachineLogEntryProto:7703@client-BE1E56DD0B20
2024-10-16 23:57:32,619 DEBUG server.RaftServer$Division (RaftServerImpl.java:logAppendEntries(1549)) - s2@group-676CD6864C30: appendEntries* reply s5<-s2#7696:OK-t1,SUCCESS,nextIndex=185,followerCommit=183,matchIndex=184
2024-10-16 23:57:32,619 DEBUG server.RaftServer$Division (RaftServerImpl.java:logAppendEntries(1549)) - s11@group-676CD6864C30: appendEntries* reply s5<-s11#7701:OK-t1,SUCCESS,nextIndex=185,followerCommit=183,matchIndex=184
2024-10-16 23:57:32,620 DEBUG server.RaftServer$Division (RaftServerImpl.java:logAppendEntries(1549)) - s1@group-676CD6864C30: appendEntries* reply s5<-s1#7699:OK-t1,SUCCESS,nextIndex=185,followerCommit=183,matchIndex=184
2024-10-16 23:57:32,620 DEBUG server.RaftServer$Division (RaftServerImpl.java:logAppendEntries(1549)) - s8@group-676CD6864C30: appendEntries* reply s5<-s8#7695:OK-t1,SUCCESS,nextIndex=184,followerCommit=182,matchIndex=183
2024-10-16 23:57:32,619 DEBUG server.RaftServer$Division (RaftServerImpl.java:logAppendEntries(1549)) - s3@group-676CD6864C30: appendEntries* reply s5<-s3#7697:OK-t1,SUCCESS,nextIndex=185,followerCommit=183,matchIndex=184
2024-10-16 23:57:32,619 DEBUG server.RaftServer$Division (RaftServerImpl.java:logAppendEntries(1549)) - s4@group-676CD6864C30: appendEntries* reply s5<-s4#7698:OK-t1,SUCCESS,nextIndex=185,followerCommit=183,matchIndex=184
2024-10-16 23:57:32,618 DEBUG server.RaftServer$Division (RaftServerImpl.java:logAppendEntries(1549)) - s6@group-676CD6864C30: appendEntries* reply s5<-s6#7682:OK-t1,SUCCESS,nextIndex=183,followerCommit=181,matchIndex=182
2024-10-16 23:57:32,620 DEBUG server.RaftServer$Division (RaftServerImpl.java:logAppendEntries(1549)) - s2@group-676CD6864C30: appendEntries* s5->s2#7710-t1,previous=(t:1, i:184),leaderCommit=183,initializing? false,entries: size=1, first=(t:1, i:185), STATEMACHINELOGENTRY, StateMachineLogEntryProto:7703@client-BE1E56DD0B20
2024-10-16 23:57:32,618 DEBUG server.RaftServer$Division (RaftServerImpl.java:logAppendEntries(1549)) - s9@group-676CD6864C30: appendEntries* s5->s9#7706-t1,previous=(t:1, i:183),leaderCommit=183,initializing? false,entries: size=1, first=(t:1, i:184), METADATAENTRY(c:183)
2024-10-16 23:57:32,621 DEBUG server.RaftServer$Division (RaftServerImpl.java:logAppendEntries(1549)) - s3@group-676CD6864C30: appendEntries* s5->s3#7714-t1,previous=(t:1, i:184),leaderCommit=183,initializing? false,entries: size=1, first=(t:1, i:185), STATEMACHINELOGENTRY, StateMachineLogEntryProto:7703@client-BE1E56DD0B20
2024-10-16 23:57:32,621 DEBUG server.RaftServer$Division (RaftServerImpl.java:logAppendEntries(1549)) - s6@group-676CD6864C30: appendEntries* s5->s6#7713-t1,previous=(t:1, i:182),leaderCommit=183,initializing? false,entries: size=3, first=(t:1, i:183), STATEMACHINELOGENTRY, StateMachineLogEntryProto:7683@client-BE1E56DD0B20
2024-10-16 23:57:32,621 DEBUG server.RaftServer$Division (RaftServerImpl.java:logAppendEntries(1549)) - s8@group-676CD6864C30: appendEntries* s5->s8#7715-t1,previous=(t:1, i:183),leaderCommit=183,initializing? false,entries: size=2, first=(t:1, i:184), METADATAENTRY(c:183)
2024-10-16 23:57:32,618 DEBUG server.RaftServer$Division (RaftServerImpl.java:logAppendEntries(1549)) - s12@group-676CD6864C30: appendEntries* s5->s12#7702-t1,previous=(t:1, i:183),leaderCommit=183,initializing? false,entries: size=1, first=(t:1, i:184), METADATAENTRY(c:183)
2024-10-16 23:57:32,618 DEBUG server.RaftServer$Division (RaftServerImpl.java:logAppendEntries(1549)) - s7@group-676CD6864C30: appendEntries* s5->s7#7705-t1,previous=(t:1, i:183),leaderCommit=183,initializing? false,entries: size=1, first=(t:1, i:184), METADATAENTRY(c:183)
2024-10-16 23:57:32,618 DEBUG server.RaftServer$Division (RaftServerImpl.java:logAppendEntries(1549)) - s13@group-676CD6864C30: appendEntries* reply s5<-s13#7684:OK-t1,SUCCESS,nextIndex=183,followerCommit=181,matchIndex=182
2024-10-16 23:57:32,621 DEBUG server.RaftServer$Division (RaftServerImpl.java:logAppendEntries(1549)) - s6@group-676CD6864C30: appendEntries* reply s5<-s6#7713:OK-t1,SUCCESS,nextIndex=186,followerCommit=183,matchIndex=185
2024-10-16 23:57:32,621 DEBUG server.RaftServer$Division (RaftServerImpl.java:logAppendEntries(1549)) - s4@group-676CD6864C30: appendEntries* s5->s4#7716-t1,previous=(t:1, i:184),leaderCommit=183,initializing? false,entries: size=1, first=(t:1, i:185), STATEMACHINELOGENTRY, StateMachineLogEntryProto:7703@client-BE1E56DD0B20
2024-10-16 23:57:32,621 DEBUG server.RaftServer$Division (RaftServerImpl.java:logAppendEntries(1549)) - s3@group-676CD6864C30: appendEntries* reply s5<-s3#7714:OK-t1,SUCCESS,nextIndex=186,followerCommit=183,matchIndex=185
2024-10-16 23:57:32,621 DEBUG server.RaftServer$Division (RaftServerImpl.java:logAppendEntries(1549)) - s9@group-676CD6864C30: appendEntries* reply s5<-s9#7706:OK-t1,SUCCESS,nextIndex=185,followerCommit=183,matchIndex=184
2024-10-16 23:57:32,621 DEBUG server.RaftServer$Division (RaftServerImpl.java:logAppendEntries(1549)) - s2@group-676CD6864C30: appendEntries* reply s5<-s2#7710:OK-t1,SUCCESS,nextIndex=186,followerCommit=183,matchIndex=185
2024-10-16 23:57:32,622 DEBUG server.RaftServer$Division (RaftServerImpl.java:logAppendEntries(1549)) - s13@group-676CD6864C30: appendEntries* s5->s13#7717-t1,previous=(t:1, i:182),leaderCommit=184,initializing? false,entries: size=3, first=(t:1, i:183), STATEMACHINELOGENTRY, StateMachineLogEntryProto:7683@client-BE1E56DD0B20
2024-10-16 23:57:32,622 DEBUG server.RaftServer$Division (RaftServerImpl.java:logAppendEntries(1549)) - s7@group-676CD6864C30: appendEntries* reply s5<-s7#7705:OK-t1,SUCCESS,nextIndex=185,followerCommit=183,matchIndex=184
2024-10-16 23:57:32,621 DEBUG server.RaftServer$Division (RaftServerImpl.java:logAppendEntries(1549)) - s1@group-676CD6864C30: appendEntries* s5->s1#7712-t1,previous=(t:1, i:184),leaderCommit=183,initializing? false,entries: size=1, first=(t:1, i:185), STATEMACHINELOGENTRY, StateMachineLogEntryProto:7703@client-BE1E56DD0B20
2024-10-16 23:57:32,620 DEBUG server.RaftServer$Division (RaftServerImpl.java:logAppendEntries(1549)) - s11@group-676CD6864C30: appendEntries* s5->s11#7711-t1,previous=(t:1, i:184),leaderCommit=183,initializing? false,entries: size=1, first=(t:1, i:185), STATEMACHINELOGENTRY, StateMachineLogEntryProto:7703@client-BE1E56DD0B20
2024-10-16 23:57:32,623 DEBUG server.RaftServer$Division (RaftServerImpl.java:logAppendEntries(1549)) - s7@group-676CD6864C30: appendEntries* s5->s7#7719-t1,previous=(t:1, i:184),leaderCommit=184,initializing? false,entries: size=1, first=(t:1, i:185), STATEMACHINELOGENTRY, StateMachineLogEntryProto:7703@client-BE1E56DD0B20
2024-10-16 23:57:32,620 DEBUG server.RaftServer$Division (RaftServerImpl.java:logAppendEntries(1549)) - s0@group-676CD6864C30: appendEntries* s5->s0#7709-t1,previous=(t:1, i:182),leaderCommit=183,initializing? false,entries: size=3, first=(t:1, i:183), STATEMACHINELOGENTRY, StateMachineLogEntryProto:7683@client-BE1E56DD0B20
2024-10-16 23:57:32,620 DEBUG server.RaftServer$Division (RaftServerImpl.java:logAppendEntries(1549)) - s14@group-676CD6864C30: appendEntries* reply s5<-s14#7708:OK-t1,SUCCESS,nextIndex=186,followerCommit=183,matchIndex=185
2024-10-16 23:57:32,623 DEBUG server.RaftServer$Division (RaftServerImpl.java:logAppendEntries(1549)) - s7@group-676CD6864C30: appendEntries* reply s5<-s7#7719:OK-t1,SUCCESS,nextIndex=186,followerCommit=184,matchIndex=185
2024-10-16 23:57:32,623 DEBUG server.RaftServer$Division (RaftServerImpl.java:logAppendEntries(1549)) - s11@group-676CD6864C30: appendEntries* reply s5<-s11#7711:OK-t1,SUCCESS,nextIndex=186,followerCommit=183,matchIndex=185
2024-10-16 23:57:32,623 DEBUG server.RaftServer$Division (RaftServerImpl.java:logAppendEntries(1549)) - s4@group-676CD6864C30: appendEntries* reply s5<-s4#7716:OK-t1,SUCCESS,nextIndex=186,followerCommit=183,matchIndex=185
2024-10-16 23:57:32,623 DEBUG server.RaftServer$Division (RaftServerImpl.java:logAppendEntries(1549)) - s1@group-676CD6864C30: appendEntries* reply s5<-s1#7712:OK-t1,SUCCESS,nextIndex=186,followerCommit=183,matchIndex=185
2024-10-16 23:57:32,622 DEBUG server.RaftServer$Division (RaftServerImpl.java:logAppendEntries(1549)) - s9@group-676CD6864C30: appendEntries* s5->s9#7718-t1,previous=(t:1, i:184),leaderCommit=184,initializing? false,entries: size=1, first=(t:1, i:185), STATEMACHINELOGENTRY, StateMachineLogEntryProto:7703@client-BE1E56DD0B20
2024-10-16 23:57:32,622 DEBUG server.RaftServer$Division (RaftServerImpl.java:logAppendEntries(1549)) - s13@group-676CD6864C30: appendEntries* reply s5<-s13#7717:OK-t1,SUCCESS,nextIndex=186,followerCommit=184,matchIndex=185
2024-10-16 23:57:32,622 DEBUG server.RaftServer$Division (RaftServerImpl.java:logAppendEntries(1549)) - s12@group-676CD6864C30: appendEntries* reply s5<-s12#7702:OK-t1,SUCCESS,nextIndex=185,followerCommit=183,matchIndex=184
2024-10-16 23:57:32,622 DEBUG server.RaftServer$Division (RaftServerImpl.java:logAppendEntries(1549)) - s8@group-676CD6864C30: appendEntries* reply s5<-s8#7715:OK-t1,SUCCESS,nextIndex=186,followerCommit=183,matchIndex=185
2024-10-16 23:57:32,624 INFO  statemachine.StateMachine (ArithmeticStateMachine.java:applyTransaction(181)) - LEADER:s5-185: c = √(a^2 + b^2) = 6161
2024-10-16 23:57:32,624 DEBUG server.RaftServer$Division (RaftServerImpl.java:logAppendEntries(1549)) - s11@group-676CD6864C30: appendEntries* s5->s11#7721-t1,previous=(t:1, i:185),leaderCommit=185,initializing? false,entries: size=1, first=(t:1, i:186), METADATAENTRY(c:185)
2024-10-16 23:57:32,624 DEBUG server.RaftServer$Division (RaftServerImpl.java:logAppendEntries(1549)) - s2@group-676CD6864C30: appendEntries* s5->s2#7722-t1,previous=(t:1, i:185),leaderCommit=185,initializing? false,entries: size=1, first=(t:1, i:186), METADATAENTRY(c:185)
2024-10-16 23:57:32,624 DEBUG server.RaftServer$Division (RaftServerImpl.java:logAppendEntries(1549)) - s11@group-676CD6864C30: appendEntries* reply s5<-s11#7721:OK-t1,SUCCESS,nextIndex=187,followerCommit=185,matchIndex=186
2024-10-16 23:57:32,624 DEBUG server.RaftServer$Division (RaftServerImpl.java:logAppendEntries(1549)) - s2@group-676CD6864C30: appendEntries* reply s5<-s2#7722:OK-t1,SUCCESS,nextIndex=187,followerCommit=185,matchIndex=186
2024-10-16 23:57:32,625 DEBUG server.RaftServer$Division (RaftServerImpl.java:logAppendEntries(1549)) - s13@group-676CD6864C30: appendEntries* s5->s13#7727-t1,previous=(t:1, i:185),leaderCommit=185,initializing? false,entries: size=1, first=(t:1, i:186), METADATAENTRY(c:185)
2024-10-16 23:57:32,625 DEBUG server.RaftServer$Division (RaftServerImpl.java:logAppendEntries(1549)) - s7@group-676CD6864C30: appendEntries* s5->s7#7729-t1,previous=(t:1, i:185),leaderCommit=185,initializing? false,entries: size=1, first=(t:1, i:186), METADATAENTRY(c:185)
2024-10-16 23:57:32,625 DEBUG server.RaftServer$Division (RaftServerImpl.java:logAppendEntries(1549)) - s9@group-676CD6864C30: appendEntries* reply s5<-s9#7718:OK-t1,SUCCESS,nextIndex=186,followerCommit=184,matchIndex=185
2024-10-16 23:57:32,625 DEBUG server.RaftServer$Division (RaftServerImpl.java:logAppendEntries(1549)) - s14@group-676CD6864C30: appendEntries* s5->s14#7728-t1,previous=(t:1, i:185),leaderCommit=185,initializing? false,entries: size=1, first=(t:1, i:186), METADATAENTRY(c:185)
2024-10-16 23:57:32,625 DEBUG server.RaftServer$Division (RaftServerImpl.java:logAppendEntries(1549)) - s13@group-676CD6864C30: appendEntries* reply s5<-s13#7727:OK-t1,SUCCESS,nextIndex=187,followerCommit=185,matchIndex=186
2024-10-16 23:57:32,625 DEBUG server.RaftServer$Division (RaftServerImpl.java:logAppendEntries(1549)) - s8@group-676CD6864C30: appendEntries* s5->s8#7726-t1,previous=(t:1, i:185),leaderCommit=185,initializing? false,entries: size=1, first=(t:1, i:186), METADATAENTRY(c:185)
2024-10-16 23:57:32,626 DEBUG server.RaftServer$Division (RaftServerImpl.java:logAppendEntries(1549)) - s6@group-676CD6864C30: appendEntries* s5->s6#7730-t1,previous=(t:1, i:185),leaderCommit=185,initializing? false,entries: size=1, first=(t:1, i:186), METADATAENTRY(c:185)
2024-10-16 23:57:32,623 DEBUG server.RaftServer$Division (RaftServerImpl.java:logAppendEntries(1549)) - s10@group-676CD6864C30: appendEntries* s5->s10#7707-t1,previous=(t:1, i:184),leaderCommit=183,initializing? false,entries: size=1, first=(t:1, i:185), STATEMACHINELOGENTRY, StateMachineLogEntryProto:7703@client-BE1E56DD0B20
2024-10-16 23:57:32,623 DEBUG server.RaftServer$Division (RaftServerImpl.java:logAppendEntries(1549)) - s0@group-676CD6864C30: appendEntries* reply s5<-s0#7709:OK-t1,SUCCESS,nextIndex=186,followerCommit=183,matchIndex=185
2024-10-16 23:57:32,626 DEBUG server.RaftServer$Division (RaftServerImpl.java:logAppendEntries(1549)) - s6@group-676CD6864C30: appendEntries* reply s5<-s6#7730:OK-t1,SUCCESS,nextIndex=187,followerCommit=185,matchIndex=186
2024-10-16 23:57:32,626 DEBUG server.RaftServer$Division (RaftServerImpl.java:logAppendEntries(1549)) - s9@group-676CD6864C30: appendEntries* s5->s9#7732-t1,previous=(t:1, i:185),leaderCommit=185,initializing? false,entries: size=1, first=(t:1, i:186), METADATAENTRY(c:185)
2024-10-16 23:57:32,626 DEBUG server.RaftServer$Division (RaftServerImpl.java:logAppendEntries(1549)) - s12@group-676CD6864C30: appendEntries* s5->s12#7731-t1,previous=(t:1, i:184),leaderCommit=185,initializing? false,entries: size=2, first=(t:1, i:185), STATEMACHINELOGENTRY, StateMachineLogEntryProto:7703@client-BE1E56DD0B20
2024-10-16 23:57:32,625 DEBUG server.RaftServer$Division (RaftServerImpl.java:logAppendEntries(1549)) - s14@group-676CD6864C30: appendEntries* reply s5<-s14#7728:OK-t1,SUCCESS,nextIndex=187,followerCommit=185,matchIndex=186
2024-10-16 23:57:32,626 DEBUG server.RaftServer$Division (RaftServerImpl.java:logAppendEntries(1549)) - s9@group-676CD6864C30: appendEntries* reply s5<-s9#7732:OK-t1,SUCCESS,nextIndex=187,followerCommit=185,matchIndex=186
2024-10-16 23:57:32,625 DEBUG server.RaftServer$Division (RaftServerImpl.java:logAppendEntries(1549)) - s7@group-676CD6864C30: appendEntries* reply s5<-s7#7729:OK-t1,SUCCESS,nextIndex=187,followerCommit=185,matchIndex=186
2024-10-16 23:57:32,627 DEBUG server.RaftServer$Division (RaftServerImpl.java:logAppendEntries(1549)) - s12@group-676CD6864C30: appendEntries* reply s5<-s12#7731:OK-t1,SUCCESS,nextIndex=187,followerCommit=185,matchIndex=186
2024-10-16 23:57:32,625 DEBUG server.RaftServer$Division (RaftServerImpl.java:logAppendEntries(1549)) - s4@group-676CD6864C30: appendEntries* s5->s4#7723-t1,previous=(t:1, i:185),leaderCommit=185,initializing? false,entries: size=1, first=(t:1, i:186), METADATAENTRY(c:185)
2024-10-16 23:57:32,625 DEBUG server.RaftServer$Division (RaftServerImpl.java:logAppendEntries(1549)) - s3@group-676CD6864C30: appendEntries* s5->s3#7724-t1,previous=(t:1, i:185),leaderCommit=185,initializing? false,entries: size=1, first=(t:1, i:186), METADATAENTRY(c:185)
2024-10-16 23:57:32,624 DEBUG server.RaftServer$Division (RaftServerImpl.java:submitClientRequestAsync(920)) - s5@group-676CD6864C30: receive client request(RaftClientRequest:client-BE1E56DD0B20->s5@group-676CD6864C30, cid=7725, seq=null, RW, Message:01016100)
2024-10-16 23:57:32,624 DEBUG server.RaftServer$Division (RaftServerImpl.java:logAppendEntries(1549)) - s1@group-676CD6864C30: appendEntries* s5->s1#7720-t1,previous=(t:1, i:185),leaderCommit=185,initializing? false,entries: size=1, first=(t:1, i:186), METADATAENTRY(c:185)
2024-10-16 23:57:32,627 DEBUG server.RaftServer$Division (RaftServerImpl.java:logAppendEntries(1549)) - s4@group-676CD6864C30: appendEntries* reply s5<-s4#7723:OK-t1,SUCCESS,nextIndex=187,followerCommit=185,matchIndex=186
2024-10-16 23:57:32,627 DEBUG server.RaftServer$Division (RaftServerImpl.java:logAppendEntries(1549)) - s3@group-676CD6864C30: appendEntries* reply s5<-s3#7724:OK-t1,SUCCESS,nextIndex=187,followerCommit=185,matchIndex=186
2024-10-16 23:57:32,628 DEBUG server.RaftServer$Division (RaftServerImpl.java:logAppendEntries(1549)) - s11@group-676CD6864C30: appendEntries* s5->s11#7735-t1,previous=(t:1, i:186),leaderCommit=185,initializing? false,entries: size=1, first=(t:1, i:187), STATEMACHINELOGENTRY, StateMachineLogEntryProto:7725@client-BE1E56DD0B20
2024-10-16 23:57:32,627 DEBUG server.RaftServer$Division (LeaderStateImpl.java:addPendingRequest(529)) - s5@group-676CD6864C30-LeaderStateImpl: addPendingRequest at RaftClientRequest:client-BE1E56DD0B20->s5@group-676CD6864C30, cid=7725, seq=null, RW, Message:01016100, entry=(t:1, i:187), STATEMACHINELOGENTRY, WRITE: logData.size=4, stateMachineData.size=0, logEntryProtoSerializedSize=0
2024-10-16 23:57:32,626 DEBUG server.RaftServer$Division (RaftServerImpl.java:logAppendEntries(1549)) - s10@group-676CD6864C30: appendEntries* reply s5<-s10#7707:OK-t1,SUCCESS,nextIndex=186,followerCommit=183,matchIndex=185
2024-10-16 23:57:32,626 DEBUG server.RaftServer$Division (RaftServerImpl.java:logAppendEntries(1549)) - s8@group-676CD6864C30: appendEntries* reply s5<-s8#7726:OK-t1,SUCCESS,nextIndex=187,followerCommit=185,matchIndex=186
2024-10-16 23:57:32,629 DEBUG server.RaftServer$Division (RaftServerImpl.java:logAppendEntries(1549)) - s9@group-676CD6864C30: appendEntries* s5->s9#7740-t1,previous=(t:1, i:186),leaderCommit=185,initializing? false,entries: size=1, first=(t:1, i:187), STATEMACHINELOGENTRY, StateMachineLogEntryProto:7725@client-BE1E56DD0B20
2024-10-16 23:57:32,629 DEBUG server.RaftServer$Division (RaftServerImpl.java:logAppendEntries(1549)) - s10@group-676CD6864C30: appendEntries* s5->s10#7743-t1,previous=(t:1, i:185),leaderCommit=186,initializing? false,entries: size=2, first=(t:1, i:186), METADATAENTRY(c:185)
2024-10-16 23:57:32,629 DEBUG server.RaftServer$Division (RaftServerImpl.java:logAppendEntries(1549)) - s13@group-676CD6864C30: appendEntries* s5->s13#7734-t1,previous=(t:1, i:186),leaderCommit=185,initializing? false,entries: size=1, first=(t:1, i:187), STATEMACHINELOGENTRY, StateMachineLogEntryProto:7725@client-BE1E56DD0B20
2024-10-16 23:57:32,629 DEBUG server.RaftServer$Division (RaftServerImpl.java:logAppendEntries(1549)) - s8@group-676CD6864C30: appendEntries* s5->s8#7745-t1,previous=(t:1, i:186),leaderCommit=186,initializing? false,entries: size=1, first=(t:1, i:187), STATEMACHINELOGENTRY, StateMachineLogEntryProto:7725@client-BE1E56DD0B20
2024-10-16 23:57:32,628 DEBUG server.RaftServer$Division (RaftServerImpl.java:logAppendEntries(1549)) - s0@group-676CD6864C30: appendEntries* s5->s0#7733-t1,previous=(t:1, i:185),leaderCommit=185,initializing? false,entries: size=1, first=(t:1, i:186), METADATAENTRY(c:185)
2024-10-16 23:57:32,628 DEBUG server.RaftServer$Division (RaftServerImpl.java:logAppendEntries(1549)) - s3@group-676CD6864C30: appendEntries* s5->s3#7742-t1,previous=(t:1, i:186),leaderCommit=186,initializing? false,entries: size=1, first=(t:1, i:187), STATEMACHINELOGENTRY, StateMachineLogEntryProto:7725@client-BE1E56DD0B20
2024-10-16 23:57:32,630 DEBUG server.RaftServer$Division (RaftServerImpl.java:logAppendEntries(1549)) - s8@group-676CD6864C30: appendEntries* reply s5<-s8#7745:OK-t1,SUCCESS,nextIndex=188,followerCommit=186,matchIndex=187
2024-10-16 23:57:32,628 DEBUG server.RaftServer$Division (RaftServerImpl.java:logAppendEntries(1549)) - s7@group-676CD6864C30: appendEntries* s5->s7#7739-t1,previous=(t:1, i:186),leaderCommit=185,initializing? false,entries: size=1, first=(t:1, i:187), STATEMACHINELOGENTRY, StateMachineLogEntryProto:7725@client-BE1E56DD0B20
2024-10-16 23:57:32,628 DEBUG server.RaftServer$Division (RaftServerImpl.java:logAppendEntries(1549)) - s14@group-676CD6864C30: appendEntries* s5->s14#7741-t1,previous=(t:1, i:186),leaderCommit=185,initializing? false,entries: size=1, first=(t:1, i:187), STATEMACHINELOGENTRY, StateMachineLogEntryProto:7725@client-BE1E56DD0B20
2024-10-16 23:57:32,628 DEBUG server.RaftServer$Division (RaftServerImpl.java:logAppendEntries(1549)) - s11@group-676CD6864C30: appendEntries* reply s5<-s11#7735:OK-t1,SUCCESS,nextIndex=188,followerCommit=185,matchIndex=187
2024-10-16 23:57:32,628 DEBUG server.RaftServer$Division (RaftServerImpl.java:logAppendEntries(1549)) - s2@group-676CD6864C30: appendEntries* s5->s2#7738-t1,previous=(t:1, i:186),leaderCommit=185,initializing? false,entries: size=1, first=(t:1, i:187), STATEMACHINELOGENTRY, StateMachineLogEntryProto:7725@client-BE1E56DD0B20
2024-10-16 23:57:32,628 DEBUG server.RaftServer$Division (RaftServerImpl.java:logAppendEntries(1549)) - s4@group-676CD6864C30: appendEntries* s5->s4#7737-t1,previous=(t:1, i:186),leaderCommit=185,initializing? false,entries: size=1, first=(t:1, i:187), STATEMACHINELOGENTRY, StateMachineLogEntryProto:7725@client-BE1E56DD0B20
2024-10-16 23:57:32,627 DEBUG server.RaftServer$Division (RaftServerImpl.java:logAppendEntries(1549)) - s1@group-676CD6864C30: appendEntries* reply s5<-s1#7720:OK-t1,SUCCESS,nextIndex=187,followerCommit=185,matchIndex=186
2024-10-16 23:57:32,630 DEBUG server.RaftServer$Division (RaftServerImpl.java:logAppendEntries(1549)) - s7@group-676CD6864C30: appendEntries* reply s5<-s7#7739:OK-t1,SUCCESS,nextIndex=188,followerCommit=185,matchIndex=187
2024-10-16 23:57:32,630 DEBUG server.RaftServer$Division (RaftServerImpl.java:logAppendEntries(1549)) - s3@group-676CD6864C30: appendEntries* reply s5<-s3#7742:OK-t1,SUCCESS,nextIndex=188,followerCommit=186,matchIndex=187
2024-10-16 23:57:32,630 DEBUG server.RaftServer$Division (RaftServerImpl.java:logAppendEntries(1549)) - s2@group-676CD6864C30: appendEntries* reply s5<-s2#7738:OK-t1,SUCCESS,nextIndex=188,followerCommit=185,matchIndex=187
2024-10-16 23:57:32,630 DEBUG server.RaftServer$Division (RaftServerImpl.java:logAppendEntries(1549)) - s0@group-676CD6864C30: appendEntries* reply s5<-s0#7733:OK-t1,SUCCESS,nextIndex=187,followerCommit=185,matchIndex=186
2024-10-16 23:57:32,630 DEBUG server.RaftServer$Division (RaftServerImpl.java:logAppendEntries(1549)) - s6@group-676CD6864C30: appendEntries* s5->s6#7744-t1,previous=(t:1, i:186),leaderCommit=186,initializing? false,entries: size=1, first=(t:1, i:187), STATEMACHINELOGENTRY, StateMachineLogEntryProto:7725@client-BE1E56DD0B20
2024-10-16 23:57:32,629 DEBUG server.RaftServer$Division (RaftServerImpl.java:logAppendEntries(1549)) - s12@group-676CD6864C30: appendEntries* s5->s12#7736-t1,previous=(t:1, i:186),leaderCommit=185,initializing? false,entries: size=1, first=(t:1, i:187), STATEMACHINELOGENTRY, StateMachineLogEntryProto:7725@client-BE1E56DD0B20
2024-10-16 23:57:32,629 DEBUG server.RaftServer$Division (RaftServerImpl.java:logAppendEntries(1549)) - s10@group-676CD6864C30: appendEntries* reply s5<-s10#7743:OK-t1,SUCCESS,nextIndex=188,followerCommit=186,matchIndex=187
2024-10-16 23:57:32,629 DEBUG server.RaftServer$Division (RaftServerImpl.java:logAppendEntries(1549)) - s13@group-676CD6864C30: appendEntries* reply s5<-s13#7734:OK-t1,SUCCESS,nextIndex=188,followerCommit=185,matchIndex=187
2024-10-16 23:57:32,629 DEBUG server.RaftServer$Division (RaftServerImpl.java:logAppendEntries(1549)) - s9@group-676CD6864C30: appendEntries* reply s5<-s9#7740:OK-t1,SUCCESS,nextIndex=188,followerCommit=185,matchIndex=187
2024-10-16 23:57:32,631 DEBUG server.RaftServer$Division (RaftServerImpl.java:logAppendEntries(1549)) - s6@group-676CD6864C30: appendEntries* reply s5<-s6#7744:OK-t1,SUCCESS,nextIndex=188,followerCommit=186,matchIndex=187
2024-10-16 23:57:32,631 DEBUG server.RaftServer$Division (RaftServerImpl.java:logAppendEntries(1549)) - s1@group-676CD6864C30: appendEntries* s5->s1#7746-t1,previous=(t:1, i:186),leaderCommit=186,initializing? false,entries: size=1, first=(t:1, i:187), STATEMACHINELOGENTRY, StateMachineLogEntryProto:7725@client-BE1E56DD0B20
2024-10-16 23:57:32,630 DEBUG server.RaftServer$Division (RaftServerImpl.java:logAppendEntries(1549)) - s14@group-676CD6864C30: appendEntries* reply s5<-s14#7741:OK-t1,SUCCESS,nextIndex=188,followerCommit=185,matchIndex=187
2024-10-16 23:57:32,631 DEBUG server.RaftServer$Division (RaftServerImpl.java:logAppendEntries(1549)) - s4@group-676CD6864C30: appendEntries* reply s5<-s4#7737:OK-t1,SUCCESS,nextIndex=188,followerCommit=185,matchIndex=187
2024-10-16 23:57:32,631 INFO  statemachine.StateMachine (ArithmeticStateMachine.java:applyTransaction(181)) - LEADER:s5-187: a = null = null
2024-10-16 23:57:32,632 DEBUG server.RaftServer$Division (RaftServerImpl.java:logAppendEntries(1549)) - s2@group-676CD6864C30: appendEntries* s5->s2#7748-t1,previous=(t:1, i:187),leaderCommit=187,initializing? false,entries: size=1, first=(t:1, i:188), METADATAENTRY(c:187)
2024-10-16 23:57:32,632 DEBUG server.RaftServer$Division (RaftServerImpl.java:logAppendEntries(1549)) - s1@group-676CD6864C30: appendEntries* reply s5<-s1#7746:OK-t1,SUCCESS,nextIndex=188,followerCommit=186,matchIndex=187
2024-10-16 23:57:32,632 DEBUG server.RaftServer$Division (RaftServerImpl.java:submitClientRequestAsync(920)) - s5@group-676CD6864C30: receive client request(RaftClientRequest:client-BE1E56DD0B20->s5@group-676CD6864C30, cid=7753, seq=null, RW, Message:01016200)
2024-10-16 23:57:32,632 DEBUG server.RaftServer$Division (RaftServerImpl.java:logAppendEntries(1549)) - s3@group-676CD6864C30: appendEntries* s5->s3#7749-t1,previous=(t:1, i:187),leaderCommit=187,initializing? false,entries: size=1, first=(t:1, i:188), METADATAENTRY(c:187)
2024-10-16 23:57:32,632 DEBUG server.RaftServer$Division (RaftServerImpl.java:logAppendEntries(1549)) - s11@group-676CD6864C30: appendEntries* s5->s11#7756-t1,previous=(t:1, i:187),leaderCommit=187,initializing? false,entries: size=1, first=(t:1, i:188), METADATAENTRY(c:187)
2024-10-16 23:57:32,632 DEBUG server.RaftServer$Division (RaftServerImpl.java:logAppendEntries(1549)) - s4@group-676CD6864C30: appendEntries* s5->s4#7757-t1,previous=(t:1, i:187),leaderCommit=187,initializing? false,entries: size=1, first=(t:1, i:188), METADATAENTRY(c:187)
2024-10-16 23:57:32,632 DEBUG server.RaftServer$Division (LeaderStateImpl.java:addPendingRequest(529)) - s5@group-676CD6864C30-LeaderStateImpl: addPendingRequest at RaftClientRequest:client-BE1E56DD0B20->s5@group-676CD6864C30, cid=7753, seq=null, RW, Message:01016200, entry=(t:1, i:189), STATEMACHINELOGENTRY, WRITE: logData.size=4, stateMachineData.size=0, logEntryProtoSerializedSize=0
2024-10-16 23:57:32,632 DEBUG server.RaftServer$Division (RaftServerImpl.java:logAppendEntries(1549)) - s14@group-676CD6864C30: appendEntries* s5->s14#7751-t1,previous=(t:1, i:187),leaderCommit=187,initializing? false,entries: size=1, first=(t:1, i:188), METADATAENTRY(c:187)
2024-10-16 23:57:32,633 DEBUG server.RaftServer$Division (RaftServerImpl.java:logAppendEntries(1549)) - s4@group-676CD6864C30: appendEntries* reply s5<-s4#7757:OK-t1,SUCCESS,nextIndex=189,followerCommit=187,matchIndex=188
2024-10-16 23:57:32,632 DEBUG server.RaftServer$Division (RaftServerImpl.java:logAppendEntries(1549)) - s13@group-676CD6864C30: appendEntries* s5->s13#7755-t1,previous=(t:1, i:187),leaderCommit=187,initializing? false,entries: size=1, first=(t:1, i:188), METADATAENTRY(c:187)
2024-10-16 23:57:32,633 DEBUG server.RaftServer$Division (RaftServerImpl.java:logAppendEntries(1549)) - s8@group-676CD6864C30: appendEntries* s5->s8#7750-t1,previous=(t:1, i:187),leaderCommit=187,initializing? false,entries: size=1, first=(t:1, i:188), METADATAENTRY(c:187)
2024-10-16 23:57:32,633 DEBUG server.RaftServer$Division (RaftServerImpl.java:logAppendEntries(1549)) - s14@group-676CD6864C30: appendEntries* reply s5<-s14#7751:OK-t1,SUCCESS,nextIndex=189,followerCommit=187,matchIndex=188
2024-10-16 23:57:32,633 DEBUG server.RaftServer$Division (RaftServerImpl.java:logAppendEntries(1549)) - s1@group-676CD6864C30: appendEntries* s5->s1#7758-t1,previous=(t:1, i:187),leaderCommit=187,initializing? false,entries: size=2, first=(t:1, i:188), METADATAENTRY(c:187)
2024-10-16 23:57:32,633 DEBUG server.RaftServer$Division (RaftServerImpl.java:logAppendEntries(1549)) - s13@group-676CD6864C30: appendEntries* reply s5<-s13#7755:OK-t1,SUCCESS,nextIndex=189,followerCommit=187,matchIndex=188
2024-10-16 23:57:32,633 DEBUG server.RaftServer$Division (RaftServerImpl.java:logAppendEntries(1549)) - s0@group-676CD6864C30: appendEntries* s5->s0#7747-t1,previous=(t:1, i:186),leaderCommit=186,initializing? false,entries: size=1, first=(t:1, i:187), STATEMACHINELOGENTRY, StateMachineLogEntryProto:7725@client-BE1E56DD0B20
2024-10-16 23:57:32,633 DEBUG server.RaftServer$Division (RaftServerImpl.java:logAppendEntries(1549)) - s9@group-676CD6864C30: appendEntries* s5->s9#7752-t1,previous=(t:1, i:187),leaderCommit=187,initializing? false,entries: size=1, first=(t:1, i:188), METADATAENTRY(c:187)
2024-10-16 23:57:32,634 DEBUG server.RaftServer$Division (RaftServerImpl.java:logAppendEntries(1549)) - s1@group-676CD6864C30: appendEntries* reply s5<-s1#7758:OK-t1,SUCCESS,nextIndex=190,followerCommit=187,matchIndex=189
2024-10-16 23:57:32,634 DEBUG server.RaftServer$Division (RaftServerImpl.java:logAppendEntries(1549)) - s13@group-676CD6864C30: appendEntries* s5->s13#7762-t1,previous=(t:1, i:188),leaderCommit=187,initializing? false,entries: size=1, first=(t:1, i:189), STATEMACHINELOGENTRY, StateMachineLogEntryProto:7753@client-BE1E56DD0B20
2024-10-16 23:57:32,633 DEBUG server.RaftServer$Division (RaftServerImpl.java:logAppendEntries(1549)) - s11@group-676CD6864C30: appendEntries* reply s5<-s11#7756:OK-t1,SUCCESS,nextIndex=189,followerCommit=187,matchIndex=188
2024-10-16 23:57:32,633 DEBUG server.RaftServer$Division (RaftServerImpl.java:logAppendEntries(1549)) - s2@group-676CD6864C30: appendEntries* reply s5<-s2#7748:OK-t1,SUCCESS,nextIndex=189,followerCommit=187,matchIndex=188
2024-10-16 23:57:32,633 DEBUG server.RaftServer$Division (RaftServerImpl.java:logAppendEntries(1549)) - s7@group-676CD6864C30: appendEntries* s5->s7#7754-t1,previous=(t:1, i:187),leaderCommit=187,initializing? false,entries: size=1, first=(t:1, i:188), METADATAENTRY(c:187)
2024-10-16 23:57:32,635 DEBUG server.RaftServer$Division (RaftServerImpl.java:logAppendEntries(1549)) - s9@group-676CD6864C30: appendEntries* reply s5<-s9#7752:OK-t1,SUCCESS,nextIndex=189,followerCommit=187,matchIndex=188
2024-10-16 23:57:32,632 DEBUG server.RaftServer$Division (RaftServerImpl.java:logAppendEntries(1549)) - s3@group-676CD6864C30: appendEntries* reply s5<-s3#7749:OK-t1,SUCCESS,nextIndex=189,followerCommit=187,matchIndex=188
2024-10-16 23:57:32,635 DEBUG server.RaftServer$Division (RaftServerImpl.java:logAppendEntries(1549)) - s2@group-676CD6864C30: appendEntries* s5->s2#7764-t1,previous=(t:1, i:188),leaderCommit=187,initializing? false,entries: size=1, first=(t:1, i:189), STATEMACHINELOGENTRY, StateMachineLogEntryProto:7753@client-BE1E56DD0B20
2024-10-16 23:57:32,635 DEBUG server.RaftServer$Division (RaftServerImpl.java:logAppendEntries(1549)) - s6@group-676CD6864C30: appendEntries* s5->s6#7760-t1,previous=(t:1, i:187),leaderCommit=187,initializing? false,entries: size=2, first=(t:1, i:188), METADATAENTRY(c:187)
2024-10-16 23:57:32,635 DEBUG server.RaftServer$Division (RaftServerImpl.java:logAppendEntries(1549)) - s7@group-676CD6864C30: appendEntries* reply s5<-s7#7754:OK-t1,SUCCESS,nextIndex=189,followerCommit=187,matchIndex=188
2024-10-16 23:57:32,635 DEBUG server.RaftServer$Division (RaftServerImpl.java:logAppendEntries(1549)) - s8@group-676CD6864C30: appendEntries* reply s5<-s8#7750:OK-t1,SUCCESS,nextIndex=189,followerCommit=187,matchIndex=188
2024-10-16 23:57:32,635 DEBUG server.RaftServer$Division (RaftServerImpl.java:logAppendEntries(1549)) - s11@group-676CD6864C30: appendEntries* s5->s11#7763-t1,previous=(t:1, i:188),leaderCommit=187,initializing? false,entries: size=1, first=(t:1, i:189), STATEMACHINELOGENTRY, StateMachineLogEntryProto:7753@client-BE1E56DD0B20
2024-10-16 23:57:32,634 DEBUG server.RaftServer$Division (RaftServerImpl.java:logAppendEntries(1549)) - s12@group-676CD6864C30: appendEntries* reply s5<-s12#7736:OK-t1,SUCCESS,nextIndex=188,followerCommit=185,matchIndex=187
2024-10-16 23:57:32,634 DEBUG server.RaftServer$Division (RaftServerImpl.java:logAppendEntries(1549)) - s13@group-676CD6864C30: appendEntries* reply s5<-s13#7762:OK-t1,SUCCESS,nextIndex=190,followerCommit=187,matchIndex=189
2024-10-16 23:57:32,636 DEBUG server.RaftServer$Division (RaftServerImpl.java:logAppendEntries(1549)) - s11@group-676CD6864C30: appendEntries* reply s5<-s11#7763:OK-t1,SUCCESS,nextIndex=190,followerCommit=187,matchIndex=189
2024-10-16 23:57:32,634 DEBUG server.RaftServer$Division (RaftServerImpl.java:logAppendEntries(1549)) - s14@group-676CD6864C30: appendEntries* s5->s14#7759-t1,previous=(t:1, i:188),leaderCommit=187,initializing? false,entries: size=1, first=(t:1, i:189), STATEMACHINELOGENTRY, StateMachineLogEntryProto:7753@client-BE1E56DD0B20
2024-10-16 23:57:32,634 DEBUG server.RaftServer$Division (RaftServerImpl.java:logAppendEntries(1549)) - s0@group-676CD6864C30: appendEntries* reply s5<-s0#7747:OK-t1,SUCCESS,nextIndex=188,followerCommit=186,matchIndex=187
2024-10-16 23:57:32,634 DEBUG server.RaftServer$Division (RaftServerImpl.java:logAppendEntries(1549)) - s4@group-676CD6864C30: appendEntries* s5->s4#7761-t1,previous=(t:1, i:188),leaderCommit=187,initializing? false,entries: size=1, first=(t:1, i:189), STATEMACHINELOGENTRY, StateMachineLogEntryProto:7753@client-BE1E56DD0B20
2024-10-16 23:57:32,636 DEBUG server.RaftServer$Division (RaftServerImpl.java:logAppendEntries(1549)) - s14@group-676CD6864C30: appendEntries* reply s5<-s14#7759:OK-t1,SUCCESS,nextIndex=190,followerCommit=187,matchIndex=189
2024-10-16 23:57:32,636 DEBUG server.RaftServer$Division (RaftServerImpl.java:logAppendEntries(1549)) - s7@group-676CD6864C30: appendEntries* s5->s7#7768-t1,previous=(t:1, i:188),leaderCommit=188,initializing? false,entries: size=1, first=(t:1, i:189), STATEMACHINELOGENTRY, StateMachineLogEntryProto:7753@client-BE1E56DD0B20
2024-10-16 23:57:32,636 DEBUG server.RaftServer$Division (RaftServerImpl.java:logAppendEntries(1549)) - s9@group-676CD6864C30: appendEntries* s5->s9#7767-t1,previous=(t:1, i:188),leaderCommit=188,initializing? false,entries: size=1, first=(t:1, i:189), STATEMACHINELOGENTRY, StateMachineLogEntryProto:7753@client-BE1E56DD0B20
2024-10-16 23:57:32,635 DEBUG server.RaftServer$Division (RaftServerImpl.java:logAppendEntries(1549)) - s3@group-676CD6864C30: appendEntries* s5->s3#7766-t1,previous=(t:1, i:188),leaderCommit=187,initializing? false,entries: size=1, first=(t:1, i:189), STATEMACHINELOGENTRY, StateMachineLogEntryProto:7753@client-BE1E56DD0B20
2024-10-16 23:57:32,635 DEBUG server.RaftServer$Division (RaftServerImpl.java:logAppendEntries(1549)) - s2@group-676CD6864C30: appendEntries* reply s5<-s2#7764:OK-t1,SUCCESS,nextIndex=190,followerCommit=187,matchIndex=189
2024-10-16 23:57:32,637 DEBUG server.RaftServer$Division (RaftServerImpl.java:logAppendEntries(1549)) - s7@group-676CD6864C30: appendEntries* reply s5<-s7#7768:OK-t1,SUCCESS,nextIndex=190,followerCommit=188,matchIndex=189
2024-10-16 23:57:32,637 DEBUG server.RaftServer$Division (RaftServerImpl.java:logAppendEntries(1549)) - s0@group-676CD6864C30: appendEntries* s5->s0#7771-t1,previous=(t:1, i:187),leaderCommit=188,initializing? false,entries: size=2, first=(t:1, i:188), METADATAENTRY(c:187)
2024-10-16 23:57:32,636 DEBUG server.RaftServer$Division (RaftServerImpl.java:logAppendEntries(1549)) - s4@group-676CD6864C30: appendEntries* reply s5<-s4#7761:OK-t1,SUCCESS,nextIndex=190,followerCommit=187,matchIndex=189
2024-10-16 23:57:32,637 DEBUG server.RaftServer$Division (RaftServerImpl.java:logAppendEntries(1549)) - s6@group-676CD6864C30: appendEntries* reply s5<-s6#7760:OK-t1,SUCCESS,nextIndex=190,followerCommit=187,matchIndex=189
2024-10-16 23:57:32,636 DEBUG server.RaftServer$Division (RaftServerImpl.java:logAppendEntries(1549)) - s10@group-676CD6864C30: appendEntries* s5->s10#7765-t1,previous=(t:1, i:187),leaderCommit=187,initializing? false,entries: size=2, first=(t:1, i:188), METADATAENTRY(c:187)
2024-10-16 23:57:32,637 DEBUG server.RaftServer$Division (RaftServerImpl.java:logAppendEntries(1549)) - s12@group-676CD6864C30: appendEntries* s5->s12#7769-t1,previous=(t:1, i:187),leaderCommit=188,initializing? false,entries: size=2, first=(t:1, i:188), METADATAENTRY(c:187)
2024-10-16 23:57:32,638 DEBUG server.RaftServer$Division (RaftServerImpl.java:logAppendEntries(1549)) - s11@group-676CD6864C30: appendEntries* s5->s11#7775-t1,previous=(t:1, i:189),leaderCommit=189,initializing? false,entries: size=1, first=(t:1, i:190), METADATAENTRY(c:189)
2024-10-16 23:57:32,638 DEBUG server.RaftServer$Division (RaftServerImpl.java:logAppendEntries(1549)) - s4@group-676CD6864C30: appendEntries* s5->s4#7772-t1,previous=(t:1, i:189),leaderCommit=189,initializing? false,entries: size=1, first=(t:1, i:190), METADATAENTRY(c:189)
2024-10-16 23:57:32,637 DEBUG server.RaftServer$Division (RaftServerImpl.java:logAppendEntries(1549)) - s9@group-676CD6864C30: appendEntries* reply s5<-s9#7767:OK-t1,SUCCESS,nextIndex=190,followerCommit=188,matchIndex=189
2024-10-16 23:57:32,637 DEBUG server.RaftServer$Division (RaftServerImpl.java:logAppendEntries(1549)) - s3@group-676CD6864C30: appendEntries* reply s5<-s3#7766:OK-t1,SUCCESS,nextIndex=190,followerCommit=187,matchIndex=189
2024-10-16 23:57:32,638 DEBUG server.RaftServer$Division (RaftServerImpl.java:logAppendEntries(1549)) - s4@group-676CD6864C30: appendEntries* reply s5<-s4#7772:OK-t1,SUCCESS,nextIndex=191,followerCommit=189,matchIndex=190
2024-10-16 23:57:32,639 DEBUG server.RaftServer$Division (RaftServerImpl.java:logAppendEntries(1549)) - s1@group-676CD6864C30: appendEntries* s5->s1#7778-t1,previous=(t:1, i:189),leaderCommit=189,initializing? false,entries: size=1, first=(t:1, i:190), METADATAENTRY(c:189)
2024-10-16 23:57:32,639 DEBUG server.RaftServer$Division (RaftServerImpl.java:logAppendEntries(1549)) - s3@group-676CD6864C30: appendEntries* s5->s3#7779-t1,previous=(t:1, i:189),leaderCommit=189,initializing? false,entries: size=1, first=(t:1, i:190), METADATAENTRY(c:189)
2024-10-16 23:57:32,639 DEBUG server.RaftServer$Division (RaftServerImpl.java:logAppendEntries(1549)) - s6@group-676CD6864C30: appendEntries* s5->s6#7780-t1,previous=(t:1, i:189),leaderCommit=189,initializing? false,entries: size=1, first=(t:1, i:190), METADATAENTRY(c:189)
2024-10-16 23:57:32,639 DEBUG server.RaftServer$Division (RaftServerImpl.java:logAppendEntries(1549)) - s3@group-676CD6864C30: appendEntries* reply s5<-s3#7779:OK-t1,SUCCESS,nextIndex=191,followerCommit=189,matchIndex=190
2024-10-16 23:57:32,639 DEBUG server.RaftServer$Division (RaftServerImpl.java:logAppendEntries(1549)) - s6@group-676CD6864C30: appendEntries* reply s5<-s6#7780:OK-t1,SUCCESS,nextIndex=191,followerCommit=189,matchIndex=190
2024-10-16 23:57:32,639 DEBUG server.RaftServer$Division (RaftServerImpl.java:logAppendEntries(1549)) - s9@group-676CD6864C30: appendEntries* s5->s9#7781-t1,previous=(t:1, i:189),leaderCommit=189,initializing? false,entries: size=1, first=(t:1, i:190), METADATAENTRY(c:189)
2024-10-16 23:57:32,637 DEBUG server.RaftServer$Division (RaftServerImpl.java:logAppendEntries(1549)) - s8@group-676CD6864C30: appendEntries* s5->s8#7770-t1,previous=(t:1, i:188),leaderCommit=188,initializing? false,entries: size=1, first=(t:1, i:189), STATEMACHINELOGENTRY, StateMachineLogEntryProto:7753@client-BE1E56DD0B20
2024-10-16 23:57:32,640 DEBUG server.RaftServer$Division (RaftServerImpl.java:logAppendEntries(1549)) - s9@group-676CD6864C30: appendEntries* reply s5<-s9#7781:OK-t1,SUCCESS,nextIndex=191,followerCommit=189,matchIndex=190
2024-10-16 23:57:32,639 DEBUG server.RaftServer$Division (RaftServerImpl.java:logAppendEntries(1549)) - s10@group-676CD6864C30: appendEntries* reply s5<-s10#7765:OK-t1,SUCCESS,nextIndex=190,followerCommit=187,matchIndex=189
2024-10-16 23:57:32,639 DEBUG server.RaftServer$Division (RaftServerImpl.java:logAppendEntries(1549)) - s1@group-676CD6864C30: appendEntries* reply s5<-s1#7778:OK-t1,SUCCESS,nextIndex=191,followerCommit=189,matchIndex=190
2024-10-16 23:57:32,639 DEBUG server.RaftServer$Division (RaftServerImpl.java:logAppendEntries(1549)) - s0@group-676CD6864C30: appendEntries* reply s5<-s0#7771:OK-t1,SUCCESS,nextIndex=190,followerCommit=188,matchIndex=189
2024-10-16 23:57:32,638 DEBUG server.RaftServer$Division (RaftServerImpl.java:logAppendEntries(1549)) - s11@group-676CD6864C30: appendEntries* reply s5<-s11#7775:OK-t1,SUCCESS,nextIndex=191,followerCommit=189,matchIndex=190
2024-10-16 23:57:32,638 DEBUG server.RaftServer$Division (RaftServerImpl.java:logAppendEntries(1549)) - s2@group-676CD6864C30: appendEntries* s5->s2#7774-t1,previous=(t:1, i:189),leaderCommit=189,initializing? false,entries: size=1, first=(t:1, i:190), METADATAENTRY(c:189)
2024-10-16 23:57:32,638 DEBUG server.RaftServer$Division (RaftServerImpl.java:logAppendEntries(1549)) - s12@group-676CD6864C30: appendEntries* reply s5<-s12#7769:OK-t1,SUCCESS,nextIndex=190,followerCommit=188,matchIndex=189
2024-10-16 23:57:32,638 DEBUG server.RaftServer$Division (RaftServerImpl.java:logAppendEntries(1549)) - s14@group-676CD6864C30: appendEntries* s5->s14#7777-t1,previous=(t:1, i:189),leaderCommit=189,initializing? false,entries: size=1, first=(t:1, i:190), METADATAENTRY(c:189)
2024-10-16 23:57:32,638 DEBUG server.RaftServer$Division (RaftServerImpl.java:logAppendEntries(1549)) - s7@group-676CD6864C30: appendEntries* s5->s7#7776-t1,previous=(t:1, i:189),leaderCommit=189,initializing? false,entries: size=1, first=(t:1, i:190), METADATAENTRY(c:189)
2024-10-16 23:57:32,641 DEBUG server.RaftServer$Division (RaftServerImpl.java:logAppendEntries(1549)) - s14@group-676CD6864C30: appendEntries* reply s5<-s14#7777:OK-t1,SUCCESS,nextIndex=191,followerCommit=189,matchIndex=190
2024-10-16 23:57:32,638 DEBUG server.RaftServer$Division (RaftServerImpl.java:logAppendEntries(1549)) - s13@group-676CD6864C30: appendEntries* s5->s13#7773-t1,previous=(t:1, i:189),leaderCommit=189,initializing? false,entries: size=1, first=(t:1, i:190), METADATAENTRY(c:189)
2024-10-16 23:57:32,637 INFO  statemachine.StateMachine (ArithmeticStateMachine.java:applyTransaction(181)) - LEADER:s5-189: b = null = null
2024-10-16 23:57:32,641 DEBUG server.RaftServer$Division (RaftServerImpl.java:logAppendEntries(1549)) - s7@group-676CD6864C30: appendEntries* reply s5<-s7#7776:OK-t1,SUCCESS,nextIndex=191,followerCommit=189,matchIndex=190
2024-10-16 23:57:32,641 DEBUG server.RaftServer$Division (RaftServerImpl.java:logAppendEntries(1549)) - s10@group-676CD6864C30: appendEntries* s5->s10#7783-t1,previous=(t:1, i:189),leaderCommit=189,initializing? false,entries: size=1, first=(t:1, i:190), METADATAENTRY(c:189)
2024-10-16 23:57:32,641 DEBUG server.RaftServer$Division (RaftServerImpl.java:submitClientRequestAsync(920)) - s5@group-676CD6864C30: receive client request(RaftClientRequest:client-BE1E56DD0B20->s5@group-676CD6864C30, cid=7785, seq=null, RW, Message:01016300)
2024-10-16 23:57:32,642 DEBUG server.RaftServer$Division (LeaderStateImpl.java:addPendingRequest(529)) - s5@group-676CD6864C30-LeaderStateImpl: addPendingRequest at RaftClientRequest:client-BE1E56DD0B20->s5@group-676CD6864C30, cid=7785, seq=null, RW, Message:01016300, entry=(t:1, i:191), STATEMACHINELOGENTRY, WRITE: logData.size=4, stateMachineData.size=0, logEntryProtoSerializedSize=0
2024-10-16 23:57:32,642 DEBUG server.RaftServer$Division (RaftServerImpl.java:logAppendEntries(1549)) - s10@group-676CD6864C30: appendEntries* reply s5<-s10#7783:OK-t1,SUCCESS,nextIndex=191,followerCommit=189,matchIndex=190
2024-10-16 23:57:32,642 DEBUG server.RaftServer$Division (RaftServerImpl.java:logAppendEntries(1549)) - s3@group-676CD6864C30: appendEntries* s5->s3#7786-t1,previous=(t:1, i:190),leaderCommit=190,initializing? false,entries: size=1, first=(t:1, i:191), STATEMACHINELOGENTRY, StateMachineLogEntryProto:7785@client-BE1E56DD0B20
2024-10-16 23:57:32,642 DEBUG server.RaftServer$Division (RaftServerImpl.java:logAppendEntries(1549)) - s14@group-676CD6864C30: appendEntries* s5->s14#7788-t1,previous=(t:1, i:190),leaderCommit=190,initializing? false,entries: size=1, first=(t:1, i:191), STATEMACHINELOGENTRY, StateMachineLogEntryProto:7785@client-BE1E56DD0B20
2024-10-16 23:57:32,642 DEBUG server.RaftServer$Division (RaftServerImpl.java:logAppendEntries(1549)) - s3@group-676CD6864C30: appendEntries* reply s5<-s3#7786:OK-t1,SUCCESS,nextIndex=192,followerCommit=190,matchIndex=191
2024-10-16 23:57:32,642 DEBUG server.RaftServer$Division (RaftServerImpl.java:logAppendEntries(1549)) - s7@group-676CD6864C30: appendEntries* s5->s7#7793-t1,previous=(t:1, i:190),leaderCommit=190,initializing? false,entries: size=1, first=(t:1, i:191), STATEMACHINELOGENTRY, StateMachineLogEntryProto:7785@client-BE1E56DD0B20
2024-10-16 23:57:32,643 DEBUG server.RaftServer$Division (RaftServerImpl.java:logAppendEntries(1549)) - s9@group-676CD6864C30: appendEntries* s5->s9#7790-t1,previous=(t:1, i:190),leaderCommit=190,initializing? false,entries: size=1, first=(t:1, i:191), STATEMACHINELOGENTRY, StateMachineLogEntryProto:7785@client-BE1E56DD0B20
2024-10-16 23:57:32,643 DEBUG server.RaftServer$Division (RaftServerImpl.java:logAppendEntries(1549)) - s7@group-676CD6864C30: appendEntries* reply s5<-s7#7793:OK-t1,SUCCESS,nextIndex=192,followerCommit=190,matchIndex=191
2024-10-16 23:57:32,643 DEBUG server.RaftServer$Division (RaftServerImpl.java:logAppendEntries(1549)) - s4@group-676CD6864C30: appendEntries* s5->s4#7789-t1,previous=(t:1, i:190),leaderCommit=190,initializing? false,entries: size=1, first=(t:1, i:191), STATEMACHINELOGENTRY, StateMachineLogEntryProto:7785@client-BE1E56DD0B20
2024-10-16 23:57:32,643 DEBUG server.RaftServer$Division (RaftServerImpl.java:logAppendEntries(1549)) - s9@group-676CD6864C30: appendEntries* reply s5<-s9#7790:OK-t1,SUCCESS,nextIndex=192,followerCommit=190,matchIndex=191
2024-10-16 23:57:32,641 DEBUG server.RaftServer$Division (RaftServerImpl.java:logAppendEntries(1549)) - s0@group-676CD6864C30: appendEntries* s5->s0#7782-t1,previous=(t:1, i:189),leaderCommit=189,initializing? false,entries: size=1, first=(t:1, i:190), METADATAENTRY(c:189)
2024-10-16 23:57:32,641 DEBUG server.RaftServer$Division (RaftServerImpl.java:logAppendEntries(1549)) - s2@group-676CD6864C30: appendEntries* reply s5<-s2#7774:OK-t1,SUCCESS,nextIndex=191,followerCommit=189,matchIndex=190
2024-10-16 23:57:32,644 DEBUG server.RaftServer$Division (RaftServerImpl.java:logAppendEntries(1549)) - s0@group-676CD6864C30: appendEntries* reply s5<-s0#7782:OK-t1,SUCCESS,nextIndex=191,followerCommit=189,matchIndex=190
2024-10-16 23:57:32,643 DEBUG server.RaftServer$Division (RaftServerImpl.java:logAppendEntries(1549)) - s10@group-676CD6864C30: appendEntries* s5->s10#7794-t1,previous=(t:1, i:190),leaderCommit=190,initializing? false,entries: size=1, first=(t:1, i:191), STATEMACHINELOGENTRY, StateMachineLogEntryProto:7785@client-BE1E56DD0B20
2024-10-16 23:57:32,643 DEBUG server.RaftServer$Division (RaftServerImpl.java:logAppendEntries(1549)) - s4@group-676CD6864C30: appendEntries* reply s5<-s4#7789:OK-t1,SUCCESS,nextIndex=192,followerCommit=190,matchIndex=191
2024-10-16 23:57:32,643 DEBUG server.RaftServer$Division (RaftServerImpl.java:logAppendEntries(1549)) - s14@group-676CD6864C30: appendEntries* reply s5<-s14#7788:OK-t1,SUCCESS,nextIndex=192,followerCommit=190,matchIndex=191
2024-10-16 23:57:32,643 DEBUG server.RaftServer$Division (RaftServerImpl.java:logAppendEntries(1549)) - s11@group-676CD6864C30: appendEntries* s5->s11#7791-t1,previous=(t:1, i:190),leaderCommit=190,initializing? false,entries: size=1, first=(t:1, i:191), STATEMACHINELOGENTRY, StateMachineLogEntryProto:7785@client-BE1E56DD0B20
2024-10-16 23:57:32,642 DEBUG server.RaftServer$Division (RaftServerImpl.java:logAppendEntries(1549)) - s1@group-676CD6864C30: appendEntries* s5->s1#7787-t1,previous=(t:1, i:190),leaderCommit=190,initializing? false,entries: size=1, first=(t:1, i:191), STATEMACHINELOGENTRY, StateMachineLogEntryProto:7785@client-BE1E56DD0B20
2024-10-16 23:57:32,642 DEBUG server.RaftServer$Division (RaftServerImpl.java:logAppendEntries(1549)) - s8@group-676CD6864C30: appendEntries* reply s5<-s8#7770:OK-t1,SUCCESS,nextIndex=190,followerCommit=188,matchIndex=189
2024-10-16 23:57:32,644 DEBUG server.RaftServer$Division (RaftServerImpl.java:logAppendEntries(1549)) - s11@group-676CD6864C30: appendEntries* reply s5<-s11#7791:OK-t1,SUCCESS,nextIndex=192,followerCommit=190,matchIndex=191
2024-10-16 23:57:32,642 DEBUG server.RaftServer$Division (RaftServerImpl.java:logAppendEntries(1549)) - s12@group-676CD6864C30: appendEntries* s5->s12#7784-t1,previous=(t:1, i:189),leaderCommit=189,initializing? false,entries: size=1, first=(t:1, i:190), METADATAENTRY(c:189)
2024-10-16 23:57:32,641 DEBUG server.RaftServer$Division (RaftServerImpl.java:logAppendEntries(1549)) - s13@group-676CD6864C30: appendEntries* reply s5<-s13#7773:OK-t1,SUCCESS,nextIndex=191,followerCommit=189,matchIndex=190
2024-10-16 23:57:32,645 DEBUG server.RaftServer$Division (RaftServerImpl.java:logAppendEntries(1549)) - s6@group-676CD6864C30: appendEntries* s5->s6#7792-t1,previous=(t:1, i:190),leaderCommit=190,initializing? false,entries: size=1, first=(t:1, i:191), STATEMACHINELOGENTRY, StateMachineLogEntryProto:7785@client-BE1E56DD0B20
2024-10-16 23:57:32,645 DEBUG server.RaftServer$Division (RaftServerImpl.java:logAppendEntries(1549)) - s13@group-676CD6864C30: appendEntries* s5->s13#7798-t1,previous=(t:1, i:190),leaderCommit=190,initializing? false,entries: size=1, first=(t:1, i:191), STATEMACHINELOGENTRY, StateMachineLogEntryProto:7785@client-BE1E56DD0B20
2024-10-16 23:57:32,644 DEBUG server.RaftServer$Division (RaftServerImpl.java:logAppendEntries(1549)) - s0@group-676CD6864C30: appendEntries* s5->s0#7796-t1,previous=(t:1, i:190),leaderCommit=190,initializing? false,entries: size=1, first=(t:1, i:191), STATEMACHINELOGENTRY, StateMachineLogEntryProto:7785@client-BE1E56DD0B20
2024-10-16 23:57:32,644 DEBUG server.RaftServer$Division (RaftServerImpl.java:logAppendEntries(1549)) - s10@group-676CD6864C30: appendEntries* reply s5<-s10#7794:OK-t1,SUCCESS,nextIndex=192,followerCommit=190,matchIndex=191
2024-10-16 23:57:32,644 DEBUG server.RaftServer$Division (RaftServerImpl.java:logAppendEntries(1549)) - s2@group-676CD6864C30: appendEntries* s5->s2#7795-t1,previous=(t:1, i:190),leaderCommit=190,initializing? false,entries: size=1, first=(t:1, i:191), STATEMACHINELOGENTRY, StateMachineLogEntryProto:7785@client-BE1E56DD0B20
2024-10-16 23:57:32,646 DEBUG server.RaftServer$Division (RaftServerImpl.java:logAppendEntries(1549)) - s13@group-676CD6864C30: appendEntries* reply s5<-s13#7798:OK-t1,SUCCESS,nextIndex=192,followerCommit=190,matchIndex=191
2024-10-16 23:57:32,645 DEBUG server.RaftServer$Division (RaftServerImpl.java:logAppendEntries(1549)) - s12@group-676CD6864C30: appendEntries* reply s5<-s12#7784:OK-t1,SUCCESS,nextIndex=191,followerCommit=189,matchIndex=190
2024-10-16 23:57:32,645 DEBUG server.RaftServer$Division (RaftServerImpl.java:logAppendEntries(1549)) - s6@group-676CD6864C30: appendEntries* reply s5<-s6#7792:OK-t1,SUCCESS,nextIndex=192,followerCommit=190,matchIndex=191
2024-10-16 23:57:32,645 DEBUG server.RaftServer$Division (RaftServerImpl.java:logAppendEntries(1549)) - s1@group-676CD6864C30: appendEntries* reply s5<-s1#7787:OK-t1,SUCCESS,nextIndex=192,followerCommit=190,matchIndex=191
2024-10-16 23:57:32,646 INFO  statemachine.StateMachine (ArithmeticStateMachine.java:applyTransaction(181)) - LEADER:s5-191: c = null = null
2024-10-16 23:57:32,646 DEBUG server.RaftServer$Division (RaftServerImpl.java:logAppendEntries(1549)) - s0@group-676CD6864C30: appendEntries* reply s5<-s0#7796:OK-t1,SUCCESS,nextIndex=192,followerCommit=190,matchIndex=191
2024-10-16 23:57:32,646 DEBUG server.RaftServer$Division (RaftServerImpl.java:logAppendEntries(1549)) - s11@group-676CD6864C30: appendEntries* s5->s11#7800-t1,previous=(t:1, i:191),leaderCommit=191,initializing? false,entries: size=1, first=(t:1, i:192), METADATAENTRY(c:191)
2024-10-16 23:57:32,646 DEBUG server.RaftServer$Division (RaftServerImpl.java:logAppendEntries(1549)) - s3@group-676CD6864C30: appendEntries* s5->s3#7802-t1,previous=(t:1, i:191),leaderCommit=191,initializing? false,entries: size=1, first=(t:1, i:192), METADATAENTRY(c:191)
2024-10-16 23:57:32,646 DEBUG server.RaftServer$Division (RaftServerImpl.java:logAppendEntries(1549)) - s2@group-676CD6864C30: appendEntries* reply s5<-s2#7795:OK-t1,SUCCESS,nextIndex=192,followerCommit=190,matchIndex=191
2024-10-16 23:57:32,647 DEBUG server.RaftServer$Division (RaftServerImpl.java:submitClientRequestAsync(920)) - s5@group-676CD6864C30: receive client request(RaftClientRequest:client-BE1E56DD0B20->s5@group-676CD6864C30, cid=7807, seq=null, RW, Message:01016102405c40000000...(size=12))
2024-10-16 23:57:32,647 DEBUG server.RaftServer$Division (RaftServerImpl.java:logAppendEntries(1549)) - s7@group-676CD6864C30: appendEntries* s5->s7#7803-t1,previous=(t:1, i:191),leaderCommit=191,initializing? false,entries: size=1, first=(t:1, i:192), METADATAENTRY(c:191)
2024-10-16 23:57:32,647 DEBUG server.RaftServer$Division (RaftServerImpl.java:logAppendEntries(1549)) - s13@group-676CD6864C30: appendEntries* s5->s13#7806-t1,previous=(t:1, i:191),leaderCommit=191,initializing? false,entries: size=1, first=(t:1, i:192), METADATAENTRY(c:191)
2024-10-16 23:57:32,647 DEBUG server.RaftServer$Division (RaftServerImpl.java:logAppendEntries(1549)) - s11@group-676CD6864C30: appendEntries* reply s5<-s11#7800:OK-t1,SUCCESS,nextIndex=193,followerCommit=191,matchIndex=192
2024-10-16 23:57:32,647 DEBUG server.RaftServer$Division (RaftServerImpl.java:logAppendEntries(1549)) - s4@group-676CD6864C30: appendEntries* s5->s4#7799-t1,previous=(t:1, i:191),leaderCommit=191,initializing? false,entries: size=1, first=(t:1, i:192), METADATAENTRY(c:191)
2024-10-16 23:57:32,647 DEBUG server.RaftServer$Division (RaftServerImpl.java:logAppendEntries(1549)) - s13@group-676CD6864C30: appendEntries* reply s5<-s13#7806:OK-t1,SUCCESS,nextIndex=193,followerCommit=191,matchIndex=192
2024-10-16 23:57:32,647 DEBUG server.RaftServer$Division (RaftServerImpl.java:logAppendEntries(1549)) - s14@group-676CD6864C30: appendEntries* s5->s14#7805-t1,previous=(t:1, i:191),leaderCommit=191,initializing? false,entries: size=1, first=(t:1, i:192), METADATAENTRY(c:191)
2024-10-16 23:57:32,647 DEBUG server.RaftServer$Division (LeaderStateImpl.java:addPendingRequest(529)) - s5@group-676CD6864C30-LeaderStateImpl: addPendingRequest at RaftClientRequest:client-BE1E56DD0B20->s5@group-676CD6864C30, cid=7807, seq=null, RW, Message:01016102405c40000000...(size=12), entry=(t:1, i:193), STATEMACHINELOGENTRY, WRITE: logData.size=12, stateMachineData.size=0, logEntryProtoSerializedSize=0
2024-10-16 23:57:32,647 DEBUG server.RaftServer$Division (RaftServerImpl.java:logAppendEntries(1549)) - s3@group-676CD6864C30: appendEntries* reply s5<-s3#7802:OK-t1,SUCCESS,nextIndex=193,followerCommit=191,matchIndex=192
2024-10-16 23:57:32,648 DEBUG server.RaftServer$Division (RaftServerImpl.java:logAppendEntries(1549)) - s11@group-676CD6864C30: appendEntries* s5->s11#7811-t1,previous=(t:1, i:192),leaderCommit=191,initializing? false,entries: size=1, first=(t:1, i:193), STATEMACHINELOGENTRY, StateMachineLogEntryProto:7807@client-BE1E56DD0B20
2024-10-16 23:57:32,648 DEBUG server.RaftServer$Division (RaftServerImpl.java:logAppendEntries(1549)) - s13@group-676CD6864C30: appendEntries* s5->s13#7812-t1,previous=(t:1, i:192),leaderCommit=191,initializing? false,entries: size=1, first=(t:1, i:193), STATEMACHINELOGENTRY, StateMachineLogEntryProto:7807@client-BE1E56DD0B20
2024-10-16 23:57:32,647 DEBUG server.RaftServer$Division (RaftServerImpl.java:logAppendEntries(1549)) - s2@group-676CD6864C30: appendEntries* s5->s2#7810-t1,previous=(t:1, i:191),leaderCommit=191,initializing? false,entries: size=2, first=(t:1, i:192), METADATAENTRY(c:191)
2024-10-16 23:57:32,647 DEBUG server.RaftServer$Division (RaftServerImpl.java:logAppendEntries(1549)) - s1@group-676CD6864C30: appendEntries* s5->s1#7808-t1,previous=(t:1, i:191),leaderCommit=191,initializing? false,entries: size=2, first=(t:1, i:192), METADATAENTRY(c:191)
2024-10-16 23:57:32,647 DEBUG server.RaftServer$Division (RaftServerImpl.java:logAppendEntries(1549)) - s7@group-676CD6864C30: appendEntries* reply s5<-s7#7803:OK-t1,SUCCESS,nextIndex=193,followerCommit=191,matchIndex=192
2024-10-16 23:57:32,648 DEBUG server.RaftServer$Division (RaftServerImpl.java:logAppendEntries(1549)) - s4@group-676CD6864C30: appendEntries* reply s5<-s4#7799:OK-t1,SUCCESS,nextIndex=193,followerCommit=191,matchIndex=192
2024-10-16 23:57:32,648 DEBUG server.RaftServer$Division (RaftServerImpl.java:logAppendEntries(1549)) - s13@group-676CD6864C30: appendEntries* reply s5<-s13#7812:OK-t1,SUCCESS,nextIndex=194,followerCommit=191,matchIndex=193
2024-10-16 23:57:32,649 DEBUG server.RaftServer$Division (RaftServerImpl.java:logAppendEntries(1549)) - s14@group-676CD6864C30: appendEntries* reply s5<-s14#7805:OK-t1,SUCCESS,nextIndex=193,followerCommit=191,matchIndex=192
2024-10-16 23:57:32,649 DEBUG server.RaftServer$Division (RaftServerImpl.java:logAppendEntries(1549)) - s3@group-676CD6864C30: appendEntries* s5->s3#7814-t1,previous=(t:1, i:192),leaderCommit=191,initializing? false,entries: size=1, first=(t:1, i:193), STATEMACHINELOGENTRY, StateMachineLogEntryProto:7807@client-BE1E56DD0B20
2024-10-16 23:57:32,649 DEBUG server.RaftServer$Division (RaftServerImpl.java:logAppendEntries(1549)) - s1@group-676CD6864C30: appendEntries* reply s5<-s1#7808:OK-t1,SUCCESS,nextIndex=194,followerCommit=191,matchIndex=193
2024-10-16 23:57:32,649 DEBUG server.RaftServer$Division (RaftServerImpl.java:logAppendEntries(1549)) - s3@group-676CD6864C30: appendEntries* reply s5<-s3#7814:OK-t1,SUCCESS,nextIndex=194,followerCommit=191,matchIndex=193
2024-10-16 23:57:32,649 DEBUG server.RaftServer$Division (RaftServerImpl.java:logAppendEntries(1549)) - s7@group-676CD6864C30: appendEntries* s5->s7#7816-t1,previous=(t:1, i:192),leaderCommit=191,initializing? false,entries: size=1, first=(t:1, i:193), STATEMACHINELOGENTRY, StateMachineLogEntryProto:7807@client-BE1E56DD0B20
2024-10-16 23:57:32,649 DEBUG server.RaftServer$Division (RaftServerImpl.java:logAppendEntries(1549)) - s14@group-676CD6864C30: appendEntries* s5->s14#7817-t1,previous=(t:1, i:192),leaderCommit=191,initializing? false,entries: size=1, first=(t:1, i:193), STATEMACHINELOGENTRY, StateMachineLogEntryProto:7807@client-BE1E56DD0B20
2024-10-16 23:57:32,649 DEBUG server.RaftServer$Division (RaftServerImpl.java:logAppendEntries(1549)) - s8@group-676CD6864C30: appendEntries* s5->s8#7797-t1,previous=(t:1, i:189),leaderCommit=190,initializing? false,entries: size=2, first=(t:1, i:190), METADATAENTRY(c:189)
2024-10-16 23:57:32,650 DEBUG server.RaftServer$Division (RaftServerImpl.java:logAppendEntries(1549)) - s14@group-676CD6864C30: appendEntries* reply s5<-s14#7817:OK-t1,SUCCESS,nextIndex=194,followerCommit=191,matchIndex=193
2024-10-16 23:57:32,650 DEBUG server.RaftServer$Division (RaftServerImpl.java:logAppendEntries(1549)) - s4@group-676CD6864C30: appendEntries* s5->s4#7818-t1,previous=(t:1, i:192),leaderCommit=191,initializing? false,entries: size=1, first=(t:1, i:193), STATEMACHINELOGENTRY, StateMachineLogEntryProto:7807@client-BE1E56DD0B20
2024-10-16 23:57:32,648 DEBUG server.RaftServer$Division (RaftServerImpl.java:logAppendEntries(1549)) - s0@group-676CD6864C30: appendEntries* s5->s0#7813-t1,previous=(t:1, i:191),leaderCommit=191,initializing? false,entries: size=2, first=(t:1, i:192), METADATAENTRY(c:191)
2024-10-16 23:57:32,648 DEBUG server.RaftServer$Division (RaftServerImpl.java:logAppendEntries(1549)) - s9@group-676CD6864C30: appendEntries* s5->s9#7801-t1,previous=(t:1, i:191),leaderCommit=191,initializing? false,entries: size=1, first=(t:1, i:192), METADATAENTRY(c:191)
2024-10-16 23:57:32,650 DEBUG server.RaftServer$Division (RaftServerImpl.java:logAppendEntries(1549)) - s4@group-676CD6864C30: appendEntries* reply s5<-s4#7818:OK-t1,SUCCESS,nextIndex=194,followerCommit=191,matchIndex=193
2024-10-16 23:57:32,650 DEBUG server.RaftServer$Division (RaftServerImpl.java:logAppendEntries(1549)) - s8@group-676CD6864C30: appendEntries* reply s5<-s8#7797:OK-t1,SUCCESS,nextIndex=192,followerCommit=190,matchIndex=191
2024-10-16 23:57:32,650 DEBUG server.RaftServer$Division (RaftServerImpl.java:logAppendEntries(1549)) - s10@group-676CD6864C30: appendEntries* s5->s10#7804-t1,previous=(t:1, i:191),leaderCommit=191,initializing? false,entries: size=1, first=(t:1, i:192), METADATAENTRY(c:191)
2024-10-16 23:57:32,650 DEBUG server.RaftServer$Division (RaftServerImpl.java:logAppendEntries(1549)) - s7@group-676CD6864C30: appendEntries* reply s5<-s7#7816:OK-t1,SUCCESS,nextIndex=194,followerCommit=191,matchIndex=193
2024-10-16 23:57:32,651 DEBUG server.RaftServer$Division (RaftServerImpl.java:logAppendEntries(1549)) - s9@group-676CD6864C30: appendEntries* reply s5<-s9#7801:OK-t1,SUCCESS,nextIndex=193,followerCommit=191,matchIndex=192
2024-10-16 23:57:32,649 DEBUG server.RaftServer$Division (RaftServerImpl.java:logAppendEntries(1549)) - s12@group-676CD6864C30: appendEntries* s5->s12#7809-t1,previous=(t:1, i:190),leaderCommit=191,initializing? false,entries: size=3, first=(t:1, i:191), STATEMACHINELOGENTRY, StateMachineLogEntryProto:7785@client-BE1E56DD0B20
2024-10-16 23:57:32,649 DEBUG server.RaftServer$Division (RaftServerImpl.java:logAppendEntries(1549)) - s11@group-676CD6864C30: appendEntries* reply s5<-s11#7811:OK-t1,SUCCESS,nextIndex=194,followerCommit=191,matchIndex=193
2024-10-16 23:57:32,649 DEBUG server.RaftServer$Division (RaftServerImpl.java:logAppendEntries(1549)) - s2@group-676CD6864C30: appendEntries* reply s5<-s2#7810:OK-t1,SUCCESS,nextIndex=194,followerCommit=191,matchIndex=193
2024-10-16 23:57:32,651 DEBUG server.RaftServer$Division (RaftServerImpl.java:logAppendEntries(1549)) - s6@group-676CD6864C30: appendEntries* s5->s6#7815-t1,previous=(t:1, i:191),leaderCommit=191,initializing? false,entries: size=2, first=(t:1, i:192), METADATAENTRY(c:191)
2024-10-16 23:57:32,650 DEBUG server.RaftServer$Division (RaftServerImpl.java:logAppendEntries(1549)) - s0@group-676CD6864C30: appendEntries* reply s5<-s0#7813:OK-t1,SUCCESS,nextIndex=194,followerCommit=191,matchIndex=193
2024-10-16 23:57:32,652 DEBUG server.RaftServer$Division (RaftServerImpl.java:logAppendEntries(1549)) - s11@group-676CD6864C30: appendEntries* s5->s11#7827-t1,previous=(t:1, i:193),leaderCommit=193,initializing? false,entries: size=1, first=(t:1, i:194), METADATAENTRY(c:193)
2024-10-16 23:57:32,652 DEBUG server.RaftServer$Division (RaftServerImpl.java:logAppendEntries(1549)) - s1@group-676CD6864C30: appendEntries* s5->s1#7825-t1,previous=(t:1, i:193),leaderCommit=193,initializing? false,entries: size=1, first=(t:1, i:194), METADATAENTRY(c:193)
2024-10-16 23:57:32,652 DEBUG server.RaftServer$Division (RaftServerImpl.java:logAppendEntries(1549)) - s3@group-676CD6864C30: appendEntries* s5->s3#7823-t1,previous=(t:1, i:193),leaderCommit=193,initializing? false,entries: size=1, first=(t:1, i:194), METADATAENTRY(c:193)
2024-10-16 23:57:32,652 DEBUG server.RaftServer$Division (RaftServerImpl.java:logAppendEntries(1549)) - s4@group-676CD6864C30: appendEntries* s5->s4#7828-t1,previous=(t:1, i:193),leaderCommit=193,initializing? false,entries: size=1, first=(t:1, i:194), METADATAENTRY(c:193)
2024-10-16 23:57:32,652 DEBUG server.RaftServer$Division (RaftServerImpl.java:logAppendEntries(1549)) - s14@group-676CD6864C30: appendEntries* s5->s14#7826-t1,previous=(t:1, i:193),leaderCommit=193,initializing? false,entries: size=1, first=(t:1, i:194), METADATAENTRY(c:193)
2024-10-16 23:57:32,652 DEBUG server.RaftServer$Division (RaftServerImpl.java:logAppendEntries(1549)) - s2@group-676CD6864C30: appendEntries* s5->s2#7822-t1,previous=(t:1, i:193),leaderCommit=193,initializing? false,entries: size=1, first=(t:1, i:194), METADATAENTRY(c:193)
2024-10-16 23:57:32,653 DEBUG server.RaftServer$Division (RaftServerImpl.java:logAppendEntries(1549)) - s14@group-676CD6864C30: appendEntries* reply s5<-s14#7826:OK-t1,SUCCESS,nextIndex=195,followerCommit=193,matchIndex=194
2024-10-16 23:57:32,653 DEBUG server.RaftServer$Division (RaftServerImpl.java:logAppendEntries(1549)) - s6@group-676CD6864C30: appendEntries* reply s5<-s6#7815:OK-t1,SUCCESS,nextIndex=194,followerCommit=191,matchIndex=193
2024-10-16 23:57:32,653 DEBUG server.RaftServer$Division (RaftServerImpl.java:logAppendEntries(1549)) - s2@group-676CD6864C30: appendEntries* reply s5<-s2#7822:OK-t1,SUCCESS,nextIndex=195,followerCommit=193,matchIndex=194
2024-10-16 23:57:32,652 DEBUG server.RaftServer$Division (RaftServerImpl.java:logAppendEntries(1549)) - s7@group-676CD6864C30: appendEntries* s5->s7#7824-t1,previous=(t:1, i:193),leaderCommit=193,initializing? false,entries: size=1, first=(t:1, i:194), METADATAENTRY(c:193)
2024-10-16 23:57:32,652 DEBUG server.RaftServer$Division (RaftServerImpl.java:logAppendEntries(1549)) - s12@group-676CD6864C30: appendEntries* reply s5<-s12#7809:OK-t1,SUCCESS,nextIndex=194,followerCommit=191,matchIndex=193
2024-10-16 23:57:32,652 DEBUG server.RaftServer$Division (RaftServerImpl.java:logAppendEntries(1549)) - s13@group-676CD6864C30: appendEntries* s5->s13#7821-t1,previous=(t:1, i:193),leaderCommit=193,initializing? false,entries: size=1, first=(t:1, i:194), METADATAENTRY(c:193)
2024-10-16 23:57:32,651 DEBUG server.RaftServer$Division (RaftServerImpl.java:logAppendEntries(1549)) - s9@group-676CD6864C30: appendEntries* s5->s9#7820-t1,previous=(t:1, i:192),leaderCommit=192,initializing? false,entries: size=1, first=(t:1, i:193), STATEMACHINELOGENTRY, StateMachineLogEntryProto:7807@client-BE1E56DD0B20
2024-10-16 23:57:32,651 INFO  statemachine.StateMachine (ArithmeticStateMachine.java:applyTransaction(181)) - LEADER:s5-193: a = 113 = 113
2024-10-16 23:57:32,654 DEBUG server.RaftServer$Division (RaftServerImpl.java:logAppendEntries(1549)) - s12@group-676CD6864C30: appendEntries* s5->s12#7831-t1,previous=(t:1, i:193),leaderCommit=193,initializing? false,entries: size=1, first=(t:1, i:194), METADATAENTRY(c:193)
2024-10-16 23:57:32,651 DEBUG server.RaftServer$Division (RaftServerImpl.java:logAppendEntries(1549)) - s10@group-676CD6864C30: appendEntries* reply s5<-s10#7804:OK-t1,SUCCESS,nextIndex=193,followerCommit=191,matchIndex=192
2024-10-16 23:57:32,654 DEBUG server.RaftServer$Division (RaftServerImpl.java:logAppendEntries(1549)) - s7@group-676CD6864C30: appendEntries* reply s5<-s7#7824:OK-t1,SUCCESS,nextIndex=195,followerCommit=193,matchIndex=194
2024-10-16 23:57:32,654 DEBUG server.RaftServer$Division (RaftServerImpl.java:logAppendEntries(1549)) - s13@group-676CD6864C30: appendEntries* reply s5<-s13#7821:OK-t1,SUCCESS,nextIndex=195,followerCommit=193,matchIndex=194
2024-10-16 23:57:32,654 DEBUG server.RaftServer$Division (RaftServerImpl.java:logAppendEntries(1549)) - s6@group-676CD6864C30: appendEntries* s5->s6#7830-t1,previous=(t:1, i:193),leaderCommit=193,initializing? false,entries: size=1, first=(t:1, i:194), METADATAENTRY(c:193)
2024-10-16 23:57:32,655 DEBUG server.RaftServer$Division (RaftServerImpl.java:logAppendEntries(1549)) - s12@group-676CD6864C30: appendEntries* reply s5<-s12#7831:OK-t1,SUCCESS,nextIndex=195,followerCommit=193,matchIndex=194
2024-10-16 23:57:32,653 DEBUG server.RaftServer$Division (RaftServerImpl.java:logAppendEntries(1549)) - s0@group-676CD6864C30: appendEntries* s5->s0#7829-t1,previous=(t:1, i:193),leaderCommit=193,initializing? false,entries: size=1, first=(t:1, i:194), METADATAENTRY(c:193)
2024-10-16 23:57:32,655 DEBUG server.RaftServer$Division (RaftServerImpl.java:logAppendEntries(1549)) - s9@group-676CD6864C30: appendEntries* reply s5<-s9#7820:OK-t1,SUCCESS,nextIndex=194,followerCommit=192,matchIndex=193
2024-10-16 23:57:32,653 DEBUG server.RaftServer$Division (RaftServerImpl.java:logAppendEntries(1549)) - s3@group-676CD6864C30: appendEntries* reply s5<-s3#7823:OK-t1,SUCCESS,nextIndex=195,followerCommit=193,matchIndex=194
2024-10-16 23:57:32,652 DEBUG server.RaftServer$Division (RaftServerImpl.java:logAppendEntries(1549)) - s1@group-676CD6864C30: appendEntries* reply s5<-s1#7825:OK-t1,SUCCESS,nextIndex=195,followerCommit=193,matchIndex=194
2024-10-16 23:57:32,652 DEBUG server.RaftServer$Division (RaftServerImpl.java:logAppendEntries(1549)) - s11@group-676CD6864C30: appendEntries* reply s5<-s11#7827:OK-t1,SUCCESS,nextIndex=195,followerCommit=193,matchIndex=194
2024-10-16 23:57:32,652 DEBUG server.RaftServer$Division (RaftServerImpl.java:logAppendEntries(1549)) - s8@group-676CD6864C30: appendEntries* s5->s8#7819-t1,previous=(t:1, i:191),leaderCommit=192,initializing? false,entries: size=2, first=(t:1, i:192), METADATAENTRY(c:191)
2024-10-16 23:57:32,655 DEBUG server.RaftServer$Division (RaftServerImpl.java:logAppendEntries(1549)) - s6@group-676CD6864C30: appendEntries* reply s5<-s6#7830:OK-t1,SUCCESS,nextIndex=195,followerCommit=193,matchIndex=194
2024-10-16 23:57:32,655 DEBUG server.RaftServer$Division (RaftServerImpl.java:submitClientRequestAsync(920)) - s5@group-676CD6864C30: receive client request(RaftClientRequest:client-BE1E56DD0B20->s5@group-676CD6864C30, cid=7832, seq=null, RW, Message:0101620240b8f0000000...(size=12))
2024-10-16 23:57:32,656 DEBUG server.RaftServer$Division (LeaderStateImpl.java:addPendingRequest(529)) - s5@group-676CD6864C30-LeaderStateImpl: addPendingRequest at RaftClientRequest:client-BE1E56DD0B20->s5@group-676CD6864C30, cid=7832, seq=null, RW, Message:0101620240b8f0000000...(size=12), entry=(t:1, i:195), STATEMACHINELOGENTRY, WRITE: logData.size=12, stateMachineData.size=0, logEntryProtoSerializedSize=0
2024-10-16 23:57:32,656 DEBUG server.RaftServer$Division (RaftServerImpl.java:logAppendEntries(1549)) - s8@group-676CD6864C30: appendEntries* reply s5<-s8#7819:OK-t1,SUCCESS,nextIndex=194,followerCommit=192,matchIndex=193
2024-10-16 23:57:32,656 DEBUG server.RaftServer$Division (RaftServerImpl.java:logAppendEntries(1549)) - s2@group-676CD6864C30: appendEntries* s5->s2#7841-t1,previous=(t:1, i:194),leaderCommit=194,initializing? false,entries: size=1, first=(t:1, i:195), STATEMACHINELOGENTRY, StateMachineLogEntryProto:7832@client-BE1E56DD0B20
2024-10-16 23:57:32,656 DEBUG server.RaftServer$Division (RaftServerImpl.java:logAppendEntries(1549)) - s11@group-676CD6864C30: appendEntries* s5->s11#7839-t1,previous=(t:1, i:194),leaderCommit=194,initializing? false,entries: size=1, first=(t:1, i:195), STATEMACHINELOGENTRY, StateMachineLogEntryProto:7832@client-BE1E56DD0B20
2024-10-16 23:57:32,657 DEBUG server.RaftServer$Division (RaftServerImpl.java:logAppendEntries(1549)) - s3@group-676CD6864C30: appendEntries* s5->s3#7837-t1,previous=(t:1, i:194),leaderCommit=194,initializing? false,entries: size=1, first=(t:1, i:195), STATEMACHINELOGENTRY, StateMachineLogEntryProto:7832@client-BE1E56DD0B20
2024-10-16 23:57:32,657 DEBUG server.RaftServer$Division (RaftServerImpl.java:logAppendEntries(1549)) - s8@group-676CD6864C30: appendEntries* s5->s8#7843-t1,previous=(t:1, i:193),leaderCommit=194,initializing? false,entries: size=2, first=(t:1, i:194), METADATAENTRY(c:193)
2024-10-16 23:57:32,657 DEBUG server.RaftServer$Division (RaftServerImpl.java:logAppendEntries(1549)) - s11@group-676CD6864C30: appendEntries* reply s5<-s11#7839:OK-t1,SUCCESS,nextIndex=196,followerCommit=194,matchIndex=195
2024-10-16 23:57:32,657 DEBUG server.RaftServer$Division (RaftServerImpl.java:logAppendEntries(1549)) - s7@group-676CD6864C30: appendEntries* s5->s7#7840-t1,previous=(t:1, i:194),leaderCommit=194,initializing? false,entries: size=1, first=(t:1, i:195), STATEMACHINELOGENTRY, StateMachineLogEntryProto:7832@client-BE1E56DD0B20
2024-10-16 23:57:32,657 DEBUG server.RaftServer$Division (RaftServerImpl.java:logAppendEntries(1549)) - s12@group-676CD6864C30: appendEntries* s5->s12#7835-t1,previous=(t:1, i:194),leaderCommit=194,initializing? false,entries: size=1, first=(t:1, i:195), STATEMACHINELOGENTRY, StateMachineLogEntryProto:7832@client-BE1E56DD0B20
2024-10-16 23:57:32,657 DEBUG server.RaftServer$Division (RaftServerImpl.java:logAppendEntries(1549)) - s7@group-676CD6864C30: appendEntries* reply s5<-s7#7840:OK-t1,SUCCESS,nextIndex=196,followerCommit=194,matchIndex=195
2024-10-16 23:57:32,657 DEBUG server.RaftServer$Division (RaftServerImpl.java:logAppendEntries(1549)) - s2@group-676CD6864C30: appendEntries* reply s5<-s2#7841:OK-t1,SUCCESS,nextIndex=196,followerCommit=194,matchIndex=195
2024-10-16 23:57:32,657 DEBUG server.RaftServer$Division (RaftServerImpl.java:logAppendEntries(1549)) - s3@group-676CD6864C30: appendEntries* reply s5<-s3#7837:OK-t1,SUCCESS,nextIndex=196,followerCommit=194,matchIndex=195
2024-10-16 23:57:32,657 DEBUG server.RaftServer$Division (RaftServerImpl.java:logAppendEntries(1549)) - s0@group-676CD6864C30: appendEntries* reply s5<-s0#7829:OK-t1,SUCCESS,nextIndex=195,followerCommit=193,matchIndex=194
2024-10-16 23:57:32,657 DEBUG server.RaftServer$Division (RaftServerImpl.java:logAppendEntries(1549)) - s14@group-676CD6864C30: appendEntries* s5->s14#7838-t1,previous=(t:1, i:194),leaderCommit=194,initializing? false,entries: size=1, first=(t:1, i:195), STATEMACHINELOGENTRY, StateMachineLogEntryProto:7832@client-BE1E56DD0B20
2024-10-16 23:57:32,657 DEBUG server.RaftServer$Division (RaftServerImpl.java:logAppendEntries(1549)) - s8@group-676CD6864C30: appendEntries* reply s5<-s8#7843:OK-t1,SUCCESS,nextIndex=196,followerCommit=194,matchIndex=195
2024-10-16 23:57:32,657 DEBUG server.RaftServer$Division (RaftServerImpl.java:logAppendEntries(1549)) - s1@group-676CD6864C30: appendEntries* s5->s1#7836-t1,previous=(t:1, i:194),leaderCommit=194,initializing? false,entries: size=1, first=(t:1, i:195), STATEMACHINELOGENTRY, StateMachineLogEntryProto:7832@client-BE1E56DD0B20
2024-10-16 23:57:32,657 DEBUG server.RaftServer$Division (RaftServerImpl.java:logAppendEntries(1549)) - s13@group-676CD6864C30: appendEntries* s5->s13#7842-t1,previous=(t:1, i:194),leaderCommit=194,initializing? false,entries: size=1, first=(t:1, i:195), STATEMACHINELOGENTRY, StateMachineLogEntryProto:7832@client-BE1E56DD0B20
2024-10-16 23:57:32,657 DEBUG server.RaftServer$Division (RaftServerImpl.java:logAppendEntries(1549)) - s10@group-676CD6864C30: appendEntries* s5->s10#7833-t1,previous=(t:1, i:192),leaderCommit=193,initializing? false,entries: size=2, first=(t:1, i:193), STATEMACHINELOGENTRY, StateMachineLogEntryProto:7807@client-BE1E56DD0B20
2024-10-16 23:57:32,658 DEBUG server.RaftServer$Division (RaftServerImpl.java:logAppendEntries(1549)) - s14@group-676CD6864C30: appendEntries* reply s5<-s14#7838:OK-t1,SUCCESS,nextIndex=196,followerCommit=194,matchIndex=195
2024-10-16 23:57:32,658 DEBUG server.RaftServer$Division (RaftServerImpl.java:logAppendEntries(1549)) - s9@group-676CD6864C30: appendEntries* s5->s9#7834-t1,previous=(t:1, i:193),leaderCommit=193,initializing? false,entries: size=1, first=(t:1, i:194), METADATAENTRY(c:193)
2024-10-16 23:57:32,658 DEBUG server.RaftServer$Division (RaftServerImpl.java:logAppendEntries(1549)) - s1@group-676CD6864C30: appendEntries* reply s5<-s1#7836:OK-t1,SUCCESS,nextIndex=196,followerCommit=194,matchIndex=195
2024-10-16 23:57:32,658 DEBUG server.RaftServer$Division (RaftServerImpl.java:logAppendEntries(1549)) - s12@group-676CD6864C30: appendEntries* reply s5<-s12#7835:OK-t1,SUCCESS,nextIndex=196,followerCommit=194,matchIndex=195
2024-10-16 23:57:32,658 DEBUG server.RaftServer$Division (RaftServerImpl.java:logAppendEntries(1549)) - s13@group-676CD6864C30: appendEntries* reply s5<-s13#7842:OK-t1,SUCCESS,nextIndex=196,followerCommit=194,matchIndex=195
2024-10-16 23:57:32,658 DEBUG server.RaftServer$Division (RaftServerImpl.java:logAppendEntries(1549)) - s0@group-676CD6864C30: appendEntries* s5->s0#7844-t1,previous=(t:1, i:194),leaderCommit=194,initializing? false,entries: size=1, first=(t:1, i:195), STATEMACHINELOGENTRY, StateMachineLogEntryProto:7832@client-BE1E56DD0B20
2024-10-16 23:57:32,659 INFO  statemachine.StateMachine (ArithmeticStateMachine.java:applyTransaction(181)) - LEADER:s5-195: b = 6384 = 6384
2024-10-16 23:57:32,659 DEBUG server.RaftServer$Division (RaftServerImpl.java:logAppendEntries(1549)) - s9@group-676CD6864C30: appendEntries* reply s5<-s9#7834:OK-t1,SUCCESS,nextIndex=195,followerCommit=193,matchIndex=194
2024-10-16 23:57:32,659 DEBUG server.RaftServer$Division (RaftServerImpl.java:logAppendEntries(1549)) - s11@group-676CD6864C30: appendEntries* s5->s11#7848-t1,previous=(t:1, i:195),leaderCommit=195,initializing? false,entries: size=1, first=(t:1, i:196), METADATAENTRY(c:195)
2024-10-16 23:57:32,660 DEBUG server.RaftServer$Division (RaftServerImpl.java:logAppendEntries(1549)) - s2@group-676CD6864C30: appendEntries* s5->s2#7849-t1,previous=(t:1, i:195),leaderCommit=195,initializing? false,entries: size=1, first=(t:1, i:196), METADATAENTRY(c:195)
2024-10-16 23:57:32,660 DEBUG server.RaftServer$Division (RaftServerImpl.java:logAppendEntries(1549)) - s14@group-676CD6864C30: appendEntries* s5->s14#7853-t1,previous=(t:1, i:195),leaderCommit=195,initializing? false,entries: size=1, first=(t:1, i:196), METADATAENTRY(c:195)
2024-10-16 23:57:32,660 DEBUG server.RaftServer$Division (RaftServerImpl.java:logAppendEntries(1549)) - s1@group-676CD6864C30: appendEntries* s5->s1#7852-t1,previous=(t:1, i:195),leaderCommit=195,initializing? false,entries: size=1, first=(t:1, i:196), METADATAENTRY(c:195)
2024-10-16 23:57:32,660 DEBUG server.RaftServer$Division (RaftServerImpl.java:logAppendEntries(1549)) - s2@group-676CD6864C30: appendEntries* reply s5<-s2#7849:OK-t1,SUCCESS,nextIndex=197,followerCommit=195,matchIndex=196
2024-10-16 23:57:32,660 DEBUG server.RaftServer$Division (RaftServerImpl.java:logAppendEntries(1549)) - s12@group-676CD6864C30: appendEntries* s5->s12#7851-t1,previous=(t:1, i:195),leaderCommit=195,initializing? false,entries: size=1, first=(t:1, i:196), METADATAENTRY(c:195)
2024-10-16 23:57:32,659 DEBUG server.RaftServer$Division (RaftServerImpl.java:logAppendEntries(1549)) - s10@group-676CD6864C30: appendEntries* reply s5<-s10#7833:OK-t1,SUCCESS,nextIndex=195,followerCommit=193,matchIndex=194
2024-10-16 23:57:32,660 DEBUG server.RaftServer$Division (RaftServerImpl.java:logAppendEntries(1549)) - s1@group-676CD6864C30: appendEntries* reply s5<-s1#7852:OK-t1,SUCCESS,nextIndex=197,followerCommit=195,matchIndex=196
2024-10-16 23:57:32,660 DEBUG server.RaftServer$Division (RaftServerImpl.java:logAppendEntries(1549)) - s12@group-676CD6864C30: appendEntries* reply s5<-s12#7851:OK-t1,SUCCESS,nextIndex=197,followerCommit=195,matchIndex=196
2024-10-16 23:57:32,660 DEBUG server.RaftServer$Division (RaftServerImpl.java:submitClientRequestAsync(920)) - s5@group-676CD6864C30: receive client request(RaftClientRequest:client-BE1E56DD0B20->s5@group-676CD6864C30, cid=7854, seq=null, RW, Message:01016304010300040201...(size=17))
2024-10-16 23:57:32,661 DEBUG server.RaftServer$Division (RaftServerImpl.java:logAppendEntries(1549)) - s8@group-676CD6864C30: appendEntries* s5->s8#7846-t1,previous=(t:1, i:195),leaderCommit=195,initializing? false,entries: size=1, first=(t:1, i:196), METADATAENTRY(c:195)
2024-10-16 23:57:32,660 DEBUG server.RaftServer$Division (RaftServerImpl.java:logAppendEntries(1549)) - s14@group-676CD6864C30: appendEntries* reply s5<-s14#7853:OK-t1,SUCCESS,nextIndex=197,followerCommit=195,matchIndex=196
2024-10-16 23:57:32,661 DEBUG server.RaftServer$Division (RaftServerImpl.java:logAppendEntries(1549)) - s13@group-676CD6864C30: appendEntries* s5->s13#7855-t1,previous=(t:1, i:195),leaderCommit=195,initializing? false,entries: size=1, first=(t:1, i:196), METADATAENTRY(c:195)
2024-10-16 23:57:32,661 DEBUG server.RaftServer$Division (RaftServerImpl.java:logAppendEntries(1549)) - s6@group-676CD6864C30: appendEntries* s5->s6#7845-t1,previous=(t:1, i:194),leaderCommit=194,initializing? false,entries: size=1, first=(t:1, i:195), STATEMACHINELOGENTRY, StateMachineLogEntryProto:7832@client-BE1E56DD0B20
2024-10-16 23:57:32,660 DEBUG server.RaftServer$Division (RaftServerImpl.java:logAppendEntries(1549)) - s3@group-676CD6864C30: appendEntries* s5->s3#7847-t1,previous=(t:1, i:195),leaderCommit=195,initializing? false,entries: size=1, first=(t:1, i:196), METADATAENTRY(c:195)
2024-10-16 23:57:32,660 DEBUG server.RaftServer$Division (RaftServerImpl.java:logAppendEntries(1549)) - s11@group-676CD6864C30: appendEntries* reply s5<-s11#7848:OK-t1,SUCCESS,nextIndex=197,followerCommit=195,matchIndex=196
2024-10-16 23:57:32,662 DEBUG server.RaftServer$Division (RaftServerImpl.java:logAppendEntries(1549)) - s9@group-676CD6864C30: appendEntries* s5->s9#7861-t1,previous=(t:1, i:194),leaderCommit=195,initializing? false,entries: size=3, first=(t:1, i:195), STATEMACHINELOGENTRY, StateMachineLogEntryProto:7832@client-BE1E56DD0B20
2024-10-16 23:57:32,663 DEBUG server.RaftServer$Division (RaftServerImpl.java:logAppendEntries(1549)) - s11@group-676CD6864C30: appendEntries* s5->s11#7862-t1,previous=(t:1, i:196),leaderCommit=195,initializing? false,entries: size=1, first=(t:1, i:197), STATEMACHINELOGENTRY, StateMachineLogEntryProto:7854@client-BE1E56DD0B20
2024-10-16 23:57:32,662 DEBUG server.RaftServer$Division (RaftServerImpl.java:logAppendEntries(1549)) - s10@group-676CD6864C30: appendEntries* s5->s10#7856-t1,previous=(t:1, i:194),leaderCommit=195,initializing? false,entries: size=2, first=(t:1, i:195), STATEMACHINELOGENTRY, StateMachineLogEntryProto:7832@client-BE1E56DD0B20
2024-10-16 23:57:32,662 DEBUG server.RaftServer$Division (RaftServerImpl.java:logAppendEntries(1549)) - s8@group-676CD6864C30: appendEntries* reply s5<-s8#7846:OK-t1,SUCCESS,nextIndex=197,followerCommit=195,matchIndex=196
2024-10-16 23:57:32,662 DEBUG server.RaftServer$Division (RaftServerImpl.java:logAppendEntries(1549)) - s1@group-676CD6864C30: appendEntries* s5->s1#7857-t1,previous=(t:1, i:196),leaderCommit=195,initializing? false,entries: size=1, first=(t:1, i:197), STATEMACHINELOGENTRY, StateMachineLogEntryProto:7854@client-BE1E56DD0B20
2024-10-16 23:57:32,662 DEBUG server.RaftServer$Division (RaftServerImpl.java:logAppendEntries(1549)) - s12@group-676CD6864C30: appendEntries* s5->s12#7858-t1,previous=(t:1, i:196),leaderCommit=195,initializing? false,entries: size=1, first=(t:1, i:197), STATEMACHINELOGENTRY, StateMachineLogEntryProto:7854@client-BE1E56DD0B20
2024-10-16 23:57:32,662 DEBUG server.RaftServer$Division (RaftServerImpl.java:logAppendEntries(1549)) - s14@group-676CD6864C30: appendEntries* s5->s14#7860-t1,previous=(t:1, i:196),leaderCommit=195,initializing? false,entries: size=1, first=(t:1, i:197), STATEMACHINELOGENTRY, StateMachineLogEntryProto:7854@client-BE1E56DD0B20
2024-10-16 23:57:32,663 DEBUG server.RaftServer$Division (RaftServerImpl.java:logAppendEntries(1549)) - s8@group-676CD6864C30: appendEntries* s5->s8#7863-t1,previous=(t:1, i:196),leaderCommit=195,initializing? false,entries: size=1, first=(t:1, i:197), STATEMACHINELOGENTRY, StateMachineLogEntryProto:7854@client-BE1E56DD0B20
2024-10-16 23:57:32,661 DEBUG server.RaftServer$Division (RaftServerImpl.java:logAppendEntries(1549)) - s13@group-676CD6864C30: appendEntries* reply s5<-s13#7855:OK-t1,SUCCESS,nextIndex=197,followerCommit=195,matchIndex=196
2024-10-16 23:57:32,661 DEBUG server.RaftServer$Division (RaftServerImpl.java:logAppendEntries(1549)) - s2@group-676CD6864C30: appendEntries* s5->s2#7859-t1,previous=(t:1, i:196),leaderCommit=195,initializing? false,entries: size=1, first=(t:1, i:197), STATEMACHINELOGENTRY, StateMachineLogEntryProto:7854@client-BE1E56DD0B20
2024-10-16 23:57:32,664 DEBUG server.RaftServer$Division (RaftServerImpl.java:logAppendEntries(1549)) - s10@group-676CD6864C30: appendEntries* reply s5<-s10#7856:OK-t1,SUCCESS,nextIndex=197,followerCommit=195,matchIndex=196
2024-10-16 23:57:32,661 DEBUG server.RaftServer$Division (RaftServerImpl.java:logAppendEntries(1549)) - s0@group-676CD6864C30: appendEntries* reply s5<-s0#7844:OK-t1,SUCCESS,nextIndex=196,followerCommit=194,matchIndex=195
2024-10-16 23:57:32,664 DEBUG server.RaftServer$Division (RaftServerImpl.java:logAppendEntries(1549)) - s8@group-676CD6864C30: appendEntries* reply s5<-s8#7863:OK-t1,SUCCESS,nextIndex=198,followerCommit=195,matchIndex=197
2024-10-16 23:57:32,664 DEBUG server.RaftServer$Division (RaftServerImpl.java:logAppendEntries(1549)) - s12@group-676CD6864C30: appendEntries* reply s5<-s12#7858:OK-t1,SUCCESS,nextIndex=198,followerCommit=195,matchIndex=197
2024-10-16 23:57:32,664 DEBUG server.RaftServer$Division (RaftServerImpl.java:logAppendEntries(1549)) - s14@group-676CD6864C30: appendEntries* reply s5<-s14#7860:OK-t1,SUCCESS,nextIndex=198,followerCommit=195,matchIndex=197
2024-10-16 23:57:32,664 DEBUG server.RaftServer$Division (RaftServerImpl.java:logAppendEntries(1549)) - s2@group-676CD6864C30: appendEntries* reply s5<-s2#7859:OK-t1,SUCCESS,nextIndex=198,followerCommit=195,matchIndex=197
2024-10-16 23:57:32,661 DEBUG server.RaftServer$Division (LeaderStateImpl.java:addPendingRequest(529)) - s5@group-676CD6864C30-LeaderStateImpl: addPendingRequest at RaftClientRequest:client-BE1E56DD0B20->s5@group-676CD6864C30, cid=7854, seq=null, RW, Message:01016304010300040201...(size=17), entry=(t:1, i:197), STATEMACHINELOGENTRY, WRITE: logData.size=17, stateMachineData.size=0, logEntryProtoSerializedSize=0
2024-10-16 23:57:32,664 DEBUG server.RaftServer$Division (RaftServerImpl.java:logAppendEntries(1549)) - s0@group-676CD6864C30: appendEntries* s5->s0#7864-t1,previous=(t:1, i:195),leaderCommit=195,initializing? false,entries: size=2, first=(t:1, i:196), METADATAENTRY(c:195)
2024-10-16 23:57:32,665 DEBUG server.RaftServer$Division (RaftServerImpl.java:logAppendEntries(1549)) - s13@group-676CD6864C30: appendEntries* s5->s13#7865-t1,previous=(t:1, i:196),leaderCommit=195,initializing? false,entries: size=1, first=(t:1, i:197), STATEMACHINELOGENTRY, StateMachineLogEntryProto:7854@client-BE1E56DD0B20
2024-10-16 23:57:32,665 DEBUG server.RaftServer$Division (RaftServerImpl.java:logAppendEntries(1549)) - s10@group-676CD6864C30: appendEntries* s5->s10#7866-t1,previous=(t:1, i:196),leaderCommit=196,initializing? false,entries: size=1, first=(t:1, i:197), STATEMACHINELOGENTRY, StateMachineLogEntryProto:7854@client-BE1E56DD0B20
2024-10-16 23:57:32,660 DEBUG server.RaftServer$Division (RaftServerImpl.java:logAppendEntries(1549)) - s7@group-676CD6864C30: appendEntries* s5->s7#7850-t1,previous=(t:1, i:195),leaderCommit=195,initializing? false,entries: size=1, first=(t:1, i:196), METADATAENTRY(c:195)
2024-10-16 23:57:32,665 DEBUG server.RaftServer$Division (RaftServerImpl.java:logAppendEntries(1549)) - s13@group-676CD6864C30: appendEntries* reply s5<-s13#7865:OK-t1,SUCCESS,nextIndex=198,followerCommit=195,matchIndex=197
2024-10-16 23:57:32,665 DEBUG server.RaftServer$Division (RaftServerImpl.java:logAppendEntries(1549)) - s0@group-676CD6864C30: appendEntries* reply s5<-s0#7864:OK-t1,SUCCESS,nextIndex=198,followerCommit=195,matchIndex=197
2024-10-16 23:57:32,663 DEBUG server.RaftServer$Division (RaftServerImpl.java:logAppendEntries(1549)) - s9@group-676CD6864C30: appendEntries* reply s5<-s9#7861:OK-t1,SUCCESS,nextIndex=198,followerCommit=195,matchIndex=197
2024-10-16 23:57:32,663 DEBUG server.RaftServer$Division (RaftServerImpl.java:logAppendEntries(1549)) - s1@group-676CD6864C30: appendEntries* reply s5<-s1#7857:OK-t1,SUCCESS,nextIndex=198,followerCommit=195,matchIndex=197
2024-10-16 23:57:32,663 DEBUG server.RaftServer$Division (RaftServerImpl.java:logAppendEntries(1549)) - s11@group-676CD6864C30: appendEntries* reply s5<-s11#7862:OK-t1,SUCCESS,nextIndex=198,followerCommit=195,matchIndex=197
2024-10-16 23:57:32,662 DEBUG server.RaftServer$Division (RaftServerImpl.java:logAppendEntries(1549)) - s3@group-676CD6864C30: appendEntries* reply s5<-s3#7847:OK-t1,SUCCESS,nextIndex=197,followerCommit=195,matchIndex=196
2024-10-16 23:57:32,666 INFO  statemachine.StateMachine (ArithmeticStateMachine.java:applyTransaction(181)) - LEADER:s5-197: c = √(a^2 + b^2) = 6385
2024-10-16 23:57:32,666 DEBUG server.RaftServer$Division (RaftServerImpl.java:logAppendEntries(1549)) - s2@group-676CD6864C30: appendEntries* s5->s2#7869-t1,previous=(t:1, i:197),leaderCommit=197,initializing? false,entries: size=1, first=(t:1, i:198), METADATAENTRY(c:197)
2024-10-16 23:57:32,667 DEBUG server.RaftServer$Division (RaftServerImpl.java:logAppendEntries(1549)) - s12@group-676CD6864C30: appendEntries* s5->s12#7868-t1,previous=(t:1, i:197),leaderCommit=197,initializing? false,entries: size=1, first=(t:1, i:198), METADATAENTRY(c:197)
2024-10-16 23:57:32,662 DEBUG server.RaftServer$Division (RaftServerImpl.java:logAppendEntries(1549)) - s4@group-676CD6864C30: appendEntries* reply s5<-s4#7828:OK-t1,SUCCESS,nextIndex=195,followerCommit=193,matchIndex=194
2024-10-16 23:57:32,662 DEBUG server.RaftServer$Division (RaftServerImpl.java:logAppendEntries(1549)) - s6@group-676CD6864C30: appendEntries* reply s5<-s6#7845:OK-t1,SUCCESS,nextIndex=196,followerCommit=194,matchIndex=195
2024-10-16 23:57:32,667 DEBUG server.RaftServer$Division (RaftServerImpl.java:logAppendEntries(1549)) - s2@group-676CD6864C30: appendEntries* reply s5<-s2#7869:OK-t1,SUCCESS,nextIndex=199,followerCommit=197,matchIndex=198
2024-10-16 23:57:32,667 DEBUG server.RaftServer$Division (RaftServerImpl.java:logAppendEntries(1549)) - s14@group-676CD6864C30: appendEntries* s5->s14#7873-t1,previous=(t:1, i:197),leaderCommit=197,initializing? false,entries: size=1, first=(t:1, i:198), METADATAENTRY(c:197)
2024-10-16 23:57:32,667 DEBUG server.RaftServer$Division (RaftServerImpl.java:logAppendEntries(1549)) - s0@group-676CD6864C30: appendEntries* s5->s0#7871-t1,previous=(t:1, i:197),leaderCommit=197,initializing? false,entries: size=1, first=(t:1, i:198), METADATAENTRY(c:197)
2024-10-16 23:57:32,667 DEBUG server.RaftServer$Division (RaftServerImpl.java:logAppendEntries(1549)) - s14@group-676CD6864C30: appendEntries* reply s5<-s14#7873:OK-t1,SUCCESS,nextIndex=199,followerCommit=197,matchIndex=198
2024-10-16 23:57:32,667 DEBUG server.RaftServer$Division (RaftServerImpl.java:logAppendEntries(1549)) - s13@group-676CD6864C30: appendEntries* s5->s13#7870-t1,previous=(t:1, i:197),leaderCommit=197,initializing? false,entries: size=1, first=(t:1, i:198), METADATAENTRY(c:197)
2024-10-16 23:57:32,666 DEBUG server.RaftServer$Division (RaftServerImpl.java:logAppendEntries(1549)) - s3@group-676CD6864C30: appendEntries* s5->s3#7867-t1,previous=(t:1, i:196),leaderCommit=197,initializing? false,entries: size=2, first=(t:1, i:197), STATEMACHINELOGENTRY, StateMachineLogEntryProto:7854@client-BE1E56DD0B20
2024-10-16 23:57:32,668 DEBUG server.RaftServer$Division (RaftServerImpl.java:logAppendEntries(1549)) - s6@group-676CD6864C30: appendEntries* s5->s6#7878-t1,previous=(t:1, i:195),leaderCommit=197,initializing? false,entries: size=3, first=(t:1, i:196), METADATAENTRY(c:195)
2024-10-16 23:57:32,666 DEBUG server.RaftServer$Division (RaftServerImpl.java:logAppendEntries(1549)) - s10@group-676CD6864C30: appendEntries* reply s5<-s10#7866:OK-t1,SUCCESS,nextIndex=198,followerCommit=196,matchIndex=197
2024-10-16 23:57:32,668 DEBUG server.RaftServer$Division (RaftServerImpl.java:logAppendEntries(1549)) - s13@group-676CD6864C30: appendEntries* reply s5<-s13#7870:OK-t1,SUCCESS,nextIndex=199,followerCommit=197,matchIndex=198
2024-10-16 23:57:32,668 DEBUG server.RaftServer$Division (RaftServerImpl.java:logAppendEntries(1549)) - s3@group-676CD6864C30: appendEntries* reply s5<-s3#7867:OK-t1,SUCCESS,nextIndex=199,followerCommit=197,matchIndex=198
2024-10-16 23:57:32,668 DEBUG server.RaftServer$Division (RaftServerImpl.java:logAppendEntries(1549)) - s7@group-676CD6864C30: appendEntries* reply s5<-s7#7850:OK-t1,SUCCESS,nextIndex=197,followerCommit=195,matchIndex=196
2024-10-16 23:57:32,668 DEBUG server.RaftServer$Division (RaftServerImpl.java:logAppendEntries(1549)) - s6@group-676CD6864C30: appendEntries* reply s5<-s6#7878:OK-t1,SUCCESS,nextIndex=199,followerCommit=197,matchIndex=198
2024-10-16 23:57:32,668 DEBUG server.RaftServer$Division (RaftServerImpl.java:logAppendEntries(1549)) - s1@group-676CD6864C30: appendEntries* s5->s1#7872-t1,previous=(t:1, i:197),leaderCommit=197,initializing? false,entries: size=1, first=(t:1, i:198), METADATAENTRY(c:197)
2024-10-16 23:57:32,668 DEBUG server.RaftServer$Division (RaftServerImpl.java:logAppendEntries(1549)) - s0@group-676CD6864C30: appendEntries* reply s5<-s0#7871:OK-t1,SUCCESS,nextIndex=199,followerCommit=197,matchIndex=198
2024-10-16 23:57:32,668 DEBUG server.RaftServer$Division (RaftServerImpl.java:logAppendEntries(1549)) - s4@group-676CD6864C30: appendEntries* s5->s4#7877-t1,previous=(t:1, i:194),leaderCommit=197,initializing? false,entries: size=4, first=(t:1, i:195), STATEMACHINELOGENTRY, StateMachineLogEntryProto:7832@client-BE1E56DD0B20
2024-10-16 23:57:32,668 DEBUG server.RaftServer$Division (RaftServerImpl.java:logAppendEntries(1549)) - s11@group-676CD6864C30: appendEntries* s5->s11#7876-t1,previous=(t:1, i:197),leaderCommit=197,initializing? false,entries: size=1, first=(t:1, i:198), METADATAENTRY(c:197)
2024-10-16 23:57:32,667 DEBUG server.RaftServer$Division (RaftServerImpl.java:submitClientRequestAsync(920)) - s5@group-676CD6864C30: receive client request(RaftClientRequest:client-BE1E56DD0B20->s5@group-676CD6864C30, cid=7875, seq=null, RW, Message:01016100)
2024-10-16 23:57:32,667 DEBUG server.RaftServer$Division (RaftServerImpl.java:logAppendEntries(1549)) - s8@group-676CD6864C30: appendEntries* s5->s8#7874-t1,previous=(t:1, i:197),leaderCommit=197,initializing? false,entries: size=1, first=(t:1, i:198), METADATAENTRY(c:197)
2024-10-16 23:57:32,667 DEBUG server.RaftServer$Division (RaftServerImpl.java:logAppendEntries(1549)) - s12@group-676CD6864C30: appendEntries* reply s5<-s12#7868:OK-t1,SUCCESS,nextIndex=199,followerCommit=197,matchIndex=198
2024-10-16 23:57:32,669 DEBUG server.RaftServer$Division (LeaderStateImpl.java:addPendingRequest(529)) - s5@group-676CD6864C30-LeaderStateImpl: addPendingRequest at RaftClientRequest:client-BE1E56DD0B20->s5@group-676CD6864C30, cid=7875, seq=null, RW, Message:01016100, entry=(t:1, i:199), STATEMACHINELOGENTRY, WRITE: logData.size=4, stateMachineData.size=0, logEntryProtoSerializedSize=0
2024-10-16 23:57:32,670 DEBUG server.RaftServer$Division (RaftServerImpl.java:logAppendEntries(1549)) - s4@group-676CD6864C30: appendEntries* reply s5<-s4#7877:OK-t1,SUCCESS,nextIndex=199,followerCommit=197,matchIndex=198
2024-10-16 23:57:32,670 DEBUG server.RaftServer$Division (RaftServerImpl.java:logAppendEntries(1549)) - s2@group-676CD6864C30: appendEntries* s5->s2#7882-t1,previous=(t:1, i:198),leaderCommit=197,initializing? false,entries: size=1, first=(t:1, i:199), STATEMACHINELOGENTRY, StateMachineLogEntryProto:7875@client-BE1E56DD0B20
2024-10-16 23:57:32,670 DEBUG server.RaftServer$Division (RaftServerImpl.java:logAppendEntries(1549)) - s3@group-676CD6864C30: appendEntries* s5->s3#7886-t1,previous=(t:1, i:198),leaderCommit=198,initializing? false,entries: size=1, first=(t:1, i:199), STATEMACHINELOGENTRY, StateMachineLogEntryProto:7875@client-BE1E56DD0B20
2024-10-16 23:57:32,670 DEBUG server.RaftServer$Division (RaftServerImpl.java:logAppendEntries(1549)) - s2@group-676CD6864C30: appendEntries* reply s5<-s2#7882:OK-t1,SUCCESS,nextIndex=200,followerCommit=197,matchIndex=199
2024-10-16 23:57:32,670 DEBUG server.RaftServer$Division (RaftServerImpl.java:logAppendEntries(1549)) - s3@group-676CD6864C30: appendEntries* reply s5<-s3#7886:OK-t1,SUCCESS,nextIndex=200,followerCommit=198,matchIndex=199
2024-10-16 23:57:32,671 DEBUG server.RaftServer$Division (RaftServerImpl.java:logAppendEntries(1549)) - s8@group-676CD6864C30: appendEntries* reply s5<-s8#7874:OK-t1,SUCCESS,nextIndex=199,followerCommit=197,matchIndex=198
2024-10-16 23:57:32,671 DEBUG server.RaftServer$Division (RaftServerImpl.java:logAppendEntries(1549)) - s4@group-676CD6864C30: appendEntries* s5->s4#7888-t1,previous=(t:1, i:198),leaderCommit=198,initializing? false,entries: size=1, first=(t:1, i:199), STATEMACHINELOGENTRY, StateMachineLogEntryProto:7875@client-BE1E56DD0B20
2024-10-16 23:57:32,671 DEBUG server.RaftServer$Division (RaftServerImpl.java:logAppendEntries(1549)) - s6@group-676CD6864C30: appendEntries* s5->s6#7883-t1,previous=(t:1, i:198),leaderCommit=197,initializing? false,entries: size=1, first=(t:1, i:199), STATEMACHINELOGENTRY, StateMachineLogEntryProto:7875@client-BE1E56DD0B20
2024-10-16 23:57:32,671 DEBUG server.RaftServer$Division (RaftServerImpl.java:logAppendEntries(1549)) - s8@group-676CD6864C30: appendEntries* s5->s8#7890-t1,previous=(t:1, i:198),leaderCommit=198,initializing? false,entries: size=1, first=(t:1, i:199), STATEMACHINELOGENTRY, StateMachineLogEntryProto:7875@client-BE1E56DD0B20
2024-10-16 23:57:32,671 DEBUG server.RaftServer$Division (RaftServerImpl.java:logAppendEntries(1549)) - s4@group-676CD6864C30: appendEntries* reply s5<-s4#7888:OK-t1,SUCCESS,nextIndex=200,followerCommit=198,matchIndex=199
2024-10-16 23:57:32,671 DEBUG server.RaftServer$Division (RaftServerImpl.java:logAppendEntries(1549)) - s6@group-676CD6864C30: appendEntries* reply s5<-s6#7883:OK-t1,SUCCESS,nextIndex=200,followerCommit=197,matchIndex=199
2024-10-16 23:57:32,671 DEBUG server.RaftServer$Division (RaftServerImpl.java:logAppendEntries(1549)) - s8@group-676CD6864C30: appendEntries* reply s5<-s8#7890:OK-t1,SUCCESS,nextIndex=200,followerCommit=198,matchIndex=199
2024-10-16 23:57:32,672 DEBUG server.RaftServer$Division (RaftServerImpl.java:logAppendEntries(1549)) - s0@group-676CD6864C30: appendEntries* s5->s0#7885-t1,previous=(t:1, i:198),leaderCommit=197,initializing? false,entries: size=1, first=(t:1, i:199), STATEMACHINELOGENTRY, StateMachineLogEntryProto:7875@client-BE1E56DD0B20
2024-10-16 23:57:32,669 DEBUG server.RaftServer$Division (RaftServerImpl.java:logAppendEntries(1549)) - s10@group-676CD6864C30: appendEntries* s5->s10#7879-t1,previous=(t:1, i:197),leaderCommit=197,initializing? false,entries: size=1, first=(t:1, i:198), METADATAENTRY(c:197)
2024-10-16 23:57:32,672 DEBUG server.RaftServer$Division (RaftServerImpl.java:logAppendEntries(1549)) - s0@group-676CD6864C30: appendEntries* reply s5<-s0#7885:OK-t1,SUCCESS,nextIndex=200,followerCommit=197,matchIndex=199
2024-10-16 23:57:32,671 DEBUG server.RaftServer$Division (RaftServerImpl.java:logAppendEntries(1549)) - s9@group-676CD6864C30: appendEntries* s5->s9#7889-t1,previous=(t:1, i:197),leaderCommit=198,initializing? false,entries: size=2, first=(t:1, i:198), METADATAENTRY(c:197)
2024-10-16 23:57:32,670 DEBUG server.RaftServer$Division (RaftServerImpl.java:logAppendEntries(1549)) - s7@group-676CD6864C30: appendEntries* s5->s7#7880-t1,previous=(t:1, i:196),leaderCommit=197,initializing? false,entries: size=2, first=(t:1, i:197), STATEMACHINELOGENTRY, StateMachineLogEntryProto:7854@client-BE1E56DD0B20
2024-10-16 23:57:32,670 DEBUG server.RaftServer$Division (RaftServerImpl.java:logAppendEntries(1549)) - s14@group-676CD6864C30: appendEntries* s5->s14#7887-t1,previous=(t:1, i:198),leaderCommit=198,initializing? false,entries: size=1, first=(t:1, i:199), STATEMACHINELOGENTRY, StateMachineLogEntryProto:7875@client-BE1E56DD0B20
2024-10-16 23:57:32,670 DEBUG server.RaftServer$Division (RaftServerImpl.java:logAppendEntries(1549)) - s12@group-676CD6864C30: appendEntries* s5->s12#7881-t1,previous=(t:1, i:198),leaderCommit=197,initializing? false,entries: size=1, first=(t:1, i:199), STATEMACHINELOGENTRY, StateMachineLogEntryProto:7875@client-BE1E56DD0B20
2024-10-16 23:57:32,670 DEBUG server.RaftServer$Division (RaftServerImpl.java:logAppendEntries(1549)) - s13@group-676CD6864C30: appendEntries* s5->s13#7884-t1,previous=(t:1, i:198),leaderCommit=197,initializing? false,entries: size=1, first=(t:1, i:199), STATEMACHINELOGENTRY, StateMachineLogEntryProto:7875@client-BE1E56DD0B20
2024-10-16 23:57:32,673 DEBUG server.RaftServer$Division (RaftServerImpl.java:logAppendEntries(1549)) - s10@group-676CD6864C30: appendEntries* reply s5<-s10#7879:OK-t1,SUCCESS,nextIndex=199,followerCommit=197,matchIndex=198
2024-10-16 23:57:32,670 DEBUG server.RaftServer$Division (RaftServerImpl.java:logAppendEntries(1549)) - s1@group-676CD6864C30: appendEntries* reply s5<-s1#7872:OK-t1,SUCCESS,nextIndex=199,followerCommit=197,matchIndex=198
2024-10-16 23:57:32,669 DEBUG server.RaftServer$Division (RaftServerImpl.java:logAppendEntries(1549)) - s11@group-676CD6864C30: appendEntries* reply s5<-s11#7876:OK-t1,SUCCESS,nextIndex=199,followerCommit=197,matchIndex=198
2024-10-16 23:57:32,673 DEBUG server.RaftServer$Division (RaftServerImpl.java:logAppendEntries(1549)) - s14@group-676CD6864C30: appendEntries* reply s5<-s14#7887:OK-t1,SUCCESS,nextIndex=200,followerCommit=198,matchIndex=199
2024-10-16 23:57:32,673 DEBUG server.RaftServer$Division (RaftServerImpl.java:logAppendEntries(1549)) - s12@group-676CD6864C30: appendEntries* reply s5<-s12#7881:OK-t1,SUCCESS,nextIndex=200,followerCommit=197,matchIndex=199
2024-10-16 23:57:32,673 INFO  statemachine.StateMachine (ArithmeticStateMachine.java:applyTransaction(181)) - LEADER:s5-199: a = null = null
2024-10-16 23:57:32,674 DEBUG server.RaftServer$Division (RaftServerImpl.java:logAppendEntries(1549)) - s11@group-676CD6864C30: appendEntries* s5->s11#7892-t1,previous=(t:1, i:198),leaderCommit=198,initializing? false,entries: size=1, first=(t:1, i:199), STATEMACHINELOGENTRY, StateMachineLogEntryProto:7875@client-BE1E56DD0B20
2024-10-16 23:57:32,674 DEBUG server.RaftServer$Division (RaftServerImpl.java:logAppendEntries(1549)) - s2@group-676CD6864C30: appendEntries* s5->s2#7893-t1,previous=(t:1, i:199),leaderCommit=199,initializing? false,entries: size=1, first=(t:1, i:200), METADATAENTRY(c:199)
2024-10-16 23:57:32,674 DEBUG server.RaftServer$Division (RaftServerImpl.java:submitClientRequestAsync(920)) - s5@group-676CD6864C30: receive client request(RaftClientRequest:client-BE1E56DD0B20->s5@group-676CD6864C30, cid=7899, seq=null, RW, Message:01016200)
2024-10-16 23:57:32,674 DEBUG server.RaftServer$Division (RaftServerImpl.java:logAppendEntries(1549)) - s3@group-676CD6864C30: appendEntries* s5->s3#7898-t1,previous=(t:1, i:199),leaderCommit=199,initializing? false,entries: size=1, first=(t:1, i:200), METADATAENTRY(c:199)
2024-10-16 23:57:32,674 DEBUG server.RaftServer$Division (RaftServerImpl.java:logAppendEntries(1549)) - s13@group-676CD6864C30: appendEntries* reply s5<-s13#7884:OK-t1,SUCCESS,nextIndex=200,followerCommit=197,matchIndex=199
2024-10-16 23:57:32,674 DEBUG server.RaftServer$Division (RaftServerImpl.java:logAppendEntries(1549)) - s2@group-676CD6864C30: appendEntries* reply s5<-s2#7893:OK-t1,SUCCESS,nextIndex=201,followerCommit=199,matchIndex=200
2024-10-16 23:57:32,674 DEBUG server.RaftServer$Division (LeaderStateImpl.java:addPendingRequest(529)) - s5@group-676CD6864C30-LeaderStateImpl: addPendingRequest at RaftClientRequest:client-BE1E56DD0B20->s5@group-676CD6864C30, cid=7899, seq=null, RW, Message:01016200, entry=(t:1, i:201), STATEMACHINELOGENTRY, WRITE: logData.size=4, stateMachineData.size=0, logEntryProtoSerializedSize=0
2024-10-16 23:57:32,674 DEBUG server.RaftServer$Division (RaftServerImpl.java:logAppendEntries(1549)) - s11@group-676CD6864C30: appendEntries* reply s5<-s11#7892:OK-t1,SUCCESS,nextIndex=200,followerCommit=198,matchIndex=199
2024-10-16 23:57:32,674 DEBUG server.RaftServer$Division (RaftServerImpl.java:logAppendEntries(1549)) - s12@group-676CD6864C30: appendEntries* s5->s12#7895-t1,previous=(t:1, i:199),leaderCommit=199,initializing? false,entries: size=1, first=(t:1, i:200), METADATAENTRY(c:199)
2024-10-16 23:57:32,675 DEBUG server.RaftServer$Division (RaftServerImpl.java:logAppendEntries(1549)) - s3@group-676CD6864C30: appendEntries* reply s5<-s3#7898:OK-t1,SUCCESS,nextIndex=201,followerCommit=199,matchIndex=200
2024-10-16 23:57:32,675 DEBUG server.RaftServer$Division (RaftServerImpl.java:logAppendEntries(1549)) - s8@group-676CD6864C30: appendEntries* s5->s8#7896-t1,previous=(t:1, i:199),leaderCommit=199,initializing? false,entries: size=1, first=(t:1, i:200), METADATAENTRY(c:199)
2024-10-16 23:57:32,675 DEBUG server.RaftServer$Division (RaftServerImpl.java:logAppendEntries(1549)) - s13@group-676CD6864C30: appendEntries* s5->s13#7904-t1,previous=(t:1, i:199),leaderCommit=199,initializing? false,entries: size=2, first=(t:1, i:200), METADATAENTRY(c:199)
2024-10-16 23:57:32,674 DEBUG server.RaftServer$Division (RaftServerImpl.java:logAppendEntries(1549)) - s14@group-676CD6864C30: appendEntries* s5->s14#7902-t1,previous=(t:1, i:199),leaderCommit=199,initializing? false,entries: size=2, first=(t:1, i:200), METADATAENTRY(c:199)
2024-10-16 23:57:32,675 DEBUG server.RaftServer$Division (RaftServerImpl.java:logAppendEntries(1549)) - s0@group-676CD6864C30: appendEntries* s5->s0#7901-t1,previous=(t:1, i:199),leaderCommit=199,initializing? false,entries: size=1, first=(t:1, i:200), METADATAENTRY(c:199)
2024-10-16 23:57:32,675 DEBUG server.RaftServer$Division (RaftServerImpl.java:logAppendEntries(1549)) - s4@group-676CD6864C30: appendEntries* s5->s4#7897-t1,previous=(t:1, i:199),leaderCommit=199,initializing? false,entries: size=1, first=(t:1, i:200), METADATAENTRY(c:199)
2024-10-16 23:57:32,676 DEBUG server.RaftServer$Division (RaftServerImpl.java:logAppendEntries(1549)) - s14@group-676CD6864C30: appendEntries* reply s5<-s14#7902:OK-t1,SUCCESS,nextIndex=202,followerCommit=199,matchIndex=201
2024-10-16 23:57:32,675 DEBUG server.RaftServer$Division (RaftServerImpl.java:logAppendEntries(1549)) - s3@group-676CD6864C30: appendEntries* s5->s3#7906-t1,previous=(t:1, i:200),leaderCommit=199,initializing? false,entries: size=1, first=(t:1, i:201), STATEMACHINELOGENTRY, StateMachineLogEntryProto:7899@client-BE1E56DD0B20
2024-10-16 23:57:32,675 DEBUG server.RaftServer$Division (RaftServerImpl.java:logAppendEntries(1549)) - s12@group-676CD6864C30: appendEntries* reply s5<-s12#7895:OK-t1,SUCCESS,nextIndex=201,followerCommit=199,matchIndex=200
2024-10-16 23:57:32,676 DEBUG server.RaftServer$Division (RaftServerImpl.java:logAppendEntries(1549)) - s1@group-676CD6864C30: appendEntries* s5->s1#7894-t1,previous=(t:1, i:198),leaderCommit=199,initializing? false,entries: size=2, first=(t:1, i:199), STATEMACHINELOGENTRY, StateMachineLogEntryProto:7875@client-BE1E56DD0B20
2024-10-16 23:57:32,675 DEBUG server.RaftServer$Division (RaftServerImpl.java:logAppendEntries(1549)) - s11@group-676CD6864C30: appendEntries* s5->s11#7905-t1,previous=(t:1, i:199),leaderCommit=199,initializing? false,entries: size=2, first=(t:1, i:200), METADATAENTRY(c:199)
2024-10-16 23:57:32,676 DEBUG server.RaftServer$Division (RaftServerImpl.java:logAppendEntries(1549)) - s3@group-676CD6864C30: appendEntries* reply s5<-s3#7906:OK-t1,SUCCESS,nextIndex=202,followerCommit=199,matchIndex=201
2024-10-16 23:57:32,676 DEBUG server.RaftServer$Division (RaftServerImpl.java:logAppendEntries(1549)) - s7@group-676CD6864C30: appendEntries* reply s5<-s7#7880:OK-t1,SUCCESS,nextIndex=199,followerCommit=197,matchIndex=198
2024-10-16 23:57:32,675 DEBUG server.RaftServer$Division (RaftServerImpl.java:logAppendEntries(1549)) - s2@group-676CD6864C30: appendEntries* s5->s2#7903-t1,previous=(t:1, i:200),leaderCommit=199,initializing? false,entries: size=1, first=(t:1, i:201), STATEMACHINELOGENTRY, StateMachineLogEntryProto:7899@client-BE1E56DD0B20
2024-10-16 23:57:32,677 DEBUG server.RaftServer$Division (RaftServerImpl.java:logAppendEntries(1549)) - s12@group-676CD6864C30: appendEntries* s5->s12#7907-t1,previous=(t:1, i:200),leaderCommit=199,initializing? false,entries: size=1, first=(t:1, i:201), STATEMACHINELOGENTRY, StateMachineLogEntryProto:7899@client-BE1E56DD0B20
2024-10-16 23:57:32,677 DEBUG server.RaftServer$Division (RaftServerImpl.java:logAppendEntries(1549)) - s1@group-676CD6864C30: appendEntries* reply s5<-s1#7894:OK-t1,SUCCESS,nextIndex=201,followerCommit=199,matchIndex=200
2024-10-16 23:57:32,677 DEBUG server.RaftServer$Division (RaftServerImpl.java:logAppendEntries(1549)) - s7@group-676CD6864C30: appendEntries* s5->s7#7908-t1,previous=(t:1, i:198),leaderCommit=199,initializing? false,entries: size=3, first=(t:1, i:199), STATEMACHINELOGENTRY, StateMachineLogEntryProto:7875@client-BE1E56DD0B20
2024-10-16 23:57:32,677 DEBUG server.RaftServer$Division (RaftServerImpl.java:logAppendEntries(1549)) - s9@group-676CD6864C30: appendEntries* reply s5<-s9#7889:OK-t1,SUCCESS,nextIndex=200,followerCommit=198,matchIndex=199
2024-10-16 23:57:32,678 DEBUG server.RaftServer$Division (RaftServerImpl.java:logAppendEntries(1549)) - s1@group-676CD6864C30: appendEntries* s5->s1#7909-t1,previous=(t:1, i:200),leaderCommit=199,initializing? false,entries: size=1, first=(t:1, i:201), STATEMACHINELOGENTRY, StateMachineLogEntryProto:7899@client-BE1E56DD0B20
2024-10-16 23:57:32,678 DEBUG server.RaftServer$Division (RaftServerImpl.java:logAppendEntries(1549)) - s1@group-676CD6864C30: appendEntries* reply s5<-s1#7909:OK-t1,SUCCESS,nextIndex=202,followerCommit=199,matchIndex=201
2024-10-16 23:57:32,678 DEBUG server.RaftServer$Division (RaftServerImpl.java:logAppendEntries(1549)) - s7@group-676CD6864C30: appendEntries* reply s5<-s7#7908:OK-t1,SUCCESS,nextIndex=202,followerCommit=199,matchIndex=201
2024-10-16 23:57:32,679 DEBUG server.RaftServer$Division (RaftServerImpl.java:logAppendEntries(1549)) - s9@group-676CD6864C30: appendEntries* s5->s9#7910-t1,previous=(t:1, i:199),leaderCommit=199,initializing? false,entries: size=2, first=(t:1, i:200), METADATAENTRY(c:199)
2024-10-16 23:57:32,676 DEBUG server.RaftServer$Division (RaftServerImpl.java:logAppendEntries(1549)) - s10@group-676CD6864C30: appendEntries* s5->s10#7891-t1,previous=(t:1, i:198),leaderCommit=198,initializing? false,entries: size=1, first=(t:1, i:199), STATEMACHINELOGENTRY, StateMachineLogEntryProto:7875@client-BE1E56DD0B20
2024-10-16 23:57:32,676 DEBUG server.RaftServer$Division (RaftServerImpl.java:logAppendEntries(1549)) - s0@group-676CD6864C30: appendEntries* reply s5<-s0#7901:OK-t1,SUCCESS,nextIndex=201,followerCommit=199,matchIndex=200
2024-10-16 23:57:32,676 DEBUG server.RaftServer$Division (RaftServerImpl.java:logAppendEntries(1549)) - s4@group-676CD6864C30: appendEntries* reply s5<-s4#7897:OK-t1,SUCCESS,nextIndex=201,followerCommit=199,matchIndex=200
2024-10-16 23:57:32,676 DEBUG server.RaftServer$Division (RaftServerImpl.java:logAppendEntries(1549)) - s6@group-676CD6864C30: appendEntries* s5->s6#7900-t1,previous=(t:1, i:199),leaderCommit=199,initializing? false,entries: size=1, first=(t:1, i:200), METADATAENTRY(c:199)
2024-10-16 23:57:32,676 DEBUG server.RaftServer$Division (RaftServerImpl.java:logAppendEntries(1549)) - s13@group-676CD6864C30: appendEntries* reply s5<-s13#7904:OK-t1,SUCCESS,nextIndex=202,followerCommit=199,matchIndex=201
2024-10-16 23:57:32,676 DEBUG server.RaftServer$Division (RaftServerImpl.java:logAppendEntries(1549)) - s8@group-676CD6864C30: appendEntries* reply s5<-s8#7896:OK-t1,SUCCESS,nextIndex=201,followerCommit=199,matchIndex=200
2024-10-16 23:57:32,679 DEBUG server.RaftServer$Division (RaftServerImpl.java:logAppendEntries(1549)) - s9@group-676CD6864C30: appendEntries* reply s5<-s9#7910:OK-t1,SUCCESS,nextIndex=202,followerCommit=199,matchIndex=201
2024-10-16 23:57:32,677 DEBUG server.RaftServer$Division (RaftServerImpl.java:logAppendEntries(1549)) - s12@group-676CD6864C30: appendEntries* reply s5<-s12#7907:OK-t1,SUCCESS,nextIndex=202,followerCommit=199,matchIndex=201
2024-10-16 23:57:32,677 DEBUG server.RaftServer$Division (RaftServerImpl.java:logAppendEntries(1549)) - s2@group-676CD6864C30: appendEntries* reply s5<-s2#7903:OK-t1,SUCCESS,nextIndex=202,followerCommit=199,matchIndex=201
2024-10-16 23:57:32,677 DEBUG server.RaftServer$Division (RaftServerImpl.java:logAppendEntries(1549)) - s11@group-676CD6864C30: appendEntries* reply s5<-s11#7905:OK-t1,SUCCESS,nextIndex=202,followerCommit=199,matchIndex=201
2024-10-16 23:57:32,680 DEBUG server.RaftServer$Division (RaftServerImpl.java:logAppendEntries(1549)) - s12@group-676CD6864C30: appendEntries* s5->s12#7915-t1,previous=(t:1, i:201),leaderCommit=201,initializing? false,entries: size=1, first=(t:1, i:202), METADATAENTRY(c:201)
2024-10-16 23:57:32,681 DEBUG server.RaftServer$Division (RaftServerImpl.java:logAppendEntries(1549)) - s13@group-676CD6864C30: appendEntries* s5->s13#7920-t1,previous=(t:1, i:201),leaderCommit=201,initializing? false,entries: size=1, first=(t:1, i:202), METADATAENTRY(c:201)
2024-10-16 23:57:32,680 DEBUG server.RaftServer$Division (RaftServerImpl.java:logAppendEntries(1549)) - s4@group-676CD6864C30: appendEntries* s5->s4#7912-t1,previous=(t:1, i:200),leaderCommit=200,initializing? false,entries: size=1, first=(t:1, i:201), STATEMACHINELOGENTRY, StateMachineLogEntryProto:7899@client-BE1E56DD0B20
2024-10-16 23:57:32,681 INFO  statemachine.StateMachine (ArithmeticStateMachine.java:applyTransaction(181)) - LEADER:s5-201: b = null = null
2024-10-16 23:57:32,681 DEBUG server.RaftServer$Division (RaftServerImpl.java:logAppendEntries(1549)) - s12@group-676CD6864C30: appendEntries* reply s5<-s12#7915:OK-t1,SUCCESS,nextIndex=203,followerCommit=201,matchIndex=202
2024-10-16 23:57:32,681 DEBUG server.RaftServer$Division (RaftServerImpl.java:logAppendEntries(1549)) - s3@group-676CD6864C30: appendEntries* s5->s3#7913-t1,previous=(t:1, i:201),leaderCommit=201,initializing? false,entries: size=1, first=(t:1, i:202), METADATAENTRY(c:201)
2024-10-16 23:57:32,681 DEBUG server.RaftServer$Division (RaftServerImpl.java:logAppendEntries(1549)) - s6@group-676CD6864C30: appendEntries* reply s5<-s6#7900:OK-t1,SUCCESS,nextIndex=201,followerCommit=199,matchIndex=200
2024-10-16 23:57:32,681 DEBUG server.RaftServer$Division (RaftServerImpl.java:logAppendEntries(1549)) - s13@group-676CD6864C30: appendEntries* reply s5<-s13#7920:OK-t1,SUCCESS,nextIndex=203,followerCommit=201,matchIndex=202
2024-10-16 23:57:32,682 DEBUG server.RaftServer$Division (RaftServerImpl.java:logAppendEntries(1549)) - s0@group-676CD6864C30: appendEntries* s5->s0#7911-t1,previous=(t:1, i:200),leaderCommit=200,initializing? false,entries: size=1, first=(t:1, i:201), STATEMACHINELOGENTRY, StateMachineLogEntryProto:7899@client-BE1E56DD0B20
2024-10-16 23:57:32,682 DEBUG server.RaftServer$Division (RaftServerImpl.java:logAppendEntries(1549)) - s9@group-676CD6864C30: appendEntries* s5->s9#7922-t1,previous=(t:1, i:201),leaderCommit=201,initializing? false,entries: size=1, first=(t:1, i:202), METADATAENTRY(c:201)
2024-10-16 23:57:32,682 DEBUG server.RaftServer$Division (RaftServerImpl.java:logAppendEntries(1549)) - s0@group-676CD6864C30: appendEntries* reply s5<-s0#7911:OK-t1,SUCCESS,nextIndex=202,followerCommit=200,matchIndex=201
2024-10-16 23:57:32,682 DEBUG server.RaftServer$Division (RaftServerImpl.java:submitClientRequestAsync(920)) - s5@group-676CD6864C30: receive client request(RaftClientRequest:client-BE1E56DD0B20->s5@group-676CD6864C30, cid=7924, seq=null, RW, Message:01016300)
2024-10-16 23:57:32,682 DEBUG server.RaftServer$Division (LeaderStateImpl.java:addPendingRequest(529)) - s5@group-676CD6864C30-LeaderStateImpl: addPendingRequest at RaftClientRequest:client-BE1E56DD0B20->s5@group-676CD6864C30, cid=7924, seq=null, RW, Message:01016300, entry=(t:1, i:203), STATEMACHINELOGENTRY, WRITE: logData.size=4, stateMachineData.size=0, logEntryProtoSerializedSize=0
2024-10-16 23:57:32,683 DEBUG server.RaftServer$Division (RaftServerImpl.java:logAppendEntries(1549)) - s0@group-676CD6864C30: appendEntries* s5->s0#7925-t1,previous=(t:1, i:201),leaderCommit=201,initializing? false,entries: size=1, first=(t:1, i:202), METADATAENTRY(c:201)
2024-10-16 23:57:32,681 DEBUG server.RaftServer$Division (RaftServerImpl.java:logAppendEntries(1549)) - s1@group-676CD6864C30: appendEntries* s5->s1#7918-t1,previous=(t:1, i:201),leaderCommit=201,initializing? false,entries: size=1, first=(t:1, i:202), METADATAENTRY(c:201)
2024-10-16 23:57:32,681 DEBUG server.RaftServer$Division (RaftServerImpl.java:logAppendEntries(1549)) - s14@group-676CD6864C30: appendEntries* s5->s14#7917-t1,previous=(t:1, i:201),leaderCommit=201,initializing? false,entries: size=1, first=(t:1, i:202), METADATAENTRY(c:201)
2024-10-16 23:57:32,680 DEBUG server.RaftServer$Division (RaftServerImpl.java:logAppendEntries(1549)) - s11@group-676CD6864C30: appendEntries* s5->s11#7914-t1,previous=(t:1, i:201),leaderCommit=201,initializing? false,entries: size=1, first=(t:1, i:202), METADATAENTRY(c:201)
2024-10-16 23:57:32,680 DEBUG server.RaftServer$Division (RaftServerImpl.java:logAppendEntries(1549)) - s2@group-676CD6864C30: appendEntries* s5->s2#7916-t1,previous=(t:1, i:201),leaderCommit=201,initializing? false,entries: size=1, first=(t:1, i:202), METADATAENTRY(c:201)
2024-10-16 23:57:32,683 DEBUG server.RaftServer$Division (RaftServerImpl.java:logAppendEntries(1549)) - s10@group-676CD6864C30: appendEntries* reply s5<-s10#7891:OK-t1,SUCCESS,nextIndex=200,followerCommit=198,matchIndex=199
2024-10-16 23:57:32,683 DEBUG server.RaftServer$Division (RaftServerImpl.java:logAppendEntries(1549)) - s14@group-676CD6864C30: appendEntries* reply s5<-s14#7917:OK-t1,SUCCESS,nextIndex=203,followerCommit=201,matchIndex=202
2024-10-16 23:57:32,683 DEBUG server.RaftServer$Division (RaftServerImpl.java:logAppendEntries(1549)) - s1@group-676CD6864C30: appendEntries* reply s5<-s1#7918:OK-t1,SUCCESS,nextIndex=203,followerCommit=201,matchIndex=202
2024-10-16 23:57:32,683 DEBUG server.RaftServer$Division (RaftServerImpl.java:logAppendEntries(1549)) - s0@group-676CD6864C30: appendEntries* reply s5<-s0#7925:OK-t1,SUCCESS,nextIndex=203,followerCommit=201,matchIndex=202
2024-10-16 23:57:32,684 DEBUG server.RaftServer$Division (RaftServerImpl.java:logAppendEntries(1549)) - s11@group-676CD6864C30: appendEntries* reply s5<-s11#7914:OK-t1,SUCCESS,nextIndex=203,followerCommit=201,matchIndex=202
2024-10-16 23:57:32,683 DEBUG server.RaftServer$Division (RaftServerImpl.java:logAppendEntries(1549)) - s9@group-676CD6864C30: appendEntries* reply s5<-s9#7922:OK-t1,SUCCESS,nextIndex=203,followerCommit=201,matchIndex=202
2024-10-16 23:57:32,684 DEBUG server.RaftServer$Division (RaftServerImpl.java:logAppendEntries(1549)) - s1@group-676CD6864C30: appendEntries* s5->s1#7930-t1,previous=(t:1, i:202),leaderCommit=201,initializing? false,entries: size=1, first=(t:1, i:203), STATEMACHINELOGENTRY, StateMachineLogEntryProto:7924@client-BE1E56DD0B20
2024-10-16 23:57:32,683 DEBUG server.RaftServer$Division (RaftServerImpl.java:logAppendEntries(1549)) - s6@group-676CD6864C30: appendEntries* s5->s6#7923-t1,previous=(t:1, i:200),leaderCommit=201,initializing? false,entries: size=2, first=(t:1, i:201), STATEMACHINELOGENTRY, StateMachineLogEntryProto:7899@client-BE1E56DD0B20
2024-10-16 23:57:32,685 DEBUG server.RaftServer$Division (RaftServerImpl.java:logAppendEntries(1549)) - s0@group-676CD6864C30: appendEntries* s5->s0#7933-t1,previous=(t:1, i:202),leaderCommit=201,initializing? false,entries: size=1, first=(t:1, i:203), STATEMACHINELOGENTRY, StateMachineLogEntryProto:7924@client-BE1E56DD0B20
2024-10-16 23:57:32,683 DEBUG server.RaftServer$Division (RaftServerImpl.java:logAppendEntries(1549)) - s13@group-676CD6864C30: appendEntries* s5->s13#7926-t1,previous=(t:1, i:202),leaderCommit=201,initializing? false,entries: size=1, first=(t:1, i:203), STATEMACHINELOGENTRY, StateMachineLogEntryProto:7924@client-BE1E56DD0B20
2024-10-16 23:57:32,683 DEBUG server.RaftServer$Division (RaftServerImpl.java:logAppendEntries(1549)) - s12@group-676CD6864C30: appendEntries* s5->s12#7927-t1,previous=(t:1, i:202),leaderCommit=201,initializing? false,entries: size=1, first=(t:1, i:203), STATEMACHINELOGENTRY, StateMachineLogEntryProto:7924@client-BE1E56DD0B20
2024-10-16 23:57:32,685 DEBUG server.RaftServer$Division (RaftServerImpl.java:logAppendEntries(1549)) - s10@group-676CD6864C30: appendEntries* s5->s10#7929-t1,previous=(t:1, i:199),leaderCommit=201,initializing? false,entries: size=4, first=(t:1, i:200), METADATAENTRY(c:199)
2024-10-16 23:57:32,682 DEBUG server.RaftServer$Division (RaftServerImpl.java:logAppendEntries(1549)) - s4@group-676CD6864C30: appendEntries* reply s5<-s4#7912:OK-t1,SUCCESS,nextIndex=202,followerCommit=200,matchIndex=201
2024-10-16 23:57:32,682 DEBUG server.RaftServer$Division (RaftServerImpl.java:logAppendEntries(1549)) - s3@group-676CD6864C30: appendEntries* reply s5<-s3#7913:OK-t1,SUCCESS,nextIndex=203,followerCommit=201,matchIndex=202
2024-10-16 23:57:32,685 DEBUG server.RaftServer$Division (RaftServerImpl.java:logAppendEntries(1549)) - s12@group-676CD6864C30: appendEntries* reply s5<-s12#7927:OK-t1,SUCCESS,nextIndex=204,followerCommit=201,matchIndex=203
2024-10-16 23:57:32,681 DEBUG server.RaftServer$Division (RaftServerImpl.java:logAppendEntries(1549)) - s8@group-676CD6864C30: appendEntries* s5->s8#7921-t1,previous=(t:1, i:200),leaderCommit=201,initializing? false,entries: size=2, first=(t:1, i:201), STATEMACHINELOGENTRY, StateMachineLogEntryProto:7899@client-BE1E56DD0B20
2024-10-16 23:57:32,681 DEBUG server.RaftServer$Division (RaftServerImpl.java:logAppendEntries(1549)) - s7@group-676CD6864C30: appendEntries* s5->s7#7919-t1,previous=(t:1, i:201),leaderCommit=201,initializing? false,entries: size=1, first=(t:1, i:202), METADATAENTRY(c:201)
2024-10-16 23:57:32,685 DEBUG server.RaftServer$Division (RaftServerImpl.java:logAppendEntries(1549)) - s13@group-676CD6864C30: appendEntries* reply s5<-s13#7926:OK-t1,SUCCESS,nextIndex=204,followerCommit=201,matchIndex=203
2024-10-16 23:57:32,685 DEBUG server.RaftServer$Division (RaftServerImpl.java:logAppendEntries(1549)) - s6@group-676CD6864C30: appendEntries* reply s5<-s6#7923:OK-t1,SUCCESS,nextIndex=203,followerCommit=201,matchIndex=202
2024-10-16 23:57:32,686 DEBUG server.RaftServer$Division (RaftServerImpl.java:logAppendEntries(1549)) - s4@group-676CD6864C30: appendEntries* s5->s4#7934-t1,previous=(t:1, i:201),leaderCommit=202,initializing? false,entries: size=2, first=(t:1, i:202), METADATAENTRY(c:201)
2024-10-16 23:57:32,686 DEBUG server.RaftServer$Division (RaftServerImpl.java:logAppendEntries(1549)) - s10@group-676CD6864C30: appendEntries* reply s5<-s10#7929:OK-t1,SUCCESS,nextIndex=204,followerCommit=201,matchIndex=203
2024-10-16 23:57:32,686 DEBUG server.RaftServer$Division (RaftServerImpl.java:logAppendEntries(1549)) - s6@group-676CD6864C30: appendEntries* s5->s6#7936-t1,previous=(t:1, i:202),leaderCommit=202,initializing? false,entries: size=1, first=(t:1, i:203), STATEMACHINELOGENTRY, StateMachineLogEntryProto:7924@client-BE1E56DD0B20
2024-10-16 23:57:32,686 DEBUG server.RaftServer$Division (RaftServerImpl.java:logAppendEntries(1549)) - s8@group-676CD6864C30: appendEntries* reply s5<-s8#7921:OK-t1,SUCCESS,nextIndex=203,followerCommit=201,matchIndex=202
2024-10-16 23:57:32,687 DEBUG server.RaftServer$Division (RaftServerImpl.java:logAppendEntries(1549)) - s0@group-676CD6864C30: appendEntries* reply s5<-s0#7933:OK-t1,SUCCESS,nextIndex=204,followerCommit=201,matchIndex=203
2024-10-16 23:57:32,685 DEBUG server.RaftServer$Division (RaftServerImpl.java:logAppendEntries(1549)) - s9@group-676CD6864C30: appendEntries* s5->s9#7932-t1,previous=(t:1, i:202),leaderCommit=201,initializing? false,entries: size=1, first=(t:1, i:203), STATEMACHINELOGENTRY, StateMachineLogEntryProto:7924@client-BE1E56DD0B20
2024-10-16 23:57:32,685 DEBUG server.RaftServer$Division (RaftServerImpl.java:logAppendEntries(1549)) - s1@group-676CD6864C30: appendEntries* reply s5<-s1#7930:OK-t1,SUCCESS,nextIndex=204,followerCommit=201,matchIndex=203
2024-10-16 23:57:32,684 DEBUG server.RaftServer$Division (RaftServerImpl.java:logAppendEntries(1549)) - s11@group-676CD6864C30: appendEntries* s5->s11#7931-t1,previous=(t:1, i:202),leaderCommit=201,initializing? false,entries: size=1, first=(t:1, i:203), STATEMACHINELOGENTRY, StateMachineLogEntryProto:7924@client-BE1E56DD0B20
2024-10-16 23:57:32,684 DEBUG server.RaftServer$Division (RaftServerImpl.java:logAppendEntries(1549)) - s14@group-676CD6864C30: appendEntries* s5->s14#7928-t1,previous=(t:1, i:202),leaderCommit=201,initializing? false,entries: size=1, first=(t:1, i:203), STATEMACHINELOGENTRY, StateMachineLogEntryProto:7924@client-BE1E56DD0B20
2024-10-16 23:57:32,684 DEBUG server.RaftServer$Division (RaftServerImpl.java:logAppendEntries(1549)) - s2@group-676CD6864C30: appendEntries* reply s5<-s2#7916:OK-t1,SUCCESS,nextIndex=203,followerCommit=201,matchIndex=202
2024-10-16 23:57:32,687 DEBUG server.RaftServer$Division (RaftServerImpl.java:logAppendEntries(1549)) - s11@group-676CD6864C30: appendEntries* reply s5<-s11#7931:OK-t1,SUCCESS,nextIndex=204,followerCommit=201,matchIndex=203
2024-10-16 23:57:32,687 DEBUG server.RaftServer$Division (RaftServerImpl.java:logAppendEntries(1549)) - s8@group-676CD6864C30: appendEntries* s5->s8#7937-t1,previous=(t:1, i:202),leaderCommit=202,initializing? false,entries: size=1, first=(t:1, i:203), STATEMACHINELOGENTRY, StateMachineLogEntryProto:7924@client-BE1E56DD0B20
2024-10-16 23:57:32,687 DEBUG server.RaftServer$Division (RaftServerImpl.java:logAppendEntries(1549)) - s7@group-676CD6864C30: appendEntries* reply s5<-s7#7919:OK-t1,SUCCESS,nextIndex=203,followerCommit=201,matchIndex=202
2024-10-16 23:57:32,687 DEBUG server.RaftServer$Division (RaftServerImpl.java:logAppendEntries(1549)) - s6@group-676CD6864C30: appendEntries* reply s5<-s6#7936:OK-t1,SUCCESS,nextIndex=204,followerCommit=202,matchIndex=203
2024-10-16 23:57:32,686 DEBUG server.RaftServer$Division (RaftServerImpl.java:logAppendEntries(1549)) - s4@group-676CD6864C30: appendEntries* reply s5<-s4#7934:OK-t1,SUCCESS,nextIndex=204,followerCommit=202,matchIndex=203
2024-10-16 23:57:32,686 DEBUG server.RaftServer$Division (RaftServerImpl.java:logAppendEntries(1549)) - s3@group-676CD6864C30: appendEntries* s5->s3#7935-t1,previous=(t:1, i:202),leaderCommit=202,initializing? false,entries: size=1, first=(t:1, i:203), STATEMACHINELOGENTRY, StateMachineLogEntryProto:7924@client-BE1E56DD0B20
2024-10-16 23:57:32,688 DEBUG server.RaftServer$Division (RaftServerImpl.java:logAppendEntries(1549)) - s2@group-676CD6864C30: appendEntries* s5->s2#7938-t1,previous=(t:1, i:202),leaderCommit=202,initializing? false,entries: size=1, first=(t:1, i:203), STATEMACHINELOGENTRY, StateMachineLogEntryProto:7924@client-BE1E56DD0B20
2024-10-16 23:57:32,688 DEBUG server.RaftServer$Division (RaftServerImpl.java:logAppendEntries(1549)) - s8@group-676CD6864C30: appendEntries* reply s5<-s8#7937:OK-t1,SUCCESS,nextIndex=204,followerCommit=202,matchIndex=203
2024-10-16 23:57:32,688 DEBUG server.RaftServer$Division (RaftServerImpl.java:logAppendEntries(1549)) - s14@group-676CD6864C30: appendEntries* reply s5<-s14#7928:OK-t1,SUCCESS,nextIndex=204,followerCommit=201,matchIndex=203
2024-10-16 23:57:32,688 INFO  statemachine.StateMachine (ArithmeticStateMachine.java:applyTransaction(181)) - LEADER:s5-203: c = null = null
2024-10-16 23:57:32,688 DEBUG server.RaftServer$Division (RaftServerImpl.java:logAppendEntries(1549)) - s3@group-676CD6864C30: appendEntries* reply s5<-s3#7935:OK-t1,SUCCESS,nextIndex=204,followerCommit=202,matchIndex=203
2024-10-16 23:57:32,688 DEBUG server.RaftServer$Division (RaftServerImpl.java:logAppendEntries(1549)) - s7@group-676CD6864C30: appendEntries* s5->s7#7939-t1,previous=(t:1, i:202),leaderCommit=202,initializing? false,entries: size=1, first=(t:1, i:203), STATEMACHINELOGENTRY, StateMachineLogEntryProto:7924@client-BE1E56DD0B20
2024-10-16 23:57:32,688 DEBUG server.RaftServer$Division (RaftServerImpl.java:logAppendEntries(1549)) - s2@group-676CD6864C30: appendEntries* reply s5<-s2#7938:OK-t1,SUCCESS,nextIndex=204,followerCommit=202,matchIndex=203
2024-10-16 23:57:32,689 DEBUG server.RaftServer$Division (RaftServerImpl.java:logAppendEntries(1549)) - s12@group-676CD6864C30: appendEntries* s5->s12#7944-t1,previous=(t:1, i:203),leaderCommit=203,initializing? false,entries: size=1, first=(t:1, i:204), METADATAENTRY(c:203)
2024-10-16 23:57:32,689 DEBUG server.RaftServer$Division (RaftServerImpl.java:logAppendEntries(1549)) - s11@group-676CD6864C30: appendEntries* s5->s11#7942-t1,previous=(t:1, i:203),leaderCommit=203,initializing? false,entries: size=1, first=(t:1, i:204), METADATAENTRY(c:203)
2024-10-16 23:57:32,689 DEBUG server.RaftServer$Division (RaftServerImpl.java:logAppendEntries(1549)) - s7@group-676CD6864C30: appendEntries* reply s5<-s7#7939:OK-t1,SUCCESS,nextIndex=204,followerCommit=202,matchIndex=203
2024-10-16 23:57:32,689 DEBUG server.RaftServer$Division (RaftServerImpl.java:submitClientRequestAsync(920)) - s5@group-676CD6864C30: receive client request(RaftClientRequest:client-BE1E56DD0B20->s5@group-676CD6864C30, cid=7943, seq=null, RW, Message:01016102405cc0000000...(size=12))
2024-10-16 23:57:32,689 DEBUG server.RaftServer$Division (LeaderStateImpl.java:addPendingRequest(529)) - s5@group-676CD6864C30-LeaderStateImpl: addPendingRequest at RaftClientRequest:client-BE1E56DD0B20->s5@group-676CD6864C30, cid=7943, seq=null, RW, Message:01016102405cc0000000...(size=12), entry=(t:1, i:205), STATEMACHINELOGENTRY, WRITE: logData.size=12, stateMachineData.size=0, logEntryProtoSerializedSize=0
2024-10-16 23:57:32,689 DEBUG server.RaftServer$Division (RaftServerImpl.java:logAppendEntries(1549)) - s12@group-676CD6864C30: appendEntries* reply s5<-s12#7944:OK-t1,SUCCESS,nextIndex=205,followerCommit=203,matchIndex=204
2024-10-16 23:57:32,689 DEBUG server.RaftServer$Division (RaftServerImpl.java:logAppendEntries(1549)) - s11@group-676CD6864C30: appendEntries* reply s5<-s11#7942:OK-t1,SUCCESS,nextIndex=205,followerCommit=203,matchIndex=204
2024-10-16 23:57:32,689 DEBUG server.RaftServer$Division (RaftServerImpl.java:logAppendEntries(1549)) - s4@group-676CD6864C30: appendEntries* s5->s4#7948-t1,previous=(t:1, i:203),leaderCommit=203,initializing? false,entries: size=1, first=(t:1, i:204), METADATAENTRY(c:203)
2024-10-16 23:57:32,690 DEBUG server.RaftServer$Division (RaftServerImpl.java:logAppendEntries(1549)) - s2@group-676CD6864C30: appendEntries* s5->s2#7950-t1,previous=(t:1, i:203),leaderCommit=203,initializing? false,entries: size=2, first=(t:1, i:204), METADATAENTRY(c:203)
2024-10-16 23:57:32,690 DEBUG server.RaftServer$Division (RaftServerImpl.java:logAppendEntries(1549)) - s11@group-676CD6864C30: appendEntries* s5->s11#7952-t1,previous=(t:1, i:204),leaderCommit=203,initializing? false,entries: size=1, first=(t:1, i:205), STATEMACHINELOGENTRY, StateMachineLogEntryProto:7943@client-BE1E56DD0B20
2024-10-16 23:57:32,690 DEBUG server.RaftServer$Division (RaftServerImpl.java:logAppendEntries(1549)) - s4@group-676CD6864C30: appendEntries* reply s5<-s4#7948:OK-t1,SUCCESS,nextIndex=205,followerCommit=203,matchIndex=204
2024-10-16 23:57:32,690 DEBUG server.RaftServer$Division (RaftServerImpl.java:logAppendEntries(1549)) - s13@group-676CD6864C30: appendEntries* s5->s13#7951-t1,previous=(t:1, i:203),leaderCommit=203,initializing? false,entries: size=2, first=(t:1, i:204), METADATAENTRY(c:203)
2024-10-16 23:57:32,691 DEBUG server.RaftServer$Division (RaftServerImpl.java:logAppendEntries(1549)) - s8@group-676CD6864C30: appendEntries* s5->s8#7941-t1,previous=(t:1, i:203),leaderCommit=203,initializing? false,entries: size=1, first=(t:1, i:204), METADATAENTRY(c:203)
2024-10-16 23:57:32,689 DEBUG server.RaftServer$Division (RaftServerImpl.java:logAppendEntries(1549)) - s14@group-676CD6864C30: appendEntries* s5->s14#7945-t1,previous=(t:1, i:203),leaderCommit=203,initializing? false,entries: size=1, first=(t:1, i:204), METADATAENTRY(c:203)
2024-10-16 23:57:32,691 DEBUG server.RaftServer$Division (RaftServerImpl.java:logAppendEntries(1549)) - s13@group-676CD6864C30: appendEntries* reply s5<-s13#7951:OK-t1,SUCCESS,nextIndex=206,followerCommit=203,matchIndex=205
2024-10-16 23:57:32,691 DEBUG server.RaftServer$Division (RaftServerImpl.java:logAppendEntries(1549)) - s2@group-676CD6864C30: appendEntries* reply s5<-s2#7950:OK-t1,SUCCESS,nextIndex=206,followerCommit=203,matchIndex=205
2024-10-16 23:57:32,690 DEBUG server.RaftServer$Division (RaftServerImpl.java:logAppendEntries(1549)) - s12@group-676CD6864C30: appendEntries* s5->s12#7953-t1,previous=(t:1, i:204),leaderCommit=203,initializing? false,entries: size=1, first=(t:1, i:205), STATEMACHINELOGENTRY, StateMachineLogEntryProto:7943@client-BE1E56DD0B20
2024-10-16 23:57:32,690 DEBUG server.RaftServer$Division (RaftServerImpl.java:logAppendEntries(1549)) - s6@group-676CD6864C30: appendEntries* s5->s6#7947-t1,previous=(t:1, i:203),leaderCommit=203,initializing? false,entries: size=1, first=(t:1, i:204), METADATAENTRY(c:203)
2024-10-16 23:57:32,690 DEBUG server.RaftServer$Division (RaftServerImpl.java:logAppendEntries(1549)) - s11@group-676CD6864C30: appendEntries* reply s5<-s11#7952:OK-t1,SUCCESS,nextIndex=206,followerCommit=203,matchIndex=205
2024-10-16 23:57:32,690 DEBUG server.RaftServer$Division (RaftServerImpl.java:logAppendEntries(1549)) - s9@group-676CD6864C30: appendEntries* reply s5<-s9#7932:OK-t1,SUCCESS,nextIndex=204,followerCommit=201,matchIndex=203
2024-10-16 23:57:32,690 DEBUG server.RaftServer$Division (RaftServerImpl.java:logAppendEntries(1549)) - s1@group-676CD6864C30: appendEntries* s5->s1#7946-t1,previous=(t:1, i:203),leaderCommit=203,initializing? false,entries: size=1, first=(t:1, i:204), METADATAENTRY(c:203)
2024-10-16 23:57:32,690 DEBUG server.RaftServer$Division (RaftServerImpl.java:logAppendEntries(1549)) - s3@group-676CD6864C30: appendEntries* s5->s3#7949-t1,previous=(t:1, i:203),leaderCommit=203,initializing? false,entries: size=2, first=(t:1, i:204), METADATAENTRY(c:203)
2024-10-16 23:57:32,692 DEBUG server.RaftServer$Division (RaftServerImpl.java:logAppendEntries(1549)) - s6@group-676CD6864C30: appendEntries* reply s5<-s6#7947:OK-t1,SUCCESS,nextIndex=205,followerCommit=203,matchIndex=204
2024-10-16 23:57:32,691 DEBUG server.RaftServer$Division (RaftServerImpl.java:logAppendEntries(1549)) - s12@group-676CD6864C30: appendEntries* reply s5<-s12#7953:OK-t1,SUCCESS,nextIndex=206,followerCommit=203,matchIndex=205
2024-10-16 23:57:32,691 DEBUG server.RaftServer$Division (RaftServerImpl.java:logAppendEntries(1549)) - s0@group-676CD6864C30: appendEntries* s5->s0#7940-t1,previous=(t:1, i:203),leaderCommit=203,initializing? false,entries: size=1, first=(t:1, i:204), METADATAENTRY(c:203)
2024-10-16 23:57:32,691 DEBUG server.RaftServer$Division (RaftServerImpl.java:logAppendEntries(1549)) - s8@group-676CD6864C30: appendEntries* reply s5<-s8#7941:OK-t1,SUCCESS,nextIndex=205,followerCommit=203,matchIndex=204
2024-10-16 23:57:32,691 DEBUG server.RaftServer$Division (RaftServerImpl.java:logAppendEntries(1549)) - s14@group-676CD6864C30: appendEntries* reply s5<-s14#7945:OK-t1,SUCCESS,nextIndex=205,followerCommit=203,matchIndex=204
2024-10-16 23:57:32,691 DEBUG server.RaftServer$Division (RaftServerImpl.java:logAppendEntries(1549)) - s7@group-676CD6864C30: appendEntries* s5->s7#7955-t1,previous=(t:1, i:203),leaderCommit=203,initializing? false,entries: size=2, first=(t:1, i:204), METADATAENTRY(c:203)
2024-10-16 23:57:32,693 DEBUG server.RaftServer$Division (RaftServerImpl.java:logAppendEntries(1549)) - s8@group-676CD6864C30: appendEntries* s5->s8#7958-t1,previous=(t:1, i:204),leaderCommit=204,initializing? false,entries: size=1, first=(t:1, i:205), STATEMACHINELOGENTRY, StateMachineLogEntryProto:7943@client-BE1E56DD0B20
2024-10-16 23:57:32,693 DEBUG server.RaftServer$Division (RaftServerImpl.java:logAppendEntries(1549)) - s14@group-676CD6864C30: appendEntries* s5->s14#7959-t1,previous=(t:1, i:204),leaderCommit=204,initializing? false,entries: size=1, first=(t:1, i:205), STATEMACHINELOGENTRY, StateMachineLogEntryProto:7943@client-BE1E56DD0B20
2024-10-16 23:57:32,691 DEBUG server.RaftServer$Division (RaftServerImpl.java:logAppendEntries(1549)) - s4@group-676CD6864C30: appendEntries* s5->s4#7954-t1,previous=(t:1, i:204),leaderCommit=203,initializing? false,entries: size=1, first=(t:1, i:205), STATEMACHINELOGENTRY, StateMachineLogEntryProto:7943@client-BE1E56DD0B20
2024-10-16 23:57:32,693 DEBUG server.RaftServer$Division (RaftServerImpl.java:logAppendEntries(1549)) - s8@group-676CD6864C30: appendEntries* reply s5<-s8#7958:OK-t1,SUCCESS,nextIndex=206,followerCommit=204,matchIndex=205
2024-10-16 23:57:32,693 DEBUG server.RaftServer$Division (RaftServerImpl.java:logAppendEntries(1549)) - s7@group-676CD6864C30: appendEntries* reply s5<-s7#7955:OK-t1,SUCCESS,nextIndex=206,followerCommit=203,matchIndex=205
2024-10-16 23:57:32,693 DEBUG server.RaftServer$Division (RaftServerImpl.java:logAppendEntries(1549)) - s14@group-676CD6864C30: appendEntries* reply s5<-s14#7959:OK-t1,SUCCESS,nextIndex=206,followerCommit=204,matchIndex=205
2024-10-16 23:57:32,693 DEBUG server.RaftServer$Division (RaftServerImpl.java:logAppendEntries(1549)) - s4@group-676CD6864C30: appendEntries* reply s5<-s4#7954:OK-t1,SUCCESS,nextIndex=206,followerCommit=203,matchIndex=205
2024-10-16 23:57:32,693 DEBUG server.RaftServer$Division (RaftServerImpl.java:logAppendEntries(1549)) - s9@group-676CD6864C30: appendEntries* s5->s9#7956-t1,previous=(t:1, i:203),leaderCommit=203,initializing? false,entries: size=2, first=(t:1, i:204), METADATAENTRY(c:203)
2024-10-16 23:57:32,694 INFO  statemachine.StateMachine (ArithmeticStateMachine.java:applyTransaction(181)) - LEADER:s5-205: a = 115 = 115
2024-10-16 23:57:32,694 DEBUG server.RaftServer$Division (RaftServerImpl.java:logAppendEntries(1549)) - s11@group-676CD6864C30: appendEntries* s5->s11#7962-t1,previous=(t:1, i:205),leaderCommit=205,initializing? false,entries: size=1, first=(t:1, i:206), METADATAENTRY(c:205)
2024-10-16 23:57:32,692 DEBUG server.RaftServer$Division (RaftServerImpl.java:logAppendEntries(1549)) - s6@group-676CD6864C30: appendEntries* s5->s6#7957-t1,previous=(t:1, i:204),leaderCommit=203,initializing? false,entries: size=1, first=(t:1, i:205), STATEMACHINELOGENTRY, StateMachineLogEntryProto:7943@client-BE1E56DD0B20
2024-10-16 23:57:32,692 DEBUG server.RaftServer$Division (RaftServerImpl.java:logAppendEntries(1549)) - s1@group-676CD6864C30: appendEntries* reply s5<-s1#7946:OK-t1,SUCCESS,nextIndex=205,followerCommit=203,matchIndex=204
2024-10-16 23:57:32,692 DEBUG server.RaftServer$Division (RaftServerImpl.java:logAppendEntries(1549)) - s3@group-676CD6864C30: appendEntries* reply s5<-s3#7949:OK-t1,SUCCESS,nextIndex=206,followerCommit=203,matchIndex=205
2024-10-16 23:57:32,694 DEBUG server.RaftServer$Division (RaftServerImpl.java:logAppendEntries(1549)) - s4@group-676CD6864C30: appendEntries* s5->s4#7967-t1,previous=(t:1, i:205),leaderCommit=205,initializing? false,entries: size=1, first=(t:1, i:206), METADATAENTRY(c:205)
2024-10-16 23:57:32,694 DEBUG server.RaftServer$Division (RaftServerImpl.java:logAppendEntries(1549)) - s14@group-676CD6864C30: appendEntries* s5->s14#7964-t1,previous=(t:1, i:205),leaderCommit=205,initializing? false,entries: size=1, first=(t:1, i:206), METADATAENTRY(c:205)
2024-10-16 23:57:32,695 DEBUG server.RaftServer$Division (RaftServerImpl.java:logAppendEntries(1549)) - s8@group-676CD6864C30: appendEntries* s5->s8#7961-t1,previous=(t:1, i:205),leaderCommit=205,initializing? false,entries: size=1, first=(t:1, i:206), METADATAENTRY(c:205)
2024-10-16 23:57:32,694 DEBUG server.RaftServer$Division (RaftServerImpl.java:logAppendEntries(1549)) - s2@group-676CD6864C30: appendEntries* s5->s2#7965-t1,previous=(t:1, i:205),leaderCommit=205,initializing? false,entries: size=1, first=(t:1, i:206), METADATAENTRY(c:205)
2024-10-16 23:57:32,694 DEBUG server.RaftServer$Division (RaftServerImpl.java:logAppendEntries(1549)) - s12@group-676CD6864C30: appendEntries* s5->s12#7966-t1,previous=(t:1, i:205),leaderCommit=205,initializing? false,entries: size=1, first=(t:1, i:206), METADATAENTRY(c:205)
2024-10-16 23:57:32,695 DEBUG server.RaftServer$Division (RaftServerImpl.java:logAppendEntries(1549)) - s14@group-676CD6864C30: appendEntries* reply s5<-s14#7964:OK-t1,SUCCESS,nextIndex=207,followerCommit=205,matchIndex=206
2024-10-16 23:57:32,695 DEBUG server.RaftServer$Division (RaftServerImpl.java:submitClientRequestAsync(920)) - s5@group-676CD6864C30: receive client request(RaftClientRequest:client-BE1E56DD0B20->s5@group-676CD6864C30, cid=7968, seq=null, RW, Message:0101620240b9d4000000...(size=12))
2024-10-16 23:57:32,695 DEBUG server.RaftServer$Division (RaftServerImpl.java:logAppendEntries(1549)) - s0@group-676CD6864C30: appendEntries* reply s5<-s0#7940:OK-t1,SUCCESS,nextIndex=205,followerCommit=203,matchIndex=204
2024-10-16 23:57:32,695 DEBUG server.RaftServer$Division (RaftServerImpl.java:logAppendEntries(1549)) - s3@group-676CD6864C30: appendEntries* s5->s3#7969-t1,previous=(t:1, i:205),leaderCommit=205,initializing? false,entries: size=1, first=(t:1, i:206), METADATAENTRY(c:205)
2024-10-16 23:57:32,695 DEBUG server.RaftServer$Division (RaftServerImpl.java:logAppendEntries(1549)) - s4@group-676CD6864C30: appendEntries* reply s5<-s4#7967:OK-t1,SUCCESS,nextIndex=207,followerCommit=205,matchIndex=206
2024-10-16 23:57:32,695 DEBUG server.RaftServer$Division (RaftServerImpl.java:logAppendEntries(1549)) - s11@group-676CD6864C30: appendEntries* reply s5<-s11#7962:OK-t1,SUCCESS,nextIndex=207,followerCommit=205,matchIndex=206
2024-10-16 23:57:32,695 DEBUG server.RaftServer$Division (RaftServerImpl.java:logAppendEntries(1549)) - s6@group-676CD6864C30: appendEntries* reply s5<-s6#7957:OK-t1,SUCCESS,nextIndex=206,followerCommit=203,matchIndex=205
2024-10-16 23:57:32,696 DEBUG server.RaftServer$Division (RaftServerImpl.java:logAppendEntries(1549)) - s3@group-676CD6864C30: appendEntries* reply s5<-s3#7969:OK-t1,SUCCESS,nextIndex=207,followerCommit=205,matchIndex=206
2024-10-16 23:57:32,697 DEBUG server.RaftServer$Division (RaftServerImpl.java:logAppendEntries(1549)) - s14@group-676CD6864C30: appendEntries* s5->s14#7971-t1,previous=(t:1, i:206),leaderCommit=205,initializing? false,entries: size=1, first=(t:1, i:207), STATEMACHINELOGENTRY, StateMachineLogEntryProto:7968@client-BE1E56DD0B20
2024-10-16 23:57:32,697 DEBUG server.RaftServer$Division (RaftServerImpl.java:logAppendEntries(1549)) - s3@group-676CD6864C30: appendEntries* s5->s3#7975-t1,previous=(t:1, i:206),leaderCommit=205,initializing? false,entries: size=1, first=(t:1, i:207), STATEMACHINELOGENTRY, StateMachineLogEntryProto:7968@client-BE1E56DD0B20
2024-10-16 23:57:32,697 DEBUG server.RaftServer$Division (RaftServerImpl.java:logAppendEntries(1549)) - s1@group-676CD6864C30: appendEntries* s5->s1#7976-t1,previous=(t:1, i:204),leaderCommit=205,initializing? false,entries: size=3, first=(t:1, i:205), STATEMACHINELOGENTRY, StateMachineLogEntryProto:7943@client-BE1E56DD0B20
2024-10-16 23:57:32,696 DEBUG server.RaftServer$Division (RaftServerImpl.java:logAppendEntries(1549)) - s13@group-676CD6864C30: appendEntries* s5->s13#7963-t1,previous=(t:1, i:205),leaderCommit=205,initializing? false,entries: size=1, first=(t:1, i:206), METADATAENTRY(c:205)
2024-10-16 23:57:32,697 DEBUG server.RaftServer$Division (RaftServerImpl.java:logAppendEntries(1549)) - s7@group-676CD6864C30: appendEntries* s5->s7#7970-t1,previous=(t:1, i:205),leaderCommit=205,initializing? false,entries: size=1, first=(t:1, i:206), METADATAENTRY(c:205)
2024-10-16 23:57:32,697 DEBUG server.RaftServer$Division (RaftServerImpl.java:logAppendEntries(1549)) - s1@group-676CD6864C30: appendEntries* reply s5<-s1#7976:OK-t1,SUCCESS,nextIndex=208,followerCommit=205,matchIndex=207
2024-10-16 23:57:32,698 DEBUG server.RaftServer$Division (RaftServerImpl.java:logAppendEntries(1549)) - s9@group-676CD6864C30: appendEntries* reply s5<-s9#7956:OK-t1,SUCCESS,nextIndex=206,followerCommit=203,matchIndex=205
2024-10-16 23:57:32,696 DEBUG server.RaftServer$Division (RaftServerImpl.java:logAppendEntries(1549)) - s12@group-676CD6864C30: appendEntries* reply s5<-s12#7966:OK-t1,SUCCESS,nextIndex=207,followerCommit=205,matchIndex=206
2024-10-16 23:57:32,695 DEBUG server.RaftServer$Division (RaftServerImpl.java:logAppendEntries(1549)) - s8@group-676CD6864C30: appendEntries* reply s5<-s8#7961:OK-t1,SUCCESS,nextIndex=207,followerCommit=205,matchIndex=206
2024-10-16 23:57:32,695 DEBUG server.RaftServer$Division (RaftServerImpl.java:logAppendEntries(1549)) - s2@group-676CD6864C30: appendEntries* reply s5<-s2#7965:OK-t1,SUCCESS,nextIndex=207,followerCommit=205,matchIndex=206
2024-10-16 23:57:32,695 DEBUG server.RaftServer$Division (LeaderStateImpl.java:addPendingRequest(529)) - s5@group-676CD6864C30-LeaderStateImpl: addPendingRequest at RaftClientRequest:client-BE1E56DD0B20->s5@group-676CD6864C30, cid=7968, seq=null, RW, Message:0101620240b9d4000000...(size=12), entry=(t:1, i:207), STATEMACHINELOGENTRY, WRITE: logData.size=12, stateMachineData.size=0, logEntryProtoSerializedSize=0
2024-10-16 23:57:32,698 DEBUG server.RaftServer$Division (RaftServerImpl.java:logAppendEntries(1549)) - s14@group-676CD6864C30: appendEntries* reply s5<-s14#7971:OK-t1,SUCCESS,nextIndex=208,followerCommit=205,matchIndex=207
2024-10-16 23:57:32,697 DEBUG server.RaftServer$Division (RaftServerImpl.java:logAppendEntries(1549)) - s13@group-676CD6864C30: appendEntries* reply s5<-s13#7963:OK-t1,SUCCESS,nextIndex=207,followerCommit=205,matchIndex=206
2024-10-16 23:57:32,697 DEBUG server.RaftServer$Division (RaftServerImpl.java:logAppendEntries(1549)) - s3@group-676CD6864C30: appendEntries* reply s5<-s3#7975:OK-t1,SUCCESS,nextIndex=208,followerCommit=205,matchIndex=207
2024-10-16 23:57:32,698 DEBUG server.RaftServer$Division (RaftServerImpl.java:logAppendEntries(1549)) - s12@group-676CD6864C30: appendEntries* s5->s12#7979-t1,previous=(t:1, i:206),leaderCommit=205,initializing? false,entries: size=1, first=(t:1, i:207), STATEMACHINELOGENTRY, StateMachineLogEntryProto:7968@client-BE1E56DD0B20
2024-10-16 23:57:32,698 DEBUG server.RaftServer$Division (RaftServerImpl.java:logAppendEntries(1549)) - s9@group-676CD6864C30: appendEntries* s5->s9#7978-t1,previous=(t:1, i:205),leaderCommit=205,initializing? false,entries: size=2, first=(t:1, i:206), METADATAENTRY(c:205)
2024-10-16 23:57:32,699 DEBUG server.RaftServer$Division (RaftServerImpl.java:logAppendEntries(1549)) - s8@group-676CD6864C30: appendEntries* s5->s8#7981-t1,previous=(t:1, i:206),leaderCommit=206,initializing? false,entries: size=1, first=(t:1, i:207), STATEMACHINELOGENTRY, StateMachineLogEntryProto:7968@client-BE1E56DD0B20
2024-10-16 23:57:32,699 DEBUG server.RaftServer$Division (RaftServerImpl.java:logAppendEntries(1549)) - s10@group-676CD6864C30: appendEntries* s5->s10#7960-t1,previous=(t:1, i:203),leaderCommit=204,initializing? false,entries: size=2, first=(t:1, i:204), METADATAENTRY(c:203)
2024-10-16 23:57:32,699 DEBUG server.RaftServer$Division (RaftServerImpl.java:logAppendEntries(1549)) - s13@group-676CD6864C30: appendEntries* s5->s13#7982-t1,previous=(t:1, i:206),leaderCommit=206,initializing? false,entries: size=1, first=(t:1, i:207), STATEMACHINELOGENTRY, StateMachineLogEntryProto:7968@client-BE1E56DD0B20
2024-10-16 23:57:32,697 DEBUG server.RaftServer$Division (RaftServerImpl.java:logAppendEntries(1549)) - s0@group-676CD6864C30: appendEntries* s5->s0#7974-t1,previous=(t:1, i:204),leaderCommit=205,initializing? false,entries: size=3, first=(t:1, i:205), STATEMACHINELOGENTRY, StateMachineLogEntryProto:7943@client-BE1E56DD0B20
2024-10-16 23:57:32,697 DEBUG server.RaftServer$Division (RaftServerImpl.java:logAppendEntries(1549)) - s6@group-676CD6864C30: appendEntries* s5->s6#7977-t1,previous=(t:1, i:205),leaderCommit=205,initializing? false,entries: size=2, first=(t:1, i:206), METADATAENTRY(c:205)
2024-10-16 23:57:32,697 DEBUG server.RaftServer$Division (RaftServerImpl.java:logAppendEntries(1549)) - s4@group-676CD6864C30: appendEntries* s5->s4#7972-t1,previous=(t:1, i:206),leaderCommit=205,initializing? false,entries: size=1, first=(t:1, i:207), STATEMACHINELOGENTRY, StateMachineLogEntryProto:7968@client-BE1E56DD0B20
2024-10-16 23:57:32,697 DEBUG server.RaftServer$Division (RaftServerImpl.java:logAppendEntries(1549)) - s11@group-676CD6864C30: appendEntries* s5->s11#7973-t1,previous=(t:1, i:206),leaderCommit=205,initializing? false,entries: size=1, first=(t:1, i:207), STATEMACHINELOGENTRY, StateMachineLogEntryProto:7968@client-BE1E56DD0B20
2024-10-16 23:57:32,700 DEBUG server.RaftServer$Division (RaftServerImpl.java:logAppendEntries(1549)) - s6@group-676CD6864C30: appendEntries* reply s5<-s6#7977:OK-t1,SUCCESS,nextIndex=208,followerCommit=205,matchIndex=207
2024-10-16 23:57:32,699 DEBUG server.RaftServer$Division (RaftServerImpl.java:logAppendEntries(1549)) - s9@group-676CD6864C30: appendEntries* reply s5<-s9#7978:OK-t1,SUCCESS,nextIndex=208,followerCommit=205,matchIndex=207
2024-10-16 23:57:32,699 DEBUG server.RaftServer$Division (RaftServerImpl.java:logAppendEntries(1549)) - s10@group-676CD6864C30: appendEntries* reply s5<-s10#7960:OK-t1,SUCCESS,nextIndex=206,followerCommit=204,matchIndex=205
2024-10-16 23:57:32,699 DEBUG server.RaftServer$Division (RaftServerImpl.java:logAppendEntries(1549)) - s13@group-676CD6864C30: appendEntries* reply s5<-s13#7982:OK-t1,SUCCESS,nextIndex=208,followerCommit=206,matchIndex=207
2024-10-16 23:57:32,699 DEBUG server.RaftServer$Division (RaftServerImpl.java:logAppendEntries(1549)) - s8@group-676CD6864C30: appendEntries* reply s5<-s8#7981:OK-t1,SUCCESS,nextIndex=208,followerCommit=206,matchIndex=207
2024-10-16 23:57:32,700 DEBUG server.RaftServer$Division (RaftServerImpl.java:logAppendEntries(1549)) - s11@group-676CD6864C30: appendEntries* reply s5<-s11#7973:OK-t1,SUCCESS,nextIndex=208,followerCommit=205,matchIndex=207
2024-10-16 23:57:32,699 DEBUG server.RaftServer$Division (RaftServerImpl.java:logAppendEntries(1549)) - s7@group-676CD6864C30: appendEntries* reply s5<-s7#7970:OK-t1,SUCCESS,nextIndex=207,followerCommit=205,matchIndex=206
2024-10-16 23:57:32,698 DEBUG server.RaftServer$Division (RaftServerImpl.java:logAppendEntries(1549)) - s12@group-676CD6864C30: appendEntries* reply s5<-s12#7979:OK-t1,SUCCESS,nextIndex=208,followerCommit=205,matchIndex=207
2024-10-16 23:57:32,698 DEBUG server.RaftServer$Division (RaftServerImpl.java:logAppendEntries(1549)) - s2@group-676CD6864C30: appendEntries* s5->s2#7980-t1,previous=(t:1, i:206),leaderCommit=205,initializing? false,entries: size=1, first=(t:1, i:207), STATEMACHINELOGENTRY, StateMachineLogEntryProto:7968@client-BE1E56DD0B20
2024-10-16 23:57:32,701 DEBUG server.RaftServer$Division (RaftServerImpl.java:logAppendEntries(1549)) - s11@group-676CD6864C30: appendEntries* s5->s11#7990-t1,previous=(t:1, i:207),leaderCommit=207,initializing? false,entries: size=1, first=(t:1, i:208), METADATAENTRY(c:207)
2024-10-16 23:57:32,701 DEBUG server.RaftServer$Division (RaftServerImpl.java:logAppendEntries(1549)) - s14@group-676CD6864C30: appendEntries* s5->s14#7985-t1,previous=(t:1, i:207),leaderCommit=207,initializing? false,entries: size=1, first=(t:1, i:208), METADATAENTRY(c:207)
2024-10-16 23:57:32,701 DEBUG server.RaftServer$Division (RaftServerImpl.java:logAppendEntries(1549)) - s9@group-676CD6864C30: appendEntries* s5->s9#7983-t1,previous=(t:1, i:207),leaderCommit=207,initializing? false,entries: size=1, first=(t:1, i:208), METADATAENTRY(c:207)
2024-10-16 23:57:32,702 DEBUG server.RaftServer$Division (RaftServerImpl.java:logAppendEntries(1549)) - s7@group-676CD6864C30: appendEntries* s5->s7#7992-t1,previous=(t:1, i:206),leaderCommit=207,initializing? false,entries: size=2, first=(t:1, i:207), STATEMACHINELOGENTRY, StateMachineLogEntryProto:7968@client-BE1E56DD0B20
2024-10-16 23:57:32,701 DEBUG server.RaftServer$Division (RaftServerImpl.java:logAppendEntries(1549)) - s6@group-676CD6864C30: appendEntries* s5->s6#7989-t1,previous=(t:1, i:207),leaderCommit=207,initializing? false,entries: size=1, first=(t:1, i:208), METADATAENTRY(c:207)
2024-10-16 23:57:32,701 DEBUG server.RaftServer$Division (RaftServerImpl.java:logAppendEntries(1549)) - s13@group-676CD6864C30: appendEntries* s5->s13#7984-t1,previous=(t:1, i:207),leaderCommit=207,initializing? false,entries: size=1, first=(t:1, i:208), METADATAENTRY(c:207)
2024-10-16 23:57:32,702 DEBUG server.RaftServer$Division (RaftServerImpl.java:logAppendEntries(1549)) - s6@group-676CD6864C30: appendEntries* reply s5<-s6#7989:OK-t1,SUCCESS,nextIndex=209,followerCommit=207,matchIndex=208
2024-10-16 23:57:32,702 DEBUG server.RaftServer$Division (RaftServerImpl.java:logAppendEntries(1549)) - s7@group-676CD6864C30: appendEntries* reply s5<-s7#7992:OK-t1,SUCCESS,nextIndex=209,followerCommit=207,matchIndex=208
2024-10-16 23:57:32,701 DEBUG server.RaftServer$Division (RaftServerImpl.java:logAppendEntries(1549)) - s1@group-676CD6864C30: appendEntries* s5->s1#7986-t1,previous=(t:1, i:207),leaderCommit=207,initializing? false,entries: size=1, first=(t:1, i:208), METADATAENTRY(c:207)
2024-10-16 23:57:32,701 DEBUG server.RaftServer$Division (RaftServerImpl.java:logAppendEntries(1549)) - s3@group-676CD6864C30: appendEntries* s5->s3#7987-t1,previous=(t:1, i:207),leaderCommit=207,initializing? false,entries: size=1, first=(t:1, i:208), METADATAENTRY(c:207)
2024-10-16 23:57:32,700 DEBUG server.RaftServer$Division (RaftServerImpl.java:logAppendEntries(1549)) - s4@group-676CD6864C30: appendEntries* reply s5<-s4#7972:OK-t1,SUCCESS,nextIndex=208,followerCommit=205,matchIndex=207
2024-10-16 23:57:32,700 INFO  statemachine.StateMachine (ArithmeticStateMachine.java:applyTransaction(181)) - LEADER:s5-207: b = 6612 = 6612
2024-10-16 23:57:32,700 DEBUG server.RaftServer$Division (RaftServerImpl.java:logAppendEntries(1549)) - s0@group-676CD6864C30: appendEntries* reply s5<-s0#7974:OK-t1,SUCCESS,nextIndex=208,followerCommit=205,matchIndex=207
2024-10-16 23:57:32,702 DEBUG server.RaftServer$Division (RaftServerImpl.java:logAppendEntries(1549)) - s1@group-676CD6864C30: appendEntries* reply s5<-s1#7986:OK-t1,SUCCESS,nextIndex=209,followerCommit=207,matchIndex=208
2024-10-16 23:57:32,702 DEBUG server.RaftServer$Division (RaftServerImpl.java:logAppendEntries(1549)) - s13@group-676CD6864C30: appendEntries* reply s5<-s13#7984:OK-t1,SUCCESS,nextIndex=209,followerCommit=207,matchIndex=208
2024-10-16 23:57:32,702 DEBUG server.RaftServer$Division (RaftServerImpl.java:logAppendEntries(1549)) - s9@group-676CD6864C30: appendEntries* reply s5<-s9#7983:OK-t1,SUCCESS,nextIndex=209,followerCommit=207,matchIndex=208
2024-10-16 23:57:32,702 DEBUG server.RaftServer$Division (RaftServerImpl.java:logAppendEntries(1549)) - s14@group-676CD6864C30: appendEntries* reply s5<-s14#7985:OK-t1,SUCCESS,nextIndex=209,followerCommit=207,matchIndex=208
2024-10-16 23:57:32,701 DEBUG server.RaftServer$Division (RaftServerImpl.java:logAppendEntries(1549)) - s11@group-676CD6864C30: appendEntries* reply s5<-s11#7990:OK-t1,SUCCESS,nextIndex=209,followerCommit=207,matchIndex=208
2024-10-16 23:57:32,703 DEBUG server.RaftServer$Division (RaftServerImpl.java:logAppendEntries(1549)) - s4@group-676CD6864C30: appendEntries* s5->s4#7994-t1,previous=(t:1, i:207),leaderCommit=207,initializing? false,entries: size=1, first=(t:1, i:208), METADATAENTRY(c:207)
2024-10-16 23:57:32,701 DEBUG server.RaftServer$Division (RaftServerImpl.java:logAppendEntries(1549)) - s8@group-676CD6864C30: appendEntries* s5->s8#7988-t1,previous=(t:1, i:207),leaderCommit=207,initializing? false,entries: size=1, first=(t:1, i:208), METADATAENTRY(c:207)
2024-10-16 23:57:32,703 DEBUG server.RaftServer$Division (RaftServerImpl.java:logAppendEntries(1549)) - s4@group-676CD6864C30: appendEntries* reply s5<-s4#7994:OK-t1,SUCCESS,nextIndex=209,followerCommit=207,matchIndex=208
2024-10-16 23:57:32,701 DEBUG server.RaftServer$Division (RaftServerImpl.java:logAppendEntries(1549)) - s2@group-676CD6864C30: appendEntries* reply s5<-s2#7980:OK-t1,SUCCESS,nextIndex=208,followerCommit=205,matchIndex=207
2024-10-16 23:57:32,701 DEBUG server.RaftServer$Division (RaftServerImpl.java:logAppendEntries(1549)) - s12@group-676CD6864C30: appendEntries* s5->s12#7991-t1,previous=(t:1, i:207),leaderCommit=207,initializing? false,entries: size=1, first=(t:1, i:208), METADATAENTRY(c:207)
2024-10-16 23:57:32,703 DEBUG server.RaftServer$Division (RaftServerImpl.java:submitClientRequestAsync(920)) - s5@group-676CD6864C30: receive client request(RaftClientRequest:client-BE1E56DD0B20->s5@group-676CD6864C30, cid=7995, seq=null, RW, Message:01016304010300040201...(size=17))
2024-10-16 23:57:32,704 DEBUG server.RaftServer$Division (LeaderStateImpl.java:addPendingRequest(529)) - s5@group-676CD6864C30-LeaderStateImpl: addPendingRequest at RaftClientRequest:client-BE1E56DD0B20->s5@group-676CD6864C30, cid=7995, seq=null, RW, Message:01016304010300040201...(size=17), entry=(t:1, i:209), STATEMACHINELOGENTRY, WRITE: logData.size=17, stateMachineData.size=0, logEntryProtoSerializedSize=0
2024-10-16 23:57:32,704 DEBUG server.RaftServer$Division (RaftServerImpl.java:logAppendEntries(1549)) - s12@group-676CD6864C30: appendEntries* reply s5<-s12#7991:OK-t1,SUCCESS,nextIndex=209,followerCommit=207,matchIndex=208
2024-10-16 23:57:32,704 DEBUG server.RaftServer$Division (RaftServerImpl.java:logAppendEntries(1549)) - s8@group-676CD6864C30: appendEntries* reply s5<-s8#7988:OK-t1,SUCCESS,nextIndex=209,followerCommit=207,matchIndex=208
2024-10-16 23:57:32,703 DEBUG server.RaftServer$Division (RaftServerImpl.java:logAppendEntries(1549)) - s3@group-676CD6864C30: appendEntries* reply s5<-s3#7987:OK-t1,SUCCESS,nextIndex=209,followerCommit=207,matchIndex=208
2024-10-16 23:57:32,704 DEBUG server.RaftServer$Division (RaftServerImpl.java:logAppendEntries(1549)) - s2@group-676CD6864C30: appendEntries* s5->s2#7997-t1,previous=(t:1, i:207),leaderCommit=208,initializing? false,entries: size=1, first=(t:1, i:208), METADATAENTRY(c:207)
2024-10-16 23:57:32,704 DEBUG server.RaftServer$Division (RaftServerImpl.java:logAppendEntries(1549)) - s11@group-676CD6864C30: appendEntries* s5->s11#8001-t1,previous=(t:1, i:208),leaderCommit=208,initializing? false,entries: size=1, first=(t:1, i:209), STATEMACHINELOGENTRY, StateMachineLogEntryProto:7995@client-BE1E56DD0B20
2024-10-16 23:57:32,704 DEBUG server.RaftServer$Division (RaftServerImpl.java:logAppendEntries(1549)) - s14@group-676CD6864C30: appendEntries* s5->s14#7999-t1,previous=(t:1, i:208),leaderCommit=208,initializing? false,entries: size=1, first=(t:1, i:209), STATEMACHINELOGENTRY, StateMachineLogEntryProto:7995@client-BE1E56DD0B20
2024-10-16 23:57:32,705 DEBUG server.RaftServer$Division (RaftServerImpl.java:logAppendEntries(1549)) - s3@group-676CD6864C30: appendEntries* s5->s3#8007-t1,previous=(t:1, i:208),leaderCommit=208,initializing? false,entries: size=1, first=(t:1, i:209), STATEMACHINELOGENTRY, StateMachineLogEntryProto:7995@client-BE1E56DD0B20
2024-10-16 23:57:32,705 DEBUG server.RaftServer$Division (RaftServerImpl.java:logAppendEntries(1549)) - s11@group-676CD6864C30: appendEntries* reply s5<-s11#8001:OK-t1,SUCCESS,nextIndex=210,followerCommit=208,matchIndex=209
2024-10-16 23:57:32,705 DEBUG server.RaftServer$Division (RaftServerImpl.java:logAppendEntries(1549)) - s13@group-676CD6864C30: appendEntries* s5->s13#8002-t1,previous=(t:1, i:208),leaderCommit=208,initializing? false,entries: size=1, first=(t:1, i:209), STATEMACHINELOGENTRY, StateMachineLogEntryProto:7995@client-BE1E56DD0B20
2024-10-16 23:57:32,705 DEBUG server.RaftServer$Division (RaftServerImpl.java:logAppendEntries(1549)) - s1@group-676CD6864C30: appendEntries* s5->s1#8003-t1,previous=(t:1, i:208),leaderCommit=208,initializing? false,entries: size=1, first=(t:1, i:209), STATEMACHINELOGENTRY, StateMachineLogEntryProto:7995@client-BE1E56DD0B20
2024-10-16 23:57:32,705 DEBUG server.RaftServer$Division (RaftServerImpl.java:logAppendEntries(1549)) - s8@group-676CD6864C30: appendEntries* s5->s8#8008-t1,previous=(t:1, i:208),leaderCommit=208,initializing? false,entries: size=1, first=(t:1, i:209), STATEMACHINELOGENTRY, StateMachineLogEntryProto:7995@client-BE1E56DD0B20
2024-10-16 23:57:32,706 DEBUG server.RaftServer$Division (RaftServerImpl.java:logAppendEntries(1549)) - s0@group-676CD6864C30: appendEntries* s5->s0#7996-t1,previous=(t:1, i:207),leaderCommit=207,initializing? false,entries: size=1, first=(t:1, i:208), METADATAENTRY(c:207)
2024-10-16 23:57:32,705 DEBUG server.RaftServer$Division (RaftServerImpl.java:logAppendEntries(1549)) - s6@group-676CD6864C30: appendEntries* s5->s6#8004-t1,previous=(t:1, i:208),leaderCommit=208,initializing? false,entries: size=1, first=(t:1, i:209), STATEMACHINELOGENTRY, StateMachineLogEntryProto:7995@client-BE1E56DD0B20
2024-10-16 23:57:32,705 DEBUG server.RaftServer$Division (RaftServerImpl.java:logAppendEntries(1549)) - s3@group-676CD6864C30: appendEntries* reply s5<-s3#8007:OK-t1,SUCCESS,nextIndex=210,followerCommit=208,matchIndex=209
2024-10-16 23:57:32,705 DEBUG server.RaftServer$Division (RaftServerImpl.java:logAppendEntries(1549)) - s14@group-676CD6864C30: appendEntries* reply s5<-s14#7999:OK-t1,SUCCESS,nextIndex=210,followerCommit=208,matchIndex=209
2024-10-16 23:57:32,705 DEBUG server.RaftServer$Division (RaftServerImpl.java:logAppendEntries(1549)) - s2@group-676CD6864C30: appendEntries* reply s5<-s2#7997:OK-t1,SUCCESS,nextIndex=209,followerCommit=208,matchIndex=208
2024-10-16 23:57:32,705 DEBUG server.RaftServer$Division (RaftServerImpl.java:logAppendEntries(1549)) - s4@group-676CD6864C30: appendEntries* s5->s4#8005-t1,previous=(t:1, i:208),leaderCommit=208,initializing? false,entries: size=1, first=(t:1, i:209), STATEMACHINELOGENTRY, StateMachineLogEntryProto:7995@client-BE1E56DD0B20
2024-10-16 23:57:32,705 DEBUG server.RaftServer$Division (RaftServerImpl.java:logAppendEntries(1549)) - s12@group-676CD6864C30: appendEntries* s5->s12#8006-t1,previous=(t:1, i:208),leaderCommit=208,initializing? false,entries: size=1, first=(t:1, i:209), STATEMACHINELOGENTRY, StateMachineLogEntryProto:7995@client-BE1E56DD0B20
2024-10-16 23:57:32,706 DEBUG server.RaftServer$Division (RaftServerImpl.java:logAppendEntries(1549)) - s6@group-676CD6864C30: appendEntries* reply s5<-s6#8004:OK-t1,SUCCESS,nextIndex=210,followerCommit=208,matchIndex=209
2024-10-16 23:57:32,706 DEBUG server.RaftServer$Division (RaftServerImpl.java:logAppendEntries(1549)) - s8@group-676CD6864C30: appendEntries* reply s5<-s8#8008:OK-t1,SUCCESS,nextIndex=210,followerCommit=208,matchIndex=209
2024-10-16 23:57:32,707 DEBUG server.RaftServer$Division (RaftServerImpl.java:logAppendEntries(1549)) - s2@group-676CD6864C30: appendEntries* s5->s2#8009-t1,previous=(t:1, i:208),leaderCommit=208,initializing? false,entries: size=1, first=(t:1, i:209), STATEMACHINELOGENTRY, StateMachineLogEntryProto:7995@client-BE1E56DD0B20
2024-10-16 23:57:32,706 DEBUG server.RaftServer$Division (RaftServerImpl.java:logAppendEntries(1549)) - s10@group-676CD6864C30: appendEntries* s5->s10#7993-t1,previous=(t:1, i:205),leaderCommit=207,initializing? false,entries: size=3, first=(t:1, i:206), METADATAENTRY(c:205)
2024-10-16 23:57:32,707 DEBUG server.RaftServer$Division (RaftServerImpl.java:logAppendEntries(1549)) - s2@group-676CD6864C30: appendEntries* reply s5<-s2#8009:OK-t1,SUCCESS,nextIndex=210,followerCommit=208,matchIndex=209
2024-10-16 23:57:32,706 DEBUG server.RaftServer$Division (RaftServerImpl.java:logAppendEntries(1549)) - s7@group-676CD6864C30: appendEntries* s5->s7#8000-t1,previous=(t:1, i:208),leaderCommit=208,initializing? false,entries: size=1, first=(t:1, i:209), STATEMACHINELOGENTRY, StateMachineLogEntryProto:7995@client-BE1E56DD0B20
2024-10-16 23:57:32,706 DEBUG server.RaftServer$Division (RaftServerImpl.java:logAppendEntries(1549)) - s1@group-676CD6864C30: appendEntries* reply s5<-s1#8003:OK-t1,SUCCESS,nextIndex=210,followerCommit=208,matchIndex=209
2024-10-16 23:57:32,706 DEBUG server.RaftServer$Division (RaftServerImpl.java:logAppendEntries(1549)) - s9@group-676CD6864C30: appendEntries* s5->s9#7998-t1,previous=(t:1, i:208),leaderCommit=208,initializing? false,entries: size=1, first=(t:1, i:209), STATEMACHINELOGENTRY, StateMachineLogEntryProto:7995@client-BE1E56DD0B20
2024-10-16 23:57:32,706 DEBUG server.RaftServer$Division (RaftServerImpl.java:logAppendEntries(1549)) - s13@group-676CD6864C30: appendEntries* reply s5<-s13#8002:OK-t1,SUCCESS,nextIndex=210,followerCommit=208,matchIndex=209
2024-10-16 23:57:32,707 DEBUG server.RaftServer$Division (RaftServerImpl.java:logAppendEntries(1549)) - s10@group-676CD6864C30: appendEntries* reply s5<-s10#7993:OK-t1,SUCCESS,nextIndex=209,followerCommit=207,matchIndex=208
2024-10-16 23:57:32,707 INFO  statemachine.StateMachine (ArithmeticStateMachine.java:applyTransaction(181)) - LEADER:s5-209: c = √(a^2 + b^2) = 6613
2024-10-16 23:57:32,707 DEBUG server.RaftServer$Division (RaftServerImpl.java:logAppendEntries(1549)) - s12@group-676CD6864C30: appendEntries* reply s5<-s12#8006:OK-t1,SUCCESS,nextIndex=210,followerCommit=208,matchIndex=209
2024-10-16 23:57:32,708 DEBUG server.RaftServer$Division (RaftServerImpl.java:logAppendEntries(1549)) - s7@group-676CD6864C30: appendEntries* reply s5<-s7#8000:OK-t1,SUCCESS,nextIndex=210,followerCommit=208,matchIndex=209
2024-10-16 23:57:32,707 DEBUG server.RaftServer$Division (RaftServerImpl.java:logAppendEntries(1549)) - s0@group-676CD6864C30: appendEntries* reply s5<-s0#7996:OK-t1,SUCCESS,nextIndex=209,followerCommit=207,matchIndex=208
2024-10-16 23:57:32,706 DEBUG server.RaftServer$Division (RaftServerImpl.java:logAppendEntries(1549)) - s4@group-676CD6864C30: appendEntries* reply s5<-s4#8005:OK-t1,SUCCESS,nextIndex=210,followerCommit=208,matchIndex=209
2024-10-16 23:57:32,708 DEBUG server.RaftServer$Division (RaftServerImpl.java:logAppendEntries(1549)) - s11@group-676CD6864C30: appendEntries* s5->s11#8012-t1,previous=(t:1, i:209),leaderCommit=209,initializing? false,entries: size=1, first=(t:1, i:210), METADATAENTRY(c:209)
2024-10-16 23:57:32,708 DEBUG server.RaftServer$Division (RaftServerImpl.java:logAppendEntries(1549)) - s2@group-676CD6864C30: appendEntries* s5->s2#8014-t1,previous=(t:1, i:209),leaderCommit=209,initializing? false,entries: size=1, first=(t:1, i:210), METADATAENTRY(c:209)
2024-10-16 23:57:32,708 DEBUG server.RaftServer$Division (RaftServerImpl.java:logAppendEntries(1549)) - s1@group-676CD6864C30: appendEntries* s5->s1#8017-t1,previous=(t:1, i:209),leaderCommit=209,initializing? false,entries: size=1, first=(t:1, i:210), METADATAENTRY(c:209)
2024-10-16 23:57:32,708 DEBUG server.RaftServer$Division (RaftServerImpl.java:logAppendEntries(1549)) - s11@group-676CD6864C30: appendEntries* reply s5<-s11#8012:OK-t1,SUCCESS,nextIndex=211,followerCommit=209,matchIndex=210
2024-10-16 23:57:32,708 DEBUG server.RaftServer$Division (RaftServerImpl.java:logAppendEntries(1549)) - s3@group-676CD6864C30: appendEntries* s5->s3#8011-t1,previous=(t:1, i:209),leaderCommit=209,initializing? false,entries: size=1, first=(t:1, i:210), METADATAENTRY(c:209)
2024-10-16 23:57:32,709 DEBUG server.RaftServer$Division (RaftServerImpl.java:logAppendEntries(1549)) - s4@group-676CD6864C30: appendEntries* s5->s4#8019-t1,previous=(t:1, i:209),leaderCommit=209,initializing? false,entries: size=1, first=(t:1, i:210), METADATAENTRY(c:209)
2024-10-16 23:57:32,709 DEBUG server.RaftServer$Division (RaftServerImpl.java:submitClientRequestAsync(920)) - s5@group-676CD6864C30: receive client request(RaftClientRequest:client-BE1E56DD0B20->s5@group-676CD6864C30, cid=8018, seq=null, RW, Message:01016100)
2024-10-16 23:57:32,709 DEBUG server.RaftServer$Division (RaftServerImpl.java:logAppendEntries(1549)) - s2@group-676CD6864C30: appendEntries* reply s5<-s2#8014:OK-t1,SUCCESS,nextIndex=211,followerCommit=209,matchIndex=210
2024-10-16 23:57:32,709 DEBUG server.RaftServer$Division (LeaderStateImpl.java:addPendingRequest(529)) - s5@group-676CD6864C30-LeaderStateImpl: addPendingRequest at RaftClientRequest:client-BE1E56DD0B20->s5@group-676CD6864C30, cid=8018, seq=null, RW, Message:01016100, entry=(t:1, i:211), STATEMACHINELOGENTRY, WRITE: logData.size=4, stateMachineData.size=0, logEntryProtoSerializedSize=0
2024-10-16 23:57:32,709 DEBUG server.RaftServer$Division (RaftServerImpl.java:logAppendEntries(1549)) - s14@group-676CD6864C30: appendEntries* s5->s14#8010-t1,previous=(t:1, i:209),leaderCommit=209,initializing? false,entries: size=1, first=(t:1, i:210), METADATAENTRY(c:209)
2024-10-16 23:57:32,709 DEBUG server.RaftServer$Division (RaftServerImpl.java:logAppendEntries(1549)) - s3@group-676CD6864C30: appendEntries* reply s5<-s3#8011:OK-t1,SUCCESS,nextIndex=211,followerCommit=209,matchIndex=210
2024-10-16 23:57:32,710 DEBUG server.RaftServer$Division (RaftServerImpl.java:logAppendEntries(1549)) - s13@group-676CD6864C30: appendEntries* s5->s13#8021-t1,previous=(t:1, i:209),leaderCommit=209,initializing? false,entries: size=1, first=(t:1, i:210), METADATAENTRY(c:209)
2024-10-16 23:57:32,710 DEBUG server.RaftServer$Division (RaftServerImpl.java:logAppendEntries(1549)) - s13@group-676CD6864C30: appendEntries* reply s5<-s13#8021:OK-t1,SUCCESS,nextIndex=211,followerCommit=209,matchIndex=210
2024-10-16 23:57:32,710 DEBUG server.RaftServer$Division (RaftServerImpl.java:logAppendEntries(1549)) - s3@group-676CD6864C30: appendEntries* s5->s3#8023-t1,previous=(t:1, i:210),leaderCommit=209,initializing? false,entries: size=1, first=(t:1, i:211), STATEMACHINELOGENTRY, StateMachineLogEntryProto:8018@client-BE1E56DD0B20
2024-10-16 23:57:32,710 DEBUG server.RaftServer$Division (RaftServerImpl.java:logAppendEntries(1549)) - s13@group-676CD6864C30: appendEntries* s5->s13#8024-t1,previous=(t:1, i:210),leaderCommit=209,initializing? false,entries: size=1, first=(t:1, i:211), STATEMACHINELOGENTRY, StateMachineLogEntryProto:8018@client-BE1E56DD0B20
2024-10-16 23:57:32,711 DEBUG server.RaftServer$Division (RaftServerImpl.java:logAppendEntries(1549)) - s3@group-676CD6864C30: appendEntries* reply s5<-s3#8023:OK-t1,SUCCESS,nextIndex=212,followerCommit=209,matchIndex=211
2024-10-16 23:57:32,711 DEBUG server.RaftServer$Division (RaftServerImpl.java:logAppendEntries(1549)) - s13@group-676CD6864C30: appendEntries* reply s5<-s13#8024:OK-t1,SUCCESS,nextIndex=212,followerCommit=209,matchIndex=211
2024-10-16 23:57:32,711 DEBUG server.RaftServer$Division (RaftServerImpl.java:logAppendEntries(1549)) - s7@group-676CD6864C30: appendEntries* s5->s7#8025-t1,previous=(t:1, i:209),leaderCommit=209,initializing? false,entries: size=2, first=(t:1, i:210), METADATAENTRY(c:209)
2024-10-16 23:57:32,711 DEBUG server.RaftServer$Division (RaftServerImpl.java:logAppendEntries(1549)) - s7@group-676CD6864C30: appendEntries* reply s5<-s7#8025:OK-t1,SUCCESS,nextIndex=212,followerCommit=209,matchIndex=211
2024-10-16 23:57:32,709 DEBUG server.RaftServer$Division (RaftServerImpl.java:logAppendEntries(1549)) - s1@group-676CD6864C30: appendEntries* reply s5<-s1#8017:OK-t1,SUCCESS,nextIndex=211,followerCommit=209,matchIndex=210
2024-10-16 23:57:32,713 DEBUG server.RaftServer$Division (RaftServerImpl.java:logAppendEntries(1549)) - s6@group-676CD6864C30: appendEntries* s5->s6#8016-t1,previous=(t:1, i:209),leaderCommit=209,initializing? false,entries: size=1, first=(t:1, i:210), METADATAENTRY(c:209)
2024-10-16 23:57:32,713 DEBUG server.RaftServer$Division (RaftServerImpl.java:logAppendEntries(1549)) - s6@group-676CD6864C30: appendEntries* reply s5<-s6#8016:OK-t1,SUCCESS,nextIndex=211,followerCommit=209,matchIndex=210
2024-10-16 23:57:32,709 DEBUG server.RaftServer$Division (RaftServerImpl.java:logAppendEntries(1549)) - s12@group-676CD6864C30: appendEntries* s5->s12#8020-t1,previous=(t:1, i:209),leaderCommit=209,initializing? false,entries: size=1, first=(t:1, i:210), METADATAENTRY(c:209)
2024-10-16 23:57:32,713 DEBUG server.RaftServer$Division (RaftServerImpl.java:logAppendEntries(1549)) - s9@group-676CD6864C30: appendEntries* reply s5<-s9#7998:OK-t1,SUCCESS,nextIndex=210,followerCommit=208,matchIndex=209
2024-10-16 23:57:32,714 DEBUG server.RaftServer$Division (RaftServerImpl.java:logAppendEntries(1549)) - s0@group-676CD6864C30: appendEntries* s5->s0#8028-t1,previous=(t:1, i:208),leaderCommit=209,initializing? false,entries: size=3, first=(t:1, i:209), STATEMACHINELOGENTRY, StateMachineLogEntryProto:7995@client-BE1E56DD0B20
2024-10-16 23:57:32,713 DEBUG server.RaftServer$Division (RaftServerImpl.java:logAppendEntries(1549)) - s1@group-676CD6864C30: appendEntries* s5->s1#8027-t1,previous=(t:1, i:210),leaderCommit=209,initializing? false,entries: size=1, first=(t:1, i:211), STATEMACHINELOGENTRY, StateMachineLogEntryProto:8018@client-BE1E56DD0B20
2024-10-16 23:57:32,710 DEBUG server.RaftServer$Division (RaftServerImpl.java:logAppendEntries(1549)) - s4@group-676CD6864C30: appendEntries* reply s5<-s4#8019:OK-t1,SUCCESS,nextIndex=211,followerCommit=209,matchIndex=210
2024-10-16 23:57:32,710 DEBUG server.RaftServer$Division (RaftServerImpl.java:logAppendEntries(1549)) - s10@group-676CD6864C30: appendEntries* s5->s10#8013-t1,previous=(t:1, i:208),leaderCommit=209,initializing? false,entries: size=2, first=(t:1, i:209), STATEMACHINELOGENTRY, StateMachineLogEntryProto:7995@client-BE1E56DD0B20
2024-10-16 23:57:32,710 DEBUG server.RaftServer$Division (RaftServerImpl.java:logAppendEntries(1549)) - s14@group-676CD6864C30: appendEntries* reply s5<-s14#8010:OK-t1,SUCCESS,nextIndex=211,followerCommit=209,matchIndex=210
2024-10-16 23:57:32,709 DEBUG server.RaftServer$Division (RaftServerImpl.java:logAppendEntries(1549)) - s2@group-676CD6864C30: appendEntries* s5->s2#8022-t1,previous=(t:1, i:210),leaderCommit=209,initializing? false,entries: size=1, first=(t:1, i:211), STATEMACHINELOGENTRY, StateMachineLogEntryProto:8018@client-BE1E56DD0B20
2024-10-16 23:57:32,709 DEBUG server.RaftServer$Division (RaftServerImpl.java:logAppendEntries(1549)) - s8@group-676CD6864C30: appendEntries* s5->s8#8015-t1,previous=(t:1, i:209),leaderCommit=209,initializing? false,entries: size=1, first=(t:1, i:210), METADATAENTRY(c:209)
2024-10-16 23:57:32,715 DEBUG server.RaftServer$Division (RaftServerImpl.java:logAppendEntries(1549)) - s0@group-676CD6864C30: appendEntries* reply s5<-s0#8028:OK-t1,SUCCESS,nextIndex=212,followerCommit=209,matchIndex=211
2024-10-16 23:57:32,715 DEBUG server.RaftServer$Division (RaftServerImpl.java:logAppendEntries(1549)) - s2@group-676CD6864C30: appendEntries* reply s5<-s2#8022:OK-t1,SUCCESS,nextIndex=212,followerCommit=209,matchIndex=211
2024-10-16 23:57:32,715 DEBUG server.RaftServer$Division (RaftServerImpl.java:logAppendEntries(1549)) - s14@group-676CD6864C30: appendEntries* s5->s14#8032-t1,previous=(t:1, i:210),leaderCommit=210,initializing? false,entries: size=1, first=(t:1, i:211), STATEMACHINELOGENTRY, StateMachineLogEntryProto:8018@client-BE1E56DD0B20
2024-10-16 23:57:32,715 DEBUG server.RaftServer$Division (RaftServerImpl.java:logAppendEntries(1549)) - s1@group-676CD6864C30: appendEntries* reply s5<-s1#8027:OK-t1,SUCCESS,nextIndex=212,followerCommit=209,matchIndex=211
2024-10-16 23:57:32,714 DEBUG server.RaftServer$Division (RaftServerImpl.java:logAppendEntries(1549)) - s6@group-676CD6864C30: appendEntries* s5->s6#8029-t1,previous=(t:1, i:210),leaderCommit=209,initializing? false,entries: size=1, first=(t:1, i:211), STATEMACHINELOGENTRY, StateMachineLogEntryProto:8018@client-BE1E56DD0B20
2024-10-16 23:57:32,715 DEBUG server.RaftServer$Division (RaftServerImpl.java:logAppendEntries(1549)) - s8@group-676CD6864C30: appendEntries* reply s5<-s8#8015:OK-t1,SUCCESS,nextIndex=211,followerCommit=209,matchIndex=210
2024-10-16 23:57:32,714 DEBUG server.RaftServer$Division (RaftServerImpl.java:logAppendEntries(1549)) - s11@group-676CD6864C30: appendEntries* s5->s11#8026-t1,previous=(t:1, i:210),leaderCommit=209,initializing? false,entries: size=1, first=(t:1, i:211), STATEMACHINELOGENTRY, StateMachineLogEntryProto:8018@client-BE1E56DD0B20
2024-10-16 23:57:32,714 DEBUG server.RaftServer$Division (RaftServerImpl.java:logAppendEntries(1549)) - s9@group-676CD6864C30: appendEntries* s5->s9#8030-t1,previous=(t:1, i:209),leaderCommit=209,initializing? false,entries: size=2, first=(t:1, i:210), METADATAENTRY(c:209)
2024-10-16 23:57:32,714 DEBUG server.RaftServer$Division (RaftServerImpl.java:logAppendEntries(1549)) - s12@group-676CD6864C30: appendEntries* reply s5<-s12#8020:OK-t1,SUCCESS,nextIndex=211,followerCommit=209,matchIndex=210
2024-10-16 23:57:32,716 DEBUG server.RaftServer$Division (RaftServerImpl.java:logAppendEntries(1549)) - s11@group-676CD6864C30: appendEntries* reply s5<-s11#8026:OK-t1,SUCCESS,nextIndex=212,followerCommit=209,matchIndex=211
2024-10-16 23:57:32,716 DEBUG server.RaftServer$Division (RaftServerImpl.java:logAppendEntries(1549)) - s6@group-676CD6864C30: appendEntries* reply s5<-s6#8029:OK-t1,SUCCESS,nextIndex=212,followerCommit=209,matchIndex=211
2024-10-16 23:57:32,715 DEBUG server.RaftServer$Division (RaftServerImpl.java:logAppendEntries(1549)) - s14@group-676CD6864C30: appendEntries* reply s5<-s14#8032:OK-t1,SUCCESS,nextIndex=212,followerCommit=210,matchIndex=211
2024-10-16 23:57:32,717 INFO  statemachine.StateMachine (ArithmeticStateMachine.java:applyTransaction(181)) - LEADER:s5-211: a = null = null
2024-10-16 23:57:32,717 DEBUG server.RaftServer$Division (RaftServerImpl.java:logAppendEntries(1549)) - s14@group-676CD6864C30: appendEntries* s5->s14#8040-t1,previous=(t:1, i:211),leaderCommit=211,initializing? false,entries: size=1, first=(t:1, i:212), METADATAENTRY(c:211)
2024-10-16 23:57:32,717 DEBUG server.RaftServer$Division (RaftServerImpl.java:logAppendEntries(1549)) - s6@group-676CD6864C30: appendEntries* s5->s6#8035-t1,previous=(t:1, i:211),leaderCommit=211,initializing? false,entries: size=1, first=(t:1, i:212), METADATAENTRY(c:211)
2024-10-16 23:57:32,717 DEBUG server.RaftServer$Division (RaftServerImpl.java:logAppendEntries(1549)) - s3@group-676CD6864C30: appendEntries* s5->s3#8039-t1,previous=(t:1, i:211),leaderCommit=211,initializing? false,entries: size=1, first=(t:1, i:212), METADATAENTRY(c:211)
2024-10-16 23:57:32,717 DEBUG server.RaftServer$Division (RaftServerImpl.java:logAppendEntries(1549)) - s13@group-676CD6864C30: appendEntries* s5->s13#8041-t1,previous=(t:1, i:211),leaderCommit=211,initializing? false,entries: size=1, first=(t:1, i:212), METADATAENTRY(c:211)
2024-10-16 23:57:32,715 DEBUG server.RaftServer$Division (RaftServerImpl.java:logAppendEntries(1549)) - s4@group-676CD6864C30: appendEntries* s5->s4#8031-t1,previous=(t:1, i:210),leaderCommit=210,initializing? false,entries: size=1, first=(t:1, i:211), STATEMACHINELOGENTRY, StateMachineLogEntryProto:8018@client-BE1E56DD0B20
2024-10-16 23:57:32,715 DEBUG server.RaftServer$Division (RaftServerImpl.java:logAppendEntries(1549)) - s10@group-676CD6864C30: appendEntries* reply s5<-s10#8013:OK-t1,SUCCESS,nextIndex=211,followerCommit=209,matchIndex=210
2024-10-16 23:57:32,718 DEBUG server.RaftServer$Division (RaftServerImpl.java:logAppendEntries(1549)) - s11@group-676CD6864C30: appendEntries* s5->s11#8044-t1,previous=(t:1, i:211),leaderCommit=211,initializing? false,entries: size=1, first=(t:1, i:212), METADATAENTRY(c:211)
2024-10-16 23:57:32,718 DEBUG server.RaftServer$Division (RaftServerImpl.java:logAppendEntries(1549)) - s7@group-676CD6864C30: appendEntries* s5->s7#8038-t1,previous=(t:1, i:211),leaderCommit=211,initializing? false,entries: size=1, first=(t:1, i:212), METADATAENTRY(c:211)
2024-10-16 23:57:32,718 DEBUG server.RaftServer$Division (RaftServerImpl.java:logAppendEntries(1549)) - s10@group-676CD6864C30: appendEntries* s5->s10#8045-t1,previous=(t:1, i:210),leaderCommit=211,initializing? false,entries: size=2, first=(t:1, i:211), STATEMACHINELOGENTRY, StateMachineLogEntryProto:8018@client-BE1E56DD0B20
2024-10-16 23:57:32,719 DEBUG server.RaftServer$Division (RaftServerImpl.java:logAppendEntries(1549)) - s6@group-676CD6864C30: appendEntries* reply s5<-s6#8035:OK-t1,SUCCESS,nextIndex=213,followerCommit=211,matchIndex=212
2024-10-16 23:57:32,719 DEBUG server.RaftServer$Division (RaftServerImpl.java:logAppendEntries(1549)) - s13@group-676CD6864C30: appendEntries* reply s5<-s13#8041:OK-t1,SUCCESS,nextIndex=213,followerCommit=211,matchIndex=212
2024-10-16 23:57:32,719 DEBUG server.RaftServer$Division (RaftServerImpl.java:logAppendEntries(1549)) - s7@group-676CD6864C30: appendEntries* reply s5<-s7#8038:OK-t1,SUCCESS,nextIndex=213,followerCommit=211,matchIndex=212
2024-10-16 23:57:32,717 DEBUG server.RaftServer$Division (RaftServerImpl.java:logAppendEntries(1549)) - s0@group-676CD6864C30: appendEntries* s5->s0#8036-t1,previous=(t:1, i:211),leaderCommit=211,initializing? false,entries: size=1, first=(t:1, i:212), METADATAENTRY(c:211)
2024-10-16 23:57:32,717 DEBUG server.RaftServer$Division (RaftServerImpl.java:logAppendEntries(1549)) - s12@group-676CD6864C30: appendEntries* s5->s12#8034-t1,previous=(t:1, i:210),leaderCommit=210,initializing? false,entries: size=1, first=(t:1, i:211), STATEMACHINELOGENTRY, StateMachineLogEntryProto:8018@client-BE1E56DD0B20
2024-10-16 23:57:32,717 DEBUG server.RaftServer$Division (RaftServerImpl.java:submitClientRequestAsync(920)) - s5@group-676CD6864C30: receive client request(RaftClientRequest:client-BE1E56DD0B20->s5@group-676CD6864C30, cid=8043, seq=null, RW, Message:01016200)
2024-10-16 23:57:32,719 DEBUG server.RaftServer$Division (LeaderStateImpl.java:addPendingRequest(529)) - s5@group-676CD6864C30-LeaderStateImpl: addPendingRequest at RaftClientRequest:client-BE1E56DD0B20->s5@group-676CD6864C30, cid=8043, seq=null, RW, Message:01016200, entry=(t:1, i:213), STATEMACHINELOGENTRY, WRITE: logData.size=4, stateMachineData.size=0, logEntryProtoSerializedSize=0
2024-10-16 23:57:32,720 DEBUG server.RaftServer$Division (RaftServerImpl.java:logAppendEntries(1549)) - s12@group-676CD6864C30: appendEntries* reply s5<-s12#8034:OK-t1,SUCCESS,nextIndex=212,followerCommit=210,matchIndex=211
2024-10-16 23:57:32,720 DEBUG server.RaftServer$Division (RaftServerImpl.java:logAppendEntries(1549)) - s6@group-676CD6864C30: appendEntries* s5->s6#8047-t1,previous=(t:1, i:212),leaderCommit=211,initializing? false,entries: size=1, first=(t:1, i:213), STATEMACHINELOGENTRY, StateMachineLogEntryProto:8043@client-BE1E56DD0B20
2024-10-16 23:57:32,720 DEBUG server.RaftServer$Division (RaftServerImpl.java:logAppendEntries(1549)) - s13@group-676CD6864C30: appendEntries* s5->s13#8048-t1,previous=(t:1, i:212),leaderCommit=211,initializing? false,entries: size=1, first=(t:1, i:213), STATEMACHINELOGENTRY, StateMachineLogEntryProto:8043@client-BE1E56DD0B20
2024-10-16 23:57:32,717 DEBUG server.RaftServer$Division (RaftServerImpl.java:logAppendEntries(1549)) - s1@group-676CD6864C30: appendEntries* s5->s1#8037-t1,previous=(t:1, i:211),leaderCommit=211,initializing? false,entries: size=1, first=(t:1, i:212), METADATAENTRY(c:211)
2024-10-16 23:57:32,720 DEBUG server.RaftServer$Division (RaftServerImpl.java:logAppendEntries(1549)) - s7@group-676CD6864C30: appendEntries* s5->s7#8046-t1,previous=(t:1, i:212),leaderCommit=211,initializing? false,entries: size=1, first=(t:1, i:213), STATEMACHINELOGENTRY, StateMachineLogEntryProto:8043@client-BE1E56DD0B20
2024-10-16 23:57:32,717 DEBUG server.RaftServer$Division (RaftServerImpl.java:logAppendEntries(1549)) - s2@group-676CD6864C30: appendEntries* s5->s2#8042-t1,previous=(t:1, i:211),leaderCommit=211,initializing? false,entries: size=1, first=(t:1, i:212), METADATAENTRY(c:211)
2024-10-16 23:57:32,716 DEBUG server.RaftServer$Division (RaftServerImpl.java:logAppendEntries(1549)) - s8@group-676CD6864C30: appendEntries* s5->s8#8033-t1,previous=(t:1, i:210),leaderCommit=210,initializing? false,entries: size=1, first=(t:1, i:211), STATEMACHINELOGENTRY, StateMachineLogEntryProto:8018@client-BE1E56DD0B20
2024-10-16 23:57:32,721 DEBUG server.RaftServer$Division (RaftServerImpl.java:logAppendEntries(1549)) - s1@group-676CD6864C30: appendEntries* reply s5<-s1#8037:OK-t1,SUCCESS,nextIndex=213,followerCommit=211,matchIndex=212
2024-10-16 23:57:32,720 DEBUG server.RaftServer$Division (RaftServerImpl.java:logAppendEntries(1549)) - s13@group-676CD6864C30: appendEntries* reply s5<-s13#8048:OK-t1,SUCCESS,nextIndex=214,followerCommit=211,matchIndex=213
2024-10-16 23:57:32,720 DEBUG server.RaftServer$Division (RaftServerImpl.java:logAppendEntries(1549)) - s6@group-676CD6864C30: appendEntries* reply s5<-s6#8047:OK-t1,SUCCESS,nextIndex=214,followerCommit=211,matchIndex=213
2024-10-16 23:57:32,720 DEBUG server.RaftServer$Division (RaftServerImpl.java:logAppendEntries(1549)) - s12@group-676CD6864C30: appendEntries* s5->s12#8049-t1,previous=(t:1, i:211),leaderCommit=211,initializing? false,entries: size=2, first=(t:1, i:212), METADATAENTRY(c:211)
2024-10-16 23:57:32,721 DEBUG server.RaftServer$Division (RaftServerImpl.java:logAppendEntries(1549)) - s1@group-676CD6864C30: appendEntries* s5->s1#8050-t1,previous=(t:1, i:212),leaderCommit=211,initializing? false,entries: size=1, first=(t:1, i:213), STATEMACHINELOGENTRY, StateMachineLogEntryProto:8043@client-BE1E56DD0B20
2024-10-16 23:57:32,721 DEBUG server.RaftServer$Division (RaftServerImpl.java:logAppendEntries(1549)) - s7@group-676CD6864C30: appendEntries* reply s5<-s7#8046:OK-t1,SUCCESS,nextIndex=214,followerCommit=211,matchIndex=213
2024-10-16 23:57:32,719 DEBUG server.RaftServer$Division (RaftServerImpl.java:logAppendEntries(1549)) - s0@group-676CD6864C30: appendEntries* reply s5<-s0#8036:OK-t1,SUCCESS,nextIndex=213,followerCommit=211,matchIndex=212
2024-10-16 23:57:32,719 DEBUG server.RaftServer$Division (RaftServerImpl.java:logAppendEntries(1549)) - s10@group-676CD6864C30: appendEntries* reply s5<-s10#8045:OK-t1,SUCCESS,nextIndex=213,followerCommit=211,matchIndex=212
2024-10-16 23:57:32,719 DEBUG server.RaftServer$Division (RaftServerImpl.java:logAppendEntries(1549)) - s4@group-676CD6864C30: appendEntries* reply s5<-s4#8031:OK-t1,SUCCESS,nextIndex=212,followerCommit=210,matchIndex=211
2024-10-16 23:57:32,719 DEBUG server.RaftServer$Division (RaftServerImpl.java:logAppendEntries(1549)) - s3@group-676CD6864C30: appendEntries* reply s5<-s3#8039:OK-t1,SUCCESS,nextIndex=213,followerCommit=211,matchIndex=212
2024-10-16 23:57:32,719 DEBUG server.RaftServer$Division (RaftServerImpl.java:logAppendEntries(1549)) - s11@group-676CD6864C30: appendEntries* reply s5<-s11#8044:OK-t1,SUCCESS,nextIndex=213,followerCommit=211,matchIndex=212
2024-10-16 23:57:32,719 DEBUG server.RaftServer$Division (RaftServerImpl.java:logAppendEntries(1549)) - s9@group-676CD6864C30: appendEntries* reply s5<-s9#8030:OK-t1,SUCCESS,nextIndex=212,followerCommit=209,matchIndex=211
2024-10-16 23:57:32,719 DEBUG server.RaftServer$Division (RaftServerImpl.java:logAppendEntries(1549)) - s14@group-676CD6864C30: appendEntries* reply s5<-s14#8040:OK-t1,SUCCESS,nextIndex=213,followerCommit=211,matchIndex=212
2024-10-16 23:57:32,721 DEBUG server.RaftServer$Division (RaftServerImpl.java:logAppendEntries(1549)) - s1@group-676CD6864C30: appendEntries* reply s5<-s1#8050:OK-t1,SUCCESS,nextIndex=214,followerCommit=211,matchIndex=213
2024-10-16 23:57:32,721 DEBUG server.RaftServer$Division (RaftServerImpl.java:logAppendEntries(1549)) - s12@group-676CD6864C30: appendEntries* reply s5<-s12#8049:OK-t1,SUCCESS,nextIndex=214,followerCommit=211,matchIndex=213
2024-10-16 23:57:32,721 DEBUG server.RaftServer$Division (RaftServerImpl.java:logAppendEntries(1549)) - s8@group-676CD6864C30: appendEntries* reply s5<-s8#8033:OK-t1,SUCCESS,nextIndex=212,followerCommit=210,matchIndex=211
2024-10-16 23:57:32,721 DEBUG server.RaftServer$Division (RaftServerImpl.java:logAppendEntries(1549)) - s2@group-676CD6864C30: appendEntries* reply s5<-s2#8042:OK-t1,SUCCESS,nextIndex=213,followerCommit=211,matchIndex=212
2024-10-16 23:57:32,722 DEBUG server.RaftServer$Division (RaftServerImpl.java:logAppendEntries(1549)) - s3@group-676CD6864C30: appendEntries* s5->s3#8053-t1,previous=(t:1, i:212),leaderCommit=212,initializing? false,entries: size=1, first=(t:1, i:213), STATEMACHINELOGENTRY, StateMachineLogEntryProto:8043@client-BE1E56DD0B20
2024-10-16 23:57:32,723 DEBUG server.RaftServer$Division (RaftServerImpl.java:logAppendEntries(1549)) - s14@group-676CD6864C30: appendEntries* s5->s14#8054-t1,previous=(t:1, i:212),leaderCommit=212,initializing? false,entries: size=1, first=(t:1, i:213), STATEMACHINELOGENTRY, StateMachineLogEntryProto:8043@client-BE1E56DD0B20
2024-10-16 23:57:32,723 DEBUG server.RaftServer$Division (RaftServerImpl.java:logAppendEntries(1549)) - s8@group-676CD6864C30: appendEntries* s5->s8#8055-t1,previous=(t:1, i:211),leaderCommit=212,initializing? false,entries: size=2, first=(t:1, i:212), METADATAENTRY(c:211)
2024-10-16 23:57:32,723 DEBUG server.RaftServer$Division (RaftServerImpl.java:logAppendEntries(1549)) - s2@group-676CD6864C30: appendEntries* s5->s2#8056-t1,previous=(t:1, i:212),leaderCommit=212,initializing? false,entries: size=1, first=(t:1, i:213), STATEMACHINELOGENTRY, StateMachineLogEntryProto:8043@client-BE1E56DD0B20
2024-10-16 23:57:32,723 DEBUG server.RaftServer$Division (RaftServerImpl.java:logAppendEntries(1549)) - s3@group-676CD6864C30: appendEntries* reply s5<-s3#8053:OK-t1,SUCCESS,nextIndex=214,followerCommit=212,matchIndex=213
2024-10-16 23:57:32,723 DEBUG server.RaftServer$Division (RaftServerImpl.java:logAppendEntries(1549)) - s14@group-676CD6864C30: appendEntries* reply s5<-s14#8054:OK-t1,SUCCESS,nextIndex=214,followerCommit=212,matchIndex=213
2024-10-16 23:57:32,723 DEBUG server.RaftServer$Division (RaftServerImpl.java:logAppendEntries(1549)) - s9@group-676CD6864C30: appendEntries* s5->s9#8058-t1,previous=(t:1, i:211),leaderCommit=212,initializing? false,entries: size=2, first=(t:1, i:212), METADATAENTRY(c:211)
2024-10-16 23:57:32,723 DEBUG server.RaftServer$Division (RaftServerImpl.java:logAppendEntries(1549)) - s11@group-676CD6864C30: appendEntries* s5->s11#8057-t1,previous=(t:1, i:212),leaderCommit=212,initializing? false,entries: size=1, first=(t:1, i:213), STATEMACHINELOGENTRY, StateMachineLogEntryProto:8043@client-BE1E56DD0B20
2024-10-16 23:57:32,724 INFO  statemachine.StateMachine (ArithmeticStateMachine.java:applyTransaction(181)) - LEADER:s5-213: b = null = null
2024-10-16 23:57:32,723 DEBUG server.RaftServer$Division (RaftServerImpl.java:logAppendEntries(1549)) - s2@group-676CD6864C30: appendEntries* reply s5<-s2#8056:OK-t1,SUCCESS,nextIndex=214,followerCommit=212,matchIndex=213
2024-10-16 23:57:32,724 DEBUG server.RaftServer$Division (RaftServerImpl.java:logAppendEntries(1549)) - s9@group-676CD6864C30: appendEntries* reply s5<-s9#8058:OK-t1,SUCCESS,nextIndex=214,followerCommit=212,matchIndex=213
2024-10-16 23:57:32,724 DEBUG server.RaftServer$Division (RaftServerImpl.java:logAppendEntries(1549)) - s8@group-676CD6864C30: appendEntries* reply s5<-s8#8055:OK-t1,SUCCESS,nextIndex=214,followerCommit=212,matchIndex=213
2024-10-16 23:57:32,724 DEBUG server.RaftServer$Division (RaftServerImpl.java:logAppendEntries(1549)) - s13@group-676CD6864C30: appendEntries* s5->s13#8059-t1,previous=(t:1, i:213),leaderCommit=213,initializing? false,entries: size=1, first=(t:1, i:214), METADATAENTRY(c:213)
2024-10-16 23:57:32,724 DEBUG server.RaftServer$Division (RaftServerImpl.java:logAppendEntries(1549)) - s14@group-676CD6864C30: appendEntries* s5->s14#8060-t1,previous=(t:1, i:213),leaderCommit=213,initializing? false,entries: size=1, first=(t:1, i:214), METADATAENTRY(c:213)
2024-10-16 23:57:32,724 DEBUG server.RaftServer$Division (RaftServerImpl.java:logAppendEntries(1549)) - s11@group-676CD6864C30: appendEntries* reply s5<-s11#8057:OK-t1,SUCCESS,nextIndex=214,followerCommit=212,matchIndex=213
2024-10-16 23:57:32,724 DEBUG server.RaftServer$Division (RaftServerImpl.java:logAppendEntries(1549)) - s1@group-676CD6864C30: appendEntries* s5->s1#8063-t1,previous=(t:1, i:213),leaderCommit=213,initializing? false,entries: size=1, first=(t:1, i:214), METADATAENTRY(c:213)
2024-10-16 23:57:32,724 DEBUG server.RaftServer$Division (RaftServerImpl.java:logAppendEntries(1549)) - s13@group-676CD6864C30: appendEntries* reply s5<-s13#8059:OK-t1,SUCCESS,nextIndex=215,followerCommit=213,matchIndex=214
2024-10-16 23:57:32,725 DEBUG server.RaftServer$Division (RaftServerImpl.java:logAppendEntries(1549)) - s14@group-676CD6864C30: appendEntries* reply s5<-s14#8060:OK-t1,SUCCESS,nextIndex=215,followerCommit=213,matchIndex=214
2024-10-16 23:57:32,725 DEBUG server.RaftServer$Division (RaftServerImpl.java:logAppendEntries(1549)) - s12@group-676CD6864C30: appendEntries* s5->s12#8066-t1,previous=(t:1, i:213),leaderCommit=213,initializing? false,entries: size=1, first=(t:1, i:214), METADATAENTRY(c:213)
2024-10-16 23:57:32,725 DEBUG server.RaftServer$Division (RaftServerImpl.java:logAppendEntries(1549)) - s6@group-676CD6864C30: appendEntries* s5->s6#8061-t1,previous=(t:1, i:213),leaderCommit=213,initializing? false,entries: size=1, first=(t:1, i:214), METADATAENTRY(c:213)
2024-10-16 23:57:32,725 DEBUG server.RaftServer$Division (RaftServerImpl.java:logAppendEntries(1549)) - s8@group-676CD6864C30: appendEntries* s5->s8#8068-t1,previous=(t:1, i:213),leaderCommit=213,initializing? false,entries: size=1, first=(t:1, i:214), METADATAENTRY(c:213)
2024-10-16 23:57:32,725 DEBUG server.RaftServer$Division (RaftServerImpl.java:logAppendEntries(1549)) - s9@group-676CD6864C30: appendEntries* s5->s9#8065-t1,previous=(t:1, i:213),leaderCommit=213,initializing? false,entries: size=1, first=(t:1, i:214), METADATAENTRY(c:213)
2024-10-16 23:57:32,724 DEBUG server.RaftServer$Division (RaftServerImpl.java:submitClientRequestAsync(920)) - s5@group-676CD6864C30: receive client request(RaftClientRequest:client-BE1E56DD0B20->s5@group-676CD6864C30, cid=8067, seq=null, RW, Message:01016300)
2024-10-16 23:57:32,726 DEBUG server.RaftServer$Division (RaftServerImpl.java:logAppendEntries(1549)) - s8@group-676CD6864C30: appendEntries* reply s5<-s8#8068:OK-t1,SUCCESS,nextIndex=215,followerCommit=213,matchIndex=214
2024-10-16 23:57:32,724 DEBUG server.RaftServer$Division (RaftServerImpl.java:logAppendEntries(1549)) - s3@group-676CD6864C30: appendEntries* s5->s3#8064-t1,previous=(t:1, i:213),leaderCommit=213,initializing? false,entries: size=1, first=(t:1, i:214), METADATAENTRY(c:213)
2024-10-16 23:57:32,726 DEBUG server.RaftServer$Division (RaftServerImpl.java:logAppendEntries(1549)) - s9@group-676CD6864C30: appendEntries* reply s5<-s9#8065:OK-t1,SUCCESS,nextIndex=215,followerCommit=213,matchIndex=214
2024-10-16 23:57:32,726 DEBUG server.RaftServer$Division (RaftServerImpl.java:logAppendEntries(1549)) - s13@group-676CD6864C30: appendEntries* s5->s13#8072-t1,previous=(t:1, i:214),leaderCommit=213,initializing? false,entries: size=1, first=(t:1, i:215), STATEMACHINELOGENTRY, StateMachineLogEntryProto:8067@client-BE1E56DD0B20
2024-10-16 23:57:32,726 DEBUG server.RaftServer$Division (RaftServerImpl.java:logAppendEntries(1549)) - s14@group-676CD6864C30: appendEntries* s5->s14#8073-t1,previous=(t:1, i:214),leaderCommit=213,initializing? false,entries: size=1, first=(t:1, i:215), STATEMACHINELOGENTRY, StateMachineLogEntryProto:8067@client-BE1E56DD0B20
2024-10-16 23:57:32,726 DEBUG server.RaftServer$Division (LeaderStateImpl.java:addPendingRequest(529)) - s5@group-676CD6864C30-LeaderStateImpl: addPendingRequest at RaftClientRequest:client-BE1E56DD0B20->s5@group-676CD6864C30, cid=8067, seq=null, RW, Message:01016300, entry=(t:1, i:215), STATEMACHINELOGENTRY, WRITE: logData.size=4, stateMachineData.size=0, logEntryProtoSerializedSize=0
2024-10-16 23:57:32,725 DEBUG server.RaftServer$Division (RaftServerImpl.java:logAppendEntries(1549)) - s0@group-676CD6864C30: appendEntries* s5->s0#8051-t1,previous=(t:1, i:212),leaderCommit=211,initializing? false,entries: size=1, first=(t:1, i:213), STATEMACHINELOGENTRY, StateMachineLogEntryProto:8043@client-BE1E56DD0B20
2024-10-16 23:57:32,727 DEBUG server.RaftServer$Division (RaftServerImpl.java:logAppendEntries(1549)) - s8@group-676CD6864C30: appendEntries* s5->s8#8074-t1,previous=(t:1, i:214),leaderCommit=213,initializing? false,entries: size=1, first=(t:1, i:215), STATEMACHINELOGENTRY, StateMachineLogEntryProto:8067@client-BE1E56DD0B20
2024-10-16 23:57:32,727 DEBUG server.RaftServer$Division (RaftServerImpl.java:logAppendEntries(1549)) - s7@group-676CD6864C30: appendEntries* s5->s7#8062-t1,previous=(t:1, i:213),leaderCommit=213,initializing? false,entries: size=1, first=(t:1, i:214), METADATAENTRY(c:213)
2024-10-16 23:57:32,725 DEBUG server.RaftServer$Division (RaftServerImpl.java:logAppendEntries(1549)) - s11@group-676CD6864C30: appendEntries* s5->s11#8070-t1,previous=(t:1, i:213),leaderCommit=213,initializing? false,entries: size=1, first=(t:1, i:214), METADATAENTRY(c:213)
2024-10-16 23:57:32,725 DEBUG server.RaftServer$Division (RaftServerImpl.java:logAppendEntries(1549)) - s2@group-676CD6864C30: appendEntries* s5->s2#8069-t1,previous=(t:1, i:213),leaderCommit=213,initializing? false,entries: size=1, first=(t:1, i:214), METADATAENTRY(c:213)
2024-10-16 23:57:32,725 DEBUG server.RaftServer$Division (RaftServerImpl.java:logAppendEntries(1549)) - s6@group-676CD6864C30: appendEntries* reply s5<-s6#8061:OK-t1,SUCCESS,nextIndex=215,followerCommit=213,matchIndex=214
2024-10-16 23:57:32,725 DEBUG server.RaftServer$Division (RaftServerImpl.java:logAppendEntries(1549)) - s12@group-676CD6864C30: appendEntries* reply s5<-s12#8066:OK-t1,SUCCESS,nextIndex=215,followerCommit=213,matchIndex=214
2024-10-16 23:57:32,725 DEBUG server.RaftServer$Division (RaftServerImpl.java:logAppendEntries(1549)) - s1@group-676CD6864C30: appendEntries* reply s5<-s1#8063:OK-t1,SUCCESS,nextIndex=215,followerCommit=213,matchIndex=214
2024-10-16 23:57:32,727 DEBUG server.RaftServer$Division (RaftServerImpl.java:logAppendEntries(1549)) - s8@group-676CD6864C30: appendEntries* reply s5<-s8#8074:OK-t1,SUCCESS,nextIndex=216,followerCommit=213,matchIndex=215
2024-10-16 23:57:32,728 DEBUG server.RaftServer$Division (RaftServerImpl.java:logAppendEntries(1549)) - s1@group-676CD6864C30: appendEntries* s5->s1#8077-t1,previous=(t:1, i:214),leaderCommit=213,initializing? false,entries: size=1, first=(t:1, i:215), STATEMACHINELOGENTRY, StateMachineLogEntryProto:8067@client-BE1E56DD0B20
2024-10-16 23:57:32,727 DEBUG server.RaftServer$Division (RaftServerImpl.java:logAppendEntries(1549)) - s7@group-676CD6864C30: appendEntries* reply s5<-s7#8062:OK-t1,SUCCESS,nextIndex=215,followerCommit=213,matchIndex=214
2024-10-16 23:57:32,727 DEBUG server.RaftServer$Division (RaftServerImpl.java:logAppendEntries(1549)) - s0@group-676CD6864C30: appendEntries* reply s5<-s0#8051:OK-t1,SUCCESS,nextIndex=214,followerCommit=211,matchIndex=213
2024-10-16 23:57:32,727 DEBUG server.RaftServer$Division (RaftServerImpl.java:logAppendEntries(1549)) - s14@group-676CD6864C30: appendEntries* reply s5<-s14#8073:OK-t1,SUCCESS,nextIndex=216,followerCommit=213,matchIndex=215
2024-10-16 23:57:32,728 DEBUG server.RaftServer$Division (RaftServerImpl.java:logAppendEntries(1549)) - s1@group-676CD6864C30: appendEntries* reply s5<-s1#8077:OK-t1,SUCCESS,nextIndex=216,followerCommit=213,matchIndex=215
2024-10-16 23:57:32,727 DEBUG server.RaftServer$Division (RaftServerImpl.java:logAppendEntries(1549)) - s4@group-676CD6864C30: appendEntries* s5->s4#8071-t1,previous=(t:1, i:211),leaderCommit=213,initializing? false,entries: size=3, first=(t:1, i:212), METADATAENTRY(c:211)
2024-10-16 23:57:32,727 DEBUG server.RaftServer$Division (RaftServerImpl.java:logAppendEntries(1549)) - s9@group-676CD6864C30: appendEntries* s5->s9#8075-t1,previous=(t:1, i:214),leaderCommit=213,initializing? false,entries: size=1, first=(t:1, i:215), STATEMACHINELOGENTRY, StateMachineLogEntryProto:8067@client-BE1E56DD0B20
2024-10-16 23:57:32,727 DEBUG server.RaftServer$Division (RaftServerImpl.java:logAppendEntries(1549)) - s13@group-676CD6864C30: appendEntries* reply s5<-s13#8072:OK-t1,SUCCESS,nextIndex=216,followerCommit=213,matchIndex=215
2024-10-16 23:57:32,726 DEBUG server.RaftServer$Division (RaftServerImpl.java:logAppendEntries(1549)) - s3@group-676CD6864C30: appendEntries* reply s5<-s3#8064:OK-t1,SUCCESS,nextIndex=215,followerCommit=213,matchIndex=214
2024-10-16 23:57:32,729 DEBUG server.RaftServer$Division (RaftServerImpl.java:logAppendEntries(1549)) - s9@group-676CD6864C30: appendEntries* reply s5<-s9#8075:OK-t1,SUCCESS,nextIndex=216,followerCommit=213,matchIndex=215
2024-10-16 23:57:32,729 DEBUG server.RaftServer$Division (RaftServerImpl.java:logAppendEntries(1549)) - s7@group-676CD6864C30: appendEntries* s5->s7#8080-t1,previous=(t:1, i:214),leaderCommit=214,initializing? false,entries: size=1, first=(t:1, i:215), STATEMACHINELOGENTRY, StateMachineLogEntryProto:8067@client-BE1E56DD0B20
2024-10-16 23:57:32,726 DEBUG server.RaftServer$Division (RaftServerImpl.java:logAppendEntries(1549)) - s10@group-676CD6864C30: appendEntries* s5->s10#8052-t1,previous=(t:1, i:212),leaderCommit=211,initializing? false,entries: size=1, first=(t:1, i:213), STATEMACHINELOGENTRY, StateMachineLogEntryProto:8043@client-BE1E56DD0B20
2024-10-16 23:57:32,730 DEBUG server.RaftServer$Division (RaftServerImpl.java:logAppendEntries(1549)) - s3@group-676CD6864C30: appendEntries* s5->s3#8081-t1,previous=(t:1, i:214),leaderCommit=214,initializing? false,entries: size=1, first=(t:1, i:215), STATEMACHINELOGENTRY, StateMachineLogEntryProto:8067@client-BE1E56DD0B20
2024-10-16 23:57:32,730 DEBUG server.RaftServer$Division (RaftServerImpl.java:logAppendEntries(1549)) - s10@group-676CD6864C30: appendEntries* reply s5<-s10#8052:OK-t1,SUCCESS,nextIndex=214,followerCommit=211,matchIndex=213
2024-10-16 23:57:32,730 DEBUG server.RaftServer$Division (RaftServerImpl.java:logAppendEntries(1549)) - s3@group-676CD6864C30: appendEntries* reply s5<-s3#8081:OK-t1,SUCCESS,nextIndex=216,followerCommit=214,matchIndex=215
2024-10-16 23:57:32,729 DEBUG server.RaftServer$Division (RaftServerImpl.java:logAppendEntries(1549)) - s0@group-676CD6864C30: appendEntries* s5->s0#8079-t1,previous=(t:1, i:213),leaderCommit=214,initializing? false,entries: size=2, first=(t:1, i:214), METADATAENTRY(c:213)
2024-10-16 23:57:32,729 DEBUG server.RaftServer$Division (RaftServerImpl.java:logAppendEntries(1549)) - s4@group-676CD6864C30: appendEntries* reply s5<-s4#8071:OK-t1,SUCCESS,nextIndex=215,followerCommit=213,matchIndex=214
2024-10-16 23:57:32,729 DEBUG server.RaftServer$Division (RaftServerImpl.java:logAppendEntries(1549)) - s6@group-676CD6864C30: appendEntries* s5->s6#8078-t1,previous=(t:1, i:214),leaderCommit=213,initializing? false,entries: size=1, first=(t:1, i:215), STATEMACHINELOGENTRY, StateMachineLogEntryProto:8067@client-BE1E56DD0B20
2024-10-16 23:57:32,728 DEBUG server.RaftServer$Division (RaftServerImpl.java:logAppendEntries(1549)) - s12@group-676CD6864C30: appendEntries* s5->s12#8076-t1,previous=(t:1, i:214),leaderCommit=213,initializing? false,entries: size=1, first=(t:1, i:215), STATEMACHINELOGENTRY, StateMachineLogEntryProto:8067@client-BE1E56DD0B20
2024-10-16 23:57:32,728 DEBUG server.RaftServer$Division (RaftServerImpl.java:logAppendEntries(1549)) - s2@group-676CD6864C30: appendEntries* reply s5<-s2#8069:OK-t1,SUCCESS,nextIndex=215,followerCommit=213,matchIndex=214
2024-10-16 23:57:32,730 DEBUG server.RaftServer$Division (RaftServerImpl.java:logAppendEntries(1549)) - s0@group-676CD6864C30: appendEntries* reply s5<-s0#8079:OK-t1,SUCCESS,nextIndex=216,followerCommit=214,matchIndex=215
2024-10-16 23:57:32,728 DEBUG server.RaftServer$Division (RaftServerImpl.java:logAppendEntries(1549)) - s11@group-676CD6864C30: appendEntries* reply s5<-s11#8070:OK-t1,SUCCESS,nextIndex=215,followerCommit=213,matchIndex=214
2024-10-16 23:57:32,730 DEBUG server.RaftServer$Division (RaftServerImpl.java:logAppendEntries(1549)) - s7@group-676CD6864C30: appendEntries* reply s5<-s7#8080:OK-t1,SUCCESS,nextIndex=216,followerCommit=214,matchIndex=215
2024-10-16 23:57:32,731 DEBUG server.RaftServer$Division (RaftServerImpl.java:logAppendEntries(1549)) - s6@group-676CD6864C30: appendEntries* reply s5<-s6#8078:OK-t1,SUCCESS,nextIndex=216,followerCommit=213,matchIndex=215
2024-10-16 23:57:32,731 DEBUG server.RaftServer$Division (RaftServerImpl.java:logAppendEntries(1549)) - s12@group-676CD6864C30: appendEntries* reply s5<-s12#8076:OK-t1,SUCCESS,nextIndex=216,followerCommit=213,matchIndex=215
2024-10-16 23:57:32,731 DEBUG server.RaftServer$Division (RaftServerImpl.java:logAppendEntries(1549)) - s2@group-676CD6864C30: appendEntries* s5->s2#8084-t1,previous=(t:1, i:214),leaderCommit=214,initializing? false,entries: size=1, first=(t:1, i:215), STATEMACHINELOGENTRY, StateMachineLogEntryProto:8067@client-BE1E56DD0B20
2024-10-16 23:57:32,731 DEBUG server.RaftServer$Division (RaftServerImpl.java:logAppendEntries(1549)) - s10@group-676CD6864C30: appendEntries* s5->s10#8082-t1,previous=(t:1, i:213),leaderCommit=214,initializing? false,entries: size=2, first=(t:1, i:214), METADATAENTRY(c:213)
2024-10-16 23:57:32,732 DEBUG server.RaftServer$Division (RaftServerImpl.java:logAppendEntries(1549)) - s0@group-676CD6864C30: appendEntries* s5->s0#8093-t1,previous=(t:1, i:215),leaderCommit=215,initializing? false,entries: size=1, first=(t:1, i:216), METADATAENTRY(c:215)
2024-10-16 23:57:32,732 DEBUG server.RaftServer$Division (RaftServerImpl.java:logAppendEntries(1549)) - s8@group-676CD6864C30: appendEntries* s5->s8#8086-t1,previous=(t:1, i:215),leaderCommit=215,initializing? false,entries: size=1, first=(t:1, i:216), METADATAENTRY(c:215)
2024-10-16 23:57:32,732 DEBUG server.RaftServer$Division (RaftServerImpl.java:logAppendEntries(1549)) - s0@group-676CD6864C30: appendEntries* reply s5<-s0#8093:OK-t1,SUCCESS,nextIndex=217,followerCommit=215,matchIndex=216
2024-10-16 23:57:32,732 DEBUG server.RaftServer$Division (RaftServerImpl.java:logAppendEntries(1549)) - s1@group-676CD6864C30: appendEntries* s5->s1#8092-t1,previous=(t:1, i:215),leaderCommit=215,initializing? false,entries: size=1, first=(t:1, i:216), METADATAENTRY(c:215)
2024-10-16 23:57:32,732 DEBUG server.RaftServer$Division (RaftServerImpl.java:logAppendEntries(1549)) - s10@group-676CD6864C30: appendEntries* reply s5<-s10#8082:OK-t1,SUCCESS,nextIndex=216,followerCommit=214,matchIndex=215
2024-10-16 23:57:32,732 DEBUG server.RaftServer$Division (RaftServerImpl.java:logAppendEntries(1549)) - s3@group-676CD6864C30: appendEntries* s5->s3#8091-t1,previous=(t:1, i:215),leaderCommit=215,initializing? false,entries: size=1, first=(t:1, i:216), METADATAENTRY(c:215)
2024-10-16 23:57:32,732 DEBUG server.RaftServer$Division (RaftServerImpl.java:logAppendEntries(1549)) - s14@group-676CD6864C30: appendEntries* s5->s14#8087-t1,previous=(t:1, i:215),leaderCommit=215,initializing? false,entries: size=1, first=(t:1, i:216), METADATAENTRY(c:215)
2024-10-16 23:57:32,731 DEBUG server.RaftServer$Division (RaftServerImpl.java:logAppendEntries(1549)) - s13@group-676CD6864C30: appendEntries* s5->s13#8090-t1,previous=(t:1, i:215),leaderCommit=215,initializing? false,entries: size=1, first=(t:1, i:216), METADATAENTRY(c:215)
2024-10-16 23:57:32,733 DEBUG server.RaftServer$Division (RaftServerImpl.java:logAppendEntries(1549)) - s3@group-676CD6864C30: appendEntries* reply s5<-s3#8091:OK-t1,SUCCESS,nextIndex=217,followerCommit=215,matchIndex=216
2024-10-16 23:57:32,731 DEBUG server.RaftServer$Division (RaftServerImpl.java:logAppendEntries(1549)) - s6@group-676CD6864C30: appendEntries* s5->s6#8089-t1,previous=(t:1, i:215),leaderCommit=215,initializing? false,entries: size=1, first=(t:1, i:216), METADATAENTRY(c:215)
2024-10-16 23:57:32,731 DEBUG server.RaftServer$Division (RaftServerImpl.java:logAppendEntries(1549)) - s2@group-676CD6864C30: appendEntries* reply s5<-s2#8084:OK-t1,SUCCESS,nextIndex=216,followerCommit=214,matchIndex=215
2024-10-16 23:57:32,733 DEBUG server.RaftServer$Division (RaftServerImpl.java:logAppendEntries(1549)) - s9@group-676CD6864C30: appendEntries* s5->s9#8088-t1,previous=(t:1, i:215),leaderCommit=215,initializing? false,entries: size=1, first=(t:1, i:216), METADATAENTRY(c:215)
2024-10-16 23:57:32,731 DEBUG server.RaftServer$Division (RaftServerImpl.java:logAppendEntries(1549)) - s11@group-676CD6864C30: appendEntries* s5->s11#8085-t1,previous=(t:1, i:214),leaderCommit=215,initializing? false,entries: size=1, first=(t:1, i:215), STATEMACHINELOGENTRY, StateMachineLogEntryProto:8067@client-BE1E56DD0B20
2024-10-16 23:57:32,731 INFO  statemachine.StateMachine (ArithmeticStateMachine.java:applyTransaction(181)) - LEADER:s5-215: c = null = null
2024-10-16 23:57:32,734 DEBUG server.RaftServer$Division (RaftServerImpl.java:logAppendEntries(1549)) - s9@group-676CD6864C30: appendEntries* reply s5<-s9#8088:OK-t1,SUCCESS,nextIndex=217,followerCommit=215,matchIndex=216
2024-10-16 23:57:32,734 DEBUG server.RaftServer$Division (RaftServerImpl.java:logAppendEntries(1549)) - s6@group-676CD6864C30: appendEntries* reply s5<-s6#8089:OK-t1,SUCCESS,nextIndex=217,followerCommit=215,matchIndex=216
2024-10-16 23:57:32,734 DEBUG server.RaftServer$Division (RaftServerImpl.java:logAppendEntries(1549)) - s11@group-676CD6864C30: appendEntries* reply s5<-s11#8085:OK-t1,SUCCESS,nextIndex=216,followerCommit=215,matchIndex=215
2024-10-16 23:57:32,733 DEBUG server.RaftServer$Division (RaftServerImpl.java:logAppendEntries(1549)) - s10@group-676CD6864C30: appendEntries* s5->s10#8096-t1,previous=(t:1, i:215),leaderCommit=215,initializing? false,entries: size=1, first=(t:1, i:216), METADATAENTRY(c:215)
2024-10-16 23:57:32,733 DEBUG server.RaftServer$Division (RaftServerImpl.java:logAppendEntries(1549)) - s13@group-676CD6864C30: appendEntries* reply s5<-s13#8090:OK-t1,SUCCESS,nextIndex=217,followerCommit=215,matchIndex=216
2024-10-16 23:57:32,733 DEBUG server.RaftServer$Division (RaftServerImpl.java:logAppendEntries(1549)) - s14@group-676CD6864C30: appendEntries* reply s5<-s14#8087:OK-t1,SUCCESS,nextIndex=217,followerCommit=215,matchIndex=216
2024-10-16 23:57:32,734 DEBUG server.RaftServer$Division (RaftServerImpl.java:logAppendEntries(1549)) - s11@group-676CD6864C30: appendEntries* s5->s11#8099-t1,previous=(t:1, i:215),leaderCommit=215,initializing? false,entries: size=1, first=(t:1, i:216), METADATAENTRY(c:215)
2024-10-16 23:57:32,733 DEBUG server.RaftServer$Division (RaftServerImpl.java:logAppendEntries(1549)) - s7@group-676CD6864C30: appendEntries* s5->s7#8095-t1,previous=(t:1, i:215),leaderCommit=215,initializing? false,entries: size=1, first=(t:1, i:216), METADATAENTRY(c:215)
2024-10-16 23:57:32,733 DEBUG server.RaftServer$Division (RaftServerImpl.java:logAppendEntries(1549)) - s1@group-676CD6864C30: appendEntries* reply s5<-s1#8092:OK-t1,SUCCESS,nextIndex=217,followerCommit=215,matchIndex=216
2024-10-16 23:57:32,732 DEBUG server.RaftServer$Division (RaftServerImpl.java:logAppendEntries(1549)) - s8@group-676CD6864C30: appendEntries* reply s5<-s8#8086:OK-t1,SUCCESS,nextIndex=217,followerCommit=215,matchIndex=216
2024-10-16 23:57:32,732 DEBUG server.RaftServer$Division (RaftServerImpl.java:logAppendEntries(1549)) - s4@group-676CD6864C30: appendEntries* s5->s4#8083-t1,previous=(t:1, i:214),leaderCommit=214,initializing? false,entries: size=1, first=(t:1, i:215), STATEMACHINELOGENTRY, StateMachineLogEntryProto:8067@client-BE1E56DD0B20
2024-10-16 23:57:32,732 DEBUG server.RaftServer$Division (RaftServerImpl.java:logAppendEntries(1549)) - s12@group-676CD6864C30: appendEntries* s5->s12#8094-t1,previous=(t:1, i:215),leaderCommit=215,initializing? false,entries: size=1, first=(t:1, i:216), METADATAENTRY(c:215)
2024-10-16 23:57:32,735 DEBUG server.RaftServer$Division (RaftServerImpl.java:logAppendEntries(1549)) - s11@group-676CD6864C30: appendEntries* reply s5<-s11#8099:OK-t1,SUCCESS,nextIndex=217,followerCommit=215,matchIndex=216
2024-10-16 23:57:32,735 DEBUG server.RaftServer$Division (RaftServerImpl.java:logAppendEntries(1549)) - s10@group-676CD6864C30: appendEntries* reply s5<-s10#8096:OK-t1,SUCCESS,nextIndex=217,followerCommit=215,matchIndex=216
2024-10-16 23:57:32,734 DEBUG server.RaftServer$Division (RaftServerImpl.java:submitClientRequestAsync(920)) - s5@group-676CD6864C30: receive client request(RaftClientRequest:client-BE1E56DD0B20->s5@group-676CD6864C30, cid=8098, seq=null, RW, Message:01016102405d40000000...(size=12))
2024-10-16 23:57:32,734 DEBUG server.RaftServer$Division (RaftServerImpl.java:logAppendEntries(1549)) - s2@group-676CD6864C30: appendEntries* s5->s2#8097-t1,previous=(t:1, i:215),leaderCommit=215,initializing? false,entries: size=1, first=(t:1, i:216), METADATAENTRY(c:215)
2024-10-16 23:57:32,736 DEBUG server.RaftServer$Division (LeaderStateImpl.java:addPendingRequest(529)) - s5@group-676CD6864C30-LeaderStateImpl: addPendingRequest at RaftClientRequest:client-BE1E56DD0B20->s5@group-676CD6864C30, cid=8098, seq=null, RW, Message:01016102405d40000000...(size=12), entry=(t:1, i:217), STATEMACHINELOGENTRY, WRITE: logData.size=12, stateMachineData.size=0, logEntryProtoSerializedSize=0
2024-10-16 23:57:32,736 DEBUG server.RaftServer$Division (RaftServerImpl.java:logAppendEntries(1549)) - s12@group-676CD6864C30: appendEntries* reply s5<-s12#8094:OK-t1,SUCCESS,nextIndex=217,followerCommit=215,matchIndex=216
2024-10-16 23:57:32,735 DEBUG server.RaftServer$Division (RaftServerImpl.java:logAppendEntries(1549)) - s4@group-676CD6864C30: appendEntries* reply s5<-s4#8083:OK-t1,SUCCESS,nextIndex=216,followerCommit=214,matchIndex=215
2024-10-16 23:57:32,736 DEBUG server.RaftServer$Division (RaftServerImpl.java:logAppendEntries(1549)) - s2@group-676CD6864C30: appendEntries* reply s5<-s2#8097:OK-t1,SUCCESS,nextIndex=217,followerCommit=215,matchIndex=216
2024-10-16 23:57:32,736 DEBUG server.RaftServer$Division (RaftServerImpl.java:logAppendEntries(1549)) - s7@group-676CD6864C30: appendEntries* reply s5<-s7#8095:OK-t1,SUCCESS,nextIndex=217,followerCommit=215,matchIndex=216
2024-10-16 23:57:32,736 DEBUG server.RaftServer$Division (RaftServerImpl.java:logAppendEntries(1549)) - s11@group-676CD6864C30: appendEntries* s5->s11#8100-t1,previous=(t:1, i:216),leaderCommit=216,initializing? false,entries: size=1, first=(t:1, i:217), STATEMACHINELOGENTRY, StateMachineLogEntryProto:8098@client-BE1E56DD0B20
2024-10-16 23:57:32,736 DEBUG server.RaftServer$Division (RaftServerImpl.java:logAppendEntries(1549)) - s13@group-676CD6864C30: appendEntries* s5->s13#8106-t1,previous=(t:1, i:216),leaderCommit=216,initializing? false,entries: size=1, first=(t:1, i:217), STATEMACHINELOGENTRY, StateMachineLogEntryProto:8098@client-BE1E56DD0B20
2024-10-16 23:57:32,737 DEBUG server.RaftServer$Division (RaftServerImpl.java:logAppendEntries(1549)) - s6@group-676CD6864C30: appendEntries* s5->s6#8103-t1,previous=(t:1, i:216),leaderCommit=216,initializing? false,entries: size=1, first=(t:1, i:217), STATEMACHINELOGENTRY, StateMachineLogEntryProto:8098@client-BE1E56DD0B20
2024-10-16 23:57:32,737 DEBUG server.RaftServer$Division (RaftServerImpl.java:logAppendEntries(1549)) - s2@group-676CD6864C30: appendEntries* s5->s2#8111-t1,previous=(t:1, i:216),leaderCommit=216,initializing? false,entries: size=1, first=(t:1, i:217), STATEMACHINELOGENTRY, StateMachineLogEntryProto:8098@client-BE1E56DD0B20
2024-10-16 23:57:32,738 DEBUG server.RaftServer$Division (RaftServerImpl.java:logAppendEntries(1549)) - s13@group-676CD6864C30: appendEntries* reply s5<-s13#8106:OK-t1,SUCCESS,nextIndex=218,followerCommit=216,matchIndex=217
2024-10-16 23:57:32,737 DEBUG server.RaftServer$Division (RaftServerImpl.java:logAppendEntries(1549)) - s11@group-676CD6864C30: appendEntries* reply s5<-s11#8100:OK-t1,SUCCESS,nextIndex=218,followerCommit=216,matchIndex=217
2024-10-16 23:57:32,738 DEBUG server.RaftServer$Division (RaftServerImpl.java:logAppendEntries(1549)) - s6@group-676CD6864C30: appendEntries* reply s5<-s6#8103:OK-t1,SUCCESS,nextIndex=218,followerCommit=216,matchIndex=217
2024-10-16 23:57:32,737 DEBUG server.RaftServer$Division (RaftServerImpl.java:logAppendEntries(1549)) - s8@group-676CD6864C30: appendEntries* s5->s8#8102-t1,previous=(t:1, i:216),leaderCommit=216,initializing? false,entries: size=1, first=(t:1, i:217), STATEMACHINELOGENTRY, StateMachineLogEntryProto:8098@client-BE1E56DD0B20
2024-10-16 23:57:32,737 DEBUG server.RaftServer$Division (RaftServerImpl.java:logAppendEntries(1549)) - s12@group-676CD6864C30: appendEntries* s5->s12#8109-t1,previous=(t:1, i:216),leaderCommit=216,initializing? false,entries: size=1, first=(t:1, i:217), STATEMACHINELOGENTRY, StateMachineLogEntryProto:8098@client-BE1E56DD0B20
2024-10-16 23:57:32,737 DEBUG server.RaftServer$Division (RaftServerImpl.java:logAppendEntries(1549)) - s1@group-676CD6864C30: appendEntries* s5->s1#8108-t1,previous=(t:1, i:216),leaderCommit=216,initializing? false,entries: size=1, first=(t:1, i:217), STATEMACHINELOGENTRY, StateMachineLogEntryProto:8098@client-BE1E56DD0B20
2024-10-16 23:57:32,737 DEBUG server.RaftServer$Division (RaftServerImpl.java:logAppendEntries(1549)) - s3@group-676CD6864C30: appendEntries* s5->s3#8110-t1,previous=(t:1, i:216),leaderCommit=216,initializing? false,entries: size=1, first=(t:1, i:217), STATEMACHINELOGENTRY, StateMachineLogEntryProto:8098@client-BE1E56DD0B20
2024-10-16 23:57:32,738 DEBUG server.RaftServer$Division (RaftServerImpl.java:logAppendEntries(1549)) - s8@group-676CD6864C30: appendEntries* reply s5<-s8#8102:OK-t1,SUCCESS,nextIndex=218,followerCommit=216,matchIndex=217
2024-10-16 23:57:32,737 DEBUG server.RaftServer$Division (RaftServerImpl.java:logAppendEntries(1549)) - s14@group-676CD6864C30: appendEntries* s5->s14#8107-t1,previous=(t:1, i:216),leaderCommit=216,initializing? false,entries: size=1, first=(t:1, i:217), STATEMACHINELOGENTRY, StateMachineLogEntryProto:8098@client-BE1E56DD0B20
2024-10-16 23:57:32,739 DEBUG server.RaftServer$Division (RaftServerImpl.java:logAppendEntries(1549)) - s12@group-676CD6864C30: appendEntries* reply s5<-s12#8109:OK-t1,SUCCESS,nextIndex=218,followerCommit=216,matchIndex=217
2024-10-16 23:57:32,739 DEBUG server.RaftServer$Division (RaftServerImpl.java:logAppendEntries(1549)) - s1@group-676CD6864C30: appendEntries* reply s5<-s1#8108:OK-t1,SUCCESS,nextIndex=218,followerCommit=216,matchIndex=217
2024-10-16 23:57:32,738 DEBUG server.RaftServer$Division (RaftServerImpl.java:logAppendEntries(1549)) - s0@group-676CD6864C30: appendEntries* s5->s0#8105-t1,previous=(t:1, i:216),leaderCommit=216,initializing? false,entries: size=1, first=(t:1, i:217), STATEMACHINELOGENTRY, StateMachineLogEntryProto:8098@client-BE1E56DD0B20
2024-10-16 23:57:32,738 DEBUG server.RaftServer$Division (RaftServerImpl.java:logAppendEntries(1549)) - s7@group-676CD6864C30: appendEntries* s5->s7#8113-t1,previous=(t:1, i:216),leaderCommit=216,initializing? false,entries: size=1, first=(t:1, i:217), STATEMACHINELOGENTRY, StateMachineLogEntryProto:8098@client-BE1E56DD0B20
2024-10-16 23:57:32,738 DEBUG server.RaftServer$Division (RaftServerImpl.java:logAppendEntries(1549)) - s10@group-676CD6864C30: appendEntries* s5->s10#8101-t1,previous=(t:1, i:216),leaderCommit=216,initializing? false,entries: size=1, first=(t:1, i:217), STATEMACHINELOGENTRY, StateMachineLogEntryProto:8098@client-BE1E56DD0B20
2024-10-16 23:57:32,739 DEBUG server.RaftServer$Division (RaftServerImpl.java:logAppendEntries(1549)) - s9@group-676CD6864C30: appendEntries* s5->s9#8104-t1,previous=(t:1, i:216),leaderCommit=216,initializing? false,entries: size=1, first=(t:1, i:217), STATEMACHINELOGENTRY, StateMachineLogEntryProto:8098@client-BE1E56DD0B20
2024-10-16 23:57:32,738 DEBUG server.RaftServer$Division (RaftServerImpl.java:logAppendEntries(1549)) - s2@group-676CD6864C30: appendEntries* reply s5<-s2#8111:OK-t1,SUCCESS,nextIndex=218,followerCommit=216,matchIndex=217
2024-10-16 23:57:32,737 DEBUG server.RaftServer$Division (RaftServerImpl.java:logAppendEntries(1549)) - s4@group-676CD6864C30: appendEntries* s5->s4#8112-t1,previous=(t:1, i:215),leaderCommit=216,initializing? false,entries: size=2, first=(t:1, i:216), METADATAENTRY(c:215)
2024-10-16 23:57:32,739 DEBUG server.RaftServer$Division (RaftServerImpl.java:logAppendEntries(1549)) - s10@group-676CD6864C30: appendEntries* reply s5<-s10#8101:OK-t1,SUCCESS,nextIndex=218,followerCommit=216,matchIndex=217
2024-10-16 23:57:32,739 DEBUG server.RaftServer$Division (RaftServerImpl.java:logAppendEntries(1549)) - s7@group-676CD6864C30: appendEntries* reply s5<-s7#8113:OK-t1,SUCCESS,nextIndex=218,followerCommit=216,matchIndex=217
2024-10-16 23:57:32,739 DEBUG server.RaftServer$Division (RaftServerImpl.java:logAppendEntries(1549)) - s0@group-676CD6864C30: appendEntries* reply s5<-s0#8105:OK-t1,SUCCESS,nextIndex=218,followerCommit=216,matchIndex=217
2024-10-16 23:57:32,740 INFO  statemachine.StateMachine (ArithmeticStateMachine.java:applyTransaction(181)) - LEADER:s5-217: a = 117 = 117
2024-10-16 23:57:32,739 DEBUG server.RaftServer$Division (RaftServerImpl.java:logAppendEntries(1549)) - s14@group-676CD6864C30: appendEntries* reply s5<-s14#8107:OK-t1,SUCCESS,nextIndex=218,followerCommit=216,matchIndex=217
2024-10-16 23:57:32,739 DEBUG server.RaftServer$Division (RaftServerImpl.java:logAppendEntries(1549)) - s3@group-676CD6864C30: appendEntries* reply s5<-s3#8110:OK-t1,SUCCESS,nextIndex=218,followerCommit=216,matchIndex=217
2024-10-16 23:57:32,740 DEBUG server.RaftServer$Division (RaftServerImpl.java:logAppendEntries(1549)) - s13@group-676CD6864C30: appendEntries* s5->s13#8115-t1,previous=(t:1, i:217),leaderCommit=217,initializing? false,entries: size=1, first=(t:1, i:218), METADATAENTRY(c:217)
2024-10-16 23:57:32,740 DEBUG server.RaftServer$Division (RaftServerImpl.java:logAppendEntries(1549)) - s1@group-676CD6864C30: appendEntries* s5->s1#8118-t1,previous=(t:1, i:217),leaderCommit=217,initializing? false,entries: size=1, first=(t:1, i:218), METADATAENTRY(c:217)
2024-10-16 23:57:32,741 DEBUG server.RaftServer$Division (RaftServerImpl.java:logAppendEntries(1549)) - s14@group-676CD6864C30: appendEntries* s5->s14#8121-t1,previous=(t:1, i:217),leaderCommit=217,initializing? false,entries: size=1, first=(t:1, i:218), METADATAENTRY(c:217)
2024-10-16 23:57:32,741 DEBUG server.RaftServer$Division (RaftServerImpl.java:logAppendEntries(1549)) - s12@group-676CD6864C30: appendEntries* s5->s12#8120-t1,previous=(t:1, i:217),leaderCommit=217,initializing? false,entries: size=1, first=(t:1, i:218), METADATAENTRY(c:217)
2024-10-16 23:57:32,741 DEBUG server.RaftServer$Division (RaftServerImpl.java:submitClientRequestAsync(920)) - s5@group-676CD6864C30: receive client request(RaftClientRequest:client-BE1E56DD0B20->s5@group-676CD6864C30, cid=8122, seq=null, RW, Message:0101620240babc000000...(size=12))
2024-10-16 23:57:32,741 DEBUG server.RaftServer$Division (LeaderStateImpl.java:addPendingRequest(529)) - s5@group-676CD6864C30-LeaderStateImpl: addPendingRequest at RaftClientRequest:client-BE1E56DD0B20->s5@group-676CD6864C30, cid=8122, seq=null, RW, Message:0101620240babc000000...(size=12), entry=(t:1, i:219), STATEMACHINELOGENTRY, WRITE: logData.size=12, stateMachineData.size=0, logEntryProtoSerializedSize=0
2024-10-16 23:57:32,741 DEBUG server.RaftServer$Division (RaftServerImpl.java:logAppendEntries(1549)) - s14@group-676CD6864C30: appendEntries* reply s5<-s14#8121:OK-t1,SUCCESS,nextIndex=219,followerCommit=217,matchIndex=218
2024-10-16 23:57:32,741 DEBUG server.RaftServer$Division (RaftServerImpl.java:logAppendEntries(1549)) - s4@group-676CD6864C30: appendEntries* reply s5<-s4#8112:OK-t1,SUCCESS,nextIndex=218,followerCommit=216,matchIndex=217
2024-10-16 23:57:32,740 DEBUG server.RaftServer$Division (RaftServerImpl.java:logAppendEntries(1549)) - s11@group-676CD6864C30: appendEntries* s5->s11#8119-t1,previous=(t:1, i:217),leaderCommit=217,initializing? false,entries: size=1, first=(t:1, i:218), METADATAENTRY(c:217)
2024-10-16 23:57:32,742 DEBUG server.RaftServer$Division (RaftServerImpl.java:logAppendEntries(1549)) - s7@group-676CD6864C30: appendEntries* s5->s7#8125-t1,previous=(t:1, i:217),leaderCommit=217,initializing? false,entries: size=2, first=(t:1, i:218), METADATAENTRY(c:217)
2024-10-16 23:57:32,742 DEBUG server.RaftServer$Division (RaftServerImpl.java:logAppendEntries(1549)) - s6@group-676CD6864C30: appendEntries* s5->s6#8124-t1,previous=(t:1, i:217),leaderCommit=217,initializing? false,entries: size=1, first=(t:1, i:218), METADATAENTRY(c:217)
2024-10-16 23:57:32,741 DEBUG server.RaftServer$Division (RaftServerImpl.java:logAppendEntries(1549)) - s12@group-676CD6864C30: appendEntries* reply s5<-s12#8120:OK-t1,SUCCESS,nextIndex=219,followerCommit=217,matchIndex=218
2024-10-16 23:57:32,741 DEBUG server.RaftServer$Division (RaftServerImpl.java:logAppendEntries(1549)) - s8@group-676CD6864C30: appendEntries* s5->s8#8117-t1,previous=(t:1, i:217),leaderCommit=217,initializing? false,entries: size=1, first=(t:1, i:218), METADATAENTRY(c:217)
2024-10-16 23:57:32,741 DEBUG server.RaftServer$Division (RaftServerImpl.java:logAppendEntries(1549)) - s10@group-676CD6864C30: appendEntries* s5->s10#8114-t1,previous=(t:1, i:217),leaderCommit=217,initializing? false,entries: size=1, first=(t:1, i:218), METADATAENTRY(c:217)
2024-10-16 23:57:32,741 DEBUG server.RaftServer$Division (RaftServerImpl.java:logAppendEntries(1549)) - s13@group-676CD6864C30: appendEntries* reply s5<-s13#8115:OK-t1,SUCCESS,nextIndex=219,followerCommit=217,matchIndex=218
2024-10-16 23:57:32,743 DEBUG server.RaftServer$Division (RaftServerImpl.java:logAppendEntries(1549)) - s8@group-676CD6864C30: appendEntries* reply s5<-s8#8117:OK-t1,SUCCESS,nextIndex=219,followerCommit=217,matchIndex=218
2024-10-16 23:57:32,743 DEBUG server.RaftServer$Division (RaftServerImpl.java:logAppendEntries(1549)) - s12@group-676CD6864C30: appendEntries* s5->s12#8129-t1,previous=(t:1, i:218),leaderCommit=217,initializing? false,entries: size=1, first=(t:1, i:219), STATEMACHINELOGENTRY, StateMachineLogEntryProto:8122@client-BE1E56DD0B20
2024-10-16 23:57:32,743 DEBUG server.RaftServer$Division (RaftServerImpl.java:logAppendEntries(1549)) - s13@group-676CD6864C30: appendEntries* s5->s13#8130-t1,previous=(t:1, i:218),leaderCommit=217,initializing? false,entries: size=1, first=(t:1, i:219), STATEMACHINELOGENTRY, StateMachineLogEntryProto:8122@client-BE1E56DD0B20
2024-10-16 23:57:32,741 DEBUG server.RaftServer$Division (RaftServerImpl.java:logAppendEntries(1549)) - s1@group-676CD6864C30: appendEntries* reply s5<-s1#8118:OK-t1,SUCCESS,nextIndex=219,followerCommit=217,matchIndex=218
2024-10-16 23:57:32,741 DEBUG server.RaftServer$Division (RaftServerImpl.java:logAppendEntries(1549)) - s2@group-676CD6864C30: appendEntries* s5->s2#8116-t1,previous=(t:1, i:217),leaderCommit=217,initializing? false,entries: size=1, first=(t:1, i:218), METADATAENTRY(c:217)
2024-10-16 23:57:32,744 DEBUG server.RaftServer$Division (RaftServerImpl.java:logAppendEntries(1549)) - s8@group-676CD6864C30: appendEntries* s5->s8#8131-t1,previous=(t:1, i:218),leaderCommit=217,initializing? false,entries: size=1, first=(t:1, i:219), STATEMACHINELOGENTRY, StateMachineLogEntryProto:8122@client-BE1E56DD0B20
2024-10-16 23:57:32,741 DEBUG server.RaftServer$Division (RaftServerImpl.java:logAppendEntries(1549)) - s3@group-676CD6864C30: appendEntries* s5->s3#8123-t1,previous=(t:1, i:217),leaderCommit=217,initializing? false,entries: size=1, first=(t:1, i:218), METADATAENTRY(c:217)
2024-10-16 23:57:32,744 DEBUG server.RaftServer$Division (RaftServerImpl.java:logAppendEntries(1549)) - s13@group-676CD6864C30: appendEntries* reply s5<-s13#8130:OK-t1,SUCCESS,nextIndex=220,followerCommit=217,matchIndex=219
2024-10-16 23:57:32,743 DEBUG server.RaftServer$Division (RaftServerImpl.java:logAppendEntries(1549)) - s9@group-676CD6864C30: appendEntries* reply s5<-s9#8104:OK-t1,SUCCESS,nextIndex=218,followerCommit=216,matchIndex=217
2024-10-16 23:57:32,744 DEBUG server.RaftServer$Division (RaftServerImpl.java:logAppendEntries(1549)) - s2@group-676CD6864C30: appendEntries* reply s5<-s2#8116:OK-t1,SUCCESS,nextIndex=219,followerCommit=217,matchIndex=218
2024-10-16 23:57:32,744 DEBUG server.RaftServer$Division (RaftServerImpl.java:logAppendEntries(1549)) - s3@group-676CD6864C30: appendEntries* reply s5<-s3#8123:OK-t1,SUCCESS,nextIndex=219,followerCommit=217,matchIndex=218
2024-10-16 23:57:32,744 DEBUG server.RaftServer$Division (RaftServerImpl.java:logAppendEntries(1549)) - s8@group-676CD6864C30: appendEntries* reply s5<-s8#8131:OK-t1,SUCCESS,nextIndex=220,followerCommit=217,matchIndex=219
2024-10-16 23:57:32,743 DEBUG server.RaftServer$Division (RaftServerImpl.java:logAppendEntries(1549)) - s12@group-676CD6864C30: appendEntries* reply s5<-s12#8129:OK-t1,SUCCESS,nextIndex=220,followerCommit=217,matchIndex=219
2024-10-16 23:57:32,743 DEBUG server.RaftServer$Division (RaftServerImpl.java:logAppendEntries(1549)) - s7@group-676CD6864C30: appendEntries* reply s5<-s7#8125:OK-t1,SUCCESS,nextIndex=220,followerCommit=217,matchIndex=219
2024-10-16 23:57:32,742 DEBUG server.RaftServer$Division (RaftServerImpl.java:logAppendEntries(1549)) - s4@group-676CD6864C30: appendEntries* s5->s4#8128-t1,previous=(t:1, i:217),leaderCommit=217,initializing? false,entries: size=2, first=(t:1, i:218), METADATAENTRY(c:217)
2024-10-16 23:57:32,742 DEBUG server.RaftServer$Division (RaftServerImpl.java:logAppendEntries(1549)) - s11@group-676CD6864C30: appendEntries* reply s5<-s11#8119:OK-t1,SUCCESS,nextIndex=219,followerCommit=217,matchIndex=218
2024-10-16 23:57:32,742 DEBUG server.RaftServer$Division (RaftServerImpl.java:logAppendEntries(1549)) - s14@group-676CD6864C30: appendEntries* s5->s14#8127-t1,previous=(t:1, i:218),leaderCommit=217,initializing? false,entries: size=1, first=(t:1, i:219), STATEMACHINELOGENTRY, StateMachineLogEntryProto:8122@client-BE1E56DD0B20
2024-10-16 23:57:32,742 DEBUG server.RaftServer$Division (RaftServerImpl.java:logAppendEntries(1549)) - s0@group-676CD6864C30: appendEntries* s5->s0#8126-t1,previous=(t:1, i:217),leaderCommit=217,initializing? false,entries: size=2, first=(t:1, i:218), METADATAENTRY(c:217)
2024-10-16 23:57:32,745 DEBUG server.RaftServer$Division (RaftServerImpl.java:logAppendEntries(1549)) - s2@group-676CD6864C30: appendEntries* s5->s2#8134-t1,previous=(t:1, i:218),leaderCommit=217,initializing? false,entries: size=1, first=(t:1, i:219), STATEMACHINELOGENTRY, StateMachineLogEntryProto:8122@client-BE1E56DD0B20
2024-10-16 23:57:32,745 DEBUG server.RaftServer$Division (RaftServerImpl.java:logAppendEntries(1549)) - s4@group-676CD6864C30: appendEntries* reply s5<-s4#8128:OK-t1,SUCCESS,nextIndex=220,followerCommit=217,matchIndex=219
2024-10-16 23:57:32,745 DEBUG server.RaftServer$Division (RaftServerImpl.java:logAppendEntries(1549)) - s11@group-676CD6864C30: appendEntries* s5->s11#8136-t1,previous=(t:1, i:218),leaderCommit=218,initializing? false,entries: size=1, first=(t:1, i:219), STATEMACHINELOGENTRY, StateMachineLogEntryProto:8122@client-BE1E56DD0B20
2024-10-16 23:57:32,745 DEBUG server.RaftServer$Division (RaftServerImpl.java:logAppendEntries(1549)) - s3@group-676CD6864C30: appendEntries* s5->s3#8135-t1,previous=(t:1, i:218),leaderCommit=217,initializing? false,entries: size=1, first=(t:1, i:219), STATEMACHINELOGENTRY, StateMachineLogEntryProto:8122@client-BE1E56DD0B20
2024-10-16 23:57:32,744 DEBUG server.RaftServer$Division (RaftServerImpl.java:logAppendEntries(1549)) - s6@group-676CD6864C30: appendEntries* reply s5<-s6#8124:OK-t1,SUCCESS,nextIndex=219,followerCommit=217,matchIndex=218
2024-10-16 23:57:32,744 DEBUG server.RaftServer$Division (RaftServerImpl.java:logAppendEntries(1549)) - s1@group-676CD6864C30: appendEntries* s5->s1#8132-t1,previous=(t:1, i:218),leaderCommit=217,initializing? false,entries: size=1, first=(t:1, i:219), STATEMACHINELOGENTRY, StateMachineLogEntryProto:8122@client-BE1E56DD0B20
2024-10-16 23:57:32,746 DEBUG server.RaftServer$Division (RaftServerImpl.java:logAppendEntries(1549)) - s11@group-676CD6864C30: appendEntries* reply s5<-s11#8136:OK-t1,SUCCESS,nextIndex=220,followerCommit=218,matchIndex=219
2024-10-16 23:57:32,745 DEBUG server.RaftServer$Division (RaftServerImpl.java:logAppendEntries(1549)) - s2@group-676CD6864C30: appendEntries* reply s5<-s2#8134:OK-t1,SUCCESS,nextIndex=220,followerCommit=217,matchIndex=219
2024-10-16 23:57:32,746 DEBUG server.RaftServer$Division (RaftServerImpl.java:logAppendEntries(1549)) - s3@group-676CD6864C30: appendEntries* reply s5<-s3#8135:OK-t1,SUCCESS,nextIndex=220,followerCommit=217,matchIndex=219
2024-10-16 23:57:32,745 DEBUG server.RaftServer$Division (RaftServerImpl.java:logAppendEntries(1549)) - s10@group-676CD6864C30: appendEntries* reply s5<-s10#8114:OK-t1,SUCCESS,nextIndex=219,followerCommit=217,matchIndex=218
2024-10-16 23:57:32,745 DEBUG server.RaftServer$Division (RaftServerImpl.java:logAppendEntries(1549)) - s14@group-676CD6864C30: appendEntries* reply s5<-s14#8127:OK-t1,SUCCESS,nextIndex=220,followerCommit=217,matchIndex=219
2024-10-16 23:57:32,745 DEBUG server.RaftServer$Division (RaftServerImpl.java:logAppendEntries(1549)) - s9@group-676CD6864C30: appendEntries* s5->s9#8133-t1,previous=(t:1, i:217),leaderCommit=217,initializing? false,entries: size=2, first=(t:1, i:218), METADATAENTRY(c:217)
2024-10-16 23:57:32,747 DEBUG server.RaftServer$Division (RaftServerImpl.java:logAppendEntries(1549)) - s6@group-676CD6864C30: appendEntries* s5->s6#8137-t1,previous=(t:1, i:218),leaderCommit=218,initializing? false,entries: size=1, first=(t:1, i:219), STATEMACHINELOGENTRY, StateMachineLogEntryProto:8122@client-BE1E56DD0B20
2024-10-16 23:57:32,747 DEBUG server.RaftServer$Division (RaftServerImpl.java:logAppendEntries(1549)) - s10@group-676CD6864C30: appendEntries* s5->s10#8142-t1,previous=(t:1, i:218),leaderCommit=219,initializing? false,entries: size=2, first=(t:1, i:219), STATEMACHINELOGENTRY, StateMachineLogEntryProto:8122@client-BE1E56DD0B20
2024-10-16 23:57:32,747 DEBUG server.RaftServer$Division (RaftServerImpl.java:logAppendEntries(1549)) - s4@group-676CD6864C30: appendEntries* s5->s4#8147-t1,previous=(t:1, i:219),leaderCommit=219,initializing? false,entries: size=1, first=(t:1, i:220), METADATAENTRY(c:219)
2024-10-16 23:57:32,748 DEBUG server.RaftServer$Division (RaftServerImpl.java:logAppendEntries(1549)) - s6@group-676CD6864C30: appendEntries* reply s5<-s6#8137:OK-t1,SUCCESS,nextIndex=220,followerCommit=218,matchIndex=219
2024-10-16 23:57:32,747 DEBUG server.RaftServer$Division (RaftServerImpl.java:logAppendEntries(1549)) - s7@group-676CD6864C30: appendEntries* s5->s7#8143-t1,previous=(t:1, i:219),leaderCommit=219,initializing? false,entries: size=1, first=(t:1, i:220), METADATAENTRY(c:219)
2024-10-16 23:57:32,747 DEBUG server.RaftServer$Division (RaftServerImpl.java:logAppendEntries(1549)) - s8@group-676CD6864C30: appendEntries* s5->s8#8146-t1,previous=(t:1, i:219),leaderCommit=219,initializing? false,entries: size=1, first=(t:1, i:220), METADATAENTRY(c:219)
2024-10-16 23:57:32,747 DEBUG server.RaftServer$Division (RaftServerImpl.java:logAppendEntries(1549)) - s2@group-676CD6864C30: appendEntries* s5->s2#8145-t1,previous=(t:1, i:219),leaderCommit=219,initializing? false,entries: size=1, first=(t:1, i:220), METADATAENTRY(c:219)
2024-10-16 23:57:32,747 DEBUG server.RaftServer$Division (RaftServerImpl.java:logAppendEntries(1549)) - s11@group-676CD6864C30: appendEntries* s5->s11#8141-t1,previous=(t:1, i:219),leaderCommit=219,initializing? false,entries: size=1, first=(t:1, i:220), METADATAENTRY(c:219)
2024-10-16 23:57:32,747 DEBUG server.RaftServer$Division (RaftServerImpl.java:logAppendEntries(1549)) - s12@group-676CD6864C30: appendEntries* s5->s12#8138-t1,previous=(t:1, i:219),leaderCommit=219,initializing? false,entries: size=1, first=(t:1, i:220), METADATAENTRY(c:219)
2024-10-16 23:57:32,747 DEBUG server.RaftServer$Division (RaftServerImpl.java:logAppendEntries(1549)) - s14@group-676CD6864C30: appendEntries* s5->s14#8144-t1,previous=(t:1, i:219),leaderCommit=219,initializing? false,entries: size=1, first=(t:1, i:220), METADATAENTRY(c:219)
2024-10-16 23:57:32,747 DEBUG server.RaftServer$Division (RaftServerImpl.java:logAppendEntries(1549)) - s13@group-676CD6864C30: appendEntries* s5->s13#8139-t1,previous=(t:1, i:219),leaderCommit=219,initializing? false,entries: size=1, first=(t:1, i:220), METADATAENTRY(c:219)
2024-10-16 23:57:32,749 DEBUG server.RaftServer$Division (RaftServerImpl.java:logAppendEntries(1549)) - s11@group-676CD6864C30: appendEntries* reply s5<-s11#8141:OK-t1,SUCCESS,nextIndex=221,followerCommit=219,matchIndex=220
2024-10-16 23:57:32,747 DEBUG server.RaftServer$Division (RaftServerImpl.java:logAppendEntries(1549)) - s3@group-676CD6864C30: appendEntries* s5->s3#8140-t1,previous=(t:1, i:219),leaderCommit=219,initializing? false,entries: size=1, first=(t:1, i:220), METADATAENTRY(c:219)
2024-10-16 23:57:32,746 INFO  statemachine.StateMachine (ArithmeticStateMachine.java:applyTransaction(181)) - LEADER:s5-219: b = 6844 = 6844
2024-10-16 23:57:32,746 DEBUG server.RaftServer$Division (RaftServerImpl.java:logAppendEntries(1549)) - s1@group-676CD6864C30: appendEntries* reply s5<-s1#8132:OK-t1,SUCCESS,nextIndex=220,followerCommit=217,matchIndex=219
2024-10-16 23:57:32,746 DEBUG server.RaftServer$Division (RaftServerImpl.java:logAppendEntries(1549)) - s0@group-676CD6864C30: appendEntries* reply s5<-s0#8126:OK-t1,SUCCESS,nextIndex=220,followerCommit=217,matchIndex=219
2024-10-16 23:57:32,749 DEBUG server.RaftServer$Division (RaftServerImpl.java:logAppendEntries(1549)) - s14@group-676CD6864C30: appendEntries* reply s5<-s14#8144:OK-t1,SUCCESS,nextIndex=221,followerCommit=219,matchIndex=220
2024-10-16 23:57:32,749 DEBUG server.RaftServer$Division (RaftServerImpl.java:logAppendEntries(1549)) - s13@group-676CD6864C30: appendEntries* reply s5<-s13#8139:OK-t1,SUCCESS,nextIndex=221,followerCommit=219,matchIndex=220
2024-10-16 23:57:32,749 DEBUG server.RaftServer$Division (RaftServerImpl.java:logAppendEntries(1549)) - s12@group-676CD6864C30: appendEntries* reply s5<-s12#8138:OK-t1,SUCCESS,nextIndex=221,followerCommit=219,matchIndex=220
2024-10-16 23:57:32,748 DEBUG server.RaftServer$Division (RaftServerImpl.java:logAppendEntries(1549)) - s8@group-676CD6864C30: appendEntries* reply s5<-s8#8146:OK-t1,SUCCESS,nextIndex=221,followerCommit=219,matchIndex=220
2024-10-16 23:57:32,748 DEBUG server.RaftServer$Division (RaftServerImpl.java:logAppendEntries(1549)) - s2@group-676CD6864C30: appendEntries* reply s5<-s2#8145:OK-t1,SUCCESS,nextIndex=221,followerCommit=219,matchIndex=220
2024-10-16 23:57:32,748 DEBUG server.RaftServer$Division (RaftServerImpl.java:logAppendEntries(1549)) - s7@group-676CD6864C30: appendEntries* reply s5<-s7#8143:OK-t1,SUCCESS,nextIndex=221,followerCommit=219,matchIndex=220
2024-10-16 23:57:32,748 DEBUG server.RaftServer$Division (RaftServerImpl.java:logAppendEntries(1549)) - s4@group-676CD6864C30: appendEntries* reply s5<-s4#8147:OK-t1,SUCCESS,nextIndex=221,followerCommit=219,matchIndex=220
2024-10-16 23:57:32,748 DEBUG server.RaftServer$Division (RaftServerImpl.java:logAppendEntries(1549)) - s10@group-676CD6864C30: appendEntries* reply s5<-s10#8142:OK-t1,SUCCESS,nextIndex=221,followerCommit=219,matchIndex=220
2024-10-16 23:57:32,748 DEBUG server.RaftServer$Division (RaftServerImpl.java:logAppendEntries(1549)) - s9@group-676CD6864C30: appendEntries* reply s5<-s9#8133:OK-t1,SUCCESS,nextIndex=220,followerCommit=217,matchIndex=219
2024-10-16 23:57:32,749 DEBUG server.RaftServer$Division (RaftServerImpl.java:logAppendEntries(1549)) - s3@group-676CD6864C30: appendEntries* reply s5<-s3#8140:OK-t1,SUCCESS,nextIndex=221,followerCommit=219,matchIndex=220
2024-10-16 23:57:32,750 DEBUG server.RaftServer$Division (RaftServerImpl.java:logAppendEntries(1549)) - s1@group-676CD6864C30: appendEntries* s5->s1#8151-t1,previous=(t:1, i:219),leaderCommit=219,initializing? false,entries: size=1, first=(t:1, i:220), METADATAENTRY(c:219)
2024-10-16 23:57:32,750 DEBUG server.RaftServer$Division (RaftServerImpl.java:logAppendEntries(1549)) - s0@group-676CD6864C30: appendEntries* s5->s0#8150-t1,previous=(t:1, i:219),leaderCommit=219,initializing? false,entries: size=1, first=(t:1, i:220), METADATAENTRY(c:219)
2024-10-16 23:57:32,750 DEBUG server.RaftServer$Division (RaftServerImpl.java:logAppendEntries(1549)) - s1@group-676CD6864C30: appendEntries* reply s5<-s1#8151:OK-t1,SUCCESS,nextIndex=221,followerCommit=219,matchIndex=220
2024-10-16 23:57:32,750 DEBUG server.RaftServer$Division (RaftServerImpl.java:logAppendEntries(1549)) - s6@group-676CD6864C30: appendEntries* s5->s6#8148-t1,previous=(t:1, i:219),leaderCommit=219,initializing? false,entries: size=1, first=(t:1, i:220), METADATAENTRY(c:219)
2024-10-16 23:57:32,750 DEBUG server.RaftServer$Division (RaftServerImpl.java:submitClientRequestAsync(920)) - s5@group-676CD6864C30: receive client request(RaftClientRequest:client-BE1E56DD0B20->s5@group-676CD6864C30, cid=8149, seq=null, RW, Message:01016304010300040201...(size=17))
2024-10-16 23:57:32,750 DEBUG server.RaftServer$Division (RaftServerImpl.java:logAppendEntries(1549)) - s0@group-676CD6864C30: appendEntries* reply s5<-s0#8150:OK-t1,SUCCESS,nextIndex=221,followerCommit=219,matchIndex=220
2024-10-16 23:57:32,750 DEBUG server.RaftServer$Division (LeaderStateImpl.java:addPendingRequest(529)) - s5@group-676CD6864C30-LeaderStateImpl: addPendingRequest at RaftClientRequest:client-BE1E56DD0B20->s5@group-676CD6864C30, cid=8149, seq=null, RW, Message:01016304010300040201...(size=17), entry=(t:1, i:221), STATEMACHINELOGENTRY, WRITE: logData.size=17, stateMachineData.size=0, logEntryProtoSerializedSize=0
2024-10-16 23:57:32,751 DEBUG server.RaftServer$Division (RaftServerImpl.java:logAppendEntries(1549)) - s6@group-676CD6864C30: appendEntries* reply s5<-s6#8148:OK-t1,SUCCESS,nextIndex=221,followerCommit=219,matchIndex=220
2024-10-16 23:57:32,751 DEBUG server.RaftServer$Division (RaftServerImpl.java:logAppendEntries(1549)) - s13@group-676CD6864C30: appendEntries* s5->s13#8160-t1,previous=(t:1, i:220),leaderCommit=220,initializing? false,entries: size=1, first=(t:1, i:221), STATEMACHINELOGENTRY, StateMachineLogEntryProto:8149@client-BE1E56DD0B20
2024-10-16 23:57:32,751 DEBUG server.RaftServer$Division (RaftServerImpl.java:logAppendEntries(1549)) - s3@group-676CD6864C30: appendEntries* s5->s3#8159-t1,previous=(t:1, i:220),leaderCommit=220,initializing? false,entries: size=1, first=(t:1, i:221), STATEMACHINELOGENTRY, StateMachineLogEntryProto:8149@client-BE1E56DD0B20
2024-10-16 23:57:32,751 DEBUG server.RaftServer$Division (RaftServerImpl.java:logAppendEntries(1549)) - s14@group-676CD6864C30: appendEntries* s5->s14#8157-t1,previous=(t:1, i:220),leaderCommit=220,initializing? false,entries: size=1, first=(t:1, i:221), STATEMACHINELOGENTRY, StateMachineLogEntryProto:8149@client-BE1E56DD0B20
2024-10-16 23:57:32,752 DEBUG server.RaftServer$Division (RaftServerImpl.java:logAppendEntries(1549)) - s12@group-676CD6864C30: appendEntries* s5->s12#8152-t1,previous=(t:1, i:220),leaderCommit=220,initializing? false,entries: size=1, first=(t:1, i:221), STATEMACHINELOGENTRY, StateMachineLogEntryProto:8149@client-BE1E56DD0B20
2024-10-16 23:57:32,752 DEBUG server.RaftServer$Division (RaftServerImpl.java:logAppendEntries(1549)) - s2@group-676CD6864C30: appendEntries* s5->s2#8155-t1,previous=(t:1, i:220),leaderCommit=220,initializing? false,entries: size=1, first=(t:1, i:221), STATEMACHINELOGENTRY, StateMachineLogEntryProto:8149@client-BE1E56DD0B20
2024-10-16 23:57:32,752 DEBUG server.RaftServer$Division (RaftServerImpl.java:logAppendEntries(1549)) - s13@group-676CD6864C30: appendEntries* reply s5<-s13#8160:OK-t1,SUCCESS,nextIndex=222,followerCommit=220,matchIndex=221
2024-10-16 23:57:32,752 DEBUG server.RaftServer$Division (RaftServerImpl.java:logAppendEntries(1549)) - s0@group-676CD6864C30: appendEntries* s5->s0#8164-t1,previous=(t:1, i:220),leaderCommit=220,initializing? false,entries: size=1, first=(t:1, i:221), STATEMACHINELOGENTRY, StateMachineLogEntryProto:8149@client-BE1E56DD0B20
2024-10-16 23:57:32,752 DEBUG server.RaftServer$Division (RaftServerImpl.java:logAppendEntries(1549)) - s14@group-676CD6864C30: appendEntries* reply s5<-s14#8157:OK-t1,SUCCESS,nextIndex=222,followerCommit=220,matchIndex=221
2024-10-16 23:57:32,752 DEBUG server.RaftServer$Division (RaftServerImpl.java:logAppendEntries(1549)) - s1@group-676CD6864C30: appendEntries* s5->s1#8163-t1,previous=(t:1, i:220),leaderCommit=220,initializing? false,entries: size=1, first=(t:1, i:221), STATEMACHINELOGENTRY, StateMachineLogEntryProto:8149@client-BE1E56DD0B20
2024-10-16 23:57:32,752 DEBUG server.RaftServer$Division (RaftServerImpl.java:logAppendEntries(1549)) - s0@group-676CD6864C30: appendEntries* reply s5<-s0#8164:OK-t1,SUCCESS,nextIndex=222,followerCommit=220,matchIndex=221
2024-10-16 23:57:32,752 DEBUG server.RaftServer$Division (RaftServerImpl.java:logAppendEntries(1549)) - s4@group-676CD6864C30: appendEntries* s5->s4#8161-t1,previous=(t:1, i:220),leaderCommit=220,initializing? false,entries: size=1, first=(t:1, i:221), STATEMACHINELOGENTRY, StateMachineLogEntryProto:8149@client-BE1E56DD0B20
2024-10-16 23:57:32,751 DEBUG server.RaftServer$Division (RaftServerImpl.java:logAppendEntries(1549)) - s11@group-676CD6864C30: appendEntries* s5->s11#8154-t1,previous=(t:1, i:220),leaderCommit=220,initializing? false,entries: size=1, first=(t:1, i:221), STATEMACHINELOGENTRY, StateMachineLogEntryProto:8149@client-BE1E56DD0B20
2024-10-16 23:57:32,753 DEBUG server.RaftServer$Division (RaftServerImpl.java:logAppendEntries(1549)) - s9@group-676CD6864C30: appendEntries* s5->s9#8162-t1,previous=(t:1, i:219),leaderCommit=220,initializing? false,entries: size=2, first=(t:1, i:220), METADATAENTRY(c:219)
2024-10-16 23:57:32,753 DEBUG server.RaftServer$Division (RaftServerImpl.java:logAppendEntries(1549)) - s1@group-676CD6864C30: appendEntries* reply s5<-s1#8163:OK-t1,SUCCESS,nextIndex=222,followerCommit=220,matchIndex=221
2024-10-16 23:57:32,753 DEBUG server.RaftServer$Division (RaftServerImpl.java:logAppendEntries(1549)) - s4@group-676CD6864C30: appendEntries* reply s5<-s4#8161:OK-t1,SUCCESS,nextIndex=222,followerCommit=220,matchIndex=221
2024-10-16 23:57:32,753 DEBUG server.RaftServer$Division (RaftServerImpl.java:logAppendEntries(1549)) - s11@group-676CD6864C30: appendEntries* reply s5<-s11#8154:OK-t1,SUCCESS,nextIndex=222,followerCommit=220,matchIndex=221
2024-10-16 23:57:32,753 DEBUG server.RaftServer$Division (RaftServerImpl.java:logAppendEntries(1549)) - s10@group-676CD6864C30: appendEntries* s5->s10#8156-t1,previous=(t:1, i:220),leaderCommit=220,initializing? false,entries: size=1, first=(t:1, i:221), STATEMACHINELOGENTRY, StateMachineLogEntryProto:8149@client-BE1E56DD0B20
2024-10-16 23:57:32,752 DEBUG server.RaftServer$Division (RaftServerImpl.java:logAppendEntries(1549)) - s6@group-676CD6864C30: appendEntries* s5->s6#8165-t1,previous=(t:1, i:220),leaderCommit=220,initializing? false,entries: size=1, first=(t:1, i:221), STATEMACHINELOGENTRY, StateMachineLogEntryProto:8149@client-BE1E56DD0B20
2024-10-16 23:57:32,752 DEBUG server.RaftServer$Division (RaftServerImpl.java:logAppendEntries(1549)) - s2@group-676CD6864C30: appendEntries* reply s5<-s2#8155:OK-t1,SUCCESS,nextIndex=222,followerCommit=220,matchIndex=221
2024-10-16 23:57:32,752 DEBUG server.RaftServer$Division (RaftServerImpl.java:logAppendEntries(1549)) - s7@group-676CD6864C30: appendEntries* s5->s7#8153-t1,previous=(t:1, i:220),leaderCommit=220,initializing? false,entries: size=1, first=(t:1, i:221), STATEMACHINELOGENTRY, StateMachineLogEntryProto:8149@client-BE1E56DD0B20
2024-10-16 23:57:32,752 DEBUG server.RaftServer$Division (RaftServerImpl.java:logAppendEntries(1549)) - s8@group-676CD6864C30: appendEntries* s5->s8#8158-t1,previous=(t:1, i:220),leaderCommit=220,initializing? false,entries: size=1, first=(t:1, i:221), STATEMACHINELOGENTRY, StateMachineLogEntryProto:8149@client-BE1E56DD0B20
2024-10-16 23:57:32,752 DEBUG server.RaftServer$Division (RaftServerImpl.java:logAppendEntries(1549)) - s12@group-676CD6864C30: appendEntries* reply s5<-s12#8152:OK-t1,SUCCESS,nextIndex=222,followerCommit=220,matchIndex=221
2024-10-16 23:57:32,752 DEBUG server.RaftServer$Division (RaftServerImpl.java:logAppendEntries(1549)) - s3@group-676CD6864C30: appendEntries* reply s5<-s3#8159:OK-t1,SUCCESS,nextIndex=222,followerCommit=220,matchIndex=221
2024-10-16 23:57:32,754 DEBUG server.RaftServer$Division (RaftServerImpl.java:logAppendEntries(1549)) - s7@group-676CD6864C30: appendEntries* reply s5<-s7#8153:OK-t1,SUCCESS,nextIndex=222,followerCommit=220,matchIndex=221
2024-10-16 23:57:32,754 INFO  statemachine.StateMachine (ArithmeticStateMachine.java:applyTransaction(181)) - LEADER:s5-221: c = √(a^2 + b^2) = 6845
2024-10-16 23:57:32,753 DEBUG server.RaftServer$Division (RaftServerImpl.java:logAppendEntries(1549)) - s10@group-676CD6864C30: appendEntries* reply s5<-s10#8156:OK-t1,SUCCESS,nextIndex=222,followerCommit=220,matchIndex=221
2024-10-16 23:57:32,754 DEBUG server.RaftServer$Division (RaftServerImpl.java:logAppendEntries(1549)) - s6@group-676CD6864C30: appendEntries* reply s5<-s6#8165:OK-t1,SUCCESS,nextIndex=222,followerCommit=220,matchIndex=221
2024-10-16 23:57:32,754 DEBUG server.RaftServer$Division (RaftServerImpl.java:logAppendEntries(1549)) - s14@group-676CD6864C30: appendEntries* s5->s14#8166-t1,previous=(t:1, i:221),leaderCommit=221,initializing? false,entries: size=1, first=(t:1, i:222), METADATAENTRY(c:221)
2024-10-16 23:57:32,753 DEBUG server.RaftServer$Division (RaftServerImpl.java:logAppendEntries(1549)) - s9@group-676CD6864C30: appendEntries* reply s5<-s9#8162:OK-t1,SUCCESS,nextIndex=222,followerCommit=220,matchIndex=221
2024-10-16 23:57:32,754 DEBUG server.RaftServer$Division (RaftServerImpl.java:logAppendEntries(1549)) - s8@group-676CD6864C30: appendEntries* reply s5<-s8#8158:OK-t1,SUCCESS,nextIndex=222,followerCommit=220,matchIndex=221
2024-10-16 23:57:32,755 DEBUG server.RaftServer$Division (RaftServerImpl.java:logAppendEntries(1549)) - s11@group-676CD6864C30: appendEntries* s5->s11#8172-t1,previous=(t:1, i:221),leaderCommit=221,initializing? false,entries: size=1, first=(t:1, i:222), METADATAENTRY(c:221)
2024-10-16 23:57:32,755 DEBUG server.RaftServer$Division (RaftServerImpl.java:logAppendEntries(1549)) - s1@group-676CD6864C30: appendEntries* s5->s1#8170-t1,previous=(t:1, i:221),leaderCommit=221,initializing? false,entries: size=1, first=(t:1, i:222), METADATAENTRY(c:221)
2024-10-16 23:57:32,755 DEBUG server.RaftServer$Division (RaftServerImpl.java:logAppendEntries(1549)) - s8@group-676CD6864C30: appendEntries* s5->s8#8174-t1,previous=(t:1, i:221),leaderCommit=221,initializing? false,entries: size=1, first=(t:1, i:222), METADATAENTRY(c:221)
2024-10-16 23:57:32,754 DEBUG server.RaftServer$Division (RaftServerImpl.java:logAppendEntries(1549)) - s13@group-676CD6864C30: appendEntries* s5->s13#8167-t1,previous=(t:1, i:221),leaderCommit=221,initializing? false,entries: size=1, first=(t:1, i:222), METADATAENTRY(c:221)
2024-10-16 23:57:32,755 DEBUG server.RaftServer$Division (RaftServerImpl.java:logAppendEntries(1549)) - s11@group-676CD6864C30: appendEntries* reply s5<-s11#8172:OK-t1,SUCCESS,nextIndex=223,followerCommit=221,matchIndex=222
2024-10-16 23:57:32,755 DEBUG server.RaftServer$Division (RaftServerImpl.java:logAppendEntries(1549)) - s1@group-676CD6864C30: appendEntries* reply s5<-s1#8170:OK-t1,SUCCESS,nextIndex=223,followerCommit=221,matchIndex=222
2024-10-16 23:57:32,755 DEBUG server.RaftServer$Division (RaftServerImpl.java:logAppendEntries(1549)) - s7@group-676CD6864C30: appendEntries* s5->s7#8176-t1,previous=(t:1, i:221),leaderCommit=221,initializing? false,entries: size=1, first=(t:1, i:222), METADATAENTRY(c:221)
2024-10-16 23:57:32,755 DEBUG server.RaftServer$Division (RaftServerImpl.java:logAppendEntries(1549)) - s2@group-676CD6864C30: appendEntries* s5->s2#8169-t1,previous=(t:1, i:221),leaderCommit=221,initializing? false,entries: size=1, first=(t:1, i:222), METADATAENTRY(c:221)
2024-10-16 23:57:32,755 DEBUG server.RaftServer$Division (RaftServerImpl.java:logAppendEntries(1549)) - s12@group-676CD6864C30: appendEntries* s5->s12#8175-t1,previous=(t:1, i:221),leaderCommit=221,initializing? false,entries: size=1, first=(t:1, i:222), METADATAENTRY(c:221)
2024-10-16 23:57:32,755 DEBUG server.RaftServer$Division (RaftServerImpl.java:logAppendEntries(1549)) - s14@group-676CD6864C30: appendEntries* reply s5<-s14#8166:OK-t1,SUCCESS,nextIndex=223,followerCommit=221,matchIndex=222
2024-10-16 23:57:32,755 DEBUG server.RaftServer$Division (RaftServerImpl.java:submitClientRequestAsync(920)) - s5@group-676CD6864C30: receive client request(RaftClientRequest:client-BE1E56DD0B20->s5@group-676CD6864C30, cid=8173, seq=null, RW, Message:01016100)
2024-10-16 23:57:32,756 DEBUG server.RaftServer$Division (LeaderStateImpl.java:addPendingRequest(529)) - s5@group-676CD6864C30-LeaderStateImpl: addPendingRequest at RaftClientRequest:client-BE1E56DD0B20->s5@group-676CD6864C30, cid=8173, seq=null, RW, Message:01016100, entry=(t:1, i:223), STATEMACHINELOGENTRY, WRITE: logData.size=4, stateMachineData.size=0, logEntryProtoSerializedSize=0
2024-10-16 23:57:32,756 DEBUG server.RaftServer$Division (RaftServerImpl.java:logAppendEntries(1549)) - s7@group-676CD6864C30: appendEntries* reply s5<-s7#8176:OK-t1,SUCCESS,nextIndex=223,followerCommit=221,matchIndex=222
2024-10-16 23:57:32,754 DEBUG server.RaftServer$Division (RaftServerImpl.java:logAppendEntries(1549)) - s0@group-676CD6864C30: appendEntries* s5->s0#8171-t1,previous=(t:1, i:221),leaderCommit=221,initializing? false,entries: size=1, first=(t:1, i:222), METADATAENTRY(c:221)
2024-10-16 23:57:32,756 DEBUG server.RaftServer$Division (RaftServerImpl.java:logAppendEntries(1549)) - s12@group-676CD6864C30: appendEntries* reply s5<-s12#8175:OK-t1,SUCCESS,nextIndex=223,followerCommit=221,matchIndex=222
2024-10-16 23:57:32,757 DEBUG server.RaftServer$Division (RaftServerImpl.java:logAppendEntries(1549)) - s11@group-676CD6864C30: appendEntries* s5->s11#8182-t1,previous=(t:1, i:222),leaderCommit=221,initializing? false,entries: size=1, first=(t:1, i:223), STATEMACHINELOGENTRY, StateMachineLogEntryProto:8173@client-BE1E56DD0B20
2024-10-16 23:57:32,757 DEBUG server.RaftServer$Division (RaftServerImpl.java:logAppendEntries(1549)) - s1@group-676CD6864C30: appendEntries* s5->s1#8180-t1,previous=(t:1, i:222),leaderCommit=221,initializing? false,entries: size=1, first=(t:1, i:223), STATEMACHINELOGENTRY, StateMachineLogEntryProto:8173@client-BE1E56DD0B20
2024-10-16 23:57:32,757 DEBUG server.RaftServer$Division (RaftServerImpl.java:logAppendEntries(1549)) - s11@group-676CD6864C30: appendEntries* reply s5<-s11#8182:OK-t1,SUCCESS,nextIndex=224,followerCommit=221,matchIndex=223
2024-10-16 23:57:32,757 DEBUG server.RaftServer$Division (RaftServerImpl.java:logAppendEntries(1549)) - s1@group-676CD6864C30: appendEntries* reply s5<-s1#8180:OK-t1,SUCCESS,nextIndex=224,followerCommit=221,matchIndex=223
2024-10-16 23:57:32,756 DEBUG server.RaftServer$Division (RaftServerImpl.java:logAppendEntries(1549)) - s10@group-676CD6864C30: appendEntries* s5->s10#8178-t1,previous=(t:1, i:221),leaderCommit=221,initializing? false,entries: size=1, first=(t:1, i:222), METADATAENTRY(c:221)
2024-10-16 23:57:32,756 DEBUG server.RaftServer$Division (RaftServerImpl.java:logAppendEntries(1549)) - s2@group-676CD6864C30: appendEntries* reply s5<-s2#8169:OK-t1,SUCCESS,nextIndex=223,followerCommit=221,matchIndex=222
2024-10-16 23:57:32,756 DEBUG server.RaftServer$Division (RaftServerImpl.java:logAppendEntries(1549)) - s4@group-676CD6864C30: appendEntries* s5->s4#8168-t1,previous=(t:1, i:221),leaderCommit=221,initializing? false,entries: size=1, first=(t:1, i:222), METADATAENTRY(c:221)
2024-10-16 23:57:32,756 DEBUG server.RaftServer$Division (RaftServerImpl.java:logAppendEntries(1549)) - s3@group-676CD6864C30: appendEntries* s5->s3#8177-t1,previous=(t:1, i:221),leaderCommit=221,initializing? false,entries: size=1, first=(t:1, i:222), METADATAENTRY(c:221)
2024-10-16 23:57:32,758 DEBUG server.RaftServer$Division (RaftServerImpl.java:logAppendEntries(1549)) - s7@group-676CD6864C30: appendEntries* s5->s7#8183-t1,previous=(t:1, i:222),leaderCommit=221,initializing? false,entries: size=1, first=(t:1, i:223), STATEMACHINELOGENTRY, StateMachineLogEntryProto:8173@client-BE1E56DD0B20
2024-10-16 23:57:32,756 DEBUG server.RaftServer$Division (RaftServerImpl.java:logAppendEntries(1549)) - s13@group-676CD6864C30: appendEntries* reply s5<-s13#8167:OK-t1,SUCCESS,nextIndex=223,followerCommit=221,matchIndex=222
2024-10-16 23:57:32,758 DEBUG server.RaftServer$Division (RaftServerImpl.java:logAppendEntries(1549)) - s4@group-676CD6864C30: appendEntries* reply s5<-s4#8168:OK-t1,SUCCESS,nextIndex=223,followerCommit=221,matchIndex=222
2024-10-16 23:57:32,755 DEBUG server.RaftServer$Division (RaftServerImpl.java:logAppendEntries(1549)) - s8@group-676CD6864C30: appendEntries* reply s5<-s8#8174:OK-t1,SUCCESS,nextIndex=223,followerCommit=221,matchIndex=222
2024-10-16 23:57:32,758 DEBUG server.RaftServer$Division (RaftServerImpl.java:logAppendEntries(1549)) - s2@group-676CD6864C30: appendEntries* s5->s2#8185-t1,previous=(t:1, i:222),leaderCommit=221,initializing? false,entries: size=1, first=(t:1, i:223), STATEMACHINELOGENTRY, StateMachineLogEntryProto:8173@client-BE1E56DD0B20
2024-10-16 23:57:32,757 DEBUG server.RaftServer$Division (RaftServerImpl.java:logAppendEntries(1549)) - s12@group-676CD6864C30: appendEntries* s5->s12#8184-t1,previous=(t:1, i:222),leaderCommit=221,initializing? false,entries: size=1, first=(t:1, i:223), STATEMACHINELOGENTRY, StateMachineLogEntryProto:8173@client-BE1E56DD0B20
2024-10-16 23:57:32,757 DEBUG server.RaftServer$Division (RaftServerImpl.java:logAppendEntries(1549)) - s14@group-676CD6864C30: appendEntries* s5->s14#8181-t1,previous=(t:1, i:222),leaderCommit=221,initializing? false,entries: size=1, first=(t:1, i:223), STATEMACHINELOGENTRY, StateMachineLogEntryProto:8173@client-BE1E56DD0B20
2024-10-16 23:57:32,758 DEBUG server.RaftServer$Division (RaftServerImpl.java:logAppendEntries(1549)) - s7@group-676CD6864C30: appendEntries* reply s5<-s7#8183:OK-t1,SUCCESS,nextIndex=224,followerCommit=221,matchIndex=223
2024-10-16 23:57:32,757 DEBUG server.RaftServer$Division (RaftServerImpl.java:logAppendEntries(1549)) - s0@group-676CD6864C30: appendEntries* reply s5<-s0#8171:OK-t1,SUCCESS,nextIndex=223,followerCommit=221,matchIndex=222
2024-10-16 23:57:32,759 DEBUG server.RaftServer$Division (RaftServerImpl.java:logAppendEntries(1549)) - s6@group-676CD6864C30: appendEntries* s5->s6#8179-t1,previous=(t:1, i:221),leaderCommit=221,initializing? false,entries: size=2, first=(t:1, i:222), METADATAENTRY(c:221)
2024-10-16 23:57:32,759 DEBUG server.RaftServer$Division (RaftServerImpl.java:logAppendEntries(1549)) - s8@group-676CD6864C30: appendEntries* s5->s8#8187-t1,previous=(t:1, i:222),leaderCommit=222,initializing? false,entries: size=1, first=(t:1, i:223), STATEMACHINELOGENTRY, StateMachineLogEntryProto:8173@client-BE1E56DD0B20
2024-10-16 23:57:32,759 DEBUG server.RaftServer$Division (RaftServerImpl.java:logAppendEntries(1549)) - s12@group-676CD6864C30: appendEntries* reply s5<-s12#8184:OK-t1,SUCCESS,nextIndex=224,followerCommit=221,matchIndex=223
2024-10-16 23:57:32,759 DEBUG server.RaftServer$Division (RaftServerImpl.java:logAppendEntries(1549)) - s0@group-676CD6864C30: appendEntries* s5->s0#8189-t1,previous=(t:1, i:222),leaderCommit=222,initializing? false,entries: size=1, first=(t:1, i:223), STATEMACHINELOGENTRY, StateMachineLogEntryProto:8173@client-BE1E56DD0B20
2024-10-16 23:57:32,758 DEBUG server.RaftServer$Division (RaftServerImpl.java:logAppendEntries(1549)) - s10@group-676CD6864C30: appendEntries* reply s5<-s10#8178:OK-t1,SUCCESS,nextIndex=223,followerCommit=221,matchIndex=222
2024-10-16 23:57:32,758 DEBUG server.RaftServer$Division (RaftServerImpl.java:logAppendEntries(1549)) - s2@group-676CD6864C30: appendEntries* reply s5<-s2#8185:OK-t1,SUCCESS,nextIndex=224,followerCommit=221,matchIndex=223
2024-10-16 23:57:32,758 DEBUG server.RaftServer$Division (RaftServerImpl.java:logAppendEntries(1549)) - s13@group-676CD6864C30: appendEntries* s5->s13#8186-t1,previous=(t:1, i:222),leaderCommit=221,initializing? false,entries: size=1, first=(t:1, i:223), STATEMACHINELOGENTRY, StateMachineLogEntryProto:8173@client-BE1E56DD0B20
2024-10-16 23:57:32,759 DEBUG server.RaftServer$Division (RaftServerImpl.java:logAppendEntries(1549)) - s6@group-676CD6864C30: appendEntries* reply s5<-s6#8179:OK-t1,SUCCESS,nextIndex=224,followerCommit=221,matchIndex=223
2024-10-16 23:57:32,760 DEBUG server.RaftServer$Division (RaftServerImpl.java:logAppendEntries(1549)) - s0@group-676CD6864C30: appendEntries* reply s5<-s0#8189:OK-t1,SUCCESS,nextIndex=224,followerCommit=222,matchIndex=223
2024-10-16 23:57:32,758 DEBUG server.RaftServer$Division (RaftServerImpl.java:logAppendEntries(1549)) - s3@group-676CD6864C30: appendEntries* reply s5<-s3#8177:OK-t1,SUCCESS,nextIndex=223,followerCommit=221,matchIndex=222
2024-10-16 23:57:32,760 DEBUG server.RaftServer$Division (RaftServerImpl.java:logAppendEntries(1549)) - s13@group-676CD6864C30: appendEntries* reply s5<-s13#8186:OK-t1,SUCCESS,nextIndex=224,followerCommit=221,matchIndex=223
2024-10-16 23:57:32,760 DEBUG server.RaftServer$Division (RaftServerImpl.java:logAppendEntries(1549)) - s4@group-676CD6864C30: appendEntries* s5->s4#8188-t1,previous=(t:1, i:222),leaderCommit=222,initializing? false,entries: size=1, first=(t:1, i:223), STATEMACHINELOGENTRY, StateMachineLogEntryProto:8173@client-BE1E56DD0B20
2024-10-16 23:57:32,759 DEBUG server.RaftServer$Division (RaftServerImpl.java:logAppendEntries(1549)) - s8@group-676CD6864C30: appendEntries* reply s5<-s8#8187:OK-t1,SUCCESS,nextIndex=224,followerCommit=222,matchIndex=223
2024-10-16 23:57:32,759 DEBUG server.RaftServer$Division (RaftServerImpl.java:logAppendEntries(1549)) - s14@group-676CD6864C30: appendEntries* reply s5<-s14#8181:OK-t1,SUCCESS,nextIndex=224,followerCommit=221,matchIndex=223
2024-10-16 23:57:32,760 INFO  statemachine.StateMachine (ArithmeticStateMachine.java:applyTransaction(181)) - LEADER:s5-223: a = null = null
2024-10-16 23:57:32,760 DEBUG server.RaftServer$Division (RaftServerImpl.java:logAppendEntries(1549)) - s3@group-676CD6864C30: appendEntries* s5->s3#8192-t1,previous=(t:1, i:222),leaderCommit=222,initializing? false,entries: size=1, first=(t:1, i:223), STATEMACHINELOGENTRY, StateMachineLogEntryProto:8173@client-BE1E56DD0B20
2024-10-16 23:57:32,761 DEBUG server.RaftServer$Division (RaftServerImpl.java:logAppendEntries(1549)) - s11@group-676CD6864C30: appendEntries* s5->s11#8196-t1,previous=(t:1, i:223),leaderCommit=223,initializing? false,entries: size=1, first=(t:1, i:224), METADATAENTRY(c:223)
2024-10-16 23:57:32,761 DEBUG server.RaftServer$Division (RaftServerImpl.java:logAppendEntries(1549)) - s14@group-676CD6864C30: appendEntries* s5->s14#8198-t1,previous=(t:1, i:223),leaderCommit=223,initializing? false,entries: size=1, first=(t:1, i:224), METADATAENTRY(c:223)
2024-10-16 23:57:32,761 DEBUG server.RaftServer$Division (RaftServerImpl.java:submitClientRequestAsync(920)) - s5@group-676CD6864C30: receive client request(RaftClientRequest:client-BE1E56DD0B20->s5@group-676CD6864C30, cid=8199, seq=null, RW, Message:01016200)
2024-10-16 23:57:32,761 DEBUG server.RaftServer$Division (LeaderStateImpl.java:addPendingRequest(529)) - s5@group-676CD6864C30-LeaderStateImpl: addPendingRequest at RaftClientRequest:client-BE1E56DD0B20->s5@group-676CD6864C30, cid=8199, seq=null, RW, Message:01016200, entry=(t:1, i:225), STATEMACHINELOGENTRY, WRITE: logData.size=4, stateMachineData.size=0, logEntryProtoSerializedSize=0
2024-10-16 23:57:32,761 DEBUG server.RaftServer$Division (RaftServerImpl.java:logAppendEntries(1549)) - s2@group-676CD6864C30: appendEntries* s5->s2#8194-t1,previous=(t:1, i:223),leaderCommit=223,initializing? false,entries: size=1, first=(t:1, i:224), METADATAENTRY(c:223)
2024-10-16 23:57:32,761 DEBUG server.RaftServer$Division (RaftServerImpl.java:logAppendEntries(1549)) - s4@group-676CD6864C30: appendEntries* reply s5<-s4#8188:OK-t1,SUCCESS,nextIndex=224,followerCommit=222,matchIndex=223
2024-10-16 23:57:32,761 DEBUG server.RaftServer$Division (RaftServerImpl.java:logAppendEntries(1549)) - s14@group-676CD6864C30: appendEntries* reply s5<-s14#8198:OK-t1,SUCCESS,nextIndex=225,followerCommit=223,matchIndex=224
2024-10-16 23:57:32,761 DEBUG server.RaftServer$Division (RaftServerImpl.java:logAppendEntries(1549)) - s11@group-676CD6864C30: appendEntries* reply s5<-s11#8196:OK-t1,SUCCESS,nextIndex=225,followerCommit=223,matchIndex=224
2024-10-16 23:57:32,761 DEBUG server.RaftServer$Division (RaftServerImpl.java:logAppendEntries(1549)) - s3@group-676CD6864C30: appendEntries* reply s5<-s3#8192:OK-t1,SUCCESS,nextIndex=224,followerCommit=222,matchIndex=223
2024-10-16 23:57:32,762 DEBUG server.RaftServer$Division (RaftServerImpl.java:logAppendEntries(1549)) - s8@group-676CD6864C30: appendEntries* s5->s8#8201-t1,previous=(t:1, i:223),leaderCommit=223,initializing? false,entries: size=1, first=(t:1, i:224), METADATAENTRY(c:223)
2024-10-16 23:57:32,761 DEBUG server.RaftServer$Division (RaftServerImpl.java:logAppendEntries(1549)) - s13@group-676CD6864C30: appendEntries* s5->s13#8200-t1,previous=(t:1, i:223),leaderCommit=223,initializing? false,entries: size=1, first=(t:1, i:224), METADATAENTRY(c:223)
2024-10-16 23:57:32,762 DEBUG server.RaftServer$Division (RaftServerImpl.java:logAppendEntries(1549)) - s7@group-676CD6864C30: appendEntries* s5->s7#8197-t1,previous=(t:1, i:223),leaderCommit=223,initializing? false,entries: size=1, first=(t:1, i:224), METADATAENTRY(c:223)
2024-10-16 23:57:32,762 DEBUG server.RaftServer$Division (RaftServerImpl.java:logAppendEntries(1549)) - s14@group-676CD6864C30: appendEntries* s5->s14#8204-t1,previous=(t:1, i:224),leaderCommit=223,initializing? false,entries: size=1, first=(t:1, i:225), STATEMACHINELOGENTRY, StateMachineLogEntryProto:8199@client-BE1E56DD0B20
2024-10-16 23:57:32,762 DEBUG server.RaftServer$Division (RaftServerImpl.java:logAppendEntries(1549)) - s0@group-676CD6864C30: appendEntries* s5->s0#8203-t1,previous=(t:1, i:223),leaderCommit=223,initializing? false,entries: size=2, first=(t:1, i:224), METADATAENTRY(c:223)
2024-10-16 23:57:32,762 DEBUG server.RaftServer$Division (RaftServerImpl.java:logAppendEntries(1549)) - s7@group-676CD6864C30: appendEntries* reply s5<-s7#8197:OK-t1,SUCCESS,nextIndex=225,followerCommit=223,matchIndex=224
2024-10-16 23:57:32,761 DEBUG server.RaftServer$Division (RaftServerImpl.java:logAppendEntries(1549)) - s12@group-676CD6864C30: appendEntries* s5->s12#8202-t1,previous=(t:1, i:223),leaderCommit=223,initializing? false,entries: size=1, first=(t:1, i:224), METADATAENTRY(c:223)
2024-10-16 23:57:32,763 DEBUG server.RaftServer$Division (RaftServerImpl.java:logAppendEntries(1549)) - s14@group-676CD6864C30: appendEntries* reply s5<-s14#8204:OK-t1,SUCCESS,nextIndex=226,followerCommit=223,matchIndex=225
2024-10-16 23:57:32,763 DEBUG server.RaftServer$Division (RaftServerImpl.java:logAppendEntries(1549)) - s1@group-676CD6864C30: appendEntries* s5->s1#8195-t1,previous=(t:1, i:223),leaderCommit=223,initializing? false,entries: size=1, first=(t:1, i:224), METADATAENTRY(c:223)
2024-10-16 23:57:32,763 DEBUG server.RaftServer$Division (RaftServerImpl.java:logAppendEntries(1549)) - s12@group-676CD6864C30: appendEntries* reply s5<-s12#8202:OK-t1,SUCCESS,nextIndex=225,followerCommit=223,matchIndex=224
2024-10-16 23:57:32,762 DEBUG server.RaftServer$Division (RaftServerImpl.java:logAppendEntries(1549)) - s13@group-676CD6864C30: appendEntries* reply s5<-s13#8200:OK-t1,SUCCESS,nextIndex=225,followerCommit=223,matchIndex=224
2024-10-16 23:57:32,763 DEBUG server.RaftServer$Division (RaftServerImpl.java:logAppendEntries(1549)) - s1@group-676CD6864C30: appendEntries* reply s5<-s1#8195:OK-t1,SUCCESS,nextIndex=225,followerCommit=223,matchIndex=224
2024-10-16 23:57:32,762 DEBUG server.RaftServer$Division (RaftServerImpl.java:logAppendEntries(1549)) - s10@group-676CD6864C30: appendEntries* s5->s10#8191-t1,previous=(t:1, i:222),leaderCommit=222,initializing? false,entries: size=1, first=(t:1, i:223), STATEMACHINELOGENTRY, StateMachineLogEntryProto:8173@client-BE1E56DD0B20
2024-10-16 23:57:32,762 DEBUG server.RaftServer$Division (RaftServerImpl.java:logAppendEntries(1549)) - s8@group-676CD6864C30: appendEntries* reply s5<-s8#8201:OK-t1,SUCCESS,nextIndex=225,followerCommit=223,matchIndex=224
2024-10-16 23:57:32,763 DEBUG server.RaftServer$Division (RaftServerImpl.java:logAppendEntries(1549)) - s4@group-676CD6864C30: appendEntries* s5->s4#8207-t1,previous=(t:1, i:223),leaderCommit=223,initializing? false,entries: size=2, first=(t:1, i:224), METADATAENTRY(c:223)
2024-10-16 23:57:32,762 DEBUG server.RaftServer$Division (RaftServerImpl.java:logAppendEntries(1549)) - s11@group-676CD6864C30: appendEntries* s5->s11#8206-t1,previous=(t:1, i:224),leaderCommit=223,initializing? false,entries: size=1, first=(t:1, i:225), STATEMACHINELOGENTRY, StateMachineLogEntryProto:8199@client-BE1E56DD0B20
2024-10-16 23:57:32,763 DEBUG server.RaftServer$Division (RaftServerImpl.java:logAppendEntries(1549)) - s13@group-676CD6864C30: appendEntries* s5->s13#8210-t1,previous=(t:1, i:224),leaderCommit=223,initializing? false,entries: size=1, first=(t:1, i:225), STATEMACHINELOGENTRY, StateMachineLogEntryProto:8199@client-BE1E56DD0B20
2024-10-16 23:57:32,764 DEBUG server.RaftServer$Division (RaftServerImpl.java:logAppendEntries(1549)) - s11@group-676CD6864C30: appendEntries* reply s5<-s11#8206:OK-t1,SUCCESS,nextIndex=226,followerCommit=223,matchIndex=225
2024-10-16 23:57:32,762 DEBUG server.RaftServer$Division (RaftServerImpl.java:logAppendEntries(1549)) - s3@group-676CD6864C30: appendEntries* s5->s3#8205-t1,previous=(t:1, i:223),leaderCommit=223,initializing? false,entries: size=2, first=(t:1, i:224), METADATAENTRY(c:223)
2024-10-16 23:57:32,762 DEBUG server.RaftServer$Division (RaftServerImpl.java:logAppendEntries(1549)) - s2@group-676CD6864C30: appendEntries* reply s5<-s2#8194:OK-t1,SUCCESS,nextIndex=225,followerCommit=223,matchIndex=224
2024-10-16 23:57:32,764 DEBUG server.RaftServer$Division (RaftServerImpl.java:logAppendEntries(1549)) - s6@group-676CD6864C30: appendEntries* s5->s6#8193-t1,previous=(t:1, i:223),leaderCommit=223,initializing? false,entries: size=1, first=(t:1, i:224), METADATAENTRY(c:223)
2024-10-16 23:57:32,764 DEBUG server.RaftServer$Division (RaftServerImpl.java:logAppendEntries(1549)) - s7@group-676CD6864C30: appendEntries* s5->s7#8208-t1,previous=(t:1, i:224),leaderCommit=223,initializing? false,entries: size=1, first=(t:1, i:225), STATEMACHINELOGENTRY, StateMachineLogEntryProto:8199@client-BE1E56DD0B20
2024-10-16 23:57:32,764 DEBUG server.RaftServer$Division (RaftServerImpl.java:logAppendEntries(1549)) - s6@group-676CD6864C30: appendEntries* reply s5<-s6#8193:OK-t1,SUCCESS,nextIndex=225,followerCommit=223,matchIndex=224
2024-10-16 23:57:32,764 DEBUG server.RaftServer$Division (RaftServerImpl.java:logAppendEntries(1549)) - s8@group-676CD6864C30: appendEntries* s5->s8#8211-t1,previous=(t:1, i:224),leaderCommit=223,initializing? false,entries: size=1, first=(t:1, i:225), STATEMACHINELOGENTRY, StateMachineLogEntryProto:8199@client-BE1E56DD0B20
2024-10-16 23:57:32,764 DEBUG server.RaftServer$Division (RaftServerImpl.java:logAppendEntries(1549)) - s12@group-676CD6864C30: appendEntries* s5->s12#8209-t1,previous=(t:1, i:224),leaderCommit=223,initializing? false,entries: size=1, first=(t:1, i:225), STATEMACHINELOGENTRY, StateMachineLogEntryProto:8199@client-BE1E56DD0B20
2024-10-16 23:57:32,763 DEBUG server.RaftServer$Division (RaftServerImpl.java:logAppendEntries(1549)) - s0@group-676CD6864C30: appendEntries* reply s5<-s0#8203:OK-t1,SUCCESS,nextIndex=226,followerCommit=223,matchIndex=225
2024-10-16 23:57:32,764 DEBUG server.RaftServer$Division (RaftServerImpl.java:logAppendEntries(1549)) - s1@group-676CD6864C30: appendEntries* s5->s1#8213-t1,previous=(t:1, i:224),leaderCommit=223,initializing? false,entries: size=1, first=(t:1, i:225), STATEMACHINELOGENTRY, StateMachineLogEntryProto:8199@client-BE1E56DD0B20
2024-10-16 23:57:32,764 DEBUG server.RaftServer$Division (RaftServerImpl.java:logAppendEntries(1549)) - s2@group-676CD6864C30: appendEntries* s5->s2#8212-t1,previous=(t:1, i:224),leaderCommit=223,initializing? false,entries: size=1, first=(t:1, i:225), STATEMACHINELOGENTRY, StateMachineLogEntryProto:8199@client-BE1E56DD0B20
2024-10-16 23:57:32,764 DEBUG server.RaftServer$Division (RaftServerImpl.java:logAppendEntries(1549)) - s3@group-676CD6864C30: appendEntries* reply s5<-s3#8205:OK-t1,SUCCESS,nextIndex=226,followerCommit=223,matchIndex=225
2024-10-16 23:57:32,764 DEBUG server.RaftServer$Division (RaftServerImpl.java:logAppendEntries(1549)) - s4@group-676CD6864C30: appendEntries* reply s5<-s4#8207:OK-t1,SUCCESS,nextIndex=226,followerCommit=223,matchIndex=225
2024-10-16 23:57:32,764 DEBUG server.RaftServer$Division (RaftServerImpl.java:logAppendEntries(1549)) - s13@group-676CD6864C30: appendEntries* reply s5<-s13#8210:OK-t1,SUCCESS,nextIndex=226,followerCommit=223,matchIndex=225
2024-10-16 23:57:32,764 DEBUG server.RaftServer$Division (RaftServerImpl.java:logAppendEntries(1549)) - s10@group-676CD6864C30: appendEntries* reply s5<-s10#8191:OK-t1,SUCCESS,nextIndex=224,followerCommit=222,matchIndex=223
2024-10-16 23:57:32,765 DEBUG server.RaftServer$Division (RaftServerImpl.java:logAppendEntries(1549)) - s9@group-676CD6864C30: appendEntries* s5->s9#8190-t1,previous=(t:1, i:221),leaderCommit=222,initializing? false,entries: size=2, first=(t:1, i:222), METADATAENTRY(c:221)
2024-10-16 23:57:32,766 DEBUG server.RaftServer$Division (RaftServerImpl.java:logAppendEntries(1549)) - s6@group-676CD6864C30: appendEntries* s5->s6#8214-t1,previous=(t:1, i:224),leaderCommit=224,initializing? false,entries: size=1, first=(t:1, i:225), STATEMACHINELOGENTRY, StateMachineLogEntryProto:8199@client-BE1E56DD0B20
2024-10-16 23:57:32,766 DEBUG server.RaftServer$Division (RaftServerImpl.java:logAppendEntries(1549)) - s10@group-676CD6864C30: appendEntries* s5->s10#8215-t1,previous=(t:1, i:223),leaderCommit=224,initializing? false,entries: size=2, first=(t:1, i:224), METADATAENTRY(c:223)
2024-10-16 23:57:32,766 DEBUG server.RaftServer$Division (RaftServerImpl.java:logAppendEntries(1549)) - s7@group-676CD6864C30: appendEntries* reply s5<-s7#8208:OK-t1,SUCCESS,nextIndex=226,followerCommit=223,matchIndex=225
2024-10-16 23:57:32,766 DEBUG server.RaftServer$Division (RaftServerImpl.java:logAppendEntries(1549)) - s8@group-676CD6864C30: appendEntries* reply s5<-s8#8211:OK-t1,SUCCESS,nextIndex=226,followerCommit=223,matchIndex=225
2024-10-16 23:57:32,766 DEBUG server.RaftServer$Division (RaftServerImpl.java:logAppendEntries(1549)) - s12@group-676CD6864C30: appendEntries* reply s5<-s12#8209:OK-t1,SUCCESS,nextIndex=226,followerCommit=223,matchIndex=225
2024-10-16 23:57:32,766 DEBUG server.RaftServer$Division (RaftServerImpl.java:logAppendEntries(1549)) - s1@group-676CD6864C30: appendEntries* reply s5<-s1#8213:OK-t1,SUCCESS,nextIndex=226,followerCommit=223,matchIndex=225
2024-10-16 23:57:32,766 DEBUG server.RaftServer$Division (RaftServerImpl.java:logAppendEntries(1549)) - s2@group-676CD6864C30: appendEntries* reply s5<-s2#8212:OK-t1,SUCCESS,nextIndex=226,followerCommit=223,matchIndex=225
2024-10-16 23:57:32,766 INFO  statemachine.StateMachine (ArithmeticStateMachine.java:applyTransaction(181)) - LEADER:s5-225: b = null = null
2024-10-16 23:57:32,767 DEBUG server.RaftServer$Division (RaftServerImpl.java:logAppendEntries(1549)) - s10@group-676CD6864C30: appendEntries* reply s5<-s10#8215:OK-t1,SUCCESS,nextIndex=226,followerCommit=224,matchIndex=225
2024-10-16 23:57:32,767 DEBUG server.RaftServer$Division (RaftServerImpl.java:logAppendEntries(1549)) - s3@group-676CD6864C30: appendEntries* s5->s3#8217-t1,previous=(t:1, i:225),leaderCommit=225,initializing? false,entries: size=1, first=(t:1, i:226), METADATAENTRY(c:225)
2024-10-16 23:57:32,766 DEBUG server.RaftServer$Division (RaftServerImpl.java:logAppendEntries(1549)) - s6@group-676CD6864C30: appendEntries* reply s5<-s6#8214:OK-t1,SUCCESS,nextIndex=226,followerCommit=224,matchIndex=225
2024-10-16 23:57:32,767 DEBUG server.RaftServer$Division (RaftServerImpl.java:logAppendEntries(1549)) - s14@group-676CD6864C30: appendEntries* s5->s14#8221-t1,previous=(t:1, i:225),leaderCommit=225,initializing? false,entries: size=1, first=(t:1, i:226), METADATAENTRY(c:225)
2024-10-16 23:57:32,767 DEBUG server.RaftServer$Division (RaftServerImpl.java:submitClientRequestAsync(920)) - s5@group-676CD6864C30: receive client request(RaftClientRequest:client-BE1E56DD0B20->s5@group-676CD6864C30, cid=8223, seq=null, RW, Message:01016300)
2024-10-16 23:57:32,767 DEBUG server.RaftServer$Division (LeaderStateImpl.java:addPendingRequest(529)) - s5@group-676CD6864C30-LeaderStateImpl: addPendingRequest at RaftClientRequest:client-BE1E56DD0B20->s5@group-676CD6864C30, cid=8223, seq=null, RW, Message:01016300, entry=(t:1, i:227), STATEMACHINELOGENTRY, WRITE: logData.size=4, stateMachineData.size=0, logEntryProtoSerializedSize=0
2024-10-16 23:57:32,767 DEBUG server.RaftServer$Division (RaftServerImpl.java:logAppendEntries(1549)) - s11@group-676CD6864C30: appendEntries* s5->s11#8220-t1,previous=(t:1, i:225),leaderCommit=225,initializing? false,entries: size=1, first=(t:1, i:226), METADATAENTRY(c:225)
2024-10-16 23:57:32,767 DEBUG server.RaftServer$Division (RaftServerImpl.java:logAppendEntries(1549)) - s13@group-676CD6864C30: appendEntries* s5->s13#8218-t1,previous=(t:1, i:225),leaderCommit=225,initializing? false,entries: size=1, first=(t:1, i:226), METADATAENTRY(c:225)
2024-10-16 23:57:32,768 DEBUG server.RaftServer$Division (RaftServerImpl.java:logAppendEntries(1549)) - s4@group-676CD6864C30: appendEntries* s5->s4#8216-t1,previous=(t:1, i:225),leaderCommit=225,initializing? false,entries: size=1, first=(t:1, i:226), METADATAENTRY(c:225)
2024-10-16 23:57:32,767 DEBUG server.RaftServer$Division (RaftServerImpl.java:logAppendEntries(1549)) - s14@group-676CD6864C30: appendEntries* reply s5<-s14#8221:OK-t1,SUCCESS,nextIndex=227,followerCommit=225,matchIndex=226
2024-10-16 23:57:32,768 DEBUG server.RaftServer$Division (RaftServerImpl.java:logAppendEntries(1549)) - s7@group-676CD6864C30: appendEntries* s5->s7#8219-t1,previous=(t:1, i:225),leaderCommit=225,initializing? false,entries: size=1, first=(t:1, i:226), METADATAENTRY(c:225)
2024-10-16 23:57:32,767 DEBUG server.RaftServer$Division (RaftServerImpl.java:logAppendEntries(1549)) - s0@group-676CD6864C30: appendEntries* s5->s0#8222-t1,previous=(t:1, i:225),leaderCommit=225,initializing? false,entries: size=1, first=(t:1, i:226), METADATAENTRY(c:225)
2024-10-16 23:57:32,767 DEBUG server.RaftServer$Division (RaftServerImpl.java:logAppendEntries(1549)) - s1@group-676CD6864C30: appendEntries* s5->s1#8225-t1,previous=(t:1, i:225),leaderCommit=225,initializing? false,entries: size=1, first=(t:1, i:226), METADATAENTRY(c:225)
2024-10-16 23:57:32,767 DEBUG server.RaftServer$Division (RaftServerImpl.java:logAppendEntries(1549)) - s9@group-676CD6864C30: appendEntries* reply s5<-s9#8190:OK-t1,SUCCESS,nextIndex=224,followerCommit=222,matchIndex=223
2024-10-16 23:57:32,767 DEBUG server.RaftServer$Division (RaftServerImpl.java:logAppendEntries(1549)) - s8@group-676CD6864C30: appendEntries* s5->s8#8224-t1,previous=(t:1, i:225),leaderCommit=225,initializing? false,entries: size=1, first=(t:1, i:226), METADATAENTRY(c:225)
2024-10-16 23:57:32,767 DEBUG server.RaftServer$Division (RaftServerImpl.java:logAppendEntries(1549)) - s3@group-676CD6864C30: appendEntries* reply s5<-s3#8217:OK-t1,SUCCESS,nextIndex=227,followerCommit=225,matchIndex=226
2024-10-16 23:57:32,769 DEBUG server.RaftServer$Division (RaftServerImpl.java:logAppendEntries(1549)) - s4@group-676CD6864C30: appendEntries* reply s5<-s4#8216:OK-t1,SUCCESS,nextIndex=227,followerCommit=225,matchIndex=226
2024-10-16 23:57:32,769 DEBUG server.RaftServer$Division (RaftServerImpl.java:logAppendEntries(1549)) - s7@group-676CD6864C30: appendEntries* reply s5<-s7#8219:OK-t1,SUCCESS,nextIndex=227,followerCommit=225,matchIndex=226
2024-10-16 23:57:32,769 DEBUG server.RaftServer$Division (RaftServerImpl.java:logAppendEntries(1549)) - s14@group-676CD6864C30: appendEntries* s5->s14#8229-t1,previous=(t:1, i:226),leaderCommit=225,initializing? false,entries: size=1, first=(t:1, i:227), STATEMACHINELOGENTRY, StateMachineLogEntryProto:8223@client-BE1E56DD0B20
2024-10-16 23:57:32,769 DEBUG server.RaftServer$Division (RaftServerImpl.java:logAppendEntries(1549)) - s6@group-676CD6864C30: appendEntries* s5->s6#8230-t1,previous=(t:1, i:225),leaderCommit=225,initializing? false,entries: size=2, first=(t:1, i:226), METADATAENTRY(c:225)
2024-10-16 23:57:32,770 DEBUG server.RaftServer$Division (RaftServerImpl.java:logAppendEntries(1549)) - s0@group-676CD6864C30: appendEntries* reply s5<-s0#8222:OK-t1,SUCCESS,nextIndex=227,followerCommit=225,matchIndex=226
2024-10-16 23:57:32,769 DEBUG server.RaftServer$Division (RaftServerImpl.java:logAppendEntries(1549)) - s10@group-676CD6864C30: appendEntries* s5->s10#8228-t1,previous=(t:1, i:225),leaderCommit=225,initializing? false,entries: size=2, first=(t:1, i:226), METADATAENTRY(c:225)
2024-10-16 23:57:32,770 DEBUG server.RaftServer$Division (RaftServerImpl.java:logAppendEntries(1549)) - s7@group-676CD6864C30: appendEntries* s5->s7#8233-t1,previous=(t:1, i:226),leaderCommit=225,initializing? false,entries: size=1, first=(t:1, i:227), STATEMACHINELOGENTRY, StateMachineLogEntryProto:8223@client-BE1E56DD0B20
2024-10-16 23:57:32,768 DEBUG server.RaftServer$Division (RaftServerImpl.java:logAppendEntries(1549)) - s2@group-676CD6864C30: appendEntries* s5->s2#8227-t1,previous=(t:1, i:225),leaderCommit=225,initializing? false,entries: size=2, first=(t:1, i:226), METADATAENTRY(c:225)
2024-10-16 23:57:32,768 DEBUG server.RaftServer$Division (RaftServerImpl.java:logAppendEntries(1549)) - s13@group-676CD6864C30: appendEntries* reply s5<-s13#8218:OK-t1,SUCCESS,nextIndex=227,followerCommit=225,matchIndex=226
2024-10-16 23:57:32,768 DEBUG server.RaftServer$Division (RaftServerImpl.java:logAppendEntries(1549)) - s12@group-676CD6864C30: appendEntries* s5->s12#8226-t1,previous=(t:1, i:225),leaderCommit=225,initializing? false,entries: size=2, first=(t:1, i:226), METADATAENTRY(c:225)
2024-10-16 23:57:32,768 DEBUG server.RaftServer$Division (RaftServerImpl.java:logAppendEntries(1549)) - s11@group-676CD6864C30: appendEntries* reply s5<-s11#8220:OK-t1,SUCCESS,nextIndex=227,followerCommit=225,matchIndex=226
2024-10-16 23:57:32,770 DEBUG server.RaftServer$Division (RaftServerImpl.java:logAppendEntries(1549)) - s7@group-676CD6864C30: appendEntries* reply s5<-s7#8233:OK-t1,SUCCESS,nextIndex=228,followerCommit=225,matchIndex=227
2024-10-16 23:57:32,770 DEBUG server.RaftServer$Division (RaftServerImpl.java:logAppendEntries(1549)) - s8@group-676CD6864C30: appendEntries* reply s5<-s8#8224:OK-t1,SUCCESS,nextIndex=227,followerCommit=225,matchIndex=226
2024-10-16 23:57:32,770 DEBUG server.RaftServer$Division (RaftServerImpl.java:logAppendEntries(1549)) - s6@group-676CD6864C30: appendEntries* reply s5<-s6#8230:OK-t1,SUCCESS,nextIndex=228,followerCommit=225,matchIndex=227
2024-10-16 23:57:32,771 DEBUG server.RaftServer$Division (RaftServerImpl.java:logAppendEntries(1549)) - s13@group-676CD6864C30: appendEntries* s5->s13#8235-t1,previous=(t:1, i:226),leaderCommit=225,initializing? false,entries: size=1, first=(t:1, i:227), STATEMACHINELOGENTRY, StateMachineLogEntryProto:8223@client-BE1E56DD0B20
2024-10-16 23:57:32,771 DEBUG server.RaftServer$Division (RaftServerImpl.java:logAppendEntries(1549)) - s12@group-676CD6864C30: appendEntries* reply s5<-s12#8226:OK-t1,SUCCESS,nextIndex=228,followerCommit=225,matchIndex=227
2024-10-16 23:57:32,770 DEBUG server.RaftServer$Division (RaftServerImpl.java:logAppendEntries(1549)) - s0@group-676CD6864C30: appendEntries* s5->s0#8234-t1,previous=(t:1, i:226),leaderCommit=225,initializing? false,entries: size=1, first=(t:1, i:227), STATEMACHINELOGENTRY, StateMachineLogEntryProto:8223@client-BE1E56DD0B20
2024-10-16 23:57:32,770 DEBUG server.RaftServer$Division (RaftServerImpl.java:logAppendEntries(1549)) - s14@group-676CD6864C30: appendEntries* reply s5<-s14#8229:OK-t1,SUCCESS,nextIndex=228,followerCommit=225,matchIndex=227
2024-10-16 23:57:32,770 DEBUG server.RaftServer$Division (RaftServerImpl.java:logAppendEntries(1549)) - s3@group-676CD6864C30: appendEntries* s5->s3#8232-t1,previous=(t:1, i:226),leaderCommit=225,initializing? false,entries: size=1, first=(t:1, i:227), STATEMACHINELOGENTRY, StateMachineLogEntryProto:8223@client-BE1E56DD0B20
2024-10-16 23:57:32,770 DEBUG server.RaftServer$Division (RaftServerImpl.java:logAppendEntries(1549)) - s9@group-676CD6864C30: appendEntries* s5->s9#8231-t1,previous=(t:1, i:223),leaderCommit=225,initializing? false,entries: size=4, first=(t:1, i:224), METADATAENTRY(c:223)
2024-10-16 23:57:32,769 DEBUG server.RaftServer$Division (RaftServerImpl.java:logAppendEntries(1549)) - s1@group-676CD6864C30: appendEntries* reply s5<-s1#8225:OK-t1,SUCCESS,nextIndex=227,followerCommit=225,matchIndex=226
2024-10-16 23:57:32,771 DEBUG server.RaftServer$Division (RaftServerImpl.java:logAppendEntries(1549)) - s4@group-676CD6864C30: appendEntries* s5->s4#8236-t1,previous=(t:1, i:226),leaderCommit=225,initializing? false,entries: size=1, first=(t:1, i:227), STATEMACHINELOGENTRY, StateMachineLogEntryProto:8223@client-BE1E56DD0B20
2024-10-16 23:57:32,771 DEBUG server.RaftServer$Division (RaftServerImpl.java:logAppendEntries(1549)) - s0@group-676CD6864C30: appendEntries* reply s5<-s0#8234:OK-t1,SUCCESS,nextIndex=228,followerCommit=225,matchIndex=227
2024-10-16 23:57:32,771 DEBUG server.RaftServer$Division (RaftServerImpl.java:logAppendEntries(1549)) - s13@group-676CD6864C30: appendEntries* reply s5<-s13#8235:OK-t1,SUCCESS,nextIndex=228,followerCommit=225,matchIndex=227
2024-10-16 23:57:32,771 DEBUG server.RaftServer$Division (RaftServerImpl.java:logAppendEntries(1549)) - s8@group-676CD6864C30: appendEntries* s5->s8#8237-t1,previous=(t:1, i:226),leaderCommit=226,initializing? false,entries: size=1, first=(t:1, i:227), STATEMACHINELOGENTRY, StateMachineLogEntryProto:8223@client-BE1E56DD0B20
2024-10-16 23:57:32,771 DEBUG server.RaftServer$Division (RaftServerImpl.java:logAppendEntries(1549)) - s11@group-676CD6864C30: appendEntries* s5->s11#8238-t1,previous=(t:1, i:226),leaderCommit=226,initializing? false,entries: size=1, first=(t:1, i:227), STATEMACHINELOGENTRY, StateMachineLogEntryProto:8223@client-BE1E56DD0B20
2024-10-16 23:57:32,771 DEBUG server.RaftServer$Division (RaftServerImpl.java:logAppendEntries(1549)) - s2@group-676CD6864C30: appendEntries* reply s5<-s2#8227:OK-t1,SUCCESS,nextIndex=228,followerCommit=225,matchIndex=227
2024-10-16 23:57:32,772 DEBUG server.RaftServer$Division (RaftServerImpl.java:logAppendEntries(1549)) - s8@group-676CD6864C30: appendEntries* reply s5<-s8#8237:OK-t1,SUCCESS,nextIndex=228,followerCommit=226,matchIndex=227
2024-10-16 23:57:32,771 DEBUG server.RaftServer$Division (RaftServerImpl.java:logAppendEntries(1549)) - s10@group-676CD6864C30: appendEntries* reply s5<-s10#8228:OK-t1,SUCCESS,nextIndex=228,followerCommit=225,matchIndex=227
2024-10-16 23:57:32,772 DEBUG server.RaftServer$Division (RaftServerImpl.java:logAppendEntries(1549)) - s4@group-676CD6864C30: appendEntries* reply s5<-s4#8236:OK-t1,SUCCESS,nextIndex=228,followerCommit=225,matchIndex=227
2024-10-16 23:57:32,772 INFO  statemachine.StateMachine (ArithmeticStateMachine.java:applyTransaction(181)) - LEADER:s5-227: c = null = null
2024-10-16 23:57:32,772 DEBUG server.RaftServer$Division (RaftServerImpl.java:logAppendEntries(1549)) - s1@group-676CD6864C30: appendEntries* s5->s1#8239-t1,previous=(t:1, i:226),leaderCommit=226,initializing? false,entries: size=1, first=(t:1, i:227), STATEMACHINELOGENTRY, StateMachineLogEntryProto:8223@client-BE1E56DD0B20
2024-10-16 23:57:32,773 DEBUG server.RaftServer$Division (RaftServerImpl.java:logAppendEntries(1549)) - s13@group-676CD6864C30: appendEntries* s5->s13#8241-t1,previous=(t:1, i:227),leaderCommit=227,initializing? false,entries: size=1, first=(t:1, i:228), METADATAENTRY(c:227)
2024-10-16 23:57:32,772 DEBUG server.RaftServer$Division (RaftServerImpl.java:logAppendEntries(1549)) - s9@group-676CD6864C30: appendEntries* reply s5<-s9#8231:OK-t1,SUCCESS,nextIndex=228,followerCommit=225,matchIndex=227
2024-10-16 23:57:32,772 DEBUG server.RaftServer$Division (RaftServerImpl.java:logAppendEntries(1549)) - s3@group-676CD6864C30: appendEntries* reply s5<-s3#8232:OK-t1,SUCCESS,nextIndex=228,followerCommit=225,matchIndex=227
2024-10-16 23:57:32,773 DEBUG server.RaftServer$Division (RaftServerImpl.java:logAppendEntries(1549)) - s11@group-676CD6864C30: appendEntries* reply s5<-s11#8238:OK-t1,SUCCESS,nextIndex=228,followerCommit=226,matchIndex=227
2024-10-16 23:57:32,773 DEBUG server.RaftServer$Division (RaftServerImpl.java:submitClientRequestAsync(920)) - s5@group-676CD6864C30: receive client request(RaftClientRequest:client-BE1E56DD0B20->s5@group-676CD6864C30, cid=8247, seq=null, RW, Message:01016102405dc0000000...(size=12))
2024-10-16 23:57:32,773 DEBUG server.RaftServer$Division (RaftServerImpl.java:logAppendEntries(1549)) - s1@group-676CD6864C30: appendEntries* reply s5<-s1#8239:OK-t1,SUCCESS,nextIndex=228,followerCommit=226,matchIndex=227
2024-10-16 23:57:32,773 DEBUG server.RaftServer$Division (RaftServerImpl.java:logAppendEntries(1549)) - s14@group-676CD6864C30: appendEntries* s5->s14#8244-t1,previous=(t:1, i:227),leaderCommit=227,initializing? false,entries: size=1, first=(t:1, i:228), METADATAENTRY(c:227)
2024-10-16 23:57:32,774 DEBUG server.RaftServer$Division (RaftServerImpl.java:logAppendEntries(1549)) - s2@group-676CD6864C30: appendEntries* s5->s2#8240-t1,previous=(t:1, i:227),leaderCommit=227,initializing? false,entries: size=1, first=(t:1, i:228), METADATAENTRY(c:227)
2024-10-16 23:57:32,774 DEBUG server.RaftServer$Division (RaftServerImpl.java:logAppendEntries(1549)) - s13@group-676CD6864C30: appendEntries* reply s5<-s13#8241:OK-t1,SUCCESS,nextIndex=229,followerCommit=227,matchIndex=228
2024-10-16 23:57:32,774 DEBUG server.RaftServer$Division (RaftServerImpl.java:logAppendEntries(1549)) - s8@group-676CD6864C30: appendEntries* s5->s8#8250-t1,previous=(t:1, i:227),leaderCommit=227,initializing? false,entries: size=2, first=(t:1, i:228), METADATAENTRY(c:227)
2024-10-16 23:57:32,773 DEBUG server.RaftServer$Division (LeaderStateImpl.java:addPendingRequest(529)) - s5@group-676CD6864C30-LeaderStateImpl: addPendingRequest at RaftClientRequest:client-BE1E56DD0B20->s5@group-676CD6864C30, cid=8247, seq=null, RW, Message:01016102405dc0000000...(size=12), entry=(t:1, i:229), STATEMACHINELOGENTRY, WRITE: logData.size=12, stateMachineData.size=0, logEntryProtoSerializedSize=0
2024-10-16 23:57:32,774 DEBUG server.RaftServer$Division (RaftServerImpl.java:logAppendEntries(1549)) - s3@group-676CD6864C30: appendEntries* s5->s3#8251-t1,previous=(t:1, i:227),leaderCommit=227,initializing? false,entries: size=2, first=(t:1, i:228), METADATAENTRY(c:227)
2024-10-16 23:57:32,775 DEBUG server.RaftServer$Division (RaftServerImpl.java:logAppendEntries(1549)) - s13@group-676CD6864C30: appendEntries* s5->s13#8253-t1,previous=(t:1, i:228),leaderCommit=227,initializing? false,entries: size=1, first=(t:1, i:229), STATEMACHINELOGENTRY, StateMachineLogEntryProto:8247@client-BE1E56DD0B20
2024-10-16 23:57:32,773 DEBUG server.RaftServer$Division (RaftServerImpl.java:logAppendEntries(1549)) - s0@group-676CD6864C30: appendEntries* s5->s0#8245-t1,previous=(t:1, i:227),leaderCommit=227,initializing? false,entries: size=1, first=(t:1, i:228), METADATAENTRY(c:227)
2024-10-16 23:57:32,775 DEBUG server.RaftServer$Division (RaftServerImpl.java:logAppendEntries(1549)) - s3@group-676CD6864C30: appendEntries* reply s5<-s3#8251:OK-t1,SUCCESS,nextIndex=230,followerCommit=227,matchIndex=229
2024-10-16 23:57:32,775 DEBUG server.RaftServer$Division (RaftServerImpl.java:logAppendEntries(1549)) - s8@group-676CD6864C30: appendEntries* reply s5<-s8#8250:OK-t1,SUCCESS,nextIndex=230,followerCommit=227,matchIndex=229
2024-10-16 23:57:32,775 DEBUG server.RaftServer$Division (RaftServerImpl.java:logAppendEntries(1549)) - s13@group-676CD6864C30: appendEntries* reply s5<-s13#8253:OK-t1,SUCCESS,nextIndex=230,followerCommit=227,matchIndex=229
2024-10-16 23:57:32,775 DEBUG server.RaftServer$Division (RaftServerImpl.java:logAppendEntries(1549)) - s7@group-676CD6864C30: appendEntries* s5->s7#8243-t1,previous=(t:1, i:227),leaderCommit=227,initializing? false,entries: size=1, first=(t:1, i:228), METADATAENTRY(c:227)
2024-10-16 23:57:32,775 DEBUG server.RaftServer$Division (RaftServerImpl.java:logAppendEntries(1549)) - s1@group-676CD6864C30: appendEntries* s5->s1#8252-t1,previous=(t:1, i:227),leaderCommit=227,initializing? false,entries: size=2, first=(t:1, i:228), METADATAENTRY(c:227)
2024-10-16 23:57:32,774 DEBUG server.RaftServer$Division (RaftServerImpl.java:logAppendEntries(1549)) - s12@group-676CD6864C30: appendEntries* s5->s12#8246-t1,previous=(t:1, i:227),leaderCommit=227,initializing? false,entries: size=1, first=(t:1, i:228), METADATAENTRY(c:227)
2024-10-16 23:57:32,774 DEBUG server.RaftServer$Division (RaftServerImpl.java:logAppendEntries(1549)) - s10@group-676CD6864C30: appendEntries* s5->s10#8242-t1,previous=(t:1, i:227),leaderCommit=227,initializing? false,entries: size=1, first=(t:1, i:228), METADATAENTRY(c:227)
2024-10-16 23:57:32,774 DEBUG server.RaftServer$Division (RaftServerImpl.java:logAppendEntries(1549)) - s14@group-676CD6864C30: appendEntries* reply s5<-s14#8244:OK-t1,SUCCESS,nextIndex=229,followerCommit=227,matchIndex=228
2024-10-16 23:57:32,774 DEBUG server.RaftServer$Division (RaftServerImpl.java:logAppendEntries(1549)) - s2@group-676CD6864C30: appendEntries* reply s5<-s2#8240:OK-t1,SUCCESS,nextIndex=229,followerCommit=227,matchIndex=228
2024-10-16 23:57:32,776 DEBUG server.RaftServer$Division (RaftServerImpl.java:logAppendEntries(1549)) - s12@group-676CD6864C30: appendEntries* reply s5<-s12#8246:OK-t1,SUCCESS,nextIndex=229,followerCommit=227,matchIndex=228
2024-10-16 23:57:32,776 DEBUG server.RaftServer$Division (RaftServerImpl.java:logAppendEntries(1549)) - s7@group-676CD6864C30: appendEntries* reply s5<-s7#8243:OK-t1,SUCCESS,nextIndex=229,followerCommit=227,matchIndex=228
2024-10-16 23:57:32,776 DEBUG server.RaftServer$Division (RaftServerImpl.java:logAppendEntries(1549)) - s14@group-676CD6864C30: appendEntries* s5->s14#8256-t1,previous=(t:1, i:228),leaderCommit=227,initializing? false,entries: size=1, first=(t:1, i:229), STATEMACHINELOGENTRY, StateMachineLogEntryProto:8247@client-BE1E56DD0B20
2024-10-16 23:57:32,776 DEBUG server.RaftServer$Division (RaftServerImpl.java:logAppendEntries(1549)) - s12@group-676CD6864C30: appendEntries* s5->s12#8258-t1,previous=(t:1, i:228),leaderCommit=227,initializing? false,entries: size=1, first=(t:1, i:229), STATEMACHINELOGENTRY, StateMachineLogEntryProto:8247@client-BE1E56DD0B20
2024-10-16 23:57:32,776 DEBUG server.RaftServer$Division (RaftServerImpl.java:logAppendEntries(1549)) - s6@group-676CD6864C30: appendEntries* s5->s6#8248-t1,previous=(t:1, i:227),leaderCommit=227,initializing? false,entries: size=1, first=(t:1, i:228), METADATAENTRY(c:227)
2024-10-16 23:57:32,776 DEBUG server.RaftServer$Division (RaftServerImpl.java:logAppendEntries(1549)) - s1@group-676CD6864C30: appendEntries* reply s5<-s1#8252:OK-t1,SUCCESS,nextIndex=230,followerCommit=227,matchIndex=229
2024-10-16 23:57:32,775 DEBUG server.RaftServer$Division (RaftServerImpl.java:logAppendEntries(1549)) - s4@group-676CD6864C30: appendEntries* s5->s4#8249-t1,previous=(t:1, i:227),leaderCommit=227,initializing? false,entries: size=1, first=(t:1, i:228), METADATAENTRY(c:227)
2024-10-16 23:57:32,775 DEBUG server.RaftServer$Division (RaftServerImpl.java:logAppendEntries(1549)) - s0@group-676CD6864C30: appendEntries* reply s5<-s0#8245:OK-t1,SUCCESS,nextIndex=229,followerCommit=227,matchIndex=228
2024-10-16 23:57:32,775 DEBUG server.RaftServer$Division (RaftServerImpl.java:logAppendEntries(1549)) - s11@group-676CD6864C30: appendEntries* s5->s11#8255-t1,previous=(t:1, i:227),leaderCommit=227,initializing? false,entries: size=2, first=(t:1, i:228), METADATAENTRY(c:227)
2024-10-16 23:57:32,777 DEBUG server.RaftServer$Division (RaftServerImpl.java:logAppendEntries(1549)) - s7@group-676CD6864C30: appendEntries* s5->s7#8259-t1,previous=(t:1, i:228),leaderCommit=227,initializing? false,entries: size=1, first=(t:1, i:229), STATEMACHINELOGENTRY, StateMachineLogEntryProto:8247@client-BE1E56DD0B20
2024-10-16 23:57:32,777 DEBUG server.RaftServer$Division (RaftServerImpl.java:logAppendEntries(1549)) - s6@group-676CD6864C30: appendEntries* reply s5<-s6#8248:OK-t1,SUCCESS,nextIndex=229,followerCommit=227,matchIndex=228
2024-10-16 23:57:32,777 DEBUG server.RaftServer$Division (RaftServerImpl.java:logAppendEntries(1549)) - s12@group-676CD6864C30: appendEntries* reply s5<-s12#8258:OK-t1,SUCCESS,nextIndex=230,followerCommit=227,matchIndex=229
2024-10-16 23:57:32,778 DEBUG server.RaftServer$Division (RaftServerImpl.java:logAppendEntries(1549)) - s0@group-676CD6864C30: appendEntries* s5->s0#8260-t1,previous=(t:1, i:228),leaderCommit=228,initializing? false,entries: size=1, first=(t:1, i:229), STATEMACHINELOGENTRY, StateMachineLogEntryProto:8247@client-BE1E56DD0B20
2024-10-16 23:57:32,776 DEBUG server.RaftServer$Division (RaftServerImpl.java:logAppendEntries(1549)) - s14@group-676CD6864C30: appendEntries* reply s5<-s14#8256:OK-t1,SUCCESS,nextIndex=230,followerCommit=227,matchIndex=229
2024-10-16 23:57:32,776 DEBUG server.RaftServer$Division (RaftServerImpl.java:logAppendEntries(1549)) - s10@group-676CD6864C30: appendEntries* reply s5<-s10#8242:OK-t1,SUCCESS,nextIndex=229,followerCommit=227,matchIndex=228
2024-10-16 23:57:32,776 DEBUG server.RaftServer$Division (RaftServerImpl.java:logAppendEntries(1549)) - s2@group-676CD6864C30: appendEntries* s5->s2#8257-t1,previous=(t:1, i:228),leaderCommit=227,initializing? false,entries: size=1, first=(t:1, i:229), STATEMACHINELOGENTRY, StateMachineLogEntryProto:8247@client-BE1E56DD0B20
2024-10-16 23:57:32,776 DEBUG server.RaftServer$Division (RaftServerImpl.java:logAppendEntries(1549)) - s9@group-676CD6864C30: appendEntries* s5->s9#8254-t1,previous=(t:1, i:227),leaderCommit=227,initializing? false,entries: size=2, first=(t:1, i:228), METADATAENTRY(c:227)
2024-10-16 23:57:32,778 DEBUG server.RaftServer$Division (RaftServerImpl.java:logAppendEntries(1549)) - s7@group-676CD6864C30: appendEntries* reply s5<-s7#8259:OK-t1,SUCCESS,nextIndex=230,followerCommit=227,matchIndex=229
2024-10-16 23:57:32,778 DEBUG server.RaftServer$Division (RaftServerImpl.java:logAppendEntries(1549)) - s0@group-676CD6864C30: appendEntries* reply s5<-s0#8260:OK-t1,SUCCESS,nextIndex=230,followerCommit=228,matchIndex=229
2024-10-16 23:57:32,777 DEBUG server.RaftServer$Division (RaftServerImpl.java:logAppendEntries(1549)) - s11@group-676CD6864C30: appendEntries* reply s5<-s11#8255:OK-t1,SUCCESS,nextIndex=230,followerCommit=227,matchIndex=229
2024-10-16 23:57:32,779 INFO  statemachine.StateMachine (ArithmeticStateMachine.java:applyTransaction(181)) - LEADER:s5-229: a = 119 = 119
2024-10-16 23:57:32,779 DEBUG server.RaftServer$Division (RaftServerImpl.java:logAppendEntries(1549)) - s2@group-676CD6864C30: appendEntries* reply s5<-s2#8257:OK-t1,SUCCESS,nextIndex=230,followerCommit=227,matchIndex=229
2024-10-16 23:57:32,777 DEBUG server.RaftServer$Division (RaftServerImpl.java:logAppendEntries(1549)) - s4@group-676CD6864C30: appendEntries* reply s5<-s4#8249:OK-t1,SUCCESS,nextIndex=229,followerCommit=227,matchIndex=228
2024-10-16 23:57:32,779 DEBUG server.RaftServer$Division (RaftServerImpl.java:logAppendEntries(1549)) - s14@group-676CD6864C30: appendEntries* s5->s14#8263-t1,previous=(t:1, i:229),leaderCommit=229,initializing? false,entries: size=1, first=(t:1, i:230), METADATAENTRY(c:229)
2024-10-16 23:57:32,779 DEBUG server.RaftServer$Division (RaftServerImpl.java:logAppendEntries(1549)) - s9@group-676CD6864C30: appendEntries* reply s5<-s9#8254:OK-t1,SUCCESS,nextIndex=230,followerCommit=227,matchIndex=229
2024-10-16 23:57:32,779 DEBUG server.RaftServer$Division (RaftServerImpl.java:logAppendEntries(1549)) - s13@group-676CD6864C30: appendEntries* s5->s13#8267-t1,previous=(t:1, i:229),leaderCommit=229,initializing? false,entries: size=1, first=(t:1, i:230), METADATAENTRY(c:229)
2024-10-16 23:57:32,780 DEBUG server.RaftServer$Division (RaftServerImpl.java:logAppendEntries(1549)) - s1@group-676CD6864C30: appendEntries* s5->s1#8271-t1,previous=(t:1, i:229),leaderCommit=229,initializing? false,entries: size=1, first=(t:1, i:230), METADATAENTRY(c:229)
2024-10-16 23:57:32,779 DEBUG server.RaftServer$Division (RaftServerImpl.java:logAppendEntries(1549)) - s8@group-676CD6864C30: appendEntries* s5->s8#8264-t1,previous=(t:1, i:229),leaderCommit=229,initializing? false,entries: size=1, first=(t:1, i:230), METADATAENTRY(c:229)
2024-10-16 23:57:32,780 DEBUG server.RaftServer$Division (RaftServerImpl.java:logAppendEntries(1549)) - s14@group-676CD6864C30: appendEntries* reply s5<-s14#8263:OK-t1,SUCCESS,nextIndex=231,followerCommit=229,matchIndex=230
2024-10-16 23:57:32,780 DEBUG server.RaftServer$Division (RaftServerImpl.java:logAppendEntries(1549)) - s13@group-676CD6864C30: appendEntries* reply s5<-s13#8267:OK-t1,SUCCESS,nextIndex=231,followerCommit=229,matchIndex=230
2024-10-16 23:57:32,780 DEBUG server.RaftServer$Division (RaftServerImpl.java:submitClientRequestAsync(920)) - s5@group-676CD6864C30: receive client request(RaftClientRequest:client-BE1E56DD0B20->s5@group-676CD6864C30, cid=8266, seq=null, RW, Message:0101620240bba8000000...(size=12))
2024-10-16 23:57:32,780 DEBUG server.RaftServer$Division (RaftServerImpl.java:logAppendEntries(1549)) - s0@group-676CD6864C30: appendEntries* s5->s0#8273-t1,previous=(t:1, i:229),leaderCommit=229,initializing? false,entries: size=1, first=(t:1, i:230), METADATAENTRY(c:229)
2024-10-16 23:57:32,780 DEBUG server.RaftServer$Division (RaftServerImpl.java:logAppendEntries(1549)) - s10@group-676CD6864C30: appendEntries* s5->s10#8262-t1,previous=(t:1, i:228),leaderCommit=228,initializing? false,entries: size=1, first=(t:1, i:229), STATEMACHINELOGENTRY, StateMachineLogEntryProto:8247@client-BE1E56DD0B20
2024-10-16 23:57:32,781 DEBUG server.RaftServer$Division (RaftServerImpl.java:logAppendEntries(1549)) - s4@group-676CD6864C30: appendEntries* s5->s4#8275-t1,previous=(t:1, i:228),leaderCommit=229,initializing? false,entries: size=3, first=(t:1, i:229), STATEMACHINELOGENTRY, StateMachineLogEntryProto:8247@client-BE1E56DD0B20
2024-10-16 23:57:32,780 DEBUG server.RaftServer$Division (RaftServerImpl.java:logAppendEntries(1549)) - s3@group-676CD6864C30: appendEntries* s5->s3#8269-t1,previous=(t:1, i:229),leaderCommit=229,initializing? false,entries: size=1, first=(t:1, i:230), METADATAENTRY(c:229)
2024-10-16 23:57:32,781 DEBUG server.RaftServer$Division (RaftServerImpl.java:logAppendEntries(1549)) - s14@group-676CD6864C30: appendEntries* s5->s14#8277-t1,previous=(t:1, i:230),leaderCommit=229,initializing? false,entries: size=1, first=(t:1, i:231), STATEMACHINELOGENTRY, StateMachineLogEntryProto:8266@client-BE1E56DD0B20
2024-10-16 23:57:32,779 DEBUG server.RaftServer$Division (RaftServerImpl.java:logAppendEntries(1549)) - s2@group-676CD6864C30: appendEntries* s5->s2#8268-t1,previous=(t:1, i:229),leaderCommit=229,initializing? false,entries: size=1, first=(t:1, i:230), METADATAENTRY(c:229)
2024-10-16 23:57:32,781 DEBUG server.RaftServer$Division (RaftServerImpl.java:logAppendEntries(1549)) - s3@group-676CD6864C30: appendEntries* reply s5<-s3#8269:OK-t1,SUCCESS,nextIndex=231,followerCommit=229,matchIndex=230
2024-10-16 23:57:32,781 DEBUG server.RaftServer$Division (RaftServerImpl.java:logAppendEntries(1549)) - s6@group-676CD6864C30: appendEntries* s5->s6#8261-t1,previous=(t:1, i:228),leaderCommit=228,initializing? false,entries: size=1, first=(t:1, i:229), STATEMACHINELOGENTRY, StateMachineLogEntryProto:8247@client-BE1E56DD0B20
2024-10-16 23:57:32,782 DEBUG server.RaftServer$Division (RaftServerImpl.java:logAppendEntries(1549)) - s7@group-676CD6864C30: appendEntries* s5->s7#8272-t1,previous=(t:1, i:229),leaderCommit=229,initializing? false,entries: size=1, first=(t:1, i:230), METADATAENTRY(c:229)
2024-10-16 23:57:32,781 DEBUG server.RaftServer$Division (RaftServerImpl.java:logAppendEntries(1549)) - s10@group-676CD6864C30: appendEntries* reply s5<-s10#8262:OK-t1,SUCCESS,nextIndex=230,followerCommit=228,matchIndex=229
2024-10-16 23:57:32,781 DEBUG server.RaftServer$Division (RaftServerImpl.java:logAppendEntries(1549)) - s13@group-676CD6864C30: appendEntries* s5->s13#8274-t1,previous=(t:1, i:230),leaderCommit=229,initializing? false,entries: size=1, first=(t:1, i:231), STATEMACHINELOGENTRY, StateMachineLogEntryProto:8266@client-BE1E56DD0B20
2024-10-16 23:57:32,781 DEBUG server.RaftServer$Division (RaftServerImpl.java:logAppendEntries(1549)) - s11@group-676CD6864C30: appendEntries* s5->s11#8265-t1,previous=(t:1, i:229),leaderCommit=229,initializing? false,entries: size=1, first=(t:1, i:230), METADATAENTRY(c:229)
2024-10-16 23:57:32,780 DEBUG server.RaftServer$Division (RaftServerImpl.java:logAppendEntries(1549)) - s12@group-676CD6864C30: appendEntries* s5->s12#8270-t1,previous=(t:1, i:229),leaderCommit=229,initializing? false,entries: size=1, first=(t:1, i:230), METADATAENTRY(c:229)
2024-10-16 23:57:32,780 DEBUG server.RaftServer$Division (RaftServerImpl.java:logAppendEntries(1549)) - s0@group-676CD6864C30: appendEntries* reply s5<-s0#8273:OK-t1,SUCCESS,nextIndex=231,followerCommit=229,matchIndex=230
2024-10-16 23:57:32,780 DEBUG server.RaftServer$Division (LeaderStateImpl.java:addPendingRequest(529)) - s5@group-676CD6864C30-LeaderStateImpl: addPendingRequest at RaftClientRequest:client-BE1E56DD0B20->s5@group-676CD6864C30, cid=8266, seq=null, RW, Message:0101620240bba8000000...(size=12), entry=(t:1, i:231), STATEMACHINELOGENTRY, WRITE: logData.size=12, stateMachineData.size=0, logEntryProtoSerializedSize=0
2024-10-16 23:57:32,780 DEBUG server.RaftServer$Division (RaftServerImpl.java:logAppendEntries(1549)) - s8@group-676CD6864C30: appendEntries* reply s5<-s8#8264:OK-t1,SUCCESS,nextIndex=231,followerCommit=229,matchIndex=230
2024-10-16 23:57:32,780 DEBUG server.RaftServer$Division (RaftServerImpl.java:logAppendEntries(1549)) - s1@group-676CD6864C30: appendEntries* reply s5<-s1#8271:OK-t1,SUCCESS,nextIndex=231,followerCommit=229,matchIndex=230
2024-10-16 23:57:32,782 DEBUG server.RaftServer$Division (RaftServerImpl.java:logAppendEntries(1549)) - s13@group-676CD6864C30: appendEntries* reply s5<-s13#8274:OK-t1,SUCCESS,nextIndex=232,followerCommit=229,matchIndex=231
2024-10-16 23:57:32,782 DEBUG server.RaftServer$Division (RaftServerImpl.java:logAppendEntries(1549)) - s11@group-676CD6864C30: appendEntries* reply s5<-s11#8265:OK-t1,SUCCESS,nextIndex=231,followerCommit=229,matchIndex=230
2024-10-16 23:57:32,783 DEBUG server.RaftServer$Division (RaftServerImpl.java:logAppendEntries(1549)) - s8@group-676CD6864C30: appendEntries* s5->s8#8281-t1,previous=(t:1, i:230),leaderCommit=229,initializing? false,entries: size=1, first=(t:1, i:231), STATEMACHINELOGENTRY, StateMachineLogEntryProto:8266@client-BE1E56DD0B20
2024-10-16 23:57:32,782 DEBUG server.RaftServer$Division (RaftServerImpl.java:logAppendEntries(1549)) - s3@group-676CD6864C30: appendEntries* s5->s3#8278-t1,previous=(t:1, i:230),leaderCommit=229,initializing? false,entries: size=1, first=(t:1, i:231), STATEMACHINELOGENTRY, StateMachineLogEntryProto:8266@client-BE1E56DD0B20
2024-10-16 23:57:32,783 DEBUG server.RaftServer$Division (RaftServerImpl.java:logAppendEntries(1549)) - s8@group-676CD6864C30: appendEntries* reply s5<-s8#8281:OK-t1,SUCCESS,nextIndex=232,followerCommit=229,matchIndex=231
2024-10-16 23:57:32,782 DEBUG server.RaftServer$Division (RaftServerImpl.java:logAppendEntries(1549)) - s7@group-676CD6864C30: appendEntries* reply s5<-s7#8272:OK-t1,SUCCESS,nextIndex=231,followerCommit=229,matchIndex=230
2024-10-16 23:57:32,783 DEBUG server.RaftServer$Division (RaftServerImpl.java:logAppendEntries(1549)) - s10@group-676CD6864C30: appendEntries* s5->s10#8279-t1,previous=(t:1, i:229),leaderCommit=229,initializing? false,entries: size=2, first=(t:1, i:230), METADATAENTRY(c:229)
2024-10-16 23:57:32,782 DEBUG server.RaftServer$Division (RaftServerImpl.java:logAppendEntries(1549)) - s6@group-676CD6864C30: appendEntries* reply s5<-s6#8261:OK-t1,SUCCESS,nextIndex=230,followerCommit=228,matchIndex=229
2024-10-16 23:57:32,782 DEBUG server.RaftServer$Division (RaftServerImpl.java:logAppendEntries(1549)) - s14@group-676CD6864C30: appendEntries* reply s5<-s14#8277:OK-t1,SUCCESS,nextIndex=232,followerCommit=229,matchIndex=231
2024-10-16 23:57:32,782 DEBUG server.RaftServer$Division (RaftServerImpl.java:logAppendEntries(1549)) - s2@group-676CD6864C30: appendEntries* reply s5<-s2#8268:OK-t1,SUCCESS,nextIndex=231,followerCommit=229,matchIndex=230
2024-10-16 23:57:32,781 DEBUG server.RaftServer$Division (RaftServerImpl.java:logAppendEntries(1549)) - s4@group-676CD6864C30: appendEntries* reply s5<-s4#8275:OK-t1,SUCCESS,nextIndex=232,followerCommit=229,matchIndex=231
2024-10-16 23:57:32,781 DEBUG server.RaftServer$Division (RaftServerImpl.java:logAppendEntries(1549)) - s9@group-676CD6864C30: appendEntries* s5->s9#8276-t1,previous=(t:1, i:229),leaderCommit=229,initializing? false,entries: size=2, first=(t:1, i:230), METADATAENTRY(c:229)
2024-10-16 23:57:32,784 DEBUG server.RaftServer$Division (RaftServerImpl.java:logAppendEntries(1549)) - s11@group-676CD6864C30: appendEntries* s5->s11#8283-t1,previous=(t:1, i:230),leaderCommit=230,initializing? false,entries: size=1, first=(t:1, i:231), STATEMACHINELOGENTRY, StateMachineLogEntryProto:8266@client-BE1E56DD0B20
2024-10-16 23:57:32,783 DEBUG server.RaftServer$Division (RaftServerImpl.java:logAppendEntries(1549)) - s0@group-676CD6864C30: appendEntries* s5->s0#8280-t1,previous=(t:1, i:230),leaderCommit=229,initializing? false,entries: size=1, first=(t:1, i:231), STATEMACHINELOGENTRY, StateMachineLogEntryProto:8266@client-BE1E56DD0B20
2024-10-16 23:57:32,783 DEBUG server.RaftServer$Division (RaftServerImpl.java:logAppendEntries(1549)) - s3@group-676CD6864C30: appendEntries* reply s5<-s3#8278:OK-t1,SUCCESS,nextIndex=232,followerCommit=229,matchIndex=231
2024-10-16 23:57:32,783 DEBUG server.RaftServer$Division (RaftServerImpl.java:logAppendEntries(1549)) - s1@group-676CD6864C30: appendEntries* s5->s1#8282-t1,previous=(t:1, i:230),leaderCommit=229,initializing? false,entries: size=1, first=(t:1, i:231), STATEMACHINELOGENTRY, StateMachineLogEntryProto:8266@client-BE1E56DD0B20
2024-10-16 23:57:32,783 DEBUG server.RaftServer$Division (RaftServerImpl.java:logAppendEntries(1549)) - s12@group-676CD6864C30: appendEntries* reply s5<-s12#8270:OK-t1,SUCCESS,nextIndex=231,followerCommit=229,matchIndex=230
2024-10-16 23:57:32,784 DEBUG server.RaftServer$Division (RaftServerImpl.java:logAppendEntries(1549)) - s2@group-676CD6864C30: appendEntries* s5->s2#8286-t1,previous=(t:1, i:230),leaderCommit=230,initializing? false,entries: size=1, first=(t:1, i:231), STATEMACHINELOGENTRY, StateMachineLogEntryProto:8266@client-BE1E56DD0B20
2024-10-16 23:57:32,785 DEBUG server.RaftServer$Division (RaftServerImpl.java:logAppendEntries(1549)) - s11@group-676CD6864C30: appendEntries* reply s5<-s11#8283:OK-t1,SUCCESS,nextIndex=232,followerCommit=230,matchIndex=231
2024-10-16 23:57:32,784 DEBUG server.RaftServer$Division (RaftServerImpl.java:logAppendEntries(1549)) - s10@group-676CD6864C30: appendEntries* reply s5<-s10#8279:OK-t1,SUCCESS,nextIndex=232,followerCommit=229,matchIndex=231
2024-10-16 23:57:32,785 DEBUG server.RaftServer$Division (RaftServerImpl.java:logAppendEntries(1549)) - s7@group-676CD6864C30: appendEntries* s5->s7#8284-t1,previous=(t:1, i:230),leaderCommit=230,initializing? false,entries: size=1, first=(t:1, i:231), STATEMACHINELOGENTRY, StateMachineLogEntryProto:8266@client-BE1E56DD0B20
2024-10-16 23:57:32,786 DEBUG server.RaftServer$Division (RaftServerImpl.java:logAppendEntries(1549)) - s4@group-676CD6864C30: appendEntries* s5->s4#8294-t1,previous=(t:1, i:231),leaderCommit=231,initializing? false,entries: size=1, first=(t:1, i:232), METADATAENTRY(c:231)
2024-10-16 23:57:32,786 DEBUG server.RaftServer$Division (RaftServerImpl.java:logAppendEntries(1549)) - s10@group-676CD6864C30: appendEntries* s5->s10#8293-t1,previous=(t:1, i:231),leaderCommit=231,initializing? false,entries: size=1, first=(t:1, i:232), METADATAENTRY(c:231)
2024-10-16 23:57:32,785 DEBUG server.RaftServer$Division (RaftServerImpl.java:logAppendEntries(1549)) - s6@group-676CD6864C30: appendEntries* s5->s6#8285-t1,previous=(t:1, i:229),leaderCommit=230,initializing? false,entries: size=2, first=(t:1, i:230), METADATAENTRY(c:229)
2024-10-16 23:57:32,786 DEBUG server.RaftServer$Division (RaftServerImpl.java:logAppendEntries(1549)) - s10@group-676CD6864C30: appendEntries* reply s5<-s10#8293:OK-t1,SUCCESS,nextIndex=233,followerCommit=231,matchIndex=232
2024-10-16 23:57:32,786 DEBUG server.RaftServer$Division (RaftServerImpl.java:logAppendEntries(1549)) - s7@group-676CD6864C30: appendEntries* reply s5<-s7#8284:OK-t1,SUCCESS,nextIndex=232,followerCommit=230,matchIndex=231
2024-10-16 23:57:32,786 DEBUG server.RaftServer$Division (RaftServerImpl.java:logAppendEntries(1549)) - s4@group-676CD6864C30: appendEntries* reply s5<-s4#8294:OK-t1,SUCCESS,nextIndex=233,followerCommit=231,matchIndex=232
2024-10-16 23:57:32,786 DEBUG server.RaftServer$Division (RaftServerImpl.java:logAppendEntries(1549)) - s13@group-676CD6864C30: appendEntries* s5->s13#8291-t1,previous=(t:1, i:231),leaderCommit=231,initializing? false,entries: size=1, first=(t:1, i:232), METADATAENTRY(c:231)
2024-10-16 23:57:32,786 DEBUG server.RaftServer$Division (RaftServerImpl.java:logAppendEntries(1549)) - s12@group-676CD6864C30: appendEntries* s5->s12#8287-t1,previous=(t:1, i:230),leaderCommit=231,initializing? false,entries: size=2, first=(t:1, i:231), STATEMACHINELOGENTRY, StateMachineLogEntryProto:8266@client-BE1E56DD0B20
2024-10-16 23:57:32,786 DEBUG server.RaftServer$Division (RaftServerImpl.java:logAppendEntries(1549)) - s3@group-676CD6864C30: appendEntries* s5->s3#8289-t1,previous=(t:1, i:231),leaderCommit=231,initializing? false,entries: size=1, first=(t:1, i:232), METADATAENTRY(c:231)
2024-10-16 23:57:32,786 DEBUG server.RaftServer$Division (RaftServerImpl.java:logAppendEntries(1549)) - s14@group-676CD6864C30: appendEntries* s5->s14#8292-t1,previous=(t:1, i:231),leaderCommit=231,initializing? false,entries: size=1, first=(t:1, i:232), METADATAENTRY(c:231)
2024-10-16 23:57:32,786 DEBUG server.RaftServer$Division (RaftServerImpl.java:logAppendEntries(1549)) - s11@group-676CD6864C30: appendEntries* s5->s11#8288-t1,previous=(t:1, i:231),leaderCommit=231,initializing? false,entries: size=1, first=(t:1, i:232), METADATAENTRY(c:231)
2024-10-16 23:57:32,785 DEBUG server.RaftServer$Division (RaftServerImpl.java:logAppendEntries(1549)) - s8@group-676CD6864C30: appendEntries* s5->s8#8290-t1,previous=(t:1, i:231),leaderCommit=231,initializing? false,entries: size=1, first=(t:1, i:232), METADATAENTRY(c:231)
2024-10-16 23:57:32,785 INFO  statemachine.StateMachine (ArithmeticStateMachine.java:applyTransaction(181)) - LEADER:s5-231: b = 7080 = 7080
2024-10-16 23:57:32,785 DEBUG server.RaftServer$Division (RaftServerImpl.java:logAppendEntries(1549)) - s9@group-676CD6864C30: appendEntries* reply s5<-s9#8276:OK-t1,SUCCESS,nextIndex=232,followerCommit=229,matchIndex=231
2024-10-16 23:57:32,788 DEBUG server.RaftServer$Division (RaftServerImpl.java:logAppendEntries(1549)) - s11@group-676CD6864C30: appendEntries* reply s5<-s11#8288:OK-t1,SUCCESS,nextIndex=233,followerCommit=231,matchIndex=232
2024-10-16 23:57:32,785 DEBUG server.RaftServer$Division (RaftServerImpl.java:logAppendEntries(1549)) - s1@group-676CD6864C30: appendEntries* reply s5<-s1#8282:OK-t1,SUCCESS,nextIndex=232,followerCommit=229,matchIndex=231
2024-10-16 23:57:32,785 DEBUG server.RaftServer$Division (RaftServerImpl.java:logAppendEntries(1549)) - s2@group-676CD6864C30: appendEntries* reply s5<-s2#8286:OK-t1,SUCCESS,nextIndex=232,followerCommit=230,matchIndex=231
2024-10-16 23:57:32,785 DEBUG server.RaftServer$Division (RaftServerImpl.java:logAppendEntries(1549)) - s0@group-676CD6864C30: appendEntries* reply s5<-s0#8280:OK-t1,SUCCESS,nextIndex=232,followerCommit=229,matchIndex=231
2024-10-16 23:57:32,788 DEBUG server.RaftServer$Division (RaftServerImpl.java:logAppendEntries(1549)) - s8@group-676CD6864C30: appendEntries* reply s5<-s8#8290:OK-t1,SUCCESS,nextIndex=233,followerCommit=231,matchIndex=232
2024-10-16 23:57:32,788 DEBUG server.RaftServer$Division (RaftServerImpl.java:logAppendEntries(1549)) - s12@group-676CD6864C30: appendEntries* reply s5<-s12#8287:OK-t1,SUCCESS,nextIndex=233,followerCommit=231,matchIndex=232
2024-10-16 23:57:32,788 DEBUG server.RaftServer$Division (RaftServerImpl.java:submitClientRequestAsync(920)) - s5@group-676CD6864C30: receive client request(RaftClientRequest:client-BE1E56DD0B20->s5@group-676CD6864C30, cid=8296, seq=null, RW, Message:01016304010300040201...(size=17))
2024-10-16 23:57:32,788 DEBUG server.RaftServer$Division (LeaderStateImpl.java:addPendingRequest(529)) - s5@group-676CD6864C30-LeaderStateImpl: addPendingRequest at RaftClientRequest:client-BE1E56DD0B20->s5@group-676CD6864C30, cid=8296, seq=null, RW, Message:01016304010300040201...(size=17), entry=(t:1, i:233), STATEMACHINELOGENTRY, WRITE: logData.size=17, stateMachineData.size=0, logEntryProtoSerializedSize=0
2024-10-16 23:57:32,788 DEBUG server.RaftServer$Division (RaftServerImpl.java:logAppendEntries(1549)) - s0@group-676CD6864C30: appendEntries* s5->s0#8299-t1,previous=(t:1, i:231),leaderCommit=231,initializing? false,entries: size=1, first=(t:1, i:232), METADATAENTRY(c:231)
2024-10-16 23:57:32,788 DEBUG server.RaftServer$Division (RaftServerImpl.java:logAppendEntries(1549)) - s14@group-676CD6864C30: appendEntries* reply s5<-s14#8292:OK-t1,SUCCESS,nextIndex=233,followerCommit=231,matchIndex=232
2024-10-16 23:57:32,787 DEBUG server.RaftServer$Division (RaftServerImpl.java:logAppendEntries(1549)) - s3@group-676CD6864C30: appendEntries* reply s5<-s3#8289:OK-t1,SUCCESS,nextIndex=233,followerCommit=231,matchIndex=232
2024-10-16 23:57:32,787 DEBUG server.RaftServer$Division (RaftServerImpl.java:logAppendEntries(1549)) - s13@group-676CD6864C30: appendEntries* reply s5<-s13#8291:OK-t1,SUCCESS,nextIndex=233,followerCommit=231,matchIndex=232
2024-10-16 23:57:32,787 DEBUG server.RaftServer$Division (RaftServerImpl.java:logAppendEntries(1549)) - s6@group-676CD6864C30: appendEntries* reply s5<-s6#8285:OK-t1,SUCCESS,nextIndex=232,followerCommit=230,matchIndex=231
2024-10-16 23:57:32,789 DEBUG server.RaftServer$Division (RaftServerImpl.java:logAppendEntries(1549)) - s0@group-676CD6864C30: appendEntries* reply s5<-s0#8299:OK-t1,SUCCESS,nextIndex=233,followerCommit=231,matchIndex=232
2024-10-16 23:57:32,789 DEBUG server.RaftServer$Division (RaftServerImpl.java:logAppendEntries(1549)) - s14@group-676CD6864C30: appendEntries* s5->s14#8305-t1,previous=(t:1, i:232),leaderCommit=231,initializing? false,entries: size=1, first=(t:1, i:233), STATEMACHINELOGENTRY, StateMachineLogEntryProto:8296@client-BE1E56DD0B20
2024-10-16 23:57:32,789 DEBUG server.RaftServer$Division (RaftServerImpl.java:logAppendEntries(1549)) - s3@group-676CD6864C30: appendEntries* s5->s3#8306-t1,previous=(t:1, i:232),leaderCommit=232,initializing? false,entries: size=1, first=(t:1, i:233), STATEMACHINELOGENTRY, StateMachineLogEntryProto:8296@client-BE1E56DD0B20
2024-10-16 23:57:32,790 DEBUG server.RaftServer$Division (RaftServerImpl.java:logAppendEntries(1549)) - s11@group-676CD6864C30: appendEntries* s5->s11#8303-t1,previous=(t:1, i:232),leaderCommit=231,initializing? false,entries: size=1, first=(t:1, i:233), STATEMACHINELOGENTRY, StateMachineLogEntryProto:8296@client-BE1E56DD0B20
2024-10-16 23:57:32,789 DEBUG server.RaftServer$Division (RaftServerImpl.java:logAppendEntries(1549)) - s4@group-676CD6864C30: appendEntries* s5->s4#8302-t1,previous=(t:1, i:232),leaderCommit=231,initializing? false,entries: size=1, first=(t:1, i:233), STATEMACHINELOGENTRY, StateMachineLogEntryProto:8296@client-BE1E56DD0B20
2024-10-16 23:57:32,790 DEBUG server.RaftServer$Division (RaftServerImpl.java:logAppendEntries(1549)) - s12@group-676CD6864C30: appendEntries* s5->s12#8300-t1,previous=(t:1, i:232),leaderCommit=231,initializing? false,entries: size=1, first=(t:1, i:233), STATEMACHINELOGENTRY, StateMachineLogEntryProto:8296@client-BE1E56DD0B20
2024-10-16 23:57:32,788 DEBUG server.RaftServer$Division (RaftServerImpl.java:logAppendEntries(1549)) - s2@group-676CD6864C30: appendEntries* s5->s2#8298-t1,previous=(t:1, i:231),leaderCommit=231,initializing? false,entries: size=1, first=(t:1, i:232), METADATAENTRY(c:231)
2024-10-16 23:57:32,788 DEBUG server.RaftServer$Division (RaftServerImpl.java:logAppendEntries(1549)) - s1@group-676CD6864C30: appendEntries* s5->s1#8297-t1,previous=(t:1, i:231),leaderCommit=231,initializing? false,entries: size=1, first=(t:1, i:232), METADATAENTRY(c:231)
2024-10-16 23:57:32,790 DEBUG server.RaftServer$Division (RaftServerImpl.java:logAppendEntries(1549)) - s7@group-676CD6864C30: appendEntries* s5->s7#8295-t1,previous=(t:1, i:231),leaderCommit=231,initializing? false,entries: size=1, first=(t:1, i:232), METADATAENTRY(c:231)
2024-10-16 23:57:32,790 DEBUG server.RaftServer$Division (RaftServerImpl.java:logAppendEntries(1549)) - s13@group-676CD6864C30: appendEntries* s5->s13#8308-t1,previous=(t:1, i:232),leaderCommit=232,initializing? false,entries: size=1, first=(t:1, i:233), STATEMACHINELOGENTRY, StateMachineLogEntryProto:8296@client-BE1E56DD0B20
2024-10-16 23:57:32,791 DEBUG server.RaftServer$Division (RaftServerImpl.java:logAppendEntries(1549)) - s1@group-676CD6864C30: appendEntries* reply s5<-s1#8297:OK-t1,SUCCESS,nextIndex=233,followerCommit=231,matchIndex=232
2024-10-16 23:57:32,791 DEBUG server.RaftServer$Division (RaftServerImpl.java:logAppendEntries(1549)) - s12@group-676CD6864C30: appendEntries* reply s5<-s12#8300:OK-t1,SUCCESS,nextIndex=234,followerCommit=231,matchIndex=233
2024-10-16 23:57:32,791 DEBUG server.RaftServer$Division (RaftServerImpl.java:logAppendEntries(1549)) - s1@group-676CD6864C30: appendEntries* s5->s1#8310-t1,previous=(t:1, i:232),leaderCommit=232,initializing? false,entries: size=1, first=(t:1, i:233), STATEMACHINELOGENTRY, StateMachineLogEntryProto:8296@client-BE1E56DD0B20
2024-10-16 23:57:32,790 DEBUG server.RaftServer$Division (RaftServerImpl.java:logAppendEntries(1549)) - s0@group-676CD6864C30: appendEntries* s5->s0#8309-t1,previous=(t:1, i:232),leaderCommit=232,initializing? false,entries: size=1, first=(t:1, i:233), STATEMACHINELOGENTRY, StateMachineLogEntryProto:8296@client-BE1E56DD0B20
2024-10-16 23:57:32,792 DEBUG server.RaftServer$Division (RaftServerImpl.java:logAppendEntries(1549)) - s1@group-676CD6864C30: appendEntries* reply s5<-s1#8310:OK-t1,SUCCESS,nextIndex=234,followerCommit=232,matchIndex=233
2024-10-16 23:57:32,790 DEBUG server.RaftServer$Division (RaftServerImpl.java:logAppendEntries(1549)) - s4@group-676CD6864C30: appendEntries* reply s5<-s4#8302:OK-t1,SUCCESS,nextIndex=234,followerCommit=231,matchIndex=233
2024-10-16 23:57:32,790 DEBUG server.RaftServer$Division (RaftServerImpl.java:logAppendEntries(1549)) - s6@group-676CD6864C30: appendEntries* s5->s6#8307-t1,previous=(t:1, i:231),leaderCommit=232,initializing? false,entries: size=2, first=(t:1, i:232), METADATAENTRY(c:231)
2024-10-16 23:57:32,790 DEBUG server.RaftServer$Division (RaftServerImpl.java:logAppendEntries(1549)) - s11@group-676CD6864C30: appendEntries* reply s5<-s11#8303:OK-t1,SUCCESS,nextIndex=234,followerCommit=231,matchIndex=233
2024-10-16 23:57:32,790 DEBUG server.RaftServer$Division (RaftServerImpl.java:logAppendEntries(1549)) - s3@group-676CD6864C30: appendEntries* reply s5<-s3#8306:OK-t1,SUCCESS,nextIndex=234,followerCommit=232,matchIndex=233
2024-10-16 23:57:32,790 DEBUG server.RaftServer$Division (RaftServerImpl.java:logAppendEntries(1549)) - s14@group-676CD6864C30: appendEntries* reply s5<-s14#8305:OK-t1,SUCCESS,nextIndex=234,followerCommit=231,matchIndex=233
2024-10-16 23:57:32,789 DEBUG server.RaftServer$Division (RaftServerImpl.java:logAppendEntries(1549)) - s8@group-676CD6864C30: appendEntries* s5->s8#8304-t1,previous=(t:1, i:232),leaderCommit=231,initializing? false,entries: size=1, first=(t:1, i:233), STATEMACHINELOGENTRY, StateMachineLogEntryProto:8296@client-BE1E56DD0B20
2024-10-16 23:57:32,789 DEBUG server.RaftServer$Division (RaftServerImpl.java:logAppendEntries(1549)) - s10@group-676CD6864C30: appendEntries* s5->s10#8301-t1,previous=(t:1, i:232),leaderCommit=231,initializing? false,entries: size=1, first=(t:1, i:233), STATEMACHINELOGENTRY, StateMachineLogEntryProto:8296@client-BE1E56DD0B20
2024-10-16 23:57:32,792 DEBUG server.RaftServer$Division (RaftServerImpl.java:logAppendEntries(1549)) - s6@group-676CD6864C30: appendEntries* reply s5<-s6#8307:OK-t1,SUCCESS,nextIndex=234,followerCommit=232,matchIndex=233
2024-10-16 23:57:32,792 DEBUG server.RaftServer$Division (RaftServerImpl.java:logAppendEntries(1549)) - s9@group-676CD6864C30: appendEntries* s5->s9#8311-t1,previous=(t:1, i:231),leaderCommit=232,initializing? false,entries: size=2, first=(t:1, i:232), METADATAENTRY(c:231)
2024-10-16 23:57:32,792 DEBUG server.RaftServer$Division (RaftServerImpl.java:logAppendEntries(1549)) - s0@group-676CD6864C30: appendEntries* reply s5<-s0#8309:OK-t1,SUCCESS,nextIndex=234,followerCommit=232,matchIndex=233
2024-10-16 23:57:32,791 DEBUG server.RaftServer$Division (RaftServerImpl.java:logAppendEntries(1549)) - s13@group-676CD6864C30: appendEntries* reply s5<-s13#8308:OK-t1,SUCCESS,nextIndex=234,followerCommit=232,matchIndex=233
2024-10-16 23:57:32,791 DEBUG server.RaftServer$Division (RaftServerImpl.java:logAppendEntries(1549)) - s7@group-676CD6864C30: appendEntries* reply s5<-s7#8295:OK-t1,SUCCESS,nextIndex=233,followerCommit=231,matchIndex=232
2024-10-16 23:57:32,793 INFO  statemachine.StateMachine (ArithmeticStateMachine.java:applyTransaction(181)) - LEADER:s5-233: c = √(a^2 + b^2) = 7081
2024-10-16 23:57:32,791 DEBUG server.RaftServer$Division (RaftServerImpl.java:logAppendEntries(1549)) - s2@group-676CD6864C30: appendEntries* reply s5<-s2#8298:OK-t1,SUCCESS,nextIndex=233,followerCommit=231,matchIndex=232
2024-10-16 23:57:32,793 DEBUG server.RaftServer$Division (RaftServerImpl.java:logAppendEntries(1549)) - s10@group-676CD6864C30: appendEntries* reply s5<-s10#8301:OK-t1,SUCCESS,nextIndex=234,followerCommit=231,matchIndex=233
2024-10-16 23:57:32,792 DEBUG server.RaftServer$Division (RaftServerImpl.java:logAppendEntries(1549)) - s8@group-676CD6864C30: appendEntries* reply s5<-s8#8304:OK-t1,SUCCESS,nextIndex=234,followerCommit=231,matchIndex=233
2024-10-16 23:57:32,793 DEBUG server.RaftServer$Division (RaftServerImpl.java:logAppendEntries(1549)) - s11@group-676CD6864C30: appendEntries* s5->s11#8315-t1,previous=(t:1, i:233),leaderCommit=233,initializing? false,entries: size=1, first=(t:1, i:234), METADATAENTRY(c:233)
2024-10-16 23:57:32,793 DEBUG server.RaftServer$Division (RaftServerImpl.java:submitClientRequestAsync(920)) - s5@group-676CD6864C30: receive client request(RaftClientRequest:client-BE1E56DD0B20->s5@group-676CD6864C30, cid=8316, seq=null, RW, Message:01016100)
2024-10-16 23:57:32,794 DEBUG server.RaftServer$Division (RaftServerImpl.java:logAppendEntries(1549)) - s3@group-676CD6864C30: appendEntries* s5->s3#8317-t1,previous=(t:1, i:233),leaderCommit=233,initializing? false,entries: size=1, first=(t:1, i:234), METADATAENTRY(c:233)
2024-10-16 23:57:32,794 DEBUG server.RaftServer$Division (RaftServerImpl.java:logAppendEntries(1549)) - s1@group-676CD6864C30: appendEntries* s5->s1#8321-t1,previous=(t:1, i:233),leaderCommit=233,initializing? false,entries: size=1, first=(t:1, i:234), METADATAENTRY(c:233)
2024-10-16 23:57:32,793 DEBUG server.RaftServer$Division (RaftServerImpl.java:logAppendEntries(1549)) - s14@group-676CD6864C30: appendEntries* s5->s14#8312-t1,previous=(t:1, i:233),leaderCommit=233,initializing? false,entries: size=1, first=(t:1, i:234), METADATAENTRY(c:233)
2024-10-16 23:57:32,794 DEBUG server.RaftServer$Division (RaftServerImpl.java:logAppendEntries(1549)) - s3@group-676CD6864C30: appendEntries* reply s5<-s3#8317:OK-t1,SUCCESS,nextIndex=235,followerCommit=233,matchIndex=234
2024-10-16 23:57:32,794 DEBUG server.RaftServer$Division (RaftServerImpl.java:logAppendEntries(1549)) - s2@group-676CD6864C30: appendEntries* s5->s2#8322-t1,previous=(t:1, i:232),leaderCommit=233,initializing? false,entries: size=2, first=(t:1, i:233), STATEMACHINELOGENTRY, StateMachineLogEntryProto:8296@client-BE1E56DD0B20
2024-10-16 23:57:32,794 DEBUG server.RaftServer$Division (RaftServerImpl.java:logAppendEntries(1549)) - s14@group-676CD6864C30: appendEntries* reply s5<-s14#8312:OK-t1,SUCCESS,nextIndex=235,followerCommit=233,matchIndex=234
2024-10-16 23:57:32,794 DEBUG server.RaftServer$Division (RaftServerImpl.java:logAppendEntries(1549)) - s13@group-676CD6864C30: appendEntries* s5->s13#8313-t1,previous=(t:1, i:233),leaderCommit=233,initializing? false,entries: size=1, first=(t:1, i:234), METADATAENTRY(c:233)
2024-10-16 23:57:32,795 DEBUG server.RaftServer$Division (RaftServerImpl.java:logAppendEntries(1549)) - s4@group-676CD6864C30: appendEntries* s5->s4#8320-t1,previous=(t:1, i:233),leaderCommit=233,initializing? false,entries: size=1, first=(t:1, i:234), METADATAENTRY(c:233)
2024-10-16 23:57:32,795 DEBUG server.RaftServer$Division (RaftServerImpl.java:logAppendEntries(1549)) - s3@group-676CD6864C30: appendEntries* s5->s3#8326-t1,previous=(t:1, i:234),leaderCommit=233,initializing? false,entries: size=1, first=(t:1, i:235), STATEMACHINELOGENTRY, StateMachineLogEntryProto:8316@client-BE1E56DD0B20
2024-10-16 23:57:32,794 DEBUG server.RaftServer$Division (LeaderStateImpl.java:addPendingRequest(529)) - s5@group-676CD6864C30-LeaderStateImpl: addPendingRequest at RaftClientRequest:client-BE1E56DD0B20->s5@group-676CD6864C30, cid=8316, seq=null, RW, Message:01016100, entry=(t:1, i:235), STATEMACHINELOGENTRY, WRITE: logData.size=4, stateMachineData.size=0, logEntryProtoSerializedSize=0
2024-10-16 23:57:32,794 DEBUG server.RaftServer$Division (RaftServerImpl.java:logAppendEntries(1549)) - s8@group-676CD6864C30: appendEntries* s5->s8#8319-t1,previous=(t:1, i:233),leaderCommit=233,initializing? false,entries: size=1, first=(t:1, i:234), METADATAENTRY(c:233)
2024-10-16 23:57:32,794 DEBUG server.RaftServer$Division (RaftServerImpl.java:logAppendEntries(1549)) - s0@group-676CD6864C30: appendEntries* s5->s0#8318-t1,previous=(t:1, i:233),leaderCommit=233,initializing? false,entries: size=1, first=(t:1, i:234), METADATAENTRY(c:233)
2024-10-16 23:57:32,795 DEBUG server.RaftServer$Division (RaftServerImpl.java:logAppendEntries(1549)) - s3@group-676CD6864C30: appendEntries* reply s5<-s3#8326:OK-t1,SUCCESS,nextIndex=236,followerCommit=233,matchIndex=235
2024-10-16 23:57:32,795 DEBUG server.RaftServer$Division (RaftServerImpl.java:logAppendEntries(1549)) - s13@group-676CD6864C30: appendEntries* reply s5<-s13#8313:OK-t1,SUCCESS,nextIndex=235,followerCommit=233,matchIndex=234
2024-10-16 23:57:32,795 DEBUG server.RaftServer$Division (RaftServerImpl.java:logAppendEntries(1549)) - s4@group-676CD6864C30: appendEntries* reply s5<-s4#8320:OK-t1,SUCCESS,nextIndex=235,followerCommit=233,matchIndex=234
2024-10-16 23:57:32,795 DEBUG server.RaftServer$Division (RaftServerImpl.java:logAppendEntries(1549)) - s14@group-676CD6864C30: appendEntries* s5->s14#8327-t1,previous=(t:1, i:234),leaderCommit=233,initializing? false,entries: size=1, first=(t:1, i:235), STATEMACHINELOGENTRY, StateMachineLogEntryProto:8316@client-BE1E56DD0B20
2024-10-16 23:57:32,796 DEBUG server.RaftServer$Division (RaftServerImpl.java:logAppendEntries(1549)) - s0@group-676CD6864C30: appendEntries* reply s5<-s0#8318:OK-t1,SUCCESS,nextIndex=235,followerCommit=233,matchIndex=234
2024-10-16 23:57:32,795 DEBUG server.RaftServer$Division (RaftServerImpl.java:logAppendEntries(1549)) - s2@group-676CD6864C30: appendEntries* reply s5<-s2#8322:OK-t1,SUCCESS,nextIndex=235,followerCommit=233,matchIndex=234
2024-10-16 23:57:32,796 DEBUG server.RaftServer$Division (RaftServerImpl.java:logAppendEntries(1549)) - s14@group-676CD6864C30: appendEntries* reply s5<-s14#8327:OK-t1,SUCCESS,nextIndex=236,followerCommit=233,matchIndex=235
2024-10-16 23:57:32,796 DEBUG server.RaftServer$Division (RaftServerImpl.java:logAppendEntries(1549)) - s4@group-676CD6864C30: appendEntries* s5->s4#8329-t1,previous=(t:1, i:234),leaderCommit=233,initializing? false,entries: size=1, first=(t:1, i:235), STATEMACHINELOGENTRY, StateMachineLogEntryProto:8316@client-BE1E56DD0B20
2024-10-16 23:57:32,796 DEBUG server.RaftServer$Division (RaftServerImpl.java:logAppendEntries(1549)) - s13@group-676CD6864C30: appendEntries* s5->s13#8328-t1,previous=(t:1, i:234),leaderCommit=233,initializing? false,entries: size=1, first=(t:1, i:235), STATEMACHINELOGENTRY, StateMachineLogEntryProto:8316@client-BE1E56DD0B20
2024-10-16 23:57:32,795 DEBUG server.RaftServer$Division (RaftServerImpl.java:logAppendEntries(1549)) - s12@group-676CD6864C30: appendEntries* s5->s12#8323-t1,previous=(t:1, i:233),leaderCommit=233,initializing? false,entries: size=1, first=(t:1, i:234), METADATAENTRY(c:233)
2024-10-16 23:57:32,797 DEBUG server.RaftServer$Division (RaftServerImpl.java:logAppendEntries(1549)) - s9@group-676CD6864C30: appendEntries* reply s5<-s9#8311:OK-t1,SUCCESS,nextIndex=234,followerCommit=232,matchIndex=233
2024-10-16 23:57:32,797 DEBUG server.RaftServer$Division (RaftServerImpl.java:logAppendEntries(1549)) - s12@group-676CD6864C30: appendEntries* reply s5<-s12#8323:OK-t1,SUCCESS,nextIndex=235,followerCommit=233,matchIndex=234
2024-10-16 23:57:32,798 DEBUG server.RaftServer$Division (RaftServerImpl.java:logAppendEntries(1549)) - s12@group-676CD6864C30: appendEntries* s5->s12#8333-t1,previous=(t:1, i:234),leaderCommit=234,initializing? false,entries: size=1, first=(t:1, i:235), STATEMACHINELOGENTRY, StateMachineLogEntryProto:8316@client-BE1E56DD0B20
2024-10-16 23:57:32,798 DEBUG server.RaftServer$Division (RaftServerImpl.java:logAppendEntries(1549)) - s12@group-676CD6864C30: appendEntries* reply s5<-s12#8333:OK-t1,SUCCESS,nextIndex=236,followerCommit=234,matchIndex=235
2024-10-16 23:57:32,795 DEBUG server.RaftServer$Division (RaftServerImpl.java:logAppendEntries(1549)) - s7@group-676CD6864C30: appendEntries* s5->s7#8325-t1,previous=(t:1, i:232),leaderCommit=233,initializing? false,entries: size=3, first=(t:1, i:233), STATEMACHINELOGENTRY, StateMachineLogEntryProto:8296@client-BE1E56DD0B20
2024-10-16 23:57:32,795 DEBUG server.RaftServer$Division (RaftServerImpl.java:logAppendEntries(1549)) - s6@group-676CD6864C30: appendEntries* s5->s6#8314-t1,previous=(t:1, i:233),leaderCommit=233,initializing? false,entries: size=1, first=(t:1, i:234), METADATAENTRY(c:233)
2024-10-16 23:57:32,794 DEBUG server.RaftServer$Division (RaftServerImpl.java:logAppendEntries(1549)) - s10@group-676CD6864C30: appendEntries* s5->s10#8324-t1,previous=(t:1, i:233),leaderCommit=233,initializing? false,entries: size=2, first=(t:1, i:234), METADATAENTRY(c:233)
2024-10-16 23:57:32,794 DEBUG server.RaftServer$Division (RaftServerImpl.java:logAppendEntries(1549)) - s11@group-676CD6864C30: appendEntries* reply s5<-s11#8315:OK-t1,SUCCESS,nextIndex=235,followerCommit=233,matchIndex=234
2024-10-16 23:57:32,794 DEBUG server.RaftServer$Division (RaftServerImpl.java:logAppendEntries(1549)) - s1@group-676CD6864C30: appendEntries* reply s5<-s1#8321:OK-t1,SUCCESS,nextIndex=235,followerCommit=233,matchIndex=234
2024-10-16 23:57:32,801 DEBUG server.RaftServer$Division (RaftServerImpl.java:logAppendEntries(1549)) - s6@group-676CD6864C30: appendEntries* reply s5<-s6#8314:OK-t1,SUCCESS,nextIndex=235,followerCommit=233,matchIndex=234
2024-10-16 23:57:32,801 DEBUG server.RaftServer$Division (RaftServerImpl.java:logAppendEntries(1549)) - s7@group-676CD6864C30: appendEntries* reply s5<-s7#8325:OK-t1,SUCCESS,nextIndex=236,followerCommit=233,matchIndex=235
2024-10-16 23:57:32,802 DEBUG server.RaftServer$Division (RaftServerImpl.java:logAppendEntries(1549)) - s10@group-676CD6864C30: appendEntries* reply s5<-s10#8324:OK-t1,SUCCESS,nextIndex=236,followerCommit=233,matchIndex=235
2024-10-16 23:57:32,797 DEBUG server.RaftServer$Division (RaftServerImpl.java:logAppendEntries(1549)) - s9@group-676CD6864C30: appendEntries* s5->s9#8332-t1,previous=(t:1, i:233),leaderCommit=233,initializing? false,entries: size=2, first=(t:1, i:234), METADATAENTRY(c:233)
2024-10-16 23:57:32,797 DEBUG server.RaftServer$Division (RaftServerImpl.java:logAppendEntries(1549)) - s13@group-676CD6864C30: appendEntries* reply s5<-s13#8328:OK-t1,SUCCESS,nextIndex=236,followerCommit=233,matchIndex=235
2024-10-16 23:57:32,797 DEBUG server.RaftServer$Division (RaftServerImpl.java:logAppendEntries(1549)) - s2@group-676CD6864C30: appendEntries* s5->s2#8331-t1,previous=(t:1, i:234),leaderCommit=233,initializing? false,entries: size=1, first=(t:1, i:235), STATEMACHINELOGENTRY, StateMachineLogEntryProto:8316@client-BE1E56DD0B20
2024-10-16 23:57:32,802 DEBUG server.RaftServer$Division (RaftServerImpl.java:logAppendEntries(1549)) - s11@group-676CD6864C30: appendEntries* s5->s11#8335-t1,previous=(t:1, i:234),leaderCommit=234,initializing? false,entries: size=1, first=(t:1, i:235), STATEMACHINELOGENTRY, StateMachineLogEntryProto:8316@client-BE1E56DD0B20
2024-10-16 23:57:32,797 DEBUG server.RaftServer$Division (RaftServerImpl.java:logAppendEntries(1549)) - s4@group-676CD6864C30: appendEntries* reply s5<-s4#8329:OK-t1,SUCCESS,nextIndex=236,followerCommit=233,matchIndex=235
2024-10-16 23:57:32,796 DEBUG server.RaftServer$Division (RaftServerImpl.java:logAppendEntries(1549)) - s0@group-676CD6864C30: appendEntries* s5->s0#8330-t1,previous=(t:1, i:234),leaderCommit=233,initializing? false,entries: size=1, first=(t:1, i:235), STATEMACHINELOGENTRY, StateMachineLogEntryProto:8316@client-BE1E56DD0B20
2024-10-16 23:57:32,796 DEBUG server.RaftServer$Division (RaftServerImpl.java:logAppendEntries(1549)) - s8@group-676CD6864C30: appendEntries* reply s5<-s8#8319:OK-t1,SUCCESS,nextIndex=235,followerCommit=233,matchIndex=234
2024-10-16 23:57:32,802 DEBUG server.RaftServer$Division (RaftServerImpl.java:logAppendEntries(1549)) - s11@group-676CD6864C30: appendEntries* reply s5<-s11#8335:OK-t1,SUCCESS,nextIndex=236,followerCommit=234,matchIndex=235
2024-10-16 23:57:32,802 INFO  statemachine.StateMachine (ArithmeticStateMachine.java:applyTransaction(181)) - LEADER:s5-235: a = null = null
2024-10-16 23:57:32,803 DEBUG server.RaftServer$Division (RaftServerImpl.java:logAppendEntries(1549)) - s13@group-676CD6864C30: appendEntries* s5->s13#8338-t1,previous=(t:1, i:235),leaderCommit=235,initializing? false,entries: size=1, first=(t:1, i:236), METADATAENTRY(c:235)
2024-10-16 23:57:32,803 DEBUG server.RaftServer$Division (RaftServerImpl.java:logAppendEntries(1549)) - s2@group-676CD6864C30: appendEntries* reply s5<-s2#8331:OK-t1,SUCCESS,nextIndex=236,followerCommit=233,matchIndex=235
2024-10-16 23:57:32,803 DEBUG server.RaftServer$Division (RaftServerImpl.java:logAppendEntries(1549)) - s14@group-676CD6864C30: appendEntries* s5->s14#8342-t1,previous=(t:1, i:235),leaderCommit=235,initializing? false,entries: size=1, first=(t:1, i:236), METADATAENTRY(c:235)
2024-10-16 23:57:32,803 DEBUG server.RaftServer$Division (RaftServerImpl.java:submitClientRequestAsync(920)) - s5@group-676CD6864C30: receive client request(RaftClientRequest:client-BE1E56DD0B20->s5@group-676CD6864C30, cid=8344, seq=null, RW, Message:01016200)
2024-10-16 23:57:32,803 DEBUG server.RaftServer$Division (RaftServerImpl.java:logAppendEntries(1549)) - s4@group-676CD6864C30: appendEntries* s5->s4#8337-t1,previous=(t:1, i:235),leaderCommit=235,initializing? false,entries: size=1, first=(t:1, i:236), METADATAENTRY(c:235)
2024-10-16 23:57:32,803 DEBUG server.RaftServer$Division (RaftServerImpl.java:logAppendEntries(1549)) - s2@group-676CD6864C30: appendEntries* s5->s2#8346-t1,previous=(t:1, i:235),leaderCommit=235,initializing? false,entries: size=1, first=(t:1, i:236), METADATAENTRY(c:235)
2024-10-16 23:57:32,802 DEBUG server.RaftServer$Division (RaftServerImpl.java:logAppendEntries(1549)) - s1@group-676CD6864C30: appendEntries* s5->s1#8334-t1,previous=(t:1, i:234),leaderCommit=234,initializing? false,entries: size=1, first=(t:1, i:235), STATEMACHINELOGENTRY, StateMachineLogEntryProto:8316@client-BE1E56DD0B20
2024-10-16 23:57:32,804 DEBUG server.RaftServer$Division (RaftServerImpl.java:logAppendEntries(1549)) - s12@group-676CD6864C30: appendEntries* s5->s12#8341-t1,previous=(t:1, i:235),leaderCommit=235,initializing? false,entries: size=1, first=(t:1, i:236), METADATAENTRY(c:235)
2024-10-16 23:57:32,803 DEBUG server.RaftServer$Division (RaftServerImpl.java:logAppendEntries(1549)) - s3@group-676CD6864C30: appendEntries* s5->s3#8345-t1,previous=(t:1, i:235),leaderCommit=235,initializing? false,entries: size=1, first=(t:1, i:236), METADATAENTRY(c:235)
2024-10-16 23:57:32,804 DEBUG server.RaftServer$Division (RaftServerImpl.java:logAppendEntries(1549)) - s11@group-676CD6864C30: appendEntries* s5->s11#8347-t1,previous=(t:1, i:235),leaderCommit=235,initializing? false,entries: size=2, first=(t:1, i:236), METADATAENTRY(c:235)
2024-10-16 23:57:32,803 DEBUG server.RaftServer$Division (RaftServerImpl.java:logAppendEntries(1549)) - s14@group-676CD6864C30: appendEntries* reply s5<-s14#8342:OK-t1,SUCCESS,nextIndex=237,followerCommit=235,matchIndex=236
2024-10-16 23:57:32,803 DEBUG server.RaftServer$Division (LeaderStateImpl.java:addPendingRequest(529)) - s5@group-676CD6864C30-LeaderStateImpl: addPendingRequest at RaftClientRequest:client-BE1E56DD0B20->s5@group-676CD6864C30, cid=8344, seq=null, RW, Message:01016200, entry=(t:1, i:237), STATEMACHINELOGENTRY, WRITE: logData.size=4, stateMachineData.size=0, logEntryProtoSerializedSize=0
2024-10-16 23:57:32,803 DEBUG server.RaftServer$Division (RaftServerImpl.java:logAppendEntries(1549)) - s13@group-676CD6864C30: appendEntries* reply s5<-s13#8338:OK-t1,SUCCESS,nextIndex=237,followerCommit=235,matchIndex=236
2024-10-16 23:57:32,803 DEBUG server.RaftServer$Division (RaftServerImpl.java:logAppendEntries(1549)) - s0@group-676CD6864C30: appendEntries* reply s5<-s0#8330:OK-t1,SUCCESS,nextIndex=236,followerCommit=233,matchIndex=235
2024-10-16 23:57:32,804 DEBUG server.RaftServer$Division (RaftServerImpl.java:logAppendEntries(1549)) - s1@group-676CD6864C30: appendEntries* reply s5<-s1#8334:OK-t1,SUCCESS,nextIndex=236,followerCommit=234,matchIndex=235
2024-10-16 23:57:32,803 DEBUG server.RaftServer$Division (RaftServerImpl.java:logAppendEntries(1549)) - s8@group-676CD6864C30: appendEntries* s5->s8#8343-t1,previous=(t:1, i:234),leaderCommit=235,initializing? false,entries: size=2, first=(t:1, i:235), STATEMACHINELOGENTRY, StateMachineLogEntryProto:8316@client-BE1E56DD0B20
2024-10-16 23:57:32,804 DEBUG server.RaftServer$Division (RaftServerImpl.java:logAppendEntries(1549)) - s11@group-676CD6864C30: appendEntries* reply s5<-s11#8347:OK-t1,SUCCESS,nextIndex=238,followerCommit=235,matchIndex=237
2024-10-16 23:57:32,804 DEBUG server.RaftServer$Division (RaftServerImpl.java:logAppendEntries(1549)) - s12@group-676CD6864C30: appendEntries* reply s5<-s12#8341:OK-t1,SUCCESS,nextIndex=237,followerCommit=235,matchIndex=236
2024-10-16 23:57:32,805 DEBUG server.RaftServer$Division (RaftServerImpl.java:logAppendEntries(1549)) - s13@group-676CD6864C30: appendEntries* s5->s13#8349-t1,previous=(t:1, i:236),leaderCommit=235,initializing? false,entries: size=1, first=(t:1, i:237), STATEMACHINELOGENTRY, StateMachineLogEntryProto:8344@client-BE1E56DD0B20
2024-10-16 23:57:32,805 DEBUG server.RaftServer$Division (RaftServerImpl.java:logAppendEntries(1549)) - s14@group-676CD6864C30: appendEntries* s5->s14#8348-t1,previous=(t:1, i:236),leaderCommit=235,initializing? false,entries: size=1, first=(t:1, i:237), STATEMACHINELOGENTRY, StateMachineLogEntryProto:8344@client-BE1E56DD0B20
2024-10-16 23:57:32,804 DEBUG server.RaftServer$Division (RaftServerImpl.java:logAppendEntries(1549)) - s3@group-676CD6864C30: appendEntries* reply s5<-s3#8345:OK-t1,SUCCESS,nextIndex=237,followerCommit=235,matchIndex=236
2024-10-16 23:57:32,805 DEBUG server.RaftServer$Division (RaftServerImpl.java:logAppendEntries(1549)) - s13@group-676CD6864C30: appendEntries* reply s5<-s13#8349:OK-t1,SUCCESS,nextIndex=238,followerCommit=235,matchIndex=237
2024-10-16 23:57:32,805 DEBUG server.RaftServer$Division (RaftServerImpl.java:logAppendEntries(1549)) - s12@group-676CD6864C30: appendEntries* s5->s12#8351-t1,previous=(t:1, i:236),leaderCommit=235,initializing? false,entries: size=1, first=(t:1, i:237), STATEMACHINELOGENTRY, StateMachineLogEntryProto:8344@client-BE1E56DD0B20
2024-10-16 23:57:32,805 DEBUG server.RaftServer$Division (RaftServerImpl.java:logAppendEntries(1549)) - s6@group-676CD6864C30: appendEntries* s5->s6#8336-t1,previous=(t:1, i:234),leaderCommit=234,initializing? false,entries: size=1, first=(t:1, i:235), STATEMACHINELOGENTRY, StateMachineLogEntryProto:8316@client-BE1E56DD0B20
2024-10-16 23:57:32,804 DEBUG server.RaftServer$Division (RaftServerImpl.java:logAppendEntries(1549)) - s10@group-676CD6864C30: appendEntries* s5->s10#8339-t1,previous=(t:1, i:235),leaderCommit=235,initializing? false,entries: size=1, first=(t:1, i:236), METADATAENTRY(c:235)
2024-10-16 23:57:32,806 DEBUG server.RaftServer$Division (RaftServerImpl.java:logAppendEntries(1549)) - s3@group-676CD6864C30: appendEntries* s5->s3#8353-t1,previous=(t:1, i:236),leaderCommit=235,initializing? false,entries: size=1, first=(t:1, i:237), STATEMACHINELOGENTRY, StateMachineLogEntryProto:8344@client-BE1E56DD0B20
2024-10-16 23:57:32,806 DEBUG server.RaftServer$Division (RaftServerImpl.java:logAppendEntries(1549)) - s10@group-676CD6864C30: appendEntries* reply s5<-s10#8339:OK-t1,SUCCESS,nextIndex=237,followerCommit=235,matchIndex=236
2024-10-16 23:57:32,806 DEBUG server.RaftServer$Division (RaftServerImpl.java:logAppendEntries(1549)) - s3@group-676CD6864C30: appendEntries* reply s5<-s3#8353:OK-t1,SUCCESS,nextIndex=238,followerCommit=235,matchIndex=237
2024-10-16 23:57:32,804 DEBUG server.RaftServer$Division (RaftServerImpl.java:logAppendEntries(1549)) - s7@group-676CD6864C30: appendEntries* s5->s7#8340-t1,previous=(t:1, i:235),leaderCommit=235,initializing? false,entries: size=1, first=(t:1, i:236), METADATAENTRY(c:235)
2024-10-16 23:57:32,804 DEBUG server.RaftServer$Division (RaftServerImpl.java:logAppendEntries(1549)) - s2@group-676CD6864C30: appendEntries* reply s5<-s2#8346:OK-t1,SUCCESS,nextIndex=237,followerCommit=235,matchIndex=236
2024-10-16 23:57:32,804 DEBUG server.RaftServer$Division (RaftServerImpl.java:logAppendEntries(1549)) - s4@group-676CD6864C30: appendEntries* reply s5<-s4#8337:OK-t1,SUCCESS,nextIndex=237,followerCommit=235,matchIndex=236
2024-10-16 23:57:32,806 DEBUG server.RaftServer$Division (RaftServerImpl.java:logAppendEntries(1549)) - s10@group-676CD6864C30: appendEntries* s5->s10#8354-t1,previous=(t:1, i:236),leaderCommit=235,initializing? false,entries: size=1, first=(t:1, i:237), STATEMACHINELOGENTRY, StateMachineLogEntryProto:8344@client-BE1E56DD0B20
2024-10-16 23:57:32,806 DEBUG server.RaftServer$Division (RaftServerImpl.java:logAppendEntries(1549)) - s12@group-676CD6864C30: appendEntries* reply s5<-s12#8351:OK-t1,SUCCESS,nextIndex=238,followerCommit=235,matchIndex=237
2024-10-16 23:57:32,805 DEBUG server.RaftServer$Division (RaftServerImpl.java:logAppendEntries(1549)) - s14@group-676CD6864C30: appendEntries* reply s5<-s14#8348:OK-t1,SUCCESS,nextIndex=238,followerCommit=235,matchIndex=237
2024-10-16 23:57:32,805 DEBUG server.RaftServer$Division (RaftServerImpl.java:logAppendEntries(1549)) - s1@group-676CD6864C30: appendEntries* s5->s1#8352-t1,previous=(t:1, i:235),leaderCommit=235,initializing? false,entries: size=2, first=(t:1, i:236), METADATAENTRY(c:235)
2024-10-16 23:57:32,807 DEBUG server.RaftServer$Division (RaftServerImpl.java:logAppendEntries(1549)) - s4@group-676CD6864C30: appendEntries* s5->s4#8356-t1,previous=(t:1, i:236),leaderCommit=236,initializing? false,entries: size=1, first=(t:1, i:237), STATEMACHINELOGENTRY, StateMachineLogEntryProto:8344@client-BE1E56DD0B20
2024-10-16 23:57:32,805 DEBUG server.RaftServer$Division (RaftServerImpl.java:logAppendEntries(1549)) - s0@group-676CD6864C30: appendEntries* s5->s0#8350-t1,previous=(t:1, i:235),leaderCommit=235,initializing? false,entries: size=2, first=(t:1, i:236), METADATAENTRY(c:235)
2024-10-16 23:57:32,805 DEBUG server.RaftServer$Division (RaftServerImpl.java:logAppendEntries(1549)) - s8@group-676CD6864C30: appendEntries* reply s5<-s8#8343:OK-t1,SUCCESS,nextIndex=237,followerCommit=235,matchIndex=236
2024-10-16 23:57:32,807 DEBUG server.RaftServer$Division (RaftServerImpl.java:logAppendEntries(1549)) - s7@group-676CD6864C30: appendEntries* reply s5<-s7#8340:OK-t1,SUCCESS,nextIndex=237,followerCommit=235,matchIndex=236
2024-10-16 23:57:32,807 DEBUG server.RaftServer$Division (RaftServerImpl.java:logAppendEntries(1549)) - s4@group-676CD6864C30: appendEntries* reply s5<-s4#8356:OK-t1,SUCCESS,nextIndex=238,followerCommit=236,matchIndex=237
2024-10-16 23:57:32,807 DEBUG server.RaftServer$Division (RaftServerImpl.java:logAppendEntries(1549)) - s1@group-676CD6864C30: appendEntries* reply s5<-s1#8352:OK-t1,SUCCESS,nextIndex=238,followerCommit=235,matchIndex=237
2024-10-16 23:57:32,807 DEBUG server.RaftServer$Division (RaftServerImpl.java:logAppendEntries(1549)) - s9@group-676CD6864C30: appendEntries* reply s5<-s9#8332:OK-t1,SUCCESS,nextIndex=236,followerCommit=233,matchIndex=235
2024-10-16 23:57:32,808 DEBUG server.RaftServer$Division (RaftServerImpl.java:logAppendEntries(1549)) - s0@group-676CD6864C30: appendEntries* reply s5<-s0#8350:OK-t1,SUCCESS,nextIndex=238,followerCommit=235,matchIndex=237
2024-10-16 23:57:32,807 DEBUG server.RaftServer$Division (RaftServerImpl.java:logAppendEntries(1549)) - s2@group-676CD6864C30: appendEntries* s5->s2#8355-t1,previous=(t:1, i:236),leaderCommit=236,initializing? false,entries: size=1, first=(t:1, i:237), STATEMACHINELOGENTRY, StateMachineLogEntryProto:8344@client-BE1E56DD0B20
2024-10-16 23:57:32,808 DEBUG server.RaftServer$Division (RaftServerImpl.java:logAppendEntries(1549)) - s8@group-676CD6864C30: appendEntries* s5->s8#8357-t1,previous=(t:1, i:236),leaderCommit=236,initializing? false,entries: size=1, first=(t:1, i:237), STATEMACHINELOGENTRY, StateMachineLogEntryProto:8344@client-BE1E56DD0B20
2024-10-16 23:57:32,807 DEBUG server.RaftServer$Division (RaftServerImpl.java:logAppendEntries(1549)) - s6@group-676CD6864C30: appendEntries* reply s5<-s6#8336:OK-t1,SUCCESS,nextIndex=236,followerCommit=234,matchIndex=235
2024-10-16 23:57:32,808 INFO  statemachine.StateMachine (ArithmeticStateMachine.java:applyTransaction(181)) - LEADER:s5-237: b = null = null
2024-10-16 23:57:32,808 DEBUG server.RaftServer$Division (RaftServerImpl.java:logAppendEntries(1549)) - s13@group-676CD6864C30: appendEntries* s5->s13#8361-t1,previous=(t:1, i:237),leaderCommit=237,initializing? false,entries: size=1, first=(t:1, i:238), METADATAENTRY(c:237)
2024-10-16 23:57:32,808 DEBUG server.RaftServer$Division (RaftServerImpl.java:logAppendEntries(1549)) - s2@group-676CD6864C30: appendEntries* reply s5<-s2#8355:OK-t1,SUCCESS,nextIndex=238,followerCommit=236,matchIndex=237
2024-10-16 23:57:32,808 DEBUG server.RaftServer$Division (RaftServerImpl.java:submitClientRequestAsync(920)) - s5@group-676CD6864C30: receive client request(RaftClientRequest:client-BE1E56DD0B20->s5@group-676CD6864C30, cid=8365, seq=null, RW, Message:01016300)
2024-10-16 23:57:32,809 DEBUG server.RaftServer$Division (LeaderStateImpl.java:addPendingRequest(529)) - s5@group-676CD6864C30-LeaderStateImpl: addPendingRequest at RaftClientRequest:client-BE1E56DD0B20->s5@group-676CD6864C30, cid=8365, seq=null, RW, Message:01016300, entry=(t:1, i:239), STATEMACHINELOGENTRY, WRITE: logData.size=4, stateMachineData.size=0, logEntryProtoSerializedSize=0
2024-10-16 23:57:32,809 DEBUG server.RaftServer$Division (RaftServerImpl.java:logAppendEntries(1549)) - s8@group-676CD6864C30: appendEntries* reply s5<-s8#8357:OK-t1,SUCCESS,nextIndex=238,followerCommit=236,matchIndex=237
2024-10-16 23:57:32,808 DEBUG server.RaftServer$Division (RaftServerImpl.java:logAppendEntries(1549)) - s11@group-676CD6864C30: appendEntries* s5->s11#8360-t1,previous=(t:1, i:237),leaderCommit=237,initializing? false,entries: size=1, first=(t:1, i:238), METADATAENTRY(c:237)
2024-10-16 23:57:32,809 DEBUG server.RaftServer$Division (RaftServerImpl.java:logAppendEntries(1549)) - s13@group-676CD6864C30: appendEntries* reply s5<-s13#8361:OK-t1,SUCCESS,nextIndex=239,followerCommit=237,matchIndex=238
2024-10-16 23:57:32,809 DEBUG server.RaftServer$Division (RaftServerImpl.java:logAppendEntries(1549)) - s3@group-676CD6864C30: appendEntries* s5->s3#8363-t1,previous=(t:1, i:237),leaderCommit=237,initializing? false,entries: size=1, first=(t:1, i:238), METADATAENTRY(c:237)
2024-10-16 23:57:32,809 DEBUG server.RaftServer$Division (RaftServerImpl.java:logAppendEntries(1549)) - s8@group-676CD6864C30: appendEntries* s5->s8#8370-t1,previous=(t:1, i:237),leaderCommit=237,initializing? false,entries: size=2, first=(t:1, i:238), METADATAENTRY(c:237)
2024-10-16 23:57:32,809 DEBUG server.RaftServer$Division (RaftServerImpl.java:logAppendEntries(1549)) - s1@group-676CD6864C30: appendEntries* s5->s1#8364-t1,previous=(t:1, i:237),leaderCommit=237,initializing? false,entries: size=1, first=(t:1, i:238), METADATAENTRY(c:237)
2024-10-16 23:57:32,809 DEBUG server.RaftServer$Division (RaftServerImpl.java:logAppendEntries(1549)) - s14@group-676CD6864C30: appendEntries* s5->s14#8362-t1,previous=(t:1, i:237),leaderCommit=237,initializing? false,entries: size=1, first=(t:1, i:238), METADATAENTRY(c:237)
2024-10-16 23:57:32,810 DEBUG server.RaftServer$Division (RaftServerImpl.java:logAppendEntries(1549)) - s3@group-676CD6864C30: appendEntries* reply s5<-s3#8363:OK-t1,SUCCESS,nextIndex=239,followerCommit=237,matchIndex=238
2024-10-16 23:57:32,810 DEBUG server.RaftServer$Division (RaftServerImpl.java:logAppendEntries(1549)) - s11@group-676CD6864C30: appendEntries* reply s5<-s11#8360:OK-t1,SUCCESS,nextIndex=239,followerCommit=237,matchIndex=238
2024-10-16 23:57:32,809 DEBUG server.RaftServer$Division (RaftServerImpl.java:logAppendEntries(1549)) - s0@group-676CD6864C30: appendEntries* s5->s0#8368-t1,previous=(t:1, i:237),leaderCommit=237,initializing? false,entries: size=2, first=(t:1, i:238), METADATAENTRY(c:237)
2024-10-16 23:57:32,810 DEBUG server.RaftServer$Division (RaftServerImpl.java:logAppendEntries(1549)) - s12@group-676CD6864C30: appendEntries* s5->s12#8367-t1,previous=(t:1, i:237),leaderCommit=237,initializing? false,entries: size=1, first=(t:1, i:238), METADATAENTRY(c:237)
2024-10-16 23:57:32,810 DEBUG server.RaftServer$Division (RaftServerImpl.java:logAppendEntries(1549)) - s13@group-676CD6864C30: appendEntries* s5->s13#8371-t1,previous=(t:1, i:238),leaderCommit=237,initializing? false,entries: size=1, first=(t:1, i:239), STATEMACHINELOGENTRY, StateMachineLogEntryProto:8365@client-BE1E56DD0B20
2024-10-16 23:57:32,810 DEBUG server.RaftServer$Division (RaftServerImpl.java:logAppendEntries(1549)) - s1@group-676CD6864C30: appendEntries* reply s5<-s1#8364:OK-t1,SUCCESS,nextIndex=239,followerCommit=237,matchIndex=238
2024-10-16 23:57:32,809 DEBUG server.RaftServer$Division (RaftServerImpl.java:logAppendEntries(1549)) - s4@group-676CD6864C30: appendEntries* s5->s4#8366-t1,previous=(t:1, i:237),leaderCommit=237,initializing? false,entries: size=1, first=(t:1, i:238), METADATAENTRY(c:237)
2024-10-16 23:57:32,811 DEBUG server.RaftServer$Division (RaftServerImpl.java:logAppendEntries(1549)) - s11@group-676CD6864C30: appendEntries* s5->s11#8372-t1,previous=(t:1, i:238),leaderCommit=237,initializing? false,entries: size=1, first=(t:1, i:239), STATEMACHINELOGENTRY, StateMachineLogEntryProto:8365@client-BE1E56DD0B20
2024-10-16 23:57:32,811 DEBUG server.RaftServer$Division (RaftServerImpl.java:logAppendEntries(1549)) - s13@group-676CD6864C30: appendEntries* reply s5<-s13#8371:OK-t1,SUCCESS,nextIndex=240,followerCommit=237,matchIndex=239
2024-10-16 23:57:32,811 DEBUG server.RaftServer$Division (RaftServerImpl.java:logAppendEntries(1549)) - s1@group-676CD6864C30: appendEntries* s5->s1#8373-t1,previous=(t:1, i:238),leaderCommit=237,initializing? false,entries: size=1, first=(t:1, i:239), STATEMACHINELOGENTRY, StateMachineLogEntryProto:8365@client-BE1E56DD0B20
2024-10-16 23:57:32,810 DEBUG server.RaftServer$Division (RaftServerImpl.java:logAppendEntries(1549)) - s0@group-676CD6864C30: appendEntries* reply s5<-s0#8368:OK-t1,SUCCESS,nextIndex=240,followerCommit=237,matchIndex=239
2024-10-16 23:57:32,810 DEBUG server.RaftServer$Division (RaftServerImpl.java:logAppendEntries(1549)) - s10@group-676CD6864C30: appendEntries* reply s5<-s10#8354:OK-t1,SUCCESS,nextIndex=238,followerCommit=235,matchIndex=237
2024-10-16 23:57:32,810 DEBUG server.RaftServer$Division (RaftServerImpl.java:logAppendEntries(1549)) - s12@group-676CD6864C30: appendEntries* reply s5<-s12#8367:OK-t1,SUCCESS,nextIndex=239,followerCommit=237,matchIndex=238
2024-10-16 23:57:32,810 DEBUG server.RaftServer$Division (RaftServerImpl.java:logAppendEntries(1549)) - s14@group-676CD6864C30: appendEntries* reply s5<-s14#8362:OK-t1,SUCCESS,nextIndex=239,followerCommit=237,matchIndex=238
2024-10-16 23:57:32,810 DEBUG server.RaftServer$Division (RaftServerImpl.java:logAppendEntries(1549)) - s8@group-676CD6864C30: appendEntries* reply s5<-s8#8370:OK-t1,SUCCESS,nextIndex=240,followerCommit=237,matchIndex=239
2024-10-16 23:57:32,811 DEBUG server.RaftServer$Division (RaftServerImpl.java:logAppendEntries(1549)) - s9@group-676CD6864C30: appendEntries* s5->s9#8359-t1,previous=(t:1, i:235),leaderCommit=237,initializing? false,entries: size=3, first=(t:1, i:236), METADATAENTRY(c:235)
2024-10-16 23:57:32,810 DEBUG server.RaftServer$Division (RaftServerImpl.java:logAppendEntries(1549)) - s2@group-676CD6864C30: appendEntries* s5->s2#8369-t1,previous=(t:1, i:237),leaderCommit=237,initializing? false,entries: size=2, first=(t:1, i:238), METADATAENTRY(c:237)
2024-10-16 23:57:32,812 DEBUG server.RaftServer$Division (RaftServerImpl.java:logAppendEntries(1549)) - s12@group-676CD6864C30: appendEntries* s5->s12#8376-t1,previous=(t:1, i:238),leaderCommit=237,initializing? false,entries: size=1, first=(t:1, i:239), STATEMACHINELOGENTRY, StateMachineLogEntryProto:8365@client-BE1E56DD0B20
2024-10-16 23:57:32,812 DEBUG server.RaftServer$Division (RaftServerImpl.java:logAppendEntries(1549)) - s14@group-676CD6864C30: appendEntries* s5->s14#8377-t1,previous=(t:1, i:238),leaderCommit=238,initializing? false,entries: size=1, first=(t:1, i:239), STATEMACHINELOGENTRY, StateMachineLogEntryProto:8365@client-BE1E56DD0B20
2024-10-16 23:57:32,812 DEBUG server.RaftServer$Division (RaftServerImpl.java:logAppendEntries(1549)) - s6@group-676CD6864C30: appendEntries* s5->s6#8374-t1,previous=(t:1, i:235),leaderCommit=237,initializing? false,entries: size=4, first=(t:1, i:236), METADATAENTRY(c:235)
2024-10-16 23:57:32,812 DEBUG server.RaftServer$Division (RaftServerImpl.java:logAppendEntries(1549)) - s3@group-676CD6864C30: appendEntries* s5->s3#8375-t1,previous=(t:1, i:238),leaderCommit=237,initializing? false,entries: size=1, first=(t:1, i:239), STATEMACHINELOGENTRY, StateMachineLogEntryProto:8365@client-BE1E56DD0B20
2024-10-16 23:57:32,812 DEBUG server.RaftServer$Division (RaftServerImpl.java:logAppendEntries(1549)) - s14@group-676CD6864C30: appendEntries* reply s5<-s14#8377:OK-t1,SUCCESS,nextIndex=240,followerCommit=238,matchIndex=239
2024-10-16 23:57:32,811 DEBUG server.RaftServer$Division (RaftServerImpl.java:logAppendEntries(1549)) - s1@group-676CD6864C30: appendEntries* reply s5<-s1#8373:OK-t1,SUCCESS,nextIndex=240,followerCommit=237,matchIndex=239
2024-10-16 23:57:32,811 DEBUG server.RaftServer$Division (RaftServerImpl.java:logAppendEntries(1549)) - s4@group-676CD6864C30: appendEntries* reply s5<-s4#8366:OK-t1,SUCCESS,nextIndex=239,followerCommit=237,matchIndex=238
2024-10-16 23:57:32,811 DEBUG server.RaftServer$Division (RaftServerImpl.java:logAppendEntries(1549)) - s11@group-676CD6864C30: appendEntries* reply s5<-s11#8372:OK-t1,SUCCESS,nextIndex=240,followerCommit=237,matchIndex=239
2024-10-16 23:57:32,813 DEBUG server.RaftServer$Division (RaftServerImpl.java:logAppendEntries(1549)) - s10@group-676CD6864C30: appendEntries* s5->s10#8378-t1,previous=(t:1, i:237),leaderCommit=238,initializing? false,entries: size=2, first=(t:1, i:238), METADATAENTRY(c:237)
2024-10-16 23:57:32,813 DEBUG server.RaftServer$Division (RaftServerImpl.java:logAppendEntries(1549)) - s4@group-676CD6864C30: appendEntries* s5->s4#8379-t1,previous=(t:1, i:238),leaderCommit=238,initializing? false,entries: size=1, first=(t:1, i:239), STATEMACHINELOGENTRY, StateMachineLogEntryProto:8365@client-BE1E56DD0B20
2024-10-16 23:57:32,811 DEBUG server.RaftServer$Division (RaftServerImpl.java:logAppendEntries(1549)) - s7@group-676CD6864C30: appendEntries* s5->s7#8358-t1,previous=(t:1, i:236),leaderCommit=236,initializing? false,entries: size=1, first=(t:1, i:237), STATEMACHINELOGENTRY, StateMachineLogEntryProto:8344@client-BE1E56DD0B20
2024-10-16 23:57:32,813 DEBUG server.RaftServer$Division (RaftServerImpl.java:logAppendEntries(1549)) - s10@group-676CD6864C30: appendEntries* reply s5<-s10#8378:OK-t1,SUCCESS,nextIndex=240,followerCommit=238,matchIndex=239
2024-10-16 23:57:32,813 DEBUG server.RaftServer$Division (RaftServerImpl.java:logAppendEntries(1549)) - s6@group-676CD6864C30: appendEntries* reply s5<-s6#8374:OK-t1,SUCCESS,nextIndex=240,followerCommit=237,matchIndex=239
2024-10-16 23:57:32,813 DEBUG server.RaftServer$Division (RaftServerImpl.java:logAppendEntries(1549)) - s3@group-676CD6864C30: appendEntries* reply s5<-s3#8375:OK-t1,SUCCESS,nextIndex=240,followerCommit=237,matchIndex=239
2024-10-16 23:57:32,812 DEBUG server.RaftServer$Division (RaftServerImpl.java:logAppendEntries(1549)) - s9@group-676CD6864C30: appendEntries* reply s5<-s9#8359:OK-t1,SUCCESS,nextIndex=239,followerCommit=237,matchIndex=238
2024-10-16 23:57:32,812 DEBUG server.RaftServer$Division (RaftServerImpl.java:logAppendEntries(1549)) - s12@group-676CD6864C30: appendEntries* reply s5<-s12#8376:OK-t1,SUCCESS,nextIndex=240,followerCommit=237,matchIndex=239
2024-10-16 23:57:32,812 DEBUG server.RaftServer$Division (RaftServerImpl.java:logAppendEntries(1549)) - s2@group-676CD6864C30: appendEntries* reply s5<-s2#8369:OK-t1,SUCCESS,nextIndex=240,followerCommit=237,matchIndex=239
2024-10-16 23:57:32,814 DEBUG server.RaftServer$Division (RaftServerImpl.java:logAppendEntries(1549)) - s7@group-676CD6864C30: appendEntries* reply s5<-s7#8358:OK-t1,SUCCESS,nextIndex=238,followerCommit=236,matchIndex=237
2024-10-16 23:57:32,814 DEBUG server.RaftServer$Division (RaftServerImpl.java:logAppendEntries(1549)) - s1@group-676CD6864C30: appendEntries* s5->s1#8385-t1,previous=(t:1, i:239),leaderCommit=239,initializing? false,entries: size=1, first=(t:1, i:240), METADATAENTRY(c:239)
2024-10-16 23:57:32,815 DEBUG server.RaftServer$Division (RaftServerImpl.java:logAppendEntries(1549)) - s14@group-676CD6864C30: appendEntries* s5->s14#8380-t1,previous=(t:1, i:239),leaderCommit=239,initializing? false,entries: size=1, first=(t:1, i:240), METADATAENTRY(c:239)
2024-10-16 23:57:32,815 DEBUG server.RaftServer$Division (RaftServerImpl.java:logAppendEntries(1549)) - s2@group-676CD6864C30: appendEntries* s5->s2#8389-t1,previous=(t:1, i:239),leaderCommit=239,initializing? false,entries: size=1, first=(t:1, i:240), METADATAENTRY(c:239)
2024-10-16 23:57:32,814 INFO  statemachine.StateMachine (ArithmeticStateMachine.java:applyTransaction(181)) - LEADER:s5-239: c = null = null
2024-10-16 23:57:32,815 DEBUG server.RaftServer$Division (RaftServerImpl.java:logAppendEntries(1549)) - s14@group-676CD6864C30: appendEntries* reply s5<-s14#8380:OK-t1,SUCCESS,nextIndex=241,followerCommit=239,matchIndex=240
2024-10-16 23:57:32,815 DEBUG server.RaftServer$Division (RaftServerImpl.java:logAppendEntries(1549)) - s1@group-676CD6864C30: appendEntries* reply s5<-s1#8385:OK-t1,SUCCESS,nextIndex=241,followerCommit=239,matchIndex=240
2024-10-16 23:57:32,814 DEBUG server.RaftServer$Division (RaftServerImpl.java:logAppendEntries(1549)) - s4@group-676CD6864C30: appendEntries* reply s5<-s4#8379:OK-t1,SUCCESS,nextIndex=240,followerCommit=238,matchIndex=239
2024-10-16 23:57:32,815 DEBUG server.RaftServer$Division (RaftServerImpl.java:logAppendEntries(1549)) - s13@group-676CD6864C30: appendEntries* s5->s13#8384-t1,previous=(t:1, i:239),leaderCommit=239,initializing? false,entries: size=1, first=(t:1, i:240), METADATAENTRY(c:239)
2024-10-16 23:57:32,815 DEBUG server.RaftServer$Division (RaftServerImpl.java:submitClientRequestAsync(920)) - s5@group-676CD6864C30: receive client request(RaftClientRequest:client-BE1E56DD0B20->s5@group-676CD6864C30, cid=8391, seq=null, RW, Message:01016102405e40000000...(size=12))
2024-10-16 23:57:32,816 DEBUG server.RaftServer$Division (LeaderStateImpl.java:addPendingRequest(529)) - s5@group-676CD6864C30-LeaderStateImpl: addPendingRequest at RaftClientRequest:client-BE1E56DD0B20->s5@group-676CD6864C30, cid=8391, seq=null, RW, Message:01016102405e40000000...(size=12), entry=(t:1, i:241), STATEMACHINELOGENTRY, WRITE: logData.size=12, stateMachineData.size=0, logEntryProtoSerializedSize=0
2024-10-16 23:57:32,815 DEBUG server.RaftServer$Division (RaftServerImpl.java:logAppendEntries(1549)) - s10@group-676CD6864C30: appendEntries* s5->s10#8387-t1,previous=(t:1, i:239),leaderCommit=239,initializing? false,entries: size=1, first=(t:1, i:240), METADATAENTRY(c:239)
2024-10-16 23:57:32,816 DEBUG server.RaftServer$Division (RaftServerImpl.java:logAppendEntries(1549)) - s13@group-676CD6864C30: appendEntries* reply s5<-s13#8384:OK-t1,SUCCESS,nextIndex=241,followerCommit=239,matchIndex=240
2024-10-16 23:57:32,815 DEBUG server.RaftServer$Division (RaftServerImpl.java:logAppendEntries(1549)) - s0@group-676CD6864C30: appendEntries* s5->s0#8390-t1,previous=(t:1, i:239),leaderCommit=239,initializing? false,entries: size=1, first=(t:1, i:240), METADATAENTRY(c:239)
2024-10-16 23:57:32,816 DEBUG server.RaftServer$Division (RaftServerImpl.java:logAppendEntries(1549)) - s14@group-676CD6864C30: appendEntries* s5->s14#8393-t1,previous=(t:1, i:240),leaderCommit=239,initializing? false,entries: size=1, first=(t:1, i:241), STATEMACHINELOGENTRY, StateMachineLogEntryProto:8391@client-BE1E56DD0B20
2024-10-16 23:57:32,816 DEBUG server.RaftServer$Division (RaftServerImpl.java:logAppendEntries(1549)) - s1@group-676CD6864C30: appendEntries* s5->s1#8396-t1,previous=(t:1, i:240),leaderCommit=239,initializing? false,entries: size=1, first=(t:1, i:241), STATEMACHINELOGENTRY, StateMachineLogEntryProto:8391@client-BE1E56DD0B20
2024-10-16 23:57:32,816 DEBUG server.RaftServer$Division (RaftServerImpl.java:logAppendEntries(1549)) - s13@group-676CD6864C30: appendEntries* s5->s13#8397-t1,previous=(t:1, i:240),leaderCommit=239,initializing? false,entries: size=1, first=(t:1, i:241), STATEMACHINELOGENTRY, StateMachineLogEntryProto:8391@client-BE1E56DD0B20
2024-10-16 23:57:32,817 DEBUG server.RaftServer$Division (RaftServerImpl.java:logAppendEntries(1549)) - s14@group-676CD6864C30: appendEntries* reply s5<-s14#8393:OK-t1,SUCCESS,nextIndex=242,followerCommit=239,matchIndex=241
2024-10-16 23:57:32,817 DEBUG server.RaftServer$Division (RaftServerImpl.java:logAppendEntries(1549)) - s4@group-676CD6864C30: appendEntries* s5->s4#8392-t1,previous=(t:1, i:239),leaderCommit=239,initializing? false,entries: size=2, first=(t:1, i:240), METADATAENTRY(c:239)
2024-10-16 23:57:32,817 DEBUG server.RaftServer$Division (RaftServerImpl.java:logAppendEntries(1549)) - s13@group-676CD6864C30: appendEntries* reply s5<-s13#8397:OK-t1,SUCCESS,nextIndex=242,followerCommit=239,matchIndex=241
2024-10-16 23:57:32,817 DEBUG server.RaftServer$Division (RaftServerImpl.java:logAppendEntries(1549)) - s4@group-676CD6864C30: appendEntries* reply s5<-s4#8392:OK-t1,SUCCESS,nextIndex=242,followerCommit=239,matchIndex=241
2024-10-16 23:57:32,815 DEBUG server.RaftServer$Division (RaftServerImpl.java:logAppendEntries(1549)) - s12@group-676CD6864C30: appendEntries* s5->s12#8388-t1,previous=(t:1, i:239),leaderCommit=239,initializing? false,entries: size=1, first=(t:1, i:240), METADATAENTRY(c:239)
2024-10-16 23:57:32,814 DEBUG server.RaftServer$Division (RaftServerImpl.java:logAppendEntries(1549)) - s11@group-676CD6864C30: appendEntries* s5->s11#8381-t1,previous=(t:1, i:239),leaderCommit=239,initializing? false,entries: size=1, first=(t:1, i:240), METADATAENTRY(c:239)
2024-10-16 23:57:32,814 DEBUG server.RaftServer$Division (RaftServerImpl.java:logAppendEntries(1549)) - s8@group-676CD6864C30: appendEntries* s5->s8#8386-t1,previous=(t:1, i:239),leaderCommit=239,initializing? false,entries: size=1, first=(t:1, i:240), METADATAENTRY(c:239)
2024-10-16 23:57:32,817 DEBUG server.RaftServer$Division (RaftServerImpl.java:logAppendEntries(1549)) - s6@group-676CD6864C30: appendEntries* s5->s6#8383-t1,previous=(t:1, i:239),leaderCommit=239,initializing? false,entries: size=1, first=(t:1, i:240), METADATAENTRY(c:239)
2024-10-16 23:57:32,817 DEBUG server.RaftServer$Division (RaftServerImpl.java:logAppendEntries(1549)) - s9@group-676CD6864C30: appendEntries* s5->s9#8394-t1,previous=(t:1, i:238),leaderCommit=239,initializing? false,entries: size=3, first=(t:1, i:239), STATEMACHINELOGENTRY, StateMachineLogEntryProto:8365@client-BE1E56DD0B20
2024-10-16 23:57:32,817 DEBUG server.RaftServer$Division (RaftServerImpl.java:logAppendEntries(1549)) - s1@group-676CD6864C30: appendEntries* reply s5<-s1#8396:OK-t1,SUCCESS,nextIndex=242,followerCommit=239,matchIndex=241
2024-10-16 23:57:32,817 DEBUG server.RaftServer$Division (RaftServerImpl.java:logAppendEntries(1549)) - s0@group-676CD6864C30: appendEntries* reply s5<-s0#8390:OK-t1,SUCCESS,nextIndex=241,followerCommit=239,matchIndex=240
2024-10-16 23:57:32,817 DEBUG server.RaftServer$Division (RaftServerImpl.java:logAppendEntries(1549)) - s10@group-676CD6864C30: appendEntries* reply s5<-s10#8387:OK-t1,SUCCESS,nextIndex=241,followerCommit=239,matchIndex=240
2024-10-16 23:57:32,816 DEBUG server.RaftServer$Division (RaftServerImpl.java:logAppendEntries(1549)) - s7@group-676CD6864C30: appendEntries* s5->s7#8395-t1,previous=(t:1, i:237),leaderCommit=239,initializing? false,entries: size=4, first=(t:1, i:238), METADATAENTRY(c:237)
2024-10-16 23:57:32,815 DEBUG server.RaftServer$Division (RaftServerImpl.java:logAppendEntries(1549)) - s3@group-676CD6864C30: appendEntries* s5->s3#8382-t1,previous=(t:1, i:239),leaderCommit=239,initializing? false,entries: size=1, first=(t:1, i:240), METADATAENTRY(c:239)
2024-10-16 23:57:32,815 DEBUG server.RaftServer$Division (RaftServerImpl.java:logAppendEntries(1549)) - s2@group-676CD6864C30: appendEntries* reply s5<-s2#8389:OK-t1,SUCCESS,nextIndex=241,followerCommit=239,matchIndex=240
2024-10-16 23:57:32,818 DEBUG server.RaftServer$Division (RaftServerImpl.java:logAppendEntries(1549)) - s9@group-676CD6864C30: appendEntries* reply s5<-s9#8394:OK-t1,SUCCESS,nextIndex=242,followerCommit=239,matchIndex=241
2024-10-16 23:57:32,818 DEBUG server.RaftServer$Division (RaftServerImpl.java:logAppendEntries(1549)) - s6@group-676CD6864C30: appendEntries* reply s5<-s6#8383:OK-t1,SUCCESS,nextIndex=241,followerCommit=239,matchIndex=240
2024-10-16 23:57:32,818 DEBUG server.RaftServer$Division (RaftServerImpl.java:logAppendEntries(1549)) - s8@group-676CD6864C30: appendEntries* reply s5<-s8#8386:OK-t1,SUCCESS,nextIndex=241,followerCommit=239,matchIndex=240
2024-10-16 23:57:32,818 DEBUG server.RaftServer$Division (RaftServerImpl.java:logAppendEntries(1549)) - s11@group-676CD6864C30: appendEntries* reply s5<-s11#8381:OK-t1,SUCCESS,nextIndex=241,followerCommit=239,matchIndex=240
2024-10-16 23:57:32,818 DEBUG server.RaftServer$Division (RaftServerImpl.java:logAppendEntries(1549)) - s12@group-676CD6864C30: appendEntries* reply s5<-s12#8388:OK-t1,SUCCESS,nextIndex=241,followerCommit=239,matchIndex=240
2024-10-16 23:57:32,819 DEBUG server.RaftServer$Division (RaftServerImpl.java:logAppendEntries(1549)) - s0@group-676CD6864C30: appendEntries* s5->s0#8398-t1,previous=(t:1, i:240),leaderCommit=239,initializing? false,entries: size=1, first=(t:1, i:241), STATEMACHINELOGENTRY, StateMachineLogEntryProto:8391@client-BE1E56DD0B20
2024-10-16 23:57:32,818 DEBUG server.RaftServer$Division (RaftServerImpl.java:logAppendEntries(1549)) - s3@group-676CD6864C30: appendEntries* reply s5<-s3#8382:OK-t1,SUCCESS,nextIndex=241,followerCommit=239,matchIndex=240
2024-10-16 23:57:32,819 DEBUG server.RaftServer$Division (RaftServerImpl.java:logAppendEntries(1549)) - s7@group-676CD6864C30: appendEntries* reply s5<-s7#8395:OK-t1,SUCCESS,nextIndex=242,followerCommit=239,matchIndex=241
2024-10-16 23:57:32,819 DEBUG server.RaftServer$Division (RaftServerImpl.java:logAppendEntries(1549)) - s0@group-676CD6864C30: appendEntries* reply s5<-s0#8398:OK-t1,SUCCESS,nextIndex=242,followerCommit=239,matchIndex=241
2024-10-16 23:57:32,820 DEBUG server.RaftServer$Division (RaftServerImpl.java:logAppendEntries(1549)) - s2@group-676CD6864C30: appendEntries* s5->s2#8402-t1,previous=(t:1, i:240),leaderCommit=240,initializing? false,entries: size=1, first=(t:1, i:241), STATEMACHINELOGENTRY, StateMachineLogEntryProto:8391@client-BE1E56DD0B20
2024-10-16 23:57:32,820 DEBUG server.RaftServer$Division (RaftServerImpl.java:logAppendEntries(1549)) - s3@group-676CD6864C30: appendEntries* s5->s3#8403-t1,previous=(t:1, i:240),leaderCommit=240,initializing? false,entries: size=1, first=(t:1, i:241), STATEMACHINELOGENTRY, StateMachineLogEntryProto:8391@client-BE1E56DD0B20
2024-10-16 23:57:32,820 DEBUG server.RaftServer$Division (RaftServerImpl.java:logAppendEntries(1549)) - s2@group-676CD6864C30: appendEntries* reply s5<-s2#8402:OK-t1,SUCCESS,nextIndex=242,followerCommit=240,matchIndex=241
2024-10-16 23:57:32,820 DEBUG server.RaftServer$Division (RaftServerImpl.java:logAppendEntries(1549)) - s4@group-676CD6864C30: appendEntries* s5->s4#8406-t1,previous=(t:1, i:241),leaderCommit=241,initializing? false,entries: size=1, first=(t:1, i:242), METADATAENTRY(c:241)
2024-10-16 23:57:32,820 DEBUG server.RaftServer$Division (RaftServerImpl.java:logAppendEntries(1549)) - s0@group-676CD6864C30: appendEntries* s5->s0#8409-t1,previous=(t:1, i:241),leaderCommit=241,initializing? false,entries: size=1, first=(t:1, i:242), METADATAENTRY(c:241)
2024-10-16 23:57:32,820 DEBUG server.RaftServer$Division (RaftServerImpl.java:logAppendEntries(1549)) - s1@group-676CD6864C30: appendEntries* s5->s1#8405-t1,previous=(t:1, i:241),leaderCommit=241,initializing? false,entries: size=1, first=(t:1, i:242), METADATAENTRY(c:241)
2024-10-16 23:57:32,821 DEBUG server.RaftServer$Division (RaftServerImpl.java:logAppendEntries(1549)) - s4@group-676CD6864C30: appendEntries* reply s5<-s4#8406:OK-t1,SUCCESS,nextIndex=243,followerCommit=241,matchIndex=242
2024-10-16 23:57:32,821 DEBUG server.RaftServer$Division (RaftServerImpl.java:logAppendEntries(1549)) - s13@group-676CD6864C30: appendEntries* s5->s13#8407-t1,previous=(t:1, i:241),leaderCommit=241,initializing? false,entries: size=1, first=(t:1, i:242), METADATAENTRY(c:241)
2024-10-16 23:57:32,821 DEBUG server.RaftServer$Division (RaftServerImpl.java:logAppendEntries(1549)) - s2@group-676CD6864C30: appendEntries* s5->s2#8412-t1,previous=(t:1, i:241),leaderCommit=241,initializing? false,entries: size=1, first=(t:1, i:242), METADATAENTRY(c:241)
2024-10-16 23:57:32,819 DEBUG server.RaftServer$Division (RaftServerImpl.java:logAppendEntries(1549)) - s12@group-676CD6864C30: appendEntries* s5->s12#8401-t1,previous=(t:1, i:240),leaderCommit=240,initializing? false,entries: size=1, first=(t:1, i:241), STATEMACHINELOGENTRY, StateMachineLogEntryProto:8391@client-BE1E56DD0B20
2024-10-16 23:57:32,821 DEBUG server.RaftServer$Division (RaftServerImpl.java:logAppendEntries(1549)) - s1@group-676CD6864C30: appendEntries* reply s5<-s1#8405:OK-t1,SUCCESS,nextIndex=243,followerCommit=241,matchIndex=242
2024-10-16 23:57:32,821 DEBUG server.RaftServer$Division (RaftServerImpl.java:logAppendEntries(1549)) - s13@group-676CD6864C30: appendEntries* reply s5<-s13#8407:OK-t1,SUCCESS,nextIndex=243,followerCommit=241,matchIndex=242
2024-10-16 23:57:32,821 DEBUG server.RaftServer$Division (RaftServerImpl.java:logAppendEntries(1549)) - s0@group-676CD6864C30: appendEntries* reply s5<-s0#8409:OK-t1,SUCCESS,nextIndex=243,followerCommit=241,matchIndex=242
2024-10-16 23:57:32,821 DEBUG server.RaftServer$Division (RaftServerImpl.java:logAppendEntries(1549)) - s12@group-676CD6864C30: appendEntries* reply s5<-s12#8401:OK-t1,SUCCESS,nextIndex=242,followerCommit=240,matchIndex=241
2024-10-16 23:57:32,822 DEBUG server.RaftServer$Division (RaftServerImpl.java:logAppendEntries(1549)) - s2@group-676CD6864C30: appendEntries* reply s5<-s2#8412:OK-t1,SUCCESS,nextIndex=243,followerCommit=241,matchIndex=242
2024-10-16 23:57:32,819 DEBUG server.RaftServer$Division (RaftServerImpl.java:logAppendEntries(1549)) - s8@group-676CD6864C30: appendEntries* s5->s8#8399-t1,previous=(t:1, i:240),leaderCommit=239,initializing? false,entries: size=1, first=(t:1, i:241), STATEMACHINELOGENTRY, StateMachineLogEntryProto:8391@client-BE1E56DD0B20
2024-10-16 23:57:32,822 DEBUG server.RaftServer$Division (RaftServerImpl.java:logAppendEntries(1549)) - s6@group-676CD6864C30: appendEntries* s5->s6#8413-t1,previous=(t:1, i:240),leaderCommit=241,initializing? false,entries: size=2, first=(t:1, i:241), STATEMACHINELOGENTRY, StateMachineLogEntryProto:8391@client-BE1E56DD0B20
2024-10-16 23:57:32,822 DEBUG server.RaftServer$Division (RaftServerImpl.java:logAppendEntries(1549)) - s12@group-676CD6864C30: appendEntries* s5->s12#8414-t1,previous=(t:1, i:241),leaderCommit=241,initializing? false,entries: size=1, first=(t:1, i:242), METADATAENTRY(c:241)
2024-10-16 23:57:32,819 DEBUG server.RaftServer$Division (RaftServerImpl.java:logAppendEntries(1549)) - s11@group-676CD6864C30: appendEntries* s5->s11#8400-t1,previous=(t:1, i:240),leaderCommit=239,initializing? false,entries: size=1, first=(t:1, i:241), STATEMACHINELOGENTRY, StateMachineLogEntryProto:8391@client-BE1E56DD0B20
2024-10-16 23:57:32,822 DEBUG server.RaftServer$Division (RaftServerImpl.java:logAppendEntries(1549)) - s9@group-676CD6864C30: appendEntries* s5->s9#8408-t1,previous=(t:1, i:241),leaderCommit=241,initializing? false,entries: size=1, first=(t:1, i:242), METADATAENTRY(c:241)
2024-10-16 23:57:32,822 DEBUG server.RaftServer$Division (RaftServerImpl.java:logAppendEntries(1549)) - s8@group-676CD6864C30: appendEntries* reply s5<-s8#8399:OK-t1,SUCCESS,nextIndex=242,followerCommit=239,matchIndex=241
2024-10-16 23:57:32,822 DEBUG server.RaftServer$Division (RaftServerImpl.java:logAppendEntries(1549)) - s6@group-676CD6864C30: appendEntries* reply s5<-s6#8413:OK-t1,SUCCESS,nextIndex=243,followerCommit=241,matchIndex=242
2024-10-16 23:57:32,822 DEBUG server.RaftServer$Division (RaftServerImpl.java:logAppendEntries(1549)) - s10@group-676CD6864C30: appendEntries* s5->s10#8404-t1,previous=(t:1, i:240),leaderCommit=241,initializing? false,entries: size=1, first=(t:1, i:241), STATEMACHINELOGENTRY, StateMachineLogEntryProto:8391@client-BE1E56DD0B20
2024-10-16 23:57:32,822 DEBUG server.RaftServer$Division (RaftServerImpl.java:logAppendEntries(1549)) - s7@group-676CD6864C30: appendEntries* s5->s7#8410-t1,previous=(t:1, i:241),leaderCommit=241,initializing? false,entries: size=1, first=(t:1, i:242), METADATAENTRY(c:241)
2024-10-16 23:57:32,821 DEBUG server.RaftServer$Division (RaftServerImpl.java:logAppendEntries(1549)) - s14@group-676CD6864C30: appendEntries* s5->s14#8411-t1,previous=(t:1, i:241),leaderCommit=241,initializing? false,entries: size=1, first=(t:1, i:242), METADATAENTRY(c:241)
2024-10-16 23:57:32,821 DEBUG server.RaftServer$Division (RaftServerImpl.java:logAppendEntries(1549)) - s3@group-676CD6864C30: appendEntries* reply s5<-s3#8403:OK-t1,SUCCESS,nextIndex=242,followerCommit=240,matchIndex=241
2024-10-16 23:57:32,820 INFO  statemachine.StateMachine (ArithmeticStateMachine.java:applyTransaction(181)) - LEADER:s5-241: a = 121 = 121
2024-10-16 23:57:32,824 DEBUG server.RaftServer$Division (RaftServerImpl.java:logAppendEntries(1549)) - s14@group-676CD6864C30: appendEntries* reply s5<-s14#8411:OK-t1,SUCCESS,nextIndex=243,followerCommit=241,matchIndex=242
2024-10-16 23:57:32,823 DEBUG server.RaftServer$Division (RaftServerImpl.java:logAppendEntries(1549)) - s10@group-676CD6864C30: appendEntries* reply s5<-s10#8404:OK-t1,SUCCESS,nextIndex=242,followerCommit=241,matchIndex=241
2024-10-16 23:57:32,823 DEBUG server.RaftServer$Division (RaftServerImpl.java:logAppendEntries(1549)) - s8@group-676CD6864C30: appendEntries* s5->s8#8415-t1,previous=(t:1, i:241),leaderCommit=241,initializing? false,entries: size=1, first=(t:1, i:242), METADATAENTRY(c:241)
2024-10-16 23:57:32,823 DEBUG server.RaftServer$Division (RaftServerImpl.java:logAppendEntries(1549)) - s9@group-676CD6864C30: appendEntries* reply s5<-s9#8408:OK-t1,SUCCESS,nextIndex=243,followerCommit=241,matchIndex=242
2024-10-16 23:57:32,824 DEBUG server.RaftServer$Division (RaftServerImpl.java:logAppendEntries(1549)) - s3@group-676CD6864C30: appendEntries* s5->s3#8416-t1,previous=(t:1, i:241),leaderCommit=241,initializing? false,entries: size=1, first=(t:1, i:242), METADATAENTRY(c:241)
2024-10-16 23:57:32,823 DEBUG server.RaftServer$Division (RaftServerImpl.java:logAppendEntries(1549)) - s11@group-676CD6864C30: appendEntries* reply s5<-s11#8400:OK-t1,SUCCESS,nextIndex=242,followerCommit=239,matchIndex=241
2024-10-16 23:57:32,822 DEBUG server.RaftServer$Division (RaftServerImpl.java:logAppendEntries(1549)) - s12@group-676CD6864C30: appendEntries* reply s5<-s12#8414:OK-t1,SUCCESS,nextIndex=243,followerCommit=241,matchIndex=242
2024-10-16 23:57:32,824 DEBUG server.RaftServer$Division (RaftServerImpl.java:logAppendEntries(1549)) - s8@group-676CD6864C30: appendEntries* reply s5<-s8#8415:OK-t1,SUCCESS,nextIndex=243,followerCommit=241,matchIndex=242
2024-10-16 23:57:32,824 DEBUG server.RaftServer$Division (RaftServerImpl.java:submitClientRequestAsync(920)) - s5@group-676CD6864C30: receive client request(RaftClientRequest:client-BE1E56DD0B20->s5@group-676CD6864C30, cid=8417, seq=null, RW, Message:0101620240bc98000000...(size=12))
2024-10-16 23:57:32,824 DEBUG server.RaftServer$Division (RaftServerImpl.java:logAppendEntries(1549)) - s7@group-676CD6864C30: appendEntries* reply s5<-s7#8410:OK-t1,SUCCESS,nextIndex=243,followerCommit=241,matchIndex=242
2024-10-16 23:57:32,825 DEBUG server.RaftServer$Division (LeaderStateImpl.java:addPendingRequest(529)) - s5@group-676CD6864C30-LeaderStateImpl: addPendingRequest at RaftClientRequest:client-BE1E56DD0B20->s5@group-676CD6864C30, cid=8417, seq=null, RW, Message:0101620240bc98000000...(size=12), entry=(t:1, i:243), STATEMACHINELOGENTRY, WRITE: logData.size=12, stateMachineData.size=0, logEntryProtoSerializedSize=0
2024-10-16 23:57:32,825 DEBUG server.RaftServer$Division (RaftServerImpl.java:logAppendEntries(1549)) - s3@group-676CD6864C30: appendEntries* reply s5<-s3#8416:OK-t1,SUCCESS,nextIndex=243,followerCommit=241,matchIndex=242
2024-10-16 23:57:32,825 DEBUG server.RaftServer$Division (RaftServerImpl.java:logAppendEntries(1549)) - s4@group-676CD6864C30: appendEntries* s5->s4#8423-t1,previous=(t:1, i:242),leaderCommit=242,initializing? false,entries: size=1, first=(t:1, i:243), STATEMACHINELOGENTRY, StateMachineLogEntryProto:8417@client-BE1E56DD0B20
2024-10-16 23:57:32,825 DEBUG server.RaftServer$Division (RaftServerImpl.java:logAppendEntries(1549)) - s0@group-676CD6864C30: appendEntries* s5->s0#8421-t1,previous=(t:1, i:242),leaderCommit=242,initializing? false,entries: size=1, first=(t:1, i:243), STATEMACHINELOGENTRY, StateMachineLogEntryProto:8417@client-BE1E56DD0B20
2024-10-16 23:57:32,825 DEBUG server.RaftServer$Division (RaftServerImpl.java:logAppendEntries(1549)) - s11@group-676CD6864C30: appendEntries* s5->s11#8419-t1,previous=(t:1, i:241),leaderCommit=242,initializing? false,entries: size=1, first=(t:1, i:242), METADATAENTRY(c:241)
2024-10-16 23:57:32,825 DEBUG server.RaftServer$Division (RaftServerImpl.java:logAppendEntries(1549)) - s1@group-676CD6864C30: appendEntries* s5->s1#8426-t1,previous=(t:1, i:242),leaderCommit=242,initializing? false,entries: size=1, first=(t:1, i:243), STATEMACHINELOGENTRY, StateMachineLogEntryProto:8417@client-BE1E56DD0B20
2024-10-16 23:57:32,826 DEBUG server.RaftServer$Division (RaftServerImpl.java:logAppendEntries(1549)) - s13@group-676CD6864C30: appendEntries* s5->s13#8425-t1,previous=(t:1, i:242),leaderCommit=242,initializing? false,entries: size=1, first=(t:1, i:243), STATEMACHINELOGENTRY, StateMachineLogEntryProto:8417@client-BE1E56DD0B20
2024-10-16 23:57:32,826 DEBUG server.RaftServer$Division (RaftServerImpl.java:logAppendEntries(1549)) - s0@group-676CD6864C30: appendEntries* reply s5<-s0#8421:OK-t1,SUCCESS,nextIndex=244,followerCommit=242,matchIndex=243
2024-10-16 23:57:32,826 DEBUG server.RaftServer$Division (RaftServerImpl.java:logAppendEntries(1549)) - s12@group-676CD6864C30: appendEntries* s5->s12#8420-t1,previous=(t:1, i:242),leaderCommit=242,initializing? false,entries: size=1, first=(t:1, i:243), STATEMACHINELOGENTRY, StateMachineLogEntryProto:8417@client-BE1E56DD0B20
2024-10-16 23:57:32,826 DEBUG server.RaftServer$Division (RaftServerImpl.java:logAppendEntries(1549)) - s13@group-676CD6864C30: appendEntries* reply s5<-s13#8425:OK-t1,SUCCESS,nextIndex=244,followerCommit=242,matchIndex=243
2024-10-16 23:57:32,825 DEBUG server.RaftServer$Division (RaftServerImpl.java:logAppendEntries(1549)) - s8@group-676CD6864C30: appendEntries* s5->s8#8422-t1,previous=(t:1, i:242),leaderCommit=242,initializing? false,entries: size=1, first=(t:1, i:243), STATEMACHINELOGENTRY, StateMachineLogEntryProto:8417@client-BE1E56DD0B20
2024-10-16 23:57:32,826 DEBUG server.RaftServer$Division (RaftServerImpl.java:logAppendEntries(1549)) - s12@group-676CD6864C30: appendEntries* reply s5<-s12#8420:OK-t1,SUCCESS,nextIndex=244,followerCommit=242,matchIndex=243
2024-10-16 23:57:32,826 DEBUG server.RaftServer$Division (RaftServerImpl.java:logAppendEntries(1549)) - s11@group-676CD6864C30: appendEntries* reply s5<-s11#8419:OK-t1,SUCCESS,nextIndex=243,followerCommit=242,matchIndex=242
2024-10-16 23:57:32,826 DEBUG server.RaftServer$Division (RaftServerImpl.java:logAppendEntries(1549)) - s1@group-676CD6864C30: appendEntries* reply s5<-s1#8426:OK-t1,SUCCESS,nextIndex=244,followerCommit=242,matchIndex=243
2024-10-16 23:57:32,827 DEBUG server.RaftServer$Division (RaftServerImpl.java:logAppendEntries(1549)) - s8@group-676CD6864C30: appendEntries* reply s5<-s8#8422:OK-t1,SUCCESS,nextIndex=244,followerCommit=242,matchIndex=243
2024-10-16 23:57:32,826 DEBUG server.RaftServer$Division (RaftServerImpl.java:logAppendEntries(1549)) - s4@group-676CD6864C30: appendEntries* reply s5<-s4#8423:OK-t1,SUCCESS,nextIndex=244,followerCommit=242,matchIndex=243
2024-10-16 23:57:32,827 DEBUG server.RaftServer$Division (RaftServerImpl.java:logAppendEntries(1549)) - s10@group-676CD6864C30: appendEntries* s5->s10#8418-t1,previous=(t:1, i:241),leaderCommit=242,initializing? false,entries: size=1, first=(t:1, i:242), METADATAENTRY(c:241)
2024-10-16 23:57:32,827 DEBUG server.RaftServer$Division (RaftServerImpl.java:logAppendEntries(1549)) - s11@group-676CD6864C30: appendEntries* s5->s11#8432-t1,previous=(t:1, i:242),leaderCommit=242,initializing? false,entries: size=1, first=(t:1, i:243), STATEMACHINELOGENTRY, StateMachineLogEntryProto:8417@client-BE1E56DD0B20
2024-10-16 23:57:32,827 DEBUG server.RaftServer$Division (RaftServerImpl.java:logAppendEntries(1549)) - s10@group-676CD6864C30: appendEntries* reply s5<-s10#8418:OK-t1,SUCCESS,nextIndex=243,followerCommit=242,matchIndex=242
2024-10-16 23:57:32,826 DEBUG server.RaftServer$Division (RaftServerImpl.java:logAppendEntries(1549)) - s14@group-676CD6864C30: appendEntries* s5->s14#8429-t1,previous=(t:1, i:242),leaderCommit=242,initializing? false,entries: size=1, first=(t:1, i:243), STATEMACHINELOGENTRY, StateMachineLogEntryProto:8417@client-BE1E56DD0B20
2024-10-16 23:57:32,828 DEBUG server.RaftServer$Division (RaftServerImpl.java:logAppendEntries(1549)) - s11@group-676CD6864C30: appendEntries* reply s5<-s11#8432:OK-t1,SUCCESS,nextIndex=244,followerCommit=242,matchIndex=243
2024-10-16 23:57:32,826 DEBUG server.RaftServer$Division (RaftServerImpl.java:logAppendEntries(1549)) - s2@group-676CD6864C30: appendEntries* s5->s2#8424-t1,previous=(t:1, i:242),leaderCommit=242,initializing? false,entries: size=1, first=(t:1, i:243), STATEMACHINELOGENTRY, StateMachineLogEntryProto:8417@client-BE1E56DD0B20
2024-10-16 23:57:32,828 INFO  statemachine.StateMachine (ArithmeticStateMachine.java:applyTransaction(181)) - LEADER:s5-243: b = 7320 = 7320
2024-10-16 23:57:32,828 DEBUG server.RaftServer$Division (RaftServerImpl.java:logAppendEntries(1549)) - s2@group-676CD6864C30: appendEntries* reply s5<-s2#8424:OK-t1,SUCCESS,nextIndex=244,followerCommit=242,matchIndex=243
2024-10-16 23:57:32,826 DEBUG server.RaftServer$Division (RaftServerImpl.java:logAppendEntries(1549)) - s3@group-676CD6864C30: appendEntries* s5->s3#8430-t1,previous=(t:1, i:242),leaderCommit=242,initializing? false,entries: size=1, first=(t:1, i:243), STATEMACHINELOGENTRY, StateMachineLogEntryProto:8417@client-BE1E56DD0B20
2024-10-16 23:57:32,829 DEBUG server.RaftServer$Division (RaftServerImpl.java:logAppendEntries(1549)) - s1@group-676CD6864C30: appendEntries* s5->s1#8435-t1,previous=(t:1, i:243),leaderCommit=243,initializing? false,entries: size=1, first=(t:1, i:244), METADATAENTRY(c:243)
2024-10-16 23:57:32,829 DEBUG server.RaftServer$Division (RaftServerImpl.java:submitClientRequestAsync(920)) - s5@group-676CD6864C30: receive client request(RaftClientRequest:client-BE1E56DD0B20->s5@group-676CD6864C30, cid=8441, seq=null, RW, Message:01016304010300040201...(size=17))
2024-10-16 23:57:32,829 DEBUG server.RaftServer$Division (LeaderStateImpl.java:addPendingRequest(529)) - s5@group-676CD6864C30-LeaderStateImpl: addPendingRequest at RaftClientRequest:client-BE1E56DD0B20->s5@group-676CD6864C30, cid=8441, seq=null, RW, Message:01016304010300040201...(size=17), entry=(t:1, i:245), STATEMACHINELOGENTRY, WRITE: logData.size=17, stateMachineData.size=0, logEntryProtoSerializedSize=0
2024-10-16 23:57:32,829 DEBUG server.RaftServer$Division (RaftServerImpl.java:logAppendEntries(1549)) - s0@group-676CD6864C30: appendEntries* s5->s0#8436-t1,previous=(t:1, i:243),leaderCommit=243,initializing? false,entries: size=1, first=(t:1, i:244), METADATAENTRY(c:243)
2024-10-16 23:57:32,828 DEBUG server.RaftServer$Division (RaftServerImpl.java:logAppendEntries(1549)) - s11@group-676CD6864C30: appendEntries* s5->s11#8434-t1,previous=(t:1, i:243),leaderCommit=243,initializing? false,entries: size=1, first=(t:1, i:244), METADATAENTRY(c:243)
2024-10-16 23:57:32,829 DEBUG server.RaftServer$Division (RaftServerImpl.java:logAppendEntries(1549)) - s13@group-676CD6864C30: appendEntries* s5->s13#8438-t1,previous=(t:1, i:243),leaderCommit=243,initializing? false,entries: size=1, first=(t:1, i:244), METADATAENTRY(c:243)
2024-10-16 23:57:32,828 DEBUG server.RaftServer$Division (RaftServerImpl.java:logAppendEntries(1549)) - s14@group-676CD6864C30: appendEntries* reply s5<-s14#8429:OK-t1,SUCCESS,nextIndex=244,followerCommit=242,matchIndex=243
2024-10-16 23:57:32,829 DEBUG server.RaftServer$Division (RaftServerImpl.java:logAppendEntries(1549)) - s6@group-676CD6864C30: appendEntries* s5->s6#8427-t1,previous=(t:1, i:242),leaderCommit=242,initializing? false,entries: size=1, first=(t:1, i:243), STATEMACHINELOGENTRY, StateMachineLogEntryProto:8417@client-BE1E56DD0B20
2024-10-16 23:57:32,827 DEBUG server.RaftServer$Division (RaftServerImpl.java:logAppendEntries(1549)) - s7@group-676CD6864C30: appendEntries* s5->s7#8431-t1,previous=(t:1, i:242),leaderCommit=242,initializing? false,entries: size=1, first=(t:1, i:243), STATEMACHINELOGENTRY, StateMachineLogEntryProto:8417@client-BE1E56DD0B20
2024-10-16 23:57:32,829 DEBUG server.RaftServer$Division (RaftServerImpl.java:logAppendEntries(1549)) - s2@group-676CD6864C30: appendEntries* s5->s2#8442-t1,previous=(t:1, i:243),leaderCommit=243,initializing? false,entries: size=2, first=(t:1, i:244), METADATAENTRY(c:243)
2024-10-16 23:57:32,830 DEBUG server.RaftServer$Division (RaftServerImpl.java:logAppendEntries(1549)) - s14@group-676CD6864C30: appendEntries* s5->s14#8443-t1,previous=(t:1, i:243),leaderCommit=243,initializing? false,entries: size=2, first=(t:1, i:244), METADATAENTRY(c:243)
2024-10-16 23:57:32,829 DEBUG server.RaftServer$Division (RaftServerImpl.java:logAppendEntries(1549)) - s12@group-676CD6864C30: appendEntries* s5->s12#8437-t1,previous=(t:1, i:243),leaderCommit=243,initializing? false,entries: size=1, first=(t:1, i:244), METADATAENTRY(c:243)
2024-10-16 23:57:32,829 DEBUG server.RaftServer$Division (RaftServerImpl.java:logAppendEntries(1549)) - s8@group-676CD6864C30: appendEntries* s5->s8#8439-t1,previous=(t:1, i:243),leaderCommit=243,initializing? false,entries: size=1, first=(t:1, i:244), METADATAENTRY(c:243)
2024-10-16 23:57:32,829 DEBUG server.RaftServer$Division (RaftServerImpl.java:logAppendEntries(1549)) - s4@group-676CD6864C30: appendEntries* s5->s4#8440-t1,previous=(t:1, i:243),leaderCommit=243,initializing? false,entries: size=1, first=(t:1, i:244), METADATAENTRY(c:243)
2024-10-16 23:57:32,830 DEBUG server.RaftServer$Division (RaftServerImpl.java:logAppendEntries(1549)) - s9@group-676CD6864C30: appendEntries* s5->s9#8428-t1,previous=(t:1, i:242),leaderCommit=242,initializing? false,entries: size=1, first=(t:1, i:243), STATEMACHINELOGENTRY, StateMachineLogEntryProto:8417@client-BE1E56DD0B20
2024-10-16 23:57:32,830 DEBUG server.RaftServer$Division (RaftServerImpl.java:logAppendEntries(1549)) - s10@group-676CD6864C30: appendEntries* s5->s10#8433-t1,previous=(t:1, i:242),leaderCommit=242,initializing? false,entries: size=1, first=(t:1, i:243), STATEMACHINELOGENTRY, StateMachineLogEntryProto:8417@client-BE1E56DD0B20
2024-10-16 23:57:32,831 DEBUG server.RaftServer$Division (RaftServerImpl.java:logAppendEntries(1549)) - s3@group-676CD6864C30: appendEntries* reply s5<-s3#8430:OK-t1,SUCCESS,nextIndex=244,followerCommit=242,matchIndex=243
2024-10-16 23:57:32,831 DEBUG server.RaftServer$Division (RaftServerImpl.java:logAppendEntries(1549)) - s7@group-676CD6864C30: appendEntries* reply s5<-s7#8431:OK-t1,SUCCESS,nextIndex=244,followerCommit=242,matchIndex=243
2024-10-16 23:57:32,831 DEBUG server.RaftServer$Division (RaftServerImpl.java:logAppendEntries(1549)) - s0@group-676CD6864C30: appendEntries* reply s5<-s0#8436:OK-t1,SUCCESS,nextIndex=245,followerCommit=243,matchIndex=244
2024-10-16 23:57:32,831 DEBUG server.RaftServer$Division (RaftServerImpl.java:logAppendEntries(1549)) - s1@group-676CD6864C30: appendEntries* reply s5<-s1#8435:OK-t1,SUCCESS,nextIndex=245,followerCommit=243,matchIndex=244
2024-10-16 23:57:32,831 DEBUG server.RaftServer$Division (RaftServerImpl.java:logAppendEntries(1549)) - s10@group-676CD6864C30: appendEntries* reply s5<-s10#8433:OK-t1,SUCCESS,nextIndex=244,followerCommit=242,matchIndex=243
2024-10-16 23:57:32,831 DEBUG server.RaftServer$Division (RaftServerImpl.java:logAppendEntries(1549)) - s2@group-676CD6864C30: appendEntries* reply s5<-s2#8442:OK-t1,SUCCESS,nextIndex=246,followerCommit=243,matchIndex=245
2024-10-16 23:57:32,832 DEBUG server.RaftServer$Division (RaftServerImpl.java:logAppendEntries(1549)) - s8@group-676CD6864C30: appendEntries* reply s5<-s8#8439:OK-t1,SUCCESS,nextIndex=245,followerCommit=243,matchIndex=244
2024-10-16 23:57:32,832 DEBUG server.RaftServer$Division (RaftServerImpl.java:logAppendEntries(1549)) - s4@group-676CD6864C30: appendEntries* reply s5<-s4#8440:OK-t1,SUCCESS,nextIndex=245,followerCommit=243,matchIndex=244
2024-10-16 23:57:32,832 DEBUG server.RaftServer$Division (RaftServerImpl.java:logAppendEntries(1549)) - s3@group-676CD6864C30: appendEntries* s5->s3#8444-t1,previous=(t:1, i:243),leaderCommit=243,initializing? false,entries: size=2, first=(t:1, i:244), METADATAENTRY(c:243)
2024-10-16 23:57:32,832 DEBUG server.RaftServer$Division (RaftServerImpl.java:logAppendEntries(1549)) - s10@group-676CD6864C30: appendEntries* s5->s10#8447-t1,previous=(t:1, i:243),leaderCommit=243,initializing? false,entries: size=2, first=(t:1, i:244), METADATAENTRY(c:243)
2024-10-16 23:57:32,831 DEBUG server.RaftServer$Division (RaftServerImpl.java:logAppendEntries(1549)) - s6@group-676CD6864C30: appendEntries* reply s5<-s6#8427:OK-t1,SUCCESS,nextIndex=244,followerCommit=242,matchIndex=243
2024-10-16 23:57:32,831 DEBUG server.RaftServer$Division (RaftServerImpl.java:logAppendEntries(1549)) - s12@group-676CD6864C30: appendEntries* reply s5<-s12#8437:OK-t1,SUCCESS,nextIndex=245,followerCommit=243,matchIndex=244
2024-10-16 23:57:32,831 DEBUG server.RaftServer$Division (RaftServerImpl.java:logAppendEntries(1549)) - s11@group-676CD6864C30: appendEntries* reply s5<-s11#8434:OK-t1,SUCCESS,nextIndex=245,followerCommit=243,matchIndex=244
2024-10-16 23:57:32,833 DEBUG server.RaftServer$Division (RaftServerImpl.java:logAppendEntries(1549)) - s0@group-676CD6864C30: appendEntries* s5->s0#8446-t1,previous=(t:1, i:244),leaderCommit=243,initializing? false,entries: size=1, first=(t:1, i:245), STATEMACHINELOGENTRY, StateMachineLogEntryProto:8441@client-BE1E56DD0B20
2024-10-16 23:57:32,831 DEBUG server.RaftServer$Division (RaftServerImpl.java:logAppendEntries(1549)) - s14@group-676CD6864C30: appendEntries* reply s5<-s14#8443:OK-t1,SUCCESS,nextIndex=246,followerCommit=243,matchIndex=245
2024-10-16 23:57:32,833 DEBUG server.RaftServer$Division (RaftServerImpl.java:logAppendEntries(1549)) - s12@group-676CD6864C30: appendEntries* s5->s12#8450-t1,previous=(t:1, i:244),leaderCommit=243,initializing? false,entries: size=1, first=(t:1, i:245), STATEMACHINELOGENTRY, StateMachineLogEntryProto:8441@client-BE1E56DD0B20
2024-10-16 23:57:32,833 DEBUG server.RaftServer$Division (RaftServerImpl.java:logAppendEntries(1549)) - s4@group-676CD6864C30: appendEntries* s5->s4#8449-t1,previous=(t:1, i:244),leaderCommit=243,initializing? false,entries: size=1, first=(t:1, i:245), STATEMACHINELOGENTRY, StateMachineLogEntryProto:8441@client-BE1E56DD0B20
2024-10-16 23:57:32,833 DEBUG server.RaftServer$Division (RaftServerImpl.java:logAppendEntries(1549)) - s3@group-676CD6864C30: appendEntries* reply s5<-s3#8444:OK-t1,SUCCESS,nextIndex=246,followerCommit=243,matchIndex=245
2024-10-16 23:57:32,833 DEBUG server.RaftServer$Division (RaftServerImpl.java:logAppendEntries(1549)) - s11@group-676CD6864C30: appendEntries* s5->s11#8451-t1,previous=(t:1, i:244),leaderCommit=244,initializing? false,entries: size=1, first=(t:1, i:245), STATEMACHINELOGENTRY, StateMachineLogEntryProto:8441@client-BE1E56DD0B20
2024-10-16 23:57:32,832 DEBUG server.RaftServer$Division (RaftServerImpl.java:logAppendEntries(1549)) - s8@group-676CD6864C30: appendEntries* s5->s8#8448-t1,previous=(t:1, i:244),leaderCommit=243,initializing? false,entries: size=1, first=(t:1, i:245), STATEMACHINELOGENTRY, StateMachineLogEntryProto:8441@client-BE1E56DD0B20
2024-10-16 23:57:32,834 DEBUG server.RaftServer$Division (RaftServerImpl.java:logAppendEntries(1549)) - s10@group-676CD6864C30: appendEntries* reply s5<-s10#8447:OK-t1,SUCCESS,nextIndex=246,followerCommit=243,matchIndex=245
2024-10-16 23:57:32,832 DEBUG server.RaftServer$Division (RaftServerImpl.java:logAppendEntries(1549)) - s1@group-676CD6864C30: appendEntries* s5->s1#8445-t1,previous=(t:1, i:244),leaderCommit=243,initializing? false,entries: size=1, first=(t:1, i:245), STATEMACHINELOGENTRY, StateMachineLogEntryProto:8441@client-BE1E56DD0B20
2024-10-16 23:57:32,832 DEBUG server.RaftServer$Division (RaftServerImpl.java:logAppendEntries(1549)) - s9@group-676CD6864C30: appendEntries* reply s5<-s9#8428:OK-t1,SUCCESS,nextIndex=244,followerCommit=242,matchIndex=243
2024-10-16 23:57:32,832 DEBUG server.RaftServer$Division (RaftServerImpl.java:logAppendEntries(1549)) - s13@group-676CD6864C30: appendEntries* reply s5<-s13#8438:OK-t1,SUCCESS,nextIndex=245,followerCommit=243,matchIndex=244
2024-10-16 23:57:32,834 DEBUG server.RaftServer$Division (RaftServerImpl.java:logAppendEntries(1549)) - s7@group-676CD6864C30: appendEntries* s5->s7#8452-t1,previous=(t:1, i:243),leaderCommit=244,initializing? false,entries: size=2, first=(t:1, i:244), METADATAENTRY(c:243)
2024-10-16 23:57:32,834 DEBUG server.RaftServer$Division (RaftServerImpl.java:logAppendEntries(1549)) - s11@group-676CD6864C30: appendEntries* reply s5<-s11#8451:OK-t1,SUCCESS,nextIndex=246,followerCommit=244,matchIndex=245
2024-10-16 23:57:32,834 DEBUG server.RaftServer$Division (RaftServerImpl.java:logAppendEntries(1549)) - s4@group-676CD6864C30: appendEntries* reply s5<-s4#8449:OK-t1,SUCCESS,nextIndex=246,followerCommit=243,matchIndex=245
2024-10-16 23:57:32,833 DEBUG server.RaftServer$Division (RaftServerImpl.java:logAppendEntries(1549)) - s12@group-676CD6864C30: appendEntries* reply s5<-s12#8450:OK-t1,SUCCESS,nextIndex=246,followerCommit=243,matchIndex=245
2024-10-16 23:57:32,833 DEBUG server.RaftServer$Division (RaftServerImpl.java:logAppendEntries(1549)) - s0@group-676CD6864C30: appendEntries* reply s5<-s0#8446:OK-t1,SUCCESS,nextIndex=246,followerCommit=243,matchIndex=245
2024-10-16 23:57:32,834 DEBUG server.RaftServer$Division (RaftServerImpl.java:logAppendEntries(1549)) - s1@group-676CD6864C30: appendEntries* reply s5<-s1#8445:OK-t1,SUCCESS,nextIndex=246,followerCommit=243,matchIndex=245
2024-10-16 23:57:32,834 DEBUG server.RaftServer$Division (RaftServerImpl.java:logAppendEntries(1549)) - s8@group-676CD6864C30: appendEntries* reply s5<-s8#8448:OK-t1,SUCCESS,nextIndex=246,followerCommit=243,matchIndex=245
2024-10-16 23:57:32,835 INFO  statemachine.StateMachine (ArithmeticStateMachine.java:applyTransaction(181)) - LEADER:s5-245: c = √(a^2 + b^2) = 7321
2024-10-16 23:57:32,835 DEBUG server.RaftServer$Division (RaftServerImpl.java:logAppendEntries(1549)) - s11@group-676CD6864C30: appendEntries* s5->s11#8455-t1,previous=(t:1, i:245),leaderCommit=245,initializing? false,entries: size=1, first=(t:1, i:246), METADATAENTRY(c:245)
2024-10-16 23:57:32,835 DEBUG server.RaftServer$Division (RaftServerImpl.java:logAppendEntries(1549)) - s2@group-676CD6864C30: appendEntries* s5->s2#8456-t1,previous=(t:1, i:245),leaderCommit=245,initializing? false,entries: size=1, first=(t:1, i:246), METADATAENTRY(c:245)
2024-10-16 23:57:32,835 DEBUG server.RaftServer$Division (RaftServerImpl.java:logAppendEntries(1549)) - s4@group-676CD6864C30: appendEntries* s5->s4#8458-t1,previous=(t:1, i:245),leaderCommit=245,initializing? false,entries: size=1, first=(t:1, i:246), METADATAENTRY(c:245)
2024-10-16 23:57:32,835 DEBUG server.RaftServer$Division (RaftServerImpl.java:submitClientRequestAsync(920)) - s5@group-676CD6864C30: receive client request(RaftClientRequest:client-BE1E56DD0B20->s5@group-676CD6864C30, cid=8461, seq=null, RW, Message:01016100)
2024-10-16 23:57:32,835 DEBUG server.RaftServer$Division (LeaderStateImpl.java:addPendingRequest(529)) - s5@group-676CD6864C30-LeaderStateImpl: addPendingRequest at RaftClientRequest:client-BE1E56DD0B20->s5@group-676CD6864C30, cid=8461, seq=null, RW, Message:01016100, entry=(t:1, i:247), STATEMACHINELOGENTRY, WRITE: logData.size=4, stateMachineData.size=0, logEntryProtoSerializedSize=0
2024-10-16 23:57:32,836 DEBUG server.RaftServer$Division (RaftServerImpl.java:logAppendEntries(1549)) - s12@group-676CD6864C30: appendEntries* s5->s12#8459-t1,previous=(t:1, i:245),leaderCommit=245,initializing? false,entries: size=1, first=(t:1, i:246), METADATAENTRY(c:245)
2024-10-16 23:57:32,836 DEBUG server.RaftServer$Division (RaftServerImpl.java:logAppendEntries(1549)) - s4@group-676CD6864C30: appendEntries* reply s5<-s4#8458:OK-t1,SUCCESS,nextIndex=247,followerCommit=245,matchIndex=246
2024-10-16 23:57:32,836 DEBUG server.RaftServer$Division (RaftServerImpl.java:logAppendEntries(1549)) - s11@group-676CD6864C30: appendEntries* reply s5<-s11#8455:OK-t1,SUCCESS,nextIndex=247,followerCommit=245,matchIndex=246
2024-10-16 23:57:32,836 DEBUG server.RaftServer$Division (RaftServerImpl.java:logAppendEntries(1549)) - s14@group-676CD6864C30: appendEntries* s5->s14#8463-t1,previous=(t:1, i:245),leaderCommit=245,initializing? false,entries: size=1, first=(t:1, i:246), METADATAENTRY(c:245)
2024-10-16 23:57:32,836 DEBUG server.RaftServer$Division (RaftServerImpl.java:logAppendEntries(1549)) - s1@group-676CD6864C30: appendEntries* s5->s1#8462-t1,previous=(t:1, i:245),leaderCommit=245,initializing? false,entries: size=1, first=(t:1, i:246), METADATAENTRY(c:245)
2024-10-16 23:57:32,836 DEBUG server.RaftServer$Division (RaftServerImpl.java:logAppendEntries(1549)) - s3@group-676CD6864C30: appendEntries* s5->s3#8464-t1,previous=(t:1, i:245),leaderCommit=245,initializing? false,entries: size=2, first=(t:1, i:246), METADATAENTRY(c:245)
2024-10-16 23:57:32,836 DEBUG server.RaftServer$Division (RaftServerImpl.java:logAppendEntries(1549)) - s0@group-676CD6864C30: appendEntries* s5->s0#8454-t1,previous=(t:1, i:245),leaderCommit=245,initializing? false,entries: size=1, first=(t:1, i:246), METADATAENTRY(c:245)
2024-10-16 23:57:32,836 DEBUG server.RaftServer$Division (RaftServerImpl.java:logAppendEntries(1549)) - s1@group-676CD6864C30: appendEntries* reply s5<-s1#8462:OK-t1,SUCCESS,nextIndex=247,followerCommit=245,matchIndex=246
2024-10-16 23:57:32,836 DEBUG server.RaftServer$Division (RaftServerImpl.java:logAppendEntries(1549)) - s13@group-676CD6864C30: appendEntries* s5->s13#8453-t1,previous=(t:1, i:244),leaderCommit=244,initializing? false,entries: size=1, first=(t:1, i:245), STATEMACHINELOGENTRY, StateMachineLogEntryProto:8441@client-BE1E56DD0B20
2024-10-16 23:57:32,837 DEBUG server.RaftServer$Division (RaftServerImpl.java:logAppendEntries(1549)) - s14@group-676CD6864C30: appendEntries* reply s5<-s14#8463:OK-t1,SUCCESS,nextIndex=247,followerCommit=245,matchIndex=246
2024-10-16 23:57:32,836 DEBUG server.RaftServer$Division (RaftServerImpl.java:logAppendEntries(1549)) - s12@group-676CD6864C30: appendEntries* reply s5<-s12#8459:OK-t1,SUCCESS,nextIndex=247,followerCommit=245,matchIndex=246
2024-10-16 23:57:32,836 DEBUG server.RaftServer$Division (RaftServerImpl.java:logAppendEntries(1549)) - s8@group-676CD6864C30: appendEntries* s5->s8#8460-t1,previous=(t:1, i:245),leaderCommit=245,initializing? false,entries: size=1, first=(t:1, i:246), METADATAENTRY(c:245)
2024-10-16 23:57:32,836 DEBUG server.RaftServer$Division (RaftServerImpl.java:logAppendEntries(1549)) - s2@group-676CD6864C30: appendEntries* reply s5<-s2#8456:OK-t1,SUCCESS,nextIndex=247,followerCommit=245,matchIndex=246
2024-10-16 23:57:32,837 DEBUG server.RaftServer$Division (RaftServerImpl.java:logAppendEntries(1549)) - s3@group-676CD6864C30: appendEntries* reply s5<-s3#8464:OK-t1,SUCCESS,nextIndex=248,followerCommit=245,matchIndex=247
2024-10-16 23:57:32,837 DEBUG server.RaftServer$Division (RaftServerImpl.java:logAppendEntries(1549)) - s14@group-676CD6864C30: appendEntries* s5->s14#8467-t1,previous=(t:1, i:246),leaderCommit=245,initializing? false,entries: size=1, first=(t:1, i:247), STATEMACHINELOGENTRY, StateMachineLogEntryProto:8461@client-BE1E56DD0B20
2024-10-16 23:57:32,837 DEBUG server.RaftServer$Division (RaftServerImpl.java:logAppendEntries(1549)) - s4@group-676CD6864C30: appendEntries* s5->s4#8466-t1,previous=(t:1, i:246),leaderCommit=245,initializing? false,entries: size=1, first=(t:1, i:247), STATEMACHINELOGENTRY, StateMachineLogEntryProto:8461@client-BE1E56DD0B20
2024-10-16 23:57:32,837 DEBUG server.RaftServer$Division (RaftServerImpl.java:logAppendEntries(1549)) - s11@group-676CD6864C30: appendEntries* s5->s11#8465-t1,previous=(t:1, i:246),leaderCommit=245,initializing? false,entries: size=1, first=(t:1, i:247), STATEMACHINELOGENTRY, StateMachineLogEntryProto:8461@client-BE1E56DD0B20
2024-10-16 23:57:32,837 DEBUG server.RaftServer$Division (RaftServerImpl.java:logAppendEntries(1549)) - s0@group-676CD6864C30: appendEntries* reply s5<-s0#8454:OK-t1,SUCCESS,nextIndex=247,followerCommit=245,matchIndex=246
2024-10-16 23:57:32,838 DEBUG server.RaftServer$Division (RaftServerImpl.java:logAppendEntries(1549)) - s1@group-676CD6864C30: appendEntries* s5->s1#8469-t1,previous=(t:1, i:246),leaderCommit=245,initializing? false,entries: size=1, first=(t:1, i:247), STATEMACHINELOGENTRY, StateMachineLogEntryProto:8461@client-BE1E56DD0B20
2024-10-16 23:57:32,838 DEBUG server.RaftServer$Division (RaftServerImpl.java:logAppendEntries(1549)) - s11@group-676CD6864C30: appendEntries* reply s5<-s11#8465:OK-t1,SUCCESS,nextIndex=248,followerCommit=245,matchIndex=247
2024-10-16 23:57:32,838 DEBUG server.RaftServer$Division (RaftServerImpl.java:logAppendEntries(1549)) - s14@group-676CD6864C30: appendEntries* reply s5<-s14#8467:OK-t1,SUCCESS,nextIndex=248,followerCommit=245,matchIndex=247
2024-10-16 23:57:32,837 DEBUG server.RaftServer$Division (RaftServerImpl.java:logAppendEntries(1549)) - s13@group-676CD6864C30: appendEntries* reply s5<-s13#8453:OK-t1,SUCCESS,nextIndex=246,followerCommit=244,matchIndex=245
2024-10-16 23:57:32,837 DEBUG server.RaftServer$Division (RaftServerImpl.java:logAppendEntries(1549)) - s8@group-676CD6864C30: appendEntries* reply s5<-s8#8460:OK-t1,SUCCESS,nextIndex=247,followerCommit=245,matchIndex=246
2024-10-16 23:57:32,838 DEBUG server.RaftServer$Division (RaftServerImpl.java:logAppendEntries(1549)) - s1@group-676CD6864C30: appendEntries* reply s5<-s1#8469:OK-t1,SUCCESS,nextIndex=248,followerCommit=245,matchIndex=247
2024-10-16 23:57:32,838 DEBUG server.RaftServer$Division (RaftServerImpl.java:logAppendEntries(1549)) - s13@group-676CD6864C30: appendEntries* s5->s13#8472-t1,previous=(t:1, i:245),leaderCommit=246,initializing? false,entries: size=2, first=(t:1, i:246), METADATAENTRY(c:245)
2024-10-16 23:57:32,839 DEBUG server.RaftServer$Division (RaftServerImpl.java:logAppendEntries(1549)) - s0@group-676CD6864C30: appendEntries* s5->s0#8471-t1,previous=(t:1, i:246),leaderCommit=246,initializing? false,entries: size=1, first=(t:1, i:247), STATEMACHINELOGENTRY, StateMachineLogEntryProto:8461@client-BE1E56DD0B20
2024-10-16 23:57:32,839 DEBUG server.RaftServer$Division (RaftServerImpl.java:logAppendEntries(1549)) - s10@group-676CD6864C30: appendEntries* s5->s10#8457-t1,previous=(t:1, i:245),leaderCommit=245,initializing? false,entries: size=1, first=(t:1, i:246), METADATAENTRY(c:245)
2024-10-16 23:57:32,838 DEBUG server.RaftServer$Division (RaftServerImpl.java:logAppendEntries(1549)) - s7@group-676CD6864C30: appendEntries* reply s5<-s7#8452:OK-t1,SUCCESS,nextIndex=246,followerCommit=244,matchIndex=245
2024-10-16 23:57:32,838 DEBUG server.RaftServer$Division (RaftServerImpl.java:logAppendEntries(1549)) - s12@group-676CD6864C30: appendEntries* s5->s12#8468-t1,previous=(t:1, i:246),leaderCommit=245,initializing? false,entries: size=1, first=(t:1, i:247), STATEMACHINELOGENTRY, StateMachineLogEntryProto:8461@client-BE1E56DD0B20
2024-10-16 23:57:32,838 DEBUG server.RaftServer$Division (RaftServerImpl.java:logAppendEntries(1549)) - s4@group-676CD6864C30: appendEntries* reply s5<-s4#8466:OK-t1,SUCCESS,nextIndex=248,followerCommit=245,matchIndex=247
2024-10-16 23:57:32,838 DEBUG server.RaftServer$Division (RaftServerImpl.java:logAppendEntries(1549)) - s2@group-676CD6864C30: appendEntries* s5->s2#8470-t1,previous=(t:1, i:246),leaderCommit=246,initializing? false,entries: size=1, first=(t:1, i:247), STATEMACHINELOGENTRY, StateMachineLogEntryProto:8461@client-BE1E56DD0B20
2024-10-16 23:57:32,839 DEBUG server.RaftServer$Division (RaftServerImpl.java:logAppendEntries(1549)) - s10@group-676CD6864C30: appendEntries* reply s5<-s10#8457:OK-t1,SUCCESS,nextIndex=247,followerCommit=245,matchIndex=246
2024-10-16 23:57:32,840 DEBUG server.RaftServer$Division (RaftServerImpl.java:logAppendEntries(1549)) - s12@group-676CD6864C30: appendEntries* reply s5<-s12#8468:OK-t1,SUCCESS,nextIndex=248,followerCommit=245,matchIndex=247
2024-10-16 23:57:32,840 DEBUG server.RaftServer$Division (RaftServerImpl.java:logAppendEntries(1549)) - s2@group-676CD6864C30: appendEntries* reply s5<-s2#8470:OK-t1,SUCCESS,nextIndex=248,followerCommit=246,matchIndex=247
2024-10-16 23:57:32,839 DEBUG server.RaftServer$Division (RaftServerImpl.java:logAppendEntries(1549)) - s13@group-676CD6864C30: appendEntries* reply s5<-s13#8472:OK-t1,SUCCESS,nextIndex=248,followerCommit=246,matchIndex=247
2024-10-16 23:57:32,839 DEBUG server.RaftServer$Division (RaftServerImpl.java:logAppendEntries(1549)) - s8@group-676CD6864C30: appendEntries* s5->s8#8474-t1,previous=(t:1, i:246),leaderCommit=246,initializing? false,entries: size=1, first=(t:1, i:247), STATEMACHINELOGENTRY, StateMachineLogEntryProto:8461@client-BE1E56DD0B20
2024-10-16 23:57:32,839 DEBUG server.RaftServer$Division (RaftServerImpl.java:logAppendEntries(1549)) - s0@group-676CD6864C30: appendEntries* reply s5<-s0#8471:OK-t1,SUCCESS,nextIndex=248,followerCommit=246,matchIndex=247
2024-10-16 23:57:32,840 INFO  statemachine.StateMachine (ArithmeticStateMachine.java:applyTransaction(181)) - LEADER:s5-247: a = null = null
2024-10-16 23:57:32,840 DEBUG server.RaftServer$Division (RaftServerImpl.java:logAppendEntries(1549)) - s8@group-676CD6864C30: appendEntries* reply s5<-s8#8474:OK-t1,SUCCESS,nextIndex=248,followerCommit=246,matchIndex=247
2024-10-16 23:57:32,841 DEBUG server.RaftServer$Division (RaftServerImpl.java:logAppendEntries(1549)) - s4@group-676CD6864C30: appendEntries* s5->s4#8478-t1,previous=(t:1, i:247),leaderCommit=247,initializing? false,entries: size=1, first=(t:1, i:248), METADATAENTRY(c:247)
2024-10-16 23:57:32,841 DEBUG server.RaftServer$Division (RaftServerImpl.java:submitClientRequestAsync(920)) - s5@group-676CD6864C30: receive client request(RaftClientRequest:client-BE1E56DD0B20->s5@group-676CD6864C30, cid=8485, seq=null, RW, Message:01016200)
2024-10-16 23:57:32,841 DEBUG server.RaftServer$Division (RaftServerImpl.java:logAppendEntries(1549)) - s8@group-676CD6864C30: appendEntries* s5->s8#8486-t1,previous=(t:1, i:247),leaderCommit=247,initializing? false,entries: size=1, first=(t:1, i:248), METADATAENTRY(c:247)
2024-10-16 23:57:32,841 DEBUG server.RaftServer$Division (RaftServerImpl.java:logAppendEntries(1549)) - s2@group-676CD6864C30: appendEntries* s5->s2#8487-t1,previous=(t:1, i:247),leaderCommit=247,initializing? false,entries: size=1, first=(t:1, i:248), METADATAENTRY(c:247)
2024-10-16 23:57:32,842 DEBUG server.RaftServer$Division (RaftServerImpl.java:logAppendEntries(1549)) - s8@group-676CD6864C30: appendEntries* reply s5<-s8#8486:OK-t1,SUCCESS,nextIndex=249,followerCommit=247,matchIndex=248
2024-10-16 23:57:32,842 DEBUG server.RaftServer$Division (RaftServerImpl.java:logAppendEntries(1549)) - s0@group-676CD6864C30: appendEntries* s5->s0#8488-t1,previous=(t:1, i:247),leaderCommit=247,initializing? false,entries: size=1, first=(t:1, i:248), METADATAENTRY(c:247)
2024-10-16 23:57:32,842 DEBUG server.RaftServer$Division (RaftServerImpl.java:logAppendEntries(1549)) - s13@group-676CD6864C30: appendEntries* s5->s13#8479-t1,previous=(t:1, i:247),leaderCommit=247,initializing? false,entries: size=1, first=(t:1, i:248), METADATAENTRY(c:247)
2024-10-16 23:57:32,842 DEBUG server.RaftServer$Division (RaftServerImpl.java:logAppendEntries(1549)) - s8@group-676CD6864C30: appendEntries* s5->s8#8489-t1,previous=(t:1, i:248),leaderCommit=247,initializing? false,entries: size=1, first=(t:1, i:249), STATEMACHINELOGENTRY, StateMachineLogEntryProto:8485@client-BE1E56DD0B20
2024-10-16 23:57:32,842 DEBUG server.RaftServer$Division (RaftServerImpl.java:logAppendEntries(1549)) - s2@group-676CD6864C30: appendEntries* reply s5<-s2#8487:OK-t1,SUCCESS,nextIndex=249,followerCommit=247,matchIndex=248
2024-10-16 23:57:32,840 DEBUG server.RaftServer$Division (RaftServerImpl.java:logAppendEntries(1549)) - s7@group-676CD6864C30: appendEntries* s5->s7#8475-t1,previous=(t:1, i:245),leaderCommit=246,initializing? false,entries: size=2, first=(t:1, i:246), METADATAENTRY(c:245)
2024-10-16 23:57:32,842 DEBUG server.RaftServer$Division (RaftServerImpl.java:logAppendEntries(1549)) - s8@group-676CD6864C30: appendEntries* reply s5<-s8#8489:OK-t1,SUCCESS,nextIndex=250,followerCommit=247,matchIndex=249
2024-10-16 23:57:32,843 DEBUG server.RaftServer$Division (RaftServerImpl.java:logAppendEntries(1549)) - s2@group-676CD6864C30: appendEntries* s5->s2#8490-t1,previous=(t:1, i:248),leaderCommit=247,initializing? false,entries: size=1, first=(t:1, i:249), STATEMACHINELOGENTRY, StateMachineLogEntryProto:8485@client-BE1E56DD0B20
2024-10-16 23:57:32,843 DEBUG server.RaftServer$Division (RaftServerImpl.java:logAppendEntries(1549)) - s2@group-676CD6864C30: appendEntries* reply s5<-s2#8490:OK-t1,SUCCESS,nextIndex=250,followerCommit=247,matchIndex=249
2024-10-16 23:57:32,842 DEBUG server.RaftServer$Division (RaftServerImpl.java:logAppendEntries(1549)) - s10@group-676CD6864C30: appendEntries* s5->s10#8476-t1,previous=(t:1, i:246),leaderCommit=246,initializing? false,entries: size=1, first=(t:1, i:247), STATEMACHINELOGENTRY, StateMachineLogEntryProto:8461@client-BE1E56DD0B20
2024-10-16 23:57:32,842 DEBUG server.RaftServer$Division (RaftServerImpl.java:logAppendEntries(1549)) - s13@group-676CD6864C30: appendEntries* reply s5<-s13#8479:OK-t1,SUCCESS,nextIndex=249,followerCommit=247,matchIndex=248
2024-10-16 23:57:32,842 DEBUG server.RaftServer$Division (RaftServerImpl.java:logAppendEntries(1549)) - s0@group-676CD6864C30: appendEntries* reply s5<-s0#8488:OK-t1,SUCCESS,nextIndex=249,followerCommit=247,matchIndex=248
2024-10-16 23:57:32,842 DEBUG server.RaftServer$Division (RaftServerImpl.java:logAppendEntries(1549)) - s14@group-676CD6864C30: appendEntries* s5->s14#8480-t1,previous=(t:1, i:247),leaderCommit=247,initializing? false,entries: size=1, first=(t:1, i:248), METADATAENTRY(c:247)
2024-10-16 23:57:32,841 DEBUG server.RaftServer$Division (RaftServerImpl.java:logAppendEntries(1549)) - s12@group-676CD6864C30: appendEntries* s5->s12#8482-t1,previous=(t:1, i:247),leaderCommit=247,initializing? false,entries: size=1, first=(t:1, i:248), METADATAENTRY(c:247)
2024-10-16 23:57:32,841 DEBUG server.RaftServer$Division (RaftServerImpl.java:logAppendEntries(1549)) - s1@group-676CD6864C30: appendEntries* s5->s1#8484-t1,previous=(t:1, i:247),leaderCommit=247,initializing? false,entries: size=1, first=(t:1, i:248), METADATAENTRY(c:247)
2024-10-16 23:57:32,841 DEBUG server.RaftServer$Division (RaftServerImpl.java:logAppendEntries(1549)) - s11@group-676CD6864C30: appendEntries* s5->s11#8481-t1,previous=(t:1, i:247),leaderCommit=247,initializing? false,entries: size=1, first=(t:1, i:248), METADATAENTRY(c:247)
2024-10-16 23:57:32,844 DEBUG server.RaftServer$Division (RaftServerImpl.java:logAppendEntries(1549)) - s14@group-676CD6864C30: appendEntries* reply s5<-s14#8480:OK-t1,SUCCESS,nextIndex=249,followerCommit=247,matchIndex=248
2024-10-16 23:57:32,841 DEBUG server.RaftServer$Division (RaftServerImpl.java:logAppendEntries(1549)) - s3@group-676CD6864C30: appendEntries* s5->s3#8483-t1,previous=(t:1, i:247),leaderCommit=247,initializing? false,entries: size=1, first=(t:1, i:248), METADATAENTRY(c:247)
2024-10-16 23:57:32,841 DEBUG server.RaftServer$Division (RaftServerImpl.java:logAppendEntries(1549)) - s4@group-676CD6864C30: appendEntries* reply s5<-s4#8478:OK-t1,SUCCESS,nextIndex=249,followerCommit=247,matchIndex=248
2024-10-16 23:57:32,844 DEBUG server.RaftServer$Division (RaftServerImpl.java:logAppendEntries(1549)) - s11@group-676CD6864C30: appendEntries* reply s5<-s11#8481:OK-t1,SUCCESS,nextIndex=249,followerCommit=247,matchIndex=248
2024-10-16 23:57:32,841 DEBUG server.RaftServer$Division (LeaderStateImpl.java:addPendingRequest(529)) - s5@group-676CD6864C30-LeaderStateImpl: addPendingRequest at RaftClientRequest:client-BE1E56DD0B20->s5@group-676CD6864C30, cid=8485, seq=null, RW, Message:01016200, entry=(t:1, i:249), STATEMACHINELOGENTRY, WRITE: logData.size=4, stateMachineData.size=0, logEntryProtoSerializedSize=0
2024-10-16 23:57:32,844 DEBUG server.RaftServer$Division (RaftServerImpl.java:logAppendEntries(1549)) - s3@group-676CD6864C30: appendEntries* reply s5<-s3#8483:OK-t1,SUCCESS,nextIndex=249,followerCommit=247,matchIndex=248
2024-10-16 23:57:32,845 DEBUG server.RaftServer$Division (RaftServerImpl.java:logAppendEntries(1549)) - s4@group-676CD6864C30: appendEntries* s5->s4#8494-t1,previous=(t:1, i:248),leaderCommit=247,initializing? false,entries: size=1, first=(t:1, i:249), STATEMACHINELOGENTRY, StateMachineLogEntryProto:8485@client-BE1E56DD0B20
2024-10-16 23:57:32,844 DEBUG server.RaftServer$Division (RaftServerImpl.java:logAppendEntries(1549)) - s1@group-676CD6864C30: appendEntries* reply s5<-s1#8484:OK-t1,SUCCESS,nextIndex=249,followerCommit=247,matchIndex=248
2024-10-16 23:57:32,844 DEBUG server.RaftServer$Division (RaftServerImpl.java:logAppendEntries(1549)) - s13@group-676CD6864C30: appendEntries* s5->s13#8492-t1,previous=(t:1, i:248),leaderCommit=247,initializing? false,entries: size=1, first=(t:1, i:249), STATEMACHINELOGENTRY, StateMachineLogEntryProto:8485@client-BE1E56DD0B20
2024-10-16 23:57:32,844 DEBUG server.RaftServer$Division (RaftServerImpl.java:logAppendEntries(1549)) - s12@group-676CD6864C30: appendEntries* reply s5<-s12#8482:OK-t1,SUCCESS,nextIndex=249,followerCommit=247,matchIndex=248
2024-10-16 23:57:32,845 DEBUG server.RaftServer$Division (RaftServerImpl.java:logAppendEntries(1549)) - s4@group-676CD6864C30: appendEntries* reply s5<-s4#8494:OK-t1,SUCCESS,nextIndex=250,followerCommit=247,matchIndex=249
2024-10-16 23:57:32,846 DEBUG server.RaftServer$Division (RaftServerImpl.java:logAppendEntries(1549)) - s13@group-676CD6864C30: appendEntries* reply s5<-s13#8492:OK-t1,SUCCESS,nextIndex=250,followerCommit=247,matchIndex=249
2024-10-16 23:57:32,846 DEBUG server.RaftServer$Division (RaftServerImpl.java:logAppendEntries(1549)) - s3@group-676CD6864C30: appendEntries* s5->s3#8496-t1,previous=(t:1, i:248),leaderCommit=248,initializing? false,entries: size=1, first=(t:1, i:249), STATEMACHINELOGENTRY, StateMachineLogEntryProto:8485@client-BE1E56DD0B20
2024-10-16 23:57:32,846 DEBUG server.RaftServer$Division (RaftServerImpl.java:logAppendEntries(1549)) - s12@group-676CD6864C30: appendEntries* s5->s12#8497-t1,previous=(t:1, i:248),leaderCommit=248,initializing? false,entries: size=1, first=(t:1, i:249), STATEMACHINELOGENTRY, StateMachineLogEntryProto:8485@client-BE1E56DD0B20
2024-10-16 23:57:32,846 DEBUG server.RaftServer$Division (RaftServerImpl.java:logAppendEntries(1549)) - s3@group-676CD6864C30: appendEntries* reply s5<-s3#8496:OK-t1,SUCCESS,nextIndex=250,followerCommit=248,matchIndex=249
2024-10-16 23:57:32,846 DEBUG server.RaftServer$Division (RaftServerImpl.java:logAppendEntries(1549)) - s12@group-676CD6864C30: appendEntries* reply s5<-s12#8497:OK-t1,SUCCESS,nextIndex=250,followerCommit=248,matchIndex=249
2024-10-16 23:57:32,847 DEBUG server.RaftServer$Division (RaftServerImpl.java:logAppendEntries(1549)) - s1@group-676CD6864C30: appendEntries* s5->s1#8498-t1,previous=(t:1, i:248),leaderCommit=248,initializing? false,entries: size=1, first=(t:1, i:249), STATEMACHINELOGENTRY, StateMachineLogEntryProto:8485@client-BE1E56DD0B20
2024-10-16 23:57:32,844 DEBUG server.RaftServer$Division (RaftServerImpl.java:logAppendEntries(1549)) - s0@group-676CD6864C30: appendEntries* s5->s0#8491-t1,previous=(t:1, i:248),leaderCommit=247,initializing? false,entries: size=1, first=(t:1, i:249), STATEMACHINELOGENTRY, StateMachineLogEntryProto:8485@client-BE1E56DD0B20
2024-10-16 23:57:32,847 DEBUG server.RaftServer$Division (RaftServerImpl.java:logAppendEntries(1549)) - s1@group-676CD6864C30: appendEntries* reply s5<-s1#8498:OK-t1,SUCCESS,nextIndex=250,followerCommit=248,matchIndex=249
2024-10-16 23:57:32,847 DEBUG server.RaftServer$Division (RaftServerImpl.java:logAppendEntries(1549)) - s0@group-676CD6864C30: appendEntries* reply s5<-s0#8491:OK-t1,SUCCESS,nextIndex=250,followerCommit=247,matchIndex=249
2024-10-16 23:57:32,848 INFO  statemachine.StateMachine (ArithmeticStateMachine.java:applyTransaction(181)) - LEADER:s5-249: b = null = null
2024-10-16 23:57:32,848 DEBUG server.RaftServer$Division (RaftServerImpl.java:logAppendEntries(1549)) - s0@group-676CD6864C30: appendEntries* s5->s0#8500-t1,previous=(t:1, i:249),leaderCommit=249,initializing? false,entries: size=1, first=(t:1, i:250), METADATAENTRY(c:249)
2024-10-16 23:57:32,848 DEBUG server.RaftServer$Division (RaftServerImpl.java:logAppendEntries(1549)) - s8@group-676CD6864C30: appendEntries* s5->s8#8501-t1,previous=(t:1, i:249),leaderCommit=249,initializing? false,entries: size=1, first=(t:1, i:250), METADATAENTRY(c:249)
2024-10-16 23:57:32,848 DEBUG server.RaftServer$Division (RaftServerImpl.java:logAppendEntries(1549)) - s12@group-676CD6864C30: appendEntries* s5->s12#8499-t1,previous=(t:1, i:249),leaderCommit=249,initializing? false,entries: size=1, first=(t:1, i:250), METADATAENTRY(c:249)
2024-10-16 23:57:32,848 DEBUG server.RaftServer$Division (RaftServerImpl.java:logAppendEntries(1549)) - s2@group-676CD6864C30: appendEntries* s5->s2#8502-t1,previous=(t:1, i:249),leaderCommit=249,initializing? false,entries: size=1, first=(t:1, i:250), METADATAENTRY(c:249)
2024-10-16 23:57:32,848 DEBUG server.RaftServer$Division (RaftServerImpl.java:logAppendEntries(1549)) - s8@group-676CD6864C30: appendEntries* reply s5<-s8#8501:OK-t1,SUCCESS,nextIndex=251,followerCommit=249,matchIndex=250
2024-10-16 23:57:32,849 DEBUG server.RaftServer$Division (RaftServerImpl.java:logAppendEntries(1549)) - s0@group-676CD6864C30: appendEntries* reply s5<-s0#8500:OK-t1,SUCCESS,nextIndex=251,followerCommit=249,matchIndex=250
2024-10-16 23:57:32,849 DEBUG server.RaftServer$Division (RaftServerImpl.java:logAppendEntries(1549)) - s2@group-676CD6864C30: appendEntries* reply s5<-s2#8502:OK-t1,SUCCESS,nextIndex=251,followerCommit=249,matchIndex=250
2024-10-16 23:57:32,849 DEBUG server.RaftServer$Division (RaftServerImpl.java:logAppendEntries(1549)) - s3@group-676CD6864C30: appendEntries* s5->s3#8505-t1,previous=(t:1, i:249),leaderCommit=249,initializing? false,entries: size=1, first=(t:1, i:250), METADATAENTRY(c:249)
2024-10-16 23:57:32,850 DEBUG server.RaftServer$Division (RaftServerImpl.java:logAppendEntries(1549)) - s1@group-676CD6864C30: appendEntries* s5->s1#8506-t1,previous=(t:1, i:249),leaderCommit=249,initializing? false,entries: size=1, first=(t:1, i:250), METADATAENTRY(c:249)
2024-10-16 23:57:32,850 DEBUG server.RaftServer$Division (RaftServerImpl.java:logAppendEntries(1549)) - s3@group-676CD6864C30: appendEntries* reply s5<-s3#8505:OK-t1,SUCCESS,nextIndex=251,followerCommit=249,matchIndex=250
2024-10-16 23:57:32,850 DEBUG server.RaftServer$Division (RaftServerImpl.java:logAppendEntries(1549)) - s1@group-676CD6864C30: appendEntries* reply s5<-s1#8506:OK-t1,SUCCESS,nextIndex=251,followerCommit=249,matchIndex=250
2024-10-16 23:57:32,843 DEBUG server.RaftServer$Division (RaftServerImpl.java:logAppendEntries(1549)) - s9@group-676CD6864C30: appendEntries* s5->s9#8473-t1,previous=(t:1, i:243),leaderCommit=246,initializing? false,entries: size=4, first=(t:1, i:244), METADATAENTRY(c:243)
2024-10-16 23:57:32,843 DEBUG server.RaftServer$Division (RaftServerImpl.java:logAppendEntries(1549)) - s6@group-676CD6864C30: appendEntries* s5->s6#8477-t1,previous=(t:1, i:243),leaderCommit=246,initializing? false,entries: size=4, first=(t:1, i:244), METADATAENTRY(c:243)
2024-10-16 23:57:32,843 DEBUG server.RaftServer$Division (RaftServerImpl.java:logAppendEntries(1549)) - s7@group-676CD6864C30: appendEntries* reply s5<-s7#8475:OK-t1,SUCCESS,nextIndex=248,followerCommit=246,matchIndex=247
2024-10-16 23:57:32,851 DEBUG server.RaftServer$Division (RaftServerImpl.java:logAppendEntries(1549)) - s9@group-676CD6864C30: appendEntries* reply s5<-s9#8473:OK-t1,SUCCESS,nextIndex=248,followerCommit=246,matchIndex=247
2024-10-16 23:57:32,851 DEBUG server.RaftServer$Division (RaftServerImpl.java:logAppendEntries(1549)) - s7@group-676CD6864C30: appendEntries* s5->s7#8508-t1,previous=(t:1, i:247),leaderCommit=249,initializing? false,entries: size=3, first=(t:1, i:248), METADATAENTRY(c:247)
2024-10-16 23:57:32,849 DEBUG server.RaftServer$Division (RaftServerImpl.java:logAppendEntries(1549)) - s13@group-676CD6864C30: appendEntries* s5->s13#8503-t1,previous=(t:1, i:249),leaderCommit=249,initializing? false,entries: size=1, first=(t:1, i:250), METADATAENTRY(c:249)
2024-10-16 23:57:32,848 DEBUG server.RaftServer$Division (RaftServerImpl.java:logAppendEntries(1549)) - s12@group-676CD6864C30: appendEntries* reply s5<-s12#8499:OK-t1,SUCCESS,nextIndex=251,followerCommit=249,matchIndex=250
2024-10-16 23:57:32,848 DEBUG server.RaftServer$Division (RaftServerImpl.java:logAppendEntries(1549)) - s4@group-676CD6864C30: appendEntries* s5->s4#8504-t1,previous=(t:1, i:249),leaderCommit=249,initializing? false,entries: size=1, first=(t:1, i:250), METADATAENTRY(c:249)
2024-10-16 23:57:32,848 DEBUG server.RaftServer$Division (RaftServerImpl.java:submitClientRequestAsync(920)) - s5@group-676CD6864C30: receive client request(RaftClientRequest:client-BE1E56DD0B20->s5@group-676CD6864C30, cid=8507, seq=null, RW, Message:01016300)
2024-10-16 23:57:32,845 DEBUG server.RaftServer$Division (RaftServerImpl.java:logAppendEntries(1549)) - s11@group-676CD6864C30: appendEntries* s5->s11#8495-t1,previous=(t:1, i:248),leaderCommit=247,initializing? false,entries: size=1, first=(t:1, i:249), STATEMACHINELOGENTRY, StateMachineLogEntryProto:8485@client-BE1E56DD0B20
2024-10-16 23:57:32,845 DEBUG server.RaftServer$Division (RaftServerImpl.java:logAppendEntries(1549)) - s10@group-676CD6864C30: appendEntries* reply s5<-s10#8476:OK-t1,SUCCESS,nextIndex=248,followerCommit=246,matchIndex=247
2024-10-16 23:57:32,845 DEBUG server.RaftServer$Division (RaftServerImpl.java:logAppendEntries(1549)) - s14@group-676CD6864C30: appendEntries* s5->s14#8493-t1,previous=(t:1, i:248),leaderCommit=247,initializing? false,entries: size=1, first=(t:1, i:249), STATEMACHINELOGENTRY, StateMachineLogEntryProto:8485@client-BE1E56DD0B20
2024-10-16 23:57:32,853 DEBUG server.RaftServer$Division (RaftServerImpl.java:logAppendEntries(1549)) - s4@group-676CD6864C30: appendEntries* reply s5<-s4#8504:OK-t1,SUCCESS,nextIndex=251,followerCommit=249,matchIndex=250
2024-10-16 23:57:32,852 DEBUG server.RaftServer$Division (LeaderStateImpl.java:addPendingRequest(529)) - s5@group-676CD6864C30-LeaderStateImpl: addPendingRequest at RaftClientRequest:client-BE1E56DD0B20->s5@group-676CD6864C30, cid=8507, seq=null, RW, Message:01016300, entry=(t:1, i:251), STATEMACHINELOGENTRY, WRITE: logData.size=4, stateMachineData.size=0, logEntryProtoSerializedSize=0
2024-10-16 23:57:32,853 DEBUG server.RaftServer$Division (RaftServerImpl.java:logAppendEntries(1549)) - s14@group-676CD6864C30: appendEntries* reply s5<-s14#8493:OK-t1,SUCCESS,nextIndex=250,followerCommit=247,matchIndex=249
2024-10-16 23:57:32,852 DEBUG server.RaftServer$Division (RaftServerImpl.java:logAppendEntries(1549)) - s6@group-676CD6864C30: appendEntries* reply s5<-s6#8477:OK-t1,SUCCESS,nextIndex=248,followerCommit=246,matchIndex=247
2024-10-16 23:57:32,852 DEBUG server.RaftServer$Division (RaftServerImpl.java:logAppendEntries(1549)) - s7@group-676CD6864C30: appendEntries* reply s5<-s7#8508:OK-t1,SUCCESS,nextIndex=251,followerCommit=249,matchIndex=250
2024-10-16 23:57:32,853 DEBUG server.RaftServer$Division (RaftServerImpl.java:logAppendEntries(1549)) - s2@group-676CD6864C30: appendEntries* s5->s2#8516-t1,previous=(t:1, i:250),leaderCommit=250,initializing? false,entries: size=1, first=(t:1, i:251), STATEMACHINELOGENTRY, StateMachineLogEntryProto:8507@client-BE1E56DD0B20
2024-10-16 23:57:32,853 DEBUG server.RaftServer$Division (RaftServerImpl.java:logAppendEntries(1549)) - s8@group-676CD6864C30: appendEntries* s5->s8#8514-t1,previous=(t:1, i:250),leaderCommit=249,initializing? false,entries: size=1, first=(t:1, i:251), STATEMACHINELOGENTRY, StateMachineLogEntryProto:8507@client-BE1E56DD0B20
2024-10-16 23:57:32,853 DEBUG server.RaftServer$Division (RaftServerImpl.java:logAppendEntries(1549)) - s13@group-676CD6864C30: appendEntries* reply s5<-s13#8503:OK-t1,SUCCESS,nextIndex=251,followerCommit=249,matchIndex=250
2024-10-16 23:57:32,854 DEBUG server.RaftServer$Division (RaftServerImpl.java:logAppendEntries(1549)) - s0@group-676CD6864C30: appendEntries* s5->s0#8512-t1,previous=(t:1, i:250),leaderCommit=249,initializing? false,entries: size=1, first=(t:1, i:251), STATEMACHINELOGENTRY, StateMachineLogEntryProto:8507@client-BE1E56DD0B20
2024-10-16 23:57:32,854 DEBUG server.RaftServer$Division (RaftServerImpl.java:logAppendEntries(1549)) - s8@group-676CD6864C30: appendEntries* reply s5<-s8#8514:OK-t1,SUCCESS,nextIndex=252,followerCommit=249,matchIndex=251
2024-10-16 23:57:32,854 DEBUG server.RaftServer$Division (RaftServerImpl.java:logAppendEntries(1549)) - s4@group-676CD6864C30: appendEntries* s5->s4#8515-t1,previous=(t:1, i:250),leaderCommit=249,initializing? false,entries: size=1, first=(t:1, i:251), STATEMACHINELOGENTRY, StateMachineLogEntryProto:8507@client-BE1E56DD0B20
2024-10-16 23:57:32,854 DEBUG server.RaftServer$Division (RaftServerImpl.java:logAppendEntries(1549)) - s14@group-676CD6864C30: appendEntries* s5->s14#8517-t1,previous=(t:1, i:249),leaderCommit=250,initializing? false,entries: size=2, first=(t:1, i:250), METADATAENTRY(c:249)
2024-10-16 23:57:32,853 DEBUG server.RaftServer$Division (RaftServerImpl.java:logAppendEntries(1549)) - s11@group-676CD6864C30: appendEntries* reply s5<-s11#8495:OK-t1,SUCCESS,nextIndex=250,followerCommit=247,matchIndex=249
2024-10-16 23:57:32,853 DEBUG server.RaftServer$Division (RaftServerImpl.java:logAppendEntries(1549)) - s1@group-676CD6864C30: appendEntries* s5->s1#8510-t1,previous=(t:1, i:250),leaderCommit=249,initializing? false,entries: size=1, first=(t:1, i:251), STATEMACHINELOGENTRY, StateMachineLogEntryProto:8507@client-BE1E56DD0B20
2024-10-16 23:57:32,855 DEBUG server.RaftServer$Division (RaftServerImpl.java:logAppendEntries(1549)) - s4@group-676CD6864C30: appendEntries* reply s5<-s4#8515:OK-t1,SUCCESS,nextIndex=252,followerCommit=249,matchIndex=251
2024-10-16 23:57:32,855 DEBUG server.RaftServer$Division (RaftServerImpl.java:logAppendEntries(1549)) - s10@group-676CD6864C30: appendEntries* s5->s10#8518-t1,previous=(t:1, i:247),leaderCommit=250,initializing? false,entries: size=4, first=(t:1, i:248), METADATAENTRY(c:247)
2024-10-16 23:57:32,855 DEBUG server.RaftServer$Division (RaftServerImpl.java:logAppendEntries(1549)) - s0@group-676CD6864C30: appendEntries* reply s5<-s0#8512:OK-t1,SUCCESS,nextIndex=252,followerCommit=249,matchIndex=251
2024-10-16 23:57:32,854 DEBUG server.RaftServer$Division (RaftServerImpl.java:logAppendEntries(1549)) - s2@group-676CD6864C30: appendEntries* reply s5<-s2#8516:OK-t1,SUCCESS,nextIndex=252,followerCommit=250,matchIndex=251
2024-10-16 23:57:32,853 DEBUG server.RaftServer$Division (RaftServerImpl.java:logAppendEntries(1549)) - s3@group-676CD6864C30: appendEntries* s5->s3#8513-t1,previous=(t:1, i:250),leaderCommit=249,initializing? false,entries: size=1, first=(t:1, i:251), STATEMACHINELOGENTRY, StateMachineLogEntryProto:8507@client-BE1E56DD0B20
2024-10-16 23:57:32,853 DEBUG server.RaftServer$Division (RaftServerImpl.java:logAppendEntries(1549)) - s12@group-676CD6864C30: appendEntries* s5->s12#8511-t1,previous=(t:1, i:250),leaderCommit=249,initializing? false,entries: size=1, first=(t:1, i:251), STATEMACHINELOGENTRY, StateMachineLogEntryProto:8507@client-BE1E56DD0B20
2024-10-16 23:57:32,855 DEBUG server.RaftServer$Division (RaftServerImpl.java:logAppendEntries(1549)) - s3@group-676CD6864C30: appendEntries* reply s5<-s3#8513:OK-t1,SUCCESS,nextIndex=252,followerCommit=249,matchIndex=251
2024-10-16 23:57:32,855 DEBUG server.RaftServer$Division (RaftServerImpl.java:logAppendEntries(1549)) - s7@group-676CD6864C30: appendEntries* s5->s7#8519-t1,previous=(t:1, i:250),leaderCommit=250,initializing? false,entries: size=1, first=(t:1, i:251), STATEMACHINELOGENTRY, StateMachineLogEntryProto:8507@client-BE1E56DD0B20
2024-10-16 23:57:32,856 DEBUG server.RaftServer$Division (RaftServerImpl.java:logAppendEntries(1549)) - s12@group-676CD6864C30: appendEntries* reply s5<-s12#8511:OK-t1,SUCCESS,nextIndex=252,followerCommit=249,matchIndex=251
2024-10-16 23:57:32,855 DEBUG server.RaftServer$Division (RaftServerImpl.java:logAppendEntries(1549)) - s6@group-676CD6864C30: appendEntries* s5->s6#8520-t1,previous=(t:1, i:247),leaderCommit=250,initializing? false,entries: size=4, first=(t:1, i:248), METADATAENTRY(c:247)
2024-10-16 23:57:32,855 DEBUG server.RaftServer$Division (RaftServerImpl.java:logAppendEntries(1549)) - s11@group-676CD6864C30: appendEntries* s5->s11#8522-t1,previous=(t:1, i:249),leaderCommit=250,initializing? false,entries: size=2, first=(t:1, i:250), METADATAENTRY(c:249)
2024-10-16 23:57:32,855 DEBUG server.RaftServer$Division (RaftServerImpl.java:logAppendEntries(1549)) - s1@group-676CD6864C30: appendEntries* reply s5<-s1#8510:OK-t1,SUCCESS,nextIndex=252,followerCommit=249,matchIndex=251
2024-10-16 23:57:32,855 DEBUG server.RaftServer$Division (RaftServerImpl.java:logAppendEntries(1549)) - s14@group-676CD6864C30: appendEntries* reply s5<-s14#8517:OK-t1,SUCCESS,nextIndex=252,followerCommit=250,matchIndex=251
2024-10-16 23:57:32,856 DEBUG server.RaftServer$Division (RaftServerImpl.java:logAppendEntries(1549)) - s6@group-676CD6864C30: appendEntries* reply s5<-s6#8520:OK-t1,SUCCESS,nextIndex=252,followerCommit=250,matchIndex=251
2024-10-16 23:57:32,856 INFO  statemachine.StateMachine (ArithmeticStateMachine.java:applyTransaction(181)) - LEADER:s5-251: c = null = null
2024-10-16 23:57:32,856 DEBUG server.RaftServer$Division (RaftServerImpl.java:logAppendEntries(1549)) - s7@group-676CD6864C30: appendEntries* reply s5<-s7#8519:OK-t1,SUCCESS,nextIndex=252,followerCommit=250,matchIndex=251
2024-10-16 23:57:32,855 DEBUG server.RaftServer$Division (RaftServerImpl.java:logAppendEntries(1549)) - s10@group-676CD6864C30: appendEntries* reply s5<-s10#8518:OK-t1,SUCCESS,nextIndex=252,followerCommit=250,matchIndex=251
2024-10-16 23:57:32,857 DEBUG server.RaftServer$Division (RaftServerImpl.java:logAppendEntries(1549)) - s1@group-676CD6864C30: appendEntries* s5->s1#8527-t1,previous=(t:1, i:251),leaderCommit=251,initializing? false,entries: size=1, first=(t:1, i:252), METADATAENTRY(c:251)
2024-10-16 23:57:32,857 DEBUG server.RaftServer$Division (RaftServerImpl.java:logAppendEntries(1549)) - s3@group-676CD6864C30: appendEntries* s5->s3#8525-t1,previous=(t:1, i:251),leaderCommit=251,initializing? false,entries: size=1, first=(t:1, i:252), METADATAENTRY(c:251)
2024-10-16 23:57:32,857 DEBUG server.RaftServer$Division (RaftServerImpl.java:logAppendEntries(1549)) - s8@group-676CD6864C30: appendEntries* s5->s8#8529-t1,previous=(t:1, i:251),leaderCommit=251,initializing? false,entries: size=1, first=(t:1, i:252), METADATAENTRY(c:251)
2024-10-16 23:57:32,857 DEBUG server.RaftServer$Division (RaftServerImpl.java:logAppendEntries(1549)) - s2@group-676CD6864C30: appendEntries* s5->s2#8524-t1,previous=(t:1, i:251),leaderCommit=251,initializing? false,entries: size=1, first=(t:1, i:252), METADATAENTRY(c:251)
2024-10-16 23:57:32,857 DEBUG server.RaftServer$Division (RaftServerImpl.java:logAppendEntries(1549)) - s14@group-676CD6864C30: appendEntries* s5->s14#8530-t1,previous=(t:1, i:251),leaderCommit=251,initializing? false,entries: size=1, first=(t:1, i:252), METADATAENTRY(c:251)
2024-10-16 23:57:32,858 DEBUG server.RaftServer$Division (RaftServerImpl.java:logAppendEntries(1549)) - s0@group-676CD6864C30: appendEntries* s5->s0#8528-t1,previous=(t:1, i:251),leaderCommit=251,initializing? false,entries: size=1, first=(t:1, i:252), METADATAENTRY(c:251)
2024-10-16 23:57:32,858 DEBUG server.RaftServer$Division (RaftServerImpl.java:logAppendEntries(1549)) - s4@group-676CD6864C30: appendEntries* s5->s4#8526-t1,previous=(t:1, i:251),leaderCommit=251,initializing? false,entries: size=1, first=(t:1, i:252), METADATAENTRY(c:251)
2024-10-16 23:57:32,858 DEBUG server.RaftServer$Division (RaftServerImpl.java:logAppendEntries(1549)) - s8@group-676CD6864C30: appendEntries* reply s5<-s8#8529:OK-t1,SUCCESS,nextIndex=253,followerCommit=251,matchIndex=252
2024-10-16 23:57:32,858 DEBUG server.RaftServer$Division (RaftServerImpl.java:logAppendEntries(1549)) - s2@group-676CD6864C30: appendEntries* reply s5<-s2#8524:OK-t1,SUCCESS,nextIndex=253,followerCommit=251,matchIndex=252
2024-10-16 23:57:32,858 DEBUG server.RaftServer$Division (RaftServerImpl.java:logAppendEntries(1549)) - s0@group-676CD6864C30: appendEntries* reply s5<-s0#8528:OK-t1,SUCCESS,nextIndex=253,followerCommit=251,matchIndex=252
2024-10-16 23:57:32,858 DEBUG server.RaftServer$Division (RaftServerImpl.java:logAppendEntries(1549)) - s7@group-676CD6864C30: appendEntries* s5->s7#8531-t1,previous=(t:1, i:251),leaderCommit=251,initializing? false,entries: size=1, first=(t:1, i:252), METADATAENTRY(c:251)
2024-10-16 23:57:32,858 DEBUG server.RaftServer$Division (RaftServerImpl.java:logAppendEntries(1549)) - s4@group-676CD6864C30: appendEntries* reply s5<-s4#8526:OK-t1,SUCCESS,nextIndex=253,followerCommit=251,matchIndex=252
2024-10-16 23:57:32,855 DEBUG server.RaftServer$Division (RaftServerImpl.java:logAppendEntries(1549)) - s13@group-676CD6864C30: appendEntries* s5->s13#8521-t1,previous=(t:1, i:250),leaderCommit=250,initializing? false,entries: size=1, first=(t:1, i:251), STATEMACHINELOGENTRY, StateMachineLogEntryProto:8507@client-BE1E56DD0B20
2024-10-16 23:57:32,859 DEBUG server.RaftServer$Division (RaftServerImpl.java:logAppendEntries(1549)) - s10@group-676CD6864C30: appendEntries* s5->s10#8533-t1,previous=(t:1, i:251),leaderCommit=251,initializing? false,entries: size=1, first=(t:1, i:252), METADATAENTRY(c:251)
2024-10-16 23:57:32,859 DEBUG server.RaftServer$Division (RaftServerImpl.java:logAppendEntries(1549)) - s6@group-676CD6864C30: appendEntries* s5->s6#8532-t1,previous=(t:1, i:251),leaderCommit=251,initializing? false,entries: size=1, first=(t:1, i:252), METADATAENTRY(c:251)
2024-10-16 23:57:32,859 DEBUG server.RaftServer$Division (RaftServerImpl.java:logAppendEntries(1549)) - s7@group-676CD6864C30: appendEntries* reply s5<-s7#8531:OK-t1,SUCCESS,nextIndex=253,followerCommit=251,matchIndex=252
2024-10-16 23:57:32,859 DEBUG server.RaftServer$Division (RaftServerImpl.java:logAppendEntries(1549)) - s10@group-676CD6864C30: appendEntries* reply s5<-s10#8533:OK-t1,SUCCESS,nextIndex=253,followerCommit=251,matchIndex=252
2024-10-16 23:57:32,858 DEBUG server.RaftServer$Division (RaftServerImpl.java:logAppendEntries(1549)) - s14@group-676CD6864C30: appendEntries* reply s5<-s14#8530:OK-t1,SUCCESS,nextIndex=253,followerCommit=251,matchIndex=252
2024-10-16 23:57:32,860 DEBUG server.RaftServer$Division (RaftServerImpl.java:logAppendEntries(1549)) - s9@group-676CD6864C30: appendEntries* s5->s9#8509-t1,previous=(t:1, i:247),leaderCommit=249,initializing? false,entries: size=3, first=(t:1, i:248), METADATAENTRY(c:247)
2024-10-16 23:57:32,857 DEBUG server.RaftServer$Division (RaftServerImpl.java:logAppendEntries(1549)) - s1@group-676CD6864C30: appendEntries* reply s5<-s1#8527:OK-t1,SUCCESS,nextIndex=253,followerCommit=251,matchIndex=252
2024-10-16 23:57:32,857 DEBUG server.RaftServer$Division (RaftServerImpl.java:logAppendEntries(1549)) - s3@group-676CD6864C30: appendEntries* reply s5<-s3#8525:OK-t1,SUCCESS,nextIndex=253,followerCommit=251,matchIndex=252
2024-10-16 23:57:32,857 DEBUG server.RaftServer$Division (RaftServerImpl.java:logAppendEntries(1549)) - s12@group-676CD6864C30: appendEntries* s5->s12#8523-t1,previous=(t:1, i:251),leaderCommit=251,initializing? false,entries: size=1, first=(t:1, i:252), METADATAENTRY(c:251)
2024-10-16 23:57:32,856 DEBUG server.RaftServer$Division (RaftServerImpl.java:logAppendEntries(1549)) - s11@group-676CD6864C30: appendEntries* reply s5<-s11#8522:OK-t1,SUCCESS,nextIndex=252,followerCommit=250,matchIndex=251
2024-10-16 23:57:32,860 DEBUG server.RaftServer$Division (RaftServerImpl.java:logAppendEntries(1549)) - s12@group-676CD6864C30: appendEntries* reply s5<-s12#8523:OK-t1,SUCCESS,nextIndex=253,followerCommit=251,matchIndex=252
2024-10-16 23:57:32,860 DEBUG server.RaftServer$Division (RaftServerImpl.java:logAppendEntries(1549)) - s9@group-676CD6864C30: appendEntries* reply s5<-s9#8509:OK-t1,SUCCESS,nextIndex=251,followerCommit=249,matchIndex=250
2024-10-16 23:57:32,860 DEBUG server.RaftServer$Division (RaftServerImpl.java:logAppendEntries(1549)) - s13@group-676CD6864C30: appendEntries* reply s5<-s13#8521:OK-t1,SUCCESS,nextIndex=252,followerCommit=250,matchIndex=251
2024-10-16 23:57:32,860 DEBUG server.RaftServer$Division (RaftServerImpl.java:logAppendEntries(1549)) - s6@group-676CD6864C30: appendEntries* reply s5<-s6#8532:OK-t1,SUCCESS,nextIndex=253,followerCommit=251,matchIndex=252
2024-10-16 23:57:32,860 DEBUG server.RaftServer$Division (RaftServerImpl.java:logAppendEntries(1549)) - s11@group-676CD6864C30: appendEntries* s5->s11#8534-t1,previous=(t:1, i:251),leaderCommit=252,initializing? false,entries: size=1, first=(t:1, i:252), METADATAENTRY(c:251)
2024-10-16 23:57:32,861 DEBUG server.RaftServer$Division (RaftServerImpl.java:logAppendEntries(1549)) - s11@group-676CD6864C30: appendEntries* reply s5<-s11#8534:OK-t1,SUCCESS,nextIndex=253,followerCommit=252,matchIndex=252
2024-10-16 23:57:32,862 DEBUG server.RaftServer$Division (RaftServerImpl.java:logAppendEntries(1549)) - s13@group-676CD6864C30: appendEntries* s5->s13#8536-t1,previous=(t:1, i:251),leaderCommit=252,initializing? false,entries: size=1, first=(t:1, i:252), METADATAENTRY(c:251)
2024-10-16 23:57:32,862 DEBUG server.RaftServer$Division (RaftServerImpl.java:logAppendEntries(1549)) - s9@group-676CD6864C30: appendEntries* s5->s9#8535-t1,previous=(t:1, i:250),leaderCommit=252,initializing? false,entries: size=2, first=(t:1, i:251), STATEMACHINELOGENTRY, StateMachineLogEntryProto:8507@client-BE1E56DD0B20
2024-10-16 23:57:32,862 DEBUG server.RaftServer$Division (RaftServerImpl.java:logAppendEntries(1549)) - s13@group-676CD6864C30: appendEntries* reply s5<-s13#8536:OK-t1,SUCCESS,nextIndex=253,followerCommit=252,matchIndex=252
2024-10-16 23:57:32,862 DEBUG server.RaftServer$Division (RaftServerImpl.java:logAppendEntries(1549)) - s9@group-676CD6864C30: appendEntries* reply s5<-s9#8535:OK-t1,SUCCESS,nextIndex=253,followerCommit=252,matchIndex=252
2024-10-16 23:57:32,866 INFO  impl.GroupManagementBaseTest (GroupManagementBaseTest.java:runMultiGroupTest(338)) - update groups: printing ALL groups
  s3:  RUNNING [
   FOLLOWER s3@group-9EBC86A0B11D:t0, leader=null, voted=, raftlog=Memoized:s3@group-9EBC86A0B11D-SegmentedRaftLog:OPENED:c-1:lastnull, conf=conf: {index: -1, cur=peers:[]|listeners:[], old=null} STARTING
   FOLLOWER s3@group-676CD6864C30:t1, leader=s5, voted=null, raftlog=Memoized:s3@group-676CD6864C30-SegmentedRaftLog:OPENED:c251:last(t:1, i:252), conf=conf: {index: 131, cur=peers:[s3|0.0.0.0:15018, s4|0.0.0.0:15019, s5|0.0.0.0:15020, s6|0.0.0.0:15021, s7|0.0.0.0:15022, s8|0.0.0.0:15023, s9|0.0.0.0:15024, s11|0.0.0.0:15026, s10|0.0.0.0:15025, s13|0.0.0.0:15028, s12|0.0.0.0:15027, s14|0.0.0.0:15029, s0|0.0.0.0:15015, s1|0.0.0.0:15016, s2|0.0.0.0:15017]|listeners:[], old=null} RUNNING] size=2
  s4:  RUNNING [
   FOLLOWER s4@group-9EBC86A0B11D:t0, leader=null, voted=, raftlog=Memoized:s4@group-9EBC86A0B11D-SegmentedRaftLog:OPENED:c-1:lastnull, conf=conf: {index: -1, cur=peers:[]|listeners:[], old=null} STARTING
   FOLLOWER s4@group-676CD6864C30:t1, leader=s5, voted=s5, raftlog=Memoized:s4@group-676CD6864C30-SegmentedRaftLog:OPENED:c251:last(t:1, i:252), conf=conf: {index: 131, cur=peers:[s3|0.0.0.0:15018, s4|0.0.0.0:15019, s5|0.0.0.0:15020, s6|0.0.0.0:15021, s7|0.0.0.0:15022, s8|0.0.0.0:15023, s9|0.0.0.0:15024, s11|0.0.0.0:15026, s10|0.0.0.0:15025, s13|0.0.0.0:15028, s12|0.0.0.0:15027, s14|0.0.0.0:15029, s0|0.0.0.0:15015, s1|0.0.0.0:15016, s2|0.0.0.0:15017]|listeners:[], old=null} RUNNING] size=2
  s5:  RUNNING [
   FOLLOWER s5@group-9EBC86A0B11D:t0, leader=null, voted=, raftlog=Memoized:s5@group-9EBC86A0B11D-SegmentedRaftLog:OPENED:c-1:lastnull, conf=conf: {index: -1, cur=peers:[]|listeners:[], old=null} STARTING
     LEADER s5@group-676CD6864C30:t1, leader=s5, voted=s5, raftlog=Memoized:s5@group-676CD6864C30-SegmentedRaftLog:OPENED:c252:last(t:1, i:252), conf=conf: {index: 131, cur=peers:[s3|0.0.0.0:15018, s4|0.0.0.0:15019, s5|0.0.0.0:15020, s6|0.0.0.0:15021, s7|0.0.0.0:15022, s8|0.0.0.0:15023, s9|0.0.0.0:15024, s11|0.0.0.0:15026, s10|0.0.0.0:15025, s13|0.0.0.0:15028, s12|0.0.0.0:15027, s14|0.0.0.0:15029, s0|0.0.0.0:15015, s1|0.0.0.0:15016, s2|0.0.0.0:15017]|listeners:[], old=null} RUNNING] size=2
  s6:  RUNNING [
   FOLLOWER s6@group-9EBC86A0B11D:t0, leader=null, voted=, raftlog=Memoized:s6@group-9EBC86A0B11D-SegmentedRaftLog:OPENED:c-1:lastnull, conf=conf: {index: -1, cur=peers:[]|listeners:[], old=null} STARTING
   FOLLOWER s6@group-676CD6864C30:t1, leader=s5, voted=s5, raftlog=Memoized:s6@group-676CD6864C30-SegmentedRaftLog:OPENED:c251:last(t:1, i:252), conf=conf: {index: 131, cur=peers:[s3|0.0.0.0:15018, s4|0.0.0.0:15019, s5|0.0.0.0:15020, s6|0.0.0.0:15021, s7|0.0.0.0:15022, s8|0.0.0.0:15023, s9|0.0.0.0:15024, s11|0.0.0.0:15026, s10|0.0.0.0:15025, s13|0.0.0.0:15028, s12|0.0.0.0:15027, s14|0.0.0.0:15029, s0|0.0.0.0:15015, s1|0.0.0.0:15016, s2|0.0.0.0:15017]|listeners:[], old=null} RUNNING] size=2
  s7:  RUNNING [
   FOLLOWER s7@group-9EBC86A0B11D:t0, leader=null, voted=, raftlog=Memoized:s7@group-9EBC86A0B11D-SegmentedRaftLog:OPENED:c-1:lastnull, conf=conf: {index: -1, cur=peers:[]|listeners:[], old=null} STARTING
   FOLLOWER s7@group-676CD6864C30:t1, leader=s5, voted=null, raftlog=Memoized:s7@group-676CD6864C30-SegmentedRaftLog:OPENED:c251:last(t:1, i:252), conf=conf: {index: 131, cur=peers:[s3|0.0.0.0:15018, s4|0.0.0.0:15019, s5|0.0.0.0:15020, s6|0.0.0.0:15021, s7|0.0.0.0:15022, s8|0.0.0.0:15023, s9|0.0.0.0:15024, s11|0.0.0.0:15026, s10|0.0.0.0:15025, s13|0.0.0.0:15028, s12|0.0.0.0:15027, s14|0.0.0.0:15029, s0|0.0.0.0:15015, s1|0.0.0.0:15016, s2|0.0.0.0:15017]|listeners:[], old=null} RUNNING] size=2
  s8:  RUNNING [
   FOLLOWER s8@group-9EBC86A0B11D:t0, leader=null, voted=, raftlog=Memoized:s8@group-9EBC86A0B11D-SegmentedRaftLog:OPENED:c-1:lastnull, conf=conf: {index: -1, cur=peers:[]|listeners:[], old=null} STARTING
   FOLLOWER s8@group-676CD6864C30:t1, leader=s5, voted=null, raftlog=Memoized:s8@group-676CD6864C30-SegmentedRaftLog:OPENED:c251:last(t:1, i:252), conf=conf: {index: 131, cur=peers:[s3|0.0.0.0:15018, s4|0.0.0.0:15019, s5|0.0.0.0:15020, s6|0.0.0.0:15021, s7|0.0.0.0:15022, s8|0.0.0.0:15023, s9|0.0.0.0:15024, s11|0.0.0.0:15026, s10|0.0.0.0:15025, s13|0.0.0.0:15028, s12|0.0.0.0:15027, s14|0.0.0.0:15029, s0|0.0.0.0:15015, s1|0.0.0.0:15016, s2|0.0.0.0:15017]|listeners:[], old=null} RUNNING] size=2
  s9:  RUNNING [
   FOLLOWER s9@group-9EBC86A0B11D:t0, leader=null, voted=, raftlog=Memoized:s9@group-9EBC86A0B11D-SegmentedRaftLog:OPENED:c-1:lastnull, conf=conf: {index: -1, cur=peers:[]|listeners:[], old=null} STARTING
   FOLLOWER s9@group-676CD6864C30:t1, leader=s5, voted=null, raftlog=Memoized:s9@group-676CD6864C30-SegmentedRaftLog:OPENED:c252:last(t:1, i:252), conf=conf: {index: 131, cur=peers:[s3|0.0.0.0:15018, s4|0.0.0.0:15019, s5|0.0.0.0:15020, s6|0.0.0.0:15021, s7|0.0.0.0:15022, s8|0.0.0.0:15023, s9|0.0.0.0:15024, s11|0.0.0.0:15026, s10|0.0.0.0:15025, s13|0.0.0.0:15028, s12|0.0.0.0:15027, s14|0.0.0.0:15029, s0|0.0.0.0:15015, s1|0.0.0.0:15016, s2|0.0.0.0:15017]|listeners:[], old=null} RUNNING] size=2
  s11:  RUNNING [
   FOLLOWER s11@group-9EBC86A0B11D:t0, leader=null, voted=, raftlog=Memoized:s11@group-9EBC86A0B11D-SegmentedRaftLog:OPENED:c-1:lastnull, conf=conf: {index: -1, cur=peers:[]|listeners:[], old=null} STARTING
   FOLLOWER s11@group-676CD6864C30:t1, leader=s5, voted=null, raftlog=Memoized:s11@group-676CD6864C30-SegmentedRaftLog:OPENED:c252:last(t:1, i:252), conf=conf: {index: 131, cur=peers:[s3|0.0.0.0:15018, s4|0.0.0.0:15019, s5|0.0.0.0:15020, s6|0.0.0.0:15021, s7|0.0.0.0:15022, s8|0.0.0.0:15023, s9|0.0.0.0:15024, s11|0.0.0.0:15026, s10|0.0.0.0:15025, s13|0.0.0.0:15028, s12|0.0.0.0:15027, s14|0.0.0.0:15029, s0|0.0.0.0:15015, s1|0.0.0.0:15016, s2|0.0.0.0:15017]|listeners:[], old=null} RUNNING] size=2
  s10:  RUNNING [
   FOLLOWER s10@group-9EBC86A0B11D:t0, leader=null, voted=, raftlog=Memoized:s10@group-9EBC86A0B11D-SegmentedRaftLog:OPENED:c-1:lastnull, conf=conf: {index: -1, cur=peers:[]|listeners:[], old=null} STARTING
   FOLLOWER s10@group-676CD6864C30:t1, leader=s5, voted=null, raftlog=Memoized:s10@group-676CD6864C30-SegmentedRaftLog:OPENED:c251:last(t:1, i:252), conf=conf: {index: 131, cur=peers:[s3|0.0.0.0:15018, s4|0.0.0.0:15019, s5|0.0.0.0:15020, s6|0.0.0.0:15021, s7|0.0.0.0:15022, s8|0.0.0.0:15023, s9|0.0.0.0:15024, s11|0.0.0.0:15026, s10|0.0.0.0:15025, s13|0.0.0.0:15028, s12|0.0.0.0:15027, s14|0.0.0.0:15029, s0|0.0.0.0:15015, s1|0.0.0.0:15016, s2|0.0.0.0:15017]|listeners:[], old=null} RUNNING] size=2
  s13:  RUNNING [
   FOLLOWER s13@group-9EBC86A0B11D:t0, leader=null, voted=, raftlog=Memoized:s13@group-9EBC86A0B11D-SegmentedRaftLog:OPENED:c-1:lastnull, conf=conf: {index: -1, cur=peers:[]|listeners:[], old=null} STARTING
   FOLLOWER s13@group-676CD6864C30:t1, leader=s5, voted=null, raftlog=Memoized:s13@group-676CD6864C30-SegmentedRaftLog:OPENED:c252:last(t:1, i:252), conf=conf: {index: 131, cur=peers:[s3|0.0.0.0:15018, s4|0.0.0.0:15019, s5|0.0.0.0:15020, s6|0.0.0.0:15021, s7|0.0.0.0:15022, s8|0.0.0.0:15023, s9|0.0.0.0:15024, s11|0.0.0.0:15026, s10|0.0.0.0:15025, s13|0.0.0.0:15028, s12|0.0.0.0:15027, s14|0.0.0.0:15029, s0|0.0.0.0:15015, s1|0.0.0.0:15016, s2|0.0.0.0:15017]|listeners:[], old=null} RUNNING] size=2
  s12:  RUNNING [
   FOLLOWER s12@group-9EBC86A0B11D:t0, leader=null, voted=, raftlog=Memoized:s12@group-9EBC86A0B11D-SegmentedRaftLog:OPENED:c-1:lastnull, conf=conf: {index: -1, cur=peers:[]|listeners:[], old=null} STARTING
   FOLLOWER s12@group-676CD6864C30:t1, leader=s5, voted=null, raftlog=Memoized:s12@group-676CD6864C30-SegmentedRaftLog:OPENED:c251:last(t:1, i:252), conf=conf: {index: 131, cur=peers:[s3|0.0.0.0:15018, s4|0.0.0.0:15019, s5|0.0.0.0:15020, s6|0.0.0.0:15021, s7|0.0.0.0:15022, s8|0.0.0.0:15023, s9|0.0.0.0:15024, s11|0.0.0.0:15026, s10|0.0.0.0:15025, s13|0.0.0.0:15028, s12|0.0.0.0:15027, s14|0.0.0.0:15029, s0|0.0.0.0:15015, s1|0.0.0.0:15016, s2|0.0.0.0:15017]|listeners:[], old=null} RUNNING] size=2
  s14:  RUNNING [
   FOLLOWER s14@group-9EBC86A0B11D:t0, leader=null, voted=, raftlog=Memoized:s14@group-9EBC86A0B11D-SegmentedRaftLog:OPENED:c-1:lastnull, conf=conf: {index: -1, cur=peers:[]|listeners:[], old=null} STARTING
   FOLLOWER s14@group-676CD6864C30:t1, leader=s5, voted=null, raftlog=Memoized:s14@group-676CD6864C30-SegmentedRaftLog:OPENED:c251:last(t:1, i:252), conf=conf: {index: 131, cur=peers:[s3|0.0.0.0:15018, s4|0.0.0.0:15019, s5|0.0.0.0:15020, s6|0.0.0.0:15021, s7|0.0.0.0:15022, s8|0.0.0.0:15023, s9|0.0.0.0:15024, s11|0.0.0.0:15026, s10|0.0.0.0:15025, s13|0.0.0.0:15028, s12|0.0.0.0:15027, s14|0.0.0.0:15029, s0|0.0.0.0:15015, s1|0.0.0.0:15016, s2|0.0.0.0:15017]|listeners:[], old=null} RUNNING] size=2
  s0:  RUNNING [
   FOLLOWER s0@group-9EBC86A0B11D:t0, leader=null, voted=, raftlog=Memoized:s0@group-9EBC86A0B11D-SegmentedRaftLog:OPENED:c-1:lastnull, conf=conf: {index: -1, cur=peers:[]|listeners:[], old=null} STARTING
   FOLLOWER s0@group-676CD6864C30:t1, leader=s5, voted=null, raftlog=Memoized:s0@group-676CD6864C30-SegmentedRaftLog:OPENED:c251:last(t:1, i:252), conf=conf: {index: 131, cur=peers:[s3|0.0.0.0:15018, s4|0.0.0.0:15019, s5|0.0.0.0:15020, s6|0.0.0.0:15021, s7|0.0.0.0:15022, s8|0.0.0.0:15023, s9|0.0.0.0:15024, s11|0.0.0.0:15026, s10|0.0.0.0:15025, s13|0.0.0.0:15028, s12|0.0.0.0:15027, s14|0.0.0.0:15029, s0|0.0.0.0:15015, s1|0.0.0.0:15016, s2|0.0.0.0:15017]|listeners:[], old=null} RUNNING] size=2
  s1:  RUNNING [
   FOLLOWER s1@group-9EBC86A0B11D:t0, leader=null, voted=, raftlog=Memoized:s1@group-9EBC86A0B11D-SegmentedRaftLog:OPENED:c-1:lastnull, conf=conf: {index: -1, cur=peers:[]|listeners:[], old=null} STARTING
   FOLLOWER s1@group-676CD6864C30:t1, leader=s5, voted=null, raftlog=Memoized:s1@group-676CD6864C30-SegmentedRaftLog:OPENED:c251:last(t:1, i:252), conf=conf: {index: 131, cur=peers:[s3|0.0.0.0:15018, s4|0.0.0.0:15019, s5|0.0.0.0:15020, s6|0.0.0.0:15021, s7|0.0.0.0:15022, s8|0.0.0.0:15023, s9|0.0.0.0:15024, s11|0.0.0.0:15026, s10|0.0.0.0:15025, s13|0.0.0.0:15028, s12|0.0.0.0:15027, s14|0.0.0.0:15029, s0|0.0.0.0:15015, s1|0.0.0.0:15016, s2|0.0.0.0:15017]|listeners:[], old=null} RUNNING] size=2
  s2:  RUNNING [
   FOLLOWER s2@group-9EBC86A0B11D:t0, leader=null, voted=, raftlog=Memoized:s2@group-9EBC86A0B11D-SegmentedRaftLog:OPENED:c-1:lastnull, conf=conf: {index: -1, cur=peers:[]|listeners:[], old=null} STARTING
   FOLLOWER s2@group-676CD6864C30:t1, leader=s5, voted=null, raftlog=Memoized:s2@group-676CD6864C30-SegmentedRaftLog:OPENED:c251:last(t:1, i:252), conf=conf: {index: 131, cur=peers:[s3|0.0.0.0:15018, s4|0.0.0.0:15019, s5|0.0.0.0:15020, s6|0.0.0.0:15021, s7|0.0.0.0:15022, s8|0.0.0.0:15023, s9|0.0.0.0:15024, s11|0.0.0.0:15026, s10|0.0.0.0:15025, s13|0.0.0.0:15028, s12|0.0.0.0:15027, s14|0.0.0.0:15029, s0|0.0.0.0:15015, s1|0.0.0.0:15016, s2|0.0.0.0:15017]|listeners:[], old=null} RUNNING] size=2
| MiniRaftClusterWithNetty[3, 6, 9, 12, 15]chosen=3 | update groups | 443 |
2024-10-16 23:57:32,866 INFO  impl.MiniRaftCluster (MiniRaftCluster.java:shutdown(847)) - ************************************************************** 
2024-10-16 23:57:32,866 INFO  impl.MiniRaftCluster (MiniRaftCluster.java:shutdown(848)) - *** 
2024-10-16 23:57:32,866 INFO  impl.MiniRaftCluster (MiniRaftCluster.java:shutdown(849)) - ***     Stopping MiniRaftClusterWithNetty
2024-10-16 23:57:32,867 INFO  impl.MiniRaftCluster (MiniRaftCluster.java:shutdown(850)) - *** 
2024-10-16 23:57:32,867 INFO  impl.MiniRaftCluster (MiniRaftCluster.java:shutdown(851)) - ************************************************************** 
2024-10-16 23:57:32,867 INFO  impl.MiniRaftCluster (MiniRaftCluster.java:shutdown(852)) - printing ALL groups
  s3:  RUNNING [
   FOLLOWER s3@group-9EBC86A0B11D:t0, leader=null, voted=, raftlog=Memoized:s3@group-9EBC86A0B11D-SegmentedRaftLog:OPENED:c-1:lastnull, conf=conf: {index: -1, cur=peers:[]|listeners:[], old=null} STARTING
   FOLLOWER s3@group-676CD6864C30:t1, leader=s5, voted=null, raftlog=Memoized:s3@group-676CD6864C30-SegmentedRaftLog:OPENED:c251:last(t:1, i:252), conf=conf: {index: 131, cur=peers:[s3|0.0.0.0:15018, s4|0.0.0.0:15019, s5|0.0.0.0:15020, s6|0.0.0.0:15021, s7|0.0.0.0:15022, s8|0.0.0.0:15023, s9|0.0.0.0:15024, s11|0.0.0.0:15026, s10|0.0.0.0:15025, s13|0.0.0.0:15028, s12|0.0.0.0:15027, s14|0.0.0.0:15029, s0|0.0.0.0:15015, s1|0.0.0.0:15016, s2|0.0.0.0:15017]|listeners:[], old=null} RUNNING] size=2
  s4:  RUNNING [
   FOLLOWER s4@group-9EBC86A0B11D:t0, leader=null, voted=, raftlog=Memoized:s4@group-9EBC86A0B11D-SegmentedRaftLog:OPENED:c-1:lastnull, conf=conf: {index: -1, cur=peers:[]|listeners:[], old=null} STARTING
   FOLLOWER s4@group-676CD6864C30:t1, leader=s5, voted=s5, raftlog=Memoized:s4@group-676CD6864C30-SegmentedRaftLog:OPENED:c251:last(t:1, i:252), conf=conf: {index: 131, cur=peers:[s3|0.0.0.0:15018, s4|0.0.0.0:15019, s5|0.0.0.0:15020, s6|0.0.0.0:15021, s7|0.0.0.0:15022, s8|0.0.0.0:15023, s9|0.0.0.0:15024, s11|0.0.0.0:15026, s10|0.0.0.0:15025, s13|0.0.0.0:15028, s12|0.0.0.0:15027, s14|0.0.0.0:15029, s0|0.0.0.0:15015, s1|0.0.0.0:15016, s2|0.0.0.0:15017]|listeners:[], old=null} RUNNING] size=2
  s5:  RUNNING [
   FOLLOWER s5@group-9EBC86A0B11D:t0, leader=null, voted=, raftlog=Memoized:s5@group-9EBC86A0B11D-SegmentedRaftLog:OPENED:c-1:lastnull, conf=conf: {index: -1, cur=peers:[]|listeners:[], old=null} STARTING
     LEADER s5@group-676CD6864C30:t1, leader=s5, voted=s5, raftlog=Memoized:s5@group-676CD6864C30-SegmentedRaftLog:OPENED:c252:last(t:1, i:252), conf=conf: {index: 131, cur=peers:[s3|0.0.0.0:15018, s4|0.0.0.0:15019, s5|0.0.0.0:15020, s6|0.0.0.0:15021, s7|0.0.0.0:15022, s8|0.0.0.0:15023, s9|0.0.0.0:15024, s11|0.0.0.0:15026, s10|0.0.0.0:15025, s13|0.0.0.0:15028, s12|0.0.0.0:15027, s14|0.0.0.0:15029, s0|0.0.0.0:15015, s1|0.0.0.0:15016, s2|0.0.0.0:15017]|listeners:[], old=null} RUNNING] size=2
  s6:  RUNNING [
   FOLLOWER s6@group-9EBC86A0B11D:t0, leader=null, voted=, raftlog=Memoized:s6@group-9EBC86A0B11D-SegmentedRaftLog:OPENED:c-1:lastnull, conf=conf: {index: -1, cur=peers:[]|listeners:[], old=null} STARTING
   FOLLOWER s6@group-676CD6864C30:t1, leader=s5, voted=s5, raftlog=Memoized:s6@group-676CD6864C30-SegmentedRaftLog:OPENED:c251:last(t:1, i:252), conf=conf: {index: 131, cur=peers:[s3|0.0.0.0:15018, s4|0.0.0.0:15019, s5|0.0.0.0:15020, s6|0.0.0.0:15021, s7|0.0.0.0:15022, s8|0.0.0.0:15023, s9|0.0.0.0:15024, s11|0.0.0.0:15026, s10|0.0.0.0:15025, s13|0.0.0.0:15028, s12|0.0.0.0:15027, s14|0.0.0.0:15029, s0|0.0.0.0:15015, s1|0.0.0.0:15016, s2|0.0.0.0:15017]|listeners:[], old=null} RUNNING] size=2
  s7:  RUNNING [
   FOLLOWER s7@group-9EBC86A0B11D:t0, leader=null, voted=, raftlog=Memoized:s7@group-9EBC86A0B11D-SegmentedRaftLog:OPENED:c-1:lastnull, conf=conf: {index: -1, cur=peers:[]|listeners:[], old=null} STARTING
   FOLLOWER s7@group-676CD6864C30:t1, leader=s5, voted=null, raftlog=Memoized:s7@group-676CD6864C30-SegmentedRaftLog:OPENED:c251:last(t:1, i:252), conf=conf: {index: 131, cur=peers:[s3|0.0.0.0:15018, s4|0.0.0.0:15019, s5|0.0.0.0:15020, s6|0.0.0.0:15021, s7|0.0.0.0:15022, s8|0.0.0.0:15023, s9|0.0.0.0:15024, s11|0.0.0.0:15026, s10|0.0.0.0:15025, s13|0.0.0.0:15028, s12|0.0.0.0:15027, s14|0.0.0.0:15029, s0|0.0.0.0:15015, s1|0.0.0.0:15016, s2|0.0.0.0:15017]|listeners:[], old=null} RUNNING] size=2
  s8:  RUNNING [
   FOLLOWER s8@group-9EBC86A0B11D:t0, leader=null, voted=, raftlog=Memoized:s8@group-9EBC86A0B11D-SegmentedRaftLog:OPENED:c-1:lastnull, conf=conf: {index: -1, cur=peers:[]|listeners:[], old=null} STARTING
   FOLLOWER s8@group-676CD6864C30:t1, leader=s5, voted=null, raftlog=Memoized:s8@group-676CD6864C30-SegmentedRaftLog:OPENED:c251:last(t:1, i:252), conf=conf: {index: 131, cur=peers:[s3|0.0.0.0:15018, s4|0.0.0.0:15019, s5|0.0.0.0:15020, s6|0.0.0.0:15021, s7|0.0.0.0:15022, s8|0.0.0.0:15023, s9|0.0.0.0:15024, s11|0.0.0.0:15026, s10|0.0.0.0:15025, s13|0.0.0.0:15028, s12|0.0.0.0:15027, s14|0.0.0.0:15029, s0|0.0.0.0:15015, s1|0.0.0.0:15016, s2|0.0.0.0:15017]|listeners:[], old=null} RUNNING] size=2
  s9:  RUNNING [
   FOLLOWER s9@group-9EBC86A0B11D:t0, leader=null, voted=, raftlog=Memoized:s9@group-9EBC86A0B11D-SegmentedRaftLog:OPENED:c-1:lastnull, conf=conf: {index: -1, cur=peers:[]|listeners:[], old=null} STARTING
   FOLLOWER s9@group-676CD6864C30:t1, leader=s5, voted=null, raftlog=Memoized:s9@group-676CD6864C30-SegmentedRaftLog:OPENED:c252:last(t:1, i:252), conf=conf: {index: 131, cur=peers:[s3|0.0.0.0:15018, s4|0.0.0.0:15019, s5|0.0.0.0:15020, s6|0.0.0.0:15021, s7|0.0.0.0:15022, s8|0.0.0.0:15023, s9|0.0.0.0:15024, s11|0.0.0.0:15026, s10|0.0.0.0:15025, s13|0.0.0.0:15028, s12|0.0.0.0:15027, s14|0.0.0.0:15029, s0|0.0.0.0:15015, s1|0.0.0.0:15016, s2|0.0.0.0:15017]|listeners:[], old=null} RUNNING] size=2
  s11:  RUNNING [
   FOLLOWER s11@group-9EBC86A0B11D:t0, leader=null, voted=, raftlog=Memoized:s11@group-9EBC86A0B11D-SegmentedRaftLog:OPENED:c-1:lastnull, conf=conf: {index: -1, cur=peers:[]|listeners:[], old=null} STARTING
   FOLLOWER s11@group-676CD6864C30:t1, leader=s5, voted=null, raftlog=Memoized:s11@group-676CD6864C30-SegmentedRaftLog:OPENED:c252:last(t:1, i:252), conf=conf: {index: 131, cur=peers:[s3|0.0.0.0:15018, s4|0.0.0.0:15019, s5|0.0.0.0:15020, s6|0.0.0.0:15021, s7|0.0.0.0:15022, s8|0.0.0.0:15023, s9|0.0.0.0:15024, s11|0.0.0.0:15026, s10|0.0.0.0:15025, s13|0.0.0.0:15028, s12|0.0.0.0:15027, s14|0.0.0.0:15029, s0|0.0.0.0:15015, s1|0.0.0.0:15016, s2|0.0.0.0:15017]|listeners:[], old=null} RUNNING] size=2
  s10:  RUNNING [
   FOLLOWER s10@group-9EBC86A0B11D:t0, leader=null, voted=, raftlog=Memoized:s10@group-9EBC86A0B11D-SegmentedRaftLog:OPENED:c-1:lastnull, conf=conf: {index: -1, cur=peers:[]|listeners:[], old=null} STARTING
   FOLLOWER s10@group-676CD6864C30:t1, leader=s5, voted=null, raftlog=Memoized:s10@group-676CD6864C30-SegmentedRaftLog:OPENED:c251:last(t:1, i:252), conf=conf: {index: 131, cur=peers:[s3|0.0.0.0:15018, s4|0.0.0.0:15019, s5|0.0.0.0:15020, s6|0.0.0.0:15021, s7|0.0.0.0:15022, s8|0.0.0.0:15023, s9|0.0.0.0:15024, s11|0.0.0.0:15026, s10|0.0.0.0:15025, s13|0.0.0.0:15028, s12|0.0.0.0:15027, s14|0.0.0.0:15029, s0|0.0.0.0:15015, s1|0.0.0.0:15016, s2|0.0.0.0:15017]|listeners:[], old=null} RUNNING] size=2
  s13:  RUNNING [
   FOLLOWER s13@group-9EBC86A0B11D:t0, leader=null, voted=, raftlog=Memoized:s13@group-9EBC86A0B11D-SegmentedRaftLog:OPENED:c-1:lastnull, conf=conf: {index: -1, cur=peers:[]|listeners:[], old=null} STARTING
   FOLLOWER s13@group-676CD6864C30:t1, leader=s5, voted=null, raftlog=Memoized:s13@group-676CD6864C30-SegmentedRaftLog:OPENED:c252:last(t:1, i:252), conf=conf: {index: 131, cur=peers:[s3|0.0.0.0:15018, s4|0.0.0.0:15019, s5|0.0.0.0:15020, s6|0.0.0.0:15021, s7|0.0.0.0:15022, s8|0.0.0.0:15023, s9|0.0.0.0:15024, s11|0.0.0.0:15026, s10|0.0.0.0:15025, s13|0.0.0.0:15028, s12|0.0.0.0:15027, s14|0.0.0.0:15029, s0|0.0.0.0:15015, s1|0.0.0.0:15016, s2|0.0.0.0:15017]|listeners:[], old=null} RUNNING] size=2
  s12:  RUNNING [
   FOLLOWER s12@group-9EBC86A0B11D:t0, leader=null, voted=, raftlog=Memoized:s12@group-9EBC86A0B11D-SegmentedRaftLog:OPENED:c-1:lastnull, conf=conf: {index: -1, cur=peers:[]|listeners:[], old=null} STARTING
   FOLLOWER s12@group-676CD6864C30:t1, leader=s5, voted=null, raftlog=Memoized:s12@group-676CD6864C30-SegmentedRaftLog:OPENED:c251:last(t:1, i:252), conf=conf: {index: 131, cur=peers:[s3|0.0.0.0:15018, s4|0.0.0.0:15019, s5|0.0.0.0:15020, s6|0.0.0.0:15021, s7|0.0.0.0:15022, s8|0.0.0.0:15023, s9|0.0.0.0:15024, s11|0.0.0.0:15026, s10|0.0.0.0:15025, s13|0.0.0.0:15028, s12|0.0.0.0:15027, s14|0.0.0.0:15029, s0|0.0.0.0:15015, s1|0.0.0.0:15016, s2|0.0.0.0:15017]|listeners:[], old=null} RUNNING] size=2
  s14:  RUNNING [
   FOLLOWER s14@group-9EBC86A0B11D:t0, leader=null, voted=, raftlog=Memoized:s14@group-9EBC86A0B11D-SegmentedRaftLog:OPENED:c-1:lastnull, conf=conf: {index: -1, cur=peers:[]|listeners:[], old=null} STARTING
   FOLLOWER s14@group-676CD6864C30:t1, leader=s5, voted=null, raftlog=Memoized:s14@group-676CD6864C30-SegmentedRaftLog:OPENED:c251:last(t:1, i:252), conf=conf: {index: 131, cur=peers:[s3|0.0.0.0:15018, s4|0.0.0.0:15019, s5|0.0.0.0:15020, s6|0.0.0.0:15021, s7|0.0.0.0:15022, s8|0.0.0.0:15023, s9|0.0.0.0:15024, s11|0.0.0.0:15026, s10|0.0.0.0:15025, s13|0.0.0.0:15028, s12|0.0.0.0:15027, s14|0.0.0.0:15029, s0|0.0.0.0:15015, s1|0.0.0.0:15016, s2|0.0.0.0:15017]|listeners:[], old=null} RUNNING] size=2
  s0:  RUNNING [
   FOLLOWER s0@group-9EBC86A0B11D:t0, leader=null, voted=, raftlog=Memoized:s0@group-9EBC86A0B11D-SegmentedRaftLog:OPENED:c-1:lastnull, conf=conf: {index: -1, cur=peers:[]|listeners:[], old=null} STARTING
   FOLLOWER s0@group-676CD6864C30:t1, leader=s5, voted=null, raftlog=Memoized:s0@group-676CD6864C30-SegmentedRaftLog:OPENED:c251:last(t:1, i:252), conf=conf: {index: 131, cur=peers:[s3|0.0.0.0:15018, s4|0.0.0.0:15019, s5|0.0.0.0:15020, s6|0.0.0.0:15021, s7|0.0.0.0:15022, s8|0.0.0.0:15023, s9|0.0.0.0:15024, s11|0.0.0.0:15026, s10|0.0.0.0:15025, s13|0.0.0.0:15028, s12|0.0.0.0:15027, s14|0.0.0.0:15029, s0|0.0.0.0:15015, s1|0.0.0.0:15016, s2|0.0.0.0:15017]|listeners:[], old=null} RUNNING] size=2
  s1:  RUNNING [
   FOLLOWER s1@group-9EBC86A0B11D:t0, leader=null, voted=, raftlog=Memoized:s1@group-9EBC86A0B11D-SegmentedRaftLog:OPENED:c-1:lastnull, conf=conf: {index: -1, cur=peers:[]|listeners:[], old=null} STARTING
   FOLLOWER s1@group-676CD6864C30:t1, leader=s5, voted=null, raftlog=Memoized:s1@group-676CD6864C30-SegmentedRaftLog:OPENED:c251:last(t:1, i:252), conf=conf: {index: 131, cur=peers:[s3|0.0.0.0:15018, s4|0.0.0.0:15019, s5|0.0.0.0:15020, s6|0.0.0.0:15021, s7|0.0.0.0:15022, s8|0.0.0.0:15023, s9|0.0.0.0:15024, s11|0.0.0.0:15026, s10|0.0.0.0:15025, s13|0.0.0.0:15028, s12|0.0.0.0:15027, s14|0.0.0.0:15029, s0|0.0.0.0:15015, s1|0.0.0.0:15016, s2|0.0.0.0:15017]|listeners:[], old=null} RUNNING] size=2
  s2:  RUNNING [
   FOLLOWER s2@group-9EBC86A0B11D:t0, leader=null, voted=, raftlog=Memoized:s2@group-9EBC86A0B11D-SegmentedRaftLog:OPENED:c-1:lastnull, conf=conf: {index: -1, cur=peers:[]|listeners:[], old=null} STARTING
   FOLLOWER s2@group-676CD6864C30:t1, leader=s5, voted=null, raftlog=Memoized:s2@group-676CD6864C30-SegmentedRaftLog:OPENED:c251:last(t:1, i:252), conf=conf: {index: 131, cur=peers:[s3|0.0.0.0:15018, s4|0.0.0.0:15019, s5|0.0.0.0:15020, s6|0.0.0.0:15021, s7|0.0.0.0:15022, s8|0.0.0.0:15023, s9|0.0.0.0:15024, s11|0.0.0.0:15026, s10|0.0.0.0:15025, s13|0.0.0.0:15028, s12|0.0.0.0:15027, s14|0.0.0.0:15029, s0|0.0.0.0:15015, s1|0.0.0.0:15016, s2|0.0.0.0:15017]|listeners:[], old=null} RUNNING] size=2
2024-10-16 23:57:32,873 INFO  server.RaftServer (RaftServerProxy.java:lambda$close$9(418)) - s3: close
2024-10-16 23:57:32,873 INFO  server.RaftServer$Division (RaftServerImpl.java:lambda$close$1(515)) - s3@group-9EBC86A0B11D: shutdown
2024-10-16 23:57:32,873 INFO  util.JmxRegister (JmxRegister.java:unregister(74)) - Successfully un-registered JMX Bean with object name Ratis:service=RaftServer,group=group-9EBC86A0B11D,id=s3
2024-10-16 23:57:32,873 INFO  server.RaftServer (RaftServerProxy.java:lambda$close$9(418)) - s4: close
2024-10-16 23:57:32,873 INFO  server.RaftServer$Division (RaftServerImpl.java:lambda$close$1(515)) - s4@group-9EBC86A0B11D: shutdown
2024-10-16 23:57:32,873 INFO  util.JmxRegister (JmxRegister.java:unregister(74)) - Successfully un-registered JMX Bean with object name Ratis:service=RaftServer,group=group-9EBC86A0B11D,id=s4
2024-10-16 23:57:32,880 INFO  server.RaftServer (RaftServerProxy.java:lambda$close$9(418)) - s5: close
2024-10-16 23:57:32,880 INFO  server.RaftServer$Division (RaftServerImpl.java:lambda$close$1(515)) - s5@group-9EBC86A0B11D: shutdown
2024-10-16 23:57:32,880 INFO  util.JmxRegister (JmxRegister.java:unregister(74)) - Successfully un-registered JMX Bean with object name Ratis:service=RaftServer,group=group-9EBC86A0B11D,id=s5
2024-10-16 23:57:32,880 INFO  impl.StateMachineUpdater (StateMachineUpdater.java:stopAndJoin(164)) - s4@group-9EBC86A0B11D-StateMachineUpdater: set stopIndex = -1
2024-10-16 23:57:32,880 INFO  impl.StateMachineUpdater (StateMachineUpdater.java:stopAndJoin(164)) - s3@group-9EBC86A0B11D-StateMachineUpdater: set stopIndex = -1
2024-10-16 23:57:32,880 INFO  impl.StateMachineUpdater (StateMachineUpdater.java:stop(141)) - s3@group-9EBC86A0B11D-StateMachineUpdater: closing ArithmeticStateMachine, lastApplied=(t:0, i:~)
2024-10-16 23:57:32,880 INFO  logging.LoggingHandler (AbstractInternalLogger.java:log(148)) - [id: 0xae2b77fe, L:/0.0.0.0:15019] CLOSE
2024-10-16 23:57:32,880 INFO  raftlog.RaftLog (SegmentedRaftLog.java:close(567)) - Start closing s3@group-9EBC86A0B11D-SegmentedRaftLog:OPENED:c-1:lastnull
2024-10-16 23:57:32,881 INFO  util.AwaitToRun (AwaitToRun.java:run(49)) - s3@group-9EBC86A0B11D-cacheEviction-AwaitToRun-AwaitForSignal is interrupted
2024-10-16 23:57:32,881 INFO  logging.LoggingHandler (AbstractInternalLogger.java:log(148)) - [id: 0xae2b77fe, L:/0.0.0.0:15019] INACTIVE
2024-10-16 23:57:32,880 INFO  impl.StateMachineUpdater (StateMachineUpdater.java:stop(141)) - s4@group-9EBC86A0B11D-StateMachineUpdater: closing ArithmeticStateMachine, lastApplied=(t:0, i:~)
2024-10-16 23:57:32,880 INFO  server.RaftServer$Division (RaftServerImpl.java:lambda$close$1(515)) - s4@group-676CD6864C30: shutdown
2024-10-16 23:57:32,881 INFO  logging.LoggingHandler (AbstractInternalLogger.java:log(148)) - [id: 0xae2b77fe, L:/0.0.0.0:15019] UNREGISTERED
2024-10-16 23:57:32,881 INFO  server.RaftServer$Division (RaftServerImpl.java:lambda$close$1(515)) - s3@group-676CD6864C30: shutdown
2024-10-16 23:57:32,880 INFO  logging.LoggingHandler (AbstractInternalLogger.java:log(148)) - [id: 0x23ee7d64, L:/0.0.0.0:15018] CLOSE
2024-10-16 23:57:32,881 INFO  logging.LoggingHandler (AbstractInternalLogger.java:log(148)) - [id: 0x23ee7d64, L:/0.0.0.0:15018] INACTIVE
2024-10-16 23:57:32,881 INFO  logging.LoggingHandler (AbstractInternalLogger.java:log(148)) - [id: 0x23ee7d64, L:/0.0.0.0:15018] UNREGISTERED
2024-10-16 23:57:32,881 INFO  server.RaftServer (RaftServerProxy.java:lambda$close$9(418)) - s8: close
2024-10-16 23:57:32,881 INFO  server.RaftServer (RaftServerProxy.java:lambda$close$9(418)) - s6: close
2024-10-16 23:57:32,881 INFO  server.RaftServer (RaftServerProxy.java:lambda$close$9(418)) - s7: close
2024-10-16 23:57:32,881 INFO  util.JmxRegister (JmxRegister.java:unregister(74)) - Successfully un-registered JMX Bean with object name Ratis:service=RaftServer,group=group-676CD6864C30,id=s3
2024-10-16 23:57:32,882 INFO  server.RaftServer$Division (RaftServerImpl.java:lambda$close$1(515)) - s6@group-9EBC86A0B11D: shutdown
2024-10-16 23:57:32,881 INFO  raftlog.RaftLog (SegmentedRaftLog.java:close(567)) - Start closing s4@group-9EBC86A0B11D-SegmentedRaftLog:OPENED:c-1:lastnull
2024-10-16 23:57:32,881 INFO  util.JmxRegister (JmxRegister.java:unregister(74)) - Successfully un-registered JMX Bean with object name Ratis:service=RaftServer,group=group-676CD6864C30,id=s4
2024-10-16 23:57:32,882 INFO  impl.RoleInfo (RoleInfo.java:shutdownFollowerState(121)) - s4: shutdown s4@group-676CD6864C30-FollowerState
2024-10-16 23:57:32,882 INFO  impl.StateMachineUpdater (StateMachineUpdater.java:stopAndJoin(164)) - s4@group-676CD6864C30-StateMachineUpdater: set stopIndex = 251
2024-10-16 23:57:32,882 INFO  util.JmxRegister (JmxRegister.java:unregister(74)) - Successfully un-registered JMX Bean with object name Ratis:service=RaftServer,group=group-9EBC86A0B11D,id=s6
2024-10-16 23:57:32,882 INFO  impl.StateMachineUpdater (StateMachineUpdater.java:stop(141)) - s5@group-9EBC86A0B11D-StateMachineUpdater: closing ArithmeticStateMachine, lastApplied=(t:0, i:~)
2024-10-16 23:57:32,882 INFO  impl.RoleInfo (RoleInfo.java:shutdownFollowerState(121)) - s3: shutdown s3@group-676CD6864C30-FollowerState
2024-10-16 23:57:32,882 INFO  server.RaftServer$Division (RaftServerImpl.java:lambda$close$1(515)) - s7@group-9EBC86A0B11D: shutdown
2024-10-16 23:57:32,882 INFO  util.JmxRegister (JmxRegister.java:unregister(74)) - Successfully un-registered JMX Bean with object name Ratis:service=RaftServer,group=group-9EBC86A0B11D,id=s7
2024-10-16 23:57:32,882 INFO  server.RaftServer$Division (RaftServerImpl.java:lambda$close$1(515)) - s8@group-9EBC86A0B11D: shutdown
2024-10-16 23:57:32,883 INFO  util.JmxRegister (JmxRegister.java:unregister(74)) - Successfully un-registered JMX Bean with object name Ratis:service=RaftServer,group=group-9EBC86A0B11D,id=s8
2024-10-16 23:57:32,882 INFO  server.RaftServer$Division (RaftServerImpl.java:lambda$close$1(515)) - s6@group-676CD6864C30: shutdown
2024-10-16 23:57:32,882 INFO  logging.LoggingHandler (AbstractInternalLogger.java:log(148)) - [id: 0x33a8f065, L:/0.0.0.0:15021] CLOSE
2024-10-16 23:57:32,883 INFO  logging.LoggingHandler (AbstractInternalLogger.java:log(148)) - [id: 0x33a8f065, L:/0.0.0.0:15021] INACTIVE
2024-10-16 23:57:32,883 INFO  server.RaftServer (RaftServerProxy.java:lambda$close$9(418)) - s9: close
2024-10-16 23:57:32,882 INFO  impl.FollowerState (FollowerState.java:runImpl(170)) - s4@group-676CD6864C30-FollowerState was interrupted
2024-10-16 23:57:32,882 INFO  impl.StateMachineUpdater (StateMachineUpdater.java:stop(141)) - s4@group-676CD6864C30-StateMachineUpdater: closing ArithmeticStateMachine, lastApplied=(t:1, i:251)
2024-10-16 23:57:32,882 INFO  impl.StateMachineUpdater (StateMachineUpdater.java:stopAndJoin(164)) - s5@group-9EBC86A0B11D-StateMachineUpdater: set stopIndex = -1
2024-10-16 23:57:32,883 INFO  raftlog.RaftLog (SegmentedRaftLog.java:close(567)) - Start closing s5@group-9EBC86A0B11D-SegmentedRaftLog:OPENED:c-1:lastnull
2024-10-16 23:57:32,883 INFO  server.RaftServer$Division (RaftServerImpl.java:lambda$close$1(515)) - s9@group-9EBC86A0B11D: shutdown
2024-10-16 23:57:32,883 INFO  util.JmxRegister (JmxRegister.java:unregister(74)) - Successfully un-registered JMX Bean with object name Ratis:service=RaftServer,group=group-9EBC86A0B11D,id=s9
2024-10-16 23:57:32,883 INFO  util.AwaitToRun (AwaitToRun.java:run(49)) - s5@group-9EBC86A0B11D-cacheEviction-AwaitToRun-AwaitForSignal is interrupted
2024-10-16 23:57:32,883 INFO  server.RaftServer (RaftServerProxy.java:lambda$close$9(418)) - s10: close
2024-10-16 23:57:32,883 INFO  logging.LoggingHandler (AbstractInternalLogger.java:log(148)) - [id: 0x33a8f065, L:/0.0.0.0:15021] UNREGISTERED
2024-10-16 23:57:32,883 INFO  server.RaftServer$Division (RaftServerImpl.java:lambda$close$1(515)) - s5@group-676CD6864C30: shutdown
2024-10-16 23:57:32,883 INFO  logging.LoggingHandler (AbstractInternalLogger.java:log(148)) - [id: 0x07bad65c, L:/0.0.0.0:15020] CLOSE
2024-10-16 23:57:32,884 INFO  logging.LoggingHandler (AbstractInternalLogger.java:log(148)) - [id: 0x07bad65c, L:/0.0.0.0:15020] INACTIVE
2024-10-16 23:57:32,884 INFO  logging.LoggingHandler (AbstractInternalLogger.java:log(148)) - [id: 0x07bad65c, L:/0.0.0.0:15020] UNREGISTERED
2024-10-16 23:57:32,884 INFO  util.JmxRegister (JmxRegister.java:unregister(74)) - Successfully un-registered JMX Bean with object name Ratis:service=RaftServer,group=group-676CD6864C30,id=s5
2024-10-16 23:57:32,884 INFO  impl.RoleInfo (RoleInfo.java:shutdownLeaderState(103)) - s5: shutdown s5@group-676CD6864C30-LeaderStateImpl
2024-10-16 23:57:32,883 INFO  server.RaftServer$Division (RaftServerImpl.java:lambda$close$1(515)) - s10@group-9EBC86A0B11D: shutdown
2024-10-16 23:57:32,884 INFO  util.JmxRegister (JmxRegister.java:unregister(74)) - Successfully un-registered JMX Bean with object name Ratis:service=RaftServer,group=group-9EBC86A0B11D,id=s10
2024-10-16 23:57:32,883 INFO  server.RaftServer (RaftServerProxy.java:lambda$close$9(418)) - s11: close
2024-10-16 23:57:32,884 INFO  util.JmxRegister (JmxRegister.java:unregister(74)) - Successfully un-registered JMX Bean with object name Ratis:service=RaftServer,group=group-676CD6864C30,id=s6
2024-10-16 23:57:32,884 INFO  raftlog.RaftLog (SegmentedRaftLog.java:close(567)) - Start closing s4@group-676CD6864C30-SegmentedRaftLog:OPENED:c251:last(t:1, i:252)
2024-10-16 23:57:32,884 INFO  server.RaftServer$Division (RaftServerImpl.java:lambda$close$1(515)) - s11@group-9EBC86A0B11D: shutdown
2024-10-16 23:57:32,884 INFO  impl.RoleInfo (RoleInfo.java:shutdownFollowerState(121)) - s6: shutdown s6@group-676CD6864C30-FollowerState
2024-10-16 23:57:32,884 INFO  util.JmxRegister (JmxRegister.java:unregister(74)) - Successfully un-registered JMX Bean with object name Ratis:service=RaftServer,group=group-9EBC86A0B11D,id=s11
2024-10-16 23:57:32,885 INFO  server.RaftServer (RaftServerProxy.java:lambda$close$9(418)) - s13: close
2024-10-16 23:57:32,885 INFO  server.RaftServer$Division (RaftServerImpl.java:lambda$close$1(515)) - s13@group-9EBC86A0B11D: shutdown
2024-10-16 23:57:32,885 INFO  util.JmxRegister (JmxRegister.java:unregister(74)) - Successfully un-registered JMX Bean with object name Ratis:service=RaftServer,group=group-9EBC86A0B11D,id=s13
2024-10-16 23:57:32,885 INFO  server.RaftServer (RaftServerProxy.java:lambda$close$9(418)) - s12: close
2024-10-16 23:57:32,885 INFO  server.RaftServer$Division (RaftServerImpl.java:lambda$close$1(515)) - s12@group-9EBC86A0B11D: shutdown
2024-10-16 23:57:32,885 INFO  util.JmxRegister (JmxRegister.java:unregister(74)) - Successfully un-registered JMX Bean with object name Ratis:service=RaftServer,group=group-9EBC86A0B11D,id=s12
2024-10-16 23:57:32,886 INFO  server.RaftServer (RaftServerProxy.java:lambda$close$9(418)) - s14: close
2024-10-16 23:57:32,886 INFO  server.RaftServer (RaftServerProxy.java:lambda$close$9(418)) - s0: close
2024-10-16 23:57:32,886 INFO  util.AwaitToRun (AwaitToRun.java:run(49)) - s4@group-9EBC86A0B11D-cacheEviction-AwaitToRun-AwaitForSignal is interrupted
2024-10-16 23:57:32,886 INFO  server.RaftServer$Division (RaftServerImpl.java:lambda$close$1(515)) - s14@group-9EBC86A0B11D: shutdown
2024-10-16 23:57:32,886 INFO  server.RaftServer (RaftServerProxy.java:lambda$close$9(418)) - s1: close
2024-10-16 23:57:32,886 INFO  server.RaftServer$Division (RaftServerImpl.java:lambda$close$1(515)) - s0@group-9EBC86A0B11D: shutdown
2024-10-16 23:57:32,887 INFO  util.JmxRegister (JmxRegister.java:unregister(74)) - Successfully un-registered JMX Bean with object name Ratis:service=RaftServer,group=group-9EBC86A0B11D,id=s0
2024-10-16 23:57:32,886 INFO  util.JmxRegister (JmxRegister.java:unregister(74)) - Successfully un-registered JMX Bean with object name Ratis:service=RaftServer,group=group-9EBC86A0B11D,id=s14
2024-10-16 23:57:32,887 INFO  server.RaftServer$Division (RaftServerImpl.java:lambda$close$1(515)) - s1@group-9EBC86A0B11D: shutdown
2024-10-16 23:57:32,887 INFO  util.JmxRegister (JmxRegister.java:unregister(74)) - Successfully un-registered JMX Bean with object name Ratis:service=RaftServer,group=group-9EBC86A0B11D,id=s1
2024-10-16 23:57:32,887 INFO  impl.StateMachineUpdater (StateMachineUpdater.java:stopAndJoin(164)) - s1@group-9EBC86A0B11D-StateMachineUpdater: set stopIndex = -1
2024-10-16 23:57:32,887 INFO  impl.StateMachineUpdater (StateMachineUpdater.java:stop(141)) - s1@group-9EBC86A0B11D-StateMachineUpdater: closing ArithmeticStateMachine, lastApplied=(t:0, i:~)
2024-10-16 23:57:32,887 INFO  raftlog.RaftLog (SegmentedRaftLog.java:close(567)) - Start closing s1@group-9EBC86A0B11D-SegmentedRaftLog:OPENED:c-1:lastnull
2024-10-16 23:57:32,887 INFO  server.RaftServer (RaftServerProxy.java:lambda$close$9(418)) - s2: close
2024-10-16 23:57:32,888 INFO  server.RaftServer$Division (RaftServerImpl.java:lambda$close$1(515)) - s2@group-9EBC86A0B11D: shutdown
2024-10-16 23:57:32,888 INFO  util.JmxRegister (JmxRegister.java:unregister(74)) - Successfully un-registered JMX Bean with object name Ratis:service=RaftServer,group=group-9EBC86A0B11D,id=s2
2024-10-16 23:57:32,892 INFO  logging.LoggingHandler (AbstractInternalLogger.java:log(148)) - [id: 0xcef48036, L:/0.0.0.0:15022] CLOSE
2024-10-16 23:57:32,893 INFO  logging.LoggingHandler (AbstractInternalLogger.java:log(148)) - [id: 0xcef48036, L:/0.0.0.0:15022] INACTIVE
2024-10-16 23:57:32,893 INFO  logging.LoggingHandler (AbstractInternalLogger.java:log(148)) - [id: 0xcef48036, L:/0.0.0.0:15022] UNREGISTERED
2024-10-16 23:57:32,894 INFO  logging.LoggingHandler (AbstractInternalLogger.java:log(148)) - [id: 0x200c6c5b, L:/0.0.0.0:15023] CLOSE
2024-10-16 23:57:32,894 INFO  logging.LoggingHandler (AbstractInternalLogger.java:log(148)) - [id: 0x200c6c5b, L:/0.0.0.0:15023] INACTIVE
2024-10-16 23:57:32,894 INFO  logging.LoggingHandler (AbstractInternalLogger.java:log(148)) - [id: 0x200c6c5b, L:/0.0.0.0:15023] UNREGISTERED
2024-10-16 23:57:32,894 INFO  server.RaftServer$Division (RaftServerImpl.java:lambda$close$1(515)) - s7@group-676CD6864C30: shutdown
2024-10-16 23:57:32,894 INFO  util.JmxRegister (JmxRegister.java:unregister(74)) - Successfully un-registered JMX Bean with object name Ratis:service=RaftServer,group=group-676CD6864C30,id=s7
2024-10-16 23:57:32,894 INFO  impl.RoleInfo (RoleInfo.java:shutdownFollowerState(121)) - s7: shutdown s7@group-676CD6864C30-FollowerState
2024-10-16 23:57:32,894 INFO  impl.StateMachineUpdater (StateMachineUpdater.java:stop(141)) - s9@group-9EBC86A0B11D-StateMachineUpdater: closing ArithmeticStateMachine, lastApplied=(t:0, i:~)
2024-10-16 23:57:32,895 INFO  server.RaftServer$Division (RaftServerImpl.java:lambda$close$1(515)) - s8@group-676CD6864C30: shutdown
2024-10-16 23:57:32,895 INFO  util.JmxRegister (JmxRegister.java:unregister(74)) - Successfully un-registered JMX Bean with object name Ratis:service=RaftServer,group=group-676CD6864C30,id=s8
2024-10-16 23:57:32,895 INFO  impl.RoleInfo (RoleInfo.java:shutdownFollowerState(121)) - s8: shutdown s8@group-676CD6864C30-FollowerState
2024-10-16 23:57:32,904 INFO  impl.StateMachineUpdater (StateMachineUpdater.java:stopAndJoin(164)) - s8@group-676CD6864C30-StateMachineUpdater: set stopIndex = 251
2024-10-16 23:57:32,904 INFO  impl.FollowerState (FollowerState.java:runImpl(170)) - s8@group-676CD6864C30-FollowerState was interrupted
2024-10-16 23:57:32,904 INFO  impl.StateMachineUpdater (StateMachineUpdater.java:stop(141)) - s8@group-676CD6864C30-StateMachineUpdater: closing ArithmeticStateMachine, lastApplied=(t:1, i:251)
2024-10-16 23:57:32,904 INFO  raftlog.RaftLog (SegmentedRaftLog.java:close(567)) - Start closing s8@group-676CD6864C30-SegmentedRaftLog:OPENED:c251:last(t:1, i:252)
2024-10-16 23:57:32,905 INFO  impl.StateMachineUpdater (StateMachineUpdater.java:stopAndJoin(164)) - s7@group-676CD6864C30-StateMachineUpdater: set stopIndex = 251
2024-10-16 23:57:32,905 INFO  impl.FollowerState (FollowerState.java:runImpl(170)) - s7@group-676CD6864C30-FollowerState was interrupted
2024-10-16 23:57:32,905 INFO  impl.StateMachineUpdater (StateMachineUpdater.java:stop(141)) - s7@group-676CD6864C30-StateMachineUpdater: closing ArithmeticStateMachine, lastApplied=(t:1, i:251)
2024-10-16 23:57:32,905 INFO  raftlog.RaftLog (SegmentedRaftLog.java:close(567)) - Start closing s7@group-676CD6864C30-SegmentedRaftLog:OPENED:c251:last(t:1, i:252)
2024-10-16 23:57:32,907 INFO  impl.StateMachineUpdater (StateMachineUpdater.java:stop(141)) - s11@group-9EBC86A0B11D-StateMachineUpdater: closing ArithmeticStateMachine, lastApplied=(t:0, i:~)
2024-10-16 23:57:32,912 INFO  impl.StateMachineUpdater (StateMachineUpdater.java:stop(141)) - s10@group-9EBC86A0B11D-StateMachineUpdater: closing ArithmeticStateMachine, lastApplied=(t:0, i:~)
2024-10-16 23:57:32,915 INFO  impl.StateMachineUpdater (StateMachineUpdater.java:stopAndJoin(164)) - s2@group-9EBC86A0B11D-StateMachineUpdater: set stopIndex = -1
2024-10-16 23:57:32,915 INFO  impl.StateMachineUpdater (StateMachineUpdater.java:stop(141)) - s2@group-9EBC86A0B11D-StateMachineUpdater: closing ArithmeticStateMachine, lastApplied=(t:0, i:~)
2024-10-16 23:57:32,915 INFO  util.AwaitToRun (AwaitToRun.java:run(49)) - s1@group-9EBC86A0B11D-cacheEviction-AwaitToRun-AwaitForSignal is interrupted
2024-10-16 23:57:32,915 INFO  logging.LoggingHandler (AbstractInternalLogger.java:log(148)) - [id: 0xe405d390, L:/0.0.0.0:15017] CLOSE
2024-10-16 23:57:32,916 INFO  raftlog.RaftLog (SegmentedRaftLog.java:close(567)) - Start closing s2@group-9EBC86A0B11D-SegmentedRaftLog:OPENED:c-1:lastnull
2024-10-16 23:57:32,916 INFO  logging.LoggingHandler (AbstractInternalLogger.java:log(148)) - [id: 0xe405d390, L:/0.0.0.0:15017] INACTIVE
2024-10-16 23:57:32,916 INFO  logging.LoggingHandler (AbstractInternalLogger.java:log(148)) - [id: 0xe405d390, L:/0.0.0.0:15017] UNREGISTERED
2024-10-16 23:57:32,916 INFO  server.RaftServer$Division (RaftServerImpl.java:lambda$close$1(515)) - s2@group-676CD6864C30: shutdown
2024-10-16 23:57:32,916 INFO  impl.StateMachineUpdater (StateMachineUpdater.java:stop(141)) - s0@group-9EBC86A0B11D-StateMachineUpdater: closing ArithmeticStateMachine, lastApplied=(t:0, i:~)
2024-10-16 23:57:32,916 INFO  server.RaftServer$Division (RaftServerImpl.java:lambda$close$1(515)) - s1@group-676CD6864C30: shutdown
2024-10-16 23:57:32,916 INFO  impl.StateMachineUpdater (StateMachineUpdater.java:stopAndJoin(164)) - s0@group-9EBC86A0B11D-StateMachineUpdater: set stopIndex = -1
2024-10-16 23:57:32,916 INFO  raftlog.RaftLog (SegmentedRaftLog.java:close(567)) - Start closing s0@group-9EBC86A0B11D-SegmentedRaftLog:OPENED:c-1:lastnull
2024-10-16 23:57:32,916 INFO  impl.StateMachineUpdater (StateMachineUpdater.java:stopAndJoin(164)) - s14@group-9EBC86A0B11D-StateMachineUpdater: set stopIndex = -1
2024-10-16 23:57:32,916 INFO  logging.LoggingHandler (AbstractInternalLogger.java:log(148)) - [id: 0x90e4c7eb, L:/0.0.0.0:15015] CLOSE
2024-10-16 23:57:32,916 INFO  logging.LoggingHandler (AbstractInternalLogger.java:log(148)) - [id: 0xb4b31492, L:/0.0.0.0:15016] CLOSE
2024-10-16 23:57:32,916 INFO  server.RaftServer$Division (RaftServerImpl.java:lambda$close$1(515)) - s0@group-676CD6864C30: shutdown
2024-10-16 23:57:32,916 INFO  logging.LoggingHandler (AbstractInternalLogger.java:log(148)) - [id: 0x90e4c7eb, L:/0.0.0.0:15015] INACTIVE
2024-10-16 23:57:32,917 INFO  logging.LoggingHandler (AbstractInternalLogger.java:log(148)) - [id: 0x90e4c7eb, L:/0.0.0.0:15015] UNREGISTERED
2024-10-16 23:57:32,916 INFO  impl.StateMachineUpdater (StateMachineUpdater.java:stop(141)) - s14@group-9EBC86A0B11D-StateMachineUpdater: closing ArithmeticStateMachine, lastApplied=(t:0, i:~)
2024-10-16 23:57:32,917 INFO  raftlog.RaftLog (SegmentedRaftLog.java:close(567)) - Start closing s14@group-9EBC86A0B11D-SegmentedRaftLog:OPENED:c-1:lastnull
2024-10-16 23:57:32,916 INFO  util.JmxRegister (JmxRegister.java:unregister(74)) - Successfully un-registered JMX Bean with object name Ratis:service=RaftServer,group=group-676CD6864C30,id=s1
2024-10-16 23:57:32,916 INFO  util.JmxRegister (JmxRegister.java:unregister(74)) - Successfully un-registered JMX Bean with object name Ratis:service=RaftServer,group=group-676CD6864C30,id=s2
2024-10-16 23:57:32,917 INFO  impl.RoleInfo (RoleInfo.java:shutdownFollowerState(121)) - s2: shutdown s2@group-676CD6864C30-FollowerState
2024-10-16 23:57:32,917 INFO  impl.StateMachineUpdater (StateMachineUpdater.java:stopAndJoin(164)) - s2@group-676CD6864C30-StateMachineUpdater: set stopIndex = 251
2024-10-16 23:57:32,917 INFO  logging.LoggingHandler (AbstractInternalLogger.java:log(148)) - [id: 0xf239dbc0, L:/0.0.0.0:15029] CLOSE
2024-10-16 23:57:32,917 INFO  impl.StateMachineUpdater (StateMachineUpdater.java:stop(141)) - s2@group-676CD6864C30-StateMachineUpdater: closing ArithmeticStateMachine, lastApplied=(t:1, i:251)
2024-10-16 23:57:32,917 INFO  util.JmxRegister (JmxRegister.java:unregister(74)) - Successfully un-registered JMX Bean with object name Ratis:service=RaftServer,group=group-676CD6864C30,id=s0
2024-10-16 23:57:32,918 INFO  impl.RoleInfo (RoleInfo.java:shutdownFollowerState(121)) - s0: shutdown s0@group-676CD6864C30-FollowerState
2024-10-16 23:57:32,918 INFO  logging.LoggingHandler (AbstractInternalLogger.java:log(148)) - [id: 0xdd8a884e, L:/0.0.0.0:15027] CLOSE
2024-10-16 23:57:32,918 INFO  logging.LoggingHandler (AbstractInternalLogger.java:log(148)) - [id: 0xdd8a884e, L:/0.0.0.0:15027] INACTIVE
2024-10-16 23:57:32,918 INFO  logging.LoggingHandler (AbstractInternalLogger.java:log(148)) - [id: 0xdd8a884e, L:/0.0.0.0:15027] UNREGISTERED
2024-10-16 23:57:32,918 INFO  server.RaftServer$Division (RaftServerImpl.java:lambda$close$1(515)) - s12@group-676CD6864C30: shutdown
2024-10-16 23:57:32,918 INFO  util.JmxRegister (JmxRegister.java:unregister(74)) - Successfully un-registered JMX Bean with object name Ratis:service=RaftServer,group=group-676CD6864C30,id=s12
2024-10-16 23:57:32,918 INFO  impl.RoleInfo (RoleInfo.java:shutdownFollowerState(121)) - s12: shutdown s12@group-676CD6864C30-FollowerState
2024-10-16 23:57:32,916 INFO  logging.LoggingHandler (AbstractInternalLogger.java:log(148)) - [id: 0xb4b31492, L:/0.0.0.0:15016] INACTIVE
2024-10-16 23:57:32,918 INFO  impl.StateMachineUpdater (StateMachineUpdater.java:stopAndJoin(164)) - s13@group-9EBC86A0B11D-StateMachineUpdater: set stopIndex = -1
2024-10-16 23:57:32,918 INFO  impl.StateMachineUpdater (StateMachineUpdater.java:stopAndJoin(164)) - s11@group-9EBC86A0B11D-StateMachineUpdater: set stopIndex = -1
2024-10-16 23:57:32,918 INFO  impl.StateMachineUpdater (StateMachineUpdater.java:stop(141)) - s6@group-676CD6864C30-StateMachineUpdater: closing ArithmeticStateMachine, lastApplied=(t:1, i:251)
2024-10-16 23:57:32,918 INFO  util.AwaitToRun (AwaitToRun.java:run(49)) - s4@group-676CD6864C30-cacheEviction-AwaitToRun-AwaitForSignal is interrupted
2024-10-16 23:57:32,918 INFO  impl.StateMachineUpdater (StateMachineUpdater.java:stop(141)) - s13@group-9EBC86A0B11D-StateMachineUpdater: closing ArithmeticStateMachine, lastApplied=(t:0, i:~)
2024-10-16 23:57:32,919 INFO  logging.LoggingHandler (AbstractInternalLogger.java:log(148)) - [id: 0xf469844a, L:/0.0.0.0:15026] CLOSE
2024-10-16 23:57:32,919 INFO  logging.LoggingHandler (AbstractInternalLogger.java:log(148)) - [id: 0xf469844a, L:/0.0.0.0:15026] INACTIVE
2024-10-16 23:57:32,919 INFO  logging.LoggingHandler (AbstractInternalLogger.java:log(148)) - [id: 0xf469844a, L:/0.0.0.0:15026] UNREGISTERED
2024-10-16 23:57:32,919 INFO  leader.LogAppenderDaemon (LogAppenderDaemon.java:run(85)) - s5@group-676CD6864C30->s4-LogAppenderDefault-LogAppenderDaemon was interrupted: java.lang.InterruptedException
2024-10-16 23:57:32,919 INFO  leader.LogAppenderDaemon (LogAppenderDaemon.java:run(85)) - s5@group-676CD6864C30->s3-LogAppenderDefault-LogAppenderDaemon was interrupted: java.lang.InterruptedException
2024-10-16 23:57:32,919 INFO  leader.LogAppenderDaemon (LogAppenderDaemon.java:run(85)) - s5@group-676CD6864C30->s0-LogAppenderDefault-LogAppenderDaemon was interrupted: java.lang.InterruptedException
2024-10-16 23:57:32,919 INFO  leader.LogAppenderDaemon (LogAppenderDaemon.java:run(85)) - s5@group-676CD6864C30->s1-LogAppenderDefault-LogAppenderDaemon was interrupted: java.lang.InterruptedException
2024-10-16 23:57:32,919 INFO  leader.LogAppenderDaemon (LogAppenderDaemon.java:run(85)) - s5@group-676CD6864C30->s11-LogAppenderDefault-LogAppenderDaemon was interrupted: java.lang.InterruptedException
2024-10-16 23:57:32,919 INFO  leader.LogAppenderDaemon (LogAppenderDaemon.java:run(85)) - s5@group-676CD6864C30->s10-LogAppenderDefault-LogAppenderDaemon was interrupted: java.lang.InterruptedException
2024-10-16 23:57:32,919 INFO  leader.LogAppenderDaemon (LogAppenderDaemon.java:run(85)) - s5@group-676CD6864C30->s13-LogAppenderDefault-LogAppenderDaemon was interrupted: java.lang.InterruptedException
2024-10-16 23:57:32,919 INFO  leader.LogAppenderDaemon (LogAppenderDaemon.java:run(85)) - s5@group-676CD6864C30->s12-LogAppenderDefault-LogAppenderDaemon was interrupted: java.lang.InterruptedException
2024-10-16 23:57:32,919 INFO  leader.LogAppenderDaemon (LogAppenderDaemon.java:run(85)) - s5@group-676CD6864C30->s7-LogAppenderDefault-LogAppenderDaemon was interrupted: java.lang.InterruptedException
2024-10-16 23:57:32,920 INFO  leader.LogAppenderDaemon (LogAppenderDaemon.java:run(85)) - s5@group-676CD6864C30->s8-LogAppenderDefault-LogAppenderDaemon was interrupted: java.lang.InterruptedException
2024-10-16 23:57:32,920 INFO  leader.LogAppenderDaemon (LogAppenderDaemon.java:run(85)) - s5@group-676CD6864C30->s6-LogAppenderDefault-LogAppenderDaemon was interrupted: java.lang.InterruptedException
2024-10-16 23:57:32,918 INFO  impl.StateMachineUpdater (StateMachineUpdater.java:stop(141)) - s12@group-9EBC86A0B11D-StateMachineUpdater: closing ArithmeticStateMachine, lastApplied=(t:0, i:~)
2024-10-16 23:57:32,918 INFO  impl.FollowerState (FollowerState.java:runImpl(170)) - s0@group-676CD6864C30-FollowerState was interrupted
2024-10-16 23:57:32,918 INFO  impl.StateMachineUpdater (StateMachineUpdater.java:stopAndJoin(164)) - s12@group-9EBC86A0B11D-StateMachineUpdater: set stopIndex = -1
2024-10-16 23:57:32,920 INFO  raftlog.RaftLog (SegmentedRaftLog.java:close(567)) - Start closing s12@group-9EBC86A0B11D-SegmentedRaftLog:OPENED:c-1:lastnull
2024-10-16 23:57:32,918 INFO  impl.RoleInfo (RoleInfo.java:shutdownFollowerState(121)) - s1: shutdown s1@group-676CD6864C30-FollowerState
2024-10-16 23:57:32,918 INFO  raftlog.RaftLog (SegmentedRaftLog.java:close(567)) - Start closing s2@group-676CD6864C30-SegmentedRaftLog:OPENED:c251:last(t:1, i:252)
2024-10-16 23:57:32,917 INFO  logging.LoggingHandler (AbstractInternalLogger.java:log(148)) - [id: 0xf239dbc0, L:/0.0.0.0:15029] INACTIVE
2024-10-16 23:57:32,921 INFO  logging.LoggingHandler (AbstractInternalLogger.java:log(148)) - [id: 0xf239dbc0, L:/0.0.0.0:15029] UNREGISTERED
2024-10-16 23:57:32,921 INFO  segmented.LogSegment (LogSegment.java:close(348)) - Successfully closed EntryCache-log_inprogress_0
2024-10-16 23:57:32,922 INFO  server.RaftServer$Division (RaftServerImpl.java:lambda$close$1(515)) - s11@group-676CD6864C30: shutdown
2024-10-16 23:57:32,922 INFO  util.JmxRegister (JmxRegister.java:unregister(74)) - Successfully un-registered JMX Bean with object name Ratis:service=RaftServer,group=group-676CD6864C30,id=s11
2024-10-16 23:57:32,922 INFO  impl.RoleInfo (RoleInfo.java:shutdownFollowerState(121)) - s11: shutdown s11@group-676CD6864C30-FollowerState
2024-10-16 23:57:32,917 INFO  server.RaftServer$Division (RaftServerImpl.java:lambda$close$1(515)) - s14@group-676CD6864C30: shutdown
2024-10-16 23:57:32,917 INFO  impl.FollowerState (FollowerState.java:runImpl(170)) - s2@group-676CD6864C30-FollowerState was interrupted
2024-10-16 23:57:32,922 INFO  impl.StateMachineUpdater (StateMachineUpdater.java:stop(141)) - s0@group-676CD6864C30-StateMachineUpdater: closing ArithmeticStateMachine, lastApplied=(t:1, i:251)
2024-10-16 23:57:32,922 INFO  util.JmxRegister (JmxRegister.java:unregister(74)) - Successfully un-registered JMX Bean with object name Ratis:service=RaftServer,group=group-676CD6864C30,id=s14
2024-10-16 23:57:32,919 INFO  impl.StateMachineUpdater (StateMachineUpdater.java:stopAndJoin(164)) - s10@group-9EBC86A0B11D-StateMachineUpdater: set stopIndex = -1
2024-10-16 23:57:32,922 INFO  raftlog.RaftLog (SegmentedRaftLog.java:close(567)) - Start closing s10@group-9EBC86A0B11D-SegmentedRaftLog:OPENED:c-1:lastnull
2024-10-16 23:57:32,919 INFO  raftlog.RaftLog (SegmentedRaftLog.java:close(567)) - Start closing s13@group-9EBC86A0B11D-SegmentedRaftLog:OPENED:c-1:lastnull
2024-10-16 23:57:32,919 INFO  server.RaftServer$Division (RaftServerImpl.java:lambda$close$1(515)) - s13@group-676CD6864C30: shutdown
2024-10-16 23:57:32,923 INFO  util.JmxRegister (JmxRegister.java:unregister(74)) - Successfully un-registered JMX Bean with object name Ratis:service=RaftServer,group=group-676CD6864C30,id=s13
2024-10-16 23:57:32,923 INFO  impl.RoleInfo (RoleInfo.java:shutdownFollowerState(121)) - s13: shutdown s13@group-676CD6864C30-FollowerState
2024-10-16 23:57:32,918 INFO  impl.FollowerState (FollowerState.java:runImpl(170)) - s6@group-676CD6864C30-FollowerState was interrupted
2024-10-16 23:57:32,918 INFO  raftlog.RaftLog (SegmentedRaftLog.java:close(567)) - Start closing s11@group-9EBC86A0B11D-SegmentedRaftLog:OPENED:c-1:lastnull
2024-10-16 23:57:32,918 INFO  impl.StateMachineUpdater (StateMachineUpdater.java:stopAndJoin(164)) - s6@group-676CD6864C30-StateMachineUpdater: set stopIndex = 251
2024-10-16 23:57:32,923 INFO  raftlog.RaftLog (SegmentedRaftLog.java:close(567)) - Start closing s6@group-676CD6864C30-SegmentedRaftLog:OPENED:c251:last(t:1, i:252)
2024-10-16 23:57:32,918 INFO  logging.LoggingHandler (AbstractInternalLogger.java:log(148)) - [id: 0x03473379, L:/0.0.0.0:15028] CLOSE
2024-10-16 23:57:32,924 INFO  logging.LoggingHandler (AbstractInternalLogger.java:log(148)) - [id: 0x03473379, L:/0.0.0.0:15028] INACTIVE
2024-10-16 23:57:32,924 INFO  logging.LoggingHandler (AbstractInternalLogger.java:log(148)) - [id: 0x03473379, L:/0.0.0.0:15028] UNREGISTERED
2024-10-16 23:57:32,918 INFO  logging.LoggingHandler (AbstractInternalLogger.java:log(148)) - [id: 0xb4b31492, L:/0.0.0.0:15016] UNREGISTERED
2024-10-16 23:57:32,923 INFO  impl.RoleInfo (RoleInfo.java:shutdownFollowerState(121)) - s14: shutdown s14@group-676CD6864C30-FollowerState
2024-10-16 23:57:32,922 INFO  impl.StateMachineUpdater (StateMachineUpdater.java:stopAndJoin(164)) - s0@group-676CD6864C30-StateMachineUpdater: set stopIndex = 251
2024-10-16 23:57:32,926 INFO  raftlog.RaftLog (SegmentedRaftLog.java:close(567)) - Start closing s0@group-676CD6864C30-SegmentedRaftLog:OPENED:c251:last(t:1, i:252)
2024-10-16 23:57:32,933 INFO  logging.LoggingHandler (AbstractInternalLogger.java:log(148)) - [id: 0x386abc64, L:/0.0.0.0:15025] CLOSE
2024-10-16 23:57:32,933 INFO  logging.LoggingHandler (AbstractInternalLogger.java:log(148)) - [id: 0x386abc64, L:/0.0.0.0:15025] INACTIVE
2024-10-16 23:57:32,933 INFO  logging.LoggingHandler (AbstractInternalLogger.java:log(148)) - [id: 0x386abc64, L:/0.0.0.0:15025] UNREGISTERED
2024-10-16 23:57:32,933 INFO  impl.StateMachineUpdater (StateMachineUpdater.java:stopAndJoin(164)) - s9@group-9EBC86A0B11D-StateMachineUpdater: set stopIndex = -1
2024-10-16 23:57:32,933 INFO  raftlog.RaftLog (SegmentedRaftLog.java:close(567)) - Start closing s9@group-9EBC86A0B11D-SegmentedRaftLog:OPENED:c-1:lastnull
2024-10-16 23:57:32,933 INFO  server.RaftServer$Division (RaftServerImpl.java:lambda$close$1(515)) - s10@group-676CD6864C30: shutdown
2024-10-16 23:57:32,933 INFO  util.JmxRegister (JmxRegister.java:unregister(74)) - Successfully un-registered JMX Bean with object name Ratis:service=RaftServer,group=group-676CD6864C30,id=s10
2024-10-16 23:57:32,933 INFO  impl.RoleInfo (RoleInfo.java:shutdownFollowerState(121)) - s10: shutdown s10@group-676CD6864C30-FollowerState
2024-10-16 23:57:32,934 INFO  logging.LoggingHandler (AbstractInternalLogger.java:log(148)) - [id: 0xbbacb419, L:/0.0.0.0:15024] CLOSE
2024-10-16 23:57:32,934 INFO  logging.LoggingHandler (AbstractInternalLogger.java:log(148)) - [id: 0xbbacb419, L:/0.0.0.0:15024] INACTIVE
2024-10-16 23:57:32,934 INFO  logging.LoggingHandler (AbstractInternalLogger.java:log(148)) - [id: 0xbbacb419, L:/0.0.0.0:15024] UNREGISTERED
2024-10-16 23:57:32,934 INFO  server.RaftServer$Division (RaftServerImpl.java:lambda$close$1(515)) - s9@group-676CD6864C30: shutdown
2024-10-16 23:57:32,934 INFO  util.JmxRegister (JmxRegister.java:unregister(74)) - Successfully un-registered JMX Bean with object name Ratis:service=RaftServer,group=group-676CD6864C30,id=s9
2024-10-16 23:57:32,934 INFO  impl.RoleInfo (RoleInfo.java:shutdownFollowerState(121)) - s9: shutdown s9@group-676CD6864C30-FollowerState
2024-10-16 23:57:32,941 INFO  impl.StateMachineUpdater (StateMachineUpdater.java:stopAndJoin(164)) - s8@group-9EBC86A0B11D-StateMachineUpdater: set stopIndex = -1
2024-10-16 23:57:32,941 INFO  impl.StateMachineUpdater (StateMachineUpdater.java:stopAndJoin(164)) - s7@group-9EBC86A0B11D-StateMachineUpdater: set stopIndex = -1
2024-10-16 23:57:32,941 INFO  impl.StateMachineUpdater (StateMachineUpdater.java:stop(141)) - s8@group-9EBC86A0B11D-StateMachineUpdater: closing ArithmeticStateMachine, lastApplied=(t:0, i:~)
2024-10-16 23:57:32,941 INFO  impl.StateMachineUpdater (StateMachineUpdater.java:stopAndJoin(164)) - s3@group-676CD6864C30-StateMachineUpdater: set stopIndex = 251
2024-10-16 23:57:32,941 INFO  impl.FollowerState (FollowerState.java:runImpl(170)) - s3@group-676CD6864C30-FollowerState was interrupted
2024-10-16 23:57:32,941 INFO  impl.StateMachineUpdater (StateMachineUpdater.java:stop(141)) - s3@group-676CD6864C30-StateMachineUpdater: closing ArithmeticStateMachine, lastApplied=(t:1, i:251)
2024-10-16 23:57:32,941 INFO  impl.StateMachineUpdater (StateMachineUpdater.java:stopAndJoin(164)) - s6@group-9EBC86A0B11D-StateMachineUpdater: set stopIndex = -1
2024-10-16 23:57:32,941 INFO  impl.StateMachineUpdater (StateMachineUpdater.java:stop(141)) - s6@group-9EBC86A0B11D-StateMachineUpdater: closing ArithmeticStateMachine, lastApplied=(t:0, i:~)
2024-10-16 23:57:32,941 INFO  impl.StateMachineUpdater (StateMachineUpdater.java:stop(141)) - s7@group-9EBC86A0B11D-StateMachineUpdater: closing ArithmeticStateMachine, lastApplied=(t:0, i:~)
2024-10-16 23:57:32,942 INFO  raftlog.RaftLog (SegmentedRaftLog.java:close(567)) - Start closing s7@group-9EBC86A0B11D-SegmentedRaftLog:OPENED:c-1:lastnull
2024-10-16 23:57:32,942 INFO  raftlog.RaftLog (SegmentedRaftLog.java:close(567)) - Start closing s6@group-9EBC86A0B11D-SegmentedRaftLog:OPENED:c-1:lastnull
2024-10-16 23:57:32,942 INFO  util.AwaitToRun (AwaitToRun.java:run(49)) - s7@group-9EBC86A0B11D-cacheEviction-AwaitToRun-AwaitForSignal is interrupted
2024-10-16 23:57:32,942 INFO  util.AwaitToRun (AwaitToRun.java:run(49)) - s6@group-9EBC86A0B11D-cacheEviction-AwaitToRun-AwaitForSignal is interrupted
2024-10-16 23:57:32,942 INFO  raftlog.RaftLog (SegmentedRaftLog.java:close(567)) - Start closing s8@group-9EBC86A0B11D-SegmentedRaftLog:OPENED:c-1:lastnull
2024-10-16 23:57:32,942 INFO  util.AwaitToRun (AwaitToRun.java:run(49)) - s8@group-9EBC86A0B11D-cacheEviction-AwaitToRun-AwaitForSignal is interrupted
2024-10-16 23:57:32,942 INFO  raftlog.RaftLog (SegmentedRaftLog.java:close(567)) - Start closing s3@group-676CD6864C30-SegmentedRaftLog:OPENED:c251:last(t:1, i:252)
2024-10-16 23:57:32,942 INFO  util.AwaitToRun (AwaitToRun.java:run(49)) - s3@group-676CD6864C30-cacheEviction-AwaitToRun-AwaitForSignal is interrupted
2024-10-16 23:57:32,943 INFO  segmented.LogSegment (LogSegment.java:close(348)) - Successfully closed EntryCache-log_inprogress_0
2024-10-16 23:57:32,943 INFO  impl.StateMachineUpdater (StateMachineUpdater.java:stopAndJoin(164)) - s9@group-676CD6864C30-StateMachineUpdater: set stopIndex = 252
2024-10-16 23:57:32,944 INFO  impl.FollowerState (FollowerState.java:runImpl(170)) - s9@group-676CD6864C30-FollowerState was interrupted
2024-10-16 23:57:32,944 INFO  impl.StateMachineUpdater (StateMachineUpdater.java:stop(141)) - s9@group-676CD6864C30-StateMachineUpdater: closing ArithmeticStateMachine, lastApplied=(t:1, i:252)
2024-10-16 23:57:32,944 INFO  impl.StateMachineUpdater (StateMachineUpdater.java:stopAndJoin(164)) - s10@group-676CD6864C30-StateMachineUpdater: set stopIndex = 251
2024-10-16 23:57:32,944 INFO  impl.FollowerState (FollowerState.java:runImpl(170)) - s10@group-676CD6864C30-FollowerState was interrupted
2024-10-16 23:57:32,944 INFO  raftlog.RaftLog (SegmentedRaftLog.java:close(567)) - Start closing s9@group-676CD6864C30-SegmentedRaftLog:OPENED:c252:last(t:1, i:252)
2024-10-16 23:57:32,944 INFO  impl.StateMachineUpdater (StateMachineUpdater.java:stop(141)) - s10@group-676CD6864C30-StateMachineUpdater: closing ArithmeticStateMachine, lastApplied=(t:1, i:251)
2024-10-16 23:57:32,944 INFO  raftlog.RaftLog (SegmentedRaftLog.java:close(567)) - Start closing s10@group-676CD6864C30-SegmentedRaftLog:OPENED:c251:last(t:1, i:252)
2024-10-16 23:57:32,946 INFO  util.AwaitToRun (AwaitToRun.java:run(49)) - s9@group-9EBC86A0B11D-cacheEviction-AwaitToRun-AwaitForSignal is interrupted
2024-10-16 23:57:32,954 INFO  impl.FollowerState (FollowerState.java:shouldRun(122)) - s11@group-676CD6864C30-FollowerState: Stopping now (isRunning? false, role = FOLLOWER)
2024-10-16 23:57:32,961 INFO  util.AwaitToRun (AwaitToRun.java:run(49)) - s0@group-676CD6864C30-cacheEviction-AwaitToRun-AwaitForSignal is interrupted
2024-10-16 23:57:32,961 INFO  impl.FollowerState (FollowerState.java:runImpl(170)) - s14@group-676CD6864C30-FollowerState was interrupted
2024-10-16 23:57:32,961 INFO  impl.StateMachineUpdater (StateMachineUpdater.java:stop(141)) - s14@group-676CD6864C30-StateMachineUpdater: closing ArithmeticStateMachine, lastApplied=(t:1, i:251)
2024-10-16 23:57:32,961 INFO  impl.StateMachineUpdater (StateMachineUpdater.java:stopAndJoin(164)) - s14@group-676CD6864C30-StateMachineUpdater: set stopIndex = 251
2024-10-16 23:57:32,961 INFO  raftlog.RaftLog (SegmentedRaftLog.java:close(567)) - Start closing s14@group-676CD6864C30-SegmentedRaftLog:OPENED:c251:last(t:1, i:252)
2024-10-16 23:57:32,961 INFO  segmented.LogSegment (LogSegment.java:close(348)) - Successfully closed EntryCache-log_inprogress_0
2024-10-16 23:57:32,968 INFO  util.AwaitToRun (AwaitToRun.java:run(49)) - s6@group-676CD6864C30-cacheEviction-AwaitToRun-AwaitForSignal is interrupted
2024-10-16 23:57:32,968 INFO  util.AwaitToRun (AwaitToRun.java:run(49)) - s11@group-9EBC86A0B11D-cacheEviction-AwaitToRun-AwaitForSignal is interrupted
2024-10-16 23:57:32,968 INFO  impl.StateMachineUpdater (StateMachineUpdater.java:stopAndJoin(164)) - s13@group-676CD6864C30-StateMachineUpdater: set stopIndex = 252
2024-10-16 23:57:32,968 INFO  segmented.LogSegment (LogSegment.java:close(348)) - Successfully closed EntryCache-log_inprogress_0
2024-10-16 23:57:32,969 INFO  impl.FollowerState (FollowerState.java:runImpl(170)) - s13@group-676CD6864C30-FollowerState was interrupted
2024-10-16 23:57:32,971 INFO  util.AwaitToRun (AwaitToRun.java:run(49)) - s13@group-9EBC86A0B11D-cacheEviction-AwaitToRun-AwaitForSignal is interrupted
2024-10-16 23:57:32,971 INFO  util.AwaitToRun (AwaitToRun.java:run(49)) - s10@group-9EBC86A0B11D-cacheEviction-AwaitToRun-AwaitForSignal is interrupted
2024-10-16 23:57:32,973 INFO  impl.StateMachineUpdater (StateMachineUpdater.java:stopAndJoin(164)) - s11@group-676CD6864C30-StateMachineUpdater: set stopIndex = 252
2024-10-16 23:57:32,973 INFO  impl.StateMachineUpdater (StateMachineUpdater.java:stop(141)) - s11@group-676CD6864C30-StateMachineUpdater: closing ArithmeticStateMachine, lastApplied=(t:1, i:252)
2024-10-16 23:57:32,973 INFO  util.AwaitToRun (AwaitToRun.java:run(49)) - s2@group-676CD6864C30-cacheEviction-AwaitToRun-AwaitForSignal is interrupted
2024-10-16 23:57:32,973 INFO  impl.StateMachineUpdater (StateMachineUpdater.java:stopAndJoin(164)) - s1@group-676CD6864C30-StateMachineUpdater: set stopIndex = 251
2024-10-16 23:57:32,973 INFO  raftlog.RaftLog (SegmentedRaftLog.java:close(567)) - Start closing s11@group-676CD6864C30-SegmentedRaftLog:OPENED:c252:last(t:1, i:252)
2024-10-16 23:57:32,973 INFO  impl.StateMachineUpdater (StateMachineUpdater.java:stop(141)) - s1@group-676CD6864C30-StateMachineUpdater: closing ArithmeticStateMachine, lastApplied=(t:1, i:251)
2024-10-16 23:57:32,974 INFO  util.AwaitToRun (AwaitToRun.java:run(49)) - s11@group-676CD6864C30-cacheEviction-AwaitToRun-AwaitForSignal is interrupted
2024-10-16 23:57:32,974 INFO  segmented.LogSegment (LogSegment.java:close(348)) - Successfully closed EntryCache-log_inprogress_0
2024-10-16 23:57:32,974 INFO  util.AwaitToRun (AwaitToRun.java:run(49)) - s12@group-9EBC86A0B11D-cacheEviction-AwaitToRun-AwaitForSignal is interrupted
2024-10-16 23:57:32,974 INFO  raftlog.RaftLog (SegmentedRaftLog.java:close(567)) - Start closing s1@group-676CD6864C30-SegmentedRaftLog:OPENED:c251:last(t:1, i:252)
2024-10-16 23:57:32,974 INFO  impl.FollowerState (FollowerState.java:runImpl(170)) - s1@group-676CD6864C30-FollowerState was interrupted
2024-10-16 23:57:32,974 INFO  segmented.LogSegment (LogSegment.java:close(348)) - Successfully closed EntryCache-log_inprogress_0
2024-10-16 23:57:32,974 INFO  util.AwaitToRun (AwaitToRun.java:run(49)) - s1@group-676CD6864C30-cacheEviction-AwaitToRun-AwaitForSignal is interrupted
2024-10-16 23:57:32,975 INFO  segmented.LogSegment (LogSegment.java:close(348)) - Successfully closed EntryCache-log_inprogress_0
2024-10-16 23:57:32,975 INFO  leader.LogAppenderDaemon (LogAppenderDaemon.java:run(85)) - s5@group-676CD6864C30->s14-LogAppenderDefault-LogAppenderDaemon was interrupted: java.lang.InterruptedException
2024-10-16 23:57:32,975 INFO  leader.LogAppenderDaemon (LogAppenderDaemon.java:run(85)) - s5@group-676CD6864C30->s9-LogAppenderDefault-LogAppenderDaemon was interrupted: java.lang.InterruptedException
2024-10-16 23:57:32,975 INFO  impl.StateMachineUpdater (StateMachineUpdater.java:stopAndJoin(164)) - s12@group-676CD6864C30-StateMachineUpdater: set stopIndex = 251
2024-10-16 23:57:32,975 INFO  impl.StateMachineUpdater (StateMachineUpdater.java:stop(141)) - s12@group-676CD6864C30-StateMachineUpdater: closing ArithmeticStateMachine, lastApplied=(t:1, i:251)
2024-10-16 23:57:32,976 INFO  raftlog.RaftLog (SegmentedRaftLog.java:close(567)) - Start closing s12@group-676CD6864C30-SegmentedRaftLog:OPENED:c251:last(t:1, i:252)
2024-10-16 23:57:32,975 INFO  impl.PendingRequests (PendingRequests.java:sendNotLeaderResponses(287)) - s5@group-676CD6864C30-PendingRequests: sendNotLeaderResponses
2024-10-16 23:57:32,975 INFO  leader.LogAppenderDaemon (LogAppenderDaemon.java:run(85)) - s5@group-676CD6864C30->s2-LogAppenderDefault-LogAppenderDaemon was interrupted: java.lang.InterruptedException
2024-10-16 23:57:32,975 INFO  impl.FollowerState (FollowerState.java:runImpl(170)) - s12@group-676CD6864C30-FollowerState was interrupted
2024-10-16 23:57:32,976 INFO  impl.StateMachineUpdater (StateMachineUpdater.java:stopAndJoin(164)) - s5@group-676CD6864C30-StateMachineUpdater: set stopIndex = 252
2024-10-16 23:57:32,976 INFO  impl.StateMachineUpdater (StateMachineUpdater.java:stop(141)) - s5@group-676CD6864C30-StateMachineUpdater: closing ArithmeticStateMachine, lastApplied=(t:1, i:252)
2024-10-16 23:57:32,976 INFO  raftlog.RaftLog (SegmentedRaftLog.java:close(567)) - Start closing s5@group-676CD6864C30-SegmentedRaftLog:OPENED:c252:last(t:1, i:252)
2024-10-16 23:57:32,986 INFO  util.AwaitToRun (AwaitToRun.java:run(49)) - s14@group-9EBC86A0B11D-cacheEviction-AwaitToRun-AwaitForSignal is interrupted
2024-10-16 23:57:32,992 INFO  util.AwaitToRun (AwaitToRun.java:run(49)) - s0@group-9EBC86A0B11D-cacheEviction-AwaitToRun-AwaitForSignal is interrupted
2024-10-16 23:57:32,999 INFO  util.AwaitToRun (AwaitToRun.java:run(49)) - s2@group-9EBC86A0B11D-cacheEviction-AwaitToRun-AwaitForSignal is interrupted
2024-10-16 23:57:33,002 INFO  util.AwaitToRun (AwaitToRun.java:run(49)) - s7@group-676CD6864C30-cacheEviction-AwaitToRun-AwaitForSignal is interrupted
2024-10-16 23:57:33,002 INFO  segmented.LogSegment (LogSegment.java:close(348)) - Successfully closed EntryCache-log_inprogress_0
2024-10-16 23:57:33,004 INFO  util.AwaitToRun (AwaitToRun.java:run(49)) - s8@group-676CD6864C30-cacheEviction-AwaitToRun-AwaitForSignal is interrupted
2024-10-16 23:57:33,005 INFO  segmented.LogSegment (LogSegment.java:close(348)) - Successfully closed EntryCache-log_inprogress_0
2024-10-16 23:57:33,032 INFO  util.AwaitToRun (AwaitToRun.java:run(49)) - s5@group-676CD6864C30-cacheEviction-AwaitToRun-AwaitForSignal is interrupted
2024-10-16 23:57:33,033 INFO  segmented.LogSegment (LogSegment.java:close(348)) - Successfully closed EntryCache-log_inprogress_0
2024-10-16 23:57:33,033 INFO  util.AwaitToRun (AwaitToRun.java:run(49)) - s12@group-676CD6864C30-cacheEviction-AwaitToRun-AwaitForSignal is interrupted
2024-10-16 23:57:33,033 INFO  segmented.LogSegment (LogSegment.java:close(348)) - Successfully closed EntryCache-log_inprogress_0
2024-10-16 23:57:33,034 INFO  impl.StateMachineUpdater (StateMachineUpdater.java:stop(141)) - s13@group-676CD6864C30-StateMachineUpdater: closing ArithmeticStateMachine, lastApplied=(t:1, i:252)
2024-10-16 23:57:33,035 INFO  raftlog.RaftLog (SegmentedRaftLog.java:close(567)) - Start closing s13@group-676CD6864C30-SegmentedRaftLog:OPENED:c252:last(t:1, i:252)
2024-10-16 23:57:33,035 INFO  util.AwaitToRun (AwaitToRun.java:run(49)) - s13@group-676CD6864C30-cacheEviction-AwaitToRun-AwaitForSignal is interrupted
2024-10-16 23:57:33,035 INFO  util.AwaitToRun (AwaitToRun.java:run(49)) - s14@group-676CD6864C30-cacheEviction-AwaitToRun-AwaitForSignal is interrupted
2024-10-16 23:57:33,035 INFO  segmented.LogSegment (LogSegment.java:close(348)) - Successfully closed EntryCache-log_inprogress_0
2024-10-16 23:57:33,035 INFO  segmented.LogSegment (LogSegment.java:close(348)) - Successfully closed EntryCache-log_inprogress_0
2024-10-16 23:57:33,040 INFO  util.AwaitToRun (AwaitToRun.java:run(49)) - s10@group-676CD6864C30-cacheEviction-AwaitToRun-AwaitForSignal is interrupted
2024-10-16 23:57:33,040 INFO  segmented.LogSegment (LogSegment.java:close(348)) - Successfully closed EntryCache-log_inprogress_0
2024-10-16 23:57:33,049 INFO  util.AwaitToRun (AwaitToRun.java:run(49)) - s9@group-676CD6864C30-cacheEviction-AwaitToRun-AwaitForSignal is interrupted
2024-10-16 23:57:33,049 INFO  segmented.LogSegment (LogSegment.java:close(348)) - Successfully closed EntryCache-log_inprogress_0
2024-10-16 23:57:33,716 INFO  segmented.SegmentedRaftLogWorker (SegmentedRaftLogWorker.java:close(253)) - s3@group-9EBC86A0B11D-SegmentedRaftLogWorker close()
2024-10-16 23:57:33,716 INFO  raftlog.RaftLog (SegmentedRaftLog.java:close(575)) - Successfully closed s3@group-9EBC86A0B11D-SegmentedRaftLog:CLOSED:c-1
2024-10-16 23:57:33,736 INFO  segmented.SegmentedRaftLogWorker (SegmentedRaftLogWorker.java:close(253)) - s4@group-9EBC86A0B11D-SegmentedRaftLogWorker close()
2024-10-16 23:57:33,736 INFO  raftlog.RaftLog (SegmentedRaftLog.java:close(575)) - Successfully closed s4@group-9EBC86A0B11D-SegmentedRaftLog:CLOSED:c-1
2024-10-16 23:57:33,743 INFO  segmented.SegmentedRaftLogWorker (SegmentedRaftLogWorker.java:close(253)) - s5@group-9EBC86A0B11D-SegmentedRaftLogWorker close()
2024-10-16 23:57:33,743 INFO  raftlog.RaftLog (SegmentedRaftLog.java:close(575)) - Successfully closed s5@group-9EBC86A0B11D-SegmentedRaftLog:CLOSED:c-1
2024-10-16 23:57:33,752 INFO  segmented.SegmentedRaftLogWorker (SegmentedRaftLogWorker.java:close(253)) - s6@group-9EBC86A0B11D-SegmentedRaftLogWorker close()
2024-10-16 23:57:33,752 INFO  raftlog.RaftLog (SegmentedRaftLog.java:close(575)) - Successfully closed s6@group-9EBC86A0B11D-SegmentedRaftLog:CLOSED:c-1
2024-10-16 23:57:33,759 INFO  segmented.SegmentedRaftLogWorker (SegmentedRaftLogWorker.java:close(253)) - s7@group-9EBC86A0B11D-SegmentedRaftLogWorker close()
2024-10-16 23:57:33,760 INFO  raftlog.RaftLog (SegmentedRaftLog.java:close(575)) - Successfully closed s7@group-9EBC86A0B11D-SegmentedRaftLog:CLOSED:c-1
2024-10-16 23:57:33,769 INFO  segmented.SegmentedRaftLogWorker (SegmentedRaftLogWorker.java:close(253)) - s8@group-9EBC86A0B11D-SegmentedRaftLogWorker close()
2024-10-16 23:57:33,770 INFO  raftlog.RaftLog (SegmentedRaftLog.java:close(575)) - Successfully closed s8@group-9EBC86A0B11D-SegmentedRaftLog:CLOSED:c-1
2024-10-16 23:57:33,781 INFO  segmented.SegmentedRaftLogWorker (SegmentedRaftLogWorker.java:close(253)) - s9@group-9EBC86A0B11D-SegmentedRaftLogWorker close()
2024-10-16 23:57:33,781 INFO  raftlog.RaftLog (SegmentedRaftLog.java:close(575)) - Successfully closed s9@group-9EBC86A0B11D-SegmentedRaftLog:CLOSED:c-1
2024-10-16 23:57:33,788 INFO  segmented.SegmentedRaftLogWorker (SegmentedRaftLogWorker.java:close(253)) - s11@group-9EBC86A0B11D-SegmentedRaftLogWorker close()
2024-10-16 23:57:33,788 INFO  raftlog.RaftLog (SegmentedRaftLog.java:close(575)) - Successfully closed s11@group-9EBC86A0B11D-SegmentedRaftLog:CLOSED:c-1
2024-10-16 23:57:33,797 INFO  segmented.SegmentedRaftLogWorker (SegmentedRaftLogWorker.java:close(253)) - s10@group-9EBC86A0B11D-SegmentedRaftLogWorker close()
2024-10-16 23:57:33,797 INFO  raftlog.RaftLog (SegmentedRaftLog.java:close(575)) - Successfully closed s10@group-9EBC86A0B11D-SegmentedRaftLog:CLOSED:c-1
2024-10-16 23:57:33,806 INFO  segmented.SegmentedRaftLogWorker (SegmentedRaftLogWorker.java:close(253)) - s13@group-9EBC86A0B11D-SegmentedRaftLogWorker close()
2024-10-16 23:57:33,806 INFO  raftlog.RaftLog (SegmentedRaftLog.java:close(575)) - Successfully closed s13@group-9EBC86A0B11D-SegmentedRaftLog:CLOSED:c-1
2024-10-16 23:57:33,814 INFO  segmented.SegmentedRaftLogWorker (SegmentedRaftLogWorker.java:close(253)) - s12@group-9EBC86A0B11D-SegmentedRaftLogWorker close()
2024-10-16 23:57:33,814 INFO  raftlog.RaftLog (SegmentedRaftLog.java:close(575)) - Successfully closed s12@group-9EBC86A0B11D-SegmentedRaftLog:CLOSED:c-1
2024-10-16 23:57:33,822 INFO  segmented.SegmentedRaftLogWorker (SegmentedRaftLogWorker.java:close(253)) - s14@group-9EBC86A0B11D-SegmentedRaftLogWorker close()
2024-10-16 23:57:33,822 INFO  raftlog.RaftLog (SegmentedRaftLog.java:close(575)) - Successfully closed s14@group-9EBC86A0B11D-SegmentedRaftLog:CLOSED:c-1
2024-10-16 23:57:33,829 INFO  segmented.SegmentedRaftLogWorker (SegmentedRaftLogWorker.java:close(253)) - s0@group-9EBC86A0B11D-SegmentedRaftLogWorker close()
2024-10-16 23:57:33,829 INFO  raftlog.RaftLog (SegmentedRaftLog.java:close(575)) - Successfully closed s0@group-9EBC86A0B11D-SegmentedRaftLog:CLOSED:c-1
2024-10-16 23:57:33,836 INFO  segmented.SegmentedRaftLogWorker (SegmentedRaftLogWorker.java:close(253)) - s1@group-9EBC86A0B11D-SegmentedRaftLogWorker close()
2024-10-16 23:57:33,836 INFO  raftlog.RaftLog (SegmentedRaftLog.java:close(575)) - Successfully closed s1@group-9EBC86A0B11D-SegmentedRaftLog:CLOSED:c-1
2024-10-16 23:57:33,842 INFO  segmented.SegmentedRaftLogWorker (SegmentedRaftLogWorker.java:close(253)) - s2@group-9EBC86A0B11D-SegmentedRaftLogWorker close()
2024-10-16 23:57:33,842 INFO  raftlog.RaftLog (SegmentedRaftLog.java:close(575)) - Successfully closed s2@group-9EBC86A0B11D-SegmentedRaftLog:CLOSED:c-1
2024-10-16 23:57:33,858 INFO  segmented.SegmentedRaftLogWorker (SegmentedRaftLogWorker.java:close(253)) - s1@group-676CD6864C30-SegmentedRaftLogWorker close()
2024-10-16 23:57:33,858 INFO  segmented.SegmentedRaftLogWorker (SegmentedRaftLogWorker.java:close(253)) - s3@group-676CD6864C30-SegmentedRaftLogWorker close()
2024-10-16 23:57:33,858 INFO  raftlog.RaftLog (SegmentedRaftLog.java:close(575)) - Successfully closed s3@group-676CD6864C30-SegmentedRaftLog:CLOSED:c251
2024-10-16 23:57:33,858 INFO  raftlog.RaftLog (SegmentedRaftLog.java:close(575)) - Successfully closed s1@group-676CD6864C30-SegmentedRaftLog:CLOSED:c251
2024-10-16 23:57:33,859 INFO  segmented.SegmentedRaftLogWorker (SegmentedRaftLogWorker.java:close(253)) - s8@group-676CD6864C30-SegmentedRaftLogWorker close()
2024-10-16 23:57:33,860 INFO  raftlog.RaftLog (SegmentedRaftLog.java:close(575)) - Successfully closed s8@group-676CD6864C30-SegmentedRaftLog:CLOSED:c251
2024-10-16 23:57:33,860 INFO  segmented.SegmentedRaftLogWorker (SegmentedRaftLogWorker.java:close(253)) - s0@group-676CD6864C30-SegmentedRaftLogWorker close()
2024-10-16 23:57:33,860 INFO  raftlog.RaftLog (SegmentedRaftLog.java:close(575)) - Successfully closed s0@group-676CD6864C30-SegmentedRaftLog:CLOSED:c251
2024-10-16 23:57:33,861 INFO  segmented.SegmentedRaftLogWorker (SegmentedRaftLogWorker.java:close(253)) - s2@group-676CD6864C30-SegmentedRaftLogWorker close()
2024-10-16 23:57:33,861 INFO  raftlog.RaftLog (SegmentedRaftLog.java:close(575)) - Successfully closed s2@group-676CD6864C30-SegmentedRaftLog:CLOSED:c251
2024-10-16 23:57:33,861 INFO  segmented.SegmentedRaftLogWorker (SegmentedRaftLogWorker.java:close(253)) - s10@group-676CD6864C30-SegmentedRaftLogWorker close()
2024-10-16 23:57:33,861 INFO  raftlog.RaftLog (SegmentedRaftLog.java:close(575)) - Successfully closed s10@group-676CD6864C30-SegmentedRaftLog:CLOSED:c251
2024-10-16 23:57:33,861 INFO  segmented.SegmentedRaftLogWorker (SegmentedRaftLogWorker.java:close(253)) - s4@group-676CD6864C30-SegmentedRaftLogWorker close()
2024-10-16 23:57:33,862 INFO  raftlog.RaftLog (SegmentedRaftLog.java:close(575)) - Successfully closed s4@group-676CD6864C30-SegmentedRaftLog:CLOSED:c251
2024-10-16 23:57:33,862 INFO  segmented.SegmentedRaftLogWorker (SegmentedRaftLogWorker.java:close(253)) - s12@group-676CD6864C30-SegmentedRaftLogWorker close()
2024-10-16 23:57:33,862 INFO  raftlog.RaftLog (SegmentedRaftLog.java:close(575)) - Successfully closed s12@group-676CD6864C30-SegmentedRaftLog:CLOSED:c251
2024-10-16 23:57:33,858 INFO  segmented.SegmentedRaftLogWorker (SegmentedRaftLogWorker.java:close(253)) - s5@group-676CD6864C30-SegmentedRaftLogWorker close()
2024-10-16 23:57:33,861 INFO  segmented.SegmentedRaftLogWorker (SegmentedRaftLogWorker.java:close(253)) - s6@group-676CD6864C30-SegmentedRaftLogWorker close()
2024-10-16 23:57:33,862 INFO  raftlog.RaftLog (SegmentedRaftLog.java:close(575)) - Successfully closed s6@group-676CD6864C30-SegmentedRaftLog:CLOSED:c251
2024-10-16 23:57:33,863 INFO  segmented.SegmentedRaftLogWorker (SegmentedRaftLogWorker.java:close(253)) - s7@group-676CD6864C30-SegmentedRaftLogWorker close()
2024-10-16 23:57:33,863 INFO  raftlog.RaftLog (SegmentedRaftLog.java:close(575)) - Successfully closed s7@group-676CD6864C30-SegmentedRaftLog:CLOSED:c251
2024-10-16 23:57:33,863 INFO  util.JvmPauseMonitor (JvmPauseMonitor.java:run(152)) - JvmPauseMonitor-s4: Stopped
2024-10-16 23:57:33,863 INFO  util.JvmPauseMonitor (JvmPauseMonitor.java:run(152)) - JvmPauseMonitor-s7: Stopped
2024-10-16 23:57:33,860 INFO  segmented.SegmentedRaftLogWorker (SegmentedRaftLogWorker.java:close(253)) - s14@group-676CD6864C30-SegmentedRaftLogWorker close()
2024-10-16 23:57:33,864 INFO  util.JvmPauseMonitor (JvmPauseMonitor.java:run(152)) - JvmPauseMonitor-s6: Stopped
2024-10-16 23:57:33,864 INFO  segmented.SegmentedRaftLogWorker (SegmentedRaftLogWorker.java:close(253)) - s13@group-676CD6864C30-SegmentedRaftLogWorker close()
2024-10-16 23:57:33,863 INFO  segmented.SegmentedRaftLogWorker (SegmentedRaftLogWorker.java:close(253)) - s11@group-676CD6864C30-SegmentedRaftLogWorker close()
2024-10-16 23:57:33,862 INFO  util.JvmPauseMonitor (JvmPauseMonitor.java:run(152)) - JvmPauseMonitor-s8: Stopped
2024-10-16 23:57:33,864 INFO  util.JvmPauseMonitor (JvmPauseMonitor.java:run(152)) - JvmPauseMonitor-s10: Stopped
2024-10-16 23:57:33,862 INFO  raftlog.RaftLog (SegmentedRaftLog.java:close(575)) - Successfully closed s5@group-676CD6864C30-SegmentedRaftLog:CLOSED:c252
2024-10-16 23:57:33,864 INFO  raftlog.RaftLog (SegmentedRaftLog.java:close(575)) - Successfully closed s11@group-676CD6864C30-SegmentedRaftLog:CLOSED:c252
2024-10-16 23:57:33,864 INFO  segmented.SegmentedRaftLogWorker (SegmentedRaftLogWorker.java:close(253)) - s9@group-676CD6864C30-SegmentedRaftLogWorker close()
2024-10-16 23:57:33,865 INFO  raftlog.RaftLog (SegmentedRaftLog.java:close(575)) - Successfully closed s9@group-676CD6864C30-SegmentedRaftLog:CLOSED:c252
2024-10-16 23:57:33,864 INFO  raftlog.RaftLog (SegmentedRaftLog.java:close(575)) - Successfully closed s13@group-676CD6864C30-SegmentedRaftLog:CLOSED:c252
2024-10-16 23:57:33,864 INFO  raftlog.RaftLog (SegmentedRaftLog.java:close(575)) - Successfully closed s14@group-676CD6864C30-SegmentedRaftLog:CLOSED:c251
2024-10-16 23:57:33,864 INFO  util.JvmPauseMonitor (JvmPauseMonitor.java:run(152)) - JvmPauseMonitor-s5: Stopped
2024-10-16 23:57:33,865 INFO  util.JvmPauseMonitor (JvmPauseMonitor.java:run(152)) - JvmPauseMonitor-s9: Stopped
2024-10-16 23:57:33,865 INFO  util.JvmPauseMonitor (JvmPauseMonitor.java:run(152)) - JvmPauseMonitor-s11: Stopped
2024-10-16 23:57:33,866 INFO  util.JvmPauseMonitor (JvmPauseMonitor.java:run(152)) - JvmPauseMonitor-s14: Stopped
2024-10-16 23:57:33,866 INFO  util.JvmPauseMonitor (JvmPauseMonitor.java:run(152)) - JvmPauseMonitor-s0: Stopped
2024-10-16 23:57:33,866 INFO  util.JvmPauseMonitor (JvmPauseMonitor.java:run(152)) - JvmPauseMonitor-s2: Stopped
2024-10-16 23:57:33,866 INFO  util.JvmPauseMonitor (JvmPauseMonitor.java:run(152)) - JvmPauseMonitor-s12: Stopped
2024-10-16 23:57:33,867 INFO  util.JvmPauseMonitor (JvmPauseMonitor.java:run(152)) - JvmPauseMonitor-s13: Stopped
2024-10-16 23:57:33,867 INFO  util.JvmPauseMonitor (JvmPauseMonitor.java:run(152)) - JvmPauseMonitor-s1: Stopped
2024-10-16 23:57:33,867 INFO  util.JvmPauseMonitor (JvmPauseMonitor.java:run(152)) - JvmPauseMonitor-s3: Stopped
2024-10-16 23:57:33,867 INFO  impl.MiniRaftCluster (MiniRaftCluster.java:shutdown(885)) - MiniRaftClusterWithNetty shutdown completed
2024-10-16 23:57:33,868 INFO  ratis.RaftTestUtil (RaftTestUtil.java:gc(593)) - gc 0
2024-10-16 23:57:34,102 WARN  util.ReferenceCountedLeakDetector (ReferenceCountedLeakDetector.java:logLeakMessage(167)) - LEAK: (class org.apache.ratis.proto.RaftProtos$AppendEntriesRequestProto, count=1, value=serverRequest {
  requestorId: "s14"
  replyId: "s3"
  raftGroupId {
    id: "\265\234\323\340\225\vF\277\262\372\374\340-\034\327|"
  }
  callId: 6797
}
leaderTerm: 1
previousLog {
  term: 1
  index: 120
}
leaderCommit: 120
commitInfos {
  server {
    id: "s14"
    address: "0.0.0.0:15029"
    clientAddress: "0.0.0.0:15029"
    adminAddress: "0.0.0.0:15029"
    startupRole: FOLLOWER
  }
  commitIndex: 120
}
commitInfos {
  server {
    id: "s3"
    address: "0.0.0.0:15018"
    clientAddress: "0.0.0.0:15018"
    adminAddress: "0.0.0.0:15018"
    startupRole: FOLLOWER
  }
  commitIndex: 120
}
commitInfos {
  server {
    id: "s2"
    address: "0.0.0.0:15017"
    clientAddress: "0.0.0.0:15017"
    adminAddress: "0.0.0.0:15017"
    startupRole: FOLLOWER
  }
  commitIndex: 120
}
)
2024-10-16 23:57:34,102 WARN  util.LeakDetector (LeakDetector.java:assertNoLeaks(171)) - 0/30) numLeaks == 1 > 0, will wait and retry ...
2024-10-16 23:57:35,103 WARN  util.ReferenceCountedLeakDetector (ReferenceCountedLeakDetector.java:logLeakMessage(167)) - LEAK: (class org.apache.ratis.proto.RaftProtos$AppendEntriesRequestProto, count=1, value=serverRequest {
  requestorId: "s14"
  replyId: "s3"
  raftGroupId {
    id: "\265\234\323\340\225\vF\277\262\372\374\340-\034\327|"
  }
  callId: 6797
}
leaderTerm: 1
previousLog {
  term: 1
  index: 120
}
leaderCommit: 120
commitInfos {
  server {
    id: "s14"
    address: "0.0.0.0:15029"
    clientAddress: "0.0.0.0:15029"
    adminAddress: "0.0.0.0:15029"
    startupRole: FOLLOWER
  }
  commitIndex: 120
}
commitInfos {
  server {
    id: "s3"
    address: "0.0.0.0:15018"
    clientAddress: "0.0.0.0:15018"
    adminAddress: "0.0.0.0:15018"
    startupRole: FOLLOWER
  }
  commitIndex: 120
}
commitInfos {
  server {
    id: "s2"
    address: "0.0.0.0:15017"
    clientAddress: "0.0.0.0:15017"
    adminAddress: "0.0.0.0:15017"
    startupRole: FOLLOWER
  }
  commitIndex: 120
}
)
2024-10-16 23:57:35,104 WARN  util.LeakDetector (LeakDetector.java:assertNoLeaks(171)) - 1/30) numLeaks == 1 > 0, will wait and retry ...
2024-10-16 23:57:36,104 WARN  util.ReferenceCountedLeakDetector (ReferenceCountedLeakDetector.java:logLeakMessage(167)) - LEAK: (class org.apache.ratis.proto.RaftProtos$AppendEntriesRequestProto, count=1, value=serverRequest {
  requestorId: "s14"
  replyId: "s3"
  raftGroupId {
    id: "\265\234\323\340\225\vF\277\262\372\374\340-\034\327|"
  }
  callId: 6797
}
leaderTerm: 1
previousLog {
  term: 1
  index: 120
}
leaderCommit: 120
commitInfos {
  server {
    id: "s14"
    address: "0.0.0.0:15029"
    clientAddress: "0.0.0.0:15029"
    adminAddress: "0.0.0.0:15029"
    startupRole: FOLLOWER
  }
  commitIndex: 120
}
commitInfos {
  server {
    id: "s3"
    address: "0.0.0.0:15018"
    clientAddress: "0.0.0.0:15018"
    adminAddress: "0.0.0.0:15018"
    startupRole: FOLLOWER
  }
  commitIndex: 120
}
commitInfos {
  server {
    id: "s2"
    address: "0.0.0.0:15017"
    clientAddress: "0.0.0.0:15017"
    adminAddress: "0.0.0.0:15017"
    startupRole: FOLLOWER
  }
  commitIndex: 120
}
)
2024-10-16 23:57:36,104 WARN  util.LeakDetector (LeakDetector.java:assertNoLeaks(171)) - 2/30) numLeaks == 1 > 0, will wait and retry ...
2024-10-16 23:57:37,105 WARN  util.ReferenceCountedLeakDetector (ReferenceCountedLeakDetector.java:logLeakMessage(167)) - LEAK: (class org.apache.ratis.proto.RaftProtos$AppendEntriesRequestProto, count=1, value=serverRequest {
  requestorId: "s14"
  replyId: "s3"
  raftGroupId {
    id: "\265\234\323\340\225\vF\277\262\372\374\340-\034\327|"
  }
  callId: 6797
}
leaderTerm: 1
previousLog {
  term: 1
  index: 120
}
leaderCommit: 120
commitInfos {
  server {
    id: "s14"
    address: "0.0.0.0:15029"
    clientAddress: "0.0.0.0:15029"
    adminAddress: "0.0.0.0:15029"
    startupRole: FOLLOWER
  }
  commitIndex: 120
}
commitInfos {
  server {
    id: "s3"
    address: "0.0.0.0:15018"
    clientAddress: "0.0.0.0:15018"
    adminAddress: "0.0.0.0:15018"
    startupRole: FOLLOWER
  }
  commitIndex: 120
}
commitInfos {
  server {
    id: "s2"
    address: "0.0.0.0:15017"
    clientAddress: "0.0.0.0:15017"
    adminAddress: "0.0.0.0:15017"
    startupRole: FOLLOWER
  }
  commitIndex: 120
}
)
2024-10-16 23:57:37,105 WARN  util.LeakDetector (LeakDetector.java:assertNoLeaks(171)) - 3/30) numLeaks == 1 > 0, will wait and retry ...
2024-10-16 23:57:38,105 WARN  util.ReferenceCountedLeakDetector (ReferenceCountedLeakDetector.java:logLeakMessage(167)) - LEAK: (class org.apache.ratis.proto.RaftProtos$AppendEntriesRequestProto, count=1, value=serverRequest {
  requestorId: "s14"
  replyId: "s3"
  raftGroupId {
    id: "\265\234\323\340\225\vF\277\262\372\374\340-\034\327|"
  }
  callId: 6797
}
leaderTerm: 1
previousLog {
  term: 1
  index: 120
}
leaderCommit: 120
commitInfos {
  server {
    id: "s14"
    address: "0.0.0.0:15029"
    clientAddress: "0.0.0.0:15029"
    adminAddress: "0.0.0.0:15029"
    startupRole: FOLLOWER
  }
  commitIndex: 120
}
commitInfos {
  server {
    id: "s3"
    address: "0.0.0.0:15018"
    clientAddress: "0.0.0.0:15018"
    adminAddress: "0.0.0.0:15018"
    startupRole: FOLLOWER
  }
  commitIndex: 120
}
commitInfos {
  server {
    id: "s2"
    address: "0.0.0.0:15017"
    clientAddress: "0.0.0.0:15017"
    adminAddress: "0.0.0.0:15017"
    startupRole: FOLLOWER
  }
  commitIndex: 120
}
)
2024-10-16 23:57:38,106 WARN  util.LeakDetector (LeakDetector.java:assertNoLeaks(171)) - 4/30) numLeaks == 1 > 0, will wait and retry ...
2024-10-16 23:57:39,106 WARN  util.ReferenceCountedLeakDetector (ReferenceCountedLeakDetector.java:logLeakMessage(167)) - LEAK: (class org.apache.ratis.proto.RaftProtos$AppendEntriesRequestProto, count=1, value=serverRequest {
  requestorId: "s14"
  replyId: "s3"
  raftGroupId {
    id: "\265\234\323\340\225\vF\277\262\372\374\340-\034\327|"
  }
  callId: 6797
}
leaderTerm: 1
previousLog {
  term: 1
  index: 120
}
leaderCommit: 120
commitInfos {
  server {
    id: "s14"
    address: "0.0.0.0:15029"
    clientAddress: "0.0.0.0:15029"
    adminAddress: "0.0.0.0:15029"
    startupRole: FOLLOWER
  }
  commitIndex: 120
}
commitInfos {
  server {
    id: "s3"
    address: "0.0.0.0:15018"
    clientAddress: "0.0.0.0:15018"
    adminAddress: "0.0.0.0:15018"
    startupRole: FOLLOWER
  }
  commitIndex: 120
}
commitInfos {
  server {
    id: "s2"
    address: "0.0.0.0:15017"
    clientAddress: "0.0.0.0:15017"
    adminAddress: "0.0.0.0:15017"
    startupRole: FOLLOWER
  }
  commitIndex: 120
}
)
2024-10-16 23:57:39,106 WARN  util.LeakDetector (LeakDetector.java:assertNoLeaks(171)) - 5/30) numLeaks == 1 > 0, will wait and retry ...
2024-10-16 23:57:40,107 WARN  util.ReferenceCountedLeakDetector (ReferenceCountedLeakDetector.java:logLeakMessage(167)) - LEAK: (class org.apache.ratis.proto.RaftProtos$AppendEntriesRequestProto, count=1, value=serverRequest {
  requestorId: "s14"
  replyId: "s3"
  raftGroupId {
    id: "\265\234\323\340\225\vF\277\262\372\374\340-\034\327|"
  }
  callId: 6797
}
leaderTerm: 1
previousLog {
  term: 1
  index: 120
}
leaderCommit: 120
commitInfos {
  server {
    id: "s14"
    address: "0.0.0.0:15029"
    clientAddress: "0.0.0.0:15029"
    adminAddress: "0.0.0.0:15029"
    startupRole: FOLLOWER
  }
  commitIndex: 120
}
commitInfos {
  server {
    id: "s3"
    address: "0.0.0.0:15018"
    clientAddress: "0.0.0.0:15018"
    adminAddress: "0.0.0.0:15018"
    startupRole: FOLLOWER
  }
  commitIndex: 120
}
commitInfos {
  server {
    id: "s2"
    address: "0.0.0.0:15017"
    clientAddress: "0.0.0.0:15017"
    adminAddress: "0.0.0.0:15017"
    startupRole: FOLLOWER
  }
  commitIndex: 120
}
)
2024-10-16 23:57:40,107 WARN  util.LeakDetector (LeakDetector.java:assertNoLeaks(171)) - 6/30) numLeaks == 1 > 0, will wait and retry ...
2024-10-16 23:57:41,107 WARN  util.ReferenceCountedLeakDetector (ReferenceCountedLeakDetector.java:logLeakMessage(167)) - LEAK: (class org.apache.ratis.proto.RaftProtos$AppendEntriesRequestProto, count=1, value=serverRequest {
  requestorId: "s14"
  replyId: "s3"
  raftGroupId {
    id: "\265\234\323\340\225\vF\277\262\372\374\340-\034\327|"
  }
  callId: 6797
}
leaderTerm: 1
previousLog {
  term: 1
  index: 120
}
leaderCommit: 120
commitInfos {
  server {
    id: "s14"
    address: "0.0.0.0:15029"
    clientAddress: "0.0.0.0:15029"
    adminAddress: "0.0.0.0:15029"
    startupRole: FOLLOWER
  }
  commitIndex: 120
}
commitInfos {
  server {
    id: "s3"
    address: "0.0.0.0:15018"
    clientAddress: "0.0.0.0:15018"
    adminAddress: "0.0.0.0:15018"
    startupRole: FOLLOWER
  }
  commitIndex: 120
}
commitInfos {
  server {
    id: "s2"
    address: "0.0.0.0:15017"
    clientAddress: "0.0.0.0:15017"
    adminAddress: "0.0.0.0:15017"
    startupRole: FOLLOWER
  }
  commitIndex: 120
}
)
2024-10-16 23:57:41,108 WARN  util.LeakDetector (LeakDetector.java:assertNoLeaks(171)) - 7/30) numLeaks == 1 > 0, will wait and retry ...
2024-10-16 23:57:42,108 WARN  util.ReferenceCountedLeakDetector (ReferenceCountedLeakDetector.java:logLeakMessage(167)) - LEAK: (class org.apache.ratis.proto.RaftProtos$AppendEntriesRequestProto, count=1, value=serverRequest {
  requestorId: "s14"
  replyId: "s3"
  raftGroupId {
    id: "\265\234\323\340\225\vF\277\262\372\374\340-\034\327|"
  }
  callId: 6797
}
leaderTerm: 1
previousLog {
  term: 1
  index: 120
}
leaderCommit: 120
commitInfos {
  server {
    id: "s14"
    address: "0.0.0.0:15029"
    clientAddress: "0.0.0.0:15029"
    adminAddress: "0.0.0.0:15029"
    startupRole: FOLLOWER
  }
  commitIndex: 120
}
commitInfos {
  server {
    id: "s3"
    address: "0.0.0.0:15018"
    clientAddress: "0.0.0.0:15018"
    adminAddress: "0.0.0.0:15018"
    startupRole: FOLLOWER
  }
  commitIndex: 120
}
commitInfos {
  server {
    id: "s2"
    address: "0.0.0.0:15017"
    clientAddress: "0.0.0.0:15017"
    adminAddress: "0.0.0.0:15017"
    startupRole: FOLLOWER
  }
  commitIndex: 120
}
)
2024-10-16 23:57:42,108 WARN  util.LeakDetector (LeakDetector.java:assertNoLeaks(171)) - 8/30) numLeaks == 1 > 0, will wait and retry ...
2024-10-16 23:57:43,109 WARN  util.ReferenceCountedLeakDetector (ReferenceCountedLeakDetector.java:logLeakMessage(167)) - LEAK: (class org.apache.ratis.proto.RaftProtos$AppendEntriesRequestProto, count=1, value=serverRequest {
  requestorId: "s14"
  replyId: "s3"
  raftGroupId {
    id: "\265\234\323\340\225\vF\277\262\372\374\340-\034\327|"
  }
  callId: 6797
}
leaderTerm: 1
previousLog {
  term: 1
  index: 120
}
leaderCommit: 120
commitInfos {
  server {
    id: "s14"
    address: "0.0.0.0:15029"
    clientAddress: "0.0.0.0:15029"
    adminAddress: "0.0.0.0:15029"
    startupRole: FOLLOWER
  }
  commitIndex: 120
}
commitInfos {
  server {
    id: "s3"
    address: "0.0.0.0:15018"
    clientAddress: "0.0.0.0:15018"
    adminAddress: "0.0.0.0:15018"
    startupRole: FOLLOWER
  }
  commitIndex: 120
}
commitInfos {
  server {
    id: "s2"
    address: "0.0.0.0:15017"
    clientAddress: "0.0.0.0:15017"
    adminAddress: "0.0.0.0:15017"
    startupRole: FOLLOWER
  }
  commitIndex: 120
}
)
2024-10-16 23:57:43,109 WARN  util.LeakDetector (LeakDetector.java:assertNoLeaks(171)) - 9/30) numLeaks == 1 > 0, will wait and retry ...
2024-10-16 23:57:44,109 WARN  util.ReferenceCountedLeakDetector (ReferenceCountedLeakDetector.java:logLeakMessage(167)) - LEAK: (class org.apache.ratis.proto.RaftProtos$AppendEntriesRequestProto, count=1, value=serverRequest {
  requestorId: "s14"
  replyId: "s3"
  raftGroupId {
    id: "\265\234\323\340\225\vF\277\262\372\374\340-\034\327|"
  }
  callId: 6797
}
leaderTerm: 1
previousLog {
  term: 1
  index: 120
}
leaderCommit: 120
commitInfos {
  server {
    id: "s14"
    address: "0.0.0.0:15029"
    clientAddress: "0.0.0.0:15029"
    adminAddress: "0.0.0.0:15029"
    startupRole: FOLLOWER
  }
  commitIndex: 120
}
commitInfos {
  server {
    id: "s3"
    address: "0.0.0.0:15018"
    clientAddress: "0.0.0.0:15018"
    adminAddress: "0.0.0.0:15018"
    startupRole: FOLLOWER
  }
  commitIndex: 120
}
commitInfos {
  server {
    id: "s2"
    address: "0.0.0.0:15017"
    clientAddress: "0.0.0.0:15017"
    adminAddress: "0.0.0.0:15017"
    startupRole: FOLLOWER
  }
  commitIndex: 120
}
)
2024-10-16 23:57:44,110 WARN  util.LeakDetector (LeakDetector.java:assertNoLeaks(171)) - 10/30) numLeaks == 1 > 0, will wait and retry ...
2024-10-16 23:57:45,110 WARN  util.ReferenceCountedLeakDetector (ReferenceCountedLeakDetector.java:logLeakMessage(167)) - LEAK: (class org.apache.ratis.proto.RaftProtos$AppendEntriesRequestProto, count=1, value=serverRequest {
  requestorId: "s14"
  replyId: "s3"
  raftGroupId {
    id: "\265\234\323\340\225\vF\277\262\372\374\340-\034\327|"
  }
  callId: 6797
}
leaderTerm: 1
previousLog {
  term: 1
  index: 120
}
leaderCommit: 120
commitInfos {
  server {
    id: "s14"
    address: "0.0.0.0:15029"
    clientAddress: "0.0.0.0:15029"
    adminAddress: "0.0.0.0:15029"
    startupRole: FOLLOWER
  }
  commitIndex: 120
}
commitInfos {
  server {
    id: "s3"
    address: "0.0.0.0:15018"
    clientAddress: "0.0.0.0:15018"
    adminAddress: "0.0.0.0:15018"
    startupRole: FOLLOWER
  }
  commitIndex: 120
}
commitInfos {
  server {
    id: "s2"
    address: "0.0.0.0:15017"
    clientAddress: "0.0.0.0:15017"
    adminAddress: "0.0.0.0:15017"
    startupRole: FOLLOWER
  }
  commitIndex: 120
}
)
2024-10-16 23:57:45,110 WARN  util.LeakDetector (LeakDetector.java:assertNoLeaks(171)) - 11/30) numLeaks == 1 > 0, will wait and retry ...
2024-10-16 23:57:46,111 WARN  util.ReferenceCountedLeakDetector (ReferenceCountedLeakDetector.java:logLeakMessage(167)) - LEAK: (class org.apache.ratis.proto.RaftProtos$AppendEntriesRequestProto, count=1, value=serverRequest {
  requestorId: "s14"
  replyId: "s3"
  raftGroupId {
    id: "\265\234\323\340\225\vF\277\262\372\374\340-\034\327|"
  }
  callId: 6797
}
leaderTerm: 1
previousLog {
  term: 1
  index: 120
}
leaderCommit: 120
commitInfos {
  server {
    id: "s14"
    address: "0.0.0.0:15029"
    clientAddress: "0.0.0.0:15029"
    adminAddress: "0.0.0.0:15029"
    startupRole: FOLLOWER
  }
  commitIndex: 120
}
commitInfos {
  server {
    id: "s3"
    address: "0.0.0.0:15018"
    clientAddress: "0.0.0.0:15018"
    adminAddress: "0.0.0.0:15018"
    startupRole: FOLLOWER
  }
  commitIndex: 120
}
commitInfos {
  server {
    id: "s2"
    address: "0.0.0.0:15017"
    clientAddress: "0.0.0.0:15017"
    adminAddress: "0.0.0.0:15017"
    startupRole: FOLLOWER
  }
  commitIndex: 120
}
)
2024-10-16 23:57:46,111 WARN  util.LeakDetector (LeakDetector.java:assertNoLeaks(171)) - 12/30) numLeaks == 1 > 0, will wait and retry ...
2024-10-16 23:57:47,111 WARN  util.ReferenceCountedLeakDetector (ReferenceCountedLeakDetector.java:logLeakMessage(167)) - LEAK: (class org.apache.ratis.proto.RaftProtos$AppendEntriesRequestProto, count=1, value=serverRequest {
  requestorId: "s14"
  replyId: "s3"
  raftGroupId {
    id: "\265\234\323\340\225\vF\277\262\372\374\340-\034\327|"
  }
  callId: 6797
}
leaderTerm: 1
previousLog {
  term: 1
  index: 120
}
leaderCommit: 120
commitInfos {
  server {
    id: "s14"
    address: "0.0.0.0:15029"
    clientAddress: "0.0.0.0:15029"
    adminAddress: "0.0.0.0:15029"
    startupRole: FOLLOWER
  }
  commitIndex: 120
}
commitInfos {
  server {
    id: "s3"
    address: "0.0.0.0:15018"
    clientAddress: "0.0.0.0:15018"
    adminAddress: "0.0.0.0:15018"
    startupRole: FOLLOWER
  }
  commitIndex: 120
}
commitInfos {
  server {
    id: "s2"
    address: "0.0.0.0:15017"
    clientAddress: "0.0.0.0:15017"
    adminAddress: "0.0.0.0:15017"
    startupRole: FOLLOWER
  }
  commitIndex: 120
}
)
2024-10-16 23:57:47,112 WARN  util.LeakDetector (LeakDetector.java:assertNoLeaks(171)) - 13/30) numLeaks == 1 > 0, will wait and retry ...
2024-10-16 23:57:48,112 WARN  util.ReferenceCountedLeakDetector (ReferenceCountedLeakDetector.java:logLeakMessage(167)) - LEAK: (class org.apache.ratis.proto.RaftProtos$AppendEntriesRequestProto, count=1, value=serverRequest {
  requestorId: "s14"
  replyId: "s3"
  raftGroupId {
    id: "\265\234\323\340\225\vF\277\262\372\374\340-\034\327|"
  }
  callId: 6797
}
leaderTerm: 1
previousLog {
  term: 1
  index: 120
}
leaderCommit: 120
commitInfos {
  server {
    id: "s14"
    address: "0.0.0.0:15029"
    clientAddress: "0.0.0.0:15029"
    adminAddress: "0.0.0.0:15029"
    startupRole: FOLLOWER
  }
  commitIndex: 120
}
commitInfos {
  server {
    id: "s3"
    address: "0.0.0.0:15018"
    clientAddress: "0.0.0.0:15018"
    adminAddress: "0.0.0.0:15018"
    startupRole: FOLLOWER
  }
  commitIndex: 120
}
commitInfos {
  server {
    id: "s2"
    address: "0.0.0.0:15017"
    clientAddress: "0.0.0.0:15017"
    adminAddress: "0.0.0.0:15017"
    startupRole: FOLLOWER
  }
  commitIndex: 120
}
)
2024-10-16 23:57:48,113 WARN  util.LeakDetector (LeakDetector.java:assertNoLeaks(171)) - 14/30) numLeaks == 1 > 0, will wait and retry ...
2024-10-16 23:57:49,113 WARN  util.ReferenceCountedLeakDetector (ReferenceCountedLeakDetector.java:logLeakMessage(167)) - LEAK: (class org.apache.ratis.proto.RaftProtos$AppendEntriesRequestProto, count=1, value=serverRequest {
  requestorId: "s14"
  replyId: "s3"
  raftGroupId {
    id: "\265\234\323\340\225\vF\277\262\372\374\340-\034\327|"
  }
  callId: 6797
}
leaderTerm: 1
previousLog {
  term: 1
  index: 120
}
leaderCommit: 120
commitInfos {
  server {
    id: "s14"
    address: "0.0.0.0:15029"
    clientAddress: "0.0.0.0:15029"
    adminAddress: "0.0.0.0:15029"
    startupRole: FOLLOWER
  }
  commitIndex: 120
}
commitInfos {
  server {
    id: "s3"
    address: "0.0.0.0:15018"
    clientAddress: "0.0.0.0:15018"
    adminAddress: "0.0.0.0:15018"
    startupRole: FOLLOWER
  }
  commitIndex: 120
}
commitInfos {
  server {
    id: "s2"
    address: "0.0.0.0:15017"
    clientAddress: "0.0.0.0:15017"
    adminAddress: "0.0.0.0:15017"
    startupRole: FOLLOWER
  }
  commitIndex: 120
}
)
2024-10-16 23:57:49,113 WARN  util.LeakDetector (LeakDetector.java:assertNoLeaks(171)) - 15/30) numLeaks == 1 > 0, will wait and retry ...
2024-10-16 23:57:50,114 WARN  util.ReferenceCountedLeakDetector (ReferenceCountedLeakDetector.java:logLeakMessage(167)) - LEAK: (class org.apache.ratis.proto.RaftProtos$AppendEntriesRequestProto, count=1, value=serverRequest {
  requestorId: "s14"
  replyId: "s3"
  raftGroupId {
    id: "\265\234\323\340\225\vF\277\262\372\374\340-\034\327|"
  }
  callId: 6797
}
leaderTerm: 1
previousLog {
  term: 1
  index: 120
}
leaderCommit: 120
commitInfos {
  server {
    id: "s14"
    address: "0.0.0.0:15029"
    clientAddress: "0.0.0.0:15029"
    adminAddress: "0.0.0.0:15029"
    startupRole: FOLLOWER
  }
  commitIndex: 120
}
commitInfos {
  server {
    id: "s3"
    address: "0.0.0.0:15018"
    clientAddress: "0.0.0.0:15018"
    adminAddress: "0.0.0.0:15018"
    startupRole: FOLLOWER
  }
  commitIndex: 120
}
commitInfos {
  server {
    id: "s2"
    address: "0.0.0.0:15017"
    clientAddress: "0.0.0.0:15017"
    adminAddress: "0.0.0.0:15017"
    startupRole: FOLLOWER
  }
  commitIndex: 120
}
)
2024-10-16 23:57:50,114 WARN  util.LeakDetector (LeakDetector.java:assertNoLeaks(171)) - 16/30) numLeaks == 1 > 0, will wait and retry ...
2024-10-16 23:57:51,114 WARN  util.ReferenceCountedLeakDetector (ReferenceCountedLeakDetector.java:logLeakMessage(167)) - LEAK: (class org.apache.ratis.proto.RaftProtos$AppendEntriesRequestProto, count=1, value=serverRequest {
  requestorId: "s14"
  replyId: "s3"
  raftGroupId {
    id: "\265\234\323\340\225\vF\277\262\372\374\340-\034\327|"
  }
  callId: 6797
}
leaderTerm: 1
previousLog {
  term: 1
  index: 120
}
leaderCommit: 120
commitInfos {
  server {
    id: "s14"
    address: "0.0.0.0:15029"
    clientAddress: "0.0.0.0:15029"
    adminAddress: "0.0.0.0:15029"
    startupRole: FOLLOWER
  }
  commitIndex: 120
}
commitInfos {
  server {
    id: "s3"
    address: "0.0.0.0:15018"
    clientAddress: "0.0.0.0:15018"
    adminAddress: "0.0.0.0:15018"
    startupRole: FOLLOWER
  }
  commitIndex: 120
}
commitInfos {
  server {
    id: "s2"
    address: "0.0.0.0:15017"
    clientAddress: "0.0.0.0:15017"
    adminAddress: "0.0.0.0:15017"
    startupRole: FOLLOWER
  }
  commitIndex: 120
}
)
2024-10-16 23:57:51,115 WARN  util.LeakDetector (LeakDetector.java:assertNoLeaks(171)) - 17/30) numLeaks == 1 > 0, will wait and retry ...
2024-10-16 23:57:52,115 WARN  util.ReferenceCountedLeakDetector (ReferenceCountedLeakDetector.java:logLeakMessage(167)) - LEAK: (class org.apache.ratis.proto.RaftProtos$AppendEntriesRequestProto, count=1, value=serverRequest {
  requestorId: "s14"
  replyId: "s3"
  raftGroupId {
    id: "\265\234\323\340\225\vF\277\262\372\374\340-\034\327|"
  }
  callId: 6797
}
leaderTerm: 1
previousLog {
  term: 1
  index: 120
}
leaderCommit: 120
commitInfos {
  server {
    id: "s14"
    address: "0.0.0.0:15029"
    clientAddress: "0.0.0.0:15029"
    adminAddress: "0.0.0.0:15029"
    startupRole: FOLLOWER
  }
  commitIndex: 120
}
commitInfos {
  server {
    id: "s3"
    address: "0.0.0.0:15018"
    clientAddress: "0.0.0.0:15018"
    adminAddress: "0.0.0.0:15018"
    startupRole: FOLLOWER
  }
  commitIndex: 120
}
commitInfos {
  server {
    id: "s2"
    address: "0.0.0.0:15017"
    clientAddress: "0.0.0.0:15017"
    adminAddress: "0.0.0.0:15017"
    startupRole: FOLLOWER
  }
  commitIndex: 120
}
)
2024-10-16 23:57:52,116 WARN  util.LeakDetector (LeakDetector.java:assertNoLeaks(171)) - 18/30) numLeaks == 1 > 0, will wait and retry ...
2024-10-16 23:57:53,116 WARN  util.ReferenceCountedLeakDetector (ReferenceCountedLeakDetector.java:logLeakMessage(167)) - LEAK: (class org.apache.ratis.proto.RaftProtos$AppendEntriesRequestProto, count=1, value=serverRequest {
  requestorId: "s14"
  replyId: "s3"
  raftGroupId {
    id: "\265\234\323\340\225\vF\277\262\372\374\340-\034\327|"
  }
  callId: 6797
}
leaderTerm: 1
previousLog {
  term: 1
  index: 120
}
leaderCommit: 120
commitInfos {
  server {
    id: "s14"
    address: "0.0.0.0:15029"
    clientAddress: "0.0.0.0:15029"
    adminAddress: "0.0.0.0:15029"
    startupRole: FOLLOWER
  }
  commitIndex: 120
}
commitInfos {
  server {
    id: "s3"
    address: "0.0.0.0:15018"
    clientAddress: "0.0.0.0:15018"
    adminAddress: "0.0.0.0:15018"
    startupRole: FOLLOWER
  }
  commitIndex: 120
}
commitInfos {
  server {
    id: "s2"
    address: "0.0.0.0:15017"
    clientAddress: "0.0.0.0:15017"
    adminAddress: "0.0.0.0:15017"
    startupRole: FOLLOWER
  }
  commitIndex: 120
}
)
2024-10-16 23:57:53,116 WARN  util.LeakDetector (LeakDetector.java:assertNoLeaks(171)) - 19/30) numLeaks == 1 > 0, will wait and retry ...
2024-10-16 23:57:54,117 WARN  util.ReferenceCountedLeakDetector (ReferenceCountedLeakDetector.java:logLeakMessage(167)) - LEAK: (class org.apache.ratis.proto.RaftProtos$AppendEntriesRequestProto, count=1, value=serverRequest {
  requestorId: "s14"
  replyId: "s3"
  raftGroupId {
    id: "\265\234\323\340\225\vF\277\262\372\374\340-\034\327|"
  }
  callId: 6797
}
leaderTerm: 1
previousLog {
  term: 1
  index: 120
}
leaderCommit: 120
commitInfos {
  server {
    id: "s14"
    address: "0.0.0.0:15029"
    clientAddress: "0.0.0.0:15029"
    adminAddress: "0.0.0.0:15029"
    startupRole: FOLLOWER
  }
  commitIndex: 120
}
commitInfos {
  server {
    id: "s3"
    address: "0.0.0.0:15018"
    clientAddress: "0.0.0.0:15018"
    adminAddress: "0.0.0.0:15018"
    startupRole: FOLLOWER
  }
  commitIndex: 120
}
commitInfos {
  server {
    id: "s2"
    address: "0.0.0.0:15017"
    clientAddress: "0.0.0.0:15017"
    adminAddress: "0.0.0.0:15017"
    startupRole: FOLLOWER
  }
  commitIndex: 120
}
)
2024-10-16 23:57:54,117 WARN  util.LeakDetector (LeakDetector.java:assertNoLeaks(171)) - 20/30) numLeaks == 1 > 0, will wait and retry ...
2024-10-16 23:57:55,117 WARN  util.ReferenceCountedLeakDetector (ReferenceCountedLeakDetector.java:logLeakMessage(167)) - LEAK: (class org.apache.ratis.proto.RaftProtos$AppendEntriesRequestProto, count=1, value=serverRequest {
  requestorId: "s14"
  replyId: "s3"
  raftGroupId {
    id: "\265\234\323\340\225\vF\277\262\372\374\340-\034\327|"
  }
  callId: 6797
}
leaderTerm: 1
previousLog {
  term: 1
  index: 120
}
leaderCommit: 120
commitInfos {
  server {
    id: "s14"
    address: "0.0.0.0:15029"
    clientAddress: "0.0.0.0:15029"
    adminAddress: "0.0.0.0:15029"
    startupRole: FOLLOWER
  }
  commitIndex: 120
}
commitInfos {
  server {
    id: "s3"
    address: "0.0.0.0:15018"
    clientAddress: "0.0.0.0:15018"
    adminAddress: "0.0.0.0:15018"
    startupRole: FOLLOWER
  }
  commitIndex: 120
}
commitInfos {
  server {
    id: "s2"
    address: "0.0.0.0:15017"
    clientAddress: "0.0.0.0:15017"
    adminAddress: "0.0.0.0:15017"
    startupRole: FOLLOWER
  }
  commitIndex: 120
}
)
2024-10-16 23:57:55,118 WARN  util.LeakDetector (LeakDetector.java:assertNoLeaks(171)) - 21/30) numLeaks == 1 > 0, will wait and retry ...
2024-10-16 23:57:56,118 WARN  util.ReferenceCountedLeakDetector (ReferenceCountedLeakDetector.java:logLeakMessage(167)) - LEAK: (class org.apache.ratis.proto.RaftProtos$AppendEntriesRequestProto, count=1, value=serverRequest {
  requestorId: "s14"
  replyId: "s3"
  raftGroupId {
    id: "\265\234\323\340\225\vF\277\262\372\374\340-\034\327|"
  }
  callId: 6797
}
leaderTerm: 1
previousLog {
  term: 1
  index: 120
}
leaderCommit: 120
commitInfos {
  server {
    id: "s14"
    address: "0.0.0.0:15029"
    clientAddress: "0.0.0.0:15029"
    adminAddress: "0.0.0.0:15029"
    startupRole: FOLLOWER
  }
  commitIndex: 120
}
commitInfos {
  server {
    id: "s3"
    address: "0.0.0.0:15018"
    clientAddress: "0.0.0.0:15018"
    adminAddress: "0.0.0.0:15018"
    startupRole: FOLLOWER
  }
  commitIndex: 120
}
commitInfos {
  server {
    id: "s2"
    address: "0.0.0.0:15017"
    clientAddress: "0.0.0.0:15017"
    adminAddress: "0.0.0.0:15017"
    startupRole: FOLLOWER
  }
  commitIndex: 120
}
)
2024-10-16 23:57:56,118 WARN  util.LeakDetector (LeakDetector.java:assertNoLeaks(171)) - 22/30) numLeaks == 1 > 0, will wait and retry ...
2024-10-16 23:57:57,119 WARN  util.ReferenceCountedLeakDetector (ReferenceCountedLeakDetector.java:logLeakMessage(167)) - LEAK: (class org.apache.ratis.proto.RaftProtos$AppendEntriesRequestProto, count=1, value=serverRequest {
  requestorId: "s14"
  replyId: "s3"
  raftGroupId {
    id: "\265\234\323\340\225\vF\277\262\372\374\340-\034\327|"
  }
  callId: 6797
}
leaderTerm: 1
previousLog {
  term: 1
  index: 120
}
leaderCommit: 120
commitInfos {
  server {
    id: "s14"
    address: "0.0.0.0:15029"
    clientAddress: "0.0.0.0:15029"
    adminAddress: "0.0.0.0:15029"
    startupRole: FOLLOWER
  }
  commitIndex: 120
}
commitInfos {
  server {
    id: "s3"
    address: "0.0.0.0:15018"
    clientAddress: "0.0.0.0:15018"
    adminAddress: "0.0.0.0:15018"
    startupRole: FOLLOWER
  }
  commitIndex: 120
}
commitInfos {
  server {
    id: "s2"
    address: "0.0.0.0:15017"
    clientAddress: "0.0.0.0:15017"
    adminAddress: "0.0.0.0:15017"
    startupRole: FOLLOWER
  }
  commitIndex: 120
}
)
2024-10-16 23:57:57,119 WARN  util.LeakDetector (LeakDetector.java:assertNoLeaks(171)) - 23/30) numLeaks == 1 > 0, will wait and retry ...
2024-10-16 23:57:58,120 WARN  util.ReferenceCountedLeakDetector (ReferenceCountedLeakDetector.java:logLeakMessage(167)) - LEAK: (class org.apache.ratis.proto.RaftProtos$AppendEntriesRequestProto, count=1, value=serverRequest {
  requestorId: "s14"
  replyId: "s3"
  raftGroupId {
    id: "\265\234\323\340\225\vF\277\262\372\374\340-\034\327|"
  }
  callId: 6797
}
leaderTerm: 1
previousLog {
  term: 1
  index: 120
}
leaderCommit: 120
commitInfos {
  server {
    id: "s14"
    address: "0.0.0.0:15029"
    clientAddress: "0.0.0.0:15029"
    adminAddress: "0.0.0.0:15029"
    startupRole: FOLLOWER
  }
  commitIndex: 120
}
commitInfos {
  server {
    id: "s3"
    address: "0.0.0.0:15018"
    clientAddress: "0.0.0.0:15018"
    adminAddress: "0.0.0.0:15018"
    startupRole: FOLLOWER
  }
  commitIndex: 120
}
commitInfos {
  server {
    id: "s2"
    address: "0.0.0.0:15017"
    clientAddress: "0.0.0.0:15017"
    adminAddress: "0.0.0.0:15017"
    startupRole: FOLLOWER
  }
  commitIndex: 120
}
)
2024-10-16 23:57:58,120 WARN  util.LeakDetector (LeakDetector.java:assertNoLeaks(171)) - 24/30) numLeaks == 1 > 0, will wait and retry ...
2024-10-16 23:57:59,120 WARN  util.ReferenceCountedLeakDetector (ReferenceCountedLeakDetector.java:logLeakMessage(167)) - LEAK: (class org.apache.ratis.proto.RaftProtos$AppendEntriesRequestProto, count=1, value=serverRequest {
  requestorId: "s14"
  replyId: "s3"
  raftGroupId {
    id: "\265\234\323\340\225\vF\277\262\372\374\340-\034\327|"
  }
  callId: 6797
}
leaderTerm: 1
previousLog {
  term: 1
  index: 120
}
leaderCommit: 120
commitInfos {
  server {
    id: "s14"
    address: "0.0.0.0:15029"
    clientAddress: "0.0.0.0:15029"
    adminAddress: "0.0.0.0:15029"
    startupRole: FOLLOWER
  }
  commitIndex: 120
}
commitInfos {
  server {
    id: "s3"
    address: "0.0.0.0:15018"
    clientAddress: "0.0.0.0:15018"
    adminAddress: "0.0.0.0:15018"
    startupRole: FOLLOWER
  }
  commitIndex: 120
}
commitInfos {
  server {
    id: "s2"
    address: "0.0.0.0:15017"
    clientAddress: "0.0.0.0:15017"
    adminAddress: "0.0.0.0:15017"
    startupRole: FOLLOWER
  }
  commitIndex: 120
}
)
2024-10-16 23:57:59,121 WARN  util.LeakDetector (LeakDetector.java:assertNoLeaks(171)) - 25/30) numLeaks == 1 > 0, will wait and retry ...
2024-10-16 23:58:00,121 WARN  util.ReferenceCountedLeakDetector (ReferenceCountedLeakDetector.java:logLeakMessage(167)) - LEAK: (class org.apache.ratis.proto.RaftProtos$AppendEntriesRequestProto, count=1, value=serverRequest {
  requestorId: "s14"
  replyId: "s3"
  raftGroupId {
    id: "\265\234\323\340\225\vF\277\262\372\374\340-\034\327|"
  }
  callId: 6797
}
leaderTerm: 1
previousLog {
  term: 1
  index: 120
}
leaderCommit: 120
commitInfos {
  server {
    id: "s14"
    address: "0.0.0.0:15029"
    clientAddress: "0.0.0.0:15029"
    adminAddress: "0.0.0.0:15029"
    startupRole: FOLLOWER
  }
  commitIndex: 120
}
commitInfos {
  server {
    id: "s3"
    address: "0.0.0.0:15018"
    clientAddress: "0.0.0.0:15018"
    adminAddress: "0.0.0.0:15018"
    startupRole: FOLLOWER
  }
  commitIndex: 120
}
commitInfos {
  server {
    id: "s2"
    address: "0.0.0.0:15017"
    clientAddress: "0.0.0.0:15017"
    adminAddress: "0.0.0.0:15017"
    startupRole: FOLLOWER
  }
  commitIndex: 120
}
)
2024-10-16 23:58:00,121 WARN  util.LeakDetector (LeakDetector.java:assertNoLeaks(171)) - 26/30) numLeaks == 1 > 0, will wait and retry ...
2024-10-16 23:58:01,122 WARN  util.ReferenceCountedLeakDetector (ReferenceCountedLeakDetector.java:logLeakMessage(167)) - LEAK: (class org.apache.ratis.proto.RaftProtos$AppendEntriesRequestProto, count=1, value=serverRequest {
  requestorId: "s14"
  replyId: "s3"
  raftGroupId {
    id: "\265\234\323\340\225\vF\277\262\372\374\340-\034\327|"
  }
  callId: 6797
}
leaderTerm: 1
previousLog {
  term: 1
  index: 120
}
leaderCommit: 120
commitInfos {
  server {
    id: "s14"
    address: "0.0.0.0:15029"
    clientAddress: "0.0.0.0:15029"
    adminAddress: "0.0.0.0:15029"
    startupRole: FOLLOWER
  }
  commitIndex: 120
}
commitInfos {
  server {
    id: "s3"
    address: "0.0.0.0:15018"
    clientAddress: "0.0.0.0:15018"
    adminAddress: "0.0.0.0:15018"
    startupRole: FOLLOWER
  }
  commitIndex: 120
}
commitInfos {
  server {
    id: "s2"
    address: "0.0.0.0:15017"
    clientAddress: "0.0.0.0:15017"
    adminAddress: "0.0.0.0:15017"
    startupRole: FOLLOWER
  }
  commitIndex: 120
}
)
2024-10-16 23:58:01,122 WARN  util.LeakDetector (LeakDetector.java:assertNoLeaks(171)) - 27/30) numLeaks == 1 > 0, will wait and retry ...
2024-10-16 23:58:02,123 WARN  util.ReferenceCountedLeakDetector (ReferenceCountedLeakDetector.java:logLeakMessage(167)) - LEAK: (class org.apache.ratis.proto.RaftProtos$AppendEntriesRequestProto, count=1, value=serverRequest {
  requestorId: "s14"
  replyId: "s3"
  raftGroupId {
    id: "\265\234\323\340\225\vF\277\262\372\374\340-\034\327|"
  }
  callId: 6797
}
leaderTerm: 1
previousLog {
  term: 1
  index: 120
}
leaderCommit: 120
commitInfos {
  server {
    id: "s14"
    address: "0.0.0.0:15029"
    clientAddress: "0.0.0.0:15029"
    adminAddress: "0.0.0.0:15029"
    startupRole: FOLLOWER
  }
  commitIndex: 120
}
commitInfos {
  server {
    id: "s3"
    address: "0.0.0.0:15018"
    clientAddress: "0.0.0.0:15018"
    adminAddress: "0.0.0.0:15018"
    startupRole: FOLLOWER
  }
  commitIndex: 120
}
commitInfos {
  server {
    id: "s2"
    address: "0.0.0.0:15017"
    clientAddress: "0.0.0.0:15017"
    adminAddress: "0.0.0.0:15017"
    startupRole: FOLLOWER
  }
  commitIndex: 120
}
)
2024-10-16 23:58:02,123 WARN  util.LeakDetector (LeakDetector.java:assertNoLeaks(171)) - 28/30) numLeaks == 1 > 0, will wait and retry ...
2024-10-16 23:58:03,123 WARN  util.ReferenceCountedLeakDetector (ReferenceCountedLeakDetector.java:logLeakMessage(167)) - LEAK: (class org.apache.ratis.proto.RaftProtos$AppendEntriesRequestProto, count=1, value=serverRequest {
  requestorId: "s14"
  replyId: "s3"
  raftGroupId {
    id: "\265\234\323\340\225\vF\277\262\372\374\340-\034\327|"
  }
  callId: 6797
}
leaderTerm: 1
previousLog {
  term: 1
  index: 120
}
leaderCommit: 120
commitInfos {
  server {
    id: "s14"
    address: "0.0.0.0:15029"
    clientAddress: "0.0.0.0:15029"
    adminAddress: "0.0.0.0:15029"
    startupRole: FOLLOWER
  }
  commitIndex: 120
}
commitInfos {
  server {
    id: "s3"
    address: "0.0.0.0:15018"
    clientAddress: "0.0.0.0:15018"
    adminAddress: "0.0.0.0:15018"
    startupRole: FOLLOWER
  }
  commitIndex: 120
}
commitInfos {
  server {
    id: "s2"
    address: "0.0.0.0:15017"
    clientAddress: "0.0.0.0:15017"
    adminAddress: "0.0.0.0:15017"
    startupRole: FOLLOWER
  }
  commitIndex: 120
}
)
2024-10-16 23:58:03,124 WARN  util.LeakDetector (LeakDetector.java:assertNoLeaks(171)) - 29/30) numLeaks == 1 > 0, will wait and retry ...
2024-10-16 23:58:04,124 WARN  util.ReferenceCountedLeakDetector (ReferenceCountedLeakDetector.java:logLeakMessage(167)) - LEAK: (class org.apache.ratis.proto.RaftProtos$AppendEntriesRequestProto, count=1, value=serverRequest {
  requestorId: "s14"
  replyId: "s3"
  raftGroupId {
    id: "\265\234\323\340\225\vF\277\262\372\374\340-\034\327|"
  }
  callId: 6797
}
leaderTerm: 1
previousLog {
  term: 1
  index: 120
}
leaderCommit: 120
commitInfos {
  server {
    id: "s14"
    address: "0.0.0.0:15029"
    clientAddress: "0.0.0.0:15029"
    adminAddress: "0.0.0.0:15029"
    startupRole: FOLLOWER
  }
  commitIndex: 120
}
commitInfos {
  server {
    id: "s3"
    address: "0.0.0.0:15018"
    clientAddress: "0.0.0.0:15018"
    adminAddress: "0.0.0.0:15018"
    startupRole: FOLLOWER
  }
  commitIndex: 120
}
commitInfos {
  server {
    id: "s2"
    address: "0.0.0.0:15017"
    clientAddress: "0.0.0.0:15017"
    adminAddress: "0.0.0.0:15017"
    startupRole: FOLLOWER
  }
  commitIndex: 120
}
)
2024-10-16 23:58:04,128 INFO  impl.MiniRaftCluster (MiniRaftCluster.java:shutdown(847)) - ************************************************************** 
2024-10-16 23:58:04,128 INFO  impl.MiniRaftCluster (MiniRaftCluster.java:shutdown(848)) - *** 
2024-10-16 23:58:04,129 INFO  impl.MiniRaftCluster (MiniRaftCluster.java:shutdown(849)) - ***     Stopping MiniRaftClusterWithNetty
2024-10-16 23:58:04,129 INFO  impl.MiniRaftCluster (MiniRaftCluster.java:shutdown(850)) - *** 
2024-10-16 23:58:04,129 INFO  impl.MiniRaftCluster (MiniRaftCluster.java:shutdown(851)) - ************************************************************** 
2024-10-16 23:58:04,130 INFO  impl.MiniRaftCluster (MiniRaftCluster.java:shutdown(852)) - printing ALL groups
  s3:   CLOSED [
   FOLLOWER s3@group-9EBC86A0B11D:t0, leader=null, voted=, raftlog=Memoized:s3@group-9EBC86A0B11D-SegmentedRaftLog:CLOSED:c-1, conf=conf: {index: -1, cur=peers:[]|listeners:[], old=null} CLOSED
   FOLLOWER s3@group-676CD6864C30:t1, leader=s5, voted=null, raftlog=Memoized:s3@group-676CD6864C30-SegmentedRaftLog:CLOSED:c251, conf=conf: {index: 131, cur=peers:[s3|0.0.0.0:15018, s4|0.0.0.0:15019, s5|0.0.0.0:15020, s6|0.0.0.0:15021, s7|0.0.0.0:15022, s8|0.0.0.0:15023, s9|0.0.0.0:15024, s11|0.0.0.0:15026, s10|0.0.0.0:15025, s13|0.0.0.0:15028, s12|0.0.0.0:15027, s14|0.0.0.0:15029, s0|0.0.0.0:15015, s1|0.0.0.0:15016, s2|0.0.0.0:15017]|listeners:[], old=null} CLOSED] size=2
  s4:   CLOSED [
   FOLLOWER s4@group-9EBC86A0B11D:t0, leader=null, voted=, raftlog=Memoized:s4@group-9EBC86A0B11D-SegmentedRaftLog:CLOSED:c-1, conf=conf: {index: -1, cur=peers:[]|listeners:[], old=null} CLOSED
   FOLLOWER s4@group-676CD6864C30:t1, leader=s5, voted=s5, raftlog=Memoized:s4@group-676CD6864C30-SegmentedRaftLog:CLOSED:c251, conf=conf: {index: 131, cur=peers:[s3|0.0.0.0:15018, s4|0.0.0.0:15019, s5|0.0.0.0:15020, s6|0.0.0.0:15021, s7|0.0.0.0:15022, s8|0.0.0.0:15023, s9|0.0.0.0:15024, s11|0.0.0.0:15026, s10|0.0.0.0:15025, s13|0.0.0.0:15028, s12|0.0.0.0:15027, s14|0.0.0.0:15029, s0|0.0.0.0:15015, s1|0.0.0.0:15016, s2|0.0.0.0:15017]|listeners:[], old=null} CLOSED] size=2
  s5:   CLOSED [
   FOLLOWER s5@group-9EBC86A0B11D:t0, leader=null, voted=, raftlog=Memoized:s5@group-9EBC86A0B11D-SegmentedRaftLog:CLOSED:c-1, conf=conf: {index: -1, cur=peers:[]|listeners:[], old=null} CLOSED
     LEADER s5@group-676CD6864C30:t1, leader=s5, voted=s5, raftlog=Memoized:s5@group-676CD6864C30-SegmentedRaftLog:CLOSED:c252, conf=conf: {index: 131, cur=peers:[s3|0.0.0.0:15018, s4|0.0.0.0:15019, s5|0.0.0.0:15020, s6|0.0.0.0:15021, s7|0.0.0.0:15022, s8|0.0.0.0:15023, s9|0.0.0.0:15024, s11|0.0.0.0:15026, s10|0.0.0.0:15025, s13|0.0.0.0:15028, s12|0.0.0.0:15027, s14|0.0.0.0:15029, s0|0.0.0.0:15015, s1|0.0.0.0:15016, s2|0.0.0.0:15017]|listeners:[], old=null} CLOSED] size=2
  s6:   CLOSED [
   FOLLOWER s6@group-9EBC86A0B11D:t0, leader=null, voted=, raftlog=Memoized:s6@group-9EBC86A0B11D-SegmentedRaftLog:CLOSED:c-1, conf=conf: {index: -1, cur=peers:[]|listeners:[], old=null} CLOSED
   FOLLOWER s6@group-676CD6864C30:t1, leader=s5, voted=s5, raftlog=Memoized:s6@group-676CD6864C30-SegmentedRaftLog:CLOSED:c251, conf=conf: {index: 131, cur=peers:[s3|0.0.0.0:15018, s4|0.0.0.0:15019, s5|0.0.0.0:15020, s6|0.0.0.0:15021, s7|0.0.0.0:15022, s8|0.0.0.0:15023, s9|0.0.0.0:15024, s11|0.0.0.0:15026, s10|0.0.0.0:15025, s13|0.0.0.0:15028, s12|0.0.0.0:15027, s14|0.0.0.0:15029, s0|0.0.0.0:15015, s1|0.0.0.0:15016, s2|0.0.0.0:15017]|listeners:[], old=null} CLOSED] size=2
  s7:   CLOSED [
   FOLLOWER s7@group-9EBC86A0B11D:t0, leader=null, voted=, raftlog=Memoized:s7@group-9EBC86A0B11D-SegmentedRaftLog:CLOSED:c-1, conf=conf: {index: -1, cur=peers:[]|listeners:[], old=null} CLOSED
   FOLLOWER s7@group-676CD6864C30:t1, leader=s5, voted=null, raftlog=Memoized:s7@group-676CD6864C30-SegmentedRaftLog:CLOSED:c251, conf=conf: {index: 131, cur=peers:[s3|0.0.0.0:15018, s4|0.0.0.0:15019, s5|0.0.0.0:15020, s6|0.0.0.0:15021, s7|0.0.0.0:15022, s8|0.0.0.0:15023, s9|0.0.0.0:15024, s11|0.0.0.0:15026, s10|0.0.0.0:15025, s13|0.0.0.0:15028, s12|0.0.0.0:15027, s14|0.0.0.0:15029, s0|0.0.0.0:15015, s1|0.0.0.0:15016, s2|0.0.0.0:15017]|listeners:[], old=null} CLOSED] size=2
  s8:   CLOSED [
   FOLLOWER s8@group-9EBC86A0B11D:t0, leader=null, voted=, raftlog=Memoized:s8@group-9EBC86A0B11D-SegmentedRaftLog:CLOSED:c-1, conf=conf: {index: -1, cur=peers:[]|listeners:[], old=null} CLOSED
   FOLLOWER s8@group-676CD6864C30:t1, leader=s5, voted=null, raftlog=Memoized:s8@group-676CD6864C30-SegmentedRaftLog:CLOSED:c251, conf=conf: {index: 131, cur=peers:[s3|0.0.0.0:15018, s4|0.0.0.0:15019, s5|0.0.0.0:15020, s6|0.0.0.0:15021, s7|0.0.0.0:15022, s8|0.0.0.0:15023, s9|0.0.0.0:15024, s11|0.0.0.0:15026, s10|0.0.0.0:15025, s13|0.0.0.0:15028, s12|0.0.0.0:15027, s14|0.0.0.0:15029, s0|0.0.0.0:15015, s1|0.0.0.0:15016, s2|0.0.0.0:15017]|listeners:[], old=null} CLOSED] size=2
  s9:   CLOSED [
   FOLLOWER s9@group-9EBC86A0B11D:t0, leader=null, voted=, raftlog=Memoized:s9@group-9EBC86A0B11D-SegmentedRaftLog:CLOSED:c-1, conf=conf: {index: -1, cur=peers:[]|listeners:[], old=null} CLOSED
   FOLLOWER s9@group-676CD6864C30:t1, leader=s5, voted=null, raftlog=Memoized:s9@group-676CD6864C30-SegmentedRaftLog:CLOSED:c252, conf=conf: {index: 131, cur=peers:[s3|0.0.0.0:15018, s4|0.0.0.0:15019, s5|0.0.0.0:15020, s6|0.0.0.0:15021, s7|0.0.0.0:15022, s8|0.0.0.0:15023, s9|0.0.0.0:15024, s11|0.0.0.0:15026, s10|0.0.0.0:15025, s13|0.0.0.0:15028, s12|0.0.0.0:15027, s14|0.0.0.0:15029, s0|0.0.0.0:15015, s1|0.0.0.0:15016, s2|0.0.0.0:15017]|listeners:[], old=null} CLOSED] size=2
  s11:   CLOSED [
   FOLLOWER s11@group-9EBC86A0B11D:t0, leader=null, voted=, raftlog=Memoized:s11@group-9EBC86A0B11D-SegmentedRaftLog:CLOSED:c-1, conf=conf: {index: -1, cur=peers:[]|listeners:[], old=null} CLOSED
   FOLLOWER s11@group-676CD6864C30:t1, leader=s5, voted=null, raftlog=Memoized:s11@group-676CD6864C30-SegmentedRaftLog:CLOSED:c252, conf=conf: {index: 131, cur=peers:[s3|0.0.0.0:15018, s4|0.0.0.0:15019, s5|0.0.0.0:15020, s6|0.0.0.0:15021, s7|0.0.0.0:15022, s8|0.0.0.0:15023, s9|0.0.0.0:15024, s11|0.0.0.0:15026, s10|0.0.0.0:15025, s13|0.0.0.0:15028, s12|0.0.0.0:15027, s14|0.0.0.0:15029, s0|0.0.0.0:15015, s1|0.0.0.0:15016, s2|0.0.0.0:15017]|listeners:[], old=null} CLOSED] size=2
  s10:   CLOSED [
   FOLLOWER s10@group-9EBC86A0B11D:t0, leader=null, voted=, raftlog=Memoized:s10@group-9EBC86A0B11D-SegmentedRaftLog:CLOSED:c-1, conf=conf: {index: -1, cur=peers:[]|listeners:[], old=null} CLOSED
   FOLLOWER s10@group-676CD6864C30:t1, leader=s5, voted=null, raftlog=Memoized:s10@group-676CD6864C30-SegmentedRaftLog:CLOSED:c251, conf=conf: {index: 131, cur=peers:[s3|0.0.0.0:15018, s4|0.0.0.0:15019, s5|0.0.0.0:15020, s6|0.0.0.0:15021, s7|0.0.0.0:15022, s8|0.0.0.0:15023, s9|0.0.0.0:15024, s11|0.0.0.0:15026, s10|0.0.0.0:15025, s13|0.0.0.0:15028, s12|0.0.0.0:15027, s14|0.0.0.0:15029, s0|0.0.0.0:15015, s1|0.0.0.0:15016, s2|0.0.0.0:15017]|listeners:[], old=null} CLOSED] size=2
  s13:   CLOSED [
   FOLLOWER s13@group-9EBC86A0B11D:t0, leader=null, voted=, raftlog=Memoized:s13@group-9EBC86A0B11D-SegmentedRaftLog:CLOSED:c-1, conf=conf: {index: -1, cur=peers:[]|listeners:[], old=null} CLOSED
   FOLLOWER s13@group-676CD6864C30:t1, leader=s5, voted=null, raftlog=Memoized:s13@group-676CD6864C30-SegmentedRaftLog:CLOSED:c252, conf=conf: {index: 131, cur=peers:[s3|0.0.0.0:15018, s4|0.0.0.0:15019, s5|0.0.0.0:15020, s6|0.0.0.0:15021, s7|0.0.0.0:15022, s8|0.0.0.0:15023, s9|0.0.0.0:15024, s11|0.0.0.0:15026, s10|0.0.0.0:15025, s13|0.0.0.0:15028, s12|0.0.0.0:15027, s14|0.0.0.0:15029, s0|0.0.0.0:15015, s1|0.0.0.0:15016, s2|0.0.0.0:15017]|listeners:[], old=null} CLOSED] size=2
  s12:   CLOSED [
   FOLLOWER s12@group-9EBC86A0B11D:t0, leader=null, voted=, raftlog=Memoized:s12@group-9EBC86A0B11D-SegmentedRaftLog:CLOSED:c-1, conf=conf: {index: -1, cur=peers:[]|listeners:[], old=null} CLOSED
   FOLLOWER s12@group-676CD6864C30:t1, leader=s5, voted=null, raftlog=Memoized:s12@group-676CD6864C30-SegmentedRaftLog:CLOSED:c251, conf=conf: {index: 131, cur=peers:[s3|0.0.0.0:15018, s4|0.0.0.0:15019, s5|0.0.0.0:15020, s6|0.0.0.0:15021, s7|0.0.0.0:15022, s8|0.0.0.0:15023, s9|0.0.0.0:15024, s11|0.0.0.0:15026, s10|0.0.0.0:15025, s13|0.0.0.0:15028, s12|0.0.0.0:15027, s14|0.0.0.0:15029, s0|0.0.0.0:15015, s1|0.0.0.0:15016, s2|0.0.0.0:15017]|listeners:[], old=null} CLOSED] size=2
  s14:   CLOSED [
   FOLLOWER s14@group-9EBC86A0B11D:t0, leader=null, voted=, raftlog=Memoized:s14@group-9EBC86A0B11D-SegmentedRaftLog:CLOSED:c-1, conf=conf: {index: -1, cur=peers:[]|listeners:[], old=null} CLOSED
   FOLLOWER s14@group-676CD6864C30:t1, leader=s5, voted=null, raftlog=Memoized:s14@group-676CD6864C30-SegmentedRaftLog:CLOSED:c251, conf=conf: {index: 131, cur=peers:[s3|0.0.0.0:15018, s4|0.0.0.0:15019, s5|0.0.0.0:15020, s6|0.0.0.0:15021, s7|0.0.0.0:15022, s8|0.0.0.0:15023, s9|0.0.0.0:15024, s11|0.0.0.0:15026, s10|0.0.0.0:15025, s13|0.0.0.0:15028, s12|0.0.0.0:15027, s14|0.0.0.0:15029, s0|0.0.0.0:15015, s1|0.0.0.0:15016, s2|0.0.0.0:15017]|listeners:[], old=null} CLOSED] size=2
  s0:   CLOSED [
   FOLLOWER s0@group-9EBC86A0B11D:t0, leader=null, voted=, raftlog=Memoized:s0@group-9EBC86A0B11D-SegmentedRaftLog:CLOSED:c-1, conf=conf: {index: -1, cur=peers:[]|listeners:[], old=null} CLOSED
   FOLLOWER s0@group-676CD6864C30:t1, leader=s5, voted=null, raftlog=Memoized:s0@group-676CD6864C30-SegmentedRaftLog:CLOSED:c251, conf=conf: {index: 131, cur=peers:[s3|0.0.0.0:15018, s4|0.0.0.0:15019, s5|0.0.0.0:15020, s6|0.0.0.0:15021, s7|0.0.0.0:15022, s8|0.0.0.0:15023, s9|0.0.0.0:15024, s11|0.0.0.0:15026, s10|0.0.0.0:15025, s13|0.0.0.0:15028, s12|0.0.0.0:15027, s14|0.0.0.0:15029, s0|0.0.0.0:15015, s1|0.0.0.0:15016, s2|0.0.0.0:15017]|listeners:[], old=null} CLOSED] size=2
  s1:   CLOSED [
   FOLLOWER s1@group-9EBC86A0B11D:t0, leader=null, voted=, raftlog=Memoized:s1@group-9EBC86A0B11D-SegmentedRaftLog:CLOSED:c-1, conf=conf: {index: -1, cur=peers:[]|listeners:[], old=null} CLOSED
   FOLLOWER s1@group-676CD6864C30:t1, leader=s5, voted=null, raftlog=Memoized:s1@group-676CD6864C30-SegmentedRaftLog:CLOSED:c251, conf=conf: {index: 131, cur=peers:[s3|0.0.0.0:15018, s4|0.0.0.0:15019, s5|0.0.0.0:15020, s6|0.0.0.0:15021, s7|0.0.0.0:15022, s8|0.0.0.0:15023, s9|0.0.0.0:15024, s11|0.0.0.0:15026, s10|0.0.0.0:15025, s13|0.0.0.0:15028, s12|0.0.0.0:15027, s14|0.0.0.0:15029, s0|0.0.0.0:15015, s1|0.0.0.0:15016, s2|0.0.0.0:15017]|listeners:[], old=null} CLOSED] size=2
  s2:   CLOSED [
   FOLLOWER s2@group-9EBC86A0B11D:t0, leader=null, voted=, raftlog=Memoized:s2@group-9EBC86A0B11D-SegmentedRaftLog:CLOSED:c-1, conf=conf: {index: -1, cur=peers:[]|listeners:[], old=null} CLOSED
   FOLLOWER s2@group-676CD6864C30:t1, leader=s5, voted=null, raftlog=Memoized:s2@group-676CD6864C30-SegmentedRaftLog:CLOSED:c251, conf=conf: {index: 131, cur=peers:[s3|0.0.0.0:15018, s4|0.0.0.0:15019, s5|0.0.0.0:15020, s6|0.0.0.0:15021, s7|0.0.0.0:15022, s8|0.0.0.0:15023, s9|0.0.0.0:15024, s11|0.0.0.0:15026, s10|0.0.0.0:15025, s13|0.0.0.0:15028, s12|0.0.0.0:15027, s14|0.0.0.0:15029, s0|0.0.0.0:15015, s1|0.0.0.0:15016, s2|0.0.0.0:15017]|listeners:[], old=null} CLOSED] size=2
2024-10-16 23:58:04,132 INFO  impl.MiniRaftCluster (MiniRaftCluster.java:shutdown(885)) - MiniRaftClusterWithNetty shutdown completed
2024-10-16 23:58:04,132 INFO  ratis.RaftTestUtil (RaftTestUtil.java:gc(593)) - gc 0
2024-10-16 23:58:04,309 WARN  util.ReferenceCountedLeakDetector (ReferenceCountedLeakDetector.java:logLeakMessage(167)) - LEAK: (class org.apache.ratis.proto.RaftProtos$AppendEntriesRequestProto, count=1, value=serverRequest {
  requestorId: "s14"
  replyId: "s3"
  raftGroupId {
    id: "\265\234\323\340\225\vF\277\262\372\374\340-\034\327|"
  }
  callId: 6797
}
leaderTerm: 1
previousLog {
  term: 1
  index: 120
}
leaderCommit: 120
commitInfos {
  server {
    id: "s14"
    address: "0.0.0.0:15029"
    clientAddress: "0.0.0.0:15029"
    adminAddress: "0.0.0.0:15029"
    startupRole: FOLLOWER
  }
  commitIndex: 120
}
commitInfos {
  server {
    id: "s3"
    address: "0.0.0.0:15018"
    clientAddress: "0.0.0.0:15018"
    adminAddress: "0.0.0.0:15018"
    startupRole: FOLLOWER
  }
  commitIndex: 120
}
commitInfos {
  server {
    id: "s2"
    address: "0.0.0.0:15017"
    clientAddress: "0.0.0.0:15017"
    adminAddress: "0.0.0.0:15017"
    startupRole: FOLLOWER
  }
  commitIndex: 120
}
)
2024-10-16 23:58:04,309 WARN  util.LeakDetector (LeakDetector.java:assertNoLeaks(171)) - 0/30) numLeaks == 1 > 0, will wait and retry ...
2024-10-16 23:58:05,310 WARN  util.ReferenceCountedLeakDetector (ReferenceCountedLeakDetector.java:logLeakMessage(167)) - LEAK: (class org.apache.ratis.proto.RaftProtos$AppendEntriesRequestProto, count=1, value=serverRequest {
  requestorId: "s14"
  replyId: "s3"
  raftGroupId {
    id: "\265\234\323\340\225\vF\277\262\372\374\340-\034\327|"
  }
  callId: 6797
}
leaderTerm: 1
previousLog {
  term: 1
  index: 120
}
leaderCommit: 120
commitInfos {
  server {
    id: "s14"
    address: "0.0.0.0:15029"
    clientAddress: "0.0.0.0:15029"
    adminAddress: "0.0.0.0:15029"
    startupRole: FOLLOWER
  }
  commitIndex: 120
}
commitInfos {
  server {
    id: "s3"
    address: "0.0.0.0:15018"
    clientAddress: "0.0.0.0:15018"
    adminAddress: "0.0.0.0:15018"
    startupRole: FOLLOWER
  }
  commitIndex: 120
}
commitInfos {
  server {
    id: "s2"
    address: "0.0.0.0:15017"
    clientAddress: "0.0.0.0:15017"
    adminAddress: "0.0.0.0:15017"
    startupRole: FOLLOWER
  }
  commitIndex: 120
}
)
2024-10-16 23:58:05,310 WARN  util.LeakDetector (LeakDetector.java:assertNoLeaks(171)) - 1/30) numLeaks == 1 > 0, will wait and retry ...
2024-10-16 23:58:06,310 WARN  util.ReferenceCountedLeakDetector (ReferenceCountedLeakDetector.java:logLeakMessage(167)) - LEAK: (class org.apache.ratis.proto.RaftProtos$AppendEntriesRequestProto, count=1, value=serverRequest {
  requestorId: "s14"
  replyId: "s3"
  raftGroupId {
    id: "\265\234\323\340\225\vF\277\262\372\374\340-\034\327|"
  }
  callId: 6797
}
leaderTerm: 1
previousLog {
  term: 1
  index: 120
}
leaderCommit: 120
commitInfos {
  server {
    id: "s14"
    address: "0.0.0.0:15029"
    clientAddress: "0.0.0.0:15029"
    adminAddress: "0.0.0.0:15029"
    startupRole: FOLLOWER
  }
  commitIndex: 120
}
commitInfos {
  server {
    id: "s3"
    address: "0.0.0.0:15018"
    clientAddress: "0.0.0.0:15018"
    adminAddress: "0.0.0.0:15018"
    startupRole: FOLLOWER
  }
  commitIndex: 120
}
commitInfos {
  server {
    id: "s2"
    address: "0.0.0.0:15017"
    clientAddress: "0.0.0.0:15017"
    adminAddress: "0.0.0.0:15017"
    startupRole: FOLLOWER
  }
  commitIndex: 120
}
)
2024-10-16 23:58:06,311 WARN  util.LeakDetector (LeakDetector.java:assertNoLeaks(171)) - 2/30) numLeaks == 1 > 0, will wait and retry ...
2024-10-16 23:58:07,311 WARN  util.ReferenceCountedLeakDetector (ReferenceCountedLeakDetector.java:logLeakMessage(167)) - LEAK: (class org.apache.ratis.proto.RaftProtos$AppendEntriesRequestProto, count=1, value=serverRequest {
  requestorId: "s14"
  replyId: "s3"
  raftGroupId {
    id: "\265\234\323\340\225\vF\277\262\372\374\340-\034\327|"
  }
  callId: 6797
}
leaderTerm: 1
previousLog {
  term: 1
  index: 120
}
leaderCommit: 120
commitInfos {
  server {
    id: "s14"
    address: "0.0.0.0:15029"
    clientAddress: "0.0.0.0:15029"
    adminAddress: "0.0.0.0:15029"
    startupRole: FOLLOWER
  }
  commitIndex: 120
}
commitInfos {
  server {
    id: "s3"
    address: "0.0.0.0:15018"
    clientAddress: "0.0.0.0:15018"
    adminAddress: "0.0.0.0:15018"
    startupRole: FOLLOWER
  }
  commitIndex: 120
}
commitInfos {
  server {
    id: "s2"
    address: "0.0.0.0:15017"
    clientAddress: "0.0.0.0:15017"
    adminAddress: "0.0.0.0:15017"
    startupRole: FOLLOWER
  }
  commitIndex: 120
}
)
2024-10-16 23:58:07,311 WARN  util.LeakDetector (LeakDetector.java:assertNoLeaks(171)) - 3/30) numLeaks == 1 > 0, will wait and retry ...
2024-10-16 23:58:08,312 WARN  util.ReferenceCountedLeakDetector (ReferenceCountedLeakDetector.java:logLeakMessage(167)) - LEAK: (class org.apache.ratis.proto.RaftProtos$AppendEntriesRequestProto, count=1, value=serverRequest {
  requestorId: "s14"
  replyId: "s3"
  raftGroupId {
    id: "\265\234\323\340\225\vF\277\262\372\374\340-\034\327|"
  }
  callId: 6797
}
leaderTerm: 1
previousLog {
  term: 1
  index: 120
}
leaderCommit: 120
commitInfos {
  server {
    id: "s14"
    address: "0.0.0.0:15029"
    clientAddress: "0.0.0.0:15029"
    adminAddress: "0.0.0.0:15029"
    startupRole: FOLLOWER
  }
  commitIndex: 120
}
commitInfos {
  server {
    id: "s3"
    address: "0.0.0.0:15018"
    clientAddress: "0.0.0.0:15018"
    adminAddress: "0.0.0.0:15018"
    startupRole: FOLLOWER
  }
  commitIndex: 120
}
commitInfos {
  server {
    id: "s2"
    address: "0.0.0.0:15017"
    clientAddress: "0.0.0.0:15017"
    adminAddress: "0.0.0.0:15017"
    startupRole: FOLLOWER
  }
  commitIndex: 120
}
)
2024-10-16 23:58:08,312 WARN  util.LeakDetector (LeakDetector.java:assertNoLeaks(171)) - 4/30) numLeaks == 1 > 0, will wait and retry ...
2024-10-16 23:58:09,312 WARN  util.ReferenceCountedLeakDetector (ReferenceCountedLeakDetector.java:logLeakMessage(167)) - LEAK: (class org.apache.ratis.proto.RaftProtos$AppendEntriesRequestProto, count=1, value=serverRequest {
  requestorId: "s14"
  replyId: "s3"
  raftGroupId {
    id: "\265\234\323\340\225\vF\277\262\372\374\340-\034\327|"
  }
  callId: 6797
}
leaderTerm: 1
previousLog {
  term: 1
  index: 120
}
leaderCommit: 120
commitInfos {
  server {
    id: "s14"
    address: "0.0.0.0:15029"
    clientAddress: "0.0.0.0:15029"
    adminAddress: "0.0.0.0:15029"
    startupRole: FOLLOWER
  }
  commitIndex: 120
}
commitInfos {
  server {
    id: "s3"
    address: "0.0.0.0:15018"
    clientAddress: "0.0.0.0:15018"
    adminAddress: "0.0.0.0:15018"
    startupRole: FOLLOWER
  }
  commitIndex: 120
}
commitInfos {
  server {
    id: "s2"
    address: "0.0.0.0:15017"
    clientAddress: "0.0.0.0:15017"
    adminAddress: "0.0.0.0:15017"
    startupRole: FOLLOWER
  }
  commitIndex: 120
}
)
2024-10-16 23:58:09,313 WARN  util.LeakDetector (LeakDetector.java:assertNoLeaks(171)) - 5/30) numLeaks == 1 > 0, will wait and retry ...
2024-10-16 23:58:10,313 WARN  util.ReferenceCountedLeakDetector (ReferenceCountedLeakDetector.java:logLeakMessage(167)) - LEAK: (class org.apache.ratis.proto.RaftProtos$AppendEntriesRequestProto, count=1, value=serverRequest {
  requestorId: "s14"
  replyId: "s3"
  raftGroupId {
    id: "\265\234\323\340\225\vF\277\262\372\374\340-\034\327|"
  }
  callId: 6797
}
leaderTerm: 1
previousLog {
  term: 1
  index: 120
}
leaderCommit: 120
commitInfos {
  server {
    id: "s14"
    address: "0.0.0.0:15029"
    clientAddress: "0.0.0.0:15029"
    adminAddress: "0.0.0.0:15029"
    startupRole: FOLLOWER
  }
  commitIndex: 120
}
commitInfos {
  server {
    id: "s3"
    address: "0.0.0.0:15018"
    clientAddress: "0.0.0.0:15018"
    adminAddress: "0.0.0.0:15018"
    startupRole: FOLLOWER
  }
  commitIndex: 120
}
commitInfos {
  server {
    id: "s2"
    address: "0.0.0.0:15017"
    clientAddress: "0.0.0.0:15017"
    adminAddress: "0.0.0.0:15017"
    startupRole: FOLLOWER
  }
  commitIndex: 120
}
)
2024-10-16 23:58:10,313 WARN  util.LeakDetector (LeakDetector.java:assertNoLeaks(171)) - 6/30) numLeaks == 1 > 0, will wait and retry ...
2024-10-16 23:58:11,314 WARN  util.ReferenceCountedLeakDetector (ReferenceCountedLeakDetector.java:logLeakMessage(167)) - LEAK: (class org.apache.ratis.proto.RaftProtos$AppendEntriesRequestProto, count=1, value=serverRequest {
  requestorId: "s14"
  replyId: "s3"
  raftGroupId {
    id: "\265\234\323\340\225\vF\277\262\372\374\340-\034\327|"
  }
  callId: 6797
}
leaderTerm: 1
previousLog {
  term: 1
  index: 120
}
leaderCommit: 120
commitInfos {
  server {
    id: "s14"
    address: "0.0.0.0:15029"
    clientAddress: "0.0.0.0:15029"
    adminAddress: "0.0.0.0:15029"
    startupRole: FOLLOWER
  }
  commitIndex: 120
}
commitInfos {
  server {
    id: "s3"
    address: "0.0.0.0:15018"
    clientAddress: "0.0.0.0:15018"
    adminAddress: "0.0.0.0:15018"
    startupRole: FOLLOWER
  }
  commitIndex: 120
}
commitInfos {
  server {
    id: "s2"
    address: "0.0.0.0:15017"
    clientAddress: "0.0.0.0:15017"
    adminAddress: "0.0.0.0:15017"
    startupRole: FOLLOWER
  }
  commitIndex: 120
}
)
2024-10-16 23:58:11,314 WARN  util.LeakDetector (LeakDetector.java:assertNoLeaks(171)) - 7/30) numLeaks == 1 > 0, will wait and retry ...
2024-10-16 23:58:12,314 WARN  util.ReferenceCountedLeakDetector (ReferenceCountedLeakDetector.java:logLeakMessage(167)) - LEAK: (class org.apache.ratis.proto.RaftProtos$AppendEntriesRequestProto, count=1, value=serverRequest {
  requestorId: "s14"
  replyId: "s3"
  raftGroupId {
    id: "\265\234\323\340\225\vF\277\262\372\374\340-\034\327|"
  }
  callId: 6797
}
leaderTerm: 1
previousLog {
  term: 1
  index: 120
}
leaderCommit: 120
commitInfos {
  server {
    id: "s14"
    address: "0.0.0.0:15029"
    clientAddress: "0.0.0.0:15029"
    adminAddress: "0.0.0.0:15029"
    startupRole: FOLLOWER
  }
  commitIndex: 120
}
commitInfos {
  server {
    id: "s3"
    address: "0.0.0.0:15018"
    clientAddress: "0.0.0.0:15018"
    adminAddress: "0.0.0.0:15018"
    startupRole: FOLLOWER
  }
  commitIndex: 120
}
commitInfos {
  server {
    id: "s2"
    address: "0.0.0.0:15017"
    clientAddress: "0.0.0.0:15017"
    adminAddress: "0.0.0.0:15017"
    startupRole: FOLLOWER
  }
  commitIndex: 120
}
)
2024-10-16 23:58:12,315 WARN  util.LeakDetector (LeakDetector.java:assertNoLeaks(171)) - 8/30) numLeaks == 1 > 0, will wait and retry ...
2024-10-16 23:58:13,315 WARN  util.ReferenceCountedLeakDetector (ReferenceCountedLeakDetector.java:logLeakMessage(167)) - LEAK: (class org.apache.ratis.proto.RaftProtos$AppendEntriesRequestProto, count=1, value=serverRequest {
  requestorId: "s14"
  replyId: "s3"
  raftGroupId {
    id: "\265\234\323\340\225\vF\277\262\372\374\340-\034\327|"
  }
  callId: 6797
}
leaderTerm: 1
previousLog {
  term: 1
  index: 120
}
leaderCommit: 120
commitInfos {
  server {
    id: "s14"
    address: "0.0.0.0:15029"
    clientAddress: "0.0.0.0:15029"
    adminAddress: "0.0.0.0:15029"
    startupRole: FOLLOWER
  }
  commitIndex: 120
}
commitInfos {
  server {
    id: "s3"
    address: "0.0.0.0:15018"
    clientAddress: "0.0.0.0:15018"
    adminAddress: "0.0.0.0:15018"
    startupRole: FOLLOWER
  }
  commitIndex: 120
}
commitInfos {
  server {
    id: "s2"
    address: "0.0.0.0:15017"
    clientAddress: "0.0.0.0:15017"
    adminAddress: "0.0.0.0:15017"
    startupRole: FOLLOWER
  }
  commitIndex: 120
}
)
2024-10-16 23:58:13,315 WARN  util.LeakDetector (LeakDetector.java:assertNoLeaks(171)) - 9/30) numLeaks == 1 > 0, will wait and retry ...
2024-10-16 23:58:14,316 WARN  util.ReferenceCountedLeakDetector (ReferenceCountedLeakDetector.java:logLeakMessage(167)) - LEAK: (class org.apache.ratis.proto.RaftProtos$AppendEntriesRequestProto, count=1, value=serverRequest {
  requestorId: "s14"
  replyId: "s3"
  raftGroupId {
    id: "\265\234\323\340\225\vF\277\262\372\374\340-\034\327|"
  }
  callId: 6797
}
leaderTerm: 1
previousLog {
  term: 1
  index: 120
}
leaderCommit: 120
commitInfos {
  server {
    id: "s14"
    address: "0.0.0.0:15029"
    clientAddress: "0.0.0.0:15029"
    adminAddress: "0.0.0.0:15029"
    startupRole: FOLLOWER
  }
  commitIndex: 120
}
commitInfos {
  server {
    id: "s3"
    address: "0.0.0.0:15018"
    clientAddress: "0.0.0.0:15018"
    adminAddress: "0.0.0.0:15018"
    startupRole: FOLLOWER
  }
  commitIndex: 120
}
commitInfos {
  server {
    id: "s2"
    address: "0.0.0.0:15017"
    clientAddress: "0.0.0.0:15017"
    adminAddress: "0.0.0.0:15017"
    startupRole: FOLLOWER
  }
  commitIndex: 120
}
)
2024-10-16 23:58:14,316 WARN  util.LeakDetector (LeakDetector.java:assertNoLeaks(171)) - 10/30) numLeaks == 1 > 0, will wait and retry ...
2024-10-16 23:58:15,316 WARN  util.ReferenceCountedLeakDetector (ReferenceCountedLeakDetector.java:logLeakMessage(167)) - LEAK: (class org.apache.ratis.proto.RaftProtos$AppendEntriesRequestProto, count=1, value=serverRequest {
  requestorId: "s14"
  replyId: "s3"
  raftGroupId {
    id: "\265\234\323\340\225\vF\277\262\372\374\340-\034\327|"
  }
  callId: 6797
}
leaderTerm: 1
previousLog {
  term: 1
  index: 120
}
leaderCommit: 120
commitInfos {
  server {
    id: "s14"
    address: "0.0.0.0:15029"
    clientAddress: "0.0.0.0:15029"
    adminAddress: "0.0.0.0:15029"
    startupRole: FOLLOWER
  }
  commitIndex: 120
}
commitInfos {
  server {
    id: "s3"
    address: "0.0.0.0:15018"
    clientAddress: "0.0.0.0:15018"
    adminAddress: "0.0.0.0:15018"
    startupRole: FOLLOWER
  }
  commitIndex: 120
}
commitInfos {
  server {
    id: "s2"
    address: "0.0.0.0:15017"
    clientAddress: "0.0.0.0:15017"
    adminAddress: "0.0.0.0:15017"
    startupRole: FOLLOWER
  }
  commitIndex: 120
}
)
2024-10-16 23:58:15,317 WARN  util.LeakDetector (LeakDetector.java:assertNoLeaks(171)) - 11/30) numLeaks == 1 > 0, will wait and retry ...
2024-10-16 23:58:16,317 WARN  util.ReferenceCountedLeakDetector (ReferenceCountedLeakDetector.java:logLeakMessage(167)) - LEAK: (class org.apache.ratis.proto.RaftProtos$AppendEntriesRequestProto, count=1, value=serverRequest {
  requestorId: "s14"
  replyId: "s3"
  raftGroupId {
    id: "\265\234\323\340\225\vF\277\262\372\374\340-\034\327|"
  }
  callId: 6797
}
leaderTerm: 1
previousLog {
  term: 1
  index: 120
}
leaderCommit: 120
commitInfos {
  server {
    id: "s14"
    address: "0.0.0.0:15029"
    clientAddress: "0.0.0.0:15029"
    adminAddress: "0.0.0.0:15029"
    startupRole: FOLLOWER
  }
  commitIndex: 120
}
commitInfos {
  server {
    id: "s3"
    address: "0.0.0.0:15018"
    clientAddress: "0.0.0.0:15018"
    adminAddress: "0.0.0.0:15018"
    startupRole: FOLLOWER
  }
  commitIndex: 120
}
commitInfos {
  server {
    id: "s2"
    address: "0.0.0.0:15017"
    clientAddress: "0.0.0.0:15017"
    adminAddress: "0.0.0.0:15017"
    startupRole: FOLLOWER
  }
  commitIndex: 120
}
)
2024-10-16 23:58:16,317 WARN  util.LeakDetector (LeakDetector.java:assertNoLeaks(171)) - 12/30) numLeaks == 1 > 0, will wait and retry ...
2024-10-16 23:58:17,318 WARN  util.ReferenceCountedLeakDetector (ReferenceCountedLeakDetector.java:logLeakMessage(167)) - LEAK: (class org.apache.ratis.proto.RaftProtos$AppendEntriesRequestProto, count=1, value=serverRequest {
  requestorId: "s14"
  replyId: "s3"
  raftGroupId {
    id: "\265\234\323\340\225\vF\277\262\372\374\340-\034\327|"
  }
  callId: 6797
}
leaderTerm: 1
previousLog {
  term: 1
  index: 120
}
leaderCommit: 120
commitInfos {
  server {
    id: "s14"
    address: "0.0.0.0:15029"
    clientAddress: "0.0.0.0:15029"
    adminAddress: "0.0.0.0:15029"
    startupRole: FOLLOWER
  }
  commitIndex: 120
}
commitInfos {
  server {
    id: "s3"
    address: "0.0.0.0:15018"
    clientAddress: "0.0.0.0:15018"
    adminAddress: "0.0.0.0:15018"
    startupRole: FOLLOWER
  }
  commitIndex: 120
}
commitInfos {
  server {
    id: "s2"
    address: "0.0.0.0:15017"
    clientAddress: "0.0.0.0:15017"
    adminAddress: "0.0.0.0:15017"
    startupRole: FOLLOWER
  }
  commitIndex: 120
}
)
2024-10-16 23:58:17,318 WARN  util.LeakDetector (LeakDetector.java:assertNoLeaks(171)) - 13/30) numLeaks == 1 > 0, will wait and retry ...
2024-10-16 23:58:18,318 WARN  util.ReferenceCountedLeakDetector (ReferenceCountedLeakDetector.java:logLeakMessage(167)) - LEAK: (class org.apache.ratis.proto.RaftProtos$AppendEntriesRequestProto, count=1, value=serverRequest {
  requestorId: "s14"
  replyId: "s3"
  raftGroupId {
    id: "\265\234\323\340\225\vF\277\262\372\374\340-\034\327|"
  }
  callId: 6797
}
leaderTerm: 1
previousLog {
  term: 1
  index: 120
}
leaderCommit: 120
commitInfos {
  server {
    id: "s14"
    address: "0.0.0.0:15029"
    clientAddress: "0.0.0.0:15029"
    adminAddress: "0.0.0.0:15029"
    startupRole: FOLLOWER
  }
  commitIndex: 120
}
commitInfos {
  server {
    id: "s3"
    address: "0.0.0.0:15018"
    clientAddress: "0.0.0.0:15018"
    adminAddress: "0.0.0.0:15018"
    startupRole: FOLLOWER
  }
  commitIndex: 120
}
commitInfos {
  server {
    id: "s2"
    address: "0.0.0.0:15017"
    clientAddress: "0.0.0.0:15017"
    adminAddress: "0.0.0.0:15017"
    startupRole: FOLLOWER
  }
  commitIndex: 120
}
)
2024-10-16 23:58:18,319 WARN  util.LeakDetector (LeakDetector.java:assertNoLeaks(171)) - 14/30) numLeaks == 1 > 0, will wait and retry ...
2024-10-16 23:58:19,319 WARN  util.ReferenceCountedLeakDetector (ReferenceCountedLeakDetector.java:logLeakMessage(167)) - LEAK: (class org.apache.ratis.proto.RaftProtos$AppendEntriesRequestProto, count=1, value=serverRequest {
  requestorId: "s14"
  replyId: "s3"
  raftGroupId {
    id: "\265\234\323\340\225\vF\277\262\372\374\340-\034\327|"
  }
  callId: 6797
}
leaderTerm: 1
previousLog {
  term: 1
  index: 120
}
leaderCommit: 120
commitInfos {
  server {
    id: "s14"
    address: "0.0.0.0:15029"
    clientAddress: "0.0.0.0:15029"
    adminAddress: "0.0.0.0:15029"
    startupRole: FOLLOWER
  }
  commitIndex: 120
}
commitInfos {
  server {
    id: "s3"
    address: "0.0.0.0:15018"
    clientAddress: "0.0.0.0:15018"
    adminAddress: "0.0.0.0:15018"
    startupRole: FOLLOWER
  }
  commitIndex: 120
}
commitInfos {
  server {
    id: "s2"
    address: "0.0.0.0:15017"
    clientAddress: "0.0.0.0:15017"
    adminAddress: "0.0.0.0:15017"
    startupRole: FOLLOWER
  }
  commitIndex: 120
}
)
2024-10-16 23:58:19,319 WARN  util.LeakDetector (LeakDetector.java:assertNoLeaks(171)) - 15/30) numLeaks == 1 > 0, will wait and retry ...
2024-10-16 23:58:20,320 WARN  util.ReferenceCountedLeakDetector (ReferenceCountedLeakDetector.java:logLeakMessage(167)) - LEAK: (class org.apache.ratis.proto.RaftProtos$AppendEntriesRequestProto, count=1, value=serverRequest {
  requestorId: "s14"
  replyId: "s3"
  raftGroupId {
    id: "\265\234\323\340\225\vF\277\262\372\374\340-\034\327|"
  }
  callId: 6797
}
leaderTerm: 1
previousLog {
  term: 1
  index: 120
}
leaderCommit: 120
commitInfos {
  server {
    id: "s14"
    address: "0.0.0.0:15029"
    clientAddress: "0.0.0.0:15029"
    adminAddress: "0.0.0.0:15029"
    startupRole: FOLLOWER
  }
  commitIndex: 120
}
commitInfos {
  server {
    id: "s3"
    address: "0.0.0.0:15018"
    clientAddress: "0.0.0.0:15018"
    adminAddress: "0.0.0.0:15018"
    startupRole: FOLLOWER
  }
  commitIndex: 120
}
commitInfos {
  server {
    id: "s2"
    address: "0.0.0.0:15017"
    clientAddress: "0.0.0.0:15017"
    adminAddress: "0.0.0.0:15017"
    startupRole: FOLLOWER
  }
  commitIndex: 120
}
)
2024-10-16 23:58:20,320 WARN  util.LeakDetector (LeakDetector.java:assertNoLeaks(171)) - 16/30) numLeaks == 1 > 0, will wait and retry ...
2024-10-16 23:58:21,320 WARN  util.ReferenceCountedLeakDetector (ReferenceCountedLeakDetector.java:logLeakMessage(167)) - LEAK: (class org.apache.ratis.proto.RaftProtos$AppendEntriesRequestProto, count=1, value=serverRequest {
  requestorId: "s14"
  replyId: "s3"
  raftGroupId {
    id: "\265\234\323\340\225\vF\277\262\372\374\340-\034\327|"
  }
  callId: 6797
}
leaderTerm: 1
previousLog {
  term: 1
  index: 120
}
leaderCommit: 120
commitInfos {
  server {
    id: "s14"
    address: "0.0.0.0:15029"
    clientAddress: "0.0.0.0:15029"
    adminAddress: "0.0.0.0:15029"
    startupRole: FOLLOWER
  }
  commitIndex: 120
}
commitInfos {
  server {
    id: "s3"
    address: "0.0.0.0:15018"
    clientAddress: "0.0.0.0:15018"
    adminAddress: "0.0.0.0:15018"
    startupRole: FOLLOWER
  }
  commitIndex: 120
}
commitInfos {
  server {
    id: "s2"
    address: "0.0.0.0:15017"
    clientAddress: "0.0.0.0:15017"
    adminAddress: "0.0.0.0:15017"
    startupRole: FOLLOWER
  }
  commitIndex: 120
}
)
2024-10-16 23:58:21,321 WARN  util.LeakDetector (LeakDetector.java:assertNoLeaks(171)) - 17/30) numLeaks == 1 > 0, will wait and retry ...
2024-10-16 23:58:22,321 WARN  util.ReferenceCountedLeakDetector (ReferenceCountedLeakDetector.java:logLeakMessage(167)) - LEAK: (class org.apache.ratis.proto.RaftProtos$AppendEntriesRequestProto, count=1, value=serverRequest {
  requestorId: "s14"
  replyId: "s3"
  raftGroupId {
    id: "\265\234\323\340\225\vF\277\262\372\374\340-\034\327|"
  }
  callId: 6797
}
leaderTerm: 1
previousLog {
  term: 1
  index: 120
}
leaderCommit: 120
commitInfos {
  server {
    id: "s14"
    address: "0.0.0.0:15029"
    clientAddress: "0.0.0.0:15029"
    adminAddress: "0.0.0.0:15029"
    startupRole: FOLLOWER
  }
  commitIndex: 120
}
commitInfos {
  server {
    id: "s3"
    address: "0.0.0.0:15018"
    clientAddress: "0.0.0.0:15018"
    adminAddress: "0.0.0.0:15018"
    startupRole: FOLLOWER
  }
  commitIndex: 120
}
commitInfos {
  server {
    id: "s2"
    address: "0.0.0.0:15017"
    clientAddress: "0.0.0.0:15017"
    adminAddress: "0.0.0.0:15017"
    startupRole: FOLLOWER
  }
  commitIndex: 120
}
)
2024-10-16 23:58:22,321 WARN  util.LeakDetector (LeakDetector.java:assertNoLeaks(171)) - 18/30) numLeaks == 1 > 0, will wait and retry ...
2024-10-16 23:58:23,321 WARN  util.ReferenceCountedLeakDetector (ReferenceCountedLeakDetector.java:logLeakMessage(167)) - LEAK: (class org.apache.ratis.proto.RaftProtos$AppendEntriesRequestProto, count=1, value=serverRequest {
  requestorId: "s14"
  replyId: "s3"
  raftGroupId {
    id: "\265\234\323\340\225\vF\277\262\372\374\340-\034\327|"
  }
  callId: 6797
}
leaderTerm: 1
previousLog {
  term: 1
  index: 120
}
leaderCommit: 120
commitInfos {
  server {
    id: "s14"
    address: "0.0.0.0:15029"
    clientAddress: "0.0.0.0:15029"
    adminAddress: "0.0.0.0:15029"
    startupRole: FOLLOWER
  }
  commitIndex: 120
}
commitInfos {
  server {
    id: "s3"
    address: "0.0.0.0:15018"
    clientAddress: "0.0.0.0:15018"
    adminAddress: "0.0.0.0:15018"
    startupRole: FOLLOWER
  }
  commitIndex: 120
}
commitInfos {
  server {
    id: "s2"
    address: "0.0.0.0:15017"
    clientAddress: "0.0.0.0:15017"
    adminAddress: "0.0.0.0:15017"
    startupRole: FOLLOWER
  }
  commitIndex: 120
}
)
2024-10-16 23:58:23,322 WARN  util.LeakDetector (LeakDetector.java:assertNoLeaks(171)) - 19/30) numLeaks == 1 > 0, will wait and retry ...
2024-10-16 23:58:24,322 WARN  util.ReferenceCountedLeakDetector (ReferenceCountedLeakDetector.java:logLeakMessage(167)) - LEAK: (class org.apache.ratis.proto.RaftProtos$AppendEntriesRequestProto, count=1, value=serverRequest {
  requestorId: "s14"
  replyId: "s3"
  raftGroupId {
    id: "\265\234\323\340\225\vF\277\262\372\374\340-\034\327|"
  }
  callId: 6797
}
leaderTerm: 1
previousLog {
  term: 1
  index: 120
}
leaderCommit: 120
commitInfos {
  server {
    id: "s14"
    address: "0.0.0.0:15029"
    clientAddress: "0.0.0.0:15029"
    adminAddress: "0.0.0.0:15029"
    startupRole: FOLLOWER
  }
  commitIndex: 120
}
commitInfos {
  server {
    id: "s3"
    address: "0.0.0.0:15018"
    clientAddress: "0.0.0.0:15018"
    adminAddress: "0.0.0.0:15018"
    startupRole: FOLLOWER
  }
  commitIndex: 120
}
commitInfos {
  server {
    id: "s2"
    address: "0.0.0.0:15017"
    clientAddress: "0.0.0.0:15017"
    adminAddress: "0.0.0.0:15017"
    startupRole: FOLLOWER
  }
  commitIndex: 120
}
)
2024-10-16 23:58:24,322 WARN  util.LeakDetector (LeakDetector.java:assertNoLeaks(171)) - 20/30) numLeaks == 1 > 0, will wait and retry ...
2024-10-16 23:58:25,323 WARN  util.ReferenceCountedLeakDetector (ReferenceCountedLeakDetector.java:logLeakMessage(167)) - LEAK: (class org.apache.ratis.proto.RaftProtos$AppendEntriesRequestProto, count=1, value=serverRequest {
  requestorId: "s14"
  replyId: "s3"
  raftGroupId {
    id: "\265\234\323\340\225\vF\277\262\372\374\340-\034\327|"
  }
  callId: 6797
}
leaderTerm: 1
previousLog {
  term: 1
  index: 120
}
leaderCommit: 120
commitInfos {
  server {
    id: "s14"
    address: "0.0.0.0:15029"
    clientAddress: "0.0.0.0:15029"
    adminAddress: "0.0.0.0:15029"
    startupRole: FOLLOWER
  }
  commitIndex: 120
}
commitInfos {
  server {
    id: "s3"
    address: "0.0.0.0:15018"
    clientAddress: "0.0.0.0:15018"
    adminAddress: "0.0.0.0:15018"
    startupRole: FOLLOWER
  }
  commitIndex: 120
}
commitInfos {
  server {
    id: "s2"
    address: "0.0.0.0:15017"
    clientAddress: "0.0.0.0:15017"
    adminAddress: "0.0.0.0:15017"
    startupRole: FOLLOWER
  }
  commitIndex: 120
}
)
2024-10-16 23:58:25,323 WARN  util.LeakDetector (LeakDetector.java:assertNoLeaks(171)) - 21/30) numLeaks == 1 > 0, will wait and retry ...
2024-10-16 23:58:26,323 WARN  util.ReferenceCountedLeakDetector (ReferenceCountedLeakDetector.java:logLeakMessage(167)) - LEAK: (class org.apache.ratis.proto.RaftProtos$AppendEntriesRequestProto, count=1, value=serverRequest {
  requestorId: "s14"
  replyId: "s3"
  raftGroupId {
    id: "\265\234\323\340\225\vF\277\262\372\374\340-\034\327|"
  }
  callId: 6797
}
leaderTerm: 1
previousLog {
  term: 1
  index: 120
}
leaderCommit: 120
commitInfos {
  server {
    id: "s14"
    address: "0.0.0.0:15029"
    clientAddress: "0.0.0.0:15029"
    adminAddress: "0.0.0.0:15029"
    startupRole: FOLLOWER
  }
  commitIndex: 120
}
commitInfos {
  server {
    id: "s3"
    address: "0.0.0.0:15018"
    clientAddress: "0.0.0.0:15018"
    adminAddress: "0.0.0.0:15018"
    startupRole: FOLLOWER
  }
  commitIndex: 120
}
commitInfos {
  server {
    id: "s2"
    address: "0.0.0.0:15017"
    clientAddress: "0.0.0.0:15017"
    adminAddress: "0.0.0.0:15017"
    startupRole: FOLLOWER
  }
  commitIndex: 120
}
)
2024-10-16 23:58:26,324 WARN  util.LeakDetector (LeakDetector.java:assertNoLeaks(171)) - 22/30) numLeaks == 1 > 0, will wait and retry ...
2024-10-16 23:58:27,324 WARN  util.ReferenceCountedLeakDetector (ReferenceCountedLeakDetector.java:logLeakMessage(167)) - LEAK: (class org.apache.ratis.proto.RaftProtos$AppendEntriesRequestProto, count=1, value=serverRequest {
  requestorId: "s14"
  replyId: "s3"
  raftGroupId {
    id: "\265\234\323\340\225\vF\277\262\372\374\340-\034\327|"
  }
  callId: 6797
}
leaderTerm: 1
previousLog {
  term: 1
  index: 120
}
leaderCommit: 120
commitInfos {
  server {
    id: "s14"
    address: "0.0.0.0:15029"
    clientAddress: "0.0.0.0:15029"
    adminAddress: "0.0.0.0:15029"
    startupRole: FOLLOWER
  }
  commitIndex: 120
}
commitInfos {
  server {
    id: "s3"
    address: "0.0.0.0:15018"
    clientAddress: "0.0.0.0:15018"
    adminAddress: "0.0.0.0:15018"
    startupRole: FOLLOWER
  }
  commitIndex: 120
}
commitInfos {
  server {
    id: "s2"
    address: "0.0.0.0:15017"
    clientAddress: "0.0.0.0:15017"
    adminAddress: "0.0.0.0:15017"
    startupRole: FOLLOWER
  }
  commitIndex: 120
}
)
2024-10-16 23:58:27,324 WARN  util.LeakDetector (LeakDetector.java:assertNoLeaks(171)) - 23/30) numLeaks == 1 > 0, will wait and retry ...
2024-10-16 23:58:28,325 WARN  util.ReferenceCountedLeakDetector (ReferenceCountedLeakDetector.java:logLeakMessage(167)) - LEAK: (class org.apache.ratis.proto.RaftProtos$AppendEntriesRequestProto, count=1, value=serverRequest {
  requestorId: "s14"
  replyId: "s3"
  raftGroupId {
    id: "\265\234\323\340\225\vF\277\262\372\374\340-\034\327|"
  }
  callId: 6797
}
leaderTerm: 1
previousLog {
  term: 1
  index: 120
}
leaderCommit: 120
commitInfos {
  server {
    id: "s14"
    address: "0.0.0.0:15029"
    clientAddress: "0.0.0.0:15029"
    adminAddress: "0.0.0.0:15029"
    startupRole: FOLLOWER
  }
  commitIndex: 120
}
commitInfos {
  server {
    id: "s3"
    address: "0.0.0.0:15018"
    clientAddress: "0.0.0.0:15018"
    adminAddress: "0.0.0.0:15018"
    startupRole: FOLLOWER
  }
  commitIndex: 120
}
commitInfos {
  server {
    id: "s2"
    address: "0.0.0.0:15017"
    clientAddress: "0.0.0.0:15017"
    adminAddress: "0.0.0.0:15017"
    startupRole: FOLLOWER
  }
  commitIndex: 120
}
)
2024-10-16 23:58:28,325 WARN  util.LeakDetector (LeakDetector.java:assertNoLeaks(171)) - 24/30) numLeaks == 1 > 0, will wait and retry ...
2024-10-16 23:58:29,325 WARN  util.ReferenceCountedLeakDetector (ReferenceCountedLeakDetector.java:logLeakMessage(167)) - LEAK: (class org.apache.ratis.proto.RaftProtos$AppendEntriesRequestProto, count=1, value=serverRequest {
  requestorId: "s14"
  replyId: "s3"
  raftGroupId {
    id: "\265\234\323\340\225\vF\277\262\372\374\340-\034\327|"
  }
  callId: 6797
}
leaderTerm: 1
previousLog {
  term: 1
  index: 120
}
leaderCommit: 120
commitInfos {
  server {
    id: "s14"
    address: "0.0.0.0:15029"
    clientAddress: "0.0.0.0:15029"
    adminAddress: "0.0.0.0:15029"
    startupRole: FOLLOWER
  }
  commitIndex: 120
}
commitInfos {
  server {
    id: "s3"
    address: "0.0.0.0:15018"
    clientAddress: "0.0.0.0:15018"
    adminAddress: "0.0.0.0:15018"
    startupRole: FOLLOWER
  }
  commitIndex: 120
}
commitInfos {
  server {
    id: "s2"
    address: "0.0.0.0:15017"
    clientAddress: "0.0.0.0:15017"
    adminAddress: "0.0.0.0:15017"
    startupRole: FOLLOWER
  }
  commitIndex: 120
}
)
2024-10-16 23:58:29,326 WARN  util.LeakDetector (LeakDetector.java:assertNoLeaks(171)) - 25/30) numLeaks == 1 > 0, will wait and retry ...
2024-10-16 23:58:30,326 WARN  util.ReferenceCountedLeakDetector (ReferenceCountedLeakDetector.java:logLeakMessage(167)) - LEAK: (class org.apache.ratis.proto.RaftProtos$AppendEntriesRequestProto, count=1, value=serverRequest {
  requestorId: "s14"
  replyId: "s3"
  raftGroupId {
    id: "\265\234\323\340\225\vF\277\262\372\374\340-\034\327|"
  }
  callId: 6797
}
leaderTerm: 1
previousLog {
  term: 1
  index: 120
}
leaderCommit: 120
commitInfos {
  server {
    id: "s14"
    address: "0.0.0.0:15029"
    clientAddress: "0.0.0.0:15029"
    adminAddress: "0.0.0.0:15029"
    startupRole: FOLLOWER
  }
  commitIndex: 120
}
commitInfos {
  server {
    id: "s3"
    address: "0.0.0.0:15018"
    clientAddress: "0.0.0.0:15018"
    adminAddress: "0.0.0.0:15018"
    startupRole: FOLLOWER
  }
  commitIndex: 120
}
commitInfos {
  server {
    id: "s2"
    address: "0.0.0.0:15017"
    clientAddress: "0.0.0.0:15017"
    adminAddress: "0.0.0.0:15017"
    startupRole: FOLLOWER
  }
  commitIndex: 120
}
)
2024-10-16 23:58:30,327 WARN  util.LeakDetector (LeakDetector.java:assertNoLeaks(171)) - 26/30) numLeaks == 1 > 0, will wait and retry ...
2024-10-16 23:58:31,327 WARN  util.ReferenceCountedLeakDetector (ReferenceCountedLeakDetector.java:logLeakMessage(167)) - LEAK: (class org.apache.ratis.proto.RaftProtos$AppendEntriesRequestProto, count=1, value=serverRequest {
  requestorId: "s14"
  replyId: "s3"
  raftGroupId {
    id: "\265\234\323\340\225\vF\277\262\372\374\340-\034\327|"
  }
  callId: 6797
}
leaderTerm: 1
previousLog {
  term: 1
  index: 120
}
leaderCommit: 120
commitInfos {
  server {
    id: "s14"
    address: "0.0.0.0:15029"
    clientAddress: "0.0.0.0:15029"
    adminAddress: "0.0.0.0:15029"
    startupRole: FOLLOWER
  }
  commitIndex: 120
}
commitInfos {
  server {
    id: "s3"
    address: "0.0.0.0:15018"
    clientAddress: "0.0.0.0:15018"
    adminAddress: "0.0.0.0:15018"
    startupRole: FOLLOWER
  }
  commitIndex: 120
}
commitInfos {
  server {
    id: "s2"
    address: "0.0.0.0:15017"
    clientAddress: "0.0.0.0:15017"
    adminAddress: "0.0.0.0:15017"
    startupRole: FOLLOWER
  }
  commitIndex: 120
}
)
2024-10-16 23:58:31,327 WARN  util.LeakDetector (LeakDetector.java:assertNoLeaks(171)) - 27/30) numLeaks == 1 > 0, will wait and retry ...
2024-10-16 23:58:32,327 WARN  util.ReferenceCountedLeakDetector (ReferenceCountedLeakDetector.java:logLeakMessage(167)) - LEAK: (class org.apache.ratis.proto.RaftProtos$AppendEntriesRequestProto, count=1, value=serverRequest {
  requestorId: "s14"
  replyId: "s3"
  raftGroupId {
    id: "\265\234\323\340\225\vF\277\262\372\374\340-\034\327|"
  }
  callId: 6797
}
leaderTerm: 1
previousLog {
  term: 1
  index: 120
}
leaderCommit: 120
commitInfos {
  server {
    id: "s14"
    address: "0.0.0.0:15029"
    clientAddress: "0.0.0.0:15029"
    adminAddress: "0.0.0.0:15029"
    startupRole: FOLLOWER
  }
  commitIndex: 120
}
commitInfos {
  server {
    id: "s3"
    address: "0.0.0.0:15018"
    clientAddress: "0.0.0.0:15018"
    adminAddress: "0.0.0.0:15018"
    startupRole: FOLLOWER
  }
  commitIndex: 120
}
commitInfos {
  server {
    id: "s2"
    address: "0.0.0.0:15017"
    clientAddress: "0.0.0.0:15017"
    adminAddress: "0.0.0.0:15017"
    startupRole: FOLLOWER
  }
  commitIndex: 120
}
)
2024-10-16 23:58:32,328 WARN  util.LeakDetector (LeakDetector.java:assertNoLeaks(171)) - 28/30) numLeaks == 1 > 0, will wait and retry ...
2024-10-16 23:58:33,328 WARN  util.ReferenceCountedLeakDetector (ReferenceCountedLeakDetector.java:logLeakMessage(167)) - LEAK: (class org.apache.ratis.proto.RaftProtos$AppendEntriesRequestProto, count=1, value=serverRequest {
  requestorId: "s14"
  replyId: "s3"
  raftGroupId {
    id: "\265\234\323\340\225\vF\277\262\372\374\340-\034\327|"
  }
  callId: 6797
}
leaderTerm: 1
previousLog {
  term: 1
  index: 120
}
leaderCommit: 120
commitInfos {
  server {
    id: "s14"
    address: "0.0.0.0:15029"
    clientAddress: "0.0.0.0:15029"
    adminAddress: "0.0.0.0:15029"
    startupRole: FOLLOWER
  }
  commitIndex: 120
}
commitInfos {
  server {
    id: "s3"
    address: "0.0.0.0:15018"
    clientAddress: "0.0.0.0:15018"
    adminAddress: "0.0.0.0:15018"
    startupRole: FOLLOWER
  }
  commitIndex: 120
}
commitInfos {
  server {
    id: "s2"
    address: "0.0.0.0:15017"
    clientAddress: "0.0.0.0:15017"
    adminAddress: "0.0.0.0:15017"
    startupRole: FOLLOWER
  }
  commitIndex: 120
}
)
2024-10-16 23:58:33,328 WARN  util.LeakDetector (LeakDetector.java:assertNoLeaks(171)) - 29/30) numLeaks == 1 > 0, will wait and retry ...
2024-10-16 23:58:34,329 WARN  util.ReferenceCountedLeakDetector (ReferenceCountedLeakDetector.java:logLeakMessage(167)) - LEAK: (class org.apache.ratis.proto.RaftProtos$AppendEntriesRequestProto, count=1, value=serverRequest {
  requestorId: "s14"
  replyId: "s3"
  raftGroupId {
    id: "\265\234\323\340\225\vF\277\262\372\374\340-\034\327|"
  }
  callId: 6797
}
leaderTerm: 1
previousLog {
  term: 1
  index: 120
}
leaderCommit: 120
commitInfos {
  server {
    id: "s14"
    address: "0.0.0.0:15029"
    clientAddress: "0.0.0.0:15029"
    adminAddress: "0.0.0.0:15029"
    startupRole: FOLLOWER
  }
  commitIndex: 120
}
commitInfos {
  server {
    id: "s3"
    address: "0.0.0.0:15018"
    clientAddress: "0.0.0.0:15018"
    adminAddress: "0.0.0.0:15018"
    startupRole: FOLLOWER
  }
  commitIndex: 120
}
commitInfos {
  server {
    id: "s2"
    address: "0.0.0.0:15017"
    clientAddress: "0.0.0.0:15017"
    adminAddress: "0.0.0.0:15017"
    startupRole: FOLLOWER
  }
  commitIndex: 120
}
)
]]></system-out>
  </testcase>
</testsuite>