<?xml version="1.0" encoding="UTF-8"?>
<testsuite xmlns:xsi="http://www.w3.org/2001/XMLSchema-instance" xsi:noNamespaceSchemaLocation="https://maven.apache.org/surefire/maven-surefire-plugin/xsd/surefire-test-report-3.0.xsd" version="3.0" name="org.apache.ratis.grpc.TestLeaderInstallSnapshotWithGrpc" time="25.518" tests="6" errors="0" skipped="0" failures="1">
  <properties>
    <property name="awt.toolkit" value="sun.awt.X11.XToolkit"/>
    <property name="file.encoding.pkg" value="sun.io"/>
    <property name="java.specification.version" value="1.8"/>
    <property name="sun.cpu.isalist" value=""/>
    <property name="sun.jnu.encoding" value="UTF-8"/>
    <property name="java.class.path" value="/home/runner/work/ratis/ratis/ratis-test/target/test-classes:/home/runner/work/ratis/ratis/ratis-test/target/classes:/home/runner/work/ratis/ratis/ratis-common/target/classes:/home/runner/.m2/repository/org/apache/ratis/ratis-thirdparty-misc/1.0.6/ratis-thirdparty-misc-1.0.6.jar:/home/runner/work/ratis/ratis/ratis-proto/target/classes:/home/runner/work/ratis/ratis/ratis-common/target/test-classes:/home/runner/work/ratis/ratis/ratis-client/target/classes:/home/runner/work/ratis/ratis/ratis-server/target/classes:/home/runner/work/ratis/ratis/ratis-server-api/target/classes:/home/runner/work/ratis/ratis/ratis-metrics-api/target/classes:/home/runner/work/ratis/ratis/ratis-server/target/test-classes:/home/runner/work/ratis/ratis/ratis-metrics-default/target/classes:/home/runner/work/ratis/ratis/ratis-netty/target/classes:/home/runner/work/ratis/ratis/ratis-netty/target/test-classes:/home/runner/work/ratis/ratis/ratis-grpc/target/classes:/home/runner/work/ratis/ratis/ratis-grpc/target/test-classes:/home/runner/work/ratis/ratis/ratis-shell/target/classes:/home/runner/.m2/repository/commons-cli/commons-cli/1.5.0/commons-cli-1.5.0.jar:/home/runner/.m2/repository/org/reflections/reflections/0.10.2/reflections-0.10.2.jar:/home/runner/.m2/repository/org/javassist/javassist/3.28.0-GA/javassist-3.28.0-GA.jar:/home/runner/.m2/repository/com/google/code/findbugs/jsr305/3.0.2/jsr305-3.0.2.jar:/home/runner/.m2/repository/org/bouncycastle/bcprov-jdk18on/1.78.1/bcprov-jdk18on-1.78.1.jar:/home/runner/.m2/repository/org/bouncycastle/bcpkix-jdk18on/1.78.1/bcpkix-jdk18on-1.78.1.jar:/home/runner/.m2/repository/org/bouncycastle/bcutil-jdk18on/1.78.1/bcutil-jdk18on-1.78.1.jar:/home/runner/.m2/repository/org/slf4j/slf4j-api/2.0.7/slf4j-api-2.0.7.jar:/home/runner/.m2/repository/org/slf4j/slf4j-reload4j/2.0.7/slf4j-reload4j-2.0.7.jar:/home/runner/.m2/repository/ch/qos/reload4j/reload4j/1.2.22/reload4j-1.2.22.jar:/home/runner/.m2/repository/junit/junit/4.13.2/junit-4.13.2.jar:/home/runner/.m2/repository/org/hamcrest/hamcrest-core/1.3/hamcrest-core-1.3.jar:/home/runner/.m2/repository/org/junit/jupiter/junit-jupiter-engine/5.10.1/junit-jupiter-engine-5.10.1.jar:/home/runner/.m2/repository/org/junit/platform/junit-platform-engine/1.10.1/junit-platform-engine-1.10.1.jar:/home/runner/.m2/repository/org/apiguardian/apiguardian-api/1.1.2/apiguardian-api-1.1.2.jar:/home/runner/.m2/repository/org/junit/jupiter/junit-jupiter-api/5.10.1/junit-jupiter-api-5.10.1.jar:/home/runner/.m2/repository/org/opentest4j/opentest4j/1.3.0/opentest4j-1.3.0.jar:/home/runner/.m2/repository/org/junit/platform/junit-platform-commons/1.10.1/junit-platform-commons-1.10.1.jar:/home/runner/.m2/repository/org/junit/jupiter/junit-jupiter-params/5.10.1/junit-jupiter-params-5.10.1.jar:/home/runner/.m2/repository/org/mockito/mockito-core/4.3.1/mockito-core-4.3.1.jar:/home/runner/.m2/repository/net/bytebuddy/byte-buddy/1.12.7/byte-buddy-1.12.7.jar:/home/runner/.m2/repository/net/bytebuddy/byte-buddy-agent/1.12.7/byte-buddy-agent-1.12.7.jar:/home/runner/.m2/repository/org/objenesis/objenesis/3.2/objenesis-3.2.jar:"/>
    <property name="java.vm.vendor" value="Temurin"/>
    <property name="sun.arch.data.model" value="64"/>
    <property name="java.vendor.url" value="https://adoptium.net/"/>
    <property name="user.timezone" value="Etc/UTC"/>
    <property name="java.vm.specification.version" value="1.8"/>
    <property name="os.name" value="Linux"/>
    <property name="sun.java.launcher" value="SUN_STANDARD"/>
    <property name="sun.boot.library.path" value="/usr/lib/jvm/temurin-8-jdk-amd64/jre/lib/amd64"/>
    <property name="sun.java.command" value="/home/runner/work/ratis/ratis/ratis-test/target/surefire/surefirebooter3121843540533843437.jar /home/runner/work/ratis/ratis/ratis-test/target/surefire 2024-09-14T09-38-25_802-jvmRun1 surefire5516428052917182507tmp surefire_05777481164867679599tmp"/>
    <property name="surefire.test.class.path" value="/home/runner/work/ratis/ratis/ratis-test/target/test-classes:/home/runner/work/ratis/ratis/ratis-test/target/classes:/home/runner/work/ratis/ratis/ratis-common/target/classes:/home/runner/.m2/repository/org/apache/ratis/ratis-thirdparty-misc/1.0.6/ratis-thirdparty-misc-1.0.6.jar:/home/runner/work/ratis/ratis/ratis-proto/target/classes:/home/runner/work/ratis/ratis/ratis-common/target/test-classes:/home/runner/work/ratis/ratis/ratis-client/target/classes:/home/runner/work/ratis/ratis/ratis-server/target/classes:/home/runner/work/ratis/ratis/ratis-server-api/target/classes:/home/runner/work/ratis/ratis/ratis-metrics-api/target/classes:/home/runner/work/ratis/ratis/ratis-server/target/test-classes:/home/runner/work/ratis/ratis/ratis-metrics-default/target/classes:/home/runner/work/ratis/ratis/ratis-netty/target/classes:/home/runner/work/ratis/ratis/ratis-netty/target/test-classes:/home/runner/work/ratis/ratis/ratis-grpc/target/classes:/home/runner/work/ratis/ratis/ratis-grpc/target/test-classes:/home/runner/work/ratis/ratis/ratis-shell/target/classes:/home/runner/.m2/repository/commons-cli/commons-cli/1.5.0/commons-cli-1.5.0.jar:/home/runner/.m2/repository/org/reflections/reflections/0.10.2/reflections-0.10.2.jar:/home/runner/.m2/repository/org/javassist/javassist/3.28.0-GA/javassist-3.28.0-GA.jar:/home/runner/.m2/repository/com/google/code/findbugs/jsr305/3.0.2/jsr305-3.0.2.jar:/home/runner/.m2/repository/org/bouncycastle/bcprov-jdk18on/1.78.1/bcprov-jdk18on-1.78.1.jar:/home/runner/.m2/repository/org/bouncycastle/bcpkix-jdk18on/1.78.1/bcpkix-jdk18on-1.78.1.jar:/home/runner/.m2/repository/org/bouncycastle/bcutil-jdk18on/1.78.1/bcutil-jdk18on-1.78.1.jar:/home/runner/.m2/repository/org/slf4j/slf4j-api/2.0.7/slf4j-api-2.0.7.jar:/home/runner/.m2/repository/org/slf4j/slf4j-reload4j/2.0.7/slf4j-reload4j-2.0.7.jar:/home/runner/.m2/repository/ch/qos/reload4j/reload4j/1.2.22/reload4j-1.2.22.jar:/home/runner/.m2/repository/junit/junit/4.13.2/junit-4.13.2.jar:/home/runner/.m2/repository/org/hamcrest/hamcrest-core/1.3/hamcrest-core-1.3.jar:/home/runner/.m2/repository/org/junit/jupiter/junit-jupiter-engine/5.10.1/junit-jupiter-engine-5.10.1.jar:/home/runner/.m2/repository/org/junit/platform/junit-platform-engine/1.10.1/junit-platform-engine-1.10.1.jar:/home/runner/.m2/repository/org/apiguardian/apiguardian-api/1.1.2/apiguardian-api-1.1.2.jar:/home/runner/.m2/repository/org/junit/jupiter/junit-jupiter-api/5.10.1/junit-jupiter-api-5.10.1.jar:/home/runner/.m2/repository/org/opentest4j/opentest4j/1.3.0/opentest4j-1.3.0.jar:/home/runner/.m2/repository/org/junit/platform/junit-platform-commons/1.10.1/junit-platform-commons-1.10.1.jar:/home/runner/.m2/repository/org/junit/jupiter/junit-jupiter-params/5.10.1/junit-jupiter-params-5.10.1.jar:/home/runner/.m2/repository/org/mockito/mockito-core/4.3.1/mockito-core-4.3.1.jar:/home/runner/.m2/repository/net/bytebuddy/byte-buddy/1.12.7/byte-buddy-1.12.7.jar:/home/runner/.m2/repository/net/bytebuddy/byte-buddy-agent/1.12.7/byte-buddy-agent-1.12.7.jar:/home/runner/.m2/repository/org/objenesis/objenesis/3.2/objenesis-3.2.jar:"/>
    <property name="sun.cpu.endian" value="little"/>
    <property name="user.home" value="/home/runner"/>
    <property name="user.language" value="en"/>
    <property name="java.specification.vendor" value="Oracle Corporation"/>
    <property name="java.home" value="/usr/lib/jvm/temurin-8-jdk-amd64/jre"/>
    <property name="basedir" value="/home/runner/work/ratis/ratis/ratis-test"/>
    <property name="file.separator" value="/"/>
    <property name="line.separator" value="&#10;"/>
    <property name="java.vm.specification.vendor" value="Oracle Corporation"/>
    <property name="java.specification.name" value="Java Platform API Specification"/>
    <property name="java.awt.graphicsenv" value="sun.awt.X11GraphicsEnvironment"/>
    <property name="surefire.real.class.path" value="/home/runner/work/ratis/ratis/ratis-test/target/surefire/surefirebooter3121843540533843437.jar:/home/runner/.m2/repository/org/jacoco/org.jacoco.agent/0.8.11/org.jacoco.agent-0.8.11-runtime.jar"/>
    <property name="sun.boot.class.path" value="/usr/lib/jvm/temurin-8-jdk-amd64/jre/lib/resources.jar:/usr/lib/jvm/temurin-8-jdk-amd64/jre/lib/rt.jar:/usr/lib/jvm/temurin-8-jdk-amd64/jre/lib/sunrsasign.jar:/usr/lib/jvm/temurin-8-jdk-amd64/jre/lib/jsse.jar:/usr/lib/jvm/temurin-8-jdk-amd64/jre/lib/jce.jar:/usr/lib/jvm/temurin-8-jdk-amd64/jre/lib/charsets.jar:/usr/lib/jvm/temurin-8-jdk-amd64/jre/lib/jfr.jar:/usr/lib/jvm/temurin-8-jdk-amd64/jre/classes"/>
    <property name="sun.management.compiler" value="HotSpot 64-Bit Tiered Compilers"/>
    <property name="java.runtime.version" value="1.8.0_422-b05"/>
    <property name="java.net.preferIPv4Stack" value="true"/>
    <property name="user.name" value="runner"/>
    <property name="path.separator" value=":"/>
    <property name="os.version" value="5.15.0-1071-azure"/>
    <property name="java.endorsed.dirs" value="/usr/lib/jvm/temurin-8-jdk-amd64/jre/lib/endorsed"/>
    <property name="java.runtime.name" value="OpenJDK Runtime Environment"/>
    <property name="file.encoding" value="UTF-8"/>
    <property name="java.vm.name" value="OpenJDK 64-Bit Server VM"/>
    <property name="localRepository" value="/home/runner/.m2/repository"/>
    <property name="java.vendor.url.bug" value="https://github.com/adoptium/adoptium-support/issues"/>
    <property name="java.io.tmpdir" value="/tmp"/>
    <property name="java.version" value="1.8.0_422"/>
    <property name="user.dir" value="/home/runner/work/ratis/ratis/ratis-test"/>
    <property name="os.arch" value="amd64"/>
    <property name="ratis.tmp.dir" value="/home/runner/work/ratis/ratis/ratis-test/target/tmp"/>
    <property name="java.vm.specification.name" value="Java Virtual Machine Specification"/>
    <property name="java.awt.printerjob" value="sun.print.PSPrinterJob"/>
    <property name="ratis.log.dir" value="/home/runner/work/ratis/ratis/ratis-test/target/log"/>
    <property name="sun.os.patch.level" value="unknown"/>
    <property name="org.apache.ratis.thirdparty.io.netty.allocator.useCacheForAllThreads" value="false"/>
    <property name="java.library.path" value="/usr/java/packages/lib/amd64:/usr/lib64:/lib64:/lib:/usr/lib"/>
    <property name="java.vm.info" value="mixed mode"/>
    <property name="java.vendor" value="Temurin"/>
    <property name="java.vm.version" value="25.422-b05"/>
    <property name="java.specification.maintenance.version" value="5"/>
    <property name="java.ext.dirs" value="/usr/lib/jvm/temurin-8-jdk-amd64/jre/lib/ext:/usr/java/packages/lib/ext"/>
    <property name="sun.io.unicode.encoding" value="UnicodeLittle"/>
    <property name="java.class.version" value="52.0"/>
  </properties>
  <testcase name="testMultiFileInstallSnapshot(Boolean)[1]" classname="org.apache.ratis.grpc.TestLeaderInstallSnapshotWithGrpc" time="4.899"/>
  <testcase name="testMultiFileInstallSnapshot(Boolean)[2]" classname="org.apache.ratis.grpc.TestLeaderInstallSnapshotWithGrpc" time="7.33">
    <failure type="java.lang.AssertionError"><![CDATA[java.lang.AssertionError
	at org.junit.Assert.fail(Assert.java:87)
	at org.junit.Assert.assertTrue(Assert.java:42)
	at org.junit.Assert.assertTrue(Assert.java:53)
	at org.apache.ratis.server.impl.RaftServerTestUtil.waitAndCheckNewConf(RaftServerTestUtil.java:121)
	at org.apache.ratis.server.impl.RaftServerTestUtil.lambda$waitAndCheckNewConf$3(RaftServerTestUtil.java:96)
	at org.apache.ratis.util.function.CheckedRunnable.lambda$asCheckedSupplier$0(CheckedRunnable.java:32)
	at org.apache.ratis.util.JavaUtils.lambda$attempt$7(JavaUtils.java:212)
	at org.apache.ratis.util.JavaUtils.attempt(JavaUtils.java:225)
	at org.apache.ratis.util.JavaUtils.attempt(JavaUtils.java:212)
	at org.apache.ratis.util.JavaUtils.attemptRepeatedly(JavaUtils.java:204)
	at org.apache.ratis.util.JavaUtils.attempt(JavaUtils.java:245)
	at org.apache.ratis.server.impl.RaftServerTestUtil.waitAndCheckNewConf(RaftServerTestUtil.java:96)
	at org.apache.ratis.InstallSnapshotFromLeaderTests.testMultiFileInstallSnapshot(InstallSnapshotFromLeaderTests.java:124)
	at org.apache.ratis.server.impl.MiniRaftCluster$Factory$Get.runWithNewCluster(MiniRaftCluster.java:143)
	at org.apache.ratis.server.impl.MiniRaftCluster$Factory$Get.runWithNewCluster(MiniRaftCluster.java:121)
	at org.apache.ratis.InstallSnapshotFromLeaderTests.testMultiFileInstallSnapshot(InstallSnapshotFromLeaderTests.java:84)
	at org.apache.ratis.grpc.TestLeaderInstallSnapshotWithGrpc.testMultiFileInstallSnapshot(TestLeaderInstallSnapshotWithGrpc.java:39)
	at java.lang.reflect.Method.invoke(Method.java:498)
	at java.util.stream.ForEachOps$ForEachOp$OfRef.accept(ForEachOps.java:183)
	at java.util.stream.ReferencePipeline$3$1.accept(ReferencePipeline.java:193)
	at java.util.stream.ReferencePipeline$2$1.accept(ReferencePipeline.java:175)
	at java.util.stream.ReferencePipeline$3$1.accept(ReferencePipeline.java:193)
	at java.util.stream.ForEachOps$ForEachOp$OfRef.accept(ForEachOps.java:183)
	at java.util.stream.ReferencePipeline$3$1.accept(ReferencePipeline.java:193)
	at java.util.stream.ReferencePipeline$3$1.accept(ReferencePipeline.java:193)
	at java.util.stream.ReferencePipeline$3$1.accept(ReferencePipeline.java:193)
	at java.util.stream.ForEachOps$ForEachOp$OfRef.accept(ForEachOps.java:183)
	at java.util.stream.ReferencePipeline$3$1.accept(ReferencePipeline.java:193)
	at java.util.Spliterators$ArraySpliterator.forEachRemaining(Spliterators.java:948)
	at java.util.stream.ReferencePipeline$Head.forEach(ReferencePipeline.java:647)
	at java.util.stream.ReferencePipeline$7$1.accept(ReferencePipeline.java:272)
	at java.util.stream.ReferencePipeline$3$1.accept(ReferencePipeline.java:193)
	at java.util.stream.ReferencePipeline$3$1.accept(ReferencePipeline.java:193)
	at java.util.stream.ReferencePipeline$3$1.accept(ReferencePipeline.java:193)
	at java.util.Spliterators$ArraySpliterator.forEachRemaining(Spliterators.java:948)
	at java.util.stream.AbstractPipeline.copyInto(AbstractPipeline.java:482)
	at java.util.stream.AbstractPipeline.wrapAndCopyInto(AbstractPipeline.java:472)
	at java.util.stream.ForEachOps$ForEachOp.evaluateSequential(ForEachOps.java:150)
	at java.util.stream.ForEachOps$ForEachOp$OfRef.evaluateSequential(ForEachOps.java:173)
	at java.util.stream.AbstractPipeline.evaluate(AbstractPipeline.java:234)
	at java.util.stream.ReferencePipeline.forEach(ReferencePipeline.java:485)
	at java.util.stream.ReferencePipeline$7$1.accept(ReferencePipeline.java:272)
	at java.util.stream.ReferencePipeline$3$1.accept(ReferencePipeline.java:193)
	at java.util.stream.ReferencePipeline$3$1.accept(ReferencePipeline.java:193)
	at java.util.stream.ReferencePipeline$3$1.accept(ReferencePipeline.java:193)
	at java.util.ArrayList$ArrayListSpliterator.forEachRemaining(ArrayList.java:1384)
	at java.util.stream.AbstractPipeline.copyInto(AbstractPipeline.java:482)
	at java.util.stream.AbstractPipeline.wrapAndCopyInto(AbstractPipeline.java:472)
	at java.util.stream.ForEachOps$ForEachOp.evaluateSequential(ForEachOps.java:150)
	at java.util.stream.ForEachOps$ForEachOp$OfRef.evaluateSequential(ForEachOps.java:173)
	at java.util.stream.AbstractPipeline.evaluate(AbstractPipeline.java:234)
	at java.util.stream.ReferencePipeline.forEach(ReferencePipeline.java:485)
	at java.util.stream.ReferencePipeline$7$1.accept(ReferencePipeline.java:272)
	at java.util.ArrayList$ArrayListSpliterator.forEachRemaining(ArrayList.java:1384)
	at java.util.stream.AbstractPipeline.copyInto(AbstractPipeline.java:482)
	at java.util.stream.AbstractPipeline.wrapAndCopyInto(AbstractPipeline.java:472)
	at java.util.stream.ForEachOps$ForEachOp.evaluateSequential(ForEachOps.java:150)
	at java.util.stream.ForEachOps$ForEachOp$OfRef.evaluateSequential(ForEachOps.java:173)
	at java.util.stream.AbstractPipeline.evaluate(AbstractPipeline.java:234)
	at java.util.stream.ReferencePipeline.forEach(ReferencePipeline.java:485)
	at java.util.ArrayList.forEach(ArrayList.java:1259)
	at java.util.ArrayList.forEach(ArrayList.java:1259)
]]></failure>
    <system-out><![CDATA[2024-09-14 09:39:01,359 [main] INFO  util.LogUtils (Slf4jUtils.java:setLogLevel(38)) - Successfully set org.apache.ratis.conf.ConfUtils log level to WARN
2024-09-14 09:39:01,360 [main] INFO  util.LogUtils (Slf4jUtils.java:setLogLevel(38)) - Successfully set org.apache.ratis.util.FileUtils log level to TRACE
2024-09-14 09:39:01,362 [main] INFO  impl.MiniRaftCluster (MiniRaftCluster.java:runWithNewCluster(137)) - Running runWithNewCluster
2024-09-14 09:39:01,362 [main] INFO  impl.MiniRaftCluster (MiniRaftCluster.java:<init>(309)) - new MiniRaftClusterWithGrpc with group-3CC9820BBA4E:[s0|localhost:15006]
2024-09-14 09:39:01,362 [main] INFO  impl.MiniRaftCluster (MiniRaftCluster.java:start(342)) - .............................................................. 
2024-09-14 09:39:01,363 [main] INFO  impl.MiniRaftCluster (MiniRaftCluster.java:start(343)) - ... 
2024-09-14 09:39:01,363 [main] INFO  impl.MiniRaftCluster (MiniRaftCluster.java:start(344)) - ...     Starting MiniRaftClusterWithGrpc
2024-09-14 09:39:01,363 [main] INFO  impl.MiniRaftCluster (MiniRaftCluster.java:start(345)) - ... 
2024-09-14 09:39:01,363 [main] INFO  impl.MiniRaftCluster (MiniRaftCluster.java:start(346)) - .............................................................. 
2024-09-14 09:39:01,363 [main] INFO  impl.MiniRaftCluster (MiniRaftCluster.java:initServers(321)) - servers = {}
2024-09-14 09:39:01,363 [main] INFO  impl.MiniRaftCluster (MiniRaftCluster.java:newRaftServer(386)) - newRaftServer: s0, group-3CC9820BBA4E:[s0|localhost:15006], format? true
2024-09-14 09:39:01,364 [main] TRACE util.FileUtils (FileUtils.java:deleteFully(305)) - deleteFully target/test/data/c75294bd/MiniRaftClusterWithGrpc437c29fe/s0
2024-09-14 09:39:01,364 [main] TRACE util.FileUtils (FileUtils.java:deleteFully(318)) - deleteFully: target/test/data/c75294bd/MiniRaftClusterWithGrpc437c29fe/s0 does not exist.
2024-09-14 09:39:01,364 [main] INFO  impl.MiniRaftCluster (MiniRaftCluster.java:newRaftServer(391)) - Formatted directory target/test/data/c75294bd/MiniRaftClusterWithGrpc437c29fe/s0
2024-09-14 09:39:01,364 [main] INFO  server.RaftServer (ConfUtils.java:logGet(46)) - raft.rpc.type = GRPC (default)
2024-09-14 09:39:01,365 [main] INFO  grpc.GrpcConfigKeys (ConfUtils.java:logFallback(53)) - raft.grpc.admin.host = null (fallback to raft.grpc.server.host)
2024-09-14 09:39:01,365 [main] INFO  grpc.GrpcConfigKeys (ConfUtils.java:logGet(46)) - raft.grpc.admin.port = 15007 (custom)
2024-09-14 09:39:01,365 [main] INFO  grpc.GrpcConfigKeys (ConfUtils.java:logFallback(53)) - raft.grpc.client.host = null (fallback to raft.grpc.server.host)
2024-09-14 09:39:01,365 [main] INFO  grpc.GrpcConfigKeys (ConfUtils.java:logGet(46)) - raft.grpc.client.port = 15008 (custom)
2024-09-14 09:39:01,365 [main] INFO  grpc.GrpcConfigKeys (ConfUtils.java:logGet(46)) - raft.grpc.server.host = null (default)
2024-09-14 09:39:01,366 [main] INFO  grpc.GrpcConfigKeys (ConfUtils.java:logGet(46)) - raft.grpc.server.port = 15006 (custom)
2024-09-14 09:39:01,366 [main] INFO  server.GrpcService (ConfUtils.java:logGet(46)) - raft.grpc.message.size.max = 64MB (=67108864) (default)
2024-09-14 09:39:01,366 [main] INFO  server.GrpcService (ConfUtils.java:logGet(46)) - raft.grpc.flow.control.window = 1MB (=1048576) (default)
2024-09-14 09:39:01,366 [main] INFO  server.RaftServerConfigKeys (ConfUtils.java:logGet(46)) - raft.server.rpc.request.timeout = 3000ms (default)
2024-09-14 09:39:01,366 [main] INFO  grpc.GrpcConfigKeys (ConfUtils.java:logGet(46)) - raft.grpc.server.heartbeat.channel = true (default)
2024-09-14 09:39:01,366 [main] INFO  grpc.GrpcConfigKeys (ConfUtils.java:logGet(46)) - raft.grpc.server.zerocopy.enabled = true (custom)
2024-09-14 09:39:01,367 [main] INFO  server.RaftServerConfigKeys (ConfUtils.java:logGet(46)) - raft.server.log.appender.buffer.byte-limit = 4MB (=4194304) (default)
2024-09-14 09:39:01,367 [main] INFO  grpc.GrpcConfigKeys (ConfUtils.java:logGet(46)) - raft.grpc.server.async.request.thread.pool.cached = true (default)
2024-09-14 09:39:01,367 [main] INFO  grpc.GrpcConfigKeys (ConfUtils.java:logGet(46)) - raft.grpc.server.async.request.thread.pool.size = 32 (default)
2024-09-14 09:39:01,370 [main] INFO  impl.DataStreamServerImpl (ConfUtils.java:logGet(46)) - raft.datastream.type = DISABLED (default)
2024-09-14 09:39:01,370 [main] INFO  server.RaftServerConfigKeys (ConfUtils.java:logGet(46)) - raft.server.sleep.deviation.threshold = 300ms (default)
2024-09-14 09:39:01,370 [main] INFO  server.RaftServerConfigKeys (ConfUtils.java:logGet(46)) - raft.server.close.threshold = 60s (default)
2024-09-14 09:39:01,371 [main] INFO  server.RaftServerConfigKeys (ConfUtils.java:logGet(46)) - raft.server.leaderelection.leader.step-down.wait-time = 10s (default)
2024-09-14 09:39:01,371 [main] INFO  server.RaftServerConfigKeys (ConfUtils.java:logGet(46)) - raft.server.storage.dir = [/home/runner/work/ratis/ratis/ratis-test/target/test/data/c75294bd/MiniRaftClusterWithGrpc437c29fe/s0] (custom)
2024-09-14 09:39:01,371 [main] INFO  server.RaftServerConfigKeys (ConfUtils.java:logGet(46)) - raft.server.threadpool.proxy.cached = true (default)
2024-09-14 09:39:01,372 [main] INFO  server.RaftServerConfigKeys (ConfUtils.java:logGet(46)) - raft.server.threadpool.proxy.size = 0 (default)
2024-09-14 09:39:01,372 [main] INFO  server.RaftServer (RaftServerProxy.java:addNew(101)) - s0: addNew group-3CC9820BBA4E:[s0|localhost:15006] returns group-3CC9820BBA4E:java.util.concurrent.CompletableFuture@40477d52[Not completed]
2024-09-14 09:39:01,372 [s0-groupManagement] INFO  server.RaftServerConfigKeys (ConfUtils.java:logGet(46)) - raft.server.log.segment.size.max = 32MB (=33554432) (default)
2024-09-14 09:39:01,373 [s0-groupManagement] INFO  server.RaftServerConfigKeys (ConfUtils.java:logGet(46)) - raft.server.log.preallocated.size = 4MB (=4194304) (default)
2024-09-14 09:39:01,373 [s0-groupManagement] INFO  server.RaftServerConfigKeys (ConfUtils.java:logGet(46)) - raft.server.log.write.buffer.size = 8MB (=8388608) (default)
2024-09-14 09:39:01,373 [s0-groupManagement] INFO  server.RaftServer$Division (RaftServerImpl.java:<init>(255)) - s0: new RaftServerImpl for group-3CC9820BBA4E:[s0|localhost:15006] with StateMachineWithMultiNestedSnapshotFile:uninitialized
2024-09-14 09:39:01,373 [s0-groupManagement] INFO  server.RaftServerConfigKeys (ConfUtils.java:logGet(46)) - raft.server.rpc.timeout.min = 150ms (default)
2024-09-14 09:39:01,373 [s0-groupManagement] INFO  server.RaftServerConfigKeys (ConfUtils.java:logGet(46)) - raft.server.rpc.timeout.max = 300ms (default)
2024-09-14 09:39:01,373 [s0-groupManagement] INFO  server.RaftServerConfigKeys (ConfUtils.java:logGet(46)) - raft.server.rpc.sleep.time = 25ms (default)
2024-09-14 09:39:01,373 [s0-groupManagement] INFO  server.RaftServerConfigKeys (ConfUtils.java:logGet(46)) - raft.server.rpc.slowness.timeout = 60s (default)
2024-09-14 09:39:01,373 [s0-groupManagement] INFO  server.RaftServerConfigKeys (ConfUtils.java:logGet(46)) - raft.server.leaderelection.leader.step-down.wait-time = 10s (default)
2024-09-14 09:39:01,373 [s0-groupManagement] INFO  server.RaftServerConfigKeys (ConfUtils.java:logGet(46)) - raft.server.leaderelection.member.majority-add = true (custom)
2024-09-14 09:39:01,374 [s0-groupManagement] INFO  server.RaftServerConfigKeys (ConfUtils.java:logGet(46)) - raft.server.sleep.deviation.threshold = 300ms (default)
2024-09-14 09:39:01,374 [s0-groupManagement] INFO  server.RaftServer$Division (ServerState.java:<init>(114)) - s0@group-3CC9820BBA4E: ConfigurationManager, init=conf: {index: -1, cur=peers:[s0|localhost:15006]|listeners:[], old=null}, confs=<EMPTY_MAP>
2024-09-14 09:39:01,374 [s0-groupManagement] INFO  server.RaftServerConfigKeys (ConfUtils.java:logGet(46)) - raft.server.notification.no-leader.timeout = 60s (default)
2024-09-14 09:39:01,374 [s0-groupManagement] INFO  server.RaftServerConfigKeys (ConfUtils.java:logGet(46)) - raft.server.read.timeout = 10s (default)
2024-09-14 09:39:01,374 [s0-groupManagement] INFO  server.RaftServerConfigKeys (ConfUtils.java:logGet(46)) - raft.server.retrycache.expirytime = 60s (default)
2024-09-14 09:39:01,374 [s0-groupManagement] INFO  server.RaftServerConfigKeys (ConfUtils.java:logGet(46)) - raft.server.retrycache.statistics.expirytime = 100ms (default)
2024-09-14 09:39:01,374 [s0-groupManagement] INFO  server.RaftServerConfigKeys (ConfUtils.java:logGet(46)) - raft.server.read.option = DEFAULT (default)
2024-09-14 09:39:01,374 [s0-groupManagement] INFO  server.RaftServerConfigKeys (ConfUtils.java:logGet(46)) - raft.server.read.read-after-write-consistent.write-index-cache.expiry-time = 60s (default)
2024-09-14 09:39:01,377 [s0-groupManagement] INFO  server.RaftServerConfigKeys (ConfUtils.java:logGet(46)) - raft.server.rpc.request.timeout = 3000ms (default)
2024-09-14 09:39:01,377 [s0-groupManagement] INFO  server.RaftServerConfigKeys (ConfUtils.java:logGet(46)) - raft.server.log.appender.install.snapshot.enabled = true (default)
2024-09-14 09:39:01,377 [s0-groupManagement] INFO  server.RaftServerConfigKeys (ConfUtils.java:logGet(46)) - raft.server.threadpool.server.cached = true (default)
2024-09-14 09:39:01,377 [s0-groupManagement] INFO  server.RaftServerConfigKeys (ConfUtils.java:logGet(46)) - raft.server.threadpool.server.size = 0 (default)
2024-09-14 09:39:01,377 [s0-groupManagement] INFO  server.RaftServerConfigKeys (ConfUtils.java:logGet(46)) - raft.server.threadpool.client.cached = true (default)
2024-09-14 09:39:01,377 [s0-groupManagement] INFO  server.RaftServerConfigKeys (ConfUtils.java:logGet(46)) - raft.server.threadpool.client.size = 0 (default)
2024-09-14 09:39:01,378 [s0-impl-thread1] INFO  server.RaftServerConfigKeys (ConfUtils.java:logGet(46)) - raft.server.storage.free-space.min = 0MB (=0) (default)
2024-09-14 09:39:01,378 [s0-impl-thread1] INFO  server.RaftServerConfigKeys (ConfUtils.java:logGet(46)) - raft.server.log.corruption.policy = EXCEPTION (default)
2024-09-14 09:39:01,378 [s0-impl-thread1] INFO  server.RaftServerConfigKeys (ConfUtils.java:logGet(46)) - raft.server.storage.dir = [/home/runner/work/ratis/ratis/ratis-test/target/test/data/c75294bd/MiniRaftClusterWithGrpc437c29fe/s0] (custom)
2024-09-14 09:39:01,378 [s0-impl-thread1] INFO  storage.RaftStorageDirectory (RaftStorageDirectoryImpl.java:analyzeStorage(138)) - The storage directory /home/runner/work/ratis/ratis/ratis-test/target/test/data/c75294bd/MiniRaftClusterWithGrpc437c29fe/s0/ba30cfb9-f514-478c-92bf-3cc9820bba4e does not exist. Creating ...
2024-09-14 09:39:01,378 [s0-impl-thread1] TRACE util.FileUtils (LogUtils.java:runAndLog(49)) - Successfully ran Files.createDirectories /home/runner/work/ratis/ratis/ratis-test/target/test/data/c75294bd/MiniRaftClusterWithGrpc437c29fe/s0/ba30cfb9-f514-478c-92bf-3cc9820bba4e
2024-09-14 09:39:01,380 [s0-impl-thread1] INFO  storage.RaftStorageDirectory (RaftStorageDirectoryImpl.java:tryLock(229)) - Lock on /home/runner/work/ratis/ratis/ratis-test/target/test/data/c75294bd/MiniRaftClusterWithGrpc437c29fe/s0/ba30cfb9-f514-478c-92bf-3cc9820bba4e/in_use.lock acquired by nodename 2411@fv-az1394-75
2024-09-14 09:39:01,380 [s0-impl-thread1] TRACE util.FileUtils (LogUtils.java:runAndLog(49)) - Successfully ran Files.createDirectories /home/runner/work/ratis/ratis/ratis-test/target/test/data/c75294bd/MiniRaftClusterWithGrpc437c29fe/s0/ba30cfb9-f514-478c-92bf-3cc9820bba4e/current
2024-09-14 09:39:01,380 [s0-impl-thread1] TRACE util.FileUtils (LogUtils.java:runAndLog(49)) - Successfully ran Files.createDirectories /home/runner/work/ratis/ratis/ratis-test/target/test/data/c75294bd/MiniRaftClusterWithGrpc437c29fe/s0/ba30cfb9-f514-478c-92bf-3cc9820bba4e/sm
2024-09-14 09:39:01,380 [s0-impl-thread1] TRACE util.FileUtils (LogUtils.java:supplyAndLog(69)) - Successfully supplied FileChannel.open /home/runner/work/ratis/ratis/ratis-test/target/test/data/c75294bd/MiniRaftClusterWithGrpc437c29fe/s0/ba30cfb9-f514-478c-92bf-3cc9820bba4e/current/raft-meta.tmp with options [CREATE, WRITE]: sun.nio.ch.FileChannelImpl@4fb64b4e
2024-09-14 09:39:01,381 [s0-impl-thread1] TRACE util.FileUtils (LogUtils.java:runAndLog(49)) - Successfully ran Atomic Files.move /home/runner/work/ratis/ratis/ratis-test/target/test/data/c75294bd/MiniRaftClusterWithGrpc437c29fe/s0/ba30cfb9-f514-478c-92bf-3cc9820bba4e/current/raft-meta.tmp to /home/runner/work/ratis/ratis/ratis-test/target/test/data/c75294bd/MiniRaftClusterWithGrpc437c29fe/s0/ba30cfb9-f514-478c-92bf-3cc9820bba4e/current/raft-meta with options [REPLACE_EXISTING]
2024-09-14 09:39:01,381 [s0-impl-thread1] INFO  storage.RaftStorage (RaftStorageImpl.java:format(98)) - Storage directory /home/runner/work/ratis/ratis/ratis-test/target/test/data/c75294bd/MiniRaftClusterWithGrpc437c29fe/s0/ba30cfb9-f514-478c-92bf-3cc9820bba4e has been successfully formatted.
2024-09-14 09:39:01,382 [s0-impl-thread1] INFO  impl.SimpleStateMachine4Testing (SimpleStateMachine4Testing.java:initialize(215)) - Initializing StateMachineWithMultiNestedSnapshotFile:uninitialized
2024-09-14 09:39:01,382 [s0-impl-thread1] INFO  impl.SimpleStateMachine4Testing (SimpleStateMachine4Testing.java:loadSnapshot(300)) - Loading snapshot null
2024-09-14 09:39:01,382 [s0-impl-thread1] INFO  server.RaftServerConfigKeys (ConfUtils.java:logGet(46)) - raft.server.log.use.memory = false (default)
2024-09-14 09:39:01,382 [s0-impl-thread1] INFO  server.RaftServerConfigKeys (ConfUtils.java:logGet(46)) - raft.server.log.purge.gap = 8 (custom)
2024-09-14 09:39:01,382 [s0-impl-thread1] INFO  server.RaftServerConfigKeys (ConfUtils.java:logGet(46)) - raft.server.log.appender.buffer.byte-limit = 4MB (=4194304) (default)
2024-09-14 09:39:01,382 [s0-impl-thread1] INFO  server.RaftServerConfigKeys (ConfUtils.java:logGet(46)) - raft.server.log.statemachine.data.read.timeout = 1000ms (default)
2024-09-14 09:39:01,382 [s0-impl-thread1] INFO  server.RaftServerConfigKeys (ConfUtils.java:logGet(46)) - raft.server.log.purge.preservation.log.num = 0 (default)
2024-09-14 09:39:01,383 [s0-impl-thread1] INFO  server.RaftServerConfigKeys (ConfUtils.java:logGet(46)) - raft.server.log.segment.size.max = 32MB (=33554432) (default)
2024-09-14 09:39:01,384 [s0-impl-thread1] INFO  server.RaftServerConfigKeys (ConfUtils.java:logGet(46)) - raft.server.log.segment.cache.num.max = 6 (default)
2024-09-14 09:39:01,384 [s0-impl-thread1] INFO  server.RaftServerConfigKeys (ConfUtils.java:logGet(46)) - raft.server.log.segment.cache.size.max = 200MB (=209715200) (default)
2024-09-14 09:39:01,384 [s0-impl-thread1] INFO  server.RaftServerConfigKeys (ConfUtils.java:logGet(46)) - raft.server.log.appender.buffer.byte-limit = 4MB (=4194304) (default)
2024-09-14 09:39:01,384 [s0-impl-thread1] INFO  util.AwaitToRun (AwaitToRun.java:start(81)) - Thread[s0@group-3CC9820BBA4E-cacheEviction-AwaitToRun,5,main] started
2024-09-14 09:39:01,384 [s0-impl-thread1] INFO  segmented.SegmentedRaftLogWorker (SegmentedRaftLogWorker.java:<init>(187)) - new s0@group-3CC9820BBA4E-SegmentedRaftLogWorker for RaftStorageImpl:Storage Directory /home/runner/work/ratis/ratis/ratis-test/target/test/data/c75294bd/MiniRaftClusterWithGrpc437c29fe/s0/ba30cfb9-f514-478c-92bf-3cc9820bba4e
2024-09-14 09:39:01,384 [s0-impl-thread1] INFO  server.RaftServerConfigKeys (ConfUtils.java:logGet(46)) - raft.server.log.queue.byte-limit = 64MB (=67108864) (default)
2024-09-14 09:39:01,384 [s0-impl-thread1] INFO  server.RaftServerConfigKeys (ConfUtils.java:logGet(46)) - raft.server.log.queue.element-limit = 4096 (default)
2024-09-14 09:39:01,384 [s0-impl-thread1] INFO  server.RaftServerConfigKeys (ConfUtils.java:logGet(46)) - raft.server.log.segment.size.max = 32MB (=33554432) (default)
2024-09-14 09:39:01,384 [s0-impl-thread1] INFO  server.RaftServerConfigKeys (ConfUtils.java:logGet(46)) - raft.server.log.preallocated.size = 4MB (=4194304) (default)
2024-09-14 09:39:01,384 [s0-impl-thread1] INFO  server.RaftServerConfigKeys (ConfUtils.java:logGet(46)) - raft.server.log.force.sync.num = 128 (default)
2024-09-14 09:39:01,384 [s0-impl-thread1] INFO  server.RaftServerConfigKeys (ConfUtils.java:logGet(46)) - raft.server.log.statemachine.data.sync = true (default)
2024-09-14 09:39:01,385 [s0-impl-thread1] INFO  server.RaftServerConfigKeys (ConfUtils.java:logGet(46)) - raft.server.log.statemachine.data.sync.timeout = 10s (default)
2024-09-14 09:39:01,385 [s0-impl-thread1] INFO  server.RaftServerConfigKeys (ConfUtils.java:logGet(46)) - raft.server.log.statemachine.data.sync.timeout.retry = -1 (default)
2024-09-14 09:39:01,385 [s0-impl-thread1] INFO  server.RaftServerConfigKeys (ConfUtils.java:logGet(46)) - raft.server.log.write.buffer.size = 8MB (=8388608) (default)
2024-09-14 09:39:01,387 [s0-impl-thread1] INFO  server.RaftServerConfigKeys (ConfUtils.java:logGet(46)) - raft.server.log.appender.buffer.byte-limit = 4MB (=4194304) (default)
2024-09-14 09:39:01,387 [s0-impl-thread1] INFO  server.RaftServerConfigKeys (ConfUtils.java:logGet(46)) - raft.server.log.unsafe-flush.enabled = false (default)
2024-09-14 09:39:01,387 [s0-impl-thread1] INFO  server.RaftServerConfigKeys (ConfUtils.java:logGet(46)) - raft.server.log.async-flush.enabled = false (default)
2024-09-14 09:39:01,387 [s0-impl-thread1] INFO  server.RaftServerConfigKeys (ConfUtils.java:logGet(46)) - raft.server.log.statemachine.data.caching.enabled = false (default)
2024-09-14 09:39:01,387 [s0-impl-thread1] INFO  segmented.SegmentedRaftLogWorker (SegmentedRaftLogWorker.java:lambda$new$0(138)) - s0@group-3CC9820BBA4E-SegmentedRaftLogWorker: flushIndex: setUnconditionally 0 -> -1
2024-09-14 09:39:01,387 [s0-impl-thread1] INFO  segmented.SegmentedRaftLogWorker (SegmentedRaftLogWorker.java:lambda$new$0(138)) - s0@group-3CC9820BBA4E-SegmentedRaftLogWorker: safeCacheEvictIndex: setUnconditionally 0 -> -1
2024-09-14 09:39:01,388 [s0-impl-thread1] INFO  server.RaftServer$Division (RaftServerImpl.java:start(391)) - s0@group-3CC9820BBA4E: start as a follower, conf=conf: {index: -1, cur=peers:[s0|localhost:15006]|listeners:[], old=null}
2024-09-14 09:39:01,388 [s0-impl-thread1] INFO  server.RaftServer$Division (RaftServerImpl.java:setRole(378)) - s0@group-3CC9820BBA4E: changes role from      null to FOLLOWER at term 0 for startAsFollower
2024-09-14 09:39:01,388 [s0-impl-thread1] INFO  impl.RoleInfo (RoleInfo.java:updateAndGet(148)) - s0: start s0@group-3CC9820BBA4E-FollowerState
2024-09-14 09:39:01,388 [s0@group-3CC9820BBA4E-FollowerState] INFO  server.RaftServerConfigKeys (ConfUtils.java:logFallback(53)) - raft.server.rpc.first-election.timeout.min = 150ms (fallback to raft.server.rpc.timeout.min)
2024-09-14 09:39:01,388 [s0-impl-thread1] INFO  util.JmxRegister (JmxRegister.java:tryRegister(44)) - Successfully registered JMX Bean with object name Ratis:service=RaftServer,group=group-3CC9820BBA4E,id=s0
2024-09-14 09:39:01,389 [s0-impl-thread1] INFO  util.JmxRegister (JmxRegister.java:register(58)) - register mxBean class org.apache.ratis.server.impl.RaftServerJmxAdapter as Ratis:service=RaftServer,group=group-3CC9820BBA4E,id=s0
2024-09-14 09:39:01,389 [s0@group-3CC9820BBA4E-FollowerState] INFO  server.RaftServerConfigKeys (ConfUtils.java:logFallback(53)) - raft.server.rpc.first-election.timeout.max = 300ms (fallback to raft.server.rpc.timeout.max)
2024-09-14 09:39:01,389 [s0-impl-thread1] INFO  server.RaftServerConfigKeys (ConfUtils.java:logGet(46)) - raft.server.snapshot.trigger-when-stop.enabled = true (default)
2024-09-14 09:39:01,389 [s0-impl-thread1] INFO  server.RaftServerConfigKeys (ConfUtils.java:logGet(46)) - raft.server.snapshot.trigger-when-remove.enabled = true (default)
2024-09-14 09:39:01,389 [s0-impl-thread1] INFO  server.RaftServerConfigKeys (ConfUtils.java:logGet(46)) - raft.server.snapshot.auto.trigger.enabled = true (custom)
2024-09-14 09:39:01,389 [s0-impl-thread1] INFO  server.RaftServerConfigKeys (ConfUtils.java:logGet(46)) - raft.server.snapshot.auto.trigger.threshold = 64 (custom)
2024-09-14 09:39:01,389 [s0-impl-thread1] INFO  server.RaftServerConfigKeys (ConfUtils.java:logGet(46)) - raft.server.snapshot.retention.file.num = -1 (default)
2024-09-14 09:39:01,389 [s0-impl-thread1] INFO  server.RaftServerConfigKeys (ConfUtils.java:logGet(46)) - raft.server.log.purge.upto.snapshot.index = false (default)
2024-09-14 09:39:01,390 [main] INFO  server.RaftServer (RaftServerProxy.java:startImpl(408)) - s0: start RPC server
2024-09-14 09:39:01,392 [main] INFO  server.GrpcService (GrpcService.java:startImpl(340)) - s0: GrpcService started, listening on 15008
2024-09-14 09:39:01,394 [main] INFO  server.GrpcService (GrpcService.java:startImpl(340)) - s0: GrpcService started, listening on 15006
2024-09-14 09:39:01,398 [main] INFO  server.GrpcService (GrpcService.java:startImpl(340)) - s0: GrpcService started, listening on 15007
2024-09-14 09:39:01,398 [JvmPauseMonitor3] INFO  util.JvmPauseMonitor (JvmPauseMonitor.java:run(146)) - JvmPauseMonitor-s0: Started
2024-09-14 09:39:01,398 [main] INFO  server.RaftServerConfigKeys (ConfUtils.java:logGet(46)) - raft.server.rpc.timeout.max = 300ms (default)
2024-09-14 09:39:01,398 [main] INFO  ratis.RaftTestUtil (RaftTestUtil.java:waitForLeader(107)) - printing ALL groups
  s0:  RUNNING  FOLLOWER s0@group-3CC9820BBA4E:t0, leader=null, voted=, raftlog=Memoized:s0@group-3CC9820BBA4E-SegmentedRaftLog:OPENED:c-1:lastnull, conf=conf: {index: -1, cur=peers:[s0|localhost:15006]|listeners:[], old=null} RUNNING
2024-09-14 09:39:01,399 [main] WARN  ratis.RaftTestUtil (RaftTestUtil.java:lambda$waitForLeader$3(126)) - Attempt #1 failed: java.lang.IllegalStateException: No leader yet : printing ALL groups
  s0:  RUNNING  FOLLOWER s0@group-3CC9820BBA4E:t0, leader=null, voted=, raftlog=Memoized:s0@group-3CC9820BBA4E-SegmentedRaftLog:OPENED:c-1:lastnull, conf=conf: {index: -1, cur=peers:[s0|localhost:15006]|listeners:[], old=null} RUNNING
2024-09-14 09:39:01,658 [s0@group-3CC9820BBA4E-FollowerState] INFO  impl.FollowerState (FollowerState.java:run(144)) - s0@group-3CC9820BBA4E-FollowerState: change to CANDIDATE, lastRpcElapsedTime:270380947ns, electionTimeout:269ms
2024-09-14 09:39:01,658 [s0@group-3CC9820BBA4E-FollowerState] INFO  impl.RoleInfo (RoleInfo.java:shutdownFollowerState(119)) - s0: shutdown s0@group-3CC9820BBA4E-FollowerState
2024-09-14 09:39:01,658 [s0@group-3CC9820BBA4E-FollowerState] INFO  server.RaftServer$Division (RaftServerImpl.java:setRole(378)) - s0@group-3CC9820BBA4E: changes role from  FOLLOWER to CANDIDATE at term 0 for changeToCandidate
2024-09-14 09:39:01,659 [s0@group-3CC9820BBA4E-FollowerState] INFO  server.RaftServerConfigKeys (ConfUtils.java:logGet(46)) - raft.server.leaderelection.pre-vote = true (default)
2024-09-14 09:39:01,659 [s0@group-3CC9820BBA4E-FollowerState] INFO  impl.RoleInfo (RoleInfo.java:updateAndGet(148)) - s0: start s0@group-3CC9820BBA4E-LeaderElection2
2024-09-14 09:39:01,659 [s0@group-3CC9820BBA4E-LeaderElection2] INFO  impl.LeaderElection (LeaderElection.java:askForVotes(325)) - s0@group-3CC9820BBA4E-LeaderElection2 PRE_VOTE round 0: submit vote requests at term 0 for conf: {index: -1, cur=peers:[s0|localhost:15006]|listeners:[], old=null}
2024-09-14 09:39:01,660 [s0@group-3CC9820BBA4E-LeaderElection2] INFO  impl.LeaderElection (LeaderElection.java:askForVotes(327)) - s0@group-3CC9820BBA4E-LeaderElection2 PRE_VOTE round 0: result PASSED (term=0)
2024-09-14 09:39:01,660 [s0@group-3CC9820BBA4E-LeaderElection2] TRACE util.FileUtils (LogUtils.java:supplyAndLog(69)) - Successfully supplied FileChannel.open /home/runner/work/ratis/ratis/ratis-test/target/test/data/c75294bd/MiniRaftClusterWithGrpc437c29fe/s0/ba30cfb9-f514-478c-92bf-3cc9820bba4e/current/raft-meta.tmp with options [CREATE, WRITE]: sun.nio.ch.FileChannelImpl@5fa9d17a
2024-09-14 09:39:01,661 [s0@group-3CC9820BBA4E-LeaderElection2] TRACE util.FileUtils (LogUtils.java:runAndLog(49)) - Successfully ran Atomic Files.move /home/runner/work/ratis/ratis/ratis-test/target/test/data/c75294bd/MiniRaftClusterWithGrpc437c29fe/s0/ba30cfb9-f514-478c-92bf-3cc9820bba4e/current/raft-meta.tmp to /home/runner/work/ratis/ratis/ratis-test/target/test/data/c75294bd/MiniRaftClusterWithGrpc437c29fe/s0/ba30cfb9-f514-478c-92bf-3cc9820bba4e/current/raft-meta with options [REPLACE_EXISTING]
2024-09-14 09:39:01,661 [s0@group-3CC9820BBA4E-LeaderElection2] INFO  impl.LeaderElection (LeaderElection.java:askForVotes(325)) - s0@group-3CC9820BBA4E-LeaderElection2 ELECTION round 0: submit vote requests at term 1 for conf: {index: -1, cur=peers:[s0|localhost:15006]|listeners:[], old=null}
2024-09-14 09:39:01,661 [s0@group-3CC9820BBA4E-LeaderElection2] INFO  impl.LeaderElection (LeaderElection.java:askForVotes(327)) - s0@group-3CC9820BBA4E-LeaderElection2 ELECTION round 0: result PASSED (term=1)
2024-09-14 09:39:01,661 [s0@group-3CC9820BBA4E-LeaderElection2] INFO  impl.RoleInfo (RoleInfo.java:shutdownLeaderElection(139)) - s0: shutdown s0@group-3CC9820BBA4E-LeaderElection2
2024-09-14 09:39:01,661 [s0@group-3CC9820BBA4E-LeaderElection2] INFO  server.RaftServer$Division (RaftServerImpl.java:setRole(378)) - s0@group-3CC9820BBA4E: changes role from CANDIDATE to LEADER at term 1 for changeToLeader
2024-09-14 09:39:01,661 [s0@group-3CC9820BBA4E-LeaderElection2] INFO  server.RaftServerConfigKeys (ConfUtils.java:logGet(46)) - raft.server.staging.catchup.gap = 1000 (default)
2024-09-14 09:39:01,662 [s0@group-3CC9820BBA4E-LeaderElection2] INFO  server.RaftServerConfigKeys (ConfUtils.java:logGet(46)) - raft.server.write.element-limit = 4096 (default)
2024-09-14 09:39:01,662 [s0@group-3CC9820BBA4E-LeaderElection2] INFO  server.RaftServerConfigKeys (ConfUtils.java:logGet(46)) - raft.server.write.byte-limit = 64MB (=67108864) (default)
2024-09-14 09:39:01,662 [s0@group-3CC9820BBA4E-LeaderElection2] INFO  server.RaftServerConfigKeys (ConfUtils.java:logGet(46)) - raft.server.watch.timeout = 10s (default)
2024-09-14 09:39:01,662 [s0@group-3CC9820BBA4E-LeaderElection2] INFO  server.RaftServerConfigKeys (ConfUtils.java:logGet(46)) - raft.server.watch.timeout.denomination = 1s (default)
2024-09-14 09:39:01,662 [s0@group-3CC9820BBA4E-LeaderElection2] INFO  server.RaftServerConfigKeys (ConfUtils.java:logGet(46)) - raft.server.watch.element-limit = 65536 (default)
2024-09-14 09:39:01,662 [s0@group-3CC9820BBA4E-LeaderElection2] INFO  server.RaftServerConfigKeys (ConfUtils.java:logGet(46)) - raft.server.read.leader.lease.enabled = false (default)
2024-09-14 09:39:01,662 [s0@group-3CC9820BBA4E-LeaderElection2] INFO  server.RaftServerConfigKeys (ConfUtils.java:logGet(46)) - raft.server.read.leader.lease.timeout.ratio = 0.9 (default)
2024-09-14 09:39:01,662 [s0@group-3CC9820BBA4E-LeaderElection2] INFO  server.RaftServerConfigKeys (ConfUtils.java:logGet(46)) - raft.server.rpc.timeout.min = 150ms (default)
2024-09-14 09:39:01,663 [s0@group-3CC9820BBA4E-LeaderElection2] INFO  server.RaftServerConfigKeys (ConfUtils.java:logGet(46)) - raft.server.log.log-metadata.enabled = true (default)
2024-09-14 09:39:01,663 [s0@group-3CC9820BBA4E-LeaderElection2] INFO  server.RaftServerConfigKeys (ConfUtils.java:logGet(46)) - raft.server.write.element-limit = 4096 (default)
2024-09-14 09:39:01,663 [s0@group-3CC9820BBA4E-LeaderElection2] INFO  server.RaftServerConfigKeys (ConfUtils.java:logGet(46)) - raft.server.write.follower.gap.ratio.max = -1.0 (default)
2024-09-14 09:39:01,663 [s0@group-3CC9820BBA4E-LeaderElection2] INFO  impl.RoleInfo (RoleInfo.java:updateAndGet(148)) - s0: start s0@group-3CC9820BBA4E-LeaderStateImpl
2024-09-14 09:39:01,663 [s0@group-3CC9820BBA4E-LeaderElection2] INFO  server.RaftServer$Division (RaftServerImpl.java:setFirstElection(559)) - s0@group-3CC9820BBA4E: set firstElectionSinceStartup to false for becomeLeader
2024-09-14 09:39:01,663 [s0@group-3CC9820BBA4E-LeaderElection2] INFO  server.RaftServer$Division (ServerState.java:setLeader(272)) - s0@group-3CC9820BBA4E: change Leader from null to s0 at term 1 for becomeLeader, leader elected after 289ms
2024-09-14 09:39:01,663 [s0@group-3CC9820BBA4E-LeaderElection2] INFO  segmented.SegmentedRaftLogWorker (SegmentedRaftLogWorker.java:startLogSegment(438)) - s0@group-3CC9820BBA4E-SegmentedRaftLogWorker: Starting segment from index:0
2024-09-14 09:39:01,663 [s0@group-3CC9820BBA4E-LeaderElection2] INFO  server.RaftServer$Division (ServerState.java:setRaftConf(386)) - s0@group-3CC9820BBA4E: set configuration conf: {index: 0, cur=peers:[s0|localhost:15006]|listeners:[], old=null}
2024-09-14 09:39:01,664 [s0@group-3CC9820BBA4E-SegmentedRaftLogWorker] INFO  segmented.BufferedWriteChannel (BufferedWriteChannel.java:open(61)) - open log_inprogress_0 at position 0
2024-09-14 09:39:01,673 [s0@group-3CC9820BBA4E-SegmentedRaftLogWorker] INFO  segmented.SegmentedRaftLogWorker (SegmentedRaftLogWorker.java:execute(660)) - s0@group-3CC9820BBA4E-SegmentedRaftLogWorker: created new log segment /home/runner/work/ratis/ratis/ratis-test/target/test/data/c75294bd/MiniRaftClusterWithGrpc437c29fe/s0/ba30cfb9-f514-478c-92bf-3cc9820bba4e/current/log_inprogress_0
2024-09-14 09:39:01,673 [s0@group-3CC9820BBA4E-StateMachineUpdater] TRACE util.FileUtils (LogUtils.java:supplyAndLog(69)) - Successfully supplied FileChannel.open /home/runner/work/ratis/ratis/ratis-test/target/test/data/c75294bd/MiniRaftClusterWithGrpc437c29fe/s0/ba30cfb9-f514-478c-92bf-3cc9820bba4e/current/raft-meta.conf.tmp with options [CREATE, WRITE]: sun.nio.ch.FileChannelImpl@f2f4d4e
2024-09-14 09:39:01,674 [s0@group-3CC9820BBA4E-StateMachineUpdater] TRACE util.FileUtils (LogUtils.java:runAndLog(49)) - Successfully ran Atomic Files.move /home/runner/work/ratis/ratis/ratis-test/target/test/data/c75294bd/MiniRaftClusterWithGrpc437c29fe/s0/ba30cfb9-f514-478c-92bf-3cc9820bba4e/current/raft-meta.conf.tmp to /home/runner/work/ratis/ratis/ratis-test/target/test/data/c75294bd/MiniRaftClusterWithGrpc437c29fe/s0/ba30cfb9-f514-478c-92bf-3cc9820bba4e/current/raft-meta.conf with options [REPLACE_EXISTING]
2024-09-14 09:39:01,675 [s0@group-3CC9820BBA4E-StateMachineUpdater] INFO  server.RaftServer$Division (LeaderStateImpl.java:checkStartIndex(317)) - Leader s0@group-3CC9820BBA4E-LeaderStateImpl is ready since appliedIndex == startIndex == 0
2024-09-14 09:39:01,849 [main] INFO  ratis.RaftTestUtil (RaftTestUtil.java:waitForLeader(131)) - printing ALL groups
  s0:  RUNNING    LEADER s0@group-3CC9820BBA4E:t1, leader=s0, voted=s0, raftlog=Memoized:s0@group-3CC9820BBA4E-SegmentedRaftLog:OPENED:c0:last(t:1, i:0), conf=conf: {index: 0, cur=peers:[s0|localhost:15006]|listeners:[], old=null} RUNNING
2024-09-14 09:39:01,861 [s0@group-3CC9820BBA4E-StateMachineUpdater] INFO  impl.SimpleStateMachine4Testing (SimpleStateMachine4Testing.java:applyTransaction(251)) - applyTransaction for log index 1
2024-09-14 09:39:01,861 [s0@group-3CC9820BBA4E-StateMachineUpdater] INFO  impl.SimpleStateMachine4Testing (SimpleStateMachine4Testing.java:put(207)) - s0: put 1, m0 -> (t:1, i:1), STATEMACHINELOGENTRY, WRITE: logData.size=2, stateMachineData.size=17, logEntryProtoSerializedSize=0
2024-09-14 09:39:01,867 [s0@group-3CC9820BBA4E-StateMachineUpdater] INFO  impl.SimpleStateMachine4Testing (SimpleStateMachine4Testing.java:applyTransaction(251)) - applyTransaction for log index 3
2024-09-14 09:39:01,867 [s0@group-3CC9820BBA4E-StateMachineUpdater] INFO  impl.SimpleStateMachine4Testing (SimpleStateMachine4Testing.java:put(207)) - s0: put 3, m1 -> (t:1, i:3), STATEMACHINELOGENTRY, WRITE: logData.size=2, stateMachineData.size=17, logEntryProtoSerializedSize=0
2024-09-14 09:39:01,871 [s0@group-3CC9820BBA4E-StateMachineUpdater] INFO  impl.SimpleStateMachine4Testing (SimpleStateMachine4Testing.java:applyTransaction(251)) - applyTransaction for log index 5
2024-09-14 09:39:01,871 [s0@group-3CC9820BBA4E-StateMachineUpdater] INFO  impl.SimpleStateMachine4Testing (SimpleStateMachine4Testing.java:put(207)) - s0: put 5, m2 -> (t:1, i:5), STATEMACHINELOGENTRY, WRITE: logData.size=2, stateMachineData.size=17, logEntryProtoSerializedSize=0
2024-09-14 09:39:01,875 [s0@group-3CC9820BBA4E-StateMachineUpdater] INFO  impl.SimpleStateMachine4Testing (SimpleStateMachine4Testing.java:applyTransaction(251)) - applyTransaction for log index 7
2024-09-14 09:39:01,875 [s0@group-3CC9820BBA4E-StateMachineUpdater] INFO  impl.SimpleStateMachine4Testing (SimpleStateMachine4Testing.java:put(207)) - s0: put 7, m3 -> (t:1, i:7), STATEMACHINELOGENTRY, WRITE: logData.size=2, stateMachineData.size=17, logEntryProtoSerializedSize=0
2024-09-14 09:39:01,881 [s0@group-3CC9820BBA4E-StateMachineUpdater] INFO  impl.SimpleStateMachine4Testing (SimpleStateMachine4Testing.java:applyTransaction(251)) - applyTransaction for log index 9
2024-09-14 09:39:01,882 [s0@group-3CC9820BBA4E-StateMachineUpdater] INFO  impl.SimpleStateMachine4Testing (SimpleStateMachine4Testing.java:put(207)) - s0: put 9, m4 -> (t:1, i:9), STATEMACHINELOGENTRY, WRITE: logData.size=2, stateMachineData.size=17, logEntryProtoSerializedSize=0
2024-09-14 09:39:01,885 [s0@group-3CC9820BBA4E-StateMachineUpdater] INFO  impl.SimpleStateMachine4Testing (SimpleStateMachine4Testing.java:applyTransaction(251)) - applyTransaction for log index 11
2024-09-14 09:39:01,885 [s0@group-3CC9820BBA4E-StateMachineUpdater] INFO  impl.SimpleStateMachine4Testing (SimpleStateMachine4Testing.java:put(207)) - s0: put 11, m5 -> (t:1, i:11), STATEMACHINELOGENTRY, WRITE: logData.size=2, stateMachineData.size=17, logEntryProtoSerializedSize=0
2024-09-14 09:39:01,888 [s0@group-3CC9820BBA4E-StateMachineUpdater] INFO  impl.SimpleStateMachine4Testing (SimpleStateMachine4Testing.java:applyTransaction(251)) - applyTransaction for log index 13
2024-09-14 09:39:01,888 [s0@group-3CC9820BBA4E-StateMachineUpdater] INFO  impl.SimpleStateMachine4Testing (SimpleStateMachine4Testing.java:put(207)) - s0: put 13, m6 -> (t:1, i:13), STATEMACHINELOGENTRY, WRITE: logData.size=2, stateMachineData.size=17, logEntryProtoSerializedSize=0
2024-09-14 09:39:01,891 [s0@group-3CC9820BBA4E-StateMachineUpdater] INFO  impl.SimpleStateMachine4Testing (SimpleStateMachine4Testing.java:applyTransaction(251)) - applyTransaction for log index 15
2024-09-14 09:39:01,891 [s0@group-3CC9820BBA4E-StateMachineUpdater] INFO  impl.SimpleStateMachine4Testing (SimpleStateMachine4Testing.java:put(207)) - s0: put 15, m7 -> (t:1, i:15), STATEMACHINELOGENTRY, WRITE: logData.size=2, stateMachineData.size=17, logEntryProtoSerializedSize=0
2024-09-14 09:39:01,896 [s0@group-3CC9820BBA4E-StateMachineUpdater] INFO  impl.SimpleStateMachine4Testing (SimpleStateMachine4Testing.java:applyTransaction(251)) - applyTransaction for log index 17
2024-09-14 09:39:01,896 [s0@group-3CC9820BBA4E-StateMachineUpdater] INFO  impl.SimpleStateMachine4Testing (SimpleStateMachine4Testing.java:put(207)) - s0: put 17, m8 -> (t:1, i:17), STATEMACHINELOGENTRY, WRITE: logData.size=2, stateMachineData.size=17, logEntryProtoSerializedSize=0
2024-09-14 09:39:01,899 [s0@group-3CC9820BBA4E-StateMachineUpdater] INFO  impl.SimpleStateMachine4Testing (SimpleStateMachine4Testing.java:applyTransaction(251)) - applyTransaction for log index 19
2024-09-14 09:39:01,899 [s0@group-3CC9820BBA4E-StateMachineUpdater] INFO  impl.SimpleStateMachine4Testing (SimpleStateMachine4Testing.java:put(207)) - s0: put 19, m9 -> (t:1, i:19), STATEMACHINELOGENTRY, WRITE: logData.size=2, stateMachineData.size=17, logEntryProtoSerializedSize=0
2024-09-14 09:39:01,901 [s0@group-3CC9820BBA4E-StateMachineUpdater] INFO  impl.SimpleStateMachine4Testing (SimpleStateMachine4Testing.java:applyTransaction(251)) - applyTransaction for log index 21
2024-09-14 09:39:01,901 [s0@group-3CC9820BBA4E-StateMachineUpdater] INFO  impl.SimpleStateMachine4Testing (SimpleStateMachine4Testing.java:put(207)) - s0: put 21, m10 -> (t:1, i:21), STATEMACHINELOGENTRY, WRITE: logData.size=3, stateMachineData.size=17, logEntryProtoSerializedSize=0
2024-09-14 09:39:01,906 [s0@group-3CC9820BBA4E-StateMachineUpdater] INFO  impl.SimpleStateMachine4Testing (SimpleStateMachine4Testing.java:applyTransaction(251)) - applyTransaction for log index 23
2024-09-14 09:39:01,906 [s0@group-3CC9820BBA4E-StateMachineUpdater] INFO  impl.SimpleStateMachine4Testing (SimpleStateMachine4Testing.java:put(207)) - s0: put 23, m11 -> (t:1, i:23), STATEMACHINELOGENTRY, WRITE: logData.size=3, stateMachineData.size=17, logEntryProtoSerializedSize=0
2024-09-14 09:39:01,909 [s0@group-3CC9820BBA4E-StateMachineUpdater] INFO  impl.SimpleStateMachine4Testing (SimpleStateMachine4Testing.java:applyTransaction(251)) - applyTransaction for log index 25
2024-09-14 09:39:01,909 [s0@group-3CC9820BBA4E-StateMachineUpdater] INFO  impl.SimpleStateMachine4Testing (SimpleStateMachine4Testing.java:put(207)) - s0: put 25, m12 -> (t:1, i:25), STATEMACHINELOGENTRY, WRITE: logData.size=3, stateMachineData.size=17, logEntryProtoSerializedSize=0
2024-09-14 09:39:01,913 [s0@group-3CC9820BBA4E-StateMachineUpdater] INFO  impl.SimpleStateMachine4Testing (SimpleStateMachine4Testing.java:applyTransaction(251)) - applyTransaction for log index 27
2024-09-14 09:39:01,913 [s0@group-3CC9820BBA4E-StateMachineUpdater] INFO  impl.SimpleStateMachine4Testing (SimpleStateMachine4Testing.java:put(207)) - s0: put 27, m13 -> (t:1, i:27), STATEMACHINELOGENTRY, WRITE: logData.size=3, stateMachineData.size=17, logEntryProtoSerializedSize=0
2024-09-14 09:39:01,916 [s0@group-3CC9820BBA4E-StateMachineUpdater] INFO  impl.SimpleStateMachine4Testing (SimpleStateMachine4Testing.java:applyTransaction(251)) - applyTransaction for log index 29
2024-09-14 09:39:01,916 [s0@group-3CC9820BBA4E-StateMachineUpdater] INFO  impl.SimpleStateMachine4Testing (SimpleStateMachine4Testing.java:put(207)) - s0: put 29, m14 -> (t:1, i:29), STATEMACHINELOGENTRY, WRITE: logData.size=3, stateMachineData.size=17, logEntryProtoSerializedSize=0
2024-09-14 09:39:01,920 [s0@group-3CC9820BBA4E-StateMachineUpdater] INFO  impl.SimpleStateMachine4Testing (SimpleStateMachine4Testing.java:applyTransaction(251)) - applyTransaction for log index 31
2024-09-14 09:39:01,920 [s0@group-3CC9820BBA4E-StateMachineUpdater] INFO  impl.SimpleStateMachine4Testing (SimpleStateMachine4Testing.java:put(207)) - s0: put 31, m15 -> (t:1, i:31), STATEMACHINELOGENTRY, WRITE: logData.size=3, stateMachineData.size=17, logEntryProtoSerializedSize=0
2024-09-14 09:39:01,923 [s0@group-3CC9820BBA4E-StateMachineUpdater] INFO  impl.SimpleStateMachine4Testing (SimpleStateMachine4Testing.java:applyTransaction(251)) - applyTransaction for log index 33
2024-09-14 09:39:01,923 [s0@group-3CC9820BBA4E-StateMachineUpdater] INFO  impl.SimpleStateMachine4Testing (SimpleStateMachine4Testing.java:put(207)) - s0: put 33, m16 -> (t:1, i:33), STATEMACHINELOGENTRY, WRITE: logData.size=3, stateMachineData.size=17, logEntryProtoSerializedSize=0
2024-09-14 09:39:01,927 [s0@group-3CC9820BBA4E-StateMachineUpdater] INFO  impl.SimpleStateMachine4Testing (SimpleStateMachine4Testing.java:applyTransaction(251)) - applyTransaction for log index 35
2024-09-14 09:39:01,927 [s0@group-3CC9820BBA4E-StateMachineUpdater] INFO  impl.SimpleStateMachine4Testing (SimpleStateMachine4Testing.java:put(207)) - s0: put 35, m17 -> (t:1, i:35), STATEMACHINELOGENTRY, WRITE: logData.size=3, stateMachineData.size=17, logEntryProtoSerializedSize=0
2024-09-14 09:39:01,930 [s0@group-3CC9820BBA4E-StateMachineUpdater] INFO  impl.SimpleStateMachine4Testing (SimpleStateMachine4Testing.java:applyTransaction(251)) - applyTransaction for log index 37
2024-09-14 09:39:01,930 [s0@group-3CC9820BBA4E-StateMachineUpdater] INFO  impl.SimpleStateMachine4Testing (SimpleStateMachine4Testing.java:put(207)) - s0: put 37, m18 -> (t:1, i:37), STATEMACHINELOGENTRY, WRITE: logData.size=3, stateMachineData.size=17, logEntryProtoSerializedSize=0
2024-09-14 09:39:01,933 [s0@group-3CC9820BBA4E-StateMachineUpdater] INFO  impl.SimpleStateMachine4Testing (SimpleStateMachine4Testing.java:applyTransaction(251)) - applyTransaction for log index 39
2024-09-14 09:39:01,933 [s0@group-3CC9820BBA4E-StateMachineUpdater] INFO  impl.SimpleStateMachine4Testing (SimpleStateMachine4Testing.java:put(207)) - s0: put 39, m19 -> (t:1, i:39), STATEMACHINELOGENTRY, WRITE: logData.size=3, stateMachineData.size=17, logEntryProtoSerializedSize=0
2024-09-14 09:39:01,936 [s0@group-3CC9820BBA4E-StateMachineUpdater] INFO  impl.SimpleStateMachine4Testing (SimpleStateMachine4Testing.java:applyTransaction(251)) - applyTransaction for log index 41
2024-09-14 09:39:01,936 [s0@group-3CC9820BBA4E-StateMachineUpdater] INFO  impl.SimpleStateMachine4Testing (SimpleStateMachine4Testing.java:put(207)) - s0: put 41, m20 -> (t:1, i:41), STATEMACHINELOGENTRY, WRITE: logData.size=3, stateMachineData.size=17, logEntryProtoSerializedSize=0
2024-09-14 09:39:01,939 [s0@group-3CC9820BBA4E-StateMachineUpdater] INFO  impl.SimpleStateMachine4Testing (SimpleStateMachine4Testing.java:applyTransaction(251)) - applyTransaction for log index 43
2024-09-14 09:39:01,939 [s0@group-3CC9820BBA4E-StateMachineUpdater] INFO  impl.SimpleStateMachine4Testing (SimpleStateMachine4Testing.java:put(207)) - s0: put 43, m21 -> (t:1, i:43), STATEMACHINELOGENTRY, WRITE: logData.size=3, stateMachineData.size=17, logEntryProtoSerializedSize=0
2024-09-14 09:39:01,942 [s0@group-3CC9820BBA4E-StateMachineUpdater] INFO  impl.SimpleStateMachine4Testing (SimpleStateMachine4Testing.java:applyTransaction(251)) - applyTransaction for log index 45
2024-09-14 09:39:01,943 [s0@group-3CC9820BBA4E-StateMachineUpdater] INFO  impl.SimpleStateMachine4Testing (SimpleStateMachine4Testing.java:put(207)) - s0: put 45, m22 -> (t:1, i:45), STATEMACHINELOGENTRY, WRITE: logData.size=3, stateMachineData.size=17, logEntryProtoSerializedSize=0
2024-09-14 09:39:01,946 [s0@group-3CC9820BBA4E-StateMachineUpdater] INFO  impl.SimpleStateMachine4Testing (SimpleStateMachine4Testing.java:applyTransaction(251)) - applyTransaction for log index 47
2024-09-14 09:39:01,946 [s0@group-3CC9820BBA4E-StateMachineUpdater] INFO  impl.SimpleStateMachine4Testing (SimpleStateMachine4Testing.java:put(207)) - s0: put 47, m23 -> (t:1, i:47), STATEMACHINELOGENTRY, WRITE: logData.size=3, stateMachineData.size=17, logEntryProtoSerializedSize=0
2024-09-14 09:39:01,949 [s0@group-3CC9820BBA4E-StateMachineUpdater] INFO  impl.SimpleStateMachine4Testing (SimpleStateMachine4Testing.java:applyTransaction(251)) - applyTransaction for log index 49
2024-09-14 09:39:01,949 [s0@group-3CC9820BBA4E-StateMachineUpdater] INFO  impl.SimpleStateMachine4Testing (SimpleStateMachine4Testing.java:put(207)) - s0: put 49, m24 -> (t:1, i:49), STATEMACHINELOGENTRY, WRITE: logData.size=3, stateMachineData.size=17, logEntryProtoSerializedSize=0
2024-09-14 09:39:01,951 [s0@group-3CC9820BBA4E-StateMachineUpdater] INFO  impl.SimpleStateMachine4Testing (SimpleStateMachine4Testing.java:applyTransaction(251)) - applyTransaction for log index 51
2024-09-14 09:39:01,952 [s0@group-3CC9820BBA4E-StateMachineUpdater] INFO  impl.SimpleStateMachine4Testing (SimpleStateMachine4Testing.java:put(207)) - s0: put 51, m25 -> (t:1, i:51), STATEMACHINELOGENTRY, WRITE: logData.size=3, stateMachineData.size=17, logEntryProtoSerializedSize=0
2024-09-14 09:39:01,954 [s0@group-3CC9820BBA4E-StateMachineUpdater] INFO  impl.SimpleStateMachine4Testing (SimpleStateMachine4Testing.java:applyTransaction(251)) - applyTransaction for log index 53
2024-09-14 09:39:01,955 [s0@group-3CC9820BBA4E-StateMachineUpdater] INFO  impl.SimpleStateMachine4Testing (SimpleStateMachine4Testing.java:put(207)) - s0: put 53, m26 -> (t:1, i:53), STATEMACHINELOGENTRY, WRITE: logData.size=3, stateMachineData.size=17, logEntryProtoSerializedSize=0
2024-09-14 09:39:01,957 [s0@group-3CC9820BBA4E-StateMachineUpdater] INFO  impl.SimpleStateMachine4Testing (SimpleStateMachine4Testing.java:applyTransaction(251)) - applyTransaction for log index 55
2024-09-14 09:39:01,957 [s0@group-3CC9820BBA4E-StateMachineUpdater] INFO  impl.SimpleStateMachine4Testing (SimpleStateMachine4Testing.java:put(207)) - s0: put 55, m27 -> (t:1, i:55), STATEMACHINELOGENTRY, WRITE: logData.size=3, stateMachineData.size=17, logEntryProtoSerializedSize=0
2024-09-14 09:39:01,960 [s0@group-3CC9820BBA4E-StateMachineUpdater] INFO  impl.SimpleStateMachine4Testing (SimpleStateMachine4Testing.java:applyTransaction(251)) - applyTransaction for log index 57
2024-09-14 09:39:01,960 [s0@group-3CC9820BBA4E-StateMachineUpdater] INFO  impl.SimpleStateMachine4Testing (SimpleStateMachine4Testing.java:put(207)) - s0: put 57, m28 -> (t:1, i:57), STATEMACHINELOGENTRY, WRITE: logData.size=3, stateMachineData.size=17, logEntryProtoSerializedSize=0
2024-09-14 09:39:01,963 [s0@group-3CC9820BBA4E-StateMachineUpdater] INFO  impl.SimpleStateMachine4Testing (SimpleStateMachine4Testing.java:applyTransaction(251)) - applyTransaction for log index 59
2024-09-14 09:39:01,963 [s0@group-3CC9820BBA4E-StateMachineUpdater] INFO  impl.SimpleStateMachine4Testing (SimpleStateMachine4Testing.java:put(207)) - s0: put 59, m29 -> (t:1, i:59), STATEMACHINELOGENTRY, WRITE: logData.size=3, stateMachineData.size=17, logEntryProtoSerializedSize=0
2024-09-14 09:39:01,966 [s0@group-3CC9820BBA4E-StateMachineUpdater] INFO  impl.SimpleStateMachine4Testing (SimpleStateMachine4Testing.java:applyTransaction(251)) - applyTransaction for log index 61
2024-09-14 09:39:01,966 [s0@group-3CC9820BBA4E-StateMachineUpdater] INFO  impl.SimpleStateMachine4Testing (SimpleStateMachine4Testing.java:put(207)) - s0: put 61, m30 -> (t:1, i:61), STATEMACHINELOGENTRY, WRITE: logData.size=3, stateMachineData.size=17, logEntryProtoSerializedSize=0
2024-09-14 09:39:01,969 [s0@group-3CC9820BBA4E-StateMachineUpdater] INFO  impl.SimpleStateMachine4Testing (SimpleStateMachine4Testing.java:applyTransaction(251)) - applyTransaction for log index 63
2024-09-14 09:39:01,969 [s0@group-3CC9820BBA4E-StateMachineUpdater] INFO  impl.SimpleStateMachine4Testing (SimpleStateMachine4Testing.java:put(207)) - s0: put 63, m31 -> (t:1, i:63), STATEMACHINELOGENTRY, WRITE: logData.size=3, stateMachineData.size=17, logEntryProtoSerializedSize=0
2024-09-14 09:39:01,970 [s0@group-3CC9820BBA4E-StateMachineUpdater] TRACE util.FileUtils (LogUtils.java:runAndLog(49)) - Successfully ran Files.createDirectories /home/runner/work/ratis/ratis/ratis-test/target/test/data/c75294bd/MiniRaftClusterWithGrpc437c29fe/s0/ba30cfb9-f514-478c-92bf-3cc9820bba4e/sm/snapshot
2024-09-14 09:39:01,970 [s0@group-3CC9820BBA4E-StateMachineUpdater] TRACE util.FileUtils (LogUtils.java:runAndLog(49)) - Successfully ran Files.createDirectories /home/runner/work/ratis/ratis/ratis-test/target/test/data/c75294bd/MiniRaftClusterWithGrpc437c29fe/s0/ba30cfb9-f514-478c-92bf-3cc9820bba4e/sm/snapshot
2024-09-14 09:39:01,970 [s0@group-3CC9820BBA4E-StateMachineUpdater] TRACE util.FileUtils (LogUtils.java:runAndLog(49)) - Successfully ran Files.createDirectories /home/runner/work/ratis/ratis/ratis-test/target/test/data/c75294bd/MiniRaftClusterWithGrpc437c29fe/s0/ba30cfb9-f514-478c-92bf-3cc9820bba4e/sm/snapshot/sub
2024-09-14 09:39:01,970 [s0@group-3CC9820BBA4E-StateMachineUpdater] TRACE util.FileUtils (LogUtils.java:supplyAndLog(69)) - Successfully supplied Files.newOutputStream /home/runner/work/ratis/ratis/ratis-test/target/test/data/c75294bd/MiniRaftClusterWithGrpc437c29fe/s0/ba30cfb9-f514-478c-92bf-3cc9820bba4e/sm/snapshot/1.bin with options [CREATE_NEW]: java.nio.channels.Channels$1@5d7263e
2024-09-14 09:39:01,970 [s0@group-3CC9820BBA4E-StateMachineUpdater] TRACE util.FileUtils (LogUtils.java:supplyAndLog(69)) - Successfully supplied Files.newOutputStream /home/runner/work/ratis/ratis/ratis-test/target/test/data/c75294bd/MiniRaftClusterWithGrpc437c29fe/s0/ba30cfb9-f514-478c-92bf-3cc9820bba4e/sm/snapshot/sub/2.bin with options [CREATE_NEW]: java.nio.channels.Channels$1@40d5a8e0
2024-09-14 09:39:01,972 [s0@group-3CC9820BBA4E-StateMachineUpdater] INFO  segmented.BufferedWriteChannel (BufferedWriteChannel.java:open(61)) - open snapshot.1_63 at position 0
2024-09-14 09:39:01,984 [s0@group-3CC9820BBA4E-StateMachineUpdater] TRACE util.FileUtils (LogUtils.java:supplyAndLog(69)) - Successfully supplied FileChannel.open /home/runner/work/ratis/ratis/ratis-test/target/test/data/c75294bd/MiniRaftClusterWithGrpc437c29fe/s0/ba30cfb9-f514-478c-92bf-3cc9820bba4e/sm/snapshot.1_63 with options [READ]: sun.nio.ch.FileChannelImpl@3565d889
2024-09-14 09:39:01,984 [s0@group-3CC9820BBA4E-StateMachineUpdater] TRACE util.FileUtils (LogUtils.java:supplyAndLog(69)) - Successfully supplied FileChannel.open /home/runner/work/ratis/ratis/ratis-test/target/test/data/c75294bd/MiniRaftClusterWithGrpc437c29fe/s0/ba30cfb9-f514-478c-92bf-3cc9820bba4e/sm/snapshot.1_63.md5.tmp with options [CREATE, WRITE]: sun.nio.ch.FileChannelImpl@71df4a84
2024-09-14 09:39:01,985 [s0@group-3CC9820BBA4E-StateMachineUpdater] TRACE util.FileUtils (LogUtils.java:runAndLog(49)) - Successfully ran Atomic Files.move /home/runner/work/ratis/ratis/ratis-test/target/test/data/c75294bd/MiniRaftClusterWithGrpc437c29fe/s0/ba30cfb9-f514-478c-92bf-3cc9820bba4e/sm/snapshot.1_63.md5.tmp to /home/runner/work/ratis/ratis/ratis-test/target/test/data/c75294bd/MiniRaftClusterWithGrpc437c29fe/s0/ba30cfb9-f514-478c-92bf-3cc9820bba4e/sm/snapshot.1_63.md5 with options [REPLACE_EXISTING]
2024-09-14 09:39:01,985 [s0@group-3CC9820BBA4E-StateMachineUpdater] INFO  impl.StateMachineUpdater (StateMachineUpdater.java:takeSnapshot(308)) - s0@group-3CC9820BBA4E-StateMachineUpdater: Took a snapshot at index 63
2024-09-14 09:39:01,985 [s0@group-3CC9820BBA4E-StateMachineUpdater] INFO  impl.StateMachineUpdater (StateMachineUpdater.java:lambda$new$0(102)) - s0@group-3CC9820BBA4E-StateMachineUpdater: snapshotIndex: updateIncreasingly -1 -> 63
2024-09-14 09:39:01,985 [s0@group-3CC9820BBA4E-StateMachineUpdater] INFO  raftlog.RaftLog (RaftLogBase.java:purge(329)) - s0@group-3CC9820BBA4E-SegmentedRaftLog: purge 63
2024-09-14 09:39:01,985 [s0@group-3CC9820BBA4E-StateMachineUpdater] INFO  raftlog.RaftLog (RaftLogBase.java:lambda$new$0(57)) - s0@group-3CC9820BBA4E-SegmentedRaftLog: snapshotIndex: updateIncreasingly -1 -> 63
2024-09-14 09:39:01,985 [s0@group-3CC9820BBA4E-StateMachineUpdater] INFO  raftlog.RaftLog (RaftLogBase.java:lambda$new$0(57)) - s0@group-3CC9820BBA4E-SegmentedRaftLog: purgeIndex: updateToMax old=-1, new=63, updated? true
2024-09-14 09:39:01,985 [s0@group-3CC9820BBA4E-StateMachineUpdater] INFO  impl.SimpleStateMachine4Testing (SimpleStateMachine4Testing.java:applyTransaction(251)) - applyTransaction for log index 65
2024-09-14 09:39:01,986 [s0@group-3CC9820BBA4E-StateMachineUpdater] INFO  impl.SimpleStateMachine4Testing (SimpleStateMachine4Testing.java:put(207)) - s0: put 65, m32 -> (t:1, i:65), STATEMACHINELOGENTRY, WRITE: logData.size=3, stateMachineData.size=17, logEntryProtoSerializedSize=0
2024-09-14 09:39:01,988 [s0@group-3CC9820BBA4E-StateMachineUpdater] INFO  impl.SimpleStateMachine4Testing (SimpleStateMachine4Testing.java:applyTransaction(251)) - applyTransaction for log index 67
2024-09-14 09:39:01,989 [s0@group-3CC9820BBA4E-StateMachineUpdater] INFO  impl.SimpleStateMachine4Testing (SimpleStateMachine4Testing.java:put(207)) - s0: put 67, m33 -> (t:1, i:67), STATEMACHINELOGENTRY, WRITE: logData.size=3, stateMachineData.size=17, logEntryProtoSerializedSize=0
2024-09-14 09:39:01,992 [s0@group-3CC9820BBA4E-StateMachineUpdater] INFO  impl.SimpleStateMachine4Testing (SimpleStateMachine4Testing.java:applyTransaction(251)) - applyTransaction for log index 69
2024-09-14 09:39:01,992 [s0@group-3CC9820BBA4E-StateMachineUpdater] INFO  impl.SimpleStateMachine4Testing (SimpleStateMachine4Testing.java:put(207)) - s0: put 69, m34 -> (t:1, i:69), STATEMACHINELOGENTRY, WRITE: logData.size=3, stateMachineData.size=17, logEntryProtoSerializedSize=0
2024-09-14 09:39:01,995 [s0@group-3CC9820BBA4E-StateMachineUpdater] INFO  impl.SimpleStateMachine4Testing (SimpleStateMachine4Testing.java:applyTransaction(251)) - applyTransaction for log index 71
2024-09-14 09:39:01,996 [s0@group-3CC9820BBA4E-StateMachineUpdater] INFO  impl.SimpleStateMachine4Testing (SimpleStateMachine4Testing.java:put(207)) - s0: put 71, m35 -> (t:1, i:71), STATEMACHINELOGENTRY, WRITE: logData.size=3, stateMachineData.size=17, logEntryProtoSerializedSize=0
2024-09-14 09:39:02,005 [s0@group-3CC9820BBA4E-StateMachineUpdater] INFO  impl.SimpleStateMachine4Testing (SimpleStateMachine4Testing.java:applyTransaction(251)) - applyTransaction for log index 73
2024-09-14 09:39:02,005 [s0@group-3CC9820BBA4E-StateMachineUpdater] INFO  impl.SimpleStateMachine4Testing (SimpleStateMachine4Testing.java:put(207)) - s0: put 73, m36 -> (t:1, i:73), STATEMACHINELOGENTRY, WRITE: logData.size=3, stateMachineData.size=17, logEntryProtoSerializedSize=0
2024-09-14 09:39:02,008 [s0@group-3CC9820BBA4E-StateMachineUpdater] INFO  impl.SimpleStateMachine4Testing (SimpleStateMachine4Testing.java:applyTransaction(251)) - applyTransaction for log index 75
2024-09-14 09:39:02,009 [s0@group-3CC9820BBA4E-StateMachineUpdater] INFO  impl.SimpleStateMachine4Testing (SimpleStateMachine4Testing.java:put(207)) - s0: put 75, m37 -> (t:1, i:75), STATEMACHINELOGENTRY, WRITE: logData.size=3, stateMachineData.size=17, logEntryProtoSerializedSize=0
2024-09-14 09:39:02,013 [s0@group-3CC9820BBA4E-StateMachineUpdater] INFO  impl.SimpleStateMachine4Testing (SimpleStateMachine4Testing.java:applyTransaction(251)) - applyTransaction for log index 77
2024-09-14 09:39:02,013 [s0@group-3CC9820BBA4E-StateMachineUpdater] INFO  impl.SimpleStateMachine4Testing (SimpleStateMachine4Testing.java:put(207)) - s0: put 77, m38 -> (t:1, i:77), STATEMACHINELOGENTRY, WRITE: logData.size=3, stateMachineData.size=17, logEntryProtoSerializedSize=0
2024-09-14 09:39:02,016 [s0@group-3CC9820BBA4E-StateMachineUpdater] INFO  impl.SimpleStateMachine4Testing (SimpleStateMachine4Testing.java:applyTransaction(251)) - applyTransaction for log index 79
2024-09-14 09:39:02,016 [s0@group-3CC9820BBA4E-StateMachineUpdater] INFO  impl.SimpleStateMachine4Testing (SimpleStateMachine4Testing.java:put(207)) - s0: put 79, m39 -> (t:1, i:79), STATEMACHINELOGENTRY, WRITE: logData.size=3, stateMachineData.size=17, logEntryProtoSerializedSize=0
2024-09-14 09:39:02,019 [s0@group-3CC9820BBA4E-StateMachineUpdater] INFO  impl.SimpleStateMachine4Testing (SimpleStateMachine4Testing.java:applyTransaction(251)) - applyTransaction for log index 81
2024-09-14 09:39:02,019 [s0@group-3CC9820BBA4E-StateMachineUpdater] INFO  impl.SimpleStateMachine4Testing (SimpleStateMachine4Testing.java:put(207)) - s0: put 81, m40 -> (t:1, i:81), STATEMACHINELOGENTRY, WRITE: logData.size=3, stateMachineData.size=17, logEntryProtoSerializedSize=0
2024-09-14 09:39:02,022 [s0@group-3CC9820BBA4E-StateMachineUpdater] INFO  impl.SimpleStateMachine4Testing (SimpleStateMachine4Testing.java:applyTransaction(251)) - applyTransaction for log index 83
2024-09-14 09:39:02,022 [s0@group-3CC9820BBA4E-StateMachineUpdater] INFO  impl.SimpleStateMachine4Testing (SimpleStateMachine4Testing.java:put(207)) - s0: put 83, m41 -> (t:1, i:83), STATEMACHINELOGENTRY, WRITE: logData.size=3, stateMachineData.size=17, logEntryProtoSerializedSize=0
2024-09-14 09:39:02,025 [s0@group-3CC9820BBA4E-StateMachineUpdater] INFO  impl.SimpleStateMachine4Testing (SimpleStateMachine4Testing.java:applyTransaction(251)) - applyTransaction for log index 85
2024-09-14 09:39:02,025 [s0@group-3CC9820BBA4E-StateMachineUpdater] INFO  impl.SimpleStateMachine4Testing (SimpleStateMachine4Testing.java:put(207)) - s0: put 85, m42 -> (t:1, i:85), STATEMACHINELOGENTRY, WRITE: logData.size=3, stateMachineData.size=17, logEntryProtoSerializedSize=0
2024-09-14 09:39:02,027 [s0@group-3CC9820BBA4E-StateMachineUpdater] INFO  impl.SimpleStateMachine4Testing (SimpleStateMachine4Testing.java:applyTransaction(251)) - applyTransaction for log index 87
2024-09-14 09:39:02,028 [s0@group-3CC9820BBA4E-StateMachineUpdater] INFO  impl.SimpleStateMachine4Testing (SimpleStateMachine4Testing.java:put(207)) - s0: put 87, m43 -> (t:1, i:87), STATEMACHINELOGENTRY, WRITE: logData.size=3, stateMachineData.size=17, logEntryProtoSerializedSize=0
2024-09-14 09:39:02,030 [s0@group-3CC9820BBA4E-StateMachineUpdater] INFO  impl.SimpleStateMachine4Testing (SimpleStateMachine4Testing.java:applyTransaction(251)) - applyTransaction for log index 89
2024-09-14 09:39:02,031 [s0@group-3CC9820BBA4E-StateMachineUpdater] INFO  impl.SimpleStateMachine4Testing (SimpleStateMachine4Testing.java:put(207)) - s0: put 89, m44 -> (t:1, i:89), STATEMACHINELOGENTRY, WRITE: logData.size=3, stateMachineData.size=17, logEntryProtoSerializedSize=0
2024-09-14 09:39:02,033 [s0@group-3CC9820BBA4E-StateMachineUpdater] INFO  impl.SimpleStateMachine4Testing (SimpleStateMachine4Testing.java:applyTransaction(251)) - applyTransaction for log index 91
2024-09-14 09:39:02,033 [s0@group-3CC9820BBA4E-StateMachineUpdater] INFO  impl.SimpleStateMachine4Testing (SimpleStateMachine4Testing.java:put(207)) - s0: put 91, m45 -> (t:1, i:91), STATEMACHINELOGENTRY, WRITE: logData.size=3, stateMachineData.size=17, logEntryProtoSerializedSize=0
2024-09-14 09:39:02,038 [s0@group-3CC9820BBA4E-StateMachineUpdater] INFO  impl.SimpleStateMachine4Testing (SimpleStateMachine4Testing.java:applyTransaction(251)) - applyTransaction for log index 93
2024-09-14 09:39:02,038 [s0@group-3CC9820BBA4E-StateMachineUpdater] INFO  impl.SimpleStateMachine4Testing (SimpleStateMachine4Testing.java:put(207)) - s0: put 93, m46 -> (t:1, i:93), STATEMACHINELOGENTRY, WRITE: logData.size=3, stateMachineData.size=17, logEntryProtoSerializedSize=0
2024-09-14 09:39:02,041 [s0@group-3CC9820BBA4E-StateMachineUpdater] INFO  impl.SimpleStateMachine4Testing (SimpleStateMachine4Testing.java:applyTransaction(251)) - applyTransaction for log index 95
2024-09-14 09:39:02,042 [s0@group-3CC9820BBA4E-StateMachineUpdater] INFO  impl.SimpleStateMachine4Testing (SimpleStateMachine4Testing.java:put(207)) - s0: put 95, m47 -> (t:1, i:95), STATEMACHINELOGENTRY, WRITE: logData.size=3, stateMachineData.size=17, logEntryProtoSerializedSize=0
2024-09-14 09:39:02,046 [s0@group-3CC9820BBA4E-StateMachineUpdater] INFO  impl.SimpleStateMachine4Testing (SimpleStateMachine4Testing.java:applyTransaction(251)) - applyTransaction for log index 97
2024-09-14 09:39:02,046 [s0@group-3CC9820BBA4E-StateMachineUpdater] INFO  impl.SimpleStateMachine4Testing (SimpleStateMachine4Testing.java:put(207)) - s0: put 97, m48 -> (t:1, i:97), STATEMACHINELOGENTRY, WRITE: logData.size=3, stateMachineData.size=17, logEntryProtoSerializedSize=0
2024-09-14 09:39:02,050 [s0@group-3CC9820BBA4E-StateMachineUpdater] INFO  impl.SimpleStateMachine4Testing (SimpleStateMachine4Testing.java:applyTransaction(251)) - applyTransaction for log index 99
2024-09-14 09:39:02,050 [s0@group-3CC9820BBA4E-StateMachineUpdater] INFO  impl.SimpleStateMachine4Testing (SimpleStateMachine4Testing.java:put(207)) - s0: put 99, m49 -> (t:1, i:99), STATEMACHINELOGENTRY, WRITE: logData.size=3, stateMachineData.size=17, logEntryProtoSerializedSize=0
2024-09-14 09:39:02,053 [s0@group-3CC9820BBA4E-StateMachineUpdater] INFO  impl.SimpleStateMachine4Testing (SimpleStateMachine4Testing.java:applyTransaction(251)) - applyTransaction for log index 101
2024-09-14 09:39:02,053 [s0@group-3CC9820BBA4E-StateMachineUpdater] INFO  impl.SimpleStateMachine4Testing (SimpleStateMachine4Testing.java:put(207)) - s0: put 101, m50 -> (t:1, i:101), STATEMACHINELOGENTRY, WRITE: logData.size=3, stateMachineData.size=17, logEntryProtoSerializedSize=0
2024-09-14 09:39:02,056 [s0@group-3CC9820BBA4E-StateMachineUpdater] INFO  impl.SimpleStateMachine4Testing (SimpleStateMachine4Testing.java:applyTransaction(251)) - applyTransaction for log index 103
2024-09-14 09:39:02,056 [s0@group-3CC9820BBA4E-StateMachineUpdater] INFO  impl.SimpleStateMachine4Testing (SimpleStateMachine4Testing.java:put(207)) - s0: put 103, m51 -> (t:1, i:103), STATEMACHINELOGENTRY, WRITE: logData.size=3, stateMachineData.size=17, logEntryProtoSerializedSize=0
2024-09-14 09:39:02,067 [s0@group-3CC9820BBA4E-StateMachineUpdater] INFO  impl.SimpleStateMachine4Testing (SimpleStateMachine4Testing.java:applyTransaction(251)) - applyTransaction for log index 105
2024-09-14 09:39:02,067 [s0@group-3CC9820BBA4E-StateMachineUpdater] INFO  impl.SimpleStateMachine4Testing (SimpleStateMachine4Testing.java:put(207)) - s0: put 105, m52 -> (t:1, i:105), STATEMACHINELOGENTRY, WRITE: logData.size=3, stateMachineData.size=17, logEntryProtoSerializedSize=0
2024-09-14 09:39:02,070 [s0@group-3CC9820BBA4E-StateMachineUpdater] INFO  impl.SimpleStateMachine4Testing (SimpleStateMachine4Testing.java:applyTransaction(251)) - applyTransaction for log index 107
2024-09-14 09:39:02,071 [s0@group-3CC9820BBA4E-StateMachineUpdater] INFO  impl.SimpleStateMachine4Testing (SimpleStateMachine4Testing.java:put(207)) - s0: put 107, m53 -> (t:1, i:107), STATEMACHINELOGENTRY, WRITE: logData.size=3, stateMachineData.size=17, logEntryProtoSerializedSize=0
2024-09-14 09:39:02,074 [s0@group-3CC9820BBA4E-StateMachineUpdater] INFO  impl.SimpleStateMachine4Testing (SimpleStateMachine4Testing.java:applyTransaction(251)) - applyTransaction for log index 109
2024-09-14 09:39:02,074 [s0@group-3CC9820BBA4E-StateMachineUpdater] INFO  impl.SimpleStateMachine4Testing (SimpleStateMachine4Testing.java:put(207)) - s0: put 109, m54 -> (t:1, i:109), STATEMACHINELOGENTRY, WRITE: logData.size=3, stateMachineData.size=17, logEntryProtoSerializedSize=0
2024-09-14 09:39:02,077 [s0@group-3CC9820BBA4E-StateMachineUpdater] INFO  impl.SimpleStateMachine4Testing (SimpleStateMachine4Testing.java:applyTransaction(251)) - applyTransaction for log index 111
2024-09-14 09:39:02,078 [s0@group-3CC9820BBA4E-StateMachineUpdater] INFO  impl.SimpleStateMachine4Testing (SimpleStateMachine4Testing.java:put(207)) - s0: put 111, m55 -> (t:1, i:111), STATEMACHINELOGENTRY, WRITE: logData.size=3, stateMachineData.size=17, logEntryProtoSerializedSize=0
2024-09-14 09:39:02,082 [s0@group-3CC9820BBA4E-StateMachineUpdater] INFO  impl.SimpleStateMachine4Testing (SimpleStateMachine4Testing.java:applyTransaction(251)) - applyTransaction for log index 113
2024-09-14 09:39:02,082 [s0@group-3CC9820BBA4E-StateMachineUpdater] INFO  impl.SimpleStateMachine4Testing (SimpleStateMachine4Testing.java:put(207)) - s0: put 113, m56 -> (t:1, i:113), STATEMACHINELOGENTRY, WRITE: logData.size=3, stateMachineData.size=17, logEntryProtoSerializedSize=0
2024-09-14 09:39:02,085 [s0@group-3CC9820BBA4E-StateMachineUpdater] INFO  impl.SimpleStateMachine4Testing (SimpleStateMachine4Testing.java:applyTransaction(251)) - applyTransaction for log index 115
2024-09-14 09:39:02,085 [s0@group-3CC9820BBA4E-StateMachineUpdater] INFO  impl.SimpleStateMachine4Testing (SimpleStateMachine4Testing.java:put(207)) - s0: put 115, m57 -> (t:1, i:115), STATEMACHINELOGENTRY, WRITE: logData.size=3, stateMachineData.size=17, logEntryProtoSerializedSize=0
2024-09-14 09:39:02,088 [s0@group-3CC9820BBA4E-StateMachineUpdater] INFO  impl.SimpleStateMachine4Testing (SimpleStateMachine4Testing.java:applyTransaction(251)) - applyTransaction for log index 117
2024-09-14 09:39:02,088 [s0@group-3CC9820BBA4E-StateMachineUpdater] INFO  impl.SimpleStateMachine4Testing (SimpleStateMachine4Testing.java:put(207)) - s0: put 117, m58 -> (t:1, i:117), STATEMACHINELOGENTRY, WRITE: logData.size=3, stateMachineData.size=17, logEntryProtoSerializedSize=0
2024-09-14 09:39:02,091 [s0@group-3CC9820BBA4E-StateMachineUpdater] INFO  impl.SimpleStateMachine4Testing (SimpleStateMachine4Testing.java:applyTransaction(251)) - applyTransaction for log index 119
2024-09-14 09:39:02,091 [s0@group-3CC9820BBA4E-StateMachineUpdater] INFO  impl.SimpleStateMachine4Testing (SimpleStateMachine4Testing.java:put(207)) - s0: put 119, m59 -> (t:1, i:119), STATEMACHINELOGENTRY, WRITE: logData.size=3, stateMachineData.size=17, logEntryProtoSerializedSize=0
2024-09-14 09:39:02,094 [s0@group-3CC9820BBA4E-StateMachineUpdater] INFO  impl.SimpleStateMachine4Testing (SimpleStateMachine4Testing.java:applyTransaction(251)) - applyTransaction for log index 121
2024-09-14 09:39:02,094 [s0@group-3CC9820BBA4E-StateMachineUpdater] INFO  impl.SimpleStateMachine4Testing (SimpleStateMachine4Testing.java:put(207)) - s0: put 121, m60 -> (t:1, i:121), STATEMACHINELOGENTRY, WRITE: logData.size=3, stateMachineData.size=17, logEntryProtoSerializedSize=0
2024-09-14 09:39:02,097 [s0@group-3CC9820BBA4E-StateMachineUpdater] INFO  impl.SimpleStateMachine4Testing (SimpleStateMachine4Testing.java:applyTransaction(251)) - applyTransaction for log index 123
2024-09-14 09:39:02,097 [s0@group-3CC9820BBA4E-StateMachineUpdater] INFO  impl.SimpleStateMachine4Testing (SimpleStateMachine4Testing.java:put(207)) - s0: put 123, m61 -> (t:1, i:123), STATEMACHINELOGENTRY, WRITE: logData.size=3, stateMachineData.size=17, logEntryProtoSerializedSize=0
2024-09-14 09:39:02,100 [s0@group-3CC9820BBA4E-StateMachineUpdater] INFO  impl.SimpleStateMachine4Testing (SimpleStateMachine4Testing.java:applyTransaction(251)) - applyTransaction for log index 125
2024-09-14 09:39:02,100 [s0@group-3CC9820BBA4E-StateMachineUpdater] INFO  impl.SimpleStateMachine4Testing (SimpleStateMachine4Testing.java:put(207)) - s0: put 125, m62 -> (t:1, i:125), STATEMACHINELOGENTRY, WRITE: logData.size=3, stateMachineData.size=17, logEntryProtoSerializedSize=0
2024-09-14 09:39:02,107 [s0@group-3CC9820BBA4E-StateMachineUpdater] INFO  impl.SimpleStateMachine4Testing (SimpleStateMachine4Testing.java:applyTransaction(251)) - applyTransaction for log index 127
2024-09-14 09:39:02,107 [s0@group-3CC9820BBA4E-StateMachineUpdater] INFO  impl.SimpleStateMachine4Testing (SimpleStateMachine4Testing.java:put(207)) - s0: put 127, m63 -> (t:1, i:127), STATEMACHINELOGENTRY, WRITE: logData.size=3, stateMachineData.size=17, logEntryProtoSerializedSize=0
2024-09-14 09:39:02,109 [s0@group-3CC9820BBA4E-StateMachineUpdater] INFO  segmented.BufferedWriteChannel (BufferedWriteChannel.java:open(61)) - open snapshot.1_127 at position 0
2024-09-14 09:39:02,120 [s0@group-3CC9820BBA4E-StateMachineUpdater] TRACE util.FileUtils (LogUtils.java:supplyAndLog(69)) - Successfully supplied FileChannel.open /home/runner/work/ratis/ratis/ratis-test/target/test/data/c75294bd/MiniRaftClusterWithGrpc437c29fe/s0/ba30cfb9-f514-478c-92bf-3cc9820bba4e/sm/snapshot.1_127 with options [READ]: sun.nio.ch.FileChannelImpl@4d856457
2024-09-14 09:39:02,120 [s0@group-3CC9820BBA4E-StateMachineUpdater] TRACE util.FileUtils (LogUtils.java:supplyAndLog(69)) - Successfully supplied FileChannel.open /home/runner/work/ratis/ratis/ratis-test/target/test/data/c75294bd/MiniRaftClusterWithGrpc437c29fe/s0/ba30cfb9-f514-478c-92bf-3cc9820bba4e/sm/snapshot.1_127.md5.tmp with options [CREATE, WRITE]: sun.nio.ch.FileChannelImpl@20fa57af
2024-09-14 09:39:02,122 [s0@group-3CC9820BBA4E-StateMachineUpdater] TRACE util.FileUtils (LogUtils.java:runAndLog(49)) - Successfully ran Atomic Files.move /home/runner/work/ratis/ratis/ratis-test/target/test/data/c75294bd/MiniRaftClusterWithGrpc437c29fe/s0/ba30cfb9-f514-478c-92bf-3cc9820bba4e/sm/snapshot.1_127.md5.tmp to /home/runner/work/ratis/ratis/ratis-test/target/test/data/c75294bd/MiniRaftClusterWithGrpc437c29fe/s0/ba30cfb9-f514-478c-92bf-3cc9820bba4e/sm/snapshot.1_127.md5 with options [REPLACE_EXISTING]
2024-09-14 09:39:02,122 [s0@group-3CC9820BBA4E-StateMachineUpdater] INFO  impl.StateMachineUpdater (StateMachineUpdater.java:takeSnapshot(308)) - s0@group-3CC9820BBA4E-StateMachineUpdater: Took a snapshot at index 127
2024-09-14 09:39:02,122 [s0@group-3CC9820BBA4E-StateMachineUpdater] INFO  impl.StateMachineUpdater (StateMachineUpdater.java:lambda$new$0(102)) - s0@group-3CC9820BBA4E-StateMachineUpdater: snapshotIndex: updateIncreasingly 63 -> 127
2024-09-14 09:39:02,122 [s0@group-3CC9820BBA4E-StateMachineUpdater] INFO  raftlog.RaftLog (RaftLogBase.java:purge(329)) - s0@group-3CC9820BBA4E-SegmentedRaftLog: purge 127
2024-09-14 09:39:02,122 [s0@group-3CC9820BBA4E-StateMachineUpdater] INFO  raftlog.RaftLog (RaftLogBase.java:lambda$new$0(57)) - s0@group-3CC9820BBA4E-SegmentedRaftLog: snapshotIndex: updateIncreasingly 63 -> 127
2024-09-14 09:39:02,122 [s0@group-3CC9820BBA4E-StateMachineUpdater] INFO  raftlog.RaftLog (RaftLogBase.java:lambda$new$0(57)) - s0@group-3CC9820BBA4E-SegmentedRaftLog: purgeIndex: updateToMax old=63, new=127, updated? true
2024-09-14 09:39:02,122 [s0@group-3CC9820BBA4E-StateMachineUpdater] INFO  impl.SimpleStateMachine4Testing (SimpleStateMachine4Testing.java:applyTransaction(251)) - applyTransaction for log index 129
2024-09-14 09:39:02,122 [s0@group-3CC9820BBA4E-StateMachineUpdater] INFO  impl.SimpleStateMachine4Testing (SimpleStateMachine4Testing.java:put(207)) - s0: put 129, m64 -> (t:1, i:129), STATEMACHINELOGENTRY, WRITE: logData.size=3, stateMachineData.size=17, logEntryProtoSerializedSize=0
2024-09-14 09:39:02,126 [s0@group-3CC9820BBA4E-StateMachineUpdater] INFO  impl.SimpleStateMachine4Testing (SimpleStateMachine4Testing.java:applyTransaction(251)) - applyTransaction for log index 131
2024-09-14 09:39:02,126 [s0@group-3CC9820BBA4E-StateMachineUpdater] INFO  impl.SimpleStateMachine4Testing (SimpleStateMachine4Testing.java:put(207)) - s0: put 131, m65 -> (t:1, i:131), STATEMACHINELOGENTRY, WRITE: logData.size=3, stateMachineData.size=17, logEntryProtoSerializedSize=0
2024-09-14 09:39:02,130 [s0@group-3CC9820BBA4E-StateMachineUpdater] INFO  impl.SimpleStateMachine4Testing (SimpleStateMachine4Testing.java:applyTransaction(251)) - applyTransaction for log index 133
2024-09-14 09:39:02,130 [s0@group-3CC9820BBA4E-StateMachineUpdater] INFO  impl.SimpleStateMachine4Testing (SimpleStateMachine4Testing.java:put(207)) - s0: put 133, m66 -> (t:1, i:133), STATEMACHINELOGENTRY, WRITE: logData.size=3, stateMachineData.size=17, logEntryProtoSerializedSize=0
2024-09-14 09:39:02,133 [s0@group-3CC9820BBA4E-StateMachineUpdater] INFO  impl.SimpleStateMachine4Testing (SimpleStateMachine4Testing.java:applyTransaction(251)) - applyTransaction for log index 135
2024-09-14 09:39:02,133 [s0@group-3CC9820BBA4E-StateMachineUpdater] INFO  impl.SimpleStateMachine4Testing (SimpleStateMachine4Testing.java:put(207)) - s0: put 135, m67 -> (t:1, i:135), STATEMACHINELOGENTRY, WRITE: logData.size=3, stateMachineData.size=17, logEntryProtoSerializedSize=0
2024-09-14 09:39:02,136 [s0@group-3CC9820BBA4E-StateMachineUpdater] INFO  impl.SimpleStateMachine4Testing (SimpleStateMachine4Testing.java:applyTransaction(251)) - applyTransaction for log index 137
2024-09-14 09:39:02,136 [s0@group-3CC9820BBA4E-StateMachineUpdater] INFO  impl.SimpleStateMachine4Testing (SimpleStateMachine4Testing.java:put(207)) - s0: put 137, m68 -> (t:1, i:137), STATEMACHINELOGENTRY, WRITE: logData.size=3, stateMachineData.size=17, logEntryProtoSerializedSize=0
2024-09-14 09:39:02,140 [s0@group-3CC9820BBA4E-StateMachineUpdater] INFO  impl.SimpleStateMachine4Testing (SimpleStateMachine4Testing.java:applyTransaction(251)) - applyTransaction for log index 139
2024-09-14 09:39:02,140 [s0@group-3CC9820BBA4E-StateMachineUpdater] INFO  impl.SimpleStateMachine4Testing (SimpleStateMachine4Testing.java:put(207)) - s0: put 139, m69 -> (t:1, i:139), STATEMACHINELOGENTRY, WRITE: logData.size=3, stateMachineData.size=17, logEntryProtoSerializedSize=0
2024-09-14 09:39:02,143 [s0@group-3CC9820BBA4E-StateMachineUpdater] INFO  impl.SimpleStateMachine4Testing (SimpleStateMachine4Testing.java:applyTransaction(251)) - applyTransaction for log index 141
2024-09-14 09:39:02,143 [s0@group-3CC9820BBA4E-StateMachineUpdater] INFO  impl.SimpleStateMachine4Testing (SimpleStateMachine4Testing.java:put(207)) - s0: put 141, m70 -> (t:1, i:141), STATEMACHINELOGENTRY, WRITE: logData.size=3, stateMachineData.size=17, logEntryProtoSerializedSize=0
2024-09-14 09:39:02,146 [s0@group-3CC9820BBA4E-StateMachineUpdater] INFO  impl.SimpleStateMachine4Testing (SimpleStateMachine4Testing.java:applyTransaction(251)) - applyTransaction for log index 143
2024-09-14 09:39:02,146 [s0@group-3CC9820BBA4E-StateMachineUpdater] INFO  impl.SimpleStateMachine4Testing (SimpleStateMachine4Testing.java:put(207)) - s0: put 143, m71 -> (t:1, i:143), STATEMACHINELOGENTRY, WRITE: logData.size=3, stateMachineData.size=17, logEntryProtoSerializedSize=0
2024-09-14 09:39:02,148 [s0@group-3CC9820BBA4E-StateMachineUpdater] INFO  impl.SimpleStateMachine4Testing (SimpleStateMachine4Testing.java:applyTransaction(251)) - applyTransaction for log index 145
2024-09-14 09:39:02,148 [s0@group-3CC9820BBA4E-StateMachineUpdater] INFO  impl.SimpleStateMachine4Testing (SimpleStateMachine4Testing.java:put(207)) - s0: put 145, m72 -> (t:1, i:145), STATEMACHINELOGENTRY, WRITE: logData.size=3, stateMachineData.size=17, logEntryProtoSerializedSize=0
2024-09-14 09:39:02,151 [s0@group-3CC9820BBA4E-StateMachineUpdater] INFO  impl.SimpleStateMachine4Testing (SimpleStateMachine4Testing.java:applyTransaction(251)) - applyTransaction for log index 147
2024-09-14 09:39:02,151 [s0@group-3CC9820BBA4E-StateMachineUpdater] INFO  impl.SimpleStateMachine4Testing (SimpleStateMachine4Testing.java:put(207)) - s0: put 147, m73 -> (t:1, i:147), STATEMACHINELOGENTRY, WRITE: logData.size=3, stateMachineData.size=17, logEntryProtoSerializedSize=0
2024-09-14 09:39:02,153 [s0@group-3CC9820BBA4E-StateMachineUpdater] INFO  impl.SimpleStateMachine4Testing (SimpleStateMachine4Testing.java:applyTransaction(251)) - applyTransaction for log index 149
2024-09-14 09:39:02,154 [s0@group-3CC9820BBA4E-StateMachineUpdater] INFO  impl.SimpleStateMachine4Testing (SimpleStateMachine4Testing.java:put(207)) - s0: put 149, m74 -> (t:1, i:149), STATEMACHINELOGENTRY, WRITE: logData.size=3, stateMachineData.size=17, logEntryProtoSerializedSize=0
2024-09-14 09:39:02,156 [s0@group-3CC9820BBA4E-StateMachineUpdater] INFO  impl.SimpleStateMachine4Testing (SimpleStateMachine4Testing.java:applyTransaction(251)) - applyTransaction for log index 151
2024-09-14 09:39:02,156 [s0@group-3CC9820BBA4E-StateMachineUpdater] INFO  impl.SimpleStateMachine4Testing (SimpleStateMachine4Testing.java:put(207)) - s0: put 151, m75 -> (t:1, i:151), STATEMACHINELOGENTRY, WRITE: logData.size=3, stateMachineData.size=17, logEntryProtoSerializedSize=0
2024-09-14 09:39:02,159 [s0@group-3CC9820BBA4E-StateMachineUpdater] INFO  impl.SimpleStateMachine4Testing (SimpleStateMachine4Testing.java:applyTransaction(251)) - applyTransaction for log index 153
2024-09-14 09:39:02,159 [s0@group-3CC9820BBA4E-StateMachineUpdater] INFO  impl.SimpleStateMachine4Testing (SimpleStateMachine4Testing.java:put(207)) - s0: put 153, m76 -> (t:1, i:153), STATEMACHINELOGENTRY, WRITE: logData.size=3, stateMachineData.size=17, logEntryProtoSerializedSize=0
2024-09-14 09:39:02,162 [s0@group-3CC9820BBA4E-StateMachineUpdater] INFO  impl.SimpleStateMachine4Testing (SimpleStateMachine4Testing.java:applyTransaction(251)) - applyTransaction for log index 155
2024-09-14 09:39:02,162 [s0@group-3CC9820BBA4E-StateMachineUpdater] INFO  impl.SimpleStateMachine4Testing (SimpleStateMachine4Testing.java:put(207)) - s0: put 155, m77 -> (t:1, i:155), STATEMACHINELOGENTRY, WRITE: logData.size=3, stateMachineData.size=17, logEntryProtoSerializedSize=0
2024-09-14 09:39:02,164 [s0@group-3CC9820BBA4E-StateMachineUpdater] INFO  impl.SimpleStateMachine4Testing (SimpleStateMachine4Testing.java:applyTransaction(251)) - applyTransaction for log index 157
2024-09-14 09:39:02,165 [s0@group-3CC9820BBA4E-StateMachineUpdater] INFO  impl.SimpleStateMachine4Testing (SimpleStateMachine4Testing.java:put(207)) - s0: put 157, m78 -> (t:1, i:157), STATEMACHINELOGENTRY, WRITE: logData.size=3, stateMachineData.size=17, logEntryProtoSerializedSize=0
2024-09-14 09:39:02,167 [s0@group-3CC9820BBA4E-StateMachineUpdater] INFO  impl.SimpleStateMachine4Testing (SimpleStateMachine4Testing.java:applyTransaction(251)) - applyTransaction for log index 159
2024-09-14 09:39:02,167 [s0@group-3CC9820BBA4E-StateMachineUpdater] INFO  impl.SimpleStateMachine4Testing (SimpleStateMachine4Testing.java:put(207)) - s0: put 159, m79 -> (t:1, i:159), STATEMACHINELOGENTRY, WRITE: logData.size=3, stateMachineData.size=17, logEntryProtoSerializedSize=0
2024-09-14 09:39:02,170 [s0@group-3CC9820BBA4E-StateMachineUpdater] INFO  impl.SimpleStateMachine4Testing (SimpleStateMachine4Testing.java:applyTransaction(251)) - applyTransaction for log index 161
2024-09-14 09:39:02,170 [s0@group-3CC9820BBA4E-StateMachineUpdater] INFO  impl.SimpleStateMachine4Testing (SimpleStateMachine4Testing.java:put(207)) - s0: put 161, m80 -> (t:1, i:161), STATEMACHINELOGENTRY, WRITE: logData.size=3, stateMachineData.size=17, logEntryProtoSerializedSize=0
2024-09-14 09:39:02,173 [s0@group-3CC9820BBA4E-StateMachineUpdater] INFO  impl.SimpleStateMachine4Testing (SimpleStateMachine4Testing.java:applyTransaction(251)) - applyTransaction for log index 163
2024-09-14 09:39:02,173 [s0@group-3CC9820BBA4E-StateMachineUpdater] INFO  impl.SimpleStateMachine4Testing (SimpleStateMachine4Testing.java:put(207)) - s0: put 163, m81 -> (t:1, i:163), STATEMACHINELOGENTRY, WRITE: logData.size=3, stateMachineData.size=17, logEntryProtoSerializedSize=0
2024-09-14 09:39:02,176 [s0@group-3CC9820BBA4E-StateMachineUpdater] INFO  impl.SimpleStateMachine4Testing (SimpleStateMachine4Testing.java:applyTransaction(251)) - applyTransaction for log index 165
2024-09-14 09:39:02,176 [s0@group-3CC9820BBA4E-StateMachineUpdater] INFO  impl.SimpleStateMachine4Testing (SimpleStateMachine4Testing.java:put(207)) - s0: put 165, m82 -> (t:1, i:165), STATEMACHINELOGENTRY, WRITE: logData.size=3, stateMachineData.size=17, logEntryProtoSerializedSize=0
2024-09-14 09:39:02,180 [s0@group-3CC9820BBA4E-StateMachineUpdater] INFO  impl.SimpleStateMachine4Testing (SimpleStateMachine4Testing.java:applyTransaction(251)) - applyTransaction for log index 167
2024-09-14 09:39:02,181 [s0@group-3CC9820BBA4E-StateMachineUpdater] INFO  impl.SimpleStateMachine4Testing (SimpleStateMachine4Testing.java:put(207)) - s0: put 167, m83 -> (t:1, i:167), STATEMACHINELOGENTRY, WRITE: logData.size=3, stateMachineData.size=17, logEntryProtoSerializedSize=0
2024-09-14 09:39:02,183 [s0@group-3CC9820BBA4E-StateMachineUpdater] INFO  impl.SimpleStateMachine4Testing (SimpleStateMachine4Testing.java:applyTransaction(251)) - applyTransaction for log index 169
2024-09-14 09:39:02,183 [s0@group-3CC9820BBA4E-StateMachineUpdater] INFO  impl.SimpleStateMachine4Testing (SimpleStateMachine4Testing.java:put(207)) - s0: put 169, m84 -> (t:1, i:169), STATEMACHINELOGENTRY, WRITE: logData.size=3, stateMachineData.size=17, logEntryProtoSerializedSize=0
2024-09-14 09:39:02,186 [s0@group-3CC9820BBA4E-StateMachineUpdater] INFO  impl.SimpleStateMachine4Testing (SimpleStateMachine4Testing.java:applyTransaction(251)) - applyTransaction for log index 171
2024-09-14 09:39:02,186 [s0@group-3CC9820BBA4E-StateMachineUpdater] INFO  impl.SimpleStateMachine4Testing (SimpleStateMachine4Testing.java:put(207)) - s0: put 171, m85 -> (t:1, i:171), STATEMACHINELOGENTRY, WRITE: logData.size=3, stateMachineData.size=17, logEntryProtoSerializedSize=0
2024-09-14 09:39:02,189 [s0@group-3CC9820BBA4E-StateMachineUpdater] INFO  impl.SimpleStateMachine4Testing (SimpleStateMachine4Testing.java:applyTransaction(251)) - applyTransaction for log index 173
2024-09-14 09:39:02,189 [s0@group-3CC9820BBA4E-StateMachineUpdater] INFO  impl.SimpleStateMachine4Testing (SimpleStateMachine4Testing.java:put(207)) - s0: put 173, m86 -> (t:1, i:173), STATEMACHINELOGENTRY, WRITE: logData.size=3, stateMachineData.size=17, logEntryProtoSerializedSize=0
2024-09-14 09:39:02,192 [s0@group-3CC9820BBA4E-StateMachineUpdater] INFO  impl.SimpleStateMachine4Testing (SimpleStateMachine4Testing.java:applyTransaction(251)) - applyTransaction for log index 175
2024-09-14 09:39:02,192 [s0@group-3CC9820BBA4E-StateMachineUpdater] INFO  impl.SimpleStateMachine4Testing (SimpleStateMachine4Testing.java:put(207)) - s0: put 175, m87 -> (t:1, i:175), STATEMACHINELOGENTRY, WRITE: logData.size=3, stateMachineData.size=17, logEntryProtoSerializedSize=0
2024-09-14 09:39:02,194 [s0@group-3CC9820BBA4E-StateMachineUpdater] INFO  impl.SimpleStateMachine4Testing (SimpleStateMachine4Testing.java:applyTransaction(251)) - applyTransaction for log index 177
2024-09-14 09:39:02,195 [s0@group-3CC9820BBA4E-StateMachineUpdater] INFO  impl.SimpleStateMachine4Testing (SimpleStateMachine4Testing.java:put(207)) - s0: put 177, m88 -> (t:1, i:177), STATEMACHINELOGENTRY, WRITE: logData.size=3, stateMachineData.size=17, logEntryProtoSerializedSize=0
2024-09-14 09:39:02,198 [s0@group-3CC9820BBA4E-StateMachineUpdater] INFO  impl.SimpleStateMachine4Testing (SimpleStateMachine4Testing.java:applyTransaction(251)) - applyTransaction for log index 179
2024-09-14 09:39:02,198 [s0@group-3CC9820BBA4E-StateMachineUpdater] INFO  impl.SimpleStateMachine4Testing (SimpleStateMachine4Testing.java:put(207)) - s0: put 179, m89 -> (t:1, i:179), STATEMACHINELOGENTRY, WRITE: logData.size=3, stateMachineData.size=17, logEntryProtoSerializedSize=0
2024-09-14 09:39:02,201 [s0@group-3CC9820BBA4E-StateMachineUpdater] INFO  impl.SimpleStateMachine4Testing (SimpleStateMachine4Testing.java:applyTransaction(251)) - applyTransaction for log index 181
2024-09-14 09:39:02,201 [s0@group-3CC9820BBA4E-StateMachineUpdater] INFO  impl.SimpleStateMachine4Testing (SimpleStateMachine4Testing.java:put(207)) - s0: put 181, m90 -> (t:1, i:181), STATEMACHINELOGENTRY, WRITE: logData.size=3, stateMachineData.size=17, logEntryProtoSerializedSize=0
2024-09-14 09:39:02,204 [s0@group-3CC9820BBA4E-StateMachineUpdater] INFO  impl.SimpleStateMachine4Testing (SimpleStateMachine4Testing.java:applyTransaction(251)) - applyTransaction for log index 183
2024-09-14 09:39:02,204 [s0@group-3CC9820BBA4E-StateMachineUpdater] INFO  impl.SimpleStateMachine4Testing (SimpleStateMachine4Testing.java:put(207)) - s0: put 183, m91 -> (t:1, i:183), STATEMACHINELOGENTRY, WRITE: logData.size=3, stateMachineData.size=17, logEntryProtoSerializedSize=0
2024-09-14 09:39:02,208 [s0@group-3CC9820BBA4E-StateMachineUpdater] INFO  impl.SimpleStateMachine4Testing (SimpleStateMachine4Testing.java:applyTransaction(251)) - applyTransaction for log index 185
2024-09-14 09:39:02,208 [s0@group-3CC9820BBA4E-StateMachineUpdater] INFO  impl.SimpleStateMachine4Testing (SimpleStateMachine4Testing.java:put(207)) - s0: put 185, m92 -> (t:1, i:185), STATEMACHINELOGENTRY, WRITE: logData.size=3, stateMachineData.size=17, logEntryProtoSerializedSize=0
2024-09-14 09:39:02,211 [s0@group-3CC9820BBA4E-StateMachineUpdater] INFO  impl.SimpleStateMachine4Testing (SimpleStateMachine4Testing.java:applyTransaction(251)) - applyTransaction for log index 187
2024-09-14 09:39:02,211 [s0@group-3CC9820BBA4E-StateMachineUpdater] INFO  impl.SimpleStateMachine4Testing (SimpleStateMachine4Testing.java:put(207)) - s0: put 187, m93 -> (t:1, i:187), STATEMACHINELOGENTRY, WRITE: logData.size=3, stateMachineData.size=17, logEntryProtoSerializedSize=0
2024-09-14 09:39:02,215 [s0@group-3CC9820BBA4E-StateMachineUpdater] INFO  impl.SimpleStateMachine4Testing (SimpleStateMachine4Testing.java:applyTransaction(251)) - applyTransaction for log index 189
2024-09-14 09:39:02,215 [s0@group-3CC9820BBA4E-StateMachineUpdater] INFO  impl.SimpleStateMachine4Testing (SimpleStateMachine4Testing.java:put(207)) - s0: put 189, m94 -> (t:1, i:189), STATEMACHINELOGENTRY, WRITE: logData.size=3, stateMachineData.size=17, logEntryProtoSerializedSize=0
2024-09-14 09:39:02,218 [s0@group-3CC9820BBA4E-StateMachineUpdater] INFO  impl.SimpleStateMachine4Testing (SimpleStateMachine4Testing.java:applyTransaction(251)) - applyTransaction for log index 191
2024-09-14 09:39:02,218 [s0@group-3CC9820BBA4E-StateMachineUpdater] INFO  impl.SimpleStateMachine4Testing (SimpleStateMachine4Testing.java:put(207)) - s0: put 191, m95 -> (t:1, i:191), STATEMACHINELOGENTRY, WRITE: logData.size=3, stateMachineData.size=17, logEntryProtoSerializedSize=0
2024-09-14 09:39:02,220 [s0@group-3CC9820BBA4E-StateMachineUpdater] INFO  segmented.BufferedWriteChannel (BufferedWriteChannel.java:open(61)) - open snapshot.1_191 at position 0
2024-09-14 09:39:02,231 [s0@group-3CC9820BBA4E-StateMachineUpdater] TRACE util.FileUtils (LogUtils.java:supplyAndLog(69)) - Successfully supplied FileChannel.open /home/runner/work/ratis/ratis/ratis-test/target/test/data/c75294bd/MiniRaftClusterWithGrpc437c29fe/s0/ba30cfb9-f514-478c-92bf-3cc9820bba4e/sm/snapshot.1_191 with options [READ]: sun.nio.ch.FileChannelImpl@3bc072a9
2024-09-14 09:39:02,232 [s0@group-3CC9820BBA4E-StateMachineUpdater] TRACE util.FileUtils (LogUtils.java:supplyAndLog(69)) - Successfully supplied FileChannel.open /home/runner/work/ratis/ratis/ratis-test/target/test/data/c75294bd/MiniRaftClusterWithGrpc437c29fe/s0/ba30cfb9-f514-478c-92bf-3cc9820bba4e/sm/snapshot.1_191.md5.tmp with options [CREATE, WRITE]: sun.nio.ch.FileChannelImpl@3040943f
2024-09-14 09:39:02,233 [s0@group-3CC9820BBA4E-StateMachineUpdater] TRACE util.FileUtils (LogUtils.java:runAndLog(49)) - Successfully ran Atomic Files.move /home/runner/work/ratis/ratis/ratis-test/target/test/data/c75294bd/MiniRaftClusterWithGrpc437c29fe/s0/ba30cfb9-f514-478c-92bf-3cc9820bba4e/sm/snapshot.1_191.md5.tmp to /home/runner/work/ratis/ratis/ratis-test/target/test/data/c75294bd/MiniRaftClusterWithGrpc437c29fe/s0/ba30cfb9-f514-478c-92bf-3cc9820bba4e/sm/snapshot.1_191.md5 with options [REPLACE_EXISTING]
2024-09-14 09:39:02,233 [s0@group-3CC9820BBA4E-StateMachineUpdater] INFO  impl.StateMachineUpdater (StateMachineUpdater.java:takeSnapshot(308)) - s0@group-3CC9820BBA4E-StateMachineUpdater: Took a snapshot at index 191
2024-09-14 09:39:02,233 [s0@group-3CC9820BBA4E-StateMachineUpdater] INFO  impl.StateMachineUpdater (StateMachineUpdater.java:lambda$new$0(102)) - s0@group-3CC9820BBA4E-StateMachineUpdater: snapshotIndex: updateIncreasingly 127 -> 191
2024-09-14 09:39:02,233 [s0@group-3CC9820BBA4E-StateMachineUpdater] INFO  raftlog.RaftLog (RaftLogBase.java:purge(329)) - s0@group-3CC9820BBA4E-SegmentedRaftLog: purge 191
2024-09-14 09:39:02,234 [s0@group-3CC9820BBA4E-StateMachineUpdater] INFO  raftlog.RaftLog (RaftLogBase.java:lambda$new$0(57)) - s0@group-3CC9820BBA4E-SegmentedRaftLog: snapshotIndex: updateIncreasingly 127 -> 191
2024-09-14 09:39:02,234 [s0@group-3CC9820BBA4E-StateMachineUpdater] INFO  raftlog.RaftLog (RaftLogBase.java:lambda$new$0(57)) - s0@group-3CC9820BBA4E-SegmentedRaftLog: purgeIndex: updateToMax old=127, new=191, updated? true
2024-09-14 09:39:02,234 [s0@group-3CC9820BBA4E-StateMachineUpdater] INFO  impl.SimpleStateMachine4Testing (SimpleStateMachine4Testing.java:applyTransaction(251)) - applyTransaction for log index 193
2024-09-14 09:39:02,234 [s0@group-3CC9820BBA4E-StateMachineUpdater] INFO  impl.SimpleStateMachine4Testing (SimpleStateMachine4Testing.java:put(207)) - s0: put 193, m96 -> (t:1, i:193), STATEMACHINELOGENTRY, WRITE: logData.size=3, stateMachineData.size=17, logEntryProtoSerializedSize=0
2024-09-14 09:39:02,241 [s0@group-3CC9820BBA4E-StateMachineUpdater] INFO  impl.SimpleStateMachine4Testing (SimpleStateMachine4Testing.java:applyTransaction(251)) - applyTransaction for log index 195
2024-09-14 09:39:02,241 [s0@group-3CC9820BBA4E-StateMachineUpdater] INFO  impl.SimpleStateMachine4Testing (SimpleStateMachine4Testing.java:put(207)) - s0: put 195, m97 -> (t:1, i:195), STATEMACHINELOGENTRY, WRITE: logData.size=3, stateMachineData.size=17, logEntryProtoSerializedSize=0
2024-09-14 09:39:02,244 [s0@group-3CC9820BBA4E-StateMachineUpdater] INFO  impl.SimpleStateMachine4Testing (SimpleStateMachine4Testing.java:applyTransaction(251)) - applyTransaction for log index 197
2024-09-14 09:39:02,244 [s0@group-3CC9820BBA4E-StateMachineUpdater] INFO  impl.SimpleStateMachine4Testing (SimpleStateMachine4Testing.java:put(207)) - s0: put 197, m98 -> (t:1, i:197), STATEMACHINELOGENTRY, WRITE: logData.size=3, stateMachineData.size=17, logEntryProtoSerializedSize=0
2024-09-14 09:39:02,247 [s0@group-3CC9820BBA4E-StateMachineUpdater] INFO  impl.SimpleStateMachine4Testing (SimpleStateMachine4Testing.java:applyTransaction(251)) - applyTransaction for log index 199
2024-09-14 09:39:02,247 [s0@group-3CC9820BBA4E-StateMachineUpdater] INFO  impl.SimpleStateMachine4Testing (SimpleStateMachine4Testing.java:put(207)) - s0: put 199, m99 -> (t:1, i:199), STATEMACHINELOGENTRY, WRITE: logData.size=3, stateMachineData.size=17, logEntryProtoSerializedSize=0
2024-09-14 09:39:02,249 [s0@group-3CC9820BBA4E-StateMachineUpdater] INFO  impl.SimpleStateMachine4Testing (SimpleStateMachine4Testing.java:applyTransaction(251)) - applyTransaction for log index 201
2024-09-14 09:39:02,249 [s0@group-3CC9820BBA4E-StateMachineUpdater] INFO  impl.SimpleStateMachine4Testing (SimpleStateMachine4Testing.java:put(207)) - s0: put 201, m100 -> (t:1, i:201), STATEMACHINELOGENTRY, WRITE: logData.size=4, stateMachineData.size=17, logEntryProtoSerializedSize=0
2024-09-14 09:39:02,252 [s0@group-3CC9820BBA4E-StateMachineUpdater] INFO  impl.SimpleStateMachine4Testing (SimpleStateMachine4Testing.java:applyTransaction(251)) - applyTransaction for log index 203
2024-09-14 09:39:02,252 [s0@group-3CC9820BBA4E-StateMachineUpdater] INFO  impl.SimpleStateMachine4Testing (SimpleStateMachine4Testing.java:put(207)) - s0: put 203, m101 -> (t:1, i:203), STATEMACHINELOGENTRY, WRITE: logData.size=4, stateMachineData.size=17, logEntryProtoSerializedSize=0
2024-09-14 09:39:02,254 [s0@group-3CC9820BBA4E-StateMachineUpdater] INFO  impl.SimpleStateMachine4Testing (SimpleStateMachine4Testing.java:applyTransaction(251)) - applyTransaction for log index 205
2024-09-14 09:39:02,254 [s0@group-3CC9820BBA4E-StateMachineUpdater] INFO  impl.SimpleStateMachine4Testing (SimpleStateMachine4Testing.java:put(207)) - s0: put 205, m102 -> (t:1, i:205), STATEMACHINELOGENTRY, WRITE: logData.size=4, stateMachineData.size=17, logEntryProtoSerializedSize=0
2024-09-14 09:39:02,257 [s0@group-3CC9820BBA4E-StateMachineUpdater] INFO  impl.SimpleStateMachine4Testing (SimpleStateMachine4Testing.java:applyTransaction(251)) - applyTransaction for log index 207
2024-09-14 09:39:02,257 [s0@group-3CC9820BBA4E-StateMachineUpdater] INFO  impl.SimpleStateMachine4Testing (SimpleStateMachine4Testing.java:put(207)) - s0: put 207, m103 -> (t:1, i:207), STATEMACHINELOGENTRY, WRITE: logData.size=4, stateMachineData.size=17, logEntryProtoSerializedSize=0
2024-09-14 09:39:02,259 [s0@group-3CC9820BBA4E-StateMachineUpdater] INFO  impl.SimpleStateMachine4Testing (SimpleStateMachine4Testing.java:applyTransaction(251)) - applyTransaction for log index 209
2024-09-14 09:39:02,259 [s0@group-3CC9820BBA4E-StateMachineUpdater] INFO  impl.SimpleStateMachine4Testing (SimpleStateMachine4Testing.java:put(207)) - s0: put 209, m104 -> (t:1, i:209), STATEMACHINELOGENTRY, WRITE: logData.size=4, stateMachineData.size=17, logEntryProtoSerializedSize=0
2024-09-14 09:39:02,262 [s0@group-3CC9820BBA4E-StateMachineUpdater] INFO  impl.SimpleStateMachine4Testing (SimpleStateMachine4Testing.java:applyTransaction(251)) - applyTransaction for log index 211
2024-09-14 09:39:02,262 [s0@group-3CC9820BBA4E-StateMachineUpdater] INFO  impl.SimpleStateMachine4Testing (SimpleStateMachine4Testing.java:put(207)) - s0: put 211, m105 -> (t:1, i:211), STATEMACHINELOGENTRY, WRITE: logData.size=4, stateMachineData.size=17, logEntryProtoSerializedSize=0
2024-09-14 09:39:02,265 [s0@group-3CC9820BBA4E-StateMachineUpdater] INFO  impl.SimpleStateMachine4Testing (SimpleStateMachine4Testing.java:applyTransaction(251)) - applyTransaction for log index 213
2024-09-14 09:39:02,265 [s0@group-3CC9820BBA4E-StateMachineUpdater] INFO  impl.SimpleStateMachine4Testing (SimpleStateMachine4Testing.java:put(207)) - s0: put 213, m106 -> (t:1, i:213), STATEMACHINELOGENTRY, WRITE: logData.size=4, stateMachineData.size=17, logEntryProtoSerializedSize=0
2024-09-14 09:39:02,267 [s0@group-3CC9820BBA4E-StateMachineUpdater] INFO  impl.SimpleStateMachine4Testing (SimpleStateMachine4Testing.java:applyTransaction(251)) - applyTransaction for log index 215
2024-09-14 09:39:02,267 [s0@group-3CC9820BBA4E-StateMachineUpdater] INFO  impl.SimpleStateMachine4Testing (SimpleStateMachine4Testing.java:put(207)) - s0: put 215, m107 -> (t:1, i:215), STATEMACHINELOGENTRY, WRITE: logData.size=4, stateMachineData.size=17, logEntryProtoSerializedSize=0
2024-09-14 09:39:02,271 [s0@group-3CC9820BBA4E-StateMachineUpdater] INFO  impl.SimpleStateMachine4Testing (SimpleStateMachine4Testing.java:applyTransaction(251)) - applyTransaction for log index 217
2024-09-14 09:39:02,271 [s0@group-3CC9820BBA4E-StateMachineUpdater] INFO  impl.SimpleStateMachine4Testing (SimpleStateMachine4Testing.java:put(207)) - s0: put 217, m108 -> (t:1, i:217), STATEMACHINELOGENTRY, WRITE: logData.size=4, stateMachineData.size=17, logEntryProtoSerializedSize=0
2024-09-14 09:39:02,276 [s0@group-3CC9820BBA4E-StateMachineUpdater] INFO  impl.SimpleStateMachine4Testing (SimpleStateMachine4Testing.java:applyTransaction(251)) - applyTransaction for log index 219
2024-09-14 09:39:02,276 [s0@group-3CC9820BBA4E-StateMachineUpdater] INFO  impl.SimpleStateMachine4Testing (SimpleStateMachine4Testing.java:put(207)) - s0: put 219, m109 -> (t:1, i:219), STATEMACHINELOGENTRY, WRITE: logData.size=4, stateMachineData.size=17, logEntryProtoSerializedSize=0
2024-09-14 09:39:02,278 [s0@group-3CC9820BBA4E-StateMachineUpdater] INFO  impl.SimpleStateMachine4Testing (SimpleStateMachine4Testing.java:applyTransaction(251)) - applyTransaction for log index 221
2024-09-14 09:39:02,278 [s0@group-3CC9820BBA4E-StateMachineUpdater] INFO  impl.SimpleStateMachine4Testing (SimpleStateMachine4Testing.java:put(207)) - s0: put 221, m110 -> (t:1, i:221), STATEMACHINELOGENTRY, WRITE: logData.size=4, stateMachineData.size=17, logEntryProtoSerializedSize=0
2024-09-14 09:39:02,281 [s0@group-3CC9820BBA4E-StateMachineUpdater] INFO  impl.SimpleStateMachine4Testing (SimpleStateMachine4Testing.java:applyTransaction(251)) - applyTransaction for log index 223
2024-09-14 09:39:02,281 [s0@group-3CC9820BBA4E-StateMachineUpdater] INFO  impl.SimpleStateMachine4Testing (SimpleStateMachine4Testing.java:put(207)) - s0: put 223, m111 -> (t:1, i:223), STATEMACHINELOGENTRY, WRITE: logData.size=4, stateMachineData.size=17, logEntryProtoSerializedSize=0
2024-09-14 09:39:02,283 [s0@group-3CC9820BBA4E-StateMachineUpdater] INFO  impl.SimpleStateMachine4Testing (SimpleStateMachine4Testing.java:applyTransaction(251)) - applyTransaction for log index 225
2024-09-14 09:39:02,283 [s0@group-3CC9820BBA4E-StateMachineUpdater] INFO  impl.SimpleStateMachine4Testing (SimpleStateMachine4Testing.java:put(207)) - s0: put 225, m112 -> (t:1, i:225), STATEMACHINELOGENTRY, WRITE: logData.size=4, stateMachineData.size=17, logEntryProtoSerializedSize=0
2024-09-14 09:39:02,285 [s0@group-3CC9820BBA4E-StateMachineUpdater] INFO  impl.SimpleStateMachine4Testing (SimpleStateMachine4Testing.java:applyTransaction(251)) - applyTransaction for log index 227
2024-09-14 09:39:02,285 [s0@group-3CC9820BBA4E-StateMachineUpdater] INFO  impl.SimpleStateMachine4Testing (SimpleStateMachine4Testing.java:put(207)) - s0: put 227, m113 -> (t:1, i:227), STATEMACHINELOGENTRY, WRITE: logData.size=4, stateMachineData.size=17, logEntryProtoSerializedSize=0
2024-09-14 09:39:02,288 [s0@group-3CC9820BBA4E-StateMachineUpdater] INFO  impl.SimpleStateMachine4Testing (SimpleStateMachine4Testing.java:applyTransaction(251)) - applyTransaction for log index 229
2024-09-14 09:39:02,288 [s0@group-3CC9820BBA4E-StateMachineUpdater] INFO  impl.SimpleStateMachine4Testing (SimpleStateMachine4Testing.java:put(207)) - s0: put 229, m114 -> (t:1, i:229), STATEMACHINELOGENTRY, WRITE: logData.size=4, stateMachineData.size=17, logEntryProtoSerializedSize=0
2024-09-14 09:39:02,291 [s0@group-3CC9820BBA4E-StateMachineUpdater] INFO  impl.SimpleStateMachine4Testing (SimpleStateMachine4Testing.java:applyTransaction(251)) - applyTransaction for log index 231
2024-09-14 09:39:02,291 [s0@group-3CC9820BBA4E-StateMachineUpdater] INFO  impl.SimpleStateMachine4Testing (SimpleStateMachine4Testing.java:put(207)) - s0: put 231, m115 -> (t:1, i:231), STATEMACHINELOGENTRY, WRITE: logData.size=4, stateMachineData.size=17, logEntryProtoSerializedSize=0
2024-09-14 09:39:02,293 [s0@group-3CC9820BBA4E-StateMachineUpdater] INFO  impl.SimpleStateMachine4Testing (SimpleStateMachine4Testing.java:applyTransaction(251)) - applyTransaction for log index 233
2024-09-14 09:39:02,293 [s0@group-3CC9820BBA4E-StateMachineUpdater] INFO  impl.SimpleStateMachine4Testing (SimpleStateMachine4Testing.java:put(207)) - s0: put 233, m116 -> (t:1, i:233), STATEMACHINELOGENTRY, WRITE: logData.size=4, stateMachineData.size=17, logEntryProtoSerializedSize=0
2024-09-14 09:39:02,295 [s0@group-3CC9820BBA4E-StateMachineUpdater] INFO  impl.SimpleStateMachine4Testing (SimpleStateMachine4Testing.java:applyTransaction(251)) - applyTransaction for log index 235
2024-09-14 09:39:02,295 [s0@group-3CC9820BBA4E-StateMachineUpdater] INFO  impl.SimpleStateMachine4Testing (SimpleStateMachine4Testing.java:put(207)) - s0: put 235, m117 -> (t:1, i:235), STATEMACHINELOGENTRY, WRITE: logData.size=4, stateMachineData.size=17, logEntryProtoSerializedSize=0
2024-09-14 09:39:02,298 [s0@group-3CC9820BBA4E-StateMachineUpdater] INFO  impl.SimpleStateMachine4Testing (SimpleStateMachine4Testing.java:applyTransaction(251)) - applyTransaction for log index 237
2024-09-14 09:39:02,298 [s0@group-3CC9820BBA4E-StateMachineUpdater] INFO  impl.SimpleStateMachine4Testing (SimpleStateMachine4Testing.java:put(207)) - s0: put 237, m118 -> (t:1, i:237), STATEMACHINELOGENTRY, WRITE: logData.size=4, stateMachineData.size=17, logEntryProtoSerializedSize=0
2024-09-14 09:39:02,300 [s0@group-3CC9820BBA4E-StateMachineUpdater] INFO  impl.SimpleStateMachine4Testing (SimpleStateMachine4Testing.java:applyTransaction(251)) - applyTransaction for log index 239
2024-09-14 09:39:02,300 [s0@group-3CC9820BBA4E-StateMachineUpdater] INFO  impl.SimpleStateMachine4Testing (SimpleStateMachine4Testing.java:put(207)) - s0: put 239, m119 -> (t:1, i:239), STATEMACHINELOGENTRY, WRITE: logData.size=4, stateMachineData.size=17, logEntryProtoSerializedSize=0
2024-09-14 09:39:02,304 [s0@group-3CC9820BBA4E-StateMachineUpdater] INFO  impl.SimpleStateMachine4Testing (SimpleStateMachine4Testing.java:applyTransaction(251)) - applyTransaction for log index 241
2024-09-14 09:39:02,304 [s0@group-3CC9820BBA4E-StateMachineUpdater] INFO  impl.SimpleStateMachine4Testing (SimpleStateMachine4Testing.java:put(207)) - s0: put 241, m120 -> (t:1, i:241), STATEMACHINELOGENTRY, WRITE: logData.size=4, stateMachineData.size=17, logEntryProtoSerializedSize=0
2024-09-14 09:39:02,306 [s0@group-3CC9820BBA4E-StateMachineUpdater] INFO  impl.SimpleStateMachine4Testing (SimpleStateMachine4Testing.java:applyTransaction(251)) - applyTransaction for log index 243
2024-09-14 09:39:02,306 [s0@group-3CC9820BBA4E-StateMachineUpdater] INFO  impl.SimpleStateMachine4Testing (SimpleStateMachine4Testing.java:put(207)) - s0: put 243, m121 -> (t:1, i:243), STATEMACHINELOGENTRY, WRITE: logData.size=4, stateMachineData.size=17, logEntryProtoSerializedSize=0
2024-09-14 09:39:02,309 [s0@group-3CC9820BBA4E-StateMachineUpdater] INFO  impl.SimpleStateMachine4Testing (SimpleStateMachine4Testing.java:applyTransaction(251)) - applyTransaction for log index 245
2024-09-14 09:39:02,309 [s0@group-3CC9820BBA4E-StateMachineUpdater] INFO  impl.SimpleStateMachine4Testing (SimpleStateMachine4Testing.java:put(207)) - s0: put 245, m122 -> (t:1, i:245), STATEMACHINELOGENTRY, WRITE: logData.size=4, stateMachineData.size=17, logEntryProtoSerializedSize=0
2024-09-14 09:39:02,312 [s0@group-3CC9820BBA4E-StateMachineUpdater] INFO  impl.SimpleStateMachine4Testing (SimpleStateMachine4Testing.java:applyTransaction(251)) - applyTransaction for log index 247
2024-09-14 09:39:02,312 [s0@group-3CC9820BBA4E-StateMachineUpdater] INFO  impl.SimpleStateMachine4Testing (SimpleStateMachine4Testing.java:put(207)) - s0: put 247, m123 -> (t:1, i:247), STATEMACHINELOGENTRY, WRITE: logData.size=4, stateMachineData.size=17, logEntryProtoSerializedSize=0
2024-09-14 09:39:02,315 [s0@group-3CC9820BBA4E-StateMachineUpdater] INFO  impl.SimpleStateMachine4Testing (SimpleStateMachine4Testing.java:applyTransaction(251)) - applyTransaction for log index 249
2024-09-14 09:39:02,315 [s0@group-3CC9820BBA4E-StateMachineUpdater] INFO  impl.SimpleStateMachine4Testing (SimpleStateMachine4Testing.java:put(207)) - s0: put 249, m124 -> (t:1, i:249), STATEMACHINELOGENTRY, WRITE: logData.size=4, stateMachineData.size=17, logEntryProtoSerializedSize=0
2024-09-14 09:39:02,318 [s0@group-3CC9820BBA4E-StateMachineUpdater] INFO  impl.SimpleStateMachine4Testing (SimpleStateMachine4Testing.java:applyTransaction(251)) - applyTransaction for log index 251
2024-09-14 09:39:02,318 [s0@group-3CC9820BBA4E-StateMachineUpdater] INFO  impl.SimpleStateMachine4Testing (SimpleStateMachine4Testing.java:put(207)) - s0: put 251, m125 -> (t:1, i:251), STATEMACHINELOGENTRY, WRITE: logData.size=4, stateMachineData.size=17, logEntryProtoSerializedSize=0
2024-09-14 09:39:02,321 [s0@group-3CC9820BBA4E-StateMachineUpdater] INFO  impl.SimpleStateMachine4Testing (SimpleStateMachine4Testing.java:applyTransaction(251)) - applyTransaction for log index 253
2024-09-14 09:39:02,321 [s0@group-3CC9820BBA4E-StateMachineUpdater] INFO  impl.SimpleStateMachine4Testing (SimpleStateMachine4Testing.java:put(207)) - s0: put 253, m126 -> (t:1, i:253), STATEMACHINELOGENTRY, WRITE: logData.size=4, stateMachineData.size=17, logEntryProtoSerializedSize=0
2024-09-14 09:39:02,327 [s0-server-thread1] INFO  server.RaftServer$Division (RaftServerImpl.java:takeSnapshotAsync(1259)) - s0@group-3CC9820BBA4E: takeSnapshotAsync SnapshotManagementRequest:client-250E8D42A183->s0@group-3CC9820BBA4E, cid=257, seq=null, RO, null, Create:
2024-09-14 09:39:02,327 [s0-server-thread1] INFO  server.RaftServerConfigKeys (ConfUtils.java:logGet(46)) - raft.server.snapshot.creation.gap = 1024 (default)
2024-09-14 09:39:02,330 [main] INFO  impl.MiniRaftCluster (MiniRaftCluster.java:addNewPeers(468)) - Add new peers [s1, s2]
2024-09-14 09:39:02,331 [main] INFO  impl.MiniRaftCluster (MiniRaftCluster.java:newRaftServer(386)) - newRaftServer: s1, group-3CC9820BBA4E:[], format? true
2024-09-14 09:39:02,331 [main] TRACE util.FileUtils (FileUtils.java:deleteFully(305)) - deleteFully target/test/data/c75294bd/MiniRaftClusterWithGrpc437c29fe/s1
2024-09-14 09:39:02,331 [main] TRACE util.FileUtils (FileUtils.java:deleteFully(318)) - deleteFully: target/test/data/c75294bd/MiniRaftClusterWithGrpc437c29fe/s1 does not exist.
2024-09-14 09:39:02,332 [main] INFO  impl.MiniRaftCluster (MiniRaftCluster.java:newRaftServer(391)) - Formatted directory target/test/data/c75294bd/MiniRaftClusterWithGrpc437c29fe/s1
2024-09-14 09:39:02,332 [main] INFO  server.RaftServer (ConfUtils.java:logGet(46)) - raft.rpc.type = GRPC (default)
2024-09-14 09:39:02,332 [main] INFO  grpc.GrpcConfigKeys (ConfUtils.java:logFallback(53)) - raft.grpc.admin.host = null (fallback to raft.grpc.server.host)
2024-09-14 09:39:02,333 [main] INFO  grpc.GrpcConfigKeys (ConfUtils.java:logFallback(53)) - raft.grpc.admin.port = 15010 (fallback to raft.grpc.server.port)
2024-09-14 09:39:02,333 [main] INFO  grpc.GrpcConfigKeys (ConfUtils.java:logFallback(53)) - raft.grpc.client.host = null (fallback to raft.grpc.server.host)
2024-09-14 09:39:02,333 [main] INFO  grpc.GrpcConfigKeys (ConfUtils.java:logFallback(53)) - raft.grpc.client.port = 15010 (fallback to raft.grpc.server.port)
2024-09-14 09:39:02,334 [main] INFO  grpc.GrpcConfigKeys (ConfUtils.java:logGet(46)) - raft.grpc.server.host = null (default)
2024-09-14 09:39:02,334 [main] INFO  grpc.GrpcConfigKeys (ConfUtils.java:logGet(46)) - raft.grpc.server.port = 15010 (custom)
2024-09-14 09:39:02,334 [main] INFO  server.GrpcService (ConfUtils.java:logGet(46)) - raft.grpc.message.size.max = 64MB (=67108864) (default)
2024-09-14 09:39:02,334 [main] INFO  server.GrpcService (ConfUtils.java:logGet(46)) - raft.grpc.flow.control.window = 1MB (=1048576) (default)
2024-09-14 09:39:02,335 [main] INFO  server.RaftServerConfigKeys (ConfUtils.java:logGet(46)) - raft.server.rpc.request.timeout = 3000ms (default)
2024-09-14 09:39:02,335 [main] INFO  grpc.GrpcConfigKeys (ConfUtils.java:logGet(46)) - raft.grpc.server.heartbeat.channel = true (default)
2024-09-14 09:39:02,335 [main] INFO  grpc.GrpcConfigKeys (ConfUtils.java:logGet(46)) - raft.grpc.server.zerocopy.enabled = true (custom)
2024-09-14 09:39:02,336 [main] INFO  server.RaftServerConfigKeys (ConfUtils.java:logGet(46)) - raft.server.log.appender.buffer.byte-limit = 4MB (=4194304) (default)
2024-09-14 09:39:02,336 [main] INFO  grpc.GrpcConfigKeys (ConfUtils.java:logGet(46)) - raft.grpc.server.async.request.thread.pool.cached = true (default)
2024-09-14 09:39:02,336 [main] INFO  grpc.GrpcConfigKeys (ConfUtils.java:logGet(46)) - raft.grpc.server.async.request.thread.pool.size = 32 (default)
2024-09-14 09:39:02,338 [main] INFO  impl.DataStreamServerImpl (ConfUtils.java:logGet(46)) - raft.datastream.type = DISABLED (default)
2024-09-14 09:39:02,338 [main] INFO  server.RaftServerConfigKeys (ConfUtils.java:logGet(46)) - raft.server.sleep.deviation.threshold = 300ms (default)
2024-09-14 09:39:02,338 [main] INFO  server.RaftServerConfigKeys (ConfUtils.java:logGet(46)) - raft.server.close.threshold = 60s (default)
2024-09-14 09:39:02,339 [main] INFO  server.RaftServerConfigKeys (ConfUtils.java:logGet(46)) - raft.server.leaderelection.leader.step-down.wait-time = 10s (default)
2024-09-14 09:39:02,339 [main] INFO  server.RaftServerConfigKeys (ConfUtils.java:logGet(46)) - raft.server.storage.dir = [/home/runner/work/ratis/ratis/ratis-test/target/test/data/c75294bd/MiniRaftClusterWithGrpc437c29fe/s1] (custom)
2024-09-14 09:39:02,339 [main] INFO  server.RaftServerConfigKeys (ConfUtils.java:logGet(46)) - raft.server.threadpool.proxy.cached = true (default)
2024-09-14 09:39:02,340 [main] INFO  server.RaftServerConfigKeys (ConfUtils.java:logGet(46)) - raft.server.threadpool.proxy.size = 0 (default)
2024-09-14 09:39:02,340 [main] INFO  server.RaftServer (RaftServerProxy.java:addNew(101)) - s1: addNew group-3CC9820BBA4E:[] returns group-3CC9820BBA4E:java.util.concurrent.CompletableFuture@7cddc50f[Not completed]
2024-09-14 09:39:02,340 [s1-groupManagement] INFO  server.RaftServerConfigKeys (ConfUtils.java:logGet(46)) - raft.server.log.segment.size.max = 32MB (=33554432) (default)
2024-09-14 09:39:02,340 [main] INFO  impl.MiniRaftCluster (MiniRaftCluster.java:newRaftServer(386)) - newRaftServer: s2, group-3CC9820BBA4E:[], format? true
2024-09-14 09:39:02,341 [s1-groupManagement] INFO  server.RaftServerConfigKeys (ConfUtils.java:logGet(46)) - raft.server.log.preallocated.size = 4MB (=4194304) (default)
2024-09-14 09:39:02,341 [main] TRACE util.FileUtils (FileUtils.java:deleteFully(305)) - deleteFully target/test/data/c75294bd/MiniRaftClusterWithGrpc437c29fe/s2
2024-09-14 09:39:02,341 [s1-groupManagement] INFO  server.RaftServerConfigKeys (ConfUtils.java:logGet(46)) - raft.server.log.write.buffer.size = 8MB (=8388608) (default)
2024-09-14 09:39:02,341 [main] TRACE util.FileUtils (FileUtils.java:deleteFully(318)) - deleteFully: target/test/data/c75294bd/MiniRaftClusterWithGrpc437c29fe/s2 does not exist.
2024-09-14 09:39:02,341 [main] INFO  impl.MiniRaftCluster (MiniRaftCluster.java:newRaftServer(391)) - Formatted directory target/test/data/c75294bd/MiniRaftClusterWithGrpc437c29fe/s2
2024-09-14 09:39:02,341 [s1-groupManagement] INFO  server.RaftServer$Division (RaftServerImpl.java:<init>(255)) - s1: new RaftServerImpl for group-3CC9820BBA4E:[] with StateMachineWithMultiNestedSnapshotFile:uninitialized
2024-09-14 09:39:02,342 [s1-groupManagement] INFO  server.RaftServerConfigKeys (ConfUtils.java:logGet(46)) - raft.server.rpc.timeout.min = 150ms (default)
2024-09-14 09:39:02,342 [s1-groupManagement] INFO  server.RaftServerConfigKeys (ConfUtils.java:logGet(46)) - raft.server.rpc.timeout.max = 300ms (default)
2024-09-14 09:39:02,342 [main] INFO  server.RaftServer (ConfUtils.java:logGet(46)) - raft.rpc.type = GRPC (default)
2024-09-14 09:39:02,342 [s1-groupManagement] INFO  server.RaftServerConfigKeys (ConfUtils.java:logGet(46)) - raft.server.rpc.sleep.time = 25ms (default)
2024-09-14 09:39:02,342 [main] INFO  grpc.GrpcConfigKeys (ConfUtils.java:logFallback(53)) - raft.grpc.admin.host = null (fallback to raft.grpc.server.host)
2024-09-14 09:39:02,342 [s1-groupManagement] INFO  server.RaftServerConfigKeys (ConfUtils.java:logGet(46)) - raft.server.rpc.slowness.timeout = 60s (default)
2024-09-14 09:39:02,343 [main] INFO  grpc.GrpcConfigKeys (ConfUtils.java:logFallback(53)) - raft.grpc.admin.port = 15011 (fallback to raft.grpc.server.port)
2024-09-14 09:39:02,343 [s1-groupManagement] INFO  server.RaftServerConfigKeys (ConfUtils.java:logGet(46)) - raft.server.leaderelection.leader.step-down.wait-time = 10s (default)
2024-09-14 09:39:02,344 [main] INFO  grpc.GrpcConfigKeys (ConfUtils.java:logFallback(53)) - raft.grpc.client.host = null (fallback to raft.grpc.server.host)
2024-09-14 09:39:02,344 [s1-groupManagement] INFO  server.RaftServerConfigKeys (ConfUtils.java:logGet(46)) - raft.server.leaderelection.member.majority-add = true (custom)
2024-09-14 09:39:02,344 [main] INFO  grpc.GrpcConfigKeys (ConfUtils.java:logFallback(53)) - raft.grpc.client.port = 15011 (fallback to raft.grpc.server.port)
2024-09-14 09:39:02,344 [s1-groupManagement] INFO  server.RaftServerConfigKeys (ConfUtils.java:logGet(46)) - raft.server.sleep.deviation.threshold = 300ms (default)
2024-09-14 09:39:02,344 [main] INFO  grpc.GrpcConfigKeys (ConfUtils.java:logGet(46)) - raft.grpc.server.host = null (default)
2024-09-14 09:39:02,344 [s1-groupManagement] INFO  server.RaftServer$Division (ServerState.java:<init>(114)) - s1@group-3CC9820BBA4E: ConfigurationManager, init=conf: {index: -1, cur=peers:[]|listeners:[], old=null}, confs=<EMPTY_MAP>
2024-09-14 09:39:02,345 [s1-groupManagement] INFO  server.RaftServerConfigKeys (ConfUtils.java:logGet(46)) - raft.server.notification.no-leader.timeout = 60s (default)
2024-09-14 09:39:02,345 [s1-groupManagement] INFO  server.RaftServerConfigKeys (ConfUtils.java:logGet(46)) - raft.server.read.timeout = 10s (default)
2024-09-14 09:39:02,345 [s1-groupManagement] INFO  server.RaftServerConfigKeys (ConfUtils.java:logGet(46)) - raft.server.retrycache.expirytime = 60s (default)
2024-09-14 09:39:02,345 [s1-groupManagement] INFO  server.RaftServerConfigKeys (ConfUtils.java:logGet(46)) - raft.server.retrycache.statistics.expirytime = 100ms (default)
2024-09-14 09:39:02,345 [s1-groupManagement] INFO  server.RaftServerConfigKeys (ConfUtils.java:logGet(46)) - raft.server.read.option = DEFAULT (default)
2024-09-14 09:39:02,345 [s1-groupManagement] INFO  server.RaftServerConfigKeys (ConfUtils.java:logGet(46)) - raft.server.read.read-after-write-consistent.write-index-cache.expiry-time = 60s (default)
2024-09-14 09:39:02,344 [main] INFO  grpc.GrpcConfigKeys (ConfUtils.java:logGet(46)) - raft.grpc.server.port = 15011 (custom)
2024-09-14 09:39:02,345 [main] INFO  server.GrpcService (ConfUtils.java:logGet(46)) - raft.grpc.message.size.max = 64MB (=67108864) (default)
2024-09-14 09:39:02,346 [main] INFO  server.GrpcService (ConfUtils.java:logGet(46)) - raft.grpc.flow.control.window = 1MB (=1048576) (default)
2024-09-14 09:39:02,346 [main] INFO  server.RaftServerConfigKeys (ConfUtils.java:logGet(46)) - raft.server.rpc.request.timeout = 3000ms (default)
2024-09-14 09:39:02,346 [main] INFO  grpc.GrpcConfigKeys (ConfUtils.java:logGet(46)) - raft.grpc.server.heartbeat.channel = true (default)
2024-09-14 09:39:02,346 [main] INFO  grpc.GrpcConfigKeys (ConfUtils.java:logGet(46)) - raft.grpc.server.zerocopy.enabled = true (custom)
2024-09-14 09:39:02,347 [main] INFO  server.RaftServerConfigKeys (ConfUtils.java:logGet(46)) - raft.server.log.appender.buffer.byte-limit = 4MB (=4194304) (default)
2024-09-14 09:39:02,347 [main] INFO  grpc.GrpcConfigKeys (ConfUtils.java:logGet(46)) - raft.grpc.server.async.request.thread.pool.cached = true (default)
2024-09-14 09:39:02,347 [s1-groupManagement] INFO  server.RaftServerConfigKeys (ConfUtils.java:logGet(46)) - raft.server.rpc.request.timeout = 3000ms (default)
2024-09-14 09:39:02,347 [main] INFO  grpc.GrpcConfigKeys (ConfUtils.java:logGet(46)) - raft.grpc.server.async.request.thread.pool.size = 32 (default)
2024-09-14 09:39:02,347 [s1-groupManagement] INFO  server.RaftServerConfigKeys (ConfUtils.java:logGet(46)) - raft.server.log.appender.install.snapshot.enabled = true (default)
2024-09-14 09:39:02,348 [s1-groupManagement] INFO  server.RaftServerConfigKeys (ConfUtils.java:logGet(46)) - raft.server.threadpool.server.cached = true (default)
2024-09-14 09:39:02,348 [s1-groupManagement] INFO  server.RaftServerConfigKeys (ConfUtils.java:logGet(46)) - raft.server.threadpool.server.size = 0 (default)
2024-09-14 09:39:02,348 [s1-groupManagement] INFO  server.RaftServerConfigKeys (ConfUtils.java:logGet(46)) - raft.server.threadpool.client.cached = true (default)
2024-09-14 09:39:02,348 [s1-groupManagement] INFO  server.RaftServerConfigKeys (ConfUtils.java:logGet(46)) - raft.server.threadpool.client.size = 0 (default)
2024-09-14 09:39:02,348 [main] INFO  impl.DataStreamServerImpl (ConfUtils.java:logGet(46)) - raft.datastream.type = DISABLED (default)
2024-09-14 09:39:02,349 [main] INFO  server.RaftServerConfigKeys (ConfUtils.java:logGet(46)) - raft.server.sleep.deviation.threshold = 300ms (default)
2024-09-14 09:39:02,349 [main] INFO  server.RaftServerConfigKeys (ConfUtils.java:logGet(46)) - raft.server.close.threshold = 60s (default)
2024-09-14 09:39:02,349 [main] INFO  server.RaftServerConfigKeys (ConfUtils.java:logGet(46)) - raft.server.leaderelection.leader.step-down.wait-time = 10s (default)
2024-09-14 09:39:02,350 [main] INFO  server.RaftServerConfigKeys (ConfUtils.java:logGet(46)) - raft.server.storage.dir = [/home/runner/work/ratis/ratis/ratis-test/target/test/data/c75294bd/MiniRaftClusterWithGrpc437c29fe/s2] (custom)
2024-09-14 09:39:02,350 [main] INFO  server.RaftServerConfigKeys (ConfUtils.java:logGet(46)) - raft.server.threadpool.proxy.cached = true (default)
2024-09-14 09:39:02,350 [main] INFO  server.RaftServerConfigKeys (ConfUtils.java:logGet(46)) - raft.server.threadpool.proxy.size = 0 (default)
2024-09-14 09:39:02,351 [main] INFO  server.RaftServer (RaftServerProxy.java:addNew(101)) - s2: addNew group-3CC9820BBA4E:[] returns group-3CC9820BBA4E:java.util.concurrent.CompletableFuture@52cda4bd[Not completed]
2024-09-14 09:39:02,351 [s2-groupManagement] INFO  server.RaftServerConfigKeys (ConfUtils.java:logGet(46)) - raft.server.log.segment.size.max = 32MB (=33554432) (default)
2024-09-14 09:39:02,351 [s1-impl-thread1] INFO  server.RaftServerConfigKeys (ConfUtils.java:logGet(46)) - raft.server.storage.free-space.min = 0MB (=0) (default)
2024-09-14 09:39:02,351 [s1-impl-thread1] INFO  server.RaftServerConfigKeys (ConfUtils.java:logGet(46)) - raft.server.log.corruption.policy = EXCEPTION (default)
2024-09-14 09:39:02,351 [s1-impl-thread1] INFO  server.RaftServerConfigKeys (ConfUtils.java:logGet(46)) - raft.server.storage.dir = [/home/runner/work/ratis/ratis/ratis-test/target/test/data/c75294bd/MiniRaftClusterWithGrpc437c29fe/s1] (custom)
2024-09-14 09:39:02,352 [s1-impl-thread1] INFO  storage.RaftStorageDirectory (RaftStorageDirectoryImpl.java:analyzeStorage(138)) - The storage directory /home/runner/work/ratis/ratis/ratis-test/target/test/data/c75294bd/MiniRaftClusterWithGrpc437c29fe/s1/ba30cfb9-f514-478c-92bf-3cc9820bba4e does not exist. Creating ...
2024-09-14 09:39:02,352 [s1-impl-thread1] TRACE util.FileUtils (LogUtils.java:runAndLog(49)) - Successfully ran Files.createDirectories /home/runner/work/ratis/ratis/ratis-test/target/test/data/c75294bd/MiniRaftClusterWithGrpc437c29fe/s1/ba30cfb9-f514-478c-92bf-3cc9820bba4e
2024-09-14 09:39:02,352 [s2-groupManagement] INFO  server.RaftServerConfigKeys (ConfUtils.java:logGet(46)) - raft.server.log.preallocated.size = 4MB (=4194304) (default)
2024-09-14 09:39:02,352 [s2-groupManagement] INFO  server.RaftServerConfigKeys (ConfUtils.java:logGet(46)) - raft.server.log.write.buffer.size = 8MB (=8388608) (default)
2024-09-14 09:39:02,352 [s2-groupManagement] INFO  server.RaftServer$Division (RaftServerImpl.java:<init>(255)) - s2: new RaftServerImpl for group-3CC9820BBA4E:[] with StateMachineWithMultiNestedSnapshotFile:uninitialized
2024-09-14 09:39:02,352 [s2-groupManagement] INFO  server.RaftServerConfigKeys (ConfUtils.java:logGet(46)) - raft.server.rpc.timeout.min = 150ms (default)
2024-09-14 09:39:02,353 [s2-groupManagement] INFO  server.RaftServerConfigKeys (ConfUtils.java:logGet(46)) - raft.server.rpc.timeout.max = 300ms (default)
2024-09-14 09:39:02,353 [s2-groupManagement] INFO  server.RaftServerConfigKeys (ConfUtils.java:logGet(46)) - raft.server.rpc.sleep.time = 25ms (default)
2024-09-14 09:39:02,353 [s2-groupManagement] INFO  server.RaftServerConfigKeys (ConfUtils.java:logGet(46)) - raft.server.rpc.slowness.timeout = 60s (default)
2024-09-14 09:39:02,353 [s2-groupManagement] INFO  server.RaftServerConfigKeys (ConfUtils.java:logGet(46)) - raft.server.leaderelection.leader.step-down.wait-time = 10s (default)
2024-09-14 09:39:02,353 [s2-groupManagement] INFO  server.RaftServerConfigKeys (ConfUtils.java:logGet(46)) - raft.server.leaderelection.member.majority-add = true (custom)
2024-09-14 09:39:02,353 [s2-groupManagement] INFO  server.RaftServerConfigKeys (ConfUtils.java:logGet(46)) - raft.server.sleep.deviation.threshold = 300ms (default)
2024-09-14 09:39:02,353 [s2-groupManagement] INFO  server.RaftServer$Division (ServerState.java:<init>(114)) - s2@group-3CC9820BBA4E: ConfigurationManager, init=conf: {index: -1, cur=peers:[]|listeners:[], old=null}, confs=<EMPTY_MAP>
2024-09-14 09:39:02,353 [s2-groupManagement] INFO  server.RaftServerConfigKeys (ConfUtils.java:logGet(46)) - raft.server.notification.no-leader.timeout = 60s (default)
2024-09-14 09:39:02,353 [s2-groupManagement] INFO  server.RaftServerConfigKeys (ConfUtils.java:logGet(46)) - raft.server.read.timeout = 10s (default)
2024-09-14 09:39:02,353 [s2-groupManagement] INFO  server.RaftServerConfigKeys (ConfUtils.java:logGet(46)) - raft.server.retrycache.expirytime = 60s (default)
2024-09-14 09:39:02,353 [s2-groupManagement] INFO  server.RaftServerConfigKeys (ConfUtils.java:logGet(46)) - raft.server.retrycache.statistics.expirytime = 100ms (default)
2024-09-14 09:39:02,353 [s1-impl-thread1] INFO  storage.RaftStorageDirectory (RaftStorageDirectoryImpl.java:tryLock(229)) - Lock on /home/runner/work/ratis/ratis/ratis-test/target/test/data/c75294bd/MiniRaftClusterWithGrpc437c29fe/s1/ba30cfb9-f514-478c-92bf-3cc9820bba4e/in_use.lock acquired by nodename 2411@fv-az1394-75
2024-09-14 09:39:02,354 [s1-impl-thread1] TRACE util.FileUtils (LogUtils.java:runAndLog(49)) - Successfully ran Files.createDirectories /home/runner/work/ratis/ratis/ratis-test/target/test/data/c75294bd/MiniRaftClusterWithGrpc437c29fe/s1/ba30cfb9-f514-478c-92bf-3cc9820bba4e/current
2024-09-14 09:39:02,354 [s1-impl-thread1] TRACE util.FileUtils (LogUtils.java:runAndLog(49)) - Successfully ran Files.createDirectories /home/runner/work/ratis/ratis/ratis-test/target/test/data/c75294bd/MiniRaftClusterWithGrpc437c29fe/s1/ba30cfb9-f514-478c-92bf-3cc9820bba4e/sm
2024-09-14 09:39:02,354 [s1-impl-thread1] TRACE util.FileUtils (LogUtils.java:supplyAndLog(69)) - Successfully supplied FileChannel.open /home/runner/work/ratis/ratis/ratis-test/target/test/data/c75294bd/MiniRaftClusterWithGrpc437c29fe/s1/ba30cfb9-f514-478c-92bf-3cc9820bba4e/current/raft-meta.tmp with options [CREATE, WRITE]: sun.nio.ch.FileChannelImpl@1058adf3
2024-09-14 09:39:02,354 [s2-groupManagement] INFO  server.RaftServerConfigKeys (ConfUtils.java:logGet(46)) - raft.server.read.option = DEFAULT (default)
2024-09-14 09:39:02,354 [s2-groupManagement] INFO  server.RaftServerConfigKeys (ConfUtils.java:logGet(46)) - raft.server.read.read-after-write-consistent.write-index-cache.expiry-time = 60s (default)
2024-09-14 09:39:02,356 [s1-impl-thread1] TRACE util.FileUtils (LogUtils.java:runAndLog(49)) - Successfully ran Atomic Files.move /home/runner/work/ratis/ratis/ratis-test/target/test/data/c75294bd/MiniRaftClusterWithGrpc437c29fe/s1/ba30cfb9-f514-478c-92bf-3cc9820bba4e/current/raft-meta.tmp to /home/runner/work/ratis/ratis/ratis-test/target/test/data/c75294bd/MiniRaftClusterWithGrpc437c29fe/s1/ba30cfb9-f514-478c-92bf-3cc9820bba4e/current/raft-meta with options [REPLACE_EXISTING]
2024-09-14 09:39:02,356 [s1-impl-thread1] INFO  storage.RaftStorage (RaftStorageImpl.java:format(98)) - Storage directory /home/runner/work/ratis/ratis/ratis-test/target/test/data/c75294bd/MiniRaftClusterWithGrpc437c29fe/s1/ba30cfb9-f514-478c-92bf-3cc9820bba4e has been successfully formatted.
2024-09-14 09:39:02,356 [s1-impl-thread1] INFO  impl.SimpleStateMachine4Testing (SimpleStateMachine4Testing.java:initialize(215)) - Initializing StateMachineWithMultiNestedSnapshotFile:uninitialized
2024-09-14 09:39:02,356 [s1-impl-thread1] INFO  impl.SimpleStateMachine4Testing (SimpleStateMachine4Testing.java:loadSnapshot(300)) - Loading snapshot null
2024-09-14 09:39:02,356 [s1-impl-thread1] INFO  server.RaftServerConfigKeys (ConfUtils.java:logGet(46)) - raft.server.log.use.memory = false (default)
2024-09-14 09:39:02,356 [s1-impl-thread1] INFO  server.RaftServerConfigKeys (ConfUtils.java:logGet(46)) - raft.server.log.purge.gap = 8 (custom)
2024-09-14 09:39:02,356 [s2-groupManagement] INFO  server.RaftServerConfigKeys (ConfUtils.java:logGet(46)) - raft.server.rpc.request.timeout = 3000ms (default)
2024-09-14 09:39:02,356 [s1-impl-thread1] INFO  server.RaftServerConfigKeys (ConfUtils.java:logGet(46)) - raft.server.log.appender.buffer.byte-limit = 4MB (=4194304) (default)
2024-09-14 09:39:02,356 [s2-groupManagement] INFO  server.RaftServerConfigKeys (ConfUtils.java:logGet(46)) - raft.server.log.appender.install.snapshot.enabled = true (default)
2024-09-14 09:39:02,356 [s1-impl-thread1] INFO  server.RaftServerConfigKeys (ConfUtils.java:logGet(46)) - raft.server.log.statemachine.data.read.timeout = 1000ms (default)
2024-09-14 09:39:02,357 [s2-groupManagement] INFO  server.RaftServerConfigKeys (ConfUtils.java:logGet(46)) - raft.server.threadpool.server.cached = true (default)
2024-09-14 09:39:02,357 [s1-impl-thread1] INFO  server.RaftServerConfigKeys (ConfUtils.java:logGet(46)) - raft.server.log.purge.preservation.log.num = 0 (default)
2024-09-14 09:39:02,357 [s2-groupManagement] INFO  server.RaftServerConfigKeys (ConfUtils.java:logGet(46)) - raft.server.threadpool.server.size = 0 (default)
2024-09-14 09:39:02,357 [s2-groupManagement] INFO  server.RaftServerConfigKeys (ConfUtils.java:logGet(46)) - raft.server.threadpool.client.cached = true (default)
2024-09-14 09:39:02,357 [s2-groupManagement] INFO  server.RaftServerConfigKeys (ConfUtils.java:logGet(46)) - raft.server.threadpool.client.size = 0 (default)
2024-09-14 09:39:02,357 [s1-impl-thread1] INFO  server.RaftServerConfigKeys (ConfUtils.java:logGet(46)) - raft.server.log.segment.size.max = 32MB (=33554432) (default)
2024-09-14 09:39:02,357 [s1-impl-thread1] INFO  server.RaftServerConfigKeys (ConfUtils.java:logGet(46)) - raft.server.log.segment.cache.num.max = 6 (default)
2024-09-14 09:39:02,358 [s1-impl-thread1] INFO  server.RaftServerConfigKeys (ConfUtils.java:logGet(46)) - raft.server.log.segment.cache.size.max = 200MB (=209715200) (default)
2024-09-14 09:39:02,358 [s1-impl-thread1] INFO  server.RaftServerConfigKeys (ConfUtils.java:logGet(46)) - raft.server.log.appender.buffer.byte-limit = 4MB (=4194304) (default)
2024-09-14 09:39:02,358 [s1-impl-thread1] INFO  util.AwaitToRun (AwaitToRun.java:start(81)) - Thread[s1@group-3CC9820BBA4E-cacheEviction-AwaitToRun,5,main] started
2024-09-14 09:39:02,358 [s1-impl-thread1] INFO  segmented.SegmentedRaftLogWorker (SegmentedRaftLogWorker.java:<init>(187)) - new s1@group-3CC9820BBA4E-SegmentedRaftLogWorker for RaftStorageImpl:Storage Directory /home/runner/work/ratis/ratis/ratis-test/target/test/data/c75294bd/MiniRaftClusterWithGrpc437c29fe/s1/ba30cfb9-f514-478c-92bf-3cc9820bba4e
2024-09-14 09:39:02,358 [s1-impl-thread1] INFO  server.RaftServerConfigKeys (ConfUtils.java:logGet(46)) - raft.server.log.queue.byte-limit = 64MB (=67108864) (default)
2024-09-14 09:39:02,358 [s1-impl-thread1] INFO  server.RaftServerConfigKeys (ConfUtils.java:logGet(46)) - raft.server.log.queue.element-limit = 4096 (default)
2024-09-14 09:39:02,358 [s1-impl-thread1] INFO  server.RaftServerConfigKeys (ConfUtils.java:logGet(46)) - raft.server.log.segment.size.max = 32MB (=33554432) (default)
2024-09-14 09:39:02,358 [s1-impl-thread1] INFO  server.RaftServerConfigKeys (ConfUtils.java:logGet(46)) - raft.server.log.preallocated.size = 4MB (=4194304) (default)
2024-09-14 09:39:02,358 [s1-impl-thread1] INFO  server.RaftServerConfigKeys (ConfUtils.java:logGet(46)) - raft.server.log.force.sync.num = 128 (default)
2024-09-14 09:39:02,358 [s1-impl-thread1] INFO  server.RaftServerConfigKeys (ConfUtils.java:logGet(46)) - raft.server.log.statemachine.data.sync = true (default)
2024-09-14 09:39:02,358 [s1-impl-thread1] INFO  server.RaftServerConfigKeys (ConfUtils.java:logGet(46)) - raft.server.log.statemachine.data.sync.timeout = 10s (default)
2024-09-14 09:39:02,358 [s1-impl-thread1] INFO  server.RaftServerConfigKeys (ConfUtils.java:logGet(46)) - raft.server.log.statemachine.data.sync.timeout.retry = -1 (default)
2024-09-14 09:39:02,359 [s1-impl-thread1] INFO  server.RaftServerConfigKeys (ConfUtils.java:logGet(46)) - raft.server.log.write.buffer.size = 8MB (=8388608) (default)
2024-09-14 09:39:02,360 [s1-impl-thread1] INFO  server.RaftServerConfigKeys (ConfUtils.java:logGet(46)) - raft.server.log.appender.buffer.byte-limit = 4MB (=4194304) (default)
2024-09-14 09:39:02,360 [s1-impl-thread1] INFO  server.RaftServerConfigKeys (ConfUtils.java:logGet(46)) - raft.server.log.unsafe-flush.enabled = false (default)
2024-09-14 09:39:02,360 [s1-impl-thread1] INFO  server.RaftServerConfigKeys (ConfUtils.java:logGet(46)) - raft.server.log.async-flush.enabled = false (default)
2024-09-14 09:39:02,360 [s1-impl-thread1] INFO  server.RaftServerConfigKeys (ConfUtils.java:logGet(46)) - raft.server.log.statemachine.data.caching.enabled = false (default)
2024-09-14 09:39:02,360 [s1-impl-thread1] INFO  segmented.SegmentedRaftLogWorker (SegmentedRaftLogWorker.java:lambda$new$0(138)) - s1@group-3CC9820BBA4E-SegmentedRaftLogWorker: flushIndex: setUnconditionally 0 -> -1
2024-09-14 09:39:02,361 [s1-impl-thread1] INFO  segmented.SegmentedRaftLogWorker (SegmentedRaftLogWorker.java:lambda$new$0(138)) - s1@group-3CC9820BBA4E-SegmentedRaftLogWorker: safeCacheEvictIndex: setUnconditionally 0 -> -1
2024-09-14 09:39:02,361 [s1-impl-thread1] INFO  server.RaftServer$Division (RaftServerImpl.java:start(397)) - s1@group-3CC9820BBA4E: start with initializing state, conf=conf: {index: -1, cur=peers:[]|listeners:[], old=null}
2024-09-14 09:39:02,361 [s1-impl-thread1] INFO  server.RaftServer$Division (RaftServerImpl.java:setRole(378)) - s1@group-3CC9820BBA4E: changes role from      null to FOLLOWER at term 0 for start
2024-09-14 09:39:02,361 [s1-impl-thread1] INFO  util.JmxRegister (JmxRegister.java:tryRegister(44)) - Successfully registered JMX Bean with object name Ratis:service=RaftServer,group=group-3CC9820BBA4E,id=s1
2024-09-14 09:39:02,361 [s1-impl-thread1] INFO  util.JmxRegister (JmxRegister.java:register(58)) - register mxBean class org.apache.ratis.server.impl.RaftServerJmxAdapter as Ratis:service=RaftServer,group=group-3CC9820BBA4E,id=s1
2024-09-14 09:39:02,361 [s1-impl-thread1] INFO  server.RaftServerConfigKeys (ConfUtils.java:logGet(46)) - raft.server.snapshot.trigger-when-stop.enabled = true (default)
2024-09-14 09:39:02,361 [s1-impl-thread1] INFO  server.RaftServerConfigKeys (ConfUtils.java:logGet(46)) - raft.server.snapshot.trigger-when-remove.enabled = true (default)
2024-09-14 09:39:02,361 [s1-impl-thread1] INFO  server.RaftServerConfigKeys (ConfUtils.java:logGet(46)) - raft.server.snapshot.auto.trigger.enabled = true (custom)
2024-09-14 09:39:02,361 [s1-impl-thread1] INFO  server.RaftServerConfigKeys (ConfUtils.java:logGet(46)) - raft.server.snapshot.auto.trigger.threshold = 64 (custom)
2024-09-14 09:39:02,362 [s1-impl-thread1] INFO  server.RaftServerConfigKeys (ConfUtils.java:logGet(46)) - raft.server.snapshot.retention.file.num = -1 (default)
2024-09-14 09:39:02,362 [s1-impl-thread1] INFO  server.RaftServerConfigKeys (ConfUtils.java:logGet(46)) - raft.server.log.purge.upto.snapshot.index = false (default)
2024-09-14 09:39:02,362 [main] INFO  server.RaftServer (RaftServerProxy.java:startImpl(408)) - s1: start RPC server
2024-09-14 09:39:02,363 [main] INFO  server.GrpcService (GrpcService.java:startImpl(340)) - s1: GrpcService started, listening on 15010
2024-09-14 09:39:02,363 [JvmPauseMonitor4] INFO  util.JvmPauseMonitor (JvmPauseMonitor.java:run(146)) - JvmPauseMonitor-s1: Started
2024-09-14 09:39:02,363 [s2-impl-thread1] INFO  server.RaftServerConfigKeys (ConfUtils.java:logGet(46)) - raft.server.storage.free-space.min = 0MB (=0) (default)
2024-09-14 09:39:02,364 [s2-impl-thread1] INFO  server.RaftServerConfigKeys (ConfUtils.java:logGet(46)) - raft.server.log.corruption.policy = EXCEPTION (default)
2024-09-14 09:39:02,364 [s2-impl-thread1] INFO  server.RaftServerConfigKeys (ConfUtils.java:logGet(46)) - raft.server.storage.dir = [/home/runner/work/ratis/ratis/ratis-test/target/test/data/c75294bd/MiniRaftClusterWithGrpc437c29fe/s2] (custom)
2024-09-14 09:39:02,364 [s2-impl-thread1] INFO  storage.RaftStorageDirectory (RaftStorageDirectoryImpl.java:analyzeStorage(138)) - The storage directory /home/runner/work/ratis/ratis/ratis-test/target/test/data/c75294bd/MiniRaftClusterWithGrpc437c29fe/s2/ba30cfb9-f514-478c-92bf-3cc9820bba4e does not exist. Creating ...
2024-09-14 09:39:02,364 [s2-impl-thread1] TRACE util.FileUtils (LogUtils.java:runAndLog(49)) - Successfully ran Files.createDirectories /home/runner/work/ratis/ratis/ratis-test/target/test/data/c75294bd/MiniRaftClusterWithGrpc437c29fe/s2/ba30cfb9-f514-478c-92bf-3cc9820bba4e
2024-09-14 09:39:02,365 [s2-impl-thread1] INFO  storage.RaftStorageDirectory (RaftStorageDirectoryImpl.java:tryLock(229)) - Lock on /home/runner/work/ratis/ratis/ratis-test/target/test/data/c75294bd/MiniRaftClusterWithGrpc437c29fe/s2/ba30cfb9-f514-478c-92bf-3cc9820bba4e/in_use.lock acquired by nodename 2411@fv-az1394-75
2024-09-14 09:39:02,365 [s2-impl-thread1] TRACE util.FileUtils (LogUtils.java:runAndLog(49)) - Successfully ran Files.createDirectories /home/runner/work/ratis/ratis/ratis-test/target/test/data/c75294bd/MiniRaftClusterWithGrpc437c29fe/s2/ba30cfb9-f514-478c-92bf-3cc9820bba4e/current
2024-09-14 09:39:02,365 [s2-impl-thread1] TRACE util.FileUtils (LogUtils.java:runAndLog(49)) - Successfully ran Files.createDirectories /home/runner/work/ratis/ratis/ratis-test/target/test/data/c75294bd/MiniRaftClusterWithGrpc437c29fe/s2/ba30cfb9-f514-478c-92bf-3cc9820bba4e/sm
2024-09-14 09:39:02,365 [s2-impl-thread1] TRACE util.FileUtils (LogUtils.java:supplyAndLog(69)) - Successfully supplied FileChannel.open /home/runner/work/ratis/ratis/ratis-test/target/test/data/c75294bd/MiniRaftClusterWithGrpc437c29fe/s2/ba30cfb9-f514-478c-92bf-3cc9820bba4e/current/raft-meta.tmp with options [CREATE, WRITE]: sun.nio.ch.FileChannelImpl@6eb680c5
2024-09-14 09:39:02,366 [s2-impl-thread1] TRACE util.FileUtils (LogUtils.java:runAndLog(49)) - Successfully ran Atomic Files.move /home/runner/work/ratis/ratis/ratis-test/target/test/data/c75294bd/MiniRaftClusterWithGrpc437c29fe/s2/ba30cfb9-f514-478c-92bf-3cc9820bba4e/current/raft-meta.tmp to /home/runner/work/ratis/ratis/ratis-test/target/test/data/c75294bd/MiniRaftClusterWithGrpc437c29fe/s2/ba30cfb9-f514-478c-92bf-3cc9820bba4e/current/raft-meta with options [REPLACE_EXISTING]
2024-09-14 09:39:02,366 [s2-impl-thread1] INFO  storage.RaftStorage (RaftStorageImpl.java:format(98)) - Storage directory /home/runner/work/ratis/ratis/ratis-test/target/test/data/c75294bd/MiniRaftClusterWithGrpc437c29fe/s2/ba30cfb9-f514-478c-92bf-3cc9820bba4e has been successfully formatted.
2024-09-14 09:39:02,366 [s2-impl-thread1] INFO  impl.SimpleStateMachine4Testing (SimpleStateMachine4Testing.java:initialize(215)) - Initializing StateMachineWithMultiNestedSnapshotFile:uninitialized
2024-09-14 09:39:02,367 [s2-impl-thread1] INFO  impl.SimpleStateMachine4Testing (SimpleStateMachine4Testing.java:loadSnapshot(300)) - Loading snapshot null
2024-09-14 09:39:02,367 [s2-impl-thread1] INFO  server.RaftServerConfigKeys (ConfUtils.java:logGet(46)) - raft.server.log.use.memory = false (default)
2024-09-14 09:39:02,367 [s2-impl-thread1] INFO  server.RaftServerConfigKeys (ConfUtils.java:logGet(46)) - raft.server.log.purge.gap = 8 (custom)
2024-09-14 09:39:02,367 [s2-impl-thread1] INFO  server.RaftServerConfigKeys (ConfUtils.java:logGet(46)) - raft.server.log.appender.buffer.byte-limit = 4MB (=4194304) (default)
2024-09-14 09:39:02,367 [s2-impl-thread1] INFO  server.RaftServerConfigKeys (ConfUtils.java:logGet(46)) - raft.server.log.statemachine.data.read.timeout = 1000ms (default)
2024-09-14 09:39:02,367 [s2-impl-thread1] INFO  server.RaftServerConfigKeys (ConfUtils.java:logGet(46)) - raft.server.log.purge.preservation.log.num = 0 (default)
2024-09-14 09:39:02,368 [s2-impl-thread1] INFO  server.RaftServerConfigKeys (ConfUtils.java:logGet(46)) - raft.server.log.segment.size.max = 32MB (=33554432) (default)
2024-09-14 09:39:02,368 [s2-impl-thread1] INFO  server.RaftServerConfigKeys (ConfUtils.java:logGet(46)) - raft.server.log.segment.cache.num.max = 6 (default)
2024-09-14 09:39:02,368 [s2-impl-thread1] INFO  server.RaftServerConfigKeys (ConfUtils.java:logGet(46)) - raft.server.log.segment.cache.size.max = 200MB (=209715200) (default)
2024-09-14 09:39:02,368 [s2-impl-thread1] INFO  server.RaftServerConfigKeys (ConfUtils.java:logGet(46)) - raft.server.log.appender.buffer.byte-limit = 4MB (=4194304) (default)
2024-09-14 09:39:02,369 [s2-impl-thread1] INFO  util.AwaitToRun (AwaitToRun.java:start(81)) - Thread[s2@group-3CC9820BBA4E-cacheEviction-AwaitToRun,5,main] started
2024-09-14 09:39:02,369 [s2-impl-thread1] INFO  segmented.SegmentedRaftLogWorker (SegmentedRaftLogWorker.java:<init>(187)) - new s2@group-3CC9820BBA4E-SegmentedRaftLogWorker for RaftStorageImpl:Storage Directory /home/runner/work/ratis/ratis/ratis-test/target/test/data/c75294bd/MiniRaftClusterWithGrpc437c29fe/s2/ba30cfb9-f514-478c-92bf-3cc9820bba4e
2024-09-14 09:39:02,369 [s2-impl-thread1] INFO  server.RaftServerConfigKeys (ConfUtils.java:logGet(46)) - raft.server.log.queue.byte-limit = 64MB (=67108864) (default)
2024-09-14 09:39:02,369 [s2-impl-thread1] INFO  server.RaftServerConfigKeys (ConfUtils.java:logGet(46)) - raft.server.log.queue.element-limit = 4096 (default)
2024-09-14 09:39:02,369 [s2-impl-thread1] INFO  server.RaftServerConfigKeys (ConfUtils.java:logGet(46)) - raft.server.log.segment.size.max = 32MB (=33554432) (default)
2024-09-14 09:39:02,369 [s2-impl-thread1] INFO  server.RaftServerConfigKeys (ConfUtils.java:logGet(46)) - raft.server.log.preallocated.size = 4MB (=4194304) (default)
2024-09-14 09:39:02,369 [s2-impl-thread1] INFO  server.RaftServerConfigKeys (ConfUtils.java:logGet(46)) - raft.server.log.force.sync.num = 128 (default)
2024-09-14 09:39:02,369 [s2-impl-thread1] INFO  server.RaftServerConfigKeys (ConfUtils.java:logGet(46)) - raft.server.log.statemachine.data.sync = true (default)
2024-09-14 09:39:02,370 [s2-impl-thread1] INFO  server.RaftServerConfigKeys (ConfUtils.java:logGet(46)) - raft.server.log.statemachine.data.sync.timeout = 10s (default)
2024-09-14 09:39:02,370 [s2-impl-thread1] INFO  server.RaftServerConfigKeys (ConfUtils.java:logGet(46)) - raft.server.log.statemachine.data.sync.timeout.retry = -1 (default)
2024-09-14 09:39:02,370 [s2-impl-thread1] INFO  server.RaftServerConfigKeys (ConfUtils.java:logGet(46)) - raft.server.log.write.buffer.size = 8MB (=8388608) (default)
2024-09-14 09:39:02,372 [s2-impl-thread1] INFO  server.RaftServerConfigKeys (ConfUtils.java:logGet(46)) - raft.server.log.appender.buffer.byte-limit = 4MB (=4194304) (default)
2024-09-14 09:39:02,372 [s2-impl-thread1] INFO  server.RaftServerConfigKeys (ConfUtils.java:logGet(46)) - raft.server.log.unsafe-flush.enabled = false (default)
2024-09-14 09:39:02,372 [s2-impl-thread1] INFO  server.RaftServerConfigKeys (ConfUtils.java:logGet(46)) - raft.server.log.async-flush.enabled = false (default)
2024-09-14 09:39:02,372 [s2-impl-thread1] INFO  server.RaftServerConfigKeys (ConfUtils.java:logGet(46)) - raft.server.log.statemachine.data.caching.enabled = false (default)
2024-09-14 09:39:02,372 [s2-impl-thread1] INFO  segmented.SegmentedRaftLogWorker (SegmentedRaftLogWorker.java:lambda$new$0(138)) - s2@group-3CC9820BBA4E-SegmentedRaftLogWorker: flushIndex: setUnconditionally 0 -> -1
2024-09-14 09:39:02,372 [s2-impl-thread1] INFO  segmented.SegmentedRaftLogWorker (SegmentedRaftLogWorker.java:lambda$new$0(138)) - s2@group-3CC9820BBA4E-SegmentedRaftLogWorker: safeCacheEvictIndex: setUnconditionally 0 -> -1
2024-09-14 09:39:02,372 [s2-impl-thread1] INFO  server.RaftServer$Division (RaftServerImpl.java:start(397)) - s2@group-3CC9820BBA4E: start with initializing state, conf=conf: {index: -1, cur=peers:[]|listeners:[], old=null}
2024-09-14 09:39:02,372 [s2-impl-thread1] INFO  server.RaftServer$Division (RaftServerImpl.java:setRole(378)) - s2@group-3CC9820BBA4E: changes role from      null to FOLLOWER at term 0 for start
2024-09-14 09:39:02,374 [s2-impl-thread1] INFO  util.JmxRegister (JmxRegister.java:tryRegister(44)) - Successfully registered JMX Bean with object name Ratis:service=RaftServer,group=group-3CC9820BBA4E,id=s2
2024-09-14 09:39:02,374 [s2-impl-thread1] INFO  util.JmxRegister (JmxRegister.java:register(58)) - register mxBean class org.apache.ratis.server.impl.RaftServerJmxAdapter as Ratis:service=RaftServer,group=group-3CC9820BBA4E,id=s2
2024-09-14 09:39:02,374 [s2-impl-thread1] INFO  server.RaftServerConfigKeys (ConfUtils.java:logGet(46)) - raft.server.snapshot.trigger-when-stop.enabled = true (default)
2024-09-14 09:39:02,374 [s2-impl-thread1] INFO  server.RaftServerConfigKeys (ConfUtils.java:logGet(46)) - raft.server.snapshot.trigger-when-remove.enabled = true (default)
2024-09-14 09:39:02,374 [s2-impl-thread1] INFO  server.RaftServerConfigKeys (ConfUtils.java:logGet(46)) - raft.server.snapshot.auto.trigger.enabled = true (custom)
2024-09-14 09:39:02,374 [s2-impl-thread1] INFO  server.RaftServerConfigKeys (ConfUtils.java:logGet(46)) - raft.server.snapshot.auto.trigger.threshold = 64 (custom)
2024-09-14 09:39:02,374 [s2-impl-thread1] INFO  server.RaftServerConfigKeys (ConfUtils.java:logGet(46)) - raft.server.snapshot.retention.file.num = -1 (default)
2024-09-14 09:39:02,374 [s2-impl-thread1] INFO  server.RaftServerConfigKeys (ConfUtils.java:logGet(46)) - raft.server.log.purge.upto.snapshot.index = false (default)
2024-09-14 09:39:02,375 [main] INFO  server.RaftServer (RaftServerProxy.java:startImpl(408)) - s2: start RPC server
2024-09-14 09:39:02,376 [main] INFO  server.GrpcService (GrpcService.java:startImpl(340)) - s2: GrpcService started, listening on 15011
2024-09-14 09:39:02,376 [JvmPauseMonitor5] INFO  util.JvmPauseMonitor (JvmPauseMonitor.java:run(146)) - JvmPauseMonitor-s2: Started
2024-09-14 09:39:02,377 [main] INFO  impl.MiniRaftCluster (MiniRaftCluster.java:setConfiguration(825)) - Start changing the configuration: [s1|0.0.0.0:15010, s2|0.0.0.0:15011, s0|localhost:15006]
2024-09-14 09:39:02,382 [s0-server-thread1] INFO  server.RaftServer$Division (RaftServerImpl.java:setConfigurationAsync(1328)) - s0@group-3CC9820BBA4E: receive setConfiguration SetConfigurationRequest:client-7DD7FE277AAF->s0@group-3CC9820BBA4E, cid=258, seq=null, RW, null, SET_UNCONDITIONALLY, servers:[s1|0.0.0.0:15010, s2|0.0.0.0:15011, s0|localhost:15006], listeners:[]
2024-09-14 09:39:02,382 [s0-server-thread1] WARN  server.RaftServer$Division (RaftServerImpl.java:setConfigurationAsync(1387)) - Try to add/replace a majority of servers in a single setConf: SetConfigurationRequest:client-7DD7FE277AAF->s0@group-3CC9820BBA4E, cid=258, seq=null, RW, null, SET_UNCONDITIONALLY, servers:[s1|0.0.0.0:15010, s2|0.0.0.0:15011, s0|localhost:15006], listeners:[]
2024-09-14 09:39:02,382 [s0-server-thread1] INFO  server.RaftServer$Division (LeaderStateImpl.java:startSetConfiguration(489)) - s0@group-3CC9820BBA4E-LeaderStateImpl: startSetConfiguration SetConfigurationRequest:client-7DD7FE277AAF->s0@group-3CC9820BBA4E, cid=258, seq=null, RW, null, SET_UNCONDITIONALLY, servers:[s1|0.0.0.0:15010, s2|0.0.0.0:15011, s0|localhost:15006], listeners:[]
2024-09-14 09:39:02,383 [s0-server-thread1] INFO  server.RaftServerConfigKeys (ConfUtils.java:logGet(46)) - raft.server.log.appender.snapshot.chunk.size.max = 1k (=1024) (custom)
2024-09-14 09:39:02,383 [s0-server-thread1] INFO  server.RaftServerConfigKeys (ConfUtils.java:logGet(46)) - raft.server.log.appender.buffer.byte-limit = 4MB (=4194304) (default)
2024-09-14 09:39:02,383 [s0-server-thread1] INFO  server.RaftServerConfigKeys (ConfUtils.java:logGet(46)) - raft.server.log.appender.buffer.element-limit = 0 (default)
2024-09-14 09:39:02,383 [s0-server-thread1] INFO  server.RaftServerConfigKeys (ConfUtils.java:logGet(46)) - raft.server.log.appender.wait-time.min = 1ms (default)
2024-09-14 09:39:02,383 [s0-server-thread1] INFO  grpc.GrpcConfigKeys (ConfUtils.java:logGet(46)) - raft.grpc.server.leader.outstanding.appends.max = 8 (default)
2024-09-14 09:39:02,383 [s0-server-thread1] INFO  server.RaftServerConfigKeys (ConfUtils.java:logGet(46)) - raft.server.rpc.request.timeout = 3000ms (default)
2024-09-14 09:39:02,383 [s0-server-thread1] INFO  grpc.GrpcConfigKeys (ConfUtils.java:logGet(46)) - raft.grpc.server.install_snapshot.request.element-limit = 8 (default)
2024-09-14 09:39:02,383 [s0-server-thread1] INFO  grpc.GrpcConfigKeys (ConfUtils.java:logGet(46)) - raft.grpc.server.install_snapshot.request.timeout = 3000ms (default)
2024-09-14 09:39:02,383 [s0-server-thread1] INFO  grpc.GrpcConfigKeys (ConfUtils.java:logGet(46)) - raft.grpc.server.log-message.batch.duration = 5s (default)
2024-09-14 09:39:02,383 [s0-server-thread1] INFO  server.RaftServerConfigKeys (ConfUtils.java:logGet(46)) - raft.server.log.appender.install.snapshot.enabled = true (default)
2024-09-14 09:39:02,384 [s0-server-thread1] INFO  grpc.GrpcConfigKeys (ConfUtils.java:logGet(46)) - raft.grpc.server.heartbeat.channel = true (default)
2024-09-14 09:39:02,384 [s0-server-thread1] INFO  server.RaftServerConfigKeys (ConfUtils.java:logGet(46)) - raft.server.log.appender.snapshot.chunk.size.max = 1k (=1024) (custom)
2024-09-14 09:39:02,384 [s0-server-thread1] INFO  server.RaftServerConfigKeys (ConfUtils.java:logGet(46)) - raft.server.log.appender.buffer.byte-limit = 4MB (=4194304) (default)
2024-09-14 09:39:02,384 [s0-server-thread1] INFO  server.RaftServerConfigKeys (ConfUtils.java:logGet(46)) - raft.server.log.appender.buffer.element-limit = 0 (default)
2024-09-14 09:39:02,384 [s0-server-thread1] INFO  server.RaftServerConfigKeys (ConfUtils.java:logGet(46)) - raft.server.log.appender.wait-time.min = 1ms (default)
2024-09-14 09:39:02,384 [s0-server-thread1] INFO  grpc.GrpcConfigKeys (ConfUtils.java:logGet(46)) - raft.grpc.server.leader.outstanding.appends.max = 8 (default)
2024-09-14 09:39:02,384 [s0-server-thread1] INFO  server.RaftServerConfigKeys (ConfUtils.java:logGet(46)) - raft.server.rpc.request.timeout = 3000ms (default)
2024-09-14 09:39:02,385 [s0-server-thread1] INFO  grpc.GrpcConfigKeys (ConfUtils.java:logGet(46)) - raft.grpc.server.install_snapshot.request.element-limit = 8 (default)
2024-09-14 09:39:02,385 [s0-server-thread1] INFO  grpc.GrpcConfigKeys (ConfUtils.java:logGet(46)) - raft.grpc.server.install_snapshot.request.timeout = 3000ms (default)
2024-09-14 09:39:02,385 [s0-server-thread1] INFO  grpc.GrpcConfigKeys (ConfUtils.java:logGet(46)) - raft.grpc.server.log-message.batch.duration = 5s (default)
2024-09-14 09:39:02,385 [s0-server-thread1] INFO  server.RaftServerConfigKeys (ConfUtils.java:logGet(46)) - raft.server.log.appender.install.snapshot.enabled = true (default)
2024-09-14 09:39:02,385 [s0-server-thread1] INFO  grpc.GrpcConfigKeys (ConfUtils.java:logGet(46)) - raft.grpc.server.heartbeat.channel = true (default)
2024-09-14 09:39:02,386 [s0@group-3CC9820BBA4E->s1-GrpcLogAppender-LogAppenderDaemon] INFO  server.GrpcLogAppender (GrpcLogAppender.java:installSnapshot(757)) - s0@group-3CC9820BBA4E->s1-GrpcLogAppender: followerNextIndex = 0 but logStartIndex = 0, send snapshot FileListSnapshotInfo(t:1, i:191):[/home/runner/work/ratis/ratis/ratis-test/target/test/data/c75294bd/MiniRaftClusterWithGrpc437c29fe/s0/ba30cfb9-f514-478c-92bf-3cc9820bba4e/sm/snapshot/1.bin, /home/runner/work/ratis/ratis/ratis-test/target/test/data/c75294bd/MiniRaftClusterWithGrpc437c29fe/s0/ba30cfb9-f514-478c-92bf-3cc9820bba4e/sm/snapshot/sub/2.bin, /home/runner/work/ratis/ratis/ratis-test/target/test/data/c75294bd/MiniRaftClusterWithGrpc437c29fe/s0/ba30cfb9-f514-478c-92bf-3cc9820bba4e/sm/snapshot.1_191] to follower
2024-09-14 09:39:02,386 [s0@group-3CC9820BBA4E->s1-GrpcLogAppender-LogAppenderDaemon] INFO  server.GrpcServerProtocolClient (GrpcServerProtocolClient.java:<init>(65)) - Build channel for s1|0.0.0.0:15010
2024-09-14 09:39:02,387 [s0@group-3CC9820BBA4E->s2-GrpcLogAppender-LogAppenderDaemon] INFO  server.GrpcLogAppender (GrpcLogAppender.java:installSnapshot(757)) - s0@group-3CC9820BBA4E->s2-GrpcLogAppender: followerNextIndex = 0 but logStartIndex = 0, send snapshot FileListSnapshotInfo(t:1, i:191):[/home/runner/work/ratis/ratis/ratis-test/target/test/data/c75294bd/MiniRaftClusterWithGrpc437c29fe/s0/ba30cfb9-f514-478c-92bf-3cc9820bba4e/sm/snapshot/1.bin, /home/runner/work/ratis/ratis/ratis-test/target/test/data/c75294bd/MiniRaftClusterWithGrpc437c29fe/s0/ba30cfb9-f514-478c-92bf-3cc9820bba4e/sm/snapshot/sub/2.bin, /home/runner/work/ratis/ratis/ratis-test/target/test/data/c75294bd/MiniRaftClusterWithGrpc437c29fe/s0/ba30cfb9-f514-478c-92bf-3cc9820bba4e/sm/snapshot.1_191] to follower
2024-09-14 09:39:02,388 [s0@group-3CC9820BBA4E->s2-GrpcLogAppender-LogAppenderDaemon] INFO  server.GrpcServerProtocolClient (GrpcServerProtocolClient.java:<init>(65)) - Build channel for s2|0.0.0.0:15011
2024-09-14 09:39:02,389 [s0@group-3CC9820BBA4E->s1-GrpcLogAppender-LogAppenderDaemon] TRACE util.FileUtils (LogUtils.java:supplyAndLog(69)) - Successfully supplied Files.newInputStream /home/runner/work/ratis/ratis/ratis-test/target/test/data/c75294bd/MiniRaftClusterWithGrpc437c29fe/s0/ba30cfb9-f514-478c-92bf-3cc9820bba4e/sm/snapshot/1.bin with options []: sun.nio.ch.ChannelInputStream@6d97143b
2024-09-14 09:39:02,391 [s0@group-3CC9820BBA4E->s1-GrpcLogAppender-LogAppenderDaemon] TRACE util.FileUtils (LogUtils.java:supplyAndLog(69)) - Successfully supplied Files.newInputStream /home/runner/work/ratis/ratis/ratis-test/target/test/data/c75294bd/MiniRaftClusterWithGrpc437c29fe/s0/ba30cfb9-f514-478c-92bf-3cc9820bba4e/sm/snapshot/sub/2.bin with options []: sun.nio.ch.ChannelInputStream@629e59a3
2024-09-14 09:39:02,391 [grpc-default-executor-0] INFO  impl.SnapshotInstallationHandler (SnapshotInstallationHandler.java:installSnapshot(94)) - s1@group-3CC9820BBA4E: receive installSnapshot: s0->s1#0-t1,chunk:77b15dcc-77cc-4230-a386-8cc9d821752a,0
2024-09-14 09:39:02,391 [grpc-default-executor-0] TRACE util.FileUtils (LogUtils.java:supplyAndLog(69)) - Successfully supplied FileChannel.open /home/runner/work/ratis/ratis/ratis-test/target/test/data/c75294bd/MiniRaftClusterWithGrpc437c29fe/s1/ba30cfb9-f514-478c-92bf-3cc9820bba4e/current/raft-meta.tmp with options [CREATE, WRITE]: sun.nio.ch.FileChannelImpl@167e4151
2024-09-14 09:39:02,392 [s0@group-3CC9820BBA4E->s2-GrpcLogAppender-LogAppenderDaemon] TRACE util.FileUtils (LogUtils.java:supplyAndLog(69)) - Successfully supplied Files.newInputStream /home/runner/work/ratis/ratis/ratis-test/target/test/data/c75294bd/MiniRaftClusterWithGrpc437c29fe/s0/ba30cfb9-f514-478c-92bf-3cc9820bba4e/sm/snapshot/1.bin with options []: sun.nio.ch.ChannelInputStream@49743c45
2024-09-14 09:39:02,393 [grpc-default-executor-0] TRACE util.FileUtils (LogUtils.java:runAndLog(49)) - Successfully ran Atomic Files.move /home/runner/work/ratis/ratis/ratis-test/target/test/data/c75294bd/MiniRaftClusterWithGrpc437c29fe/s1/ba30cfb9-f514-478c-92bf-3cc9820bba4e/current/raft-meta.tmp to /home/runner/work/ratis/ratis/ratis-test/target/test/data/c75294bd/MiniRaftClusterWithGrpc437c29fe/s1/ba30cfb9-f514-478c-92bf-3cc9820bba4e/current/raft-meta with options [REPLACE_EXISTING]
2024-09-14 09:39:02,393 [grpc-default-executor-0] INFO  server.RaftServer$Division (RaftServerImpl.java:setFirstElection(559)) - s1@group-3CC9820BBA4E: set firstElectionSinceStartup to false for installSnapshot
2024-09-14 09:39:02,393 [grpc-default-executor-0] INFO  server.RaftServer$Division (ServerState.java:setLeader(272)) - s1@group-3CC9820BBA4E: change Leader from null to s0 at term 1 for installSnapshot, leader elected after 48ms
2024-09-14 09:39:02,393 [s0@group-3CC9820BBA4E->s2-GrpcLogAppender-LogAppenderDaemon] TRACE util.FileUtils (LogUtils.java:supplyAndLog(69)) - Successfully supplied Files.newInputStream /home/runner/work/ratis/ratis/ratis-test/target/test/data/c75294bd/MiniRaftClusterWithGrpc437c29fe/s0/ba30cfb9-f514-478c-92bf-3cc9820bba4e/sm/snapshot/sub/2.bin with options []: sun.nio.ch.ChannelInputStream@751ac3ac
2024-09-14 09:39:02,393 [grpc-default-executor-0] TRACE util.FileUtils (LogUtils.java:runAndLog(49)) - Successfully ran Files.createDirectories /home/runner/work/ratis/ratis/ratis-test/target/test/data/c75294bd/MiniRaftClusterWithGrpc437c29fe/s1/ba30cfb9-f514-478c-92bf-3cc9820bba4e/tmp/snapshot-77b15dcc-77cc-4230-a386-8cc9d821752a
2024-09-14 09:39:02,394 [grpc-default-executor-0] INFO  storage.SnapshotManager (SnapshotManager.java:installSnapshot(111)) - Installing snapshot:s0->s1#0-t1,chunk:77b15dcc-77cc-4230-a386-8cc9d821752a,0, to tmp dir:/home/runner/work/ratis/ratis/ratis-test/target/test/data/c75294bd/MiniRaftClusterWithGrpc437c29fe/s1/ba30cfb9-f514-478c-92bf-3cc9820bba4e/tmp/snapshot-77b15dcc-77cc-4230-a386-8cc9d821752a
2024-09-14 09:39:02,394 [grpc-default-executor-0] TRACE util.FileUtils (LogUtils.java:runAndLog(49)) - Successfully ran Files.createDirectories /home/runner/work/ratis/ratis/ratis-test/target/test/data/c75294bd/MiniRaftClusterWithGrpc437c29fe/s1/ba30cfb9-f514-478c-92bf-3cc9820bba4e/tmp/snapshot-77b15dcc-77cc-4230-a386-8cc9d821752a/snapshot
2024-09-14 09:39:02,394 [grpc-default-executor-0] TRACE util.FileUtils (LogUtils.java:supplyAndLog(69)) - Successfully supplied FileChannel.open /home/runner/work/ratis/ratis/ratis-test/target/test/data/c75294bd/MiniRaftClusterWithGrpc437c29fe/s1/ba30cfb9-f514-478c-92bf-3cc9820bba4e/tmp/snapshot-77b15dcc-77cc-4230-a386-8cc9d821752a/snapshot/1.bin with options [WRITE, CREATE]: sun.nio.ch.FileChannelImpl@e246042
2024-09-14 09:39:02,394 [s0@group-3CC9820BBA4E->s1-GrpcLogAppender-LogAppenderDaemon] TRACE util.FileUtils (LogUtils.java:supplyAndLog(69)) - Successfully supplied Files.newInputStream /home/runner/work/ratis/ratis/ratis-test/target/test/data/c75294bd/MiniRaftClusterWithGrpc437c29fe/s0/ba30cfb9-f514-478c-92bf-3cc9820bba4e/sm/snapshot.1_191 with options []: sun.nio.ch.ChannelInputStream@5be6f289
2024-09-14 09:39:02,395 [grpc-default-executor-0] TRACE util.FileUtils (LogUtils.java:supplyAndLog(69)) - Successfully supplied FileChannel.open /home/runner/work/ratis/ratis/ratis-test/target/test/data/c75294bd/MiniRaftClusterWithGrpc437c29fe/s1/ba30cfb9-f514-478c-92bf-3cc9820bba4e/tmp/snapshot-77b15dcc-77cc-4230-a386-8cc9d821752a/snapshot/1.bin.md5.tmp with options [CREATE, WRITE]: sun.nio.ch.FileChannelImpl@203b8662
2024-09-14 09:39:02,395 [grpc-default-executor-1] INFO  impl.SnapshotInstallationHandler (SnapshotInstallationHandler.java:installSnapshot(94)) - s2@group-3CC9820BBA4E: receive installSnapshot: s0->s2#0-t1,chunk:acdb1b30-f090-4fd9-9ac5-9311a994bf84,0
2024-09-14 09:39:02,396 [grpc-default-executor-1] TRACE util.FileUtils (LogUtils.java:supplyAndLog(69)) - Successfully supplied FileChannel.open /home/runner/work/ratis/ratis/ratis-test/target/test/data/c75294bd/MiniRaftClusterWithGrpc437c29fe/s2/ba30cfb9-f514-478c-92bf-3cc9820bba4e/current/raft-meta.tmp with options [CREATE, WRITE]: sun.nio.ch.FileChannelImpl@f2563f5
2024-09-14 09:39:02,396 [grpc-default-executor-0] TRACE util.FileUtils (LogUtils.java:runAndLog(49)) - Successfully ran Atomic Files.move /home/runner/work/ratis/ratis/ratis-test/target/test/data/c75294bd/MiniRaftClusterWithGrpc437c29fe/s1/ba30cfb9-f514-478c-92bf-3cc9820bba4e/tmp/snapshot-77b15dcc-77cc-4230-a386-8cc9d821752a/snapshot/1.bin.md5.tmp to /home/runner/work/ratis/ratis/ratis-test/target/test/data/c75294bd/MiniRaftClusterWithGrpc437c29fe/s1/ba30cfb9-f514-478c-92bf-3cc9820bba4e/tmp/snapshot-77b15dcc-77cc-4230-a386-8cc9d821752a/snapshot/1.bin.md5 with options [REPLACE_EXISTING]
2024-09-14 09:39:02,397 [grpc-default-executor-0] INFO  impl.SnapshotInstallationHandler (SnapshotInstallationHandler.java:installSnapshotImpl(140)) - s1@group-3CC9820BBA4E: set new configuration configurationEntry {
  peers {
    id: "s0"
    address: "localhost:15006"
    dataStreamAddress: "localhost:15009"
    clientAddress: "localhost:15008"
    adminAddress: "localhost:15007"
    startupRole: FOLLOWER
  }
}
 from snapshot
2024-09-14 09:39:02,397 [grpc-default-executor-0] INFO  server.RaftServer$Division (ServerState.java:setRaftConf(386)) - s1@group-3CC9820BBA4E: set configuration conf: {index: 0, cur=peers:[s0|localhost:15006]|listeners:[], old=null}
2024-09-14 09:39:02,397 [grpc-default-executor-0] TRACE util.FileUtils (LogUtils.java:supplyAndLog(69)) - Successfully supplied FileChannel.open /home/runner/work/ratis/ratis/ratis-test/target/test/data/c75294bd/MiniRaftClusterWithGrpc437c29fe/s1/ba30cfb9-f514-478c-92bf-3cc9820bba4e/current/raft-meta.conf.tmp with options [CREATE, WRITE]: sun.nio.ch.FileChannelImpl@5c7b5d1
2024-09-14 09:39:02,397 [grpc-default-executor-1] TRACE util.FileUtils (LogUtils.java:runAndLog(49)) - Successfully ran Atomic Files.move /home/runner/work/ratis/ratis/ratis-test/target/test/data/c75294bd/MiniRaftClusterWithGrpc437c29fe/s2/ba30cfb9-f514-478c-92bf-3cc9820bba4e/current/raft-meta.tmp to /home/runner/work/ratis/ratis/ratis-test/target/test/data/c75294bd/MiniRaftClusterWithGrpc437c29fe/s2/ba30cfb9-f514-478c-92bf-3cc9820bba4e/current/raft-meta with options [REPLACE_EXISTING]
2024-09-14 09:39:02,398 [grpc-default-executor-1] INFO  server.RaftServer$Division (RaftServerImpl.java:setFirstElection(559)) - s2@group-3CC9820BBA4E: set firstElectionSinceStartup to false for installSnapshot
2024-09-14 09:39:02,398 [grpc-default-executor-1] INFO  server.RaftServer$Division (ServerState.java:setLeader(272)) - s2@group-3CC9820BBA4E: change Leader from null to s0 at term 1 for installSnapshot, leader elected after 44ms
2024-09-14 09:39:02,398 [grpc-default-executor-1] TRACE util.FileUtils (LogUtils.java:runAndLog(49)) - Successfully ran Files.createDirectories /home/runner/work/ratis/ratis/ratis-test/target/test/data/c75294bd/MiniRaftClusterWithGrpc437c29fe/s2/ba30cfb9-f514-478c-92bf-3cc9820bba4e/tmp/snapshot-acdb1b30-f090-4fd9-9ac5-9311a994bf84
2024-09-14 09:39:02,398 [grpc-default-executor-1] INFO  storage.SnapshotManager (SnapshotManager.java:installSnapshot(111)) - Installing snapshot:s0->s2#0-t1,chunk:acdb1b30-f090-4fd9-9ac5-9311a994bf84,0, to tmp dir:/home/runner/work/ratis/ratis/ratis-test/target/test/data/c75294bd/MiniRaftClusterWithGrpc437c29fe/s2/ba30cfb9-f514-478c-92bf-3cc9820bba4e/tmp/snapshot-acdb1b30-f090-4fd9-9ac5-9311a994bf84
2024-09-14 09:39:02,398 [grpc-default-executor-1] TRACE util.FileUtils (LogUtils.java:runAndLog(49)) - Successfully ran Files.createDirectories /home/runner/work/ratis/ratis/ratis-test/target/test/data/c75294bd/MiniRaftClusterWithGrpc437c29fe/s2/ba30cfb9-f514-478c-92bf-3cc9820bba4e/tmp/snapshot-acdb1b30-f090-4fd9-9ac5-9311a994bf84/snapshot
2024-09-14 09:39:02,399 [grpc-default-executor-1] TRACE util.FileUtils (LogUtils.java:supplyAndLog(69)) - Successfully supplied FileChannel.open /home/runner/work/ratis/ratis/ratis-test/target/test/data/c75294bd/MiniRaftClusterWithGrpc437c29fe/s2/ba30cfb9-f514-478c-92bf-3cc9820bba4e/tmp/snapshot-acdb1b30-f090-4fd9-9ac5-9311a994bf84/snapshot/1.bin with options [WRITE, CREATE]: sun.nio.ch.FileChannelImpl@5b608291
2024-09-14 09:39:02,399 [grpc-default-executor-1] TRACE util.FileUtils (LogUtils.java:supplyAndLog(69)) - Successfully supplied FileChannel.open /home/runner/work/ratis/ratis/ratis-test/target/test/data/c75294bd/MiniRaftClusterWithGrpc437c29fe/s2/ba30cfb9-f514-478c-92bf-3cc9820bba4e/tmp/snapshot-acdb1b30-f090-4fd9-9ac5-9311a994bf84/snapshot/1.bin.md5.tmp with options [CREATE, WRITE]: sun.nio.ch.FileChannelImpl@3b67d50e
2024-09-14 09:39:02,400 [grpc-default-executor-1] TRACE util.FileUtils (LogUtils.java:runAndLog(49)) - Successfully ran Atomic Files.move /home/runner/work/ratis/ratis/ratis-test/target/test/data/c75294bd/MiniRaftClusterWithGrpc437c29fe/s2/ba30cfb9-f514-478c-92bf-3cc9820bba4e/tmp/snapshot-acdb1b30-f090-4fd9-9ac5-9311a994bf84/snapshot/1.bin.md5.tmp to /home/runner/work/ratis/ratis/ratis-test/target/test/data/c75294bd/MiniRaftClusterWithGrpc437c29fe/s2/ba30cfb9-f514-478c-92bf-3cc9820bba4e/tmp/snapshot-acdb1b30-f090-4fd9-9ac5-9311a994bf84/snapshot/1.bin.md5 with options [REPLACE_EXISTING]
2024-09-14 09:39:02,401 [grpc-default-executor-1] INFO  impl.SnapshotInstallationHandler (SnapshotInstallationHandler.java:installSnapshotImpl(140)) - s2@group-3CC9820BBA4E: set new configuration configurationEntry {
  peers {
    id: "s0"
    address: "localhost:15006"
    dataStreamAddress: "localhost:15009"
    clientAddress: "localhost:15008"
    adminAddress: "localhost:15007"
    startupRole: FOLLOWER
  }
}
 from snapshot
2024-09-14 09:39:02,401 [grpc-default-executor-1] INFO  server.RaftServer$Division (ServerState.java:setRaftConf(386)) - s2@group-3CC9820BBA4E: set configuration conf: {index: 0, cur=peers:[s0|localhost:15006]|listeners:[], old=null}
2024-09-14 09:39:02,401 [grpc-default-executor-1] TRACE util.FileUtils (LogUtils.java:supplyAndLog(69)) - Successfully supplied FileChannel.open /home/runner/work/ratis/ratis/ratis-test/target/test/data/c75294bd/MiniRaftClusterWithGrpc437c29fe/s2/ba30cfb9-f514-478c-92bf-3cc9820bba4e/current/raft-meta.conf.tmp with options [CREATE, WRITE]: sun.nio.ch.FileChannelImpl@1f79235c
2024-09-14 09:39:02,402 [grpc-default-executor-0] TRACE util.FileUtils (LogUtils.java:runAndLog(49)) - Successfully ran Atomic Files.move /home/runner/work/ratis/ratis/ratis-test/target/test/data/c75294bd/MiniRaftClusterWithGrpc437c29fe/s1/ba30cfb9-f514-478c-92bf-3cc9820bba4e/current/raft-meta.conf.tmp to /home/runner/work/ratis/ratis/ratis-test/target/test/data/c75294bd/MiniRaftClusterWithGrpc437c29fe/s1/ba30cfb9-f514-478c-92bf-3cc9820bba4e/current/raft-meta.conf with options [REPLACE_EXISTING]
2024-09-14 09:39:02,402 [grpc-default-executor-0] INFO  impl.SnapshotInstallationHandler (SnapshotInstallationHandler.java:installSnapshot(105)) - s1@group-3CC9820BBA4E: reply installSnapshot: s0<-s1#0:OK-t0,SUCCESS,requestIndex=0
2024-09-14 09:39:02,402 [grpc-default-executor-1] TRACE util.FileUtils (LogUtils.java:runAndLog(49)) - Successfully ran Atomic Files.move /home/runner/work/ratis/ratis/ratis-test/target/test/data/c75294bd/MiniRaftClusterWithGrpc437c29fe/s2/ba30cfb9-f514-478c-92bf-3cc9820bba4e/current/raft-meta.conf.tmp to /home/runner/work/ratis/ratis/ratis-test/target/test/data/c75294bd/MiniRaftClusterWithGrpc437c29fe/s2/ba30cfb9-f514-478c-92bf-3cc9820bba4e/current/raft-meta.conf with options [REPLACE_EXISTING]
2024-09-14 09:39:02,402 [grpc-default-executor-1] INFO  impl.SnapshotInstallationHandler (SnapshotInstallationHandler.java:installSnapshot(105)) - s2@group-3CC9820BBA4E: reply installSnapshot: s0<-s2#0:OK-t0,SUCCESS,requestIndex=0
2024-09-14 09:39:02,403 [grpc-default-executor-0] INFO  server.GrpcLogAppender (GrpcLogAppender.java:onNext(664)) - s0@group-3CC9820BBA4E->s1-InstallSnapshotResponseHandler: received the first reply s0<-s1#0:OK-t0,SUCCESS,requestIndex=0
2024-09-14 09:39:02,403 [grpc-default-executor-2] INFO  impl.SnapshotInstallationHandler (SnapshotInstallationHandler.java:installSnapshot(94)) - s2@group-3CC9820BBA4E: receive installSnapshot: s0->s2#0-t1,chunk:acdb1b30-f090-4fd9-9ac5-9311a994bf84,1
2024-09-14 09:39:02,403 [grpc-default-executor-0] INFO  server.GrpcLogAppender (GrpcLogAppender.java:onNext(675)) - s0@group-3CC9820BBA4E->s1-InstallSnapshotResponseHandler: Completed InstallSnapshot. Reply: serverReply {
  requestorId: "s0"
  replyId: "s1"
  raftGroupId {
    id: "\2720\317\271\365\024G\214\222\277<\311\202\v\272N"
  }
  success: true
}
requestIndex: 0

2024-09-14 09:39:02,403 [grpc-default-executor-0] INFO  leader.FollowerInfo (FollowerInfoImpl.java:setAttemptedToInstallSnapshot(154)) - Follower s0@group-3CC9820BBA4E->s1 acknowledged installing snapshot
2024-09-14 09:39:02,404 [grpc-default-executor-2] TRACE util.FileUtils (LogUtils.java:runAndLog(49)) - Successfully ran Files.createDirectories /home/runner/work/ratis/ratis/ratis-test/target/test/data/c75294bd/MiniRaftClusterWithGrpc437c29fe/s2/ba30cfb9-f514-478c-92bf-3cc9820bba4e/tmp/snapshot-acdb1b30-f090-4fd9-9ac5-9311a994bf84
2024-09-14 09:39:02,404 [grpc-default-executor-2] INFO  storage.SnapshotManager (SnapshotManager.java:installSnapshot(111)) - Installing snapshot:s0->s2#0-t1,chunk:acdb1b30-f090-4fd9-9ac5-9311a994bf84,1, to tmp dir:/home/runner/work/ratis/ratis/ratis-test/target/test/data/c75294bd/MiniRaftClusterWithGrpc437c29fe/s2/ba30cfb9-f514-478c-92bf-3cc9820bba4e/tmp/snapshot-acdb1b30-f090-4fd9-9ac5-9311a994bf84
2024-09-14 09:39:02,404 [grpc-default-executor-0] INFO  server.GrpcLogAppender (GrpcLogAppender.java:onNext(664)) - s0@group-3CC9820BBA4E->s2-InstallSnapshotResponseHandler: received the first reply s0<-s2#0:OK-t0,SUCCESS,requestIndex=0
2024-09-14 09:39:02,404 [grpc-default-executor-2] TRACE util.FileUtils (LogUtils.java:runAndLog(49)) - Successfully ran Files.createDirectories /home/runner/work/ratis/ratis/ratis-test/target/test/data/c75294bd/MiniRaftClusterWithGrpc437c29fe/s2/ba30cfb9-f514-478c-92bf-3cc9820bba4e/tmp/snapshot-acdb1b30-f090-4fd9-9ac5-9311a994bf84/snapshot/sub
2024-09-14 09:39:02,404 [grpc-default-executor-2] TRACE util.FileUtils (LogUtils.java:supplyAndLog(69)) - Successfully supplied FileChannel.open /home/runner/work/ratis/ratis/ratis-test/target/test/data/c75294bd/MiniRaftClusterWithGrpc437c29fe/s2/ba30cfb9-f514-478c-92bf-3cc9820bba4e/tmp/snapshot-acdb1b30-f090-4fd9-9ac5-9311a994bf84/snapshot/sub/2.bin with options [WRITE, CREATE]: sun.nio.ch.FileChannelImpl@706418bc
2024-09-14 09:39:02,404 [grpc-default-executor-0] INFO  server.GrpcLogAppender (GrpcLogAppender.java:onNext(675)) - s0@group-3CC9820BBA4E->s2-InstallSnapshotResponseHandler: Completed InstallSnapshot. Reply: serverReply {
  requestorId: "s0"
  replyId: "s2"
  raftGroupId {
    id: "\2720\317\271\365\024G\214\222\277<\311\202\v\272N"
  }
  success: true
}
requestIndex: 0

2024-09-14 09:39:02,404 [grpc-default-executor-0] INFO  leader.FollowerInfo (FollowerInfoImpl.java:setAttemptedToInstallSnapshot(154)) - Follower s0@group-3CC9820BBA4E->s2 acknowledged installing snapshot
2024-09-14 09:39:02,404 [grpc-default-executor-2] INFO  impl.SnapshotInstallationHandler (SnapshotInstallationHandler.java:installSnapshotImpl(140)) - s2@group-3CC9820BBA4E: set new configuration configurationEntry {
  peers {
    id: "s0"
    address: "localhost:15006"
    dataStreamAddress: "localhost:15009"
    clientAddress: "localhost:15008"
    adminAddress: "localhost:15007"
    startupRole: FOLLOWER
  }
}
 from snapshot
2024-09-14 09:39:02,405 [grpc-default-executor-2] INFO  server.RaftServer$Division (ServerState.java:setRaftConf(386)) - s2@group-3CC9820BBA4E: set configuration conf: {index: 0, cur=peers:[s0|localhost:15006]|listeners:[], old=null}
2024-09-14 09:39:02,405 [grpc-default-executor-2] TRACE util.FileUtils (LogUtils.java:supplyAndLog(69)) - Successfully supplied FileChannel.open /home/runner/work/ratis/ratis/ratis-test/target/test/data/c75294bd/MiniRaftClusterWithGrpc437c29fe/s2/ba30cfb9-f514-478c-92bf-3cc9820bba4e/current/raft-meta.conf.tmp with options [CREATE, WRITE]: sun.nio.ch.FileChannelImpl@2d4df0f2
2024-09-14 09:39:02,406 [grpc-default-executor-2] TRACE util.FileUtils (LogUtils.java:runAndLog(49)) - Successfully ran Atomic Files.move /home/runner/work/ratis/ratis/ratis-test/target/test/data/c75294bd/MiniRaftClusterWithGrpc437c29fe/s2/ba30cfb9-f514-478c-92bf-3cc9820bba4e/current/raft-meta.conf.tmp to /home/runner/work/ratis/ratis/ratis-test/target/test/data/c75294bd/MiniRaftClusterWithGrpc437c29fe/s2/ba30cfb9-f514-478c-92bf-3cc9820bba4e/current/raft-meta.conf with options [REPLACE_EXISTING]
2024-09-14 09:39:02,406 [grpc-default-executor-2] INFO  impl.SnapshotInstallationHandler (SnapshotInstallationHandler.java:installSnapshot(105)) - s2@group-3CC9820BBA4E: reply installSnapshot: s0<-s2#0:OK-t1,SUCCESS,requestIndex=1
2024-09-14 09:39:02,409 [grpc-default-executor-1] INFO  impl.SnapshotInstallationHandler (SnapshotInstallationHandler.java:installSnapshot(94)) - s1@group-3CC9820BBA4E: receive installSnapshot: s0->s1#0-t1,chunk:77b15dcc-77cc-4230-a386-8cc9d821752a,1
2024-09-14 09:39:02,409 [grpc-default-executor-2] INFO  server.GrpcLogAppender (GrpcLogAppender.java:onNext(664)) - s0@group-3CC9820BBA4E->s2-InstallSnapshotResponseHandler: received a reply s0<-s2#0:OK-t1,SUCCESS,requestIndex=1
2024-09-14 09:39:02,409 [grpc-default-executor-2] INFO  server.GrpcLogAppender (GrpcLogAppender.java:onNext(675)) - s0@group-3CC9820BBA4E->s2-InstallSnapshotResponseHandler: Completed InstallSnapshot. Reply: serverReply {
  requestorId: "s0"
  replyId: "s2"
  raftGroupId {
    id: "\2720\317\271\365\024G\214\222\277<\311\202\v\272N"
  }
  success: true
}
term: 1
requestIndex: 1

2024-09-14 09:39:02,409 [grpc-default-executor-2] INFO  leader.FollowerInfo (FollowerInfoImpl.java:setAttemptedToInstallSnapshot(154)) - Follower s0@group-3CC9820BBA4E->s2 acknowledged installing snapshot
2024-09-14 09:39:02,410 [grpc-default-executor-2] WARN  server.GrpcLogAppender (LogUtils.java:warn(121)) - s0@group-3CC9820BBA4E->s2-InstallSnapshotResponseHandler: Failed InstallSnapshot: org.apache.ratis.thirdparty.io.grpc.StatusRuntimeException: CANCELLED: Failed to read message.
2024-09-14 09:39:02,413 [grpc-default-executor-2] WARN  server.GrpcLogAppender (GrpcLogAppender.java:lambda$resetClient$1(221)) - s0@group-3CC9820BBA4E->s2-GrpcLogAppender: Follower failed (request=null, errorCount=1); keep nextIndex (0) unchanged and retry.
2024-09-14 09:39:02,413 [grpc-default-executor-3] WARN  server.GrpcServerProtocolService (LogUtils.java:warn(121)) - s2: INSTALL_SNAPSHOT onError, lastRequest: s0->s2#0-t1,chunk:acdb1b30-f090-4fd9-9ac5-9311a994bf84,1: org.apache.ratis.thirdparty.io.grpc.StatusRuntimeException: CANCELLED: client cancelled
2024-09-14 09:39:02,414 [grpc-default-executor-1] TRACE util.FileUtils (LogUtils.java:runAndLog(49)) - Successfully ran Files.createDirectories /home/runner/work/ratis/ratis/ratis-test/target/test/data/c75294bd/MiniRaftClusterWithGrpc437c29fe/s1/ba30cfb9-f514-478c-92bf-3cc9820bba4e/tmp/snapshot-77b15dcc-77cc-4230-a386-8cc9d821752a
2024-09-14 09:39:02,414 [grpc-default-executor-1] INFO  storage.SnapshotManager (SnapshotManager.java:installSnapshot(111)) - Installing snapshot:s0->s1#0-t1,chunk:77b15dcc-77cc-4230-a386-8cc9d821752a,1, to tmp dir:/home/runner/work/ratis/ratis/ratis-test/target/test/data/c75294bd/MiniRaftClusterWithGrpc437c29fe/s1/ba30cfb9-f514-478c-92bf-3cc9820bba4e/tmp/snapshot-77b15dcc-77cc-4230-a386-8cc9d821752a
2024-09-14 09:39:02,414 [grpc-default-executor-1] TRACE util.FileUtils (LogUtils.java:runAndLog(49)) - Successfully ran Files.createDirectories /home/runner/work/ratis/ratis/ratis-test/target/test/data/c75294bd/MiniRaftClusterWithGrpc437c29fe/s1/ba30cfb9-f514-478c-92bf-3cc9820bba4e/tmp/snapshot-77b15dcc-77cc-4230-a386-8cc9d821752a/snapshot/sub
2024-09-14 09:39:02,414 [grpc-default-executor-1] TRACE util.FileUtils (LogUtils.java:supplyAndLog(69)) - Successfully supplied FileChannel.open /home/runner/work/ratis/ratis/ratis-test/target/test/data/c75294bd/MiniRaftClusterWithGrpc437c29fe/s1/ba30cfb9-f514-478c-92bf-3cc9820bba4e/tmp/snapshot-77b15dcc-77cc-4230-a386-8cc9d821752a/snapshot/sub/2.bin with options [WRITE, CREATE]: sun.nio.ch.FileChannelImpl@172ac8e3
2024-09-14 09:39:02,415 [grpc-default-executor-1] INFO  impl.SnapshotInstallationHandler (SnapshotInstallationHandler.java:installSnapshotImpl(140)) - s1@group-3CC9820BBA4E: set new configuration configurationEntry {
  peers {
    id: "s0"
    address: "localhost:15006"
    dataStreamAddress: "localhost:15009"
    clientAddress: "localhost:15008"
    adminAddress: "localhost:15007"
    startupRole: FOLLOWER
  }
}
 from snapshot
2024-09-14 09:39:02,415 [grpc-default-executor-1] INFO  server.RaftServer$Division (ServerState.java:setRaftConf(386)) - s1@group-3CC9820BBA4E: set configuration conf: {index: 0, cur=peers:[s0|localhost:15006]|listeners:[], old=null}
2024-09-14 09:39:02,415 [grpc-default-executor-1] TRACE util.FileUtils (LogUtils.java:supplyAndLog(69)) - Successfully supplied FileChannel.open /home/runner/work/ratis/ratis/ratis-test/target/test/data/c75294bd/MiniRaftClusterWithGrpc437c29fe/s1/ba30cfb9-f514-478c-92bf-3cc9820bba4e/current/raft-meta.conf.tmp with options [CREATE, WRITE]: sun.nio.ch.FileChannelImpl@12e0b0ad
2024-09-14 09:39:02,416 [grpc-default-executor-1] TRACE util.FileUtils (LogUtils.java:runAndLog(49)) - Successfully ran Atomic Files.move /home/runner/work/ratis/ratis/ratis-test/target/test/data/c75294bd/MiniRaftClusterWithGrpc437c29fe/s1/ba30cfb9-f514-478c-92bf-3cc9820bba4e/current/raft-meta.conf.tmp to /home/runner/work/ratis/ratis/ratis-test/target/test/data/c75294bd/MiniRaftClusterWithGrpc437c29fe/s1/ba30cfb9-f514-478c-92bf-3cc9820bba4e/current/raft-meta.conf with options [REPLACE_EXISTING]
2024-09-14 09:39:02,417 [grpc-default-executor-1] INFO  impl.SnapshotInstallationHandler (SnapshotInstallationHandler.java:installSnapshot(105)) - s1@group-3CC9820BBA4E: reply installSnapshot: s0<-s1#0:OK-t1,SUCCESS,requestIndex=1
2024-09-14 09:39:02,417 [grpc-default-executor-1] INFO  impl.SnapshotInstallationHandler (SnapshotInstallationHandler.java:installSnapshot(94)) - s1@group-3CC9820BBA4E: receive installSnapshot: s0->s1#0-t1,chunk:77b15dcc-77cc-4230-a386-8cc9d821752a,2
2024-09-14 09:39:02,418 [grpc-default-executor-1] TRACE util.FileUtils (LogUtils.java:runAndLog(49)) - Successfully ran Files.createDirectories /home/runner/work/ratis/ratis/ratis-test/target/test/data/c75294bd/MiniRaftClusterWithGrpc437c29fe/s1/ba30cfb9-f514-478c-92bf-3cc9820bba4e/tmp/snapshot-77b15dcc-77cc-4230-a386-8cc9d821752a
2024-09-14 09:39:02,418 [grpc-default-executor-1] INFO  storage.SnapshotManager (SnapshotManager.java:installSnapshot(111)) - Installing snapshot:s0->s1#0-t1,chunk:77b15dcc-77cc-4230-a386-8cc9d821752a,2, to tmp dir:/home/runner/work/ratis/ratis/ratis-test/target/test/data/c75294bd/MiniRaftClusterWithGrpc437c29fe/s1/ba30cfb9-f514-478c-92bf-3cc9820bba4e/tmp/snapshot-77b15dcc-77cc-4230-a386-8cc9d821752a
2024-09-14 09:39:02,418 [grpc-default-executor-1] TRACE util.FileUtils (LogUtils.java:runAndLog(49)) - Successfully ran Files.createDirectories /home/runner/work/ratis/ratis/ratis-test/target/test/data/c75294bd/MiniRaftClusterWithGrpc437c29fe/s1/ba30cfb9-f514-478c-92bf-3cc9820bba4e/tmp/snapshot-77b15dcc-77cc-4230-a386-8cc9d821752a/snapshot/sub
2024-09-14 09:39:02,418 [grpc-default-executor-1] TRACE util.FileUtils (LogUtils.java:supplyAndLog(69)) - Successfully supplied FileChannel.open /home/runner/work/ratis/ratis/ratis-test/target/test/data/c75294bd/MiniRaftClusterWithGrpc437c29fe/s1/ba30cfb9-f514-478c-92bf-3cc9820bba4e/tmp/snapshot-77b15dcc-77cc-4230-a386-8cc9d821752a/snapshot/sub/2.bin with options [WRITE]: sun.nio.ch.FileChannelImpl@1624b7d2
2024-09-14 09:39:02,421 [s0@group-3CC9820BBA4E->s2-GrpcLogAppender-LogAppenderDaemon] TRACE util.FileUtils (LogUtils.java:supplyAndLog(69)) - Successfully supplied Files.newInputStream /home/runner/work/ratis/ratis/ratis-test/target/test/data/c75294bd/MiniRaftClusterWithGrpc437c29fe/s0/ba30cfb9-f514-478c-92bf-3cc9820bba4e/sm/snapshot.1_191 with options []: sun.nio.ch.ChannelInputStream@4dccfead
2024-09-14 09:39:02,421 [grpc-default-executor-1] INFO  impl.SnapshotInstallationHandler (SnapshotInstallationHandler.java:installSnapshotImpl(140)) - s1@group-3CC9820BBA4E: set new configuration configurationEntry {
  peers {
    id: "s0"
    address: "localhost:15006"
    dataStreamAddress: "localhost:15009"
    clientAddress: "localhost:15008"
    adminAddress: "localhost:15007"
    startupRole: FOLLOWER
  }
}
 from snapshot
2024-09-14 09:39:02,421 [grpc-default-executor-3] INFO  server.GrpcLogAppender (GrpcLogAppender.java:onNext(664)) - s0@group-3CC9820BBA4E->s1-InstallSnapshotResponseHandler: received a reply s0<-s1#0:OK-t1,SUCCESS,requestIndex=1
2024-09-14 09:39:02,421 [grpc-default-executor-3] INFO  server.GrpcLogAppender (GrpcLogAppender.java:onNext(675)) - s0@group-3CC9820BBA4E->s1-InstallSnapshotResponseHandler: Completed InstallSnapshot. Reply: serverReply {
  requestorId: "s0"
  replyId: "s1"
  raftGroupId {
    id: "\2720\317\271\365\024G\214\222\277<\311\202\v\272N"
  }
  success: true
}
term: 1
requestIndex: 1

2024-09-14 09:39:02,421 [grpc-default-executor-3] INFO  leader.FollowerInfo (FollowerInfoImpl.java:setAttemptedToInstallSnapshot(154)) - Follower s0@group-3CC9820BBA4E->s1 acknowledged installing snapshot
2024-09-14 09:39:02,421 [grpc-default-executor-1] INFO  server.RaftServer$Division (ServerState.java:setRaftConf(386)) - s1@group-3CC9820BBA4E: set configuration conf: {index: 0, cur=peers:[s0|localhost:15006]|listeners:[], old=null}
2024-09-14 09:39:02,422 [grpc-default-executor-1] TRACE util.FileUtils (LogUtils.java:supplyAndLog(69)) - Successfully supplied FileChannel.open /home/runner/work/ratis/ratis/ratis-test/target/test/data/c75294bd/MiniRaftClusterWithGrpc437c29fe/s1/ba30cfb9-f514-478c-92bf-3cc9820bba4e/current/raft-meta.conf.tmp with options [CREATE, WRITE]: sun.nio.ch.FileChannelImpl@57881825
2024-09-14 09:39:02,423 [grpc-default-executor-1] TRACE util.FileUtils (LogUtils.java:runAndLog(49)) - Successfully ran Atomic Files.move /home/runner/work/ratis/ratis/ratis-test/target/test/data/c75294bd/MiniRaftClusterWithGrpc437c29fe/s1/ba30cfb9-f514-478c-92bf-3cc9820bba4e/current/raft-meta.conf.tmp to /home/runner/work/ratis/ratis/ratis-test/target/test/data/c75294bd/MiniRaftClusterWithGrpc437c29fe/s1/ba30cfb9-f514-478c-92bf-3cc9820bba4e/current/raft-meta.conf with options [REPLACE_EXISTING]
2024-09-14 09:39:02,423 [grpc-default-executor-1] INFO  impl.SnapshotInstallationHandler (SnapshotInstallationHandler.java:installSnapshot(105)) - s1@group-3CC9820BBA4E: reply installSnapshot: s0<-s1#0:OK-t1,SUCCESS,requestIndex=2
2024-09-14 09:39:02,424 [grpc-default-executor-1] INFO  impl.SnapshotInstallationHandler (SnapshotInstallationHandler.java:installSnapshot(94)) - s1@group-3CC9820BBA4E: receive installSnapshot: s0->s1#0-t1,chunk:77b15dcc-77cc-4230-a386-8cc9d821752a,3
2024-09-14 09:39:02,424 [grpc-default-executor-1] TRACE util.FileUtils (LogUtils.java:runAndLog(49)) - Successfully ran Files.createDirectories /home/runner/work/ratis/ratis/ratis-test/target/test/data/c75294bd/MiniRaftClusterWithGrpc437c29fe/s1/ba30cfb9-f514-478c-92bf-3cc9820bba4e/tmp/snapshot-77b15dcc-77cc-4230-a386-8cc9d821752a
2024-09-14 09:39:02,424 [grpc-default-executor-1] INFO  storage.SnapshotManager (SnapshotManager.java:installSnapshot(111)) - Installing snapshot:s0->s1#0-t1,chunk:77b15dcc-77cc-4230-a386-8cc9d821752a,3, to tmp dir:/home/runner/work/ratis/ratis/ratis-test/target/test/data/c75294bd/MiniRaftClusterWithGrpc437c29fe/s1/ba30cfb9-f514-478c-92bf-3cc9820bba4e/tmp/snapshot-77b15dcc-77cc-4230-a386-8cc9d821752a
2024-09-14 09:39:02,424 [grpc-default-executor-1] TRACE util.FileUtils (LogUtils.java:runAndLog(49)) - Successfully ran Files.createDirectories /home/runner/work/ratis/ratis/ratis-test/target/test/data/c75294bd/MiniRaftClusterWithGrpc437c29fe/s1/ba30cfb9-f514-478c-92bf-3cc9820bba4e/tmp/snapshot-77b15dcc-77cc-4230-a386-8cc9d821752a/snapshot/sub
2024-09-14 09:39:02,424 [grpc-default-executor-1] TRACE util.FileUtils (LogUtils.java:supplyAndLog(69)) - Successfully supplied FileChannel.open /home/runner/work/ratis/ratis/ratis-test/target/test/data/c75294bd/MiniRaftClusterWithGrpc437c29fe/s1/ba30cfb9-f514-478c-92bf-3cc9820bba4e/tmp/snapshot-77b15dcc-77cc-4230-a386-8cc9d821752a/snapshot/sub/2.bin with options [WRITE]: sun.nio.ch.FileChannelImpl@2cd083b2
2024-09-14 09:39:02,425 [grpc-default-executor-1] INFO  impl.SnapshotInstallationHandler (SnapshotInstallationHandler.java:installSnapshotImpl(140)) - s1@group-3CC9820BBA4E: set new configuration configurationEntry {
  peers {
    id: "s0"
    address: "localhost:15006"
    dataStreamAddress: "localhost:15009"
    clientAddress: "localhost:15008"
    adminAddress: "localhost:15007"
    startupRole: FOLLOWER
  }
}
 from snapshot
2024-09-14 09:39:02,425 [grpc-default-executor-1] INFO  server.RaftServer$Division (ServerState.java:setRaftConf(386)) - s1@group-3CC9820BBA4E: set configuration conf: {index: 0, cur=peers:[s0|localhost:15006]|listeners:[], old=null}
2024-09-14 09:39:02,425 [grpc-default-executor-1] TRACE util.FileUtils (LogUtils.java:supplyAndLog(69)) - Successfully supplied FileChannel.open /home/runner/work/ratis/ratis/ratis-test/target/test/data/c75294bd/MiniRaftClusterWithGrpc437c29fe/s1/ba30cfb9-f514-478c-92bf-3cc9820bba4e/current/raft-meta.conf.tmp with options [CREATE, WRITE]: sun.nio.ch.FileChannelImpl@1ff93bdd
2024-09-14 09:39:02,425 [grpc-default-executor-3] INFO  server.GrpcLogAppender (GrpcLogAppender.java:onNext(664)) - s0@group-3CC9820BBA4E->s1-InstallSnapshotResponseHandler: received a reply s0<-s1#0:OK-t1,SUCCESS,requestIndex=2
2024-09-14 09:39:02,426 [grpc-default-executor-1] TRACE util.FileUtils (LogUtils.java:runAndLog(49)) - Successfully ran Atomic Files.move /home/runner/work/ratis/ratis/ratis-test/target/test/data/c75294bd/MiniRaftClusterWithGrpc437c29fe/s1/ba30cfb9-f514-478c-92bf-3cc9820bba4e/current/raft-meta.conf.tmp to /home/runner/work/ratis/ratis/ratis-test/target/test/data/c75294bd/MiniRaftClusterWithGrpc437c29fe/s1/ba30cfb9-f514-478c-92bf-3cc9820bba4e/current/raft-meta.conf with options [REPLACE_EXISTING]
2024-09-14 09:39:02,426 [grpc-default-executor-1] INFO  impl.SnapshotInstallationHandler (SnapshotInstallationHandler.java:installSnapshot(105)) - s1@group-3CC9820BBA4E: reply installSnapshot: s0<-s1#0:OK-t1,SUCCESS,requestIndex=3
2024-09-14 09:39:02,427 [grpc-default-executor-1] INFO  impl.SnapshotInstallationHandler (SnapshotInstallationHandler.java:installSnapshot(94)) - s1@group-3CC9820BBA4E: receive installSnapshot: s0->s1#0-t1,chunk:77b15dcc-77cc-4230-a386-8cc9d821752a,4
2024-09-14 09:39:02,427 [grpc-default-executor-1] TRACE util.FileUtils (LogUtils.java:runAndLog(49)) - Successfully ran Files.createDirectories /home/runner/work/ratis/ratis/ratis-test/target/test/data/c75294bd/MiniRaftClusterWithGrpc437c29fe/s1/ba30cfb9-f514-478c-92bf-3cc9820bba4e/tmp/snapshot-77b15dcc-77cc-4230-a386-8cc9d821752a
2024-09-14 09:39:02,427 [grpc-default-executor-1] INFO  storage.SnapshotManager (SnapshotManager.java:installSnapshot(111)) - Installing snapshot:s0->s1#0-t1,chunk:77b15dcc-77cc-4230-a386-8cc9d821752a,4, to tmp dir:/home/runner/work/ratis/ratis/ratis-test/target/test/data/c75294bd/MiniRaftClusterWithGrpc437c29fe/s1/ba30cfb9-f514-478c-92bf-3cc9820bba4e/tmp/snapshot-77b15dcc-77cc-4230-a386-8cc9d821752a
2024-09-14 09:39:02,427 [grpc-default-executor-1] TRACE util.FileUtils (LogUtils.java:runAndLog(49)) - Successfully ran Files.createDirectories /home/runner/work/ratis/ratis/ratis-test/target/test/data/c75294bd/MiniRaftClusterWithGrpc437c29fe/s1/ba30cfb9-f514-478c-92bf-3cc9820bba4e/tmp/snapshot-77b15dcc-77cc-4230-a386-8cc9d821752a/snapshot/sub
2024-09-14 09:39:02,427 [grpc-default-executor-1] TRACE util.FileUtils (LogUtils.java:supplyAndLog(69)) - Successfully supplied FileChannel.open /home/runner/work/ratis/ratis/ratis-test/target/test/data/c75294bd/MiniRaftClusterWithGrpc437c29fe/s1/ba30cfb9-f514-478c-92bf-3cc9820bba4e/tmp/snapshot-77b15dcc-77cc-4230-a386-8cc9d821752a/snapshot/sub/2.bin with options [WRITE]: sun.nio.ch.FileChannelImpl@1db5e025
2024-09-14 09:39:02,428 [grpc-default-executor-1] TRACE util.FileUtils (LogUtils.java:supplyAndLog(69)) - Successfully supplied FileChannel.open /home/runner/work/ratis/ratis/ratis-test/target/test/data/c75294bd/MiniRaftClusterWithGrpc437c29fe/s1/ba30cfb9-f514-478c-92bf-3cc9820bba4e/tmp/snapshot-77b15dcc-77cc-4230-a386-8cc9d821752a/snapshot/sub/2.bin.md5.tmp with options [CREATE, WRITE]: sun.nio.ch.FileChannelImpl@35d02d32
2024-09-14 09:39:02,428 [grpc-default-executor-3] INFO  server.GrpcLogAppender (GrpcLogAppender.java:onNext(675)) - s0@group-3CC9820BBA4E->s1-InstallSnapshotResponseHandler: Completed InstallSnapshot. Reply: serverReply {
  requestorId: "s0"
  replyId: "s1"
  raftGroupId {
    id: "\2720\317\271\365\024G\214\222\277<\311\202\v\272N"
  }
  success: true
}
term: 1
requestIndex: 2

2024-09-14 09:39:02,428 [grpc-default-executor-3] INFO  leader.FollowerInfo (FollowerInfoImpl.java:setAttemptedToInstallSnapshot(154)) - Follower s0@group-3CC9820BBA4E->s1 acknowledged installing snapshot
2024-09-14 09:39:02,428 [grpc-default-executor-3] INFO  server.GrpcLogAppender (GrpcLogAppender.java:onNext(664)) - s0@group-3CC9820BBA4E->s1-InstallSnapshotResponseHandler: received a reply s0<-s1#0:OK-t1,SUCCESS,requestIndex=3
2024-09-14 09:39:02,428 [grpc-default-executor-3] INFO  server.GrpcLogAppender (GrpcLogAppender.java:onNext(675)) - s0@group-3CC9820BBA4E->s1-InstallSnapshotResponseHandler: Completed InstallSnapshot. Reply: serverReply {
  requestorId: "s0"
  replyId: "s1"
  raftGroupId {
    id: "\2720\317\271\365\024G\214\222\277<\311\202\v\272N"
  }
  success: true
}
term: 1
requestIndex: 3

2024-09-14 09:39:02,428 [grpc-default-executor-3] INFO  leader.FollowerInfo (FollowerInfoImpl.java:setAttemptedToInstallSnapshot(154)) - Follower s0@group-3CC9820BBA4E->s1 acknowledged installing snapshot
2024-09-14 09:39:02,428 [grpc-default-executor-1] TRACE util.FileUtils (LogUtils.java:runAndLog(49)) - Successfully ran Atomic Files.move /home/runner/work/ratis/ratis/ratis-test/target/test/data/c75294bd/MiniRaftClusterWithGrpc437c29fe/s1/ba30cfb9-f514-478c-92bf-3cc9820bba4e/tmp/snapshot-77b15dcc-77cc-4230-a386-8cc9d821752a/snapshot/sub/2.bin.md5.tmp to /home/runner/work/ratis/ratis/ratis-test/target/test/data/c75294bd/MiniRaftClusterWithGrpc437c29fe/s1/ba30cfb9-f514-478c-92bf-3cc9820bba4e/tmp/snapshot-77b15dcc-77cc-4230-a386-8cc9d821752a/snapshot/sub/2.bin.md5 with options [REPLACE_EXISTING]
2024-09-14 09:39:02,429 [grpc-default-executor-1] INFO  impl.SnapshotInstallationHandler (SnapshotInstallationHandler.java:installSnapshotImpl(140)) - s1@group-3CC9820BBA4E: set new configuration configurationEntry {
  peers {
    id: "s0"
    address: "localhost:15006"
    dataStreamAddress: "localhost:15009"
    clientAddress: "localhost:15008"
    adminAddress: "localhost:15007"
    startupRole: FOLLOWER
  }
}
 from snapshot
2024-09-14 09:39:02,429 [grpc-default-executor-1] INFO  server.RaftServer$Division (ServerState.java:setRaftConf(386)) - s1@group-3CC9820BBA4E: set configuration conf: {index: 0, cur=peers:[s0|localhost:15006]|listeners:[], old=null}
2024-09-14 09:39:02,429 [grpc-default-executor-1] TRACE util.FileUtils (LogUtils.java:supplyAndLog(69)) - Successfully supplied FileChannel.open /home/runner/work/ratis/ratis/ratis-test/target/test/data/c75294bd/MiniRaftClusterWithGrpc437c29fe/s1/ba30cfb9-f514-478c-92bf-3cc9820bba4e/current/raft-meta.conf.tmp with options [CREATE, WRITE]: sun.nio.ch.FileChannelImpl@63a1df86
2024-09-14 09:39:02,430 [grpc-default-executor-1] TRACE util.FileUtils (LogUtils.java:runAndLog(49)) - Successfully ran Atomic Files.move /home/runner/work/ratis/ratis/ratis-test/target/test/data/c75294bd/MiniRaftClusterWithGrpc437c29fe/s1/ba30cfb9-f514-478c-92bf-3cc9820bba4e/current/raft-meta.conf.tmp to /home/runner/work/ratis/ratis/ratis-test/target/test/data/c75294bd/MiniRaftClusterWithGrpc437c29fe/s1/ba30cfb9-f514-478c-92bf-3cc9820bba4e/current/raft-meta.conf with options [REPLACE_EXISTING]
2024-09-14 09:39:02,430 [grpc-default-executor-1] INFO  impl.SnapshotInstallationHandler (SnapshotInstallationHandler.java:installSnapshot(105)) - s1@group-3CC9820BBA4E: reply installSnapshot: s0<-s1#0:OK-t1,SUCCESS,requestIndex=4
2024-09-14 09:39:02,430 [grpc-default-executor-3] INFO  server.GrpcLogAppender (GrpcLogAppender.java:onNext(664)) - s0@group-3CC9820BBA4E->s1-InstallSnapshotResponseHandler: received a reply s0<-s1#0:OK-t1,SUCCESS,requestIndex=4
2024-09-14 09:39:02,431 [grpc-default-executor-3] INFO  server.GrpcLogAppender (GrpcLogAppender.java:onNext(675)) - s0@group-3CC9820BBA4E->s1-InstallSnapshotResponseHandler: Completed InstallSnapshot. Reply: serverReply {
  requestorId: "s0"
  replyId: "s1"
  raftGroupId {
    id: "\2720\317\271\365\024G\214\222\277<\311\202\v\272N"
  }
  success: true
}
term: 1
requestIndex: 4

2024-09-14 09:39:02,431 [grpc-default-executor-3] INFO  leader.FollowerInfo (FollowerInfoImpl.java:setAttemptedToInstallSnapshot(154)) - Follower s0@group-3CC9820BBA4E->s1 acknowledged installing snapshot
2024-09-14 09:39:02,431 [grpc-default-executor-1] INFO  impl.SnapshotInstallationHandler (SnapshotInstallationHandler.java:installSnapshot(94)) - s1@group-3CC9820BBA4E: receive installSnapshot: s0->s1#0-t1,chunk:77b15dcc-77cc-4230-a386-8cc9d821752a,5
2024-09-14 09:39:02,431 [grpc-default-executor-1] TRACE util.FileUtils (LogUtils.java:runAndLog(49)) - Successfully ran Files.createDirectories /home/runner/work/ratis/ratis/ratis-test/target/test/data/c75294bd/MiniRaftClusterWithGrpc437c29fe/s1/ba30cfb9-f514-478c-92bf-3cc9820bba4e/tmp/snapshot-77b15dcc-77cc-4230-a386-8cc9d821752a
2024-09-14 09:39:02,431 [grpc-default-executor-1] INFO  storage.SnapshotManager (SnapshotManager.java:installSnapshot(111)) - Installing snapshot:s0->s1#0-t1,chunk:77b15dcc-77cc-4230-a386-8cc9d821752a,5, to tmp dir:/home/runner/work/ratis/ratis/ratis-test/target/test/data/c75294bd/MiniRaftClusterWithGrpc437c29fe/s1/ba30cfb9-f514-478c-92bf-3cc9820bba4e/tmp/snapshot-77b15dcc-77cc-4230-a386-8cc9d821752a
2024-09-14 09:39:02,431 [grpc-default-executor-1] TRACE util.FileUtils (LogUtils.java:runAndLog(49)) - Successfully ran Files.createDirectories /home/runner/work/ratis/ratis/ratis-test/target/test/data/c75294bd/MiniRaftClusterWithGrpc437c29fe/s1/ba30cfb9-f514-478c-92bf-3cc9820bba4e/tmp/snapshot-77b15dcc-77cc-4230-a386-8cc9d821752a
2024-09-14 09:39:02,431 [grpc-default-executor-1] TRACE util.FileUtils (LogUtils.java:supplyAndLog(69)) - Successfully supplied FileChannel.open /home/runner/work/ratis/ratis/ratis-test/target/test/data/c75294bd/MiniRaftClusterWithGrpc437c29fe/s1/ba30cfb9-f514-478c-92bf-3cc9820bba4e/tmp/snapshot-77b15dcc-77cc-4230-a386-8cc9d821752a/snapshot.1_191 with options [WRITE, CREATE]: sun.nio.ch.FileChannelImpl@63bb72e6
2024-09-14 09:39:02,432 [grpc-default-executor-1] INFO  impl.SnapshotInstallationHandler (SnapshotInstallationHandler.java:installSnapshotImpl(140)) - s1@group-3CC9820BBA4E: set new configuration configurationEntry {
  peers {
    id: "s0"
    address: "localhost:15006"
    dataStreamAddress: "localhost:15009"
    clientAddress: "localhost:15008"
    adminAddress: "localhost:15007"
    startupRole: FOLLOWER
  }
}
 from snapshot
2024-09-14 09:39:02,432 [grpc-default-executor-1] INFO  server.RaftServer$Division (ServerState.java:setRaftConf(386)) - s1@group-3CC9820BBA4E: set configuration conf: {index: 0, cur=peers:[s0|localhost:15006]|listeners:[], old=null}
2024-09-14 09:39:02,432 [grpc-default-executor-1] TRACE util.FileUtils (LogUtils.java:supplyAndLog(69)) - Successfully supplied FileChannel.open /home/runner/work/ratis/ratis/ratis-test/target/test/data/c75294bd/MiniRaftClusterWithGrpc437c29fe/s1/ba30cfb9-f514-478c-92bf-3cc9820bba4e/current/raft-meta.conf.tmp with options [CREATE, WRITE]: sun.nio.ch.FileChannelImpl@57b66a1e
2024-09-14 09:39:02,433 [grpc-default-executor-1] TRACE util.FileUtils (LogUtils.java:runAndLog(49)) - Successfully ran Atomic Files.move /home/runner/work/ratis/ratis/ratis-test/target/test/data/c75294bd/MiniRaftClusterWithGrpc437c29fe/s1/ba30cfb9-f514-478c-92bf-3cc9820bba4e/current/raft-meta.conf.tmp to /home/runner/work/ratis/ratis/ratis-test/target/test/data/c75294bd/MiniRaftClusterWithGrpc437c29fe/s1/ba30cfb9-f514-478c-92bf-3cc9820bba4e/current/raft-meta.conf with options [REPLACE_EXISTING]
2024-09-14 09:39:02,433 [grpc-default-executor-1] INFO  impl.SnapshotInstallationHandler (SnapshotInstallationHandler.java:installSnapshot(105)) - s1@group-3CC9820BBA4E: reply installSnapshot: s0<-s1#0:OK-t1,SUCCESS,requestIndex=5
2024-09-14 09:39:02,433 [grpc-default-executor-3] INFO  server.GrpcLogAppender (GrpcLogAppender.java:onNext(664)) - s0@group-3CC9820BBA4E->s1-InstallSnapshotResponseHandler: received a reply s0<-s1#0:OK-t1,SUCCESS,requestIndex=5
2024-09-14 09:39:02,434 [grpc-default-executor-3] INFO  server.GrpcLogAppender (GrpcLogAppender.java:onNext(675)) - s0@group-3CC9820BBA4E->s1-InstallSnapshotResponseHandler: Completed InstallSnapshot. Reply: serverReply {
  requestorId: "s0"
  replyId: "s1"
  raftGroupId {
    id: "\2720\317\271\365\024G\214\222\277<\311\202\v\272N"
  }
  success: true
}
term: 1
requestIndex: 5

2024-09-14 09:39:02,434 [grpc-default-executor-3] INFO  leader.FollowerInfo (FollowerInfoImpl.java:setAttemptedToInstallSnapshot(154)) - Follower s0@group-3CC9820BBA4E->s1 acknowledged installing snapshot
2024-09-14 09:39:02,434 [grpc-default-executor-1] INFO  impl.SnapshotInstallationHandler (SnapshotInstallationHandler.java:installSnapshot(94)) - s1@group-3CC9820BBA4E: receive installSnapshot: s0->s1#0-t1,chunk:77b15dcc-77cc-4230-a386-8cc9d821752a,6
2024-09-14 09:39:02,434 [grpc-default-executor-1] TRACE util.FileUtils (LogUtils.java:runAndLog(49)) - Successfully ran Files.createDirectories /home/runner/work/ratis/ratis/ratis-test/target/test/data/c75294bd/MiniRaftClusterWithGrpc437c29fe/s1/ba30cfb9-f514-478c-92bf-3cc9820bba4e/tmp/snapshot-77b15dcc-77cc-4230-a386-8cc9d821752a
2024-09-14 09:39:02,434 [grpc-default-executor-1] INFO  storage.SnapshotManager (SnapshotManager.java:installSnapshot(111)) - Installing snapshot:s0->s1#0-t1,chunk:77b15dcc-77cc-4230-a386-8cc9d821752a,6, to tmp dir:/home/runner/work/ratis/ratis/ratis-test/target/test/data/c75294bd/MiniRaftClusterWithGrpc437c29fe/s1/ba30cfb9-f514-478c-92bf-3cc9820bba4e/tmp/snapshot-77b15dcc-77cc-4230-a386-8cc9d821752a
2024-09-14 09:39:02,435 [grpc-default-executor-1] TRACE util.FileUtils (LogUtils.java:runAndLog(49)) - Successfully ran Files.createDirectories /home/runner/work/ratis/ratis/ratis-test/target/test/data/c75294bd/MiniRaftClusterWithGrpc437c29fe/s1/ba30cfb9-f514-478c-92bf-3cc9820bba4e/tmp/snapshot-77b15dcc-77cc-4230-a386-8cc9d821752a
2024-09-14 09:39:02,435 [grpc-default-executor-1] TRACE util.FileUtils (LogUtils.java:supplyAndLog(69)) - Successfully supplied FileChannel.open /home/runner/work/ratis/ratis/ratis-test/target/test/data/c75294bd/MiniRaftClusterWithGrpc437c29fe/s1/ba30cfb9-f514-478c-92bf-3cc9820bba4e/tmp/snapshot-77b15dcc-77cc-4230-a386-8cc9d821752a/snapshot.1_191 with options [WRITE]: sun.nio.ch.FileChannelImpl@3233d89
2024-09-14 09:39:02,435 [grpc-default-executor-1] INFO  impl.SnapshotInstallationHandler (SnapshotInstallationHandler.java:installSnapshotImpl(140)) - s1@group-3CC9820BBA4E: set new configuration configurationEntry {
  peers {
    id: "s0"
    address: "localhost:15006"
    dataStreamAddress: "localhost:15009"
    clientAddress: "localhost:15008"
    adminAddress: "localhost:15007"
    startupRole: FOLLOWER
  }
}
 from snapshot
2024-09-14 09:39:02,435 [grpc-default-executor-1] INFO  server.RaftServer$Division (ServerState.java:setRaftConf(386)) - s1@group-3CC9820BBA4E: set configuration conf: {index: 0, cur=peers:[s0|localhost:15006]|listeners:[], old=null}
2024-09-14 09:39:02,435 [grpc-default-executor-1] TRACE util.FileUtils (LogUtils.java:supplyAndLog(69)) - Successfully supplied FileChannel.open /home/runner/work/ratis/ratis/ratis-test/target/test/data/c75294bd/MiniRaftClusterWithGrpc437c29fe/s1/ba30cfb9-f514-478c-92bf-3cc9820bba4e/current/raft-meta.conf.tmp with options [CREATE, WRITE]: sun.nio.ch.FileChannelImpl@3b375349
2024-09-14 09:39:02,436 [grpc-default-executor-1] TRACE util.FileUtils (LogUtils.java:runAndLog(49)) - Successfully ran Atomic Files.move /home/runner/work/ratis/ratis/ratis-test/target/test/data/c75294bd/MiniRaftClusterWithGrpc437c29fe/s1/ba30cfb9-f514-478c-92bf-3cc9820bba4e/current/raft-meta.conf.tmp to /home/runner/work/ratis/ratis/ratis-test/target/test/data/c75294bd/MiniRaftClusterWithGrpc437c29fe/s1/ba30cfb9-f514-478c-92bf-3cc9820bba4e/current/raft-meta.conf with options [REPLACE_EXISTING]
2024-09-14 09:39:02,437 [grpc-default-executor-1] INFO  impl.SnapshotInstallationHandler (SnapshotInstallationHandler.java:installSnapshot(105)) - s1@group-3CC9820BBA4E: reply installSnapshot: s0<-s1#0:OK-t1,SUCCESS,requestIndex=6
2024-09-14 09:39:02,437 [grpc-default-executor-3] INFO  server.GrpcLogAppender (GrpcLogAppender.java:onNext(664)) - s0@group-3CC9820BBA4E->s1-InstallSnapshotResponseHandler: received a reply s0<-s1#0:OK-t1,SUCCESS,requestIndex=6
2024-09-14 09:39:02,437 [grpc-default-executor-3] INFO  server.GrpcLogAppender (GrpcLogAppender.java:onNext(675)) - s0@group-3CC9820BBA4E->s1-InstallSnapshotResponseHandler: Completed InstallSnapshot. Reply: serverReply {
  requestorId: "s0"
  replyId: "s1"
  raftGroupId {
    id: "\2720\317\271\365\024G\214\222\277<\311\202\v\272N"
  }
  success: true
}
term: 1
requestIndex: 6

2024-09-14 09:39:02,437 [grpc-default-executor-3] INFO  leader.FollowerInfo (FollowerInfoImpl.java:setAttemptedToInstallSnapshot(154)) - Follower s0@group-3CC9820BBA4E->s1 acknowledged installing snapshot
2024-09-14 09:39:02,437 [grpc-default-executor-1] INFO  impl.SnapshotInstallationHandler (SnapshotInstallationHandler.java:installSnapshot(94)) - s1@group-3CC9820BBA4E: receive installSnapshot: s0->s1#0-t1,chunk:77b15dcc-77cc-4230-a386-8cc9d821752a,7
2024-09-14 09:39:02,438 [grpc-default-executor-1] TRACE util.FileUtils (LogUtils.java:runAndLog(49)) - Successfully ran Files.createDirectories /home/runner/work/ratis/ratis/ratis-test/target/test/data/c75294bd/MiniRaftClusterWithGrpc437c29fe/s1/ba30cfb9-f514-478c-92bf-3cc9820bba4e/tmp/snapshot-77b15dcc-77cc-4230-a386-8cc9d821752a
2024-09-14 09:39:02,438 [grpc-default-executor-1] INFO  storage.SnapshotManager (SnapshotManager.java:installSnapshot(111)) - Installing snapshot:s0->s1#0-t1,chunk:77b15dcc-77cc-4230-a386-8cc9d821752a,7, to tmp dir:/home/runner/work/ratis/ratis/ratis-test/target/test/data/c75294bd/MiniRaftClusterWithGrpc437c29fe/s1/ba30cfb9-f514-478c-92bf-3cc9820bba4e/tmp/snapshot-77b15dcc-77cc-4230-a386-8cc9d821752a
2024-09-14 09:39:02,438 [grpc-default-executor-1] TRACE util.FileUtils (LogUtils.java:runAndLog(49)) - Successfully ran Files.createDirectories /home/runner/work/ratis/ratis/ratis-test/target/test/data/c75294bd/MiniRaftClusterWithGrpc437c29fe/s1/ba30cfb9-f514-478c-92bf-3cc9820bba4e/tmp/snapshot-77b15dcc-77cc-4230-a386-8cc9d821752a
2024-09-14 09:39:02,438 [grpc-default-executor-1] TRACE util.FileUtils (LogUtils.java:supplyAndLog(69)) - Successfully supplied FileChannel.open /home/runner/work/ratis/ratis/ratis-test/target/test/data/c75294bd/MiniRaftClusterWithGrpc437c29fe/s1/ba30cfb9-f514-478c-92bf-3cc9820bba4e/tmp/snapshot-77b15dcc-77cc-4230-a386-8cc9d821752a/snapshot.1_191 with options [WRITE]: sun.nio.ch.FileChannelImpl@532bfb16
2024-09-14 09:39:02,439 [grpc-default-executor-1] INFO  impl.SnapshotInstallationHandler (SnapshotInstallationHandler.java:installSnapshotImpl(140)) - s1@group-3CC9820BBA4E: set new configuration configurationEntry {
  peers {
    id: "s0"
    address: "localhost:15006"
    dataStreamAddress: "localhost:15009"
    clientAddress: "localhost:15008"
    adminAddress: "localhost:15007"
    startupRole: FOLLOWER
  }
}
 from snapshot
2024-09-14 09:39:02,439 [grpc-default-executor-1] INFO  server.RaftServer$Division (ServerState.java:setRaftConf(386)) - s1@group-3CC9820BBA4E: set configuration conf: {index: 0, cur=peers:[s0|localhost:15006]|listeners:[], old=null}
2024-09-14 09:39:02,439 [grpc-default-executor-1] TRACE util.FileUtils (LogUtils.java:supplyAndLog(69)) - Successfully supplied FileChannel.open /home/runner/work/ratis/ratis/ratis-test/target/test/data/c75294bd/MiniRaftClusterWithGrpc437c29fe/s1/ba30cfb9-f514-478c-92bf-3cc9820bba4e/current/raft-meta.conf.tmp with options [CREATE, WRITE]: sun.nio.ch.FileChannelImpl@49fe5b8f
2024-09-14 09:39:02,440 [grpc-default-executor-1] TRACE util.FileUtils (LogUtils.java:runAndLog(49)) - Successfully ran Atomic Files.move /home/runner/work/ratis/ratis/ratis-test/target/test/data/c75294bd/MiniRaftClusterWithGrpc437c29fe/s1/ba30cfb9-f514-478c-92bf-3cc9820bba4e/current/raft-meta.conf.tmp to /home/runner/work/ratis/ratis/ratis-test/target/test/data/c75294bd/MiniRaftClusterWithGrpc437c29fe/s1/ba30cfb9-f514-478c-92bf-3cc9820bba4e/current/raft-meta.conf with options [REPLACE_EXISTING]
2024-09-14 09:39:02,440 [grpc-default-executor-1] INFO  impl.SnapshotInstallationHandler (SnapshotInstallationHandler.java:installSnapshot(105)) - s1@group-3CC9820BBA4E: reply installSnapshot: s0<-s1#0:OK-t1,SUCCESS,requestIndex=7
2024-09-14 09:39:02,440 [grpc-default-executor-3] INFO  server.GrpcLogAppender (GrpcLogAppender.java:onNext(664)) - s0@group-3CC9820BBA4E->s1-InstallSnapshotResponseHandler: received a reply s0<-s1#0:OK-t1,SUCCESS,requestIndex=7
2024-09-14 09:39:02,441 [grpc-default-executor-3] INFO  server.GrpcLogAppender (GrpcLogAppender.java:onNext(675)) - s0@group-3CC9820BBA4E->s1-InstallSnapshotResponseHandler: Completed InstallSnapshot. Reply: serverReply {
  requestorId: "s0"
  replyId: "s1"
  raftGroupId {
    id: "\2720\317\271\365\024G\214\222\277<\311\202\v\272N"
  }
  success: true
}
term: 1
requestIndex: 7

2024-09-14 09:39:02,441 [grpc-default-executor-3] INFO  leader.FollowerInfo (FollowerInfoImpl.java:setAttemptedToInstallSnapshot(154)) - Follower s0@group-3CC9820BBA4E->s1 acknowledged installing snapshot
2024-09-14 09:39:02,441 [grpc-default-executor-1] INFO  impl.SnapshotInstallationHandler (SnapshotInstallationHandler.java:installSnapshot(94)) - s1@group-3CC9820BBA4E: receive installSnapshot: s0->s1#0-t1,chunk:77b15dcc-77cc-4230-a386-8cc9d821752a,8
2024-09-14 09:39:02,441 [grpc-default-executor-1] TRACE util.FileUtils (LogUtils.java:runAndLog(49)) - Successfully ran Files.createDirectories /home/runner/work/ratis/ratis/ratis-test/target/test/data/c75294bd/MiniRaftClusterWithGrpc437c29fe/s1/ba30cfb9-f514-478c-92bf-3cc9820bba4e/tmp/snapshot-77b15dcc-77cc-4230-a386-8cc9d821752a
2024-09-14 09:39:02,441 [grpc-default-executor-1] INFO  storage.SnapshotManager (SnapshotManager.java:installSnapshot(111)) - Installing snapshot:s0->s1#0-t1,chunk:77b15dcc-77cc-4230-a386-8cc9d821752a,8, to tmp dir:/home/runner/work/ratis/ratis/ratis-test/target/test/data/c75294bd/MiniRaftClusterWithGrpc437c29fe/s1/ba30cfb9-f514-478c-92bf-3cc9820bba4e/tmp/snapshot-77b15dcc-77cc-4230-a386-8cc9d821752a
2024-09-14 09:39:02,441 [grpc-default-executor-1] TRACE util.FileUtils (LogUtils.java:runAndLog(49)) - Successfully ran Files.createDirectories /home/runner/work/ratis/ratis/ratis-test/target/test/data/c75294bd/MiniRaftClusterWithGrpc437c29fe/s1/ba30cfb9-f514-478c-92bf-3cc9820bba4e/tmp/snapshot-77b15dcc-77cc-4230-a386-8cc9d821752a
2024-09-14 09:39:02,442 [grpc-default-executor-1] TRACE util.FileUtils (LogUtils.java:supplyAndLog(69)) - Successfully supplied FileChannel.open /home/runner/work/ratis/ratis/ratis-test/target/test/data/c75294bd/MiniRaftClusterWithGrpc437c29fe/s1/ba30cfb9-f514-478c-92bf-3cc9820bba4e/tmp/snapshot-77b15dcc-77cc-4230-a386-8cc9d821752a/snapshot.1_191 with options [WRITE]: sun.nio.ch.FileChannelImpl@3ed4fd23
2024-09-14 09:39:02,442 [grpc-default-executor-1] INFO  impl.SnapshotInstallationHandler (SnapshotInstallationHandler.java:installSnapshotImpl(140)) - s1@group-3CC9820BBA4E: set new configuration configurationEntry {
  peers {
    id: "s0"
    address: "localhost:15006"
    dataStreamAddress: "localhost:15009"
    clientAddress: "localhost:15008"
    adminAddress: "localhost:15007"
    startupRole: FOLLOWER
  }
}
 from snapshot
2024-09-14 09:39:02,442 [grpc-default-executor-1] INFO  server.RaftServer$Division (ServerState.java:setRaftConf(386)) - s1@group-3CC9820BBA4E: set configuration conf: {index: 0, cur=peers:[s0|localhost:15006]|listeners:[], old=null}
2024-09-14 09:39:02,442 [grpc-default-executor-1] TRACE util.FileUtils (LogUtils.java:supplyAndLog(69)) - Successfully supplied FileChannel.open /home/runner/work/ratis/ratis/ratis-test/target/test/data/c75294bd/MiniRaftClusterWithGrpc437c29fe/s1/ba30cfb9-f514-478c-92bf-3cc9820bba4e/current/raft-meta.conf.tmp with options [CREATE, WRITE]: sun.nio.ch.FileChannelImpl@32ab42a4
2024-09-14 09:39:02,444 [grpc-default-executor-1] TRACE util.FileUtils (LogUtils.java:runAndLog(49)) - Successfully ran Atomic Files.move /home/runner/work/ratis/ratis/ratis-test/target/test/data/c75294bd/MiniRaftClusterWithGrpc437c29fe/s1/ba30cfb9-f514-478c-92bf-3cc9820bba4e/current/raft-meta.conf.tmp to /home/runner/work/ratis/ratis/ratis-test/target/test/data/c75294bd/MiniRaftClusterWithGrpc437c29fe/s1/ba30cfb9-f514-478c-92bf-3cc9820bba4e/current/raft-meta.conf with options [REPLACE_EXISTING]
2024-09-14 09:39:02,444 [grpc-default-executor-1] INFO  impl.SnapshotInstallationHandler (SnapshotInstallationHandler.java:installSnapshot(105)) - s1@group-3CC9820BBA4E: reply installSnapshot: s0<-s1#0:OK-t1,SUCCESS,requestIndex=8
2024-09-14 09:39:02,444 [grpc-default-executor-3] INFO  server.GrpcLogAppender (GrpcLogAppender.java:onNext(664)) - s0@group-3CC9820BBA4E->s1-InstallSnapshotResponseHandler: received a reply s0<-s1#0:OK-t1,SUCCESS,requestIndex=8
2024-09-14 09:39:02,444 [grpc-default-executor-3] INFO  server.GrpcLogAppender (GrpcLogAppender.java:onNext(675)) - s0@group-3CC9820BBA4E->s1-InstallSnapshotResponseHandler: Completed InstallSnapshot. Reply: serverReply {
  requestorId: "s0"
  replyId: "s1"
  raftGroupId {
    id: "\2720\317\271\365\024G\214\222\277<\311\202\v\272N"
  }
  success: true
}
term: 1
requestIndex: 8

2024-09-14 09:39:02,444 [grpc-default-executor-3] INFO  leader.FollowerInfo (FollowerInfoImpl.java:setAttemptedToInstallSnapshot(154)) - Follower s0@group-3CC9820BBA4E->s1 acknowledged installing snapshot
2024-09-14 09:39:02,445 [grpc-default-executor-1] INFO  impl.SnapshotInstallationHandler (SnapshotInstallationHandler.java:installSnapshot(94)) - s1@group-3CC9820BBA4E: receive installSnapshot: s0->s1#0-t1,chunk:77b15dcc-77cc-4230-a386-8cc9d821752a,9
2024-09-14 09:39:02,445 [grpc-default-executor-1] TRACE util.FileUtils (LogUtils.java:runAndLog(49)) - Successfully ran Files.createDirectories /home/runner/work/ratis/ratis/ratis-test/target/test/data/c75294bd/MiniRaftClusterWithGrpc437c29fe/s1/ba30cfb9-f514-478c-92bf-3cc9820bba4e/tmp/snapshot-77b15dcc-77cc-4230-a386-8cc9d821752a
2024-09-14 09:39:02,445 [grpc-default-executor-1] INFO  storage.SnapshotManager (SnapshotManager.java:installSnapshot(111)) - Installing snapshot:s0->s1#0-t1,chunk:77b15dcc-77cc-4230-a386-8cc9d821752a,9, to tmp dir:/home/runner/work/ratis/ratis/ratis-test/target/test/data/c75294bd/MiniRaftClusterWithGrpc437c29fe/s1/ba30cfb9-f514-478c-92bf-3cc9820bba4e/tmp/snapshot-77b15dcc-77cc-4230-a386-8cc9d821752a
2024-09-14 09:39:02,445 [grpc-default-executor-1] TRACE util.FileUtils (LogUtils.java:runAndLog(49)) - Successfully ran Files.createDirectories /home/runner/work/ratis/ratis/ratis-test/target/test/data/c75294bd/MiniRaftClusterWithGrpc437c29fe/s1/ba30cfb9-f514-478c-92bf-3cc9820bba4e/tmp/snapshot-77b15dcc-77cc-4230-a386-8cc9d821752a
2024-09-14 09:39:02,445 [grpc-default-executor-1] TRACE util.FileUtils (LogUtils.java:supplyAndLog(69)) - Successfully supplied FileChannel.open /home/runner/work/ratis/ratis/ratis-test/target/test/data/c75294bd/MiniRaftClusterWithGrpc437c29fe/s1/ba30cfb9-f514-478c-92bf-3cc9820bba4e/tmp/snapshot-77b15dcc-77cc-4230-a386-8cc9d821752a/snapshot.1_191 with options [WRITE]: sun.nio.ch.FileChannelImpl@5618d56d
2024-09-14 09:39:02,446 [grpc-default-executor-1] INFO  impl.SnapshotInstallationHandler (SnapshotInstallationHandler.java:installSnapshotImpl(140)) - s1@group-3CC9820BBA4E: set new configuration configurationEntry {
  peers {
    id: "s0"
    address: "localhost:15006"
    dataStreamAddress: "localhost:15009"
    clientAddress: "localhost:15008"
    adminAddress: "localhost:15007"
    startupRole: FOLLOWER
  }
}
 from snapshot
2024-09-14 09:39:02,446 [grpc-default-executor-1] INFO  server.RaftServer$Division (ServerState.java:setRaftConf(386)) - s1@group-3CC9820BBA4E: set configuration conf: {index: 0, cur=peers:[s0|localhost:15006]|listeners:[], old=null}
2024-09-14 09:39:02,446 [grpc-default-executor-1] TRACE util.FileUtils (LogUtils.java:supplyAndLog(69)) - Successfully supplied FileChannel.open /home/runner/work/ratis/ratis/ratis-test/target/test/data/c75294bd/MiniRaftClusterWithGrpc437c29fe/s1/ba30cfb9-f514-478c-92bf-3cc9820bba4e/current/raft-meta.conf.tmp with options [CREATE, WRITE]: sun.nio.ch.FileChannelImpl@4fbc0768
2024-09-14 09:39:02,447 [grpc-default-executor-1] TRACE util.FileUtils (LogUtils.java:runAndLog(49)) - Successfully ran Atomic Files.move /home/runner/work/ratis/ratis/ratis-test/target/test/data/c75294bd/MiniRaftClusterWithGrpc437c29fe/s1/ba30cfb9-f514-478c-92bf-3cc9820bba4e/current/raft-meta.conf.tmp to /home/runner/work/ratis/ratis/ratis-test/target/test/data/c75294bd/MiniRaftClusterWithGrpc437c29fe/s1/ba30cfb9-f514-478c-92bf-3cc9820bba4e/current/raft-meta.conf with options [REPLACE_EXISTING]
2024-09-14 09:39:02,447 [grpc-default-executor-1] INFO  impl.SnapshotInstallationHandler (SnapshotInstallationHandler.java:installSnapshot(105)) - s1@group-3CC9820BBA4E: reply installSnapshot: s0<-s1#0:OK-t1,SUCCESS,requestIndex=9
2024-09-14 09:39:02,447 [grpc-default-executor-3] INFO  server.GrpcLogAppender (GrpcLogAppender.java:onNext(664)) - s0@group-3CC9820BBA4E->s1-InstallSnapshotResponseHandler: received a reply s0<-s1#0:OK-t1,SUCCESS,requestIndex=9
2024-09-14 09:39:02,448 [grpc-default-executor-3] INFO  server.GrpcLogAppender (GrpcLogAppender.java:onNext(675)) - s0@group-3CC9820BBA4E->s1-InstallSnapshotResponseHandler: Completed InstallSnapshot. Reply: serverReply {
  requestorId: "s0"
  replyId: "s1"
  raftGroupId {
    id: "\2720\317\271\365\024G\214\222\277<\311\202\v\272N"
  }
  success: true
}
term: 1
requestIndex: 9

2024-09-14 09:39:02,448 [grpc-default-executor-3] INFO  leader.FollowerInfo (FollowerInfoImpl.java:setAttemptedToInstallSnapshot(154)) - Follower s0@group-3CC9820BBA4E->s1 acknowledged installing snapshot
2024-09-14 09:39:02,448 [grpc-default-executor-1] INFO  impl.SnapshotInstallationHandler (SnapshotInstallationHandler.java:installSnapshot(94)) - s1@group-3CC9820BBA4E: receive installSnapshot: s0->s1#0-t1,chunk:77b15dcc-77cc-4230-a386-8cc9d821752a,10
2024-09-14 09:39:02,448 [grpc-default-executor-1] TRACE util.FileUtils (LogUtils.java:runAndLog(49)) - Successfully ran Files.createDirectories /home/runner/work/ratis/ratis/ratis-test/target/test/data/c75294bd/MiniRaftClusterWithGrpc437c29fe/s1/ba30cfb9-f514-478c-92bf-3cc9820bba4e/tmp/snapshot-77b15dcc-77cc-4230-a386-8cc9d821752a
2024-09-14 09:39:02,448 [grpc-default-executor-1] INFO  storage.SnapshotManager (SnapshotManager.java:installSnapshot(111)) - Installing snapshot:s0->s1#0-t1,chunk:77b15dcc-77cc-4230-a386-8cc9d821752a,10, to tmp dir:/home/runner/work/ratis/ratis/ratis-test/target/test/data/c75294bd/MiniRaftClusterWithGrpc437c29fe/s1/ba30cfb9-f514-478c-92bf-3cc9820bba4e/tmp/snapshot-77b15dcc-77cc-4230-a386-8cc9d821752a
2024-09-14 09:39:02,448 [grpc-default-executor-1] TRACE util.FileUtils (LogUtils.java:runAndLog(49)) - Successfully ran Files.createDirectories /home/runner/work/ratis/ratis/ratis-test/target/test/data/c75294bd/MiniRaftClusterWithGrpc437c29fe/s1/ba30cfb9-f514-478c-92bf-3cc9820bba4e/tmp/snapshot-77b15dcc-77cc-4230-a386-8cc9d821752a
2024-09-14 09:39:02,448 [grpc-default-executor-1] TRACE util.FileUtils (LogUtils.java:supplyAndLog(69)) - Successfully supplied FileChannel.open /home/runner/work/ratis/ratis/ratis-test/target/test/data/c75294bd/MiniRaftClusterWithGrpc437c29fe/s1/ba30cfb9-f514-478c-92bf-3cc9820bba4e/tmp/snapshot-77b15dcc-77cc-4230-a386-8cc9d821752a/snapshot.1_191 with options [WRITE]: sun.nio.ch.FileChannelImpl@3ce96344
2024-09-14 09:39:02,448 [grpc-default-executor-1] TRACE util.FileUtils (LogUtils.java:supplyAndLog(69)) - Successfully supplied FileChannel.open /home/runner/work/ratis/ratis/ratis-test/target/test/data/c75294bd/MiniRaftClusterWithGrpc437c29fe/s1/ba30cfb9-f514-478c-92bf-3cc9820bba4e/tmp/snapshot-77b15dcc-77cc-4230-a386-8cc9d821752a/snapshot.1_191.md5.tmp with options [CREATE, WRITE]: sun.nio.ch.FileChannelImpl@2cca6a09
2024-09-14 09:39:02,449 [grpc-default-executor-1] TRACE util.FileUtils (LogUtils.java:runAndLog(49)) - Successfully ran Atomic Files.move /home/runner/work/ratis/ratis/ratis-test/target/test/data/c75294bd/MiniRaftClusterWithGrpc437c29fe/s1/ba30cfb9-f514-478c-92bf-3cc9820bba4e/tmp/snapshot-77b15dcc-77cc-4230-a386-8cc9d821752a/snapshot.1_191.md5.tmp to /home/runner/work/ratis/ratis/ratis-test/target/test/data/c75294bd/MiniRaftClusterWithGrpc437c29fe/s1/ba30cfb9-f514-478c-92bf-3cc9820bba4e/tmp/snapshot-77b15dcc-77cc-4230-a386-8cc9d821752a/snapshot.1_191.md5 with options [REPLACE_EXISTING]
2024-09-14 09:39:02,449 [grpc-default-executor-1] INFO  storage.SnapshotManager (SnapshotManager.java:rename(174)) - Installed snapshot, renaming temporary dir /home/runner/work/ratis/ratis/ratis-test/target/test/data/c75294bd/MiniRaftClusterWithGrpc437c29fe/s1/ba30cfb9-f514-478c-92bf-3cc9820bba4e/tmp/snapshot-77b15dcc-77cc-4230-a386-8cc9d821752a to /home/runner/work/ratis/ratis/ratis-test/target/test/data/c75294bd/MiniRaftClusterWithGrpc437c29fe/s1/ba30cfb9-f514-478c-92bf-3cc9820bba4e/sm
2024-09-14 09:39:02,450 [grpc-default-executor-1] TRACE util.FileUtils (LogUtils.java:runAndLog(49)) - Successfully ran Atomic Files.move /home/runner/work/ratis/ratis/ratis-test/target/test/data/c75294bd/MiniRaftClusterWithGrpc437c29fe/s1/ba30cfb9-f514-478c-92bf-3cc9820bba4e/sm to /home/runner/work/ratis/ratis/ratis-test/target/test/data/c75294bd/MiniRaftClusterWithGrpc437c29fe/s1/ba30cfb9-f514-478c-92bf-3cc9820bba4e/sm.tmp20240914-093902_449
2024-09-14 09:39:02,450 [grpc-default-executor-1] TRACE util.FileUtils (LogUtils.java:runAndLog(49)) - Successfully ran Atomic Files.move /home/runner/work/ratis/ratis/ratis-test/target/test/data/c75294bd/MiniRaftClusterWithGrpc437c29fe/s1/ba30cfb9-f514-478c-92bf-3cc9820bba4e/tmp/snapshot-77b15dcc-77cc-4230-a386-8cc9d821752a to /home/runner/work/ratis/ratis/ratis-test/target/test/data/c75294bd/MiniRaftClusterWithGrpc437c29fe/s1/ba30cfb9-f514-478c-92bf-3cc9820bba4e/sm
2024-09-14 09:39:02,450 [grpc-default-executor-1] TRACE util.FileUtils (FileUtils.java:deleteFully(305)) - deleteFully /home/runner/work/ratis/ratis/ratis-test/target/test/data/c75294bd/MiniRaftClusterWithGrpc437c29fe/s1/ba30cfb9-f514-478c-92bf-3cc9820bba4e/sm.tmp20240914-093902_449
2024-09-14 09:39:02,450 [grpc-default-executor-1] TRACE util.FileUtils (LogUtils.java:runAndLog(49)) - Successfully ran Files.delete /home/runner/work/ratis/ratis/ratis-test/target/test/data/c75294bd/MiniRaftClusterWithGrpc437c29fe/s1/ba30cfb9-f514-478c-92bf-3cc9820bba4e/sm.tmp20240914-093902_449
2024-09-14 09:39:02,450 [grpc-default-executor-1] INFO  raftlog.RaftLog (RaftLogBase.java:lambda$new$0(57)) - s1@group-3CC9820BBA4E-SegmentedRaftLog: snapshotIndex: updateIncreasingly -1 -> 191
2024-09-14 09:39:02,450 [s1@group-3CC9820BBA4E-StateMachineUpdater] INFO  impl.SimpleStateMachine4Testing (SimpleStateMachine4Testing.java:reinitialize(238)) - Reinitializing StateMachineWithMultiNestedSnapshotFile:s1:group-3CC9820BBA4E
2024-09-14 09:39:02,450 [grpc-default-executor-1] INFO  segmented.SegmentedRaftLogWorker (SegmentedRaftLogWorker.java:lambda$new$0(138)) - s1@group-3CC9820BBA4E-SegmentedRaftLogWorker: flushIndex: setUnconditionally -1 -> 191
2024-09-14 09:39:02,450 [grpc-default-executor-1] INFO  segmented.SegmentedRaftLogWorker (SegmentedRaftLogWorker.java:lambda$new$0(138)) - s1@group-3CC9820BBA4E-SegmentedRaftLogWorker: safeCacheEvictIndex: setUnconditionally -1 -> 191
2024-09-14 09:39:02,450 [s1@group-3CC9820BBA4E-StateMachineUpdater] TRACE util.FileUtils (LogUtils.java:supplyAndLog(69)) - Successfully supplied Files.newInputStream /home/runner/work/ratis/ratis/ratis-test/target/test/data/c75294bd/MiniRaftClusterWithGrpc437c29fe/s1/ba30cfb9-f514-478c-92bf-3cc9820bba4e/sm/snapshot.1_191.md5 with options []: sun.nio.ch.ChannelInputStream@47c571e8
2024-09-14 09:39:02,451 [grpc-default-executor-1] TRACE util.FileUtils (LogUtils.java:supplyAndLog(69)) - Successfully supplied Files.newInputStream /home/runner/work/ratis/ratis/ratis-test/target/test/data/c75294bd/MiniRaftClusterWithGrpc437c29fe/s1/ba30cfb9-f514-478c-92bf-3cc9820bba4e/sm/snapshot.1_191.md5 with options []: sun.nio.ch.ChannelInputStream@362bfbf
2024-09-14 09:39:02,451 [s1@group-3CC9820BBA4E-StateMachineUpdater] INFO  impl.SimpleStateMachine4Testing (SimpleStateMachine4Testing.java:loadSnapshot(300)) - Loading snapshot SingleFileSnapshotInfo(t:1, i:191):[/home/runner/work/ratis/ratis/ratis-test/target/test/data/c75294bd/MiniRaftClusterWithGrpc437c29fe/s1/ba30cfb9-f514-478c-92bf-3cc9820bba4e/sm/snapshot.1_191]
2024-09-14 09:39:02,451 [grpc-default-executor-1] INFO  raftlog.RaftLog (RaftLogBase.java:lambda$new$0(57)) - s1@group-3CC9820BBA4E-SegmentedRaftLog: purgeIndex: updateToMax old=-1, new=191, updated? true
2024-09-14 09:39:02,451 [grpc-default-executor-1] INFO  impl.SnapshotInstallationHandler (SnapshotInstallationHandler.java:checkAndInstallSnapshot(207)) - s1@group-3CC9820BBA4E: successfully install the entire snapshot-191
2024-09-14 09:39:02,451 [s1@group-3CC9820BBA4E-StateMachineUpdater] TRACE util.FileUtils (LogUtils.java:supplyAndLog(69)) - Successfully supplied Files.newInputStream /home/runner/work/ratis/ratis/ratis-test/target/test/data/c75294bd/MiniRaftClusterWithGrpc437c29fe/s1/ba30cfb9-f514-478c-92bf-3cc9820bba4e/sm/snapshot.1_191 with options []: sun.nio.ch.ChannelInputStream@49028760
2024-09-14 09:39:02,451 [grpc-default-executor-1] INFO  impl.SnapshotInstallationHandler (SnapshotInstallationHandler.java:installSnapshotImpl(140)) - s1@group-3CC9820BBA4E: set new configuration configurationEntry {
  peers {
    id: "s0"
    address: "localhost:15006"
    dataStreamAddress: "localhost:15009"
    clientAddress: "localhost:15008"
    adminAddress: "localhost:15007"
    startupRole: FOLLOWER
  }
}
 from snapshot
2024-09-14 09:39:02,451 [s1@group-3CC9820BBA4E-StateMachineUpdater] INFO  impl.SimpleStateMachine4Testing (SimpleStateMachine4Testing.java:put(207)) - s1: put 1, m0 -> (t:1, i:1), STATEMACHINELOGENTRY, WRITE: logData.size=2, stateMachineData.size=17, logEntryProtoSerializedSize=0
2024-09-14 09:39:02,451 [grpc-default-executor-1] INFO  server.RaftServer$Division (ServerState.java:setRaftConf(386)) - s1@group-3CC9820BBA4E: set configuration conf: {index: 0, cur=peers:[s0|localhost:15006]|listeners:[], old=null}
2024-09-14 09:39:02,451 [s1@group-3CC9820BBA4E-StateMachineUpdater] INFO  impl.SimpleStateMachine4Testing (SimpleStateMachine4Testing.java:put(207)) - s1: put 3, m1 -> (t:1, i:3), STATEMACHINELOGENTRY, WRITE: logData.size=2, stateMachineData.size=17, logEntryProtoSerializedSize=0
2024-09-14 09:39:02,451 [grpc-default-executor-1] TRACE util.FileUtils (LogUtils.java:supplyAndLog(69)) - Successfully supplied FileChannel.open /home/runner/work/ratis/ratis/ratis-test/target/test/data/c75294bd/MiniRaftClusterWithGrpc437c29fe/s1/ba30cfb9-f514-478c-92bf-3cc9820bba4e/current/raft-meta.conf.tmp with options [CREATE, WRITE]: sun.nio.ch.FileChannelImpl@72eb5d80
2024-09-14 09:39:02,451 [s1@group-3CC9820BBA4E-StateMachineUpdater] INFO  impl.SimpleStateMachine4Testing (SimpleStateMachine4Testing.java:put(207)) - s1: put 5, m2 -> (t:1, i:5), STATEMACHINELOGENTRY, WRITE: logData.size=2, stateMachineData.size=17, logEntryProtoSerializedSize=0
2024-09-14 09:39:02,452 [s1@group-3CC9820BBA4E-StateMachineUpdater] INFO  impl.SimpleStateMachine4Testing (SimpleStateMachine4Testing.java:put(207)) - s1: put 7, m3 -> (t:1, i:7), STATEMACHINELOGENTRY, WRITE: logData.size=2, stateMachineData.size=17, logEntryProtoSerializedSize=0
2024-09-14 09:39:02,452 [s1@group-3CC9820BBA4E-StateMachineUpdater] INFO  impl.SimpleStateMachine4Testing (SimpleStateMachine4Testing.java:put(207)) - s1: put 9, m4 -> (t:1, i:9), STATEMACHINELOGENTRY, WRITE: logData.size=2, stateMachineData.size=17, logEntryProtoSerializedSize=0
2024-09-14 09:39:02,452 [s1@group-3CC9820BBA4E-StateMachineUpdater] INFO  impl.SimpleStateMachine4Testing (SimpleStateMachine4Testing.java:put(207)) - s1: put 11, m5 -> (t:1, i:11), STATEMACHINELOGENTRY, WRITE: logData.size=2, stateMachineData.size=17, logEntryProtoSerializedSize=0
2024-09-14 09:39:02,452 [s1@group-3CC9820BBA4E-StateMachineUpdater] INFO  impl.SimpleStateMachine4Testing (SimpleStateMachine4Testing.java:put(207)) - s1: put 13, m6 -> (t:1, i:13), STATEMACHINELOGENTRY, WRITE: logData.size=2, stateMachineData.size=17, logEntryProtoSerializedSize=0
2024-09-14 09:39:02,452 [s1@group-3CC9820BBA4E-StateMachineUpdater] INFO  impl.SimpleStateMachine4Testing (SimpleStateMachine4Testing.java:put(207)) - s1: put 15, m7 -> (t:1, i:15), STATEMACHINELOGENTRY, WRITE: logData.size=2, stateMachineData.size=17, logEntryProtoSerializedSize=0
2024-09-14 09:39:02,452 [s1@group-3CC9820BBA4E-StateMachineUpdater] INFO  impl.SimpleStateMachine4Testing (SimpleStateMachine4Testing.java:put(207)) - s1: put 17, m8 -> (t:1, i:17), STATEMACHINELOGENTRY, WRITE: logData.size=2, stateMachineData.size=17, logEntryProtoSerializedSize=0
2024-09-14 09:39:02,452 [s1@group-3CC9820BBA4E-StateMachineUpdater] INFO  impl.SimpleStateMachine4Testing (SimpleStateMachine4Testing.java:put(207)) - s1: put 19, m9 -> (t:1, i:19), STATEMACHINELOGENTRY, WRITE: logData.size=2, stateMachineData.size=17, logEntryProtoSerializedSize=0
2024-09-14 09:39:02,452 [s1@group-3CC9820BBA4E-StateMachineUpdater] INFO  impl.SimpleStateMachine4Testing (SimpleStateMachine4Testing.java:put(207)) - s1: put 21, m10 -> (t:1, i:21), STATEMACHINELOGENTRY, WRITE: logData.size=3, stateMachineData.size=17, logEntryProtoSerializedSize=0
2024-09-14 09:39:02,452 [s1@group-3CC9820BBA4E-StateMachineUpdater] INFO  impl.SimpleStateMachine4Testing (SimpleStateMachine4Testing.java:put(207)) - s1: put 23, m11 -> (t:1, i:23), STATEMACHINELOGENTRY, WRITE: logData.size=3, stateMachineData.size=17, logEntryProtoSerializedSize=0
2024-09-14 09:39:02,453 [s1@group-3CC9820BBA4E-StateMachineUpdater] INFO  impl.SimpleStateMachine4Testing (SimpleStateMachine4Testing.java:put(207)) - s1: put 25, m12 -> (t:1, i:25), STATEMACHINELOGENTRY, WRITE: logData.size=3, stateMachineData.size=17, logEntryProtoSerializedSize=0
2024-09-14 09:39:02,453 [s1@group-3CC9820BBA4E-StateMachineUpdater] INFO  impl.SimpleStateMachine4Testing (SimpleStateMachine4Testing.java:put(207)) - s1: put 27, m13 -> (t:1, i:27), STATEMACHINELOGENTRY, WRITE: logData.size=3, stateMachineData.size=17, logEntryProtoSerializedSize=0
2024-09-14 09:39:02,453 [grpc-default-executor-1] TRACE util.FileUtils (LogUtils.java:runAndLog(49)) - Successfully ran Atomic Files.move /home/runner/work/ratis/ratis/ratis-test/target/test/data/c75294bd/MiniRaftClusterWithGrpc437c29fe/s1/ba30cfb9-f514-478c-92bf-3cc9820bba4e/current/raft-meta.conf.tmp to /home/runner/work/ratis/ratis/ratis-test/target/test/data/c75294bd/MiniRaftClusterWithGrpc437c29fe/s1/ba30cfb9-f514-478c-92bf-3cc9820bba4e/current/raft-meta.conf with options [REPLACE_EXISTING]
2024-09-14 09:39:02,453 [s1@group-3CC9820BBA4E-StateMachineUpdater] INFO  impl.SimpleStateMachine4Testing (SimpleStateMachine4Testing.java:put(207)) - s1: put 29, m14 -> (t:1, i:29), STATEMACHINELOGENTRY, WRITE: logData.size=3, stateMachineData.size=17, logEntryProtoSerializedSize=0
2024-09-14 09:39:02,453 [grpc-default-executor-1] INFO  impl.SnapshotInstallationHandler (SnapshotInstallationHandler.java:installSnapshot(105)) - s1@group-3CC9820BBA4E: reply installSnapshot: s0<-s1#0:OK-t1,SUCCESS,requestIndex=10
2024-09-14 09:39:02,453 [s1@group-3CC9820BBA4E-StateMachineUpdater] INFO  impl.SimpleStateMachine4Testing (SimpleStateMachine4Testing.java:put(207)) - s1: put 31, m15 -> (t:1, i:31), STATEMACHINELOGENTRY, WRITE: logData.size=3, stateMachineData.size=17, logEntryProtoSerializedSize=0
2024-09-14 09:39:02,453 [s1@group-3CC9820BBA4E-StateMachineUpdater] INFO  impl.SimpleStateMachine4Testing (SimpleStateMachine4Testing.java:put(207)) - s1: put 33, m16 -> (t:1, i:33), STATEMACHINELOGENTRY, WRITE: logData.size=3, stateMachineData.size=17, logEntryProtoSerializedSize=0
2024-09-14 09:39:02,453 [s1@group-3CC9820BBA4E-StateMachineUpdater] INFO  impl.SimpleStateMachine4Testing (SimpleStateMachine4Testing.java:put(207)) - s1: put 35, m17 -> (t:1, i:35), STATEMACHINELOGENTRY, WRITE: logData.size=3, stateMachineData.size=17, logEntryProtoSerializedSize=0
2024-09-14 09:39:02,453 [grpc-default-executor-1] INFO  server.GrpcServerProtocolService (GrpcServerProtocolService.java:onCompleted(200)) - s1: Completed INSTALL_SNAPSHOT, lastRequest: s0->s1#0-t1,chunk:77b15dcc-77cc-4230-a386-8cc9d821752a,10
2024-09-14 09:39:02,453 [grpc-default-executor-1] INFO  server.GrpcServerProtocolService (GrpcServerProtocolService.java:lambda$onCompleted$7(202)) - s1: Completed INSTALL_SNAPSHOT, lastReply: null
2024-09-14 09:39:02,454 [grpc-default-executor-3] INFO  server.GrpcLogAppender (GrpcLogAppender.java:onNext(664)) - s0@group-3CC9820BBA4E->s1-InstallSnapshotResponseHandler: received a reply s0<-s1#0:OK-t1,SUCCESS,requestIndex=10
2024-09-14 09:39:02,454 [grpc-default-executor-3] INFO  server.GrpcLogAppender (GrpcLogAppender.java:onNext(675)) - s0@group-3CC9820BBA4E->s1-InstallSnapshotResponseHandler: Completed InstallSnapshot. Reply: serverReply {
  requestorId: "s0"
  replyId: "s1"
  raftGroupId {
    id: "\2720\317\271\365\024G\214\222\277<\311\202\v\272N"
  }
  success: true
}
term: 1
requestIndex: 10

2024-09-14 09:39:02,454 [grpc-default-executor-3] INFO  leader.FollowerInfo (FollowerInfoImpl.java:setAttemptedToInstallSnapshot(154)) - Follower s0@group-3CC9820BBA4E->s1 acknowledged installing snapshot
2024-09-14 09:39:02,454 [grpc-default-executor-3] INFO  server.GrpcLogAppender (GrpcLogAppender.java:onCompleted(740)) - s0@group-3CC9820BBA4E->s1-InstallSnapshotResponseHandler: follower responded installSnapshot COMPLETED
2024-09-14 09:39:02,453 [s1@group-3CC9820BBA4E-StateMachineUpdater] INFO  impl.SimpleStateMachine4Testing (SimpleStateMachine4Testing.java:put(207)) - s1: put 37, m18 -> (t:1, i:37), STATEMACHINELOGENTRY, WRITE: logData.size=3, stateMachineData.size=17, logEntryProtoSerializedSize=0
2024-09-14 09:39:02,454 [s0@group-3CC9820BBA4E->s1-GrpcLogAppender-LogAppenderDaemon] INFO  leader.FollowerInfo (FollowerInfoImpl.java:info(64)) - s0@group-3CC9820BBA4E->s1: snapshotIndex: setUnconditionally 0 -> 191
2024-09-14 09:39:02,454 [s1@group-3CC9820BBA4E-StateMachineUpdater] INFO  impl.SimpleStateMachine4Testing (SimpleStateMachine4Testing.java:put(207)) - s1: put 39, m19 -> (t:1, i:39), STATEMACHINELOGENTRY, WRITE: logData.size=3, stateMachineData.size=17, logEntryProtoSerializedSize=0
2024-09-14 09:39:02,454 [s0@group-3CC9820BBA4E->s1-GrpcLogAppender-LogAppenderDaemon] INFO  leader.FollowerInfo (FollowerInfoImpl.java:info(64)) - s0@group-3CC9820BBA4E->s1: matchIndex: setUnconditionally -1 -> 191
2024-09-14 09:39:02,454 [s1@group-3CC9820BBA4E-StateMachineUpdater] INFO  impl.SimpleStateMachine4Testing (SimpleStateMachine4Testing.java:put(207)) - s1: put 41, m20 -> (t:1, i:41), STATEMACHINELOGENTRY, WRITE: logData.size=3, stateMachineData.size=17, logEntryProtoSerializedSize=0
2024-09-14 09:39:02,455 [s0@group-3CC9820BBA4E->s1-GrpcLogAppender-LogAppenderDaemon] INFO  leader.FollowerInfo (FollowerInfoImpl.java:info(64)) - s0@group-3CC9820BBA4E->s1: nextIndex: setUnconditionally 0 -> 192
2024-09-14 09:39:02,455 [s1@group-3CC9820BBA4E-StateMachineUpdater] INFO  impl.SimpleStateMachine4Testing (SimpleStateMachine4Testing.java:put(207)) - s1: put 43, m21 -> (t:1, i:43), STATEMACHINELOGENTRY, WRITE: logData.size=3, stateMachineData.size=17, logEntryProtoSerializedSize=0
2024-09-14 09:39:02,455 [s0@group-3CC9820BBA4E->s1-GrpcLogAppender-LogAppenderDaemon] INFO  server.GrpcLogAppender (GrpcLogAppender.java:installSnapshot(789)) - s0@group-3CC9820BBA4E->s1-GrpcLogAppender: installed snapshot FileListSnapshotInfo(t:1, i:191):[/home/runner/work/ratis/ratis/ratis-test/target/test/data/c75294bd/MiniRaftClusterWithGrpc437c29fe/s0/ba30cfb9-f514-478c-92bf-3cc9820bba4e/sm/snapshot/1.bin, /home/runner/work/ratis/ratis/ratis-test/target/test/data/c75294bd/MiniRaftClusterWithGrpc437c29fe/s0/ba30cfb9-f514-478c-92bf-3cc9820bba4e/sm/snapshot/sub/2.bin, /home/runner/work/ratis/ratis/ratis-test/target/test/data/c75294bd/MiniRaftClusterWithGrpc437c29fe/s0/ba30cfb9-f514-478c-92bf-3cc9820bba4e/sm/snapshot.1_191] successfully
2024-09-14 09:39:02,455 [s1@group-3CC9820BBA4E-StateMachineUpdater] INFO  impl.SimpleStateMachine4Testing (SimpleStateMachine4Testing.java:put(207)) - s1: put 45, m22 -> (t:1, i:45), STATEMACHINELOGENTRY, WRITE: logData.size=3, stateMachineData.size=17, logEntryProtoSerializedSize=0
2024-09-14 09:39:02,455 [s1@group-3CC9820BBA4E-StateMachineUpdater] INFO  impl.SimpleStateMachine4Testing (SimpleStateMachine4Testing.java:put(207)) - s1: put 47, m23 -> (t:1, i:47), STATEMACHINELOGENTRY, WRITE: logData.size=3, stateMachineData.size=17, logEntryProtoSerializedSize=0
2024-09-14 09:39:02,455 [s1@group-3CC9820BBA4E-StateMachineUpdater] INFO  impl.SimpleStateMachine4Testing (SimpleStateMachine4Testing.java:put(207)) - s1: put 49, m24 -> (t:1, i:49), STATEMACHINELOGENTRY, WRITE: logData.size=3, stateMachineData.size=17, logEntryProtoSerializedSize=0
2024-09-14 09:39:02,455 [s1@group-3CC9820BBA4E-StateMachineUpdater] INFO  impl.SimpleStateMachine4Testing (SimpleStateMachine4Testing.java:put(207)) - s1: put 51, m25 -> (t:1, i:51), STATEMACHINELOGENTRY, WRITE: logData.size=3, stateMachineData.size=17, logEntryProtoSerializedSize=0
2024-09-14 09:39:02,455 [s1@group-3CC9820BBA4E-StateMachineUpdater] INFO  impl.SimpleStateMachine4Testing (SimpleStateMachine4Testing.java:put(207)) - s1: put 53, m26 -> (t:1, i:53), STATEMACHINELOGENTRY, WRITE: logData.size=3, stateMachineData.size=17, logEntryProtoSerializedSize=0
2024-09-14 09:39:02,458 [s1@group-3CC9820BBA4E-StateMachineUpdater] INFO  impl.SimpleStateMachine4Testing (SimpleStateMachine4Testing.java:put(207)) - s1: put 55, m27 -> (t:1, i:55), STATEMACHINELOGENTRY, WRITE: logData.size=3, stateMachineData.size=17, logEntryProtoSerializedSize=0
2024-09-14 09:39:02,458 [s1@group-3CC9820BBA4E-StateMachineUpdater] INFO  impl.SimpleStateMachine4Testing (SimpleStateMachine4Testing.java:put(207)) - s1: put 57, m28 -> (t:1, i:57), STATEMACHINELOGENTRY, WRITE: logData.size=3, stateMachineData.size=17, logEntryProtoSerializedSize=0
2024-09-14 09:39:02,458 [s1@group-3CC9820BBA4E-StateMachineUpdater] INFO  impl.SimpleStateMachine4Testing (SimpleStateMachine4Testing.java:put(207)) - s1: put 59, m29 -> (t:1, i:59), STATEMACHINELOGENTRY, WRITE: logData.size=3, stateMachineData.size=17, logEntryProtoSerializedSize=0
2024-09-14 09:39:02,458 [s1@group-3CC9820BBA4E-StateMachineUpdater] INFO  impl.SimpleStateMachine4Testing (SimpleStateMachine4Testing.java:put(207)) - s1: put 61, m30 -> (t:1, i:61), STATEMACHINELOGENTRY, WRITE: logData.size=3, stateMachineData.size=17, logEntryProtoSerializedSize=0
2024-09-14 09:39:02,458 [s1@group-3CC9820BBA4E-StateMachineUpdater] INFO  impl.SimpleStateMachine4Testing (SimpleStateMachine4Testing.java:put(207)) - s1: put 63, m31 -> (t:1, i:63), STATEMACHINELOGENTRY, WRITE: logData.size=3, stateMachineData.size=17, logEntryProtoSerializedSize=0
2024-09-14 09:39:02,458 [s1@group-3CC9820BBA4E-StateMachineUpdater] INFO  impl.SimpleStateMachine4Testing (SimpleStateMachine4Testing.java:put(207)) - s1: put 65, m32 -> (t:1, i:65), STATEMACHINELOGENTRY, WRITE: logData.size=3, stateMachineData.size=17, logEntryProtoSerializedSize=0
2024-09-14 09:39:02,458 [s1@group-3CC9820BBA4E-StateMachineUpdater] INFO  impl.SimpleStateMachine4Testing (SimpleStateMachine4Testing.java:put(207)) - s1: put 67, m33 -> (t:1, i:67), STATEMACHINELOGENTRY, WRITE: logData.size=3, stateMachineData.size=17, logEntryProtoSerializedSize=0
2024-09-14 09:39:02,459 [s1@group-3CC9820BBA4E-StateMachineUpdater] INFO  impl.SimpleStateMachine4Testing (SimpleStateMachine4Testing.java:put(207)) - s1: put 69, m34 -> (t:1, i:69), STATEMACHINELOGENTRY, WRITE: logData.size=3, stateMachineData.size=17, logEntryProtoSerializedSize=0
2024-09-14 09:39:02,459 [s1@group-3CC9820BBA4E-StateMachineUpdater] INFO  impl.SimpleStateMachine4Testing (SimpleStateMachine4Testing.java:put(207)) - s1: put 71, m35 -> (t:1, i:71), STATEMACHINELOGENTRY, WRITE: logData.size=3, stateMachineData.size=17, logEntryProtoSerializedSize=0
2024-09-14 09:39:02,459 [s1@group-3CC9820BBA4E-StateMachineUpdater] INFO  impl.SimpleStateMachine4Testing (SimpleStateMachine4Testing.java:put(207)) - s1: put 73, m36 -> (t:1, i:73), STATEMACHINELOGENTRY, WRITE: logData.size=3, stateMachineData.size=17, logEntryProtoSerializedSize=0
2024-09-14 09:39:02,459 [s1@group-3CC9820BBA4E-StateMachineUpdater] INFO  impl.SimpleStateMachine4Testing (SimpleStateMachine4Testing.java:put(207)) - s1: put 75, m37 -> (t:1, i:75), STATEMACHINELOGENTRY, WRITE: logData.size=3, stateMachineData.size=17, logEntryProtoSerializedSize=0
2024-09-14 09:39:02,459 [s1@group-3CC9820BBA4E-StateMachineUpdater] INFO  impl.SimpleStateMachine4Testing (SimpleStateMachine4Testing.java:put(207)) - s1: put 77, m38 -> (t:1, i:77), STATEMACHINELOGENTRY, WRITE: logData.size=3, stateMachineData.size=17, logEntryProtoSerializedSize=0
2024-09-14 09:39:02,459 [s1@group-3CC9820BBA4E-StateMachineUpdater] INFO  impl.SimpleStateMachine4Testing (SimpleStateMachine4Testing.java:put(207)) - s1: put 79, m39 -> (t:1, i:79), STATEMACHINELOGENTRY, WRITE: logData.size=3, stateMachineData.size=17, logEntryProtoSerializedSize=0
2024-09-14 09:39:02,459 [s1@group-3CC9820BBA4E-StateMachineUpdater] INFO  impl.SimpleStateMachine4Testing (SimpleStateMachine4Testing.java:put(207)) - s1: put 81, m40 -> (t:1, i:81), STATEMACHINELOGENTRY, WRITE: logData.size=3, stateMachineData.size=17, logEntryProtoSerializedSize=0
2024-09-14 09:39:02,460 [s1@group-3CC9820BBA4E-StateMachineUpdater] INFO  impl.SimpleStateMachine4Testing (SimpleStateMachine4Testing.java:put(207)) - s1: put 83, m41 -> (t:1, i:83), STATEMACHINELOGENTRY, WRITE: logData.size=3, stateMachineData.size=17, logEntryProtoSerializedSize=0
2024-09-14 09:39:02,460 [s1@group-3CC9820BBA4E-StateMachineUpdater] INFO  impl.SimpleStateMachine4Testing (SimpleStateMachine4Testing.java:put(207)) - s1: put 85, m42 -> (t:1, i:85), STATEMACHINELOGENTRY, WRITE: logData.size=3, stateMachineData.size=17, logEntryProtoSerializedSize=0
2024-09-14 09:39:02,460 [s1@group-3CC9820BBA4E-StateMachineUpdater] INFO  impl.SimpleStateMachine4Testing (SimpleStateMachine4Testing.java:put(207)) - s1: put 87, m43 -> (t:1, i:87), STATEMACHINELOGENTRY, WRITE: logData.size=3, stateMachineData.size=17, logEntryProtoSerializedSize=0
2024-09-14 09:39:02,460 [s1@group-3CC9820BBA4E-StateMachineUpdater] INFO  impl.SimpleStateMachine4Testing (SimpleStateMachine4Testing.java:put(207)) - s1: put 89, m44 -> (t:1, i:89), STATEMACHINELOGENTRY, WRITE: logData.size=3, stateMachineData.size=17, logEntryProtoSerializedSize=0
2024-09-14 09:39:02,460 [s1@group-3CC9820BBA4E-StateMachineUpdater] INFO  impl.SimpleStateMachine4Testing (SimpleStateMachine4Testing.java:put(207)) - s1: put 91, m45 -> (t:1, i:91), STATEMACHINELOGENTRY, WRITE: logData.size=3, stateMachineData.size=17, logEntryProtoSerializedSize=0
2024-09-14 09:39:02,460 [s1@group-3CC9820BBA4E-StateMachineUpdater] INFO  impl.SimpleStateMachine4Testing (SimpleStateMachine4Testing.java:put(207)) - s1: put 93, m46 -> (t:1, i:93), STATEMACHINELOGENTRY, WRITE: logData.size=3, stateMachineData.size=17, logEntryProtoSerializedSize=0
2024-09-14 09:39:02,461 [s1@group-3CC9820BBA4E-StateMachineUpdater] INFO  impl.SimpleStateMachine4Testing (SimpleStateMachine4Testing.java:put(207)) - s1: put 95, m47 -> (t:1, i:95), STATEMACHINELOGENTRY, WRITE: logData.size=3, stateMachineData.size=17, logEntryProtoSerializedSize=0
2024-09-14 09:39:02,461 [s1@group-3CC9820BBA4E-StateMachineUpdater] INFO  impl.SimpleStateMachine4Testing (SimpleStateMachine4Testing.java:put(207)) - s1: put 97, m48 -> (t:1, i:97), STATEMACHINELOGENTRY, WRITE: logData.size=3, stateMachineData.size=17, logEntryProtoSerializedSize=0
2024-09-14 09:39:02,461 [s1@group-3CC9820BBA4E-StateMachineUpdater] INFO  impl.SimpleStateMachine4Testing (SimpleStateMachine4Testing.java:put(207)) - s1: put 99, m49 -> (t:1, i:99), STATEMACHINELOGENTRY, WRITE: logData.size=3, stateMachineData.size=17, logEntryProtoSerializedSize=0
2024-09-14 09:39:02,461 [s1@group-3CC9820BBA4E-StateMachineUpdater] INFO  impl.SimpleStateMachine4Testing (SimpleStateMachine4Testing.java:put(207)) - s1: put 101, m50 -> (t:1, i:101), STATEMACHINELOGENTRY, WRITE: logData.size=3, stateMachineData.size=17, logEntryProtoSerializedSize=0
2024-09-14 09:39:02,461 [s1@group-3CC9820BBA4E-StateMachineUpdater] INFO  impl.SimpleStateMachine4Testing (SimpleStateMachine4Testing.java:put(207)) - s1: put 103, m51 -> (t:1, i:103), STATEMACHINELOGENTRY, WRITE: logData.size=3, stateMachineData.size=17, logEntryProtoSerializedSize=0
2024-09-14 09:39:02,461 [s1@group-3CC9820BBA4E-StateMachineUpdater] INFO  impl.SimpleStateMachine4Testing (SimpleStateMachine4Testing.java:put(207)) - s1: put 105, m52 -> (t:1, i:105), STATEMACHINELOGENTRY, WRITE: logData.size=3, stateMachineData.size=17, logEntryProtoSerializedSize=0
2024-09-14 09:39:02,461 [s1@group-3CC9820BBA4E-StateMachineUpdater] INFO  impl.SimpleStateMachine4Testing (SimpleStateMachine4Testing.java:put(207)) - s1: put 107, m53 -> (t:1, i:107), STATEMACHINELOGENTRY, WRITE: logData.size=3, stateMachineData.size=17, logEntryProtoSerializedSize=0
2024-09-14 09:39:02,461 [s1@group-3CC9820BBA4E-StateMachineUpdater] INFO  impl.SimpleStateMachine4Testing (SimpleStateMachine4Testing.java:put(207)) - s1: put 109, m54 -> (t:1, i:109), STATEMACHINELOGENTRY, WRITE: logData.size=3, stateMachineData.size=17, logEntryProtoSerializedSize=0
2024-09-14 09:39:02,461 [s1@group-3CC9820BBA4E-StateMachineUpdater] INFO  impl.SimpleStateMachine4Testing (SimpleStateMachine4Testing.java:put(207)) - s1: put 111, m55 -> (t:1, i:111), STATEMACHINELOGENTRY, WRITE: logData.size=3, stateMachineData.size=17, logEntryProtoSerializedSize=0
2024-09-14 09:39:02,462 [s1@group-3CC9820BBA4E-StateMachineUpdater] INFO  impl.SimpleStateMachine4Testing (SimpleStateMachine4Testing.java:put(207)) - s1: put 113, m56 -> (t:1, i:113), STATEMACHINELOGENTRY, WRITE: logData.size=3, stateMachineData.size=17, logEntryProtoSerializedSize=0
2024-09-14 09:39:02,462 [s1@group-3CC9820BBA4E-StateMachineUpdater] INFO  impl.SimpleStateMachine4Testing (SimpleStateMachine4Testing.java:put(207)) - s1: put 115, m57 -> (t:1, i:115), STATEMACHINELOGENTRY, WRITE: logData.size=3, stateMachineData.size=17, logEntryProtoSerializedSize=0
2024-09-14 09:39:02,462 [s1@group-3CC9820BBA4E-StateMachineUpdater] INFO  impl.SimpleStateMachine4Testing (SimpleStateMachine4Testing.java:put(207)) - s1: put 117, m58 -> (t:1, i:117), STATEMACHINELOGENTRY, WRITE: logData.size=3, stateMachineData.size=17, logEntryProtoSerializedSize=0
2024-09-14 09:39:02,462 [s1@group-3CC9820BBA4E-StateMachineUpdater] INFO  impl.SimpleStateMachine4Testing (SimpleStateMachine4Testing.java:put(207)) - s1: put 119, m59 -> (t:1, i:119), STATEMACHINELOGENTRY, WRITE: logData.size=3, stateMachineData.size=17, logEntryProtoSerializedSize=0
2024-09-14 09:39:02,462 [s1@group-3CC9820BBA4E-StateMachineUpdater] INFO  impl.SimpleStateMachine4Testing (SimpleStateMachine4Testing.java:put(207)) - s1: put 121, m60 -> (t:1, i:121), STATEMACHINELOGENTRY, WRITE: logData.size=3, stateMachineData.size=17, logEntryProtoSerializedSize=0
2024-09-14 09:39:02,462 [s1@group-3CC9820BBA4E-StateMachineUpdater] INFO  impl.SimpleStateMachine4Testing (SimpleStateMachine4Testing.java:put(207)) - s1: put 123, m61 -> (t:1, i:123), STATEMACHINELOGENTRY, WRITE: logData.size=3, stateMachineData.size=17, logEntryProtoSerializedSize=0
2024-09-14 09:39:02,462 [s1@group-3CC9820BBA4E-StateMachineUpdater] INFO  impl.SimpleStateMachine4Testing (SimpleStateMachine4Testing.java:put(207)) - s1: put 125, m62 -> (t:1, i:125), STATEMACHINELOGENTRY, WRITE: logData.size=3, stateMachineData.size=17, logEntryProtoSerializedSize=0
2024-09-14 09:39:02,462 [s1@group-3CC9820BBA4E-StateMachineUpdater] INFO  impl.SimpleStateMachine4Testing (SimpleStateMachine4Testing.java:put(207)) - s1: put 127, m63 -> (t:1, i:127), STATEMACHINELOGENTRY, WRITE: logData.size=3, stateMachineData.size=17, logEntryProtoSerializedSize=0
2024-09-14 09:39:02,463 [s1@group-3CC9820BBA4E-StateMachineUpdater] INFO  impl.SimpleStateMachine4Testing (SimpleStateMachine4Testing.java:put(207)) - s1: put 129, m64 -> (t:1, i:129), STATEMACHINELOGENTRY, WRITE: logData.size=3, stateMachineData.size=17, logEntryProtoSerializedSize=0
2024-09-14 09:39:02,463 [s1@group-3CC9820BBA4E-StateMachineUpdater] INFO  impl.SimpleStateMachine4Testing (SimpleStateMachine4Testing.java:put(207)) - s1: put 131, m65 -> (t:1, i:131), STATEMACHINELOGENTRY, WRITE: logData.size=3, stateMachineData.size=17, logEntryProtoSerializedSize=0
2024-09-14 09:39:02,463 [s1@group-3CC9820BBA4E-StateMachineUpdater] INFO  impl.SimpleStateMachine4Testing (SimpleStateMachine4Testing.java:put(207)) - s1: put 133, m66 -> (t:1, i:133), STATEMACHINELOGENTRY, WRITE: logData.size=3, stateMachineData.size=17, logEntryProtoSerializedSize=0
2024-09-14 09:39:02,463 [s1@group-3CC9820BBA4E-StateMachineUpdater] INFO  impl.SimpleStateMachine4Testing (SimpleStateMachine4Testing.java:put(207)) - s1: put 135, m67 -> (t:1, i:135), STATEMACHINELOGENTRY, WRITE: logData.size=3, stateMachineData.size=17, logEntryProtoSerializedSize=0
2024-09-14 09:39:02,463 [s1@group-3CC9820BBA4E-StateMachineUpdater] INFO  impl.SimpleStateMachine4Testing (SimpleStateMachine4Testing.java:put(207)) - s1: put 137, m68 -> (t:1, i:137), STATEMACHINELOGENTRY, WRITE: logData.size=3, stateMachineData.size=17, logEntryProtoSerializedSize=0
2024-09-14 09:39:02,463 [s1@group-3CC9820BBA4E-StateMachineUpdater] INFO  impl.SimpleStateMachine4Testing (SimpleStateMachine4Testing.java:put(207)) - s1: put 139, m69 -> (t:1, i:139), STATEMACHINELOGENTRY, WRITE: logData.size=3, stateMachineData.size=17, logEntryProtoSerializedSize=0
2024-09-14 09:39:02,463 [s1@group-3CC9820BBA4E-StateMachineUpdater] INFO  impl.SimpleStateMachine4Testing (SimpleStateMachine4Testing.java:put(207)) - s1: put 141, m70 -> (t:1, i:141), STATEMACHINELOGENTRY, WRITE: logData.size=3, stateMachineData.size=17, logEntryProtoSerializedSize=0
2024-09-14 09:39:02,463 [s1@group-3CC9820BBA4E-StateMachineUpdater] INFO  impl.SimpleStateMachine4Testing (SimpleStateMachine4Testing.java:put(207)) - s1: put 143, m71 -> (t:1, i:143), STATEMACHINELOGENTRY, WRITE: logData.size=3, stateMachineData.size=17, logEntryProtoSerializedSize=0
2024-09-14 09:39:02,463 [s1@group-3CC9820BBA4E-StateMachineUpdater] INFO  impl.SimpleStateMachine4Testing (SimpleStateMachine4Testing.java:put(207)) - s1: put 145, m72 -> (t:1, i:145), STATEMACHINELOGENTRY, WRITE: logData.size=3, stateMachineData.size=17, logEntryProtoSerializedSize=0
2024-09-14 09:39:02,464 [s1@group-3CC9820BBA4E-StateMachineUpdater] INFO  impl.SimpleStateMachine4Testing (SimpleStateMachine4Testing.java:put(207)) - s1: put 147, m73 -> (t:1, i:147), STATEMACHINELOGENTRY, WRITE: logData.size=3, stateMachineData.size=17, logEntryProtoSerializedSize=0
2024-09-14 09:39:02,464 [s1@group-3CC9820BBA4E-StateMachineUpdater] INFO  impl.SimpleStateMachine4Testing (SimpleStateMachine4Testing.java:put(207)) - s1: put 149, m74 -> (t:1, i:149), STATEMACHINELOGENTRY, WRITE: logData.size=3, stateMachineData.size=17, logEntryProtoSerializedSize=0
2024-09-14 09:39:02,464 [s1@group-3CC9820BBA4E-StateMachineUpdater] INFO  impl.SimpleStateMachine4Testing (SimpleStateMachine4Testing.java:put(207)) - s1: put 151, m75 -> (t:1, i:151), STATEMACHINELOGENTRY, WRITE: logData.size=3, stateMachineData.size=17, logEntryProtoSerializedSize=0
2024-09-14 09:39:02,464 [s1@group-3CC9820BBA4E-StateMachineUpdater] INFO  impl.SimpleStateMachine4Testing (SimpleStateMachine4Testing.java:put(207)) - s1: put 153, m76 -> (t:1, i:153), STATEMACHINELOGENTRY, WRITE: logData.size=3, stateMachineData.size=17, logEntryProtoSerializedSize=0
2024-09-14 09:39:02,464 [s1@group-3CC9820BBA4E-StateMachineUpdater] INFO  impl.SimpleStateMachine4Testing (SimpleStateMachine4Testing.java:put(207)) - s1: put 155, m77 -> (t:1, i:155), STATEMACHINELOGENTRY, WRITE: logData.size=3, stateMachineData.size=17, logEntryProtoSerializedSize=0
2024-09-14 09:39:02,464 [s1@group-3CC9820BBA4E-StateMachineUpdater] INFO  impl.SimpleStateMachine4Testing (SimpleStateMachine4Testing.java:put(207)) - s1: put 157, m78 -> (t:1, i:157), STATEMACHINELOGENTRY, WRITE: logData.size=3, stateMachineData.size=17, logEntryProtoSerializedSize=0
2024-09-14 09:39:02,464 [s1@group-3CC9820BBA4E-StateMachineUpdater] INFO  impl.SimpleStateMachine4Testing (SimpleStateMachine4Testing.java:put(207)) - s1: put 159, m79 -> (t:1, i:159), STATEMACHINELOGENTRY, WRITE: logData.size=3, stateMachineData.size=17, logEntryProtoSerializedSize=0
2024-09-14 09:39:02,464 [s1@group-3CC9820BBA4E-StateMachineUpdater] INFO  impl.SimpleStateMachine4Testing (SimpleStateMachine4Testing.java:put(207)) - s1: put 161, m80 -> (t:1, i:161), STATEMACHINELOGENTRY, WRITE: logData.size=3, stateMachineData.size=17, logEntryProtoSerializedSize=0
2024-09-14 09:39:02,464 [s1@group-3CC9820BBA4E-StateMachineUpdater] INFO  impl.SimpleStateMachine4Testing (SimpleStateMachine4Testing.java:put(207)) - s1: put 163, m81 -> (t:1, i:163), STATEMACHINELOGENTRY, WRITE: logData.size=3, stateMachineData.size=17, logEntryProtoSerializedSize=0
2024-09-14 09:39:02,464 [s1@group-3CC9820BBA4E-StateMachineUpdater] INFO  impl.SimpleStateMachine4Testing (SimpleStateMachine4Testing.java:put(207)) - s1: put 165, m82 -> (t:1, i:165), STATEMACHINELOGENTRY, WRITE: logData.size=3, stateMachineData.size=17, logEntryProtoSerializedSize=0
2024-09-14 09:39:02,464 [s1@group-3CC9820BBA4E-StateMachineUpdater] INFO  impl.SimpleStateMachine4Testing (SimpleStateMachine4Testing.java:put(207)) - s1: put 167, m83 -> (t:1, i:167), STATEMACHINELOGENTRY, WRITE: logData.size=3, stateMachineData.size=17, logEntryProtoSerializedSize=0
2024-09-14 09:39:02,464 [s1@group-3CC9820BBA4E-StateMachineUpdater] INFO  impl.SimpleStateMachine4Testing (SimpleStateMachine4Testing.java:put(207)) - s1: put 169, m84 -> (t:1, i:169), STATEMACHINELOGENTRY, WRITE: logData.size=3, stateMachineData.size=17, logEntryProtoSerializedSize=0
2024-09-14 09:39:02,464 [s1@group-3CC9820BBA4E-StateMachineUpdater] INFO  impl.SimpleStateMachine4Testing (SimpleStateMachine4Testing.java:put(207)) - s1: put 171, m85 -> (t:1, i:171), STATEMACHINELOGENTRY, WRITE: logData.size=3, stateMachineData.size=17, logEntryProtoSerializedSize=0
2024-09-14 09:39:02,465 [s1@group-3CC9820BBA4E-StateMachineUpdater] INFO  impl.SimpleStateMachine4Testing (SimpleStateMachine4Testing.java:put(207)) - s1: put 173, m86 -> (t:1, i:173), STATEMACHINELOGENTRY, WRITE: logData.size=3, stateMachineData.size=17, logEntryProtoSerializedSize=0
2024-09-14 09:39:02,465 [s1@group-3CC9820BBA4E-StateMachineUpdater] INFO  impl.SimpleStateMachine4Testing (SimpleStateMachine4Testing.java:put(207)) - s1: put 175, m87 -> (t:1, i:175), STATEMACHINELOGENTRY, WRITE: logData.size=3, stateMachineData.size=17, logEntryProtoSerializedSize=0
2024-09-14 09:39:02,465 [s1@group-3CC9820BBA4E-StateMachineUpdater] INFO  impl.SimpleStateMachine4Testing (SimpleStateMachine4Testing.java:put(207)) - s1: put 177, m88 -> (t:1, i:177), STATEMACHINELOGENTRY, WRITE: logData.size=3, stateMachineData.size=17, logEntryProtoSerializedSize=0
2024-09-14 09:39:02,465 [s1@group-3CC9820BBA4E-StateMachineUpdater] INFO  impl.SimpleStateMachine4Testing (SimpleStateMachine4Testing.java:put(207)) - s1: put 179, m89 -> (t:1, i:179), STATEMACHINELOGENTRY, WRITE: logData.size=3, stateMachineData.size=17, logEntryProtoSerializedSize=0
2024-09-14 09:39:02,465 [s1@group-3CC9820BBA4E-StateMachineUpdater] INFO  impl.SimpleStateMachine4Testing (SimpleStateMachine4Testing.java:put(207)) - s1: put 181, m90 -> (t:1, i:181), STATEMACHINELOGENTRY, WRITE: logData.size=3, stateMachineData.size=17, logEntryProtoSerializedSize=0
2024-09-14 09:39:02,469 [s1@group-3CC9820BBA4E-StateMachineUpdater] INFO  impl.SimpleStateMachine4Testing (SimpleStateMachine4Testing.java:put(207)) - s1: put 183, m91 -> (t:1, i:183), STATEMACHINELOGENTRY, WRITE: logData.size=3, stateMachineData.size=17, logEntryProtoSerializedSize=0
2024-09-14 09:39:02,469 [s1@group-3CC9820BBA4E-StateMachineUpdater] INFO  impl.SimpleStateMachine4Testing (SimpleStateMachine4Testing.java:put(207)) - s1: put 185, m92 -> (t:1, i:185), STATEMACHINELOGENTRY, WRITE: logData.size=3, stateMachineData.size=17, logEntryProtoSerializedSize=0
2024-09-14 09:39:02,469 [s1@group-3CC9820BBA4E-StateMachineUpdater] INFO  impl.SimpleStateMachine4Testing (SimpleStateMachine4Testing.java:put(207)) - s1: put 187, m93 -> (t:1, i:187), STATEMACHINELOGENTRY, WRITE: logData.size=3, stateMachineData.size=17, logEntryProtoSerializedSize=0
2024-09-14 09:39:02,469 [s1@group-3CC9820BBA4E-StateMachineUpdater] INFO  impl.SimpleStateMachine4Testing (SimpleStateMachine4Testing.java:put(207)) - s1: put 189, m94 -> (t:1, i:189), STATEMACHINELOGENTRY, WRITE: logData.size=3, stateMachineData.size=17, logEntryProtoSerializedSize=0
2024-09-14 09:39:02,469 [s1@group-3CC9820BBA4E-StateMachineUpdater] INFO  impl.SimpleStateMachine4Testing (SimpleStateMachine4Testing.java:put(207)) - s1: put 191, m95 -> (t:1, i:191), STATEMACHINELOGENTRY, WRITE: logData.size=3, stateMachineData.size=17, logEntryProtoSerializedSize=0
2024-09-14 09:39:02,467 [s1-server-thread1] INFO  segmented.SegmentedRaftLogWorker (SegmentedRaftLogWorker.java:startLogSegment(438)) - s1@group-3CC9820BBA4E-SegmentedRaftLogWorker: Starting segment from index:192
2024-09-14 09:39:02,469 [s1@group-3CC9820BBA4E-StateMachineUpdater] INFO  impl.StateMachineUpdater (StateMachineUpdater.java:lambda$new$0(102)) - s1@group-3CC9820BBA4E-StateMachineUpdater: snapshotIndex: setUnconditionally -1 -> 191
2024-09-14 09:39:02,470 [s1@group-3CC9820BBA4E-StateMachineUpdater] INFO  impl.StateMachineUpdater (StateMachineUpdater.java:lambda$new$0(102)) - s1@group-3CC9820BBA4E-StateMachineUpdater: appliedIndex: setUnconditionally -1 -> 191
2024-09-14 09:39:02,472 [s1@group-3CC9820BBA4E-SegmentedRaftLogWorker] INFO  segmented.BufferedWriteChannel (BufferedWriteChannel.java:open(61)) - open log_inprogress_192 at position 0
2024-09-14 09:39:02,483 [s1@group-3CC9820BBA4E-SegmentedRaftLogWorker] INFO  segmented.SegmentedRaftLogWorker (SegmentedRaftLogWorker.java:execute(660)) - s1@group-3CC9820BBA4E-SegmentedRaftLogWorker: created new log segment /home/runner/work/ratis/ratis/ratis-test/target/test/data/c75294bd/MiniRaftClusterWithGrpc437c29fe/s1/ba30cfb9-f514-478c-92bf-3cc9820bba4e/current/log_inprogress_192
2024-09-14 09:39:02,484 [s1@group-3CC9820BBA4E-StateMachineUpdater] INFO  impl.SimpleStateMachine4Testing (SimpleStateMachine4Testing.java:applyTransaction(251)) - applyTransaction for log index 193
2024-09-14 09:39:02,484 [s1@group-3CC9820BBA4E-StateMachineUpdater] INFO  impl.SimpleStateMachine4Testing (SimpleStateMachine4Testing.java:put(207)) - s1: put 193, m96 -> (t:1, i:193), STATEMACHINELOGENTRY, WRITE: logData.size=3, stateMachineData.size=17, logEntryProtoSerializedSize=0
2024-09-14 09:39:02,484 [s1@group-3CC9820BBA4E-StateMachineUpdater] INFO  impl.SimpleStateMachine4Testing (SimpleStateMachine4Testing.java:applyTransaction(251)) - applyTransaction for log index 195
2024-09-14 09:39:02,485 [s1@group-3CC9820BBA4E-StateMachineUpdater] INFO  impl.SimpleStateMachine4Testing (SimpleStateMachine4Testing.java:put(207)) - s1: put 195, m97 -> (t:1, i:195), STATEMACHINELOGENTRY, WRITE: logData.size=3, stateMachineData.size=17, logEntryProtoSerializedSize=0
2024-09-14 09:39:02,485 [s1@group-3CC9820BBA4E-StateMachineUpdater] INFO  impl.SimpleStateMachine4Testing (SimpleStateMachine4Testing.java:applyTransaction(251)) - applyTransaction for log index 197
2024-09-14 09:39:02,485 [s1@group-3CC9820BBA4E-StateMachineUpdater] INFO  impl.SimpleStateMachine4Testing (SimpleStateMachine4Testing.java:put(207)) - s1: put 197, m98 -> (t:1, i:197), STATEMACHINELOGENTRY, WRITE: logData.size=3, stateMachineData.size=17, logEntryProtoSerializedSize=0
2024-09-14 09:39:02,485 [s1@group-3CC9820BBA4E-StateMachineUpdater] INFO  impl.SimpleStateMachine4Testing (SimpleStateMachine4Testing.java:applyTransaction(251)) - applyTransaction for log index 199
2024-09-14 09:39:02,485 [s1@group-3CC9820BBA4E-StateMachineUpdater] INFO  impl.SimpleStateMachine4Testing (SimpleStateMachine4Testing.java:put(207)) - s1: put 199, m99 -> (t:1, i:199), STATEMACHINELOGENTRY, WRITE: logData.size=3, stateMachineData.size=17, logEntryProtoSerializedSize=0
2024-09-14 09:39:02,485 [s1@group-3CC9820BBA4E-StateMachineUpdater] INFO  impl.SimpleStateMachine4Testing (SimpleStateMachine4Testing.java:applyTransaction(251)) - applyTransaction for log index 201
2024-09-14 09:39:02,485 [s1@group-3CC9820BBA4E-StateMachineUpdater] INFO  impl.SimpleStateMachine4Testing (SimpleStateMachine4Testing.java:put(207)) - s1: put 201, m100 -> (t:1, i:201), STATEMACHINELOGENTRY, WRITE: logData.size=4, stateMachineData.size=17, logEntryProtoSerializedSize=0
2024-09-14 09:39:02,486 [s1@group-3CC9820BBA4E-StateMachineUpdater] INFO  impl.SimpleStateMachine4Testing (SimpleStateMachine4Testing.java:applyTransaction(251)) - applyTransaction for log index 203
2024-09-14 09:39:02,486 [s1@group-3CC9820BBA4E-StateMachineUpdater] INFO  impl.SimpleStateMachine4Testing (SimpleStateMachine4Testing.java:put(207)) - s1: put 203, m101 -> (t:1, i:203), STATEMACHINELOGENTRY, WRITE: logData.size=4, stateMachineData.size=17, logEntryProtoSerializedSize=0
2024-09-14 09:39:02,486 [s1@group-3CC9820BBA4E-StateMachineUpdater] INFO  impl.SimpleStateMachine4Testing (SimpleStateMachine4Testing.java:applyTransaction(251)) - applyTransaction for log index 205
2024-09-14 09:39:02,486 [s1@group-3CC9820BBA4E-StateMachineUpdater] INFO  impl.SimpleStateMachine4Testing (SimpleStateMachine4Testing.java:put(207)) - s1: put 205, m102 -> (t:1, i:205), STATEMACHINELOGENTRY, WRITE: logData.size=4, stateMachineData.size=17, logEntryProtoSerializedSize=0
2024-09-14 09:39:02,486 [s1@group-3CC9820BBA4E-StateMachineUpdater] INFO  impl.SimpleStateMachine4Testing (SimpleStateMachine4Testing.java:applyTransaction(251)) - applyTransaction for log index 207
2024-09-14 09:39:02,486 [s1@group-3CC9820BBA4E-StateMachineUpdater] INFO  impl.SimpleStateMachine4Testing (SimpleStateMachine4Testing.java:put(207)) - s1: put 207, m103 -> (t:1, i:207), STATEMACHINELOGENTRY, WRITE: logData.size=4, stateMachineData.size=17, logEntryProtoSerializedSize=0
2024-09-14 09:39:02,486 [s1@group-3CC9820BBA4E-StateMachineUpdater] INFO  impl.SimpleStateMachine4Testing (SimpleStateMachine4Testing.java:applyTransaction(251)) - applyTransaction for log index 209
2024-09-14 09:39:02,486 [s1@group-3CC9820BBA4E-StateMachineUpdater] INFO  impl.SimpleStateMachine4Testing (SimpleStateMachine4Testing.java:put(207)) - s1: put 209, m104 -> (t:1, i:209), STATEMACHINELOGENTRY, WRITE: logData.size=4, stateMachineData.size=17, logEntryProtoSerializedSize=0
2024-09-14 09:39:02,487 [s1@group-3CC9820BBA4E-StateMachineUpdater] INFO  impl.SimpleStateMachine4Testing (SimpleStateMachine4Testing.java:applyTransaction(251)) - applyTransaction for log index 211
2024-09-14 09:39:02,487 [s1@group-3CC9820BBA4E-StateMachineUpdater] INFO  impl.SimpleStateMachine4Testing (SimpleStateMachine4Testing.java:put(207)) - s1: put 211, m105 -> (t:1, i:211), STATEMACHINELOGENTRY, WRITE: logData.size=4, stateMachineData.size=17, logEntryProtoSerializedSize=0
2024-09-14 09:39:02,487 [s1@group-3CC9820BBA4E-StateMachineUpdater] INFO  impl.SimpleStateMachine4Testing (SimpleStateMachine4Testing.java:applyTransaction(251)) - applyTransaction for log index 213
2024-09-14 09:39:02,487 [s1@group-3CC9820BBA4E-StateMachineUpdater] INFO  impl.SimpleStateMachine4Testing (SimpleStateMachine4Testing.java:put(207)) - s1: put 213, m106 -> (t:1, i:213), STATEMACHINELOGENTRY, WRITE: logData.size=4, stateMachineData.size=17, logEntryProtoSerializedSize=0
2024-09-14 09:39:02,487 [s1@group-3CC9820BBA4E-StateMachineUpdater] INFO  impl.SimpleStateMachine4Testing (SimpleStateMachine4Testing.java:applyTransaction(251)) - applyTransaction for log index 215
2024-09-14 09:39:02,487 [s1@group-3CC9820BBA4E-StateMachineUpdater] INFO  impl.SimpleStateMachine4Testing (SimpleStateMachine4Testing.java:put(207)) - s1: put 215, m107 -> (t:1, i:215), STATEMACHINELOGENTRY, WRITE: logData.size=4, stateMachineData.size=17, logEntryProtoSerializedSize=0
2024-09-14 09:39:02,487 [s1@group-3CC9820BBA4E-StateMachineUpdater] INFO  impl.SimpleStateMachine4Testing (SimpleStateMachine4Testing.java:applyTransaction(251)) - applyTransaction for log index 217
2024-09-14 09:39:02,487 [s1@group-3CC9820BBA4E-StateMachineUpdater] INFO  impl.SimpleStateMachine4Testing (SimpleStateMachine4Testing.java:put(207)) - s1: put 217, m108 -> (t:1, i:217), STATEMACHINELOGENTRY, WRITE: logData.size=4, stateMachineData.size=17, logEntryProtoSerializedSize=0
2024-09-14 09:39:02,488 [s1@group-3CC9820BBA4E-StateMachineUpdater] INFO  impl.SimpleStateMachine4Testing (SimpleStateMachine4Testing.java:applyTransaction(251)) - applyTransaction for log index 219
2024-09-14 09:39:02,488 [s1@group-3CC9820BBA4E-StateMachineUpdater] INFO  impl.SimpleStateMachine4Testing (SimpleStateMachine4Testing.java:put(207)) - s1: put 219, m109 -> (t:1, i:219), STATEMACHINELOGENTRY, WRITE: logData.size=4, stateMachineData.size=17, logEntryProtoSerializedSize=0
2024-09-14 09:39:02,488 [s1@group-3CC9820BBA4E-StateMachineUpdater] INFO  impl.SimpleStateMachine4Testing (SimpleStateMachine4Testing.java:applyTransaction(251)) - applyTransaction for log index 221
2024-09-14 09:39:02,488 [s1@group-3CC9820BBA4E-StateMachineUpdater] INFO  impl.SimpleStateMachine4Testing (SimpleStateMachine4Testing.java:put(207)) - s1: put 221, m110 -> (t:1, i:221), STATEMACHINELOGENTRY, WRITE: logData.size=4, stateMachineData.size=17, logEntryProtoSerializedSize=0
2024-09-14 09:39:02,488 [s1@group-3CC9820BBA4E-StateMachineUpdater] INFO  impl.SimpleStateMachine4Testing (SimpleStateMachine4Testing.java:applyTransaction(251)) - applyTransaction for log index 223
2024-09-14 09:39:02,488 [s1@group-3CC9820BBA4E-StateMachineUpdater] INFO  impl.SimpleStateMachine4Testing (SimpleStateMachine4Testing.java:put(207)) - s1: put 223, m111 -> (t:1, i:223), STATEMACHINELOGENTRY, WRITE: logData.size=4, stateMachineData.size=17, logEntryProtoSerializedSize=0
2024-09-14 09:39:02,488 [s1@group-3CC9820BBA4E-StateMachineUpdater] INFO  impl.SimpleStateMachine4Testing (SimpleStateMachine4Testing.java:applyTransaction(251)) - applyTransaction for log index 225
2024-09-14 09:39:02,488 [s1@group-3CC9820BBA4E-StateMachineUpdater] INFO  impl.SimpleStateMachine4Testing (SimpleStateMachine4Testing.java:put(207)) - s1: put 225, m112 -> (t:1, i:225), STATEMACHINELOGENTRY, WRITE: logData.size=4, stateMachineData.size=17, logEntryProtoSerializedSize=0
2024-09-14 09:39:02,489 [s1@group-3CC9820BBA4E-StateMachineUpdater] INFO  impl.SimpleStateMachine4Testing (SimpleStateMachine4Testing.java:applyTransaction(251)) - applyTransaction for log index 227
2024-09-14 09:39:02,489 [s1@group-3CC9820BBA4E-StateMachineUpdater] INFO  impl.SimpleStateMachine4Testing (SimpleStateMachine4Testing.java:put(207)) - s1: put 227, m113 -> (t:1, i:227), STATEMACHINELOGENTRY, WRITE: logData.size=4, stateMachineData.size=17, logEntryProtoSerializedSize=0
2024-09-14 09:39:02,489 [s1@group-3CC9820BBA4E-StateMachineUpdater] INFO  impl.SimpleStateMachine4Testing (SimpleStateMachine4Testing.java:applyTransaction(251)) - applyTransaction for log index 229
2024-09-14 09:39:02,489 [s1@group-3CC9820BBA4E-StateMachineUpdater] INFO  impl.SimpleStateMachine4Testing (SimpleStateMachine4Testing.java:put(207)) - s1: put 229, m114 -> (t:1, i:229), STATEMACHINELOGENTRY, WRITE: logData.size=4, stateMachineData.size=17, logEntryProtoSerializedSize=0
2024-09-14 09:39:02,489 [s1@group-3CC9820BBA4E-StateMachineUpdater] INFO  impl.SimpleStateMachine4Testing (SimpleStateMachine4Testing.java:applyTransaction(251)) - applyTransaction for log index 231
2024-09-14 09:39:02,489 [s1@group-3CC9820BBA4E-StateMachineUpdater] INFO  impl.SimpleStateMachine4Testing (SimpleStateMachine4Testing.java:put(207)) - s1: put 231, m115 -> (t:1, i:231), STATEMACHINELOGENTRY, WRITE: logData.size=4, stateMachineData.size=17, logEntryProtoSerializedSize=0
2024-09-14 09:39:02,489 [s1@group-3CC9820BBA4E-StateMachineUpdater] INFO  impl.SimpleStateMachine4Testing (SimpleStateMachine4Testing.java:applyTransaction(251)) - applyTransaction for log index 233
2024-09-14 09:39:02,489 [s1@group-3CC9820BBA4E-StateMachineUpdater] INFO  impl.SimpleStateMachine4Testing (SimpleStateMachine4Testing.java:put(207)) - s1: put 233, m116 -> (t:1, i:233), STATEMACHINELOGENTRY, WRITE: logData.size=4, stateMachineData.size=17, logEntryProtoSerializedSize=0
2024-09-14 09:39:02,489 [s1@group-3CC9820BBA4E-StateMachineUpdater] INFO  impl.SimpleStateMachine4Testing (SimpleStateMachine4Testing.java:applyTransaction(251)) - applyTransaction for log index 235
2024-09-14 09:39:02,490 [s1@group-3CC9820BBA4E-StateMachineUpdater] INFO  impl.SimpleStateMachine4Testing (SimpleStateMachine4Testing.java:put(207)) - s1: put 235, m117 -> (t:1, i:235), STATEMACHINELOGENTRY, WRITE: logData.size=4, stateMachineData.size=17, logEntryProtoSerializedSize=0
2024-09-14 09:39:02,490 [s1@group-3CC9820BBA4E-StateMachineUpdater] INFO  impl.SimpleStateMachine4Testing (SimpleStateMachine4Testing.java:applyTransaction(251)) - applyTransaction for log index 237
2024-09-14 09:39:02,490 [s1@group-3CC9820BBA4E-StateMachineUpdater] INFO  impl.SimpleStateMachine4Testing (SimpleStateMachine4Testing.java:put(207)) - s1: put 237, m118 -> (t:1, i:237), STATEMACHINELOGENTRY, WRITE: logData.size=4, stateMachineData.size=17, logEntryProtoSerializedSize=0
2024-09-14 09:39:02,490 [s1@group-3CC9820BBA4E-StateMachineUpdater] INFO  impl.SimpleStateMachine4Testing (SimpleStateMachine4Testing.java:applyTransaction(251)) - applyTransaction for log index 239
2024-09-14 09:39:02,490 [s1@group-3CC9820BBA4E-StateMachineUpdater] INFO  impl.SimpleStateMachine4Testing (SimpleStateMachine4Testing.java:put(207)) - s1: put 239, m119 -> (t:1, i:239), STATEMACHINELOGENTRY, WRITE: logData.size=4, stateMachineData.size=17, logEntryProtoSerializedSize=0
2024-09-14 09:39:02,491 [s1@group-3CC9820BBA4E-StateMachineUpdater] INFO  impl.SimpleStateMachine4Testing (SimpleStateMachine4Testing.java:applyTransaction(251)) - applyTransaction for log index 241
2024-09-14 09:39:02,491 [s0@group-3CC9820BBA4E-LeaderStateImpl] INFO  server.RaftServer$Division (ServerState.java:setRaftConf(386)) - s0@group-3CC9820BBA4E: set configuration conf: {index: 255, cur=peers:[s0|localhost:15006, s1|0.0.0.0:15010, s2|0.0.0.0:15011]|listeners:[], old=peers:[s0|localhost:15006]|listeners:[]}
2024-09-14 09:39:02,491 [s1@group-3CC9820BBA4E-StateMachineUpdater] INFO  impl.SimpleStateMachine4Testing (SimpleStateMachine4Testing.java:put(207)) - s1: put 241, m120 -> (t:1, i:241), STATEMACHINELOGENTRY, WRITE: logData.size=4, stateMachineData.size=17, logEntryProtoSerializedSize=0
2024-09-14 09:39:02,492 [s1@group-3CC9820BBA4E-StateMachineUpdater] INFO  impl.SimpleStateMachine4Testing (SimpleStateMachine4Testing.java:applyTransaction(251)) - applyTransaction for log index 243
2024-09-14 09:39:02,493 [s1-server-thread1] INFO  impl.RoleInfo (RoleInfo.java:updateAndGet(148)) - s1: start s1@group-3CC9820BBA4E-FollowerState
2024-09-14 09:39:02,493 [s1@group-3CC9820BBA4E-StateMachineUpdater] INFO  impl.SimpleStateMachine4Testing (SimpleStateMachine4Testing.java:put(207)) - s1: put 243, m121 -> (t:1, i:243), STATEMACHINELOGENTRY, WRITE: logData.size=4, stateMachineData.size=17, logEntryProtoSerializedSize=0
2024-09-14 09:39:02,493 [s1@group-3CC9820BBA4E-StateMachineUpdater] INFO  impl.SimpleStateMachine4Testing (SimpleStateMachine4Testing.java:applyTransaction(251)) - applyTransaction for log index 245
2024-09-14 09:39:02,493 [s1@group-3CC9820BBA4E-StateMachineUpdater] INFO  impl.SimpleStateMachine4Testing (SimpleStateMachine4Testing.java:put(207)) - s1: put 245, m122 -> (t:1, i:245), STATEMACHINELOGENTRY, WRITE: logData.size=4, stateMachineData.size=17, logEntryProtoSerializedSize=0
2024-09-14 09:39:02,493 [s1@group-3CC9820BBA4E-StateMachineUpdater] INFO  impl.SimpleStateMachine4Testing (SimpleStateMachine4Testing.java:applyTransaction(251)) - applyTransaction for log index 247
2024-09-14 09:39:02,493 [s1@group-3CC9820BBA4E-StateMachineUpdater] INFO  impl.SimpleStateMachine4Testing (SimpleStateMachine4Testing.java:put(207)) - s1: put 247, m123 -> (t:1, i:247), STATEMACHINELOGENTRY, WRITE: logData.size=4, stateMachineData.size=17, logEntryProtoSerializedSize=0
2024-09-14 09:39:02,493 [s1@group-3CC9820BBA4E-StateMachineUpdater] INFO  impl.SimpleStateMachine4Testing (SimpleStateMachine4Testing.java:applyTransaction(251)) - applyTransaction for log index 249
2024-09-14 09:39:02,493 [s1@group-3CC9820BBA4E-StateMachineUpdater] INFO  impl.SimpleStateMachine4Testing (SimpleStateMachine4Testing.java:put(207)) - s1: put 249, m124 -> (t:1, i:249), STATEMACHINELOGENTRY, WRITE: logData.size=4, stateMachineData.size=17, logEntryProtoSerializedSize=0
2024-09-14 09:39:02,494 [s1@group-3CC9820BBA4E-StateMachineUpdater] INFO  impl.SimpleStateMachine4Testing (SimpleStateMachine4Testing.java:applyTransaction(251)) - applyTransaction for log index 251
2024-09-14 09:39:02,494 [s1@group-3CC9820BBA4E-StateMachineUpdater] INFO  impl.SimpleStateMachine4Testing (SimpleStateMachine4Testing.java:put(207)) - s1: put 251, m125 -> (t:1, i:251), STATEMACHINELOGENTRY, WRITE: logData.size=4, stateMachineData.size=17, logEntryProtoSerializedSize=0
2024-09-14 09:39:02,494 [s1@group-3CC9820BBA4E-StateMachineUpdater] INFO  impl.SimpleStateMachine4Testing (SimpleStateMachine4Testing.java:applyTransaction(251)) - applyTransaction for log index 253
2024-09-14 09:39:02,494 [s1@group-3CC9820BBA4E-StateMachineUpdater] INFO  impl.SimpleStateMachine4Testing (SimpleStateMachine4Testing.java:put(207)) - s1: put 253, m126 -> (t:1, i:253), STATEMACHINELOGENTRY, WRITE: logData.size=4, stateMachineData.size=17, logEntryProtoSerializedSize=0
2024-09-14 09:39:02,494 [s1-server-thread1] INFO  server.RaftServer$Division (ServerState.java:setRaftConf(386)) - s1@group-3CC9820BBA4E: set configuration conf: {index: 255, cur=peers:[s0|localhost:15006, s1|0.0.0.0:15010, s2|0.0.0.0:15011]|listeners:[], old=peers:[s0|localhost:15006]|listeners:[]}
2024-09-14 09:39:02,496 [s0@group-3CC9820BBA4E-StateMachineUpdater] TRACE util.FileUtils (LogUtils.java:supplyAndLog(69)) - Successfully supplied FileChannel.open /home/runner/work/ratis/ratis/ratis-test/target/test/data/c75294bd/MiniRaftClusterWithGrpc437c29fe/s0/ba30cfb9-f514-478c-92bf-3cc9820bba4e/current/raft-meta.conf.tmp with options [CREATE, WRITE]: sun.nio.ch.FileChannelImpl@5681e9bc
2024-09-14 09:39:02,496 [s0@group-3CC9820BBA4E-LeaderStateImpl] INFO  server.RaftServer$Division (ServerState.java:setRaftConf(386)) - s0@group-3CC9820BBA4E: set configuration conf: {index: 257, cur=peers:[s0|localhost:15006, s1|0.0.0.0:15010, s2|0.0.0.0:15011]|listeners:[], old=null}
2024-09-14 09:39:02,499 [s1-server-thread1] INFO  server.RaftServer$Division (ServerState.java:setRaftConf(386)) - s1@group-3CC9820BBA4E: set configuration conf: {index: 257, cur=peers:[s0|localhost:15006, s1|0.0.0.0:15010, s2|0.0.0.0:15011]|listeners:[], old=null}
2024-09-14 09:39:02,514 [s1@group-3CC9820BBA4E-StateMachineUpdater] TRACE util.FileUtils (LogUtils.java:supplyAndLog(69)) - Successfully supplied FileChannel.open /home/runner/work/ratis/ratis/ratis-test/target/test/data/c75294bd/MiniRaftClusterWithGrpc437c29fe/s1/ba30cfb9-f514-478c-92bf-3cc9820bba4e/current/raft-meta.conf.tmp with options [CREATE, WRITE]: sun.nio.ch.FileChannelImpl@d8dc303
2024-09-14 09:39:02,514 [s0@group-3CC9820BBA4E-StateMachineUpdater] TRACE util.FileUtils (LogUtils.java:runAndLog(49)) - Successfully ran Atomic Files.move /home/runner/work/ratis/ratis/ratis-test/target/test/data/c75294bd/MiniRaftClusterWithGrpc437c29fe/s0/ba30cfb9-f514-478c-92bf-3cc9820bba4e/current/raft-meta.conf.tmp to /home/runner/work/ratis/ratis/ratis-test/target/test/data/c75294bd/MiniRaftClusterWithGrpc437c29fe/s0/ba30cfb9-f514-478c-92bf-3cc9820bba4e/current/raft-meta.conf with options [REPLACE_EXISTING]
2024-09-14 09:39:02,516 [s0@group-3CC9820BBA4E-StateMachineUpdater] INFO  segmented.BufferedWriteChannel (BufferedWriteChannel.java:open(61)) - open snapshot.1_255 at position 0
2024-09-14 09:39:02,519 [s1@group-3CC9820BBA4E-StateMachineUpdater] TRACE util.FileUtils (LogUtils.java:runAndLog(49)) - Successfully ran Atomic Files.move /home/runner/work/ratis/ratis/ratis-test/target/test/data/c75294bd/MiniRaftClusterWithGrpc437c29fe/s1/ba30cfb9-f514-478c-92bf-3cc9820bba4e/current/raft-meta.conf.tmp to /home/runner/work/ratis/ratis/ratis-test/target/test/data/c75294bd/MiniRaftClusterWithGrpc437c29fe/s1/ba30cfb9-f514-478c-92bf-3cc9820bba4e/current/raft-meta.conf with options [REPLACE_EXISTING]
2024-09-14 09:39:02,521 [s1@group-3CC9820BBA4E-StateMachineUpdater] INFO  segmented.BufferedWriteChannel (BufferedWriteChannel.java:open(61)) - open snapshot.1_255 at position 0
2024-09-14 09:39:02,528 [main] INFO  server.RaftServerConfigKeys (ConfUtils.java:logGet(46)) - raft.server.rpc.timeout.max = 300ms (default)
2024-09-14 09:39:02,529 [main] INFO  impl.RaftServerTestUtil (RaftServerTestUtil.java:waitAndCheckNewConf(101)) - waitAndCheckNewConf: peers=[s1|0.0.0.0:15010, s2|0.0.0.0:15011, s0|localhost:15006], deadPeers=null, printing ALL groups
  s0:  RUNNING    LEADER s0@group-3CC9820BBA4E:t1, leader=s0, voted=s0, raftlog=Memoized:s0@group-3CC9820BBA4E-SegmentedRaftLog:OPENED:c258:last(t:1, i:258), conf=conf: {index: 257, cur=peers:[s0|localhost:15006, s1|0.0.0.0:15010, s2|0.0.0.0:15011]|listeners:[], old=null} RUNNING
  s1:  RUNNING  FOLLOWER s1@group-3CC9820BBA4E:t1, leader=s0, voted=null, raftlog=Memoized:s1@group-3CC9820BBA4E-SegmentedRaftLog:OPENED:c257:last(t:1, i:258), conf=conf: {index: 257, cur=peers:[s0|localhost:15006, s1|0.0.0.0:15010, s2|0.0.0.0:15011]|listeners:[], old=null} RUNNING
  s2:  RUNNING  FOLLOWER s2@group-3CC9820BBA4E:t1, leader=s0, voted=null, raftlog=Memoized:s2@group-3CC9820BBA4E-SegmentedRaftLog:OPENED:c-1:lastnull, conf=conf: {index: 0, cur=peers:[s0|localhost:15006]|listeners:[], old=null} STARTING
2024-09-14 09:39:02,529 [main] INFO  impl.RaftServerTestUtil (RaftServerTestUtil.java:waitAndCheckNewConf(110)) - checking    LEADER s0@group-3CC9820BBA4E:t1, leader=s0, voted=s0, raftlog=Memoized:s0@group-3CC9820BBA4E-SegmentedRaftLog:OPENED:c258:last(t:1, i:258), conf=conf: {index: 257, cur=peers:[s0|localhost:15006, s1|0.0.0.0:15010, s2|0.0.0.0:15011]|listeners:[], old=null} RUNNING
2024-09-14 09:39:02,529 [main] INFO  impl.RaftServerTestUtil (RaftServerTestUtil.java:waitAndCheckNewConf(110)) - checking  FOLLOWER s1@group-3CC9820BBA4E:t1, leader=s0, voted=null, raftlog=Memoized:s1@group-3CC9820BBA4E-SegmentedRaftLog:OPENED:c257:last(t:1, i:258), conf=conf: {index: 257, cur=peers:[s0|localhost:15006, s1|0.0.0.0:15010, s2|0.0.0.0:15011]|listeners:[], old=null} RUNNING
2024-09-14 09:39:02,530 [main] INFO  impl.RaftServerTestUtil (RaftServerTestUtil.java:waitAndCheckNewConf(110)) - checking  FOLLOWER s2@group-3CC9820BBA4E:t1, leader=s0, voted=null, raftlog=Memoized:s2@group-3CC9820BBA4E-SegmentedRaftLog:OPENED:c-1:lastnull, conf=conf: {index: 0, cur=peers:[s0|localhost:15006]|listeners:[], old=null} STARTING
2024-09-14 09:39:02,530 [main] WARN  impl.RaftServerTestUtil (JavaUtils.java:attempt(231)) - FAILED "waitAndCheckNewConf", attempt #1/10, sleep 600ms and then retry: java.lang.AssertionError
2024-09-14 09:39:02,537 [s1@group-3CC9820BBA4E-StateMachineUpdater] TRACE util.FileUtils (LogUtils.java:supplyAndLog(69)) - Successfully supplied FileChannel.open /home/runner/work/ratis/ratis/ratis-test/target/test/data/c75294bd/MiniRaftClusterWithGrpc437c29fe/s1/ba30cfb9-f514-478c-92bf-3cc9820bba4e/sm/snapshot.1_255 with options [READ]: sun.nio.ch.FileChannelImpl@1a270f5a
2024-09-14 09:39:02,537 [s0@group-3CC9820BBA4E-StateMachineUpdater] TRACE util.FileUtils (LogUtils.java:supplyAndLog(69)) - Successfully supplied FileChannel.open /home/runner/work/ratis/ratis/ratis-test/target/test/data/c75294bd/MiniRaftClusterWithGrpc437c29fe/s0/ba30cfb9-f514-478c-92bf-3cc9820bba4e/sm/snapshot.1_255 with options [READ]: sun.nio.ch.FileChannelImpl@24b48bec
2024-09-14 09:39:02,538 [s0@group-3CC9820BBA4E-StateMachineUpdater] TRACE util.FileUtils (LogUtils.java:supplyAndLog(69)) - Successfully supplied FileChannel.open /home/runner/work/ratis/ratis/ratis-test/target/test/data/c75294bd/MiniRaftClusterWithGrpc437c29fe/s0/ba30cfb9-f514-478c-92bf-3cc9820bba4e/sm/snapshot.1_255.md5.tmp with options [CREATE, WRITE]: sun.nio.ch.FileChannelImpl@1cd9e0e9
2024-09-14 09:39:02,538 [s1@group-3CC9820BBA4E-StateMachineUpdater] TRACE util.FileUtils (LogUtils.java:supplyAndLog(69)) - Successfully supplied FileChannel.open /home/runner/work/ratis/ratis/ratis-test/target/test/data/c75294bd/MiniRaftClusterWithGrpc437c29fe/s1/ba30cfb9-f514-478c-92bf-3cc9820bba4e/sm/snapshot.1_255.md5.tmp with options [CREATE, WRITE]: sun.nio.ch.FileChannelImpl@69b5f7a4
2024-09-14 09:39:02,539 [s0@group-3CC9820BBA4E-StateMachineUpdater] TRACE util.FileUtils (LogUtils.java:runAndLog(49)) - Successfully ran Atomic Files.move /home/runner/work/ratis/ratis/ratis-test/target/test/data/c75294bd/MiniRaftClusterWithGrpc437c29fe/s0/ba30cfb9-f514-478c-92bf-3cc9820bba4e/sm/snapshot.1_255.md5.tmp to /home/runner/work/ratis/ratis/ratis-test/target/test/data/c75294bd/MiniRaftClusterWithGrpc437c29fe/s0/ba30cfb9-f514-478c-92bf-3cc9820bba4e/sm/snapshot.1_255.md5 with options [REPLACE_EXISTING]
2024-09-14 09:39:02,539 [s0@group-3CC9820BBA4E-StateMachineUpdater] INFO  impl.StateMachineUpdater (StateMachineUpdater.java:takeSnapshot(308)) - s0@group-3CC9820BBA4E-StateMachineUpdater: Took a snapshot at index 255
2024-09-14 09:39:02,539 [s0@group-3CC9820BBA4E-StateMachineUpdater] INFO  impl.StateMachineUpdater (StateMachineUpdater.java:lambda$new$0(102)) - s0@group-3CC9820BBA4E-StateMachineUpdater: snapshotIndex: updateIncreasingly 191 -> 255
2024-09-14 09:39:02,539 [s1@group-3CC9820BBA4E-StateMachineUpdater] TRACE util.FileUtils (LogUtils.java:runAndLog(49)) - Successfully ran Atomic Files.move /home/runner/work/ratis/ratis/ratis-test/target/test/data/c75294bd/MiniRaftClusterWithGrpc437c29fe/s1/ba30cfb9-f514-478c-92bf-3cc9820bba4e/sm/snapshot.1_255.md5.tmp to /home/runner/work/ratis/ratis/ratis-test/target/test/data/c75294bd/MiniRaftClusterWithGrpc437c29fe/s1/ba30cfb9-f514-478c-92bf-3cc9820bba4e/sm/snapshot.1_255.md5 with options [REPLACE_EXISTING]
2024-09-14 09:39:02,540 [s1@group-3CC9820BBA4E-StateMachineUpdater] INFO  impl.StateMachineUpdater (StateMachineUpdater.java:takeSnapshot(308)) - s1@group-3CC9820BBA4E-StateMachineUpdater: Took a snapshot at index 255
2024-09-14 09:39:02,540 [s1@group-3CC9820BBA4E-StateMachineUpdater] INFO  impl.StateMachineUpdater (StateMachineUpdater.java:lambda$new$0(102)) - s1@group-3CC9820BBA4E-StateMachineUpdater: snapshotIndex: updateIncreasingly 191 -> 255
2024-09-14 09:39:02,540 [s1@group-3CC9820BBA4E-StateMachineUpdater] TRACE util.FileUtils (LogUtils.java:supplyAndLog(69)) - Successfully supplied FileChannel.open /home/runner/work/ratis/ratis/ratis-test/target/test/data/c75294bd/MiniRaftClusterWithGrpc437c29fe/s1/ba30cfb9-f514-478c-92bf-3cc9820bba4e/current/raft-meta.conf.tmp with options [CREATE, WRITE]: sun.nio.ch.FileChannelImpl@612a2d64
2024-09-14 09:39:02,540 [s0@group-3CC9820BBA4E-StateMachineUpdater] TRACE util.FileUtils (LogUtils.java:supplyAndLog(69)) - Successfully supplied FileChannel.open /home/runner/work/ratis/ratis/ratis-test/target/test/data/c75294bd/MiniRaftClusterWithGrpc437c29fe/s0/ba30cfb9-f514-478c-92bf-3cc9820bba4e/current/raft-meta.conf.tmp with options [CREATE, WRITE]: sun.nio.ch.FileChannelImpl@280c6e21
2024-09-14 09:39:02,542 [s1@group-3CC9820BBA4E-StateMachineUpdater] TRACE util.FileUtils (LogUtils.java:runAndLog(49)) - Successfully ran Atomic Files.move /home/runner/work/ratis/ratis/ratis-test/target/test/data/c75294bd/MiniRaftClusterWithGrpc437c29fe/s1/ba30cfb9-f514-478c-92bf-3cc9820bba4e/current/raft-meta.conf.tmp to /home/runner/work/ratis/ratis/ratis-test/target/test/data/c75294bd/MiniRaftClusterWithGrpc437c29fe/s1/ba30cfb9-f514-478c-92bf-3cc9820bba4e/current/raft-meta.conf with options [REPLACE_EXISTING]
2024-09-14 09:39:02,543 [s0@group-3CC9820BBA4E-StateMachineUpdater] TRACE util.FileUtils (LogUtils.java:runAndLog(49)) - Successfully ran Atomic Files.move /home/runner/work/ratis/ratis/ratis-test/target/test/data/c75294bd/MiniRaftClusterWithGrpc437c29fe/s0/ba30cfb9-f514-478c-92bf-3cc9820bba4e/current/raft-meta.conf.tmp to /home/runner/work/ratis/ratis/ratis-test/target/test/data/c75294bd/MiniRaftClusterWithGrpc437c29fe/s0/ba30cfb9-f514-478c-92bf-3cc9820bba4e/current/raft-meta.conf with options [REPLACE_EXISTING]
2024-09-14 09:39:03,130 [main] INFO  impl.RaftServerTestUtil (RaftServerTestUtil.java:waitAndCheckNewConf(101)) - waitAndCheckNewConf: peers=[s1|0.0.0.0:15010, s2|0.0.0.0:15011, s0|localhost:15006], deadPeers=null, printing ALL groups
  s0:  RUNNING    LEADER s0@group-3CC9820BBA4E:t1, leader=s0, voted=s0, raftlog=Memoized:s0@group-3CC9820BBA4E-SegmentedRaftLog:OPENED:c258:last(t:1, i:258), conf=conf: {index: 257, cur=peers:[s0|localhost:15006, s1|0.0.0.0:15010, s2|0.0.0.0:15011]|listeners:[], old=null} RUNNING
  s1:  RUNNING  FOLLOWER s1@group-3CC9820BBA4E:t1, leader=s0, voted=null, raftlog=Memoized:s1@group-3CC9820BBA4E-SegmentedRaftLog:OPENED:c258:last(t:1, i:258), conf=conf: {index: 257, cur=peers:[s0|localhost:15006, s1|0.0.0.0:15010, s2|0.0.0.0:15011]|listeners:[], old=null} RUNNING
  s2:  RUNNING  FOLLOWER s2@group-3CC9820BBA4E:t1, leader=s0, voted=null, raftlog=Memoized:s2@group-3CC9820BBA4E-SegmentedRaftLog:OPENED:c-1:lastnull, conf=conf: {index: 0, cur=peers:[s0|localhost:15006]|listeners:[], old=null} STARTING
2024-09-14 09:39:03,131 [main] INFO  impl.RaftServerTestUtil (RaftServerTestUtil.java:waitAndCheckNewConf(110)) - checking    LEADER s0@group-3CC9820BBA4E:t1, leader=s0, voted=s0, raftlog=Memoized:s0@group-3CC9820BBA4E-SegmentedRaftLog:OPENED:c258:last(t:1, i:258), conf=conf: {index: 257, cur=peers:[s0|localhost:15006, s1|0.0.0.0:15010, s2|0.0.0.0:15011]|listeners:[], old=null} RUNNING
2024-09-14 09:39:03,131 [main] INFO  impl.RaftServerTestUtil (RaftServerTestUtil.java:waitAndCheckNewConf(110)) - checking  FOLLOWER s1@group-3CC9820BBA4E:t1, leader=s0, voted=null, raftlog=Memoized:s1@group-3CC9820BBA4E-SegmentedRaftLog:OPENED:c258:last(t:1, i:258), conf=conf: {index: 257, cur=peers:[s0|localhost:15006, s1|0.0.0.0:15010, s2|0.0.0.0:15011]|listeners:[], old=null} RUNNING
2024-09-14 09:39:03,131 [main] INFO  impl.RaftServerTestUtil (RaftServerTestUtil.java:waitAndCheckNewConf(110)) - checking  FOLLOWER s2@group-3CC9820BBA4E:t1, leader=s0, voted=null, raftlog=Memoized:s2@group-3CC9820BBA4E-SegmentedRaftLog:OPENED:c-1:lastnull, conf=conf: {index: 0, cur=peers:[s0|localhost:15006]|listeners:[], old=null} STARTING
2024-09-14 09:39:03,132 [main] WARN  impl.RaftServerTestUtil (JavaUtils.java:attempt(231)) - FAILED "waitAndCheckNewConf", attempt #2/10, sleep 600ms and then retry: java.lang.AssertionError
2024-09-14 09:39:03,732 [main] INFO  impl.RaftServerTestUtil (RaftServerTestUtil.java:waitAndCheckNewConf(101)) - waitAndCheckNewConf: peers=[s1|0.0.0.0:15010, s2|0.0.0.0:15011, s0|localhost:15006], deadPeers=null, printing ALL groups
  s0:  RUNNING    LEADER s0@group-3CC9820BBA4E:t1, leader=s0, voted=s0, raftlog=Memoized:s0@group-3CC9820BBA4E-SegmentedRaftLog:OPENED:c258:last(t:1, i:258), conf=conf: {index: 257, cur=peers:[s0|localhost:15006, s1|0.0.0.0:15010, s2|0.0.0.0:15011]|listeners:[], old=null} RUNNING
  s1:  RUNNING  FOLLOWER s1@group-3CC9820BBA4E:t1, leader=s0, voted=null, raftlog=Memoized:s1@group-3CC9820BBA4E-SegmentedRaftLog:OPENED:c258:last(t:1, i:258), conf=conf: {index: 257, cur=peers:[s0|localhost:15006, s1|0.0.0.0:15010, s2|0.0.0.0:15011]|listeners:[], old=null} RUNNING
  s2:  RUNNING  FOLLOWER s2@group-3CC9820BBA4E:t1, leader=s0, voted=null, raftlog=Memoized:s2@group-3CC9820BBA4E-SegmentedRaftLog:OPENED:c-1:lastnull, conf=conf: {index: 0, cur=peers:[s0|localhost:15006]|listeners:[], old=null} STARTING
2024-09-14 09:39:03,732 [main] INFO  impl.RaftServerTestUtil (RaftServerTestUtil.java:waitAndCheckNewConf(110)) - checking    LEADER s0@group-3CC9820BBA4E:t1, leader=s0, voted=s0, raftlog=Memoized:s0@group-3CC9820BBA4E-SegmentedRaftLog:OPENED:c258:last(t:1, i:258), conf=conf: {index: 257, cur=peers:[s0|localhost:15006, s1|0.0.0.0:15010, s2|0.0.0.0:15011]|listeners:[], old=null} RUNNING
2024-09-14 09:39:03,733 [main] INFO  impl.RaftServerTestUtil (RaftServerTestUtil.java:waitAndCheckNewConf(110)) - checking  FOLLOWER s1@group-3CC9820BBA4E:t1, leader=s0, voted=null, raftlog=Memoized:s1@group-3CC9820BBA4E-SegmentedRaftLog:OPENED:c258:last(t:1, i:258), conf=conf: {index: 257, cur=peers:[s0|localhost:15006, s1|0.0.0.0:15010, s2|0.0.0.0:15011]|listeners:[], old=null} RUNNING
2024-09-14 09:39:03,733 [main] INFO  impl.RaftServerTestUtil (RaftServerTestUtil.java:waitAndCheckNewConf(110)) - checking  FOLLOWER s2@group-3CC9820BBA4E:t1, leader=s0, voted=null, raftlog=Memoized:s2@group-3CC9820BBA4E-SegmentedRaftLog:OPENED:c-1:lastnull, conf=conf: {index: 0, cur=peers:[s0|localhost:15006]|listeners:[], old=null} STARTING
2024-09-14 09:39:03,733 [main] WARN  impl.RaftServerTestUtil (JavaUtils.java:attempt(231)) - FAILED "waitAndCheckNewConf", attempt #3/10, sleep 600ms and then retry: java.lang.AssertionError
2024-09-14 09:39:04,333 [main] INFO  impl.RaftServerTestUtil (RaftServerTestUtil.java:waitAndCheckNewConf(101)) - waitAndCheckNewConf: peers=[s1|0.0.0.0:15010, s2|0.0.0.0:15011, s0|localhost:15006], deadPeers=null, printing ALL groups
  s0:  RUNNING    LEADER s0@group-3CC9820BBA4E:t1, leader=s0, voted=s0, raftlog=Memoized:s0@group-3CC9820BBA4E-SegmentedRaftLog:OPENED:c258:last(t:1, i:258), conf=conf: {index: 257, cur=peers:[s0|localhost:15006, s1|0.0.0.0:15010, s2|0.0.0.0:15011]|listeners:[], old=null} RUNNING
  s1:  RUNNING  FOLLOWER s1@group-3CC9820BBA4E:t1, leader=s0, voted=null, raftlog=Memoized:s1@group-3CC9820BBA4E-SegmentedRaftLog:OPENED:c258:last(t:1, i:258), conf=conf: {index: 257, cur=peers:[s0|localhost:15006, s1|0.0.0.0:15010, s2|0.0.0.0:15011]|listeners:[], old=null} RUNNING
  s2:  RUNNING  FOLLOWER s2@group-3CC9820BBA4E:t1, leader=s0, voted=null, raftlog=Memoized:s2@group-3CC9820BBA4E-SegmentedRaftLog:OPENED:c-1:lastnull, conf=conf: {index: 0, cur=peers:[s0|localhost:15006]|listeners:[], old=null} STARTING
2024-09-14 09:39:04,334 [main] INFO  impl.RaftServerTestUtil (RaftServerTestUtil.java:waitAndCheckNewConf(110)) - checking    LEADER s0@group-3CC9820BBA4E:t1, leader=s0, voted=s0, raftlog=Memoized:s0@group-3CC9820BBA4E-SegmentedRaftLog:OPENED:c258:last(t:1, i:258), conf=conf: {index: 257, cur=peers:[s0|localhost:15006, s1|0.0.0.0:15010, s2|0.0.0.0:15011]|listeners:[], old=null} RUNNING
2024-09-14 09:39:04,334 [main] INFO  impl.RaftServerTestUtil (RaftServerTestUtil.java:waitAndCheckNewConf(110)) - checking  FOLLOWER s1@group-3CC9820BBA4E:t1, leader=s0, voted=null, raftlog=Memoized:s1@group-3CC9820BBA4E-SegmentedRaftLog:OPENED:c258:last(t:1, i:258), conf=conf: {index: 257, cur=peers:[s0|localhost:15006, s1|0.0.0.0:15010, s2|0.0.0.0:15011]|listeners:[], old=null} RUNNING
2024-09-14 09:39:04,334 [main] INFO  impl.RaftServerTestUtil (RaftServerTestUtil.java:waitAndCheckNewConf(110)) - checking  FOLLOWER s2@group-3CC9820BBA4E:t1, leader=s0, voted=null, raftlog=Memoized:s2@group-3CC9820BBA4E-SegmentedRaftLog:OPENED:c-1:lastnull, conf=conf: {index: 0, cur=peers:[s0|localhost:15006]|listeners:[], old=null} STARTING
2024-09-14 09:39:04,335 [main] WARN  impl.RaftServerTestUtil (JavaUtils.java:attempt(231)) - FAILED "waitAndCheckNewConf", attempt #4/10, sleep 600ms and then retry: java.lang.AssertionError
2024-09-14 09:39:04,935 [main] INFO  impl.RaftServerTestUtil (RaftServerTestUtil.java:waitAndCheckNewConf(101)) - waitAndCheckNewConf: peers=[s1|0.0.0.0:15010, s2|0.0.0.0:15011, s0|localhost:15006], deadPeers=null, printing ALL groups
  s0:  RUNNING    LEADER s0@group-3CC9820BBA4E:t1, leader=s0, voted=s0, raftlog=Memoized:s0@group-3CC9820BBA4E-SegmentedRaftLog:OPENED:c258:last(t:1, i:258), conf=conf: {index: 257, cur=peers:[s0|localhost:15006, s1|0.0.0.0:15010, s2|0.0.0.0:15011]|listeners:[], old=null} RUNNING
  s1:  RUNNING  FOLLOWER s1@group-3CC9820BBA4E:t1, leader=s0, voted=null, raftlog=Memoized:s1@group-3CC9820BBA4E-SegmentedRaftLog:OPENED:c258:last(t:1, i:258), conf=conf: {index: 257, cur=peers:[s0|localhost:15006, s1|0.0.0.0:15010, s2|0.0.0.0:15011]|listeners:[], old=null} RUNNING
  s2:  RUNNING  FOLLOWER s2@group-3CC9820BBA4E:t1, leader=s0, voted=null, raftlog=Memoized:s2@group-3CC9820BBA4E-SegmentedRaftLog:OPENED:c-1:lastnull, conf=conf: {index: 0, cur=peers:[s0|localhost:15006]|listeners:[], old=null} STARTING
2024-09-14 09:39:04,935 [main] INFO  impl.RaftServerTestUtil (RaftServerTestUtil.java:waitAndCheckNewConf(110)) - checking    LEADER s0@group-3CC9820BBA4E:t1, leader=s0, voted=s0, raftlog=Memoized:s0@group-3CC9820BBA4E-SegmentedRaftLog:OPENED:c258:last(t:1, i:258), conf=conf: {index: 257, cur=peers:[s0|localhost:15006, s1|0.0.0.0:15010, s2|0.0.0.0:15011]|listeners:[], old=null} RUNNING
2024-09-14 09:39:04,936 [main] INFO  impl.RaftServerTestUtil (RaftServerTestUtil.java:waitAndCheckNewConf(110)) - checking  FOLLOWER s1@group-3CC9820BBA4E:t1, leader=s0, voted=null, raftlog=Memoized:s1@group-3CC9820BBA4E-SegmentedRaftLog:OPENED:c258:last(t:1, i:258), conf=conf: {index: 257, cur=peers:[s0|localhost:15006, s1|0.0.0.0:15010, s2|0.0.0.0:15011]|listeners:[], old=null} RUNNING
2024-09-14 09:39:04,936 [main] INFO  impl.RaftServerTestUtil (RaftServerTestUtil.java:waitAndCheckNewConf(110)) - checking  FOLLOWER s2@group-3CC9820BBA4E:t1, leader=s0, voted=null, raftlog=Memoized:s2@group-3CC9820BBA4E-SegmentedRaftLog:OPENED:c-1:lastnull, conf=conf: {index: 0, cur=peers:[s0|localhost:15006]|listeners:[], old=null} STARTING
2024-09-14 09:39:04,936 [main] WARN  impl.RaftServerTestUtil (JavaUtils.java:attempt(231)) - FAILED "waitAndCheckNewConf", attempt #5/10, sleep 600ms and then retry: java.lang.AssertionError
2024-09-14 09:39:05,537 [main] INFO  impl.RaftServerTestUtil (RaftServerTestUtil.java:waitAndCheckNewConf(101)) - waitAndCheckNewConf: peers=[s1|0.0.0.0:15010, s2|0.0.0.0:15011, s0|localhost:15006], deadPeers=null, printing ALL groups
  s0:  RUNNING    LEADER s0@group-3CC9820BBA4E:t1, leader=s0, voted=s0, raftlog=Memoized:s0@group-3CC9820BBA4E-SegmentedRaftLog:OPENED:c258:last(t:1, i:258), conf=conf: {index: 257, cur=peers:[s0|localhost:15006, s1|0.0.0.0:15010, s2|0.0.0.0:15011]|listeners:[], old=null} RUNNING
  s1:  RUNNING  FOLLOWER s1@group-3CC9820BBA4E:t1, leader=s0, voted=null, raftlog=Memoized:s1@group-3CC9820BBA4E-SegmentedRaftLog:OPENED:c258:last(t:1, i:258), conf=conf: {index: 257, cur=peers:[s0|localhost:15006, s1|0.0.0.0:15010, s2|0.0.0.0:15011]|listeners:[], old=null} RUNNING
  s2:  RUNNING  FOLLOWER s2@group-3CC9820BBA4E:t1, leader=s0, voted=null, raftlog=Memoized:s2@group-3CC9820BBA4E-SegmentedRaftLog:OPENED:c-1:lastnull, conf=conf: {index: 0, cur=peers:[s0|localhost:15006]|listeners:[], old=null} STARTING
2024-09-14 09:39:05,537 [main] INFO  impl.RaftServerTestUtil (RaftServerTestUtil.java:waitAndCheckNewConf(110)) - checking    LEADER s0@group-3CC9820BBA4E:t1, leader=s0, voted=s0, raftlog=Memoized:s0@group-3CC9820BBA4E-SegmentedRaftLog:OPENED:c258:last(t:1, i:258), conf=conf: {index: 257, cur=peers:[s0|localhost:15006, s1|0.0.0.0:15010, s2|0.0.0.0:15011]|listeners:[], old=null} RUNNING
2024-09-14 09:39:05,537 [main] INFO  impl.RaftServerTestUtil (RaftServerTestUtil.java:waitAndCheckNewConf(110)) - checking  FOLLOWER s1@group-3CC9820BBA4E:t1, leader=s0, voted=null, raftlog=Memoized:s1@group-3CC9820BBA4E-SegmentedRaftLog:OPENED:c258:last(t:1, i:258), conf=conf: {index: 257, cur=peers:[s0|localhost:15006, s1|0.0.0.0:15010, s2|0.0.0.0:15011]|listeners:[], old=null} RUNNING
2024-09-14 09:39:05,538 [main] INFO  impl.RaftServerTestUtil (RaftServerTestUtil.java:waitAndCheckNewConf(110)) - checking  FOLLOWER s2@group-3CC9820BBA4E:t1, leader=s0, voted=null, raftlog=Memoized:s2@group-3CC9820BBA4E-SegmentedRaftLog:OPENED:c-1:lastnull, conf=conf: {index: 0, cur=peers:[s0|localhost:15006]|listeners:[], old=null} STARTING
2024-09-14 09:39:05,538 [main] WARN  impl.RaftServerTestUtil (JavaUtils.java:attempt(231)) - FAILED "waitAndCheckNewConf", attempt #6/10, sleep 600ms and then retry: java.lang.AssertionError
2024-09-14 09:39:06,138 [main] INFO  impl.RaftServerTestUtil (RaftServerTestUtil.java:waitAndCheckNewConf(101)) - waitAndCheckNewConf: peers=[s1|0.0.0.0:15010, s2|0.0.0.0:15011, s0|localhost:15006], deadPeers=null, printing ALL groups
  s0:  RUNNING    LEADER s0@group-3CC9820BBA4E:t1, leader=s0, voted=s0, raftlog=Memoized:s0@group-3CC9820BBA4E-SegmentedRaftLog:OPENED:c258:last(t:1, i:258), conf=conf: {index: 257, cur=peers:[s0|localhost:15006, s1|0.0.0.0:15010, s2|0.0.0.0:15011]|listeners:[], old=null} RUNNING
  s1:  RUNNING  FOLLOWER s1@group-3CC9820BBA4E:t1, leader=s0, voted=null, raftlog=Memoized:s1@group-3CC9820BBA4E-SegmentedRaftLog:OPENED:c258:last(t:1, i:258), conf=conf: {index: 257, cur=peers:[s0|localhost:15006, s1|0.0.0.0:15010, s2|0.0.0.0:15011]|listeners:[], old=null} RUNNING
  s2:  RUNNING  FOLLOWER s2@group-3CC9820BBA4E:t1, leader=s0, voted=null, raftlog=Memoized:s2@group-3CC9820BBA4E-SegmentedRaftLog:OPENED:c-1:lastnull, conf=conf: {index: 0, cur=peers:[s0|localhost:15006]|listeners:[], old=null} STARTING
2024-09-14 09:39:06,139 [main] INFO  impl.RaftServerTestUtil (RaftServerTestUtil.java:waitAndCheckNewConf(110)) - checking    LEADER s0@group-3CC9820BBA4E:t1, leader=s0, voted=s0, raftlog=Memoized:s0@group-3CC9820BBA4E-SegmentedRaftLog:OPENED:c258:last(t:1, i:258), conf=conf: {index: 257, cur=peers:[s0|localhost:15006, s1|0.0.0.0:15010, s2|0.0.0.0:15011]|listeners:[], old=null} RUNNING
2024-09-14 09:39:06,139 [main] INFO  impl.RaftServerTestUtil (RaftServerTestUtil.java:waitAndCheckNewConf(110)) - checking  FOLLOWER s1@group-3CC9820BBA4E:t1, leader=s0, voted=null, raftlog=Memoized:s1@group-3CC9820BBA4E-SegmentedRaftLog:OPENED:c258:last(t:1, i:258), conf=conf: {index: 257, cur=peers:[s0|localhost:15006, s1|0.0.0.0:15010, s2|0.0.0.0:15011]|listeners:[], old=null} RUNNING
2024-09-14 09:39:06,139 [main] INFO  impl.RaftServerTestUtil (RaftServerTestUtil.java:waitAndCheckNewConf(110)) - checking  FOLLOWER s2@group-3CC9820BBA4E:t1, leader=s0, voted=null, raftlog=Memoized:s2@group-3CC9820BBA4E-SegmentedRaftLog:OPENED:c-1:lastnull, conf=conf: {index: 0, cur=peers:[s0|localhost:15006]|listeners:[], old=null} STARTING
2024-09-14 09:39:06,139 [main] WARN  impl.RaftServerTestUtil (JavaUtils.java:attempt(231)) - FAILED "waitAndCheckNewConf", attempt #7/10, sleep 600ms and then retry: java.lang.AssertionError
2024-09-14 09:39:06,740 [main] INFO  impl.RaftServerTestUtil (RaftServerTestUtil.java:waitAndCheckNewConf(101)) - waitAndCheckNewConf: peers=[s1|0.0.0.0:15010, s2|0.0.0.0:15011, s0|localhost:15006], deadPeers=null, printing ALL groups
  s0:  RUNNING    LEADER s0@group-3CC9820BBA4E:t1, leader=s0, voted=s0, raftlog=Memoized:s0@group-3CC9820BBA4E-SegmentedRaftLog:OPENED:c258:last(t:1, i:258), conf=conf: {index: 257, cur=peers:[s0|localhost:15006, s1|0.0.0.0:15010, s2|0.0.0.0:15011]|listeners:[], old=null} RUNNING
  s1:  RUNNING  FOLLOWER s1@group-3CC9820BBA4E:t1, leader=s0, voted=null, raftlog=Memoized:s1@group-3CC9820BBA4E-SegmentedRaftLog:OPENED:c258:last(t:1, i:258), conf=conf: {index: 257, cur=peers:[s0|localhost:15006, s1|0.0.0.0:15010, s2|0.0.0.0:15011]|listeners:[], old=null} RUNNING
  s2:  RUNNING  FOLLOWER s2@group-3CC9820BBA4E:t1, leader=s0, voted=null, raftlog=Memoized:s2@group-3CC9820BBA4E-SegmentedRaftLog:OPENED:c-1:lastnull, conf=conf: {index: 0, cur=peers:[s0|localhost:15006]|listeners:[], old=null} STARTING
2024-09-14 09:39:06,740 [main] INFO  impl.RaftServerTestUtil (RaftServerTestUtil.java:waitAndCheckNewConf(110)) - checking    LEADER s0@group-3CC9820BBA4E:t1, leader=s0, voted=s0, raftlog=Memoized:s0@group-3CC9820BBA4E-SegmentedRaftLog:OPENED:c258:last(t:1, i:258), conf=conf: {index: 257, cur=peers:[s0|localhost:15006, s1|0.0.0.0:15010, s2|0.0.0.0:15011]|listeners:[], old=null} RUNNING
2024-09-14 09:39:06,740 [main] INFO  impl.RaftServerTestUtil (RaftServerTestUtil.java:waitAndCheckNewConf(110)) - checking  FOLLOWER s1@group-3CC9820BBA4E:t1, leader=s0, voted=null, raftlog=Memoized:s1@group-3CC9820BBA4E-SegmentedRaftLog:OPENED:c258:last(t:1, i:258), conf=conf: {index: 257, cur=peers:[s0|localhost:15006, s1|0.0.0.0:15010, s2|0.0.0.0:15011]|listeners:[], old=null} RUNNING
2024-09-14 09:39:06,741 [main] INFO  impl.RaftServerTestUtil (RaftServerTestUtil.java:waitAndCheckNewConf(110)) - checking  FOLLOWER s2@group-3CC9820BBA4E:t1, leader=s0, voted=null, raftlog=Memoized:s2@group-3CC9820BBA4E-SegmentedRaftLog:OPENED:c-1:lastnull, conf=conf: {index: 0, cur=peers:[s0|localhost:15006]|listeners:[], old=null} STARTING
2024-09-14 09:39:06,741 [main] WARN  impl.RaftServerTestUtil (JavaUtils.java:attempt(231)) - FAILED "waitAndCheckNewConf", attempt #8/10, sleep 600ms and then retry: java.lang.AssertionError
2024-09-14 09:39:07,341 [main] INFO  impl.RaftServerTestUtil (RaftServerTestUtil.java:waitAndCheckNewConf(101)) - waitAndCheckNewConf: peers=[s1|0.0.0.0:15010, s2|0.0.0.0:15011, s0|localhost:15006], deadPeers=null, printing ALL groups
  s0:  RUNNING    LEADER s0@group-3CC9820BBA4E:t1, leader=s0, voted=s0, raftlog=Memoized:s0@group-3CC9820BBA4E-SegmentedRaftLog:OPENED:c258:last(t:1, i:258), conf=conf: {index: 257, cur=peers:[s0|localhost:15006, s1|0.0.0.0:15010, s2|0.0.0.0:15011]|listeners:[], old=null} RUNNING
  s1:  RUNNING  FOLLOWER s1@group-3CC9820BBA4E:t1, leader=s0, voted=null, raftlog=Memoized:s1@group-3CC9820BBA4E-SegmentedRaftLog:OPENED:c258:last(t:1, i:258), conf=conf: {index: 257, cur=peers:[s0|localhost:15006, s1|0.0.0.0:15010, s2|0.0.0.0:15011]|listeners:[], old=null} RUNNING
  s2:  RUNNING  FOLLOWER s2@group-3CC9820BBA4E:t1, leader=s0, voted=null, raftlog=Memoized:s2@group-3CC9820BBA4E-SegmentedRaftLog:OPENED:c-1:lastnull, conf=conf: {index: 0, cur=peers:[s0|localhost:15006]|listeners:[], old=null} STARTING
2024-09-14 09:39:07,342 [main] INFO  impl.RaftServerTestUtil (RaftServerTestUtil.java:waitAndCheckNewConf(110)) - checking    LEADER s0@group-3CC9820BBA4E:t1, leader=s0, voted=s0, raftlog=Memoized:s0@group-3CC9820BBA4E-SegmentedRaftLog:OPENED:c258:last(t:1, i:258), conf=conf: {index: 257, cur=peers:[s0|localhost:15006, s1|0.0.0.0:15010, s2|0.0.0.0:15011]|listeners:[], old=null} RUNNING
2024-09-14 09:39:07,342 [main] INFO  impl.RaftServerTestUtil (RaftServerTestUtil.java:waitAndCheckNewConf(110)) - checking  FOLLOWER s1@group-3CC9820BBA4E:t1, leader=s0, voted=null, raftlog=Memoized:s1@group-3CC9820BBA4E-SegmentedRaftLog:OPENED:c258:last(t:1, i:258), conf=conf: {index: 257, cur=peers:[s0|localhost:15006, s1|0.0.0.0:15010, s2|0.0.0.0:15011]|listeners:[], old=null} RUNNING
2024-09-14 09:39:07,342 [main] INFO  impl.RaftServerTestUtil (RaftServerTestUtil.java:waitAndCheckNewConf(110)) - checking  FOLLOWER s2@group-3CC9820BBA4E:t1, leader=s0, voted=null, raftlog=Memoized:s2@group-3CC9820BBA4E-SegmentedRaftLog:OPENED:c-1:lastnull, conf=conf: {index: 0, cur=peers:[s0|localhost:15006]|listeners:[], old=null} STARTING
2024-09-14 09:39:07,342 [main] WARN  impl.RaftServerTestUtil (JavaUtils.java:attempt(231)) - FAILED "waitAndCheckNewConf", attempt #9/10, sleep 600ms and then retry: java.lang.AssertionError
2024-09-14 09:39:07,943 [main] INFO  impl.RaftServerTestUtil (RaftServerTestUtil.java:waitAndCheckNewConf(101)) - waitAndCheckNewConf: peers=[s1|0.0.0.0:15010, s2|0.0.0.0:15011, s0|localhost:15006], deadPeers=null, printing ALL groups
  s0:  RUNNING    LEADER s0@group-3CC9820BBA4E:t1, leader=s0, voted=s0, raftlog=Memoized:s0@group-3CC9820BBA4E-SegmentedRaftLog:OPENED:c258:last(t:1, i:258), conf=conf: {index: 257, cur=peers:[s0|localhost:15006, s1|0.0.0.0:15010, s2|0.0.0.0:15011]|listeners:[], old=null} RUNNING
  s1:  RUNNING  FOLLOWER s1@group-3CC9820BBA4E:t1, leader=s0, voted=null, raftlog=Memoized:s1@group-3CC9820BBA4E-SegmentedRaftLog:OPENED:c258:last(t:1, i:258), conf=conf: {index: 257, cur=peers:[s0|localhost:15006, s1|0.0.0.0:15010, s2|0.0.0.0:15011]|listeners:[], old=null} RUNNING
  s2:  RUNNING  FOLLOWER s2@group-3CC9820BBA4E:t1, leader=s0, voted=null, raftlog=Memoized:s2@group-3CC9820BBA4E-SegmentedRaftLog:OPENED:c-1:lastnull, conf=conf: {index: 0, cur=peers:[s0|localhost:15006]|listeners:[], old=null} STARTING
2024-09-14 09:39:07,943 [main] INFO  impl.RaftServerTestUtil (RaftServerTestUtil.java:waitAndCheckNewConf(110)) - checking    LEADER s0@group-3CC9820BBA4E:t1, leader=s0, voted=s0, raftlog=Memoized:s0@group-3CC9820BBA4E-SegmentedRaftLog:OPENED:c258:last(t:1, i:258), conf=conf: {index: 257, cur=peers:[s0|localhost:15006, s1|0.0.0.0:15010, s2|0.0.0.0:15011]|listeners:[], old=null} RUNNING
2024-09-14 09:39:07,943 [main] INFO  impl.RaftServerTestUtil (RaftServerTestUtil.java:waitAndCheckNewConf(110)) - checking  FOLLOWER s1@group-3CC9820BBA4E:t1, leader=s0, voted=null, raftlog=Memoized:s1@group-3CC9820BBA4E-SegmentedRaftLog:OPENED:c258:last(t:1, i:258), conf=conf: {index: 257, cur=peers:[s0|localhost:15006, s1|0.0.0.0:15010, s2|0.0.0.0:15011]|listeners:[], old=null} RUNNING
2024-09-14 09:39:07,944 [main] INFO  impl.RaftServerTestUtil (RaftServerTestUtil.java:waitAndCheckNewConf(110)) - checking  FOLLOWER s2@group-3CC9820BBA4E:t1, leader=s0, voted=null, raftlog=Memoized:s2@group-3CC9820BBA4E-SegmentedRaftLog:OPENED:c-1:lastnull, conf=conf: {index: 0, cur=peers:[s0|localhost:15006]|listeners:[], old=null} STARTING
2024-09-14 09:39:07,944 [main] INFO  impl.MiniRaftCluster (MiniRaftCluster.java:shutdown(837)) - ************************************************************** 
2024-09-14 09:39:07,944 [main] INFO  impl.MiniRaftCluster (MiniRaftCluster.java:shutdown(838)) - *** 
2024-09-14 09:39:07,944 [main] INFO  impl.MiniRaftCluster (MiniRaftCluster.java:shutdown(839)) - ***     Stopping MiniRaftClusterWithGrpc
2024-09-14 09:39:07,944 [main] INFO  impl.MiniRaftCluster (MiniRaftCluster.java:shutdown(840)) - *** 
2024-09-14 09:39:07,944 [main] INFO  impl.MiniRaftCluster (MiniRaftCluster.java:shutdown(841)) - ************************************************************** 
2024-09-14 09:39:07,944 [main] INFO  impl.MiniRaftCluster (MiniRaftCluster.java:shutdown(842)) - printing ALL groups
  s0:  RUNNING    LEADER s0@group-3CC9820BBA4E:t1, leader=s0, voted=s0, raftlog=Memoized:s0@group-3CC9820BBA4E-SegmentedRaftLog:OPENED:c258:last(t:1, i:258), conf=conf: {index: 257, cur=peers:[s0|localhost:15006, s1|0.0.0.0:15010, s2|0.0.0.0:15011]|listeners:[], old=null} RUNNING
  s1:  RUNNING  FOLLOWER s1@group-3CC9820BBA4E:t1, leader=s0, voted=null, raftlog=Memoized:s1@group-3CC9820BBA4E-SegmentedRaftLog:OPENED:c258:last(t:1, i:258), conf=conf: {index: 257, cur=peers:[s0|localhost:15006, s1|0.0.0.0:15010, s2|0.0.0.0:15011]|listeners:[], old=null} RUNNING
  s2:  RUNNING  FOLLOWER s2@group-3CC9820BBA4E:t1, leader=s0, voted=null, raftlog=Memoized:s2@group-3CC9820BBA4E-SegmentedRaftLog:OPENED:c-1:lastnull, conf=conf: {index: 0, cur=peers:[s0|localhost:15006]|listeners:[], old=null} STARTING
2024-09-14 09:39:07,945 [MiniRaftCluster-4] INFO  server.RaftServer (RaftServerProxy.java:lambda$close$9(418)) - s0: close
2024-09-14 09:39:07,945 [MiniRaftCluster-5] INFO  server.RaftServer (RaftServerProxy.java:lambda$close$9(418)) - s1: close
2024-09-14 09:39:07,945 [MiniRaftCluster-4] INFO  server.GrpcService (GrpcService.java:closeImpl(349)) - s0: shutdown server org.apache.ratis.grpc.server.GrpcClientProtocolService now
2024-09-14 09:39:07,945 [s0-impl-thread1] INFO  server.RaftServer$Division (RaftServerImpl.java:lambda$close$1(510)) - s0@group-3CC9820BBA4E: shutdown
2024-09-14 09:39:07,945 [MiniRaftCluster-6] INFO  server.RaftServer (RaftServerProxy.java:lambda$close$9(418)) - s2: close
2024-09-14 09:39:07,946 [s0-impl-thread1] INFO  util.JmxRegister (JmxRegister.java:unregister(74)) - Successfully un-registered JMX Bean with object name Ratis:service=RaftServer,group=group-3CC9820BBA4E,id=s0
2024-09-14 09:39:07,946 [s0-impl-thread1] INFO  impl.RoleInfo (RoleInfo.java:shutdownLeaderState(103)) - s0: shutdown s0@group-3CC9820BBA4E-LeaderStateImpl
2024-09-14 09:39:07,946 [s1-impl-thread1] INFO  server.RaftServer$Division (RaftServerImpl.java:lambda$close$1(510)) - s1@group-3CC9820BBA4E: shutdown
2024-09-14 09:39:07,946 [MiniRaftCluster-5] INFO  server.GrpcService (GrpcService.java:closeImpl(349)) - s1: shutdown server GrpcServerProtocolService now
2024-09-14 09:39:07,946 [s1-impl-thread1] INFO  util.JmxRegister (JmxRegister.java:unregister(74)) - Successfully un-registered JMX Bean with object name Ratis:service=RaftServer,group=group-3CC9820BBA4E,id=s1
2024-09-14 09:39:07,946 [s1-impl-thread1] INFO  impl.RoleInfo (RoleInfo.java:shutdownFollowerState(119)) - s1: shutdown s1@group-3CC9820BBA4E-FollowerState
2024-09-14 09:39:07,946 [s0-impl-thread1] INFO  impl.PendingRequests (PendingRequests.java:sendNotLeaderResponses(287)) - s0@group-3CC9820BBA4E-PendingRequests: sendNotLeaderResponses
2024-09-14 09:39:07,946 [s1@group-3CC9820BBA4E-FollowerState] INFO  impl.FollowerState (FollowerState.java:run(153)) - s1@group-3CC9820BBA4E-FollowerState was interrupted
2024-09-14 09:39:07,946 [s1-impl-thread1] INFO  impl.StateMachineUpdater (StateMachineUpdater.java:stopAndJoin(164)) - s1@group-3CC9820BBA4E-StateMachineUpdater: set stopIndex = 258
2024-09-14 09:39:07,947 [s0@group-3CC9820BBA4E->s2-GrpcLogAppender-LogAppenderDaemon] WARN  server.GrpcLogAppender (GrpcLogAppender.java:installSnapshot(779)) - s0@group-3CC9820BBA4E->s2-GrpcLogAppender: failed to installSnapshot FileListSnapshotInfo(t:1, i:191):[/home/runner/work/ratis/ratis/ratis-test/target/test/data/c75294bd/MiniRaftClusterWithGrpc437c29fe/s0/ba30cfb9-f514-478c-92bf-3cc9820bba4e/sm/snapshot/1.bin, /home/runner/work/ratis/ratis/ratis-test/target/test/data/c75294bd/MiniRaftClusterWithGrpc437c29fe/s0/ba30cfb9-f514-478c-92bf-3cc9820bba4e/sm/snapshot/sub/2.bin, /home/runner/work/ratis/ratis/ratis-test/target/test/data/c75294bd/MiniRaftClusterWithGrpc437c29fe/s0/ba30cfb9-f514-478c-92bf-3cc9820bba4e/sm/snapshot.1_191]
java.lang.IllegalStateException: Interrupted onNext s0->s2#0-t1,chunk:acdb1b30-f090-4fd9-9ac5-9311a994bf84,10
	at org.apache.ratis.grpc.util.StreamObserverWithTimeout.acquire(StreamObserverWithTimeout.java:90)
	at org.apache.ratis.grpc.util.StreamObserverWithTimeout.onNext(StreamObserverWithTimeout.java:102)
	at org.apache.ratis.grpc.server.GrpcLogAppender.installSnapshot(GrpcLogAppender.java:769)
	at org.apache.ratis.grpc.server.GrpcLogAppender.installSnapshot(GrpcLogAppender.java:242)
	at org.apache.ratis.grpc.server.GrpcLogAppender.run(GrpcLogAppender.java:261)
	at org.apache.ratis.server.leader.LogAppenderDaemon.run(LogAppenderDaemon.java:80)
	at java.lang.Thread.run(Thread.java:750)
Caused by: java.lang.InterruptedException
	at java.util.concurrent.locks.AbstractQueuedSynchronizer.doAcquireSharedNanos(AbstractQueuedSynchronizer.java:1039)
	at java.util.concurrent.locks.AbstractQueuedSynchronizer.tryAcquireSharedNanos(AbstractQueuedSynchronizer.java:1328)
	at java.util.concurrent.Semaphore.tryAcquire(Semaphore.java:409)
	at org.apache.ratis.grpc.util.StreamObserverWithTimeout.acquire(StreamObserverWithTimeout.java:87)
	... 6 more
2024-09-14 09:39:07,949 [Thread-104] INFO  server.GrpcServerProtocolClient (GrpcServerProtocolClient.java:close(105)) - s1 Close channels
2024-09-14 09:39:07,950 [s0@group-3CC9820BBA4E->s2-GrpcLogAppender-LogAppenderDaemon] WARN  server.GrpcLogAppender (GrpcLogAppender.java:mayWait(293)) - s0@group-3CC9820BBA4E->s2-GrpcLogAppender: Wait interrupted by java.lang.InterruptedException
2024-09-14 09:39:07,949 [s2-impl-thread1] INFO  server.RaftServer$Division (RaftServerImpl.java:lambda$close$1(510)) - s2@group-3CC9820BBA4E: shutdown
2024-09-14 09:39:07,954 [s2-impl-thread1] INFO  util.JmxRegister (JmxRegister.java:unregister(74)) - Successfully un-registered JMX Bean with object name Ratis:service=RaftServer,group=group-3CC9820BBA4E,id=s2
2024-09-14 09:39:07,954 [s2-impl-thread1] INFO  impl.StateMachineUpdater (StateMachineUpdater.java:stopAndJoin(164)) - s2@group-3CC9820BBA4E-StateMachineUpdater: set stopIndex = -1
2024-09-14 09:39:07,954 [s2@group-3CC9820BBA4E-StateMachineUpdater] INFO  impl.StateMachineUpdater (StateMachineUpdater.java:stop(141)) - s2@group-3CC9820BBA4E-StateMachineUpdater: closing StateMachineWithMultiNestedSnapshotFile, lastApplied=(t:0, i:~)
2024-09-14 09:39:07,949 [s0@group-3CC9820BBA4E->s1-GrpcLogAppender-LogAppenderDaemon] WARN  server.GrpcLogAppender (GrpcLogAppender.java:mayWait(293)) - s0@group-3CC9820BBA4E->s1-GrpcLogAppender: Wait interrupted by java.lang.InterruptedException
2024-09-14 09:39:07,949 [MiniRaftCluster-6] INFO  server.GrpcService (GrpcService.java:closeImpl(349)) - s2: shutdown server GrpcServerProtocolService now
2024-09-14 09:39:07,955 [grpc-default-executor-3] WARN  server.GrpcServerProtocolService (LogUtils.java:warn(121)) - s1: APPEND_ENTRIES onError, lastRequest: s0->s1#7-t1,previous=(t:1, i:257),leaderCommit=257,initializing? false,entries: size=1, first=(t:1, i:258), METADATAENTRY(c:257): org.apache.ratis.thirdparty.io.grpc.StatusRuntimeException: CANCELLED: client cancelled
2024-09-14 09:39:07,948 [s1@group-3CC9820BBA4E-StateMachineUpdater] INFO  segmented.BufferedWriteChannel (BufferedWriteChannel.java:open(61)) - open snapshot.1_258 at position 0
2024-09-14 09:39:07,958 [grpc-default-executor-3] INFO  server.GrpcServerProtocolService (GrpcServerProtocolService.java:onCompleted(200)) - s1: Completed APPEND_ENTRIES, lastRequest: null
2024-09-14 09:39:07,959 [grpc-default-executor-1] INFO  server.GrpcLogAppender (GrpcLogAppender.java:onError(546)) - s0@group-3CC9820BBA4E->s1-GrpcLogAppender is already stopped
2024-09-14 09:39:07,959 [grpc-default-executor-3] INFO  server.GrpcServerProtocolService (GrpcServerProtocolService.java:lambda$onCompleted$7(202)) - s1: Completed APPEND_ENTRIES, lastReply: serverReply {
  requestorId: "s0"
  replyId: "s1"
  raftGroupId {
    id: "\2720\317\271\365\024G\214\222\277<\311\202\v\272N"
  }
  callId: 78
  success: true
}
term: 1
nextIndex: 259
followerCommit: 258
matchIndex: 18446744073709551615
isHearbeat: true

2024-09-14 09:39:07,959 [grpc-default-executor-2] INFO  server.GrpcServerProtocolService (GrpcServerProtocolService.java:onCompleted(200)) - s2: Completed APPEND_ENTRIES, lastRequest: null
2024-09-14 09:39:07,959 [grpc-default-executor-2] INFO  server.GrpcServerProtocolService (GrpcServerProtocolService.java:lambda$onCompleted$7(202)) - s2: Completed APPEND_ENTRIES, lastReply: null
2024-09-14 09:39:07,959 [MiniRaftCluster-5] INFO  server.GrpcService (GrpcService.java:closeImpl(358)) - s1: shutdown server GrpcServerProtocolService successfully
2024-09-14 09:39:07,960 [Thread-105] INFO  server.GrpcServerProtocolClient (GrpcServerProtocolClient.java:close(105)) - s2 Close channels
2024-09-14 09:39:07,960 [grpc-default-executor-2] INFO  server.GrpcLogAppender (GrpcLogAppender.java:onCompleted(559)) - s0@group-3CC9820BBA4E->s2-AppendLogResponseHandler: follower responses appendEntries COMPLETED
2024-09-14 09:39:07,960 [grpc-default-executor-2] WARN  server.GrpcLogAppender (GrpcLogAppender.java:resetClient(230)) - s0@group-3CC9820BBA4E->s2-GrpcLogAppender: Failed to getClient for s2
org.apache.ratis.protocol.exceptions.AlreadyClosedException: s0 is already CLOSED
	at org.apache.ratis.util.PeerProxyMap$PeerAndProxy.getProxy(PeerProxyMap.java:67)
	at org.apache.ratis.util.PeerProxyMap.getProxy(PeerProxyMap.java:124)
	at org.apache.ratis.grpc.server.GrpcLogAppender.getClient(GrpcLogAppender.java:200)
	at org.apache.ratis.grpc.server.GrpcLogAppender.resetClient(GrpcLogAppender.java:205)
	at org.apache.ratis.grpc.server.GrpcLogAppender.access$800(GrpcLogAppender.java:64)
	at org.apache.ratis.grpc.server.GrpcLogAppender$AppendLogResponseHandler.onCompleted(GrpcLogAppender.java:560)
	at org.apache.ratis.thirdparty.io.grpc.stub.ClientCalls$StreamObserverToCallListenerAdapter.onClose(ClientCalls.java:479)
	at org.apache.ratis.thirdparty.io.grpc.internal.ClientCallImpl.closeObserver(ClientCallImpl.java:567)
	at org.apache.ratis.thirdparty.io.grpc.internal.ClientCallImpl.access$300(ClientCallImpl.java:71)
	at org.apache.ratis.thirdparty.io.grpc.internal.ClientCallImpl$ClientStreamListenerImpl$1StreamClosed.runInternal(ClientCallImpl.java:735)
	at org.apache.ratis.thirdparty.io.grpc.internal.ClientCallImpl$ClientStreamListenerImpl$1StreamClosed.runInContext(ClientCallImpl.java:716)
	at org.apache.ratis.thirdparty.io.grpc.internal.ContextRunnable.run(ContextRunnable.java:37)
	at org.apache.ratis.thirdparty.io.grpc.internal.SerializingExecutor.run(SerializingExecutor.java:133)
	at java.util.concurrent.ThreadPoolExecutor.runWorker(ThreadPoolExecutor.java:1149)
	at java.util.concurrent.ThreadPoolExecutor$Worker.run(ThreadPoolExecutor.java:624)
	at java.lang.Thread.run(Thread.java:750)
2024-09-14 09:39:07,961 [s0-impl-thread1] INFO  impl.StateMachineUpdater (StateMachineUpdater.java:stopAndJoin(164)) - s0@group-3CC9820BBA4E-StateMachineUpdater: set stopIndex = 258
2024-09-14 09:39:07,960 [s2@group-3CC9820BBA4E-cacheEviction-AwaitToRun] INFO  util.AwaitToRun (AwaitToRun.java:run(49)) - s2@group-3CC9820BBA4E-cacheEviction-AwaitToRun-AwaitForSignal is interrupted
2024-09-14 09:39:07,962 [MiniRaftCluster-6] INFO  server.GrpcService (GrpcService.java:closeImpl(358)) - s2: shutdown server GrpcServerProtocolService successfully
2024-09-14 09:39:07,965 [grpc-default-executor-1] INFO  server.GrpcLogAppender (GrpcLogAppender.java:onError(546)) - s0@group-3CC9820BBA4E->s1-GrpcLogAppender is already stopped
2024-09-14 09:39:07,966 [s0@group-3CC9820BBA4E-StateMachineUpdater] INFO  segmented.BufferedWriteChannel (BufferedWriteChannel.java:open(61)) - open snapshot.1_258 at position 0
2024-09-14 09:39:07,969 [s1@group-3CC9820BBA4E-StateMachineUpdater] TRACE util.FileUtils (LogUtils.java:supplyAndLog(69)) - Successfully supplied FileChannel.open /home/runner/work/ratis/ratis/ratis-test/target/test/data/c75294bd/MiniRaftClusterWithGrpc437c29fe/s1/ba30cfb9-f514-478c-92bf-3cc9820bba4e/sm/snapshot.1_258 with options [READ]: sun.nio.ch.FileChannelImpl@25c7f99
2024-09-14 09:39:07,970 [s1@group-3CC9820BBA4E-StateMachineUpdater] TRACE util.FileUtils (LogUtils.java:supplyAndLog(69)) - Successfully supplied FileChannel.open /home/runner/work/ratis/ratis/ratis-test/target/test/data/c75294bd/MiniRaftClusterWithGrpc437c29fe/s1/ba30cfb9-f514-478c-92bf-3cc9820bba4e/sm/snapshot.1_258.md5.tmp with options [CREATE, WRITE]: sun.nio.ch.FileChannelImpl@20a3fd57
2024-09-14 09:39:07,974 [s1@group-3CC9820BBA4E-StateMachineUpdater] TRACE util.FileUtils (LogUtils.java:runAndLog(49)) - Successfully ran Atomic Files.move /home/runner/work/ratis/ratis/ratis-test/target/test/data/c75294bd/MiniRaftClusterWithGrpc437c29fe/s1/ba30cfb9-f514-478c-92bf-3cc9820bba4e/sm/snapshot.1_258.md5.tmp to /home/runner/work/ratis/ratis/ratis-test/target/test/data/c75294bd/MiniRaftClusterWithGrpc437c29fe/s1/ba30cfb9-f514-478c-92bf-3cc9820bba4e/sm/snapshot.1_258.md5 with options [REPLACE_EXISTING]
2024-09-14 09:39:07,974 [s1@group-3CC9820BBA4E-StateMachineUpdater] INFO  impl.StateMachineUpdater (StateMachineUpdater.java:takeSnapshot(308)) - s1@group-3CC9820BBA4E-StateMachineUpdater: Took a snapshot at index 258
2024-09-14 09:39:07,974 [s1@group-3CC9820BBA4E-StateMachineUpdater] INFO  impl.StateMachineUpdater (StateMachineUpdater.java:lambda$new$0(102)) - s1@group-3CC9820BBA4E-StateMachineUpdater: snapshotIndex: updateIncreasingly 255 -> 258
2024-09-14 09:39:07,974 [s1@group-3CC9820BBA4E-StateMachineUpdater] INFO  impl.StateMachineUpdater (StateMachineUpdater.java:stop(141)) - s1@group-3CC9820BBA4E-StateMachineUpdater: closing StateMachineWithMultiNestedSnapshotFile, lastApplied=(t:1, i:258)
2024-09-14 09:39:07,974 [grpc-default-executor-2] INFO  server.GrpcLogAppender (GrpcLogAppender.java:onError(546)) - s0@group-3CC9820BBA4E->s2-GrpcLogAppender is already stopped
2024-09-14 09:39:07,975 [s1@group-3CC9820BBA4E-cacheEviction-AwaitToRun] INFO  util.AwaitToRun (AwaitToRun.java:run(49)) - s1@group-3CC9820BBA4E-cacheEviction-AwaitToRun-AwaitForSignal is interrupted
2024-09-14 09:39:07,978 [s0@group-3CC9820BBA4E-StateMachineUpdater] TRACE util.FileUtils (LogUtils.java:supplyAndLog(69)) - Successfully supplied FileChannel.open /home/runner/work/ratis/ratis/ratis-test/target/test/data/c75294bd/MiniRaftClusterWithGrpc437c29fe/s0/ba30cfb9-f514-478c-92bf-3cc9820bba4e/sm/snapshot.1_258 with options [READ]: sun.nio.ch.FileChannelImpl@7199ae95
2024-09-14 09:39:07,978 [s0@group-3CC9820BBA4E-StateMachineUpdater] TRACE util.FileUtils (LogUtils.java:supplyAndLog(69)) - Successfully supplied FileChannel.open /home/runner/work/ratis/ratis/ratis-test/target/test/data/c75294bd/MiniRaftClusterWithGrpc437c29fe/s0/ba30cfb9-f514-478c-92bf-3cc9820bba4e/sm/snapshot.1_258.md5.tmp with options [CREATE, WRITE]: sun.nio.ch.FileChannelImpl@71f2a0a1
2024-09-14 09:39:07,979 [s0@group-3CC9820BBA4E-StateMachineUpdater] TRACE util.FileUtils (LogUtils.java:runAndLog(49)) - Successfully ran Atomic Files.move /home/runner/work/ratis/ratis/ratis-test/target/test/data/c75294bd/MiniRaftClusterWithGrpc437c29fe/s0/ba30cfb9-f514-478c-92bf-3cc9820bba4e/sm/snapshot.1_258.md5.tmp to /home/runner/work/ratis/ratis/ratis-test/target/test/data/c75294bd/MiniRaftClusterWithGrpc437c29fe/s0/ba30cfb9-f514-478c-92bf-3cc9820bba4e/sm/snapshot.1_258.md5 with options [REPLACE_EXISTING]
2024-09-14 09:39:07,979 [s0@group-3CC9820BBA4E-StateMachineUpdater] INFO  impl.StateMachineUpdater (StateMachineUpdater.java:takeSnapshot(308)) - s0@group-3CC9820BBA4E-StateMachineUpdater: Took a snapshot at index 258
2024-09-14 09:39:07,979 [s0@group-3CC9820BBA4E-StateMachineUpdater] INFO  impl.StateMachineUpdater (StateMachineUpdater.java:lambda$new$0(102)) - s0@group-3CC9820BBA4E-StateMachineUpdater: snapshotIndex: updateIncreasingly 255 -> 258
2024-09-14 09:39:07,979 [s0@group-3CC9820BBA4E-StateMachineUpdater] INFO  raftlog.RaftLog (RaftLogBase.java:purge(329)) - s0@group-3CC9820BBA4E-SegmentedRaftLog: purge 258
2024-09-14 09:39:07,979 [s0@group-3CC9820BBA4E-StateMachineUpdater] INFO  raftlog.RaftLog (RaftLogBase.java:lambda$new$0(57)) - s0@group-3CC9820BBA4E-SegmentedRaftLog: snapshotIndex: updateIncreasingly 191 -> 258
2024-09-14 09:39:07,979 [s0@group-3CC9820BBA4E-StateMachineUpdater] INFO  raftlog.RaftLog (RaftLogBase.java:lambda$new$0(57)) - s0@group-3CC9820BBA4E-SegmentedRaftLog: purgeIndex: updateToMax old=191, new=258, updated? true
2024-09-14 09:39:07,980 [s0@group-3CC9820BBA4E-StateMachineUpdater] INFO  impl.StateMachineUpdater (StateMachineUpdater.java:stop(141)) - s0@group-3CC9820BBA4E-StateMachineUpdater: closing StateMachineWithMultiNestedSnapshotFile, lastApplied=(t:1, i:258)
2024-09-14 09:39:07,980 [s0@group-3CC9820BBA4E-cacheEviction-AwaitToRun] INFO  util.AwaitToRun (AwaitToRun.java:run(49)) - s0@group-3CC9820BBA4E-cacheEviction-AwaitToRun-AwaitForSignal is interrupted
2024-09-14 09:39:07,982 [MiniRaftCluster-4] INFO  server.GrpcService (GrpcService.java:closeImpl(358)) - s0: shutdown server org.apache.ratis.grpc.server.GrpcClientProtocolService successfully
2024-09-14 09:39:07,982 [MiniRaftCluster-4] INFO  server.GrpcService (GrpcService.java:closeImpl(349)) - s0: shutdown server GrpcServerProtocolService now
2024-09-14 09:39:07,982 [MiniRaftCluster-4] INFO  server.GrpcService (GrpcService.java:closeImpl(358)) - s0: shutdown server GrpcServerProtocolService successfully
2024-09-14 09:39:07,982 [MiniRaftCluster-4] INFO  server.GrpcService (GrpcService.java:closeImpl(349)) - s0: shutdown server org.apache.ratis.grpc.server.GrpcAdminProtocolService now
2024-09-14 09:39:07,983 [MiniRaftCluster-4] INFO  server.GrpcService (GrpcService.java:closeImpl(358)) - s0: shutdown server org.apache.ratis.grpc.server.GrpcAdminProtocolService successfully
2024-09-14 09:39:08,373 [s2-impl-thread1] INFO  segmented.SegmentedRaftLogWorker (SegmentedRaftLogWorker.java:close(251)) - s2@group-3CC9820BBA4E-SegmentedRaftLogWorker close()
2024-09-14 09:39:08,374 [JvmPauseMonitor5] INFO  util.JvmPauseMonitor (JvmPauseMonitor.java:run(152)) - JvmPauseMonitor-s2: Stopped
2024-09-14 09:39:08,502 [s0-impl-thread1] INFO  segmented.SegmentedRaftLogWorker (SegmentedRaftLogWorker.java:close(251)) - s0@group-3CC9820BBA4E-SegmentedRaftLogWorker close()
2024-09-14 09:39:08,503 [JvmPauseMonitor3] INFO  util.JvmPauseMonitor (JvmPauseMonitor.java:run(152)) - JvmPauseMonitor-s0: Stopped
2024-09-14 09:39:08,519 [s1-impl-thread1] INFO  segmented.SegmentedRaftLogWorker (SegmentedRaftLogWorker.java:close(251)) - s1@group-3CC9820BBA4E-SegmentedRaftLogWorker close()
2024-09-14 09:39:08,520 [JvmPauseMonitor4] INFO  util.JvmPauseMonitor (JvmPauseMonitor.java:run(152)) - JvmPauseMonitor-s1: Stopped
2024-09-14 09:39:08,520 [main] INFO  impl.MiniRaftCluster (MiniRaftCluster.java:shutdown(861)) - MiniRaftClusterWithGrpc shutdown completed
2024-09-14 09:39:08,520 [main] INFO  ratis.RaftTestUtil (RaftTestUtil.java:gc(593)) - gc 0
2024-09-14 09:39:08,686 [main] INFO  impl.MiniRaftCluster (MiniRaftClusterWithGrpc.java:lambda$null$2(99)) - Checking s0-group-3CC9820BBA4E
2024-09-14 09:39:08,686 [main] INFO  impl.MiniRaftCluster (MiniRaftClusterWithGrpc.java:lambda$null$2(99)) - Checking s1-group-3CC9820BBA4E
2024-09-14 09:39:08,686 [main] INFO  impl.MiniRaftCluster (MiniRaftClusterWithGrpc.java:lambda$null$2(99)) - Checking s2-group-3CC9820BBA4E
]]></system-out>
  </testcase>
  <testcase name="testInstallSnapshotLeaderSwitch(Boolean)[1]" classname="org.apache.ratis.grpc.TestLeaderInstallSnapshotWithGrpc" time="3.709"/>
  <testcase name="testInstallSnapshotLeaderSwitch(Boolean)[2]" classname="org.apache.ratis.grpc.TestLeaderInstallSnapshotWithGrpc" time="5.373"/>
  <testcase name="testSeparateSnapshotInstallPath(Boolean)[1]" classname="org.apache.ratis.grpc.TestLeaderInstallSnapshotWithGrpc" time="2.04"/>
  <testcase name="testSeparateSnapshotInstallPath(Boolean)[2]" classname="org.apache.ratis.grpc.TestLeaderInstallSnapshotWithGrpc" time="1.975"/>
</testsuite>