<?xml version="1.0" encoding="UTF-8"?>
<testsuite xmlns:xsi="http://www.w3.org/2001/XMLSchema-instance" xsi:noNamespaceSchemaLocation="https://maven.apache.org/surefire/maven-surefire-plugin/xsd/surefire-test-report.xsd" name="org.apache.ratis.grpc.TestLogAppenderWithGrpc" time="42.74" tests="10" errors="0" skipped="0" failures="1">
  <properties>
    <property name="awt.toolkit" value="sun.awt.X11.XToolkit"/>
    <property name="java.specification.version" value="11"/>
    <property name="sun.cpu.isalist" value=""/>
    <property name="sun.jnu.encoding" value="UTF-8"/>
    <property name="java.class.path" value="/home/runner/work/ratis/ratis/ratis-test/target/test-classes:/home/runner/work/ratis/ratis/ratis-test/target/classes:/home/runner/work/ratis/ratis/ratis-common/target/classes:/home/runner/.m2/repository/org/apache/ratis/ratis-thirdparty-misc/1.0.3/ratis-thirdparty-misc-1.0.3.jar:/home/runner/work/ratis/ratis/ratis-proto/target/ratis-proto-3.0.0-SNAPSHOT.jar:/home/runner/work/ratis/ratis/ratis-common/target/test-classes:/home/runner/work/ratis/ratis/ratis-client/target/classes:/home/runner/work/ratis/ratis/ratis-server/target/classes:/home/runner/work/ratis/ratis/ratis-server-api/target/classes:/home/runner/work/ratis/ratis/ratis-metrics-api/target/classes:/home/runner/work/ratis/ratis/ratis-server/target/test-classes:/home/runner/work/ratis/ratis/ratis-metrics-default/target/classes:/home/runner/work/ratis/ratis/ratis-netty/target/classes:/home/runner/work/ratis/ratis/ratis-netty/target/test-classes:/home/runner/work/ratis/ratis/ratis-grpc/target/classes:/home/runner/work/ratis/ratis/ratis-grpc/target/test-classes:/home/runner/work/ratis/ratis/ratis-shell/target/classes:/home/runner/.m2/repository/commons-cli/commons-cli/1.5.0/commons-cli-1.5.0.jar:/home/runner/.m2/repository/org/reflections/reflections/0.10.2/reflections-0.10.2.jar:/home/runner/.m2/repository/org/javassist/javassist/3.28.0-GA/javassist-3.28.0-GA.jar:/home/runner/.m2/repository/com/google/code/findbugs/jsr305/3.0.2/jsr305-3.0.2.jar:/home/runner/.m2/repository/org/bouncycastle/bcprov-jdk15on/1.70/bcprov-jdk15on-1.70.jar:/home/runner/.m2/repository/org/bouncycastle/bcpkix-jdk15on/1.70/bcpkix-jdk15on-1.70.jar:/home/runner/.m2/repository/org/bouncycastle/bcutil-jdk15on/1.70/bcutil-jdk15on-1.70.jar:/home/runner/.m2/repository/org/slf4j/slf4j-api/1.7.36/slf4j-api-1.7.36.jar:/home/runner/.m2/repository/org/slf4j/slf4j-reload4j/1.7.36/slf4j-reload4j-1.7.36.jar:/home/runner/.m2/repository/ch/qos/reload4j/reload4j/1.2.19/reload4j-1.2.19.jar:/home/runner/.m2/repository/junit/junit/4.13.2/junit-4.13.2.jar:/home/runner/.m2/repository/org/hamcrest/hamcrest-core/1.3/hamcrest-core-1.3.jar:/home/runner/.m2/repository/org/mockito/mockito-core/4.3.1/mockito-core-4.3.1.jar:/home/runner/.m2/repository/net/bytebuddy/byte-buddy/1.12.7/byte-buddy-1.12.7.jar:/home/runner/.m2/repository/net/bytebuddy/byte-buddy-agent/1.12.7/byte-buddy-agent-1.12.7.jar:/home/runner/.m2/repository/org/objenesis/objenesis/3.2/objenesis-3.2.jar:"/>
    <property name="java.vm.vendor" value="Eclipse Adoptium"/>
    <property name="sun.arch.data.model" value="64"/>
    <property name="java.vendor.url" value="https://adoptium.net/"/>
    <property name="user.timezone" value=""/>
    <property name="java.vm.specification.version" value="11"/>
    <property name="os.name" value="Linux"/>
    <property name="sun.java.launcher" value="SUN_STANDARD"/>
    <property name="sun.boot.library.path" value="/usr/lib/jvm/temurin-11-jdk-amd64/lib"/>
    <property name="sun.java.command" value="/home/runner/work/ratis/ratis/ratis-test/target/surefire/surefirebooter13278864188165702996.jar /home/runner/work/ratis/ratis/ratis-test/target/surefire 2023-03-03T03-22-56_176-jvmRun1 surefire15315583097727653644tmp surefire_1711991885173159013760tmp"/>
    <property name="jdk.debug" value="release"/>
    <property name="surefire.test.class.path" value="/home/runner/work/ratis/ratis/ratis-test/target/test-classes:/home/runner/work/ratis/ratis/ratis-test/target/classes:/home/runner/work/ratis/ratis/ratis-common/target/classes:/home/runner/.m2/repository/org/apache/ratis/ratis-thirdparty-misc/1.0.3/ratis-thirdparty-misc-1.0.3.jar:/home/runner/work/ratis/ratis/ratis-proto/target/ratis-proto-3.0.0-SNAPSHOT.jar:/home/runner/work/ratis/ratis/ratis-common/target/test-classes:/home/runner/work/ratis/ratis/ratis-client/target/classes:/home/runner/work/ratis/ratis/ratis-server/target/classes:/home/runner/work/ratis/ratis/ratis-server-api/target/classes:/home/runner/work/ratis/ratis/ratis-metrics-api/target/classes:/home/runner/work/ratis/ratis/ratis-server/target/test-classes:/home/runner/work/ratis/ratis/ratis-metrics-default/target/classes:/home/runner/work/ratis/ratis/ratis-netty/target/classes:/home/runner/work/ratis/ratis/ratis-netty/target/test-classes:/home/runner/work/ratis/ratis/ratis-grpc/target/classes:/home/runner/work/ratis/ratis/ratis-grpc/target/test-classes:/home/runner/work/ratis/ratis/ratis-shell/target/classes:/home/runner/.m2/repository/commons-cli/commons-cli/1.5.0/commons-cli-1.5.0.jar:/home/runner/.m2/repository/org/reflections/reflections/0.10.2/reflections-0.10.2.jar:/home/runner/.m2/repository/org/javassist/javassist/3.28.0-GA/javassist-3.28.0-GA.jar:/home/runner/.m2/repository/com/google/code/findbugs/jsr305/3.0.2/jsr305-3.0.2.jar:/home/runner/.m2/repository/org/bouncycastle/bcprov-jdk15on/1.70/bcprov-jdk15on-1.70.jar:/home/runner/.m2/repository/org/bouncycastle/bcpkix-jdk15on/1.70/bcpkix-jdk15on-1.70.jar:/home/runner/.m2/repository/org/bouncycastle/bcutil-jdk15on/1.70/bcutil-jdk15on-1.70.jar:/home/runner/.m2/repository/org/slf4j/slf4j-api/1.7.36/slf4j-api-1.7.36.jar:/home/runner/.m2/repository/org/slf4j/slf4j-reload4j/1.7.36/slf4j-reload4j-1.7.36.jar:/home/runner/.m2/repository/ch/qos/reload4j/reload4j/1.2.19/reload4j-1.2.19.jar:/home/runner/.m2/repository/junit/junit/4.13.2/junit-4.13.2.jar:/home/runner/.m2/repository/org/hamcrest/hamcrest-core/1.3/hamcrest-core-1.3.jar:/home/runner/.m2/repository/org/mockito/mockito-core/4.3.1/mockito-core-4.3.1.jar:/home/runner/.m2/repository/net/bytebuddy/byte-buddy/1.12.7/byte-buddy-1.12.7.jar:/home/runner/.m2/repository/net/bytebuddy/byte-buddy-agent/1.12.7/byte-buddy-agent-1.12.7.jar:/home/runner/.m2/repository/org/objenesis/objenesis/3.2/objenesis-3.2.jar:"/>
    <property name="sun.cpu.endian" value="little"/>
    <property name="user.home" value="/home/runner"/>
    <property name="user.language" value="en"/>
    <property name="java.specification.vendor" value="Oracle Corporation"/>
    <property name="java.version.date" value="2023-01-17"/>
    <property name="java.home" value="/usr/lib/jvm/temurin-11-jdk-amd64"/>
    <property name="file.separator" value="/"/>
    <property name="basedir" value="/home/runner/work/ratis/ratis/ratis-test"/>
    <property name="java.vm.compressedOopsMode" value="32-bit"/>
    <property name="line.separator" value="&#10;"/>
    <property name="java.specification.name" value="Java Platform API Specification"/>
    <property name="java.vm.specification.vendor" value="Oracle Corporation"/>
    <property name="java.awt.graphicsenv" value="sun.awt.X11GraphicsEnvironment"/>
    <property name="surefire.real.class.path" value="/home/runner/work/ratis/ratis/ratis-test/target/surefire/surefirebooter13278864188165702996.jar"/>
    <property name="sun.management.compiler" value="HotSpot 64-Bit Tiered Compilers"/>
    <property name="java.runtime.version" value="11.0.18+10"/>
    <property name="user.name" value="runner"/>
    <property name="java.net.preferIPv4Stack" value="true"/>
    <property name="path.separator" value=":"/>
    <property name="os.version" value="5.15.0-1033-azure"/>
    <property name="java.runtime.name" value="OpenJDK Runtime Environment"/>
    <property name="file.encoding" value="UTF-8"/>
    <property name="java.vm.name" value="OpenJDK 64-Bit Server VM"/>
    <property name="java.vendor.version" value="Temurin-11.0.18+10"/>
    <property name="localRepository" value="/home/runner/.m2/repository"/>
    <property name="java.vendor.url.bug" value="https://github.com/adoptium/adoptium-support/issues"/>
    <property name="java.io.tmpdir" value="/tmp"/>
    <property name="java.version" value="11.0.18"/>
    <property name="user.dir" value="/home/runner/work/ratis/ratis/ratis-test"/>
    <property name="os.arch" value="amd64"/>
    <property name="ratis.tmp.dir" value="/home/runner/work/ratis/ratis/ratis-test/target/tmp"/>
    <property name="java.vm.specification.name" value="Java Virtual Machine Specification"/>
    <property name="java.awt.printerjob" value="sun.print.PSPrinterJob"/>
    <property name="ratis.log.dir" value="/home/runner/work/ratis/ratis/ratis-test/target/log"/>
    <property name="sun.os.patch.level" value="unknown"/>
    <property name="java.library.path" value="/usr/java/packages/lib:/usr/lib64:/lib64:/lib:/usr/lib"/>
    <property name="java.vm.info" value="mixed mode"/>
    <property name="java.vendor" value="Eclipse Adoptium"/>
    <property name="java.vm.version" value="11.0.18+10"/>
    <property name="sun.io.unicode.encoding" value="UnicodeLittle"/>
    <property name="java.class.version" value="55.0"/>
  </properties>
  <testcase name="testRestartLogAppender[0]" classname="org.apache.ratis.grpc.TestLogAppenderWithGrpc" time="3.322"/>
  <testcase name="testPendingLimits[0]" classname="org.apache.ratis.grpc.TestLogAppenderWithGrpc" time="3.626"/>
  <testcase name="testSingleElementBuffer[0]" classname="org.apache.ratis.grpc.TestLogAppenderWithGrpc" time="7.992"/>
  <testcase name="testFollowerHeartbeatMetric[0]" classname="org.apache.ratis.grpc.TestLogAppenderWithGrpc" time="0.731"/>
  <testcase name="testUnlimitedElementBuffer[0]" classname="org.apache.ratis.grpc.TestLogAppenderWithGrpc" time="3.823"/>
  <testcase name="testRestartLogAppender[1]" classname="org.apache.ratis.grpc.TestLogAppenderWithGrpc" time="2.012"/>
  <testcase name="testPendingLimits[1]" classname="org.apache.ratis.grpc.TestLogAppenderWithGrpc" time="7.748">
    <failure message="expected:&lt;13&gt; but was:&lt;11&gt;" type="java.lang.AssertionError"><![CDATA[java.lang.AssertionError: expected:<13> but was:<11>
	at org.junit.Assert.fail(Assert.java:89)
	at org.junit.Assert.failNotEquals(Assert.java:835)
	at org.junit.Assert.assertEquals(Assert.java:647)
	at org.junit.Assert.assertEquals(Assert.java:633)
	at org.apache.ratis.grpc.TestLogAppenderWithGrpc.lambda$testPendingLimits$0(TestLogAppenderWithGrpc.java:95)
	at org.apache.ratis.util.function.CheckedRunnable.lambda$asCheckedSupplier$0(CheckedRunnable.java:32)
	at org.apache.ratis.util.JavaUtils.attempt(JavaUtils.java:211)
	at org.apache.ratis.util.JavaUtils.attemptRepeatedly(JavaUtils.java:197)
	at org.apache.ratis.util.JavaUtils.attempt(JavaUtils.java:231)
	at org.apache.ratis.grpc.TestLogAppenderWithGrpc.testPendingLimits(TestLogAppenderWithGrpc.java:92)
	at java.base/jdk.internal.reflect.NativeMethodAccessorImpl.invoke0(Native Method)
	at java.base/jdk.internal.reflect.NativeMethodAccessorImpl.invoke(NativeMethodAccessorImpl.java:62)
	at java.base/jdk.internal.reflect.DelegatingMethodAccessorImpl.invoke(DelegatingMethodAccessorImpl.java:43)
	at java.base/java.lang.reflect.Method.invoke(Method.java:566)
	at org.junit.runners.model.FrameworkMethod$1.runReflectiveCall(FrameworkMethod.java:59)
	at org.junit.internal.runners.model.ReflectiveCallable.run(ReflectiveCallable.java:12)
	at org.junit.runners.model.FrameworkMethod.invokeExplosively(FrameworkMethod.java:56)
	at org.junit.internal.runners.statements.InvokeMethod.evaluate(InvokeMethod.java:17)
	at org.junit.internal.runners.statements.RunAfters.evaluate(RunAfters.java:27)
	at org.junit.internal.runners.statements.FailOnTimeout$CallableStatement.call(FailOnTimeout.java:299)
	at org.junit.internal.runners.statements.FailOnTimeout$CallableStatement.call(FailOnTimeout.java:293)
	at java.base/java.util.concurrent.FutureTask.run(FutureTask.java:264)
	at java.base/java.lang.Thread.run(Thread.java:829)
]]></failure>
    <system-out><![CDATA[2023-03-03 03:31:15,037 [main] INFO  util.LogUtils (Slf4jUtils.java:setLogLevel(38)) - Successfully set org.apache.ratis.conf.ConfUtils log level to WARN
2023-03-03 03:31:15,037 [main] INFO  util.LogUtils (Slf4jUtils.java:setLogLevel(38)) - Successfully set org.apache.ratis.util.FileUtils log level to TRACE
2023-03-03 03:31:15,037 [main] INFO  util.LogUtils (Slf4jUtils.java:setLogLevel(38)) - Successfully set org.apache.ratis.server.leader.LogAppender log level to DEBUG
2023-03-03 03:31:15,037 [main] INFO  util.LogUtils (Slf4jUtils.java:setLogLevel(38)) - Successfully set org.apache.ratis.server.leader.FollowerInfo log level to DEBUG
2023-03-03 03:31:15,043 [Time-limited test] INFO  impl.MiniRaftCluster (MiniRaftCluster.java:<init>(306)) - new MiniRaftClusterWithGrpc with group-5A56208BFE72:[s0|rpc:localhost:39883|admin:localhost:42503|client:localhost:36873|dataStream:localhost:33257|priority:0|startupRole:FOLLOWER, s1|rpc:localhost:43739|admin:localhost:38789|client:localhost:38545|dataStream:localhost:42389|priority:0|startupRole:FOLLOWER, s2|rpc:localhost:40449|admin:localhost:41945|client:localhost:45079|dataStream:localhost:39903|priority:0|startupRole:FOLLOWER]
2023-03-03 03:31:15,044 [Time-limited test] INFO  impl.MiniRaftCluster (MiniRaftCluster.java:start(339)) - .............................................................. 
2023-03-03 03:31:15,044 [Time-limited test] INFO  impl.MiniRaftCluster (MiniRaftCluster.java:start(340)) - ... 
2023-03-03 03:31:15,044 [Time-limited test] INFO  impl.MiniRaftCluster (MiniRaftCluster.java:start(341)) - ...     Starting MiniRaftClusterWithGrpc
2023-03-03 03:31:15,044 [Time-limited test] INFO  impl.MiniRaftCluster (MiniRaftCluster.java:start(342)) - ... 
2023-03-03 03:31:15,044 [Time-limited test] INFO  impl.MiniRaftCluster (MiniRaftCluster.java:start(343)) - .............................................................. 
2023-03-03 03:31:15,044 [Time-limited test] INFO  impl.MiniRaftCluster (MiniRaftCluster.java:initServers(318)) - servers = {}
2023-03-03 03:31:15,044 [Time-limited test] INFO  impl.MiniRaftCluster (MiniRaftCluster.java:newRaftServer(382)) - newRaftServer: s0, group-5A56208BFE72:[s0|rpc:localhost:39883|admin:localhost:42503|client:localhost:36873|dataStream:localhost:33257|priority:0|startupRole:FOLLOWER, s1|rpc:localhost:43739|admin:localhost:38789|client:localhost:38545|dataStream:localhost:42389|priority:0|startupRole:FOLLOWER, s2|rpc:localhost:40449|admin:localhost:41945|client:localhost:45079|dataStream:localhost:39903|priority:0|startupRole:FOLLOWER], format? true
2023-03-03 03:31:15,044 [Time-limited test] TRACE util.FileUtils (FileUtils.java:deleteFully(201)) - deleteFully target/test/data/8eb7620b/MiniRaftClusterWithGrpc5ee96355/s0
2023-03-03 03:31:15,044 [Time-limited test] TRACE util.FileUtils (FileUtils.java:deleteFully(217)) - deleteFully: target/test/data/8eb7620b/MiniRaftClusterWithGrpc5ee96355/s0 does not exist.
2023-03-03 03:31:15,044 [Time-limited test] INFO  impl.MiniRaftCluster (MiniRaftCluster.java:newRaftServer(387)) - Formatted directory target/test/data/8eb7620b/MiniRaftClusterWithGrpc5ee96355/s0
2023-03-03 03:31:15,044 [Time-limited test] INFO  server.RaftServer (ConfUtils.java:logGet(46)) - raft.rpc.type = GRPC (default)
2023-03-03 03:31:15,044 [Time-limited test] INFO  grpc.GrpcConfigKeys (ConfUtils.java:logFallback(53)) - raft.grpc.admin.host = null (fallback to raft.grpc.server.host)
2023-03-03 03:31:15,044 [Time-limited test] INFO  grpc.GrpcConfigKeys (ConfUtils.java:logGet(46)) - raft.grpc.admin.port = 42503 (custom)
2023-03-03 03:31:15,044 [Time-limited test] INFO  grpc.GrpcConfigKeys (ConfUtils.java:logFallback(53)) - raft.grpc.client.host = null (fallback to raft.grpc.server.host)
2023-03-03 03:31:15,044 [Time-limited test] INFO  grpc.GrpcConfigKeys (ConfUtils.java:logGet(46)) - raft.grpc.client.port = 36873 (custom)
2023-03-03 03:31:15,045 [Time-limited test] INFO  grpc.GrpcConfigKeys (ConfUtils.java:logGet(46)) - raft.grpc.server.host = null (default)
2023-03-03 03:31:15,045 [Time-limited test] INFO  grpc.GrpcConfigKeys (ConfUtils.java:logGet(46)) - raft.grpc.server.port = 39883 (custom)
2023-03-03 03:31:15,045 [Time-limited test] INFO  server.GrpcService (ConfUtils.java:logGet(46)) - raft.grpc.message.size.max = 64MB (=67108864) (default)
2023-03-03 03:31:15,045 [Time-limited test] INFO  server.RaftServerConfigKeys (ConfUtils.java:logGet(46)) - raft.server.log.appender.buffer.byte-limit = 4MB (=4194304) (default)
2023-03-03 03:31:15,045 [Time-limited test] INFO  server.GrpcService (ConfUtils.java:logGet(46)) - raft.grpc.flow.control.window = 1MB (=1048576) (default)
2023-03-03 03:31:15,045 [Time-limited test] INFO  server.RaftServerConfigKeys (ConfUtils.java:logGet(46)) - raft.server.rpc.request.timeout = 3000ms (default)
2023-03-03 03:31:15,045 [Time-limited test] INFO  grpc.GrpcConfigKeys (ConfUtils.java:logGet(46)) - raft.grpc.server.heartbeat.channel = true (default)
2023-03-03 03:31:15,045 [Time-limited test] INFO  grpc.GrpcConfigKeys (ConfUtils.java:logGet(46)) - raft.grpc.server.async.request.thread.pool.cached = true (default)
2023-03-03 03:31:15,045 [Time-limited test] INFO  grpc.GrpcConfigKeys (ConfUtils.java:logGet(46)) - raft.grpc.server.async.request.thread.pool.size = 32 (default)
2023-03-03 03:31:15,046 [Time-limited test] INFO  impl.DataStreamServerImpl (ConfUtils.java:logGet(46)) - raft.datastream.type = DISABLED (default)
2023-03-03 03:31:15,047 [Time-limited test] INFO  server.RaftServerConfigKeys (ConfUtils.java:logGet(46)) - raft.server.threadpool.proxy.cached = true (default)
2023-03-03 03:31:15,047 [Time-limited test] INFO  server.RaftServerConfigKeys (ConfUtils.java:logGet(46)) - raft.server.threadpool.proxy.size = 0 (default)
2023-03-03 03:31:15,047 [Time-limited test] INFO  server.RaftServerConfigKeys (ConfUtils.java:logGet(46)) - raft.server.rpc.slowness.timeout = 60s (default)
2023-03-03 03:31:15,047 [Time-limited test] INFO  server.RaftServerConfigKeys (ConfUtils.java:logGet(46)) - raft.server.leaderelection.leader.step-down.wait-time = 10s (default)
2023-03-03 03:31:15,047 [Time-limited test] INFO  server.RaftServerConfigKeys (ConfUtils.java:logGet(46)) - raft.server.storage.dir = [/home/runner/work/ratis/ratis/ratis-test/target/test/data/8eb7620b/MiniRaftClusterWithGrpc5ee96355/s0] (custom)
2023-03-03 03:31:15,047 [Time-limited test] INFO  server.RaftServer (RaftServerProxy.java:addNew(99)) - s0: addNew group-5A56208BFE72:[s0|rpc:localhost:39883|admin:localhost:42503|client:localhost:36873|dataStream:localhost:33257|priority:0|startupRole:FOLLOWER, s1|rpc:localhost:43739|admin:localhost:38789|client:localhost:38545|dataStream:localhost:42389|priority:0|startupRole:FOLLOWER, s2|rpc:localhost:40449|admin:localhost:41945|client:localhost:45079|dataStream:localhost:39903|priority:0|startupRole:FOLLOWER] returns group-5A56208BFE72:java.util.concurrent.CompletableFuture@8e66292[Not completed]
2023-03-03 03:31:15,047 [Time-limited test] INFO  impl.MiniRaftCluster (MiniRaftCluster.java:newRaftServer(382)) - newRaftServer: s1, group-5A56208BFE72:[s0|rpc:localhost:39883|admin:localhost:42503|client:localhost:36873|dataStream:localhost:33257|priority:0|startupRole:FOLLOWER, s1|rpc:localhost:43739|admin:localhost:38789|client:localhost:38545|dataStream:localhost:42389|priority:0|startupRole:FOLLOWER, s2|rpc:localhost:40449|admin:localhost:41945|client:localhost:45079|dataStream:localhost:39903|priority:0|startupRole:FOLLOWER], format? true
2023-03-03 03:31:15,047 [Time-limited test] TRACE util.FileUtils (FileUtils.java:deleteFully(201)) - deleteFully target/test/data/8eb7620b/MiniRaftClusterWithGrpc5ee96355/s1
2023-03-03 03:31:15,048 [Time-limited test] TRACE util.FileUtils (FileUtils.java:deleteFully(217)) - deleteFully: target/test/data/8eb7620b/MiniRaftClusterWithGrpc5ee96355/s1 does not exist.
2023-03-03 03:31:15,048 [Time-limited test] INFO  impl.MiniRaftCluster (MiniRaftCluster.java:newRaftServer(387)) - Formatted directory target/test/data/8eb7620b/MiniRaftClusterWithGrpc5ee96355/s1
2023-03-03 03:31:15,048 [Time-limited test] INFO  server.RaftServer (ConfUtils.java:logGet(46)) - raft.rpc.type = GRPC (default)
2023-03-03 03:31:15,048 [Time-limited test] INFO  grpc.GrpcConfigKeys (ConfUtils.java:logFallback(53)) - raft.grpc.admin.host = null (fallback to raft.grpc.server.host)
2023-03-03 03:31:15,048 [Time-limited test] INFO  grpc.GrpcConfigKeys (ConfUtils.java:logGet(46)) - raft.grpc.admin.port = 38789 (custom)
2023-03-03 03:31:15,048 [Time-limited test] INFO  grpc.GrpcConfigKeys (ConfUtils.java:logFallback(53)) - raft.grpc.client.host = null (fallback to raft.grpc.server.host)
2023-03-03 03:31:15,048 [Time-limited test] INFO  grpc.GrpcConfigKeys (ConfUtils.java:logGet(46)) - raft.grpc.client.port = 38545 (custom)
2023-03-03 03:31:15,048 [Time-limited test] INFO  grpc.GrpcConfigKeys (ConfUtils.java:logGet(46)) - raft.grpc.server.host = null (default)
2023-03-03 03:31:15,048 [Time-limited test] INFO  grpc.GrpcConfigKeys (ConfUtils.java:logGet(46)) - raft.grpc.server.port = 43739 (custom)
2023-03-03 03:31:15,048 [Time-limited test] INFO  server.GrpcService (ConfUtils.java:logGet(46)) - raft.grpc.message.size.max = 64MB (=67108864) (default)
2023-03-03 03:31:15,048 [Time-limited test] INFO  server.RaftServerConfigKeys (ConfUtils.java:logGet(46)) - raft.server.log.appender.buffer.byte-limit = 4MB (=4194304) (default)
2023-03-03 03:31:15,048 [Time-limited test] INFO  server.GrpcService (ConfUtils.java:logGet(46)) - raft.grpc.flow.control.window = 1MB (=1048576) (default)
2023-03-03 03:31:15,048 [Time-limited test] INFO  server.RaftServerConfigKeys (ConfUtils.java:logGet(46)) - raft.server.rpc.request.timeout = 3000ms (default)
2023-03-03 03:31:15,048 [Time-limited test] INFO  grpc.GrpcConfigKeys (ConfUtils.java:logGet(46)) - raft.grpc.server.heartbeat.channel = true (default)
2023-03-03 03:31:15,048 [Time-limited test] INFO  grpc.GrpcConfigKeys (ConfUtils.java:logGet(46)) - raft.grpc.server.async.request.thread.pool.cached = true (default)
2023-03-03 03:31:15,048 [Time-limited test] INFO  grpc.GrpcConfigKeys (ConfUtils.java:logGet(46)) - raft.grpc.server.async.request.thread.pool.size = 32 (default)
2023-03-03 03:31:15,049 [Time-limited test] INFO  impl.DataStreamServerImpl (ConfUtils.java:logGet(46)) - raft.datastream.type = DISABLED (default)
2023-03-03 03:31:15,049 [Time-limited test] INFO  server.RaftServerConfigKeys (ConfUtils.java:logGet(46)) - raft.server.threadpool.proxy.cached = true (default)
2023-03-03 03:31:15,049 [Time-limited test] INFO  server.RaftServerConfigKeys (ConfUtils.java:logGet(46)) - raft.server.threadpool.proxy.size = 0 (default)
2023-03-03 03:31:15,049 [Time-limited test] INFO  server.RaftServerConfigKeys (ConfUtils.java:logGet(46)) - raft.server.rpc.slowness.timeout = 60s (default)
2023-03-03 03:31:15,049 [Time-limited test] INFO  server.RaftServerConfigKeys (ConfUtils.java:logGet(46)) - raft.server.leaderelection.leader.step-down.wait-time = 10s (default)
2023-03-03 03:31:15,049 [Time-limited test] INFO  server.RaftServerConfigKeys (ConfUtils.java:logGet(46)) - raft.server.storage.dir = [/home/runner/work/ratis/ratis/ratis-test/target/test/data/8eb7620b/MiniRaftClusterWithGrpc5ee96355/s1] (custom)
2023-03-03 03:31:15,050 [s0-groupManagement] INFO  server.RaftServerConfigKeys (ConfUtils.java:logGet(46)) - raft.server.log.segment.size.max = 8MB (=8388608) (default)
2023-03-03 03:31:15,053 [s0-groupManagement] INFO  server.RaftServerConfigKeys (ConfUtils.java:logGet(46)) - raft.server.log.preallocated.size = 4MB (=4194304) (default)
2023-03-03 03:31:15,053 [s0-groupManagement] INFO  server.RaftServerConfigKeys (ConfUtils.java:logGet(46)) - raft.server.log.write.buffer.size = 64KB (=65536) (default)
2023-03-03 03:31:15,053 [s0-groupManagement] INFO  server.RaftServer$Division (RaftServerImpl.java:<init>(198)) - s0: new RaftServerImpl for group-5A56208BFE72:[s0|rpc:localhost:39883|admin:localhost:42503|client:localhost:36873|dataStream:localhost:33257|priority:0|startupRole:FOLLOWER, s1|rpc:localhost:43739|admin:localhost:38789|client:localhost:38545|dataStream:localhost:42389|priority:0|startupRole:FOLLOWER, s2|rpc:localhost:40449|admin:localhost:41945|client:localhost:45079|dataStream:localhost:39903|priority:0|startupRole:FOLLOWER] with SimpleStateMachine4Testing:uninitialized
2023-03-03 03:31:15,053 [s0-groupManagement] INFO  server.RaftServerConfigKeys (ConfUtils.java:logGet(46)) - raft.server.rpc.timeout.min = 150ms (default)
2023-03-03 03:31:15,053 [s0-groupManagement] INFO  server.RaftServerConfigKeys (ConfUtils.java:logGet(46)) - raft.server.rpc.timeout.max = 300ms (default)
2023-03-03 03:31:15,053 [s0-groupManagement] INFO  server.RaftServerConfigKeys (ConfUtils.java:logGet(46)) - raft.server.rpc.sleep.time = 25ms (default)
2023-03-03 03:31:15,053 [s0-groupManagement] INFO  server.RaftServerConfigKeys (ConfUtils.java:logGet(46)) - raft.server.rpc.slowness.timeout = 60s (default)
2023-03-03 03:31:15,053 [s0-groupManagement] INFO  server.RaftServerConfigKeys (ConfUtils.java:logGet(46)) - raft.server.leaderelection.leader.step-down.wait-time = 10s (default)
2023-03-03 03:31:15,053 [s0-groupManagement] INFO  server.RaftServerConfigKeys (ConfUtils.java:logGet(46)) - raft.server.sleep.deviation.threshold = 300ms (default)
2023-03-03 03:31:15,053 [s0-groupManagement] INFO  server.RaftServer$Division (ServerState.java:<init>(113)) - s0@group-5A56208BFE72: ConfigurationManager, init=-1: peers:[s0|rpc:localhost:39883|admin:localhost:42503|client:localhost:36873|dataStream:localhost:33257|priority:0|startupRole:FOLLOWER, s1|rpc:localhost:43739|admin:localhost:38789|client:localhost:38545|dataStream:localhost:42389|priority:0|startupRole:FOLLOWER, s2|rpc:localhost:40449|admin:localhost:41945|client:localhost:45079|dataStream:localhost:39903|priority:0|startupRole:FOLLOWER]|listeners:[], old=null, confs=<EMPTY_MAP>
2023-03-03 03:31:15,053 [s0-groupManagement] INFO  server.RaftServerConfigKeys (ConfUtils.java:logGet(46)) - raft.server.notification.no-leader.timeout = 60s (default)
2023-03-03 03:31:15,053 [s0-groupManagement] INFO  server.RaftServerConfigKeys (ConfUtils.java:logGet(46)) - raft.server.read.timeout = 10s (default)
2023-03-03 03:31:15,054 [s0-groupManagement] INFO  server.RaftServerConfigKeys (ConfUtils.java:logGet(46)) - raft.server.retrycache.expirytime = 60s (default)
2023-03-03 03:31:15,054 [s0-groupManagement] INFO  server.RaftServerConfigKeys (ConfUtils.java:logGet(46)) - raft.server.retrycache.statistics.expirytime = 100μs (default)
2023-03-03 03:31:15,054 [s0-groupManagement] INFO  server.RaftServerConfigKeys (ConfUtils.java:logGet(46)) - raft.server.read.option = DEFAULT (default)
2023-03-03 03:31:15,057 [s0-groupManagement] INFO  server.RaftServerConfigKeys (ConfUtils.java:logGet(46)) - raft.server.log.appender.install.snapshot.enabled = true (default)
2023-03-03 03:31:15,057 [s0-groupManagement] INFO  server.RaftServerConfigKeys (ConfUtils.java:logGet(46)) - raft.server.threadpool.server.cached = true (default)
2023-03-03 03:31:15,057 [s0-groupManagement] INFO  server.RaftServerConfigKeys (ConfUtils.java:logGet(46)) - raft.server.threadpool.server.size = 0 (default)
2023-03-03 03:31:15,057 [s0-groupManagement] INFO  server.RaftServerConfigKeys (ConfUtils.java:logGet(46)) - raft.server.threadpool.client.cached = true (default)
2023-03-03 03:31:15,057 [s0-groupManagement] INFO  server.RaftServerConfigKeys (ConfUtils.java:logGet(46)) - raft.server.threadpool.client.size = 0 (default)
2023-03-03 03:31:15,061 [Time-limited test] INFO  server.RaftServer (RaftServerProxy.java:addNew(99)) - s1: addNew group-5A56208BFE72:[s0|rpc:localhost:39883|admin:localhost:42503|client:localhost:36873|dataStream:localhost:33257|priority:0|startupRole:FOLLOWER, s1|rpc:localhost:43739|admin:localhost:38789|client:localhost:38545|dataStream:localhost:42389|priority:0|startupRole:FOLLOWER, s2|rpc:localhost:40449|admin:localhost:41945|client:localhost:45079|dataStream:localhost:39903|priority:0|startupRole:FOLLOWER] returns group-5A56208BFE72:java.util.concurrent.CompletableFuture@7c63b3eb[Not completed]
2023-03-03 03:31:15,061 [Time-limited test] INFO  impl.MiniRaftCluster (MiniRaftCluster.java:newRaftServer(382)) - newRaftServer: s2, group-5A56208BFE72:[s0|rpc:localhost:39883|admin:localhost:42503|client:localhost:36873|dataStream:localhost:33257|priority:0|startupRole:FOLLOWER, s1|rpc:localhost:43739|admin:localhost:38789|client:localhost:38545|dataStream:localhost:42389|priority:0|startupRole:FOLLOWER, s2|rpc:localhost:40449|admin:localhost:41945|client:localhost:45079|dataStream:localhost:39903|priority:0|startupRole:FOLLOWER], format? true
2023-03-03 03:31:15,061 [Time-limited test] TRACE util.FileUtils (FileUtils.java:deleteFully(201)) - deleteFully target/test/data/8eb7620b/MiniRaftClusterWithGrpc5ee96355/s2
2023-03-03 03:31:15,061 [Time-limited test] TRACE util.FileUtils (FileUtils.java:deleteFully(217)) - deleteFully: target/test/data/8eb7620b/MiniRaftClusterWithGrpc5ee96355/s2 does not exist.
2023-03-03 03:31:15,061 [Time-limited test] INFO  impl.MiniRaftCluster (MiniRaftCluster.java:newRaftServer(387)) - Formatted directory target/test/data/8eb7620b/MiniRaftClusterWithGrpc5ee96355/s2
2023-03-03 03:31:15,061 [Time-limited test] INFO  server.RaftServer (ConfUtils.java:logGet(46)) - raft.rpc.type = GRPC (default)
2023-03-03 03:31:15,061 [Time-limited test] INFO  grpc.GrpcConfigKeys (ConfUtils.java:logFallback(53)) - raft.grpc.admin.host = null (fallback to raft.grpc.server.host)
2023-03-03 03:31:15,061 [Time-limited test] INFO  grpc.GrpcConfigKeys (ConfUtils.java:logGet(46)) - raft.grpc.admin.port = 41945 (custom)
2023-03-03 03:31:15,061 [Time-limited test] INFO  grpc.GrpcConfigKeys (ConfUtils.java:logFallback(53)) - raft.grpc.client.host = null (fallback to raft.grpc.server.host)
2023-03-03 03:31:15,061 [Time-limited test] INFO  grpc.GrpcConfigKeys (ConfUtils.java:logGet(46)) - raft.grpc.client.port = 45079 (custom)
2023-03-03 03:31:15,061 [Time-limited test] INFO  grpc.GrpcConfigKeys (ConfUtils.java:logGet(46)) - raft.grpc.server.host = null (default)
2023-03-03 03:31:15,062 [Time-limited test] INFO  grpc.GrpcConfigKeys (ConfUtils.java:logGet(46)) - raft.grpc.server.port = 40449 (custom)
2023-03-03 03:31:15,062 [Time-limited test] INFO  server.GrpcService (ConfUtils.java:logGet(46)) - raft.grpc.message.size.max = 64MB (=67108864) (default)
2023-03-03 03:31:15,062 [Time-limited test] INFO  server.RaftServerConfigKeys (ConfUtils.java:logGet(46)) - raft.server.log.appender.buffer.byte-limit = 4MB (=4194304) (default)
2023-03-03 03:31:15,062 [Time-limited test] INFO  server.GrpcService (ConfUtils.java:logGet(46)) - raft.grpc.flow.control.window = 1MB (=1048576) (default)
2023-03-03 03:31:15,062 [Time-limited test] INFO  server.RaftServerConfigKeys (ConfUtils.java:logGet(46)) - raft.server.rpc.request.timeout = 3000ms (default)
2023-03-03 03:31:15,062 [Time-limited test] INFO  grpc.GrpcConfigKeys (ConfUtils.java:logGet(46)) - raft.grpc.server.heartbeat.channel = true (default)
2023-03-03 03:31:15,062 [Time-limited test] INFO  grpc.GrpcConfigKeys (ConfUtils.java:logGet(46)) - raft.grpc.server.async.request.thread.pool.cached = true (default)
2023-03-03 03:31:15,062 [Time-limited test] INFO  grpc.GrpcConfigKeys (ConfUtils.java:logGet(46)) - raft.grpc.server.async.request.thread.pool.size = 32 (default)
2023-03-03 03:31:15,063 [Time-limited test] INFO  impl.DataStreamServerImpl (ConfUtils.java:logGet(46)) - raft.datastream.type = DISABLED (default)
2023-03-03 03:31:15,063 [Time-limited test] INFO  server.RaftServerConfigKeys (ConfUtils.java:logGet(46)) - raft.server.threadpool.proxy.cached = true (default)
2023-03-03 03:31:15,063 [Time-limited test] INFO  server.RaftServerConfigKeys (ConfUtils.java:logGet(46)) - raft.server.threadpool.proxy.size = 0 (default)
2023-03-03 03:31:15,063 [Time-limited test] INFO  server.RaftServerConfigKeys (ConfUtils.java:logGet(46)) - raft.server.rpc.slowness.timeout = 60s (default)
2023-03-03 03:31:15,063 [Time-limited test] INFO  server.RaftServerConfigKeys (ConfUtils.java:logGet(46)) - raft.server.leaderelection.leader.step-down.wait-time = 10s (default)
2023-03-03 03:31:15,063 [Time-limited test] INFO  server.RaftServerConfigKeys (ConfUtils.java:logGet(46)) - raft.server.storage.dir = [/home/runner/work/ratis/ratis/ratis-test/target/test/data/8eb7620b/MiniRaftClusterWithGrpc5ee96355/s2] (custom)
2023-03-03 03:31:15,073 [s1-groupManagement] INFO  server.RaftServerConfigKeys (ConfUtils.java:logGet(46)) - raft.server.log.segment.size.max = 8MB (=8388608) (default)
2023-03-03 03:31:15,077 [s1-groupManagement] INFO  server.RaftServerConfigKeys (ConfUtils.java:logGet(46)) - raft.server.log.preallocated.size = 4MB (=4194304) (default)
2023-03-03 03:31:15,077 [s1-groupManagement] INFO  server.RaftServerConfigKeys (ConfUtils.java:logGet(46)) - raft.server.log.write.buffer.size = 64KB (=65536) (default)
2023-03-03 03:31:15,077 [s1-groupManagement] INFO  server.RaftServer$Division (RaftServerImpl.java:<init>(198)) - s1: new RaftServerImpl for group-5A56208BFE72:[s0|rpc:localhost:39883|admin:localhost:42503|client:localhost:36873|dataStream:localhost:33257|priority:0|startupRole:FOLLOWER, s1|rpc:localhost:43739|admin:localhost:38789|client:localhost:38545|dataStream:localhost:42389|priority:0|startupRole:FOLLOWER, s2|rpc:localhost:40449|admin:localhost:41945|client:localhost:45079|dataStream:localhost:39903|priority:0|startupRole:FOLLOWER] with SimpleStateMachine4Testing:uninitialized
2023-03-03 03:31:15,077 [s1-groupManagement] INFO  server.RaftServerConfigKeys (ConfUtils.java:logGet(46)) - raft.server.rpc.timeout.min = 150ms (default)
2023-03-03 03:31:15,077 [s1-groupManagement] INFO  server.RaftServerConfigKeys (ConfUtils.java:logGet(46)) - raft.server.rpc.timeout.max = 300ms (default)
2023-03-03 03:31:15,077 [s1-groupManagement] INFO  server.RaftServerConfigKeys (ConfUtils.java:logGet(46)) - raft.server.rpc.sleep.time = 25ms (default)
2023-03-03 03:31:15,077 [s1-groupManagement] INFO  server.RaftServerConfigKeys (ConfUtils.java:logGet(46)) - raft.server.rpc.slowness.timeout = 60s (default)
2023-03-03 03:31:15,077 [s1-groupManagement] INFO  server.RaftServerConfigKeys (ConfUtils.java:logGet(46)) - raft.server.leaderelection.leader.step-down.wait-time = 10s (default)
2023-03-03 03:31:15,077 [s1-groupManagement] INFO  server.RaftServerConfigKeys (ConfUtils.java:logGet(46)) - raft.server.sleep.deviation.threshold = 300ms (default)
2023-03-03 03:31:15,077 [s1-groupManagement] INFO  server.RaftServer$Division (ServerState.java:<init>(113)) - s1@group-5A56208BFE72: ConfigurationManager, init=-1: peers:[s0|rpc:localhost:39883|admin:localhost:42503|client:localhost:36873|dataStream:localhost:33257|priority:0|startupRole:FOLLOWER, s1|rpc:localhost:43739|admin:localhost:38789|client:localhost:38545|dataStream:localhost:42389|priority:0|startupRole:FOLLOWER, s2|rpc:localhost:40449|admin:localhost:41945|client:localhost:45079|dataStream:localhost:39903|priority:0|startupRole:FOLLOWER]|listeners:[], old=null, confs=<EMPTY_MAP>
2023-03-03 03:31:15,077 [s1-groupManagement] INFO  server.RaftServerConfigKeys (ConfUtils.java:logGet(46)) - raft.server.notification.no-leader.timeout = 60s (default)
2023-03-03 03:31:15,077 [s1-groupManagement] INFO  server.RaftServerConfigKeys (ConfUtils.java:logGet(46)) - raft.server.read.timeout = 10s (default)
2023-03-03 03:31:15,077 [s1-groupManagement] INFO  server.RaftServerConfigKeys (ConfUtils.java:logGet(46)) - raft.server.retrycache.expirytime = 60s (default)
2023-03-03 03:31:15,077 [s1-groupManagement] INFO  server.RaftServerConfigKeys (ConfUtils.java:logGet(46)) - raft.server.retrycache.statistics.expirytime = 100μs (default)
2023-03-03 03:31:15,077 [s1-groupManagement] INFO  server.RaftServerConfigKeys (ConfUtils.java:logGet(46)) - raft.server.read.option = DEFAULT (default)
2023-03-03 03:31:15,078 [s1-groupManagement] INFO  server.RaftServerConfigKeys (ConfUtils.java:logGet(46)) - raft.server.log.appender.install.snapshot.enabled = true (default)
2023-03-03 03:31:15,078 [s1-groupManagement] INFO  server.RaftServerConfigKeys (ConfUtils.java:logGet(46)) - raft.server.threadpool.server.cached = true (default)
2023-03-03 03:31:15,078 [s1-groupManagement] INFO  server.RaftServerConfigKeys (ConfUtils.java:logGet(46)) - raft.server.threadpool.server.size = 0 (default)
2023-03-03 03:31:15,078 [s1-groupManagement] INFO  server.RaftServerConfigKeys (ConfUtils.java:logGet(46)) - raft.server.threadpool.client.cached = true (default)
2023-03-03 03:31:15,078 [s1-groupManagement] INFO  server.RaftServerConfigKeys (ConfUtils.java:logGet(46)) - raft.server.threadpool.client.size = 0 (default)
2023-03-03 03:31:15,093 [Time-limited test] INFO  server.RaftServer (RaftServerProxy.java:addNew(99)) - s2: addNew group-5A56208BFE72:[s0|rpc:localhost:39883|admin:localhost:42503|client:localhost:36873|dataStream:localhost:33257|priority:0|startupRole:FOLLOWER, s1|rpc:localhost:43739|admin:localhost:38789|client:localhost:38545|dataStream:localhost:42389|priority:0|startupRole:FOLLOWER, s2|rpc:localhost:40449|admin:localhost:41945|client:localhost:45079|dataStream:localhost:39903|priority:0|startupRole:FOLLOWER] returns group-5A56208BFE72:java.util.concurrent.CompletableFuture@2febe175[Not completed]
2023-03-03 03:31:15,093 [s2-groupManagement] INFO  server.RaftServerConfigKeys (ConfUtils.java:logGet(46)) - raft.server.log.segment.size.max = 8MB (=8388608) (default)
2023-03-03 03:31:15,093 [s2-groupManagement] INFO  server.RaftServerConfigKeys (ConfUtils.java:logGet(46)) - raft.server.log.preallocated.size = 4MB (=4194304) (default)
2023-03-03 03:31:15,093 [s2-groupManagement] INFO  server.RaftServerConfigKeys (ConfUtils.java:logGet(46)) - raft.server.log.write.buffer.size = 64KB (=65536) (default)
2023-03-03 03:31:15,093 [s0-impl-thread1] INFO  server.RaftServerConfigKeys (ConfUtils.java:logGet(46)) - raft.server.storage.free-space.min = 0MB (=0) (default)
2023-03-03 03:31:15,093 [s0-impl-thread1] INFO  server.RaftServerConfigKeys (ConfUtils.java:logGet(46)) - raft.server.log.corruption.policy = EXCEPTION (default)
2023-03-03 03:31:15,094 [s0-impl-thread1] INFO  server.RaftServerConfigKeys (ConfUtils.java:logGet(46)) - raft.server.storage.dir = [/home/runner/work/ratis/ratis/ratis-test/target/test/data/8eb7620b/MiniRaftClusterWithGrpc5ee96355/s0] (custom)
2023-03-03 03:31:15,093 [s2-groupManagement] INFO  server.RaftServer$Division (RaftServerImpl.java:<init>(198)) - s2: new RaftServerImpl for group-5A56208BFE72:[s0|rpc:localhost:39883|admin:localhost:42503|client:localhost:36873|dataStream:localhost:33257|priority:0|startupRole:FOLLOWER, s1|rpc:localhost:43739|admin:localhost:38789|client:localhost:38545|dataStream:localhost:42389|priority:0|startupRole:FOLLOWER, s2|rpc:localhost:40449|admin:localhost:41945|client:localhost:45079|dataStream:localhost:39903|priority:0|startupRole:FOLLOWER] with SimpleStateMachine4Testing:uninitialized
2023-03-03 03:31:15,094 [s0-impl-thread1] INFO  storage.RaftStorageDirectory (RaftStorageDirectoryImpl.java:analyzeStorage(138)) - The storage directory /home/runner/work/ratis/ratis/ratis-test/target/test/data/8eb7620b/MiniRaftClusterWithGrpc5ee96355/s0/ea00c4e2-cb01-4944-a844-5a56208bfe72 does not exist. Creating ...
2023-03-03 03:31:15,094 [s2-groupManagement] INFO  server.RaftServerConfigKeys (ConfUtils.java:logGet(46)) - raft.server.rpc.timeout.min = 150ms (default)
2023-03-03 03:31:15,094 [s2-groupManagement] INFO  server.RaftServerConfigKeys (ConfUtils.java:logGet(46)) - raft.server.rpc.timeout.max = 300ms (default)
2023-03-03 03:31:15,094 [s2-groupManagement] INFO  server.RaftServerConfigKeys (ConfUtils.java:logGet(46)) - raft.server.rpc.sleep.time = 25ms (default)
2023-03-03 03:31:15,094 [s2-groupManagement] INFO  server.RaftServerConfigKeys (ConfUtils.java:logGet(46)) - raft.server.rpc.slowness.timeout = 60s (default)
2023-03-03 03:31:15,094 [s2-groupManagement] INFO  server.RaftServerConfigKeys (ConfUtils.java:logGet(46)) - raft.server.leaderelection.leader.step-down.wait-time = 10s (default)
2023-03-03 03:31:15,094 [s2-groupManagement] INFO  server.RaftServerConfigKeys (ConfUtils.java:logGet(46)) - raft.server.sleep.deviation.threshold = 300ms (default)
2023-03-03 03:31:15,094 [s2-groupManagement] INFO  server.RaftServer$Division (ServerState.java:<init>(113)) - s2@group-5A56208BFE72: ConfigurationManager, init=-1: peers:[s0|rpc:localhost:39883|admin:localhost:42503|client:localhost:36873|dataStream:localhost:33257|priority:0|startupRole:FOLLOWER, s1|rpc:localhost:43739|admin:localhost:38789|client:localhost:38545|dataStream:localhost:42389|priority:0|startupRole:FOLLOWER, s2|rpc:localhost:40449|admin:localhost:41945|client:localhost:45079|dataStream:localhost:39903|priority:0|startupRole:FOLLOWER]|listeners:[], old=null, confs=<EMPTY_MAP>
2023-03-03 03:31:15,094 [s2-groupManagement] INFO  server.RaftServerConfigKeys (ConfUtils.java:logGet(46)) - raft.server.notification.no-leader.timeout = 60s (default)
2023-03-03 03:31:15,094 [s0-impl-thread1] TRACE util.FileUtils (LogUtils.java:runAndLog(49)) - Successfully ran Files.createDirectories /home/runner/work/ratis/ratis/ratis-test/target/test/data/8eb7620b/MiniRaftClusterWithGrpc5ee96355/s0/ea00c4e2-cb01-4944-a844-5a56208bfe72
2023-03-03 03:31:15,094 [s2-groupManagement] INFO  server.RaftServerConfigKeys (ConfUtils.java:logGet(46)) - raft.server.read.timeout = 10s (default)
2023-03-03 03:31:15,094 [s2-groupManagement] INFO  server.RaftServerConfigKeys (ConfUtils.java:logGet(46)) - raft.server.retrycache.expirytime = 60s (default)
2023-03-03 03:31:15,094 [s2-groupManagement] INFO  server.RaftServerConfigKeys (ConfUtils.java:logGet(46)) - raft.server.retrycache.statistics.expirytime = 100μs (default)
2023-03-03 03:31:15,094 [s2-groupManagement] INFO  server.RaftServerConfigKeys (ConfUtils.java:logGet(46)) - raft.server.read.option = DEFAULT (default)
2023-03-03 03:31:15,095 [s2-groupManagement] INFO  server.RaftServerConfigKeys (ConfUtils.java:logGet(46)) - raft.server.log.appender.install.snapshot.enabled = true (default)
2023-03-03 03:31:15,095 [s2-groupManagement] INFO  server.RaftServerConfigKeys (ConfUtils.java:logGet(46)) - raft.server.threadpool.server.cached = true (default)
2023-03-03 03:31:15,095 [s2-groupManagement] INFO  server.RaftServerConfigKeys (ConfUtils.java:logGet(46)) - raft.server.threadpool.server.size = 0 (default)
2023-03-03 03:31:15,095 [s2-groupManagement] INFO  server.RaftServerConfigKeys (ConfUtils.java:logGet(46)) - raft.server.threadpool.client.cached = true (default)
2023-03-03 03:31:15,095 [s2-groupManagement] INFO  server.RaftServerConfigKeys (ConfUtils.java:logGet(46)) - raft.server.threadpool.client.size = 0 (default)
2023-03-03 03:31:15,097 [s0-impl-thread1] INFO  storage.RaftStorageDirectory (RaftStorageDirectoryImpl.java:tryLock(232)) - Lock on /home/runner/work/ratis/ratis/ratis-test/target/test/data/8eb7620b/MiniRaftClusterWithGrpc5ee96355/s0/ea00c4e2-cb01-4944-a844-5a56208bfe72/in_use.lock acquired by nodename 15006@fv-az91-870
2023-03-03 03:31:15,098 [s0-impl-thread1] TRACE util.FileUtils (LogUtils.java:runAndLog(49)) - Successfully ran Files.createDirectories /home/runner/work/ratis/ratis/ratis-test/target/test/data/8eb7620b/MiniRaftClusterWithGrpc5ee96355/s0/ea00c4e2-cb01-4944-a844-5a56208bfe72/current
2023-03-03 03:31:15,098 [s0-impl-thread1] TRACE util.FileUtils (LogUtils.java:runAndLog(49)) - Successfully ran Files.createDirectories /home/runner/work/ratis/ratis/ratis-test/target/test/data/8eb7620b/MiniRaftClusterWithGrpc5ee96355/s0/ea00c4e2-cb01-4944-a844-5a56208bfe72/sm
2023-03-03 03:31:15,100 [s0-impl-thread1] INFO  storage.RaftStorage (RaftStorageImpl.java:format(96)) - Storage directory /home/runner/work/ratis/ratis/ratis-test/target/test/data/8eb7620b/MiniRaftClusterWithGrpc5ee96355/s0/ea00c4e2-cb01-4944-a844-5a56208bfe72 has been successfully formatted.
2023-03-03 03:31:15,100 [s0-impl-thread1] INFO  impl.SimpleStateMachine4Testing (SimpleStateMachine4Testing.java:initialize(213)) - Initializing SimpleStateMachine4Testing:uninitialized
2023-03-03 03:31:15,100 [s0-impl-thread1] INFO  impl.SimpleStateMachine4Testing (SimpleStateMachine4Testing.java:loadSnapshot(293)) - Loading snapshot null
2023-03-03 03:31:15,100 [s0-impl-thread1] INFO  server.RaftServerConfigKeys (ConfUtils.java:logGet(46)) - raft.server.log.use.memory = false (default)
2023-03-03 03:31:15,100 [s0-impl-thread1] INFO  server.RaftServerConfigKeys (ConfUtils.java:logGet(46)) - raft.server.log.purge.gap = 1024 (default)
2023-03-03 03:31:15,100 [s0-impl-thread1] INFO  server.RaftServerConfigKeys (ConfUtils.java:logGet(46)) - raft.server.log.appender.buffer.byte-limit = 4MB (=4194304) (default)
2023-03-03 03:31:15,100 [s0-impl-thread1] INFO  server.RaftServerConfigKeys (ConfUtils.java:logGet(46)) - raft.server.log.statemachine.data.read.timeout = 1000ms (default)
2023-03-03 03:31:15,100 [s0-impl-thread1] INFO  server.RaftServerConfigKeys (ConfUtils.java:logGet(46)) - raft.server.log.purge.preservation.log.num = 0 (default)
2023-03-03 03:31:15,100 [s0-impl-thread1] INFO  server.RaftServerConfigKeys (ConfUtils.java:logGet(46)) - raft.server.log.segment.size.max = 8MB (=8388608) (default)
2023-03-03 03:31:15,101 [s0-impl-thread1] INFO  server.RaftServerConfigKeys (ConfUtils.java:logGet(46)) - raft.server.log.segment.cache.num.max = 6 (default)
2023-03-03 03:31:15,101 [s0-impl-thread1] INFO  server.RaftServerConfigKeys (ConfUtils.java:logGet(46)) - raft.server.log.segment.cache.size.max = 200MB (=209715200) (default)
2023-03-03 03:31:15,101 [s0-impl-thread1] INFO  server.RaftServerConfigKeys (ConfUtils.java:logGet(46)) - raft.server.log.appender.buffer.byte-limit = 4MB (=4194304) (default)
2023-03-03 03:31:15,101 [s0-impl-thread1] INFO  segmented.SegmentedRaftLogWorker (SegmentedRaftLogWorker.java:<init>(183)) - new s0@group-5A56208BFE72-SegmentedRaftLogWorker for RaftStorageImpl:Storage Directory /home/runner/work/ratis/ratis/ratis-test/target/test/data/8eb7620b/MiniRaftClusterWithGrpc5ee96355/s0/ea00c4e2-cb01-4944-a844-5a56208bfe72
2023-03-03 03:31:15,101 [s0-impl-thread1] INFO  server.RaftServerConfigKeys (ConfUtils.java:logGet(46)) - raft.server.log.queue.byte-limit = 64MB (=67108864) (default)
2023-03-03 03:31:15,101 [s0-impl-thread1] INFO  server.RaftServerConfigKeys (ConfUtils.java:logGet(46)) - raft.server.log.queue.element-limit = 4096 (default)
2023-03-03 03:31:15,101 [s0-impl-thread1] INFO  server.RaftServerConfigKeys (ConfUtils.java:logGet(46)) - raft.server.log.segment.size.max = 8MB (=8388608) (default)
2023-03-03 03:31:15,101 [s0-impl-thread1] INFO  server.RaftServerConfigKeys (ConfUtils.java:logGet(46)) - raft.server.log.preallocated.size = 4MB (=4194304) (default)
2023-03-03 03:31:15,101 [s0-impl-thread1] INFO  server.RaftServerConfigKeys (ConfUtils.java:logGet(46)) - raft.server.log.force.sync.num = 128 (default)
2023-03-03 03:31:15,101 [s0-impl-thread1] INFO  server.RaftServerConfigKeys (ConfUtils.java:logGet(46)) - raft.server.log.statemachine.data.sync = true (default)
2023-03-03 03:31:15,101 [s0-impl-thread1] INFO  server.RaftServerConfigKeys (ConfUtils.java:logGet(46)) - raft.server.log.statemachine.data.sync.timeout = 10s (default)
2023-03-03 03:31:15,101 [s0-impl-thread1] INFO  server.RaftServerConfigKeys (ConfUtils.java:logGet(46)) - raft.server.log.statemachine.data.sync.timeout.retry = -1 (default)
2023-03-03 03:31:15,101 [s0-impl-thread1] INFO  server.RaftServerConfigKeys (ConfUtils.java:logGet(46)) - raft.server.log.write.buffer.size = 64KB (=65536) (default)
2023-03-03 03:31:15,101 [s0-impl-thread1] INFO  server.RaftServerConfigKeys (ConfUtils.java:logGet(46)) - raft.server.log.appender.buffer.byte-limit = 4MB (=4194304) (default)
2023-03-03 03:31:15,102 [s0-impl-thread1] INFO  server.RaftServerConfigKeys (ConfUtils.java:logGet(46)) - raft.server.log.unsafe-flush.enabled = false (default)
2023-03-03 03:31:15,102 [s0-impl-thread1] INFO  server.RaftServerConfigKeys (ConfUtils.java:logGet(46)) - raft.server.log.async-flush.enabled = false (default)
2023-03-03 03:31:15,103 [s0-impl-thread1] INFO  server.RaftServerConfigKeys (ConfUtils.java:logGet(46)) - raft.server.log.statemachine.data.caching.enabled = false (default)
2023-03-03 03:31:15,103 [s0-impl-thread1] INFO  segmented.SegmentedRaftLogWorker (SegmentedRaftLogWorker.java:lambda$new$0(134)) - s0@group-5A56208BFE72-SegmentedRaftLogWorker: flushIndex: setUnconditionally 0 -> -1
2023-03-03 03:31:15,103 [s0-impl-thread1] INFO  segmented.SegmentedRaftLogWorker (SegmentedRaftLogWorker.java:lambda$new$0(134)) - s0@group-5A56208BFE72-SegmentedRaftLogWorker: safeCacheEvictIndex: setUnconditionally 0 -> -1
2023-03-03 03:31:15,113 [s0-impl-thread1] INFO  server.RaftServer$Division (RaftServerImpl.java:start(342)) - s0@group-5A56208BFE72: start as a follower, conf=-1: peers:[s0|rpc:localhost:39883|admin:localhost:42503|client:localhost:36873|dataStream:localhost:33257|priority:0|startupRole:FOLLOWER, s1|rpc:localhost:43739|admin:localhost:38789|client:localhost:38545|dataStream:localhost:42389|priority:0|startupRole:FOLLOWER, s2|rpc:localhost:40449|admin:localhost:41945|client:localhost:45079|dataStream:localhost:39903|priority:0|startupRole:FOLLOWER]|listeners:[], old=null
2023-03-03 03:31:15,113 [s0-impl-thread1] INFO  server.RaftServer$Division (RaftServerImpl.java:setRole(329)) - s0@group-5A56208BFE72: changes role from      null to FOLLOWER at term 0 for startAsFollower
2023-03-03 03:31:15,113 [s0-impl-thread1] INFO  impl.RoleInfo (RoleInfo.java:updateAndGet(139)) - s0: start s0@group-5A56208BFE72-FollowerState
2023-03-03 03:31:15,121 [s0-impl-thread1] INFO  util.JmxRegister (JmxRegister.java:tryRegister(44)) - Successfully registered JMX Bean with object name Ratis:service=RaftServer,group=group-5A56208BFE72,id=s0
2023-03-03 03:31:15,121 [s0-impl-thread1] INFO  server.RaftServerConfigKeys (ConfUtils.java:logGet(46)) - raft.server.snapshot.auto.trigger.enabled = false (default)
2023-03-03 03:31:15,121 [s0-impl-thread1] INFO  server.RaftServerConfigKeys (ConfUtils.java:logGet(46)) - raft.server.snapshot.retention.file.num = -1 (default)
2023-03-03 03:31:15,121 [s0-impl-thread1] INFO  server.RaftServerConfigKeys (ConfUtils.java:logGet(46)) - raft.server.log.purge.upto.snapshot.index = false (default)
2023-03-03 03:31:15,121 [s0@group-5A56208BFE72-FollowerState] INFO  server.RaftServerConfigKeys (ConfUtils.java:logFallback(53)) - raft.server.rpc.first-election.timeout.min = 150ms (fallback to raft.server.rpc.timeout.min)
2023-03-03 03:31:15,121 [s0@group-5A56208BFE72-FollowerState] INFO  server.RaftServerConfigKeys (ConfUtils.java:logFallback(53)) - raft.server.rpc.first-election.timeout.max = 300ms (fallback to raft.server.rpc.timeout.max)
2023-03-03 03:31:15,129 [Time-limited test] INFO  server.RaftServer (RaftServerProxy.java:startImpl(401)) - s0: start RPC server
2023-03-03 03:31:15,129 [Time-limited test] INFO  server.GrpcService (GrpcService.java:startImpl(302)) - s0: GrpcService started, listening on 36873
2023-03-03 03:31:15,130 [Time-limited test] INFO  server.GrpcService (GrpcService.java:startImpl(302)) - s0: GrpcService started, listening on 39883
2023-03-03 03:31:15,130 [Time-limited test] INFO  server.GrpcService (GrpcService.java:startImpl(302)) - s0: GrpcService started, listening on 42503
2023-03-03 03:31:15,137 [JvmPauseMonitor16] INFO  util.JvmPauseMonitor (JvmPauseMonitor.java:run(103)) - JvmPauseMonitor-s0: Started
2023-03-03 03:31:15,137 [s1-impl-thread1] INFO  server.RaftServerConfigKeys (ConfUtils.java:logGet(46)) - raft.server.storage.free-space.min = 0MB (=0) (default)
2023-03-03 03:31:15,137 [s1-impl-thread1] INFO  server.RaftServerConfigKeys (ConfUtils.java:logGet(46)) - raft.server.log.corruption.policy = EXCEPTION (default)
2023-03-03 03:31:15,137 [s1-impl-thread1] INFO  server.RaftServerConfigKeys (ConfUtils.java:logGet(46)) - raft.server.storage.dir = [/home/runner/work/ratis/ratis/ratis-test/target/test/data/8eb7620b/MiniRaftClusterWithGrpc5ee96355/s1] (custom)
2023-03-03 03:31:15,137 [s1-impl-thread1] INFO  storage.RaftStorageDirectory (RaftStorageDirectoryImpl.java:analyzeStorage(138)) - The storage directory /home/runner/work/ratis/ratis/ratis-test/target/test/data/8eb7620b/MiniRaftClusterWithGrpc5ee96355/s1/ea00c4e2-cb01-4944-a844-5a56208bfe72 does not exist. Creating ...
2023-03-03 03:31:15,137 [s1-impl-thread1] TRACE util.FileUtils (LogUtils.java:runAndLog(49)) - Successfully ran Files.createDirectories /home/runner/work/ratis/ratis/ratis-test/target/test/data/8eb7620b/MiniRaftClusterWithGrpc5ee96355/s1/ea00c4e2-cb01-4944-a844-5a56208bfe72
2023-03-03 03:31:15,139 [s1-impl-thread1] INFO  storage.RaftStorageDirectory (RaftStorageDirectoryImpl.java:tryLock(232)) - Lock on /home/runner/work/ratis/ratis/ratis-test/target/test/data/8eb7620b/MiniRaftClusterWithGrpc5ee96355/s1/ea00c4e2-cb01-4944-a844-5a56208bfe72/in_use.lock acquired by nodename 15006@fv-az91-870
2023-03-03 03:31:15,139 [s1-impl-thread1] TRACE util.FileUtils (LogUtils.java:runAndLog(49)) - Successfully ran Files.createDirectories /home/runner/work/ratis/ratis/ratis-test/target/test/data/8eb7620b/MiniRaftClusterWithGrpc5ee96355/s1/ea00c4e2-cb01-4944-a844-5a56208bfe72/current
2023-03-03 03:31:15,139 [s1-impl-thread1] TRACE util.FileUtils (LogUtils.java:runAndLog(49)) - Successfully ran Files.createDirectories /home/runner/work/ratis/ratis/ratis-test/target/test/data/8eb7620b/MiniRaftClusterWithGrpc5ee96355/s1/ea00c4e2-cb01-4944-a844-5a56208bfe72/sm
2023-03-03 03:31:15,140 [s1-impl-thread1] INFO  storage.RaftStorage (RaftStorageImpl.java:format(96)) - Storage directory /home/runner/work/ratis/ratis/ratis-test/target/test/data/8eb7620b/MiniRaftClusterWithGrpc5ee96355/s1/ea00c4e2-cb01-4944-a844-5a56208bfe72 has been successfully formatted.
2023-03-03 03:31:15,140 [s1-impl-thread1] INFO  impl.SimpleStateMachine4Testing (SimpleStateMachine4Testing.java:initialize(213)) - Initializing SimpleStateMachine4Testing:uninitialized
2023-03-03 03:31:15,140 [s1-impl-thread1] INFO  impl.SimpleStateMachine4Testing (SimpleStateMachine4Testing.java:loadSnapshot(293)) - Loading snapshot null
2023-03-03 03:31:15,140 [s1-impl-thread1] INFO  server.RaftServerConfigKeys (ConfUtils.java:logGet(46)) - raft.server.log.use.memory = false (default)
2023-03-03 03:31:15,140 [s1-impl-thread1] INFO  server.RaftServerConfigKeys (ConfUtils.java:logGet(46)) - raft.server.log.purge.gap = 1024 (default)
2023-03-03 03:31:15,140 [s1-impl-thread1] INFO  server.RaftServerConfigKeys (ConfUtils.java:logGet(46)) - raft.server.log.appender.buffer.byte-limit = 4MB (=4194304) (default)
2023-03-03 03:31:15,140 [s1-impl-thread1] INFO  server.RaftServerConfigKeys (ConfUtils.java:logGet(46)) - raft.server.log.statemachine.data.read.timeout = 1000ms (default)
2023-03-03 03:31:15,140 [s1-impl-thread1] INFO  server.RaftServerConfigKeys (ConfUtils.java:logGet(46)) - raft.server.log.purge.preservation.log.num = 0 (default)
2023-03-03 03:31:15,141 [s1-impl-thread1] INFO  server.RaftServerConfigKeys (ConfUtils.java:logGet(46)) - raft.server.log.segment.size.max = 8MB (=8388608) (default)
2023-03-03 03:31:15,141 [s1-impl-thread1] INFO  server.RaftServerConfigKeys (ConfUtils.java:logGet(46)) - raft.server.log.segment.cache.num.max = 6 (default)
2023-03-03 03:31:15,141 [s1-impl-thread1] INFO  server.RaftServerConfigKeys (ConfUtils.java:logGet(46)) - raft.server.log.segment.cache.size.max = 200MB (=209715200) (default)
2023-03-03 03:31:15,141 [s1-impl-thread1] INFO  server.RaftServerConfigKeys (ConfUtils.java:logGet(46)) - raft.server.log.appender.buffer.byte-limit = 4MB (=4194304) (default)
2023-03-03 03:31:15,141 [s1-impl-thread1] INFO  segmented.SegmentedRaftLogWorker (SegmentedRaftLogWorker.java:<init>(183)) - new s1@group-5A56208BFE72-SegmentedRaftLogWorker for RaftStorageImpl:Storage Directory /home/runner/work/ratis/ratis/ratis-test/target/test/data/8eb7620b/MiniRaftClusterWithGrpc5ee96355/s1/ea00c4e2-cb01-4944-a844-5a56208bfe72
2023-03-03 03:31:15,141 [s1-impl-thread1] INFO  server.RaftServerConfigKeys (ConfUtils.java:logGet(46)) - raft.server.log.queue.byte-limit = 64MB (=67108864) (default)
2023-03-03 03:31:15,141 [s1-impl-thread1] INFO  server.RaftServerConfigKeys (ConfUtils.java:logGet(46)) - raft.server.log.queue.element-limit = 4096 (default)
2023-03-03 03:31:15,141 [s1-impl-thread1] INFO  server.RaftServerConfigKeys (ConfUtils.java:logGet(46)) - raft.server.log.segment.size.max = 8MB (=8388608) (default)
2023-03-03 03:31:15,141 [s1-impl-thread1] INFO  server.RaftServerConfigKeys (ConfUtils.java:logGet(46)) - raft.server.log.preallocated.size = 4MB (=4194304) (default)
2023-03-03 03:31:15,141 [s1-impl-thread1] INFO  server.RaftServerConfigKeys (ConfUtils.java:logGet(46)) - raft.server.log.force.sync.num = 128 (default)
2023-03-03 03:31:15,141 [s1-impl-thread1] INFO  server.RaftServerConfigKeys (ConfUtils.java:logGet(46)) - raft.server.log.statemachine.data.sync = true (default)
2023-03-03 03:31:15,141 [s1-impl-thread1] INFO  server.RaftServerConfigKeys (ConfUtils.java:logGet(46)) - raft.server.log.statemachine.data.sync.timeout = 10s (default)
2023-03-03 03:31:15,141 [s1-impl-thread1] INFO  server.RaftServerConfigKeys (ConfUtils.java:logGet(46)) - raft.server.log.statemachine.data.sync.timeout.retry = -1 (default)
2023-03-03 03:31:15,141 [s1-impl-thread1] INFO  server.RaftServerConfigKeys (ConfUtils.java:logGet(46)) - raft.server.log.write.buffer.size = 64KB (=65536) (default)
2023-03-03 03:31:15,141 [s1-impl-thread1] INFO  server.RaftServerConfigKeys (ConfUtils.java:logGet(46)) - raft.server.log.appender.buffer.byte-limit = 4MB (=4194304) (default)
2023-03-03 03:31:15,142 [s1-impl-thread1] INFO  server.RaftServerConfigKeys (ConfUtils.java:logGet(46)) - raft.server.log.unsafe-flush.enabled = false (default)
2023-03-03 03:31:15,142 [s1-impl-thread1] INFO  server.RaftServerConfigKeys (ConfUtils.java:logGet(46)) - raft.server.log.async-flush.enabled = false (default)
2023-03-03 03:31:15,142 [s1-impl-thread1] INFO  server.RaftServerConfigKeys (ConfUtils.java:logGet(46)) - raft.server.log.statemachine.data.caching.enabled = false (default)
2023-03-03 03:31:15,142 [s1-impl-thread1] INFO  segmented.SegmentedRaftLogWorker (SegmentedRaftLogWorker.java:lambda$new$0(134)) - s1@group-5A56208BFE72-SegmentedRaftLogWorker: flushIndex: setUnconditionally 0 -> -1
2023-03-03 03:31:15,142 [s1-impl-thread1] INFO  segmented.SegmentedRaftLogWorker (SegmentedRaftLogWorker.java:lambda$new$0(134)) - s1@group-5A56208BFE72-SegmentedRaftLogWorker: safeCacheEvictIndex: setUnconditionally 0 -> -1
2023-03-03 03:31:15,149 [s1-impl-thread1] INFO  server.RaftServer$Division (RaftServerImpl.java:start(342)) - s1@group-5A56208BFE72: start as a follower, conf=-1: peers:[s0|rpc:localhost:39883|admin:localhost:42503|client:localhost:36873|dataStream:localhost:33257|priority:0|startupRole:FOLLOWER, s1|rpc:localhost:43739|admin:localhost:38789|client:localhost:38545|dataStream:localhost:42389|priority:0|startupRole:FOLLOWER, s2|rpc:localhost:40449|admin:localhost:41945|client:localhost:45079|dataStream:localhost:39903|priority:0|startupRole:FOLLOWER]|listeners:[], old=null
2023-03-03 03:31:15,149 [s1-impl-thread1] INFO  server.RaftServer$Division (RaftServerImpl.java:setRole(329)) - s1@group-5A56208BFE72: changes role from      null to FOLLOWER at term 0 for startAsFollower
2023-03-03 03:31:15,149 [s1-impl-thread1] INFO  impl.RoleInfo (RoleInfo.java:updateAndGet(139)) - s1: start s1@group-5A56208BFE72-FollowerState
2023-03-03 03:31:15,149 [s1-impl-thread1] INFO  util.JmxRegister (JmxRegister.java:tryRegister(44)) - Successfully registered JMX Bean with object name Ratis:service=RaftServer,group=group-5A56208BFE72,id=s1
2023-03-03 03:31:15,149 [s1-impl-thread1] INFO  server.RaftServerConfigKeys (ConfUtils.java:logGet(46)) - raft.server.snapshot.auto.trigger.enabled = false (default)
2023-03-03 03:31:15,149 [s1-impl-thread1] INFO  server.RaftServerConfigKeys (ConfUtils.java:logGet(46)) - raft.server.snapshot.retention.file.num = -1 (default)
2023-03-03 03:31:15,149 [s1-impl-thread1] INFO  server.RaftServerConfigKeys (ConfUtils.java:logGet(46)) - raft.server.log.purge.upto.snapshot.index = false (default)
2023-03-03 03:31:15,150 [s1@group-5A56208BFE72-FollowerState] INFO  server.RaftServerConfigKeys (ConfUtils.java:logFallback(53)) - raft.server.rpc.first-election.timeout.min = 150ms (fallback to raft.server.rpc.timeout.min)
2023-03-03 03:31:15,150 [s1@group-5A56208BFE72-FollowerState] INFO  server.RaftServerConfigKeys (ConfUtils.java:logFallback(53)) - raft.server.rpc.first-election.timeout.max = 300ms (fallback to raft.server.rpc.timeout.max)
2023-03-03 03:31:15,154 [Time-limited test] INFO  server.RaftServer (RaftServerProxy.java:startImpl(401)) - s1: start RPC server
2023-03-03 03:31:15,154 [Time-limited test] INFO  server.GrpcService (GrpcService.java:startImpl(302)) - s1: GrpcService started, listening on 38545
2023-03-03 03:31:15,154 [Time-limited test] INFO  server.GrpcService (GrpcService.java:startImpl(302)) - s1: GrpcService started, listening on 43739
2023-03-03 03:31:15,154 [Time-limited test] INFO  server.GrpcService (GrpcService.java:startImpl(302)) - s1: GrpcService started, listening on 38789
2023-03-03 03:31:15,161 [s2-impl-thread1] INFO  server.RaftServerConfigKeys (ConfUtils.java:logGet(46)) - raft.server.storage.free-space.min = 0MB (=0) (default)
2023-03-03 03:31:15,161 [s2-impl-thread1] INFO  server.RaftServerConfigKeys (ConfUtils.java:logGet(46)) - raft.server.log.corruption.policy = EXCEPTION (default)
2023-03-03 03:31:15,161 [s2-impl-thread1] INFO  server.RaftServerConfigKeys (ConfUtils.java:logGet(46)) - raft.server.storage.dir = [/home/runner/work/ratis/ratis/ratis-test/target/test/data/8eb7620b/MiniRaftClusterWithGrpc5ee96355/s2] (custom)
2023-03-03 03:31:15,161 [s2-impl-thread1] INFO  storage.RaftStorageDirectory (RaftStorageDirectoryImpl.java:analyzeStorage(138)) - The storage directory /home/runner/work/ratis/ratis/ratis-test/target/test/data/8eb7620b/MiniRaftClusterWithGrpc5ee96355/s2/ea00c4e2-cb01-4944-a844-5a56208bfe72 does not exist. Creating ...
2023-03-03 03:31:15,161 [s2-impl-thread1] TRACE util.FileUtils (LogUtils.java:runAndLog(49)) - Successfully ran Files.createDirectories /home/runner/work/ratis/ratis/ratis-test/target/test/data/8eb7620b/MiniRaftClusterWithGrpc5ee96355/s2/ea00c4e2-cb01-4944-a844-5a56208bfe72
2023-03-03 03:31:15,169 [JvmPauseMonitor17] INFO  util.JvmPauseMonitor (JvmPauseMonitor.java:run(103)) - JvmPauseMonitor-s1: Started
2023-03-03 03:31:15,170 [s2-impl-thread1] INFO  storage.RaftStorageDirectory (RaftStorageDirectoryImpl.java:tryLock(232)) - Lock on /home/runner/work/ratis/ratis/ratis-test/target/test/data/8eb7620b/MiniRaftClusterWithGrpc5ee96355/s2/ea00c4e2-cb01-4944-a844-5a56208bfe72/in_use.lock acquired by nodename 15006@fv-az91-870
2023-03-03 03:31:15,170 [s2-impl-thread1] TRACE util.FileUtils (LogUtils.java:runAndLog(49)) - Successfully ran Files.createDirectories /home/runner/work/ratis/ratis/ratis-test/target/test/data/8eb7620b/MiniRaftClusterWithGrpc5ee96355/s2/ea00c4e2-cb01-4944-a844-5a56208bfe72/current
2023-03-03 03:31:15,170 [s2-impl-thread1] TRACE util.FileUtils (LogUtils.java:runAndLog(49)) - Successfully ran Files.createDirectories /home/runner/work/ratis/ratis/ratis-test/target/test/data/8eb7620b/MiniRaftClusterWithGrpc5ee96355/s2/ea00c4e2-cb01-4944-a844-5a56208bfe72/sm
2023-03-03 03:31:15,172 [s2-impl-thread1] INFO  storage.RaftStorage (RaftStorageImpl.java:format(96)) - Storage directory /home/runner/work/ratis/ratis/ratis-test/target/test/data/8eb7620b/MiniRaftClusterWithGrpc5ee96355/s2/ea00c4e2-cb01-4944-a844-5a56208bfe72 has been successfully formatted.
2023-03-03 03:31:15,172 [s2-impl-thread1] INFO  impl.SimpleStateMachine4Testing (SimpleStateMachine4Testing.java:initialize(213)) - Initializing SimpleStateMachine4Testing:uninitialized
2023-03-03 03:31:15,172 [s2-impl-thread1] INFO  impl.SimpleStateMachine4Testing (SimpleStateMachine4Testing.java:loadSnapshot(293)) - Loading snapshot null
2023-03-03 03:31:15,172 [s2-impl-thread1] INFO  server.RaftServerConfigKeys (ConfUtils.java:logGet(46)) - raft.server.log.use.memory = false (default)
2023-03-03 03:31:15,172 [s2-impl-thread1] INFO  server.RaftServerConfigKeys (ConfUtils.java:logGet(46)) - raft.server.log.purge.gap = 1024 (default)
2023-03-03 03:31:15,172 [s2-impl-thread1] INFO  server.RaftServerConfigKeys (ConfUtils.java:logGet(46)) - raft.server.log.appender.buffer.byte-limit = 4MB (=4194304) (default)
2023-03-03 03:31:15,172 [s2-impl-thread1] INFO  server.RaftServerConfigKeys (ConfUtils.java:logGet(46)) - raft.server.log.statemachine.data.read.timeout = 1000ms (default)
2023-03-03 03:31:15,172 [s2-impl-thread1] INFO  server.RaftServerConfigKeys (ConfUtils.java:logGet(46)) - raft.server.log.purge.preservation.log.num = 0 (default)
2023-03-03 03:31:15,172 [s2-impl-thread1] INFO  server.RaftServerConfigKeys (ConfUtils.java:logGet(46)) - raft.server.log.segment.size.max = 8MB (=8388608) (default)
2023-03-03 03:31:15,173 [s2-impl-thread1] INFO  server.RaftServerConfigKeys (ConfUtils.java:logGet(46)) - raft.server.log.segment.cache.num.max = 6 (default)
2023-03-03 03:31:15,173 [s2-impl-thread1] INFO  server.RaftServerConfigKeys (ConfUtils.java:logGet(46)) - raft.server.log.segment.cache.size.max = 200MB (=209715200) (default)
2023-03-03 03:31:15,173 [s2-impl-thread1] INFO  server.RaftServerConfigKeys (ConfUtils.java:logGet(46)) - raft.server.log.appender.buffer.byte-limit = 4MB (=4194304) (default)
2023-03-03 03:31:15,173 [s2-impl-thread1] INFO  segmented.SegmentedRaftLogWorker (SegmentedRaftLogWorker.java:<init>(183)) - new s2@group-5A56208BFE72-SegmentedRaftLogWorker for RaftStorageImpl:Storage Directory /home/runner/work/ratis/ratis/ratis-test/target/test/data/8eb7620b/MiniRaftClusterWithGrpc5ee96355/s2/ea00c4e2-cb01-4944-a844-5a56208bfe72
2023-03-03 03:31:15,173 [s2-impl-thread1] INFO  server.RaftServerConfigKeys (ConfUtils.java:logGet(46)) - raft.server.log.queue.byte-limit = 64MB (=67108864) (default)
2023-03-03 03:31:15,173 [s2-impl-thread1] INFO  server.RaftServerConfigKeys (ConfUtils.java:logGet(46)) - raft.server.log.queue.element-limit = 4096 (default)
2023-03-03 03:31:15,173 [s2-impl-thread1] INFO  server.RaftServerConfigKeys (ConfUtils.java:logGet(46)) - raft.server.log.segment.size.max = 8MB (=8388608) (default)
2023-03-03 03:31:15,173 [s2-impl-thread1] INFO  server.RaftServerConfigKeys (ConfUtils.java:logGet(46)) - raft.server.log.preallocated.size = 4MB (=4194304) (default)
2023-03-03 03:31:15,173 [s2-impl-thread1] INFO  server.RaftServerConfigKeys (ConfUtils.java:logGet(46)) - raft.server.log.force.sync.num = 128 (default)
2023-03-03 03:31:15,173 [s2-impl-thread1] INFO  server.RaftServerConfigKeys (ConfUtils.java:logGet(46)) - raft.server.log.statemachine.data.sync = true (default)
2023-03-03 03:31:15,173 [s2-impl-thread1] INFO  server.RaftServerConfigKeys (ConfUtils.java:logGet(46)) - raft.server.log.statemachine.data.sync.timeout = 10s (default)
2023-03-03 03:31:15,173 [s2-impl-thread1] INFO  server.RaftServerConfigKeys (ConfUtils.java:logGet(46)) - raft.server.log.statemachine.data.sync.timeout.retry = -1 (default)
2023-03-03 03:31:15,173 [s2-impl-thread1] INFO  server.RaftServerConfigKeys (ConfUtils.java:logGet(46)) - raft.server.log.write.buffer.size = 64KB (=65536) (default)
2023-03-03 03:31:15,173 [s2-impl-thread1] INFO  server.RaftServerConfigKeys (ConfUtils.java:logGet(46)) - raft.server.log.appender.buffer.byte-limit = 4MB (=4194304) (default)
2023-03-03 03:31:15,176 [s2-impl-thread1] INFO  server.RaftServerConfigKeys (ConfUtils.java:logGet(46)) - raft.server.log.unsafe-flush.enabled = false (default)
2023-03-03 03:31:15,176 [s2-impl-thread1] INFO  server.RaftServerConfigKeys (ConfUtils.java:logGet(46)) - raft.server.log.async-flush.enabled = false (default)
2023-03-03 03:31:15,176 [s2-impl-thread1] INFO  server.RaftServerConfigKeys (ConfUtils.java:logGet(46)) - raft.server.log.statemachine.data.caching.enabled = false (default)
2023-03-03 03:31:15,176 [s2-impl-thread1] INFO  segmented.SegmentedRaftLogWorker (SegmentedRaftLogWorker.java:lambda$new$0(134)) - s2@group-5A56208BFE72-SegmentedRaftLogWorker: flushIndex: setUnconditionally 0 -> -1
2023-03-03 03:31:15,176 [s2-impl-thread1] INFO  segmented.SegmentedRaftLogWorker (SegmentedRaftLogWorker.java:lambda$new$0(134)) - s2@group-5A56208BFE72-SegmentedRaftLogWorker: safeCacheEvictIndex: setUnconditionally 0 -> -1
2023-03-03 03:31:15,177 [s2-impl-thread1] INFO  server.RaftServer$Division (RaftServerImpl.java:start(342)) - s2@group-5A56208BFE72: start as a follower, conf=-1: peers:[s0|rpc:localhost:39883|admin:localhost:42503|client:localhost:36873|dataStream:localhost:33257|priority:0|startupRole:FOLLOWER, s1|rpc:localhost:43739|admin:localhost:38789|client:localhost:38545|dataStream:localhost:42389|priority:0|startupRole:FOLLOWER, s2|rpc:localhost:40449|admin:localhost:41945|client:localhost:45079|dataStream:localhost:39903|priority:0|startupRole:FOLLOWER]|listeners:[], old=null
2023-03-03 03:31:15,177 [s2-impl-thread1] INFO  server.RaftServer$Division (RaftServerImpl.java:setRole(329)) - s2@group-5A56208BFE72: changes role from      null to FOLLOWER at term 0 for startAsFollower
2023-03-03 03:31:15,177 [s2-impl-thread1] INFO  impl.RoleInfo (RoleInfo.java:updateAndGet(139)) - s2: start s2@group-5A56208BFE72-FollowerState
2023-03-03 03:31:15,177 [s2-impl-thread1] INFO  util.JmxRegister (JmxRegister.java:tryRegister(44)) - Successfully registered JMX Bean with object name Ratis:service=RaftServer,group=group-5A56208BFE72,id=s2
2023-03-03 03:31:15,177 [s2-impl-thread1] INFO  server.RaftServerConfigKeys (ConfUtils.java:logGet(46)) - raft.server.snapshot.auto.trigger.enabled = false (default)
2023-03-03 03:31:15,178 [s2-impl-thread1] INFO  server.RaftServerConfigKeys (ConfUtils.java:logGet(46)) - raft.server.snapshot.retention.file.num = -1 (default)
2023-03-03 03:31:15,178 [s2-impl-thread1] INFO  server.RaftServerConfigKeys (ConfUtils.java:logGet(46)) - raft.server.log.purge.upto.snapshot.index = false (default)
2023-03-03 03:31:15,178 [s2@group-5A56208BFE72-FollowerState] INFO  server.RaftServerConfigKeys (ConfUtils.java:logFallback(53)) - raft.server.rpc.first-election.timeout.min = 150ms (fallback to raft.server.rpc.timeout.min)
2023-03-03 03:31:15,178 [s2@group-5A56208BFE72-FollowerState] INFO  server.RaftServerConfigKeys (ConfUtils.java:logFallback(53)) - raft.server.rpc.first-election.timeout.max = 300ms (fallback to raft.server.rpc.timeout.max)
2023-03-03 03:31:15,178 [Time-limited test] INFO  server.RaftServer (RaftServerProxy.java:startImpl(401)) - s2: start RPC server
2023-03-03 03:31:15,178 [Time-limited test] INFO  server.GrpcService (GrpcService.java:startImpl(302)) - s2: GrpcService started, listening on 45079
2023-03-03 03:31:15,179 [Time-limited test] INFO  server.GrpcService (GrpcService.java:startImpl(302)) - s2: GrpcService started, listening on 40449
2023-03-03 03:31:15,179 [Time-limited test] INFO  server.GrpcService (GrpcService.java:startImpl(302)) - s2: GrpcService started, listening on 41945
2023-03-03 03:31:15,193 [JvmPauseMonitor18] INFO  util.JvmPauseMonitor (JvmPauseMonitor.java:run(103)) - JvmPauseMonitor-s2: Started
2023-03-03 03:31:15,213 [null-request--thread1] INFO  server.GrpcClientProtocolService (GrpcClientProtocolService.java:lambda$processClientRequest$0(284)) - Failed RaftClientRequest:client-DB360235CC92->s0@group-5A56208BFE72, cid=672, seq=0, RW, Message:6d, reply=RaftClientReply:client-DB360235CC92->s0@group-5A56208BFE72, cid=672, FAILED org.apache.ratis.protocol.exceptions.NotLeaderException: Server s0@group-5A56208BFE72 is not the leader, logIndex=0, commits[s0:c-1]
2023-03-03 03:31:15,341 [null-request--thread1] INFO  server.GrpcClientProtocolService (GrpcClientProtocolService.java:lambda$processClientRequest$0(284)) - Failed RaftClientRequest:client-DB360235CC92->s1@group-5A56208BFE72, cid=672, seq=0, RW, Message:6d, reply=RaftClientReply:client-DB360235CC92->s1@group-5A56208BFE72, cid=672, FAILED org.apache.ratis.protocol.exceptions.NotLeaderException: Server s1@group-5A56208BFE72 is not the leader, logIndex=0, commits[s1:c-1]
2023-03-03 03:31:15,361 [s1@group-5A56208BFE72-FollowerState] INFO  impl.FollowerState (FollowerState.java:run(143)) - s1@group-5A56208BFE72-FollowerState: change to CANDIDATE, lastRpcElapsedTime:211941904ns, electionTimeout:211ms
2023-03-03 03:31:15,361 [s1@group-5A56208BFE72-FollowerState] INFO  impl.RoleInfo (RoleInfo.java:shutdownFollowerState(110)) - s1: shutdown s1@group-5A56208BFE72-FollowerState
2023-03-03 03:31:15,361 [s1@group-5A56208BFE72-FollowerState] INFO  server.RaftServer$Division (RaftServerImpl.java:setRole(329)) - s1@group-5A56208BFE72: changes role from  FOLLOWER to CANDIDATE at term 0 for changeToCandidate
2023-03-03 03:31:15,364 [s1@group-5A56208BFE72-FollowerState] INFO  server.RaftServerConfigKeys (ConfUtils.java:logGet(46)) - raft.server.leaderelection.pre-vote = true (default)
2023-03-03 03:31:15,364 [s1@group-5A56208BFE72-FollowerState] INFO  impl.RoleInfo (RoleInfo.java:updateAndGet(139)) - s1: start s1@group-5A56208BFE72-LeaderElection11
2023-03-03 03:31:15,374 [s0@group-5A56208BFE72-FollowerState] INFO  impl.FollowerState (FollowerState.java:run(143)) - s0@group-5A56208BFE72-FollowerState: change to CANDIDATE, lastRpcElapsedTime:261613118ns, electionTimeout:253ms
2023-03-03 03:31:15,374 [s0@group-5A56208BFE72-FollowerState] INFO  impl.RoleInfo (RoleInfo.java:shutdownFollowerState(110)) - s0: shutdown s0@group-5A56208BFE72-FollowerState
2023-03-03 03:31:15,375 [s0@group-5A56208BFE72-FollowerState] INFO  server.RaftServer$Division (RaftServerImpl.java:setRole(329)) - s0@group-5A56208BFE72: changes role from  FOLLOWER to CANDIDATE at term 0 for changeToCandidate
2023-03-03 03:31:15,378 [s0@group-5A56208BFE72-FollowerState] INFO  server.RaftServerConfigKeys (ConfUtils.java:logGet(46)) - raft.server.leaderelection.pre-vote = true (default)
2023-03-03 03:31:15,378 [s0@group-5A56208BFE72-FollowerState] INFO  impl.RoleInfo (RoleInfo.java:updateAndGet(139)) - s0: start s0@group-5A56208BFE72-LeaderElection12
2023-03-03 03:31:15,381 [s1@group-5A56208BFE72-LeaderElection11] INFO  impl.LeaderElection (LeaderElection.java:askForVotes(309)) - s1@group-5A56208BFE72-LeaderElection11 PRE_VOTE round 0: submit vote requests at term 0 for -1: peers:[s0|rpc:localhost:39883|admin:localhost:42503|client:localhost:36873|dataStream:localhost:33257|priority:0|startupRole:FOLLOWER, s1|rpc:localhost:43739|admin:localhost:38789|client:localhost:38545|dataStream:localhost:42389|priority:0|startupRole:FOLLOWER, s2|rpc:localhost:40449|admin:localhost:41945|client:localhost:45079|dataStream:localhost:39903|priority:0|startupRole:FOLLOWER]|listeners:[], old=null
2023-03-03 03:31:15,382 [s1@group-5A56208BFE72-LeaderElection11-1] INFO  server.GrpcServerProtocolClient (GrpcServerProtocolClient.java:<init>(63)) - Build channel for s0
2023-03-03 03:31:15,383 [s1@group-5A56208BFE72-LeaderElection11] INFO  server.RaftServerConfigKeys (ConfUtils.java:logFallback(53)) - raft.server.rpc.first-election.timeout.min = 150ms (fallback to raft.server.rpc.timeout.min)
2023-03-03 03:31:15,383 [s1@group-5A56208BFE72-LeaderElection11] INFO  server.RaftServerConfigKeys (ConfUtils.java:logFallback(53)) - raft.server.rpc.first-election.timeout.max = 300ms (fallback to raft.server.rpc.timeout.max)
2023-03-03 03:31:15,393 [s0@group-5A56208BFE72-LeaderElection12] INFO  impl.LeaderElection (LeaderElection.java:askForVotes(309)) - s0@group-5A56208BFE72-LeaderElection12 PRE_VOTE round 0: submit vote requests at term 0 for -1: peers:[s0|rpc:localhost:39883|admin:localhost:42503|client:localhost:36873|dataStream:localhost:33257|priority:0|startupRole:FOLLOWER, s1|rpc:localhost:43739|admin:localhost:38789|client:localhost:38545|dataStream:localhost:42389|priority:0|startupRole:FOLLOWER, s2|rpc:localhost:40449|admin:localhost:41945|client:localhost:45079|dataStream:localhost:39903|priority:0|startupRole:FOLLOWER]|listeners:[], old=null
2023-03-03 03:31:15,406 [s0@group-5A56208BFE72-LeaderElection12-1] INFO  server.GrpcServerProtocolClient (GrpcServerProtocolClient.java:<init>(63)) - Build channel for s1
2023-03-03 03:31:15,409 [s0@group-5A56208BFE72-LeaderElection12] INFO  server.RaftServerConfigKeys (ConfUtils.java:logFallback(53)) - raft.server.rpc.first-election.timeout.min = 150ms (fallback to raft.server.rpc.timeout.min)
2023-03-03 03:31:15,409 [s0@group-5A56208BFE72-LeaderElection12] INFO  server.RaftServerConfigKeys (ConfUtils.java:logFallback(53)) - raft.server.rpc.first-election.timeout.max = 300ms (fallback to raft.server.rpc.timeout.max)
2023-03-03 03:31:15,409 [s1@group-5A56208BFE72-LeaderElection11-2] INFO  server.GrpcServerProtocolClient (GrpcServerProtocolClient.java:<init>(63)) - Build channel for s2
2023-03-03 03:31:15,411 [s2@group-5A56208BFE72-FollowerState] INFO  impl.FollowerState (FollowerState.java:run(143)) - s2@group-5A56208BFE72-FollowerState: change to CANDIDATE, lastRpcElapsedTime:234257720ns, electionTimeout:205ms
2023-03-03 03:31:15,411 [s2@group-5A56208BFE72-FollowerState] INFO  impl.RoleInfo (RoleInfo.java:shutdownFollowerState(110)) - s2: shutdown s2@group-5A56208BFE72-FollowerState
2023-03-03 03:31:15,411 [s2@group-5A56208BFE72-FollowerState] INFO  server.RaftServer$Division (RaftServerImpl.java:setRole(329)) - s2@group-5A56208BFE72: changes role from  FOLLOWER to CANDIDATE at term 0 for changeToCandidate
2023-03-03 03:31:15,412 [s2@group-5A56208BFE72-FollowerState] INFO  server.RaftServerConfigKeys (ConfUtils.java:logGet(46)) - raft.server.leaderelection.pre-vote = true (default)
2023-03-03 03:31:15,412 [s2@group-5A56208BFE72-FollowerState] INFO  impl.RoleInfo (RoleInfo.java:updateAndGet(139)) - s2: start s2@group-5A56208BFE72-LeaderElection13
2023-03-03 03:31:15,420 [s0@group-5A56208BFE72-LeaderElection12-2] INFO  server.GrpcServerProtocolClient (GrpcServerProtocolClient.java:<init>(63)) - Build channel for s2
2023-03-03 03:31:15,420 [grpc-default-executor-4] INFO  server.RaftServer$Division (RaftServerImpl.java:requestVote(1302)) - s0@group-5A56208BFE72: receive requestVote(PRE_VOTE, s1, group-5A56208BFE72, 0, (t:0, i:0))
2023-03-03 03:31:15,421 [grpc-default-executor-4] INFO  impl.VoteContext (VoteContext.java:log(49)) - s0@group-5A56208BFE72-CANDIDATE: accept PRE_VOTE from s1: our priority 0 <= candidate's priority 0
2023-03-03 03:31:15,421 [grpc-default-executor-4] INFO  server.RaftServer$Division (RaftServerImpl.java:requestVote(1335)) - s0@group-5A56208BFE72 replies to PRE_VOTE vote request: s1<-s0#0:OK-t0. Peer's state: s0@group-5A56208BFE72:t0, leader=null, voted=, raftlog=Memoized:s0@group-5A56208BFE72-SegmentedRaftLog:OPENED:c-1, conf=-1: peers:[s0|rpc:localhost:39883|admin:localhost:42503|client:localhost:36873|dataStream:localhost:33257|priority:0|startupRole:FOLLOWER, s1|rpc:localhost:43739|admin:localhost:38789|client:localhost:38545|dataStream:localhost:42389|priority:0|startupRole:FOLLOWER, s2|rpc:localhost:40449|admin:localhost:41945|client:localhost:45079|dataStream:localhost:39903|priority:0|startupRole:FOLLOWER]|listeners:[], old=null
2023-03-03 03:31:15,422 [grpc-default-executor-4] INFO  server.RaftServer$Division (RaftServerImpl.java:requestVote(1302)) - s1@group-5A56208BFE72: receive requestVote(PRE_VOTE, s0, group-5A56208BFE72, 0, (t:0, i:0))
2023-03-03 03:31:15,422 [grpc-default-executor-4] INFO  impl.VoteContext (VoteContext.java:log(49)) - s1@group-5A56208BFE72-CANDIDATE: accept PRE_VOTE from s0: our priority 0 <= candidate's priority 0
2023-03-03 03:31:15,422 [grpc-default-executor-4] INFO  server.RaftServer$Division (RaftServerImpl.java:requestVote(1335)) - s1@group-5A56208BFE72 replies to PRE_VOTE vote request: s0<-s1#0:OK-t0. Peer's state: s1@group-5A56208BFE72:t0, leader=null, voted=, raftlog=Memoized:s1@group-5A56208BFE72-SegmentedRaftLog:OPENED:c-1, conf=-1: peers:[s0|rpc:localhost:39883|admin:localhost:42503|client:localhost:36873|dataStream:localhost:33257|priority:0|startupRole:FOLLOWER, s1|rpc:localhost:43739|admin:localhost:38789|client:localhost:38545|dataStream:localhost:42389|priority:0|startupRole:FOLLOWER, s2|rpc:localhost:40449|admin:localhost:41945|client:localhost:45079|dataStream:localhost:39903|priority:0|startupRole:FOLLOWER]|listeners:[], old=null
2023-03-03 03:31:15,422 [s1@group-5A56208BFE72-LeaderElection11] INFO  impl.LeaderElection (LeaderElection.java:logAndReturn(89)) - s1@group-5A56208BFE72-LeaderElection11: PRE_VOTE PASSED received 1 response(s) and 0 exception(s):
2023-03-03 03:31:15,422 [s1@group-5A56208BFE72-LeaderElection11] INFO  impl.LeaderElection (LeaderElection.java:logAndReturn(93)) -   Response 0: s1<-s0#0:OK-t0
2023-03-03 03:31:15,422 [s1@group-5A56208BFE72-LeaderElection11] INFO  impl.LeaderElection (LeaderElection.java:askForVotes(311)) - s1@group-5A56208BFE72-LeaderElection11 PRE_VOTE round 0: result PASSED
2023-03-03 03:31:15,423 [s0@group-5A56208BFE72-LeaderElection12] INFO  impl.LeaderElection (LeaderElection.java:logAndReturn(89)) - s0@group-5A56208BFE72-LeaderElection12: PRE_VOTE PASSED received 1 response(s) and 0 exception(s):
2023-03-03 03:31:15,423 [s0@group-5A56208BFE72-LeaderElection12] INFO  impl.LeaderElection (LeaderElection.java:logAndReturn(93)) -   Response 0: s0<-s1#0:OK-t0
2023-03-03 03:31:15,423 [s0@group-5A56208BFE72-LeaderElection12] INFO  impl.LeaderElection (LeaderElection.java:askForVotes(311)) - s0@group-5A56208BFE72-LeaderElection12 PRE_VOTE round 0: result PASSED
2023-03-03 03:31:15,423 [grpc-default-executor-1] INFO  server.RaftServer$Division (RaftServerImpl.java:requestVote(1302)) - s2@group-5A56208BFE72: receive requestVote(PRE_VOTE, s1, group-5A56208BFE72, 0, (t:0, i:0))
2023-03-03 03:31:15,424 [grpc-default-executor-1] INFO  impl.VoteContext (VoteContext.java:log(49)) - s2@group-5A56208BFE72-CANDIDATE: accept PRE_VOTE from s1: our priority 0 <= candidate's priority 0
2023-03-03 03:31:15,424 [grpc-default-executor-1] INFO  server.RaftServer$Division (RaftServerImpl.java:requestVote(1335)) - s2@group-5A56208BFE72 replies to PRE_VOTE vote request: s1<-s2#0:OK-t0. Peer's state: s2@group-5A56208BFE72:t0, leader=null, voted=, raftlog=Memoized:s2@group-5A56208BFE72-SegmentedRaftLog:OPENED:c-1, conf=-1: peers:[s0|rpc:localhost:39883|admin:localhost:42503|client:localhost:36873|dataStream:localhost:33257|priority:0|startupRole:FOLLOWER, s1|rpc:localhost:43739|admin:localhost:38789|client:localhost:38545|dataStream:localhost:42389|priority:0|startupRole:FOLLOWER, s2|rpc:localhost:40449|admin:localhost:41945|client:localhost:45079|dataStream:localhost:39903|priority:0|startupRole:FOLLOWER]|listeners:[], old=null
2023-03-03 03:31:15,432 [s2@group-5A56208BFE72-LeaderElection13] INFO  impl.LeaderElection (LeaderElection.java:askForVotes(309)) - s2@group-5A56208BFE72-LeaderElection13 PRE_VOTE round 0: submit vote requests at term 0 for -1: peers:[s0|rpc:localhost:39883|admin:localhost:42503|client:localhost:36873|dataStream:localhost:33257|priority:0|startupRole:FOLLOWER, s1|rpc:localhost:43739|admin:localhost:38789|client:localhost:38545|dataStream:localhost:42389|priority:0|startupRole:FOLLOWER, s2|rpc:localhost:40449|admin:localhost:41945|client:localhost:45079|dataStream:localhost:39903|priority:0|startupRole:FOLLOWER]|listeners:[], old=null
2023-03-03 03:31:15,432 [grpc-default-executor-4] INFO  server.RaftServer$Division (RaftServerImpl.java:requestVote(1302)) - s2@group-5A56208BFE72: receive requestVote(PRE_VOTE, s0, group-5A56208BFE72, 0, (t:0, i:0))
2023-03-03 03:31:15,433 [grpc-default-executor-4] INFO  impl.VoteContext (VoteContext.java:log(49)) - s2@group-5A56208BFE72-CANDIDATE: accept PRE_VOTE from s0: our priority 0 <= candidate's priority 0
2023-03-03 03:31:15,433 [grpc-default-executor-4] INFO  server.RaftServer$Division (RaftServerImpl.java:requestVote(1335)) - s2@group-5A56208BFE72 replies to PRE_VOTE vote request: s0<-s2#0:OK-t0. Peer's state: s2@group-5A56208BFE72:t0, leader=null, voted=, raftlog=Memoized:s2@group-5A56208BFE72-SegmentedRaftLog:OPENED:c-1, conf=-1: peers:[s0|rpc:localhost:39883|admin:localhost:42503|client:localhost:36873|dataStream:localhost:33257|priority:0|startupRole:FOLLOWER, s1|rpc:localhost:43739|admin:localhost:38789|client:localhost:38545|dataStream:localhost:42389|priority:0|startupRole:FOLLOWER, s2|rpc:localhost:40449|admin:localhost:41945|client:localhost:45079|dataStream:localhost:39903|priority:0|startupRole:FOLLOWER]|listeners:[], old=null
2023-03-03 03:31:15,433 [s2@group-5A56208BFE72-LeaderElection13-1] INFO  server.GrpcServerProtocolClient (GrpcServerProtocolClient.java:<init>(63)) - Build channel for s0
2023-03-03 03:31:15,437 [s2@group-5A56208BFE72-LeaderElection13] INFO  server.RaftServerConfigKeys (ConfUtils.java:logFallback(53)) - raft.server.rpc.first-election.timeout.min = 150ms (fallback to raft.server.rpc.timeout.min)
2023-03-03 03:31:15,437 [s2@group-5A56208BFE72-LeaderElection13] INFO  server.RaftServerConfigKeys (ConfUtils.java:logFallback(53)) - raft.server.rpc.first-election.timeout.max = 300ms (fallback to raft.server.rpc.timeout.max)
2023-03-03 03:31:15,441 [s1@group-5A56208BFE72-LeaderElection11] INFO  impl.LeaderElection (LeaderElection.java:askForVotes(309)) - s1@group-5A56208BFE72-LeaderElection11 ELECTION round 0: submit vote requests at term 1 for -1: peers:[s0|rpc:localhost:39883|admin:localhost:42503|client:localhost:36873|dataStream:localhost:33257|priority:0|startupRole:FOLLOWER, s1|rpc:localhost:43739|admin:localhost:38789|client:localhost:38545|dataStream:localhost:42389|priority:0|startupRole:FOLLOWER, s2|rpc:localhost:40449|admin:localhost:41945|client:localhost:45079|dataStream:localhost:39903|priority:0|startupRole:FOLLOWER]|listeners:[], old=null
2023-03-03 03:31:15,441 [s0@group-5A56208BFE72-LeaderElection12] INFO  impl.LeaderElection (LeaderElection.java:askForVotes(309)) - s0@group-5A56208BFE72-LeaderElection12 ELECTION round 0: submit vote requests at term 1 for -1: peers:[s0|rpc:localhost:39883|admin:localhost:42503|client:localhost:36873|dataStream:localhost:33257|priority:0|startupRole:FOLLOWER, s1|rpc:localhost:43739|admin:localhost:38789|client:localhost:38545|dataStream:localhost:42389|priority:0|startupRole:FOLLOWER, s2|rpc:localhost:40449|admin:localhost:41945|client:localhost:45079|dataStream:localhost:39903|priority:0|startupRole:FOLLOWER]|listeners:[], old=null
2023-03-03 03:31:15,444 [s2@group-5A56208BFE72-LeaderElection13-2] INFO  server.GrpcServerProtocolClient (GrpcServerProtocolClient.java:<init>(63)) - Build channel for s1
2023-03-03 03:31:15,455 [s1@group-5A56208BFE72-LeaderElection11] INFO  server.RaftServerConfigKeys (ConfUtils.java:logFallback(53)) - raft.server.rpc.first-election.timeout.min = 150ms (fallback to raft.server.rpc.timeout.min)
2023-03-03 03:31:15,455 [s1@group-5A56208BFE72-LeaderElection11] INFO  server.RaftServerConfigKeys (ConfUtils.java:logFallback(53)) - raft.server.rpc.first-election.timeout.max = 300ms (fallback to raft.server.rpc.timeout.max)
2023-03-03 03:31:15,468 [grpc-default-executor-3] INFO  server.RaftServer$Division (RaftServerImpl.java:requestVote(1302)) - s0@group-5A56208BFE72: receive requestVote(ELECTION, s1, group-5A56208BFE72, 1, (t:0, i:0))
2023-03-03 03:31:15,468 [grpc-default-executor-3] INFO  impl.VoteContext (VoteContext.java:log(49)) - s0@group-5A56208BFE72-CANDIDATE: reject ELECTION from s1: already has voted for s0 at current term 1
2023-03-03 03:31:15,468 [grpc-default-executor-3] INFO  server.RaftServer$Division (RaftServerImpl.java:requestVote(1335)) - s0@group-5A56208BFE72 replies to ELECTION vote request: s1<-s0#0:FAIL-t1. Peer's state: s0@group-5A56208BFE72:t1, leader=null, voted=s0, raftlog=Memoized:s0@group-5A56208BFE72-SegmentedRaftLog:OPENED:c-1, conf=-1: peers:[s0|rpc:localhost:39883|admin:localhost:42503|client:localhost:36873|dataStream:localhost:33257|priority:0|startupRole:FOLLOWER, s1|rpc:localhost:43739|admin:localhost:38789|client:localhost:38545|dataStream:localhost:42389|priority:0|startupRole:FOLLOWER, s2|rpc:localhost:40449|admin:localhost:41945|client:localhost:45079|dataStream:localhost:39903|priority:0|startupRole:FOLLOWER]|listeners:[], old=null
2023-03-03 03:31:15,468 [grpc-default-executor-1] INFO  server.RaftServer$Division (RaftServerImpl.java:requestVote(1302)) - s1@group-5A56208BFE72: receive requestVote(PRE_VOTE, s2, group-5A56208BFE72, 0, (t:0, i:0))
2023-03-03 03:31:15,469 [grpc-default-executor-1] INFO  impl.VoteContext (VoteContext.java:log(49)) - s1@group-5A56208BFE72-CANDIDATE: accept PRE_VOTE from s2: our priority 0 <= candidate's priority 0
2023-03-03 03:31:15,469 [grpc-default-executor-1] INFO  server.RaftServer$Division (RaftServerImpl.java:requestVote(1335)) - s1@group-5A56208BFE72 replies to PRE_VOTE vote request: s2<-s1#0:OK-t1. Peer's state: s1@group-5A56208BFE72:t1, leader=null, voted=s1, raftlog=Memoized:s1@group-5A56208BFE72-SegmentedRaftLog:OPENED:c-1, conf=-1: peers:[s0|rpc:localhost:39883|admin:localhost:42503|client:localhost:36873|dataStream:localhost:33257|priority:0|startupRole:FOLLOWER, s1|rpc:localhost:43739|admin:localhost:38789|client:localhost:38545|dataStream:localhost:42389|priority:0|startupRole:FOLLOWER, s2|rpc:localhost:40449|admin:localhost:41945|client:localhost:45079|dataStream:localhost:39903|priority:0|startupRole:FOLLOWER]|listeners:[], old=null
2023-03-03 03:31:15,471 [s2@group-5A56208BFE72-LeaderElection13] INFO  impl.LeaderElection (LeaderElection.java:logAndReturn(89)) - s2@group-5A56208BFE72-LeaderElection13: PRE_VOTE DISCOVERED_A_NEW_TERM (term=1) received 1 response(s) and 0 exception(s):
2023-03-03 03:31:15,471 [s2@group-5A56208BFE72-LeaderElection13] INFO  impl.LeaderElection (LeaderElection.java:logAndReturn(93)) -   Response 0: s2<-s1#0:OK-t1
2023-03-03 03:31:15,471 [s2@group-5A56208BFE72-LeaderElection13] INFO  impl.LeaderElection (LeaderElection.java:askForVotes(311)) - s2@group-5A56208BFE72-LeaderElection13 PRE_VOTE round 0: result DISCOVERED_A_NEW_TERM (term=1)
2023-03-03 03:31:15,471 [grpc-default-executor-1] INFO  server.RaftServer$Division (RaftServerImpl.java:requestVote(1302)) - s0@group-5A56208BFE72: receive requestVote(PRE_VOTE, s2, group-5A56208BFE72, 0, (t:0, i:0))
2023-03-03 03:31:15,471 [s2@group-5A56208BFE72-LeaderElection13] INFO  server.RaftServer$Division (RaftServerImpl.java:setRole(329)) - s2@group-5A56208BFE72: changes role from CANDIDATE to FOLLOWER at term 1 for DISCOVERED_A_NEW_TERM (term=1)
2023-03-03 03:31:15,471 [s2@group-5A56208BFE72-LeaderElection13] INFO  impl.RoleInfo (RoleInfo.java:shutdownLeaderElection(130)) - s2: shutdown s2@group-5A56208BFE72-LeaderElection13
2023-03-03 03:31:15,471 [grpc-default-executor-1] INFO  impl.VoteContext (VoteContext.java:log(49)) - s0@group-5A56208BFE72-CANDIDATE: accept PRE_VOTE from s2: our priority 0 <= candidate's priority 0
2023-03-03 03:31:15,471 [s2@group-5A56208BFE72-LeaderElection13] INFO  impl.RoleInfo (RoleInfo.java:updateAndGet(139)) - s2: start s2@group-5A56208BFE72-FollowerState
2023-03-03 03:31:15,471 [grpc-default-executor-1] INFO  server.RaftServer$Division (RaftServerImpl.java:requestVote(1335)) - s0@group-5A56208BFE72 replies to PRE_VOTE vote request: s2<-s0#0:OK-t1. Peer's state: s0@group-5A56208BFE72:t1, leader=null, voted=s0, raftlog=Memoized:s0@group-5A56208BFE72-SegmentedRaftLog:OPENED:c-1, conf=-1: peers:[s0|rpc:localhost:39883|admin:localhost:42503|client:localhost:36873|dataStream:localhost:33257|priority:0|startupRole:FOLLOWER, s1|rpc:localhost:43739|admin:localhost:38789|client:localhost:38545|dataStream:localhost:42389|priority:0|startupRole:FOLLOWER, s2|rpc:localhost:40449|admin:localhost:41945|client:localhost:45079|dataStream:localhost:39903|priority:0|startupRole:FOLLOWER]|listeners:[], old=null
2023-03-03 03:31:15,472 [s2@group-5A56208BFE72-FollowerState] INFO  server.RaftServerConfigKeys (ConfUtils.java:logFallback(53)) - raft.server.rpc.first-election.timeout.min = 150ms (fallback to raft.server.rpc.timeout.min)
2023-03-03 03:31:15,472 [s2@group-5A56208BFE72-FollowerState] INFO  server.RaftServerConfigKeys (ConfUtils.java:logFallback(53)) - raft.server.rpc.first-election.timeout.max = 300ms (fallback to raft.server.rpc.timeout.max)
2023-03-03 03:31:15,473 [grpc-default-executor-1] INFO  server.RaftServer$Division (RaftServerImpl.java:requestVote(1302)) - s2@group-5A56208BFE72: receive requestVote(ELECTION, s1, group-5A56208BFE72, 1, (t:0, i:0))
2023-03-03 03:31:15,478 [s0@group-5A56208BFE72-LeaderElection12] INFO  server.RaftServerConfigKeys (ConfUtils.java:logFallback(53)) - raft.server.rpc.first-election.timeout.min = 150ms (fallback to raft.server.rpc.timeout.min)
2023-03-03 03:31:15,478 [s0@group-5A56208BFE72-LeaderElection12] INFO  server.RaftServerConfigKeys (ConfUtils.java:logFallback(53)) - raft.server.rpc.first-election.timeout.max = 300ms (fallback to raft.server.rpc.timeout.max)
2023-03-03 03:31:15,478 [null-request--thread1] INFO  server.GrpcClientProtocolService (GrpcClientProtocolService.java:lambda$processClientRequest$0(284)) - Failed RaftClientRequest:client-DB360235CC92->s2@group-5A56208BFE72, cid=672, seq=0, RW, Message:6d, reply=RaftClientReply:client-DB360235CC92->s2@group-5A56208BFE72, cid=672, FAILED org.apache.ratis.protocol.exceptions.NotLeaderException: Server s2@group-5A56208BFE72 is not the leader, logIndex=0, commits[s2:c-1]
2023-03-03 03:31:15,480 [grpc-default-executor-1] INFO  impl.VoteContext (VoteContext.java:log(49)) - s2@group-5A56208BFE72-FOLLOWER: accept ELECTION from s1: our priority 0 <= candidate's priority 0
2023-03-03 03:31:15,480 [grpc-default-executor-1] INFO  server.RaftServer$Division (RaftServerImpl.java:setRole(329)) - s2@group-5A56208BFE72: changes role from  FOLLOWER to FOLLOWER at term 1 for candidate:s1
2023-03-03 03:31:15,480 [grpc-default-executor-1] INFO  impl.RoleInfo (RoleInfo.java:shutdownFollowerState(110)) - s2: shutdown s2@group-5A56208BFE72-FollowerState
2023-03-03 03:31:15,480 [grpc-default-executor-1] INFO  impl.RoleInfo (RoleInfo.java:updateAndGet(139)) - s2: start s2@group-5A56208BFE72-FollowerState
2023-03-03 03:31:15,481 [s2@group-5A56208BFE72-FollowerState] INFO  impl.FollowerState (FollowerState.java:run(152)) - s2@group-5A56208BFE72-FollowerState was interrupted
2023-03-03 03:31:15,481 [grpc-default-executor-2] INFO  server.RaftServer$Division (RaftServerImpl.java:requestVote(1302)) - s1@group-5A56208BFE72: receive requestVote(ELECTION, s0, group-5A56208BFE72, 1, (t:0, i:0))
2023-03-03 03:31:15,481 [grpc-default-executor-2] INFO  impl.VoteContext (VoteContext.java:log(49)) - s1@group-5A56208BFE72-CANDIDATE: reject ELECTION from s0: already has voted for s1 at current term 1
2023-03-03 03:31:15,481 [grpc-default-executor-2] INFO  server.RaftServer$Division (RaftServerImpl.java:requestVote(1335)) - s1@group-5A56208BFE72 replies to ELECTION vote request: s0<-s1#0:FAIL-t1. Peer's state: s1@group-5A56208BFE72:t1, leader=null, voted=s1, raftlog=Memoized:s1@group-5A56208BFE72-SegmentedRaftLog:OPENED:c-1, conf=-1: peers:[s0|rpc:localhost:39883|admin:localhost:42503|client:localhost:36873|dataStream:localhost:33257|priority:0|startupRole:FOLLOWER, s1|rpc:localhost:43739|admin:localhost:38789|client:localhost:38545|dataStream:localhost:42389|priority:0|startupRole:FOLLOWER, s2|rpc:localhost:40449|admin:localhost:41945|client:localhost:45079|dataStream:localhost:39903|priority:0|startupRole:FOLLOWER]|listeners:[], old=null
2023-03-03 03:31:15,482 [s2@group-5A56208BFE72-FollowerState] INFO  server.RaftServerConfigKeys (ConfUtils.java:logFallback(53)) - raft.server.rpc.first-election.timeout.min = 150ms (fallback to raft.server.rpc.timeout.min)
2023-03-03 03:31:15,482 [s2@group-5A56208BFE72-FollowerState] INFO  server.RaftServerConfigKeys (ConfUtils.java:logFallback(53)) - raft.server.rpc.first-election.timeout.max = 300ms (fallback to raft.server.rpc.timeout.max)
2023-03-03 03:31:15,483 [grpc-default-executor-1] INFO  server.RaftServer$Division (RaftServerImpl.java:requestVote(1335)) - s2@group-5A56208BFE72 replies to ELECTION vote request: s1<-s2#0:OK-t1. Peer's state: s2@group-5A56208BFE72:t1, leader=null, voted=s1, raftlog=Memoized:s2@group-5A56208BFE72-SegmentedRaftLog:OPENED:c-1, conf=-1: peers:[s0|rpc:localhost:39883|admin:localhost:42503|client:localhost:36873|dataStream:localhost:33257|priority:0|startupRole:FOLLOWER, s1|rpc:localhost:43739|admin:localhost:38789|client:localhost:38545|dataStream:localhost:42389|priority:0|startupRole:FOLLOWER, s2|rpc:localhost:40449|admin:localhost:41945|client:localhost:45079|dataStream:localhost:39903|priority:0|startupRole:FOLLOWER]|listeners:[], old=null
2023-03-03 03:31:15,484 [s1@group-5A56208BFE72-LeaderElection11] INFO  impl.LeaderElection (LeaderElection.java:logAndReturn(89)) - s1@group-5A56208BFE72-LeaderElection11: ELECTION PASSED received 2 response(s) and 0 exception(s):
2023-03-03 03:31:15,484 [s1@group-5A56208BFE72-LeaderElection11] INFO  impl.LeaderElection (LeaderElection.java:logAndReturn(93)) -   Response 0: s1<-s0#0:FAIL-t1
2023-03-03 03:31:15,484 [s1@group-5A56208BFE72-LeaderElection11] INFO  impl.LeaderElection (LeaderElection.java:logAndReturn(93)) -   Response 1: s1<-s2#0:OK-t1
2023-03-03 03:31:15,484 [s1@group-5A56208BFE72-LeaderElection11] INFO  impl.LeaderElection (LeaderElection.java:askForVotes(311)) - s1@group-5A56208BFE72-LeaderElection11 ELECTION round 0: result PASSED
2023-03-03 03:31:15,484 [s1@group-5A56208BFE72-LeaderElection11] INFO  impl.RoleInfo (RoleInfo.java:shutdownLeaderElection(130)) - s1: shutdown s1@group-5A56208BFE72-LeaderElection11
2023-03-03 03:31:15,484 [s1@group-5A56208BFE72-LeaderElection11] INFO  server.RaftServer$Division (RaftServerImpl.java:setRole(329)) - s1@group-5A56208BFE72: changes role from CANDIDATE to LEADER at term 1 for changeToLeader
2023-03-03 03:31:15,484 [s1@group-5A56208BFE72-LeaderElection11] INFO  server.RaftServer$Division (ServerState.java:setLeader(260)) - s1@group-5A56208BFE72: change Leader from null to s1 at term 1 for becomeLeader, leader elected after 406ms
2023-03-03 03:31:15,484 [s1@group-5A56208BFE72-LeaderElection11] INFO  server.RaftServerConfigKeys (ConfUtils.java:logGet(46)) - raft.server.staging.catchup.gap = 1000 (default)
2023-03-03 03:31:15,484 [s1@group-5A56208BFE72-LeaderElection11] INFO  server.RaftServerConfigKeys (ConfUtils.java:logGet(46)) - raft.server.write.element-limit = 4096 (default)
2023-03-03 03:31:15,484 [s1@group-5A56208BFE72-LeaderElection11] INFO  server.RaftServerConfigKeys (ConfUtils.java:logGet(46)) - raft.server.write.byte-limit = 64MB (=67108864) (default)
2023-03-03 03:31:15,484 [s1@group-5A56208BFE72-LeaderElection11] INFO  server.RaftServerConfigKeys (ConfUtils.java:logGet(46)) - raft.server.watch.timeout = 10s (default)
2023-03-03 03:31:15,484 [s1@group-5A56208BFE72-LeaderElection11] INFO  server.RaftServerConfigKeys (ConfUtils.java:logGet(46)) - raft.server.watch.timeout.denomination = 1s (default)
2023-03-03 03:31:15,484 [s1@group-5A56208BFE72-LeaderElection11] INFO  server.RaftServerConfigKeys (ConfUtils.java:logGet(46)) - raft.server.watch.element-limit = 65536 (default)
2023-03-03 03:31:15,484 [s1@group-5A56208BFE72-LeaderElection11] INFO  server.RaftServerConfigKeys (ConfUtils.java:logGet(46)) - raft.server.write.element-limit = 4096 (default)
2023-03-03 03:31:15,484 [s1@group-5A56208BFE72-LeaderElection11] INFO  server.RaftServerConfigKeys (ConfUtils.java:logGet(46)) - raft.server.write.follower.gap.ratio.max = -1.0 (default)
2023-03-03 03:31:15,485 [s1@group-5A56208BFE72-LeaderElection11] INFO  server.RaftServerConfigKeys (ConfUtils.java:logGet(46)) - raft.server.log.appender.snapshot.chunk.size.max = 16MB (=16777216) (default)
2023-03-03 03:31:15,485 [s1@group-5A56208BFE72-LeaderElection11] INFO  server.RaftServerConfigKeys (ConfUtils.java:logGet(46)) - raft.server.log.appender.buffer.byte-limit = 4MB (=4194304) (default)
2023-03-03 03:31:15,485 [s1@group-5A56208BFE72-LeaderElection11] INFO  server.RaftServerConfigKeys (ConfUtils.java:logGet(46)) - raft.server.log.appender.buffer.element-limit = 1 (custom)
2023-03-03 03:31:15,485 [s1@group-5A56208BFE72-LeaderElection11] INFO  server.RaftServerConfigKeys (ConfUtils.java:logGet(46)) - raft.server.log.appender.wait-time.min = 10ms (default)
2023-03-03 03:31:15,485 [s1@group-5A56208BFE72-LeaderElection11] INFO  grpc.GrpcConfigKeys (ConfUtils.java:logGet(46)) - raft.grpc.server.leader.outstanding.appends.max = 10 (custom)
2023-03-03 03:31:15,485 [s1@group-5A56208BFE72-LeaderElection11] INFO  server.RaftServerConfigKeys (ConfUtils.java:logGet(46)) - raft.server.rpc.request.timeout = 3000ms (default)
2023-03-03 03:31:15,485 [s1@group-5A56208BFE72-LeaderElection11] INFO  server.RaftServerConfigKeys (ConfUtils.java:logGet(46)) - raft.server.log.appender.install.snapshot.enabled = true (default)
2023-03-03 03:31:15,485 [s1@group-5A56208BFE72-LeaderElection11] INFO  grpc.GrpcConfigKeys (ConfUtils.java:logGet(46)) - raft.grpc.server.heartbeat.channel = true (default)
2023-03-03 03:31:15,485 [s1@group-5A56208BFE72-LeaderElection11] INFO  server.RaftServerConfigKeys (ConfUtils.java:logGet(46)) - raft.server.log.appender.snapshot.chunk.size.max = 16MB (=16777216) (default)
2023-03-03 03:31:15,485 [s1@group-5A56208BFE72-LeaderElection11] INFO  server.RaftServerConfigKeys (ConfUtils.java:logGet(46)) - raft.server.log.appender.buffer.byte-limit = 4MB (=4194304) (default)
2023-03-03 03:31:15,485 [s1@group-5A56208BFE72-LeaderElection11] INFO  server.RaftServerConfigKeys (ConfUtils.java:logGet(46)) - raft.server.log.appender.buffer.element-limit = 1 (custom)
2023-03-03 03:31:15,485 [s1@group-5A56208BFE72-LeaderElection11] INFO  server.RaftServerConfigKeys (ConfUtils.java:logGet(46)) - raft.server.log.appender.wait-time.min = 10ms (default)
2023-03-03 03:31:15,485 [s1@group-5A56208BFE72-LeaderElection11] INFO  grpc.GrpcConfigKeys (ConfUtils.java:logGet(46)) - raft.grpc.server.leader.outstanding.appends.max = 10 (custom)
2023-03-03 03:31:15,485 [s1@group-5A56208BFE72-LeaderElection11] INFO  server.RaftServerConfigKeys (ConfUtils.java:logGet(46)) - raft.server.rpc.request.timeout = 3000ms (default)
2023-03-03 03:31:15,485 [s1@group-5A56208BFE72-LeaderElection11] INFO  server.RaftServerConfigKeys (ConfUtils.java:logGet(46)) - raft.server.log.appender.install.snapshot.enabled = true (default)
2023-03-03 03:31:15,485 [s1@group-5A56208BFE72-LeaderElection11] INFO  grpc.GrpcConfigKeys (ConfUtils.java:logGet(46)) - raft.grpc.server.heartbeat.channel = true (default)
2023-03-03 03:31:15,485 [s1@group-5A56208BFE72-LeaderElection11] INFO  impl.RoleInfo (RoleInfo.java:updateAndGet(139)) - s1: start s1@group-5A56208BFE72-LeaderStateImpl
2023-03-03 03:31:15,486 [s1@group-5A56208BFE72-LeaderElection11] INFO  segmented.SegmentedRaftLogWorker (SegmentedRaftLogWorker.java:startLogSegment(426)) - s1@group-5A56208BFE72-SegmentedRaftLogWorker: Starting segment from index:0
2023-03-03 03:31:15,486 [grpc-default-executor-4] INFO  server.RaftServer$Division (RaftServerImpl.java:requestVote(1302)) - s2@group-5A56208BFE72: receive requestVote(ELECTION, s0, group-5A56208BFE72, 1, (t:0, i:0))
2023-03-03 03:31:15,486 [grpc-default-executor-4] INFO  impl.VoteContext (VoteContext.java:log(49)) - s2@group-5A56208BFE72-FOLLOWER: reject ELECTION from s0: already has voted for s1 at current term 1
2023-03-03 03:31:15,486 [grpc-default-executor-4] INFO  server.RaftServer$Division (RaftServerImpl.java:requestVote(1335)) - s2@group-5A56208BFE72 replies to ELECTION vote request: s0<-s2#0:FAIL-t1. Peer's state: s2@group-5A56208BFE72:t1, leader=null, voted=s1, raftlog=Memoized:s2@group-5A56208BFE72-SegmentedRaftLog:OPENED:c-1, conf=-1: peers:[s0|rpc:localhost:39883|admin:localhost:42503|client:localhost:36873|dataStream:localhost:33257|priority:0|startupRole:FOLLOWER, s1|rpc:localhost:43739|admin:localhost:38789|client:localhost:38545|dataStream:localhost:42389|priority:0|startupRole:FOLLOWER, s2|rpc:localhost:40449|admin:localhost:41945|client:localhost:45079|dataStream:localhost:39903|priority:0|startupRole:FOLLOWER]|listeners:[], old=null
2023-03-03 03:31:15,497 [s0@group-5A56208BFE72-LeaderElection12] INFO  impl.LeaderElection (LeaderElection.java:logAndReturn(89)) - s0@group-5A56208BFE72-LeaderElection12: ELECTION REJECTED received 2 response(s) and 0 exception(s):
2023-03-03 03:31:15,497 [s0@group-5A56208BFE72-LeaderElection12] INFO  impl.LeaderElection (LeaderElection.java:logAndReturn(93)) -   Response 0: s0<-s1#0:FAIL-t1
2023-03-03 03:31:15,497 [s0@group-5A56208BFE72-LeaderElection12] INFO  impl.LeaderElection (LeaderElection.java:logAndReturn(93)) -   Response 1: s0<-s2#0:FAIL-t1
2023-03-03 03:31:15,497 [s0@group-5A56208BFE72-LeaderElection12] INFO  impl.LeaderElection (LeaderElection.java:askForVotes(311)) - s0@group-5A56208BFE72-LeaderElection12 ELECTION round 0: result REJECTED
2023-03-03 03:31:15,497 [s0@group-5A56208BFE72-LeaderElection12] INFO  server.RaftServer$Division (RaftServerImpl.java:setRole(329)) - s0@group-5A56208BFE72: changes role from CANDIDATE to FOLLOWER at term 1 for REJECTED
2023-03-03 03:31:15,497 [s0@group-5A56208BFE72-LeaderElection12] INFO  impl.RoleInfo (RoleInfo.java:shutdownLeaderElection(130)) - s0: shutdown s0@group-5A56208BFE72-LeaderElection12
2023-03-03 03:31:15,497 [s0@group-5A56208BFE72-LeaderElection12] INFO  impl.RoleInfo (RoleInfo.java:updateAndGet(139)) - s0: start s0@group-5A56208BFE72-FollowerState
2023-03-03 03:31:15,500 [s1@group-5A56208BFE72-SegmentedRaftLogWorker] INFO  segmented.SegmentedRaftLogWorker (SegmentedRaftLogWorker.java:execute(630)) - s1@group-5A56208BFE72-SegmentedRaftLogWorker: created new log segment /home/runner/work/ratis/ratis/ratis-test/target/test/data/8eb7620b/MiniRaftClusterWithGrpc5ee96355/s1/ea00c4e2-cb01-4944-a844-5a56208bfe72/current/log_inprogress_0
2023-03-03 03:31:15,532 [s1@group-5A56208BFE72-LeaderElection11] INFO  server.RaftServer$Division (ServerState.java:setRaftConf(378)) - s1@group-5A56208BFE72: set configuration 0: peers:[s0|rpc:localhost:39883|admin:localhost:42503|client:localhost:36873|dataStream:localhost:33257|priority:0|startupRole:FOLLOWER, s1|rpc:localhost:43739|admin:localhost:38789|client:localhost:38545|dataStream:localhost:42389|priority:0|startupRole:FOLLOWER, s2|rpc:localhost:40449|admin:localhost:41945|client:localhost:45079|dataStream:localhost:39903|priority:0|startupRole:FOLLOWER]|listeners:[], old=null
2023-03-03 03:31:15,537 [s1@group-5A56208BFE72->s0-GrpcLogAppender-LogAppenderDaemon] DEBUG leader.FollowerInfo (FollowerInfoImpl.java:lambda$new$1(53)) - s1@group-5A56208BFE72->s0: nextIndex: updateIncreasingly 0 -> 1
2023-03-03 03:31:15,537 [s0@group-5A56208BFE72-FollowerState] INFO  server.RaftServerConfigKeys (ConfUtils.java:logFallback(53)) - raft.server.rpc.first-election.timeout.min = 150ms (fallback to raft.server.rpc.timeout.min)
2023-03-03 03:31:15,537 [s0@group-5A56208BFE72-FollowerState] INFO  server.RaftServerConfigKeys (ConfUtils.java:logFallback(53)) - raft.server.rpc.first-election.timeout.max = 300ms (fallback to raft.server.rpc.timeout.max)
2023-03-03 03:31:15,540 [s0-server-thread1] INFO  server.RaftServer$Division (ServerState.java:setLeader(260)) - s0@group-5A56208BFE72: change Leader from null to s1 at term 1 for appendEntries, leader elected after 486ms
2023-03-03 03:31:15,552 [s1@group-5A56208BFE72->s2-GrpcLogAppender-LogAppenderDaemon] DEBUG leader.FollowerInfo (FollowerInfoImpl.java:lambda$new$1(53)) - s1@group-5A56208BFE72->s2: nextIndex: updateIncreasingly 0 -> 1
2023-03-03 03:31:15,556 [s0-server-thread2] INFO  server.RaftServer$Division (ServerState.java:setRaftConf(378)) - s0@group-5A56208BFE72: set configuration 0: peers:[s0|rpc:localhost:39883|admin:localhost:42503|client:localhost:36873|dataStream:localhost:33257|priority:0|startupRole:FOLLOWER, s1|rpc:localhost:43739|admin:localhost:38789|client:localhost:38545|dataStream:localhost:42389|priority:0|startupRole:FOLLOWER, s2|rpc:localhost:40449|admin:localhost:41945|client:localhost:45079|dataStream:localhost:39903|priority:0|startupRole:FOLLOWER]|listeners:[], old=null
2023-03-03 03:31:15,556 [s0-server-thread2] INFO  segmented.SegmentedRaftLogWorker (SegmentedRaftLogWorker.java:startLogSegment(426)) - s0@group-5A56208BFE72-SegmentedRaftLogWorker: Starting segment from index:0
2023-03-03 03:31:15,561 [s2-server-thread2] INFO  server.RaftServer$Division (ServerState.java:setLeader(260)) - s2@group-5A56208BFE72: change Leader from null to s1 at term 1 for appendEntries, leader elected after 466ms
2023-03-03 03:31:15,565 [s0@group-5A56208BFE72-SegmentedRaftLogWorker] INFO  segmented.SegmentedRaftLogWorker (SegmentedRaftLogWorker.java:execute(630)) - s0@group-5A56208BFE72-SegmentedRaftLogWorker: created new log segment /home/runner/work/ratis/ratis/ratis-test/target/test/data/8eb7620b/MiniRaftClusterWithGrpc5ee96355/s0/ea00c4e2-cb01-4944-a844-5a56208bfe72/current/log_inprogress_0
2023-03-03 03:31:15,565 [s2-server-thread2] INFO  server.RaftServer$Division (ServerState.java:setRaftConf(378)) - s2@group-5A56208BFE72: set configuration 0: peers:[s0|rpc:localhost:39883|admin:localhost:42503|client:localhost:36873|dataStream:localhost:33257|priority:0|startupRole:FOLLOWER, s1|rpc:localhost:43739|admin:localhost:38789|client:localhost:38545|dataStream:localhost:42389|priority:0|startupRole:FOLLOWER, s2|rpc:localhost:40449|admin:localhost:41945|client:localhost:45079|dataStream:localhost:39903|priority:0|startupRole:FOLLOWER]|listeners:[], old=null
2023-03-03 03:31:15,566 [s2-server-thread2] INFO  segmented.SegmentedRaftLogWorker (SegmentedRaftLogWorker.java:startLogSegment(426)) - s2@group-5A56208BFE72-SegmentedRaftLogWorker: Starting segment from index:0
2023-03-03 03:31:15,569 [grpc-default-executor-3] DEBUG leader.FollowerInfo (FollowerInfoImpl.java:lambda$new$1(53)) - s1@group-5A56208BFE72->s0: matchIndex: updateToMax old=-1, new=0, updated? true
2023-03-03 03:31:15,578 [s2@group-5A56208BFE72-SegmentedRaftLogWorker] INFO  segmented.SegmentedRaftLogWorker (SegmentedRaftLogWorker.java:execute(630)) - s2@group-5A56208BFE72-SegmentedRaftLogWorker: created new log segment /home/runner/work/ratis/ratis/ratis-test/target/test/data/8eb7620b/MiniRaftClusterWithGrpc5ee96355/s2/ea00c4e2-cb01-4944-a844-5a56208bfe72/current/log_inprogress_0
2023-03-03 03:31:15,605 [null-request--thread1] INFO  server.GrpcClientProtocolService (GrpcClientProtocolService.java:lambda$processClientRequest$0(284)) - Failed RaftClientRequest:client-DB360235CC92->s0@group-5A56208BFE72, cid=672, seq=0, RW, Message:6d, reply=RaftClientReply:client-DB360235CC92->s0@group-5A56208BFE72, cid=672, FAILED org.apache.ratis.protocol.exceptions.NotLeaderException: Server s0@group-5A56208BFE72 is not the leader s1|rpc:localhost:43739|admin:localhost:38789|client:localhost:38545|dataStream:localhost:42389|priority:0|startupRole:FOLLOWER, logIndex=0, commits[s0:c-1, s1:c-1, s2:c-1]
2023-03-03 03:31:15,613 [grpc-default-executor-6] DEBUG leader.FollowerInfo (FollowerInfoImpl.java:lambda$new$1(53)) - s1@group-5A56208BFE72->s2: matchIndex: updateToMax old=-1, new=0, updated? true
2023-03-03 03:31:15,645 [grpc-default-executor-6] DEBUG leader.FollowerInfo (FollowerInfoImpl.java:lambda$new$1(53)) - s1@group-5A56208BFE72->s0: commitIndex: updateToMax old=-1, new=0, updated? true
2023-03-03 03:31:15,694 [grpc-default-executor-6] DEBUG leader.FollowerInfo (FollowerInfoImpl.java:lambda$new$1(53)) - s1@group-5A56208BFE72->s2: commitIndex: updateToMax old=-1, new=0, updated? true
2023-03-03 03:31:15,730 [s1@group-5A56208BFE72->s2-GrpcLogAppender-LogAppenderDaemon] DEBUG leader.FollowerInfo (FollowerInfoImpl.java:lambda$new$1(53)) - s1@group-5A56208BFE72->s2: nextIndex: updateIncreasingly 1 -> 2
2023-03-03 03:31:15,737 [grpc-default-executor-1] DEBUG leader.FollowerInfo (FollowerInfoImpl.java:lambda$new$1(53)) - s1@group-5A56208BFE72->s2: matchIndex: updateToMax old=0, new=1, updated? true
2023-03-03 03:31:15,737 [s1@group-5A56208BFE72-StateMachineUpdater] INFO  impl.SimpleStateMachine4Testing (SimpleStateMachine4Testing.java:put(205)) - s1: put 1, m -> (t:1, i:1), STATEMACHINELOGENTRY, 672@client-DB360235CC92
2023-03-03 03:31:15,738 [Time-limited test] INFO  server.RaftServerConfigKeys (ConfUtils.java:logGet(46)) - raft.server.rpc.timeout.max = 300ms (default)
2023-03-03 03:31:15,738 [Time-limited test] INFO  ratis.RaftTestUtil (RaftTestUtil.java:waitForLeader(100)) - printing ALL groups
  s0:  RUNNING  FOLLOWER s0@group-5A56208BFE72:t1, leader=s1, voted=s0, raftlog=Memoized:s0@group-5A56208BFE72-SegmentedRaftLog:OPENED:c0, conf=0: peers:[s0|rpc:localhost:39883|admin:localhost:42503|client:localhost:36873|dataStream:localhost:33257|priority:0|startupRole:FOLLOWER, s1|rpc:localhost:43739|admin:localhost:38789|client:localhost:38545|dataStream:localhost:42389|priority:0|startupRole:FOLLOWER, s2|rpc:localhost:40449|admin:localhost:41945|client:localhost:45079|dataStream:localhost:39903|priority:0|startupRole:FOLLOWER]|listeners:[], old=null RUNNING
  s1:  RUNNING    LEADER s1@group-5A56208BFE72:t1, leader=s1, voted=s1, raftlog=Memoized:s1@group-5A56208BFE72-SegmentedRaftLog:OPENED:c1, conf=0: peers:[s0|rpc:localhost:39883|admin:localhost:42503|client:localhost:36873|dataStream:localhost:33257|priority:0|startupRole:FOLLOWER, s1|rpc:localhost:43739|admin:localhost:38789|client:localhost:38545|dataStream:localhost:42389|priority:0|startupRole:FOLLOWER, s2|rpc:localhost:40449|admin:localhost:41945|client:localhost:45079|dataStream:localhost:39903|priority:0|startupRole:FOLLOWER]|listeners:[], old=null RUNNING
  s2:  RUNNING  FOLLOWER s2@group-5A56208BFE72:t1, leader=s1, voted=s1, raftlog=Memoized:s2@group-5A56208BFE72-SegmentedRaftLog:OPENED:c0, conf=0: peers:[s0|rpc:localhost:39883|admin:localhost:42503|client:localhost:36873|dataStream:localhost:33257|priority:0|startupRole:FOLLOWER, s1|rpc:localhost:43739|admin:localhost:38789|client:localhost:38545|dataStream:localhost:42389|priority:0|startupRole:FOLLOWER, s2|rpc:localhost:40449|admin:localhost:41945|client:localhost:45079|dataStream:localhost:39903|priority:0|startupRole:FOLLOWER]|listeners:[], old=null RUNNING
2023-03-03 03:31:15,738 [Time-limited test] INFO  ratis.RaftTestUtil (RaftTestUtil.java:waitForLeader(119)) - printing ALL groups
  s0:  RUNNING  FOLLOWER s0@group-5A56208BFE72:t1, leader=s1, voted=s0, raftlog=Memoized:s0@group-5A56208BFE72-SegmentedRaftLog:OPENED:c0, conf=0: peers:[s0|rpc:localhost:39883|admin:localhost:42503|client:localhost:36873|dataStream:localhost:33257|priority:0|startupRole:FOLLOWER, s1|rpc:localhost:43739|admin:localhost:38789|client:localhost:38545|dataStream:localhost:42389|priority:0|startupRole:FOLLOWER, s2|rpc:localhost:40449|admin:localhost:41945|client:localhost:45079|dataStream:localhost:39903|priority:0|startupRole:FOLLOWER]|listeners:[], old=null RUNNING
  s1:  RUNNING    LEADER s1@group-5A56208BFE72:t1, leader=s1, voted=s1, raftlog=Memoized:s1@group-5A56208BFE72-SegmentedRaftLog:OPENED:c1, conf=0: peers:[s0|rpc:localhost:39883|admin:localhost:42503|client:localhost:36873|dataStream:localhost:33257|priority:0|startupRole:FOLLOWER, s1|rpc:localhost:43739|admin:localhost:38789|client:localhost:38545|dataStream:localhost:42389|priority:0|startupRole:FOLLOWER, s2|rpc:localhost:40449|admin:localhost:41945|client:localhost:45079|dataStream:localhost:39903|priority:0|startupRole:FOLLOWER]|listeners:[], old=null RUNNING
  s2:  RUNNING  FOLLOWER s2@group-5A56208BFE72:t1, leader=s1, voted=s1, raftlog=Memoized:s2@group-5A56208BFE72-SegmentedRaftLog:OPENED:c0, conf=0: peers:[s0|rpc:localhost:39883|admin:localhost:42503|client:localhost:36873|dataStream:localhost:33257|priority:0|startupRole:FOLLOWER, s1|rpc:localhost:43739|admin:localhost:38789|client:localhost:38545|dataStream:localhost:42389|priority:0|startupRole:FOLLOWER, s2|rpc:localhost:40449|admin:localhost:41945|client:localhost:45079|dataStream:localhost:39903|priority:0|startupRole:FOLLOWER]|listeners:[], old=null RUNNING
2023-03-03 03:31:15,745 [Time-limited test] INFO  impl.SimpleStateMachine4Testing (SimpleStateMachine4Testing.java:block(135)) - block WRITE_STATE_MACHINE_DATA
2023-03-03 03:31:15,745 [Time-limited test] INFO  impl.SimpleStateMachine4Testing (SimpleStateMachine4Testing.java:block(135)) - block WRITE_STATE_MACHINE_DATA
2023-03-03 03:31:15,747 [Time-limited test] WARN  grpc.TestLogAppenderWithGrpc (JavaUtils.java:attempt(217)) - FAILED "matching nextIndex", attempt #1/5: java.lang.AssertionError: expected:<13> but was:<1>, sleep 1s and then retry.
java.lang.AssertionError: expected:<13> but was:<1>
	at org.junit.Assert.fail(Assert.java:89)
	at org.junit.Assert.failNotEquals(Assert.java:835)
	at org.junit.Assert.assertEquals(Assert.java:647)
	at org.junit.Assert.assertEquals(Assert.java:633)
	at org.apache.ratis.grpc.TestLogAppenderWithGrpc.lambda$testPendingLimits$0(TestLogAppenderWithGrpc.java:95)
	at org.apache.ratis.util.function.CheckedRunnable.lambda$asCheckedSupplier$0(CheckedRunnable.java:32)
	at org.apache.ratis.util.JavaUtils.attempt(JavaUtils.java:211)
	at org.apache.ratis.util.JavaUtils.attemptRepeatedly(JavaUtils.java:197)
	at org.apache.ratis.util.JavaUtils.attempt(JavaUtils.java:231)
	at org.apache.ratis.grpc.TestLogAppenderWithGrpc.testPendingLimits(TestLogAppenderWithGrpc.java:92)
	at java.base/jdk.internal.reflect.NativeMethodAccessorImpl.invoke0(Native Method)
	at java.base/jdk.internal.reflect.NativeMethodAccessorImpl.invoke(NativeMethodAccessorImpl.java:62)
	at java.base/jdk.internal.reflect.DelegatingMethodAccessorImpl.invoke(DelegatingMethodAccessorImpl.java:43)
	at java.base/java.lang.reflect.Method.invoke(Method.java:566)
	at org.junit.runners.model.FrameworkMethod$1.runReflectiveCall(FrameworkMethod.java:59)
	at org.junit.internal.runners.model.ReflectiveCallable.run(ReflectiveCallable.java:12)
	at org.junit.runners.model.FrameworkMethod.invokeExplosively(FrameworkMethod.java:56)
	at org.junit.internal.runners.statements.InvokeMethod.evaluate(InvokeMethod.java:17)
	at org.junit.internal.runners.statements.RunAfters.evaluate(RunAfters.java:27)
	at org.junit.internal.runners.statements.FailOnTimeout$CallableStatement.call(FailOnTimeout.java:299)
	at org.junit.internal.runners.statements.FailOnTimeout$CallableStatement.call(FailOnTimeout.java:293)
	at java.base/java.util.concurrent.FutureTask.run(FutureTask.java:264)
	at java.base/java.lang.Thread.run(Thread.java:829)
2023-03-03 03:31:15,747 [s1@group-5A56208BFE72->s0-GrpcLogAppender-LogAppenderDaemon] DEBUG leader.FollowerInfo (FollowerInfoImpl.java:lambda$new$1(53)) - s1@group-5A56208BFE72->s0: nextIndex: updateIncreasingly 1 -> 2
2023-03-03 03:31:15,747 [s1@group-5A56208BFE72->s2-GrpcLogAppender-LogAppenderDaemon] DEBUG leader.FollowerInfo (FollowerInfoImpl.java:lambda$new$1(53)) - s1@group-5A56208BFE72->s2: nextIndex: updateIncreasingly 2 -> 3
2023-03-03 03:31:15,757 [s1@group-5A56208BFE72->s0-GrpcLogAppender-LogAppenderDaemon] DEBUG leader.FollowerInfo (FollowerInfoImpl.java:lambda$new$1(53)) - s1@group-5A56208BFE72->s0: nextIndex: updateIncreasingly 2 -> 3
2023-03-03 03:31:15,796 [s1@group-5A56208BFE72->s0-GrpcLogAppender-LogAppenderDaemon] DEBUG leader.FollowerInfo (FollowerInfoImpl.java:lambda$new$1(53)) - s1@group-5A56208BFE72->s0: nextIndex: updateIncreasingly 3 -> 4
2023-03-03 03:31:15,796 [s1@group-5A56208BFE72->s0-GrpcLogAppender-LogAppenderDaemon] DEBUG leader.FollowerInfo (FollowerInfoImpl.java:lambda$new$1(53)) - s1@group-5A56208BFE72->s0: nextIndex: updateIncreasingly 4 -> 5
2023-03-03 03:31:15,796 [s1@group-5A56208BFE72->s2-GrpcLogAppender-LogAppenderDaemon] DEBUG leader.FollowerInfo (FollowerInfoImpl.java:lambda$new$1(53)) - s1@group-5A56208BFE72->s2: nextIndex: updateIncreasingly 3 -> 4
2023-03-03 03:31:15,797 [s1@group-5A56208BFE72->s2-GrpcLogAppender-LogAppenderDaemon] DEBUG leader.FollowerInfo (FollowerInfoImpl.java:lambda$new$1(53)) - s1@group-5A56208BFE72->s2: nextIndex: updateIncreasingly 4 -> 5
2023-03-03 03:31:15,797 [s2@group-5A56208BFE72-StateMachineUpdater] INFO  impl.SimpleStateMachine4Testing (SimpleStateMachine4Testing.java:put(205)) - s2: put 1, m -> (t:1, i:1), STATEMACHINELOGENTRY, 672@client-DB360235CC92
2023-03-03 03:31:15,797 [grpc-default-executor-3] DEBUG leader.FollowerInfo (FollowerInfoImpl.java:lambda$new$1(53)) - s1@group-5A56208BFE72->s2: commitIndex: updateToMax old=0, new=1, updated? true
2023-03-03 03:31:15,798 [grpc-default-executor-3] DEBUG leader.FollowerInfo (FollowerInfoImpl.java:lambda$new$1(53)) - s1@group-5A56208BFE72->s2: matchIndex: updateToMax old=1, new=2, updated? true
2023-03-03 03:31:15,817 [s1@group-5A56208BFE72->s0-GrpcLogAppender-LogAppenderDaemon] DEBUG leader.FollowerInfo (FollowerInfoImpl.java:lambda$new$1(53)) - s1@group-5A56208BFE72->s0: nextIndex: updateIncreasingly 5 -> 6
2023-03-03 03:31:15,817 [s1@group-5A56208BFE72->s2-GrpcLogAppender-LogAppenderDaemon] DEBUG leader.FollowerInfo (FollowerInfoImpl.java:lambda$new$1(53)) - s1@group-5A56208BFE72->s2: nextIndex: updateIncreasingly 5 -> 6
2023-03-03 03:31:15,828 [s1@group-5A56208BFE72->s2-GrpcLogAppender-LogAppenderDaemon] DEBUG leader.FollowerInfo (FollowerInfoImpl.java:lambda$new$1(53)) - s1@group-5A56208BFE72->s2: nextIndex: updateIncreasingly 6 -> 7
2023-03-03 03:31:15,837 [s1@group-5A56208BFE72->s0-GrpcLogAppender-LogAppenderDaemon] DEBUG leader.FollowerInfo (FollowerInfoImpl.java:lambda$new$1(53)) - s1@group-5A56208BFE72->s0: nextIndex: updateIncreasingly 6 -> 7
2023-03-03 03:31:15,838 [s1@group-5A56208BFE72->s2-GrpcLogAppender-LogAppenderDaemon] DEBUG leader.FollowerInfo (FollowerInfoImpl.java:lambda$new$1(53)) - s1@group-5A56208BFE72->s2: nextIndex: updateIncreasingly 7 -> 8
2023-03-03 03:31:15,848 [s1@group-5A56208BFE72->s0-GrpcLogAppender-LogAppenderDaemon] DEBUG leader.FollowerInfo (FollowerInfoImpl.java:lambda$new$1(53)) - s1@group-5A56208BFE72->s0: nextIndex: updateIncreasingly 7 -> 8
2023-03-03 03:31:15,848 [s1@group-5A56208BFE72->s2-GrpcLogAppender-LogAppenderDaemon] DEBUG leader.FollowerInfo (FollowerInfoImpl.java:lambda$new$1(53)) - s1@group-5A56208BFE72->s2: nextIndex: updateIncreasingly 8 -> 9
2023-03-03 03:31:15,858 [s1@group-5A56208BFE72->s0-GrpcLogAppender-LogAppenderDaemon] DEBUG leader.FollowerInfo (FollowerInfoImpl.java:lambda$new$1(53)) - s1@group-5A56208BFE72->s0: nextIndex: updateIncreasingly 8 -> 9
2023-03-03 03:31:15,858 [s1@group-5A56208BFE72->s2-GrpcLogAppender-LogAppenderDaemon] DEBUG leader.FollowerInfo (FollowerInfoImpl.java:lambda$new$1(53)) - s1@group-5A56208BFE72->s2: nextIndex: updateIncreasingly 9 -> 10
2023-03-03 03:31:15,868 [s1@group-5A56208BFE72->s0-GrpcLogAppender-LogAppenderDaemon] DEBUG leader.FollowerInfo (FollowerInfoImpl.java:lambda$new$1(53)) - s1@group-5A56208BFE72->s0: nextIndex: updateIncreasingly 9 -> 10
2023-03-03 03:31:15,868 [s1@group-5A56208BFE72->s2-GrpcLogAppender-LogAppenderDaemon] DEBUG leader.FollowerInfo (FollowerInfoImpl.java:lambda$new$1(53)) - s1@group-5A56208BFE72->s2: nextIndex: updateIncreasingly 10 -> 11
2023-03-03 03:31:15,878 [s1@group-5A56208BFE72->s0-GrpcLogAppender-LogAppenderDaemon] DEBUG leader.FollowerInfo (FollowerInfoImpl.java:lambda$new$1(53)) - s1@group-5A56208BFE72->s0: nextIndex: updateIncreasingly 10 -> 11
2023-03-03 03:31:15,879 [s1@group-5A56208BFE72->s2-GrpcLogAppender-LogAppenderDaemon] DEBUG leader.FollowerInfo (FollowerInfoImpl.java:lambda$new$1(53)) - s1@group-5A56208BFE72->s2: nextIndex: updateIncreasingly 11 -> 12
2023-03-03 03:31:15,899 [s1@group-5A56208BFE72->s2-GrpcLogAppender-LogAppenderDaemon] DEBUG leader.FollowerInfo (FollowerInfoImpl.java:lambda$new$1(53)) - s1@group-5A56208BFE72->s2: nextIndex: updateIncreasingly 12 -> 13
2023-03-03 03:31:16,747 [Time-limited test] WARN  grpc.TestLogAppenderWithGrpc (JavaUtils.java:attempt(217)) - FAILED "matching nextIndex", attempt #2/5: java.lang.AssertionError: expected:<13> but was:<11>, sleep 1s and then retry.
java.lang.AssertionError: expected:<13> but was:<11>
	at org.junit.Assert.fail(Assert.java:89)
	at org.junit.Assert.failNotEquals(Assert.java:835)
	at org.junit.Assert.assertEquals(Assert.java:647)
	at org.junit.Assert.assertEquals(Assert.java:633)
	at org.apache.ratis.grpc.TestLogAppenderWithGrpc.lambda$testPendingLimits$0(TestLogAppenderWithGrpc.java:95)
	at org.apache.ratis.util.function.CheckedRunnable.lambda$asCheckedSupplier$0(CheckedRunnable.java:32)
	at org.apache.ratis.util.JavaUtils.attempt(JavaUtils.java:211)
	at org.apache.ratis.util.JavaUtils.attemptRepeatedly(JavaUtils.java:197)
	at org.apache.ratis.util.JavaUtils.attempt(JavaUtils.java:231)
	at org.apache.ratis.grpc.TestLogAppenderWithGrpc.testPendingLimits(TestLogAppenderWithGrpc.java:92)
	at java.base/jdk.internal.reflect.NativeMethodAccessorImpl.invoke0(Native Method)
	at java.base/jdk.internal.reflect.NativeMethodAccessorImpl.invoke(NativeMethodAccessorImpl.java:62)
	at java.base/jdk.internal.reflect.DelegatingMethodAccessorImpl.invoke(DelegatingMethodAccessorImpl.java:43)
	at java.base/java.lang.reflect.Method.invoke(Method.java:566)
	at org.junit.runners.model.FrameworkMethod$1.runReflectiveCall(FrameworkMethod.java:59)
	at org.junit.internal.runners.model.ReflectiveCallable.run(ReflectiveCallable.java:12)
	at org.junit.runners.model.FrameworkMethod.invokeExplosively(FrameworkMethod.java:56)
	at org.junit.internal.runners.statements.InvokeMethod.evaluate(InvokeMethod.java:17)
	at org.junit.internal.runners.statements.RunAfters.evaluate(RunAfters.java:27)
	at org.junit.internal.runners.statements.FailOnTimeout$CallableStatement.call(FailOnTimeout.java:299)
	at org.junit.internal.runners.statements.FailOnTimeout$CallableStatement.call(FailOnTimeout.java:293)
	at java.base/java.util.concurrent.FutureTask.run(FutureTask.java:264)
	at java.base/java.lang.Thread.run(Thread.java:829)
2023-03-03 03:31:17,748 [Time-limited test] WARN  grpc.TestLogAppenderWithGrpc (JavaUtils.java:attempt(217)) - FAILED "matching nextIndex", attempt #3/5: java.lang.AssertionError: expected:<13> but was:<11>, sleep 1s and then retry.
java.lang.AssertionError: expected:<13> but was:<11>
	at org.junit.Assert.fail(Assert.java:89)
	at org.junit.Assert.failNotEquals(Assert.java:835)
	at org.junit.Assert.assertEquals(Assert.java:647)
	at org.junit.Assert.assertEquals(Assert.java:633)
	at org.apache.ratis.grpc.TestLogAppenderWithGrpc.lambda$testPendingLimits$0(TestLogAppenderWithGrpc.java:95)
	at org.apache.ratis.util.function.CheckedRunnable.lambda$asCheckedSupplier$0(CheckedRunnable.java:32)
	at org.apache.ratis.util.JavaUtils.attempt(JavaUtils.java:211)
	at org.apache.ratis.util.JavaUtils.attemptRepeatedly(JavaUtils.java:197)
	at org.apache.ratis.util.JavaUtils.attempt(JavaUtils.java:231)
	at org.apache.ratis.grpc.TestLogAppenderWithGrpc.testPendingLimits(TestLogAppenderWithGrpc.java:92)
	at java.base/jdk.internal.reflect.NativeMethodAccessorImpl.invoke0(Native Method)
	at java.base/jdk.internal.reflect.NativeMethodAccessorImpl.invoke(NativeMethodAccessorImpl.java:62)
	at java.base/jdk.internal.reflect.DelegatingMethodAccessorImpl.invoke(DelegatingMethodAccessorImpl.java:43)
	at java.base/java.lang.reflect.Method.invoke(Method.java:566)
	at org.junit.runners.model.FrameworkMethod$1.runReflectiveCall(FrameworkMethod.java:59)
	at org.junit.internal.runners.model.ReflectiveCallable.run(ReflectiveCallable.java:12)
	at org.junit.runners.model.FrameworkMethod.invokeExplosively(FrameworkMethod.java:56)
	at org.junit.internal.runners.statements.InvokeMethod.evaluate(InvokeMethod.java:17)
	at org.junit.internal.runners.statements.RunAfters.evaluate(RunAfters.java:27)
	at org.junit.internal.runners.statements.FailOnTimeout$CallableStatement.call(FailOnTimeout.java:299)
	at org.junit.internal.runners.statements.FailOnTimeout$CallableStatement.call(FailOnTimeout.java:293)
	at java.base/java.util.concurrent.FutureTask.run(FutureTask.java:264)
	at java.base/java.lang.Thread.run(Thread.java:829)
2023-03-03 03:31:18,525 [Timer-3] INFO  impl.MiniRaftCluster (MiniRaftCluster.java:lambda$start$6(349)) - TIMED-PRINT: printing ALL groups
  s0:  RUNNING    LEADER s0@group-D685E20A6DDF:t1, leader=s0, voted=s0, raftlog=Memoized:s0@group-D685E20A6DDF-SegmentedRaftLog:OPENED:c20, conf=0: peers:[s0|rpc:localhost:37125|admin:localhost:40377|client:localhost:43705|dataStream:localhost:35773|priority:0|startupRole:FOLLOWER, s1|rpc:localhost:41573|admin:localhost:35715|client:localhost:40441|dataStream:localhost:32779|priority:0|startupRole:FOLLOWER, s2|rpc:localhost:32769|admin:localhost:44761|client:localhost:39471|dataStream:localhost:46773|priority:0|startupRole:FOLLOWER]|listeners:[], old=null RUNNING
  s1:  RUNNING  FOLLOWER s1@group-D685E20A6DDF:t1, leader=s0, voted=s0, raftlog=Memoized:s1@group-D685E20A6DDF-SegmentedRaftLog:OPENED:c20, conf=0: peers:[s0|rpc:localhost:37125|admin:localhost:40377|client:localhost:43705|dataStream:localhost:35773|priority:0|startupRole:FOLLOWER, s1|rpc:localhost:41573|admin:localhost:35715|client:localhost:40441|dataStream:localhost:32779|priority:0|startupRole:FOLLOWER, s2|rpc:localhost:32769|admin:localhost:44761|client:localhost:39471|dataStream:localhost:46773|priority:0|startupRole:FOLLOWER]|listeners:[], old=null RUNNING
  s2:  RUNNING  FOLLOWER s2@group-D685E20A6DDF:t1, leader=s0, voted=s0, raftlog=Memoized:s2@group-D685E20A6DDF-SegmentedRaftLog:OPENED:c20, conf=0: peers:[s0|rpc:localhost:37125|admin:localhost:40377|client:localhost:43705|dataStream:localhost:35773|priority:0|startupRole:FOLLOWER, s1|rpc:localhost:41573|admin:localhost:35715|client:localhost:40441|dataStream:localhost:32779|priority:0|startupRole:FOLLOWER, s2|rpc:localhost:32769|admin:localhost:44761|client:localhost:39471|dataStream:localhost:46773|priority:0|startupRole:FOLLOWER]|listeners:[], old=null RUNNING
2023-03-03 03:31:18,748 [timer7] WARN  server.GrpcLogAppender (GrpcLogAppender.java:timeoutAppendRequest(311)) - s1@group-5A56208BFE72->s0-GrpcLogAppender:  appendEntries Timeout, request=AppendEntriesRequest:cid=2819,entriesCount=1,lastEntry=(t:1, i:1)
2023-03-03 03:31:18,748 [Time-limited test] WARN  grpc.TestLogAppenderWithGrpc (JavaUtils.java:attempt(217)) - FAILED "matching nextIndex", attempt #4/5: java.lang.AssertionError: expected:<13> but was:<11>, sleep 1s and then retry.
java.lang.AssertionError: expected:<13> but was:<11>
	at org.junit.Assert.fail(Assert.java:89)
	at org.junit.Assert.failNotEquals(Assert.java:835)
	at org.junit.Assert.assertEquals(Assert.java:647)
	at org.junit.Assert.assertEquals(Assert.java:633)
	at org.apache.ratis.grpc.TestLogAppenderWithGrpc.lambda$testPendingLimits$0(TestLogAppenderWithGrpc.java:95)
	at org.apache.ratis.util.function.CheckedRunnable.lambda$asCheckedSupplier$0(CheckedRunnable.java:32)
	at org.apache.ratis.util.JavaUtils.attempt(JavaUtils.java:211)
	at org.apache.ratis.util.JavaUtils.attemptRepeatedly(JavaUtils.java:197)
	at org.apache.ratis.util.JavaUtils.attempt(JavaUtils.java:231)
	at org.apache.ratis.grpc.TestLogAppenderWithGrpc.testPendingLimits(TestLogAppenderWithGrpc.java:92)
	at java.base/jdk.internal.reflect.NativeMethodAccessorImpl.invoke0(Native Method)
	at java.base/jdk.internal.reflect.NativeMethodAccessorImpl.invoke(NativeMethodAccessorImpl.java:62)
	at java.base/jdk.internal.reflect.DelegatingMethodAccessorImpl.invoke(DelegatingMethodAccessorImpl.java:43)
	at java.base/java.lang.reflect.Method.invoke(Method.java:566)
	at org.junit.runners.model.FrameworkMethod$1.runReflectiveCall(FrameworkMethod.java:59)
	at org.junit.internal.runners.model.ReflectiveCallable.run(ReflectiveCallable.java:12)
	at org.junit.runners.model.FrameworkMethod.invokeExplosively(FrameworkMethod.java:56)
	at org.junit.internal.runners.statements.InvokeMethod.evaluate(InvokeMethod.java:17)
	at org.junit.internal.runners.statements.RunAfters.evaluate(RunAfters.java:27)
	at org.junit.internal.runners.statements.FailOnTimeout$CallableStatement.call(FailOnTimeout.java:299)
	at org.junit.internal.runners.statements.FailOnTimeout$CallableStatement.call(FailOnTimeout.java:293)
	at java.base/java.util.concurrent.FutureTask.run(FutureTask.java:264)
	at java.base/java.lang.Thread.run(Thread.java:829)
2023-03-03 03:31:18,761 [timer7] WARN  server.GrpcLogAppender (GrpcLogAppender.java:timeoutAppendRequest(311)) - s1@group-5A56208BFE72->s0-GrpcLogAppender:  appendEntries Timeout, request=AppendEntriesRequest:cid=2820,entriesCount=1,lastEntry=(t:1, i:2)
2023-03-03 03:31:18,796 [timer5] WARN  server.GrpcLogAppender (GrpcLogAppender.java:timeoutAppendRequest(311)) - s1@group-5A56208BFE72->s2-GrpcLogAppender:  appendEntries Timeout, request=AppendEntriesRequest:cid=4203,entriesCount=1,lastEntry=(t:1, i:3)
2023-03-03 03:31:18,796 [timer4] WARN  server.GrpcLogAppender (GrpcLogAppender.java:timeoutAppendRequest(311)) - s1@group-5A56208BFE72->s0-GrpcLogAppender:  appendEntries Timeout, request=AppendEntriesRequest:cid=3275,entriesCount=1,lastEntry=(t:1, i:3)
2023-03-03 03:31:18,807 [timer0] WARN  server.GrpcLogAppender (GrpcLogAppender.java:timeoutAppendRequest(311)) - s1@group-5A56208BFE72->s2-GrpcLogAppender:  appendEntries Timeout, request=AppendEntriesRequest:cid=4204,entriesCount=1,lastEntry=(t:1, i:4)
2023-03-03 03:31:18,817 [timer3] WARN  server.GrpcLogAppender (GrpcLogAppender.java:timeoutAppendRequest(311)) - s1@group-5A56208BFE72->s2-GrpcLogAppender:  appendEntries Timeout, request=AppendEntriesRequest:cid=4205,entriesCount=1,lastEntry=(t:1, i:5)
2023-03-03 03:31:18,827 [timer4] WARN  server.GrpcLogAppender (GrpcLogAppender.java:timeoutAppendRequest(311)) - s1@group-5A56208BFE72->s0-GrpcLogAppender:  appendEntries Timeout, request=AppendEntriesRequest:cid=3278,entriesCount=1,lastEntry=(t:1, i:5)
2023-03-03 03:31:18,828 [timer5] WARN  server.GrpcLogAppender (GrpcLogAppender.java:timeoutAppendRequest(311)) - s1@group-5A56208BFE72->s2-GrpcLogAppender:  appendEntries Timeout, request=AppendEntriesRequest:cid=4206,entriesCount=1,lastEntry=(t:1, i:6)
2023-03-03 03:31:18,837 [timer5] WARN  server.GrpcLogAppender (GrpcLogAppender.java:timeoutAppendRequest(311)) - s1@group-5A56208BFE72->s0-GrpcLogAppender:  appendEntries Timeout, request=AppendEntriesRequest:cid=3279,entriesCount=1,lastEntry=(t:1, i:6)
2023-03-03 03:31:18,838 [timer6] WARN  server.GrpcLogAppender (GrpcLogAppender.java:timeoutAppendRequest(311)) - s1@group-5A56208BFE72->s2-GrpcLogAppender:  appendEntries Timeout, request=AppendEntriesRequest:cid=4207,entriesCount=1,lastEntry=(t:1, i:7)
2023-03-03 03:31:18,848 [timer0] WARN  server.GrpcLogAppender (GrpcLogAppender.java:timeoutAppendRequest(311)) - s1@group-5A56208BFE72->s2-GrpcLogAppender:  appendEntries Timeout, request=AppendEntriesRequest:cid=4208,entriesCount=1,lastEntry=(t:1, i:8)
2023-03-03 03:31:18,858 [timer2] WARN  server.GrpcLogAppender (GrpcLogAppender.java:timeoutAppendRequest(311)) - s1@group-5A56208BFE72->s2-GrpcLogAppender:  appendEntries Timeout, request=AppendEntriesRequest:cid=4209,entriesCount=1,lastEntry=(t:1, i:9)
2023-03-03 03:31:18,858 [timer1] WARN  server.GrpcLogAppender (GrpcLogAppender.java:timeoutAppendRequest(311)) - s1@group-5A56208BFE72->s0-GrpcLogAppender:  appendEntries Timeout, request=AppendEntriesRequest:cid=3281,entriesCount=1,lastEntry=(t:1, i:8)
2023-03-03 03:31:18,868 [timer3] WARN  server.GrpcLogAppender (GrpcLogAppender.java:timeoutAppendRequest(311)) - s1@group-5A56208BFE72->s2-GrpcLogAppender:  appendEntries Timeout, request=AppendEntriesRequest:cid=4210,entriesCount=1,lastEntry=(t:1, i:10)
2023-03-03 03:31:18,868 [timer2] WARN  server.GrpcLogAppender (GrpcLogAppender.java:timeoutAppendRequest(311)) - s1@group-5A56208BFE72->s0-GrpcLogAppender:  appendEntries Timeout, request=AppendEntriesRequest:cid=3282,entriesCount=1,lastEntry=(t:1, i:9)
2023-03-03 03:31:18,879 [timer4] WARN  server.GrpcLogAppender (GrpcLogAppender.java:timeoutAppendRequest(311)) - s1@group-5A56208BFE72->s0-GrpcLogAppender:  appendEntries Timeout, request=AppendEntriesRequest:cid=3283,entriesCount=1,lastEntry=(t:1, i:10)
2023-03-03 03:31:18,890 [timer0] WARN  server.GrpcLogAppender (GrpcLogAppender.java:timeoutAppendRequest(311)) - s1@group-5A56208BFE72->s2-GrpcLogAppender:  appendEntries Timeout, request=AppendEntriesRequest:cid=4212,entriesCount=1,lastEntry=(t:1, i:11)
2023-03-03 03:31:18,899 [timer2] WARN  server.GrpcLogAppender (GrpcLogAppender.java:timeoutAppendRequest(311)) - s1@group-5A56208BFE72->s2-GrpcLogAppender:  appendEntries Timeout, request=AppendEntriesRequest:cid=4213,entriesCount=1,lastEntry=(t:1, i:12)
2023-03-03 03:31:21,792 [timer7] WARN  grpc.GrpcUtil (GrpcUtil.java:shutdownManagedChannel(223)) - Timed out gracefully shutting down connection: ManagedChannelOrphanWrapper{delegate=ManagedChannelImpl{logId=461, target=localhost:38545}}. 
2023-03-03 03:31:21,795 [timer7] WARN  server.GrpcLogAppender (GrpcLogAppender.java:timeoutAppendRequest(311)) - s1@group-5A56208BFE72->s0-GrpcLogAppender:  appendEntries Timeout, request=AppendEntriesRequest:cid=3276,entriesCount=1,lastEntry=(t:1, i:4)
2023-03-03 03:31:21,795 [timer7] WARN  server.GrpcLogAppender (GrpcLogAppender.java:timeoutAppendRequest(311)) - s1@group-5A56208BFE72->s0-GrpcLogAppender:  appendEntries Timeout, request=AppendEntriesRequest:cid=3280,entriesCount=1,lastEntry=(t:1, i:7)
2023-03-03 03:31:22,773 [Thread-502] WARN  grpc.GrpcUtil (GrpcUtil.java:shutdownManagedChannel(223)) - Timed out gracefully shutting down connection: ManagedChannelOrphanWrapper{delegate=ManagedChannelImpl{logId=475, target=localhost:38545}}. 
]]></system-out>
  </testcase>
  <testcase name="testSingleElementBuffer[1]" classname="org.apache.ratis.grpc.TestLogAppenderWithGrpc" time="8.081"/>
  <testcase name="testFollowerHeartbeatMetric[1]" classname="org.apache.ratis.grpc.TestLogAppenderWithGrpc" time="0.777"/>
  <testcase name="testUnlimitedElementBuffer[1]" classname="org.apache.ratis.grpc.TestLogAppenderWithGrpc" time="4.426"/>
</testsuite>