<?xml version="1.0" encoding="UTF-8"?>
<testsuite xmlns:xsi="http://www.w3.org/2001/XMLSchema-instance" xsi:noNamespaceSchemaLocation="https://maven.apache.org/surefire/maven-surefire-plugin/xsd/surefire-test-report.xsd" name="org.apache.ratis.grpc.TestRaftAsyncWithGrpc" time="49.074" tests="17" errors="0" skipped="0" failures="8">
  <properties>
    <property name="awt.toolkit" value="sun.awt.X11.XToolkit"/>
    <property name="file.encoding.pkg" value="sun.io"/>
    <property name="java.specification.version" value="1.8"/>
    <property name="sun.cpu.isalist" value=""/>
    <property name="sun.jnu.encoding" value="UTF-8"/>
    <property name="java.class.path" value="/home/runner/work/ratis/ratis/ratis-test/target/test-classes:/home/runner/work/ratis/ratis/ratis-test/target/classes:/home/runner/work/ratis/ratis/ratis-common/target/classes:/home/runner/.m2/repository/org/apache/ratis/ratis-thirdparty-misc/1.0.1/ratis-thirdparty-misc-1.0.1.jar:/home/runner/work/ratis/ratis/ratis-proto/target/ratis-proto-3.0.0-SNAPSHOT.jar:/home/runner/work/ratis/ratis/ratis-common/target/test-classes:/home/runner/work/ratis/ratis/ratis-client/target/classes:/home/runner/work/ratis/ratis/ratis-server/target/classes:/home/runner/work/ratis/ratis/ratis-server-api/target/classes:/home/runner/work/ratis/ratis/ratis-metrics/target/classes:/home/runner/work/ratis/ratis/ratis-server/target/test-classes:/home/runner/work/ratis/ratis/ratis-netty/target/classes:/home/runner/work/ratis/ratis/ratis-netty/target/test-classes:/home/runner/work/ratis/ratis/ratis-grpc/target/classes:/home/runner/work/ratis/ratis/ratis-grpc/target/test-classes:/home/runner/.m2/repository/org/slf4j/slf4j-api/1.7.29/slf4j-api-1.7.29.jar:/home/runner/.m2/repository/org/slf4j/slf4j-log4j12/1.7.29/slf4j-log4j12-1.7.29.jar:/home/runner/.m2/repository/log4j/log4j/1.2.17/log4j-1.2.17.jar:/home/runner/.m2/repository/junit/junit/4.13.2/junit-4.13.2.jar:/home/runner/.m2/repository/org/hamcrest/hamcrest-core/1.3/hamcrest-core-1.3.jar:/home/runner/.m2/repository/org/mockito/mockito-core/4.3.1/mockito-core-4.3.1.jar:/home/runner/.m2/repository/net/bytebuddy/byte-buddy/1.12.7/byte-buddy-1.12.7.jar:/home/runner/.m2/repository/net/bytebuddy/byte-buddy-agent/1.12.7/byte-buddy-agent-1.12.7.jar:/home/runner/.m2/repository/org/objenesis/objenesis/3.2/objenesis-3.2.jar:/home/runner/work/ratis/ratis/ratis-shell/target/classes:/home/runner/.m2/repository/commons-cli/commons-cli/1.5.0/commons-cli-1.5.0.jar:/home/runner/.m2/repository/org/reflections/reflections/0.10.2/reflections-0.10.2.jar:/home/runner/.m2/repository/org/javassist/javassist/3.28.0-GA/javassist-3.28.0-GA.jar:/home/runner/.m2/repository/com/google/code/findbugs/jsr305/3.0.2/jsr305-3.0.2.jar:"/>
    <property name="java.vm.vendor" value="Temurin"/>
    <property name="sun.arch.data.model" value="64"/>
    <property name="java.vendor.url" value="https://adoptium.net/"/>
    <property name="user.timezone" value=""/>
    <property name="java.vm.specification.version" value="1.8"/>
    <property name="os.name" value="Linux"/>
    <property name="sun.java.launcher" value="SUN_STANDARD"/>
    <property name="sun.boot.library.path" value="/usr/lib/jvm/temurin-8-jdk-amd64/jre/lib/amd64"/>
    <property name="sun.java.command" value="/home/runner/work/ratis/ratis/ratis-test/target/surefire/surefirebooter4755309178511913338.jar /home/runner/work/ratis/ratis/ratis-test/target/surefire 2022-07-23T19-29-42_241-jvmRun1 surefire2566542521498629634tmp surefire_129005443442902908853tmp"/>
    <property name="surefire.test.class.path" value="/home/runner/work/ratis/ratis/ratis-test/target/test-classes:/home/runner/work/ratis/ratis/ratis-test/target/classes:/home/runner/work/ratis/ratis/ratis-common/target/classes:/home/runner/.m2/repository/org/apache/ratis/ratis-thirdparty-misc/1.0.1/ratis-thirdparty-misc-1.0.1.jar:/home/runner/work/ratis/ratis/ratis-proto/target/ratis-proto-3.0.0-SNAPSHOT.jar:/home/runner/work/ratis/ratis/ratis-common/target/test-classes:/home/runner/work/ratis/ratis/ratis-client/target/classes:/home/runner/work/ratis/ratis/ratis-server/target/classes:/home/runner/work/ratis/ratis/ratis-server-api/target/classes:/home/runner/work/ratis/ratis/ratis-metrics/target/classes:/home/runner/work/ratis/ratis/ratis-server/target/test-classes:/home/runner/work/ratis/ratis/ratis-netty/target/classes:/home/runner/work/ratis/ratis/ratis-netty/target/test-classes:/home/runner/work/ratis/ratis/ratis-grpc/target/classes:/home/runner/work/ratis/ratis/ratis-grpc/target/test-classes:/home/runner/.m2/repository/org/slf4j/slf4j-api/1.7.29/slf4j-api-1.7.29.jar:/home/runner/.m2/repository/org/slf4j/slf4j-log4j12/1.7.29/slf4j-log4j12-1.7.29.jar:/home/runner/.m2/repository/log4j/log4j/1.2.17/log4j-1.2.17.jar:/home/runner/.m2/repository/junit/junit/4.13.2/junit-4.13.2.jar:/home/runner/.m2/repository/org/hamcrest/hamcrest-core/1.3/hamcrest-core-1.3.jar:/home/runner/.m2/repository/org/mockito/mockito-core/4.3.1/mockito-core-4.3.1.jar:/home/runner/.m2/repository/net/bytebuddy/byte-buddy/1.12.7/byte-buddy-1.12.7.jar:/home/runner/.m2/repository/net/bytebuddy/byte-buddy-agent/1.12.7/byte-buddy-agent-1.12.7.jar:/home/runner/.m2/repository/org/objenesis/objenesis/3.2/objenesis-3.2.jar:/home/runner/work/ratis/ratis/ratis-shell/target/classes:/home/runner/.m2/repository/commons-cli/commons-cli/1.5.0/commons-cli-1.5.0.jar:/home/runner/.m2/repository/org/reflections/reflections/0.10.2/reflections-0.10.2.jar:/home/runner/.m2/repository/org/javassist/javassist/3.28.0-GA/javassist-3.28.0-GA.jar:/home/runner/.m2/repository/com/google/code/findbugs/jsr305/3.0.2/jsr305-3.0.2.jar:"/>
    <property name="sun.cpu.endian" value="little"/>
    <property name="user.home" value="/home/runner"/>
    <property name="user.language" value="en"/>
    <property name="java.specification.vendor" value="Oracle Corporation"/>
    <property name="java.home" value="/usr/lib/jvm/temurin-8-jdk-amd64/jre"/>
    <property name="basedir" value="/home/runner/work/ratis/ratis/ratis-test"/>
    <property name="file.separator" value="/"/>
    <property name="line.separator" value="&#10;"/>
    <property name="java.vm.specification.vendor" value="Oracle Corporation"/>
    <property name="java.specification.name" value="Java Platform API Specification"/>
    <property name="java.awt.graphicsenv" value="sun.awt.X11GraphicsEnvironment"/>
    <property name="surefire.real.class.path" value="/home/runner/work/ratis/ratis/ratis-test/target/surefire/surefirebooter4755309178511913338.jar"/>
    <property name="sun.boot.class.path" value="/usr/lib/jvm/temurin-8-jdk-amd64/jre/lib/resources.jar:/usr/lib/jvm/temurin-8-jdk-amd64/jre/lib/rt.jar:/usr/lib/jvm/temurin-8-jdk-amd64/jre/lib/sunrsasign.jar:/usr/lib/jvm/temurin-8-jdk-amd64/jre/lib/jsse.jar:/usr/lib/jvm/temurin-8-jdk-amd64/jre/lib/jce.jar:/usr/lib/jvm/temurin-8-jdk-amd64/jre/lib/charsets.jar:/usr/lib/jvm/temurin-8-jdk-amd64/jre/lib/jfr.jar:/usr/lib/jvm/temurin-8-jdk-amd64/jre/classes"/>
    <property name="sun.management.compiler" value="HotSpot 64-Bit Tiered Compilers"/>
    <property name="java.runtime.version" value="1.8.0_332-b09"/>
    <property name="java.net.preferIPv4Stack" value="true"/>
    <property name="user.name" value="runner"/>
    <property name="path.separator" value=":"/>
    <property name="os.version" value="5.4.0-1086-azure"/>
    <property name="java.endorsed.dirs" value="/usr/lib/jvm/temurin-8-jdk-amd64/jre/lib/endorsed"/>
    <property name="java.runtime.name" value="OpenJDK Runtime Environment"/>
    <property name="file.encoding" value="UTF-8"/>
    <property name="java.vm.name" value="OpenJDK 64-Bit Server VM"/>
    <property name="localRepository" value="/home/runner/.m2/repository"/>
    <property name="java.vendor.url.bug" value="https://github.com/adoptium/adoptium-support/issues"/>
    <property name="java.io.tmpdir" value="/tmp"/>
    <property name="java.version" value="1.8.0_332"/>
    <property name="user.dir" value="/home/runner/work/ratis/ratis/ratis-test"/>
    <property name="os.arch" value="amd64"/>
    <property name="ratis.tmp.dir" value="/home/runner/work/ratis/ratis/ratis-test/target/tmp"/>
    <property name="java.vm.specification.name" value="Java Virtual Machine Specification"/>
    <property name="java.awt.printerjob" value="sun.print.PSPrinterJob"/>
    <property name="ratis.log.dir" value="/home/runner/work/ratis/ratis/ratis-test/target/log"/>
    <property name="sun.os.patch.level" value="unknown"/>
    <property name="java.library.path" value="/usr/java/packages/lib/amd64:/usr/lib64:/lib64:/lib:/usr/lib"/>
    <property name="java.vm.info" value="mixed mode"/>
    <property name="java.vendor" value="Temurin"/>
    <property name="java.vm.version" value="25.332-b09"/>
    <property name="java.ext.dirs" value="/usr/lib/jvm/temurin-8-jdk-amd64/jre/lib/ext:/usr/java/packages/lib/ext"/>
    <property name="sun.io.unicode.encoding" value="UnicodeLittle"/>
    <property name="java.class.version" value="52.0"/>
  </properties>
  <testcase name="testAsyncConfiguration" classname="org.apache.ratis.grpc.TestRaftAsyncWithGrpc" time="0.313"/>
  <testcase name="testStaleReadAsync" classname="org.apache.ratis.grpc.TestRaftAsyncWithGrpc" time="1.869"/>
  <testcase name="testStateMachineMetrics" classname="org.apache.ratis.grpc.TestRaftAsyncWithGrpc" time="0.591"/>
  <testcase name="testRequestAsyncWithRetryFailure" classname="org.apache.ratis.grpc.TestRaftAsyncWithGrpc" time="1.172"/>
  <testcase name="testBasicAppendEntriesAsyncKillLeader" classname="org.apache.ratis.grpc.TestRaftAsyncWithGrpc" time="7.003"/>
  <testcase name="testAppendEntriesTimeout" classname="org.apache.ratis.grpc.TestRaftAsyncWithGrpc" time="5.674"/>
  <testcase name="testWithLoadAsync" classname="org.apache.ratis.grpc.TestRaftAsyncWithGrpc" time="17.932"/>
  <testcase name="testRequestTimeout" classname="org.apache.ratis.grpc.TestRaftAsyncWithGrpc" time="6.698"/>
  <testcase name="testAsyncRequestSemaphore" classname="org.apache.ratis.grpc.TestRaftAsyncWithGrpc" time="1.852"/>
  <testcase name="testBasicAppendEntriesAsync" classname="org.apache.ratis.grpc.TestRaftAsyncWithGrpc" time="1.663">
    <failure message="Unexpected exit." type="java.lang.AssertionError">java.lang.AssertionError: Unexpected exit.
	at org.apache.ratis.util.ExitUtils.assertNotTerminated(ExitUtils.java:109)
	at org.apache.ratis.server.impl.MiniRaftCluster.shutdown(MiniRaftCluster.java:800)
	at org.apache.ratis.server.impl.MiniRaftCluster$Factory$Get.runWithNewCluster(MiniRaftCluster.java:131)
	at org.apache.ratis.server.impl.MiniRaftCluster$Factory$Get.runWithNewCluster(MiniRaftCluster.java:113)
	at org.apache.ratis.RaftAsyncTests.runTestBasicAppendEntriesAsync(RaftAsyncTests.java:257)
	at org.apache.ratis.RaftAsyncTests.testBasicAppendEntriesAsync(RaftAsyncTests.java:263)
	at sun.reflect.NativeMethodAccessorImpl.invoke0(Native Method)
	at sun.reflect.NativeMethodAccessorImpl.invoke(NativeMethodAccessorImpl.java:62)
	at sun.reflect.DelegatingMethodAccessorImpl.invoke(DelegatingMethodAccessorImpl.java:43)
	at java.lang.reflect.Method.invoke(Method.java:498)
	at org.junit.runners.model.FrameworkMethod$1.runReflectiveCall(FrameworkMethod.java:59)
	at org.junit.internal.runners.model.ReflectiveCallable.run(ReflectiveCallable.java:12)
	at org.junit.runners.model.FrameworkMethod.invokeExplosively(FrameworkMethod.java:56)
	at org.junit.internal.runners.statements.InvokeMethod.evaluate(InvokeMethod.java:17)
	at org.junit.internal.runners.statements.RunAfters.evaluate(RunAfters.java:27)
	at org.junit.internal.runners.statements.FailOnTimeout$CallableStatement.call(FailOnTimeout.java:299)
	at org.junit.internal.runners.statements.FailOnTimeout$CallableStatement.call(FailOnTimeout.java:293)
	at java.util.concurrent.FutureTask.run(FutureTask.java:266)
	at java.lang.Thread.run(Thread.java:750)
Caused by: org.apache.ratis.util.ExitUtils$ExitException: Failed to kill/restart server: s0
	at org.apache.ratis.util.ExitUtils.terminate(ExitUtils.java:141)
	at org.apache.ratis.util.ExitUtils.terminate(ExitUtils.java:151)
	at org.apache.ratis.RaftBasicTests.lambda$killAndRestartServer$2(RaftBasicTests.java:109)
	... 1 more
Caused by: java.lang.IllegalStateException: ILLEGAL TRANSITION: In s0-RaftServerProxy, CLOSED -> EXCEPTION
	at org.apache.ratis.util.Preconditions.assertTrue(Preconditions.java:60)
	at org.apache.ratis.util.LifeCycle$State.validate(LifeCycle.java:121)
	at org.apache.ratis.util.LifeCycle.transition(LifeCycle.java:164)
	at org.apache.ratis.util.LifeCycle.startAndTransition(LifeCycle.java:273)
	at org.apache.ratis.server.impl.RaftServerProxy.start(RaftServerProxy.java:379)
	at org.apache.ratis.server.impl.MiniRaftCluster.restartServer(MiniRaftCluster.java:330)
	at org.apache.ratis.server.impl.MiniRaftCluster.restartServer(MiniRaftCluster.java:322)
	at org.apache.ratis.RaftBasicTests.lambda$killAndRestartServer$2(RaftBasicTests.java:106)
	... 1 more
</failure>
    <system-out><![CDATA[2022-07-23 19:35:38,145 [main] INFO  util.LogUtils (Log4jUtils.java:setLogLevel(32)) - Set org.apache.ratis.conf.ConfUtils log level to WARN
2022-07-23 19:35:38,145 [main] INFO  util.LogUtils (Log4jUtils.java:setLogLevel(32)) - Set org.apache.ratis.util.FileUtils log level to TRACE
2022-07-23 19:35:38,145 [main] INFO  util.LogUtils (Log4jUtils.java:setLogLevel(32)) - Set org.apache.ratis.server.RaftServer$Division log level to DEBUG
2022-07-23 19:35:38,145 [main] INFO  util.LogUtils (Log4jUtils.java:setLogLevel(32)) - Set org.apache.ratis.client.RaftClient log level to DEBUG
2022-07-23 19:35:38,150 [Time-limited test] INFO  impl.MiniRaftCluster (MiniRaftCluster.java:runWithNewCluster(119)) - Running runWithNewCluster
2022-07-23 19:35:38,151 [Time-limited test] INFO  impl.MiniRaftCluster (MiniRaftCluster.java:<init>(272)) - new MiniRaftClusterWithGrpc with group-1D19F5312903:[s0|rpc:localhost:33053|admin:localhost:34833|client:localhost:45065|dataStream:localhost:40973|priority:0|startupRole:FOLLOWER, s1|rpc:localhost:37337|admin:localhost:46639|client:localhost:33239|dataStream:localhost:44379|priority:0|startupRole:FOLLOWER, s2|rpc:localhost:36285|admin:localhost:33785|client:localhost:35753|dataStream:localhost:36721|priority:0|startupRole:FOLLOWER]
2022-07-23 19:35:38,155 [Time-limited test] INFO  impl.MiniRaftCluster (MiniRaftCluster.java:start(305)) - .............................................................. 
2022-07-23 19:35:38,155 [Time-limited test] INFO  impl.MiniRaftCluster (MiniRaftCluster.java:start(306)) - ... 
2022-07-23 19:35:38,155 [Time-limited test] INFO  impl.MiniRaftCluster (MiniRaftCluster.java:start(307)) - ...     Starting MiniRaftClusterWithGrpc
2022-07-23 19:35:38,155 [Time-limited test] INFO  impl.MiniRaftCluster (MiniRaftCluster.java:start(308)) - ... 
2022-07-23 19:35:38,155 [Time-limited test] INFO  impl.MiniRaftCluster (MiniRaftCluster.java:start(309)) - .............................................................. 
2022-07-23 19:35:38,155 [Time-limited test] INFO  impl.MiniRaftCluster (MiniRaftCluster.java:initServers(284)) - servers = {}
2022-07-23 19:35:38,155 [Time-limited test] INFO  impl.MiniRaftCluster (MiniRaftCluster.java:newRaftServer(348)) - newRaftServer: s0, group-1D19F5312903:[s0|rpc:localhost:33053|admin:localhost:34833|client:localhost:45065|dataStream:localhost:40973|priority:0|startupRole:FOLLOWER, s1|rpc:localhost:37337|admin:localhost:46639|client:localhost:33239|dataStream:localhost:44379|priority:0|startupRole:FOLLOWER, s2|rpc:localhost:36285|admin:localhost:33785|client:localhost:35753|dataStream:localhost:36721|priority:0|startupRole:FOLLOWER], format? true
2022-07-23 19:35:38,155 [Time-limited test] TRACE util.FileUtils (FileUtils.java:deleteFully(162)) - deleteFully target/test/data/11cf776f/MiniRaftClusterWithGrpc8f6a6033/s0
2022-07-23 19:35:38,155 [Time-limited test] TRACE util.FileUtils (FileUtils.java:deleteFully(178)) - deleteFully: target/test/data/11cf776f/MiniRaftClusterWithGrpc8f6a6033/s0 does not exist.
2022-07-23 19:35:38,155 [Time-limited test] INFO  impl.MiniRaftCluster (MiniRaftCluster.java:newRaftServer(353)) - Formatted directory target/test/data/11cf776f/MiniRaftClusterWithGrpc8f6a6033/s0
2022-07-23 19:35:38,156 [Time-limited test] INFO  server.RaftServer (ConfUtils.java:logGet(46)) - raft.rpc.type = GRPC (default)
2022-07-23 19:35:38,156 [Time-limited test] INFO  grpc.GrpcConfigKeys (ConfUtils.java:logGet(46)) - raft.grpc.admin.port = 34833 (custom)
2022-07-23 19:35:38,157 [Time-limited test] INFO  grpc.GrpcConfigKeys (ConfUtils.java:logGet(46)) - raft.grpc.client.port = 45065 (custom)
2022-07-23 19:35:38,158 [Time-limited test] INFO  grpc.GrpcConfigKeys (ConfUtils.java:logGet(46)) - raft.grpc.server.port = 33053 (custom)
2022-07-23 19:35:38,158 [Time-limited test] INFO  server.GrpcService (ConfUtils.java:logGet(46)) - raft.grpc.message.size.max = 64MB (=67108864) (default)
2022-07-23 19:35:38,158 [Time-limited test] INFO  server.RaftServerConfigKeys (ConfUtils.java:logGet(46)) - raft.server.log.appender.buffer.byte-limit = 4MB (=4194304) (default)
2022-07-23 19:35:38,158 [Time-limited test] INFO  server.GrpcService (ConfUtils.java:logGet(46)) - raft.grpc.flow.control.window = 1MB (=1048576) (default)
2022-07-23 19:35:38,158 [Time-limited test] INFO  server.RaftServerConfigKeys (ConfUtils.java:logGet(46)) - raft.server.rpc.request.timeout = 3000ms (default)
2022-07-23 19:35:38,158 [Time-limited test] INFO  grpc.GrpcConfigKeys (ConfUtils.java:logGet(46)) - raft.grpc.server.heartbeat.channel = true (default)
2022-07-23 19:35:38,158 [Time-limited test] INFO  grpc.GrpcConfigKeys (ConfUtils.java:logGet(46)) - raft.grpc.server.async.request.thread.pool.cached = true (default)
2022-07-23 19:35:38,158 [Time-limited test] INFO  grpc.GrpcConfigKeys (ConfUtils.java:logGet(46)) - raft.grpc.server.async.request.thread.pool.size = 32 (default)
2022-07-23 19:35:38,160 [Time-limited test] INFO  impl.DataStreamServerImpl (ConfUtils.java:logGet(46)) - raft.datastream.type = DISABLED (default)
2022-07-23 19:35:38,160 [Time-limited test] INFO  server.RaftServerConfigKeys (ConfUtils.java:logGet(46)) - raft.server.threadpool.proxy.cached = true (default)
2022-07-23 19:35:38,160 [Time-limited test] INFO  server.RaftServerConfigKeys (ConfUtils.java:logGet(46)) - raft.server.threadpool.proxy.size = 0 (default)
2022-07-23 19:35:38,160 [Time-limited test] INFO  server.RaftServerConfigKeys (ConfUtils.java:logGet(46)) - raft.server.rpc.slowness.timeout = 60s (default)
2022-07-23 19:35:38,160 [Time-limited test] INFO  server.RaftServerConfigKeys (ConfUtils.java:logGet(46)) - raft.server.leaderelection.leader.step-down.wait-time = 10s (default)
2022-07-23 19:35:38,160 [Time-limited test] INFO  server.RaftServerConfigKeys (ConfUtils.java:logGet(46)) - raft.server.storage.dir = [/home/runner/work/ratis/ratis/ratis-test/target/test/data/11cf776f/MiniRaftClusterWithGrpc8f6a6033/s0] (custom)
2022-07-23 19:35:38,161 [Time-limited test] INFO  server.RaftServer (RaftServerProxy.java:addNew(96)) - s0: addNew group-1D19F5312903:[s0|rpc:localhost:33053|admin:localhost:34833|client:localhost:45065|dataStream:localhost:40973|priority:0|startupRole:FOLLOWER, s1|rpc:localhost:37337|admin:localhost:46639|client:localhost:33239|dataStream:localhost:44379|priority:0|startupRole:FOLLOWER, s2|rpc:localhost:36285|admin:localhost:33785|client:localhost:35753|dataStream:localhost:36721|priority:0|startupRole:FOLLOWER] returns group-1D19F5312903:java.util.concurrent.CompletableFuture@7927b658[Not completed]
2022-07-23 19:35:38,161 [Time-limited test] INFO  impl.MiniRaftCluster (MiniRaftCluster.java:newRaftServer(348)) - newRaftServer: s1, group-1D19F5312903:[s0|rpc:localhost:33053|admin:localhost:34833|client:localhost:45065|dataStream:localhost:40973|priority:0|startupRole:FOLLOWER, s1|rpc:localhost:37337|admin:localhost:46639|client:localhost:33239|dataStream:localhost:44379|priority:0|startupRole:FOLLOWER, s2|rpc:localhost:36285|admin:localhost:33785|client:localhost:35753|dataStream:localhost:36721|priority:0|startupRole:FOLLOWER], format? true
2022-07-23 19:35:38,161 [Time-limited test] TRACE util.FileUtils (FileUtils.java:deleteFully(162)) - deleteFully target/test/data/11cf776f/MiniRaftClusterWithGrpc8f6a6033/s1
2022-07-23 19:35:38,161 [Time-limited test] TRACE util.FileUtils (FileUtils.java:deleteFully(178)) - deleteFully: target/test/data/11cf776f/MiniRaftClusterWithGrpc8f6a6033/s1 does not exist.
2022-07-23 19:35:38,161 [Time-limited test] INFO  impl.MiniRaftCluster (MiniRaftCluster.java:newRaftServer(353)) - Formatted directory target/test/data/11cf776f/MiniRaftClusterWithGrpc8f6a6033/s1
2022-07-23 19:35:38,161 [Time-limited test] INFO  server.RaftServer (ConfUtils.java:logGet(46)) - raft.rpc.type = GRPC (default)
2022-07-23 19:35:38,161 [Time-limited test] INFO  grpc.GrpcConfigKeys (ConfUtils.java:logGet(46)) - raft.grpc.admin.port = 46639 (custom)
2022-07-23 19:35:38,161 [Time-limited test] INFO  grpc.GrpcConfigKeys (ConfUtils.java:logGet(46)) - raft.grpc.client.port = 33239 (custom)
2022-07-23 19:35:38,161 [Time-limited test] INFO  grpc.GrpcConfigKeys (ConfUtils.java:logGet(46)) - raft.grpc.server.port = 37337 (custom)
2022-07-23 19:35:38,161 [Time-limited test] INFO  server.GrpcService (ConfUtils.java:logGet(46)) - raft.grpc.message.size.max = 64MB (=67108864) (default)
2022-07-23 19:35:38,161 [Time-limited test] INFO  server.RaftServerConfigKeys (ConfUtils.java:logGet(46)) - raft.server.log.appender.buffer.byte-limit = 4MB (=4194304) (default)
2022-07-23 19:35:38,162 [Time-limited test] INFO  server.GrpcService (ConfUtils.java:logGet(46)) - raft.grpc.flow.control.window = 1MB (=1048576) (default)
2022-07-23 19:35:38,162 [Time-limited test] INFO  server.RaftServerConfigKeys (ConfUtils.java:logGet(46)) - raft.server.rpc.request.timeout = 3000ms (default)
2022-07-23 19:35:38,162 [Time-limited test] INFO  grpc.GrpcConfigKeys (ConfUtils.java:logGet(46)) - raft.grpc.server.heartbeat.channel = true (default)
2022-07-23 19:35:38,162 [Time-limited test] INFO  grpc.GrpcConfigKeys (ConfUtils.java:logGet(46)) - raft.grpc.server.async.request.thread.pool.cached = true (default)
2022-07-23 19:35:38,162 [Time-limited test] INFO  grpc.GrpcConfigKeys (ConfUtils.java:logGet(46)) - raft.grpc.server.async.request.thread.pool.size = 32 (default)
2022-07-23 19:35:38,163 [Time-limited test] INFO  impl.DataStreamServerImpl (ConfUtils.java:logGet(46)) - raft.datastream.type = DISABLED (default)
2022-07-23 19:35:38,163 [Time-limited test] INFO  server.RaftServerConfigKeys (ConfUtils.java:logGet(46)) - raft.server.threadpool.proxy.cached = true (default)
2022-07-23 19:35:38,163 [Time-limited test] INFO  server.RaftServerConfigKeys (ConfUtils.java:logGet(46)) - raft.server.threadpool.proxy.size = 0 (default)
2022-07-23 19:35:38,163 [Time-limited test] INFO  server.RaftServerConfigKeys (ConfUtils.java:logGet(46)) - raft.server.rpc.slowness.timeout = 60s (default)
2022-07-23 19:35:38,163 [Time-limited test] INFO  server.RaftServerConfigKeys (ConfUtils.java:logGet(46)) - raft.server.leaderelection.leader.step-down.wait-time = 10s (default)
2022-07-23 19:35:38,164 [Time-limited test] INFO  server.RaftServerConfigKeys (ConfUtils.java:logGet(46)) - raft.server.storage.dir = [/home/runner/work/ratis/ratis/ratis-test/target/test/data/11cf776f/MiniRaftClusterWithGrpc8f6a6033/s1] (custom)
2022-07-23 19:35:38,164 [pool-34-thread-1] INFO  server.RaftServerConfigKeys (ConfUtils.java:logGet(46)) - raft.server.log.segment.size.max = 8MB (=8388608) (default)
2022-07-23 19:35:38,164 [pool-34-thread-1] INFO  server.RaftServerConfigKeys (ConfUtils.java:logGet(46)) - raft.server.log.preallocated.size = 4MB (=4194304) (default)
2022-07-23 19:35:38,164 [pool-34-thread-1] INFO  server.RaftServerConfigKeys (ConfUtils.java:logGet(46)) - raft.server.log.write.buffer.size = 64KB (=65536) (default)
2022-07-23 19:35:38,171 [pool-34-thread-1] INFO  server.RaftServer$Division (RaftServerImpl.java:<init>(192)) - s0: new RaftServerImpl for group-1D19F5312903:[s0|rpc:localhost:33053|admin:localhost:34833|client:localhost:45065|dataStream:localhost:40973|priority:0|startupRole:FOLLOWER, s1|rpc:localhost:37337|admin:localhost:46639|client:localhost:33239|dataStream:localhost:44379|priority:0|startupRole:FOLLOWER, s2|rpc:localhost:36285|admin:localhost:33785|client:localhost:35753|dataStream:localhost:36721|priority:0|startupRole:FOLLOWER] with SimpleStateMachine4Testing:uninitialized
2022-07-23 19:35:38,171 [pool-34-thread-1] INFO  server.RaftServerConfigKeys (ConfUtils.java:logGet(46)) - raft.server.rpc.timeout.min = 150ms (default)
2022-07-23 19:35:38,172 [pool-34-thread-1] INFO  server.RaftServerConfigKeys (ConfUtils.java:logGet(46)) - raft.server.rpc.timeout.max = 300ms (default)
2022-07-23 19:35:38,172 [pool-34-thread-1] INFO  server.RaftServerConfigKeys (ConfUtils.java:logGet(46)) - raft.server.rpc.sleep.time = 25ms (default)
2022-07-23 19:35:38,172 [pool-34-thread-1] INFO  server.RaftServerConfigKeys (ConfUtils.java:logGet(46)) - raft.server.rpc.slowness.timeout = 60s (default)
2022-07-23 19:35:38,172 [pool-34-thread-1] INFO  server.RaftServerConfigKeys (ConfUtils.java:logGet(46)) - raft.server.leaderelection.leader.step-down.wait-time = 10s (default)
2022-07-23 19:35:38,172 [pool-34-thread-1] INFO  server.RaftServerConfigKeys (ConfUtils.java:logGet(46)) - raft.server.sleep.deviation.threshold = 300ms (default)
2022-07-23 19:35:38,172 [pool-34-thread-1] INFO  server.RaftServer$Division (ServerState.java:<init>(118)) - s0@group-1D19F5312903: ConfigurationManager, init=-1: peers:[s0|rpc:localhost:33053|admin:localhost:34833|client:localhost:45065|dataStream:localhost:40973|priority:0|startupRole:FOLLOWER, s1|rpc:localhost:37337|admin:localhost:46639|client:localhost:33239|dataStream:localhost:44379|priority:0|startupRole:FOLLOWER, s2|rpc:localhost:36285|admin:localhost:33785|client:localhost:35753|dataStream:localhost:36721|priority:0|startupRole:FOLLOWER]|listeners:[], old=null, confs=<EMPTY_MAP>
2022-07-23 19:35:38,172 [pool-34-thread-1] INFO  server.RaftServerConfigKeys (ConfUtils.java:logGet(46)) - raft.server.storage.dir = [/home/runner/work/ratis/ratis/ratis-test/target/test/data/11cf776f/MiniRaftClusterWithGrpc8f6a6033/s0] (custom)
2022-07-23 19:35:38,173 [pool-34-thread-1] INFO  server.RaftServerConfigKeys (ConfUtils.java:logGet(46)) - raft.server.log.corruption.policy = EXCEPTION (default)
2022-07-23 19:35:38,173 [pool-34-thread-1] INFO  server.RaftServerConfigKeys (ConfUtils.java:logGet(46)) - raft.server.storage.free-space.min = 0MB (=0) (default)
2022-07-23 19:35:38,173 [pool-34-thread-1] INFO  server.RaftServerConfigKeys (ConfUtils.java:logGet(46)) - raft.server.notification.no-leader.timeout = 60s (default)
2022-07-23 19:35:38,173 [pool-34-thread-1] INFO  server.RaftServerConfigKeys (ConfUtils.java:logGet(46)) - raft.server.retrycache.expirytime = 60s (default)
2022-07-23 19:35:38,173 [pool-34-thread-1] INFO  server.RaftServerConfigKeys (ConfUtils.java:logGet(46)) - raft.server.retrycache.statistics.expirytime = 100μs (default)
2022-07-23 19:35:38,173 [pool-34-thread-1] INFO  server.RaftServerConfigKeys (ConfUtils.java:logGet(46)) - raft.server.log.appender.install.snapshot.enabled = true (default)
2022-07-23 19:35:38,173 [pool-34-thread-1] INFO  server.RaftServerConfigKeys (ConfUtils.java:logGet(46)) - raft.server.threadpool.server.cached = true (default)
2022-07-23 19:35:38,173 [pool-34-thread-1] INFO  server.RaftServerConfigKeys (ConfUtils.java:logGet(46)) - raft.server.threadpool.server.size = 0 (default)
2022-07-23 19:35:38,173 [pool-34-thread-1] INFO  server.RaftServerConfigKeys (ConfUtils.java:logGet(46)) - raft.server.threadpool.client.cached = true (default)
2022-07-23 19:35:38,173 [pool-34-thread-1] INFO  server.RaftServerConfigKeys (ConfUtils.java:logGet(46)) - raft.server.threadpool.client.size = 0 (default)
2022-07-23 19:35:38,179 [Time-limited test] INFO  server.RaftServer (RaftServerProxy.java:addNew(96)) - s1: addNew group-1D19F5312903:[s0|rpc:localhost:33053|admin:localhost:34833|client:localhost:45065|dataStream:localhost:40973|priority:0|startupRole:FOLLOWER, s1|rpc:localhost:37337|admin:localhost:46639|client:localhost:33239|dataStream:localhost:44379|priority:0|startupRole:FOLLOWER, s2|rpc:localhost:36285|admin:localhost:33785|client:localhost:35753|dataStream:localhost:36721|priority:0|startupRole:FOLLOWER] returns group-1D19F5312903:java.util.concurrent.CompletableFuture@d53490c[Not completed]
2022-07-23 19:35:38,179 [pool-35-thread-1] INFO  server.RaftServerConfigKeys (ConfUtils.java:logGet(46)) - raft.server.log.segment.size.max = 8MB (=8388608) (default)
2022-07-23 19:35:38,179 [Time-limited test] INFO  impl.MiniRaftCluster (MiniRaftCluster.java:newRaftServer(348)) - newRaftServer: s2, group-1D19F5312903:[s0|rpc:localhost:33053|admin:localhost:34833|client:localhost:45065|dataStream:localhost:40973|priority:0|startupRole:FOLLOWER, s1|rpc:localhost:37337|admin:localhost:46639|client:localhost:33239|dataStream:localhost:44379|priority:0|startupRole:FOLLOWER, s2|rpc:localhost:36285|admin:localhost:33785|client:localhost:35753|dataStream:localhost:36721|priority:0|startupRole:FOLLOWER], format? true
2022-07-23 19:35:38,179 [pool-35-thread-1] INFO  server.RaftServerConfigKeys (ConfUtils.java:logGet(46)) - raft.server.log.preallocated.size = 4MB (=4194304) (default)
2022-07-23 19:35:38,179 [pool-35-thread-1] INFO  server.RaftServerConfigKeys (ConfUtils.java:logGet(46)) - raft.server.log.write.buffer.size = 64KB (=65536) (default)
2022-07-23 19:35:38,179 [pool-35-thread-1] INFO  server.RaftServer$Division (RaftServerImpl.java:<init>(192)) - s1: new RaftServerImpl for group-1D19F5312903:[s0|rpc:localhost:33053|admin:localhost:34833|client:localhost:45065|dataStream:localhost:40973|priority:0|startupRole:FOLLOWER, s1|rpc:localhost:37337|admin:localhost:46639|client:localhost:33239|dataStream:localhost:44379|priority:0|startupRole:FOLLOWER, s2|rpc:localhost:36285|admin:localhost:33785|client:localhost:35753|dataStream:localhost:36721|priority:0|startupRole:FOLLOWER] with SimpleStateMachine4Testing:uninitialized
2022-07-23 19:35:38,179 [pool-35-thread-1] INFO  server.RaftServerConfigKeys (ConfUtils.java:logGet(46)) - raft.server.rpc.timeout.min = 150ms (default)
2022-07-23 19:35:38,179 [pool-35-thread-1] INFO  server.RaftServerConfigKeys (ConfUtils.java:logGet(46)) - raft.server.rpc.timeout.max = 300ms (default)
2022-07-23 19:35:38,179 [pool-35-thread-1] INFO  server.RaftServerConfigKeys (ConfUtils.java:logGet(46)) - raft.server.rpc.sleep.time = 25ms (default)
2022-07-23 19:35:38,179 [pool-35-thread-1] INFO  server.RaftServerConfigKeys (ConfUtils.java:logGet(46)) - raft.server.rpc.slowness.timeout = 60s (default)
2022-07-23 19:35:38,179 [pool-35-thread-1] INFO  server.RaftServerConfigKeys (ConfUtils.java:logGet(46)) - raft.server.leaderelection.leader.step-down.wait-time = 10s (default)
2022-07-23 19:35:38,179 [pool-35-thread-1] INFO  server.RaftServerConfigKeys (ConfUtils.java:logGet(46)) - raft.server.sleep.deviation.threshold = 300ms (default)
2022-07-23 19:35:38,179 [Time-limited test] TRACE util.FileUtils (FileUtils.java:deleteFully(162)) - deleteFully target/test/data/11cf776f/MiniRaftClusterWithGrpc8f6a6033/s2
2022-07-23 19:35:38,180 [pool-35-thread-1] INFO  server.RaftServer$Division (ServerState.java:<init>(118)) - s1@group-1D19F5312903: ConfigurationManager, init=-1: peers:[s0|rpc:localhost:33053|admin:localhost:34833|client:localhost:45065|dataStream:localhost:40973|priority:0|startupRole:FOLLOWER, s1|rpc:localhost:37337|admin:localhost:46639|client:localhost:33239|dataStream:localhost:44379|priority:0|startupRole:FOLLOWER, s2|rpc:localhost:36285|admin:localhost:33785|client:localhost:35753|dataStream:localhost:36721|priority:0|startupRole:FOLLOWER]|listeners:[], old=null, confs=<EMPTY_MAP>
2022-07-23 19:35:38,180 [Time-limited test] TRACE util.FileUtils (FileUtils.java:deleteFully(178)) - deleteFully: target/test/data/11cf776f/MiniRaftClusterWithGrpc8f6a6033/s2 does not exist.
2022-07-23 19:35:38,180 [Time-limited test] INFO  impl.MiniRaftCluster (MiniRaftCluster.java:newRaftServer(353)) - Formatted directory target/test/data/11cf776f/MiniRaftClusterWithGrpc8f6a6033/s2
2022-07-23 19:35:38,180 [pool-35-thread-1] INFO  server.RaftServerConfigKeys (ConfUtils.java:logGet(46)) - raft.server.storage.dir = [/home/runner/work/ratis/ratis/ratis-test/target/test/data/11cf776f/MiniRaftClusterWithGrpc8f6a6033/s1] (custom)
2022-07-23 19:35:38,180 [pool-35-thread-1] INFO  server.RaftServerConfigKeys (ConfUtils.java:logGet(46)) - raft.server.log.corruption.policy = EXCEPTION (default)
2022-07-23 19:35:38,180 [pool-35-thread-1] INFO  server.RaftServerConfigKeys (ConfUtils.java:logGet(46)) - raft.server.storage.free-space.min = 0MB (=0) (default)
2022-07-23 19:35:38,180 [Time-limited test] INFO  server.RaftServer (ConfUtils.java:logGet(46)) - raft.rpc.type = GRPC (default)
2022-07-23 19:35:38,180 [pool-35-thread-1] INFO  server.RaftServerConfigKeys (ConfUtils.java:logGet(46)) - raft.server.notification.no-leader.timeout = 60s (default)
2022-07-23 19:35:38,180 [Time-limited test] INFO  grpc.GrpcConfigKeys (ConfUtils.java:logGet(46)) - raft.grpc.admin.port = 33785 (custom)
2022-07-23 19:35:38,180 [pool-35-thread-1] INFO  server.RaftServerConfigKeys (ConfUtils.java:logGet(46)) - raft.server.retrycache.expirytime = 60s (default)
2022-07-23 19:35:38,180 [pool-35-thread-1] INFO  server.RaftServerConfigKeys (ConfUtils.java:logGet(46)) - raft.server.retrycache.statistics.expirytime = 100μs (default)
2022-07-23 19:35:38,181 [pool-35-thread-1] INFO  server.RaftServerConfigKeys (ConfUtils.java:logGet(46)) - raft.server.log.appender.install.snapshot.enabled = true (default)
2022-07-23 19:35:38,181 [pool-35-thread-1] INFO  server.RaftServerConfigKeys (ConfUtils.java:logGet(46)) - raft.server.threadpool.server.cached = true (default)
2022-07-23 19:35:38,181 [pool-35-thread-1] INFO  server.RaftServerConfigKeys (ConfUtils.java:logGet(46)) - raft.server.threadpool.server.size = 0 (default)
2022-07-23 19:35:38,181 [pool-35-thread-1] INFO  server.RaftServerConfigKeys (ConfUtils.java:logGet(46)) - raft.server.threadpool.client.cached = true (default)
2022-07-23 19:35:38,181 [pool-35-thread-1] INFO  server.RaftServerConfigKeys (ConfUtils.java:logGet(46)) - raft.server.threadpool.client.size = 0 (default)
2022-07-23 19:35:38,180 [Time-limited test] INFO  grpc.GrpcConfigKeys (ConfUtils.java:logGet(46)) - raft.grpc.client.port = 35753 (custom)
2022-07-23 19:35:38,181 [Time-limited test] INFO  grpc.GrpcConfigKeys (ConfUtils.java:logGet(46)) - raft.grpc.server.port = 36285 (custom)
2022-07-23 19:35:38,181 [Time-limited test] INFO  server.GrpcService (ConfUtils.java:logGet(46)) - raft.grpc.message.size.max = 64MB (=67108864) (default)
2022-07-23 19:35:38,181 [Time-limited test] INFO  server.RaftServerConfigKeys (ConfUtils.java:logGet(46)) - raft.server.log.appender.buffer.byte-limit = 4MB (=4194304) (default)
2022-07-23 19:35:38,181 [Time-limited test] INFO  server.GrpcService (ConfUtils.java:logGet(46)) - raft.grpc.flow.control.window = 1MB (=1048576) (default)
2022-07-23 19:35:38,182 [Time-limited test] INFO  server.RaftServerConfigKeys (ConfUtils.java:logGet(46)) - raft.server.rpc.request.timeout = 3000ms (default)
2022-07-23 19:35:38,182 [Time-limited test] INFO  grpc.GrpcConfigKeys (ConfUtils.java:logGet(46)) - raft.grpc.server.heartbeat.channel = true (default)
2022-07-23 19:35:38,182 [Time-limited test] INFO  grpc.GrpcConfigKeys (ConfUtils.java:logGet(46)) - raft.grpc.server.async.request.thread.pool.cached = true (default)
2022-07-23 19:35:38,182 [Time-limited test] INFO  grpc.GrpcConfigKeys (ConfUtils.java:logGet(46)) - raft.grpc.server.async.request.thread.pool.size = 32 (default)
2022-07-23 19:35:38,183 [Time-limited test] INFO  impl.DataStreamServerImpl (ConfUtils.java:logGet(46)) - raft.datastream.type = DISABLED (default)
2022-07-23 19:35:38,183 [Time-limited test] INFO  server.RaftServerConfigKeys (ConfUtils.java:logGet(46)) - raft.server.threadpool.proxy.cached = true (default)
2022-07-23 19:35:38,183 [Time-limited test] INFO  server.RaftServerConfigKeys (ConfUtils.java:logGet(46)) - raft.server.threadpool.proxy.size = 0 (default)
2022-07-23 19:35:38,183 [Time-limited test] INFO  server.RaftServerConfigKeys (ConfUtils.java:logGet(46)) - raft.server.rpc.slowness.timeout = 60s (default)
2022-07-23 19:35:38,183 [Time-limited test] INFO  server.RaftServerConfigKeys (ConfUtils.java:logGet(46)) - raft.server.leaderelection.leader.step-down.wait-time = 10s (default)
2022-07-23 19:35:38,184 [Time-limited test] INFO  server.RaftServerConfigKeys (ConfUtils.java:logGet(46)) - raft.server.storage.dir = [/home/runner/work/ratis/ratis/ratis-test/target/test/data/11cf776f/MiniRaftClusterWithGrpc8f6a6033/s2] (custom)
2022-07-23 19:35:38,184 [Time-limited test] INFO  server.RaftServer (RaftServerProxy.java:addNew(96)) - s2: addNew group-1D19F5312903:[s0|rpc:localhost:33053|admin:localhost:34833|client:localhost:45065|dataStream:localhost:40973|priority:0|startupRole:FOLLOWER, s1|rpc:localhost:37337|admin:localhost:46639|client:localhost:33239|dataStream:localhost:44379|priority:0|startupRole:FOLLOWER, s2|rpc:localhost:36285|admin:localhost:33785|client:localhost:35753|dataStream:localhost:36721|priority:0|startupRole:FOLLOWER] returns group-1D19F5312903:java.util.concurrent.CompletableFuture@1908c72c[Not completed]
2022-07-23 19:35:38,185 [s0-impl-thread1] INFO  storage.RaftStorageDirectory (RaftStorageDirectoryImpl.java:analyzeStorage(137)) - The storage directory /home/runner/work/ratis/ratis/ratis-test/target/test/data/11cf776f/MiniRaftClusterWithGrpc8f6a6033/s0/2ebaa244-3f62-406e-9cdd-1d19f5312903 does not exist. Creating ...
2022-07-23 19:35:38,185 [s0-impl-thread1] TRACE util.FileUtils (LogUtils.java:runAndLog(49)) - Successfully ran Files.createDirectories /home/runner/work/ratis/ratis/ratis-test/target/test/data/11cf776f/MiniRaftClusterWithGrpc8f6a6033/s0/2ebaa244-3f62-406e-9cdd-1d19f5312903
2022-07-23 19:35:38,185 [pool-36-thread-1] INFO  server.RaftServerConfigKeys (ConfUtils.java:logGet(46)) - raft.server.log.segment.size.max = 8MB (=8388608) (default)
2022-07-23 19:35:38,185 [pool-36-thread-1] INFO  server.RaftServerConfigKeys (ConfUtils.java:logGet(46)) - raft.server.log.preallocated.size = 4MB (=4194304) (default)
2022-07-23 19:35:38,185 [pool-36-thread-1] INFO  server.RaftServerConfigKeys (ConfUtils.java:logGet(46)) - raft.server.log.write.buffer.size = 64KB (=65536) (default)
2022-07-23 19:35:38,185 [pool-36-thread-1] INFO  server.RaftServer$Division (RaftServerImpl.java:<init>(192)) - s2: new RaftServerImpl for group-1D19F5312903:[s0|rpc:localhost:33053|admin:localhost:34833|client:localhost:45065|dataStream:localhost:40973|priority:0|startupRole:FOLLOWER, s1|rpc:localhost:37337|admin:localhost:46639|client:localhost:33239|dataStream:localhost:44379|priority:0|startupRole:FOLLOWER, s2|rpc:localhost:36285|admin:localhost:33785|client:localhost:35753|dataStream:localhost:36721|priority:0|startupRole:FOLLOWER] with SimpleStateMachine4Testing:uninitialized
2022-07-23 19:35:38,186 [pool-36-thread-1] INFO  server.RaftServerConfigKeys (ConfUtils.java:logGet(46)) - raft.server.rpc.timeout.min = 150ms (default)
2022-07-23 19:35:38,186 [pool-36-thread-1] INFO  server.RaftServerConfigKeys (ConfUtils.java:logGet(46)) - raft.server.rpc.timeout.max = 300ms (default)
2022-07-23 19:35:38,186 [pool-36-thread-1] INFO  server.RaftServerConfigKeys (ConfUtils.java:logGet(46)) - raft.server.rpc.sleep.time = 25ms (default)
2022-07-23 19:35:38,186 [pool-36-thread-1] INFO  server.RaftServerConfigKeys (ConfUtils.java:logGet(46)) - raft.server.rpc.slowness.timeout = 60s (default)
2022-07-23 19:35:38,186 [pool-36-thread-1] INFO  server.RaftServerConfigKeys (ConfUtils.java:logGet(46)) - raft.server.leaderelection.leader.step-down.wait-time = 10s (default)
2022-07-23 19:35:38,186 [pool-36-thread-1] INFO  server.RaftServerConfigKeys (ConfUtils.java:logGet(46)) - raft.server.sleep.deviation.threshold = 300ms (default)
2022-07-23 19:35:38,186 [s0-impl-thread1] INFO  storage.RaftStorageDirectory (RaftStorageDirectoryImpl.java:tryLock(231)) - Lock on /home/runner/work/ratis/ratis/ratis-test/target/test/data/11cf776f/MiniRaftClusterWithGrpc8f6a6033/s0/2ebaa244-3f62-406e-9cdd-1d19f5312903/in_use.lock acquired by nodename 4352@fv-az121-604.oisc35kgwdsevnec4nnef0ad5h.cx.internal.cloudapp.net
2022-07-23 19:35:38,186 [s0-impl-thread1] TRACE util.FileUtils (LogUtils.java:runAndLog(49)) - Successfully ran Files.createDirectories /home/runner/work/ratis/ratis/ratis-test/target/test/data/11cf776f/MiniRaftClusterWithGrpc8f6a6033/s0/2ebaa244-3f62-406e-9cdd-1d19f5312903/current
2022-07-23 19:35:38,187 [s0-impl-thread1] TRACE util.FileUtils (LogUtils.java:runAndLog(49)) - Successfully ran Files.createDirectories /home/runner/work/ratis/ratis/ratis-test/target/test/data/11cf776f/MiniRaftClusterWithGrpc8f6a6033/s0/2ebaa244-3f62-406e-9cdd-1d19f5312903/sm
2022-07-23 19:35:38,187 [pool-36-thread-1] INFO  server.RaftServer$Division (ServerState.java:<init>(118)) - s2@group-1D19F5312903: ConfigurationManager, init=-1: peers:[s0|rpc:localhost:33053|admin:localhost:34833|client:localhost:45065|dataStream:localhost:40973|priority:0|startupRole:FOLLOWER, s1|rpc:localhost:37337|admin:localhost:46639|client:localhost:33239|dataStream:localhost:44379|priority:0|startupRole:FOLLOWER, s2|rpc:localhost:36285|admin:localhost:33785|client:localhost:35753|dataStream:localhost:36721|priority:0|startupRole:FOLLOWER]|listeners:[], old=null, confs=<EMPTY_MAP>
2022-07-23 19:35:38,187 [pool-36-thread-1] INFO  server.RaftServerConfigKeys (ConfUtils.java:logGet(46)) - raft.server.storage.dir = [/home/runner/work/ratis/ratis/ratis-test/target/test/data/11cf776f/MiniRaftClusterWithGrpc8f6a6033/s2] (custom)
2022-07-23 19:35:38,187 [pool-36-thread-1] INFO  server.RaftServerConfigKeys (ConfUtils.java:logGet(46)) - raft.server.log.corruption.policy = EXCEPTION (default)
2022-07-23 19:35:38,188 [pool-36-thread-1] INFO  server.RaftServerConfigKeys (ConfUtils.java:logGet(46)) - raft.server.storage.free-space.min = 0MB (=0) (default)
2022-07-23 19:35:38,188 [pool-36-thread-1] INFO  server.RaftServerConfigKeys (ConfUtils.java:logGet(46)) - raft.server.notification.no-leader.timeout = 60s (default)
2022-07-23 19:35:38,188 [pool-36-thread-1] INFO  server.RaftServerConfigKeys (ConfUtils.java:logGet(46)) - raft.server.retrycache.expirytime = 60s (default)
2022-07-23 19:35:38,188 [s0-impl-thread1] INFO  storage.RaftStorage (RaftStorageImpl.java:format(96)) - Storage directory /home/runner/work/ratis/ratis/ratis-test/target/test/data/11cf776f/MiniRaftClusterWithGrpc8f6a6033/s0/2ebaa244-3f62-406e-9cdd-1d19f5312903 has been successfully formatted.
2022-07-23 19:35:38,188 [s0-impl-thread1] INFO  statemachine.SimpleStateMachine4Testing (SimpleStateMachine4Testing.java:initialize(212)) - Initializing SimpleStateMachine4Testing:uninitialized
2022-07-23 19:35:38,188 [s0-impl-thread1] INFO  statemachine.SimpleStateMachine4Testing (SimpleStateMachine4Testing.java:loadSnapshot(306)) - The snapshot file null does not exist
2022-07-23 19:35:38,188 [s0-impl-thread1] INFO  server.RaftServerConfigKeys (ConfUtils.java:logGet(46)) - raft.server.log.use.memory = false (default)
2022-07-23 19:35:38,188 [s0-impl-thread1] INFO  server.RaftServerConfigKeys (ConfUtils.java:logGet(46)) - raft.server.log.purge.gap = 1024 (default)
2022-07-23 19:35:38,188 [s0-impl-thread1] INFO  server.RaftServerConfigKeys (ConfUtils.java:logGet(46)) - raft.server.log.appender.buffer.byte-limit = 4MB (=4194304) (default)
2022-07-23 19:35:38,188 [s0-impl-thread1] INFO  server.RaftServerConfigKeys (ConfUtils.java:logGet(46)) - raft.server.log.statemachine.data.read.timeout = 1000ms (default)
2022-07-23 19:35:38,188 [s0-impl-thread1] INFO  server.RaftServerConfigKeys (ConfUtils.java:logGet(46)) - raft.server.log.segment.size.max = 8MB (=8388608) (default)
2022-07-23 19:35:38,189 [s0-impl-thread1] INFO  server.RaftServerConfigKeys (ConfUtils.java:logGet(46)) - raft.server.log.segment.cache.num.max = 6 (default)
2022-07-23 19:35:38,189 [s0-impl-thread1] INFO  server.RaftServerConfigKeys (ConfUtils.java:logGet(46)) - raft.server.log.segment.cache.size.max = 200MB (=209715200) (default)
2022-07-23 19:35:38,189 [s0-impl-thread1] INFO  segmented.SegmentedRaftLogWorker (SegmentedRaftLogWorker.java:<init>(187)) - new s0@group-1D19F5312903-SegmentedRaftLogWorker for RaftStorageImpl:Storage Directory /home/runner/work/ratis/ratis/ratis-test/target/test/data/11cf776f/MiniRaftClusterWithGrpc8f6a6033/s0/2ebaa244-3f62-406e-9cdd-1d19f5312903
2022-07-23 19:35:38,189 [s0-impl-thread1] INFO  server.RaftServerConfigKeys (ConfUtils.java:logGet(46)) - raft.server.log.queue.byte-limit = 64MB (=67108864) (default)
2022-07-23 19:35:38,189 [s0-impl-thread1] INFO  server.RaftServerConfigKeys (ConfUtils.java:logGet(46)) - raft.server.log.queue.element-limit = 4096 (default)
2022-07-23 19:35:38,189 [s0-impl-thread1] INFO  server.RaftServerConfigKeys (ConfUtils.java:logGet(46)) - raft.server.log.segment.size.max = 8MB (=8388608) (default)
2022-07-23 19:35:38,189 [s0-impl-thread1] INFO  server.RaftServerConfigKeys (ConfUtils.java:logGet(46)) - raft.server.log.preallocated.size = 4MB (=4194304) (default)
2022-07-23 19:35:38,189 [s0-impl-thread1] INFO  server.RaftServerConfigKeys (ConfUtils.java:logGet(46)) - raft.server.log.force.sync.num = 128 (default)
2022-07-23 19:35:38,189 [s0-impl-thread1] INFO  server.RaftServerConfigKeys (ConfUtils.java:logGet(46)) - raft.server.log.statemachine.data.sync = true (default)
2022-07-23 19:35:38,189 [s0-impl-thread1] INFO  server.RaftServerConfigKeys (ConfUtils.java:logGet(46)) - raft.server.log.statemachine.data.sync.timeout = 10s (default)
2022-07-23 19:35:38,189 [s0-impl-thread1] INFO  server.RaftServerConfigKeys (ConfUtils.java:logGet(46)) - raft.server.log.statemachine.data.sync.timeout.retry = -1 (default)
2022-07-23 19:35:38,189 [s0-impl-thread1] INFO  server.RaftServerConfigKeys (ConfUtils.java:logGet(46)) - raft.server.log.write.buffer.size = 64KB (=65536) (default)
2022-07-23 19:35:38,189 [s0-impl-thread1] INFO  server.RaftServerConfigKeys (ConfUtils.java:logGet(46)) - raft.server.log.unsafe-flush.enabled = false (default)
2022-07-23 19:35:38,189 [s0-impl-thread1] INFO  server.RaftServerConfigKeys (ConfUtils.java:logGet(46)) - raft.server.log.statemachine.data.caching.enabled = false (default)
2022-07-23 19:35:38,189 [s0-impl-thread1] INFO  segmented.SegmentedRaftLogWorker (SegmentedRaftLogWorker.java:lambda$new$0(135)) - s0@group-1D19F5312903-SegmentedRaftLogWorker: flushIndex: setUnconditionally 0 -> -1
2022-07-23 19:35:38,189 [s0-impl-thread1] INFO  segmented.SegmentedRaftLogWorker (SegmentedRaftLogWorker.java:lambda$new$0(135)) - s0@group-1D19F5312903-SegmentedRaftLogWorker: safeCacheEvictIndex: setUnconditionally 0 -> -1
2022-07-23 19:35:38,190 [pool-36-thread-1] INFO  server.RaftServerConfigKeys (ConfUtils.java:logGet(46)) - raft.server.retrycache.statistics.expirytime = 100μs (default)
2022-07-23 19:35:38,190 [pool-36-thread-1] INFO  server.RaftServerConfigKeys (ConfUtils.java:logGet(46)) - raft.server.log.appender.install.snapshot.enabled = true (default)
2022-07-23 19:35:38,190 [pool-36-thread-1] INFO  server.RaftServerConfigKeys (ConfUtils.java:logGet(46)) - raft.server.threadpool.server.cached = true (default)
2022-07-23 19:35:38,190 [pool-36-thread-1] INFO  server.RaftServerConfigKeys (ConfUtils.java:logGet(46)) - raft.server.threadpool.server.size = 0 (default)
2022-07-23 19:35:38,190 [pool-36-thread-1] INFO  server.RaftServerConfigKeys (ConfUtils.java:logGet(46)) - raft.server.threadpool.client.cached = true (default)
2022-07-23 19:35:38,190 [pool-36-thread-1] INFO  server.RaftServerConfigKeys (ConfUtils.java:logGet(46)) - raft.server.threadpool.client.size = 0 (default)
2022-07-23 19:35:38,190 [s0-impl-thread1] INFO  server.RaftServer$Division (RaftServerImpl.java:start(314)) - s0@group-1D19F5312903: start as a follower, conf=-1: peers:[s0|rpc:localhost:33053|admin:localhost:34833|client:localhost:45065|dataStream:localhost:40973|priority:0|startupRole:FOLLOWER, s1|rpc:localhost:37337|admin:localhost:46639|client:localhost:33239|dataStream:localhost:44379|priority:0|startupRole:FOLLOWER, s2|rpc:localhost:36285|admin:localhost:33785|client:localhost:35753|dataStream:localhost:36721|priority:0|startupRole:FOLLOWER]|listeners:[], old=null
2022-07-23 19:35:38,190 [s0-impl-thread1] INFO  server.RaftServer$Division (RaftServerImpl.java:setRole(301)) - s0@group-1D19F5312903: changes role from      null to FOLLOWER at term 0 for startAsFollower
2022-07-23 19:35:38,190 [s0-impl-thread1] INFO  impl.RoleInfo (RoleInfo.java:updateAndGet(139)) - s0: start s0@group-1D19F5312903-FollowerState
2022-07-23 19:35:38,191 [s0-impl-thread1] INFO  util.JmxRegister (JmxRegister.java:tryRegister(44)) - Successfully registered JMX Bean with object name Ratis:service=RaftServer,group=group-1D19F5312903,id=s0
2022-07-23 19:35:38,191 [s0-impl-thread1] INFO  server.RaftServerConfigKeys (ConfUtils.java:logGet(46)) - raft.server.snapshot.auto.trigger.enabled = false (default)
2022-07-23 19:35:38,191 [s0-impl-thread1] INFO  server.RaftServerConfigKeys (ConfUtils.java:logGet(46)) - raft.server.snapshot.retention.file.num = -1 (default)
2022-07-23 19:35:38,191 [s0-impl-thread1] INFO  server.RaftServerConfigKeys (ConfUtils.java:logGet(46)) - raft.server.log.purge.upto.snapshot.index = false (default)
2022-07-23 19:35:38,191 [Time-limited test] INFO  server.RaftServer (RaftServerProxy.java:startImpl(385)) - s0: start RPC server
2022-07-23 19:35:38,192 [Time-limited test] INFO  server.GrpcService (GrpcService.java:startImpl(262)) - s0: GrpcService started, listening on 45065
2022-07-23 19:35:38,192 [Time-limited test] INFO  server.GrpcService (GrpcService.java:startImpl(262)) - s0: GrpcService started, listening on 33053
2022-07-23 19:35:38,192 [Time-limited test] INFO  server.GrpcService (GrpcService.java:startImpl(262)) - s0: GrpcService started, listening on 34833
2022-07-23 19:35:38,193 [s1-impl-thread1] INFO  storage.RaftStorageDirectory (RaftStorageDirectoryImpl.java:analyzeStorage(137)) - The storage directory /home/runner/work/ratis/ratis/ratis-test/target/test/data/11cf776f/MiniRaftClusterWithGrpc8f6a6033/s1/2ebaa244-3f62-406e-9cdd-1d19f5312903 does not exist. Creating ...
2022-07-23 19:35:38,193 [s1-impl-thread1] TRACE util.FileUtils (LogUtils.java:runAndLog(49)) - Successfully ran Files.createDirectories /home/runner/work/ratis/ratis/ratis-test/target/test/data/11cf776f/MiniRaftClusterWithGrpc8f6a6033/s1/2ebaa244-3f62-406e-9cdd-1d19f5312903
2022-07-23 19:35:38,194 [org.apache.ratis.util.JvmPauseMonitor$$Lambda$313/980778071@e04f628] INFO  util.JvmPauseMonitor (JvmPauseMonitor.java:run(103)) - JvmPauseMonitor-s0: Started
2022-07-23 19:35:38,194 [s1-impl-thread1] INFO  storage.RaftStorageDirectory (RaftStorageDirectoryImpl.java:tryLock(231)) - Lock on /home/runner/work/ratis/ratis/ratis-test/target/test/data/11cf776f/MiniRaftClusterWithGrpc8f6a6033/s1/2ebaa244-3f62-406e-9cdd-1d19f5312903/in_use.lock acquired by nodename 4352@fv-az121-604.oisc35kgwdsevnec4nnef0ad5h.cx.internal.cloudapp.net
2022-07-23 19:35:38,194 [s1-impl-thread1] TRACE util.FileUtils (LogUtils.java:runAndLog(49)) - Successfully ran Files.createDirectories /home/runner/work/ratis/ratis/ratis-test/target/test/data/11cf776f/MiniRaftClusterWithGrpc8f6a6033/s1/2ebaa244-3f62-406e-9cdd-1d19f5312903/current
2022-07-23 19:35:38,195 [s1-impl-thread1] TRACE util.FileUtils (LogUtils.java:runAndLog(49)) - Successfully ran Files.createDirectories /home/runner/work/ratis/ratis/ratis-test/target/test/data/11cf776f/MiniRaftClusterWithGrpc8f6a6033/s1/2ebaa244-3f62-406e-9cdd-1d19f5312903/sm
2022-07-23 19:35:38,195 [s1-impl-thread1] INFO  storage.RaftStorage (RaftStorageImpl.java:format(96)) - Storage directory /home/runner/work/ratis/ratis/ratis-test/target/test/data/11cf776f/MiniRaftClusterWithGrpc8f6a6033/s1/2ebaa244-3f62-406e-9cdd-1d19f5312903 has been successfully formatted.
2022-07-23 19:35:38,196 [s1-impl-thread1] INFO  statemachine.SimpleStateMachine4Testing (SimpleStateMachine4Testing.java:initialize(212)) - Initializing SimpleStateMachine4Testing:uninitialized
2022-07-23 19:35:38,196 [s1-impl-thread1] INFO  statemachine.SimpleStateMachine4Testing (SimpleStateMachine4Testing.java:loadSnapshot(306)) - The snapshot file null does not exist
2022-07-23 19:35:38,196 [s1-impl-thread1] INFO  server.RaftServerConfigKeys (ConfUtils.java:logGet(46)) - raft.server.log.use.memory = false (default)
2022-07-23 19:35:38,196 [s1-impl-thread1] INFO  server.RaftServerConfigKeys (ConfUtils.java:logGet(46)) - raft.server.log.purge.gap = 1024 (default)
2022-07-23 19:35:38,196 [s1-impl-thread1] INFO  server.RaftServerConfigKeys (ConfUtils.java:logGet(46)) - raft.server.log.appender.buffer.byte-limit = 4MB (=4194304) (default)
2022-07-23 19:35:38,196 [s1-impl-thread1] INFO  server.RaftServerConfigKeys (ConfUtils.java:logGet(46)) - raft.server.log.statemachine.data.read.timeout = 1000ms (default)
2022-07-23 19:35:38,196 [s1-impl-thread1] INFO  server.RaftServerConfigKeys (ConfUtils.java:logGet(46)) - raft.server.log.segment.size.max = 8MB (=8388608) (default)
2022-07-23 19:35:38,196 [s1-impl-thread1] INFO  server.RaftServerConfigKeys (ConfUtils.java:logGet(46)) - raft.server.log.segment.cache.num.max = 6 (default)
2022-07-23 19:35:38,196 [s1-impl-thread1] INFO  server.RaftServerConfigKeys (ConfUtils.java:logGet(46)) - raft.server.log.segment.cache.size.max = 200MB (=209715200) (default)
2022-07-23 19:35:38,196 [s1-impl-thread1] INFO  segmented.SegmentedRaftLogWorker (SegmentedRaftLogWorker.java:<init>(187)) - new s1@group-1D19F5312903-SegmentedRaftLogWorker for RaftStorageImpl:Storage Directory /home/runner/work/ratis/ratis/ratis-test/target/test/data/11cf776f/MiniRaftClusterWithGrpc8f6a6033/s1/2ebaa244-3f62-406e-9cdd-1d19f5312903
2022-07-23 19:35:38,196 [s1-impl-thread1] INFO  server.RaftServerConfigKeys (ConfUtils.java:logGet(46)) - raft.server.log.queue.byte-limit = 64MB (=67108864) (default)
2022-07-23 19:35:38,196 [s1-impl-thread1] INFO  server.RaftServerConfigKeys (ConfUtils.java:logGet(46)) - raft.server.log.queue.element-limit = 4096 (default)
2022-07-23 19:35:38,196 [s1-impl-thread1] INFO  server.RaftServerConfigKeys (ConfUtils.java:logGet(46)) - raft.server.log.segment.size.max = 8MB (=8388608) (default)
2022-07-23 19:35:38,196 [s1-impl-thread1] INFO  server.RaftServerConfigKeys (ConfUtils.java:logGet(46)) - raft.server.log.preallocated.size = 4MB (=4194304) (default)
2022-07-23 19:35:38,196 [s1-impl-thread1] INFO  server.RaftServerConfigKeys (ConfUtils.java:logGet(46)) - raft.server.log.force.sync.num = 128 (default)
2022-07-23 19:35:38,196 [s1-impl-thread1] INFO  server.RaftServerConfigKeys (ConfUtils.java:logGet(46)) - raft.server.log.statemachine.data.sync = true (default)
2022-07-23 19:35:38,196 [s1-impl-thread1] INFO  server.RaftServerConfigKeys (ConfUtils.java:logGet(46)) - raft.server.log.statemachine.data.sync.timeout = 10s (default)
2022-07-23 19:35:38,196 [s1-impl-thread1] INFO  server.RaftServerConfigKeys (ConfUtils.java:logGet(46)) - raft.server.log.statemachine.data.sync.timeout.retry = -1 (default)
2022-07-23 19:35:38,197 [s1-impl-thread1] INFO  server.RaftServerConfigKeys (ConfUtils.java:logGet(46)) - raft.server.log.write.buffer.size = 64KB (=65536) (default)
2022-07-23 19:35:38,197 [s1-impl-thread1] INFO  server.RaftServerConfigKeys (ConfUtils.java:logGet(46)) - raft.server.log.unsafe-flush.enabled = false (default)
2022-07-23 19:35:38,197 [s1-impl-thread1] INFO  server.RaftServerConfigKeys (ConfUtils.java:logGet(46)) - raft.server.log.statemachine.data.caching.enabled = false (default)
2022-07-23 19:35:38,197 [s1-impl-thread1] INFO  segmented.SegmentedRaftLogWorker (SegmentedRaftLogWorker.java:lambda$new$0(135)) - s1@group-1D19F5312903-SegmentedRaftLogWorker: flushIndex: setUnconditionally 0 -> -1
2022-07-23 19:35:38,197 [s1-impl-thread1] INFO  segmented.SegmentedRaftLogWorker (SegmentedRaftLogWorker.java:lambda$new$0(135)) - s1@group-1D19F5312903-SegmentedRaftLogWorker: safeCacheEvictIndex: setUnconditionally 0 -> -1
2022-07-23 19:35:38,199 [s1-impl-thread1] INFO  server.RaftServer$Division (RaftServerImpl.java:start(314)) - s1@group-1D19F5312903: start as a follower, conf=-1: peers:[s0|rpc:localhost:33053|admin:localhost:34833|client:localhost:45065|dataStream:localhost:40973|priority:0|startupRole:FOLLOWER, s1|rpc:localhost:37337|admin:localhost:46639|client:localhost:33239|dataStream:localhost:44379|priority:0|startupRole:FOLLOWER, s2|rpc:localhost:36285|admin:localhost:33785|client:localhost:35753|dataStream:localhost:36721|priority:0|startupRole:FOLLOWER]|listeners:[], old=null
2022-07-23 19:35:38,199 [s1-impl-thread1] INFO  server.RaftServer$Division (RaftServerImpl.java:setRole(301)) - s1@group-1D19F5312903: changes role from      null to FOLLOWER at term 0 for startAsFollower
2022-07-23 19:35:38,199 [s1-impl-thread1] INFO  impl.RoleInfo (RoleInfo.java:updateAndGet(139)) - s1: start s1@group-1D19F5312903-FollowerState
2022-07-23 19:35:38,203 [s1-impl-thread1] INFO  util.JmxRegister (JmxRegister.java:tryRegister(44)) - Successfully registered JMX Bean with object name Ratis:service=RaftServer,group=group-1D19F5312903,id=s1
2022-07-23 19:35:38,203 [s1-impl-thread1] INFO  server.RaftServerConfigKeys (ConfUtils.java:logGet(46)) - raft.server.snapshot.auto.trigger.enabled = false (default)
2022-07-23 19:35:38,203 [s1-impl-thread1] INFO  server.RaftServerConfigKeys (ConfUtils.java:logGet(46)) - raft.server.snapshot.retention.file.num = -1 (default)
2022-07-23 19:35:38,203 [s1-impl-thread1] INFO  server.RaftServerConfigKeys (ConfUtils.java:logGet(46)) - raft.server.log.purge.upto.snapshot.index = false (default)
2022-07-23 19:35:38,203 [Time-limited test] INFO  server.RaftServer (RaftServerProxy.java:startImpl(385)) - s1: start RPC server
2022-07-23 19:35:38,204 [Time-limited test] INFO  server.GrpcService (GrpcService.java:startImpl(262)) - s1: GrpcService started, listening on 33239
2022-07-23 19:35:38,204 [Time-limited test] INFO  server.GrpcService (GrpcService.java:startImpl(262)) - s1: GrpcService started, listening on 37337
2022-07-23 19:35:38,204 [Time-limited test] INFO  server.GrpcService (GrpcService.java:startImpl(262)) - s1: GrpcService started, listening on 46639
2022-07-23 19:35:38,205 [s2-impl-thread1] INFO  storage.RaftStorageDirectory (RaftStorageDirectoryImpl.java:analyzeStorage(137)) - The storage directory /home/runner/work/ratis/ratis/ratis-test/target/test/data/11cf776f/MiniRaftClusterWithGrpc8f6a6033/s2/2ebaa244-3f62-406e-9cdd-1d19f5312903 does not exist. Creating ...
2022-07-23 19:35:38,205 [s2-impl-thread1] TRACE util.FileUtils (LogUtils.java:runAndLog(49)) - Successfully ran Files.createDirectories /home/runner/work/ratis/ratis/ratis-test/target/test/data/11cf776f/MiniRaftClusterWithGrpc8f6a6033/s2/2ebaa244-3f62-406e-9cdd-1d19f5312903
2022-07-23 19:35:38,205 [org.apache.ratis.util.JvmPauseMonitor$$Lambda$313/980778071@5286529b] INFO  util.JvmPauseMonitor (JvmPauseMonitor.java:run(103)) - JvmPauseMonitor-s1: Started
2022-07-23 19:35:38,206 [s2-impl-thread1] INFO  storage.RaftStorageDirectory (RaftStorageDirectoryImpl.java:tryLock(231)) - Lock on /home/runner/work/ratis/ratis/ratis-test/target/test/data/11cf776f/MiniRaftClusterWithGrpc8f6a6033/s2/2ebaa244-3f62-406e-9cdd-1d19f5312903/in_use.lock acquired by nodename 4352@fv-az121-604.oisc35kgwdsevnec4nnef0ad5h.cx.internal.cloudapp.net
2022-07-23 19:35:38,206 [s2-impl-thread1] TRACE util.FileUtils (LogUtils.java:runAndLog(49)) - Successfully ran Files.createDirectories /home/runner/work/ratis/ratis/ratis-test/target/test/data/11cf776f/MiniRaftClusterWithGrpc8f6a6033/s2/2ebaa244-3f62-406e-9cdd-1d19f5312903/current
2022-07-23 19:35:38,206 [s2-impl-thread1] TRACE util.FileUtils (LogUtils.java:runAndLog(49)) - Successfully ran Files.createDirectories /home/runner/work/ratis/ratis/ratis-test/target/test/data/11cf776f/MiniRaftClusterWithGrpc8f6a6033/s2/2ebaa244-3f62-406e-9cdd-1d19f5312903/sm
2022-07-23 19:35:38,207 [s2-impl-thread1] INFO  storage.RaftStorage (RaftStorageImpl.java:format(96)) - Storage directory /home/runner/work/ratis/ratis/ratis-test/target/test/data/11cf776f/MiniRaftClusterWithGrpc8f6a6033/s2/2ebaa244-3f62-406e-9cdd-1d19f5312903 has been successfully formatted.
2022-07-23 19:35:38,207 [s2-impl-thread1] INFO  statemachine.SimpleStateMachine4Testing (SimpleStateMachine4Testing.java:initialize(212)) - Initializing SimpleStateMachine4Testing:uninitialized
2022-07-23 19:35:38,207 [s2-impl-thread1] INFO  statemachine.SimpleStateMachine4Testing (SimpleStateMachine4Testing.java:loadSnapshot(306)) - The snapshot file null does not exist
2022-07-23 19:35:38,207 [s2-impl-thread1] INFO  server.RaftServerConfigKeys (ConfUtils.java:logGet(46)) - raft.server.log.use.memory = false (default)
2022-07-23 19:35:38,207 [s2-impl-thread1] INFO  server.RaftServerConfigKeys (ConfUtils.java:logGet(46)) - raft.server.log.purge.gap = 1024 (default)
2022-07-23 19:35:38,207 [s2-impl-thread1] INFO  server.RaftServerConfigKeys (ConfUtils.java:logGet(46)) - raft.server.log.appender.buffer.byte-limit = 4MB (=4194304) (default)
2022-07-23 19:35:38,207 [s2-impl-thread1] INFO  server.RaftServerConfigKeys (ConfUtils.java:logGet(46)) - raft.server.log.statemachine.data.read.timeout = 1000ms (default)
2022-07-23 19:35:38,207 [s2-impl-thread1] INFO  server.RaftServerConfigKeys (ConfUtils.java:logGet(46)) - raft.server.log.segment.size.max = 8MB (=8388608) (default)
2022-07-23 19:35:38,208 [s2-impl-thread1] INFO  server.RaftServerConfigKeys (ConfUtils.java:logGet(46)) - raft.server.log.segment.cache.num.max = 6 (default)
2022-07-23 19:35:38,208 [s2-impl-thread1] INFO  server.RaftServerConfigKeys (ConfUtils.java:logGet(46)) - raft.server.log.segment.cache.size.max = 200MB (=209715200) (default)
2022-07-23 19:35:38,208 [s2-impl-thread1] INFO  segmented.SegmentedRaftLogWorker (SegmentedRaftLogWorker.java:<init>(187)) - new s2@group-1D19F5312903-SegmentedRaftLogWorker for RaftStorageImpl:Storage Directory /home/runner/work/ratis/ratis/ratis-test/target/test/data/11cf776f/MiniRaftClusterWithGrpc8f6a6033/s2/2ebaa244-3f62-406e-9cdd-1d19f5312903
2022-07-23 19:35:38,208 [s2-impl-thread1] INFO  server.RaftServerConfigKeys (ConfUtils.java:logGet(46)) - raft.server.log.queue.byte-limit = 64MB (=67108864) (default)
2022-07-23 19:35:38,208 [s2-impl-thread1] INFO  server.RaftServerConfigKeys (ConfUtils.java:logGet(46)) - raft.server.log.queue.element-limit = 4096 (default)
2022-07-23 19:35:38,208 [s2-impl-thread1] INFO  server.RaftServerConfigKeys (ConfUtils.java:logGet(46)) - raft.server.log.segment.size.max = 8MB (=8388608) (default)
2022-07-23 19:35:38,208 [s2-impl-thread1] INFO  server.RaftServerConfigKeys (ConfUtils.java:logGet(46)) - raft.server.log.preallocated.size = 4MB (=4194304) (default)
2022-07-23 19:35:38,208 [s2-impl-thread1] INFO  server.RaftServerConfigKeys (ConfUtils.java:logGet(46)) - raft.server.log.force.sync.num = 128 (default)
2022-07-23 19:35:38,208 [s2-impl-thread1] INFO  server.RaftServerConfigKeys (ConfUtils.java:logGet(46)) - raft.server.log.statemachine.data.sync = true (default)
2022-07-23 19:35:38,208 [s2-impl-thread1] INFO  server.RaftServerConfigKeys (ConfUtils.java:logGet(46)) - raft.server.log.statemachine.data.sync.timeout = 10s (default)
2022-07-23 19:35:38,208 [s2-impl-thread1] INFO  server.RaftServerConfigKeys (ConfUtils.java:logGet(46)) - raft.server.log.statemachine.data.sync.timeout.retry = -1 (default)
2022-07-23 19:35:38,208 [s2-impl-thread1] INFO  server.RaftServerConfigKeys (ConfUtils.java:logGet(46)) - raft.server.log.write.buffer.size = 64KB (=65536) (default)
2022-07-23 19:35:38,208 [s2-impl-thread1] INFO  server.RaftServerConfigKeys (ConfUtils.java:logGet(46)) - raft.server.log.unsafe-flush.enabled = false (default)
2022-07-23 19:35:38,208 [s2-impl-thread1] INFO  server.RaftServerConfigKeys (ConfUtils.java:logGet(46)) - raft.server.log.statemachine.data.caching.enabled = false (default)
2022-07-23 19:35:38,208 [s2-impl-thread1] INFO  segmented.SegmentedRaftLogWorker (SegmentedRaftLogWorker.java:lambda$new$0(135)) - s2@group-1D19F5312903-SegmentedRaftLogWorker: flushIndex: setUnconditionally 0 -> -1
2022-07-23 19:35:38,208 [s2-impl-thread1] INFO  segmented.SegmentedRaftLogWorker (SegmentedRaftLogWorker.java:lambda$new$0(135)) - s2@group-1D19F5312903-SegmentedRaftLogWorker: safeCacheEvictIndex: setUnconditionally 0 -> -1
2022-07-23 19:35:38,211 [s2-impl-thread1] INFO  server.RaftServer$Division (RaftServerImpl.java:start(314)) - s2@group-1D19F5312903: start as a follower, conf=-1: peers:[s0|rpc:localhost:33053|admin:localhost:34833|client:localhost:45065|dataStream:localhost:40973|priority:0|startupRole:FOLLOWER, s1|rpc:localhost:37337|admin:localhost:46639|client:localhost:33239|dataStream:localhost:44379|priority:0|startupRole:FOLLOWER, s2|rpc:localhost:36285|admin:localhost:33785|client:localhost:35753|dataStream:localhost:36721|priority:0|startupRole:FOLLOWER]|listeners:[], old=null
2022-07-23 19:35:38,211 [s2-impl-thread1] INFO  server.RaftServer$Division (RaftServerImpl.java:setRole(301)) - s2@group-1D19F5312903: changes role from      null to FOLLOWER at term 0 for startAsFollower
2022-07-23 19:35:38,211 [s2-impl-thread1] INFO  impl.RoleInfo (RoleInfo.java:updateAndGet(139)) - s2: start s2@group-1D19F5312903-FollowerState
2022-07-23 19:35:38,211 [s2-impl-thread1] INFO  util.JmxRegister (JmxRegister.java:tryRegister(44)) - Successfully registered JMX Bean with object name Ratis:service=RaftServer,group=group-1D19F5312903,id=s2
2022-07-23 19:35:38,211 [s2-impl-thread1] INFO  server.RaftServerConfigKeys (ConfUtils.java:logGet(46)) - raft.server.snapshot.auto.trigger.enabled = false (default)
2022-07-23 19:35:38,211 [s2-impl-thread1] INFO  server.RaftServerConfigKeys (ConfUtils.java:logGet(46)) - raft.server.snapshot.retention.file.num = -1 (default)
2022-07-23 19:35:38,211 [s2-impl-thread1] INFO  server.RaftServerConfigKeys (ConfUtils.java:logGet(46)) - raft.server.log.purge.upto.snapshot.index = false (default)
2022-07-23 19:35:38,212 [Time-limited test] INFO  server.RaftServer (RaftServerProxy.java:startImpl(385)) - s2: start RPC server
2022-07-23 19:35:38,212 [Time-limited test] INFO  server.GrpcService (GrpcService.java:startImpl(262)) - s2: GrpcService started, listening on 35753
2022-07-23 19:35:38,212 [Time-limited test] INFO  server.GrpcService (GrpcService.java:startImpl(262)) - s2: GrpcService started, listening on 36285
2022-07-23 19:35:38,212 [Time-limited test] INFO  server.GrpcService (GrpcService.java:startImpl(262)) - s2: GrpcService started, listening on 33785
2022-07-23 19:35:38,213 [org.apache.ratis.util.JvmPauseMonitor$$Lambda$313/980778071@584470ec] INFO  util.JvmPauseMonitor (JvmPauseMonitor.java:run(103)) - JvmPauseMonitor-s2: Started
2022-07-23 19:35:38,213 [Time-limited test] INFO  grpc.TestRaftAsyncWithGrpc (RaftBasicTests.java:runTestBasicAppendEntries(118)) - runTestBasicAppendEntries: async? true, killLeader=false, numMessages=100
2022-07-23 19:35:38,213 [Time-limited test] INFO  impl.MiniRaftCluster (MiniRaftCluster.java:killServer(486)) - killServer s0
2022-07-23 19:35:38,213 [Time-limited test] INFO  server.RaftServer (RaftServerProxy.java:lambda$close$6(401)) - s0: close
2022-07-23 19:35:38,213 [Time-limited test] INFO  server.RaftServer$Division (RaftServerImpl.java:lambda$close$4(438)) - s0@group-1D19F5312903: shutdown
2022-07-23 19:35:38,214 [Time-limited test] INFO  util.JmxRegister (JmxRegister.java:unregister(73)) - Successfully un-registered JMX Bean with object name Ratis:service=RaftServer,group=group-1D19F5312903,id=s0
2022-07-23 19:35:38,214 [Time-limited test] INFO  impl.RoleInfo (RoleInfo.java:shutdownFollowerState(110)) - s0: shutdown s0@group-1D19F5312903-FollowerState
2022-07-23 19:35:38,214 [Time-limited test] INFO  impl.StateMachineUpdater (StateMachineUpdater.java:stopAndJoin(153)) - s0@group-1D19F5312903-StateMachineUpdater: set stopIndex = -1
2022-07-23 19:35:38,214 [s0@group-1D19F5312903-FollowerState] INFO  impl.FollowerState (FollowerState.java:run(152)) - s0@group-1D19F5312903-FollowerState was interrupted
2022-07-23 19:35:38,214 [Time-limited test] INFO  server.RaftServer$Division (ServerState.java:close(465)) - s0@group-1D19F5312903: closes. applyIndex: -1
2022-07-23 19:35:38,214 [s0@group-1D19F5312903-SegmentedRaftLogWorker] INFO  segmented.SegmentedRaftLogWorker (SegmentedRaftLogWorker.java:run(336)) - s0@group-1D19F5312903-SegmentedRaftLogWorker was interrupted, exiting. There are 0 tasks remaining in the queue.
2022-07-23 19:35:38,214 [Time-limited test] INFO  segmented.SegmentedRaftLogWorker (SegmentedRaftLogWorker.java:close(246)) - s0@group-1D19F5312903-SegmentedRaftLogWorker close()
2022-07-23 19:35:38,215 [Time-limited test] INFO  server.GrpcService (GrpcService.java:closeImpl(271)) - s0: shutdown server org.apache.ratis.grpc.server.GrpcClientProtocolService now
2022-07-23 19:35:38,215 [Time-limited test] INFO  server.GrpcService (GrpcService.java:closeImpl(280)) - s0: shutdown server org.apache.ratis.grpc.server.GrpcClientProtocolService successfully
2022-07-23 19:35:38,215 [Time-limited test] INFO  server.GrpcService (GrpcService.java:closeImpl(271)) - s0: shutdown server GrpcServerProtocolService now
2022-07-23 19:35:38,216 [Time-limited test] INFO  server.GrpcService (GrpcService.java:closeImpl(280)) - s0: shutdown server GrpcServerProtocolService successfully
2022-07-23 19:35:38,216 [Time-limited test] INFO  server.GrpcService (GrpcService.java:closeImpl(271)) - s0: shutdown server org.apache.ratis.grpc.server.GrpcAdminProtocolService now
2022-07-23 19:35:38,216 [Time-limited test] INFO  server.GrpcService (GrpcService.java:closeImpl(280)) - s0: shutdown server org.apache.ratis.grpc.server.GrpcAdminProtocolService successfully
2022-07-23 19:35:38,217 [org.apache.ratis.util.JvmPauseMonitor$$Lambda$313/980778071@e04f628] INFO  util.JvmPauseMonitor (JvmPauseMonitor.java:run(109)) - JvmPauseMonitor-s0: Stopped
2022-07-23 19:35:38,217 [Time-limited test] INFO  impl.MiniRaftCluster (MiniRaftCluster.java:newRaftServer(348)) - newRaftServer: s0, group-1D19F5312903:[s0|rpc:localhost:33053|admin:localhost:34833|client:localhost:45065|dataStream:localhost:40973|priority:0|startupRole:FOLLOWER, s1|rpc:localhost:37337|admin:localhost:46639|client:localhost:33239|dataStream:localhost:44379|priority:0|startupRole:FOLLOWER, s2|rpc:localhost:36285|admin:localhost:33785|client:localhost:35753|dataStream:localhost:36721|priority:0|startupRole:FOLLOWER], format? false
2022-07-23 19:35:38,218 [Time-limited test] INFO  server.RaftServer (ConfUtils.java:logGet(46)) - raft.rpc.type = GRPC (default)
2022-07-23 19:35:38,218 [Time-limited test] INFO  grpc.GrpcConfigKeys (ConfUtils.java:logGet(46)) - raft.grpc.admin.port = 34833 (custom)
2022-07-23 19:35:38,218 [Time-limited test] INFO  grpc.GrpcConfigKeys (ConfUtils.java:logGet(46)) - raft.grpc.client.port = 45065 (custom)
2022-07-23 19:35:38,218 [Time-limited test] INFO  grpc.GrpcConfigKeys (ConfUtils.java:logGet(46)) - raft.grpc.server.port = 33053 (custom)
2022-07-23 19:35:38,218 [Time-limited test] INFO  server.GrpcService (ConfUtils.java:logGet(46)) - raft.grpc.message.size.max = 64MB (=67108864) (default)
2022-07-23 19:35:38,218 [Time-limited test] INFO  server.RaftServerConfigKeys (ConfUtils.java:logGet(46)) - raft.server.log.appender.buffer.byte-limit = 4MB (=4194304) (default)
2022-07-23 19:35:38,218 [Time-limited test] INFO  server.GrpcService (ConfUtils.java:logGet(46)) - raft.grpc.flow.control.window = 1MB (=1048576) (default)
2022-07-23 19:35:38,218 [Time-limited test] INFO  server.RaftServerConfigKeys (ConfUtils.java:logGet(46)) - raft.server.rpc.request.timeout = 3000ms (default)
2022-07-23 19:35:38,218 [Time-limited test] INFO  grpc.GrpcConfigKeys (ConfUtils.java:logGet(46)) - raft.grpc.server.heartbeat.channel = true (default)
2022-07-23 19:35:38,218 [Time-limited test] INFO  grpc.GrpcConfigKeys (ConfUtils.java:logGet(46)) - raft.grpc.server.async.request.thread.pool.cached = true (default)
2022-07-23 19:35:38,218 [Time-limited test] INFO  grpc.GrpcConfigKeys (ConfUtils.java:logGet(46)) - raft.grpc.server.async.request.thread.pool.size = 32 (default)
2022-07-23 19:35:38,219 [Time-limited test] INFO  impl.DataStreamServerImpl (ConfUtils.java:logGet(46)) - raft.datastream.type = DISABLED (default)
2022-07-23 19:35:38,219 [Time-limited test] INFO  server.RaftServerConfigKeys (ConfUtils.java:logGet(46)) - raft.server.threadpool.proxy.cached = true (default)
2022-07-23 19:35:38,219 [Time-limited test] INFO  server.RaftServerConfigKeys (ConfUtils.java:logGet(46)) - raft.server.threadpool.proxy.size = 0 (default)
2022-07-23 19:35:38,220 [Time-limited test] INFO  server.RaftServerConfigKeys (ConfUtils.java:logGet(46)) - raft.server.rpc.slowness.timeout = 60s (default)
2022-07-23 19:35:38,220 [Time-limited test] INFO  server.RaftServerConfigKeys (ConfUtils.java:logGet(46)) - raft.server.leaderelection.leader.step-down.wait-time = 10s (default)
2022-07-23 19:35:38,220 [Time-limited test] INFO  server.RaftServerConfigKeys (ConfUtils.java:logGet(46)) - raft.server.storage.dir = [/home/runner/work/ratis/ratis/ratis-test/target/test/data/11cf776f/MiniRaftClusterWithGrpc8f6a6033/s0] (custom)
2022-07-23 19:35:38,222 [s0-impl-thread1] INFO  server.RaftServer (RaftServerProxy.java:initGroupDir(247)) - s0: found a subdirectory /home/runner/work/ratis/ratis/ratis-test/target/test/data/11cf776f/MiniRaftClusterWithGrpc8f6a6033/s0/2ebaa244-3f62-406e-9cdd-1d19f5312903
2022-07-23 19:35:38,222 [Time-limited test] INFO  server.RaftServer (RaftServerProxy.java:addNew(96)) - s0: addNew group-1D19F5312903:[s0|rpc:localhost:33053|admin:localhost:34833|client:localhost:45065|dataStream:localhost:40973|priority:0|startupRole:FOLLOWER, s1|rpc:localhost:37337|admin:localhost:46639|client:localhost:33239|dataStream:localhost:44379|priority:0|startupRole:FOLLOWER, s2|rpc:localhost:36285|admin:localhost:33785|client:localhost:35753|dataStream:localhost:36721|priority:0|startupRole:FOLLOWER] returns group-1D19F5312903:java.util.concurrent.CompletableFuture@4e4473d3[Not completed]
2022-07-23 19:35:38,222 [pool-37-thread-1] INFO  server.RaftServerConfigKeys (ConfUtils.java:logGet(46)) - raft.server.log.segment.size.max = 8MB (=8388608) (default)
2022-07-23 19:35:38,222 [pool-37-thread-1] INFO  server.RaftServerConfigKeys (ConfUtils.java:logGet(46)) - raft.server.log.preallocated.size = 4MB (=4194304) (default)
2022-07-23 19:35:38,222 [pool-37-thread-1] INFO  server.RaftServerConfigKeys (ConfUtils.java:logGet(46)) - raft.server.log.write.buffer.size = 64KB (=65536) (default)
2022-07-23 19:35:38,222 [pool-37-thread-1] INFO  server.RaftServer$Division (RaftServerImpl.java:<init>(192)) - s0: new RaftServerImpl for group-1D19F5312903:[s0|rpc:localhost:33053|admin:localhost:34833|client:localhost:45065|dataStream:localhost:40973|priority:0|startupRole:FOLLOWER, s1|rpc:localhost:37337|admin:localhost:46639|client:localhost:33239|dataStream:localhost:44379|priority:0|startupRole:FOLLOWER, s2|rpc:localhost:36285|admin:localhost:33785|client:localhost:35753|dataStream:localhost:36721|priority:0|startupRole:FOLLOWER] with SimpleStateMachine4Testing:uninitialized
2022-07-23 19:35:38,223 [pool-37-thread-1] INFO  server.RaftServerConfigKeys (ConfUtils.java:logGet(46)) - raft.server.rpc.timeout.min = 150ms (default)
2022-07-23 19:35:38,223 [pool-37-thread-1] INFO  server.RaftServerConfigKeys (ConfUtils.java:logGet(46)) - raft.server.rpc.timeout.max = 300ms (default)
2022-07-23 19:35:38,223 [pool-37-thread-1] INFO  server.RaftServerConfigKeys (ConfUtils.java:logGet(46)) - raft.server.rpc.sleep.time = 25ms (default)
2022-07-23 19:35:38,223 [pool-37-thread-1] INFO  server.RaftServerConfigKeys (ConfUtils.java:logGet(46)) - raft.server.rpc.slowness.timeout = 60s (default)
2022-07-23 19:35:38,223 [pool-37-thread-1] INFO  server.RaftServerConfigKeys (ConfUtils.java:logGet(46)) - raft.server.leaderelection.leader.step-down.wait-time = 10s (default)
2022-07-23 19:35:38,223 [pool-37-thread-1] INFO  server.RaftServerConfigKeys (ConfUtils.java:logGet(46)) - raft.server.sleep.deviation.threshold = 300ms (default)
2022-07-23 19:35:38,223 [pool-37-thread-1] INFO  server.RaftServer$Division (ServerState.java:<init>(118)) - s0@group-1D19F5312903: ConfigurationManager, init=-1: peers:[s0|rpc:localhost:33053|admin:localhost:34833|client:localhost:45065|dataStream:localhost:40973|priority:0|startupRole:FOLLOWER, s1|rpc:localhost:37337|admin:localhost:46639|client:localhost:33239|dataStream:localhost:44379|priority:0|startupRole:FOLLOWER, s2|rpc:localhost:36285|admin:localhost:33785|client:localhost:35753|dataStream:localhost:36721|priority:0|startupRole:FOLLOWER]|listeners:[], old=null, confs=<EMPTY_MAP>
2022-07-23 19:35:38,225 [pool-37-thread-1] INFO  server.RaftServerConfigKeys (ConfUtils.java:logGet(46)) - raft.server.storage.dir = [/home/runner/work/ratis/ratis/ratis-test/target/test/data/11cf776f/MiniRaftClusterWithGrpc8f6a6033/s0] (custom)
2022-07-23 19:35:38,225 [pool-37-thread-1] INFO  server.RaftServerConfigKeys (ConfUtils.java:logGet(46)) - raft.server.log.corruption.policy = EXCEPTION (default)
2022-07-23 19:35:38,225 [pool-37-thread-1] INFO  server.RaftServerConfigKeys (ConfUtils.java:logGet(46)) - raft.server.storage.free-space.min = 0MB (=0) (default)
2022-07-23 19:35:38,225 [pool-37-thread-1] INFO  server.RaftServerConfigKeys (ConfUtils.java:logGet(46)) - raft.server.notification.no-leader.timeout = 60s (default)
2022-07-23 19:35:38,225 [pool-37-thread-1] INFO  server.RaftServerConfigKeys (ConfUtils.java:logGet(46)) - raft.server.retrycache.expirytime = 60s (default)
2022-07-23 19:35:38,225 [pool-37-thread-1] INFO  server.RaftServerConfigKeys (ConfUtils.java:logGet(46)) - raft.server.retrycache.statistics.expirytime = 100μs (default)
2022-07-23 19:35:38,226 [pool-37-thread-1] INFO  server.RaftServerConfigKeys (ConfUtils.java:logGet(46)) - raft.server.log.appender.install.snapshot.enabled = true (default)
2022-07-23 19:35:38,226 [pool-37-thread-1] INFO  server.RaftServerConfigKeys (ConfUtils.java:logGet(46)) - raft.server.threadpool.server.cached = true (default)
2022-07-23 19:35:38,226 [pool-37-thread-1] INFO  server.RaftServerConfigKeys (ConfUtils.java:logGet(46)) - raft.server.threadpool.server.size = 0 (default)
2022-07-23 19:35:38,226 [pool-37-thread-1] INFO  server.RaftServerConfigKeys (ConfUtils.java:logGet(46)) - raft.server.threadpool.client.cached = true (default)
2022-07-23 19:35:38,226 [pool-37-thread-1] INFO  server.RaftServerConfigKeys (ConfUtils.java:logGet(46)) - raft.server.threadpool.client.size = 0 (default)
2022-07-23 19:35:38,227 [s0-impl-thread1] INFO  storage.RaftStorageDirectory (RaftStorageDirectoryImpl.java:tryLock(231)) - Lock on /home/runner/work/ratis/ratis/ratis-test/target/test/data/11cf776f/MiniRaftClusterWithGrpc8f6a6033/s0/2ebaa244-3f62-406e-9cdd-1d19f5312903/in_use.lock acquired by nodename 4352@fv-az121-604.oisc35kgwdsevnec4nnef0ad5h.cx.internal.cloudapp.net
2022-07-23 19:35:38,227 [s0-impl-thread1] INFO  storage.RaftStorage (RaftStorageImpl.java:analyzeAndRecoverStorage(117)) - Read RaftStorageMetadata{term=0, votedFor=} from /home/runner/work/ratis/ratis/ratis-test/target/test/data/11cf776f/MiniRaftClusterWithGrpc8f6a6033/s0/2ebaa244-3f62-406e-9cdd-1d19f5312903/current/raft-meta
2022-07-23 19:35:38,228 [s0-impl-thread1] INFO  statemachine.SimpleStateMachine4Testing (SimpleStateMachine4Testing.java:initialize(212)) - Initializing SimpleStateMachine4Testing:uninitialized
2022-07-23 19:35:38,228 [s0-impl-thread1] INFO  statemachine.SimpleStateMachine4Testing (SimpleStateMachine4Testing.java:loadSnapshot(306)) - The snapshot file null does not exist
2022-07-23 19:35:38,228 [s0-impl-thread1] INFO  server.RaftServerConfigKeys (ConfUtils.java:logGet(46)) - raft.server.log.use.memory = false (default)
2022-07-23 19:35:38,228 [s0-impl-thread1] INFO  server.RaftServerConfigKeys (ConfUtils.java:logGet(46)) - raft.server.log.purge.gap = 1024 (default)
2022-07-23 19:35:38,228 [s0-impl-thread1] INFO  server.RaftServerConfigKeys (ConfUtils.java:logGet(46)) - raft.server.log.appender.buffer.byte-limit = 4MB (=4194304) (default)
2022-07-23 19:35:38,228 [s0-impl-thread1] INFO  server.RaftServerConfigKeys (ConfUtils.java:logGet(46)) - raft.server.log.statemachine.data.read.timeout = 1000ms (default)
2022-07-23 19:35:38,228 [s0-impl-thread1] INFO  server.RaftServerConfigKeys (ConfUtils.java:logGet(46)) - raft.server.log.segment.size.max = 8MB (=8388608) (default)
2022-07-23 19:35:38,228 [s0-impl-thread1] INFO  server.RaftServerConfigKeys (ConfUtils.java:logGet(46)) - raft.server.log.segment.cache.num.max = 6 (default)
2022-07-23 19:35:38,228 [s0-impl-thread1] INFO  server.RaftServerConfigKeys (ConfUtils.java:logGet(46)) - raft.server.log.segment.cache.size.max = 200MB (=209715200) (default)
2022-07-23 19:35:38,228 [s0-impl-thread1] INFO  segmented.SegmentedRaftLogWorker (SegmentedRaftLogWorker.java:<init>(187)) - new s0@group-1D19F5312903-SegmentedRaftLogWorker for RaftStorageImpl:Storage Directory /home/runner/work/ratis/ratis/ratis-test/target/test/data/11cf776f/MiniRaftClusterWithGrpc8f6a6033/s0/2ebaa244-3f62-406e-9cdd-1d19f5312903
2022-07-23 19:35:38,228 [s0-impl-thread1] INFO  server.RaftServerConfigKeys (ConfUtils.java:logGet(46)) - raft.server.log.queue.byte-limit = 64MB (=67108864) (default)
2022-07-23 19:35:38,228 [s0-impl-thread1] INFO  server.RaftServerConfigKeys (ConfUtils.java:logGet(46)) - raft.server.log.queue.element-limit = 4096 (default)
2022-07-23 19:35:38,228 [s0-impl-thread1] INFO  server.RaftServerConfigKeys (ConfUtils.java:logGet(46)) - raft.server.log.segment.size.max = 8MB (=8388608) (default)
2022-07-23 19:35:38,228 [s0-impl-thread1] INFO  server.RaftServerConfigKeys (ConfUtils.java:logGet(46)) - raft.server.log.preallocated.size = 4MB (=4194304) (default)
2022-07-23 19:35:38,228 [s0-impl-thread1] INFO  server.RaftServerConfigKeys (ConfUtils.java:logGet(46)) - raft.server.log.force.sync.num = 128 (default)
2022-07-23 19:35:38,228 [s0-impl-thread1] INFO  server.RaftServerConfigKeys (ConfUtils.java:logGet(46)) - raft.server.log.statemachine.data.sync = true (default)
2022-07-23 19:35:38,228 [s0-impl-thread1] INFO  server.RaftServerConfigKeys (ConfUtils.java:logGet(46)) - raft.server.log.statemachine.data.sync.timeout = 10s (default)
2022-07-23 19:35:38,228 [s0-impl-thread1] INFO  server.RaftServerConfigKeys (ConfUtils.java:logGet(46)) - raft.server.log.statemachine.data.sync.timeout.retry = -1 (default)
2022-07-23 19:35:38,229 [s0-impl-thread1] INFO  server.RaftServerConfigKeys (ConfUtils.java:logGet(46)) - raft.server.log.write.buffer.size = 64KB (=65536) (default)
2022-07-23 19:35:38,229 [s0-impl-thread1] INFO  server.RaftServerConfigKeys (ConfUtils.java:logGet(46)) - raft.server.log.unsafe-flush.enabled = false (default)
2022-07-23 19:35:38,229 [s0-impl-thread1] INFO  server.RaftServerConfigKeys (ConfUtils.java:logGet(46)) - raft.server.log.statemachine.data.caching.enabled = false (default)
2022-07-23 19:35:38,229 [s0-impl-thread1] INFO  segmented.SegmentedRaftLogWorker (SegmentedRaftLogWorker.java:lambda$new$0(135)) - s0@group-1D19F5312903-SegmentedRaftLogWorker: flushIndex: setUnconditionally 0 -> -1
2022-07-23 19:35:38,229 [s0-impl-thread1] INFO  segmented.SegmentedRaftLogWorker (SegmentedRaftLogWorker.java:lambda$new$0(135)) - s0@group-1D19F5312903-SegmentedRaftLogWorker: safeCacheEvictIndex: setUnconditionally 0 -> -1
2022-07-23 19:35:38,235 [s0-impl-thread1] INFO  server.RaftServer$Division (RaftServerImpl.java:start(314)) - s0@group-1D19F5312903: start as a follower, conf=-1: peers:[s0|rpc:localhost:33053|admin:localhost:34833|client:localhost:45065|dataStream:localhost:40973|priority:0|startupRole:FOLLOWER, s1|rpc:localhost:37337|admin:localhost:46639|client:localhost:33239|dataStream:localhost:44379|priority:0|startupRole:FOLLOWER, s2|rpc:localhost:36285|admin:localhost:33785|client:localhost:35753|dataStream:localhost:36721|priority:0|startupRole:FOLLOWER]|listeners:[], old=null
2022-07-23 19:35:38,235 [s0-impl-thread1] INFO  server.RaftServer$Division (RaftServerImpl.java:setRole(301)) - s0@group-1D19F5312903: changes role from      null to FOLLOWER at term 0 for startAsFollower
2022-07-23 19:35:38,235 [s0-impl-thread1] INFO  impl.RoleInfo (RoleInfo.java:updateAndGet(139)) - s0: start s0@group-1D19F5312903-FollowerState
2022-07-23 19:35:38,244 [s0-impl-thread1] INFO  util.JmxRegister (JmxRegister.java:tryRegister(44)) - Successfully registered JMX Bean with object name Ratis:service=RaftServer,group=group-1D19F5312903,id=s0
2022-07-23 19:35:38,244 [s0-impl-thread1] INFO  server.RaftServerConfigKeys (ConfUtils.java:logGet(46)) - raft.server.snapshot.auto.trigger.enabled = false (default)
2022-07-23 19:35:38,244 [s0-impl-thread1] INFO  server.RaftServerConfigKeys (ConfUtils.java:logGet(46)) - raft.server.snapshot.retention.file.num = -1 (default)
2022-07-23 19:35:38,244 [s0-impl-thread1] INFO  server.RaftServerConfigKeys (ConfUtils.java:logGet(46)) - raft.server.log.purge.upto.snapshot.index = false (default)
2022-07-23 19:35:38,251 [Time-limited test] INFO  server.RaftServer (RaftServerProxy.java:startImpl(385)) - s0: start RPC server
2022-07-23 19:35:38,251 [Time-limited test] INFO  server.GrpcService (GrpcService.java:startImpl(262)) - s0: GrpcService started, listening on 45065
2022-07-23 19:35:38,252 [Time-limited test] INFO  server.GrpcService (GrpcService.java:startImpl(262)) - s0: GrpcService started, listening on 33053
2022-07-23 19:35:38,252 [Time-limited test] INFO  server.GrpcService (GrpcService.java:startImpl(262)) - s0: GrpcService started, listening on 34833
2022-07-23 19:35:38,253 [Time-limited test] INFO  impl.MiniRaftCluster (MiniRaftCluster.java:killServer(486)) - killServer s1
2022-07-23 19:35:38,253 [Time-limited test] INFO  server.RaftServer (RaftServerProxy.java:lambda$close$6(401)) - s1: close
2022-07-23 19:35:38,253 [Time-limited test] INFO  server.RaftServer$Division (RaftServerImpl.java:lambda$close$4(438)) - s1@group-1D19F5312903: shutdown
2022-07-23 19:35:38,253 [Time-limited test] INFO  util.JmxRegister (JmxRegister.java:unregister(73)) - Successfully un-registered JMX Bean with object name Ratis:service=RaftServer,group=group-1D19F5312903,id=s1
2022-07-23 19:35:38,254 [Time-limited test] INFO  impl.RoleInfo (RoleInfo.java:shutdownFollowerState(110)) - s1: shutdown s1@group-1D19F5312903-FollowerState
2022-07-23 19:35:38,254 [Time-limited test] INFO  impl.StateMachineUpdater (StateMachineUpdater.java:stopAndJoin(153)) - s1@group-1D19F5312903-StateMachineUpdater: set stopIndex = -1
2022-07-23 19:35:38,254 [s1@group-1D19F5312903-FollowerState] INFO  impl.FollowerState (FollowerState.java:run(152)) - s1@group-1D19F5312903-FollowerState was interrupted
2022-07-23 19:35:38,254 [Time-limited test] INFO  server.RaftServer$Division (ServerState.java:close(465)) - s1@group-1D19F5312903: closes. applyIndex: -1
2022-07-23 19:35:38,254 [s1@group-1D19F5312903-SegmentedRaftLogWorker] INFO  segmented.SegmentedRaftLogWorker (SegmentedRaftLogWorker.java:run(336)) - s1@group-1D19F5312903-SegmentedRaftLogWorker was interrupted, exiting. There are 0 tasks remaining in the queue.
2022-07-23 19:35:38,254 [Time-limited test] INFO  segmented.SegmentedRaftLogWorker (SegmentedRaftLogWorker.java:close(246)) - s1@group-1D19F5312903-SegmentedRaftLogWorker close()
2022-07-23 19:35:38,255 [Time-limited test] INFO  server.GrpcService (GrpcService.java:closeImpl(271)) - s1: shutdown server org.apache.ratis.grpc.server.GrpcClientProtocolService now
2022-07-23 19:35:38,255 [Time-limited test] INFO  server.GrpcService (GrpcService.java:closeImpl(280)) - s1: shutdown server org.apache.ratis.grpc.server.GrpcClientProtocolService successfully
2022-07-23 19:35:38,256 [org.apache.ratis.util.JvmPauseMonitor$$Lambda$313/980778071@35fcb9e7] INFO  util.JvmPauseMonitor (JvmPauseMonitor.java:run(103)) - JvmPauseMonitor-s0: Started
2022-07-23 19:35:38,256 [Time-limited test] INFO  server.GrpcService (GrpcService.java:closeImpl(271)) - s1: shutdown server GrpcServerProtocolService now
2022-07-23 19:35:38,256 [Time-limited test] INFO  server.GrpcService (GrpcService.java:closeImpl(280)) - s1: shutdown server GrpcServerProtocolService successfully
2022-07-23 19:35:38,256 [Time-limited test] INFO  server.GrpcService (GrpcService.java:closeImpl(271)) - s1: shutdown server org.apache.ratis.grpc.server.GrpcAdminProtocolService now
2022-07-23 19:35:38,256 [Time-limited test] INFO  server.GrpcService (GrpcService.java:closeImpl(280)) - s1: shutdown server org.apache.ratis.grpc.server.GrpcAdminProtocolService successfully
2022-07-23 19:35:38,256 [org.apache.ratis.util.JvmPauseMonitor$$Lambda$313/980778071@5286529b] INFO  util.JvmPauseMonitor (JvmPauseMonitor.java:run(109)) - JvmPauseMonitor-s1: Stopped
2022-07-23 19:35:38,256 [Time-limited test] INFO  impl.MiniRaftCluster (MiniRaftCluster.java:newRaftServer(348)) - newRaftServer: s1, group-1D19F5312903:[s0|rpc:localhost:33053|admin:localhost:34833|client:localhost:45065|dataStream:localhost:40973|priority:0|startupRole:FOLLOWER, s1|rpc:localhost:37337|admin:localhost:46639|client:localhost:33239|dataStream:localhost:44379|priority:0|startupRole:FOLLOWER, s2|rpc:localhost:36285|admin:localhost:33785|client:localhost:35753|dataStream:localhost:36721|priority:0|startupRole:FOLLOWER], format? false
2022-07-23 19:35:38,257 [Time-limited test] INFO  server.RaftServer (ConfUtils.java:logGet(46)) - raft.rpc.type = GRPC (default)
2022-07-23 19:35:38,257 [Time-limited test] INFO  grpc.GrpcConfigKeys (ConfUtils.java:logGet(46)) - raft.grpc.admin.port = 46639 (custom)
2022-07-23 19:35:38,257 [Time-limited test] INFO  grpc.GrpcConfigKeys (ConfUtils.java:logGet(46)) - raft.grpc.client.port = 33239 (custom)
2022-07-23 19:35:38,257 [Time-limited test] INFO  grpc.GrpcConfigKeys (ConfUtils.java:logGet(46)) - raft.grpc.server.port = 37337 (custom)
2022-07-23 19:35:38,257 [Time-limited test] INFO  server.GrpcService (ConfUtils.java:logGet(46)) - raft.grpc.message.size.max = 64MB (=67108864) (default)
2022-07-23 19:35:38,257 [Time-limited test] INFO  server.RaftServerConfigKeys (ConfUtils.java:logGet(46)) - raft.server.log.appender.buffer.byte-limit = 4MB (=4194304) (default)
2022-07-23 19:35:38,257 [Time-limited test] INFO  server.GrpcService (ConfUtils.java:logGet(46)) - raft.grpc.flow.control.window = 1MB (=1048576) (default)
2022-07-23 19:35:38,257 [Time-limited test] INFO  server.RaftServerConfigKeys (ConfUtils.java:logGet(46)) - raft.server.rpc.request.timeout = 3000ms (default)
2022-07-23 19:35:38,257 [Time-limited test] INFO  grpc.GrpcConfigKeys (ConfUtils.java:logGet(46)) - raft.grpc.server.heartbeat.channel = true (default)
2022-07-23 19:35:38,257 [Time-limited test] INFO  grpc.GrpcConfigKeys (ConfUtils.java:logGet(46)) - raft.grpc.server.async.request.thread.pool.cached = true (default)
2022-07-23 19:35:38,257 [Time-limited test] INFO  grpc.GrpcConfigKeys (ConfUtils.java:logGet(46)) - raft.grpc.server.async.request.thread.pool.size = 32 (default)
2022-07-23 19:35:38,258 [Time-limited test] INFO  impl.DataStreamServerImpl (ConfUtils.java:logGet(46)) - raft.datastream.type = DISABLED (default)
2022-07-23 19:35:38,258 [Time-limited test] INFO  server.RaftServerConfigKeys (ConfUtils.java:logGet(46)) - raft.server.threadpool.proxy.cached = true (default)
2022-07-23 19:35:38,259 [Time-limited test] INFO  server.RaftServerConfigKeys (ConfUtils.java:logGet(46)) - raft.server.threadpool.proxy.size = 0 (default)
2022-07-23 19:35:38,259 [Time-limited test] INFO  server.RaftServerConfigKeys (ConfUtils.java:logGet(46)) - raft.server.rpc.slowness.timeout = 60s (default)
2022-07-23 19:35:38,259 [Time-limited test] INFO  server.RaftServerConfigKeys (ConfUtils.java:logGet(46)) - raft.server.leaderelection.leader.step-down.wait-time = 10s (default)
2022-07-23 19:35:38,259 [Time-limited test] INFO  server.RaftServerConfigKeys (ConfUtils.java:logGet(46)) - raft.server.storage.dir = [/home/runner/work/ratis/ratis/ratis-test/target/test/data/11cf776f/MiniRaftClusterWithGrpc8f6a6033/s1] (custom)
2022-07-23 19:35:38,259 [s1-impl-thread1] INFO  server.RaftServer (RaftServerProxy.java:initGroupDir(247)) - s1: found a subdirectory /home/runner/work/ratis/ratis/ratis-test/target/test/data/11cf776f/MiniRaftClusterWithGrpc8f6a6033/s1/2ebaa244-3f62-406e-9cdd-1d19f5312903
2022-07-23 19:35:38,260 [Time-limited test] INFO  server.RaftServer (RaftServerProxy.java:addNew(96)) - s1: addNew group-1D19F5312903:[s0|rpc:localhost:33053|admin:localhost:34833|client:localhost:45065|dataStream:localhost:40973|priority:0|startupRole:FOLLOWER, s1|rpc:localhost:37337|admin:localhost:46639|client:localhost:33239|dataStream:localhost:44379|priority:0|startupRole:FOLLOWER, s2|rpc:localhost:36285|admin:localhost:33785|client:localhost:35753|dataStream:localhost:36721|priority:0|startupRole:FOLLOWER] returns group-1D19F5312903:java.util.concurrent.CompletableFuture@1185d1eb[Not completed]
2022-07-23 19:35:38,260 [pool-38-thread-1] INFO  server.RaftServerConfigKeys (ConfUtils.java:logGet(46)) - raft.server.log.segment.size.max = 8MB (=8388608) (default)
2022-07-23 19:35:38,260 [pool-38-thread-1] INFO  server.RaftServerConfigKeys (ConfUtils.java:logGet(46)) - raft.server.log.preallocated.size = 4MB (=4194304) (default)
2022-07-23 19:35:38,260 [pool-38-thread-1] INFO  server.RaftServerConfigKeys (ConfUtils.java:logGet(46)) - raft.server.log.write.buffer.size = 64KB (=65536) (default)
2022-07-23 19:35:38,260 [pool-38-thread-1] INFO  server.RaftServer$Division (RaftServerImpl.java:<init>(192)) - s1: new RaftServerImpl for group-1D19F5312903:[s0|rpc:localhost:33053|admin:localhost:34833|client:localhost:45065|dataStream:localhost:40973|priority:0|startupRole:FOLLOWER, s1|rpc:localhost:37337|admin:localhost:46639|client:localhost:33239|dataStream:localhost:44379|priority:0|startupRole:FOLLOWER, s2|rpc:localhost:36285|admin:localhost:33785|client:localhost:35753|dataStream:localhost:36721|priority:0|startupRole:FOLLOWER] with SimpleStateMachine4Testing:uninitialized
2022-07-23 19:35:38,260 [pool-38-thread-1] INFO  server.RaftServerConfigKeys (ConfUtils.java:logGet(46)) - raft.server.rpc.timeout.min = 150ms (default)
2022-07-23 19:35:38,260 [pool-38-thread-1] INFO  server.RaftServerConfigKeys (ConfUtils.java:logGet(46)) - raft.server.rpc.timeout.max = 300ms (default)
2022-07-23 19:35:38,260 [pool-38-thread-1] INFO  server.RaftServerConfigKeys (ConfUtils.java:logGet(46)) - raft.server.rpc.sleep.time = 25ms (default)
2022-07-23 19:35:38,260 [pool-38-thread-1] INFO  server.RaftServerConfigKeys (ConfUtils.java:logGet(46)) - raft.server.rpc.slowness.timeout = 60s (default)
2022-07-23 19:35:38,261 [pool-38-thread-1] INFO  server.RaftServerConfigKeys (ConfUtils.java:logGet(46)) - raft.server.leaderelection.leader.step-down.wait-time = 10s (default)
2022-07-23 19:35:38,261 [pool-38-thread-1] INFO  server.RaftServerConfigKeys (ConfUtils.java:logGet(46)) - raft.server.sleep.deviation.threshold = 300ms (default)
2022-07-23 19:35:38,261 [pool-38-thread-1] INFO  server.RaftServer$Division (ServerState.java:<init>(118)) - s1@group-1D19F5312903: ConfigurationManager, init=-1: peers:[s0|rpc:localhost:33053|admin:localhost:34833|client:localhost:45065|dataStream:localhost:40973|priority:0|startupRole:FOLLOWER, s1|rpc:localhost:37337|admin:localhost:46639|client:localhost:33239|dataStream:localhost:44379|priority:0|startupRole:FOLLOWER, s2|rpc:localhost:36285|admin:localhost:33785|client:localhost:35753|dataStream:localhost:36721|priority:0|startupRole:FOLLOWER]|listeners:[], old=null, confs=<EMPTY_MAP>
2022-07-23 19:35:38,261 [pool-38-thread-1] INFO  server.RaftServerConfigKeys (ConfUtils.java:logGet(46)) - raft.server.storage.dir = [/home/runner/work/ratis/ratis/ratis-test/target/test/data/11cf776f/MiniRaftClusterWithGrpc8f6a6033/s1] (custom)
2022-07-23 19:35:38,261 [pool-38-thread-1] INFO  server.RaftServerConfigKeys (ConfUtils.java:logGet(46)) - raft.server.log.corruption.policy = EXCEPTION (default)
2022-07-23 19:35:38,261 [pool-38-thread-1] INFO  server.RaftServerConfigKeys (ConfUtils.java:logGet(46)) - raft.server.storage.free-space.min = 0MB (=0) (default)
2022-07-23 19:35:38,261 [pool-38-thread-1] INFO  server.RaftServerConfigKeys (ConfUtils.java:logGet(46)) - raft.server.notification.no-leader.timeout = 60s (default)
2022-07-23 19:35:38,261 [pool-38-thread-1] INFO  server.RaftServerConfigKeys (ConfUtils.java:logGet(46)) - raft.server.retrycache.expirytime = 60s (default)
2022-07-23 19:35:38,261 [pool-38-thread-1] INFO  server.RaftServerConfigKeys (ConfUtils.java:logGet(46)) - raft.server.retrycache.statistics.expirytime = 100μs (default)
2022-07-23 19:35:38,262 [pool-38-thread-1] INFO  server.RaftServerConfigKeys (ConfUtils.java:logGet(46)) - raft.server.log.appender.install.snapshot.enabled = true (default)
2022-07-23 19:35:38,262 [pool-38-thread-1] INFO  server.RaftServerConfigKeys (ConfUtils.java:logGet(46)) - raft.server.threadpool.server.cached = true (default)
2022-07-23 19:35:38,262 [pool-38-thread-1] INFO  server.RaftServerConfigKeys (ConfUtils.java:logGet(46)) - raft.server.threadpool.server.size = 0 (default)
2022-07-23 19:35:38,262 [pool-38-thread-1] INFO  server.RaftServerConfigKeys (ConfUtils.java:logGet(46)) - raft.server.threadpool.client.cached = true (default)
2022-07-23 19:35:38,262 [pool-38-thread-1] INFO  server.RaftServerConfigKeys (ConfUtils.java:logGet(46)) - raft.server.threadpool.client.size = 0 (default)
2022-07-23 19:35:38,263 [s1-impl-thread1] INFO  storage.RaftStorageDirectory (RaftStorageDirectoryImpl.java:tryLock(231)) - Lock on /home/runner/work/ratis/ratis/ratis-test/target/test/data/11cf776f/MiniRaftClusterWithGrpc8f6a6033/s1/2ebaa244-3f62-406e-9cdd-1d19f5312903/in_use.lock acquired by nodename 4352@fv-az121-604.oisc35kgwdsevnec4nnef0ad5h.cx.internal.cloudapp.net
2022-07-23 19:35:38,263 [s1-impl-thread1] INFO  storage.RaftStorage (RaftStorageImpl.java:analyzeAndRecoverStorage(117)) - Read RaftStorageMetadata{term=0, votedFor=} from /home/runner/work/ratis/ratis/ratis-test/target/test/data/11cf776f/MiniRaftClusterWithGrpc8f6a6033/s1/2ebaa244-3f62-406e-9cdd-1d19f5312903/current/raft-meta
2022-07-23 19:35:38,263 [s1-impl-thread1] INFO  statemachine.SimpleStateMachine4Testing (SimpleStateMachine4Testing.java:initialize(212)) - Initializing SimpleStateMachine4Testing:uninitialized
2022-07-23 19:35:38,263 [s1-impl-thread1] INFO  statemachine.SimpleStateMachine4Testing (SimpleStateMachine4Testing.java:loadSnapshot(306)) - The snapshot file null does not exist
2022-07-23 19:35:38,263 [s1-impl-thread1] INFO  server.RaftServerConfigKeys (ConfUtils.java:logGet(46)) - raft.server.log.use.memory = false (default)
2022-07-23 19:35:38,263 [s1-impl-thread1] INFO  server.RaftServerConfigKeys (ConfUtils.java:logGet(46)) - raft.server.log.purge.gap = 1024 (default)
2022-07-23 19:35:38,263 [s1-impl-thread1] INFO  server.RaftServerConfigKeys (ConfUtils.java:logGet(46)) - raft.server.log.appender.buffer.byte-limit = 4MB (=4194304) (default)
2022-07-23 19:35:38,263 [s1-impl-thread1] INFO  server.RaftServerConfigKeys (ConfUtils.java:logGet(46)) - raft.server.log.statemachine.data.read.timeout = 1000ms (default)
2022-07-23 19:35:38,264 [s1-impl-thread1] INFO  server.RaftServerConfigKeys (ConfUtils.java:logGet(46)) - raft.server.log.segment.size.max = 8MB (=8388608) (default)
2022-07-23 19:35:38,264 [s1-impl-thread1] INFO  server.RaftServerConfigKeys (ConfUtils.java:logGet(46)) - raft.server.log.segment.cache.num.max = 6 (default)
2022-07-23 19:35:38,264 [s1-impl-thread1] INFO  server.RaftServerConfigKeys (ConfUtils.java:logGet(46)) - raft.server.log.segment.cache.size.max = 200MB (=209715200) (default)
2022-07-23 19:35:38,264 [s1-impl-thread1] INFO  segmented.SegmentedRaftLogWorker (SegmentedRaftLogWorker.java:<init>(187)) - new s1@group-1D19F5312903-SegmentedRaftLogWorker for RaftStorageImpl:Storage Directory /home/runner/work/ratis/ratis/ratis-test/target/test/data/11cf776f/MiniRaftClusterWithGrpc8f6a6033/s1/2ebaa244-3f62-406e-9cdd-1d19f5312903
2022-07-23 19:35:38,264 [s1-impl-thread1] INFO  server.RaftServerConfigKeys (ConfUtils.java:logGet(46)) - raft.server.log.queue.byte-limit = 64MB (=67108864) (default)
2022-07-23 19:35:38,264 [s1-impl-thread1] INFO  server.RaftServerConfigKeys (ConfUtils.java:logGet(46)) - raft.server.log.queue.element-limit = 4096 (default)
2022-07-23 19:35:38,264 [s1-impl-thread1] INFO  server.RaftServerConfigKeys (ConfUtils.java:logGet(46)) - raft.server.log.segment.size.max = 8MB (=8388608) (default)
2022-07-23 19:35:38,264 [s1-impl-thread1] INFO  server.RaftServerConfigKeys (ConfUtils.java:logGet(46)) - raft.server.log.preallocated.size = 4MB (=4194304) (default)
2022-07-23 19:35:38,264 [s1-impl-thread1] INFO  server.RaftServerConfigKeys (ConfUtils.java:logGet(46)) - raft.server.log.force.sync.num = 128 (default)
2022-07-23 19:35:38,264 [s1-impl-thread1] INFO  server.RaftServerConfigKeys (ConfUtils.java:logGet(46)) - raft.server.log.statemachine.data.sync = true (default)
2022-07-23 19:35:38,264 [s1-impl-thread1] INFO  server.RaftServerConfigKeys (ConfUtils.java:logGet(46)) - raft.server.log.statemachine.data.sync.timeout = 10s (default)
2022-07-23 19:35:38,264 [s1-impl-thread1] INFO  server.RaftServerConfigKeys (ConfUtils.java:logGet(46)) - raft.server.log.statemachine.data.sync.timeout.retry = -1 (default)
2022-07-23 19:35:38,264 [s1-impl-thread1] INFO  server.RaftServerConfigKeys (ConfUtils.java:logGet(46)) - raft.server.log.write.buffer.size = 64KB (=65536) (default)
2022-07-23 19:35:38,264 [s1-impl-thread1] INFO  server.RaftServerConfigKeys (ConfUtils.java:logGet(46)) - raft.server.log.unsafe-flush.enabled = false (default)
2022-07-23 19:35:38,264 [s1-impl-thread1] INFO  server.RaftServerConfigKeys (ConfUtils.java:logGet(46)) - raft.server.log.statemachine.data.caching.enabled = false (default)
2022-07-23 19:35:38,265 [s1-impl-thread1] INFO  segmented.SegmentedRaftLogWorker (SegmentedRaftLogWorker.java:lambda$new$0(135)) - s1@group-1D19F5312903-SegmentedRaftLogWorker: flushIndex: setUnconditionally 0 -> -1
2022-07-23 19:35:38,265 [s1-impl-thread1] INFO  segmented.SegmentedRaftLogWorker (SegmentedRaftLogWorker.java:lambda$new$0(135)) - s1@group-1D19F5312903-SegmentedRaftLogWorker: safeCacheEvictIndex: setUnconditionally 0 -> -1
2022-07-23 19:35:38,266 [s1-impl-thread1] INFO  server.RaftServer$Division (RaftServerImpl.java:start(314)) - s1@group-1D19F5312903: start as a follower, conf=-1: peers:[s0|rpc:localhost:33053|admin:localhost:34833|client:localhost:45065|dataStream:localhost:40973|priority:0|startupRole:FOLLOWER, s1|rpc:localhost:37337|admin:localhost:46639|client:localhost:33239|dataStream:localhost:44379|priority:0|startupRole:FOLLOWER, s2|rpc:localhost:36285|admin:localhost:33785|client:localhost:35753|dataStream:localhost:36721|priority:0|startupRole:FOLLOWER]|listeners:[], old=null
2022-07-23 19:35:38,266 [s1-impl-thread1] INFO  server.RaftServer$Division (RaftServerImpl.java:setRole(301)) - s1@group-1D19F5312903: changes role from      null to FOLLOWER at term 0 for startAsFollower
2022-07-23 19:35:38,266 [s1-impl-thread1] INFO  impl.RoleInfo (RoleInfo.java:updateAndGet(139)) - s1: start s1@group-1D19F5312903-FollowerState
2022-07-23 19:35:38,267 [s1-impl-thread1] INFO  util.JmxRegister (JmxRegister.java:tryRegister(44)) - Successfully registered JMX Bean with object name Ratis:service=RaftServer,group=group-1D19F5312903,id=s1
2022-07-23 19:35:38,267 [s1-impl-thread1] INFO  server.RaftServerConfigKeys (ConfUtils.java:logGet(46)) - raft.server.snapshot.auto.trigger.enabled = false (default)
2022-07-23 19:35:38,267 [s1-impl-thread1] INFO  server.RaftServerConfigKeys (ConfUtils.java:logGet(46)) - raft.server.snapshot.retention.file.num = -1 (default)
2022-07-23 19:35:38,267 [s1-impl-thread1] INFO  server.RaftServerConfigKeys (ConfUtils.java:logGet(46)) - raft.server.log.purge.upto.snapshot.index = false (default)
2022-07-23 19:35:38,267 [Time-limited test] INFO  server.RaftServer (RaftServerProxy.java:startImpl(385)) - s1: start RPC server
2022-07-23 19:35:38,268 [Time-limited test] INFO  server.GrpcService (GrpcService.java:startImpl(262)) - s1: GrpcService started, listening on 33239
2022-07-23 19:35:38,268 [Time-limited test] INFO  server.GrpcService (GrpcService.java:startImpl(262)) - s1: GrpcService started, listening on 37337
2022-07-23 19:35:38,268 [Time-limited test] INFO  server.GrpcService (GrpcService.java:startImpl(262)) - s1: GrpcService started, listening on 46639
2022-07-23 19:35:38,268 [Time-limited test] INFO  impl.MiniRaftCluster (MiniRaftCluster.java:killServer(486)) - killServer s2
2022-07-23 19:35:38,269 [Time-limited test] INFO  server.RaftServer (RaftServerProxy.java:lambda$close$6(401)) - s2: close
2022-07-23 19:35:38,269 [Time-limited test] INFO  server.RaftServer$Division (RaftServerImpl.java:lambda$close$4(438)) - s2@group-1D19F5312903: shutdown
2022-07-23 19:35:38,269 [Time-limited test] INFO  util.JmxRegister (JmxRegister.java:unregister(73)) - Successfully un-registered JMX Bean with object name Ratis:service=RaftServer,group=group-1D19F5312903,id=s2
2022-07-23 19:35:38,269 [Time-limited test] INFO  impl.RoleInfo (RoleInfo.java:shutdownFollowerState(110)) - s2: shutdown s2@group-1D19F5312903-FollowerState
2022-07-23 19:35:38,269 [Time-limited test] INFO  impl.StateMachineUpdater (StateMachineUpdater.java:stopAndJoin(153)) - s2@group-1D19F5312903-StateMachineUpdater: set stopIndex = -1
2022-07-23 19:35:38,269 [s2@group-1D19F5312903-FollowerState] INFO  impl.FollowerState (FollowerState.java:run(152)) - s2@group-1D19F5312903-FollowerState was interrupted
2022-07-23 19:35:38,269 [Time-limited test] INFO  server.RaftServer$Division (ServerState.java:close(465)) - s2@group-1D19F5312903: closes. applyIndex: -1
2022-07-23 19:35:38,270 [s2@group-1D19F5312903-SegmentedRaftLogWorker] INFO  segmented.SegmentedRaftLogWorker (SegmentedRaftLogWorker.java:run(336)) - s2@group-1D19F5312903-SegmentedRaftLogWorker was interrupted, exiting. There are 0 tasks remaining in the queue.
2022-07-23 19:35:38,270 [Time-limited test] INFO  segmented.SegmentedRaftLogWorker (SegmentedRaftLogWorker.java:close(246)) - s2@group-1D19F5312903-SegmentedRaftLogWorker close()
2022-07-23 19:35:38,274 [Time-limited test] INFO  server.GrpcService (GrpcService.java:closeImpl(271)) - s2: shutdown server org.apache.ratis.grpc.server.GrpcClientProtocolService now
2022-07-23 19:35:38,275 [Time-limited test] INFO  server.GrpcService (GrpcService.java:closeImpl(280)) - s2: shutdown server org.apache.ratis.grpc.server.GrpcClientProtocolService successfully
2022-07-23 19:35:38,275 [Time-limited test] INFO  server.GrpcService (GrpcService.java:closeImpl(271)) - s2: shutdown server GrpcServerProtocolService now
2022-07-23 19:35:38,275 [Time-limited test] INFO  server.GrpcService (GrpcService.java:closeImpl(280)) - s2: shutdown server GrpcServerProtocolService successfully
2022-07-23 19:35:38,275 [Time-limited test] INFO  server.GrpcService (GrpcService.java:closeImpl(271)) - s2: shutdown server org.apache.ratis.grpc.server.GrpcAdminProtocolService now
2022-07-23 19:35:38,275 [Time-limited test] INFO  server.GrpcService (GrpcService.java:closeImpl(280)) - s2: shutdown server org.apache.ratis.grpc.server.GrpcAdminProtocolService successfully
2022-07-23 19:35:38,275 [org.apache.ratis.util.JvmPauseMonitor$$Lambda$313/980778071@584470ec] INFO  util.JvmPauseMonitor (JvmPauseMonitor.java:run(109)) - JvmPauseMonitor-s2: Stopped
2022-07-23 19:35:38,276 [Time-limited test] INFO  impl.MiniRaftCluster (MiniRaftCluster.java:newRaftServer(348)) - newRaftServer: s2, group-1D19F5312903:[s0|rpc:localhost:33053|admin:localhost:34833|client:localhost:45065|dataStream:localhost:40973|priority:0|startupRole:FOLLOWER, s1|rpc:localhost:37337|admin:localhost:46639|client:localhost:33239|dataStream:localhost:44379|priority:0|startupRole:FOLLOWER, s2|rpc:localhost:36285|admin:localhost:33785|client:localhost:35753|dataStream:localhost:36721|priority:0|startupRole:FOLLOWER], format? false
2022-07-23 19:35:38,276 [Time-limited test] INFO  server.RaftServer (ConfUtils.java:logGet(46)) - raft.rpc.type = GRPC (default)
2022-07-23 19:35:38,276 [Time-limited test] INFO  grpc.GrpcConfigKeys (ConfUtils.java:logGet(46)) - raft.grpc.admin.port = 33785 (custom)
2022-07-23 19:35:38,276 [Time-limited test] INFO  grpc.GrpcConfigKeys (ConfUtils.java:logGet(46)) - raft.grpc.client.port = 35753 (custom)
2022-07-23 19:35:38,276 [Time-limited test] INFO  grpc.GrpcConfigKeys (ConfUtils.java:logGet(46)) - raft.grpc.server.port = 36285 (custom)
2022-07-23 19:35:38,276 [Time-limited test] INFO  server.GrpcService (ConfUtils.java:logGet(46)) - raft.grpc.message.size.max = 64MB (=67108864) (default)
2022-07-23 19:35:38,276 [Time-limited test] INFO  server.RaftServerConfigKeys (ConfUtils.java:logGet(46)) - raft.server.log.appender.buffer.byte-limit = 4MB (=4194304) (default)
2022-07-23 19:35:38,276 [Time-limited test] INFO  server.GrpcService (ConfUtils.java:logGet(46)) - raft.grpc.flow.control.window = 1MB (=1048576) (default)
2022-07-23 19:35:38,276 [Time-limited test] INFO  server.RaftServerConfigKeys (ConfUtils.java:logGet(46)) - raft.server.rpc.request.timeout = 3000ms (default)
2022-07-23 19:35:38,276 [Time-limited test] INFO  grpc.GrpcConfigKeys (ConfUtils.java:logGet(46)) - raft.grpc.server.heartbeat.channel = true (default)
2022-07-23 19:35:38,277 [Time-limited test] INFO  grpc.GrpcConfigKeys (ConfUtils.java:logGet(46)) - raft.grpc.server.async.request.thread.pool.cached = true (default)
2022-07-23 19:35:38,277 [Time-limited test] INFO  grpc.GrpcConfigKeys (ConfUtils.java:logGet(46)) - raft.grpc.server.async.request.thread.pool.size = 32 (default)
2022-07-23 19:35:38,278 [Time-limited test] INFO  impl.DataStreamServerImpl (ConfUtils.java:logGet(46)) - raft.datastream.type = DISABLED (default)
2022-07-23 19:35:38,279 [Time-limited test] INFO  server.RaftServerConfigKeys (ConfUtils.java:logGet(46)) - raft.server.threadpool.proxy.cached = true (default)
2022-07-23 19:35:38,279 [Time-limited test] INFO  server.RaftServerConfigKeys (ConfUtils.java:logGet(46)) - raft.server.threadpool.proxy.size = 0 (default)
2022-07-23 19:35:38,279 [Time-limited test] INFO  server.RaftServerConfigKeys (ConfUtils.java:logGet(46)) - raft.server.rpc.slowness.timeout = 60s (default)
2022-07-23 19:35:38,279 [Time-limited test] INFO  server.RaftServerConfigKeys (ConfUtils.java:logGet(46)) - raft.server.leaderelection.leader.step-down.wait-time = 10s (default)
2022-07-23 19:35:38,279 [Time-limited test] INFO  server.RaftServerConfigKeys (ConfUtils.java:logGet(46)) - raft.server.storage.dir = [/home/runner/work/ratis/ratis/ratis-test/target/test/data/11cf776f/MiniRaftClusterWithGrpc8f6a6033/s2] (custom)
2022-07-23 19:35:38,279 [org.apache.ratis.util.JvmPauseMonitor$$Lambda$313/980778071@41e671bd] INFO  util.JvmPauseMonitor (JvmPauseMonitor.java:run(103)) - JvmPauseMonitor-s1: Started
2022-07-23 19:35:38,279 [s2-impl-thread1] INFO  server.RaftServer (RaftServerProxy.java:initGroupDir(247)) - s2: found a subdirectory /home/runner/work/ratis/ratis/ratis-test/target/test/data/11cf776f/MiniRaftClusterWithGrpc8f6a6033/s2/2ebaa244-3f62-406e-9cdd-1d19f5312903
2022-07-23 19:35:38,280 [Time-limited test] INFO  server.RaftServer (RaftServerProxy.java:addNew(96)) - s2: addNew group-1D19F5312903:[s0|rpc:localhost:33053|admin:localhost:34833|client:localhost:45065|dataStream:localhost:40973|priority:0|startupRole:FOLLOWER, s1|rpc:localhost:37337|admin:localhost:46639|client:localhost:33239|dataStream:localhost:44379|priority:0|startupRole:FOLLOWER, s2|rpc:localhost:36285|admin:localhost:33785|client:localhost:35753|dataStream:localhost:36721|priority:0|startupRole:FOLLOWER] returns group-1D19F5312903:java.util.concurrent.CompletableFuture@1bcea3cc[Not completed]
2022-07-23 19:35:38,281 [pool-39-thread-1] INFO  server.RaftServerConfigKeys (ConfUtils.java:logGet(46)) - raft.server.log.segment.size.max = 8MB (=8388608) (default)
2022-07-23 19:35:38,281 [pool-39-thread-1] INFO  server.RaftServerConfigKeys (ConfUtils.java:logGet(46)) - raft.server.log.preallocated.size = 4MB (=4194304) (default)
2022-07-23 19:35:38,281 [pool-39-thread-1] INFO  server.RaftServerConfigKeys (ConfUtils.java:logGet(46)) - raft.server.log.write.buffer.size = 64KB (=65536) (default)
2022-07-23 19:35:38,281 [pool-39-thread-1] INFO  server.RaftServer$Division (RaftServerImpl.java:<init>(192)) - s2: new RaftServerImpl for group-1D19F5312903:[s0|rpc:localhost:33053|admin:localhost:34833|client:localhost:45065|dataStream:localhost:40973|priority:0|startupRole:FOLLOWER, s1|rpc:localhost:37337|admin:localhost:46639|client:localhost:33239|dataStream:localhost:44379|priority:0|startupRole:FOLLOWER, s2|rpc:localhost:36285|admin:localhost:33785|client:localhost:35753|dataStream:localhost:36721|priority:0|startupRole:FOLLOWER] with SimpleStateMachine4Testing:uninitialized
2022-07-23 19:35:38,282 [pool-39-thread-1] INFO  server.RaftServerConfigKeys (ConfUtils.java:logGet(46)) - raft.server.rpc.timeout.min = 150ms (default)
2022-07-23 19:35:38,282 [pool-39-thread-1] INFO  server.RaftServerConfigKeys (ConfUtils.java:logGet(46)) - raft.server.rpc.timeout.max = 300ms (default)
2022-07-23 19:35:38,282 [pool-39-thread-1] INFO  server.RaftServerConfigKeys (ConfUtils.java:logGet(46)) - raft.server.rpc.sleep.time = 25ms (default)
2022-07-23 19:35:38,282 [pool-39-thread-1] INFO  server.RaftServerConfigKeys (ConfUtils.java:logGet(46)) - raft.server.rpc.slowness.timeout = 60s (default)
2022-07-23 19:35:38,282 [pool-39-thread-1] INFO  server.RaftServerConfigKeys (ConfUtils.java:logGet(46)) - raft.server.leaderelection.leader.step-down.wait-time = 10s (default)
2022-07-23 19:35:38,282 [pool-39-thread-1] INFO  server.RaftServerConfigKeys (ConfUtils.java:logGet(46)) - raft.server.sleep.deviation.threshold = 300ms (default)
2022-07-23 19:35:38,283 [pool-39-thread-1] INFO  server.RaftServer$Division (ServerState.java:<init>(118)) - s2@group-1D19F5312903: ConfigurationManager, init=-1: peers:[s0|rpc:localhost:33053|admin:localhost:34833|client:localhost:45065|dataStream:localhost:40973|priority:0|startupRole:FOLLOWER, s1|rpc:localhost:37337|admin:localhost:46639|client:localhost:33239|dataStream:localhost:44379|priority:0|startupRole:FOLLOWER, s2|rpc:localhost:36285|admin:localhost:33785|client:localhost:35753|dataStream:localhost:36721|priority:0|startupRole:FOLLOWER]|listeners:[], old=null, confs=<EMPTY_MAP>
2022-07-23 19:35:38,283 [pool-39-thread-1] INFO  server.RaftServerConfigKeys (ConfUtils.java:logGet(46)) - raft.server.storage.dir = [/home/runner/work/ratis/ratis/ratis-test/target/test/data/11cf776f/MiniRaftClusterWithGrpc8f6a6033/s2] (custom)
2022-07-23 19:35:38,283 [pool-39-thread-1] INFO  server.RaftServerConfigKeys (ConfUtils.java:logGet(46)) - raft.server.log.corruption.policy = EXCEPTION (default)
2022-07-23 19:35:38,283 [pool-39-thread-1] INFO  server.RaftServerConfigKeys (ConfUtils.java:logGet(46)) - raft.server.storage.free-space.min = 0MB (=0) (default)
2022-07-23 19:35:38,283 [pool-39-thread-1] INFO  server.RaftServerConfigKeys (ConfUtils.java:logGet(46)) - raft.server.notification.no-leader.timeout = 60s (default)
2022-07-23 19:35:38,283 [pool-39-thread-1] INFO  server.RaftServerConfigKeys (ConfUtils.java:logGet(46)) - raft.server.retrycache.expirytime = 60s (default)
2022-07-23 19:35:38,283 [pool-39-thread-1] INFO  server.RaftServerConfigKeys (ConfUtils.java:logGet(46)) - raft.server.retrycache.statistics.expirytime = 100μs (default)
2022-07-23 19:35:38,284 [pool-39-thread-1] INFO  server.RaftServerConfigKeys (ConfUtils.java:logGet(46)) - raft.server.log.appender.install.snapshot.enabled = true (default)
2022-07-23 19:35:38,284 [pool-39-thread-1] INFO  server.RaftServerConfigKeys (ConfUtils.java:logGet(46)) - raft.server.threadpool.server.cached = true (default)
2022-07-23 19:35:38,284 [pool-39-thread-1] INFO  server.RaftServerConfigKeys (ConfUtils.java:logGet(46)) - raft.server.threadpool.server.size = 0 (default)
2022-07-23 19:35:38,284 [pool-39-thread-1] INFO  server.RaftServerConfigKeys (ConfUtils.java:logGet(46)) - raft.server.threadpool.client.cached = true (default)
2022-07-23 19:35:38,284 [pool-39-thread-1] INFO  server.RaftServerConfigKeys (ConfUtils.java:logGet(46)) - raft.server.threadpool.client.size = 0 (default)
2022-07-23 19:35:38,285 [s2-impl-thread1] INFO  storage.RaftStorageDirectory (RaftStorageDirectoryImpl.java:tryLock(231)) - Lock on /home/runner/work/ratis/ratis/ratis-test/target/test/data/11cf776f/MiniRaftClusterWithGrpc8f6a6033/s2/2ebaa244-3f62-406e-9cdd-1d19f5312903/in_use.lock acquired by nodename 4352@fv-az121-604.oisc35kgwdsevnec4nnef0ad5h.cx.internal.cloudapp.net
2022-07-23 19:35:38,285 [s2-impl-thread1] INFO  storage.RaftStorage (RaftStorageImpl.java:analyzeAndRecoverStorage(117)) - Read RaftStorageMetadata{term=0, votedFor=} from /home/runner/work/ratis/ratis/ratis-test/target/test/data/11cf776f/MiniRaftClusterWithGrpc8f6a6033/s2/2ebaa244-3f62-406e-9cdd-1d19f5312903/current/raft-meta
2022-07-23 19:35:38,285 [s2-impl-thread1] INFO  statemachine.SimpleStateMachine4Testing (SimpleStateMachine4Testing.java:initialize(212)) - Initializing SimpleStateMachine4Testing:uninitialized
2022-07-23 19:35:38,285 [s2-impl-thread1] INFO  statemachine.SimpleStateMachine4Testing (SimpleStateMachine4Testing.java:loadSnapshot(306)) - The snapshot file null does not exist
2022-07-23 19:35:38,285 [s2-impl-thread1] INFO  server.RaftServerConfigKeys (ConfUtils.java:logGet(46)) - raft.server.log.use.memory = false (default)
2022-07-23 19:35:38,285 [s2-impl-thread1] INFO  server.RaftServerConfigKeys (ConfUtils.java:logGet(46)) - raft.server.log.purge.gap = 1024 (default)
2022-07-23 19:35:38,285 [s2-impl-thread1] INFO  server.RaftServerConfigKeys (ConfUtils.java:logGet(46)) - raft.server.log.appender.buffer.byte-limit = 4MB (=4194304) (default)
2022-07-23 19:35:38,285 [s2-impl-thread1] INFO  server.RaftServerConfigKeys (ConfUtils.java:logGet(46)) - raft.server.log.statemachine.data.read.timeout = 1000ms (default)
2022-07-23 19:35:38,285 [s2-impl-thread1] INFO  server.RaftServerConfigKeys (ConfUtils.java:logGet(46)) - raft.server.log.segment.size.max = 8MB (=8388608) (default)
2022-07-23 19:35:38,285 [s2-impl-thread1] INFO  server.RaftServerConfigKeys (ConfUtils.java:logGet(46)) - raft.server.log.segment.cache.num.max = 6 (default)
2022-07-23 19:35:38,286 [s2-impl-thread1] INFO  server.RaftServerConfigKeys (ConfUtils.java:logGet(46)) - raft.server.log.segment.cache.size.max = 200MB (=209715200) (default)
2022-07-23 19:35:38,286 [s2-impl-thread1] INFO  segmented.SegmentedRaftLogWorker (SegmentedRaftLogWorker.java:<init>(187)) - new s2@group-1D19F5312903-SegmentedRaftLogWorker for RaftStorageImpl:Storage Directory /home/runner/work/ratis/ratis/ratis-test/target/test/data/11cf776f/MiniRaftClusterWithGrpc8f6a6033/s2/2ebaa244-3f62-406e-9cdd-1d19f5312903
2022-07-23 19:35:38,286 [s2-impl-thread1] INFO  server.RaftServerConfigKeys (ConfUtils.java:logGet(46)) - raft.server.log.queue.byte-limit = 64MB (=67108864) (default)
2022-07-23 19:35:38,286 [s2-impl-thread1] INFO  server.RaftServerConfigKeys (ConfUtils.java:logGet(46)) - raft.server.log.queue.element-limit = 4096 (default)
2022-07-23 19:35:38,286 [s2-impl-thread1] INFO  server.RaftServerConfigKeys (ConfUtils.java:logGet(46)) - raft.server.log.segment.size.max = 8MB (=8388608) (default)
2022-07-23 19:35:38,286 [s2-impl-thread1] INFO  server.RaftServerConfigKeys (ConfUtils.java:logGet(46)) - raft.server.log.preallocated.size = 4MB (=4194304) (default)
2022-07-23 19:35:38,286 [s2-impl-thread1] INFO  server.RaftServerConfigKeys (ConfUtils.java:logGet(46)) - raft.server.log.force.sync.num = 128 (default)
2022-07-23 19:35:38,286 [s2-impl-thread1] INFO  server.RaftServerConfigKeys (ConfUtils.java:logGet(46)) - raft.server.log.statemachine.data.sync = true (default)
2022-07-23 19:35:38,286 [s2-impl-thread1] INFO  server.RaftServerConfigKeys (ConfUtils.java:logGet(46)) - raft.server.log.statemachine.data.sync.timeout = 10s (default)
2022-07-23 19:35:38,286 [s2-impl-thread1] INFO  server.RaftServerConfigKeys (ConfUtils.java:logGet(46)) - raft.server.log.statemachine.data.sync.timeout.retry = -1 (default)
2022-07-23 19:35:38,286 [s2-impl-thread1] INFO  server.RaftServerConfigKeys (ConfUtils.java:logGet(46)) - raft.server.log.write.buffer.size = 64KB (=65536) (default)
2022-07-23 19:35:38,286 [s2-impl-thread1] INFO  server.RaftServerConfigKeys (ConfUtils.java:logGet(46)) - raft.server.log.unsafe-flush.enabled = false (default)
2022-07-23 19:35:38,286 [s2-impl-thread1] INFO  server.RaftServerConfigKeys (ConfUtils.java:logGet(46)) - raft.server.log.statemachine.data.caching.enabled = false (default)
2022-07-23 19:35:38,286 [s2-impl-thread1] INFO  segmented.SegmentedRaftLogWorker (SegmentedRaftLogWorker.java:lambda$new$0(135)) - s2@group-1D19F5312903-SegmentedRaftLogWorker: flushIndex: setUnconditionally 0 -> -1
2022-07-23 19:35:38,286 [s2-impl-thread1] INFO  segmented.SegmentedRaftLogWorker (SegmentedRaftLogWorker.java:lambda$new$0(135)) - s2@group-1D19F5312903-SegmentedRaftLogWorker: safeCacheEvictIndex: setUnconditionally 0 -> -1
2022-07-23 19:35:38,287 [s2-impl-thread1] INFO  server.RaftServer$Division (RaftServerImpl.java:start(314)) - s2@group-1D19F5312903: start as a follower, conf=-1: peers:[s0|rpc:localhost:33053|admin:localhost:34833|client:localhost:45065|dataStream:localhost:40973|priority:0|startupRole:FOLLOWER, s1|rpc:localhost:37337|admin:localhost:46639|client:localhost:33239|dataStream:localhost:44379|priority:0|startupRole:FOLLOWER, s2|rpc:localhost:36285|admin:localhost:33785|client:localhost:35753|dataStream:localhost:36721|priority:0|startupRole:FOLLOWER]|listeners:[], old=null
2022-07-23 19:35:38,287 [s2-impl-thread1] INFO  server.RaftServer$Division (RaftServerImpl.java:setRole(301)) - s2@group-1D19F5312903: changes role from      null to FOLLOWER at term 0 for startAsFollower
2022-07-23 19:35:38,287 [s2-impl-thread1] INFO  impl.RoleInfo (RoleInfo.java:updateAndGet(139)) - s2: start s2@group-1D19F5312903-FollowerState
2022-07-23 19:35:38,291 [s2-impl-thread1] INFO  util.JmxRegister (JmxRegister.java:tryRegister(44)) - Successfully registered JMX Bean with object name Ratis:service=RaftServer,group=group-1D19F5312903,id=s2
2022-07-23 19:35:38,291 [s2-impl-thread1] INFO  server.RaftServerConfigKeys (ConfUtils.java:logGet(46)) - raft.server.snapshot.auto.trigger.enabled = false (default)
2022-07-23 19:35:38,291 [s2-impl-thread1] INFO  server.RaftServerConfigKeys (ConfUtils.java:logGet(46)) - raft.server.snapshot.retention.file.num = -1 (default)
2022-07-23 19:35:38,291 [s2-impl-thread1] INFO  server.RaftServerConfigKeys (ConfUtils.java:logGet(46)) - raft.server.log.purge.upto.snapshot.index = false (default)
2022-07-23 19:35:38,291 [Time-limited test] INFO  server.RaftServer (RaftServerProxy.java:startImpl(385)) - s2: start RPC server
2022-07-23 19:35:38,292 [Time-limited test] INFO  server.GrpcService (GrpcService.java:startImpl(262)) - s2: GrpcService started, listening on 35753
2022-07-23 19:35:38,292 [Time-limited test] INFO  server.GrpcService (GrpcService.java:startImpl(262)) - s2: GrpcService started, listening on 36285
2022-07-23 19:35:38,292 [Time-limited test] INFO  server.GrpcService (GrpcService.java:startImpl(262)) - s2: GrpcService started, listening on 33785
2022-07-23 19:35:38,292 [Time-limited test] INFO  server.RaftServerConfigKeys (ConfUtils.java:logGet(46)) - raft.server.rpc.timeout.max = 300ms (default)
2022-07-23 19:35:38,293 [Time-limited test] INFO  ratis.RaftTestUtil (RaftTestUtil.java:waitForLeader(100)) - printing ALL groups
  s0:  RUNNING  FOLLOWER s0@group-1D19F5312903:t0, leader=null, voted=, raftlog=Memoized:s0@group-1D19F5312903-SegmentedRaftLog:OPENED:c-1, conf=-1: peers:[s0|rpc:localhost:33053|admin:localhost:34833|client:localhost:45065|dataStream:localhost:40973|priority:0|startupRole:FOLLOWER, s1|rpc:localhost:37337|admin:localhost:46639|client:localhost:33239|dataStream:localhost:44379|priority:0|startupRole:FOLLOWER, s2|rpc:localhost:36285|admin:localhost:33785|client:localhost:35753|dataStream:localhost:36721|priority:0|startupRole:FOLLOWER]|listeners:[], old=null RUNNING
  s1:  RUNNING  FOLLOWER s1@group-1D19F5312903:t0, leader=null, voted=, raftlog=Memoized:s1@group-1D19F5312903-SegmentedRaftLog:OPENED:c-1, conf=-1: peers:[s0|rpc:localhost:33053|admin:localhost:34833|client:localhost:45065|dataStream:localhost:40973|priority:0|startupRole:FOLLOWER, s1|rpc:localhost:37337|admin:localhost:46639|client:localhost:33239|dataStream:localhost:44379|priority:0|startupRole:FOLLOWER, s2|rpc:localhost:36285|admin:localhost:33785|client:localhost:35753|dataStream:localhost:36721|priority:0|startupRole:FOLLOWER]|listeners:[], old=null RUNNING
  s2:  RUNNING  FOLLOWER s2@group-1D19F5312903:t0, leader=null, voted=, raftlog=Memoized:s2@group-1D19F5312903-SegmentedRaftLog:OPENED:c-1, conf=-1: peers:[s0|rpc:localhost:33053|admin:localhost:34833|client:localhost:45065|dataStream:localhost:40973|priority:0|startupRole:FOLLOWER, s1|rpc:localhost:37337|admin:localhost:46639|client:localhost:33239|dataStream:localhost:44379|priority:0|startupRole:FOLLOWER, s2|rpc:localhost:36285|admin:localhost:33785|client:localhost:35753|dataStream:localhost:36721|priority:0|startupRole:FOLLOWER]|listeners:[], old=null RUNNING
2022-07-23 19:35:38,293 [Time-limited test] WARN  ratis.RaftTestUtil (JavaUtils.java:attempt(172)) - FAILED "waitForLeader-null-(expectLeader? true)", attempt #1/100: java.lang.IllegalStateException: No leader yet : printing ALL groups
  s0:  RUNNING  FOLLOWER s0@group-1D19F5312903:t0, leader=null, voted=, raftlog=Memoized:s0@group-1D19F5312903-SegmentedRaftLog:OPENED:c-1, conf=-1: peers:[s0|rpc:localhost:33053|admin:localhost:34833|client:localhost:45065|dataStream:localhost:40973|priority:0|startupRole:FOLLOWER, s1|rpc:localhost:37337|admin:localhost:46639|client:localhost:33239|dataStream:localhost:44379|priority:0|startupRole:FOLLOWER, s2|rpc:localhost:36285|admin:localhost:33785|client:localhost:35753|dataStream:localhost:36721|priority:0|startupRole:FOLLOWER]|listeners:[], old=null RUNNING
  s1:  RUNNING  FOLLOWER s1@group-1D19F5312903:t0, leader=null, voted=, raftlog=Memoized:s1@group-1D19F5312903-SegmentedRaftLog:OPENED:c-1, conf=-1: peers:[s0|rpc:localhost:33053|admin:localhost:34833|client:localhost:45065|dataStream:localhost:40973|priority:0|startupRole:FOLLOWER, s1|rpc:localhost:37337|admin:localhost:46639|client:localhost:33239|dataStream:localhost:44379|priority:0|startupRole:FOLLOWER, s2|rpc:localhost:36285|admin:localhost:33785|client:localhost:35753|dataStream:localhost:36721|priority:0|startupRole:FOLLOWER]|listeners:[], old=null RUNNING
  s2:  RUNNING  FOLLOWER s2@group-1D19F5312903:t0, leader=null, voted=, raftlog=Memoized:s2@group-1D19F5312903-SegmentedRaftLog:OPENED:c-1, conf=-1: peers:[s0|rpc:localhost:33053|admin:localhost:34833|client:localhost:45065|dataStream:localhost:40973|priority:0|startupRole:FOLLOWER, s1|rpc:localhost:37337|admin:localhost:46639|client:localhost:33239|dataStream:localhost:44379|priority:0|startupRole:FOLLOWER, s2|rpc:localhost:36285|admin:localhost:33785|client:localhost:35753|dataStream:localhost:36721|priority:0|startupRole:FOLLOWER]|listeners:[], old=null RUNNING, sleep 450ms and then retry.
java.lang.IllegalStateException: No leader yet : printing ALL groups
  s0:  RUNNING  FOLLOWER s0@group-1D19F5312903:t0, leader=null, voted=, raftlog=Memoized:s0@group-1D19F5312903-SegmentedRaftLog:OPENED:c-1, conf=-1: peers:[s0|rpc:localhost:33053|admin:localhost:34833|client:localhost:45065|dataStream:localhost:40973|priority:0|startupRole:FOLLOWER, s1|rpc:localhost:37337|admin:localhost:46639|client:localhost:33239|dataStream:localhost:44379|priority:0|startupRole:FOLLOWER, s2|rpc:localhost:36285|admin:localhost:33785|client:localhost:35753|dataStream:localhost:36721|priority:0|startupRole:FOLLOWER]|listeners:[], old=null RUNNING
  s1:  RUNNING  FOLLOWER s1@group-1D19F5312903:t0, leader=null, voted=, raftlog=Memoized:s1@group-1D19F5312903-SegmentedRaftLog:OPENED:c-1, conf=-1: peers:[s0|rpc:localhost:33053|admin:localhost:34833|client:localhost:45065|dataStream:localhost:40973|priority:0|startupRole:FOLLOWER, s1|rpc:localhost:37337|admin:localhost:46639|client:localhost:33239|dataStream:localhost:44379|priority:0|startupRole:FOLLOWER, s2|rpc:localhost:36285|admin:localhost:33785|client:localhost:35753|dataStream:localhost:36721|priority:0|startupRole:FOLLOWER]|listeners:[], old=null RUNNING
  s2:  RUNNING  FOLLOWER s2@group-1D19F5312903:t0, leader=null, voted=, raftlog=Memoized:s2@group-1D19F5312903-SegmentedRaftLog:OPENED:c-1, conf=-1: peers:[s0|rpc:localhost:33053|admin:localhost:34833|client:localhost:45065|dataStream:localhost:40973|priority:0|startupRole:FOLLOWER, s1|rpc:localhost:37337|admin:localhost:46639|client:localhost:33239|dataStream:localhost:44379|priority:0|startupRole:FOLLOWER, s2|rpc:localhost:36285|admin:localhost:33785|client:localhost:35753|dataStream:localhost:36721|priority:0|startupRole:FOLLOWER]|listeners:[], old=null RUNNING
	at org.apache.ratis.server.impl.MiniRaftCluster.newIllegalStateExceptionForNoLeaders(MiniRaftCluster.java:534)
	at org.apache.ratis.RaftTestUtil.lambda$waitForLeader$1(RaftTestUtil.java:104)
	at org.apache.ratis.server.impl.MiniRaftCluster.getLeader(MiniRaftCluster.java:568)
	at org.apache.ratis.server.impl.MiniRaftCluster.getLeader(MiniRaftCluster.java:561)
	at org.apache.ratis.RaftTestUtil.lambda$waitForLeader$3(RaftTestUtil.java:112)
	at org.apache.ratis.util.JavaUtils.attempt(JavaUtils.java:166)
	at org.apache.ratis.util.JavaUtils.attemptRepeatedly(JavaUtils.java:152)
	at org.apache.ratis.RaftTestUtil.waitForLeader(RaftTestUtil.java:111)
	at org.apache.ratis.RaftTestUtil.waitForLeader(RaftTestUtil.java:92)
	at org.apache.ratis.RaftTestUtil.waitForLeader(RaftTestUtil.java:87)
	at org.apache.ratis.RaftBasicTests.runTestBasicAppendEntries(RaftBasicTests.java:123)
	at org.apache.ratis.RaftAsyncTests.lambda$runTestBasicAppendEntriesAsync$5(RaftAsyncTests.java:258)
	at org.apache.ratis.server.impl.MiniRaftCluster$Factory$Get.runWithNewCluster(MiniRaftCluster.java:125)
	at org.apache.ratis.server.impl.MiniRaftCluster$Factory$Get.runWithNewCluster(MiniRaftCluster.java:113)
	at org.apache.ratis.RaftAsyncTests.runTestBasicAppendEntriesAsync(RaftAsyncTests.java:257)
	at org.apache.ratis.RaftAsyncTests.testBasicAppendEntriesAsync(RaftAsyncTests.java:263)
	at sun.reflect.NativeMethodAccessorImpl.invoke0(Native Method)
	at sun.reflect.NativeMethodAccessorImpl.invoke(NativeMethodAccessorImpl.java:62)
	at sun.reflect.DelegatingMethodAccessorImpl.invoke(DelegatingMethodAccessorImpl.java:43)
	at java.lang.reflect.Method.invoke(Method.java:498)
	at org.junit.runners.model.FrameworkMethod$1.runReflectiveCall(FrameworkMethod.java:59)
	at org.junit.internal.runners.model.ReflectiveCallable.run(ReflectiveCallable.java:12)
	at org.junit.runners.model.FrameworkMethod.invokeExplosively(FrameworkMethod.java:56)
	at org.junit.internal.runners.statements.InvokeMethod.evaluate(InvokeMethod.java:17)
	at org.junit.internal.runners.statements.RunAfters.evaluate(RunAfters.java:27)
	at org.junit.internal.runners.statements.FailOnTimeout$CallableStatement.call(FailOnTimeout.java:299)
	at org.junit.internal.runners.statements.FailOnTimeout$CallableStatement.call(FailOnTimeout.java:293)
	at java.util.concurrent.FutureTask.run(FutureTask.java:266)
	at java.lang.Thread.run(Thread.java:750)
2022-07-23 19:35:38,293 [org.apache.ratis.util.JvmPauseMonitor$$Lambda$313/980778071@69575291] INFO  util.JvmPauseMonitor (JvmPauseMonitor.java:run(103)) - JvmPauseMonitor-s2: Started
2022-07-23 19:35:38,482 [s1@group-1D19F5312903-FollowerState] INFO  impl.FollowerState (FollowerState.java:run(143)) - s1@group-1D19F5312903-FollowerState: change to CANDIDATE, lastRpcElapsedTime:216689468ns, electionTimeout:215ms
2022-07-23 19:35:38,483 [s1@group-1D19F5312903-FollowerState] INFO  impl.RoleInfo (RoleInfo.java:shutdownFollowerState(110)) - s1: shutdown s1@group-1D19F5312903-FollowerState
2022-07-23 19:35:38,483 [s1@group-1D19F5312903-FollowerState] INFO  server.RaftServer$Division (RaftServerImpl.java:setRole(301)) - s1@group-1D19F5312903: changes role from  FOLLOWER to CANDIDATE at term 0 for changeToCandidate
2022-07-23 19:35:38,483 [s1@group-1D19F5312903-FollowerState] INFO  server.RaftServerConfigKeys (ConfUtils.java:logGet(46)) - raft.server.leaderelection.pre-vote = true (default)
2022-07-23 19:35:38,483 [s1@group-1D19F5312903-FollowerState] INFO  impl.RoleInfo (RoleInfo.java:updateAndGet(139)) - s1: start s1@group-1D19F5312903-LeaderElection28
2022-07-23 19:35:38,487 [s1@group-1D19F5312903-LeaderElection28] INFO  impl.LeaderElection (LeaderElection.java:askForVotes(310)) - s1@group-1D19F5312903-LeaderElection28 PRE_VOTE round 0: submit vote requests at term 0 for -1: peers:[s0|rpc:localhost:33053|admin:localhost:34833|client:localhost:45065|dataStream:localhost:40973|priority:0|startupRole:FOLLOWER, s1|rpc:localhost:37337|admin:localhost:46639|client:localhost:33239|dataStream:localhost:44379|priority:0|startupRole:FOLLOWER, s2|rpc:localhost:36285|admin:localhost:33785|client:localhost:35753|dataStream:localhost:36721|priority:0|startupRole:FOLLOWER]|listeners:[], old=null
2022-07-23 19:35:38,488 [s1@group-1D19F5312903-LeaderElection28-1] INFO  server.GrpcServerProtocolClient (GrpcServerProtocolClient.java:<init>(63)) - Build channel for s0
2022-07-23 19:35:38,492 [grpc-default-executor-12] INFO  server.RaftServer$Division (RaftServerImpl.java:requestVote(1198)) - s0@group-1D19F5312903: receive requestVote(PRE_VOTE, s1, group-1D19F5312903, 0, (t:0, i:0))
2022-07-23 19:35:38,493 [grpc-default-executor-12] INFO  impl.VoteContext (VoteContext.java:log(48)) - s0@group-1D19F5312903-FOLLOWER: accept PRE_VOTE from s1: our priority 0 <= candidate's priority 0
2022-07-23 19:35:38,493 [grpc-default-executor-12] INFO  server.RaftServer$Division (RaftServerImpl.java:requestVote(1231)) - s0@group-1D19F5312903 replies to PRE_VOTE vote request: s1<-s0#0:OK-t0. Peer's state: s0@group-1D19F5312903:t0, leader=null, voted=, raftlog=Memoized:s0@group-1D19F5312903-SegmentedRaftLog:OPENED:c-1, conf=-1: peers:[s0|rpc:localhost:33053|admin:localhost:34833|client:localhost:45065|dataStream:localhost:40973|priority:0|startupRole:FOLLOWER, s1|rpc:localhost:37337|admin:localhost:46639|client:localhost:33239|dataStream:localhost:44379|priority:0|startupRole:FOLLOWER, s2|rpc:localhost:36285|admin:localhost:33785|client:localhost:35753|dataStream:localhost:36721|priority:0|startupRole:FOLLOWER]|listeners:[], old=null
2022-07-23 19:35:38,495 [s1@group-1D19F5312903-LeaderElection28-2] INFO  server.GrpcServerProtocolClient (GrpcServerProtocolClient.java:<init>(63)) - Build channel for s2
2022-07-23 19:35:38,498 [grpc-default-executor-12] INFO  server.RaftServer$Division (RaftServerImpl.java:requestVote(1198)) - s2@group-1D19F5312903: receive requestVote(PRE_VOTE, s1, group-1D19F5312903, 0, (t:0, i:0))
2022-07-23 19:35:38,498 [grpc-default-executor-12] INFO  impl.VoteContext (VoteContext.java:log(48)) - s2@group-1D19F5312903-FOLLOWER: accept PRE_VOTE from s1: our priority 0 <= candidate's priority 0
2022-07-23 19:35:38,498 [grpc-default-executor-12] INFO  server.RaftServer$Division (RaftServerImpl.java:requestVote(1231)) - s2@group-1D19F5312903 replies to PRE_VOTE vote request: s1<-s2#0:OK-t0. Peer's state: s2@group-1D19F5312903:t0, leader=null, voted=, raftlog=Memoized:s2@group-1D19F5312903-SegmentedRaftLog:OPENED:c-1, conf=-1: peers:[s0|rpc:localhost:33053|admin:localhost:34833|client:localhost:45065|dataStream:localhost:40973|priority:0|startupRole:FOLLOWER, s1|rpc:localhost:37337|admin:localhost:46639|client:localhost:33239|dataStream:localhost:44379|priority:0|startupRole:FOLLOWER, s2|rpc:localhost:36285|admin:localhost:33785|client:localhost:35753|dataStream:localhost:36721|priority:0|startupRole:FOLLOWER]|listeners:[], old=null
2022-07-23 19:35:38,499 [s1@group-1D19F5312903-LeaderElection28] INFO  impl.LeaderElection (LeaderElection.java:logAndReturn(90)) - s1@group-1D19F5312903-LeaderElection28: PRE_VOTE PASSED received 1 response(s) and 0 exception(s):
2022-07-23 19:35:38,499 [s1@group-1D19F5312903-LeaderElection28] INFO  impl.LeaderElection (LeaderElection.java:logAndReturn(94)) -   Response 0: s1<-s2#0:OK-t0
2022-07-23 19:35:38,499 [s1@group-1D19F5312903-LeaderElection28] INFO  impl.LeaderElection (LeaderElection.java:askForVotes(312)) - s1@group-1D19F5312903-LeaderElection28 PRE_VOTE round 0: result PASSED
2022-07-23 19:35:38,501 [s1@group-1D19F5312903-LeaderElection28] INFO  impl.LeaderElection (LeaderElection.java:askForVotes(310)) - s1@group-1D19F5312903-LeaderElection28 ELECTION round 0: submit vote requests at term 1 for -1: peers:[s0|rpc:localhost:33053|admin:localhost:34833|client:localhost:45065|dataStream:localhost:40973|priority:0|startupRole:FOLLOWER, s1|rpc:localhost:37337|admin:localhost:46639|client:localhost:33239|dataStream:localhost:44379|priority:0|startupRole:FOLLOWER, s2|rpc:localhost:36285|admin:localhost:33785|client:localhost:35753|dataStream:localhost:36721|priority:0|startupRole:FOLLOWER]|listeners:[], old=null
2022-07-23 19:35:38,503 [grpc-default-executor-12] INFO  server.RaftServer$Division (RaftServerImpl.java:requestVote(1198)) - s0@group-1D19F5312903: receive requestVote(ELECTION, s1, group-1D19F5312903, 1, (t:0, i:0))
2022-07-23 19:35:38,503 [grpc-default-executor-12] INFO  impl.VoteContext (VoteContext.java:log(48)) - s0@group-1D19F5312903-FOLLOWER: accept ELECTION from s1: our priority 0 <= candidate's priority 0
2022-07-23 19:35:38,504 [grpc-default-executor-12] INFO  server.RaftServer$Division (RaftServerImpl.java:setRole(301)) - s0@group-1D19F5312903: changes role from  FOLLOWER to FOLLOWER at term 1 for candidate:s1
2022-07-23 19:35:38,504 [grpc-default-executor-12] INFO  impl.RoleInfo (RoleInfo.java:shutdownFollowerState(110)) - s0: shutdown s0@group-1D19F5312903-FollowerState
2022-07-23 19:35:38,504 [grpc-default-executor-12] INFO  impl.RoleInfo (RoleInfo.java:updateAndGet(139)) - s0: start s0@group-1D19F5312903-FollowerState
2022-07-23 19:35:38,504 [s0@group-1D19F5312903-FollowerState] INFO  impl.FollowerState (FollowerState.java:run(152)) - s0@group-1D19F5312903-FollowerState was interrupted
2022-07-23 19:35:38,505 [grpc-default-executor-2] INFO  server.RaftServer$Division (RaftServerImpl.java:requestVote(1198)) - s2@group-1D19F5312903: receive requestVote(ELECTION, s1, group-1D19F5312903, 1, (t:0, i:0))
2022-07-23 19:35:38,511 [grpc-default-executor-2] INFO  impl.VoteContext (VoteContext.java:log(48)) - s2@group-1D19F5312903-FOLLOWER: accept ELECTION from s1: our priority 0 <= candidate's priority 0
2022-07-23 19:35:38,511 [grpc-default-executor-2] INFO  server.RaftServer$Division (RaftServerImpl.java:setRole(301)) - s2@group-1D19F5312903: changes role from  FOLLOWER to FOLLOWER at term 1 for candidate:s1
2022-07-23 19:35:38,511 [grpc-default-executor-2] INFO  impl.RoleInfo (RoleInfo.java:shutdownFollowerState(110)) - s2: shutdown s2@group-1D19F5312903-FollowerState
2022-07-23 19:35:38,511 [grpc-default-executor-2] INFO  impl.RoleInfo (RoleInfo.java:updateAndGet(139)) - s2: start s2@group-1D19F5312903-FollowerState
2022-07-23 19:35:38,511 [s2@group-1D19F5312903-FollowerState] INFO  impl.FollowerState (FollowerState.java:run(152)) - s2@group-1D19F5312903-FollowerState was interrupted
2022-07-23 19:35:38,512 [grpc-default-executor-12] INFO  server.RaftServer$Division (RaftServerImpl.java:requestVote(1231)) - s0@group-1D19F5312903 replies to ELECTION vote request: s1<-s0#0:OK-t1. Peer's state: s0@group-1D19F5312903:t1, leader=null, voted=s1, raftlog=Memoized:s0@group-1D19F5312903-SegmentedRaftLog:OPENED:c-1, conf=-1: peers:[s0|rpc:localhost:33053|admin:localhost:34833|client:localhost:45065|dataStream:localhost:40973|priority:0|startupRole:FOLLOWER, s1|rpc:localhost:37337|admin:localhost:46639|client:localhost:33239|dataStream:localhost:44379|priority:0|startupRole:FOLLOWER, s2|rpc:localhost:36285|admin:localhost:33785|client:localhost:35753|dataStream:localhost:36721|priority:0|startupRole:FOLLOWER]|listeners:[], old=null
2022-07-23 19:35:38,513 [grpc-default-executor-2] INFO  server.RaftServer$Division (RaftServerImpl.java:requestVote(1231)) - s2@group-1D19F5312903 replies to ELECTION vote request: s1<-s2#0:OK-t1. Peer's state: s2@group-1D19F5312903:t1, leader=null, voted=s1, raftlog=Memoized:s2@group-1D19F5312903-SegmentedRaftLog:OPENED:c-1, conf=-1: peers:[s0|rpc:localhost:33053|admin:localhost:34833|client:localhost:45065|dataStream:localhost:40973|priority:0|startupRole:FOLLOWER, s1|rpc:localhost:37337|admin:localhost:46639|client:localhost:33239|dataStream:localhost:44379|priority:0|startupRole:FOLLOWER, s2|rpc:localhost:36285|admin:localhost:33785|client:localhost:35753|dataStream:localhost:36721|priority:0|startupRole:FOLLOWER]|listeners:[], old=null
2022-07-23 19:35:38,514 [s1@group-1D19F5312903-LeaderElection28] INFO  impl.LeaderElection (LeaderElection.java:logAndReturn(90)) - s1@group-1D19F5312903-LeaderElection28: ELECTION PASSED received 1 response(s) and 0 exception(s):
2022-07-23 19:35:38,514 [s1@group-1D19F5312903-LeaderElection28] INFO  impl.LeaderElection (LeaderElection.java:logAndReturn(94)) -   Response 0: s1<-s0#0:OK-t1
2022-07-23 19:35:38,514 [s1@group-1D19F5312903-LeaderElection28] INFO  impl.LeaderElection (LeaderElection.java:askForVotes(312)) - s1@group-1D19F5312903-LeaderElection28 ELECTION round 0: result PASSED
2022-07-23 19:35:38,515 [s1@group-1D19F5312903-LeaderElection28] INFO  impl.RoleInfo (RoleInfo.java:shutdownLeaderElection(130)) - s1: shutdown s1@group-1D19F5312903-LeaderElection28
2022-07-23 19:35:38,515 [s1@group-1D19F5312903-LeaderElection28] INFO  server.RaftServer$Division (RaftServerImpl.java:setRole(301)) - s1@group-1D19F5312903: changes role from CANDIDATE to LEADER at term 1 for changeToLeader
2022-07-23 19:35:38,515 [s1@group-1D19F5312903-LeaderElection28] INFO  server.RaftServer$Division (ServerState.java:setLeader(313)) - s1@group-1D19F5312903: change Leader from null to s1 at term 1 for becomeLeader, leader elected after 253ms
2022-07-23 19:35:38,515 [s1@group-1D19F5312903-LeaderElection28] INFO  server.RaftServerConfigKeys (ConfUtils.java:logGet(46)) - raft.server.staging.catchup.gap = 1000 (default)
2022-07-23 19:35:38,515 [s1@group-1D19F5312903-LeaderElection28] INFO  server.RaftServerConfigKeys (ConfUtils.java:logGet(46)) - raft.server.write.element-limit = 4096 (default)
2022-07-23 19:35:38,515 [s1@group-1D19F5312903-LeaderElection28] INFO  server.RaftServerConfigKeys (ConfUtils.java:logGet(46)) - raft.server.write.byte-limit = 64MB (=67108864) (default)
2022-07-23 19:35:38,515 [s1@group-1D19F5312903-LeaderElection28] INFO  server.RaftServerConfigKeys (ConfUtils.java:logGet(46)) - raft.server.watch.timeout = 10s (default)
2022-07-23 19:35:38,515 [s1@group-1D19F5312903-LeaderElection28] INFO  server.RaftServerConfigKeys (ConfUtils.java:logGet(46)) - raft.server.watch.timeout.denomination = 1s (default)
2022-07-23 19:35:38,515 [s1@group-1D19F5312903-LeaderElection28] INFO  server.RaftServerConfigKeys (ConfUtils.java:logGet(46)) - raft.server.watch.element-limit = 65536 (default)
2022-07-23 19:35:38,515 [s1@group-1D19F5312903-LeaderElection28] INFO  server.RaftServerConfigKeys (ConfUtils.java:logGet(46)) - raft.server.write.element-limit = 4096 (default)
2022-07-23 19:35:38,515 [s1@group-1D19F5312903-LeaderElection28] INFO  server.RaftServerConfigKeys (ConfUtils.java:logGet(46)) - raft.server.write.follower.gap.ratio.max = -1.0 (default)
2022-07-23 19:35:38,515 [s1@group-1D19F5312903-LeaderElection28] INFO  server.RaftServerConfigKeys (ConfUtils.java:logGet(46)) - raft.server.log.appender.snapshot.chunk.size.max = 16MB (=16777216) (default)
2022-07-23 19:35:38,515 [s1@group-1D19F5312903-LeaderElection28] INFO  server.RaftServerConfigKeys (ConfUtils.java:logGet(46)) - raft.server.log.appender.buffer.byte-limit = 4MB (=4194304) (default)
2022-07-23 19:35:38,515 [s1@group-1D19F5312903-LeaderElection28] INFO  server.RaftServerConfigKeys (ConfUtils.java:logGet(46)) - raft.server.log.appender.buffer.element-limit = 0 (default)
2022-07-23 19:35:38,516 [s1@group-1D19F5312903-LeaderElection28] INFO  grpc.GrpcConfigKeys (ConfUtils.java:logGet(46)) - raft.grpc.server.leader.outstanding.appends.max = 128 (default)
2022-07-23 19:35:38,516 [s1@group-1D19F5312903-LeaderElection28] INFO  server.RaftServerConfigKeys (ConfUtils.java:logGet(46)) - raft.server.rpc.request.timeout = 3000ms (default)
2022-07-23 19:35:38,516 [s1@group-1D19F5312903-LeaderElection28] INFO  server.RaftServerConfigKeys (ConfUtils.java:logGet(46)) - raft.server.log.appender.install.snapshot.enabled = true (default)
2022-07-23 19:35:38,516 [s1@group-1D19F5312903-LeaderElection28] INFO  grpc.GrpcConfigKeys (ConfUtils.java:logGet(46)) - raft.grpc.server.heartbeat.channel = true (default)
2022-07-23 19:35:38,516 [s1@group-1D19F5312903-LeaderElection28] INFO  server.RaftServerConfigKeys (ConfUtils.java:logGet(46)) - raft.server.log.appender.snapshot.chunk.size.max = 16MB (=16777216) (default)
2022-07-23 19:35:38,516 [s1@group-1D19F5312903-LeaderElection28] INFO  server.RaftServerConfigKeys (ConfUtils.java:logGet(46)) - raft.server.log.appender.buffer.byte-limit = 4MB (=4194304) (default)
2022-07-23 19:35:38,516 [s1@group-1D19F5312903-LeaderElection28] INFO  server.RaftServerConfigKeys (ConfUtils.java:logGet(46)) - raft.server.log.appender.buffer.element-limit = 0 (default)
2022-07-23 19:35:38,516 [s1@group-1D19F5312903-LeaderElection28] INFO  grpc.GrpcConfigKeys (ConfUtils.java:logGet(46)) - raft.grpc.server.leader.outstanding.appends.max = 128 (default)
2022-07-23 19:35:38,516 [s1@group-1D19F5312903-LeaderElection28] INFO  server.RaftServerConfigKeys (ConfUtils.java:logGet(46)) - raft.server.rpc.request.timeout = 3000ms (default)
2022-07-23 19:35:38,516 [s1@group-1D19F5312903-LeaderElection28] INFO  server.RaftServerConfigKeys (ConfUtils.java:logGet(46)) - raft.server.log.appender.install.snapshot.enabled = true (default)
2022-07-23 19:35:38,516 [s1@group-1D19F5312903-LeaderElection28] INFO  grpc.GrpcConfigKeys (ConfUtils.java:logGet(46)) - raft.grpc.server.heartbeat.channel = true (default)
2022-07-23 19:35:38,516 [s1@group-1D19F5312903-LeaderElection28] INFO  impl.RoleInfo (RoleInfo.java:updateAndGet(139)) - s1: start s1@group-1D19F5312903-LeaderStateImpl
2022-07-23 19:35:38,516 [s1@group-1D19F5312903-LeaderElection28] INFO  segmented.SegmentedRaftLogWorker (SegmentedRaftLogWorker.java:startLogSegment(425)) - s1@group-1D19F5312903-SegmentedRaftLogWorker: Starting segment from index:0
2022-07-23 19:35:38,532 [s1@group-1D19F5312903-LeaderElection28] INFO  server.RaftServer$Division (ServerState.java:setRaftConf(429)) - s1@group-1D19F5312903: set configuration 0: peers:[s0|rpc:localhost:33053|admin:localhost:34833|client:localhost:45065|dataStream:localhost:40973|priority:0|startupRole:FOLLOWER, s1|rpc:localhost:37337|admin:localhost:46639|client:localhost:33239|dataStream:localhost:44379|priority:0|startupRole:FOLLOWER, s2|rpc:localhost:36285|admin:localhost:33785|client:localhost:35753|dataStream:localhost:36721|priority:0|startupRole:FOLLOWER]|listeners:[], old=null
2022-07-23 19:35:38,532 [s1@group-1D19F5312903-SegmentedRaftLogWorker] INFO  segmented.SegmentedRaftLogWorker (SegmentedRaftLogWorker.java:execute(629)) - s1@group-1D19F5312903-SegmentedRaftLogWorker: created new log segment /home/runner/work/ratis/ratis/ratis-test/target/test/data/11cf776f/MiniRaftClusterWithGrpc8f6a6033/s1/2ebaa244-3f62-406e-9cdd-1d19f5312903/current/log_inprogress_0
2022-07-23 19:35:38,551 [s2-server-thread1] DEBUG server.RaftServer$Division (RaftServerImpl.java:logAppendEntries(1305)) - s2@group-1D19F5312903: receive appendEntries(s1, 1, null, -1, true, commits:[s1:c-1, s0:c-1, s2:c-1], cId:1, entries: (t:1, i:0), CONFIGURATIONENTRY(current:id: "s0"
address: "localhost:33053"
dataStreamAddress: "localhost:40973"
clientAddress: "localhost:45065"
adminAddress: "localhost:34833"
startupRole: FOLLOWER
,id: "s1"
address: "localhost:37337"
dataStreamAddress: "localhost:44379"
clientAddress: "localhost:33239"
adminAddress: "localhost:46639"
startupRole: FOLLOWER
,id: "s2"
address: "localhost:36285"
dataStreamAddress: "localhost:36721"
clientAddress: "localhost:35753"
adminAddress: "localhost:33785"
startupRole: FOLLOWER
, old:)
2022-07-23 19:35:38,551 [s2-server-thread1] INFO  server.RaftServer$Division (ServerState.java:setLeader(313)) - s2@group-1D19F5312903: change Leader from null to s1 at term 1 for appendEntries, leader elected after 267ms
2022-07-23 19:35:38,551 [s2-server-thread1] INFO  server.RaftServer$Division (ServerState.java:setRaftConf(429)) - s2@group-1D19F5312903: set configuration 0: peers:[s0|rpc:localhost:33053|admin:localhost:34833|client:localhost:45065|dataStream:localhost:40973|priority:0|startupRole:FOLLOWER, s1|rpc:localhost:37337|admin:localhost:46639|client:localhost:33239|dataStream:localhost:44379|priority:0|startupRole:FOLLOWER, s2|rpc:localhost:36285|admin:localhost:33785|client:localhost:35753|dataStream:localhost:36721|priority:0|startupRole:FOLLOWER]|listeners:[], old=null
2022-07-23 19:35:38,552 [s2-server-thread1] INFO  segmented.SegmentedRaftLogWorker (SegmentedRaftLogWorker.java:startLogSegment(425)) - s2@group-1D19F5312903-SegmentedRaftLogWorker: Starting segment from index:0
2022-07-23 19:35:38,571 [s0-server-thread2] INFO  server.RaftServer$Division (ServerState.java:setLeader(313)) - s0@group-1D19F5312903: change Leader from null to s1 at term 1 for appendEntries, leader elected after 346ms
2022-07-23 19:35:38,573 [s0-server-thread1] DEBUG server.RaftServer$Division (RaftServerImpl.java:logAppendEntries(1305)) - s0@group-1D19F5312903: receive appendEntries(s1, 1, null, -1, true, commits:[s1:c-1, s0:c-1, s2:c-1], cId:1, entries: (t:1, i:0), CONFIGURATIONENTRY(current:id: "s0"
address: "localhost:33053"
dataStreamAddress: "localhost:40973"
clientAddress: "localhost:45065"
adminAddress: "localhost:34833"
startupRole: FOLLOWER
,id: "s1"
address: "localhost:37337"
dataStreamAddress: "localhost:44379"
clientAddress: "localhost:33239"
adminAddress: "localhost:46639"
startupRole: FOLLOWER
,id: "s2"
address: "localhost:36285"
dataStreamAddress: "localhost:36721"
clientAddress: "localhost:35753"
adminAddress: "localhost:33785"
startupRole: FOLLOWER
, old:)
2022-07-23 19:35:38,573 [s0-server-thread1] INFO  server.RaftServer$Division (ServerState.java:setRaftConf(429)) - s0@group-1D19F5312903: set configuration 0: peers:[s0|rpc:localhost:33053|admin:localhost:34833|client:localhost:45065|dataStream:localhost:40973|priority:0|startupRole:FOLLOWER, s1|rpc:localhost:37337|admin:localhost:46639|client:localhost:33239|dataStream:localhost:44379|priority:0|startupRole:FOLLOWER, s2|rpc:localhost:36285|admin:localhost:33785|client:localhost:35753|dataStream:localhost:36721|priority:0|startupRole:FOLLOWER]|listeners:[], old=null
2022-07-23 19:35:38,574 [s0-server-thread1] INFO  segmented.SegmentedRaftLogWorker (SegmentedRaftLogWorker.java:startLogSegment(425)) - s0@group-1D19F5312903-SegmentedRaftLogWorker: Starting segment from index:0
2022-07-23 19:35:38,584 [s2@group-1D19F5312903-SegmentedRaftLogWorker] INFO  segmented.SegmentedRaftLogWorker (SegmentedRaftLogWorker.java:execute(629)) - s2@group-1D19F5312903-SegmentedRaftLogWorker: created new log segment /home/runner/work/ratis/ratis/ratis-test/target/test/data/11cf776f/MiniRaftClusterWithGrpc8f6a6033/s2/2ebaa244-3f62-406e-9cdd-1d19f5312903/current/log_inprogress_0
2022-07-23 19:35:38,587 [Thread-9256] DEBUG server.RaftServer$Division (RaftServerImpl.java:logAppendEntries(1305)) - s2@group-1D19F5312903: succeeded to handle AppendEntries. Reply: s1<-s2#1:OK-t1,SUCCESS,nextIndex=1,followerCommit=-1,matchIndex=0
2022-07-23 19:35:38,588 [s0@group-1D19F5312903-SegmentedRaftLogWorker] INFO  segmented.SegmentedRaftLogWorker (SegmentedRaftLogWorker.java:execute(629)) - s0@group-1D19F5312903-SegmentedRaftLogWorker: created new log segment /home/runner/work/ratis/ratis/ratis-test/target/test/data/11cf776f/MiniRaftClusterWithGrpc8f6a6033/s0/2ebaa244-3f62-406e-9cdd-1d19f5312903/current/log_inprogress_0
2022-07-23 19:35:38,589 [Thread-9257] DEBUG server.RaftServer$Division (RaftServerImpl.java:logAppendEntries(1305)) - s0@group-1D19F5312903: succeeded to handle AppendEntries. Reply: s1<-s0#1:OK-t1,SUCCESS,nextIndex=1,followerCommit=-1,matchIndex=0
2022-07-23 19:35:38,743 [Time-limited test] INFO  ratis.RaftTestUtil (RaftTestUtil.java:waitForLeader(119)) - printing ALL groups
  s0:  RUNNING  FOLLOWER s0@group-1D19F5312903:t1, leader=s1, voted=s1, raftlog=Memoized:s0@group-1D19F5312903-SegmentedRaftLog:OPENED:c0, conf=0: peers:[s0|rpc:localhost:33053|admin:localhost:34833|client:localhost:45065|dataStream:localhost:40973|priority:0|startupRole:FOLLOWER, s1|rpc:localhost:37337|admin:localhost:46639|client:localhost:33239|dataStream:localhost:44379|priority:0|startupRole:FOLLOWER, s2|rpc:localhost:36285|admin:localhost:33785|client:localhost:35753|dataStream:localhost:36721|priority:0|startupRole:FOLLOWER]|listeners:[], old=null RUNNING
  s1:  RUNNING    LEADER s1@group-1D19F5312903:t1, leader=s1, voted=s1, raftlog=Memoized:s1@group-1D19F5312903-SegmentedRaftLog:OPENED:c0, conf=0: peers:[s0|rpc:localhost:33053|admin:localhost:34833|client:localhost:45065|dataStream:localhost:40973|priority:0|startupRole:FOLLOWER, s1|rpc:localhost:37337|admin:localhost:46639|client:localhost:33239|dataStream:localhost:44379|priority:0|startupRole:FOLLOWER, s2|rpc:localhost:36285|admin:localhost:33785|client:localhost:35753|dataStream:localhost:36721|priority:0|startupRole:FOLLOWER]|listeners:[], old=null RUNNING
  s2:  RUNNING  FOLLOWER s2@group-1D19F5312903:t1, leader=s1, voted=s1, raftlog=Memoized:s2@group-1D19F5312903-SegmentedRaftLog:OPENED:c0, conf=0: peers:[s0|rpc:localhost:33053|admin:localhost:34833|client:localhost:45065|dataStream:localhost:40973|priority:0|startupRole:FOLLOWER, s1|rpc:localhost:37337|admin:localhost:46639|client:localhost:33239|dataStream:localhost:44379|priority:0|startupRole:FOLLOWER, s2|rpc:localhost:36285|admin:localhost:33785|client:localhost:35753|dataStream:localhost:36721|priority:0|startupRole:FOLLOWER]|listeners:[], old=null RUNNING
2022-07-23 19:35:38,744 [Time-limited test] INFO  grpc.TestRaftAsyncWithGrpc (RaftBasicTests.java:runTestBasicAppendEntries(136)) - printing ALL groups
  s0:  RUNNING  FOLLOWER s0@group-1D19F5312903:t1, leader=s1, voted=s1, raftlog=Memoized:s0@group-1D19F5312903-SegmentedRaftLog:OPENED:c0, conf=0: peers:[s0|rpc:localhost:33053|admin:localhost:34833|client:localhost:45065|dataStream:localhost:40973|priority:0|startupRole:FOLLOWER, s1|rpc:localhost:37337|admin:localhost:46639|client:localhost:33239|dataStream:localhost:44379|priority:0|startupRole:FOLLOWER, s2|rpc:localhost:36285|admin:localhost:33785|client:localhost:35753|dataStream:localhost:36721|priority:0|startupRole:FOLLOWER]|listeners:[], old=null RUNNING
  s1:  RUNNING    LEADER s1@group-1D19F5312903:t1, leader=s1, voted=s1, raftlog=Memoized:s1@group-1D19F5312903-SegmentedRaftLog:OPENED:c0, conf=0: peers:[s0|rpc:localhost:33053|admin:localhost:34833|client:localhost:45065|dataStream:localhost:40973|priority:0|startupRole:FOLLOWER, s1|rpc:localhost:37337|admin:localhost:46639|client:localhost:33239|dataStream:localhost:44379|priority:0|startupRole:FOLLOWER, s2|rpc:localhost:36285|admin:localhost:33785|client:localhost:35753|dataStream:localhost:36721|priority:0|startupRole:FOLLOWER]|listeners:[], old=null RUNNING
  s2:  RUNNING  FOLLOWER s2@group-1D19F5312903:t1, leader=s1, voted=s1, raftlog=Memoized:s2@group-1D19F5312903-SegmentedRaftLog:OPENED:c0, conf=0: peers:[s0|rpc:localhost:33053|admin:localhost:34833|client:localhost:45065|dataStream:localhost:40973|priority:0|startupRole:FOLLOWER, s1|rpc:localhost:37337|admin:localhost:46639|client:localhost:33239|dataStream:localhost:44379|priority:0|startupRole:FOLLOWER, s2|rpc:localhost:36285|admin:localhost:33785|client:localhost:35753|dataStream:localhost:36721|priority:0|startupRole:FOLLOWER]|listeners:[], old=null RUNNING
2022-07-23 19:35:38,744 [Time-limited test] DEBUG client.RaftClient (ConfUtils.java:logGet(46)) - raft.rpc.type = GRPC (default)
2022-07-23 19:35:38,747 [Thread-9262] INFO  impl.MiniRaftCluster (MiniRaftCluster.java:killServer(486)) - killServer s0
2022-07-23 19:35:38,747 [Thread-9262] INFO  server.RaftServer (RaftServerProxy.java:lambda$close$6(401)) - s0: close
2022-07-23 19:35:38,747 [Thread-9262] INFO  server.RaftServer$Division (RaftServerImpl.java:lambda$close$4(438)) - s0@group-1D19F5312903: shutdown
2022-07-23 19:35:38,747 [Thread-9262] INFO  util.JmxRegister (JmxRegister.java:unregister(73)) - Successfully un-registered JMX Bean with object name Ratis:service=RaftServer,group=group-1D19F5312903,id=s0
2022-07-23 19:35:38,748 [Thread-9262] INFO  impl.RoleInfo (RoleInfo.java:shutdownFollowerState(110)) - s0: shutdown s0@group-1D19F5312903-FollowerState
2022-07-23 19:35:38,748 [Thread-9262] INFO  impl.StateMachineUpdater (StateMachineUpdater.java:stopAndJoin(153)) - s0@group-1D19F5312903-StateMachineUpdater: set stopIndex = 0
2022-07-23 19:35:38,748 [s0@group-1D19F5312903-FollowerState] INFO  impl.FollowerState (FollowerState.java:run(152)) - s0@group-1D19F5312903-FollowerState was interrupted
2022-07-23 19:35:38,748 [Thread-9262] INFO  server.RaftServer$Division (ServerState.java:close(465)) - s0@group-1D19F5312903: closes. applyIndex: 0
2022-07-23 19:35:38,748 [s0@group-1D19F5312903-SegmentedRaftLogWorker] INFO  segmented.SegmentedRaftLogWorker (SegmentedRaftLogWorker.java:run(336)) - s0@group-1D19F5312903-SegmentedRaftLogWorker was interrupted, exiting. There are 0 tasks remaining in the queue.
2022-07-23 19:35:38,750 [Thread-9262] INFO  segmented.SegmentedRaftLogWorker (SegmentedRaftLogWorker.java:close(246)) - s0@group-1D19F5312903-SegmentedRaftLogWorker close()
2022-07-23 19:35:38,759 [grpc-default-executor-3] DEBUG client.RaftClient (RaftClientImpl.java:handleIOException(366)) - client-62CCDED19661: suggested new leader: null. Failed RaftClientRequest:client-62CCDED19661->s0@group-1D19F5312903, cid=2752, seq=1*, Watch(0), null with {}
org.apache.ratis.protocol.exceptions.ServerNotReadyException: s0@group-1D19F5312903 is not in [RUNNING]: current state is CLOSING
	at org.apache.ratis.server.impl.RaftServerImpl.lambda$assertLifeCycleState$9(RaftServerImpl.java:713)
	at org.apache.ratis.util.LifeCycle.assertCurrentState(LifeCycle.java:253)
	at org.apache.ratis.server.impl.RaftServerImpl.assertLifeCycleState(RaftServerImpl.java:712)
	at org.apache.ratis.server.impl.RaftServerImpl.submitClientRequestAsync(RaftServerImpl.java:802)
	at org.apache.ratis.server.impl.RaftServerImpl.lambda$null$12(RaftServerImpl.java:795)
	at org.apache.ratis.util.JavaUtils.callAsUnchecked(JavaUtils.java:115)
	at org.apache.ratis.server.impl.RaftServerImpl.lambda$executeSubmitClientRequestAsync$13(RaftServerImpl.java:795)
	at java.util.concurrent.CompletableFuture$AsyncSupply.run(CompletableFuture.java:1604)
	at java.util.concurrent.ThreadPoolExecutor.runWorker(ThreadPoolExecutor.java:1149)
	at java.util.concurrent.ThreadPoolExecutor$Worker.run(ThreadPoolExecutor.java:624)
	at java.lang.Thread.run(Thread.java:750)
2022-07-23 19:35:38,759 [grpc-default-executor-3] DEBUG client.RaftClient (RaftClientImpl.java:handleIOException(385)) - client-62CCDED19661: oldLeader=s0,  curLeader=s0, newLeader=s1
2022-07-23 19:35:38,759 [grpc-default-executor-3] DEBUG client.RaftClient (RaftClientImpl.java:handleIOException(391)) - group-1D19F5312903 client-62CCDED19661: client change Leader from s0 to s1 ex=org.apache.ratis.protocol.exceptions.ServerNotReadyException
2022-07-23 19:35:38,764 [Thread-9262] INFO  server.GrpcService (GrpcService.java:closeImpl(271)) - s0: shutdown server org.apache.ratis.grpc.server.GrpcClientProtocolService now
2022-07-23 19:35:38,765 [Thread-9262] INFO  server.GrpcService (GrpcService.java:closeImpl(280)) - s0: shutdown server org.apache.ratis.grpc.server.GrpcClientProtocolService successfully
2022-07-23 19:35:38,765 [Thread-9262] INFO  server.GrpcService (GrpcService.java:closeImpl(271)) - s0: shutdown server GrpcServerProtocolService now
2022-07-23 19:35:38,767 [Thread-9262] INFO  server.GrpcService (GrpcService.java:closeImpl(280)) - s0: shutdown server GrpcServerProtocolService successfully
2022-07-23 19:35:38,767 [Thread-9262] INFO  server.GrpcService (GrpcService.java:closeImpl(271)) - s0: shutdown server org.apache.ratis.grpc.server.GrpcAdminProtocolService now
2022-07-23 19:35:38,767 [grpc-default-executor-12] WARN  server.GrpcServerProtocolService (LogUtils.java:warn(122)) - s0: installSnapshot onError, lastRequest: null: org.apache.ratis.thirdparty.io.grpc.StatusRuntimeException: CANCELLED: client cancelled
2022-07-23 19:35:38,768 [Thread-9262] INFO  server.GrpcService (GrpcService.java:closeImpl(280)) - s0: shutdown server org.apache.ratis.grpc.server.GrpcAdminProtocolService successfully
2022-07-23 19:35:38,768 [org.apache.ratis.util.JvmPauseMonitor$$Lambda$313/980778071@35fcb9e7] INFO  util.JvmPauseMonitor (JvmPauseMonitor.java:run(109)) - JvmPauseMonitor-s0: Stopped
2022-07-23 19:35:38,768 [grpc-default-executor-3] WARN  server.GrpcLogAppender (LogUtils.java:warn(122)) - s1@group-1D19F5312903->s0-AppendLogResponseHandler: Failed appendEntries: org.apache.ratis.thirdparty.io.grpc.StatusRuntimeException: CANCELLED: RST_STREAM closed stream. HTTP/2 error code: CANCEL
2022-07-23 19:35:38,768 [grpc-default-executor-3] WARN  server.GrpcLogAppender (GrpcLogAppender.java:resetClient(115)) - s1@group-1D19F5312903->s0-GrpcLogAppender: Leader has not got in touch with Follower s1@group-1D19F5312903->s0(c0,m0,n1, attendVote=true, lastRpcSendTime=25, lastRpcResponseTime=24) yet, just keep nextIndex unchanged and retry.
2022-07-23 19:35:38,768 [grpc-default-executor-12] WARN  server.GrpcLogAppender (LogUtils.java:warn(122)) - s1@group-1D19F5312903->s0-AppendLogResponseHandler: Failed appendEntries: org.apache.ratis.thirdparty.io.grpc.StatusRuntimeException: CANCELLED: RST_STREAM closed stream. HTTP/2 error code: CANCEL
2022-07-23 19:35:38,768 [grpc-default-executor-12] WARN  server.GrpcLogAppender (GrpcLogAppender.java:resetClient(115)) - s1@group-1D19F5312903->s0-GrpcLogAppender: Leader has not got in touch with Follower s1@group-1D19F5312903->s0(c0,m0,n1, attendVote=true, lastRpcSendTime=25, lastRpcResponseTime=24) yet, just keep nextIndex unchanged and retry.
2022-07-23 19:35:38,769 [grpc-default-executor-16] WARN  server.GrpcServerProtocolService (LogUtils.java:warn(122)) - s0: installSnapshot onError, lastRequest: s1->s0#1-t1,previous=(t:0, i:0),leaderCommit=-1,initializing? true,entries: size=1, first=(t:1, i:0), CONFIGURATIONENTRY(current:id: "s0"
address: "localhost:33053"
dataStreamAddress: "localhost:40973"
clientAddress: "localhost:45065"
adminAddress: "localhost:34833"
startupRole: FOLLOWER
,id: "s1"
address: "localhost:37337"
dataStreamAddress: "localhost:44379"
clientAddress: "localhost:33239"
adminAddress: "localhost:46639"
startupRole: FOLLOWER
,id: "s2"
address: "localhost:36285"
dataStreamAddress: "localhost:36721"
clientAddress: "localhost:35753"
adminAddress: "localhost:33785"
startupRole: FOLLOWER
, old:): org.apache.ratis.thirdparty.io.grpc.StatusRuntimeException: CANCELLED: client cancelled
2022-07-23 19:35:38,820 [grpc-default-executor-12] WARN  server.GrpcLogAppender (LogUtils.java:warn(122)) - s1@group-1D19F5312903->s0-AppendLogResponseHandler: Failed appendEntries: org.apache.ratis.thirdparty.io.grpc.StatusRuntimeException: UNAVAILABLE: io exception
2022-07-23 19:35:38,821 [grpc-default-executor-3] WARN  server.GrpcLogAppender (LogUtils.java:warn(122)) - s1@group-1D19F5312903->s0-AppendLogResponseHandler: Failed appendEntries: org.apache.ratis.thirdparty.io.grpc.StatusRuntimeException: UNAVAILABLE: io exception
2022-07-23 19:35:38,821 [grpc-default-executor-12] WARN  server.GrpcLogAppender (GrpcLogAppender.java:resetClient(115)) - s1@group-1D19F5312903->s0-GrpcLogAppender: Leader has not got in touch with Follower s1@group-1D19F5312903->s0(c0,m0,n1, attendVote=true, lastRpcSendTime=78, lastRpcResponseTime=77) yet, just keep nextIndex unchanged and retry.
2022-07-23 19:35:38,822 [grpc-default-executor-3] WARN  server.GrpcLogAppender (GrpcLogAppender.java:resetClient(115)) - s1@group-1D19F5312903->s0-GrpcLogAppender: Leader has not got in touch with Follower s1@group-1D19F5312903->s0(c0,m0,n1, attendVote=true, lastRpcSendTime=78, lastRpcResponseTime=77) yet, just keep nextIndex unchanged and retry.
2022-07-23 19:35:38,822 [grpc-default-executor-3] WARN  server.GrpcLogAppender (LogUtils.java:warn(122)) - s1@group-1D19F5312903->s0-AppendLogResponseHandler: Failed appendEntries: org.apache.ratis.thirdparty.io.grpc.StatusRuntimeException: UNAVAILABLE: io exception
2022-07-23 19:35:38,822 [grpc-default-executor-12] WARN  server.GrpcLogAppender (LogUtils.java:warn(122)) - s1@group-1D19F5312903->s0-AppendLogResponseHandler: Failed appendEntries: org.apache.ratis.thirdparty.io.grpc.StatusRuntimeException: UNAVAILABLE: io exception
2022-07-23 19:35:38,822 [grpc-default-executor-3] WARN  server.GrpcLogAppender (GrpcLogAppender.java:resetClient(115)) - s1@group-1D19F5312903->s0-GrpcLogAppender: Leader has not got in touch with Follower s1@group-1D19F5312903->s0(c0,m0,n1, attendVote=true, lastRpcSendTime=79, lastRpcResponseTime=78) yet, just keep nextIndex unchanged and retry.
2022-07-23 19:35:38,823 [grpc-default-executor-12] WARN  server.GrpcLogAppender (GrpcLogAppender.java:resetClient(115)) - s1@group-1D19F5312903->s0-GrpcLogAppender: Leader has not got in touch with Follower s1@group-1D19F5312903->s0(c0,m0,n1, attendVote=true, lastRpcSendTime=79, lastRpcResponseTime=78) yet, just keep nextIndex unchanged and retry.
2022-07-23 19:35:38,823 [grpc-default-executor-12] WARN  server.GrpcLogAppender (LogUtils.java:warn(122)) - s1@group-1D19F5312903->s0-AppendLogResponseHandler: Failed appendEntries: org.apache.ratis.thirdparty.io.grpc.StatusRuntimeException: UNAVAILABLE: io exception
2022-07-23 19:35:38,824 [grpc-default-executor-3] WARN  server.GrpcLogAppender (LogUtils.java:warn(122)) - s1@group-1D19F5312903->s0-AppendLogResponseHandler: Failed appendEntries: org.apache.ratis.thirdparty.io.grpc.StatusRuntimeException: UNAVAILABLE: io exception
2022-07-23 19:35:38,824 [grpc-default-executor-12] WARN  server.GrpcLogAppender (GrpcLogAppender.java:resetClient(115)) - s1@group-1D19F5312903->s0-GrpcLogAppender: Leader has not got in touch with Follower s1@group-1D19F5312903->s0(c0,m0,n1, attendVote=true, lastRpcSendTime=80, lastRpcResponseTime=79) yet, just keep nextIndex unchanged and retry.
2022-07-23 19:35:38,824 [grpc-default-executor-3] WARN  server.GrpcLogAppender (GrpcLogAppender.java:resetClient(115)) - s1@group-1D19F5312903->s0-GrpcLogAppender: Leader has not got in touch with Follower s1@group-1D19F5312903->s0(c0,m0,n1, attendVote=true, lastRpcSendTime=81, lastRpcResponseTime=80) yet, just keep nextIndex unchanged and retry.
2022-07-23 19:35:38,825 [grpc-default-executor-16] WARN  server.GrpcLogAppender (LogUtils.java:warn(122)) - s1@group-1D19F5312903->s0-AppendLogResponseHandler: Failed appendEntries: org.apache.ratis.thirdparty.io.grpc.StatusRuntimeException: UNAVAILABLE: io exception
2022-07-23 19:35:38,825 [grpc-default-executor-3] WARN  server.GrpcLogAppender (LogUtils.java:warn(122)) - s1@group-1D19F5312903->s0-AppendLogResponseHandler: Failed appendEntries: org.apache.ratis.thirdparty.io.grpc.StatusRuntimeException: UNAVAILABLE: io exception
2022-07-23 19:35:38,826 [grpc-default-executor-16] WARN  server.GrpcLogAppender (GrpcLogAppender.java:resetClient(115)) - s1@group-1D19F5312903->s0-GrpcLogAppender: Leader has not got in touch with Follower s1@group-1D19F5312903->s0(c0,m0,n1, attendVote=true, lastRpcSendTime=82, lastRpcResponseTime=81) yet, just keep nextIndex unchanged and retry.
2022-07-23 19:35:38,826 [grpc-default-executor-3] WARN  server.GrpcLogAppender (GrpcLogAppender.java:resetClient(115)) - s1@group-1D19F5312903->s0-GrpcLogAppender: Leader has not got in touch with Follower s1@group-1D19F5312903->s0(c0,m0,n1, attendVote=true, lastRpcSendTime=82, lastRpcResponseTime=81) yet, just keep nextIndex unchanged and retry.
2022-07-23 19:35:38,826 [grpc-default-executor-3] WARN  server.GrpcLogAppender (LogUtils.java:warn(122)) - s1@group-1D19F5312903->s0-AppendLogResponseHandler: Failed appendEntries: org.apache.ratis.thirdparty.io.grpc.StatusRuntimeException: UNAVAILABLE: io exception
2022-07-23 19:35:38,826 [grpc-default-executor-16] WARN  server.GrpcLogAppender (LogUtils.java:warn(122)) - s1@group-1D19F5312903->s0-AppendLogResponseHandler: Failed appendEntries: org.apache.ratis.thirdparty.io.grpc.StatusRuntimeException: UNAVAILABLE: io exception
2022-07-23 19:35:38,826 [grpc-default-executor-3] WARN  server.GrpcLogAppender (GrpcLogAppender.java:resetClient(115)) - s1@group-1D19F5312903->s0-GrpcLogAppender: Leader has not got in touch with Follower s1@group-1D19F5312903->s0(c0,m0,n1, attendVote=true, lastRpcSendTime=83, lastRpcResponseTime=82) yet, just keep nextIndex unchanged and retry.
2022-07-23 19:35:38,827 [grpc-default-executor-16] WARN  server.GrpcLogAppender (GrpcLogAppender.java:resetClient(115)) - s1@group-1D19F5312903->s0-GrpcLogAppender: Leader has not got in touch with Follower s1@group-1D19F5312903->s0(c0,m0,n1, attendVote=true, lastRpcSendTime=83, lastRpcResponseTime=82) yet, just keep nextIndex unchanged and retry.
2022-07-23 19:35:38,827 [grpc-default-executor-16] WARN  server.GrpcLogAppender (LogUtils.java:warn(122)) - s1@group-1D19F5312903->s0-AppendLogResponseHandler: Failed appendEntries: org.apache.ratis.thirdparty.io.grpc.StatusRuntimeException: UNAVAILABLE: io exception
2022-07-23 19:35:38,827 [grpc-default-executor-3] WARN  server.GrpcLogAppender (LogUtils.java:warn(122)) - s1@group-1D19F5312903->s0-AppendLogResponseHandler: Failed appendEntries: org.apache.ratis.thirdparty.io.grpc.StatusRuntimeException: UNAVAILABLE: io exception
2022-07-23 19:35:38,827 [grpc-default-executor-16] WARN  server.GrpcLogAppender (GrpcLogAppender.java:resetClient(115)) - s1@group-1D19F5312903->s0-GrpcLogAppender: Leader has not got in touch with Follower s1@group-1D19F5312903->s0(c0,m0,n1, attendVote=true, lastRpcSendTime=84, lastRpcResponseTime=83) yet, just keep nextIndex unchanged and retry.
2022-07-23 19:35:38,827 [grpc-default-executor-3] WARN  server.GrpcLogAppender (GrpcLogAppender.java:resetClient(115)) - s1@group-1D19F5312903->s0-GrpcLogAppender: Leader has not got in touch with Follower s1@group-1D19F5312903->s0(c0,m0,n1, attendVote=true, lastRpcSendTime=84, lastRpcResponseTime=83) yet, just keep nextIndex unchanged and retry.
2022-07-23 19:35:38,828 [grpc-default-executor-3] WARN  server.GrpcLogAppender (LogUtils.java:warn(122)) - s1@group-1D19F5312903->s0-AppendLogResponseHandler: Failed appendEntries: org.apache.ratis.thirdparty.io.grpc.StatusRuntimeException: UNAVAILABLE: io exception
2022-07-23 19:35:38,828 [grpc-default-executor-16] WARN  server.GrpcLogAppender (LogUtils.java:warn(122)) - s1@group-1D19F5312903->s0-AppendLogResponseHandler: Failed appendEntries: org.apache.ratis.thirdparty.io.grpc.StatusRuntimeException: UNAVAILABLE: io exception
2022-07-23 19:35:38,828 [grpc-default-executor-3] WARN  server.GrpcLogAppender (GrpcLogAppender.java:resetClient(115)) - s1@group-1D19F5312903->s0-GrpcLogAppender: Leader has not got in touch with Follower s1@group-1D19F5312903->s0(c0,m0,n1, attendVote=true, lastRpcSendTime=85, lastRpcResponseTime=84) yet, just keep nextIndex unchanged and retry.
2022-07-23 19:35:38,828 [grpc-default-executor-16] WARN  server.GrpcLogAppender (GrpcLogAppender.java:resetClient(115)) - s1@group-1D19F5312903->s0-GrpcLogAppender: Leader has not got in touch with Follower s1@group-1D19F5312903->s0(c0,m0,n1, attendVote=true, lastRpcSendTime=85, lastRpcResponseTime=84) yet, just keep nextIndex unchanged and retry.
2022-07-23 19:35:38,829 [grpc-default-executor-16] WARN  server.GrpcLogAppender (LogUtils.java:warn(122)) - s1@group-1D19F5312903->s0-AppendLogResponseHandler: Failed appendEntries: org.apache.ratis.thirdparty.io.grpc.StatusRuntimeException: UNAVAILABLE: io exception
2022-07-23 19:35:38,829 [grpc-default-executor-3] WARN  server.GrpcLogAppender (LogUtils.java:warn(122)) - s1@group-1D19F5312903->s0-AppendLogResponseHandler: Failed appendEntries: org.apache.ratis.thirdparty.io.grpc.StatusRuntimeException: UNAVAILABLE: io exception
2022-07-23 19:35:38,829 [grpc-default-executor-16] WARN  server.GrpcLogAppender (GrpcLogAppender.java:resetClient(115)) - s1@group-1D19F5312903->s0-GrpcLogAppender: Leader has not got in touch with Follower s1@group-1D19F5312903->s0(c0,m0,n1, attendVote=true, lastRpcSendTime=86, lastRpcResponseTime=85) yet, just keep nextIndex unchanged and retry.
2022-07-23 19:35:38,829 [grpc-default-executor-3] WARN  server.GrpcLogAppender (GrpcLogAppender.java:resetClient(115)) - s1@group-1D19F5312903->s0-GrpcLogAppender: Leader has not got in touch with Follower s1@group-1D19F5312903->s0(c0,m0,n1, attendVote=true, lastRpcSendTime=86, lastRpcResponseTime=85) yet, just keep nextIndex unchanged and retry.
2022-07-23 19:35:38,830 [grpc-default-executor-3] WARN  server.GrpcLogAppender (LogUtils.java:warn(122)) - s1@group-1D19F5312903->s0-AppendLogResponseHandler: Failed appendEntries: org.apache.ratis.thirdparty.io.grpc.StatusRuntimeException: UNAVAILABLE: io exception
2022-07-23 19:35:38,830 [grpc-default-executor-16] WARN  server.GrpcLogAppender (LogUtils.java:warn(122)) - s1@group-1D19F5312903->s0-AppendLogResponseHandler: Failed appendEntries: org.apache.ratis.thirdparty.io.grpc.StatusRuntimeException: UNAVAILABLE: io exception
2022-07-23 19:35:38,830 [grpc-default-executor-3] WARN  server.GrpcLogAppender (GrpcLogAppender.java:resetClient(115)) - s1@group-1D19F5312903->s0-GrpcLogAppender: Leader has not got in touch with Follower s1@group-1D19F5312903->s0(c0,m0,n1, attendVote=true, lastRpcSendTime=87, lastRpcResponseTime=86) yet, just keep nextIndex unchanged and retry.
2022-07-23 19:35:38,830 [grpc-default-executor-16] WARN  server.GrpcLogAppender (GrpcLogAppender.java:resetClient(115)) - s1@group-1D19F5312903->s0-GrpcLogAppender: Leader has not got in touch with Follower s1@group-1D19F5312903->s0(c0,m0,n1, attendVote=true, lastRpcSendTime=87, lastRpcResponseTime=86) yet, just keep nextIndex unchanged and retry.
2022-07-23 19:35:38,831 [grpc-default-executor-16] WARN  server.GrpcLogAppender (LogUtils.java:warn(122)) - s1@group-1D19F5312903->s0-AppendLogResponseHandler: Failed appendEntries: org.apache.ratis.thirdparty.io.grpc.StatusRuntimeException: UNAVAILABLE: io exception
2022-07-23 19:35:38,831 [grpc-default-executor-3] WARN  server.GrpcLogAppender (LogUtils.java:warn(122)) - s1@group-1D19F5312903->s0-AppendLogResponseHandler: Failed appendEntries: org.apache.ratis.thirdparty.io.grpc.StatusRuntimeException: UNAVAILABLE: io exception
2022-07-23 19:35:38,831 [grpc-default-executor-16] WARN  server.GrpcLogAppender (GrpcLogAppender.java:resetClient(115)) - s1@group-1D19F5312903->s0-GrpcLogAppender: Leader has not got in touch with Follower s1@group-1D19F5312903->s0(c0,m0,n1, attendVote=true, lastRpcSendTime=88, lastRpcResponseTime=87) yet, just keep nextIndex unchanged and retry.
2022-07-23 19:35:38,832 [grpc-default-executor-3] WARN  server.GrpcLogAppender (GrpcLogAppender.java:resetClient(115)) - s1@group-1D19F5312903->s0-GrpcLogAppender: Leader has not got in touch with Follower s1@group-1D19F5312903->s0(c0,m0,n1, attendVote=true, lastRpcSendTime=88, lastRpcResponseTime=87) yet, just keep nextIndex unchanged and retry.
2022-07-23 19:35:38,832 [grpc-default-executor-3] WARN  server.GrpcLogAppender (LogUtils.java:warn(122)) - s1@group-1D19F5312903->s0-AppendLogResponseHandler: Failed appendEntries: org.apache.ratis.thirdparty.io.grpc.StatusRuntimeException: UNAVAILABLE: io exception
2022-07-23 19:35:38,832 [grpc-default-executor-16] WARN  server.GrpcLogAppender (LogUtils.java:warn(122)) - s1@group-1D19F5312903->s0-AppendLogResponseHandler: Failed appendEntries: org.apache.ratis.thirdparty.io.grpc.StatusRuntimeException: UNAVAILABLE: io exception
2022-07-23 19:35:38,833 [grpc-default-executor-3] WARN  server.GrpcLogAppender (GrpcLogAppender.java:resetClient(115)) - s1@group-1D19F5312903->s0-GrpcLogAppender: Leader has not got in touch with Follower s1@group-1D19F5312903->s0(c0,m0,n1, attendVote=true, lastRpcSendTime=89, lastRpcResponseTime=88) yet, just keep nextIndex unchanged and retry.
2022-07-23 19:35:38,833 [grpc-default-executor-16] WARN  server.GrpcLogAppender (GrpcLogAppender.java:resetClient(115)) - s1@group-1D19F5312903->s0-GrpcLogAppender: Leader has not got in touch with Follower s1@group-1D19F5312903->s0(c0,m0,n1, attendVote=true, lastRpcSendTime=89, lastRpcResponseTime=88) yet, just keep nextIndex unchanged and retry.
2022-07-23 19:35:38,833 [grpc-default-executor-16] WARN  server.GrpcLogAppender (LogUtils.java:warn(122)) - s1@group-1D19F5312903->s0-AppendLogResponseHandler: Failed appendEntries: org.apache.ratis.thirdparty.io.grpc.StatusRuntimeException: UNAVAILABLE: io exception
2022-07-23 19:35:38,833 [grpc-default-executor-3] WARN  server.GrpcLogAppender (LogUtils.java:warn(122)) - s1@group-1D19F5312903->s0-AppendLogResponseHandler: Failed appendEntries: org.apache.ratis.thirdparty.io.grpc.StatusRuntimeException: UNAVAILABLE: io exception
2022-07-23 19:35:38,833 [grpc-default-executor-16] WARN  server.GrpcLogAppender (GrpcLogAppender.java:resetClient(115)) - s1@group-1D19F5312903->s0-GrpcLogAppender: Leader has not got in touch with Follower s1@group-1D19F5312903->s0(c0,m0,n1, attendVote=true, lastRpcSendTime=90, lastRpcResponseTime=89) yet, just keep nextIndex unchanged and retry.
2022-07-23 19:35:38,834 [grpc-default-executor-3] WARN  server.GrpcLogAppender (GrpcLogAppender.java:resetClient(115)) - s1@group-1D19F5312903->s0-GrpcLogAppender: Leader has not got in touch with Follower s1@group-1D19F5312903->s0(c0,m0,n1, attendVote=true, lastRpcSendTime=91, lastRpcResponseTime=90) yet, just keep nextIndex unchanged and retry.
2022-07-23 19:35:38,835 [grpc-default-executor-3] WARN  server.GrpcLogAppender (LogUtils.java:warn(122)) - s1@group-1D19F5312903->s0-AppendLogResponseHandler: Failed appendEntries: org.apache.ratis.thirdparty.io.grpc.StatusRuntimeException: UNAVAILABLE: io exception
2022-07-23 19:35:38,835 [grpc-default-executor-16] WARN  server.GrpcLogAppender (LogUtils.java:warn(122)) - s1@group-1D19F5312903->s0-AppendLogResponseHandler: Failed appendEntries: org.apache.ratis.thirdparty.io.grpc.StatusRuntimeException: UNAVAILABLE: io exception
2022-07-23 19:35:38,835 [grpc-default-executor-3] WARN  server.GrpcLogAppender (GrpcLogAppender.java:resetClient(115)) - s1@group-1D19F5312903->s0-GrpcLogAppender: Leader has not got in touch with Follower s1@group-1D19F5312903->s0(c0,m0,n1, attendVote=true, lastRpcSendTime=91, lastRpcResponseTime=91) yet, just keep nextIndex unchanged and retry.
2022-07-23 19:35:38,835 [grpc-default-executor-16] WARN  server.GrpcLogAppender (GrpcLogAppender.java:resetClient(115)) - s1@group-1D19F5312903->s0-GrpcLogAppender: Leader has not got in touch with Follower s1@group-1D19F5312903->s0(c0,m0,n1, attendVote=true, lastRpcSendTime=92, lastRpcResponseTime=91) yet, just keep nextIndex unchanged and retry.
2022-07-23 19:35:38,836 [grpc-default-executor-16] WARN  server.GrpcLogAppender (LogUtils.java:warn(122)) - s1@group-1D19F5312903->s0-AppendLogResponseHandler: Failed appendEntries: org.apache.ratis.thirdparty.io.grpc.StatusRuntimeException: UNAVAILABLE: io exception
2022-07-23 19:35:38,836 [grpc-default-executor-3] WARN  server.GrpcLogAppender (LogUtils.java:warn(122)) - s1@group-1D19F5312903->s0-AppendLogResponseHandler: Failed appendEntries: org.apache.ratis.thirdparty.io.grpc.StatusRuntimeException: UNAVAILABLE: io exception
2022-07-23 19:35:38,836 [grpc-default-executor-16] WARN  server.GrpcLogAppender (GrpcLogAppender.java:resetClient(115)) - s1@group-1D19F5312903->s0-GrpcLogAppender: Leader has not got in touch with Follower s1@group-1D19F5312903->s0(c0,m0,n1, attendVote=true, lastRpcSendTime=93, lastRpcResponseTime=92) yet, just keep nextIndex unchanged and retry.
2022-07-23 19:35:38,836 [grpc-default-executor-3] WARN  server.GrpcLogAppender (GrpcLogAppender.java:resetClient(115)) - s1@group-1D19F5312903->s0-GrpcLogAppender: Leader has not got in touch with Follower s1@group-1D19F5312903->s0(c0,m0,n1, attendVote=true, lastRpcSendTime=93, lastRpcResponseTime=92) yet, just keep nextIndex unchanged and retry.
2022-07-23 19:35:38,837 [grpc-default-executor-3] WARN  server.GrpcLogAppender (LogUtils.java:warn(122)) - s1@group-1D19F5312903->s0-AppendLogResponseHandler: Failed appendEntries: org.apache.ratis.thirdparty.io.grpc.StatusRuntimeException: UNAVAILABLE: io exception
2022-07-23 19:35:38,837 [grpc-default-executor-16] WARN  server.GrpcLogAppender (LogUtils.java:warn(122)) - s1@group-1D19F5312903->s0-AppendLogResponseHandler: Failed appendEntries: org.apache.ratis.thirdparty.io.grpc.StatusRuntimeException: UNAVAILABLE: io exception
2022-07-23 19:35:38,837 [grpc-default-executor-3] WARN  server.GrpcLogAppender (GrpcLogAppender.java:resetClient(115)) - s1@group-1D19F5312903->s0-GrpcLogAppender: Leader has not got in touch with Follower s1@group-1D19F5312903->s0(c0,m0,n1, attendVote=true, lastRpcSendTime=94, lastRpcResponseTime=93) yet, just keep nextIndex unchanged and retry.
2022-07-23 19:35:38,838 [grpc-default-executor-16] WARN  server.GrpcLogAppender (GrpcLogAppender.java:resetClient(115)) - s1@group-1D19F5312903->s0-GrpcLogAppender: Leader has not got in touch with Follower s1@group-1D19F5312903->s0(c0,m0,n1, attendVote=true, lastRpcSendTime=94, lastRpcResponseTime=93) yet, just keep nextIndex unchanged and retry.
2022-07-23 19:35:38,838 [grpc-default-executor-16] WARN  server.GrpcLogAppender (LogUtils.java:warn(122)) - s1@group-1D19F5312903->s0-AppendLogResponseHandler: Failed appendEntries: org.apache.ratis.thirdparty.io.grpc.StatusRuntimeException: UNAVAILABLE: io exception
2022-07-23 19:35:38,838 [grpc-default-executor-3] WARN  server.GrpcLogAppender (LogUtils.java:warn(122)) - s1@group-1D19F5312903->s0-AppendLogResponseHandler: Failed appendEntries: org.apache.ratis.thirdparty.io.grpc.StatusRuntimeException: UNAVAILABLE: io exception
2022-07-23 19:35:38,839 [grpc-default-executor-16] WARN  server.GrpcLogAppender (GrpcLogAppender.java:resetClient(115)) - s1@group-1D19F5312903->s0-GrpcLogAppender: Leader has not got in touch with Follower s1@group-1D19F5312903->s0(c0,m0,n1, attendVote=true, lastRpcSendTime=95, lastRpcResponseTime=94) yet, just keep nextIndex unchanged and retry.
2022-07-23 19:35:38,839 [grpc-default-executor-3] WARN  server.GrpcLogAppender (GrpcLogAppender.java:resetClient(115)) - s1@group-1D19F5312903->s0-GrpcLogAppender: Leader has not got in touch with Follower s1@group-1D19F5312903->s0(c0,m0,n1, attendVote=true, lastRpcSendTime=95, lastRpcResponseTime=94) yet, just keep nextIndex unchanged and retry.
2022-07-23 19:35:38,839 [grpc-default-executor-3] WARN  server.GrpcLogAppender (LogUtils.java:warn(122)) - s1@group-1D19F5312903->s0-AppendLogResponseHandler: Failed appendEntries: org.apache.ratis.thirdparty.io.grpc.StatusRuntimeException: UNAVAILABLE: io exception
2022-07-23 19:35:38,839 [grpc-default-executor-16] WARN  server.GrpcLogAppender (LogUtils.java:warn(122)) - s1@group-1D19F5312903->s0-AppendLogResponseHandler: Failed appendEntries: org.apache.ratis.thirdparty.io.grpc.StatusRuntimeException: UNAVAILABLE: io exception
2022-07-23 19:35:38,840 [grpc-default-executor-3] WARN  server.GrpcLogAppender (GrpcLogAppender.java:resetClient(115)) - s1@group-1D19F5312903->s0-GrpcLogAppender: Leader has not got in touch with Follower s1@group-1D19F5312903->s0(c0,m0,n1, attendVote=true, lastRpcSendTime=96, lastRpcResponseTime=95) yet, just keep nextIndex unchanged and retry.
2022-07-23 19:35:38,840 [grpc-default-executor-16] WARN  server.GrpcLogAppender (GrpcLogAppender.java:resetClient(115)) - s1@group-1D19F5312903->s0-GrpcLogAppender: Leader has not got in touch with Follower s1@group-1D19F5312903->s0(c0,m0,n1, attendVote=true, lastRpcSendTime=97, lastRpcResponseTime=96) yet, just keep nextIndex unchanged and retry.
2022-07-23 19:35:38,841 [grpc-default-executor-16] WARN  server.GrpcLogAppender (LogUtils.java:warn(122)) - s1@group-1D19F5312903->s0-AppendLogResponseHandler: Failed appendEntries: org.apache.ratis.thirdparty.io.grpc.StatusRuntimeException: UNAVAILABLE: io exception
2022-07-23 19:35:38,841 [grpc-default-executor-3] WARN  server.GrpcLogAppender (LogUtils.java:warn(122)) - s1@group-1D19F5312903->s0-AppendLogResponseHandler: Failed appendEntries: org.apache.ratis.thirdparty.io.grpc.StatusRuntimeException: UNAVAILABLE: io exception
2022-07-23 19:35:38,841 [grpc-default-executor-16] WARN  server.GrpcLogAppender (GrpcLogAppender.java:resetClient(115)) - s1@group-1D19F5312903->s0-GrpcLogAppender: Leader has not got in touch with Follower s1@group-1D19F5312903->s0(c0,m0,n1, attendVote=true, lastRpcSendTime=97, lastRpcResponseTime=97) yet, just keep nextIndex unchanged and retry.
2022-07-23 19:35:38,841 [grpc-default-executor-3] WARN  server.GrpcLogAppender (GrpcLogAppender.java:resetClient(115)) - s1@group-1D19F5312903->s0-GrpcLogAppender: Leader has not got in touch with Follower s1@group-1D19F5312903->s0(c0,m0,n1, attendVote=true, lastRpcSendTime=98, lastRpcResponseTime=97) yet, just keep nextIndex unchanged and retry.
2022-07-23 19:35:38,841 [grpc-default-executor-3] WARN  server.GrpcLogAppender (LogUtils.java:warn(122)) - s1@group-1D19F5312903->s0-AppendLogResponseHandler: Failed appendEntries: org.apache.ratis.thirdparty.io.grpc.StatusRuntimeException: UNAVAILABLE: io exception
2022-07-23 19:35:38,842 [grpc-default-executor-16] WARN  server.GrpcLogAppender (LogUtils.java:warn(122)) - s1@group-1D19F5312903->s0-AppendLogResponseHandler: Failed appendEntries: org.apache.ratis.thirdparty.io.grpc.StatusRuntimeException: UNAVAILABLE: io exception
2022-07-23 19:35:38,842 [grpc-default-executor-3] WARN  server.GrpcLogAppender (GrpcLogAppender.java:resetClient(115)) - s1@group-1D19F5312903->s0-GrpcLogAppender: Leader has not got in touch with Follower s1@group-1D19F5312903->s0(c0,m0,n1, attendVote=true, lastRpcSendTime=98, lastRpcResponseTime=97) yet, just keep nextIndex unchanged and retry.
2022-07-23 19:35:38,842 [grpc-default-executor-16] WARN  server.GrpcLogAppender (GrpcLogAppender.java:resetClient(115)) - s1@group-1D19F5312903->s0-GrpcLogAppender: Leader has not got in touch with Follower s1@group-1D19F5312903->s0(c0,m0,n1, attendVote=true, lastRpcSendTime=98, lastRpcResponseTime=98) yet, just keep nextIndex unchanged and retry.
2022-07-23 19:35:38,842 [grpc-default-executor-16] WARN  server.GrpcLogAppender (LogUtils.java:warn(122)) - s1@group-1D19F5312903->s0-AppendLogResponseHandler: Failed appendEntries: org.apache.ratis.thirdparty.io.grpc.StatusRuntimeException: UNAVAILABLE: io exception
2022-07-23 19:35:38,843 [grpc-default-executor-3] WARN  server.GrpcLogAppender (LogUtils.java:warn(122)) - s1@group-1D19F5312903->s0-AppendLogResponseHandler: Failed appendEntries: org.apache.ratis.thirdparty.io.grpc.StatusRuntimeException: UNAVAILABLE: io exception
2022-07-23 19:35:38,843 [grpc-default-executor-16] WARN  server.GrpcLogAppender (GrpcLogAppender.java:resetClient(115)) - s1@group-1D19F5312903->s0-GrpcLogAppender: Leader has not got in touch with Follower s1@group-1D19F5312903->s0(c0,m0,n1, attendVote=true, lastRpcSendTime=99, lastRpcResponseTime=98) yet, just keep nextIndex unchanged and retry.
2022-07-23 19:35:38,843 [grpc-default-executor-3] WARN  server.GrpcLogAppender (GrpcLogAppender.java:resetClient(115)) - s1@group-1D19F5312903->s0-GrpcLogAppender: Leader has not got in touch with Follower s1@group-1D19F5312903->s0(c0,m0,n1, attendVote=true, lastRpcSendTime=99, lastRpcResponseTime=99) yet, just keep nextIndex unchanged and retry.
2022-07-23 19:35:38,843 [grpc-default-executor-3] WARN  server.GrpcLogAppender (LogUtils.java:warn(122)) - s1@group-1D19F5312903->s0-AppendLogResponseHandler: Failed appendEntries: org.apache.ratis.thirdparty.io.grpc.StatusRuntimeException: UNAVAILABLE: io exception
2022-07-23 19:35:38,844 [grpc-default-executor-16] WARN  server.GrpcLogAppender (LogUtils.java:warn(122)) - s1@group-1D19F5312903->s0-AppendLogResponseHandler: Failed appendEntries: org.apache.ratis.thirdparty.io.grpc.StatusRuntimeException: UNAVAILABLE: io exception
2022-07-23 19:35:38,844 [grpc-default-executor-3] WARN  server.GrpcLogAppender (GrpcLogAppender.java:resetClient(115)) - s1@group-1D19F5312903->s0-GrpcLogAppender: Leader has not got in touch with Follower s1@group-1D19F5312903->s0(c0,m0,n1, attendVote=true, lastRpcSendTime=100, lastRpcResponseTime=99) yet, just keep nextIndex unchanged and retry.
2022-07-23 19:35:38,844 [grpc-default-executor-16] WARN  server.GrpcLogAppender (GrpcLogAppender.java:resetClient(115)) - s1@group-1D19F5312903->s0-GrpcLogAppender: Leader has not got in touch with Follower s1@group-1D19F5312903->s0(c0,m0,n1, attendVote=true, lastRpcSendTime=101, lastRpcResponseTime=100) yet, just keep nextIndex unchanged and retry.
2022-07-23 19:35:38,845 [grpc-default-executor-16] WARN  server.GrpcLogAppender (LogUtils.java:warn(122)) - s1@group-1D19F5312903->s0-AppendLogResponseHandler: Failed appendEntries: org.apache.ratis.thirdparty.io.grpc.StatusRuntimeException: UNAVAILABLE: io exception
2022-07-23 19:35:38,845 [grpc-default-executor-3] WARN  server.GrpcLogAppender (LogUtils.java:warn(122)) - s1@group-1D19F5312903->s0-AppendLogResponseHandler: Failed appendEntries: org.apache.ratis.thirdparty.io.grpc.StatusRuntimeException: UNAVAILABLE: io exception
2022-07-23 19:35:38,845 [grpc-default-executor-16] WARN  server.GrpcLogAppender (GrpcLogAppender.java:resetClient(115)) - s1@group-1D19F5312903->s0-GrpcLogAppender: Leader has not got in touch with Follower s1@group-1D19F5312903->s0(c0,m0,n1, attendVote=true, lastRpcSendTime=102, lastRpcResponseTime=101) yet, just keep nextIndex unchanged and retry.
2022-07-23 19:35:38,845 [grpc-default-executor-3] WARN  server.GrpcLogAppender (GrpcLogAppender.java:resetClient(115)) - s1@group-1D19F5312903->s0-GrpcLogAppender: Leader has not got in touch with Follower s1@group-1D19F5312903->s0(c0,m0,n1, attendVote=true, lastRpcSendTime=102, lastRpcResponseTime=101) yet, just keep nextIndex unchanged and retry.
2022-07-23 19:35:38,846 [grpc-default-executor-3] WARN  server.GrpcLogAppender (LogUtils.java:warn(122)) - s1@group-1D19F5312903->s0-AppendLogResponseHandler: Failed appendEntries: org.apache.ratis.thirdparty.io.grpc.StatusRuntimeException: UNAVAILABLE: io exception
2022-07-23 19:35:38,846 [grpc-default-executor-16] WARN  server.GrpcLogAppender (LogUtils.java:warn(122)) - s1@group-1D19F5312903->s0-AppendLogResponseHandler: Failed appendEntries: org.apache.ratis.thirdparty.io.grpc.StatusRuntimeException: UNAVAILABLE: io exception
2022-07-23 19:35:38,846 [grpc-default-executor-3] WARN  server.GrpcLogAppender (GrpcLogAppender.java:resetClient(115)) - s1@group-1D19F5312903->s0-GrpcLogAppender: Leader has not got in touch with Follower s1@group-1D19F5312903->s0(c0,m0,n1, attendVote=true, lastRpcSendTime=103, lastRpcResponseTime=102) yet, just keep nextIndex unchanged and retry.
2022-07-23 19:35:38,846 [grpc-default-executor-16] WARN  server.GrpcLogAppender (GrpcLogAppender.java:resetClient(115)) - s1@group-1D19F5312903->s0-GrpcLogAppender: Leader has not got in touch with Follower s1@group-1D19F5312903->s0(c0,m0,n1, attendVote=true, lastRpcSendTime=103, lastRpcResponseTime=102) yet, just keep nextIndex unchanged and retry.
2022-07-23 19:35:38,847 [grpc-default-executor-16] WARN  server.GrpcLogAppender (LogUtils.java:warn(122)) - s1@group-1D19F5312903->s0-AppendLogResponseHandler: Failed appendEntries: org.apache.ratis.thirdparty.io.grpc.StatusRuntimeException: UNAVAILABLE: io exception
2022-07-23 19:35:38,847 [grpc-default-executor-3] WARN  server.GrpcLogAppender (LogUtils.java:warn(122)) - s1@group-1D19F5312903->s0-AppendLogResponseHandler: Failed appendEntries: org.apache.ratis.thirdparty.io.grpc.StatusRuntimeException: UNAVAILABLE: io exception
2022-07-23 19:35:38,847 [grpc-default-executor-16] WARN  server.GrpcLogAppender (GrpcLogAppender.java:resetClient(115)) - s1@group-1D19F5312903->s0-GrpcLogAppender: Leader has not got in touch with Follower s1@group-1D19F5312903->s0(c0,m0,n1, attendVote=true, lastRpcSendTime=104, lastRpcResponseTime=103) yet, just keep nextIndex unchanged and retry.
2022-07-23 19:35:38,847 [grpc-default-executor-3] WARN  server.GrpcLogAppender (GrpcLogAppender.java:resetClient(115)) - s1@group-1D19F5312903->s0-GrpcLogAppender: Leader has not got in touch with Follower s1@group-1D19F5312903->s0(c0,m0,n1, attendVote=true, lastRpcSendTime=104, lastRpcResponseTime=103) yet, just keep nextIndex unchanged and retry.
2022-07-23 19:35:38,848 [grpc-default-executor-3] WARN  server.GrpcLogAppender (LogUtils.java:warn(122)) - s1@group-1D19F5312903->s0-AppendLogResponseHandler: Failed appendEntries: org.apache.ratis.thirdparty.io.grpc.StatusRuntimeException: UNAVAILABLE: io exception
2022-07-23 19:35:38,848 [grpc-default-executor-16] WARN  server.GrpcLogAppender (LogUtils.java:warn(122)) - s1@group-1D19F5312903->s0-AppendLogResponseHandler: Failed appendEntries: org.apache.ratis.thirdparty.io.grpc.StatusRuntimeException: UNAVAILABLE: io exception
2022-07-23 19:35:38,848 [grpc-default-executor-3] WARN  server.GrpcLogAppender (GrpcLogAppender.java:resetClient(115)) - s1@group-1D19F5312903->s0-GrpcLogAppender: Leader has not got in touch with Follower s1@group-1D19F5312903->s0(c0,m0,n1, attendVote=true, lastRpcSendTime=105, lastRpcResponseTime=104) yet, just keep nextIndex unchanged and retry.
2022-07-23 19:35:38,848 [grpc-default-executor-16] WARN  server.GrpcLogAppender (GrpcLogAppender.java:resetClient(115)) - s1@group-1D19F5312903->s0-GrpcLogAppender: Leader has not got in touch with Follower s1@group-1D19F5312903->s0(c0,m0,n1, attendVote=true, lastRpcSendTime=105, lastRpcResponseTime=104) yet, just keep nextIndex unchanged and retry.
2022-07-23 19:35:38,849 [grpc-default-executor-16] WARN  server.GrpcLogAppender (LogUtils.java:warn(122)) - s1@group-1D19F5312903->s0-AppendLogResponseHandler: Failed appendEntries: org.apache.ratis.thirdparty.io.grpc.StatusRuntimeException: UNAVAILABLE: io exception
2022-07-23 19:35:38,849 [grpc-default-executor-3] WARN  server.GrpcLogAppender (LogUtils.java:warn(122)) - s1@group-1D19F5312903->s0-AppendLogResponseHandler: Failed appendEntries: org.apache.ratis.thirdparty.io.grpc.StatusRuntimeException: UNAVAILABLE: io exception
2022-07-23 19:35:38,849 [grpc-default-executor-16] WARN  server.GrpcLogAppender (GrpcLogAppender.java:resetClient(115)) - s1@group-1D19F5312903->s0-GrpcLogAppender: Leader has not got in touch with Follower s1@group-1D19F5312903->s0(c0,m0,n1, attendVote=true, lastRpcSendTime=106, lastRpcResponseTime=105) yet, just keep nextIndex unchanged and retry.
2022-07-23 19:35:38,849 [grpc-default-executor-3] WARN  server.GrpcLogAppender (GrpcLogAppender.java:resetClient(115)) - s1@group-1D19F5312903->s0-GrpcLogAppender: Leader has not got in touch with Follower s1@group-1D19F5312903->s0(c0,m0,n1, attendVote=true, lastRpcSendTime=106, lastRpcResponseTime=105) yet, just keep nextIndex unchanged and retry.
2022-07-23 19:35:38,850 [grpc-default-executor-3] WARN  server.GrpcLogAppender (LogUtils.java:warn(122)) - s1@group-1D19F5312903->s0-AppendLogResponseHandler: Failed appendEntries: org.apache.ratis.thirdparty.io.grpc.StatusRuntimeException: UNAVAILABLE: io exception
2022-07-23 19:35:38,850 [grpc-default-executor-16] WARN  server.GrpcLogAppender (LogUtils.java:warn(122)) - s1@group-1D19F5312903->s0-AppendLogResponseHandler: Failed appendEntries: org.apache.ratis.thirdparty.io.grpc.StatusRuntimeException: UNAVAILABLE: io exception
2022-07-23 19:35:38,850 [grpc-default-executor-3] WARN  server.GrpcLogAppender (GrpcLogAppender.java:resetClient(115)) - s1@group-1D19F5312903->s0-GrpcLogAppender: Leader has not got in touch with Follower s1@group-1D19F5312903->s0(c0,m0,n1, attendVote=true, lastRpcSendTime=107, lastRpcResponseTime=106) yet, just keep nextIndex unchanged and retry.
2022-07-23 19:35:38,850 [grpc-default-executor-16] WARN  server.GrpcLogAppender (GrpcLogAppender.java:resetClient(115)) - s1@group-1D19F5312903->s0-GrpcLogAppender: Leader has not got in touch with Follower s1@group-1D19F5312903->s0(c0,m0,n1, attendVote=true, lastRpcSendTime=107, lastRpcResponseTime=106) yet, just keep nextIndex unchanged and retry.
2022-07-23 19:35:38,851 [grpc-default-executor-16] WARN  server.GrpcLogAppender (LogUtils.java:warn(122)) - s1@group-1D19F5312903->s0-AppendLogResponseHandler: Failed appendEntries: org.apache.ratis.thirdparty.io.grpc.StatusRuntimeException: UNAVAILABLE: io exception
2022-07-23 19:35:38,851 [grpc-default-executor-3] WARN  server.GrpcLogAppender (LogUtils.java:warn(122)) - s1@group-1D19F5312903->s0-AppendLogResponseHandler: Failed appendEntries: org.apache.ratis.thirdparty.io.grpc.StatusRuntimeException: UNAVAILABLE: io exception
2022-07-23 19:35:38,851 [grpc-default-executor-16] WARN  server.GrpcLogAppender (GrpcLogAppender.java:resetClient(115)) - s1@group-1D19F5312903->s0-GrpcLogAppender: Leader has not got in touch with Follower s1@group-1D19F5312903->s0(c0,m0,n1, attendVote=true, lastRpcSendTime=108, lastRpcResponseTime=107) yet, just keep nextIndex unchanged and retry.
2022-07-23 19:35:38,852 [grpc-default-executor-3] WARN  server.GrpcLogAppender (GrpcLogAppender.java:resetClient(115)) - s1@group-1D19F5312903->s0-GrpcLogAppender: Leader has not got in touch with Follower s1@group-1D19F5312903->s0(c0,m0,n1, attendVote=true, lastRpcSendTime=108, lastRpcResponseTime=107) yet, just keep nextIndex unchanged and retry.
2022-07-23 19:35:38,852 [grpc-default-executor-3] WARN  server.GrpcLogAppender (LogUtils.java:warn(122)) - s1@group-1D19F5312903->s0-AppendLogResponseHandler: Failed appendEntries: org.apache.ratis.thirdparty.io.grpc.StatusRuntimeException: UNAVAILABLE: io exception
2022-07-23 19:35:38,852 [grpc-default-executor-16] WARN  server.GrpcLogAppender (LogUtils.java:warn(122)) - s1@group-1D19F5312903->s0-AppendLogResponseHandler: Failed appendEntries: org.apache.ratis.thirdparty.io.grpc.StatusRuntimeException: UNAVAILABLE: io exception
2022-07-23 19:35:38,852 [grpc-default-executor-3] WARN  server.GrpcLogAppender (GrpcLogAppender.java:resetClient(115)) - s1@group-1D19F5312903->s0-GrpcLogAppender: Leader has not got in touch with Follower s1@group-1D19F5312903->s0(c0,m0,n1, attendVote=true, lastRpcSendTime=109, lastRpcResponseTime=108) yet, just keep nextIndex unchanged and retry.
2022-07-23 19:35:38,853 [grpc-default-executor-16] WARN  server.GrpcLogAppender (GrpcLogAppender.java:resetClient(115)) - s1@group-1D19F5312903->s0-GrpcLogAppender: Leader has not got in touch with Follower s1@group-1D19F5312903->s0(c0,m0,n1, attendVote=true, lastRpcSendTime=109, lastRpcResponseTime=108) yet, just keep nextIndex unchanged and retry.
2022-07-23 19:35:38,853 [grpc-default-executor-16] WARN  server.GrpcLogAppender (LogUtils.java:warn(122)) - s1@group-1D19F5312903->s0-AppendLogResponseHandler: Failed appendEntries: org.apache.ratis.thirdparty.io.grpc.StatusRuntimeException: UNAVAILABLE: io exception
2022-07-23 19:35:38,854 [grpc-default-executor-3] WARN  server.GrpcLogAppender (LogUtils.java:warn(122)) - s1@group-1D19F5312903->s0-AppendLogResponseHandler: Failed appendEntries: org.apache.ratis.thirdparty.io.grpc.StatusRuntimeException: UNAVAILABLE: io exception
2022-07-23 19:35:38,854 [grpc-default-executor-16] WARN  server.GrpcLogAppender (GrpcLogAppender.java:resetClient(115)) - s1@group-1D19F5312903->s0-GrpcLogAppender: Leader has not got in touch with Follower s1@group-1D19F5312903->s0(c0,m0,n1, attendVote=true, lastRpcSendTime=110, lastRpcResponseTime=109) yet, just keep nextIndex unchanged and retry.
2022-07-23 19:35:38,854 [grpc-default-executor-3] WARN  server.GrpcLogAppender (GrpcLogAppender.java:resetClient(115)) - s1@group-1D19F5312903->s0-GrpcLogAppender: Leader has not got in touch with Follower s1@group-1D19F5312903->s0(c0,m0,n1, attendVote=true, lastRpcSendTime=111, lastRpcResponseTime=110) yet, just keep nextIndex unchanged and retry.
2022-07-23 19:35:38,855 [grpc-default-executor-16] WARN  server.GrpcLogAppender (LogUtils.java:warn(122)) - s1@group-1D19F5312903->s0-AppendLogResponseHandler: Failed appendEntries: org.apache.ratis.thirdparty.io.grpc.StatusRuntimeException: UNAVAILABLE: io exception
2022-07-23 19:35:38,855 [grpc-default-executor-16] WARN  server.GrpcLogAppender (GrpcLogAppender.java:resetClient(115)) - s1@group-1D19F5312903->s0-GrpcLogAppender: Leader has not got in touch with Follower s1@group-1D19F5312903->s0(c0,m0,n1, attendVote=true, lastRpcSendTime=0, lastRpcResponseTime=110) yet, just keep nextIndex unchanged and retry.
2022-07-23 19:35:38,855 [grpc-default-executor-3] WARN  server.GrpcLogAppender (LogUtils.java:warn(122)) - s1@group-1D19F5312903->s0-AppendLogResponseHandler: Failed appendEntries: org.apache.ratis.thirdparty.io.grpc.StatusRuntimeException: UNAVAILABLE: io exception
2022-07-23 19:35:38,855 [grpc-default-executor-3] WARN  server.GrpcLogAppender (GrpcLogAppender.java:resetClient(115)) - s1@group-1D19F5312903->s0-GrpcLogAppender: Leader has not got in touch with Follower s1@group-1D19F5312903->s0(c0,m0,n1, attendVote=true, lastRpcSendTime=0, lastRpcResponseTime=111) yet, just keep nextIndex unchanged and retry.
2022-07-23 19:35:38,875 [s1-client-thread1] DEBUG server.RaftServer$Division (RaftServerImpl.java:submitClientRequestAsync(803)) - s1@group-1D19F5312903: receive client request(RaftClientRequest:client-62CCDED19661->s1@group-1D19F5312903, cid=2752, seq=1*, Watch(0), Message:<EMPTY>)
2022-07-23 19:35:38,875 [s1-client-thread1] DEBUG server.RaftServer$Division (LeaderStateImpl.java:addWatchReqeust(419)) - s1@group-1D19F5312903-LeaderStateImpl: addWatchRequest RaftClientRequest:client-62CCDED19661->s1@group-1D19F5312903, cid=2752, seq=1*, Watch(0), Message:<EMPTY>
2022-07-23 19:35:38,891 [s1-client-thread1] DEBUG server.RaftServer$Division (RaftServerImpl.java:submitClientRequestAsync(803)) - s1@group-1D19F5312903: receive client request(RaftClientRequest:client-62CCDED19661->s1@group-1D19F5312903, cid=2753, seq=2, RW, Message:6d30)
2022-07-23 19:35:38,891 [s1-client-thread1] DEBUG server.RaftServer$Division (LeaderStateImpl.java:addPendingRequest(401)) - s1@group-1D19F5312903-LeaderStateImpl: addPendingRequest at RaftClientRequest:client-62CCDED19661->s1@group-1D19F5312903, cid=2753, seq=2, RW, Message:6d30, entry=(t:1, i:1), STATEMACHINELOGENTRY, 2753@client-62CCDED19661
2022-07-23 19:35:38,892 [s2-server-thread2] DEBUG server.RaftServer$Division (RaftServerImpl.java:logAppendEntries(1305)) - s2@group-1D19F5312903: receive appendEntries(s1, 1, (t:1, i:0), 0, true, commits:[s1:c0, s0:c0, s2:c0], cId:16, entries: (t:1, i:1), STATEMACHINELOGENTRY, 2753@client-62CCDED19661
2022-07-23 19:35:38,892 [s1-client-thread1] DEBUG server.RaftServer$Division (RaftServerImpl.java:submitClientRequestAsync(803)) - s1@group-1D19F5312903: receive client request(RaftClientRequest:client-62CCDED19661->s1@group-1D19F5312903, cid=2754, seq=3, RW, Message:6d31)
2022-07-23 19:35:38,892 [s1-client-thread1] DEBUG server.RaftServer$Division (LeaderStateImpl.java:addPendingRequest(401)) - s1@group-1D19F5312903-LeaderStateImpl: addPendingRequest at RaftClientRequest:client-62CCDED19661->s1@group-1D19F5312903, cid=2754, seq=3, RW, Message:6d31, entry=(t:1, i:2), STATEMACHINELOGENTRY, 2754@client-62CCDED19661
2022-07-23 19:35:38,893 [s1-client-thread1] DEBUG server.RaftServer$Division (RaftServerImpl.java:submitClientRequestAsync(803)) - s1@group-1D19F5312903: receive client request(RaftClientRequest:client-62CCDED19661->s1@group-1D19F5312903, cid=2755, seq=4, RW, Message:6d32)
2022-07-23 19:35:38,893 [s1-client-thread1] DEBUG server.RaftServer$Division (LeaderStateImpl.java:addPendingRequest(401)) - s1@group-1D19F5312903-LeaderStateImpl: addPendingRequest at RaftClientRequest:client-62CCDED19661->s1@group-1D19F5312903, cid=2755, seq=4, RW, Message:6d32, entry=(t:1, i:3), STATEMACHINELOGENTRY, 2755@client-62CCDED19661
2022-07-23 19:35:38,893 [s1-client-thread1] DEBUG server.RaftServer$Division (RaftServerImpl.java:submitClientRequestAsync(803)) - s1@group-1D19F5312903: receive client request(RaftClientRequest:client-62CCDED19661->s1@group-1D19F5312903, cid=2756, seq=5, RW, Message:6d33)
2022-07-23 19:35:38,894 [s1-client-thread1] DEBUG server.RaftServer$Division (LeaderStateImpl.java:addPendingRequest(401)) - s1@group-1D19F5312903-LeaderStateImpl: addPendingRequest at RaftClientRequest:client-62CCDED19661->s1@group-1D19F5312903, cid=2756, seq=5, RW, Message:6d33, entry=(t:1, i:4), STATEMACHINELOGENTRY, 2756@client-62CCDED19661
2022-07-23 19:35:38,894 [s1-client-thread1] DEBUG server.RaftServer$Division (RaftServerImpl.java:submitClientRequestAsync(803)) - s1@group-1D19F5312903: receive client request(RaftClientRequest:client-62CCDED19661->s1@group-1D19F5312903, cid=2757, seq=6, RW, Message:6d34)
2022-07-23 19:35:38,894 [s1-client-thread1] DEBUG server.RaftServer$Division (LeaderStateImpl.java:addPendingRequest(401)) - s1@group-1D19F5312903-LeaderStateImpl: addPendingRequest at RaftClientRequest:client-62CCDED19661->s1@group-1D19F5312903, cid=2757, seq=6, RW, Message:6d34, entry=(t:1, i:5), STATEMACHINELOGENTRY, 2757@client-62CCDED19661
2022-07-23 19:35:38,894 [s1-client-thread1] DEBUG server.RaftServer$Division (RaftServerImpl.java:submitClientRequestAsync(803)) - s1@group-1D19F5312903: receive client request(RaftClientRequest:client-62CCDED19661->s1@group-1D19F5312903, cid=2758, seq=7, RW, Message:6d35)
2022-07-23 19:35:38,894 [s2-server-thread2] DEBUG server.RaftServer$Division (RaftServerImpl.java:logAppendEntries(1305)) - s2@group-1D19F5312903: receive appendEntries(s1, 1, (t:1, i:1), 0, true, commits:[s1:c0, s0:c0, s2:c0], cId:17, entries: (t:1, i:2), STATEMACHINELOGENTRY, 2754@client-62CCDED19661
2022-07-23 19:35:38,894 [s1-client-thread1] DEBUG server.RaftServer$Division (LeaderStateImpl.java:addPendingRequest(401)) - s1@group-1D19F5312903-LeaderStateImpl: addPendingRequest at RaftClientRequest:client-62CCDED19661->s1@group-1D19F5312903, cid=2758, seq=7, RW, Message:6d35, entry=(t:1, i:6), STATEMACHINELOGENTRY, 2758@client-62CCDED19661
2022-07-23 19:35:38,894 [s1-client-thread1] DEBUG server.RaftServer$Division (RaftServerImpl.java:submitClientRequestAsync(803)) - s1@group-1D19F5312903: receive client request(RaftClientRequest:client-62CCDED19661->s1@group-1D19F5312903, cid=2759, seq=8, RW, Message:6d36)
2022-07-23 19:35:38,894 [s1-client-thread1] DEBUG server.RaftServer$Division (LeaderStateImpl.java:addPendingRequest(401)) - s1@group-1D19F5312903-LeaderStateImpl: addPendingRequest at RaftClientRequest:client-62CCDED19661->s1@group-1D19F5312903, cid=2759, seq=8, RW, Message:6d36, entry=(t:1, i:7), STATEMACHINELOGENTRY, 2759@client-62CCDED19661
2022-07-23 19:35:38,894 [s1-client-thread1] DEBUG server.RaftServer$Division (RaftServerImpl.java:submitClientRequestAsync(803)) - s1@group-1D19F5312903: receive client request(RaftClientRequest:client-62CCDED19661->s1@group-1D19F5312903, cid=2760, seq=9, RW, Message:6d37)
2022-07-23 19:35:38,894 [s1-client-thread1] DEBUG server.RaftServer$Division (LeaderStateImpl.java:addPendingRequest(401)) - s1@group-1D19F5312903-LeaderStateImpl: addPendingRequest at RaftClientRequest:client-62CCDED19661->s1@group-1D19F5312903, cid=2760, seq=9, RW, Message:6d37, entry=(t:1, i:8), STATEMACHINELOGENTRY, 2760@client-62CCDED19661
2022-07-23 19:35:38,895 [s1-client-thread1] DEBUG server.RaftServer$Division (RaftServerImpl.java:submitClientRequestAsync(803)) - s1@group-1D19F5312903: receive client request(RaftClientRequest:client-62CCDED19661->s1@group-1D19F5312903, cid=2761, seq=10, RW, Message:6d38)
2022-07-23 19:35:38,895 [s1-client-thread1] DEBUG server.RaftServer$Division (LeaderStateImpl.java:addPendingRequest(401)) - s1@group-1D19F5312903-LeaderStateImpl: addPendingRequest at RaftClientRequest:client-62CCDED19661->s1@group-1D19F5312903, cid=2761, seq=10, RW, Message:6d38, entry=(t:1, i:9), STATEMACHINELOGENTRY, 2761@client-62CCDED19661
2022-07-23 19:35:38,895 [s1-client-thread1] DEBUG server.RaftServer$Division (RaftServerImpl.java:submitClientRequestAsync(803)) - s1@group-1D19F5312903: receive client request(RaftClientRequest:client-62CCDED19661->s1@group-1D19F5312903, cid=2762, seq=11, RW, Message:6d39)
2022-07-23 19:35:38,895 [s1-client-thread1] DEBUG server.RaftServer$Division (LeaderStateImpl.java:addPendingRequest(401)) - s1@group-1D19F5312903-LeaderStateImpl: addPendingRequest at RaftClientRequest:client-62CCDED19661->s1@group-1D19F5312903, cid=2762, seq=11, RW, Message:6d39, entry=(t:1, i:10), STATEMACHINELOGENTRY, 2762@client-62CCDED19661
2022-07-23 19:35:38,895 [s1-client-thread1] DEBUG server.RaftServer$Division (RaftServerImpl.java:submitClientRequestAsync(803)) - s1@group-1D19F5312903: receive client request(RaftClientRequest:client-62CCDED19661->s1@group-1D19F5312903, cid=2763, seq=12, RW, Message:6d3130)
2022-07-23 19:35:38,895 [s1-client-thread1] DEBUG server.RaftServer$Division (LeaderStateImpl.java:addPendingRequest(401)) - s1@group-1D19F5312903-LeaderStateImpl: addPendingRequest at RaftClientRequest:client-62CCDED19661->s1@group-1D19F5312903, cid=2763, seq=12, RW, Message:6d3130, entry=(t:1, i:11), STATEMACHINELOGENTRY, 2763@client-62CCDED19661
2022-07-23 19:35:38,895 [s2-server-thread2] DEBUG server.RaftServer$Division (RaftServerImpl.java:logAppendEntries(1305)) - s2@group-1D19F5312903: receive appendEntries(s1, 1, (t:1, i:2), 0, true, commits:[s1:c0, s0:c0, s2:c0], cId:18, entries: (t:1, i:3), STATEMACHINELOGENTRY, 2755@client-62CCDED19661
2022-07-23 19:35:38,895 [s1-client-thread1] DEBUG server.RaftServer$Division (RaftServerImpl.java:submitClientRequestAsync(803)) - s1@group-1D19F5312903: receive client request(RaftClientRequest:client-62CCDED19661->s1@group-1D19F5312903, cid=2764, seq=13, RW, Message:6d3131)
2022-07-23 19:35:38,895 [s1-client-thread1] DEBUG server.RaftServer$Division (LeaderStateImpl.java:addPendingRequest(401)) - s1@group-1D19F5312903-LeaderStateImpl: addPendingRequest at RaftClientRequest:client-62CCDED19661->s1@group-1D19F5312903, cid=2764, seq=13, RW, Message:6d3131, entry=(t:1, i:12), STATEMACHINELOGENTRY, 2764@client-62CCDED19661
2022-07-23 19:35:38,896 [s1-client-thread1] DEBUG server.RaftServer$Division (RaftServerImpl.java:submitClientRequestAsync(803)) - s1@group-1D19F5312903: receive client request(RaftClientRequest:client-62CCDED19661->s1@group-1D19F5312903, cid=2765, seq=14, RW, Message:6d3132)
2022-07-23 19:35:38,896 [s1-client-thread1] DEBUG server.RaftServer$Division (LeaderStateImpl.java:addPendingRequest(401)) - s1@group-1D19F5312903-LeaderStateImpl: addPendingRequest at RaftClientRequest:client-62CCDED19661->s1@group-1D19F5312903, cid=2765, seq=14, RW, Message:6d3132, entry=(t:1, i:13), STATEMACHINELOGENTRY, 2765@client-62CCDED19661
2022-07-23 19:35:38,896 [s1-client-thread1] DEBUG server.RaftServer$Division (RaftServerImpl.java:submitClientRequestAsync(803)) - s1@group-1D19F5312903: receive client request(RaftClientRequest:client-62CCDED19661->s1@group-1D19F5312903, cid=2766, seq=15, RW, Message:6d3133)
2022-07-23 19:35:38,896 [s1-client-thread1] DEBUG server.RaftServer$Division (LeaderStateImpl.java:addPendingRequest(401)) - s1@group-1D19F5312903-LeaderStateImpl: addPendingRequest at RaftClientRequest:client-62CCDED19661->s1@group-1D19F5312903, cid=2766, seq=15, RW, Message:6d3133, entry=(t:1, i:14), STATEMACHINELOGENTRY, 2766@client-62CCDED19661
2022-07-23 19:35:38,896 [s2-server-thread2] DEBUG server.RaftServer$Division (RaftServerImpl.java:logAppendEntries(1305)) - s2@group-1D19F5312903: receive appendEntries(s1, 1, (t:1, i:3), 0, true, commits:[s1:c0, s0:c0, s2:c0], cId:19, entries: [(t:1, i:4), STATEMACHINELOGENTRY, 2756@client-62CCDED19661, (t:1, i:5), STATEMACHINELOGENTRY, 2757@client-62CCDED19661]
2022-07-23 19:35:38,896 [s2-server-thread2] DEBUG server.RaftServer$Division (RaftServerImpl.java:logAppendEntries(1305)) - s2@group-1D19F5312903: receive appendEntries(s1, 1, (t:1, i:5), 0, true, commits:[s1:c0, s0:c0, s2:c0], cId:20, entries: (t:1, i:6), STATEMACHINELOGENTRY, 2758@client-62CCDED19661
2022-07-23 19:35:38,896 [s2-server-thread2] DEBUG server.RaftServer$Division (RaftServerImpl.java:logAppendEntries(1305)) - s2@group-1D19F5312903: receive appendEntries(s1, 1, (t:1, i:6), 0, true, commits:[s1:c0, s0:c0, s2:c0], cId:21, entries: (t:1, i:7), STATEMACHINELOGENTRY, 2759@client-62CCDED19661
2022-07-23 19:35:38,897 [s2-server-thread2] DEBUG server.RaftServer$Division (RaftServerImpl.java:logAppendEntries(1305)) - s2@group-1D19F5312903: receive appendEntries(s1, 1, (t:1, i:7), 0, true, commits:[s1:c0, s0:c0, s2:c0], cId:22, entries: (t:1, i:8), STATEMACHINELOGENTRY, 2760@client-62CCDED19661
2022-07-23 19:35:38,897 [s2-server-thread2] DEBUG server.RaftServer$Division (RaftServerImpl.java:logAppendEntries(1305)) - s2@group-1D19F5312903: receive appendEntries(s1, 1, (t:1, i:8), 0, true, commits:[s1:c0, s0:c0, s2:c0], cId:23, entries: (t:1, i:9), STATEMACHINELOGENTRY, 2761@client-62CCDED19661
2022-07-23 19:35:38,897 [s2-server-thread2] DEBUG server.RaftServer$Division (RaftServerImpl.java:logAppendEntries(1305)) - s2@group-1D19F5312903: receive appendEntries(s1, 1, (t:1, i:9), 0, true, commits:[s1:c0, s0:c0, s2:c0], cId:24, entries: (t:1, i:10), STATEMACHINELOGENTRY, 2762@client-62CCDED19661
2022-07-23 19:35:38,897 [s2-server-thread2] DEBUG server.RaftServer$Division (RaftServerImpl.java:logAppendEntries(1305)) - s2@group-1D19F5312903: receive appendEntries(s1, 1, (t:1, i:10), 0, true, commits:[s1:c0, s0:c0, s2:c0], cId:25, entries: [(t:1, i:11), STATEMACHINELOGENTRY, 2763@client-62CCDED19661, (t:1, i:12), STATEMACHINELOGENTRY, 2764@client-62CCDED19661]
2022-07-23 19:35:38,897 [s2-server-thread2] DEBUG server.RaftServer$Division (RaftServerImpl.java:logAppendEntries(1305)) - s2@group-1D19F5312903: receive appendEntries(s1, 1, (t:1, i:12), 0, true, commits:[s1:c0, s0:c0, s2:c0], cId:26, entries: (t:1, i:13), STATEMACHINELOGENTRY, 2765@client-62CCDED19661
2022-07-23 19:35:38,897 [s2-server-thread2] DEBUG server.RaftServer$Division (RaftServerImpl.java:logAppendEntries(1305)) - s2@group-1D19F5312903: receive appendEntries(s1, 1, (t:1, i:13), 0, true, commits:[s1:c0, s0:c0, s2:c0], cId:27, entries: (t:1, i:14), STATEMACHINELOGENTRY, 2766@client-62CCDED19661
2022-07-23 19:35:38,898 [Thread-9268] DEBUG server.RaftServer$Division (RaftServerImpl.java:logAppendEntries(1305)) - s2@group-1D19F5312903: succeeded to handle AppendEntries. Reply: s1<-s2#16:OK-t1,SUCCESS,nextIndex=2,followerCommit=0,matchIndex=1
2022-07-23 19:35:38,898 [s1@group-1D19F5312903-StateMachineUpdater] INFO  statemachine.SimpleStateMachine4Testing (SimpleStateMachine4Testing.java:put(204)) - s1: put 1, m0 -> (t:1, i:1), STATEMACHINELOGENTRY, 2753@client-62CCDED19661
2022-07-23 19:35:38,898 [s2-server-thread2] DEBUG server.RaftServer$Division (RaftServerImpl.java:logAppendEntries(1305)) - s2@group-1D19F5312903: receive appendEntries(s1, 1, (t:1, i:14), 1, true, commits:[s1:c1, s0:c0, s2:c0], cId:28, entries: (t:1, i:15), METADATAENTRY(c:1)
2022-07-23 19:35:38,899 [grpc-default-executor-16] WARN  server.GrpcLogAppender (LogUtils.java:warn(122)) - s1@group-1D19F5312903->s0-AppendLogResponseHandler: Failed appendEntries: org.apache.ratis.thirdparty.io.grpc.StatusRuntimeException: UNAVAILABLE: io exception
2022-07-23 19:35:38,899 [grpc-default-executor-16] WARN  server.GrpcLogAppender (GrpcLogAppender.java:resetClient(115)) - s1@group-1D19F5312903->s0-GrpcLogAppender: Leader has not got in touch with Follower s1@group-1D19F5312903->s0(c0,m0,n2, attendVote=true, lastRpcSendTime=0, lastRpcResponseTime=155) yet, just keep nextIndex unchanged and retry.
2022-07-23 19:35:38,899 [grpc-default-executor-12] WARN  server.GrpcLogAppender (LogUtils.java:warn(122)) - s1@group-1D19F5312903->s0-AppendLogResponseHandler: Failed appendEntries: org.apache.ratis.thirdparty.io.grpc.StatusRuntimeException: UNAVAILABLE: io exception
2022-07-23 19:35:38,900 [grpc-default-executor-12] WARN  server.GrpcLogAppender (GrpcLogAppender.java:resetClient(115)) - s1@group-1D19F5312903->s0-GrpcLogAppender: Leader has not got in touch with Follower s1@group-1D19F5312903->s0(c0,m0,n2, attendVote=true, lastRpcSendTime=0, lastRpcResponseTime=155) yet, just keep nextIndex unchanged and retry.
2022-07-23 19:35:38,900 [s1-client-thread2] DEBUG server.RaftServer$Division (RaftServerImpl.java:submitClientRequestAsync(803)) - s1@group-1D19F5312903: receive client request(RaftClientRequest:client-62CCDED19661->s1@group-1D19F5312903, cid=2767, seq=16, RW, Message:6d3134)
2022-07-23 19:35:38,910 [Thread-9270] DEBUG server.RaftServer$Division (RaftServerImpl.java:logAppendEntries(1305)) - s2@group-1D19F5312903: succeeded to handle AppendEntries. Reply: s1<-s2#17:OK-t1,SUCCESS,nextIndex=3,followerCommit=0,matchIndex=2
2022-07-23 19:35:38,910 [Thread-9271] DEBUG server.RaftServer$Division (RaftServerImpl.java:logAppendEntries(1305)) - s2@group-1D19F5312903: succeeded to handle AppendEntries. Reply: s1<-s2#18:OK-t1,SUCCESS,nextIndex=4,followerCommit=0,matchIndex=3
2022-07-23 19:35:38,910 [Thread-9272] DEBUG server.RaftServer$Division (RaftServerImpl.java:logAppendEntries(1305)) - s2@group-1D19F5312903: succeeded to handle AppendEntries. Reply: s1<-s2#19:OK-t1,SUCCESS,nextIndex=6,followerCommit=0,matchIndex=5
2022-07-23 19:35:38,919 [s1-client-thread2] DEBUG server.RaftServer$Division (LeaderStateImpl.java:addPendingRequest(401)) - s1@group-1D19F5312903-LeaderStateImpl: addPendingRequest at RaftClientRequest:client-62CCDED19661->s1@group-1D19F5312903, cid=2767, seq=16, RW, Message:6d3134, entry=(t:1, i:16), STATEMACHINELOGENTRY, 2767@client-62CCDED19661
2022-07-23 19:35:38,920 [s1@group-1D19F5312903-StateMachineUpdater] INFO  statemachine.SimpleStateMachine4Testing (SimpleStateMachine4Testing.java:put(204)) - s1: put 2, m1 -> (t:1, i:2), STATEMACHINELOGENTRY, 2754@client-62CCDED19661
2022-07-23 19:35:38,920 [s1@group-1D19F5312903-StateMachineUpdater] INFO  statemachine.SimpleStateMachine4Testing (SimpleStateMachine4Testing.java:put(204)) - s1: put 3, m2 -> (t:1, i:3), STATEMACHINELOGENTRY, 2755@client-62CCDED19661
2022-07-23 19:35:38,920 [s1@group-1D19F5312903-StateMachineUpdater] INFO  statemachine.SimpleStateMachine4Testing (SimpleStateMachine4Testing.java:put(204)) - s1: put 4, m3 -> (t:1, i:4), STATEMACHINELOGENTRY, 2756@client-62CCDED19661
2022-07-23 19:35:38,920 [s1@group-1D19F5312903-StateMachineUpdater] INFO  statemachine.SimpleStateMachine4Testing (SimpleStateMachine4Testing.java:put(204)) - s1: put 5, m4 -> (t:1, i:5), STATEMACHINELOGENTRY, 2757@client-62CCDED19661
2022-07-23 19:35:38,920 [grpc-default-executor-12] WARN  server.GrpcLogAppender (LogUtils.java:warn(122)) - s1@group-1D19F5312903->s0-AppendLogResponseHandler: Failed appendEntries: org.apache.ratis.thirdparty.io.grpc.StatusRuntimeException: UNAVAILABLE: io exception
2022-07-23 19:35:38,920 [grpc-default-executor-12] WARN  server.GrpcLogAppender (GrpcLogAppender.java:resetClient(115)) - s1@group-1D19F5312903->s0-GrpcLogAppender: Leader has not got in touch with Follower s1@group-1D19F5312903->s0(c0,m0,n18, attendVote=true, lastRpcSendTime=0, lastRpcResponseTime=176) yet, just keep nextIndex unchanged and retry.
2022-07-23 19:35:38,920 [grpc-default-executor-3] WARN  server.GrpcLogAppender (LogUtils.java:warn(122)) - s1@group-1D19F5312903->s0-AppendLogResponseHandler: Failed appendEntries: org.apache.ratis.thirdparty.io.grpc.StatusRuntimeException: UNAVAILABLE: io exception
2022-07-23 19:35:38,921 [s2-server-thread2] DEBUG server.RaftServer$Division (RaftServerImpl.java:logAppendEntries(1305)) - s2@group-1D19F5312903: receive appendEntries(s1, 1, (t:1, i:15), 5, true, commits:[s1:c5, s0:c0, s2:c0], cId:33, entries: [(t:1, i:16), STATEMACHINELOGENTRY, 2767@client-62CCDED19661, (t:1, i:17), METADATAENTRY(c:5)]
2022-07-23 19:35:38,921 [grpc-default-executor-3] WARN  server.GrpcLogAppender (GrpcLogAppender.java:resetClient(115)) - s1@group-1D19F5312903->s0-GrpcLogAppender: Leader has not got in touch with Follower s1@group-1D19F5312903->s0(c0,m0,n18, attendVote=true, lastRpcSendTime=1, lastRpcResponseTime=177) yet, just keep nextIndex unchanged and retry.
2022-07-23 19:35:38,921 [s1-client-thread2] DEBUG server.RaftServer$Division (RaftServerImpl.java:submitClientRequestAsync(803)) - s1@group-1D19F5312903: receive client request(RaftClientRequest:client-62CCDED19661->s1@group-1D19F5312903, cid=2768, seq=17, RW, Message:6d3135)
2022-07-23 19:35:38,921 [s1-client-thread2] DEBUG server.RaftServer$Division (LeaderStateImpl.java:addPendingRequest(401)) - s1@group-1D19F5312903-LeaderStateImpl: addPendingRequest at RaftClientRequest:client-62CCDED19661->s1@group-1D19F5312903, cid=2768, seq=17, RW, Message:6d3135, entry=(t:1, i:18), STATEMACHINELOGENTRY, 2768@client-62CCDED19661
2022-07-23 19:35:38,922 [grpc-default-executor-3] WARN  server.GrpcLogAppender (LogUtils.java:warn(122)) - s1@group-1D19F5312903->s0-AppendLogResponseHandler: Failed appendEntries: org.apache.ratis.thirdparty.io.grpc.StatusRuntimeException: UNAVAILABLE: io exception
2022-07-23 19:35:38,922 [grpc-default-executor-3] WARN  server.GrpcLogAppender (GrpcLogAppender.java:resetClient(115)) - s1@group-1D19F5312903->s0-GrpcLogAppender: Leader has not got in touch with Follower s1@group-1D19F5312903->s0(c0,m0,n19, attendVote=true, lastRpcSendTime=0, lastRpcResponseTime=178) yet, just keep nextIndex unchanged and retry.
2022-07-23 19:35:38,922 [grpc-default-executor-11] WARN  server.GrpcLogAppender (LogUtils.java:warn(122)) - s1@group-1D19F5312903->s0-AppendLogResponseHandler: Failed appendEntries: org.apache.ratis.thirdparty.io.grpc.StatusRuntimeException: UNAVAILABLE: io exception
2022-07-23 19:35:38,922 [grpc-default-executor-11] WARN  server.GrpcLogAppender (GrpcLogAppender.java:resetClient(115)) - s1@group-1D19F5312903->s0-GrpcLogAppender: Leader has not got in touch with Follower s1@group-1D19F5312903->s0(c0,m0,n19, attendVote=true, lastRpcSendTime=0, lastRpcResponseTime=178) yet, just keep nextIndex unchanged and retry.
2022-07-23 19:35:38,922 [s1-client-thread2] DEBUG server.RaftServer$Division (RaftServerImpl.java:submitClientRequestAsync(803)) - s1@group-1D19F5312903: receive client request(RaftClientRequest:client-62CCDED19661->s1@group-1D19F5312903, cid=2769, seq=18, RW, Message:6d3136)
2022-07-23 19:35:38,923 [s2-server-thread2] DEBUG server.RaftServer$Division (RaftServerImpl.java:logAppendEntries(1305)) - s2@group-1D19F5312903: receive appendEntries(s1, 1, (t:1, i:17), 5, true, commits:[s1:c5, s0:c0, s2:c0], cId:34, entries: (t:1, i:18), STATEMACHINELOGENTRY, 2768@client-62CCDED19661
2022-07-23 19:35:38,924 [s1-client-thread2] DEBUG server.RaftServer$Division (LeaderStateImpl.java:addPendingRequest(401)) - s1@group-1D19F5312903-LeaderStateImpl: addPendingRequest at RaftClientRequest:client-62CCDED19661->s1@group-1D19F5312903, cid=2769, seq=18, RW, Message:6d3136, entry=(t:1, i:19), STATEMACHINELOGENTRY, 2769@client-62CCDED19661
2022-07-23 19:35:38,924 [grpc-default-executor-16] WARN  server.GrpcLogAppender (LogUtils.java:warn(122)) - s1@group-1D19F5312903->s0-AppendLogResponseHandler: Failed appendEntries: org.apache.ratis.thirdparty.io.grpc.StatusRuntimeException: UNAVAILABLE: io exception
2022-07-23 19:35:38,924 [grpc-default-executor-16] WARN  server.GrpcLogAppender (GrpcLogAppender.java:resetClient(115)) - s1@group-1D19F5312903->s0-GrpcLogAppender: Leader has not got in touch with Follower s1@group-1D19F5312903->s0(c0,m0,n20, attendVote=true, lastRpcSendTime=0, lastRpcResponseTime=180) yet, just keep nextIndex unchanged and retry.
2022-07-23 19:35:38,924 [grpc-default-executor-11] WARN  server.GrpcLogAppender (LogUtils.java:warn(122)) - s1@group-1D19F5312903->s0-AppendLogResponseHandler: Failed appendEntries: org.apache.ratis.thirdparty.io.grpc.StatusRuntimeException: UNAVAILABLE: io exception
2022-07-23 19:35:38,924 [grpc-default-executor-11] WARN  server.GrpcLogAppender (GrpcLogAppender.java:resetClient(115)) - s1@group-1D19F5312903->s0-GrpcLogAppender: Leader has not got in touch with Follower s1@group-1D19F5312903->s0(c0,m0,n20, attendVote=true, lastRpcSendTime=0, lastRpcResponseTime=180) yet, just keep nextIndex unchanged and retry.
2022-07-23 19:35:38,924 [s2-server-thread2] DEBUG server.RaftServer$Division (RaftServerImpl.java:logAppendEntries(1305)) - s2@group-1D19F5312903: receive appendEntries(s1, 1, (t:1, i:18), 5, true, commits:[s1:c5, s0:c0, s2:c0], cId:35, entries: (t:1, i:19), STATEMACHINELOGENTRY, 2769@client-62CCDED19661
2022-07-23 19:35:38,924 [s1-client-thread2] DEBUG server.RaftServer$Division (RaftServerImpl.java:submitClientRequestAsync(803)) - s1@group-1D19F5312903: receive client request(RaftClientRequest:client-62CCDED19661->s1@group-1D19F5312903, cid=2770, seq=19, RW, Message:6d3137)
2022-07-23 19:35:38,925 [s1-client-thread2] DEBUG server.RaftServer$Division (LeaderStateImpl.java:addPendingRequest(401)) - s1@group-1D19F5312903-LeaderStateImpl: addPendingRequest at RaftClientRequest:client-62CCDED19661->s1@group-1D19F5312903, cid=2770, seq=19, RW, Message:6d3137, entry=(t:1, i:20), STATEMACHINELOGENTRY, 2770@client-62CCDED19661
2022-07-23 19:35:38,925 [grpc-default-executor-11] WARN  server.GrpcLogAppender (LogUtils.java:warn(122)) - s1@group-1D19F5312903->s0-AppendLogResponseHandler: Failed appendEntries: org.apache.ratis.thirdparty.io.grpc.StatusRuntimeException: UNAVAILABLE: io exception
2022-07-23 19:35:38,925 [grpc-default-executor-3] WARN  server.GrpcLogAppender (LogUtils.java:warn(122)) - s1@group-1D19F5312903->s0-AppendLogResponseHandler: Failed appendEntries: org.apache.ratis.thirdparty.io.grpc.StatusRuntimeException: UNAVAILABLE: io exception
2022-07-23 19:35:38,925 [grpc-default-executor-11] WARN  server.GrpcLogAppender (GrpcLogAppender.java:resetClient(115)) - s1@group-1D19F5312903->s0-GrpcLogAppender: Leader has not got in touch with Follower s1@group-1D19F5312903->s0(c0,m0,n21, attendVote=true, lastRpcSendTime=0, lastRpcResponseTime=181) yet, just keep nextIndex unchanged and retry.
2022-07-23 19:35:38,925 [grpc-default-executor-3] WARN  server.GrpcLogAppender (GrpcLogAppender.java:resetClient(115)) - s1@group-1D19F5312903->s0-GrpcLogAppender: Leader has not got in touch with Follower s1@group-1D19F5312903->s0(c0,m0,n21, attendVote=true, lastRpcSendTime=0, lastRpcResponseTime=181) yet, just keep nextIndex unchanged and retry.
2022-07-23 19:35:38,926 [s1-client-thread2] DEBUG server.RaftServer$Division (RaftServerImpl.java:submitClientRequestAsync(803)) - s1@group-1D19F5312903: receive client request(RaftClientRequest:client-62CCDED19661->s1@group-1D19F5312903, cid=2771, seq=20, RW, Message:6d3138)
2022-07-23 19:35:38,926 [s1-client-thread2] DEBUG server.RaftServer$Division (LeaderStateImpl.java:addPendingRequest(401)) - s1@group-1D19F5312903-LeaderStateImpl: addPendingRequest at RaftClientRequest:client-62CCDED19661->s1@group-1D19F5312903, cid=2771, seq=20, RW, Message:6d3138, entry=(t:1, i:21), STATEMACHINELOGENTRY, 2771@client-62CCDED19661
2022-07-23 19:35:38,926 [s2-server-thread2] DEBUG server.RaftServer$Division (RaftServerImpl.java:logAppendEntries(1305)) - s2@group-1D19F5312903: receive appendEntries(s1, 1, (t:1, i:19), 5, true, commits:[s1:c5, s0:c0, s2:c0], cId:36, entries: (t:1, i:20), STATEMACHINELOGENTRY, 2770@client-62CCDED19661
2022-07-23 19:35:38,926 [grpc-default-executor-11] WARN  server.GrpcLogAppender (LogUtils.java:warn(122)) - s1@group-1D19F5312903->s0-AppendLogResponseHandler: Failed appendEntries: org.apache.ratis.thirdparty.io.grpc.StatusRuntimeException: UNAVAILABLE: io exception
2022-07-23 19:35:38,926 [s1-client-thread2] DEBUG server.RaftServer$Division (RaftServerImpl.java:submitClientRequestAsync(803)) - s1@group-1D19F5312903: receive client request(RaftClientRequest:client-62CCDED19661->s1@group-1D19F5312903, cid=2772, seq=21, RW, Message:6d3139)
2022-07-23 19:35:38,926 [s1-client-thread2] DEBUG server.RaftServer$Division (LeaderStateImpl.java:addPendingRequest(401)) - s1@group-1D19F5312903-LeaderStateImpl: addPendingRequest at RaftClientRequest:client-62CCDED19661->s1@group-1D19F5312903, cid=2772, seq=21, RW, Message:6d3139, entry=(t:1, i:22), STATEMACHINELOGENTRY, 2772@client-62CCDED19661
2022-07-23 19:35:38,926 [grpc-default-executor-11] WARN  server.GrpcLogAppender (GrpcLogAppender.java:resetClient(115)) - s1@group-1D19F5312903->s0-GrpcLogAppender: Leader has not got in touch with Follower s1@group-1D19F5312903->s0(c0,m0,n22, attendVote=true, lastRpcSendTime=0, lastRpcResponseTime=182) yet, just keep nextIndex unchanged and retry.
2022-07-23 19:35:38,926 [grpc-default-executor-3] WARN  server.GrpcLogAppender (LogUtils.java:warn(122)) - s1@group-1D19F5312903->s0-AppendLogResponseHandler: Failed appendEntries: org.apache.ratis.thirdparty.io.grpc.StatusRuntimeException: UNAVAILABLE: io exception
2022-07-23 19:35:38,927 [grpc-default-executor-3] WARN  server.GrpcLogAppender (GrpcLogAppender.java:resetClient(115)) - s1@group-1D19F5312903->s0-GrpcLogAppender: Leader has not got in touch with Follower s1@group-1D19F5312903->s0(c0,m0,n22, attendVote=true, lastRpcSendTime=0, lastRpcResponseTime=182) yet, just keep nextIndex unchanged and retry.
2022-07-23 19:35:38,927 [grpc-default-executor-11] WARN  server.GrpcLogAppender (LogUtils.java:warn(122)) - s1@group-1D19F5312903->s0-AppendLogResponseHandler: Failed appendEntries: org.apache.ratis.thirdparty.io.grpc.StatusRuntimeException: UNAVAILABLE: io exception
2022-07-23 19:35:38,927 [grpc-default-executor-11] WARN  server.GrpcLogAppender (GrpcLogAppender.java:resetClient(115)) - s1@group-1D19F5312903->s0-GrpcLogAppender: Leader has not got in touch with Follower s1@group-1D19F5312903->s0(c0,m0,n23, attendVote=true, lastRpcSendTime=0, lastRpcResponseTime=183) yet, just keep nextIndex unchanged and retry.
2022-07-23 19:35:38,927 [grpc-default-executor-11] WARN  server.GrpcLogAppender (LogUtils.java:warn(122)) - s1@group-1D19F5312903->s0-AppendLogResponseHandler: Failed appendEntries: org.apache.ratis.thirdparty.io.grpc.StatusRuntimeException: UNAVAILABLE: io exception
2022-07-23 19:35:38,927 [grpc-default-executor-11] WARN  server.GrpcLogAppender (GrpcLogAppender.java:resetClient(115)) - s1@group-1D19F5312903->s0-GrpcLogAppender: Leader has not got in touch with Follower s1@group-1D19F5312903->s0(c0,m0,n23, attendVote=true, lastRpcSendTime=0, lastRpcResponseTime=183) yet, just keep nextIndex unchanged and retry.
2022-07-23 19:35:38,927 [s2-server-thread2] DEBUG server.RaftServer$Division (RaftServerImpl.java:logAppendEntries(1305)) - s2@group-1D19F5312903: receive appendEntries(s1, 1, (t:1, i:20), 5, true, commits:[s1:c5, s0:c0, s2:c0], cId:37, entries: (t:1, i:21), STATEMACHINELOGENTRY, 2771@client-62CCDED19661
2022-07-23 19:35:38,928 [s2-server-thread2] DEBUG server.RaftServer$Division (RaftServerImpl.java:logAppendEntries(1305)) - s2@group-1D19F5312903: receive appendEntries(s1, 1, (t:1, i:21), 5, true, commits:[s1:c5, s0:c0, s2:c0], cId:38, entries: (t:1, i:22), STATEMACHINELOGENTRY, 2772@client-62CCDED19661
2022-07-23 19:35:38,928 [s1-client-thread2] DEBUG server.RaftServer$Division (RaftServerImpl.java:submitClientRequestAsync(803)) - s1@group-1D19F5312903: receive client request(RaftClientRequest:client-62CCDED19661->s1@group-1D19F5312903, cid=2773, seq=22, RW, Message:6d3230)
2022-07-23 19:35:38,928 [s1-client-thread2] DEBUG server.RaftServer$Division (LeaderStateImpl.java:addPendingRequest(401)) - s1@group-1D19F5312903-LeaderStateImpl: addPendingRequest at RaftClientRequest:client-62CCDED19661->s1@group-1D19F5312903, cid=2773, seq=22, RW, Message:6d3230, entry=(t:1, i:23), STATEMACHINELOGENTRY, 2773@client-62CCDED19661
2022-07-23 19:35:38,928 [grpc-default-executor-2] WARN  server.GrpcLogAppender (LogUtils.java:warn(122)) - s1@group-1D19F5312903->s0-AppendLogResponseHandler: Failed appendEntries: org.apache.ratis.thirdparty.io.grpc.StatusRuntimeException: UNAVAILABLE: io exception
2022-07-23 19:35:38,928 [grpc-default-executor-2] WARN  server.GrpcLogAppender (GrpcLogAppender.java:resetClient(115)) - s1@group-1D19F5312903->s0-GrpcLogAppender: Leader has not got in touch with Follower s1@group-1D19F5312903->s0(c0,m0,n24, attendVote=true, lastRpcSendTime=0, lastRpcResponseTime=184) yet, just keep nextIndex unchanged and retry.
2022-07-23 19:35:38,928 [grpc-default-executor-11] WARN  server.GrpcLogAppender (LogUtils.java:warn(122)) - s1@group-1D19F5312903->s0-AppendLogResponseHandler: Failed appendEntries: org.apache.ratis.thirdparty.io.grpc.StatusRuntimeException: UNAVAILABLE: io exception
2022-07-23 19:35:38,929 [grpc-default-executor-11] WARN  server.GrpcLogAppender (GrpcLogAppender.java:resetClient(115)) - s1@group-1D19F5312903->s0-GrpcLogAppender: Leader has not got in touch with Follower s1@group-1D19F5312903->s0(c0,m0,n24, attendVote=true, lastRpcSendTime=0, lastRpcResponseTime=184) yet, just keep nextIndex unchanged and retry.
2022-07-23 19:35:38,929 [s2-server-thread2] DEBUG server.RaftServer$Division (RaftServerImpl.java:logAppendEntries(1305)) - s2@group-1D19F5312903: receive appendEntries(s1, 1, (t:1, i:22), 5, true, commits:[s1:c5, s0:c0, s2:c0], cId:39, entries: (t:1, i:23), STATEMACHINELOGENTRY, 2773@client-62CCDED19661
2022-07-23 19:35:38,928 [s1-client-thread2] DEBUG server.RaftServer$Division (RaftServerImpl.java:submitClientRequestAsync(803)) - s1@group-1D19F5312903: receive client request(RaftClientRequest:client-62CCDED19661->s1@group-1D19F5312903, cid=2774, seq=23, RW, Message:6d3231)
2022-07-23 19:35:38,929 [s1-client-thread2] DEBUG server.RaftServer$Division (LeaderStateImpl.java:addPendingRequest(401)) - s1@group-1D19F5312903-LeaderStateImpl: addPendingRequest at RaftClientRequest:client-62CCDED19661->s1@group-1D19F5312903, cid=2774, seq=23, RW, Message:6d3231, entry=(t:1, i:24), STATEMACHINELOGENTRY, 2774@client-62CCDED19661
2022-07-23 19:35:38,929 [grpc-default-executor-11] WARN  server.GrpcLogAppender (LogUtils.java:warn(122)) - s1@group-1D19F5312903->s0-AppendLogResponseHandler: Failed appendEntries: org.apache.ratis.thirdparty.io.grpc.StatusRuntimeException: UNAVAILABLE: io exception
2022-07-23 19:35:38,929 [grpc-default-executor-11] WARN  server.GrpcLogAppender (GrpcLogAppender.java:resetClient(115)) - s1@group-1D19F5312903->s0-GrpcLogAppender: Leader has not got in touch with Follower s1@group-1D19F5312903->s0(c0,m0,n25, attendVote=true, lastRpcSendTime=0, lastRpcResponseTime=185) yet, just keep nextIndex unchanged and retry.
2022-07-23 19:35:38,929 [grpc-default-executor-16] WARN  server.GrpcLogAppender (LogUtils.java:warn(122)) - s1@group-1D19F5312903->s0-AppendLogResponseHandler: Failed appendEntries: org.apache.ratis.thirdparty.io.grpc.StatusRuntimeException: UNAVAILABLE: io exception
2022-07-23 19:35:38,930 [grpc-default-executor-16] WARN  server.GrpcLogAppender (GrpcLogAppender.java:resetClient(115)) - s1@group-1D19F5312903->s0-GrpcLogAppender: Leader has not got in touch with Follower s1@group-1D19F5312903->s0(c0,m0,n25, attendVote=true, lastRpcSendTime=0, lastRpcResponseTime=185) yet, just keep nextIndex unchanged and retry.
2022-07-23 19:35:38,929 [s2-server-thread2] DEBUG server.RaftServer$Division (RaftServerImpl.java:logAppendEntries(1305)) - s2@group-1D19F5312903: receive appendEntries(s1, 1, (t:1, i:23), 5, true, commits:[s1:c5, s0:c0, s2:c0], cId:40, entries: (t:1, i:24), STATEMACHINELOGENTRY, 2774@client-62CCDED19661
2022-07-23 19:35:38,930 [s1-client-thread2] DEBUG server.RaftServer$Division (RaftServerImpl.java:submitClientRequestAsync(803)) - s1@group-1D19F5312903: receive client request(RaftClientRequest:client-62CCDED19661->s1@group-1D19F5312903, cid=2775, seq=24, RW, Message:6d3232)
2022-07-23 19:35:38,930 [s1-client-thread2] DEBUG server.RaftServer$Division (LeaderStateImpl.java:addPendingRequest(401)) - s1@group-1D19F5312903-LeaderStateImpl: addPendingRequest at RaftClientRequest:client-62CCDED19661->s1@group-1D19F5312903, cid=2775, seq=24, RW, Message:6d3232, entry=(t:1, i:25), STATEMACHINELOGENTRY, 2775@client-62CCDED19661
2022-07-23 19:35:38,930 [grpc-default-executor-2] WARN  server.GrpcLogAppender (LogUtils.java:warn(122)) - s1@group-1D19F5312903->s0-AppendLogResponseHandler: Failed appendEntries: org.apache.ratis.thirdparty.io.grpc.StatusRuntimeException: UNAVAILABLE: io exception
2022-07-23 19:35:38,930 [grpc-default-executor-2] WARN  server.GrpcLogAppender (GrpcLogAppender.java:resetClient(115)) - s1@group-1D19F5312903->s0-GrpcLogAppender: Leader has not got in touch with Follower s1@group-1D19F5312903->s0(c0,m0,n26, attendVote=true, lastRpcSendTime=0, lastRpcResponseTime=186) yet, just keep nextIndex unchanged and retry.
2022-07-23 19:35:38,932 [grpc-default-executor-16] WARN  server.GrpcLogAppender (LogUtils.java:warn(122)) - s1@group-1D19F5312903->s0-AppendLogResponseHandler: Failed appendEntries: org.apache.ratis.thirdparty.io.grpc.StatusRuntimeException: UNAVAILABLE: io exception
2022-07-23 19:35:38,932 [s1-client-thread2] DEBUG server.RaftServer$Division (RaftServerImpl.java:submitClientRequestAsync(803)) - s1@group-1D19F5312903: receive client request(RaftClientRequest:client-62CCDED19661->s1@group-1D19F5312903, cid=2776, seq=25, RW, Message:6d3233)
2022-07-23 19:35:38,933 [s1-client-thread2] DEBUG server.RaftServer$Division (LeaderStateImpl.java:addPendingRequest(401)) - s1@group-1D19F5312903-LeaderStateImpl: addPendingRequest at RaftClientRequest:client-62CCDED19661->s1@group-1D19F5312903, cid=2776, seq=25, RW, Message:6d3233, entry=(t:1, i:26), STATEMACHINELOGENTRY, 2776@client-62CCDED19661
2022-07-23 19:35:38,933 [grpc-default-executor-16] WARN  server.GrpcLogAppender (GrpcLogAppender.java:resetClient(115)) - s1@group-1D19F5312903->s0-GrpcLogAppender: Leader has not got in touch with Follower s1@group-1D19F5312903->s0(c0,m0,n26, attendVote=true, lastRpcSendTime=2, lastRpcResponseTime=188) yet, just keep nextIndex unchanged and retry.
2022-07-23 19:35:38,933 [s2-server-thread2] DEBUG server.RaftServer$Division (RaftServerImpl.java:logAppendEntries(1305)) - s2@group-1D19F5312903: receive appendEntries(s1, 1, (t:1, i:24), 5, true, commits:[s1:c5, s0:c0, s2:c0], cId:41, entries: (t:1, i:25), STATEMACHINELOGENTRY, 2775@client-62CCDED19661
2022-07-23 19:35:38,933 [s2-server-thread2] DEBUG server.RaftServer$Division (RaftServerImpl.java:logAppendEntries(1305)) - s2@group-1D19F5312903: receive appendEntries(s1, 1, (t:1, i:25), 5, true, commits:[s1:c5, s0:c0, s2:c0], cId:42, entries: (t:1, i:26), STATEMACHINELOGENTRY, 2776@client-62CCDED19661
2022-07-23 19:35:38,934 [grpc-default-executor-3] WARN  server.GrpcLogAppender (LogUtils.java:warn(122)) - s1@group-1D19F5312903->s0-AppendLogResponseHandler: Failed appendEntries: org.apache.ratis.thirdparty.io.grpc.StatusRuntimeException: UNAVAILABLE: io exception
2022-07-23 19:35:38,934 [grpc-default-executor-3] WARN  server.GrpcLogAppender (GrpcLogAppender.java:resetClient(115)) - s1@group-1D19F5312903->s0-GrpcLogAppender: Leader has not got in touch with Follower s1@group-1D19F5312903->s0(c0,m0,n27, attendVote=true, lastRpcSendTime=0, lastRpcResponseTime=189) yet, just keep nextIndex unchanged and retry.
2022-07-23 19:35:38,934 [grpc-default-executor-2] WARN  server.GrpcLogAppender (LogUtils.java:warn(122)) - s1@group-1D19F5312903->s0-AppendLogResponseHandler: Failed appendEntries: org.apache.ratis.thirdparty.io.grpc.StatusRuntimeException: UNAVAILABLE: io exception
2022-07-23 19:35:38,934 [grpc-default-executor-2] WARN  server.GrpcLogAppender (GrpcLogAppender.java:resetClient(115)) - s1@group-1D19F5312903->s0-GrpcLogAppender: Leader has not got in touch with Follower s1@group-1D19F5312903->s0(c0,m0,n27, attendVote=true, lastRpcSendTime=0, lastRpcResponseTime=190) yet, just keep nextIndex unchanged and retry.
2022-07-23 19:35:38,934 [s1-client-thread2] DEBUG server.RaftServer$Division (RaftServerImpl.java:submitClientRequestAsync(803)) - s1@group-1D19F5312903: receive client request(RaftClientRequest:client-62CCDED19661->s1@group-1D19F5312903, cid=2777, seq=26, RW, Message:6d3234)
2022-07-23 19:35:38,934 [s1-client-thread2] DEBUG server.RaftServer$Division (LeaderStateImpl.java:addPendingRequest(401)) - s1@group-1D19F5312903-LeaderStateImpl: addPendingRequest at RaftClientRequest:client-62CCDED19661->s1@group-1D19F5312903, cid=2777, seq=26, RW, Message:6d3234, entry=(t:1, i:27), STATEMACHINELOGENTRY, 2777@client-62CCDED19661
2022-07-23 19:35:38,935 [s2-server-thread2] DEBUG server.RaftServer$Division (RaftServerImpl.java:logAppendEntries(1305)) - s2@group-1D19F5312903: receive appendEntries(s1, 1, (t:1, i:26), 5, true, commits:[s1:c5, s0:c0, s2:c0], cId:43, entries: (t:1, i:27), STATEMACHINELOGENTRY, 2777@client-62CCDED19661
2022-07-23 19:35:38,935 [s1-client-thread2] DEBUG server.RaftServer$Division (RaftServerImpl.java:submitClientRequestAsync(803)) - s1@group-1D19F5312903: receive client request(RaftClientRequest:client-62CCDED19661->s1@group-1D19F5312903, cid=2778, seq=27, RW, Message:6d3235)
2022-07-23 19:35:38,935 [s1-client-thread2] DEBUG server.RaftServer$Division (LeaderStateImpl.java:addPendingRequest(401)) - s1@group-1D19F5312903-LeaderStateImpl: addPendingRequest at RaftClientRequest:client-62CCDED19661->s1@group-1D19F5312903, cid=2778, seq=27, RW, Message:6d3235, entry=(t:1, i:28), STATEMACHINELOGENTRY, 2778@client-62CCDED19661
2022-07-23 19:35:38,935 [grpc-default-executor-3] WARN  server.GrpcLogAppender (LogUtils.java:warn(122)) - s1@group-1D19F5312903->s0-AppendLogResponseHandler: Failed appendEntries: org.apache.ratis.thirdparty.io.grpc.StatusRuntimeException: UNAVAILABLE: io exception
2022-07-23 19:35:38,936 [grpc-default-executor-3] WARN  server.GrpcLogAppender (GrpcLogAppender.java:resetClient(115)) - s1@group-1D19F5312903->s0-GrpcLogAppender: Leader has not got in touch with Follower s1@group-1D19F5312903->s0(c0,m0,n28, attendVote=true, lastRpcSendTime=0, lastRpcResponseTime=191) yet, just keep nextIndex unchanged and retry.
2022-07-23 19:35:38,936 [s1-client-thread2] DEBUG server.RaftServer$Division (RaftServerImpl.java:submitClientRequestAsync(803)) - s1@group-1D19F5312903: receive client request(RaftClientRequest:client-62CCDED19661->s1@group-1D19F5312903, cid=2779, seq=28, RW, Message:6d3236)
2022-07-23 19:35:38,936 [s1-client-thread2] DEBUG server.RaftServer$Division (LeaderStateImpl.java:addPendingRequest(401)) - s1@group-1D19F5312903-LeaderStateImpl: addPendingRequest at RaftClientRequest:client-62CCDED19661->s1@group-1D19F5312903, cid=2779, seq=28, RW, Message:6d3236, entry=(t:1, i:29), STATEMACHINELOGENTRY, 2779@client-62CCDED19661
2022-07-23 19:35:38,936 [grpc-default-executor-3] WARN  server.GrpcLogAppender (LogUtils.java:warn(122)) - s1@group-1D19F5312903->s0-AppendLogResponseHandler: Failed appendEntries: org.apache.ratis.thirdparty.io.grpc.StatusRuntimeException: UNAVAILABLE: io exception
2022-07-23 19:35:38,936 [grpc-default-executor-3] WARN  server.GrpcLogAppender (GrpcLogAppender.java:resetClient(115)) - s1@group-1D19F5312903->s0-GrpcLogAppender: Leader has not got in touch with Follower s1@group-1D19F5312903->s0(c0,m0,n30, attendVote=true, lastRpcSendTime=0, lastRpcResponseTime=192) yet, just keep nextIndex unchanged and retry.
2022-07-23 19:35:38,936 [grpc-default-executor-2] WARN  server.GrpcLogAppender (LogUtils.java:warn(122)) - s1@group-1D19F5312903->s0-AppendLogResponseHandler: Failed appendEntries: org.apache.ratis.thirdparty.io.grpc.StatusRuntimeException: UNAVAILABLE: io exception
2022-07-23 19:35:38,936 [grpc-default-executor-2] WARN  server.GrpcLogAppender (GrpcLogAppender.java:resetClient(115)) - s1@group-1D19F5312903->s0-GrpcLogAppender: Leader has not got in touch with Follower s1@group-1D19F5312903->s0(c0,m0,n30, attendVote=true, lastRpcSendTime=0, lastRpcResponseTime=192) yet, just keep nextIndex unchanged and retry.
2022-07-23 19:35:38,937 [s2-server-thread2] DEBUG server.RaftServer$Division (RaftServerImpl.java:logAppendEntries(1305)) - s2@group-1D19F5312903: receive appendEntries(s1, 1, (t:1, i:27), 5, true, commits:[s1:c5, s0:c0, s2:c0], cId:44, entries: (t:1, i:28), STATEMACHINELOGENTRY, 2778@client-62CCDED19661
2022-07-23 19:35:38,937 [s1-client-thread2] DEBUG server.RaftServer$Division (RaftServerImpl.java:submitClientRequestAsync(803)) - s1@group-1D19F5312903: receive client request(RaftClientRequest:client-62CCDED19661->s1@group-1D19F5312903, cid=2780, seq=29, RW, Message:6d3237)
2022-07-23 19:35:38,937 [s1-client-thread2] DEBUG server.RaftServer$Division (LeaderStateImpl.java:addPendingRequest(401)) - s1@group-1D19F5312903-LeaderStateImpl: addPendingRequest at RaftClientRequest:client-62CCDED19661->s1@group-1D19F5312903, cid=2780, seq=29, RW, Message:6d3237, entry=(t:1, i:30), STATEMACHINELOGENTRY, 2780@client-62CCDED19661
2022-07-23 19:35:38,938 [s2-server-thread2] DEBUG server.RaftServer$Division (RaftServerImpl.java:logAppendEntries(1305)) - s2@group-1D19F5312903: receive appendEntries(s1, 1, (t:1, i:28), 5, true, commits:[s1:c5, s0:c0, s2:c0], cId:45, entries: (t:1, i:29), STATEMACHINELOGENTRY, 2779@client-62CCDED19661
2022-07-23 19:35:38,938 [s1-client-thread2] DEBUG server.RaftServer$Division (RaftServerImpl.java:submitClientRequestAsync(803)) - s1@group-1D19F5312903: receive client request(RaftClientRequest:client-62CCDED19661->s1@group-1D19F5312903, cid=2781, seq=30, RW, Message:6d3238)
2022-07-23 19:35:38,938 [s1-client-thread2] DEBUG server.RaftServer$Division (LeaderStateImpl.java:addPendingRequest(401)) - s1@group-1D19F5312903-LeaderStateImpl: addPendingRequest at RaftClientRequest:client-62CCDED19661->s1@group-1D19F5312903, cid=2781, seq=30, RW, Message:6d3238, entry=(t:1, i:31), STATEMACHINELOGENTRY, 2781@client-62CCDED19661
2022-07-23 19:35:38,938 [grpc-default-executor-2] WARN  server.GrpcLogAppender (LogUtils.java:warn(122)) - s1@group-1D19F5312903->s0-AppendLogResponseHandler: Failed appendEntries: org.apache.ratis.thirdparty.io.grpc.StatusRuntimeException: UNAVAILABLE: io exception
2022-07-23 19:35:38,938 [grpc-default-executor-2] WARN  server.GrpcLogAppender (GrpcLogAppender.java:resetClient(115)) - s1@group-1D19F5312903->s0-GrpcLogAppender: Leader has not got in touch with Follower s1@group-1D19F5312903->s0(c0,m0,n31, attendVote=true, lastRpcSendTime=0, lastRpcResponseTime=194) yet, just keep nextIndex unchanged and retry.
2022-07-23 19:35:38,938 [grpc-default-executor-16] WARN  server.GrpcLogAppender (LogUtils.java:warn(122)) - s1@group-1D19F5312903->s0-AppendLogResponseHandler: Failed appendEntries: org.apache.ratis.thirdparty.io.grpc.StatusRuntimeException: UNAVAILABLE: io exception
2022-07-23 19:35:38,939 [grpc-default-executor-16] WARN  server.GrpcLogAppender (GrpcLogAppender.java:resetClient(115)) - s1@group-1D19F5312903->s0-GrpcLogAppender: Leader has not got in touch with Follower s1@group-1D19F5312903->s0(c0,m0,n31, attendVote=true, lastRpcSendTime=0, lastRpcResponseTime=194) yet, just keep nextIndex unchanged and retry.
2022-07-23 19:35:38,939 [grpc-default-executor-11] WARN  server.GrpcLogAppender (LogUtils.java:warn(122)) - s1@group-1D19F5312903->s0-AppendLogResponseHandler: Failed appendEntries: org.apache.ratis.thirdparty.io.grpc.StatusRuntimeException: UNAVAILABLE: io exception
2022-07-23 19:35:38,939 [grpc-default-executor-11] WARN  server.GrpcLogAppender (GrpcLogAppender.java:resetClient(115)) - s1@group-1D19F5312903->s0-GrpcLogAppender: Leader has not got in touch with Follower s1@group-1D19F5312903->s0(c0,m0,n31, attendVote=true, lastRpcSendTime=0, lastRpcResponseTime=194) yet, just keep nextIndex unchanged and retry.
2022-07-23 19:35:38,939 [s2-server-thread2] DEBUG server.RaftServer$Division (RaftServerImpl.java:logAppendEntries(1305)) - s2@group-1D19F5312903: receive appendEntries(s1, 1, (t:1, i:29), 5, true, commits:[s1:c5, s0:c0, s2:c0], cId:46, entries: (t:1, i:30), STATEMACHINELOGENTRY, 2780@client-62CCDED19661
2022-07-23 19:35:38,939 [s1-client-thread2] DEBUG server.RaftServer$Division (RaftServerImpl.java:submitClientRequestAsync(803)) - s1@group-1D19F5312903: receive client request(RaftClientRequest:client-62CCDED19661->s1@group-1D19F5312903, cid=2782, seq=31, RW, Message:6d3239)
2022-07-23 19:35:38,939 [s2-server-thread2] DEBUG server.RaftServer$Division (RaftServerImpl.java:logAppendEntries(1305)) - s2@group-1D19F5312903: receive appendEntries(s1, 1, (t:1, i:30), 5, true, commits:[s1:c5, s0:c0, s2:c0], cId:47, entries: (t:1, i:31), STATEMACHINELOGENTRY, 2781@client-62CCDED19661
2022-07-23 19:35:38,939 [s1-client-thread2] DEBUG server.RaftServer$Division (LeaderStateImpl.java:addPendingRequest(401)) - s1@group-1D19F5312903-LeaderStateImpl: addPendingRequest at RaftClientRequest:client-62CCDED19661->s1@group-1D19F5312903, cid=2782, seq=31, RW, Message:6d3239, entry=(t:1, i:32), STATEMACHINELOGENTRY, 2782@client-62CCDED19661
2022-07-23 19:35:38,940 [grpc-default-executor-11] WARN  server.GrpcLogAppender (LogUtils.java:warn(122)) - s1@group-1D19F5312903->s0-AppendLogResponseHandler: Failed appendEntries: org.apache.ratis.thirdparty.io.grpc.StatusRuntimeException: UNAVAILABLE: io exception
2022-07-23 19:35:38,940 [grpc-default-executor-11] WARN  server.GrpcLogAppender (GrpcLogAppender.java:resetClient(115)) - s1@group-1D19F5312903->s0-GrpcLogAppender: Leader has not got in touch with Follower s1@group-1D19F5312903->s0(c0,m0,n33, attendVote=true, lastRpcSendTime=0, lastRpcResponseTime=195) yet, just keep nextIndex unchanged and retry.
2022-07-23 19:35:38,940 [grpc-default-executor-2] WARN  server.GrpcLogAppender (LogUtils.java:warn(122)) - s1@group-1D19F5312903->s0-AppendLogResponseHandler: Failed appendEntries: org.apache.ratis.thirdparty.io.grpc.StatusRuntimeException: UNAVAILABLE: io exception
2022-07-23 19:35:38,940 [grpc-default-executor-2] WARN  server.GrpcLogAppender (GrpcLogAppender.java:resetClient(115)) - s1@group-1D19F5312903->s0-GrpcLogAppender: Leader has not got in touch with Follower s1@group-1D19F5312903->s0(c0,m0,n33, attendVote=true, lastRpcSendTime=0, lastRpcResponseTime=196) yet, just keep nextIndex unchanged and retry.
2022-07-23 19:35:38,940 [Thread-9273] DEBUG server.RaftServer$Division (RaftServerImpl.java:logAppendEntries(1305)) - s2@group-1D19F5312903: succeeded to handle AppendEntries. Reply: s1<-s2#20:OK-t1,SUCCESS,nextIndex=7,followerCommit=0,matchIndex=6
2022-07-23 19:35:38,940 [s2-server-thread2] DEBUG server.RaftServer$Division (RaftServerImpl.java:logAppendEntries(1305)) - s2@group-1D19F5312903: receive appendEntries(s1, 1, (t:1, i:31), 5, true, commits:[s1:c5, s0:c0, s2:c0], cId:48, entries: (t:1, i:32), STATEMACHINELOGENTRY, 2782@client-62CCDED19661
2022-07-23 19:35:38,940 [Thread-9277] DEBUG server.RaftServer$Division (RaftServerImpl.java:logAppendEntries(1305)) - s2@group-1D19F5312903: succeeded to handle AppendEntries. Reply: s1<-s2#21:OK-t1,SUCCESS,nextIndex=8,followerCommit=0,matchIndex=7
2022-07-23 19:35:38,941 [s1@group-1D19F5312903-StateMachineUpdater] INFO  statemachine.SimpleStateMachine4Testing (SimpleStateMachine4Testing.java:put(204)) - s1: put 6, m5 -> (t:1, i:6), STATEMACHINELOGENTRY, 2758@client-62CCDED19661
2022-07-23 19:35:38,941 [s1@group-1D19F5312903-StateMachineUpdater] INFO  statemachine.SimpleStateMachine4Testing (SimpleStateMachine4Testing.java:put(204)) - s1: put 7, m6 -> (t:1, i:7), STATEMACHINELOGENTRY, 2759@client-62CCDED19661
2022-07-23 19:35:38,941 [s1-client-thread2] DEBUG server.RaftServer$Division (RaftServerImpl.java:submitClientRequestAsync(803)) - s1@group-1D19F5312903: receive client request(RaftClientRequest:client-62CCDED19661->s1@group-1D19F5312903, cid=2783, seq=32, RW, Message:6d3330)
2022-07-23 19:35:38,941 [s1-client-thread2] DEBUG server.RaftServer$Division (LeaderStateImpl.java:addPendingRequest(401)) - s1@group-1D19F5312903-LeaderStateImpl: addPendingRequest at RaftClientRequest:client-62CCDED19661->s1@group-1D19F5312903, cid=2783, seq=32, RW, Message:6d3330, entry=(t:1, i:35), STATEMACHINELOGENTRY, 2783@client-62CCDED19661
2022-07-23 19:35:38,941 [grpc-default-executor-12] WARN  server.GrpcLogAppender (LogUtils.java:warn(122)) - s1@group-1D19F5312903->s0-AppendLogResponseHandler: Failed appendEntries: org.apache.ratis.thirdparty.io.grpc.StatusRuntimeException: UNAVAILABLE: io exception
2022-07-23 19:35:38,942 [s2-server-thread2] DEBUG server.RaftServer$Division (RaftServerImpl.java:logAppendEntries(1305)) - s2@group-1D19F5312903: receive appendEntries(s1, 1, (t:1, i:32), 6, true, commits:[s1:c6, s0:c0, s2:c0], cId:50, entries: (t:1, i:33), METADATAENTRY(c:6)
2022-07-23 19:35:38,942 [grpc-default-executor-12] WARN  server.GrpcLogAppender (GrpcLogAppender.java:resetClient(115)) - s1@group-1D19F5312903->s0-GrpcLogAppender: Leader has not got in touch with Follower s1@group-1D19F5312903->s0(c0,m0,n36, attendVote=true, lastRpcSendTime=0, lastRpcResponseTime=197) yet, just keep nextIndex unchanged and retry.
2022-07-23 19:35:38,942 [grpc-default-executor-16] WARN  server.GrpcLogAppender (LogUtils.java:warn(122)) - s1@group-1D19F5312903->s0-AppendLogResponseHandler: Failed appendEntries: org.apache.ratis.thirdparty.io.grpc.StatusRuntimeException: UNAVAILABLE: io exception
2022-07-23 19:35:38,942 [grpc-default-executor-16] WARN  server.GrpcLogAppender (GrpcLogAppender.java:resetClient(115)) - s1@group-1D19F5312903->s0-GrpcLogAppender: Leader has not got in touch with Follower s1@group-1D19F5312903->s0(c0,m0,n36, attendVote=true, lastRpcSendTime=0, lastRpcResponseTime=198) yet, just keep nextIndex unchanged and retry.
2022-07-23 19:35:38,942 [s2-server-thread2] DEBUG server.RaftServer$Division (RaftServerImpl.java:logAppendEntries(1305)) - s2@group-1D19F5312903: receive appendEntries(s1, 1, (t:1, i:33), 7, true, commits:[s1:c7, s0:c0, s2:c0], cId:52, entries: (t:1, i:34), METADATAENTRY(c:7)
2022-07-23 19:35:38,942 [s1-client-thread2] DEBUG server.RaftServer$Division (RaftServerImpl.java:submitClientRequestAsync(803)) - s1@group-1D19F5312903: receive client request(RaftClientRequest:client-62CCDED19661->s1@group-1D19F5312903, cid=2784, seq=33, RW, Message:6d3331)
2022-07-23 19:35:38,942 [s1-client-thread2] DEBUG server.RaftServer$Division (LeaderStateImpl.java:addPendingRequest(401)) - s1@group-1D19F5312903-LeaderStateImpl: addPendingRequest at RaftClientRequest:client-62CCDED19661->s1@group-1D19F5312903, cid=2784, seq=33, RW, Message:6d3331, entry=(t:1, i:36), STATEMACHINELOGENTRY, 2784@client-62CCDED19661
2022-07-23 19:35:38,942 [s2-server-thread2] DEBUG server.RaftServer$Division (RaftServerImpl.java:logAppendEntries(1305)) - s2@group-1D19F5312903: receive appendEntries(s1, 1, (t:1, i:34), 7, true, commits:[s1:c7, s0:c0, s2:c0], cId:53, entries: (t:1, i:35), STATEMACHINELOGENTRY, 2783@client-62CCDED19661
2022-07-23 19:35:38,942 [Thread-9279] DEBUG server.RaftServer$Division (RaftServerImpl.java:logAppendEntries(1305)) - s2@group-1D19F5312903: succeeded to handle AppendEntries. Reply: s1<-s2#22:OK-t1,SUCCESS,nextIndex=9,followerCommit=0,matchIndex=8
2022-07-23 19:35:38,943 [grpc-default-executor-11] WARN  server.GrpcLogAppender (LogUtils.java:warn(122)) - s1@group-1D19F5312903->s0-AppendLogResponseHandler: Failed appendEntries: org.apache.ratis.thirdparty.io.grpc.StatusRuntimeException: UNAVAILABLE: io exception
2022-07-23 19:35:38,943 [grpc-default-executor-11] WARN  server.GrpcLogAppender (GrpcLogAppender.java:resetClient(115)) - s1@group-1D19F5312903->s0-GrpcLogAppender: Leader has not got in touch with Follower s1@group-1D19F5312903->s0(c0,m0,n37, attendVote=true, lastRpcSendTime=0, lastRpcResponseTime=199) yet, just keep nextIndex unchanged and retry.
2022-07-23 19:35:38,943 [s1-client-thread2] DEBUG server.RaftServer$Division (RaftServerImpl.java:submitClientRequestAsync(803)) - s1@group-1D19F5312903: receive client request(RaftClientRequest:client-62CCDED19661->s1@group-1D19F5312903, cid=2785, seq=34, RW, Message:6d3332)
2022-07-23 19:35:38,943 [s2-server-thread2] DEBUG server.RaftServer$Division (RaftServerImpl.java:logAppendEntries(1305)) - s2@group-1D19F5312903: receive appendEntries(s1, 1, (t:1, i:35), 7, true, commits:[s1:c7, s0:c0, s2:c0], cId:54, entries: (t:1, i:36), STATEMACHINELOGENTRY, 2784@client-62CCDED19661
2022-07-23 19:35:38,943 [s1-client-thread2] DEBUG server.RaftServer$Division (LeaderStateImpl.java:addPendingRequest(401)) - s1@group-1D19F5312903-LeaderStateImpl: addPendingRequest at RaftClientRequest:client-62CCDED19661->s1@group-1D19F5312903, cid=2785, seq=34, RW, Message:6d3332, entry=(t:1, i:37), STATEMACHINELOGENTRY, 2785@client-62CCDED19661
2022-07-23 19:35:38,943 [grpc-default-executor-3] WARN  server.GrpcLogAppender (LogUtils.java:warn(122)) - s1@group-1D19F5312903->s0-AppendLogResponseHandler: Failed appendEntries: org.apache.ratis.thirdparty.io.grpc.StatusRuntimeException: UNAVAILABLE: io exception
2022-07-23 19:35:38,944 [grpc-default-executor-12] WARN  server.GrpcLogAppender (LogUtils.java:warn(122)) - s1@group-1D19F5312903->s0-AppendLogResponseHandler: Failed appendEntries: org.apache.ratis.thirdparty.io.grpc.StatusRuntimeException: UNAVAILABLE: io exception
2022-07-23 19:35:38,944 [grpc-default-executor-3] WARN  server.GrpcLogAppender (GrpcLogAppender.java:resetClient(115)) - s1@group-1D19F5312903->s0-GrpcLogAppender: Leader has not got in touch with Follower s1@group-1D19F5312903->s0(c0,m0,n38, attendVote=true, lastRpcSendTime=0, lastRpcResponseTime=199) yet, just keep nextIndex unchanged and retry.
2022-07-23 19:35:38,944 [grpc-default-executor-12] WARN  server.GrpcLogAppender (GrpcLogAppender.java:resetClient(115)) - s1@group-1D19F5312903->s0-GrpcLogAppender: Leader has not got in touch with Follower s1@group-1D19F5312903->s0(c0,m0,n38, attendVote=true, lastRpcSendTime=0, lastRpcResponseTime=199) yet, just keep nextIndex unchanged and retry.
2022-07-23 19:35:38,944 [grpc-default-executor-3] WARN  server.GrpcLogAppender (LogUtils.java:warn(122)) - s1@group-1D19F5312903->s0-AppendLogResponseHandler: Failed appendEntries: org.apache.ratis.thirdparty.io.grpc.StatusRuntimeException: UNAVAILABLE: io exception
2022-07-23 19:35:38,944 [grpc-default-executor-3] WARN  server.GrpcLogAppender (GrpcLogAppender.java:resetClient(115)) - s1@group-1D19F5312903->s0-GrpcLogAppender: Leader has not got in touch with Follower s1@group-1D19F5312903->s0(c0,m0,n38, attendVote=true, lastRpcSendTime=0, lastRpcResponseTime=200) yet, just keep nextIndex unchanged and retry.
2022-07-23 19:35:38,944 [Thread-9280] DEBUG server.RaftServer$Division (RaftServerImpl.java:logAppendEntries(1305)) - s2@group-1D19F5312903: succeeded to handle AppendEntries. Reply: s1<-s2#23:OK-t1,SUCCESS,nextIndex=10,followerCommit=0,matchIndex=9
2022-07-23 19:35:38,944 [s1-client-thread2] DEBUG server.RaftServer$Division (RaftServerImpl.java:submitClientRequestAsync(803)) - s1@group-1D19F5312903: receive client request(RaftClientRequest:client-62CCDED19661->s1@group-1D19F5312903, cid=2786, seq=35, RW, Message:6d3333)
2022-07-23 19:35:38,944 [s1-client-thread2] DEBUG server.RaftServer$Division (LeaderStateImpl.java:addPendingRequest(401)) - s1@group-1D19F5312903-LeaderStateImpl: addPendingRequest at RaftClientRequest:client-62CCDED19661->s1@group-1D19F5312903, cid=2786, seq=35, RW, Message:6d3333, entry=(t:1, i:38), STATEMACHINELOGENTRY, 2786@client-62CCDED19661
2022-07-23 19:35:38,945 [s2-server-thread2] DEBUG server.RaftServer$Division (RaftServerImpl.java:logAppendEntries(1305)) - s2@group-1D19F5312903: receive appendEntries(s1, 1, (t:1, i:36), 7, true, commits:[s1:c7, s0:c0, s2:c0], cId:55, entries: (t:1, i:37), STATEMACHINELOGENTRY, 2785@client-62CCDED19661
2022-07-23 19:35:38,945 [s1@group-1D19F5312903-StateMachineUpdater] INFO  statemachine.SimpleStateMachine4Testing (SimpleStateMachine4Testing.java:put(204)) - s1: put 8, m7 -> (t:1, i:8), STATEMACHINELOGENTRY, 2760@client-62CCDED19661
2022-07-23 19:35:38,945 [s1@group-1D19F5312903-StateMachineUpdater] INFO  statemachine.SimpleStateMachine4Testing (SimpleStateMachine4Testing.java:put(204)) - s1: put 9, m8 -> (t:1, i:9), STATEMACHINELOGENTRY, 2761@client-62CCDED19661
2022-07-23 19:35:38,945 [grpc-default-executor-16] WARN  server.GrpcLogAppender (LogUtils.java:warn(122)) - s1@group-1D19F5312903->s0-AppendLogResponseHandler: Failed appendEntries: org.apache.ratis.thirdparty.io.grpc.StatusRuntimeException: UNAVAILABLE: io exception
2022-07-23 19:35:38,945 [grpc-default-executor-16] WARN  server.GrpcLogAppender (GrpcLogAppender.java:resetClient(115)) - s1@group-1D19F5312903->s0-GrpcLogAppender: Leader has not got in touch with Follower s1@group-1D19F5312903->s0(c0,m0,n40, attendVote=true, lastRpcSendTime=0, lastRpcResponseTime=201) yet, just keep nextIndex unchanged and retry.
2022-07-23 19:35:38,945 [grpc-default-executor-3] WARN  server.GrpcLogAppender (LogUtils.java:warn(122)) - s1@group-1D19F5312903->s0-AppendLogResponseHandler: Failed appendEntries: org.apache.ratis.thirdparty.io.grpc.StatusRuntimeException: UNAVAILABLE: io exception
2022-07-23 19:35:38,945 [s2-server-thread2] DEBUG server.RaftServer$Division (RaftServerImpl.java:logAppendEntries(1305)) - s2@group-1D19F5312903: receive appendEntries(s1, 1, (t:1, i:37), 7, true, commits:[s1:c7, s0:c0, s2:c0], cId:56, entries: (t:1, i:38), STATEMACHINELOGENTRY, 2786@client-62CCDED19661
2022-07-23 19:35:38,945 [grpc-default-executor-3] WARN  server.GrpcLogAppender (GrpcLogAppender.java:resetClient(115)) - s1@group-1D19F5312903->s0-GrpcLogAppender: Leader has not got in touch with Follower s1@group-1D19F5312903->s0(c0,m0,n40, attendVote=true, lastRpcSendTime=0, lastRpcResponseTime=201) yet, just keep nextIndex unchanged and retry.
2022-07-23 19:35:38,946 [s1-client-thread2] DEBUG server.RaftServer$Division (RaftServerImpl.java:submitClientRequestAsync(803)) - s1@group-1D19F5312903: receive client request(RaftClientRequest:client-62CCDED19661->s1@group-1D19F5312903, cid=2787, seq=36, RW, Message:6d3334)
2022-07-23 19:35:38,946 [s1-client-thread2] DEBUG server.RaftServer$Division (LeaderStateImpl.java:addPendingRequest(401)) - s1@group-1D19F5312903-LeaderStateImpl: addPendingRequest at RaftClientRequest:client-62CCDED19661->s1@group-1D19F5312903, cid=2787, seq=36, RW, Message:6d3334, entry=(t:1, i:40), STATEMACHINELOGENTRY, 2787@client-62CCDED19661
2022-07-23 19:35:38,946 [grpc-default-executor-12] WARN  server.GrpcLogAppender (LogUtils.java:warn(122)) - s1@group-1D19F5312903->s0-AppendLogResponseHandler: Failed appendEntries: org.apache.ratis.thirdparty.io.grpc.StatusRuntimeException: UNAVAILABLE: io exception
2022-07-23 19:35:38,946 [grpc-default-executor-12] WARN  server.GrpcLogAppender (GrpcLogAppender.java:resetClient(115)) - s1@group-1D19F5312903->s0-GrpcLogAppender: Leader has not got in touch with Follower s1@group-1D19F5312903->s0(c0,m0,n41, attendVote=true, lastRpcSendTime=0, lastRpcResponseTime=202) yet, just keep nextIndex unchanged and retry.
2022-07-23 19:35:38,946 [s2-server-thread2] DEBUG server.RaftServer$Division (RaftServerImpl.java:logAppendEntries(1305)) - s2@group-1D19F5312903: receive appendEntries(s1, 1, (t:1, i:38), 9, true, commits:[s1:c9, s0:c0, s2:c0], cId:58, entries: (t:1, i:39), METADATAENTRY(c:9)
2022-07-23 19:35:38,947 [grpc-default-executor-12] WARN  server.GrpcLogAppender (LogUtils.java:warn(122)) - s1@group-1D19F5312903->s0-AppendLogResponseHandler: Failed appendEntries: org.apache.ratis.thirdparty.io.grpc.StatusRuntimeException: UNAVAILABLE: io exception
2022-07-23 19:35:38,947 [grpc-default-executor-12] WARN  server.GrpcLogAppender (GrpcLogAppender.java:resetClient(115)) - s1@group-1D19F5312903->s0-GrpcLogAppender: Leader has not got in touch with Follower s1@group-1D19F5312903->s0(c0,m0,n41, attendVote=true, lastRpcSendTime=0, lastRpcResponseTime=202) yet, just keep nextIndex unchanged and retry.
2022-07-23 19:35:38,953 [s1-client-thread2] DEBUG server.RaftServer$Division (RaftServerImpl.java:submitClientRequestAsync(803)) - s1@group-1D19F5312903: receive client request(RaftClientRequest:client-62CCDED19661->s1@group-1D19F5312903, cid=2788, seq=37, RW, Message:6d3335)
2022-07-23 19:35:38,953 [s1-client-thread2] DEBUG server.RaftServer$Division (LeaderStateImpl.java:addPendingRequest(401)) - s1@group-1D19F5312903-LeaderStateImpl: addPendingRequest at RaftClientRequest:client-62CCDED19661->s1@group-1D19F5312903, cid=2788, seq=37, RW, Message:6d3335, entry=(t:1, i:41), STATEMACHINELOGENTRY, 2788@client-62CCDED19661
2022-07-23 19:35:38,953 [s1-client-thread2] DEBUG server.RaftServer$Division (RaftServerImpl.java:submitClientRequestAsync(803)) - s1@group-1D19F5312903: receive client request(RaftClientRequest:client-62CCDED19661->s1@group-1D19F5312903, cid=2789, seq=38, RW, Message:6d3336)
2022-07-23 19:35:38,954 [s1-client-thread2] DEBUG server.RaftServer$Division (LeaderStateImpl.java:addPendingRequest(401)) - s1@group-1D19F5312903-LeaderStateImpl: addPendingRequest at RaftClientRequest:client-62CCDED19661->s1@group-1D19F5312903, cid=2789, seq=38, RW, Message:6d3336, entry=(t:1, i:42), STATEMACHINELOGENTRY, 2789@client-62CCDED19661
2022-07-23 19:35:38,954 [s2-server-thread2] DEBUG server.RaftServer$Division (RaftServerImpl.java:logAppendEntries(1305)) - s2@group-1D19F5312903: receive appendEntries(s1, 1, (t:1, i:39), 9, true, commits:[s1:c9, s0:c0, s2:c0], cId:59, entries: (t:1, i:40), STATEMACHINELOGENTRY, 2787@client-62CCDED19661
2022-07-23 19:35:38,954 [grpc-default-executor-12] WARN  server.GrpcLogAppender (LogUtils.java:warn(122)) - s1@group-1D19F5312903->s0-AppendLogResponseHandler: Failed appendEntries: org.apache.ratis.thirdparty.io.grpc.StatusRuntimeException: UNAVAILABLE: io exception
2022-07-23 19:35:38,954 [grpc-default-executor-12] WARN  server.GrpcLogAppender (GrpcLogAppender.java:resetClient(115)) - s1@group-1D19F5312903->s0-GrpcLogAppender: Leader has not got in touch with Follower s1@group-1D19F5312903->s0(c0,m0,n42, attendVote=true, lastRpcSendTime=0, lastRpcResponseTime=210) yet, just keep nextIndex unchanged and retry.
2022-07-23 19:35:38,954 [grpc-default-executor-16] WARN  server.GrpcLogAppender (LogUtils.java:warn(122)) - s1@group-1D19F5312903->s0-AppendLogResponseHandler: Failed appendEntries: org.apache.ratis.thirdparty.io.grpc.StatusRuntimeException: UNAVAILABLE: io exception
2022-07-23 19:35:38,954 [grpc-default-executor-16] WARN  server.GrpcLogAppender (GrpcLogAppender.java:resetClient(115)) - s1@group-1D19F5312903->s0-GrpcLogAppender: Leader has not got in touch with Follower s1@group-1D19F5312903->s0(c0,m0,n42, attendVote=true, lastRpcSendTime=0, lastRpcResponseTime=210) yet, just keep nextIndex unchanged and retry.
2022-07-23 19:35:38,954 [s1-client-thread2] DEBUG server.RaftServer$Division (RaftServerImpl.java:submitClientRequestAsync(803)) - s1@group-1D19F5312903: receive client request(RaftClientRequest:client-62CCDED19661->s1@group-1D19F5312903, cid=2790, seq=39, RW, Message:6d3337)
2022-07-23 19:35:38,955 [s1-client-thread2] DEBUG server.RaftServer$Division (LeaderStateImpl.java:addPendingRequest(401)) - s1@group-1D19F5312903-LeaderStateImpl: addPendingRequest at RaftClientRequest:client-62CCDED19661->s1@group-1D19F5312903, cid=2790, seq=39, RW, Message:6d3337, entry=(t:1, i:43), STATEMACHINELOGENTRY, 2790@client-62CCDED19661
2022-07-23 19:35:38,955 [s2-server-thread2] DEBUG server.RaftServer$Division (RaftServerImpl.java:logAppendEntries(1305)) - s2@group-1D19F5312903: receive appendEntries(s1, 1, (t:1, i:40), 9, true, commits:[s1:c9, s0:c0, s2:c0], cId:60, entries: (t:1, i:41), STATEMACHINELOGENTRY, 2788@client-62CCDED19661
2022-07-23 19:35:38,955 [s1-client-thread2] DEBUG server.RaftServer$Division (RaftServerImpl.java:submitClientRequestAsync(803)) - s1@group-1D19F5312903: receive client request(RaftClientRequest:client-62CCDED19661->s1@group-1D19F5312903, cid=2791, seq=40, RW, Message:6d3338)
2022-07-23 19:35:38,955 [s1-client-thread2] DEBUG server.RaftServer$Division (LeaderStateImpl.java:addPendingRequest(401)) - s1@group-1D19F5312903-LeaderStateImpl: addPendingRequest at RaftClientRequest:client-62CCDED19661->s1@group-1D19F5312903, cid=2791, seq=40, RW, Message:6d3338, entry=(t:1, i:44), STATEMACHINELOGENTRY, 2791@client-62CCDED19661
2022-07-23 19:35:38,956 [s2-server-thread2] DEBUG server.RaftServer$Division (RaftServerImpl.java:logAppendEntries(1305)) - s2@group-1D19F5312903: receive appendEntries(s1, 1, (t:1, i:41), 9, true, commits:[s1:c9, s0:c0, s2:c0], cId:61, entries: (t:1, i:42), STATEMACHINELOGENTRY, 2789@client-62CCDED19661
2022-07-23 19:35:38,956 [s1-client-thread2] DEBUG server.RaftServer$Division (RaftServerImpl.java:submitClientRequestAsync(803)) - s1@group-1D19F5312903: receive client request(RaftClientRequest:client-62CCDED19661->s1@group-1D19F5312903, cid=2792, seq=41, RW, Message:6d3339)
2022-07-23 19:35:38,956 [s1-client-thread2] DEBUG server.RaftServer$Division (LeaderStateImpl.java:addPendingRequest(401)) - s1@group-1D19F5312903-LeaderStateImpl: addPendingRequest at RaftClientRequest:client-62CCDED19661->s1@group-1D19F5312903, cid=2792, seq=41, RW, Message:6d3339, entry=(t:1, i:45), STATEMACHINELOGENTRY, 2792@client-62CCDED19661
2022-07-23 19:35:38,956 [s1-client-thread2] DEBUG server.RaftServer$Division (RaftServerImpl.java:submitClientRequestAsync(803)) - s1@group-1D19F5312903: receive client request(RaftClientRequest:client-62CCDED19661->s1@group-1D19F5312903, cid=2793, seq=42, RW, Message:6d3430)
2022-07-23 19:35:38,956 [s1-client-thread2] DEBUG server.RaftServer$Division (LeaderStateImpl.java:addPendingRequest(401)) - s1@group-1D19F5312903-LeaderStateImpl: addPendingRequest at RaftClientRequest:client-62CCDED19661->s1@group-1D19F5312903, cid=2793, seq=42, RW, Message:6d3430, entry=(t:1, i:46), STATEMACHINELOGENTRY, 2793@client-62CCDED19661
2022-07-23 19:35:38,956 [s1-client-thread2] DEBUG server.RaftServer$Division (RaftServerImpl.java:submitClientRequestAsync(803)) - s1@group-1D19F5312903: receive client request(RaftClientRequest:client-62CCDED19661->s1@group-1D19F5312903, cid=2794, seq=43, RW, Message:6d3431)
2022-07-23 19:35:38,957 [s1-client-thread2] DEBUG server.RaftServer$Division (LeaderStateImpl.java:addPendingRequest(401)) - s1@group-1D19F5312903-LeaderStateImpl: addPendingRequest at RaftClientRequest:client-62CCDED19661->s1@group-1D19F5312903, cid=2794, seq=43, RW, Message:6d3431, entry=(t:1, i:47), STATEMACHINELOGENTRY, 2794@client-62CCDED19661
2022-07-23 19:35:38,957 [s1-client-thread2] DEBUG server.RaftServer$Division (RaftServerImpl.java:submitClientRequestAsync(803)) - s1@group-1D19F5312903: receive client request(RaftClientRequest:client-62CCDED19661->s1@group-1D19F5312903, cid=2795, seq=44, RW, Message:6d3432)
2022-07-23 19:35:38,957 [s1-client-thread2] DEBUG server.RaftServer$Division (LeaderStateImpl.java:addPendingRequest(401)) - s1@group-1D19F5312903-LeaderStateImpl: addPendingRequest at RaftClientRequest:client-62CCDED19661->s1@group-1D19F5312903, cid=2795, seq=44, RW, Message:6d3432, entry=(t:1, i:48), STATEMACHINELOGENTRY, 2795@client-62CCDED19661
2022-07-23 19:35:38,957 [s1-client-thread2] DEBUG server.RaftServer$Division (RaftServerImpl.java:submitClientRequestAsync(803)) - s1@group-1D19F5312903: receive client request(RaftClientRequest:client-62CCDED19661->s1@group-1D19F5312903, cid=2796, seq=45, RW, Message:6d3433)
2022-07-23 19:35:38,957 [s1-client-thread2] DEBUG server.RaftServer$Division (LeaderStateImpl.java:addPendingRequest(401)) - s1@group-1D19F5312903-LeaderStateImpl: addPendingRequest at RaftClientRequest:client-62CCDED19661->s1@group-1D19F5312903, cid=2796, seq=45, RW, Message:6d3433, entry=(t:1, i:49), STATEMACHINELOGENTRY, 2796@client-62CCDED19661
2022-07-23 19:35:38,957 [s1-client-thread2] DEBUG server.RaftServer$Division (RaftServerImpl.java:submitClientRequestAsync(803)) - s1@group-1D19F5312903: receive client request(RaftClientRequest:client-62CCDED19661->s1@group-1D19F5312903, cid=2797, seq=46, RW, Message:6d3434)
2022-07-23 19:35:38,958 [s1-client-thread2] DEBUG server.RaftServer$Division (LeaderStateImpl.java:addPendingRequest(401)) - s1@group-1D19F5312903-LeaderStateImpl: addPendingRequest at RaftClientRequest:client-62CCDED19661->s1@group-1D19F5312903, cid=2797, seq=46, RW, Message:6d3434, entry=(t:1, i:50), STATEMACHINELOGENTRY, 2797@client-62CCDED19661
2022-07-23 19:35:38,958 [s1-client-thread2] DEBUG server.RaftServer$Division (RaftServerImpl.java:submitClientRequestAsync(803)) - s1@group-1D19F5312903: receive client request(RaftClientRequest:client-62CCDED19661->s1@group-1D19F5312903, cid=2798, seq=47, RW, Message:6d3435)
2022-07-23 19:35:38,958 [s1-client-thread2] DEBUG server.RaftServer$Division (LeaderStateImpl.java:addPendingRequest(401)) - s1@group-1D19F5312903-LeaderStateImpl: addPendingRequest at RaftClientRequest:client-62CCDED19661->s1@group-1D19F5312903, cid=2798, seq=47, RW, Message:6d3435, entry=(t:1, i:51), STATEMACHINELOGENTRY, 2798@client-62CCDED19661
2022-07-23 19:35:38,958 [s1-client-thread2] DEBUG server.RaftServer$Division (RaftServerImpl.java:submitClientRequestAsync(803)) - s1@group-1D19F5312903: receive client request(RaftClientRequest:client-62CCDED19661->s1@group-1D19F5312903, cid=2799, seq=48, RW, Message:6d3436)
2022-07-23 19:35:38,958 [s1-client-thread2] DEBUG server.RaftServer$Division (LeaderStateImpl.java:addPendingRequest(401)) - s1@group-1D19F5312903-LeaderStateImpl: addPendingRequest at RaftClientRequest:client-62CCDED19661->s1@group-1D19F5312903, cid=2799, seq=48, RW, Message:6d3436, entry=(t:1, i:52), STATEMACHINELOGENTRY, 2799@client-62CCDED19661
2022-07-23 19:35:38,958 [s1-client-thread2] DEBUG server.RaftServer$Division (RaftServerImpl.java:submitClientRequestAsync(803)) - s1@group-1D19F5312903: receive client request(RaftClientRequest:client-62CCDED19661->s1@group-1D19F5312903, cid=2800, seq=49, RW, Message:6d3437)
2022-07-23 19:35:38,958 [s1-client-thread2] DEBUG server.RaftServer$Division (LeaderStateImpl.java:addPendingRequest(401)) - s1@group-1D19F5312903-LeaderStateImpl: addPendingRequest at RaftClientRequest:client-62CCDED19661->s1@group-1D19F5312903, cid=2800, seq=49, RW, Message:6d3437, entry=(t:1, i:53), STATEMACHINELOGENTRY, 2800@client-62CCDED19661
2022-07-23 19:35:38,959 [s1-client-thread2] DEBUG server.RaftServer$Division (RaftServerImpl.java:submitClientRequestAsync(803)) - s1@group-1D19F5312903: receive client request(RaftClientRequest:client-62CCDED19661->s1@group-1D19F5312903, cid=2801, seq=50, RW, Message:6d3438)
2022-07-23 19:35:38,959 [s1-client-thread2] DEBUG server.RaftServer$Division (LeaderStateImpl.java:addPendingRequest(401)) - s1@group-1D19F5312903-LeaderStateImpl: addPendingRequest at RaftClientRequest:client-62CCDED19661->s1@group-1D19F5312903, cid=2801, seq=50, RW, Message:6d3438, entry=(t:1, i:54), STATEMACHINELOGENTRY, 2801@client-62CCDED19661
2022-07-23 19:35:38,959 [s1-client-thread2] DEBUG server.RaftServer$Division (RaftServerImpl.java:submitClientRequestAsync(803)) - s1@group-1D19F5312903: receive client request(RaftClientRequest:client-62CCDED19661->s1@group-1D19F5312903, cid=2802, seq=51, RW, Message:6d3439)
2022-07-23 19:35:38,959 [s1-client-thread2] DEBUG server.RaftServer$Division (LeaderStateImpl.java:addPendingRequest(401)) - s1@group-1D19F5312903-LeaderStateImpl: addPendingRequest at RaftClientRequest:client-62CCDED19661->s1@group-1D19F5312903, cid=2802, seq=51, RW, Message:6d3439, entry=(t:1, i:55), STATEMACHINELOGENTRY, 2802@client-62CCDED19661
2022-07-23 19:35:38,960 [s1-client-thread2] DEBUG server.RaftServer$Division (RaftServerImpl.java:submitClientRequestAsync(803)) - s1@group-1D19F5312903: receive client request(RaftClientRequest:client-62CCDED19661->s1@group-1D19F5312903, cid=2803, seq=52, RW, Message:6d3530)
2022-07-23 19:35:38,960 [s1-client-thread2] DEBUG server.RaftServer$Division (LeaderStateImpl.java:addPendingRequest(401)) - s1@group-1D19F5312903-LeaderStateImpl: addPendingRequest at RaftClientRequest:client-62CCDED19661->s1@group-1D19F5312903, cid=2803, seq=52, RW, Message:6d3530, entry=(t:1, i:56), STATEMACHINELOGENTRY, 2803@client-62CCDED19661
2022-07-23 19:35:38,960 [s1-client-thread2] DEBUG server.RaftServer$Division (RaftServerImpl.java:submitClientRequestAsync(803)) - s1@group-1D19F5312903: receive client request(RaftClientRequest:client-62CCDED19661->s1@group-1D19F5312903, cid=2804, seq=53, RW, Message:6d3531)
2022-07-23 19:35:38,960 [s1-client-thread2] DEBUG server.RaftServer$Division (LeaderStateImpl.java:addPendingRequest(401)) - s1@group-1D19F5312903-LeaderStateImpl: addPendingRequest at RaftClientRequest:client-62CCDED19661->s1@group-1D19F5312903, cid=2804, seq=53, RW, Message:6d3531, entry=(t:1, i:57), STATEMACHINELOGENTRY, 2804@client-62CCDED19661
2022-07-23 19:35:38,960 [s1-client-thread2] DEBUG server.RaftServer$Division (RaftServerImpl.java:submitClientRequestAsync(803)) - s1@group-1D19F5312903: receive client request(RaftClientRequest:client-62CCDED19661->s1@group-1D19F5312903, cid=2805, seq=54, RW, Message:6d3532)
2022-07-23 19:35:38,961 [s1-client-thread2] DEBUG server.RaftServer$Division (LeaderStateImpl.java:addPendingRequest(401)) - s1@group-1D19F5312903-LeaderStateImpl: addPendingRequest at RaftClientRequest:client-62CCDED19661->s1@group-1D19F5312903, cid=2805, seq=54, RW, Message:6d3532, entry=(t:1, i:58), STATEMACHINELOGENTRY, 2805@client-62CCDED19661
2022-07-23 19:35:38,961 [s1-client-thread2] DEBUG server.RaftServer$Division (RaftServerImpl.java:submitClientRequestAsync(803)) - s1@group-1D19F5312903: receive client request(RaftClientRequest:client-62CCDED19661->s1@group-1D19F5312903, cid=2806, seq=55, RW, Message:6d3533)
2022-07-23 19:35:38,961 [s1-client-thread2] DEBUG server.RaftServer$Division (LeaderStateImpl.java:addPendingRequest(401)) - s1@group-1D19F5312903-LeaderStateImpl: addPendingRequest at RaftClientRequest:client-62CCDED19661->s1@group-1D19F5312903, cid=2806, seq=55, RW, Message:6d3533, entry=(t:1, i:59), STATEMACHINELOGENTRY, 2806@client-62CCDED19661
2022-07-23 19:35:38,961 [s1-client-thread2] DEBUG server.RaftServer$Division (RaftServerImpl.java:submitClientRequestAsync(803)) - s1@group-1D19F5312903: receive client request(RaftClientRequest:client-62CCDED19661->s1@group-1D19F5312903, cid=2807, seq=56, RW, Message:6d3534)
2022-07-23 19:35:38,961 [s1-client-thread2] DEBUG server.RaftServer$Division (LeaderStateImpl.java:addPendingRequest(401)) - s1@group-1D19F5312903-LeaderStateImpl: addPendingRequest at RaftClientRequest:client-62CCDED19661->s1@group-1D19F5312903, cid=2807, seq=56, RW, Message:6d3534, entry=(t:1, i:60), STATEMACHINELOGENTRY, 2807@client-62CCDED19661
2022-07-23 19:35:38,962 [s1-client-thread2] DEBUG server.RaftServer$Division (RaftServerImpl.java:submitClientRequestAsync(803)) - s1@group-1D19F5312903: receive client request(RaftClientRequest:client-62CCDED19661->s1@group-1D19F5312903, cid=2808, seq=57, RW, Message:6d3535)
2022-07-23 19:35:38,962 [s1-client-thread2] DEBUG server.RaftServer$Division (LeaderStateImpl.java:addPendingRequest(401)) - s1@group-1D19F5312903-LeaderStateImpl: addPendingRequest at RaftClientRequest:client-62CCDED19661->s1@group-1D19F5312903, cid=2808, seq=57, RW, Message:6d3535, entry=(t:1, i:61), STATEMACHINELOGENTRY, 2808@client-62CCDED19661
2022-07-23 19:35:38,962 [s1-client-thread2] DEBUG server.RaftServer$Division (RaftServerImpl.java:submitClientRequestAsync(803)) - s1@group-1D19F5312903: receive client request(RaftClientRequest:client-62CCDED19661->s1@group-1D19F5312903, cid=2809, seq=58, RW, Message:6d3536)
2022-07-23 19:35:38,962 [s1-client-thread2] DEBUG server.RaftServer$Division (LeaderStateImpl.java:addPendingRequest(401)) - s1@group-1D19F5312903-LeaderStateImpl: addPendingRequest at RaftClientRequest:client-62CCDED19661->s1@group-1D19F5312903, cid=2809, seq=58, RW, Message:6d3536, entry=(t:1, i:62), STATEMACHINELOGENTRY, 2809@client-62CCDED19661
2022-07-23 19:35:38,962 [s1-client-thread2] DEBUG server.RaftServer$Division (RaftServerImpl.java:submitClientRequestAsync(803)) - s1@group-1D19F5312903: receive client request(RaftClientRequest:client-62CCDED19661->s1@group-1D19F5312903, cid=2810, seq=59, RW, Message:6d3537)
2022-07-23 19:35:38,962 [s1-client-thread2] DEBUG server.RaftServer$Division (LeaderStateImpl.java:addPendingRequest(401)) - s1@group-1D19F5312903-LeaderStateImpl: addPendingRequest at RaftClientRequest:client-62CCDED19661->s1@group-1D19F5312903, cid=2810, seq=59, RW, Message:6d3537, entry=(t:1, i:63), STATEMACHINELOGENTRY, 2810@client-62CCDED19661
2022-07-23 19:35:38,963 [s1-client-thread2] DEBUG server.RaftServer$Division (RaftServerImpl.java:submitClientRequestAsync(803)) - s1@group-1D19F5312903: receive client request(RaftClientRequest:client-62CCDED19661->s1@group-1D19F5312903, cid=2811, seq=60, RW, Message:6d3538)
2022-07-23 19:35:38,963 [s1-client-thread2] DEBUG server.RaftServer$Division (LeaderStateImpl.java:addPendingRequest(401)) - s1@group-1D19F5312903-LeaderStateImpl: addPendingRequest at RaftClientRequest:client-62CCDED19661->s1@group-1D19F5312903, cid=2811, seq=60, RW, Message:6d3538, entry=(t:1, i:64), STATEMACHINELOGENTRY, 2811@client-62CCDED19661
2022-07-23 19:35:38,963 [s1-client-thread2] DEBUG server.RaftServer$Division (RaftServerImpl.java:submitClientRequestAsync(803)) - s1@group-1D19F5312903: receive client request(RaftClientRequest:client-62CCDED19661->s1@group-1D19F5312903, cid=2812, seq=61, RW, Message:6d3539)
2022-07-23 19:35:38,963 [s1-client-thread2] DEBUG server.RaftServer$Division (LeaderStateImpl.java:addPendingRequest(401)) - s1@group-1D19F5312903-LeaderStateImpl: addPendingRequest at RaftClientRequest:client-62CCDED19661->s1@group-1D19F5312903, cid=2812, seq=61, RW, Message:6d3539, entry=(t:1, i:65), STATEMACHINELOGENTRY, 2812@client-62CCDED19661
2022-07-23 19:35:38,963 [s1-client-thread2] DEBUG server.RaftServer$Division (RaftServerImpl.java:submitClientRequestAsync(803)) - s1@group-1D19F5312903: receive client request(RaftClientRequest:client-62CCDED19661->s1@group-1D19F5312903, cid=2813, seq=62, RW, Message:6d3630)
2022-07-23 19:35:38,964 [s1-client-thread2] DEBUG server.RaftServer$Division (LeaderStateImpl.java:addPendingRequest(401)) - s1@group-1D19F5312903-LeaderStateImpl: addPendingRequest at RaftClientRequest:client-62CCDED19661->s1@group-1D19F5312903, cid=2813, seq=62, RW, Message:6d3630, entry=(t:1, i:66), STATEMACHINELOGENTRY, 2813@client-62CCDED19661
2022-07-23 19:35:38,964 [s1-client-thread2] DEBUG server.RaftServer$Division (RaftServerImpl.java:submitClientRequestAsync(803)) - s1@group-1D19F5312903: receive client request(RaftClientRequest:client-62CCDED19661->s1@group-1D19F5312903, cid=2814, seq=63, RW, Message:6d3631)
2022-07-23 19:35:38,964 [s1-client-thread2] DEBUG server.RaftServer$Division (LeaderStateImpl.java:addPendingRequest(401)) - s1@group-1D19F5312903-LeaderStateImpl: addPendingRequest at RaftClientRequest:client-62CCDED19661->s1@group-1D19F5312903, cid=2814, seq=63, RW, Message:6d3631, entry=(t:1, i:67), STATEMACHINELOGENTRY, 2814@client-62CCDED19661
2022-07-23 19:35:38,964 [s2-server-thread2] DEBUG server.RaftServer$Division (RaftServerImpl.java:logAppendEntries(1305)) - s2@group-1D19F5312903: receive appendEntries(s1, 1, (t:1, i:42), 9, true, commits:[s1:c9, s0:c0, s2:c0], cId:62, entries: (t:1, i:43), STATEMACHINELOGENTRY, 2790@client-62CCDED19661
2022-07-23 19:35:38,965 [grpc-default-executor-12] WARN  server.GrpcLogAppender (LogUtils.java:warn(122)) - s1@group-1D19F5312903->s0-AppendLogResponseHandler: Failed appendEntries: org.apache.ratis.thirdparty.io.grpc.StatusRuntimeException: UNAVAILABLE: io exception
2022-07-23 19:35:38,965 [grpc-default-executor-3] WARN  server.GrpcLogAppender (LogUtils.java:warn(122)) - s1@group-1D19F5312903->s0-AppendLogResponseHandler: Failed appendEntries: org.apache.ratis.thirdparty.io.grpc.StatusRuntimeException: UNAVAILABLE: io exception
2022-07-23 19:35:38,965 [grpc-default-executor-12] WARN  server.GrpcLogAppender (GrpcLogAppender.java:resetClient(115)) - s1@group-1D19F5312903->s0-GrpcLogAppender: Leader has not got in touch with Follower s1@group-1D19F5312903->s0(c0,m0,n44, attendVote=true, lastRpcSendTime=0, lastRpcResponseTime=221) yet, just keep nextIndex unchanged and retry.
2022-07-23 19:35:38,965 [grpc-default-executor-3] WARN  server.GrpcLogAppender (GrpcLogAppender.java:resetClient(115)) - s1@group-1D19F5312903->s0-GrpcLogAppender: Leader has not got in touch with Follower s1@group-1D19F5312903->s0(c0,m0,n44, attendVote=true, lastRpcSendTime=1, lastRpcResponseTime=221) yet, just keep nextIndex unchanged and retry.
2022-07-23 19:35:38,966 [s1-client-thread2] DEBUG server.RaftServer$Division (RaftServerImpl.java:submitClientRequestAsync(803)) - s1@group-1D19F5312903: receive client request(RaftClientRequest:client-62CCDED19661->s1@group-1D19F5312903, cid=2815, seq=64, RW, Message:6d3632)
2022-07-23 19:35:38,966 [s1-client-thread2] DEBUG server.RaftServer$Division (LeaderStateImpl.java:addPendingRequest(401)) - s1@group-1D19F5312903-LeaderStateImpl: addPendingRequest at RaftClientRequest:client-62CCDED19661->s1@group-1D19F5312903, cid=2815, seq=64, RW, Message:6d3632, entry=(t:1, i:68), STATEMACHINELOGENTRY, 2815@client-62CCDED19661
2022-07-23 19:35:38,966 [s2-server-thread2] DEBUG server.RaftServer$Division (RaftServerImpl.java:logAppendEntries(1305)) - s2@group-1D19F5312903: receive appendEntries(s1, 1, (t:1, i:43), 9, true, commits:[s1:c9, s0:c0, s2:c0], cId:63, entries: (t:1, i:44), STATEMACHINELOGENTRY, 2791@client-62CCDED19661
2022-07-23 19:35:38,966 [s1-client-thread2] DEBUG server.RaftServer$Division (RaftServerImpl.java:submitClientRequestAsync(803)) - s1@group-1D19F5312903: receive client request(RaftClientRequest:client-62CCDED19661->s1@group-1D19F5312903, cid=2816, seq=65, RW, Message:6d3633)
2022-07-23 19:35:38,967 [s1-client-thread2] DEBUG server.RaftServer$Division (LeaderStateImpl.java:addPendingRequest(401)) - s1@group-1D19F5312903-LeaderStateImpl: addPendingRequest at RaftClientRequest:client-62CCDED19661->s1@group-1D19F5312903, cid=2816, seq=65, RW, Message:6d3633, entry=(t:1, i:69), STATEMACHINELOGENTRY, 2816@client-62CCDED19661
2022-07-23 19:35:38,967 [s2-server-thread2] DEBUG server.RaftServer$Division (RaftServerImpl.java:logAppendEntries(1305)) - s2@group-1D19F5312903: receive appendEntries(s1, 1, (t:1, i:44), 9, true, commits:[s1:c9, s0:c0, s2:c0], cId:64, entries: (t:1, i:45), STATEMACHINELOGENTRY, 2792@client-62CCDED19661
2022-07-23 19:35:38,967 [s1-client-thread2] DEBUG server.RaftServer$Division (RaftServerImpl.java:submitClientRequestAsync(803)) - s1@group-1D19F5312903: receive client request(RaftClientRequest:client-62CCDED19661->s1@group-1D19F5312903, cid=2817, seq=66, RW, Message:6d3634)
2022-07-23 19:35:38,967 [s1-client-thread2] DEBUG server.RaftServer$Division (LeaderStateImpl.java:addPendingRequest(401)) - s1@group-1D19F5312903-LeaderStateImpl: addPendingRequest at RaftClientRequest:client-62CCDED19661->s1@group-1D19F5312903, cid=2817, seq=66, RW, Message:6d3634, entry=(t:1, i:70), STATEMACHINELOGENTRY, 2817@client-62CCDED19661
2022-07-23 19:35:38,968 [Thread-9281] DEBUG server.RaftServer$Division (RaftServerImpl.java:logAppendEntries(1305)) - s2@group-1D19F5312903: succeeded to handle AppendEntries. Reply: s1<-s2#24:OK-t1,SUCCESS,nextIndex=11,followerCommit=0,matchIndex=10
2022-07-23 19:35:38,968 [grpc-default-executor-3] WARN  server.GrpcLogAppender (LogUtils.java:warn(122)) - s1@group-1D19F5312903->s0-AppendLogResponseHandler: Failed appendEntries: org.apache.ratis.thirdparty.io.grpc.StatusRuntimeException: UNAVAILABLE: io exception
2022-07-23 19:35:38,968 [grpc-default-executor-3] WARN  server.GrpcLogAppender (GrpcLogAppender.java:resetClient(115)) - s1@group-1D19F5312903->s0-GrpcLogAppender: Leader has not got in touch with Follower s1@group-1D19F5312903->s0(c0,m0,n69, attendVote=true, lastRpcSendTime=0, lastRpcResponseTime=224) yet, just keep nextIndex unchanged and retry.
2022-07-23 19:35:38,969 [grpc-default-executor-3] WARN  server.GrpcLogAppender (LogUtils.java:warn(122)) - s1@group-1D19F5312903->s0-AppendLogResponseHandler: Failed appendEntries: org.apache.ratis.thirdparty.io.grpc.StatusRuntimeException: UNAVAILABLE: io exception
2022-07-23 19:35:38,969 [grpc-default-executor-3] WARN  server.GrpcLogAppender (GrpcLogAppender.java:resetClient(115)) - s1@group-1D19F5312903->s0-GrpcLogAppender: Leader has not got in touch with Follower s1@group-1D19F5312903->s0(c0,m0,n69, attendVote=true, lastRpcSendTime=1, lastRpcResponseTime=224) yet, just keep nextIndex unchanged and retry.
2022-07-23 19:35:38,969 [s1-client-thread2] DEBUG server.RaftServer$Division (RaftServerImpl.java:submitClientRequestAsync(803)) - s1@group-1D19F5312903: receive client request(RaftClientRequest:client-62CCDED19661->s1@group-1D19F5312903, cid=2818, seq=67, RW, Message:6d3635)
2022-07-23 19:35:38,969 [s1-client-thread2] DEBUG server.RaftServer$Division (LeaderStateImpl.java:addPendingRequest(401)) - s1@group-1D19F5312903-LeaderStateImpl: addPendingRequest at RaftClientRequest:client-62CCDED19661->s1@group-1D19F5312903, cid=2818, seq=67, RW, Message:6d3635, entry=(t:1, i:71), STATEMACHINELOGENTRY, 2818@client-62CCDED19661
2022-07-23 19:35:38,970 [grpc-default-executor-16] WARN  server.GrpcLogAppender (LogUtils.java:warn(122)) - s1@group-1D19F5312903->s0-AppendLogResponseHandler: Failed appendEntries: org.apache.ratis.thirdparty.io.grpc.StatusRuntimeException: UNAVAILABLE: io exception
2022-07-23 19:35:38,970 [s2-server-thread2] DEBUG server.RaftServer$Division (RaftServerImpl.java:logAppendEntries(1305)) - s2@group-1D19F5312903: receive appendEntries(s1, 1, (t:1, i:45), 9, true, commits:[s1:c9, s0:c0, s2:c0], cId:65, entries: (t:1, i:46), STATEMACHINELOGENTRY, 2793@client-62CCDED19661
2022-07-23 19:35:38,970 [grpc-default-executor-16] WARN  server.GrpcLogAppender (GrpcLogAppender.java:resetClient(115)) - s1@group-1D19F5312903->s0-GrpcLogAppender: Leader has not got in touch with Follower s1@group-1D19F5312903->s0(c0,m0,n72, attendVote=true, lastRpcSendTime=0, lastRpcResponseTime=225) yet, just keep nextIndex unchanged and retry.
2022-07-23 19:35:38,970 [s2-server-thread2] DEBUG server.RaftServer$Division (RaftServerImpl.java:logAppendEntries(1305)) - s2@group-1D19F5312903: receive appendEntries(s1, 1, (t:1, i:46), 9, true, commits:[s1:c9, s0:c0, s2:c0], cId:66, entries: (t:1, i:47), STATEMACHINELOGENTRY, 2794@client-62CCDED19661
2022-07-23 19:35:38,970 [s1-client-thread2] DEBUG server.RaftServer$Division (RaftServerImpl.java:submitClientRequestAsync(803)) - s1@group-1D19F5312903: receive client request(RaftClientRequest:client-62CCDED19661->s1@group-1D19F5312903, cid=2819, seq=68, RW, Message:6d3636)
2022-07-23 19:35:38,970 [s1-client-thread2] DEBUG server.RaftServer$Division (LeaderStateImpl.java:addPendingRequest(401)) - s1@group-1D19F5312903-LeaderStateImpl: addPendingRequest at RaftClientRequest:client-62CCDED19661->s1@group-1D19F5312903, cid=2819, seq=68, RW, Message:6d3636, entry=(t:1, i:72), STATEMACHINELOGENTRY, 2819@client-62CCDED19661
2022-07-23 19:35:38,972 [s1@group-1D19F5312903-StateMachineUpdater] INFO  statemachine.SimpleStateMachine4Testing (SimpleStateMachine4Testing.java:put(204)) - s1: put 10, m9 -> (t:1, i:10), STATEMACHINELOGENTRY, 2762@client-62CCDED19661
2022-07-23 19:35:38,972 [grpc-default-executor-12] WARN  server.GrpcLogAppender (LogUtils.java:warn(122)) - s1@group-1D19F5312903->s0-AppendLogResponseHandler: Failed appendEntries: org.apache.ratis.thirdparty.io.grpc.StatusRuntimeException: UNAVAILABLE: io exception
2022-07-23 19:35:38,972 [grpc-default-executor-12] WARN  server.GrpcLogAppender (GrpcLogAppender.java:resetClient(115)) - s1@group-1D19F5312903->s0-GrpcLogAppender: Leader has not got in touch with Follower s1@group-1D19F5312903->s0(c0,m0,n73, attendVote=true, lastRpcSendTime=0, lastRpcResponseTime=228) yet, just keep nextIndex unchanged and retry.
2022-07-23 19:35:38,972 [grpc-default-executor-3] WARN  server.GrpcLogAppender (LogUtils.java:warn(122)) - s1@group-1D19F5312903->s0-AppendLogResponseHandler: Failed appendEntries: org.apache.ratis.thirdparty.io.grpc.StatusRuntimeException: UNAVAILABLE: io exception
2022-07-23 19:35:38,973 [grpc-default-executor-3] WARN  server.GrpcLogAppender (GrpcLogAppender.java:resetClient(115)) - s1@group-1D19F5312903->s0-GrpcLogAppender: Leader has not got in touch with Follower s1@group-1D19F5312903->s0(c0,m0,n73, attendVote=true, lastRpcSendTime=0, lastRpcResponseTime=228) yet, just keep nextIndex unchanged and retry.
2022-07-23 19:35:38,973 [s2-server-thread2] DEBUG server.RaftServer$Division (RaftServerImpl.java:logAppendEntries(1305)) - s2@group-1D19F5312903: receive appendEntries(s1, 1, (t:1, i:47), 9, true, commits:[s1:c9, s0:c0, s2:c0], cId:67, entries: (t:1, i:48), STATEMACHINELOGENTRY, 2795@client-62CCDED19661
2022-07-23 19:35:38,973 [s1-client-thread2] DEBUG server.RaftServer$Division (RaftServerImpl.java:submitClientRequestAsync(803)) - s1@group-1D19F5312903: receive client request(RaftClientRequest:client-62CCDED19661->s1@group-1D19F5312903, cid=2820, seq=69, RW, Message:6d3637)
2022-07-23 19:35:38,973 [s1-client-thread2] DEBUG server.RaftServer$Division (LeaderStateImpl.java:addPendingRequest(401)) - s1@group-1D19F5312903-LeaderStateImpl: addPendingRequest at RaftClientRequest:client-62CCDED19661->s1@group-1D19F5312903, cid=2820, seq=69, RW, Message:6d3637, entry=(t:1, i:74), STATEMACHINELOGENTRY, 2820@client-62CCDED19661
2022-07-23 19:35:38,973 [Thread-9282] DEBUG server.RaftServer$Division (RaftServerImpl.java:logAppendEntries(1305)) - s2@group-1D19F5312903: succeeded to handle AppendEntries. Reply: s1<-s2#25:OK-t1,SUCCESS,nextIndex=13,followerCommit=0,matchIndex=12
2022-07-23 19:35:38,974 [s2-server-thread2] DEBUG server.RaftServer$Division (RaftServerImpl.java:logAppendEntries(1305)) - s2@group-1D19F5312903: receive appendEntries(s1, 1, (t:1, i:48), 9, true, commits:[s1:c9, s0:c0, s2:c0], cId:68, entries: (t:1, i:49), STATEMACHINELOGENTRY, 2796@client-62CCDED19661
2022-07-23 19:35:38,974 [s1-client-thread2] DEBUG server.RaftServer$Division (RaftServerImpl.java:submitClientRequestAsync(803)) - s1@group-1D19F5312903: receive client request(RaftClientRequest:client-62CCDED19661->s1@group-1D19F5312903, cid=2821, seq=70, RW, Message:6d3638)
2022-07-23 19:35:38,974 [s1-client-thread2] DEBUG server.RaftServer$Division (LeaderStateImpl.java:addPendingRequest(401)) - s1@group-1D19F5312903-LeaderStateImpl: addPendingRequest at RaftClientRequest:client-62CCDED19661->s1@group-1D19F5312903, cid=2821, seq=70, RW, Message:6d3638, entry=(t:1, i:75), STATEMACHINELOGENTRY, 2821@client-62CCDED19661
2022-07-23 19:35:38,975 [s1@group-1D19F5312903-StateMachineUpdater] INFO  statemachine.SimpleStateMachine4Testing (SimpleStateMachine4Testing.java:put(204)) - s1: put 11, m10 -> (t:1, i:11), STATEMACHINELOGENTRY, 2763@client-62CCDED19661
2022-07-23 19:35:38,975 [s1@group-1D19F5312903-StateMachineUpdater] INFO  statemachine.SimpleStateMachine4Testing (SimpleStateMachine4Testing.java:put(204)) - s1: put 12, m11 -> (t:1, i:12), STATEMACHINELOGENTRY, 2764@client-62CCDED19661
2022-07-23 19:35:38,976 [s2-server-thread2] DEBUG server.RaftServer$Division (RaftServerImpl.java:logAppendEntries(1305)) - s2@group-1D19F5312903: receive appendEntries(s1, 1, (t:1, i:49), 9, true, commits:[s1:c9, s0:c0, s2:c0], cId:69, entries: (t:1, i:50), STATEMACHINELOGENTRY, 2797@client-62CCDED19661
2022-07-23 19:35:38,976 [s1-client-thread2] DEBUG server.RaftServer$Division (RaftServerImpl.java:submitClientRequestAsync(803)) - s1@group-1D19F5312903: receive client request(RaftClientRequest:client-62CCDED19661->s1@group-1D19F5312903, cid=2822, seq=71, RW, Message:6d3639)
2022-07-23 19:35:38,976 [s1-client-thread2] DEBUG server.RaftServer$Division (LeaderStateImpl.java:addPendingRequest(401)) - s1@group-1D19F5312903-LeaderStateImpl: addPendingRequest at RaftClientRequest:client-62CCDED19661->s1@group-1D19F5312903, cid=2822, seq=71, RW, Message:6d3639, entry=(t:1, i:77), STATEMACHINELOGENTRY, 2822@client-62CCDED19661
2022-07-23 19:35:38,976 [s2-server-thread2] DEBUG server.RaftServer$Division (RaftServerImpl.java:logAppendEntries(1305)) - s2@group-1D19F5312903: receive appendEntries(s1, 1, (t:1, i:50), 9, true, commits:[s1:c9, s0:c0, s2:c0], cId:70, entries: (t:1, i:51), STATEMACHINELOGENTRY, 2798@client-62CCDED19661
2022-07-23 19:35:38,976 [s1-client-thread2] DEBUG server.RaftServer$Division (RaftServerImpl.java:submitClientRequestAsync(803)) - s1@group-1D19F5312903: receive client request(RaftClientRequest:client-62CCDED19661->s1@group-1D19F5312903, cid=2823, seq=72, RW, Message:6d3730)
2022-07-23 19:35:38,976 [s1-client-thread2] DEBUG server.RaftServer$Division (LeaderStateImpl.java:addPendingRequest(401)) - s1@group-1D19F5312903-LeaderStateImpl: addPendingRequest at RaftClientRequest:client-62CCDED19661->s1@group-1D19F5312903, cid=2823, seq=72, RW, Message:6d3730, entry=(t:1, i:78), STATEMACHINELOGENTRY, 2823@client-62CCDED19661
2022-07-23 19:35:38,977 [s2-server-thread2] DEBUG server.RaftServer$Division (RaftServerImpl.java:logAppendEntries(1305)) - s2@group-1D19F5312903: receive appendEntries(s1, 1, (t:1, i:51), 9, true, commits:[s1:c9, s0:c0, s2:c0], cId:71, entries: (t:1, i:52), STATEMACHINELOGENTRY, 2799@client-62CCDED19661
2022-07-23 19:35:38,977 [s1-client-thread2] DEBUG server.RaftServer$Division (RaftServerImpl.java:submitClientRequestAsync(803)) - s1@group-1D19F5312903: receive client request(RaftClientRequest:client-62CCDED19661->s1@group-1D19F5312903, cid=2824, seq=73, RW, Message:6d3731)
2022-07-23 19:35:38,977 [s1-client-thread2] DEBUG server.RaftServer$Division (LeaderStateImpl.java:addPendingRequest(401)) - s1@group-1D19F5312903-LeaderStateImpl: addPendingRequest at RaftClientRequest:client-62CCDED19661->s1@group-1D19F5312903, cid=2824, seq=73, RW, Message:6d3731, entry=(t:1, i:79), STATEMACHINELOGENTRY, 2824@client-62CCDED19661
2022-07-23 19:35:38,977 [s2-server-thread2] DEBUG server.RaftServer$Division (RaftServerImpl.java:logAppendEntries(1305)) - s2@group-1D19F5312903: receive appendEntries(s1, 1, (t:1, i:52), 9, true, commits:[s1:c9, s0:c0, s2:c0], cId:72, entries: (t:1, i:53), STATEMACHINELOGENTRY, 2800@client-62CCDED19661
2022-07-23 19:35:38,978 [s1-client-thread2] DEBUG server.RaftServer$Division (RaftServerImpl.java:submitClientRequestAsync(803)) - s1@group-1D19F5312903: receive client request(RaftClientRequest:client-62CCDED19661->s1@group-1D19F5312903, cid=2825, seq=74, RW, Message:6d3732)
2022-07-23 19:35:38,978 [s1-client-thread2] DEBUG server.RaftServer$Division (LeaderStateImpl.java:addPendingRequest(401)) - s1@group-1D19F5312903-LeaderStateImpl: addPendingRequest at RaftClientRequest:client-62CCDED19661->s1@group-1D19F5312903, cid=2825, seq=74, RW, Message:6d3732, entry=(t:1, i:80), STATEMACHINELOGENTRY, 2825@client-62CCDED19661
2022-07-23 19:35:38,978 [Thread-9283] DEBUG server.RaftServer$Division (RaftServerImpl.java:logAppendEntries(1305)) - s2@group-1D19F5312903: succeeded to handle AppendEntries. Reply: s1<-s2#26:OK-t1,SUCCESS,nextIndex=14,followerCommit=0,matchIndex=13
2022-07-23 19:35:38,978 [s2-server-thread2] DEBUG server.RaftServer$Division (RaftServerImpl.java:logAppendEntries(1305)) - s2@group-1D19F5312903: receive appendEntries(s1, 1, (t:1, i:53), 9, true, commits:[s1:c9, s0:c0, s2:c0], cId:73, entries: (t:1, i:54), STATEMACHINELOGENTRY, 2801@client-62CCDED19661
2022-07-23 19:35:38,978 [s1-client-thread2] DEBUG server.RaftServer$Division (RaftServerImpl.java:submitClientRequestAsync(803)) - s1@group-1D19F5312903: receive client request(RaftClientRequest:client-62CCDED19661->s1@group-1D19F5312903, cid=2826, seq=75, RW, Message:6d3733)
2022-07-23 19:35:38,978 [s1-client-thread2] DEBUG server.RaftServer$Division (LeaderStateImpl.java:addPendingRequest(401)) - s1@group-1D19F5312903-LeaderStateImpl: addPendingRequest at RaftClientRequest:client-62CCDED19661->s1@group-1D19F5312903, cid=2826, seq=75, RW, Message:6d3733, entry=(t:1, i:81), STATEMACHINELOGENTRY, 2826@client-62CCDED19661
2022-07-23 19:35:38,979 [s1-client-thread2] DEBUG server.RaftServer$Division (RaftServerImpl.java:submitClientRequestAsync(803)) - s1@group-1D19F5312903: receive client request(RaftClientRequest:client-62CCDED19661->s1@group-1D19F5312903, cid=2827, seq=76, RW, Message:6d3734)
2022-07-23 19:35:38,979 [s1@group-1D19F5312903-StateMachineUpdater] INFO  statemachine.SimpleStateMachine4Testing (SimpleStateMachine4Testing.java:put(204)) - s1: put 13, m12 -> (t:1, i:13), STATEMACHINELOGENTRY, 2765@client-62CCDED19661
2022-07-23 19:35:38,979 [s2-server-thread2] DEBUG server.RaftServer$Division (RaftServerImpl.java:logAppendEntries(1305)) - s2@group-1D19F5312903: receive appendEntries(s1, 1, (t:1, i:54), 9, true, commits:[s1:c9, s0:c0, s2:c0], cId:74, entries: (t:1, i:55), STATEMACHINELOGENTRY, 2802@client-62CCDED19661
2022-07-23 19:35:38,979 [s1-client-thread2] DEBUG server.RaftServer$Division (LeaderStateImpl.java:addPendingRequest(401)) - s1@group-1D19F5312903-LeaderStateImpl: addPendingRequest at RaftClientRequest:client-62CCDED19661->s1@group-1D19F5312903, cid=2827, seq=76, RW, Message:6d3734, entry=(t:1, i:83), STATEMACHINELOGENTRY, 2827@client-62CCDED19661
2022-07-23 19:35:38,980 [s2-server-thread2] DEBUG server.RaftServer$Division (RaftServerImpl.java:logAppendEntries(1305)) - s2@group-1D19F5312903: receive appendEntries(s1, 1, (t:1, i:55), 9, true, commits:[s1:c9, s0:c0, s2:c0], cId:75, entries: (t:1, i:56), STATEMACHINELOGENTRY, 2803@client-62CCDED19661
2022-07-23 19:35:38,980 [s1-client-thread2] DEBUG server.RaftServer$Division (RaftServerImpl.java:submitClientRequestAsync(803)) - s1@group-1D19F5312903: receive client request(RaftClientRequest:client-62CCDED19661->s1@group-1D19F5312903, cid=2828, seq=77, RW, Message:6d3735)
2022-07-23 19:35:38,980 [s1-client-thread2] DEBUG server.RaftServer$Division (LeaderStateImpl.java:addPendingRequest(401)) - s1@group-1D19F5312903-LeaderStateImpl: addPendingRequest at RaftClientRequest:client-62CCDED19661->s1@group-1D19F5312903, cid=2828, seq=77, RW, Message:6d3735, entry=(t:1, i:84), STATEMACHINELOGENTRY, 2828@client-62CCDED19661
2022-07-23 19:35:38,980 [s2-server-thread2] DEBUG server.RaftServer$Division (RaftServerImpl.java:logAppendEntries(1305)) - s2@group-1D19F5312903: receive appendEntries(s1, 1, (t:1, i:56), 9, true, commits:[s1:c9, s0:c0, s2:c0], cId:76, entries: (t:1, i:57), STATEMACHINELOGENTRY, 2804@client-62CCDED19661
2022-07-23 19:35:38,980 [s1-client-thread2] DEBUG server.RaftServer$Division (RaftServerImpl.java:submitClientRequestAsync(803)) - s1@group-1D19F5312903: receive client request(RaftClientRequest:client-62CCDED19661->s1@group-1D19F5312903, cid=2829, seq=78, RW, Message:6d3736)
2022-07-23 19:35:38,980 [s1-client-thread2] DEBUG server.RaftServer$Division (LeaderStateImpl.java:addPendingRequest(401)) - s1@group-1D19F5312903-LeaderStateImpl: addPendingRequest at RaftClientRequest:client-62CCDED19661->s1@group-1D19F5312903, cid=2829, seq=78, RW, Message:6d3736, entry=(t:1, i:85), STATEMACHINELOGENTRY, 2829@client-62CCDED19661
2022-07-23 19:35:38,981 [s2-server-thread2] DEBUG server.RaftServer$Division (RaftServerImpl.java:logAppendEntries(1305)) - s2@group-1D19F5312903: receive appendEntries(s1, 1, (t:1, i:57), 9, true, commits:[s1:c9, s0:c0, s2:c0], cId:77, entries: (t:1, i:58), STATEMACHINELOGENTRY, 2805@client-62CCDED19661
2022-07-23 19:35:38,981 [s1-client-thread2] DEBUG server.RaftServer$Division (RaftServerImpl.java:submitClientRequestAsync(803)) - s1@group-1D19F5312903: receive client request(RaftClientRequest:client-62CCDED19661->s1@group-1D19F5312903, cid=2830, seq=79, RW, Message:6d3737)
2022-07-23 19:35:38,981 [s1-client-thread2] DEBUG server.RaftServer$Division (LeaderStateImpl.java:addPendingRequest(401)) - s1@group-1D19F5312903-LeaderStateImpl: addPendingRequest at RaftClientRequest:client-62CCDED19661->s1@group-1D19F5312903, cid=2830, seq=79, RW, Message:6d3737, entry=(t:1, i:86), STATEMACHINELOGENTRY, 2830@client-62CCDED19661
2022-07-23 19:35:38,981 [s2-server-thread2] DEBUG server.RaftServer$Division (RaftServerImpl.java:logAppendEntries(1305)) - s2@group-1D19F5312903: receive appendEntries(s1, 1, (t:1, i:58), 9, true, commits:[s1:c9, s0:c0, s2:c0], cId:78, entries: (t:1, i:59), STATEMACHINELOGENTRY, 2806@client-62CCDED19661
2022-07-23 19:35:38,981 [s1-client-thread2] DEBUG server.RaftServer$Division (RaftServerImpl.java:submitClientRequestAsync(803)) - s1@group-1D19F5312903: receive client request(RaftClientRequest:client-62CCDED19661->s1@group-1D19F5312903, cid=2831, seq=80, RW, Message:6d3738)
2022-07-23 19:35:38,981 [s1-client-thread2] DEBUG server.RaftServer$Division (LeaderStateImpl.java:addPendingRequest(401)) - s1@group-1D19F5312903-LeaderStateImpl: addPendingRequest at RaftClientRequest:client-62CCDED19661->s1@group-1D19F5312903, cid=2831, seq=80, RW, Message:6d3738, entry=(t:1, i:87), STATEMACHINELOGENTRY, 2831@client-62CCDED19661
2022-07-23 19:35:38,982 [s2-server-thread2] DEBUG server.RaftServer$Division (RaftServerImpl.java:logAppendEntries(1305)) - s2@group-1D19F5312903: receive appendEntries(s1, 1, (t:1, i:59), 9, true, commits:[s1:c9, s0:c0, s2:c0], cId:79, entries: (t:1, i:60), STATEMACHINELOGENTRY, 2807@client-62CCDED19661
2022-07-23 19:35:38,982 [s1-client-thread2] DEBUG server.RaftServer$Division (RaftServerImpl.java:submitClientRequestAsync(803)) - s1@group-1D19F5312903: receive client request(RaftClientRequest:client-62CCDED19661->s1@group-1D19F5312903, cid=2832, seq=81, RW, Message:6d3739)
2022-07-23 19:35:38,982 [s1-client-thread2] DEBUG server.RaftServer$Division (LeaderStateImpl.java:addPendingRequest(401)) - s1@group-1D19F5312903-LeaderStateImpl: addPendingRequest at RaftClientRequest:client-62CCDED19661->s1@group-1D19F5312903, cid=2832, seq=81, RW, Message:6d3739, entry=(t:1, i:88), STATEMACHINELOGENTRY, 2832@client-62CCDED19661
2022-07-23 19:35:38,982 [s2-server-thread2] DEBUG server.RaftServer$Division (RaftServerImpl.java:logAppendEntries(1305)) - s2@group-1D19F5312903: receive appendEntries(s1, 1, (t:1, i:60), 9, true, commits:[s1:c9, s0:c0, s2:c0], cId:80, entries: (t:1, i:61), STATEMACHINELOGENTRY, 2808@client-62CCDED19661
2022-07-23 19:35:38,982 [s1-client-thread2] DEBUG server.RaftServer$Division (RaftServerImpl.java:submitClientRequestAsync(803)) - s1@group-1D19F5312903: receive client request(RaftClientRequest:client-62CCDED19661->s1@group-1D19F5312903, cid=2833, seq=82, RW, Message:6d3830)
2022-07-23 19:35:38,983 [s1-client-thread2] DEBUG server.RaftServer$Division (LeaderStateImpl.java:addPendingRequest(401)) - s1@group-1D19F5312903-LeaderStateImpl: addPendingRequest at RaftClientRequest:client-62CCDED19661->s1@group-1D19F5312903, cid=2833, seq=82, RW, Message:6d3830, entry=(t:1, i:89), STATEMACHINELOGENTRY, 2833@client-62CCDED19661
2022-07-23 19:35:38,983 [s2-server-thread2] DEBUG server.RaftServer$Division (RaftServerImpl.java:logAppendEntries(1305)) - s2@group-1D19F5312903: receive appendEntries(s1, 1, (t:1, i:61), 9, true, commits:[s1:c9, s0:c0, s2:c0], cId:81, entries: (t:1, i:62), STATEMACHINELOGENTRY, 2809@client-62CCDED19661
2022-07-23 19:35:38,983 [s1-client-thread2] DEBUG server.RaftServer$Division (RaftServerImpl.java:submitClientRequestAsync(803)) - s1@group-1D19F5312903: receive client request(RaftClientRequest:client-62CCDED19661->s1@group-1D19F5312903, cid=2834, seq=83, RW, Message:6d3831)
2022-07-23 19:35:38,983 [s1-client-thread2] DEBUG server.RaftServer$Division (LeaderStateImpl.java:addPendingRequest(401)) - s1@group-1D19F5312903-LeaderStateImpl: addPendingRequest at RaftClientRequest:client-62CCDED19661->s1@group-1D19F5312903, cid=2834, seq=83, RW, Message:6d3831, entry=(t:1, i:90), STATEMACHINELOGENTRY, 2834@client-62CCDED19661
2022-07-23 19:35:38,983 [s2-server-thread2] DEBUG server.RaftServer$Division (RaftServerImpl.java:logAppendEntries(1305)) - s2@group-1D19F5312903: receive appendEntries(s1, 1, (t:1, i:62), 9, true, commits:[s1:c9, s0:c0, s2:c0], cId:82, entries: (t:1, i:63), STATEMACHINELOGENTRY, 2810@client-62CCDED19661
2022-07-23 19:35:38,984 [grpc-default-executor-15] WARN  server.GrpcLogAppender (LogUtils.java:warn(122)) - s1@group-1D19F5312903->s0-AppendLogResponseHandler: Failed appendEntries: org.apache.ratis.thirdparty.io.grpc.StatusRuntimeException: UNAVAILABLE: io exception
2022-07-23 19:35:38,984 [grpc-default-executor-15] WARN  server.GrpcLogAppender (GrpcLogAppender.java:resetClient(115)) - s1@group-1D19F5312903->s0-GrpcLogAppender: Leader has not got in touch with Follower s1@group-1D19F5312903->s0(c0,m0,n75, attendVote=true, lastRpcSendTime=1, lastRpcResponseTime=239) yet, just keep nextIndex unchanged and retry.
2022-07-23 19:35:38,984 [grpc-default-executor-11] WARN  server.GrpcLogAppender (LogUtils.java:warn(122)) - s1@group-1D19F5312903->s0-AppendLogResponseHandler: Failed appendEntries: org.apache.ratis.thirdparty.io.grpc.StatusRuntimeException: UNAVAILABLE: io exception
2022-07-23 19:35:38,984 [grpc-default-executor-11] WARN  server.GrpcLogAppender (GrpcLogAppender.java:resetClient(115)) - s1@group-1D19F5312903->s0-GrpcLogAppender: Leader has not got in touch with Follower s1@group-1D19F5312903->s0(c0,m0,n91, attendVote=true, lastRpcSendTime=0, lastRpcResponseTime=240) yet, just keep nextIndex unchanged and retry.
2022-07-23 19:35:38,984 [grpc-default-executor-15] WARN  server.GrpcLogAppender (LogUtils.java:warn(122)) - s1@group-1D19F5312903->s0-AppendLogResponseHandler: Failed appendEntries: org.apache.ratis.thirdparty.io.grpc.StatusRuntimeException: UNAVAILABLE: io exception
2022-07-23 19:35:38,984 [grpc-default-executor-15] WARN  server.GrpcLogAppender (GrpcLogAppender.java:resetClient(115)) - s1@group-1D19F5312903->s0-GrpcLogAppender: Leader has not got in touch with Follower s1@group-1D19F5312903->s0(c0,m0,n91, attendVote=true, lastRpcSendTime=0, lastRpcResponseTime=240) yet, just keep nextIndex unchanged and retry.
2022-07-23 19:35:38,985 [grpc-default-executor-16] WARN  server.GrpcLogAppender (LogUtils.java:warn(122)) - s1@group-1D19F5312903->s0-AppendLogResponseHandler: Failed appendEntries: org.apache.ratis.thirdparty.io.grpc.StatusRuntimeException: UNAVAILABLE: io exception
2022-07-23 19:35:38,985 [grpc-default-executor-16] WARN  server.GrpcLogAppender (GrpcLogAppender.java:resetClient(115)) - s1@group-1D19F5312903->s0-GrpcLogAppender: Leader has not got in touch with Follower s1@group-1D19F5312903->s0(c0,m0,n91, attendVote=true, lastRpcSendTime=0, lastRpcResponseTime=240) yet, just keep nextIndex unchanged and retry.
2022-07-23 19:35:38,985 [grpc-default-executor-3] WARN  server.GrpcLogAppender (LogUtils.java:warn(122)) - s1@group-1D19F5312903->s0-AppendLogResponseHandler: Failed appendEntries: org.apache.ratis.thirdparty.io.grpc.StatusRuntimeException: UNAVAILABLE: io exception
2022-07-23 19:35:38,985 [grpc-default-executor-3] WARN  server.GrpcLogAppender (GrpcLogAppender.java:resetClient(115)) - s1@group-1D19F5312903->s0-GrpcLogAppender: Leader has not got in touch with Follower s1@group-1D19F5312903->s0(c0,m0,n91, attendVote=true, lastRpcSendTime=0, lastRpcResponseTime=240) yet, just keep nextIndex unchanged and retry.
2022-07-23 19:35:38,985 [s2-server-thread2] DEBUG server.RaftServer$Division (RaftServerImpl.java:logAppendEntries(1305)) - s2@group-1D19F5312903: receive appendEntries(s1, 1, (t:1, i:63), 9, true, commits:[s1:c9, s0:c0, s2:c0], cId:83, entries: (t:1, i:64), STATEMACHINELOGENTRY, 2811@client-62CCDED19661
2022-07-23 19:35:38,985 [s1-client-thread2] DEBUG server.RaftServer$Division (RaftServerImpl.java:submitClientRequestAsync(803)) - s1@group-1D19F5312903: receive client request(RaftClientRequest:client-62CCDED19661->s1@group-1D19F5312903, cid=2835, seq=84, RW, Message:6d3832)
2022-07-23 19:35:38,986 [s1-client-thread2] DEBUG server.RaftServer$Division (LeaderStateImpl.java:addPendingRequest(401)) - s1@group-1D19F5312903-LeaderStateImpl: addPendingRequest at RaftClientRequest:client-62CCDED19661->s1@group-1D19F5312903, cid=2835, seq=84, RW, Message:6d3832, entry=(t:1, i:91), STATEMACHINELOGENTRY, 2835@client-62CCDED19661
2022-07-23 19:35:38,986 [s2-server-thread2] DEBUG server.RaftServer$Division (RaftServerImpl.java:logAppendEntries(1305)) - s2@group-1D19F5312903: receive appendEntries(s1, 1, (t:1, i:64), 9, true, commits:[s1:c9, s0:c0, s2:c0], cId:84, entries: (t:1, i:65), STATEMACHINELOGENTRY, 2812@client-62CCDED19661
2022-07-23 19:35:38,986 [s1-client-thread2] DEBUG server.RaftServer$Division (RaftServerImpl.java:submitClientRequestAsync(803)) - s1@group-1D19F5312903: receive client request(RaftClientRequest:client-62CCDED19661->s1@group-1D19F5312903, cid=2836, seq=85, RW, Message:6d3833)
2022-07-23 19:35:38,986 [s1-client-thread2] DEBUG server.RaftServer$Division (LeaderStateImpl.java:addPendingRequest(401)) - s1@group-1D19F5312903-LeaderStateImpl: addPendingRequest at RaftClientRequest:client-62CCDED19661->s1@group-1D19F5312903, cid=2836, seq=85, RW, Message:6d3833, entry=(t:1, i:92), STATEMACHINELOGENTRY, 2836@client-62CCDED19661
2022-07-23 19:35:38,986 [s2-server-thread2] DEBUG server.RaftServer$Division (RaftServerImpl.java:logAppendEntries(1305)) - s2@group-1D19F5312903: receive appendEntries(s1, 1, (t:1, i:65), 9, true, commits:[s1:c9, s0:c0, s2:c0], cId:85, entries: (t:1, i:66), STATEMACHINELOGENTRY, 2813@client-62CCDED19661
2022-07-23 19:35:38,986 [s1-client-thread2] DEBUG server.RaftServer$Division (RaftServerImpl.java:submitClientRequestAsync(803)) - s1@group-1D19F5312903: receive client request(RaftClientRequest:client-62CCDED19661->s1@group-1D19F5312903, cid=2837, seq=86, RW, Message:6d3834)
2022-07-23 19:35:38,987 [s1-client-thread2] DEBUG server.RaftServer$Division (LeaderStateImpl.java:addPendingRequest(401)) - s1@group-1D19F5312903-LeaderStateImpl: addPendingRequest at RaftClientRequest:client-62CCDED19661->s1@group-1D19F5312903, cid=2837, seq=86, RW, Message:6d3834, entry=(t:1, i:93), STATEMACHINELOGENTRY, 2837@client-62CCDED19661
2022-07-23 19:35:38,987 [s2-server-thread2] DEBUG server.RaftServer$Division (RaftServerImpl.java:logAppendEntries(1305)) - s2@group-1D19F5312903: receive appendEntries(s1, 1, (t:1, i:66), 9, true, commits:[s1:c9, s0:c0, s2:c0], cId:86, entries: (t:1, i:67), STATEMACHINELOGENTRY, 2814@client-62CCDED19661
2022-07-23 19:35:38,987 [s1-client-thread2] DEBUG server.RaftServer$Division (RaftServerImpl.java:submitClientRequestAsync(803)) - s1@group-1D19F5312903: receive client request(RaftClientRequest:client-62CCDED19661->s1@group-1D19F5312903, cid=2838, seq=87, RW, Message:6d3835)
2022-07-23 19:35:38,987 [s1-client-thread2] DEBUG server.RaftServer$Division (LeaderStateImpl.java:addPendingRequest(401)) - s1@group-1D19F5312903-LeaderStateImpl: addPendingRequest at RaftClientRequest:client-62CCDED19661->s1@group-1D19F5312903, cid=2838, seq=87, RW, Message:6d3835, entry=(t:1, i:94), STATEMACHINELOGENTRY, 2838@client-62CCDED19661
2022-07-23 19:35:38,988 [s2-server-thread2] DEBUG server.RaftServer$Division (RaftServerImpl.java:logAppendEntries(1305)) - s2@group-1D19F5312903: receive appendEntries(s1, 1, (t:1, i:67), 9, true, commits:[s1:c9, s0:c0, s2:c0], cId:87, entries: (t:1, i:68), STATEMACHINELOGENTRY, 2815@client-62CCDED19661
2022-07-23 19:35:38,988 [s1-client-thread2] DEBUG server.RaftServer$Division (RaftServerImpl.java:submitClientRequestAsync(803)) - s1@group-1D19F5312903: receive client request(RaftClientRequest:client-62CCDED19661->s1@group-1D19F5312903, cid=2839, seq=88, RW, Message:6d3836)
2022-07-23 19:35:38,988 [s1-client-thread2] DEBUG server.RaftServer$Division (LeaderStateImpl.java:addPendingRequest(401)) - s1@group-1D19F5312903-LeaderStateImpl: addPendingRequest at RaftClientRequest:client-62CCDED19661->s1@group-1D19F5312903, cid=2839, seq=88, RW, Message:6d3836, entry=(t:1, i:95), STATEMACHINELOGENTRY, 2839@client-62CCDED19661
2022-07-23 19:35:38,988 [s2-server-thread2] DEBUG server.RaftServer$Division (RaftServerImpl.java:logAppendEntries(1305)) - s2@group-1D19F5312903: receive appendEntries(s1, 1, (t:1, i:68), 9, true, commits:[s1:c9, s0:c0, s2:c0], cId:88, entries: (t:1, i:69), STATEMACHINELOGENTRY, 2816@client-62CCDED19661
2022-07-23 19:35:38,989 [s1-client-thread2] DEBUG server.RaftServer$Division (RaftServerImpl.java:submitClientRequestAsync(803)) - s1@group-1D19F5312903: receive client request(RaftClientRequest:client-62CCDED19661->s1@group-1D19F5312903, cid=2840, seq=89, RW, Message:6d3837)
2022-07-23 19:35:38,989 [s1-client-thread2] DEBUG server.RaftServer$Division (LeaderStateImpl.java:addPendingRequest(401)) - s1@group-1D19F5312903-LeaderStateImpl: addPendingRequest at RaftClientRequest:client-62CCDED19661->s1@group-1D19F5312903, cid=2840, seq=89, RW, Message:6d3837, entry=(t:1, i:96), STATEMACHINELOGENTRY, 2840@client-62CCDED19661
2022-07-23 19:35:38,989 [grpc-default-executor-11] WARN  server.GrpcLogAppender (LogUtils.java:warn(122)) - s1@group-1D19F5312903->s0-AppendLogResponseHandler: Failed appendEntries: org.apache.ratis.thirdparty.io.grpc.StatusRuntimeException: UNAVAILABLE: io exception
2022-07-23 19:35:38,990 [grpc-default-executor-11] WARN  server.GrpcLogAppender (GrpcLogAppender.java:resetClient(115)) - s1@group-1D19F5312903->s0-GrpcLogAppender: Leader has not got in touch with Follower s1@group-1D19F5312903->s0(c0,m0,n92, attendVote=true, lastRpcSendTime=1, lastRpcResponseTime=245) yet, just keep nextIndex unchanged and retry.
2022-07-23 19:35:38,989 [s2-server-thread2] DEBUG server.RaftServer$Division (RaftServerImpl.java:logAppendEntries(1305)) - s2@group-1D19F5312903: receive appendEntries(s1, 1, (t:1, i:69), 9, true, commits:[s1:c9, s0:c0, s2:c0], cId:89, entries: (t:1, i:70), STATEMACHINELOGENTRY, 2817@client-62CCDED19661
2022-07-23 19:35:38,990 [grpc-default-executor-16] WARN  server.GrpcLogAppender (LogUtils.java:warn(122)) - s1@group-1D19F5312903->s0-AppendLogResponseHandler: Failed appendEntries: org.apache.ratis.thirdparty.io.grpc.StatusRuntimeException: UNAVAILABLE: io exception
2022-07-23 19:35:38,990 [grpc-default-executor-16] WARN  server.GrpcLogAppender (GrpcLogAppender.java:resetClient(115)) - s1@group-1D19F5312903->s0-GrpcLogAppender: Leader has not got in touch with Follower s1@group-1D19F5312903->s0(c0,m0,n97, attendVote=true, lastRpcSendTime=0, lastRpcResponseTime=246) yet, just keep nextIndex unchanged and retry.
2022-07-23 19:35:38,990 [grpc-default-executor-3] WARN  server.GrpcLogAppender (LogUtils.java:warn(122)) - s1@group-1D19F5312903->s0-AppendLogResponseHandler: Failed appendEntries: org.apache.ratis.thirdparty.io.grpc.StatusRuntimeException: UNAVAILABLE: io exception
2022-07-23 19:35:38,990 [grpc-default-executor-3] WARN  server.GrpcLogAppender (GrpcLogAppender.java:resetClient(115)) - s1@group-1D19F5312903->s0-GrpcLogAppender: Leader has not got in touch with Follower s1@group-1D19F5312903->s0(c0,m0,n97, attendVote=true, lastRpcSendTime=0, lastRpcResponseTime=246) yet, just keep nextIndex unchanged and retry.
2022-07-23 19:35:38,991 [s2-server-thread2] DEBUG server.RaftServer$Division (RaftServerImpl.java:logAppendEntries(1305)) - s2@group-1D19F5312903: receive appendEntries(s1, 1, (t:1, i:70), 9, true, commits:[s1:c9, s0:c0, s2:c0], cId:90, entries: (t:1, i:71), STATEMACHINELOGENTRY, 2818@client-62CCDED19661
2022-07-23 19:35:38,991 [s1-client-thread2] DEBUG server.RaftServer$Division (RaftServerImpl.java:submitClientRequestAsync(803)) - s1@group-1D19F5312903: receive client request(RaftClientRequest:client-62CCDED19661->s1@group-1D19F5312903, cid=2841, seq=90, RW, Message:6d3838)
2022-07-23 19:35:38,991 [s1-client-thread2] DEBUG server.RaftServer$Division (LeaderStateImpl.java:addPendingRequest(401)) - s1@group-1D19F5312903-LeaderStateImpl: addPendingRequest at RaftClientRequest:client-62CCDED19661->s1@group-1D19F5312903, cid=2841, seq=90, RW, Message:6d3838, entry=(t:1, i:97), STATEMACHINELOGENTRY, 2841@client-62CCDED19661
2022-07-23 19:35:38,991 [s2-server-thread2] DEBUG server.RaftServer$Division (RaftServerImpl.java:logAppendEntries(1305)) - s2@group-1D19F5312903: receive appendEntries(s1, 1, (t:1, i:71), 9, true, commits:[s1:c9, s0:c0, s2:c0], cId:91, entries: (t:1, i:72), STATEMACHINELOGENTRY, 2819@client-62CCDED19661
2022-07-23 19:35:38,992 [s1-client-thread2] DEBUG server.RaftServer$Division (RaftServerImpl.java:submitClientRequestAsync(803)) - s1@group-1D19F5312903: receive client request(RaftClientRequest:client-62CCDED19661->s1@group-1D19F5312903, cid=2842, seq=91, RW, Message:6d3839)
2022-07-23 19:35:38,992 [s1-client-thread2] DEBUG server.RaftServer$Division (LeaderStateImpl.java:addPendingRequest(401)) - s1@group-1D19F5312903-LeaderStateImpl: addPendingRequest at RaftClientRequest:client-62CCDED19661->s1@group-1D19F5312903, cid=2842, seq=91, RW, Message:6d3839, entry=(t:1, i:98), STATEMACHINELOGENTRY, 2842@client-62CCDED19661
2022-07-23 19:35:38,992 [s2-server-thread2] DEBUG server.RaftServer$Division (RaftServerImpl.java:logAppendEntries(1305)) - s2@group-1D19F5312903: receive appendEntries(s1, 1, (t:1, i:72), 10, true, commits:[s1:c10, s0:c0, s2:c0], cId:93, entries: (t:1, i:73), METADATAENTRY(c:10)
2022-07-23 19:35:38,992 [s1-client-thread2] DEBUG server.RaftServer$Division (RaftServerImpl.java:submitClientRequestAsync(803)) - s1@group-1D19F5312903: receive client request(RaftClientRequest:client-62CCDED19661->s1@group-1D19F5312903, cid=2843, seq=92, RW, Message:6d3930)
2022-07-23 19:35:38,992 [s1-client-thread2] DEBUG server.RaftServer$Division (LeaderStateImpl.java:addPendingRequest(401)) - s1@group-1D19F5312903-LeaderStateImpl: addPendingRequest at RaftClientRequest:client-62CCDED19661->s1@group-1D19F5312903, cid=2843, seq=92, RW, Message:6d3930, entry=(t:1, i:99), STATEMACHINELOGENTRY, 2843@client-62CCDED19661
2022-07-23 19:35:38,993 [s2-server-thread2] DEBUG server.RaftServer$Division (RaftServerImpl.java:logAppendEntries(1305)) - s2@group-1D19F5312903: receive appendEntries(s1, 1, (t:1, i:73), 10, true, commits:[s1:c10, s0:c0, s2:c0], cId:94, entries: (t:1, i:74), STATEMACHINELOGENTRY, 2820@client-62CCDED19661
2022-07-23 19:35:38,993 [s1-client-thread2] DEBUG server.RaftServer$Division (RaftServerImpl.java:submitClientRequestAsync(803)) - s1@group-1D19F5312903: receive client request(RaftClientRequest:client-62CCDED19661->s1@group-1D19F5312903, cid=2844, seq=93, RW, Message:6d3931)
2022-07-23 19:35:38,993 [s1-client-thread2] DEBUG server.RaftServer$Division (LeaderStateImpl.java:addPendingRequest(401)) - s1@group-1D19F5312903-LeaderStateImpl: addPendingRequest at RaftClientRequest:client-62CCDED19661->s1@group-1D19F5312903, cid=2844, seq=93, RW, Message:6d3931, entry=(t:1, i:100), STATEMACHINELOGENTRY, 2844@client-62CCDED19661
2022-07-23 19:35:38,993 [s2-server-thread2] DEBUG server.RaftServer$Division (RaftServerImpl.java:logAppendEntries(1305)) - s2@group-1D19F5312903: receive appendEntries(s1, 1, (t:1, i:74), 10, true, commits:[s1:c10, s0:c0, s2:c0], cId:95, entries: (t:1, i:75), STATEMACHINELOGENTRY, 2821@client-62CCDED19661
2022-07-23 19:35:38,993 [s1-client-thread2] DEBUG server.RaftServer$Division (RaftServerImpl.java:submitClientRequestAsync(803)) - s1@group-1D19F5312903: receive client request(RaftClientRequest:client-62CCDED19661->s1@group-1D19F5312903, cid=2845, seq=94, RW, Message:6d3932)
2022-07-23 19:35:38,993 [s2-server-thread2] DEBUG server.RaftServer$Division (RaftServerImpl.java:logAppendEntries(1305)) - s2@group-1D19F5312903: receive appendEntries(s1, 1, (t:1, i:75), 12, true, commits:[s1:c12, s0:c0, s2:c0], cId:97, entries: (t:1, i:76), METADATAENTRY(c:12)
2022-07-23 19:35:38,994 [s1-client-thread2] DEBUG server.RaftServer$Division (LeaderStateImpl.java:addPendingRequest(401)) - s1@group-1D19F5312903-LeaderStateImpl: addPendingRequest at RaftClientRequest:client-62CCDED19661->s1@group-1D19F5312903, cid=2845, seq=94, RW, Message:6d3932, entry=(t:1, i:101), STATEMACHINELOGENTRY, 2845@client-62CCDED19661
2022-07-23 19:35:38,994 [grpc-default-executor-16] WARN  server.GrpcLogAppender (LogUtils.java:warn(122)) - s1@group-1D19F5312903->s0-AppendLogResponseHandler: Failed appendEntries: org.apache.ratis.thirdparty.io.grpc.StatusRuntimeException: UNAVAILABLE: io exception
2022-07-23 19:35:38,994 [grpc-default-executor-16] WARN  server.GrpcLogAppender (GrpcLogAppender.java:resetClient(115)) - s1@group-1D19F5312903->s0-GrpcLogAppender: Leader has not got in touch with Follower s1@group-1D19F5312903->s0(c0,m0,n98, attendVote=true, lastRpcSendTime=0, lastRpcResponseTime=250) yet, just keep nextIndex unchanged and retry.
2022-07-23 19:35:38,994 [grpc-default-executor-11] WARN  server.GrpcLogAppender (LogUtils.java:warn(122)) - s1@group-1D19F5312903->s0-AppendLogResponseHandler: Failed appendEntries: org.apache.ratis.thirdparty.io.grpc.StatusRuntimeException: UNAVAILABLE: io exception
2022-07-23 19:35:38,995 [grpc-default-executor-11] WARN  server.GrpcLogAppender (GrpcLogAppender.java:resetClient(115)) - s1@group-1D19F5312903->s0-GrpcLogAppender: Leader has not got in touch with Follower s1@group-1D19F5312903->s0(c0,m0,n98, attendVote=true, lastRpcSendTime=0, lastRpcResponseTime=250) yet, just keep nextIndex unchanged and retry.
2022-07-23 19:35:38,995 [grpc-default-executor-16] WARN  server.GrpcLogAppender (LogUtils.java:warn(122)) - s1@group-1D19F5312903->s0-AppendLogResponseHandler: Failed appendEntries: org.apache.ratis.thirdparty.io.grpc.StatusRuntimeException: UNAVAILABLE: io exception
2022-07-23 19:35:38,995 [grpc-default-executor-16] WARN  server.GrpcLogAppender (GrpcLogAppender.java:resetClient(115)) - s1@group-1D19F5312903->s0-GrpcLogAppender: Leader has not got in touch with Follower s1@group-1D19F5312903->s0(c0,m0,n98, attendVote=true, lastRpcSendTime=0, lastRpcResponseTime=250) yet, just keep nextIndex unchanged and retry.
2022-07-23 19:35:38,995 [Thread-9284] DEBUG server.RaftServer$Division (RaftServerImpl.java:logAppendEntries(1305)) - s2@group-1D19F5312903: succeeded to handle AppendEntries. Reply: s1<-s2#27:OK-t1,SUCCESS,nextIndex=15,followerCommit=0,matchIndex=14
2022-07-23 19:35:38,996 [s1-client-thread2] DEBUG server.RaftServer$Division (RaftServerImpl.java:submitClientRequestAsync(803)) - s1@group-1D19F5312903: receive client request(RaftClientRequest:client-62CCDED19661->s1@group-1D19F5312903, cid=2846, seq=95, RW, Message:6d3933)
2022-07-23 19:35:38,996 [s2-server-thread2] DEBUG server.RaftServer$Division (RaftServerImpl.java:logAppendEntries(1305)) - s2@group-1D19F5312903: receive appendEntries(s1, 1, (t:1, i:76), 12, true, commits:[s1:c12, s0:c0, s2:c0], cId:98, entries: (t:1, i:77), STATEMACHINELOGENTRY, 2822@client-62CCDED19661
2022-07-23 19:35:38,997 [s1-client-thread2] DEBUG server.RaftServer$Division (LeaderStateImpl.java:addPendingRequest(401)) - s1@group-1D19F5312903-LeaderStateImpl: addPendingRequest at RaftClientRequest:client-62CCDED19661->s1@group-1D19F5312903, cid=2846, seq=95, RW, Message:6d3933, entry=(t:1, i:102), STATEMACHINELOGENTRY, 2846@client-62CCDED19661
2022-07-23 19:35:38,997 [grpc-default-executor-11] WARN  server.GrpcLogAppender (LogUtils.java:warn(122)) - s1@group-1D19F5312903->s0-AppendLogResponseHandler: Failed appendEntries: org.apache.ratis.thirdparty.io.grpc.StatusRuntimeException: UNAVAILABLE: io exception
2022-07-23 19:35:38,998 [grpc-default-executor-16] WARN  server.GrpcLogAppender (LogUtils.java:warn(122)) - s1@group-1D19F5312903->s0-AppendLogResponseHandler: Failed appendEntries: org.apache.ratis.thirdparty.io.grpc.StatusRuntimeException: UNAVAILABLE: io exception
2022-07-23 19:35:38,998 [grpc-default-executor-11] WARN  server.GrpcLogAppender (GrpcLogAppender.java:resetClient(115)) - s1@group-1D19F5312903->s0-GrpcLogAppender: Leader has not got in touch with Follower s1@group-1D19F5312903->s0(c0,m0,n103, attendVote=true, lastRpcSendTime=0, lastRpcResponseTime=253) yet, just keep nextIndex unchanged and retry.
2022-07-23 19:35:38,998 [grpc-default-executor-16] WARN  server.GrpcLogAppender (GrpcLogAppender.java:resetClient(115)) - s1@group-1D19F5312903->s0-GrpcLogAppender: Leader has not got in touch with Follower s1@group-1D19F5312903->s0(c0,m0,n103, attendVote=true, lastRpcSendTime=0, lastRpcResponseTime=254) yet, just keep nextIndex unchanged and retry.
2022-07-23 19:35:38,998 [s2-server-thread2] DEBUG server.RaftServer$Division (RaftServerImpl.java:logAppendEntries(1305)) - s2@group-1D19F5312903: receive appendEntries(s1, 1, (t:1, i:77), 12, true, commits:[s1:c12, s0:c0, s2:c0], cId:99, entries: (t:1, i:78), STATEMACHINELOGENTRY, 2823@client-62CCDED19661
2022-07-23 19:35:38,998 [s1@group-1D19F5312903-StateMachineUpdater] INFO  statemachine.SimpleStateMachine4Testing (SimpleStateMachine4Testing.java:put(204)) - s1: put 14, m13 -> (t:1, i:14), STATEMACHINELOGENTRY, 2766@client-62CCDED19661
2022-07-23 19:35:38,998 [s1-client-thread2] DEBUG server.RaftServer$Division (RaftServerImpl.java:submitClientRequestAsync(803)) - s1@group-1D19F5312903: receive client request(RaftClientRequest:client-62CCDED19661->s1@group-1D19F5312903, cid=2847, seq=96, RW, Message:6d3934)
2022-07-23 19:35:38,999 [s1-client-thread2] DEBUG server.RaftServer$Division (LeaderStateImpl.java:addPendingRequest(401)) - s1@group-1D19F5312903-LeaderStateImpl: addPendingRequest at RaftClientRequest:client-62CCDED19661->s1@group-1D19F5312903, cid=2847, seq=96, RW, Message:6d3934, entry=(t:1, i:104), STATEMACHINELOGENTRY, 2847@client-62CCDED19661
2022-07-23 19:35:39,005 [s2-server-thread2] DEBUG server.RaftServer$Division (RaftServerImpl.java:logAppendEntries(1305)) - s2@group-1D19F5312903: receive appendEntries(s1, 1, (t:1, i:78), 12, true, commits:[s1:c12, s0:c0, s2:c0], cId:100, entries: (t:1, i:79), STATEMACHINELOGENTRY, 2824@client-62CCDED19661
2022-07-23 19:35:39,005 [s1-client-thread2] DEBUG server.RaftServer$Division (RaftServerImpl.java:submitClientRequestAsync(803)) - s1@group-1D19F5312903: receive client request(RaftClientRequest:client-62CCDED19661->s1@group-1D19F5312903, cid=2848, seq=97, RW, Message:6d3935)
2022-07-23 19:35:39,006 [s1-client-thread2] DEBUG server.RaftServer$Division (LeaderStateImpl.java:addPendingRequest(401)) - s1@group-1D19F5312903-LeaderStateImpl: addPendingRequest at RaftClientRequest:client-62CCDED19661->s1@group-1D19F5312903, cid=2848, seq=97, RW, Message:6d3935, entry=(t:1, i:105), STATEMACHINELOGENTRY, 2848@client-62CCDED19661
2022-07-23 19:35:39,006 [s2-server-thread2] DEBUG server.RaftServer$Division (RaftServerImpl.java:logAppendEntries(1305)) - s2@group-1D19F5312903: receive appendEntries(s1, 1, (t:1, i:79), 12, true, commits:[s1:c12, s0:c0, s2:c0], cId:101, entries: (t:1, i:80), STATEMACHINELOGENTRY, 2825@client-62CCDED19661
2022-07-23 19:35:39,006 [s1-client-thread2] DEBUG server.RaftServer$Division (RaftServerImpl.java:submitClientRequestAsync(803)) - s1@group-1D19F5312903: receive client request(RaftClientRequest:client-62CCDED19661->s1@group-1D19F5312903, cid=2849, seq=98, RW, Message:6d3936)
2022-07-23 19:35:39,006 [s1-client-thread2] DEBUG server.RaftServer$Division (LeaderStateImpl.java:addPendingRequest(401)) - s1@group-1D19F5312903-LeaderStateImpl: addPendingRequest at RaftClientRequest:client-62CCDED19661->s1@group-1D19F5312903, cid=2849, seq=98, RW, Message:6d3936, entry=(t:1, i:106), STATEMACHINELOGENTRY, 2849@client-62CCDED19661
2022-07-23 19:35:39,006 [s2-server-thread2] DEBUG server.RaftServer$Division (RaftServerImpl.java:logAppendEntries(1305)) - s2@group-1D19F5312903: receive appendEntries(s1, 1, (t:1, i:80), 12, true, commits:[s1:c12, s0:c0, s2:c0], cId:102, entries: (t:1, i:81), STATEMACHINELOGENTRY, 2826@client-62CCDED19661
2022-07-23 19:35:39,007 [s1-client-thread2] DEBUG server.RaftServer$Division (RaftServerImpl.java:submitClientRequestAsync(803)) - s1@group-1D19F5312903: receive client request(RaftClientRequest:client-62CCDED19661->s1@group-1D19F5312903, cid=2850, seq=99, RW, Message:6d3937)
2022-07-23 19:35:39,007 [s1-client-thread2] DEBUG server.RaftServer$Division (LeaderStateImpl.java:addPendingRequest(401)) - s1@group-1D19F5312903-LeaderStateImpl: addPendingRequest at RaftClientRequest:client-62CCDED19661->s1@group-1D19F5312903, cid=2850, seq=99, RW, Message:6d3937, entry=(t:1, i:107), STATEMACHINELOGENTRY, 2850@client-62CCDED19661
2022-07-23 19:35:39,007 [s2-server-thread2] DEBUG server.RaftServer$Division (RaftServerImpl.java:logAppendEntries(1305)) - s2@group-1D19F5312903: receive appendEntries(s1, 1, (t:1, i:81), 13, true, commits:[s1:c13, s0:c0, s2:c0], cId:103, entries: (t:1, i:82), METADATAENTRY(c:13)
2022-07-23 19:35:39,007 [s1-client-thread2] DEBUG server.RaftServer$Division (RaftServerImpl.java:submitClientRequestAsync(803)) - s1@group-1D19F5312903: receive client request(RaftClientRequest:client-62CCDED19661->s1@group-1D19F5312903, cid=2851, seq=100, RW, Message:6d3938)
2022-07-23 19:35:39,007 [s1-client-thread2] DEBUG server.RaftServer$Division (LeaderStateImpl.java:addPendingRequest(401)) - s1@group-1D19F5312903-LeaderStateImpl: addPendingRequest at RaftClientRequest:client-62CCDED19661->s1@group-1D19F5312903, cid=2851, seq=100, RW, Message:6d3938, entry=(t:1, i:108), STATEMACHINELOGENTRY, 2851@client-62CCDED19661
2022-07-23 19:35:39,008 [s2-server-thread2] DEBUG server.RaftServer$Division (RaftServerImpl.java:logAppendEntries(1305)) - s2@group-1D19F5312903: receive appendEntries(s1, 1, (t:1, i:82), 13, true, commits:[s1:c13, s0:c0, s2:c0], cId:104, entries: (t:1, i:83), STATEMACHINELOGENTRY, 2827@client-62CCDED19661
2022-07-23 19:35:39,008 [s1-client-thread2] DEBUG server.RaftServer$Division (RaftServerImpl.java:submitClientRequestAsync(803)) - s1@group-1D19F5312903: receive client request(RaftClientRequest:client-62CCDED19661->s1@group-1D19F5312903, cid=2852, seq=101, RW, Message:6d3939)
2022-07-23 19:35:39,008 [s2-server-thread2] DEBUG server.RaftServer$Division (RaftServerImpl.java:logAppendEntries(1305)) - s2@group-1D19F5312903: receive appendEntries(s1, 1, (t:1, i:83), 13, true, commits:[s1:c13, s0:c0, s2:c0], cId:105, entries: (t:1, i:84), STATEMACHINELOGENTRY, 2828@client-62CCDED19661
2022-07-23 19:35:39,008 [s1-client-thread2] DEBUG server.RaftServer$Division (LeaderStateImpl.java:addPendingRequest(401)) - s1@group-1D19F5312903-LeaderStateImpl: addPendingRequest at RaftClientRequest:client-62CCDED19661->s1@group-1D19F5312903, cid=2852, seq=101, RW, Message:6d3939, entry=(t:1, i:109), STATEMACHINELOGENTRY, 2852@client-62CCDED19661
2022-07-23 19:35:39,009 [grpc-default-executor-15] WARN  server.GrpcLogAppender (LogUtils.java:warn(122)) - s1@group-1D19F5312903->s0-AppendLogResponseHandler: Failed appendEntries: org.apache.ratis.thirdparty.io.grpc.StatusRuntimeException: UNAVAILABLE: io exception
2022-07-23 19:35:39,009 [grpc-default-executor-15] WARN  server.GrpcLogAppender (GrpcLogAppender.java:resetClient(115)) - s1@group-1D19F5312903->s0-GrpcLogAppender: Leader has not got in touch with Follower s1@group-1D19F5312903->s0(c0,m0,n104, attendVote=true, lastRpcSendTime=1, lastRpcResponseTime=265) yet, just keep nextIndex unchanged and retry.
2022-07-23 19:35:39,009 [grpc-default-executor-3] WARN  server.GrpcLogAppender (LogUtils.java:warn(122)) - s1@group-1D19F5312903->s0-AppendLogResponseHandler: Failed appendEntries: org.apache.ratis.thirdparty.io.grpc.StatusRuntimeException: UNAVAILABLE: io exception
2022-07-23 19:35:39,009 [grpc-default-executor-3] WARN  server.GrpcLogAppender (GrpcLogAppender.java:resetClient(115)) - s1@group-1D19F5312903->s0-GrpcLogAppender: Leader has not got in touch with Follower s1@group-1D19F5312903->s0(c0,m0,n110, attendVote=true, lastRpcSendTime=0, lastRpcResponseTime=265) yet, just keep nextIndex unchanged and retry.
2022-07-23 19:35:39,010 [s2-server-thread2] DEBUG server.RaftServer$Division (RaftServerImpl.java:logAppendEntries(1305)) - s2@group-1D19F5312903: receive appendEntries(s1, 1, (t:1, i:84), 13, true, commits:[s1:c13, s0:c0, s2:c0], cId:106, entries: (t:1, i:85), STATEMACHINELOGENTRY, 2829@client-62CCDED19661
2022-07-23 19:35:39,010 [grpc-default-executor-11] WARN  server.GrpcLogAppender (LogUtils.java:warn(122)) - s1@group-1D19F5312903->s0-AppendLogResponseHandler: Failed appendEntries: org.apache.ratis.thirdparty.io.grpc.StatusRuntimeException: UNAVAILABLE: io exception
2022-07-23 19:35:39,010 [grpc-default-executor-15] WARN  server.GrpcLogAppender (LogUtils.java:warn(122)) - s1@group-1D19F5312903->s0-AppendLogResponseHandler: Failed appendEntries: org.apache.ratis.thirdparty.io.grpc.StatusRuntimeException: UNAVAILABLE: io exception
2022-07-23 19:35:39,010 [grpc-default-executor-11] WARN  server.GrpcLogAppender (GrpcLogAppender.java:resetClient(115)) - s1@group-1D19F5312903->s0-GrpcLogAppender: Leader has not got in touch with Follower s1@group-1D19F5312903->s0(c0,m0,n110, attendVote=true, lastRpcSendTime=0, lastRpcResponseTime=266) yet, just keep nextIndex unchanged and retry.
2022-07-23 19:35:39,010 [grpc-default-executor-15] WARN  server.GrpcLogAppender (GrpcLogAppender.java:resetClient(115)) - s1@group-1D19F5312903->s0-GrpcLogAppender: Leader has not got in touch with Follower s1@group-1D19F5312903->s0(c0,m0,n110, attendVote=true, lastRpcSendTime=1, lastRpcResponseTime=266) yet, just keep nextIndex unchanged and retry.
2022-07-23 19:35:39,010 [s2-server-thread2] DEBUG server.RaftServer$Division (RaftServerImpl.java:logAppendEntries(1305)) - s2@group-1D19F5312903: receive appendEntries(s1, 1, (t:1, i:85), 13, true, commits:[s1:c13, s0:c0, s2:c0], cId:107, entries: (t:1, i:86), STATEMACHINELOGENTRY, 2830@client-62CCDED19661
2022-07-23 19:35:39,011 [s2-server-thread2] DEBUG server.RaftServer$Division (RaftServerImpl.java:logAppendEntries(1305)) - s2@group-1D19F5312903: receive appendEntries(s1, 1, (t:1, i:86), 13, true, commits:[s1:c13, s0:c0, s2:c0], cId:108, entries: (t:1, i:87), STATEMACHINELOGENTRY, 2831@client-62CCDED19661
2022-07-23 19:35:39,011 [s2-server-thread2] DEBUG server.RaftServer$Division (RaftServerImpl.java:logAppendEntries(1305)) - s2@group-1D19F5312903: receive appendEntries(s1, 1, (t:1, i:87), 13, true, commits:[s1:c13, s0:c0, s2:c0], cId:109, entries: (t:1, i:88), STATEMACHINELOGENTRY, 2832@client-62CCDED19661
2022-07-23 19:35:39,011 [s2-server-thread2] DEBUG server.RaftServer$Division (RaftServerImpl.java:logAppendEntries(1305)) - s2@group-1D19F5312903: receive appendEntries(s1, 1, (t:1, i:88), 13, true, commits:[s1:c13, s0:c0, s2:c0], cId:110, entries: (t:1, i:89), STATEMACHINELOGENTRY, 2833@client-62CCDED19661
2022-07-23 19:35:39,011 [s2-server-thread2] DEBUG server.RaftServer$Division (RaftServerImpl.java:logAppendEntries(1305)) - s2@group-1D19F5312903: receive appendEntries(s1, 1, (t:1, i:89), 13, true, commits:[s1:c13, s0:c0, s2:c0], cId:111, entries: (t:1, i:90), STATEMACHINELOGENTRY, 2834@client-62CCDED19661
2022-07-23 19:35:39,011 [s2-server-thread2] DEBUG server.RaftServer$Division (RaftServerImpl.java:logAppendEntries(1305)) - s2@group-1D19F5312903: receive appendEntries(s1, 1, (t:1, i:90), 13, true, commits:[s1:c13, s0:c0, s2:c0], cId:112, entries: (t:1, i:91), STATEMACHINELOGENTRY, 2835@client-62CCDED19661
2022-07-23 19:35:39,011 [s2-server-thread2] DEBUG server.RaftServer$Division (RaftServerImpl.java:logAppendEntries(1305)) - s2@group-1D19F5312903: receive appendEntries(s1, 1, (t:1, i:91), 13, true, commits:[s1:c13, s0:c0, s2:c0], cId:113, entries: (t:1, i:92), STATEMACHINELOGENTRY, 2836@client-62CCDED19661
2022-07-23 19:35:39,012 [s2-server-thread2] DEBUG server.RaftServer$Division (RaftServerImpl.java:logAppendEntries(1305)) - s2@group-1D19F5312903: receive appendEntries(s1, 1, (t:1, i:92), 13, true, commits:[s1:c13, s0:c0, s2:c0], cId:114, entries: (t:1, i:93), STATEMACHINELOGENTRY, 2837@client-62CCDED19661
2022-07-23 19:35:39,012 [s2-server-thread2] DEBUG server.RaftServer$Division (RaftServerImpl.java:logAppendEntries(1305)) - s2@group-1D19F5312903: receive appendEntries(s1, 1, (t:1, i:93), 13, true, commits:[s1:c13, s0:c0, s2:c0], cId:115, entries: (t:1, i:94), STATEMACHINELOGENTRY, 2838@client-62CCDED19661
2022-07-23 19:35:39,012 [s2-server-thread2] DEBUG server.RaftServer$Division (RaftServerImpl.java:logAppendEntries(1305)) - s2@group-1D19F5312903: receive appendEntries(s1, 1, (t:1, i:94), 13, true, commits:[s1:c13, s0:c0, s2:c0], cId:116, entries: (t:1, i:95), STATEMACHINELOGENTRY, 2839@client-62CCDED19661
2022-07-23 19:35:39,012 [s2-server-thread2] DEBUG server.RaftServer$Division (RaftServerImpl.java:logAppendEntries(1305)) - s2@group-1D19F5312903: receive appendEntries(s1, 1, (t:1, i:95), 13, true, commits:[s1:c13, s0:c0, s2:c0], cId:117, entries: (t:1, i:96), STATEMACHINELOGENTRY, 2840@client-62CCDED19661
2022-07-23 19:35:39,012 [s2-server-thread2] DEBUG server.RaftServer$Division (RaftServerImpl.java:logAppendEntries(1305)) - s2@group-1D19F5312903: receive appendEntries(s1, 1, (t:1, i:96), 13, true, commits:[s1:c13, s0:c0, s2:c0], cId:118, entries: (t:1, i:97), STATEMACHINELOGENTRY, 2841@client-62CCDED19661
2022-07-23 19:35:39,012 [s2-server-thread2] DEBUG server.RaftServer$Division (RaftServerImpl.java:logAppendEntries(1305)) - s2@group-1D19F5312903: receive appendEntries(s1, 1, (t:1, i:97), 13, true, commits:[s1:c13, s0:c0, s2:c0], cId:119, entries: (t:1, i:98), STATEMACHINELOGENTRY, 2842@client-62CCDED19661
2022-07-23 19:35:39,012 [s2-server-thread2] DEBUG server.RaftServer$Division (RaftServerImpl.java:logAppendEntries(1305)) - s2@group-1D19F5312903: receive appendEntries(s1, 1, (t:1, i:98), 13, true, commits:[s1:c13, s0:c0, s2:c0], cId:120, entries: (t:1, i:99), STATEMACHINELOGENTRY, 2843@client-62CCDED19661
2022-07-23 19:35:39,013 [s2-server-thread2] DEBUG server.RaftServer$Division (RaftServerImpl.java:logAppendEntries(1305)) - s2@group-1D19F5312903: receive appendEntries(s1, 1, (t:1, i:99), 13, true, commits:[s1:c13, s0:c0, s2:c0], cId:121, entries: (t:1, i:100), STATEMACHINELOGENTRY, 2844@client-62CCDED19661
2022-07-23 19:35:39,013 [s2-server-thread2] DEBUG server.RaftServer$Division (RaftServerImpl.java:logAppendEntries(1305)) - s2@group-1D19F5312903: receive appendEntries(s1, 1, (t:1, i:100), 13, true, commits:[s1:c13, s0:c0, s2:c0], cId:122, entries: (t:1, i:101), STATEMACHINELOGENTRY, 2845@client-62CCDED19661
2022-07-23 19:35:39,013 [s2-server-thread2] DEBUG server.RaftServer$Division (RaftServerImpl.java:logAppendEntries(1305)) - s2@group-1D19F5312903: receive appendEntries(s1, 1, (t:1, i:101), 13, true, commits:[s1:c13, s0:c0, s2:c0], cId:123, entries: (t:1, i:102), STATEMACHINELOGENTRY, 2846@client-62CCDED19661
2022-07-23 19:35:39,013 [s2-server-thread2] DEBUG server.RaftServer$Division (RaftServerImpl.java:logAppendEntries(1305)) - s2@group-1D19F5312903: receive appendEntries(s1, 1, (t:1, i:102), 14, true, commits:[s1:c14, s0:c0, s2:c0], cId:124, entries: (t:1, i:103), METADATAENTRY(c:14)
2022-07-23 19:35:39,013 [s2-server-thread2] DEBUG server.RaftServer$Division (RaftServerImpl.java:logAppendEntries(1305)) - s2@group-1D19F5312903: receive appendEntries(s1, 1, (t:1, i:103), 14, true, commits:[s1:c14, s0:c0, s2:c0], cId:125, entries: (t:1, i:104), STATEMACHINELOGENTRY, 2847@client-62CCDED19661
2022-07-23 19:35:39,013 [s2-server-thread2] DEBUG server.RaftServer$Division (RaftServerImpl.java:logAppendEntries(1305)) - s2@group-1D19F5312903: receive appendEntries(s1, 1, (t:1, i:104), 14, true, commits:[s1:c14, s0:c0, s2:c0], cId:126, entries: (t:1, i:105), STATEMACHINELOGENTRY, 2848@client-62CCDED19661
2022-07-23 19:35:39,013 [s2-server-thread2] DEBUG server.RaftServer$Division (RaftServerImpl.java:logAppendEntries(1305)) - s2@group-1D19F5312903: receive appendEntries(s1, 1, (t:1, i:105), 14, true, commits:[s1:c14, s0:c0, s2:c0], cId:127, entries: (t:1, i:106), STATEMACHINELOGENTRY, 2849@client-62CCDED19661
2022-07-23 19:35:39,013 [s2-server-thread2] DEBUG server.RaftServer$Division (RaftServerImpl.java:logAppendEntries(1305)) - s2@group-1D19F5312903: receive appendEntries(s1, 1, (t:1, i:106), 14, true, commits:[s1:c14, s0:c0, s2:c0], cId:128, entries: (t:1, i:107), STATEMACHINELOGENTRY, 2850@client-62CCDED19661
2022-07-23 19:35:39,014 [s2-server-thread2] DEBUG server.RaftServer$Division (RaftServerImpl.java:logAppendEntries(1305)) - s2@group-1D19F5312903: receive appendEntries(s1, 1, (t:1, i:107), 14, true, commits:[s1:c14, s0:c0, s2:c0], cId:129, entries: (t:1, i:108), STATEMACHINELOGENTRY, 2851@client-62CCDED19661
2022-07-23 19:35:39,014 [s2-server-thread2] DEBUG server.RaftServer$Division (RaftServerImpl.java:logAppendEntries(1305)) - s2@group-1D19F5312903: receive appendEntries(s1, 1, (t:1, i:108), 14, true, commits:[s1:c14, s0:c0, s2:c0], cId:130, entries: (t:1, i:109), STATEMACHINELOGENTRY, 2852@client-62CCDED19661
2022-07-23 19:35:39,014 [Thread-9285] DEBUG server.RaftServer$Division (RaftServerImpl.java:logAppendEntries(1305)) - s2@group-1D19F5312903: succeeded to handle AppendEntries. Reply: s1<-s2#28:OK-t1,SUCCESS,nextIndex=16,followerCommit=1,matchIndex=15
2022-07-23 19:35:39,014 [s2@group-1D19F5312903-StateMachineUpdater] INFO  statemachine.SimpleStateMachine4Testing (SimpleStateMachine4Testing.java:put(204)) - s2: put 1, m0 -> (t:1, i:1), STATEMACHINELOGENTRY, 2753@client-62CCDED19661
2022-07-23 19:35:39,015 [s2@group-1D19F5312903-StateMachineUpdater] INFO  statemachine.SimpleStateMachine4Testing (SimpleStateMachine4Testing.java:put(204)) - s2: put 2, m1 -> (t:1, i:2), STATEMACHINELOGENTRY, 2754@client-62CCDED19661
2022-07-23 19:35:39,015 [s2@group-1D19F5312903-StateMachineUpdater] INFO  statemachine.SimpleStateMachine4Testing (SimpleStateMachine4Testing.java:put(204)) - s2: put 3, m2 -> (t:1, i:3), STATEMACHINELOGENTRY, 2755@client-62CCDED19661
2022-07-23 19:35:39,015 [s2@group-1D19F5312903-StateMachineUpdater] INFO  statemachine.SimpleStateMachine4Testing (SimpleStateMachine4Testing.java:put(204)) - s2: put 4, m3 -> (t:1, i:4), STATEMACHINELOGENTRY, 2756@client-62CCDED19661
2022-07-23 19:35:39,015 [s2@group-1D19F5312903-StateMachineUpdater] INFO  statemachine.SimpleStateMachine4Testing (SimpleStateMachine4Testing.java:put(204)) - s2: put 5, m4 -> (t:1, i:5), STATEMACHINELOGENTRY, 2757@client-62CCDED19661
2022-07-23 19:35:39,015 [Thread-9286] DEBUG server.RaftServer$Division (RaftServerImpl.java:logAppendEntries(1305)) - s2@group-1D19F5312903: succeeded to handle AppendEntries. Reply: s1<-s2#33:OK-t1,SUCCESS,nextIndex=18,followerCommit=5,matchIndex=17
2022-07-23 19:35:39,016 [s1@group-1D19F5312903-StateMachineUpdater] INFO  statemachine.SimpleStateMachine4Testing (SimpleStateMachine4Testing.java:put(204)) - s1: put 16, m14 -> (t:1, i:16), STATEMACHINELOGENTRY, 2767@client-62CCDED19661
2022-07-23 19:35:39,023 [Thread-9287] DEBUG server.RaftServer$Division (RaftServerImpl.java:logAppendEntries(1305)) - s2@group-1D19F5312903: succeeded to handle AppendEntries. Reply: s1<-s2#34:OK-t1,SUCCESS,nextIndex=19,followerCommit=5,matchIndex=18
2022-07-23 19:35:39,023 [s1@group-1D19F5312903-StateMachineUpdater] INFO  statemachine.SimpleStateMachine4Testing (SimpleStateMachine4Testing.java:put(204)) - s1: put 18, m15 -> (t:1, i:18), STATEMACHINELOGENTRY, 2768@client-62CCDED19661
2022-07-23 19:35:39,024 [s2-server-thread2] DEBUG server.RaftServer$Division (RaftServerImpl.java:logAppendEntries(1305)) - s2@group-1D19F5312903: receive appendEntries(s1, 1, (t:1, i:109), 18, true, commits:[s1:c18, s0:c0, s2:c5], cId:135, entries: (t:1, i:110), METADATAENTRY(c:18)
2022-07-23 19:35:39,024 [grpc-default-executor-15] WARN  server.GrpcLogAppender (LogUtils.java:warn(122)) - s1@group-1D19F5312903->s0-AppendLogResponseHandler: Failed appendEntries: org.apache.ratis.thirdparty.io.grpc.StatusRuntimeException: UNAVAILABLE: io exception
2022-07-23 19:35:39,024 [grpc-default-executor-11] WARN  server.GrpcLogAppender (LogUtils.java:warn(122)) - s1@group-1D19F5312903->s0-AppendLogResponseHandler: Failed appendEntries: org.apache.ratis.thirdparty.io.grpc.StatusRuntimeException: UNAVAILABLE: io exception
2022-07-23 19:35:39,024 [grpc-default-executor-15] WARN  server.GrpcLogAppender (GrpcLogAppender.java:resetClient(115)) - s1@group-1D19F5312903->s0-GrpcLogAppender: Leader has not got in touch with Follower s1@group-1D19F5312903->s0(c0,m0,n111, attendVote=true, lastRpcSendTime=15, lastRpcResponseTime=280) yet, just keep nextIndex unchanged and retry.
2022-07-23 19:35:39,024 [grpc-default-executor-11] WARN  server.GrpcLogAppender (GrpcLogAppender.java:resetClient(115)) - s1@group-1D19F5312903->s0-GrpcLogAppender: Leader has not got in touch with Follower s1@group-1D19F5312903->s0(c0,m0,n111, attendVote=true, lastRpcSendTime=15, lastRpcResponseTime=280) yet, just keep nextIndex unchanged and retry.
2022-07-23 19:35:39,027 [Thread-9288] DEBUG server.RaftServer$Division (RaftServerImpl.java:logAppendEntries(1305)) - s2@group-1D19F5312903: succeeded to handle AppendEntries. Reply: s1<-s2#35:OK-t1,SUCCESS,nextIndex=20,followerCommit=5,matchIndex=19
2022-07-23 19:35:39,030 [Thread-9289] DEBUG server.RaftServer$Division (RaftServerImpl.java:logAppendEntries(1305)) - s2@group-1D19F5312903: succeeded to handle AppendEntries. Reply: s1<-s2#36:OK-t1,SUCCESS,nextIndex=21,followerCommit=5,matchIndex=20
2022-07-23 19:35:39,030 [s1@group-1D19F5312903-StateMachineUpdater] INFO  statemachine.SimpleStateMachine4Testing (SimpleStateMachine4Testing.java:put(204)) - s1: put 19, m16 -> (t:1, i:19), STATEMACHINELOGENTRY, 2769@client-62CCDED19661
2022-07-23 19:35:39,030 [s1@group-1D19F5312903-StateMachineUpdater] INFO  statemachine.SimpleStateMachine4Testing (SimpleStateMachine4Testing.java:put(204)) - s1: put 20, m17 -> (t:1, i:20), STATEMACHINELOGENTRY, 2770@client-62CCDED19661
2022-07-23 19:35:39,031 [s2-server-thread2] DEBUG server.RaftServer$Division (RaftServerImpl.java:logAppendEntries(1305)) - s2@group-1D19F5312903: receive appendEntries(s1, 1, (t:1, i:110), 20, true, commits:[s1:c20, s0:c0, s2:c5], cId:136, entries: (t:1, i:111), METADATAENTRY(c:19)
2022-07-23 19:35:39,031 [s2-server-thread2] DEBUG server.RaftServer$Division (RaftServerImpl.java:logAppendEntries(1305)) - s2@group-1D19F5312903: receive appendEntries(s1, 1, (t:1, i:111), 20, true, commits:[s1:c20, s0:c0, s2:c5], cId:137, entries: (t:1, i:112), METADATAENTRY(c:20)
2022-07-23 19:35:39,032 [grpc-default-executor-11] WARN  server.GrpcLogAppender (LogUtils.java:warn(122)) - s1@group-1D19F5312903->s0-AppendLogResponseHandler: Failed appendEntries: org.apache.ratis.thirdparty.io.grpc.StatusRuntimeException: UNAVAILABLE: io exception
2022-07-23 19:35:39,032 [grpc-default-executor-15] WARN  server.GrpcLogAppender (LogUtils.java:warn(122)) - s1@group-1D19F5312903->s0-AppendLogResponseHandler: Failed appendEntries: org.apache.ratis.thirdparty.io.grpc.StatusRuntimeException: UNAVAILABLE: io exception
2022-07-23 19:35:39,032 [grpc-default-executor-11] WARN  server.GrpcLogAppender (GrpcLogAppender.java:resetClient(115)) - s1@group-1D19F5312903->s0-GrpcLogAppender: Leader has not got in touch with Follower s1@group-1D19F5312903->s0(c0,m0,n113, attendVote=true, lastRpcSendTime=22, lastRpcResponseTime=288) yet, just keep nextIndex unchanged and retry.
2022-07-23 19:35:39,032 [grpc-default-executor-15] WARN  server.GrpcLogAppender (GrpcLogAppender.java:resetClient(115)) - s1@group-1D19F5312903->s0-GrpcLogAppender: Leader has not got in touch with Follower s1@group-1D19F5312903->s0(c0,m0,n113, attendVote=true, lastRpcSendTime=23, lastRpcResponseTime=288) yet, just keep nextIndex unchanged and retry.
2022-07-23 19:35:39,041 [Thread-9291] DEBUG server.RaftServer$Division (RaftServerImpl.java:logAppendEntries(1305)) - s2@group-1D19F5312903: succeeded to handle AppendEntries. Reply: s1<-s2#38:OK-t1,SUCCESS,nextIndex=23,followerCommit=5,matchIndex=22
2022-07-23 19:35:39,042 [Thread-9290] DEBUG server.RaftServer$Division (RaftServerImpl.java:logAppendEntries(1305)) - s2@group-1D19F5312903: succeeded to handle AppendEntries. Reply: s1<-s2#37:OK-t1,SUCCESS,nextIndex=22,followerCommit=5,matchIndex=21
2022-07-23 19:35:39,042 [Thread-9293] DEBUG server.RaftServer$Division (RaftServerImpl.java:logAppendEntries(1305)) - s2@group-1D19F5312903: succeeded to handle AppendEntries. Reply: s1<-s2#40:OK-t1,SUCCESS,nextIndex=25,followerCommit=5,matchIndex=24
2022-07-23 19:35:39,042 [Thread-9292] DEBUG server.RaftServer$Division (RaftServerImpl.java:logAppendEntries(1305)) - s2@group-1D19F5312903: succeeded to handle AppendEntries. Reply: s1<-s2#39:OK-t1,SUCCESS,nextIndex=24,followerCommit=5,matchIndex=23
2022-07-23 19:35:39,042 [s1@group-1D19F5312903-StateMachineUpdater] INFO  statemachine.SimpleStateMachine4Testing (SimpleStateMachine4Testing.java:put(204)) - s1: put 21, m18 -> (t:1, i:21), STATEMACHINELOGENTRY, 2771@client-62CCDED19661
2022-07-23 19:35:39,043 [s1@group-1D19F5312903-StateMachineUpdater] INFO  statemachine.SimpleStateMachine4Testing (SimpleStateMachine4Testing.java:put(204)) - s1: put 22, m19 -> (t:1, i:22), STATEMACHINELOGENTRY, 2772@client-62CCDED19661
2022-07-23 19:35:39,043 [s1@group-1D19F5312903-StateMachineUpdater] INFO  statemachine.SimpleStateMachine4Testing (SimpleStateMachine4Testing.java:put(204)) - s1: put 23, m20 -> (t:1, i:23), STATEMACHINELOGENTRY, 2773@client-62CCDED19661
2022-07-23 19:35:39,043 [s1@group-1D19F5312903-StateMachineUpdater] INFO  statemachine.SimpleStateMachine4Testing (SimpleStateMachine4Testing.java:put(204)) - s1: put 24, m21 -> (t:1, i:24), STATEMACHINELOGENTRY, 2774@client-62CCDED19661
2022-07-23 19:35:39,043 [s2-server-thread2] DEBUG server.RaftServer$Division (RaftServerImpl.java:logAppendEntries(1305)) - s2@group-1D19F5312903: receive appendEntries(s1, 1, (t:1, i:112), 24, true, commits:[s1:c24, s0:c0, s2:c5], cId:139, entries: (t:1, i:113), METADATAENTRY(c:21)
2022-07-23 19:35:39,043 [s2-server-thread2] DEBUG server.RaftServer$Division (RaftServerImpl.java:logAppendEntries(1305)) - s2@group-1D19F5312903: receive appendEntries(s1, 1, (t:1, i:113), 24, true, commits:[s1:c24, s0:c0, s2:c5], cId:140, entries: (t:1, i:114), METADATAENTRY(c:24)
2022-07-23 19:35:39,044 [grpc-default-executor-15] WARN  server.GrpcLogAppender (LogUtils.java:warn(122)) - s1@group-1D19F5312903->s0-AppendLogResponseHandler: Failed appendEntries: org.apache.ratis.thirdparty.io.grpc.StatusRuntimeException: UNAVAILABLE: io exception
2022-07-23 19:35:39,044 [grpc-default-executor-11] WARN  server.GrpcLogAppender (LogUtils.java:warn(122)) - s1@group-1D19F5312903->s0-AppendLogResponseHandler: Failed appendEntries: org.apache.ratis.thirdparty.io.grpc.StatusRuntimeException: UNAVAILABLE: io exception
2022-07-23 19:35:39,044 [grpc-default-executor-15] WARN  server.GrpcLogAppender (GrpcLogAppender.java:resetClient(115)) - s1@group-1D19F5312903->s0-GrpcLogAppender: Leader has not got in touch with Follower s1@group-1D19F5312903->s0(c0,m0,n115, attendVote=true, lastRpcSendTime=34, lastRpcResponseTime=300) yet, just keep nextIndex unchanged and retry.
2022-07-23 19:35:39,044 [grpc-default-executor-11] WARN  server.GrpcLogAppender (GrpcLogAppender.java:resetClient(115)) - s1@group-1D19F5312903->s0-GrpcLogAppender: Leader has not got in touch with Follower s1@group-1D19F5312903->s0(c0,m0,n115, attendVote=true, lastRpcSendTime=34, lastRpcResponseTime=300) yet, just keep nextIndex unchanged and retry.
2022-07-23 19:35:39,045 [grpc-default-executor-15] WARN  server.GrpcLogAppender (LogUtils.java:warn(122)) - s1@group-1D19F5312903->s0-AppendLogResponseHandler: Failed appendEntries: org.apache.ratis.thirdparty.io.grpc.StatusRuntimeException: UNAVAILABLE: io exception
2022-07-23 19:35:39,045 [grpc-default-executor-15] WARN  server.GrpcLogAppender (GrpcLogAppender.java:resetClient(115)) - s1@group-1D19F5312903->s0-GrpcLogAppender: Leader has not got in touch with Follower s1@group-1D19F5312903->s0(c0,m0,n115, attendVote=true, lastRpcSendTime=35, lastRpcResponseTime=300) yet, just keep nextIndex unchanged and retry.
2022-07-23 19:35:39,045 [grpc-default-executor-15] WARN  server.GrpcLogAppender (LogUtils.java:warn(122)) - s1@group-1D19F5312903->s0-AppendLogResponseHandler: Failed appendEntries: org.apache.ratis.thirdparty.io.grpc.StatusRuntimeException: UNAVAILABLE: io exception
2022-07-23 19:35:39,045 [grpc-default-executor-15] WARN  server.GrpcLogAppender (GrpcLogAppender.java:resetClient(115)) - s1@group-1D19F5312903->s0-GrpcLogAppender: Leader has not got in touch with Follower s1@group-1D19F5312903->s0(c0,m0,n115, attendVote=true, lastRpcSendTime=35, lastRpcResponseTime=301) yet, just keep nextIndex unchanged and retry.
2022-07-23 19:35:39,047 [Thread-9294] DEBUG server.RaftServer$Division (RaftServerImpl.java:logAppendEntries(1305)) - s2@group-1D19F5312903: succeeded to handle AppendEntries. Reply: s1<-s2#41:OK-t1,SUCCESS,nextIndex=26,followerCommit=5,matchIndex=25
2022-07-23 19:35:39,047 [s1@group-1D19F5312903-StateMachineUpdater] INFO  statemachine.SimpleStateMachine4Testing (SimpleStateMachine4Testing.java:put(204)) - s1: put 25, m22 -> (t:1, i:25), STATEMACHINELOGENTRY, 2775@client-62CCDED19661
2022-07-23 19:35:39,048 [s2-server-thread2] DEBUG server.RaftServer$Division (RaftServerImpl.java:logAppendEntries(1305)) - s2@group-1D19F5312903: receive appendEntries(s1, 1, (t:1, i:114), 25, true, commits:[s1:c25, s0:c0, s2:c5], cId:141, entries: (t:1, i:115), METADATAENTRY(c:25)
2022-07-23 19:35:39,048 [grpc-default-executor-15] WARN  server.GrpcLogAppender (LogUtils.java:warn(122)) - s1@group-1D19F5312903->s0-AppendLogResponseHandler: Failed appendEntries: org.apache.ratis.thirdparty.io.grpc.StatusRuntimeException: UNAVAILABLE: io exception
2022-07-23 19:35:39,048 [grpc-default-executor-11] WARN  server.GrpcLogAppender (LogUtils.java:warn(122)) - s1@group-1D19F5312903->s0-AppendLogResponseHandler: Failed appendEntries: org.apache.ratis.thirdparty.io.grpc.StatusRuntimeException: UNAVAILABLE: io exception
2022-07-23 19:35:39,048 [grpc-default-executor-15] WARN  server.GrpcLogAppender (GrpcLogAppender.java:resetClient(115)) - s1@group-1D19F5312903->s0-GrpcLogAppender: Leader has not got in touch with Follower s1@group-1D19F5312903->s0(c0,m0,n116, attendVote=true, lastRpcSendTime=3, lastRpcResponseTime=304) yet, just keep nextIndex unchanged and retry.
2022-07-23 19:35:39,049 [grpc-default-executor-11] WARN  server.GrpcLogAppender (GrpcLogAppender.java:resetClient(115)) - s1@group-1D19F5312903->s0-GrpcLogAppender: Leader has not got in touch with Follower s1@group-1D19F5312903->s0(c0,m0,n116, attendVote=true, lastRpcSendTime=3, lastRpcResponseTime=304) yet, just keep nextIndex unchanged and retry.
2022-07-23 19:35:39,055 [Thread-9296] DEBUG server.RaftServer$Division (RaftServerImpl.java:logAppendEntries(1305)) - s2@group-1D19F5312903: succeeded to handle AppendEntries. Reply: s1<-s2#43:OK-t1,SUCCESS,nextIndex=28,followerCommit=5,matchIndex=27
2022-07-23 19:35:39,055 [Thread-9295] DEBUG server.RaftServer$Division (RaftServerImpl.java:logAppendEntries(1305)) - s2@group-1D19F5312903: succeeded to handle AppendEntries. Reply: s1<-s2#42:OK-t1,SUCCESS,nextIndex=27,followerCommit=5,matchIndex=26
2022-07-23 19:35:39,055 [s1@group-1D19F5312903-StateMachineUpdater] INFO  statemachine.SimpleStateMachine4Testing (SimpleStateMachine4Testing.java:put(204)) - s1: put 26, m23 -> (t:1, i:26), STATEMACHINELOGENTRY, 2776@client-62CCDED19661
2022-07-23 19:35:39,056 [s1@group-1D19F5312903-StateMachineUpdater] INFO  statemachine.SimpleStateMachine4Testing (SimpleStateMachine4Testing.java:put(204)) - s1: put 27, m24 -> (t:1, i:27), STATEMACHINELOGENTRY, 2777@client-62CCDED19661
2022-07-23 19:35:39,056 [s2-server-thread2] DEBUG server.RaftServer$Division (RaftServerImpl.java:logAppendEntries(1305)) - s2@group-1D19F5312903: receive appendEntries(s1, 1, (t:1, i:115), 27, true, commits:[s1:c27, s0:c0, s2:c5], cId:142, entries: (t:1, i:116), METADATAENTRY(c:26)
2022-07-23 19:35:39,056 [s2-server-thread2] DEBUG server.RaftServer$Division (RaftServerImpl.java:logAppendEntries(1305)) - s2@group-1D19F5312903: receive appendEntries(s1, 1, (t:1, i:116), 27, true, commits:[s1:c27, s0:c0, s2:c5], cId:143, entries: (t:1, i:117), METADATAENTRY(c:27)
2022-07-23 19:35:39,056 [grpc-default-executor-11] WARN  server.GrpcLogAppender (LogUtils.java:warn(122)) - s1@group-1D19F5312903->s0-AppendLogResponseHandler: Failed appendEntries: org.apache.ratis.thirdparty.io.grpc.StatusRuntimeException: UNAVAILABLE: io exception
2022-07-23 19:35:39,056 [grpc-default-executor-15] WARN  server.GrpcLogAppender (LogUtils.java:warn(122)) - s1@group-1D19F5312903->s0-AppendLogResponseHandler: Failed appendEntries: org.apache.ratis.thirdparty.io.grpc.StatusRuntimeException: UNAVAILABLE: io exception
2022-07-23 19:35:39,057 [grpc-default-executor-11] WARN  server.GrpcLogAppender (GrpcLogAppender.java:resetClient(115)) - s1@group-1D19F5312903->s0-GrpcLogAppender: Leader has not got in touch with Follower s1@group-1D19F5312903->s0(c0,m0,n118, attendVote=true, lastRpcSendTime=11, lastRpcResponseTime=312) yet, just keep nextIndex unchanged and retry.
2022-07-23 19:35:39,057 [grpc-default-executor-15] WARN  server.GrpcLogAppender (GrpcLogAppender.java:resetClient(115)) - s1@group-1D19F5312903->s0-GrpcLogAppender: Leader has not got in touch with Follower s1@group-1D19F5312903->s0(c0,m0,n118, attendVote=true, lastRpcSendTime=11, lastRpcResponseTime=313) yet, just keep nextIndex unchanged and retry.
2022-07-23 19:35:39,065 [Thread-9297] DEBUG server.RaftServer$Division (RaftServerImpl.java:logAppendEntries(1305)) - s2@group-1D19F5312903: succeeded to handle AppendEntries. Reply: s1<-s2#44:OK-t1,SUCCESS,nextIndex=29,followerCommit=5,matchIndex=28
2022-07-23 19:35:39,065 [s1@group-1D19F5312903-StateMachineUpdater] INFO  statemachine.SimpleStateMachine4Testing (SimpleStateMachine4Testing.java:put(204)) - s1: put 28, m25 -> (t:1, i:28), STATEMACHINELOGENTRY, 2778@client-62CCDED19661
2022-07-23 19:35:39,065 [s2-server-thread2] DEBUG server.RaftServer$Division (RaftServerImpl.java:logAppendEntries(1305)) - s2@group-1D19F5312903: receive appendEntries(s1, 1, (t:1, i:117), 28, true, commits:[s1:c28, s0:c0, s2:c5], cId:144, entries: (t:1, i:118), METADATAENTRY(c:28)
2022-07-23 19:35:39,066 [grpc-default-executor-15] WARN  server.GrpcLogAppender (LogUtils.java:warn(122)) - s1@group-1D19F5312903->s0-AppendLogResponseHandler: Failed appendEntries: org.apache.ratis.thirdparty.io.grpc.StatusRuntimeException: UNAVAILABLE: io exception
2022-07-23 19:35:39,066 [grpc-default-executor-11] WARN  server.GrpcLogAppender (LogUtils.java:warn(122)) - s1@group-1D19F5312903->s0-AppendLogResponseHandler: Failed appendEntries: org.apache.ratis.thirdparty.io.grpc.StatusRuntimeException: UNAVAILABLE: io exception
2022-07-23 19:35:39,066 [grpc-default-executor-15] WARN  server.GrpcLogAppender (GrpcLogAppender.java:resetClient(115)) - s1@group-1D19F5312903->s0-GrpcLogAppender: Leader has not got in touch with Follower s1@group-1D19F5312903->s0(c0,m0,n119, attendVote=true, lastRpcSendTime=20, lastRpcResponseTime=322) yet, just keep nextIndex unchanged and retry.
2022-07-23 19:35:39,066 [grpc-default-executor-11] WARN  server.GrpcLogAppender (GrpcLogAppender.java:resetClient(115)) - s1@group-1D19F5312903->s0-GrpcLogAppender: Leader has not got in touch with Follower s1@group-1D19F5312903->s0(c0,m0,n119, attendVote=true, lastRpcSendTime=21, lastRpcResponseTime=322) yet, just keep nextIndex unchanged and retry.
2022-07-23 19:35:39,071 [Thread-9298] DEBUG server.RaftServer$Division (RaftServerImpl.java:logAppendEntries(1305)) - s2@group-1D19F5312903: succeeded to handle AppendEntries. Reply: s1<-s2#45:OK-t1,SUCCESS,nextIndex=30,followerCommit=5,matchIndex=29
2022-07-23 19:35:39,071 [s1@group-1D19F5312903-StateMachineUpdater] INFO  statemachine.SimpleStateMachine4Testing (SimpleStateMachine4Testing.java:put(204)) - s1: put 29, m26 -> (t:1, i:29), STATEMACHINELOGENTRY, 2779@client-62CCDED19661
2022-07-23 19:35:39,071 [s2-server-thread2] DEBUG server.RaftServer$Division (RaftServerImpl.java:logAppendEntries(1305)) - s2@group-1D19F5312903: receive appendEntries(s1, 1, (t:1, i:118), 29, true, commits:[s1:c29, s0:c0, s2:c5], cId:145, entries: (t:1, i:119), METADATAENTRY(c:29)
2022-07-23 19:35:39,072 [grpc-default-executor-11] WARN  server.GrpcLogAppender (LogUtils.java:warn(122)) - s1@group-1D19F5312903->s0-AppendLogResponseHandler: Failed appendEntries: org.apache.ratis.thirdparty.io.grpc.StatusRuntimeException: UNAVAILABLE: io exception
2022-07-23 19:35:39,072 [grpc-default-executor-15] WARN  server.GrpcLogAppender (LogUtils.java:warn(122)) - s1@group-1D19F5312903->s0-AppendLogResponseHandler: Failed appendEntries: org.apache.ratis.thirdparty.io.grpc.StatusRuntimeException: UNAVAILABLE: io exception
2022-07-23 19:35:39,072 [grpc-default-executor-11] WARN  server.GrpcLogAppender (GrpcLogAppender.java:resetClient(115)) - s1@group-1D19F5312903->s0-GrpcLogAppender: Leader has not got in touch with Follower s1@group-1D19F5312903->s0(c0,m0,n120, attendVote=true, lastRpcSendTime=26, lastRpcResponseTime=328) yet, just keep nextIndex unchanged and retry.
2022-07-23 19:35:39,073 [grpc-default-executor-15] WARN  server.GrpcLogAppender (GrpcLogAppender.java:resetClient(115)) - s1@group-1D19F5312903->s0-GrpcLogAppender: Leader has not got in touch with Follower s1@group-1D19F5312903->s0(c0,m0,n120, attendVote=true, lastRpcSendTime=27, lastRpcResponseTime=328) yet, just keep nextIndex unchanged and retry.
2022-07-23 19:35:39,079 [Thread-9299] DEBUG server.RaftServer$Division (RaftServerImpl.java:logAppendEntries(1305)) - s2@group-1D19F5312903: succeeded to handle AppendEntries. Reply: s1<-s2#46:OK-t1,SUCCESS,nextIndex=31,followerCommit=5,matchIndex=30
2022-07-23 19:35:39,079 [Thread-9300] DEBUG server.RaftServer$Division (RaftServerImpl.java:logAppendEntries(1305)) - s2@group-1D19F5312903: succeeded to handle AppendEntries. Reply: s1<-s2#47:OK-t1,SUCCESS,nextIndex=32,followerCommit=5,matchIndex=31
2022-07-23 19:35:39,079 [s1@group-1D19F5312903-StateMachineUpdater] INFO  statemachine.SimpleStateMachine4Testing (SimpleStateMachine4Testing.java:put(204)) - s1: put 30, m27 -> (t:1, i:30), STATEMACHINELOGENTRY, 2780@client-62CCDED19661
2022-07-23 19:35:39,079 [s2-server-thread2] DEBUG server.RaftServer$Division (RaftServerImpl.java:logAppendEntries(1305)) - s2@group-1D19F5312903: receive appendEntries(s1, 1, (t:1, i:119), 30, true, commits:[s1:c30, s0:c0, s2:c5], cId:146, entries: (t:1, i:120), METADATAENTRY(c:30)
2022-07-23 19:35:39,080 [s1@group-1D19F5312903-StateMachineUpdater] INFO  statemachine.SimpleStateMachine4Testing (SimpleStateMachine4Testing.java:put(204)) - s1: put 31, m28 -> (t:1, i:31), STATEMACHINELOGENTRY, 2781@client-62CCDED19661
2022-07-23 19:35:39,080 [s2-server-thread2] DEBUG server.RaftServer$Division (RaftServerImpl.java:logAppendEntries(1305)) - s2@group-1D19F5312903: receive appendEntries(s1, 1, (t:1, i:120), 31, true, commits:[s1:c31, s0:c0, s2:c5], cId:148, entries: (t:1, i:121), METADATAENTRY(c:31)
2022-07-23 19:35:39,080 [grpc-default-executor-15] WARN  server.GrpcLogAppender (LogUtils.java:warn(122)) - s1@group-1D19F5312903->s0-AppendLogResponseHandler: Failed appendEntries: org.apache.ratis.thirdparty.io.grpc.StatusRuntimeException: UNAVAILABLE: io exception
2022-07-23 19:35:39,080 [grpc-default-executor-11] WARN  server.GrpcLogAppender (LogUtils.java:warn(122)) - s1@group-1D19F5312903->s0-AppendLogResponseHandler: Failed appendEntries: org.apache.ratis.thirdparty.io.grpc.StatusRuntimeException: UNAVAILABLE: io exception
2022-07-23 19:35:39,081 [grpc-default-executor-15] WARN  server.GrpcLogAppender (GrpcLogAppender.java:resetClient(115)) - s1@group-1D19F5312903->s0-GrpcLogAppender: Leader has not got in touch with Follower s1@group-1D19F5312903->s0(c0,m0,n122, attendVote=true, lastRpcSendTime=35, lastRpcResponseTime=336) yet, just keep nextIndex unchanged and retry.
2022-07-23 19:35:39,081 [grpc-default-executor-11] WARN  server.GrpcLogAppender (GrpcLogAppender.java:resetClient(115)) - s1@group-1D19F5312903->s0-GrpcLogAppender: Leader has not got in touch with Follower s1@group-1D19F5312903->s0(c0,m0,n122, attendVote=true, lastRpcSendTime=35, lastRpcResponseTime=336) yet, just keep nextIndex unchanged and retry.
2022-07-23 19:35:39,082 [grpc-default-executor-11] WARN  server.GrpcLogAppender (LogUtils.java:warn(122)) - s1@group-1D19F5312903->s0-AppendLogResponseHandler: Failed appendEntries: org.apache.ratis.thirdparty.io.grpc.StatusRuntimeException: UNAVAILABLE: io exception
2022-07-23 19:35:39,082 [Thread-9301] DEBUG server.RaftServer$Division (RaftServerImpl.java:logAppendEntries(1305)) - s2@group-1D19F5312903: succeeded to handle AppendEntries. Reply: s1<-s2#48:OK-t1,SUCCESS,nextIndex=33,followerCommit=5,matchIndex=32
2022-07-23 19:35:39,083 [s1@group-1D19F5312903-StateMachineUpdater] INFO  statemachine.SimpleStateMachine4Testing (SimpleStateMachine4Testing.java:put(204)) - s1: put 32, m29 -> (t:1, i:32), STATEMACHINELOGENTRY, 2782@client-62CCDED19661
2022-07-23 19:35:39,083 [s2-server-thread2] DEBUG server.RaftServer$Division (RaftServerImpl.java:logAppendEntries(1305)) - s2@group-1D19F5312903: receive appendEntries(s1, 1, (t:1, i:121), 32, true, commits:[s1:c32, s0:c0, s2:c5], cId:150, entries: (t:1, i:122), METADATAENTRY(c:32)
2022-07-23 19:35:39,083 [grpc-default-executor-15] WARN  server.GrpcLogAppender (LogUtils.java:warn(122)) - s1@group-1D19F5312903->s0-AppendLogResponseHandler: Failed appendEntries: org.apache.ratis.thirdparty.io.grpc.StatusRuntimeException: UNAVAILABLE: io exception
2022-07-23 19:35:39,083 [grpc-default-executor-11] WARN  server.GrpcLogAppender (GrpcLogAppender.java:resetClient(115)) - s1@group-1D19F5312903->s0-GrpcLogAppender: Leader has not got in touch with Follower s1@group-1D19F5312903->s0(c0,m0,n122, attendVote=true, lastRpcSendTime=38, lastRpcResponseTime=339) yet, just keep nextIndex unchanged and retry.
2022-07-23 19:35:39,084 [grpc-default-executor-15] WARN  server.GrpcLogAppender (GrpcLogAppender.java:resetClient(115)) - s1@group-1D19F5312903->s0-GrpcLogAppender: Leader has not got in touch with Follower s1@group-1D19F5312903->s0(c0,m0,n122, attendVote=true, lastRpcSendTime=38, lastRpcResponseTime=339) yet, just keep nextIndex unchanged and retry.
2022-07-23 19:35:39,084 [grpc-default-executor-15] WARN  server.GrpcLogAppender (LogUtils.java:warn(122)) - s1@group-1D19F5312903->s0-AppendLogResponseHandler: Failed appendEntries: org.apache.ratis.thirdparty.io.grpc.StatusRuntimeException: UNAVAILABLE: io exception
2022-07-23 19:35:39,084 [grpc-default-executor-11] WARN  server.GrpcLogAppender (LogUtils.java:warn(122)) - s1@group-1D19F5312903->s0-AppendLogResponseHandler: Failed appendEntries: org.apache.ratis.thirdparty.io.grpc.StatusRuntimeException: UNAVAILABLE: io exception
2022-07-23 19:35:39,085 [grpc-default-executor-15] WARN  server.GrpcLogAppender (GrpcLogAppender.java:resetClient(115)) - s1@group-1D19F5312903->s0-GrpcLogAppender: Leader has not got in touch with Follower s1@group-1D19F5312903->s0(c0,m0,n122, attendVote=true, lastRpcSendTime=39, lastRpcResponseTime=340) yet, just keep nextIndex unchanged and retry.
2022-07-23 19:35:39,085 [grpc-default-executor-11] WARN  server.GrpcLogAppender (GrpcLogAppender.java:resetClient(115)) - s1@group-1D19F5312903->s0-GrpcLogAppender: Leader has not got in touch with Follower s1@group-1D19F5312903->s0(c0,m0,n122, attendVote=true, lastRpcSendTime=39, lastRpcResponseTime=340) yet, just keep nextIndex unchanged and retry.
2022-07-23 19:35:39,085 [grpc-default-executor-11] WARN  server.GrpcLogAppender (LogUtils.java:warn(122)) - s1@group-1D19F5312903->s0-AppendLogResponseHandler: Failed appendEntries: org.apache.ratis.thirdparty.io.grpc.StatusRuntimeException: UNAVAILABLE: io exception
2022-07-23 19:35:39,085 [grpc-default-executor-15] WARN  server.GrpcLogAppender (LogUtils.java:warn(122)) - s1@group-1D19F5312903->s0-AppendLogResponseHandler: Failed appendEntries: org.apache.ratis.thirdparty.io.grpc.StatusRuntimeException: UNAVAILABLE: io exception
2022-07-23 19:35:39,085 [grpc-default-executor-11] WARN  server.GrpcLogAppender (GrpcLogAppender.java:resetClient(115)) - s1@group-1D19F5312903->s0-GrpcLogAppender: Leader has not got in touch with Follower s1@group-1D19F5312903->s0(c0,m0,n122, attendVote=true, lastRpcSendTime=40, lastRpcResponseTime=341) yet, just keep nextIndex unchanged and retry.
2022-07-23 19:35:39,086 [grpc-default-executor-15] WARN  server.GrpcLogAppender (GrpcLogAppender.java:resetClient(115)) - s1@group-1D19F5312903->s0-GrpcLogAppender: Leader has not got in touch with Follower s1@group-1D19F5312903->s0(c0,m0,n122, attendVote=true, lastRpcSendTime=40, lastRpcResponseTime=341) yet, just keep nextIndex unchanged and retry.
2022-07-23 19:35:39,086 [s2@group-1D19F5312903-StateMachineUpdater] INFO  statemachine.SimpleStateMachine4Testing (SimpleStateMachine4Testing.java:put(204)) - s2: put 6, m5 -> (t:1, i:6), STATEMACHINELOGENTRY, 2758@client-62CCDED19661
2022-07-23 19:35:39,086 [Thread-9302] DEBUG server.RaftServer$Division (RaftServerImpl.java:logAppendEntries(1305)) - s2@group-1D19F5312903: succeeded to handle AppendEntries. Reply: s1<-s2#50:OK-t1,SUCCESS,nextIndex=34,followerCommit=6,matchIndex=33
2022-07-23 19:35:39,086 [grpc-default-executor-11] WARN  server.GrpcLogAppender (LogUtils.java:warn(122)) - s1@group-1D19F5312903->s0-AppendLogResponseHandler: Failed appendEntries: org.apache.ratis.thirdparty.io.grpc.StatusRuntimeException: UNAVAILABLE: io exception
2022-07-23 19:35:39,086 [grpc-default-executor-15] WARN  server.GrpcLogAppender (LogUtils.java:warn(122)) - s1@group-1D19F5312903->s0-AppendLogResponseHandler: Failed appendEntries: org.apache.ratis.thirdparty.io.grpc.StatusRuntimeException: UNAVAILABLE: io exception
2022-07-23 19:35:39,087 [grpc-default-executor-11] WARN  server.GrpcLogAppender (GrpcLogAppender.java:resetClient(115)) - s1@group-1D19F5312903->s0-GrpcLogAppender: Leader has not got in touch with Follower s1@group-1D19F5312903->s0(c0,m0,n122, attendVote=true, lastRpcSendTime=41, lastRpcResponseTime=342) yet, just keep nextIndex unchanged and retry.
2022-07-23 19:35:39,087 [grpc-default-executor-15] WARN  server.GrpcLogAppender (GrpcLogAppender.java:resetClient(115)) - s1@group-1D19F5312903->s0-GrpcLogAppender: Leader has not got in touch with Follower s1@group-1D19F5312903->s0(c0,m0,n122, attendVote=true, lastRpcSendTime=42, lastRpcResponseTime=343) yet, just keep nextIndex unchanged and retry.
2022-07-23 19:35:39,088 [grpc-default-executor-15] WARN  server.GrpcLogAppender (LogUtils.java:warn(122)) - s1@group-1D19F5312903->s0-AppendLogResponseHandler: Failed appendEntries: org.apache.ratis.thirdparty.io.grpc.StatusRuntimeException: UNAVAILABLE: io exception
2022-07-23 19:35:39,088 [grpc-default-executor-11] WARN  server.GrpcLogAppender (LogUtils.java:warn(122)) - s1@group-1D19F5312903->s0-AppendLogResponseHandler: Failed appendEntries: org.apache.ratis.thirdparty.io.grpc.StatusRuntimeException: UNAVAILABLE: io exception
2022-07-23 19:35:39,088 [grpc-default-executor-15] WARN  server.GrpcLogAppender (GrpcLogAppender.java:resetClient(115)) - s1@group-1D19F5312903->s0-GrpcLogAppender: Leader has not got in touch with Follower s1@group-1D19F5312903->s0(c0,m0,n122, attendVote=true, lastRpcSendTime=42, lastRpcResponseTime=344) yet, just keep nextIndex unchanged and retry.
2022-07-23 19:35:39,088 [grpc-default-executor-11] WARN  server.GrpcLogAppender (GrpcLogAppender.java:resetClient(115)) - s1@group-1D19F5312903->s0-GrpcLogAppender: Leader has not got in touch with Follower s1@group-1D19F5312903->s0(c0,m0,n122, attendVote=true, lastRpcSendTime=43, lastRpcResponseTime=344) yet, just keep nextIndex unchanged and retry.
2022-07-23 19:35:39,089 [grpc-default-executor-11] WARN  server.GrpcLogAppender (LogUtils.java:warn(122)) - s1@group-1D19F5312903->s0-AppendLogResponseHandler: Failed appendEntries: org.apache.ratis.thirdparty.io.grpc.StatusRuntimeException: UNAVAILABLE: io exception
2022-07-23 19:35:39,089 [grpc-default-executor-15] WARN  server.GrpcLogAppender (LogUtils.java:warn(122)) - s1@group-1D19F5312903->s0-AppendLogResponseHandler: Failed appendEntries: org.apache.ratis.thirdparty.io.grpc.StatusRuntimeException: UNAVAILABLE: io exception
2022-07-23 19:35:39,089 [grpc-default-executor-11] WARN  server.GrpcLogAppender (GrpcLogAppender.java:resetClient(115)) - s1@group-1D19F5312903->s0-GrpcLogAppender: Leader has not got in touch with Follower s1@group-1D19F5312903->s0(c0,m0,n122, attendVote=true, lastRpcSendTime=43, lastRpcResponseTime=344) yet, just keep nextIndex unchanged and retry.
2022-07-23 19:35:39,089 [grpc-default-executor-15] WARN  server.GrpcLogAppender (GrpcLogAppender.java:resetClient(115)) - s1@group-1D19F5312903->s0-GrpcLogAppender: Leader has not got in touch with Follower s1@group-1D19F5312903->s0(c0,m0,n122, attendVote=true, lastRpcSendTime=44, lastRpcResponseTime=345) yet, just keep nextIndex unchanged and retry.
2022-07-23 19:35:39,090 [s2@group-1D19F5312903-StateMachineUpdater] INFO  statemachine.SimpleStateMachine4Testing (SimpleStateMachine4Testing.java:put(204)) - s2: put 7, m6 -> (t:1, i:7), STATEMACHINELOGENTRY, 2759@client-62CCDED19661
2022-07-23 19:35:39,090 [Thread-9303] DEBUG server.RaftServer$Division (RaftServerImpl.java:logAppendEntries(1305)) - s2@group-1D19F5312903: succeeded to handle AppendEntries. Reply: s1<-s2#52:OK-t1,SUCCESS,nextIndex=35,followerCommit=7,matchIndex=34
2022-07-23 19:35:39,095 [grpc-default-executor-15] WARN  server.GrpcLogAppender (LogUtils.java:warn(122)) - s1@group-1D19F5312903->s0-AppendLogResponseHandler: Failed appendEntries: org.apache.ratis.thirdparty.io.grpc.StatusRuntimeException: UNAVAILABLE: io exception
2022-07-23 19:35:39,095 [grpc-default-executor-11] WARN  server.GrpcLogAppender (LogUtils.java:warn(122)) - s1@group-1D19F5312903->s0-AppendLogResponseHandler: Failed appendEntries: org.apache.ratis.thirdparty.io.grpc.StatusRuntimeException: UNAVAILABLE: io exception
2022-07-23 19:35:39,095 [grpc-default-executor-15] WARN  server.GrpcLogAppender (GrpcLogAppender.java:resetClient(115)) - s1@group-1D19F5312903->s0-GrpcLogAppender: Leader has not got in touch with Follower s1@group-1D19F5312903->s0(c0,m0,n122, attendVote=true, lastRpcSendTime=50, lastRpcResponseTime=351) yet, just keep nextIndex unchanged and retry.
2022-07-23 19:35:39,095 [grpc-default-executor-11] WARN  server.GrpcLogAppender (GrpcLogAppender.java:resetClient(115)) - s1@group-1D19F5312903->s0-GrpcLogAppender: Leader has not got in touch with Follower s1@group-1D19F5312903->s0(c0,m0,n122, attendVote=true, lastRpcSendTime=50, lastRpcResponseTime=351) yet, just keep nextIndex unchanged and retry.
2022-07-23 19:35:39,096 [grpc-default-executor-11] WARN  server.GrpcLogAppender (LogUtils.java:warn(122)) - s1@group-1D19F5312903->s0-AppendLogResponseHandler: Failed appendEntries: org.apache.ratis.thirdparty.io.grpc.StatusRuntimeException: UNAVAILABLE: io exception
2022-07-23 19:35:39,096 [grpc-default-executor-15] WARN  server.GrpcLogAppender (LogUtils.java:warn(122)) - s1@group-1D19F5312903->s0-AppendLogResponseHandler: Failed appendEntries: org.apache.ratis.thirdparty.io.grpc.StatusRuntimeException: UNAVAILABLE: io exception
2022-07-23 19:35:39,096 [grpc-default-executor-11] WARN  server.GrpcLogAppender (GrpcLogAppender.java:resetClient(115)) - s1@group-1D19F5312903->s0-GrpcLogAppender: Leader has not got in touch with Follower s1@group-1D19F5312903->s0(c0,m0,n122, attendVote=true, lastRpcSendTime=50, lastRpcResponseTime=352) yet, just keep nextIndex unchanged and retry.
2022-07-23 19:35:39,096 [grpc-default-executor-15] WARN  server.GrpcLogAppender (GrpcLogAppender.java:resetClient(115)) - s1@group-1D19F5312903->s0-GrpcLogAppender: Leader has not got in touch with Follower s1@group-1D19F5312903->s0(c0,m0,n122, attendVote=true, lastRpcSendTime=51, lastRpcResponseTime=352) yet, just keep nextIndex unchanged and retry.
2022-07-23 19:35:39,097 [grpc-default-executor-15] WARN  server.GrpcLogAppender (LogUtils.java:warn(122)) - s1@group-1D19F5312903->s0-AppendLogResponseHandler: Failed appendEntries: org.apache.ratis.thirdparty.io.grpc.StatusRuntimeException: UNAVAILABLE: io exception
2022-07-23 19:35:39,097 [grpc-default-executor-11] WARN  server.GrpcLogAppender (LogUtils.java:warn(122)) - s1@group-1D19F5312903->s0-AppendLogResponseHandler: Failed appendEntries: org.apache.ratis.thirdparty.io.grpc.StatusRuntimeException: UNAVAILABLE: io exception
2022-07-23 19:35:39,097 [grpc-default-executor-15] WARN  server.GrpcLogAppender (GrpcLogAppender.java:resetClient(115)) - s1@group-1D19F5312903->s0-GrpcLogAppender: Leader has not got in touch with Follower s1@group-1D19F5312903->s0(c0,m0,n122, attendVote=true, lastRpcSendTime=52, lastRpcResponseTime=353) yet, just keep nextIndex unchanged and retry.
2022-07-23 19:35:39,097 [grpc-default-executor-11] WARN  server.GrpcLogAppender (GrpcLogAppender.java:resetClient(115)) - s1@group-1D19F5312903->s0-GrpcLogAppender: Leader has not got in touch with Follower s1@group-1D19F5312903->s0(c0,m0,n122, attendVote=true, lastRpcSendTime=52, lastRpcResponseTime=353) yet, just keep nextIndex unchanged and retry.
2022-07-23 19:35:39,098 [grpc-default-executor-11] WARN  server.GrpcLogAppender (LogUtils.java:warn(122)) - s1@group-1D19F5312903->s0-AppendLogResponseHandler: Failed appendEntries: org.apache.ratis.thirdparty.io.grpc.StatusRuntimeException: UNAVAILABLE: io exception
2022-07-23 19:35:39,098 [grpc-default-executor-15] WARN  server.GrpcLogAppender (LogUtils.java:warn(122)) - s1@group-1D19F5312903->s0-AppendLogResponseHandler: Failed appendEntries: org.apache.ratis.thirdparty.io.grpc.StatusRuntimeException: UNAVAILABLE: io exception
2022-07-23 19:35:39,098 [grpc-default-executor-11] WARN  server.GrpcLogAppender (GrpcLogAppender.java:resetClient(115)) - s1@group-1D19F5312903->s0-GrpcLogAppender: Leader has not got in touch with Follower s1@group-1D19F5312903->s0(c0,m0,n122, attendVote=true, lastRpcSendTime=52, lastRpcResponseTime=354) yet, just keep nextIndex unchanged and retry.
2022-07-23 19:35:39,099 [grpc-default-executor-15] WARN  server.GrpcLogAppender (GrpcLogAppender.java:resetClient(115)) - s1@group-1D19F5312903->s0-GrpcLogAppender: Leader has not got in touch with Follower s1@group-1D19F5312903->s0(c0,m0,n122, attendVote=true, lastRpcSendTime=53, lastRpcResponseTime=354) yet, just keep nextIndex unchanged and retry.
2022-07-23 19:35:39,099 [grpc-default-executor-15] WARN  server.GrpcLogAppender (LogUtils.java:warn(122)) - s1@group-1D19F5312903->s0-AppendLogResponseHandler: Failed appendEntries: org.apache.ratis.thirdparty.io.grpc.StatusRuntimeException: UNAVAILABLE: io exception
2022-07-23 19:35:39,099 [grpc-default-executor-11] WARN  server.GrpcLogAppender (LogUtils.java:warn(122)) - s1@group-1D19F5312903->s0-AppendLogResponseHandler: Failed appendEntries: org.apache.ratis.thirdparty.io.grpc.StatusRuntimeException: UNAVAILABLE: io exception
2022-07-23 19:35:39,099 [grpc-default-executor-15] WARN  server.GrpcLogAppender (GrpcLogAppender.java:resetClient(115)) - s1@group-1D19F5312903->s0-GrpcLogAppender: Leader has not got in touch with Follower s1@group-1D19F5312903->s0(c0,m0,n122, attendVote=true, lastRpcSendTime=54, lastRpcResponseTime=355) yet, just keep nextIndex unchanged and retry.
2022-07-23 19:35:39,099 [grpc-default-executor-11] WARN  server.GrpcLogAppender (GrpcLogAppender.java:resetClient(115)) - s1@group-1D19F5312903->s0-GrpcLogAppender: Leader has not got in touch with Follower s1@group-1D19F5312903->s0(c0,m0,n122, attendVote=true, lastRpcSendTime=54, lastRpcResponseTime=355) yet, just keep nextIndex unchanged and retry.
2022-07-23 19:35:39,100 [grpc-default-executor-11] WARN  server.GrpcLogAppender (LogUtils.java:warn(122)) - s1@group-1D19F5312903->s0-AppendLogResponseHandler: Failed appendEntries: org.apache.ratis.thirdparty.io.grpc.StatusRuntimeException: UNAVAILABLE: io exception
2022-07-23 19:35:39,101 [grpc-default-executor-15] WARN  server.GrpcLogAppender (LogUtils.java:warn(122)) - s1@group-1D19F5312903->s0-AppendLogResponseHandler: Failed appendEntries: org.apache.ratis.thirdparty.io.grpc.StatusRuntimeException: UNAVAILABLE: io exception
2022-07-23 19:35:39,101 [grpc-default-executor-11] WARN  server.GrpcLogAppender (GrpcLogAppender.java:resetClient(115)) - s1@group-1D19F5312903->s0-GrpcLogAppender: Leader has not got in touch with Follower s1@group-1D19F5312903->s0(c0,m0,n122, attendVote=true, lastRpcSendTime=55, lastRpcResponseTime=356) yet, just keep nextIndex unchanged and retry.
2022-07-23 19:35:39,101 [grpc-default-executor-15] WARN  server.GrpcLogAppender (GrpcLogAppender.java:resetClient(115)) - s1@group-1D19F5312903->s0-GrpcLogAppender: Leader has not got in touch with Follower s1@group-1D19F5312903->s0(c0,m0,n122, attendVote=true, lastRpcSendTime=56, lastRpcResponseTime=357) yet, just keep nextIndex unchanged and retry.
2022-07-23 19:35:39,102 [grpc-default-executor-15] WARN  server.GrpcLogAppender (LogUtils.java:warn(122)) - s1@group-1D19F5312903->s0-AppendLogResponseHandler: Failed appendEntries: org.apache.ratis.thirdparty.io.grpc.StatusRuntimeException: UNAVAILABLE: io exception
2022-07-23 19:35:39,102 [grpc-default-executor-11] WARN  server.GrpcLogAppender (LogUtils.java:warn(122)) - s1@group-1D19F5312903->s0-AppendLogResponseHandler: Failed appendEntries: org.apache.ratis.thirdparty.io.grpc.StatusRuntimeException: UNAVAILABLE: io exception
2022-07-23 19:35:39,102 [grpc-default-executor-15] WARN  server.GrpcLogAppender (GrpcLogAppender.java:resetClient(115)) - s1@group-1D19F5312903->s0-GrpcLogAppender: Leader has not got in touch with Follower s1@group-1D19F5312903->s0(c0,m0,n122, attendVote=true, lastRpcSendTime=56, lastRpcResponseTime=358) yet, just keep nextIndex unchanged and retry.
2022-07-23 19:35:39,102 [grpc-default-executor-11] WARN  server.GrpcLogAppender (GrpcLogAppender.java:resetClient(115)) - s1@group-1D19F5312903->s0-GrpcLogAppender: Leader has not got in touch with Follower s1@group-1D19F5312903->s0(c0,m0,n122, attendVote=true, lastRpcSendTime=57, lastRpcResponseTime=358) yet, just keep nextIndex unchanged and retry.
2022-07-23 19:35:39,103 [grpc-default-executor-11] WARN  server.GrpcLogAppender (LogUtils.java:warn(122)) - s1@group-1D19F5312903->s0-AppendLogResponseHandler: Failed appendEntries: org.apache.ratis.thirdparty.io.grpc.StatusRuntimeException: UNAVAILABLE: io exception
2022-07-23 19:35:39,103 [grpc-default-executor-15] WARN  server.GrpcLogAppender (LogUtils.java:warn(122)) - s1@group-1D19F5312903->s0-AppendLogResponseHandler: Failed appendEntries: org.apache.ratis.thirdparty.io.grpc.StatusRuntimeException: UNAVAILABLE: io exception
2022-07-23 19:35:39,103 [grpc-default-executor-11] WARN  server.GrpcLogAppender (GrpcLogAppender.java:resetClient(115)) - s1@group-1D19F5312903->s0-GrpcLogAppender: Leader has not got in touch with Follower s1@group-1D19F5312903->s0(c0,m0,n122, attendVote=true, lastRpcSendTime=57, lastRpcResponseTime=359) yet, just keep nextIndex unchanged and retry.
2022-07-23 19:35:39,103 [grpc-default-executor-15] WARN  server.GrpcLogAppender (GrpcLogAppender.java:resetClient(115)) - s1@group-1D19F5312903->s0-GrpcLogAppender: Leader has not got in touch with Follower s1@group-1D19F5312903->s0(c0,m0,n122, attendVote=true, lastRpcSendTime=58, lastRpcResponseTime=359) yet, just keep nextIndex unchanged and retry.
2022-07-23 19:35:39,104 [grpc-default-executor-15] WARN  server.GrpcLogAppender (LogUtils.java:warn(122)) - s1@group-1D19F5312903->s0-AppendLogResponseHandler: Failed appendEntries: org.apache.ratis.thirdparty.io.grpc.StatusRuntimeException: UNAVAILABLE: io exception
2022-07-23 19:35:39,104 [grpc-default-executor-11] WARN  server.GrpcLogAppender (LogUtils.java:warn(122)) - s1@group-1D19F5312903->s0-AppendLogResponseHandler: Failed appendEntries: org.apache.ratis.thirdparty.io.grpc.StatusRuntimeException: UNAVAILABLE: io exception
2022-07-23 19:35:39,104 [grpc-default-executor-15] WARN  server.GrpcLogAppender (GrpcLogAppender.java:resetClient(115)) - s1@group-1D19F5312903->s0-GrpcLogAppender: Leader has not got in touch with Follower s1@group-1D19F5312903->s0(c0,m0,n122, attendVote=true, lastRpcSendTime=59, lastRpcResponseTime=360) yet, just keep nextIndex unchanged and retry.
2022-07-23 19:35:39,104 [grpc-default-executor-11] WARN  server.GrpcLogAppender (GrpcLogAppender.java:resetClient(115)) - s1@group-1D19F5312903->s0-GrpcLogAppender: Leader has not got in touch with Follower s1@group-1D19F5312903->s0(c0,m0,n122, attendVote=true, lastRpcSendTime=59, lastRpcResponseTime=360) yet, just keep nextIndex unchanged and retry.
2022-07-23 19:35:39,105 [grpc-default-executor-11] WARN  server.GrpcLogAppender (LogUtils.java:warn(122)) - s1@group-1D19F5312903->s0-AppendLogResponseHandler: Failed appendEntries: org.apache.ratis.thirdparty.io.grpc.StatusRuntimeException: UNAVAILABLE: io exception
2022-07-23 19:35:39,105 [grpc-default-executor-15] WARN  server.GrpcLogAppender (LogUtils.java:warn(122)) - s1@group-1D19F5312903->s0-AppendLogResponseHandler: Failed appendEntries: org.apache.ratis.thirdparty.io.grpc.StatusRuntimeException: UNAVAILABLE: io exception
2022-07-23 19:35:39,105 [grpc-default-executor-11] WARN  server.GrpcLogAppender (GrpcLogAppender.java:resetClient(115)) - s1@group-1D19F5312903->s0-GrpcLogAppender: Leader has not got in touch with Follower s1@group-1D19F5312903->s0(c0,m0,n122, attendVote=true, lastRpcSendTime=59, lastRpcResponseTime=361) yet, just keep nextIndex unchanged and retry.
2022-07-23 19:35:39,105 [grpc-default-executor-15] WARN  server.GrpcLogAppender (GrpcLogAppender.java:resetClient(115)) - s1@group-1D19F5312903->s0-GrpcLogAppender: Leader has not got in touch with Follower s1@group-1D19F5312903->s0(c0,m0,n122, attendVote=true, lastRpcSendTime=60, lastRpcResponseTime=361) yet, just keep nextIndex unchanged and retry.
2022-07-23 19:35:39,106 [grpc-default-executor-15] WARN  server.GrpcLogAppender (LogUtils.java:warn(122)) - s1@group-1D19F5312903->s0-AppendLogResponseHandler: Failed appendEntries: org.apache.ratis.thirdparty.io.grpc.StatusRuntimeException: UNAVAILABLE: io exception
2022-07-23 19:35:39,106 [grpc-default-executor-11] WARN  server.GrpcLogAppender (LogUtils.java:warn(122)) - s1@group-1D19F5312903->s0-AppendLogResponseHandler: Failed appendEntries: org.apache.ratis.thirdparty.io.grpc.StatusRuntimeException: UNAVAILABLE: io exception
2022-07-23 19:35:39,106 [grpc-default-executor-15] WARN  server.GrpcLogAppender (GrpcLogAppender.java:resetClient(115)) - s1@group-1D19F5312903->s0-GrpcLogAppender: Leader has not got in touch with Follower s1@group-1D19F5312903->s0(c0,m0,n122, attendVote=true, lastRpcSendTime=61, lastRpcResponseTime=362) yet, just keep nextIndex unchanged and retry.
2022-07-23 19:35:39,106 [grpc-default-executor-11] WARN  server.GrpcLogAppender (GrpcLogAppender.java:resetClient(115)) - s1@group-1D19F5312903->s0-GrpcLogAppender: Leader has not got in touch with Follower s1@group-1D19F5312903->s0(c0,m0,n122, attendVote=true, lastRpcSendTime=61, lastRpcResponseTime=362) yet, just keep nextIndex unchanged and retry.
2022-07-23 19:35:39,107 [grpc-default-executor-11] WARN  server.GrpcLogAppender (LogUtils.java:warn(122)) - s1@group-1D19F5312903->s0-AppendLogResponseHandler: Failed appendEntries: org.apache.ratis.thirdparty.io.grpc.StatusRuntimeException: UNAVAILABLE: io exception
2022-07-23 19:35:39,107 [grpc-default-executor-15] WARN  server.GrpcLogAppender (LogUtils.java:warn(122)) - s1@group-1D19F5312903->s0-AppendLogResponseHandler: Failed appendEntries: org.apache.ratis.thirdparty.io.grpc.StatusRuntimeException: UNAVAILABLE: io exception
2022-07-23 19:35:39,107 [grpc-default-executor-11] WARN  server.GrpcLogAppender (GrpcLogAppender.java:resetClient(115)) - s1@group-1D19F5312903->s0-GrpcLogAppender: Leader has not got in touch with Follower s1@group-1D19F5312903->s0(c0,m0,n122, attendVote=true, lastRpcSendTime=61, lastRpcResponseTime=363) yet, just keep nextIndex unchanged and retry.
2022-07-23 19:35:39,108 [grpc-default-executor-15] WARN  server.GrpcLogAppender (GrpcLogAppender.java:resetClient(115)) - s1@group-1D19F5312903->s0-GrpcLogAppender: Leader has not got in touch with Follower s1@group-1D19F5312903->s0(c0,m0,n122, attendVote=true, lastRpcSendTime=62, lastRpcResponseTime=363) yet, just keep nextIndex unchanged and retry.
2022-07-23 19:35:39,108 [grpc-default-executor-15] WARN  server.GrpcLogAppender (LogUtils.java:warn(122)) - s1@group-1D19F5312903->s0-AppendLogResponseHandler: Failed appendEntries: org.apache.ratis.thirdparty.io.grpc.StatusRuntimeException: UNAVAILABLE: io exception
2022-07-23 19:35:39,108 [grpc-default-executor-11] WARN  server.GrpcLogAppender (LogUtils.java:warn(122)) - s1@group-1D19F5312903->s0-AppendLogResponseHandler: Failed appendEntries: org.apache.ratis.thirdparty.io.grpc.StatusRuntimeException: UNAVAILABLE: io exception
2022-07-23 19:35:39,108 [grpc-default-executor-15] WARN  server.GrpcLogAppender (GrpcLogAppender.java:resetClient(115)) - s1@group-1D19F5312903->s0-GrpcLogAppender: Leader has not got in touch with Follower s1@group-1D19F5312903->s0(c0,m0,n122, attendVote=true, lastRpcSendTime=63, lastRpcResponseTime=364) yet, just keep nextIndex unchanged and retry.
2022-07-23 19:35:39,108 [grpc-default-executor-11] WARN  server.GrpcLogAppender (GrpcLogAppender.java:resetClient(115)) - s1@group-1D19F5312903->s0-GrpcLogAppender: Leader has not got in touch with Follower s1@group-1D19F5312903->s0(c0,m0,n122, attendVote=true, lastRpcSendTime=63, lastRpcResponseTime=364) yet, just keep nextIndex unchanged and retry.
2022-07-23 19:35:39,109 [grpc-default-executor-11] WARN  server.GrpcLogAppender (LogUtils.java:warn(122)) - s1@group-1D19F5312903->s0-AppendLogResponseHandler: Failed appendEntries: org.apache.ratis.thirdparty.io.grpc.StatusRuntimeException: UNAVAILABLE: io exception
2022-07-23 19:35:39,109 [grpc-default-executor-15] WARN  server.GrpcLogAppender (LogUtils.java:warn(122)) - s1@group-1D19F5312903->s0-AppendLogResponseHandler: Failed appendEntries: org.apache.ratis.thirdparty.io.grpc.StatusRuntimeException: UNAVAILABLE: io exception
2022-07-23 19:35:39,109 [grpc-default-executor-11] WARN  server.GrpcLogAppender (GrpcLogAppender.java:resetClient(115)) - s1@group-1D19F5312903->s0-GrpcLogAppender: Leader has not got in touch with Follower s1@group-1D19F5312903->s0(c0,m0,n122, attendVote=true, lastRpcSendTime=63, lastRpcResponseTime=365) yet, just keep nextIndex unchanged and retry.
2022-07-23 19:35:39,110 [grpc-default-executor-15] WARN  server.GrpcLogAppender (GrpcLogAppender.java:resetClient(115)) - s1@group-1D19F5312903->s0-GrpcLogAppender: Leader has not got in touch with Follower s1@group-1D19F5312903->s0(c0,m0,n122, attendVote=true, lastRpcSendTime=64, lastRpcResponseTime=365) yet, just keep nextIndex unchanged and retry.
2022-07-23 19:35:39,110 [grpc-default-executor-15] WARN  server.GrpcLogAppender (LogUtils.java:warn(122)) - s1@group-1D19F5312903->s0-AppendLogResponseHandler: Failed appendEntries: org.apache.ratis.thirdparty.io.grpc.StatusRuntimeException: UNAVAILABLE: io exception
2022-07-23 19:35:39,110 [grpc-default-executor-11] WARN  server.GrpcLogAppender (LogUtils.java:warn(122)) - s1@group-1D19F5312903->s0-AppendLogResponseHandler: Failed appendEntries: org.apache.ratis.thirdparty.io.grpc.StatusRuntimeException: UNAVAILABLE: io exception
2022-07-23 19:35:39,110 [grpc-default-executor-15] WARN  server.GrpcLogAppender (GrpcLogAppender.java:resetClient(115)) - s1@group-1D19F5312903->s0-GrpcLogAppender: Leader has not got in touch with Follower s1@group-1D19F5312903->s0(c0,m0,n122, attendVote=true, lastRpcSendTime=0, lastRpcResponseTime=366) yet, just keep nextIndex unchanged and retry.
2022-07-23 19:35:39,110 [grpc-default-executor-11] WARN  server.GrpcLogAppender (GrpcLogAppender.java:resetClient(115)) - s1@group-1D19F5312903->s0-GrpcLogAppender: Leader has not got in touch with Follower s1@group-1D19F5312903->s0(c0,m0,n122, attendVote=true, lastRpcSendTime=0, lastRpcResponseTime=366) yet, just keep nextIndex unchanged and retry.
2022-07-23 19:35:39,111 [grpc-default-executor-11] WARN  server.GrpcLogAppender (LogUtils.java:warn(122)) - s1@group-1D19F5312903->s0-AppendLogResponseHandler: Failed appendEntries: org.apache.ratis.thirdparty.io.grpc.StatusRuntimeException: UNAVAILABLE: io exception
2022-07-23 19:35:39,111 [grpc-default-executor-15] WARN  server.GrpcLogAppender (LogUtils.java:warn(122)) - s1@group-1D19F5312903->s0-AppendLogResponseHandler: Failed appendEntries: org.apache.ratis.thirdparty.io.grpc.StatusRuntimeException: UNAVAILABLE: io exception
2022-07-23 19:35:39,111 [grpc-default-executor-11] WARN  server.GrpcLogAppender (GrpcLogAppender.java:resetClient(115)) - s1@group-1D19F5312903->s0-GrpcLogAppender: Leader has not got in touch with Follower s1@group-1D19F5312903->s0(c0,m0,n123, attendVote=true, lastRpcSendTime=1, lastRpcResponseTime=367) yet, just keep nextIndex unchanged and retry.
2022-07-23 19:35:39,112 [grpc-default-executor-15] WARN  server.GrpcLogAppender (GrpcLogAppender.java:resetClient(115)) - s1@group-1D19F5312903->s0-GrpcLogAppender: Leader has not got in touch with Follower s1@group-1D19F5312903->s0(c0,m0,n123, attendVote=true, lastRpcSendTime=1, lastRpcResponseTime=367) yet, just keep nextIndex unchanged and retry.
2022-07-23 19:35:39,119 [Thread-9304] DEBUG server.RaftServer$Division (RaftServerImpl.java:logAppendEntries(1305)) - s2@group-1D19F5312903: succeeded to handle AppendEntries. Reply: s1<-s2#53:OK-t1,SUCCESS,nextIndex=36,followerCommit=7,matchIndex=35
2022-07-23 19:35:39,119 [s1@group-1D19F5312903-StateMachineUpdater] INFO  statemachine.SimpleStateMachine4Testing (SimpleStateMachine4Testing.java:put(204)) - s1: put 35, m30 -> (t:1, i:35), STATEMACHINELOGENTRY, 2783@client-62CCDED19661
2022-07-23 19:35:39,120 [s2-server-thread2] DEBUG server.RaftServer$Division (RaftServerImpl.java:logAppendEntries(1305)) - s2@group-1D19F5312903: receive appendEntries(s1, 1, (t:1, i:122), 35, true, commits:[s1:c35, s0:c0, s2:c7], cId:158, entries: (t:1, i:123), METADATAENTRY(c:35)
2022-07-23 19:35:39,120 [grpc-default-executor-15] WARN  server.GrpcLogAppender (LogUtils.java:warn(122)) - s1@group-1D19F5312903->s0-AppendLogResponseHandler: Failed appendEntries: org.apache.ratis.thirdparty.io.grpc.StatusRuntimeException: UNAVAILABLE: io exception
2022-07-23 19:35:39,120 [grpc-default-executor-11] WARN  server.GrpcLogAppender (LogUtils.java:warn(122)) - s1@group-1D19F5312903->s0-AppendLogResponseHandler: Failed appendEntries: org.apache.ratis.thirdparty.io.grpc.StatusRuntimeException: UNAVAILABLE: io exception
2022-07-23 19:35:39,120 [grpc-default-executor-15] WARN  server.GrpcLogAppender (GrpcLogAppender.java:resetClient(115)) - s1@group-1D19F5312903->s0-GrpcLogAppender: Leader has not got in touch with Follower s1@group-1D19F5312903->s0(c0,m0,n124, attendVote=true, lastRpcSendTime=10, lastRpcResponseTime=376) yet, just keep nextIndex unchanged and retry.
2022-07-23 19:35:39,121 [grpc-default-executor-11] WARN  server.GrpcLogAppender (GrpcLogAppender.java:resetClient(115)) - s1@group-1D19F5312903->s0-GrpcLogAppender: Leader has not got in touch with Follower s1@group-1D19F5312903->s0(c0,m0,n124, attendVote=true, lastRpcSendTime=10, lastRpcResponseTime=376) yet, just keep nextIndex unchanged and retry.
2022-07-23 19:35:39,123 [Thread-9305] DEBUG server.RaftServer$Division (RaftServerImpl.java:logAppendEntries(1305)) - s2@group-1D19F5312903: succeeded to handle AppendEntries. Reply: s1<-s2#54:OK-t1,SUCCESS,nextIndex=37,followerCommit=7,matchIndex=36
2022-07-23 19:35:39,124 [s1@group-1D19F5312903-StateMachineUpdater] INFO  statemachine.SimpleStateMachine4Testing (SimpleStateMachine4Testing.java:put(204)) - s1: put 36, m31 -> (t:1, i:36), STATEMACHINELOGENTRY, 2784@client-62CCDED19661
2022-07-23 19:35:39,124 [s2-server-thread2] DEBUG server.RaftServer$Division (RaftServerImpl.java:logAppendEntries(1305)) - s2@group-1D19F5312903: receive appendEntries(s1, 1, (t:1, i:123), 36, true, commits:[s1:c36, s0:c0, s2:c7], cId:159, entries: (t:1, i:124), METADATAENTRY(c:36)
2022-07-23 19:35:39,124 [Thread-9306] DEBUG server.RaftServer$Division (RaftServerImpl.java:logAppendEntries(1305)) - s2@group-1D19F5312903: succeeded to handle AppendEntries. Reply: s1<-s2#55:OK-t1,SUCCESS,nextIndex=38,followerCommit=7,matchIndex=37
2022-07-23 19:35:39,124 [grpc-default-executor-15] WARN  server.GrpcLogAppender (LogUtils.java:warn(122)) - s1@group-1D19F5312903->s0-AppendLogResponseHandler: Failed appendEntries: org.apache.ratis.thirdparty.io.grpc.StatusRuntimeException: UNAVAILABLE: io exception
2022-07-23 19:35:39,124 [grpc-default-executor-11] WARN  server.GrpcLogAppender (LogUtils.java:warn(122)) - s1@group-1D19F5312903->s0-AppendLogResponseHandler: Failed appendEntries: org.apache.ratis.thirdparty.io.grpc.StatusRuntimeException: UNAVAILABLE: io exception
2022-07-23 19:35:39,124 [grpc-default-executor-15] WARN  server.GrpcLogAppender (GrpcLogAppender.java:resetClient(115)) - s1@group-1D19F5312903->s0-GrpcLogAppender: Leader has not got in touch with Follower s1@group-1D19F5312903->s0(c0,m0,n125, attendVote=true, lastRpcSendTime=14, lastRpcResponseTime=380) yet, just keep nextIndex unchanged and retry.
2022-07-23 19:35:39,126 [grpc-default-executor-11] WARN  server.GrpcLogAppender (GrpcLogAppender.java:resetClient(115)) - s1@group-1D19F5312903->s0-GrpcLogAppender: Leader has not got in touch with Follower s1@group-1D19F5312903->s0(c0,m0,n125, attendVote=true, lastRpcSendTime=15, lastRpcResponseTime=381) yet, just keep nextIndex unchanged and retry.
2022-07-23 19:35:39,126 [s1@group-1D19F5312903-StateMachineUpdater] INFO  statemachine.SimpleStateMachine4Testing (SimpleStateMachine4Testing.java:put(204)) - s1: put 37, m32 -> (t:1, i:37), STATEMACHINELOGENTRY, 2785@client-62CCDED19661
2022-07-23 19:35:39,127 [s2@group-1D19F5312903-StateMachineUpdater] INFO  statemachine.SimpleStateMachine4Testing (SimpleStateMachine4Testing.java:put(204)) - s2: put 8, m7 -> (t:1, i:8), STATEMACHINELOGENTRY, 2760@client-62CCDED19661
2022-07-23 19:35:39,127 [s2@group-1D19F5312903-StateMachineUpdater] INFO  statemachine.SimpleStateMachine4Testing (SimpleStateMachine4Testing.java:put(204)) - s2: put 9, m8 -> (t:1, i:9), STATEMACHINELOGENTRY, 2761@client-62CCDED19661
2022-07-23 19:35:39,127 [Thread-9308] DEBUG server.RaftServer$Division (RaftServerImpl.java:logAppendEntries(1305)) - s2@group-1D19F5312903: succeeded to handle AppendEntries. Reply: s1<-s2#58:OK-t1,SUCCESS,nextIndex=40,followerCommit=9,matchIndex=39
2022-07-23 19:35:39,127 [Thread-9307] DEBUG server.RaftServer$Division (RaftServerImpl.java:logAppendEntries(1305)) - s2@group-1D19F5312903: succeeded to handle AppendEntries. Reply: s1<-s2#56:OK-t1,SUCCESS,nextIndex=39,followerCommit=9,matchIndex=38
2022-07-23 19:35:39,127 [Thread-9311] DEBUG server.RaftServer$Division (RaftServerImpl.java:logAppendEntries(1305)) - s2@group-1D19F5312903: succeeded to handle AppendEntries. Reply: s1<-s2#61:OK-t1,SUCCESS,nextIndex=43,followerCommit=9,matchIndex=42
2022-07-23 19:35:39,128 [Thread-9310] DEBUG server.RaftServer$Division (RaftServerImpl.java:logAppendEntries(1305)) - s2@group-1D19F5312903: succeeded to handle AppendEntries. Reply: s1<-s2#60:OK-t1,SUCCESS,nextIndex=42,followerCommit=9,matchIndex=41
2022-07-23 19:35:39,127 [Thread-9309] DEBUG server.RaftServer$Division (RaftServerImpl.java:logAppendEntries(1305)) - s2@group-1D19F5312903: succeeded to handle AppendEntries. Reply: s1<-s2#59:OK-t1,SUCCESS,nextIndex=41,followerCommit=9,matchIndex=40
2022-07-23 19:35:39,127 [grpc-default-executor-15] WARN  server.GrpcLogAppender (LogUtils.java:warn(122)) - s1@group-1D19F5312903->s0-AppendLogResponseHandler: Failed appendEntries: org.apache.ratis.thirdparty.io.grpc.StatusRuntimeException: UNAVAILABLE: io exception
2022-07-23 19:35:39,128 [grpc-default-executor-15] WARN  server.GrpcLogAppender (GrpcLogAppender.java:resetClient(115)) - s1@group-1D19F5312903->s0-GrpcLogAppender: Leader has not got in touch with Follower s1@group-1D19F5312903->s0(c0,m0,n126, attendVote=true, lastRpcSendTime=0, lastRpcResponseTime=384) yet, just keep nextIndex unchanged and retry.
2022-07-23 19:35:39,127 [grpc-default-executor-11] WARN  server.GrpcLogAppender (LogUtils.java:warn(122)) - s1@group-1D19F5312903->s0-AppendLogResponseHandler: Failed appendEntries: org.apache.ratis.thirdparty.io.grpc.StatusRuntimeException: UNAVAILABLE: io exception
2022-07-23 19:35:39,129 [Thread-9313] DEBUG server.RaftServer$Division (RaftServerImpl.java:logAppendEntries(1305)) - s2@group-1D19F5312903: succeeded to handle AppendEntries. Reply: s1<-s2#63:OK-t1,SUCCESS,nextIndex=45,followerCommit=9,matchIndex=44
2022-07-23 19:35:39,128 [s2-server-thread2] DEBUG server.RaftServer$Division (RaftServerImpl.java:logAppendEntries(1305)) - s2@group-1D19F5312903: receive appendEntries(s1, 1, (t:1, i:124), 37, true, commits:[s1:c37, s0:c0, s2:c7], cId:161, entries: (t:1, i:125), METADATAENTRY(c:37)
2022-07-23 19:35:39,128 [Thread-9312] DEBUG server.RaftServer$Division (RaftServerImpl.java:logAppendEntries(1305)) - s2@group-1D19F5312903: succeeded to handle AppendEntries. Reply: s1<-s2#62:OK-t1,SUCCESS,nextIndex=44,followerCommit=9,matchIndex=43
2022-07-23 19:35:39,130 [s2-server-thread2] DEBUG server.RaftServer$Division (RaftServerImpl.java:logAppendEntries(1305)) - s2@group-1D19F5312903: receive appendEntries(s1, 1, (t:1, i:125), 38, true, commits:[s1:c38, s0:c0, s2:c9], cId:163, entries: (t:1, i:126), METADATAENTRY(c:38)
2022-07-23 19:35:39,127 [s1@group-1D19F5312903-StateMachineUpdater] INFO  statemachine.SimpleStateMachine4Testing (SimpleStateMachine4Testing.java:put(204)) - s1: put 38, m33 -> (t:1, i:38), STATEMACHINELOGENTRY, 2786@client-62CCDED19661
2022-07-23 19:35:39,129 [grpc-default-executor-11] WARN  server.GrpcLogAppender (GrpcLogAppender.java:resetClient(115)) - s1@group-1D19F5312903->s0-GrpcLogAppender: Leader has not got in touch with Follower s1@group-1D19F5312903->s0(c0,m0,n126, attendVote=true, lastRpcSendTime=1, lastRpcResponseTime=384) yet, just keep nextIndex unchanged and retry.
2022-07-23 19:35:39,130 [grpc-default-executor-16] WARN  server.GrpcLogAppender (LogUtils.java:warn(122)) - s1@group-1D19F5312903->s0-AppendLogResponseHandler: Failed appendEntries: org.apache.ratis.thirdparty.io.grpc.StatusRuntimeException: UNAVAILABLE: io exception
2022-07-23 19:35:39,130 [grpc-default-executor-16] WARN  server.GrpcLogAppender (GrpcLogAppender.java:resetClient(115)) - s1@group-1D19F5312903->s0-GrpcLogAppender: Leader has not got in touch with Follower s1@group-1D19F5312903->s0(c0,m0,n129, attendVote=true, lastRpcSendTime=0, lastRpcResponseTime=386) yet, just keep nextIndex unchanged and retry.
2022-07-23 19:35:39,130 [grpc-default-executor-11] WARN  server.GrpcLogAppender (LogUtils.java:warn(122)) - s1@group-1D19F5312903->s0-AppendLogResponseHandler: Failed appendEntries: org.apache.ratis.thirdparty.io.grpc.StatusRuntimeException: UNAVAILABLE: io exception
2022-07-23 19:35:39,131 [grpc-default-executor-11] WARN  server.GrpcLogAppender (GrpcLogAppender.java:resetClient(115)) - s1@group-1D19F5312903->s0-GrpcLogAppender: Leader has not got in touch with Follower s1@group-1D19F5312903->s0(c0,m0,n129, attendVote=true, lastRpcSendTime=0, lastRpcResponseTime=386) yet, just keep nextIndex unchanged and retry.
2022-07-23 19:35:39,130 [s1@group-1D19F5312903-StateMachineUpdater] INFO  statemachine.SimpleStateMachine4Testing (SimpleStateMachine4Testing.java:put(204)) - s1: put 40, m34 -> (t:1, i:40), STATEMACHINELOGENTRY, 2787@client-62CCDED19661
2022-07-23 19:35:39,131 [s1@group-1D19F5312903-StateMachineUpdater] INFO  statemachine.SimpleStateMachine4Testing (SimpleStateMachine4Testing.java:put(204)) - s1: put 41, m35 -> (t:1, i:41), STATEMACHINELOGENTRY, 2788@client-62CCDED19661
2022-07-23 19:35:39,131 [grpc-default-executor-3] WARN  server.GrpcLogAppender (LogUtils.java:warn(122)) - s1@group-1D19F5312903->s0-AppendLogResponseHandler: Failed appendEntries: org.apache.ratis.thirdparty.io.grpc.StatusRuntimeException: UNAVAILABLE: io exception
2022-07-23 19:35:39,131 [grpc-default-executor-3] WARN  server.GrpcLogAppender (GrpcLogAppender.java:resetClient(115)) - s1@group-1D19F5312903->s0-GrpcLogAppender: Leader has not got in touch with Follower s1@group-1D19F5312903->s0(c0,m0,n130, attendVote=true, lastRpcSendTime=0, lastRpcResponseTime=387) yet, just keep nextIndex unchanged and retry.
2022-07-23 19:35:39,132 [s1@group-1D19F5312903-StateMachineUpdater] INFO  statemachine.SimpleStateMachine4Testing (SimpleStateMachine4Testing.java:put(204)) - s1: put 42, m36 -> (t:1, i:42), STATEMACHINELOGENTRY, 2789@client-62CCDED19661
2022-07-23 19:35:39,132 [grpc-default-executor-3] WARN  server.GrpcLogAppender (LogUtils.java:warn(122)) - s1@group-1D19F5312903->s0-AppendLogResponseHandler: Failed appendEntries: org.apache.ratis.thirdparty.io.grpc.StatusRuntimeException: UNAVAILABLE: io exception
2022-07-23 19:35:39,132 [grpc-default-executor-3] WARN  server.GrpcLogAppender (GrpcLogAppender.java:resetClient(115)) - s1@group-1D19F5312903->s0-GrpcLogAppender: Leader has not got in touch with Follower s1@group-1D19F5312903->s0(c0,m0,n130, attendVote=true, lastRpcSendTime=0, lastRpcResponseTime=387) yet, just keep nextIndex unchanged and retry.
2022-07-23 19:35:39,132 [s2-server-thread2] DEBUG server.RaftServer$Division (RaftServerImpl.java:logAppendEntries(1305)) - s2@group-1D19F5312903: receive appendEntries(s1, 1, (t:1, i:126), 40, true, commits:[s1:c40, s0:c0, s2:c9], cId:166, entries: (t:1, i:127), METADATAENTRY(c:40)
2022-07-23 19:35:39,132 [s2-server-thread2] DEBUG server.RaftServer$Division (RaftServerImpl.java:logAppendEntries(1305)) - s2@group-1D19F5312903: receive appendEntries(s1, 1, (t:1, i:127), 41, true, commits:[s1:c41, s0:c0, s2:c9], cId:168, entries: (t:1, i:128), METADATAENTRY(c:41)
2022-07-23 19:35:39,133 [s2-server-thread2] DEBUG server.RaftServer$Division (RaftServerImpl.java:logAppendEntries(1305)) - s2@group-1D19F5312903: receive appendEntries(s1, 1, (t:1, i:128), 42, true, commits:[s1:c42, s0:c0, s2:c9], cId:169, entries: (t:1, i:129), METADATAENTRY(c:42)
2022-07-23 19:35:39,133 [Thread-9314] DEBUG server.RaftServer$Division (RaftServerImpl.java:logAppendEntries(1305)) - s2@group-1D19F5312903: succeeded to handle AppendEntries. Reply: s1<-s2#64:OK-t1,SUCCESS,nextIndex=46,followerCommit=9,matchIndex=45
2022-07-23 19:35:39,133 [Thread-9315] DEBUG server.RaftServer$Division (RaftServerImpl.java:logAppendEntries(1305)) - s2@group-1D19F5312903: succeeded to handle AppendEntries. Reply: s1<-s2#65:OK-t1,SUCCESS,nextIndex=47,followerCommit=9,matchIndex=46
2022-07-23 19:35:39,133 [Thread-9316] DEBUG server.RaftServer$Division (RaftServerImpl.java:logAppendEntries(1305)) - s2@group-1D19F5312903: succeeded to handle AppendEntries. Reply: s1<-s2#66:OK-t1,SUCCESS,nextIndex=48,followerCommit=9,matchIndex=47
2022-07-23 19:35:39,133 [Thread-9317] DEBUG server.RaftServer$Division (RaftServerImpl.java:logAppendEntries(1305)) - s2@group-1D19F5312903: succeeded to handle AppendEntries. Reply: s1<-s2#67:OK-t1,SUCCESS,nextIndex=49,followerCommit=9,matchIndex=48
2022-07-23 19:35:39,133 [Thread-9318] DEBUG server.RaftServer$Division (RaftServerImpl.java:logAppendEntries(1305)) - s2@group-1D19F5312903: succeeded to handle AppendEntries. Reply: s1<-s2#68:OK-t1,SUCCESS,nextIndex=50,followerCommit=9,matchIndex=49
2022-07-23 19:35:39,133 [Thread-9319] DEBUG server.RaftServer$Division (RaftServerImpl.java:logAppendEntries(1305)) - s2@group-1D19F5312903: succeeded to handle AppendEntries. Reply: s1<-s2#69:OK-t1,SUCCESS,nextIndex=51,followerCommit=9,matchIndex=50
2022-07-23 19:35:39,134 [Thread-9320] DEBUG server.RaftServer$Division (RaftServerImpl.java:logAppendEntries(1305)) - s2@group-1D19F5312903: succeeded to handle AppendEntries. Reply: s1<-s2#70:OK-t1,SUCCESS,nextIndex=52,followerCommit=9,matchIndex=51
2022-07-23 19:35:39,134 [Thread-9321] DEBUG server.RaftServer$Division (RaftServerImpl.java:logAppendEntries(1305)) - s2@group-1D19F5312903: succeeded to handle AppendEntries. Reply: s1<-s2#71:OK-t1,SUCCESS,nextIndex=53,followerCommit=9,matchIndex=52
2022-07-23 19:35:39,134 [Thread-9322] DEBUG server.RaftServer$Division (RaftServerImpl.java:logAppendEntries(1305)) - s2@group-1D19F5312903: succeeded to handle AppendEntries. Reply: s1<-s2#72:OK-t1,SUCCESS,nextIndex=54,followerCommit=9,matchIndex=53
2022-07-23 19:35:39,134 [Thread-9323] DEBUG server.RaftServer$Division (RaftServerImpl.java:logAppendEntries(1305)) - s2@group-1D19F5312903: succeeded to handle AppendEntries. Reply: s1<-s2#73:OK-t1,SUCCESS,nextIndex=55,followerCommit=9,matchIndex=54
2022-07-23 19:35:39,134 [Thread-9324] DEBUG server.RaftServer$Division (RaftServerImpl.java:logAppendEntries(1305)) - s2@group-1D19F5312903: succeeded to handle AppendEntries. Reply: s1<-s2#74:OK-t1,SUCCESS,nextIndex=56,followerCommit=9,matchIndex=55
2022-07-23 19:35:39,134 [Thread-9325] DEBUG server.RaftServer$Division (RaftServerImpl.java:logAppendEntries(1305)) - s2@group-1D19F5312903: succeeded to handle AppendEntries. Reply: s1<-s2#75:OK-t1,SUCCESS,nextIndex=57,followerCommit=9,matchIndex=56
2022-07-23 19:35:39,134 [Thread-9326] DEBUG server.RaftServer$Division (RaftServerImpl.java:logAppendEntries(1305)) - s2@group-1D19F5312903: succeeded to handle AppendEntries. Reply: s1<-s2#76:OK-t1,SUCCESS,nextIndex=58,followerCommit=9,matchIndex=57
2022-07-23 19:35:39,134 [Thread-9327] DEBUG server.RaftServer$Division (RaftServerImpl.java:logAppendEntries(1305)) - s2@group-1D19F5312903: succeeded to handle AppendEntries. Reply: s1<-s2#77:OK-t1,SUCCESS,nextIndex=59,followerCommit=9,matchIndex=58
2022-07-23 19:35:39,134 [Thread-9328] DEBUG server.RaftServer$Division (RaftServerImpl.java:logAppendEntries(1305)) - s2@group-1D19F5312903: succeeded to handle AppendEntries. Reply: s1<-s2#78:OK-t1,SUCCESS,nextIndex=60,followerCommit=9,matchIndex=59
2022-07-23 19:35:39,135 [Thread-9329] DEBUG server.RaftServer$Division (RaftServerImpl.java:logAppendEntries(1305)) - s2@group-1D19F5312903: succeeded to handle AppendEntries. Reply: s1<-s2#79:OK-t1,SUCCESS,nextIndex=61,followerCommit=9,matchIndex=60
2022-07-23 19:35:39,135 [Thread-9330] DEBUG server.RaftServer$Division (RaftServerImpl.java:logAppendEntries(1305)) - s2@group-1D19F5312903: succeeded to handle AppendEntries. Reply: s1<-s2#80:OK-t1,SUCCESS,nextIndex=62,followerCommit=9,matchIndex=61
2022-07-23 19:35:39,135 [s1@group-1D19F5312903-StateMachineUpdater] INFO  statemachine.SimpleStateMachine4Testing (SimpleStateMachine4Testing.java:put(204)) - s1: put 43, m37 -> (t:1, i:43), STATEMACHINELOGENTRY, 2790@client-62CCDED19661
2022-07-23 19:35:39,135 [s2-server-thread2] DEBUG server.RaftServer$Division (RaftServerImpl.java:logAppendEntries(1305)) - s2@group-1D19F5312903: receive appendEntries(s1, 1, (t:1, i:129), 43, true, commits:[s1:c43, s0:c0, s2:c9], cId:170, entries: (t:1, i:130), METADATAENTRY(c:43)
2022-07-23 19:35:39,136 [grpc-default-executor-3] WARN  server.GrpcLogAppender (LogUtils.java:warn(122)) - s1@group-1D19F5312903->s0-AppendLogResponseHandler: Failed appendEntries: org.apache.ratis.thirdparty.io.grpc.StatusRuntimeException: UNAVAILABLE: io exception
2022-07-23 19:35:39,136 [grpc-default-executor-3] WARN  server.GrpcLogAppender (GrpcLogAppender.java:resetClient(115)) - s1@group-1D19F5312903->s0-GrpcLogAppender: Leader has not got in touch with Follower s1@group-1D19F5312903->s0(c0,m0,n131, attendVote=true, lastRpcSendTime=0, lastRpcResponseTime=392) yet, just keep nextIndex unchanged and retry.
2022-07-23 19:35:39,136 [grpc-default-executor-15] WARN  server.GrpcLogAppender (LogUtils.java:warn(122)) - s1@group-1D19F5312903->s0-AppendLogResponseHandler: Failed appendEntries: org.apache.ratis.thirdparty.io.grpc.StatusRuntimeException: UNAVAILABLE: io exception
2022-07-23 19:35:39,136 [grpc-default-executor-15] WARN  server.GrpcLogAppender (GrpcLogAppender.java:resetClient(115)) - s1@group-1D19F5312903->s0-GrpcLogAppender: Leader has not got in touch with Follower s1@group-1D19F5312903->s0(c0,m0,n131, attendVote=true, lastRpcSendTime=0, lastRpcResponseTime=392) yet, just keep nextIndex unchanged and retry.
2022-07-23 19:35:39,137 [grpc-default-executor-11] WARN  server.GrpcLogAppender (LogUtils.java:warn(122)) - s1@group-1D19F5312903->s0-AppendLogResponseHandler: Failed appendEntries: org.apache.ratis.thirdparty.io.grpc.StatusRuntimeException: UNAVAILABLE: io exception
2022-07-23 19:35:39,137 [grpc-default-executor-11] WARN  server.GrpcLogAppender (GrpcLogAppender.java:resetClient(115)) - s1@group-1D19F5312903->s0-GrpcLogAppender: Leader has not got in touch with Follower s1@group-1D19F5312903->s0(c0,m0,n132, attendVote=true, lastRpcSendTime=0, lastRpcResponseTime=393) yet, just keep nextIndex unchanged and retry.
2022-07-23 19:35:39,138 [s1@group-1D19F5312903-StateMachineUpdater] INFO  statemachine.SimpleStateMachine4Testing (SimpleStateMachine4Testing.java:put(204)) - s1: put 44, m38 -> (t:1, i:44), STATEMACHINELOGENTRY, 2791@client-62CCDED19661
2022-07-23 19:35:39,138 [grpc-default-executor-3] WARN  server.GrpcLogAppender (LogUtils.java:warn(122)) - s1@group-1D19F5312903->s0-AppendLogResponseHandler: Failed appendEntries: org.apache.ratis.thirdparty.io.grpc.StatusRuntimeException: UNAVAILABLE: io exception
2022-07-23 19:35:39,138 [grpc-default-executor-3] WARN  server.GrpcLogAppender (GrpcLogAppender.java:resetClient(115)) - s1@group-1D19F5312903->s0-GrpcLogAppender: Leader has not got in touch with Follower s1@group-1D19F5312903->s0(c0,m0,n132, attendVote=true, lastRpcSendTime=1, lastRpcResponseTime=394) yet, just keep nextIndex unchanged and retry.
2022-07-23 19:35:39,138 [Thread-9331] DEBUG server.RaftServer$Division (RaftServerImpl.java:logAppendEntries(1305)) - s2@group-1D19F5312903: succeeded to handle AppendEntries. Reply: s1<-s2#81:OK-t1,SUCCESS,nextIndex=63,followerCommit=9,matchIndex=62
2022-07-23 19:35:39,138 [s1@group-1D19F5312903-StateMachineUpdater] INFO  statemachine.SimpleStateMachine4Testing (SimpleStateMachine4Testing.java:put(204)) - s1: put 45, m39 -> (t:1, i:45), STATEMACHINELOGENTRY, 2792@client-62CCDED19661
2022-07-23 19:35:39,138 [Thread-9332] DEBUG server.RaftServer$Division (RaftServerImpl.java:logAppendEntries(1305)) - s2@group-1D19F5312903: succeeded to handle AppendEntries. Reply: s1<-s2#82:OK-t1,SUCCESS,nextIndex=64,followerCommit=9,matchIndex=63
2022-07-23 19:35:39,140 [s1@group-1D19F5312903-StateMachineUpdater] INFO  statemachine.SimpleStateMachine4Testing (SimpleStateMachine4Testing.java:put(204)) - s1: put 46, m40 -> (t:1, i:46), STATEMACHINELOGENTRY, 2793@client-62CCDED19661
2022-07-23 19:35:39,140 [s1@group-1D19F5312903-StateMachineUpdater] INFO  statemachine.SimpleStateMachine4Testing (SimpleStateMachine4Testing.java:put(204)) - s1: put 47, m41 -> (t:1, i:47), STATEMACHINELOGENTRY, 2794@client-62CCDED19661
2022-07-23 19:35:39,139 [s2-server-thread2] DEBUG server.RaftServer$Division (RaftServerImpl.java:logAppendEntries(1305)) - s2@group-1D19F5312903: receive appendEntries(s1, 1, (t:1, i:130), 44, true, commits:[s1:c44, s0:c0, s2:c9], cId:172, entries: (t:1, i:131), METADATAENTRY(c:44)
2022-07-23 19:35:39,139 [grpc-default-executor-15] WARN  server.GrpcLogAppender (LogUtils.java:warn(122)) - s1@group-1D19F5312903->s0-AppendLogResponseHandler: Failed appendEntries: org.apache.ratis.thirdparty.io.grpc.StatusRuntimeException: UNAVAILABLE: io exception
2022-07-23 19:35:39,140 [Thread-9333] DEBUG server.RaftServer$Division (RaftServerImpl.java:logAppendEntries(1305)) - s2@group-1D19F5312903: succeeded to handle AppendEntries. Reply: s1<-s2#83:OK-t1,SUCCESS,nextIndex=65,followerCommit=9,matchIndex=64
2022-07-23 19:35:39,140 [grpc-default-executor-15] WARN  server.GrpcLogAppender (GrpcLogAppender.java:resetClient(115)) - s1@group-1D19F5312903->s0-GrpcLogAppender: Leader has not got in touch with Follower s1@group-1D19F5312903->s0(c0,m0,n133, attendVote=true, lastRpcSendTime=0, lastRpcResponseTime=396) yet, just keep nextIndex unchanged and retry.
2022-07-23 19:35:39,139 [grpc-default-executor-16] WARN  server.GrpcLogAppender (LogUtils.java:warn(122)) - s1@group-1D19F5312903->s0-AppendLogResponseHandler: Failed appendEntries: org.apache.ratis.thirdparty.io.grpc.StatusRuntimeException: UNAVAILABLE: io exception
2022-07-23 19:35:39,140 [grpc-default-executor-16] WARN  server.GrpcLogAppender (GrpcLogAppender.java:resetClient(115)) - s1@group-1D19F5312903->s0-GrpcLogAppender: Leader has not got in touch with Follower s1@group-1D19F5312903->s0(c0,m0,n133, attendVote=true, lastRpcSendTime=0, lastRpcResponseTime=396) yet, just keep nextIndex unchanged and retry.
2022-07-23 19:35:39,140 [s1@group-1D19F5312903-StateMachineUpdater] INFO  statemachine.SimpleStateMachine4Testing (SimpleStateMachine4Testing.java:put(204)) - s1: put 48, m42 -> (t:1, i:48), STATEMACHINELOGENTRY, 2795@client-62CCDED19661
2022-07-23 19:35:39,141 [Thread-9334] DEBUG server.RaftServer$Division (RaftServerImpl.java:logAppendEntries(1305)) - s2@group-1D19F5312903: succeeded to handle AppendEntries. Reply: s1<-s2#84:OK-t1,SUCCESS,nextIndex=66,followerCommit=9,matchIndex=65
2022-07-23 19:35:39,141 [Thread-9335] DEBUG server.RaftServer$Division (RaftServerImpl.java:logAppendEntries(1305)) - s2@group-1D19F5312903: succeeded to handle AppendEntries. Reply: s1<-s2#85:OK-t1,SUCCESS,nextIndex=67,followerCommit=9,matchIndex=66
2022-07-23 19:35:39,141 [Thread-9336] DEBUG server.RaftServer$Division (RaftServerImpl.java:logAppendEntries(1305)) - s2@group-1D19F5312903: succeeded to handle AppendEntries. Reply: s1<-s2#86:OK-t1,SUCCESS,nextIndex=68,followerCommit=9,matchIndex=67
2022-07-23 19:35:39,141 [Thread-9337] DEBUG server.RaftServer$Division (RaftServerImpl.java:logAppendEntries(1305)) - s2@group-1D19F5312903: succeeded to handle AppendEntries. Reply: s1<-s2#87:OK-t1,SUCCESS,nextIndex=69,followerCommit=9,matchIndex=68
2022-07-23 19:35:39,141 [s2-server-thread2] DEBUG server.RaftServer$Division (RaftServerImpl.java:logAppendEntries(1305)) - s2@group-1D19F5312903: receive appendEntries(s1, 1, (t:1, i:131), 45, true, commits:[s1:c45, s0:c0, s2:c9], cId:174, entries: (t:1, i:132), METADATAENTRY(c:45)
2022-07-23 19:35:39,141 [grpc-default-executor-16] WARN  server.GrpcLogAppender (LogUtils.java:warn(122)) - s1@group-1D19F5312903->s0-AppendLogResponseHandler: Failed appendEntries: org.apache.ratis.thirdparty.io.grpc.StatusRuntimeException: UNAVAILABLE: io exception
2022-07-23 19:35:39,142 [grpc-default-executor-16] WARN  server.GrpcLogAppender (GrpcLogAppender.java:resetClient(115)) - s1@group-1D19F5312903->s0-GrpcLogAppender: Leader has not got in touch with Follower s1@group-1D19F5312903->s0(c0,m0,n137, attendVote=true, lastRpcSendTime=0, lastRpcResponseTime=397) yet, just keep nextIndex unchanged and retry.
2022-07-23 19:35:39,142 [grpc-default-executor-15] WARN  server.GrpcLogAppender (LogUtils.java:warn(122)) - s1@group-1D19F5312903->s0-AppendLogResponseHandler: Failed appendEntries: org.apache.ratis.thirdparty.io.grpc.StatusRuntimeException: UNAVAILABLE: io exception
2022-07-23 19:35:39,142 [grpc-default-executor-15] WARN  server.GrpcLogAppender (GrpcLogAppender.java:resetClient(115)) - s1@group-1D19F5312903->s0-GrpcLogAppender: Leader has not got in touch with Follower s1@group-1D19F5312903->s0(c0,m0,n137, attendVote=true, lastRpcSendTime=0, lastRpcResponseTime=398) yet, just keep nextIndex unchanged and retry.
2022-07-23 19:35:39,143 [s2-server-thread2] DEBUG server.RaftServer$Division (RaftServerImpl.java:logAppendEntries(1305)) - s2@group-1D19F5312903: receive appendEntries(s1, 1, (t:1, i:132), 46, true, commits:[s1:c46, s0:c0, s2:c9], cId:175, entries: (t:1, i:133), METADATAENTRY(c:46)
2022-07-23 19:35:39,143 [s1@group-1D19F5312903-StateMachineUpdater] INFO  statemachine.SimpleStateMachine4Testing (SimpleStateMachine4Testing.java:put(204)) - s1: put 49, m43 -> (t:1, i:49), STATEMACHINELOGENTRY, 2796@client-62CCDED19661
2022-07-23 19:35:39,143 [s1@group-1D19F5312903-StateMachineUpdater] INFO  statemachine.SimpleStateMachine4Testing (SimpleStateMachine4Testing.java:put(204)) - s1: put 50, m44 -> (t:1, i:50), STATEMACHINELOGENTRY, 2797@client-62CCDED19661
2022-07-23 19:35:39,143 [grpc-default-executor-16] WARN  server.GrpcLogAppender (LogUtils.java:warn(122)) - s1@group-1D19F5312903->s0-AppendLogResponseHandler: Failed appendEntries: org.apache.ratis.thirdparty.io.grpc.StatusRuntimeException: UNAVAILABLE: io exception
2022-07-23 19:35:39,143 [grpc-default-executor-16] WARN  server.GrpcLogAppender (GrpcLogAppender.java:resetClient(115)) - s1@group-1D19F5312903->s0-GrpcLogAppender: Leader has not got in touch with Follower s1@group-1D19F5312903->s0(c0,m0,n138, attendVote=true, lastRpcSendTime=0, lastRpcResponseTime=399) yet, just keep nextIndex unchanged and retry.
2022-07-23 19:35:39,143 [grpc-default-executor-3] WARN  server.GrpcLogAppender (LogUtils.java:warn(122)) - s1@group-1D19F5312903->s0-AppendLogResponseHandler: Failed appendEntries: org.apache.ratis.thirdparty.io.grpc.StatusRuntimeException: UNAVAILABLE: io exception
2022-07-23 19:35:39,143 [grpc-default-executor-3] WARN  server.GrpcLogAppender (GrpcLogAppender.java:resetClient(115)) - s1@group-1D19F5312903->s0-GrpcLogAppender: Leader has not got in touch with Follower s1@group-1D19F5312903->s0(c0,m0,n138, attendVote=true, lastRpcSendTime=0, lastRpcResponseTime=399) yet, just keep nextIndex unchanged and retry.
2022-07-23 19:35:39,144 [Thread-9338] DEBUG server.RaftServer$Division (RaftServerImpl.java:logAppendEntries(1305)) - s2@group-1D19F5312903: succeeded to handle AppendEntries. Reply: s1<-s2#88:OK-t1,SUCCESS,nextIndex=70,followerCommit=9,matchIndex=69
2022-07-23 19:35:39,146 [s2-server-thread2] DEBUG server.RaftServer$Division (RaftServerImpl.java:logAppendEntries(1305)) - s2@group-1D19F5312903: receive appendEntries(s1, 1, (t:1, i:133), 47, true, commits:[s1:c47, s0:c0, s2:c9], cId:176, entries: (t:1, i:134), METADATAENTRY(c:47)
2022-07-23 19:35:39,146 [s2-server-thread2] DEBUG server.RaftServer$Division (RaftServerImpl.java:logAppendEntries(1305)) - s2@group-1D19F5312903: receive appendEntries(s1, 1, (t:1, i:134), 48, true, commits:[s1:c48, s0:c0, s2:c9], cId:177, entries: (t:1, i:135), METADATAENTRY(c:48)
2022-07-23 19:35:39,146 [s2-server-thread2] DEBUG server.RaftServer$Division (RaftServerImpl.java:logAppendEntries(1305)) - s2@group-1D19F5312903: receive appendEntries(s1, 1, (t:1, i:135), 49, true, commits:[s1:c49, s0:c0, s2:c9], cId:178, entries: (t:1, i:136), METADATAENTRY(c:49)
2022-07-23 19:35:39,146 [s2-server-thread2] DEBUG server.RaftServer$Division (RaftServerImpl.java:logAppendEntries(1305)) - s2@group-1D19F5312903: receive appendEntries(s1, 1, (t:1, i:136), 50, true, commits:[s1:c50, s0:c0, s2:c9], cId:179, entries: (t:1, i:137), METADATAENTRY(c:50)
2022-07-23 19:35:39,147 [s1@group-1D19F5312903-StateMachineUpdater] INFO  statemachine.SimpleStateMachine4Testing (SimpleStateMachine4Testing.java:put(204)) - s1: put 51, m45 -> (t:1, i:51), STATEMACHINELOGENTRY, 2798@client-62CCDED19661
2022-07-23 19:35:39,147 [grpc-default-executor-15] WARN  server.GrpcLogAppender (LogUtils.java:warn(122)) - s1@group-1D19F5312903->s0-AppendLogResponseHandler: Failed appendEntries: org.apache.ratis.thirdparty.io.grpc.StatusRuntimeException: UNAVAILABLE: io exception
2022-07-23 19:35:39,147 [grpc-default-executor-15] WARN  server.GrpcLogAppender (GrpcLogAppender.java:resetClient(115)) - s1@group-1D19F5312903->s0-GrpcLogAppender: Leader has not got in touch with Follower s1@group-1D19F5312903->s0(c0,m0,n139, attendVote=true, lastRpcSendTime=0, lastRpcResponseTime=403) yet, just keep nextIndex unchanged and retry.
2022-07-23 19:35:39,147 [grpc-default-executor-3] WARN  server.GrpcLogAppender (LogUtils.java:warn(122)) - s1@group-1D19F5312903->s0-AppendLogResponseHandler: Failed appendEntries: org.apache.ratis.thirdparty.io.grpc.StatusRuntimeException: UNAVAILABLE: io exception
2022-07-23 19:35:39,147 [grpc-default-executor-3] WARN  server.GrpcLogAppender (GrpcLogAppender.java:resetClient(115)) - s1@group-1D19F5312903->s0-GrpcLogAppender: Leader has not got in touch with Follower s1@group-1D19F5312903->s0(c0,m0,n139, attendVote=true, lastRpcSendTime=0, lastRpcResponseTime=403) yet, just keep nextIndex unchanged and retry.
2022-07-23 19:35:39,148 [s2-server-thread2] DEBUG server.RaftServer$Division (RaftServerImpl.java:logAppendEntries(1305)) - s2@group-1D19F5312903: receive appendEntries(s1, 1, (t:1, i:137), 51, true, commits:[s1:c51, s0:c0, s2:c9], cId:180, entries: (t:1, i:138), METADATAENTRY(c:51)
2022-07-23 19:35:39,148 [s1@group-1D19F5312903-StateMachineUpdater] INFO  statemachine.SimpleStateMachine4Testing (SimpleStateMachine4Testing.java:put(204)) - s1: put 52, m46 -> (t:1, i:52), STATEMACHINELOGENTRY, 2799@client-62CCDED19661
2022-07-23 19:35:39,149 [grpc-default-executor-15] WARN  server.GrpcLogAppender (LogUtils.java:warn(122)) - s1@group-1D19F5312903->s0-AppendLogResponseHandler: Failed appendEntries: org.apache.ratis.thirdparty.io.grpc.StatusRuntimeException: UNAVAILABLE: io exception
2022-07-23 19:35:39,149 [grpc-default-executor-15] WARN  server.GrpcLogAppender (GrpcLogAppender.java:resetClient(115)) - s1@group-1D19F5312903->s0-GrpcLogAppender: Leader has not got in touch with Follower s1@group-1D19F5312903->s0(c0,m0,n140, attendVote=true, lastRpcSendTime=0, lastRpcResponseTime=404) yet, just keep nextIndex unchanged and retry.
2022-07-23 19:35:39,149 [grpc-default-executor-3] WARN  server.GrpcLogAppender (LogUtils.java:warn(122)) - s1@group-1D19F5312903->s0-AppendLogResponseHandler: Failed appendEntries: org.apache.ratis.thirdparty.io.grpc.StatusRuntimeException: UNAVAILABLE: io exception
2022-07-23 19:35:39,149 [grpc-default-executor-3] WARN  server.GrpcLogAppender (GrpcLogAppender.java:resetClient(115)) - s1@group-1D19F5312903->s0-GrpcLogAppender: Leader has not got in touch with Follower s1@group-1D19F5312903->s0(c0,m0,n140, attendVote=true, lastRpcSendTime=0, lastRpcResponseTime=405) yet, just keep nextIndex unchanged and retry.
2022-07-23 19:35:39,149 [s2-server-thread2] DEBUG server.RaftServer$Division (RaftServerImpl.java:logAppendEntries(1305)) - s2@group-1D19F5312903: receive appendEntries(s1, 1, (t:1, i:138), 52, true, commits:[s1:c52, s0:c0, s2:c9], cId:182, entries: (t:1, i:139), METADATAENTRY(c:52)
2022-07-23 19:35:39,150 [s1@group-1D19F5312903-StateMachineUpdater] INFO  statemachine.SimpleStateMachine4Testing (SimpleStateMachine4Testing.java:put(204)) - s1: put 53, m47 -> (t:1, i:53), STATEMACHINELOGENTRY, 2800@client-62CCDED19661
2022-07-23 19:35:39,150 [grpc-default-executor-15] WARN  server.GrpcLogAppender (LogUtils.java:warn(122)) - s1@group-1D19F5312903->s0-AppendLogResponseHandler: Failed appendEntries: org.apache.ratis.thirdparty.io.grpc.StatusRuntimeException: UNAVAILABLE: io exception
2022-07-23 19:35:39,150 [grpc-default-executor-15] WARN  server.GrpcLogAppender (GrpcLogAppender.java:resetClient(115)) - s1@group-1D19F5312903->s0-GrpcLogAppender: Leader has not got in touch with Follower s1@group-1D19F5312903->s0(c0,m0,n141, attendVote=true, lastRpcSendTime=0, lastRpcResponseTime=406) yet, just keep nextIndex unchanged and retry.
2022-07-23 19:35:39,150 [grpc-default-executor-3] WARN  server.GrpcLogAppender (LogUtils.java:warn(122)) - s1@group-1D19F5312903->s0-AppendLogResponseHandler: Failed appendEntries: org.apache.ratis.thirdparty.io.grpc.StatusRuntimeException: UNAVAILABLE: io exception
2022-07-23 19:35:39,150 [grpc-default-executor-3] WARN  server.GrpcLogAppender (GrpcLogAppender.java:resetClient(115)) - s1@group-1D19F5312903->s0-GrpcLogAppender: Leader has not got in touch with Follower s1@group-1D19F5312903->s0(c0,m0,n141, attendVote=true, lastRpcSendTime=0, lastRpcResponseTime=406) yet, just keep nextIndex unchanged and retry.
2022-07-23 19:35:39,151 [s2-server-thread2] DEBUG server.RaftServer$Division (RaftServerImpl.java:logAppendEntries(1305)) - s2@group-1D19F5312903: receive appendEntries(s1, 1, (t:1, i:139), 53, true, commits:[s1:c53, s0:c0, s2:c9], cId:184, entries: (t:1, i:140), METADATAENTRY(c:53)
2022-07-23 19:35:39,151 [s1@group-1D19F5312903-StateMachineUpdater] INFO  statemachine.SimpleStateMachine4Testing (SimpleStateMachine4Testing.java:put(204)) - s1: put 54, m48 -> (t:1, i:54), STATEMACHINELOGENTRY, 2801@client-62CCDED19661
2022-07-23 19:35:39,151 [grpc-default-executor-15] WARN  server.GrpcLogAppender (LogUtils.java:warn(122)) - s1@group-1D19F5312903->s0-AppendLogResponseHandler: Failed appendEntries: org.apache.ratis.thirdparty.io.grpc.StatusRuntimeException: UNAVAILABLE: io exception
2022-07-23 19:35:39,151 [grpc-default-executor-15] WARN  server.GrpcLogAppender (GrpcLogAppender.java:resetClient(115)) - s1@group-1D19F5312903->s0-GrpcLogAppender: Leader has not got in touch with Follower s1@group-1D19F5312903->s0(c0,m0,n142, attendVote=true, lastRpcSendTime=0, lastRpcResponseTime=407) yet, just keep nextIndex unchanged and retry.
2022-07-23 19:35:39,152 [grpc-default-executor-3] WARN  server.GrpcLogAppender (LogUtils.java:warn(122)) - s1@group-1D19F5312903->s0-AppendLogResponseHandler: Failed appendEntries: org.apache.ratis.thirdparty.io.grpc.StatusRuntimeException: UNAVAILABLE: io exception
2022-07-23 19:35:39,152 [grpc-default-executor-3] WARN  server.GrpcLogAppender (GrpcLogAppender.java:resetClient(115)) - s1@group-1D19F5312903->s0-GrpcLogAppender: Leader has not got in touch with Follower s1@group-1D19F5312903->s0(c0,m0,n142, attendVote=true, lastRpcSendTime=0, lastRpcResponseTime=407) yet, just keep nextIndex unchanged and retry.
2022-07-23 19:35:39,152 [Thread-9339] DEBUG server.RaftServer$Division (RaftServerImpl.java:logAppendEntries(1305)) - s2@group-1D19F5312903: succeeded to handle AppendEntries. Reply: s1<-s2#89:OK-t1,SUCCESS,nextIndex=71,followerCommit=9,matchIndex=70
2022-07-23 19:35:39,152 [Thread-9340] DEBUG server.RaftServer$Division (RaftServerImpl.java:logAppendEntries(1305)) - s2@group-1D19F5312903: succeeded to handle AppendEntries. Reply: s1<-s2#90:OK-t1,SUCCESS,nextIndex=72,followerCommit=9,matchIndex=71
2022-07-23 19:35:39,152 [s2-server-thread2] DEBUG server.RaftServer$Division (RaftServerImpl.java:logAppendEntries(1305)) - s2@group-1D19F5312903: receive appendEntries(s1, 1, (t:1, i:140), 54, true, commits:[s1:c54, s0:c0, s2:c9], cId:186, entries: (t:1, i:141), METADATAENTRY(c:54)
2022-07-23 19:35:39,153 [s1@group-1D19F5312903-StateMachineUpdater] INFO  statemachine.SimpleStateMachine4Testing (SimpleStateMachine4Testing.java:put(204)) - s1: put 55, m49 -> (t:1, i:55), STATEMACHINELOGENTRY, 2802@client-62CCDED19661
2022-07-23 19:35:39,153 [grpc-default-executor-15] WARN  server.GrpcLogAppender (LogUtils.java:warn(122)) - s1@group-1D19F5312903->s0-AppendLogResponseHandler: Failed appendEntries: org.apache.ratis.thirdparty.io.grpc.StatusRuntimeException: UNAVAILABLE: io exception
2022-07-23 19:35:39,153 [grpc-default-executor-15] WARN  server.GrpcLogAppender (GrpcLogAppender.java:resetClient(115)) - s1@group-1D19F5312903->s0-GrpcLogAppender: Leader has not got in touch with Follower s1@group-1D19F5312903->s0(c0,m0,n143, attendVote=true, lastRpcSendTime=0, lastRpcResponseTime=408) yet, just keep nextIndex unchanged and retry.
2022-07-23 19:35:39,153 [grpc-default-executor-3] WARN  server.GrpcLogAppender (LogUtils.java:warn(122)) - s1@group-1D19F5312903->s0-AppendLogResponseHandler: Failed appendEntries: org.apache.ratis.thirdparty.io.grpc.StatusRuntimeException: UNAVAILABLE: io exception
2022-07-23 19:35:39,153 [grpc-default-executor-3] WARN  server.GrpcLogAppender (GrpcLogAppender.java:resetClient(115)) - s1@group-1D19F5312903->s0-GrpcLogAppender: Leader has not got in touch with Follower s1@group-1D19F5312903->s0(c0,m0,n143, attendVote=true, lastRpcSendTime=0, lastRpcResponseTime=409) yet, just keep nextIndex unchanged and retry.
2022-07-23 19:35:39,153 [s2-server-thread2] DEBUG server.RaftServer$Division (RaftServerImpl.java:logAppendEntries(1305)) - s2@group-1D19F5312903: receive appendEntries(s1, 1, (t:1, i:141), 55, true, commits:[s1:c55, s0:c0, s2:c9], cId:188, entries: (t:1, i:142), METADATAENTRY(c:55)
2022-07-23 19:35:39,154 [s1@group-1D19F5312903-StateMachineUpdater] INFO  statemachine.SimpleStateMachine4Testing (SimpleStateMachine4Testing.java:put(204)) - s1: put 56, m50 -> (t:1, i:56), STATEMACHINELOGENTRY, 2803@client-62CCDED19661
2022-07-23 19:35:39,154 [grpc-default-executor-3] WARN  server.GrpcLogAppender (LogUtils.java:warn(122)) - s1@group-1D19F5312903->s0-AppendLogResponseHandler: Failed appendEntries: org.apache.ratis.thirdparty.io.grpc.StatusRuntimeException: UNAVAILABLE: io exception
2022-07-23 19:35:39,154 [grpc-default-executor-3] WARN  server.GrpcLogAppender (GrpcLogAppender.java:resetClient(115)) - s1@group-1D19F5312903->s0-GrpcLogAppender: Leader has not got in touch with Follower s1@group-1D19F5312903->s0(c0,m0,n144, attendVote=true, lastRpcSendTime=0, lastRpcResponseTime=410) yet, just keep nextIndex unchanged and retry.
2022-07-23 19:35:39,154 [grpc-default-executor-15] WARN  server.GrpcLogAppender (LogUtils.java:warn(122)) - s1@group-1D19F5312903->s0-AppendLogResponseHandler: Failed appendEntries: org.apache.ratis.thirdparty.io.grpc.StatusRuntimeException: UNAVAILABLE: io exception
2022-07-23 19:35:39,154 [grpc-default-executor-15] WARN  server.GrpcLogAppender (GrpcLogAppender.java:resetClient(115)) - s1@group-1D19F5312903->s0-GrpcLogAppender: Leader has not got in touch with Follower s1@group-1D19F5312903->s0(c0,m0,n144, attendVote=true, lastRpcSendTime=0, lastRpcResponseTime=410) yet, just keep nextIndex unchanged and retry.
2022-07-23 19:35:39,155 [s2-server-thread2] DEBUG server.RaftServer$Division (RaftServerImpl.java:logAppendEntries(1305)) - s2@group-1D19F5312903: receive appendEntries(s1, 1, (t:1, i:142), 56, true, commits:[s1:c56, s0:c0, s2:c9], cId:190, entries: (t:1, i:143), METADATAENTRY(c:56)
2022-07-23 19:35:39,155 [s1@group-1D19F5312903-StateMachineUpdater] INFO  statemachine.SimpleStateMachine4Testing (SimpleStateMachine4Testing.java:put(204)) - s1: put 57, m51 -> (t:1, i:57), STATEMACHINELOGENTRY, 2804@client-62CCDED19661
2022-07-23 19:35:39,155 [grpc-default-executor-15] WARN  server.GrpcLogAppender (LogUtils.java:warn(122)) - s1@group-1D19F5312903->s0-AppendLogResponseHandler: Failed appendEntries: org.apache.ratis.thirdparty.io.grpc.StatusRuntimeException: UNAVAILABLE: io exception
2022-07-23 19:35:39,155 [grpc-default-executor-15] WARN  server.GrpcLogAppender (GrpcLogAppender.java:resetClient(115)) - s1@group-1D19F5312903->s0-GrpcLogAppender: Leader has not got in touch with Follower s1@group-1D19F5312903->s0(c0,m0,n145, attendVote=true, lastRpcSendTime=0, lastRpcResponseTime=411) yet, just keep nextIndex unchanged and retry.
2022-07-23 19:35:39,155 [grpc-default-executor-3] WARN  server.GrpcLogAppender (LogUtils.java:warn(122)) - s1@group-1D19F5312903->s0-AppendLogResponseHandler: Failed appendEntries: org.apache.ratis.thirdparty.io.grpc.StatusRuntimeException: UNAVAILABLE: io exception
2022-07-23 19:35:39,156 [grpc-default-executor-3] WARN  server.GrpcLogAppender (GrpcLogAppender.java:resetClient(115)) - s1@group-1D19F5312903->s0-GrpcLogAppender: Leader has not got in touch with Follower s1@group-1D19F5312903->s0(c0,m0,n145, attendVote=true, lastRpcSendTime=0, lastRpcResponseTime=411) yet, just keep nextIndex unchanged and retry.
2022-07-23 19:35:39,156 [Thread-9341] DEBUG server.RaftServer$Division (RaftServerImpl.java:logAppendEntries(1305)) - s2@group-1D19F5312903: succeeded to handle AppendEntries. Reply: s1<-s2#91:OK-t1,SUCCESS,nextIndex=73,followerCommit=9,matchIndex=72
2022-07-23 19:35:39,156 [s2@group-1D19F5312903-StateMachineUpdater] INFO  statemachine.SimpleStateMachine4Testing (SimpleStateMachine4Testing.java:put(204)) - s2: put 10, m9 -> (t:1, i:10), STATEMACHINELOGENTRY, 2762@client-62CCDED19661
2022-07-23 19:35:39,156 [Thread-9342] DEBUG server.RaftServer$Division (RaftServerImpl.java:logAppendEntries(1305)) - s2@group-1D19F5312903: succeeded to handle AppendEntries. Reply: s1<-s2#93:OK-t1,SUCCESS,nextIndex=74,followerCommit=10,matchIndex=73
2022-07-23 19:35:39,157 [Thread-9343] DEBUG server.RaftServer$Division (RaftServerImpl.java:logAppendEntries(1305)) - s2@group-1D19F5312903: succeeded to handle AppendEntries. Reply: s1<-s2#94:OK-t1,SUCCESS,nextIndex=75,followerCommit=10,matchIndex=74
2022-07-23 19:35:39,156 [s2-server-thread2] DEBUG server.RaftServer$Division (RaftServerImpl.java:logAppendEntries(1305)) - s2@group-1D19F5312903: receive appendEntries(s1, 1, (t:1, i:143), 57, true, commits:[s1:c57, s0:c0, s2:c9], cId:192, entries: (t:1, i:144), METADATAENTRY(c:57)
2022-07-23 19:35:39,157 [Thread-9344] DEBUG server.RaftServer$Division (RaftServerImpl.java:logAppendEntries(1305)) - s2@group-1D19F5312903: succeeded to handle AppendEntries. Reply: s1<-s2#95:OK-t1,SUCCESS,nextIndex=76,followerCommit=10,matchIndex=75
2022-07-23 19:35:39,157 [grpc-default-executor-16] WARN  server.GrpcLogAppender (LogUtils.java:warn(122)) - s1@group-1D19F5312903->s0-AppendLogResponseHandler: Failed appendEntries: org.apache.ratis.thirdparty.io.grpc.StatusRuntimeException: UNAVAILABLE: io exception
2022-07-23 19:35:39,157 [s2@group-1D19F5312903-StateMachineUpdater] INFO  statemachine.SimpleStateMachine4Testing (SimpleStateMachine4Testing.java:put(204)) - s2: put 11, m10 -> (t:1, i:11), STATEMACHINELOGENTRY, 2763@client-62CCDED19661
2022-07-23 19:35:39,157 [grpc-default-executor-16] WARN  server.GrpcLogAppender (GrpcLogAppender.java:resetClient(115)) - s1@group-1D19F5312903->s0-GrpcLogAppender: Leader has not got in touch with Follower s1@group-1D19F5312903->s0(c0,m0,n146, attendVote=true, lastRpcSendTime=0, lastRpcResponseTime=413) yet, just keep nextIndex unchanged and retry.
2022-07-23 19:35:39,157 [s2@group-1D19F5312903-StateMachineUpdater] INFO  statemachine.SimpleStateMachine4Testing (SimpleStateMachine4Testing.java:put(204)) - s2: put 12, m11 -> (t:1, i:12), STATEMACHINELOGENTRY, 2764@client-62CCDED19661
2022-07-23 19:35:39,157 [s1@group-1D19F5312903-StateMachineUpdater] INFO  statemachine.SimpleStateMachine4Testing (SimpleStateMachine4Testing.java:put(204)) - s1: put 58, m52 -> (t:1, i:58), STATEMACHINELOGENTRY, 2805@client-62CCDED19661
2022-07-23 19:35:39,158 [s1@group-1D19F5312903-StateMachineUpdater] INFO  statemachine.SimpleStateMachine4Testing (SimpleStateMachine4Testing.java:put(204)) - s1: put 59, m53 -> (t:1, i:59), STATEMACHINELOGENTRY, 2806@client-62CCDED19661
2022-07-23 19:35:39,158 [grpc-default-executor-3] WARN  server.GrpcLogAppender (LogUtils.java:warn(122)) - s1@group-1D19F5312903->s0-AppendLogResponseHandler: Failed appendEntries: org.apache.ratis.thirdparty.io.grpc.StatusRuntimeException: UNAVAILABLE: io exception
2022-07-23 19:35:39,158 [Thread-9345] DEBUG server.RaftServer$Division (RaftServerImpl.java:logAppendEntries(1305)) - s2@group-1D19F5312903: succeeded to handle AppendEntries. Reply: s1<-s2#97:OK-t1,SUCCESS,nextIndex=77,followerCommit=12,matchIndex=76
2022-07-23 19:35:39,158 [grpc-default-executor-15] WARN  server.GrpcLogAppender (LogUtils.java:warn(122)) - s1@group-1D19F5312903->s0-AppendLogResponseHandler: Failed appendEntries: org.apache.ratis.thirdparty.io.grpc.StatusRuntimeException: UNAVAILABLE: io exception
2022-07-23 19:35:39,158 [grpc-default-executor-3] WARN  server.GrpcLogAppender (GrpcLogAppender.java:resetClient(115)) - s1@group-1D19F5312903->s0-GrpcLogAppender: Leader has not got in touch with Follower s1@group-1D19F5312903->s0(c0,m0,n147, attendVote=true, lastRpcSendTime=0, lastRpcResponseTime=414) yet, just keep nextIndex unchanged and retry.
2022-07-23 19:35:39,158 [grpc-default-executor-15] WARN  server.GrpcLogAppender (GrpcLogAppender.java:resetClient(115)) - s1@group-1D19F5312903->s0-GrpcLogAppender: Leader has not got in touch with Follower s1@group-1D19F5312903->s0(c0,m0,n147, attendVote=true, lastRpcSendTime=0, lastRpcResponseTime=414) yet, just keep nextIndex unchanged and retry.
2022-07-23 19:35:39,158 [s2-server-thread2] DEBUG server.RaftServer$Division (RaftServerImpl.java:logAppendEntries(1305)) - s2@group-1D19F5312903: receive appendEntries(s1, 1, (t:1, i:144), 58, true, commits:[s1:c58, s0:c0, s2:c9], cId:194, entries: (t:1, i:145), METADATAENTRY(c:58)
2022-07-23 19:35:39,158 [Thread-9346] DEBUG server.RaftServer$Division (RaftServerImpl.java:logAppendEntries(1305)) - s2@group-1D19F5312903: succeeded to handle AppendEntries. Reply: s1<-s2#98:OK-t1,SUCCESS,nextIndex=78,followerCommit=12,matchIndex=77
2022-07-23 19:35:39,159 [s2-server-thread2] DEBUG server.RaftServer$Division (RaftServerImpl.java:logAppendEntries(1305)) - s2@group-1D19F5312903: receive appendEntries(s1, 1, (t:1, i:145), 59, true, commits:[s1:c59, s0:c0, s2:c9], cId:196, entries: (t:1, i:146), METADATAENTRY(c:59)
2022-07-23 19:35:39,159 [s1@group-1D19F5312903-StateMachineUpdater] INFO  statemachine.SimpleStateMachine4Testing (SimpleStateMachine4Testing.java:put(204)) - s1: put 60, m54 -> (t:1, i:60), STATEMACHINELOGENTRY, 2807@client-62CCDED19661
2022-07-23 19:35:39,159 [s1@group-1D19F5312903-StateMachineUpdater] INFO  statemachine.SimpleStateMachine4Testing (SimpleStateMachine4Testing.java:put(204)) - s1: put 61, m55 -> (t:1, i:61), STATEMACHINELOGENTRY, 2808@client-62CCDED19661
2022-07-23 19:35:39,159 [s1@group-1D19F5312903-StateMachineUpdater] INFO  statemachine.SimpleStateMachine4Testing (SimpleStateMachine4Testing.java:put(204)) - s1: put 62, m56 -> (t:1, i:62), STATEMACHINELOGENTRY, 2809@client-62CCDED19661
2022-07-23 19:35:39,160 [s1@group-1D19F5312903-StateMachineUpdater] INFO  statemachine.SimpleStateMachine4Testing (SimpleStateMachine4Testing.java:put(204)) - s1: put 63, m57 -> (t:1, i:63), STATEMACHINELOGENTRY, 2810@client-62CCDED19661
2022-07-23 19:35:39,160 [s1@group-1D19F5312903-StateMachineUpdater] INFO  statemachine.SimpleStateMachine4Testing (SimpleStateMachine4Testing.java:put(204)) - s1: put 64, m58 -> (t:1, i:64), STATEMACHINELOGENTRY, 2811@client-62CCDED19661
2022-07-23 19:35:39,160 [s1@group-1D19F5312903-StateMachineUpdater] INFO  statemachine.SimpleStateMachine4Testing (SimpleStateMachine4Testing.java:put(204)) - s1: put 65, m59 -> (t:1, i:65), STATEMACHINELOGENTRY, 2812@client-62CCDED19661
2022-07-23 19:35:39,160 [s1@group-1D19F5312903-StateMachineUpdater] INFO  statemachine.SimpleStateMachine4Testing (SimpleStateMachine4Testing.java:put(204)) - s1: put 66, m60 -> (t:1, i:66), STATEMACHINELOGENTRY, 2813@client-62CCDED19661
2022-07-23 19:35:39,160 [s1@group-1D19F5312903-StateMachineUpdater] INFO  statemachine.SimpleStateMachine4Testing (SimpleStateMachine4Testing.java:put(204)) - s1: put 67, m61 -> (t:1, i:67), STATEMACHINELOGENTRY, 2814@client-62CCDED19661
2022-07-23 19:35:39,161 [grpc-default-executor-15] WARN  server.GrpcLogAppender (LogUtils.java:warn(122)) - s1@group-1D19F5312903->s0-AppendLogResponseHandler: Failed appendEntries: org.apache.ratis.thirdparty.io.grpc.StatusRuntimeException: UNAVAILABLE: io exception
2022-07-23 19:35:39,161 [grpc-default-executor-15] WARN  server.GrpcLogAppender (GrpcLogAppender.java:resetClient(115)) - s1@group-1D19F5312903->s0-GrpcLogAppender: Leader has not got in touch with Follower s1@group-1D19F5312903->s0(c0,m0,n148, attendVote=true, lastRpcSendTime=0, lastRpcResponseTime=417) yet, just keep nextIndex unchanged and retry.
2022-07-23 19:35:39,161 [grpc-default-executor-16] WARN  server.GrpcLogAppender (LogUtils.java:warn(122)) - s1@group-1D19F5312903->s0-AppendLogResponseHandler: Failed appendEntries: org.apache.ratis.thirdparty.io.grpc.StatusRuntimeException: UNAVAILABLE: io exception
2022-07-23 19:35:39,161 [grpc-default-executor-16] WARN  server.GrpcLogAppender (GrpcLogAppender.java:resetClient(115)) - s1@group-1D19F5312903->s0-GrpcLogAppender: Leader has not got in touch with Follower s1@group-1D19F5312903->s0(c0,m0,n148, attendVote=true, lastRpcSendTime=0, lastRpcResponseTime=417) yet, just keep nextIndex unchanged and retry.
2022-07-23 19:35:39,161 [grpc-default-executor-15] WARN  server.GrpcLogAppender (LogUtils.java:warn(122)) - s1@group-1D19F5312903->s0-AppendLogResponseHandler: Failed appendEntries: org.apache.ratis.thirdparty.io.grpc.StatusRuntimeException: UNAVAILABLE: io exception
2022-07-23 19:35:39,162 [grpc-default-executor-15] WARN  server.GrpcLogAppender (GrpcLogAppender.java:resetClient(115)) - s1@group-1D19F5312903->s0-GrpcLogAppender: Leader has not got in touch with Follower s1@group-1D19F5312903->s0(c0,m0,n148, attendVote=true, lastRpcSendTime=1, lastRpcResponseTime=417) yet, just keep nextIndex unchanged and retry.
2022-07-23 19:35:39,162 [s2-server-thread2] DEBUG server.RaftServer$Division (RaftServerImpl.java:logAppendEntries(1305)) - s2@group-1D19F5312903: receive appendEntries(s1, 1, (t:1, i:146), 60, true, commits:[s1:c60, s0:c0, s2:c9], cId:198, entries: (t:1, i:147), METADATAENTRY(c:60)
2022-07-23 19:35:39,162 [s2-server-thread2] DEBUG server.RaftServer$Division (RaftServerImpl.java:logAppendEntries(1305)) - s2@group-1D19F5312903: receive appendEntries(s1, 1, (t:1, i:147), 61, true, commits:[s1:c61, s0:c0, s2:c9], cId:200, entries: (t:1, i:148), METADATAENTRY(c:61)
2022-07-23 19:35:39,162 [s2-server-thread2] DEBUG server.RaftServer$Division (RaftServerImpl.java:logAppendEntries(1305)) - s2@group-1D19F5312903: receive appendEntries(s1, 1, (t:1, i:148), 62, true, commits:[s1:c62, s0:c0, s2:c9], cId:202, entries: (t:1, i:149), METADATAENTRY(c:62)
2022-07-23 19:35:39,162 [s2-server-thread2] DEBUG server.RaftServer$Division (RaftServerImpl.java:logAppendEntries(1305)) - s2@group-1D19F5312903: receive appendEntries(s1, 1, (t:1, i:149), 63, true, commits:[s1:c63, s0:c0, s2:c9], cId:204, entries: (t:1, i:150), METADATAENTRY(c:63)
2022-07-23 19:35:39,162 [s2-server-thread2] DEBUG server.RaftServer$Division (RaftServerImpl.java:logAppendEntries(1305)) - s2@group-1D19F5312903: receive appendEntries(s1, 1, (t:1, i:150), 64, true, commits:[s1:c64, s0:c0, s2:c9], cId:206, entries: (t:1, i:151), METADATAENTRY(c:64)
2022-07-23 19:35:39,162 [s2-server-thread2] DEBUG server.RaftServer$Division (RaftServerImpl.java:logAppendEntries(1305)) - s2@group-1D19F5312903: receive appendEntries(s1, 1, (t:1, i:151), 65, true, commits:[s1:c65, s0:c0, s2:c9], cId:208, entries: (t:1, i:152), METADATAENTRY(c:65)
2022-07-23 19:35:39,162 [s2-server-thread2] DEBUG server.RaftServer$Division (RaftServerImpl.java:logAppendEntries(1305)) - s2@group-1D19F5312903: receive appendEntries(s1, 1, (t:1, i:152), 66, true, commits:[s1:c66, s0:c0, s2:c9], cId:210, entries: (t:1, i:153), METADATAENTRY(c:66)
2022-07-23 19:35:39,163 [s2-server-thread2] DEBUG server.RaftServer$Division (RaftServerImpl.java:logAppendEntries(1305)) - s2@group-1D19F5312903: receive appendEntries(s1, 1, (t:1, i:153), 67, true, commits:[s1:c67, s0:c0, s2:c9], cId:212, entries: (t:1, i:154), METADATAENTRY(c:67)
2022-07-23 19:35:39,163 [Thread-9347] DEBUG server.RaftServer$Division (RaftServerImpl.java:logAppendEntries(1305)) - s2@group-1D19F5312903: succeeded to handle AppendEntries. Reply: s1<-s2#99:OK-t1,SUCCESS,nextIndex=79,followerCommit=12,matchIndex=78
2022-07-23 19:35:39,163 [Thread-9348] DEBUG server.RaftServer$Division (RaftServerImpl.java:logAppendEntries(1305)) - s2@group-1D19F5312903: succeeded to handle AppendEntries. Reply: s1<-s2#100:OK-t1,SUCCESS,nextIndex=80,followerCommit=12,matchIndex=79
2022-07-23 19:35:39,163 [Thread-9349] DEBUG server.RaftServer$Division (RaftServerImpl.java:logAppendEntries(1305)) - s2@group-1D19F5312903: succeeded to handle AppendEntries. Reply: s1<-s2#101:OK-t1,SUCCESS,nextIndex=81,followerCommit=12,matchIndex=80
2022-07-23 19:35:39,164 [Thread-9350] DEBUG server.RaftServer$Division (RaftServerImpl.java:logAppendEntries(1305)) - s2@group-1D19F5312903: succeeded to handle AppendEntries. Reply: s1<-s2#102:OK-t1,SUCCESS,nextIndex=82,followerCommit=12,matchIndex=81
2022-07-23 19:35:39,164 [s2@group-1D19F5312903-StateMachineUpdater] INFO  statemachine.SimpleStateMachine4Testing (SimpleStateMachine4Testing.java:put(204)) - s2: put 13, m12 -> (t:1, i:13), STATEMACHINELOGENTRY, 2765@client-62CCDED19661
2022-07-23 19:35:39,164 [Thread-9351] DEBUG server.RaftServer$Division (RaftServerImpl.java:logAppendEntries(1305)) - s2@group-1D19F5312903: succeeded to handle AppendEntries. Reply: s1<-s2#103:OK-t1,SUCCESS,nextIndex=83,followerCommit=13,matchIndex=82
2022-07-23 19:35:39,164 [Thread-9352] DEBUG server.RaftServer$Division (RaftServerImpl.java:logAppendEntries(1305)) - s2@group-1D19F5312903: succeeded to handle AppendEntries. Reply: s1<-s2#104:OK-t1,SUCCESS,nextIndex=84,followerCommit=13,matchIndex=83
2022-07-23 19:35:39,165 [s1@group-1D19F5312903-StateMachineUpdater] INFO  statemachine.SimpleStateMachine4Testing (SimpleStateMachine4Testing.java:put(204)) - s1: put 68, m62 -> (t:1, i:68), STATEMACHINELOGENTRY, 2815@client-62CCDED19661
2022-07-23 19:35:39,166 [grpc-default-executor-16] WARN  server.GrpcLogAppender (LogUtils.java:warn(122)) - s1@group-1D19F5312903->s0-AppendLogResponseHandler: Failed appendEntries: org.apache.ratis.thirdparty.io.grpc.StatusRuntimeException: UNAVAILABLE: io exception
2022-07-23 19:35:39,166 [grpc-default-executor-16] WARN  server.GrpcLogAppender (GrpcLogAppender.java:resetClient(115)) - s1@group-1D19F5312903->s0-GrpcLogAppender: Leader has not got in touch with Follower s1@group-1D19F5312903->s0(c0,m0,n156, attendVote=true, lastRpcSendTime=0, lastRpcResponseTime=421) yet, just keep nextIndex unchanged and retry.
2022-07-23 19:35:39,166 [grpc-default-executor-3] WARN  server.GrpcLogAppender (LogUtils.java:warn(122)) - s1@group-1D19F5312903->s0-AppendLogResponseHandler: Failed appendEntries: org.apache.ratis.thirdparty.io.grpc.StatusRuntimeException: UNAVAILABLE: io exception
2022-07-23 19:35:39,166 [grpc-default-executor-3] WARN  server.GrpcLogAppender (GrpcLogAppender.java:resetClient(115)) - s1@group-1D19F5312903->s0-GrpcLogAppender: Leader has not got in touch with Follower s1@group-1D19F5312903->s0(c0,m0,n156, attendVote=true, lastRpcSendTime=0, lastRpcResponseTime=422) yet, just keep nextIndex unchanged and retry.
2022-07-23 19:35:39,175 [Thread-9353] DEBUG server.RaftServer$Division (RaftServerImpl.java:logAppendEntries(1305)) - s2@group-1D19F5312903: succeeded to handle AppendEntries. Reply: s1<-s2#105:OK-t1,SUCCESS,nextIndex=85,followerCommit=13,matchIndex=84
2022-07-23 19:35:39,179 [Thread-9380] DEBUG server.RaftServer$Division (RaftServerImpl.java:logAppendEntries(1305)) - s2@group-1D19F5312903: succeeded to handle AppendEntries. Reply: s1<-s2#106:OK-t1,SUCCESS,nextIndex=86,followerCommit=13,matchIndex=85
2022-07-23 19:35:39,187 [Thread-9382] DEBUG server.RaftServer$Division (RaftServerImpl.java:logAppendEntries(1305)) - s2@group-1D19F5312903: succeeded to handle AppendEntries. Reply: s1<-s2#107:OK-t1,SUCCESS,nextIndex=87,followerCommit=13,matchIndex=86
2022-07-23 19:35:39,187 [Thread-9383] DEBUG server.RaftServer$Division (RaftServerImpl.java:logAppendEntries(1305)) - s2@group-1D19F5312903: succeeded to handle AppendEntries. Reply: s1<-s2#108:OK-t1,SUCCESS,nextIndex=88,followerCommit=13,matchIndex=87
2022-07-23 19:35:39,187 [Thread-9384] DEBUG server.RaftServer$Division (RaftServerImpl.java:logAppendEntries(1305)) - s2@group-1D19F5312903: succeeded to handle AppendEntries. Reply: s1<-s2#109:OK-t1,SUCCESS,nextIndex=89,followerCommit=13,matchIndex=88
2022-07-23 19:35:39,188 [Thread-9385] DEBUG server.RaftServer$Division (RaftServerImpl.java:logAppendEntries(1305)) - s2@group-1D19F5312903: succeeded to handle AppendEntries. Reply: s1<-s2#110:OK-t1,SUCCESS,nextIndex=90,followerCommit=13,matchIndex=89
2022-07-23 19:35:39,191 [Thread-9386] DEBUG server.RaftServer$Division (RaftServerImpl.java:logAppendEntries(1305)) - s2@group-1D19F5312903: succeeded to handle AppendEntries. Reply: s1<-s2#111:OK-t1,SUCCESS,nextIndex=91,followerCommit=13,matchIndex=90
2022-07-23 19:35:39,191 [s2-server-thread2] DEBUG server.RaftServer$Division (RaftServerImpl.java:logAppendEntries(1305)) - s2@group-1D19F5312903: receive appendEntries(s1, 1, (t:1, i:154), 68, true, commits:[s1:c68, s0:c0, s2:c9], cId:213, entries: (t:1, i:155), METADATAENTRY(c:68)
2022-07-23 19:35:39,197 [grpc-default-executor-3] WARN  server.GrpcLogAppender (LogUtils.java:warn(122)) - s1@group-1D19F5312903->s0-AppendLogResponseHandler: Failed appendEntries: org.apache.ratis.thirdparty.io.grpc.StatusRuntimeException: UNAVAILABLE: io exception
2022-07-23 19:35:39,197 [Thread-9387] DEBUG server.RaftServer$Division (RaftServerImpl.java:logAppendEntries(1305)) - s2@group-1D19F5312903: succeeded to handle AppendEntries. Reply: s1<-s2#112:OK-t1,SUCCESS,nextIndex=92,followerCommit=13,matchIndex=91
2022-07-23 19:35:39,198 [grpc-default-executor-16] WARN  server.GrpcLogAppender (LogUtils.java:warn(122)) - s1@group-1D19F5312903->s0-AppendLogResponseHandler: Failed appendEntries: org.apache.ratis.thirdparty.io.grpc.StatusRuntimeException: UNAVAILABLE: io exception
2022-07-23 19:35:39,198 [Thread-9388] DEBUG server.RaftServer$Division (RaftServerImpl.java:logAppendEntries(1305)) - s2@group-1D19F5312903: succeeded to handle AppendEntries. Reply: s1<-s2#113:OK-t1,SUCCESS,nextIndex=93,followerCommit=13,matchIndex=92
2022-07-23 19:35:39,198 [Thread-9389] DEBUG server.RaftServer$Division (RaftServerImpl.java:logAppendEntries(1305)) - s2@group-1D19F5312903: succeeded to handle AppendEntries. Reply: s1<-s2#114:OK-t1,SUCCESS,nextIndex=94,followerCommit=13,matchIndex=93
2022-07-23 19:35:39,198 [grpc-default-executor-3] WARN  server.GrpcLogAppender (GrpcLogAppender.java:resetClient(115)) - s1@group-1D19F5312903->s0-GrpcLogAppender: Leader has not got in touch with Follower s1@group-1D19F5312903->s0(c0,m0,n156, attendVote=true, lastRpcSendTime=32, lastRpcResponseTime=454) yet, just keep nextIndex unchanged and retry.
2022-07-23 19:35:39,199 [Thread-9390] DEBUG server.RaftServer$Division (RaftServerImpl.java:logAppendEntries(1305)) - s2@group-1D19F5312903: succeeded to handle AppendEntries. Reply: s1<-s2#115:OK-t1,SUCCESS,nextIndex=95,followerCommit=13,matchIndex=94
2022-07-23 19:35:39,199 [grpc-default-executor-16] WARN  server.GrpcLogAppender (GrpcLogAppender.java:resetClient(115)) - s1@group-1D19F5312903->s0-GrpcLogAppender: Leader has not got in touch with Follower s1@group-1D19F5312903->s0(c0,m0,n156, attendVote=true, lastRpcSendTime=33, lastRpcResponseTime=455) yet, just keep nextIndex unchanged and retry.
2022-07-23 19:35:39,200 [grpc-default-executor-3] WARN  server.GrpcLogAppender (LogUtils.java:warn(122)) - s1@group-1D19F5312903->s0-AppendLogResponseHandler: Failed appendEntries: org.apache.ratis.thirdparty.io.grpc.StatusRuntimeException: UNAVAILABLE: io exception
2022-07-23 19:35:39,200 [grpc-default-executor-2] WARN  server.GrpcLogAppender (LogUtils.java:warn(122)) - s1@group-1D19F5312903->s0-AppendLogResponseHandler: Failed appendEntries: org.apache.ratis.thirdparty.io.grpc.StatusRuntimeException: UNAVAILABLE: io exception
2022-07-23 19:35:39,200 [Thread-9391] DEBUG server.RaftServer$Division (RaftServerImpl.java:logAppendEntries(1305)) - s2@group-1D19F5312903: succeeded to handle AppendEntries. Reply: s1<-s2#116:OK-t1,SUCCESS,nextIndex=96,followerCommit=13,matchIndex=95
2022-07-23 19:35:39,200 [grpc-default-executor-3] WARN  server.GrpcLogAppender (GrpcLogAppender.java:resetClient(115)) - s1@group-1D19F5312903->s0-GrpcLogAppender: Leader has not got in touch with Follower s1@group-1D19F5312903->s0(c0,m0,n156, attendVote=true, lastRpcSendTime=0, lastRpcResponseTime=456) yet, just keep nextIndex unchanged and retry.
2022-07-23 19:35:39,200 [grpc-default-executor-2] WARN  server.GrpcLogAppender (GrpcLogAppender.java:resetClient(115)) - s1@group-1D19F5312903->s0-GrpcLogAppender: Leader has not got in touch with Follower s1@group-1D19F5312903->s0(c0,m0,n156, attendVote=true, lastRpcSendTime=0, lastRpcResponseTime=456) yet, just keep nextIndex unchanged and retry.
2022-07-23 19:35:39,201 [Thread-9392] DEBUG server.RaftServer$Division (RaftServerImpl.java:logAppendEntries(1305)) - s2@group-1D19F5312903: succeeded to handle AppendEntries. Reply: s1<-s2#117:OK-t1,SUCCESS,nextIndex=97,followerCommit=13,matchIndex=96
2022-07-23 19:35:39,201 [Thread-9393] DEBUG server.RaftServer$Division (RaftServerImpl.java:logAppendEntries(1305)) - s2@group-1D19F5312903: succeeded to handle AppendEntries. Reply: s1<-s2#118:OK-t1,SUCCESS,nextIndex=98,followerCommit=13,matchIndex=97
2022-07-23 19:35:39,201 [Thread-9394] DEBUG server.RaftServer$Division (RaftServerImpl.java:logAppendEntries(1305)) - s2@group-1D19F5312903: succeeded to handle AppendEntries. Reply: s1<-s2#119:OK-t1,SUCCESS,nextIndex=99,followerCommit=13,matchIndex=98
2022-07-23 19:35:39,201 [Thread-9395] DEBUG server.RaftServer$Division (RaftServerImpl.java:logAppendEntries(1305)) - s2@group-1D19F5312903: succeeded to handle AppendEntries. Reply: s1<-s2#120:OK-t1,SUCCESS,nextIndex=100,followerCommit=13,matchIndex=99
2022-07-23 19:35:39,201 [Thread-9396] DEBUG server.RaftServer$Division (RaftServerImpl.java:logAppendEntries(1305)) - s2@group-1D19F5312903: succeeded to handle AppendEntries. Reply: s1<-s2#121:OK-t1,SUCCESS,nextIndex=101,followerCommit=13,matchIndex=100
2022-07-23 19:35:39,201 [Thread-9397] DEBUG server.RaftServer$Division (RaftServerImpl.java:logAppendEntries(1305)) - s2@group-1D19F5312903: succeeded to handle AppendEntries. Reply: s1<-s2#122:OK-t1,SUCCESS,nextIndex=102,followerCommit=13,matchIndex=101
2022-07-23 19:35:39,202 [Thread-9398] DEBUG server.RaftServer$Division (RaftServerImpl.java:logAppendEntries(1305)) - s2@group-1D19F5312903: succeeded to handle AppendEntries. Reply: s1<-s2#123:OK-t1,SUCCESS,nextIndex=103,followerCommit=13,matchIndex=102
2022-07-23 19:35:39,202 [s2@group-1D19F5312903-StateMachineUpdater] INFO  statemachine.SimpleStateMachine4Testing (SimpleStateMachine4Testing.java:put(204)) - s2: put 14, m13 -> (t:1, i:14), STATEMACHINELOGENTRY, 2766@client-62CCDED19661
2022-07-23 19:35:39,202 [Thread-9399] DEBUG server.RaftServer$Division (RaftServerImpl.java:logAppendEntries(1305)) - s2@group-1D19F5312903: succeeded to handle AppendEntries. Reply: s1<-s2#124:OK-t1,SUCCESS,nextIndex=104,followerCommit=14,matchIndex=103
2022-07-23 19:35:39,202 [Thread-9400] DEBUG server.RaftServer$Division (RaftServerImpl.java:logAppendEntries(1305)) - s2@group-1D19F5312903: succeeded to handle AppendEntries. Reply: s1<-s2#125:OK-t1,SUCCESS,nextIndex=105,followerCommit=14,matchIndex=104
2022-07-23 19:35:39,202 [Thread-9402] DEBUG server.RaftServer$Division (RaftServerImpl.java:logAppendEntries(1305)) - s2@group-1D19F5312903: succeeded to handle AppendEntries. Reply: s1<-s2#127:OK-t1,SUCCESS,nextIndex=107,followerCommit=14,matchIndex=106
2022-07-23 19:35:39,203 [Thread-9403] DEBUG server.RaftServer$Division (RaftServerImpl.java:logAppendEntries(1305)) - s2@group-1D19F5312903: succeeded to handle AppendEntries. Reply: s1<-s2#128:OK-t1,SUCCESS,nextIndex=108,followerCommit=14,matchIndex=107
2022-07-23 19:35:39,203 [Thread-9404] DEBUG server.RaftServer$Division (RaftServerImpl.java:logAppendEntries(1305)) - s2@group-1D19F5312903: succeeded to handle AppendEntries. Reply: s1<-s2#129:OK-t1,SUCCESS,nextIndex=109,followerCommit=14,matchIndex=108
2022-07-23 19:35:39,203 [Thread-9405] DEBUG server.RaftServer$Division (RaftServerImpl.java:logAppendEntries(1305)) - s2@group-1D19F5312903: succeeded to handle AppendEntries. Reply: s1<-s2#130:OK-t1,SUCCESS,nextIndex=110,followerCommit=14,matchIndex=109
2022-07-23 19:35:39,203 [s2@group-1D19F5312903-StateMachineUpdater] INFO  statemachine.SimpleStateMachine4Testing (SimpleStateMachine4Testing.java:put(204)) - s2: put 16, m14 -> (t:1, i:16), STATEMACHINELOGENTRY, 2767@client-62CCDED19661
2022-07-23 19:35:39,203 [s2@group-1D19F5312903-StateMachineUpdater] INFO  statemachine.SimpleStateMachine4Testing (SimpleStateMachine4Testing.java:put(204)) - s2: put 18, m15 -> (t:1, i:18), STATEMACHINELOGENTRY, 2768@client-62CCDED19661
2022-07-23 19:35:39,203 [Thread-9406] DEBUG server.RaftServer$Division (RaftServerImpl.java:logAppendEntries(1305)) - s2@group-1D19F5312903: succeeded to handle AppendEntries. Reply: s1<-s2#135:OK-t1,SUCCESS,nextIndex=111,followerCommit=18,matchIndex=110
2022-07-23 19:35:39,204 [s2@group-1D19F5312903-StateMachineUpdater] INFO  statemachine.SimpleStateMachine4Testing (SimpleStateMachine4Testing.java:put(204)) - s2: put 19, m16 -> (t:1, i:19), STATEMACHINELOGENTRY, 2769@client-62CCDED19661
2022-07-23 19:35:39,204 [s2@group-1D19F5312903-StateMachineUpdater] INFO  statemachine.SimpleStateMachine4Testing (SimpleStateMachine4Testing.java:put(204)) - s2: put 20, m17 -> (t:1, i:20), STATEMACHINELOGENTRY, 2770@client-62CCDED19661
2022-07-23 19:35:39,204 [Thread-9407] DEBUG server.RaftServer$Division (RaftServerImpl.java:logAppendEntries(1305)) - s2@group-1D19F5312903: succeeded to handle AppendEntries. Reply: s1<-s2#136:OK-t1,SUCCESS,nextIndex=112,followerCommit=20,matchIndex=111
2022-07-23 19:35:39,204 [Thread-9408] DEBUG server.RaftServer$Division (RaftServerImpl.java:logAppendEntries(1305)) - s2@group-1D19F5312903: succeeded to handle AppendEntries. Reply: s1<-s2#137:OK-t1,SUCCESS,nextIndex=113,followerCommit=20,matchIndex=112
2022-07-23 19:35:39,204 [s2@group-1D19F5312903-StateMachineUpdater] INFO  statemachine.SimpleStateMachine4Testing (SimpleStateMachine4Testing.java:put(204)) - s2: put 21, m18 -> (t:1, i:21), STATEMACHINELOGENTRY, 2771@client-62CCDED19661
2022-07-23 19:35:39,204 [s2@group-1D19F5312903-StateMachineUpdater] INFO  statemachine.SimpleStateMachine4Testing (SimpleStateMachine4Testing.java:put(204)) - s2: put 22, m19 -> (t:1, i:22), STATEMACHINELOGENTRY, 2772@client-62CCDED19661
2022-07-23 19:35:39,204 [s2@group-1D19F5312903-StateMachineUpdater] INFO  statemachine.SimpleStateMachine4Testing (SimpleStateMachine4Testing.java:put(204)) - s2: put 23, m20 -> (t:1, i:23), STATEMACHINELOGENTRY, 2773@client-62CCDED19661
2022-07-23 19:35:39,204 [s2@group-1D19F5312903-StateMachineUpdater] INFO  statemachine.SimpleStateMachine4Testing (SimpleStateMachine4Testing.java:put(204)) - s2: put 24, m21 -> (t:1, i:24), STATEMACHINELOGENTRY, 2774@client-62CCDED19661
2022-07-23 19:35:39,204 [Thread-9409] DEBUG server.RaftServer$Division (RaftServerImpl.java:logAppendEntries(1305)) - s2@group-1D19F5312903: succeeded to handle AppendEntries. Reply: s1<-s2#139:OK-t1,SUCCESS,nextIndex=114,followerCommit=24,matchIndex=113
2022-07-23 19:35:39,205 [Thread-9410] DEBUG server.RaftServer$Division (RaftServerImpl.java:logAppendEntries(1305)) - s2@group-1D19F5312903: succeeded to handle AppendEntries. Reply: s1<-s2#140:OK-t1,SUCCESS,nextIndex=115,followerCommit=24,matchIndex=114
2022-07-23 19:35:39,205 [s2@group-1D19F5312903-StateMachineUpdater] INFO  statemachine.SimpleStateMachine4Testing (SimpleStateMachine4Testing.java:put(204)) - s2: put 25, m22 -> (t:1, i:25), STATEMACHINELOGENTRY, 2775@client-62CCDED19661
2022-07-23 19:35:39,205 [Thread-9411] DEBUG server.RaftServer$Division (RaftServerImpl.java:logAppendEntries(1305)) - s2@group-1D19F5312903: succeeded to handle AppendEntries. Reply: s1<-s2#141:OK-t1,SUCCESS,nextIndex=116,followerCommit=25,matchIndex=115
2022-07-23 19:35:39,205 [s2@group-1D19F5312903-StateMachineUpdater] INFO  statemachine.SimpleStateMachine4Testing (SimpleStateMachine4Testing.java:put(204)) - s2: put 26, m23 -> (t:1, i:26), STATEMACHINELOGENTRY, 2776@client-62CCDED19661
2022-07-23 19:35:39,205 [s2@group-1D19F5312903-StateMachineUpdater] INFO  statemachine.SimpleStateMachine4Testing (SimpleStateMachine4Testing.java:put(204)) - s2: put 27, m24 -> (t:1, i:27), STATEMACHINELOGENTRY, 2777@client-62CCDED19661
2022-07-23 19:35:39,205 [Thread-9412] DEBUG server.RaftServer$Division (RaftServerImpl.java:logAppendEntries(1305)) - s2@group-1D19F5312903: succeeded to handle AppendEntries. Reply: s1<-s2#142:OK-t1,SUCCESS,nextIndex=117,followerCommit=27,matchIndex=116
2022-07-23 19:35:39,205 [Thread-9413] DEBUG server.RaftServer$Division (RaftServerImpl.java:logAppendEntries(1305)) - s2@group-1D19F5312903: succeeded to handle AppendEntries. Reply: s1<-s2#143:OK-t1,SUCCESS,nextIndex=118,followerCommit=27,matchIndex=117
2022-07-23 19:35:39,205 [s2@group-1D19F5312903-StateMachineUpdater] INFO  statemachine.SimpleStateMachine4Testing (SimpleStateMachine4Testing.java:put(204)) - s2: put 28, m25 -> (t:1, i:28), STATEMACHINELOGENTRY, 2778@client-62CCDED19661
2022-07-23 19:35:39,206 [Thread-9414] DEBUG server.RaftServer$Division (RaftServerImpl.java:logAppendEntries(1305)) - s2@group-1D19F5312903: succeeded to handle AppendEntries. Reply: s1<-s2#144:OK-t1,SUCCESS,nextIndex=119,followerCommit=28,matchIndex=118
2022-07-23 19:35:39,206 [s2@group-1D19F5312903-StateMachineUpdater] INFO  statemachine.SimpleStateMachine4Testing (SimpleStateMachine4Testing.java:put(204)) - s2: put 29, m26 -> (t:1, i:29), STATEMACHINELOGENTRY, 2779@client-62CCDED19661
2022-07-23 19:35:39,206 [Thread-9415] DEBUG server.RaftServer$Division (RaftServerImpl.java:logAppendEntries(1305)) - s2@group-1D19F5312903: succeeded to handle AppendEntries. Reply: s1<-s2#145:OK-t1,SUCCESS,nextIndex=120,followerCommit=29,matchIndex=119
2022-07-23 19:35:39,206 [s2@group-1D19F5312903-StateMachineUpdater] INFO  statemachine.SimpleStateMachine4Testing (SimpleStateMachine4Testing.java:put(204)) - s2: put 30, m27 -> (t:1, i:30), STATEMACHINELOGENTRY, 2780@client-62CCDED19661
2022-07-23 19:35:39,206 [Thread-9416] DEBUG server.RaftServer$Division (RaftServerImpl.java:logAppendEntries(1305)) - s2@group-1D19F5312903: succeeded to handle AppendEntries. Reply: s1<-s2#146:OK-t1,SUCCESS,nextIndex=121,followerCommit=30,matchIndex=120
2022-07-23 19:35:39,206 [s2@group-1D19F5312903-StateMachineUpdater] INFO  statemachine.SimpleStateMachine4Testing (SimpleStateMachine4Testing.java:put(204)) - s2: put 31, m28 -> (t:1, i:31), STATEMACHINELOGENTRY, 2781@client-62CCDED19661
2022-07-23 19:35:39,206 [Thread-9417] DEBUG server.RaftServer$Division (RaftServerImpl.java:logAppendEntries(1305)) - s2@group-1D19F5312903: succeeded to handle AppendEntries. Reply: s1<-s2#148:OK-t1,SUCCESS,nextIndex=122,followerCommit=31,matchIndex=121
2022-07-23 19:35:39,207 [s2@group-1D19F5312903-StateMachineUpdater] INFO  statemachine.SimpleStateMachine4Testing (SimpleStateMachine4Testing.java:put(204)) - s2: put 32, m29 -> (t:1, i:32), STATEMACHINELOGENTRY, 2782@client-62CCDED19661
2022-07-23 19:35:39,210 [Thread-9418] DEBUG server.RaftServer$Division (RaftServerImpl.java:logAppendEntries(1305)) - s2@group-1D19F5312903: succeeded to handle AppendEntries. Reply: s1<-s2#150:OK-t1,SUCCESS,nextIndex=123,followerCommit=32,matchIndex=122
2022-07-23 19:35:39,211 [s2@group-1D19F5312903-StateMachineUpdater] INFO  statemachine.SimpleStateMachine4Testing (SimpleStateMachine4Testing.java:put(204)) - s2: put 35, m30 -> (t:1, i:35), STATEMACHINELOGENTRY, 2783@client-62CCDED19661
2022-07-23 19:35:39,211 [Thread-9419] DEBUG server.RaftServer$Division (RaftServerImpl.java:logAppendEntries(1305)) - s2@group-1D19F5312903: succeeded to handle AppendEntries. Reply: s1<-s2#158:OK-t1,SUCCESS,nextIndex=124,followerCommit=35,matchIndex=123
2022-07-23 19:35:39,211 [Thread-9401] DEBUG server.RaftServer$Division (RaftServerImpl.java:logAppendEntries(1305)) - s2@group-1D19F5312903: succeeded to handle AppendEntries. Reply: s1<-s2#126:OK-t1,SUCCESS,nextIndex=106,followerCommit=35,matchIndex=105
2022-07-23 19:35:39,211 [s1@group-1D19F5312903-StateMachineUpdater] INFO  statemachine.SimpleStateMachine4Testing (SimpleStateMachine4Testing.java:put(204)) - s1: put 69, m63 -> (t:1, i:69), STATEMACHINELOGENTRY, 2816@client-62CCDED19661
2022-07-23 19:35:39,212 [s1@group-1D19F5312903-StateMachineUpdater] INFO  statemachine.SimpleStateMachine4Testing (SimpleStateMachine4Testing.java:put(204)) - s1: put 70, m64 -> (t:1, i:70), STATEMACHINELOGENTRY, 2817@client-62CCDED19661
2022-07-23 19:35:39,212 [s1@group-1D19F5312903-StateMachineUpdater] INFO  statemachine.SimpleStateMachine4Testing (SimpleStateMachine4Testing.java:put(204)) - s1: put 71, m65 -> (t:1, i:71), STATEMACHINELOGENTRY, 2818@client-62CCDED19661
2022-07-23 19:35:39,212 [s1@group-1D19F5312903-StateMachineUpdater] INFO  statemachine.SimpleStateMachine4Testing (SimpleStateMachine4Testing.java:put(204)) - s1: put 72, m66 -> (t:1, i:72), STATEMACHINELOGENTRY, 2819@client-62CCDED19661
2022-07-23 19:35:39,212 [s1@group-1D19F5312903-StateMachineUpdater] INFO  statemachine.SimpleStateMachine4Testing (SimpleStateMachine4Testing.java:put(204)) - s1: put 74, m67 -> (t:1, i:74), STATEMACHINELOGENTRY, 2820@client-62CCDED19661
2022-07-23 19:35:39,212 [s1@group-1D19F5312903-StateMachineUpdater] INFO  statemachine.SimpleStateMachine4Testing (SimpleStateMachine4Testing.java:put(204)) - s1: put 75, m68 -> (t:1, i:75), STATEMACHINELOGENTRY, 2821@client-62CCDED19661
2022-07-23 19:35:39,212 [s1@group-1D19F5312903-StateMachineUpdater] INFO  statemachine.SimpleStateMachine4Testing (SimpleStateMachine4Testing.java:put(204)) - s1: put 77, m69 -> (t:1, i:77), STATEMACHINELOGENTRY, 2822@client-62CCDED19661
2022-07-23 19:35:39,212 [s1@group-1D19F5312903-StateMachineUpdater] INFO  statemachine.SimpleStateMachine4Testing (SimpleStateMachine4Testing.java:put(204)) - s1: put 78, m70 -> (t:1, i:78), STATEMACHINELOGENTRY, 2823@client-62CCDED19661
2022-07-23 19:35:39,212 [s1@group-1D19F5312903-StateMachineUpdater] INFO  statemachine.SimpleStateMachine4Testing (SimpleStateMachine4Testing.java:put(204)) - s1: put 79, m71 -> (t:1, i:79), STATEMACHINELOGENTRY, 2824@client-62CCDED19661
2022-07-23 19:35:39,212 [s1@group-1D19F5312903-StateMachineUpdater] INFO  statemachine.SimpleStateMachine4Testing (SimpleStateMachine4Testing.java:put(204)) - s1: put 80, m72 -> (t:1, i:80), STATEMACHINELOGENTRY, 2825@client-62CCDED19661
2022-07-23 19:35:39,212 [s1@group-1D19F5312903-StateMachineUpdater] INFO  statemachine.SimpleStateMachine4Testing (SimpleStateMachine4Testing.java:put(204)) - s1: put 81, m73 -> (t:1, i:81), STATEMACHINELOGENTRY, 2826@client-62CCDED19661
2022-07-23 19:35:39,212 [s1@group-1D19F5312903-StateMachineUpdater] INFO  statemachine.SimpleStateMachine4Testing (SimpleStateMachine4Testing.java:put(204)) - s1: put 83, m74 -> (t:1, i:83), STATEMACHINELOGENTRY, 2827@client-62CCDED19661
2022-07-23 19:35:39,212 [s1@group-1D19F5312903-StateMachineUpdater] INFO  statemachine.SimpleStateMachine4Testing (SimpleStateMachine4Testing.java:put(204)) - s1: put 84, m75 -> (t:1, i:84), STATEMACHINELOGENTRY, 2828@client-62CCDED19661
2022-07-23 19:35:39,212 [s2-server-thread2] DEBUG server.RaftServer$Division (RaftServerImpl.java:logAppendEntries(1305)) - s2@group-1D19F5312903: receive appendEntries(s1, 1, (t:1, i:155), 106, true, commits:[s1:c106, s0:c0, s2:c35], cId:240, entries: [(t:1, i:156), METADATAENTRY(c:69), (t:1, i:157), METADATAENTRY(c:105), (t:1, i:158), METADATAENTRY(c:106)]
2022-07-23 19:35:39,212 [Thread-9420] DEBUG server.RaftServer$Division (RaftServerImpl.java:logAppendEntries(1305)) - s2@group-1D19F5312903: succeeded to handle AppendEntries. Reply: s1<-s2#159:OK-t1,SUCCESS,nextIndex=125,followerCommit=36,matchIndex=124
2022-07-23 19:35:39,212 [s2@group-1D19F5312903-StateMachineUpdater] INFO  statemachine.SimpleStateMachine4Testing (SimpleStateMachine4Testing.java:put(204)) - s2: put 36, m31 -> (t:1, i:36), STATEMACHINELOGENTRY, 2784@client-62CCDED19661
2022-07-23 19:35:39,213 [s1@group-1D19F5312903-StateMachineUpdater] INFO  statemachine.SimpleStateMachine4Testing (SimpleStateMachine4Testing.java:put(204)) - s1: put 85, m76 -> (t:1, i:85), STATEMACHINELOGENTRY, 2829@client-62CCDED19661
2022-07-23 19:35:39,213 [s1@group-1D19F5312903-StateMachineUpdater] INFO  statemachine.SimpleStateMachine4Testing (SimpleStateMachine4Testing.java:put(204)) - s1: put 86, m77 -> (t:1, i:86), STATEMACHINELOGENTRY, 2830@client-62CCDED19661
2022-07-23 19:35:39,213 [grpc-default-executor-16] WARN  server.GrpcLogAppender (LogUtils.java:warn(122)) - s1@group-1D19F5312903->s0-AppendLogResponseHandler: Failed appendEntries: org.apache.ratis.thirdparty.io.grpc.StatusRuntimeException: UNAVAILABLE: io exception
2022-07-23 19:35:39,213 [grpc-default-executor-2] WARN  server.GrpcLogAppender (LogUtils.java:warn(122)) - s1@group-1D19F5312903->s0-AppendLogResponseHandler: Failed appendEntries: org.apache.ratis.thirdparty.io.grpc.StatusRuntimeException: UNAVAILABLE: io exception
2022-07-23 19:35:39,213 [s1@group-1D19F5312903-StateMachineUpdater] INFO  statemachine.SimpleStateMachine4Testing (SimpleStateMachine4Testing.java:put(204)) - s1: put 87, m78 -> (t:1, i:87), STATEMACHINELOGENTRY, 2831@client-62CCDED19661
2022-07-23 19:35:39,213 [s1@group-1D19F5312903-StateMachineUpdater] INFO  statemachine.SimpleStateMachine4Testing (SimpleStateMachine4Testing.java:put(204)) - s1: put 88, m79 -> (t:1, i:88), STATEMACHINELOGENTRY, 2832@client-62CCDED19661
2022-07-23 19:35:39,213 [s1@group-1D19F5312903-StateMachineUpdater] INFO  statemachine.SimpleStateMachine4Testing (SimpleStateMachine4Testing.java:put(204)) - s1: put 89, m80 -> (t:1, i:89), STATEMACHINELOGENTRY, 2833@client-62CCDED19661
2022-07-23 19:35:39,213 [s1@group-1D19F5312903-StateMachineUpdater] INFO  statemachine.SimpleStateMachine4Testing (SimpleStateMachine4Testing.java:put(204)) - s1: put 90, m81 -> (t:1, i:90), STATEMACHINELOGENTRY, 2834@client-62CCDED19661
2022-07-23 19:35:39,213 [s1@group-1D19F5312903-StateMachineUpdater] INFO  statemachine.SimpleStateMachine4Testing (SimpleStateMachine4Testing.java:put(204)) - s1: put 91, m82 -> (t:1, i:91), STATEMACHINELOGENTRY, 2835@client-62CCDED19661
2022-07-23 19:35:39,213 [s1@group-1D19F5312903-StateMachineUpdater] INFO  statemachine.SimpleStateMachine4Testing (SimpleStateMachine4Testing.java:put(204)) - s1: put 92, m83 -> (t:1, i:92), STATEMACHINELOGENTRY, 2836@client-62CCDED19661
2022-07-23 19:35:39,213 [s1@group-1D19F5312903-StateMachineUpdater] INFO  statemachine.SimpleStateMachine4Testing (SimpleStateMachine4Testing.java:put(204)) - s1: put 93, m84 -> (t:1, i:93), STATEMACHINELOGENTRY, 2837@client-62CCDED19661
2022-07-23 19:35:39,213 [grpc-default-executor-16] WARN  server.GrpcLogAppender (GrpcLogAppender.java:resetClient(115)) - s1@group-1D19F5312903->s0-GrpcLogAppender: Leader has not got in touch with Follower s1@group-1D19F5312903->s0(c0,m0,n159, attendVote=true, lastRpcSendTime=13, lastRpcResponseTime=469) yet, just keep nextIndex unchanged and retry.
2022-07-23 19:35:39,213 [grpc-default-executor-2] WARN  server.GrpcLogAppender (GrpcLogAppender.java:resetClient(115)) - s1@group-1D19F5312903->s0-GrpcLogAppender: Leader has not got in touch with Follower s1@group-1D19F5312903->s0(c0,m0,n159, attendVote=true, lastRpcSendTime=13, lastRpcResponseTime=469) yet, just keep nextIndex unchanged and retry.
2022-07-23 19:35:39,213 [s1@group-1D19F5312903-StateMachineUpdater] INFO  statemachine.SimpleStateMachine4Testing (SimpleStateMachine4Testing.java:put(204)) - s1: put 94, m85 -> (t:1, i:94), STATEMACHINELOGENTRY, 2838@client-62CCDED19661
2022-07-23 19:35:39,214 [s1@group-1D19F5312903-StateMachineUpdater] INFO  statemachine.SimpleStateMachine4Testing (SimpleStateMachine4Testing.java:put(204)) - s1: put 95, m86 -> (t:1, i:95), STATEMACHINELOGENTRY, 2839@client-62CCDED19661
2022-07-23 19:35:39,214 [s1@group-1D19F5312903-StateMachineUpdater] INFO  statemachine.SimpleStateMachine4Testing (SimpleStateMachine4Testing.java:put(204)) - s1: put 96, m87 -> (t:1, i:96), STATEMACHINELOGENTRY, 2840@client-62CCDED19661
2022-07-23 19:35:39,214 [s1@group-1D19F5312903-StateMachineUpdater] INFO  statemachine.SimpleStateMachine4Testing (SimpleStateMachine4Testing.java:put(204)) - s1: put 97, m88 -> (t:1, i:97), STATEMACHINELOGENTRY, 2841@client-62CCDED19661
2022-07-23 19:35:39,214 [s1@group-1D19F5312903-StateMachineUpdater] INFO  statemachine.SimpleStateMachine4Testing (SimpleStateMachine4Testing.java:put(204)) - s1: put 98, m89 -> (t:1, i:98), STATEMACHINELOGENTRY, 2842@client-62CCDED19661
2022-07-23 19:35:39,214 [s1@group-1D19F5312903-StateMachineUpdater] INFO  statemachine.SimpleStateMachine4Testing (SimpleStateMachine4Testing.java:put(204)) - s1: put 99, m90 -> (t:1, i:99), STATEMACHINELOGENTRY, 2843@client-62CCDED19661
2022-07-23 19:35:39,214 [s1@group-1D19F5312903-StateMachineUpdater] INFO  statemachine.SimpleStateMachine4Testing (SimpleStateMachine4Testing.java:put(204)) - s1: put 100, m91 -> (t:1, i:100), STATEMACHINELOGENTRY, 2844@client-62CCDED19661
2022-07-23 19:35:39,214 [s1@group-1D19F5312903-StateMachineUpdater] INFO  statemachine.SimpleStateMachine4Testing (SimpleStateMachine4Testing.java:put(204)) - s1: put 101, m92 -> (t:1, i:101), STATEMACHINELOGENTRY, 2845@client-62CCDED19661
2022-07-23 19:35:39,214 [s1@group-1D19F5312903-StateMachineUpdater] INFO  statemachine.SimpleStateMachine4Testing (SimpleStateMachine4Testing.java:put(204)) - s1: put 102, m93 -> (t:1, i:102), STATEMACHINELOGENTRY, 2846@client-62CCDED19661
2022-07-23 19:35:39,214 [s1@group-1D19F5312903-StateMachineUpdater] INFO  statemachine.SimpleStateMachine4Testing (SimpleStateMachine4Testing.java:put(204)) - s1: put 104, m94 -> (t:1, i:104), STATEMACHINELOGENTRY, 2847@client-62CCDED19661
2022-07-23 19:35:39,214 [s1@group-1D19F5312903-StateMachineUpdater] INFO  statemachine.SimpleStateMachine4Testing (SimpleStateMachine4Testing.java:put(204)) - s1: put 105, m95 -> (t:1, i:105), STATEMACHINELOGENTRY, 2848@client-62CCDED19661
2022-07-23 19:35:39,214 [s1@group-1D19F5312903-StateMachineUpdater] INFO  statemachine.SimpleStateMachine4Testing (SimpleStateMachine4Testing.java:put(204)) - s1: put 106, m96 -> (t:1, i:106), STATEMACHINELOGENTRY, 2849@client-62CCDED19661
2022-07-23 19:35:39,215 [grpc-default-executor-2] WARN  server.GrpcLogAppender (LogUtils.java:warn(122)) - s1@group-1D19F5312903->s0-AppendLogResponseHandler: Failed appendEntries: org.apache.ratis.thirdparty.io.grpc.StatusRuntimeException: UNAVAILABLE: io exception
2022-07-23 19:35:39,215 [grpc-default-executor-16] WARN  server.GrpcLogAppender (LogUtils.java:warn(122)) - s1@group-1D19F5312903->s0-AppendLogResponseHandler: Failed appendEntries: org.apache.ratis.thirdparty.io.grpc.StatusRuntimeException: UNAVAILABLE: io exception
2022-07-23 19:35:39,216 [grpc-default-executor-2] WARN  server.GrpcLogAppender (GrpcLogAppender.java:resetClient(115)) - s1@group-1D19F5312903->s0-GrpcLogAppender: Leader has not got in touch with Follower s1@group-1D19F5312903->s0(c0,m0,n160, attendVote=true, lastRpcSendTime=15, lastRpcResponseTime=471) yet, just keep nextIndex unchanged and retry.
2022-07-23 19:35:39,216 [grpc-default-executor-16] WARN  server.GrpcLogAppender (GrpcLogAppender.java:resetClient(115)) - s1@group-1D19F5312903->s0-GrpcLogAppender: Leader has not got in touch with Follower s1@group-1D19F5312903->s0(c0,m0,n160, attendVote=true, lastRpcSendTime=15, lastRpcResponseTime=472) yet, just keep nextIndex unchanged and retry.
2022-07-23 19:35:39,217 [s2-server-thread2] DEBUG server.RaftServer$Division (RaftServerImpl.java:logAppendEntries(1305)) - s2@group-1D19F5312903: receive appendEntries(s1, 1, (t:1, i:158), 107, true, commits:[s1:c107, s0:c0, s2:c35], cId:242, entries: (t:1, i:159), METADATAENTRY(c:107)
2022-07-23 19:35:39,217 [grpc-default-executor-2] WARN  server.GrpcLogAppender (LogUtils.java:warn(122)) - s1@group-1D19F5312903->s0-AppendLogResponseHandler: Failed appendEntries: org.apache.ratis.thirdparty.io.grpc.StatusRuntimeException: UNAVAILABLE: io exception
2022-07-23 19:35:39,217 [grpc-default-executor-16] WARN  server.GrpcLogAppender (LogUtils.java:warn(122)) - s1@group-1D19F5312903->s0-AppendLogResponseHandler: Failed appendEntries: org.apache.ratis.thirdparty.io.grpc.StatusRuntimeException: UNAVAILABLE: io exception
2022-07-23 19:35:39,217 [grpc-default-executor-2] WARN  server.GrpcLogAppender (GrpcLogAppender.java:resetClient(115)) - s1@group-1D19F5312903->s0-GrpcLogAppender: Leader has not got in touch with Follower s1@group-1D19F5312903->s0(c0,m0,n161, attendVote=true, lastRpcSendTime=17, lastRpcResponseTime=473) yet, just keep nextIndex unchanged and retry.
2022-07-23 19:35:39,217 [grpc-default-executor-16] WARN  server.GrpcLogAppender (GrpcLogAppender.java:resetClient(115)) - s1@group-1D19F5312903->s0-GrpcLogAppender: Leader has not got in touch with Follower s1@group-1D19F5312903->s0(c0,m0,n161, attendVote=true, lastRpcSendTime=17, lastRpcResponseTime=473) yet, just keep nextIndex unchanged and retry.
2022-07-23 19:35:39,219 [s2@group-1D19F5312903-StateMachineUpdater] INFO  statemachine.SimpleStateMachine4Testing (SimpleStateMachine4Testing.java:put(204)) - s2: put 37, m32 -> (t:1, i:37), STATEMACHINELOGENTRY, 2785@client-62CCDED19661
2022-07-23 19:35:39,219 [s2-server-thread2] DEBUG server.RaftServer$Division (RaftServerImpl.java:logAppendEntries(1305)) - s2@group-1D19F5312903: receive appendEntries(s1, 1, (t:1, i:159), 108, true, commits:[s1:c108, s0:c0, s2:c35], cId:244, entries: (t:1, i:160), METADATAENTRY(c:108)
2022-07-23 19:35:39,219 [Thread-9421] DEBUG server.RaftServer$Division (RaftServerImpl.java:logAppendEntries(1305)) - s2@group-1D19F5312903: succeeded to handle AppendEntries. Reply: s1<-s2#161:OK-t1,SUCCESS,nextIndex=126,followerCommit=37,matchIndex=125
2022-07-23 19:35:39,219 [s1@group-1D19F5312903-StateMachineUpdater] INFO  statemachine.SimpleStateMachine4Testing (SimpleStateMachine4Testing.java:put(204)) - s1: put 107, m97 -> (t:1, i:107), STATEMACHINELOGENTRY, 2850@client-62CCDED19661
2022-07-23 19:35:39,220 [s1@group-1D19F5312903-StateMachineUpdater] INFO  statemachine.SimpleStateMachine4Testing (SimpleStateMachine4Testing.java:put(204)) - s1: put 108, m98 -> (t:1, i:108), STATEMACHINELOGENTRY, 2851@client-62CCDED19661
2022-07-23 19:35:39,220 [s1@group-1D19F5312903-StateMachineUpdater] INFO  statemachine.SimpleStateMachine4Testing (SimpleStateMachine4Testing.java:put(204)) - s1: put 109, m99 -> (t:1, i:109), STATEMACHINELOGENTRY, 2852@client-62CCDED19661
2022-07-23 19:35:39,220 [s2-server-thread2] DEBUG server.RaftServer$Division (RaftServerImpl.java:logAppendEntries(1305)) - s2@group-1D19F5312903: receive appendEntries(s1, 1, (t:1, i:160), 114, true, commits:[s1:c114, s0:c0, s2:c35], cId:246, entries: (t:1, i:161), METADATAENTRY(c:109)
2022-07-23 19:35:39,220 [grpc-default-executor-16] WARN  server.GrpcLogAppender (LogUtils.java:warn(122)) - s1@group-1D19F5312903->s0-AppendLogResponseHandler: Failed appendEntries: org.apache.ratis.thirdparty.io.grpc.StatusRuntimeException: UNAVAILABLE: io exception
2022-07-23 19:35:39,221 [grpc-default-executor-2] WARN  server.GrpcLogAppender (LogUtils.java:warn(122)) - s1@group-1D19F5312903->s0-AppendLogResponseHandler: Failed appendEntries: org.apache.ratis.thirdparty.io.grpc.StatusRuntimeException: UNAVAILABLE: io exception
2022-07-23 19:35:39,221 [grpc-default-executor-16] WARN  server.GrpcLogAppender (GrpcLogAppender.java:resetClient(115)) - s1@group-1D19F5312903->s0-GrpcLogAppender: Leader has not got in touch with Follower s1@group-1D19F5312903->s0(c0,m0,n162, attendVote=true, lastRpcSendTime=20, lastRpcResponseTime=476) yet, just keep nextIndex unchanged and retry.
2022-07-23 19:35:39,221 [grpc-default-executor-2] WARN  server.GrpcLogAppender (GrpcLogAppender.java:resetClient(115)) - s1@group-1D19F5312903->s0-GrpcLogAppender: Leader has not got in touch with Follower s1@group-1D19F5312903->s0(c0,m0,n162, attendVote=true, lastRpcSendTime=20, lastRpcResponseTime=477) yet, just keep nextIndex unchanged and retry.
2022-07-23 19:35:39,225 [s2@group-1D19F5312903-StateMachineUpdater] INFO  statemachine.SimpleStateMachine4Testing (SimpleStateMachine4Testing.java:put(204)) - s2: put 38, m33 -> (t:1, i:38), STATEMACHINELOGENTRY, 2786@client-62CCDED19661
2022-07-23 19:35:39,225 [Thread-9422] DEBUG server.RaftServer$Division (RaftServerImpl.java:logAppendEntries(1305)) - s2@group-1D19F5312903: succeeded to handle AppendEntries. Reply: s1<-s2#163:OK-t1,SUCCESS,nextIndex=127,followerCommit=38,matchIndex=126
2022-07-23 19:35:39,227 [s2@group-1D19F5312903-StateMachineUpdater] INFO  statemachine.SimpleStateMachine4Testing (SimpleStateMachine4Testing.java:put(204)) - s2: put 40, m34 -> (t:1, i:40), STATEMACHINELOGENTRY, 2787@client-62CCDED19661
2022-07-23 19:35:39,227 [Thread-9423] DEBUG server.RaftServer$Division (RaftServerImpl.java:logAppendEntries(1305)) - s2@group-1D19F5312903: succeeded to handle AppendEntries. Reply: s1<-s2#166:OK-t1,SUCCESS,nextIndex=128,followerCommit=40,matchIndex=127
2022-07-23 19:35:39,235 [s2@group-1D19F5312903-StateMachineUpdater] INFO  statemachine.SimpleStateMachine4Testing (SimpleStateMachine4Testing.java:put(204)) - s2: put 41, m35 -> (t:1, i:41), STATEMACHINELOGENTRY, 2788@client-62CCDED19661
2022-07-23 19:35:39,235 [Thread-9424] DEBUG server.RaftServer$Division (RaftServerImpl.java:logAppendEntries(1305)) - s2@group-1D19F5312903: succeeded to handle AppendEntries. Reply: s1<-s2#168:OK-t1,SUCCESS,nextIndex=129,followerCommit=41,matchIndex=128
2022-07-23 19:35:39,235 [s2@group-1D19F5312903-StateMachineUpdater] INFO  statemachine.SimpleStateMachine4Testing (SimpleStateMachine4Testing.java:put(204)) - s2: put 42, m36 -> (t:1, i:42), STATEMACHINELOGENTRY, 2789@client-62CCDED19661
2022-07-23 19:35:39,236 [Thread-9425] DEBUG server.RaftServer$Division (RaftServerImpl.java:logAppendEntries(1305)) - s2@group-1D19F5312903: succeeded to handle AppendEntries. Reply: s1<-s2#169:OK-t1,SUCCESS,nextIndex=130,followerCommit=42,matchIndex=129
2022-07-23 19:35:39,236 [s2@group-1D19F5312903-StateMachineUpdater] INFO  statemachine.SimpleStateMachine4Testing (SimpleStateMachine4Testing.java:put(204)) - s2: put 43, m37 -> (t:1, i:43), STATEMACHINELOGENTRY, 2790@client-62CCDED19661
2022-07-23 19:35:39,236 [Thread-9426] DEBUG server.RaftServer$Division (RaftServerImpl.java:logAppendEntries(1305)) - s2@group-1D19F5312903: succeeded to handle AppendEntries. Reply: s1<-s2#170:OK-t1,SUCCESS,nextIndex=131,followerCommit=43,matchIndex=130
2022-07-23 19:35:39,236 [s2@group-1D19F5312903-StateMachineUpdater] INFO  statemachine.SimpleStateMachine4Testing (SimpleStateMachine4Testing.java:put(204)) - s2: put 44, m38 -> (t:1, i:44), STATEMACHINELOGENTRY, 2791@client-62CCDED19661
2022-07-23 19:35:39,236 [Thread-9427] DEBUG server.RaftServer$Division (RaftServerImpl.java:logAppendEntries(1305)) - s2@group-1D19F5312903: succeeded to handle AppendEntries. Reply: s1<-s2#172:OK-t1,SUCCESS,nextIndex=132,followerCommit=44,matchIndex=131
2022-07-23 19:35:39,237 [s2@group-1D19F5312903-StateMachineUpdater] INFO  statemachine.SimpleStateMachine4Testing (SimpleStateMachine4Testing.java:put(204)) - s2: put 45, m39 -> (t:1, i:45), STATEMACHINELOGENTRY, 2792@client-62CCDED19661
2022-07-23 19:35:39,237 [Thread-9428] DEBUG server.RaftServer$Division (RaftServerImpl.java:logAppendEntries(1305)) - s2@group-1D19F5312903: succeeded to handle AppendEntries. Reply: s1<-s2#174:OK-t1,SUCCESS,nextIndex=133,followerCommit=45,matchIndex=132
2022-07-23 19:35:39,237 [grpc-default-executor-2] WARN  server.GrpcLogAppender (LogUtils.java:warn(122)) - s1@group-1D19F5312903->s0-AppendLogResponseHandler: Failed appendEntries: org.apache.ratis.thirdparty.io.grpc.StatusRuntimeException: UNAVAILABLE: io exception
2022-07-23 19:35:39,237 [Thread-9429] DEBUG server.RaftServer$Division (RaftServerImpl.java:logAppendEntries(1305)) - s2@group-1D19F5312903: succeeded to handle AppendEntries. Reply: s1<-s2#175:OK-t1,SUCCESS,nextIndex=134,followerCommit=46,matchIndex=133
2022-07-23 19:35:39,237 [s2@group-1D19F5312903-StateMachineUpdater] INFO  statemachine.SimpleStateMachine4Testing (SimpleStateMachine4Testing.java:put(204)) - s2: put 46, m40 -> (t:1, i:46), STATEMACHINELOGENTRY, 2793@client-62CCDED19661
2022-07-23 19:35:39,238 [s2@group-1D19F5312903-StateMachineUpdater] INFO  statemachine.SimpleStateMachine4Testing (SimpleStateMachine4Testing.java:put(204)) - s2: put 47, m41 -> (t:1, i:47), STATEMACHINELOGENTRY, 2794@client-62CCDED19661
2022-07-23 19:35:39,238 [grpc-default-executor-2] WARN  server.GrpcLogAppender (GrpcLogAppender.java:resetClient(115)) - s1@group-1D19F5312903->s0-GrpcLogAppender: Leader has not got in touch with Follower s1@group-1D19F5312903->s0(c0,m0,n162, attendVote=true, lastRpcSendTime=37, lastRpcResponseTime=493) yet, just keep nextIndex unchanged and retry.
2022-07-23 19:35:39,237 [grpc-default-executor-16] WARN  server.GrpcLogAppender (LogUtils.java:warn(122)) - s1@group-1D19F5312903->s0-AppendLogResponseHandler: Failed appendEntries: org.apache.ratis.thirdparty.io.grpc.StatusRuntimeException: UNAVAILABLE: io exception
2022-07-23 19:35:39,238 [Thread-9430] DEBUG server.RaftServer$Division (RaftServerImpl.java:logAppendEntries(1305)) - s2@group-1D19F5312903: succeeded to handle AppendEntries. Reply: s1<-s2#176:OK-t1,SUCCESS,nextIndex=135,followerCommit=47,matchIndex=134
2022-07-23 19:35:39,238 [grpc-default-executor-16] WARN  server.GrpcLogAppender (GrpcLogAppender.java:resetClient(115)) - s1@group-1D19F5312903->s0-GrpcLogAppender: Leader has not got in touch with Follower s1@group-1D19F5312903->s0(c0,m0,n162, attendVote=true, lastRpcSendTime=38, lastRpcResponseTime=494) yet, just keep nextIndex unchanged and retry.
2022-07-23 19:35:39,239 [grpc-default-executor-16] WARN  server.GrpcLogAppender (LogUtils.java:warn(122)) - s1@group-1D19F5312903->s0-AppendLogResponseHandler: Failed appendEntries: org.apache.ratis.thirdparty.io.grpc.StatusRuntimeException: UNAVAILABLE: io exception
2022-07-23 19:35:39,239 [grpc-default-executor-2] WARN  server.GrpcLogAppender (LogUtils.java:warn(122)) - s1@group-1D19F5312903->s0-AppendLogResponseHandler: Failed appendEntries: org.apache.ratis.thirdparty.io.grpc.StatusRuntimeException: UNAVAILABLE: io exception
2022-07-23 19:35:39,239 [grpc-default-executor-16] WARN  server.GrpcLogAppender (GrpcLogAppender.java:resetClient(115)) - s1@group-1D19F5312903->s0-GrpcLogAppender: Leader has not got in touch with Follower s1@group-1D19F5312903->s0(c0,m0,n162, attendVote=true, lastRpcSendTime=39, lastRpcResponseTime=495) yet, just keep nextIndex unchanged and retry.
2022-07-23 19:35:39,240 [grpc-default-executor-2] WARN  server.GrpcLogAppender (GrpcLogAppender.java:resetClient(115)) - s1@group-1D19F5312903->s0-GrpcLogAppender: Leader has not got in touch with Follower s1@group-1D19F5312903->s0(c0,m0,n162, attendVote=true, lastRpcSendTime=39, lastRpcResponseTime=495) yet, just keep nextIndex unchanged and retry.
2022-07-23 19:35:39,240 [grpc-default-executor-2] WARN  server.GrpcLogAppender (LogUtils.java:warn(122)) - s1@group-1D19F5312903->s0-AppendLogResponseHandler: Failed appendEntries: org.apache.ratis.thirdparty.io.grpc.StatusRuntimeException: UNAVAILABLE: io exception
2022-07-23 19:35:39,240 [grpc-default-executor-2] WARN  server.GrpcLogAppender (GrpcLogAppender.java:resetClient(115)) - s1@group-1D19F5312903->s0-GrpcLogAppender: Leader has not got in touch with Follower s1@group-1D19F5312903->s0(c0,m0,n162, attendVote=true, lastRpcSendTime=0, lastRpcResponseTime=496) yet, just keep nextIndex unchanged and retry.
2022-07-23 19:35:39,240 [grpc-default-executor-16] WARN  server.GrpcLogAppender (LogUtils.java:warn(122)) - s1@group-1D19F5312903->s0-AppendLogResponseHandler: Failed appendEntries: org.apache.ratis.thirdparty.io.grpc.StatusRuntimeException: UNAVAILABLE: io exception
2022-07-23 19:35:39,240 [grpc-default-executor-16] WARN  server.GrpcLogAppender (GrpcLogAppender.java:resetClient(115)) - s1@group-1D19F5312903->s0-GrpcLogAppender: Leader has not got in touch with Follower s1@group-1D19F5312903->s0(c0,m0,n162, attendVote=true, lastRpcSendTime=0, lastRpcResponseTime=496) yet, just keep nextIndex unchanged and retry.
2022-07-23 19:35:39,241 [Thread-9431] DEBUG server.RaftServer$Division (RaftServerImpl.java:logAppendEntries(1305)) - s2@group-1D19F5312903: succeeded to handle AppendEntries. Reply: s1<-s2#177:OK-t1,SUCCESS,nextIndex=136,followerCommit=48,matchIndex=135
2022-07-23 19:35:39,241 [s2@group-1D19F5312903-StateMachineUpdater] INFO  statemachine.SimpleStateMachine4Testing (SimpleStateMachine4Testing.java:put(204)) - s2: put 48, m42 -> (t:1, i:48), STATEMACHINELOGENTRY, 2795@client-62CCDED19661
2022-07-23 19:35:39,242 [s2@group-1D19F5312903-StateMachineUpdater] INFO  statemachine.SimpleStateMachine4Testing (SimpleStateMachine4Testing.java:put(204)) - s2: put 49, m43 -> (t:1, i:49), STATEMACHINELOGENTRY, 2796@client-62CCDED19661
2022-07-23 19:35:39,242 [Thread-9432] DEBUG server.RaftServer$Division (RaftServerImpl.java:logAppendEntries(1305)) - s2@group-1D19F5312903: succeeded to handle AppendEntries. Reply: s1<-s2#178:OK-t1,SUCCESS,nextIndex=137,followerCommit=49,matchIndex=136
2022-07-23 19:35:39,242 [s2@group-1D19F5312903-StateMachineUpdater] INFO  statemachine.SimpleStateMachine4Testing (SimpleStateMachine4Testing.java:put(204)) - s2: put 50, m44 -> (t:1, i:50), STATEMACHINELOGENTRY, 2797@client-62CCDED19661
2022-07-23 19:35:39,242 [Thread-9433] DEBUG server.RaftServer$Division (RaftServerImpl.java:logAppendEntries(1305)) - s2@group-1D19F5312903: succeeded to handle AppendEntries. Reply: s1<-s2#179:OK-t1,SUCCESS,nextIndex=138,followerCommit=50,matchIndex=137
2022-07-23 19:35:39,242 [s2@group-1D19F5312903-StateMachineUpdater] INFO  statemachine.SimpleStateMachine4Testing (SimpleStateMachine4Testing.java:put(204)) - s2: put 51, m45 -> (t:1, i:51), STATEMACHINELOGENTRY, 2798@client-62CCDED19661
2022-07-23 19:35:39,242 [Thread-9434] DEBUG server.RaftServer$Division (RaftServerImpl.java:logAppendEntries(1305)) - s2@group-1D19F5312903: succeeded to handle AppendEntries. Reply: s1<-s2#180:OK-t1,SUCCESS,nextIndex=139,followerCommit=51,matchIndex=138
2022-07-23 19:35:39,243 [s2@group-1D19F5312903-StateMachineUpdater] INFO  statemachine.SimpleStateMachine4Testing (SimpleStateMachine4Testing.java:put(204)) - s2: put 52, m46 -> (t:1, i:52), STATEMACHINELOGENTRY, 2799@client-62CCDED19661
2022-07-23 19:35:39,243 [Thread-9435] DEBUG server.RaftServer$Division (RaftServerImpl.java:logAppendEntries(1305)) - s2@group-1D19F5312903: succeeded to handle AppendEntries. Reply: s1<-s2#182:OK-t1,SUCCESS,nextIndex=140,followerCommit=52,matchIndex=139
2022-07-23 19:35:39,243 [s2@group-1D19F5312903-StateMachineUpdater] INFO  statemachine.SimpleStateMachine4Testing (SimpleStateMachine4Testing.java:put(204)) - s2: put 53, m47 -> (t:1, i:53), STATEMACHINELOGENTRY, 2800@client-62CCDED19661
2022-07-23 19:35:39,243 [Thread-9436] DEBUG server.RaftServer$Division (RaftServerImpl.java:logAppendEntries(1305)) - s2@group-1D19F5312903: succeeded to handle AppendEntries. Reply: s1<-s2#184:OK-t1,SUCCESS,nextIndex=141,followerCommit=53,matchIndex=140
2022-07-23 19:35:39,244 [s2@group-1D19F5312903-StateMachineUpdater] INFO  statemachine.SimpleStateMachine4Testing (SimpleStateMachine4Testing.java:put(204)) - s2: put 54, m48 -> (t:1, i:54), STATEMACHINELOGENTRY, 2801@client-62CCDED19661
2022-07-23 19:35:39,244 [Thread-9437] DEBUG server.RaftServer$Division (RaftServerImpl.java:logAppendEntries(1305)) - s2@group-1D19F5312903: succeeded to handle AppendEntries. Reply: s1<-s2#186:OK-t1,SUCCESS,nextIndex=142,followerCommit=54,matchIndex=141
2022-07-23 19:35:39,244 [s2@group-1D19F5312903-StateMachineUpdater] INFO  statemachine.SimpleStateMachine4Testing (SimpleStateMachine4Testing.java:put(204)) - s2: put 55, m49 -> (t:1, i:55), STATEMACHINELOGENTRY, 2802@client-62CCDED19661
2022-07-23 19:35:39,244 [Thread-9438] DEBUG server.RaftServer$Division (RaftServerImpl.java:logAppendEntries(1305)) - s2@group-1D19F5312903: succeeded to handle AppendEntries. Reply: s1<-s2#188:OK-t1,SUCCESS,nextIndex=143,followerCommit=55,matchIndex=142
2022-07-23 19:35:39,244 [s2@group-1D19F5312903-StateMachineUpdater] INFO  statemachine.SimpleStateMachine4Testing (SimpleStateMachine4Testing.java:put(204)) - s2: put 56, m50 -> (t:1, i:56), STATEMACHINELOGENTRY, 2803@client-62CCDED19661
2022-07-23 19:35:39,244 [Thread-9439] DEBUG server.RaftServer$Division (RaftServerImpl.java:logAppendEntries(1305)) - s2@group-1D19F5312903: succeeded to handle AppendEntries. Reply: s1<-s2#190:OK-t1,SUCCESS,nextIndex=144,followerCommit=56,matchIndex=143
2022-07-23 19:35:39,245 [s2@group-1D19F5312903-StateMachineUpdater] INFO  statemachine.SimpleStateMachine4Testing (SimpleStateMachine4Testing.java:put(204)) - s2: put 57, m51 -> (t:1, i:57), STATEMACHINELOGENTRY, 2804@client-62CCDED19661
2022-07-23 19:35:39,245 [Thread-9440] DEBUG server.RaftServer$Division (RaftServerImpl.java:logAppendEntries(1305)) - s2@group-1D19F5312903: succeeded to handle AppendEntries. Reply: s1<-s2#192:OK-t1,SUCCESS,nextIndex=145,followerCommit=57,matchIndex=144
2022-07-23 19:35:39,245 [s2@group-1D19F5312903-StateMachineUpdater] INFO  statemachine.SimpleStateMachine4Testing (SimpleStateMachine4Testing.java:put(204)) - s2: put 58, m52 -> (t:1, i:58), STATEMACHINELOGENTRY, 2805@client-62CCDED19661
2022-07-23 19:35:39,245 [Thread-9441] DEBUG server.RaftServer$Division (RaftServerImpl.java:logAppendEntries(1305)) - s2@group-1D19F5312903: succeeded to handle AppendEntries. Reply: s1<-s2#194:OK-t1,SUCCESS,nextIndex=146,followerCommit=58,matchIndex=145
2022-07-23 19:35:39,245 [s2@group-1D19F5312903-StateMachineUpdater] INFO  statemachine.SimpleStateMachine4Testing (SimpleStateMachine4Testing.java:put(204)) - s2: put 59, m53 -> (t:1, i:59), STATEMACHINELOGENTRY, 2806@client-62CCDED19661
2022-07-23 19:35:39,246 [Thread-9442] DEBUG server.RaftServer$Division (RaftServerImpl.java:logAppendEntries(1305)) - s2@group-1D19F5312903: succeeded to handle AppendEntries. Reply: s1<-s2#196:OK-t1,SUCCESS,nextIndex=147,followerCommit=59,matchIndex=146
2022-07-23 19:35:39,246 [s2@group-1D19F5312903-StateMachineUpdater] INFO  statemachine.SimpleStateMachine4Testing (SimpleStateMachine4Testing.java:put(204)) - s2: put 60, m54 -> (t:1, i:60), STATEMACHINELOGENTRY, 2807@client-62CCDED19661
2022-07-23 19:35:39,246 [Thread-9443] DEBUG server.RaftServer$Division (RaftServerImpl.java:logAppendEntries(1305)) - s2@group-1D19F5312903: succeeded to handle AppendEntries. Reply: s1<-s2#198:OK-t1,SUCCESS,nextIndex=148,followerCommit=60,matchIndex=147
2022-07-23 19:35:39,246 [s2@group-1D19F5312903-StateMachineUpdater] INFO  statemachine.SimpleStateMachine4Testing (SimpleStateMachine4Testing.java:put(204)) - s2: put 61, m55 -> (t:1, i:61), STATEMACHINELOGENTRY, 2808@client-62CCDED19661
2022-07-23 19:35:39,246 [Thread-9444] DEBUG server.RaftServer$Division (RaftServerImpl.java:logAppendEntries(1305)) - s2@group-1D19F5312903: succeeded to handle AppendEntries. Reply: s1<-s2#200:OK-t1,SUCCESS,nextIndex=149,followerCommit=61,matchIndex=148
2022-07-23 19:35:39,246 [s2@group-1D19F5312903-StateMachineUpdater] INFO  statemachine.SimpleStateMachine4Testing (SimpleStateMachine4Testing.java:put(204)) - s2: put 62, m56 -> (t:1, i:62), STATEMACHINELOGENTRY, 2809@client-62CCDED19661
2022-07-23 19:35:39,247 [Thread-9445] DEBUG server.RaftServer$Division (RaftServerImpl.java:logAppendEntries(1305)) - s2@group-1D19F5312903: succeeded to handle AppendEntries. Reply: s1<-s2#202:OK-t1,SUCCESS,nextIndex=150,followerCommit=62,matchIndex=149
2022-07-23 19:35:39,247 [s2@group-1D19F5312903-StateMachineUpdater] INFO  statemachine.SimpleStateMachine4Testing (SimpleStateMachine4Testing.java:put(204)) - s2: put 63, m57 -> (t:1, i:63), STATEMACHINELOGENTRY, 2810@client-62CCDED19661
2022-07-23 19:35:39,247 [Thread-9446] DEBUG server.RaftServer$Division (RaftServerImpl.java:logAppendEntries(1305)) - s2@group-1D19F5312903: succeeded to handle AppendEntries. Reply: s1<-s2#204:OK-t1,SUCCESS,nextIndex=151,followerCommit=63,matchIndex=150
2022-07-23 19:35:39,247 [s2@group-1D19F5312903-StateMachineUpdater] INFO  statemachine.SimpleStateMachine4Testing (SimpleStateMachine4Testing.java:put(204)) - s2: put 64, m58 -> (t:1, i:64), STATEMACHINELOGENTRY, 2811@client-62CCDED19661
2022-07-23 19:35:39,248 [Thread-9447] DEBUG server.RaftServer$Division (RaftServerImpl.java:logAppendEntries(1305)) - s2@group-1D19F5312903: succeeded to handle AppendEntries. Reply: s1<-s2#206:OK-t1,SUCCESS,nextIndex=152,followerCommit=64,matchIndex=151
2022-07-23 19:35:39,248 [s2@group-1D19F5312903-StateMachineUpdater] INFO  statemachine.SimpleStateMachine4Testing (SimpleStateMachine4Testing.java:put(204)) - s2: put 65, m59 -> (t:1, i:65), STATEMACHINELOGENTRY, 2812@client-62CCDED19661
2022-07-23 19:35:39,248 [Thread-9448] DEBUG server.RaftServer$Division (RaftServerImpl.java:logAppendEntries(1305)) - s2@group-1D19F5312903: succeeded to handle AppendEntries. Reply: s1<-s2#208:OK-t1,SUCCESS,nextIndex=153,followerCommit=65,matchIndex=152
2022-07-23 19:35:39,248 [s2@group-1D19F5312903-StateMachineUpdater] INFO  statemachine.SimpleStateMachine4Testing (SimpleStateMachine4Testing.java:put(204)) - s2: put 66, m60 -> (t:1, i:66), STATEMACHINELOGENTRY, 2813@client-62CCDED19661
2022-07-23 19:35:39,248 [Thread-9449] DEBUG server.RaftServer$Division (RaftServerImpl.java:logAppendEntries(1305)) - s2@group-1D19F5312903: succeeded to handle AppendEntries. Reply: s1<-s2#210:OK-t1,SUCCESS,nextIndex=154,followerCommit=66,matchIndex=153
2022-07-23 19:35:39,249 [s2@group-1D19F5312903-StateMachineUpdater] INFO  statemachine.SimpleStateMachine4Testing (SimpleStateMachine4Testing.java:put(204)) - s2: put 67, m61 -> (t:1, i:67), STATEMACHINELOGENTRY, 2814@client-62CCDED19661
2022-07-23 19:35:39,250 [Thread-9450] DEBUG server.RaftServer$Division (RaftServerImpl.java:logAppendEntries(1305)) - s2@group-1D19F5312903: succeeded to handle AppendEntries. Reply: s1<-s2#212:OK-t1,SUCCESS,nextIndex=155,followerCommit=67,matchIndex=154
2022-07-23 19:35:39,250 [s2@group-1D19F5312903-StateMachineUpdater] INFO  statemachine.SimpleStateMachine4Testing (SimpleStateMachine4Testing.java:put(204)) - s2: put 68, m62 -> (t:1, i:68), STATEMACHINELOGENTRY, 2815@client-62CCDED19661
2022-07-23 19:35:39,250 [Thread-9451] DEBUG server.RaftServer$Division (RaftServerImpl.java:logAppendEntries(1305)) - s2@group-1D19F5312903: succeeded to handle AppendEntries. Reply: s1<-s2#213:OK-t1,SUCCESS,nextIndex=156,followerCommit=68,matchIndex=155
2022-07-23 19:35:39,250 [s2@group-1D19F5312903-StateMachineUpdater] INFO  statemachine.SimpleStateMachine4Testing (SimpleStateMachine4Testing.java:put(204)) - s2: put 69, m63 -> (t:1, i:69), STATEMACHINELOGENTRY, 2816@client-62CCDED19661
2022-07-23 19:35:39,250 [s2@group-1D19F5312903-StateMachineUpdater] INFO  statemachine.SimpleStateMachine4Testing (SimpleStateMachine4Testing.java:put(204)) - s2: put 70, m64 -> (t:1, i:70), STATEMACHINELOGENTRY, 2817@client-62CCDED19661
2022-07-23 19:35:39,250 [s2@group-1D19F5312903-StateMachineUpdater] INFO  statemachine.SimpleStateMachine4Testing (SimpleStateMachine4Testing.java:put(204)) - s2: put 71, m65 -> (t:1, i:71), STATEMACHINELOGENTRY, 2818@client-62CCDED19661
2022-07-23 19:35:39,250 [s2@group-1D19F5312903-StateMachineUpdater] INFO  statemachine.SimpleStateMachine4Testing (SimpleStateMachine4Testing.java:put(204)) - s2: put 72, m66 -> (t:1, i:72), STATEMACHINELOGENTRY, 2819@client-62CCDED19661
2022-07-23 19:35:39,250 [s2@group-1D19F5312903-StateMachineUpdater] INFO  statemachine.SimpleStateMachine4Testing (SimpleStateMachine4Testing.java:put(204)) - s2: put 74, m67 -> (t:1, i:74), STATEMACHINELOGENTRY, 2820@client-62CCDED19661
2022-07-23 19:35:39,250 [s2@group-1D19F5312903-StateMachineUpdater] INFO  statemachine.SimpleStateMachine4Testing (SimpleStateMachine4Testing.java:put(204)) - s2: put 75, m68 -> (t:1, i:75), STATEMACHINELOGENTRY, 2821@client-62CCDED19661
2022-07-23 19:35:39,250 [s2@group-1D19F5312903-StateMachineUpdater] INFO  statemachine.SimpleStateMachine4Testing (SimpleStateMachine4Testing.java:put(204)) - s2: put 77, m69 -> (t:1, i:77), STATEMACHINELOGENTRY, 2822@client-62CCDED19661
2022-07-23 19:35:39,250 [s2@group-1D19F5312903-StateMachineUpdater] INFO  statemachine.SimpleStateMachine4Testing (SimpleStateMachine4Testing.java:put(204)) - s2: put 78, m70 -> (t:1, i:78), STATEMACHINELOGENTRY, 2823@client-62CCDED19661
2022-07-23 19:35:39,250 [s2@group-1D19F5312903-StateMachineUpdater] INFO  statemachine.SimpleStateMachine4Testing (SimpleStateMachine4Testing.java:put(204)) - s2: put 79, m71 -> (t:1, i:79), STATEMACHINELOGENTRY, 2824@client-62CCDED19661
2022-07-23 19:35:39,251 [s2@group-1D19F5312903-StateMachineUpdater] INFO  statemachine.SimpleStateMachine4Testing (SimpleStateMachine4Testing.java:put(204)) - s2: put 80, m72 -> (t:1, i:80), STATEMACHINELOGENTRY, 2825@client-62CCDED19661
2022-07-23 19:35:39,251 [s2@group-1D19F5312903-StateMachineUpdater] INFO  statemachine.SimpleStateMachine4Testing (SimpleStateMachine4Testing.java:put(204)) - s2: put 81, m73 -> (t:1, i:81), STATEMACHINELOGENTRY, 2826@client-62CCDED19661
2022-07-23 19:35:39,251 [s2@group-1D19F5312903-StateMachineUpdater] INFO  statemachine.SimpleStateMachine4Testing (SimpleStateMachine4Testing.java:put(204)) - s2: put 83, m74 -> (t:1, i:83), STATEMACHINELOGENTRY, 2827@client-62CCDED19661
2022-07-23 19:35:39,251 [s2@group-1D19F5312903-StateMachineUpdater] INFO  statemachine.SimpleStateMachine4Testing (SimpleStateMachine4Testing.java:put(204)) - s2: put 84, m75 -> (t:1, i:84), STATEMACHINELOGENTRY, 2828@client-62CCDED19661
2022-07-23 19:35:39,251 [s2@group-1D19F5312903-StateMachineUpdater] INFO  statemachine.SimpleStateMachine4Testing (SimpleStateMachine4Testing.java:put(204)) - s2: put 85, m76 -> (t:1, i:85), STATEMACHINELOGENTRY, 2829@client-62CCDED19661
2022-07-23 19:35:39,251 [s2@group-1D19F5312903-StateMachineUpdater] INFO  statemachine.SimpleStateMachine4Testing (SimpleStateMachine4Testing.java:put(204)) - s2: put 86, m77 -> (t:1, i:86), STATEMACHINELOGENTRY, 2830@client-62CCDED19661
2022-07-23 19:35:39,251 [s2@group-1D19F5312903-StateMachineUpdater] INFO  statemachine.SimpleStateMachine4Testing (SimpleStateMachine4Testing.java:put(204)) - s2: put 87, m78 -> (t:1, i:87), STATEMACHINELOGENTRY, 2831@client-62CCDED19661
2022-07-23 19:35:39,251 [s2@group-1D19F5312903-StateMachineUpdater] INFO  statemachine.SimpleStateMachine4Testing (SimpleStateMachine4Testing.java:put(204)) - s2: put 88, m79 -> (t:1, i:88), STATEMACHINELOGENTRY, 2832@client-62CCDED19661
2022-07-23 19:35:39,251 [s2@group-1D19F5312903-StateMachineUpdater] INFO  statemachine.SimpleStateMachine4Testing (SimpleStateMachine4Testing.java:put(204)) - s2: put 89, m80 -> (t:1, i:89), STATEMACHINELOGENTRY, 2833@client-62CCDED19661
2022-07-23 19:35:39,251 [s2@group-1D19F5312903-StateMachineUpdater] INFO  statemachine.SimpleStateMachine4Testing (SimpleStateMachine4Testing.java:put(204)) - s2: put 90, m81 -> (t:1, i:90), STATEMACHINELOGENTRY, 2834@client-62CCDED19661
2022-07-23 19:35:39,251 [s2@group-1D19F5312903-StateMachineUpdater] INFO  statemachine.SimpleStateMachine4Testing (SimpleStateMachine4Testing.java:put(204)) - s2: put 91, m82 -> (t:1, i:91), STATEMACHINELOGENTRY, 2835@client-62CCDED19661
2022-07-23 19:35:39,251 [s2@group-1D19F5312903-StateMachineUpdater] INFO  statemachine.SimpleStateMachine4Testing (SimpleStateMachine4Testing.java:put(204)) - s2: put 92, m83 -> (t:1, i:92), STATEMACHINELOGENTRY, 2836@client-62CCDED19661
2022-07-23 19:35:39,251 [s2@group-1D19F5312903-StateMachineUpdater] INFO  statemachine.SimpleStateMachine4Testing (SimpleStateMachine4Testing.java:put(204)) - s2: put 93, m84 -> (t:1, i:93), STATEMACHINELOGENTRY, 2837@client-62CCDED19661
2022-07-23 19:35:39,251 [s2@group-1D19F5312903-StateMachineUpdater] INFO  statemachine.SimpleStateMachine4Testing (SimpleStateMachine4Testing.java:put(204)) - s2: put 94, m85 -> (t:1, i:94), STATEMACHINELOGENTRY, 2838@client-62CCDED19661
2022-07-23 19:35:39,251 [s2@group-1D19F5312903-StateMachineUpdater] INFO  statemachine.SimpleStateMachine4Testing (SimpleStateMachine4Testing.java:put(204)) - s2: put 95, m86 -> (t:1, i:95), STATEMACHINELOGENTRY, 2839@client-62CCDED19661
2022-07-23 19:35:39,251 [s2@group-1D19F5312903-StateMachineUpdater] INFO  statemachine.SimpleStateMachine4Testing (SimpleStateMachine4Testing.java:put(204)) - s2: put 96, m87 -> (t:1, i:96), STATEMACHINELOGENTRY, 2840@client-62CCDED19661
2022-07-23 19:35:39,251 [s2@group-1D19F5312903-StateMachineUpdater] INFO  statemachine.SimpleStateMachine4Testing (SimpleStateMachine4Testing.java:put(204)) - s2: put 97, m88 -> (t:1, i:97), STATEMACHINELOGENTRY, 2841@client-62CCDED19661
2022-07-23 19:35:39,251 [s2@group-1D19F5312903-StateMachineUpdater] INFO  statemachine.SimpleStateMachine4Testing (SimpleStateMachine4Testing.java:put(204)) - s2: put 98, m89 -> (t:1, i:98), STATEMACHINELOGENTRY, 2842@client-62CCDED19661
2022-07-23 19:35:39,251 [s2@group-1D19F5312903-StateMachineUpdater] INFO  statemachine.SimpleStateMachine4Testing (SimpleStateMachine4Testing.java:put(204)) - s2: put 99, m90 -> (t:1, i:99), STATEMACHINELOGENTRY, 2843@client-62CCDED19661
2022-07-23 19:35:39,251 [s2@group-1D19F5312903-StateMachineUpdater] INFO  statemachine.SimpleStateMachine4Testing (SimpleStateMachine4Testing.java:put(204)) - s2: put 100, m91 -> (t:1, i:100), STATEMACHINELOGENTRY, 2844@client-62CCDED19661
2022-07-23 19:35:39,251 [s2@group-1D19F5312903-StateMachineUpdater] INFO  statemachine.SimpleStateMachine4Testing (SimpleStateMachine4Testing.java:put(204)) - s2: put 101, m92 -> (t:1, i:101), STATEMACHINELOGENTRY, 2845@client-62CCDED19661
2022-07-23 19:35:39,251 [s2@group-1D19F5312903-StateMachineUpdater] INFO  statemachine.SimpleStateMachine4Testing (SimpleStateMachine4Testing.java:put(204)) - s2: put 102, m93 -> (t:1, i:102), STATEMACHINELOGENTRY, 2846@client-62CCDED19661
2022-07-23 19:35:39,251 [s2@group-1D19F5312903-StateMachineUpdater] INFO  statemachine.SimpleStateMachine4Testing (SimpleStateMachine4Testing.java:put(204)) - s2: put 104, m94 -> (t:1, i:104), STATEMACHINELOGENTRY, 2847@client-62CCDED19661
2022-07-23 19:35:39,252 [s2@group-1D19F5312903-StateMachineUpdater] INFO  statemachine.SimpleStateMachine4Testing (SimpleStateMachine4Testing.java:put(204)) - s2: put 105, m95 -> (t:1, i:105), STATEMACHINELOGENTRY, 2848@client-62CCDED19661
2022-07-23 19:35:39,252 [s2@group-1D19F5312903-StateMachineUpdater] INFO  statemachine.SimpleStateMachine4Testing (SimpleStateMachine4Testing.java:put(204)) - s2: put 106, m96 -> (t:1, i:106), STATEMACHINELOGENTRY, 2849@client-62CCDED19661
2022-07-23 19:35:39,252 [Thread-9452] DEBUG server.RaftServer$Division (RaftServerImpl.java:logAppendEntries(1305)) - s2@group-1D19F5312903: succeeded to handle AppendEntries. Reply: s1<-s2#240:OK-t1,SUCCESS,nextIndex=159,followerCommit=106,matchIndex=158
2022-07-23 19:35:39,252 [s2@group-1D19F5312903-StateMachineUpdater] INFO  statemachine.SimpleStateMachine4Testing (SimpleStateMachine4Testing.java:put(204)) - s2: put 107, m97 -> (t:1, i:107), STATEMACHINELOGENTRY, 2850@client-62CCDED19661
2022-07-23 19:35:39,253 [Thread-9453] DEBUG server.RaftServer$Division (RaftServerImpl.java:logAppendEntries(1305)) - s2@group-1D19F5312903: succeeded to handle AppendEntries. Reply: s1<-s2#242:OK-t1,SUCCESS,nextIndex=160,followerCommit=107,matchIndex=159
2022-07-23 19:35:39,253 [s2@group-1D19F5312903-StateMachineUpdater] INFO  statemachine.SimpleStateMachine4Testing (SimpleStateMachine4Testing.java:put(204)) - s2: put 108, m98 -> (t:1, i:108), STATEMACHINELOGENTRY, 2851@client-62CCDED19661
2022-07-23 19:35:39,253 [Thread-9454] DEBUG server.RaftServer$Division (RaftServerImpl.java:logAppendEntries(1305)) - s2@group-1D19F5312903: succeeded to handle AppendEntries. Reply: s1<-s2#244:OK-t1,SUCCESS,nextIndex=161,followerCommit=108,matchIndex=160
2022-07-23 19:35:39,253 [s2@group-1D19F5312903-StateMachineUpdater] INFO  statemachine.SimpleStateMachine4Testing (SimpleStateMachine4Testing.java:put(204)) - s2: put 109, m99 -> (t:1, i:109), STATEMACHINELOGENTRY, 2852@client-62CCDED19661
2022-07-23 19:35:39,254 [Thread-9455] DEBUG server.RaftServer$Division (RaftServerImpl.java:logAppendEntries(1305)) - s2@group-1D19F5312903: succeeded to handle AppendEntries. Reply: s1<-s2#246:OK-t1,SUCCESS,nextIndex=162,followerCommit=114,matchIndex=161
2022-07-23 19:35:39,277 [grpc-default-executor-16] WARN  server.GrpcLogAppender (LogUtils.java:warn(122)) - s1@group-1D19F5312903->s0-AppendLogResponseHandler: Failed appendEntries: org.apache.ratis.thirdparty.io.grpc.StatusRuntimeException: UNAVAILABLE: io exception
2022-07-23 19:35:39,278 [grpc-default-executor-2] WARN  server.GrpcLogAppender (LogUtils.java:warn(122)) - s1@group-1D19F5312903->s0-AppendLogResponseHandler: Failed appendEntries: org.apache.ratis.thirdparty.io.grpc.StatusRuntimeException: UNAVAILABLE: io exception
2022-07-23 19:35:39,278 [grpc-default-executor-16] WARN  server.GrpcLogAppender (GrpcLogAppender.java:resetClient(115)) - s1@group-1D19F5312903->s0-GrpcLogAppender: Leader has not got in touch with Follower s1@group-1D19F5312903->s0(c0,m0,n162, attendVote=true, lastRpcSendTime=0, lastRpcResponseTime=533) yet, just keep nextIndex unchanged and retry.
2022-07-23 19:35:39,278 [grpc-default-executor-2] WARN  server.GrpcLogAppender (GrpcLogAppender.java:resetClient(115)) - s1@group-1D19F5312903->s0-GrpcLogAppender: Leader has not got in touch with Follower s1@group-1D19F5312903->s0(c0,m0,n162, attendVote=true, lastRpcSendTime=1, lastRpcResponseTime=534) yet, just keep nextIndex unchanged and retry.
2022-07-23 19:35:39,314 [grpc-default-executor-15] WARN  server.GrpcLogAppender (LogUtils.java:warn(122)) - s1@group-1D19F5312903->s0-AppendLogResponseHandler: Failed appendEntries: org.apache.ratis.thirdparty.io.grpc.StatusRuntimeException: UNAVAILABLE: io exception
2022-07-23 19:35:39,315 [grpc-default-executor-16] WARN  server.GrpcLogAppender (LogUtils.java:warn(122)) - s1@group-1D19F5312903->s0-AppendLogResponseHandler: Failed appendEntries: org.apache.ratis.thirdparty.io.grpc.StatusRuntimeException: UNAVAILABLE: io exception
2022-07-23 19:35:39,316 [grpc-default-executor-15] WARN  server.GrpcLogAppender (GrpcLogAppender.java:resetClient(115)) - s1@group-1D19F5312903->s0-GrpcLogAppender: Leader has not got in touch with Follower s1@group-1D19F5312903->s0(c0,m0,n162, attendVote=true, lastRpcSendTime=38, lastRpcResponseTime=571) yet, just keep nextIndex unchanged and retry.
2022-07-23 19:35:39,316 [grpc-default-executor-16] WARN  server.GrpcLogAppender (GrpcLogAppender.java:resetClient(115)) - s1@group-1D19F5312903->s0-GrpcLogAppender: Leader has not got in touch with Follower s1@group-1D19F5312903->s0(c0,m0,n162, attendVote=true, lastRpcSendTime=39, lastRpcResponseTime=572) yet, just keep nextIndex unchanged and retry.
2022-07-23 19:35:39,317 [grpc-default-executor-16] WARN  server.GrpcLogAppender (LogUtils.java:warn(122)) - s1@group-1D19F5312903->s0-AppendLogResponseHandler: Failed appendEntries: org.apache.ratis.thirdparty.io.grpc.StatusRuntimeException: UNAVAILABLE: io exception
2022-07-23 19:35:39,317 [grpc-default-executor-15] WARN  server.GrpcLogAppender (LogUtils.java:warn(122)) - s1@group-1D19F5312903->s0-AppendLogResponseHandler: Failed appendEntries: org.apache.ratis.thirdparty.io.grpc.StatusRuntimeException: UNAVAILABLE: io exception
2022-07-23 19:35:39,317 [grpc-default-executor-16] WARN  server.GrpcLogAppender (GrpcLogAppender.java:resetClient(115)) - s1@group-1D19F5312903->s0-GrpcLogAppender: Leader has not got in touch with Follower s1@group-1D19F5312903->s0(c0,m0,n162, attendVote=true, lastRpcSendTime=39, lastRpcResponseTime=573) yet, just keep nextIndex unchanged and retry.
2022-07-23 19:35:39,318 [grpc-default-executor-15] WARN  server.GrpcLogAppender (GrpcLogAppender.java:resetClient(115)) - s1@group-1D19F5312903->s0-GrpcLogAppender: Leader has not got in touch with Follower s1@group-1D19F5312903->s0(c0,m0,n162, attendVote=true, lastRpcSendTime=40, lastRpcResponseTime=573) yet, just keep nextIndex unchanged and retry.
2022-07-23 19:35:39,318 [grpc-default-executor-15] WARN  server.GrpcLogAppender (LogUtils.java:warn(122)) - s1@group-1D19F5312903->s0-AppendLogResponseHandler: Failed appendEntries: org.apache.ratis.thirdparty.io.grpc.StatusRuntimeException: UNAVAILABLE: io exception
2022-07-23 19:35:39,318 [grpc-default-executor-16] WARN  server.GrpcLogAppender (LogUtils.java:warn(122)) - s1@group-1D19F5312903->s0-AppendLogResponseHandler: Failed appendEntries: org.apache.ratis.thirdparty.io.grpc.StatusRuntimeException: UNAVAILABLE: io exception
2022-07-23 19:35:39,318 [grpc-default-executor-15] WARN  server.GrpcLogAppender (GrpcLogAppender.java:resetClient(115)) - s1@group-1D19F5312903->s0-GrpcLogAppender: Leader has not got in touch with Follower s1@group-1D19F5312903->s0(c0,m0,n162, attendVote=true, lastRpcSendTime=41, lastRpcResponseTime=574) yet, just keep nextIndex unchanged and retry.
2022-07-23 19:35:39,318 [grpc-default-executor-16] WARN  server.GrpcLogAppender (GrpcLogAppender.java:resetClient(115)) - s1@group-1D19F5312903->s0-GrpcLogAppender: Leader has not got in touch with Follower s1@group-1D19F5312903->s0(c0,m0,n162, attendVote=true, lastRpcSendTime=41, lastRpcResponseTime=574) yet, just keep nextIndex unchanged and retry.
2022-07-23 19:35:39,319 [grpc-default-executor-16] WARN  server.GrpcLogAppender (LogUtils.java:warn(122)) - s1@group-1D19F5312903->s0-AppendLogResponseHandler: Failed appendEntries: org.apache.ratis.thirdparty.io.grpc.StatusRuntimeException: UNAVAILABLE: io exception
2022-07-23 19:35:39,319 [grpc-default-executor-15] WARN  server.GrpcLogAppender (LogUtils.java:warn(122)) - s1@group-1D19F5312903->s0-AppendLogResponseHandler: Failed appendEntries: org.apache.ratis.thirdparty.io.grpc.StatusRuntimeException: UNAVAILABLE: io exception
2022-07-23 19:35:39,319 [grpc-default-executor-16] WARN  server.GrpcLogAppender (GrpcLogAppender.java:resetClient(115)) - s1@group-1D19F5312903->s0-GrpcLogAppender: Leader has not got in touch with Follower s1@group-1D19F5312903->s0(c0,m0,n162, attendVote=true, lastRpcSendTime=41, lastRpcResponseTime=575) yet, just keep nextIndex unchanged and retry.
2022-07-23 19:35:39,320 [grpc-default-executor-15] WARN  server.GrpcLogAppender (GrpcLogAppender.java:resetClient(115)) - s1@group-1D19F5312903->s0-GrpcLogAppender: Leader has not got in touch with Follower s1@group-1D19F5312903->s0(c0,m0,n162, attendVote=true, lastRpcSendTime=42, lastRpcResponseTime=575) yet, just keep nextIndex unchanged and retry.
2022-07-23 19:35:39,320 [grpc-default-executor-15] WARN  server.GrpcLogAppender (LogUtils.java:warn(122)) - s1@group-1D19F5312903->s0-AppendLogResponseHandler: Failed appendEntries: org.apache.ratis.thirdparty.io.grpc.StatusRuntimeException: UNAVAILABLE: io exception
2022-07-23 19:35:39,320 [grpc-default-executor-16] WARN  server.GrpcLogAppender (LogUtils.java:warn(122)) - s1@group-1D19F5312903->s0-AppendLogResponseHandler: Failed appendEntries: org.apache.ratis.thirdparty.io.grpc.StatusRuntimeException: UNAVAILABLE: io exception
2022-07-23 19:35:39,320 [grpc-default-executor-15] WARN  server.GrpcLogAppender (GrpcLogAppender.java:resetClient(115)) - s1@group-1D19F5312903->s0-GrpcLogAppender: Leader has not got in touch with Follower s1@group-1D19F5312903->s0(c0,m0,n162, attendVote=true, lastRpcSendTime=43, lastRpcResponseTime=576) yet, just keep nextIndex unchanged and retry.
2022-07-23 19:35:39,320 [grpc-default-executor-16] WARN  server.GrpcLogAppender (GrpcLogAppender.java:resetClient(115)) - s1@group-1D19F5312903->s0-GrpcLogAppender: Leader has not got in touch with Follower s1@group-1D19F5312903->s0(c0,m0,n162, attendVote=true, lastRpcSendTime=43, lastRpcResponseTime=576) yet, just keep nextIndex unchanged and retry.
2022-07-23 19:35:39,321 [grpc-default-executor-16] WARN  server.GrpcLogAppender (LogUtils.java:warn(122)) - s1@group-1D19F5312903->s0-AppendLogResponseHandler: Failed appendEntries: org.apache.ratis.thirdparty.io.grpc.StatusRuntimeException: UNAVAILABLE: io exception
2022-07-23 19:35:39,321 [grpc-default-executor-15] WARN  server.GrpcLogAppender (LogUtils.java:warn(122)) - s1@group-1D19F5312903->s0-AppendLogResponseHandler: Failed appendEntries: org.apache.ratis.thirdparty.io.grpc.StatusRuntimeException: UNAVAILABLE: io exception
2022-07-23 19:35:39,321 [grpc-default-executor-16] WARN  server.GrpcLogAppender (GrpcLogAppender.java:resetClient(115)) - s1@group-1D19F5312903->s0-GrpcLogAppender: Leader has not got in touch with Follower s1@group-1D19F5312903->s0(c0,m0,n162, attendVote=true, lastRpcSendTime=43, lastRpcResponseTime=577) yet, just keep nextIndex unchanged and retry.
2022-07-23 19:35:39,322 [grpc-default-executor-15] WARN  server.GrpcLogAppender (GrpcLogAppender.java:resetClient(115)) - s1@group-1D19F5312903->s0-GrpcLogAppender: Leader has not got in touch with Follower s1@group-1D19F5312903->s0(c0,m0,n162, attendVote=true, lastRpcSendTime=44, lastRpcResponseTime=577) yet, just keep nextIndex unchanged and retry.
2022-07-23 19:35:39,322 [grpc-default-executor-15] WARN  server.GrpcLogAppender (LogUtils.java:warn(122)) - s1@group-1D19F5312903->s0-AppendLogResponseHandler: Failed appendEntries: org.apache.ratis.thirdparty.io.grpc.StatusRuntimeException: UNAVAILABLE: io exception
2022-07-23 19:35:39,322 [grpc-default-executor-16] WARN  server.GrpcLogAppender (LogUtils.java:warn(122)) - s1@group-1D19F5312903->s0-AppendLogResponseHandler: Failed appendEntries: org.apache.ratis.thirdparty.io.grpc.StatusRuntimeException: UNAVAILABLE: io exception
2022-07-23 19:35:39,322 [grpc-default-executor-15] WARN  server.GrpcLogAppender (GrpcLogAppender.java:resetClient(115)) - s1@group-1D19F5312903->s0-GrpcLogAppender: Leader has not got in touch with Follower s1@group-1D19F5312903->s0(c0,m0,n162, attendVote=true, lastRpcSendTime=45, lastRpcResponseTime=578) yet, just keep nextIndex unchanged and retry.
2022-07-23 19:35:39,322 [grpc-default-executor-16] WARN  server.GrpcLogAppender (GrpcLogAppender.java:resetClient(115)) - s1@group-1D19F5312903->s0-GrpcLogAppender: Leader has not got in touch with Follower s1@group-1D19F5312903->s0(c0,m0,n162, attendVote=true, lastRpcSendTime=45, lastRpcResponseTime=578) yet, just keep nextIndex unchanged and retry.
2022-07-23 19:35:39,323 [grpc-default-executor-16] WARN  server.GrpcLogAppender (LogUtils.java:warn(122)) - s1@group-1D19F5312903->s0-AppendLogResponseHandler: Failed appendEntries: org.apache.ratis.thirdparty.io.grpc.StatusRuntimeException: UNAVAILABLE: io exception
2022-07-23 19:35:39,323 [grpc-default-executor-16] WARN  server.GrpcLogAppender (GrpcLogAppender.java:resetClient(115)) - s1@group-1D19F5312903->s0-GrpcLogAppender: Leader has not got in touch with Follower s1@group-1D19F5312903->s0(c0,m0,n162, attendVote=true, lastRpcSendTime=45, lastRpcResponseTime=579) yet, just keep nextIndex unchanged and retry.
2022-07-23 19:35:39,324 [grpc-default-executor-3] WARN  server.GrpcLogAppender (LogUtils.java:warn(122)) - s1@group-1D19F5312903->s0-AppendLogResponseHandler: Failed appendEntries: org.apache.ratis.thirdparty.io.grpc.StatusRuntimeException: UNAVAILABLE: io exception
2022-07-23 19:35:39,324 [grpc-default-executor-3] WARN  server.GrpcLogAppender (GrpcLogAppender.java:resetClient(115)) - s1@group-1D19F5312903->s0-GrpcLogAppender: Leader has not got in touch with Follower s1@group-1D19F5312903->s0(c0,m0,n162, attendVote=true, lastRpcSendTime=0, lastRpcResponseTime=579) yet, just keep nextIndex unchanged and retry.
2022-07-23 19:35:39,324 [grpc-default-executor-11] WARN  server.GrpcLogAppender (LogUtils.java:warn(122)) - s1@group-1D19F5312903->s0-AppendLogResponseHandler: Failed appendEntries: org.apache.ratis.thirdparty.io.grpc.StatusRuntimeException: UNAVAILABLE: io exception
2022-07-23 19:35:39,324 [grpc-default-executor-11] WARN  server.GrpcLogAppender (GrpcLogAppender.java:resetClient(115)) - s1@group-1D19F5312903->s0-GrpcLogAppender: Leader has not got in touch with Follower s1@group-1D19F5312903->s0(c0,m0,n162, attendVote=true, lastRpcSendTime=0, lastRpcResponseTime=580) yet, just keep nextIndex unchanged and retry.
2022-07-23 19:35:39,324 [grpc-default-executor-16] WARN  server.GrpcLogAppender (LogUtils.java:warn(122)) - s1@group-1D19F5312903->s0-AppendLogResponseHandler: Failed appendEntries: org.apache.ratis.thirdparty.io.grpc.StatusRuntimeException: UNAVAILABLE: io exception
2022-07-23 19:35:39,324 [grpc-default-executor-16] WARN  server.GrpcLogAppender (GrpcLogAppender.java:resetClient(115)) - s1@group-1D19F5312903->s0-GrpcLogAppender: Leader has not got in touch with Follower s1@group-1D19F5312903->s0(c0,m0,n162, attendVote=true, lastRpcSendTime=0, lastRpcResponseTime=580) yet, just keep nextIndex unchanged and retry.
2022-07-23 19:35:39,361 [grpc-default-executor-16] WARN  server.GrpcLogAppender (LogUtils.java:warn(122)) - s1@group-1D19F5312903->s0-AppendLogResponseHandler: Failed appendEntries: org.apache.ratis.thirdparty.io.grpc.StatusRuntimeException: UNAVAILABLE: io exception
2022-07-23 19:35:39,361 [grpc-default-executor-11] WARN  server.GrpcLogAppender (LogUtils.java:warn(122)) - s1@group-1D19F5312903->s0-AppendLogResponseHandler: Failed appendEntries: org.apache.ratis.thirdparty.io.grpc.StatusRuntimeException: UNAVAILABLE: io exception
2022-07-23 19:35:39,362 [grpc-default-executor-16] WARN  server.GrpcLogAppender (GrpcLogAppender.java:resetClient(115)) - s1@group-1D19F5312903->s0-GrpcLogAppender: Leader has not got in touch with Follower s1@group-1D19F5312903->s0(c0,m0,n162, attendVote=true, lastRpcSendTime=38, lastRpcResponseTime=617) yet, just keep nextIndex unchanged and retry.
2022-07-23 19:35:39,362 [grpc-default-executor-11] WARN  server.GrpcLogAppender (GrpcLogAppender.java:resetClient(115)) - s1@group-1D19F5312903->s0-GrpcLogAppender: Leader has not got in touch with Follower s1@group-1D19F5312903->s0(c0,m0,n162, attendVote=true, lastRpcSendTime=39, lastRpcResponseTime=618) yet, just keep nextIndex unchanged and retry.
2022-07-23 19:35:39,363 [grpc-default-executor-11] WARN  server.GrpcLogAppender (LogUtils.java:warn(122)) - s1@group-1D19F5312903->s0-AppendLogResponseHandler: Failed appendEntries: org.apache.ratis.thirdparty.io.grpc.StatusRuntimeException: UNAVAILABLE: io exception
2022-07-23 19:35:39,363 [grpc-default-executor-16] WARN  server.GrpcLogAppender (LogUtils.java:warn(122)) - s1@group-1D19F5312903->s0-AppendLogResponseHandler: Failed appendEntries: org.apache.ratis.thirdparty.io.grpc.StatusRuntimeException: UNAVAILABLE: io exception
2022-07-23 19:35:39,363 [grpc-default-executor-11] WARN  server.GrpcLogAppender (GrpcLogAppender.java:resetClient(115)) - s1@group-1D19F5312903->s0-GrpcLogAppender: Leader has not got in touch with Follower s1@group-1D19F5312903->s0(c0,m0,n162, attendVote=true, lastRpcSendTime=39, lastRpcResponseTime=619) yet, just keep nextIndex unchanged and retry.
2022-07-23 19:35:39,363 [grpc-default-executor-16] WARN  server.GrpcLogAppender (GrpcLogAppender.java:resetClient(115)) - s1@group-1D19F5312903->s0-GrpcLogAppender: Leader has not got in touch with Follower s1@group-1D19F5312903->s0(c0,m0,n162, attendVote=true, lastRpcSendTime=40, lastRpcResponseTime=619) yet, just keep nextIndex unchanged and retry.
2022-07-23 19:35:39,363 [grpc-default-executor-16] WARN  server.GrpcLogAppender (LogUtils.java:warn(122)) - s1@group-1D19F5312903->s0-AppendLogResponseHandler: Failed appendEntries: org.apache.ratis.thirdparty.io.grpc.StatusRuntimeException: UNAVAILABLE: io exception
2022-07-23 19:35:39,364 [grpc-default-executor-11] WARN  server.GrpcLogAppender (LogUtils.java:warn(122)) - s1@group-1D19F5312903->s0-AppendLogResponseHandler: Failed appendEntries: org.apache.ratis.thirdparty.io.grpc.StatusRuntimeException: UNAVAILABLE: io exception
2022-07-23 19:35:39,364 [grpc-default-executor-16] WARN  server.GrpcLogAppender (GrpcLogAppender.java:resetClient(115)) - s1@group-1D19F5312903->s0-GrpcLogAppender: Leader has not got in touch with Follower s1@group-1D19F5312903->s0(c0,m0,n162, attendVote=true, lastRpcSendTime=40, lastRpcResponseTime=619) yet, just keep nextIndex unchanged and retry.
2022-07-23 19:35:39,365 [grpc-default-executor-11] WARN  server.GrpcLogAppender (GrpcLogAppender.java:resetClient(115)) - s1@group-1D19F5312903->s0-GrpcLogAppender: Leader has not got in touch with Follower s1@group-1D19F5312903->s0(c0,m0,n162, attendVote=true, lastRpcSendTime=41, lastRpcResponseTime=620) yet, just keep nextIndex unchanged and retry.
2022-07-23 19:35:39,367 [grpc-default-executor-11] WARN  server.GrpcLogAppender (LogUtils.java:warn(122)) - s1@group-1D19F5312903->s0-AppendLogResponseHandler: Failed appendEntries: org.apache.ratis.thirdparty.io.grpc.StatusRuntimeException: UNAVAILABLE: io exception
2022-07-23 19:35:39,367 [grpc-default-executor-11] WARN  server.GrpcLogAppender (GrpcLogAppender.java:resetClient(115)) - s1@group-1D19F5312903->s0-GrpcLogAppender: Leader has not got in touch with Follower s1@group-1D19F5312903->s0(c0,m0,n162, attendVote=true, lastRpcSendTime=2, lastRpcResponseTime=623) yet, just keep nextIndex unchanged and retry.
2022-07-23 19:35:39,368 [grpc-default-executor-16] WARN  server.GrpcLogAppender (LogUtils.java:warn(122)) - s1@group-1D19F5312903->s0-AppendLogResponseHandler: Failed appendEntries: org.apache.ratis.thirdparty.io.grpc.StatusRuntimeException: UNAVAILABLE: io exception
2022-07-23 19:35:39,368 [grpc-default-executor-16] WARN  server.GrpcLogAppender (GrpcLogAppender.java:resetClient(115)) - s1@group-1D19F5312903->s0-GrpcLogAppender: Leader has not got in touch with Follower s1@group-1D19F5312903->s0(c0,m0,n162, attendVote=true, lastRpcSendTime=3, lastRpcResponseTime=624) yet, just keep nextIndex unchanged and retry.
2022-07-23 19:35:39,373 [Time-limited test] INFO  server.RaftServerConfigKeys (ConfUtils.java:logGet(46)) - raft.server.rpc.timeout.max = 300ms (default)
2022-07-23 19:35:39,402 [grpc-default-executor-11] WARN  server.GrpcLogAppender (LogUtils.java:warn(122)) - s1@group-1D19F5312903->s0-AppendLogResponseHandler: Failed appendEntries: org.apache.ratis.thirdparty.io.grpc.StatusRuntimeException: UNAVAILABLE: io exception
2022-07-23 19:35:39,402 [grpc-default-executor-16] WARN  server.GrpcLogAppender (LogUtils.java:warn(122)) - s1@group-1D19F5312903->s0-AppendLogResponseHandler: Failed appendEntries: org.apache.ratis.thirdparty.io.grpc.StatusRuntimeException: UNAVAILABLE: io exception
2022-07-23 19:35:39,403 [grpc-default-executor-11] WARN  server.GrpcLogAppender (GrpcLogAppender.java:resetClient(115)) - s1@group-1D19F5312903->s0-GrpcLogAppender: Leader has not got in touch with Follower s1@group-1D19F5312903->s0(c0,m0,n162, attendVote=true, lastRpcSendTime=37, lastRpcResponseTime=658) yet, just keep nextIndex unchanged and retry.
2022-07-23 19:35:39,403 [grpc-default-executor-16] WARN  server.GrpcLogAppender (GrpcLogAppender.java:resetClient(115)) - s1@group-1D19F5312903->s0-GrpcLogAppender: Leader has not got in touch with Follower s1@group-1D19F5312903->s0(c0,m0,n162, attendVote=true, lastRpcSendTime=38, lastRpcResponseTime=659) yet, just keep nextIndex unchanged and retry.
2022-07-23 19:35:39,440 [grpc-default-executor-16] WARN  server.GrpcLogAppender (LogUtils.java:warn(122)) - s1@group-1D19F5312903->s0-AppendLogResponseHandler: Failed appendEntries: org.apache.ratis.thirdparty.io.grpc.StatusRuntimeException: UNAVAILABLE: io exception
2022-07-23 19:35:39,440 [grpc-default-executor-11] WARN  server.GrpcLogAppender (LogUtils.java:warn(122)) - s1@group-1D19F5312903->s0-AppendLogResponseHandler: Failed appendEntries: org.apache.ratis.thirdparty.io.grpc.StatusRuntimeException: UNAVAILABLE: io exception
2022-07-23 19:35:39,441 [grpc-default-executor-16] WARN  server.GrpcLogAppender (GrpcLogAppender.java:resetClient(115)) - s1@group-1D19F5312903->s0-GrpcLogAppender: Leader has not got in touch with Follower s1@group-1D19F5312903->s0(c0,m0,n162, attendVote=true, lastRpcSendTime=0, lastRpcResponseTime=696) yet, just keep nextIndex unchanged and retry.
2022-07-23 19:35:39,441 [grpc-default-executor-11] WARN  server.GrpcLogAppender (GrpcLogAppender.java:resetClient(115)) - s1@group-1D19F5312903->s0-GrpcLogAppender: Leader has not got in touch with Follower s1@group-1D19F5312903->s0(c0,m0,n162, attendVote=true, lastRpcSendTime=0, lastRpcResponseTime=697) yet, just keep nextIndex unchanged and retry.
2022-07-23 19:35:39,478 [grpc-default-executor-16] WARN  server.GrpcLogAppender (LogUtils.java:warn(122)) - s1@group-1D19F5312903->s0-AppendLogResponseHandler: Failed appendEntries: org.apache.ratis.thirdparty.io.grpc.StatusRuntimeException: UNAVAILABLE: io exception
2022-07-23 19:35:39,478 [grpc-default-executor-11] WARN  server.GrpcLogAppender (LogUtils.java:warn(122)) - s1@group-1D19F5312903->s0-AppendLogResponseHandler: Failed appendEntries: org.apache.ratis.thirdparty.io.grpc.StatusRuntimeException: UNAVAILABLE: io exception
2022-07-23 19:35:39,478 [grpc-default-executor-16] WARN  server.GrpcLogAppender (GrpcLogAppender.java:resetClient(115)) - s1@group-1D19F5312903->s0-GrpcLogAppender: Leader has not got in touch with Follower s1@group-1D19F5312903->s0(c0,m0,n162, attendVote=true, lastRpcSendTime=37, lastRpcResponseTime=734) yet, just keep nextIndex unchanged and retry.
2022-07-23 19:35:39,479 [grpc-default-executor-11] WARN  server.GrpcLogAppender (GrpcLogAppender.java:resetClient(115)) - s1@group-1D19F5312903->s0-GrpcLogAppender: Leader has not got in touch with Follower s1@group-1D19F5312903->s0(c0,m0,n162, attendVote=true, lastRpcSendTime=38, lastRpcResponseTime=735) yet, just keep nextIndex unchanged and retry.
2022-07-23 19:35:39,479 [grpc-default-executor-11] WARN  server.GrpcLogAppender (LogUtils.java:warn(122)) - s1@group-1D19F5312903->s0-AppendLogResponseHandler: Failed appendEntries: org.apache.ratis.thirdparty.io.grpc.StatusRuntimeException: UNAVAILABLE: io exception
2022-07-23 19:35:39,480 [grpc-default-executor-11] WARN  server.GrpcLogAppender (GrpcLogAppender.java:resetClient(115)) - s1@group-1D19F5312903->s0-GrpcLogAppender: Leader has not got in touch with Follower s1@group-1D19F5312903->s0(c0,m0,n162, attendVote=true, lastRpcSendTime=39, lastRpcResponseTime=735) yet, just keep nextIndex unchanged and retry.
2022-07-23 19:35:39,480 [grpc-default-executor-11] WARN  server.GrpcLogAppender (LogUtils.java:warn(122)) - s1@group-1D19F5312903->s0-AppendLogResponseHandler: Failed appendEntries: org.apache.ratis.thirdparty.io.grpc.StatusRuntimeException: UNAVAILABLE: io exception
2022-07-23 19:35:39,480 [grpc-default-executor-11] WARN  server.GrpcLogAppender (GrpcLogAppender.java:resetClient(115)) - s1@group-1D19F5312903->s0-GrpcLogAppender: Leader has not got in touch with Follower s1@group-1D19F5312903->s0(c0,m0,n162, attendVote=true, lastRpcSendTime=39, lastRpcResponseTime=736) yet, just keep nextIndex unchanged and retry.
2022-07-23 19:35:39,481 [grpc-default-executor-11] WARN  server.GrpcLogAppender (LogUtils.java:warn(122)) - s1@group-1D19F5312903->s0-AppendLogResponseHandler: Failed appendEntries: org.apache.ratis.thirdparty.io.grpc.StatusRuntimeException: UNAVAILABLE: io exception
2022-07-23 19:35:39,481 [grpc-default-executor-11] WARN  server.GrpcLogAppender (GrpcLogAppender.java:resetClient(115)) - s1@group-1D19F5312903->s0-GrpcLogAppender: Leader has not got in touch with Follower s1@group-1D19F5312903->s0(c0,m0,n162, attendVote=true, lastRpcSendTime=40, lastRpcResponseTime=736) yet, just keep nextIndex unchanged and retry.
2022-07-23 19:35:39,481 [grpc-default-executor-11] WARN  server.GrpcLogAppender (LogUtils.java:warn(122)) - s1@group-1D19F5312903->s0-AppendLogResponseHandler: Failed appendEntries: org.apache.ratis.thirdparty.io.grpc.StatusRuntimeException: UNAVAILABLE: io exception
2022-07-23 19:35:39,481 [grpc-default-executor-11] WARN  server.GrpcLogAppender (GrpcLogAppender.java:resetClient(115)) - s1@group-1D19F5312903->s0-GrpcLogAppender: Leader has not got in touch with Follower s1@group-1D19F5312903->s0(c0,m0,n162, attendVote=true, lastRpcSendTime=40, lastRpcResponseTime=737) yet, just keep nextIndex unchanged and retry.
2022-07-23 19:35:39,481 [grpc-default-executor-11] WARN  server.GrpcLogAppender (LogUtils.java:warn(122)) - s1@group-1D19F5312903->s0-AppendLogResponseHandler: Failed appendEntries: org.apache.ratis.thirdparty.io.grpc.StatusRuntimeException: UNAVAILABLE: io exception
2022-07-23 19:35:39,482 [grpc-default-executor-11] WARN  server.GrpcLogAppender (GrpcLogAppender.java:resetClient(115)) - s1@group-1D19F5312903->s0-GrpcLogAppender: Leader has not got in touch with Follower s1@group-1D19F5312903->s0(c0,m0,n162, attendVote=true, lastRpcSendTime=41, lastRpcResponseTime=737) yet, just keep nextIndex unchanged and retry.
2022-07-23 19:35:39,482 [grpc-default-executor-11] WARN  server.GrpcLogAppender (LogUtils.java:warn(122)) - s1@group-1D19F5312903->s0-AppendLogResponseHandler: Failed appendEntries: org.apache.ratis.thirdparty.io.grpc.StatusRuntimeException: UNAVAILABLE: io exception
2022-07-23 19:35:39,482 [grpc-default-executor-11] WARN  server.GrpcLogAppender (GrpcLogAppender.java:resetClient(115)) - s1@group-1D19F5312903->s0-GrpcLogAppender: Leader has not got in touch with Follower s1@group-1D19F5312903->s0(c0,m0,n162, attendVote=true, lastRpcSendTime=41, lastRpcResponseTime=738) yet, just keep nextIndex unchanged and retry.
2022-07-23 19:35:39,482 [grpc-default-executor-11] WARN  server.GrpcLogAppender (LogUtils.java:warn(122)) - s1@group-1D19F5312903->s0-AppendLogResponseHandler: Failed appendEntries: org.apache.ratis.thirdparty.io.grpc.StatusRuntimeException: UNAVAILABLE: io exception
2022-07-23 19:35:39,483 [grpc-default-executor-11] WARN  server.GrpcLogAppender (GrpcLogAppender.java:resetClient(115)) - s1@group-1D19F5312903->s0-GrpcLogAppender: Leader has not got in touch with Follower s1@group-1D19F5312903->s0(c0,m0,n162, attendVote=true, lastRpcSendTime=42, lastRpcResponseTime=738) yet, just keep nextIndex unchanged and retry.
2022-07-23 19:35:39,483 [grpc-default-executor-11] WARN  server.GrpcLogAppender (LogUtils.java:warn(122)) - s1@group-1D19F5312903->s0-AppendLogResponseHandler: Failed appendEntries: org.apache.ratis.thirdparty.io.grpc.StatusRuntimeException: UNAVAILABLE: io exception
2022-07-23 19:35:39,483 [grpc-default-executor-16] WARN  server.GrpcLogAppender (LogUtils.java:warn(122)) - s1@group-1D19F5312903->s0-AppendLogResponseHandler: Failed appendEntries: org.apache.ratis.thirdparty.io.grpc.StatusRuntimeException: UNAVAILABLE: io exception
2022-07-23 19:35:39,483 [grpc-default-executor-2] WARN  server.GrpcLogAppender (LogUtils.java:warn(122)) - s1@group-1D19F5312903->s0-AppendLogResponseHandler: Failed appendEntries: org.apache.ratis.thirdparty.io.grpc.StatusRuntimeException: UNAVAILABLE: io exception
2022-07-23 19:35:39,483 [grpc-default-executor-11] WARN  server.GrpcLogAppender (GrpcLogAppender.java:resetClient(115)) - s1@group-1D19F5312903->s0-GrpcLogAppender: Leader has not got in touch with Follower s1@group-1D19F5312903->s0(c0,m0,n162, attendVote=true, lastRpcSendTime=42, lastRpcResponseTime=739) yet, just keep nextIndex unchanged and retry.
2022-07-23 19:35:39,483 [grpc-default-executor-11] WARN  server.GrpcLogAppender (LogUtils.java:warn(122)) - s1@group-1D19F5312903->s0-AppendLogResponseHandler: Failed appendEntries: org.apache.ratis.thirdparty.io.grpc.StatusRuntimeException: UNAVAILABLE: io exception
2022-07-23 19:35:39,483 [grpc-default-executor-10] WARN  server.GrpcLogAppender (LogUtils.java:warn(122)) - s1@group-1D19F5312903->s0-AppendLogResponseHandler: Failed appendEntries: org.apache.ratis.thirdparty.io.grpc.StatusRuntimeException: UNAVAILABLE: io exception
2022-07-23 19:35:39,483 [grpc-default-executor-16] WARN  server.GrpcLogAppender (GrpcLogAppender.java:resetClient(115)) - s1@group-1D19F5312903->s0-GrpcLogAppender: Leader has not got in touch with Follower s1@group-1D19F5312903->s0(c0,m0,n162, attendVote=true, lastRpcSendTime=43, lastRpcResponseTime=739) yet, just keep nextIndex unchanged and retry.
2022-07-23 19:35:39,483 [grpc-default-executor-3] WARN  server.GrpcLogAppender (LogUtils.java:warn(122)) - s1@group-1D19F5312903->s0-AppendLogResponseHandler: Failed appendEntries: org.apache.ratis.thirdparty.io.grpc.StatusRuntimeException: UNAVAILABLE: io exception
2022-07-23 19:35:39,484 [grpc-default-executor-17] WARN  server.GrpcLogAppender (LogUtils.java:warn(122)) - s1@group-1D19F5312903->s0-AppendLogResponseHandler: Failed appendEntries: org.apache.ratis.thirdparty.io.grpc.StatusRuntimeException: UNAVAILABLE: io exception
2022-07-23 19:35:39,484 [grpc-default-executor-12] WARN  server.GrpcLogAppender (LogUtils.java:warn(122)) - s1@group-1D19F5312903->s0-AppendLogResponseHandler: Failed appendEntries: org.apache.ratis.thirdparty.io.grpc.StatusRuntimeException: UNAVAILABLE: io exception
2022-07-23 19:35:39,484 [grpc-default-executor-15] WARN  server.GrpcLogAppender (LogUtils.java:warn(122)) - s1@group-1D19F5312903->s0-AppendLogResponseHandler: Failed appendEntries: org.apache.ratis.thirdparty.io.grpc.StatusRuntimeException: UNAVAILABLE: io exception
2022-07-23 19:35:39,484 [grpc-default-executor-2] WARN  server.GrpcLogAppender (GrpcLogAppender.java:resetClient(115)) - s1@group-1D19F5312903->s0-GrpcLogAppender: Leader has not got in touch with Follower s1@group-1D19F5312903->s0(c0,m0,n162, attendVote=true, lastRpcSendTime=43, lastRpcResponseTime=739) yet, just keep nextIndex unchanged and retry.
2022-07-23 19:35:39,484 [grpc-default-executor-11] WARN  server.GrpcLogAppender (GrpcLogAppender.java:resetClient(115)) - s1@group-1D19F5312903->s0-GrpcLogAppender: Leader has not got in touch with Follower s1@group-1D19F5312903->s0(c0,m0,n162, attendVote=true, lastRpcSendTime=43, lastRpcResponseTime=740) yet, just keep nextIndex unchanged and retry.
2022-07-23 19:35:39,484 [grpc-default-executor-10] WARN  server.GrpcLogAppender (GrpcLogAppender.java:resetClient(115)) - s1@group-1D19F5312903->s0-GrpcLogAppender: Leader has not got in touch with Follower s1@group-1D19F5312903->s0(c0,m0,n162, attendVote=true, lastRpcSendTime=44, lastRpcResponseTime=740) yet, just keep nextIndex unchanged and retry.
2022-07-23 19:35:39,484 [grpc-default-executor-3] WARN  server.GrpcLogAppender (GrpcLogAppender.java:resetClient(115)) - s1@group-1D19F5312903->s0-GrpcLogAppender: Leader has not got in touch with Follower s1@group-1D19F5312903->s0(c0,m0,n162, attendVote=true, lastRpcSendTime=44, lastRpcResponseTime=740) yet, just keep nextIndex unchanged and retry.
2022-07-23 19:35:39,484 [grpc-default-executor-17] WARN  server.GrpcLogAppender (GrpcLogAppender.java:resetClient(115)) - s1@group-1D19F5312903->s0-GrpcLogAppender: Leader has not got in touch with Follower s1@group-1D19F5312903->s0(c0,m0,n162, attendVote=true, lastRpcSendTime=44, lastRpcResponseTime=740) yet, just keep nextIndex unchanged and retry.
2022-07-23 19:35:39,485 [grpc-default-executor-12] WARN  server.GrpcLogAppender (GrpcLogAppender.java:resetClient(115)) - s1@group-1D19F5312903->s0-GrpcLogAppender: Leader has not got in touch with Follower s1@group-1D19F5312903->s0(c0,m0,n162, attendVote=true, lastRpcSendTime=44, lastRpcResponseTime=740) yet, just keep nextIndex unchanged and retry.
2022-07-23 19:35:39,485 [grpc-default-executor-15] WARN  server.GrpcLogAppender (GrpcLogAppender.java:resetClient(115)) - s1@group-1D19F5312903->s0-GrpcLogAppender: Leader has not got in touch with Follower s1@group-1D19F5312903->s0(c0,m0,n162, attendVote=true, lastRpcSendTime=44, lastRpcResponseTime=740) yet, just keep nextIndex unchanged and retry.
2022-07-23 19:35:39,485 [grpc-default-executor-15] WARN  server.GrpcLogAppender (LogUtils.java:warn(122)) - s1@group-1D19F5312903->s0-AppendLogResponseHandler: Failed appendEntries: org.apache.ratis.thirdparty.io.grpc.StatusRuntimeException: UNAVAILABLE: io exception
2022-07-23 19:35:39,485 [grpc-default-executor-12] WARN  server.GrpcLogAppender (LogUtils.java:warn(122)) - s1@group-1D19F5312903->s0-AppendLogResponseHandler: Failed appendEntries: org.apache.ratis.thirdparty.io.grpc.StatusRuntimeException: UNAVAILABLE: io exception
2022-07-23 19:35:39,485 [grpc-default-executor-15] WARN  server.GrpcLogAppender (GrpcLogAppender.java:resetClient(115)) - s1@group-1D19F5312903->s0-GrpcLogAppender: Leader has not got in touch with Follower s1@group-1D19F5312903->s0(c0,m0,n162, attendVote=true, lastRpcSendTime=45, lastRpcResponseTime=741) yet, just keep nextIndex unchanged and retry.
2022-07-23 19:35:39,485 [grpc-default-executor-12] WARN  server.GrpcLogAppender (GrpcLogAppender.java:resetClient(115)) - s1@group-1D19F5312903->s0-GrpcLogAppender: Leader has not got in touch with Follower s1@group-1D19F5312903->s0(c0,m0,n162, attendVote=true, lastRpcSendTime=45, lastRpcResponseTime=741) yet, just keep nextIndex unchanged and retry.
2022-07-23 19:35:39,486 [grpc-default-executor-12] WARN  server.GrpcLogAppender (LogUtils.java:warn(122)) - s1@group-1D19F5312903->s0-AppendLogResponseHandler: Failed appendEntries: org.apache.ratis.thirdparty.io.grpc.StatusRuntimeException: UNAVAILABLE: io exception
2022-07-23 19:35:39,486 [grpc-default-executor-15] WARN  server.GrpcLogAppender (LogUtils.java:warn(122)) - s1@group-1D19F5312903->s0-AppendLogResponseHandler: Failed appendEntries: org.apache.ratis.thirdparty.io.grpc.StatusRuntimeException: UNAVAILABLE: io exception
2022-07-23 19:35:39,486 [grpc-default-executor-12] WARN  server.GrpcLogAppender (GrpcLogAppender.java:resetClient(115)) - s1@group-1D19F5312903->s0-GrpcLogAppender: Leader has not got in touch with Follower s1@group-1D19F5312903->s0(c0,m0,n162, attendVote=true, lastRpcSendTime=45, lastRpcResponseTime=742) yet, just keep nextIndex unchanged and retry.
2022-07-23 19:35:39,486 [grpc-default-executor-15] WARN  server.GrpcLogAppender (GrpcLogAppender.java:resetClient(115)) - s1@group-1D19F5312903->s0-GrpcLogAppender: Leader has not got in touch with Follower s1@group-1D19F5312903->s0(c0,m0,n162, attendVote=true, lastRpcSendTime=45, lastRpcResponseTime=742) yet, just keep nextIndex unchanged and retry.
2022-07-23 19:35:39,487 [grpc-default-executor-15] WARN  server.GrpcLogAppender (LogUtils.java:warn(122)) - s1@group-1D19F5312903->s0-AppendLogResponseHandler: Failed appendEntries: org.apache.ratis.thirdparty.io.grpc.StatusRuntimeException: UNAVAILABLE: io exception
2022-07-23 19:35:39,487 [grpc-default-executor-12] WARN  server.GrpcLogAppender (LogUtils.java:warn(122)) - s1@group-1D19F5312903->s0-AppendLogResponseHandler: Failed appendEntries: org.apache.ratis.thirdparty.io.grpc.StatusRuntimeException: UNAVAILABLE: io exception
2022-07-23 19:35:39,487 [grpc-default-executor-15] WARN  server.GrpcLogAppender (GrpcLogAppender.java:resetClient(115)) - s1@group-1D19F5312903->s0-GrpcLogAppender: Leader has not got in touch with Follower s1@group-1D19F5312903->s0(c0,m0,n162, attendVote=true, lastRpcSendTime=46, lastRpcResponseTime=743) yet, just keep nextIndex unchanged and retry.
2022-07-23 19:35:39,487 [grpc-default-executor-12] WARN  server.GrpcLogAppender (GrpcLogAppender.java:resetClient(115)) - s1@group-1D19F5312903->s0-GrpcLogAppender: Leader has not got in touch with Follower s1@group-1D19F5312903->s0(c0,m0,n162, attendVote=true, lastRpcSendTime=46, lastRpcResponseTime=743) yet, just keep nextIndex unchanged and retry.
2022-07-23 19:35:39,489 [grpc-default-executor-12] WARN  server.GrpcLogAppender (LogUtils.java:warn(122)) - s1@group-1D19F5312903->s0-AppendLogResponseHandler: Failed appendEntries: org.apache.ratis.thirdparty.io.grpc.StatusRuntimeException: UNAVAILABLE: io exception
2022-07-23 19:35:39,489 [grpc-default-executor-15] WARN  server.GrpcLogAppender (LogUtils.java:warn(122)) - s1@group-1D19F5312903->s0-AppendLogResponseHandler: Failed appendEntries: org.apache.ratis.thirdparty.io.grpc.StatusRuntimeException: UNAVAILABLE: io exception
2022-07-23 19:35:39,490 [grpc-default-executor-12] WARN  server.GrpcLogAppender (GrpcLogAppender.java:resetClient(115)) - s1@group-1D19F5312903->s0-GrpcLogAppender: Leader has not got in touch with Follower s1@group-1D19F5312903->s0(c0,m0,n162, attendVote=true, lastRpcSendTime=49, lastRpcResponseTime=745) yet, just keep nextIndex unchanged and retry.
2022-07-23 19:35:39,490 [grpc-default-executor-15] WARN  server.GrpcLogAppender (GrpcLogAppender.java:resetClient(115)) - s1@group-1D19F5312903->s0-GrpcLogAppender: Leader has not got in touch with Follower s1@group-1D19F5312903->s0(c0,m0,n162, attendVote=true, lastRpcSendTime=49, lastRpcResponseTime=745) yet, just keep nextIndex unchanged and retry.
2022-07-23 19:35:39,490 [grpc-default-executor-15] WARN  server.GrpcLogAppender (LogUtils.java:warn(122)) - s1@group-1D19F5312903->s0-AppendLogResponseHandler: Failed appendEntries: org.apache.ratis.thirdparty.io.grpc.StatusRuntimeException: UNAVAILABLE: io exception
2022-07-23 19:35:39,490 [grpc-default-executor-12] WARN  server.GrpcLogAppender (LogUtils.java:warn(122)) - s1@group-1D19F5312903->s0-AppendLogResponseHandler: Failed appendEntries: org.apache.ratis.thirdparty.io.grpc.StatusRuntimeException: UNAVAILABLE: io exception
2022-07-23 19:35:39,490 [grpc-default-executor-15] WARN  server.GrpcLogAppender (GrpcLogAppender.java:resetClient(115)) - s1@group-1D19F5312903->s0-GrpcLogAppender: Leader has not got in touch with Follower s1@group-1D19F5312903->s0(c0,m0,n162, attendVote=true, lastRpcSendTime=50, lastRpcResponseTime=746) yet, just keep nextIndex unchanged and retry.
2022-07-23 19:35:39,491 [grpc-default-executor-12] WARN  server.GrpcLogAppender (GrpcLogAppender.java:resetClient(115)) - s1@group-1D19F5312903->s0-GrpcLogAppender: Leader has not got in touch with Follower s1@group-1D19F5312903->s0(c0,m0,n162, attendVote=true, lastRpcSendTime=50, lastRpcResponseTime=746) yet, just keep nextIndex unchanged and retry.
2022-07-23 19:35:39,491 [grpc-default-executor-12] WARN  server.GrpcLogAppender (LogUtils.java:warn(122)) - s1@group-1D19F5312903->s0-AppendLogResponseHandler: Failed appendEntries: org.apache.ratis.thirdparty.io.grpc.StatusRuntimeException: UNAVAILABLE: io exception
2022-07-23 19:35:39,491 [grpc-default-executor-15] WARN  server.GrpcLogAppender (LogUtils.java:warn(122)) - s1@group-1D19F5312903->s0-AppendLogResponseHandler: Failed appendEntries: org.apache.ratis.thirdparty.io.grpc.StatusRuntimeException: UNAVAILABLE: io exception
2022-07-23 19:35:39,491 [grpc-default-executor-12] WARN  server.GrpcLogAppender (GrpcLogAppender.java:resetClient(115)) - s1@group-1D19F5312903->s0-GrpcLogAppender: Leader has not got in touch with Follower s1@group-1D19F5312903->s0(c0,m0,n162, attendVote=true, lastRpcSendTime=51, lastRpcResponseTime=747) yet, just keep nextIndex unchanged and retry.
2022-07-23 19:35:39,491 [grpc-default-executor-15] WARN  server.GrpcLogAppender (GrpcLogAppender.java:resetClient(115)) - s1@group-1D19F5312903->s0-GrpcLogAppender: Leader has not got in touch with Follower s1@group-1D19F5312903->s0(c0,m0,n162, attendVote=true, lastRpcSendTime=51, lastRpcResponseTime=747) yet, just keep nextIndex unchanged and retry.
2022-07-23 19:35:39,492 [grpc-default-executor-15] WARN  server.GrpcLogAppender (LogUtils.java:warn(122)) - s1@group-1D19F5312903->s0-AppendLogResponseHandler: Failed appendEntries: org.apache.ratis.thirdparty.io.grpc.StatusRuntimeException: UNAVAILABLE: io exception
2022-07-23 19:35:39,492 [grpc-default-executor-12] WARN  server.GrpcLogAppender (LogUtils.java:warn(122)) - s1@group-1D19F5312903->s0-AppendLogResponseHandler: Failed appendEntries: org.apache.ratis.thirdparty.io.grpc.StatusRuntimeException: UNAVAILABLE: io exception
2022-07-23 19:35:39,492 [grpc-default-executor-15] WARN  server.GrpcLogAppender (GrpcLogAppender.java:resetClient(115)) - s1@group-1D19F5312903->s0-GrpcLogAppender: Leader has not got in touch with Follower s1@group-1D19F5312903->s0(c0,m0,n162, attendVote=true, lastRpcSendTime=51, lastRpcResponseTime=748) yet, just keep nextIndex unchanged and retry.
2022-07-23 19:35:39,492 [grpc-default-executor-12] WARN  server.GrpcLogAppender (GrpcLogAppender.java:resetClient(115)) - s1@group-1D19F5312903->s0-GrpcLogAppender: Leader has not got in touch with Follower s1@group-1D19F5312903->s0(c0,m0,n162, attendVote=true, lastRpcSendTime=52, lastRpcResponseTime=748) yet, just keep nextIndex unchanged and retry.
2022-07-23 19:35:39,493 [grpc-default-executor-12] WARN  server.GrpcLogAppender (LogUtils.java:warn(122)) - s1@group-1D19F5312903->s0-AppendLogResponseHandler: Failed appendEntries: org.apache.ratis.thirdparty.io.grpc.StatusRuntimeException: UNAVAILABLE: io exception
2022-07-23 19:35:39,493 [grpc-default-executor-15] WARN  server.GrpcLogAppender (LogUtils.java:warn(122)) - s1@group-1D19F5312903->s0-AppendLogResponseHandler: Failed appendEntries: org.apache.ratis.thirdparty.io.grpc.StatusRuntimeException: UNAVAILABLE: io exception
2022-07-23 19:35:39,493 [grpc-default-executor-12] WARN  server.GrpcLogAppender (GrpcLogAppender.java:resetClient(115)) - s1@group-1D19F5312903->s0-GrpcLogAppender: Leader has not got in touch with Follower s1@group-1D19F5312903->s0(c0,m0,n162, attendVote=true, lastRpcSendTime=52, lastRpcResponseTime=749) yet, just keep nextIndex unchanged and retry.
2022-07-23 19:35:39,493 [grpc-default-executor-15] WARN  server.GrpcLogAppender (GrpcLogAppender.java:resetClient(115)) - s1@group-1D19F5312903->s0-GrpcLogAppender: Leader has not got in touch with Follower s1@group-1D19F5312903->s0(c0,m0,n162, attendVote=true, lastRpcSendTime=52, lastRpcResponseTime=749) yet, just keep nextIndex unchanged and retry.
2022-07-23 19:35:39,494 [grpc-default-executor-15] WARN  server.GrpcLogAppender (LogUtils.java:warn(122)) - s1@group-1D19F5312903->s0-AppendLogResponseHandler: Failed appendEntries: org.apache.ratis.thirdparty.io.grpc.StatusRuntimeException: UNAVAILABLE: io exception
2022-07-23 19:35:39,494 [grpc-default-executor-12] WARN  server.GrpcLogAppender (LogUtils.java:warn(122)) - s1@group-1D19F5312903->s0-AppendLogResponseHandler: Failed appendEntries: org.apache.ratis.thirdparty.io.grpc.StatusRuntimeException: UNAVAILABLE: io exception
2022-07-23 19:35:39,494 [grpc-default-executor-15] WARN  server.GrpcLogAppender (GrpcLogAppender.java:resetClient(115)) - s1@group-1D19F5312903->s0-GrpcLogAppender: Leader has not got in touch with Follower s1@group-1D19F5312903->s0(c0,m0,n162, attendVote=true, lastRpcSendTime=53, lastRpcResponseTime=750) yet, just keep nextIndex unchanged and retry.
2022-07-23 19:35:39,494 [grpc-default-executor-12] WARN  server.GrpcLogAppender (GrpcLogAppender.java:resetClient(115)) - s1@group-1D19F5312903->s0-GrpcLogAppender: Leader has not got in touch with Follower s1@group-1D19F5312903->s0(c0,m0,n162, attendVote=true, lastRpcSendTime=53, lastRpcResponseTime=750) yet, just keep nextIndex unchanged and retry.
2022-07-23 19:35:39,496 [grpc-default-executor-12] WARN  server.GrpcLogAppender (LogUtils.java:warn(122)) - s1@group-1D19F5312903->s0-AppendLogResponseHandler: Failed appendEntries: org.apache.ratis.thirdparty.io.grpc.StatusRuntimeException: UNAVAILABLE: io exception
2022-07-23 19:35:39,496 [grpc-default-executor-15] WARN  server.GrpcLogAppender (LogUtils.java:warn(122)) - s1@group-1D19F5312903->s0-AppendLogResponseHandler: Failed appendEntries: org.apache.ratis.thirdparty.io.grpc.StatusRuntimeException: UNAVAILABLE: io exception
2022-07-23 19:35:39,496 [grpc-default-executor-12] WARN  server.GrpcLogAppender (GrpcLogAppender.java:resetClient(115)) - s1@group-1D19F5312903->s0-GrpcLogAppender: Leader has not got in touch with Follower s1@group-1D19F5312903->s0(c0,m0,n162, attendVote=true, lastRpcSendTime=55, lastRpcResponseTime=752) yet, just keep nextIndex unchanged and retry.
2022-07-23 19:35:39,496 [grpc-default-executor-15] WARN  server.GrpcLogAppender (GrpcLogAppender.java:resetClient(115)) - s1@group-1D19F5312903->s0-GrpcLogAppender: Leader has not got in touch with Follower s1@group-1D19F5312903->s0(c0,m0,n162, attendVote=true, lastRpcSendTime=55, lastRpcResponseTime=752) yet, just keep nextIndex unchanged and retry.
2022-07-23 19:35:39,497 [grpc-default-executor-15] WARN  server.GrpcLogAppender (LogUtils.java:warn(122)) - s1@group-1D19F5312903->s0-AppendLogResponseHandler: Failed appendEntries: org.apache.ratis.thirdparty.io.grpc.StatusRuntimeException: UNAVAILABLE: io exception
2022-07-23 19:35:39,497 [grpc-default-executor-12] WARN  server.GrpcLogAppender (LogUtils.java:warn(122)) - s1@group-1D19F5312903->s0-AppendLogResponseHandler: Failed appendEntries: org.apache.ratis.thirdparty.io.grpc.StatusRuntimeException: UNAVAILABLE: io exception
2022-07-23 19:35:39,497 [grpc-default-executor-15] WARN  server.GrpcLogAppender (GrpcLogAppender.java:resetClient(115)) - s1@group-1D19F5312903->s0-GrpcLogAppender: Leader has not got in touch with Follower s1@group-1D19F5312903->s0(c0,m0,n162, attendVote=true, lastRpcSendTime=56, lastRpcResponseTime=753) yet, just keep nextIndex unchanged and retry.
2022-07-23 19:35:39,497 [grpc-default-executor-12] WARN  server.GrpcLogAppender (GrpcLogAppender.java:resetClient(115)) - s1@group-1D19F5312903->s0-GrpcLogAppender: Leader has not got in touch with Follower s1@group-1D19F5312903->s0(c0,m0,n162, attendVote=true, lastRpcSendTime=56, lastRpcResponseTime=753) yet, just keep nextIndex unchanged and retry.
2022-07-23 19:35:39,497 [grpc-default-executor-12] WARN  server.GrpcLogAppender (LogUtils.java:warn(122)) - s1@group-1D19F5312903->s0-AppendLogResponseHandler: Failed appendEntries: org.apache.ratis.thirdparty.io.grpc.StatusRuntimeException: UNAVAILABLE: io exception
2022-07-23 19:35:39,498 [grpc-default-executor-15] WARN  server.GrpcLogAppender (LogUtils.java:warn(122)) - s1@group-1D19F5312903->s0-AppendLogResponseHandler: Failed appendEntries: org.apache.ratis.thirdparty.io.grpc.StatusRuntimeException: UNAVAILABLE: io exception
2022-07-23 19:35:39,498 [grpc-default-executor-12] WARN  server.GrpcLogAppender (GrpcLogAppender.java:resetClient(115)) - s1@group-1D19F5312903->s0-GrpcLogAppender: Leader has not got in touch with Follower s1@group-1D19F5312903->s0(c0,m0,n162, attendVote=true, lastRpcSendTime=57, lastRpcResponseTime=754) yet, just keep nextIndex unchanged and retry.
2022-07-23 19:35:39,498 [grpc-default-executor-15] WARN  server.GrpcLogAppender (GrpcLogAppender.java:resetClient(115)) - s1@group-1D19F5312903->s0-GrpcLogAppender: Leader has not got in touch with Follower s1@group-1D19F5312903->s0(c0,m0,n162, attendVote=true, lastRpcSendTime=57, lastRpcResponseTime=754) yet, just keep nextIndex unchanged and retry.
2022-07-23 19:35:39,498 [grpc-default-executor-15] WARN  server.GrpcLogAppender (LogUtils.java:warn(122)) - s1@group-1D19F5312903->s0-AppendLogResponseHandler: Failed appendEntries: org.apache.ratis.thirdparty.io.grpc.StatusRuntimeException: UNAVAILABLE: io exception
2022-07-23 19:35:39,499 [grpc-default-executor-12] WARN  server.GrpcLogAppender (LogUtils.java:warn(122)) - s1@group-1D19F5312903->s0-AppendLogResponseHandler: Failed appendEntries: org.apache.ratis.thirdparty.io.grpc.StatusRuntimeException: UNAVAILABLE: io exception
2022-07-23 19:35:39,499 [grpc-default-executor-15] WARN  server.GrpcLogAppender (GrpcLogAppender.java:resetClient(115)) - s1@group-1D19F5312903->s0-GrpcLogAppender: Leader has not got in touch with Follower s1@group-1D19F5312903->s0(c0,m0,n162, attendVote=true, lastRpcSendTime=58, lastRpcResponseTime=755) yet, just keep nextIndex unchanged and retry.
2022-07-23 19:35:39,499 [grpc-default-executor-12] WARN  server.GrpcLogAppender (GrpcLogAppender.java:resetClient(115)) - s1@group-1D19F5312903->s0-GrpcLogAppender: Leader has not got in touch with Follower s1@group-1D19F5312903->s0(c0,m0,n162, attendVote=true, lastRpcSendTime=58, lastRpcResponseTime=755) yet, just keep nextIndex unchanged and retry.
2022-07-23 19:35:39,499 [grpc-default-executor-12] WARN  server.GrpcLogAppender (LogUtils.java:warn(122)) - s1@group-1D19F5312903->s0-AppendLogResponseHandler: Failed appendEntries: org.apache.ratis.thirdparty.io.grpc.StatusRuntimeException: UNAVAILABLE: io exception
2022-07-23 19:35:39,500 [grpc-default-executor-15] WARN  server.GrpcLogAppender (LogUtils.java:warn(122)) - s1@group-1D19F5312903->s0-AppendLogResponseHandler: Failed appendEntries: org.apache.ratis.thirdparty.io.grpc.StatusRuntimeException: UNAVAILABLE: io exception
2022-07-23 19:35:39,500 [grpc-default-executor-12] WARN  server.GrpcLogAppender (GrpcLogAppender.java:resetClient(115)) - s1@group-1D19F5312903->s0-GrpcLogAppender: Leader has not got in touch with Follower s1@group-1D19F5312903->s0(c0,m0,n162, attendVote=true, lastRpcSendTime=59, lastRpcResponseTime=755) yet, just keep nextIndex unchanged and retry.
2022-07-23 19:35:39,500 [grpc-default-executor-15] WARN  server.GrpcLogAppender (GrpcLogAppender.java:resetClient(115)) - s1@group-1D19F5312903->s0-GrpcLogAppender: Leader has not got in touch with Follower s1@group-1D19F5312903->s0(c0,m0,n162, attendVote=true, lastRpcSendTime=59, lastRpcResponseTime=755) yet, just keep nextIndex unchanged and retry.
2022-07-23 19:35:39,500 [grpc-default-executor-15] WARN  server.GrpcLogAppender (LogUtils.java:warn(122)) - s1@group-1D19F5312903->s0-AppendLogResponseHandler: Failed appendEntries: org.apache.ratis.thirdparty.io.grpc.StatusRuntimeException: UNAVAILABLE: io exception
2022-07-23 19:35:39,501 [grpc-default-executor-12] WARN  server.GrpcLogAppender (LogUtils.java:warn(122)) - s1@group-1D19F5312903->s0-AppendLogResponseHandler: Failed appendEntries: org.apache.ratis.thirdparty.io.grpc.StatusRuntimeException: UNAVAILABLE: io exception
2022-07-23 19:35:39,501 [grpc-default-executor-15] WARN  server.GrpcLogAppender (GrpcLogAppender.java:resetClient(115)) - s1@group-1D19F5312903->s0-GrpcLogAppender: Leader has not got in touch with Follower s1@group-1D19F5312903->s0(c0,m0,n162, attendVote=true, lastRpcSendTime=60, lastRpcResponseTime=756) yet, just keep nextIndex unchanged and retry.
2022-07-23 19:35:39,501 [grpc-default-executor-12] WARN  server.GrpcLogAppender (GrpcLogAppender.java:resetClient(115)) - s1@group-1D19F5312903->s0-GrpcLogAppender: Leader has not got in touch with Follower s1@group-1D19F5312903->s0(c0,m0,n162, attendVote=true, lastRpcSendTime=60, lastRpcResponseTime=756) yet, just keep nextIndex unchanged and retry.
2022-07-23 19:35:39,501 [grpc-default-executor-12] WARN  server.GrpcLogAppender (LogUtils.java:warn(122)) - s1@group-1D19F5312903->s0-AppendLogResponseHandler: Failed appendEntries: org.apache.ratis.thirdparty.io.grpc.StatusRuntimeException: UNAVAILABLE: io exception
2022-07-23 19:35:39,501 [grpc-default-executor-15] WARN  server.GrpcLogAppender (LogUtils.java:warn(122)) - s1@group-1D19F5312903->s0-AppendLogResponseHandler: Failed appendEntries: org.apache.ratis.thirdparty.io.grpc.StatusRuntimeException: UNAVAILABLE: io exception
2022-07-23 19:35:39,502 [grpc-default-executor-12] WARN  server.GrpcLogAppender (GrpcLogAppender.java:resetClient(115)) - s1@group-1D19F5312903->s0-GrpcLogAppender: Leader has not got in touch with Follower s1@group-1D19F5312903->s0(c0,m0,n162, attendVote=true, lastRpcSendTime=61, lastRpcResponseTime=757) yet, just keep nextIndex unchanged and retry.
2022-07-23 19:35:39,502 [grpc-default-executor-15] WARN  server.GrpcLogAppender (GrpcLogAppender.java:resetClient(115)) - s1@group-1D19F5312903->s0-GrpcLogAppender: Leader has not got in touch with Follower s1@group-1D19F5312903->s0(c0,m0,n162, attendVote=true, lastRpcSendTime=61, lastRpcResponseTime=757) yet, just keep nextIndex unchanged and retry.
2022-07-23 19:35:39,502 [grpc-default-executor-15] WARN  server.GrpcLogAppender (LogUtils.java:warn(122)) - s1@group-1D19F5312903->s0-AppendLogResponseHandler: Failed appendEntries: org.apache.ratis.thirdparty.io.grpc.StatusRuntimeException: UNAVAILABLE: io exception
2022-07-23 19:35:39,502 [grpc-default-executor-12] WARN  server.GrpcLogAppender (LogUtils.java:warn(122)) - s1@group-1D19F5312903->s0-AppendLogResponseHandler: Failed appendEntries: org.apache.ratis.thirdparty.io.grpc.StatusRuntimeException: UNAVAILABLE: io exception
2022-07-23 19:35:39,503 [grpc-default-executor-15] WARN  server.GrpcLogAppender (GrpcLogAppender.java:resetClient(115)) - s1@group-1D19F5312903->s0-GrpcLogAppender: Leader has not got in touch with Follower s1@group-1D19F5312903->s0(c0,m0,n162, attendVote=true, lastRpcSendTime=62, lastRpcResponseTime=758) yet, just keep nextIndex unchanged and retry.
2022-07-23 19:35:39,503 [grpc-default-executor-12] WARN  server.GrpcLogAppender (GrpcLogAppender.java:resetClient(115)) - s1@group-1D19F5312903->s0-GrpcLogAppender: Leader has not got in touch with Follower s1@group-1D19F5312903->s0(c0,m0,n162, attendVote=true, lastRpcSendTime=62, lastRpcResponseTime=758) yet, just keep nextIndex unchanged and retry.
2022-07-23 19:35:39,503 [grpc-default-executor-12] WARN  server.GrpcLogAppender (LogUtils.java:warn(122)) - s1@group-1D19F5312903->s0-AppendLogResponseHandler: Failed appendEntries: org.apache.ratis.thirdparty.io.grpc.StatusRuntimeException: UNAVAILABLE: io exception
2022-07-23 19:35:39,503 [grpc-default-executor-15] WARN  server.GrpcLogAppender (LogUtils.java:warn(122)) - s1@group-1D19F5312903->s0-AppendLogResponseHandler: Failed appendEntries: org.apache.ratis.thirdparty.io.grpc.StatusRuntimeException: UNAVAILABLE: io exception
2022-07-23 19:35:39,504 [grpc-default-executor-12] WARN  server.GrpcLogAppender (GrpcLogAppender.java:resetClient(115)) - s1@group-1D19F5312903->s0-GrpcLogAppender: Leader has not got in touch with Follower s1@group-1D19F5312903->s0(c0,m0,n162, attendVote=true, lastRpcSendTime=63, lastRpcResponseTime=759) yet, just keep nextIndex unchanged and retry.
2022-07-23 19:35:39,504 [grpc-default-executor-15] WARN  server.GrpcLogAppender (GrpcLogAppender.java:resetClient(115)) - s1@group-1D19F5312903->s0-GrpcLogAppender: Leader has not got in touch with Follower s1@group-1D19F5312903->s0(c0,m0,n162, attendVote=true, lastRpcSendTime=63, lastRpcResponseTime=760) yet, just keep nextIndex unchanged and retry.
2022-07-23 19:35:39,505 [grpc-default-executor-12] WARN  server.GrpcLogAppender (LogUtils.java:warn(122)) - s1@group-1D19F5312903->s0-AppendLogResponseHandler: Failed appendEntries: org.apache.ratis.thirdparty.io.grpc.StatusRuntimeException: UNAVAILABLE: io exception
2022-07-23 19:35:39,505 [grpc-default-executor-12] WARN  server.GrpcLogAppender (GrpcLogAppender.java:resetClient(115)) - s1@group-1D19F5312903->s0-GrpcLogAppender: Leader has not got in touch with Follower s1@group-1D19F5312903->s0(c0,m0,n162, attendVote=true, lastRpcSendTime=0, lastRpcResponseTime=760) yet, just keep nextIndex unchanged and retry.
2022-07-23 19:35:39,505 [grpc-default-executor-15] WARN  server.GrpcLogAppender (LogUtils.java:warn(122)) - s1@group-1D19F5312903->s0-AppendLogResponseHandler: Failed appendEntries: org.apache.ratis.thirdparty.io.grpc.StatusRuntimeException: UNAVAILABLE: io exception
2022-07-23 19:35:39,505 [grpc-default-executor-15] WARN  server.GrpcLogAppender (GrpcLogAppender.java:resetClient(115)) - s1@group-1D19F5312903->s0-GrpcLogAppender: Leader has not got in touch with Follower s1@group-1D19F5312903->s0(c0,m0,n162, attendVote=true, lastRpcSendTime=0, lastRpcResponseTime=761) yet, just keep nextIndex unchanged and retry.
2022-07-23 19:35:39,542 [grpc-default-executor-15] WARN  server.GrpcLogAppender (LogUtils.java:warn(122)) - s1@group-1D19F5312903->s0-AppendLogResponseHandler: Failed appendEntries: org.apache.ratis.thirdparty.io.grpc.StatusRuntimeException: UNAVAILABLE: io exception
2022-07-23 19:35:39,542 [grpc-default-executor-12] WARN  server.GrpcLogAppender (LogUtils.java:warn(122)) - s1@group-1D19F5312903->s0-AppendLogResponseHandler: Failed appendEntries: org.apache.ratis.thirdparty.io.grpc.StatusRuntimeException: UNAVAILABLE: io exception
2022-07-23 19:35:39,543 [grpc-default-executor-15] WARN  server.GrpcLogAppender (GrpcLogAppender.java:resetClient(115)) - s1@group-1D19F5312903->s0-GrpcLogAppender: Leader has not got in touch with Follower s1@group-1D19F5312903->s0(c0,m0,n162, attendVote=true, lastRpcSendTime=38, lastRpcResponseTime=798) yet, just keep nextIndex unchanged and retry.
2022-07-23 19:35:39,543 [grpc-default-executor-12] WARN  server.GrpcLogAppender (GrpcLogAppender.java:resetClient(115)) - s1@group-1D19F5312903->s0-GrpcLogAppender: Leader has not got in touch with Follower s1@group-1D19F5312903->s0(c0,m0,n162, attendVote=true, lastRpcSendTime=38, lastRpcResponseTime=799) yet, just keep nextIndex unchanged and retry.
2022-07-23 19:35:39,544 [grpc-default-executor-12] WARN  server.GrpcLogAppender (LogUtils.java:warn(122)) - s1@group-1D19F5312903->s0-AppendLogResponseHandler: Failed appendEntries: org.apache.ratis.thirdparty.io.grpc.StatusRuntimeException: UNAVAILABLE: io exception
2022-07-23 19:35:39,544 [grpc-default-executor-15] WARN  server.GrpcLogAppender (LogUtils.java:warn(122)) - s1@group-1D19F5312903->s0-AppendLogResponseHandler: Failed appendEntries: org.apache.ratis.thirdparty.io.grpc.StatusRuntimeException: UNAVAILABLE: io exception
2022-07-23 19:35:39,544 [grpc-default-executor-12] WARN  server.GrpcLogAppender (GrpcLogAppender.java:resetClient(115)) - s1@group-1D19F5312903->s0-GrpcLogAppender: Leader has not got in touch with Follower s1@group-1D19F5312903->s0(c0,m0,n162, attendVote=true, lastRpcSendTime=39, lastRpcResponseTime=800) yet, just keep nextIndex unchanged and retry.
2022-07-23 19:35:39,545 [grpc-default-executor-15] WARN  server.GrpcLogAppender (GrpcLogAppender.java:resetClient(115)) - s1@group-1D19F5312903->s0-GrpcLogAppender: Leader has not got in touch with Follower s1@group-1D19F5312903->s0(c0,m0,n162, attendVote=true, lastRpcSendTime=40, lastRpcResponseTime=800) yet, just keep nextIndex unchanged and retry.
2022-07-23 19:35:39,545 [grpc-default-executor-15] WARN  server.GrpcLogAppender (LogUtils.java:warn(122)) - s1@group-1D19F5312903->s0-AppendLogResponseHandler: Failed appendEntries: org.apache.ratis.thirdparty.io.grpc.StatusRuntimeException: UNAVAILABLE: io exception
2022-07-23 19:35:39,545 [grpc-default-executor-12] WARN  server.GrpcLogAppender (LogUtils.java:warn(122)) - s1@group-1D19F5312903->s0-AppendLogResponseHandler: Failed appendEntries: org.apache.ratis.thirdparty.io.grpc.StatusRuntimeException: UNAVAILABLE: io exception
2022-07-23 19:35:39,545 [grpc-default-executor-15] WARN  server.GrpcLogAppender (GrpcLogAppender.java:resetClient(115)) - s1@group-1D19F5312903->s0-GrpcLogAppender: Leader has not got in touch with Follower s1@group-1D19F5312903->s0(c0,m0,n162, attendVote=true, lastRpcSendTime=40, lastRpcResponseTime=801) yet, just keep nextIndex unchanged and retry.
2022-07-23 19:35:39,546 [grpc-default-executor-12] WARN  server.GrpcLogAppender (GrpcLogAppender.java:resetClient(115)) - s1@group-1D19F5312903->s0-GrpcLogAppender: Leader has not got in touch with Follower s1@group-1D19F5312903->s0(c0,m0,n162, attendVote=true, lastRpcSendTime=40, lastRpcResponseTime=801) yet, just keep nextIndex unchanged and retry.
2022-07-23 19:35:39,546 [grpc-default-executor-12] WARN  server.GrpcLogAppender (LogUtils.java:warn(122)) - s1@group-1D19F5312903->s0-AppendLogResponseHandler: Failed appendEntries: org.apache.ratis.thirdparty.io.grpc.StatusRuntimeException: UNAVAILABLE: io exception
2022-07-23 19:35:39,546 [grpc-default-executor-15] WARN  server.GrpcLogAppender (LogUtils.java:warn(122)) - s1@group-1D19F5312903->s0-AppendLogResponseHandler: Failed appendEntries: org.apache.ratis.thirdparty.io.grpc.StatusRuntimeException: UNAVAILABLE: io exception
2022-07-23 19:35:39,546 [grpc-default-executor-12] WARN  server.GrpcLogAppender (GrpcLogAppender.java:resetClient(115)) - s1@group-1D19F5312903->s0-GrpcLogAppender: Leader has not got in touch with Follower s1@group-1D19F5312903->s0(c0,m0,n162, attendVote=true, lastRpcSendTime=41, lastRpcResponseTime=802) yet, just keep nextIndex unchanged and retry.
2022-07-23 19:35:39,547 [grpc-default-executor-15] WARN  server.GrpcLogAppender (GrpcLogAppender.java:resetClient(115)) - s1@group-1D19F5312903->s0-GrpcLogAppender: Leader has not got in touch with Follower s1@group-1D19F5312903->s0(c0,m0,n162, attendVote=true, lastRpcSendTime=42, lastRpcResponseTime=802) yet, just keep nextIndex unchanged and retry.
2022-07-23 19:35:39,549 [grpc-default-executor-15] WARN  server.GrpcLogAppender (LogUtils.java:warn(122)) - s1@group-1D19F5312903->s0-AppendLogResponseHandler: Failed appendEntries: org.apache.ratis.thirdparty.io.grpc.StatusRuntimeException: UNAVAILABLE: io exception
2022-07-23 19:35:39,549 [grpc-default-executor-12] WARN  server.GrpcLogAppender (LogUtils.java:warn(122)) - s1@group-1D19F5312903->s0-AppendLogResponseHandler: Failed appendEntries: org.apache.ratis.thirdparty.io.grpc.StatusRuntimeException: UNAVAILABLE: io exception
2022-07-23 19:35:39,549 [grpc-default-executor-15] WARN  server.GrpcLogAppender (GrpcLogAppender.java:resetClient(115)) - s1@group-1D19F5312903->s0-GrpcLogAppender: Leader has not got in touch with Follower s1@group-1D19F5312903->s0(c0,m0,n162, attendVote=true, lastRpcSendTime=44, lastRpcResponseTime=805) yet, just keep nextIndex unchanged and retry.
2022-07-23 19:35:39,549 [grpc-default-executor-12] WARN  server.GrpcLogAppender (GrpcLogAppender.java:resetClient(115)) - s1@group-1D19F5312903->s0-GrpcLogAppender: Leader has not got in touch with Follower s1@group-1D19F5312903->s0(c0,m0,n162, attendVote=true, lastRpcSendTime=44, lastRpcResponseTime=805) yet, just keep nextIndex unchanged and retry.
2022-07-23 19:35:39,550 [grpc-default-executor-12] WARN  server.GrpcLogAppender (LogUtils.java:warn(122)) - s1@group-1D19F5312903->s0-AppendLogResponseHandler: Failed appendEntries: org.apache.ratis.thirdparty.io.grpc.StatusRuntimeException: UNAVAILABLE: io exception
2022-07-23 19:35:39,550 [grpc-default-executor-15] WARN  server.GrpcLogAppender (LogUtils.java:warn(122)) - s1@group-1D19F5312903->s0-AppendLogResponseHandler: Failed appendEntries: org.apache.ratis.thirdparty.io.grpc.StatusRuntimeException: UNAVAILABLE: io exception
2022-07-23 19:35:39,550 [grpc-default-executor-12] WARN  server.GrpcLogAppender (GrpcLogAppender.java:resetClient(115)) - s1@group-1D19F5312903->s0-GrpcLogAppender: Leader has not got in touch with Follower s1@group-1D19F5312903->s0(c0,m0,n162, attendVote=true, lastRpcSendTime=45, lastRpcResponseTime=806) yet, just keep nextIndex unchanged and retry.
2022-07-23 19:35:39,551 [grpc-default-executor-15] WARN  server.GrpcLogAppender (GrpcLogAppender.java:resetClient(115)) - s1@group-1D19F5312903->s0-GrpcLogAppender: Leader has not got in touch with Follower s1@group-1D19F5312903->s0(c0,m0,n162, attendVote=true, lastRpcSendTime=46, lastRpcResponseTime=807) yet, just keep nextIndex unchanged and retry.
2022-07-23 19:35:39,551 [grpc-default-executor-15] WARN  server.GrpcLogAppender (LogUtils.java:warn(122)) - s1@group-1D19F5312903->s0-AppendLogResponseHandler: Failed appendEntries: org.apache.ratis.thirdparty.io.grpc.StatusRuntimeException: UNAVAILABLE: io exception
2022-07-23 19:35:39,552 [grpc-default-executor-12] WARN  server.GrpcLogAppender (LogUtils.java:warn(122)) - s1@group-1D19F5312903->s0-AppendLogResponseHandler: Failed appendEntries: org.apache.ratis.thirdparty.io.grpc.StatusRuntimeException: UNAVAILABLE: io exception
2022-07-23 19:35:39,552 [grpc-default-executor-15] WARN  server.GrpcLogAppender (GrpcLogAppender.java:resetClient(115)) - s1@group-1D19F5312903->s0-GrpcLogAppender: Leader has not got in touch with Follower s1@group-1D19F5312903->s0(c0,m0,n162, attendVote=true, lastRpcSendTime=47, lastRpcResponseTime=807) yet, just keep nextIndex unchanged and retry.
2022-07-23 19:35:39,552 [grpc-default-executor-12] WARN  server.GrpcLogAppender (GrpcLogAppender.java:resetClient(115)) - s1@group-1D19F5312903->s0-GrpcLogAppender: Leader has not got in touch with Follower s1@group-1D19F5312903->s0(c0,m0,n162, attendVote=true, lastRpcSendTime=47, lastRpcResponseTime=807) yet, just keep nextIndex unchanged and retry.
2022-07-23 19:35:39,552 [grpc-default-executor-12] WARN  server.GrpcLogAppender (LogUtils.java:warn(122)) - s1@group-1D19F5312903->s0-AppendLogResponseHandler: Failed appendEntries: org.apache.ratis.thirdparty.io.grpc.StatusRuntimeException: UNAVAILABLE: io exception
2022-07-23 19:35:39,552 [grpc-default-executor-15] WARN  server.GrpcLogAppender (LogUtils.java:warn(122)) - s1@group-1D19F5312903->s0-AppendLogResponseHandler: Failed appendEntries: org.apache.ratis.thirdparty.io.grpc.StatusRuntimeException: UNAVAILABLE: io exception
2022-07-23 19:35:39,553 [grpc-default-executor-12] WARN  server.GrpcLogAppender (GrpcLogAppender.java:resetClient(115)) - s1@group-1D19F5312903->s0-GrpcLogAppender: Leader has not got in touch with Follower s1@group-1D19F5312903->s0(c0,m0,n162, attendVote=true, lastRpcSendTime=48, lastRpcResponseTime=808) yet, just keep nextIndex unchanged and retry.
2022-07-23 19:35:39,553 [grpc-default-executor-15] WARN  server.GrpcLogAppender (GrpcLogAppender.java:resetClient(115)) - s1@group-1D19F5312903->s0-GrpcLogAppender: Leader has not got in touch with Follower s1@group-1D19F5312903->s0(c0,m0,n162, attendVote=true, lastRpcSendTime=48, lastRpcResponseTime=809) yet, just keep nextIndex unchanged and retry.
2022-07-23 19:35:39,554 [grpc-default-executor-15] WARN  server.GrpcLogAppender (LogUtils.java:warn(122)) - s1@group-1D19F5312903->s0-AppendLogResponseHandler: Failed appendEntries: org.apache.ratis.thirdparty.io.grpc.StatusRuntimeException: UNAVAILABLE: io exception
2022-07-23 19:35:39,554 [grpc-default-executor-12] WARN  server.GrpcLogAppender (LogUtils.java:warn(122)) - s1@group-1D19F5312903->s0-AppendLogResponseHandler: Failed appendEntries: org.apache.ratis.thirdparty.io.grpc.StatusRuntimeException: UNAVAILABLE: io exception
2022-07-23 19:35:39,554 [grpc-default-executor-15] WARN  server.GrpcLogAppender (GrpcLogAppender.java:resetClient(115)) - s1@group-1D19F5312903->s0-GrpcLogAppender: Leader has not got in touch with Follower s1@group-1D19F5312903->s0(c0,m0,n162, attendVote=true, lastRpcSendTime=49, lastRpcResponseTime=810) yet, just keep nextIndex unchanged and retry.
2022-07-23 19:35:39,554 [grpc-default-executor-12] WARN  server.GrpcLogAppender (GrpcLogAppender.java:resetClient(115)) - s1@group-1D19F5312903->s0-GrpcLogAppender: Leader has not got in touch with Follower s1@group-1D19F5312903->s0(c0,m0,n162, attendVote=true, lastRpcSendTime=49, lastRpcResponseTime=810) yet, just keep nextIndex unchanged and retry.
2022-07-23 19:35:39,555 [grpc-default-executor-12] WARN  server.GrpcLogAppender (LogUtils.java:warn(122)) - s1@group-1D19F5312903->s0-AppendLogResponseHandler: Failed appendEntries: org.apache.ratis.thirdparty.io.grpc.StatusRuntimeException: UNAVAILABLE: io exception
2022-07-23 19:35:39,555 [grpc-default-executor-15] WARN  server.GrpcLogAppender (LogUtils.java:warn(122)) - s1@group-1D19F5312903->s0-AppendLogResponseHandler: Failed appendEntries: org.apache.ratis.thirdparty.io.grpc.StatusRuntimeException: UNAVAILABLE: io exception
2022-07-23 19:35:39,555 [grpc-default-executor-12] WARN  server.GrpcLogAppender (GrpcLogAppender.java:resetClient(115)) - s1@group-1D19F5312903->s0-GrpcLogAppender: Leader has not got in touch with Follower s1@group-1D19F5312903->s0(c0,m0,n162, attendVote=true, lastRpcSendTime=50, lastRpcResponseTime=811) yet, just keep nextIndex unchanged and retry.
2022-07-23 19:35:39,555 [grpc-default-executor-15] WARN  server.GrpcLogAppender (GrpcLogAppender.java:resetClient(115)) - s1@group-1D19F5312903->s0-GrpcLogAppender: Leader has not got in touch with Follower s1@group-1D19F5312903->s0(c0,m0,n162, attendVote=true, lastRpcSendTime=50, lastRpcResponseTime=811) yet, just keep nextIndex unchanged and retry.
2022-07-23 19:35:39,556 [grpc-default-executor-15] WARN  server.GrpcLogAppender (LogUtils.java:warn(122)) - s1@group-1D19F5312903->s0-AppendLogResponseHandler: Failed appendEntries: org.apache.ratis.thirdparty.io.grpc.StatusRuntimeException: UNAVAILABLE: io exception
2022-07-23 19:35:39,556 [grpc-default-executor-12] WARN  server.GrpcLogAppender (LogUtils.java:warn(122)) - s1@group-1D19F5312903->s0-AppendLogResponseHandler: Failed appendEntries: org.apache.ratis.thirdparty.io.grpc.StatusRuntimeException: UNAVAILABLE: io exception
2022-07-23 19:35:39,556 [grpc-default-executor-15] WARN  server.GrpcLogAppender (GrpcLogAppender.java:resetClient(115)) - s1@group-1D19F5312903->s0-GrpcLogAppender: Leader has not got in touch with Follower s1@group-1D19F5312903->s0(c0,m0,n162, attendVote=true, lastRpcSendTime=51, lastRpcResponseTime=812) yet, just keep nextIndex unchanged and retry.
2022-07-23 19:35:39,556 [grpc-default-executor-12] WARN  server.GrpcLogAppender (GrpcLogAppender.java:resetClient(115)) - s1@group-1D19F5312903->s0-GrpcLogAppender: Leader has not got in touch with Follower s1@group-1D19F5312903->s0(c0,m0,n162, attendVote=true, lastRpcSendTime=51, lastRpcResponseTime=812) yet, just keep nextIndex unchanged and retry.
2022-07-23 19:35:39,556 [grpc-default-executor-12] WARN  server.GrpcLogAppender (LogUtils.java:warn(122)) - s1@group-1D19F5312903->s0-AppendLogResponseHandler: Failed appendEntries: org.apache.ratis.thirdparty.io.grpc.StatusRuntimeException: UNAVAILABLE: io exception
2022-07-23 19:35:39,557 [grpc-default-executor-15] WARN  server.GrpcLogAppender (LogUtils.java:warn(122)) - s1@group-1D19F5312903->s0-AppendLogResponseHandler: Failed appendEntries: org.apache.ratis.thirdparty.io.grpc.StatusRuntimeException: UNAVAILABLE: io exception
2022-07-23 19:35:39,557 [grpc-default-executor-12] WARN  server.GrpcLogAppender (GrpcLogAppender.java:resetClient(115)) - s1@group-1D19F5312903->s0-GrpcLogAppender: Leader has not got in touch with Follower s1@group-1D19F5312903->s0(c0,m0,n162, attendVote=true, lastRpcSendTime=52, lastRpcResponseTime=812) yet, just keep nextIndex unchanged and retry.
2022-07-23 19:35:39,557 [grpc-default-executor-15] WARN  server.GrpcLogAppender (GrpcLogAppender.java:resetClient(115)) - s1@group-1D19F5312903->s0-GrpcLogAppender: Leader has not got in touch with Follower s1@group-1D19F5312903->s0(c0,m0,n162, attendVote=true, lastRpcSendTime=52, lastRpcResponseTime=813) yet, just keep nextIndex unchanged and retry.
2022-07-23 19:35:39,557 [grpc-default-executor-15] WARN  server.GrpcLogAppender (LogUtils.java:warn(122)) - s1@group-1D19F5312903->s0-AppendLogResponseHandler: Failed appendEntries: org.apache.ratis.thirdparty.io.grpc.StatusRuntimeException: UNAVAILABLE: io exception
2022-07-23 19:35:39,558 [grpc-default-executor-12] WARN  server.GrpcLogAppender (LogUtils.java:warn(122)) - s1@group-1D19F5312903->s0-AppendLogResponseHandler: Failed appendEntries: org.apache.ratis.thirdparty.io.grpc.StatusRuntimeException: UNAVAILABLE: io exception
2022-07-23 19:35:39,558 [grpc-default-executor-15] WARN  server.GrpcLogAppender (GrpcLogAppender.java:resetClient(115)) - s1@group-1D19F5312903->s0-GrpcLogAppender: Leader has not got in touch with Follower s1@group-1D19F5312903->s0(c0,m0,n162, attendVote=true, lastRpcSendTime=53, lastRpcResponseTime=813) yet, just keep nextIndex unchanged and retry.
2022-07-23 19:35:39,558 [grpc-default-executor-12] WARN  server.GrpcLogAppender (GrpcLogAppender.java:resetClient(115)) - s1@group-1D19F5312903->s0-GrpcLogAppender: Leader has not got in touch with Follower s1@group-1D19F5312903->s0(c0,m0,n162, attendVote=true, lastRpcSendTime=53, lastRpcResponseTime=813) yet, just keep nextIndex unchanged and retry.
2022-07-23 19:35:39,559 [grpc-default-executor-12] WARN  server.GrpcLogAppender (LogUtils.java:warn(122)) - s1@group-1D19F5312903->s0-AppendLogResponseHandler: Failed appendEntries: org.apache.ratis.thirdparty.io.grpc.StatusRuntimeException: UNAVAILABLE: io exception
2022-07-23 19:35:39,559 [grpc-default-executor-15] WARN  server.GrpcLogAppender (LogUtils.java:warn(122)) - s1@group-1D19F5312903->s0-AppendLogResponseHandler: Failed appendEntries: org.apache.ratis.thirdparty.io.grpc.StatusRuntimeException: UNAVAILABLE: io exception
2022-07-23 19:35:39,559 [grpc-default-executor-12] WARN  server.GrpcLogAppender (GrpcLogAppender.java:resetClient(115)) - s1@group-1D19F5312903->s0-GrpcLogAppender: Leader has not got in touch with Follower s1@group-1D19F5312903->s0(c0,m0,n162, attendVote=true, lastRpcSendTime=54, lastRpcResponseTime=815) yet, just keep nextIndex unchanged and retry.
2022-07-23 19:35:39,559 [grpc-default-executor-15] WARN  server.GrpcLogAppender (GrpcLogAppender.java:resetClient(115)) - s1@group-1D19F5312903->s0-GrpcLogAppender: Leader has not got in touch with Follower s1@group-1D19F5312903->s0(c0,m0,n162, attendVote=true, lastRpcSendTime=54, lastRpcResponseTime=815) yet, just keep nextIndex unchanged and retry.
2022-07-23 19:35:39,560 [grpc-default-executor-15] WARN  server.GrpcLogAppender (LogUtils.java:warn(122)) - s1@group-1D19F5312903->s0-AppendLogResponseHandler: Failed appendEntries: org.apache.ratis.thirdparty.io.grpc.StatusRuntimeException: UNAVAILABLE: io exception
2022-07-23 19:35:39,560 [grpc-default-executor-12] WARN  server.GrpcLogAppender (LogUtils.java:warn(122)) - s1@group-1D19F5312903->s0-AppendLogResponseHandler: Failed appendEntries: org.apache.ratis.thirdparty.io.grpc.StatusRuntimeException: UNAVAILABLE: io exception
2022-07-23 19:35:39,560 [grpc-default-executor-15] WARN  server.GrpcLogAppender (GrpcLogAppender.java:resetClient(115)) - s1@group-1D19F5312903->s0-GrpcLogAppender: Leader has not got in touch with Follower s1@group-1D19F5312903->s0(c0,m0,n162, attendVote=true, lastRpcSendTime=55, lastRpcResponseTime=816) yet, just keep nextIndex unchanged and retry.
2022-07-23 19:35:39,560 [grpc-default-executor-12] WARN  server.GrpcLogAppender (GrpcLogAppender.java:resetClient(115)) - s1@group-1D19F5312903->s0-GrpcLogAppender: Leader has not got in touch with Follower s1@group-1D19F5312903->s0(c0,m0,n162, attendVote=true, lastRpcSendTime=55, lastRpcResponseTime=816) yet, just keep nextIndex unchanged and retry.
2022-07-23 19:35:39,561 [grpc-default-executor-12] WARN  server.GrpcLogAppender (LogUtils.java:warn(122)) - s1@group-1D19F5312903->s0-AppendLogResponseHandler: Failed appendEntries: org.apache.ratis.thirdparty.io.grpc.StatusRuntimeException: UNAVAILABLE: io exception
2022-07-23 19:35:39,561 [grpc-default-executor-15] WARN  server.GrpcLogAppender (LogUtils.java:warn(122)) - s1@group-1D19F5312903->s0-AppendLogResponseHandler: Failed appendEntries: org.apache.ratis.thirdparty.io.grpc.StatusRuntimeException: UNAVAILABLE: io exception
2022-07-23 19:35:39,561 [grpc-default-executor-12] WARN  server.GrpcLogAppender (GrpcLogAppender.java:resetClient(115)) - s1@group-1D19F5312903->s0-GrpcLogAppender: Leader has not got in touch with Follower s1@group-1D19F5312903->s0(c0,m0,n162, attendVote=true, lastRpcSendTime=56, lastRpcResponseTime=817) yet, just keep nextIndex unchanged and retry.
2022-07-23 19:35:39,561 [grpc-default-executor-15] WARN  server.GrpcLogAppender (GrpcLogAppender.java:resetClient(115)) - s1@group-1D19F5312903->s0-GrpcLogAppender: Leader has not got in touch with Follower s1@group-1D19F5312903->s0(c0,m0,n162, attendVote=true, lastRpcSendTime=56, lastRpcResponseTime=817) yet, just keep nextIndex unchanged and retry.
2022-07-23 19:35:39,562 [grpc-default-executor-15] WARN  server.GrpcLogAppender (LogUtils.java:warn(122)) - s1@group-1D19F5312903->s0-AppendLogResponseHandler: Failed appendEntries: org.apache.ratis.thirdparty.io.grpc.StatusRuntimeException: UNAVAILABLE: io exception
2022-07-23 19:35:39,562 [grpc-default-executor-12] WARN  server.GrpcLogAppender (LogUtils.java:warn(122)) - s1@group-1D19F5312903->s0-AppendLogResponseHandler: Failed appendEntries: org.apache.ratis.thirdparty.io.grpc.StatusRuntimeException: UNAVAILABLE: io exception
2022-07-23 19:35:39,562 [grpc-default-executor-15] WARN  server.GrpcLogAppender (GrpcLogAppender.java:resetClient(115)) - s1@group-1D19F5312903->s0-GrpcLogAppender: Leader has not got in touch with Follower s1@group-1D19F5312903->s0(c0,m0,n162, attendVote=true, lastRpcSendTime=57, lastRpcResponseTime=818) yet, just keep nextIndex unchanged and retry.
2022-07-23 19:35:39,562 [grpc-default-executor-12] WARN  server.GrpcLogAppender (GrpcLogAppender.java:resetClient(115)) - s1@group-1D19F5312903->s0-GrpcLogAppender: Leader has not got in touch with Follower s1@group-1D19F5312903->s0(c0,m0,n162, attendVote=true, lastRpcSendTime=57, lastRpcResponseTime=818) yet, just keep nextIndex unchanged and retry.
2022-07-23 19:35:39,563 [grpc-default-executor-12] WARN  server.GrpcLogAppender (LogUtils.java:warn(122)) - s1@group-1D19F5312903->s0-AppendLogResponseHandler: Failed appendEntries: org.apache.ratis.thirdparty.io.grpc.StatusRuntimeException: UNAVAILABLE: io exception
2022-07-23 19:35:39,563 [grpc-default-executor-15] WARN  server.GrpcLogAppender (LogUtils.java:warn(122)) - s1@group-1D19F5312903->s0-AppendLogResponseHandler: Failed appendEntries: org.apache.ratis.thirdparty.io.grpc.StatusRuntimeException: UNAVAILABLE: io exception
2022-07-23 19:35:39,563 [grpc-default-executor-12] WARN  server.GrpcLogAppender (GrpcLogAppender.java:resetClient(115)) - s1@group-1D19F5312903->s0-GrpcLogAppender: Leader has not got in touch with Follower s1@group-1D19F5312903->s0(c0,m0,n162, attendVote=true, lastRpcSendTime=58, lastRpcResponseTime=819) yet, just keep nextIndex unchanged and retry.
2022-07-23 19:35:39,563 [grpc-default-executor-15] WARN  server.GrpcLogAppender (GrpcLogAppender.java:resetClient(115)) - s1@group-1D19F5312903->s0-GrpcLogAppender: Leader has not got in touch with Follower s1@group-1D19F5312903->s0(c0,m0,n162, attendVote=true, lastRpcSendTime=58, lastRpcResponseTime=819) yet, just keep nextIndex unchanged and retry.
2022-07-23 19:35:39,564 [grpc-default-executor-15] WARN  server.GrpcLogAppender (LogUtils.java:warn(122)) - s1@group-1D19F5312903->s0-AppendLogResponseHandler: Failed appendEntries: org.apache.ratis.thirdparty.io.grpc.StatusRuntimeException: UNAVAILABLE: io exception
2022-07-23 19:35:39,564 [grpc-default-executor-12] WARN  server.GrpcLogAppender (LogUtils.java:warn(122)) - s1@group-1D19F5312903->s0-AppendLogResponseHandler: Failed appendEntries: org.apache.ratis.thirdparty.io.grpc.StatusRuntimeException: UNAVAILABLE: io exception
2022-07-23 19:35:39,564 [grpc-default-executor-15] WARN  server.GrpcLogAppender (GrpcLogAppender.java:resetClient(115)) - s1@group-1D19F5312903->s0-GrpcLogAppender: Leader has not got in touch with Follower s1@group-1D19F5312903->s0(c0,m0,n162, attendVote=true, lastRpcSendTime=59, lastRpcResponseTime=820) yet, just keep nextIndex unchanged and retry.
2022-07-23 19:35:39,564 [grpc-default-executor-12] WARN  server.GrpcLogAppender (GrpcLogAppender.java:resetClient(115)) - s1@group-1D19F5312903->s0-GrpcLogAppender: Leader has not got in touch with Follower s1@group-1D19F5312903->s0(c0,m0,n162, attendVote=true, lastRpcSendTime=59, lastRpcResponseTime=820) yet, just keep nextIndex unchanged and retry.
2022-07-23 19:35:39,565 [grpc-default-executor-12] WARN  server.GrpcLogAppender (LogUtils.java:warn(122)) - s1@group-1D19F5312903->s0-AppendLogResponseHandler: Failed appendEntries: org.apache.ratis.thirdparty.io.grpc.StatusRuntimeException: UNAVAILABLE: io exception
2022-07-23 19:35:39,565 [grpc-default-executor-15] WARN  server.GrpcLogAppender (LogUtils.java:warn(122)) - s1@group-1D19F5312903->s0-AppendLogResponseHandler: Failed appendEntries: org.apache.ratis.thirdparty.io.grpc.StatusRuntimeException: UNAVAILABLE: io exception
2022-07-23 19:35:39,565 [grpc-default-executor-12] WARN  server.GrpcLogAppender (GrpcLogAppender.java:resetClient(115)) - s1@group-1D19F5312903->s0-GrpcLogAppender: Leader has not got in touch with Follower s1@group-1D19F5312903->s0(c0,m0,n162, attendVote=true, lastRpcSendTime=60, lastRpcResponseTime=821) yet, just keep nextIndex unchanged and retry.
2022-07-23 19:35:39,565 [grpc-default-executor-15] WARN  server.GrpcLogAppender (GrpcLogAppender.java:resetClient(115)) - s1@group-1D19F5312903->s0-GrpcLogAppender: Leader has not got in touch with Follower s1@group-1D19F5312903->s0(c0,m0,n162, attendVote=true, lastRpcSendTime=60, lastRpcResponseTime=821) yet, just keep nextIndex unchanged and retry.
2022-07-23 19:35:39,566 [grpc-default-executor-15] WARN  server.GrpcLogAppender (LogUtils.java:warn(122)) - s1@group-1D19F5312903->s0-AppendLogResponseHandler: Failed appendEntries: org.apache.ratis.thirdparty.io.grpc.StatusRuntimeException: UNAVAILABLE: io exception
2022-07-23 19:35:39,566 [grpc-default-executor-12] WARN  server.GrpcLogAppender (LogUtils.java:warn(122)) - s1@group-1D19F5312903->s0-AppendLogResponseHandler: Failed appendEntries: org.apache.ratis.thirdparty.io.grpc.StatusRuntimeException: UNAVAILABLE: io exception
2022-07-23 19:35:39,566 [grpc-default-executor-15] WARN  server.GrpcLogAppender (GrpcLogAppender.java:resetClient(115)) - s1@group-1D19F5312903->s0-GrpcLogAppender: Leader has not got in touch with Follower s1@group-1D19F5312903->s0(c0,m0,n162, attendVote=true, lastRpcSendTime=61, lastRpcResponseTime=821) yet, just keep nextIndex unchanged and retry.
2022-07-23 19:35:39,566 [grpc-default-executor-12] WARN  server.GrpcLogAppender (GrpcLogAppender.java:resetClient(115)) - s1@group-1D19F5312903->s0-GrpcLogAppender: Leader has not got in touch with Follower s1@group-1D19F5312903->s0(c0,m0,n162, attendVote=true, lastRpcSendTime=61, lastRpcResponseTime=822) yet, just keep nextIndex unchanged and retry.
2022-07-23 19:35:39,604 [grpc-default-executor-12] WARN  server.GrpcLogAppender (LogUtils.java:warn(122)) - s1@group-1D19F5312903->s0-AppendLogResponseHandler: Failed appendEntries: org.apache.ratis.thirdparty.io.grpc.StatusRuntimeException: UNAVAILABLE: io exception
2022-07-23 19:35:39,604 [grpc-default-executor-12] WARN  server.GrpcLogAppender (GrpcLogAppender.java:resetClient(115)) - s1@group-1D19F5312903->s0-GrpcLogAppender: Leader has not got in touch with Follower s1@group-1D19F5312903->s0(c0,m0,n162, attendVote=true, lastRpcSendTime=0, lastRpcResponseTime=860) yet, just keep nextIndex unchanged and retry.
2022-07-23 19:35:39,604 [grpc-default-executor-15] WARN  server.GrpcLogAppender (LogUtils.java:warn(122)) - s1@group-1D19F5312903->s0-AppendLogResponseHandler: Failed appendEntries: org.apache.ratis.thirdparty.io.grpc.StatusRuntimeException: UNAVAILABLE: io exception
2022-07-23 19:35:39,605 [grpc-default-executor-15] WARN  server.GrpcLogAppender (GrpcLogAppender.java:resetClient(115)) - s1@group-1D19F5312903->s0-GrpcLogAppender: Leader has not got in touch with Follower s1@group-1D19F5312903->s0(c0,m0,n162, attendVote=true, lastRpcSendTime=1, lastRpcResponseTime=861) yet, just keep nextIndex unchanged and retry.
2022-07-23 19:35:39,641 [grpc-default-executor-15] WARN  server.GrpcLogAppender (LogUtils.java:warn(122)) - s1@group-1D19F5312903->s0-AppendLogResponseHandler: Failed appendEntries: org.apache.ratis.thirdparty.io.grpc.StatusRuntimeException: UNAVAILABLE: io exception
2022-07-23 19:35:39,641 [grpc-default-executor-12] WARN  server.GrpcLogAppender (LogUtils.java:warn(122)) - s1@group-1D19F5312903->s0-AppendLogResponseHandler: Failed appendEntries: org.apache.ratis.thirdparty.io.grpc.StatusRuntimeException: UNAVAILABLE: io exception
2022-07-23 19:35:39,641 [grpc-default-executor-15] WARN  server.GrpcLogAppender (GrpcLogAppender.java:resetClient(115)) - s1@group-1D19F5312903->s0-GrpcLogAppender: Leader has not got in touch with Follower s1@group-1D19F5312903->s0(c0,m0,n162, attendVote=true, lastRpcSendTime=37, lastRpcResponseTime=897) yet, just keep nextIndex unchanged and retry.
2022-07-23 19:35:39,642 [grpc-default-executor-12] WARN  server.GrpcLogAppender (GrpcLogAppender.java:resetClient(115)) - s1@group-1D19F5312903->s0-GrpcLogAppender: Leader has not got in touch with Follower s1@group-1D19F5312903->s0(c0,m0,n162, attendVote=true, lastRpcSendTime=37, lastRpcResponseTime=897) yet, just keep nextIndex unchanged and retry.
2022-07-23 19:35:39,642 [grpc-default-executor-12] WARN  server.GrpcLogAppender (LogUtils.java:warn(122)) - s1@group-1D19F5312903->s0-AppendLogResponseHandler: Failed appendEntries: org.apache.ratis.thirdparty.io.grpc.StatusRuntimeException: UNAVAILABLE: io exception
2022-07-23 19:35:39,642 [grpc-default-executor-15] WARN  server.GrpcLogAppender (LogUtils.java:warn(122)) - s1@group-1D19F5312903->s0-AppendLogResponseHandler: Failed appendEntries: org.apache.ratis.thirdparty.io.grpc.StatusRuntimeException: UNAVAILABLE: io exception
2022-07-23 19:35:39,643 [grpc-default-executor-12] WARN  server.GrpcLogAppender (GrpcLogAppender.java:resetClient(115)) - s1@group-1D19F5312903->s0-GrpcLogAppender: Leader has not got in touch with Follower s1@group-1D19F5312903->s0(c0,m0,n162, attendVote=true, lastRpcSendTime=0, lastRpcResponseTime=898) yet, just keep nextIndex unchanged and retry.
2022-07-23 19:35:39,643 [grpc-default-executor-15] WARN  server.GrpcLogAppender (GrpcLogAppender.java:resetClient(115)) - s1@group-1D19F5312903->s0-GrpcLogAppender: Leader has not got in touch with Follower s1@group-1D19F5312903->s0(c0,m0,n162, attendVote=true, lastRpcSendTime=0, lastRpcResponseTime=899) yet, just keep nextIndex unchanged and retry.
2022-07-23 19:35:39,680 [grpc-default-executor-15] WARN  server.GrpcLogAppender (LogUtils.java:warn(122)) - s1@group-1D19F5312903->s0-AppendLogResponseHandler: Failed appendEntries: org.apache.ratis.thirdparty.io.grpc.StatusRuntimeException: UNAVAILABLE: io exception
2022-07-23 19:35:39,680 [grpc-default-executor-12] WARN  server.GrpcLogAppender (LogUtils.java:warn(122)) - s1@group-1D19F5312903->s0-AppendLogResponseHandler: Failed appendEntries: org.apache.ratis.thirdparty.io.grpc.StatusRuntimeException: UNAVAILABLE: io exception
2022-07-23 19:35:39,680 [grpc-default-executor-15] WARN  server.GrpcLogAppender (GrpcLogAppender.java:resetClient(115)) - s1@group-1D19F5312903->s0-GrpcLogAppender: Leader has not got in touch with Follower s1@group-1D19F5312903->s0(c0,m0,n162, attendVote=true, lastRpcSendTime=0, lastRpcResponseTime=936) yet, just keep nextIndex unchanged and retry.
2022-07-23 19:35:39,681 [grpc-default-executor-12] WARN  server.GrpcLogAppender (GrpcLogAppender.java:resetClient(115)) - s1@group-1D19F5312903->s0-GrpcLogAppender: Leader has not got in touch with Follower s1@group-1D19F5312903->s0(c0,m0,n162, attendVote=true, lastRpcSendTime=1, lastRpcResponseTime=937) yet, just keep nextIndex unchanged and retry.
2022-07-23 19:35:39,717 [grpc-default-executor-12] WARN  server.GrpcLogAppender (LogUtils.java:warn(122)) - s1@group-1D19F5312903->s0-AppendLogResponseHandler: Failed appendEntries: org.apache.ratis.thirdparty.io.grpc.StatusRuntimeException: UNAVAILABLE: io exception
2022-07-23 19:35:39,717 [grpc-default-executor-12] WARN  server.GrpcLogAppender (GrpcLogAppender.java:resetClient(115)) - s1@group-1D19F5312903->s0-GrpcLogAppender: Leader has not got in touch with Follower s1@group-1D19F5312903->s0(c0,m0,n162, attendVote=true, lastRpcSendTime=37, lastRpcResponseTime=973) yet, just keep nextIndex unchanged and retry.
2022-07-23 19:35:39,718 [grpc-default-executor-15] WARN  server.GrpcLogAppender (LogUtils.java:warn(122)) - s1@group-1D19F5312903->s0-AppendLogResponseHandler: Failed appendEntries: org.apache.ratis.thirdparty.io.grpc.StatusRuntimeException: UNAVAILABLE: io exception
2022-07-23 19:35:39,718 [grpc-default-executor-17] WARN  server.GrpcLogAppender (LogUtils.java:warn(122)) - s1@group-1D19F5312903->s0-AppendLogResponseHandler: Failed appendEntries: org.apache.ratis.thirdparty.io.grpc.StatusRuntimeException: UNAVAILABLE: io exception
2022-07-23 19:35:39,718 [grpc-default-executor-15] WARN  server.GrpcLogAppender (GrpcLogAppender.java:resetClient(115)) - s1@group-1D19F5312903->s0-GrpcLogAppender: Leader has not got in touch with Follower s1@group-1D19F5312903->s0(c0,m0,n162, attendVote=true, lastRpcSendTime=0, lastRpcResponseTime=974) yet, just keep nextIndex unchanged and retry.
2022-07-23 19:35:39,718 [grpc-default-executor-3] WARN  server.GrpcLogAppender (LogUtils.java:warn(122)) - s1@group-1D19F5312903->s0-AppendLogResponseHandler: Failed appendEntries: org.apache.ratis.thirdparty.io.grpc.StatusRuntimeException: UNAVAILABLE: io exception
2022-07-23 19:35:39,719 [grpc-default-executor-17] WARN  server.GrpcLogAppender (GrpcLogAppender.java:resetClient(115)) - s1@group-1D19F5312903->s0-GrpcLogAppender: Leader has not got in touch with Follower s1@group-1D19F5312903->s0(c0,m0,n162, attendVote=true, lastRpcSendTime=1, lastRpcResponseTime=974) yet, just keep nextIndex unchanged and retry.
2022-07-23 19:35:39,719 [grpc-default-executor-3] WARN  server.GrpcLogAppender (GrpcLogAppender.java:resetClient(115)) - s1@group-1D19F5312903->s0-GrpcLogAppender: Leader has not got in touch with Follower s1@group-1D19F5312903->s0(c0,m0,n162, attendVote=true, lastRpcSendTime=1, lastRpcResponseTime=975) yet, just keep nextIndex unchanged and retry.
2022-07-23 19:35:39,755 [grpc-default-executor-17] WARN  server.GrpcLogAppender (LogUtils.java:warn(122)) - s1@group-1D19F5312903->s0-AppendLogResponseHandler: Failed appendEntries: org.apache.ratis.thirdparty.io.grpc.StatusRuntimeException: UNAVAILABLE: io exception
2022-07-23 19:35:39,755 [grpc-default-executor-3] WARN  server.GrpcLogAppender (LogUtils.java:warn(122)) - s1@group-1D19F5312903->s0-AppendLogResponseHandler: Failed appendEntries: org.apache.ratis.thirdparty.io.grpc.StatusRuntimeException: UNAVAILABLE: io exception
2022-07-23 19:35:39,756 [grpc-default-executor-17] WARN  server.GrpcLogAppender (GrpcLogAppender.java:resetClient(115)) - s1@group-1D19F5312903->s0-GrpcLogAppender: Leader has not got in touch with Follower s1@group-1D19F5312903->s0(c0,m0,n162, attendVote=true, lastRpcSendTime=37, lastRpcResponseTime=1011) yet, just keep nextIndex unchanged and retry.
2022-07-23 19:35:39,756 [grpc-default-executor-3] WARN  server.GrpcLogAppender (GrpcLogAppender.java:resetClient(115)) - s1@group-1D19F5312903->s0-GrpcLogAppender: Leader has not got in touch with Follower s1@group-1D19F5312903->s0(c0,m0,n162, attendVote=true, lastRpcSendTime=38, lastRpcResponseTime=1012) yet, just keep nextIndex unchanged and retry.
2022-07-23 19:35:39,757 [grpc-default-executor-3] WARN  server.GrpcLogAppender (LogUtils.java:warn(122)) - s1@group-1D19F5312903->s0-AppendLogResponseHandler: Failed appendEntries: org.apache.ratis.thirdparty.io.grpc.StatusRuntimeException: UNAVAILABLE: io exception
2022-07-23 19:35:39,757 [grpc-default-executor-17] WARN  server.GrpcLogAppender (LogUtils.java:warn(122)) - s1@group-1D19F5312903->s0-AppendLogResponseHandler: Failed appendEntries: org.apache.ratis.thirdparty.io.grpc.StatusRuntimeException: UNAVAILABLE: io exception
2022-07-23 19:35:39,757 [grpc-default-executor-3] WARN  server.GrpcLogAppender (GrpcLogAppender.java:resetClient(115)) - s1@group-1D19F5312903->s0-GrpcLogAppender: Leader has not got in touch with Follower s1@group-1D19F5312903->s0(c0,m0,n162, attendVote=true, lastRpcSendTime=0, lastRpcResponseTime=1012) yet, just keep nextIndex unchanged and retry.
2022-07-23 19:35:39,757 [grpc-default-executor-17] WARN  server.GrpcLogAppender (GrpcLogAppender.java:resetClient(115)) - s1@group-1D19F5312903->s0-GrpcLogAppender: Leader has not got in touch with Follower s1@group-1D19F5312903->s0(c0,m0,n162, attendVote=true, lastRpcSendTime=0, lastRpcResponseTime=1013) yet, just keep nextIndex unchanged and retry.
2022-07-23 19:35:39,768 [Thread-9262] INFO  grpc.TestRaftAsyncWithGrpc (RaftBasicTests.java:lambda$killAndRestartServer$2(105)) - restart server: s0
2022-07-23 19:35:39,768 [Thread-9262] INFO  impl.MiniRaftCluster (MiniRaftCluster.java:killServer(486)) - killServer s0
2022-07-23 19:35:39,768 [Thread-9262] INFO  impl.MiniRaftCluster (MiniRaftCluster.java:newRaftServer(348)) - newRaftServer: s0, group-1D19F5312903:[s0|rpc:localhost:33053|admin:localhost:34833|client:localhost:45065|dataStream:localhost:40973|priority:0|startupRole:FOLLOWER, s1|rpc:localhost:37337|admin:localhost:46639|client:localhost:33239|dataStream:localhost:44379|priority:0|startupRole:FOLLOWER, s2|rpc:localhost:36285|admin:localhost:33785|client:localhost:35753|dataStream:localhost:36721|priority:0|startupRole:FOLLOWER], format? false
2022-07-23 19:35:39,769 [Thread-9262] INFO  server.RaftServer (ConfUtils.java:logGet(46)) - raft.rpc.type = GRPC (default)
2022-07-23 19:35:39,769 [Thread-9262] INFO  grpc.GrpcConfigKeys (ConfUtils.java:logGet(46)) - raft.grpc.admin.port = 34833 (custom)
2022-07-23 19:35:39,769 [Thread-9262] INFO  grpc.GrpcConfigKeys (ConfUtils.java:logGet(46)) - raft.grpc.client.port = 45065 (custom)
2022-07-23 19:35:39,769 [Thread-9262] INFO  grpc.GrpcConfigKeys (ConfUtils.java:logGet(46)) - raft.grpc.server.port = 33053 (custom)
2022-07-23 19:35:39,769 [Thread-9262] INFO  server.GrpcService (ConfUtils.java:logGet(46)) - raft.grpc.message.size.max = 64MB (=67108864) (default)
2022-07-23 19:35:39,769 [Thread-9262] INFO  server.RaftServerConfigKeys (ConfUtils.java:logGet(46)) - raft.server.log.appender.buffer.byte-limit = 4MB (=4194304) (default)
2022-07-23 19:35:39,769 [Thread-9262] INFO  server.GrpcService (ConfUtils.java:logGet(46)) - raft.grpc.flow.control.window = 1MB (=1048576) (default)
2022-07-23 19:35:39,769 [Thread-9262] INFO  server.RaftServerConfigKeys (ConfUtils.java:logGet(46)) - raft.server.rpc.request.timeout = 3000ms (default)
2022-07-23 19:35:39,769 [Thread-9262] INFO  grpc.GrpcConfigKeys (ConfUtils.java:logGet(46)) - raft.grpc.server.heartbeat.channel = true (default)
2022-07-23 19:35:39,769 [Thread-9262] INFO  grpc.GrpcConfigKeys (ConfUtils.java:logGet(46)) - raft.grpc.server.async.request.thread.pool.cached = true (default)
2022-07-23 19:35:39,769 [Thread-9262] INFO  grpc.GrpcConfigKeys (ConfUtils.java:logGet(46)) - raft.grpc.server.async.request.thread.pool.size = 32 (default)
2022-07-23 19:35:39,770 [Thread-9262] INFO  impl.DataStreamServerImpl (ConfUtils.java:logGet(46)) - raft.datastream.type = DISABLED (default)
2022-07-23 19:35:39,770 [Thread-9262] INFO  server.RaftServerConfigKeys (ConfUtils.java:logGet(46)) - raft.server.threadpool.proxy.cached = true (default)
2022-07-23 19:35:39,771 [Thread-9262] INFO  server.RaftServerConfigKeys (ConfUtils.java:logGet(46)) - raft.server.threadpool.proxy.size = 0 (default)
2022-07-23 19:35:39,771 [Thread-9262] INFO  server.RaftServerConfigKeys (ConfUtils.java:logGet(46)) - raft.server.rpc.slowness.timeout = 60s (default)
2022-07-23 19:35:39,771 [Thread-9262] INFO  server.RaftServerConfigKeys (ConfUtils.java:logGet(46)) - raft.server.leaderelection.leader.step-down.wait-time = 10s (default)
2022-07-23 19:35:39,771 [Thread-9262] INFO  server.RaftServerConfigKeys (ConfUtils.java:logGet(46)) - raft.server.storage.dir = [/home/runner/work/ratis/ratis/ratis-test/target/test/data/11cf776f/MiniRaftClusterWithGrpc8f6a6033/s0] (custom)
2022-07-23 19:35:39,772 [s0-impl-thread1] INFO  server.RaftServer (RaftServerProxy.java:initGroupDir(247)) - s0: found a subdirectory /home/runner/work/ratis/ratis/ratis-test/target/test/data/11cf776f/MiniRaftClusterWithGrpc8f6a6033/s0/2ebaa244-3f62-406e-9cdd-1d19f5312903
2022-07-23 19:35:39,772 [Thread-9262] INFO  server.RaftServer (RaftServerProxy.java:addNew(96)) - s0: addNew group-1D19F5312903:[s0|rpc:localhost:33053|admin:localhost:34833|client:localhost:45065|dataStream:localhost:40973|priority:0|startupRole:FOLLOWER, s1|rpc:localhost:37337|admin:localhost:46639|client:localhost:33239|dataStream:localhost:44379|priority:0|startupRole:FOLLOWER, s2|rpc:localhost:36285|admin:localhost:33785|client:localhost:35753|dataStream:localhost:36721|priority:0|startupRole:FOLLOWER] returns group-1D19F5312903:java.util.concurrent.CompletableFuture@1ae89875[Not completed]
2022-07-23 19:35:39,772 [pool-40-thread-1] INFO  server.RaftServerConfigKeys (ConfUtils.java:logGet(46)) - raft.server.log.segment.size.max = 8MB (=8388608) (default)
2022-07-23 19:35:39,773 [pool-40-thread-1] INFO  server.RaftServerConfigKeys (ConfUtils.java:logGet(46)) - raft.server.log.preallocated.size = 4MB (=4194304) (default)
2022-07-23 19:35:39,773 [pool-40-thread-1] INFO  server.RaftServerConfigKeys (ConfUtils.java:logGet(46)) - raft.server.log.write.buffer.size = 64KB (=65536) (default)
2022-07-23 19:35:39,773 [pool-40-thread-1] INFO  server.RaftServer$Division (RaftServerImpl.java:<init>(192)) - s0: new RaftServerImpl for group-1D19F5312903:[s0|rpc:localhost:33053|admin:localhost:34833|client:localhost:45065|dataStream:localhost:40973|priority:0|startupRole:FOLLOWER, s1|rpc:localhost:37337|admin:localhost:46639|client:localhost:33239|dataStream:localhost:44379|priority:0|startupRole:FOLLOWER, s2|rpc:localhost:36285|admin:localhost:33785|client:localhost:35753|dataStream:localhost:36721|priority:0|startupRole:FOLLOWER] with SimpleStateMachine4Testing:uninitialized
2022-07-23 19:35:39,773 [pool-40-thread-1] INFO  server.RaftServerConfigKeys (ConfUtils.java:logGet(46)) - raft.server.rpc.timeout.min = 150ms (default)
2022-07-23 19:35:39,773 [pool-40-thread-1] INFO  server.RaftServerConfigKeys (ConfUtils.java:logGet(46)) - raft.server.rpc.timeout.max = 300ms (default)
2022-07-23 19:35:39,773 [pool-40-thread-1] INFO  server.RaftServerConfigKeys (ConfUtils.java:logGet(46)) - raft.server.rpc.sleep.time = 25ms (default)
2022-07-23 19:35:39,773 [pool-40-thread-1] INFO  server.RaftServerConfigKeys (ConfUtils.java:logGet(46)) - raft.server.rpc.slowness.timeout = 60s (default)
2022-07-23 19:35:39,773 [pool-40-thread-1] INFO  server.RaftServerConfigKeys (ConfUtils.java:logGet(46)) - raft.server.leaderelection.leader.step-down.wait-time = 10s (default)
2022-07-23 19:35:39,773 [pool-40-thread-1] INFO  server.RaftServerConfigKeys (ConfUtils.java:logGet(46)) - raft.server.sleep.deviation.threshold = 300ms (default)
2022-07-23 19:35:39,773 [pool-40-thread-1] INFO  server.RaftServer$Division (ServerState.java:<init>(118)) - s0@group-1D19F5312903: ConfigurationManager, init=-1: peers:[s0|rpc:localhost:33053|admin:localhost:34833|client:localhost:45065|dataStream:localhost:40973|priority:0|startupRole:FOLLOWER, s1|rpc:localhost:37337|admin:localhost:46639|client:localhost:33239|dataStream:localhost:44379|priority:0|startupRole:FOLLOWER, s2|rpc:localhost:36285|admin:localhost:33785|client:localhost:35753|dataStream:localhost:36721|priority:0|startupRole:FOLLOWER]|listeners:[], old=null, confs=<EMPTY_MAP>
2022-07-23 19:35:39,773 [pool-40-thread-1] INFO  server.RaftServerConfigKeys (ConfUtils.java:logGet(46)) - raft.server.storage.dir = [/home/runner/work/ratis/ratis/ratis-test/target/test/data/11cf776f/MiniRaftClusterWithGrpc8f6a6033/s0] (custom)
2022-07-23 19:35:39,773 [pool-40-thread-1] INFO  server.RaftServerConfigKeys (ConfUtils.java:logGet(46)) - raft.server.log.corruption.policy = EXCEPTION (default)
2022-07-23 19:35:39,773 [pool-40-thread-1] INFO  server.RaftServerConfigKeys (ConfUtils.java:logGet(46)) - raft.server.storage.free-space.min = 0MB (=0) (default)
2022-07-23 19:35:39,774 [pool-40-thread-1] INFO  server.RaftServerConfigKeys (ConfUtils.java:logGet(46)) - raft.server.notification.no-leader.timeout = 60s (default)
2022-07-23 19:35:39,774 [pool-40-thread-1] INFO  server.RaftServerConfigKeys (ConfUtils.java:logGet(46)) - raft.server.retrycache.expirytime = 60s (default)
2022-07-23 19:35:39,774 [pool-40-thread-1] INFO  server.RaftServerConfigKeys (ConfUtils.java:logGet(46)) - raft.server.retrycache.statistics.expirytime = 100μs (default)
2022-07-23 19:35:39,774 [pool-40-thread-1] INFO  server.RaftServerConfigKeys (ConfUtils.java:logGet(46)) - raft.server.log.appender.install.snapshot.enabled = true (default)
2022-07-23 19:35:39,774 [pool-40-thread-1] INFO  server.RaftServerConfigKeys (ConfUtils.java:logGet(46)) - raft.server.threadpool.server.cached = true (default)
2022-07-23 19:35:39,774 [pool-40-thread-1] INFO  server.RaftServerConfigKeys (ConfUtils.java:logGet(46)) - raft.server.threadpool.server.size = 0 (default)
2022-07-23 19:35:39,774 [pool-40-thread-1] INFO  server.RaftServerConfigKeys (ConfUtils.java:logGet(46)) - raft.server.threadpool.client.cached = true (default)
2022-07-23 19:35:39,774 [pool-40-thread-1] INFO  server.RaftServerConfigKeys (ConfUtils.java:logGet(46)) - raft.server.threadpool.client.size = 0 (default)
2022-07-23 19:35:39,775 [Time-limited test] INFO  impl.MiniRaftCluster (MiniRaftCluster.java:runWithNewCluster(127)) - printing ALL groups
  s0: STARTING      null s0@group-1D19F5312903:t0, leader=null, voted=null, raftlog=UNINITIALIZED, conf=-1: peers:[s0|rpc:localhost:33053|admin:localhost:34833|client:localhost:45065|dataStream:localhost:40973|priority:0|startupRole:FOLLOWER, s1|rpc:localhost:37337|admin:localhost:46639|client:localhost:33239|dataStream:localhost:44379|priority:0|startupRole:FOLLOWER, s2|rpc:localhost:36285|admin:localhost:33785|client:localhost:35753|dataStream:localhost:36721|priority:0|startupRole:FOLLOWER]|listeners:[], old=null NEW
  s1:  RUNNING    LEADER s1@group-1D19F5312903:t1, leader=s1, voted=s1, raftlog=Memoized:s1@group-1D19F5312903-SegmentedRaftLog:OPENED:c161, conf=0: peers:[s0|rpc:localhost:33053|admin:localhost:34833|client:localhost:45065|dataStream:localhost:40973|priority:0|startupRole:FOLLOWER, s1|rpc:localhost:37337|admin:localhost:46639|client:localhost:33239|dataStream:localhost:44379|priority:0|startupRole:FOLLOWER, s2|rpc:localhost:36285|admin:localhost:33785|client:localhost:35753|dataStream:localhost:36721|priority:0|startupRole:FOLLOWER]|listeners:[], old=null RUNNING
  s2:  RUNNING  FOLLOWER s2@group-1D19F5312903:t1, leader=s1, voted=s1, raftlog=Memoized:s2@group-1D19F5312903-SegmentedRaftLog:OPENED:c161, conf=0: peers:[s0|rpc:localhost:33053|admin:localhost:34833|client:localhost:45065|dataStream:localhost:40973|priority:0|startupRole:FOLLOWER, s1|rpc:localhost:37337|admin:localhost:46639|client:localhost:33239|dataStream:localhost:44379|priority:0|startupRole:FOLLOWER, s2|rpc:localhost:36285|admin:localhost:33785|client:localhost:35753|dataStream:localhost:36721|priority:0|startupRole:FOLLOWER]|listeners:[], old=null RUNNING
2022-07-23 19:35:39,775 [Time-limited test] ERROR impl.MiniRaftCluster (MiniRaftCluster.java:runWithNewCluster(128)) - Failed org.apache.ratis.server.impl.MiniRaftCluster$Factory$Get.runWithNewCluster(MiniRaftCluster.java:113)
java.lang.IllegalStateException: s0@group-1D19F5312903: log is uninitialized.
	at org.apache.ratis.server.impl.ServerState.getLog(ServerState.java:346)
	at org.apache.ratis.server.impl.RaftServerImpl.getRaftLog(RaftServerImpl.java:268)
	at org.apache.ratis.server.impl.MiniRaftCluster.printAllLogs(MiniRaftCluster.java:511)
	at org.apache.ratis.RaftBasicTests.runTestBasicAppendEntries(RaftBasicTests.java:165)
	at org.apache.ratis.RaftAsyncTests.lambda$runTestBasicAppendEntriesAsync$5(RaftAsyncTests.java:258)
	at org.apache.ratis.server.impl.MiniRaftCluster$Factory$Get.runWithNewCluster(MiniRaftCluster.java:125)
	at org.apache.ratis.server.impl.MiniRaftCluster$Factory$Get.runWithNewCluster(MiniRaftCluster.java:113)
	at org.apache.ratis.RaftAsyncTests.runTestBasicAppendEntriesAsync(RaftAsyncTests.java:257)
	at org.apache.ratis.RaftAsyncTests.testBasicAppendEntriesAsync(RaftAsyncTests.java:263)
	at sun.reflect.NativeMethodAccessorImpl.invoke0(Native Method)
	at sun.reflect.NativeMethodAccessorImpl.invoke(NativeMethodAccessorImpl.java:62)
	at sun.reflect.DelegatingMethodAccessorImpl.invoke(DelegatingMethodAccessorImpl.java:43)
	at java.lang.reflect.Method.invoke(Method.java:498)
	at org.junit.runners.model.FrameworkMethod$1.runReflectiveCall(FrameworkMethod.java:59)
	at org.junit.internal.runners.model.ReflectiveCallable.run(ReflectiveCallable.java:12)
	at org.junit.runners.model.FrameworkMethod.invokeExplosively(FrameworkMethod.java:56)
	at org.junit.internal.runners.statements.InvokeMethod.evaluate(InvokeMethod.java:17)
	at org.junit.internal.runners.statements.RunAfters.evaluate(RunAfters.java:27)
	at org.junit.internal.runners.statements.FailOnTimeout$CallableStatement.call(FailOnTimeout.java:299)
	at org.junit.internal.runners.statements.FailOnTimeout$CallableStatement.call(FailOnTimeout.java:293)
	at java.util.concurrent.FutureTask.run(FutureTask.java:266)
	at java.lang.Thread.run(Thread.java:750)
2022-07-23 19:35:39,775 [Time-limited test] INFO  impl.MiniRaftCluster (MiniRaftCluster.java:shutdown(778)) - ************************************************************** 
2022-07-23 19:35:39,775 [Time-limited test] INFO  impl.MiniRaftCluster (MiniRaftCluster.java:shutdown(779)) - *** 
2022-07-23 19:35:39,775 [Time-limited test] INFO  impl.MiniRaftCluster (MiniRaftCluster.java:shutdown(780)) - ***     Stopping MiniRaftClusterWithGrpc
2022-07-23 19:35:39,775 [Time-limited test] INFO  impl.MiniRaftCluster (MiniRaftCluster.java:shutdown(781)) - *** 
2022-07-23 19:35:39,775 [Time-limited test] INFO  impl.MiniRaftCluster (MiniRaftCluster.java:shutdown(782)) - ************************************************************** 
2022-07-23 19:35:39,775 [Time-limited test] INFO  impl.MiniRaftCluster (MiniRaftCluster.java:shutdown(783)) - printing ALL groups
  s0: STARTING      null s0@group-1D19F5312903:t0, leader=null, voted=null, raftlog=UNINITIALIZED, conf=-1: peers:[s0|rpc:localhost:33053|admin:localhost:34833|client:localhost:45065|dataStream:localhost:40973|priority:0|startupRole:FOLLOWER, s1|rpc:localhost:37337|admin:localhost:46639|client:localhost:33239|dataStream:localhost:44379|priority:0|startupRole:FOLLOWER, s2|rpc:localhost:36285|admin:localhost:33785|client:localhost:35753|dataStream:localhost:36721|priority:0|startupRole:FOLLOWER]|listeners:[], old=null NEW
  s1:  RUNNING    LEADER s1@group-1D19F5312903:t1, leader=s1, voted=s1, raftlog=Memoized:s1@group-1D19F5312903-SegmentedRaftLog:OPENED:c161, conf=0: peers:[s0|rpc:localhost:33053|admin:localhost:34833|client:localhost:45065|dataStream:localhost:40973|priority:0|startupRole:FOLLOWER, s1|rpc:localhost:37337|admin:localhost:46639|client:localhost:33239|dataStream:localhost:44379|priority:0|startupRole:FOLLOWER, s2|rpc:localhost:36285|admin:localhost:33785|client:localhost:35753|dataStream:localhost:36721|priority:0|startupRole:FOLLOWER]|listeners:[], old=null RUNNING
  s2:  RUNNING  FOLLOWER s2@group-1D19F5312903:t1, leader=s1, voted=s1, raftlog=Memoized:s2@group-1D19F5312903-SegmentedRaftLog:OPENED:c161, conf=0: peers:[s0|rpc:localhost:33053|admin:localhost:34833|client:localhost:45065|dataStream:localhost:40973|priority:0|startupRole:FOLLOWER, s1|rpc:localhost:37337|admin:localhost:46639|client:localhost:33239|dataStream:localhost:44379|priority:0|startupRole:FOLLOWER, s2|rpc:localhost:36285|admin:localhost:33785|client:localhost:35753|dataStream:localhost:36721|priority:0|startupRole:FOLLOWER]|listeners:[], old=null RUNNING
2022-07-23 19:35:39,776 [java.util.concurrent.ThreadPoolExecutor$Worker@416fbdbd[State = -1, empty queue]] INFO  server.RaftServer (RaftServerProxy.java:lambda$close$6(401)) - s0: close
2022-07-23 19:35:39,776 [java.util.concurrent.ThreadPoolExecutor$Worker@416fbdbd[State = -1, empty queue]] INFO  server.RaftServer$Division (RaftServerImpl.java:lambda$close$4(438)) - s0@group-1D19F5312903: shutdown
2022-07-23 19:35:39,776 [java.util.concurrent.ThreadPoolExecutor$Worker@416fbdbd[State = -1, empty queue]] WARN  server.RaftServer$Division (RaftServerImpl.java:lambda$close$4(462)) - s0@group-1D19F5312903: Failed to close state
java.lang.IllegalStateException: s0@group-1D19F5312903: stateMachineUpdater is uninitialized.
	at org.apache.ratis.server.impl.ServerState.getStateMachineUpdater(ServerState.java:339)
	at org.apache.ratis.server.impl.ServerState.close(ServerState.java:460)
	at org.apache.ratis.server.impl.RaftServerImpl.lambda$close$4(RaftServerImpl.java:460)
	at org.apache.ratis.util.LifeCycle.lambda$checkStateAndClose$4(LifeCycle.java:299)
	at org.apache.ratis.util.LifeCycle.checkStateAndClose(LifeCycle.java:319)
	at org.apache.ratis.util.LifeCycle.checkStateAndClose(LifeCycle.java:297)
	at org.apache.ratis.server.impl.RaftServerImpl.close(RaftServerImpl.java:437)
	at org.apache.ratis.server.impl.RaftServerProxy$ImplMap.close(RaftServerProxy.java:130)
	at org.apache.ratis.server.impl.RaftServerProxy$ImplMap.lambda$close$0(RaftServerProxy.java:118)
	at java.util.stream.ForEachOps$ForEachOp$OfRef.accept(ForEachOps.java:183)
	at java.util.concurrent.ConcurrentHashMap$EntrySpliterator.forEachRemaining(ConcurrentHashMap.java:3606)
	at java.util.stream.AbstractPipeline.copyInto(AbstractPipeline.java:482)
	at java.util.stream.ForEachOps$ForEachTask.compute(ForEachOps.java:290)
	at java.util.concurrent.CountedCompleter.exec(CountedCompleter.java:731)
	at java.util.concurrent.ForkJoinTask.doExec(ForkJoinTask.java:289)
	at java.util.concurrent.ForkJoinTask.doInvoke(ForkJoinTask.java:401)
	at java.util.concurrent.ForkJoinTask.invoke(ForkJoinTask.java:734)
	at java.util.stream.ForEachOps$ForEachOp.evaluateParallel(ForEachOps.java:159)
	at java.util.stream.ForEachOps$ForEachOp$OfRef.evaluateParallel(ForEachOps.java:173)
	at java.util.stream.AbstractPipeline.evaluate(AbstractPipeline.java:233)
	at java.util.stream.ReferencePipeline.forEach(ReferencePipeline.java:485)
	at java.util.stream.ReferencePipeline$Head.forEach(ReferencePipeline.java:650)
	at org.apache.ratis.server.impl.RaftServerProxy$ImplMap.close(RaftServerProxy.java:118)
	at org.apache.ratis.server.impl.RaftServerProxy.lambda$close$6(RaftServerProxy.java:402)
	at org.apache.ratis.util.LifeCycle.lambda$checkStateAndClose$4(LifeCycle.java:299)
	at org.apache.ratis.util.LifeCycle.checkStateAndClose(LifeCycle.java:319)
	at org.apache.ratis.util.LifeCycle.checkStateAndClose(LifeCycle.java:297)
	at org.apache.ratis.server.impl.RaftServerProxy.close(RaftServerProxy.java:400)
	at org.apache.ratis.util.JavaUtils.runAsUnchecked(JavaUtils.java:95)
	at org.apache.ratis.util.JavaUtils.runAsUnchecked(JavaUtils.java:89)
	at org.apache.ratis.server.impl.MiniRaftCluster.lambda$null$20(MiniRaftCluster.java:789)
	at java.util.concurrent.Executors$RunnableAdapter.call(Executors.java:511)
	at java.util.concurrent.FutureTask.run(FutureTask.java:266)
	at java.util.concurrent.ThreadPoolExecutor.runWorker(ThreadPoolExecutor.java:1149)
	at java.util.concurrent.ThreadPoolExecutor$Worker.run(ThreadPoolExecutor.java:624)
	at java.lang.Thread.run(Thread.java:750)
2022-07-23 19:35:39,777 [s0-impl-thread1] INFO  storage.RaftStorageDirectory (RaftStorageDirectoryImpl.java:tryLock(231)) - Lock on /home/runner/work/ratis/ratis/ratis-test/target/test/data/11cf776f/MiniRaftClusterWithGrpc8f6a6033/s0/2ebaa244-3f62-406e-9cdd-1d19f5312903/in_use.lock acquired by nodename 4352@fv-az121-604.oisc35kgwdsevnec4nnef0ad5h.cx.internal.cloudapp.net
2022-07-23 19:35:39,778 [s0-impl-thread1] INFO  storage.RaftStorage (RaftStorageImpl.java:analyzeAndRecoverStorage(117)) - Read RaftStorageMetadata{term=1, votedFor=s1} from /home/runner/work/ratis/ratis/ratis-test/target/test/data/11cf776f/MiniRaftClusterWithGrpc8f6a6033/s0/2ebaa244-3f62-406e-9cdd-1d19f5312903/current/raft-meta
2022-07-23 19:35:39,779 [s0-impl-thread1] INFO  server.RaftServer$Division (ServerState.java:setRaftConf(429)) - s0@group-1D19F5312903: set configuration 0: peers:[s0|rpc:localhost:33053|admin:localhost:34833|client:localhost:45065|dataStream:localhost:40973|priority:0|startupRole:FOLLOWER, s1|rpc:localhost:37337|admin:localhost:46639|client:localhost:33239|dataStream:localhost:44379|priority:0|startupRole:FOLLOWER, s2|rpc:localhost:36285|admin:localhost:33785|client:localhost:35753|dataStream:localhost:36721|priority:0|startupRole:FOLLOWER]|listeners:[], old=null
2022-07-23 19:35:39,779 [s0-impl-thread1] INFO  statemachine.SimpleStateMachine4Testing (SimpleStateMachine4Testing.java:initialize(212)) - Initializing SimpleStateMachine4Testing:uninitialized
2022-07-23 19:35:39,779 [s0-impl-thread1] INFO  statemachine.SimpleStateMachine4Testing (SimpleStateMachine4Testing.java:loadSnapshot(306)) - The snapshot file null does not exist
2022-07-23 19:35:39,779 [s0-impl-thread1] INFO  server.RaftServerConfigKeys (ConfUtils.java:logGet(46)) - raft.server.log.use.memory = false (default)
2022-07-23 19:35:39,779 [s0-impl-thread1] INFO  server.RaftServerConfigKeys (ConfUtils.java:logGet(46)) - raft.server.log.purge.gap = 1024 (default)
2022-07-23 19:35:39,779 [s0-impl-thread1] INFO  server.RaftServerConfigKeys (ConfUtils.java:logGet(46)) - raft.server.log.appender.buffer.byte-limit = 4MB (=4194304) (default)
2022-07-23 19:35:39,779 [s0-impl-thread1] INFO  server.RaftServerConfigKeys (ConfUtils.java:logGet(46)) - raft.server.log.statemachine.data.read.timeout = 1000ms (default)
2022-07-23 19:35:39,779 [s0-impl-thread1] INFO  server.RaftServerConfigKeys (ConfUtils.java:logGet(46)) - raft.server.log.segment.size.max = 8MB (=8388608) (default)
2022-07-23 19:35:39,779 [s0-impl-thread1] INFO  server.RaftServerConfigKeys (ConfUtils.java:logGet(46)) - raft.server.log.segment.cache.num.max = 6 (default)
2022-07-23 19:35:39,779 [s0-impl-thread1] INFO  server.RaftServerConfigKeys (ConfUtils.java:logGet(46)) - raft.server.log.segment.cache.size.max = 200MB (=209715200) (default)
2022-07-23 19:35:39,779 [s0-impl-thread1] INFO  segmented.SegmentedRaftLogWorker (SegmentedRaftLogWorker.java:<init>(187)) - new s0@group-1D19F5312903-SegmentedRaftLogWorker for RaftStorageImpl:Storage Directory /home/runner/work/ratis/ratis/ratis-test/target/test/data/11cf776f/MiniRaftClusterWithGrpc8f6a6033/s0/2ebaa244-3f62-406e-9cdd-1d19f5312903
2022-07-23 19:35:39,779 [s0-impl-thread1] INFO  server.RaftServerConfigKeys (ConfUtils.java:logGet(46)) - raft.server.log.queue.byte-limit = 64MB (=67108864) (default)
2022-07-23 19:35:39,779 [s0-impl-thread1] INFO  server.RaftServerConfigKeys (ConfUtils.java:logGet(46)) - raft.server.log.queue.element-limit = 4096 (default)
2022-07-23 19:35:39,779 [s0-impl-thread1] INFO  server.RaftServerConfigKeys (ConfUtils.java:logGet(46)) - raft.server.log.segment.size.max = 8MB (=8388608) (default)
2022-07-23 19:35:39,779 [s0-impl-thread1] INFO  server.RaftServerConfigKeys (ConfUtils.java:logGet(46)) - raft.server.log.preallocated.size = 4MB (=4194304) (default)
2022-07-23 19:35:39,779 [s0-impl-thread1] INFO  server.RaftServerConfigKeys (ConfUtils.java:logGet(46)) - raft.server.log.force.sync.num = 128 (default)
2022-07-23 19:35:39,779 [s0-impl-thread1] INFO  server.RaftServerConfigKeys (ConfUtils.java:logGet(46)) - raft.server.log.statemachine.data.sync = true (default)
2022-07-23 19:35:39,780 [s0-impl-thread1] INFO  server.RaftServerConfigKeys (ConfUtils.java:logGet(46)) - raft.server.log.statemachine.data.sync.timeout = 10s (default)
2022-07-23 19:35:39,780 [s0-impl-thread1] INFO  server.RaftServerConfigKeys (ConfUtils.java:logGet(46)) - raft.server.log.statemachine.data.sync.timeout.retry = -1 (default)
2022-07-23 19:35:39,780 [s0-impl-thread1] INFO  server.RaftServerConfigKeys (ConfUtils.java:logGet(46)) - raft.server.log.write.buffer.size = 64KB (=65536) (default)
2022-07-23 19:35:39,780 [s0-impl-thread1] INFO  server.RaftServerConfigKeys (ConfUtils.java:logGet(46)) - raft.server.log.unsafe-flush.enabled = false (default)
2022-07-23 19:35:39,780 [s0-impl-thread1] INFO  server.RaftServerConfigKeys (ConfUtils.java:logGet(46)) - raft.server.log.statemachine.data.caching.enabled = false (default)
2022-07-23 19:35:39,781 [s0-impl-thread1] INFO  server.RaftServer$Division (ServerState.java:setRaftConf(429)) - s0@group-1D19F5312903: set configuration 0: peers:[s0|rpc:localhost:33053|admin:localhost:34833|client:localhost:45065|dataStream:localhost:40973|priority:0|startupRole:FOLLOWER, s1|rpc:localhost:37337|admin:localhost:46639|client:localhost:33239|dataStream:localhost:44379|priority:0|startupRole:FOLLOWER, s2|rpc:localhost:36285|admin:localhost:33785|client:localhost:35753|dataStream:localhost:36721|priority:0|startupRole:FOLLOWER]|listeners:[], old=null
2022-07-23 19:35:39,781 [s0-impl-thread1] INFO  segmented.LogSegment (LogSegment.java:loadSegment(173)) - Successfully read 1 entries from segment file /home/runner/work/ratis/ratis/ratis-test/target/test/data/11cf776f/MiniRaftClusterWithGrpc8f6a6033/s0/2ebaa244-3f62-406e-9cdd-1d19f5312903/current/log_inprogress_0
2022-07-23 19:35:39,781 [s0-impl-thread1] INFO  segmented.SegmentedRaftLogWorker (SegmentedRaftLogWorker.java:lambda$new$0(135)) - s0@group-1D19F5312903-SegmentedRaftLogWorker: flushIndex: setUnconditionally 0 -> 0
2022-07-23 19:35:39,781 [s0-impl-thread1] INFO  segmented.SegmentedRaftLogWorker (SegmentedRaftLogWorker.java:lambda$new$0(135)) - s0@group-1D19F5312903-SegmentedRaftLogWorker: safeCacheEvictIndex: setUnconditionally 0 -> -1
2022-07-23 19:35:39,782 [s0-impl-thread1] INFO  server.RaftServer$Division (RaftServerImpl.java:start(314)) - s0@group-1D19F5312903: start as a follower, conf=0: peers:[s0|rpc:localhost:33053|admin:localhost:34833|client:localhost:45065|dataStream:localhost:40973|priority:0|startupRole:FOLLOWER, s1|rpc:localhost:37337|admin:localhost:46639|client:localhost:33239|dataStream:localhost:44379|priority:0|startupRole:FOLLOWER, s2|rpc:localhost:36285|admin:localhost:33785|client:localhost:35753|dataStream:localhost:36721|priority:0|startupRole:FOLLOWER]|listeners:[], old=null
2022-07-23 19:35:39,782 [s0-impl-thread1] INFO  server.RaftServer$Division (RaftServerImpl.java:setRole(301)) - s0@group-1D19F5312903: changes role from      null to FOLLOWER at term 1 for startAsFollower
2022-07-23 19:35:39,782 [java.util.concurrent.ThreadPoolExecutor$Worker@36d58a0f[State = -1, empty queue]] INFO  server.RaftServer (RaftServerProxy.java:lambda$close$6(401)) - s1: close
2022-07-23 19:35:39,782 [s0-impl-thread1] INFO  impl.RoleInfo (RoleInfo.java:updateAndGet(139)) - s0: start s0@group-1D19F5312903-FollowerState
2022-07-23 19:35:39,786 [java.util.concurrent.ThreadPoolExecutor$Worker@36d58a0f[State = -1, empty queue]] INFO  server.RaftServer$Division (RaftServerImpl.java:lambda$close$4(438)) - s1@group-1D19F5312903: shutdown
2022-07-23 19:35:39,786 [java.util.concurrent.ThreadPoolExecutor$Worker@36d58a0f[State = -1, empty queue]] INFO  util.JmxRegister (JmxRegister.java:unregister(73)) - Successfully un-registered JMX Bean with object name Ratis:service=RaftServer,group=group-1D19F5312903,id=s1
2022-07-23 19:35:39,786 [java.util.concurrent.ThreadPoolExecutor$Worker@36d58a0f[State = -1, empty queue]] INFO  impl.RoleInfo (RoleInfo.java:shutdownLeaderState(93)) - s1: shutdown s1@group-1D19F5312903-LeaderStateImpl
2022-07-23 19:35:39,786 [java.util.concurrent.ThreadPoolExecutor$Worker@36d58a0f[State = -1, empty queue]] INFO  impl.PendingRequests (PendingRequests.java:sendNotLeaderResponses(282)) - s1@group-1D19F5312903-PendingRequests: sendNotLeaderResponses
2022-07-23 19:35:39,786 [java.util.concurrent.ThreadPoolExecutor$Worker@36d58a0f[State = -1, empty queue]] INFO  impl.StateMachineUpdater (StateMachineUpdater.java:stopAndJoin(153)) - s1@group-1D19F5312903-StateMachineUpdater: set stopIndex = 161
2022-07-23 19:35:39,787 [s1@group-1D19F5312903->s2-GrpcLogAppender-LogAppenderDaemon] WARN  server.GrpcLogAppender (GrpcLogAppender.java:mayWait(183)) - s1@group-1D19F5312903->s2-GrpcLogAppender: Wait interrupted by java.lang.InterruptedException
2022-07-23 19:35:39,787 [java.util.concurrent.ThreadPoolExecutor$Worker@36d58a0f[State = -1, empty queue]] INFO  server.RaftServer$Division (ServerState.java:close(465)) - s1@group-1D19F5312903: closes. applyIndex: 161
2022-07-23 19:35:39,787 [s1@group-1D19F5312903-SegmentedRaftLogWorker] INFO  segmented.SegmentedRaftLogWorker (SegmentedRaftLogWorker.java:run(336)) - s1@group-1D19F5312903-SegmentedRaftLogWorker was interrupted, exiting. There are 0 tasks remaining in the queue.
2022-07-23 19:35:39,788 [Thread-9262] ERROR grpc.TestRaftAsyncWithGrpc (ExitUtils.java:terminate(133)) - Terminating with exit status -1: Failed to kill/restart server: s0
java.lang.IllegalStateException: ILLEGAL TRANSITION: In s0-RaftServerProxy, CLOSED -> EXCEPTION
	at org.apache.ratis.util.Preconditions.assertTrue(Preconditions.java:60)
	at org.apache.ratis.util.LifeCycle$State.validate(LifeCycle.java:121)
	at org.apache.ratis.util.LifeCycle.transition(LifeCycle.java:164)
	at org.apache.ratis.util.LifeCycle.startAndTransition(LifeCycle.java:273)
	at org.apache.ratis.server.impl.RaftServerProxy.start(RaftServerProxy.java:379)
	at org.apache.ratis.server.impl.MiniRaftCluster.restartServer(MiniRaftCluster.java:330)
	at org.apache.ratis.server.impl.MiniRaftCluster.restartServer(MiniRaftCluster.java:322)
	at org.apache.ratis.RaftBasicTests.lambda$killAndRestartServer$2(RaftBasicTests.java:106)
	at java.lang.Thread.run(Thread.java:750)
2022-07-23 19:35:39,788 [grpc-default-executor-3] INFO  server.GrpcServerProtocolService (GrpcServerProtocolService.java:onCompleted(145)) - s2: Completed APPEND_ENTRIES, lastRequest: null
2022-07-23 19:35:39,788 [grpc-default-executor-17] INFO  server.GrpcServerProtocolService (GrpcServerProtocolService.java:onCompleted(145)) - s2: Completed APPEND_ENTRIES, lastRequest: s1->s2#246-t1,previous=(t:1, i:160),leaderCommit=114,initializing? true,entries: size=1, first=(t:1, i:161), METADATAENTRY(c:109)
2022-07-23 19:35:39,792 [java.util.concurrent.ThreadPoolExecutor$Worker@36d58a0f[State = -1, empty queue]] INFO  segmented.SegmentedRaftLogWorker (SegmentedRaftLogWorker.java:close(246)) - s1@group-1D19F5312903-SegmentedRaftLogWorker close()
2022-07-23 19:35:39,793 [java.util.concurrent.ThreadPoolExecutor$Worker@36d58a0f[State = -1, empty queue]] INFO  server.GrpcService (GrpcService.java:closeImpl(271)) - s1: shutdown server org.apache.ratis.grpc.server.GrpcClientProtocolService now
2022-07-23 19:35:39,794 [java.util.concurrent.ThreadPoolExecutor$Worker@36d58a0f[State = -1, empty queue]] INFO  server.GrpcServerProtocolClient (GrpcServerProtocolClient.java:close(110)) - s0 Close channels
2022-07-23 19:35:39,794 [grpc-default-executor-17] INFO  server.GrpcLogAppender (GrpcLogAppender.java:onCompleted(386)) - s1@group-1D19F5312903->s2-AppendLogResponseHandler: follower responses appendEntries COMPLETED
2022-07-23 19:35:39,794 [grpc-default-executor-17] INFO  leader.FollowerInfo (FollowerInfoImpl.java:lambda$new$0(48)) - s1@group-1D19F5312903->s2: nextIndex: updateUnconditionally 162 -> 161
2022-07-23 19:35:39,794 [grpc-default-executor-15] INFO  server.GrpcLogAppender (GrpcLogAppender.java:onCompleted(386)) - s1@group-1D19F5312903->s2-AppendLogResponseHandler: follower responses appendEntries COMPLETED
2022-07-23 19:35:39,794 [java.util.concurrent.ThreadPoolExecutor$Worker@36d58a0f[State = -1, empty queue]] INFO  server.GrpcServerProtocolClient (GrpcServerProtocolClient.java:close(110)) - s2 Close channels
2022-07-23 19:35:39,794 [grpc-default-executor-15] WARN  server.GrpcLogAppender (GrpcLogAppender.java:resetClient(121)) - s1@group-1D19F5312903->s2-GrpcLogAppender: Failed to getClient for s2
org.apache.ratis.protocol.exceptions.AlreadyClosedException: s1 is already CLOSED
	at org.apache.ratis.util.PeerProxyMap$PeerAndProxy.getProxy(PeerProxyMap.java:61)
	at org.apache.ratis.util.PeerProxyMap.getProxy(PeerProxyMap.java:115)
	at org.apache.ratis.grpc.server.GrpcLogAppender.getClient(GrpcLogAppender.java:100)
	at org.apache.ratis.grpc.server.GrpcLogAppender.resetClient(GrpcLogAppender.java:105)
	at org.apache.ratis.grpc.server.GrpcLogAppender.access$500(GrpcLogAppender.java:56)
	at org.apache.ratis.grpc.server.GrpcLogAppender$AppendLogResponseHandler.onCompleted(GrpcLogAppender.java:387)
	at org.apache.ratis.thirdparty.io.grpc.stub.ClientCalls$StreamObserverToCallListenerAdapter.onClose(ClientCalls.java:477)
	at org.apache.ratis.thirdparty.io.grpc.internal.ClientCallImpl.closeObserver(ClientCallImpl.java:562)
	at org.apache.ratis.thirdparty.io.grpc.internal.ClientCallImpl.access$300(ClientCallImpl.java:70)
	at org.apache.ratis.thirdparty.io.grpc.internal.ClientCallImpl$ClientStreamListenerImpl$1StreamClosed.runInternal(ClientCallImpl.java:743)
	at org.apache.ratis.thirdparty.io.grpc.internal.ClientCallImpl$ClientStreamListenerImpl$1StreamClosed.runInContext(ClientCallImpl.java:722)
	at org.apache.ratis.thirdparty.io.grpc.internal.ContextRunnable.run(ContextRunnable.java:37)
	at org.apache.ratis.thirdparty.io.grpc.internal.SerializingExecutor.run(SerializingExecutor.java:133)
	at java.util.concurrent.ThreadPoolExecutor.runWorker(ThreadPoolExecutor.java:1149)
	at java.util.concurrent.ThreadPoolExecutor$Worker.run(ThreadPoolExecutor.java:624)
	at java.lang.Thread.run(Thread.java:750)
2022-07-23 19:35:39,795 [java.util.concurrent.ThreadPoolExecutor$Worker@3de6cfb[State = -1, empty queue]] INFO  server.RaftServer (RaftServerProxy.java:lambda$close$6(401)) - s2: close
2022-07-23 19:35:39,796 [java.util.concurrent.ThreadPoolExecutor$Worker@3de6cfb[State = -1, empty queue]] INFO  server.RaftServer$Division (RaftServerImpl.java:lambda$close$4(438)) - s2@group-1D19F5312903: shutdown
2022-07-23 19:35:39,796 [java.util.concurrent.ThreadPoolExecutor$Worker@36d58a0f[State = -1, empty queue]] INFO  server.GrpcService (GrpcService.java:closeImpl(280)) - s1: shutdown server org.apache.ratis.grpc.server.GrpcClientProtocolService successfully
2022-07-23 19:35:39,796 [java.util.concurrent.ThreadPoolExecutor$Worker@36d58a0f[State = -1, empty queue]] INFO  server.GrpcService (GrpcService.java:closeImpl(271)) - s1: shutdown server GrpcServerProtocolService now
2022-07-23 19:35:39,796 [java.util.concurrent.ThreadPoolExecutor$Worker@3de6cfb[State = -1, empty queue]] INFO  util.JmxRegister (JmxRegister.java:unregister(73)) - Successfully un-registered JMX Bean with object name Ratis:service=RaftServer,group=group-1D19F5312903,id=s2
2022-07-23 19:35:39,796 [java.util.concurrent.ThreadPoolExecutor$Worker@3de6cfb[State = -1, empty queue]] INFO  impl.RoleInfo (RoleInfo.java:shutdownFollowerState(110)) - s2: shutdown s2@group-1D19F5312903-FollowerState
2022-07-23 19:35:39,796 [java.util.concurrent.ThreadPoolExecutor$Worker@36d58a0f[State = -1, empty queue]] INFO  server.GrpcService (GrpcService.java:closeImpl(280)) - s1: shutdown server GrpcServerProtocolService successfully
2022-07-23 19:35:39,796 [s2@group-1D19F5312903-FollowerState] INFO  impl.FollowerState (FollowerState.java:run(152)) - s2@group-1D19F5312903-FollowerState was interrupted
2022-07-23 19:35:39,796 [java.util.concurrent.ThreadPoolExecutor$Worker@36d58a0f[State = -1, empty queue]] INFO  server.GrpcService (GrpcService.java:closeImpl(271)) - s1: shutdown server org.apache.ratis.grpc.server.GrpcAdminProtocolService now
2022-07-23 19:35:39,797 [java.util.concurrent.ThreadPoolExecutor$Worker@36d58a0f[State = -1, empty queue]] INFO  server.GrpcService (GrpcService.java:closeImpl(280)) - s1: shutdown server org.apache.ratis.grpc.server.GrpcAdminProtocolService successfully
2022-07-23 19:35:39,797 [org.apache.ratis.util.JvmPauseMonitor$$Lambda$313/980778071@41e671bd] INFO  util.JvmPauseMonitor (JvmPauseMonitor.java:run(109)) - JvmPauseMonitor-s1: Stopped
2022-07-23 19:35:39,797 [java.util.concurrent.ThreadPoolExecutor$Worker@3de6cfb[State = -1, empty queue]] INFO  impl.StateMachineUpdater (StateMachineUpdater.java:stopAndJoin(153)) - s2@group-1D19F5312903-StateMachineUpdater: set stopIndex = 161
2022-07-23 19:35:39,797 [java.util.concurrent.ThreadPoolExecutor$Worker@3de6cfb[State = -1, empty queue]] INFO  server.RaftServer$Division (ServerState.java:close(465)) - s2@group-1D19F5312903: closes. applyIndex: 161
2022-07-23 19:35:39,798 [s2@group-1D19F5312903-SegmentedRaftLogWorker] INFO  segmented.SegmentedRaftLogWorker (SegmentedRaftLogWorker.java:run(336)) - s2@group-1D19F5312903-SegmentedRaftLogWorker was interrupted, exiting. There are 0 tasks remaining in the queue.
2022-07-23 19:35:39,799 [java.util.concurrent.ThreadPoolExecutor$Worker@3de6cfb[State = -1, empty queue]] INFO  segmented.SegmentedRaftLogWorker (SegmentedRaftLogWorker.java:close(246)) - s2@group-1D19F5312903-SegmentedRaftLogWorker close()
2022-07-23 19:35:39,799 [java.util.concurrent.ThreadPoolExecutor$Worker@3de6cfb[State = -1, empty queue]] INFO  server.GrpcService (GrpcService.java:closeImpl(271)) - s2: shutdown server org.apache.ratis.grpc.server.GrpcClientProtocolService now
2022-07-23 19:35:39,800 [java.util.concurrent.ThreadPoolExecutor$Worker@3de6cfb[State = -1, empty queue]] INFO  server.GrpcService (GrpcService.java:closeImpl(280)) - s2: shutdown server org.apache.ratis.grpc.server.GrpcClientProtocolService successfully
2022-07-23 19:35:39,800 [java.util.concurrent.ThreadPoolExecutor$Worker@3de6cfb[State = -1, empty queue]] INFO  server.GrpcService (GrpcService.java:closeImpl(271)) - s2: shutdown server GrpcServerProtocolService now
2022-07-23 19:35:39,800 [java.util.concurrent.ThreadPoolExecutor$Worker@3de6cfb[State = -1, empty queue]] INFO  server.GrpcService (GrpcService.java:closeImpl(280)) - s2: shutdown server GrpcServerProtocolService successfully
2022-07-23 19:35:39,800 [java.util.concurrent.ThreadPoolExecutor$Worker@3de6cfb[State = -1, empty queue]] INFO  server.GrpcService (GrpcService.java:closeImpl(271)) - s2: shutdown server org.apache.ratis.grpc.server.GrpcAdminProtocolService now
2022-07-23 19:35:39,800 [java.util.concurrent.ThreadPoolExecutor$Worker@3de6cfb[State = -1, empty queue]] INFO  server.GrpcService (GrpcService.java:closeImpl(280)) - s2: shutdown server org.apache.ratis.grpc.server.GrpcAdminProtocolService successfully
2022-07-23 19:35:39,800 [org.apache.ratis.util.JvmPauseMonitor$$Lambda$313/980778071@69575291] INFO  util.JvmPauseMonitor (JvmPauseMonitor.java:run(109)) - JvmPauseMonitor-s2: Stopped
]]></system-out>
  </testcase>
  <testcase name="testBasicAppendEntriesAsync" classname="org.apache.ratis.grpc.TestRaftAsyncWithGrpc" time="1.663">
    <failure message="Unexpected exit." type="java.lang.AssertionError">java.lang.AssertionError: Unexpected exit.
	at org.apache.ratis.util.ExitUtils.assertNotTerminated(ExitUtils.java:109)
	at org.apache.ratis.BaseTest.assertNoFailures(BaseTest.java:89)
	at sun.reflect.NativeMethodAccessorImpl.invoke0(Native Method)
	at sun.reflect.NativeMethodAccessorImpl.invoke(NativeMethodAccessorImpl.java:62)
	at sun.reflect.DelegatingMethodAccessorImpl.invoke(DelegatingMethodAccessorImpl.java:43)
	at java.lang.reflect.Method.invoke(Method.java:498)
	at org.junit.runners.model.FrameworkMethod$1.runReflectiveCall(FrameworkMethod.java:59)
	at org.junit.internal.runners.model.ReflectiveCallable.run(ReflectiveCallable.java:12)
	at org.junit.runners.model.FrameworkMethod.invokeExplosively(FrameworkMethod.java:56)
	at org.junit.internal.runners.statements.RunAfters.invokeMethod(RunAfters.java:46)
	at org.junit.internal.runners.statements.RunAfters.evaluate(RunAfters.java:33)
	at org.junit.internal.runners.statements.FailOnTimeout$CallableStatement.call(FailOnTimeout.java:299)
	at org.junit.internal.runners.statements.FailOnTimeout$CallableStatement.call(FailOnTimeout.java:293)
	at java.util.concurrent.FutureTask.run(FutureTask.java:266)
	at java.lang.Thread.run(Thread.java:750)
Caused by: org.apache.ratis.util.ExitUtils$ExitException: Failed to kill/restart server: s0
	at org.apache.ratis.util.ExitUtils.terminate(ExitUtils.java:141)
	at org.apache.ratis.util.ExitUtils.terminate(ExitUtils.java:151)
	at org.apache.ratis.RaftBasicTests.lambda$killAndRestartServer$2(RaftBasicTests.java:109)
	... 1 more
Caused by: java.lang.IllegalStateException: ILLEGAL TRANSITION: In s0-RaftServerProxy, CLOSED -> EXCEPTION
	at org.apache.ratis.util.Preconditions.assertTrue(Preconditions.java:60)
	at org.apache.ratis.util.LifeCycle$State.validate(LifeCycle.java:121)
	at org.apache.ratis.util.LifeCycle.transition(LifeCycle.java:164)
	at org.apache.ratis.util.LifeCycle.startAndTransition(LifeCycle.java:273)
	at org.apache.ratis.server.impl.RaftServerProxy.start(RaftServerProxy.java:379)
	at org.apache.ratis.server.impl.MiniRaftCluster.restartServer(MiniRaftCluster.java:330)
	at org.apache.ratis.server.impl.MiniRaftCluster.restartServer(MiniRaftCluster.java:322)
	at org.apache.ratis.RaftBasicTests.lambda$killAndRestartServer$2(RaftBasicTests.java:106)
	... 1 more
</failure>
  </testcase>
  <testcase name="testNoRetryWaitOnNotLeaderException" classname="org.apache.ratis.grpc.TestRaftAsyncWithGrpc" time="0.61">
    <failure message="Unexpected exit." type="java.lang.AssertionError">java.lang.AssertionError: Unexpected exit.
	at org.apache.ratis.util.ExitUtils.assertNotTerminated(ExitUtils.java:109)
	at org.apache.ratis.server.impl.MiniRaftCluster.shutdown(MiniRaftCluster.java:800)
	at org.apache.ratis.server.impl.MiniRaftCluster$Factory$Get.runWithNewCluster(MiniRaftCluster.java:131)
	at org.apache.ratis.server.impl.MiniRaftCluster$Factory$Get.runWithNewCluster(MiniRaftCluster.java:113)
	at org.apache.ratis.RaftAsyncTests.testNoRetryWaitOnNotLeaderException(RaftAsyncTests.java:464)
	at sun.reflect.NativeMethodAccessorImpl.invoke0(Native Method)
	at sun.reflect.NativeMethodAccessorImpl.invoke(NativeMethodAccessorImpl.java:62)
	at sun.reflect.DelegatingMethodAccessorImpl.invoke(DelegatingMethodAccessorImpl.java:43)
	at java.lang.reflect.Method.invoke(Method.java:498)
	at org.junit.runners.model.FrameworkMethod$1.runReflectiveCall(FrameworkMethod.java:59)
	at org.junit.internal.runners.model.ReflectiveCallable.run(ReflectiveCallable.java:12)
	at org.junit.runners.model.FrameworkMethod.invokeExplosively(FrameworkMethod.java:56)
	at org.junit.internal.runners.statements.InvokeMethod.evaluate(InvokeMethod.java:17)
	at org.junit.internal.runners.statements.RunAfters.evaluate(RunAfters.java:27)
	at org.junit.internal.runners.statements.FailOnTimeout$CallableStatement.call(FailOnTimeout.java:299)
	at org.junit.internal.runners.statements.FailOnTimeout$CallableStatement.call(FailOnTimeout.java:293)
	at java.util.concurrent.FutureTask.run(FutureTask.java:266)
	at java.lang.Thread.run(Thread.java:750)
Caused by: org.apache.ratis.util.ExitUtils$ExitException: Failed to kill/restart server: s0
	at org.apache.ratis.util.ExitUtils.terminate(ExitUtils.java:141)
	at org.apache.ratis.util.ExitUtils.terminate(ExitUtils.java:151)
	at org.apache.ratis.RaftBasicTests.lambda$killAndRestartServer$2(RaftBasicTests.java:109)
	... 1 more
Caused by: java.lang.IllegalStateException: ILLEGAL TRANSITION: In s0-RaftServerProxy, CLOSED -> EXCEPTION
	at org.apache.ratis.util.Preconditions.assertTrue(Preconditions.java:60)
	at org.apache.ratis.util.LifeCycle$State.validate(LifeCycle.java:121)
	at org.apache.ratis.util.LifeCycle.transition(LifeCycle.java:164)
	at org.apache.ratis.util.LifeCycle.startAndTransition(LifeCycle.java:273)
	at org.apache.ratis.server.impl.RaftServerProxy.start(RaftServerProxy.java:379)
	at org.apache.ratis.server.impl.MiniRaftCluster.restartServer(MiniRaftCluster.java:330)
	at org.apache.ratis.server.impl.MiniRaftCluster.restartServer(MiniRaftCluster.java:322)
	at org.apache.ratis.RaftBasicTests.lambda$killAndRestartServer$2(RaftBasicTests.java:106)
	... 1 more
</failure>
    <system-out><![CDATA[2022-07-23 19:35:39,808 [main] INFO  util.LogUtils (Log4jUtils.java:setLogLevel(32)) - Set org.apache.ratis.conf.ConfUtils log level to WARN
2022-07-23 19:35:39,809 [main] INFO  util.LogUtils (Log4jUtils.java:setLogLevel(32)) - Set org.apache.ratis.util.FileUtils log level to TRACE
2022-07-23 19:35:39,809 [main] INFO  util.LogUtils (Log4jUtils.java:setLogLevel(32)) - Set org.apache.ratis.server.RaftServer$Division log level to DEBUG
2022-07-23 19:35:39,809 [main] INFO  util.LogUtils (Log4jUtils.java:setLogLevel(32)) - Set org.apache.ratis.client.RaftClient log level to DEBUG
2022-07-23 19:35:39,809 [Time-limited test] INFO  impl.MiniRaftCluster (MiniRaftCluster.java:runWithNewCluster(119)) - Running runWithNewCluster
2022-07-23 19:35:39,810 [Time-limited test] INFO  impl.MiniRaftCluster (MiniRaftCluster.java:<init>(272)) - new MiniRaftClusterWithGrpc with group-2D0E9D60D8D7:[s0|rpc:localhost:42269|admin:localhost:45339|client:localhost:41001|dataStream:localhost:45053|priority:0|startupRole:FOLLOWER, s1|rpc:localhost:33695|admin:localhost:33671|client:localhost:37171|dataStream:localhost:38465|priority:0|startupRole:FOLLOWER, s2|rpc:localhost:39673|admin:localhost:45315|client:localhost:37355|dataStream:localhost:40619|priority:0|startupRole:FOLLOWER]
2022-07-23 19:35:39,810 [Time-limited test] INFO  impl.MiniRaftCluster (MiniRaftCluster.java:start(305)) - .............................................................. 
2022-07-23 19:35:39,810 [Time-limited test] INFO  impl.MiniRaftCluster (MiniRaftCluster.java:start(306)) - ... 
2022-07-23 19:35:39,810 [Time-limited test] INFO  impl.MiniRaftCluster (MiniRaftCluster.java:start(307)) - ...     Starting MiniRaftClusterWithGrpc
2022-07-23 19:35:39,810 [Time-limited test] INFO  impl.MiniRaftCluster (MiniRaftCluster.java:start(308)) - ... 
2022-07-23 19:35:39,810 [Time-limited test] INFO  impl.MiniRaftCluster (MiniRaftCluster.java:start(309)) - .............................................................. 
2022-07-23 19:35:39,810 [Time-limited test] INFO  impl.MiniRaftCluster (MiniRaftCluster.java:initServers(284)) - servers = {}
2022-07-23 19:35:39,810 [Time-limited test] INFO  impl.MiniRaftCluster (MiniRaftCluster.java:newRaftServer(348)) - newRaftServer: s0, group-2D0E9D60D8D7:[s0|rpc:localhost:42269|admin:localhost:45339|client:localhost:41001|dataStream:localhost:45053|priority:0|startupRole:FOLLOWER, s1|rpc:localhost:33695|admin:localhost:33671|client:localhost:37171|dataStream:localhost:38465|priority:0|startupRole:FOLLOWER, s2|rpc:localhost:39673|admin:localhost:45315|client:localhost:37355|dataStream:localhost:40619|priority:0|startupRole:FOLLOWER], format? true
2022-07-23 19:35:39,810 [Time-limited test] TRACE util.FileUtils (FileUtils.java:deleteFully(162)) - deleteFully target/test/data/11cf776f/MiniRaftClusterWithGrpcbcd21798/s0
2022-07-23 19:35:39,811 [Time-limited test] TRACE util.FileUtils (FileUtils.java:deleteFully(178)) - deleteFully: target/test/data/11cf776f/MiniRaftClusterWithGrpcbcd21798/s0 does not exist.
2022-07-23 19:35:39,811 [Time-limited test] INFO  impl.MiniRaftCluster (MiniRaftCluster.java:newRaftServer(353)) - Formatted directory target/test/data/11cf776f/MiniRaftClusterWithGrpcbcd21798/s0
2022-07-23 19:35:39,811 [Time-limited test] INFO  server.RaftServer (ConfUtils.java:logGet(46)) - raft.rpc.type = GRPC (default)
2022-07-23 19:35:39,811 [Time-limited test] INFO  grpc.GrpcConfigKeys (ConfUtils.java:logGet(46)) - raft.grpc.admin.port = 45339 (custom)
2022-07-23 19:35:39,811 [Time-limited test] INFO  grpc.GrpcConfigKeys (ConfUtils.java:logGet(46)) - raft.grpc.client.port = 41001 (custom)
2022-07-23 19:35:39,811 [Time-limited test] INFO  grpc.GrpcConfigKeys (ConfUtils.java:logGet(46)) - raft.grpc.server.port = 42269 (custom)
2022-07-23 19:35:39,811 [Time-limited test] INFO  server.GrpcService (ConfUtils.java:logGet(46)) - raft.grpc.message.size.max = 64MB (=67108864) (default)
2022-07-23 19:35:39,811 [Time-limited test] INFO  server.RaftServerConfigKeys (ConfUtils.java:logGet(46)) - raft.server.log.appender.buffer.byte-limit = 4MB (=4194304) (default)
2022-07-23 19:35:39,811 [Time-limited test] INFO  server.GrpcService (ConfUtils.java:logGet(46)) - raft.grpc.flow.control.window = 1MB (=1048576) (default)
2022-07-23 19:35:39,812 [Time-limited test] INFO  server.RaftServerConfigKeys (ConfUtils.java:logGet(46)) - raft.server.rpc.request.timeout = 3000ms (default)
2022-07-23 19:35:39,812 [Time-limited test] INFO  grpc.GrpcConfigKeys (ConfUtils.java:logGet(46)) - raft.grpc.server.heartbeat.channel = true (default)
2022-07-23 19:35:39,812 [Time-limited test] INFO  grpc.GrpcConfigKeys (ConfUtils.java:logGet(46)) - raft.grpc.server.async.request.thread.pool.cached = true (default)
2022-07-23 19:35:39,812 [Time-limited test] INFO  grpc.GrpcConfigKeys (ConfUtils.java:logGet(46)) - raft.grpc.server.async.request.thread.pool.size = 32 (default)
2022-07-23 19:35:39,813 [Time-limited test] INFO  impl.DataStreamServerImpl (ConfUtils.java:logGet(46)) - raft.datastream.type = DISABLED (default)
2022-07-23 19:35:39,813 [Time-limited test] INFO  server.RaftServerConfigKeys (ConfUtils.java:logGet(46)) - raft.server.threadpool.proxy.cached = true (default)
2022-07-23 19:35:39,813 [Time-limited test] INFO  server.RaftServerConfigKeys (ConfUtils.java:logGet(46)) - raft.server.threadpool.proxy.size = 0 (default)
2022-07-23 19:35:39,813 [Time-limited test] INFO  server.RaftServerConfigKeys (ConfUtils.java:logGet(46)) - raft.server.rpc.slowness.timeout = 60s (default)
2022-07-23 19:35:39,813 [Time-limited test] INFO  server.RaftServerConfigKeys (ConfUtils.java:logGet(46)) - raft.server.leaderelection.leader.step-down.wait-time = 10s (default)
2022-07-23 19:35:39,813 [Time-limited test] INFO  server.RaftServerConfigKeys (ConfUtils.java:logGet(46)) - raft.server.storage.dir = [/home/runner/work/ratis/ratis/ratis-test/target/test/data/11cf776f/MiniRaftClusterWithGrpcbcd21798/s0] (custom)
2022-07-23 19:35:39,815 [Time-limited test] INFO  server.RaftServer (RaftServerProxy.java:addNew(96)) - s0: addNew group-2D0E9D60D8D7:[s0|rpc:localhost:42269|admin:localhost:45339|client:localhost:41001|dataStream:localhost:45053|priority:0|startupRole:FOLLOWER, s1|rpc:localhost:33695|admin:localhost:33671|client:localhost:37171|dataStream:localhost:38465|priority:0|startupRole:FOLLOWER, s2|rpc:localhost:39673|admin:localhost:45315|client:localhost:37355|dataStream:localhost:40619|priority:0|startupRole:FOLLOWER] returns group-2D0E9D60D8D7:java.util.concurrent.CompletableFuture@1b5c008a[Not completed]
2022-07-23 19:35:39,816 [pool-41-thread-1] INFO  server.RaftServerConfigKeys (ConfUtils.java:logGet(46)) - raft.server.log.segment.size.max = 8MB (=8388608) (default)
2022-07-23 19:35:39,816 [pool-41-thread-1] INFO  server.RaftServerConfigKeys (ConfUtils.java:logGet(46)) - raft.server.log.preallocated.size = 4MB (=4194304) (default)
2022-07-23 19:35:39,816 [pool-41-thread-1] INFO  server.RaftServerConfigKeys (ConfUtils.java:logGet(46)) - raft.server.log.write.buffer.size = 64KB (=65536) (default)
2022-07-23 19:35:39,816 [Time-limited test] INFO  impl.MiniRaftCluster (MiniRaftCluster.java:newRaftServer(348)) - newRaftServer: s1, group-2D0E9D60D8D7:[s0|rpc:localhost:42269|admin:localhost:45339|client:localhost:41001|dataStream:localhost:45053|priority:0|startupRole:FOLLOWER, s1|rpc:localhost:33695|admin:localhost:33671|client:localhost:37171|dataStream:localhost:38465|priority:0|startupRole:FOLLOWER, s2|rpc:localhost:39673|admin:localhost:45315|client:localhost:37355|dataStream:localhost:40619|priority:0|startupRole:FOLLOWER], format? true
2022-07-23 19:35:39,816 [Time-limited test] TRACE util.FileUtils (FileUtils.java:deleteFully(162)) - deleteFully target/test/data/11cf776f/MiniRaftClusterWithGrpcbcd21798/s1
2022-07-23 19:35:39,816 [pool-41-thread-1] INFO  server.RaftServer$Division (RaftServerImpl.java:<init>(192)) - s0: new RaftServerImpl for group-2D0E9D60D8D7:[s0|rpc:localhost:42269|admin:localhost:45339|client:localhost:41001|dataStream:localhost:45053|priority:0|startupRole:FOLLOWER, s1|rpc:localhost:33695|admin:localhost:33671|client:localhost:37171|dataStream:localhost:38465|priority:0|startupRole:FOLLOWER, s2|rpc:localhost:39673|admin:localhost:45315|client:localhost:37355|dataStream:localhost:40619|priority:0|startupRole:FOLLOWER] with SimpleStateMachine4Testing:uninitialized
2022-07-23 19:35:39,816 [pool-41-thread-1] INFO  server.RaftServerConfigKeys (ConfUtils.java:logGet(46)) - raft.server.rpc.timeout.min = 150ms (default)
2022-07-23 19:35:39,816 [pool-41-thread-1] INFO  server.RaftServerConfigKeys (ConfUtils.java:logGet(46)) - raft.server.rpc.timeout.max = 300ms (default)
2022-07-23 19:35:39,816 [pool-41-thread-1] INFO  server.RaftServerConfigKeys (ConfUtils.java:logGet(46)) - raft.server.rpc.sleep.time = 25ms (default)
2022-07-23 19:35:39,816 [pool-41-thread-1] INFO  server.RaftServerConfigKeys (ConfUtils.java:logGet(46)) - raft.server.rpc.slowness.timeout = 60s (default)
2022-07-23 19:35:39,816 [pool-41-thread-1] INFO  server.RaftServerConfigKeys (ConfUtils.java:logGet(46)) - raft.server.leaderelection.leader.step-down.wait-time = 10s (default)
2022-07-23 19:35:39,816 [Time-limited test] TRACE util.FileUtils (FileUtils.java:deleteFully(178)) - deleteFully: target/test/data/11cf776f/MiniRaftClusterWithGrpcbcd21798/s1 does not exist.
2022-07-23 19:35:39,816 [Time-limited test] INFO  impl.MiniRaftCluster (MiniRaftCluster.java:newRaftServer(353)) - Formatted directory target/test/data/11cf776f/MiniRaftClusterWithGrpcbcd21798/s1
2022-07-23 19:35:39,816 [pool-41-thread-1] INFO  server.RaftServerConfigKeys (ConfUtils.java:logGet(46)) - raft.server.sleep.deviation.threshold = 300ms (default)
2022-07-23 19:35:39,817 [pool-41-thread-1] INFO  server.RaftServer$Division (ServerState.java:<init>(118)) - s0@group-2D0E9D60D8D7: ConfigurationManager, init=-1: peers:[s0|rpc:localhost:42269|admin:localhost:45339|client:localhost:41001|dataStream:localhost:45053|priority:0|startupRole:FOLLOWER, s1|rpc:localhost:33695|admin:localhost:33671|client:localhost:37171|dataStream:localhost:38465|priority:0|startupRole:FOLLOWER, s2|rpc:localhost:39673|admin:localhost:45315|client:localhost:37355|dataStream:localhost:40619|priority:0|startupRole:FOLLOWER]|listeners:[], old=null, confs=<EMPTY_MAP>
2022-07-23 19:35:39,817 [Time-limited test] INFO  server.RaftServer (ConfUtils.java:logGet(46)) - raft.rpc.type = GRPC (default)
2022-07-23 19:35:39,817 [pool-41-thread-1] INFO  server.RaftServerConfigKeys (ConfUtils.java:logGet(46)) - raft.server.storage.dir = [/home/runner/work/ratis/ratis/ratis-test/target/test/data/11cf776f/MiniRaftClusterWithGrpcbcd21798/s0] (custom)
2022-07-23 19:35:39,817 [Time-limited test] INFO  grpc.GrpcConfigKeys (ConfUtils.java:logGet(46)) - raft.grpc.admin.port = 33671 (custom)
2022-07-23 19:35:39,817 [pool-41-thread-1] INFO  server.RaftServerConfigKeys (ConfUtils.java:logGet(46)) - raft.server.log.corruption.policy = EXCEPTION (default)
2022-07-23 19:35:39,817 [Time-limited test] INFO  grpc.GrpcConfigKeys (ConfUtils.java:logGet(46)) - raft.grpc.client.port = 37171 (custom)
2022-07-23 19:35:39,817 [Time-limited test] INFO  grpc.GrpcConfigKeys (ConfUtils.java:logGet(46)) - raft.grpc.server.port = 33695 (custom)
2022-07-23 19:35:39,817 [pool-41-thread-1] INFO  server.RaftServerConfigKeys (ConfUtils.java:logGet(46)) - raft.server.storage.free-space.min = 0MB (=0) (default)
2022-07-23 19:35:39,817 [Time-limited test] INFO  server.GrpcService (ConfUtils.java:logGet(46)) - raft.grpc.message.size.max = 64MB (=67108864) (default)
2022-07-23 19:35:39,817 [Time-limited test] INFO  server.RaftServerConfigKeys (ConfUtils.java:logGet(46)) - raft.server.log.appender.buffer.byte-limit = 4MB (=4194304) (default)
2022-07-23 19:35:39,817 [Time-limited test] INFO  server.GrpcService (ConfUtils.java:logGet(46)) - raft.grpc.flow.control.window = 1MB (=1048576) (default)
2022-07-23 19:35:39,818 [Time-limited test] INFO  server.RaftServerConfigKeys (ConfUtils.java:logGet(46)) - raft.server.rpc.request.timeout = 3000ms (default)
2022-07-23 19:35:39,818 [Time-limited test] INFO  grpc.GrpcConfigKeys (ConfUtils.java:logGet(46)) - raft.grpc.server.heartbeat.channel = true (default)
2022-07-23 19:35:39,817 [pool-41-thread-1] INFO  server.RaftServerConfigKeys (ConfUtils.java:logGet(46)) - raft.server.notification.no-leader.timeout = 60s (default)
2022-07-23 19:35:39,818 [Time-limited test] INFO  grpc.GrpcConfigKeys (ConfUtils.java:logGet(46)) - raft.grpc.server.async.request.thread.pool.cached = true (default)
2022-07-23 19:35:39,818 [Time-limited test] INFO  grpc.GrpcConfigKeys (ConfUtils.java:logGet(46)) - raft.grpc.server.async.request.thread.pool.size = 32 (default)
2022-07-23 19:35:39,818 [pool-41-thread-1] INFO  server.RaftServerConfigKeys (ConfUtils.java:logGet(46)) - raft.server.retrycache.expirytime = 60s (default)
2022-07-23 19:35:39,818 [pool-41-thread-1] INFO  server.RaftServerConfigKeys (ConfUtils.java:logGet(46)) - raft.server.retrycache.statistics.expirytime = 100μs (default)
2022-07-23 19:35:39,818 [pool-41-thread-1] INFO  server.RaftServerConfigKeys (ConfUtils.java:logGet(46)) - raft.server.log.appender.install.snapshot.enabled = true (default)
2022-07-23 19:35:39,819 [pool-41-thread-1] INFO  server.RaftServerConfigKeys (ConfUtils.java:logGet(46)) - raft.server.threadpool.server.cached = true (default)
2022-07-23 19:35:39,819 [pool-41-thread-1] INFO  server.RaftServerConfigKeys (ConfUtils.java:logGet(46)) - raft.server.threadpool.server.size = 0 (default)
2022-07-23 19:35:39,819 [pool-41-thread-1] INFO  server.RaftServerConfigKeys (ConfUtils.java:logGet(46)) - raft.server.threadpool.client.cached = true (default)
2022-07-23 19:35:39,819 [pool-41-thread-1] INFO  server.RaftServerConfigKeys (ConfUtils.java:logGet(46)) - raft.server.threadpool.client.size = 0 (default)
2022-07-23 19:35:39,822 [Time-limited test] INFO  impl.DataStreamServerImpl (ConfUtils.java:logGet(46)) - raft.datastream.type = DISABLED (default)
2022-07-23 19:35:39,823 [Time-limited test] INFO  server.RaftServerConfigKeys (ConfUtils.java:logGet(46)) - raft.server.threadpool.proxy.cached = true (default)
2022-07-23 19:35:39,823 [Time-limited test] INFO  server.RaftServerConfigKeys (ConfUtils.java:logGet(46)) - raft.server.threadpool.proxy.size = 0 (default)
2022-07-23 19:35:39,823 [Time-limited test] INFO  server.RaftServerConfigKeys (ConfUtils.java:logGet(46)) - raft.server.rpc.slowness.timeout = 60s (default)
2022-07-23 19:35:39,823 [Time-limited test] INFO  server.RaftServerConfigKeys (ConfUtils.java:logGet(46)) - raft.server.leaderelection.leader.step-down.wait-time = 10s (default)
2022-07-23 19:35:39,823 [Time-limited test] INFO  server.RaftServerConfigKeys (ConfUtils.java:logGet(46)) - raft.server.storage.dir = [/home/runner/work/ratis/ratis/ratis-test/target/test/data/11cf776f/MiniRaftClusterWithGrpcbcd21798/s1] (custom)
2022-07-23 19:35:39,824 [Time-limited test] INFO  server.RaftServer (RaftServerProxy.java:addNew(96)) - s1: addNew group-2D0E9D60D8D7:[s0|rpc:localhost:42269|admin:localhost:45339|client:localhost:41001|dataStream:localhost:45053|priority:0|startupRole:FOLLOWER, s1|rpc:localhost:33695|admin:localhost:33671|client:localhost:37171|dataStream:localhost:38465|priority:0|startupRole:FOLLOWER, s2|rpc:localhost:39673|admin:localhost:45315|client:localhost:37355|dataStream:localhost:40619|priority:0|startupRole:FOLLOWER] returns group-2D0E9D60D8D7:java.util.concurrent.CompletableFuture@50f715[Not completed]
2022-07-23 19:35:39,824 [Time-limited test] INFO  impl.MiniRaftCluster (MiniRaftCluster.java:newRaftServer(348)) - newRaftServer: s2, group-2D0E9D60D8D7:[s0|rpc:localhost:42269|admin:localhost:45339|client:localhost:41001|dataStream:localhost:45053|priority:0|startupRole:FOLLOWER, s1|rpc:localhost:33695|admin:localhost:33671|client:localhost:37171|dataStream:localhost:38465|priority:0|startupRole:FOLLOWER, s2|rpc:localhost:39673|admin:localhost:45315|client:localhost:37355|dataStream:localhost:40619|priority:0|startupRole:FOLLOWER], format? true
2022-07-23 19:35:39,824 [Time-limited test] TRACE util.FileUtils (FileUtils.java:deleteFully(162)) - deleteFully target/test/data/11cf776f/MiniRaftClusterWithGrpcbcd21798/s2
2022-07-23 19:35:39,824 [Time-limited test] TRACE util.FileUtils (FileUtils.java:deleteFully(178)) - deleteFully: target/test/data/11cf776f/MiniRaftClusterWithGrpcbcd21798/s2 does not exist.
2022-07-23 19:35:39,824 [Time-limited test] INFO  impl.MiniRaftCluster (MiniRaftCluster.java:newRaftServer(353)) - Formatted directory target/test/data/11cf776f/MiniRaftClusterWithGrpcbcd21798/s2
2022-07-23 19:35:39,824 [Time-limited test] INFO  server.RaftServer (ConfUtils.java:logGet(46)) - raft.rpc.type = GRPC (default)
2022-07-23 19:35:39,824 [Time-limited test] INFO  grpc.GrpcConfigKeys (ConfUtils.java:logGet(46)) - raft.grpc.admin.port = 45315 (custom)
2022-07-23 19:35:39,824 [Time-limited test] INFO  grpc.GrpcConfigKeys (ConfUtils.java:logGet(46)) - raft.grpc.client.port = 37355 (custom)
2022-07-23 19:35:39,824 [Time-limited test] INFO  grpc.GrpcConfigKeys (ConfUtils.java:logGet(46)) - raft.grpc.server.port = 39673 (custom)
2022-07-23 19:35:39,824 [Time-limited test] INFO  server.GrpcService (ConfUtils.java:logGet(46)) - raft.grpc.message.size.max = 64MB (=67108864) (default)
2022-07-23 19:35:39,824 [Time-limited test] INFO  server.RaftServerConfigKeys (ConfUtils.java:logGet(46)) - raft.server.log.appender.buffer.byte-limit = 4MB (=4194304) (default)
2022-07-23 19:35:39,825 [Time-limited test] INFO  server.GrpcService (ConfUtils.java:logGet(46)) - raft.grpc.flow.control.window = 1MB (=1048576) (default)
2022-07-23 19:35:39,825 [Time-limited test] INFO  server.RaftServerConfigKeys (ConfUtils.java:logGet(46)) - raft.server.rpc.request.timeout = 3000ms (default)
2022-07-23 19:35:39,825 [Time-limited test] INFO  grpc.GrpcConfigKeys (ConfUtils.java:logGet(46)) - raft.grpc.server.heartbeat.channel = true (default)
2022-07-23 19:35:39,825 [Time-limited test] INFO  grpc.GrpcConfigKeys (ConfUtils.java:logGet(46)) - raft.grpc.server.async.request.thread.pool.cached = true (default)
2022-07-23 19:35:39,825 [Time-limited test] INFO  grpc.GrpcConfigKeys (ConfUtils.java:logGet(46)) - raft.grpc.server.async.request.thread.pool.size = 32 (default)
2022-07-23 19:35:39,826 [Time-limited test] INFO  impl.DataStreamServerImpl (ConfUtils.java:logGet(46)) - raft.datastream.type = DISABLED (default)
2022-07-23 19:35:39,826 [Time-limited test] INFO  server.RaftServerConfigKeys (ConfUtils.java:logGet(46)) - raft.server.threadpool.proxy.cached = true (default)
2022-07-23 19:35:39,826 [Time-limited test] INFO  server.RaftServerConfigKeys (ConfUtils.java:logGet(46)) - raft.server.threadpool.proxy.size = 0 (default)
2022-07-23 19:35:39,826 [Time-limited test] INFO  server.RaftServerConfigKeys (ConfUtils.java:logGet(46)) - raft.server.rpc.slowness.timeout = 60s (default)
2022-07-23 19:35:39,826 [Time-limited test] INFO  server.RaftServerConfigKeys (ConfUtils.java:logGet(46)) - raft.server.leaderelection.leader.step-down.wait-time = 10s (default)
2022-07-23 19:35:39,826 [Time-limited test] INFO  server.RaftServerConfigKeys (ConfUtils.java:logGet(46)) - raft.server.storage.dir = [/home/runner/work/ratis/ratis/ratis-test/target/test/data/11cf776f/MiniRaftClusterWithGrpcbcd21798/s2] (custom)
2022-07-23 19:35:39,829 [pool-42-thread-1] INFO  server.RaftServerConfigKeys (ConfUtils.java:logGet(46)) - raft.server.log.segment.size.max = 8MB (=8388608) (default)
2022-07-23 19:35:39,829 [pool-42-thread-1] INFO  server.RaftServerConfigKeys (ConfUtils.java:logGet(46)) - raft.server.log.preallocated.size = 4MB (=4194304) (default)
2022-07-23 19:35:39,829 [pool-42-thread-1] INFO  server.RaftServerConfigKeys (ConfUtils.java:logGet(46)) - raft.server.log.write.buffer.size = 64KB (=65536) (default)
2022-07-23 19:35:39,829 [Time-limited test] INFO  server.RaftServer (RaftServerProxy.java:addNew(96)) - s2: addNew group-2D0E9D60D8D7:[s0|rpc:localhost:42269|admin:localhost:45339|client:localhost:41001|dataStream:localhost:45053|priority:0|startupRole:FOLLOWER, s1|rpc:localhost:33695|admin:localhost:33671|client:localhost:37171|dataStream:localhost:38465|priority:0|startupRole:FOLLOWER, s2|rpc:localhost:39673|admin:localhost:45315|client:localhost:37355|dataStream:localhost:40619|priority:0|startupRole:FOLLOWER] returns group-2D0E9D60D8D7:java.util.concurrent.CompletableFuture@1c3b1daa[Not completed]
2022-07-23 19:35:39,829 [pool-42-thread-1] INFO  server.RaftServer$Division (RaftServerImpl.java:<init>(192)) - s1: new RaftServerImpl for group-2D0E9D60D8D7:[s0|rpc:localhost:42269|admin:localhost:45339|client:localhost:41001|dataStream:localhost:45053|priority:0|startupRole:FOLLOWER, s1|rpc:localhost:33695|admin:localhost:33671|client:localhost:37171|dataStream:localhost:38465|priority:0|startupRole:FOLLOWER, s2|rpc:localhost:39673|admin:localhost:45315|client:localhost:37355|dataStream:localhost:40619|priority:0|startupRole:FOLLOWER] with SimpleStateMachine4Testing:uninitialized
2022-07-23 19:35:39,829 [pool-42-thread-1] INFO  server.RaftServerConfigKeys (ConfUtils.java:logGet(46)) - raft.server.rpc.timeout.min = 150ms (default)
2022-07-23 19:35:39,829 [pool-42-thread-1] INFO  server.RaftServerConfigKeys (ConfUtils.java:logGet(46)) - raft.server.rpc.timeout.max = 300ms (default)
2022-07-23 19:35:39,830 [pool-42-thread-1] INFO  server.RaftServerConfigKeys (ConfUtils.java:logGet(46)) - raft.server.rpc.sleep.time = 25ms (default)
2022-07-23 19:35:39,830 [s0-impl-thread1] INFO  storage.RaftStorageDirectory (RaftStorageDirectoryImpl.java:analyzeStorage(137)) - The storage directory /home/runner/work/ratis/ratis/ratis-test/target/test/data/11cf776f/MiniRaftClusterWithGrpcbcd21798/s0/cc8b64a8-1783-424e-9f90-2d0e9d60d8d7 does not exist. Creating ...
2022-07-23 19:35:39,830 [pool-42-thread-1] INFO  server.RaftServerConfigKeys (ConfUtils.java:logGet(46)) - raft.server.rpc.slowness.timeout = 60s (default)
2022-07-23 19:35:39,830 [pool-42-thread-1] INFO  server.RaftServerConfigKeys (ConfUtils.java:logGet(46)) - raft.server.leaderelection.leader.step-down.wait-time = 10s (default)
2022-07-23 19:35:39,830 [pool-42-thread-1] INFO  server.RaftServerConfigKeys (ConfUtils.java:logGet(46)) - raft.server.sleep.deviation.threshold = 300ms (default)
2022-07-23 19:35:39,830 [pool-42-thread-1] INFO  server.RaftServer$Division (ServerState.java:<init>(118)) - s1@group-2D0E9D60D8D7: ConfigurationManager, init=-1: peers:[s0|rpc:localhost:42269|admin:localhost:45339|client:localhost:41001|dataStream:localhost:45053|priority:0|startupRole:FOLLOWER, s1|rpc:localhost:33695|admin:localhost:33671|client:localhost:37171|dataStream:localhost:38465|priority:0|startupRole:FOLLOWER, s2|rpc:localhost:39673|admin:localhost:45315|client:localhost:37355|dataStream:localhost:40619|priority:0|startupRole:FOLLOWER]|listeners:[], old=null, confs=<EMPTY_MAP>
2022-07-23 19:35:39,830 [s0-impl-thread1] TRACE util.FileUtils (LogUtils.java:runAndLog(49)) - Successfully ran Files.createDirectories /home/runner/work/ratis/ratis/ratis-test/target/test/data/11cf776f/MiniRaftClusterWithGrpcbcd21798/s0/cc8b64a8-1783-424e-9f90-2d0e9d60d8d7
2022-07-23 19:35:39,830 [pool-42-thread-1] INFO  server.RaftServerConfigKeys (ConfUtils.java:logGet(46)) - raft.server.storage.dir = [/home/runner/work/ratis/ratis/ratis-test/target/test/data/11cf776f/MiniRaftClusterWithGrpcbcd21798/s1] (custom)
2022-07-23 19:35:39,830 [pool-42-thread-1] INFO  server.RaftServerConfigKeys (ConfUtils.java:logGet(46)) - raft.server.log.corruption.policy = EXCEPTION (default)
2022-07-23 19:35:39,830 [pool-42-thread-1] INFO  server.RaftServerConfigKeys (ConfUtils.java:logGet(46)) - raft.server.storage.free-space.min = 0MB (=0) (default)
2022-07-23 19:35:39,830 [pool-42-thread-1] INFO  server.RaftServerConfigKeys (ConfUtils.java:logGet(46)) - raft.server.notification.no-leader.timeout = 60s (default)
2022-07-23 19:35:39,830 [pool-42-thread-1] INFO  server.RaftServerConfigKeys (ConfUtils.java:logGet(46)) - raft.server.retrycache.expirytime = 60s (default)
2022-07-23 19:35:39,830 [pool-42-thread-1] INFO  server.RaftServerConfigKeys (ConfUtils.java:logGet(46)) - raft.server.retrycache.statistics.expirytime = 100μs (default)
2022-07-23 19:35:39,831 [pool-42-thread-1] INFO  server.RaftServerConfigKeys (ConfUtils.java:logGet(46)) - raft.server.log.appender.install.snapshot.enabled = true (default)
2022-07-23 19:35:39,831 [pool-42-thread-1] INFO  server.RaftServerConfigKeys (ConfUtils.java:logGet(46)) - raft.server.threadpool.server.cached = true (default)
2022-07-23 19:35:39,831 [pool-42-thread-1] INFO  server.RaftServerConfigKeys (ConfUtils.java:logGet(46)) - raft.server.threadpool.server.size = 0 (default)
2022-07-23 19:35:39,831 [pool-42-thread-1] INFO  server.RaftServerConfigKeys (ConfUtils.java:logGet(46)) - raft.server.threadpool.client.cached = true (default)
2022-07-23 19:35:39,831 [pool-42-thread-1] INFO  server.RaftServerConfigKeys (ConfUtils.java:logGet(46)) - raft.server.threadpool.client.size = 0 (default)
2022-07-23 19:35:39,831 [pool-43-thread-1] INFO  server.RaftServerConfigKeys (ConfUtils.java:logGet(46)) - raft.server.log.segment.size.max = 8MB (=8388608) (default)
2022-07-23 19:35:39,831 [pool-43-thread-1] INFO  server.RaftServerConfigKeys (ConfUtils.java:logGet(46)) - raft.server.log.preallocated.size = 4MB (=4194304) (default)
2022-07-23 19:35:39,831 [pool-43-thread-1] INFO  server.RaftServerConfigKeys (ConfUtils.java:logGet(46)) - raft.server.log.write.buffer.size = 64KB (=65536) (default)
2022-07-23 19:35:39,831 [pool-43-thread-1] INFO  server.RaftServer$Division (RaftServerImpl.java:<init>(192)) - s2: new RaftServerImpl for group-2D0E9D60D8D7:[s0|rpc:localhost:42269|admin:localhost:45339|client:localhost:41001|dataStream:localhost:45053|priority:0|startupRole:FOLLOWER, s1|rpc:localhost:33695|admin:localhost:33671|client:localhost:37171|dataStream:localhost:38465|priority:0|startupRole:FOLLOWER, s2|rpc:localhost:39673|admin:localhost:45315|client:localhost:37355|dataStream:localhost:40619|priority:0|startupRole:FOLLOWER] with SimpleStateMachine4Testing:uninitialized
2022-07-23 19:35:39,831 [pool-43-thread-1] INFO  server.RaftServerConfigKeys (ConfUtils.java:logGet(46)) - raft.server.rpc.timeout.min = 150ms (default)
2022-07-23 19:35:39,832 [pool-43-thread-1] INFO  server.RaftServerConfigKeys (ConfUtils.java:logGet(46)) - raft.server.rpc.timeout.max = 300ms (default)
2022-07-23 19:35:39,832 [pool-43-thread-1] INFO  server.RaftServerConfigKeys (ConfUtils.java:logGet(46)) - raft.server.rpc.sleep.time = 25ms (default)
2022-07-23 19:35:39,832 [pool-43-thread-1] INFO  server.RaftServerConfigKeys (ConfUtils.java:logGet(46)) - raft.server.rpc.slowness.timeout = 60s (default)
2022-07-23 19:35:39,832 [s0-impl-thread1] INFO  storage.RaftStorageDirectory (RaftStorageDirectoryImpl.java:tryLock(231)) - Lock on /home/runner/work/ratis/ratis/ratis-test/target/test/data/11cf776f/MiniRaftClusterWithGrpcbcd21798/s0/cc8b64a8-1783-424e-9f90-2d0e9d60d8d7/in_use.lock acquired by nodename 4352@fv-az121-604.oisc35kgwdsevnec4nnef0ad5h.cx.internal.cloudapp.net
2022-07-23 19:35:39,832 [pool-43-thread-1] INFO  server.RaftServerConfigKeys (ConfUtils.java:logGet(46)) - raft.server.leaderelection.leader.step-down.wait-time = 10s (default)
2022-07-23 19:35:39,832 [pool-43-thread-1] INFO  server.RaftServerConfigKeys (ConfUtils.java:logGet(46)) - raft.server.sleep.deviation.threshold = 300ms (default)
2022-07-23 19:35:39,832 [s0-impl-thread1] TRACE util.FileUtils (LogUtils.java:runAndLog(49)) - Successfully ran Files.createDirectories /home/runner/work/ratis/ratis/ratis-test/target/test/data/11cf776f/MiniRaftClusterWithGrpcbcd21798/s0/cc8b64a8-1783-424e-9f90-2d0e9d60d8d7/current
2022-07-23 19:35:39,832 [pool-43-thread-1] INFO  server.RaftServer$Division (ServerState.java:<init>(118)) - s2@group-2D0E9D60D8D7: ConfigurationManager, init=-1: peers:[s0|rpc:localhost:42269|admin:localhost:45339|client:localhost:41001|dataStream:localhost:45053|priority:0|startupRole:FOLLOWER, s1|rpc:localhost:33695|admin:localhost:33671|client:localhost:37171|dataStream:localhost:38465|priority:0|startupRole:FOLLOWER, s2|rpc:localhost:39673|admin:localhost:45315|client:localhost:37355|dataStream:localhost:40619|priority:0|startupRole:FOLLOWER]|listeners:[], old=null, confs=<EMPTY_MAP>
2022-07-23 19:35:39,832 [s0-impl-thread1] TRACE util.FileUtils (LogUtils.java:runAndLog(49)) - Successfully ran Files.createDirectories /home/runner/work/ratis/ratis/ratis-test/target/test/data/11cf776f/MiniRaftClusterWithGrpcbcd21798/s0/cc8b64a8-1783-424e-9f90-2d0e9d60d8d7/sm
2022-07-23 19:35:39,832 [pool-43-thread-1] INFO  server.RaftServerConfigKeys (ConfUtils.java:logGet(46)) - raft.server.storage.dir = [/home/runner/work/ratis/ratis/ratis-test/target/test/data/11cf776f/MiniRaftClusterWithGrpcbcd21798/s2] (custom)
2022-07-23 19:35:39,832 [pool-43-thread-1] INFO  server.RaftServerConfigKeys (ConfUtils.java:logGet(46)) - raft.server.log.corruption.policy = EXCEPTION (default)
2022-07-23 19:35:39,832 [pool-43-thread-1] INFO  server.RaftServerConfigKeys (ConfUtils.java:logGet(46)) - raft.server.storage.free-space.min = 0MB (=0) (default)
2022-07-23 19:35:39,832 [pool-43-thread-1] INFO  server.RaftServerConfigKeys (ConfUtils.java:logGet(46)) - raft.server.notification.no-leader.timeout = 60s (default)
2022-07-23 19:35:39,833 [pool-43-thread-1] INFO  server.RaftServerConfigKeys (ConfUtils.java:logGet(46)) - raft.server.retrycache.expirytime = 60s (default)
2022-07-23 19:35:39,833 [pool-43-thread-1] INFO  server.RaftServerConfigKeys (ConfUtils.java:logGet(46)) - raft.server.retrycache.statistics.expirytime = 100μs (default)
2022-07-23 19:35:39,834 [s0-impl-thread1] INFO  storage.RaftStorage (RaftStorageImpl.java:format(96)) - Storage directory /home/runner/work/ratis/ratis/ratis-test/target/test/data/11cf776f/MiniRaftClusterWithGrpcbcd21798/s0/cc8b64a8-1783-424e-9f90-2d0e9d60d8d7 has been successfully formatted.
2022-07-23 19:35:39,834 [pool-43-thread-1] INFO  server.RaftServerConfigKeys (ConfUtils.java:logGet(46)) - raft.server.log.appender.install.snapshot.enabled = true (default)
2022-07-23 19:35:39,834 [pool-43-thread-1] INFO  server.RaftServerConfigKeys (ConfUtils.java:logGet(46)) - raft.server.threadpool.server.cached = true (default)
2022-07-23 19:35:39,834 [pool-43-thread-1] INFO  server.RaftServerConfigKeys (ConfUtils.java:logGet(46)) - raft.server.threadpool.server.size = 0 (default)
2022-07-23 19:35:39,834 [s0-impl-thread1] INFO  statemachine.SimpleStateMachine4Testing (SimpleStateMachine4Testing.java:initialize(212)) - Initializing SimpleStateMachine4Testing:uninitialized
2022-07-23 19:35:39,834 [pool-43-thread-1] INFO  server.RaftServerConfigKeys (ConfUtils.java:logGet(46)) - raft.server.threadpool.client.cached = true (default)
2022-07-23 19:35:39,834 [pool-43-thread-1] INFO  server.RaftServerConfigKeys (ConfUtils.java:logGet(46)) - raft.server.threadpool.client.size = 0 (default)
2022-07-23 19:35:39,834 [s0-impl-thread1] INFO  statemachine.SimpleStateMachine4Testing (SimpleStateMachine4Testing.java:loadSnapshot(306)) - The snapshot file null does not exist
2022-07-23 19:35:39,834 [s0-impl-thread1] INFO  server.RaftServerConfigKeys (ConfUtils.java:logGet(46)) - raft.server.log.use.memory = false (default)
2022-07-23 19:35:39,834 [s0-impl-thread1] INFO  server.RaftServerConfigKeys (ConfUtils.java:logGet(46)) - raft.server.log.purge.gap = 1024 (default)
2022-07-23 19:35:39,834 [s0-impl-thread1] INFO  server.RaftServerConfigKeys (ConfUtils.java:logGet(46)) - raft.server.log.appender.buffer.byte-limit = 4MB (=4194304) (default)
2022-07-23 19:35:39,834 [s0-impl-thread1] INFO  server.RaftServerConfigKeys (ConfUtils.java:logGet(46)) - raft.server.log.statemachine.data.read.timeout = 1000ms (default)
2022-07-23 19:35:39,834 [s0-impl-thread1] INFO  server.RaftServerConfigKeys (ConfUtils.java:logGet(46)) - raft.server.log.segment.size.max = 8MB (=8388608) (default)
2022-07-23 19:35:39,835 [s0-impl-thread1] INFO  server.RaftServerConfigKeys (ConfUtils.java:logGet(46)) - raft.server.log.segment.cache.num.max = 6 (default)
2022-07-23 19:35:39,835 [s0-impl-thread1] INFO  server.RaftServerConfigKeys (ConfUtils.java:logGet(46)) - raft.server.log.segment.cache.size.max = 200MB (=209715200) (default)
2022-07-23 19:35:39,835 [s0-impl-thread1] INFO  segmented.SegmentedRaftLogWorker (SegmentedRaftLogWorker.java:<init>(187)) - new s0@group-2D0E9D60D8D7-SegmentedRaftLogWorker for RaftStorageImpl:Storage Directory /home/runner/work/ratis/ratis/ratis-test/target/test/data/11cf776f/MiniRaftClusterWithGrpcbcd21798/s0/cc8b64a8-1783-424e-9f90-2d0e9d60d8d7
2022-07-23 19:35:39,835 [s0-impl-thread1] INFO  server.RaftServerConfigKeys (ConfUtils.java:logGet(46)) - raft.server.log.queue.byte-limit = 64MB (=67108864) (default)
2022-07-23 19:35:39,835 [s0-impl-thread1] INFO  server.RaftServerConfigKeys (ConfUtils.java:logGet(46)) - raft.server.log.queue.element-limit = 4096 (default)
2022-07-23 19:35:39,835 [s0-impl-thread1] INFO  server.RaftServerConfigKeys (ConfUtils.java:logGet(46)) - raft.server.log.segment.size.max = 8MB (=8388608) (default)
2022-07-23 19:35:39,835 [s0-impl-thread1] INFO  server.RaftServerConfigKeys (ConfUtils.java:logGet(46)) - raft.server.log.preallocated.size = 4MB (=4194304) (default)
2022-07-23 19:35:39,835 [s0-impl-thread1] INFO  server.RaftServerConfigKeys (ConfUtils.java:logGet(46)) - raft.server.log.force.sync.num = 128 (default)
2022-07-23 19:35:39,835 [s0-impl-thread1] INFO  server.RaftServerConfigKeys (ConfUtils.java:logGet(46)) - raft.server.log.statemachine.data.sync = true (default)
2022-07-23 19:35:39,835 [s0-impl-thread1] INFO  server.RaftServerConfigKeys (ConfUtils.java:logGet(46)) - raft.server.log.statemachine.data.sync.timeout = 10s (default)
2022-07-23 19:35:39,835 [s0-impl-thread1] INFO  server.RaftServerConfigKeys (ConfUtils.java:logGet(46)) - raft.server.log.statemachine.data.sync.timeout.retry = -1 (default)
2022-07-23 19:35:39,835 [s0-impl-thread1] INFO  server.RaftServerConfigKeys (ConfUtils.java:logGet(46)) - raft.server.log.write.buffer.size = 64KB (=65536) (default)
2022-07-23 19:35:39,835 [s0-impl-thread1] INFO  server.RaftServerConfigKeys (ConfUtils.java:logGet(46)) - raft.server.log.unsafe-flush.enabled = false (default)
2022-07-23 19:35:39,835 [s0-impl-thread1] INFO  server.RaftServerConfigKeys (ConfUtils.java:logGet(46)) - raft.server.log.statemachine.data.caching.enabled = false (default)
2022-07-23 19:35:39,836 [s0-impl-thread1] INFO  segmented.SegmentedRaftLogWorker (SegmentedRaftLogWorker.java:lambda$new$0(135)) - s0@group-2D0E9D60D8D7-SegmentedRaftLogWorker: flushIndex: setUnconditionally 0 -> -1
2022-07-23 19:35:39,836 [s0-impl-thread1] INFO  segmented.SegmentedRaftLogWorker (SegmentedRaftLogWorker.java:lambda$new$0(135)) - s0@group-2D0E9D60D8D7-SegmentedRaftLogWorker: safeCacheEvictIndex: setUnconditionally 0 -> -1
2022-07-23 19:35:39,836 [s0-impl-thread1] INFO  server.RaftServer$Division (RaftServerImpl.java:start(314)) - s0@group-2D0E9D60D8D7: start as a follower, conf=-1: peers:[s0|rpc:localhost:42269|admin:localhost:45339|client:localhost:41001|dataStream:localhost:45053|priority:0|startupRole:FOLLOWER, s1|rpc:localhost:33695|admin:localhost:33671|client:localhost:37171|dataStream:localhost:38465|priority:0|startupRole:FOLLOWER, s2|rpc:localhost:39673|admin:localhost:45315|client:localhost:37355|dataStream:localhost:40619|priority:0|startupRole:FOLLOWER]|listeners:[], old=null
2022-07-23 19:35:39,836 [s0-impl-thread1] INFO  server.RaftServer$Division (RaftServerImpl.java:setRole(301)) - s0@group-2D0E9D60D8D7: changes role from      null to FOLLOWER at term 0 for startAsFollower
2022-07-23 19:35:39,836 [s0-impl-thread1] INFO  impl.RoleInfo (RoleInfo.java:updateAndGet(139)) - s0: start s0@group-2D0E9D60D8D7-FollowerState
2022-07-23 19:35:39,836 [s0-impl-thread1] INFO  util.JmxRegister (JmxRegister.java:tryRegister(44)) - Successfully registered JMX Bean with object name Ratis:service=RaftServer,group=group-2D0E9D60D8D7,id=s0
2022-07-23 19:35:39,836 [s0-impl-thread1] INFO  server.RaftServerConfigKeys (ConfUtils.java:logGet(46)) - raft.server.snapshot.auto.trigger.enabled = false (default)
2022-07-23 19:35:39,836 [s0-impl-thread1] INFO  server.RaftServerConfigKeys (ConfUtils.java:logGet(46)) - raft.server.snapshot.retention.file.num = -1 (default)
2022-07-23 19:35:39,836 [s0-impl-thread1] INFO  server.RaftServerConfigKeys (ConfUtils.java:logGet(46)) - raft.server.log.purge.upto.snapshot.index = false (default)
2022-07-23 19:35:39,853 [Time-limited test] INFO  server.RaftServer (RaftServerProxy.java:startImpl(385)) - s0: start RPC server
2022-07-23 19:35:39,854 [Time-limited test] INFO  server.GrpcService (GrpcService.java:startImpl(262)) - s0: GrpcService started, listening on 41001
2022-07-23 19:35:39,854 [Time-limited test] INFO  server.GrpcService (GrpcService.java:startImpl(262)) - s0: GrpcService started, listening on 42269
2022-07-23 19:35:39,854 [Time-limited test] INFO  server.GrpcService (GrpcService.java:startImpl(262)) - s0: GrpcService started, listening on 45339
2022-07-23 19:35:39,854 [org.apache.ratis.util.JvmPauseMonitor$$Lambda$313/980778071@1b54b967] INFO  util.JvmPauseMonitor (JvmPauseMonitor.java:run(103)) - JvmPauseMonitor-s0: Started
2022-07-23 19:35:39,855 [s1-impl-thread1] INFO  storage.RaftStorageDirectory (RaftStorageDirectoryImpl.java:analyzeStorage(137)) - The storage directory /home/runner/work/ratis/ratis/ratis-test/target/test/data/11cf776f/MiniRaftClusterWithGrpcbcd21798/s1/cc8b64a8-1783-424e-9f90-2d0e9d60d8d7 does not exist. Creating ...
2022-07-23 19:35:39,855 [s1-impl-thread1] TRACE util.FileUtils (LogUtils.java:runAndLog(49)) - Successfully ran Files.createDirectories /home/runner/work/ratis/ratis/ratis-test/target/test/data/11cf776f/MiniRaftClusterWithGrpcbcd21798/s1/cc8b64a8-1783-424e-9f90-2d0e9d60d8d7
2022-07-23 19:35:39,856 [s1-impl-thread1] INFO  storage.RaftStorageDirectory (RaftStorageDirectoryImpl.java:tryLock(231)) - Lock on /home/runner/work/ratis/ratis/ratis-test/target/test/data/11cf776f/MiniRaftClusterWithGrpcbcd21798/s1/cc8b64a8-1783-424e-9f90-2d0e9d60d8d7/in_use.lock acquired by nodename 4352@fv-az121-604.oisc35kgwdsevnec4nnef0ad5h.cx.internal.cloudapp.net
2022-07-23 19:35:39,857 [s1-impl-thread1] TRACE util.FileUtils (LogUtils.java:runAndLog(49)) - Successfully ran Files.createDirectories /home/runner/work/ratis/ratis/ratis-test/target/test/data/11cf776f/MiniRaftClusterWithGrpcbcd21798/s1/cc8b64a8-1783-424e-9f90-2d0e9d60d8d7/current
2022-07-23 19:35:39,857 [s1-impl-thread1] TRACE util.FileUtils (LogUtils.java:runAndLog(49)) - Successfully ran Files.createDirectories /home/runner/work/ratis/ratis/ratis-test/target/test/data/11cf776f/MiniRaftClusterWithGrpcbcd21798/s1/cc8b64a8-1783-424e-9f90-2d0e9d60d8d7/sm
2022-07-23 19:35:39,858 [s1-impl-thread1] INFO  storage.RaftStorage (RaftStorageImpl.java:format(96)) - Storage directory /home/runner/work/ratis/ratis/ratis-test/target/test/data/11cf776f/MiniRaftClusterWithGrpcbcd21798/s1/cc8b64a8-1783-424e-9f90-2d0e9d60d8d7 has been successfully formatted.
2022-07-23 19:35:39,858 [s1-impl-thread1] INFO  statemachine.SimpleStateMachine4Testing (SimpleStateMachine4Testing.java:initialize(212)) - Initializing SimpleStateMachine4Testing:uninitialized
2022-07-23 19:35:39,858 [s1-impl-thread1] INFO  statemachine.SimpleStateMachine4Testing (SimpleStateMachine4Testing.java:loadSnapshot(306)) - The snapshot file null does not exist
2022-07-23 19:35:39,858 [s1-impl-thread1] INFO  server.RaftServerConfigKeys (ConfUtils.java:logGet(46)) - raft.server.log.use.memory = false (default)
2022-07-23 19:35:39,858 [s1-impl-thread1] INFO  server.RaftServerConfigKeys (ConfUtils.java:logGet(46)) - raft.server.log.purge.gap = 1024 (default)
2022-07-23 19:35:39,858 [s1-impl-thread1] INFO  server.RaftServerConfigKeys (ConfUtils.java:logGet(46)) - raft.server.log.appender.buffer.byte-limit = 4MB (=4194304) (default)
2022-07-23 19:35:39,858 [s1-impl-thread1] INFO  server.RaftServerConfigKeys (ConfUtils.java:logGet(46)) - raft.server.log.statemachine.data.read.timeout = 1000ms (default)
2022-07-23 19:35:39,858 [s1-impl-thread1] INFO  server.RaftServerConfigKeys (ConfUtils.java:logGet(46)) - raft.server.log.segment.size.max = 8MB (=8388608) (default)
2022-07-23 19:35:39,859 [s1-impl-thread1] INFO  server.RaftServerConfigKeys (ConfUtils.java:logGet(46)) - raft.server.log.segment.cache.num.max = 6 (default)
2022-07-23 19:35:39,859 [s1-impl-thread1] INFO  server.RaftServerConfigKeys (ConfUtils.java:logGet(46)) - raft.server.log.segment.cache.size.max = 200MB (=209715200) (default)
2022-07-23 19:35:39,859 [s1-impl-thread1] INFO  segmented.SegmentedRaftLogWorker (SegmentedRaftLogWorker.java:<init>(187)) - new s1@group-2D0E9D60D8D7-SegmentedRaftLogWorker for RaftStorageImpl:Storage Directory /home/runner/work/ratis/ratis/ratis-test/target/test/data/11cf776f/MiniRaftClusterWithGrpcbcd21798/s1/cc8b64a8-1783-424e-9f90-2d0e9d60d8d7
2022-07-23 19:35:39,859 [s1-impl-thread1] INFO  server.RaftServerConfigKeys (ConfUtils.java:logGet(46)) - raft.server.log.queue.byte-limit = 64MB (=67108864) (default)
2022-07-23 19:35:39,859 [s1-impl-thread1] INFO  server.RaftServerConfigKeys (ConfUtils.java:logGet(46)) - raft.server.log.queue.element-limit = 4096 (default)
2022-07-23 19:35:39,859 [s1-impl-thread1] INFO  server.RaftServerConfigKeys (ConfUtils.java:logGet(46)) - raft.server.log.segment.size.max = 8MB (=8388608) (default)
2022-07-23 19:35:39,859 [s1-impl-thread1] INFO  server.RaftServerConfigKeys (ConfUtils.java:logGet(46)) - raft.server.log.preallocated.size = 4MB (=4194304) (default)
2022-07-23 19:35:39,859 [s1-impl-thread1] INFO  server.RaftServerConfigKeys (ConfUtils.java:logGet(46)) - raft.server.log.force.sync.num = 128 (default)
2022-07-23 19:35:39,859 [s1-impl-thread1] INFO  server.RaftServerConfigKeys (ConfUtils.java:logGet(46)) - raft.server.log.statemachine.data.sync = true (default)
2022-07-23 19:35:39,859 [s1-impl-thread1] INFO  server.RaftServerConfigKeys (ConfUtils.java:logGet(46)) - raft.server.log.statemachine.data.sync.timeout = 10s (default)
2022-07-23 19:35:39,859 [s1-impl-thread1] INFO  server.RaftServerConfigKeys (ConfUtils.java:logGet(46)) - raft.server.log.statemachine.data.sync.timeout.retry = -1 (default)
2022-07-23 19:35:39,860 [s1-impl-thread1] INFO  server.RaftServerConfigKeys (ConfUtils.java:logGet(46)) - raft.server.log.write.buffer.size = 64KB (=65536) (default)
2022-07-23 19:35:39,860 [s1-impl-thread1] INFO  server.RaftServerConfigKeys (ConfUtils.java:logGet(46)) - raft.server.log.unsafe-flush.enabled = false (default)
2022-07-23 19:35:39,860 [s1-impl-thread1] INFO  server.RaftServerConfigKeys (ConfUtils.java:logGet(46)) - raft.server.log.statemachine.data.caching.enabled = false (default)
2022-07-23 19:35:39,860 [s1-impl-thread1] INFO  segmented.SegmentedRaftLogWorker (SegmentedRaftLogWorker.java:lambda$new$0(135)) - s1@group-2D0E9D60D8D7-SegmentedRaftLogWorker: flushIndex: setUnconditionally 0 -> -1
2022-07-23 19:35:39,860 [s1-impl-thread1] INFO  segmented.SegmentedRaftLogWorker (SegmentedRaftLogWorker.java:lambda$new$0(135)) - s1@group-2D0E9D60D8D7-SegmentedRaftLogWorker: safeCacheEvictIndex: setUnconditionally 0 -> -1
2022-07-23 19:35:39,860 [s1-impl-thread1] INFO  server.RaftServer$Division (RaftServerImpl.java:start(314)) - s1@group-2D0E9D60D8D7: start as a follower, conf=-1: peers:[s0|rpc:localhost:42269|admin:localhost:45339|client:localhost:41001|dataStream:localhost:45053|priority:0|startupRole:FOLLOWER, s1|rpc:localhost:33695|admin:localhost:33671|client:localhost:37171|dataStream:localhost:38465|priority:0|startupRole:FOLLOWER, s2|rpc:localhost:39673|admin:localhost:45315|client:localhost:37355|dataStream:localhost:40619|priority:0|startupRole:FOLLOWER]|listeners:[], old=null
2022-07-23 19:35:39,860 [s1-impl-thread1] INFO  server.RaftServer$Division (RaftServerImpl.java:setRole(301)) - s1@group-2D0E9D60D8D7: changes role from      null to FOLLOWER at term 0 for startAsFollower
2022-07-23 19:35:39,860 [s1-impl-thread1] INFO  impl.RoleInfo (RoleInfo.java:updateAndGet(139)) - s1: start s1@group-2D0E9D60D8D7-FollowerState
2022-07-23 19:35:39,861 [s1-impl-thread1] INFO  util.JmxRegister (JmxRegister.java:tryRegister(44)) - Successfully registered JMX Bean with object name Ratis:service=RaftServer,group=group-2D0E9D60D8D7,id=s1
2022-07-23 19:35:39,861 [s1-impl-thread1] INFO  server.RaftServerConfigKeys (ConfUtils.java:logGet(46)) - raft.server.snapshot.auto.trigger.enabled = false (default)
2022-07-23 19:35:39,861 [s1-impl-thread1] INFO  server.RaftServerConfigKeys (ConfUtils.java:logGet(46)) - raft.server.snapshot.retention.file.num = -1 (default)
2022-07-23 19:35:39,861 [s1-impl-thread1] INFO  server.RaftServerConfigKeys (ConfUtils.java:logGet(46)) - raft.server.log.purge.upto.snapshot.index = false (default)
2022-07-23 19:35:39,861 [Time-limited test] INFO  server.RaftServer (RaftServerProxy.java:startImpl(385)) - s1: start RPC server
2022-07-23 19:35:39,862 [Time-limited test] INFO  server.GrpcService (GrpcService.java:startImpl(262)) - s1: GrpcService started, listening on 37171
2022-07-23 19:35:39,862 [Time-limited test] INFO  server.GrpcService (GrpcService.java:startImpl(262)) - s1: GrpcService started, listening on 33695
2022-07-23 19:35:39,862 [Time-limited test] INFO  server.GrpcService (GrpcService.java:startImpl(262)) - s1: GrpcService started, listening on 33671
2022-07-23 19:35:39,867 [s2-impl-thread1] INFO  storage.RaftStorageDirectory (RaftStorageDirectoryImpl.java:analyzeStorage(137)) - The storage directory /home/runner/work/ratis/ratis/ratis-test/target/test/data/11cf776f/MiniRaftClusterWithGrpcbcd21798/s2/cc8b64a8-1783-424e-9f90-2d0e9d60d8d7 does not exist. Creating ...
2022-07-23 19:35:39,867 [s2-impl-thread1] TRACE util.FileUtils (LogUtils.java:runAndLog(49)) - Successfully ran Files.createDirectories /home/runner/work/ratis/ratis/ratis-test/target/test/data/11cf776f/MiniRaftClusterWithGrpcbcd21798/s2/cc8b64a8-1783-424e-9f90-2d0e9d60d8d7
2022-07-23 19:35:39,867 [org.apache.ratis.util.JvmPauseMonitor$$Lambda$313/980778071@7f3de01f] INFO  util.JvmPauseMonitor (JvmPauseMonitor.java:run(103)) - JvmPauseMonitor-s1: Started
2022-07-23 19:35:39,869 [s2-impl-thread1] INFO  storage.RaftStorageDirectory (RaftStorageDirectoryImpl.java:tryLock(231)) - Lock on /home/runner/work/ratis/ratis/ratis-test/target/test/data/11cf776f/MiniRaftClusterWithGrpcbcd21798/s2/cc8b64a8-1783-424e-9f90-2d0e9d60d8d7/in_use.lock acquired by nodename 4352@fv-az121-604.oisc35kgwdsevnec4nnef0ad5h.cx.internal.cloudapp.net
2022-07-23 19:35:39,869 [s2-impl-thread1] TRACE util.FileUtils (LogUtils.java:runAndLog(49)) - Successfully ran Files.createDirectories /home/runner/work/ratis/ratis/ratis-test/target/test/data/11cf776f/MiniRaftClusterWithGrpcbcd21798/s2/cc8b64a8-1783-424e-9f90-2d0e9d60d8d7/current
2022-07-23 19:35:39,869 [s2-impl-thread1] TRACE util.FileUtils (LogUtils.java:runAndLog(49)) - Successfully ran Files.createDirectories /home/runner/work/ratis/ratis/ratis-test/target/test/data/11cf776f/MiniRaftClusterWithGrpcbcd21798/s2/cc8b64a8-1783-424e-9f90-2d0e9d60d8d7/sm
2022-07-23 19:35:39,870 [s2-impl-thread1] INFO  storage.RaftStorage (RaftStorageImpl.java:format(96)) - Storage directory /home/runner/work/ratis/ratis/ratis-test/target/test/data/11cf776f/MiniRaftClusterWithGrpcbcd21798/s2/cc8b64a8-1783-424e-9f90-2d0e9d60d8d7 has been successfully formatted.
2022-07-23 19:35:39,870 [s2-impl-thread1] INFO  statemachine.SimpleStateMachine4Testing (SimpleStateMachine4Testing.java:initialize(212)) - Initializing SimpleStateMachine4Testing:uninitialized
2022-07-23 19:35:39,870 [s2-impl-thread1] INFO  statemachine.SimpleStateMachine4Testing (SimpleStateMachine4Testing.java:loadSnapshot(306)) - The snapshot file null does not exist
2022-07-23 19:35:39,870 [s2-impl-thread1] INFO  server.RaftServerConfigKeys (ConfUtils.java:logGet(46)) - raft.server.log.use.memory = false (default)
2022-07-23 19:35:39,871 [s2-impl-thread1] INFO  server.RaftServerConfigKeys (ConfUtils.java:logGet(46)) - raft.server.log.purge.gap = 1024 (default)
2022-07-23 19:35:39,871 [s2-impl-thread1] INFO  server.RaftServerConfigKeys (ConfUtils.java:logGet(46)) - raft.server.log.appender.buffer.byte-limit = 4MB (=4194304) (default)
2022-07-23 19:35:39,871 [s2-impl-thread1] INFO  server.RaftServerConfigKeys (ConfUtils.java:logGet(46)) - raft.server.log.statemachine.data.read.timeout = 1000ms (default)
2022-07-23 19:35:39,871 [s2-impl-thread1] INFO  server.RaftServerConfigKeys (ConfUtils.java:logGet(46)) - raft.server.log.segment.size.max = 8MB (=8388608) (default)
2022-07-23 19:35:39,871 [s2-impl-thread1] INFO  server.RaftServerConfigKeys (ConfUtils.java:logGet(46)) - raft.server.log.segment.cache.num.max = 6 (default)
2022-07-23 19:35:39,871 [s2-impl-thread1] INFO  server.RaftServerConfigKeys (ConfUtils.java:logGet(46)) - raft.server.log.segment.cache.size.max = 200MB (=209715200) (default)
2022-07-23 19:35:39,871 [s2-impl-thread1] INFO  segmented.SegmentedRaftLogWorker (SegmentedRaftLogWorker.java:<init>(187)) - new s2@group-2D0E9D60D8D7-SegmentedRaftLogWorker for RaftStorageImpl:Storage Directory /home/runner/work/ratis/ratis/ratis-test/target/test/data/11cf776f/MiniRaftClusterWithGrpcbcd21798/s2/cc8b64a8-1783-424e-9f90-2d0e9d60d8d7
2022-07-23 19:35:39,871 [s2-impl-thread1] INFO  server.RaftServerConfigKeys (ConfUtils.java:logGet(46)) - raft.server.log.queue.byte-limit = 64MB (=67108864) (default)
2022-07-23 19:35:39,871 [s2-impl-thread1] INFO  server.RaftServerConfigKeys (ConfUtils.java:logGet(46)) - raft.server.log.queue.element-limit = 4096 (default)
2022-07-23 19:35:39,871 [s2-impl-thread1] INFO  server.RaftServerConfigKeys (ConfUtils.java:logGet(46)) - raft.server.log.segment.size.max = 8MB (=8388608) (default)
2022-07-23 19:35:39,871 [s2-impl-thread1] INFO  server.RaftServerConfigKeys (ConfUtils.java:logGet(46)) - raft.server.log.preallocated.size = 4MB (=4194304) (default)
2022-07-23 19:35:39,871 [s2-impl-thread1] INFO  server.RaftServerConfigKeys (ConfUtils.java:logGet(46)) - raft.server.log.force.sync.num = 128 (default)
2022-07-23 19:35:39,871 [s2-impl-thread1] INFO  server.RaftServerConfigKeys (ConfUtils.java:logGet(46)) - raft.server.log.statemachine.data.sync = true (default)
2022-07-23 19:35:39,871 [s2-impl-thread1] INFO  server.RaftServerConfigKeys (ConfUtils.java:logGet(46)) - raft.server.log.statemachine.data.sync.timeout = 10s (default)
2022-07-23 19:35:39,871 [s2-impl-thread1] INFO  server.RaftServerConfigKeys (ConfUtils.java:logGet(46)) - raft.server.log.statemachine.data.sync.timeout.retry = -1 (default)
2022-07-23 19:35:39,871 [s2-impl-thread1] INFO  server.RaftServerConfigKeys (ConfUtils.java:logGet(46)) - raft.server.log.write.buffer.size = 64KB (=65536) (default)
2022-07-23 19:35:39,872 [s2-impl-thread1] INFO  server.RaftServerConfigKeys (ConfUtils.java:logGet(46)) - raft.server.log.unsafe-flush.enabled = false (default)
2022-07-23 19:35:39,872 [s2-impl-thread1] INFO  server.RaftServerConfigKeys (ConfUtils.java:logGet(46)) - raft.server.log.statemachine.data.caching.enabled = false (default)
2022-07-23 19:35:39,872 [s2-impl-thread1] INFO  segmented.SegmentedRaftLogWorker (SegmentedRaftLogWorker.java:lambda$new$0(135)) - s2@group-2D0E9D60D8D7-SegmentedRaftLogWorker: flushIndex: setUnconditionally 0 -> -1
2022-07-23 19:35:39,872 [s2-impl-thread1] INFO  segmented.SegmentedRaftLogWorker (SegmentedRaftLogWorker.java:lambda$new$0(135)) - s2@group-2D0E9D60D8D7-SegmentedRaftLogWorker: safeCacheEvictIndex: setUnconditionally 0 -> -1
2022-07-23 19:35:39,872 [s2-impl-thread1] INFO  server.RaftServer$Division (RaftServerImpl.java:start(314)) - s2@group-2D0E9D60D8D7: start as a follower, conf=-1: peers:[s0|rpc:localhost:42269|admin:localhost:45339|client:localhost:41001|dataStream:localhost:45053|priority:0|startupRole:FOLLOWER, s1|rpc:localhost:33695|admin:localhost:33671|client:localhost:37171|dataStream:localhost:38465|priority:0|startupRole:FOLLOWER, s2|rpc:localhost:39673|admin:localhost:45315|client:localhost:37355|dataStream:localhost:40619|priority:0|startupRole:FOLLOWER]|listeners:[], old=null
2022-07-23 19:35:39,872 [s2-impl-thread1] INFO  server.RaftServer$Division (RaftServerImpl.java:setRole(301)) - s2@group-2D0E9D60D8D7: changes role from      null to FOLLOWER at term 0 for startAsFollower
2022-07-23 19:35:39,872 [s2-impl-thread1] INFO  impl.RoleInfo (RoleInfo.java:updateAndGet(139)) - s2: start s2@group-2D0E9D60D8D7-FollowerState
2022-07-23 19:35:39,872 [s2-impl-thread1] INFO  util.JmxRegister (JmxRegister.java:tryRegister(44)) - Successfully registered JMX Bean with object name Ratis:service=RaftServer,group=group-2D0E9D60D8D7,id=s2
2022-07-23 19:35:39,873 [s2-impl-thread1] INFO  server.RaftServerConfigKeys (ConfUtils.java:logGet(46)) - raft.server.snapshot.auto.trigger.enabled = false (default)
2022-07-23 19:35:39,873 [s2-impl-thread1] INFO  server.RaftServerConfigKeys (ConfUtils.java:logGet(46)) - raft.server.snapshot.retention.file.num = -1 (default)
2022-07-23 19:35:39,873 [s2-impl-thread1] INFO  server.RaftServerConfigKeys (ConfUtils.java:logGet(46)) - raft.server.log.purge.upto.snapshot.index = false (default)
2022-07-23 19:35:39,875 [Time-limited test] INFO  server.RaftServer (RaftServerProxy.java:startImpl(385)) - s2: start RPC server
2022-07-23 19:35:39,875 [Time-limited test] INFO  server.GrpcService (GrpcService.java:startImpl(262)) - s2: GrpcService started, listening on 37355
2022-07-23 19:35:39,879 [Time-limited test] INFO  server.GrpcService (GrpcService.java:startImpl(262)) - s2: GrpcService started, listening on 39673
2022-07-23 19:35:39,879 [Time-limited test] INFO  server.GrpcService (GrpcService.java:startImpl(262)) - s2: GrpcService started, listening on 45315
2022-07-23 19:35:39,879 [Time-limited test] INFO  server.RaftServerConfigKeys (ConfUtils.java:logGet(46)) - raft.server.rpc.timeout.max = 300ms (default)
2022-07-23 19:35:39,880 [Time-limited test] INFO  ratis.RaftTestUtil (RaftTestUtil.java:waitForLeader(100)) - printing ALL groups
  s0:  RUNNING  FOLLOWER s0@group-2D0E9D60D8D7:t0, leader=null, voted=, raftlog=Memoized:s0@group-2D0E9D60D8D7-SegmentedRaftLog:OPENED:c-1, conf=-1: peers:[s0|rpc:localhost:42269|admin:localhost:45339|client:localhost:41001|dataStream:localhost:45053|priority:0|startupRole:FOLLOWER, s1|rpc:localhost:33695|admin:localhost:33671|client:localhost:37171|dataStream:localhost:38465|priority:0|startupRole:FOLLOWER, s2|rpc:localhost:39673|admin:localhost:45315|client:localhost:37355|dataStream:localhost:40619|priority:0|startupRole:FOLLOWER]|listeners:[], old=null RUNNING
  s1:  RUNNING  FOLLOWER s1@group-2D0E9D60D8D7:t0, leader=null, voted=, raftlog=Memoized:s1@group-2D0E9D60D8D7-SegmentedRaftLog:OPENED:c-1, conf=-1: peers:[s0|rpc:localhost:42269|admin:localhost:45339|client:localhost:41001|dataStream:localhost:45053|priority:0|startupRole:FOLLOWER, s1|rpc:localhost:33695|admin:localhost:33671|client:localhost:37171|dataStream:localhost:38465|priority:0|startupRole:FOLLOWER, s2|rpc:localhost:39673|admin:localhost:45315|client:localhost:37355|dataStream:localhost:40619|priority:0|startupRole:FOLLOWER]|listeners:[], old=null RUNNING
  s2:  RUNNING  FOLLOWER s2@group-2D0E9D60D8D7:t0, leader=null, voted=, raftlog=Memoized:s2@group-2D0E9D60D8D7-SegmentedRaftLog:OPENED:c-1, conf=-1: peers:[s0|rpc:localhost:42269|admin:localhost:45339|client:localhost:41001|dataStream:localhost:45053|priority:0|startupRole:FOLLOWER, s1|rpc:localhost:33695|admin:localhost:33671|client:localhost:37171|dataStream:localhost:38465|priority:0|startupRole:FOLLOWER, s2|rpc:localhost:39673|admin:localhost:45315|client:localhost:37355|dataStream:localhost:40619|priority:0|startupRole:FOLLOWER]|listeners:[], old=null RUNNING
2022-07-23 19:35:39,880 [Time-limited test] WARN  ratis.RaftTestUtil (JavaUtils.java:attempt(172)) - FAILED "waitForLeader-null-(expectLeader? true)", attempt #1/100: java.lang.IllegalStateException: No leader yet : printing ALL groups
  s0:  RUNNING  FOLLOWER s0@group-2D0E9D60D8D7:t0, leader=null, voted=, raftlog=Memoized:s0@group-2D0E9D60D8D7-SegmentedRaftLog:OPENED:c-1, conf=-1: peers:[s0|rpc:localhost:42269|admin:localhost:45339|client:localhost:41001|dataStream:localhost:45053|priority:0|startupRole:FOLLOWER, s1|rpc:localhost:33695|admin:localhost:33671|client:localhost:37171|dataStream:localhost:38465|priority:0|startupRole:FOLLOWER, s2|rpc:localhost:39673|admin:localhost:45315|client:localhost:37355|dataStream:localhost:40619|priority:0|startupRole:FOLLOWER]|listeners:[], old=null RUNNING
  s1:  RUNNING  FOLLOWER s1@group-2D0E9D60D8D7:t0, leader=null, voted=, raftlog=Memoized:s1@group-2D0E9D60D8D7-SegmentedRaftLog:OPENED:c-1, conf=-1: peers:[s0|rpc:localhost:42269|admin:localhost:45339|client:localhost:41001|dataStream:localhost:45053|priority:0|startupRole:FOLLOWER, s1|rpc:localhost:33695|admin:localhost:33671|client:localhost:37171|dataStream:localhost:38465|priority:0|startupRole:FOLLOWER, s2|rpc:localhost:39673|admin:localhost:45315|client:localhost:37355|dataStream:localhost:40619|priority:0|startupRole:FOLLOWER]|listeners:[], old=null RUNNING
  s2:  RUNNING  FOLLOWER s2@group-2D0E9D60D8D7:t0, leader=null, voted=, raftlog=Memoized:s2@group-2D0E9D60D8D7-SegmentedRaftLog:OPENED:c-1, conf=-1: peers:[s0|rpc:localhost:42269|admin:localhost:45339|client:localhost:41001|dataStream:localhost:45053|priority:0|startupRole:FOLLOWER, s1|rpc:localhost:33695|admin:localhost:33671|client:localhost:37171|dataStream:localhost:38465|priority:0|startupRole:FOLLOWER, s2|rpc:localhost:39673|admin:localhost:45315|client:localhost:37355|dataStream:localhost:40619|priority:0|startupRole:FOLLOWER]|listeners:[], old=null RUNNING, sleep 450ms and then retry.
java.lang.IllegalStateException: No leader yet : printing ALL groups
  s0:  RUNNING  FOLLOWER s0@group-2D0E9D60D8D7:t0, leader=null, voted=, raftlog=Memoized:s0@group-2D0E9D60D8D7-SegmentedRaftLog:OPENED:c-1, conf=-1: peers:[s0|rpc:localhost:42269|admin:localhost:45339|client:localhost:41001|dataStream:localhost:45053|priority:0|startupRole:FOLLOWER, s1|rpc:localhost:33695|admin:localhost:33671|client:localhost:37171|dataStream:localhost:38465|priority:0|startupRole:FOLLOWER, s2|rpc:localhost:39673|admin:localhost:45315|client:localhost:37355|dataStream:localhost:40619|priority:0|startupRole:FOLLOWER]|listeners:[], old=null RUNNING
  s1:  RUNNING  FOLLOWER s1@group-2D0E9D60D8D7:t0, leader=null, voted=, raftlog=Memoized:s1@group-2D0E9D60D8D7-SegmentedRaftLog:OPENED:c-1, conf=-1: peers:[s0|rpc:localhost:42269|admin:localhost:45339|client:localhost:41001|dataStream:localhost:45053|priority:0|startupRole:FOLLOWER, s1|rpc:localhost:33695|admin:localhost:33671|client:localhost:37171|dataStream:localhost:38465|priority:0|startupRole:FOLLOWER, s2|rpc:localhost:39673|admin:localhost:45315|client:localhost:37355|dataStream:localhost:40619|priority:0|startupRole:FOLLOWER]|listeners:[], old=null RUNNING
  s2:  RUNNING  FOLLOWER s2@group-2D0E9D60D8D7:t0, leader=null, voted=, raftlog=Memoized:s2@group-2D0E9D60D8D7-SegmentedRaftLog:OPENED:c-1, conf=-1: peers:[s0|rpc:localhost:42269|admin:localhost:45339|client:localhost:41001|dataStream:localhost:45053|priority:0|startupRole:FOLLOWER, s1|rpc:localhost:33695|admin:localhost:33671|client:localhost:37171|dataStream:localhost:38465|priority:0|startupRole:FOLLOWER, s2|rpc:localhost:39673|admin:localhost:45315|client:localhost:37355|dataStream:localhost:40619|priority:0|startupRole:FOLLOWER]|listeners:[], old=null RUNNING
	at org.apache.ratis.server.impl.MiniRaftCluster.newIllegalStateExceptionForNoLeaders(MiniRaftCluster.java:534)
	at org.apache.ratis.RaftTestUtil.lambda$waitForLeader$1(RaftTestUtil.java:104)
	at org.apache.ratis.server.impl.MiniRaftCluster.getLeader(MiniRaftCluster.java:568)
	at org.apache.ratis.server.impl.MiniRaftCluster.getLeader(MiniRaftCluster.java:561)
	at org.apache.ratis.RaftTestUtil.lambda$waitForLeader$3(RaftTestUtil.java:112)
	at org.apache.ratis.util.JavaUtils.attempt(JavaUtils.java:166)
	at org.apache.ratis.util.JavaUtils.attemptRepeatedly(JavaUtils.java:152)
	at org.apache.ratis.RaftTestUtil.waitForLeader(RaftTestUtil.java:111)
	at org.apache.ratis.RaftTestUtil.waitForLeader(RaftTestUtil.java:92)
	at org.apache.ratis.RaftTestUtil.waitForLeader(RaftTestUtil.java:87)
	at org.apache.ratis.RaftAsyncTests.runTestNoRetryWaitOnNotLeaderException(RaftAsyncTests.java:469)
	at org.apache.ratis.server.impl.MiniRaftCluster$Factory$Get.runWithNewCluster(MiniRaftCluster.java:125)
	at org.apache.ratis.server.impl.MiniRaftCluster$Factory$Get.runWithNewCluster(MiniRaftCluster.java:113)
	at org.apache.ratis.RaftAsyncTests.testNoRetryWaitOnNotLeaderException(RaftAsyncTests.java:464)
	at sun.reflect.NativeMethodAccessorImpl.invoke0(Native Method)
	at sun.reflect.NativeMethodAccessorImpl.invoke(NativeMethodAccessorImpl.java:62)
	at sun.reflect.DelegatingMethodAccessorImpl.invoke(DelegatingMethodAccessorImpl.java:43)
	at java.lang.reflect.Method.invoke(Method.java:498)
	at org.junit.runners.model.FrameworkMethod$1.runReflectiveCall(FrameworkMethod.java:59)
	at org.junit.internal.runners.model.ReflectiveCallable.run(ReflectiveCallable.java:12)
	at org.junit.runners.model.FrameworkMethod.invokeExplosively(FrameworkMethod.java:56)
	at org.junit.internal.runners.statements.InvokeMethod.evaluate(InvokeMethod.java:17)
	at org.junit.internal.runners.statements.RunAfters.evaluate(RunAfters.java:27)
	at org.junit.internal.runners.statements.FailOnTimeout$CallableStatement.call(FailOnTimeout.java:299)
	at org.junit.internal.runners.statements.FailOnTimeout$CallableStatement.call(FailOnTimeout.java:293)
	at java.util.concurrent.FutureTask.run(FutureTask.java:266)
	at java.lang.Thread.run(Thread.java:750)
2022-07-23 19:35:39,880 [org.apache.ratis.util.JvmPauseMonitor$$Lambda$313/980778071@1cc337e5] INFO  util.JvmPauseMonitor (JvmPauseMonitor.java:run(103)) - JvmPauseMonitor-s2: Started
2022-07-23 19:35:39,955 [s0@group-1D19F5312903-FollowerState] INFO  impl.FollowerState (FollowerState.java:run(143)) - s0@group-1D19F5312903-FollowerState: change to CANDIDATE, lastRpcElapsedTime:172768343ns, electionTimeout:161ms
2022-07-23 19:35:39,955 [s0@group-1D19F5312903-FollowerState] INFO  impl.RoleInfo (RoleInfo.java:shutdownFollowerState(110)) - s0: shutdown s0@group-1D19F5312903-FollowerState
2022-07-23 19:35:39,955 [s0@group-1D19F5312903-FollowerState] INFO  server.RaftServer$Division (RaftServerImpl.java:setRole(301)) - s0@group-1D19F5312903: changes role from  FOLLOWER to CANDIDATE at term 1 for changeToCandidate
2022-07-23 19:35:39,955 [s0@group-1D19F5312903-FollowerState] INFO  server.RaftServerConfigKeys (ConfUtils.java:logGet(46)) - raft.server.leaderelection.pre-vote = true (default)
2022-07-23 19:35:39,955 [s0@group-1D19F5312903-FollowerState] INFO  impl.RoleInfo (RoleInfo.java:updateAndGet(139)) - s0: start s0@group-1D19F5312903-LeaderElection29
2022-07-23 19:35:39,956 [s0@group-1D19F5312903-LeaderElection29] INFO  impl.LeaderElection (LeaderElection.java:askForVotes(310)) - s0@group-1D19F5312903-LeaderElection29 PRE_VOTE round 0: submit vote requests at term 1 for 0: peers:[s0|rpc:localhost:33053|admin:localhost:34833|client:localhost:45065|dataStream:localhost:40973|priority:0|startupRole:FOLLOWER, s1|rpc:localhost:37337|admin:localhost:46639|client:localhost:33239|dataStream:localhost:44379|priority:0|startupRole:FOLLOWER, s2|rpc:localhost:36285|admin:localhost:33785|client:localhost:35753|dataStream:localhost:36721|priority:0|startupRole:FOLLOWER]|listeners:[], old=null
2022-07-23 19:35:39,957 [s0@group-1D19F5312903-LeaderElection29-2] INFO  server.GrpcServerProtocolClient (GrpcServerProtocolClient.java:<init>(63)) - Build channel for s2
2022-07-23 19:35:39,959 [s0@group-1D19F5312903-LeaderElection29-1] INFO  server.GrpcServerProtocolClient (GrpcServerProtocolClient.java:<init>(63)) - Build channel for s1
2022-07-23 19:35:39,961 [s0@group-1D19F5312903-LeaderElection29] INFO  impl.LeaderElection (LogUtils.java:infoOrTrace(137)) - s0@group-1D19F5312903-LeaderElection29 got exception when requesting votes: java.util.concurrent.ExecutionException: org.apache.ratis.thirdparty.io.grpc.StatusRuntimeException: UNAVAILABLE: io exception
2022-07-23 19:35:39,962 [s0@group-1D19F5312903-LeaderElection29] INFO  impl.LeaderElection (LogUtils.java:infoOrTrace(137)) - s0@group-1D19F5312903-LeaderElection29 got exception when requesting votes: java.util.concurrent.ExecutionException: org.apache.ratis.thirdparty.io.grpc.StatusRuntimeException: UNAVAILABLE: io exception
2022-07-23 19:35:39,962 [s0@group-1D19F5312903-LeaderElection29] INFO  impl.LeaderElection (LeaderElection.java:logAndReturn(90)) - s0@group-1D19F5312903-LeaderElection29: PRE_VOTE REJECTED received 0 response(s) and 2 exception(s):
2022-07-23 19:35:39,962 [s0@group-1D19F5312903-LeaderElection29] INFO  impl.LeaderElection (LogUtils.java:infoOrTrace(137)) -   Exception 0: java.util.concurrent.ExecutionException: org.apache.ratis.thirdparty.io.grpc.StatusRuntimeException: UNAVAILABLE: io exception
2022-07-23 19:35:39,962 [s0@group-1D19F5312903-LeaderElection29] INFO  impl.LeaderElection (LogUtils.java:infoOrTrace(137)) -   Exception 1: java.util.concurrent.ExecutionException: org.apache.ratis.thirdparty.io.grpc.StatusRuntimeException: UNAVAILABLE: io exception
2022-07-23 19:35:39,962 [s0@group-1D19F5312903-LeaderElection29] INFO  impl.LeaderElection (LeaderElection.java:askForVotes(312)) - s0@group-1D19F5312903-LeaderElection29 PRE_VOTE round 0: result REJECTED
2022-07-23 19:35:39,962 [s0@group-1D19F5312903-LeaderElection29] INFO  server.RaftServer$Division (RaftServerImpl.java:setRole(301)) - s0@group-1D19F5312903: changes role from CANDIDATE to FOLLOWER at term 1 for REJECTED
2022-07-23 19:35:39,962 [s0@group-1D19F5312903-LeaderElection29] INFO  impl.RoleInfo (RoleInfo.java:shutdownLeaderElection(130)) - s0: shutdown s0@group-1D19F5312903-LeaderElection29
2022-07-23 19:35:39,962 [s0@group-1D19F5312903-LeaderElection29] INFO  impl.RoleInfo (RoleInfo.java:updateAndGet(139)) - s0: start s0@group-1D19F5312903-FollowerState
2022-07-23 19:35:40,069 [s0@group-2D0E9D60D8D7-FollowerState] INFO  impl.FollowerState (FollowerState.java:run(143)) - s0@group-2D0E9D60D8D7-FollowerState: change to CANDIDATE, lastRpcElapsedTime:233445418ns, electionTimeout:233ms
2022-07-23 19:35:40,070 [s0@group-2D0E9D60D8D7-FollowerState] INFO  impl.RoleInfo (RoleInfo.java:shutdownFollowerState(110)) - s0: shutdown s0@group-2D0E9D60D8D7-FollowerState
2022-07-23 19:35:40,070 [s0@group-2D0E9D60D8D7-FollowerState] INFO  server.RaftServer$Division (RaftServerImpl.java:setRole(301)) - s0@group-2D0E9D60D8D7: changes role from  FOLLOWER to CANDIDATE at term 0 for changeToCandidate
2022-07-23 19:35:40,070 [s0@group-2D0E9D60D8D7-FollowerState] INFO  server.RaftServerConfigKeys (ConfUtils.java:logGet(46)) - raft.server.leaderelection.pre-vote = true (default)
2022-07-23 19:35:40,070 [s0@group-2D0E9D60D8D7-FollowerState] INFO  impl.RoleInfo (RoleInfo.java:updateAndGet(139)) - s0: start s0@group-2D0E9D60D8D7-LeaderElection30
2022-07-23 19:35:40,070 [s1@group-2D0E9D60D8D7-FollowerState] INFO  impl.FollowerState (FollowerState.java:run(143)) - s1@group-2D0E9D60D8D7-FollowerState: change to CANDIDATE, lastRpcElapsedTime:209761893ns, electionTimeout:209ms
2022-07-23 19:35:40,070 [s1@group-2D0E9D60D8D7-FollowerState] INFO  impl.RoleInfo (RoleInfo.java:shutdownFollowerState(110)) - s1: shutdown s1@group-2D0E9D60D8D7-FollowerState
2022-07-23 19:35:40,070 [s1@group-2D0E9D60D8D7-FollowerState] INFO  server.RaftServer$Division (RaftServerImpl.java:setRole(301)) - s1@group-2D0E9D60D8D7: changes role from  FOLLOWER to CANDIDATE at term 0 for changeToCandidate
2022-07-23 19:35:40,070 [s1@group-2D0E9D60D8D7-FollowerState] INFO  server.RaftServerConfigKeys (ConfUtils.java:logGet(46)) - raft.server.leaderelection.pre-vote = true (default)
2022-07-23 19:35:40,070 [s1@group-2D0E9D60D8D7-FollowerState] INFO  impl.RoleInfo (RoleInfo.java:updateAndGet(139)) - s1: start s1@group-2D0E9D60D8D7-LeaderElection31
2022-07-23 19:35:40,072 [s0@group-2D0E9D60D8D7-LeaderElection30] INFO  impl.LeaderElection (LeaderElection.java:askForVotes(310)) - s0@group-2D0E9D60D8D7-LeaderElection30 PRE_VOTE round 0: submit vote requests at term 0 for -1: peers:[s0|rpc:localhost:42269|admin:localhost:45339|client:localhost:41001|dataStream:localhost:45053|priority:0|startupRole:FOLLOWER, s1|rpc:localhost:33695|admin:localhost:33671|client:localhost:37171|dataStream:localhost:38465|priority:0|startupRole:FOLLOWER, s2|rpc:localhost:39673|admin:localhost:45315|client:localhost:37355|dataStream:localhost:40619|priority:0|startupRole:FOLLOWER]|listeners:[], old=null
2022-07-23 19:35:40,073 [s0@group-2D0E9D60D8D7-LeaderElection30-1] INFO  server.GrpcServerProtocolClient (GrpcServerProtocolClient.java:<init>(63)) - Build channel for s1
2022-07-23 19:35:40,075 [s0@group-2D0E9D60D8D7-LeaderElection30-2] INFO  server.GrpcServerProtocolClient (GrpcServerProtocolClient.java:<init>(63)) - Build channel for s2
2022-07-23 19:35:40,075 [s1@group-2D0E9D60D8D7-LeaderElection31] INFO  impl.LeaderElection (LeaderElection.java:askForVotes(310)) - s1@group-2D0E9D60D8D7-LeaderElection31 PRE_VOTE round 0: submit vote requests at term 0 for -1: peers:[s0|rpc:localhost:42269|admin:localhost:45339|client:localhost:41001|dataStream:localhost:45053|priority:0|startupRole:FOLLOWER, s1|rpc:localhost:33695|admin:localhost:33671|client:localhost:37171|dataStream:localhost:38465|priority:0|startupRole:FOLLOWER, s2|rpc:localhost:39673|admin:localhost:45315|client:localhost:37355|dataStream:localhost:40619|priority:0|startupRole:FOLLOWER]|listeners:[], old=null
2022-07-23 19:35:40,077 [s1@group-2D0E9D60D8D7-LeaderElection31-1] INFO  server.GrpcServerProtocolClient (GrpcServerProtocolClient.java:<init>(63)) - Build channel for s0
2022-07-23 19:35:40,086 [s1@group-2D0E9D60D8D7-LeaderElection31-2] INFO  server.GrpcServerProtocolClient (GrpcServerProtocolClient.java:<init>(63)) - Build channel for s2
2022-07-23 19:35:40,088 [grpc-default-executor-15] INFO  server.RaftServer$Division (RaftServerImpl.java:requestVote(1198)) - s2@group-2D0E9D60D8D7: receive requestVote(PRE_VOTE, s0, group-2D0E9D60D8D7, 0, (t:0, i:0))
2022-07-23 19:35:40,088 [grpc-default-executor-15] INFO  impl.VoteContext (VoteContext.java:log(48)) - s2@group-2D0E9D60D8D7-FOLLOWER: accept PRE_VOTE from s0: our priority 0 <= candidate's priority 0
2022-07-23 19:35:40,088 [grpc-default-executor-15] INFO  server.RaftServer$Division (RaftServerImpl.java:requestVote(1231)) - s2@group-2D0E9D60D8D7 replies to PRE_VOTE vote request: s0<-s2#0:OK-t0. Peer's state: s2@group-2D0E9D60D8D7:t0, leader=null, voted=, raftlog=Memoized:s2@group-2D0E9D60D8D7-SegmentedRaftLog:OPENED:c-1, conf=-1: peers:[s0|rpc:localhost:42269|admin:localhost:45339|client:localhost:41001|dataStream:localhost:45053|priority:0|startupRole:FOLLOWER, s1|rpc:localhost:33695|admin:localhost:33671|client:localhost:37171|dataStream:localhost:38465|priority:0|startupRole:FOLLOWER, s2|rpc:localhost:39673|admin:localhost:45315|client:localhost:37355|dataStream:localhost:40619|priority:0|startupRole:FOLLOWER]|listeners:[], old=null
2022-07-23 19:35:40,089 [s0@group-2D0E9D60D8D7-LeaderElection30] INFO  impl.LeaderElection (LeaderElection.java:logAndReturn(90)) - s0@group-2D0E9D60D8D7-LeaderElection30: PRE_VOTE PASSED received 1 response(s) and 0 exception(s):
2022-07-23 19:35:40,089 [s0@group-2D0E9D60D8D7-LeaderElection30] INFO  impl.LeaderElection (LeaderElection.java:logAndReturn(94)) -   Response 0: s0<-s2#0:OK-t0
2022-07-23 19:35:40,089 [grpc-default-executor-17] INFO  server.RaftServer$Division (RaftServerImpl.java:requestVote(1198)) - s0@group-2D0E9D60D8D7: receive requestVote(PRE_VOTE, s1, group-2D0E9D60D8D7, 0, (t:0, i:0))
2022-07-23 19:35:40,090 [grpc-default-executor-17] INFO  impl.VoteContext (VoteContext.java:log(48)) - s0@group-2D0E9D60D8D7-CANDIDATE: accept PRE_VOTE from s1: our priority 0 <= candidate's priority 0
2022-07-23 19:35:40,090 [grpc-default-executor-17] INFO  server.RaftServer$Division (RaftServerImpl.java:requestVote(1231)) - s0@group-2D0E9D60D8D7 replies to PRE_VOTE vote request: s1<-s0#0:OK-t0. Peer's state: s0@group-2D0E9D60D8D7:t0, leader=null, voted=, raftlog=Memoized:s0@group-2D0E9D60D8D7-SegmentedRaftLog:OPENED:c-1, conf=-1: peers:[s0|rpc:localhost:42269|admin:localhost:45339|client:localhost:41001|dataStream:localhost:45053|priority:0|startupRole:FOLLOWER, s1|rpc:localhost:33695|admin:localhost:33671|client:localhost:37171|dataStream:localhost:38465|priority:0|startupRole:FOLLOWER, s2|rpc:localhost:39673|admin:localhost:45315|client:localhost:37355|dataStream:localhost:40619|priority:0|startupRole:FOLLOWER]|listeners:[], old=null
2022-07-23 19:35:40,090 [grpc-default-executor-17] INFO  server.RaftServer$Division (RaftServerImpl.java:requestVote(1198)) - s2@group-2D0E9D60D8D7: receive requestVote(PRE_VOTE, s1, group-2D0E9D60D8D7, 0, (t:0, i:0))
2022-07-23 19:35:40,089 [s0@group-2D0E9D60D8D7-LeaderElection30] INFO  impl.LeaderElection (LeaderElection.java:askForVotes(312)) - s0@group-2D0E9D60D8D7-LeaderElection30 PRE_VOTE round 0: result PASSED
2022-07-23 19:35:40,091 [grpc-default-executor-15] INFO  server.RaftServer$Division (RaftServerImpl.java:requestVote(1198)) - s1@group-2D0E9D60D8D7: receive requestVote(PRE_VOTE, s0, group-2D0E9D60D8D7, 0, (t:0, i:0))
2022-07-23 19:35:40,091 [grpc-default-executor-15] INFO  impl.VoteContext (VoteContext.java:log(48)) - s1@group-2D0E9D60D8D7-CANDIDATE: accept PRE_VOTE from s0: our priority 0 <= candidate's priority 0
2022-07-23 19:35:40,091 [grpc-default-executor-15] INFO  server.RaftServer$Division (RaftServerImpl.java:requestVote(1231)) - s1@group-2D0E9D60D8D7 replies to PRE_VOTE vote request: s0<-s1#0:OK-t0. Peer's state: s1@group-2D0E9D60D8D7:t0, leader=null, voted=, raftlog=Memoized:s1@group-2D0E9D60D8D7-SegmentedRaftLog:OPENED:c-1, conf=-1: peers:[s0|rpc:localhost:42269|admin:localhost:45339|client:localhost:41001|dataStream:localhost:45053|priority:0|startupRole:FOLLOWER, s1|rpc:localhost:33695|admin:localhost:33671|client:localhost:37171|dataStream:localhost:38465|priority:0|startupRole:FOLLOWER, s2|rpc:localhost:39673|admin:localhost:45315|client:localhost:37355|dataStream:localhost:40619|priority:0|startupRole:FOLLOWER]|listeners:[], old=null
2022-07-23 19:35:40,091 [grpc-default-executor-17] INFO  impl.VoteContext (VoteContext.java:log(48)) - s2@group-2D0E9D60D8D7-FOLLOWER: accept PRE_VOTE from s1: our priority 0 <= candidate's priority 0
2022-07-23 19:35:40,091 [grpc-default-executor-17] INFO  server.RaftServer$Division (RaftServerImpl.java:requestVote(1231)) - s2@group-2D0E9D60D8D7 replies to PRE_VOTE vote request: s1<-s2#0:OK-t0. Peer's state: s2@group-2D0E9D60D8D7:t0, leader=null, voted=, raftlog=Memoized:s2@group-2D0E9D60D8D7-SegmentedRaftLog:OPENED:c-1, conf=-1: peers:[s0|rpc:localhost:42269|admin:localhost:45339|client:localhost:41001|dataStream:localhost:45053|priority:0|startupRole:FOLLOWER, s1|rpc:localhost:33695|admin:localhost:33671|client:localhost:37171|dataStream:localhost:38465|priority:0|startupRole:FOLLOWER, s2|rpc:localhost:39673|admin:localhost:45315|client:localhost:37355|dataStream:localhost:40619|priority:0|startupRole:FOLLOWER]|listeners:[], old=null
2022-07-23 19:35:40,092 [s1@group-2D0E9D60D8D7-LeaderElection31] INFO  impl.LeaderElection (LeaderElection.java:logAndReturn(90)) - s1@group-2D0E9D60D8D7-LeaderElection31: PRE_VOTE PASSED received 1 response(s) and 0 exception(s):
2022-07-23 19:35:40,092 [s1@group-2D0E9D60D8D7-LeaderElection31] INFO  impl.LeaderElection (LeaderElection.java:logAndReturn(94)) -   Response 0: s1<-s0#0:OK-t0
2022-07-23 19:35:40,092 [s1@group-2D0E9D60D8D7-LeaderElection31] INFO  impl.LeaderElection (LeaderElection.java:askForVotes(312)) - s1@group-2D0E9D60D8D7-LeaderElection31 PRE_VOTE round 0: result PASSED
2022-07-23 19:35:40,095 [s0@group-2D0E9D60D8D7-LeaderElection30] INFO  impl.LeaderElection (LeaderElection.java:askForVotes(310)) - s0@group-2D0E9D60D8D7-LeaderElection30 ELECTION round 0: submit vote requests at term 1 for -1: peers:[s0|rpc:localhost:42269|admin:localhost:45339|client:localhost:41001|dataStream:localhost:45053|priority:0|startupRole:FOLLOWER, s1|rpc:localhost:33695|admin:localhost:33671|client:localhost:37171|dataStream:localhost:38465|priority:0|startupRole:FOLLOWER, s2|rpc:localhost:39673|admin:localhost:45315|client:localhost:37355|dataStream:localhost:40619|priority:0|startupRole:FOLLOWER]|listeners:[], old=null
2022-07-23 19:35:40,096 [s1@group-2D0E9D60D8D7-LeaderElection31] INFO  impl.LeaderElection (LeaderElection.java:askForVotes(310)) - s1@group-2D0E9D60D8D7-LeaderElection31 ELECTION round 0: submit vote requests at term 1 for -1: peers:[s0|rpc:localhost:42269|admin:localhost:45339|client:localhost:41001|dataStream:localhost:45053|priority:0|startupRole:FOLLOWER, s1|rpc:localhost:33695|admin:localhost:33671|client:localhost:37171|dataStream:localhost:38465|priority:0|startupRole:FOLLOWER, s2|rpc:localhost:39673|admin:localhost:45315|client:localhost:37355|dataStream:localhost:40619|priority:0|startupRole:FOLLOWER]|listeners:[], old=null
2022-07-23 19:35:40,097 [grpc-default-executor-17] INFO  server.RaftServer$Division (RaftServerImpl.java:requestVote(1198)) - s1@group-2D0E9D60D8D7: receive requestVote(ELECTION, s0, group-2D0E9D60D8D7, 1, (t:0, i:0))
2022-07-23 19:35:40,097 [grpc-default-executor-17] INFO  impl.VoteContext (VoteContext.java:log(48)) - s1@group-2D0E9D60D8D7-CANDIDATE: reject ELECTION from s0: already has voted for s1 at current term 1
2022-07-23 19:35:40,097 [grpc-default-executor-17] INFO  server.RaftServer$Division (RaftServerImpl.java:requestVote(1231)) - s1@group-2D0E9D60D8D7 replies to ELECTION vote request: s0<-s1#0:FAIL-t1. Peer's state: s1@group-2D0E9D60D8D7:t1, leader=null, voted=s1, raftlog=Memoized:s1@group-2D0E9D60D8D7-SegmentedRaftLog:OPENED:c-1, conf=-1: peers:[s0|rpc:localhost:42269|admin:localhost:45339|client:localhost:41001|dataStream:localhost:45053|priority:0|startupRole:FOLLOWER, s1|rpc:localhost:33695|admin:localhost:33671|client:localhost:37171|dataStream:localhost:38465|priority:0|startupRole:FOLLOWER, s2|rpc:localhost:39673|admin:localhost:45315|client:localhost:37355|dataStream:localhost:40619|priority:0|startupRole:FOLLOWER]|listeners:[], old=null
2022-07-23 19:35:40,097 [grpc-default-executor-3] INFO  server.RaftServer$Division (RaftServerImpl.java:requestVote(1198)) - s0@group-2D0E9D60D8D7: receive requestVote(ELECTION, s1, group-2D0E9D60D8D7, 1, (t:0, i:0))
2022-07-23 19:35:40,098 [grpc-default-executor-3] INFO  impl.VoteContext (VoteContext.java:log(48)) - s0@group-2D0E9D60D8D7-CANDIDATE: reject ELECTION from s1: already has voted for s0 at current term 1
2022-07-23 19:35:40,098 [grpc-default-executor-3] INFO  server.RaftServer$Division (RaftServerImpl.java:requestVote(1231)) - s0@group-2D0E9D60D8D7 replies to ELECTION vote request: s1<-s0#0:FAIL-t1. Peer's state: s0@group-2D0E9D60D8D7:t1, leader=null, voted=s0, raftlog=Memoized:s0@group-2D0E9D60D8D7-SegmentedRaftLog:OPENED:c-1, conf=-1: peers:[s0|rpc:localhost:42269|admin:localhost:45339|client:localhost:41001|dataStream:localhost:45053|priority:0|startupRole:FOLLOWER, s1|rpc:localhost:33695|admin:localhost:33671|client:localhost:37171|dataStream:localhost:38465|priority:0|startupRole:FOLLOWER, s2|rpc:localhost:39673|admin:localhost:45315|client:localhost:37355|dataStream:localhost:40619|priority:0|startupRole:FOLLOWER]|listeners:[], old=null
2022-07-23 19:35:40,098 [grpc-default-executor-3] INFO  server.RaftServer$Division (RaftServerImpl.java:requestVote(1198)) - s2@group-2D0E9D60D8D7: receive requestVote(ELECTION, s1, group-2D0E9D60D8D7, 1, (t:0, i:0))
2022-07-23 19:35:40,098 [grpc-default-executor-3] INFO  impl.VoteContext (VoteContext.java:log(48)) - s2@group-2D0E9D60D8D7-FOLLOWER: accept ELECTION from s1: our priority 0 <= candidate's priority 0
2022-07-23 19:35:40,098 [grpc-default-executor-3] INFO  server.RaftServer$Division (RaftServerImpl.java:setRole(301)) - s2@group-2D0E9D60D8D7: changes role from  FOLLOWER to FOLLOWER at term 1 for candidate:s1
2022-07-23 19:35:40,098 [grpc-default-executor-3] INFO  impl.RoleInfo (RoleInfo.java:shutdownFollowerState(110)) - s2: shutdown s2@group-2D0E9D60D8D7-FollowerState
2022-07-23 19:35:40,098 [grpc-default-executor-3] INFO  impl.RoleInfo (RoleInfo.java:updateAndGet(139)) - s2: start s2@group-2D0E9D60D8D7-FollowerState
2022-07-23 19:35:40,098 [s2@group-2D0E9D60D8D7-FollowerState] INFO  impl.FollowerState (FollowerState.java:run(152)) - s2@group-2D0E9D60D8D7-FollowerState was interrupted
2022-07-23 19:35:40,098 [grpc-default-executor-17] INFO  server.RaftServer$Division (RaftServerImpl.java:requestVote(1198)) - s2@group-2D0E9D60D8D7: receive requestVote(ELECTION, s0, group-2D0E9D60D8D7, 1, (t:0, i:0))
2022-07-23 19:35:40,099 [grpc-default-executor-3] INFO  server.RaftServer$Division (RaftServerImpl.java:requestVote(1231)) - s2@group-2D0E9D60D8D7 replies to ELECTION vote request: s1<-s2#0:OK-t1. Peer's state: s2@group-2D0E9D60D8D7:t1, leader=null, voted=s1, raftlog=Memoized:s2@group-2D0E9D60D8D7-SegmentedRaftLog:OPENED:c-1, conf=-1: peers:[s0|rpc:localhost:42269|admin:localhost:45339|client:localhost:41001|dataStream:localhost:45053|priority:0|startupRole:FOLLOWER, s1|rpc:localhost:33695|admin:localhost:33671|client:localhost:37171|dataStream:localhost:38465|priority:0|startupRole:FOLLOWER, s2|rpc:localhost:39673|admin:localhost:45315|client:localhost:37355|dataStream:localhost:40619|priority:0|startupRole:FOLLOWER]|listeners:[], old=null
2022-07-23 19:35:40,099 [grpc-default-executor-17] INFO  impl.VoteContext (VoteContext.java:log(48)) - s2@group-2D0E9D60D8D7-FOLLOWER: reject ELECTION from s0: already has voted for s1 at current term 1
2022-07-23 19:35:40,100 [grpc-default-executor-17] INFO  server.RaftServer$Division (RaftServerImpl.java:requestVote(1231)) - s2@group-2D0E9D60D8D7 replies to ELECTION vote request: s0<-s2#0:FAIL-t1. Peer's state: s2@group-2D0E9D60D8D7:t1, leader=null, voted=s1, raftlog=Memoized:s2@group-2D0E9D60D8D7-SegmentedRaftLog:OPENED:c-1, conf=-1: peers:[s0|rpc:localhost:42269|admin:localhost:45339|client:localhost:41001|dataStream:localhost:45053|priority:0|startupRole:FOLLOWER, s1|rpc:localhost:33695|admin:localhost:33671|client:localhost:37171|dataStream:localhost:38465|priority:0|startupRole:FOLLOWER, s2|rpc:localhost:39673|admin:localhost:45315|client:localhost:37355|dataStream:localhost:40619|priority:0|startupRole:FOLLOWER]|listeners:[], old=null
2022-07-23 19:35:40,100 [s1@group-2D0E9D60D8D7-LeaderElection31] INFO  impl.LeaderElection (LeaderElection.java:logAndReturn(90)) - s1@group-2D0E9D60D8D7-LeaderElection31: ELECTION PASSED received 2 response(s) and 0 exception(s):
2022-07-23 19:35:40,100 [s1@group-2D0E9D60D8D7-LeaderElection31] INFO  impl.LeaderElection (LeaderElection.java:logAndReturn(94)) -   Response 0: s1<-s0#0:FAIL-t1
2022-07-23 19:35:40,100 [s1@group-2D0E9D60D8D7-LeaderElection31] INFO  impl.LeaderElection (LeaderElection.java:logAndReturn(94)) -   Response 1: s1<-s2#0:OK-t1
2022-07-23 19:35:40,100 [s1@group-2D0E9D60D8D7-LeaderElection31] INFO  impl.LeaderElection (LeaderElection.java:askForVotes(312)) - s1@group-2D0E9D60D8D7-LeaderElection31 ELECTION round 0: result PASSED
2022-07-23 19:35:40,100 [s1@group-2D0E9D60D8D7-LeaderElection31] INFO  impl.RoleInfo (RoleInfo.java:shutdownLeaderElection(130)) - s1: shutdown s1@group-2D0E9D60D8D7-LeaderElection31
2022-07-23 19:35:40,100 [s1@group-2D0E9D60D8D7-LeaderElection31] INFO  server.RaftServer$Division (RaftServerImpl.java:setRole(301)) - s1@group-2D0E9D60D8D7: changes role from CANDIDATE to LEADER at term 1 for changeToLeader
2022-07-23 19:35:40,100 [s1@group-2D0E9D60D8D7-LeaderElection31] INFO  server.RaftServer$Division (ServerState.java:setLeader(313)) - s1@group-2D0E9D60D8D7: change Leader from null to s1 at term 1 for becomeLeader, leader elected after 269ms
2022-07-23 19:35:40,100 [s1@group-2D0E9D60D8D7-LeaderElection31] INFO  server.RaftServerConfigKeys (ConfUtils.java:logGet(46)) - raft.server.staging.catchup.gap = 1000 (default)
2022-07-23 19:35:40,100 [s1@group-2D0E9D60D8D7-LeaderElection31] INFO  server.RaftServerConfigKeys (ConfUtils.java:logGet(46)) - raft.server.write.element-limit = 4096 (default)
2022-07-23 19:35:40,100 [s1@group-2D0E9D60D8D7-LeaderElection31] INFO  server.RaftServerConfigKeys (ConfUtils.java:logGet(46)) - raft.server.write.byte-limit = 64MB (=67108864) (default)
2022-07-23 19:35:40,100 [s1@group-2D0E9D60D8D7-LeaderElection31] INFO  server.RaftServerConfigKeys (ConfUtils.java:logGet(46)) - raft.server.watch.timeout = 10s (default)
2022-07-23 19:35:40,100 [s1@group-2D0E9D60D8D7-LeaderElection31] INFO  server.RaftServerConfigKeys (ConfUtils.java:logGet(46)) - raft.server.watch.timeout.denomination = 1s (default)
2022-07-23 19:35:40,100 [s1@group-2D0E9D60D8D7-LeaderElection31] INFO  server.RaftServerConfigKeys (ConfUtils.java:logGet(46)) - raft.server.watch.element-limit = 65536 (default)
2022-07-23 19:35:40,100 [s1@group-2D0E9D60D8D7-LeaderElection31] INFO  server.RaftServerConfigKeys (ConfUtils.java:logGet(46)) - raft.server.write.element-limit = 4096 (default)
2022-07-23 19:35:40,100 [s1@group-2D0E9D60D8D7-LeaderElection31] INFO  server.RaftServerConfigKeys (ConfUtils.java:logGet(46)) - raft.server.write.follower.gap.ratio.max = -1.0 (default)
2022-07-23 19:35:40,101 [s1@group-2D0E9D60D8D7-LeaderElection31] INFO  server.RaftServerConfigKeys (ConfUtils.java:logGet(46)) - raft.server.log.appender.snapshot.chunk.size.max = 16MB (=16777216) (default)
2022-07-23 19:35:40,101 [s1@group-2D0E9D60D8D7-LeaderElection31] INFO  server.RaftServerConfigKeys (ConfUtils.java:logGet(46)) - raft.server.log.appender.buffer.byte-limit = 4MB (=4194304) (default)
2022-07-23 19:35:40,101 [s1@group-2D0E9D60D8D7-LeaderElection31] INFO  server.RaftServerConfigKeys (ConfUtils.java:logGet(46)) - raft.server.log.appender.buffer.element-limit = 0 (default)
2022-07-23 19:35:40,101 [s1@group-2D0E9D60D8D7-LeaderElection31] INFO  grpc.GrpcConfigKeys (ConfUtils.java:logGet(46)) - raft.grpc.server.leader.outstanding.appends.max = 128 (default)
2022-07-23 19:35:40,101 [s1@group-2D0E9D60D8D7-LeaderElection31] INFO  server.RaftServerConfigKeys (ConfUtils.java:logGet(46)) - raft.server.rpc.request.timeout = 3000ms (default)
2022-07-23 19:35:40,101 [s1@group-2D0E9D60D8D7-LeaderElection31] INFO  server.RaftServerConfigKeys (ConfUtils.java:logGet(46)) - raft.server.log.appender.install.snapshot.enabled = true (default)
2022-07-23 19:35:40,101 [s1@group-2D0E9D60D8D7-LeaderElection31] INFO  grpc.GrpcConfigKeys (ConfUtils.java:logGet(46)) - raft.grpc.server.heartbeat.channel = true (default)
2022-07-23 19:35:40,101 [s1@group-2D0E9D60D8D7-LeaderElection31] INFO  server.RaftServerConfigKeys (ConfUtils.java:logGet(46)) - raft.server.log.appender.snapshot.chunk.size.max = 16MB (=16777216) (default)
2022-07-23 19:35:40,101 [s1@group-2D0E9D60D8D7-LeaderElection31] INFO  server.RaftServerConfigKeys (ConfUtils.java:logGet(46)) - raft.server.log.appender.buffer.byte-limit = 4MB (=4194304) (default)
2022-07-23 19:35:40,101 [s1@group-2D0E9D60D8D7-LeaderElection31] INFO  server.RaftServerConfigKeys (ConfUtils.java:logGet(46)) - raft.server.log.appender.buffer.element-limit = 0 (default)
2022-07-23 19:35:40,101 [s1@group-2D0E9D60D8D7-LeaderElection31] INFO  grpc.GrpcConfigKeys (ConfUtils.java:logGet(46)) - raft.grpc.server.leader.outstanding.appends.max = 128 (default)
2022-07-23 19:35:40,101 [s1@group-2D0E9D60D8D7-LeaderElection31] INFO  server.RaftServerConfigKeys (ConfUtils.java:logGet(46)) - raft.server.rpc.request.timeout = 3000ms (default)
2022-07-23 19:35:40,101 [s1@group-2D0E9D60D8D7-LeaderElection31] INFO  server.RaftServerConfigKeys (ConfUtils.java:logGet(46)) - raft.server.log.appender.install.snapshot.enabled = true (default)
2022-07-23 19:35:40,101 [s1@group-2D0E9D60D8D7-LeaderElection31] INFO  grpc.GrpcConfigKeys (ConfUtils.java:logGet(46)) - raft.grpc.server.heartbeat.channel = true (default)
2022-07-23 19:35:40,101 [s1@group-2D0E9D60D8D7-LeaderElection31] INFO  impl.RoleInfo (RoleInfo.java:updateAndGet(139)) - s1: start s1@group-2D0E9D60D8D7-LeaderStateImpl
2022-07-23 19:35:40,102 [s1@group-2D0E9D60D8D7-LeaderElection31] INFO  segmented.SegmentedRaftLogWorker (SegmentedRaftLogWorker.java:startLogSegment(425)) - s1@group-2D0E9D60D8D7-SegmentedRaftLogWorker: Starting segment from index:0
2022-07-23 19:35:40,103 [s0@group-2D0E9D60D8D7-LeaderElection30] INFO  impl.LeaderElection (LeaderElection.java:logAndReturn(90)) - s0@group-2D0E9D60D8D7-LeaderElection30: ELECTION REJECTED received 2 response(s) and 0 exception(s):
2022-07-23 19:35:40,103 [s0@group-2D0E9D60D8D7-LeaderElection30] INFO  impl.LeaderElection (LeaderElection.java:logAndReturn(94)) -   Response 0: s0<-s1#0:FAIL-t1
2022-07-23 19:35:40,103 [s0@group-2D0E9D60D8D7-LeaderElection30] INFO  impl.LeaderElection (LeaderElection.java:logAndReturn(94)) -   Response 1: s0<-s2#0:FAIL-t1
2022-07-23 19:35:40,107 [s0@group-2D0E9D60D8D7-LeaderElection30] INFO  impl.LeaderElection (LeaderElection.java:askForVotes(312)) - s0@group-2D0E9D60D8D7-LeaderElection30 ELECTION round 0: result REJECTED
2022-07-23 19:35:40,107 [s0@group-2D0E9D60D8D7-LeaderElection30] INFO  server.RaftServer$Division (RaftServerImpl.java:setRole(301)) - s0@group-2D0E9D60D8D7: changes role from CANDIDATE to FOLLOWER at term 1 for REJECTED
2022-07-23 19:35:40,107 [s0@group-2D0E9D60D8D7-LeaderElection30] INFO  impl.RoleInfo (RoleInfo.java:shutdownLeaderElection(130)) - s0: shutdown s0@group-2D0E9D60D8D7-LeaderElection30
2022-07-23 19:35:40,107 [s0@group-2D0E9D60D8D7-LeaderElection30] INFO  impl.RoleInfo (RoleInfo.java:updateAndGet(139)) - s0: start s0@group-2D0E9D60D8D7-FollowerState
2022-07-23 19:35:40,107 [s1@group-2D0E9D60D8D7-LeaderElection31] INFO  server.RaftServer$Division (ServerState.java:setRaftConf(429)) - s1@group-2D0E9D60D8D7: set configuration 0: peers:[s0|rpc:localhost:42269|admin:localhost:45339|client:localhost:41001|dataStream:localhost:45053|priority:0|startupRole:FOLLOWER, s1|rpc:localhost:33695|admin:localhost:33671|client:localhost:37171|dataStream:localhost:38465|priority:0|startupRole:FOLLOWER, s2|rpc:localhost:39673|admin:localhost:45315|client:localhost:37355|dataStream:localhost:40619|priority:0|startupRole:FOLLOWER]|listeners:[], old=null
2022-07-23 19:35:40,114 [s1@group-2D0E9D60D8D7-SegmentedRaftLogWorker] INFO  segmented.SegmentedRaftLogWorker (SegmentedRaftLogWorker.java:execute(629)) - s1@group-2D0E9D60D8D7-SegmentedRaftLogWorker: created new log segment /home/runner/work/ratis/ratis/ratis-test/target/test/data/11cf776f/MiniRaftClusterWithGrpcbcd21798/s1/cc8b64a8-1783-424e-9f90-2d0e9d60d8d7/current/log_inprogress_0
2022-07-23 19:35:40,119 [s0-server-thread2] DEBUG server.RaftServer$Division (RaftServerImpl.java:logAppendEntries(1305)) - s0@group-2D0E9D60D8D7: receive appendEntries(s1, 1, null, -1, true, commits:[s1:c-1, s0:c-1, s2:c-1], cId:1, entries: (t:1, i:0), CONFIGURATIONENTRY(current:id: "s0"
address: "localhost:42269"
dataStreamAddress: "localhost:45053"
clientAddress: "localhost:41001"
adminAddress: "localhost:45339"
startupRole: FOLLOWER
,id: "s1"
address: "localhost:33695"
dataStreamAddress: "localhost:38465"
clientAddress: "localhost:37171"
adminAddress: "localhost:33671"
startupRole: FOLLOWER
,id: "s2"
address: "localhost:39673"
dataStreamAddress: "localhost:40619"
clientAddress: "localhost:37355"
adminAddress: "localhost:45315"
startupRole: FOLLOWER
, old:)
2022-07-23 19:35:40,119 [s0-server-thread2] INFO  server.RaftServer$Division (ServerState.java:setLeader(313)) - s0@group-2D0E9D60D8D7: change Leader from null to s1 at term 1 for appendEntries, leader elected after 302ms
2022-07-23 19:35:40,120 [s2-server-thread2] INFO  server.RaftServer$Division (ServerState.java:setLeader(313)) - s2@group-2D0E9D60D8D7: change Leader from null to s1 at term 1 for appendEntries, leader elected after 287ms
2022-07-23 19:35:40,119 [s2-server-thread1] DEBUG server.RaftServer$Division (RaftServerImpl.java:logAppendEntries(1305)) - s2@group-2D0E9D60D8D7: receive appendEntries(s1, 1, null, -1, true, commits:[s1:c-1, s0:c-1, s2:c-1], cId:1, entries: (t:1, i:0), CONFIGURATIONENTRY(current:id: "s0"
address: "localhost:42269"
dataStreamAddress: "localhost:45053"
clientAddress: "localhost:41001"
adminAddress: "localhost:45339"
startupRole: FOLLOWER
,id: "s1"
address: "localhost:33695"
dataStreamAddress: "localhost:38465"
clientAddress: "localhost:37171"
adminAddress: "localhost:33671"
startupRole: FOLLOWER
,id: "s2"
address: "localhost:39673"
dataStreamAddress: "localhost:40619"
clientAddress: "localhost:37355"
adminAddress: "localhost:45315"
startupRole: FOLLOWER
, old:)
2022-07-23 19:35:40,127 [s0-server-thread2] INFO  server.RaftServer$Division (ServerState.java:setRaftConf(429)) - s0@group-2D0E9D60D8D7: set configuration 0: peers:[s0|rpc:localhost:42269|admin:localhost:45339|client:localhost:41001|dataStream:localhost:45053|priority:0|startupRole:FOLLOWER, s1|rpc:localhost:33695|admin:localhost:33671|client:localhost:37171|dataStream:localhost:38465|priority:0|startupRole:FOLLOWER, s2|rpc:localhost:39673|admin:localhost:45315|client:localhost:37355|dataStream:localhost:40619|priority:0|startupRole:FOLLOWER]|listeners:[], old=null
2022-07-23 19:35:40,127 [s0-server-thread2] INFO  segmented.SegmentedRaftLogWorker (SegmentedRaftLogWorker.java:startLogSegment(425)) - s0@group-2D0E9D60D8D7-SegmentedRaftLogWorker: Starting segment from index:0
2022-07-23 19:35:40,128 [s2-server-thread1] INFO  server.RaftServer$Division (ServerState.java:setRaftConf(429)) - s2@group-2D0E9D60D8D7: set configuration 0: peers:[s0|rpc:localhost:42269|admin:localhost:45339|client:localhost:41001|dataStream:localhost:45053|priority:0|startupRole:FOLLOWER, s1|rpc:localhost:33695|admin:localhost:33671|client:localhost:37171|dataStream:localhost:38465|priority:0|startupRole:FOLLOWER, s2|rpc:localhost:39673|admin:localhost:45315|client:localhost:37355|dataStream:localhost:40619|priority:0|startupRole:FOLLOWER]|listeners:[], old=null
2022-07-23 19:35:40,128 [s2-server-thread1] INFO  segmented.SegmentedRaftLogWorker (SegmentedRaftLogWorker.java:startLogSegment(425)) - s2@group-2D0E9D60D8D7-SegmentedRaftLogWorker: Starting segment from index:0
2022-07-23 19:35:40,145 [s2@group-2D0E9D60D8D7-SegmentedRaftLogWorker] INFO  segmented.SegmentedRaftLogWorker (SegmentedRaftLogWorker.java:execute(629)) - s2@group-2D0E9D60D8D7-SegmentedRaftLogWorker: created new log segment /home/runner/work/ratis/ratis/ratis-test/target/test/data/11cf776f/MiniRaftClusterWithGrpcbcd21798/s2/cc8b64a8-1783-424e-9f90-2d0e9d60d8d7/current/log_inprogress_0
2022-07-23 19:35:40,145 [s0@group-2D0E9D60D8D7-SegmentedRaftLogWorker] INFO  segmented.SegmentedRaftLogWorker (SegmentedRaftLogWorker.java:execute(629)) - s0@group-2D0E9D60D8D7-SegmentedRaftLogWorker: created new log segment /home/runner/work/ratis/ratis/ratis-test/target/test/data/11cf776f/MiniRaftClusterWithGrpcbcd21798/s0/cc8b64a8-1783-424e-9f90-2d0e9d60d8d7/current/log_inprogress_0
2022-07-23 19:35:40,145 [Thread-9581] DEBUG server.RaftServer$Division (RaftServerImpl.java:logAppendEntries(1305)) - s2@group-2D0E9D60D8D7: succeeded to handle AppendEntries. Reply: s1<-s2#1:OK-t1,SUCCESS,nextIndex=1,followerCommit=-1,matchIndex=0
2022-07-23 19:35:40,153 [Thread-9582] DEBUG server.RaftServer$Division (RaftServerImpl.java:logAppendEntries(1305)) - s0@group-2D0E9D60D8D7: succeeded to handle AppendEntries. Reply: s1<-s0#1:OK-t1,SUCCESS,nextIndex=1,followerCommit=-1,matchIndex=0
2022-07-23 19:35:40,157 [s0@group-1D19F5312903-FollowerState] INFO  impl.FollowerState (FollowerState.java:run(143)) - s0@group-1D19F5312903-FollowerState: change to CANDIDATE, lastRpcElapsedTime:195114152ns, electionTimeout:190ms
2022-07-23 19:35:40,157 [s0@group-1D19F5312903-FollowerState] INFO  impl.RoleInfo (RoleInfo.java:shutdownFollowerState(110)) - s0: shutdown s0@group-1D19F5312903-FollowerState
2022-07-23 19:35:40,157 [s0@group-1D19F5312903-FollowerState] INFO  server.RaftServer$Division (RaftServerImpl.java:setRole(301)) - s0@group-1D19F5312903: changes role from  FOLLOWER to CANDIDATE at term 1 for changeToCandidate
2022-07-23 19:35:40,157 [s0@group-1D19F5312903-FollowerState] INFO  server.RaftServerConfigKeys (ConfUtils.java:logGet(46)) - raft.server.leaderelection.pre-vote = true (default)
2022-07-23 19:35:40,157 [s0@group-1D19F5312903-FollowerState] INFO  impl.RoleInfo (RoleInfo.java:updateAndGet(139)) - s0: start s0@group-1D19F5312903-LeaderElection32
2022-07-23 19:35:40,159 [s0@group-1D19F5312903-LeaderElection32] INFO  impl.LeaderElection (LeaderElection.java:askForVotes(310)) - s0@group-1D19F5312903-LeaderElection32 PRE_VOTE round 0: submit vote requests at term 1 for 0: peers:[s0|rpc:localhost:33053|admin:localhost:34833|client:localhost:45065|dataStream:localhost:40973|priority:0|startupRole:FOLLOWER, s1|rpc:localhost:37337|admin:localhost:46639|client:localhost:33239|dataStream:localhost:44379|priority:0|startupRole:FOLLOWER, s2|rpc:localhost:36285|admin:localhost:33785|client:localhost:35753|dataStream:localhost:36721|priority:0|startupRole:FOLLOWER]|listeners:[], old=null
2022-07-23 19:35:40,161 [s0@group-1D19F5312903-LeaderElection32] INFO  impl.LeaderElection (LogUtils.java:infoOrTrace(137)) - s0@group-1D19F5312903-LeaderElection32 got exception when requesting votes: java.util.concurrent.ExecutionException: org.apache.ratis.thirdparty.io.grpc.StatusRuntimeException: UNAVAILABLE: io exception
2022-07-23 19:35:40,161 [s0@group-1D19F5312903-LeaderElection32] INFO  impl.LeaderElection (LogUtils.java:infoOrTrace(137)) - s0@group-1D19F5312903-LeaderElection32 got exception when requesting votes: java.util.concurrent.ExecutionException: org.apache.ratis.thirdparty.io.grpc.StatusRuntimeException: UNAVAILABLE: io exception
2022-07-23 19:35:40,161 [s0@group-1D19F5312903-LeaderElection32] INFO  impl.LeaderElection (LeaderElection.java:logAndReturn(90)) - s0@group-1D19F5312903-LeaderElection32: PRE_VOTE REJECTED received 0 response(s) and 2 exception(s):
2022-07-23 19:35:40,161 [s0@group-1D19F5312903-LeaderElection32] INFO  impl.LeaderElection (LogUtils.java:infoOrTrace(137)) -   Exception 0: java.util.concurrent.ExecutionException: org.apache.ratis.thirdparty.io.grpc.StatusRuntimeException: UNAVAILABLE: io exception
2022-07-23 19:35:40,161 [s0@group-1D19F5312903-LeaderElection32] INFO  impl.LeaderElection (LogUtils.java:infoOrTrace(137)) -   Exception 1: java.util.concurrent.ExecutionException: org.apache.ratis.thirdparty.io.grpc.StatusRuntimeException: UNAVAILABLE: io exception
2022-07-23 19:35:40,161 [s0@group-1D19F5312903-LeaderElection32] INFO  impl.LeaderElection (LeaderElection.java:askForVotes(312)) - s0@group-1D19F5312903-LeaderElection32 PRE_VOTE round 0: result REJECTED
2022-07-23 19:35:40,162 [s0@group-1D19F5312903-LeaderElection32] INFO  server.RaftServer$Division (RaftServerImpl.java:setRole(301)) - s0@group-1D19F5312903: changes role from CANDIDATE to FOLLOWER at term 1 for REJECTED
2022-07-23 19:35:40,162 [s0@group-1D19F5312903-LeaderElection32] INFO  impl.RoleInfo (RoleInfo.java:shutdownLeaderElection(130)) - s0: shutdown s0@group-1D19F5312903-LeaderElection32
2022-07-23 19:35:40,162 [s0@group-1D19F5312903-LeaderElection32] INFO  impl.RoleInfo (RoleInfo.java:updateAndGet(139)) - s0: start s0@group-1D19F5312903-FollowerState
2022-07-23 19:35:40,328 [s0@group-1D19F5312903-FollowerState] INFO  impl.FollowerState (FollowerState.java:run(143)) - s0@group-1D19F5312903-FollowerState: change to CANDIDATE, lastRpcElapsedTime:166335177ns, electionTimeout:166ms
2022-07-23 19:35:40,328 [s0@group-1D19F5312903-FollowerState] INFO  impl.RoleInfo (RoleInfo.java:shutdownFollowerState(110)) - s0: shutdown s0@group-1D19F5312903-FollowerState
2022-07-23 19:35:40,328 [s0@group-1D19F5312903-FollowerState] INFO  server.RaftServer$Division (RaftServerImpl.java:setRole(301)) - s0@group-1D19F5312903: changes role from  FOLLOWER to CANDIDATE at term 1 for changeToCandidate
2022-07-23 19:35:40,328 [s0@group-1D19F5312903-FollowerState] INFO  server.RaftServerConfigKeys (ConfUtils.java:logGet(46)) - raft.server.leaderelection.pre-vote = true (default)
2022-07-23 19:35:40,328 [s0@group-1D19F5312903-FollowerState] INFO  impl.RoleInfo (RoleInfo.java:updateAndGet(139)) - s0: start s0@group-1D19F5312903-LeaderElection33
2022-07-23 19:35:40,329 [s0@group-1D19F5312903-LeaderElection33] INFO  impl.LeaderElection (LeaderElection.java:askForVotes(310)) - s0@group-1D19F5312903-LeaderElection33 PRE_VOTE round 0: submit vote requests at term 1 for 0: peers:[s0|rpc:localhost:33053|admin:localhost:34833|client:localhost:45065|dataStream:localhost:40973|priority:0|startupRole:FOLLOWER, s1|rpc:localhost:37337|admin:localhost:46639|client:localhost:33239|dataStream:localhost:44379|priority:0|startupRole:FOLLOWER, s2|rpc:localhost:36285|admin:localhost:33785|client:localhost:35753|dataStream:localhost:36721|priority:0|startupRole:FOLLOWER]|listeners:[], old=null
2022-07-23 19:35:40,330 [s0@group-1D19F5312903-LeaderElection33] INFO  impl.LeaderElection (LogUtils.java:infoOrTrace(137)) - s0@group-1D19F5312903-LeaderElection33 got exception when requesting votes: java.util.concurrent.ExecutionException: org.apache.ratis.thirdparty.io.grpc.StatusRuntimeException: UNAVAILABLE: io exception
2022-07-23 19:35:40,330 [s0@group-1D19F5312903-LeaderElection33] INFO  impl.LeaderElection (LogUtils.java:infoOrTrace(137)) - s0@group-1D19F5312903-LeaderElection33 got exception when requesting votes: java.util.concurrent.ExecutionException: org.apache.ratis.thirdparty.io.grpc.StatusRuntimeException: UNAVAILABLE: io exception
2022-07-23 19:35:40,330 [s0@group-1D19F5312903-LeaderElection33] INFO  impl.LeaderElection (LeaderElection.java:logAndReturn(90)) - s0@group-1D19F5312903-LeaderElection33: PRE_VOTE REJECTED received 0 response(s) and 2 exception(s):
2022-07-23 19:35:40,330 [s0@group-1D19F5312903-LeaderElection33] INFO  impl.LeaderElection (LogUtils.java:infoOrTrace(137)) -   Exception 0: java.util.concurrent.ExecutionException: org.apache.ratis.thirdparty.io.grpc.StatusRuntimeException: UNAVAILABLE: io exception
2022-07-23 19:35:40,330 [s0@group-1D19F5312903-LeaderElection33] INFO  impl.LeaderElection (LogUtils.java:infoOrTrace(137)) -   Exception 1: java.util.concurrent.ExecutionException: org.apache.ratis.thirdparty.io.grpc.StatusRuntimeException: UNAVAILABLE: io exception
2022-07-23 19:35:40,330 [s0@group-1D19F5312903-LeaderElection33] INFO  impl.LeaderElection (LeaderElection.java:askForVotes(312)) - s0@group-1D19F5312903-LeaderElection33 PRE_VOTE round 0: result REJECTED
2022-07-23 19:35:40,330 [s0@group-1D19F5312903-LeaderElection33] INFO  server.RaftServer$Division (RaftServerImpl.java:setRole(301)) - s0@group-1D19F5312903: changes role from CANDIDATE to FOLLOWER at term 1 for REJECTED
2022-07-23 19:35:40,330 [s0@group-1D19F5312903-LeaderElection33] INFO  impl.RoleInfo (RoleInfo.java:shutdownLeaderElection(130)) - s0: shutdown s0@group-1D19F5312903-LeaderElection33
2022-07-23 19:35:40,330 [s0@group-1D19F5312903-LeaderElection33] INFO  impl.RoleInfo (RoleInfo.java:updateAndGet(139)) - s0: start s0@group-1D19F5312903-FollowerState
2022-07-23 19:35:40,330 [Time-limited test] INFO  ratis.RaftTestUtil (RaftTestUtil.java:waitForLeader(119)) - printing ALL groups
  s0:  RUNNING  FOLLOWER s0@group-2D0E9D60D8D7:t1, leader=s1, voted=s0, raftlog=Memoized:s0@group-2D0E9D60D8D7-SegmentedRaftLog:OPENED:c0, conf=0: peers:[s0|rpc:localhost:42269|admin:localhost:45339|client:localhost:41001|dataStream:localhost:45053|priority:0|startupRole:FOLLOWER, s1|rpc:localhost:33695|admin:localhost:33671|client:localhost:37171|dataStream:localhost:38465|priority:0|startupRole:FOLLOWER, s2|rpc:localhost:39673|admin:localhost:45315|client:localhost:37355|dataStream:localhost:40619|priority:0|startupRole:FOLLOWER]|listeners:[], old=null RUNNING
  s1:  RUNNING    LEADER s1@group-2D0E9D60D8D7:t1, leader=s1, voted=s1, raftlog=Memoized:s1@group-2D0E9D60D8D7-SegmentedRaftLog:OPENED:c0, conf=0: peers:[s0|rpc:localhost:42269|admin:localhost:45339|client:localhost:41001|dataStream:localhost:45053|priority:0|startupRole:FOLLOWER, s1|rpc:localhost:33695|admin:localhost:33671|client:localhost:37171|dataStream:localhost:38465|priority:0|startupRole:FOLLOWER, s2|rpc:localhost:39673|admin:localhost:45315|client:localhost:37355|dataStream:localhost:40619|priority:0|startupRole:FOLLOWER]|listeners:[], old=null RUNNING
  s2:  RUNNING  FOLLOWER s2@group-2D0E9D60D8D7:t1, leader=s1, voted=s1, raftlog=Memoized:s2@group-2D0E9D60D8D7-SegmentedRaftLog:OPENED:c0, conf=0: peers:[s0|rpc:localhost:42269|admin:localhost:45339|client:localhost:41001|dataStream:localhost:45053|priority:0|startupRole:FOLLOWER, s1|rpc:localhost:33695|admin:localhost:33671|client:localhost:37171|dataStream:localhost:38465|priority:0|startupRole:FOLLOWER, s2|rpc:localhost:39673|admin:localhost:45315|client:localhost:37355|dataStream:localhost:40619|priority:0|startupRole:FOLLOWER]|listeners:[], old=null RUNNING
2022-07-23 19:35:40,331 [Time-limited test] DEBUG client.RaftClient (ConfUtils.java:logGet(46)) - raft.rpc.type = GRPC (default)
2022-07-23 19:35:40,350 [s1-client-thread1] DEBUG server.RaftServer$Division (RaftServerImpl.java:submitClientRequestAsync(803)) - s1@group-2D0E9D60D8D7: receive client request(RaftClientRequest:client-D9E7D1A6A537->s1@group-2D0E9D60D8D7, cid=2853, seq=1*, RW, Message:6669727374)
2022-07-23 19:35:40,351 [s1-client-thread1] DEBUG server.RaftServer$Division (LeaderStateImpl.java:addPendingRequest(401)) - s1@group-2D0E9D60D8D7-LeaderStateImpl: addPendingRequest at RaftClientRequest:client-D9E7D1A6A537->s1@group-2D0E9D60D8D7, cid=2853, seq=1*, RW, Message:6669727374, entry=(t:1, i:1), STATEMACHINELOGENTRY, 2853@client-D9E7D1A6A537
2022-07-23 19:35:40,351 [s2-server-thread2] DEBUG server.RaftServer$Division (RaftServerImpl.java:logAppendEntries(1305)) - s2@group-2D0E9D60D8D7: receive appendEntries(s1, 1, (t:1, i:0), 0, true, commits:[s1:c0, s0:c0, s2:c0], cId:16, entries: (t:1, i:1), STATEMACHINELOGENTRY, 2853@client-D9E7D1A6A537
2022-07-23 19:35:40,351 [s0-server-thread1] DEBUG server.RaftServer$Division (RaftServerImpl.java:logAppendEntries(1305)) - s0@group-2D0E9D60D8D7: receive appendEntries(s1, 1, (t:1, i:0), 0, true, commits:[s1:c0, s0:c0, s2:c0], cId:16, entries: (t:1, i:1), STATEMACHINELOGENTRY, 2853@client-D9E7D1A6A537
2022-07-23 19:35:40,353 [Thread-9596] DEBUG server.RaftServer$Division (RaftServerImpl.java:logAppendEntries(1305)) - s2@group-2D0E9D60D8D7: succeeded to handle AppendEntries. Reply: s1<-s2#16:OK-t1,SUCCESS,nextIndex=2,followerCommit=0,matchIndex=1
2022-07-23 19:35:40,353 [Thread-9597] DEBUG server.RaftServer$Division (RaftServerImpl.java:logAppendEntries(1305)) - s0@group-2D0E9D60D8D7: succeeded to handle AppendEntries. Reply: s1<-s0#16:OK-t1,SUCCESS,nextIndex=2,followerCommit=0,matchIndex=1
2022-07-23 19:35:40,354 [s1@group-2D0E9D60D8D7-StateMachineUpdater] INFO  statemachine.SimpleStateMachine4Testing (SimpleStateMachine4Testing.java:put(204)) - s1: put 1, first -> (t:1, i:1), STATEMACHINELOGENTRY, 2853@client-D9E7D1A6A537
2022-07-23 19:35:40,354 [s2-server-thread2] DEBUG server.RaftServer$Division (RaftServerImpl.java:logAppendEntries(1305)) - s2@group-2D0E9D60D8D7: receive appendEntries(s1, 1, (t:1, i:1), 1, true, commits:[s1:c1, s0:c0, s2:c0], cId:17, entries: (t:1, i:2), METADATAENTRY(c:1)
2022-07-23 19:35:40,354 [s0-server-thread1] DEBUG server.RaftServer$Division (RaftServerImpl.java:logAppendEntries(1305)) - s0@group-2D0E9D60D8D7: receive appendEntries(s1, 1, (t:1, i:1), 1, true, commits:[s1:c1, s0:c0, s2:c0], cId:17, entries: (t:1, i:2), METADATAENTRY(c:1)
2022-07-23 19:35:40,359 [s0@group-2D0E9D60D8D7-StateMachineUpdater] INFO  statemachine.SimpleStateMachine4Testing (SimpleStateMachine4Testing.java:put(204)) - s0: put 1, first -> (t:1, i:1), STATEMACHINELOGENTRY, 2853@client-D9E7D1A6A537
2022-07-23 19:35:40,361 [Thread-9599] DEBUG server.RaftServer$Division (RaftServerImpl.java:logAppendEntries(1305)) - s0@group-2D0E9D60D8D7: succeeded to handle AppendEntries. Reply: s1<-s0#17:OK-t1,SUCCESS,nextIndex=3,followerCommit=1,matchIndex=2
2022-07-23 19:35:40,361 [Time-limited test] DEBUG client.RaftClient (ConfUtils.java:logGet(46)) - raft.rpc.type = GRPC (default)
2022-07-23 19:35:40,361 [s2@group-2D0E9D60D8D7-StateMachineUpdater] INFO  statemachine.SimpleStateMachine4Testing (SimpleStateMachine4Testing.java:put(204)) - s2: put 1, first -> (t:1, i:1), STATEMACHINELOGENTRY, 2853@client-D9E7D1A6A537
2022-07-23 19:35:40,361 [Thread-9600] DEBUG server.RaftServer$Division (RaftServerImpl.java:logAppendEntries(1305)) - s2@group-2D0E9D60D8D7: succeeded to handle AppendEntries. Reply: s1<-s2#17:OK-t1,SUCCESS,nextIndex=3,followerCommit=1,matchIndex=2
2022-07-23 19:35:40,364 [s0-client-thread1] DEBUG server.RaftServer$Division (RaftServerImpl.java:submitClientRequestAsync(803)) - s0@group-2D0E9D60D8D7: receive client request(RaftClientRequest:client-1293706DF6FE->s0@group-2D0E9D60D8D7, cid=2854, seq=1*, RW, Message:616263)
2022-07-23 19:35:40,368 [grpc-default-executor-17] DEBUG client.RaftClient (RaftClientImpl.java:handleIOException(366)) - client-1293706DF6FE: suggested new leader: s1. Failed RaftClientRequest:client-1293706DF6FE->s0@group-2D0E9D60D8D7, cid=2854, seq=1*, RW, abc with {}
org.apache.ratis.protocol.exceptions.NotLeaderException: Server s0@group-2D0E9D60D8D7 is not the leader s1|rpc:localhost:33695|admin:localhost:33671|client:localhost:37171|dataStream:localhost:38465|priority:0|startupRole:FOLLOWER
	at org.apache.ratis.client.impl.ClientProtoUtils.toRaftClientReply(ClientProtoUtils.java:378)
	at org.apache.ratis.grpc.client.GrpcClientProtocolClient$AsyncStreamObservers$1.onNext(GrpcClientProtocolClient.java:321)
	at org.apache.ratis.grpc.client.GrpcClientProtocolClient$AsyncStreamObservers$1.onNext(GrpcClientProtocolClient.java:316)
	at org.apache.ratis.thirdparty.io.grpc.stub.ClientCalls$StreamObserverToCallListenerAdapter.onMessage(ClientCalls.java:466)
	at org.apache.ratis.thirdparty.io.grpc.ForwardingClientCallListener.onMessage(ForwardingClientCallListener.java:33)
	at org.apache.ratis.thirdparty.io.grpc.internal.DelayedClientCall$DelayedListener.onMessage(DelayedClientCall.java:447)
	at org.apache.ratis.thirdparty.io.grpc.internal.ClientCallImpl$ClientStreamListenerImpl$1MessagesAvailable.runInternal(ClientCallImpl.java:661)
	at org.apache.ratis.thirdparty.io.grpc.internal.ClientCallImpl$ClientStreamListenerImpl$1MessagesAvailable.runInContext(ClientCallImpl.java:646)
	at org.apache.ratis.thirdparty.io.grpc.internal.ContextRunnable.run(ContextRunnable.java:37)
	at org.apache.ratis.thirdparty.io.grpc.internal.SerializingExecutor.run(SerializingExecutor.java:133)
	at java.util.concurrent.ThreadPoolExecutor.runWorker(ThreadPoolExecutor.java:1149)
	at java.util.concurrent.ThreadPoolExecutor$Worker.run(ThreadPoolExecutor.java:624)
	at java.lang.Thread.run(Thread.java:750)
2022-07-23 19:35:40,368 [grpc-default-executor-17] DEBUG client.RaftClient (RaftClientImpl.java:handleIOException(385)) - client-1293706DF6FE: oldLeader=s0,  curLeader=s0, newLeader=s1
2022-07-23 19:35:40,368 [grpc-default-executor-17] DEBUG client.RaftClient (RaftClientImpl.java:handleIOException(391)) - group-2D0E9D60D8D7 client-1293706DF6FE: client change Leader from s0 to s1 ex=org.apache.ratis.protocol.exceptions.NotLeaderException
2022-07-23 19:35:40,374 [s1-client-thread1] DEBUG server.RaftServer$Division (RaftServerImpl.java:submitClientRequestAsync(803)) - s1@group-2D0E9D60D8D7: receive client request(RaftClientRequest:client-1293706DF6FE->s1@group-2D0E9D60D8D7, cid=2854, seq=1*, RW, Message:616263)
2022-07-23 19:35:40,374 [s1-client-thread1] DEBUG server.RaftServer$Division (LeaderStateImpl.java:addPendingRequest(401)) - s1@group-2D0E9D60D8D7-LeaderStateImpl: addPendingRequest at RaftClientRequest:client-1293706DF6FE->s1@group-2D0E9D60D8D7, cid=2854, seq=1*, RW, Message:616263, entry=(t:1, i:3), STATEMACHINELOGENTRY, 2854@client-1293706DF6FE
2022-07-23 19:35:40,375 [s2-server-thread2] DEBUG server.RaftServer$Division (RaftServerImpl.java:logAppendEntries(1305)) - s2@group-2D0E9D60D8D7: receive appendEntries(s1, 1, (t:1, i:2), 2, true, commits:[s1:c2, s0:c1, s2:c1], cId:20, entries: (t:1, i:3), STATEMACHINELOGENTRY, 2854@client-1293706DF6FE
2022-07-23 19:35:40,375 [s0-server-thread1] DEBUG server.RaftServer$Division (RaftServerImpl.java:logAppendEntries(1305)) - s0@group-2D0E9D60D8D7: receive appendEntries(s1, 1, (t:1, i:2), 2, true, commits:[s1:c2, s0:c1, s2:c1], cId:21, entries: (t:1, i:3), STATEMACHINELOGENTRY, 2854@client-1293706DF6FE
2022-07-23 19:35:40,381 [Thread-9605] DEBUG server.RaftServer$Division (RaftServerImpl.java:logAppendEntries(1305)) - s2@group-2D0E9D60D8D7: succeeded to handle AppendEntries. Reply: s1<-s2#20:OK-t1,SUCCESS,nextIndex=4,followerCommit=2,matchIndex=3
2022-07-23 19:35:40,381 [s1@group-2D0E9D60D8D7-StateMachineUpdater] INFO  statemachine.SimpleStateMachine4Testing (SimpleStateMachine4Testing.java:put(204)) - s1: put 3, abc -> (t:1, i:3), STATEMACHINELOGENTRY, 2854@client-1293706DF6FE
2022-07-23 19:35:40,381 [s2-server-thread2] DEBUG server.RaftServer$Division (RaftServerImpl.java:logAppendEntries(1305)) - s2@group-2D0E9D60D8D7: receive appendEntries(s1, 1, (t:1, i:3), 3, true, commits:[s1:c3, s0:c1, s2:c2], cId:21, entries: (t:1, i:4), METADATAENTRY(c:3)
2022-07-23 19:35:40,382 [s0-server-thread1] DEBUG server.RaftServer$Division (RaftServerImpl.java:logAppendEntries(1305)) - s0@group-2D0E9D60D8D7: receive appendEntries(s1, 1, (t:1, i:3), 3, true, commits:[s1:c3, s0:c1, s2:c2], cId:23, entries: (t:1, i:4), METADATAENTRY(c:3)
2022-07-23 19:35:40,382 [Thread-9606] DEBUG server.RaftServer$Division (RaftServerImpl.java:logAppendEntries(1305)) - s0@group-2D0E9D60D8D7: succeeded to handle AppendEntries. Reply: s1<-s0#21:OK-t1,SUCCESS,nextIndex=4,followerCommit=2,matchIndex=3
2022-07-23 19:35:40,384 [Time-limited test] INFO  impl.MiniRaftCluster (MiniRaftCluster.java:shutdown(778)) - ************************************************************** 
2022-07-23 19:35:40,384 [Time-limited test] INFO  impl.MiniRaftCluster (MiniRaftCluster.java:shutdown(779)) - *** 
2022-07-23 19:35:40,384 [Time-limited test] INFO  impl.MiniRaftCluster (MiniRaftCluster.java:shutdown(780)) - ***     Stopping MiniRaftClusterWithGrpc
2022-07-23 19:35:40,384 [Time-limited test] INFO  impl.MiniRaftCluster (MiniRaftCluster.java:shutdown(781)) - *** 
2022-07-23 19:35:40,384 [Time-limited test] INFO  impl.MiniRaftCluster (MiniRaftCluster.java:shutdown(782)) - ************************************************************** 
2022-07-23 19:35:40,384 [Time-limited test] INFO  impl.MiniRaftCluster (MiniRaftCluster.java:shutdown(783)) - printing ALL groups
  s0:  RUNNING  FOLLOWER s0@group-2D0E9D60D8D7:t1, leader=s1, voted=s0, raftlog=Memoized:s0@group-2D0E9D60D8D7-SegmentedRaftLog:OPENED:c2, conf=0: peers:[s0|rpc:localhost:42269|admin:localhost:45339|client:localhost:41001|dataStream:localhost:45053|priority:0|startupRole:FOLLOWER, s1|rpc:localhost:33695|admin:localhost:33671|client:localhost:37171|dataStream:localhost:38465|priority:0|startupRole:FOLLOWER, s2|rpc:localhost:39673|admin:localhost:45315|client:localhost:37355|dataStream:localhost:40619|priority:0|startupRole:FOLLOWER]|listeners:[], old=null RUNNING
  s1:  RUNNING    LEADER s1@group-2D0E9D60D8D7:t1, leader=s1, voted=s1, raftlog=Memoized:s1@group-2D0E9D60D8D7-SegmentedRaftLog:OPENED:c3, conf=0: peers:[s0|rpc:localhost:42269|admin:localhost:45339|client:localhost:41001|dataStream:localhost:45053|priority:0|startupRole:FOLLOWER, s1|rpc:localhost:33695|admin:localhost:33671|client:localhost:37171|dataStream:localhost:38465|priority:0|startupRole:FOLLOWER, s2|rpc:localhost:39673|admin:localhost:45315|client:localhost:37355|dataStream:localhost:40619|priority:0|startupRole:FOLLOWER]|listeners:[], old=null RUNNING
  s2:  RUNNING  FOLLOWER s2@group-2D0E9D60D8D7:t1, leader=s1, voted=s1, raftlog=Memoized:s2@group-2D0E9D60D8D7-SegmentedRaftLog:OPENED:c2, conf=0: peers:[s0|rpc:localhost:42269|admin:localhost:45339|client:localhost:41001|dataStream:localhost:45053|priority:0|startupRole:FOLLOWER, s1|rpc:localhost:33695|admin:localhost:33671|client:localhost:37171|dataStream:localhost:38465|priority:0|startupRole:FOLLOWER, s2|rpc:localhost:39673|admin:localhost:45315|client:localhost:37355|dataStream:localhost:40619|priority:0|startupRole:FOLLOWER]|listeners:[], old=null RUNNING
2022-07-23 19:35:40,385 [s2@group-2D0E9D60D8D7-StateMachineUpdater] INFO  statemachine.SimpleStateMachine4Testing (SimpleStateMachine4Testing.java:put(204)) - s2: put 3, abc -> (t:1, i:3), STATEMACHINELOGENTRY, 2854@client-1293706DF6FE
2022-07-23 19:35:40,385 [Thread-9607] DEBUG server.RaftServer$Division (RaftServerImpl.java:logAppendEntries(1305)) - s2@group-2D0E9D60D8D7: succeeded to handle AppendEntries. Reply: s1<-s2#21:OK-t1,SUCCESS,nextIndex=5,followerCommit=3,matchIndex=4
2022-07-23 19:35:40,394 [java.util.concurrent.ThreadPoolExecutor$Worker@3035a5e2[State = -1, empty queue]] INFO  server.RaftServer (RaftServerProxy.java:lambda$close$6(401)) - s0: close
2022-07-23 19:35:40,395 [java.util.concurrent.ThreadPoolExecutor$Worker@5c701a81[State = -1, empty queue]] INFO  server.RaftServer (RaftServerProxy.java:lambda$close$6(401)) - s1: close
2022-07-23 19:35:40,396 [java.util.concurrent.ThreadPoolExecutor$Worker@3035a5e2[State = -1, empty queue]] INFO  server.RaftServer$Division (RaftServerImpl.java:lambda$close$4(438)) - s0@group-2D0E9D60D8D7: shutdown
2022-07-23 19:35:40,396 [s0@group-2D0E9D60D8D7-StateMachineUpdater] INFO  statemachine.SimpleStateMachine4Testing (SimpleStateMachine4Testing.java:put(204)) - s0: put 3, abc -> (t:1, i:3), STATEMACHINELOGENTRY, 2854@client-1293706DF6FE
2022-07-23 19:35:40,395 [Thread-9608] DEBUG server.RaftServer$Division (RaftServerImpl.java:logAppendEntries(1305)) - s0@group-2D0E9D60D8D7: succeeded to handle AppendEntries. Reply: s1<-s0#23:OK-t1,SUCCESS,nextIndex=5,followerCommit=3,matchIndex=4
2022-07-23 19:35:40,395 [java.util.concurrent.ThreadPoolExecutor$Worker@73be0bac[State = -1, empty queue]] INFO  server.RaftServer (RaftServerProxy.java:lambda$close$6(401)) - s2: close
2022-07-23 19:35:40,398 [java.util.concurrent.ThreadPoolExecutor$Worker@73be0bac[State = -1, empty queue]] INFO  server.RaftServer$Division (RaftServerImpl.java:lambda$close$4(438)) - s2@group-2D0E9D60D8D7: shutdown
2022-07-23 19:35:40,398 [java.util.concurrent.ThreadPoolExecutor$Worker@73be0bac[State = -1, empty queue]] INFO  util.JmxRegister (JmxRegister.java:unregister(73)) - Successfully un-registered JMX Bean with object name Ratis:service=RaftServer,group=group-2D0E9D60D8D7,id=s2
2022-07-23 19:35:40,398 [java.util.concurrent.ThreadPoolExecutor$Worker@73be0bac[State = -1, empty queue]] INFO  impl.RoleInfo (RoleInfo.java:shutdownFollowerState(110)) - s2: shutdown s2@group-2D0E9D60D8D7-FollowerState
2022-07-23 19:35:40,396 [java.util.concurrent.ThreadPoolExecutor$Worker@5c701a81[State = -1, empty queue]] INFO  server.RaftServer$Division (RaftServerImpl.java:lambda$close$4(438)) - s1@group-2D0E9D60D8D7: shutdown
2022-07-23 19:35:40,398 [java.util.concurrent.ThreadPoolExecutor$Worker@5c701a81[State = -1, empty queue]] INFO  util.JmxRegister (JmxRegister.java:unregister(73)) - Successfully un-registered JMX Bean with object name Ratis:service=RaftServer,group=group-2D0E9D60D8D7,id=s1
2022-07-23 19:35:40,398 [java.util.concurrent.ThreadPoolExecutor$Worker@5c701a81[State = -1, empty queue]] INFO  impl.RoleInfo (RoleInfo.java:shutdownLeaderState(93)) - s1: shutdown s1@group-2D0E9D60D8D7-LeaderStateImpl
2022-07-23 19:35:40,396 [java.util.concurrent.ThreadPoolExecutor$Worker@3035a5e2[State = -1, empty queue]] INFO  util.JmxRegister (JmxRegister.java:unregister(73)) - Successfully un-registered JMX Bean with object name Ratis:service=RaftServer,group=group-2D0E9D60D8D7,id=s0
2022-07-23 19:35:40,398 [java.util.concurrent.ThreadPoolExecutor$Worker@3035a5e2[State = -1, empty queue]] INFO  impl.RoleInfo (RoleInfo.java:shutdownFollowerState(110)) - s0: shutdown s0@group-2D0E9D60D8D7-FollowerState
2022-07-23 19:35:40,399 [s2@group-2D0E9D60D8D7-FollowerState] INFO  impl.FollowerState (FollowerState.java:run(152)) - s2@group-2D0E9D60D8D7-FollowerState was interrupted
2022-07-23 19:35:40,399 [s0@group-2D0E9D60D8D7-FollowerState] INFO  impl.FollowerState (FollowerState.java:run(152)) - s0@group-2D0E9D60D8D7-FollowerState was interrupted
2022-07-23 19:35:40,399 [java.util.concurrent.ThreadPoolExecutor$Worker@3035a5e2[State = -1, empty queue]] INFO  impl.StateMachineUpdater (StateMachineUpdater.java:stopAndJoin(153)) - s0@group-2D0E9D60D8D7-StateMachineUpdater: set stopIndex = 3
2022-07-23 19:35:40,399 [java.util.concurrent.ThreadPoolExecutor$Worker@3035a5e2[State = -1, empty queue]] INFO  server.RaftServer$Division (ServerState.java:close(465)) - s0@group-2D0E9D60D8D7: closes. applyIndex: 3
2022-07-23 19:35:40,399 [s0@group-2D0E9D60D8D7-SegmentedRaftLogWorker] INFO  segmented.SegmentedRaftLogWorker (SegmentedRaftLogWorker.java:run(336)) - s0@group-2D0E9D60D8D7-SegmentedRaftLogWorker was interrupted, exiting. There are 0 tasks remaining in the queue.
2022-07-23 19:35:40,399 [java.util.concurrent.ThreadPoolExecutor$Worker@73be0bac[State = -1, empty queue]] INFO  impl.StateMachineUpdater (StateMachineUpdater.java:stopAndJoin(153)) - s2@group-2D0E9D60D8D7-StateMachineUpdater: set stopIndex = 3
2022-07-23 19:35:40,400 [java.util.concurrent.ThreadPoolExecutor$Worker@73be0bac[State = -1, empty queue]] INFO  server.RaftServer$Division (ServerState.java:close(465)) - s2@group-2D0E9D60D8D7: closes. applyIndex: 3
2022-07-23 19:35:40,400 [s2@group-2D0E9D60D8D7-SegmentedRaftLogWorker] INFO  segmented.SegmentedRaftLogWorker (SegmentedRaftLogWorker.java:run(336)) - s2@group-2D0E9D60D8D7-SegmentedRaftLogWorker was interrupted, exiting. There are 0 tasks remaining in the queue.
2022-07-23 19:35:40,400 [s1@group-2D0E9D60D8D7->s0-GrpcLogAppender-LogAppenderDaemon] WARN  server.GrpcLogAppender (GrpcLogAppender.java:mayWait(183)) - s1@group-2D0E9D60D8D7->s0-GrpcLogAppender: Wait interrupted by java.lang.InterruptedException
2022-07-23 19:35:40,400 [grpc-default-executor-17] INFO  server.GrpcServerProtocolService (GrpcServerProtocolService.java:onCompleted(145)) - s0: Completed APPEND_ENTRIES, lastRequest: null
2022-07-23 19:35:40,400 [grpc-default-executor-3] INFO  server.GrpcServerProtocolService (GrpcServerProtocolService.java:onCompleted(145)) - s0: Completed APPEND_ENTRIES, lastRequest: s1->s0#23-t1,previous=(t:1, i:3),leaderCommit=3,initializing? true,entries: size=1, first=(t:1, i:4), METADATAENTRY(c:3)
2022-07-23 19:35:40,401 [grpc-default-executor-17] INFO  server.GrpcLogAppender (GrpcLogAppender.java:onCompleted(386)) - s1@group-2D0E9D60D8D7->s0-AppendLogResponseHandler: follower responses appendEntries COMPLETED
2022-07-23 19:35:40,401 [grpc-default-executor-3] INFO  server.GrpcLogAppender (GrpcLogAppender.java:onCompleted(386)) - s1@group-2D0E9D60D8D7->s0-AppendLogResponseHandler: follower responses appendEntries COMPLETED
2022-07-23 19:35:40,401 [grpc-default-executor-17] INFO  leader.FollowerInfo (FollowerInfoImpl.java:lambda$new$0(48)) - s1@group-2D0E9D60D8D7->s0: nextIndex: updateUnconditionally 5 -> 4
2022-07-23 19:35:40,401 [grpc-default-executor-3] INFO  leader.FollowerInfo (FollowerInfoImpl.java:lambda$new$0(48)) - s1@group-2D0E9D60D8D7->s0: nextIndex: updateUnconditionally 4 -> 3
2022-07-23 19:35:40,401 [s1@group-2D0E9D60D8D7->s2-GrpcLogAppender-LogAppenderDaemon] WARN  server.GrpcLogAppender (GrpcLogAppender.java:mayWait(183)) - s1@group-2D0E9D60D8D7->s2-GrpcLogAppender: Wait interrupted by java.lang.InterruptedException
2022-07-23 19:35:40,401 [grpc-default-executor-17] INFO  server.GrpcServerProtocolService (GrpcServerProtocolService.java:onCompleted(145)) - s2: Completed APPEND_ENTRIES, lastRequest: null
2022-07-23 19:35:40,401 [grpc-default-executor-15] INFO  server.GrpcLogAppender (GrpcLogAppender.java:onCompleted(386)) - s1@group-2D0E9D60D8D7->s2-AppendLogResponseHandler: follower responses appendEntries COMPLETED
2022-07-23 19:35:40,401 [grpc-default-executor-15] INFO  leader.FollowerInfo (FollowerInfoImpl.java:lambda$new$0(48)) - s1@group-2D0E9D60D8D7->s2: nextIndex: updateUnconditionally 5 -> 4
2022-07-23 19:35:40,402 [grpc-default-executor-3] INFO  server.GrpcServerProtocolService (GrpcServerProtocolService.java:onCompleted(145)) - s2: Completed APPEND_ENTRIES, lastRequest: s1->s2#21-t1,previous=(t:1, i:3),leaderCommit=3,initializing? true,entries: size=1, first=(t:1, i:4), METADATAENTRY(c:3)
2022-07-23 19:35:40,402 [grpc-default-executor-15] INFO  server.GrpcLogAppender (GrpcLogAppender.java:onCompleted(386)) - s1@group-2D0E9D60D8D7->s2-AppendLogResponseHandler: follower responses appendEntries COMPLETED
2022-07-23 19:35:40,402 [grpc-default-executor-15] INFO  leader.FollowerInfo (FollowerInfoImpl.java:lambda$new$0(48)) - s1@group-2D0E9D60D8D7->s2: nextIndex: updateUnconditionally 4 -> 3
2022-07-23 19:35:40,402 [java.util.concurrent.ThreadPoolExecutor$Worker@5c701a81[State = -1, empty queue]] INFO  impl.PendingRequests (PendingRequests.java:sendNotLeaderResponses(282)) - s1@group-2D0E9D60D8D7-PendingRequests: sendNotLeaderResponses
2022-07-23 19:35:40,403 [java.util.concurrent.ThreadPoolExecutor$Worker@3035a5e2[State = -1, empty queue]] INFO  segmented.SegmentedRaftLogWorker (SegmentedRaftLogWorker.java:close(246)) - s0@group-2D0E9D60D8D7-SegmentedRaftLogWorker close()
2022-07-23 19:35:40,404 [java.util.concurrent.ThreadPoolExecutor$Worker@73be0bac[State = -1, empty queue]] INFO  segmented.SegmentedRaftLogWorker (SegmentedRaftLogWorker.java:close(246)) - s2@group-2D0E9D60D8D7-SegmentedRaftLogWorker close()
2022-07-23 19:35:40,405 [java.util.concurrent.ThreadPoolExecutor$Worker@5c701a81[State = -1, empty queue]] INFO  impl.StateMachineUpdater (StateMachineUpdater.java:stopAndJoin(153)) - s1@group-2D0E9D60D8D7-StateMachineUpdater: set stopIndex = 4
2022-07-23 19:35:40,405 [java.util.concurrent.ThreadPoolExecutor$Worker@5c701a81[State = -1, empty queue]] INFO  server.RaftServer$Division (ServerState.java:close(465)) - s1@group-2D0E9D60D8D7: closes. applyIndex: 4
2022-07-23 19:35:40,405 [s1@group-2D0E9D60D8D7-SegmentedRaftLogWorker] INFO  segmented.SegmentedRaftLogWorker (SegmentedRaftLogWorker.java:run(336)) - s1@group-2D0E9D60D8D7-SegmentedRaftLogWorker was interrupted, exiting. There are 0 tasks remaining in the queue.
2022-07-23 19:35:40,405 [java.util.concurrent.ThreadPoolExecutor$Worker@3035a5e2[State = -1, empty queue]] INFO  server.GrpcService (GrpcService.java:closeImpl(271)) - s0: shutdown server org.apache.ratis.grpc.server.GrpcClientProtocolService now
2022-07-23 19:35:40,406 [java.util.concurrent.ThreadPoolExecutor$Worker@3035a5e2[State = -1, empty queue]] INFO  server.GrpcServerProtocolClient (GrpcServerProtocolClient.java:close(110)) - s1 Close channels
2022-07-23 19:35:40,406 [java.util.concurrent.ThreadPoolExecutor$Worker@3035a5e2[State = -1, empty queue]] INFO  server.GrpcServerProtocolClient (GrpcServerProtocolClient.java:close(110)) - s2 Close channels
2022-07-23 19:35:40,407 [java.util.concurrent.ThreadPoolExecutor$Worker@5c701a81[State = -1, empty queue]] INFO  segmented.SegmentedRaftLogWorker (SegmentedRaftLogWorker.java:close(246)) - s1@group-2D0E9D60D8D7-SegmentedRaftLogWorker close()
2022-07-23 19:35:40,408 [java.util.concurrent.ThreadPoolExecutor$Worker@3035a5e2[State = -1, empty queue]] INFO  server.GrpcService (GrpcService.java:closeImpl(280)) - s0: shutdown server org.apache.ratis.grpc.server.GrpcClientProtocolService successfully
2022-07-23 19:35:40,408 [java.util.concurrent.ThreadPoolExecutor$Worker@3035a5e2[State = -1, empty queue]] INFO  server.GrpcService (GrpcService.java:closeImpl(271)) - s0: shutdown server GrpcServerProtocolService now
2022-07-23 19:35:40,409 [java.util.concurrent.ThreadPoolExecutor$Worker@3035a5e2[State = -1, empty queue]] INFO  server.GrpcService (GrpcService.java:closeImpl(280)) - s0: shutdown server GrpcServerProtocolService successfully
2022-07-23 19:35:40,409 [java.util.concurrent.ThreadPoolExecutor$Worker@3035a5e2[State = -1, empty queue]] INFO  server.GrpcService (GrpcService.java:closeImpl(271)) - s0: shutdown server org.apache.ratis.grpc.server.GrpcAdminProtocolService now
2022-07-23 19:35:40,409 [java.util.concurrent.ThreadPoolExecutor$Worker@3035a5e2[State = -1, empty queue]] INFO  server.GrpcService (GrpcService.java:closeImpl(280)) - s0: shutdown server org.apache.ratis.grpc.server.GrpcAdminProtocolService successfully
2022-07-23 19:35:40,410 [org.apache.ratis.util.JvmPauseMonitor$$Lambda$313/980778071@1b54b967] INFO  util.JvmPauseMonitor (JvmPauseMonitor.java:run(109)) - JvmPauseMonitor-s0: Stopped
2022-07-23 19:35:40,412 [java.util.concurrent.ThreadPoolExecutor$Worker@73be0bac[State = -1, empty queue]] INFO  server.GrpcService (GrpcService.java:closeImpl(271)) - s2: shutdown server org.apache.ratis.grpc.server.GrpcClientProtocolService now
2022-07-23 19:35:40,412 [java.util.concurrent.ThreadPoolExecutor$Worker@73be0bac[State = -1, empty queue]] INFO  server.GrpcService (GrpcService.java:closeImpl(280)) - s2: shutdown server org.apache.ratis.grpc.server.GrpcClientProtocolService successfully
2022-07-23 19:35:40,412 [java.util.concurrent.ThreadPoolExecutor$Worker@73be0bac[State = -1, empty queue]] INFO  server.GrpcService (GrpcService.java:closeImpl(271)) - s2: shutdown server GrpcServerProtocolService now
2022-07-23 19:35:40,413 [java.util.concurrent.ThreadPoolExecutor$Worker@73be0bac[State = -1, empty queue]] INFO  server.GrpcService (GrpcService.java:closeImpl(280)) - s2: shutdown server GrpcServerProtocolService successfully
2022-07-23 19:35:40,413 [java.util.concurrent.ThreadPoolExecutor$Worker@73be0bac[State = -1, empty queue]] INFO  server.GrpcService (GrpcService.java:closeImpl(271)) - s2: shutdown server org.apache.ratis.grpc.server.GrpcAdminProtocolService now
2022-07-23 19:35:40,413 [java.util.concurrent.ThreadPoolExecutor$Worker@5c701a81[State = -1, empty queue]] INFO  server.GrpcService (GrpcService.java:closeImpl(271)) - s1: shutdown server org.apache.ratis.grpc.server.GrpcClientProtocolService now
2022-07-23 19:35:40,414 [java.util.concurrent.ThreadPoolExecutor$Worker@73be0bac[State = -1, empty queue]] INFO  server.GrpcService (GrpcService.java:closeImpl(280)) - s2: shutdown server org.apache.ratis.grpc.server.GrpcAdminProtocolService successfully
2022-07-23 19:35:40,414 [java.util.concurrent.ThreadPoolExecutor$Worker@5c701a81[State = -1, empty queue]] INFO  server.GrpcServerProtocolClient (GrpcServerProtocolClient.java:close(110)) - s0 Close channels
2022-07-23 19:35:40,414 [org.apache.ratis.util.JvmPauseMonitor$$Lambda$313/980778071@1cc337e5] INFO  util.JvmPauseMonitor (JvmPauseMonitor.java:run(109)) - JvmPauseMonitor-s2: Stopped
2022-07-23 19:35:40,415 [java.util.concurrent.ThreadPoolExecutor$Worker@5c701a81[State = -1, empty queue]] INFO  server.GrpcServerProtocolClient (GrpcServerProtocolClient.java:close(110)) - s2 Close channels
2022-07-23 19:35:40,415 [java.util.concurrent.ThreadPoolExecutor$Worker@5c701a81[State = -1, empty queue]] INFO  server.GrpcService (GrpcService.java:closeImpl(280)) - s1: shutdown server org.apache.ratis.grpc.server.GrpcClientProtocolService successfully
2022-07-23 19:35:40,415 [java.util.concurrent.ThreadPoolExecutor$Worker@5c701a81[State = -1, empty queue]] INFO  server.GrpcService (GrpcService.java:closeImpl(271)) - s1: shutdown server GrpcServerProtocolService now
2022-07-23 19:35:40,416 [java.util.concurrent.ThreadPoolExecutor$Worker@5c701a81[State = -1, empty queue]] INFO  server.GrpcService (GrpcService.java:closeImpl(280)) - s1: shutdown server GrpcServerProtocolService successfully
2022-07-23 19:35:40,416 [java.util.concurrent.ThreadPoolExecutor$Worker@5c701a81[State = -1, empty queue]] INFO  server.GrpcService (GrpcService.java:closeImpl(271)) - s1: shutdown server org.apache.ratis.grpc.server.GrpcAdminProtocolService now
2022-07-23 19:35:40,416 [java.util.concurrent.ThreadPoolExecutor$Worker@5c701a81[State = -1, empty queue]] INFO  server.GrpcService (GrpcService.java:closeImpl(280)) - s1: shutdown server org.apache.ratis.grpc.server.GrpcAdminProtocolService successfully
2022-07-23 19:35:40,416 [org.apache.ratis.util.JvmPauseMonitor$$Lambda$313/980778071@7f3de01f] INFO  util.JvmPauseMonitor (JvmPauseMonitor.java:run(109)) - JvmPauseMonitor-s1: Stopped
]]></system-out>
  </testcase>
  <testcase name="testNoRetryWaitOnNotLeaderException" classname="org.apache.ratis.grpc.TestRaftAsyncWithGrpc" time="0.61">
    <failure message="Unexpected exit." type="java.lang.AssertionError">java.lang.AssertionError: Unexpected exit.
	at org.apache.ratis.util.ExitUtils.assertNotTerminated(ExitUtils.java:109)
	at org.apache.ratis.BaseTest.assertNoFailures(BaseTest.java:89)
	at sun.reflect.NativeMethodAccessorImpl.invoke0(Native Method)
	at sun.reflect.NativeMethodAccessorImpl.invoke(NativeMethodAccessorImpl.java:62)
	at sun.reflect.DelegatingMethodAccessorImpl.invoke(DelegatingMethodAccessorImpl.java:43)
	at java.lang.reflect.Method.invoke(Method.java:498)
	at org.junit.runners.model.FrameworkMethod$1.runReflectiveCall(FrameworkMethod.java:59)
	at org.junit.internal.runners.model.ReflectiveCallable.run(ReflectiveCallable.java:12)
	at org.junit.runners.model.FrameworkMethod.invokeExplosively(FrameworkMethod.java:56)
	at org.junit.internal.runners.statements.RunAfters.invokeMethod(RunAfters.java:46)
	at org.junit.internal.runners.statements.RunAfters.evaluate(RunAfters.java:33)
	at org.junit.internal.runners.statements.FailOnTimeout$CallableStatement.call(FailOnTimeout.java:299)
	at org.junit.internal.runners.statements.FailOnTimeout$CallableStatement.call(FailOnTimeout.java:293)
	at java.util.concurrent.FutureTask.run(FutureTask.java:266)
	at java.lang.Thread.run(Thread.java:750)
Caused by: org.apache.ratis.util.ExitUtils$ExitException: Failed to kill/restart server: s0
	at org.apache.ratis.util.ExitUtils.terminate(ExitUtils.java:141)
	at org.apache.ratis.util.ExitUtils.terminate(ExitUtils.java:151)
	at org.apache.ratis.RaftBasicTests.lambda$killAndRestartServer$2(RaftBasicTests.java:109)
	... 1 more
Caused by: java.lang.IllegalStateException: ILLEGAL TRANSITION: In s0-RaftServerProxy, CLOSED -> EXCEPTION
	at org.apache.ratis.util.Preconditions.assertTrue(Preconditions.java:60)
	at org.apache.ratis.util.LifeCycle$State.validate(LifeCycle.java:121)
	at org.apache.ratis.util.LifeCycle.transition(LifeCycle.java:164)
	at org.apache.ratis.util.LifeCycle.startAndTransition(LifeCycle.java:273)
	at org.apache.ratis.server.impl.RaftServerProxy.start(RaftServerProxy.java:379)
	at org.apache.ratis.server.impl.MiniRaftCluster.restartServer(MiniRaftCluster.java:330)
	at org.apache.ratis.server.impl.MiniRaftCluster.restartServer(MiniRaftCluster.java:322)
	at org.apache.ratis.RaftBasicTests.lambda$killAndRestartServer$2(RaftBasicTests.java:106)
	... 1 more
</failure>
  </testcase>
  <testcase name="testRequestAsyncWithRetryFailureAfterInitialMessages" classname="org.apache.ratis.grpc.TestRaftAsyncWithGrpc" time="1.643">
    <failure message="Unexpected exit." type="java.lang.AssertionError">java.lang.AssertionError: Unexpected exit.
	at org.apache.ratis.util.ExitUtils.assertNotTerminated(ExitUtils.java:109)
	at org.apache.ratis.server.impl.MiniRaftCluster.shutdown(MiniRaftCluster.java:800)
	at org.apache.ratis.server.impl.MiniRaftCluster$Factory$Get.runWithNewCluster(MiniRaftCluster.java:131)
	at org.apache.ratis.RaftAsyncTests.runTestRequestAsyncWithRetryFailure(RaftAsyncTests.java:126)
	at org.apache.ratis.RaftAsyncTests.testRequestAsyncWithRetryFailureAfterInitialMessages(RaftAsyncTests.java:121)
	at sun.reflect.NativeMethodAccessorImpl.invoke0(Native Method)
	at sun.reflect.NativeMethodAccessorImpl.invoke(NativeMethodAccessorImpl.java:62)
	at sun.reflect.DelegatingMethodAccessorImpl.invoke(DelegatingMethodAccessorImpl.java:43)
	at java.lang.reflect.Method.invoke(Method.java:498)
	at org.junit.runners.model.FrameworkMethod$1.runReflectiveCall(FrameworkMethod.java:59)
	at org.junit.internal.runners.model.ReflectiveCallable.run(ReflectiveCallable.java:12)
	at org.junit.runners.model.FrameworkMethod.invokeExplosively(FrameworkMethod.java:56)
	at org.junit.internal.runners.statements.InvokeMethod.evaluate(InvokeMethod.java:17)
	at org.junit.internal.runners.statements.RunAfters.evaluate(RunAfters.java:27)
	at org.junit.internal.runners.statements.FailOnTimeout$CallableStatement.call(FailOnTimeout.java:299)
	at org.junit.internal.runners.statements.FailOnTimeout$CallableStatement.call(FailOnTimeout.java:293)
	at java.util.concurrent.FutureTask.run(FutureTask.java:266)
	at java.lang.Thread.run(Thread.java:750)
Caused by: org.apache.ratis.util.ExitUtils$ExitException: Failed to kill/restart server: s0
	at org.apache.ratis.util.ExitUtils.terminate(ExitUtils.java:141)
	at org.apache.ratis.util.ExitUtils.terminate(ExitUtils.java:151)
	at org.apache.ratis.RaftBasicTests.lambda$killAndRestartServer$2(RaftBasicTests.java:109)
	... 1 more
Caused by: java.lang.IllegalStateException: ILLEGAL TRANSITION: In s0-RaftServerProxy, CLOSED -> EXCEPTION
	at org.apache.ratis.util.Preconditions.assertTrue(Preconditions.java:60)
	at org.apache.ratis.util.LifeCycle$State.validate(LifeCycle.java:121)
	at org.apache.ratis.util.LifeCycle.transition(LifeCycle.java:164)
	at org.apache.ratis.util.LifeCycle.startAndTransition(LifeCycle.java:273)
	at org.apache.ratis.server.impl.RaftServerProxy.start(RaftServerProxy.java:379)
	at org.apache.ratis.server.impl.MiniRaftCluster.restartServer(MiniRaftCluster.java:330)
	at org.apache.ratis.server.impl.MiniRaftCluster.restartServer(MiniRaftCluster.java:322)
	at org.apache.ratis.RaftBasicTests.lambda$killAndRestartServer$2(RaftBasicTests.java:106)
	... 1 more
</failure>
    <system-out><![CDATA[2022-07-23 19:35:40,418 [main] INFO  util.LogUtils (Log4jUtils.java:setLogLevel(32)) - Set org.apache.ratis.conf.ConfUtils log level to WARN
2022-07-23 19:35:40,418 [main] INFO  util.LogUtils (Log4jUtils.java:setLogLevel(32)) - Set org.apache.ratis.util.FileUtils log level to TRACE
2022-07-23 19:35:40,418 [main] INFO  util.LogUtils (Log4jUtils.java:setLogLevel(32)) - Set org.apache.ratis.server.RaftServer$Division log level to DEBUG
2022-07-23 19:35:40,418 [main] INFO  util.LogUtils (Log4jUtils.java:setLogLevel(32)) - Set org.apache.ratis.client.RaftClient log level to DEBUG
2022-07-23 19:35:40,419 [Time-limited test] INFO  impl.MiniRaftCluster (MiniRaftCluster.java:runWithNewCluster(119)) - Running runTestRequestAsyncWithRetryFailure
2022-07-23 19:35:40,419 [Time-limited test] INFO  impl.MiniRaftCluster (MiniRaftCluster.java:<init>(272)) - new MiniRaftClusterWithGrpc with group-2C6CC0A4AD38:[s0|rpc:localhost:46507|admin:localhost:37389|client:localhost:34157|dataStream:localhost:44231|priority:0|startupRole:FOLLOWER]
2022-07-23 19:35:40,419 [Time-limited test] INFO  impl.MiniRaftCluster (MiniRaftCluster.java:start(305)) - .............................................................. 
2022-07-23 19:35:40,419 [Time-limited test] INFO  impl.MiniRaftCluster (MiniRaftCluster.java:start(306)) - ... 
2022-07-23 19:35:40,419 [Time-limited test] INFO  impl.MiniRaftCluster (MiniRaftCluster.java:start(307)) - ...     Starting MiniRaftClusterWithGrpc
2022-07-23 19:35:40,419 [Time-limited test] INFO  impl.MiniRaftCluster (MiniRaftCluster.java:start(308)) - ... 
2022-07-23 19:35:40,419 [Time-limited test] INFO  impl.MiniRaftCluster (MiniRaftCluster.java:start(309)) - .............................................................. 
2022-07-23 19:35:40,419 [Time-limited test] INFO  impl.MiniRaftCluster (MiniRaftCluster.java:initServers(284)) - servers = {}
2022-07-23 19:35:40,419 [Time-limited test] INFO  impl.MiniRaftCluster (MiniRaftCluster.java:newRaftServer(348)) - newRaftServer: s0, group-2C6CC0A4AD38:[s0|rpc:localhost:46507|admin:localhost:37389|client:localhost:34157|dataStream:localhost:44231|priority:0|startupRole:FOLLOWER], format? true
2022-07-23 19:35:40,420 [Time-limited test] TRACE util.FileUtils (FileUtils.java:deleteFully(162)) - deleteFully target/test/data/11cf776f/MiniRaftClusterWithGrpcad8c92b3/s0
2022-07-23 19:35:40,420 [Time-limited test] TRACE util.FileUtils (FileUtils.java:deleteFully(178)) - deleteFully: target/test/data/11cf776f/MiniRaftClusterWithGrpcad8c92b3/s0 does not exist.
2022-07-23 19:35:40,420 [Time-limited test] INFO  impl.MiniRaftCluster (MiniRaftCluster.java:newRaftServer(353)) - Formatted directory target/test/data/11cf776f/MiniRaftClusterWithGrpcad8c92b3/s0
2022-07-23 19:35:40,420 [Time-limited test] INFO  server.RaftServer (ConfUtils.java:logGet(46)) - raft.rpc.type = GRPC (default)
2022-07-23 19:35:40,420 [Time-limited test] INFO  grpc.GrpcConfigKeys (ConfUtils.java:logGet(46)) - raft.grpc.admin.port = 37389 (custom)
2022-07-23 19:35:40,420 [Time-limited test] INFO  grpc.GrpcConfigKeys (ConfUtils.java:logGet(46)) - raft.grpc.client.port = 34157 (custom)
2022-07-23 19:35:40,421 [Time-limited test] INFO  grpc.GrpcConfigKeys (ConfUtils.java:logGet(46)) - raft.grpc.server.port = 46507 (custom)
2022-07-23 19:35:40,421 [Time-limited test] INFO  server.GrpcService (ConfUtils.java:logGet(46)) - raft.grpc.message.size.max = 64MB (=67108864) (default)
2022-07-23 19:35:40,421 [Time-limited test] INFO  server.RaftServerConfigKeys (ConfUtils.java:logGet(46)) - raft.server.log.appender.buffer.byte-limit = 4MB (=4194304) (default)
2022-07-23 19:35:40,421 [Time-limited test] INFO  server.GrpcService (ConfUtils.java:logGet(46)) - raft.grpc.flow.control.window = 1MB (=1048576) (default)
2022-07-23 19:35:40,421 [Time-limited test] INFO  server.RaftServerConfigKeys (ConfUtils.java:logGet(46)) - raft.server.rpc.request.timeout = 3000ms (default)
2022-07-23 19:35:40,421 [Time-limited test] INFO  grpc.GrpcConfigKeys (ConfUtils.java:logGet(46)) - raft.grpc.server.heartbeat.channel = true (default)
2022-07-23 19:35:40,421 [Time-limited test] INFO  grpc.GrpcConfigKeys (ConfUtils.java:logGet(46)) - raft.grpc.server.async.request.thread.pool.cached = true (default)
2022-07-23 19:35:40,421 [Time-limited test] INFO  grpc.GrpcConfigKeys (ConfUtils.java:logGet(46)) - raft.grpc.server.async.request.thread.pool.size = 32 (default)
2022-07-23 19:35:40,422 [Time-limited test] INFO  impl.DataStreamServerImpl (ConfUtils.java:logGet(46)) - raft.datastream.type = DISABLED (default)
2022-07-23 19:35:40,422 [Time-limited test] INFO  server.RaftServerConfigKeys (ConfUtils.java:logGet(46)) - raft.server.threadpool.proxy.cached = true (default)
2022-07-23 19:35:40,422 [Time-limited test] INFO  server.RaftServerConfigKeys (ConfUtils.java:logGet(46)) - raft.server.threadpool.proxy.size = 0 (default)
2022-07-23 19:35:40,422 [Time-limited test] INFO  server.RaftServerConfigKeys (ConfUtils.java:logGet(46)) - raft.server.rpc.slowness.timeout = 60s (default)
2022-07-23 19:35:40,422 [Time-limited test] INFO  server.RaftServerConfigKeys (ConfUtils.java:logGet(46)) - raft.server.leaderelection.leader.step-down.wait-time = 10s (default)
2022-07-23 19:35:40,423 [Time-limited test] INFO  server.RaftServerConfigKeys (ConfUtils.java:logGet(46)) - raft.server.storage.dir = [/home/runner/work/ratis/ratis/ratis-test/target/test/data/11cf776f/MiniRaftClusterWithGrpcad8c92b3/s0] (custom)
2022-07-23 19:35:40,423 [Time-limited test] INFO  server.RaftServer (RaftServerProxy.java:addNew(96)) - s0: addNew group-2C6CC0A4AD38:[s0|rpc:localhost:46507|admin:localhost:37389|client:localhost:34157|dataStream:localhost:44231|priority:0|startupRole:FOLLOWER] returns group-2C6CC0A4AD38:java.util.concurrent.CompletableFuture@4308ed7[Not completed]
2022-07-23 19:35:40,423 [pool-44-thread-1] INFO  server.RaftServerConfigKeys (ConfUtils.java:logGet(46)) - raft.server.log.segment.size.max = 8MB (=8388608) (default)
2022-07-23 19:35:40,424 [pool-44-thread-1] INFO  server.RaftServerConfigKeys (ConfUtils.java:logGet(46)) - raft.server.log.preallocated.size = 4MB (=4194304) (default)
2022-07-23 19:35:40,424 [pool-44-thread-1] INFO  server.RaftServerConfigKeys (ConfUtils.java:logGet(46)) - raft.server.log.write.buffer.size = 64KB (=65536) (default)
2022-07-23 19:35:40,424 [pool-44-thread-1] INFO  server.RaftServer$Division (RaftServerImpl.java:<init>(192)) - s0: new RaftServerImpl for group-2C6CC0A4AD38:[s0|rpc:localhost:46507|admin:localhost:37389|client:localhost:34157|dataStream:localhost:44231|priority:0|startupRole:FOLLOWER] with SimpleStateMachine4Testing:uninitialized
2022-07-23 19:35:40,424 [pool-44-thread-1] INFO  server.RaftServerConfigKeys (ConfUtils.java:logGet(46)) - raft.server.rpc.timeout.min = 150ms (default)
2022-07-23 19:35:40,424 [pool-44-thread-1] INFO  server.RaftServerConfigKeys (ConfUtils.java:logGet(46)) - raft.server.rpc.timeout.max = 300ms (default)
2022-07-23 19:35:40,424 [pool-44-thread-1] INFO  server.RaftServerConfigKeys (ConfUtils.java:logGet(46)) - raft.server.rpc.sleep.time = 25ms (default)
2022-07-23 19:35:40,424 [pool-44-thread-1] INFO  server.RaftServerConfigKeys (ConfUtils.java:logGet(46)) - raft.server.rpc.slowness.timeout = 60s (default)
2022-07-23 19:35:40,424 [pool-44-thread-1] INFO  server.RaftServerConfigKeys (ConfUtils.java:logGet(46)) - raft.server.leaderelection.leader.step-down.wait-time = 10s (default)
2022-07-23 19:35:40,424 [pool-44-thread-1] INFO  server.RaftServerConfigKeys (ConfUtils.java:logGet(46)) - raft.server.sleep.deviation.threshold = 300ms (default)
2022-07-23 19:35:40,424 [pool-44-thread-1] INFO  server.RaftServer$Division (ServerState.java:<init>(118)) - s0@group-2C6CC0A4AD38: ConfigurationManager, init=-1: peers:[s0|rpc:localhost:46507|admin:localhost:37389|client:localhost:34157|dataStream:localhost:44231|priority:0|startupRole:FOLLOWER]|listeners:[], old=null, confs=<EMPTY_MAP>
2022-07-23 19:35:40,424 [pool-44-thread-1] INFO  server.RaftServerConfigKeys (ConfUtils.java:logGet(46)) - raft.server.storage.dir = [/home/runner/work/ratis/ratis/ratis-test/target/test/data/11cf776f/MiniRaftClusterWithGrpcad8c92b3/s0] (custom)
2022-07-23 19:35:40,424 [pool-44-thread-1] INFO  server.RaftServerConfigKeys (ConfUtils.java:logGet(46)) - raft.server.log.corruption.policy = EXCEPTION (default)
2022-07-23 19:35:40,424 [pool-44-thread-1] INFO  server.RaftServerConfigKeys (ConfUtils.java:logGet(46)) - raft.server.storage.free-space.min = 0MB (=0) (default)
2022-07-23 19:35:40,427 [pool-44-thread-1] INFO  server.RaftServerConfigKeys (ConfUtils.java:logGet(46)) - raft.server.notification.no-leader.timeout = 60s (default)
2022-07-23 19:35:40,427 [pool-44-thread-1] INFO  server.RaftServerConfigKeys (ConfUtils.java:logGet(46)) - raft.server.retrycache.expirytime = 60s (default)
2022-07-23 19:35:40,427 [pool-44-thread-1] INFO  server.RaftServerConfigKeys (ConfUtils.java:logGet(46)) - raft.server.retrycache.statistics.expirytime = 100μs (default)
2022-07-23 19:35:40,427 [pool-44-thread-1] INFO  server.RaftServerConfigKeys (ConfUtils.java:logGet(46)) - raft.server.log.appender.install.snapshot.enabled = true (default)
2022-07-23 19:35:40,427 [pool-44-thread-1] INFO  server.RaftServerConfigKeys (ConfUtils.java:logGet(46)) - raft.server.threadpool.server.cached = true (default)
2022-07-23 19:35:40,427 [pool-44-thread-1] INFO  server.RaftServerConfigKeys (ConfUtils.java:logGet(46)) - raft.server.threadpool.server.size = 0 (default)
2022-07-23 19:35:40,427 [pool-44-thread-1] INFO  server.RaftServerConfigKeys (ConfUtils.java:logGet(46)) - raft.server.threadpool.client.cached = true (default)
2022-07-23 19:35:40,428 [pool-44-thread-1] INFO  server.RaftServerConfigKeys (ConfUtils.java:logGet(46)) - raft.server.threadpool.client.size = 0 (default)
2022-07-23 19:35:40,428 [s0-impl-thread1] INFO  storage.RaftStorageDirectory (RaftStorageDirectoryImpl.java:analyzeStorage(137)) - The storage directory /home/runner/work/ratis/ratis/ratis-test/target/test/data/11cf776f/MiniRaftClusterWithGrpcad8c92b3/s0/25a57c2a-c19b-40a1-9f70-2c6cc0a4ad38 does not exist. Creating ...
2022-07-23 19:35:40,428 [s0-impl-thread1] TRACE util.FileUtils (LogUtils.java:runAndLog(49)) - Successfully ran Files.createDirectories /home/runner/work/ratis/ratis/ratis-test/target/test/data/11cf776f/MiniRaftClusterWithGrpcad8c92b3/s0/25a57c2a-c19b-40a1-9f70-2c6cc0a4ad38
2022-07-23 19:35:40,430 [s0-impl-thread1] INFO  storage.RaftStorageDirectory (RaftStorageDirectoryImpl.java:tryLock(231)) - Lock on /home/runner/work/ratis/ratis/ratis-test/target/test/data/11cf776f/MiniRaftClusterWithGrpcad8c92b3/s0/25a57c2a-c19b-40a1-9f70-2c6cc0a4ad38/in_use.lock acquired by nodename 4352@fv-az121-604.oisc35kgwdsevnec4nnef0ad5h.cx.internal.cloudapp.net
2022-07-23 19:35:40,430 [s0-impl-thread1] TRACE util.FileUtils (LogUtils.java:runAndLog(49)) - Successfully ran Files.createDirectories /home/runner/work/ratis/ratis/ratis-test/target/test/data/11cf776f/MiniRaftClusterWithGrpcad8c92b3/s0/25a57c2a-c19b-40a1-9f70-2c6cc0a4ad38/current
2022-07-23 19:35:40,430 [s0-impl-thread1] TRACE util.FileUtils (LogUtils.java:runAndLog(49)) - Successfully ran Files.createDirectories /home/runner/work/ratis/ratis/ratis-test/target/test/data/11cf776f/MiniRaftClusterWithGrpcad8c92b3/s0/25a57c2a-c19b-40a1-9f70-2c6cc0a4ad38/sm
2022-07-23 19:35:40,432 [s0-impl-thread1] INFO  storage.RaftStorage (RaftStorageImpl.java:format(96)) - Storage directory /home/runner/work/ratis/ratis/ratis-test/target/test/data/11cf776f/MiniRaftClusterWithGrpcad8c92b3/s0/25a57c2a-c19b-40a1-9f70-2c6cc0a4ad38 has been successfully formatted.
2022-07-23 19:35:40,432 [s0-impl-thread1] INFO  statemachine.SimpleStateMachine4Testing (SimpleStateMachine4Testing.java:initialize(212)) - Initializing SimpleStateMachine4Testing:uninitialized
2022-07-23 19:35:40,432 [s0-impl-thread1] INFO  statemachine.SimpleStateMachine4Testing (SimpleStateMachine4Testing.java:loadSnapshot(306)) - The snapshot file null does not exist
2022-07-23 19:35:40,432 [s0-impl-thread1] INFO  server.RaftServerConfigKeys (ConfUtils.java:logGet(46)) - raft.server.log.use.memory = false (default)
2022-07-23 19:35:40,432 [s0-impl-thread1] INFO  server.RaftServerConfigKeys (ConfUtils.java:logGet(46)) - raft.server.log.purge.gap = 1024 (default)
2022-07-23 19:35:40,432 [s0-impl-thread1] INFO  server.RaftServerConfigKeys (ConfUtils.java:logGet(46)) - raft.server.log.appender.buffer.byte-limit = 4MB (=4194304) (default)
2022-07-23 19:35:40,432 [s0-impl-thread1] INFO  server.RaftServerConfigKeys (ConfUtils.java:logGet(46)) - raft.server.log.statemachine.data.read.timeout = 1000ms (default)
2022-07-23 19:35:40,432 [s0-impl-thread1] INFO  server.RaftServerConfigKeys (ConfUtils.java:logGet(46)) - raft.server.log.segment.size.max = 8MB (=8388608) (default)
2022-07-23 19:35:40,432 [s0-impl-thread1] INFO  server.RaftServerConfigKeys (ConfUtils.java:logGet(46)) - raft.server.log.segment.cache.num.max = 6 (default)
2022-07-23 19:35:40,433 [s0-impl-thread1] INFO  server.RaftServerConfigKeys (ConfUtils.java:logGet(46)) - raft.server.log.segment.cache.size.max = 200MB (=209715200) (default)
2022-07-23 19:35:40,433 [s0-impl-thread1] INFO  segmented.SegmentedRaftLogWorker (SegmentedRaftLogWorker.java:<init>(187)) - new s0@group-2C6CC0A4AD38-SegmentedRaftLogWorker for RaftStorageImpl:Storage Directory /home/runner/work/ratis/ratis/ratis-test/target/test/data/11cf776f/MiniRaftClusterWithGrpcad8c92b3/s0/25a57c2a-c19b-40a1-9f70-2c6cc0a4ad38
2022-07-23 19:35:40,433 [s0-impl-thread1] INFO  server.RaftServerConfigKeys (ConfUtils.java:logGet(46)) - raft.server.log.queue.byte-limit = 64MB (=67108864) (default)
2022-07-23 19:35:40,433 [s0-impl-thread1] INFO  server.RaftServerConfigKeys (ConfUtils.java:logGet(46)) - raft.server.log.queue.element-limit = 4096 (default)
2022-07-23 19:35:40,433 [s0-impl-thread1] INFO  server.RaftServerConfigKeys (ConfUtils.java:logGet(46)) - raft.server.log.segment.size.max = 8MB (=8388608) (default)
2022-07-23 19:35:40,433 [s0-impl-thread1] INFO  server.RaftServerConfigKeys (ConfUtils.java:logGet(46)) - raft.server.log.preallocated.size = 4MB (=4194304) (default)
2022-07-23 19:35:40,433 [s0-impl-thread1] INFO  server.RaftServerConfigKeys (ConfUtils.java:logGet(46)) - raft.server.log.force.sync.num = 128 (default)
2022-07-23 19:35:40,433 [s0-impl-thread1] INFO  server.RaftServerConfigKeys (ConfUtils.java:logGet(46)) - raft.server.log.statemachine.data.sync = true (default)
2022-07-23 19:35:40,433 [s0-impl-thread1] INFO  server.RaftServerConfigKeys (ConfUtils.java:logGet(46)) - raft.server.log.statemachine.data.sync.timeout = 10s (default)
2022-07-23 19:35:40,433 [s0-impl-thread1] INFO  server.RaftServerConfigKeys (ConfUtils.java:logGet(46)) - raft.server.log.statemachine.data.sync.timeout.retry = -1 (default)
2022-07-23 19:35:40,433 [s0-impl-thread1] INFO  server.RaftServerConfigKeys (ConfUtils.java:logGet(46)) - raft.server.log.write.buffer.size = 64KB (=65536) (default)
2022-07-23 19:35:40,433 [s0-impl-thread1] INFO  server.RaftServerConfigKeys (ConfUtils.java:logGet(46)) - raft.server.log.unsafe-flush.enabled = false (default)
2022-07-23 19:35:40,434 [s0-impl-thread1] INFO  server.RaftServerConfigKeys (ConfUtils.java:logGet(46)) - raft.server.log.statemachine.data.caching.enabled = false (default)
2022-07-23 19:35:40,434 [s0-impl-thread1] INFO  segmented.SegmentedRaftLogWorker (SegmentedRaftLogWorker.java:lambda$new$0(135)) - s0@group-2C6CC0A4AD38-SegmentedRaftLogWorker: flushIndex: setUnconditionally 0 -> -1
2022-07-23 19:35:40,434 [s0-impl-thread1] INFO  segmented.SegmentedRaftLogWorker (SegmentedRaftLogWorker.java:lambda$new$0(135)) - s0@group-2C6CC0A4AD38-SegmentedRaftLogWorker: safeCacheEvictIndex: setUnconditionally 0 -> -1
2022-07-23 19:35:40,439 [s0-impl-thread1] INFO  server.RaftServer$Division (RaftServerImpl.java:start(314)) - s0@group-2C6CC0A4AD38: start as a follower, conf=-1: peers:[s0|rpc:localhost:46507|admin:localhost:37389|client:localhost:34157|dataStream:localhost:44231|priority:0|startupRole:FOLLOWER]|listeners:[], old=null
2022-07-23 19:35:40,439 [s0-impl-thread1] INFO  server.RaftServer$Division (RaftServerImpl.java:setRole(301)) - s0@group-2C6CC0A4AD38: changes role from      null to FOLLOWER at term 0 for startAsFollower
2022-07-23 19:35:40,439 [s0-impl-thread1] INFO  impl.RoleInfo (RoleInfo.java:updateAndGet(139)) - s0: start s0@group-2C6CC0A4AD38-FollowerState
2022-07-23 19:35:40,447 [s0-impl-thread1] INFO  util.JmxRegister (JmxRegister.java:tryRegister(44)) - Successfully registered JMX Bean with object name Ratis:service=RaftServer,group=group-2C6CC0A4AD38,id=s0
2022-07-23 19:35:40,447 [s0-impl-thread1] INFO  server.RaftServerConfigKeys (ConfUtils.java:logGet(46)) - raft.server.snapshot.auto.trigger.enabled = false (default)
2022-07-23 19:35:40,447 [s0-impl-thread1] INFO  server.RaftServerConfigKeys (ConfUtils.java:logGet(46)) - raft.server.snapshot.retention.file.num = -1 (default)
2022-07-23 19:35:40,447 [s0-impl-thread1] INFO  server.RaftServerConfigKeys (ConfUtils.java:logGet(46)) - raft.server.log.purge.upto.snapshot.index = false (default)
2022-07-23 19:35:40,455 [Time-limited test] INFO  server.RaftServer (RaftServerProxy.java:startImpl(385)) - s0: start RPC server
2022-07-23 19:35:40,455 [Time-limited test] INFO  server.GrpcService (GrpcService.java:startImpl(262)) - s0: GrpcService started, listening on 34157
2022-07-23 19:35:40,456 [Time-limited test] INFO  server.GrpcService (GrpcService.java:startImpl(262)) - s0: GrpcService started, listening on 46507
2022-07-23 19:35:40,456 [Time-limited test] INFO  server.GrpcService (GrpcService.java:startImpl(262)) - s0: GrpcService started, listening on 37389
2022-07-23 19:35:40,456 [org.apache.ratis.util.JvmPauseMonitor$$Lambda$313/980778071@41321035] INFO  util.JvmPauseMonitor (JvmPauseMonitor.java:run(103)) - JvmPauseMonitor-s0: Started
2022-07-23 19:35:40,459 [Time-limited test] DEBUG client.RaftClient (ConfUtils.java:logGet(46)) - raft.rpc.type = GRPC (default)
2022-07-23 19:35:40,459 [Time-limited test] INFO  server.RaftServerConfigKeys (ConfUtils.java:logGet(46)) - raft.server.rpc.timeout.max = 300ms (default)
2022-07-23 19:35:40,459 [Time-limited test] INFO  ratis.RaftTestUtil (RaftTestUtil.java:waitForLeader(100)) - printing ALL groups
  s0:  RUNNING  FOLLOWER s0@group-2C6CC0A4AD38:t0, leader=null, voted=, raftlog=Memoized:s0@group-2C6CC0A4AD38-SegmentedRaftLog:OPENED:c-1, conf=-1: peers:[s0|rpc:localhost:46507|admin:localhost:37389|client:localhost:34157|dataStream:localhost:44231|priority:0|startupRole:FOLLOWER]|listeners:[], old=null RUNNING
2022-07-23 19:35:40,459 [Time-limited test] WARN  ratis.RaftTestUtil (JavaUtils.java:attempt(172)) - FAILED "waitForLeader-null-(expectLeader? true)", attempt #1/100: java.lang.IllegalStateException: No leader yet : printing ALL groups
  s0:  RUNNING  FOLLOWER s0@group-2C6CC0A4AD38:t0, leader=null, voted=, raftlog=Memoized:s0@group-2C6CC0A4AD38-SegmentedRaftLog:OPENED:c-1, conf=-1: peers:[s0|rpc:localhost:46507|admin:localhost:37389|client:localhost:34157|dataStream:localhost:44231|priority:0|startupRole:FOLLOWER]|listeners:[], old=null RUNNING, sleep 450ms and then retry.
java.lang.IllegalStateException: No leader yet : printing ALL groups
  s0:  RUNNING  FOLLOWER s0@group-2C6CC0A4AD38:t0, leader=null, voted=, raftlog=Memoized:s0@group-2C6CC0A4AD38-SegmentedRaftLog:OPENED:c-1, conf=-1: peers:[s0|rpc:localhost:46507|admin:localhost:37389|client:localhost:34157|dataStream:localhost:44231|priority:0|startupRole:FOLLOWER]|listeners:[], old=null RUNNING
	at org.apache.ratis.server.impl.MiniRaftCluster.newIllegalStateExceptionForNoLeaders(MiniRaftCluster.java:534)
	at org.apache.ratis.RaftTestUtil.lambda$waitForLeader$1(RaftTestUtil.java:104)
	at org.apache.ratis.server.impl.MiniRaftCluster.getLeader(MiniRaftCluster.java:568)
	at org.apache.ratis.server.impl.MiniRaftCluster.getLeader(MiniRaftCluster.java:561)
	at org.apache.ratis.RaftTestUtil.lambda$waitForLeader$3(RaftTestUtil.java:112)
	at org.apache.ratis.util.JavaUtils.attempt(JavaUtils.java:166)
	at org.apache.ratis.util.JavaUtils.attemptRepeatedly(JavaUtils.java:152)
	at org.apache.ratis.RaftTestUtil.waitForLeader(RaftTestUtil.java:111)
	at org.apache.ratis.RaftTestUtil.waitForLeader(RaftTestUtil.java:92)
	at org.apache.ratis.RaftTestUtil.waitForLeader(RaftTestUtil.java:87)
	at org.apache.ratis.RaftAsyncTests.runTestRequestAsyncWithRetryFailure(RaftAsyncTests.java:138)
	at org.apache.ratis.RaftAsyncTests.lambda$runTestRequestAsyncWithRetryFailure$0(RaftAsyncTests.java:126)
	at org.apache.ratis.server.impl.MiniRaftCluster$Factory$Get.runWithNewCluster(MiniRaftCluster.java:125)
	at org.apache.ratis.RaftAsyncTests.runTestRequestAsyncWithRetryFailure(RaftAsyncTests.java:126)
	at org.apache.ratis.RaftAsyncTests.testRequestAsyncWithRetryFailureAfterInitialMessages(RaftAsyncTests.java:121)
	at sun.reflect.NativeMethodAccessorImpl.invoke0(Native Method)
	at sun.reflect.NativeMethodAccessorImpl.invoke(NativeMethodAccessorImpl.java:62)
	at sun.reflect.DelegatingMethodAccessorImpl.invoke(DelegatingMethodAccessorImpl.java:43)
	at java.lang.reflect.Method.invoke(Method.java:498)
	at org.junit.runners.model.FrameworkMethod$1.runReflectiveCall(FrameworkMethod.java:59)
	at org.junit.internal.runners.model.ReflectiveCallable.run(ReflectiveCallable.java:12)
	at org.junit.runners.model.FrameworkMethod.invokeExplosively(FrameworkMethod.java:56)
	at org.junit.internal.runners.statements.InvokeMethod.evaluate(InvokeMethod.java:17)
	at org.junit.internal.runners.statements.RunAfters.evaluate(RunAfters.java:27)
	at org.junit.internal.runners.statements.FailOnTimeout$CallableStatement.call(FailOnTimeout.java:299)
	at org.junit.internal.runners.statements.FailOnTimeout$CallableStatement.call(FailOnTimeout.java:293)
	at java.util.concurrent.FutureTask.run(FutureTask.java:266)
	at java.lang.Thread.run(Thread.java:750)
2022-07-23 19:35:40,572 [s0@group-1D19F5312903-FollowerState] INFO  impl.FollowerState (FollowerState.java:run(143)) - s0@group-1D19F5312903-FollowerState: change to CANDIDATE, lastRpcElapsedTime:241897295ns, electionTimeout:237ms
2022-07-23 19:35:40,572 [s0@group-1D19F5312903-FollowerState] INFO  impl.RoleInfo (RoleInfo.java:shutdownFollowerState(110)) - s0: shutdown s0@group-1D19F5312903-FollowerState
2022-07-23 19:35:40,572 [s0@group-1D19F5312903-FollowerState] INFO  server.RaftServer$Division (RaftServerImpl.java:setRole(301)) - s0@group-1D19F5312903: changes role from  FOLLOWER to CANDIDATE at term 1 for changeToCandidate
2022-07-23 19:35:40,572 [s0@group-1D19F5312903-FollowerState] INFO  server.RaftServerConfigKeys (ConfUtils.java:logGet(46)) - raft.server.leaderelection.pre-vote = true (default)
2022-07-23 19:35:40,572 [s0@group-1D19F5312903-FollowerState] INFO  impl.RoleInfo (RoleInfo.java:updateAndGet(139)) - s0: start s0@group-1D19F5312903-LeaderElection34
2022-07-23 19:35:40,573 [s0@group-1D19F5312903-LeaderElection34] INFO  impl.LeaderElection (LeaderElection.java:askForVotes(310)) - s0@group-1D19F5312903-LeaderElection34 PRE_VOTE round 0: submit vote requests at term 1 for 0: peers:[s0|rpc:localhost:33053|admin:localhost:34833|client:localhost:45065|dataStream:localhost:40973|priority:0|startupRole:FOLLOWER, s1|rpc:localhost:37337|admin:localhost:46639|client:localhost:33239|dataStream:localhost:44379|priority:0|startupRole:FOLLOWER, s2|rpc:localhost:36285|admin:localhost:33785|client:localhost:35753|dataStream:localhost:36721|priority:0|startupRole:FOLLOWER]|listeners:[], old=null
2022-07-23 19:35:40,574 [s0@group-1D19F5312903-LeaderElection34] INFO  impl.LeaderElection (LogUtils.java:infoOrTrace(137)) - s0@group-1D19F5312903-LeaderElection34 got exception when requesting votes: java.util.concurrent.ExecutionException: org.apache.ratis.thirdparty.io.grpc.StatusRuntimeException: UNAVAILABLE: io exception
2022-07-23 19:35:40,583 [s0@group-1D19F5312903-LeaderElection34] INFO  impl.LeaderElection (LogUtils.java:infoOrTrace(137)) - s0@group-1D19F5312903-LeaderElection34 got exception when requesting votes: java.util.concurrent.ExecutionException: org.apache.ratis.thirdparty.io.grpc.StatusRuntimeException: UNAVAILABLE: io exception
2022-07-23 19:35:40,583 [s0@group-1D19F5312903-LeaderElection34] INFO  impl.LeaderElection (LeaderElection.java:logAndReturn(90)) - s0@group-1D19F5312903-LeaderElection34: PRE_VOTE REJECTED received 0 response(s) and 2 exception(s):
2022-07-23 19:35:40,583 [s0@group-1D19F5312903-LeaderElection34] INFO  impl.LeaderElection (LogUtils.java:infoOrTrace(137)) -   Exception 0: java.util.concurrent.ExecutionException: org.apache.ratis.thirdparty.io.grpc.StatusRuntimeException: UNAVAILABLE: io exception
2022-07-23 19:35:40,583 [s0@group-1D19F5312903-LeaderElection34] INFO  impl.LeaderElection (LogUtils.java:infoOrTrace(137)) -   Exception 1: java.util.concurrent.ExecutionException: org.apache.ratis.thirdparty.io.grpc.StatusRuntimeException: UNAVAILABLE: io exception
2022-07-23 19:35:40,583 [s0@group-1D19F5312903-LeaderElection34] INFO  impl.LeaderElection (LeaderElection.java:askForVotes(312)) - s0@group-1D19F5312903-LeaderElection34 PRE_VOTE round 0: result REJECTED
2022-07-23 19:35:40,583 [s0@group-1D19F5312903-LeaderElection34] INFO  server.RaftServer$Division (RaftServerImpl.java:setRole(301)) - s0@group-1D19F5312903: changes role from CANDIDATE to FOLLOWER at term 1 for REJECTED
2022-07-23 19:35:40,584 [s0@group-1D19F5312903-LeaderElection34] INFO  impl.RoleInfo (RoleInfo.java:shutdownLeaderElection(130)) - s0: shutdown s0@group-1D19F5312903-LeaderElection34
2022-07-23 19:35:40,584 [s0@group-1D19F5312903-LeaderElection34] INFO  impl.RoleInfo (RoleInfo.java:updateAndGet(139)) - s0: start s0@group-1D19F5312903-FollowerState
2022-07-23 19:35:40,633 [s0@group-2C6CC0A4AD38-FollowerState] INFO  impl.FollowerState (FollowerState.java:run(143)) - s0@group-2C6CC0A4AD38-FollowerState: change to CANDIDATE, lastRpcElapsedTime:194075941ns, electionTimeout:186ms
2022-07-23 19:35:40,633 [s0@group-2C6CC0A4AD38-FollowerState] INFO  impl.RoleInfo (RoleInfo.java:shutdownFollowerState(110)) - s0: shutdown s0@group-2C6CC0A4AD38-FollowerState
2022-07-23 19:35:40,633 [s0@group-2C6CC0A4AD38-FollowerState] INFO  server.RaftServer$Division (RaftServerImpl.java:setRole(301)) - s0@group-2C6CC0A4AD38: changes role from  FOLLOWER to CANDIDATE at term 0 for changeToCandidate
2022-07-23 19:35:40,633 [s0@group-2C6CC0A4AD38-FollowerState] INFO  server.RaftServerConfigKeys (ConfUtils.java:logGet(46)) - raft.server.leaderelection.pre-vote = true (default)
2022-07-23 19:35:40,633 [s0@group-2C6CC0A4AD38-FollowerState] INFO  impl.RoleInfo (RoleInfo.java:updateAndGet(139)) - s0: start s0@group-2C6CC0A4AD38-LeaderElection35
2022-07-23 19:35:40,634 [s0@group-2C6CC0A4AD38-LeaderElection35] INFO  impl.LeaderElection (LeaderElection.java:askForVotes(310)) - s0@group-2C6CC0A4AD38-LeaderElection35 PRE_VOTE round 0: submit vote requests at term 0 for -1: peers:[s0|rpc:localhost:46507|admin:localhost:37389|client:localhost:34157|dataStream:localhost:44231|priority:0|startupRole:FOLLOWER]|listeners:[], old=null
2022-07-23 19:35:40,635 [s0@group-2C6CC0A4AD38-LeaderElection35] INFO  impl.LeaderElection (LeaderElection.java:askForVotes(312)) - s0@group-2C6CC0A4AD38-LeaderElection35 PRE_VOTE round 0: result PASSED (term=0)
2022-07-23 19:35:40,636 [s0@group-2C6CC0A4AD38-LeaderElection35] INFO  impl.LeaderElection (LeaderElection.java:askForVotes(310)) - s0@group-2C6CC0A4AD38-LeaderElection35 ELECTION round 0: submit vote requests at term 1 for -1: peers:[s0|rpc:localhost:46507|admin:localhost:37389|client:localhost:34157|dataStream:localhost:44231|priority:0|startupRole:FOLLOWER]|listeners:[], old=null
2022-07-23 19:35:40,636 [s0@group-2C6CC0A4AD38-LeaderElection35] INFO  impl.LeaderElection (LeaderElection.java:askForVotes(312)) - s0@group-2C6CC0A4AD38-LeaderElection35 ELECTION round 0: result PASSED (term=1)
2022-07-23 19:35:40,636 [s0@group-2C6CC0A4AD38-LeaderElection35] INFO  impl.RoleInfo (RoleInfo.java:shutdownLeaderElection(130)) - s0: shutdown s0@group-2C6CC0A4AD38-LeaderElection35
2022-07-23 19:35:40,636 [s0@group-2C6CC0A4AD38-LeaderElection35] INFO  server.RaftServer$Division (RaftServerImpl.java:setRole(301)) - s0@group-2C6CC0A4AD38: changes role from CANDIDATE to LEADER at term 1 for changeToLeader
2022-07-23 19:35:40,636 [s0@group-2C6CC0A4AD38-LeaderElection35] INFO  server.RaftServer$Division (ServerState.java:setLeader(313)) - s0@group-2C6CC0A4AD38: change Leader from null to s0 at term 1 for becomeLeader, leader elected after 209ms
2022-07-23 19:35:40,637 [s0@group-2C6CC0A4AD38-LeaderElection35] INFO  server.RaftServerConfigKeys (ConfUtils.java:logGet(46)) - raft.server.staging.catchup.gap = 1000 (default)
2022-07-23 19:35:40,637 [s0@group-2C6CC0A4AD38-LeaderElection35] INFO  server.RaftServerConfigKeys (ConfUtils.java:logGet(46)) - raft.server.write.element-limit = 4096 (default)
2022-07-23 19:35:40,637 [s0@group-2C6CC0A4AD38-LeaderElection35] INFO  server.RaftServerConfigKeys (ConfUtils.java:logGet(46)) - raft.server.write.byte-limit = 64MB (=67108864) (default)
2022-07-23 19:35:40,637 [s0@group-2C6CC0A4AD38-LeaderElection35] INFO  server.RaftServerConfigKeys (ConfUtils.java:logGet(46)) - raft.server.watch.timeout = 10s (default)
2022-07-23 19:35:40,637 [s0@group-2C6CC0A4AD38-LeaderElection35] INFO  server.RaftServerConfigKeys (ConfUtils.java:logGet(46)) - raft.server.watch.timeout.denomination = 1s (default)
2022-07-23 19:35:40,637 [s0@group-2C6CC0A4AD38-LeaderElection35] INFO  server.RaftServerConfigKeys (ConfUtils.java:logGet(46)) - raft.server.watch.element-limit = 65536 (default)
2022-07-23 19:35:40,637 [s0@group-2C6CC0A4AD38-LeaderElection35] INFO  server.RaftServerConfigKeys (ConfUtils.java:logGet(46)) - raft.server.write.element-limit = 4096 (default)
2022-07-23 19:35:40,639 [s0@group-2C6CC0A4AD38-LeaderElection35] INFO  server.RaftServerConfigKeys (ConfUtils.java:logGet(46)) - raft.server.write.follower.gap.ratio.max = -1.0 (default)
2022-07-23 19:35:40,639 [s0@group-2C6CC0A4AD38-LeaderElection35] INFO  impl.RoleInfo (RoleInfo.java:updateAndGet(139)) - s0: start s0@group-2C6CC0A4AD38-LeaderStateImpl
2022-07-23 19:35:40,639 [s0@group-2C6CC0A4AD38-LeaderElection35] INFO  segmented.SegmentedRaftLogWorker (SegmentedRaftLogWorker.java:startLogSegment(425)) - s0@group-2C6CC0A4AD38-SegmentedRaftLogWorker: Starting segment from index:0
2022-07-23 19:35:40,646 [s0@group-2C6CC0A4AD38-LeaderElection35] INFO  server.RaftServer$Division (ServerState.java:setRaftConf(429)) - s0@group-2C6CC0A4AD38: set configuration 0: peers:[s0|rpc:localhost:46507|admin:localhost:37389|client:localhost:34157|dataStream:localhost:44231|priority:0|startupRole:FOLLOWER]|listeners:[], old=null
2022-07-23 19:35:40,657 [s0@group-2C6CC0A4AD38-SegmentedRaftLogWorker] INFO  segmented.SegmentedRaftLogWorker (SegmentedRaftLogWorker.java:execute(629)) - s0@group-2C6CC0A4AD38-SegmentedRaftLogWorker: created new log segment /home/runner/work/ratis/ratis/ratis-test/target/test/data/11cf776f/MiniRaftClusterWithGrpcad8c92b3/s0/25a57c2a-c19b-40a1-9f70-2c6cc0a4ad38/current/log_inprogress_0
2022-07-23 19:35:40,834 [s0@group-1D19F5312903-FollowerState] INFO  impl.FollowerState (FollowerState.java:run(143)) - s0@group-1D19F5312903-FollowerState: change to CANDIDATE, lastRpcElapsedTime:250463476ns, electionTimeout:250ms
2022-07-23 19:35:40,834 [s0@group-1D19F5312903-FollowerState] INFO  impl.RoleInfo (RoleInfo.java:shutdownFollowerState(110)) - s0: shutdown s0@group-1D19F5312903-FollowerState
2022-07-23 19:35:40,834 [s0@group-1D19F5312903-FollowerState] INFO  server.RaftServer$Division (RaftServerImpl.java:setRole(301)) - s0@group-1D19F5312903: changes role from  FOLLOWER to CANDIDATE at term 1 for changeToCandidate
2022-07-23 19:35:40,834 [s0@group-1D19F5312903-FollowerState] INFO  server.RaftServerConfigKeys (ConfUtils.java:logGet(46)) - raft.server.leaderelection.pre-vote = true (default)
2022-07-23 19:35:40,834 [s0@group-1D19F5312903-FollowerState] INFO  impl.RoleInfo (RoleInfo.java:updateAndGet(139)) - s0: start s0@group-1D19F5312903-LeaderElection36
2022-07-23 19:35:40,835 [s0@group-1D19F5312903-LeaderElection36] INFO  impl.LeaderElection (LeaderElection.java:askForVotes(310)) - s0@group-1D19F5312903-LeaderElection36 PRE_VOTE round 0: submit vote requests at term 1 for 0: peers:[s0|rpc:localhost:33053|admin:localhost:34833|client:localhost:45065|dataStream:localhost:40973|priority:0|startupRole:FOLLOWER, s1|rpc:localhost:37337|admin:localhost:46639|client:localhost:33239|dataStream:localhost:44379|priority:0|startupRole:FOLLOWER, s2|rpc:localhost:36285|admin:localhost:33785|client:localhost:35753|dataStream:localhost:36721|priority:0|startupRole:FOLLOWER]|listeners:[], old=null
2022-07-23 19:35:40,837 [s0@group-1D19F5312903-LeaderElection36] INFO  impl.LeaderElection (LogUtils.java:infoOrTrace(137)) - s0@group-1D19F5312903-LeaderElection36 got exception when requesting votes: java.util.concurrent.ExecutionException: org.apache.ratis.thirdparty.io.grpc.StatusRuntimeException: UNAVAILABLE: io exception
2022-07-23 19:35:40,840 [s0@group-1D19F5312903-LeaderElection36] INFO  impl.LeaderElection (LogUtils.java:infoOrTrace(137)) - s0@group-1D19F5312903-LeaderElection36 got exception when requesting votes: java.util.concurrent.ExecutionException: org.apache.ratis.thirdparty.io.grpc.StatusRuntimeException: UNAVAILABLE: io exception
2022-07-23 19:35:40,840 [s0@group-1D19F5312903-LeaderElection36] INFO  impl.LeaderElection (LeaderElection.java:logAndReturn(90)) - s0@group-1D19F5312903-LeaderElection36: PRE_VOTE REJECTED received 0 response(s) and 2 exception(s):
2022-07-23 19:35:40,840 [s0@group-1D19F5312903-LeaderElection36] INFO  impl.LeaderElection (LogUtils.java:infoOrTrace(137)) -   Exception 0: java.util.concurrent.ExecutionException: org.apache.ratis.thirdparty.io.grpc.StatusRuntimeException: UNAVAILABLE: io exception
2022-07-23 19:35:40,840 [s0@group-1D19F5312903-LeaderElection36] INFO  impl.LeaderElection (LogUtils.java:infoOrTrace(137)) -   Exception 1: java.util.concurrent.ExecutionException: org.apache.ratis.thirdparty.io.grpc.StatusRuntimeException: UNAVAILABLE: io exception
2022-07-23 19:35:40,840 [s0@group-1D19F5312903-LeaderElection36] INFO  impl.LeaderElection (LeaderElection.java:askForVotes(312)) - s0@group-1D19F5312903-LeaderElection36 PRE_VOTE round 0: result REJECTED
2022-07-23 19:35:40,840 [s0@group-1D19F5312903-LeaderElection36] INFO  server.RaftServer$Division (RaftServerImpl.java:setRole(301)) - s0@group-1D19F5312903: changes role from CANDIDATE to FOLLOWER at term 1 for REJECTED
2022-07-23 19:35:40,840 [s0@group-1D19F5312903-LeaderElection36] INFO  impl.RoleInfo (RoleInfo.java:shutdownLeaderElection(130)) - s0: shutdown s0@group-1D19F5312903-LeaderElection36
2022-07-23 19:35:40,840 [s0@group-1D19F5312903-LeaderElection36] INFO  impl.RoleInfo (RoleInfo.java:updateAndGet(139)) - s0: start s0@group-1D19F5312903-FollowerState
2022-07-23 19:35:40,914 [Time-limited test] INFO  ratis.RaftTestUtil (RaftTestUtil.java:waitForLeader(119)) - printing ALL groups
  s0:  RUNNING    LEADER s0@group-2C6CC0A4AD38:t1, leader=s0, voted=s0, raftlog=Memoized:s0@group-2C6CC0A4AD38-SegmentedRaftLog:OPENED:c0, conf=0: peers:[s0|rpc:localhost:46507|admin:localhost:37389|client:localhost:34157|dataStream:localhost:44231|priority:0|startupRole:FOLLOWER]|listeners:[], old=null RUNNING
2022-07-23 19:35:40,920 [s0-client-thread1] DEBUG server.RaftServer$Division (RaftServerImpl.java:submitClientRequestAsync(803)) - s0@group-2C6CC0A4AD38: receive client request(RaftClientRequest:client-D4CF2906D61D->s0@group-2C6CC0A4AD38, cid=2855, seq=1*, RW, Message:696e697469616c2d30)
2022-07-23 19:35:40,921 [s0-client-thread1] DEBUG server.RaftServer$Division (LeaderStateImpl.java:addPendingRequest(401)) - s0@group-2C6CC0A4AD38-LeaderStateImpl: addPendingRequest at RaftClientRequest:client-D4CF2906D61D->s0@group-2C6CC0A4AD38, cid=2855, seq=1*, RW, Message:696e697469616c2d30, entry=(t:1, i:1), STATEMACHINELOGENTRY, 2855@client-D4CF2906D61D
2022-07-23 19:35:40,921 [s0@group-2C6CC0A4AD38-StateMachineUpdater] INFO  statemachine.SimpleStateMachine4Testing (SimpleStateMachine4Testing.java:put(204)) - s0: put 1, initial-0 -> (t:1, i:1), STATEMACHINELOGENTRY, 2855@client-D4CF2906D61D
2022-07-23 19:35:40,923 [s0-client-thread1] DEBUG server.RaftServer$Division (RaftServerImpl.java:submitClientRequestAsync(803)) - s0@group-2C6CC0A4AD38: receive client request(RaftClientRequest:client-D4CF2906D61D->s0@group-2C6CC0A4AD38, cid=2856, seq=2, RW, Message:696e697469616c2d31)
2022-07-23 19:35:40,923 [s0-client-thread1] DEBUG server.RaftServer$Division (LeaderStateImpl.java:addPendingRequest(401)) - s0@group-2C6CC0A4AD38-LeaderStateImpl: addPendingRequest at RaftClientRequest:client-D4CF2906D61D->s0@group-2C6CC0A4AD38, cid=2856, seq=2, RW, Message:696e697469616c2d31, entry=(t:1, i:3), STATEMACHINELOGENTRY, 2856@client-D4CF2906D61D
2022-07-23 19:35:40,923 [s0-client-thread1] DEBUG server.RaftServer$Division (RaftServerImpl.java:submitClientRequestAsync(803)) - s0@group-2C6CC0A4AD38: receive client request(RaftClientRequest:client-D4CF2906D61D->s0@group-2C6CC0A4AD38, cid=2857, seq=3, RW, Message:696e697469616c2d32)
2022-07-23 19:35:40,923 [s0-client-thread1] DEBUG server.RaftServer$Division (LeaderStateImpl.java:addPendingRequest(401)) - s0@group-2C6CC0A4AD38-LeaderStateImpl: addPendingRequest at RaftClientRequest:client-D4CF2906D61D->s0@group-2C6CC0A4AD38, cid=2857, seq=3, RW, Message:696e697469616c2d32, entry=(t:1, i:5), STATEMACHINELOGENTRY, 2857@client-D4CF2906D61D
2022-07-23 19:35:40,923 [s0@group-2C6CC0A4AD38-StateMachineUpdater] INFO  statemachine.SimpleStateMachine4Testing (SimpleStateMachine4Testing.java:put(204)) - s0: put 3, initial-1 -> (t:1, i:3), STATEMACHINELOGENTRY, 2856@client-D4CF2906D61D
2022-07-23 19:35:40,924 [s0@group-2C6CC0A4AD38-StateMachineUpdater] INFO  statemachine.SimpleStateMachine4Testing (SimpleStateMachine4Testing.java:put(204)) - s0: put 5, initial-2 -> (t:1, i:5), STATEMACHINELOGENTRY, 2857@client-D4CF2906D61D
2022-07-23 19:35:40,924 [s0-client-thread1] DEBUG server.RaftServer$Division (RaftServerImpl.java:submitClientRequestAsync(803)) - s0@group-2C6CC0A4AD38: receive client request(RaftClientRequest:client-D4CF2906D61D->s0@group-2C6CC0A4AD38, cid=2858, seq=4, RW, Message:696e697469616c2d33)
2022-07-23 19:35:40,924 [s0-client-thread1] DEBUG server.RaftServer$Division (LeaderStateImpl.java:addPendingRequest(401)) - s0@group-2C6CC0A4AD38-LeaderStateImpl: addPendingRequest at RaftClientRequest:client-D4CF2906D61D->s0@group-2C6CC0A4AD38, cid=2858, seq=4, RW, Message:696e697469616c2d33, entry=(t:1, i:7), STATEMACHINELOGENTRY, 2858@client-D4CF2906D61D
2022-07-23 19:35:40,924 [s0@group-2C6CC0A4AD38-StateMachineUpdater] INFO  statemachine.SimpleStateMachine4Testing (SimpleStateMachine4Testing.java:put(204)) - s0: put 7, initial-3 -> (t:1, i:7), STATEMACHINELOGENTRY, 2858@client-D4CF2906D61D
2022-07-23 19:35:40,924 [s0-client-thread1] DEBUG server.RaftServer$Division (RaftServerImpl.java:submitClientRequestAsync(803)) - s0@group-2C6CC0A4AD38: receive client request(RaftClientRequest:client-D4CF2906D61D->s0@group-2C6CC0A4AD38, cid=2859, seq=5, RW, Message:696e697469616c2d34)
2022-07-23 19:35:40,925 [s0-client-thread1] DEBUG server.RaftServer$Division (LeaderStateImpl.java:addPendingRequest(401)) - s0@group-2C6CC0A4AD38-LeaderStateImpl: addPendingRequest at RaftClientRequest:client-D4CF2906D61D->s0@group-2C6CC0A4AD38, cid=2859, seq=5, RW, Message:696e697469616c2d34, entry=(t:1, i:9), STATEMACHINELOGENTRY, 2859@client-D4CF2906D61D
2022-07-23 19:35:40,925 [s0-client-thread2] DEBUG server.RaftServer$Division (RaftServerImpl.java:submitClientRequestAsync(803)) - s0@group-2C6CC0A4AD38: receive client request(RaftClientRequest:client-D4CF2906D61D->s0@group-2C6CC0A4AD38, cid=2860, seq=6, RW, Message:696e697469616c2d35)
2022-07-23 19:35:40,925 [s0@group-2C6CC0A4AD38-StateMachineUpdater] INFO  statemachine.SimpleStateMachine4Testing (SimpleStateMachine4Testing.java:put(204)) - s0: put 9, initial-4 -> (t:1, i:9), STATEMACHINELOGENTRY, 2859@client-D4CF2906D61D
2022-07-23 19:35:40,926 [s0-client-thread2] DEBUG server.RaftServer$Division (LeaderStateImpl.java:addPendingRequest(401)) - s0@group-2C6CC0A4AD38-LeaderStateImpl: addPendingRequest at RaftClientRequest:client-D4CF2906D61D->s0@group-2C6CC0A4AD38, cid=2860, seq=6, RW, Message:696e697469616c2d35, entry=(t:1, i:11), STATEMACHINELOGENTRY, 2860@client-D4CF2906D61D
2022-07-23 19:35:40,926 [s0@group-2C6CC0A4AD38-StateMachineUpdater] INFO  statemachine.SimpleStateMachine4Testing (SimpleStateMachine4Testing.java:put(204)) - s0: put 11, initial-5 -> (t:1, i:11), STATEMACHINELOGENTRY, 2860@client-D4CF2906D61D
2022-07-23 19:35:40,926 [s0-client-thread1] DEBUG server.RaftServer$Division (RaftServerImpl.java:submitClientRequestAsync(803)) - s0@group-2C6CC0A4AD38: receive client request(RaftClientRequest:client-D4CF2906D61D->s0@group-2C6CC0A4AD38, cid=2861, seq=7, RW, Message:696e697469616c2d36)
2022-07-23 19:35:40,926 [s0-client-thread1] DEBUG server.RaftServer$Division (LeaderStateImpl.java:addPendingRequest(401)) - s0@group-2C6CC0A4AD38-LeaderStateImpl: addPendingRequest at RaftClientRequest:client-D4CF2906D61D->s0@group-2C6CC0A4AD38, cid=2861, seq=7, RW, Message:696e697469616c2d36, entry=(t:1, i:13), STATEMACHINELOGENTRY, 2861@client-D4CF2906D61D
2022-07-23 19:35:40,926 [s0-client-thread1] DEBUG server.RaftServer$Division (RaftServerImpl.java:submitClientRequestAsync(803)) - s0@group-2C6CC0A4AD38: receive client request(RaftClientRequest:client-D4CF2906D61D->s0@group-2C6CC0A4AD38, cid=2862, seq=8, RW, Message:696e697469616c2d37)
2022-07-23 19:35:40,927 [s0-client-thread1] DEBUG server.RaftServer$Division (LeaderStateImpl.java:addPendingRequest(401)) - s0@group-2C6CC0A4AD38-LeaderStateImpl: addPendingRequest at RaftClientRequest:client-D4CF2906D61D->s0@group-2C6CC0A4AD38, cid=2862, seq=8, RW, Message:696e697469616c2d37, entry=(t:1, i:15), STATEMACHINELOGENTRY, 2862@client-D4CF2906D61D
2022-07-23 19:35:40,927 [s0@group-2C6CC0A4AD38-StateMachineUpdater] INFO  statemachine.SimpleStateMachine4Testing (SimpleStateMachine4Testing.java:put(204)) - s0: put 13, initial-6 -> (t:1, i:13), STATEMACHINELOGENTRY, 2861@client-D4CF2906D61D
2022-07-23 19:35:40,927 [s0-client-thread1] DEBUG server.RaftServer$Division (RaftServerImpl.java:submitClientRequestAsync(803)) - s0@group-2C6CC0A4AD38: receive client request(RaftClientRequest:client-D4CF2906D61D->s0@group-2C6CC0A4AD38, cid=2863, seq=9, RW, Message:696e697469616c2d38)
2022-07-23 19:35:40,927 [s0-client-thread1] DEBUG server.RaftServer$Division (LeaderStateImpl.java:addPendingRequest(401)) - s0@group-2C6CC0A4AD38-LeaderStateImpl: addPendingRequest at RaftClientRequest:client-D4CF2906D61D->s0@group-2C6CC0A4AD38, cid=2863, seq=9, RW, Message:696e697469616c2d38, entry=(t:1, i:16), STATEMACHINELOGENTRY, 2863@client-D4CF2906D61D
2022-07-23 19:35:40,927 [s0@group-2C6CC0A4AD38-StateMachineUpdater] INFO  statemachine.SimpleStateMachine4Testing (SimpleStateMachine4Testing.java:put(204)) - s0: put 15, initial-7 -> (t:1, i:15), STATEMACHINELOGENTRY, 2862@client-D4CF2906D61D
2022-07-23 19:35:40,927 [s0-client-thread1] DEBUG server.RaftServer$Division (RaftServerImpl.java:submitClientRequestAsync(803)) - s0@group-2C6CC0A4AD38: receive client request(RaftClientRequest:client-D4CF2906D61D->s0@group-2C6CC0A4AD38, cid=2864, seq=10, RW, Message:696e697469616c2d39)
2022-07-23 19:35:40,927 [s0-client-thread1] DEBUG server.RaftServer$Division (LeaderStateImpl.java:addPendingRequest(401)) - s0@group-2C6CC0A4AD38-LeaderStateImpl: addPendingRequest at RaftClientRequest:client-D4CF2906D61D->s0@group-2C6CC0A4AD38, cid=2864, seq=10, RW, Message:696e697469616c2d39, entry=(t:1, i:18), STATEMACHINELOGENTRY, 2864@client-D4CF2906D61D
2022-07-23 19:35:40,927 [s0@group-2C6CC0A4AD38-StateMachineUpdater] INFO  statemachine.SimpleStateMachine4Testing (SimpleStateMachine4Testing.java:put(204)) - s0: put 16, initial-8 -> (t:1, i:16), STATEMACHINELOGENTRY, 2863@client-D4CF2906D61D
2022-07-23 19:35:40,928 [s0@group-2C6CC0A4AD38-StateMachineUpdater] INFO  statemachine.SimpleStateMachine4Testing (SimpleStateMachine4Testing.java:put(204)) - s0: put 18, initial-9 -> (t:1, i:18), STATEMACHINELOGENTRY, 2864@client-D4CF2906D61D
2022-07-23 19:35:40,929 [Time-limited test] INFO  impl.MiniRaftCluster (MiniRaftCluster.java:killServer(486)) - killServer s0
2022-07-23 19:35:40,929 [Time-limited test] INFO  server.RaftServer (RaftServerProxy.java:lambda$close$6(401)) - s0: close
2022-07-23 19:35:40,929 [Time-limited test] INFO  server.RaftServer$Division (RaftServerImpl.java:lambda$close$4(438)) - s0@group-2C6CC0A4AD38: shutdown
2022-07-23 19:35:40,929 [Time-limited test] INFO  util.JmxRegister (JmxRegister.java:unregister(73)) - Successfully un-registered JMX Bean with object name Ratis:service=RaftServer,group=group-2C6CC0A4AD38,id=s0
2022-07-23 19:35:40,929 [Time-limited test] INFO  impl.RoleInfo (RoleInfo.java:shutdownLeaderState(93)) - s0: shutdown s0@group-2C6CC0A4AD38-LeaderStateImpl
2022-07-23 19:35:40,929 [Time-limited test] INFO  impl.PendingRequests (PendingRequests.java:sendNotLeaderResponses(282)) - s0@group-2C6CC0A4AD38-PendingRequests: sendNotLeaderResponses
2022-07-23 19:35:40,930 [Time-limited test] INFO  impl.StateMachineUpdater (StateMachineUpdater.java:stopAndJoin(153)) - s0@group-2C6CC0A4AD38-StateMachineUpdater: set stopIndex = 20
2022-07-23 19:35:40,931 [Time-limited test] INFO  server.RaftServer$Division (ServerState.java:close(465)) - s0@group-2C6CC0A4AD38: closes. applyIndex: 20
2022-07-23 19:35:40,931 [s0@group-2C6CC0A4AD38-SegmentedRaftLogWorker] INFO  segmented.SegmentedRaftLogWorker (SegmentedRaftLogWorker.java:run(336)) - s0@group-2C6CC0A4AD38-SegmentedRaftLogWorker was interrupted, exiting. There are 0 tasks remaining in the queue.
2022-07-23 19:35:40,932 [Time-limited test] INFO  segmented.SegmentedRaftLogWorker (SegmentedRaftLogWorker.java:close(246)) - s0@group-2C6CC0A4AD38-SegmentedRaftLogWorker close()
2022-07-23 19:35:40,933 [Time-limited test] INFO  server.GrpcService (GrpcService.java:closeImpl(271)) - s0: shutdown server org.apache.ratis.grpc.server.GrpcClientProtocolService now
2022-07-23 19:35:40,934 [Time-limited test] INFO  server.GrpcService (GrpcService.java:closeImpl(280)) - s0: shutdown server org.apache.ratis.grpc.server.GrpcClientProtocolService successfully
2022-07-23 19:35:40,934 [Time-limited test] INFO  server.GrpcService (GrpcService.java:closeImpl(271)) - s0: shutdown server GrpcServerProtocolService now
2022-07-23 19:35:40,934 [Time-limited test] INFO  server.GrpcService (GrpcService.java:closeImpl(280)) - s0: shutdown server GrpcServerProtocolService successfully
2022-07-23 19:35:40,934 [Time-limited test] INFO  server.GrpcService (GrpcService.java:closeImpl(271)) - s0: shutdown server org.apache.ratis.grpc.server.GrpcAdminProtocolService now
2022-07-23 19:35:40,934 [Time-limited test] INFO  server.GrpcService (GrpcService.java:closeImpl(280)) - s0: shutdown server org.apache.ratis.grpc.server.GrpcAdminProtocolService successfully
2022-07-23 19:35:40,935 [org.apache.ratis.util.JvmPauseMonitor$$Lambda$313/980778071@41321035] INFO  util.JvmPauseMonitor (JvmPauseMonitor.java:run(109)) - JvmPauseMonitor-s0: Stopped
2022-07-23 19:35:40,935 [Time-limited test] DEBUG client.RaftClient (RaftClientImpl.java:handleIOException(366)) - client-D4CF2906D61D: suggested new leader: null. Failed RaftClientRequest:client-D4CF2906D61D->s0@group-2C6CC0A4AD38, cid=2865, seq=11, RW, m0 with {}
org.apache.ratis.protocol.exceptions.AlreadyClosedException: client-D4CF2906D61D->s0 is closed.
	at org.apache.ratis.grpc.client.GrpcClientProtocolClient$AsyncStreamObservers.onNext(GrpcClientProtocolClient.java:360)
	at org.apache.ratis.grpc.client.GrpcClientRpc.sendRequestAsync(GrpcClientRpc.java:71)
	at org.apache.ratis.client.impl.OrderedAsync.sendRequest(OrderedAsync.java:245)
	at org.apache.ratis.client.impl.OrderedAsync.sendRequestWithRetry(OrderedAsync.java:198)
	at org.apache.ratis.util.SlidingWindow$Client.sendOrDelayRequest(SlidingWindow.java:271)
	at org.apache.ratis.util.SlidingWindow$Client.submitNewRequest(SlidingWindow.java:259)
	at org.apache.ratis.client.impl.OrderedAsync.send(OrderedAsync.java:170)
	at org.apache.ratis.client.impl.AsyncImpl.send(AsyncImpl.java:41)
	at org.apache.ratis.client.impl.AsyncImpl.send(AsyncImpl.java:46)
	at org.apache.ratis.RaftAsyncTests.runTestRequestAsyncWithRetryFailure(RaftAsyncTests.java:159)
	at org.apache.ratis.RaftAsyncTests.lambda$runTestRequestAsyncWithRetryFailure$0(RaftAsyncTests.java:126)
	at org.apache.ratis.server.impl.MiniRaftCluster$Factory$Get.runWithNewCluster(MiniRaftCluster.java:125)
	at org.apache.ratis.RaftAsyncTests.runTestRequestAsyncWithRetryFailure(RaftAsyncTests.java:126)
	at org.apache.ratis.RaftAsyncTests.testRequestAsyncWithRetryFailureAfterInitialMessages(RaftAsyncTests.java:121)
	at sun.reflect.NativeMethodAccessorImpl.invoke0(Native Method)
	at sun.reflect.NativeMethodAccessorImpl.invoke(NativeMethodAccessorImpl.java:62)
	at sun.reflect.DelegatingMethodAccessorImpl.invoke(DelegatingMethodAccessorImpl.java:43)
	at java.lang.reflect.Method.invoke(Method.java:498)
	at org.junit.runners.model.FrameworkMethod$1.runReflectiveCall(FrameworkMethod.java:59)
	at org.junit.internal.runners.model.ReflectiveCallable.run(ReflectiveCallable.java:12)
	at org.junit.runners.model.FrameworkMethod.invokeExplosively(FrameworkMethod.java:56)
	at org.junit.internal.runners.statements.InvokeMethod.evaluate(InvokeMethod.java:17)
	at org.junit.internal.runners.statements.RunAfters.evaluate(RunAfters.java:27)
	at org.junit.internal.runners.statements.FailOnTimeout$CallableStatement.call(FailOnTimeout.java:299)
	at org.junit.internal.runners.statements.FailOnTimeout$CallableStatement.call(FailOnTimeout.java:293)
	at java.util.concurrent.FutureTask.run(FutureTask.java:266)
	at java.lang.Thread.run(Thread.java:750)
2022-07-23 19:35:40,935 [Time-limited test] DEBUG client.RaftClient (RaftClientImpl.java:handleIOException(385)) - client-D4CF2906D61D: oldLeader=s0,  curLeader=s0, newLeader=null
2022-07-23 19:35:41,039 [grpc-default-executor-3] DEBUG client.RaftClient (RaftClientImpl.java:handleIOException(366)) - client-D4CF2906D61D: suggested new leader: null. Failed RaftClientRequest:client-D4CF2906D61D->s0@group-2C6CC0A4AD38, cid=2865, seq=11*, RW, m0 with {}
java.io.IOException: org.apache.ratis.thirdparty.io.grpc.StatusRuntimeException: UNAVAILABLE: io exception
	at org.apache.ratis.grpc.GrpcUtil.unwrapException(GrpcUtil.java:92)
	at org.apache.ratis.grpc.GrpcUtil.unwrapIOException(GrpcUtil.java:152)
	at org.apache.ratis.grpc.client.GrpcClientProtocolClient$AsyncStreamObservers$1.onError(GrpcClientProtocolClient.java:341)
	at org.apache.ratis.thirdparty.io.grpc.stub.ClientCalls$StreamObserverToCallListenerAdapter.onClose(ClientCalls.java:479)
	at org.apache.ratis.thirdparty.io.grpc.PartialForwardingClientCallListener.onClose(PartialForwardingClientCallListener.java:39)
	at org.apache.ratis.thirdparty.io.grpc.ForwardingClientCallListener.onClose(ForwardingClientCallListener.java:23)
	at org.apache.ratis.grpc.metrics.intercept.client.MetricClientCallListener.onClose(MetricClientCallListener.java:47)
	at org.apache.ratis.thirdparty.io.grpc.internal.DelayedClientCall$DelayedListener$3.run(DelayedClientCall.java:463)
	at org.apache.ratis.thirdparty.io.grpc.internal.DelayedClientCall$DelayedListener.delayOrExecute(DelayedClientCall.java:427)
	at org.apache.ratis.thirdparty.io.grpc.internal.DelayedClientCall$DelayedListener.onClose(DelayedClientCall.java:460)
	at org.apache.ratis.thirdparty.io.grpc.internal.ClientCallImpl.closeObserver(ClientCallImpl.java:562)
	at org.apache.ratis.thirdparty.io.grpc.internal.ClientCallImpl.access$300(ClientCallImpl.java:70)
	at org.apache.ratis.thirdparty.io.grpc.internal.ClientCallImpl$ClientStreamListenerImpl$1StreamClosed.runInternal(ClientCallImpl.java:743)
	at org.apache.ratis.thirdparty.io.grpc.internal.ClientCallImpl$ClientStreamListenerImpl$1StreamClosed.runInContext(ClientCallImpl.java:722)
	at org.apache.ratis.thirdparty.io.grpc.internal.ContextRunnable.run(ContextRunnable.java:37)
	at org.apache.ratis.thirdparty.io.grpc.internal.SerializingExecutor.run(SerializingExecutor.java:133)
	at java.util.concurrent.ThreadPoolExecutor.runWorker(ThreadPoolExecutor.java:1149)
	at java.util.concurrent.ThreadPoolExecutor$Worker.run(ThreadPoolExecutor.java:624)
	at java.lang.Thread.run(Thread.java:750)
Caused by: org.apache.ratis.thirdparty.io.grpc.StatusRuntimeException: UNAVAILABLE: io exception
	at org.apache.ratis.thirdparty.io.grpc.Status.asRuntimeException(Status.java:535)
	... 16 more
Caused by: org.apache.ratis.thirdparty.io.netty.channel.AbstractChannel$AnnotatedConnectException: finishConnect(..) failed: Connection refused: localhost/127.0.0.1:34157
Caused by: java.net.ConnectException: finishConnect(..) failed: Connection refused
	at org.apache.ratis.thirdparty.io.netty.channel.unix.Errors.newConnectException0(Errors.java:155)
	at org.apache.ratis.thirdparty.io.netty.channel.unix.Errors.handleConnectErrno(Errors.java:128)
	at org.apache.ratis.thirdparty.io.netty.channel.unix.Socket.finishConnect(Socket.java:321)
	at org.apache.ratis.thirdparty.io.netty.channel.epoll.AbstractEpollChannel$AbstractEpollUnsafe.doFinishConnect(AbstractEpollChannel.java:710)
	at org.apache.ratis.thirdparty.io.netty.channel.epoll.AbstractEpollChannel$AbstractEpollUnsafe.finishConnect(AbstractEpollChannel.java:687)
	at org.apache.ratis.thirdparty.io.netty.channel.epoll.AbstractEpollChannel$AbstractEpollUnsafe.epollOutReady(AbstractEpollChannel.java:567)
	at org.apache.ratis.thirdparty.io.netty.channel.epoll.EpollEventLoop.processReady(EpollEventLoop.java:477)
	at org.apache.ratis.thirdparty.io.netty.channel.epoll.EpollEventLoop.run(EpollEventLoop.java:385)
	at org.apache.ratis.thirdparty.io.netty.util.concurrent.SingleThreadEventExecutor$4.run(SingleThreadEventExecutor.java:995)
	at org.apache.ratis.thirdparty.io.netty.util.internal.ThreadExecutorMap$2.run(ThreadExecutorMap.java:74)
	at org.apache.ratis.thirdparty.io.netty.util.concurrent.FastThreadLocalRunnable.run(FastThreadLocalRunnable.java:30)
	at java.lang.Thread.run(Thread.java:750)
2022-07-23 19:35:41,039 [grpc-default-executor-3] DEBUG client.RaftClient (RaftClientImpl.java:handleIOException(385)) - client-D4CF2906D61D: oldLeader=s0,  curLeader=s0, newLeader=null
2022-07-23 19:35:41,053 [s0@group-1D19F5312903-FollowerState] INFO  impl.FollowerState (FollowerState.java:run(143)) - s0@group-1D19F5312903-FollowerState: change to CANDIDATE, lastRpcElapsedTime:212447813ns, electionTimeout:212ms
2022-07-23 19:35:41,053 [s0@group-1D19F5312903-FollowerState] INFO  impl.RoleInfo (RoleInfo.java:shutdownFollowerState(110)) - s0: shutdown s0@group-1D19F5312903-FollowerState
2022-07-23 19:35:41,053 [s0@group-1D19F5312903-FollowerState] INFO  server.RaftServer$Division (RaftServerImpl.java:setRole(301)) - s0@group-1D19F5312903: changes role from  FOLLOWER to CANDIDATE at term 1 for changeToCandidate
2022-07-23 19:35:41,053 [s0@group-1D19F5312903-FollowerState] INFO  server.RaftServerConfigKeys (ConfUtils.java:logGet(46)) - raft.server.leaderelection.pre-vote = true (default)
2022-07-23 19:35:41,053 [s0@group-1D19F5312903-FollowerState] INFO  impl.RoleInfo (RoleInfo.java:updateAndGet(139)) - s0: start s0@group-1D19F5312903-LeaderElection37
2022-07-23 19:35:41,053 [s0@group-1D19F5312903-LeaderElection37] INFO  impl.LeaderElection (LeaderElection.java:askForVotes(310)) - s0@group-1D19F5312903-LeaderElection37 PRE_VOTE round 0: submit vote requests at term 1 for 0: peers:[s0|rpc:localhost:33053|admin:localhost:34833|client:localhost:45065|dataStream:localhost:40973|priority:0|startupRole:FOLLOWER, s1|rpc:localhost:37337|admin:localhost:46639|client:localhost:33239|dataStream:localhost:44379|priority:0|startupRole:FOLLOWER, s2|rpc:localhost:36285|admin:localhost:33785|client:localhost:35753|dataStream:localhost:36721|priority:0|startupRole:FOLLOWER]|listeners:[], old=null
2022-07-23 19:35:41,054 [s0@group-1D19F5312903-LeaderElection37] INFO  impl.LeaderElection (LogUtils.java:infoOrTrace(137)) - s0@group-1D19F5312903-LeaderElection37 got exception when requesting votes: java.util.concurrent.ExecutionException: org.apache.ratis.thirdparty.io.grpc.StatusRuntimeException: UNAVAILABLE: io exception
2022-07-23 19:35:41,054 [s0@group-1D19F5312903-LeaderElection37] INFO  impl.LeaderElection (LogUtils.java:infoOrTrace(137)) - s0@group-1D19F5312903-LeaderElection37 got exception when requesting votes: java.util.concurrent.ExecutionException: org.apache.ratis.thirdparty.io.grpc.StatusRuntimeException: UNAVAILABLE: io exception
2022-07-23 19:35:41,054 [s0@group-1D19F5312903-LeaderElection37] INFO  impl.LeaderElection (LeaderElection.java:logAndReturn(90)) - s0@group-1D19F5312903-LeaderElection37: PRE_VOTE REJECTED received 0 response(s) and 2 exception(s):
2022-07-23 19:35:41,054 [s0@group-1D19F5312903-LeaderElection37] INFO  impl.LeaderElection (LogUtils.java:infoOrTrace(137)) -   Exception 0: java.util.concurrent.ExecutionException: org.apache.ratis.thirdparty.io.grpc.StatusRuntimeException: UNAVAILABLE: io exception
2022-07-23 19:35:41,054 [s0@group-1D19F5312903-LeaderElection37] INFO  impl.LeaderElection (LogUtils.java:infoOrTrace(137)) -   Exception 1: java.util.concurrent.ExecutionException: org.apache.ratis.thirdparty.io.grpc.StatusRuntimeException: UNAVAILABLE: io exception
2022-07-23 19:35:41,054 [s0@group-1D19F5312903-LeaderElection37] INFO  impl.LeaderElection (LeaderElection.java:askForVotes(312)) - s0@group-1D19F5312903-LeaderElection37 PRE_VOTE round 0: result REJECTED
2022-07-23 19:35:41,054 [s0@group-1D19F5312903-LeaderElection37] INFO  server.RaftServer$Division (RaftServerImpl.java:setRole(301)) - s0@group-1D19F5312903: changes role from CANDIDATE to FOLLOWER at term 1 for REJECTED
2022-07-23 19:35:41,054 [s0@group-1D19F5312903-LeaderElection37] INFO  impl.RoleInfo (RoleInfo.java:shutdownLeaderElection(130)) - s0: shutdown s0@group-1D19F5312903-LeaderElection37
2022-07-23 19:35:41,055 [s0@group-1D19F5312903-LeaderElection37] INFO  impl.RoleInfo (RoleInfo.java:updateAndGet(139)) - s0: start s0@group-1D19F5312903-FollowerState
2022-07-23 19:35:41,143 [grpc-default-executor-3] DEBUG client.RaftClient (RaftClientImpl.java:handleIOException(366)) - client-D4CF2906D61D: suggested new leader: null. Failed RaftClientRequest:client-D4CF2906D61D->s0@group-2C6CC0A4AD38, cid=2865, seq=11*, RW, m0 with {}
java.io.IOException: org.apache.ratis.thirdparty.io.grpc.StatusRuntimeException: UNAVAILABLE: io exception
	at org.apache.ratis.grpc.GrpcUtil.unwrapException(GrpcUtil.java:92)
	at org.apache.ratis.grpc.GrpcUtil.unwrapIOException(GrpcUtil.java:152)
	at org.apache.ratis.grpc.client.GrpcClientProtocolClient$AsyncStreamObservers$1.onError(GrpcClientProtocolClient.java:341)
	at org.apache.ratis.thirdparty.io.grpc.stub.ClientCalls$StreamObserverToCallListenerAdapter.onClose(ClientCalls.java:479)
	at org.apache.ratis.thirdparty.io.grpc.PartialForwardingClientCallListener.onClose(PartialForwardingClientCallListener.java:39)
	at org.apache.ratis.thirdparty.io.grpc.ForwardingClientCallListener.onClose(ForwardingClientCallListener.java:23)
	at org.apache.ratis.grpc.metrics.intercept.client.MetricClientCallListener.onClose(MetricClientCallListener.java:47)
	at org.apache.ratis.thirdparty.io.grpc.internal.DelayedClientCall$DelayedListener$3.run(DelayedClientCall.java:463)
	at org.apache.ratis.thirdparty.io.grpc.internal.DelayedClientCall$DelayedListener.drainPendingCallbacks(DelayedClientCall.java:502)
	at org.apache.ratis.thirdparty.io.grpc.internal.DelayedClientCall$1DrainListenerRunnable.runInContext(DelayedClientCall.java:291)
	at org.apache.ratis.thirdparty.io.grpc.internal.ContextRunnable.run(ContextRunnable.java:37)
	at java.util.concurrent.ThreadPoolExecutor.runWorker(ThreadPoolExecutor.java:1149)
	at java.util.concurrent.ThreadPoolExecutor$Worker.run(ThreadPoolExecutor.java:624)
	at java.lang.Thread.run(Thread.java:750)
Caused by: org.apache.ratis.thirdparty.io.grpc.StatusRuntimeException: UNAVAILABLE: io exception
	at org.apache.ratis.thirdparty.io.grpc.Status.asRuntimeException(Status.java:535)
	... 11 more
Caused by: org.apache.ratis.thirdparty.io.netty.channel.AbstractChannel$AnnotatedConnectException: finishConnect(..) failed: Connection refused: localhost/127.0.0.1:34157
Caused by: java.net.ConnectException: finishConnect(..) failed: Connection refused
	at org.apache.ratis.thirdparty.io.netty.channel.unix.Errors.newConnectException0(Errors.java:155)
	at org.apache.ratis.thirdparty.io.netty.channel.unix.Errors.handleConnectErrno(Errors.java:128)
	at org.apache.ratis.thirdparty.io.netty.channel.unix.Socket.finishConnect(Socket.java:321)
	at org.apache.ratis.thirdparty.io.netty.channel.epoll.AbstractEpollChannel$AbstractEpollUnsafe.doFinishConnect(AbstractEpollChannel.java:710)
	at org.apache.ratis.thirdparty.io.netty.channel.epoll.AbstractEpollChannel$AbstractEpollUnsafe.finishConnect(AbstractEpollChannel.java:687)
	at org.apache.ratis.thirdparty.io.netty.channel.epoll.AbstractEpollChannel$AbstractEpollUnsafe.epollOutReady(AbstractEpollChannel.java:567)
	at org.apache.ratis.thirdparty.io.netty.channel.epoll.EpollEventLoop.processReady(EpollEventLoop.java:477)
	at org.apache.ratis.thirdparty.io.netty.channel.epoll.EpollEventLoop.run(EpollEventLoop.java:385)
	at org.apache.ratis.thirdparty.io.netty.util.concurrent.SingleThreadEventExecutor$4.run(SingleThreadEventExecutor.java:995)
	at org.apache.ratis.thirdparty.io.netty.util.internal.ThreadExecutorMap$2.run(ThreadExecutorMap.java:74)
	at org.apache.ratis.thirdparty.io.netty.util.concurrent.FastThreadLocalRunnable.run(FastThreadLocalRunnable.java:30)
	at java.lang.Thread.run(Thread.java:750)
2022-07-23 19:35:41,143 [grpc-default-executor-3] DEBUG client.RaftClient (RaftClientImpl.java:handleIOException(385)) - client-D4CF2906D61D: oldLeader=s0,  curLeader=s0, newLeader=null
2022-07-23 19:35:41,213 [s0@group-1D19F5312903-FollowerState] INFO  impl.FollowerState (FollowerState.java:run(143)) - s0@group-1D19F5312903-FollowerState: change to CANDIDATE, lastRpcElapsedTime:158405498ns, electionTimeout:158ms
2022-07-23 19:35:41,213 [s0@group-1D19F5312903-FollowerState] INFO  impl.RoleInfo (RoleInfo.java:shutdownFollowerState(110)) - s0: shutdown s0@group-1D19F5312903-FollowerState
2022-07-23 19:35:41,213 [s0@group-1D19F5312903-FollowerState] INFO  server.RaftServer$Division (RaftServerImpl.java:setRole(301)) - s0@group-1D19F5312903: changes role from  FOLLOWER to CANDIDATE at term 1 for changeToCandidate
2022-07-23 19:35:41,213 [s0@group-1D19F5312903-FollowerState] INFO  server.RaftServerConfigKeys (ConfUtils.java:logGet(46)) - raft.server.leaderelection.pre-vote = true (default)
2022-07-23 19:35:41,213 [s0@group-1D19F5312903-FollowerState] INFO  impl.RoleInfo (RoleInfo.java:updateAndGet(139)) - s0: start s0@group-1D19F5312903-LeaderElection38
2022-07-23 19:35:41,214 [s0@group-1D19F5312903-LeaderElection38] INFO  impl.LeaderElection (LeaderElection.java:askForVotes(310)) - s0@group-1D19F5312903-LeaderElection38 PRE_VOTE round 0: submit vote requests at term 1 for 0: peers:[s0|rpc:localhost:33053|admin:localhost:34833|client:localhost:45065|dataStream:localhost:40973|priority:0|startupRole:FOLLOWER, s1|rpc:localhost:37337|admin:localhost:46639|client:localhost:33239|dataStream:localhost:44379|priority:0|startupRole:FOLLOWER, s2|rpc:localhost:36285|admin:localhost:33785|client:localhost:35753|dataStream:localhost:36721|priority:0|startupRole:FOLLOWER]|listeners:[], old=null
2022-07-23 19:35:41,215 [s0@group-1D19F5312903-LeaderElection38] INFO  impl.LeaderElection (LogUtils.java:infoOrTrace(137)) - s0@group-1D19F5312903-LeaderElection38 got exception when requesting votes: java.util.concurrent.ExecutionException: org.apache.ratis.thirdparty.io.grpc.StatusRuntimeException: UNAVAILABLE: io exception
2022-07-23 19:35:41,215 [s0@group-1D19F5312903-LeaderElection38] INFO  impl.LeaderElection (LogUtils.java:infoOrTrace(137)) - s0@group-1D19F5312903-LeaderElection38 got exception when requesting votes: java.util.concurrent.ExecutionException: org.apache.ratis.thirdparty.io.grpc.StatusRuntimeException: UNAVAILABLE: io exception
2022-07-23 19:35:41,215 [s0@group-1D19F5312903-LeaderElection38] INFO  impl.LeaderElection (LeaderElection.java:logAndReturn(90)) - s0@group-1D19F5312903-LeaderElection38: PRE_VOTE REJECTED received 0 response(s) and 2 exception(s):
2022-07-23 19:35:41,215 [s0@group-1D19F5312903-LeaderElection38] INFO  impl.LeaderElection (LogUtils.java:infoOrTrace(137)) -   Exception 0: java.util.concurrent.ExecutionException: org.apache.ratis.thirdparty.io.grpc.StatusRuntimeException: UNAVAILABLE: io exception
2022-07-23 19:35:41,215 [s0@group-1D19F5312903-LeaderElection38] INFO  impl.LeaderElection (LogUtils.java:infoOrTrace(137)) -   Exception 1: java.util.concurrent.ExecutionException: org.apache.ratis.thirdparty.io.grpc.StatusRuntimeException: UNAVAILABLE: io exception
2022-07-23 19:35:41,215 [s0@group-1D19F5312903-LeaderElection38] INFO  impl.LeaderElection (LeaderElection.java:askForVotes(312)) - s0@group-1D19F5312903-LeaderElection38 PRE_VOTE round 0: result REJECTED
2022-07-23 19:35:41,215 [s0@group-1D19F5312903-LeaderElection38] INFO  server.RaftServer$Division (RaftServerImpl.java:setRole(301)) - s0@group-1D19F5312903: changes role from CANDIDATE to FOLLOWER at term 1 for REJECTED
2022-07-23 19:35:41,215 [s0@group-1D19F5312903-LeaderElection38] INFO  impl.RoleInfo (RoleInfo.java:shutdownLeaderElection(130)) - s0: shutdown s0@group-1D19F5312903-LeaderElection38
2022-07-23 19:35:41,215 [s0@group-1D19F5312903-LeaderElection38] INFO  impl.RoleInfo (RoleInfo.java:updateAndGet(139)) - s0: start s0@group-1D19F5312903-FollowerState
2022-07-23 19:35:41,247 [java.util.concurrent.ThreadPoolExecutor$Worker@5cc870c8[State = -1, empty queue]] DEBUG client.RaftClient (RaftClientImpl.java:handleIOException(366)) - client-D4CF2906D61D: suggested new leader: null. Failed RaftClientRequest:client-D4CF2906D61D->s0@group-2C6CC0A4AD38, cid=2865, seq=11*, RW, m0 with {}
org.apache.ratis.protocol.exceptions.AlreadyClosedException: client-D4CF2906D61D->s0 is closed.
	at org.apache.ratis.grpc.client.GrpcClientProtocolClient$AsyncStreamObservers.onNext(GrpcClientProtocolClient.java:360)
	at org.apache.ratis.grpc.client.GrpcClientRpc.sendRequestAsync(GrpcClientRpc.java:71)
	at org.apache.ratis.client.impl.OrderedAsync.sendRequest(OrderedAsync.java:245)
	at org.apache.ratis.client.impl.OrderedAsync.sendRequestWithRetry(OrderedAsync.java:198)
	at org.apache.ratis.util.SlidingWindow$Client.sendOrDelayRequest(SlidingWindow.java:280)
	at org.apache.ratis.util.SlidingWindow$Client.retry(SlidingWindow.java:296)
	at org.apache.ratis.client.impl.OrderedAsync.lambda$scheduleWithTimeout$7(OrderedAsync.java:232)
	at org.apache.ratis.util.TimeoutScheduler.lambda$onTimeout$0(TimeoutScheduler.java:141)
	at org.apache.ratis.util.TimeoutScheduler.lambda$onTimeout$1(TimeoutScheduler.java:155)
	at org.apache.ratis.util.LogUtils.runAndLog(LogUtils.java:38)
	at org.apache.ratis.util.LogUtils$1.run(LogUtils.java:79)
	at java.util.concurrent.Executors$RunnableAdapter.call(Executors.java:511)
	at java.util.concurrent.FutureTask.run(FutureTask.java:266)
	at java.util.concurrent.ScheduledThreadPoolExecutor$ScheduledFutureTask.access$201(ScheduledThreadPoolExecutor.java:180)
	at java.util.concurrent.ScheduledThreadPoolExecutor$ScheduledFutureTask.run(ScheduledThreadPoolExecutor.java:293)
	at java.util.concurrent.ThreadPoolExecutor.runWorker(ThreadPoolExecutor.java:1149)
	at java.util.concurrent.ThreadPoolExecutor$Worker.run(ThreadPoolExecutor.java:624)
	at java.lang.Thread.run(Thread.java:750)
2022-07-23 19:35:41,247 [java.util.concurrent.ThreadPoolExecutor$Worker@5cc870c8[State = -1, empty queue]] DEBUG client.RaftClient (RaftClientImpl.java:handleIOException(385)) - client-D4CF2906D61D: oldLeader=s0,  curLeader=s0, newLeader=null
2022-07-23 19:35:41,351 [grpc-default-executor-3] DEBUG client.RaftClient (RaftClientImpl.java:handleIOException(366)) - client-D4CF2906D61D: suggested new leader: null. Failed RaftClientRequest:client-D4CF2906D61D->s0@group-2C6CC0A4AD38, cid=2865, seq=11*, RW, m0 with {}
java.io.IOException: org.apache.ratis.thirdparty.io.grpc.StatusRuntimeException: UNAVAILABLE: io exception
	at org.apache.ratis.grpc.GrpcUtil.unwrapException(GrpcUtil.java:92)
	at org.apache.ratis.grpc.GrpcUtil.unwrapIOException(GrpcUtil.java:152)
	at org.apache.ratis.grpc.client.GrpcClientProtocolClient$AsyncStreamObservers$1.onError(GrpcClientProtocolClient.java:341)
	at org.apache.ratis.thirdparty.io.grpc.stub.ClientCalls$StreamObserverToCallListenerAdapter.onClose(ClientCalls.java:479)
	at org.apache.ratis.thirdparty.io.grpc.PartialForwardingClientCallListener.onClose(PartialForwardingClientCallListener.java:39)
	at org.apache.ratis.thirdparty.io.grpc.ForwardingClientCallListener.onClose(ForwardingClientCallListener.java:23)
	at org.apache.ratis.grpc.metrics.intercept.client.MetricClientCallListener.onClose(MetricClientCallListener.java:47)
	at org.apache.ratis.thirdparty.io.grpc.internal.DelayedClientCall$DelayedListener$3.run(DelayedClientCall.java:463)
	at org.apache.ratis.thirdparty.io.grpc.internal.DelayedClientCall$DelayedListener.delayOrExecute(DelayedClientCall.java:427)
	at org.apache.ratis.thirdparty.io.grpc.internal.DelayedClientCall$DelayedListener.onClose(DelayedClientCall.java:460)
	at org.apache.ratis.thirdparty.io.grpc.internal.ClientCallImpl.closeObserver(ClientCallImpl.java:562)
	at org.apache.ratis.thirdparty.io.grpc.internal.ClientCallImpl.access$300(ClientCallImpl.java:70)
	at org.apache.ratis.thirdparty.io.grpc.internal.ClientCallImpl$ClientStreamListenerImpl$1StreamClosed.runInternal(ClientCallImpl.java:743)
	at org.apache.ratis.thirdparty.io.grpc.internal.ClientCallImpl$ClientStreamListenerImpl$1StreamClosed.runInContext(ClientCallImpl.java:722)
	at org.apache.ratis.thirdparty.io.grpc.internal.ContextRunnable.run(ContextRunnable.java:37)
	at org.apache.ratis.thirdparty.io.grpc.internal.SerializingExecutor.run(SerializingExecutor.java:133)
	at java.util.concurrent.ThreadPoolExecutor.runWorker(ThreadPoolExecutor.java:1149)
	at java.util.concurrent.ThreadPoolExecutor$Worker.run(ThreadPoolExecutor.java:624)
	at java.lang.Thread.run(Thread.java:750)
Caused by: org.apache.ratis.thirdparty.io.grpc.StatusRuntimeException: UNAVAILABLE: io exception
	at org.apache.ratis.thirdparty.io.grpc.Status.asRuntimeException(Status.java:535)
	... 16 more
Caused by: org.apache.ratis.thirdparty.io.netty.channel.AbstractChannel$AnnotatedConnectException: finishConnect(..) failed: Connection refused: localhost/127.0.0.1:34157
Caused by: java.net.ConnectException: finishConnect(..) failed: Connection refused
	at org.apache.ratis.thirdparty.io.netty.channel.unix.Errors.newConnectException0(Errors.java:155)
	at org.apache.ratis.thirdparty.io.netty.channel.unix.Errors.handleConnectErrno(Errors.java:128)
	at org.apache.ratis.thirdparty.io.netty.channel.unix.Socket.finishConnect(Socket.java:321)
	at org.apache.ratis.thirdparty.io.netty.channel.epoll.AbstractEpollChannel$AbstractEpollUnsafe.doFinishConnect(AbstractEpollChannel.java:710)
	at org.apache.ratis.thirdparty.io.netty.channel.epoll.AbstractEpollChannel$AbstractEpollUnsafe.finishConnect(AbstractEpollChannel.java:687)
	at org.apache.ratis.thirdparty.io.netty.channel.epoll.AbstractEpollChannel$AbstractEpollUnsafe.epollOutReady(AbstractEpollChannel.java:567)
	at org.apache.ratis.thirdparty.io.netty.channel.epoll.EpollEventLoop.processReady(EpollEventLoop.java:477)
	at org.apache.ratis.thirdparty.io.netty.channel.epoll.EpollEventLoop.run(EpollEventLoop.java:385)
	at org.apache.ratis.thirdparty.io.netty.util.concurrent.SingleThreadEventExecutor$4.run(SingleThreadEventExecutor.java:995)
	at org.apache.ratis.thirdparty.io.netty.util.internal.ThreadExecutorMap$2.run(ThreadExecutorMap.java:74)
	at org.apache.ratis.thirdparty.io.netty.util.concurrent.FastThreadLocalRunnable.run(FastThreadLocalRunnable.java:30)
	at java.lang.Thread.run(Thread.java:750)
2022-07-23 19:35:41,351 [grpc-default-executor-3] DEBUG client.RaftClient (RaftClientImpl.java:handleIOException(385)) - client-D4CF2906D61D: oldLeader=s0,  curLeader=s0, newLeader=null
2022-07-23 19:35:41,428 [s0@group-1D19F5312903-FollowerState] INFO  impl.FollowerState (FollowerState.java:run(143)) - s0@group-1D19F5312903-FollowerState: change to CANDIDATE, lastRpcElapsedTime:212572110ns, electionTimeout:212ms
2022-07-23 19:35:41,428 [s0@group-1D19F5312903-FollowerState] INFO  impl.RoleInfo (RoleInfo.java:shutdownFollowerState(110)) - s0: shutdown s0@group-1D19F5312903-FollowerState
2022-07-23 19:35:41,428 [s0@group-1D19F5312903-FollowerState] INFO  server.RaftServer$Division (RaftServerImpl.java:setRole(301)) - s0@group-1D19F5312903: changes role from  FOLLOWER to CANDIDATE at term 1 for changeToCandidate
2022-07-23 19:35:41,428 [s0@group-1D19F5312903-FollowerState] INFO  server.RaftServerConfigKeys (ConfUtils.java:logGet(46)) - raft.server.leaderelection.pre-vote = true (default)
2022-07-23 19:35:41,428 [s0@group-1D19F5312903-FollowerState] INFO  impl.RoleInfo (RoleInfo.java:updateAndGet(139)) - s0: start s0@group-1D19F5312903-LeaderElection39
2022-07-23 19:35:41,429 [s0@group-1D19F5312903-LeaderElection39] INFO  impl.LeaderElection (LeaderElection.java:askForVotes(310)) - s0@group-1D19F5312903-LeaderElection39 PRE_VOTE round 0: submit vote requests at term 1 for 0: peers:[s0|rpc:localhost:33053|admin:localhost:34833|client:localhost:45065|dataStream:localhost:40973|priority:0|startupRole:FOLLOWER, s1|rpc:localhost:37337|admin:localhost:46639|client:localhost:33239|dataStream:localhost:44379|priority:0|startupRole:FOLLOWER, s2|rpc:localhost:36285|admin:localhost:33785|client:localhost:35753|dataStream:localhost:36721|priority:0|startupRole:FOLLOWER]|listeners:[], old=null
2022-07-23 19:35:41,429 [s0@group-1D19F5312903-LeaderElection39] INFO  impl.LeaderElection (LogUtils.java:infoOrTrace(137)) - s0@group-1D19F5312903-LeaderElection39 got exception when requesting votes: java.util.concurrent.ExecutionException: org.apache.ratis.thirdparty.io.grpc.StatusRuntimeException: UNAVAILABLE: io exception
2022-07-23 19:35:41,430 [s0@group-1D19F5312903-LeaderElection39] INFO  impl.LeaderElection (LogUtils.java:infoOrTrace(137)) - s0@group-1D19F5312903-LeaderElection39 got exception when requesting votes: java.util.concurrent.ExecutionException: org.apache.ratis.thirdparty.io.grpc.StatusRuntimeException: UNAVAILABLE: io exception
2022-07-23 19:35:41,430 [s0@group-1D19F5312903-LeaderElection39] INFO  impl.LeaderElection (LeaderElection.java:logAndReturn(90)) - s0@group-1D19F5312903-LeaderElection39: PRE_VOTE REJECTED received 0 response(s) and 2 exception(s):
2022-07-23 19:35:41,430 [s0@group-1D19F5312903-LeaderElection39] INFO  impl.LeaderElection (LogUtils.java:infoOrTrace(137)) -   Exception 0: java.util.concurrent.ExecutionException: org.apache.ratis.thirdparty.io.grpc.StatusRuntimeException: UNAVAILABLE: io exception
2022-07-23 19:35:41,430 [s0@group-1D19F5312903-LeaderElection39] INFO  impl.LeaderElection (LogUtils.java:infoOrTrace(137)) -   Exception 1: java.util.concurrent.ExecutionException: org.apache.ratis.thirdparty.io.grpc.StatusRuntimeException: UNAVAILABLE: io exception
2022-07-23 19:35:41,430 [s0@group-1D19F5312903-LeaderElection39] INFO  impl.LeaderElection (LeaderElection.java:askForVotes(312)) - s0@group-1D19F5312903-LeaderElection39 PRE_VOTE round 0: result REJECTED
2022-07-23 19:35:41,430 [s0@group-1D19F5312903-LeaderElection39] INFO  server.RaftServer$Division (RaftServerImpl.java:setRole(301)) - s0@group-1D19F5312903: changes role from CANDIDATE to FOLLOWER at term 1 for REJECTED
2022-07-23 19:35:41,430 [s0@group-1D19F5312903-LeaderElection39] INFO  impl.RoleInfo (RoleInfo.java:shutdownLeaderElection(130)) - s0: shutdown s0@group-1D19F5312903-LeaderElection39
2022-07-23 19:35:41,430 [s0@group-1D19F5312903-LeaderElection39] INFO  impl.RoleInfo (RoleInfo.java:updateAndGet(139)) - s0: start s0@group-1D19F5312903-FollowerState
2022-07-23 19:35:41,454 [grpc-default-executor-3] DEBUG client.RaftClient (RaftClientImpl.java:handleIOException(366)) - client-D4CF2906D61D: suggested new leader: null. Failed RaftClientRequest:client-D4CF2906D61D->s0@group-2C6CC0A4AD38, cid=2865, seq=11*, RW, m0 with {}
java.io.IOException: org.apache.ratis.thirdparty.io.grpc.StatusRuntimeException: UNAVAILABLE: io exception
	at org.apache.ratis.grpc.GrpcUtil.unwrapException(GrpcUtil.java:92)
	at org.apache.ratis.grpc.GrpcUtil.unwrapIOException(GrpcUtil.java:152)
	at org.apache.ratis.grpc.client.GrpcClientProtocolClient$AsyncStreamObservers$1.onError(GrpcClientProtocolClient.java:341)
	at org.apache.ratis.thirdparty.io.grpc.stub.ClientCalls$StreamObserverToCallListenerAdapter.onClose(ClientCalls.java:479)
	at org.apache.ratis.thirdparty.io.grpc.PartialForwardingClientCallListener.onClose(PartialForwardingClientCallListener.java:39)
	at org.apache.ratis.thirdparty.io.grpc.ForwardingClientCallListener.onClose(ForwardingClientCallListener.java:23)
	at org.apache.ratis.grpc.metrics.intercept.client.MetricClientCallListener.onClose(MetricClientCallListener.java:47)
	at org.apache.ratis.thirdparty.io.grpc.internal.DelayedClientCall$DelayedListener$3.run(DelayedClientCall.java:463)
	at org.apache.ratis.thirdparty.io.grpc.internal.DelayedClientCall$DelayedListener.delayOrExecute(DelayedClientCall.java:427)
	at org.apache.ratis.thirdparty.io.grpc.internal.DelayedClientCall$DelayedListener.onClose(DelayedClientCall.java:460)
	at org.apache.ratis.thirdparty.io.grpc.internal.ClientCallImpl.closeObserver(ClientCallImpl.java:562)
	at org.apache.ratis.thirdparty.io.grpc.internal.ClientCallImpl.access$300(ClientCallImpl.java:70)
	at org.apache.ratis.thirdparty.io.grpc.internal.ClientCallImpl$ClientStreamListenerImpl$1StreamClosed.runInternal(ClientCallImpl.java:743)
	at org.apache.ratis.thirdparty.io.grpc.internal.ClientCallImpl$ClientStreamListenerImpl$1StreamClosed.runInContext(ClientCallImpl.java:722)
	at org.apache.ratis.thirdparty.io.grpc.internal.ContextRunnable.run(ContextRunnable.java:37)
	at org.apache.ratis.thirdparty.io.grpc.internal.SerializingExecutor.run(SerializingExecutor.java:133)
	at java.util.concurrent.ThreadPoolExecutor.runWorker(ThreadPoolExecutor.java:1149)
	at java.util.concurrent.ThreadPoolExecutor$Worker.run(ThreadPoolExecutor.java:624)
	at java.lang.Thread.run(Thread.java:750)
Caused by: org.apache.ratis.thirdparty.io.grpc.StatusRuntimeException: UNAVAILABLE: io exception
	at org.apache.ratis.thirdparty.io.grpc.Status.asRuntimeException(Status.java:535)
	... 16 more
Caused by: org.apache.ratis.thirdparty.io.netty.channel.AbstractChannel$AnnotatedConnectException: finishConnect(..) failed: Connection refused: localhost/127.0.0.1:34157
Caused by: java.net.ConnectException: finishConnect(..) failed: Connection refused
	at org.apache.ratis.thirdparty.io.netty.channel.unix.Errors.newConnectException0(Errors.java:155)
	at org.apache.ratis.thirdparty.io.netty.channel.unix.Errors.handleConnectErrno(Errors.java:128)
	at org.apache.ratis.thirdparty.io.netty.channel.unix.Socket.finishConnect(Socket.java:321)
	at org.apache.ratis.thirdparty.io.netty.channel.epoll.AbstractEpollChannel$AbstractEpollUnsafe.doFinishConnect(AbstractEpollChannel.java:710)
	at org.apache.ratis.thirdparty.io.netty.channel.epoll.AbstractEpollChannel$AbstractEpollUnsafe.finishConnect(AbstractEpollChannel.java:687)
	at org.apache.ratis.thirdparty.io.netty.channel.epoll.AbstractEpollChannel$AbstractEpollUnsafe.epollOutReady(AbstractEpollChannel.java:567)
	at org.apache.ratis.thirdparty.io.netty.channel.epoll.EpollEventLoop.processReady(EpollEventLoop.java:477)
	at org.apache.ratis.thirdparty.io.netty.channel.epoll.EpollEventLoop.run(EpollEventLoop.java:385)
	at org.apache.ratis.thirdparty.io.netty.util.concurrent.SingleThreadEventExecutor$4.run(SingleThreadEventExecutor.java:995)
	at org.apache.ratis.thirdparty.io.netty.util.internal.ThreadExecutorMap$2.run(ThreadExecutorMap.java:74)
	at org.apache.ratis.thirdparty.io.netty.util.concurrent.FastThreadLocalRunnable.run(FastThreadLocalRunnable.java:30)
	at java.lang.Thread.run(Thread.java:750)
2022-07-23 19:35:41,455 [grpc-default-executor-3] DEBUG client.RaftClient (RaftClientImpl.java:handleIOException(385)) - client-D4CF2906D61D: oldLeader=s0,  curLeader=s0, newLeader=null
2022-07-23 19:35:41,558 [grpc-default-executor-3] DEBUG client.RaftClient (RaftClientImpl.java:handleIOException(366)) - client-D4CF2906D61D: suggested new leader: null. Failed RaftClientRequest:client-D4CF2906D61D->s0@group-2C6CC0A4AD38, cid=2865, seq=11*, RW, m0 with {}
java.io.IOException: org.apache.ratis.thirdparty.io.grpc.StatusRuntimeException: UNAVAILABLE: io exception
	at org.apache.ratis.grpc.GrpcUtil.unwrapException(GrpcUtil.java:92)
	at org.apache.ratis.grpc.GrpcUtil.unwrapIOException(GrpcUtil.java:152)
	at org.apache.ratis.grpc.client.GrpcClientProtocolClient$AsyncStreamObservers$1.onError(GrpcClientProtocolClient.java:341)
	at org.apache.ratis.thirdparty.io.grpc.stub.ClientCalls$StreamObserverToCallListenerAdapter.onClose(ClientCalls.java:479)
	at org.apache.ratis.thirdparty.io.grpc.PartialForwardingClientCallListener.onClose(PartialForwardingClientCallListener.java:39)
	at org.apache.ratis.thirdparty.io.grpc.ForwardingClientCallListener.onClose(ForwardingClientCallListener.java:23)
	at org.apache.ratis.grpc.metrics.intercept.client.MetricClientCallListener.onClose(MetricClientCallListener.java:47)
	at org.apache.ratis.thirdparty.io.grpc.internal.DelayedClientCall$DelayedListener$3.run(DelayedClientCall.java:463)
	at org.apache.ratis.thirdparty.io.grpc.internal.DelayedClientCall$DelayedListener.delayOrExecute(DelayedClientCall.java:427)
	at org.apache.ratis.thirdparty.io.grpc.internal.DelayedClientCall$DelayedListener.onClose(DelayedClientCall.java:460)
	at org.apache.ratis.thirdparty.io.grpc.internal.ClientCallImpl.closeObserver(ClientCallImpl.java:562)
	at org.apache.ratis.thirdparty.io.grpc.internal.ClientCallImpl.access$300(ClientCallImpl.java:70)
	at org.apache.ratis.thirdparty.io.grpc.internal.ClientCallImpl$ClientStreamListenerImpl$1StreamClosed.runInternal(ClientCallImpl.java:743)
	at org.apache.ratis.thirdparty.io.grpc.internal.ClientCallImpl$ClientStreamListenerImpl$1StreamClosed.runInContext(ClientCallImpl.java:722)
	at org.apache.ratis.thirdparty.io.grpc.internal.ContextRunnable.run(ContextRunnable.java:37)
	at org.apache.ratis.thirdparty.io.grpc.internal.SerializingExecutor.run(SerializingExecutor.java:133)
	at java.util.concurrent.ThreadPoolExecutor.runWorker(ThreadPoolExecutor.java:1149)
	at java.util.concurrent.ThreadPoolExecutor$Worker.run(ThreadPoolExecutor.java:624)
	at java.lang.Thread.run(Thread.java:750)
Caused by: org.apache.ratis.thirdparty.io.grpc.StatusRuntimeException: UNAVAILABLE: io exception
	at org.apache.ratis.thirdparty.io.grpc.Status.asRuntimeException(Status.java:535)
	... 16 more
Caused by: org.apache.ratis.thirdparty.io.netty.channel.AbstractChannel$AnnotatedConnectException: finishConnect(..) failed: Connection refused: localhost/127.0.0.1:34157
Caused by: java.net.ConnectException: finishConnect(..) failed: Connection refused
	at org.apache.ratis.thirdparty.io.netty.channel.unix.Errors.newConnectException0(Errors.java:155)
	at org.apache.ratis.thirdparty.io.netty.channel.unix.Errors.handleConnectErrno(Errors.java:128)
	at org.apache.ratis.thirdparty.io.netty.channel.unix.Socket.finishConnect(Socket.java:321)
	at org.apache.ratis.thirdparty.io.netty.channel.epoll.AbstractEpollChannel$AbstractEpollUnsafe.doFinishConnect(AbstractEpollChannel.java:710)
	at org.apache.ratis.thirdparty.io.netty.channel.epoll.AbstractEpollChannel$AbstractEpollUnsafe.finishConnect(AbstractEpollChannel.java:687)
	at org.apache.ratis.thirdparty.io.netty.channel.epoll.AbstractEpollChannel$AbstractEpollUnsafe.epollOutReady(AbstractEpollChannel.java:567)
	at org.apache.ratis.thirdparty.io.netty.channel.epoll.EpollEventLoop.processReady(EpollEventLoop.java:477)
	at org.apache.ratis.thirdparty.io.netty.channel.epoll.EpollEventLoop.run(EpollEventLoop.java:385)
	at org.apache.ratis.thirdparty.io.netty.util.concurrent.SingleThreadEventExecutor$4.run(SingleThreadEventExecutor.java:995)
	at org.apache.ratis.thirdparty.io.netty.util.internal.ThreadExecutorMap$2.run(ThreadExecutorMap.java:74)
	at org.apache.ratis.thirdparty.io.netty.util.concurrent.FastThreadLocalRunnable.run(FastThreadLocalRunnable.java:30)
	at java.lang.Thread.run(Thread.java:750)
2022-07-23 19:35:41,559 [grpc-default-executor-3] DEBUG client.RaftClient (RaftClientImpl.java:handleIOException(385)) - client-D4CF2906D61D: oldLeader=s0,  curLeader=s0, newLeader=null
2022-07-23 19:35:41,662 [grpc-default-executor-17] DEBUG client.RaftClient (RaftClientImpl.java:handleIOException(366)) - client-D4CF2906D61D: suggested new leader: null. Failed RaftClientRequest:client-D4CF2906D61D->s0@group-2C6CC0A4AD38, cid=2865, seq=11*, RW, m0 with {}
java.io.IOException: org.apache.ratis.thirdparty.io.grpc.StatusRuntimeException: UNAVAILABLE: io exception
	at org.apache.ratis.grpc.GrpcUtil.unwrapException(GrpcUtil.java:92)
	at org.apache.ratis.grpc.GrpcUtil.unwrapIOException(GrpcUtil.java:152)
	at org.apache.ratis.grpc.client.GrpcClientProtocolClient$AsyncStreamObservers$1.onError(GrpcClientProtocolClient.java:341)
	at org.apache.ratis.thirdparty.io.grpc.stub.ClientCalls$StreamObserverToCallListenerAdapter.onClose(ClientCalls.java:479)
	at org.apache.ratis.thirdparty.io.grpc.PartialForwardingClientCallListener.onClose(PartialForwardingClientCallListener.java:39)
	at org.apache.ratis.thirdparty.io.grpc.ForwardingClientCallListener.onClose(ForwardingClientCallListener.java:23)
	at org.apache.ratis.grpc.metrics.intercept.client.MetricClientCallListener.onClose(MetricClientCallListener.java:47)
	at org.apache.ratis.thirdparty.io.grpc.internal.DelayedClientCall$DelayedListener$3.run(DelayedClientCall.java:463)
	at org.apache.ratis.thirdparty.io.grpc.internal.DelayedClientCall$DelayedListener.delayOrExecute(DelayedClientCall.java:427)
	at org.apache.ratis.thirdparty.io.grpc.internal.DelayedClientCall$DelayedListener.onClose(DelayedClientCall.java:460)
	at org.apache.ratis.thirdparty.io.grpc.internal.ClientCallImpl.closeObserver(ClientCallImpl.java:562)
	at org.apache.ratis.thirdparty.io.grpc.internal.ClientCallImpl.access$300(ClientCallImpl.java:70)
	at org.apache.ratis.thirdparty.io.grpc.internal.ClientCallImpl$ClientStreamListenerImpl$1StreamClosed.runInternal(ClientCallImpl.java:743)
	at org.apache.ratis.thirdparty.io.grpc.internal.ClientCallImpl$ClientStreamListenerImpl$1StreamClosed.runInContext(ClientCallImpl.java:722)
	at org.apache.ratis.thirdparty.io.grpc.internal.ContextRunnable.run(ContextRunnable.java:37)
	at org.apache.ratis.thirdparty.io.grpc.internal.SerializingExecutor.run(SerializingExecutor.java:133)
	at java.util.concurrent.ThreadPoolExecutor.runWorker(ThreadPoolExecutor.java:1149)
	at java.util.concurrent.ThreadPoolExecutor$Worker.run(ThreadPoolExecutor.java:624)
	at java.lang.Thread.run(Thread.java:750)
Caused by: org.apache.ratis.thirdparty.io.grpc.StatusRuntimeException: UNAVAILABLE: io exception
	at org.apache.ratis.thirdparty.io.grpc.Status.asRuntimeException(Status.java:535)
	... 16 more
Caused by: org.apache.ratis.thirdparty.io.netty.channel.AbstractChannel$AnnotatedConnectException: finishConnect(..) failed: Connection refused: localhost/127.0.0.1:34157
Caused by: java.net.ConnectException: finishConnect(..) failed: Connection refused
	at org.apache.ratis.thirdparty.io.netty.channel.unix.Errors.newConnectException0(Errors.java:155)
	at org.apache.ratis.thirdparty.io.netty.channel.unix.Errors.handleConnectErrno(Errors.java:128)
	at org.apache.ratis.thirdparty.io.netty.channel.unix.Socket.finishConnect(Socket.java:321)
	at org.apache.ratis.thirdparty.io.netty.channel.epoll.AbstractEpollChannel$AbstractEpollUnsafe.doFinishConnect(AbstractEpollChannel.java:710)
	at org.apache.ratis.thirdparty.io.netty.channel.epoll.AbstractEpollChannel$AbstractEpollUnsafe.finishConnect(AbstractEpollChannel.java:687)
	at org.apache.ratis.thirdparty.io.netty.channel.epoll.AbstractEpollChannel$AbstractEpollUnsafe.epollOutReady(AbstractEpollChannel.java:567)
	at org.apache.ratis.thirdparty.io.netty.channel.epoll.EpollEventLoop.processReady(EpollEventLoop.java:477)
	at org.apache.ratis.thirdparty.io.netty.channel.epoll.EpollEventLoop.run(EpollEventLoop.java:385)
	at org.apache.ratis.thirdparty.io.netty.util.concurrent.SingleThreadEventExecutor$4.run(SingleThreadEventExecutor.java:995)
	at org.apache.ratis.thirdparty.io.netty.util.internal.ThreadExecutorMap$2.run(ThreadExecutorMap.java:74)
	at org.apache.ratis.thirdparty.io.netty.util.concurrent.FastThreadLocalRunnable.run(FastThreadLocalRunnable.java:30)
	at java.lang.Thread.run(Thread.java:750)
2022-07-23 19:35:41,662 [grpc-default-executor-17] DEBUG client.RaftClient (RaftClientImpl.java:handleIOException(385)) - client-D4CF2906D61D: oldLeader=s0,  curLeader=s0, newLeader=null
2022-07-23 19:35:41,710 [s0@group-1D19F5312903-FollowerState] INFO  impl.FollowerState (FollowerState.java:run(143)) - s0@group-1D19F5312903-FollowerState: change to CANDIDATE, lastRpcElapsedTime:280125949ns, electionTimeout:279ms
2022-07-23 19:35:41,710 [s0@group-1D19F5312903-FollowerState] INFO  impl.RoleInfo (RoleInfo.java:shutdownFollowerState(110)) - s0: shutdown s0@group-1D19F5312903-FollowerState
2022-07-23 19:35:41,710 [s0@group-1D19F5312903-FollowerState] INFO  server.RaftServer$Division (RaftServerImpl.java:setRole(301)) - s0@group-1D19F5312903: changes role from  FOLLOWER to CANDIDATE at term 1 for changeToCandidate
2022-07-23 19:35:41,710 [s0@group-1D19F5312903-FollowerState] INFO  server.RaftServerConfigKeys (ConfUtils.java:logGet(46)) - raft.server.leaderelection.pre-vote = true (default)
2022-07-23 19:35:41,710 [s0@group-1D19F5312903-FollowerState] INFO  impl.RoleInfo (RoleInfo.java:updateAndGet(139)) - s0: start s0@group-1D19F5312903-LeaderElection40
2022-07-23 19:35:41,711 [s0@group-1D19F5312903-LeaderElection40] INFO  impl.LeaderElection (LeaderElection.java:askForVotes(310)) - s0@group-1D19F5312903-LeaderElection40 PRE_VOTE round 0: submit vote requests at term 1 for 0: peers:[s0|rpc:localhost:33053|admin:localhost:34833|client:localhost:45065|dataStream:localhost:40973|priority:0|startupRole:FOLLOWER, s1|rpc:localhost:37337|admin:localhost:46639|client:localhost:33239|dataStream:localhost:44379|priority:0|startupRole:FOLLOWER, s2|rpc:localhost:36285|admin:localhost:33785|client:localhost:35753|dataStream:localhost:36721|priority:0|startupRole:FOLLOWER]|listeners:[], old=null
2022-07-23 19:35:41,712 [s0@group-1D19F5312903-LeaderElection40] INFO  impl.LeaderElection (LogUtils.java:infoOrTrace(137)) - s0@group-1D19F5312903-LeaderElection40 got exception when requesting votes: java.util.concurrent.ExecutionException: org.apache.ratis.thirdparty.io.grpc.StatusRuntimeException: UNAVAILABLE: io exception
2022-07-23 19:35:41,712 [s0@group-1D19F5312903-LeaderElection40] INFO  impl.LeaderElection (LogUtils.java:infoOrTrace(137)) - s0@group-1D19F5312903-LeaderElection40 got exception when requesting votes: java.util.concurrent.ExecutionException: org.apache.ratis.thirdparty.io.grpc.StatusRuntimeException: UNAVAILABLE: io exception
2022-07-23 19:35:41,712 [s0@group-1D19F5312903-LeaderElection40] INFO  impl.LeaderElection (LeaderElection.java:logAndReturn(90)) - s0@group-1D19F5312903-LeaderElection40: PRE_VOTE REJECTED received 0 response(s) and 2 exception(s):
2022-07-23 19:35:41,712 [s0@group-1D19F5312903-LeaderElection40] INFO  impl.LeaderElection (LogUtils.java:infoOrTrace(137)) -   Exception 0: java.util.concurrent.ExecutionException: org.apache.ratis.thirdparty.io.grpc.StatusRuntimeException: UNAVAILABLE: io exception
2022-07-23 19:35:41,712 [s0@group-1D19F5312903-LeaderElection40] INFO  impl.LeaderElection (LogUtils.java:infoOrTrace(137)) -   Exception 1: java.util.concurrent.ExecutionException: org.apache.ratis.thirdparty.io.grpc.StatusRuntimeException: UNAVAILABLE: io exception
2022-07-23 19:35:41,712 [s0@group-1D19F5312903-LeaderElection40] INFO  impl.LeaderElection (LeaderElection.java:askForVotes(312)) - s0@group-1D19F5312903-LeaderElection40 PRE_VOTE round 0: result REJECTED
2022-07-23 19:35:41,712 [s0@group-1D19F5312903-LeaderElection40] INFO  server.RaftServer$Division (RaftServerImpl.java:setRole(301)) - s0@group-1D19F5312903: changes role from CANDIDATE to FOLLOWER at term 1 for REJECTED
2022-07-23 19:35:41,712 [s0@group-1D19F5312903-LeaderElection40] INFO  impl.RoleInfo (RoleInfo.java:shutdownLeaderElection(130)) - s0: shutdown s0@group-1D19F5312903-LeaderElection40
2022-07-23 19:35:41,712 [s0@group-1D19F5312903-LeaderElection40] INFO  impl.RoleInfo (RoleInfo.java:updateAndGet(139)) - s0: start s0@group-1D19F5312903-FollowerState
2022-07-23 19:35:41,765 [grpc-default-executor-3] DEBUG client.RaftClient (RaftClientImpl.java:handleIOException(366)) - client-D4CF2906D61D: suggested new leader: null. Failed RaftClientRequest:client-D4CF2906D61D->s0@group-2C6CC0A4AD38, cid=2865, seq=11*, RW, m0 with {}
java.io.IOException: org.apache.ratis.thirdparty.io.grpc.StatusRuntimeException: UNAVAILABLE: io exception
	at org.apache.ratis.grpc.GrpcUtil.unwrapException(GrpcUtil.java:92)
	at org.apache.ratis.grpc.GrpcUtil.unwrapIOException(GrpcUtil.java:152)
	at org.apache.ratis.grpc.client.GrpcClientProtocolClient$AsyncStreamObservers$1.onError(GrpcClientProtocolClient.java:341)
	at org.apache.ratis.thirdparty.io.grpc.stub.ClientCalls$StreamObserverToCallListenerAdapter.onClose(ClientCalls.java:479)
	at org.apache.ratis.thirdparty.io.grpc.PartialForwardingClientCallListener.onClose(PartialForwardingClientCallListener.java:39)
	at org.apache.ratis.thirdparty.io.grpc.ForwardingClientCallListener.onClose(ForwardingClientCallListener.java:23)
	at org.apache.ratis.grpc.metrics.intercept.client.MetricClientCallListener.onClose(MetricClientCallListener.java:47)
	at org.apache.ratis.thirdparty.io.grpc.internal.DelayedClientCall$DelayedListener$3.run(DelayedClientCall.java:463)
	at org.apache.ratis.thirdparty.io.grpc.internal.DelayedClientCall$DelayedListener.delayOrExecute(DelayedClientCall.java:427)
	at org.apache.ratis.thirdparty.io.grpc.internal.DelayedClientCall$DelayedListener.onClose(DelayedClientCall.java:460)
	at org.apache.ratis.thirdparty.io.grpc.internal.ClientCallImpl.closeObserver(ClientCallImpl.java:562)
	at org.apache.ratis.thirdparty.io.grpc.internal.ClientCallImpl.access$300(ClientCallImpl.java:70)
	at org.apache.ratis.thirdparty.io.grpc.internal.ClientCallImpl$ClientStreamListenerImpl$1StreamClosed.runInternal(ClientCallImpl.java:743)
	at org.apache.ratis.thirdparty.io.grpc.internal.ClientCallImpl$ClientStreamListenerImpl$1StreamClosed.runInContext(ClientCallImpl.java:722)
	at org.apache.ratis.thirdparty.io.grpc.internal.ContextRunnable.run(ContextRunnable.java:37)
	at org.apache.ratis.thirdparty.io.grpc.internal.SerializingExecutor.run(SerializingExecutor.java:133)
	at java.util.concurrent.ThreadPoolExecutor.runWorker(ThreadPoolExecutor.java:1149)
	at java.util.concurrent.ThreadPoolExecutor$Worker.run(ThreadPoolExecutor.java:624)
	at java.lang.Thread.run(Thread.java:750)
Caused by: org.apache.ratis.thirdparty.io.grpc.StatusRuntimeException: UNAVAILABLE: io exception
	at org.apache.ratis.thirdparty.io.grpc.Status.asRuntimeException(Status.java:535)
	... 16 more
Caused by: org.apache.ratis.thirdparty.io.netty.channel.AbstractChannel$AnnotatedConnectException: finishConnect(..) failed: Connection refused: localhost/127.0.0.1:34157
Caused by: java.net.ConnectException: finishConnect(..) failed: Connection refused
	at org.apache.ratis.thirdparty.io.netty.channel.unix.Errors.newConnectException0(Errors.java:155)
	at org.apache.ratis.thirdparty.io.netty.channel.unix.Errors.handleConnectErrno(Errors.java:128)
	at org.apache.ratis.thirdparty.io.netty.channel.unix.Socket.finishConnect(Socket.java:321)
	at org.apache.ratis.thirdparty.io.netty.channel.epoll.AbstractEpollChannel$AbstractEpollUnsafe.doFinishConnect(AbstractEpollChannel.java:710)
	at org.apache.ratis.thirdparty.io.netty.channel.epoll.AbstractEpollChannel$AbstractEpollUnsafe.finishConnect(AbstractEpollChannel.java:687)
	at org.apache.ratis.thirdparty.io.netty.channel.epoll.AbstractEpollChannel$AbstractEpollUnsafe.epollOutReady(AbstractEpollChannel.java:567)
	at org.apache.ratis.thirdparty.io.netty.channel.epoll.EpollEventLoop.processReady(EpollEventLoop.java:477)
	at org.apache.ratis.thirdparty.io.netty.channel.epoll.EpollEventLoop.run(EpollEventLoop.java:385)
	at org.apache.ratis.thirdparty.io.netty.util.concurrent.SingleThreadEventExecutor$4.run(SingleThreadEventExecutor.java:995)
	at org.apache.ratis.thirdparty.io.netty.util.internal.ThreadExecutorMap$2.run(ThreadExecutorMap.java:74)
	at org.apache.ratis.thirdparty.io.netty.util.concurrent.FastThreadLocalRunnable.run(FastThreadLocalRunnable.java:30)
	at java.lang.Thread.run(Thread.java:750)
2022-07-23 19:35:41,766 [grpc-default-executor-3] DEBUG client.RaftClient (RaftClientImpl.java:handleIOException(385)) - client-D4CF2906D61D: oldLeader=s0,  curLeader=s0, newLeader=null
2022-07-23 19:35:41,869 [grpc-default-executor-15] ERROR impl.OrderedAsync (OrderedAsync.java:lambda$send$4(175)) - Failed to send request, message=m0
java.util.concurrent.CompletionException: org.apache.ratis.protocol.exceptions.RaftRetryFailureException: Failed RaftClientRequest:client-D4CF2906D61D->s0@group-2C6CC0A4AD38, cid=2865, seq=11*, RW, m0 for 10 attempts with RetryLimited(maxAttempts=10, sleepTime=100ms)
	at java.util.concurrent.CompletableFuture.encodeThrowable(CompletableFuture.java:292)
	at java.util.concurrent.CompletableFuture.completeThrowable(CompletableFuture.java:308)
	at java.util.concurrent.CompletableFuture.uniApply(CompletableFuture.java:607)
	at java.util.concurrent.CompletableFuture$UniApply.tryFire(CompletableFuture.java:591)
	at java.util.concurrent.CompletableFuture.postComplete(CompletableFuture.java:488)
	at java.util.concurrent.CompletableFuture.completeExceptionally(CompletableFuture.java:1990)
	at org.apache.ratis.client.impl.OrderedAsync$PendingOrderedRequest.fail(OrderedAsync.java:104)
	at org.apache.ratis.util.SlidingWindow$Client.fail(SlidingWindow.java:364)
	at org.apache.ratis.client.impl.OrderedAsync.failAllAsyncRequests(OrderedAsync.java:148)
	at org.apache.ratis.client.impl.OrderedAsync.handleAsyncRetryFailure(OrderedAsync.java:152)
	at org.apache.ratis.client.impl.OrderedAsync.lambda$sendRequest$10(OrderedAsync.java:262)
	at java.util.concurrent.CompletableFuture.uniExceptionally(CompletableFuture.java:884)
	at java.util.concurrent.CompletableFuture$UniExceptionally.tryFire(CompletableFuture.java:866)
	at java.util.concurrent.CompletableFuture.postComplete(CompletableFuture.java:488)
	at java.util.concurrent.CompletableFuture.completeExceptionally(CompletableFuture.java:1990)
	at org.apache.ratis.grpc.client.GrpcClientProtocolClient$AsyncStreamObservers.completeReplyExceptionally(GrpcClientProtocolClient.java:405)
	at org.apache.ratis.grpc.client.GrpcClientProtocolClient$AsyncStreamObservers.access$000(GrpcClientProtocolClient.java:311)
	at org.apache.ratis.grpc.client.GrpcClientProtocolClient$AsyncStreamObservers$1.onError(GrpcClientProtocolClient.java:342)
	at org.apache.ratis.thirdparty.io.grpc.stub.ClientCalls$StreamObserverToCallListenerAdapter.onClose(ClientCalls.java:479)
	at org.apache.ratis.thirdparty.io.grpc.PartialForwardingClientCallListener.onClose(PartialForwardingClientCallListener.java:39)
	at org.apache.ratis.thirdparty.io.grpc.ForwardingClientCallListener.onClose(ForwardingClientCallListener.java:23)
	at org.apache.ratis.grpc.metrics.intercept.client.MetricClientCallListener.onClose(MetricClientCallListener.java:47)
	at org.apache.ratis.thirdparty.io.grpc.internal.DelayedClientCall$DelayedListener$3.run(DelayedClientCall.java:463)
	at org.apache.ratis.thirdparty.io.grpc.internal.DelayedClientCall$DelayedListener.delayOrExecute(DelayedClientCall.java:427)
	at org.apache.ratis.thirdparty.io.grpc.internal.DelayedClientCall$DelayedListener.onClose(DelayedClientCall.java:460)
	at org.apache.ratis.thirdparty.io.grpc.internal.ClientCallImpl.closeObserver(ClientCallImpl.java:562)
	at org.apache.ratis.thirdparty.io.grpc.internal.ClientCallImpl.access$300(ClientCallImpl.java:70)
	at org.apache.ratis.thirdparty.io.grpc.internal.ClientCallImpl$ClientStreamListenerImpl$1StreamClosed.runInternal(ClientCallImpl.java:743)
	at org.apache.ratis.thirdparty.io.grpc.internal.ClientCallImpl$ClientStreamListenerImpl$1StreamClosed.runInContext(ClientCallImpl.java:722)
	at org.apache.ratis.thirdparty.io.grpc.internal.ContextRunnable.run(ContextRunnable.java:37)
	at org.apache.ratis.thirdparty.io.grpc.internal.SerializingExecutor.run(SerializingExecutor.java:133)
	at java.util.concurrent.ThreadPoolExecutor.runWorker(ThreadPoolExecutor.java:1149)
	at java.util.concurrent.ThreadPoolExecutor$Worker.run(ThreadPoolExecutor.java:624)
	at java.lang.Thread.run(Thread.java:750)
Caused by: org.apache.ratis.protocol.exceptions.RaftRetryFailureException: Failed RaftClientRequest:client-D4CF2906D61D->s0@group-2C6CC0A4AD38, cid=2865, seq=11*, RW, m0 for 10 attempts with RetryLimited(maxAttempts=10, sleepTime=100ms)
	at org.apache.ratis.client.impl.RaftClientImpl.noMoreRetries(RaftClientImpl.java:306)
	... 25 more
Caused by: java.io.IOException: org.apache.ratis.thirdparty.io.grpc.StatusRuntimeException: UNAVAILABLE: io exception
	at org.apache.ratis.grpc.GrpcUtil.unwrapException(GrpcUtil.java:92)
	at org.apache.ratis.grpc.GrpcUtil.unwrapIOException(GrpcUtil.java:152)
	at org.apache.ratis.grpc.client.GrpcClientProtocolClient$AsyncStreamObservers$1.onError(GrpcClientProtocolClient.java:341)
	... 16 more
Caused by: org.apache.ratis.thirdparty.io.grpc.StatusRuntimeException: UNAVAILABLE: io exception
	at org.apache.ratis.thirdparty.io.grpc.Status.asRuntimeException(Status.java:535)
	... 16 more
Caused by: org.apache.ratis.thirdparty.io.netty.channel.AbstractChannel$AnnotatedConnectException: finishConnect(..) failed: Connection refused: localhost/127.0.0.1:34157
Caused by: java.net.ConnectException: finishConnect(..) failed: Connection refused
	at org.apache.ratis.thirdparty.io.netty.channel.unix.Errors.newConnectException0(Errors.java:155)
	at org.apache.ratis.thirdparty.io.netty.channel.unix.Errors.handleConnectErrno(Errors.java:128)
	at org.apache.ratis.thirdparty.io.netty.channel.unix.Socket.finishConnect(Socket.java:321)
	at org.apache.ratis.thirdparty.io.netty.channel.epoll.AbstractEpollChannel$AbstractEpollUnsafe.doFinishConnect(AbstractEpollChannel.java:710)
	at org.apache.ratis.thirdparty.io.netty.channel.epoll.AbstractEpollChannel$AbstractEpollUnsafe.finishConnect(AbstractEpollChannel.java:687)
	at org.apache.ratis.thirdparty.io.netty.channel.epoll.AbstractEpollChannel$AbstractEpollUnsafe.epollOutReady(AbstractEpollChannel.java:567)
	at org.apache.ratis.thirdparty.io.netty.channel.epoll.EpollEventLoop.processReady(EpollEventLoop.java:477)
	at org.apache.ratis.thirdparty.io.netty.channel.epoll.EpollEventLoop.run(EpollEventLoop.java:385)
	at org.apache.ratis.thirdparty.io.netty.util.concurrent.SingleThreadEventExecutor$4.run(SingleThreadEventExecutor.java:995)
	at org.apache.ratis.thirdparty.io.netty.util.internal.ThreadExecutorMap$2.run(ThreadExecutorMap.java:74)
	at org.apache.ratis.thirdparty.io.netty.util.concurrent.FastThreadLocalRunnable.run(FastThreadLocalRunnable.java:30)
	at java.lang.Thread.run(Thread.java:750)
2022-07-23 19:35:41,870 [grpc-default-executor-15] ERROR impl.OrderedAsync (OrderedAsync.java:lambda$send$4(175)) - Failed to send request, message=m1
java.util.concurrent.CompletionException: org.apache.ratis.protocol.exceptions.AlreadyClosedException: SlidingWindow$Client:client-D4CF2906D61D->RAFT is closed.
	at java.util.concurrent.CompletableFuture.encodeThrowable(CompletableFuture.java:292)
	at java.util.concurrent.CompletableFuture.completeThrowable(CompletableFuture.java:308)
	at java.util.concurrent.CompletableFuture.uniApply(CompletableFuture.java:607)
	at java.util.concurrent.CompletableFuture$UniApply.tryFire(CompletableFuture.java:591)
	at java.util.concurrent.CompletableFuture.postComplete(CompletableFuture.java:488)
	at java.util.concurrent.CompletableFuture.completeExceptionally(CompletableFuture.java:1990)
	at org.apache.ratis.client.impl.OrderedAsync$PendingOrderedRequest.fail(OrderedAsync.java:104)
	at org.apache.ratis.util.SlidingWindow$Client.alreadyClosed(SlidingWindow.java:378)
	at org.apache.ratis.util.SlidingWindow$Client.fail(SlidingWindow.java:366)
	at org.apache.ratis.client.impl.OrderedAsync.failAllAsyncRequests(OrderedAsync.java:148)
	at org.apache.ratis.client.impl.OrderedAsync.handleAsyncRetryFailure(OrderedAsync.java:152)
	at org.apache.ratis.client.impl.OrderedAsync.lambda$sendRequest$10(OrderedAsync.java:262)
	at java.util.concurrent.CompletableFuture.uniExceptionally(CompletableFuture.java:884)
	at java.util.concurrent.CompletableFuture$UniExceptionally.tryFire(CompletableFuture.java:866)
	at java.util.concurrent.CompletableFuture.postComplete(CompletableFuture.java:488)
	at java.util.concurrent.CompletableFuture.completeExceptionally(CompletableFuture.java:1990)
	at org.apache.ratis.grpc.client.GrpcClientProtocolClient$AsyncStreamObservers.completeReplyExceptionally(GrpcClientProtocolClient.java:405)
	at org.apache.ratis.grpc.client.GrpcClientProtocolClient$AsyncStreamObservers.access$000(GrpcClientProtocolClient.java:311)
	at org.apache.ratis.grpc.client.GrpcClientProtocolClient$AsyncStreamObservers$1.onError(GrpcClientProtocolClient.java:342)
	at org.apache.ratis.thirdparty.io.grpc.stub.ClientCalls$StreamObserverToCallListenerAdapter.onClose(ClientCalls.java:479)
	at org.apache.ratis.thirdparty.io.grpc.PartialForwardingClientCallListener.onClose(PartialForwardingClientCallListener.java:39)
	at org.apache.ratis.thirdparty.io.grpc.ForwardingClientCallListener.onClose(ForwardingClientCallListener.java:23)
	at org.apache.ratis.grpc.metrics.intercept.client.MetricClientCallListener.onClose(MetricClientCallListener.java:47)
	at org.apache.ratis.thirdparty.io.grpc.internal.DelayedClientCall$DelayedListener$3.run(DelayedClientCall.java:463)
	at org.apache.ratis.thirdparty.io.grpc.internal.DelayedClientCall$DelayedListener.delayOrExecute(DelayedClientCall.java:427)
	at org.apache.ratis.thirdparty.io.grpc.internal.DelayedClientCall$DelayedListener.onClose(DelayedClientCall.java:460)
	at org.apache.ratis.thirdparty.io.grpc.internal.ClientCallImpl.closeObserver(ClientCallImpl.java:562)
	at org.apache.ratis.thirdparty.io.grpc.internal.ClientCallImpl.access$300(ClientCallImpl.java:70)
	at org.apache.ratis.thirdparty.io.grpc.internal.ClientCallImpl$ClientStreamListenerImpl$1StreamClosed.runInternal(ClientCallImpl.java:743)
	at org.apache.ratis.thirdparty.io.grpc.internal.ClientCallImpl$ClientStreamListenerImpl$1StreamClosed.runInContext(ClientCallImpl.java:722)
	at org.apache.ratis.thirdparty.io.grpc.internal.ContextRunnable.run(ContextRunnable.java:37)
	at org.apache.ratis.thirdparty.io.grpc.internal.SerializingExecutor.run(SerializingExecutor.java:133)
	at java.util.concurrent.ThreadPoolExecutor.runWorker(ThreadPoolExecutor.java:1149)
	at java.util.concurrent.ThreadPoolExecutor$Worker.run(ThreadPoolExecutor.java:624)
	at java.lang.Thread.run(Thread.java:750)
Caused by: org.apache.ratis.protocol.exceptions.AlreadyClosedException: SlidingWindow$Client:client-D4CF2906D61D->RAFT is closed.
	... 28 more
Caused by: org.apache.ratis.protocol.exceptions.RaftRetryFailureException: Failed RaftClientRequest:client-D4CF2906D61D->s0@group-2C6CC0A4AD38, cid=2865, seq=11*, RW, m0 for 10 attempts with RetryLimited(maxAttempts=10, sleepTime=100ms)
	at org.apache.ratis.client.impl.RaftClientImpl.noMoreRetries(RaftClientImpl.java:306)
	... 25 more
Caused by: java.io.IOException: org.apache.ratis.thirdparty.io.grpc.StatusRuntimeException: UNAVAILABLE: io exception
	at org.apache.ratis.grpc.GrpcUtil.unwrapException(GrpcUtil.java:92)
	at org.apache.ratis.grpc.GrpcUtil.unwrapIOException(GrpcUtil.java:152)
	at org.apache.ratis.grpc.client.GrpcClientProtocolClient$AsyncStreamObservers$1.onError(GrpcClientProtocolClient.java:341)
	... 16 more
Caused by: org.apache.ratis.thirdparty.io.grpc.StatusRuntimeException: UNAVAILABLE: io exception
	at org.apache.ratis.thirdparty.io.grpc.Status.asRuntimeException(Status.java:535)
	... 16 more
Caused by: org.apache.ratis.thirdparty.io.netty.channel.AbstractChannel$AnnotatedConnectException: finishConnect(..) failed: Connection refused: localhost/127.0.0.1:34157
Caused by: java.net.ConnectException: finishConnect(..) failed: Connection refused
	at org.apache.ratis.thirdparty.io.netty.channel.unix.Errors.newConnectException0(Errors.java:155)
	at org.apache.ratis.thirdparty.io.netty.channel.unix.Errors.handleConnectErrno(Errors.java:128)
	at org.apache.ratis.thirdparty.io.netty.channel.unix.Socket.finishConnect(Socket.java:321)
	at org.apache.ratis.thirdparty.io.netty.channel.epoll.AbstractEpollChannel$AbstractEpollUnsafe.doFinishConnect(AbstractEpollChannel.java:710)
	at org.apache.ratis.thirdparty.io.netty.channel.epoll.AbstractEpollChannel$AbstractEpollUnsafe.finishConnect(AbstractEpollChannel.java:687)
	at org.apache.ratis.thirdparty.io.netty.channel.epoll.AbstractEpollChannel$AbstractEpollUnsafe.epollOutReady(AbstractEpollChannel.java:567)
	at org.apache.ratis.thirdparty.io.netty.channel.epoll.EpollEventLoop.processReady(EpollEventLoop.java:477)
	at org.apache.ratis.thirdparty.io.netty.channel.epoll.EpollEventLoop.run(EpollEventLoop.java:385)
	at org.apache.ratis.thirdparty.io.netty.util.concurrent.SingleThreadEventExecutor$4.run(SingleThreadEventExecutor.java:995)
	at org.apache.ratis.thirdparty.io.netty.util.internal.ThreadExecutorMap$2.run(ThreadExecutorMap.java:74)
	at org.apache.ratis.thirdparty.io.netty.util.concurrent.FastThreadLocalRunnable.run(FastThreadLocalRunnable.java:30)
	at java.lang.Thread.run(Thread.java:750)
2022-07-23 19:35:41,870 [grpc-default-executor-15] ERROR impl.OrderedAsync (OrderedAsync.java:lambda$send$4(175)) - Failed to send request, message=m2
java.util.concurrent.CompletionException: org.apache.ratis.protocol.exceptions.AlreadyClosedException: SlidingWindow$Client:client-D4CF2906D61D->RAFT is closed.
	at java.util.concurrent.CompletableFuture.encodeThrowable(CompletableFuture.java:292)
	at java.util.concurrent.CompletableFuture.completeThrowable(CompletableFuture.java:308)
	at java.util.concurrent.CompletableFuture.uniApply(CompletableFuture.java:607)
	at java.util.concurrent.CompletableFuture$UniApply.tryFire(CompletableFuture.java:591)
	at java.util.concurrent.CompletableFuture.postComplete(CompletableFuture.java:488)
	at java.util.concurrent.CompletableFuture.completeExceptionally(CompletableFuture.java:1990)
	at org.apache.ratis.client.impl.OrderedAsync$PendingOrderedRequest.fail(OrderedAsync.java:104)
	at org.apache.ratis.util.SlidingWindow$Client.alreadyClosed(SlidingWindow.java:378)
	at org.apache.ratis.util.SlidingWindow$Client.fail(SlidingWindow.java:366)
	at org.apache.ratis.client.impl.OrderedAsync.failAllAsyncRequests(OrderedAsync.java:148)
	at org.apache.ratis.client.impl.OrderedAsync.handleAsyncRetryFailure(OrderedAsync.java:152)
	at org.apache.ratis.client.impl.OrderedAsync.lambda$sendRequest$10(OrderedAsync.java:262)
	at java.util.concurrent.CompletableFuture.uniExceptionally(CompletableFuture.java:884)
	at java.util.concurrent.CompletableFuture$UniExceptionally.tryFire(CompletableFuture.java:866)
	at java.util.concurrent.CompletableFuture.postComplete(CompletableFuture.java:488)
	at java.util.concurrent.CompletableFuture.completeExceptionally(CompletableFuture.java:1990)
	at org.apache.ratis.grpc.client.GrpcClientProtocolClient$AsyncStreamObservers.completeReplyExceptionally(GrpcClientProtocolClient.java:405)
	at org.apache.ratis.grpc.client.GrpcClientProtocolClient$AsyncStreamObservers.access$000(GrpcClientProtocolClient.java:311)
	at org.apache.ratis.grpc.client.GrpcClientProtocolClient$AsyncStreamObservers$1.onError(GrpcClientProtocolClient.java:342)
	at org.apache.ratis.thirdparty.io.grpc.stub.ClientCalls$StreamObserverToCallListenerAdapter.onClose(ClientCalls.java:479)
	at org.apache.ratis.thirdparty.io.grpc.PartialForwardingClientCallListener.onClose(PartialForwardingClientCallListener.java:39)
	at org.apache.ratis.thirdparty.io.grpc.ForwardingClientCallListener.onClose(ForwardingClientCallListener.java:23)
	at org.apache.ratis.grpc.metrics.intercept.client.MetricClientCallListener.onClose(MetricClientCallListener.java:47)
	at org.apache.ratis.thirdparty.io.grpc.internal.DelayedClientCall$DelayedListener$3.run(DelayedClientCall.java:463)
	at org.apache.ratis.thirdparty.io.grpc.internal.DelayedClientCall$DelayedListener.delayOrExecute(DelayedClientCall.java:427)
	at org.apache.ratis.thirdparty.io.grpc.internal.DelayedClientCall$DelayedListener.onClose(DelayedClientCall.java:460)
	at org.apache.ratis.thirdparty.io.grpc.internal.ClientCallImpl.closeObserver(ClientCallImpl.java:562)
	at org.apache.ratis.thirdparty.io.grpc.internal.ClientCallImpl.access$300(ClientCallImpl.java:70)
	at org.apache.ratis.thirdparty.io.grpc.internal.ClientCallImpl$ClientStreamListenerImpl$1StreamClosed.runInternal(ClientCallImpl.java:743)
	at org.apache.ratis.thirdparty.io.grpc.internal.ClientCallImpl$ClientStreamListenerImpl$1StreamClosed.runInContext(ClientCallImpl.java:722)
	at org.apache.ratis.thirdparty.io.grpc.internal.ContextRunnable.run(ContextRunnable.java:37)
	at org.apache.ratis.thirdparty.io.grpc.internal.SerializingExecutor.run(SerializingExecutor.java:133)
	at java.util.concurrent.ThreadPoolExecutor.runWorker(ThreadPoolExecutor.java:1149)
	at java.util.concurrent.ThreadPoolExecutor$Worker.run(ThreadPoolExecutor.java:624)
	at java.lang.Thread.run(Thread.java:750)
Caused by: org.apache.ratis.protocol.exceptions.AlreadyClosedException: SlidingWindow$Client:client-D4CF2906D61D->RAFT is closed.
	... 28 more
Caused by: org.apache.ratis.protocol.exceptions.RaftRetryFailureException: Failed RaftClientRequest:client-D4CF2906D61D->s0@group-2C6CC0A4AD38, cid=2865, seq=11*, RW, m0 for 10 attempts with RetryLimited(maxAttempts=10, sleepTime=100ms)
	at org.apache.ratis.client.impl.RaftClientImpl.noMoreRetries(RaftClientImpl.java:306)
	... 25 more
Caused by: java.io.IOException: org.apache.ratis.thirdparty.io.grpc.StatusRuntimeException: UNAVAILABLE: io exception
	at org.apache.ratis.grpc.GrpcUtil.unwrapException(GrpcUtil.java:92)
	at org.apache.ratis.grpc.GrpcUtil.unwrapIOException(GrpcUtil.java:152)
	at org.apache.ratis.grpc.client.GrpcClientProtocolClient$AsyncStreamObservers$1.onError(GrpcClientProtocolClient.java:341)
	... 16 more
Caused by: org.apache.ratis.thirdparty.io.grpc.StatusRuntimeException: UNAVAILABLE: io exception
	at org.apache.ratis.thirdparty.io.grpc.Status.asRuntimeException(Status.java:535)
	... 16 more
Caused by: org.apache.ratis.thirdparty.io.netty.channel.AbstractChannel$AnnotatedConnectException: finishConnect(..) failed: Connection refused: localhost/127.0.0.1:34157
Caused by: java.net.ConnectException: finishConnect(..) failed: Connection refused
	at org.apache.ratis.thirdparty.io.netty.channel.unix.Errors.newConnectException0(Errors.java:155)
	at org.apache.ratis.thirdparty.io.netty.channel.unix.Errors.handleConnectErrno(Errors.java:128)
	at org.apache.ratis.thirdparty.io.netty.channel.unix.Socket.finishConnect(Socket.java:321)
	at org.apache.ratis.thirdparty.io.netty.channel.epoll.AbstractEpollChannel$AbstractEpollUnsafe.doFinishConnect(AbstractEpollChannel.java:710)
	at org.apache.ratis.thirdparty.io.netty.channel.epoll.AbstractEpollChannel$AbstractEpollUnsafe.finishConnect(AbstractEpollChannel.java:687)
	at org.apache.ratis.thirdparty.io.netty.channel.epoll.AbstractEpollChannel$AbstractEpollUnsafe.epollOutReady(AbstractEpollChannel.java:567)
	at org.apache.ratis.thirdparty.io.netty.channel.epoll.EpollEventLoop.processReady(EpollEventLoop.java:477)
	at org.apache.ratis.thirdparty.io.netty.channel.epoll.EpollEventLoop.run(EpollEventLoop.java:385)
	at org.apache.ratis.thirdparty.io.netty.util.concurrent.SingleThreadEventExecutor$4.run(SingleThreadEventExecutor.java:995)
	at org.apache.ratis.thirdparty.io.netty.util.internal.ThreadExecutorMap$2.run(ThreadExecutorMap.java:74)
	at org.apache.ratis.thirdparty.io.netty.util.concurrent.FastThreadLocalRunnable.run(FastThreadLocalRunnable.java:30)
	at java.lang.Thread.run(Thread.java:750)
2022-07-23 19:35:41,870 [grpc-default-executor-15] ERROR impl.OrderedAsync (OrderedAsync.java:lambda$send$4(175)) - Failed to send request, message=m3
java.util.concurrent.CompletionException: org.apache.ratis.protocol.exceptions.AlreadyClosedException: SlidingWindow$Client:client-D4CF2906D61D->RAFT is closed.
	at java.util.concurrent.CompletableFuture.encodeThrowable(CompletableFuture.java:292)
	at java.util.concurrent.CompletableFuture.completeThrowable(CompletableFuture.java:308)
	at java.util.concurrent.CompletableFuture.uniApply(CompletableFuture.java:607)
	at java.util.concurrent.CompletableFuture$UniApply.tryFire(CompletableFuture.java:591)
	at java.util.concurrent.CompletableFuture.postComplete(CompletableFuture.java:488)
	at java.util.concurrent.CompletableFuture.completeExceptionally(CompletableFuture.java:1990)
	at org.apache.ratis.client.impl.OrderedAsync$PendingOrderedRequest.fail(OrderedAsync.java:104)
	at org.apache.ratis.util.SlidingWindow$Client.alreadyClosed(SlidingWindow.java:378)
	at org.apache.ratis.util.SlidingWindow$Client.fail(SlidingWindow.java:366)
	at org.apache.ratis.client.impl.OrderedAsync.failAllAsyncRequests(OrderedAsync.java:148)
	at org.apache.ratis.client.impl.OrderedAsync.handleAsyncRetryFailure(OrderedAsync.java:152)
	at org.apache.ratis.client.impl.OrderedAsync.lambda$sendRequest$10(OrderedAsync.java:262)
	at java.util.concurrent.CompletableFuture.uniExceptionally(CompletableFuture.java:884)
	at java.util.concurrent.CompletableFuture$UniExceptionally.tryFire(CompletableFuture.java:866)
	at java.util.concurrent.CompletableFuture.postComplete(CompletableFuture.java:488)
	at java.util.concurrent.CompletableFuture.completeExceptionally(CompletableFuture.java:1990)
	at org.apache.ratis.grpc.client.GrpcClientProtocolClient$AsyncStreamObservers.completeReplyExceptionally(GrpcClientProtocolClient.java:405)
	at org.apache.ratis.grpc.client.GrpcClientProtocolClient$AsyncStreamObservers.access$000(GrpcClientProtocolClient.java:311)
	at org.apache.ratis.grpc.client.GrpcClientProtocolClient$AsyncStreamObservers$1.onError(GrpcClientProtocolClient.java:342)
	at org.apache.ratis.thirdparty.io.grpc.stub.ClientCalls$StreamObserverToCallListenerAdapter.onClose(ClientCalls.java:479)
	at org.apache.ratis.thirdparty.io.grpc.PartialForwardingClientCallListener.onClose(PartialForwardingClientCallListener.java:39)
	at org.apache.ratis.thirdparty.io.grpc.ForwardingClientCallListener.onClose(ForwardingClientCallListener.java:23)
	at org.apache.ratis.grpc.metrics.intercept.client.MetricClientCallListener.onClose(MetricClientCallListener.java:47)
	at org.apache.ratis.thirdparty.io.grpc.internal.DelayedClientCall$DelayedListener$3.run(DelayedClientCall.java:463)
	at org.apache.ratis.thirdparty.io.grpc.internal.DelayedClientCall$DelayedListener.delayOrExecute(DelayedClientCall.java:427)
	at org.apache.ratis.thirdparty.io.grpc.internal.DelayedClientCall$DelayedListener.onClose(DelayedClientCall.java:460)
	at org.apache.ratis.thirdparty.io.grpc.internal.ClientCallImpl.closeObserver(ClientCallImpl.java:562)
	at org.apache.ratis.thirdparty.io.grpc.internal.ClientCallImpl.access$300(ClientCallImpl.java:70)
	at org.apache.ratis.thirdparty.io.grpc.internal.ClientCallImpl$ClientStreamListenerImpl$1StreamClosed.runInternal(ClientCallImpl.java:743)
	at org.apache.ratis.thirdparty.io.grpc.internal.ClientCallImpl$ClientStreamListenerImpl$1StreamClosed.runInContext(ClientCallImpl.java:722)
	at org.apache.ratis.thirdparty.io.grpc.internal.ContextRunnable.run(ContextRunnable.java:37)
	at org.apache.ratis.thirdparty.io.grpc.internal.SerializingExecutor.run(SerializingExecutor.java:133)
	at java.util.concurrent.ThreadPoolExecutor.runWorker(ThreadPoolExecutor.java:1149)
	at java.util.concurrent.ThreadPoolExecutor$Worker.run(ThreadPoolExecutor.java:624)
	at java.lang.Thread.run(Thread.java:750)
Caused by: org.apache.ratis.protocol.exceptions.AlreadyClosedException: SlidingWindow$Client:client-D4CF2906D61D->RAFT is closed.
	... 28 more
Caused by: org.apache.ratis.protocol.exceptions.RaftRetryFailureException: Failed RaftClientRequest:client-D4CF2906D61D->s0@group-2C6CC0A4AD38, cid=2865, seq=11*, RW, m0 for 10 attempts with RetryLimited(maxAttempts=10, sleepTime=100ms)
	at org.apache.ratis.client.impl.RaftClientImpl.noMoreRetries(RaftClientImpl.java:306)
	... 25 more
Caused by: java.io.IOException: org.apache.ratis.thirdparty.io.grpc.StatusRuntimeException: UNAVAILABLE: io exception
	at org.apache.ratis.grpc.GrpcUtil.unwrapException(GrpcUtil.java:92)
	at org.apache.ratis.grpc.GrpcUtil.unwrapIOException(GrpcUtil.java:152)
	at org.apache.ratis.grpc.client.GrpcClientProtocolClient$AsyncStreamObservers$1.onError(GrpcClientProtocolClient.java:341)
	... 16 more
Caused by: org.apache.ratis.thirdparty.io.grpc.StatusRuntimeException: UNAVAILABLE: io exception
	at org.apache.ratis.thirdparty.io.grpc.Status.asRuntimeException(Status.java:535)
	... 16 more
Caused by: org.apache.ratis.thirdparty.io.netty.channel.AbstractChannel$AnnotatedConnectException: finishConnect(..) failed: Connection refused: localhost/127.0.0.1:34157
Caused by: java.net.ConnectException: finishConnect(..) failed: Connection refused
	at org.apache.ratis.thirdparty.io.netty.channel.unix.Errors.newConnectException0(Errors.java:155)
	at org.apache.ratis.thirdparty.io.netty.channel.unix.Errors.handleConnectErrno(Errors.java:128)
	at org.apache.ratis.thirdparty.io.netty.channel.unix.Socket.finishConnect(Socket.java:321)
	at org.apache.ratis.thirdparty.io.netty.channel.epoll.AbstractEpollChannel$AbstractEpollUnsafe.doFinishConnect(AbstractEpollChannel.java:710)
	at org.apache.ratis.thirdparty.io.netty.channel.epoll.AbstractEpollChannel$AbstractEpollUnsafe.finishConnect(AbstractEpollChannel.java:687)
	at org.apache.ratis.thirdparty.io.netty.channel.epoll.AbstractEpollChannel$AbstractEpollUnsafe.epollOutReady(AbstractEpollChannel.java:567)
	at org.apache.ratis.thirdparty.io.netty.channel.epoll.EpollEventLoop.processReady(EpollEventLoop.java:477)
	at org.apache.ratis.thirdparty.io.netty.channel.epoll.EpollEventLoop.run(EpollEventLoop.java:385)
	at org.apache.ratis.thirdparty.io.netty.util.concurrent.SingleThreadEventExecutor$4.run(SingleThreadEventExecutor.java:995)
	at org.apache.ratis.thirdparty.io.netty.util.internal.ThreadExecutorMap$2.run(ThreadExecutorMap.java:74)
	at org.apache.ratis.thirdparty.io.netty.util.concurrent.FastThreadLocalRunnable.run(FastThreadLocalRunnable.java:30)
	at java.lang.Thread.run(Thread.java:750)
2022-07-23 19:35:41,870 [grpc-default-executor-15] ERROR impl.OrderedAsync (OrderedAsync.java:lambda$send$4(175)) - Failed to send request, message=m4
java.util.concurrent.CompletionException: org.apache.ratis.protocol.exceptions.AlreadyClosedException: SlidingWindow$Client:client-D4CF2906D61D->RAFT is closed.
	at java.util.concurrent.CompletableFuture.encodeThrowable(CompletableFuture.java:292)
	at java.util.concurrent.CompletableFuture.completeThrowable(CompletableFuture.java:308)
	at java.util.concurrent.CompletableFuture.uniApply(CompletableFuture.java:607)
	at java.util.concurrent.CompletableFuture$UniApply.tryFire(CompletableFuture.java:591)
	at java.util.concurrent.CompletableFuture.postComplete(CompletableFuture.java:488)
	at java.util.concurrent.CompletableFuture.completeExceptionally(CompletableFuture.java:1990)
	at org.apache.ratis.client.impl.OrderedAsync$PendingOrderedRequest.fail(OrderedAsync.java:104)
	at org.apache.ratis.util.SlidingWindow$Client.alreadyClosed(SlidingWindow.java:378)
	at org.apache.ratis.util.SlidingWindow$Client.fail(SlidingWindow.java:366)
	at org.apache.ratis.client.impl.OrderedAsync.failAllAsyncRequests(OrderedAsync.java:148)
	at org.apache.ratis.client.impl.OrderedAsync.handleAsyncRetryFailure(OrderedAsync.java:152)
	at org.apache.ratis.client.impl.OrderedAsync.lambda$sendRequest$10(OrderedAsync.java:262)
	at java.util.concurrent.CompletableFuture.uniExceptionally(CompletableFuture.java:884)
	at java.util.concurrent.CompletableFuture$UniExceptionally.tryFire(CompletableFuture.java:866)
	at java.util.concurrent.CompletableFuture.postComplete(CompletableFuture.java:488)
	at java.util.concurrent.CompletableFuture.completeExceptionally(CompletableFuture.java:1990)
	at org.apache.ratis.grpc.client.GrpcClientProtocolClient$AsyncStreamObservers.completeReplyExceptionally(GrpcClientProtocolClient.java:405)
	at org.apache.ratis.grpc.client.GrpcClientProtocolClient$AsyncStreamObservers.access$000(GrpcClientProtocolClient.java:311)
	at org.apache.ratis.grpc.client.GrpcClientProtocolClient$AsyncStreamObservers$1.onError(GrpcClientProtocolClient.java:342)
	at org.apache.ratis.thirdparty.io.grpc.stub.ClientCalls$StreamObserverToCallListenerAdapter.onClose(ClientCalls.java:479)
	at org.apache.ratis.thirdparty.io.grpc.PartialForwardingClientCallListener.onClose(PartialForwardingClientCallListener.java:39)
	at org.apache.ratis.thirdparty.io.grpc.ForwardingClientCallListener.onClose(ForwardingClientCallListener.java:23)
	at org.apache.ratis.grpc.metrics.intercept.client.MetricClientCallListener.onClose(MetricClientCallListener.java:47)
	at org.apache.ratis.thirdparty.io.grpc.internal.DelayedClientCall$DelayedListener$3.run(DelayedClientCall.java:463)
	at org.apache.ratis.thirdparty.io.grpc.internal.DelayedClientCall$DelayedListener.delayOrExecute(DelayedClientCall.java:427)
	at org.apache.ratis.thirdparty.io.grpc.internal.DelayedClientCall$DelayedListener.onClose(DelayedClientCall.java:460)
	at org.apache.ratis.thirdparty.io.grpc.internal.ClientCallImpl.closeObserver(ClientCallImpl.java:562)
	at org.apache.ratis.thirdparty.io.grpc.internal.ClientCallImpl.access$300(ClientCallImpl.java:70)
	at org.apache.ratis.thirdparty.io.grpc.internal.ClientCallImpl$ClientStreamListenerImpl$1StreamClosed.runInternal(ClientCallImpl.java:743)
	at org.apache.ratis.thirdparty.io.grpc.internal.ClientCallImpl$ClientStreamListenerImpl$1StreamClosed.runInContext(ClientCallImpl.java:722)
	at org.apache.ratis.thirdparty.io.grpc.internal.ContextRunnable.run(ContextRunnable.java:37)
	at org.apache.ratis.thirdparty.io.grpc.internal.SerializingExecutor.run(SerializingExecutor.java:133)
	at java.util.concurrent.ThreadPoolExecutor.runWorker(ThreadPoolExecutor.java:1149)
	at java.util.concurrent.ThreadPoolExecutor$Worker.run(ThreadPoolExecutor.java:624)
	at java.lang.Thread.run(Thread.java:750)
Caused by: org.apache.ratis.protocol.exceptions.AlreadyClosedException: SlidingWindow$Client:client-D4CF2906D61D->RAFT is closed.
	... 28 more
Caused by: org.apache.ratis.protocol.exceptions.RaftRetryFailureException: Failed RaftClientRequest:client-D4CF2906D61D->s0@group-2C6CC0A4AD38, cid=2865, seq=11*, RW, m0 for 10 attempts with RetryLimited(maxAttempts=10, sleepTime=100ms)
	at org.apache.ratis.client.impl.RaftClientImpl.noMoreRetries(RaftClientImpl.java:306)
	... 25 more
Caused by: java.io.IOException: org.apache.ratis.thirdparty.io.grpc.StatusRuntimeException: UNAVAILABLE: io exception
	at org.apache.ratis.grpc.GrpcUtil.unwrapException(GrpcUtil.java:92)
	at org.apache.ratis.grpc.GrpcUtil.unwrapIOException(GrpcUtil.java:152)
	at org.apache.ratis.grpc.client.GrpcClientProtocolClient$AsyncStreamObservers$1.onError(GrpcClientProtocolClient.java:341)
	... 16 more
Caused by: org.apache.ratis.thirdparty.io.grpc.StatusRuntimeException: UNAVAILABLE: io exception
	at org.apache.ratis.thirdparty.io.grpc.Status.asRuntimeException(Status.java:535)
	... 16 more
Caused by: org.apache.ratis.thirdparty.io.netty.channel.AbstractChannel$AnnotatedConnectException: finishConnect(..) failed: Connection refused: localhost/127.0.0.1:34157
Caused by: java.net.ConnectException: finishConnect(..) failed: Connection refused
	at org.apache.ratis.thirdparty.io.netty.channel.unix.Errors.newConnectException0(Errors.java:155)
	at org.apache.ratis.thirdparty.io.netty.channel.unix.Errors.handleConnectErrno(Errors.java:128)
	at org.apache.ratis.thirdparty.io.netty.channel.unix.Socket.finishConnect(Socket.java:321)
	at org.apache.ratis.thirdparty.io.netty.channel.epoll.AbstractEpollChannel$AbstractEpollUnsafe.doFinishConnect(AbstractEpollChannel.java:710)
	at org.apache.ratis.thirdparty.io.netty.channel.epoll.AbstractEpollChannel$AbstractEpollUnsafe.finishConnect(AbstractEpollChannel.java:687)
	at org.apache.ratis.thirdparty.io.netty.channel.epoll.AbstractEpollChannel$AbstractEpollUnsafe.epollOutReady(AbstractEpollChannel.java:567)
	at org.apache.ratis.thirdparty.io.netty.channel.epoll.EpollEventLoop.processReady(EpollEventLoop.java:477)
	at org.apache.ratis.thirdparty.io.netty.channel.epoll.EpollEventLoop.run(EpollEventLoop.java:385)
	at org.apache.ratis.thirdparty.io.netty.util.concurrent.SingleThreadEventExecutor$4.run(SingleThreadEventExecutor.java:995)
	at org.apache.ratis.thirdparty.io.netty.util.internal.ThreadExecutorMap$2.run(ThreadExecutorMap.java:74)
	at org.apache.ratis.thirdparty.io.netty.util.concurrent.FastThreadLocalRunnable.run(FastThreadLocalRunnable.java:30)
	at java.lang.Thread.run(Thread.java:750)
2022-07-23 19:35:41,870 [grpc-default-executor-15] ERROR impl.OrderedAsync (OrderedAsync.java:lambda$send$4(175)) - Failed to send request, message=m5
java.util.concurrent.CompletionException: org.apache.ratis.protocol.exceptions.AlreadyClosedException: SlidingWindow$Client:client-D4CF2906D61D->RAFT is closed.
	at java.util.concurrent.CompletableFuture.encodeThrowable(CompletableFuture.java:292)
	at java.util.concurrent.CompletableFuture.completeThrowable(CompletableFuture.java:308)
	at java.util.concurrent.CompletableFuture.uniApply(CompletableFuture.java:607)
	at java.util.concurrent.CompletableFuture$UniApply.tryFire(CompletableFuture.java:591)
	at java.util.concurrent.CompletableFuture.postComplete(CompletableFuture.java:488)
	at java.util.concurrent.CompletableFuture.completeExceptionally(CompletableFuture.java:1990)
	at org.apache.ratis.client.impl.OrderedAsync$PendingOrderedRequest.fail(OrderedAsync.java:104)
	at org.apache.ratis.util.SlidingWindow$Client.alreadyClosed(SlidingWindow.java:378)
	at org.apache.ratis.util.SlidingWindow$Client.fail(SlidingWindow.java:366)
	at org.apache.ratis.client.impl.OrderedAsync.failAllAsyncRequests(OrderedAsync.java:148)
	at org.apache.ratis.client.impl.OrderedAsync.handleAsyncRetryFailure(OrderedAsync.java:152)
	at org.apache.ratis.client.impl.OrderedAsync.lambda$sendRequest$10(OrderedAsync.java:262)
	at java.util.concurrent.CompletableFuture.uniExceptionally(CompletableFuture.java:884)
	at java.util.concurrent.CompletableFuture$UniExceptionally.tryFire(CompletableFuture.java:866)
	at java.util.concurrent.CompletableFuture.postComplete(CompletableFuture.java:488)
	at java.util.concurrent.CompletableFuture.completeExceptionally(CompletableFuture.java:1990)
	at org.apache.ratis.grpc.client.GrpcClientProtocolClient$AsyncStreamObservers.completeReplyExceptionally(GrpcClientProtocolClient.java:405)
	at org.apache.ratis.grpc.client.GrpcClientProtocolClient$AsyncStreamObservers.access$000(GrpcClientProtocolClient.java:311)
	at org.apache.ratis.grpc.client.GrpcClientProtocolClient$AsyncStreamObservers$1.onError(GrpcClientProtocolClient.java:342)
	at org.apache.ratis.thirdparty.io.grpc.stub.ClientCalls$StreamObserverToCallListenerAdapter.onClose(ClientCalls.java:479)
	at org.apache.ratis.thirdparty.io.grpc.PartialForwardingClientCallListener.onClose(PartialForwardingClientCallListener.java:39)
	at org.apache.ratis.thirdparty.io.grpc.ForwardingClientCallListener.onClose(ForwardingClientCallListener.java:23)
	at org.apache.ratis.grpc.metrics.intercept.client.MetricClientCallListener.onClose(MetricClientCallListener.java:47)
	at org.apache.ratis.thirdparty.io.grpc.internal.DelayedClientCall$DelayedListener$3.run(DelayedClientCall.java:463)
	at org.apache.ratis.thirdparty.io.grpc.internal.DelayedClientCall$DelayedListener.delayOrExecute(DelayedClientCall.java:427)
	at org.apache.ratis.thirdparty.io.grpc.internal.DelayedClientCall$DelayedListener.onClose(DelayedClientCall.java:460)
	at org.apache.ratis.thirdparty.io.grpc.internal.ClientCallImpl.closeObserver(ClientCallImpl.java:562)
	at org.apache.ratis.thirdparty.io.grpc.internal.ClientCallImpl.access$300(ClientCallImpl.java:70)
	at org.apache.ratis.thirdparty.io.grpc.internal.ClientCallImpl$ClientStreamListenerImpl$1StreamClosed.runInternal(ClientCallImpl.java:743)
	at org.apache.ratis.thirdparty.io.grpc.internal.ClientCallImpl$ClientStreamListenerImpl$1StreamClosed.runInContext(ClientCallImpl.java:722)
	at org.apache.ratis.thirdparty.io.grpc.internal.ContextRunnable.run(ContextRunnable.java:37)
	at org.apache.ratis.thirdparty.io.grpc.internal.SerializingExecutor.run(SerializingExecutor.java:133)
	at java.util.concurrent.ThreadPoolExecutor.runWorker(ThreadPoolExecutor.java:1149)
	at java.util.concurrent.ThreadPoolExecutor$Worker.run(ThreadPoolExecutor.java:624)
	at java.lang.Thread.run(Thread.java:750)
Caused by: org.apache.ratis.protocol.exceptions.AlreadyClosedException: SlidingWindow$Client:client-D4CF2906D61D->RAFT is closed.
	... 28 more
Caused by: org.apache.ratis.protocol.exceptions.RaftRetryFailureException: Failed RaftClientRequest:client-D4CF2906D61D->s0@group-2C6CC0A4AD38, cid=2865, seq=11*, RW, m0 for 10 attempts with RetryLimited(maxAttempts=10, sleepTime=100ms)
	at org.apache.ratis.client.impl.RaftClientImpl.noMoreRetries(RaftClientImpl.java:306)
	... 25 more
Caused by: java.io.IOException: org.apache.ratis.thirdparty.io.grpc.StatusRuntimeException: UNAVAILABLE: io exception
	at org.apache.ratis.grpc.GrpcUtil.unwrapException(GrpcUtil.java:92)
	at org.apache.ratis.grpc.GrpcUtil.unwrapIOException(GrpcUtil.java:152)
	at org.apache.ratis.grpc.client.GrpcClientProtocolClient$AsyncStreamObservers$1.onError(GrpcClientProtocolClient.java:341)
	... 16 more
Caused by: org.apache.ratis.thirdparty.io.grpc.StatusRuntimeException: UNAVAILABLE: io exception
	at org.apache.ratis.thirdparty.io.grpc.Status.asRuntimeException(Status.java:535)
	... 16 more
Caused by: org.apache.ratis.thirdparty.io.netty.channel.AbstractChannel$AnnotatedConnectException: finishConnect(..) failed: Connection refused: localhost/127.0.0.1:34157
Caused by: java.net.ConnectException: finishConnect(..) failed: Connection refused
	at org.apache.ratis.thirdparty.io.netty.channel.unix.Errors.newConnectException0(Errors.java:155)
	at org.apache.ratis.thirdparty.io.netty.channel.unix.Errors.handleConnectErrno(Errors.java:128)
	at org.apache.ratis.thirdparty.io.netty.channel.unix.Socket.finishConnect(Socket.java:321)
	at org.apache.ratis.thirdparty.io.netty.channel.epoll.AbstractEpollChannel$AbstractEpollUnsafe.doFinishConnect(AbstractEpollChannel.java:710)
	at org.apache.ratis.thirdparty.io.netty.channel.epoll.AbstractEpollChannel$AbstractEpollUnsafe.finishConnect(AbstractEpollChannel.java:687)
	at org.apache.ratis.thirdparty.io.netty.channel.epoll.AbstractEpollChannel$AbstractEpollUnsafe.epollOutReady(AbstractEpollChannel.java:567)
	at org.apache.ratis.thirdparty.io.netty.channel.epoll.EpollEventLoop.processReady(EpollEventLoop.java:477)
	at org.apache.ratis.thirdparty.io.netty.channel.epoll.EpollEventLoop.run(EpollEventLoop.java:385)
	at org.apache.ratis.thirdparty.io.netty.util.concurrent.SingleThreadEventExecutor$4.run(SingleThreadEventExecutor.java:995)
	at org.apache.ratis.thirdparty.io.netty.util.internal.ThreadExecutorMap$2.run(ThreadExecutorMap.java:74)
	at org.apache.ratis.thirdparty.io.netty.util.concurrent.FastThreadLocalRunnable.run(FastThreadLocalRunnable.java:30)
	at java.lang.Thread.run(Thread.java:750)
2022-07-23 19:35:41,871 [grpc-default-executor-15] ERROR impl.OrderedAsync (OrderedAsync.java:lambda$send$4(175)) - Failed to send request, message=m6
java.util.concurrent.CompletionException: org.apache.ratis.protocol.exceptions.AlreadyClosedException: SlidingWindow$Client:client-D4CF2906D61D->RAFT is closed.
	at java.util.concurrent.CompletableFuture.encodeThrowable(CompletableFuture.java:292)
	at java.util.concurrent.CompletableFuture.completeThrowable(CompletableFuture.java:308)
	at java.util.concurrent.CompletableFuture.uniApply(CompletableFuture.java:607)
	at java.util.concurrent.CompletableFuture$UniApply.tryFire(CompletableFuture.java:591)
	at java.util.concurrent.CompletableFuture.postComplete(CompletableFuture.java:488)
	at java.util.concurrent.CompletableFuture.completeExceptionally(CompletableFuture.java:1990)
	at org.apache.ratis.client.impl.OrderedAsync$PendingOrderedRequest.fail(OrderedAsync.java:104)
	at org.apache.ratis.util.SlidingWindow$Client.alreadyClosed(SlidingWindow.java:378)
	at org.apache.ratis.util.SlidingWindow$Client.fail(SlidingWindow.java:366)
	at org.apache.ratis.client.impl.OrderedAsync.failAllAsyncRequests(OrderedAsync.java:148)
	at org.apache.ratis.client.impl.OrderedAsync.handleAsyncRetryFailure(OrderedAsync.java:152)
	at org.apache.ratis.client.impl.OrderedAsync.lambda$sendRequest$10(OrderedAsync.java:262)
	at java.util.concurrent.CompletableFuture.uniExceptionally(CompletableFuture.java:884)
	at java.util.concurrent.CompletableFuture$UniExceptionally.tryFire(CompletableFuture.java:866)
	at java.util.concurrent.CompletableFuture.postComplete(CompletableFuture.java:488)
	at java.util.concurrent.CompletableFuture.completeExceptionally(CompletableFuture.java:1990)
	at org.apache.ratis.grpc.client.GrpcClientProtocolClient$AsyncStreamObservers.completeReplyExceptionally(GrpcClientProtocolClient.java:405)
	at org.apache.ratis.grpc.client.GrpcClientProtocolClient$AsyncStreamObservers.access$000(GrpcClientProtocolClient.java:311)
	at org.apache.ratis.grpc.client.GrpcClientProtocolClient$AsyncStreamObservers$1.onError(GrpcClientProtocolClient.java:342)
	at org.apache.ratis.thirdparty.io.grpc.stub.ClientCalls$StreamObserverToCallListenerAdapter.onClose(ClientCalls.java:479)
	at org.apache.ratis.thirdparty.io.grpc.PartialForwardingClientCallListener.onClose(PartialForwardingClientCallListener.java:39)
	at org.apache.ratis.thirdparty.io.grpc.ForwardingClientCallListener.onClose(ForwardingClientCallListener.java:23)
	at org.apache.ratis.grpc.metrics.intercept.client.MetricClientCallListener.onClose(MetricClientCallListener.java:47)
	at org.apache.ratis.thirdparty.io.grpc.internal.DelayedClientCall$DelayedListener$3.run(DelayedClientCall.java:463)
	at org.apache.ratis.thirdparty.io.grpc.internal.DelayedClientCall$DelayedListener.delayOrExecute(DelayedClientCall.java:427)
	at org.apache.ratis.thirdparty.io.grpc.internal.DelayedClientCall$DelayedListener.onClose(DelayedClientCall.java:460)
	at org.apache.ratis.thirdparty.io.grpc.internal.ClientCallImpl.closeObserver(ClientCallImpl.java:562)
	at org.apache.ratis.thirdparty.io.grpc.internal.ClientCallImpl.access$300(ClientCallImpl.java:70)
	at org.apache.ratis.thirdparty.io.grpc.internal.ClientCallImpl$ClientStreamListenerImpl$1StreamClosed.runInternal(ClientCallImpl.java:743)
	at org.apache.ratis.thirdparty.io.grpc.internal.ClientCallImpl$ClientStreamListenerImpl$1StreamClosed.runInContext(ClientCallImpl.java:722)
	at org.apache.ratis.thirdparty.io.grpc.internal.ContextRunnable.run(ContextRunnable.java:37)
	at org.apache.ratis.thirdparty.io.grpc.internal.SerializingExecutor.run(SerializingExecutor.java:133)
	at java.util.concurrent.ThreadPoolExecutor.runWorker(ThreadPoolExecutor.java:1149)
	at java.util.concurrent.ThreadPoolExecutor$Worker.run(ThreadPoolExecutor.java:624)
	at java.lang.Thread.run(Thread.java:750)
Caused by: org.apache.ratis.protocol.exceptions.AlreadyClosedException: SlidingWindow$Client:client-D4CF2906D61D->RAFT is closed.
	... 28 more
Caused by: org.apache.ratis.protocol.exceptions.RaftRetryFailureException: Failed RaftClientRequest:client-D4CF2906D61D->s0@group-2C6CC0A4AD38, cid=2865, seq=11*, RW, m0 for 10 attempts with RetryLimited(maxAttempts=10, sleepTime=100ms)
	at org.apache.ratis.client.impl.RaftClientImpl.noMoreRetries(RaftClientImpl.java:306)
	... 25 more
Caused by: java.io.IOException: org.apache.ratis.thirdparty.io.grpc.StatusRuntimeException: UNAVAILABLE: io exception
	at org.apache.ratis.grpc.GrpcUtil.unwrapException(GrpcUtil.java:92)
	at org.apache.ratis.grpc.GrpcUtil.unwrapIOException(GrpcUtil.java:152)
	at org.apache.ratis.grpc.client.GrpcClientProtocolClient$AsyncStreamObservers$1.onError(GrpcClientProtocolClient.java:341)
	... 16 more
Caused by: org.apache.ratis.thirdparty.io.grpc.StatusRuntimeException: UNAVAILABLE: io exception
	at org.apache.ratis.thirdparty.io.grpc.Status.asRuntimeException(Status.java:535)
	... 16 more
Caused by: org.apache.ratis.thirdparty.io.netty.channel.AbstractChannel$AnnotatedConnectException: finishConnect(..) failed: Connection refused: localhost/127.0.0.1:34157
Caused by: java.net.ConnectException: finishConnect(..) failed: Connection refused
	at org.apache.ratis.thirdparty.io.netty.channel.unix.Errors.newConnectException0(Errors.java:155)
	at org.apache.ratis.thirdparty.io.netty.channel.unix.Errors.handleConnectErrno(Errors.java:128)
	at org.apache.ratis.thirdparty.io.netty.channel.unix.Socket.finishConnect(Socket.java:321)
	at org.apache.ratis.thirdparty.io.netty.channel.epoll.AbstractEpollChannel$AbstractEpollUnsafe.doFinishConnect(AbstractEpollChannel.java:710)
	at org.apache.ratis.thirdparty.io.netty.channel.epoll.AbstractEpollChannel$AbstractEpollUnsafe.finishConnect(AbstractEpollChannel.java:687)
	at org.apache.ratis.thirdparty.io.netty.channel.epoll.AbstractEpollChannel$AbstractEpollUnsafe.epollOutReady(AbstractEpollChannel.java:567)
	at org.apache.ratis.thirdparty.io.netty.channel.epoll.EpollEventLoop.processReady(EpollEventLoop.java:477)
	at org.apache.ratis.thirdparty.io.netty.channel.epoll.EpollEventLoop.run(EpollEventLoop.java:385)
	at org.apache.ratis.thirdparty.io.netty.util.concurrent.SingleThreadEventExecutor$4.run(SingleThreadEventExecutor.java:995)
	at org.apache.ratis.thirdparty.io.netty.util.internal.ThreadExecutorMap$2.run(ThreadExecutorMap.java:74)
	at org.apache.ratis.thirdparty.io.netty.util.concurrent.FastThreadLocalRunnable.run(FastThreadLocalRunnable.java:30)
	at java.lang.Thread.run(Thread.java:750)
2022-07-23 19:35:41,871 [grpc-default-executor-15] ERROR impl.OrderedAsync (OrderedAsync.java:lambda$send$4(175)) - Failed to send request, message=m7
java.util.concurrent.CompletionException: org.apache.ratis.protocol.exceptions.AlreadyClosedException: SlidingWindow$Client:client-D4CF2906D61D->RAFT is closed.
	at java.util.concurrent.CompletableFuture.encodeThrowable(CompletableFuture.java:292)
	at java.util.concurrent.CompletableFuture.completeThrowable(CompletableFuture.java:308)
	at java.util.concurrent.CompletableFuture.uniApply(CompletableFuture.java:607)
	at java.util.concurrent.CompletableFuture$UniApply.tryFire(CompletableFuture.java:591)
	at java.util.concurrent.CompletableFuture.postComplete(CompletableFuture.java:488)
	at java.util.concurrent.CompletableFuture.completeExceptionally(CompletableFuture.java:1990)
	at org.apache.ratis.client.impl.OrderedAsync$PendingOrderedRequest.fail(OrderedAsync.java:104)
	at org.apache.ratis.util.SlidingWindow$Client.alreadyClosed(SlidingWindow.java:378)
	at org.apache.ratis.util.SlidingWindow$Client.fail(SlidingWindow.java:366)
	at org.apache.ratis.client.impl.OrderedAsync.failAllAsyncRequests(OrderedAsync.java:148)
	at org.apache.ratis.client.impl.OrderedAsync.handleAsyncRetryFailure(OrderedAsync.java:152)
	at org.apache.ratis.client.impl.OrderedAsync.lambda$sendRequest$10(OrderedAsync.java:262)
	at java.util.concurrent.CompletableFuture.uniExceptionally(CompletableFuture.java:884)
	at java.util.concurrent.CompletableFuture$UniExceptionally.tryFire(CompletableFuture.java:866)
	at java.util.concurrent.CompletableFuture.postComplete(CompletableFuture.java:488)
	at java.util.concurrent.CompletableFuture.completeExceptionally(CompletableFuture.java:1990)
	at org.apache.ratis.grpc.client.GrpcClientProtocolClient$AsyncStreamObservers.completeReplyExceptionally(GrpcClientProtocolClient.java:405)
	at org.apache.ratis.grpc.client.GrpcClientProtocolClient$AsyncStreamObservers.access$000(GrpcClientProtocolClient.java:311)
	at org.apache.ratis.grpc.client.GrpcClientProtocolClient$AsyncStreamObservers$1.onError(GrpcClientProtocolClient.java:342)
	at org.apache.ratis.thirdparty.io.grpc.stub.ClientCalls$StreamObserverToCallListenerAdapter.onClose(ClientCalls.java:479)
	at org.apache.ratis.thirdparty.io.grpc.PartialForwardingClientCallListener.onClose(PartialForwardingClientCallListener.java:39)
	at org.apache.ratis.thirdparty.io.grpc.ForwardingClientCallListener.onClose(ForwardingClientCallListener.java:23)
	at org.apache.ratis.grpc.metrics.intercept.client.MetricClientCallListener.onClose(MetricClientCallListener.java:47)
	at org.apache.ratis.thirdparty.io.grpc.internal.DelayedClientCall$DelayedListener$3.run(DelayedClientCall.java:463)
	at org.apache.ratis.thirdparty.io.grpc.internal.DelayedClientCall$DelayedListener.delayOrExecute(DelayedClientCall.java:427)
	at org.apache.ratis.thirdparty.io.grpc.internal.DelayedClientCall$DelayedListener.onClose(DelayedClientCall.java:460)
	at org.apache.ratis.thirdparty.io.grpc.internal.ClientCallImpl.closeObserver(ClientCallImpl.java:562)
	at org.apache.ratis.thirdparty.io.grpc.internal.ClientCallImpl.access$300(ClientCallImpl.java:70)
	at org.apache.ratis.thirdparty.io.grpc.internal.ClientCallImpl$ClientStreamListenerImpl$1StreamClosed.runInternal(ClientCallImpl.java:743)
	at org.apache.ratis.thirdparty.io.grpc.internal.ClientCallImpl$ClientStreamListenerImpl$1StreamClosed.runInContext(ClientCallImpl.java:722)
	at org.apache.ratis.thirdparty.io.grpc.internal.ContextRunnable.run(ContextRunnable.java:37)
	at org.apache.ratis.thirdparty.io.grpc.internal.SerializingExecutor.run(SerializingExecutor.java:133)
	at java.util.concurrent.ThreadPoolExecutor.runWorker(ThreadPoolExecutor.java:1149)
	at java.util.concurrent.ThreadPoolExecutor$Worker.run(ThreadPoolExecutor.java:624)
	at java.lang.Thread.run(Thread.java:750)
Caused by: org.apache.ratis.protocol.exceptions.AlreadyClosedException: SlidingWindow$Client:client-D4CF2906D61D->RAFT is closed.
	... 28 more
Caused by: org.apache.ratis.protocol.exceptions.RaftRetryFailureException: Failed RaftClientRequest:client-D4CF2906D61D->s0@group-2C6CC0A4AD38, cid=2865, seq=11*, RW, m0 for 10 attempts with RetryLimited(maxAttempts=10, sleepTime=100ms)
	at org.apache.ratis.client.impl.RaftClientImpl.noMoreRetries(RaftClientImpl.java:306)
	... 25 more
Caused by: java.io.IOException: org.apache.ratis.thirdparty.io.grpc.StatusRuntimeException: UNAVAILABLE: io exception
	at org.apache.ratis.grpc.GrpcUtil.unwrapException(GrpcUtil.java:92)
	at org.apache.ratis.grpc.GrpcUtil.unwrapIOException(GrpcUtil.java:152)
	at org.apache.ratis.grpc.client.GrpcClientProtocolClient$AsyncStreamObservers$1.onError(GrpcClientProtocolClient.java:341)
	... 16 more
Caused by: org.apache.ratis.thirdparty.io.grpc.StatusRuntimeException: UNAVAILABLE: io exception
	at org.apache.ratis.thirdparty.io.grpc.Status.asRuntimeException(Status.java:535)
	... 16 more
Caused by: org.apache.ratis.thirdparty.io.netty.channel.AbstractChannel$AnnotatedConnectException: finishConnect(..) failed: Connection refused: localhost/127.0.0.1:34157
Caused by: java.net.ConnectException: finishConnect(..) failed: Connection refused
	at org.apache.ratis.thirdparty.io.netty.channel.unix.Errors.newConnectException0(Errors.java:155)
	at org.apache.ratis.thirdparty.io.netty.channel.unix.Errors.handleConnectErrno(Errors.java:128)
	at org.apache.ratis.thirdparty.io.netty.channel.unix.Socket.finishConnect(Socket.java:321)
	at org.apache.ratis.thirdparty.io.netty.channel.epoll.AbstractEpollChannel$AbstractEpollUnsafe.doFinishConnect(AbstractEpollChannel.java:710)
	at org.apache.ratis.thirdparty.io.netty.channel.epoll.AbstractEpollChannel$AbstractEpollUnsafe.finishConnect(AbstractEpollChannel.java:687)
	at org.apache.ratis.thirdparty.io.netty.channel.epoll.AbstractEpollChannel$AbstractEpollUnsafe.epollOutReady(AbstractEpollChannel.java:567)
	at org.apache.ratis.thirdparty.io.netty.channel.epoll.EpollEventLoop.processReady(EpollEventLoop.java:477)
	at org.apache.ratis.thirdparty.io.netty.channel.epoll.EpollEventLoop.run(EpollEventLoop.java:385)
	at org.apache.ratis.thirdparty.io.netty.util.concurrent.SingleThreadEventExecutor$4.run(SingleThreadEventExecutor.java:995)
	at org.apache.ratis.thirdparty.io.netty.util.internal.ThreadExecutorMap$2.run(ThreadExecutorMap.java:74)
	at org.apache.ratis.thirdparty.io.netty.util.concurrent.FastThreadLocalRunnable.run(FastThreadLocalRunnable.java:30)
	at java.lang.Thread.run(Thread.java:750)
2022-07-23 19:35:41,871 [grpc-default-executor-15] ERROR impl.OrderedAsync (OrderedAsync.java:lambda$send$4(175)) - Failed to send request, message=m8
java.util.concurrent.CompletionException: org.apache.ratis.protocol.exceptions.AlreadyClosedException: SlidingWindow$Client:client-D4CF2906D61D->RAFT is closed.
	at java.util.concurrent.CompletableFuture.encodeThrowable(CompletableFuture.java:292)
	at java.util.concurrent.CompletableFuture.completeThrowable(CompletableFuture.java:308)
	at java.util.concurrent.CompletableFuture.uniApply(CompletableFuture.java:607)
	at java.util.concurrent.CompletableFuture$UniApply.tryFire(CompletableFuture.java:591)
	at java.util.concurrent.CompletableFuture.postComplete(CompletableFuture.java:488)
	at java.util.concurrent.CompletableFuture.completeExceptionally(CompletableFuture.java:1990)
	at org.apache.ratis.client.impl.OrderedAsync$PendingOrderedRequest.fail(OrderedAsync.java:104)
	at org.apache.ratis.util.SlidingWindow$Client.alreadyClosed(SlidingWindow.java:378)
	at org.apache.ratis.util.SlidingWindow$Client.fail(SlidingWindow.java:366)
	at org.apache.ratis.client.impl.OrderedAsync.failAllAsyncRequests(OrderedAsync.java:148)
	at org.apache.ratis.client.impl.OrderedAsync.handleAsyncRetryFailure(OrderedAsync.java:152)
	at org.apache.ratis.client.impl.OrderedAsync.lambda$sendRequest$10(OrderedAsync.java:262)
	at java.util.concurrent.CompletableFuture.uniExceptionally(CompletableFuture.java:884)
	at java.util.concurrent.CompletableFuture$UniExceptionally.tryFire(CompletableFuture.java:866)
	at java.util.concurrent.CompletableFuture.postComplete(CompletableFuture.java:488)
	at java.util.concurrent.CompletableFuture.completeExceptionally(CompletableFuture.java:1990)
	at org.apache.ratis.grpc.client.GrpcClientProtocolClient$AsyncStreamObservers.completeReplyExceptionally(GrpcClientProtocolClient.java:405)
	at org.apache.ratis.grpc.client.GrpcClientProtocolClient$AsyncStreamObservers.access$000(GrpcClientProtocolClient.java:311)
	at org.apache.ratis.grpc.client.GrpcClientProtocolClient$AsyncStreamObservers$1.onError(GrpcClientProtocolClient.java:342)
	at org.apache.ratis.thirdparty.io.grpc.stub.ClientCalls$StreamObserverToCallListenerAdapter.onClose(ClientCalls.java:479)
	at org.apache.ratis.thirdparty.io.grpc.PartialForwardingClientCallListener.onClose(PartialForwardingClientCallListener.java:39)
	at org.apache.ratis.thirdparty.io.grpc.ForwardingClientCallListener.onClose(ForwardingClientCallListener.java:23)
	at org.apache.ratis.grpc.metrics.intercept.client.MetricClientCallListener.onClose(MetricClientCallListener.java:47)
	at org.apache.ratis.thirdparty.io.grpc.internal.DelayedClientCall$DelayedListener$3.run(DelayedClientCall.java:463)
	at org.apache.ratis.thirdparty.io.grpc.internal.DelayedClientCall$DelayedListener.delayOrExecute(DelayedClientCall.java:427)
	at org.apache.ratis.thirdparty.io.grpc.internal.DelayedClientCall$DelayedListener.onClose(DelayedClientCall.java:460)
	at org.apache.ratis.thirdparty.io.grpc.internal.ClientCallImpl.closeObserver(ClientCallImpl.java:562)
	at org.apache.ratis.thirdparty.io.grpc.internal.ClientCallImpl.access$300(ClientCallImpl.java:70)
	at org.apache.ratis.thirdparty.io.grpc.internal.ClientCallImpl$ClientStreamListenerImpl$1StreamClosed.runInternal(ClientCallImpl.java:743)
	at org.apache.ratis.thirdparty.io.grpc.internal.ClientCallImpl$ClientStreamListenerImpl$1StreamClosed.runInContext(ClientCallImpl.java:722)
	at org.apache.ratis.thirdparty.io.grpc.internal.ContextRunnable.run(ContextRunnable.java:37)
	at org.apache.ratis.thirdparty.io.grpc.internal.SerializingExecutor.run(SerializingExecutor.java:133)
	at java.util.concurrent.ThreadPoolExecutor.runWorker(ThreadPoolExecutor.java:1149)
	at java.util.concurrent.ThreadPoolExecutor$Worker.run(ThreadPoolExecutor.java:624)
	at java.lang.Thread.run(Thread.java:750)
Caused by: org.apache.ratis.protocol.exceptions.AlreadyClosedException: SlidingWindow$Client:client-D4CF2906D61D->RAFT is closed.
	... 28 more
Caused by: org.apache.ratis.protocol.exceptions.RaftRetryFailureException: Failed RaftClientRequest:client-D4CF2906D61D->s0@group-2C6CC0A4AD38, cid=2865, seq=11*, RW, m0 for 10 attempts with RetryLimited(maxAttempts=10, sleepTime=100ms)
	at org.apache.ratis.client.impl.RaftClientImpl.noMoreRetries(RaftClientImpl.java:306)
	... 25 more
Caused by: java.io.IOException: org.apache.ratis.thirdparty.io.grpc.StatusRuntimeException: UNAVAILABLE: io exception
	at org.apache.ratis.grpc.GrpcUtil.unwrapException(GrpcUtil.java:92)
	at org.apache.ratis.grpc.GrpcUtil.unwrapIOException(GrpcUtil.java:152)
	at org.apache.ratis.grpc.client.GrpcClientProtocolClient$AsyncStreamObservers$1.onError(GrpcClientProtocolClient.java:341)
	... 16 more
Caused by: org.apache.ratis.thirdparty.io.grpc.StatusRuntimeException: UNAVAILABLE: io exception
	at org.apache.ratis.thirdparty.io.grpc.Status.asRuntimeException(Status.java:535)
	... 16 more
Caused by: org.apache.ratis.thirdparty.io.netty.channel.AbstractChannel$AnnotatedConnectException: finishConnect(..) failed: Connection refused: localhost/127.0.0.1:34157
Caused by: java.net.ConnectException: finishConnect(..) failed: Connection refused
	at org.apache.ratis.thirdparty.io.netty.channel.unix.Errors.newConnectException0(Errors.java:155)
	at org.apache.ratis.thirdparty.io.netty.channel.unix.Errors.handleConnectErrno(Errors.java:128)
	at org.apache.ratis.thirdparty.io.netty.channel.unix.Socket.finishConnect(Socket.java:321)
	at org.apache.ratis.thirdparty.io.netty.channel.epoll.AbstractEpollChannel$AbstractEpollUnsafe.doFinishConnect(AbstractEpollChannel.java:710)
	at org.apache.ratis.thirdparty.io.netty.channel.epoll.AbstractEpollChannel$AbstractEpollUnsafe.finishConnect(AbstractEpollChannel.java:687)
	at org.apache.ratis.thirdparty.io.netty.channel.epoll.AbstractEpollChannel$AbstractEpollUnsafe.epollOutReady(AbstractEpollChannel.java:567)
	at org.apache.ratis.thirdparty.io.netty.channel.epoll.EpollEventLoop.processReady(EpollEventLoop.java:477)
	at org.apache.ratis.thirdparty.io.netty.channel.epoll.EpollEventLoop.run(EpollEventLoop.java:385)
	at org.apache.ratis.thirdparty.io.netty.util.concurrent.SingleThreadEventExecutor$4.run(SingleThreadEventExecutor.java:995)
	at org.apache.ratis.thirdparty.io.netty.util.internal.ThreadExecutorMap$2.run(ThreadExecutorMap.java:74)
	at org.apache.ratis.thirdparty.io.netty.util.concurrent.FastThreadLocalRunnable.run(FastThreadLocalRunnable.java:30)
	at java.lang.Thread.run(Thread.java:750)
2022-07-23 19:35:41,871 [grpc-default-executor-15] ERROR impl.OrderedAsync (OrderedAsync.java:lambda$send$4(175)) - Failed to send request, message=m9
java.util.concurrent.CompletionException: org.apache.ratis.protocol.exceptions.AlreadyClosedException: SlidingWindow$Client:client-D4CF2906D61D->RAFT is closed.
	at java.util.concurrent.CompletableFuture.encodeThrowable(CompletableFuture.java:292)
	at java.util.concurrent.CompletableFuture.completeThrowable(CompletableFuture.java:308)
	at java.util.concurrent.CompletableFuture.uniApply(CompletableFuture.java:607)
	at java.util.concurrent.CompletableFuture$UniApply.tryFire(CompletableFuture.java:591)
	at java.util.concurrent.CompletableFuture.postComplete(CompletableFuture.java:488)
	at java.util.concurrent.CompletableFuture.completeExceptionally(CompletableFuture.java:1990)
	at org.apache.ratis.client.impl.OrderedAsync$PendingOrderedRequest.fail(OrderedAsync.java:104)
	at org.apache.ratis.util.SlidingWindow$Client.alreadyClosed(SlidingWindow.java:378)
	at org.apache.ratis.util.SlidingWindow$Client.fail(SlidingWindow.java:366)
	at org.apache.ratis.client.impl.OrderedAsync.failAllAsyncRequests(OrderedAsync.java:148)
	at org.apache.ratis.client.impl.OrderedAsync.handleAsyncRetryFailure(OrderedAsync.java:152)
	at org.apache.ratis.client.impl.OrderedAsync.lambda$sendRequest$10(OrderedAsync.java:262)
	at java.util.concurrent.CompletableFuture.uniExceptionally(CompletableFuture.java:884)
	at java.util.concurrent.CompletableFuture$UniExceptionally.tryFire(CompletableFuture.java:866)
	at java.util.concurrent.CompletableFuture.postComplete(CompletableFuture.java:488)
	at java.util.concurrent.CompletableFuture.completeExceptionally(CompletableFuture.java:1990)
	at org.apache.ratis.grpc.client.GrpcClientProtocolClient$AsyncStreamObservers.completeReplyExceptionally(GrpcClientProtocolClient.java:405)
	at org.apache.ratis.grpc.client.GrpcClientProtocolClient$AsyncStreamObservers.access$000(GrpcClientProtocolClient.java:311)
	at org.apache.ratis.grpc.client.GrpcClientProtocolClient$AsyncStreamObservers$1.onError(GrpcClientProtocolClient.java:342)
	at org.apache.ratis.thirdparty.io.grpc.stub.ClientCalls$StreamObserverToCallListenerAdapter.onClose(ClientCalls.java:479)
	at org.apache.ratis.thirdparty.io.grpc.PartialForwardingClientCallListener.onClose(PartialForwardingClientCallListener.java:39)
	at org.apache.ratis.thirdparty.io.grpc.ForwardingClientCallListener.onClose(ForwardingClientCallListener.java:23)
	at org.apache.ratis.grpc.metrics.intercept.client.MetricClientCallListener.onClose(MetricClientCallListener.java:47)
	at org.apache.ratis.thirdparty.io.grpc.internal.DelayedClientCall$DelayedListener$3.run(DelayedClientCall.java:463)
	at org.apache.ratis.thirdparty.io.grpc.internal.DelayedClientCall$DelayedListener.delayOrExecute(DelayedClientCall.java:427)
	at org.apache.ratis.thirdparty.io.grpc.internal.DelayedClientCall$DelayedListener.onClose(DelayedClientCall.java:460)
	at org.apache.ratis.thirdparty.io.grpc.internal.ClientCallImpl.closeObserver(ClientCallImpl.java:562)
	at org.apache.ratis.thirdparty.io.grpc.internal.ClientCallImpl.access$300(ClientCallImpl.java:70)
	at org.apache.ratis.thirdparty.io.grpc.internal.ClientCallImpl$ClientStreamListenerImpl$1StreamClosed.runInternal(ClientCallImpl.java:743)
	at org.apache.ratis.thirdparty.io.grpc.internal.ClientCallImpl$ClientStreamListenerImpl$1StreamClosed.runInContext(ClientCallImpl.java:722)
	at org.apache.ratis.thirdparty.io.grpc.internal.ContextRunnable.run(ContextRunnable.java:37)
	at org.apache.ratis.thirdparty.io.grpc.internal.SerializingExecutor.run(SerializingExecutor.java:133)
	at java.util.concurrent.ThreadPoolExecutor.runWorker(ThreadPoolExecutor.java:1149)
	at java.util.concurrent.ThreadPoolExecutor$Worker.run(ThreadPoolExecutor.java:624)
	at java.lang.Thread.run(Thread.java:750)
Caused by: org.apache.ratis.protocol.exceptions.AlreadyClosedException: SlidingWindow$Client:client-D4CF2906D61D->RAFT is closed.
	... 28 more
Caused by: org.apache.ratis.protocol.exceptions.RaftRetryFailureException: Failed RaftClientRequest:client-D4CF2906D61D->s0@group-2C6CC0A4AD38, cid=2865, seq=11*, RW, m0 for 10 attempts with RetryLimited(maxAttempts=10, sleepTime=100ms)
	at org.apache.ratis.client.impl.RaftClientImpl.noMoreRetries(RaftClientImpl.java:306)
	... 25 more
Caused by: java.io.IOException: org.apache.ratis.thirdparty.io.grpc.StatusRuntimeException: UNAVAILABLE: io exception
	at org.apache.ratis.grpc.GrpcUtil.unwrapException(GrpcUtil.java:92)
	at org.apache.ratis.grpc.GrpcUtil.unwrapIOException(GrpcUtil.java:152)
	at org.apache.ratis.grpc.client.GrpcClientProtocolClient$AsyncStreamObservers$1.onError(GrpcClientProtocolClient.java:341)
	... 16 more
Caused by: org.apache.ratis.thirdparty.io.grpc.StatusRuntimeException: UNAVAILABLE: io exception
	at org.apache.ratis.thirdparty.io.grpc.Status.asRuntimeException(Status.java:535)
	... 16 more
Caused by: org.apache.ratis.thirdparty.io.netty.channel.AbstractChannel$AnnotatedConnectException: finishConnect(..) failed: Connection refused: localhost/127.0.0.1:34157
Caused by: java.net.ConnectException: finishConnect(..) failed: Connection refused
	at org.apache.ratis.thirdparty.io.netty.channel.unix.Errors.newConnectException0(Errors.java:155)
	at org.apache.ratis.thirdparty.io.netty.channel.unix.Errors.handleConnectErrno(Errors.java:128)
	at org.apache.ratis.thirdparty.io.netty.channel.unix.Socket.finishConnect(Socket.java:321)
	at org.apache.ratis.thirdparty.io.netty.channel.epoll.AbstractEpollChannel$AbstractEpollUnsafe.doFinishConnect(AbstractEpollChannel.java:710)
	at org.apache.ratis.thirdparty.io.netty.channel.epoll.AbstractEpollChannel$AbstractEpollUnsafe.finishConnect(AbstractEpollChannel.java:687)
	at org.apache.ratis.thirdparty.io.netty.channel.epoll.AbstractEpollChannel$AbstractEpollUnsafe.epollOutReady(AbstractEpollChannel.java:567)
	at org.apache.ratis.thirdparty.io.netty.channel.epoll.EpollEventLoop.processReady(EpollEventLoop.java:477)
	at org.apache.ratis.thirdparty.io.netty.channel.epoll.EpollEventLoop.run(EpollEventLoop.java:385)
	at org.apache.ratis.thirdparty.io.netty.util.concurrent.SingleThreadEventExecutor$4.run(SingleThreadEventExecutor.java:995)
	at org.apache.ratis.thirdparty.io.netty.util.internal.ThreadExecutorMap$2.run(ThreadExecutorMap.java:74)
	at org.apache.ratis.thirdparty.io.netty.util.concurrent.FastThreadLocalRunnable.run(FastThreadLocalRunnable.java:30)
	at java.lang.Thread.run(Thread.java:750)
2022-07-23 19:35:41,940 [s0@group-1D19F5312903-FollowerState] INFO  impl.FollowerState (FollowerState.java:run(143)) - s0@group-1D19F5312903-FollowerState: change to CANDIDATE, lastRpcElapsedTime:227497252ns, electionTimeout:227ms
2022-07-23 19:35:41,940 [s0@group-1D19F5312903-FollowerState] INFO  impl.RoleInfo (RoleInfo.java:shutdownFollowerState(110)) - s0: shutdown s0@group-1D19F5312903-FollowerState
2022-07-23 19:35:41,940 [s0@group-1D19F5312903-FollowerState] INFO  server.RaftServer$Division (RaftServerImpl.java:setRole(301)) - s0@group-1D19F5312903: changes role from  FOLLOWER to CANDIDATE at term 1 for changeToCandidate
2022-07-23 19:35:41,940 [s0@group-1D19F5312903-FollowerState] INFO  server.RaftServerConfigKeys (ConfUtils.java:logGet(46)) - raft.server.leaderelection.pre-vote = true (default)
2022-07-23 19:35:41,940 [s0@group-1D19F5312903-FollowerState] INFO  impl.RoleInfo (RoleInfo.java:updateAndGet(139)) - s0: start s0@group-1D19F5312903-LeaderElection41
2022-07-23 19:35:41,941 [s0@group-1D19F5312903-LeaderElection41] INFO  impl.LeaderElection (LeaderElection.java:askForVotes(310)) - s0@group-1D19F5312903-LeaderElection41 PRE_VOTE round 0: submit vote requests at term 1 for 0: peers:[s0|rpc:localhost:33053|admin:localhost:34833|client:localhost:45065|dataStream:localhost:40973|priority:0|startupRole:FOLLOWER, s1|rpc:localhost:37337|admin:localhost:46639|client:localhost:33239|dataStream:localhost:44379|priority:0|startupRole:FOLLOWER, s2|rpc:localhost:36285|admin:localhost:33785|client:localhost:35753|dataStream:localhost:36721|priority:0|startupRole:FOLLOWER]|listeners:[], old=null
2022-07-23 19:35:41,941 [s0@group-1D19F5312903-LeaderElection41] INFO  impl.LeaderElection (LogUtils.java:infoOrTrace(137)) - s0@group-1D19F5312903-LeaderElection41 got exception when requesting votes: java.util.concurrent.ExecutionException: org.apache.ratis.thirdparty.io.grpc.StatusRuntimeException: UNAVAILABLE: io exception
2022-07-23 19:35:41,942 [s0@group-1D19F5312903-LeaderElection41] INFO  impl.LeaderElection (LogUtils.java:infoOrTrace(137)) - s0@group-1D19F5312903-LeaderElection41 got exception when requesting votes: java.util.concurrent.ExecutionException: org.apache.ratis.thirdparty.io.grpc.StatusRuntimeException: UNAVAILABLE: io exception
2022-07-23 19:35:41,942 [s0@group-1D19F5312903-LeaderElection41] INFO  impl.LeaderElection (LeaderElection.java:logAndReturn(90)) - s0@group-1D19F5312903-LeaderElection41: PRE_VOTE REJECTED received 0 response(s) and 2 exception(s):
2022-07-23 19:35:41,942 [s0@group-1D19F5312903-LeaderElection41] INFO  impl.LeaderElection (LogUtils.java:infoOrTrace(137)) -   Exception 0: java.util.concurrent.ExecutionException: org.apache.ratis.thirdparty.io.grpc.StatusRuntimeException: UNAVAILABLE: io exception
2022-07-23 19:35:41,942 [s0@group-1D19F5312903-LeaderElection41] INFO  impl.LeaderElection (LogUtils.java:infoOrTrace(137)) -   Exception 1: java.util.concurrent.ExecutionException: org.apache.ratis.thirdparty.io.grpc.StatusRuntimeException: UNAVAILABLE: io exception
2022-07-23 19:35:41,942 [s0@group-1D19F5312903-LeaderElection41] INFO  impl.LeaderElection (LeaderElection.java:askForVotes(312)) - s0@group-1D19F5312903-LeaderElection41 PRE_VOTE round 0: result REJECTED
2022-07-23 19:35:41,942 [s0@group-1D19F5312903-LeaderElection41] INFO  server.RaftServer$Division (RaftServerImpl.java:setRole(301)) - s0@group-1D19F5312903: changes role from CANDIDATE to FOLLOWER at term 1 for REJECTED
2022-07-23 19:35:41,942 [s0@group-1D19F5312903-LeaderElection41] INFO  impl.RoleInfo (RoleInfo.java:shutdownLeaderElection(130)) - s0: shutdown s0@group-1D19F5312903-LeaderElection41
2022-07-23 19:35:41,942 [s0@group-1D19F5312903-LeaderElection41] INFO  impl.RoleInfo (RoleInfo.java:updateAndGet(139)) - s0: start s0@group-1D19F5312903-FollowerState
2022-07-23 19:35:42,037 [Time-limited test] INFO  impl.MiniRaftCluster (MiniRaftCluster.java:killServer(486)) - killServer s0
2022-07-23 19:35:42,037 [Time-limited test] INFO  impl.MiniRaftCluster (MiniRaftCluster.java:newRaftServer(348)) - newRaftServer: s0, group-2C6CC0A4AD38:[s0|rpc:localhost:46507|admin:localhost:37389|client:localhost:34157|dataStream:localhost:44231|priority:0|startupRole:FOLLOWER], format? false
2022-07-23 19:35:42,037 [Time-limited test] INFO  server.RaftServer (ConfUtils.java:logGet(46)) - raft.rpc.type = GRPC (default)
2022-07-23 19:35:42,037 [Time-limited test] INFO  grpc.GrpcConfigKeys (ConfUtils.java:logGet(46)) - raft.grpc.admin.port = 37389 (custom)
2022-07-23 19:35:42,037 [Time-limited test] INFO  grpc.GrpcConfigKeys (ConfUtils.java:logGet(46)) - raft.grpc.client.port = 34157 (custom)
2022-07-23 19:35:42,038 [Time-limited test] INFO  grpc.GrpcConfigKeys (ConfUtils.java:logGet(46)) - raft.grpc.server.port = 46507 (custom)
2022-07-23 19:35:42,038 [Time-limited test] INFO  server.GrpcService (ConfUtils.java:logGet(46)) - raft.grpc.message.size.max = 64MB (=67108864) (default)
2022-07-23 19:35:42,038 [Time-limited test] INFO  server.RaftServerConfigKeys (ConfUtils.java:logGet(46)) - raft.server.log.appender.buffer.byte-limit = 4MB (=4194304) (default)
2022-07-23 19:35:42,038 [Time-limited test] INFO  server.GrpcService (ConfUtils.java:logGet(46)) - raft.grpc.flow.control.window = 1MB (=1048576) (default)
2022-07-23 19:35:42,038 [Time-limited test] INFO  server.RaftServerConfigKeys (ConfUtils.java:logGet(46)) - raft.server.rpc.request.timeout = 3000ms (default)
2022-07-23 19:35:42,038 [Time-limited test] INFO  grpc.GrpcConfigKeys (ConfUtils.java:logGet(46)) - raft.grpc.server.heartbeat.channel = true (default)
2022-07-23 19:35:42,038 [Time-limited test] INFO  grpc.GrpcConfigKeys (ConfUtils.java:logGet(46)) - raft.grpc.server.async.request.thread.pool.cached = true (default)
2022-07-23 19:35:42,038 [Time-limited test] INFO  grpc.GrpcConfigKeys (ConfUtils.java:logGet(46)) - raft.grpc.server.async.request.thread.pool.size = 32 (default)
2022-07-23 19:35:42,039 [Time-limited test] INFO  impl.DataStreamServerImpl (ConfUtils.java:logGet(46)) - raft.datastream.type = DISABLED (default)
2022-07-23 19:35:42,039 [Time-limited test] INFO  server.RaftServerConfigKeys (ConfUtils.java:logGet(46)) - raft.server.threadpool.proxy.cached = true (default)
2022-07-23 19:35:42,039 [Time-limited test] INFO  server.RaftServerConfigKeys (ConfUtils.java:logGet(46)) - raft.server.threadpool.proxy.size = 0 (default)
2022-07-23 19:35:42,039 [Time-limited test] INFO  server.RaftServerConfigKeys (ConfUtils.java:logGet(46)) - raft.server.rpc.slowness.timeout = 60s (default)
2022-07-23 19:35:42,039 [Time-limited test] INFO  server.RaftServerConfigKeys (ConfUtils.java:logGet(46)) - raft.server.leaderelection.leader.step-down.wait-time = 10s (default)
2022-07-23 19:35:42,040 [Time-limited test] INFO  server.RaftServerConfigKeys (ConfUtils.java:logGet(46)) - raft.server.storage.dir = [/home/runner/work/ratis/ratis/ratis-test/target/test/data/11cf776f/MiniRaftClusterWithGrpcad8c92b3/s0] (custom)
2022-07-23 19:35:42,040 [s0-impl-thread1] INFO  server.RaftServer (RaftServerProxy.java:initGroupDir(247)) - s0: found a subdirectory /home/runner/work/ratis/ratis/ratis-test/target/test/data/11cf776f/MiniRaftClusterWithGrpcad8c92b3/s0/25a57c2a-c19b-40a1-9f70-2c6cc0a4ad38
2022-07-23 19:35:42,040 [Time-limited test] INFO  server.RaftServer (RaftServerProxy.java:addNew(96)) - s0: addNew group-2C6CC0A4AD38:[s0|rpc:localhost:46507|admin:localhost:37389|client:localhost:34157|dataStream:localhost:44231|priority:0|startupRole:FOLLOWER] returns group-2C6CC0A4AD38:java.util.concurrent.CompletableFuture@4de21438[Not completed]
2022-07-23 19:35:42,041 [pool-45-thread-1] INFO  server.RaftServerConfigKeys (ConfUtils.java:logGet(46)) - raft.server.log.segment.size.max = 8MB (=8388608) (default)
2022-07-23 19:35:42,041 [pool-45-thread-1] INFO  server.RaftServerConfigKeys (ConfUtils.java:logGet(46)) - raft.server.log.preallocated.size = 4MB (=4194304) (default)
2022-07-23 19:35:42,041 [pool-45-thread-1] INFO  server.RaftServerConfigKeys (ConfUtils.java:logGet(46)) - raft.server.log.write.buffer.size = 64KB (=65536) (default)
2022-07-23 19:35:42,041 [pool-45-thread-1] INFO  server.RaftServer$Division (RaftServerImpl.java:<init>(192)) - s0: new RaftServerImpl for group-2C6CC0A4AD38:[s0|rpc:localhost:46507|admin:localhost:37389|client:localhost:34157|dataStream:localhost:44231|priority:0|startupRole:FOLLOWER] with SimpleStateMachine4Testing:uninitialized
2022-07-23 19:35:42,041 [pool-45-thread-1] INFO  server.RaftServerConfigKeys (ConfUtils.java:logGet(46)) - raft.server.rpc.timeout.min = 150ms (default)
2022-07-23 19:35:42,041 [pool-45-thread-1] INFO  server.RaftServerConfigKeys (ConfUtils.java:logGet(46)) - raft.server.rpc.timeout.max = 300ms (default)
2022-07-23 19:35:42,041 [pool-45-thread-1] INFO  server.RaftServerConfigKeys (ConfUtils.java:logGet(46)) - raft.server.rpc.sleep.time = 25ms (default)
2022-07-23 19:35:42,041 [pool-45-thread-1] INFO  server.RaftServerConfigKeys (ConfUtils.java:logGet(46)) - raft.server.rpc.slowness.timeout = 60s (default)
2022-07-23 19:35:42,041 [pool-45-thread-1] INFO  server.RaftServerConfigKeys (ConfUtils.java:logGet(46)) - raft.server.leaderelection.leader.step-down.wait-time = 10s (default)
2022-07-23 19:35:42,041 [pool-45-thread-1] INFO  server.RaftServerConfigKeys (ConfUtils.java:logGet(46)) - raft.server.sleep.deviation.threshold = 300ms (default)
2022-07-23 19:35:42,041 [pool-45-thread-1] INFO  server.RaftServer$Division (ServerState.java:<init>(118)) - s0@group-2C6CC0A4AD38: ConfigurationManager, init=-1: peers:[s0|rpc:localhost:46507|admin:localhost:37389|client:localhost:34157|dataStream:localhost:44231|priority:0|startupRole:FOLLOWER]|listeners:[], old=null, confs=<EMPTY_MAP>
2022-07-23 19:35:42,043 [pool-45-thread-1] INFO  server.RaftServerConfigKeys (ConfUtils.java:logGet(46)) - raft.server.storage.dir = [/home/runner/work/ratis/ratis/ratis-test/target/test/data/11cf776f/MiniRaftClusterWithGrpcad8c92b3/s0] (custom)
2022-07-23 19:35:42,043 [pool-45-thread-1] INFO  server.RaftServerConfigKeys (ConfUtils.java:logGet(46)) - raft.server.log.corruption.policy = EXCEPTION (default)
2022-07-23 19:35:42,043 [pool-45-thread-1] INFO  server.RaftServerConfigKeys (ConfUtils.java:logGet(46)) - raft.server.storage.free-space.min = 0MB (=0) (default)
2022-07-23 19:35:42,043 [pool-45-thread-1] INFO  server.RaftServerConfigKeys (ConfUtils.java:logGet(46)) - raft.server.notification.no-leader.timeout = 60s (default)
2022-07-23 19:35:42,043 [pool-45-thread-1] INFO  server.RaftServerConfigKeys (ConfUtils.java:logGet(46)) - raft.server.retrycache.expirytime = 60s (default)
2022-07-23 19:35:42,043 [pool-45-thread-1] INFO  server.RaftServerConfigKeys (ConfUtils.java:logGet(46)) - raft.server.retrycache.statistics.expirytime = 100μs (default)
2022-07-23 19:35:42,044 [pool-45-thread-1] INFO  server.RaftServerConfigKeys (ConfUtils.java:logGet(46)) - raft.server.log.appender.install.snapshot.enabled = true (default)
2022-07-23 19:35:42,044 [pool-45-thread-1] INFO  server.RaftServerConfigKeys (ConfUtils.java:logGet(46)) - raft.server.threadpool.server.cached = true (default)
2022-07-23 19:35:42,044 [pool-45-thread-1] INFO  server.RaftServerConfigKeys (ConfUtils.java:logGet(46)) - raft.server.threadpool.server.size = 0 (default)
2022-07-23 19:35:42,044 [pool-45-thread-1] INFO  server.RaftServerConfigKeys (ConfUtils.java:logGet(46)) - raft.server.threadpool.client.cached = true (default)
2022-07-23 19:35:42,044 [pool-45-thread-1] INFO  server.RaftServerConfigKeys (ConfUtils.java:logGet(46)) - raft.server.threadpool.client.size = 0 (default)
2022-07-23 19:35:42,045 [s0-impl-thread1] INFO  storage.RaftStorageDirectory (RaftStorageDirectoryImpl.java:tryLock(231)) - Lock on /home/runner/work/ratis/ratis/ratis-test/target/test/data/11cf776f/MiniRaftClusterWithGrpcad8c92b3/s0/25a57c2a-c19b-40a1-9f70-2c6cc0a4ad38/in_use.lock acquired by nodename 4352@fv-az121-604.oisc35kgwdsevnec4nnef0ad5h.cx.internal.cloudapp.net
2022-07-23 19:35:42,045 [s0-impl-thread1] INFO  storage.RaftStorage (RaftStorageImpl.java:analyzeAndRecoverStorage(117)) - Read RaftStorageMetadata{term=1, votedFor=s0} from /home/runner/work/ratis/ratis/ratis-test/target/test/data/11cf776f/MiniRaftClusterWithGrpcad8c92b3/s0/25a57c2a-c19b-40a1-9f70-2c6cc0a4ad38/current/raft-meta
2022-07-23 19:35:42,046 [s0-impl-thread1] INFO  server.RaftServer$Division (ServerState.java:setRaftConf(429)) - s0@group-2C6CC0A4AD38: set configuration 0: peers:[s0|rpc:localhost:46507|admin:localhost:37389|client:localhost:34157|dataStream:localhost:44231|priority:0|startupRole:FOLLOWER]|listeners:[], old=null
2022-07-23 19:35:42,046 [s0-impl-thread1] INFO  statemachine.SimpleStateMachine4Testing (SimpleStateMachine4Testing.java:initialize(212)) - Initializing SimpleStateMachine4Testing:uninitialized
2022-07-23 19:35:42,046 [s0-impl-thread1] INFO  statemachine.SimpleStateMachine4Testing (SimpleStateMachine4Testing.java:loadSnapshot(306)) - The snapshot file null does not exist
2022-07-23 19:35:42,046 [s0-impl-thread1] INFO  server.RaftServerConfigKeys (ConfUtils.java:logGet(46)) - raft.server.log.use.memory = false (default)
2022-07-23 19:35:42,046 [s0-impl-thread1] INFO  server.RaftServerConfigKeys (ConfUtils.java:logGet(46)) - raft.server.log.purge.gap = 1024 (default)
2022-07-23 19:35:42,046 [s0-impl-thread1] INFO  server.RaftServerConfigKeys (ConfUtils.java:logGet(46)) - raft.server.log.appender.buffer.byte-limit = 4MB (=4194304) (default)
2022-07-23 19:35:42,046 [s0-impl-thread1] INFO  server.RaftServerConfigKeys (ConfUtils.java:logGet(46)) - raft.server.log.statemachine.data.read.timeout = 1000ms (default)
2022-07-23 19:35:42,046 [s0-impl-thread1] INFO  server.RaftServerConfigKeys (ConfUtils.java:logGet(46)) - raft.server.log.segment.size.max = 8MB (=8388608) (default)
2022-07-23 19:35:42,047 [s0-impl-thread1] INFO  server.RaftServerConfigKeys (ConfUtils.java:logGet(46)) - raft.server.log.segment.cache.num.max = 6 (default)
2022-07-23 19:35:42,047 [s0-impl-thread1] INFO  server.RaftServerConfigKeys (ConfUtils.java:logGet(46)) - raft.server.log.segment.cache.size.max = 200MB (=209715200) (default)
2022-07-23 19:35:42,047 [s0-impl-thread1] INFO  segmented.SegmentedRaftLogWorker (SegmentedRaftLogWorker.java:<init>(187)) - new s0@group-2C6CC0A4AD38-SegmentedRaftLogWorker for RaftStorageImpl:Storage Directory /home/runner/work/ratis/ratis/ratis-test/target/test/data/11cf776f/MiniRaftClusterWithGrpcad8c92b3/s0/25a57c2a-c19b-40a1-9f70-2c6cc0a4ad38
2022-07-23 19:35:42,047 [s0-impl-thread1] INFO  server.RaftServerConfigKeys (ConfUtils.java:logGet(46)) - raft.server.log.queue.byte-limit = 64MB (=67108864) (default)
2022-07-23 19:35:42,047 [s0-impl-thread1] INFO  server.RaftServerConfigKeys (ConfUtils.java:logGet(46)) - raft.server.log.queue.element-limit = 4096 (default)
2022-07-23 19:35:42,047 [s0-impl-thread1] INFO  server.RaftServerConfigKeys (ConfUtils.java:logGet(46)) - raft.server.log.segment.size.max = 8MB (=8388608) (default)
2022-07-23 19:35:42,047 [s0-impl-thread1] INFO  server.RaftServerConfigKeys (ConfUtils.java:logGet(46)) - raft.server.log.preallocated.size = 4MB (=4194304) (default)
2022-07-23 19:35:42,047 [s0-impl-thread1] INFO  server.RaftServerConfigKeys (ConfUtils.java:logGet(46)) - raft.server.log.force.sync.num = 128 (default)
2022-07-23 19:35:42,047 [s0-impl-thread1] INFO  server.RaftServerConfigKeys (ConfUtils.java:logGet(46)) - raft.server.log.statemachine.data.sync = true (default)
2022-07-23 19:35:42,047 [s0-impl-thread1] INFO  server.RaftServerConfigKeys (ConfUtils.java:logGet(46)) - raft.server.log.statemachine.data.sync.timeout = 10s (default)
2022-07-23 19:35:42,047 [s0-impl-thread1] INFO  server.RaftServerConfigKeys (ConfUtils.java:logGet(46)) - raft.server.log.statemachine.data.sync.timeout.retry = -1 (default)
2022-07-23 19:35:42,047 [s0-impl-thread1] INFO  server.RaftServerConfigKeys (ConfUtils.java:logGet(46)) - raft.server.log.write.buffer.size = 64KB (=65536) (default)
2022-07-23 19:35:42,047 [s0-impl-thread1] INFO  server.RaftServerConfigKeys (ConfUtils.java:logGet(46)) - raft.server.log.unsafe-flush.enabled = false (default)
2022-07-23 19:35:42,047 [s0-impl-thread1] INFO  server.RaftServerConfigKeys (ConfUtils.java:logGet(46)) - raft.server.log.statemachine.data.caching.enabled = false (default)
2022-07-23 19:35:42,048 [s0-impl-thread1] INFO  server.RaftServer$Division (ServerState.java:setRaftConf(429)) - s0@group-2C6CC0A4AD38: set configuration 0: peers:[s0|rpc:localhost:46507|admin:localhost:37389|client:localhost:34157|dataStream:localhost:44231|priority:0|startupRole:FOLLOWER]|listeners:[], old=null
2022-07-23 19:35:42,048 [s0-impl-thread1] INFO  segmented.LogSegment (LogSegment.java:loadSegment(173)) - Successfully read 21 entries from segment file /home/runner/work/ratis/ratis/ratis-test/target/test/data/11cf776f/MiniRaftClusterWithGrpcad8c92b3/s0/25a57c2a-c19b-40a1-9f70-2c6cc0a4ad38/current/log_inprogress_0
2022-07-23 19:35:42,048 [s0-impl-thread1] INFO  segmented.SegmentedRaftLogWorker (SegmentedRaftLogWorker.java:lambda$new$0(135)) - s0@group-2C6CC0A4AD38-SegmentedRaftLogWorker: flushIndex: setUnconditionally 0 -> 20
2022-07-23 19:35:42,048 [s0-impl-thread1] INFO  segmented.SegmentedRaftLogWorker (SegmentedRaftLogWorker.java:lambda$new$0(135)) - s0@group-2C6CC0A4AD38-SegmentedRaftLogWorker: safeCacheEvictIndex: setUnconditionally 0 -> -1
2022-07-23 19:35:42,048 [s0-impl-thread1] INFO  raftlog.RaftLog (RaftLogBase.java:lambda$new$0(53)) - s0@group-2C6CC0A4AD38-SegmentedRaftLog: commitIndex: updateToMax old=-1, new=18, updated? true
2022-07-23 19:35:42,048 [s0-impl-thread1] INFO  server.RaftServer$Division (RaftServerImpl.java:start(314)) - s0@group-2C6CC0A4AD38: start as a follower, conf=0: peers:[s0|rpc:localhost:46507|admin:localhost:37389|client:localhost:34157|dataStream:localhost:44231|priority:0|startupRole:FOLLOWER]|listeners:[], old=null
2022-07-23 19:35:42,048 [s0-impl-thread1] INFO  server.RaftServer$Division (RaftServerImpl.java:setRole(301)) - s0@group-2C6CC0A4AD38: changes role from      null to FOLLOWER at term 1 for startAsFollower
2022-07-23 19:35:42,048 [s0-impl-thread1] INFO  impl.RoleInfo (RoleInfo.java:updateAndGet(139)) - s0: start s0@group-2C6CC0A4AD38-FollowerState
2022-07-23 19:35:42,049 [s0-impl-thread1] INFO  util.JmxRegister (JmxRegister.java:tryRegister(44)) - Successfully registered JMX Bean with object name Ratis:service=RaftServer,group=group-2C6CC0A4AD38,id=s0
2022-07-23 19:35:42,049 [s0-impl-thread1] INFO  server.RaftServerConfigKeys (ConfUtils.java:logGet(46)) - raft.server.snapshot.auto.trigger.enabled = false (default)
2022-07-23 19:35:42,049 [s0-impl-thread1] INFO  server.RaftServerConfigKeys (ConfUtils.java:logGet(46)) - raft.server.snapshot.retention.file.num = -1 (default)
2022-07-23 19:35:42,049 [s0-impl-thread1] INFO  server.RaftServerConfigKeys (ConfUtils.java:logGet(46)) - raft.server.log.purge.upto.snapshot.index = false (default)
2022-07-23 19:35:42,049 [Time-limited test] INFO  server.RaftServer (RaftServerProxy.java:startImpl(385)) - s0: start RPC server
2022-07-23 19:35:42,049 [Time-limited test] INFO  server.GrpcService (GrpcService.java:startImpl(262)) - s0: GrpcService started, listening on 34157
2022-07-23 19:35:42,050 [Time-limited test] INFO  server.GrpcService (GrpcService.java:startImpl(262)) - s0: GrpcService started, listening on 46507
2022-07-23 19:35:42,053 [Time-limited test] INFO  server.GrpcService (GrpcService.java:startImpl(262)) - s0: GrpcService started, listening on 37389
2022-07-23 19:35:42,053 [Time-limited test] INFO  grpc.TestRaftAsyncWithGrpc (BaseTest.java:testFailureCase(151)) - run 'retry-failure-0'
2022-07-23 19:35:42,053 [Time-limited test] INFO  grpc.TestRaftAsyncWithGrpc (BaseTest.java:assertThrowable(133)) - The test "retry-failure-0" throws ExecutionException
java.util.concurrent.ExecutionException: org.apache.ratis.protocol.exceptions.RaftRetryFailureException: Failed RaftClientRequest:client-D4CF2906D61D->s0@group-2C6CC0A4AD38, cid=2865, seq=11*, RW, m0 for 10 attempts with RetryLimited(maxAttempts=10, sleepTime=100ms)
	at java.util.concurrent.CompletableFuture.reportGet(CompletableFuture.java:357)
	at java.util.concurrent.CompletableFuture.get(CompletableFuture.java:1908)
	at org.apache.ratis.BaseTest.testFailureCase(BaseTest.java:154)
	at org.apache.ratis.BaseTest.testFailureCase(BaseTest.java:167)
	at org.apache.ratis.RaftAsyncTests.runTestRequestAsyncWithRetryFailure(RaftAsyncTests.java:187)
	at org.apache.ratis.RaftAsyncTests.lambda$runTestRequestAsyncWithRetryFailure$0(RaftAsyncTests.java:126)
	at org.apache.ratis.server.impl.MiniRaftCluster$Factory$Get.runWithNewCluster(MiniRaftCluster.java:125)
	at org.apache.ratis.RaftAsyncTests.runTestRequestAsyncWithRetryFailure(RaftAsyncTests.java:126)
	at org.apache.ratis.RaftAsyncTests.testRequestAsyncWithRetryFailureAfterInitialMessages(RaftAsyncTests.java:121)
	at sun.reflect.NativeMethodAccessorImpl.invoke0(Native Method)
	at sun.reflect.NativeMethodAccessorImpl.invoke(NativeMethodAccessorImpl.java:62)
	at sun.reflect.DelegatingMethodAccessorImpl.invoke(DelegatingMethodAccessorImpl.java:43)
	at java.lang.reflect.Method.invoke(Method.java:498)
	at org.junit.runners.model.FrameworkMethod$1.runReflectiveCall(FrameworkMethod.java:59)
	at org.junit.internal.runners.model.ReflectiveCallable.run(ReflectiveCallable.java:12)
	at org.junit.runners.model.FrameworkMethod.invokeExplosively(FrameworkMethod.java:56)
	at org.junit.internal.runners.statements.InvokeMethod.evaluate(InvokeMethod.java:17)
	at org.junit.internal.runners.statements.RunAfters.evaluate(RunAfters.java:27)
	at org.junit.internal.runners.statements.FailOnTimeout$CallableStatement.call(FailOnTimeout.java:299)
	at org.junit.internal.runners.statements.FailOnTimeout$CallableStatement.call(FailOnTimeout.java:293)
	at java.util.concurrent.FutureTask.run(FutureTask.java:266)
	at java.lang.Thread.run(Thread.java:750)
Caused by: org.apache.ratis.protocol.exceptions.RaftRetryFailureException: Failed RaftClientRequest:client-D4CF2906D61D->s0@group-2C6CC0A4AD38, cid=2865, seq=11*, RW, m0 for 10 attempts with RetryLimited(maxAttempts=10, sleepTime=100ms)
	at org.apache.ratis.client.impl.RaftClientImpl.noMoreRetries(RaftClientImpl.java:306)
	at org.apache.ratis.client.impl.OrderedAsync.handleAsyncRetryFailure(OrderedAsync.java:152)
	at org.apache.ratis.client.impl.OrderedAsync.lambda$sendRequest$10(OrderedAsync.java:262)
	at java.util.concurrent.CompletableFuture.uniExceptionally(CompletableFuture.java:884)
	at java.util.concurrent.CompletableFuture$UniExceptionally.tryFire(CompletableFuture.java:866)
	at java.util.concurrent.CompletableFuture.postComplete(CompletableFuture.java:488)
	at java.util.concurrent.CompletableFuture.completeExceptionally(CompletableFuture.java:1990)
	at org.apache.ratis.grpc.client.GrpcClientProtocolClient$AsyncStreamObservers.completeReplyExceptionally(GrpcClientProtocolClient.java:405)
	at org.apache.ratis.grpc.client.GrpcClientProtocolClient$AsyncStreamObservers.access$000(GrpcClientProtocolClient.java:311)
	at org.apache.ratis.grpc.client.GrpcClientProtocolClient$AsyncStreamObservers$1.onError(GrpcClientProtocolClient.java:342)
	at org.apache.ratis.thirdparty.io.grpc.stub.ClientCalls$StreamObserverToCallListenerAdapter.onClose(ClientCalls.java:479)
	at org.apache.ratis.thirdparty.io.grpc.PartialForwardingClientCallListener.onClose(PartialForwardingClientCallListener.java:39)
	at org.apache.ratis.thirdparty.io.grpc.ForwardingClientCallListener.onClose(ForwardingClientCallListener.java:23)
	at org.apache.ratis.grpc.metrics.intercept.client.MetricClientCallListener.onClose(MetricClientCallListener.java:47)
	at org.apache.ratis.thirdparty.io.grpc.internal.DelayedClientCall$DelayedListener$3.run(DelayedClientCall.java:463)
	at org.apache.ratis.thirdparty.io.grpc.internal.DelayedClientCall$DelayedListener.delayOrExecute(DelayedClientCall.java:427)
	at org.apache.ratis.thirdparty.io.grpc.internal.DelayedClientCall$DelayedListener.onClose(DelayedClientCall.java:460)
	at org.apache.ratis.thirdparty.io.grpc.internal.ClientCallImpl.closeObserver(ClientCallImpl.java:562)
	at org.apache.ratis.thirdparty.io.grpc.internal.ClientCallImpl.access$300(ClientCallImpl.java:70)
	at org.apache.ratis.thirdparty.io.grpc.internal.ClientCallImpl$ClientStreamListenerImpl$1StreamClosed.runInternal(ClientCallImpl.java:743)
	at org.apache.ratis.thirdparty.io.grpc.internal.ClientCallImpl$ClientStreamListenerImpl$1StreamClosed.runInContext(ClientCallImpl.java:722)
	at org.apache.ratis.thirdparty.io.grpc.internal.ContextRunnable.run(ContextRunnable.java:37)
	at org.apache.ratis.thirdparty.io.grpc.internal.SerializingExecutor.run(SerializingExecutor.java:133)
	at java.util.concurrent.ThreadPoolExecutor.runWorker(ThreadPoolExecutor.java:1149)
	at java.util.concurrent.ThreadPoolExecutor$Worker.run(ThreadPoolExecutor.java:624)
	... 1 more
Caused by: java.io.IOException: org.apache.ratis.thirdparty.io.grpc.StatusRuntimeException: UNAVAILABLE: io exception
	at org.apache.ratis.grpc.GrpcUtil.unwrapException(GrpcUtil.java:92)
	at org.apache.ratis.grpc.GrpcUtil.unwrapIOException(GrpcUtil.java:152)
	at org.apache.ratis.grpc.client.GrpcClientProtocolClient$AsyncStreamObservers$1.onError(GrpcClientProtocolClient.java:341)
	... 16 more
Caused by: org.apache.ratis.thirdparty.io.grpc.StatusRuntimeException: UNAVAILABLE: io exception
	at org.apache.ratis.thirdparty.io.grpc.Status.asRuntimeException(Status.java:535)
	... 16 more
Caused by: org.apache.ratis.thirdparty.io.netty.channel.AbstractChannel$AnnotatedConnectException: finishConnect(..) failed: Connection refused: localhost/127.0.0.1:34157
Caused by: java.net.ConnectException: finishConnect(..) failed: Connection refused
	at org.apache.ratis.thirdparty.io.netty.channel.unix.Errors.newConnectException0(Errors.java:155)
	at org.apache.ratis.thirdparty.io.netty.channel.unix.Errors.handleConnectErrno(Errors.java:128)
	at org.apache.ratis.thirdparty.io.netty.channel.unix.Socket.finishConnect(Socket.java:321)
	at org.apache.ratis.thirdparty.io.netty.channel.epoll.AbstractEpollChannel$AbstractEpollUnsafe.doFinishConnect(AbstractEpollChannel.java:710)
	at org.apache.ratis.thirdparty.io.netty.channel.epoll.AbstractEpollChannel$AbstractEpollUnsafe.finishConnect(AbstractEpollChannel.java:687)
	at org.apache.ratis.thirdparty.io.netty.channel.epoll.AbstractEpollChannel$AbstractEpollUnsafe.epollOutReady(AbstractEpollChannel.java:567)
	at org.apache.ratis.thirdparty.io.netty.channel.epoll.EpollEventLoop.processReady(EpollEventLoop.java:477)
	at org.apache.ratis.thirdparty.io.netty.channel.epoll.EpollEventLoop.run(EpollEventLoop.java:385)
	at org.apache.ratis.thirdparty.io.netty.util.concurrent.SingleThreadEventExecutor$4.run(SingleThreadEventExecutor.java:995)
	at org.apache.ratis.thirdparty.io.netty.util.internal.ThreadExecutorMap$2.run(ThreadExecutorMap.java:74)
	at org.apache.ratis.thirdparty.io.netty.util.concurrent.FastThreadLocalRunnable.run(FastThreadLocalRunnable.java:30)
	at java.lang.Thread.run(Thread.java:750)
2022-07-23 19:35:42,053 [Time-limited test] INFO  grpc.TestRaftAsyncWithGrpc (BaseTest.java:testFailureCase(151)) - run 'retry-failure-1'
2022-07-23 19:35:42,053 [Time-limited test] INFO  grpc.TestRaftAsyncWithGrpc (BaseTest.java:assertThrowable(133)) - The test "retry-failure-1" throws ExecutionException
java.util.concurrent.ExecutionException: org.apache.ratis.protocol.exceptions.AlreadyClosedException: SlidingWindow$Client:client-D4CF2906D61D->RAFT is closed.
	at java.util.concurrent.CompletableFuture.reportGet(CompletableFuture.java:357)
	at java.util.concurrent.CompletableFuture.get(CompletableFuture.java:1908)
	at org.apache.ratis.BaseTest.testFailureCase(BaseTest.java:154)
	at org.apache.ratis.BaseTest.testFailureCase(BaseTest.java:167)
	at org.apache.ratis.RaftAsyncTests.runTestRequestAsyncWithRetryFailure(RaftAsyncTests.java:191)
	at org.apache.ratis.RaftAsyncTests.lambda$runTestRequestAsyncWithRetryFailure$0(RaftAsyncTests.java:126)
	at org.apache.ratis.server.impl.MiniRaftCluster$Factory$Get.runWithNewCluster(MiniRaftCluster.java:125)
	at org.apache.ratis.RaftAsyncTests.runTestRequestAsyncWithRetryFailure(RaftAsyncTests.java:126)
	at org.apache.ratis.RaftAsyncTests.testRequestAsyncWithRetryFailureAfterInitialMessages(RaftAsyncTests.java:121)
	at sun.reflect.NativeMethodAccessorImpl.invoke0(Native Method)
	at sun.reflect.NativeMethodAccessorImpl.invoke(NativeMethodAccessorImpl.java:62)
	at sun.reflect.DelegatingMethodAccessorImpl.invoke(DelegatingMethodAccessorImpl.java:43)
	at java.lang.reflect.Method.invoke(Method.java:498)
	at org.junit.runners.model.FrameworkMethod$1.runReflectiveCall(FrameworkMethod.java:59)
	at org.junit.internal.runners.model.ReflectiveCallable.run(ReflectiveCallable.java:12)
	at org.junit.runners.model.FrameworkMethod.invokeExplosively(FrameworkMethod.java:56)
	at org.junit.internal.runners.statements.InvokeMethod.evaluate(InvokeMethod.java:17)
	at org.junit.internal.runners.statements.RunAfters.evaluate(RunAfters.java:27)
	at org.junit.internal.runners.statements.FailOnTimeout$CallableStatement.call(FailOnTimeout.java:299)
	at org.junit.internal.runners.statements.FailOnTimeout$CallableStatement.call(FailOnTimeout.java:293)
	at java.util.concurrent.FutureTask.run(FutureTask.java:266)
	at java.lang.Thread.run(Thread.java:750)
Caused by: org.apache.ratis.protocol.exceptions.AlreadyClosedException: SlidingWindow$Client:client-D4CF2906D61D->RAFT is closed.
	at org.apache.ratis.util.SlidingWindow$Client.alreadyClosed(SlidingWindow.java:378)
	at org.apache.ratis.util.SlidingWindow$Client.fail(SlidingWindow.java:366)
	at org.apache.ratis.client.impl.OrderedAsync.failAllAsyncRequests(OrderedAsync.java:148)
	at org.apache.ratis.client.impl.OrderedAsync.handleAsyncRetryFailure(OrderedAsync.java:152)
	at org.apache.ratis.client.impl.OrderedAsync.lambda$sendRequest$10(OrderedAsync.java:262)
	at java.util.concurrent.CompletableFuture.uniExceptionally(CompletableFuture.java:884)
	at java.util.concurrent.CompletableFuture$UniExceptionally.tryFire(CompletableFuture.java:866)
	at java.util.concurrent.CompletableFuture.postComplete(CompletableFuture.java:488)
	at java.util.concurrent.CompletableFuture.completeExceptionally(CompletableFuture.java:1990)
	at org.apache.ratis.grpc.client.GrpcClientProtocolClient$AsyncStreamObservers.completeReplyExceptionally(GrpcClientProtocolClient.java:405)
	at org.apache.ratis.grpc.client.GrpcClientProtocolClient$AsyncStreamObservers.access$000(GrpcClientProtocolClient.java:311)
	at org.apache.ratis.grpc.client.GrpcClientProtocolClient$AsyncStreamObservers$1.onError(GrpcClientProtocolClient.java:342)
	at org.apache.ratis.thirdparty.io.grpc.stub.ClientCalls$StreamObserverToCallListenerAdapter.onClose(ClientCalls.java:479)
	at org.apache.ratis.thirdparty.io.grpc.PartialForwardingClientCallListener.onClose(PartialForwardingClientCallListener.java:39)
	at org.apache.ratis.thirdparty.io.grpc.ForwardingClientCallListener.onClose(ForwardingClientCallListener.java:23)
	at org.apache.ratis.grpc.metrics.intercept.client.MetricClientCallListener.onClose(MetricClientCallListener.java:47)
	at org.apache.ratis.thirdparty.io.grpc.internal.DelayedClientCall$DelayedListener$3.run(DelayedClientCall.java:463)
	at org.apache.ratis.thirdparty.io.grpc.internal.DelayedClientCall$DelayedListener.delayOrExecute(DelayedClientCall.java:427)
	at org.apache.ratis.thirdparty.io.grpc.internal.DelayedClientCall$DelayedListener.onClose(DelayedClientCall.java:460)
	at org.apache.ratis.thirdparty.io.grpc.internal.ClientCallImpl.closeObserver(ClientCallImpl.java:562)
	at org.apache.ratis.thirdparty.io.grpc.internal.ClientCallImpl.access$300(ClientCallImpl.java:70)
	at org.apache.ratis.thirdparty.io.grpc.internal.ClientCallImpl$ClientStreamListenerImpl$1StreamClosed.runInternal(ClientCallImpl.java:743)
	at org.apache.ratis.thirdparty.io.grpc.internal.ClientCallImpl$ClientStreamListenerImpl$1StreamClosed.runInContext(ClientCallImpl.java:722)
	at org.apache.ratis.thirdparty.io.grpc.internal.ContextRunnable.run(ContextRunnable.java:37)
	at org.apache.ratis.thirdparty.io.grpc.internal.SerializingExecutor.run(SerializingExecutor.java:133)
	at java.util.concurrent.ThreadPoolExecutor.runWorker(ThreadPoolExecutor.java:1149)
	at java.util.concurrent.ThreadPoolExecutor$Worker.run(ThreadPoolExecutor.java:624)
	... 1 more
Caused by: org.apache.ratis.protocol.exceptions.RaftRetryFailureException: Failed RaftClientRequest:client-D4CF2906D61D->s0@group-2C6CC0A4AD38, cid=2865, seq=11*, RW, m0 for 10 attempts with RetryLimited(maxAttempts=10, sleepTime=100ms)
	at org.apache.ratis.client.impl.RaftClientImpl.noMoreRetries(RaftClientImpl.java:306)
	... 25 more
Caused by: java.io.IOException: org.apache.ratis.thirdparty.io.grpc.StatusRuntimeException: UNAVAILABLE: io exception
	at org.apache.ratis.grpc.GrpcUtil.unwrapException(GrpcUtil.java:92)
	at org.apache.ratis.grpc.GrpcUtil.unwrapIOException(GrpcUtil.java:152)
	at org.apache.ratis.grpc.client.GrpcClientProtocolClient$AsyncStreamObservers$1.onError(GrpcClientProtocolClient.java:341)
	... 16 more
Caused by: org.apache.ratis.thirdparty.io.grpc.StatusRuntimeException: UNAVAILABLE: io exception
	at org.apache.ratis.thirdparty.io.grpc.Status.asRuntimeException(Status.java:535)
	... 16 more
Caused by: org.apache.ratis.thirdparty.io.netty.channel.AbstractChannel$AnnotatedConnectException: finishConnect(..) failed: Connection refused: localhost/127.0.0.1:34157
Caused by: java.net.ConnectException: finishConnect(..) failed: Connection refused
	at org.apache.ratis.thirdparty.io.netty.channel.unix.Errors.newConnectException0(Errors.java:155)
	at org.apache.ratis.thirdparty.io.netty.channel.unix.Errors.handleConnectErrno(Errors.java:128)
	at org.apache.ratis.thirdparty.io.netty.channel.unix.Socket.finishConnect(Socket.java:321)
	at org.apache.ratis.thirdparty.io.netty.channel.epoll.AbstractEpollChannel$AbstractEpollUnsafe.doFinishConnect(AbstractEpollChannel.java:710)
	at org.apache.ratis.thirdparty.io.netty.channel.epoll.AbstractEpollChannel$AbstractEpollUnsafe.finishConnect(AbstractEpollChannel.java:687)
	at org.apache.ratis.thirdparty.io.netty.channel.epoll.AbstractEpollChannel$AbstractEpollUnsafe.epollOutReady(AbstractEpollChannel.java:567)
	at org.apache.ratis.thirdparty.io.netty.channel.epoll.EpollEventLoop.processReady(EpollEventLoop.java:477)
	at org.apache.ratis.thirdparty.io.netty.channel.epoll.EpollEventLoop.run(EpollEventLoop.java:385)
	at org.apache.ratis.thirdparty.io.netty.util.concurrent.SingleThreadEventExecutor$4.run(SingleThreadEventExecutor.java:995)
	at org.apache.ratis.thirdparty.io.netty.util.internal.ThreadExecutorMap$2.run(ThreadExecutorMap.java:74)
	at org.apache.ratis.thirdparty.io.netty.util.concurrent.FastThreadLocalRunnable.run(FastThreadLocalRunnable.java:30)
	at java.lang.Thread.run(Thread.java:750)
2022-07-23 19:35:42,054 [Time-limited test] INFO  grpc.TestRaftAsyncWithGrpc (BaseTest.java:testFailureCase(151)) - run 'retry-failure-2'
2022-07-23 19:35:42,054 [Time-limited test] INFO  grpc.TestRaftAsyncWithGrpc (BaseTest.java:assertThrowable(133)) - The test "retry-failure-2" throws ExecutionException
java.util.concurrent.ExecutionException: org.apache.ratis.protocol.exceptions.AlreadyClosedException: SlidingWindow$Client:client-D4CF2906D61D->RAFT is closed.
	at java.util.concurrent.CompletableFuture.reportGet(CompletableFuture.java:357)
	at java.util.concurrent.CompletableFuture.get(CompletableFuture.java:1908)
	at org.apache.ratis.BaseTest.testFailureCase(BaseTest.java:154)
	at org.apache.ratis.BaseTest.testFailureCase(BaseTest.java:167)
	at org.apache.ratis.RaftAsyncTests.runTestRequestAsyncWithRetryFailure(RaftAsyncTests.java:191)
	at org.apache.ratis.RaftAsyncTests.lambda$runTestRequestAsyncWithRetryFailure$0(RaftAsyncTests.java:126)
	at org.apache.ratis.server.impl.MiniRaftCluster$Factory$Get.runWithNewCluster(MiniRaftCluster.java:125)
	at org.apache.ratis.RaftAsyncTests.runTestRequestAsyncWithRetryFailure(RaftAsyncTests.java:126)
	at org.apache.ratis.RaftAsyncTests.testRequestAsyncWithRetryFailureAfterInitialMessages(RaftAsyncTests.java:121)
	at sun.reflect.NativeMethodAccessorImpl.invoke0(Native Method)
	at sun.reflect.NativeMethodAccessorImpl.invoke(NativeMethodAccessorImpl.java:62)
	at sun.reflect.DelegatingMethodAccessorImpl.invoke(DelegatingMethodAccessorImpl.java:43)
	at java.lang.reflect.Method.invoke(Method.java:498)
	at org.junit.runners.model.FrameworkMethod$1.runReflectiveCall(FrameworkMethod.java:59)
	at org.junit.internal.runners.model.ReflectiveCallable.run(ReflectiveCallable.java:12)
	at org.junit.runners.model.FrameworkMethod.invokeExplosively(FrameworkMethod.java:56)
	at org.junit.internal.runners.statements.InvokeMethod.evaluate(InvokeMethod.java:17)
	at org.junit.internal.runners.statements.RunAfters.evaluate(RunAfters.java:27)
	at org.junit.internal.runners.statements.FailOnTimeout$CallableStatement.call(FailOnTimeout.java:299)
	at org.junit.internal.runners.statements.FailOnTimeout$CallableStatement.call(FailOnTimeout.java:293)
	at java.util.concurrent.FutureTask.run(FutureTask.java:266)
	at java.lang.Thread.run(Thread.java:750)
Caused by: org.apache.ratis.protocol.exceptions.AlreadyClosedException: SlidingWindow$Client:client-D4CF2906D61D->RAFT is closed.
	at org.apache.ratis.util.SlidingWindow$Client.alreadyClosed(SlidingWindow.java:378)
	at org.apache.ratis.util.SlidingWindow$Client.fail(SlidingWindow.java:366)
	at org.apache.ratis.client.impl.OrderedAsync.failAllAsyncRequests(OrderedAsync.java:148)
	at org.apache.ratis.client.impl.OrderedAsync.handleAsyncRetryFailure(OrderedAsync.java:152)
	at org.apache.ratis.client.impl.OrderedAsync.lambda$sendRequest$10(OrderedAsync.java:262)
	at java.util.concurrent.CompletableFuture.uniExceptionally(CompletableFuture.java:884)
	at java.util.concurrent.CompletableFuture$UniExceptionally.tryFire(CompletableFuture.java:866)
	at java.util.concurrent.CompletableFuture.postComplete(CompletableFuture.java:488)
	at java.util.concurrent.CompletableFuture.completeExceptionally(CompletableFuture.java:1990)
	at org.apache.ratis.grpc.client.GrpcClientProtocolClient$AsyncStreamObservers.completeReplyExceptionally(GrpcClientProtocolClient.java:405)
	at org.apache.ratis.grpc.client.GrpcClientProtocolClient$AsyncStreamObservers.access$000(GrpcClientProtocolClient.java:311)
	at org.apache.ratis.grpc.client.GrpcClientProtocolClient$AsyncStreamObservers$1.onError(GrpcClientProtocolClient.java:342)
	at org.apache.ratis.thirdparty.io.grpc.stub.ClientCalls$StreamObserverToCallListenerAdapter.onClose(ClientCalls.java:479)
	at org.apache.ratis.thirdparty.io.grpc.PartialForwardingClientCallListener.onClose(PartialForwardingClientCallListener.java:39)
	at org.apache.ratis.thirdparty.io.grpc.ForwardingClientCallListener.onClose(ForwardingClientCallListener.java:23)
	at org.apache.ratis.grpc.metrics.intercept.client.MetricClientCallListener.onClose(MetricClientCallListener.java:47)
	at org.apache.ratis.thirdparty.io.grpc.internal.DelayedClientCall$DelayedListener$3.run(DelayedClientCall.java:463)
	at org.apache.ratis.thirdparty.io.grpc.internal.DelayedClientCall$DelayedListener.delayOrExecute(DelayedClientCall.java:427)
	at org.apache.ratis.thirdparty.io.grpc.internal.DelayedClientCall$DelayedListener.onClose(DelayedClientCall.java:460)
	at org.apache.ratis.thirdparty.io.grpc.internal.ClientCallImpl.closeObserver(ClientCallImpl.java:562)
	at org.apache.ratis.thirdparty.io.grpc.internal.ClientCallImpl.access$300(ClientCallImpl.java:70)
	at org.apache.ratis.thirdparty.io.grpc.internal.ClientCallImpl$ClientStreamListenerImpl$1StreamClosed.runInternal(ClientCallImpl.java:743)
	at org.apache.ratis.thirdparty.io.grpc.internal.ClientCallImpl$ClientStreamListenerImpl$1StreamClosed.runInContext(ClientCallImpl.java:722)
	at org.apache.ratis.thirdparty.io.grpc.internal.ContextRunnable.run(ContextRunnable.java:37)
	at org.apache.ratis.thirdparty.io.grpc.internal.SerializingExecutor.run(SerializingExecutor.java:133)
	at java.util.concurrent.ThreadPoolExecutor.runWorker(ThreadPoolExecutor.java:1149)
	at java.util.concurrent.ThreadPoolExecutor$Worker.run(ThreadPoolExecutor.java:624)
	... 1 more
Caused by: org.apache.ratis.protocol.exceptions.RaftRetryFailureException: Failed RaftClientRequest:client-D4CF2906D61D->s0@group-2C6CC0A4AD38, cid=2865, seq=11*, RW, m0 for 10 attempts with RetryLimited(maxAttempts=10, sleepTime=100ms)
	at org.apache.ratis.client.impl.RaftClientImpl.noMoreRetries(RaftClientImpl.java:306)
	... 25 more
Caused by: java.io.IOException: org.apache.ratis.thirdparty.io.grpc.StatusRuntimeException: UNAVAILABLE: io exception
	at org.apache.ratis.grpc.GrpcUtil.unwrapException(GrpcUtil.java:92)
	at org.apache.ratis.grpc.GrpcUtil.unwrapIOException(GrpcUtil.java:152)
	at org.apache.ratis.grpc.client.GrpcClientProtocolClient$AsyncStreamObservers$1.onError(GrpcClientProtocolClient.java:341)
	... 16 more
Caused by: org.apache.ratis.thirdparty.io.grpc.StatusRuntimeException: UNAVAILABLE: io exception
	at org.apache.ratis.thirdparty.io.grpc.Status.asRuntimeException(Status.java:535)
	... 16 more
Caused by: org.apache.ratis.thirdparty.io.netty.channel.AbstractChannel$AnnotatedConnectException: finishConnect(..) failed: Connection refused: localhost/127.0.0.1:34157
Caused by: java.net.ConnectException: finishConnect(..) failed: Connection refused
	at org.apache.ratis.thirdparty.io.netty.channel.unix.Errors.newConnectException0(Errors.java:155)
	at org.apache.ratis.thirdparty.io.netty.channel.unix.Errors.handleConnectErrno(Errors.java:128)
	at org.apache.ratis.thirdparty.io.netty.channel.unix.Socket.finishConnect(Socket.java:321)
	at org.apache.ratis.thirdparty.io.netty.channel.epoll.AbstractEpollChannel$AbstractEpollUnsafe.doFinishConnect(AbstractEpollChannel.java:710)
	at org.apache.ratis.thirdparty.io.netty.channel.epoll.AbstractEpollChannel$AbstractEpollUnsafe.finishConnect(AbstractEpollChannel.java:687)
	at org.apache.ratis.thirdparty.io.netty.channel.epoll.AbstractEpollChannel$AbstractEpollUnsafe.epollOutReady(AbstractEpollChannel.java:567)
	at org.apache.ratis.thirdparty.io.netty.channel.epoll.EpollEventLoop.processReady(EpollEventLoop.java:477)
	at org.apache.ratis.thirdparty.io.netty.channel.epoll.EpollEventLoop.run(EpollEventLoop.java:385)
	at org.apache.ratis.thirdparty.io.netty.util.concurrent.SingleThreadEventExecutor$4.run(SingleThreadEventExecutor.java:995)
	at org.apache.ratis.thirdparty.io.netty.util.internal.ThreadExecutorMap$2.run(ThreadExecutorMap.java:74)
	at org.apache.ratis.thirdparty.io.netty.util.concurrent.FastThreadLocalRunnable.run(FastThreadLocalRunnable.java:30)
	at java.lang.Thread.run(Thread.java:750)
2022-07-23 19:35:42,054 [Time-limited test] INFO  grpc.TestRaftAsyncWithGrpc (BaseTest.java:testFailureCase(151)) - run 'retry-failure-3'
2022-07-23 19:35:42,054 [Time-limited test] INFO  grpc.TestRaftAsyncWithGrpc (BaseTest.java:assertThrowable(133)) - The test "retry-failure-3" throws ExecutionException
java.util.concurrent.ExecutionException: org.apache.ratis.protocol.exceptions.AlreadyClosedException: SlidingWindow$Client:client-D4CF2906D61D->RAFT is closed.
	at java.util.concurrent.CompletableFuture.reportGet(CompletableFuture.java:357)
	at java.util.concurrent.CompletableFuture.get(CompletableFuture.java:1908)
	at org.apache.ratis.BaseTest.testFailureCase(BaseTest.java:154)
	at org.apache.ratis.BaseTest.testFailureCase(BaseTest.java:167)
	at org.apache.ratis.RaftAsyncTests.runTestRequestAsyncWithRetryFailure(RaftAsyncTests.java:191)
	at org.apache.ratis.RaftAsyncTests.lambda$runTestRequestAsyncWithRetryFailure$0(RaftAsyncTests.java:126)
	at org.apache.ratis.server.impl.MiniRaftCluster$Factory$Get.runWithNewCluster(MiniRaftCluster.java:125)
	at org.apache.ratis.RaftAsyncTests.runTestRequestAsyncWithRetryFailure(RaftAsyncTests.java:126)
	at org.apache.ratis.RaftAsyncTests.testRequestAsyncWithRetryFailureAfterInitialMessages(RaftAsyncTests.java:121)
	at sun.reflect.NativeMethodAccessorImpl.invoke0(Native Method)
	at sun.reflect.NativeMethodAccessorImpl.invoke(NativeMethodAccessorImpl.java:62)
	at sun.reflect.DelegatingMethodAccessorImpl.invoke(DelegatingMethodAccessorImpl.java:43)
	at java.lang.reflect.Method.invoke(Method.java:498)
	at org.junit.runners.model.FrameworkMethod$1.runReflectiveCall(FrameworkMethod.java:59)
	at org.junit.internal.runners.model.ReflectiveCallable.run(ReflectiveCallable.java:12)
	at org.junit.runners.model.FrameworkMethod.invokeExplosively(FrameworkMethod.java:56)
	at org.junit.internal.runners.statements.InvokeMethod.evaluate(InvokeMethod.java:17)
	at org.junit.internal.runners.statements.RunAfters.evaluate(RunAfters.java:27)
	at org.junit.internal.runners.statements.FailOnTimeout$CallableStatement.call(FailOnTimeout.java:299)
	at org.junit.internal.runners.statements.FailOnTimeout$CallableStatement.call(FailOnTimeout.java:293)
	at java.util.concurrent.FutureTask.run(FutureTask.java:266)
	at java.lang.Thread.run(Thread.java:750)
Caused by: org.apache.ratis.protocol.exceptions.AlreadyClosedException: SlidingWindow$Client:client-D4CF2906D61D->RAFT is closed.
	at org.apache.ratis.util.SlidingWindow$Client.alreadyClosed(SlidingWindow.java:378)
	at org.apache.ratis.util.SlidingWindow$Client.fail(SlidingWindow.java:366)
	at org.apache.ratis.client.impl.OrderedAsync.failAllAsyncRequests(OrderedAsync.java:148)
	at org.apache.ratis.client.impl.OrderedAsync.handleAsyncRetryFailure(OrderedAsync.java:152)
	at org.apache.ratis.client.impl.OrderedAsync.lambda$sendRequest$10(OrderedAsync.java:262)
	at java.util.concurrent.CompletableFuture.uniExceptionally(CompletableFuture.java:884)
	at java.util.concurrent.CompletableFuture$UniExceptionally.tryFire(CompletableFuture.java:866)
	at java.util.concurrent.CompletableFuture.postComplete(CompletableFuture.java:488)
	at java.util.concurrent.CompletableFuture.completeExceptionally(CompletableFuture.java:1990)
	at org.apache.ratis.grpc.client.GrpcClientProtocolClient$AsyncStreamObservers.completeReplyExceptionally(GrpcClientProtocolClient.java:405)
	at org.apache.ratis.grpc.client.GrpcClientProtocolClient$AsyncStreamObservers.access$000(GrpcClientProtocolClient.java:311)
	at org.apache.ratis.grpc.client.GrpcClientProtocolClient$AsyncStreamObservers$1.onError(GrpcClientProtocolClient.java:342)
	at org.apache.ratis.thirdparty.io.grpc.stub.ClientCalls$StreamObserverToCallListenerAdapter.onClose(ClientCalls.java:479)
	at org.apache.ratis.thirdparty.io.grpc.PartialForwardingClientCallListener.onClose(PartialForwardingClientCallListener.java:39)
	at org.apache.ratis.thirdparty.io.grpc.ForwardingClientCallListener.onClose(ForwardingClientCallListener.java:23)
	at org.apache.ratis.grpc.metrics.intercept.client.MetricClientCallListener.onClose(MetricClientCallListener.java:47)
	at org.apache.ratis.thirdparty.io.grpc.internal.DelayedClientCall$DelayedListener$3.run(DelayedClientCall.java:463)
	at org.apache.ratis.thirdparty.io.grpc.internal.DelayedClientCall$DelayedListener.delayOrExecute(DelayedClientCall.java:427)
	at org.apache.ratis.thirdparty.io.grpc.internal.DelayedClientCall$DelayedListener.onClose(DelayedClientCall.java:460)
	at org.apache.ratis.thirdparty.io.grpc.internal.ClientCallImpl.closeObserver(ClientCallImpl.java:562)
	at org.apache.ratis.thirdparty.io.grpc.internal.ClientCallImpl.access$300(ClientCallImpl.java:70)
	at org.apache.ratis.thirdparty.io.grpc.internal.ClientCallImpl$ClientStreamListenerImpl$1StreamClosed.runInternal(ClientCallImpl.java:743)
	at org.apache.ratis.thirdparty.io.grpc.internal.ClientCallImpl$ClientStreamListenerImpl$1StreamClosed.runInContext(ClientCallImpl.java:722)
	at org.apache.ratis.thirdparty.io.grpc.internal.ContextRunnable.run(ContextRunnable.java:37)
	at org.apache.ratis.thirdparty.io.grpc.internal.SerializingExecutor.run(SerializingExecutor.java:133)
	at java.util.concurrent.ThreadPoolExecutor.runWorker(ThreadPoolExecutor.java:1149)
	at java.util.concurrent.ThreadPoolExecutor$Worker.run(ThreadPoolExecutor.java:624)
	... 1 more
Caused by: org.apache.ratis.protocol.exceptions.RaftRetryFailureException: Failed RaftClientRequest:client-D4CF2906D61D->s0@group-2C6CC0A4AD38, cid=2865, seq=11*, RW, m0 for 10 attempts with RetryLimited(maxAttempts=10, sleepTime=100ms)
	at org.apache.ratis.client.impl.RaftClientImpl.noMoreRetries(RaftClientImpl.java:306)
	... 25 more
Caused by: java.io.IOException: org.apache.ratis.thirdparty.io.grpc.StatusRuntimeException: UNAVAILABLE: io exception
	at org.apache.ratis.grpc.GrpcUtil.unwrapException(GrpcUtil.java:92)
	at org.apache.ratis.grpc.GrpcUtil.unwrapIOException(GrpcUtil.java:152)
	at org.apache.ratis.grpc.client.GrpcClientProtocolClient$AsyncStreamObservers$1.onError(GrpcClientProtocolClient.java:341)
	... 16 more
Caused by: org.apache.ratis.thirdparty.io.grpc.StatusRuntimeException: UNAVAILABLE: io exception
	at org.apache.ratis.thirdparty.io.grpc.Status.asRuntimeException(Status.java:535)
	... 16 more
Caused by: org.apache.ratis.thirdparty.io.netty.channel.AbstractChannel$AnnotatedConnectException: finishConnect(..) failed: Connection refused: localhost/127.0.0.1:34157
Caused by: java.net.ConnectException: finishConnect(..) failed: Connection refused
	at org.apache.ratis.thirdparty.io.netty.channel.unix.Errors.newConnectException0(Errors.java:155)
	at org.apache.ratis.thirdparty.io.netty.channel.unix.Errors.handleConnectErrno(Errors.java:128)
	at org.apache.ratis.thirdparty.io.netty.channel.unix.Socket.finishConnect(Socket.java:321)
	at org.apache.ratis.thirdparty.io.netty.channel.epoll.AbstractEpollChannel$AbstractEpollUnsafe.doFinishConnect(AbstractEpollChannel.java:710)
	at org.apache.ratis.thirdparty.io.netty.channel.epoll.AbstractEpollChannel$AbstractEpollUnsafe.finishConnect(AbstractEpollChannel.java:687)
	at org.apache.ratis.thirdparty.io.netty.channel.epoll.AbstractEpollChannel$AbstractEpollUnsafe.epollOutReady(AbstractEpollChannel.java:567)
	at org.apache.ratis.thirdparty.io.netty.channel.epoll.EpollEventLoop.processReady(EpollEventLoop.java:477)
	at org.apache.ratis.thirdparty.io.netty.channel.epoll.EpollEventLoop.run(EpollEventLoop.java:385)
	at org.apache.ratis.thirdparty.io.netty.util.concurrent.SingleThreadEventExecutor$4.run(SingleThreadEventExecutor.java:995)
	at org.apache.ratis.thirdparty.io.netty.util.internal.ThreadExecutorMap$2.run(ThreadExecutorMap.java:74)
	at org.apache.ratis.thirdparty.io.netty.util.concurrent.FastThreadLocalRunnable.run(FastThreadLocalRunnable.java:30)
	at java.lang.Thread.run(Thread.java:750)
2022-07-23 19:35:42,054 [Time-limited test] INFO  grpc.TestRaftAsyncWithGrpc (BaseTest.java:testFailureCase(151)) - run 'retry-failure-4'
2022-07-23 19:35:42,054 [Time-limited test] INFO  grpc.TestRaftAsyncWithGrpc (BaseTest.java:assertThrowable(133)) - The test "retry-failure-4" throws ExecutionException
java.util.concurrent.ExecutionException: org.apache.ratis.protocol.exceptions.AlreadyClosedException: SlidingWindow$Client:client-D4CF2906D61D->RAFT is closed.
	at java.util.concurrent.CompletableFuture.reportGet(CompletableFuture.java:357)
	at java.util.concurrent.CompletableFuture.get(CompletableFuture.java:1908)
	at org.apache.ratis.BaseTest.testFailureCase(BaseTest.java:154)
	at org.apache.ratis.BaseTest.testFailureCase(BaseTest.java:167)
	at org.apache.ratis.RaftAsyncTests.runTestRequestAsyncWithRetryFailure(RaftAsyncTests.java:191)
	at org.apache.ratis.RaftAsyncTests.lambda$runTestRequestAsyncWithRetryFailure$0(RaftAsyncTests.java:126)
	at org.apache.ratis.server.impl.MiniRaftCluster$Factory$Get.runWithNewCluster(MiniRaftCluster.java:125)
	at org.apache.ratis.RaftAsyncTests.runTestRequestAsyncWithRetryFailure(RaftAsyncTests.java:126)
	at org.apache.ratis.RaftAsyncTests.testRequestAsyncWithRetryFailureAfterInitialMessages(RaftAsyncTests.java:121)
	at sun.reflect.NativeMethodAccessorImpl.invoke0(Native Method)
	at sun.reflect.NativeMethodAccessorImpl.invoke(NativeMethodAccessorImpl.java:62)
	at sun.reflect.DelegatingMethodAccessorImpl.invoke(DelegatingMethodAccessorImpl.java:43)
	at java.lang.reflect.Method.invoke(Method.java:498)
	at org.junit.runners.model.FrameworkMethod$1.runReflectiveCall(FrameworkMethod.java:59)
	at org.junit.internal.runners.model.ReflectiveCallable.run(ReflectiveCallable.java:12)
	at org.junit.runners.model.FrameworkMethod.invokeExplosively(FrameworkMethod.java:56)
	at org.junit.internal.runners.statements.InvokeMethod.evaluate(InvokeMethod.java:17)
	at org.junit.internal.runners.statements.RunAfters.evaluate(RunAfters.java:27)
	at org.junit.internal.runners.statements.FailOnTimeout$CallableStatement.call(FailOnTimeout.java:299)
	at org.junit.internal.runners.statements.FailOnTimeout$CallableStatement.call(FailOnTimeout.java:293)
	at java.util.concurrent.FutureTask.run(FutureTask.java:266)
	at java.lang.Thread.run(Thread.java:750)
Caused by: org.apache.ratis.protocol.exceptions.AlreadyClosedException: SlidingWindow$Client:client-D4CF2906D61D->RAFT is closed.
	at org.apache.ratis.util.SlidingWindow$Client.alreadyClosed(SlidingWindow.java:378)
	at org.apache.ratis.util.SlidingWindow$Client.fail(SlidingWindow.java:366)
	at org.apache.ratis.client.impl.OrderedAsync.failAllAsyncRequests(OrderedAsync.java:148)
	at org.apache.ratis.client.impl.OrderedAsync.handleAsyncRetryFailure(OrderedAsync.java:152)
	at org.apache.ratis.client.impl.OrderedAsync.lambda$sendRequest$10(OrderedAsync.java:262)
	at java.util.concurrent.CompletableFuture.uniExceptionally(CompletableFuture.java:884)
	at java.util.concurrent.CompletableFuture$UniExceptionally.tryFire(CompletableFuture.java:866)
	at java.util.concurrent.CompletableFuture.postComplete(CompletableFuture.java:488)
	at java.util.concurrent.CompletableFuture.completeExceptionally(CompletableFuture.java:1990)
	at org.apache.ratis.grpc.client.GrpcClientProtocolClient$AsyncStreamObservers.completeReplyExceptionally(GrpcClientProtocolClient.java:405)
	at org.apache.ratis.grpc.client.GrpcClientProtocolClient$AsyncStreamObservers.access$000(GrpcClientProtocolClient.java:311)
	at org.apache.ratis.grpc.client.GrpcClientProtocolClient$AsyncStreamObservers$1.onError(GrpcClientProtocolClient.java:342)
	at org.apache.ratis.thirdparty.io.grpc.stub.ClientCalls$StreamObserverToCallListenerAdapter.onClose(ClientCalls.java:479)
	at org.apache.ratis.thirdparty.io.grpc.PartialForwardingClientCallListener.onClose(PartialForwardingClientCallListener.java:39)
	at org.apache.ratis.thirdparty.io.grpc.ForwardingClientCallListener.onClose(ForwardingClientCallListener.java:23)
	at org.apache.ratis.grpc.metrics.intercept.client.MetricClientCallListener.onClose(MetricClientCallListener.java:47)
	at org.apache.ratis.thirdparty.io.grpc.internal.DelayedClientCall$DelayedListener$3.run(DelayedClientCall.java:463)
	at org.apache.ratis.thirdparty.io.grpc.internal.DelayedClientCall$DelayedListener.delayOrExecute(DelayedClientCall.java:427)
	at org.apache.ratis.thirdparty.io.grpc.internal.DelayedClientCall$DelayedListener.onClose(DelayedClientCall.java:460)
	at org.apache.ratis.thirdparty.io.grpc.internal.ClientCallImpl.closeObserver(ClientCallImpl.java:562)
	at org.apache.ratis.thirdparty.io.grpc.internal.ClientCallImpl.access$300(ClientCallImpl.java:70)
	at org.apache.ratis.thirdparty.io.grpc.internal.ClientCallImpl$ClientStreamListenerImpl$1StreamClosed.runInternal(ClientCallImpl.java:743)
	at org.apache.ratis.thirdparty.io.grpc.internal.ClientCallImpl$ClientStreamListenerImpl$1StreamClosed.runInContext(ClientCallImpl.java:722)
	at org.apache.ratis.thirdparty.io.grpc.internal.ContextRunnable.run(ContextRunnable.java:37)
	at org.apache.ratis.thirdparty.io.grpc.internal.SerializingExecutor.run(SerializingExecutor.java:133)
	at java.util.concurrent.ThreadPoolExecutor.runWorker(ThreadPoolExecutor.java:1149)
	at java.util.concurrent.ThreadPoolExecutor$Worker.run(ThreadPoolExecutor.java:624)
	... 1 more
Caused by: org.apache.ratis.protocol.exceptions.RaftRetryFailureException: Failed RaftClientRequest:client-D4CF2906D61D->s0@group-2C6CC0A4AD38, cid=2865, seq=11*, RW, m0 for 10 attempts with RetryLimited(maxAttempts=10, sleepTime=100ms)
	at org.apache.ratis.client.impl.RaftClientImpl.noMoreRetries(RaftClientImpl.java:306)
	... 25 more
Caused by: java.io.IOException: org.apache.ratis.thirdparty.io.grpc.StatusRuntimeException: UNAVAILABLE: io exception
	at org.apache.ratis.grpc.GrpcUtil.unwrapException(GrpcUtil.java:92)
	at org.apache.ratis.grpc.GrpcUtil.unwrapIOException(GrpcUtil.java:152)
	at org.apache.ratis.grpc.client.GrpcClientProtocolClient$AsyncStreamObservers$1.onError(GrpcClientProtocolClient.java:341)
	... 16 more
Caused by: org.apache.ratis.thirdparty.io.grpc.StatusRuntimeException: UNAVAILABLE: io exception
	at org.apache.ratis.thirdparty.io.grpc.Status.asRuntimeException(Status.java:535)
	... 16 more
Caused by: org.apache.ratis.thirdparty.io.netty.channel.AbstractChannel$AnnotatedConnectException: finishConnect(..) failed: Connection refused: localhost/127.0.0.1:34157
Caused by: java.net.ConnectException: finishConnect(..) failed: Connection refused
	at org.apache.ratis.thirdparty.io.netty.channel.unix.Errors.newConnectException0(Errors.java:155)
	at org.apache.ratis.thirdparty.io.netty.channel.unix.Errors.handleConnectErrno(Errors.java:128)
	at org.apache.ratis.thirdparty.io.netty.channel.unix.Socket.finishConnect(Socket.java:321)
	at org.apache.ratis.thirdparty.io.netty.channel.epoll.AbstractEpollChannel$AbstractEpollUnsafe.doFinishConnect(AbstractEpollChannel.java:710)
	at org.apache.ratis.thirdparty.io.netty.channel.epoll.AbstractEpollChannel$AbstractEpollUnsafe.finishConnect(AbstractEpollChannel.java:687)
	at org.apache.ratis.thirdparty.io.netty.channel.epoll.AbstractEpollChannel$AbstractEpollUnsafe.epollOutReady(AbstractEpollChannel.java:567)
	at org.apache.ratis.thirdparty.io.netty.channel.epoll.EpollEventLoop.processReady(EpollEventLoop.java:477)
	at org.apache.ratis.thirdparty.io.netty.channel.epoll.EpollEventLoop.run(EpollEventLoop.java:385)
	at org.apache.ratis.thirdparty.io.netty.util.concurrent.SingleThreadEventExecutor$4.run(SingleThreadEventExecutor.java:995)
	at org.apache.ratis.thirdparty.io.netty.util.internal.ThreadExecutorMap$2.run(ThreadExecutorMap.java:74)
	at org.apache.ratis.thirdparty.io.netty.util.concurrent.FastThreadLocalRunnable.run(FastThreadLocalRunnable.java:30)
	at java.lang.Thread.run(Thread.java:750)
2022-07-23 19:35:42,054 [Time-limited test] INFO  grpc.TestRaftAsyncWithGrpc (BaseTest.java:testFailureCase(151)) - run 'retry-failure-5'
2022-07-23 19:35:42,054 [Time-limited test] INFO  grpc.TestRaftAsyncWithGrpc (BaseTest.java:assertThrowable(133)) - The test "retry-failure-5" throws ExecutionException
java.util.concurrent.ExecutionException: org.apache.ratis.protocol.exceptions.AlreadyClosedException: SlidingWindow$Client:client-D4CF2906D61D->RAFT is closed.
	at java.util.concurrent.CompletableFuture.reportGet(CompletableFuture.java:357)
	at java.util.concurrent.CompletableFuture.get(CompletableFuture.java:1908)
	at org.apache.ratis.BaseTest.testFailureCase(BaseTest.java:154)
	at org.apache.ratis.BaseTest.testFailureCase(BaseTest.java:167)
	at org.apache.ratis.RaftAsyncTests.runTestRequestAsyncWithRetryFailure(RaftAsyncTests.java:191)
	at org.apache.ratis.RaftAsyncTests.lambda$runTestRequestAsyncWithRetryFailure$0(RaftAsyncTests.java:126)
	at org.apache.ratis.server.impl.MiniRaftCluster$Factory$Get.runWithNewCluster(MiniRaftCluster.java:125)
	at org.apache.ratis.RaftAsyncTests.runTestRequestAsyncWithRetryFailure(RaftAsyncTests.java:126)
	at org.apache.ratis.RaftAsyncTests.testRequestAsyncWithRetryFailureAfterInitialMessages(RaftAsyncTests.java:121)
	at sun.reflect.NativeMethodAccessorImpl.invoke0(Native Method)
	at sun.reflect.NativeMethodAccessorImpl.invoke(NativeMethodAccessorImpl.java:62)
	at sun.reflect.DelegatingMethodAccessorImpl.invoke(DelegatingMethodAccessorImpl.java:43)
	at java.lang.reflect.Method.invoke(Method.java:498)
	at org.junit.runners.model.FrameworkMethod$1.runReflectiveCall(FrameworkMethod.java:59)
	at org.junit.internal.runners.model.ReflectiveCallable.run(ReflectiveCallable.java:12)
	at org.junit.runners.model.FrameworkMethod.invokeExplosively(FrameworkMethod.java:56)
	at org.junit.internal.runners.statements.InvokeMethod.evaluate(InvokeMethod.java:17)
	at org.junit.internal.runners.statements.RunAfters.evaluate(RunAfters.java:27)
	at org.junit.internal.runners.statements.FailOnTimeout$CallableStatement.call(FailOnTimeout.java:299)
	at org.junit.internal.runners.statements.FailOnTimeout$CallableStatement.call(FailOnTimeout.java:293)
	at java.util.concurrent.FutureTask.run(FutureTask.java:266)
	at java.lang.Thread.run(Thread.java:750)
Caused by: org.apache.ratis.protocol.exceptions.AlreadyClosedException: SlidingWindow$Client:client-D4CF2906D61D->RAFT is closed.
	at org.apache.ratis.util.SlidingWindow$Client.alreadyClosed(SlidingWindow.java:378)
	at org.apache.ratis.util.SlidingWindow$Client.fail(SlidingWindow.java:366)
	at org.apache.ratis.client.impl.OrderedAsync.failAllAsyncRequests(OrderedAsync.java:148)
	at org.apache.ratis.client.impl.OrderedAsync.handleAsyncRetryFailure(OrderedAsync.java:152)
	at org.apache.ratis.client.impl.OrderedAsync.lambda$sendRequest$10(OrderedAsync.java:262)
	at java.util.concurrent.CompletableFuture.uniExceptionally(CompletableFuture.java:884)
	at java.util.concurrent.CompletableFuture$UniExceptionally.tryFire(CompletableFuture.java:866)
	at java.util.concurrent.CompletableFuture.postComplete(CompletableFuture.java:488)
	at java.util.concurrent.CompletableFuture.completeExceptionally(CompletableFuture.java:1990)
	at org.apache.ratis.grpc.client.GrpcClientProtocolClient$AsyncStreamObservers.completeReplyExceptionally(GrpcClientProtocolClient.java:405)
	at org.apache.ratis.grpc.client.GrpcClientProtocolClient$AsyncStreamObservers.access$000(GrpcClientProtocolClient.java:311)
	at org.apache.ratis.grpc.client.GrpcClientProtocolClient$AsyncStreamObservers$1.onError(GrpcClientProtocolClient.java:342)
	at org.apache.ratis.thirdparty.io.grpc.stub.ClientCalls$StreamObserverToCallListenerAdapter.onClose(ClientCalls.java:479)
	at org.apache.ratis.thirdparty.io.grpc.PartialForwardingClientCallListener.onClose(PartialForwardingClientCallListener.java:39)
	at org.apache.ratis.thirdparty.io.grpc.ForwardingClientCallListener.onClose(ForwardingClientCallListener.java:23)
	at org.apache.ratis.grpc.metrics.intercept.client.MetricClientCallListener.onClose(MetricClientCallListener.java:47)
	at org.apache.ratis.thirdparty.io.grpc.internal.DelayedClientCall$DelayedListener$3.run(DelayedClientCall.java:463)
	at org.apache.ratis.thirdparty.io.grpc.internal.DelayedClientCall$DelayedListener.delayOrExecute(DelayedClientCall.java:427)
	at org.apache.ratis.thirdparty.io.grpc.internal.DelayedClientCall$DelayedListener.onClose(DelayedClientCall.java:460)
	at org.apache.ratis.thirdparty.io.grpc.internal.ClientCallImpl.closeObserver(ClientCallImpl.java:562)
	at org.apache.ratis.thirdparty.io.grpc.internal.ClientCallImpl.access$300(ClientCallImpl.java:70)
	at org.apache.ratis.thirdparty.io.grpc.internal.ClientCallImpl$ClientStreamListenerImpl$1StreamClosed.runInternal(ClientCallImpl.java:743)
	at org.apache.ratis.thirdparty.io.grpc.internal.ClientCallImpl$ClientStreamListenerImpl$1StreamClosed.runInContext(ClientCallImpl.java:722)
	at org.apache.ratis.thirdparty.io.grpc.internal.ContextRunnable.run(ContextRunnable.java:37)
	at org.apache.ratis.thirdparty.io.grpc.internal.SerializingExecutor.run(SerializingExecutor.java:133)
	at java.util.concurrent.ThreadPoolExecutor.runWorker(ThreadPoolExecutor.java:1149)
	at java.util.concurrent.ThreadPoolExecutor$Worker.run(ThreadPoolExecutor.java:624)
	... 1 more
Caused by: org.apache.ratis.protocol.exceptions.RaftRetryFailureException: Failed RaftClientRequest:client-D4CF2906D61D->s0@group-2C6CC0A4AD38, cid=2865, seq=11*, RW, m0 for 10 attempts with RetryLimited(maxAttempts=10, sleepTime=100ms)
	at org.apache.ratis.client.impl.RaftClientImpl.noMoreRetries(RaftClientImpl.java:306)
	... 25 more
Caused by: java.io.IOException: org.apache.ratis.thirdparty.io.grpc.StatusRuntimeException: UNAVAILABLE: io exception
	at org.apache.ratis.grpc.GrpcUtil.unwrapException(GrpcUtil.java:92)
	at org.apache.ratis.grpc.GrpcUtil.unwrapIOException(GrpcUtil.java:152)
	at org.apache.ratis.grpc.client.GrpcClientProtocolClient$AsyncStreamObservers$1.onError(GrpcClientProtocolClient.java:341)
	... 16 more
Caused by: org.apache.ratis.thirdparty.io.grpc.StatusRuntimeException: UNAVAILABLE: io exception
	at org.apache.ratis.thirdparty.io.grpc.Status.asRuntimeException(Status.java:535)
	... 16 more
Caused by: org.apache.ratis.thirdparty.io.netty.channel.AbstractChannel$AnnotatedConnectException: finishConnect(..) failed: Connection refused: localhost/127.0.0.1:34157
Caused by: java.net.ConnectException: finishConnect(..) failed: Connection refused
	at org.apache.ratis.thirdparty.io.netty.channel.unix.Errors.newConnectException0(Errors.java:155)
	at org.apache.ratis.thirdparty.io.netty.channel.unix.Errors.handleConnectErrno(Errors.java:128)
	at org.apache.ratis.thirdparty.io.netty.channel.unix.Socket.finishConnect(Socket.java:321)
	at org.apache.ratis.thirdparty.io.netty.channel.epoll.AbstractEpollChannel$AbstractEpollUnsafe.doFinishConnect(AbstractEpollChannel.java:710)
	at org.apache.ratis.thirdparty.io.netty.channel.epoll.AbstractEpollChannel$AbstractEpollUnsafe.finishConnect(AbstractEpollChannel.java:687)
	at org.apache.ratis.thirdparty.io.netty.channel.epoll.AbstractEpollChannel$AbstractEpollUnsafe.epollOutReady(AbstractEpollChannel.java:567)
	at org.apache.ratis.thirdparty.io.netty.channel.epoll.EpollEventLoop.processReady(EpollEventLoop.java:477)
	at org.apache.ratis.thirdparty.io.netty.channel.epoll.EpollEventLoop.run(EpollEventLoop.java:385)
	at org.apache.ratis.thirdparty.io.netty.util.concurrent.SingleThreadEventExecutor$4.run(SingleThreadEventExecutor.java:995)
	at org.apache.ratis.thirdparty.io.netty.util.internal.ThreadExecutorMap$2.run(ThreadExecutorMap.java:74)
	at org.apache.ratis.thirdparty.io.netty.util.concurrent.FastThreadLocalRunnable.run(FastThreadLocalRunnable.java:30)
	at java.lang.Thread.run(Thread.java:750)
2022-07-23 19:35:42,054 [Time-limited test] INFO  grpc.TestRaftAsyncWithGrpc (BaseTest.java:testFailureCase(151)) - run 'retry-failure-6'
2022-07-23 19:35:42,054 [Time-limited test] INFO  grpc.TestRaftAsyncWithGrpc (BaseTest.java:assertThrowable(133)) - The test "retry-failure-6" throws ExecutionException
java.util.concurrent.ExecutionException: org.apache.ratis.protocol.exceptions.AlreadyClosedException: SlidingWindow$Client:client-D4CF2906D61D->RAFT is closed.
	at java.util.concurrent.CompletableFuture.reportGet(CompletableFuture.java:357)
	at java.util.concurrent.CompletableFuture.get(CompletableFuture.java:1908)
	at org.apache.ratis.BaseTest.testFailureCase(BaseTest.java:154)
	at org.apache.ratis.BaseTest.testFailureCase(BaseTest.java:167)
	at org.apache.ratis.RaftAsyncTests.runTestRequestAsyncWithRetryFailure(RaftAsyncTests.java:191)
	at org.apache.ratis.RaftAsyncTests.lambda$runTestRequestAsyncWithRetryFailure$0(RaftAsyncTests.java:126)
	at org.apache.ratis.server.impl.MiniRaftCluster$Factory$Get.runWithNewCluster(MiniRaftCluster.java:125)
	at org.apache.ratis.RaftAsyncTests.runTestRequestAsyncWithRetryFailure(RaftAsyncTests.java:126)
	at org.apache.ratis.RaftAsyncTests.testRequestAsyncWithRetryFailureAfterInitialMessages(RaftAsyncTests.java:121)
	at sun.reflect.NativeMethodAccessorImpl.invoke0(Native Method)
	at sun.reflect.NativeMethodAccessorImpl.invoke(NativeMethodAccessorImpl.java:62)
	at sun.reflect.DelegatingMethodAccessorImpl.invoke(DelegatingMethodAccessorImpl.java:43)
	at java.lang.reflect.Method.invoke(Method.java:498)
	at org.junit.runners.model.FrameworkMethod$1.runReflectiveCall(FrameworkMethod.java:59)
	at org.junit.internal.runners.model.ReflectiveCallable.run(ReflectiveCallable.java:12)
	at org.junit.runners.model.FrameworkMethod.invokeExplosively(FrameworkMethod.java:56)
	at org.junit.internal.runners.statements.InvokeMethod.evaluate(InvokeMethod.java:17)
	at org.junit.internal.runners.statements.RunAfters.evaluate(RunAfters.java:27)
	at org.junit.internal.runners.statements.FailOnTimeout$CallableStatement.call(FailOnTimeout.java:299)
	at org.junit.internal.runners.statements.FailOnTimeout$CallableStatement.call(FailOnTimeout.java:293)
	at java.util.concurrent.FutureTask.run(FutureTask.java:266)
	at java.lang.Thread.run(Thread.java:750)
Caused by: org.apache.ratis.protocol.exceptions.AlreadyClosedException: SlidingWindow$Client:client-D4CF2906D61D->RAFT is closed.
	at org.apache.ratis.util.SlidingWindow$Client.alreadyClosed(SlidingWindow.java:378)
	at org.apache.ratis.util.SlidingWindow$Client.fail(SlidingWindow.java:366)
	at org.apache.ratis.client.impl.OrderedAsync.failAllAsyncRequests(OrderedAsync.java:148)
	at org.apache.ratis.client.impl.OrderedAsync.handleAsyncRetryFailure(OrderedAsync.java:152)
	at org.apache.ratis.client.impl.OrderedAsync.lambda$sendRequest$10(OrderedAsync.java:262)
	at java.util.concurrent.CompletableFuture.uniExceptionally(CompletableFuture.java:884)
	at java.util.concurrent.CompletableFuture$UniExceptionally.tryFire(CompletableFuture.java:866)
	at java.util.concurrent.CompletableFuture.postComplete(CompletableFuture.java:488)
	at java.util.concurrent.CompletableFuture.completeExceptionally(CompletableFuture.java:1990)
	at org.apache.ratis.grpc.client.GrpcClientProtocolClient$AsyncStreamObservers.completeReplyExceptionally(GrpcClientProtocolClient.java:405)
	at org.apache.ratis.grpc.client.GrpcClientProtocolClient$AsyncStreamObservers.access$000(GrpcClientProtocolClient.java:311)
	at org.apache.ratis.grpc.client.GrpcClientProtocolClient$AsyncStreamObservers$1.onError(GrpcClientProtocolClient.java:342)
	at org.apache.ratis.thirdparty.io.grpc.stub.ClientCalls$StreamObserverToCallListenerAdapter.onClose(ClientCalls.java:479)
	at org.apache.ratis.thirdparty.io.grpc.PartialForwardingClientCallListener.onClose(PartialForwardingClientCallListener.java:39)
	at org.apache.ratis.thirdparty.io.grpc.ForwardingClientCallListener.onClose(ForwardingClientCallListener.java:23)
	at org.apache.ratis.grpc.metrics.intercept.client.MetricClientCallListener.onClose(MetricClientCallListener.java:47)
	at org.apache.ratis.thirdparty.io.grpc.internal.DelayedClientCall$DelayedListener$3.run(DelayedClientCall.java:463)
	at org.apache.ratis.thirdparty.io.grpc.internal.DelayedClientCall$DelayedListener.delayOrExecute(DelayedClientCall.java:427)
	at org.apache.ratis.thirdparty.io.grpc.internal.DelayedClientCall$DelayedListener.onClose(DelayedClientCall.java:460)
	at org.apache.ratis.thirdparty.io.grpc.internal.ClientCallImpl.closeObserver(ClientCallImpl.java:562)
	at org.apache.ratis.thirdparty.io.grpc.internal.ClientCallImpl.access$300(ClientCallImpl.java:70)
	at org.apache.ratis.thirdparty.io.grpc.internal.ClientCallImpl$ClientStreamListenerImpl$1StreamClosed.runInternal(ClientCallImpl.java:743)
	at org.apache.ratis.thirdparty.io.grpc.internal.ClientCallImpl$ClientStreamListenerImpl$1StreamClosed.runInContext(ClientCallImpl.java:722)
	at org.apache.ratis.thirdparty.io.grpc.internal.ContextRunnable.run(ContextRunnable.java:37)
	at org.apache.ratis.thirdparty.io.grpc.internal.SerializingExecutor.run(SerializingExecutor.java:133)
	at java.util.concurrent.ThreadPoolExecutor.runWorker(ThreadPoolExecutor.java:1149)
	at java.util.concurrent.ThreadPoolExecutor$Worker.run(ThreadPoolExecutor.java:624)
	... 1 more
Caused by: org.apache.ratis.protocol.exceptions.RaftRetryFailureException: Failed RaftClientRequest:client-D4CF2906D61D->s0@group-2C6CC0A4AD38, cid=2865, seq=11*, RW, m0 for 10 attempts with RetryLimited(maxAttempts=10, sleepTime=100ms)
	at org.apache.ratis.client.impl.RaftClientImpl.noMoreRetries(RaftClientImpl.java:306)
	... 25 more
Caused by: java.io.IOException: org.apache.ratis.thirdparty.io.grpc.StatusRuntimeException: UNAVAILABLE: io exception
	at org.apache.ratis.grpc.GrpcUtil.unwrapException(GrpcUtil.java:92)
	at org.apache.ratis.grpc.GrpcUtil.unwrapIOException(GrpcUtil.java:152)
	at org.apache.ratis.grpc.client.GrpcClientProtocolClient$AsyncStreamObservers$1.onError(GrpcClientProtocolClient.java:341)
	... 16 more
Caused by: org.apache.ratis.thirdparty.io.grpc.StatusRuntimeException: UNAVAILABLE: io exception
	at org.apache.ratis.thirdparty.io.grpc.Status.asRuntimeException(Status.java:535)
	... 16 more
Caused by: org.apache.ratis.thirdparty.io.netty.channel.AbstractChannel$AnnotatedConnectException: finishConnect(..) failed: Connection refused: localhost/127.0.0.1:34157
Caused by: java.net.ConnectException: finishConnect(..) failed: Connection refused
	at org.apache.ratis.thirdparty.io.netty.channel.unix.Errors.newConnectException0(Errors.java:155)
	at org.apache.ratis.thirdparty.io.netty.channel.unix.Errors.handleConnectErrno(Errors.java:128)
	at org.apache.ratis.thirdparty.io.netty.channel.unix.Socket.finishConnect(Socket.java:321)
	at org.apache.ratis.thirdparty.io.netty.channel.epoll.AbstractEpollChannel$AbstractEpollUnsafe.doFinishConnect(AbstractEpollChannel.java:710)
	at org.apache.ratis.thirdparty.io.netty.channel.epoll.AbstractEpollChannel$AbstractEpollUnsafe.finishConnect(AbstractEpollChannel.java:687)
	at org.apache.ratis.thirdparty.io.netty.channel.epoll.AbstractEpollChannel$AbstractEpollUnsafe.epollOutReady(AbstractEpollChannel.java:567)
	at org.apache.ratis.thirdparty.io.netty.channel.epoll.EpollEventLoop.processReady(EpollEventLoop.java:477)
	at org.apache.ratis.thirdparty.io.netty.channel.epoll.EpollEventLoop.run(EpollEventLoop.java:385)
	at org.apache.ratis.thirdparty.io.netty.util.concurrent.SingleThreadEventExecutor$4.run(SingleThreadEventExecutor.java:995)
	at org.apache.ratis.thirdparty.io.netty.util.internal.ThreadExecutorMap$2.run(ThreadExecutorMap.java:74)
	at org.apache.ratis.thirdparty.io.netty.util.concurrent.FastThreadLocalRunnable.run(FastThreadLocalRunnable.java:30)
	at java.lang.Thread.run(Thread.java:750)
2022-07-23 19:35:42,055 [Time-limited test] INFO  grpc.TestRaftAsyncWithGrpc (BaseTest.java:testFailureCase(151)) - run 'retry-failure-7'
2022-07-23 19:35:42,055 [Time-limited test] INFO  grpc.TestRaftAsyncWithGrpc (BaseTest.java:assertThrowable(133)) - The test "retry-failure-7" throws ExecutionException
java.util.concurrent.ExecutionException: org.apache.ratis.protocol.exceptions.AlreadyClosedException: SlidingWindow$Client:client-D4CF2906D61D->RAFT is closed.
	at java.util.concurrent.CompletableFuture.reportGet(CompletableFuture.java:357)
	at java.util.concurrent.CompletableFuture.get(CompletableFuture.java:1908)
	at org.apache.ratis.BaseTest.testFailureCase(BaseTest.java:154)
	at org.apache.ratis.BaseTest.testFailureCase(BaseTest.java:167)
	at org.apache.ratis.RaftAsyncTests.runTestRequestAsyncWithRetryFailure(RaftAsyncTests.java:191)
	at org.apache.ratis.RaftAsyncTests.lambda$runTestRequestAsyncWithRetryFailure$0(RaftAsyncTests.java:126)
	at org.apache.ratis.server.impl.MiniRaftCluster$Factory$Get.runWithNewCluster(MiniRaftCluster.java:125)
	at org.apache.ratis.RaftAsyncTests.runTestRequestAsyncWithRetryFailure(RaftAsyncTests.java:126)
	at org.apache.ratis.RaftAsyncTests.testRequestAsyncWithRetryFailureAfterInitialMessages(RaftAsyncTests.java:121)
	at sun.reflect.NativeMethodAccessorImpl.invoke0(Native Method)
	at sun.reflect.NativeMethodAccessorImpl.invoke(NativeMethodAccessorImpl.java:62)
	at sun.reflect.DelegatingMethodAccessorImpl.invoke(DelegatingMethodAccessorImpl.java:43)
	at java.lang.reflect.Method.invoke(Method.java:498)
	at org.junit.runners.model.FrameworkMethod$1.runReflectiveCall(FrameworkMethod.java:59)
	at org.junit.internal.runners.model.ReflectiveCallable.run(ReflectiveCallable.java:12)
	at org.junit.runners.model.FrameworkMethod.invokeExplosively(FrameworkMethod.java:56)
	at org.junit.internal.runners.statements.InvokeMethod.evaluate(InvokeMethod.java:17)
	at org.junit.internal.runners.statements.RunAfters.evaluate(RunAfters.java:27)
	at org.junit.internal.runners.statements.FailOnTimeout$CallableStatement.call(FailOnTimeout.java:299)
	at org.junit.internal.runners.statements.FailOnTimeout$CallableStatement.call(FailOnTimeout.java:293)
	at java.util.concurrent.FutureTask.run(FutureTask.java:266)
	at java.lang.Thread.run(Thread.java:750)
Caused by: org.apache.ratis.protocol.exceptions.AlreadyClosedException: SlidingWindow$Client:client-D4CF2906D61D->RAFT is closed.
	at org.apache.ratis.util.SlidingWindow$Client.alreadyClosed(SlidingWindow.java:378)
	at org.apache.ratis.util.SlidingWindow$Client.fail(SlidingWindow.java:366)
	at org.apache.ratis.client.impl.OrderedAsync.failAllAsyncRequests(OrderedAsync.java:148)
	at org.apache.ratis.client.impl.OrderedAsync.handleAsyncRetryFailure(OrderedAsync.java:152)
	at org.apache.ratis.client.impl.OrderedAsync.lambda$sendRequest$10(OrderedAsync.java:262)
	at java.util.concurrent.CompletableFuture.uniExceptionally(CompletableFuture.java:884)
	at java.util.concurrent.CompletableFuture$UniExceptionally.tryFire(CompletableFuture.java:866)
	at java.util.concurrent.CompletableFuture.postComplete(CompletableFuture.java:488)
	at java.util.concurrent.CompletableFuture.completeExceptionally(CompletableFuture.java:1990)
	at org.apache.ratis.grpc.client.GrpcClientProtocolClient$AsyncStreamObservers.completeReplyExceptionally(GrpcClientProtocolClient.java:405)
	at org.apache.ratis.grpc.client.GrpcClientProtocolClient$AsyncStreamObservers.access$000(GrpcClientProtocolClient.java:311)
	at org.apache.ratis.grpc.client.GrpcClientProtocolClient$AsyncStreamObservers$1.onError(GrpcClientProtocolClient.java:342)
	at org.apache.ratis.thirdparty.io.grpc.stub.ClientCalls$StreamObserverToCallListenerAdapter.onClose(ClientCalls.java:479)
	at org.apache.ratis.thirdparty.io.grpc.PartialForwardingClientCallListener.onClose(PartialForwardingClientCallListener.java:39)
	at org.apache.ratis.thirdparty.io.grpc.ForwardingClientCallListener.onClose(ForwardingClientCallListener.java:23)
	at org.apache.ratis.grpc.metrics.intercept.client.MetricClientCallListener.onClose(MetricClientCallListener.java:47)
	at org.apache.ratis.thirdparty.io.grpc.internal.DelayedClientCall$DelayedListener$3.run(DelayedClientCall.java:463)
	at org.apache.ratis.thirdparty.io.grpc.internal.DelayedClientCall$DelayedListener.delayOrExecute(DelayedClientCall.java:427)
	at org.apache.ratis.thirdparty.io.grpc.internal.DelayedClientCall$DelayedListener.onClose(DelayedClientCall.java:460)
	at org.apache.ratis.thirdparty.io.grpc.internal.ClientCallImpl.closeObserver(ClientCallImpl.java:562)
	at org.apache.ratis.thirdparty.io.grpc.internal.ClientCallImpl.access$300(ClientCallImpl.java:70)
	at org.apache.ratis.thirdparty.io.grpc.internal.ClientCallImpl$ClientStreamListenerImpl$1StreamClosed.runInternal(ClientCallImpl.java:743)
	at org.apache.ratis.thirdparty.io.grpc.internal.ClientCallImpl$ClientStreamListenerImpl$1StreamClosed.runInContext(ClientCallImpl.java:722)
	at org.apache.ratis.thirdparty.io.grpc.internal.ContextRunnable.run(ContextRunnable.java:37)
	at org.apache.ratis.thirdparty.io.grpc.internal.SerializingExecutor.run(SerializingExecutor.java:133)
	at java.util.concurrent.ThreadPoolExecutor.runWorker(ThreadPoolExecutor.java:1149)
	at java.util.concurrent.ThreadPoolExecutor$Worker.run(ThreadPoolExecutor.java:624)
	... 1 more
Caused by: org.apache.ratis.protocol.exceptions.RaftRetryFailureException: Failed RaftClientRequest:client-D4CF2906D61D->s0@group-2C6CC0A4AD38, cid=2865, seq=11*, RW, m0 for 10 attempts with RetryLimited(maxAttempts=10, sleepTime=100ms)
	at org.apache.ratis.client.impl.RaftClientImpl.noMoreRetries(RaftClientImpl.java:306)
	... 25 more
Caused by: java.io.IOException: org.apache.ratis.thirdparty.io.grpc.StatusRuntimeException: UNAVAILABLE: io exception
	at org.apache.ratis.grpc.GrpcUtil.unwrapException(GrpcUtil.java:92)
	at org.apache.ratis.grpc.GrpcUtil.unwrapIOException(GrpcUtil.java:152)
	at org.apache.ratis.grpc.client.GrpcClientProtocolClient$AsyncStreamObservers$1.onError(GrpcClientProtocolClient.java:341)
	... 16 more
Caused by: org.apache.ratis.thirdparty.io.grpc.StatusRuntimeException: UNAVAILABLE: io exception
	at org.apache.ratis.thirdparty.io.grpc.Status.asRuntimeException(Status.java:535)
	... 16 more
Caused by: org.apache.ratis.thirdparty.io.netty.channel.AbstractChannel$AnnotatedConnectException: finishConnect(..) failed: Connection refused: localhost/127.0.0.1:34157
Caused by: java.net.ConnectException: finishConnect(..) failed: Connection refused
	at org.apache.ratis.thirdparty.io.netty.channel.unix.Errors.newConnectException0(Errors.java:155)
	at org.apache.ratis.thirdparty.io.netty.channel.unix.Errors.handleConnectErrno(Errors.java:128)
	at org.apache.ratis.thirdparty.io.netty.channel.unix.Socket.finishConnect(Socket.java:321)
	at org.apache.ratis.thirdparty.io.netty.channel.epoll.AbstractEpollChannel$AbstractEpollUnsafe.doFinishConnect(AbstractEpollChannel.java:710)
	at org.apache.ratis.thirdparty.io.netty.channel.epoll.AbstractEpollChannel$AbstractEpollUnsafe.finishConnect(AbstractEpollChannel.java:687)
	at org.apache.ratis.thirdparty.io.netty.channel.epoll.AbstractEpollChannel$AbstractEpollUnsafe.epollOutReady(AbstractEpollChannel.java:567)
	at org.apache.ratis.thirdparty.io.netty.channel.epoll.EpollEventLoop.processReady(EpollEventLoop.java:477)
	at org.apache.ratis.thirdparty.io.netty.channel.epoll.EpollEventLoop.run(EpollEventLoop.java:385)
	at org.apache.ratis.thirdparty.io.netty.util.concurrent.SingleThreadEventExecutor$4.run(SingleThreadEventExecutor.java:995)
	at org.apache.ratis.thirdparty.io.netty.util.internal.ThreadExecutorMap$2.run(ThreadExecutorMap.java:74)
	at org.apache.ratis.thirdparty.io.netty.util.concurrent.FastThreadLocalRunnable.run(FastThreadLocalRunnable.java:30)
	at java.lang.Thread.run(Thread.java:750)
2022-07-23 19:35:42,055 [Time-limited test] INFO  grpc.TestRaftAsyncWithGrpc (BaseTest.java:testFailureCase(151)) - run 'retry-failure-8'
2022-07-23 19:35:42,055 [Time-limited test] INFO  grpc.TestRaftAsyncWithGrpc (BaseTest.java:assertThrowable(133)) - The test "retry-failure-8" throws ExecutionException
java.util.concurrent.ExecutionException: org.apache.ratis.protocol.exceptions.AlreadyClosedException: SlidingWindow$Client:client-D4CF2906D61D->RAFT is closed.
	at java.util.concurrent.CompletableFuture.reportGet(CompletableFuture.java:357)
	at java.util.concurrent.CompletableFuture.get(CompletableFuture.java:1908)
	at org.apache.ratis.BaseTest.testFailureCase(BaseTest.java:154)
	at org.apache.ratis.BaseTest.testFailureCase(BaseTest.java:167)
	at org.apache.ratis.RaftAsyncTests.runTestRequestAsyncWithRetryFailure(RaftAsyncTests.java:191)
	at org.apache.ratis.RaftAsyncTests.lambda$runTestRequestAsyncWithRetryFailure$0(RaftAsyncTests.java:126)
	at org.apache.ratis.server.impl.MiniRaftCluster$Factory$Get.runWithNewCluster(MiniRaftCluster.java:125)
	at org.apache.ratis.RaftAsyncTests.runTestRequestAsyncWithRetryFailure(RaftAsyncTests.java:126)
	at org.apache.ratis.RaftAsyncTests.testRequestAsyncWithRetryFailureAfterInitialMessages(RaftAsyncTests.java:121)
	at sun.reflect.NativeMethodAccessorImpl.invoke0(Native Method)
	at sun.reflect.NativeMethodAccessorImpl.invoke(NativeMethodAccessorImpl.java:62)
	at sun.reflect.DelegatingMethodAccessorImpl.invoke(DelegatingMethodAccessorImpl.java:43)
	at java.lang.reflect.Method.invoke(Method.java:498)
	at org.junit.runners.model.FrameworkMethod$1.runReflectiveCall(FrameworkMethod.java:59)
	at org.junit.internal.runners.model.ReflectiveCallable.run(ReflectiveCallable.java:12)
	at org.junit.runners.model.FrameworkMethod.invokeExplosively(FrameworkMethod.java:56)
	at org.junit.internal.runners.statements.InvokeMethod.evaluate(InvokeMethod.java:17)
	at org.junit.internal.runners.statements.RunAfters.evaluate(RunAfters.java:27)
	at org.junit.internal.runners.statements.FailOnTimeout$CallableStatement.call(FailOnTimeout.java:299)
	at org.junit.internal.runners.statements.FailOnTimeout$CallableStatement.call(FailOnTimeout.java:293)
	at java.util.concurrent.FutureTask.run(FutureTask.java:266)
	at java.lang.Thread.run(Thread.java:750)
Caused by: org.apache.ratis.protocol.exceptions.AlreadyClosedException: SlidingWindow$Client:client-D4CF2906D61D->RAFT is closed.
	at org.apache.ratis.util.SlidingWindow$Client.alreadyClosed(SlidingWindow.java:378)
	at org.apache.ratis.util.SlidingWindow$Client.fail(SlidingWindow.java:366)
	at org.apache.ratis.client.impl.OrderedAsync.failAllAsyncRequests(OrderedAsync.java:148)
	at org.apache.ratis.client.impl.OrderedAsync.handleAsyncRetryFailure(OrderedAsync.java:152)
	at org.apache.ratis.client.impl.OrderedAsync.lambda$sendRequest$10(OrderedAsync.java:262)
	at java.util.concurrent.CompletableFuture.uniExceptionally(CompletableFuture.java:884)
	at java.util.concurrent.CompletableFuture$UniExceptionally.tryFire(CompletableFuture.java:866)
	at java.util.concurrent.CompletableFuture.postComplete(CompletableFuture.java:488)
	at java.util.concurrent.CompletableFuture.completeExceptionally(CompletableFuture.java:1990)
	at org.apache.ratis.grpc.client.GrpcClientProtocolClient$AsyncStreamObservers.completeReplyExceptionally(GrpcClientProtocolClient.java:405)
	at org.apache.ratis.grpc.client.GrpcClientProtocolClient$AsyncStreamObservers.access$000(GrpcClientProtocolClient.java:311)
	at org.apache.ratis.grpc.client.GrpcClientProtocolClient$AsyncStreamObservers$1.onError(GrpcClientProtocolClient.java:342)
	at org.apache.ratis.thirdparty.io.grpc.stub.ClientCalls$StreamObserverToCallListenerAdapter.onClose(ClientCalls.java:479)
	at org.apache.ratis.thirdparty.io.grpc.PartialForwardingClientCallListener.onClose(PartialForwardingClientCallListener.java:39)
	at org.apache.ratis.thirdparty.io.grpc.ForwardingClientCallListener.onClose(ForwardingClientCallListener.java:23)
	at org.apache.ratis.grpc.metrics.intercept.client.MetricClientCallListener.onClose(MetricClientCallListener.java:47)
	at org.apache.ratis.thirdparty.io.grpc.internal.DelayedClientCall$DelayedListener$3.run(DelayedClientCall.java:463)
	at org.apache.ratis.thirdparty.io.grpc.internal.DelayedClientCall$DelayedListener.delayOrExecute(DelayedClientCall.java:427)
	at org.apache.ratis.thirdparty.io.grpc.internal.DelayedClientCall$DelayedListener.onClose(DelayedClientCall.java:460)
	at org.apache.ratis.thirdparty.io.grpc.internal.ClientCallImpl.closeObserver(ClientCallImpl.java:562)
	at org.apache.ratis.thirdparty.io.grpc.internal.ClientCallImpl.access$300(ClientCallImpl.java:70)
	at org.apache.ratis.thirdparty.io.grpc.internal.ClientCallImpl$ClientStreamListenerImpl$1StreamClosed.runInternal(ClientCallImpl.java:743)
	at org.apache.ratis.thirdparty.io.grpc.internal.ClientCallImpl$ClientStreamListenerImpl$1StreamClosed.runInContext(ClientCallImpl.java:722)
	at org.apache.ratis.thirdparty.io.grpc.internal.ContextRunnable.run(ContextRunnable.java:37)
	at org.apache.ratis.thirdparty.io.grpc.internal.SerializingExecutor.run(SerializingExecutor.java:133)
	at java.util.concurrent.ThreadPoolExecutor.runWorker(ThreadPoolExecutor.java:1149)
	at java.util.concurrent.ThreadPoolExecutor$Worker.run(ThreadPoolExecutor.java:624)
	... 1 more
Caused by: org.apache.ratis.protocol.exceptions.RaftRetryFailureException: Failed RaftClientRequest:client-D4CF2906D61D->s0@group-2C6CC0A4AD38, cid=2865, seq=11*, RW, m0 for 10 attempts with RetryLimited(maxAttempts=10, sleepTime=100ms)
	at org.apache.ratis.client.impl.RaftClientImpl.noMoreRetries(RaftClientImpl.java:306)
	... 25 more
Caused by: java.io.IOException: org.apache.ratis.thirdparty.io.grpc.StatusRuntimeException: UNAVAILABLE: io exception
	at org.apache.ratis.grpc.GrpcUtil.unwrapException(GrpcUtil.java:92)
	at org.apache.ratis.grpc.GrpcUtil.unwrapIOException(GrpcUtil.java:152)
	at org.apache.ratis.grpc.client.GrpcClientProtocolClient$AsyncStreamObservers$1.onError(GrpcClientProtocolClient.java:341)
	... 16 more
Caused by: org.apache.ratis.thirdparty.io.grpc.StatusRuntimeException: UNAVAILABLE: io exception
	at org.apache.ratis.thirdparty.io.grpc.Status.asRuntimeException(Status.java:535)
	... 16 more
Caused by: org.apache.ratis.thirdparty.io.netty.channel.AbstractChannel$AnnotatedConnectException: finishConnect(..) failed: Connection refused: localhost/127.0.0.1:34157
Caused by: java.net.ConnectException: finishConnect(..) failed: Connection refused
	at org.apache.ratis.thirdparty.io.netty.channel.unix.Errors.newConnectException0(Errors.java:155)
	at org.apache.ratis.thirdparty.io.netty.channel.unix.Errors.handleConnectErrno(Errors.java:128)
	at org.apache.ratis.thirdparty.io.netty.channel.unix.Socket.finishConnect(Socket.java:321)
	at org.apache.ratis.thirdparty.io.netty.channel.epoll.AbstractEpollChannel$AbstractEpollUnsafe.doFinishConnect(AbstractEpollChannel.java:710)
	at org.apache.ratis.thirdparty.io.netty.channel.epoll.AbstractEpollChannel$AbstractEpollUnsafe.finishConnect(AbstractEpollChannel.java:687)
	at org.apache.ratis.thirdparty.io.netty.channel.epoll.AbstractEpollChannel$AbstractEpollUnsafe.epollOutReady(AbstractEpollChannel.java:567)
	at org.apache.ratis.thirdparty.io.netty.channel.epoll.EpollEventLoop.processReady(EpollEventLoop.java:477)
	at org.apache.ratis.thirdparty.io.netty.channel.epoll.EpollEventLoop.run(EpollEventLoop.java:385)
	at org.apache.ratis.thirdparty.io.netty.util.concurrent.SingleThreadEventExecutor$4.run(SingleThreadEventExecutor.java:995)
	at org.apache.ratis.thirdparty.io.netty.util.internal.ThreadExecutorMap$2.run(ThreadExecutorMap.java:74)
	at org.apache.ratis.thirdparty.io.netty.util.concurrent.FastThreadLocalRunnable.run(FastThreadLocalRunnable.java:30)
	at java.lang.Thread.run(Thread.java:750)
2022-07-23 19:35:42,055 [Time-limited test] INFO  grpc.TestRaftAsyncWithGrpc (BaseTest.java:testFailureCase(151)) - run 'retry-failure-9'
2022-07-23 19:35:42,055 [Time-limited test] INFO  grpc.TestRaftAsyncWithGrpc (BaseTest.java:assertThrowable(133)) - The test "retry-failure-9" throws ExecutionException
java.util.concurrent.ExecutionException: org.apache.ratis.protocol.exceptions.AlreadyClosedException: SlidingWindow$Client:client-D4CF2906D61D->RAFT is closed.
	at java.util.concurrent.CompletableFuture.reportGet(CompletableFuture.java:357)
	at java.util.concurrent.CompletableFuture.get(CompletableFuture.java:1908)
	at org.apache.ratis.BaseTest.testFailureCase(BaseTest.java:154)
	at org.apache.ratis.BaseTest.testFailureCase(BaseTest.java:167)
	at org.apache.ratis.RaftAsyncTests.runTestRequestAsyncWithRetryFailure(RaftAsyncTests.java:191)
	at org.apache.ratis.RaftAsyncTests.lambda$runTestRequestAsyncWithRetryFailure$0(RaftAsyncTests.java:126)
	at org.apache.ratis.server.impl.MiniRaftCluster$Factory$Get.runWithNewCluster(MiniRaftCluster.java:125)
	at org.apache.ratis.RaftAsyncTests.runTestRequestAsyncWithRetryFailure(RaftAsyncTests.java:126)
	at org.apache.ratis.RaftAsyncTests.testRequestAsyncWithRetryFailureAfterInitialMessages(RaftAsyncTests.java:121)
	at sun.reflect.NativeMethodAccessorImpl.invoke0(Native Method)
	at sun.reflect.NativeMethodAccessorImpl.invoke(NativeMethodAccessorImpl.java:62)
	at sun.reflect.DelegatingMethodAccessorImpl.invoke(DelegatingMethodAccessorImpl.java:43)
	at java.lang.reflect.Method.invoke(Method.java:498)
	at org.junit.runners.model.FrameworkMethod$1.runReflectiveCall(FrameworkMethod.java:59)
	at org.junit.internal.runners.model.ReflectiveCallable.run(ReflectiveCallable.java:12)
	at org.junit.runners.model.FrameworkMethod.invokeExplosively(FrameworkMethod.java:56)
	at org.junit.internal.runners.statements.InvokeMethod.evaluate(InvokeMethod.java:17)
	at org.junit.internal.runners.statements.RunAfters.evaluate(RunAfters.java:27)
	at org.junit.internal.runners.statements.FailOnTimeout$CallableStatement.call(FailOnTimeout.java:299)
	at org.junit.internal.runners.statements.FailOnTimeout$CallableStatement.call(FailOnTimeout.java:293)
	at java.util.concurrent.FutureTask.run(FutureTask.java:266)
	at java.lang.Thread.run(Thread.java:750)
Caused by: org.apache.ratis.protocol.exceptions.AlreadyClosedException: SlidingWindow$Client:client-D4CF2906D61D->RAFT is closed.
	at org.apache.ratis.util.SlidingWindow$Client.alreadyClosed(SlidingWindow.java:378)
	at org.apache.ratis.util.SlidingWindow$Client.fail(SlidingWindow.java:366)
	at org.apache.ratis.client.impl.OrderedAsync.failAllAsyncRequests(OrderedAsync.java:148)
	at org.apache.ratis.client.impl.OrderedAsync.handleAsyncRetryFailure(OrderedAsync.java:152)
	at org.apache.ratis.client.impl.OrderedAsync.lambda$sendRequest$10(OrderedAsync.java:262)
	at java.util.concurrent.CompletableFuture.uniExceptionally(CompletableFuture.java:884)
	at java.util.concurrent.CompletableFuture$UniExceptionally.tryFire(CompletableFuture.java:866)
	at java.util.concurrent.CompletableFuture.postComplete(CompletableFuture.java:488)
	at java.util.concurrent.CompletableFuture.completeExceptionally(CompletableFuture.java:1990)
	at org.apache.ratis.grpc.client.GrpcClientProtocolClient$AsyncStreamObservers.completeReplyExceptionally(GrpcClientProtocolClient.java:405)
	at org.apache.ratis.grpc.client.GrpcClientProtocolClient$AsyncStreamObservers.access$000(GrpcClientProtocolClient.java:311)
	at org.apache.ratis.grpc.client.GrpcClientProtocolClient$AsyncStreamObservers$1.onError(GrpcClientProtocolClient.java:342)
	at org.apache.ratis.thirdparty.io.grpc.stub.ClientCalls$StreamObserverToCallListenerAdapter.onClose(ClientCalls.java:479)
	at org.apache.ratis.thirdparty.io.grpc.PartialForwardingClientCallListener.onClose(PartialForwardingClientCallListener.java:39)
	at org.apache.ratis.thirdparty.io.grpc.ForwardingClientCallListener.onClose(ForwardingClientCallListener.java:23)
	at org.apache.ratis.grpc.metrics.intercept.client.MetricClientCallListener.onClose(MetricClientCallListener.java:47)
	at org.apache.ratis.thirdparty.io.grpc.internal.DelayedClientCall$DelayedListener$3.run(DelayedClientCall.java:463)
	at org.apache.ratis.thirdparty.io.grpc.internal.DelayedClientCall$DelayedListener.delayOrExecute(DelayedClientCall.java:427)
	at org.apache.ratis.thirdparty.io.grpc.internal.DelayedClientCall$DelayedListener.onClose(DelayedClientCall.java:460)
	at org.apache.ratis.thirdparty.io.grpc.internal.ClientCallImpl.closeObserver(ClientCallImpl.java:562)
	at org.apache.ratis.thirdparty.io.grpc.internal.ClientCallImpl.access$300(ClientCallImpl.java:70)
	at org.apache.ratis.thirdparty.io.grpc.internal.ClientCallImpl$ClientStreamListenerImpl$1StreamClosed.runInternal(ClientCallImpl.java:743)
	at org.apache.ratis.thirdparty.io.grpc.internal.ClientCallImpl$ClientStreamListenerImpl$1StreamClosed.runInContext(ClientCallImpl.java:722)
	at org.apache.ratis.thirdparty.io.grpc.internal.ContextRunnable.run(ContextRunnable.java:37)
	at org.apache.ratis.thirdparty.io.grpc.internal.SerializingExecutor.run(SerializingExecutor.java:133)
	at java.util.concurrent.ThreadPoolExecutor.runWorker(ThreadPoolExecutor.java:1149)
	at java.util.concurrent.ThreadPoolExecutor$Worker.run(ThreadPoolExecutor.java:624)
	... 1 more
Caused by: org.apache.ratis.protocol.exceptions.RaftRetryFailureException: Failed RaftClientRequest:client-D4CF2906D61D->s0@group-2C6CC0A4AD38, cid=2865, seq=11*, RW, m0 for 10 attempts with RetryLimited(maxAttempts=10, sleepTime=100ms)
	at org.apache.ratis.client.impl.RaftClientImpl.noMoreRetries(RaftClientImpl.java:306)
	... 25 more
Caused by: java.io.IOException: org.apache.ratis.thirdparty.io.grpc.StatusRuntimeException: UNAVAILABLE: io exception
	at org.apache.ratis.grpc.GrpcUtil.unwrapException(GrpcUtil.java:92)
	at org.apache.ratis.grpc.GrpcUtil.unwrapIOException(GrpcUtil.java:152)
	at org.apache.ratis.grpc.client.GrpcClientProtocolClient$AsyncStreamObservers$1.onError(GrpcClientProtocolClient.java:341)
	... 16 more
Caused by: org.apache.ratis.thirdparty.io.grpc.StatusRuntimeException: UNAVAILABLE: io exception
	at org.apache.ratis.thirdparty.io.grpc.Status.asRuntimeException(Status.java:535)
	... 16 more
Caused by: org.apache.ratis.thirdparty.io.netty.channel.AbstractChannel$AnnotatedConnectException: finishConnect(..) failed: Connection refused: localhost/127.0.0.1:34157
Caused by: java.net.ConnectException: finishConnect(..) failed: Connection refused
	at org.apache.ratis.thirdparty.io.netty.channel.unix.Errors.newConnectException0(Errors.java:155)
	at org.apache.ratis.thirdparty.io.netty.channel.unix.Errors.handleConnectErrno(Errors.java:128)
	at org.apache.ratis.thirdparty.io.netty.channel.unix.Socket.finishConnect(Socket.java:321)
	at org.apache.ratis.thirdparty.io.netty.channel.epoll.AbstractEpollChannel$AbstractEpollUnsafe.doFinishConnect(AbstractEpollChannel.java:710)
	at org.apache.ratis.thirdparty.io.netty.channel.epoll.AbstractEpollChannel$AbstractEpollUnsafe.finishConnect(AbstractEpollChannel.java:687)
	at org.apache.ratis.thirdparty.io.netty.channel.epoll.AbstractEpollChannel$AbstractEpollUnsafe.epollOutReady(AbstractEpollChannel.java:567)
	at org.apache.ratis.thirdparty.io.netty.channel.epoll.EpollEventLoop.processReady(EpollEventLoop.java:477)
	at org.apache.ratis.thirdparty.io.netty.channel.epoll.EpollEventLoop.run(EpollEventLoop.java:385)
	at org.apache.ratis.thirdparty.io.netty.util.concurrent.SingleThreadEventExecutor$4.run(SingleThreadEventExecutor.java:995)
	at org.apache.ratis.thirdparty.io.netty.util.internal.ThreadExecutorMap$2.run(ThreadExecutorMap.java:74)
	at org.apache.ratis.thirdparty.io.netty.util.concurrent.FastThreadLocalRunnable.run(FastThreadLocalRunnable.java:30)
	at java.lang.Thread.run(Thread.java:750)
2022-07-23 19:35:42,056 [Time-limited test] INFO  grpc.TestRaftAsyncWithGrpc (BaseTest.java:testFailureCaseAsync(176)) - run 'last-request'
2022-07-23 19:35:42,053 [org.apache.ratis.util.JvmPauseMonitor$$Lambda$313/980778071@18b9078e] INFO  util.JvmPauseMonitor (JvmPauseMonitor.java:run(103)) - JvmPauseMonitor-s0: Started
2022-07-23 19:35:42,056 [Time-limited test] ERROR impl.OrderedAsync (OrderedAsync.java:lambda$send$4(175)) - Failed to send request, message=last
java.util.concurrent.CompletionException: org.apache.ratis.protocol.exceptions.AlreadyClosedException: SlidingWindow$Client:client-D4CF2906D61D->RAFT is closed.
	at java.util.concurrent.CompletableFuture.encodeThrowable(CompletableFuture.java:292)
	at java.util.concurrent.CompletableFuture.completeThrowable(CompletableFuture.java:308)
	at java.util.concurrent.CompletableFuture.uniApply(CompletableFuture.java:607)
	at java.util.concurrent.CompletableFuture.uniApplyStage(CompletableFuture.java:628)
	at java.util.concurrent.CompletableFuture.thenApply(CompletableFuture.java:1996)
	at org.apache.ratis.client.impl.OrderedAsync.send(OrderedAsync.java:172)
	at org.apache.ratis.client.impl.AsyncImpl.send(AsyncImpl.java:41)
	at org.apache.ratis.client.impl.AsyncImpl.send(AsyncImpl.java:46)
	at org.apache.ratis.RaftAsyncTests.lambda$runTestRequestAsyncWithRetryFailure$3(RaftAsyncTests.java:196)
	at org.apache.ratis.BaseTest.testFailureCaseAsync(BaseTest.java:179)
	at org.apache.ratis.BaseTest.testFailureCaseAsync(BaseTest.java:192)
	at org.apache.ratis.RaftAsyncTests.runTestRequestAsyncWithRetryFailure(RaftAsyncTests.java:196)
	at org.apache.ratis.RaftAsyncTests.lambda$runTestRequestAsyncWithRetryFailure$0(RaftAsyncTests.java:126)
	at org.apache.ratis.server.impl.MiniRaftCluster$Factory$Get.runWithNewCluster(MiniRaftCluster.java:125)
	at org.apache.ratis.RaftAsyncTests.runTestRequestAsyncWithRetryFailure(RaftAsyncTests.java:126)
	at org.apache.ratis.RaftAsyncTests.testRequestAsyncWithRetryFailureAfterInitialMessages(RaftAsyncTests.java:121)
	at sun.reflect.NativeMethodAccessorImpl.invoke0(Native Method)
	at sun.reflect.NativeMethodAccessorImpl.invoke(NativeMethodAccessorImpl.java:62)
	at sun.reflect.DelegatingMethodAccessorImpl.invoke(DelegatingMethodAccessorImpl.java:43)
	at java.lang.reflect.Method.invoke(Method.java:498)
	at org.junit.runners.model.FrameworkMethod$1.runReflectiveCall(FrameworkMethod.java:59)
	at org.junit.internal.runners.model.ReflectiveCallable.run(ReflectiveCallable.java:12)
	at org.junit.runners.model.FrameworkMethod.invokeExplosively(FrameworkMethod.java:56)
	at org.junit.internal.runners.statements.InvokeMethod.evaluate(InvokeMethod.java:17)
	at org.junit.internal.runners.statements.RunAfters.evaluate(RunAfters.java:27)
	at org.junit.internal.runners.statements.FailOnTimeout$CallableStatement.call(FailOnTimeout.java:299)
	at org.junit.internal.runners.statements.FailOnTimeout$CallableStatement.call(FailOnTimeout.java:293)
	at java.util.concurrent.FutureTask.run(FutureTask.java:266)
	at java.lang.Thread.run(Thread.java:750)
Caused by: org.apache.ratis.protocol.exceptions.AlreadyClosedException: SlidingWindow$Client:client-D4CF2906D61D->RAFT is closed.
	at org.apache.ratis.util.SlidingWindow$Client.alreadyClosed(SlidingWindow.java:378)
	at org.apache.ratis.util.SlidingWindow$Client.submitNewRequest(SlidingWindow.java:253)
	at org.apache.ratis.client.impl.OrderedAsync.send(OrderedAsync.java:170)
	... 23 more
Caused by: org.apache.ratis.protocol.exceptions.RaftRetryFailureException: Failed RaftClientRequest:client-D4CF2906D61D->s0@group-2C6CC0A4AD38, cid=2865, seq=11*, RW, m0 for 10 attempts with RetryLimited(maxAttempts=10, sleepTime=100ms)
	at org.apache.ratis.client.impl.RaftClientImpl.noMoreRetries(RaftClientImpl.java:306)
	at org.apache.ratis.client.impl.OrderedAsync.handleAsyncRetryFailure(OrderedAsync.java:152)
	at org.apache.ratis.client.impl.OrderedAsync.lambda$sendRequest$10(OrderedAsync.java:262)
	at java.util.concurrent.CompletableFuture.uniExceptionally(CompletableFuture.java:884)
	at java.util.concurrent.CompletableFuture$UniExceptionally.tryFire(CompletableFuture.java:866)
	at java.util.concurrent.CompletableFuture.postComplete(CompletableFuture.java:488)
	at java.util.concurrent.CompletableFuture.completeExceptionally(CompletableFuture.java:1990)
	at org.apache.ratis.grpc.client.GrpcClientProtocolClient$AsyncStreamObservers.completeReplyExceptionally(GrpcClientProtocolClient.java:405)
	at org.apache.ratis.grpc.client.GrpcClientProtocolClient$AsyncStreamObservers.access$000(GrpcClientProtocolClient.java:311)
	at org.apache.ratis.grpc.client.GrpcClientProtocolClient$AsyncStreamObservers$1.onError(GrpcClientProtocolClient.java:342)
	at org.apache.ratis.thirdparty.io.grpc.stub.ClientCalls$StreamObserverToCallListenerAdapter.onClose(ClientCalls.java:479)
	at org.apache.ratis.thirdparty.io.grpc.PartialForwardingClientCallListener.onClose(PartialForwardingClientCallListener.java:39)
	at org.apache.ratis.thirdparty.io.grpc.ForwardingClientCallListener.onClose(ForwardingClientCallListener.java:23)
	at org.apache.ratis.grpc.metrics.intercept.client.MetricClientCallListener.onClose(MetricClientCallListener.java:47)
	at org.apache.ratis.thirdparty.io.grpc.internal.DelayedClientCall$DelayedListener$3.run(DelayedClientCall.java:463)
	at org.apache.ratis.thirdparty.io.grpc.internal.DelayedClientCall$DelayedListener.delayOrExecute(DelayedClientCall.java:427)
	at org.apache.ratis.thirdparty.io.grpc.internal.DelayedClientCall$DelayedListener.onClose(DelayedClientCall.java:460)
	at org.apache.ratis.thirdparty.io.grpc.internal.ClientCallImpl.closeObserver(ClientCallImpl.java:562)
	at org.apache.ratis.thirdparty.io.grpc.internal.ClientCallImpl.access$300(ClientCallImpl.java:70)
	at org.apache.ratis.thirdparty.io.grpc.internal.ClientCallImpl$ClientStreamListenerImpl$1StreamClosed.runInternal(ClientCallImpl.java:743)
	at org.apache.ratis.thirdparty.io.grpc.internal.ClientCallImpl$ClientStreamListenerImpl$1StreamClosed.runInContext(ClientCallImpl.java:722)
	at org.apache.ratis.thirdparty.io.grpc.internal.ContextRunnable.run(ContextRunnable.java:37)
	at org.apache.ratis.thirdparty.io.grpc.internal.SerializingExecutor.run(SerializingExecutor.java:133)
	at java.util.concurrent.ThreadPoolExecutor.runWorker(ThreadPoolExecutor.java:1149)
	at java.util.concurrent.ThreadPoolExecutor$Worker.run(ThreadPoolExecutor.java:624)
	... 1 more
Caused by: java.io.IOException: org.apache.ratis.thirdparty.io.grpc.StatusRuntimeException: UNAVAILABLE: io exception
	at org.apache.ratis.grpc.GrpcUtil.unwrapException(GrpcUtil.java:92)
	at org.apache.ratis.grpc.GrpcUtil.unwrapIOException(GrpcUtil.java:152)
	at org.apache.ratis.grpc.client.GrpcClientProtocolClient$AsyncStreamObservers$1.onError(GrpcClientProtocolClient.java:341)
	... 16 more
Caused by: org.apache.ratis.thirdparty.io.grpc.StatusRuntimeException: UNAVAILABLE: io exception
	at org.apache.ratis.thirdparty.io.grpc.Status.asRuntimeException(Status.java:535)
	... 16 more
Caused by: org.apache.ratis.thirdparty.io.netty.channel.AbstractChannel$AnnotatedConnectException: finishConnect(..) failed: Connection refused: localhost/127.0.0.1:34157
Caused by: java.net.ConnectException: finishConnect(..) failed: Connection refused
	at org.apache.ratis.thirdparty.io.netty.channel.unix.Errors.newConnectException0(Errors.java:155)
	at org.apache.ratis.thirdparty.io.netty.channel.unix.Errors.handleConnectErrno(Errors.java:128)
	at org.apache.ratis.thirdparty.io.netty.channel.unix.Socket.finishConnect(Socket.java:321)
	at org.apache.ratis.thirdparty.io.netty.channel.epoll.AbstractEpollChannel$AbstractEpollUnsafe.doFinishConnect(AbstractEpollChannel.java:710)
	at org.apache.ratis.thirdparty.io.netty.channel.epoll.AbstractEpollChannel$AbstractEpollUnsafe.finishConnect(AbstractEpollChannel.java:687)
	at org.apache.ratis.thirdparty.io.netty.channel.epoll.AbstractEpollChannel$AbstractEpollUnsafe.epollOutReady(AbstractEpollChannel.java:567)
	at org.apache.ratis.thirdparty.io.netty.channel.epoll.EpollEventLoop.processReady(EpollEventLoop.java:477)
	at org.apache.ratis.thirdparty.io.netty.channel.epoll.EpollEventLoop.run(EpollEventLoop.java:385)
	at org.apache.ratis.thirdparty.io.netty.util.concurrent.SingleThreadEventExecutor$4.run(SingleThreadEventExecutor.java:995)
	at org.apache.ratis.thirdparty.io.netty.util.internal.ThreadExecutorMap$2.run(ThreadExecutorMap.java:74)
	at org.apache.ratis.thirdparty.io.netty.util.concurrent.FastThreadLocalRunnable.run(FastThreadLocalRunnable.java:30)
	at java.lang.Thread.run(Thread.java:750)
2022-07-23 19:35:42,056 [Time-limited test] INFO  grpc.TestRaftAsyncWithGrpc (BaseTest.java:assertThrowable(133)) - The test "last-request" throws AlreadyClosedException
org.apache.ratis.protocol.exceptions.AlreadyClosedException: SlidingWindow$Client:client-D4CF2906D61D->RAFT is closed.
	at org.apache.ratis.util.SlidingWindow$Client.alreadyClosed(SlidingWindow.java:378)
	at org.apache.ratis.util.SlidingWindow$Client.submitNewRequest(SlidingWindow.java:253)
	at org.apache.ratis.client.impl.OrderedAsync.send(OrderedAsync.java:170)
	at org.apache.ratis.client.impl.AsyncImpl.send(AsyncImpl.java:41)
	at org.apache.ratis.client.impl.AsyncImpl.send(AsyncImpl.java:46)
	at org.apache.ratis.RaftAsyncTests.lambda$runTestRequestAsyncWithRetryFailure$3(RaftAsyncTests.java:196)
	at org.apache.ratis.BaseTest.testFailureCaseAsync(BaseTest.java:179)
	at org.apache.ratis.BaseTest.testFailureCaseAsync(BaseTest.java:192)
	at org.apache.ratis.RaftAsyncTests.runTestRequestAsyncWithRetryFailure(RaftAsyncTests.java:196)
	at org.apache.ratis.RaftAsyncTests.lambda$runTestRequestAsyncWithRetryFailure$0(RaftAsyncTests.java:126)
	at org.apache.ratis.server.impl.MiniRaftCluster$Factory$Get.runWithNewCluster(MiniRaftCluster.java:125)
	at org.apache.ratis.RaftAsyncTests.runTestRequestAsyncWithRetryFailure(RaftAsyncTests.java:126)
	at org.apache.ratis.RaftAsyncTests.testRequestAsyncWithRetryFailureAfterInitialMessages(RaftAsyncTests.java:121)
	at sun.reflect.NativeMethodAccessorImpl.invoke0(Native Method)
	at sun.reflect.NativeMethodAccessorImpl.invoke(NativeMethodAccessorImpl.java:62)
	at sun.reflect.DelegatingMethodAccessorImpl.invoke(DelegatingMethodAccessorImpl.java:43)
	at java.lang.reflect.Method.invoke(Method.java:498)
	at org.junit.runners.model.FrameworkMethod$1.runReflectiveCall(FrameworkMethod.java:59)
	at org.junit.internal.runners.model.ReflectiveCallable.run(ReflectiveCallable.java:12)
	at org.junit.runners.model.FrameworkMethod.invokeExplosively(FrameworkMethod.java:56)
	at org.junit.internal.runners.statements.InvokeMethod.evaluate(InvokeMethod.java:17)
	at org.junit.internal.runners.statements.RunAfters.evaluate(RunAfters.java:27)
	at org.junit.internal.runners.statements.FailOnTimeout$CallableStatement.call(FailOnTimeout.java:299)
	at org.junit.internal.runners.statements.FailOnTimeout$CallableStatement.call(FailOnTimeout.java:293)
	at java.util.concurrent.FutureTask.run(FutureTask.java:266)
	at java.lang.Thread.run(Thread.java:750)
Caused by: org.apache.ratis.protocol.exceptions.RaftRetryFailureException: Failed RaftClientRequest:client-D4CF2906D61D->s0@group-2C6CC0A4AD38, cid=2865, seq=11*, RW, m0 for 10 attempts with RetryLimited(maxAttempts=10, sleepTime=100ms)
	at org.apache.ratis.client.impl.RaftClientImpl.noMoreRetries(RaftClientImpl.java:306)
	at org.apache.ratis.client.impl.OrderedAsync.handleAsyncRetryFailure(OrderedAsync.java:152)
	at org.apache.ratis.client.impl.OrderedAsync.lambda$sendRequest$10(OrderedAsync.java:262)
	at java.util.concurrent.CompletableFuture.uniExceptionally(CompletableFuture.java:884)
	at java.util.concurrent.CompletableFuture$UniExceptionally.tryFire(CompletableFuture.java:866)
	at java.util.concurrent.CompletableFuture.postComplete(CompletableFuture.java:488)
	at java.util.concurrent.CompletableFuture.completeExceptionally(CompletableFuture.java:1990)
	at org.apache.ratis.grpc.client.GrpcClientProtocolClient$AsyncStreamObservers.completeReplyExceptionally(GrpcClientProtocolClient.java:405)
	at org.apache.ratis.grpc.client.GrpcClientProtocolClient$AsyncStreamObservers.access$000(GrpcClientProtocolClient.java:311)
	at org.apache.ratis.grpc.client.GrpcClientProtocolClient$AsyncStreamObservers$1.onError(GrpcClientProtocolClient.java:342)
	at org.apache.ratis.thirdparty.io.grpc.stub.ClientCalls$StreamObserverToCallListenerAdapter.onClose(ClientCalls.java:479)
	at org.apache.ratis.thirdparty.io.grpc.PartialForwardingClientCallListener.onClose(PartialForwardingClientCallListener.java:39)
	at org.apache.ratis.thirdparty.io.grpc.ForwardingClientCallListener.onClose(ForwardingClientCallListener.java:23)
	at org.apache.ratis.grpc.metrics.intercept.client.MetricClientCallListener.onClose(MetricClientCallListener.java:47)
	at org.apache.ratis.thirdparty.io.grpc.internal.DelayedClientCall$DelayedListener$3.run(DelayedClientCall.java:463)
	at org.apache.ratis.thirdparty.io.grpc.internal.DelayedClientCall$DelayedListener.delayOrExecute(DelayedClientCall.java:427)
	at org.apache.ratis.thirdparty.io.grpc.internal.DelayedClientCall$DelayedListener.onClose(DelayedClientCall.java:460)
	at org.apache.ratis.thirdparty.io.grpc.internal.ClientCallImpl.closeObserver(ClientCallImpl.java:562)
	at org.apache.ratis.thirdparty.io.grpc.internal.ClientCallImpl.access$300(ClientCallImpl.java:70)
	at org.apache.ratis.thirdparty.io.grpc.internal.ClientCallImpl$ClientStreamListenerImpl$1StreamClosed.runInternal(ClientCallImpl.java:743)
	at org.apache.ratis.thirdparty.io.grpc.internal.ClientCallImpl$ClientStreamListenerImpl$1StreamClosed.runInContext(ClientCallImpl.java:722)
	at org.apache.ratis.thirdparty.io.grpc.internal.ContextRunnable.run(ContextRunnable.java:37)
	at org.apache.ratis.thirdparty.io.grpc.internal.SerializingExecutor.run(SerializingExecutor.java:133)
	at java.util.concurrent.ThreadPoolExecutor.runWorker(ThreadPoolExecutor.java:1149)
	at java.util.concurrent.ThreadPoolExecutor$Worker.run(ThreadPoolExecutor.java:624)
	... 1 more
Caused by: java.io.IOException: org.apache.ratis.thirdparty.io.grpc.StatusRuntimeException: UNAVAILABLE: io exception
	at org.apache.ratis.grpc.GrpcUtil.unwrapException(GrpcUtil.java:92)
	at org.apache.ratis.grpc.GrpcUtil.unwrapIOException(GrpcUtil.java:152)
	at org.apache.ratis.grpc.client.GrpcClientProtocolClient$AsyncStreamObservers$1.onError(GrpcClientProtocolClient.java:341)
	... 16 more
Caused by: org.apache.ratis.thirdparty.io.grpc.StatusRuntimeException: UNAVAILABLE: io exception
	at org.apache.ratis.thirdparty.io.grpc.Status.asRuntimeException(Status.java:535)
	... 16 more
Caused by: org.apache.ratis.thirdparty.io.netty.channel.AbstractChannel$AnnotatedConnectException: finishConnect(..) failed: Connection refused: localhost/127.0.0.1:34157
Caused by: java.net.ConnectException: finishConnect(..) failed: Connection refused
	at org.apache.ratis.thirdparty.io.netty.channel.unix.Errors.newConnectException0(Errors.java:155)
	at org.apache.ratis.thirdparty.io.netty.channel.unix.Errors.handleConnectErrno(Errors.java:128)
	at org.apache.ratis.thirdparty.io.netty.channel.unix.Socket.finishConnect(Socket.java:321)
	at org.apache.ratis.thirdparty.io.netty.channel.epoll.AbstractEpollChannel$AbstractEpollUnsafe.doFinishConnect(AbstractEpollChannel.java:710)
	at org.apache.ratis.thirdparty.io.netty.channel.epoll.AbstractEpollChannel$AbstractEpollUnsafe.finishConnect(AbstractEpollChannel.java:687)
	at org.apache.ratis.thirdparty.io.netty.channel.epoll.AbstractEpollChannel$AbstractEpollUnsafe.epollOutReady(AbstractEpollChannel.java:567)
	at org.apache.ratis.thirdparty.io.netty.channel.epoll.EpollEventLoop.processReady(EpollEventLoop.java:477)
	at org.apache.ratis.thirdparty.io.netty.channel.epoll.EpollEventLoop.run(EpollEventLoop.java:385)
	at org.apache.ratis.thirdparty.io.netty.util.concurrent.SingleThreadEventExecutor$4.run(SingleThreadEventExecutor.java:995)
	at org.apache.ratis.thirdparty.io.netty.util.internal.ThreadExecutorMap$2.run(ThreadExecutorMap.java:74)
	at org.apache.ratis.thirdparty.io.netty.util.concurrent.FastThreadLocalRunnable.run(FastThreadLocalRunnable.java:30)
	at java.lang.Thread.run(Thread.java:750)
2022-07-23 19:35:42,056 [s0@group-2C6CC0A4AD38-StateMachineUpdater] INFO  statemachine.SimpleStateMachine4Testing (SimpleStateMachine4Testing.java:put(204)) - s0: put 1, initial-0 -> (t:1, i:1), STATEMACHINELOGENTRY, 2855@client-D4CF2906D61D
2022-07-23 19:35:42,057 [Time-limited test] INFO  impl.MiniRaftCluster (MiniRaftCluster.java:shutdown(778)) - ************************************************************** 
2022-07-23 19:35:42,057 [Time-limited test] INFO  impl.MiniRaftCluster (MiniRaftCluster.java:shutdown(779)) - *** 
2022-07-23 19:35:42,057 [Time-limited test] INFO  impl.MiniRaftCluster (MiniRaftCluster.java:shutdown(780)) - ***     Stopping MiniRaftClusterWithGrpc
2022-07-23 19:35:42,057 [Time-limited test] INFO  impl.MiniRaftCluster (MiniRaftCluster.java:shutdown(781)) - *** 
2022-07-23 19:35:42,057 [Time-limited test] INFO  impl.MiniRaftCluster (MiniRaftCluster.java:shutdown(782)) - ************************************************************** 
2022-07-23 19:35:42,057 [s0@group-2C6CC0A4AD38-StateMachineUpdater] INFO  statemachine.SimpleStateMachine4Testing (SimpleStateMachine4Testing.java:put(204)) - s0: put 3, initial-1 -> (t:1, i:3), STATEMACHINELOGENTRY, 2856@client-D4CF2906D61D
2022-07-23 19:35:42,057 [Time-limited test] INFO  impl.MiniRaftCluster (MiniRaftCluster.java:shutdown(783)) - printing ALL groups
  s0:  RUNNING  FOLLOWER s0@group-2C6CC0A4AD38:t1, leader=null, voted=s0, raftlog=Memoized:s0@group-2C6CC0A4AD38-SegmentedRaftLog:OPENED:c18, conf=0: peers:[s0|rpc:localhost:46507|admin:localhost:37389|client:localhost:34157|dataStream:localhost:44231|priority:0|startupRole:FOLLOWER]|listeners:[], old=null RUNNING
2022-07-23 19:35:42,057 [s0@group-2C6CC0A4AD38-StateMachineUpdater] INFO  statemachine.SimpleStateMachine4Testing (SimpleStateMachine4Testing.java:put(204)) - s0: put 5, initial-2 -> (t:1, i:5), STATEMACHINELOGENTRY, 2857@client-D4CF2906D61D
2022-07-23 19:35:42,057 [s0@group-2C6CC0A4AD38-StateMachineUpdater] INFO  statemachine.SimpleStateMachine4Testing (SimpleStateMachine4Testing.java:put(204)) - s0: put 7, initial-3 -> (t:1, i:7), STATEMACHINELOGENTRY, 2858@client-D4CF2906D61D
2022-07-23 19:35:42,057 [s0@group-2C6CC0A4AD38-StateMachineUpdater] INFO  statemachine.SimpleStateMachine4Testing (SimpleStateMachine4Testing.java:put(204)) - s0: put 9, initial-4 -> (t:1, i:9), STATEMACHINELOGENTRY, 2859@client-D4CF2906D61D
2022-07-23 19:35:42,057 [java.util.concurrent.ThreadPoolExecutor$Worker@1eef83eb[State = -1, empty queue]] INFO  server.RaftServer (RaftServerProxy.java:lambda$close$6(401)) - s0: close
2022-07-23 19:35:42,057 [s0@group-2C6CC0A4AD38-StateMachineUpdater] INFO  statemachine.SimpleStateMachine4Testing (SimpleStateMachine4Testing.java:put(204)) - s0: put 11, initial-5 -> (t:1, i:11), STATEMACHINELOGENTRY, 2860@client-D4CF2906D61D
2022-07-23 19:35:42,058 [java.util.concurrent.ThreadPoolExecutor$Worker@1eef83eb[State = -1, empty queue]] INFO  server.RaftServer$Division (RaftServerImpl.java:lambda$close$4(438)) - s0@group-2C6CC0A4AD38: shutdown
2022-07-23 19:35:42,058 [s0@group-2C6CC0A4AD38-StateMachineUpdater] INFO  statemachine.SimpleStateMachine4Testing (SimpleStateMachine4Testing.java:put(204)) - s0: put 13, initial-6 -> (t:1, i:13), STATEMACHINELOGENTRY, 2861@client-D4CF2906D61D
2022-07-23 19:35:42,058 [java.util.concurrent.ThreadPoolExecutor$Worker@1eef83eb[State = -1, empty queue]] INFO  util.JmxRegister (JmxRegister.java:unregister(73)) - Successfully un-registered JMX Bean with object name Ratis:service=RaftServer,group=group-2C6CC0A4AD38,id=s0
2022-07-23 19:35:42,058 [java.util.concurrent.ThreadPoolExecutor$Worker@1eef83eb[State = -1, empty queue]] INFO  impl.RoleInfo (RoleInfo.java:shutdownFollowerState(110)) - s0: shutdown s0@group-2C6CC0A4AD38-FollowerState
2022-07-23 19:35:42,058 [s0@group-2C6CC0A4AD38-StateMachineUpdater] INFO  statemachine.SimpleStateMachine4Testing (SimpleStateMachine4Testing.java:put(204)) - s0: put 15, initial-7 -> (t:1, i:15), STATEMACHINELOGENTRY, 2862@client-D4CF2906D61D
2022-07-23 19:35:42,058 [s0@group-2C6CC0A4AD38-FollowerState] INFO  impl.FollowerState (FollowerState.java:run(152)) - s0@group-2C6CC0A4AD38-FollowerState was interrupted
2022-07-23 19:35:42,058 [s0@group-2C6CC0A4AD38-StateMachineUpdater] INFO  statemachine.SimpleStateMachine4Testing (SimpleStateMachine4Testing.java:put(204)) - s0: put 16, initial-8 -> (t:1, i:16), STATEMACHINELOGENTRY, 2863@client-D4CF2906D61D
2022-07-23 19:35:42,058 [s0@group-2C6CC0A4AD38-StateMachineUpdater] INFO  statemachine.SimpleStateMachine4Testing (SimpleStateMachine4Testing.java:put(204)) - s0: put 18, initial-9 -> (t:1, i:18), STATEMACHINELOGENTRY, 2864@client-D4CF2906D61D
2022-07-23 19:35:42,058 [java.util.concurrent.ThreadPoolExecutor$Worker@1eef83eb[State = -1, empty queue]] INFO  impl.StateMachineUpdater (StateMachineUpdater.java:stopAndJoin(153)) - s0@group-2C6CC0A4AD38-StateMachineUpdater: set stopIndex = 18
2022-07-23 19:35:42,058 [java.util.concurrent.ThreadPoolExecutor$Worker@1eef83eb[State = -1, empty queue]] INFO  server.RaftServer$Division (ServerState.java:close(465)) - s0@group-2C6CC0A4AD38: closes. applyIndex: 18
2022-07-23 19:35:42,059 [s0@group-2C6CC0A4AD38-SegmentedRaftLogWorker] INFO  segmented.SegmentedRaftLogWorker (SegmentedRaftLogWorker.java:run(336)) - s0@group-2C6CC0A4AD38-SegmentedRaftLogWorker was interrupted, exiting. There are 0 tasks remaining in the queue.
2022-07-23 19:35:42,059 [java.util.concurrent.ThreadPoolExecutor$Worker@1eef83eb[State = -1, empty queue]] INFO  segmented.SegmentedRaftLogWorker (SegmentedRaftLogWorker.java:close(246)) - s0@group-2C6CC0A4AD38-SegmentedRaftLogWorker close()
2022-07-23 19:35:42,059 [java.util.concurrent.ThreadPoolExecutor$Worker@1eef83eb[State = -1, empty queue]] INFO  server.GrpcService (GrpcService.java:closeImpl(271)) - s0: shutdown server org.apache.ratis.grpc.server.GrpcClientProtocolService now
2022-07-23 19:35:42,060 [java.util.concurrent.ThreadPoolExecutor$Worker@1eef83eb[State = -1, empty queue]] INFO  server.GrpcService (GrpcService.java:closeImpl(280)) - s0: shutdown server org.apache.ratis.grpc.server.GrpcClientProtocolService successfully
2022-07-23 19:35:42,060 [java.util.concurrent.ThreadPoolExecutor$Worker@1eef83eb[State = -1, empty queue]] INFO  server.GrpcService (GrpcService.java:closeImpl(271)) - s0: shutdown server GrpcServerProtocolService now
2022-07-23 19:35:42,060 [java.util.concurrent.ThreadPoolExecutor$Worker@1eef83eb[State = -1, empty queue]] INFO  server.GrpcService (GrpcService.java:closeImpl(280)) - s0: shutdown server GrpcServerProtocolService successfully
2022-07-23 19:35:42,060 [java.util.concurrent.ThreadPoolExecutor$Worker@1eef83eb[State = -1, empty queue]] INFO  server.GrpcService (GrpcService.java:closeImpl(271)) - s0: shutdown server org.apache.ratis.grpc.server.GrpcAdminProtocolService now
2022-07-23 19:35:42,060 [java.util.concurrent.ThreadPoolExecutor$Worker@1eef83eb[State = -1, empty queue]] INFO  server.GrpcService (GrpcService.java:closeImpl(280)) - s0: shutdown server org.apache.ratis.grpc.server.GrpcAdminProtocolService successfully
2022-07-23 19:35:42,060 [org.apache.ratis.util.JvmPauseMonitor$$Lambda$313/980778071@18b9078e] INFO  util.JvmPauseMonitor (JvmPauseMonitor.java:run(109)) - JvmPauseMonitor-s0: Stopped
]]></system-out>
  </testcase>
  <testcase name="testRequestAsyncWithRetryFailureAfterInitialMessages" classname="org.apache.ratis.grpc.TestRaftAsyncWithGrpc" time="1.644">
    <failure message="Unexpected exit." type="java.lang.AssertionError">java.lang.AssertionError: Unexpected exit.
	at org.apache.ratis.util.ExitUtils.assertNotTerminated(ExitUtils.java:109)
	at org.apache.ratis.BaseTest.assertNoFailures(BaseTest.java:89)
	at sun.reflect.NativeMethodAccessorImpl.invoke0(Native Method)
	at sun.reflect.NativeMethodAccessorImpl.invoke(NativeMethodAccessorImpl.java:62)
	at sun.reflect.DelegatingMethodAccessorImpl.invoke(DelegatingMethodAccessorImpl.java:43)
	at java.lang.reflect.Method.invoke(Method.java:498)
	at org.junit.runners.model.FrameworkMethod$1.runReflectiveCall(FrameworkMethod.java:59)
	at org.junit.internal.runners.model.ReflectiveCallable.run(ReflectiveCallable.java:12)
	at org.junit.runners.model.FrameworkMethod.invokeExplosively(FrameworkMethod.java:56)
	at org.junit.internal.runners.statements.RunAfters.invokeMethod(RunAfters.java:46)
	at org.junit.internal.runners.statements.RunAfters.evaluate(RunAfters.java:33)
	at org.junit.internal.runners.statements.FailOnTimeout$CallableStatement.call(FailOnTimeout.java:299)
	at org.junit.internal.runners.statements.FailOnTimeout$CallableStatement.call(FailOnTimeout.java:293)
	at java.util.concurrent.FutureTask.run(FutureTask.java:266)
	at java.lang.Thread.run(Thread.java:750)
Caused by: org.apache.ratis.util.ExitUtils$ExitException: Failed to kill/restart server: s0
	at org.apache.ratis.util.ExitUtils.terminate(ExitUtils.java:141)
	at org.apache.ratis.util.ExitUtils.terminate(ExitUtils.java:151)
	at org.apache.ratis.RaftBasicTests.lambda$killAndRestartServer$2(RaftBasicTests.java:109)
	... 1 more
Caused by: java.lang.IllegalStateException: ILLEGAL TRANSITION: In s0-RaftServerProxy, CLOSED -> EXCEPTION
	at org.apache.ratis.util.Preconditions.assertTrue(Preconditions.java:60)
	at org.apache.ratis.util.LifeCycle$State.validate(LifeCycle.java:121)
	at org.apache.ratis.util.LifeCycle.transition(LifeCycle.java:164)
	at org.apache.ratis.util.LifeCycle.startAndTransition(LifeCycle.java:273)
	at org.apache.ratis.server.impl.RaftServerProxy.start(RaftServerProxy.java:379)
	at org.apache.ratis.server.impl.MiniRaftCluster.restartServer(MiniRaftCluster.java:330)
	at org.apache.ratis.server.impl.MiniRaftCluster.restartServer(MiniRaftCluster.java:322)
	at org.apache.ratis.RaftBasicTests.lambda$killAndRestartServer$2(RaftBasicTests.java:106)
	... 1 more
</failure>
  </testcase>
  <testcase name="testCheckLeadershipFailure" classname="org.apache.ratis.grpc.TestRaftAsyncWithGrpc" time="1.982">
    <failure message="Unexpected exit." type="java.lang.AssertionError">java.lang.AssertionError: Unexpected exit.
	at org.apache.ratis.util.ExitUtils.assertNotTerminated(ExitUtils.java:109)
	at org.apache.ratis.server.impl.MiniRaftCluster.shutdown(MiniRaftCluster.java:800)
	at org.apache.ratis.server.impl.MiniRaftCluster$Factory$Get.runWithNewCluster(MiniRaftCluster.java:131)
	at org.apache.ratis.server.impl.MiniRaftCluster$Factory$Get.runWithNewCluster(MiniRaftCluster.java:113)
	at org.apache.ratis.RaftAsyncTests.testCheckLeadershipFailure(RaftAsyncTests.java:417)
	at sun.reflect.NativeMethodAccessorImpl.invoke0(Native Method)
	at sun.reflect.NativeMethodAccessorImpl.invoke(NativeMethodAccessorImpl.java:62)
	at sun.reflect.DelegatingMethodAccessorImpl.invoke(DelegatingMethodAccessorImpl.java:43)
	at java.lang.reflect.Method.invoke(Method.java:498)
	at org.junit.runners.model.FrameworkMethod$1.runReflectiveCall(FrameworkMethod.java:59)
	at org.junit.internal.runners.model.ReflectiveCallable.run(ReflectiveCallable.java:12)
	at org.junit.runners.model.FrameworkMethod.invokeExplosively(FrameworkMethod.java:56)
	at org.junit.internal.runners.statements.InvokeMethod.evaluate(InvokeMethod.java:17)
	at org.junit.internal.runners.statements.RunAfters.evaluate(RunAfters.java:27)
	at org.junit.internal.runners.statements.FailOnTimeout$CallableStatement.call(FailOnTimeout.java:299)
	at org.junit.internal.runners.statements.FailOnTimeout$CallableStatement.call(FailOnTimeout.java:293)
	at java.util.concurrent.FutureTask.run(FutureTask.java:266)
	at java.lang.Thread.run(Thread.java:750)
Caused by: org.apache.ratis.util.ExitUtils$ExitException: Failed to kill/restart server: s0
	at org.apache.ratis.util.ExitUtils.terminate(ExitUtils.java:141)
	at org.apache.ratis.util.ExitUtils.terminate(ExitUtils.java:151)
	at org.apache.ratis.RaftBasicTests.lambda$killAndRestartServer$2(RaftBasicTests.java:109)
	... 1 more
Caused by: java.lang.IllegalStateException: ILLEGAL TRANSITION: In s0-RaftServerProxy, CLOSED -> EXCEPTION
	at org.apache.ratis.util.Preconditions.assertTrue(Preconditions.java:60)
	at org.apache.ratis.util.LifeCycle$State.validate(LifeCycle.java:121)
	at org.apache.ratis.util.LifeCycle.transition(LifeCycle.java:164)
	at org.apache.ratis.util.LifeCycle.startAndTransition(LifeCycle.java:273)
	at org.apache.ratis.server.impl.RaftServerProxy.start(RaftServerProxy.java:379)
	at org.apache.ratis.server.impl.MiniRaftCluster.restartServer(MiniRaftCluster.java:330)
	at org.apache.ratis.server.impl.MiniRaftCluster.restartServer(MiniRaftCluster.java:322)
	at org.apache.ratis.RaftBasicTests.lambda$killAndRestartServer$2(RaftBasicTests.java:106)
	... 1 more
</failure>
    <system-out><![CDATA[2022-07-23 19:35:42,062 [main] INFO  util.LogUtils (Log4jUtils.java:setLogLevel(32)) - Set org.apache.ratis.conf.ConfUtils log level to WARN
2022-07-23 19:35:42,062 [main] INFO  util.LogUtils (Log4jUtils.java:setLogLevel(32)) - Set org.apache.ratis.util.FileUtils log level to TRACE
2022-07-23 19:35:42,062 [main] INFO  util.LogUtils (Log4jUtils.java:setLogLevel(32)) - Set org.apache.ratis.server.RaftServer$Division log level to DEBUG
2022-07-23 19:35:42,062 [main] INFO  util.LogUtils (Log4jUtils.java:setLogLevel(32)) - Set org.apache.ratis.client.RaftClient log level to DEBUG
2022-07-23 19:35:42,063 [Time-limited test] INFO  impl.MiniRaftCluster (MiniRaftCluster.java:runWithNewCluster(119)) - Running runWithNewCluster
2022-07-23 19:35:42,067 [Time-limited test] INFO  impl.MiniRaftCluster (MiniRaftCluster.java:<init>(272)) - new MiniRaftClusterWithGrpc with group-8BCAFE4F30A2:[s0|rpc:localhost:36283|admin:localhost:40863|client:localhost:42803|dataStream:localhost:40907|priority:0|startupRole:FOLLOWER, s1|rpc:localhost:33111|admin:localhost:46017|client:localhost:34605|dataStream:localhost:44937|priority:0|startupRole:FOLLOWER, s2|rpc:localhost:34143|admin:localhost:45987|client:localhost:44949|dataStream:localhost:35207|priority:0|startupRole:FOLLOWER]
2022-07-23 19:35:42,067 [Time-limited test] INFO  impl.MiniRaftCluster (MiniRaftCluster.java:start(305)) - .............................................................. 
2022-07-23 19:35:42,067 [Time-limited test] INFO  impl.MiniRaftCluster (MiniRaftCluster.java:start(306)) - ... 
2022-07-23 19:35:42,067 [Time-limited test] INFO  impl.MiniRaftCluster (MiniRaftCluster.java:start(307)) - ...     Starting MiniRaftClusterWithGrpc
2022-07-23 19:35:42,067 [Time-limited test] INFO  impl.MiniRaftCluster (MiniRaftCluster.java:start(308)) - ... 
2022-07-23 19:35:42,068 [Time-limited test] INFO  impl.MiniRaftCluster (MiniRaftCluster.java:start(309)) - .............................................................. 
2022-07-23 19:35:42,068 [Time-limited test] INFO  impl.MiniRaftCluster (MiniRaftCluster.java:initServers(284)) - servers = {}
2022-07-23 19:35:42,068 [Time-limited test] INFO  impl.MiniRaftCluster (MiniRaftCluster.java:newRaftServer(348)) - newRaftServer: s0, group-8BCAFE4F30A2:[s0|rpc:localhost:36283|admin:localhost:40863|client:localhost:42803|dataStream:localhost:40907|priority:0|startupRole:FOLLOWER, s1|rpc:localhost:33111|admin:localhost:46017|client:localhost:34605|dataStream:localhost:44937|priority:0|startupRole:FOLLOWER, s2|rpc:localhost:34143|admin:localhost:45987|client:localhost:44949|dataStream:localhost:35207|priority:0|startupRole:FOLLOWER], format? true
2022-07-23 19:35:42,068 [Time-limited test] TRACE util.FileUtils (FileUtils.java:deleteFully(162)) - deleteFully target/test/data/11cf776f/MiniRaftClusterWithGrpcd878d3f8/s0
2022-07-23 19:35:42,068 [Time-limited test] TRACE util.FileUtils (FileUtils.java:deleteFully(178)) - deleteFully: target/test/data/11cf776f/MiniRaftClusterWithGrpcd878d3f8/s0 does not exist.
2022-07-23 19:35:42,068 [Time-limited test] INFO  impl.MiniRaftCluster (MiniRaftCluster.java:newRaftServer(353)) - Formatted directory target/test/data/11cf776f/MiniRaftClusterWithGrpcd878d3f8/s0
2022-07-23 19:35:42,068 [Time-limited test] INFO  server.RaftServer (ConfUtils.java:logGet(46)) - raft.rpc.type = GRPC (default)
2022-07-23 19:35:42,068 [Time-limited test] INFO  grpc.GrpcConfigKeys (ConfUtils.java:logGet(46)) - raft.grpc.admin.port = 40863 (custom)
2022-07-23 19:35:42,068 [Time-limited test] INFO  grpc.GrpcConfigKeys (ConfUtils.java:logGet(46)) - raft.grpc.client.port = 42803 (custom)
2022-07-23 19:35:42,068 [Time-limited test] INFO  grpc.GrpcConfigKeys (ConfUtils.java:logGet(46)) - raft.grpc.server.port = 36283 (custom)
2022-07-23 19:35:42,068 [Time-limited test] INFO  server.GrpcService (ConfUtils.java:logGet(46)) - raft.grpc.message.size.max = 64MB (=67108864) (default)
2022-07-23 19:35:42,068 [Time-limited test] INFO  server.RaftServerConfigKeys (ConfUtils.java:logGet(46)) - raft.server.log.appender.buffer.byte-limit = 4MB (=4194304) (default)
2022-07-23 19:35:42,069 [Time-limited test] INFO  server.GrpcService (ConfUtils.java:logGet(46)) - raft.grpc.flow.control.window = 1MB (=1048576) (default)
2022-07-23 19:35:42,069 [Time-limited test] INFO  server.RaftServerConfigKeys (ConfUtils.java:logGet(46)) - raft.server.rpc.request.timeout = 3000ms (default)
2022-07-23 19:35:42,069 [Time-limited test] INFO  grpc.GrpcConfigKeys (ConfUtils.java:logGet(46)) - raft.grpc.server.heartbeat.channel = true (default)
2022-07-23 19:35:42,069 [Time-limited test] INFO  grpc.GrpcConfigKeys (ConfUtils.java:logGet(46)) - raft.grpc.server.async.request.thread.pool.cached = true (default)
2022-07-23 19:35:42,069 [Time-limited test] INFO  grpc.GrpcConfigKeys (ConfUtils.java:logGet(46)) - raft.grpc.server.async.request.thread.pool.size = 32 (default)
2022-07-23 19:35:42,072 [Time-limited test] INFO  impl.DataStreamServerImpl (ConfUtils.java:logGet(46)) - raft.datastream.type = DISABLED (default)
2022-07-23 19:35:42,072 [Time-limited test] INFO  server.RaftServerConfigKeys (ConfUtils.java:logGet(46)) - raft.server.threadpool.proxy.cached = true (default)
2022-07-23 19:35:42,072 [Time-limited test] INFO  server.RaftServerConfigKeys (ConfUtils.java:logGet(46)) - raft.server.threadpool.proxy.size = 0 (default)
2022-07-23 19:35:42,072 [Time-limited test] INFO  server.RaftServerConfigKeys (ConfUtils.java:logGet(46)) - raft.server.rpc.slowness.timeout = 60s (default)
2022-07-23 19:35:42,072 [Time-limited test] INFO  server.RaftServerConfigKeys (ConfUtils.java:logGet(46)) - raft.server.leaderelection.leader.step-down.wait-time = 10s (default)
2022-07-23 19:35:42,072 [Time-limited test] INFO  server.RaftServerConfigKeys (ConfUtils.java:logGet(46)) - raft.server.storage.dir = [/home/runner/work/ratis/ratis/ratis-test/target/test/data/11cf776f/MiniRaftClusterWithGrpcd878d3f8/s0] (custom)
2022-07-23 19:35:42,072 [Time-limited test] INFO  server.RaftServer (RaftServerProxy.java:addNew(96)) - s0: addNew group-8BCAFE4F30A2:[s0|rpc:localhost:36283|admin:localhost:40863|client:localhost:42803|dataStream:localhost:40907|priority:0|startupRole:FOLLOWER, s1|rpc:localhost:33111|admin:localhost:46017|client:localhost:34605|dataStream:localhost:44937|priority:0|startupRole:FOLLOWER, s2|rpc:localhost:34143|admin:localhost:45987|client:localhost:44949|dataStream:localhost:35207|priority:0|startupRole:FOLLOWER] returns group-8BCAFE4F30A2:java.util.concurrent.CompletableFuture@42b589f4[Not completed]
2022-07-23 19:35:42,073 [Time-limited test] INFO  impl.MiniRaftCluster (MiniRaftCluster.java:newRaftServer(348)) - newRaftServer: s1, group-8BCAFE4F30A2:[s0|rpc:localhost:36283|admin:localhost:40863|client:localhost:42803|dataStream:localhost:40907|priority:0|startupRole:FOLLOWER, s1|rpc:localhost:33111|admin:localhost:46017|client:localhost:34605|dataStream:localhost:44937|priority:0|startupRole:FOLLOWER, s2|rpc:localhost:34143|admin:localhost:45987|client:localhost:44949|dataStream:localhost:35207|priority:0|startupRole:FOLLOWER], format? true
2022-07-23 19:35:42,073 [Time-limited test] TRACE util.FileUtils (FileUtils.java:deleteFully(162)) - deleteFully target/test/data/11cf776f/MiniRaftClusterWithGrpcd878d3f8/s1
2022-07-23 19:35:42,073 [pool-46-thread-1] INFO  server.RaftServerConfigKeys (ConfUtils.java:logGet(46)) - raft.server.log.segment.size.max = 8MB (=8388608) (default)
2022-07-23 19:35:42,073 [pool-46-thread-1] INFO  server.RaftServerConfigKeys (ConfUtils.java:logGet(46)) - raft.server.log.preallocated.size = 4MB (=4194304) (default)
2022-07-23 19:35:42,073 [pool-46-thread-1] INFO  server.RaftServerConfigKeys (ConfUtils.java:logGet(46)) - raft.server.log.write.buffer.size = 64KB (=65536) (default)
2022-07-23 19:35:42,073 [Time-limited test] TRACE util.FileUtils (FileUtils.java:deleteFully(178)) - deleteFully: target/test/data/11cf776f/MiniRaftClusterWithGrpcd878d3f8/s1 does not exist.
2022-07-23 19:35:42,073 [Time-limited test] INFO  impl.MiniRaftCluster (MiniRaftCluster.java:newRaftServer(353)) - Formatted directory target/test/data/11cf776f/MiniRaftClusterWithGrpcd878d3f8/s1
2022-07-23 19:35:42,073 [pool-46-thread-1] INFO  server.RaftServer$Division (RaftServerImpl.java:<init>(192)) - s0: new RaftServerImpl for group-8BCAFE4F30A2:[s0|rpc:localhost:36283|admin:localhost:40863|client:localhost:42803|dataStream:localhost:40907|priority:0|startupRole:FOLLOWER, s1|rpc:localhost:33111|admin:localhost:46017|client:localhost:34605|dataStream:localhost:44937|priority:0|startupRole:FOLLOWER, s2|rpc:localhost:34143|admin:localhost:45987|client:localhost:44949|dataStream:localhost:35207|priority:0|startupRole:FOLLOWER] with SimpleStateMachine4Testing:uninitialized
2022-07-23 19:35:42,073 [pool-46-thread-1] INFO  server.RaftServerConfigKeys (ConfUtils.java:logGet(46)) - raft.server.rpc.timeout.min = 150ms (default)
2022-07-23 19:35:42,073 [pool-46-thread-1] INFO  server.RaftServerConfigKeys (ConfUtils.java:logGet(46)) - raft.server.rpc.timeout.max = 300ms (default)
2022-07-23 19:35:42,073 [Time-limited test] INFO  server.RaftServer (ConfUtils.java:logGet(46)) - raft.rpc.type = GRPC (default)
2022-07-23 19:35:42,074 [pool-46-thread-1] INFO  server.RaftServerConfigKeys (ConfUtils.java:logGet(46)) - raft.server.rpc.sleep.time = 25ms (default)
2022-07-23 19:35:42,074 [Time-limited test] INFO  grpc.GrpcConfigKeys (ConfUtils.java:logGet(46)) - raft.grpc.admin.port = 46017 (custom)
2022-07-23 19:35:42,074 [pool-46-thread-1] INFO  server.RaftServerConfigKeys (ConfUtils.java:logGet(46)) - raft.server.rpc.slowness.timeout = 60s (default)
2022-07-23 19:35:42,074 [pool-46-thread-1] INFO  server.RaftServerConfigKeys (ConfUtils.java:logGet(46)) - raft.server.leaderelection.leader.step-down.wait-time = 10s (default)
2022-07-23 19:35:42,074 [pool-46-thread-1] INFO  server.RaftServerConfigKeys (ConfUtils.java:logGet(46)) - raft.server.sleep.deviation.threshold = 300ms (default)
2022-07-23 19:35:42,074 [Time-limited test] INFO  grpc.GrpcConfigKeys (ConfUtils.java:logGet(46)) - raft.grpc.client.port = 34605 (custom)
2022-07-23 19:35:42,074 [Time-limited test] INFO  grpc.GrpcConfigKeys (ConfUtils.java:logGet(46)) - raft.grpc.server.port = 33111 (custom)
2022-07-23 19:35:42,074 [Time-limited test] INFO  server.GrpcService (ConfUtils.java:logGet(46)) - raft.grpc.message.size.max = 64MB (=67108864) (default)
2022-07-23 19:35:42,075 [Time-limited test] INFO  server.RaftServerConfigKeys (ConfUtils.java:logGet(46)) - raft.server.log.appender.buffer.byte-limit = 4MB (=4194304) (default)
2022-07-23 19:35:42,075 [Time-limited test] INFO  server.GrpcService (ConfUtils.java:logGet(46)) - raft.grpc.flow.control.window = 1MB (=1048576) (default)
2022-07-23 19:35:42,075 [Time-limited test] INFO  server.RaftServerConfigKeys (ConfUtils.java:logGet(46)) - raft.server.rpc.request.timeout = 3000ms (default)
2022-07-23 19:35:42,075 [Time-limited test] INFO  grpc.GrpcConfigKeys (ConfUtils.java:logGet(46)) - raft.grpc.server.heartbeat.channel = true (default)
2022-07-23 19:35:42,074 [pool-46-thread-1] INFO  server.RaftServer$Division (ServerState.java:<init>(118)) - s0@group-8BCAFE4F30A2: ConfigurationManager, init=-1: peers:[s0|rpc:localhost:36283|admin:localhost:40863|client:localhost:42803|dataStream:localhost:40907|priority:0|startupRole:FOLLOWER, s1|rpc:localhost:33111|admin:localhost:46017|client:localhost:34605|dataStream:localhost:44937|priority:0|startupRole:FOLLOWER, s2|rpc:localhost:34143|admin:localhost:45987|client:localhost:44949|dataStream:localhost:35207|priority:0|startupRole:FOLLOWER]|listeners:[], old=null, confs=<EMPTY_MAP>
2022-07-23 19:35:42,075 [Time-limited test] INFO  grpc.GrpcConfigKeys (ConfUtils.java:logGet(46)) - raft.grpc.server.async.request.thread.pool.cached = true (default)
2022-07-23 19:35:42,075 [Time-limited test] INFO  grpc.GrpcConfigKeys (ConfUtils.java:logGet(46)) - raft.grpc.server.async.request.thread.pool.size = 32 (default)
2022-07-23 19:35:42,075 [pool-46-thread-1] INFO  server.RaftServerConfigKeys (ConfUtils.java:logGet(46)) - raft.server.storage.dir = [/home/runner/work/ratis/ratis/ratis-test/target/test/data/11cf776f/MiniRaftClusterWithGrpcd878d3f8/s0] (custom)
2022-07-23 19:35:42,075 [pool-46-thread-1] INFO  server.RaftServerConfigKeys (ConfUtils.java:logGet(46)) - raft.server.log.corruption.policy = EXCEPTION (default)
2022-07-23 19:35:42,075 [pool-46-thread-1] INFO  server.RaftServerConfigKeys (ConfUtils.java:logGet(46)) - raft.server.storage.free-space.min = 0MB (=0) (default)
2022-07-23 19:35:42,075 [pool-46-thread-1] INFO  server.RaftServerConfigKeys (ConfUtils.java:logGet(46)) - raft.server.notification.no-leader.timeout = 60s (default)
2022-07-23 19:35:42,076 [pool-46-thread-1] INFO  server.RaftServerConfigKeys (ConfUtils.java:logGet(46)) - raft.server.retrycache.expirytime = 60s (default)
2022-07-23 19:35:42,076 [pool-46-thread-1] INFO  server.RaftServerConfigKeys (ConfUtils.java:logGet(46)) - raft.server.retrycache.statistics.expirytime = 100μs (default)
2022-07-23 19:35:42,076 [pool-46-thread-1] INFO  server.RaftServerConfigKeys (ConfUtils.java:logGet(46)) - raft.server.log.appender.install.snapshot.enabled = true (default)
2022-07-23 19:35:42,076 [pool-46-thread-1] INFO  server.RaftServerConfigKeys (ConfUtils.java:logGet(46)) - raft.server.threadpool.server.cached = true (default)
2022-07-23 19:35:42,076 [pool-46-thread-1] INFO  server.RaftServerConfigKeys (ConfUtils.java:logGet(46)) - raft.server.threadpool.server.size = 0 (default)
2022-07-23 19:35:42,076 [pool-46-thread-1] INFO  server.RaftServerConfigKeys (ConfUtils.java:logGet(46)) - raft.server.threadpool.client.cached = true (default)
2022-07-23 19:35:42,076 [Time-limited test] INFO  impl.DataStreamServerImpl (ConfUtils.java:logGet(46)) - raft.datastream.type = DISABLED (default)
2022-07-23 19:35:42,076 [pool-46-thread-1] INFO  server.RaftServerConfigKeys (ConfUtils.java:logGet(46)) - raft.server.threadpool.client.size = 0 (default)
2022-07-23 19:35:42,076 [Time-limited test] INFO  server.RaftServerConfigKeys (ConfUtils.java:logGet(46)) - raft.server.threadpool.proxy.cached = true (default)
2022-07-23 19:35:42,076 [Time-limited test] INFO  server.RaftServerConfigKeys (ConfUtils.java:logGet(46)) - raft.server.threadpool.proxy.size = 0 (default)
2022-07-23 19:35:42,077 [Time-limited test] INFO  server.RaftServerConfigKeys (ConfUtils.java:logGet(46)) - raft.server.rpc.slowness.timeout = 60s (default)
2022-07-23 19:35:42,077 [Time-limited test] INFO  server.RaftServerConfigKeys (ConfUtils.java:logGet(46)) - raft.server.leaderelection.leader.step-down.wait-time = 10s (default)
2022-07-23 19:35:42,077 [Time-limited test] INFO  server.RaftServerConfigKeys (ConfUtils.java:logGet(46)) - raft.server.storage.dir = [/home/runner/work/ratis/ratis/ratis-test/target/test/data/11cf776f/MiniRaftClusterWithGrpcd878d3f8/s1] (custom)
2022-07-23 19:35:42,077 [Time-limited test] INFO  server.RaftServer (RaftServerProxy.java:addNew(96)) - s1: addNew group-8BCAFE4F30A2:[s0|rpc:localhost:36283|admin:localhost:40863|client:localhost:42803|dataStream:localhost:40907|priority:0|startupRole:FOLLOWER, s1|rpc:localhost:33111|admin:localhost:46017|client:localhost:34605|dataStream:localhost:44937|priority:0|startupRole:FOLLOWER, s2|rpc:localhost:34143|admin:localhost:45987|client:localhost:44949|dataStream:localhost:35207|priority:0|startupRole:FOLLOWER] returns group-8BCAFE4F30A2:java.util.concurrent.CompletableFuture@4c0eace7[Not completed]
2022-07-23 19:35:42,077 [Time-limited test] INFO  impl.MiniRaftCluster (MiniRaftCluster.java:newRaftServer(348)) - newRaftServer: s2, group-8BCAFE4F30A2:[s0|rpc:localhost:36283|admin:localhost:40863|client:localhost:42803|dataStream:localhost:40907|priority:0|startupRole:FOLLOWER, s1|rpc:localhost:33111|admin:localhost:46017|client:localhost:34605|dataStream:localhost:44937|priority:0|startupRole:FOLLOWER, s2|rpc:localhost:34143|admin:localhost:45987|client:localhost:44949|dataStream:localhost:35207|priority:0|startupRole:FOLLOWER], format? true
2022-07-23 19:35:42,077 [Time-limited test] TRACE util.FileUtils (FileUtils.java:deleteFully(162)) - deleteFully target/test/data/11cf776f/MiniRaftClusterWithGrpcd878d3f8/s2
2022-07-23 19:35:42,077 [Time-limited test] TRACE util.FileUtils (FileUtils.java:deleteFully(178)) - deleteFully: target/test/data/11cf776f/MiniRaftClusterWithGrpcd878d3f8/s2 does not exist.
2022-07-23 19:35:42,077 [Time-limited test] INFO  impl.MiniRaftCluster (MiniRaftCluster.java:newRaftServer(353)) - Formatted directory target/test/data/11cf776f/MiniRaftClusterWithGrpcd878d3f8/s2
2022-07-23 19:35:42,078 [Time-limited test] INFO  server.RaftServer (ConfUtils.java:logGet(46)) - raft.rpc.type = GRPC (default)
2022-07-23 19:35:42,078 [Time-limited test] INFO  grpc.GrpcConfigKeys (ConfUtils.java:logGet(46)) - raft.grpc.admin.port = 45987 (custom)
2022-07-23 19:35:42,078 [Time-limited test] INFO  grpc.GrpcConfigKeys (ConfUtils.java:logGet(46)) - raft.grpc.client.port = 44949 (custom)
2022-07-23 19:35:42,078 [Time-limited test] INFO  grpc.GrpcConfigKeys (ConfUtils.java:logGet(46)) - raft.grpc.server.port = 34143 (custom)
2022-07-23 19:35:42,078 [Time-limited test] INFO  server.GrpcService (ConfUtils.java:logGet(46)) - raft.grpc.message.size.max = 64MB (=67108864) (default)
2022-07-23 19:35:42,078 [Time-limited test] INFO  server.RaftServerConfigKeys (ConfUtils.java:logGet(46)) - raft.server.log.appender.buffer.byte-limit = 4MB (=4194304) (default)
2022-07-23 19:35:42,078 [Time-limited test] INFO  server.GrpcService (ConfUtils.java:logGet(46)) - raft.grpc.flow.control.window = 1MB (=1048576) (default)
2022-07-23 19:35:42,078 [Time-limited test] INFO  server.RaftServerConfigKeys (ConfUtils.java:logGet(46)) - raft.server.rpc.request.timeout = 3000ms (default)
2022-07-23 19:35:42,078 [Time-limited test] INFO  grpc.GrpcConfigKeys (ConfUtils.java:logGet(46)) - raft.grpc.server.heartbeat.channel = true (default)
2022-07-23 19:35:42,078 [Time-limited test] INFO  grpc.GrpcConfigKeys (ConfUtils.java:logGet(46)) - raft.grpc.server.async.request.thread.pool.cached = true (default)
2022-07-23 19:35:42,078 [Time-limited test] INFO  grpc.GrpcConfigKeys (ConfUtils.java:logGet(46)) - raft.grpc.server.async.request.thread.pool.size = 32 (default)
2022-07-23 19:35:42,079 [Time-limited test] INFO  impl.DataStreamServerImpl (ConfUtils.java:logGet(46)) - raft.datastream.type = DISABLED (default)
2022-07-23 19:35:42,079 [Time-limited test] INFO  server.RaftServerConfigKeys (ConfUtils.java:logGet(46)) - raft.server.threadpool.proxy.cached = true (default)
2022-07-23 19:35:42,079 [Time-limited test] INFO  server.RaftServerConfigKeys (ConfUtils.java:logGet(46)) - raft.server.threadpool.proxy.size = 0 (default)
2022-07-23 19:35:42,079 [Time-limited test] INFO  server.RaftServerConfigKeys (ConfUtils.java:logGet(46)) - raft.server.rpc.slowness.timeout = 60s (default)
2022-07-23 19:35:42,079 [Time-limited test] INFO  server.RaftServerConfigKeys (ConfUtils.java:logGet(46)) - raft.server.leaderelection.leader.step-down.wait-time = 10s (default)
2022-07-23 19:35:42,079 [Time-limited test] INFO  server.RaftServerConfigKeys (ConfUtils.java:logGet(46)) - raft.server.storage.dir = [/home/runner/work/ratis/ratis/ratis-test/target/test/data/11cf776f/MiniRaftClusterWithGrpcd878d3f8/s2] (custom)
2022-07-23 19:35:42,080 [pool-47-thread-1] INFO  server.RaftServerConfigKeys (ConfUtils.java:logGet(46)) - raft.server.log.segment.size.max = 8MB (=8388608) (default)
2022-07-23 19:35:42,080 [pool-47-thread-1] INFO  server.RaftServerConfigKeys (ConfUtils.java:logGet(46)) - raft.server.log.preallocated.size = 4MB (=4194304) (default)
2022-07-23 19:35:42,080 [pool-47-thread-1] INFO  server.RaftServerConfigKeys (ConfUtils.java:logGet(46)) - raft.server.log.write.buffer.size = 64KB (=65536) (default)
2022-07-23 19:35:42,080 [pool-47-thread-1] INFO  server.RaftServer$Division (RaftServerImpl.java:<init>(192)) - s1: new RaftServerImpl for group-8BCAFE4F30A2:[s0|rpc:localhost:36283|admin:localhost:40863|client:localhost:42803|dataStream:localhost:40907|priority:0|startupRole:FOLLOWER, s1|rpc:localhost:33111|admin:localhost:46017|client:localhost:34605|dataStream:localhost:44937|priority:0|startupRole:FOLLOWER, s2|rpc:localhost:34143|admin:localhost:45987|client:localhost:44949|dataStream:localhost:35207|priority:0|startupRole:FOLLOWER] with SimpleStateMachine4Testing:uninitialized
2022-07-23 19:35:42,080 [pool-47-thread-1] INFO  server.RaftServerConfigKeys (ConfUtils.java:logGet(46)) - raft.server.rpc.timeout.min = 150ms (default)
2022-07-23 19:35:42,080 [pool-47-thread-1] INFO  server.RaftServerConfigKeys (ConfUtils.java:logGet(46)) - raft.server.rpc.timeout.max = 300ms (default)
2022-07-23 19:35:42,080 [pool-47-thread-1] INFO  server.RaftServerConfigKeys (ConfUtils.java:logGet(46)) - raft.server.rpc.sleep.time = 25ms (default)
2022-07-23 19:35:42,080 [pool-47-thread-1] INFO  server.RaftServerConfigKeys (ConfUtils.java:logGet(46)) - raft.server.rpc.slowness.timeout = 60s (default)
2022-07-23 19:35:42,080 [pool-47-thread-1] INFO  server.RaftServerConfigKeys (ConfUtils.java:logGet(46)) - raft.server.leaderelection.leader.step-down.wait-time = 10s (default)
2022-07-23 19:35:42,080 [pool-47-thread-1] INFO  server.RaftServerConfigKeys (ConfUtils.java:logGet(46)) - raft.server.sleep.deviation.threshold = 300ms (default)
2022-07-23 19:35:42,080 [pool-47-thread-1] INFO  server.RaftServer$Division (ServerState.java:<init>(118)) - s1@group-8BCAFE4F30A2: ConfigurationManager, init=-1: peers:[s0|rpc:localhost:36283|admin:localhost:40863|client:localhost:42803|dataStream:localhost:40907|priority:0|startupRole:FOLLOWER, s1|rpc:localhost:33111|admin:localhost:46017|client:localhost:34605|dataStream:localhost:44937|priority:0|startupRole:FOLLOWER, s2|rpc:localhost:34143|admin:localhost:45987|client:localhost:44949|dataStream:localhost:35207|priority:0|startupRole:FOLLOWER]|listeners:[], old=null, confs=<EMPTY_MAP>
2022-07-23 19:35:42,080 [pool-47-thread-1] INFO  server.RaftServerConfigKeys (ConfUtils.java:logGet(46)) - raft.server.storage.dir = [/home/runner/work/ratis/ratis/ratis-test/target/test/data/11cf776f/MiniRaftClusterWithGrpcd878d3f8/s1] (custom)
2022-07-23 19:35:42,080 [pool-47-thread-1] INFO  server.RaftServerConfigKeys (ConfUtils.java:logGet(46)) - raft.server.log.corruption.policy = EXCEPTION (default)
2022-07-23 19:35:42,080 [pool-47-thread-1] INFO  server.RaftServerConfigKeys (ConfUtils.java:logGet(46)) - raft.server.storage.free-space.min = 0MB (=0) (default)
2022-07-23 19:35:42,080 [pool-47-thread-1] INFO  server.RaftServerConfigKeys (ConfUtils.java:logGet(46)) - raft.server.notification.no-leader.timeout = 60s (default)
2022-07-23 19:35:42,081 [pool-47-thread-1] INFO  server.RaftServerConfigKeys (ConfUtils.java:logGet(46)) - raft.server.retrycache.expirytime = 60s (default)
2022-07-23 19:35:42,081 [pool-47-thread-1] INFO  server.RaftServerConfigKeys (ConfUtils.java:logGet(46)) - raft.server.retrycache.statistics.expirytime = 100μs (default)
2022-07-23 19:35:42,081 [pool-47-thread-1] INFO  server.RaftServerConfigKeys (ConfUtils.java:logGet(46)) - raft.server.log.appender.install.snapshot.enabled = true (default)
2022-07-23 19:35:42,081 [pool-47-thread-1] INFO  server.RaftServerConfigKeys (ConfUtils.java:logGet(46)) - raft.server.threadpool.server.cached = true (default)
2022-07-23 19:35:42,081 [pool-47-thread-1] INFO  server.RaftServerConfigKeys (ConfUtils.java:logGet(46)) - raft.server.threadpool.server.size = 0 (default)
2022-07-23 19:35:42,081 [pool-47-thread-1] INFO  server.RaftServerConfigKeys (ConfUtils.java:logGet(46)) - raft.server.threadpool.client.cached = true (default)
2022-07-23 19:35:42,081 [pool-47-thread-1] INFO  server.RaftServerConfigKeys (ConfUtils.java:logGet(46)) - raft.server.threadpool.client.size = 0 (default)
2022-07-23 19:35:42,081 [Time-limited test] INFO  server.RaftServer (RaftServerProxy.java:addNew(96)) - s2: addNew group-8BCAFE4F30A2:[s0|rpc:localhost:36283|admin:localhost:40863|client:localhost:42803|dataStream:localhost:40907|priority:0|startupRole:FOLLOWER, s1|rpc:localhost:33111|admin:localhost:46017|client:localhost:34605|dataStream:localhost:44937|priority:0|startupRole:FOLLOWER, s2|rpc:localhost:34143|admin:localhost:45987|client:localhost:44949|dataStream:localhost:35207|priority:0|startupRole:FOLLOWER] returns group-8BCAFE4F30A2:java.util.concurrent.CompletableFuture@6e5a53d4[Not completed]
2022-07-23 19:35:42,081 [pool-48-thread-1] INFO  server.RaftServerConfigKeys (ConfUtils.java:logGet(46)) - raft.server.log.segment.size.max = 8MB (=8388608) (default)
2022-07-23 19:35:42,081 [pool-48-thread-1] INFO  server.RaftServerConfigKeys (ConfUtils.java:logGet(46)) - raft.server.log.preallocated.size = 4MB (=4194304) (default)
2022-07-23 19:35:42,081 [pool-48-thread-1] INFO  server.RaftServerConfigKeys (ConfUtils.java:logGet(46)) - raft.server.log.write.buffer.size = 64KB (=65536) (default)
2022-07-23 19:35:42,082 [pool-48-thread-1] INFO  server.RaftServer$Division (RaftServerImpl.java:<init>(192)) - s2: new RaftServerImpl for group-8BCAFE4F30A2:[s0|rpc:localhost:36283|admin:localhost:40863|client:localhost:42803|dataStream:localhost:40907|priority:0|startupRole:FOLLOWER, s1|rpc:localhost:33111|admin:localhost:46017|client:localhost:34605|dataStream:localhost:44937|priority:0|startupRole:FOLLOWER, s2|rpc:localhost:34143|admin:localhost:45987|client:localhost:44949|dataStream:localhost:35207|priority:0|startupRole:FOLLOWER] with SimpleStateMachine4Testing:uninitialized
2022-07-23 19:35:42,082 [pool-48-thread-1] INFO  server.RaftServerConfigKeys (ConfUtils.java:logGet(46)) - raft.server.rpc.timeout.min = 150ms (default)
2022-07-23 19:35:42,082 [pool-48-thread-1] INFO  server.RaftServerConfigKeys (ConfUtils.java:logGet(46)) - raft.server.rpc.timeout.max = 300ms (default)
2022-07-23 19:35:42,082 [pool-48-thread-1] INFO  server.RaftServerConfigKeys (ConfUtils.java:logGet(46)) - raft.server.rpc.sleep.time = 25ms (default)
2022-07-23 19:35:42,082 [pool-48-thread-1] INFO  server.RaftServerConfigKeys (ConfUtils.java:logGet(46)) - raft.server.rpc.slowness.timeout = 60s (default)
2022-07-23 19:35:42,082 [pool-48-thread-1] INFO  server.RaftServerConfigKeys (ConfUtils.java:logGet(46)) - raft.server.leaderelection.leader.step-down.wait-time = 10s (default)
2022-07-23 19:35:42,082 [pool-48-thread-1] INFO  server.RaftServerConfigKeys (ConfUtils.java:logGet(46)) - raft.server.sleep.deviation.threshold = 300ms (default)
2022-07-23 19:35:42,082 [s0-impl-thread1] INFO  storage.RaftStorageDirectory (RaftStorageDirectoryImpl.java:analyzeStorage(137)) - The storage directory /home/runner/work/ratis/ratis/ratis-test/target/test/data/11cf776f/MiniRaftClusterWithGrpcd878d3f8/s0/94c5e177-627a-4ab6-8b9e-8bcafe4f30a2 does not exist. Creating ...
2022-07-23 19:35:42,082 [pool-48-thread-1] INFO  server.RaftServer$Division (ServerState.java:<init>(118)) - s2@group-8BCAFE4F30A2: ConfigurationManager, init=-1: peers:[s0|rpc:localhost:36283|admin:localhost:40863|client:localhost:42803|dataStream:localhost:40907|priority:0|startupRole:FOLLOWER, s1|rpc:localhost:33111|admin:localhost:46017|client:localhost:34605|dataStream:localhost:44937|priority:0|startupRole:FOLLOWER, s2|rpc:localhost:34143|admin:localhost:45987|client:localhost:44949|dataStream:localhost:35207|priority:0|startupRole:FOLLOWER]|listeners:[], old=null, confs=<EMPTY_MAP>
2022-07-23 19:35:42,082 [pool-48-thread-1] INFO  server.RaftServerConfigKeys (ConfUtils.java:logGet(46)) - raft.server.storage.dir = [/home/runner/work/ratis/ratis/ratis-test/target/test/data/11cf776f/MiniRaftClusterWithGrpcd878d3f8/s2] (custom)
2022-07-23 19:35:42,082 [pool-48-thread-1] INFO  server.RaftServerConfigKeys (ConfUtils.java:logGet(46)) - raft.server.log.corruption.policy = EXCEPTION (default)
2022-07-23 19:35:42,082 [pool-48-thread-1] INFO  server.RaftServerConfigKeys (ConfUtils.java:logGet(46)) - raft.server.storage.free-space.min = 0MB (=0) (default)
2022-07-23 19:35:42,082 [pool-48-thread-1] INFO  server.RaftServerConfigKeys (ConfUtils.java:logGet(46)) - raft.server.notification.no-leader.timeout = 60s (default)
2022-07-23 19:35:42,082 [s0-impl-thread1] TRACE util.FileUtils (LogUtils.java:runAndLog(49)) - Successfully ran Files.createDirectories /home/runner/work/ratis/ratis/ratis-test/target/test/data/11cf776f/MiniRaftClusterWithGrpcd878d3f8/s0/94c5e177-627a-4ab6-8b9e-8bcafe4f30a2
2022-07-23 19:35:42,082 [pool-48-thread-1] INFO  server.RaftServerConfigKeys (ConfUtils.java:logGet(46)) - raft.server.retrycache.expirytime = 60s (default)
2022-07-23 19:35:42,082 [pool-48-thread-1] INFO  server.RaftServerConfigKeys (ConfUtils.java:logGet(46)) - raft.server.retrycache.statistics.expirytime = 100μs (default)
2022-07-23 19:35:42,082 [pool-48-thread-1] INFO  server.RaftServerConfigKeys (ConfUtils.java:logGet(46)) - raft.server.log.appender.install.snapshot.enabled = true (default)
2022-07-23 19:35:42,082 [pool-48-thread-1] INFO  server.RaftServerConfigKeys (ConfUtils.java:logGet(46)) - raft.server.threadpool.server.cached = true (default)
2022-07-23 19:35:42,083 [pool-48-thread-1] INFO  server.RaftServerConfigKeys (ConfUtils.java:logGet(46)) - raft.server.threadpool.server.size = 0 (default)
2022-07-23 19:35:42,083 [pool-48-thread-1] INFO  server.RaftServerConfigKeys (ConfUtils.java:logGet(46)) - raft.server.threadpool.client.cached = true (default)
2022-07-23 19:35:42,083 [pool-48-thread-1] INFO  server.RaftServerConfigKeys (ConfUtils.java:logGet(46)) - raft.server.threadpool.client.size = 0 (default)
2022-07-23 19:35:42,083 [s0-impl-thread1] INFO  storage.RaftStorageDirectory (RaftStorageDirectoryImpl.java:tryLock(231)) - Lock on /home/runner/work/ratis/ratis/ratis-test/target/test/data/11cf776f/MiniRaftClusterWithGrpcd878d3f8/s0/94c5e177-627a-4ab6-8b9e-8bcafe4f30a2/in_use.lock acquired by nodename 4352@fv-az121-604.oisc35kgwdsevnec4nnef0ad5h.cx.internal.cloudapp.net
2022-07-23 19:35:42,083 [s0-impl-thread1] TRACE util.FileUtils (LogUtils.java:runAndLog(49)) - Successfully ran Files.createDirectories /home/runner/work/ratis/ratis/ratis-test/target/test/data/11cf776f/MiniRaftClusterWithGrpcd878d3f8/s0/94c5e177-627a-4ab6-8b9e-8bcafe4f30a2/current
2022-07-23 19:35:42,083 [s0-impl-thread1] TRACE util.FileUtils (LogUtils.java:runAndLog(49)) - Successfully ran Files.createDirectories /home/runner/work/ratis/ratis/ratis-test/target/test/data/11cf776f/MiniRaftClusterWithGrpcd878d3f8/s0/94c5e177-627a-4ab6-8b9e-8bcafe4f30a2/sm
2022-07-23 19:35:42,085 [s0-impl-thread1] INFO  storage.RaftStorage (RaftStorageImpl.java:format(96)) - Storage directory /home/runner/work/ratis/ratis/ratis-test/target/test/data/11cf776f/MiniRaftClusterWithGrpcd878d3f8/s0/94c5e177-627a-4ab6-8b9e-8bcafe4f30a2 has been successfully formatted.
2022-07-23 19:35:42,085 [s0-impl-thread1] INFO  statemachine.SimpleStateMachine4Testing (SimpleStateMachine4Testing.java:initialize(212)) - Initializing SimpleStateMachine4Testing:uninitialized
2022-07-23 19:35:42,085 [s0-impl-thread1] INFO  statemachine.SimpleStateMachine4Testing (SimpleStateMachine4Testing.java:loadSnapshot(306)) - The snapshot file null does not exist
2022-07-23 19:35:42,085 [s0-impl-thread1] INFO  server.RaftServerConfigKeys (ConfUtils.java:logGet(46)) - raft.server.log.use.memory = false (default)
2022-07-23 19:35:42,085 [s0-impl-thread1] INFO  server.RaftServerConfigKeys (ConfUtils.java:logGet(46)) - raft.server.log.purge.gap = 1024 (default)
2022-07-23 19:35:42,085 [s0-impl-thread1] INFO  server.RaftServerConfigKeys (ConfUtils.java:logGet(46)) - raft.server.log.appender.buffer.byte-limit = 4MB (=4194304) (default)
2022-07-23 19:35:42,085 [s0-impl-thread1] INFO  server.RaftServerConfigKeys (ConfUtils.java:logGet(46)) - raft.server.log.statemachine.data.read.timeout = 1000ms (default)
2022-07-23 19:35:42,085 [s0-impl-thread1] INFO  server.RaftServerConfigKeys (ConfUtils.java:logGet(46)) - raft.server.log.segment.size.max = 8MB (=8388608) (default)
2022-07-23 19:35:42,085 [s0-impl-thread1] INFO  server.RaftServerConfigKeys (ConfUtils.java:logGet(46)) - raft.server.log.segment.cache.num.max = 6 (default)
2022-07-23 19:35:42,085 [s0-impl-thread1] INFO  server.RaftServerConfigKeys (ConfUtils.java:logGet(46)) - raft.server.log.segment.cache.size.max = 200MB (=209715200) (default)
2022-07-23 19:35:42,085 [s0-impl-thread1] INFO  segmented.SegmentedRaftLogWorker (SegmentedRaftLogWorker.java:<init>(187)) - new s0@group-8BCAFE4F30A2-SegmentedRaftLogWorker for RaftStorageImpl:Storage Directory /home/runner/work/ratis/ratis/ratis-test/target/test/data/11cf776f/MiniRaftClusterWithGrpcd878d3f8/s0/94c5e177-627a-4ab6-8b9e-8bcafe4f30a2
2022-07-23 19:35:42,085 [s0-impl-thread1] INFO  server.RaftServerConfigKeys (ConfUtils.java:logGet(46)) - raft.server.log.queue.byte-limit = 64MB (=67108864) (default)
2022-07-23 19:35:42,085 [s0-impl-thread1] INFO  server.RaftServerConfigKeys (ConfUtils.java:logGet(46)) - raft.server.log.queue.element-limit = 4096 (default)
2022-07-23 19:35:42,085 [s0-impl-thread1] INFO  server.RaftServerConfigKeys (ConfUtils.java:logGet(46)) - raft.server.log.segment.size.max = 8MB (=8388608) (default)
2022-07-23 19:35:42,085 [s0-impl-thread1] INFO  server.RaftServerConfigKeys (ConfUtils.java:logGet(46)) - raft.server.log.preallocated.size = 4MB (=4194304) (default)
2022-07-23 19:35:42,085 [s0-impl-thread1] INFO  server.RaftServerConfigKeys (ConfUtils.java:logGet(46)) - raft.server.log.force.sync.num = 128 (default)
2022-07-23 19:35:42,085 [s0-impl-thread1] INFO  server.RaftServerConfigKeys (ConfUtils.java:logGet(46)) - raft.server.log.statemachine.data.sync = true (default)
2022-07-23 19:35:42,085 [s0-impl-thread1] INFO  server.RaftServerConfigKeys (ConfUtils.java:logGet(46)) - raft.server.log.statemachine.data.sync.timeout = 10s (default)
2022-07-23 19:35:42,085 [s0-impl-thread1] INFO  server.RaftServerConfigKeys (ConfUtils.java:logGet(46)) - raft.server.log.statemachine.data.sync.timeout.retry = -1 (default)
2022-07-23 19:35:42,086 [s0-impl-thread1] INFO  server.RaftServerConfigKeys (ConfUtils.java:logGet(46)) - raft.server.log.write.buffer.size = 64KB (=65536) (default)
2022-07-23 19:35:42,086 [s0-impl-thread1] INFO  server.RaftServerConfigKeys (ConfUtils.java:logGet(46)) - raft.server.log.unsafe-flush.enabled = false (default)
2022-07-23 19:35:42,086 [s0-impl-thread1] INFO  server.RaftServerConfigKeys (ConfUtils.java:logGet(46)) - raft.server.log.statemachine.data.caching.enabled = false (default)
2022-07-23 19:35:42,086 [s0-impl-thread1] INFO  segmented.SegmentedRaftLogWorker (SegmentedRaftLogWorker.java:lambda$new$0(135)) - s0@group-8BCAFE4F30A2-SegmentedRaftLogWorker: flushIndex: setUnconditionally 0 -> -1
2022-07-23 19:35:42,086 [s0-impl-thread1] INFO  segmented.SegmentedRaftLogWorker (SegmentedRaftLogWorker.java:lambda$new$0(135)) - s0@group-8BCAFE4F30A2-SegmentedRaftLogWorker: safeCacheEvictIndex: setUnconditionally 0 -> -1
2022-07-23 19:35:42,086 [s0-impl-thread1] INFO  server.RaftServer$Division (RaftServerImpl.java:start(314)) - s0@group-8BCAFE4F30A2: start as a follower, conf=-1: peers:[s0|rpc:localhost:36283|admin:localhost:40863|client:localhost:42803|dataStream:localhost:40907|priority:0|startupRole:FOLLOWER, s1|rpc:localhost:33111|admin:localhost:46017|client:localhost:34605|dataStream:localhost:44937|priority:0|startupRole:FOLLOWER, s2|rpc:localhost:34143|admin:localhost:45987|client:localhost:44949|dataStream:localhost:35207|priority:0|startupRole:FOLLOWER]|listeners:[], old=null
2022-07-23 19:35:42,086 [s0-impl-thread1] INFO  server.RaftServer$Division (RaftServerImpl.java:setRole(301)) - s0@group-8BCAFE4F30A2: changes role from      null to FOLLOWER at term 0 for startAsFollower
2022-07-23 19:35:42,086 [s0-impl-thread1] INFO  impl.RoleInfo (RoleInfo.java:updateAndGet(139)) - s0: start s0@group-8BCAFE4F30A2-FollowerState
2022-07-23 19:35:42,086 [s0-impl-thread1] INFO  util.JmxRegister (JmxRegister.java:tryRegister(44)) - Successfully registered JMX Bean with object name Ratis:service=RaftServer,group=group-8BCAFE4F30A2,id=s0
2022-07-23 19:35:42,087 [s0-impl-thread1] INFO  server.RaftServerConfigKeys (ConfUtils.java:logGet(46)) - raft.server.snapshot.auto.trigger.enabled = false (default)
2022-07-23 19:35:42,087 [s0-impl-thread1] INFO  server.RaftServerConfigKeys (ConfUtils.java:logGet(46)) - raft.server.snapshot.retention.file.num = -1 (default)
2022-07-23 19:35:42,087 [s0-impl-thread1] INFO  server.RaftServerConfigKeys (ConfUtils.java:logGet(46)) - raft.server.log.purge.upto.snapshot.index = false (default)
2022-07-23 19:35:42,087 [Time-limited test] INFO  server.RaftServer (RaftServerProxy.java:startImpl(385)) - s0: start RPC server
2022-07-23 19:35:42,087 [Time-limited test] INFO  server.GrpcService (GrpcService.java:startImpl(262)) - s0: GrpcService started, listening on 42803
2022-07-23 19:35:42,090 [Time-limited test] INFO  server.GrpcService (GrpcService.java:startImpl(262)) - s0: GrpcService started, listening on 36283
2022-07-23 19:35:42,091 [Time-limited test] INFO  server.GrpcService (GrpcService.java:startImpl(262)) - s0: GrpcService started, listening on 40863
2022-07-23 19:35:42,091 [org.apache.ratis.util.JvmPauseMonitor$$Lambda$313/980778071@570aa36c] INFO  util.JvmPauseMonitor (JvmPauseMonitor.java:run(103)) - JvmPauseMonitor-s0: Started
2022-07-23 19:35:42,091 [s1-impl-thread1] INFO  storage.RaftStorageDirectory (RaftStorageDirectoryImpl.java:analyzeStorage(137)) - The storage directory /home/runner/work/ratis/ratis/ratis-test/target/test/data/11cf776f/MiniRaftClusterWithGrpcd878d3f8/s1/94c5e177-627a-4ab6-8b9e-8bcafe4f30a2 does not exist. Creating ...
2022-07-23 19:35:42,091 [s1-impl-thread1] TRACE util.FileUtils (LogUtils.java:runAndLog(49)) - Successfully ran Files.createDirectories /home/runner/work/ratis/ratis/ratis-test/target/test/data/11cf776f/MiniRaftClusterWithGrpcd878d3f8/s1/94c5e177-627a-4ab6-8b9e-8bcafe4f30a2
2022-07-23 19:35:42,092 [s1-impl-thread1] INFO  storage.RaftStorageDirectory (RaftStorageDirectoryImpl.java:tryLock(231)) - Lock on /home/runner/work/ratis/ratis/ratis-test/target/test/data/11cf776f/MiniRaftClusterWithGrpcd878d3f8/s1/94c5e177-627a-4ab6-8b9e-8bcafe4f30a2/in_use.lock acquired by nodename 4352@fv-az121-604.oisc35kgwdsevnec4nnef0ad5h.cx.internal.cloudapp.net
2022-07-23 19:35:42,092 [s1-impl-thread1] TRACE util.FileUtils (LogUtils.java:runAndLog(49)) - Successfully ran Files.createDirectories /home/runner/work/ratis/ratis/ratis-test/target/test/data/11cf776f/MiniRaftClusterWithGrpcd878d3f8/s1/94c5e177-627a-4ab6-8b9e-8bcafe4f30a2/current
2022-07-23 19:35:42,092 [s1-impl-thread1] TRACE util.FileUtils (LogUtils.java:runAndLog(49)) - Successfully ran Files.createDirectories /home/runner/work/ratis/ratis/ratis-test/target/test/data/11cf776f/MiniRaftClusterWithGrpcd878d3f8/s1/94c5e177-627a-4ab6-8b9e-8bcafe4f30a2/sm
2022-07-23 19:35:42,093 [s1-impl-thread1] INFO  storage.RaftStorage (RaftStorageImpl.java:format(96)) - Storage directory /home/runner/work/ratis/ratis/ratis-test/target/test/data/11cf776f/MiniRaftClusterWithGrpcd878d3f8/s1/94c5e177-627a-4ab6-8b9e-8bcafe4f30a2 has been successfully formatted.
2022-07-23 19:35:42,093 [s1-impl-thread1] INFO  statemachine.SimpleStateMachine4Testing (SimpleStateMachine4Testing.java:initialize(212)) - Initializing SimpleStateMachine4Testing:uninitialized
2022-07-23 19:35:42,093 [s1-impl-thread1] INFO  statemachine.SimpleStateMachine4Testing (SimpleStateMachine4Testing.java:loadSnapshot(306)) - The snapshot file null does not exist
2022-07-23 19:35:42,093 [s1-impl-thread1] INFO  server.RaftServerConfigKeys (ConfUtils.java:logGet(46)) - raft.server.log.use.memory = false (default)
2022-07-23 19:35:42,094 [s1-impl-thread1] INFO  server.RaftServerConfigKeys (ConfUtils.java:logGet(46)) - raft.server.log.purge.gap = 1024 (default)
2022-07-23 19:35:42,094 [s1-impl-thread1] INFO  server.RaftServerConfigKeys (ConfUtils.java:logGet(46)) - raft.server.log.appender.buffer.byte-limit = 4MB (=4194304) (default)
2022-07-23 19:35:42,094 [s1-impl-thread1] INFO  server.RaftServerConfigKeys (ConfUtils.java:logGet(46)) - raft.server.log.statemachine.data.read.timeout = 1000ms (default)
2022-07-23 19:35:42,094 [s1-impl-thread1] INFO  server.RaftServerConfigKeys (ConfUtils.java:logGet(46)) - raft.server.log.segment.size.max = 8MB (=8388608) (default)
2022-07-23 19:35:42,094 [s1-impl-thread1] INFO  server.RaftServerConfigKeys (ConfUtils.java:logGet(46)) - raft.server.log.segment.cache.num.max = 6 (default)
2022-07-23 19:35:42,094 [s1-impl-thread1] INFO  server.RaftServerConfigKeys (ConfUtils.java:logGet(46)) - raft.server.log.segment.cache.size.max = 200MB (=209715200) (default)
2022-07-23 19:35:42,094 [s1-impl-thread1] INFO  segmented.SegmentedRaftLogWorker (SegmentedRaftLogWorker.java:<init>(187)) - new s1@group-8BCAFE4F30A2-SegmentedRaftLogWorker for RaftStorageImpl:Storage Directory /home/runner/work/ratis/ratis/ratis-test/target/test/data/11cf776f/MiniRaftClusterWithGrpcd878d3f8/s1/94c5e177-627a-4ab6-8b9e-8bcafe4f30a2
2022-07-23 19:35:42,094 [s1-impl-thread1] INFO  server.RaftServerConfigKeys (ConfUtils.java:logGet(46)) - raft.server.log.queue.byte-limit = 64MB (=67108864) (default)
2022-07-23 19:35:42,094 [s1-impl-thread1] INFO  server.RaftServerConfigKeys (ConfUtils.java:logGet(46)) - raft.server.log.queue.element-limit = 4096 (default)
2022-07-23 19:35:42,094 [s1-impl-thread1] INFO  server.RaftServerConfigKeys (ConfUtils.java:logGet(46)) - raft.server.log.segment.size.max = 8MB (=8388608) (default)
2022-07-23 19:35:42,094 [s1-impl-thread1] INFO  server.RaftServerConfigKeys (ConfUtils.java:logGet(46)) - raft.server.log.preallocated.size = 4MB (=4194304) (default)
2022-07-23 19:35:42,094 [s1-impl-thread1] INFO  server.RaftServerConfigKeys (ConfUtils.java:logGet(46)) - raft.server.log.force.sync.num = 128 (default)
2022-07-23 19:35:42,094 [s1-impl-thread1] INFO  server.RaftServerConfigKeys (ConfUtils.java:logGet(46)) - raft.server.log.statemachine.data.sync = true (default)
2022-07-23 19:35:42,094 [s1-impl-thread1] INFO  server.RaftServerConfigKeys (ConfUtils.java:logGet(46)) - raft.server.log.statemachine.data.sync.timeout = 10s (default)
2022-07-23 19:35:42,094 [s1-impl-thread1] INFO  server.RaftServerConfigKeys (ConfUtils.java:logGet(46)) - raft.server.log.statemachine.data.sync.timeout.retry = -1 (default)
2022-07-23 19:35:42,094 [s1-impl-thread1] INFO  server.RaftServerConfigKeys (ConfUtils.java:logGet(46)) - raft.server.log.write.buffer.size = 64KB (=65536) (default)
2022-07-23 19:35:42,094 [s1-impl-thread1] INFO  server.RaftServerConfigKeys (ConfUtils.java:logGet(46)) - raft.server.log.unsafe-flush.enabled = false (default)
2022-07-23 19:35:42,094 [s1-impl-thread1] INFO  server.RaftServerConfigKeys (ConfUtils.java:logGet(46)) - raft.server.log.statemachine.data.caching.enabled = false (default)
2022-07-23 19:35:42,095 [s1-impl-thread1] INFO  segmented.SegmentedRaftLogWorker (SegmentedRaftLogWorker.java:lambda$new$0(135)) - s1@group-8BCAFE4F30A2-SegmentedRaftLogWorker: flushIndex: setUnconditionally 0 -> -1
2022-07-23 19:35:42,095 [s1-impl-thread1] INFO  segmented.SegmentedRaftLogWorker (SegmentedRaftLogWorker.java:lambda$new$0(135)) - s1@group-8BCAFE4F30A2-SegmentedRaftLogWorker: safeCacheEvictIndex: setUnconditionally 0 -> -1
2022-07-23 19:35:42,095 [s1-impl-thread1] INFO  server.RaftServer$Division (RaftServerImpl.java:start(314)) - s1@group-8BCAFE4F30A2: start as a follower, conf=-1: peers:[s0|rpc:localhost:36283|admin:localhost:40863|client:localhost:42803|dataStream:localhost:40907|priority:0|startupRole:FOLLOWER, s1|rpc:localhost:33111|admin:localhost:46017|client:localhost:34605|dataStream:localhost:44937|priority:0|startupRole:FOLLOWER, s2|rpc:localhost:34143|admin:localhost:45987|client:localhost:44949|dataStream:localhost:35207|priority:0|startupRole:FOLLOWER]|listeners:[], old=null
2022-07-23 19:35:42,095 [s1-impl-thread1] INFO  server.RaftServer$Division (RaftServerImpl.java:setRole(301)) - s1@group-8BCAFE4F30A2: changes role from      null to FOLLOWER at term 0 for startAsFollower
2022-07-23 19:35:42,095 [s1-impl-thread1] INFO  impl.RoleInfo (RoleInfo.java:updateAndGet(139)) - s1: start s1@group-8BCAFE4F30A2-FollowerState
2022-07-23 19:35:42,095 [s1-impl-thread1] INFO  util.JmxRegister (JmxRegister.java:tryRegister(44)) - Successfully registered JMX Bean with object name Ratis:service=RaftServer,group=group-8BCAFE4F30A2,id=s1
2022-07-23 19:35:42,095 [s1-impl-thread1] INFO  server.RaftServerConfigKeys (ConfUtils.java:logGet(46)) - raft.server.snapshot.auto.trigger.enabled = false (default)
2022-07-23 19:35:42,096 [s1-impl-thread1] INFO  server.RaftServerConfigKeys (ConfUtils.java:logGet(46)) - raft.server.snapshot.retention.file.num = -1 (default)
2022-07-23 19:35:42,096 [s1-impl-thread1] INFO  server.RaftServerConfigKeys (ConfUtils.java:logGet(46)) - raft.server.log.purge.upto.snapshot.index = false (default)
2022-07-23 19:35:42,096 [Time-limited test] INFO  server.RaftServer (RaftServerProxy.java:startImpl(385)) - s1: start RPC server
2022-07-23 19:35:42,096 [Time-limited test] INFO  server.GrpcService (GrpcService.java:startImpl(262)) - s1: GrpcService started, listening on 34605
2022-07-23 19:35:42,096 [Time-limited test] INFO  server.GrpcService (GrpcService.java:startImpl(262)) - s1: GrpcService started, listening on 33111
2022-07-23 19:35:42,096 [Time-limited test] INFO  server.GrpcService (GrpcService.java:startImpl(262)) - s1: GrpcService started, listening on 46017
2022-07-23 19:35:42,097 [s2-impl-thread1] INFO  storage.RaftStorageDirectory (RaftStorageDirectoryImpl.java:analyzeStorage(137)) - The storage directory /home/runner/work/ratis/ratis/ratis-test/target/test/data/11cf776f/MiniRaftClusterWithGrpcd878d3f8/s2/94c5e177-627a-4ab6-8b9e-8bcafe4f30a2 does not exist. Creating ...
2022-07-23 19:35:42,097 [s2-impl-thread1] TRACE util.FileUtils (LogUtils.java:runAndLog(49)) - Successfully ran Files.createDirectories /home/runner/work/ratis/ratis/ratis-test/target/test/data/11cf776f/MiniRaftClusterWithGrpcd878d3f8/s2/94c5e177-627a-4ab6-8b9e-8bcafe4f30a2
2022-07-23 19:35:42,097 [org.apache.ratis.util.JvmPauseMonitor$$Lambda$313/980778071@26d42898] INFO  util.JvmPauseMonitor (JvmPauseMonitor.java:run(103)) - JvmPauseMonitor-s1: Started
2022-07-23 19:35:42,098 [s2-impl-thread1] INFO  storage.RaftStorageDirectory (RaftStorageDirectoryImpl.java:tryLock(231)) - Lock on /home/runner/work/ratis/ratis/ratis-test/target/test/data/11cf776f/MiniRaftClusterWithGrpcd878d3f8/s2/94c5e177-627a-4ab6-8b9e-8bcafe4f30a2/in_use.lock acquired by nodename 4352@fv-az121-604.oisc35kgwdsevnec4nnef0ad5h.cx.internal.cloudapp.net
2022-07-23 19:35:42,098 [s2-impl-thread1] TRACE util.FileUtils (LogUtils.java:runAndLog(49)) - Successfully ran Files.createDirectories /home/runner/work/ratis/ratis/ratis-test/target/test/data/11cf776f/MiniRaftClusterWithGrpcd878d3f8/s2/94c5e177-627a-4ab6-8b9e-8bcafe4f30a2/current
2022-07-23 19:35:42,098 [s2-impl-thread1] TRACE util.FileUtils (LogUtils.java:runAndLog(49)) - Successfully ran Files.createDirectories /home/runner/work/ratis/ratis/ratis-test/target/test/data/11cf776f/MiniRaftClusterWithGrpcd878d3f8/s2/94c5e177-627a-4ab6-8b9e-8bcafe4f30a2/sm
2022-07-23 19:35:42,098 [s2-impl-thread1] INFO  storage.RaftStorage (RaftStorageImpl.java:format(96)) - Storage directory /home/runner/work/ratis/ratis/ratis-test/target/test/data/11cf776f/MiniRaftClusterWithGrpcd878d3f8/s2/94c5e177-627a-4ab6-8b9e-8bcafe4f30a2 has been successfully formatted.
2022-07-23 19:35:42,099 [s2-impl-thread1] INFO  statemachine.SimpleStateMachine4Testing (SimpleStateMachine4Testing.java:initialize(212)) - Initializing SimpleStateMachine4Testing:uninitialized
2022-07-23 19:35:42,099 [s2-impl-thread1] INFO  statemachine.SimpleStateMachine4Testing (SimpleStateMachine4Testing.java:loadSnapshot(306)) - The snapshot file null does not exist
2022-07-23 19:35:42,099 [s2-impl-thread1] INFO  server.RaftServerConfigKeys (ConfUtils.java:logGet(46)) - raft.server.log.use.memory = false (default)
2022-07-23 19:35:42,099 [s2-impl-thread1] INFO  server.RaftServerConfigKeys (ConfUtils.java:logGet(46)) - raft.server.log.purge.gap = 1024 (default)
2022-07-23 19:35:42,099 [s2-impl-thread1] INFO  server.RaftServerConfigKeys (ConfUtils.java:logGet(46)) - raft.server.log.appender.buffer.byte-limit = 4MB (=4194304) (default)
2022-07-23 19:35:42,099 [s2-impl-thread1] INFO  server.RaftServerConfigKeys (ConfUtils.java:logGet(46)) - raft.server.log.statemachine.data.read.timeout = 1000ms (default)
2022-07-23 19:35:42,099 [s2-impl-thread1] INFO  server.RaftServerConfigKeys (ConfUtils.java:logGet(46)) - raft.server.log.segment.size.max = 8MB (=8388608) (default)
2022-07-23 19:35:42,099 [s2-impl-thread1] INFO  server.RaftServerConfigKeys (ConfUtils.java:logGet(46)) - raft.server.log.segment.cache.num.max = 6 (default)
2022-07-23 19:35:42,099 [s2-impl-thread1] INFO  server.RaftServerConfigKeys (ConfUtils.java:logGet(46)) - raft.server.log.segment.cache.size.max = 200MB (=209715200) (default)
2022-07-23 19:35:42,099 [s2-impl-thread1] INFO  segmented.SegmentedRaftLogWorker (SegmentedRaftLogWorker.java:<init>(187)) - new s2@group-8BCAFE4F30A2-SegmentedRaftLogWorker for RaftStorageImpl:Storage Directory /home/runner/work/ratis/ratis/ratis-test/target/test/data/11cf776f/MiniRaftClusterWithGrpcd878d3f8/s2/94c5e177-627a-4ab6-8b9e-8bcafe4f30a2
2022-07-23 19:35:42,099 [s2-impl-thread1] INFO  server.RaftServerConfigKeys (ConfUtils.java:logGet(46)) - raft.server.log.queue.byte-limit = 64MB (=67108864) (default)
2022-07-23 19:35:42,099 [s2-impl-thread1] INFO  server.RaftServerConfigKeys (ConfUtils.java:logGet(46)) - raft.server.log.queue.element-limit = 4096 (default)
2022-07-23 19:35:42,099 [s2-impl-thread1] INFO  server.RaftServerConfigKeys (ConfUtils.java:logGet(46)) - raft.server.log.segment.size.max = 8MB (=8388608) (default)
2022-07-23 19:35:42,099 [s2-impl-thread1] INFO  server.RaftServerConfigKeys (ConfUtils.java:logGet(46)) - raft.server.log.preallocated.size = 4MB (=4194304) (default)
2022-07-23 19:35:42,099 [s2-impl-thread1] INFO  server.RaftServerConfigKeys (ConfUtils.java:logGet(46)) - raft.server.log.force.sync.num = 128 (default)
2022-07-23 19:35:42,099 [s2-impl-thread1] INFO  server.RaftServerConfigKeys (ConfUtils.java:logGet(46)) - raft.server.log.statemachine.data.sync = true (default)
2022-07-23 19:35:42,099 [s2-impl-thread1] INFO  server.RaftServerConfigKeys (ConfUtils.java:logGet(46)) - raft.server.log.statemachine.data.sync.timeout = 10s (default)
2022-07-23 19:35:42,099 [s2-impl-thread1] INFO  server.RaftServerConfigKeys (ConfUtils.java:logGet(46)) - raft.server.log.statemachine.data.sync.timeout.retry = -1 (default)
2022-07-23 19:35:42,100 [s2-impl-thread1] INFO  server.RaftServerConfigKeys (ConfUtils.java:logGet(46)) - raft.server.log.write.buffer.size = 64KB (=65536) (default)
2022-07-23 19:35:42,100 [s2-impl-thread1] INFO  server.RaftServerConfigKeys (ConfUtils.java:logGet(46)) - raft.server.log.unsafe-flush.enabled = false (default)
2022-07-23 19:35:42,100 [s2-impl-thread1] INFO  server.RaftServerConfigKeys (ConfUtils.java:logGet(46)) - raft.server.log.statemachine.data.caching.enabled = false (default)
2022-07-23 19:35:42,100 [s2-impl-thread1] INFO  segmented.SegmentedRaftLogWorker (SegmentedRaftLogWorker.java:lambda$new$0(135)) - s2@group-8BCAFE4F30A2-SegmentedRaftLogWorker: flushIndex: setUnconditionally 0 -> -1
2022-07-23 19:35:42,100 [s2-impl-thread1] INFO  segmented.SegmentedRaftLogWorker (SegmentedRaftLogWorker.java:lambda$new$0(135)) - s2@group-8BCAFE4F30A2-SegmentedRaftLogWorker: safeCacheEvictIndex: setUnconditionally 0 -> -1
2022-07-23 19:35:42,104 [s2-impl-thread1] INFO  server.RaftServer$Division (RaftServerImpl.java:start(314)) - s2@group-8BCAFE4F30A2: start as a follower, conf=-1: peers:[s0|rpc:localhost:36283|admin:localhost:40863|client:localhost:42803|dataStream:localhost:40907|priority:0|startupRole:FOLLOWER, s1|rpc:localhost:33111|admin:localhost:46017|client:localhost:34605|dataStream:localhost:44937|priority:0|startupRole:FOLLOWER, s2|rpc:localhost:34143|admin:localhost:45987|client:localhost:44949|dataStream:localhost:35207|priority:0|startupRole:FOLLOWER]|listeners:[], old=null
2022-07-23 19:35:42,104 [s2-impl-thread1] INFO  server.RaftServer$Division (RaftServerImpl.java:setRole(301)) - s2@group-8BCAFE4F30A2: changes role from      null to FOLLOWER at term 0 for startAsFollower
2022-07-23 19:35:42,104 [s2-impl-thread1] INFO  impl.RoleInfo (RoleInfo.java:updateAndGet(139)) - s2: start s2@group-8BCAFE4F30A2-FollowerState
2022-07-23 19:35:42,104 [s2-impl-thread1] INFO  util.JmxRegister (JmxRegister.java:tryRegister(44)) - Successfully registered JMX Bean with object name Ratis:service=RaftServer,group=group-8BCAFE4F30A2,id=s2
2022-07-23 19:35:42,104 [s2-impl-thread1] INFO  server.RaftServerConfigKeys (ConfUtils.java:logGet(46)) - raft.server.snapshot.auto.trigger.enabled = false (default)
2022-07-23 19:35:42,104 [s2-impl-thread1] INFO  server.RaftServerConfigKeys (ConfUtils.java:logGet(46)) - raft.server.snapshot.retention.file.num = -1 (default)
2022-07-23 19:35:42,104 [s2-impl-thread1] INFO  server.RaftServerConfigKeys (ConfUtils.java:logGet(46)) - raft.server.log.purge.upto.snapshot.index = false (default)
2022-07-23 19:35:42,105 [Time-limited test] INFO  server.RaftServer (RaftServerProxy.java:startImpl(385)) - s2: start RPC server
2022-07-23 19:35:42,105 [Time-limited test] INFO  server.GrpcService (GrpcService.java:startImpl(262)) - s2: GrpcService started, listening on 44949
2022-07-23 19:35:42,105 [Time-limited test] INFO  server.GrpcService (GrpcService.java:startImpl(262)) - s2: GrpcService started, listening on 34143
2022-07-23 19:35:42,106 [Time-limited test] INFO  server.GrpcService (GrpcService.java:startImpl(262)) - s2: GrpcService started, listening on 45987
2022-07-23 19:35:42,106 [org.apache.ratis.util.JvmPauseMonitor$$Lambda$313/980778071@62dbd84f] INFO  util.JvmPauseMonitor (JvmPauseMonitor.java:run(103)) - JvmPauseMonitor-s2: Started
2022-07-23 19:35:42,106 [Time-limited test] INFO  grpc.TestRaftAsyncWithGrpc (RaftAsyncTests.java:runTestCheckLeadershipFailure(421)) - Running testCheckLeadershipFailure
2022-07-23 19:35:42,106 [Time-limited test] INFO  server.RaftServerConfigKeys (ConfUtils.java:logGet(46)) - raft.server.rpc.timeout.max = 300ms (default)
2022-07-23 19:35:42,106 [Time-limited test] INFO  ratis.RaftTestUtil (RaftTestUtil.java:waitForLeader(100)) - printing ALL groups
  s0:  RUNNING  FOLLOWER s0@group-8BCAFE4F30A2:t0, leader=null, voted=, raftlog=Memoized:s0@group-8BCAFE4F30A2-SegmentedRaftLog:OPENED:c-1, conf=-1: peers:[s0|rpc:localhost:36283|admin:localhost:40863|client:localhost:42803|dataStream:localhost:40907|priority:0|startupRole:FOLLOWER, s1|rpc:localhost:33111|admin:localhost:46017|client:localhost:34605|dataStream:localhost:44937|priority:0|startupRole:FOLLOWER, s2|rpc:localhost:34143|admin:localhost:45987|client:localhost:44949|dataStream:localhost:35207|priority:0|startupRole:FOLLOWER]|listeners:[], old=null RUNNING
  s1:  RUNNING  FOLLOWER s1@group-8BCAFE4F30A2:t0, leader=null, voted=, raftlog=Memoized:s1@group-8BCAFE4F30A2-SegmentedRaftLog:OPENED:c-1, conf=-1: peers:[s0|rpc:localhost:36283|admin:localhost:40863|client:localhost:42803|dataStream:localhost:40907|priority:0|startupRole:FOLLOWER, s1|rpc:localhost:33111|admin:localhost:46017|client:localhost:34605|dataStream:localhost:44937|priority:0|startupRole:FOLLOWER, s2|rpc:localhost:34143|admin:localhost:45987|client:localhost:44949|dataStream:localhost:35207|priority:0|startupRole:FOLLOWER]|listeners:[], old=null RUNNING
  s2:  RUNNING  FOLLOWER s2@group-8BCAFE4F30A2:t0, leader=null, voted=, raftlog=Memoized:s2@group-8BCAFE4F30A2-SegmentedRaftLog:OPENED:c-1, conf=-1: peers:[s0|rpc:localhost:36283|admin:localhost:40863|client:localhost:42803|dataStream:localhost:40907|priority:0|startupRole:FOLLOWER, s1|rpc:localhost:33111|admin:localhost:46017|client:localhost:34605|dataStream:localhost:44937|priority:0|startupRole:FOLLOWER, s2|rpc:localhost:34143|admin:localhost:45987|client:localhost:44949|dataStream:localhost:35207|priority:0|startupRole:FOLLOWER]|listeners:[], old=null RUNNING
2022-07-23 19:35:42,106 [Time-limited test] WARN  ratis.RaftTestUtil (JavaUtils.java:attempt(172)) - FAILED "waitForLeader-null-(expectLeader? true)", attempt #1/100: java.lang.IllegalStateException: No leader yet : printing ALL groups
  s0:  RUNNING  FOLLOWER s0@group-8BCAFE4F30A2:t0, leader=null, voted=, raftlog=Memoized:s0@group-8BCAFE4F30A2-SegmentedRaftLog:OPENED:c-1, conf=-1: peers:[s0|rpc:localhost:36283|admin:localhost:40863|client:localhost:42803|dataStream:localhost:40907|priority:0|startupRole:FOLLOWER, s1|rpc:localhost:33111|admin:localhost:46017|client:localhost:34605|dataStream:localhost:44937|priority:0|startupRole:FOLLOWER, s2|rpc:localhost:34143|admin:localhost:45987|client:localhost:44949|dataStream:localhost:35207|priority:0|startupRole:FOLLOWER]|listeners:[], old=null RUNNING
  s1:  RUNNING  FOLLOWER s1@group-8BCAFE4F30A2:t0, leader=null, voted=, raftlog=Memoized:s1@group-8BCAFE4F30A2-SegmentedRaftLog:OPENED:c-1, conf=-1: peers:[s0|rpc:localhost:36283|admin:localhost:40863|client:localhost:42803|dataStream:localhost:40907|priority:0|startupRole:FOLLOWER, s1|rpc:localhost:33111|admin:localhost:46017|client:localhost:34605|dataStream:localhost:44937|priority:0|startupRole:FOLLOWER, s2|rpc:localhost:34143|admin:localhost:45987|client:localhost:44949|dataStream:localhost:35207|priority:0|startupRole:FOLLOWER]|listeners:[], old=null RUNNING
  s2:  RUNNING  FOLLOWER s2@group-8BCAFE4F30A2:t0, leader=null, voted=, raftlog=Memoized:s2@group-8BCAFE4F30A2-SegmentedRaftLog:OPENED:c-1, conf=-1: peers:[s0|rpc:localhost:36283|admin:localhost:40863|client:localhost:42803|dataStream:localhost:40907|priority:0|startupRole:FOLLOWER, s1|rpc:localhost:33111|admin:localhost:46017|client:localhost:34605|dataStream:localhost:44937|priority:0|startupRole:FOLLOWER, s2|rpc:localhost:34143|admin:localhost:45987|client:localhost:44949|dataStream:localhost:35207|priority:0|startupRole:FOLLOWER]|listeners:[], old=null RUNNING, sleep 450ms and then retry.
java.lang.IllegalStateException: No leader yet : printing ALL groups
  s0:  RUNNING  FOLLOWER s0@group-8BCAFE4F30A2:t0, leader=null, voted=, raftlog=Memoized:s0@group-8BCAFE4F30A2-SegmentedRaftLog:OPENED:c-1, conf=-1: peers:[s0|rpc:localhost:36283|admin:localhost:40863|client:localhost:42803|dataStream:localhost:40907|priority:0|startupRole:FOLLOWER, s1|rpc:localhost:33111|admin:localhost:46017|client:localhost:34605|dataStream:localhost:44937|priority:0|startupRole:FOLLOWER, s2|rpc:localhost:34143|admin:localhost:45987|client:localhost:44949|dataStream:localhost:35207|priority:0|startupRole:FOLLOWER]|listeners:[], old=null RUNNING
  s1:  RUNNING  FOLLOWER s1@group-8BCAFE4F30A2:t0, leader=null, voted=, raftlog=Memoized:s1@group-8BCAFE4F30A2-SegmentedRaftLog:OPENED:c-1, conf=-1: peers:[s0|rpc:localhost:36283|admin:localhost:40863|client:localhost:42803|dataStream:localhost:40907|priority:0|startupRole:FOLLOWER, s1|rpc:localhost:33111|admin:localhost:46017|client:localhost:34605|dataStream:localhost:44937|priority:0|startupRole:FOLLOWER, s2|rpc:localhost:34143|admin:localhost:45987|client:localhost:44949|dataStream:localhost:35207|priority:0|startupRole:FOLLOWER]|listeners:[], old=null RUNNING
  s2:  RUNNING  FOLLOWER s2@group-8BCAFE4F30A2:t0, leader=null, voted=, raftlog=Memoized:s2@group-8BCAFE4F30A2-SegmentedRaftLog:OPENED:c-1, conf=-1: peers:[s0|rpc:localhost:36283|admin:localhost:40863|client:localhost:42803|dataStream:localhost:40907|priority:0|startupRole:FOLLOWER, s1|rpc:localhost:33111|admin:localhost:46017|client:localhost:34605|dataStream:localhost:44937|priority:0|startupRole:FOLLOWER, s2|rpc:localhost:34143|admin:localhost:45987|client:localhost:44949|dataStream:localhost:35207|priority:0|startupRole:FOLLOWER]|listeners:[], old=null RUNNING
	at org.apache.ratis.server.impl.MiniRaftCluster.newIllegalStateExceptionForNoLeaders(MiniRaftCluster.java:534)
	at org.apache.ratis.RaftTestUtil.lambda$waitForLeader$1(RaftTestUtil.java:104)
	at org.apache.ratis.server.impl.MiniRaftCluster.getLeader(MiniRaftCluster.java:568)
	at org.apache.ratis.server.impl.MiniRaftCluster.getLeader(MiniRaftCluster.java:561)
	at org.apache.ratis.RaftTestUtil.lambda$waitForLeader$3(RaftTestUtil.java:112)
	at org.apache.ratis.util.JavaUtils.attempt(JavaUtils.java:166)
	at org.apache.ratis.util.JavaUtils.attemptRepeatedly(JavaUtils.java:152)
	at org.apache.ratis.RaftTestUtil.waitForLeader(RaftTestUtil.java:111)
	at org.apache.ratis.RaftTestUtil.waitForLeader(RaftTestUtil.java:92)
	at org.apache.ratis.RaftTestUtil.waitForLeader(RaftTestUtil.java:87)
	at org.apache.ratis.RaftAsyncTests.runTestCheckLeadershipFailure(RaftAsyncTests.java:423)
	at org.apache.ratis.server.impl.MiniRaftCluster$Factory$Get.runWithNewCluster(MiniRaftCluster.java:125)
	at org.apache.ratis.server.impl.MiniRaftCluster$Factory$Get.runWithNewCluster(MiniRaftCluster.java:113)
	at org.apache.ratis.RaftAsyncTests.testCheckLeadershipFailure(RaftAsyncTests.java:417)
	at sun.reflect.NativeMethodAccessorImpl.invoke0(Native Method)
	at sun.reflect.NativeMethodAccessorImpl.invoke(NativeMethodAccessorImpl.java:62)
	at sun.reflect.DelegatingMethodAccessorImpl.invoke(DelegatingMethodAccessorImpl.java:43)
	at java.lang.reflect.Method.invoke(Method.java:498)
	at org.junit.runners.model.FrameworkMethod$1.runReflectiveCall(FrameworkMethod.java:59)
	at org.junit.internal.runners.model.ReflectiveCallable.run(ReflectiveCallable.java:12)
	at org.junit.runners.model.FrameworkMethod.invokeExplosively(FrameworkMethod.java:56)
	at org.junit.internal.runners.statements.InvokeMethod.evaluate(InvokeMethod.java:17)
	at org.junit.internal.runners.statements.RunAfters.evaluate(RunAfters.java:27)
	at org.junit.internal.runners.statements.FailOnTimeout$CallableStatement.call(FailOnTimeout.java:299)
	at org.junit.internal.runners.statements.FailOnTimeout$CallableStatement.call(FailOnTimeout.java:293)
	at java.util.concurrent.FutureTask.run(FutureTask.java:266)
	at java.lang.Thread.run(Thread.java:750)
2022-07-23 19:35:42,235 [s0@group-1D19F5312903-FollowerState] INFO  impl.FollowerState (FollowerState.java:run(143)) - s0@group-1D19F5312903-FollowerState: change to CANDIDATE, lastRpcElapsedTime:293422970ns, electionTimeout:293ms
2022-07-23 19:35:42,235 [s0@group-1D19F5312903-FollowerState] INFO  impl.RoleInfo (RoleInfo.java:shutdownFollowerState(110)) - s0: shutdown s0@group-1D19F5312903-FollowerState
2022-07-23 19:35:42,236 [s0@group-1D19F5312903-FollowerState] INFO  server.RaftServer$Division (RaftServerImpl.java:setRole(301)) - s0@group-1D19F5312903: changes role from  FOLLOWER to CANDIDATE at term 1 for changeToCandidate
2022-07-23 19:35:42,236 [s0@group-1D19F5312903-FollowerState] INFO  server.RaftServerConfigKeys (ConfUtils.java:logGet(46)) - raft.server.leaderelection.pre-vote = true (default)
2022-07-23 19:35:42,236 [s0@group-1D19F5312903-FollowerState] INFO  impl.RoleInfo (RoleInfo.java:updateAndGet(139)) - s0: start s0@group-1D19F5312903-LeaderElection42
2022-07-23 19:35:42,236 [s0@group-1D19F5312903-LeaderElection42] INFO  impl.LeaderElection (LeaderElection.java:askForVotes(310)) - s0@group-1D19F5312903-LeaderElection42 PRE_VOTE round 0: submit vote requests at term 1 for 0: peers:[s0|rpc:localhost:33053|admin:localhost:34833|client:localhost:45065|dataStream:localhost:40973|priority:0|startupRole:FOLLOWER, s1|rpc:localhost:37337|admin:localhost:46639|client:localhost:33239|dataStream:localhost:44379|priority:0|startupRole:FOLLOWER, s2|rpc:localhost:36285|admin:localhost:33785|client:localhost:35753|dataStream:localhost:36721|priority:0|startupRole:FOLLOWER]|listeners:[], old=null
2022-07-23 19:35:42,237 [s0@group-1D19F5312903-LeaderElection42] INFO  impl.LeaderElection (LogUtils.java:infoOrTrace(137)) - s0@group-1D19F5312903-LeaderElection42 got exception when requesting votes: java.util.concurrent.ExecutionException: org.apache.ratis.thirdparty.io.grpc.StatusRuntimeException: UNAVAILABLE: io exception
2022-07-23 19:35:42,237 [s0@group-1D19F5312903-LeaderElection42] INFO  impl.LeaderElection (LogUtils.java:infoOrTrace(137)) - s0@group-1D19F5312903-LeaderElection42 got exception when requesting votes: java.util.concurrent.ExecutionException: org.apache.ratis.thirdparty.io.grpc.StatusRuntimeException: UNAVAILABLE: io exception
2022-07-23 19:35:42,237 [s0@group-1D19F5312903-LeaderElection42] INFO  impl.LeaderElection (LeaderElection.java:logAndReturn(90)) - s0@group-1D19F5312903-LeaderElection42: PRE_VOTE REJECTED received 0 response(s) and 2 exception(s):
2022-07-23 19:35:42,237 [s0@group-1D19F5312903-LeaderElection42] INFO  impl.LeaderElection (LogUtils.java:infoOrTrace(137)) -   Exception 0: java.util.concurrent.ExecutionException: org.apache.ratis.thirdparty.io.grpc.StatusRuntimeException: UNAVAILABLE: io exception
2022-07-23 19:35:42,237 [s0@group-1D19F5312903-LeaderElection42] INFO  impl.LeaderElection (LogUtils.java:infoOrTrace(137)) -   Exception 1: java.util.concurrent.ExecutionException: org.apache.ratis.thirdparty.io.grpc.StatusRuntimeException: UNAVAILABLE: io exception
2022-07-23 19:35:42,237 [s0@group-1D19F5312903-LeaderElection42] INFO  impl.LeaderElection (LeaderElection.java:askForVotes(312)) - s0@group-1D19F5312903-LeaderElection42 PRE_VOTE round 0: result REJECTED
2022-07-23 19:35:42,237 [s0@group-1D19F5312903-LeaderElection42] INFO  server.RaftServer$Division (RaftServerImpl.java:setRole(301)) - s0@group-1D19F5312903: changes role from CANDIDATE to FOLLOWER at term 1 for REJECTED
2022-07-23 19:35:42,237 [s0@group-1D19F5312903-LeaderElection42] INFO  impl.RoleInfo (RoleInfo.java:shutdownLeaderElection(130)) - s0: shutdown s0@group-1D19F5312903-LeaderElection42
2022-07-23 19:35:42,237 [s0@group-1D19F5312903-LeaderElection42] INFO  impl.RoleInfo (RoleInfo.java:updateAndGet(139)) - s0: start s0@group-1D19F5312903-FollowerState
2022-07-23 19:35:42,365 [s2@group-8BCAFE4F30A2-FollowerState] INFO  impl.FollowerState (FollowerState.java:run(143)) - s2@group-8BCAFE4F30A2-FollowerState: change to CANDIDATE, lastRpcElapsedTime:260769959ns, electionTimeout:260ms
2022-07-23 19:35:42,365 [s2@group-8BCAFE4F30A2-FollowerState] INFO  impl.RoleInfo (RoleInfo.java:shutdownFollowerState(110)) - s2: shutdown s2@group-8BCAFE4F30A2-FollowerState
2022-07-23 19:35:42,365 [s2@group-8BCAFE4F30A2-FollowerState] INFO  server.RaftServer$Division (RaftServerImpl.java:setRole(301)) - s2@group-8BCAFE4F30A2: changes role from  FOLLOWER to CANDIDATE at term 0 for changeToCandidate
2022-07-23 19:35:42,365 [s2@group-8BCAFE4F30A2-FollowerState] INFO  server.RaftServerConfigKeys (ConfUtils.java:logGet(46)) - raft.server.leaderelection.pre-vote = true (default)
2022-07-23 19:35:42,365 [s2@group-8BCAFE4F30A2-FollowerState] INFO  impl.RoleInfo (RoleInfo.java:updateAndGet(139)) - s2: start s2@group-8BCAFE4F30A2-LeaderElection43
2022-07-23 19:35:42,366 [s2@group-8BCAFE4F30A2-LeaderElection43] INFO  impl.LeaderElection (LeaderElection.java:askForVotes(310)) - s2@group-8BCAFE4F30A2-LeaderElection43 PRE_VOTE round 0: submit vote requests at term 0 for -1: peers:[s0|rpc:localhost:36283|admin:localhost:40863|client:localhost:42803|dataStream:localhost:40907|priority:0|startupRole:FOLLOWER, s1|rpc:localhost:33111|admin:localhost:46017|client:localhost:34605|dataStream:localhost:44937|priority:0|startupRole:FOLLOWER, s2|rpc:localhost:34143|admin:localhost:45987|client:localhost:44949|dataStream:localhost:35207|priority:0|startupRole:FOLLOWER]|listeners:[], old=null
2022-07-23 19:35:42,367 [s2@group-8BCAFE4F30A2-LeaderElection43-1] INFO  server.GrpcServerProtocolClient (GrpcServerProtocolClient.java:<init>(63)) - Build channel for s0
2022-07-23 19:35:42,367 [s2@group-8BCAFE4F30A2-LeaderElection43-2] INFO  server.GrpcServerProtocolClient (GrpcServerProtocolClient.java:<init>(63)) - Build channel for s1
2022-07-23 19:35:42,371 [grpc-default-executor-15] INFO  server.RaftServer$Division (RaftServerImpl.java:requestVote(1198)) - s0@group-8BCAFE4F30A2: receive requestVote(PRE_VOTE, s2, group-8BCAFE4F30A2, 0, (t:0, i:0))
2022-07-23 19:35:42,371 [grpc-default-executor-15] INFO  impl.VoteContext (VoteContext.java:log(48)) - s0@group-8BCAFE4F30A2-FOLLOWER: accept PRE_VOTE from s2: our priority 0 <= candidate's priority 0
2022-07-23 19:35:42,371 [grpc-default-executor-15] INFO  server.RaftServer$Division (RaftServerImpl.java:requestVote(1231)) - s0@group-8BCAFE4F30A2 replies to PRE_VOTE vote request: s2<-s0#0:OK-t0. Peer's state: s0@group-8BCAFE4F30A2:t0, leader=null, voted=, raftlog=Memoized:s0@group-8BCAFE4F30A2-SegmentedRaftLog:OPENED:c-1, conf=-1: peers:[s0|rpc:localhost:36283|admin:localhost:40863|client:localhost:42803|dataStream:localhost:40907|priority:0|startupRole:FOLLOWER, s1|rpc:localhost:33111|admin:localhost:46017|client:localhost:34605|dataStream:localhost:44937|priority:0|startupRole:FOLLOWER, s2|rpc:localhost:34143|admin:localhost:45987|client:localhost:44949|dataStream:localhost:35207|priority:0|startupRole:FOLLOWER]|listeners:[], old=null
2022-07-23 19:35:42,374 [s2@group-8BCAFE4F30A2-LeaderElection43] INFO  impl.LeaderElection (LeaderElection.java:logAndReturn(90)) - s2@group-8BCAFE4F30A2-LeaderElection43: PRE_VOTE PASSED received 1 response(s) and 0 exception(s):
2022-07-23 19:35:42,374 [s2@group-8BCAFE4F30A2-LeaderElection43] INFO  impl.LeaderElection (LeaderElection.java:logAndReturn(94)) -   Response 0: s2<-s0#0:OK-t0
2022-07-23 19:35:42,375 [s2@group-8BCAFE4F30A2-LeaderElection43] INFO  impl.LeaderElection (LeaderElection.java:askForVotes(312)) - s2@group-8BCAFE4F30A2-LeaderElection43 PRE_VOTE round 0: result PASSED
2022-07-23 19:35:42,375 [grpc-default-executor-15] INFO  server.RaftServer$Division (RaftServerImpl.java:requestVote(1198)) - s1@group-8BCAFE4F30A2: receive requestVote(PRE_VOTE, s2, group-8BCAFE4F30A2, 0, (t:0, i:0))
2022-07-23 19:35:42,375 [grpc-default-executor-15] INFO  impl.VoteContext (VoteContext.java:log(48)) - s1@group-8BCAFE4F30A2-FOLLOWER: accept PRE_VOTE from s2: our priority 0 <= candidate's priority 0
2022-07-23 19:35:42,375 [grpc-default-executor-15] INFO  server.RaftServer$Division (RaftServerImpl.java:requestVote(1231)) - s1@group-8BCAFE4F30A2 replies to PRE_VOTE vote request: s2<-s1#0:OK-t0. Peer's state: s1@group-8BCAFE4F30A2:t0, leader=null, voted=, raftlog=Memoized:s1@group-8BCAFE4F30A2-SegmentedRaftLog:OPENED:c-1, conf=-1: peers:[s0|rpc:localhost:36283|admin:localhost:40863|client:localhost:42803|dataStream:localhost:40907|priority:0|startupRole:FOLLOWER, s1|rpc:localhost:33111|admin:localhost:46017|client:localhost:34605|dataStream:localhost:44937|priority:0|startupRole:FOLLOWER, s2|rpc:localhost:34143|admin:localhost:45987|client:localhost:44949|dataStream:localhost:35207|priority:0|startupRole:FOLLOWER]|listeners:[], old=null
2022-07-23 19:35:42,376 [s2@group-8BCAFE4F30A2-LeaderElection43] INFO  impl.LeaderElection (LeaderElection.java:askForVotes(310)) - s2@group-8BCAFE4F30A2-LeaderElection43 ELECTION round 0: submit vote requests at term 1 for -1: peers:[s0|rpc:localhost:36283|admin:localhost:40863|client:localhost:42803|dataStream:localhost:40907|priority:0|startupRole:FOLLOWER, s1|rpc:localhost:33111|admin:localhost:46017|client:localhost:34605|dataStream:localhost:44937|priority:0|startupRole:FOLLOWER, s2|rpc:localhost:34143|admin:localhost:45987|client:localhost:44949|dataStream:localhost:35207|priority:0|startupRole:FOLLOWER]|listeners:[], old=null
2022-07-23 19:35:42,377 [grpc-default-executor-15] INFO  server.RaftServer$Division (RaftServerImpl.java:requestVote(1198)) - s0@group-8BCAFE4F30A2: receive requestVote(ELECTION, s2, group-8BCAFE4F30A2, 1, (t:0, i:0))
2022-07-23 19:35:42,377 [grpc-default-executor-15] INFO  impl.VoteContext (VoteContext.java:log(48)) - s0@group-8BCAFE4F30A2-FOLLOWER: accept ELECTION from s2: our priority 0 <= candidate's priority 0
2022-07-23 19:35:42,377 [grpc-default-executor-15] INFO  server.RaftServer$Division (RaftServerImpl.java:setRole(301)) - s0@group-8BCAFE4F30A2: changes role from  FOLLOWER to FOLLOWER at term 1 for candidate:s2
2022-07-23 19:35:42,377 [grpc-default-executor-15] INFO  impl.RoleInfo (RoleInfo.java:shutdownFollowerState(110)) - s0: shutdown s0@group-8BCAFE4F30A2-FollowerState
2022-07-23 19:35:42,380 [grpc-default-executor-15] INFO  impl.RoleInfo (RoleInfo.java:updateAndGet(139)) - s0: start s0@group-8BCAFE4F30A2-FollowerState
2022-07-23 19:35:42,380 [s0@group-8BCAFE4F30A2-FollowerState] INFO  impl.FollowerState (FollowerState.java:run(152)) - s0@group-8BCAFE4F30A2-FollowerState was interrupted
2022-07-23 19:35:42,381 [grpc-default-executor-3] INFO  server.RaftServer$Division (RaftServerImpl.java:requestVote(1198)) - s1@group-8BCAFE4F30A2: receive requestVote(ELECTION, s2, group-8BCAFE4F30A2, 1, (t:0, i:0))
2022-07-23 19:35:42,381 [grpc-default-executor-3] INFO  impl.VoteContext (VoteContext.java:log(48)) - s1@group-8BCAFE4F30A2-FOLLOWER: accept ELECTION from s2: our priority 0 <= candidate's priority 0
2022-07-23 19:35:42,381 [grpc-default-executor-3] INFO  server.RaftServer$Division (RaftServerImpl.java:setRole(301)) - s1@group-8BCAFE4F30A2: changes role from  FOLLOWER to FOLLOWER at term 1 for candidate:s2
2022-07-23 19:35:42,381 [grpc-default-executor-3] INFO  impl.RoleInfo (RoleInfo.java:shutdownFollowerState(110)) - s1: shutdown s1@group-8BCAFE4F30A2-FollowerState
2022-07-23 19:35:42,381 [grpc-default-executor-3] INFO  impl.RoleInfo (RoleInfo.java:updateAndGet(139)) - s1: start s1@group-8BCAFE4F30A2-FollowerState
2022-07-23 19:35:42,381 [s1@group-8BCAFE4F30A2-FollowerState] INFO  impl.FollowerState (FollowerState.java:run(152)) - s1@group-8BCAFE4F30A2-FollowerState was interrupted
2022-07-23 19:35:42,381 [grpc-default-executor-15] INFO  server.RaftServer$Division (RaftServerImpl.java:requestVote(1231)) - s0@group-8BCAFE4F30A2 replies to ELECTION vote request: s2<-s0#0:OK-t1. Peer's state: s0@group-8BCAFE4F30A2:t1, leader=null, voted=s2, raftlog=Memoized:s0@group-8BCAFE4F30A2-SegmentedRaftLog:OPENED:c-1, conf=-1: peers:[s0|rpc:localhost:36283|admin:localhost:40863|client:localhost:42803|dataStream:localhost:40907|priority:0|startupRole:FOLLOWER, s1|rpc:localhost:33111|admin:localhost:46017|client:localhost:34605|dataStream:localhost:44937|priority:0|startupRole:FOLLOWER, s2|rpc:localhost:34143|admin:localhost:45987|client:localhost:44949|dataStream:localhost:35207|priority:0|startupRole:FOLLOWER]|listeners:[], old=null
2022-07-23 19:35:42,382 [s2@group-8BCAFE4F30A2-LeaderElection43] INFO  impl.LeaderElection (LeaderElection.java:logAndReturn(90)) - s2@group-8BCAFE4F30A2-LeaderElection43: ELECTION PASSED received 1 response(s) and 0 exception(s):
2022-07-23 19:35:42,382 [s2@group-8BCAFE4F30A2-LeaderElection43] INFO  impl.LeaderElection (LeaderElection.java:logAndReturn(94)) -   Response 0: s2<-s0#0:OK-t1
2022-07-23 19:35:42,382 [s2@group-8BCAFE4F30A2-LeaderElection43] INFO  impl.LeaderElection (LeaderElection.java:askForVotes(312)) - s2@group-8BCAFE4F30A2-LeaderElection43 ELECTION round 0: result PASSED
2022-07-23 19:35:42,382 [s2@group-8BCAFE4F30A2-LeaderElection43] INFO  impl.RoleInfo (RoleInfo.java:shutdownLeaderElection(130)) - s2: shutdown s2@group-8BCAFE4F30A2-LeaderElection43
2022-07-23 19:35:42,382 [s2@group-8BCAFE4F30A2-LeaderElection43] INFO  server.RaftServer$Division (RaftServerImpl.java:setRole(301)) - s2@group-8BCAFE4F30A2: changes role from CANDIDATE to LEADER at term 1 for changeToLeader
2022-07-23 19:35:42,382 [s2@group-8BCAFE4F30A2-LeaderElection43] INFO  server.RaftServer$Division (ServerState.java:setLeader(313)) - s2@group-8BCAFE4F30A2: change Leader from null to s2 at term 1 for becomeLeader, leader elected after 299ms
2022-07-23 19:35:42,382 [s2@group-8BCAFE4F30A2-LeaderElection43] INFO  server.RaftServerConfigKeys (ConfUtils.java:logGet(46)) - raft.server.staging.catchup.gap = 1000 (default)
2022-07-23 19:35:42,382 [s2@group-8BCAFE4F30A2-LeaderElection43] INFO  server.RaftServerConfigKeys (ConfUtils.java:logGet(46)) - raft.server.write.element-limit = 4096 (default)
2022-07-23 19:35:42,382 [s2@group-8BCAFE4F30A2-LeaderElection43] INFO  server.RaftServerConfigKeys (ConfUtils.java:logGet(46)) - raft.server.write.byte-limit = 64MB (=67108864) (default)
2022-07-23 19:35:42,382 [s2@group-8BCAFE4F30A2-LeaderElection43] INFO  server.RaftServerConfigKeys (ConfUtils.java:logGet(46)) - raft.server.watch.timeout = 10s (default)
2022-07-23 19:35:42,382 [s2@group-8BCAFE4F30A2-LeaderElection43] INFO  server.RaftServerConfigKeys (ConfUtils.java:logGet(46)) - raft.server.watch.timeout.denomination = 1s (default)
2022-07-23 19:35:42,382 [s2@group-8BCAFE4F30A2-LeaderElection43] INFO  server.RaftServerConfigKeys (ConfUtils.java:logGet(46)) - raft.server.watch.element-limit = 65536 (default)
2022-07-23 19:35:42,383 [s2@group-8BCAFE4F30A2-LeaderElection43] INFO  server.RaftServerConfigKeys (ConfUtils.java:logGet(46)) - raft.server.write.element-limit = 4096 (default)
2022-07-23 19:35:42,383 [grpc-default-executor-3] INFO  server.RaftServer$Division (RaftServerImpl.java:requestVote(1231)) - s1@group-8BCAFE4F30A2 replies to ELECTION vote request: s2<-s1#0:OK-t1. Peer's state: s1@group-8BCAFE4F30A2:t1, leader=null, voted=s2, raftlog=Memoized:s1@group-8BCAFE4F30A2-SegmentedRaftLog:OPENED:c-1, conf=-1: peers:[s0|rpc:localhost:36283|admin:localhost:40863|client:localhost:42803|dataStream:localhost:40907|priority:0|startupRole:FOLLOWER, s1|rpc:localhost:33111|admin:localhost:46017|client:localhost:34605|dataStream:localhost:44937|priority:0|startupRole:FOLLOWER, s2|rpc:localhost:34143|admin:localhost:45987|client:localhost:44949|dataStream:localhost:35207|priority:0|startupRole:FOLLOWER]|listeners:[], old=null
2022-07-23 19:35:42,383 [s2@group-8BCAFE4F30A2-LeaderElection43] INFO  server.RaftServerConfigKeys (ConfUtils.java:logGet(46)) - raft.server.write.follower.gap.ratio.max = -1.0 (default)
2022-07-23 19:35:42,383 [s2@group-8BCAFE4F30A2-LeaderElection43] INFO  server.RaftServerConfigKeys (ConfUtils.java:logGet(46)) - raft.server.log.appender.snapshot.chunk.size.max = 16MB (=16777216) (default)
2022-07-23 19:35:42,383 [s2@group-8BCAFE4F30A2-LeaderElection43] INFO  server.RaftServerConfigKeys (ConfUtils.java:logGet(46)) - raft.server.log.appender.buffer.byte-limit = 4MB (=4194304) (default)
2022-07-23 19:35:42,383 [s2@group-8BCAFE4F30A2-LeaderElection43] INFO  server.RaftServerConfigKeys (ConfUtils.java:logGet(46)) - raft.server.log.appender.buffer.element-limit = 0 (default)
2022-07-23 19:35:42,383 [s2@group-8BCAFE4F30A2-LeaderElection43] INFO  grpc.GrpcConfigKeys (ConfUtils.java:logGet(46)) - raft.grpc.server.leader.outstanding.appends.max = 128 (default)
2022-07-23 19:35:42,383 [s2@group-8BCAFE4F30A2-LeaderElection43] INFO  server.RaftServerConfigKeys (ConfUtils.java:logGet(46)) - raft.server.rpc.request.timeout = 3000ms (default)
2022-07-23 19:35:42,383 [s2@group-8BCAFE4F30A2-LeaderElection43] INFO  server.RaftServerConfigKeys (ConfUtils.java:logGet(46)) - raft.server.log.appender.install.snapshot.enabled = true (default)
2022-07-23 19:35:42,383 [s2@group-8BCAFE4F30A2-LeaderElection43] INFO  grpc.GrpcConfigKeys (ConfUtils.java:logGet(46)) - raft.grpc.server.heartbeat.channel = true (default)
2022-07-23 19:35:42,384 [s2@group-8BCAFE4F30A2-LeaderElection43] INFO  server.RaftServerConfigKeys (ConfUtils.java:logGet(46)) - raft.server.log.appender.snapshot.chunk.size.max = 16MB (=16777216) (default)
2022-07-23 19:35:42,384 [s2@group-8BCAFE4F30A2-LeaderElection43] INFO  server.RaftServerConfigKeys (ConfUtils.java:logGet(46)) - raft.server.log.appender.buffer.byte-limit = 4MB (=4194304) (default)
2022-07-23 19:35:42,384 [s2@group-8BCAFE4F30A2-LeaderElection43] INFO  server.RaftServerConfigKeys (ConfUtils.java:logGet(46)) - raft.server.log.appender.buffer.element-limit = 0 (default)
2022-07-23 19:35:42,384 [s2@group-8BCAFE4F30A2-LeaderElection43] INFO  grpc.GrpcConfigKeys (ConfUtils.java:logGet(46)) - raft.grpc.server.leader.outstanding.appends.max = 128 (default)
2022-07-23 19:35:42,384 [s2@group-8BCAFE4F30A2-LeaderElection43] INFO  server.RaftServerConfigKeys (ConfUtils.java:logGet(46)) - raft.server.rpc.request.timeout = 3000ms (default)
2022-07-23 19:35:42,384 [s2@group-8BCAFE4F30A2-LeaderElection43] INFO  server.RaftServerConfigKeys (ConfUtils.java:logGet(46)) - raft.server.log.appender.install.snapshot.enabled = true (default)
2022-07-23 19:35:42,384 [s2@group-8BCAFE4F30A2-LeaderElection43] INFO  grpc.GrpcConfigKeys (ConfUtils.java:logGet(46)) - raft.grpc.server.heartbeat.channel = true (default)
2022-07-23 19:35:42,384 [s2@group-8BCAFE4F30A2-LeaderElection43] INFO  impl.RoleInfo (RoleInfo.java:updateAndGet(139)) - s2: start s2@group-8BCAFE4F30A2-LeaderStateImpl
2022-07-23 19:35:42,384 [s2@group-8BCAFE4F30A2-LeaderElection43] INFO  segmented.SegmentedRaftLogWorker (SegmentedRaftLogWorker.java:startLogSegment(425)) - s2@group-8BCAFE4F30A2-SegmentedRaftLogWorker: Starting segment from index:0
2022-07-23 19:35:42,388 [s2@group-8BCAFE4F30A2-LeaderElection43] INFO  server.RaftServer$Division (ServerState.java:setRaftConf(429)) - s2@group-8BCAFE4F30A2: set configuration 0: peers:[s0|rpc:localhost:36283|admin:localhost:40863|client:localhost:42803|dataStream:localhost:40907|priority:0|startupRole:FOLLOWER, s1|rpc:localhost:33111|admin:localhost:46017|client:localhost:34605|dataStream:localhost:44937|priority:0|startupRole:FOLLOWER, s2|rpc:localhost:34143|admin:localhost:45987|client:localhost:44949|dataStream:localhost:35207|priority:0|startupRole:FOLLOWER]|listeners:[], old=null
2022-07-23 19:35:42,394 [s0@group-1D19F5312903-FollowerState] INFO  impl.FollowerState (FollowerState.java:run(143)) - s0@group-1D19F5312903-FollowerState: change to CANDIDATE, lastRpcElapsedTime:156498176ns, electionTimeout:156ms
2022-07-23 19:35:42,394 [s0@group-1D19F5312903-FollowerState] INFO  impl.RoleInfo (RoleInfo.java:shutdownFollowerState(110)) - s0: shutdown s0@group-1D19F5312903-FollowerState
2022-07-23 19:35:42,394 [s0@group-1D19F5312903-FollowerState] INFO  server.RaftServer$Division (RaftServerImpl.java:setRole(301)) - s0@group-1D19F5312903: changes role from  FOLLOWER to CANDIDATE at term 1 for changeToCandidate
2022-07-23 19:35:42,394 [s2@group-8BCAFE4F30A2-SegmentedRaftLogWorker] INFO  segmented.SegmentedRaftLogWorker (SegmentedRaftLogWorker.java:execute(629)) - s2@group-8BCAFE4F30A2-SegmentedRaftLogWorker: created new log segment /home/runner/work/ratis/ratis/ratis-test/target/test/data/11cf776f/MiniRaftClusterWithGrpcd878d3f8/s2/94c5e177-627a-4ab6-8b9e-8bcafe4f30a2/current/log_inprogress_0
2022-07-23 19:35:42,395 [s0@group-1D19F5312903-FollowerState] INFO  server.RaftServerConfigKeys (ConfUtils.java:logGet(46)) - raft.server.leaderelection.pre-vote = true (default)
2022-07-23 19:35:42,395 [s0@group-1D19F5312903-FollowerState] INFO  impl.RoleInfo (RoleInfo.java:updateAndGet(139)) - s0: start s0@group-1D19F5312903-LeaderElection44
2022-07-23 19:35:42,399 [s0@group-1D19F5312903-LeaderElection44] INFO  impl.LeaderElection (LeaderElection.java:askForVotes(310)) - s0@group-1D19F5312903-LeaderElection44 PRE_VOTE round 0: submit vote requests at term 1 for 0: peers:[s0|rpc:localhost:33053|admin:localhost:34833|client:localhost:45065|dataStream:localhost:40973|priority:0|startupRole:FOLLOWER, s1|rpc:localhost:37337|admin:localhost:46639|client:localhost:33239|dataStream:localhost:44379|priority:0|startupRole:FOLLOWER, s2|rpc:localhost:36285|admin:localhost:33785|client:localhost:35753|dataStream:localhost:36721|priority:0|startupRole:FOLLOWER]|listeners:[], old=null
2022-07-23 19:35:42,400 [s0@group-1D19F5312903-LeaderElection44] INFO  impl.LeaderElection (LogUtils.java:infoOrTrace(137)) - s0@group-1D19F5312903-LeaderElection44 got exception when requesting votes: java.util.concurrent.ExecutionException: org.apache.ratis.thirdparty.io.grpc.StatusRuntimeException: UNAVAILABLE: io exception
2022-07-23 19:35:42,402 [s0-server-thread1] DEBUG server.RaftServer$Division (RaftServerImpl.java:logAppendEntries(1305)) - s0@group-8BCAFE4F30A2: receive appendEntries(s2, 1, null, 0, true, commits:[s2:c0, s0:c-1, s1:c-1], cId:1, entries: (t:1, i:0), CONFIGURATIONENTRY(current:id: "s0"
address: "localhost:36283"
dataStreamAddress: "localhost:40907"
clientAddress: "localhost:42803"
adminAddress: "localhost:40863"
startupRole: FOLLOWER
,id: "s1"
address: "localhost:33111"
dataStreamAddress: "localhost:44937"
clientAddress: "localhost:34605"
adminAddress: "localhost:46017"
startupRole: FOLLOWER
,id: "s2"
address: "localhost:34143"
dataStreamAddress: "localhost:35207"
clientAddress: "localhost:44949"
adminAddress: "localhost:45987"
startupRole: FOLLOWER
, old:)
2022-07-23 19:35:42,407 [s0@group-1D19F5312903-LeaderElection44] INFO  impl.LeaderElection (LogUtils.java:infoOrTrace(137)) - s0@group-1D19F5312903-LeaderElection44 got exception when requesting votes: java.util.concurrent.ExecutionException: org.apache.ratis.thirdparty.io.grpc.StatusRuntimeException: UNAVAILABLE: io exception
2022-07-23 19:35:42,407 [s0@group-1D19F5312903-LeaderElection44] INFO  impl.LeaderElection (LeaderElection.java:logAndReturn(90)) - s0@group-1D19F5312903-LeaderElection44: PRE_VOTE REJECTED received 0 response(s) and 2 exception(s):
2022-07-23 19:35:42,407 [s0@group-1D19F5312903-LeaderElection44] INFO  impl.LeaderElection (LogUtils.java:infoOrTrace(137)) -   Exception 0: java.util.concurrent.ExecutionException: org.apache.ratis.thirdparty.io.grpc.StatusRuntimeException: UNAVAILABLE: io exception
2022-07-23 19:35:42,407 [s0@group-1D19F5312903-LeaderElection44] INFO  impl.LeaderElection (LogUtils.java:infoOrTrace(137)) -   Exception 1: java.util.concurrent.ExecutionException: org.apache.ratis.thirdparty.io.grpc.StatusRuntimeException: UNAVAILABLE: io exception
2022-07-23 19:35:42,407 [s0@group-1D19F5312903-LeaderElection44] INFO  impl.LeaderElection (LeaderElection.java:askForVotes(312)) - s0@group-1D19F5312903-LeaderElection44 PRE_VOTE round 0: result REJECTED
2022-07-23 19:35:42,407 [s0@group-1D19F5312903-LeaderElection44] INFO  server.RaftServer$Division (RaftServerImpl.java:setRole(301)) - s0@group-1D19F5312903: changes role from CANDIDATE to FOLLOWER at term 1 for REJECTED
2022-07-23 19:35:42,407 [s0@group-1D19F5312903-LeaderElection44] INFO  impl.RoleInfo (RoleInfo.java:shutdownLeaderElection(130)) - s0: shutdown s0@group-1D19F5312903-LeaderElection44
2022-07-23 19:35:42,407 [s0@group-1D19F5312903-LeaderElection44] INFO  impl.RoleInfo (RoleInfo.java:updateAndGet(139)) - s0: start s0@group-1D19F5312903-FollowerState
2022-07-23 19:35:42,407 [s0-server-thread1] INFO  server.RaftServer$Division (ServerState.java:setLeader(313)) - s0@group-8BCAFE4F30A2: change Leader from null to s2 at term 1 for appendEntries, leader elected after 331ms
2022-07-23 19:35:42,410 [s1-server-thread1] INFO  server.RaftServer$Division (ServerState.java:setLeader(313)) - s1@group-8BCAFE4F30A2: change Leader from null to s2 at term 1 for appendEntries, leader elected after 329ms
2022-07-23 19:35:42,412 [s0-server-thread1] INFO  server.RaftServer$Division (ServerState.java:setRaftConf(429)) - s0@group-8BCAFE4F30A2: set configuration 0: peers:[s0|rpc:localhost:36283|admin:localhost:40863|client:localhost:42803|dataStream:localhost:40907|priority:0|startupRole:FOLLOWER, s1|rpc:localhost:33111|admin:localhost:46017|client:localhost:34605|dataStream:localhost:44937|priority:0|startupRole:FOLLOWER, s2|rpc:localhost:34143|admin:localhost:45987|client:localhost:44949|dataStream:localhost:35207|priority:0|startupRole:FOLLOWER]|listeners:[], old=null
2022-07-23 19:35:42,412 [s0-server-thread1] INFO  segmented.SegmentedRaftLogWorker (SegmentedRaftLogWorker.java:startLogSegment(425)) - s0@group-8BCAFE4F30A2-SegmentedRaftLogWorker: Starting segment from index:0
2022-07-23 19:35:42,412 [s1-server-thread2] DEBUG server.RaftServer$Division (RaftServerImpl.java:logAppendEntries(1305)) - s1@group-8BCAFE4F30A2: receive appendEntries(s2, 1, null, 0, true, commits:[s2:c0, s0:c-1, s1:c-1], cId:1, entries: (t:1, i:0), CONFIGURATIONENTRY(current:id: "s0"
address: "localhost:36283"
dataStreamAddress: "localhost:40907"
clientAddress: "localhost:42803"
adminAddress: "localhost:40863"
startupRole: FOLLOWER
,id: "s1"
address: "localhost:33111"
dataStreamAddress: "localhost:44937"
clientAddress: "localhost:34605"
adminAddress: "localhost:46017"
startupRole: FOLLOWER
,id: "s2"
address: "localhost:34143"
dataStreamAddress: "localhost:35207"
clientAddress: "localhost:44949"
adminAddress: "localhost:45987"
startupRole: FOLLOWER
, old:)
2022-07-23 19:35:42,419 [s1-server-thread2] INFO  server.RaftServer$Division (ServerState.java:setRaftConf(429)) - s1@group-8BCAFE4F30A2: set configuration 0: peers:[s0|rpc:localhost:36283|admin:localhost:40863|client:localhost:42803|dataStream:localhost:40907|priority:0|startupRole:FOLLOWER, s1|rpc:localhost:33111|admin:localhost:46017|client:localhost:34605|dataStream:localhost:44937|priority:0|startupRole:FOLLOWER, s2|rpc:localhost:34143|admin:localhost:45987|client:localhost:44949|dataStream:localhost:35207|priority:0|startupRole:FOLLOWER]|listeners:[], old=null
2022-07-23 19:35:42,419 [s1-server-thread2] INFO  segmented.SegmentedRaftLogWorker (SegmentedRaftLogWorker.java:startLogSegment(425)) - s1@group-8BCAFE4F30A2-SegmentedRaftLogWorker: Starting segment from index:0
2022-07-23 19:35:42,423 [s0@group-8BCAFE4F30A2-SegmentedRaftLogWorker] INFO  segmented.SegmentedRaftLogWorker (SegmentedRaftLogWorker.java:execute(629)) - s0@group-8BCAFE4F30A2-SegmentedRaftLogWorker: created new log segment /home/runner/work/ratis/ratis/ratis-test/target/test/data/11cf776f/MiniRaftClusterWithGrpcd878d3f8/s0/94c5e177-627a-4ab6-8b9e-8bcafe4f30a2/current/log_inprogress_0
2022-07-23 19:35:42,427 [Thread-9710] DEBUG server.RaftServer$Division (RaftServerImpl.java:logAppendEntries(1305)) - s0@group-8BCAFE4F30A2: succeeded to handle AppendEntries. Reply: s2<-s0#1:OK-t1,SUCCESS,nextIndex=1,followerCommit=0,matchIndex=0
2022-07-23 19:35:42,435 [s1@group-8BCAFE4F30A2-SegmentedRaftLogWorker] INFO  segmented.SegmentedRaftLogWorker (SegmentedRaftLogWorker.java:execute(629)) - s1@group-8BCAFE4F30A2-SegmentedRaftLogWorker: created new log segment /home/runner/work/ratis/ratis/ratis-test/target/test/data/11cf776f/MiniRaftClusterWithGrpcd878d3f8/s1/94c5e177-627a-4ab6-8b9e-8bcafe4f30a2/current/log_inprogress_0
2022-07-23 19:35:42,438 [Thread-9711] DEBUG server.RaftServer$Division (RaftServerImpl.java:logAppendEntries(1305)) - s1@group-8BCAFE4F30A2: succeeded to handle AppendEntries. Reply: s2<-s1#1:OK-t1,SUCCESS,nextIndex=1,followerCommit=0,matchIndex=0
2022-07-23 19:35:42,557 [Time-limited test] INFO  ratis.RaftTestUtil (RaftTestUtil.java:waitForLeader(119)) - printing ALL groups
  s0:  RUNNING  FOLLOWER s0@group-8BCAFE4F30A2:t1, leader=s2, voted=s2, raftlog=Memoized:s0@group-8BCAFE4F30A2-SegmentedRaftLog:OPENED:c0, conf=0: peers:[s0|rpc:localhost:36283|admin:localhost:40863|client:localhost:42803|dataStream:localhost:40907|priority:0|startupRole:FOLLOWER, s1|rpc:localhost:33111|admin:localhost:46017|client:localhost:34605|dataStream:localhost:44937|priority:0|startupRole:FOLLOWER, s2|rpc:localhost:34143|admin:localhost:45987|client:localhost:44949|dataStream:localhost:35207|priority:0|startupRole:FOLLOWER]|listeners:[], old=null RUNNING
  s1:  RUNNING  FOLLOWER s1@group-8BCAFE4F30A2:t1, leader=s2, voted=s2, raftlog=Memoized:s1@group-8BCAFE4F30A2-SegmentedRaftLog:OPENED:c0, conf=0: peers:[s0|rpc:localhost:36283|admin:localhost:40863|client:localhost:42803|dataStream:localhost:40907|priority:0|startupRole:FOLLOWER, s1|rpc:localhost:33111|admin:localhost:46017|client:localhost:34605|dataStream:localhost:44937|priority:0|startupRole:FOLLOWER, s2|rpc:localhost:34143|admin:localhost:45987|client:localhost:44949|dataStream:localhost:35207|priority:0|startupRole:FOLLOWER]|listeners:[], old=null RUNNING
  s2:  RUNNING    LEADER s2@group-8BCAFE4F30A2:t1, leader=s2, voted=s2, raftlog=Memoized:s2@group-8BCAFE4F30A2-SegmentedRaftLog:OPENED:c0, conf=0: peers:[s0|rpc:localhost:36283|admin:localhost:40863|client:localhost:42803|dataStream:localhost:40907|priority:0|startupRole:FOLLOWER, s1|rpc:localhost:33111|admin:localhost:46017|client:localhost:34605|dataStream:localhost:44937|priority:0|startupRole:FOLLOWER, s2|rpc:localhost:34143|admin:localhost:45987|client:localhost:44949|dataStream:localhost:35207|priority:0|startupRole:FOLLOWER]|listeners:[], old=null RUNNING
2022-07-23 19:35:42,557 [Time-limited test] INFO  grpc.TestRaftAsyncWithGrpc (RaftAsyncTests.java:runTestCheckLeadershipFailure(426)) - Previous Leader is elected on term 1
2022-07-23 19:35:42,557 [Time-limited test] DEBUG client.RaftClient (ConfUtils.java:logGet(46)) - raft.rpc.type = GRPC (default)
2022-07-23 19:35:42,562 [s0-client-thread1] DEBUG server.RaftServer$Division (RaftServerImpl.java:submitClientRequestAsync(803)) - s0@group-8BCAFE4F30A2: receive client request(RaftClientRequest:client-9484591C4642->s0@group-8BCAFE4F30A2, cid=2876, seq=1*, RW, Message:616263)
2022-07-23 19:35:42,563 [grpc-default-executor-3] DEBUG client.RaftClient (RaftClientImpl.java:handleIOException(366)) - client-9484591C4642: suggested new leader: s2. Failed RaftClientRequest:client-9484591C4642->s0@group-8BCAFE4F30A2, cid=2876, seq=1*, RW, abc with {}
org.apache.ratis.protocol.exceptions.NotLeaderException: Server s0@group-8BCAFE4F30A2 is not the leader s2|rpc:localhost:34143|admin:localhost:45987|client:localhost:44949|dataStream:localhost:35207|priority:0|startupRole:FOLLOWER
	at org.apache.ratis.client.impl.ClientProtoUtils.toRaftClientReply(ClientProtoUtils.java:378)
	at org.apache.ratis.grpc.client.GrpcClientProtocolClient$AsyncStreamObservers$1.onNext(GrpcClientProtocolClient.java:321)
	at org.apache.ratis.grpc.client.GrpcClientProtocolClient$AsyncStreamObservers$1.onNext(GrpcClientProtocolClient.java:316)
	at org.apache.ratis.thirdparty.io.grpc.stub.ClientCalls$StreamObserverToCallListenerAdapter.onMessage(ClientCalls.java:466)
	at org.apache.ratis.thirdparty.io.grpc.ForwardingClientCallListener.onMessage(ForwardingClientCallListener.java:33)
	at org.apache.ratis.thirdparty.io.grpc.internal.ClientCallImpl$ClientStreamListenerImpl$1MessagesAvailable.runInternal(ClientCallImpl.java:661)
	at org.apache.ratis.thirdparty.io.grpc.internal.ClientCallImpl$ClientStreamListenerImpl$1MessagesAvailable.runInContext(ClientCallImpl.java:646)
	at org.apache.ratis.thirdparty.io.grpc.internal.ContextRunnable.run(ContextRunnable.java:37)
	at org.apache.ratis.thirdparty.io.grpc.internal.SerializingExecutor.run(SerializingExecutor.java:133)
	at java.util.concurrent.ThreadPoolExecutor.runWorker(ThreadPoolExecutor.java:1149)
	at java.util.concurrent.ThreadPoolExecutor$Worker.run(ThreadPoolExecutor.java:624)
	at java.lang.Thread.run(Thread.java:750)
2022-07-23 19:35:42,563 [grpc-default-executor-3] DEBUG client.RaftClient (RaftClientImpl.java:handleIOException(385)) - client-9484591C4642: oldLeader=s0,  curLeader=s0, newLeader=s2
2022-07-23 19:35:42,563 [grpc-default-executor-3] DEBUG client.RaftClient (RaftClientImpl.java:handleIOException(391)) - group-8BCAFE4F30A2 client-9484591C4642: client change Leader from s0 to s2 ex=org.apache.ratis.protocol.exceptions.NotLeaderException
2022-07-23 19:35:42,567 [s2-client-thread1] DEBUG server.RaftServer$Division (RaftServerImpl.java:submitClientRequestAsync(803)) - s2@group-8BCAFE4F30A2: receive client request(RaftClientRequest:client-9484591C4642->s2@group-8BCAFE4F30A2, cid=2876, seq=1*, RW, Message:616263)
2022-07-23 19:35:42,568 [s2-client-thread1] DEBUG server.RaftServer$Division (LeaderStateImpl.java:addPendingRequest(401)) - s2@group-8BCAFE4F30A2-LeaderStateImpl: addPendingRequest at RaftClientRequest:client-9484591C4642->s2@group-8BCAFE4F30A2, cid=2876, seq=1*, RW, Message:616263, entry=(t:1, i:1), STATEMACHINELOGENTRY, 2876@client-9484591C4642
2022-07-23 19:35:42,568 [s0-server-thread2] DEBUG server.RaftServer$Division (RaftServerImpl.java:logAppendEntries(1305)) - s0@group-8BCAFE4F30A2: receive appendEntries(s2, 1, (t:1, i:0), 0, true, commits:[s2:c0, s0:c0, s1:c0], cId:6, entries: (t:1, i:1), STATEMACHINELOGENTRY, 2876@client-9484591C4642
2022-07-23 19:35:42,568 [s0-server-thread2] INFO  util.CodeInjectionForTesting (DelayLocalExecutionInjection.java:execute(65)) - s0 delay 1000 ms, args=[]
2022-07-23 19:35:42,568 [s1-server-thread1] DEBUG server.RaftServer$Division (RaftServerImpl.java:logAppendEntries(1305)) - s1@group-8BCAFE4F30A2: receive appendEntries(s2, 1, (t:1, i:0), 0, true, commits:[s2:c0, s0:c0, s1:c0], cId:8, entries: (t:1, i:1), STATEMACHINELOGENTRY, 2876@client-9484591C4642
2022-07-23 19:35:42,569 [s1-server-thread1] INFO  util.CodeInjectionForTesting (DelayLocalExecutionInjection.java:execute(65)) - s1 delay 1000 ms, args=[]
2022-07-23 19:35:42,579 [s0-server-thread1] INFO  util.CodeInjectionForTesting (DelayLocalExecutionInjection.java:execute(65)) - s0 delay 1000 ms, args=[]
2022-07-23 19:35:42,590 [s1-server-thread2] INFO  util.CodeInjectionForTesting (DelayLocalExecutionInjection.java:execute(65)) - s1 delay 1000 ms, args=[]
2022-07-23 19:35:42,600 [s0@group-1D19F5312903-FollowerState] INFO  impl.FollowerState (FollowerState.java:run(143)) - s0@group-1D19F5312903-FollowerState: change to CANDIDATE, lastRpcElapsedTime:192453515ns, electionTimeout:192ms
2022-07-23 19:35:42,600 [s0@group-1D19F5312903-FollowerState] INFO  impl.RoleInfo (RoleInfo.java:shutdownFollowerState(110)) - s0: shutdown s0@group-1D19F5312903-FollowerState
2022-07-23 19:35:42,600 [s0@group-1D19F5312903-FollowerState] INFO  server.RaftServer$Division (RaftServerImpl.java:setRole(301)) - s0@group-1D19F5312903: changes role from  FOLLOWER to CANDIDATE at term 1 for changeToCandidate
2022-07-23 19:35:42,600 [s0@group-1D19F5312903-FollowerState] INFO  server.RaftServerConfigKeys (ConfUtils.java:logGet(46)) - raft.server.leaderelection.pre-vote = true (default)
2022-07-23 19:35:42,600 [s0@group-1D19F5312903-FollowerState] INFO  impl.RoleInfo (RoleInfo.java:updateAndGet(139)) - s0: start s0@group-1D19F5312903-LeaderElection45
2022-07-23 19:35:42,600 [s0@group-1D19F5312903-LeaderElection45] INFO  impl.LeaderElection (LeaderElection.java:askForVotes(310)) - s0@group-1D19F5312903-LeaderElection45 PRE_VOTE round 0: submit vote requests at term 1 for 0: peers:[s0|rpc:localhost:33053|admin:localhost:34833|client:localhost:45065|dataStream:localhost:40973|priority:0|startupRole:FOLLOWER, s1|rpc:localhost:37337|admin:localhost:46639|client:localhost:33239|dataStream:localhost:44379|priority:0|startupRole:FOLLOWER, s2|rpc:localhost:36285|admin:localhost:33785|client:localhost:35753|dataStream:localhost:36721|priority:0|startupRole:FOLLOWER]|listeners:[], old=null
2022-07-23 19:35:42,601 [s0@group-1D19F5312903-LeaderElection45] INFO  impl.LeaderElection (LogUtils.java:infoOrTrace(137)) - s0@group-1D19F5312903-LeaderElection45 got exception when requesting votes: java.util.concurrent.ExecutionException: org.apache.ratis.thirdparty.io.grpc.StatusRuntimeException: UNAVAILABLE: io exception
2022-07-23 19:35:42,601 [s0@group-1D19F5312903-LeaderElection45] INFO  impl.LeaderElection (LogUtils.java:infoOrTrace(137)) - s0@group-1D19F5312903-LeaderElection45 got exception when requesting votes: java.util.concurrent.ExecutionException: org.apache.ratis.thirdparty.io.grpc.StatusRuntimeException: UNAVAILABLE: io exception
2022-07-23 19:35:42,601 [s0@group-1D19F5312903-LeaderElection45] INFO  impl.LeaderElection (LeaderElection.java:logAndReturn(90)) - s0@group-1D19F5312903-LeaderElection45: PRE_VOTE REJECTED received 0 response(s) and 2 exception(s):
2022-07-23 19:35:42,601 [s0@group-1D19F5312903-LeaderElection45] INFO  impl.LeaderElection (LogUtils.java:infoOrTrace(137)) -   Exception 0: java.util.concurrent.ExecutionException: org.apache.ratis.thirdparty.io.grpc.StatusRuntimeException: UNAVAILABLE: io exception
2022-07-23 19:35:42,601 [s0@group-1D19F5312903-LeaderElection45] INFO  impl.LeaderElection (LogUtils.java:infoOrTrace(137)) -   Exception 1: java.util.concurrent.ExecutionException: org.apache.ratis.thirdparty.io.grpc.StatusRuntimeException: UNAVAILABLE: io exception
2022-07-23 19:35:42,601 [s0@group-1D19F5312903-LeaderElection45] INFO  impl.LeaderElection (LeaderElection.java:askForVotes(312)) - s0@group-1D19F5312903-LeaderElection45 PRE_VOTE round 0: result REJECTED
2022-07-23 19:35:42,601 [s0@group-1D19F5312903-LeaderElection45] INFO  server.RaftServer$Division (RaftServerImpl.java:setRole(301)) - s0@group-1D19F5312903: changes role from CANDIDATE to FOLLOWER at term 1 for REJECTED
2022-07-23 19:35:42,601 [s0@group-1D19F5312903-LeaderElection45] INFO  impl.RoleInfo (RoleInfo.java:shutdownLeaderElection(130)) - s0: shutdown s0@group-1D19F5312903-LeaderElection45
2022-07-23 19:35:42,601 [s0@group-1D19F5312903-LeaderElection45] INFO  impl.RoleInfo (RoleInfo.java:updateAndGet(139)) - s0: start s0@group-1D19F5312903-FollowerState
2022-07-23 19:35:42,868 [s2@group-8BCAFE4F30A2-LeaderStateImpl] WARN  server.RaftServer$Division (LeaderStateImpl.java:checkLeadership(1020)) - s2@group-8BCAFE4F30A2-LeaderStateImpl: Lost leadership on term: 1. Election timeout: 300ms. In charge for: 486ms. Conf: 0: peers:[s0|rpc:localhost:36283|admin:localhost:40863|client:localhost:42803|dataStream:localhost:40907|priority:0|startupRole:FOLLOWER, s1|rpc:localhost:33111|admin:localhost:46017|client:localhost:34605|dataStream:localhost:44937|priority:0|startupRole:FOLLOWER, s2|rpc:localhost:34143|admin:localhost:45987|client:localhost:44949|dataStream:localhost:35207|priority:0|startupRole:FOLLOWER]|listeners:[], old=null
2022-07-23 19:35:42,869 [s2@group-8BCAFE4F30A2-LeaderStateImpl] WARN  server.RaftServer$Division (LeaderStateImpl.java:lambda$checkLeadership$17(1024)) - Follower s2@group-8BCAFE4F30A2->s0(c0,m0,n2, attendVote=true, lastRpcSendTime=26, lastRpcResponseTime=364)
2022-07-23 19:35:42,869 [s2@group-8BCAFE4F30A2-LeaderStateImpl] WARN  server.RaftServer$Division (LeaderStateImpl.java:lambda$checkLeadership$17(1024)) - Follower s2@group-8BCAFE4F30A2->s1(c0,m0,n2, attendVote=true, lastRpcSendTime=16, lastRpcResponseTime=354)
2022-07-23 19:35:42,869 [s2@group-8BCAFE4F30A2-LeaderStateImpl] INFO  server.RaftServer$Division (RaftServerImpl.java:setRole(301)) - s2@group-8BCAFE4F30A2: changes role from    LEADER to FOLLOWER at term 1 for StepDownReason:LOST_MAJORITY_HEARTBEATS
2022-07-23 19:35:42,869 [s2@group-8BCAFE4F30A2-LeaderStateImpl] INFO  impl.RoleInfo (RoleInfo.java:shutdownLeaderState(93)) - s2: shutdown s2@group-8BCAFE4F30A2-LeaderStateImpl
2022-07-23 19:35:42,869 [s2@group-8BCAFE4F30A2->s0-GrpcLogAppender-LogAppenderDaemon] WARN  server.GrpcLogAppender (GrpcLogAppender.java:mayWait(183)) - s2@group-8BCAFE4F30A2->s0-GrpcLogAppender: Wait interrupted by java.lang.InterruptedException
2022-07-23 19:35:42,869 [s2@group-8BCAFE4F30A2->s1-GrpcLogAppender-LogAppenderDaemon] WARN  server.GrpcLogAppender (GrpcLogAppender.java:mayWait(183)) - s2@group-8BCAFE4F30A2->s1-GrpcLogAppender: Wait interrupted by java.lang.InterruptedException
2022-07-23 19:35:42,869 [s2@group-8BCAFE4F30A2-LeaderStateImpl] INFO  impl.PendingRequests (PendingRequests.java:sendNotLeaderResponses(282)) - s2@group-8BCAFE4F30A2-PendingRequests: sendNotLeaderResponses
2022-07-23 19:35:42,871 [s2@group-8BCAFE4F30A2-LeaderStateImpl] INFO  impl.RoleInfo (RoleInfo.java:updateAndGet(139)) - s2: start s2@group-8BCAFE4F30A2-FollowerState
2022-07-23 19:35:42,872 [grpc-default-executor-15] DEBUG client.RaftClient (RaftClientImpl.java:handleIOException(366)) - client-9484591C4642: suggested new leader: null. Failed RaftClientRequest:client-9484591C4642->s2@group-8BCAFE4F30A2, cid=2876, seq=1*, RW, abc with {}
org.apache.ratis.protocol.exceptions.AlreadyClosedException: client-9484591C4642->s2: Stream completed: no reply for async request cid=2876
	at org.apache.ratis.grpc.client.GrpcClientProtocolClient$AsyncStreamObservers.completeReplyExceptionally(GrpcClientProtocolClient.java:407)
	at org.apache.ratis.grpc.client.GrpcClientProtocolClient$AsyncStreamObservers.access$000(GrpcClientProtocolClient.java:311)
	at org.apache.ratis.grpc.client.GrpcClientProtocolClient$AsyncStreamObservers$1.onCompleted(GrpcClientProtocolClient.java:347)
	at org.apache.ratis.thirdparty.io.grpc.stub.ClientCalls$StreamObserverToCallListenerAdapter.onClose(ClientCalls.java:477)
	at org.apache.ratis.thirdparty.io.grpc.PartialForwardingClientCallListener.onClose(PartialForwardingClientCallListener.java:39)
	at org.apache.ratis.thirdparty.io.grpc.ForwardingClientCallListener.onClose(ForwardingClientCallListener.java:23)
	at org.apache.ratis.grpc.metrics.intercept.client.MetricClientCallListener.onClose(MetricClientCallListener.java:47)
	at org.apache.ratis.thirdparty.io.grpc.internal.DelayedClientCall$DelayedListener$3.run(DelayedClientCall.java:463)
	at org.apache.ratis.thirdparty.io.grpc.internal.DelayedClientCall$DelayedListener.delayOrExecute(DelayedClientCall.java:427)
	at org.apache.ratis.thirdparty.io.grpc.internal.DelayedClientCall$DelayedListener.onClose(DelayedClientCall.java:460)
	at org.apache.ratis.thirdparty.io.grpc.internal.ClientCallImpl.closeObserver(ClientCallImpl.java:562)
	at org.apache.ratis.thirdparty.io.grpc.internal.ClientCallImpl.access$300(ClientCallImpl.java:70)
	at org.apache.ratis.thirdparty.io.grpc.internal.ClientCallImpl$ClientStreamListenerImpl$1StreamClosed.runInternal(ClientCallImpl.java:743)
	at org.apache.ratis.thirdparty.io.grpc.internal.ClientCallImpl$ClientStreamListenerImpl$1StreamClosed.runInContext(ClientCallImpl.java:722)
	at org.apache.ratis.thirdparty.io.grpc.internal.ContextRunnable.run(ContextRunnable.java:37)
	at org.apache.ratis.thirdparty.io.grpc.internal.SerializingExecutor.run(SerializingExecutor.java:133)
	at java.util.concurrent.ThreadPoolExecutor.runWorker(ThreadPoolExecutor.java:1149)
	at java.util.concurrent.ThreadPoolExecutor$Worker.run(ThreadPoolExecutor.java:624)
	at java.lang.Thread.run(Thread.java:750)
2022-07-23 19:35:42,872 [grpc-default-executor-15] DEBUG client.RaftClient (RaftClientImpl.java:handleIOException(385)) - client-9484591C4642: oldLeader=s2,  curLeader=s2, newLeader=s0
2022-07-23 19:35:42,872 [grpc-default-executor-15] DEBUG client.RaftClient (RaftClientImpl.java:handleIOException(391)) - group-8BCAFE4F30A2 client-9484591C4642: client change Leader from s2 to s0 ex=org.apache.ratis.protocol.exceptions.AlreadyClosedException
2022-07-23 19:35:42,873 [s0@group-1D19F5312903-FollowerState] INFO  impl.FollowerState (FollowerState.java:run(143)) - s0@group-1D19F5312903-FollowerState: change to CANDIDATE, lastRpcElapsedTime:271382659ns, electionTimeout:270ms
2022-07-23 19:35:42,873 [s0@group-1D19F5312903-FollowerState] INFO  impl.RoleInfo (RoleInfo.java:shutdownFollowerState(110)) - s0: shutdown s0@group-1D19F5312903-FollowerState
2022-07-23 19:35:42,873 [s0@group-1D19F5312903-FollowerState] INFO  server.RaftServer$Division (RaftServerImpl.java:setRole(301)) - s0@group-1D19F5312903: changes role from  FOLLOWER to CANDIDATE at term 1 for changeToCandidate
2022-07-23 19:35:42,873 [s0@group-1D19F5312903-FollowerState] INFO  server.RaftServerConfigKeys (ConfUtils.java:logGet(46)) - raft.server.leaderelection.pre-vote = true (default)
2022-07-23 19:35:42,873 [s0@group-1D19F5312903-FollowerState] INFO  impl.RoleInfo (RoleInfo.java:updateAndGet(139)) - s0: start s0@group-1D19F5312903-LeaderElection46
2022-07-23 19:35:42,874 [s0@group-1D19F5312903-LeaderElection46] INFO  impl.LeaderElection (LeaderElection.java:askForVotes(310)) - s0@group-1D19F5312903-LeaderElection46 PRE_VOTE round 0: submit vote requests at term 1 for 0: peers:[s0|rpc:localhost:33053|admin:localhost:34833|client:localhost:45065|dataStream:localhost:40973|priority:0|startupRole:FOLLOWER, s1|rpc:localhost:37337|admin:localhost:46639|client:localhost:33239|dataStream:localhost:44379|priority:0|startupRole:FOLLOWER, s2|rpc:localhost:36285|admin:localhost:33785|client:localhost:35753|dataStream:localhost:36721|priority:0|startupRole:FOLLOWER]|listeners:[], old=null
2022-07-23 19:35:42,874 [s0@group-1D19F5312903-LeaderElection46] INFO  impl.LeaderElection (LogUtils.java:infoOrTrace(137)) - s0@group-1D19F5312903-LeaderElection46 got exception when requesting votes: java.util.concurrent.ExecutionException: org.apache.ratis.thirdparty.io.grpc.StatusRuntimeException: UNAVAILABLE: io exception
2022-07-23 19:35:42,874 [s0@group-1D19F5312903-LeaderElection46] INFO  impl.LeaderElection (LogUtils.java:infoOrTrace(137)) - s0@group-1D19F5312903-LeaderElection46 got exception when requesting votes: java.util.concurrent.ExecutionException: org.apache.ratis.thirdparty.io.grpc.StatusRuntimeException: UNAVAILABLE: io exception
2022-07-23 19:35:42,874 [s0@group-1D19F5312903-LeaderElection46] INFO  impl.LeaderElection (LeaderElection.java:logAndReturn(90)) - s0@group-1D19F5312903-LeaderElection46: PRE_VOTE REJECTED received 0 response(s) and 2 exception(s):
2022-07-23 19:35:42,874 [s0@group-1D19F5312903-LeaderElection46] INFO  impl.LeaderElection (LogUtils.java:infoOrTrace(137)) -   Exception 0: java.util.concurrent.ExecutionException: org.apache.ratis.thirdparty.io.grpc.StatusRuntimeException: UNAVAILABLE: io exception
2022-07-23 19:35:42,874 [s0@group-1D19F5312903-LeaderElection46] INFO  impl.LeaderElection (LogUtils.java:infoOrTrace(137)) -   Exception 1: java.util.concurrent.ExecutionException: org.apache.ratis.thirdparty.io.grpc.StatusRuntimeException: UNAVAILABLE: io exception
2022-07-23 19:35:42,875 [s0@group-1D19F5312903-LeaderElection46] INFO  impl.LeaderElection (LeaderElection.java:askForVotes(312)) - s0@group-1D19F5312903-LeaderElection46 PRE_VOTE round 0: result REJECTED
2022-07-23 19:35:42,875 [s0@group-1D19F5312903-LeaderElection46] INFO  server.RaftServer$Division (RaftServerImpl.java:setRole(301)) - s0@group-1D19F5312903: changes role from CANDIDATE to FOLLOWER at term 1 for REJECTED
2022-07-23 19:35:42,875 [s0@group-1D19F5312903-LeaderElection46] INFO  impl.RoleInfo (RoleInfo.java:shutdownLeaderElection(130)) - s0: shutdown s0@group-1D19F5312903-LeaderElection46
2022-07-23 19:35:42,875 [s0@group-1D19F5312903-LeaderElection46] INFO  impl.RoleInfo (RoleInfo.java:updateAndGet(139)) - s0: start s0@group-1D19F5312903-FollowerState
2022-07-23 19:35:42,976 [s0-client-thread1] DEBUG server.RaftServer$Division (RaftServerImpl.java:submitClientRequestAsync(803)) - s0@group-8BCAFE4F30A2: receive client request(RaftClientRequest:client-9484591C4642->s0@group-8BCAFE4F30A2, cid=2876, seq=1*, RW, Message:616263)
2022-07-23 19:35:42,977 [grpc-default-executor-15] DEBUG client.RaftClient (RaftClientImpl.java:handleIOException(366)) - client-9484591C4642: suggested new leader: s2. Failed RaftClientRequest:client-9484591C4642->s0@group-8BCAFE4F30A2, cid=2876, seq=1*, RW, abc with {}
org.apache.ratis.protocol.exceptions.NotLeaderException: Server s0@group-8BCAFE4F30A2 is not the leader s2|rpc:localhost:34143|admin:localhost:45987|client:localhost:44949|dataStream:localhost:35207|priority:0|startupRole:FOLLOWER
	at org.apache.ratis.client.impl.ClientProtoUtils.toRaftClientReply(ClientProtoUtils.java:378)
	at org.apache.ratis.grpc.client.GrpcClientProtocolClient$AsyncStreamObservers$1.onNext(GrpcClientProtocolClient.java:321)
	at org.apache.ratis.grpc.client.GrpcClientProtocolClient$AsyncStreamObservers$1.onNext(GrpcClientProtocolClient.java:316)
	at org.apache.ratis.thirdparty.io.grpc.stub.ClientCalls$StreamObserverToCallListenerAdapter.onMessage(ClientCalls.java:466)
	at org.apache.ratis.thirdparty.io.grpc.ForwardingClientCallListener.onMessage(ForwardingClientCallListener.java:33)
	at org.apache.ratis.thirdparty.io.grpc.internal.DelayedClientCall$DelayedListener.onMessage(DelayedClientCall.java:447)
	at org.apache.ratis.thirdparty.io.grpc.internal.ClientCallImpl$ClientStreamListenerImpl$1MessagesAvailable.runInternal(ClientCallImpl.java:661)
	at org.apache.ratis.thirdparty.io.grpc.internal.ClientCallImpl$ClientStreamListenerImpl$1MessagesAvailable.runInContext(ClientCallImpl.java:646)
	at org.apache.ratis.thirdparty.io.grpc.internal.ContextRunnable.run(ContextRunnable.java:37)
	at org.apache.ratis.thirdparty.io.grpc.internal.SerializingExecutor.run(SerializingExecutor.java:133)
	at java.util.concurrent.ThreadPoolExecutor.runWorker(ThreadPoolExecutor.java:1149)
	at java.util.concurrent.ThreadPoolExecutor$Worker.run(ThreadPoolExecutor.java:624)
	at java.lang.Thread.run(Thread.java:750)
2022-07-23 19:35:42,977 [grpc-default-executor-15] DEBUG client.RaftClient (RaftClientImpl.java:handleIOException(385)) - client-9484591C4642: oldLeader=s0,  curLeader=s0, newLeader=s2
2022-07-23 19:35:42,977 [grpc-default-executor-15] DEBUG client.RaftClient (RaftClientImpl.java:handleIOException(391)) - group-8BCAFE4F30A2 client-9484591C4642: client change Leader from s0 to s2 ex=org.apache.ratis.protocol.exceptions.NotLeaderException
2022-07-23 19:35:42,983 [s2-client-thread1] DEBUG server.RaftServer$Division (RaftServerImpl.java:submitClientRequestAsync(803)) - s2@group-8BCAFE4F30A2: receive client request(RaftClientRequest:client-9484591C4642->s2@group-8BCAFE4F30A2, cid=2876, seq=1*, RW, Message:616263)
2022-07-23 19:35:42,984 [grpc-default-executor-15] DEBUG client.RaftClient (RaftClientImpl.java:handleIOException(366)) - client-9484591C4642: suggested new leader: null. Failed RaftClientRequest:client-9484591C4642->s2@group-8BCAFE4F30A2, cid=2876, seq=1*, RW, abc with {}
org.apache.ratis.protocol.exceptions.NotLeaderException: Server s2@group-8BCAFE4F30A2 is not the leader
	at org.apache.ratis.client.impl.ClientProtoUtils.toRaftClientReply(ClientProtoUtils.java:378)
	at org.apache.ratis.grpc.client.GrpcClientProtocolClient$AsyncStreamObservers$1.onNext(GrpcClientProtocolClient.java:321)
	at org.apache.ratis.grpc.client.GrpcClientProtocolClient$AsyncStreamObservers$1.onNext(GrpcClientProtocolClient.java:316)
	at org.apache.ratis.thirdparty.io.grpc.stub.ClientCalls$StreamObserverToCallListenerAdapter.onMessage(ClientCalls.java:466)
	at org.apache.ratis.thirdparty.io.grpc.ForwardingClientCallListener.onMessage(ForwardingClientCallListener.java:33)
	at org.apache.ratis.thirdparty.io.grpc.internal.DelayedClientCall$DelayedListener.onMessage(DelayedClientCall.java:447)
	at org.apache.ratis.thirdparty.io.grpc.internal.ClientCallImpl$ClientStreamListenerImpl$1MessagesAvailable.runInternal(ClientCallImpl.java:661)
	at org.apache.ratis.thirdparty.io.grpc.internal.ClientCallImpl$ClientStreamListenerImpl$1MessagesAvailable.runInContext(ClientCallImpl.java:646)
	at org.apache.ratis.thirdparty.io.grpc.internal.ContextRunnable.run(ContextRunnable.java:37)
	at org.apache.ratis.thirdparty.io.grpc.internal.SerializingExecutor.run(SerializingExecutor.java:133)
	at java.util.concurrent.ThreadPoolExecutor.runWorker(ThreadPoolExecutor.java:1149)
	at java.util.concurrent.ThreadPoolExecutor$Worker.run(ThreadPoolExecutor.java:624)
	at java.lang.Thread.run(Thread.java:750)
2022-07-23 19:35:42,984 [grpc-default-executor-15] DEBUG client.RaftClient (RaftClientImpl.java:handleIOException(385)) - client-9484591C4642: oldLeader=s2,  curLeader=s2, newLeader=s1
2022-07-23 19:35:42,984 [grpc-default-executor-15] DEBUG client.RaftClient (RaftClientImpl.java:handleIOException(391)) - group-8BCAFE4F30A2 client-9484591C4642: client change Leader from s2 to s1 ex=org.apache.ratis.protocol.exceptions.NotLeaderException
2022-07-23 19:35:43,078 [s0@group-1D19F5312903-FollowerState] INFO  impl.FollowerState (FollowerState.java:run(143)) - s0@group-1D19F5312903-FollowerState: change to CANDIDATE, lastRpcElapsedTime:203475818ns, electionTimeout:203ms
2022-07-23 19:35:43,078 [s0@group-1D19F5312903-FollowerState] INFO  impl.RoleInfo (RoleInfo.java:shutdownFollowerState(110)) - s0: shutdown s0@group-1D19F5312903-FollowerState
2022-07-23 19:35:43,078 [s0@group-1D19F5312903-FollowerState] INFO  server.RaftServer$Division (RaftServerImpl.java:setRole(301)) - s0@group-1D19F5312903: changes role from  FOLLOWER to CANDIDATE at term 1 for changeToCandidate
2022-07-23 19:35:43,078 [s0@group-1D19F5312903-FollowerState] INFO  server.RaftServerConfigKeys (ConfUtils.java:logGet(46)) - raft.server.leaderelection.pre-vote = true (default)
2022-07-23 19:35:43,078 [s0@group-1D19F5312903-FollowerState] INFO  impl.RoleInfo (RoleInfo.java:updateAndGet(139)) - s0: start s0@group-1D19F5312903-LeaderElection47
2022-07-23 19:35:43,079 [s0@group-1D19F5312903-LeaderElection47] INFO  impl.LeaderElection (LeaderElection.java:askForVotes(310)) - s0@group-1D19F5312903-LeaderElection47 PRE_VOTE round 0: submit vote requests at term 1 for 0: peers:[s0|rpc:localhost:33053|admin:localhost:34833|client:localhost:45065|dataStream:localhost:40973|priority:0|startupRole:FOLLOWER, s1|rpc:localhost:37337|admin:localhost:46639|client:localhost:33239|dataStream:localhost:44379|priority:0|startupRole:FOLLOWER, s2|rpc:localhost:36285|admin:localhost:33785|client:localhost:35753|dataStream:localhost:36721|priority:0|startupRole:FOLLOWER]|listeners:[], old=null
2022-07-23 19:35:43,079 [s0@group-1D19F5312903-LeaderElection47] INFO  impl.LeaderElection (LogUtils.java:infoOrTrace(137)) - s0@group-1D19F5312903-LeaderElection47 got exception when requesting votes: java.util.concurrent.ExecutionException: org.apache.ratis.thirdparty.io.grpc.StatusRuntimeException: UNAVAILABLE: io exception
2022-07-23 19:35:43,080 [s0@group-1D19F5312903-LeaderElection47] INFO  impl.LeaderElection (LogUtils.java:infoOrTrace(137)) - s0@group-1D19F5312903-LeaderElection47 got exception when requesting votes: java.util.concurrent.ExecutionException: org.apache.ratis.thirdparty.io.grpc.StatusRuntimeException: UNAVAILABLE: io exception
2022-07-23 19:35:43,080 [s0@group-1D19F5312903-LeaderElection47] INFO  impl.LeaderElection (LeaderElection.java:logAndReturn(90)) - s0@group-1D19F5312903-LeaderElection47: PRE_VOTE REJECTED received 0 response(s) and 2 exception(s):
2022-07-23 19:35:43,080 [s0@group-1D19F5312903-LeaderElection47] INFO  impl.LeaderElection (LogUtils.java:infoOrTrace(137)) -   Exception 0: java.util.concurrent.ExecutionException: org.apache.ratis.thirdparty.io.grpc.StatusRuntimeException: UNAVAILABLE: io exception
2022-07-23 19:35:43,080 [s0@group-1D19F5312903-LeaderElection47] INFO  impl.LeaderElection (LogUtils.java:infoOrTrace(137)) -   Exception 1: java.util.concurrent.ExecutionException: org.apache.ratis.thirdparty.io.grpc.StatusRuntimeException: UNAVAILABLE: io exception
2022-07-23 19:35:43,080 [s0@group-1D19F5312903-LeaderElection47] INFO  impl.LeaderElection (LeaderElection.java:askForVotes(312)) - s0@group-1D19F5312903-LeaderElection47 PRE_VOTE round 0: result REJECTED
2022-07-23 19:35:43,080 [s0@group-1D19F5312903-LeaderElection47] INFO  server.RaftServer$Division (RaftServerImpl.java:setRole(301)) - s0@group-1D19F5312903: changes role from CANDIDATE to FOLLOWER at term 1 for REJECTED
2022-07-23 19:35:43,080 [s0@group-1D19F5312903-LeaderElection47] INFO  impl.RoleInfo (RoleInfo.java:shutdownLeaderElection(130)) - s0: shutdown s0@group-1D19F5312903-LeaderElection47
2022-07-23 19:35:43,080 [s0@group-1D19F5312903-LeaderElection47] INFO  impl.RoleInfo (RoleInfo.java:updateAndGet(139)) - s0: start s0@group-1D19F5312903-FollowerState
2022-07-23 19:35:43,089 [s1-client-thread1] DEBUG server.RaftServer$Division (RaftServerImpl.java:submitClientRequestAsync(803)) - s1@group-8BCAFE4F30A2: receive client request(RaftClientRequest:client-9484591C4642->s1@group-8BCAFE4F30A2, cid=2876, seq=1*, RW, Message:616263)
2022-07-23 19:35:43,089 [grpc-default-executor-15] DEBUG client.RaftClient (RaftClientImpl.java:handleIOException(366)) - client-9484591C4642: suggested new leader: s2. Failed RaftClientRequest:client-9484591C4642->s1@group-8BCAFE4F30A2, cid=2876, seq=1*, RW, abc with {}
org.apache.ratis.protocol.exceptions.NotLeaderException: Server s1@group-8BCAFE4F30A2 is not the leader s2|rpc:localhost:34143|admin:localhost:45987|client:localhost:44949|dataStream:localhost:35207|priority:0|startupRole:FOLLOWER
	at org.apache.ratis.client.impl.ClientProtoUtils.toRaftClientReply(ClientProtoUtils.java:378)
	at org.apache.ratis.grpc.client.GrpcClientProtocolClient$AsyncStreamObservers$1.onNext(GrpcClientProtocolClient.java:321)
	at org.apache.ratis.grpc.client.GrpcClientProtocolClient$AsyncStreamObservers$1.onNext(GrpcClientProtocolClient.java:316)
	at org.apache.ratis.thirdparty.io.grpc.stub.ClientCalls$StreamObserverToCallListenerAdapter.onMessage(ClientCalls.java:466)
	at org.apache.ratis.thirdparty.io.grpc.ForwardingClientCallListener.onMessage(ForwardingClientCallListener.java:33)
	at org.apache.ratis.thirdparty.io.grpc.internal.DelayedClientCall$DelayedListener.onMessage(DelayedClientCall.java:447)
	at org.apache.ratis.thirdparty.io.grpc.internal.ClientCallImpl$ClientStreamListenerImpl$1MessagesAvailable.runInternal(ClientCallImpl.java:661)
	at org.apache.ratis.thirdparty.io.grpc.internal.ClientCallImpl$ClientStreamListenerImpl$1MessagesAvailable.runInContext(ClientCallImpl.java:646)
	at org.apache.ratis.thirdparty.io.grpc.internal.ContextRunnable.run(ContextRunnable.java:37)
	at org.apache.ratis.thirdparty.io.grpc.internal.SerializingExecutor.run(SerializingExecutor.java:133)
	at java.util.concurrent.ThreadPoolExecutor.runWorker(ThreadPoolExecutor.java:1149)
	at java.util.concurrent.ThreadPoolExecutor$Worker.run(ThreadPoolExecutor.java:624)
	at java.lang.Thread.run(Thread.java:750)
2022-07-23 19:35:43,090 [grpc-default-executor-15] DEBUG client.RaftClient (RaftClientImpl.java:handleIOException(385)) - client-9484591C4642: oldLeader=s1,  curLeader=s1, newLeader=s2
2022-07-23 19:35:43,090 [grpc-default-executor-15] DEBUG client.RaftClient (RaftClientImpl.java:handleIOException(391)) - group-8BCAFE4F30A2 client-9484591C4642: client change Leader from s1 to s2 ex=org.apache.ratis.protocol.exceptions.NotLeaderException
2022-07-23 19:35:43,093 [s2-client-thread1] DEBUG server.RaftServer$Division (RaftServerImpl.java:submitClientRequestAsync(803)) - s2@group-8BCAFE4F30A2: receive client request(RaftClientRequest:client-9484591C4642->s2@group-8BCAFE4F30A2, cid=2876, seq=1*, RW, Message:616263)
2022-07-23 19:35:43,093 [grpc-default-executor-11] DEBUG client.RaftClient (RaftClientImpl.java:handleIOException(366)) - client-9484591C4642: suggested new leader: null. Failed RaftClientRequest:client-9484591C4642->s2@group-8BCAFE4F30A2, cid=2876, seq=1*, RW, abc with {}
org.apache.ratis.protocol.exceptions.NotLeaderException: Server s2@group-8BCAFE4F30A2 is not the leader
	at org.apache.ratis.client.impl.ClientProtoUtils.toRaftClientReply(ClientProtoUtils.java:378)
	at org.apache.ratis.grpc.client.GrpcClientProtocolClient$AsyncStreamObservers$1.onNext(GrpcClientProtocolClient.java:321)
	at org.apache.ratis.grpc.client.GrpcClientProtocolClient$AsyncStreamObservers$1.onNext(GrpcClientProtocolClient.java:316)
	at org.apache.ratis.thirdparty.io.grpc.stub.ClientCalls$StreamObserverToCallListenerAdapter.onMessage(ClientCalls.java:466)
	at org.apache.ratis.thirdparty.io.grpc.ForwardingClientCallListener.onMessage(ForwardingClientCallListener.java:33)
	at org.apache.ratis.thirdparty.io.grpc.internal.DelayedClientCall$DelayedListener.onMessage(DelayedClientCall.java:447)
	at org.apache.ratis.thirdparty.io.grpc.internal.ClientCallImpl$ClientStreamListenerImpl$1MessagesAvailable.runInternal(ClientCallImpl.java:661)
	at org.apache.ratis.thirdparty.io.grpc.internal.ClientCallImpl$ClientStreamListenerImpl$1MessagesAvailable.runInContext(ClientCallImpl.java:646)
	at org.apache.ratis.thirdparty.io.grpc.internal.ContextRunnable.run(ContextRunnable.java:37)
	at org.apache.ratis.thirdparty.io.grpc.internal.SerializingExecutor.run(SerializingExecutor.java:133)
	at java.util.concurrent.ThreadPoolExecutor.runWorker(ThreadPoolExecutor.java:1149)
	at java.util.concurrent.ThreadPoolExecutor$Worker.run(ThreadPoolExecutor.java:624)
	at java.lang.Thread.run(Thread.java:750)
2022-07-23 19:35:43,093 [grpc-default-executor-11] DEBUG client.RaftClient (RaftClientImpl.java:handleIOException(385)) - client-9484591C4642: oldLeader=s2,  curLeader=s2, newLeader=s1
2022-07-23 19:35:43,093 [grpc-default-executor-11] DEBUG client.RaftClient (RaftClientImpl.java:handleIOException(391)) - group-8BCAFE4F30A2 client-9484591C4642: client change Leader from s2 to s1 ex=org.apache.ratis.protocol.exceptions.NotLeaderException
2022-07-23 19:35:43,162 [s2@group-8BCAFE4F30A2-FollowerState] INFO  impl.FollowerState (FollowerState.java:lostMajorityHeartbeatsRecently(108)) - s2@group-8BCAFE4F30A2-FollowerState: Skipping leader election since it stepped down recently (elapsed = 291ms < waitTime = 10s)
2022-07-23 19:35:43,199 [s1-client-thread1] DEBUG server.RaftServer$Division (RaftServerImpl.java:submitClientRequestAsync(803)) - s1@group-8BCAFE4F30A2: receive client request(RaftClientRequest:client-9484591C4642->s1@group-8BCAFE4F30A2, cid=2876, seq=1*, RW, Message:616263)
2022-07-23 19:35:43,199 [grpc-default-executor-11] DEBUG client.RaftClient (RaftClientImpl.java:handleIOException(366)) - client-9484591C4642: suggested new leader: s2. Failed RaftClientRequest:client-9484591C4642->s1@group-8BCAFE4F30A2, cid=2876, seq=1*, RW, abc with {}
org.apache.ratis.protocol.exceptions.NotLeaderException: Server s1@group-8BCAFE4F30A2 is not the leader s2|rpc:localhost:34143|admin:localhost:45987|client:localhost:44949|dataStream:localhost:35207|priority:0|startupRole:FOLLOWER
	at org.apache.ratis.client.impl.ClientProtoUtils.toRaftClientReply(ClientProtoUtils.java:378)
	at org.apache.ratis.grpc.client.GrpcClientProtocolClient$AsyncStreamObservers$1.onNext(GrpcClientProtocolClient.java:321)
	at org.apache.ratis.grpc.client.GrpcClientProtocolClient$AsyncStreamObservers$1.onNext(GrpcClientProtocolClient.java:316)
	at org.apache.ratis.thirdparty.io.grpc.stub.ClientCalls$StreamObserverToCallListenerAdapter.onMessage(ClientCalls.java:466)
	at org.apache.ratis.thirdparty.io.grpc.ForwardingClientCallListener.onMessage(ForwardingClientCallListener.java:33)
	at org.apache.ratis.thirdparty.io.grpc.internal.DelayedClientCall$DelayedListener.onMessage(DelayedClientCall.java:447)
	at org.apache.ratis.thirdparty.io.grpc.internal.ClientCallImpl$ClientStreamListenerImpl$1MessagesAvailable.runInternal(ClientCallImpl.java:661)
	at org.apache.ratis.thirdparty.io.grpc.internal.ClientCallImpl$ClientStreamListenerImpl$1MessagesAvailable.runInContext(ClientCallImpl.java:646)
	at org.apache.ratis.thirdparty.io.grpc.internal.ContextRunnable.run(ContextRunnable.java:37)
	at org.apache.ratis.thirdparty.io.grpc.internal.SerializingExecutor.run(SerializingExecutor.java:133)
	at java.util.concurrent.ThreadPoolExecutor.runWorker(ThreadPoolExecutor.java:1149)
	at java.util.concurrent.ThreadPoolExecutor$Worker.run(ThreadPoolExecutor.java:624)
	at java.lang.Thread.run(Thread.java:750)
2022-07-23 19:35:43,199 [grpc-default-executor-11] DEBUG client.RaftClient (RaftClientImpl.java:handleIOException(385)) - client-9484591C4642: oldLeader=s1,  curLeader=s1, newLeader=s2
2022-07-23 19:35:43,199 [grpc-default-executor-11] DEBUG client.RaftClient (RaftClientImpl.java:handleIOException(391)) - group-8BCAFE4F30A2 client-9484591C4642: client change Leader from s1 to s2 ex=org.apache.ratis.protocol.exceptions.NotLeaderException
2022-07-23 19:35:43,204 [s2-client-thread1] DEBUG server.RaftServer$Division (RaftServerImpl.java:submitClientRequestAsync(803)) - s2@group-8BCAFE4F30A2: receive client request(RaftClientRequest:client-9484591C4642->s2@group-8BCAFE4F30A2, cid=2876, seq=1*, RW, Message:616263)
2022-07-23 19:35:43,205 [grpc-default-executor-15] DEBUG client.RaftClient (RaftClientImpl.java:handleIOException(366)) - client-9484591C4642: suggested new leader: null. Failed RaftClientRequest:client-9484591C4642->s2@group-8BCAFE4F30A2, cid=2876, seq=1*, RW, abc with {}
org.apache.ratis.protocol.exceptions.NotLeaderException: Server s2@group-8BCAFE4F30A2 is not the leader
	at org.apache.ratis.client.impl.ClientProtoUtils.toRaftClientReply(ClientProtoUtils.java:378)
	at org.apache.ratis.grpc.client.GrpcClientProtocolClient$AsyncStreamObservers$1.onNext(GrpcClientProtocolClient.java:321)
	at org.apache.ratis.grpc.client.GrpcClientProtocolClient$AsyncStreamObservers$1.onNext(GrpcClientProtocolClient.java:316)
	at org.apache.ratis.thirdparty.io.grpc.stub.ClientCalls$StreamObserverToCallListenerAdapter.onMessage(ClientCalls.java:466)
	at org.apache.ratis.thirdparty.io.grpc.ForwardingClientCallListener.onMessage(ForwardingClientCallListener.java:33)
	at org.apache.ratis.thirdparty.io.grpc.internal.DelayedClientCall$DelayedListener.onMessage(DelayedClientCall.java:447)
	at org.apache.ratis.thirdparty.io.grpc.internal.ClientCallImpl$ClientStreamListenerImpl$1MessagesAvailable.runInternal(ClientCallImpl.java:661)
	at org.apache.ratis.thirdparty.io.grpc.internal.ClientCallImpl$ClientStreamListenerImpl$1MessagesAvailable.runInContext(ClientCallImpl.java:646)
	at org.apache.ratis.thirdparty.io.grpc.internal.ContextRunnable.run(ContextRunnable.java:37)
	at org.apache.ratis.thirdparty.io.grpc.internal.SerializingExecutor.run(SerializingExecutor.java:133)
	at java.util.concurrent.ThreadPoolExecutor.runWorker(ThreadPoolExecutor.java:1149)
	at java.util.concurrent.ThreadPoolExecutor$Worker.run(ThreadPoolExecutor.java:624)
	at java.lang.Thread.run(Thread.java:750)
2022-07-23 19:35:43,205 [grpc-default-executor-15] DEBUG client.RaftClient (RaftClientImpl.java:handleIOException(385)) - client-9484591C4642: oldLeader=s2,  curLeader=s2, newLeader=s0
2022-07-23 19:35:43,205 [grpc-default-executor-15] DEBUG client.RaftClient (RaftClientImpl.java:handleIOException(391)) - group-8BCAFE4F30A2 client-9484591C4642: client change Leader from s2 to s0 ex=org.apache.ratis.protocol.exceptions.NotLeaderException
2022-07-23 19:35:43,310 [s0-client-thread1] DEBUG server.RaftServer$Division (RaftServerImpl.java:submitClientRequestAsync(803)) - s0@group-8BCAFE4F30A2: receive client request(RaftClientRequest:client-9484591C4642->s0@group-8BCAFE4F30A2, cid=2876, seq=1*, RW, Message:616263)
2022-07-23 19:35:43,310 [grpc-default-executor-11] DEBUG client.RaftClient (RaftClientImpl.java:handleIOException(366)) - client-9484591C4642: suggested new leader: s2. Failed RaftClientRequest:client-9484591C4642->s0@group-8BCAFE4F30A2, cid=2876, seq=1*, RW, abc with {}
org.apache.ratis.protocol.exceptions.NotLeaderException: Server s0@group-8BCAFE4F30A2 is not the leader s2|rpc:localhost:34143|admin:localhost:45987|client:localhost:44949|dataStream:localhost:35207|priority:0|startupRole:FOLLOWER
	at org.apache.ratis.client.impl.ClientProtoUtils.toRaftClientReply(ClientProtoUtils.java:378)
	at org.apache.ratis.grpc.client.GrpcClientProtocolClient$AsyncStreamObservers$1.onNext(GrpcClientProtocolClient.java:321)
	at org.apache.ratis.grpc.client.GrpcClientProtocolClient$AsyncStreamObservers$1.onNext(GrpcClientProtocolClient.java:316)
	at org.apache.ratis.thirdparty.io.grpc.stub.ClientCalls$StreamObserverToCallListenerAdapter.onMessage(ClientCalls.java:466)
	at org.apache.ratis.thirdparty.io.grpc.ForwardingClientCallListener.onMessage(ForwardingClientCallListener.java:33)
	at org.apache.ratis.thirdparty.io.grpc.internal.DelayedClientCall$DelayedListener.onMessage(DelayedClientCall.java:447)
	at org.apache.ratis.thirdparty.io.grpc.internal.ClientCallImpl$ClientStreamListenerImpl$1MessagesAvailable.runInternal(ClientCallImpl.java:661)
	at org.apache.ratis.thirdparty.io.grpc.internal.ClientCallImpl$ClientStreamListenerImpl$1MessagesAvailable.runInContext(ClientCallImpl.java:646)
	at org.apache.ratis.thirdparty.io.grpc.internal.ContextRunnable.run(ContextRunnable.java:37)
	at org.apache.ratis.thirdparty.io.grpc.internal.SerializingExecutor.run(SerializingExecutor.java:133)
	at java.util.concurrent.ThreadPoolExecutor.runWorker(ThreadPoolExecutor.java:1149)
	at java.util.concurrent.ThreadPoolExecutor$Worker.run(ThreadPoolExecutor.java:624)
	at java.lang.Thread.run(Thread.java:750)
2022-07-23 19:35:43,310 [grpc-default-executor-11] DEBUG client.RaftClient (RaftClientImpl.java:handleIOException(385)) - client-9484591C4642: oldLeader=s0,  curLeader=s0, newLeader=s2
2022-07-23 19:35:43,311 [grpc-default-executor-11] DEBUG client.RaftClient (RaftClientImpl.java:handleIOException(391)) - group-8BCAFE4F30A2 client-9484591C4642: client change Leader from s0 to s2 ex=org.apache.ratis.protocol.exceptions.NotLeaderException
2022-07-23 19:35:43,314 [s2-client-thread1] DEBUG server.RaftServer$Division (RaftServerImpl.java:submitClientRequestAsync(803)) - s2@group-8BCAFE4F30A2: receive client request(RaftClientRequest:client-9484591C4642->s2@group-8BCAFE4F30A2, cid=2876, seq=1*, RW, Message:616263)
2022-07-23 19:35:43,315 [grpc-default-executor-15] DEBUG client.RaftClient (RaftClientImpl.java:handleIOException(366)) - client-9484591C4642: suggested new leader: null. Failed RaftClientRequest:client-9484591C4642->s2@group-8BCAFE4F30A2, cid=2876, seq=1*, RW, abc with {}
org.apache.ratis.protocol.exceptions.NotLeaderException: Server s2@group-8BCAFE4F30A2 is not the leader
	at org.apache.ratis.client.impl.ClientProtoUtils.toRaftClientReply(ClientProtoUtils.java:378)
	at org.apache.ratis.grpc.client.GrpcClientProtocolClient$AsyncStreamObservers$1.onNext(GrpcClientProtocolClient.java:321)
	at org.apache.ratis.grpc.client.GrpcClientProtocolClient$AsyncStreamObservers$1.onNext(GrpcClientProtocolClient.java:316)
	at org.apache.ratis.thirdparty.io.grpc.stub.ClientCalls$StreamObserverToCallListenerAdapter.onMessage(ClientCalls.java:466)
	at org.apache.ratis.thirdparty.io.grpc.ForwardingClientCallListener.onMessage(ForwardingClientCallListener.java:33)
	at org.apache.ratis.thirdparty.io.grpc.internal.DelayedClientCall$DelayedListener.onMessage(DelayedClientCall.java:447)
	at org.apache.ratis.thirdparty.io.grpc.internal.ClientCallImpl$ClientStreamListenerImpl$1MessagesAvailable.runInternal(ClientCallImpl.java:661)
	at org.apache.ratis.thirdparty.io.grpc.internal.ClientCallImpl$ClientStreamListenerImpl$1MessagesAvailable.runInContext(ClientCallImpl.java:646)
	at org.apache.ratis.thirdparty.io.grpc.internal.ContextRunnable.run(ContextRunnable.java:37)
	at org.apache.ratis.thirdparty.io.grpc.internal.SerializingExecutor.run(SerializingExecutor.java:133)
	at java.util.concurrent.ThreadPoolExecutor.runWorker(ThreadPoolExecutor.java:1149)
	at java.util.concurrent.ThreadPoolExecutor$Worker.run(ThreadPoolExecutor.java:624)
	at java.lang.Thread.run(Thread.java:750)
2022-07-23 19:35:43,315 [grpc-default-executor-15] DEBUG client.RaftClient (RaftClientImpl.java:handleIOException(385)) - client-9484591C4642: oldLeader=s2,  curLeader=s2, newLeader=s0
2022-07-23 19:35:43,315 [grpc-default-executor-15] DEBUG client.RaftClient (RaftClientImpl.java:handleIOException(391)) - group-8BCAFE4F30A2 client-9484591C4642: client change Leader from s2 to s0 ex=org.apache.ratis.protocol.exceptions.NotLeaderException
2022-07-23 19:35:43,322 [s0@group-1D19F5312903-FollowerState] INFO  impl.FollowerState (FollowerState.java:run(143)) - s0@group-1D19F5312903-FollowerState: change to CANDIDATE, lastRpcElapsedTime:242489380ns, electionTimeout:242ms
2022-07-23 19:35:43,322 [s0@group-1D19F5312903-FollowerState] INFO  impl.RoleInfo (RoleInfo.java:shutdownFollowerState(110)) - s0: shutdown s0@group-1D19F5312903-FollowerState
2022-07-23 19:35:43,323 [s0@group-1D19F5312903-FollowerState] INFO  server.RaftServer$Division (RaftServerImpl.java:setRole(301)) - s0@group-1D19F5312903: changes role from  FOLLOWER to CANDIDATE at term 1 for changeToCandidate
2022-07-23 19:35:43,323 [s0@group-1D19F5312903-FollowerState] INFO  server.RaftServerConfigKeys (ConfUtils.java:logGet(46)) - raft.server.leaderelection.pre-vote = true (default)
2022-07-23 19:35:43,323 [s0@group-1D19F5312903-FollowerState] INFO  impl.RoleInfo (RoleInfo.java:updateAndGet(139)) - s0: start s0@group-1D19F5312903-LeaderElection48
2022-07-23 19:35:43,323 [s0@group-1D19F5312903-LeaderElection48] INFO  impl.LeaderElection (LeaderElection.java:askForVotes(310)) - s0@group-1D19F5312903-LeaderElection48 PRE_VOTE round 0: submit vote requests at term 1 for 0: peers:[s0|rpc:localhost:33053|admin:localhost:34833|client:localhost:45065|dataStream:localhost:40973|priority:0|startupRole:FOLLOWER, s1|rpc:localhost:37337|admin:localhost:46639|client:localhost:33239|dataStream:localhost:44379|priority:0|startupRole:FOLLOWER, s2|rpc:localhost:36285|admin:localhost:33785|client:localhost:35753|dataStream:localhost:36721|priority:0|startupRole:FOLLOWER]|listeners:[], old=null
2022-07-23 19:35:43,324 [s0@group-1D19F5312903-LeaderElection48] INFO  impl.LeaderElection (LogUtils.java:infoOrTrace(137)) - s0@group-1D19F5312903-LeaderElection48 got exception when requesting votes: java.util.concurrent.ExecutionException: org.apache.ratis.thirdparty.io.grpc.StatusRuntimeException: UNAVAILABLE: io exception
2022-07-23 19:35:43,324 [s0@group-1D19F5312903-LeaderElection48] INFO  impl.LeaderElection (LogUtils.java:infoOrTrace(137)) - s0@group-1D19F5312903-LeaderElection48 got exception when requesting votes: java.util.concurrent.ExecutionException: org.apache.ratis.thirdparty.io.grpc.StatusRuntimeException: UNAVAILABLE: io exception
2022-07-23 19:35:43,324 [s0@group-1D19F5312903-LeaderElection48] INFO  impl.LeaderElection (LeaderElection.java:logAndReturn(90)) - s0@group-1D19F5312903-LeaderElection48: PRE_VOTE REJECTED received 0 response(s) and 2 exception(s):
2022-07-23 19:35:43,324 [s0@group-1D19F5312903-LeaderElection48] INFO  impl.LeaderElection (LogUtils.java:infoOrTrace(137)) -   Exception 0: java.util.concurrent.ExecutionException: org.apache.ratis.thirdparty.io.grpc.StatusRuntimeException: UNAVAILABLE: io exception
2022-07-23 19:35:43,324 [s0@group-1D19F5312903-LeaderElection48] INFO  impl.LeaderElection (LogUtils.java:infoOrTrace(137)) -   Exception 1: java.util.concurrent.ExecutionException: org.apache.ratis.thirdparty.io.grpc.StatusRuntimeException: UNAVAILABLE: io exception
2022-07-23 19:35:43,324 [s0@group-1D19F5312903-LeaderElection48] INFO  impl.LeaderElection (LeaderElection.java:askForVotes(312)) - s0@group-1D19F5312903-LeaderElection48 PRE_VOTE round 0: result REJECTED
2022-07-23 19:35:43,324 [s0@group-1D19F5312903-LeaderElection48] INFO  server.RaftServer$Division (RaftServerImpl.java:setRole(301)) - s0@group-1D19F5312903: changes role from CANDIDATE to FOLLOWER at term 1 for REJECTED
2022-07-23 19:35:43,324 [s0@group-1D19F5312903-LeaderElection48] INFO  impl.RoleInfo (RoleInfo.java:shutdownLeaderElection(130)) - s0: shutdown s0@group-1D19F5312903-LeaderElection48
2022-07-23 19:35:43,324 [s0@group-1D19F5312903-LeaderElection48] INFO  impl.RoleInfo (RoleInfo.java:updateAndGet(139)) - s0: start s0@group-1D19F5312903-FollowerState
2022-07-23 19:35:43,420 [s0-client-thread1] DEBUG server.RaftServer$Division (RaftServerImpl.java:submitClientRequestAsync(803)) - s0@group-8BCAFE4F30A2: receive client request(RaftClientRequest:client-9484591C4642->s0@group-8BCAFE4F30A2, cid=2876, seq=1*, RW, Message:616263)
2022-07-23 19:35:43,420 [grpc-default-executor-15] DEBUG client.RaftClient (RaftClientImpl.java:handleIOException(366)) - client-9484591C4642: suggested new leader: s2. Failed RaftClientRequest:client-9484591C4642->s0@group-8BCAFE4F30A2, cid=2876, seq=1*, RW, abc with {}
org.apache.ratis.protocol.exceptions.NotLeaderException: Server s0@group-8BCAFE4F30A2 is not the leader s2|rpc:localhost:34143|admin:localhost:45987|client:localhost:44949|dataStream:localhost:35207|priority:0|startupRole:FOLLOWER
	at org.apache.ratis.client.impl.ClientProtoUtils.toRaftClientReply(ClientProtoUtils.java:378)
	at org.apache.ratis.grpc.client.GrpcClientProtocolClient$AsyncStreamObservers$1.onNext(GrpcClientProtocolClient.java:321)
	at org.apache.ratis.grpc.client.GrpcClientProtocolClient$AsyncStreamObservers$1.onNext(GrpcClientProtocolClient.java:316)
	at org.apache.ratis.thirdparty.io.grpc.stub.ClientCalls$StreamObserverToCallListenerAdapter.onMessage(ClientCalls.java:466)
	at org.apache.ratis.thirdparty.io.grpc.ForwardingClientCallListener.onMessage(ForwardingClientCallListener.java:33)
	at org.apache.ratis.thirdparty.io.grpc.internal.DelayedClientCall$DelayedListener.onMessage(DelayedClientCall.java:447)
	at org.apache.ratis.thirdparty.io.grpc.internal.ClientCallImpl$ClientStreamListenerImpl$1MessagesAvailable.runInternal(ClientCallImpl.java:661)
	at org.apache.ratis.thirdparty.io.grpc.internal.ClientCallImpl$ClientStreamListenerImpl$1MessagesAvailable.runInContext(ClientCallImpl.java:646)
	at org.apache.ratis.thirdparty.io.grpc.internal.ContextRunnable.run(ContextRunnable.java:37)
	at org.apache.ratis.thirdparty.io.grpc.internal.SerializingExecutor.run(SerializingExecutor.java:133)
	at java.util.concurrent.ThreadPoolExecutor.runWorker(ThreadPoolExecutor.java:1149)
	at java.util.concurrent.ThreadPoolExecutor$Worker.run(ThreadPoolExecutor.java:624)
	at java.lang.Thread.run(Thread.java:750)
2022-07-23 19:35:43,420 [grpc-default-executor-15] DEBUG client.RaftClient (RaftClientImpl.java:handleIOException(385)) - client-9484591C4642: oldLeader=s0,  curLeader=s0, newLeader=s2
2022-07-23 19:35:43,420 [grpc-default-executor-15] DEBUG client.RaftClient (RaftClientImpl.java:handleIOException(391)) - group-8BCAFE4F30A2 client-9484591C4642: client change Leader from s0 to s2 ex=org.apache.ratis.protocol.exceptions.NotLeaderException
2022-07-23 19:35:43,423 [s2@group-8BCAFE4F30A2-FollowerState] INFO  impl.FollowerState (FollowerState.java:lostMajorityHeartbeatsRecently(108)) - s2@group-8BCAFE4F30A2-FollowerState: Skipping leader election since it stepped down recently (elapsed = 552ms < waitTime = 10s)
2022-07-23 19:35:43,425 [s2-client-thread1] DEBUG server.RaftServer$Division (RaftServerImpl.java:submitClientRequestAsync(803)) - s2@group-8BCAFE4F30A2: receive client request(RaftClientRequest:client-9484591C4642->s2@group-8BCAFE4F30A2, cid=2876, seq=1*, RW, Message:616263)
2022-07-23 19:35:43,425 [grpc-default-executor-11] DEBUG client.RaftClient (RaftClientImpl.java:handleIOException(366)) - client-9484591C4642: suggested new leader: null. Failed RaftClientRequest:client-9484591C4642->s2@group-8BCAFE4F30A2, cid=2876, seq=1*, RW, abc with {}
org.apache.ratis.protocol.exceptions.NotLeaderException: Server s2@group-8BCAFE4F30A2 is not the leader
	at org.apache.ratis.client.impl.ClientProtoUtils.toRaftClientReply(ClientProtoUtils.java:378)
	at org.apache.ratis.grpc.client.GrpcClientProtocolClient$AsyncStreamObservers$1.onNext(GrpcClientProtocolClient.java:321)
	at org.apache.ratis.grpc.client.GrpcClientProtocolClient$AsyncStreamObservers$1.onNext(GrpcClientProtocolClient.java:316)
	at org.apache.ratis.thirdparty.io.grpc.stub.ClientCalls$StreamObserverToCallListenerAdapter.onMessage(ClientCalls.java:466)
	at org.apache.ratis.thirdparty.io.grpc.ForwardingClientCallListener.onMessage(ForwardingClientCallListener.java:33)
	at org.apache.ratis.thirdparty.io.grpc.internal.DelayedClientCall$DelayedListener.onMessage(DelayedClientCall.java:447)
	at org.apache.ratis.thirdparty.io.grpc.internal.ClientCallImpl$ClientStreamListenerImpl$1MessagesAvailable.runInternal(ClientCallImpl.java:661)
	at org.apache.ratis.thirdparty.io.grpc.internal.ClientCallImpl$ClientStreamListenerImpl$1MessagesAvailable.runInContext(ClientCallImpl.java:646)
	at org.apache.ratis.thirdparty.io.grpc.internal.ContextRunnable.run(ContextRunnable.java:37)
	at org.apache.ratis.thirdparty.io.grpc.internal.SerializingExecutor.run(SerializingExecutor.java:133)
	at java.util.concurrent.ThreadPoolExecutor.runWorker(ThreadPoolExecutor.java:1149)
	at java.util.concurrent.ThreadPoolExecutor$Worker.run(ThreadPoolExecutor.java:624)
	at java.lang.Thread.run(Thread.java:750)
2022-07-23 19:35:43,425 [grpc-default-executor-11] DEBUG client.RaftClient (RaftClientImpl.java:handleIOException(385)) - client-9484591C4642: oldLeader=s2,  curLeader=s2, newLeader=s1
2022-07-23 19:35:43,425 [grpc-default-executor-11] DEBUG client.RaftClient (RaftClientImpl.java:handleIOException(391)) - group-8BCAFE4F30A2 client-9484591C4642: client change Leader from s2 to s1 ex=org.apache.ratis.protocol.exceptions.NotLeaderException
2022-07-23 19:35:43,532 [s1-client-thread1] DEBUG server.RaftServer$Division (RaftServerImpl.java:submitClientRequestAsync(803)) - s1@group-8BCAFE4F30A2: receive client request(RaftClientRequest:client-9484591C4642->s1@group-8BCAFE4F30A2, cid=2876, seq=1*, RW, Message:616263)
2022-07-23 19:35:43,533 [grpc-default-executor-15] DEBUG client.RaftClient (RaftClientImpl.java:handleIOException(366)) - client-9484591C4642: suggested new leader: s2. Failed RaftClientRequest:client-9484591C4642->s1@group-8BCAFE4F30A2, cid=2876, seq=1*, RW, abc with {}
org.apache.ratis.protocol.exceptions.NotLeaderException: Server s1@group-8BCAFE4F30A2 is not the leader s2|rpc:localhost:34143|admin:localhost:45987|client:localhost:44949|dataStream:localhost:35207|priority:0|startupRole:FOLLOWER
	at org.apache.ratis.client.impl.ClientProtoUtils.toRaftClientReply(ClientProtoUtils.java:378)
	at org.apache.ratis.grpc.client.GrpcClientProtocolClient$AsyncStreamObservers$1.onNext(GrpcClientProtocolClient.java:321)
	at org.apache.ratis.grpc.client.GrpcClientProtocolClient$AsyncStreamObservers$1.onNext(GrpcClientProtocolClient.java:316)
	at org.apache.ratis.thirdparty.io.grpc.stub.ClientCalls$StreamObserverToCallListenerAdapter.onMessage(ClientCalls.java:466)
	at org.apache.ratis.thirdparty.io.grpc.ForwardingClientCallListener.onMessage(ForwardingClientCallListener.java:33)
	at org.apache.ratis.thirdparty.io.grpc.internal.ClientCallImpl$ClientStreamListenerImpl$1MessagesAvailable.runInternal(ClientCallImpl.java:661)
	at org.apache.ratis.thirdparty.io.grpc.internal.ClientCallImpl$ClientStreamListenerImpl$1MessagesAvailable.runInContext(ClientCallImpl.java:646)
	at org.apache.ratis.thirdparty.io.grpc.internal.ContextRunnable.run(ContextRunnable.java:37)
	at org.apache.ratis.thirdparty.io.grpc.internal.SerializingExecutor.run(SerializingExecutor.java:133)
	at java.util.concurrent.ThreadPoolExecutor.runWorker(ThreadPoolExecutor.java:1149)
	at java.util.concurrent.ThreadPoolExecutor$Worker.run(ThreadPoolExecutor.java:624)
	at java.lang.Thread.run(Thread.java:750)
2022-07-23 19:35:43,533 [grpc-default-executor-15] DEBUG client.RaftClient (RaftClientImpl.java:handleIOException(385)) - client-9484591C4642: oldLeader=s1,  curLeader=s1, newLeader=s2
2022-07-23 19:35:43,533 [grpc-default-executor-15] DEBUG client.RaftClient (RaftClientImpl.java:handleIOException(391)) - group-8BCAFE4F30A2 client-9484591C4642: client change Leader from s1 to s2 ex=org.apache.ratis.protocol.exceptions.NotLeaderException
2022-07-23 19:35:43,537 [s2-client-thread1] DEBUG server.RaftServer$Division (RaftServerImpl.java:submitClientRequestAsync(803)) - s2@group-8BCAFE4F30A2: receive client request(RaftClientRequest:client-9484591C4642->s2@group-8BCAFE4F30A2, cid=2876, seq=1*, RW, Message:616263)
2022-07-23 19:35:43,537 [grpc-default-executor-2] DEBUG client.RaftClient (RaftClientImpl.java:handleIOException(366)) - client-9484591C4642: suggested new leader: null. Failed RaftClientRequest:client-9484591C4642->s2@group-8BCAFE4F30A2, cid=2876, seq=1*, RW, abc with {}
org.apache.ratis.protocol.exceptions.NotLeaderException: Server s2@group-8BCAFE4F30A2 is not the leader
	at org.apache.ratis.client.impl.ClientProtoUtils.toRaftClientReply(ClientProtoUtils.java:378)
	at org.apache.ratis.grpc.client.GrpcClientProtocolClient$AsyncStreamObservers$1.onNext(GrpcClientProtocolClient.java:321)
	at org.apache.ratis.grpc.client.GrpcClientProtocolClient$AsyncStreamObservers$1.onNext(GrpcClientProtocolClient.java:316)
	at org.apache.ratis.thirdparty.io.grpc.stub.ClientCalls$StreamObserverToCallListenerAdapter.onMessage(ClientCalls.java:466)
	at org.apache.ratis.thirdparty.io.grpc.ForwardingClientCallListener.onMessage(ForwardingClientCallListener.java:33)
	at org.apache.ratis.thirdparty.io.grpc.internal.DelayedClientCall$DelayedListener.onMessage(DelayedClientCall.java:447)
	at org.apache.ratis.thirdparty.io.grpc.internal.ClientCallImpl$ClientStreamListenerImpl$1MessagesAvailable.runInternal(ClientCallImpl.java:661)
	at org.apache.ratis.thirdparty.io.grpc.internal.ClientCallImpl$ClientStreamListenerImpl$1MessagesAvailable.runInContext(ClientCallImpl.java:646)
	at org.apache.ratis.thirdparty.io.grpc.internal.ContextRunnable.run(ContextRunnable.java:37)
	at org.apache.ratis.thirdparty.io.grpc.internal.SerializingExecutor.run(SerializingExecutor.java:133)
	at java.util.concurrent.ThreadPoolExecutor.runWorker(ThreadPoolExecutor.java:1149)
	at java.util.concurrent.ThreadPoolExecutor$Worker.run(ThreadPoolExecutor.java:624)
	at java.lang.Thread.run(Thread.java:750)
2022-07-23 19:35:43,538 [grpc-default-executor-2] DEBUG client.RaftClient (RaftClientImpl.java:handleIOException(385)) - client-9484591C4642: oldLeader=s2,  curLeader=s2, newLeader=s1
2022-07-23 19:35:43,538 [grpc-default-executor-2] DEBUG client.RaftClient (RaftClientImpl.java:handleIOException(391)) - group-8BCAFE4F30A2 client-9484591C4642: client change Leader from s2 to s1 ex=org.apache.ratis.protocol.exceptions.NotLeaderException
2022-07-23 19:35:43,562 [Time-limited test] INFO  server.RaftServerConfigKeys (ConfUtils.java:logGet(46)) - raft.server.rpc.timeout.max = 300ms (default)
2022-07-23 19:35:43,562 [Time-limited test] INFO  ratis.RaftTestUtil (RaftTestUtil.java:waitForLeader(100)) - printing ALL groups
  s0:  RUNNING  FOLLOWER s0@group-8BCAFE4F30A2:t1, leader=s2, voted=s2, raftlog=Memoized:s0@group-8BCAFE4F30A2-SegmentedRaftLog:OPENED:c0, conf=0: peers:[s0|rpc:localhost:36283|admin:localhost:40863|client:localhost:42803|dataStream:localhost:40907|priority:0|startupRole:FOLLOWER, s1|rpc:localhost:33111|admin:localhost:46017|client:localhost:34605|dataStream:localhost:44937|priority:0|startupRole:FOLLOWER, s2|rpc:localhost:34143|admin:localhost:45987|client:localhost:44949|dataStream:localhost:35207|priority:0|startupRole:FOLLOWER]|listeners:[], old=null RUNNING
  s1:  RUNNING  FOLLOWER s1@group-8BCAFE4F30A2:t1, leader=s2, voted=s2, raftlog=Memoized:s1@group-8BCAFE4F30A2-SegmentedRaftLog:OPENED:c0, conf=0: peers:[s0|rpc:localhost:36283|admin:localhost:40863|client:localhost:42803|dataStream:localhost:40907|priority:0|startupRole:FOLLOWER, s1|rpc:localhost:33111|admin:localhost:46017|client:localhost:34605|dataStream:localhost:44937|priority:0|startupRole:FOLLOWER, s2|rpc:localhost:34143|admin:localhost:45987|client:localhost:44949|dataStream:localhost:35207|priority:0|startupRole:FOLLOWER]|listeners:[], old=null RUNNING
  s2:  RUNNING  FOLLOWER s2@group-8BCAFE4F30A2:t1, leader=s2, voted=s2, raftlog=Memoized:s2@group-8BCAFE4F30A2-SegmentedRaftLog:OPENED:c0, conf=0: peers:[s0|rpc:localhost:36283|admin:localhost:40863|client:localhost:42803|dataStream:localhost:40907|priority:0|startupRole:FOLLOWER, s1|rpc:localhost:33111|admin:localhost:46017|client:localhost:34605|dataStream:localhost:44937|priority:0|startupRole:FOLLOWER, s2|rpc:localhost:34143|admin:localhost:45987|client:localhost:44949|dataStream:localhost:35207|priority:0|startupRole:FOLLOWER]|listeners:[], old=null RUNNING
2022-07-23 19:35:43,562 [Time-limited test] WARN  ratis.RaftTestUtil (JavaUtils.java:attempt(172)) - FAILED "waitForLeader-null-(expectLeader? true)", attempt #1/100: java.lang.IllegalStateException: No leader yet : printing ALL groups
  s0:  RUNNING  FOLLOWER s0@group-8BCAFE4F30A2:t1, leader=s2, voted=s2, raftlog=Memoized:s0@group-8BCAFE4F30A2-SegmentedRaftLog:OPENED:c0, conf=0: peers:[s0|rpc:localhost:36283|admin:localhost:40863|client:localhost:42803|dataStream:localhost:40907|priority:0|startupRole:FOLLOWER, s1|rpc:localhost:33111|admin:localhost:46017|client:localhost:34605|dataStream:localhost:44937|priority:0|startupRole:FOLLOWER, s2|rpc:localhost:34143|admin:localhost:45987|client:localhost:44949|dataStream:localhost:35207|priority:0|startupRole:FOLLOWER]|listeners:[], old=null RUNNING
  s1:  RUNNING  FOLLOWER s1@group-8BCAFE4F30A2:t1, leader=s2, voted=s2, raftlog=Memoized:s1@group-8BCAFE4F30A2-SegmentedRaftLog:OPENED:c0, conf=0: peers:[s0|rpc:localhost:36283|admin:localhost:40863|client:localhost:42803|dataStream:localhost:40907|priority:0|startupRole:FOLLOWER, s1|rpc:localhost:33111|admin:localhost:46017|client:localhost:34605|dataStream:localhost:44937|priority:0|startupRole:FOLLOWER, s2|rpc:localhost:34143|admin:localhost:45987|client:localhost:44949|dataStream:localhost:35207|priority:0|startupRole:FOLLOWER]|listeners:[], old=null RUNNING
  s2:  RUNNING  FOLLOWER s2@group-8BCAFE4F30A2:t1, leader=s2, voted=s2, raftlog=Memoized:s2@group-8BCAFE4F30A2-SegmentedRaftLog:OPENED:c0, conf=0: peers:[s0|rpc:localhost:36283|admin:localhost:40863|client:localhost:42803|dataStream:localhost:40907|priority:0|startupRole:FOLLOWER, s1|rpc:localhost:33111|admin:localhost:46017|client:localhost:34605|dataStream:localhost:44937|priority:0|startupRole:FOLLOWER, s2|rpc:localhost:34143|admin:localhost:45987|client:localhost:44949|dataStream:localhost:35207|priority:0|startupRole:FOLLOWER]|listeners:[], old=null RUNNING, sleep 450ms and then retry.
java.lang.IllegalStateException: No leader yet : printing ALL groups
  s0:  RUNNING  FOLLOWER s0@group-8BCAFE4F30A2:t1, leader=s2, voted=s2, raftlog=Memoized:s0@group-8BCAFE4F30A2-SegmentedRaftLog:OPENED:c0, conf=0: peers:[s0|rpc:localhost:36283|admin:localhost:40863|client:localhost:42803|dataStream:localhost:40907|priority:0|startupRole:FOLLOWER, s1|rpc:localhost:33111|admin:localhost:46017|client:localhost:34605|dataStream:localhost:44937|priority:0|startupRole:FOLLOWER, s2|rpc:localhost:34143|admin:localhost:45987|client:localhost:44949|dataStream:localhost:35207|priority:0|startupRole:FOLLOWER]|listeners:[], old=null RUNNING
  s1:  RUNNING  FOLLOWER s1@group-8BCAFE4F30A2:t1, leader=s2, voted=s2, raftlog=Memoized:s1@group-8BCAFE4F30A2-SegmentedRaftLog:OPENED:c0, conf=0: peers:[s0|rpc:localhost:36283|admin:localhost:40863|client:localhost:42803|dataStream:localhost:40907|priority:0|startupRole:FOLLOWER, s1|rpc:localhost:33111|admin:localhost:46017|client:localhost:34605|dataStream:localhost:44937|priority:0|startupRole:FOLLOWER, s2|rpc:localhost:34143|admin:localhost:45987|client:localhost:44949|dataStream:localhost:35207|priority:0|startupRole:FOLLOWER]|listeners:[], old=null RUNNING
  s2:  RUNNING  FOLLOWER s2@group-8BCAFE4F30A2:t1, leader=s2, voted=s2, raftlog=Memoized:s2@group-8BCAFE4F30A2-SegmentedRaftLog:OPENED:c0, conf=0: peers:[s0|rpc:localhost:36283|admin:localhost:40863|client:localhost:42803|dataStream:localhost:40907|priority:0|startupRole:FOLLOWER, s1|rpc:localhost:33111|admin:localhost:46017|client:localhost:34605|dataStream:localhost:44937|priority:0|startupRole:FOLLOWER, s2|rpc:localhost:34143|admin:localhost:45987|client:localhost:44949|dataStream:localhost:35207|priority:0|startupRole:FOLLOWER]|listeners:[], old=null RUNNING
	at org.apache.ratis.server.impl.MiniRaftCluster.newIllegalStateExceptionForNoLeaders(MiniRaftCluster.java:534)
	at org.apache.ratis.RaftTestUtil.lambda$waitForLeader$1(RaftTestUtil.java:104)
	at org.apache.ratis.server.impl.MiniRaftCluster.getLeader(MiniRaftCluster.java:568)
	at org.apache.ratis.server.impl.MiniRaftCluster.getLeader(MiniRaftCluster.java:561)
	at org.apache.ratis.RaftTestUtil.lambda$waitForLeader$3(RaftTestUtil.java:112)
	at org.apache.ratis.util.JavaUtils.attempt(JavaUtils.java:166)
	at org.apache.ratis.util.JavaUtils.attemptRepeatedly(JavaUtils.java:152)
	at org.apache.ratis.RaftTestUtil.waitForLeader(RaftTestUtil.java:111)
	at org.apache.ratis.RaftTestUtil.waitForLeader(RaftTestUtil.java:92)
	at org.apache.ratis.RaftTestUtil.waitForLeader(RaftTestUtil.java:87)
	at org.apache.ratis.RaftAsyncTests.runTestCheckLeadershipFailure(RaftAsyncTests.java:452)
	at org.apache.ratis.server.impl.MiniRaftCluster$Factory$Get.runWithNewCluster(MiniRaftCluster.java:125)
	at org.apache.ratis.server.impl.MiniRaftCluster$Factory$Get.runWithNewCluster(MiniRaftCluster.java:113)
	at org.apache.ratis.RaftAsyncTests.testCheckLeadershipFailure(RaftAsyncTests.java:417)
	at sun.reflect.NativeMethodAccessorImpl.invoke0(Native Method)
	at sun.reflect.NativeMethodAccessorImpl.invoke(NativeMethodAccessorImpl.java:62)
	at sun.reflect.DelegatingMethodAccessorImpl.invoke(DelegatingMethodAccessorImpl.java:43)
	at java.lang.reflect.Method.invoke(Method.java:498)
	at org.junit.runners.model.FrameworkMethod$1.runReflectiveCall(FrameworkMethod.java:59)
	at org.junit.internal.runners.model.ReflectiveCallable.run(ReflectiveCallable.java:12)
	at org.junit.runners.model.FrameworkMethod.invokeExplosively(FrameworkMethod.java:56)
	at org.junit.internal.runners.statements.InvokeMethod.evaluate(InvokeMethod.java:17)
	at org.junit.internal.runners.statements.RunAfters.evaluate(RunAfters.java:27)
	at org.junit.internal.runners.statements.FailOnTimeout$CallableStatement.call(FailOnTimeout.java:299)
	at org.junit.internal.runners.statements.FailOnTimeout$CallableStatement.call(FailOnTimeout.java:293)
	at java.util.concurrent.FutureTask.run(FutureTask.java:266)
	at java.lang.Thread.run(Thread.java:750)
2022-07-23 19:35:43,569 [grpc-default-executor-3] INFO  server.GrpcServerProtocolService (GrpcServerProtocolService.java:onCompleted(145)) - s0: Completed APPEND_ENTRIES, lastRequest: s2->s0#6-t1,previous=(t:1, i:0),leaderCommit=0,initializing? true,entries: size=1, first=(t:1, i:1), STATEMACHINELOGENTRY, 2876@client-9484591C4642
2022-07-23 19:35:43,569 [grpc-default-executor-10] INFO  server.GrpcServerProtocolService (GrpcServerProtocolService.java:onCompleted(145)) - s1: Completed APPEND_ENTRIES, lastRequest: s2->s1#8-t1,previous=(t:1, i:0),leaderCommit=0,initializing? true,entries: size=1, first=(t:1, i:1), STATEMACHINELOGENTRY, 2876@client-9484591C4642
2022-07-23 19:35:43,570 [grpc-default-executor-10] INFO  server.GrpcLogAppender (GrpcLogAppender.java:onCompleted(386)) - s2@group-8BCAFE4F30A2->s0-AppendLogResponseHandler: follower responses appendEntries COMPLETED
2022-07-23 19:35:43,570 [grpc-default-executor-10] INFO  leader.FollowerInfo (FollowerInfoImpl.java:lambda$new$0(48)) - s2@group-8BCAFE4F30A2->s0: nextIndex: updateUnconditionally 2 -> 1
2022-07-23 19:35:43,569 [Thread-9751] DEBUG server.RaftServer$Division (RaftServerImpl.java:logAppendEntries(1305)) - s0@group-8BCAFE4F30A2: succeeded to handle AppendEntries. Reply: s2<-s0#6:OK-t1,SUCCESS,nextIndex=2,followerCommit=0,matchIndex=1
2022-07-23 19:35:43,570 [grpc-default-executor-10] INFO  server.GrpcLogAppender (GrpcLogAppender.java:onCompleted(386)) - s2@group-8BCAFE4F30A2->s1-AppendLogResponseHandler: follower responses appendEntries COMPLETED
2022-07-23 19:35:43,570 [grpc-default-executor-10] INFO  leader.FollowerInfo (FollowerInfoImpl.java:lambda$new$0(48)) - s2@group-8BCAFE4F30A2->s1: nextIndex: updateUnconditionally 2 -> 1
2022-07-23 19:35:43,570 [Thread-9752] DEBUG server.RaftServer$Division (RaftServerImpl.java:logAppendEntries(1305)) - s1@group-8BCAFE4F30A2: succeeded to handle AppendEntries. Reply: s2<-s1#8:OK-t1,SUCCESS,nextIndex=2,followerCommit=0,matchIndex=1
2022-07-23 19:35:43,581 [grpc-default-executor-12] INFO  server.GrpcServerProtocolService (GrpcServerProtocolService.java:onCompleted(145)) - s0: Completed APPEND_ENTRIES, lastRequest: null
2022-07-23 19:35:43,581 [grpc-default-executor-12] INFO  server.GrpcLogAppender (GrpcLogAppender.java:onCompleted(386)) - s2@group-8BCAFE4F30A2->s0-AppendLogResponseHandler: follower responses appendEntries COMPLETED
2022-07-23 19:35:43,581 [grpc-default-executor-12] INFO  leader.FollowerInfo (FollowerInfoImpl.java:lambda$new$0(48)) - s2@group-8BCAFE4F30A2->s0: nextIndex: updateUnconditionally 1 -> 0
2022-07-23 19:35:43,592 [grpc-default-executor-17] INFO  server.GrpcServerProtocolService (GrpcServerProtocolService.java:onCompleted(145)) - s1: Completed APPEND_ENTRIES, lastRequest: null
2022-07-23 19:35:43,593 [s0@group-1D19F5312903-FollowerState] INFO  impl.FollowerState (FollowerState.java:run(143)) - s0@group-1D19F5312903-FollowerState: change to CANDIDATE, lastRpcElapsedTime:268287923ns, electionTimeout:268ms
2022-07-23 19:35:43,593 [s0@group-1D19F5312903-FollowerState] INFO  impl.RoleInfo (RoleInfo.java:shutdownFollowerState(110)) - s0: shutdown s0@group-1D19F5312903-FollowerState
2022-07-23 19:35:43,593 [s0@group-1D19F5312903-FollowerState] INFO  server.RaftServer$Division (RaftServerImpl.java:setRole(301)) - s0@group-1D19F5312903: changes role from  FOLLOWER to CANDIDATE at term 1 for changeToCandidate
2022-07-23 19:35:43,593 [grpc-default-executor-12] INFO  server.GrpcLogAppender (GrpcLogAppender.java:onCompleted(386)) - s2@group-8BCAFE4F30A2->s1-AppendLogResponseHandler: follower responses appendEntries COMPLETED
2022-07-23 19:35:43,593 [grpc-default-executor-12] INFO  leader.FollowerInfo (FollowerInfoImpl.java:lambda$new$0(48)) - s2@group-8BCAFE4F30A2->s1: nextIndex: updateUnconditionally 1 -> 0
2022-07-23 19:35:43,593 [s0@group-1D19F5312903-FollowerState] INFO  server.RaftServerConfigKeys (ConfUtils.java:logGet(46)) - raft.server.leaderelection.pre-vote = true (default)
2022-07-23 19:35:43,593 [s0@group-1D19F5312903-FollowerState] INFO  impl.RoleInfo (RoleInfo.java:updateAndGet(139)) - s0: start s0@group-1D19F5312903-LeaderElection49
2022-07-23 19:35:43,593 [s0@group-1D19F5312903-LeaderElection49] INFO  impl.LeaderElection (LeaderElection.java:askForVotes(310)) - s0@group-1D19F5312903-LeaderElection49 PRE_VOTE round 0: submit vote requests at term 1 for 0: peers:[s0|rpc:localhost:33053|admin:localhost:34833|client:localhost:45065|dataStream:localhost:40973|priority:0|startupRole:FOLLOWER, s1|rpc:localhost:37337|admin:localhost:46639|client:localhost:33239|dataStream:localhost:44379|priority:0|startupRole:FOLLOWER, s2|rpc:localhost:36285|admin:localhost:33785|client:localhost:35753|dataStream:localhost:36721|priority:0|startupRole:FOLLOWER]|listeners:[], old=null
2022-07-23 19:35:43,594 [s0@group-1D19F5312903-LeaderElection49] INFO  impl.LeaderElection (LogUtils.java:infoOrTrace(137)) - s0@group-1D19F5312903-LeaderElection49 got exception when requesting votes: java.util.concurrent.ExecutionException: org.apache.ratis.thirdparty.io.grpc.StatusRuntimeException: UNAVAILABLE: io exception
2022-07-23 19:35:43,594 [s0@group-1D19F5312903-LeaderElection49] INFO  impl.LeaderElection (LogUtils.java:infoOrTrace(137)) - s0@group-1D19F5312903-LeaderElection49 got exception when requesting votes: java.util.concurrent.ExecutionException: org.apache.ratis.thirdparty.io.grpc.StatusRuntimeException: UNAVAILABLE: io exception
2022-07-23 19:35:43,594 [s0@group-1D19F5312903-LeaderElection49] INFO  impl.LeaderElection (LeaderElection.java:logAndReturn(90)) - s0@group-1D19F5312903-LeaderElection49: PRE_VOTE REJECTED received 0 response(s) and 2 exception(s):
2022-07-23 19:35:43,594 [s0@group-1D19F5312903-LeaderElection49] INFO  impl.LeaderElection (LogUtils.java:infoOrTrace(137)) -   Exception 0: java.util.concurrent.ExecutionException: org.apache.ratis.thirdparty.io.grpc.StatusRuntimeException: UNAVAILABLE: io exception
2022-07-23 19:35:43,594 [s0@group-1D19F5312903-LeaderElection49] INFO  impl.LeaderElection (LogUtils.java:infoOrTrace(137)) -   Exception 1: java.util.concurrent.ExecutionException: org.apache.ratis.thirdparty.io.grpc.StatusRuntimeException: UNAVAILABLE: io exception
2022-07-23 19:35:43,594 [s0@group-1D19F5312903-LeaderElection49] INFO  impl.LeaderElection (LeaderElection.java:askForVotes(312)) - s0@group-1D19F5312903-LeaderElection49 PRE_VOTE round 0: result REJECTED
2022-07-23 19:35:43,594 [s0@group-1D19F5312903-LeaderElection49] INFO  server.RaftServer$Division (RaftServerImpl.java:setRole(301)) - s0@group-1D19F5312903: changes role from CANDIDATE to FOLLOWER at term 1 for REJECTED
2022-07-23 19:35:43,594 [s0@group-1D19F5312903-LeaderElection49] INFO  impl.RoleInfo (RoleInfo.java:shutdownLeaderElection(130)) - s0: shutdown s0@group-1D19F5312903-LeaderElection49
2022-07-23 19:35:43,594 [s0@group-1D19F5312903-LeaderElection49] INFO  impl.RoleInfo (RoleInfo.java:updateAndGet(139)) - s0: start s0@group-1D19F5312903-FollowerState
2022-07-23 19:35:43,639 [java.util.concurrent.ThreadPoolExecutor$Worker@1211315e[State = -1, empty queue]] DEBUG client.RaftClient (RaftClientImpl.java:handleIOException(366)) - client-9484591C4642: suggested new leader: null. Failed RaftClientRequest:client-9484591C4642->s1@group-8BCAFE4F30A2, cid=2876, seq=1*, RW, abc with {}
org.apache.ratis.protocol.exceptions.AlreadyClosedException: client-9484591C4642 is already CLOSED
	at org.apache.ratis.util.PeerProxyMap$PeerAndProxy.getProxy(PeerProxyMap.java:61)
	at org.apache.ratis.util.PeerProxyMap.getProxy(PeerProxyMap.java:115)
	at org.apache.ratis.grpc.client.GrpcClientRpc.sendRequestAsync(GrpcClientRpc.java:69)
	at org.apache.ratis.client.impl.OrderedAsync.sendRequest(OrderedAsync.java:245)
	at org.apache.ratis.client.impl.OrderedAsync.sendRequestWithRetry(OrderedAsync.java:198)
	at org.apache.ratis.util.SlidingWindow$Client.sendOrDelayRequest(SlidingWindow.java:280)
	at org.apache.ratis.util.SlidingWindow$Client.retry(SlidingWindow.java:296)
	at org.apache.ratis.client.impl.OrderedAsync.lambda$scheduleWithTimeout$7(OrderedAsync.java:232)
	at org.apache.ratis.util.TimeoutScheduler.lambda$onTimeout$0(TimeoutScheduler.java:141)
	at org.apache.ratis.util.TimeoutScheduler.lambda$onTimeout$1(TimeoutScheduler.java:155)
	at org.apache.ratis.util.LogUtils.runAndLog(LogUtils.java:38)
	at org.apache.ratis.util.LogUtils$1.run(LogUtils.java:79)
	at java.util.concurrent.Executors$RunnableAdapter.call(Executors.java:511)
	at java.util.concurrent.FutureTask.run(FutureTask.java:266)
	at java.util.concurrent.ScheduledThreadPoolExecutor$ScheduledFutureTask.access$201(ScheduledThreadPoolExecutor.java:180)
	at java.util.concurrent.ScheduledThreadPoolExecutor$ScheduledFutureTask.run(ScheduledThreadPoolExecutor.java:293)
	at java.util.concurrent.ThreadPoolExecutor.runWorker(ThreadPoolExecutor.java:1149)
	at java.util.concurrent.ThreadPoolExecutor$Worker.run(ThreadPoolExecutor.java:624)
	at java.lang.Thread.run(Thread.java:750)
2022-07-23 19:35:43,639 [java.util.concurrent.ThreadPoolExecutor$Worker@1211315e[State = -1, empty queue]] DEBUG client.RaftClient (RaftClientImpl.java:handleIOException(385)) - client-9484591C4642: oldLeader=s1,  curLeader=s1, newLeader=s2
2022-07-23 19:35:43,639 [java.util.concurrent.ThreadPoolExecutor$Worker@1211315e[State = -1, empty queue]] DEBUG client.RaftClient (RaftClientImpl.java:handleIOException(391)) - group-8BCAFE4F30A2 client-9484591C4642: client change Leader from s1 to s2 ex=org.apache.ratis.protocol.exceptions.AlreadyClosedException
2022-07-23 19:35:43,700 [s2@group-8BCAFE4F30A2-FollowerState] INFO  impl.FollowerState (FollowerState.java:lostMajorityHeartbeatsRecently(108)) - s2@group-8BCAFE4F30A2-FollowerState: Skipping leader election since it stepped down recently (elapsed = 828ms < waitTime = 10s)
2022-07-23 19:35:43,739 [java.util.concurrent.ThreadPoolExecutor$Worker@1c3e3f06[State = -1, empty queue]] DEBUG client.RaftClient (RaftClientImpl.java:handleIOException(366)) - client-9484591C4642: suggested new leader: null. Failed RaftClientRequest:client-9484591C4642->s2@group-8BCAFE4F30A2, cid=2876, seq=1*, RW, abc with {}
org.apache.ratis.protocol.exceptions.AlreadyClosedException: client-9484591C4642 is already CLOSED
	at org.apache.ratis.util.PeerProxyMap$PeerAndProxy.getProxy(PeerProxyMap.java:61)
	at org.apache.ratis.util.PeerProxyMap.getProxy(PeerProxyMap.java:115)
	at org.apache.ratis.grpc.client.GrpcClientRpc.sendRequestAsync(GrpcClientRpc.java:69)
	at org.apache.ratis.client.impl.OrderedAsync.sendRequest(OrderedAsync.java:245)
	at org.apache.ratis.client.impl.OrderedAsync.sendRequestWithRetry(OrderedAsync.java:198)
	at org.apache.ratis.util.SlidingWindow$Client.sendOrDelayRequest(SlidingWindow.java:280)
	at org.apache.ratis.util.SlidingWindow$Client.retry(SlidingWindow.java:296)
	at org.apache.ratis.client.impl.OrderedAsync.lambda$scheduleWithTimeout$7(OrderedAsync.java:232)
	at org.apache.ratis.util.TimeoutScheduler.lambda$onTimeout$0(TimeoutScheduler.java:141)
	at org.apache.ratis.util.TimeoutScheduler.lambda$onTimeout$1(TimeoutScheduler.java:155)
	at org.apache.ratis.util.LogUtils.runAndLog(LogUtils.java:38)
	at org.apache.ratis.util.LogUtils$1.run(LogUtils.java:79)
	at java.util.concurrent.Executors$RunnableAdapter.call(Executors.java:511)
	at java.util.concurrent.FutureTask.run(FutureTask.java:266)
	at java.util.concurrent.ScheduledThreadPoolExecutor$ScheduledFutureTask.access$201(ScheduledThreadPoolExecutor.java:180)
	at java.util.concurrent.ScheduledThreadPoolExecutor$ScheduledFutureTask.run(ScheduledThreadPoolExecutor.java:293)
	at java.util.concurrent.ThreadPoolExecutor.runWorker(ThreadPoolExecutor.java:1149)
	at java.util.concurrent.ThreadPoolExecutor$Worker.run(ThreadPoolExecutor.java:624)
	at java.lang.Thread.run(Thread.java:750)
2022-07-23 19:35:43,740 [java.util.concurrent.ThreadPoolExecutor$Worker@1c3e3f06[State = -1, empty queue]] DEBUG client.RaftClient (RaftClientImpl.java:handleIOException(385)) - client-9484591C4642: oldLeader=s2,  curLeader=s2, newLeader=s1
2022-07-23 19:35:43,740 [java.util.concurrent.ThreadPoolExecutor$Worker@1c3e3f06[State = -1, empty queue]] DEBUG client.RaftClient (RaftClientImpl.java:handleIOException(391)) - group-8BCAFE4F30A2 client-9484591C4642: client change Leader from s2 to s1 ex=org.apache.ratis.protocol.exceptions.AlreadyClosedException
2022-07-23 19:35:43,838 [s0@group-1D19F5312903-FollowerState] INFO  impl.FollowerState (FollowerState.java:run(143)) - s0@group-1D19F5312903-FollowerState: change to CANDIDATE, lastRpcElapsedTime:244456500ns, electionTimeout:244ms
2022-07-23 19:35:43,839 [s0@group-1D19F5312903-FollowerState] INFO  impl.RoleInfo (RoleInfo.java:shutdownFollowerState(110)) - s0: shutdown s0@group-1D19F5312903-FollowerState
2022-07-23 19:35:43,839 [s0@group-1D19F5312903-FollowerState] INFO  server.RaftServer$Division (RaftServerImpl.java:setRole(301)) - s0@group-1D19F5312903: changes role from  FOLLOWER to CANDIDATE at term 1 for changeToCandidate
2022-07-23 19:35:43,839 [s0@group-1D19F5312903-FollowerState] INFO  server.RaftServerConfigKeys (ConfUtils.java:logGet(46)) - raft.server.leaderelection.pre-vote = true (default)
2022-07-23 19:35:43,839 [s0@group-1D19F5312903-FollowerState] INFO  impl.RoleInfo (RoleInfo.java:updateAndGet(139)) - s0: start s0@group-1D19F5312903-LeaderElection50
2022-07-23 19:35:43,839 [s0@group-1D19F5312903-LeaderElection50] INFO  impl.LeaderElection (LeaderElection.java:askForVotes(310)) - s0@group-1D19F5312903-LeaderElection50 PRE_VOTE round 0: submit vote requests at term 1 for 0: peers:[s0|rpc:localhost:33053|admin:localhost:34833|client:localhost:45065|dataStream:localhost:40973|priority:0|startupRole:FOLLOWER, s1|rpc:localhost:37337|admin:localhost:46639|client:localhost:33239|dataStream:localhost:44379|priority:0|startupRole:FOLLOWER, s2|rpc:localhost:36285|admin:localhost:33785|client:localhost:35753|dataStream:localhost:36721|priority:0|startupRole:FOLLOWER]|listeners:[], old=null
2022-07-23 19:35:43,844 [s1-client-thread1] DEBUG server.RaftServer$Division (RaftServerImpl.java:submitClientRequestAsync(803)) - s1@group-8BCAFE4F30A2: receive client request(RaftClientRequest:client-9484591C4642->s1@group-8BCAFE4F30A2, cid=2876, seq=1*, RW, Message:616263)
2022-07-23 19:35:43,848 [grpc-default-executor-12] DEBUG client.RaftClient (RaftClientImpl.java:handleIOException(366)) - client-9484591C4642: suggested new leader: s2. Failed RaftClientRequest:client-9484591C4642->s1@group-8BCAFE4F30A2, cid=2876, seq=1*, RW, abc with {}
org.apache.ratis.protocol.exceptions.NotLeaderException: Server s1@group-8BCAFE4F30A2 is not the leader s2|rpc:localhost:34143|admin:localhost:45987|client:localhost:44949|dataStream:localhost:35207|priority:0|startupRole:FOLLOWER
	at org.apache.ratis.client.impl.ClientProtoUtils.toRaftClientReply(ClientProtoUtils.java:378)
	at org.apache.ratis.grpc.client.GrpcClientProtocolClient$AsyncStreamObservers$1.onNext(GrpcClientProtocolClient.java:321)
	at org.apache.ratis.grpc.client.GrpcClientProtocolClient$AsyncStreamObservers$1.onNext(GrpcClientProtocolClient.java:316)
	at org.apache.ratis.thirdparty.io.grpc.stub.ClientCalls$StreamObserverToCallListenerAdapter.onMessage(ClientCalls.java:466)
	at org.apache.ratis.thirdparty.io.grpc.ForwardingClientCallListener.onMessage(ForwardingClientCallListener.java:33)
	at org.apache.ratis.thirdparty.io.grpc.internal.ClientCallImpl$ClientStreamListenerImpl$1MessagesAvailable.runInternal(ClientCallImpl.java:661)
	at org.apache.ratis.thirdparty.io.grpc.internal.ClientCallImpl$ClientStreamListenerImpl$1MessagesAvailable.runInContext(ClientCallImpl.java:646)
	at org.apache.ratis.thirdparty.io.grpc.internal.ContextRunnable.run(ContextRunnable.java:37)
	at org.apache.ratis.thirdparty.io.grpc.internal.SerializingExecutor.run(SerializingExecutor.java:133)
	at java.util.concurrent.ThreadPoolExecutor.runWorker(ThreadPoolExecutor.java:1149)
	at java.util.concurrent.ThreadPoolExecutor$Worker.run(ThreadPoolExecutor.java:624)
	at java.lang.Thread.run(Thread.java:750)
2022-07-23 19:35:43,848 [grpc-default-executor-12] DEBUG client.RaftClient (RaftClientImpl.java:handleIOException(385)) - client-9484591C4642: oldLeader=s1,  curLeader=s1, newLeader=s2
2022-07-23 19:35:43,848 [grpc-default-executor-12] DEBUG client.RaftClient (RaftClientImpl.java:handleIOException(391)) - group-8BCAFE4F30A2 client-9484591C4642: client change Leader from s1 to s2 ex=org.apache.ratis.protocol.exceptions.NotLeaderException
2022-07-23 19:35:43,850 [s0@group-1D19F5312903-LeaderElection50] INFO  impl.LeaderElection (LogUtils.java:infoOrTrace(137)) - s0@group-1D19F5312903-LeaderElection50 got exception when requesting votes: java.util.concurrent.ExecutionException: org.apache.ratis.thirdparty.io.grpc.StatusRuntimeException: UNAVAILABLE: io exception
2022-07-23 19:35:43,850 [s0@group-1D19F5312903-LeaderElection50] INFO  impl.LeaderElection (LogUtils.java:infoOrTrace(137)) - s0@group-1D19F5312903-LeaderElection50 got exception when requesting votes: java.util.concurrent.ExecutionException: org.apache.ratis.thirdparty.io.grpc.StatusRuntimeException: UNAVAILABLE: io exception
2022-07-23 19:35:43,850 [s0@group-1D19F5312903-LeaderElection50] INFO  impl.LeaderElection (LeaderElection.java:logAndReturn(90)) - s0@group-1D19F5312903-LeaderElection50: PRE_VOTE REJECTED received 0 response(s) and 2 exception(s):
2022-07-23 19:35:43,850 [s0@group-1D19F5312903-LeaderElection50] INFO  impl.LeaderElection (LogUtils.java:infoOrTrace(137)) -   Exception 0: java.util.concurrent.ExecutionException: org.apache.ratis.thirdparty.io.grpc.StatusRuntimeException: UNAVAILABLE: io exception
2022-07-23 19:35:43,850 [s0@group-1D19F5312903-LeaderElection50] INFO  impl.LeaderElection (LogUtils.java:infoOrTrace(137)) -   Exception 1: java.util.concurrent.ExecutionException: org.apache.ratis.thirdparty.io.grpc.StatusRuntimeException: UNAVAILABLE: io exception
2022-07-23 19:35:43,850 [s0@group-1D19F5312903-LeaderElection50] INFO  impl.LeaderElection (LeaderElection.java:askForVotes(312)) - s0@group-1D19F5312903-LeaderElection50 PRE_VOTE round 0: result REJECTED
2022-07-23 19:35:43,850 [s0@group-1D19F5312903-LeaderElection50] INFO  server.RaftServer$Division (RaftServerImpl.java:setRole(301)) - s0@group-1D19F5312903: changes role from CANDIDATE to FOLLOWER at term 1 for REJECTED
2022-07-23 19:35:43,850 [s0@group-1D19F5312903-LeaderElection50] INFO  impl.RoleInfo (RoleInfo.java:shutdownLeaderElection(130)) - s0: shutdown s0@group-1D19F5312903-LeaderElection50
2022-07-23 19:35:43,850 [s0@group-1D19F5312903-LeaderElection50] INFO  impl.RoleInfo (RoleInfo.java:updateAndGet(139)) - s0: start s0@group-1D19F5312903-FollowerState
2022-07-23 19:35:43,853 [s2-client-thread1] DEBUG server.RaftServer$Division (RaftServerImpl.java:submitClientRequestAsync(803)) - s2@group-8BCAFE4F30A2: receive client request(RaftClientRequest:client-9484591C4642->s2@group-8BCAFE4F30A2, cid=2876, seq=1*, RW, Message:616263)
2022-07-23 19:35:43,853 [grpc-default-executor-10] DEBUG client.RaftClient (RaftClientImpl.java:handleIOException(366)) - client-9484591C4642: suggested new leader: null. Failed RaftClientRequest:client-9484591C4642->s2@group-8BCAFE4F30A2, cid=2876, seq=1*, RW, abc with {}
org.apache.ratis.protocol.exceptions.NotLeaderException: Server s2@group-8BCAFE4F30A2 is not the leader
	at org.apache.ratis.client.impl.ClientProtoUtils.toRaftClientReply(ClientProtoUtils.java:378)
	at org.apache.ratis.grpc.client.GrpcClientProtocolClient$AsyncStreamObservers$1.onNext(GrpcClientProtocolClient.java:321)
	at org.apache.ratis.grpc.client.GrpcClientProtocolClient$AsyncStreamObservers$1.onNext(GrpcClientProtocolClient.java:316)
	at org.apache.ratis.thirdparty.io.grpc.stub.ClientCalls$StreamObserverToCallListenerAdapter.onMessage(ClientCalls.java:466)
	at org.apache.ratis.thirdparty.io.grpc.ForwardingClientCallListener.onMessage(ForwardingClientCallListener.java:33)
	at org.apache.ratis.thirdparty.io.grpc.internal.DelayedClientCall$DelayedListener.onMessage(DelayedClientCall.java:447)
	at org.apache.ratis.thirdparty.io.grpc.internal.ClientCallImpl$ClientStreamListenerImpl$1MessagesAvailable.runInternal(ClientCallImpl.java:661)
	at org.apache.ratis.thirdparty.io.grpc.internal.ClientCallImpl$ClientStreamListenerImpl$1MessagesAvailable.runInContext(ClientCallImpl.java:646)
	at org.apache.ratis.thirdparty.io.grpc.internal.ContextRunnable.run(ContextRunnable.java:37)
	at org.apache.ratis.thirdparty.io.grpc.internal.SerializingExecutor.run(SerializingExecutor.java:133)
	at java.util.concurrent.ThreadPoolExecutor.runWorker(ThreadPoolExecutor.java:1149)
	at java.util.concurrent.ThreadPoolExecutor$Worker.run(ThreadPoolExecutor.java:624)
	at java.lang.Thread.run(Thread.java:750)
2022-07-23 19:35:43,853 [grpc-default-executor-10] DEBUG client.RaftClient (RaftClientImpl.java:handleIOException(385)) - client-9484591C4642: oldLeader=s2,  curLeader=s2, newLeader=s0
2022-07-23 19:35:43,853 [grpc-default-executor-10] DEBUG client.RaftClient (RaftClientImpl.java:handleIOException(391)) - group-8BCAFE4F30A2 client-9484591C4642: client change Leader from s2 to s0 ex=org.apache.ratis.protocol.exceptions.NotLeaderException
2022-07-23 19:35:43,910 [s1@group-8BCAFE4F30A2-FollowerState] INFO  impl.FollowerState (FollowerState.java:run(143)) - s1@group-8BCAFE4F30A2-FollowerState: change to CANDIDATE, lastRpcElapsedTime:317154583ns, electionTimeout:153ms
2022-07-23 19:35:43,910 [s1@group-8BCAFE4F30A2-FollowerState] INFO  impl.RoleInfo (RoleInfo.java:shutdownFollowerState(110)) - s1: shutdown s1@group-8BCAFE4F30A2-FollowerState
2022-07-23 19:35:43,910 [s1@group-8BCAFE4F30A2-FollowerState] INFO  server.RaftServer$Division (RaftServerImpl.java:setRole(301)) - s1@group-8BCAFE4F30A2: changes role from  FOLLOWER to CANDIDATE at term 1 for changeToCandidate
2022-07-23 19:35:43,910 [s1@group-8BCAFE4F30A2-FollowerState] INFO  server.RaftServerConfigKeys (ConfUtils.java:logGet(46)) - raft.server.leaderelection.pre-vote = true (default)
2022-07-23 19:35:43,910 [s1@group-8BCAFE4F30A2-FollowerState] INFO  impl.RoleInfo (RoleInfo.java:updateAndGet(139)) - s1: start s1@group-8BCAFE4F30A2-LeaderElection51
2022-07-23 19:35:43,910 [s1@group-8BCAFE4F30A2-LeaderElection51] INFO  server.RaftServer$Division (ServerState.java:setLeader(313)) - s1@group-8BCAFE4F30A2: change Leader from s2 to null at term 1 for PRE_VOTE
2022-07-23 19:35:43,911 [s1@group-8BCAFE4F30A2-LeaderElection51] INFO  impl.LeaderElection (LeaderElection.java:askForVotes(310)) - s1@group-8BCAFE4F30A2-LeaderElection51 PRE_VOTE round 0: submit vote requests at term 1 for 0: peers:[s0|rpc:localhost:36283|admin:localhost:40863|client:localhost:42803|dataStream:localhost:40907|priority:0|startupRole:FOLLOWER, s1|rpc:localhost:33111|admin:localhost:46017|client:localhost:34605|dataStream:localhost:44937|priority:0|startupRole:FOLLOWER, s2|rpc:localhost:34143|admin:localhost:45987|client:localhost:44949|dataStream:localhost:35207|priority:0|startupRole:FOLLOWER]|listeners:[], old=null
2022-07-23 19:35:43,911 [s1@group-8BCAFE4F30A2-LeaderElection51-1] INFO  server.GrpcServerProtocolClient (GrpcServerProtocolClient.java:<init>(63)) - Build channel for s0
2022-07-23 19:35:43,911 [s1@group-8BCAFE4F30A2-LeaderElection51-2] INFO  server.GrpcServerProtocolClient (GrpcServerProtocolClient.java:<init>(63)) - Build channel for s2
2022-07-23 19:35:43,915 [grpc-default-executor-10] INFO  server.RaftServer$Division (RaftServerImpl.java:requestVote(1198)) - s0@group-8BCAFE4F30A2: receive requestVote(PRE_VOTE, s1, group-8BCAFE4F30A2, 1, (t:1, i:1))
2022-07-23 19:35:43,915 [grpc-default-executor-10] INFO  impl.VoteContext (VoteContext.java:log(48)) - s0@group-8BCAFE4F30A2-FOLLOWER: accept PRE_VOTE from s1: our priority 0 <= candidate's priority 0
2022-07-23 19:35:43,915 [grpc-default-executor-10] INFO  server.RaftServer$Division (RaftServerImpl.java:requestVote(1231)) - s0@group-8BCAFE4F30A2 replies to PRE_VOTE vote request: s1<-s0#0:OK-t1. Peer's state: s0@group-8BCAFE4F30A2:t1, leader=s2, voted=s2, raftlog=Memoized:s0@group-8BCAFE4F30A2-SegmentedRaftLog:OPENED:c0, conf=0: peers:[s0|rpc:localhost:36283|admin:localhost:40863|client:localhost:42803|dataStream:localhost:40907|priority:0|startupRole:FOLLOWER, s1|rpc:localhost:33111|admin:localhost:46017|client:localhost:34605|dataStream:localhost:44937|priority:0|startupRole:FOLLOWER, s2|rpc:localhost:34143|admin:localhost:45987|client:localhost:44949|dataStream:localhost:35207|priority:0|startupRole:FOLLOWER]|listeners:[], old=null
2022-07-23 19:35:43,916 [s1@group-8BCAFE4F30A2-LeaderElection51] INFO  impl.LeaderElection (LeaderElection.java:logAndReturn(90)) - s1@group-8BCAFE4F30A2-LeaderElection51: PRE_VOTE PASSED received 1 response(s) and 0 exception(s):
2022-07-23 19:35:43,916 [s1@group-8BCAFE4F30A2-LeaderElection51] INFO  impl.LeaderElection (LeaderElection.java:logAndReturn(94)) -   Response 0: s1<-s0#0:OK-t1
2022-07-23 19:35:43,916 [s1@group-8BCAFE4F30A2-LeaderElection51] INFO  impl.LeaderElection (LeaderElection.java:askForVotes(312)) - s1@group-8BCAFE4F30A2-LeaderElection51 PRE_VOTE round 0: result PASSED
2022-07-23 19:35:43,917 [grpc-default-executor-10] INFO  server.RaftServer$Division (RaftServerImpl.java:requestVote(1198)) - s2@group-8BCAFE4F30A2: receive requestVote(PRE_VOTE, s1, group-8BCAFE4F30A2, 1, (t:1, i:1))
2022-07-23 19:35:43,918 [grpc-default-executor-10] INFO  impl.VoteContext (VoteContext.java:log(48)) - s2@group-8BCAFE4F30A2-FOLLOWER: accept PRE_VOTE from s1: our priority 0 <= candidate's priority 0
2022-07-23 19:35:43,918 [grpc-default-executor-10] INFO  server.RaftServer$Division (RaftServerImpl.java:requestVote(1231)) - s2@group-8BCAFE4F30A2 replies to PRE_VOTE vote request: s1<-s2#0:OK-t1. Peer's state: s2@group-8BCAFE4F30A2:t1, leader=s2, voted=s2, raftlog=Memoized:s2@group-8BCAFE4F30A2-SegmentedRaftLog:OPENED:c0, conf=0: peers:[s0|rpc:localhost:36283|admin:localhost:40863|client:localhost:42803|dataStream:localhost:40907|priority:0|startupRole:FOLLOWER, s1|rpc:localhost:33111|admin:localhost:46017|client:localhost:34605|dataStream:localhost:44937|priority:0|startupRole:FOLLOWER, s2|rpc:localhost:34143|admin:localhost:45987|client:localhost:44949|dataStream:localhost:35207|priority:0|startupRole:FOLLOWER]|listeners:[], old=null
2022-07-23 19:35:43,917 [s1@group-8BCAFE4F30A2-LeaderElection51] INFO  impl.LeaderElection (LeaderElection.java:askForVotes(310)) - s1@group-8BCAFE4F30A2-LeaderElection51 ELECTION round 0: submit vote requests at term 2 for 0: peers:[s0|rpc:localhost:36283|admin:localhost:40863|client:localhost:42803|dataStream:localhost:40907|priority:0|startupRole:FOLLOWER, s1|rpc:localhost:33111|admin:localhost:46017|client:localhost:34605|dataStream:localhost:44937|priority:0|startupRole:FOLLOWER, s2|rpc:localhost:34143|admin:localhost:45987|client:localhost:44949|dataStream:localhost:35207|priority:0|startupRole:FOLLOWER]|listeners:[], old=null
2022-07-23 19:35:43,919 [grpc-default-executor-10] INFO  server.RaftServer$Division (RaftServerImpl.java:requestVote(1198)) - s0@group-8BCAFE4F30A2: receive requestVote(ELECTION, s1, group-8BCAFE4F30A2, 2, (t:1, i:1))
2022-07-23 19:35:43,919 [grpc-default-executor-10] INFO  impl.VoteContext (VoteContext.java:log(48)) - s0@group-8BCAFE4F30A2-FOLLOWER: accept ELECTION from s1: our priority 0 <= candidate's priority 0
2022-07-23 19:35:43,919 [grpc-default-executor-10] INFO  server.RaftServer$Division (ServerState.java:setLeader(313)) - s0@group-8BCAFE4F30A2: change Leader from s2 to null at term 2 for updateCurrentTerm
2022-07-23 19:35:43,919 [grpc-default-executor-10] INFO  server.RaftServer$Division (RaftServerImpl.java:setRole(301)) - s0@group-8BCAFE4F30A2: changes role from  FOLLOWER to FOLLOWER at term 2 for candidate:s1
2022-07-23 19:35:43,919 [grpc-default-executor-10] INFO  impl.RoleInfo (RoleInfo.java:shutdownFollowerState(110)) - s0: shutdown s0@group-8BCAFE4F30A2-FollowerState
2022-07-23 19:35:43,919 [grpc-default-executor-10] INFO  impl.RoleInfo (RoleInfo.java:updateAndGet(139)) - s0: start s0@group-8BCAFE4F30A2-FollowerState
2022-07-23 19:35:43,919 [s0@group-8BCAFE4F30A2-FollowerState] INFO  impl.FollowerState (FollowerState.java:run(152)) - s0@group-8BCAFE4F30A2-FollowerState was interrupted
2022-07-23 19:35:43,920 [grpc-default-executor-12] INFO  server.RaftServer$Division (RaftServerImpl.java:requestVote(1198)) - s2@group-8BCAFE4F30A2: receive requestVote(ELECTION, s1, group-8BCAFE4F30A2, 2, (t:1, i:1))
2022-07-23 19:35:43,920 [grpc-default-executor-12] INFO  impl.VoteContext (VoteContext.java:log(48)) - s2@group-8BCAFE4F30A2-FOLLOWER: accept ELECTION from s1: our priority 0 <= candidate's priority 0
2022-07-23 19:35:43,920 [grpc-default-executor-12] INFO  server.RaftServer$Division (ServerState.java:setLeader(313)) - s2@group-8BCAFE4F30A2: change Leader from s2 to null at term 2 for updateCurrentTerm
2022-07-23 19:35:43,920 [grpc-default-executor-12] INFO  server.RaftServer$Division (RaftServerImpl.java:setRole(301)) - s2@group-8BCAFE4F30A2: changes role from  FOLLOWER to FOLLOWER at term 2 for candidate:s1
2022-07-23 19:35:43,920 [grpc-default-executor-12] INFO  impl.RoleInfo (RoleInfo.java:shutdownFollowerState(110)) - s2: shutdown s2@group-8BCAFE4F30A2-FollowerState
2022-07-23 19:35:43,920 [grpc-default-executor-12] INFO  impl.RoleInfo (RoleInfo.java:updateAndGet(139)) - s2: start s2@group-8BCAFE4F30A2-FollowerState
2022-07-23 19:35:43,920 [s2@group-8BCAFE4F30A2-FollowerState] INFO  impl.FollowerState (FollowerState.java:run(152)) - s2@group-8BCAFE4F30A2-FollowerState was interrupted
2022-07-23 19:35:43,920 [grpc-default-executor-10] INFO  server.RaftServer$Division (RaftServerImpl.java:requestVote(1231)) - s0@group-8BCAFE4F30A2 replies to ELECTION vote request: s1<-s0#0:OK-t2. Peer's state: s0@group-8BCAFE4F30A2:t2, leader=null, voted=s1, raftlog=Memoized:s0@group-8BCAFE4F30A2-SegmentedRaftLog:OPENED:c0, conf=0: peers:[s0|rpc:localhost:36283|admin:localhost:40863|client:localhost:42803|dataStream:localhost:40907|priority:0|startupRole:FOLLOWER, s1|rpc:localhost:33111|admin:localhost:46017|client:localhost:34605|dataStream:localhost:44937|priority:0|startupRole:FOLLOWER, s2|rpc:localhost:34143|admin:localhost:45987|client:localhost:44949|dataStream:localhost:35207|priority:0|startupRole:FOLLOWER]|listeners:[], old=null
2022-07-23 19:35:43,921 [s1@group-8BCAFE4F30A2-LeaderElection51] INFO  impl.LeaderElection (LeaderElection.java:logAndReturn(90)) - s1@group-8BCAFE4F30A2-LeaderElection51: ELECTION PASSED received 1 response(s) and 0 exception(s):
2022-07-23 19:35:43,921 [s1@group-8BCAFE4F30A2-LeaderElection51] INFO  impl.LeaderElection (LeaderElection.java:logAndReturn(94)) -   Response 0: s1<-s0#0:OK-t2
2022-07-23 19:35:43,921 [s1@group-8BCAFE4F30A2-LeaderElection51] INFO  impl.LeaderElection (LeaderElection.java:askForVotes(312)) - s1@group-8BCAFE4F30A2-LeaderElection51 ELECTION round 0: result PASSED
2022-07-23 19:35:43,921 [s1@group-8BCAFE4F30A2-LeaderElection51] INFO  impl.RoleInfo (RoleInfo.java:shutdownLeaderElection(130)) - s1: shutdown s1@group-8BCAFE4F30A2-LeaderElection51
2022-07-23 19:35:43,921 [s1@group-8BCAFE4F30A2-LeaderElection51] INFO  server.RaftServer$Division (RaftServerImpl.java:setRole(301)) - s1@group-8BCAFE4F30A2: changes role from CANDIDATE to LEADER at term 2 for changeToLeader
2022-07-23 19:35:43,921 [s1@group-8BCAFE4F30A2-LeaderElection51] INFO  server.RaftServer$Division (ServerState.java:setLeader(313)) - s1@group-8BCAFE4F30A2: change Leader from null to s1 at term 2 for becomeLeader, leader elected after 10ms
2022-07-23 19:35:43,921 [s1@group-8BCAFE4F30A2-LeaderElection51] INFO  server.RaftServerConfigKeys (ConfUtils.java:logGet(46)) - raft.server.staging.catchup.gap = 1000 (default)
2022-07-23 19:35:43,921 [s1@group-8BCAFE4F30A2-LeaderElection51] INFO  server.RaftServerConfigKeys (ConfUtils.java:logGet(46)) - raft.server.write.element-limit = 4096 (default)
2022-07-23 19:35:43,921 [s1@group-8BCAFE4F30A2-LeaderElection51] INFO  server.RaftServerConfigKeys (ConfUtils.java:logGet(46)) - raft.server.write.byte-limit = 64MB (=67108864) (default)
2022-07-23 19:35:43,921 [s1@group-8BCAFE4F30A2-LeaderElection51] INFO  server.RaftServerConfigKeys (ConfUtils.java:logGet(46)) - raft.server.watch.timeout = 10s (default)
2022-07-23 19:35:43,921 [s1@group-8BCAFE4F30A2-LeaderElection51] INFO  server.RaftServerConfigKeys (ConfUtils.java:logGet(46)) - raft.server.watch.timeout.denomination = 1s (default)
2022-07-23 19:35:43,921 [grpc-default-executor-12] INFO  server.RaftServer$Division (RaftServerImpl.java:requestVote(1231)) - s2@group-8BCAFE4F30A2 replies to ELECTION vote request: s1<-s2#0:OK-t2. Peer's state: s2@group-8BCAFE4F30A2:t2, leader=null, voted=s1, raftlog=Memoized:s2@group-8BCAFE4F30A2-SegmentedRaftLog:OPENED:c0, conf=0: peers:[s0|rpc:localhost:36283|admin:localhost:40863|client:localhost:42803|dataStream:localhost:40907|priority:0|startupRole:FOLLOWER, s1|rpc:localhost:33111|admin:localhost:46017|client:localhost:34605|dataStream:localhost:44937|priority:0|startupRole:FOLLOWER, s2|rpc:localhost:34143|admin:localhost:45987|client:localhost:44949|dataStream:localhost:35207|priority:0|startupRole:FOLLOWER]|listeners:[], old=null
2022-07-23 19:35:43,921 [s1@group-8BCAFE4F30A2-LeaderElection51] INFO  server.RaftServerConfigKeys (ConfUtils.java:logGet(46)) - raft.server.watch.element-limit = 65536 (default)
2022-07-23 19:35:43,922 [s1@group-8BCAFE4F30A2-LeaderElection51] INFO  server.RaftServerConfigKeys (ConfUtils.java:logGet(46)) - raft.server.write.element-limit = 4096 (default)
2022-07-23 19:35:43,922 [s1@group-8BCAFE4F30A2-LeaderElection51] INFO  server.RaftServerConfigKeys (ConfUtils.java:logGet(46)) - raft.server.write.follower.gap.ratio.max = -1.0 (default)
2022-07-23 19:35:43,922 [s1@group-8BCAFE4F30A2-LeaderElection51] INFO  server.RaftServerConfigKeys (ConfUtils.java:logGet(46)) - raft.server.log.appender.snapshot.chunk.size.max = 16MB (=16777216) (default)
2022-07-23 19:35:43,922 [s1@group-8BCAFE4F30A2-LeaderElection51] INFO  server.RaftServerConfigKeys (ConfUtils.java:logGet(46)) - raft.server.log.appender.buffer.byte-limit = 4MB (=4194304) (default)
2022-07-23 19:35:43,922 [s1@group-8BCAFE4F30A2-LeaderElection51] INFO  server.RaftServerConfigKeys (ConfUtils.java:logGet(46)) - raft.server.log.appender.buffer.element-limit = 0 (default)
2022-07-23 19:35:43,922 [s1@group-8BCAFE4F30A2-LeaderElection51] INFO  grpc.GrpcConfigKeys (ConfUtils.java:logGet(46)) - raft.grpc.server.leader.outstanding.appends.max = 128 (default)
2022-07-23 19:35:43,922 [s1@group-8BCAFE4F30A2-LeaderElection51] INFO  server.RaftServerConfigKeys (ConfUtils.java:logGet(46)) - raft.server.rpc.request.timeout = 3000ms (default)
2022-07-23 19:35:43,922 [s1@group-8BCAFE4F30A2-LeaderElection51] INFO  server.RaftServerConfigKeys (ConfUtils.java:logGet(46)) - raft.server.log.appender.install.snapshot.enabled = true (default)
2022-07-23 19:35:43,922 [s1@group-8BCAFE4F30A2-LeaderElection51] INFO  grpc.GrpcConfigKeys (ConfUtils.java:logGet(46)) - raft.grpc.server.heartbeat.channel = true (default)
2022-07-23 19:35:43,922 [s1@group-8BCAFE4F30A2-LeaderElection51] INFO  server.RaftServerConfigKeys (ConfUtils.java:logGet(46)) - raft.server.log.appender.snapshot.chunk.size.max = 16MB (=16777216) (default)
2022-07-23 19:35:43,922 [s1@group-8BCAFE4F30A2-LeaderElection51] INFO  server.RaftServerConfigKeys (ConfUtils.java:logGet(46)) - raft.server.log.appender.buffer.byte-limit = 4MB (=4194304) (default)
2022-07-23 19:35:43,922 [s1@group-8BCAFE4F30A2-LeaderElection51] INFO  server.RaftServerConfigKeys (ConfUtils.java:logGet(46)) - raft.server.log.appender.buffer.element-limit = 0 (default)
2022-07-23 19:35:43,922 [s1@group-8BCAFE4F30A2-LeaderElection51] INFO  grpc.GrpcConfigKeys (ConfUtils.java:logGet(46)) - raft.grpc.server.leader.outstanding.appends.max = 128 (default)
2022-07-23 19:35:43,923 [s1@group-8BCAFE4F30A2-LeaderElection51] INFO  server.RaftServerConfigKeys (ConfUtils.java:logGet(46)) - raft.server.rpc.request.timeout = 3000ms (default)
2022-07-23 19:35:43,923 [s1@group-8BCAFE4F30A2-LeaderElection51] INFO  server.RaftServerConfigKeys (ConfUtils.java:logGet(46)) - raft.server.log.appender.install.snapshot.enabled = true (default)
2022-07-23 19:35:43,923 [s1@group-8BCAFE4F30A2-LeaderElection51] INFO  grpc.GrpcConfigKeys (ConfUtils.java:logGet(46)) - raft.grpc.server.heartbeat.channel = true (default)
2022-07-23 19:35:43,923 [s1@group-8BCAFE4F30A2-LeaderElection51] INFO  impl.RoleInfo (RoleInfo.java:updateAndGet(139)) - s1: start s1@group-8BCAFE4F30A2-LeaderStateImpl
2022-07-23 19:35:43,923 [s1@group-8BCAFE4F30A2-LeaderElection51] INFO  segmented.SegmentedRaftLogWorker (SegmentedRaftLogWorker.java:rollLogSegment(430)) - s1@group-8BCAFE4F30A2-SegmentedRaftLogWorker: Rolling segment log-0_1 to index:1
2022-07-23 19:35:43,924 [s1@group-8BCAFE4F30A2-SegmentedRaftLogWorker] TRACE util.FileUtils (LogUtils.java:runAndLog(49)) - Successfully ran Files.move /home/runner/work/ratis/ratis/ratis-test/target/test/data/11cf776f/MiniRaftClusterWithGrpcd878d3f8/s1/94c5e177-627a-4ab6-8b9e-8bcafe4f30a2/current/log_inprogress_0 to /home/runner/work/ratis/ratis/ratis-test/target/test/data/11cf776f/MiniRaftClusterWithGrpcd878d3f8/s1/94c5e177-627a-4ab6-8b9e-8bcafe4f30a2/current/log_0-1
2022-07-23 19:35:43,924 [s1@group-8BCAFE4F30A2-SegmentedRaftLogWorker] INFO  segmented.SegmentedRaftLogWorker (SegmentedRaftLogWorker.java:execute(586)) - s1@group-8BCAFE4F30A2-SegmentedRaftLogWorker: Rolled log segment from /home/runner/work/ratis/ratis/ratis-test/target/test/data/11cf776f/MiniRaftClusterWithGrpcd878d3f8/s1/94c5e177-627a-4ab6-8b9e-8bcafe4f30a2/current/log_inprogress_0 to /home/runner/work/ratis/ratis/ratis-test/target/test/data/11cf776f/MiniRaftClusterWithGrpcd878d3f8/s1/94c5e177-627a-4ab6-8b9e-8bcafe4f30a2/current/log_0-1
2022-07-23 19:35:43,928 [s1@group-8BCAFE4F30A2-LeaderElection51] INFO  server.RaftServer$Division (ServerState.java:setRaftConf(429)) - s1@group-8BCAFE4F30A2: set configuration 2: peers:[s0|rpc:localhost:36283|admin:localhost:40863|client:localhost:42803|dataStream:localhost:40907|priority:0|startupRole:FOLLOWER, s1|rpc:localhost:33111|admin:localhost:46017|client:localhost:34605|dataStream:localhost:44937|priority:0|startupRole:FOLLOWER, s2|rpc:localhost:34143|admin:localhost:45987|client:localhost:44949|dataStream:localhost:35207|priority:0|startupRole:FOLLOWER]|listeners:[], old=null
2022-07-23 19:35:43,928 [s0-server-thread1] DEBUG server.RaftServer$Division (RaftServerImpl.java:logAppendEntries(1305)) - s0@group-8BCAFE4F30A2: receive appendEntries(s1, 2, (t:1, i:1), 0, true, commits:[s1:c0, s0:c0, s2:c0], cId:1, entries: (t:2, i:2), CONFIGURATIONENTRY(current:id: "s0"
address: "localhost:36283"
dataStreamAddress: "localhost:40907"
clientAddress: "localhost:42803"
adminAddress: "localhost:40863"
startupRole: FOLLOWER
,id: "s1"
address: "localhost:33111"
dataStreamAddress: "localhost:44937"
clientAddress: "localhost:34605"
adminAddress: "localhost:46017"
startupRole: FOLLOWER
,id: "s2"
address: "localhost:34143"
dataStreamAddress: "localhost:35207"
clientAddress: "localhost:44949"
adminAddress: "localhost:45987"
startupRole: FOLLOWER
, old:)
2022-07-23 19:35:43,928 [s0-server-thread1] INFO  server.RaftServer$Division (ServerState.java:setLeader(313)) - s0@group-8BCAFE4F30A2: change Leader from null to s1 at term 2 for appendEntries, leader elected after 9ms
2022-07-23 19:35:43,929 [s0-server-thread1] INFO  server.RaftServer$Division (ServerState.java:setRaftConf(429)) - s0@group-8BCAFE4F30A2: set configuration 2: peers:[s0|rpc:localhost:36283|admin:localhost:40863|client:localhost:42803|dataStream:localhost:40907|priority:0|startupRole:FOLLOWER, s1|rpc:localhost:33111|admin:localhost:46017|client:localhost:34605|dataStream:localhost:44937|priority:0|startupRole:FOLLOWER, s2|rpc:localhost:34143|admin:localhost:45987|client:localhost:44949|dataStream:localhost:35207|priority:0|startupRole:FOLLOWER]|listeners:[], old=null
2022-07-23 19:35:43,929 [s0-server-thread1] INFO  segmented.SegmentedRaftLogWorker (SegmentedRaftLogWorker.java:rollLogSegment(430)) - s0@group-8BCAFE4F30A2-SegmentedRaftLogWorker: Rolling segment log-0_1 to index:1
2022-07-23 19:35:43,929 [s0@group-8BCAFE4F30A2-SegmentedRaftLogWorker] TRACE util.FileUtils (LogUtils.java:runAndLog(49)) - Successfully ran Files.move /home/runner/work/ratis/ratis/ratis-test/target/test/data/11cf776f/MiniRaftClusterWithGrpcd878d3f8/s0/94c5e177-627a-4ab6-8b9e-8bcafe4f30a2/current/log_inprogress_0 to /home/runner/work/ratis/ratis/ratis-test/target/test/data/11cf776f/MiniRaftClusterWithGrpcd878d3f8/s0/94c5e177-627a-4ab6-8b9e-8bcafe4f30a2/current/log_0-1
2022-07-23 19:35:43,930 [s0@group-8BCAFE4F30A2-SegmentedRaftLogWorker] INFO  segmented.SegmentedRaftLogWorker (SegmentedRaftLogWorker.java:execute(586)) - s0@group-8BCAFE4F30A2-SegmentedRaftLogWorker: Rolled log segment from /home/runner/work/ratis/ratis/ratis-test/target/test/data/11cf776f/MiniRaftClusterWithGrpcd878d3f8/s0/94c5e177-627a-4ab6-8b9e-8bcafe4f30a2/current/log_inprogress_0 to /home/runner/work/ratis/ratis/ratis-test/target/test/data/11cf776f/MiniRaftClusterWithGrpcd878d3f8/s0/94c5e177-627a-4ab6-8b9e-8bcafe4f30a2/current/log_0-1
2022-07-23 19:35:43,934 [s1@group-8BCAFE4F30A2-SegmentedRaftLogWorker] INFO  segmented.SegmentedRaftLogWorker (SegmentedRaftLogWorker.java:execute(629)) - s1@group-8BCAFE4F30A2-SegmentedRaftLogWorker: created new log segment /home/runner/work/ratis/ratis/ratis-test/target/test/data/11cf776f/MiniRaftClusterWithGrpcd878d3f8/s1/94c5e177-627a-4ab6-8b9e-8bcafe4f30a2/current/log_inprogress_2
2022-07-23 19:35:43,938 [s2-server-thread1] INFO  server.RaftServer$Division (ServerState.java:setLeader(313)) - s2@group-8BCAFE4F30A2: change Leader from null to s1 at term 2 for appendEntries, leader elected after 18ms
2022-07-23 19:35:43,938 [s2-server-thread2] DEBUG server.RaftServer$Division (RaftServerImpl.java:logAppendEntries(1305)) - s2@group-8BCAFE4F30A2: receive appendEntries(s1, 2, (t:1, i:1), 0, true, commits:[s1:c0, s0:c0, s2:c0], cId:1, entries: (t:2, i:2), CONFIGURATIONENTRY(current:id: "s0"
address: "localhost:36283"
dataStreamAddress: "localhost:40907"
clientAddress: "localhost:42803"
adminAddress: "localhost:40863"
startupRole: FOLLOWER
,id: "s1"
address: "localhost:33111"
dataStreamAddress: "localhost:44937"
clientAddress: "localhost:34605"
adminAddress: "localhost:46017"
startupRole: FOLLOWER
,id: "s2"
address: "localhost:34143"
dataStreamAddress: "localhost:35207"
clientAddress: "localhost:44949"
adminAddress: "localhost:45987"
startupRole: FOLLOWER
, old:)
2022-07-23 19:35:43,939 [s2-server-thread2] INFO  server.RaftServer$Division (ServerState.java:setRaftConf(429)) - s2@group-8BCAFE4F30A2: set configuration 2: peers:[s0|rpc:localhost:36283|admin:localhost:40863|client:localhost:42803|dataStream:localhost:40907|priority:0|startupRole:FOLLOWER, s1|rpc:localhost:33111|admin:localhost:46017|client:localhost:34605|dataStream:localhost:44937|priority:0|startupRole:FOLLOWER, s2|rpc:localhost:34143|admin:localhost:45987|client:localhost:44949|dataStream:localhost:35207|priority:0|startupRole:FOLLOWER]|listeners:[], old=null
2022-07-23 19:35:43,939 [s2-server-thread2] INFO  segmented.SegmentedRaftLogWorker (SegmentedRaftLogWorker.java:rollLogSegment(430)) - s2@group-8BCAFE4F30A2-SegmentedRaftLogWorker: Rolling segment log-0_1 to index:1
2022-07-23 19:35:43,940 [s2@group-8BCAFE4F30A2-SegmentedRaftLogWorker] TRACE util.FileUtils (LogUtils.java:runAndLog(49)) - Successfully ran Files.move /home/runner/work/ratis/ratis/ratis-test/target/test/data/11cf776f/MiniRaftClusterWithGrpcd878d3f8/s2/94c5e177-627a-4ab6-8b9e-8bcafe4f30a2/current/log_inprogress_0 to /home/runner/work/ratis/ratis/ratis-test/target/test/data/11cf776f/MiniRaftClusterWithGrpcd878d3f8/s2/94c5e177-627a-4ab6-8b9e-8bcafe4f30a2/current/log_0-1
2022-07-23 19:35:43,940 [s2@group-8BCAFE4F30A2-SegmentedRaftLogWorker] INFO  segmented.SegmentedRaftLogWorker (SegmentedRaftLogWorker.java:execute(586)) - s2@group-8BCAFE4F30A2-SegmentedRaftLogWorker: Rolled log segment from /home/runner/work/ratis/ratis/ratis-test/target/test/data/11cf776f/MiniRaftClusterWithGrpcd878d3f8/s2/94c5e177-627a-4ab6-8b9e-8bcafe4f30a2/current/log_inprogress_0 to /home/runner/work/ratis/ratis/ratis-test/target/test/data/11cf776f/MiniRaftClusterWithGrpcd878d3f8/s2/94c5e177-627a-4ab6-8b9e-8bcafe4f30a2/current/log_0-1
2022-07-23 19:35:43,942 [s0@group-8BCAFE4F30A2-SegmentedRaftLogWorker] INFO  segmented.SegmentedRaftLogWorker (SegmentedRaftLogWorker.java:execute(629)) - s0@group-8BCAFE4F30A2-SegmentedRaftLogWorker: created new log segment /home/runner/work/ratis/ratis/ratis-test/target/test/data/11cf776f/MiniRaftClusterWithGrpcd878d3f8/s0/94c5e177-627a-4ab6-8b9e-8bcafe4f30a2/current/log_inprogress_2
2022-07-23 19:35:43,953 [s2@group-8BCAFE4F30A2-SegmentedRaftLogWorker] INFO  segmented.SegmentedRaftLogWorker (SegmentedRaftLogWorker.java:execute(629)) - s2@group-8BCAFE4F30A2-SegmentedRaftLogWorker: created new log segment /home/runner/work/ratis/ratis/ratis-test/target/test/data/11cf776f/MiniRaftClusterWithGrpcd878d3f8/s2/94c5e177-627a-4ab6-8b9e-8bcafe4f30a2/current/log_inprogress_2
2022-07-23 19:35:43,954 [java.util.concurrent.ThreadPoolExecutor$Worker@599fab69[State = -1, empty queue]] DEBUG client.RaftClient (RaftClientImpl.java:handleIOException(366)) - client-9484591C4642: suggested new leader: null. Failed RaftClientRequest:client-9484591C4642->s0@group-8BCAFE4F30A2, cid=2876, seq=1*, RW, abc with {}
org.apache.ratis.protocol.exceptions.AlreadyClosedException: client-9484591C4642 is already CLOSED
	at org.apache.ratis.util.PeerProxyMap$PeerAndProxy.getProxy(PeerProxyMap.java:61)
	at org.apache.ratis.util.PeerProxyMap.getProxy(PeerProxyMap.java:115)
	at org.apache.ratis.grpc.client.GrpcClientRpc.sendRequestAsync(GrpcClientRpc.java:69)
	at org.apache.ratis.client.impl.OrderedAsync.sendRequest(OrderedAsync.java:245)
	at org.apache.ratis.client.impl.OrderedAsync.sendRequestWithRetry(OrderedAsync.java:198)
	at org.apache.ratis.util.SlidingWindow$Client.sendOrDelayRequest(SlidingWindow.java:280)
	at org.apache.ratis.util.SlidingWindow$Client.retry(SlidingWindow.java:296)
	at org.apache.ratis.client.impl.OrderedAsync.lambda$scheduleWithTimeout$7(OrderedAsync.java:232)
	at org.apache.ratis.util.TimeoutScheduler.lambda$onTimeout$0(TimeoutScheduler.java:141)
	at org.apache.ratis.util.TimeoutScheduler.lambda$onTimeout$1(TimeoutScheduler.java:155)
	at org.apache.ratis.util.LogUtils.runAndLog(LogUtils.java:38)
	at org.apache.ratis.util.LogUtils$1.run(LogUtils.java:79)
	at java.util.concurrent.Executors$RunnableAdapter.call(Executors.java:511)
	at java.util.concurrent.FutureTask.run(FutureTask.java:266)
	at java.util.concurrent.ScheduledThreadPoolExecutor$ScheduledFutureTask.access$201(ScheduledThreadPoolExecutor.java:180)
	at java.util.concurrent.ScheduledThreadPoolExecutor$ScheduledFutureTask.run(ScheduledThreadPoolExecutor.java:293)
	at java.util.concurrent.ThreadPoolExecutor.runWorker(ThreadPoolExecutor.java:1149)
	at java.util.concurrent.ThreadPoolExecutor$Worker.run(ThreadPoolExecutor.java:624)
	at java.lang.Thread.run(Thread.java:750)
2022-07-23 19:35:43,954 [java.util.concurrent.ThreadPoolExecutor$Worker@599fab69[State = -1, empty queue]] DEBUG client.RaftClient (RaftClientImpl.java:handleIOException(385)) - client-9484591C4642: oldLeader=s0,  curLeader=s0, newLeader=s2
2022-07-23 19:35:43,954 [java.util.concurrent.ThreadPoolExecutor$Worker@599fab69[State = -1, empty queue]] DEBUG client.RaftClient (RaftClientImpl.java:handleIOException(391)) - group-8BCAFE4F30A2 client-9484591C4642: client change Leader from s0 to s2 ex=org.apache.ratis.protocol.exceptions.AlreadyClosedException
2022-07-23 19:35:43,959 [Thread-9795] DEBUG server.RaftServer$Division (RaftServerImpl.java:logAppendEntries(1305)) - s0@group-8BCAFE4F30A2: succeeded to handle AppendEntries. Reply: s1<-s0#1:OK-t2,SUCCESS,nextIndex=3,followerCommit=0,matchIndex=2
2022-07-23 19:35:43,960 [s1@group-8BCAFE4F30A2-StateMachineUpdater] INFO  statemachine.SimpleStateMachine4Testing (SimpleStateMachine4Testing.java:put(204)) - s1: put 1, abc -> (t:1, i:1), STATEMACHINELOGENTRY, 2876@client-9484591C4642
2022-07-23 19:35:43,960 [s0-server-thread1] DEBUG server.RaftServer$Division (RaftServerImpl.java:logAppendEntries(1305)) - s0@group-8BCAFE4F30A2: receive appendEntries(s1, 2, (t:2, i:2), 2, true, commits:[s1:c2, s0:c0, s2:c0], cId:2, entries: (t:2, i:3), METADATAENTRY(c:2)
2022-07-23 19:35:43,960 [s2-server-thread2] DEBUG server.RaftServer$Division (RaftServerImpl.java:logAppendEntries(1305)) - s2@group-8BCAFE4F30A2: receive appendEntries(s1, 2, (t:2, i:2), 2, true, commits:[s1:c2, s0:c0, s2:c0], cId:3, entries: (t:2, i:3), METADATAENTRY(c:2)
2022-07-23 19:35:43,960 [Thread-9796] DEBUG server.RaftServer$Division (RaftServerImpl.java:logAppendEntries(1305)) - s2@group-8BCAFE4F30A2: succeeded to handle AppendEntries. Reply: s1<-s2#1:OK-t2,SUCCESS,nextIndex=3,followerCommit=0,matchIndex=2
2022-07-23 19:35:43,961 [s0@group-8BCAFE4F30A2-StateMachineUpdater] INFO  statemachine.SimpleStateMachine4Testing (SimpleStateMachine4Testing.java:put(204)) - s0: put 1, abc -> (t:1, i:1), STATEMACHINELOGENTRY, 2876@client-9484591C4642
2022-07-23 19:35:43,961 [Thread-9797] DEBUG server.RaftServer$Division (RaftServerImpl.java:logAppendEntries(1305)) - s0@group-8BCAFE4F30A2: succeeded to handle AppendEntries. Reply: s1<-s0#2:OK-t2,SUCCESS,nextIndex=4,followerCommit=2,matchIndex=3
2022-07-23 19:35:43,962 [s2@group-8BCAFE4F30A2-StateMachineUpdater] INFO  statemachine.SimpleStateMachine4Testing (SimpleStateMachine4Testing.java:put(204)) - s2: put 1, abc -> (t:1, i:1), STATEMACHINELOGENTRY, 2876@client-9484591C4642
2022-07-23 19:35:43,962 [Thread-9798] DEBUG server.RaftServer$Division (RaftServerImpl.java:logAppendEntries(1305)) - s2@group-8BCAFE4F30A2: succeeded to handle AppendEntries. Reply: s1<-s2#3:OK-t2,SUCCESS,nextIndex=4,followerCommit=2,matchIndex=3
2022-07-23 19:35:44,012 [Time-limited test] INFO  ratis.RaftTestUtil (RaftTestUtil.java:waitForLeader(119)) - printing ALL groups
  s0:  RUNNING  FOLLOWER s0@group-8BCAFE4F30A2:t2, leader=s1, voted=s1, raftlog=Memoized:s0@group-8BCAFE4F30A2-SegmentedRaftLog:OPENED:c2, conf=2: peers:[s0|rpc:localhost:36283|admin:localhost:40863|client:localhost:42803|dataStream:localhost:40907|priority:0|startupRole:FOLLOWER, s1|rpc:localhost:33111|admin:localhost:46017|client:localhost:34605|dataStream:localhost:44937|priority:0|startupRole:FOLLOWER, s2|rpc:localhost:34143|admin:localhost:45987|client:localhost:44949|dataStream:localhost:35207|priority:0|startupRole:FOLLOWER]|listeners:[], old=null RUNNING
  s1:  RUNNING    LEADER s1@group-8BCAFE4F30A2:t2, leader=s1, voted=s1, raftlog=Memoized:s1@group-8BCAFE4F30A2-SegmentedRaftLog:OPENED:c3, conf=2: peers:[s0|rpc:localhost:36283|admin:localhost:40863|client:localhost:42803|dataStream:localhost:40907|priority:0|startupRole:FOLLOWER, s1|rpc:localhost:33111|admin:localhost:46017|client:localhost:34605|dataStream:localhost:44937|priority:0|startupRole:FOLLOWER, s2|rpc:localhost:34143|admin:localhost:45987|client:localhost:44949|dataStream:localhost:35207|priority:0|startupRole:FOLLOWER]|listeners:[], old=null RUNNING
  s2:  RUNNING  FOLLOWER s2@group-8BCAFE4F30A2:t2, leader=s1, voted=s1, raftlog=Memoized:s2@group-8BCAFE4F30A2-SegmentedRaftLog:OPENED:c2, conf=2: peers:[s0|rpc:localhost:36283|admin:localhost:40863|client:localhost:42803|dataStream:localhost:40907|priority:0|startupRole:FOLLOWER, s1|rpc:localhost:33111|admin:localhost:46017|client:localhost:34605|dataStream:localhost:44937|priority:0|startupRole:FOLLOWER, s2|rpc:localhost:34143|admin:localhost:45987|client:localhost:44949|dataStream:localhost:35207|priority:0|startupRole:FOLLOWER]|listeners:[], old=null RUNNING
2022-07-23 19:35:44,013 [Time-limited test] INFO  grpc.TestRaftAsyncWithGrpc (RaftAsyncTests.java:runTestCheckLeadershipFailure(455)) - Current Leader is elected on term 2
2022-07-23 19:35:44,013 [Time-limited test] INFO  impl.MiniRaftCluster (MiniRaftCluster.java:shutdown(778)) - ************************************************************** 
2022-07-23 19:35:44,013 [Time-limited test] INFO  impl.MiniRaftCluster (MiniRaftCluster.java:shutdown(779)) - *** 
2022-07-23 19:35:44,013 [Time-limited test] INFO  impl.MiniRaftCluster (MiniRaftCluster.java:shutdown(780)) - ***     Stopping MiniRaftClusterWithGrpc
2022-07-23 19:35:44,013 [Time-limited test] INFO  impl.MiniRaftCluster (MiniRaftCluster.java:shutdown(781)) - *** 
2022-07-23 19:35:44,013 [Time-limited test] INFO  impl.MiniRaftCluster (MiniRaftCluster.java:shutdown(782)) - ************************************************************** 
2022-07-23 19:35:44,013 [Time-limited test] INFO  impl.MiniRaftCluster (MiniRaftCluster.java:shutdown(783)) - printing ALL groups
  s0:  RUNNING  FOLLOWER s0@group-8BCAFE4F30A2:t2, leader=s1, voted=s1, raftlog=Memoized:s0@group-8BCAFE4F30A2-SegmentedRaftLog:OPENED:c2, conf=2: peers:[s0|rpc:localhost:36283|admin:localhost:40863|client:localhost:42803|dataStream:localhost:40907|priority:0|startupRole:FOLLOWER, s1|rpc:localhost:33111|admin:localhost:46017|client:localhost:34605|dataStream:localhost:44937|priority:0|startupRole:FOLLOWER, s2|rpc:localhost:34143|admin:localhost:45987|client:localhost:44949|dataStream:localhost:35207|priority:0|startupRole:FOLLOWER]|listeners:[], old=null RUNNING
  s1:  RUNNING    LEADER s1@group-8BCAFE4F30A2:t2, leader=s1, voted=s1, raftlog=Memoized:s1@group-8BCAFE4F30A2-SegmentedRaftLog:OPENED:c3, conf=2: peers:[s0|rpc:localhost:36283|admin:localhost:40863|client:localhost:42803|dataStream:localhost:40907|priority:0|startupRole:FOLLOWER, s1|rpc:localhost:33111|admin:localhost:46017|client:localhost:34605|dataStream:localhost:44937|priority:0|startupRole:FOLLOWER, s2|rpc:localhost:34143|admin:localhost:45987|client:localhost:44949|dataStream:localhost:35207|priority:0|startupRole:FOLLOWER]|listeners:[], old=null RUNNING
  s2:  RUNNING  FOLLOWER s2@group-8BCAFE4F30A2:t2, leader=s1, voted=s1, raftlog=Memoized:s2@group-8BCAFE4F30A2-SegmentedRaftLog:OPENED:c2, conf=2: peers:[s0|rpc:localhost:36283|admin:localhost:40863|client:localhost:42803|dataStream:localhost:40907|priority:0|startupRole:FOLLOWER, s1|rpc:localhost:33111|admin:localhost:46017|client:localhost:34605|dataStream:localhost:44937|priority:0|startupRole:FOLLOWER, s2|rpc:localhost:34143|admin:localhost:45987|client:localhost:44949|dataStream:localhost:35207|priority:0|startupRole:FOLLOWER]|listeners:[], old=null RUNNING
2022-07-23 19:35:44,013 [java.util.concurrent.ThreadPoolExecutor$Worker@4d53ca33[State = -1, empty queue]] INFO  server.RaftServer (RaftServerProxy.java:lambda$close$6(401)) - s1: close
2022-07-23 19:35:44,015 [java.util.concurrent.ThreadPoolExecutor$Worker@2ba6b409[State = -1, empty queue]] INFO  server.RaftServer (RaftServerProxy.java:lambda$close$6(401)) - s0: close
2022-07-23 19:35:44,015 [java.util.concurrent.ThreadPoolExecutor$Worker@4d53ca33[State = -1, empty queue]] INFO  server.RaftServer$Division (RaftServerImpl.java:lambda$close$4(438)) - s1@group-8BCAFE4F30A2: shutdown
2022-07-23 19:35:44,016 [java.util.concurrent.ThreadPoolExecutor$Worker@2ba6b409[State = -1, empty queue]] INFO  server.RaftServer$Division (RaftServerImpl.java:lambda$close$4(438)) - s0@group-8BCAFE4F30A2: shutdown
2022-07-23 19:35:44,016 [java.util.concurrent.ThreadPoolExecutor$Worker@2ba6b409[State = -1, empty queue]] INFO  util.JmxRegister (JmxRegister.java:unregister(73)) - Successfully un-registered JMX Bean with object name Ratis:service=RaftServer,group=group-8BCAFE4F30A2,id=s0
2022-07-23 19:35:44,016 [java.util.concurrent.ThreadPoolExecutor$Worker@2ba6b409[State = -1, empty queue]] INFO  impl.RoleInfo (RoleInfo.java:shutdownFollowerState(110)) - s0: shutdown s0@group-8BCAFE4F30A2-FollowerState
2022-07-23 19:35:44,016 [java.util.concurrent.ThreadPoolExecutor$Worker@2ba6b409[State = -1, empty queue]] INFO  impl.StateMachineUpdater (StateMachineUpdater.java:stopAndJoin(153)) - s0@group-8BCAFE4F30A2-StateMachineUpdater: set stopIndex = 2
2022-07-23 19:35:44,016 [java.util.concurrent.ThreadPoolExecutor$Worker@2190096[State = -1, empty queue]] INFO  server.RaftServer (RaftServerProxy.java:lambda$close$6(401)) - s2: close
2022-07-23 19:35:44,016 [s0@group-8BCAFE4F30A2-FollowerState] INFO  impl.FollowerState (FollowerState.java:run(152)) - s0@group-8BCAFE4F30A2-FollowerState was interrupted
2022-07-23 19:35:44,016 [java.util.concurrent.ThreadPoolExecutor$Worker@4d53ca33[State = -1, empty queue]] INFO  util.JmxRegister (JmxRegister.java:unregister(73)) - Successfully un-registered JMX Bean with object name Ratis:service=RaftServer,group=group-8BCAFE4F30A2,id=s1
2022-07-23 19:35:44,017 [java.util.concurrent.ThreadPoolExecutor$Worker@4d53ca33[State = -1, empty queue]] INFO  impl.RoleInfo (RoleInfo.java:shutdownLeaderState(93)) - s1: shutdown s1@group-8BCAFE4F30A2-LeaderStateImpl
2022-07-23 19:35:44,017 [java.util.concurrent.ThreadPoolExecutor$Worker@2190096[State = -1, empty queue]] INFO  server.RaftServer$Division (RaftServerImpl.java:lambda$close$4(438)) - s2@group-8BCAFE4F30A2: shutdown
2022-07-23 19:35:44,017 [java.util.concurrent.ThreadPoolExecutor$Worker@2190096[State = -1, empty queue]] INFO  util.JmxRegister (JmxRegister.java:unregister(73)) - Successfully un-registered JMX Bean with object name Ratis:service=RaftServer,group=group-8BCAFE4F30A2,id=s2
2022-07-23 19:35:44,017 [java.util.concurrent.ThreadPoolExecutor$Worker@2190096[State = -1, empty queue]] INFO  impl.RoleInfo (RoleInfo.java:shutdownFollowerState(110)) - s2: shutdown s2@group-8BCAFE4F30A2-FollowerState
2022-07-23 19:35:44,017 [s2@group-8BCAFE4F30A2-FollowerState] INFO  impl.FollowerState (FollowerState.java:run(152)) - s2@group-8BCAFE4F30A2-FollowerState was interrupted
2022-07-23 19:35:44,017 [java.util.concurrent.ThreadPoolExecutor$Worker@2190096[State = -1, empty queue]] INFO  impl.StateMachineUpdater (StateMachineUpdater.java:stopAndJoin(153)) - s2@group-8BCAFE4F30A2-StateMachineUpdater: set stopIndex = 2
2022-07-23 19:35:44,017 [java.util.concurrent.ThreadPoolExecutor$Worker@2ba6b409[State = -1, empty queue]] INFO  server.RaftServer$Division (ServerState.java:close(465)) - s0@group-8BCAFE4F30A2: closes. applyIndex: 2
2022-07-23 19:35:44,018 [java.util.concurrent.ThreadPoolExecutor$Worker@2190096[State = -1, empty queue]] INFO  server.RaftServer$Division (ServerState.java:close(465)) - s2@group-8BCAFE4F30A2: closes. applyIndex: 2
2022-07-23 19:35:44,017 [java.util.concurrent.ThreadPoolExecutor$Worker@4d53ca33[State = -1, empty queue]] INFO  impl.PendingRequests (PendingRequests.java:sendNotLeaderResponses(282)) - s1@group-8BCAFE4F30A2-PendingRequests: sendNotLeaderResponses
2022-07-23 19:35:44,017 [s1@group-8BCAFE4F30A2->s2-GrpcLogAppender-LogAppenderDaemon] WARN  server.GrpcLogAppender (GrpcLogAppender.java:mayWait(183)) - s1@group-8BCAFE4F30A2->s2-GrpcLogAppender: Wait interrupted by java.lang.InterruptedException
2022-07-23 19:35:44,017 [s1@group-8BCAFE4F30A2->s0-GrpcLogAppender-LogAppenderDaemon] WARN  server.GrpcLogAppender (GrpcLogAppender.java:mayWait(183)) - s1@group-8BCAFE4F30A2->s0-GrpcLogAppender: Wait interrupted by java.lang.InterruptedException
2022-07-23 19:35:44,018 [s2@group-8BCAFE4F30A2-SegmentedRaftLogWorker] INFO  segmented.SegmentedRaftLogWorker (SegmentedRaftLogWorker.java:run(336)) - s2@group-8BCAFE4F30A2-SegmentedRaftLogWorker was interrupted, exiting. There are 0 tasks remaining in the queue.
2022-07-23 19:35:44,018 [s0@group-8BCAFE4F30A2-SegmentedRaftLogWorker] INFO  segmented.SegmentedRaftLogWorker (SegmentedRaftLogWorker.java:run(336)) - s0@group-8BCAFE4F30A2-SegmentedRaftLogWorker was interrupted, exiting. There are 0 tasks remaining in the queue.
2022-07-23 19:35:44,018 [grpc-default-executor-17] INFO  server.GrpcServerProtocolService (GrpcServerProtocolService.java:onCompleted(145)) - s0: Completed APPEND_ENTRIES, lastRequest: null
2022-07-23 19:35:44,019 [grpc-default-executor-12] INFO  server.GrpcServerProtocolService (GrpcServerProtocolService.java:onCompleted(145)) - s2: Completed APPEND_ENTRIES, lastRequest: null
2022-07-23 19:35:44,019 [grpc-default-executor-10] INFO  server.GrpcServerProtocolService (GrpcServerProtocolService.java:onCompleted(145)) - s2: Completed APPEND_ENTRIES, lastRequest: s1->s2#3-t2,previous=(t:2, i:2),leaderCommit=2,initializing? true,entries: size=1, first=(t:2, i:3), METADATAENTRY(c:2)
2022-07-23 19:35:44,019 [grpc-default-executor-10] INFO  server.GrpcServerProtocolService (GrpcServerProtocolService.java:onCompleted(145)) - s0: Completed APPEND_ENTRIES, lastRequest: s1->s0#2-t2,previous=(t:2, i:2),leaderCommit=2,initializing? true,entries: size=1, first=(t:2, i:3), METADATAENTRY(c:2)
2022-07-23 19:35:44,019 [java.util.concurrent.ThreadPoolExecutor$Worker@2190096[State = -1, empty queue]] INFO  segmented.SegmentedRaftLogWorker (SegmentedRaftLogWorker.java:close(246)) - s2@group-8BCAFE4F30A2-SegmentedRaftLogWorker close()
2022-07-23 19:35:44,019 [grpc-default-executor-17] INFO  server.GrpcLogAppender (GrpcLogAppender.java:onCompleted(386)) - s1@group-8BCAFE4F30A2->s0-AppendLogResponseHandler: follower responses appendEntries COMPLETED
2022-07-23 19:35:44,020 [grpc-default-executor-17] INFO  leader.FollowerInfo (FollowerInfoImpl.java:lambda$new$0(48)) - s1@group-8BCAFE4F30A2->s0: nextIndex: updateUnconditionally 4 -> 3
2022-07-23 19:35:44,021 [grpc-default-executor-12] INFO  server.GrpcLogAppender (GrpcLogAppender.java:onCompleted(386)) - s1@group-8BCAFE4F30A2->s2-AppendLogResponseHandler: follower responses appendEntries COMPLETED
2022-07-23 19:35:44,021 [grpc-default-executor-12] INFO  leader.FollowerInfo (FollowerInfoImpl.java:lambda$new$0(48)) - s1@group-8BCAFE4F30A2->s2: nextIndex: updateUnconditionally 4 -> 3
2022-07-23 19:35:44,021 [grpc-default-executor-17] INFO  server.GrpcLogAppender (GrpcLogAppender.java:onCompleted(386)) - s1@group-8BCAFE4F30A2->s0-AppendLogResponseHandler: follower responses appendEntries COMPLETED
2022-07-23 19:35:44,021 [grpc-default-executor-17] INFO  leader.FollowerInfo (FollowerInfoImpl.java:lambda$new$0(48)) - s1@group-8BCAFE4F30A2->s0: nextIndex: updateUnconditionally 3 -> 2
2022-07-23 19:35:44,021 [grpc-default-executor-17] INFO  server.GrpcLogAppender (GrpcLogAppender.java:onCompleted(386)) - s1@group-8BCAFE4F30A2->s2-AppendLogResponseHandler: follower responses appendEntries COMPLETED
2022-07-23 19:35:44,021 [grpc-default-executor-17] INFO  leader.FollowerInfo (FollowerInfoImpl.java:lambda$new$0(48)) - s1@group-8BCAFE4F30A2->s2: nextIndex: updateUnconditionally 3 -> 2
2022-07-23 19:35:44,023 [java.util.concurrent.ThreadPoolExecutor$Worker@2ba6b409[State = -1, empty queue]] INFO  segmented.SegmentedRaftLogWorker (SegmentedRaftLogWorker.java:close(246)) - s0@group-8BCAFE4F30A2-SegmentedRaftLogWorker close()
2022-07-23 19:35:44,024 [java.util.concurrent.ThreadPoolExecutor$Worker@4d53ca33[State = -1, empty queue]] INFO  impl.StateMachineUpdater (StateMachineUpdater.java:stopAndJoin(153)) - s1@group-8BCAFE4F30A2-StateMachineUpdater: set stopIndex = 3
2022-07-23 19:35:44,024 [java.util.concurrent.ThreadPoolExecutor$Worker@4d53ca33[State = -1, empty queue]] INFO  server.RaftServer$Division (ServerState.java:close(465)) - s1@group-8BCAFE4F30A2: closes. applyIndex: 3
2022-07-23 19:35:44,024 [s1@group-8BCAFE4F30A2-SegmentedRaftLogWorker] INFO  segmented.SegmentedRaftLogWorker (SegmentedRaftLogWorker.java:run(336)) - s1@group-8BCAFE4F30A2-SegmentedRaftLogWorker was interrupted, exiting. There are 0 tasks remaining in the queue.
2022-07-23 19:35:44,025 [java.util.concurrent.ThreadPoolExecutor$Worker@4d53ca33[State = -1, empty queue]] INFO  segmented.SegmentedRaftLogWorker (SegmentedRaftLogWorker.java:close(246)) - s1@group-8BCAFE4F30A2-SegmentedRaftLogWorker close()
2022-07-23 19:35:44,027 [java.util.concurrent.ThreadPoolExecutor$Worker@2190096[State = -1, empty queue]] INFO  server.GrpcService (GrpcService.java:closeImpl(271)) - s2: shutdown server org.apache.ratis.grpc.server.GrpcClientProtocolService now
2022-07-23 19:35:44,027 [java.util.concurrent.ThreadPoolExecutor$Worker@4d53ca33[State = -1, empty queue]] INFO  server.GrpcService (GrpcService.java:closeImpl(271)) - s1: shutdown server org.apache.ratis.grpc.server.GrpcClientProtocolService now
2022-07-23 19:35:44,028 [java.util.concurrent.ThreadPoolExecutor$Worker@2190096[State = -1, empty queue]] INFO  server.GrpcServerProtocolClient (GrpcServerProtocolClient.java:close(110)) - s0 Close channels
2022-07-23 19:35:44,028 [java.util.concurrent.ThreadPoolExecutor$Worker@2ba6b409[State = -1, empty queue]] INFO  server.GrpcService (GrpcService.java:closeImpl(271)) - s0: shutdown server org.apache.ratis.grpc.server.GrpcClientProtocolService now
2022-07-23 19:35:44,029 [java.util.concurrent.ThreadPoolExecutor$Worker@2ba6b409[State = -1, empty queue]] INFO  server.GrpcService (GrpcService.java:closeImpl(280)) - s0: shutdown server org.apache.ratis.grpc.server.GrpcClientProtocolService successfully
2022-07-23 19:35:44,029 [java.util.concurrent.ThreadPoolExecutor$Worker@2ba6b409[State = -1, empty queue]] INFO  server.GrpcService (GrpcService.java:closeImpl(271)) - s0: shutdown server GrpcServerProtocolService now
2022-07-23 19:35:44,029 [java.util.concurrent.ThreadPoolExecutor$Worker@2190096[State = -1, empty queue]] INFO  server.GrpcServerProtocolClient (GrpcServerProtocolClient.java:close(110)) - s1 Close channels
2022-07-23 19:35:44,030 [java.util.concurrent.ThreadPoolExecutor$Worker@2190096[State = -1, empty queue]] INFO  server.GrpcService (GrpcService.java:closeImpl(280)) - s2: shutdown server org.apache.ratis.grpc.server.GrpcClientProtocolService successfully
2022-07-23 19:35:44,030 [java.util.concurrent.ThreadPoolExecutor$Worker@2190096[State = -1, empty queue]] INFO  server.GrpcService (GrpcService.java:closeImpl(271)) - s2: shutdown server GrpcServerProtocolService now
2022-07-23 19:35:44,031 [ForkJoinPool.commonPool-worker-1] INFO  server.GrpcServerProtocolClient (GrpcServerProtocolClient.java:close(110)) - s0 Close channels
2022-07-23 19:35:44,031 [ForkJoinPool.commonPool-worker-1] INFO  server.GrpcServerProtocolClient (GrpcServerProtocolClient.java:close(110)) - s2 Close channels
2022-07-23 19:35:44,032 [java.util.concurrent.ThreadPoolExecutor$Worker@4d53ca33[State = -1, empty queue]] INFO  server.GrpcService (GrpcService.java:closeImpl(280)) - s1: shutdown server org.apache.ratis.grpc.server.GrpcClientProtocolService successfully
2022-07-23 19:35:44,032 [java.util.concurrent.ThreadPoolExecutor$Worker@4d53ca33[State = -1, empty queue]] INFO  server.GrpcService (GrpcService.java:closeImpl(271)) - s1: shutdown server GrpcServerProtocolService now
2022-07-23 19:35:44,032 [java.util.concurrent.ThreadPoolExecutor$Worker@2190096[State = -1, empty queue]] INFO  server.GrpcService (GrpcService.java:closeImpl(280)) - s2: shutdown server GrpcServerProtocolService successfully
2022-07-23 19:35:44,032 [java.util.concurrent.ThreadPoolExecutor$Worker@2190096[State = -1, empty queue]] INFO  server.GrpcService (GrpcService.java:closeImpl(271)) - s2: shutdown server org.apache.ratis.grpc.server.GrpcAdminProtocolService now
2022-07-23 19:35:44,032 [java.util.concurrent.ThreadPoolExecutor$Worker@4d53ca33[State = -1, empty queue]] INFO  server.GrpcService (GrpcService.java:closeImpl(280)) - s1: shutdown server GrpcServerProtocolService successfully
2022-07-23 19:35:44,032 [java.util.concurrent.ThreadPoolExecutor$Worker@4d53ca33[State = -1, empty queue]] INFO  server.GrpcService (GrpcService.java:closeImpl(271)) - s1: shutdown server org.apache.ratis.grpc.server.GrpcAdminProtocolService now
2022-07-23 19:35:44,032 [java.util.concurrent.ThreadPoolExecutor$Worker@4d53ca33[State = -1, empty queue]] INFO  server.GrpcService (GrpcService.java:closeImpl(280)) - s1: shutdown server org.apache.ratis.grpc.server.GrpcAdminProtocolService successfully
2022-07-23 19:35:44,033 [java.util.concurrent.ThreadPoolExecutor$Worker@2ba6b409[State = -1, empty queue]] INFO  server.GrpcService (GrpcService.java:closeImpl(280)) - s0: shutdown server GrpcServerProtocolService successfully
2022-07-23 19:35:44,033 [java.util.concurrent.ThreadPoolExecutor$Worker@2ba6b409[State = -1, empty queue]] INFO  server.GrpcService (GrpcService.java:closeImpl(271)) - s0: shutdown server org.apache.ratis.grpc.server.GrpcAdminProtocolService now
2022-07-23 19:35:44,033 [java.util.concurrent.ThreadPoolExecutor$Worker@2190096[State = -1, empty queue]] INFO  server.GrpcService (GrpcService.java:closeImpl(280)) - s2: shutdown server org.apache.ratis.grpc.server.GrpcAdminProtocolService successfully
2022-07-23 19:35:44,033 [java.util.concurrent.ThreadPoolExecutor$Worker@2ba6b409[State = -1, empty queue]] INFO  server.GrpcService (GrpcService.java:closeImpl(280)) - s0: shutdown server org.apache.ratis.grpc.server.GrpcAdminProtocolService successfully
2022-07-23 19:35:44,033 [org.apache.ratis.util.JvmPauseMonitor$$Lambda$313/980778071@570aa36c] INFO  util.JvmPauseMonitor (JvmPauseMonitor.java:run(109)) - JvmPauseMonitor-s0: Stopped
2022-07-23 19:35:44,033 [org.apache.ratis.util.JvmPauseMonitor$$Lambda$313/980778071@62dbd84f] INFO  util.JvmPauseMonitor (JvmPauseMonitor.java:run(109)) - JvmPauseMonitor-s2: Stopped
2022-07-23 19:35:44,042 [org.apache.ratis.util.JvmPauseMonitor$$Lambda$313/980778071@26d42898] INFO  util.JvmPauseMonitor (JvmPauseMonitor.java:run(109)) - JvmPauseMonitor-s1: Stopped
]]></system-out>
  </testcase>
  <testcase name="testCheckLeadershipFailure" classname="org.apache.ratis.grpc.TestRaftAsyncWithGrpc" time="1.983">
    <failure message="Unexpected exit." type="java.lang.AssertionError">java.lang.AssertionError: Unexpected exit.
	at org.apache.ratis.util.ExitUtils.assertNotTerminated(ExitUtils.java:109)
	at org.apache.ratis.BaseTest.assertNoFailures(BaseTest.java:89)
	at sun.reflect.NativeMethodAccessorImpl.invoke0(Native Method)
	at sun.reflect.NativeMethodAccessorImpl.invoke(NativeMethodAccessorImpl.java:62)
	at sun.reflect.DelegatingMethodAccessorImpl.invoke(DelegatingMethodAccessorImpl.java:43)
	at java.lang.reflect.Method.invoke(Method.java:498)
	at org.junit.runners.model.FrameworkMethod$1.runReflectiveCall(FrameworkMethod.java:59)
	at org.junit.internal.runners.model.ReflectiveCallable.run(ReflectiveCallable.java:12)
	at org.junit.runners.model.FrameworkMethod.invokeExplosively(FrameworkMethod.java:56)
	at org.junit.internal.runners.statements.RunAfters.invokeMethod(RunAfters.java:46)
	at org.junit.internal.runners.statements.RunAfters.evaluate(RunAfters.java:33)
	at org.junit.internal.runners.statements.FailOnTimeout$CallableStatement.call(FailOnTimeout.java:299)
	at org.junit.internal.runners.statements.FailOnTimeout$CallableStatement.call(FailOnTimeout.java:293)
	at java.util.concurrent.FutureTask.run(FutureTask.java:266)
	at java.lang.Thread.run(Thread.java:750)
Caused by: org.apache.ratis.util.ExitUtils$ExitException: Failed to kill/restart server: s0
	at org.apache.ratis.util.ExitUtils.terminate(ExitUtils.java:141)
	at org.apache.ratis.util.ExitUtils.terminate(ExitUtils.java:151)
	at org.apache.ratis.RaftBasicTests.lambda$killAndRestartServer$2(RaftBasicTests.java:109)
	... 1 more
Caused by: java.lang.IllegalStateException: ILLEGAL TRANSITION: In s0-RaftServerProxy, CLOSED -> EXCEPTION
	at org.apache.ratis.util.Preconditions.assertTrue(Preconditions.java:60)
	at org.apache.ratis.util.LifeCycle$State.validate(LifeCycle.java:121)
	at org.apache.ratis.util.LifeCycle.transition(LifeCycle.java:164)
	at org.apache.ratis.util.LifeCycle.startAndTransition(LifeCycle.java:273)
	at org.apache.ratis.server.impl.RaftServerProxy.start(RaftServerProxy.java:379)
	at org.apache.ratis.server.impl.MiniRaftCluster.restartServer(MiniRaftCluster.java:330)
	at org.apache.ratis.server.impl.MiniRaftCluster.restartServer(MiniRaftCluster.java:322)
	at org.apache.ratis.RaftBasicTests.lambda$killAndRestartServer$2(RaftBasicTests.java:106)
	... 1 more
</failure>
  </testcase>
</testsuite>