<?xml version="1.0" encoding="UTF-8"?>
<testsuite xmlns:xsi="http://www.w3.org/2001/XMLSchema-instance" xsi:noNamespaceSchemaLocation="https://maven.apache.org/surefire/maven-surefire-plugin/xsd/surefire-test-report-3.0.xsd" version="3.0" name="org.apache.ratis.grpc.TestRaftLogTruncateWithGrpc" time="12.095" tests="1" errors="0" skipped="0" failures="1">
  <properties>
    <property name="awt.toolkit" value="sun.awt.X11.XToolkit"/>
    <property name="file.encoding.pkg" value="sun.io"/>
    <property name="java.specification.version" value="1.8"/>
    <property name="sun.cpu.isalist" value=""/>
    <property name="sun.jnu.encoding" value="UTF-8"/>
    <property name="java.class.path" value="/home/runner/work/ratis/ratis/ratis-test/target/test-classes:/home/runner/work/ratis/ratis/ratis-test/target/classes:/home/runner/work/ratis/ratis/ratis-common/target/classes:/home/runner/.m2/repository/org/apache/ratis/ratis-thirdparty-misc/1.0.5/ratis-thirdparty-misc-1.0.5.jar:/home/runner/work/ratis/ratis/ratis-proto/target/classes:/home/runner/work/ratis/ratis/ratis-common/target/test-classes:/home/runner/work/ratis/ratis/ratis-client/target/classes:/home/runner/work/ratis/ratis/ratis-server/target/classes:/home/runner/work/ratis/ratis/ratis-server-api/target/classes:/home/runner/work/ratis/ratis/ratis-metrics-api/target/classes:/home/runner/work/ratis/ratis/ratis-server/target/test-classes:/home/runner/work/ratis/ratis/ratis-metrics-default/target/classes:/home/runner/work/ratis/ratis/ratis-netty/target/classes:/home/runner/work/ratis/ratis/ratis-netty/target/test-classes:/home/runner/work/ratis/ratis/ratis-grpc/target/classes:/home/runner/work/ratis/ratis/ratis-grpc/target/test-classes:/home/runner/work/ratis/ratis/ratis-shell/target/classes:/home/runner/.m2/repository/commons-cli/commons-cli/1.5.0/commons-cli-1.5.0.jar:/home/runner/.m2/repository/org/reflections/reflections/0.10.2/reflections-0.10.2.jar:/home/runner/.m2/repository/org/javassist/javassist/3.28.0-GA/javassist-3.28.0-GA.jar:/home/runner/.m2/repository/com/google/code/findbugs/jsr305/3.0.2/jsr305-3.0.2.jar:/home/runner/.m2/repository/org/bouncycastle/bcprov-jdk18on/1.76/bcprov-jdk18on-1.76.jar:/home/runner/.m2/repository/org/bouncycastle/bcpkix-jdk18on/1.76/bcpkix-jdk18on-1.76.jar:/home/runner/.m2/repository/org/bouncycastle/bcutil-jdk18on/1.76/bcutil-jdk18on-1.76.jar:/home/runner/.m2/repository/org/slf4j/slf4j-api/2.0.7/slf4j-api-2.0.7.jar:/home/runner/.m2/repository/org/slf4j/slf4j-reload4j/2.0.7/slf4j-reload4j-2.0.7.jar:/home/runner/.m2/repository/ch/qos/reload4j/reload4j/1.2.22/reload4j-1.2.22.jar:/home/runner/.m2/repository/junit/junit/4.13.2/junit-4.13.2.jar:/home/runner/.m2/repository/org/hamcrest/hamcrest-core/1.3/hamcrest-core-1.3.jar:/home/runner/.m2/repository/org/junit/jupiter/junit-jupiter-engine/5.10.1/junit-jupiter-engine-5.10.1.jar:/home/runner/.m2/repository/org/junit/platform/junit-platform-engine/1.10.1/junit-platform-engine-1.10.1.jar:/home/runner/.m2/repository/org/apiguardian/apiguardian-api/1.1.2/apiguardian-api-1.1.2.jar:/home/runner/.m2/repository/org/junit/jupiter/junit-jupiter-api/5.10.1/junit-jupiter-api-5.10.1.jar:/home/runner/.m2/repository/org/opentest4j/opentest4j/1.3.0/opentest4j-1.3.0.jar:/home/runner/.m2/repository/org/junit/platform/junit-platform-commons/1.10.1/junit-platform-commons-1.10.1.jar:/home/runner/.m2/repository/org/junit/jupiter/junit-jupiter-params/5.10.1/junit-jupiter-params-5.10.1.jar:/home/runner/.m2/repository/org/mockito/mockito-core/4.3.1/mockito-core-4.3.1.jar:/home/runner/.m2/repository/net/bytebuddy/byte-buddy/1.12.7/byte-buddy-1.12.7.jar:/home/runner/.m2/repository/net/bytebuddy/byte-buddy-agent/1.12.7/byte-buddy-agent-1.12.7.jar:/home/runner/.m2/repository/org/objenesis/objenesis/3.2/objenesis-3.2.jar:"/>
    <property name="java.vm.vendor" value="Temurin"/>
    <property name="sun.arch.data.model" value="64"/>
    <property name="java.vendor.url" value="https://adoptium.net/"/>
    <property name="user.timezone" value="Etc/UTC"/>
    <property name="java.vm.specification.version" value="1.8"/>
    <property name="os.name" value="Linux"/>
    <property name="sun.java.launcher" value="SUN_STANDARD"/>
    <property name="sun.boot.library.path" value="/usr/lib/jvm/temurin-8-jdk-amd64/jre/lib/amd64"/>
    <property name="sun.java.command" value="/home/runner/work/ratis/ratis/ratis-test/target/surefire/surefirebooter-20240220171244987_85.jar /home/runner/work/ratis/ratis/ratis-test/target/surefire 2024-02-20T17-12-14_549-jvmRun1 surefire-20240220171244987_83tmp surefire_10-20240220171244987_84tmp"/>
    <property name="surefire.test.class.path" value="/home/runner/work/ratis/ratis/ratis-test/target/test-classes:/home/runner/work/ratis/ratis/ratis-test/target/classes:/home/runner/work/ratis/ratis/ratis-common/target/classes:/home/runner/.m2/repository/org/apache/ratis/ratis-thirdparty-misc/1.0.5/ratis-thirdparty-misc-1.0.5.jar:/home/runner/work/ratis/ratis/ratis-proto/target/classes:/home/runner/work/ratis/ratis/ratis-common/target/test-classes:/home/runner/work/ratis/ratis/ratis-client/target/classes:/home/runner/work/ratis/ratis/ratis-server/target/classes:/home/runner/work/ratis/ratis/ratis-server-api/target/classes:/home/runner/work/ratis/ratis/ratis-metrics-api/target/classes:/home/runner/work/ratis/ratis/ratis-server/target/test-classes:/home/runner/work/ratis/ratis/ratis-metrics-default/target/classes:/home/runner/work/ratis/ratis/ratis-netty/target/classes:/home/runner/work/ratis/ratis/ratis-netty/target/test-classes:/home/runner/work/ratis/ratis/ratis-grpc/target/classes:/home/runner/work/ratis/ratis/ratis-grpc/target/test-classes:/home/runner/work/ratis/ratis/ratis-shell/target/classes:/home/runner/.m2/repository/commons-cli/commons-cli/1.5.0/commons-cli-1.5.0.jar:/home/runner/.m2/repository/org/reflections/reflections/0.10.2/reflections-0.10.2.jar:/home/runner/.m2/repository/org/javassist/javassist/3.28.0-GA/javassist-3.28.0-GA.jar:/home/runner/.m2/repository/com/google/code/findbugs/jsr305/3.0.2/jsr305-3.0.2.jar:/home/runner/.m2/repository/org/bouncycastle/bcprov-jdk18on/1.76/bcprov-jdk18on-1.76.jar:/home/runner/.m2/repository/org/bouncycastle/bcpkix-jdk18on/1.76/bcpkix-jdk18on-1.76.jar:/home/runner/.m2/repository/org/bouncycastle/bcutil-jdk18on/1.76/bcutil-jdk18on-1.76.jar:/home/runner/.m2/repository/org/slf4j/slf4j-api/2.0.7/slf4j-api-2.0.7.jar:/home/runner/.m2/repository/org/slf4j/slf4j-reload4j/2.0.7/slf4j-reload4j-2.0.7.jar:/home/runner/.m2/repository/ch/qos/reload4j/reload4j/1.2.22/reload4j-1.2.22.jar:/home/runner/.m2/repository/junit/junit/4.13.2/junit-4.13.2.jar:/home/runner/.m2/repository/org/hamcrest/hamcrest-core/1.3/hamcrest-core-1.3.jar:/home/runner/.m2/repository/org/junit/jupiter/junit-jupiter-engine/5.10.1/junit-jupiter-engine-5.10.1.jar:/home/runner/.m2/repository/org/junit/platform/junit-platform-engine/1.10.1/junit-platform-engine-1.10.1.jar:/home/runner/.m2/repository/org/apiguardian/apiguardian-api/1.1.2/apiguardian-api-1.1.2.jar:/home/runner/.m2/repository/org/junit/jupiter/junit-jupiter-api/5.10.1/junit-jupiter-api-5.10.1.jar:/home/runner/.m2/repository/org/opentest4j/opentest4j/1.3.0/opentest4j-1.3.0.jar:/home/runner/.m2/repository/org/junit/platform/junit-platform-commons/1.10.1/junit-platform-commons-1.10.1.jar:/home/runner/.m2/repository/org/junit/jupiter/junit-jupiter-params/5.10.1/junit-jupiter-params-5.10.1.jar:/home/runner/.m2/repository/org/mockito/mockito-core/4.3.1/mockito-core-4.3.1.jar:/home/runner/.m2/repository/net/bytebuddy/byte-buddy/1.12.7/byte-buddy-1.12.7.jar:/home/runner/.m2/repository/net/bytebuddy/byte-buddy-agent/1.12.7/byte-buddy-agent-1.12.7.jar:/home/runner/.m2/repository/org/objenesis/objenesis/3.2/objenesis-3.2.jar:"/>
    <property name="sun.cpu.endian" value="little"/>
    <property name="user.home" value="/home/runner"/>
    <property name="user.language" value="en"/>
    <property name="java.specification.vendor" value="Oracle Corporation"/>
    <property name="java.home" value="/usr/lib/jvm/temurin-8-jdk-amd64/jre"/>
    <property name="basedir" value="/home/runner/work/ratis/ratis/ratis-test"/>
    <property name="file.separator" value="/"/>
    <property name="line.separator" value="&#10;"/>
    <property name="java.vm.specification.vendor" value="Oracle Corporation"/>
    <property name="java.specification.name" value="Java Platform API Specification"/>
    <property name="java.awt.graphicsenv" value="sun.awt.X11GraphicsEnvironment"/>
    <property name="surefire.real.class.path" value="/home/runner/work/ratis/ratis/ratis-test/target/surefire/surefirebooter-20240220171244987_85.jar:/home/runner/.m2/repository/org/jacoco/org.jacoco.agent/0.8.11/org.jacoco.agent-0.8.11-runtime.jar"/>
    <property name="sun.boot.class.path" value="/usr/lib/jvm/temurin-8-jdk-amd64/jre/lib/resources.jar:/usr/lib/jvm/temurin-8-jdk-amd64/jre/lib/rt.jar:/usr/lib/jvm/temurin-8-jdk-amd64/jre/lib/sunrsasign.jar:/usr/lib/jvm/temurin-8-jdk-amd64/jre/lib/jsse.jar:/usr/lib/jvm/temurin-8-jdk-amd64/jre/lib/jce.jar:/usr/lib/jvm/temurin-8-jdk-amd64/jre/lib/charsets.jar:/usr/lib/jvm/temurin-8-jdk-amd64/jre/lib/jfr.jar:/usr/lib/jvm/temurin-8-jdk-amd64/jre/classes"/>
    <property name="sun.management.compiler" value="HotSpot 64-Bit Tiered Compilers"/>
    <property name="java.runtime.version" value="1.8.0_402-b06"/>
    <property name="java.net.preferIPv4Stack" value="true"/>
    <property name="user.name" value="runner"/>
    <property name="path.separator" value=":"/>
    <property name="os.version" value="5.15.0-1054-azure"/>
    <property name="java.endorsed.dirs" value="/usr/lib/jvm/temurin-8-jdk-amd64/jre/lib/endorsed"/>
    <property name="java.runtime.name" value="OpenJDK Runtime Environment"/>
    <property name="file.encoding" value="UTF-8"/>
    <property name="java.vm.name" value="OpenJDK 64-Bit Server VM"/>
    <property name="localRepository" value="/home/runner/.m2/repository"/>
    <property name="java.vendor.url.bug" value="https://github.com/adoptium/adoptium-support/issues"/>
    <property name="java.io.tmpdir" value="/tmp"/>
    <property name="java.version" value="1.8.0_402"/>
    <property name="user.dir" value="/home/runner/work/ratis/ratis/ratis-test"/>
    <property name="os.arch" value="amd64"/>
    <property name="ratis.tmp.dir" value="/home/runner/work/ratis/ratis/ratis-test/target/tmp"/>
    <property name="java.vm.specification.name" value="Java Virtual Machine Specification"/>
    <property name="java.awt.printerjob" value="sun.print.PSPrinterJob"/>
    <property name="ratis.log.dir" value="/home/runner/work/ratis/ratis/ratis-test/target/log"/>
    <property name="sun.os.patch.level" value="unknown"/>
    <property name="org.apache.ratis.thirdparty.io.netty.allocator.useCacheForAllThreads" value="false"/>
    <property name="java.library.path" value="/usr/java/packages/lib/amd64:/usr/lib64:/lib64:/lib:/usr/lib"/>
    <property name="java.vm.info" value="mixed mode"/>
    <property name="java.vendor" value="Temurin"/>
    <property name="java.vm.version" value="25.402-b06"/>
    <property name="java.specification.maintenance.version" value="5"/>
    <property name="java.ext.dirs" value="/usr/lib/jvm/temurin-8-jdk-amd64/jre/lib/ext:/usr/java/packages/lib/ext"/>
    <property name="sun.io.unicode.encoding" value="UnicodeLittle"/>
    <property name="java.class.version" value="52.0"/>
  </properties>
  <testcase name="testLogTruncate" classname="org.apache.ratis.grpc.TestRaftLogTruncateWithGrpc" time="11.83">
    <failure message="s3 TransactionContextMap is non-empty ==&gt; expected: &lt;true&gt; but was: &lt;false&gt;" type="org.opentest4j.AssertionFailedError"><![CDATA[org.opentest4j.AssertionFailedError: s3 TransactionContextMap is non-empty ==> expected: <true> but was: <false>
	at org.apache.ratis.RaftLogTruncateTests.assertEmptyTransactionContextMap(RaftLogTruncateTests.java:235)
	at org.apache.ratis.RaftLogTruncateTests.runTestLogTruncate(RaftLogTruncateTests.java:147)
	at org.apache.ratis.RaftLogTruncateTests.runTestLogTruncate(RaftLogTruncateTests.java:115)
	at org.apache.ratis.server.impl.MiniRaftCluster$Factory$Get.runWithNewCluster(MiniRaftCluster.java:141)
	at org.apache.ratis.server.impl.MiniRaftCluster$Factory$Get.runWithNewCluster(MiniRaftCluster.java:121)
	at org.apache.ratis.RaftLogTruncateTests.testLogTruncate(RaftLogTruncateTests.java:93)
	at java.lang.reflect.Method.invoke(Method.java:498)
	at java.util.ArrayList.forEach(ArrayList.java:1259)
	at java.util.ArrayList.forEach(ArrayList.java:1259)
]]></failure>
    <system-out><![CDATA[2024-02-20 17:17:42,634 [main] INFO  util.LogUtils (Slf4jUtils.java:setLogLevel(38)) - Successfully set org.apache.ratis.conf.ConfUtils log level to WARN
2024-02-20 17:17:42,640 [main] INFO  util.LogUtils (Slf4jUtils.java:setLogLevel(38)) - Successfully set org.apache.ratis.util.FileUtils log level to TRACE
2024-02-20 17:17:42,772 [main] INFO  util.LogUtils (Slf4jUtils.java:setLogLevel(38)) - Successfully set org.apache.ratis.server.impl.TransactionManager log level to TRACE
2024-02-20 17:17:42,776 [main] INFO  util.LogUtils (Slf4jUtils.java:setLogLevel(38)) - Successfully set org.apache.ratis.client.impl.OrderedAsync log level to ERROR
2024-02-20 17:17:42,781 [main] INFO  util.LogUtils (Slf4jUtils.java:setLogLevel(38)) - Successfully set org.apache.ratis.server.RaftServerConfigKeys log level to ERROR
2024-02-20 17:17:42,782 [main] INFO  util.LogUtils (Slf4jUtils.java:setLogLevel(38)) - Successfully set org.apache.ratis.client.RaftClientConfigKeys log level to ERROR
2024-02-20 17:17:42,783 [main] INFO  util.LogUtils (Slf4jUtils.java:setLogLevel(38)) - Successfully set org.apache.ratis.client.RaftClientConfigKeys log level to ERROR
2024-02-20 17:17:42,832 [main] INFO  impl.MiniRaftCluster (MiniRaftCluster.java:runWithNewCluster(135)) - Running runWithNewCluster
2024-02-20 17:17:42,870 [main] INFO  impl.MiniRaftCluster (MiniRaftCluster.java:<init>(306)) - new MiniRaftClusterWithGrpc with group-5362E9D8806E:[s3|localhost:15012, s4|localhost:15016, s0|localhost:15000, s1|localhost:15004, s2|localhost:15008]
2024-02-20 17:17:42,871 [main] INFO  impl.MiniRaftCluster (MiniRaftCluster.java:start(339)) - .............................................................. 
2024-02-20 17:17:42,871 [main] INFO  impl.MiniRaftCluster (MiniRaftCluster.java:start(340)) - ... 
2024-02-20 17:17:42,871 [main] INFO  impl.MiniRaftCluster (MiniRaftCluster.java:start(341)) - ...     Starting MiniRaftClusterWithGrpc
2024-02-20 17:17:42,872 [main] INFO  impl.MiniRaftCluster (MiniRaftCluster.java:start(342)) - ... 
2024-02-20 17:17:42,872 [main] INFO  impl.MiniRaftCluster (MiniRaftCluster.java:start(343)) - .............................................................. 
2024-02-20 17:17:42,872 [main] INFO  impl.MiniRaftCluster (MiniRaftCluster.java:initServers(318)) - servers = {}
2024-02-20 17:17:42,882 [main] INFO  impl.MiniRaftCluster (MiniRaftCluster.java:newRaftServer(382)) - newRaftServer: s3, group-5362E9D8806E:[s3|localhost:15012, s4|localhost:15016, s0|localhost:15000, s1|localhost:15004, s2|localhost:15008], format? true
2024-02-20 17:17:42,884 [main] TRACE util.FileUtils (FileUtils.java:deleteFully(305)) - deleteFully target/test/data/e6831fa0/MiniRaftClusterWithGrpc1c021b02/s3
2024-02-20 17:17:42,886 [main] TRACE util.FileUtils (FileUtils.java:deleteFully(318)) - deleteFully: target/test/data/e6831fa0/MiniRaftClusterWithGrpc1c021b02/s3 does not exist.
2024-02-20 17:17:42,886 [main] INFO  impl.MiniRaftCluster (MiniRaftCluster.java:newRaftServer(387)) - Formatted directory target/test/data/e6831fa0/MiniRaftClusterWithGrpc1c021b02/s3
2024-02-20 17:17:42,914 [main] INFO  server.RaftServer (ConfUtils.java:logGet(46)) - raft.rpc.type = GRPC (default)
2024-02-20 17:17:43,083 [main] INFO  grpc.GrpcConfigKeys (ConfUtils.java:logFallback(53)) - raft.grpc.admin.host = null (fallback to raft.grpc.server.host)
2024-02-20 17:17:43,085 [main] INFO  grpc.GrpcConfigKeys (ConfUtils.java:logGet(46)) - raft.grpc.admin.port = 15013 (custom)
2024-02-20 17:17:43,085 [main] INFO  grpc.GrpcConfigKeys (ConfUtils.java:logFallback(53)) - raft.grpc.client.host = null (fallback to raft.grpc.server.host)
2024-02-20 17:17:43,086 [main] INFO  grpc.GrpcConfigKeys (ConfUtils.java:logGet(46)) - raft.grpc.client.port = 15014 (custom)
2024-02-20 17:17:43,087 [main] INFO  grpc.GrpcConfigKeys (ConfUtils.java:logGet(46)) - raft.grpc.server.host = null (default)
2024-02-20 17:17:43,087 [main] INFO  grpc.GrpcConfigKeys (ConfUtils.java:logGet(46)) - raft.grpc.server.port = 15012 (custom)
2024-02-20 17:17:43,088 [main] INFO  server.GrpcService (ConfUtils.java:logGet(46)) - raft.grpc.message.size.max = 64MB (=67108864) (default)
2024-02-20 17:17:43,091 [main] INFO  server.GrpcService (ConfUtils.java:logGet(46)) - raft.grpc.flow.control.window = 1MB (=1048576) (default)
2024-02-20 17:17:43,118 [main] INFO  grpc.GrpcConfigKeys (ConfUtils.java:logGet(46)) - raft.grpc.server.heartbeat.channel = true (default)
2024-02-20 17:17:43,124 [main] INFO  grpc.GrpcConfigKeys (ConfUtils.java:logGet(46)) - raft.grpc.server.async.request.thread.pool.cached = true (default)
2024-02-20 17:17:43,125 [main] INFO  grpc.GrpcConfigKeys (ConfUtils.java:logGet(46)) - raft.grpc.server.async.request.thread.pool.size = 32 (default)
2024-02-20 17:17:43,135 [main] INFO  metrics.MetricRegistries (MetricRegistriesLoader.java:load(64)) - Loaded MetricRegistries class org.apache.ratis.metrics.impl.MetricRegistriesImpl
2024-02-20 17:17:43,662 [main] INFO  impl.DataStreamServerImpl (ConfUtils.java:logGet(46)) - raft.datastream.type = DISABLED (default)
2024-02-20 17:17:43,687 [main] INFO  server.RaftServer (RaftServerProxy.java:addNew(101)) - s3: addNew group-5362E9D8806E:[s3|localhost:15012, s4|localhost:15016, s0|localhost:15000, s1|localhost:15004, s2|localhost:15008] returns group-5362E9D8806E:java.util.concurrent.CompletableFuture@152035eb[Not completed]
2024-02-20 17:17:43,689 [main] INFO  impl.MiniRaftCluster (MiniRaftCluster.java:newRaftServer(382)) - newRaftServer: s4, group-5362E9D8806E:[s3|localhost:15012, s4|localhost:15016, s0|localhost:15000, s1|localhost:15004, s2|localhost:15008], format? true
2024-02-20 17:17:43,690 [main] TRACE util.FileUtils (FileUtils.java:deleteFully(305)) - deleteFully target/test/data/e6831fa0/MiniRaftClusterWithGrpc1c021b02/s4
2024-02-20 17:17:43,690 [main] TRACE util.FileUtils (FileUtils.java:deleteFully(318)) - deleteFully: target/test/data/e6831fa0/MiniRaftClusterWithGrpc1c021b02/s4 does not exist.
2024-02-20 17:17:43,691 [main] INFO  impl.MiniRaftCluster (MiniRaftCluster.java:newRaftServer(387)) - Formatted directory target/test/data/e6831fa0/MiniRaftClusterWithGrpc1c021b02/s4
2024-02-20 17:17:43,692 [main] INFO  server.RaftServer (ConfUtils.java:logGet(46)) - raft.rpc.type = GRPC (default)
2024-02-20 17:17:43,692 [main] INFO  grpc.GrpcConfigKeys (ConfUtils.java:logFallback(53)) - raft.grpc.admin.host = null (fallback to raft.grpc.server.host)
2024-02-20 17:17:43,693 [main] INFO  grpc.GrpcConfigKeys (ConfUtils.java:logGet(46)) - raft.grpc.admin.port = 15017 (custom)
2024-02-20 17:17:43,694 [main] INFO  grpc.GrpcConfigKeys (ConfUtils.java:logFallback(53)) - raft.grpc.client.host = null (fallback to raft.grpc.server.host)
2024-02-20 17:17:43,694 [main] INFO  grpc.GrpcConfigKeys (ConfUtils.java:logGet(46)) - raft.grpc.client.port = 15018 (custom)
2024-02-20 17:17:43,694 [main] INFO  grpc.GrpcConfigKeys (ConfUtils.java:logGet(46)) - raft.grpc.server.host = null (default)
2024-02-20 17:17:43,695 [main] INFO  grpc.GrpcConfigKeys (ConfUtils.java:logGet(46)) - raft.grpc.server.port = 15016 (custom)
2024-02-20 17:17:43,695 [main] INFO  server.GrpcService (ConfUtils.java:logGet(46)) - raft.grpc.message.size.max = 64MB (=67108864) (default)
2024-02-20 17:17:43,696 [main] INFO  server.GrpcService (ConfUtils.java:logGet(46)) - raft.grpc.flow.control.window = 1MB (=1048576) (default)
2024-02-20 17:17:43,698 [main] INFO  grpc.GrpcConfigKeys (ConfUtils.java:logGet(46)) - raft.grpc.server.heartbeat.channel = true (default)
2024-02-20 17:17:43,698 [main] INFO  grpc.GrpcConfigKeys (ConfUtils.java:logGet(46)) - raft.grpc.server.async.request.thread.pool.cached = true (default)
2024-02-20 17:17:43,698 [main] INFO  grpc.GrpcConfigKeys (ConfUtils.java:logGet(46)) - raft.grpc.server.async.request.thread.pool.size = 32 (default)
2024-02-20 17:17:43,702 [main] INFO  impl.DataStreamServerImpl (ConfUtils.java:logGet(46)) - raft.datastream.type = DISABLED (default)
2024-02-20 17:17:43,705 [main] INFO  server.RaftServer (RaftServerProxy.java:addNew(101)) - s4: addNew group-5362E9D8806E:[s3|localhost:15012, s4|localhost:15016, s0|localhost:15000, s1|localhost:15004, s2|localhost:15008] returns group-5362E9D8806E:java.util.concurrent.CompletableFuture@24d0c6a4[Not completed]
2024-02-20 17:17:43,705 [main] INFO  impl.MiniRaftCluster (MiniRaftCluster.java:newRaftServer(382)) - newRaftServer: s0, group-5362E9D8806E:[s3|localhost:15012, s4|localhost:15016, s0|localhost:15000, s1|localhost:15004, s2|localhost:15008], format? true
2024-02-20 17:17:43,705 [main] TRACE util.FileUtils (FileUtils.java:deleteFully(305)) - deleteFully target/test/data/e6831fa0/MiniRaftClusterWithGrpc1c021b02/s0
2024-02-20 17:17:43,706 [main] TRACE util.FileUtils (FileUtils.java:deleteFully(318)) - deleteFully: target/test/data/e6831fa0/MiniRaftClusterWithGrpc1c021b02/s0 does not exist.
2024-02-20 17:17:43,706 [main] INFO  impl.MiniRaftCluster (MiniRaftCluster.java:newRaftServer(387)) - Formatted directory target/test/data/e6831fa0/MiniRaftClusterWithGrpc1c021b02/s0
2024-02-20 17:17:43,707 [main] INFO  server.RaftServer (ConfUtils.java:logGet(46)) - raft.rpc.type = GRPC (default)
2024-02-20 17:17:43,707 [main] INFO  grpc.GrpcConfigKeys (ConfUtils.java:logFallback(53)) - raft.grpc.admin.host = null (fallback to raft.grpc.server.host)
2024-02-20 17:17:43,707 [main] INFO  grpc.GrpcConfigKeys (ConfUtils.java:logGet(46)) - raft.grpc.admin.port = 15001 (custom)
2024-02-20 17:17:43,708 [main] INFO  grpc.GrpcConfigKeys (ConfUtils.java:logFallback(53)) - raft.grpc.client.host = null (fallback to raft.grpc.server.host)
2024-02-20 17:17:43,708 [main] INFO  grpc.GrpcConfigKeys (ConfUtils.java:logGet(46)) - raft.grpc.client.port = 15002 (custom)
2024-02-20 17:17:43,708 [main] INFO  grpc.GrpcConfigKeys (ConfUtils.java:logGet(46)) - raft.grpc.server.host = null (default)
2024-02-20 17:17:43,708 [main] INFO  grpc.GrpcConfigKeys (ConfUtils.java:logGet(46)) - raft.grpc.server.port = 15000 (custom)
2024-02-20 17:17:43,709 [main] INFO  server.GrpcService (ConfUtils.java:logGet(46)) - raft.grpc.message.size.max = 64MB (=67108864) (default)
2024-02-20 17:17:43,709 [main] INFO  server.GrpcService (ConfUtils.java:logGet(46)) - raft.grpc.flow.control.window = 1MB (=1048576) (default)
2024-02-20 17:17:43,709 [main] INFO  grpc.GrpcConfigKeys (ConfUtils.java:logGet(46)) - raft.grpc.server.heartbeat.channel = true (default)
2024-02-20 17:17:43,708 [s3-groupManagement] INFO  server.RaftServer$Division (RaftServerImpl.java:<init>(252)) - s3: new RaftServerImpl for group-5362E9D8806E:[s3|localhost:15012, s4|localhost:15016, s0|localhost:15000, s1|localhost:15004, s2|localhost:15008] with SimpleStateMachine4Testing:uninitialized
2024-02-20 17:17:43,710 [main] INFO  grpc.GrpcConfigKeys (ConfUtils.java:logGet(46)) - raft.grpc.server.async.request.thread.pool.cached = true (default)
2024-02-20 17:17:43,710 [main] INFO  grpc.GrpcConfigKeys (ConfUtils.java:logGet(46)) - raft.grpc.server.async.request.thread.pool.size = 32 (default)
2024-02-20 17:17:43,713 [main] INFO  impl.DataStreamServerImpl (ConfUtils.java:logGet(46)) - raft.datastream.type = DISABLED (default)
2024-02-20 17:17:43,708 [s4-groupManagement] INFO  server.RaftServer$Division (RaftServerImpl.java:<init>(252)) - s4: new RaftServerImpl for group-5362E9D8806E:[s3|localhost:15012, s4|localhost:15016, s0|localhost:15000, s1|localhost:15004, s2|localhost:15008] with SimpleStateMachine4Testing:uninitialized
2024-02-20 17:17:43,716 [main] INFO  server.RaftServer (RaftServerProxy.java:addNew(101)) - s0: addNew group-5362E9D8806E:[s3|localhost:15012, s4|localhost:15016, s0|localhost:15000, s1|localhost:15004, s2|localhost:15008] returns group-5362E9D8806E:java.util.concurrent.CompletableFuture@22172b00[Not completed]
2024-02-20 17:17:43,716 [main] INFO  impl.MiniRaftCluster (MiniRaftCluster.java:newRaftServer(382)) - newRaftServer: s1, group-5362E9D8806E:[s3|localhost:15012, s4|localhost:15016, s0|localhost:15000, s1|localhost:15004, s2|localhost:15008], format? true
2024-02-20 17:17:43,716 [main] TRACE util.FileUtils (FileUtils.java:deleteFully(305)) - deleteFully target/test/data/e6831fa0/MiniRaftClusterWithGrpc1c021b02/s1
2024-02-20 17:17:43,716 [main] TRACE util.FileUtils (FileUtils.java:deleteFully(318)) - deleteFully: target/test/data/e6831fa0/MiniRaftClusterWithGrpc1c021b02/s1 does not exist.
2024-02-20 17:17:43,717 [main] INFO  impl.MiniRaftCluster (MiniRaftCluster.java:newRaftServer(387)) - Formatted directory target/test/data/e6831fa0/MiniRaftClusterWithGrpc1c021b02/s1
2024-02-20 17:17:43,718 [main] INFO  server.RaftServer (ConfUtils.java:logGet(46)) - raft.rpc.type = GRPC (default)
2024-02-20 17:17:43,718 [main] INFO  grpc.GrpcConfigKeys (ConfUtils.java:logFallback(53)) - raft.grpc.admin.host = null (fallback to raft.grpc.server.host)
2024-02-20 17:17:43,718 [main] INFO  grpc.GrpcConfigKeys (ConfUtils.java:logGet(46)) - raft.grpc.admin.port = 15005 (custom)
2024-02-20 17:17:43,719 [main] INFO  grpc.GrpcConfigKeys (ConfUtils.java:logFallback(53)) - raft.grpc.client.host = null (fallback to raft.grpc.server.host)
2024-02-20 17:17:43,719 [main] INFO  grpc.GrpcConfigKeys (ConfUtils.java:logGet(46)) - raft.grpc.client.port = 15006 (custom)
2024-02-20 17:17:43,719 [main] INFO  grpc.GrpcConfigKeys (ConfUtils.java:logGet(46)) - raft.grpc.server.host = null (default)
2024-02-20 17:17:43,720 [main] INFO  grpc.GrpcConfigKeys (ConfUtils.java:logGet(46)) - raft.grpc.server.port = 15004 (custom)
2024-02-20 17:17:43,720 [main] INFO  server.GrpcService (ConfUtils.java:logGet(46)) - raft.grpc.message.size.max = 64MB (=67108864) (default)
2024-02-20 17:17:43,720 [main] INFO  server.GrpcService (ConfUtils.java:logGet(46)) - raft.grpc.flow.control.window = 1MB (=1048576) (default)
2024-02-20 17:17:43,720 [main] INFO  grpc.GrpcConfigKeys (ConfUtils.java:logGet(46)) - raft.grpc.server.heartbeat.channel = true (default)
2024-02-20 17:17:43,721 [main] INFO  grpc.GrpcConfigKeys (ConfUtils.java:logGet(46)) - raft.grpc.server.async.request.thread.pool.cached = true (default)
2024-02-20 17:17:43,721 [main] INFO  grpc.GrpcConfigKeys (ConfUtils.java:logGet(46)) - raft.grpc.server.async.request.thread.pool.size = 32 (default)
2024-02-20 17:17:43,723 [s4-groupManagement] INFO  server.RaftServer$Division (ServerState.java:<init>(113)) - s4@group-5362E9D8806E: ConfigurationManager, init=-1: peers:[s3|localhost:15012, s4|localhost:15016, s0|localhost:15000, s1|localhost:15004, s2|localhost:15008]|listeners:[], old=null, confs=<EMPTY_MAP>
2024-02-20 17:17:43,724 [main] INFO  impl.DataStreamServerImpl (ConfUtils.java:logGet(46)) - raft.datastream.type = DISABLED (default)
2024-02-20 17:17:43,725 [s3-groupManagement] INFO  server.RaftServer$Division (ServerState.java:<init>(113)) - s3@group-5362E9D8806E: ConfigurationManager, init=-1: peers:[s3|localhost:15012, s4|localhost:15016, s0|localhost:15000, s1|localhost:15004, s2|localhost:15008]|listeners:[], old=null, confs=<EMPTY_MAP>
2024-02-20 17:17:43,725 [s0-groupManagement] INFO  server.RaftServer$Division (RaftServerImpl.java:<init>(252)) - s0: new RaftServerImpl for group-5362E9D8806E:[s3|localhost:15012, s4|localhost:15016, s0|localhost:15000, s1|localhost:15004, s2|localhost:15008] with SimpleStateMachine4Testing:uninitialized
2024-02-20 17:17:43,726 [s0-groupManagement] INFO  server.RaftServer$Division (ServerState.java:<init>(113)) - s0@group-5362E9D8806E: ConfigurationManager, init=-1: peers:[s3|localhost:15012, s4|localhost:15016, s0|localhost:15000, s1|localhost:15004, s2|localhost:15008]|listeners:[], old=null, confs=<EMPTY_MAP>
2024-02-20 17:17:43,734 [main] INFO  server.RaftServer (RaftServerProxy.java:addNew(101)) - s1: addNew group-5362E9D8806E:[s3|localhost:15012, s4|localhost:15016, s0|localhost:15000, s1|localhost:15004, s2|localhost:15008] returns group-5362E9D8806E:java.util.concurrent.CompletableFuture@29dfc68f[Not completed]
2024-02-20 17:17:43,735 [main] INFO  impl.MiniRaftCluster (MiniRaftCluster.java:newRaftServer(382)) - newRaftServer: s2, group-5362E9D8806E:[s3|localhost:15012, s4|localhost:15016, s0|localhost:15000, s1|localhost:15004, s2|localhost:15008], format? true
2024-02-20 17:17:43,735 [main] TRACE util.FileUtils (FileUtils.java:deleteFully(305)) - deleteFully target/test/data/e6831fa0/MiniRaftClusterWithGrpc1c021b02/s2
2024-02-20 17:17:43,735 [main] TRACE util.FileUtils (FileUtils.java:deleteFully(318)) - deleteFully: target/test/data/e6831fa0/MiniRaftClusterWithGrpc1c021b02/s2 does not exist.
2024-02-20 17:17:43,735 [main] INFO  impl.MiniRaftCluster (MiniRaftCluster.java:newRaftServer(387)) - Formatted directory target/test/data/e6831fa0/MiniRaftClusterWithGrpc1c021b02/s2
2024-02-20 17:17:43,736 [main] INFO  server.RaftServer (ConfUtils.java:logGet(46)) - raft.rpc.type = GRPC (default)
2024-02-20 17:17:43,736 [main] INFO  grpc.GrpcConfigKeys (ConfUtils.java:logFallback(53)) - raft.grpc.admin.host = null (fallback to raft.grpc.server.host)
2024-02-20 17:17:43,737 [main] INFO  grpc.GrpcConfigKeys (ConfUtils.java:logGet(46)) - raft.grpc.admin.port = 15009 (custom)
2024-02-20 17:17:43,737 [main] INFO  grpc.GrpcConfigKeys (ConfUtils.java:logFallback(53)) - raft.grpc.client.host = null (fallback to raft.grpc.server.host)
2024-02-20 17:17:43,737 [main] INFO  grpc.GrpcConfigKeys (ConfUtils.java:logGet(46)) - raft.grpc.client.port = 15010 (custom)
2024-02-20 17:17:43,738 [main] INFO  grpc.GrpcConfigKeys (ConfUtils.java:logGet(46)) - raft.grpc.server.host = null (default)
2024-02-20 17:17:43,738 [main] INFO  grpc.GrpcConfigKeys (ConfUtils.java:logGet(46)) - raft.grpc.server.port = 15008 (custom)
2024-02-20 17:17:43,738 [main] INFO  server.GrpcService (ConfUtils.java:logGet(46)) - raft.grpc.message.size.max = 64MB (=67108864) (default)
2024-02-20 17:17:43,739 [main] INFO  server.GrpcService (ConfUtils.java:logGet(46)) - raft.grpc.flow.control.window = 1MB (=1048576) (default)
2024-02-20 17:17:43,739 [main] INFO  grpc.GrpcConfigKeys (ConfUtils.java:logGet(46)) - raft.grpc.server.heartbeat.channel = true (default)
2024-02-20 17:17:43,739 [main] INFO  grpc.GrpcConfigKeys (ConfUtils.java:logGet(46)) - raft.grpc.server.async.request.thread.pool.cached = true (default)
2024-02-20 17:17:43,740 [main] INFO  grpc.GrpcConfigKeys (ConfUtils.java:logGet(46)) - raft.grpc.server.async.request.thread.pool.size = 32 (default)
2024-02-20 17:17:43,742 [main] INFO  impl.DataStreamServerImpl (ConfUtils.java:logGet(46)) - raft.datastream.type = DISABLED (default)
2024-02-20 17:17:43,744 [s1-groupManagement] INFO  server.RaftServer$Division (RaftServerImpl.java:<init>(252)) - s1: new RaftServerImpl for group-5362E9D8806E:[s3|localhost:15012, s4|localhost:15016, s0|localhost:15000, s1|localhost:15004, s2|localhost:15008] with SimpleStateMachine4Testing:uninitialized
2024-02-20 17:17:43,745 [s1-groupManagement] INFO  server.RaftServer$Division (ServerState.java:<init>(113)) - s1@group-5362E9D8806E: ConfigurationManager, init=-1: peers:[s3|localhost:15012, s4|localhost:15016, s0|localhost:15000, s1|localhost:15004, s2|localhost:15008]|listeners:[], old=null, confs=<EMPTY_MAP>
2024-02-20 17:17:43,747 [main] INFO  server.RaftServer (RaftServerProxy.java:addNew(101)) - s2: addNew group-5362E9D8806E:[s3|localhost:15012, s4|localhost:15016, s0|localhost:15000, s1|localhost:15004, s2|localhost:15008] returns group-5362E9D8806E:java.util.concurrent.CompletableFuture@5ffdd510[Not completed]
2024-02-20 17:17:43,752 [s2-groupManagement] INFO  server.RaftServer$Division (RaftServerImpl.java:<init>(252)) - s2: new RaftServerImpl for group-5362E9D8806E:[s3|localhost:15012, s4|localhost:15016, s0|localhost:15000, s1|localhost:15004, s2|localhost:15008] with SimpleStateMachine4Testing:uninitialized
2024-02-20 17:17:43,754 [s2-groupManagement] INFO  server.RaftServer$Division (ServerState.java:<init>(113)) - s2@group-5362E9D8806E: ConfigurationManager, init=-1: peers:[s3|localhost:15012, s4|localhost:15016, s0|localhost:15000, s1|localhost:15004, s2|localhost:15008]|listeners:[], old=null, confs=<EMPTY_MAP>
2024-02-20 17:17:43,804 [s3-impl-thread1] INFO  storage.RaftStorageDirectory (RaftStorageDirectoryImpl.java:analyzeStorage(138)) - The storage directory /home/runner/work/ratis/ratis/ratis-test/target/test/data/e6831fa0/MiniRaftClusterWithGrpc1c021b02/s3/23fc7c77-eda5-4742-9c62-5362e9d8806e does not exist. Creating ...
2024-02-20 17:17:43,805 [s3-impl-thread1] TRACE util.FileUtils (LogUtils.java:runAndLog(49)) - Successfully ran Files.createDirectories /home/runner/work/ratis/ratis/ratis-test/target/test/data/e6831fa0/MiniRaftClusterWithGrpc1c021b02/s3/23fc7c77-eda5-4742-9c62-5362e9d8806e
2024-02-20 17:17:43,807 [s3-impl-thread1] INFO  storage.RaftStorageDirectory (RaftStorageDirectoryImpl.java:tryLock(228)) - Lock on /home/runner/work/ratis/ratis/ratis-test/target/test/data/e6831fa0/MiniRaftClusterWithGrpc1c021b02/s3/23fc7c77-eda5-4742-9c62-5362e9d8806e/in_use.lock acquired by nodename 9010@fv-az1214-614
2024-02-20 17:17:43,808 [s3-impl-thread1] TRACE util.FileUtils (LogUtils.java:runAndLog(49)) - Successfully ran Files.createDirectories /home/runner/work/ratis/ratis/ratis-test/target/test/data/e6831fa0/MiniRaftClusterWithGrpc1c021b02/s3/23fc7c77-eda5-4742-9c62-5362e9d8806e/current
2024-02-20 17:17:43,808 [s3-impl-thread1] TRACE util.FileUtils (LogUtils.java:runAndLog(49)) - Successfully ran Files.createDirectories /home/runner/work/ratis/ratis/ratis-test/target/test/data/e6831fa0/MiniRaftClusterWithGrpc1c021b02/s3/23fc7c77-eda5-4742-9c62-5362e9d8806e/sm
2024-02-20 17:17:43,814 [s3-impl-thread1] TRACE util.FileUtils (LogUtils.java:supplyAndLog(69)) - Successfully supplied FileChannel.open /home/runner/work/ratis/ratis/ratis-test/target/test/data/e6831fa0/MiniRaftClusterWithGrpc1c021b02/s3/23fc7c77-eda5-4742-9c62-5362e9d8806e/current/raft-meta.tmp with options [CREATE, WRITE]: sun.nio.ch.FileChannelImpl@5eec96c1
2024-02-20 17:17:43,820 [s3-impl-thread1] TRACE util.FileUtils (LogUtils.java:runAndLog(49)) - Successfully ran Atomic Files.move /home/runner/work/ratis/ratis/ratis-test/target/test/data/e6831fa0/MiniRaftClusterWithGrpc1c021b02/s3/23fc7c77-eda5-4742-9c62-5362e9d8806e/current/raft-meta.tmp to /home/runner/work/ratis/ratis/ratis-test/target/test/data/e6831fa0/MiniRaftClusterWithGrpc1c021b02/s3/23fc7c77-eda5-4742-9c62-5362e9d8806e/current/raft-meta with options [REPLACE_EXISTING]
2024-02-20 17:17:43,821 [s3-impl-thread1] INFO  storage.RaftStorage (RaftStorageImpl.java:format(99)) - Storage directory /home/runner/work/ratis/ratis/ratis-test/target/test/data/e6831fa0/MiniRaftClusterWithGrpc1c021b02/s3/23fc7c77-eda5-4742-9c62-5362e9d8806e has been successfully formatted.
2024-02-20 17:17:43,822 [s3-impl-thread1] TRACE util.FileUtils (LogUtils.java:supplyAndLog(61)) - Failed to Files.newInputStream /home/runner/work/ratis/ratis/ratis-test/target/test/data/e6831fa0/MiniRaftClusterWithGrpc1c021b02/s3/23fc7c77-eda5-4742-9c62-5362e9d8806e/current/raft-meta.conf with options []
java.nio.file.NoSuchFileException: /home/runner/work/ratis/ratis/ratis-test/target/test/data/e6831fa0/MiniRaftClusterWithGrpc1c021b02/s3/23fc7c77-eda5-4742-9c62-5362e9d8806e/current/raft-meta.conf
	at sun.nio.fs.UnixException.translateToIOException(UnixException.java:86)
	at sun.nio.fs.UnixException.rethrowAsIOException(UnixException.java:102)
	at sun.nio.fs.UnixException.rethrowAsIOException(UnixException.java:107)
	at sun.nio.fs.UnixFileSystemProvider.newByteChannel(UnixFileSystemProvider.java:214)
	at java.nio.file.Files.newByteChannel(Files.java:361)
	at java.nio.file.Files.newByteChannel(Files.java:407)
	at java.nio.file.spi.FileSystemProvider.newInputStream(FileSystemProvider.java:384)
	at java.nio.file.Files.newInputStream(Files.java:152)
	at org.apache.ratis.util.FileUtils.lambda$newInputStream$2(FileUtils.java:73)
	at org.apache.ratis.util.LogUtils.supplyAndLog(LogUtils.java:58)
	at org.apache.ratis.util.FileUtils.newInputStream(FileUtils.java:72)
	at org.apache.ratis.util.FileUtils.newInputStream(FileUtils.java:68)
	at org.apache.ratis.server.storage.RaftStorageImpl.readRaftConfiguration(RaftStorageImpl.java:156)
	at org.apache.ratis.server.impl.ServerState.initialize(ServerState.java:141)
	at org.apache.ratis.server.impl.RaftServerImpl.start(RaftServerImpl.java:384)
	at org.apache.ratis.util.ConcurrentUtils.accept(ConcurrentUtils.java:203)
	at org.apache.ratis.util.ConcurrentUtils.lambda$null$4(ConcurrentUtils.java:182)
	at java.util.concurrent.ThreadPoolExecutor.runWorker(ThreadPoolExecutor.java:1149)
	at java.util.concurrent.ThreadPoolExecutor$Worker.run(ThreadPoolExecutor.java:624)
	at java.lang.Thread.run(Thread.java:750)
2024-02-20 17:17:43,825 [s3-impl-thread1] INFO  impl.SimpleStateMachine4Testing (SimpleStateMachine4Testing.java:initialize(215)) - Initializing SimpleStateMachine4Testing:uninitialized
2024-02-20 17:17:43,827 [s3-impl-thread1] INFO  impl.SimpleStateMachine4Testing (SimpleStateMachine4Testing.java:loadSnapshot(309)) - Loading snapshot null
2024-02-20 17:17:43,861 [s3-impl-thread1] INFO  util.AwaitToRun (AwaitToRun.java:start(81)) - Thread[s3@group-5362E9D8806E-cacheEviction-AwaitToRun,5,main] started
2024-02-20 17:17:43,867 [s3-impl-thread1] INFO  segmented.SegmentedRaftLogWorker (SegmentedRaftLogWorker.java:<init>(182)) - new s3@group-5362E9D8806E-SegmentedRaftLogWorker for RaftStorageImpl:Storage Directory /home/runner/work/ratis/ratis/ratis-test/target/test/data/e6831fa0/MiniRaftClusterWithGrpc1c021b02/s3/23fc7c77-eda5-4742-9c62-5362e9d8806e
2024-02-20 17:17:43,882 [s3-impl-thread1] INFO  segmented.SegmentedRaftLogWorker (SegmentedRaftLogWorker.java:lambda$new$0(134)) - s3@group-5362E9D8806E-SegmentedRaftLogWorker: flushIndex: setUnconditionally 0 -> -1
2024-02-20 17:17:43,882 [s3-impl-thread1] INFO  segmented.SegmentedRaftLogWorker (SegmentedRaftLogWorker.java:lambda$new$0(134)) - s3@group-5362E9D8806E-SegmentedRaftLogWorker: safeCacheEvictIndex: setUnconditionally 0 -> -1
2024-02-20 17:17:43,884 [s3-impl-thread1] INFO  server.RaftServer$Division (RaftServerImpl.java:start(388)) - s3@group-5362E9D8806E: start as a follower, conf=-1: peers:[s3|localhost:15012, s4|localhost:15016, s0|localhost:15000, s1|localhost:15004, s2|localhost:15008]|listeners:[], old=null
2024-02-20 17:17:43,885 [s3-impl-thread1] INFO  server.RaftServer$Division (RaftServerImpl.java:setRole(375)) - s3@group-5362E9D8806E: changes role from      null to FOLLOWER at term 0 for startAsFollower
2024-02-20 17:17:43,886 [s3-impl-thread1] INFO  impl.RoleInfo (RoleInfo.java:updateAndGet(148)) - s3: start s3@group-5362E9D8806E-FollowerState
2024-02-20 17:17:43,887 [s3-impl-thread1] INFO  util.JmxRegister (JmxRegister.java:tryRegister(44)) - Successfully registered JMX Bean with object name Ratis:service=RaftServer,group=group-5362E9D8806E,id=s3
2024-02-20 17:17:43,888 [s3-impl-thread1] INFO  util.JmxRegister (JmxRegister.java:register(58)) - register mxBean class org.apache.ratis.server.impl.RaftServerJmxAdapter as Ratis:service=RaftServer,group=group-5362E9D8806E,id=s3
2024-02-20 17:17:43,895 [main] INFO  server.RaftServer (RaftServerProxy.java:startImpl(407)) - s3: start RPC server
2024-02-20 17:17:43,957 [main] INFO  server.GrpcService (GrpcService.java:startImpl(309)) - s3: GrpcService started, listening on 15014
2024-02-20 17:17:43,958 [main] INFO  server.GrpcService (GrpcService.java:startImpl(309)) - s3: GrpcService started, listening on 15012
2024-02-20 17:17:43,959 [main] INFO  server.GrpcService (GrpcService.java:startImpl(309)) - s3: GrpcService started, listening on 15013
2024-02-20 17:17:43,961 [JvmPauseMonitor0] INFO  util.JvmPauseMonitor (JvmPauseMonitor.java:run(146)) - JvmPauseMonitor-s3: Started
2024-02-20 17:17:43,961 [s4-impl-thread1] INFO  storage.RaftStorageDirectory (RaftStorageDirectoryImpl.java:analyzeStorage(138)) - The storage directory /home/runner/work/ratis/ratis/ratis-test/target/test/data/e6831fa0/MiniRaftClusterWithGrpc1c021b02/s4/23fc7c77-eda5-4742-9c62-5362e9d8806e does not exist. Creating ...
2024-02-20 17:17:43,962 [s4-impl-thread1] TRACE util.FileUtils (LogUtils.java:runAndLog(49)) - Successfully ran Files.createDirectories /home/runner/work/ratis/ratis/ratis-test/target/test/data/e6831fa0/MiniRaftClusterWithGrpc1c021b02/s4/23fc7c77-eda5-4742-9c62-5362e9d8806e
2024-02-20 17:17:43,963 [s4-impl-thread1] INFO  storage.RaftStorageDirectory (RaftStorageDirectoryImpl.java:tryLock(228)) - Lock on /home/runner/work/ratis/ratis/ratis-test/target/test/data/e6831fa0/MiniRaftClusterWithGrpc1c021b02/s4/23fc7c77-eda5-4742-9c62-5362e9d8806e/in_use.lock acquired by nodename 9010@fv-az1214-614
2024-02-20 17:17:43,963 [s4-impl-thread1] TRACE util.FileUtils (LogUtils.java:runAndLog(49)) - Successfully ran Files.createDirectories /home/runner/work/ratis/ratis/ratis-test/target/test/data/e6831fa0/MiniRaftClusterWithGrpc1c021b02/s4/23fc7c77-eda5-4742-9c62-5362e9d8806e/current
2024-02-20 17:17:43,963 [s4-impl-thread1] TRACE util.FileUtils (LogUtils.java:runAndLog(49)) - Successfully ran Files.createDirectories /home/runner/work/ratis/ratis/ratis-test/target/test/data/e6831fa0/MiniRaftClusterWithGrpc1c021b02/s4/23fc7c77-eda5-4742-9c62-5362e9d8806e/sm
2024-02-20 17:17:43,964 [s4-impl-thread1] TRACE util.FileUtils (LogUtils.java:supplyAndLog(69)) - Successfully supplied FileChannel.open /home/runner/work/ratis/ratis/ratis-test/target/test/data/e6831fa0/MiniRaftClusterWithGrpc1c021b02/s4/23fc7c77-eda5-4742-9c62-5362e9d8806e/current/raft-meta.tmp with options [CREATE, WRITE]: sun.nio.ch.FileChannelImpl@381ae631
2024-02-20 17:17:43,965 [s4-impl-thread1] TRACE util.FileUtils (LogUtils.java:runAndLog(49)) - Successfully ran Atomic Files.move /home/runner/work/ratis/ratis/ratis-test/target/test/data/e6831fa0/MiniRaftClusterWithGrpc1c021b02/s4/23fc7c77-eda5-4742-9c62-5362e9d8806e/current/raft-meta.tmp to /home/runner/work/ratis/ratis/ratis-test/target/test/data/e6831fa0/MiniRaftClusterWithGrpc1c021b02/s4/23fc7c77-eda5-4742-9c62-5362e9d8806e/current/raft-meta with options [REPLACE_EXISTING]
2024-02-20 17:17:43,965 [s4-impl-thread1] INFO  storage.RaftStorage (RaftStorageImpl.java:format(99)) - Storage directory /home/runner/work/ratis/ratis/ratis-test/target/test/data/e6831fa0/MiniRaftClusterWithGrpc1c021b02/s4/23fc7c77-eda5-4742-9c62-5362e9d8806e has been successfully formatted.
2024-02-20 17:17:43,966 [s4-impl-thread1] TRACE util.FileUtils (LogUtils.java:supplyAndLog(61)) - Failed to Files.newInputStream /home/runner/work/ratis/ratis/ratis-test/target/test/data/e6831fa0/MiniRaftClusterWithGrpc1c021b02/s4/23fc7c77-eda5-4742-9c62-5362e9d8806e/current/raft-meta.conf with options []
java.nio.file.NoSuchFileException: /home/runner/work/ratis/ratis/ratis-test/target/test/data/e6831fa0/MiniRaftClusterWithGrpc1c021b02/s4/23fc7c77-eda5-4742-9c62-5362e9d8806e/current/raft-meta.conf
	at sun.nio.fs.UnixException.translateToIOException(UnixException.java:86)
	at sun.nio.fs.UnixException.rethrowAsIOException(UnixException.java:102)
	at sun.nio.fs.UnixException.rethrowAsIOException(UnixException.java:107)
	at sun.nio.fs.UnixFileSystemProvider.newByteChannel(UnixFileSystemProvider.java:214)
	at java.nio.file.Files.newByteChannel(Files.java:361)
	at java.nio.file.Files.newByteChannel(Files.java:407)
	at java.nio.file.spi.FileSystemProvider.newInputStream(FileSystemProvider.java:384)
	at java.nio.file.Files.newInputStream(Files.java:152)
	at org.apache.ratis.util.FileUtils.lambda$newInputStream$2(FileUtils.java:73)
	at org.apache.ratis.util.LogUtils.supplyAndLog(LogUtils.java:58)
	at org.apache.ratis.util.FileUtils.newInputStream(FileUtils.java:72)
	at org.apache.ratis.util.FileUtils.newInputStream(FileUtils.java:68)
	at org.apache.ratis.server.storage.RaftStorageImpl.readRaftConfiguration(RaftStorageImpl.java:156)
	at org.apache.ratis.server.impl.ServerState.initialize(ServerState.java:141)
	at org.apache.ratis.server.impl.RaftServerImpl.start(RaftServerImpl.java:384)
	at org.apache.ratis.util.ConcurrentUtils.accept(ConcurrentUtils.java:203)
	at org.apache.ratis.util.ConcurrentUtils.lambda$null$4(ConcurrentUtils.java:182)
	at java.util.concurrent.ThreadPoolExecutor.runWorker(ThreadPoolExecutor.java:1149)
	at java.util.concurrent.ThreadPoolExecutor$Worker.run(ThreadPoolExecutor.java:624)
	at java.lang.Thread.run(Thread.java:750)
2024-02-20 17:17:43,966 [s4-impl-thread1] INFO  impl.SimpleStateMachine4Testing (SimpleStateMachine4Testing.java:initialize(215)) - Initializing SimpleStateMachine4Testing:uninitialized
2024-02-20 17:17:43,966 [s4-impl-thread1] INFO  impl.SimpleStateMachine4Testing (SimpleStateMachine4Testing.java:loadSnapshot(309)) - Loading snapshot null
2024-02-20 17:17:43,968 [s4-impl-thread1] INFO  util.AwaitToRun (AwaitToRun.java:start(81)) - Thread[s4@group-5362E9D8806E-cacheEviction-AwaitToRun,5,main] started
2024-02-20 17:17:43,968 [s4-impl-thread1] INFO  segmented.SegmentedRaftLogWorker (SegmentedRaftLogWorker.java:<init>(182)) - new s4@group-5362E9D8806E-SegmentedRaftLogWorker for RaftStorageImpl:Storage Directory /home/runner/work/ratis/ratis/ratis-test/target/test/data/e6831fa0/MiniRaftClusterWithGrpc1c021b02/s4/23fc7c77-eda5-4742-9c62-5362e9d8806e
2024-02-20 17:17:43,971 [s4-impl-thread1] INFO  segmented.SegmentedRaftLogWorker (SegmentedRaftLogWorker.java:lambda$new$0(134)) - s4@group-5362E9D8806E-SegmentedRaftLogWorker: flushIndex: setUnconditionally 0 -> -1
2024-02-20 17:17:43,971 [s4-impl-thread1] INFO  segmented.SegmentedRaftLogWorker (SegmentedRaftLogWorker.java:lambda$new$0(134)) - s4@group-5362E9D8806E-SegmentedRaftLogWorker: safeCacheEvictIndex: setUnconditionally 0 -> -1
2024-02-20 17:17:43,972 [s4-impl-thread1] INFO  server.RaftServer$Division (RaftServerImpl.java:start(388)) - s4@group-5362E9D8806E: start as a follower, conf=-1: peers:[s3|localhost:15012, s4|localhost:15016, s0|localhost:15000, s1|localhost:15004, s2|localhost:15008]|listeners:[], old=null
2024-02-20 17:17:43,972 [s4-impl-thread1] INFO  server.RaftServer$Division (RaftServerImpl.java:setRole(375)) - s4@group-5362E9D8806E: changes role from      null to FOLLOWER at term 0 for startAsFollower
2024-02-20 17:17:43,972 [s4-impl-thread1] INFO  impl.RoleInfo (RoleInfo.java:updateAndGet(148)) - s4: start s4@group-5362E9D8806E-FollowerState
2024-02-20 17:17:43,974 [s4-impl-thread1] INFO  util.JmxRegister (JmxRegister.java:tryRegister(44)) - Successfully registered JMX Bean with object name Ratis:service=RaftServer,group=group-5362E9D8806E,id=s4
2024-02-20 17:17:43,974 [s4-impl-thread1] INFO  util.JmxRegister (JmxRegister.java:register(58)) - register mxBean class org.apache.ratis.server.impl.RaftServerJmxAdapter as Ratis:service=RaftServer,group=group-5362E9D8806E,id=s4
2024-02-20 17:17:43,975 [main] INFO  server.RaftServer (RaftServerProxy.java:startImpl(407)) - s4: start RPC server
2024-02-20 17:17:43,977 [main] INFO  server.GrpcService (GrpcService.java:startImpl(309)) - s4: GrpcService started, listening on 15018
2024-02-20 17:17:43,977 [main] INFO  server.GrpcService (GrpcService.java:startImpl(309)) - s4: GrpcService started, listening on 15016
2024-02-20 17:17:43,978 [main] INFO  server.GrpcService (GrpcService.java:startImpl(309)) - s4: GrpcService started, listening on 15017
2024-02-20 17:17:43,982 [s0-impl-thread1] INFO  storage.RaftStorageDirectory (RaftStorageDirectoryImpl.java:analyzeStorage(138)) - The storage directory /home/runner/work/ratis/ratis/ratis-test/target/test/data/e6831fa0/MiniRaftClusterWithGrpc1c021b02/s0/23fc7c77-eda5-4742-9c62-5362e9d8806e does not exist. Creating ...
2024-02-20 17:17:43,982 [JvmPauseMonitor1] INFO  util.JvmPauseMonitor (JvmPauseMonitor.java:run(146)) - JvmPauseMonitor-s4: Started
2024-02-20 17:17:43,982 [s0-impl-thread1] TRACE util.FileUtils (LogUtils.java:runAndLog(49)) - Successfully ran Files.createDirectories /home/runner/work/ratis/ratis/ratis-test/target/test/data/e6831fa0/MiniRaftClusterWithGrpc1c021b02/s0/23fc7c77-eda5-4742-9c62-5362e9d8806e
2024-02-20 17:17:43,983 [s0-impl-thread1] INFO  storage.RaftStorageDirectory (RaftStorageDirectoryImpl.java:tryLock(228)) - Lock on /home/runner/work/ratis/ratis/ratis-test/target/test/data/e6831fa0/MiniRaftClusterWithGrpc1c021b02/s0/23fc7c77-eda5-4742-9c62-5362e9d8806e/in_use.lock acquired by nodename 9010@fv-az1214-614
2024-02-20 17:17:43,983 [s0-impl-thread1] TRACE util.FileUtils (LogUtils.java:runAndLog(49)) - Successfully ran Files.createDirectories /home/runner/work/ratis/ratis/ratis-test/target/test/data/e6831fa0/MiniRaftClusterWithGrpc1c021b02/s0/23fc7c77-eda5-4742-9c62-5362e9d8806e/current
2024-02-20 17:17:43,984 [s0-impl-thread1] TRACE util.FileUtils (LogUtils.java:runAndLog(49)) - Successfully ran Files.createDirectories /home/runner/work/ratis/ratis/ratis-test/target/test/data/e6831fa0/MiniRaftClusterWithGrpc1c021b02/s0/23fc7c77-eda5-4742-9c62-5362e9d8806e/sm
2024-02-20 17:17:43,984 [s0-impl-thread1] TRACE util.FileUtils (LogUtils.java:supplyAndLog(69)) - Successfully supplied FileChannel.open /home/runner/work/ratis/ratis/ratis-test/target/test/data/e6831fa0/MiniRaftClusterWithGrpc1c021b02/s0/23fc7c77-eda5-4742-9c62-5362e9d8806e/current/raft-meta.tmp with options [CREATE, WRITE]: sun.nio.ch.FileChannelImpl@1f71ebec
2024-02-20 17:17:43,986 [s0-impl-thread1] TRACE util.FileUtils (LogUtils.java:runAndLog(49)) - Successfully ran Atomic Files.move /home/runner/work/ratis/ratis/ratis-test/target/test/data/e6831fa0/MiniRaftClusterWithGrpc1c021b02/s0/23fc7c77-eda5-4742-9c62-5362e9d8806e/current/raft-meta.tmp to /home/runner/work/ratis/ratis/ratis-test/target/test/data/e6831fa0/MiniRaftClusterWithGrpc1c021b02/s0/23fc7c77-eda5-4742-9c62-5362e9d8806e/current/raft-meta with options [REPLACE_EXISTING]
2024-02-20 17:17:43,987 [s0-impl-thread1] INFO  storage.RaftStorage (RaftStorageImpl.java:format(99)) - Storage directory /home/runner/work/ratis/ratis/ratis-test/target/test/data/e6831fa0/MiniRaftClusterWithGrpc1c021b02/s0/23fc7c77-eda5-4742-9c62-5362e9d8806e has been successfully formatted.
2024-02-20 17:17:43,987 [s0-impl-thread1] TRACE util.FileUtils (LogUtils.java:supplyAndLog(61)) - Failed to Files.newInputStream /home/runner/work/ratis/ratis/ratis-test/target/test/data/e6831fa0/MiniRaftClusterWithGrpc1c021b02/s0/23fc7c77-eda5-4742-9c62-5362e9d8806e/current/raft-meta.conf with options []
java.nio.file.NoSuchFileException: /home/runner/work/ratis/ratis/ratis-test/target/test/data/e6831fa0/MiniRaftClusterWithGrpc1c021b02/s0/23fc7c77-eda5-4742-9c62-5362e9d8806e/current/raft-meta.conf
	at sun.nio.fs.UnixException.translateToIOException(UnixException.java:86)
	at sun.nio.fs.UnixException.rethrowAsIOException(UnixException.java:102)
	at sun.nio.fs.UnixException.rethrowAsIOException(UnixException.java:107)
	at sun.nio.fs.UnixFileSystemProvider.newByteChannel(UnixFileSystemProvider.java:214)
	at java.nio.file.Files.newByteChannel(Files.java:361)
	at java.nio.file.Files.newByteChannel(Files.java:407)
	at java.nio.file.spi.FileSystemProvider.newInputStream(FileSystemProvider.java:384)
	at java.nio.file.Files.newInputStream(Files.java:152)
	at org.apache.ratis.util.FileUtils.lambda$newInputStream$2(FileUtils.java:73)
	at org.apache.ratis.util.LogUtils.supplyAndLog(LogUtils.java:58)
	at org.apache.ratis.util.FileUtils.newInputStream(FileUtils.java:72)
	at org.apache.ratis.util.FileUtils.newInputStream(FileUtils.java:68)
	at org.apache.ratis.server.storage.RaftStorageImpl.readRaftConfiguration(RaftStorageImpl.java:156)
	at org.apache.ratis.server.impl.ServerState.initialize(ServerState.java:141)
	at org.apache.ratis.server.impl.RaftServerImpl.start(RaftServerImpl.java:384)
	at org.apache.ratis.util.ConcurrentUtils.accept(ConcurrentUtils.java:203)
	at org.apache.ratis.util.ConcurrentUtils.lambda$null$4(ConcurrentUtils.java:182)
	at java.util.concurrent.ThreadPoolExecutor.runWorker(ThreadPoolExecutor.java:1149)
	at java.util.concurrent.ThreadPoolExecutor$Worker.run(ThreadPoolExecutor.java:624)
	at java.lang.Thread.run(Thread.java:750)
2024-02-20 17:17:43,987 [s0-impl-thread1] INFO  impl.SimpleStateMachine4Testing (SimpleStateMachine4Testing.java:initialize(215)) - Initializing SimpleStateMachine4Testing:uninitialized
2024-02-20 17:17:43,988 [s0-impl-thread1] INFO  impl.SimpleStateMachine4Testing (SimpleStateMachine4Testing.java:loadSnapshot(309)) - Loading snapshot null
2024-02-20 17:17:43,989 [s0-impl-thread1] INFO  util.AwaitToRun (AwaitToRun.java:start(81)) - Thread[s0@group-5362E9D8806E-cacheEviction-AwaitToRun,5,main] started
2024-02-20 17:17:43,990 [s0-impl-thread1] INFO  segmented.SegmentedRaftLogWorker (SegmentedRaftLogWorker.java:<init>(182)) - new s0@group-5362E9D8806E-SegmentedRaftLogWorker for RaftStorageImpl:Storage Directory /home/runner/work/ratis/ratis/ratis-test/target/test/data/e6831fa0/MiniRaftClusterWithGrpc1c021b02/s0/23fc7c77-eda5-4742-9c62-5362e9d8806e
2024-02-20 17:17:43,991 [s0-impl-thread1] INFO  segmented.SegmentedRaftLogWorker (SegmentedRaftLogWorker.java:lambda$new$0(134)) - s0@group-5362E9D8806E-SegmentedRaftLogWorker: flushIndex: setUnconditionally 0 -> -1
2024-02-20 17:17:43,992 [s0-impl-thread1] INFO  segmented.SegmentedRaftLogWorker (SegmentedRaftLogWorker.java:lambda$new$0(134)) - s0@group-5362E9D8806E-SegmentedRaftLogWorker: safeCacheEvictIndex: setUnconditionally 0 -> -1
2024-02-20 17:17:43,992 [s0-impl-thread1] INFO  server.RaftServer$Division (RaftServerImpl.java:start(388)) - s0@group-5362E9D8806E: start as a follower, conf=-1: peers:[s3|localhost:15012, s4|localhost:15016, s0|localhost:15000, s1|localhost:15004, s2|localhost:15008]|listeners:[], old=null
2024-02-20 17:17:43,992 [s0-impl-thread1] INFO  server.RaftServer$Division (RaftServerImpl.java:setRole(375)) - s0@group-5362E9D8806E: changes role from      null to FOLLOWER at term 0 for startAsFollower
2024-02-20 17:17:43,992 [s0-impl-thread1] INFO  impl.RoleInfo (RoleInfo.java:updateAndGet(148)) - s0: start s0@group-5362E9D8806E-FollowerState
2024-02-20 17:17:43,993 [s0-impl-thread1] INFO  util.JmxRegister (JmxRegister.java:tryRegister(44)) - Successfully registered JMX Bean with object name Ratis:service=RaftServer,group=group-5362E9D8806E,id=s0
2024-02-20 17:17:43,993 [s0-impl-thread1] INFO  util.JmxRegister (JmxRegister.java:register(58)) - register mxBean class org.apache.ratis.server.impl.RaftServerJmxAdapter as Ratis:service=RaftServer,group=group-5362E9D8806E,id=s0
2024-02-20 17:17:43,994 [main] INFO  server.RaftServer (RaftServerProxy.java:startImpl(407)) - s0: start RPC server
2024-02-20 17:17:43,995 [main] INFO  server.GrpcService (GrpcService.java:startImpl(309)) - s0: GrpcService started, listening on 15002
2024-02-20 17:17:43,996 [main] INFO  server.GrpcService (GrpcService.java:startImpl(309)) - s0: GrpcService started, listening on 15000
2024-02-20 17:17:43,996 [main] INFO  server.GrpcService (GrpcService.java:startImpl(309)) - s0: GrpcService started, listening on 15001
2024-02-20 17:17:43,997 [JvmPauseMonitor2] INFO  util.JvmPauseMonitor (JvmPauseMonitor.java:run(146)) - JvmPauseMonitor-s0: Started
2024-02-20 17:17:43,997 [s1-impl-thread1] INFO  storage.RaftStorageDirectory (RaftStorageDirectoryImpl.java:analyzeStorage(138)) - The storage directory /home/runner/work/ratis/ratis/ratis-test/target/test/data/e6831fa0/MiniRaftClusterWithGrpc1c021b02/s1/23fc7c77-eda5-4742-9c62-5362e9d8806e does not exist. Creating ...
2024-02-20 17:17:43,998 [s1-impl-thread1] TRACE util.FileUtils (LogUtils.java:runAndLog(49)) - Successfully ran Files.createDirectories /home/runner/work/ratis/ratis/ratis-test/target/test/data/e6831fa0/MiniRaftClusterWithGrpc1c021b02/s1/23fc7c77-eda5-4742-9c62-5362e9d8806e
2024-02-20 17:17:43,999 [s1-impl-thread1] INFO  storage.RaftStorageDirectory (RaftStorageDirectoryImpl.java:tryLock(228)) - Lock on /home/runner/work/ratis/ratis/ratis-test/target/test/data/e6831fa0/MiniRaftClusterWithGrpc1c021b02/s1/23fc7c77-eda5-4742-9c62-5362e9d8806e/in_use.lock acquired by nodename 9010@fv-az1214-614
2024-02-20 17:17:44,000 [s1-impl-thread1] TRACE util.FileUtils (LogUtils.java:runAndLog(49)) - Successfully ran Files.createDirectories /home/runner/work/ratis/ratis/ratis-test/target/test/data/e6831fa0/MiniRaftClusterWithGrpc1c021b02/s1/23fc7c77-eda5-4742-9c62-5362e9d8806e/current
2024-02-20 17:17:44,000 [s1-impl-thread1] TRACE util.FileUtils (LogUtils.java:runAndLog(49)) - Successfully ran Files.createDirectories /home/runner/work/ratis/ratis/ratis-test/target/test/data/e6831fa0/MiniRaftClusterWithGrpc1c021b02/s1/23fc7c77-eda5-4742-9c62-5362e9d8806e/sm
2024-02-20 17:17:44,000 [s1-impl-thread1] TRACE util.FileUtils (LogUtils.java:supplyAndLog(69)) - Successfully supplied FileChannel.open /home/runner/work/ratis/ratis/ratis-test/target/test/data/e6831fa0/MiniRaftClusterWithGrpc1c021b02/s1/23fc7c77-eda5-4742-9c62-5362e9d8806e/current/raft-meta.tmp with options [CREATE, WRITE]: sun.nio.ch.FileChannelImpl@20f54edd
2024-02-20 17:17:44,002 [s1-impl-thread1] TRACE util.FileUtils (LogUtils.java:runAndLog(49)) - Successfully ran Atomic Files.move /home/runner/work/ratis/ratis/ratis-test/target/test/data/e6831fa0/MiniRaftClusterWithGrpc1c021b02/s1/23fc7c77-eda5-4742-9c62-5362e9d8806e/current/raft-meta.tmp to /home/runner/work/ratis/ratis/ratis-test/target/test/data/e6831fa0/MiniRaftClusterWithGrpc1c021b02/s1/23fc7c77-eda5-4742-9c62-5362e9d8806e/current/raft-meta with options [REPLACE_EXISTING]
2024-02-20 17:17:44,002 [s1-impl-thread1] INFO  storage.RaftStorage (RaftStorageImpl.java:format(99)) - Storage directory /home/runner/work/ratis/ratis/ratis-test/target/test/data/e6831fa0/MiniRaftClusterWithGrpc1c021b02/s1/23fc7c77-eda5-4742-9c62-5362e9d8806e has been successfully formatted.
2024-02-20 17:17:44,002 [s1-impl-thread1] TRACE util.FileUtils (LogUtils.java:supplyAndLog(61)) - Failed to Files.newInputStream /home/runner/work/ratis/ratis/ratis-test/target/test/data/e6831fa0/MiniRaftClusterWithGrpc1c021b02/s1/23fc7c77-eda5-4742-9c62-5362e9d8806e/current/raft-meta.conf with options []
java.nio.file.NoSuchFileException: /home/runner/work/ratis/ratis/ratis-test/target/test/data/e6831fa0/MiniRaftClusterWithGrpc1c021b02/s1/23fc7c77-eda5-4742-9c62-5362e9d8806e/current/raft-meta.conf
	at sun.nio.fs.UnixException.translateToIOException(UnixException.java:86)
	at sun.nio.fs.UnixException.rethrowAsIOException(UnixException.java:102)
	at sun.nio.fs.UnixException.rethrowAsIOException(UnixException.java:107)
	at sun.nio.fs.UnixFileSystemProvider.newByteChannel(UnixFileSystemProvider.java:214)
	at java.nio.file.Files.newByteChannel(Files.java:361)
	at java.nio.file.Files.newByteChannel(Files.java:407)
	at java.nio.file.spi.FileSystemProvider.newInputStream(FileSystemProvider.java:384)
	at java.nio.file.Files.newInputStream(Files.java:152)
	at org.apache.ratis.util.FileUtils.lambda$newInputStream$2(FileUtils.java:73)
	at org.apache.ratis.util.LogUtils.supplyAndLog(LogUtils.java:58)
	at org.apache.ratis.util.FileUtils.newInputStream(FileUtils.java:72)
	at org.apache.ratis.util.FileUtils.newInputStream(FileUtils.java:68)
	at org.apache.ratis.server.storage.RaftStorageImpl.readRaftConfiguration(RaftStorageImpl.java:156)
	at org.apache.ratis.server.impl.ServerState.initialize(ServerState.java:141)
	at org.apache.ratis.server.impl.RaftServerImpl.start(RaftServerImpl.java:384)
	at org.apache.ratis.util.ConcurrentUtils.accept(ConcurrentUtils.java:203)
	at org.apache.ratis.util.ConcurrentUtils.lambda$null$4(ConcurrentUtils.java:182)
	at java.util.concurrent.ThreadPoolExecutor.runWorker(ThreadPoolExecutor.java:1149)
	at java.util.concurrent.ThreadPoolExecutor$Worker.run(ThreadPoolExecutor.java:624)
	at java.lang.Thread.run(Thread.java:750)
2024-02-20 17:17:44,003 [s1-impl-thread1] INFO  impl.SimpleStateMachine4Testing (SimpleStateMachine4Testing.java:initialize(215)) - Initializing SimpleStateMachine4Testing:uninitialized
2024-02-20 17:17:44,003 [s1-impl-thread1] INFO  impl.SimpleStateMachine4Testing (SimpleStateMachine4Testing.java:loadSnapshot(309)) - Loading snapshot null
2024-02-20 17:17:44,005 [s1-impl-thread1] INFO  util.AwaitToRun (AwaitToRun.java:start(81)) - Thread[s1@group-5362E9D8806E-cacheEviction-AwaitToRun,5,main] started
2024-02-20 17:17:44,005 [s1-impl-thread1] INFO  segmented.SegmentedRaftLogWorker (SegmentedRaftLogWorker.java:<init>(182)) - new s1@group-5362E9D8806E-SegmentedRaftLogWorker for RaftStorageImpl:Storage Directory /home/runner/work/ratis/ratis/ratis-test/target/test/data/e6831fa0/MiniRaftClusterWithGrpc1c021b02/s1/23fc7c77-eda5-4742-9c62-5362e9d8806e
2024-02-20 17:17:44,007 [s1-impl-thread1] INFO  segmented.SegmentedRaftLogWorker (SegmentedRaftLogWorker.java:lambda$new$0(134)) - s1@group-5362E9D8806E-SegmentedRaftLogWorker: flushIndex: setUnconditionally 0 -> -1
2024-02-20 17:17:44,007 [s1-impl-thread1] INFO  segmented.SegmentedRaftLogWorker (SegmentedRaftLogWorker.java:lambda$new$0(134)) - s1@group-5362E9D8806E-SegmentedRaftLogWorker: safeCacheEvictIndex: setUnconditionally 0 -> -1
2024-02-20 17:17:44,008 [s1-impl-thread1] INFO  server.RaftServer$Division (RaftServerImpl.java:start(388)) - s1@group-5362E9D8806E: start as a follower, conf=-1: peers:[s3|localhost:15012, s4|localhost:15016, s0|localhost:15000, s1|localhost:15004, s2|localhost:15008]|listeners:[], old=null
2024-02-20 17:17:44,008 [s1-impl-thread1] INFO  server.RaftServer$Division (RaftServerImpl.java:setRole(375)) - s1@group-5362E9D8806E: changes role from      null to FOLLOWER at term 0 for startAsFollower
2024-02-20 17:17:44,008 [s1-impl-thread1] INFO  impl.RoleInfo (RoleInfo.java:updateAndGet(148)) - s1: start s1@group-5362E9D8806E-FollowerState
2024-02-20 17:17:44,010 [s1-impl-thread1] INFO  util.JmxRegister (JmxRegister.java:tryRegister(44)) - Successfully registered JMX Bean with object name Ratis:service=RaftServer,group=group-5362E9D8806E,id=s1
2024-02-20 17:17:44,011 [s1-impl-thread1] INFO  util.JmxRegister (JmxRegister.java:register(58)) - register mxBean class org.apache.ratis.server.impl.RaftServerJmxAdapter as Ratis:service=RaftServer,group=group-5362E9D8806E,id=s1
2024-02-20 17:17:44,011 [main] INFO  server.RaftServer (RaftServerProxy.java:startImpl(407)) - s1: start RPC server
2024-02-20 17:17:44,012 [main] INFO  server.GrpcService (GrpcService.java:startImpl(309)) - s1: GrpcService started, listening on 15006
2024-02-20 17:17:44,013 [main] INFO  server.GrpcService (GrpcService.java:startImpl(309)) - s1: GrpcService started, listening on 15004
2024-02-20 17:17:44,014 [main] INFO  server.GrpcService (GrpcService.java:startImpl(309)) - s1: GrpcService started, listening on 15005
2024-02-20 17:17:44,014 [JvmPauseMonitor3] INFO  util.JvmPauseMonitor (JvmPauseMonitor.java:run(146)) - JvmPauseMonitor-s1: Started
2024-02-20 17:17:44,015 [s2-impl-thread1] INFO  storage.RaftStorageDirectory (RaftStorageDirectoryImpl.java:analyzeStorage(138)) - The storage directory /home/runner/work/ratis/ratis/ratis-test/target/test/data/e6831fa0/MiniRaftClusterWithGrpc1c021b02/s2/23fc7c77-eda5-4742-9c62-5362e9d8806e does not exist. Creating ...
2024-02-20 17:17:44,015 [s2-impl-thread1] TRACE util.FileUtils (LogUtils.java:runAndLog(49)) - Successfully ran Files.createDirectories /home/runner/work/ratis/ratis/ratis-test/target/test/data/e6831fa0/MiniRaftClusterWithGrpc1c021b02/s2/23fc7c77-eda5-4742-9c62-5362e9d8806e
2024-02-20 17:17:44,016 [s2-impl-thread1] INFO  storage.RaftStorageDirectory (RaftStorageDirectoryImpl.java:tryLock(228)) - Lock on /home/runner/work/ratis/ratis/ratis-test/target/test/data/e6831fa0/MiniRaftClusterWithGrpc1c021b02/s2/23fc7c77-eda5-4742-9c62-5362e9d8806e/in_use.lock acquired by nodename 9010@fv-az1214-614
2024-02-20 17:17:44,016 [s2-impl-thread1] TRACE util.FileUtils (LogUtils.java:runAndLog(49)) - Successfully ran Files.createDirectories /home/runner/work/ratis/ratis/ratis-test/target/test/data/e6831fa0/MiniRaftClusterWithGrpc1c021b02/s2/23fc7c77-eda5-4742-9c62-5362e9d8806e/current
2024-02-20 17:17:44,016 [s2-impl-thread1] TRACE util.FileUtils (LogUtils.java:runAndLog(49)) - Successfully ran Files.createDirectories /home/runner/work/ratis/ratis/ratis-test/target/test/data/e6831fa0/MiniRaftClusterWithGrpc1c021b02/s2/23fc7c77-eda5-4742-9c62-5362e9d8806e/sm
2024-02-20 17:17:44,017 [s2-impl-thread1] TRACE util.FileUtils (LogUtils.java:supplyAndLog(69)) - Successfully supplied FileChannel.open /home/runner/work/ratis/ratis/ratis-test/target/test/data/e6831fa0/MiniRaftClusterWithGrpc1c021b02/s2/23fc7c77-eda5-4742-9c62-5362e9d8806e/current/raft-meta.tmp with options [CREATE, WRITE]: sun.nio.ch.FileChannelImpl@28c569aa
2024-02-20 17:17:44,018 [s2-impl-thread1] TRACE util.FileUtils (LogUtils.java:runAndLog(49)) - Successfully ran Atomic Files.move /home/runner/work/ratis/ratis/ratis-test/target/test/data/e6831fa0/MiniRaftClusterWithGrpc1c021b02/s2/23fc7c77-eda5-4742-9c62-5362e9d8806e/current/raft-meta.tmp to /home/runner/work/ratis/ratis/ratis-test/target/test/data/e6831fa0/MiniRaftClusterWithGrpc1c021b02/s2/23fc7c77-eda5-4742-9c62-5362e9d8806e/current/raft-meta with options [REPLACE_EXISTING]
2024-02-20 17:17:44,018 [s2-impl-thread1] INFO  storage.RaftStorage (RaftStorageImpl.java:format(99)) - Storage directory /home/runner/work/ratis/ratis/ratis-test/target/test/data/e6831fa0/MiniRaftClusterWithGrpc1c021b02/s2/23fc7c77-eda5-4742-9c62-5362e9d8806e has been successfully formatted.
2024-02-20 17:17:44,018 [s2-impl-thread1] TRACE util.FileUtils (LogUtils.java:supplyAndLog(61)) - Failed to Files.newInputStream /home/runner/work/ratis/ratis/ratis-test/target/test/data/e6831fa0/MiniRaftClusterWithGrpc1c021b02/s2/23fc7c77-eda5-4742-9c62-5362e9d8806e/current/raft-meta.conf with options []
java.nio.file.NoSuchFileException: /home/runner/work/ratis/ratis/ratis-test/target/test/data/e6831fa0/MiniRaftClusterWithGrpc1c021b02/s2/23fc7c77-eda5-4742-9c62-5362e9d8806e/current/raft-meta.conf
	at sun.nio.fs.UnixException.translateToIOException(UnixException.java:86)
	at sun.nio.fs.UnixException.rethrowAsIOException(UnixException.java:102)
	at sun.nio.fs.UnixException.rethrowAsIOException(UnixException.java:107)
	at sun.nio.fs.UnixFileSystemProvider.newByteChannel(UnixFileSystemProvider.java:214)
	at java.nio.file.Files.newByteChannel(Files.java:361)
	at java.nio.file.Files.newByteChannel(Files.java:407)
	at java.nio.file.spi.FileSystemProvider.newInputStream(FileSystemProvider.java:384)
	at java.nio.file.Files.newInputStream(Files.java:152)
	at org.apache.ratis.util.FileUtils.lambda$newInputStream$2(FileUtils.java:73)
	at org.apache.ratis.util.LogUtils.supplyAndLog(LogUtils.java:58)
	at org.apache.ratis.util.FileUtils.newInputStream(FileUtils.java:72)
	at org.apache.ratis.util.FileUtils.newInputStream(FileUtils.java:68)
	at org.apache.ratis.server.storage.RaftStorageImpl.readRaftConfiguration(RaftStorageImpl.java:156)
	at org.apache.ratis.server.impl.ServerState.initialize(ServerState.java:141)
	at org.apache.ratis.server.impl.RaftServerImpl.start(RaftServerImpl.java:384)
	at org.apache.ratis.util.ConcurrentUtils.accept(ConcurrentUtils.java:203)
	at org.apache.ratis.util.ConcurrentUtils.lambda$null$4(ConcurrentUtils.java:182)
	at java.util.concurrent.ThreadPoolExecutor.runWorker(ThreadPoolExecutor.java:1149)
	at java.util.concurrent.ThreadPoolExecutor$Worker.run(ThreadPoolExecutor.java:624)
	at java.lang.Thread.run(Thread.java:750)
2024-02-20 17:17:44,019 [s2-impl-thread1] INFO  impl.SimpleStateMachine4Testing (SimpleStateMachine4Testing.java:initialize(215)) - Initializing SimpleStateMachine4Testing:uninitialized
2024-02-20 17:17:44,019 [s2-impl-thread1] INFO  impl.SimpleStateMachine4Testing (SimpleStateMachine4Testing.java:loadSnapshot(309)) - Loading snapshot null
2024-02-20 17:17:44,022 [s2-impl-thread1] INFO  util.AwaitToRun (AwaitToRun.java:start(81)) - Thread[s2@group-5362E9D8806E-cacheEviction-AwaitToRun,5,main] started
2024-02-20 17:17:44,022 [s2-impl-thread1] INFO  segmented.SegmentedRaftLogWorker (SegmentedRaftLogWorker.java:<init>(182)) - new s2@group-5362E9D8806E-SegmentedRaftLogWorker for RaftStorageImpl:Storage Directory /home/runner/work/ratis/ratis/ratis-test/target/test/data/e6831fa0/MiniRaftClusterWithGrpc1c021b02/s2/23fc7c77-eda5-4742-9c62-5362e9d8806e
2024-02-20 17:17:44,025 [s2-impl-thread1] INFO  segmented.SegmentedRaftLogWorker (SegmentedRaftLogWorker.java:lambda$new$0(134)) - s2@group-5362E9D8806E-SegmentedRaftLogWorker: flushIndex: setUnconditionally 0 -> -1
2024-02-20 17:17:44,025 [s2-impl-thread1] INFO  segmented.SegmentedRaftLogWorker (SegmentedRaftLogWorker.java:lambda$new$0(134)) - s2@group-5362E9D8806E-SegmentedRaftLogWorker: safeCacheEvictIndex: setUnconditionally 0 -> -1
2024-02-20 17:17:44,025 [s2-impl-thread1] INFO  server.RaftServer$Division (RaftServerImpl.java:start(388)) - s2@group-5362E9D8806E: start as a follower, conf=-1: peers:[s3|localhost:15012, s4|localhost:15016, s0|localhost:15000, s1|localhost:15004, s2|localhost:15008]|listeners:[], old=null
2024-02-20 17:17:44,025 [s2-impl-thread1] INFO  server.RaftServer$Division (RaftServerImpl.java:setRole(375)) - s2@group-5362E9D8806E: changes role from      null to FOLLOWER at term 0 for startAsFollower
2024-02-20 17:17:44,025 [s2-impl-thread1] INFO  impl.RoleInfo (RoleInfo.java:updateAndGet(148)) - s2: start s2@group-5362E9D8806E-FollowerState
2024-02-20 17:17:44,026 [s2-impl-thread1] INFO  util.JmxRegister (JmxRegister.java:tryRegister(44)) - Successfully registered JMX Bean with object name Ratis:service=RaftServer,group=group-5362E9D8806E,id=s2
2024-02-20 17:17:44,026 [s2-impl-thread1] INFO  util.JmxRegister (JmxRegister.java:register(58)) - register mxBean class org.apache.ratis.server.impl.RaftServerJmxAdapter as Ratis:service=RaftServer,group=group-5362E9D8806E,id=s2
2024-02-20 17:17:44,030 [main] INFO  server.RaftServer (RaftServerProxy.java:startImpl(407)) - s2: start RPC server
2024-02-20 17:17:44,031 [main] INFO  server.GrpcService (GrpcService.java:startImpl(309)) - s2: GrpcService started, listening on 15010
2024-02-20 17:17:44,032 [main] INFO  server.GrpcService (GrpcService.java:startImpl(309)) - s2: GrpcService started, listening on 15008
2024-02-20 17:17:44,033 [main] INFO  server.GrpcService (GrpcService.java:startImpl(309)) - s2: GrpcService started, listening on 15009
2024-02-20 17:17:44,034 [JvmPauseMonitor4] INFO  util.JvmPauseMonitor (JvmPauseMonitor.java:run(146)) - JvmPauseMonitor-s2: Started
2024-02-20 17:17:44,042 [main] INFO  ratis.RaftTestUtil (RaftTestUtil.java:waitForLeader(107)) - printing ALL groups
  s3:  RUNNING  FOLLOWER s3@group-5362E9D8806E:t0, leader=null, voted=, raftlog=Memoized:s3@group-5362E9D8806E-SegmentedRaftLog:OPENED:c-1:lastnull, conf=-1: peers:[s3|localhost:15012, s4|localhost:15016, s0|localhost:15000, s1|localhost:15004, s2|localhost:15008]|listeners:[], old=null RUNNING
  s4:  RUNNING  FOLLOWER s4@group-5362E9D8806E:t0, leader=null, voted=, raftlog=Memoized:s4@group-5362E9D8806E-SegmentedRaftLog:OPENED:c-1:lastnull, conf=-1: peers:[s3|localhost:15012, s4|localhost:15016, s0|localhost:15000, s1|localhost:15004, s2|localhost:15008]|listeners:[], old=null RUNNING
  s0:  RUNNING  FOLLOWER s0@group-5362E9D8806E:t0, leader=null, voted=, raftlog=Memoized:s0@group-5362E9D8806E-SegmentedRaftLog:OPENED:c-1:lastnull, conf=-1: peers:[s3|localhost:15012, s4|localhost:15016, s0|localhost:15000, s1|localhost:15004, s2|localhost:15008]|listeners:[], old=null RUNNING
  s1:  RUNNING  FOLLOWER s1@group-5362E9D8806E:t0, leader=null, voted=, raftlog=Memoized:s1@group-5362E9D8806E-SegmentedRaftLog:OPENED:c-1:lastnull, conf=-1: peers:[s3|localhost:15012, s4|localhost:15016, s0|localhost:15000, s1|localhost:15004, s2|localhost:15008]|listeners:[], old=null RUNNING
  s2:  RUNNING  FOLLOWER s2@group-5362E9D8806E:t0, leader=null, voted=, raftlog=Memoized:s2@group-5362E9D8806E-SegmentedRaftLog:OPENED:c-1:lastnull, conf=-1: peers:[s3|localhost:15012, s4|localhost:15016, s0|localhost:15000, s1|localhost:15004, s2|localhost:15008]|listeners:[], old=null RUNNING
2024-02-20 17:17:44,046 [main] WARN  ratis.RaftTestUtil (RaftTestUtil.java:lambda$waitForLeader$3(126)) - Attempt #1 failed: java.lang.IllegalStateException: No leader yet : printing ALL groups
  s3:  RUNNING  FOLLOWER s3@group-5362E9D8806E:t0, leader=null, voted=, raftlog=Memoized:s3@group-5362E9D8806E-SegmentedRaftLog:OPENED:c-1:lastnull, conf=-1: peers:[s3|localhost:15012, s4|localhost:15016, s0|localhost:15000, s1|localhost:15004, s2|localhost:15008]|listeners:[], old=null RUNNING
  s4:  RUNNING  FOLLOWER s4@group-5362E9D8806E:t0, leader=null, voted=, raftlog=Memoized:s4@group-5362E9D8806E-SegmentedRaftLog:OPENED:c-1:lastnull, conf=-1: peers:[s3|localhost:15012, s4|localhost:15016, s0|localhost:15000, s1|localhost:15004, s2|localhost:15008]|listeners:[], old=null RUNNING
  s0:  RUNNING  FOLLOWER s0@group-5362E9D8806E:t0, leader=null, voted=, raftlog=Memoized:s0@group-5362E9D8806E-SegmentedRaftLog:OPENED:c-1:lastnull, conf=-1: peers:[s3|localhost:15012, s4|localhost:15016, s0|localhost:15000, s1|localhost:15004, s2|localhost:15008]|listeners:[], old=null RUNNING
  s1:  RUNNING  FOLLOWER s1@group-5362E9D8806E:t0, leader=null, voted=, raftlog=Memoized:s1@group-5362E9D8806E-SegmentedRaftLog:OPENED:c-1:lastnull, conf=-1: peers:[s3|localhost:15012, s4|localhost:15016, s0|localhost:15000, s1|localhost:15004, s2|localhost:15008]|listeners:[], old=null RUNNING
  s2:  RUNNING  FOLLOWER s2@group-5362E9D8806E:t0, leader=null, voted=, raftlog=Memoized:s2@group-5362E9D8806E-SegmentedRaftLog:OPENED:c-1:lastnull, conf=-1: peers:[s3|localhost:15012, s4|localhost:15016, s0|localhost:15000, s1|localhost:15004, s2|localhost:15008]|listeners:[], old=null RUNNING
2024-02-20 17:17:45,204 [s2@group-5362E9D8806E-FollowerState] INFO  impl.FollowerState (FollowerState.java:run(143)) - s2@group-5362E9D8806E-FollowerState: change to CANDIDATE, lastRpcElapsedTime:1178894068ns, electionTimeout:1176ms
2024-02-20 17:17:45,205 [s2@group-5362E9D8806E-FollowerState] INFO  impl.RoleInfo (RoleInfo.java:shutdownFollowerState(119)) - s2: shutdown s2@group-5362E9D8806E-FollowerState
2024-02-20 17:17:45,205 [s2@group-5362E9D8806E-FollowerState] INFO  server.RaftServer$Division (RaftServerImpl.java:setRole(375)) - s2@group-5362E9D8806E: changes role from  FOLLOWER to CANDIDATE at term 0 for changeToCandidate
2024-02-20 17:17:45,208 [s2@group-5362E9D8806E-FollowerState] INFO  impl.RoleInfo (RoleInfo.java:updateAndGet(148)) - s2: start s2@group-5362E9D8806E-LeaderElection1
2024-02-20 17:17:45,212 [s2@group-5362E9D8806E-LeaderElection1] INFO  impl.LeaderElection (LeaderElection.java:askForVotes(321)) - s2@group-5362E9D8806E-LeaderElection1 PRE_VOTE round 0: submit vote requests at term 0 for -1: peers:[s3|localhost:15012, s4|localhost:15016, s0|localhost:15000, s1|localhost:15004, s2|localhost:15008]|listeners:[], old=null
2024-02-20 17:17:45,233 [s0@group-5362E9D8806E-FollowerState] INFO  impl.FollowerState (FollowerState.java:run(143)) - s0@group-5362E9D8806E-FollowerState: change to CANDIDATE, lastRpcElapsedTime:1240472976ns, electionTimeout:1239ms
2024-02-20 17:17:45,233 [s0@group-5362E9D8806E-FollowerState] INFO  impl.RoleInfo (RoleInfo.java:shutdownFollowerState(119)) - s0: shutdown s0@group-5362E9D8806E-FollowerState
2024-02-20 17:17:45,233 [s0@group-5362E9D8806E-FollowerState] INFO  server.RaftServer$Division (RaftServerImpl.java:setRole(375)) - s0@group-5362E9D8806E: changes role from  FOLLOWER to CANDIDATE at term 0 for changeToCandidate
2024-02-20 17:17:45,233 [s0@group-5362E9D8806E-FollowerState] INFO  impl.RoleInfo (RoleInfo.java:updateAndGet(148)) - s0: start s0@group-5362E9D8806E-LeaderElection2
2024-02-20 17:17:45,234 [s0@group-5362E9D8806E-LeaderElection2] INFO  impl.LeaderElection (LeaderElection.java:askForVotes(321)) - s0@group-5362E9D8806E-LeaderElection2 PRE_VOTE round 0: submit vote requests at term 0 for -1: peers:[s3|localhost:15012, s4|localhost:15016, s0|localhost:15000, s1|localhost:15004, s2|localhost:15008]|listeners:[], old=null
2024-02-20 17:17:45,242 [s0@group-5362E9D8806E-LeaderElection2-1] INFO  server.GrpcServerProtocolClient (GrpcServerProtocolClient.java:<init>(65)) - Build channel for s3|localhost:15012
2024-02-20 17:17:45,242 [s0@group-5362E9D8806E-LeaderElection2-2] INFO  server.GrpcServerProtocolClient (GrpcServerProtocolClient.java:<init>(65)) - Build channel for s4|localhost:15016
2024-02-20 17:17:45,242 [s2@group-5362E9D8806E-LeaderElection1-3] INFO  server.GrpcServerProtocolClient (GrpcServerProtocolClient.java:<init>(65)) - Build channel for s0|localhost:15000
2024-02-20 17:17:45,243 [s0@group-5362E9D8806E-LeaderElection2-4] INFO  server.GrpcServerProtocolClient (GrpcServerProtocolClient.java:<init>(65)) - Build channel for s2|localhost:15008
2024-02-20 17:17:45,243 [s0@group-5362E9D8806E-LeaderElection2-3] INFO  server.GrpcServerProtocolClient (GrpcServerProtocolClient.java:<init>(65)) - Build channel for s1|localhost:15004
2024-02-20 17:17:45,244 [s2@group-5362E9D8806E-LeaderElection1-4] INFO  server.GrpcServerProtocolClient (GrpcServerProtocolClient.java:<init>(65)) - Build channel for s1|localhost:15004
2024-02-20 17:17:45,244 [s2@group-5362E9D8806E-LeaderElection1-1] INFO  server.GrpcServerProtocolClient (GrpcServerProtocolClient.java:<init>(65)) - Build channel for s3|localhost:15012
2024-02-20 17:17:45,242 [s2@group-5362E9D8806E-LeaderElection1-2] INFO  server.GrpcServerProtocolClient (GrpcServerProtocolClient.java:<init>(65)) - Build channel for s4|localhost:15016
2024-02-20 17:17:45,351 [s3@group-5362E9D8806E-FollowerState] INFO  impl.FollowerState (FollowerState.java:run(143)) - s3@group-5362E9D8806E-FollowerState: change to CANDIDATE, lastRpcElapsedTime:1465420664ns, electionTimeout:1464ms
2024-02-20 17:17:45,351 [s3@group-5362E9D8806E-FollowerState] INFO  impl.RoleInfo (RoleInfo.java:shutdownFollowerState(119)) - s3: shutdown s3@group-5362E9D8806E-FollowerState
2024-02-20 17:17:45,352 [s3@group-5362E9D8806E-FollowerState] INFO  server.RaftServer$Division (RaftServerImpl.java:setRole(375)) - s3@group-5362E9D8806E: changes role from  FOLLOWER to CANDIDATE at term 0 for changeToCandidate
2024-02-20 17:17:45,352 [s3@group-5362E9D8806E-FollowerState] INFO  impl.RoleInfo (RoleInfo.java:updateAndGet(148)) - s3: start s3@group-5362E9D8806E-LeaderElection3
2024-02-20 17:17:45,359 [s3@group-5362E9D8806E-LeaderElection3] INFO  impl.LeaderElection (LeaderElection.java:askForVotes(321)) - s3@group-5362E9D8806E-LeaderElection3 PRE_VOTE round 0: submit vote requests at term 0 for -1: peers:[s3|localhost:15012, s4|localhost:15016, s0|localhost:15000, s1|localhost:15004, s2|localhost:15008]|listeners:[], old=null
2024-02-20 17:17:45,364 [s3@group-5362E9D8806E-LeaderElection3-2] INFO  server.GrpcServerProtocolClient (GrpcServerProtocolClient.java:<init>(65)) - Build channel for s0|localhost:15000
2024-02-20 17:17:45,365 [s3@group-5362E9D8806E-LeaderElection3-3] INFO  server.GrpcServerProtocolClient (GrpcServerProtocolClient.java:<init>(65)) - Build channel for s1|localhost:15004
2024-02-20 17:17:45,366 [s3@group-5362E9D8806E-LeaderElection3-1] INFO  server.GrpcServerProtocolClient (GrpcServerProtocolClient.java:<init>(65)) - Build channel for s4|localhost:15016
2024-02-20 17:17:45,370 [s3@group-5362E9D8806E-LeaderElection3-4] INFO  server.GrpcServerProtocolClient (GrpcServerProtocolClient.java:<init>(65)) - Build channel for s2|localhost:15008
2024-02-20 17:17:45,465 [s4@group-5362E9D8806E-FollowerState] INFO  impl.FollowerState (FollowerState.java:run(143)) - s4@group-5362E9D8806E-FollowerState: change to CANDIDATE, lastRpcElapsedTime:1492785077ns, electionTimeout:1489ms
2024-02-20 17:17:45,465 [s4@group-5362E9D8806E-FollowerState] INFO  impl.RoleInfo (RoleInfo.java:shutdownFollowerState(119)) - s4: shutdown s4@group-5362E9D8806E-FollowerState
2024-02-20 17:17:45,465 [s4@group-5362E9D8806E-FollowerState] INFO  server.RaftServer$Division (RaftServerImpl.java:setRole(375)) - s4@group-5362E9D8806E: changes role from  FOLLOWER to CANDIDATE at term 0 for changeToCandidate
2024-02-20 17:17:45,465 [s4@group-5362E9D8806E-FollowerState] INFO  impl.RoleInfo (RoleInfo.java:updateAndGet(148)) - s4: start s4@group-5362E9D8806E-LeaderElection4
2024-02-20 17:17:45,466 [s4@group-5362E9D8806E-LeaderElection4] INFO  impl.LeaderElection (LeaderElection.java:askForVotes(321)) - s4@group-5362E9D8806E-LeaderElection4 PRE_VOTE round 0: submit vote requests at term 0 for -1: peers:[s3|localhost:15012, s4|localhost:15016, s0|localhost:15000, s1|localhost:15004, s2|localhost:15008]|listeners:[], old=null
2024-02-20 17:17:45,467 [s4@group-5362E9D8806E-LeaderElection4-1] INFO  server.GrpcServerProtocolClient (GrpcServerProtocolClient.java:<init>(65)) - Build channel for s3|localhost:15012
2024-02-20 17:17:45,469 [s4@group-5362E9D8806E-LeaderElection4-2] INFO  server.GrpcServerProtocolClient (GrpcServerProtocolClient.java:<init>(65)) - Build channel for s0|localhost:15000
2024-02-20 17:17:45,470 [s4@group-5362E9D8806E-LeaderElection4-3] INFO  server.GrpcServerProtocolClient (GrpcServerProtocolClient.java:<init>(65)) - Build channel for s1|localhost:15004
2024-02-20 17:17:45,472 [s4@group-5362E9D8806E-LeaderElection4-4] INFO  server.GrpcServerProtocolClient (GrpcServerProtocolClient.java:<init>(65)) - Build channel for s2|localhost:15008
2024-02-20 17:17:45,795 [s1@group-5362E9D8806E-FollowerState] INFO  impl.FollowerState (FollowerState.java:run(143)) - s1@group-5362E9D8806E-FollowerState: change to CANDIDATE, lastRpcElapsedTime:1787370103ns, electionTimeout:1785ms
2024-02-20 17:17:45,796 [s1@group-5362E9D8806E-FollowerState] INFO  impl.RoleInfo (RoleInfo.java:shutdownFollowerState(119)) - s1: shutdown s1@group-5362E9D8806E-FollowerState
2024-02-20 17:17:45,796 [s1@group-5362E9D8806E-FollowerState] INFO  server.RaftServer$Division (RaftServerImpl.java:setRole(375)) - s1@group-5362E9D8806E: changes role from  FOLLOWER to CANDIDATE at term 0 for changeToCandidate
2024-02-20 17:17:45,796 [s1@group-5362E9D8806E-FollowerState] INFO  impl.RoleInfo (RoleInfo.java:updateAndGet(148)) - s1: start s1@group-5362E9D8806E-LeaderElection5
2024-02-20 17:17:45,799 [s1@group-5362E9D8806E-LeaderElection5] INFO  impl.LeaderElection (LeaderElection.java:askForVotes(321)) - s1@group-5362E9D8806E-LeaderElection5 PRE_VOTE round 0: submit vote requests at term 0 for -1: peers:[s3|localhost:15012, s4|localhost:15016, s0|localhost:15000, s1|localhost:15004, s2|localhost:15008]|listeners:[], old=null
2024-02-20 17:17:45,804 [grpc-default-executor-4] INFO  server.RaftServer$Division (RaftServerImpl.java:requestVote(1387)) - s4@group-5362E9D8806E: receive requestVote(PRE_VOTE, s3, group-5362E9D8806E, 0, (t:0, i:0))
2024-02-20 17:17:45,804 [grpc-default-executor-1] INFO  server.RaftServer$Division (RaftServerImpl.java:requestVote(1387)) - s2@group-5362E9D8806E: receive requestVote(PRE_VOTE, s4, group-5362E9D8806E, 0, (t:0, i:0))
2024-02-20 17:17:45,804 [grpc-default-executor-6] INFO  server.RaftServer$Division (RaftServerImpl.java:requestVote(1387)) - s0@group-5362E9D8806E: receive requestVote(PRE_VOTE, s2, group-5362E9D8806E, 0, (t:0, i:0))
2024-02-20 17:17:45,806 [grpc-default-executor-14] INFO  server.RaftServer$Division (RaftServerImpl.java:requestVote(1387)) - s2@group-5362E9D8806E: receive requestVote(PRE_VOTE, s0, group-5362E9D8806E, 0, (t:0, i:0))
2024-02-20 17:17:45,806 [grpc-default-executor-9] INFO  server.RaftServer$Division (RaftServerImpl.java:requestVote(1387)) - s1@group-5362E9D8806E: receive requestVote(PRE_VOTE, s2, group-5362E9D8806E, 0, (t:0, i:0))
2024-02-20 17:17:45,806 [grpc-default-executor-12] INFO  server.RaftServer$Division (RaftServerImpl.java:requestVote(1387)) - s2@group-5362E9D8806E: receive requestVote(PRE_VOTE, s3, group-5362E9D8806E, 0, (t:0, i:0))
2024-02-20 17:17:45,807 [grpc-default-executor-13] INFO  server.RaftServer$Division (RaftServerImpl.java:requestVote(1387)) - s1@group-5362E9D8806E: receive requestVote(PRE_VOTE, s4, group-5362E9D8806E, 0, (t:0, i:0))
2024-02-20 17:17:45,807 [grpc-default-executor-10] INFO  server.RaftServer$Division (RaftServerImpl.java:requestVote(1387)) - s3@group-5362E9D8806E: receive requestVote(PRE_VOTE, s2, group-5362E9D8806E, 0, (t:0, i:0))
2024-02-20 17:17:45,808 [grpc-default-executor-4] INFO  impl.VoteContext (VoteContext.java:log(49)) - s4@group-5362E9D8806E-CANDIDATE: accept PRE_VOTE from s3: our priority 0 <= candidate's priority 0
2024-02-20 17:17:45,810 [s1@group-5362E9D8806E-LeaderElection5-1] INFO  server.GrpcServerProtocolClient (GrpcServerProtocolClient.java:<init>(65)) - Build channel for s3|localhost:15012
2024-02-20 17:17:45,813 [grpc-default-executor-10] INFO  impl.VoteContext (VoteContext.java:log(49)) - s3@group-5362E9D8806E-CANDIDATE: accept PRE_VOTE from s2: our priority 0 <= candidate's priority 0
2024-02-20 17:17:45,813 [grpc-default-executor-9] INFO  impl.VoteContext (VoteContext.java:log(49)) - s1@group-5362E9D8806E-CANDIDATE: accept PRE_VOTE from s2: our priority 0 <= candidate's priority 0
2024-02-20 17:17:45,813 [grpc-default-executor-6] INFO  impl.VoteContext (VoteContext.java:log(49)) - s0@group-5362E9D8806E-CANDIDATE: accept PRE_VOTE from s2: our priority 0 <= candidate's priority 0
2024-02-20 17:17:45,813 [grpc-default-executor-1] INFO  impl.VoteContext (VoteContext.java:log(49)) - s2@group-5362E9D8806E-CANDIDATE: accept PRE_VOTE from s4: our priority 0 <= candidate's priority 0
2024-02-20 17:17:45,815 [grpc-default-executor-0] INFO  server.RaftServer$Division (RaftServerImpl.java:requestVote(1387)) - s0@group-5362E9D8806E: receive requestVote(PRE_VOTE, s3, group-5362E9D8806E, 0, (t:0, i:0))
2024-02-20 17:17:45,816 [grpc-default-executor-15] INFO  server.RaftServer$Division (RaftServerImpl.java:requestVote(1387)) - s4@group-5362E9D8806E: receive requestVote(PRE_VOTE, s2, group-5362E9D8806E, 0, (t:0, i:0))
2024-02-20 17:17:45,816 [grpc-default-executor-2] INFO  server.RaftServer$Division (RaftServerImpl.java:requestVote(1387)) - s1@group-5362E9D8806E: receive requestVote(PRE_VOTE, s3, group-5362E9D8806E, 0, (t:0, i:0))
2024-02-20 17:17:45,817 [grpc-default-executor-3] INFO  server.RaftServer$Division (RaftServerImpl.java:requestVote(1387)) - s0@group-5362E9D8806E: receive requestVote(PRE_VOTE, s4, group-5362E9D8806E, 0, (t:0, i:0))
2024-02-20 17:17:45,817 [grpc-default-executor-7] INFO  server.RaftServer$Division (RaftServerImpl.java:requestVote(1387)) - s3@group-5362E9D8806E: receive requestVote(PRE_VOTE, s0, group-5362E9D8806E, 0, (t:0, i:0))
2024-02-20 17:17:45,817 [grpc-default-executor-8] INFO  server.RaftServer$Division (RaftServerImpl.java:requestVote(1387)) - s3@group-5362E9D8806E: receive requestVote(PRE_VOTE, s4, group-5362E9D8806E, 0, (t:0, i:0))
2024-02-20 17:17:45,820 [grpc-default-executor-10] INFO  server.RaftServer$Division (RaftServerImpl.java:requestVote(1420)) - s3@group-5362E9D8806E replies to PRE_VOTE vote request: s2<-s3#0:OK-t0. Peer's state: s3@group-5362E9D8806E:t0, leader=null, voted=, raftlog=Memoized:s3@group-5362E9D8806E-SegmentedRaftLog:OPENED:c-1:lastnull, conf=-1: peers:[s3|localhost:15012, s4|localhost:15016, s0|localhost:15000, s1|localhost:15004, s2|localhost:15008]|listeners:[], old=null
2024-02-20 17:17:45,821 [grpc-default-executor-7] INFO  impl.VoteContext (VoteContext.java:log(49)) - s3@group-5362E9D8806E-CANDIDATE: accept PRE_VOTE from s0: our priority 0 <= candidate's priority 0
2024-02-20 17:17:45,821 [grpc-default-executor-7] INFO  server.RaftServer$Division (RaftServerImpl.java:requestVote(1420)) - s3@group-5362E9D8806E replies to PRE_VOTE vote request: s0<-s3#0:OK-t0. Peer's state: s3@group-5362E9D8806E:t0, leader=null, voted=, raftlog=Memoized:s3@group-5362E9D8806E-SegmentedRaftLog:OPENED:c-1:lastnull, conf=-1: peers:[s3|localhost:15012, s4|localhost:15016, s0|localhost:15000, s1|localhost:15004, s2|localhost:15008]|listeners:[], old=null
2024-02-20 17:17:45,822 [grpc-default-executor-5] INFO  server.RaftServer$Division (RaftServerImpl.java:requestVote(1387)) - s4@group-5362E9D8806E: receive requestVote(PRE_VOTE, s0, group-5362E9D8806E, 0, (t:0, i:0))
2024-02-20 17:17:45,823 [grpc-default-executor-8] INFO  impl.VoteContext (VoteContext.java:log(49)) - s3@group-5362E9D8806E-CANDIDATE: accept PRE_VOTE from s4: our priority 0 <= candidate's priority 0
2024-02-20 17:17:45,823 [grpc-default-executor-8] INFO  server.RaftServer$Division (RaftServerImpl.java:requestVote(1420)) - s3@group-5362E9D8806E replies to PRE_VOTE vote request: s4<-s3#0:OK-t0. Peer's state: s3@group-5362E9D8806E:t0, leader=null, voted=, raftlog=Memoized:s3@group-5362E9D8806E-SegmentedRaftLog:OPENED:c-1:lastnull, conf=-1: peers:[s3|localhost:15012, s4|localhost:15016, s0|localhost:15000, s1|localhost:15004, s2|localhost:15008]|listeners:[], old=null
2024-02-20 17:17:45,824 [s1@group-5362E9D8806E-LeaderElection5-2] INFO  server.GrpcServerProtocolClient (GrpcServerProtocolClient.java:<init>(65)) - Build channel for s4|localhost:15016
2024-02-20 17:17:45,824 [grpc-default-executor-9] INFO  server.RaftServer$Division (RaftServerImpl.java:requestVote(1420)) - s1@group-5362E9D8806E replies to PRE_VOTE vote request: s2<-s1#0:OK-t0. Peer's state: s1@group-5362E9D8806E:t0, leader=null, voted=, raftlog=Memoized:s1@group-5362E9D8806E-SegmentedRaftLog:OPENED:c-1:lastnull, conf=-1: peers:[s3|localhost:15012, s4|localhost:15016, s0|localhost:15000, s1|localhost:15004, s2|localhost:15008]|listeners:[], old=null
2024-02-20 17:17:45,825 [grpc-default-executor-2] INFO  impl.VoteContext (VoteContext.java:log(49)) - s1@group-5362E9D8806E-CANDIDATE: accept PRE_VOTE from s3: our priority 0 <= candidate's priority 0
2024-02-20 17:17:45,825 [grpc-default-executor-2] INFO  server.RaftServer$Division (RaftServerImpl.java:requestVote(1420)) - s1@group-5362E9D8806E replies to PRE_VOTE vote request: s3<-s1#0:OK-t0. Peer's state: s1@group-5362E9D8806E:t0, leader=null, voted=, raftlog=Memoized:s1@group-5362E9D8806E-SegmentedRaftLog:OPENED:c-1:lastnull, conf=-1: peers:[s3|localhost:15012, s4|localhost:15016, s0|localhost:15000, s1|localhost:15004, s2|localhost:15008]|listeners:[], old=null
2024-02-20 17:17:45,826 [grpc-default-executor-13] INFO  impl.VoteContext (VoteContext.java:log(49)) - s1@group-5362E9D8806E-CANDIDATE: accept PRE_VOTE from s4: our priority 0 <= candidate's priority 0
2024-02-20 17:17:45,826 [grpc-default-executor-13] INFO  server.RaftServer$Division (RaftServerImpl.java:requestVote(1420)) - s1@group-5362E9D8806E replies to PRE_VOTE vote request: s4<-s1#0:OK-t0. Peer's state: s1@group-5362E9D8806E:t0, leader=null, voted=, raftlog=Memoized:s1@group-5362E9D8806E-SegmentedRaftLog:OPENED:c-1:lastnull, conf=-1: peers:[s3|localhost:15012, s4|localhost:15016, s0|localhost:15000, s1|localhost:15004, s2|localhost:15008]|listeners:[], old=null
2024-02-20 17:17:45,827 [grpc-default-executor-6] INFO  server.RaftServer$Division (RaftServerImpl.java:requestVote(1420)) - s0@group-5362E9D8806E replies to PRE_VOTE vote request: s2<-s0#0:OK-t0. Peer's state: s0@group-5362E9D8806E:t0, leader=null, voted=, raftlog=Memoized:s0@group-5362E9D8806E-SegmentedRaftLog:OPENED:c-1:lastnull, conf=-1: peers:[s3|localhost:15012, s4|localhost:15016, s0|localhost:15000, s1|localhost:15004, s2|localhost:15008]|listeners:[], old=null
2024-02-20 17:17:45,828 [grpc-default-executor-3] INFO  impl.VoteContext (VoteContext.java:log(49)) - s0@group-5362E9D8806E-CANDIDATE: accept PRE_VOTE from s4: our priority 0 <= candidate's priority 0
2024-02-20 17:17:45,828 [grpc-default-executor-3] INFO  server.RaftServer$Division (RaftServerImpl.java:requestVote(1420)) - s0@group-5362E9D8806E replies to PRE_VOTE vote request: s4<-s0#0:OK-t0. Peer's state: s0@group-5362E9D8806E:t0, leader=null, voted=, raftlog=Memoized:s0@group-5362E9D8806E-SegmentedRaftLog:OPENED:c-1:lastnull, conf=-1: peers:[s3|localhost:15012, s4|localhost:15016, s0|localhost:15000, s1|localhost:15004, s2|localhost:15008]|listeners:[], old=null
2024-02-20 17:17:45,828 [grpc-default-executor-0] INFO  impl.VoteContext (VoteContext.java:log(49)) - s0@group-5362E9D8806E-CANDIDATE: accept PRE_VOTE from s3: our priority 0 <= candidate's priority 0
2024-02-20 17:17:45,829 [grpc-default-executor-0] INFO  server.RaftServer$Division (RaftServerImpl.java:requestVote(1420)) - s0@group-5362E9D8806E replies to PRE_VOTE vote request: s3<-s0#0:OK-t0. Peer's state: s0@group-5362E9D8806E:t0, leader=null, voted=, raftlog=Memoized:s0@group-5362E9D8806E-SegmentedRaftLog:OPENED:c-1:lastnull, conf=-1: peers:[s3|localhost:15012, s4|localhost:15016, s0|localhost:15000, s1|localhost:15004, s2|localhost:15008]|listeners:[], old=null
2024-02-20 17:17:45,829 [grpc-default-executor-1] INFO  server.RaftServer$Division (RaftServerImpl.java:requestVote(1420)) - s2@group-5362E9D8806E replies to PRE_VOTE vote request: s4<-s2#0:OK-t0. Peer's state: s2@group-5362E9D8806E:t0, leader=null, voted=, raftlog=Memoized:s2@group-5362E9D8806E-SegmentedRaftLog:OPENED:c-1:lastnull, conf=-1: peers:[s3|localhost:15012, s4|localhost:15016, s0|localhost:15000, s1|localhost:15004, s2|localhost:15008]|listeners:[], old=null
2024-02-20 17:17:45,829 [grpc-default-executor-12] INFO  impl.VoteContext (VoteContext.java:log(49)) - s2@group-5362E9D8806E-CANDIDATE: accept PRE_VOTE from s3: our priority 0 <= candidate's priority 0
2024-02-20 17:17:45,830 [grpc-default-executor-12] INFO  server.RaftServer$Division (RaftServerImpl.java:requestVote(1420)) - s2@group-5362E9D8806E replies to PRE_VOTE vote request: s3<-s2#0:OK-t0. Peer's state: s2@group-5362E9D8806E:t0, leader=null, voted=, raftlog=Memoized:s2@group-5362E9D8806E-SegmentedRaftLog:OPENED:c-1:lastnull, conf=-1: peers:[s3|localhost:15012, s4|localhost:15016, s0|localhost:15000, s1|localhost:15004, s2|localhost:15008]|listeners:[], old=null
2024-02-20 17:17:45,830 [grpc-default-executor-14] INFO  impl.VoteContext (VoteContext.java:log(49)) - s2@group-5362E9D8806E-CANDIDATE: accept PRE_VOTE from s0: our priority 0 <= candidate's priority 0
2024-02-20 17:17:45,830 [grpc-default-executor-14] INFO  server.RaftServer$Division (RaftServerImpl.java:requestVote(1420)) - s2@group-5362E9D8806E replies to PRE_VOTE vote request: s0<-s2#0:OK-t0. Peer's state: s2@group-5362E9D8806E:t0, leader=null, voted=, raftlog=Memoized:s2@group-5362E9D8806E-SegmentedRaftLog:OPENED:c-1:lastnull, conf=-1: peers:[s3|localhost:15012, s4|localhost:15016, s0|localhost:15000, s1|localhost:15004, s2|localhost:15008]|listeners:[], old=null
2024-02-20 17:17:45,833 [grpc-default-executor-4] INFO  server.RaftServer$Division (RaftServerImpl.java:requestVote(1420)) - s4@group-5362E9D8806E replies to PRE_VOTE vote request: s3<-s4#0:OK-t0. Peer's state: s4@group-5362E9D8806E:t0, leader=null, voted=, raftlog=Memoized:s4@group-5362E9D8806E-SegmentedRaftLog:OPENED:c-1:lastnull, conf=-1: peers:[s3|localhost:15012, s4|localhost:15016, s0|localhost:15000, s1|localhost:15004, s2|localhost:15008]|listeners:[], old=null
2024-02-20 17:17:45,834 [grpc-default-executor-5] INFO  impl.VoteContext (VoteContext.java:log(49)) - s4@group-5362E9D8806E-CANDIDATE: accept PRE_VOTE from s0: our priority 0 <= candidate's priority 0
2024-02-20 17:17:45,834 [grpc-default-executor-5] INFO  server.RaftServer$Division (RaftServerImpl.java:requestVote(1420)) - s4@group-5362E9D8806E replies to PRE_VOTE vote request: s0<-s4#0:OK-t0. Peer's state: s4@group-5362E9D8806E:t0, leader=null, voted=, raftlog=Memoized:s4@group-5362E9D8806E-SegmentedRaftLog:OPENED:c-1:lastnull, conf=-1: peers:[s3|localhost:15012, s4|localhost:15016, s0|localhost:15000, s1|localhost:15004, s2|localhost:15008]|listeners:[], old=null
2024-02-20 17:17:45,835 [grpc-default-executor-15] INFO  impl.VoteContext (VoteContext.java:log(49)) - s4@group-5362E9D8806E-CANDIDATE: accept PRE_VOTE from s2: our priority 0 <= candidate's priority 0
2024-02-20 17:17:45,835 [grpc-default-executor-15] INFO  server.RaftServer$Division (RaftServerImpl.java:requestVote(1420)) - s4@group-5362E9D8806E replies to PRE_VOTE vote request: s2<-s4#0:OK-t0. Peer's state: s4@group-5362E9D8806E:t0, leader=null, voted=, raftlog=Memoized:s4@group-5362E9D8806E-SegmentedRaftLog:OPENED:c-1:lastnull, conf=-1: peers:[s3|localhost:15012, s4|localhost:15016, s0|localhost:15000, s1|localhost:15004, s2|localhost:15008]|listeners:[], old=null
2024-02-20 17:17:45,843 [s1@group-5362E9D8806E-LeaderElection5-3] INFO  server.GrpcServerProtocolClient (GrpcServerProtocolClient.java:<init>(65)) - Build channel for s0|localhost:15000
2024-02-20 17:17:45,843 [s1@group-5362E9D8806E-LeaderElection5-4] INFO  server.GrpcServerProtocolClient (GrpcServerProtocolClient.java:<init>(65)) - Build channel for s2|localhost:15008
2024-02-20 17:17:45,844 [grpc-default-executor-11] INFO  server.RaftServer$Division (RaftServerImpl.java:requestVote(1387)) - s1@group-5362E9D8806E: receive requestVote(PRE_VOTE, s0, group-5362E9D8806E, 0, (t:0, i:0))
2024-02-20 17:17:45,844 [grpc-default-executor-11] INFO  impl.VoteContext (VoteContext.java:log(49)) - s1@group-5362E9D8806E-CANDIDATE: accept PRE_VOTE from s0: our priority 0 <= candidate's priority 0
2024-02-20 17:17:45,844 [grpc-default-executor-11] INFO  server.RaftServer$Division (RaftServerImpl.java:requestVote(1420)) - s1@group-5362E9D8806E replies to PRE_VOTE vote request: s0<-s1#0:OK-t0. Peer's state: s1@group-5362E9D8806E:t0, leader=null, voted=, raftlog=Memoized:s1@group-5362E9D8806E-SegmentedRaftLog:OPENED:c-1:lastnull, conf=-1: peers:[s3|localhost:15012, s4|localhost:15016, s0|localhost:15000, s1|localhost:15004, s2|localhost:15008]|listeners:[], old=null
2024-02-20 17:17:45,850 [s2@group-5362E9D8806E-LeaderElection1] INFO  impl.LeaderElection (LeaderElection.java:logAndReturn(89)) - s2@group-5362E9D8806E-LeaderElection1: PRE_VOTE PASSED received 2 response(s) and 0 exception(s):
2024-02-20 17:17:45,850 [s2@group-5362E9D8806E-LeaderElection1] INFO  impl.LeaderElection (LeaderElection.java:logAndReturn(93)) -   Response 0: s2<-s3#0:OK-t0
2024-02-20 17:17:45,850 [s2@group-5362E9D8806E-LeaderElection1] INFO  impl.LeaderElection (LeaderElection.java:logAndReturn(93)) -   Response 1: s2<-s1#0:OK-t0
2024-02-20 17:17:45,850 [s2@group-5362E9D8806E-LeaderElection1] INFO  impl.LeaderElection (LeaderElection.java:askForVotes(323)) - s2@group-5362E9D8806E-LeaderElection1 PRE_VOTE round 0: result PASSED
2024-02-20 17:17:45,851 [s2@group-5362E9D8806E-LeaderElection1] TRACE util.FileUtils (LogUtils.java:supplyAndLog(69)) - Successfully supplied FileChannel.open /home/runner/work/ratis/ratis/ratis-test/target/test/data/e6831fa0/MiniRaftClusterWithGrpc1c021b02/s2/23fc7c77-eda5-4742-9c62-5362e9d8806e/current/raft-meta.tmp with options [CREATE, WRITE]: sun.nio.ch.FileChannelImpl@2430a5f
2024-02-20 17:17:45,852 [s3@group-5362E9D8806E-LeaderElection3] INFO  impl.LeaderElection (LeaderElection.java:logAndReturn(89)) - s3@group-5362E9D8806E-LeaderElection3: PRE_VOTE PASSED received 2 response(s) and 0 exception(s):
2024-02-20 17:17:45,852 [s3@group-5362E9D8806E-LeaderElection3] INFO  impl.LeaderElection (LeaderElection.java:logAndReturn(93)) -   Response 0: s3<-s4#0:OK-t0
2024-02-20 17:17:45,852 [s3@group-5362E9D8806E-LeaderElection3] INFO  impl.LeaderElection (LeaderElection.java:logAndReturn(93)) -   Response 1: s3<-s2#0:OK-t0
2024-02-20 17:17:45,853 [s3@group-5362E9D8806E-LeaderElection3] INFO  impl.LeaderElection (LeaderElection.java:askForVotes(323)) - s3@group-5362E9D8806E-LeaderElection3 PRE_VOTE round 0: result PASSED
2024-02-20 17:17:45,853 [s3@group-5362E9D8806E-LeaderElection3] TRACE util.FileUtils (LogUtils.java:supplyAndLog(69)) - Successfully supplied FileChannel.open /home/runner/work/ratis/ratis/ratis-test/target/test/data/e6831fa0/MiniRaftClusterWithGrpc1c021b02/s3/23fc7c77-eda5-4742-9c62-5362e9d8806e/current/raft-meta.tmp with options [CREATE, WRITE]: sun.nio.ch.FileChannelImpl@54e4bd86
2024-02-20 17:17:45,853 [s2@group-5362E9D8806E-LeaderElection1] TRACE util.FileUtils (LogUtils.java:runAndLog(49)) - Successfully ran Atomic Files.move /home/runner/work/ratis/ratis/ratis-test/target/test/data/e6831fa0/MiniRaftClusterWithGrpc1c021b02/s2/23fc7c77-eda5-4742-9c62-5362e9d8806e/current/raft-meta.tmp to /home/runner/work/ratis/ratis/ratis-test/target/test/data/e6831fa0/MiniRaftClusterWithGrpc1c021b02/s2/23fc7c77-eda5-4742-9c62-5362e9d8806e/current/raft-meta with options [REPLACE_EXISTING]
2024-02-20 17:17:45,854 [s2@group-5362E9D8806E-LeaderElection1] INFO  impl.LeaderElection (LeaderElection.java:askForVotes(321)) - s2@group-5362E9D8806E-LeaderElection1 ELECTION round 0: submit vote requests at term 1 for -1: peers:[s3|localhost:15012, s4|localhost:15016, s0|localhost:15000, s1|localhost:15004, s2|localhost:15008]|listeners:[], old=null
2024-02-20 17:17:45,852 [s0@group-5362E9D8806E-LeaderElection2] INFO  impl.LeaderElection (LeaderElection.java:logAndReturn(89)) - s0@group-5362E9D8806E-LeaderElection2: PRE_VOTE PASSED received 2 response(s) and 0 exception(s):
2024-02-20 17:17:45,854 [s0@group-5362E9D8806E-LeaderElection2] INFO  impl.LeaderElection (LeaderElection.java:logAndReturn(93)) -   Response 0: s0<-s3#0:OK-t0
2024-02-20 17:17:45,854 [s0@group-5362E9D8806E-LeaderElection2] INFO  impl.LeaderElection (LeaderElection.java:logAndReturn(93)) -   Response 1: s0<-s4#0:OK-t0
2024-02-20 17:17:45,855 [s4@group-5362E9D8806E-LeaderElection4] INFO  impl.LeaderElection (LeaderElection.java:logAndReturn(89)) - s4@group-5362E9D8806E-LeaderElection4: PRE_VOTE PASSED received 2 response(s) and 0 exception(s):
2024-02-20 17:17:45,855 [s4@group-5362E9D8806E-LeaderElection4] INFO  impl.LeaderElection (LeaderElection.java:logAndReturn(93)) -   Response 0: s4<-s3#0:OK-t0
2024-02-20 17:17:45,855 [s3@group-5362E9D8806E-LeaderElection3] TRACE util.FileUtils (LogUtils.java:runAndLog(49)) - Successfully ran Atomic Files.move /home/runner/work/ratis/ratis/ratis-test/target/test/data/e6831fa0/MiniRaftClusterWithGrpc1c021b02/s3/23fc7c77-eda5-4742-9c62-5362e9d8806e/current/raft-meta.tmp to /home/runner/work/ratis/ratis/ratis-test/target/test/data/e6831fa0/MiniRaftClusterWithGrpc1c021b02/s3/23fc7c77-eda5-4742-9c62-5362e9d8806e/current/raft-meta with options [REPLACE_EXISTING]
2024-02-20 17:17:45,855 [s3@group-5362E9D8806E-LeaderElection3] INFO  impl.LeaderElection (LeaderElection.java:askForVotes(321)) - s3@group-5362E9D8806E-LeaderElection3 ELECTION round 0: submit vote requests at term 1 for -1: peers:[s3|localhost:15012, s4|localhost:15016, s0|localhost:15000, s1|localhost:15004, s2|localhost:15008]|listeners:[], old=null
2024-02-20 17:17:45,855 [s4@group-5362E9D8806E-LeaderElection4] INFO  impl.LeaderElection (LeaderElection.java:logAndReturn(93)) -   Response 1: s4<-s0#0:OK-t0
2024-02-20 17:17:45,856 [s4@group-5362E9D8806E-LeaderElection4] INFO  impl.LeaderElection (LeaderElection.java:askForVotes(323)) - s4@group-5362E9D8806E-LeaderElection4 PRE_VOTE round 0: result PASSED
2024-02-20 17:17:45,857 [s4@group-5362E9D8806E-LeaderElection4] TRACE util.FileUtils (LogUtils.java:supplyAndLog(69)) - Successfully supplied FileChannel.open /home/runner/work/ratis/ratis/ratis-test/target/test/data/e6831fa0/MiniRaftClusterWithGrpc1c021b02/s4/23fc7c77-eda5-4742-9c62-5362e9d8806e/current/raft-meta.tmp with options [CREATE, WRITE]: sun.nio.ch.FileChannelImpl@65c21671
2024-02-20 17:17:45,858 [s4@group-5362E9D8806E-LeaderElection4] TRACE util.FileUtils (LogUtils.java:runAndLog(49)) - Successfully ran Atomic Files.move /home/runner/work/ratis/ratis/ratis-test/target/test/data/e6831fa0/MiniRaftClusterWithGrpc1c021b02/s4/23fc7c77-eda5-4742-9c62-5362e9d8806e/current/raft-meta.tmp to /home/runner/work/ratis/ratis/ratis-test/target/test/data/e6831fa0/MiniRaftClusterWithGrpc1c021b02/s4/23fc7c77-eda5-4742-9c62-5362e9d8806e/current/raft-meta with options [REPLACE_EXISTING]
2024-02-20 17:17:45,858 [s4@group-5362E9D8806E-LeaderElection4] INFO  impl.LeaderElection (LeaderElection.java:askForVotes(321)) - s4@group-5362E9D8806E-LeaderElection4 ELECTION round 0: submit vote requests at term 1 for -1: peers:[s3|localhost:15012, s4|localhost:15016, s0|localhost:15000, s1|localhost:15004, s2|localhost:15008]|listeners:[], old=null
2024-02-20 17:17:45,860 [grpc-default-executor-11] INFO  server.RaftServer$Division (RaftServerImpl.java:requestVote(1387)) - s3@group-5362E9D8806E: receive requestVote(ELECTION, s2, group-5362E9D8806E, 1, (t:0, i:0))
2024-02-20 17:17:45,861 [grpc-default-executor-11] INFO  impl.VoteContext (VoteContext.java:log(49)) - s3@group-5362E9D8806E-CANDIDATE: reject ELECTION from s2: already has voted for s3 at current term 1
2024-02-20 17:17:45,861 [grpc-default-executor-11] INFO  server.RaftServer$Division (RaftServerImpl.java:requestVote(1420)) - s3@group-5362E9D8806E replies to ELECTION vote request: s2<-s3#0:FAIL-t1. Peer's state: s3@group-5362E9D8806E:t1, leader=null, voted=s3, raftlog=Memoized:s3@group-5362E9D8806E-SegmentedRaftLog:OPENED:c-1:lastnull, conf=-1: peers:[s3|localhost:15012, s4|localhost:15016, s0|localhost:15000, s1|localhost:15004, s2|localhost:15008]|listeners:[], old=null
2024-02-20 17:17:45,866 [grpc-default-executor-11] INFO  server.RaftServer$Division (RaftServerImpl.java:requestVote(1387)) - s4@group-5362E9D8806E: receive requestVote(ELECTION, s2, group-5362E9D8806E, 1, (t:0, i:0))
2024-02-20 17:17:45,866 [grpc-default-executor-11] INFO  impl.VoteContext (VoteContext.java:log(49)) - s4@group-5362E9D8806E-CANDIDATE: reject ELECTION from s2: already has voted for s4 at current term 1
2024-02-20 17:17:45,866 [grpc-default-executor-11] INFO  server.RaftServer$Division (RaftServerImpl.java:requestVote(1420)) - s4@group-5362E9D8806E replies to ELECTION vote request: s2<-s4#0:FAIL-t1. Peer's state: s4@group-5362E9D8806E:t1, leader=null, voted=s4, raftlog=Memoized:s4@group-5362E9D8806E-SegmentedRaftLog:OPENED:c-1:lastnull, conf=-1: peers:[s3|localhost:15012, s4|localhost:15016, s0|localhost:15000, s1|localhost:15004, s2|localhost:15008]|listeners:[], old=null
2024-02-20 17:17:45,870 [s0@group-5362E9D8806E-LeaderElection2] INFO  impl.LeaderElection (LeaderElection.java:askForVotes(323)) - s0@group-5362E9D8806E-LeaderElection2 PRE_VOTE round 0: result PASSED
2024-02-20 17:17:45,870 [s0@group-5362E9D8806E-LeaderElection2] TRACE util.FileUtils (LogUtils.java:supplyAndLog(69)) - Successfully supplied FileChannel.open /home/runner/work/ratis/ratis/ratis-test/target/test/data/e6831fa0/MiniRaftClusterWithGrpc1c021b02/s0/23fc7c77-eda5-4742-9c62-5362e9d8806e/current/raft-meta.tmp with options [CREATE, WRITE]: sun.nio.ch.FileChannelImpl@10c3f3cb
2024-02-20 17:17:45,872 [s0@group-5362E9D8806E-LeaderElection2] TRACE util.FileUtils (LogUtils.java:runAndLog(49)) - Successfully ran Atomic Files.move /home/runner/work/ratis/ratis/ratis-test/target/test/data/e6831fa0/MiniRaftClusterWithGrpc1c021b02/s0/23fc7c77-eda5-4742-9c62-5362e9d8806e/current/raft-meta.tmp to /home/runner/work/ratis/ratis/ratis-test/target/test/data/e6831fa0/MiniRaftClusterWithGrpc1c021b02/s0/23fc7c77-eda5-4742-9c62-5362e9d8806e/current/raft-meta with options [REPLACE_EXISTING]
2024-02-20 17:17:45,872 [s0@group-5362E9D8806E-LeaderElection2] INFO  impl.LeaderElection (LeaderElection.java:askForVotes(321)) - s0@group-5362E9D8806E-LeaderElection2 ELECTION round 0: submit vote requests at term 1 for -1: peers:[s3|localhost:15012, s4|localhost:15016, s0|localhost:15000, s1|localhost:15004, s2|localhost:15008]|listeners:[], old=null
2024-02-20 17:17:45,875 [grpc-default-executor-11] INFO  server.RaftServer$Division (RaftServerImpl.java:requestVote(1387)) - s3@group-5362E9D8806E: receive requestVote(PRE_VOTE, s1, group-5362E9D8806E, 0, (t:0, i:0))
2024-02-20 17:17:45,876 [grpc-default-executor-11] INFO  impl.VoteContext (VoteContext.java:log(49)) - s3@group-5362E9D8806E-CANDIDATE: accept PRE_VOTE from s1: our priority 0 <= candidate's priority 0
2024-02-20 17:17:45,876 [grpc-default-executor-11] INFO  server.RaftServer$Division (RaftServerImpl.java:requestVote(1420)) - s3@group-5362E9D8806E replies to PRE_VOTE vote request: s1<-s3#0:OK-t1. Peer's state: s3@group-5362E9D8806E:t1, leader=null, voted=s3, raftlog=Memoized:s3@group-5362E9D8806E-SegmentedRaftLog:OPENED:c-1:lastnull, conf=-1: peers:[s3|localhost:15012, s4|localhost:15016, s0|localhost:15000, s1|localhost:15004, s2|localhost:15008]|listeners:[], old=null
2024-02-20 17:17:45,876 [grpc-default-executor-15] INFO  server.RaftServer$Division (RaftServerImpl.java:requestVote(1387)) - s0@group-5362E9D8806E: receive requestVote(ELECTION, s3, group-5362E9D8806E, 1, (t:0, i:0))
2024-02-20 17:17:45,875 [grpc-default-executor-9] INFO  server.RaftServer$Division (RaftServerImpl.java:requestVote(1387)) - s2@group-5362E9D8806E: receive requestVote(PRE_VOTE, s1, group-5362E9D8806E, 0, (t:0, i:0))
2024-02-20 17:17:45,877 [grpc-default-executor-9] INFO  impl.VoteContext (VoteContext.java:log(49)) - s2@group-5362E9D8806E-CANDIDATE: accept PRE_VOTE from s1: our priority 0 <= candidate's priority 0
2024-02-20 17:17:45,877 [grpc-default-executor-9] INFO  server.RaftServer$Division (RaftServerImpl.java:requestVote(1420)) - s2@group-5362E9D8806E replies to PRE_VOTE vote request: s1<-s2#0:OK-t1. Peer's state: s2@group-5362E9D8806E:t1, leader=null, voted=s2, raftlog=Memoized:s2@group-5362E9D8806E-SegmentedRaftLog:OPENED:c-1:lastnull, conf=-1: peers:[s3|localhost:15012, s4|localhost:15016, s0|localhost:15000, s1|localhost:15004, s2|localhost:15008]|listeners:[], old=null
2024-02-20 17:17:45,876 [grpc-default-executor-15] INFO  impl.VoteContext (VoteContext.java:log(49)) - s0@group-5362E9D8806E-CANDIDATE: reject ELECTION from s3: already has voted for s0 at current term 1
2024-02-20 17:17:45,877 [grpc-default-executor-15] INFO  server.RaftServer$Division (RaftServerImpl.java:requestVote(1420)) - s0@group-5362E9D8806E replies to ELECTION vote request: s3<-s0#0:FAIL-t1. Peer's state: s0@group-5362E9D8806E:t1, leader=null, voted=s0, raftlog=Memoized:s0@group-5362E9D8806E-SegmentedRaftLog:OPENED:c-1:lastnull, conf=-1: peers:[s3|localhost:15012, s4|localhost:15016, s0|localhost:15000, s1|localhost:15004, s2|localhost:15008]|listeners:[], old=null
2024-02-20 17:17:45,881 [grpc-default-executor-9] INFO  server.RaftServer$Division (RaftServerImpl.java:requestVote(1387)) - s1@group-5362E9D8806E: receive requestVote(ELECTION, s3, group-5362E9D8806E, 1, (t:0, i:0))
2024-02-20 17:17:45,881 [grpc-default-executor-9] INFO  impl.VoteContext (VoteContext.java:log(49)) - s1@group-5362E9D8806E-CANDIDATE: accept ELECTION from s3: our priority 0 <= candidate's priority 0
2024-02-20 17:17:45,882 [grpc-default-executor-9] INFO  server.RaftServer$Division (RaftServerImpl.java:setRole(375)) - s1@group-5362E9D8806E: changes role from CANDIDATE to FOLLOWER at term 1 for candidate:s3
2024-02-20 17:17:45,882 [grpc-default-executor-9] INFO  impl.RoleInfo (RoleInfo.java:shutdownLeaderElection(139)) - s1: shutdown s1@group-5362E9D8806E-LeaderElection5
2024-02-20 17:17:45,886 [grpc-default-executor-15] INFO  server.RaftServer$Division (RaftServerImpl.java:requestVote(1387)) - s3@group-5362E9D8806E: receive requestVote(ELECTION, s4, group-5362E9D8806E, 1, (t:0, i:0))
2024-02-20 17:17:45,886 [grpc-default-executor-15] INFO  impl.VoteContext (VoteContext.java:log(49)) - s3@group-5362E9D8806E-CANDIDATE: reject ELECTION from s4: already has voted for s3 at current term 1
2024-02-20 17:17:45,887 [grpc-default-executor-15] INFO  server.RaftServer$Division (RaftServerImpl.java:requestVote(1420)) - s3@group-5362E9D8806E replies to ELECTION vote request: s4<-s3#0:FAIL-t1. Peer's state: s3@group-5362E9D8806E:t1, leader=null, voted=s3, raftlog=Memoized:s3@group-5362E9D8806E-SegmentedRaftLog:OPENED:c-1:lastnull, conf=-1: peers:[s3|localhost:15012, s4|localhost:15016, s0|localhost:15000, s1|localhost:15004, s2|localhost:15008]|listeners:[], old=null
2024-02-20 17:17:45,888 [grpc-default-executor-9] INFO  impl.RoleInfo (RoleInfo.java:updateAndGet(148)) - s1: start s1@group-5362E9D8806E-FollowerState
2024-02-20 17:17:45,890 [grpc-default-executor-9] INFO  server.RaftServer$Division (RaftServerImpl.java:setFirstElection(547)) - s1@group-5362E9D8806E: set firstElectionSinceStartup to false for candidate:s3
2024-02-20 17:17:45,891 [grpc-default-executor-9] TRACE util.FileUtils (LogUtils.java:supplyAndLog(69)) - Successfully supplied FileChannel.open /home/runner/work/ratis/ratis/ratis-test/target/test/data/e6831fa0/MiniRaftClusterWithGrpc1c021b02/s1/23fc7c77-eda5-4742-9c62-5362e9d8806e/current/raft-meta.tmp with options [CREATE, WRITE]: sun.nio.ch.FileChannelImpl@4b5c67b2
2024-02-20 17:17:45,893 [grpc-default-executor-9] TRACE util.FileUtils (LogUtils.java:runAndLog(49)) - Successfully ran Atomic Files.move /home/runner/work/ratis/ratis/ratis-test/target/test/data/e6831fa0/MiniRaftClusterWithGrpc1c021b02/s1/23fc7c77-eda5-4742-9c62-5362e9d8806e/current/raft-meta.tmp to /home/runner/work/ratis/ratis/ratis-test/target/test/data/e6831fa0/MiniRaftClusterWithGrpc1c021b02/s1/23fc7c77-eda5-4742-9c62-5362e9d8806e/current/raft-meta with options [REPLACE_EXISTING]
2024-02-20 17:17:45,895 [grpc-default-executor-9] INFO  server.RaftServer$Division (RaftServerImpl.java:requestVote(1420)) - s1@group-5362E9D8806E replies to ELECTION vote request: s3<-s1#0:OK-t1. Peer's state: s1@group-5362E9D8806E:t1, leader=null, voted=s3, raftlog=Memoized:s1@group-5362E9D8806E-SegmentedRaftLog:OPENED:c-1:lastnull, conf=-1: peers:[s3|localhost:15012, s4|localhost:15016, s0|localhost:15000, s1|localhost:15004, s2|localhost:15008]|listeners:[], old=null
2024-02-20 17:17:45,899 [s1@group-5362E9D8806E-LeaderElection5] INFO  impl.LeaderElection (LeaderElection.java:logAndReturn(89)) - s1@group-5362E9D8806E-LeaderElection5: PRE_VOTE DISCOVERED_A_NEW_TERM (term=1) received 1 response(s) and 0 exception(s):
2024-02-20 17:17:45,899 [s1@group-5362E9D8806E-LeaderElection5] INFO  impl.LeaderElection (LeaderElection.java:logAndReturn(93)) -   Response 0: s1<-s3#0:OK-t1
2024-02-20 17:17:45,899 [s1@group-5362E9D8806E-LeaderElection5] INFO  impl.LeaderElection (LeaderElection.java:askForVotes(323)) - s1@group-5362E9D8806E-LeaderElection5 PRE_VOTE round 0: result DISCOVERED_A_NEW_TERM (term=1)
2024-02-20 17:17:45,900 [grpc-default-executor-5] INFO  server.RaftServer$Division (RaftServerImpl.java:requestVote(1387)) - s1@group-5362E9D8806E: receive requestVote(ELECTION, s0, group-5362E9D8806E, 1, (t:0, i:0))
2024-02-20 17:17:45,900 [grpc-default-executor-5] INFO  impl.VoteContext (VoteContext.java:log(49)) - s1@group-5362E9D8806E-FOLLOWER: reject ELECTION from s0: already has voted for s3 at current term 1
2024-02-20 17:17:45,901 [grpc-default-executor-5] INFO  server.RaftServer$Division (RaftServerImpl.java:requestVote(1420)) - s1@group-5362E9D8806E replies to ELECTION vote request: s0<-s1#0:FAIL-t1. Peer's state: s1@group-5362E9D8806E:t1, leader=null, voted=s3, raftlog=Memoized:s1@group-5362E9D8806E-SegmentedRaftLog:OPENED:c-1:lastnull, conf=-1: peers:[s3|localhost:15012, s4|localhost:15016, s0|localhost:15000, s1|localhost:15004, s2|localhost:15008]|listeners:[], old=null
2024-02-20 17:17:45,901 [grpc-default-executor-5] INFO  server.RaftServer$Division (RaftServerImpl.java:requestVote(1387)) - s1@group-5362E9D8806E: receive requestVote(ELECTION, s2, group-5362E9D8806E, 1, (t:0, i:0))
2024-02-20 17:17:45,901 [grpc-default-executor-5] INFO  impl.VoteContext (VoteContext.java:log(49)) - s1@group-5362E9D8806E-FOLLOWER: reject ELECTION from s2: already has voted for s3 at current term 1
2024-02-20 17:17:45,902 [grpc-default-executor-9] INFO  server.RaftServer$Division (RaftServerImpl.java:requestVote(1387)) - s0@group-5362E9D8806E: receive requestVote(PRE_VOTE, s1, group-5362E9D8806E, 0, (t:0, i:0))
2024-02-20 17:17:45,902 [grpc-default-executor-5] INFO  server.RaftServer$Division (RaftServerImpl.java:requestVote(1420)) - s1@group-5362E9D8806E replies to ELECTION vote request: s2<-s1#0:FAIL-t1. Peer's state: s1@group-5362E9D8806E:t1, leader=null, voted=s3, raftlog=Memoized:s1@group-5362E9D8806E-SegmentedRaftLog:OPENED:c-1:lastnull, conf=-1: peers:[s3|localhost:15012, s4|localhost:15016, s0|localhost:15000, s1|localhost:15004, s2|localhost:15008]|listeners:[], old=null
2024-02-20 17:17:45,902 [grpc-default-executor-9] INFO  impl.VoteContext (VoteContext.java:log(49)) - s0@group-5362E9D8806E-CANDIDATE: accept PRE_VOTE from s1: our priority 0 <= candidate's priority 0
2024-02-20 17:17:45,902 [grpc-default-executor-9] INFO  server.RaftServer$Division (RaftServerImpl.java:requestVote(1420)) - s0@group-5362E9D8806E replies to PRE_VOTE vote request: s1<-s0#0:OK-t1. Peer's state: s0@group-5362E9D8806E:t1, leader=null, voted=s0, raftlog=Memoized:s0@group-5362E9D8806E-SegmentedRaftLog:OPENED:c-1:lastnull, conf=-1: peers:[s3|localhost:15012, s4|localhost:15016, s0|localhost:15000, s1|localhost:15004, s2|localhost:15008]|listeners:[], old=null
2024-02-20 17:17:45,902 [grpc-default-executor-11] INFO  server.RaftServer$Division (RaftServerImpl.java:requestVote(1387)) - s4@group-5362E9D8806E: receive requestVote(ELECTION, s3, group-5362E9D8806E, 1, (t:0, i:0))
2024-02-20 17:17:45,902 [grpc-default-executor-11] INFO  impl.VoteContext (VoteContext.java:log(49)) - s4@group-5362E9D8806E-CANDIDATE: reject ELECTION from s3: already has voted for s4 at current term 1
2024-02-20 17:17:45,903 [grpc-default-executor-1] INFO  server.RaftServer$Division (RaftServerImpl.java:requestVote(1387)) - s4@group-5362E9D8806E: receive requestVote(PRE_VOTE, s1, group-5362E9D8806E, 0, (t:0, i:0))
2024-02-20 17:17:45,903 [grpc-default-executor-11] INFO  server.RaftServer$Division (RaftServerImpl.java:requestVote(1420)) - s4@group-5362E9D8806E replies to ELECTION vote request: s3<-s4#0:FAIL-t1. Peer's state: s4@group-5362E9D8806E:t1, leader=null, voted=s4, raftlog=Memoized:s4@group-5362E9D8806E-SegmentedRaftLog:OPENED:c-1:lastnull, conf=-1: peers:[s3|localhost:15012, s4|localhost:15016, s0|localhost:15000, s1|localhost:15004, s2|localhost:15008]|listeners:[], old=null
2024-02-20 17:17:45,903 [grpc-default-executor-4] INFO  server.RaftServer$Division (RaftServerImpl.java:requestVote(1387)) - s0@group-5362E9D8806E: receive requestVote(ELECTION, s2, group-5362E9D8806E, 1, (t:0, i:0))
2024-02-20 17:17:45,903 [grpc-default-executor-4] INFO  impl.VoteContext (VoteContext.java:log(49)) - s0@group-5362E9D8806E-CANDIDATE: reject ELECTION from s2: already has voted for s0 at current term 1
2024-02-20 17:17:45,903 [grpc-default-executor-1] INFO  impl.VoteContext (VoteContext.java:log(49)) - s4@group-5362E9D8806E-CANDIDATE: accept PRE_VOTE from s1: our priority 0 <= candidate's priority 0
2024-02-20 17:17:45,903 [grpc-default-executor-4] INFO  server.RaftServer$Division (RaftServerImpl.java:requestVote(1420)) - s0@group-5362E9D8806E replies to ELECTION vote request: s2<-s0#0:FAIL-t1. Peer's state: s0@group-5362E9D8806E:t1, leader=null, voted=s0, raftlog=Memoized:s0@group-5362E9D8806E-SegmentedRaftLog:OPENED:c-1:lastnull, conf=-1: peers:[s3|localhost:15012, s4|localhost:15016, s0|localhost:15000, s1|localhost:15004, s2|localhost:15008]|listeners:[], old=null
2024-02-20 17:17:45,903 [grpc-default-executor-1] INFO  server.RaftServer$Division (RaftServerImpl.java:requestVote(1420)) - s4@group-5362E9D8806E replies to PRE_VOTE vote request: s1<-s4#0:OK-t1. Peer's state: s4@group-5362E9D8806E:t1, leader=null, voted=s4, raftlog=Memoized:s4@group-5362E9D8806E-SegmentedRaftLog:OPENED:c-1:lastnull, conf=-1: peers:[s3|localhost:15012, s4|localhost:15016, s0|localhost:15000, s1|localhost:15004, s2|localhost:15008]|listeners:[], old=null
2024-02-20 17:17:45,904 [grpc-default-executor-11] INFO  server.RaftServer$Division (RaftServerImpl.java:requestVote(1387)) - s0@group-5362E9D8806E: receive requestVote(ELECTION, s4, group-5362E9D8806E, 1, (t:0, i:0))
2024-02-20 17:17:45,904 [grpc-default-executor-11] INFO  impl.VoteContext (VoteContext.java:log(49)) - s0@group-5362E9D8806E-CANDIDATE: reject ELECTION from s4: already has voted for s0 at current term 1
2024-02-20 17:17:45,905 [grpc-default-executor-11] INFO  server.RaftServer$Division (RaftServerImpl.java:requestVote(1420)) - s0@group-5362E9D8806E replies to ELECTION vote request: s4<-s0#0:FAIL-t1. Peer's state: s0@group-5362E9D8806E:t1, leader=null, voted=s0, raftlog=Memoized:s0@group-5362E9D8806E-SegmentedRaftLog:OPENED:c-1:lastnull, conf=-1: peers:[s3|localhost:15012, s4|localhost:15016, s0|localhost:15000, s1|localhost:15004, s2|localhost:15008]|listeners:[], old=null
2024-02-20 17:17:45,905 [grpc-default-executor-4] INFO  server.RaftServer$Division (RaftServerImpl.java:requestVote(1387)) - s4@group-5362E9D8806E: receive requestVote(ELECTION, s0, group-5362E9D8806E, 1, (t:0, i:0))
2024-02-20 17:17:45,905 [grpc-default-executor-4] INFO  impl.VoteContext (VoteContext.java:log(49)) - s4@group-5362E9D8806E-CANDIDATE: reject ELECTION from s0: already has voted for s4 at current term 1
2024-02-20 17:17:45,905 [grpc-default-executor-4] INFO  server.RaftServer$Division (RaftServerImpl.java:requestVote(1420)) - s4@group-5362E9D8806E replies to ELECTION vote request: s0<-s4#0:FAIL-t1. Peer's state: s4@group-5362E9D8806E:t1, leader=null, voted=s4, raftlog=Memoized:s4@group-5362E9D8806E-SegmentedRaftLog:OPENED:c-1:lastnull, conf=-1: peers:[s3|localhost:15012, s4|localhost:15016, s0|localhost:15000, s1|localhost:15004, s2|localhost:15008]|listeners:[], old=null
2024-02-20 17:17:45,908 [grpc-default-executor-1] INFO  server.RaftServer$Division (RaftServerImpl.java:requestVote(1387)) - s2@group-5362E9D8806E: receive requestVote(ELECTION, s0, group-5362E9D8806E, 1, (t:0, i:0))
2024-02-20 17:17:45,908 [grpc-default-executor-1] INFO  impl.VoteContext (VoteContext.java:log(49)) - s2@group-5362E9D8806E-CANDIDATE: reject ELECTION from s0: already has voted for s2 at current term 1
2024-02-20 17:17:45,908 [grpc-default-executor-1] INFO  server.RaftServer$Division (RaftServerImpl.java:requestVote(1420)) - s2@group-5362E9D8806E replies to ELECTION vote request: s0<-s2#0:FAIL-t1. Peer's state: s2@group-5362E9D8806E:t1, leader=null, voted=s2, raftlog=Memoized:s2@group-5362E9D8806E-SegmentedRaftLog:OPENED:c-1:lastnull, conf=-1: peers:[s3|localhost:15012, s4|localhost:15016, s0|localhost:15000, s1|localhost:15004, s2|localhost:15008]|listeners:[], old=null
2024-02-20 17:17:45,913 [grpc-default-executor-5] INFO  server.RaftServer$Division (RaftServerImpl.java:requestVote(1387)) - s2@group-5362E9D8806E: receive requestVote(ELECTION, s4, group-5362E9D8806E, 1, (t:0, i:0))
2024-02-20 17:17:45,913 [grpc-default-executor-5] INFO  impl.VoteContext (VoteContext.java:log(49)) - s2@group-5362E9D8806E-CANDIDATE: reject ELECTION from s4: already has voted for s2 at current term 1
2024-02-20 17:17:45,913 [grpc-default-executor-5] INFO  server.RaftServer$Division (RaftServerImpl.java:requestVote(1420)) - s2@group-5362E9D8806E replies to ELECTION vote request: s4<-s2#0:FAIL-t1. Peer's state: s2@group-5362E9D8806E:t1, leader=null, voted=s2, raftlog=Memoized:s2@group-5362E9D8806E-SegmentedRaftLog:OPENED:c-1:lastnull, conf=-1: peers:[s3|localhost:15012, s4|localhost:15016, s0|localhost:15000, s1|localhost:15004, s2|localhost:15008]|listeners:[], old=null
2024-02-20 17:17:45,913 [grpc-default-executor-9] INFO  server.RaftServer$Division (RaftServerImpl.java:requestVote(1387)) - s1@group-5362E9D8806E: receive requestVote(ELECTION, s4, group-5362E9D8806E, 1, (t:0, i:0))
2024-02-20 17:17:45,914 [grpc-default-executor-9] INFO  impl.VoteContext (VoteContext.java:log(49)) - s1@group-5362E9D8806E-FOLLOWER: reject ELECTION from s4: already has voted for s3 at current term 1
2024-02-20 17:17:45,914 [grpc-default-executor-9] INFO  server.RaftServer$Division (RaftServerImpl.java:requestVote(1420)) - s1@group-5362E9D8806E replies to ELECTION vote request: s4<-s1#0:FAIL-t1. Peer's state: s1@group-5362E9D8806E:t1, leader=null, voted=s3, raftlog=Memoized:s1@group-5362E9D8806E-SegmentedRaftLog:OPENED:c-1:lastnull, conf=-1: peers:[s3|localhost:15012, s4|localhost:15016, s0|localhost:15000, s1|localhost:15004, s2|localhost:15008]|listeners:[], old=null
2024-02-20 17:17:45,913 [s2@group-5362E9D8806E-LeaderElection1] INFO  impl.LeaderElection (LeaderElection.java:logAndReturn(89)) - s2@group-5362E9D8806E-LeaderElection1: ELECTION REJECTED received 3 response(s) and 0 exception(s):
2024-02-20 17:17:45,914 [s2@group-5362E9D8806E-LeaderElection1] INFO  impl.LeaderElection (LeaderElection.java:logAndReturn(93)) -   Response 0: s2<-s3#0:FAIL-t1
2024-02-20 17:17:45,915 [s2@group-5362E9D8806E-LeaderElection1] INFO  impl.LeaderElection (LeaderElection.java:logAndReturn(93)) -   Response 1: s2<-s4#0:FAIL-t1
2024-02-20 17:17:45,915 [s2@group-5362E9D8806E-LeaderElection1] INFO  impl.LeaderElection (LeaderElection.java:logAndReturn(93)) -   Response 2: s2<-s1#0:FAIL-t1
2024-02-20 17:17:45,915 [s2@group-5362E9D8806E-LeaderElection1] INFO  impl.LeaderElection (LeaderElection.java:askForVotes(323)) - s2@group-5362E9D8806E-LeaderElection1 ELECTION round 0: result REJECTED
2024-02-20 17:17:45,915 [s2@group-5362E9D8806E-LeaderElection1] INFO  server.RaftServer$Division (RaftServerImpl.java:setRole(375)) - s2@group-5362E9D8806E: changes role from CANDIDATE to FOLLOWER at term 1 for REJECTED
2024-02-20 17:17:45,915 [s2@group-5362E9D8806E-LeaderElection1] INFO  impl.RoleInfo (RoleInfo.java:shutdownLeaderElection(139)) - s2: shutdown s2@group-5362E9D8806E-LeaderElection1
2024-02-20 17:17:45,915 [s2@group-5362E9D8806E-LeaderElection1] INFO  impl.RoleInfo (RoleInfo.java:updateAndGet(148)) - s2: start s2@group-5362E9D8806E-FollowerState
2024-02-20 17:17:45,913 [grpc-default-executor-4] INFO  server.RaftServer$Division (RaftServerImpl.java:requestVote(1387)) - s2@group-5362E9D8806E: receive requestVote(ELECTION, s3, group-5362E9D8806E, 1, (t:0, i:0))
2024-02-20 17:17:45,916 [s0@group-5362E9D8806E-LeaderElection2] INFO  impl.LeaderElection (LeaderElection.java:logAndReturn(89)) - s0@group-5362E9D8806E-LeaderElection2: ELECTION REJECTED received 3 response(s) and 0 exception(s):
2024-02-20 17:17:45,916 [s0@group-5362E9D8806E-LeaderElection2] INFO  impl.LeaderElection (LeaderElection.java:logAndReturn(93)) -   Response 0: s0<-s4#0:FAIL-t1
2024-02-20 17:17:45,916 [s0@group-5362E9D8806E-LeaderElection2] INFO  impl.LeaderElection (LeaderElection.java:logAndReturn(93)) -   Response 1: s0<-s1#0:FAIL-t1
2024-02-20 17:17:45,916 [s0@group-5362E9D8806E-LeaderElection2] INFO  impl.LeaderElection (LeaderElection.java:logAndReturn(93)) -   Response 2: s0<-s2#0:FAIL-t1
2024-02-20 17:17:45,917 [grpc-default-executor-9] INFO  server.RaftServer$Division (RaftServerImpl.java:requestVote(1387)) - s3@group-5362E9D8806E: receive requestVote(ELECTION, s0, group-5362E9D8806E, 1, (t:0, i:0))
2024-02-20 17:17:45,917 [grpc-default-executor-9] INFO  impl.VoteContext (VoteContext.java:log(49)) - s3@group-5362E9D8806E-CANDIDATE: reject ELECTION from s0: already has voted for s3 at current term 1
2024-02-20 17:17:45,917 [grpc-default-executor-9] INFO  server.RaftServer$Division (RaftServerImpl.java:requestVote(1420)) - s3@group-5362E9D8806E replies to ELECTION vote request: s0<-s3#0:FAIL-t1. Peer's state: s3@group-5362E9D8806E:t1, leader=null, voted=s3, raftlog=Memoized:s3@group-5362E9D8806E-SegmentedRaftLog:OPENED:c-1:lastnull, conf=-1: peers:[s3|localhost:15012, s4|localhost:15016, s0|localhost:15000, s1|localhost:15004, s2|localhost:15008]|listeners:[], old=null
2024-02-20 17:17:45,918 [s2@group-5362E9D8806E-LeaderElection1] INFO  server.RaftServer$Division (RaftServerImpl.java:setFirstElection(547)) - s2@group-5362E9D8806E: set firstElectionSinceStartup to false for REJECTED
2024-02-20 17:17:45,918 [s0@group-5362E9D8806E-LeaderElection2] INFO  impl.LeaderElection (LeaderElection.java:askForVotes(323)) - s0@group-5362E9D8806E-LeaderElection2 ELECTION round 0: result REJECTED
2024-02-20 17:17:45,919 [s0@group-5362E9D8806E-LeaderElection2] INFO  server.RaftServer$Division (RaftServerImpl.java:setRole(375)) - s0@group-5362E9D8806E: changes role from CANDIDATE to FOLLOWER at term 1 for REJECTED
2024-02-20 17:17:45,919 [s0@group-5362E9D8806E-LeaderElection2] INFO  impl.RoleInfo (RoleInfo.java:shutdownLeaderElection(139)) - s0: shutdown s0@group-5362E9D8806E-LeaderElection2
2024-02-20 17:17:45,919 [s0@group-5362E9D8806E-LeaderElection2] INFO  impl.RoleInfo (RoleInfo.java:updateAndGet(148)) - s0: start s0@group-5362E9D8806E-FollowerState
2024-02-20 17:17:45,919 [grpc-default-executor-4] INFO  impl.VoteContext (VoteContext.java:log(49)) - s2@group-5362E9D8806E-FOLLOWER: reject ELECTION from s3: already has voted for s2 at current term 1
2024-02-20 17:17:45,919 [grpc-default-executor-4] INFO  server.RaftServer$Division (RaftServerImpl.java:requestVote(1420)) - s2@group-5362E9D8806E replies to ELECTION vote request: s3<-s2#0:FAIL-t1. Peer's state: s2@group-5362E9D8806E:t1, leader=null, voted=s2, raftlog=Memoized:s2@group-5362E9D8806E-SegmentedRaftLog:OPENED:c-1:lastnull, conf=-1: peers:[s3|localhost:15012, s4|localhost:15016, s0|localhost:15000, s1|localhost:15004, s2|localhost:15008]|listeners:[], old=null
2024-02-20 17:17:45,919 [s0@group-5362E9D8806E-LeaderElection2] INFO  server.RaftServer$Division (RaftServerImpl.java:setFirstElection(547)) - s0@group-5362E9D8806E: set firstElectionSinceStartup to false for REJECTED
2024-02-20 17:17:45,922 [s4@group-5362E9D8806E-LeaderElection4] INFO  impl.LeaderElection (LeaderElection.java:logAndReturn(89)) - s4@group-5362E9D8806E-LeaderElection4: ELECTION REJECTED received 3 response(s) and 0 exception(s):
2024-02-20 17:17:45,922 [s4@group-5362E9D8806E-LeaderElection4] INFO  impl.LeaderElection (LeaderElection.java:logAndReturn(93)) -   Response 0: s4<-s3#0:FAIL-t1
2024-02-20 17:17:45,922 [s4@group-5362E9D8806E-LeaderElection4] INFO  impl.LeaderElection (LeaderElection.java:logAndReturn(93)) -   Response 1: s4<-s0#0:FAIL-t1
2024-02-20 17:17:45,922 [s4@group-5362E9D8806E-LeaderElection4] INFO  impl.LeaderElection (LeaderElection.java:logAndReturn(93)) -   Response 2: s4<-s2#0:FAIL-t1
2024-02-20 17:17:45,923 [s4@group-5362E9D8806E-LeaderElection4] INFO  impl.LeaderElection (LeaderElection.java:askForVotes(323)) - s4@group-5362E9D8806E-LeaderElection4 ELECTION round 0: result REJECTED
2024-02-20 17:17:45,923 [s4@group-5362E9D8806E-LeaderElection4] INFO  server.RaftServer$Division (RaftServerImpl.java:setRole(375)) - s4@group-5362E9D8806E: changes role from CANDIDATE to FOLLOWER at term 1 for REJECTED
2024-02-20 17:17:45,923 [s4@group-5362E9D8806E-LeaderElection4] INFO  impl.RoleInfo (RoleInfo.java:shutdownLeaderElection(139)) - s4: shutdown s4@group-5362E9D8806E-LeaderElection4
2024-02-20 17:17:45,923 [s4@group-5362E9D8806E-LeaderElection4] INFO  impl.RoleInfo (RoleInfo.java:updateAndGet(148)) - s4: start s4@group-5362E9D8806E-FollowerState
2024-02-20 17:17:45,924 [s4@group-5362E9D8806E-LeaderElection4] INFO  server.RaftServer$Division (RaftServerImpl.java:setFirstElection(547)) - s4@group-5362E9D8806E: set firstElectionSinceStartup to false for REJECTED
2024-02-20 17:17:45,926 [s3@group-5362E9D8806E-LeaderElection3] INFO  impl.LeaderElection (LeaderElection.java:logAndReturn(89)) - s3@group-5362E9D8806E-LeaderElection3: ELECTION REJECTED received 4 response(s) and 0 exception(s):
2024-02-20 17:17:45,926 [s3@group-5362E9D8806E-LeaderElection3] INFO  impl.LeaderElection (LeaderElection.java:logAndReturn(93)) -   Response 0: s3<-s4#0:FAIL-t1
2024-02-20 17:17:45,926 [s3@group-5362E9D8806E-LeaderElection3] INFO  impl.LeaderElection (LeaderElection.java:logAndReturn(93)) -   Response 1: s3<-s0#0:FAIL-t1
2024-02-20 17:17:45,926 [s3@group-5362E9D8806E-LeaderElection3] INFO  impl.LeaderElection (LeaderElection.java:logAndReturn(93)) -   Response 2: s3<-s1#0:OK-t1
2024-02-20 17:17:45,926 [s3@group-5362E9D8806E-LeaderElection3] INFO  impl.LeaderElection (LeaderElection.java:logAndReturn(93)) -   Response 3: s3<-s2#0:FAIL-t1
2024-02-20 17:17:45,926 [s3@group-5362E9D8806E-LeaderElection3] INFO  impl.LeaderElection (LeaderElection.java:askForVotes(323)) - s3@group-5362E9D8806E-LeaderElection3 ELECTION round 0: result REJECTED
2024-02-20 17:17:45,926 [s3@group-5362E9D8806E-LeaderElection3] INFO  server.RaftServer$Division (RaftServerImpl.java:setRole(375)) - s3@group-5362E9D8806E: changes role from CANDIDATE to FOLLOWER at term 1 for REJECTED
2024-02-20 17:17:45,926 [s3@group-5362E9D8806E-LeaderElection3] INFO  impl.RoleInfo (RoleInfo.java:shutdownLeaderElection(139)) - s3: shutdown s3@group-5362E9D8806E-LeaderElection3
2024-02-20 17:17:45,926 [s3@group-5362E9D8806E-LeaderElection3] INFO  impl.RoleInfo (RoleInfo.java:updateAndGet(148)) - s3: start s3@group-5362E9D8806E-FollowerState
2024-02-20 17:17:45,926 [s3@group-5362E9D8806E-LeaderElection3] INFO  server.RaftServer$Division (RaftServerImpl.java:setFirstElection(547)) - s3@group-5362E9D8806E: set firstElectionSinceStartup to false for REJECTED
2024-02-20 17:17:49,177 [s2@group-5362E9D8806E-FollowerState] INFO  impl.FollowerState (FollowerState.java:run(143)) - s2@group-5362E9D8806E-FollowerState: change to CANDIDATE, lastRpcElapsedTime:3262158608ns, electionTimeout:3257ms
2024-02-20 17:17:49,178 [s2@group-5362E9D8806E-FollowerState] INFO  impl.RoleInfo (RoleInfo.java:shutdownFollowerState(119)) - s2: shutdown s2@group-5362E9D8806E-FollowerState
2024-02-20 17:17:49,178 [s2@group-5362E9D8806E-FollowerState] INFO  server.RaftServer$Division (RaftServerImpl.java:setRole(375)) - s2@group-5362E9D8806E: changes role from  FOLLOWER to CANDIDATE at term 1 for changeToCandidate
2024-02-20 17:17:49,178 [s2@group-5362E9D8806E-FollowerState] INFO  impl.RoleInfo (RoleInfo.java:updateAndGet(148)) - s2: start s2@group-5362E9D8806E-LeaderElection6
2024-02-20 17:17:49,178 [s2@group-5362E9D8806E-LeaderElection6] INFO  impl.LeaderElection (LeaderElection.java:askForVotes(321)) - s2@group-5362E9D8806E-LeaderElection6 PRE_VOTE round 0: submit vote requests at term 1 for -1: peers:[s3|localhost:15012, s4|localhost:15016, s0|localhost:15000, s1|localhost:15004, s2|localhost:15008]|listeners:[], old=null
2024-02-20 17:17:49,187 [grpc-default-executor-9] INFO  server.RaftServer$Division (RaftServerImpl.java:requestVote(1387)) - s3@group-5362E9D8806E: receive requestVote(PRE_VOTE, s2, group-5362E9D8806E, 1, (t:0, i:0))
2024-02-20 17:17:49,187 [grpc-default-executor-4] INFO  server.RaftServer$Division (RaftServerImpl.java:requestVote(1387)) - s0@group-5362E9D8806E: receive requestVote(PRE_VOTE, s2, group-5362E9D8806E, 1, (t:0, i:0))
2024-02-20 17:17:49,187 [grpc-default-executor-9] INFO  impl.VoteContext (VoteContext.java:log(49)) - s3@group-5362E9D8806E-FOLLOWER: accept PRE_VOTE from s2: our priority 0 <= candidate's priority 0
2024-02-20 17:17:49,187 [grpc-default-executor-1] INFO  server.RaftServer$Division (RaftServerImpl.java:requestVote(1387)) - s1@group-5362E9D8806E: receive requestVote(PRE_VOTE, s2, group-5362E9D8806E, 1, (t:0, i:0))
2024-02-20 17:17:49,187 [grpc-default-executor-4] INFO  impl.VoteContext (VoteContext.java:log(49)) - s0@group-5362E9D8806E-FOLLOWER: accept PRE_VOTE from s2: our priority 0 <= candidate's priority 0
2024-02-20 17:17:49,187 [grpc-default-executor-5] INFO  server.RaftServer$Division (RaftServerImpl.java:requestVote(1387)) - s4@group-5362E9D8806E: receive requestVote(PRE_VOTE, s2, group-5362E9D8806E, 1, (t:0, i:0))
2024-02-20 17:17:49,188 [grpc-default-executor-4] INFO  server.RaftServer$Division (RaftServerImpl.java:requestVote(1420)) - s0@group-5362E9D8806E replies to PRE_VOTE vote request: s2<-s0#0:OK-t1. Peer's state: s0@group-5362E9D8806E:t1, leader=null, voted=s0, raftlog=Memoized:s0@group-5362E9D8806E-SegmentedRaftLog:OPENED:c-1:lastnull, conf=-1: peers:[s3|localhost:15012, s4|localhost:15016, s0|localhost:15000, s1|localhost:15004, s2|localhost:15008]|listeners:[], old=null
2024-02-20 17:17:49,188 [grpc-default-executor-1] INFO  impl.VoteContext (VoteContext.java:log(49)) - s1@group-5362E9D8806E-FOLLOWER: accept PRE_VOTE from s2: our priority 0 <= candidate's priority 0
2024-02-20 17:17:49,188 [grpc-default-executor-5] INFO  impl.VoteContext (VoteContext.java:log(49)) - s4@group-5362E9D8806E-FOLLOWER: accept PRE_VOTE from s2: our priority 0 <= candidate's priority 0
2024-02-20 17:17:49,188 [grpc-default-executor-1] INFO  server.RaftServer$Division (RaftServerImpl.java:requestVote(1420)) - s1@group-5362E9D8806E replies to PRE_VOTE vote request: s2<-s1#0:OK-t1. Peer's state: s1@group-5362E9D8806E:t1, leader=null, voted=s3, raftlog=Memoized:s1@group-5362E9D8806E-SegmentedRaftLog:OPENED:c-1:lastnull, conf=-1: peers:[s3|localhost:15012, s4|localhost:15016, s0|localhost:15000, s1|localhost:15004, s2|localhost:15008]|listeners:[], old=null
2024-02-20 17:17:49,188 [grpc-default-executor-9] INFO  server.RaftServer$Division (RaftServerImpl.java:requestVote(1420)) - s3@group-5362E9D8806E replies to PRE_VOTE vote request: s2<-s3#0:OK-t1. Peer's state: s3@group-5362E9D8806E:t1, leader=null, voted=s3, raftlog=Memoized:s3@group-5362E9D8806E-SegmentedRaftLog:OPENED:c-1:lastnull, conf=-1: peers:[s3|localhost:15012, s4|localhost:15016, s0|localhost:15000, s1|localhost:15004, s2|localhost:15008]|listeners:[], old=null
2024-02-20 17:17:49,188 [grpc-default-executor-5] INFO  server.RaftServer$Division (RaftServerImpl.java:requestVote(1420)) - s4@group-5362E9D8806E replies to PRE_VOTE vote request: s2<-s4#0:OK-t1. Peer's state: s4@group-5362E9D8806E:t1, leader=null, voted=s4, raftlog=Memoized:s4@group-5362E9D8806E-SegmentedRaftLog:OPENED:c-1:lastnull, conf=-1: peers:[s3|localhost:15012, s4|localhost:15016, s0|localhost:15000, s1|localhost:15004, s2|localhost:15008]|listeners:[], old=null
2024-02-20 17:17:49,196 [s2@group-5362E9D8806E-LeaderElection6] INFO  impl.LeaderElection (LeaderElection.java:logAndReturn(89)) - s2@group-5362E9D8806E-LeaderElection6: PRE_VOTE PASSED received 2 response(s) and 0 exception(s):
2024-02-20 17:17:49,196 [s2@group-5362E9D8806E-LeaderElection6] INFO  impl.LeaderElection (LeaderElection.java:logAndReturn(93)) -   Response 0: s2<-s0#0:OK-t1
2024-02-20 17:17:49,196 [s2@group-5362E9D8806E-LeaderElection6] INFO  impl.LeaderElection (LeaderElection.java:logAndReturn(93)) -   Response 1: s2<-s1#0:OK-t1
2024-02-20 17:17:49,196 [s2@group-5362E9D8806E-LeaderElection6] INFO  impl.LeaderElection (LeaderElection.java:askForVotes(323)) - s2@group-5362E9D8806E-LeaderElection6 PRE_VOTE round 0: result PASSED
2024-02-20 17:17:49,197 [s2@group-5362E9D8806E-LeaderElection6] TRACE util.FileUtils (LogUtils.java:supplyAndLog(69)) - Successfully supplied FileChannel.open /home/runner/work/ratis/ratis/ratis-test/target/test/data/e6831fa0/MiniRaftClusterWithGrpc1c021b02/s2/23fc7c77-eda5-4742-9c62-5362e9d8806e/current/raft-meta.tmp with options [CREATE, WRITE]: sun.nio.ch.FileChannelImpl@4a360d8e
2024-02-20 17:17:49,198 [s2@group-5362E9D8806E-LeaderElection6] TRACE util.FileUtils (LogUtils.java:runAndLog(49)) - Successfully ran Atomic Files.move /home/runner/work/ratis/ratis/ratis-test/target/test/data/e6831fa0/MiniRaftClusterWithGrpc1c021b02/s2/23fc7c77-eda5-4742-9c62-5362e9d8806e/current/raft-meta.tmp to /home/runner/work/ratis/ratis/ratis-test/target/test/data/e6831fa0/MiniRaftClusterWithGrpc1c021b02/s2/23fc7c77-eda5-4742-9c62-5362e9d8806e/current/raft-meta with options [REPLACE_EXISTING]
2024-02-20 17:17:49,198 [s2@group-5362E9D8806E-LeaderElection6] INFO  impl.LeaderElection (LeaderElection.java:askForVotes(321)) - s2@group-5362E9D8806E-LeaderElection6 ELECTION round 0: submit vote requests at term 2 for -1: peers:[s3|localhost:15012, s4|localhost:15016, s0|localhost:15000, s1|localhost:15004, s2|localhost:15008]|listeners:[], old=null
2024-02-20 17:17:49,202 [grpc-default-executor-9] INFO  server.RaftServer$Division (RaftServerImpl.java:requestVote(1387)) - s0@group-5362E9D8806E: receive requestVote(ELECTION, s2, group-5362E9D8806E, 2, (t:0, i:0))
2024-02-20 17:17:49,203 [grpc-default-executor-9] INFO  impl.VoteContext (VoteContext.java:log(49)) - s0@group-5362E9D8806E-FOLLOWER: accept ELECTION from s2: our priority 0 <= candidate's priority 0
2024-02-20 17:17:49,203 [grpc-default-executor-9] INFO  server.RaftServer$Division (RaftServerImpl.java:setRole(375)) - s0@group-5362E9D8806E: changes role from  FOLLOWER to FOLLOWER at term 2 for candidate:s2
2024-02-20 17:17:49,203 [grpc-default-executor-9] INFO  impl.RoleInfo (RoleInfo.java:shutdownFollowerState(119)) - s0: shutdown s0@group-5362E9D8806E-FollowerState
2024-02-20 17:17:49,203 [grpc-default-executor-9] INFO  impl.RoleInfo (RoleInfo.java:updateAndGet(148)) - s0: start s0@group-5362E9D8806E-FollowerState
2024-02-20 17:17:49,204 [grpc-default-executor-5] INFO  server.RaftServer$Division (RaftServerImpl.java:requestVote(1387)) - s4@group-5362E9D8806E: receive requestVote(ELECTION, s2, group-5362E9D8806E, 2, (t:0, i:0))
2024-02-20 17:17:49,205 [grpc-default-executor-4] INFO  server.RaftServer$Division (RaftServerImpl.java:requestVote(1387)) - s1@group-5362E9D8806E: receive requestVote(ELECTION, s2, group-5362E9D8806E, 2, (t:0, i:0))
2024-02-20 17:17:49,205 [grpc-default-executor-5] INFO  impl.VoteContext (VoteContext.java:log(49)) - s4@group-5362E9D8806E-FOLLOWER: accept ELECTION from s2: our priority 0 <= candidate's priority 0
2024-02-20 17:17:49,205 [grpc-default-executor-9] TRACE util.FileUtils (LogUtils.java:supplyAndLog(69)) - Successfully supplied FileChannel.open /home/runner/work/ratis/ratis/ratis-test/target/test/data/e6831fa0/MiniRaftClusterWithGrpc1c021b02/s0/23fc7c77-eda5-4742-9c62-5362e9d8806e/current/raft-meta.tmp with options [CREATE, WRITE]: sun.nio.ch.FileChannelImpl@32386c83
2024-02-20 17:17:49,204 [s0@group-5362E9D8806E-FollowerState] INFO  impl.FollowerState (FollowerState.java:run(152)) - s0@group-5362E9D8806E-FollowerState was interrupted
2024-02-20 17:17:49,204 [grpc-default-executor-1] INFO  server.RaftServer$Division (RaftServerImpl.java:requestVote(1387)) - s3@group-5362E9D8806E: receive requestVote(ELECTION, s2, group-5362E9D8806E, 2, (t:0, i:0))
2024-02-20 17:17:49,206 [grpc-default-executor-1] INFO  impl.VoteContext (VoteContext.java:log(49)) - s3@group-5362E9D8806E-FOLLOWER: accept ELECTION from s2: our priority 0 <= candidate's priority 0
2024-02-20 17:17:49,206 [grpc-default-executor-1] INFO  server.RaftServer$Division (RaftServerImpl.java:setRole(375)) - s3@group-5362E9D8806E: changes role from  FOLLOWER to FOLLOWER at term 2 for candidate:s2
2024-02-20 17:17:49,206 [grpc-default-executor-1] INFO  impl.RoleInfo (RoleInfo.java:shutdownFollowerState(119)) - s3: shutdown s3@group-5362E9D8806E-FollowerState
2024-02-20 17:17:49,206 [s3@group-5362E9D8806E-FollowerState] INFO  impl.FollowerState (FollowerState.java:run(152)) - s3@group-5362E9D8806E-FollowerState was interrupted
2024-02-20 17:17:49,206 [grpc-default-executor-5] INFO  server.RaftServer$Division (RaftServerImpl.java:setRole(375)) - s4@group-5362E9D8806E: changes role from  FOLLOWER to FOLLOWER at term 2 for candidate:s2
2024-02-20 17:17:49,205 [grpc-default-executor-4] INFO  impl.VoteContext (VoteContext.java:log(49)) - s1@group-5362E9D8806E-FOLLOWER: accept ELECTION from s2: our priority 0 <= candidate's priority 0
2024-02-20 17:17:49,207 [grpc-default-executor-5] INFO  impl.RoleInfo (RoleInfo.java:shutdownFollowerState(119)) - s4: shutdown s4@group-5362E9D8806E-FollowerState
2024-02-20 17:17:49,206 [grpc-default-executor-1] INFO  impl.RoleInfo (RoleInfo.java:updateAndGet(148)) - s3: start s3@group-5362E9D8806E-FollowerState
2024-02-20 17:17:49,207 [s4@group-5362E9D8806E-FollowerState] INFO  impl.FollowerState (FollowerState.java:run(152)) - s4@group-5362E9D8806E-FollowerState was interrupted
2024-02-20 17:17:49,207 [grpc-default-executor-5] INFO  impl.RoleInfo (RoleInfo.java:updateAndGet(148)) - s4: start s4@group-5362E9D8806E-FollowerState
2024-02-20 17:17:49,207 [grpc-default-executor-9] TRACE util.FileUtils (LogUtils.java:runAndLog(49)) - Successfully ran Atomic Files.move /home/runner/work/ratis/ratis/ratis-test/target/test/data/e6831fa0/MiniRaftClusterWithGrpc1c021b02/s0/23fc7c77-eda5-4742-9c62-5362e9d8806e/current/raft-meta.tmp to /home/runner/work/ratis/ratis/ratis-test/target/test/data/e6831fa0/MiniRaftClusterWithGrpc1c021b02/s0/23fc7c77-eda5-4742-9c62-5362e9d8806e/current/raft-meta with options [REPLACE_EXISTING]
2024-02-20 17:17:49,207 [grpc-default-executor-4] INFO  server.RaftServer$Division (RaftServerImpl.java:setRole(375)) - s1@group-5362E9D8806E: changes role from  FOLLOWER to FOLLOWER at term 2 for candidate:s2
2024-02-20 17:17:49,207 [grpc-default-executor-5] TRACE util.FileUtils (LogUtils.java:supplyAndLog(69)) - Successfully supplied FileChannel.open /home/runner/work/ratis/ratis/ratis-test/target/test/data/e6831fa0/MiniRaftClusterWithGrpc1c021b02/s4/23fc7c77-eda5-4742-9c62-5362e9d8806e/current/raft-meta.tmp with options [CREATE, WRITE]: sun.nio.ch.FileChannelImpl@f015417
2024-02-20 17:17:49,207 [grpc-default-executor-1] TRACE util.FileUtils (LogUtils.java:supplyAndLog(69)) - Successfully supplied FileChannel.open /home/runner/work/ratis/ratis/ratis-test/target/test/data/e6831fa0/MiniRaftClusterWithGrpc1c021b02/s3/23fc7c77-eda5-4742-9c62-5362e9d8806e/current/raft-meta.tmp with options [CREATE, WRITE]: sun.nio.ch.FileChannelImpl@1c5379
2024-02-20 17:17:49,208 [grpc-default-executor-9] INFO  server.RaftServer$Division (RaftServerImpl.java:requestVote(1420)) - s0@group-5362E9D8806E replies to ELECTION vote request: s2<-s0#0:OK-t2. Peer's state: s0@group-5362E9D8806E:t2, leader=null, voted=s2, raftlog=Memoized:s0@group-5362E9D8806E-SegmentedRaftLog:OPENED:c-1:lastnull, conf=-1: peers:[s3|localhost:15012, s4|localhost:15016, s0|localhost:15000, s1|localhost:15004, s2|localhost:15008]|listeners:[], old=null
2024-02-20 17:17:49,208 [grpc-default-executor-4] INFO  impl.RoleInfo (RoleInfo.java:shutdownFollowerState(119)) - s1: shutdown s1@group-5362E9D8806E-FollowerState
2024-02-20 17:17:49,209 [grpc-default-executor-4] INFO  impl.RoleInfo (RoleInfo.java:updateAndGet(148)) - s1: start s1@group-5362E9D8806E-FollowerState
2024-02-20 17:17:49,209 [s1@group-5362E9D8806E-FollowerState] INFO  impl.FollowerState (FollowerState.java:run(152)) - s1@group-5362E9D8806E-FollowerState was interrupted
2024-02-20 17:17:49,209 [grpc-default-executor-5] TRACE util.FileUtils (LogUtils.java:runAndLog(49)) - Successfully ran Atomic Files.move /home/runner/work/ratis/ratis/ratis-test/target/test/data/e6831fa0/MiniRaftClusterWithGrpc1c021b02/s4/23fc7c77-eda5-4742-9c62-5362e9d8806e/current/raft-meta.tmp to /home/runner/work/ratis/ratis/ratis-test/target/test/data/e6831fa0/MiniRaftClusterWithGrpc1c021b02/s4/23fc7c77-eda5-4742-9c62-5362e9d8806e/current/raft-meta with options [REPLACE_EXISTING]
2024-02-20 17:17:49,209 [grpc-default-executor-4] TRACE util.FileUtils (LogUtils.java:supplyAndLog(69)) - Successfully supplied FileChannel.open /home/runner/work/ratis/ratis/ratis-test/target/test/data/e6831fa0/MiniRaftClusterWithGrpc1c021b02/s1/23fc7c77-eda5-4742-9c62-5362e9d8806e/current/raft-meta.tmp with options [CREATE, WRITE]: sun.nio.ch.FileChannelImpl@3a293b07
2024-02-20 17:17:49,209 [grpc-default-executor-5] INFO  server.RaftServer$Division (RaftServerImpl.java:requestVote(1420)) - s4@group-5362E9D8806E replies to ELECTION vote request: s2<-s4#0:OK-t2. Peer's state: s4@group-5362E9D8806E:t2, leader=null, voted=s2, raftlog=Memoized:s4@group-5362E9D8806E-SegmentedRaftLog:OPENED:c-1:lastnull, conf=-1: peers:[s3|localhost:15012, s4|localhost:15016, s0|localhost:15000, s1|localhost:15004, s2|localhost:15008]|listeners:[], old=null
2024-02-20 17:17:49,209 [grpc-default-executor-1] TRACE util.FileUtils (LogUtils.java:runAndLog(49)) - Successfully ran Atomic Files.move /home/runner/work/ratis/ratis/ratis-test/target/test/data/e6831fa0/MiniRaftClusterWithGrpc1c021b02/s3/23fc7c77-eda5-4742-9c62-5362e9d8806e/current/raft-meta.tmp to /home/runner/work/ratis/ratis/ratis-test/target/test/data/e6831fa0/MiniRaftClusterWithGrpc1c021b02/s3/23fc7c77-eda5-4742-9c62-5362e9d8806e/current/raft-meta with options [REPLACE_EXISTING]
2024-02-20 17:17:49,210 [grpc-default-executor-1] INFO  server.RaftServer$Division (RaftServerImpl.java:requestVote(1420)) - s3@group-5362E9D8806E replies to ELECTION vote request: s2<-s3#0:OK-t2. Peer's state: s3@group-5362E9D8806E:t2, leader=null, voted=s2, raftlog=Memoized:s3@group-5362E9D8806E-SegmentedRaftLog:OPENED:c-1:lastnull, conf=-1: peers:[s3|localhost:15012, s4|localhost:15016, s0|localhost:15000, s1|localhost:15004, s2|localhost:15008]|listeners:[], old=null
2024-02-20 17:17:49,211 [grpc-default-executor-4] TRACE util.FileUtils (LogUtils.java:runAndLog(49)) - Successfully ran Atomic Files.move /home/runner/work/ratis/ratis/ratis-test/target/test/data/e6831fa0/MiniRaftClusterWithGrpc1c021b02/s1/23fc7c77-eda5-4742-9c62-5362e9d8806e/current/raft-meta.tmp to /home/runner/work/ratis/ratis/ratis-test/target/test/data/e6831fa0/MiniRaftClusterWithGrpc1c021b02/s1/23fc7c77-eda5-4742-9c62-5362e9d8806e/current/raft-meta with options [REPLACE_EXISTING]
2024-02-20 17:17:49,211 [grpc-default-executor-4] INFO  server.RaftServer$Division (RaftServerImpl.java:requestVote(1420)) - s1@group-5362E9D8806E replies to ELECTION vote request: s2<-s1#0:OK-t2. Peer's state: s1@group-5362E9D8806E:t2, leader=null, voted=s2, raftlog=Memoized:s1@group-5362E9D8806E-SegmentedRaftLog:OPENED:c-1:lastnull, conf=-1: peers:[s3|localhost:15012, s4|localhost:15016, s0|localhost:15000, s1|localhost:15004, s2|localhost:15008]|listeners:[], old=null
2024-02-20 17:17:49,212 [s2@group-5362E9D8806E-LeaderElection6] INFO  impl.LeaderElection (LeaderElection.java:logAndReturn(89)) - s2@group-5362E9D8806E-LeaderElection6: ELECTION PASSED received 2 response(s) and 0 exception(s):
2024-02-20 17:17:49,212 [s2@group-5362E9D8806E-LeaderElection6] INFO  impl.LeaderElection (LeaderElection.java:logAndReturn(93)) -   Response 0: s2<-s4#0:OK-t2
2024-02-20 17:17:49,212 [s2@group-5362E9D8806E-LeaderElection6] INFO  impl.LeaderElection (LeaderElection.java:logAndReturn(93)) -   Response 1: s2<-s0#0:OK-t2
2024-02-20 17:17:49,212 [s2@group-5362E9D8806E-LeaderElection6] INFO  impl.LeaderElection (LeaderElection.java:askForVotes(323)) - s2@group-5362E9D8806E-LeaderElection6 ELECTION round 0: result PASSED
2024-02-20 17:17:49,212 [s2@group-5362E9D8806E-LeaderElection6] INFO  impl.RoleInfo (RoleInfo.java:shutdownLeaderElection(139)) - s2: shutdown s2@group-5362E9D8806E-LeaderElection6
2024-02-20 17:17:49,213 [s2@group-5362E9D8806E-LeaderElection6] INFO  server.RaftServer$Division (RaftServerImpl.java:setRole(375)) - s2@group-5362E9D8806E: changes role from CANDIDATE to LEADER at term 2 for changeToLeader
2024-02-20 17:17:49,256 [s2@group-5362E9D8806E-LeaderElection6] INFO  grpc.GrpcConfigKeys (ConfUtils.java:logGet(46)) - raft.grpc.server.leader.outstanding.appends.max = 8 (default)
2024-02-20 17:17:49,256 [s2@group-5362E9D8806E-LeaderElection6] INFO  grpc.GrpcConfigKeys (ConfUtils.java:logGet(46)) - raft.grpc.server.install_snapshot.request.element-limit = 8 (default)
2024-02-20 17:17:49,256 [s2@group-5362E9D8806E-LeaderElection6] INFO  grpc.GrpcConfigKeys (ConfUtils.java:logGet(46)) - raft.grpc.server.install_snapshot.request.timeout = 3000ms (default)
2024-02-20 17:17:49,256 [s2@group-5362E9D8806E-LeaderElection6] INFO  grpc.GrpcConfigKeys (ConfUtils.java:logGet(46)) - raft.grpc.server.log-message.batch.duration = 5s (default)
2024-02-20 17:17:49,256 [s2@group-5362E9D8806E-LeaderElection6] INFO  grpc.GrpcConfigKeys (ConfUtils.java:logGet(46)) - raft.grpc.server.heartbeat.channel = true (default)
2024-02-20 17:17:49,262 [s2@group-5362E9D8806E-LeaderElection6] INFO  grpc.GrpcConfigKeys (ConfUtils.java:logGet(46)) - raft.grpc.server.leader.outstanding.appends.max = 8 (default)
2024-02-20 17:17:49,262 [s2@group-5362E9D8806E-LeaderElection6] INFO  grpc.GrpcConfigKeys (ConfUtils.java:logGet(46)) - raft.grpc.server.install_snapshot.request.element-limit = 8 (default)
2024-02-20 17:17:49,262 [s2@group-5362E9D8806E-LeaderElection6] INFO  grpc.GrpcConfigKeys (ConfUtils.java:logGet(46)) - raft.grpc.server.install_snapshot.request.timeout = 3000ms (default)
2024-02-20 17:17:49,262 [s2@group-5362E9D8806E-LeaderElection6] INFO  grpc.GrpcConfigKeys (ConfUtils.java:logGet(46)) - raft.grpc.server.log-message.batch.duration = 5s (default)
2024-02-20 17:17:49,262 [s2@group-5362E9D8806E-LeaderElection6] INFO  grpc.GrpcConfigKeys (ConfUtils.java:logGet(46)) - raft.grpc.server.heartbeat.channel = true (default)
2024-02-20 17:17:49,263 [s2@group-5362E9D8806E-LeaderElection6] INFO  grpc.GrpcConfigKeys (ConfUtils.java:logGet(46)) - raft.grpc.server.leader.outstanding.appends.max = 8 (default)
2024-02-20 17:17:49,263 [s2@group-5362E9D8806E-LeaderElection6] INFO  grpc.GrpcConfigKeys (ConfUtils.java:logGet(46)) - raft.grpc.server.install_snapshot.request.element-limit = 8 (default)
2024-02-20 17:17:49,263 [s2@group-5362E9D8806E-LeaderElection6] INFO  grpc.GrpcConfigKeys (ConfUtils.java:logGet(46)) - raft.grpc.server.install_snapshot.request.timeout = 3000ms (default)
2024-02-20 17:17:49,263 [s2@group-5362E9D8806E-LeaderElection6] INFO  grpc.GrpcConfigKeys (ConfUtils.java:logGet(46)) - raft.grpc.server.log-message.batch.duration = 5s (default)
2024-02-20 17:17:49,263 [s2@group-5362E9D8806E-LeaderElection6] INFO  grpc.GrpcConfigKeys (ConfUtils.java:logGet(46)) - raft.grpc.server.heartbeat.channel = true (default)
2024-02-20 17:17:49,264 [s2@group-5362E9D8806E-LeaderElection6] INFO  grpc.GrpcConfigKeys (ConfUtils.java:logGet(46)) - raft.grpc.server.leader.outstanding.appends.max = 8 (default)
2024-02-20 17:17:49,264 [s2@group-5362E9D8806E-LeaderElection6] INFO  grpc.GrpcConfigKeys (ConfUtils.java:logGet(46)) - raft.grpc.server.install_snapshot.request.element-limit = 8 (default)
2024-02-20 17:17:49,264 [s2@group-5362E9D8806E-LeaderElection6] INFO  grpc.GrpcConfigKeys (ConfUtils.java:logGet(46)) - raft.grpc.server.install_snapshot.request.timeout = 3000ms (default)
2024-02-20 17:17:49,264 [s2@group-5362E9D8806E-LeaderElection6] INFO  grpc.GrpcConfigKeys (ConfUtils.java:logGet(46)) - raft.grpc.server.log-message.batch.duration = 5s (default)
2024-02-20 17:17:49,264 [s2@group-5362E9D8806E-LeaderElection6] INFO  grpc.GrpcConfigKeys (ConfUtils.java:logGet(46)) - raft.grpc.server.heartbeat.channel = true (default)
2024-02-20 17:17:49,266 [s2@group-5362E9D8806E-LeaderElection6] INFO  impl.RoleInfo (RoleInfo.java:updateAndGet(148)) - s2: start s2@group-5362E9D8806E-LeaderStateImpl
2024-02-20 17:17:49,266 [s2@group-5362E9D8806E-LeaderElection6] INFO  server.RaftServer$Division (ServerState.java:setLeader(269)) - s2@group-5362E9D8806E: change Leader from null to s2 at term 2 for becomeLeader, leader elected after 5511ms
2024-02-20 17:17:49,326 [s2@group-5362E9D8806E-LeaderElection6] INFO  util.LeakDetector (LeakDetector.java:start(72)) - Starting leak detector thread SIMPLE0.
2024-02-20 17:17:49,334 [s2@group-5362E9D8806E-LeaderElection6] INFO  segmented.SegmentedRaftLogWorker (SegmentedRaftLogWorker.java:startLogSegment(430)) - s2@group-5362E9D8806E-SegmentedRaftLogWorker: Starting segment from index:0
2024-02-20 17:17:49,347 [s2@group-5362E9D8806E-LeaderElection6] INFO  server.RaftServer$Division (ServerState.java:setRaftConf(383)) - s2@group-5362E9D8806E: set configuration 0: peers:[s3|localhost:15012, s4|localhost:15016, s0|localhost:15000, s1|localhost:15004, s2|localhost:15008]|listeners:[], old=null
2024-02-20 17:17:49,371 [s2@group-5362E9D8806E-SegmentedRaftLogWorker] INFO  segmented.BufferedWriteChannel (BufferedWriteChannel.java:open(61)) - open log_inprogress_0 at position 0
2024-02-20 17:17:49,386 [s2@group-5362E9D8806E-SegmentedRaftLogWorker] INFO  segmented.SegmentedRaftLogWorker (SegmentedRaftLogWorker.java:execute(638)) - s2@group-5362E9D8806E-SegmentedRaftLogWorker: created new log segment /home/runner/work/ratis/ratis/ratis-test/target/test/data/e6831fa0/MiniRaftClusterWithGrpc1c021b02/s2/23fc7c77-eda5-4742-9c62-5362e9d8806e/current/log_inprogress_0
2024-02-20 17:17:49,429 [s0-server-thread1] INFO  server.RaftServer$Division (ServerState.java:setLeader(269)) - s0@group-5362E9D8806E: change Leader from null to s2 at term 2 for appendEntries, leader elected after 5697ms
2024-02-20 17:17:49,430 [s3-server-thread1] INFO  server.RaftServer$Division (ServerState.java:setLeader(269)) - s3@group-5362E9D8806E: change Leader from null to s2 at term 2 for appendEntries, leader elected after 5698ms
2024-02-20 17:17:49,434 [s1-server-thread1] INFO  server.RaftServer$Division (ServerState.java:setLeader(269)) - s1@group-5362E9D8806E: change Leader from null to s2 at term 2 for appendEntries, leader elected after 5688ms
2024-02-20 17:17:49,439 [s4-server-thread1] INFO  server.RaftServer$Division (ServerState.java:setLeader(269)) - s4@group-5362E9D8806E: change Leader from null to s2 at term 2 for appendEntries, leader elected after 5707ms
2024-02-20 17:17:49,440 [s1-server-thread1] INFO  server.RaftServer$Division (ServerState.java:setRaftConf(383)) - s1@group-5362E9D8806E: set configuration 0: peers:[s3|localhost:15012, s4|localhost:15016, s0|localhost:15000, s1|localhost:15004, s2|localhost:15008]|listeners:[], old=null
2024-02-20 17:17:49,442 [s3-server-thread3] INFO  server.RaftServer$Division (ServerState.java:setRaftConf(383)) - s3@group-5362E9D8806E: set configuration 0: peers:[s3|localhost:15012, s4|localhost:15016, s0|localhost:15000, s1|localhost:15004, s2|localhost:15008]|listeners:[], old=null
2024-02-20 17:17:49,444 [s0-server-thread1] INFO  server.RaftServer$Division (ServerState.java:setRaftConf(383)) - s0@group-5362E9D8806E: set configuration 0: peers:[s3|localhost:15012, s4|localhost:15016, s0|localhost:15000, s1|localhost:15004, s2|localhost:15008]|listeners:[], old=null
2024-02-20 17:17:49,444 [s1-server-thread1] INFO  segmented.SegmentedRaftLogWorker (SegmentedRaftLogWorker.java:startLogSegment(430)) - s1@group-5362E9D8806E-SegmentedRaftLogWorker: Starting segment from index:0
2024-02-20 17:17:49,445 [s0-server-thread1] INFO  segmented.SegmentedRaftLogWorker (SegmentedRaftLogWorker.java:startLogSegment(430)) - s0@group-5362E9D8806E-SegmentedRaftLogWorker: Starting segment from index:0
2024-02-20 17:17:49,446 [s0@group-5362E9D8806E-SegmentedRaftLogWorker] INFO  segmented.BufferedWriteChannel (BufferedWriteChannel.java:open(61)) - open log_inprogress_0 at position 0
2024-02-20 17:17:49,446 [s4-server-thread3] INFO  server.RaftServer$Division (ServerState.java:setRaftConf(383)) - s4@group-5362E9D8806E: set configuration 0: peers:[s3|localhost:15012, s4|localhost:15016, s0|localhost:15000, s1|localhost:15004, s2|localhost:15008]|listeners:[], old=null
2024-02-20 17:17:49,446 [s3-server-thread3] INFO  segmented.SegmentedRaftLogWorker (SegmentedRaftLogWorker.java:startLogSegment(430)) - s3@group-5362E9D8806E-SegmentedRaftLogWorker: Starting segment from index:0
2024-02-20 17:17:49,447 [s4-server-thread3] INFO  segmented.SegmentedRaftLogWorker (SegmentedRaftLogWorker.java:startLogSegment(430)) - s4@group-5362E9D8806E-SegmentedRaftLogWorker: Starting segment from index:0
2024-02-20 17:17:49,447 [s1@group-5362E9D8806E-SegmentedRaftLogWorker] INFO  segmented.BufferedWriteChannel (BufferedWriteChannel.java:open(61)) - open log_inprogress_0 at position 0
2024-02-20 17:17:49,447 [s4@group-5362E9D8806E-SegmentedRaftLogWorker] INFO  segmented.BufferedWriteChannel (BufferedWriteChannel.java:open(61)) - open log_inprogress_0 at position 0
2024-02-20 17:17:49,447 [s3@group-5362E9D8806E-SegmentedRaftLogWorker] INFO  segmented.BufferedWriteChannel (BufferedWriteChannel.java:open(61)) - open log_inprogress_0 at position 0
2024-02-20 17:17:49,461 [s1@group-5362E9D8806E-SegmentedRaftLogWorker] INFO  segmented.SegmentedRaftLogWorker (SegmentedRaftLogWorker.java:execute(638)) - s1@group-5362E9D8806E-SegmentedRaftLogWorker: created new log segment /home/runner/work/ratis/ratis/ratis-test/target/test/data/e6831fa0/MiniRaftClusterWithGrpc1c021b02/s1/23fc7c77-eda5-4742-9c62-5362e9d8806e/current/log_inprogress_0
2024-02-20 17:17:49,461 [s4@group-5362E9D8806E-SegmentedRaftLogWorker] INFO  segmented.SegmentedRaftLogWorker (SegmentedRaftLogWorker.java:execute(638)) - s4@group-5362E9D8806E-SegmentedRaftLogWorker: created new log segment /home/runner/work/ratis/ratis/ratis-test/target/test/data/e6831fa0/MiniRaftClusterWithGrpc1c021b02/s4/23fc7c77-eda5-4742-9c62-5362e9d8806e/current/log_inprogress_0
2024-02-20 17:17:49,462 [s0@group-5362E9D8806E-SegmentedRaftLogWorker] INFO  segmented.SegmentedRaftLogWorker (SegmentedRaftLogWorker.java:execute(638)) - s0@group-5362E9D8806E-SegmentedRaftLogWorker: created new log segment /home/runner/work/ratis/ratis/ratis-test/target/test/data/e6831fa0/MiniRaftClusterWithGrpc1c021b02/s0/23fc7c77-eda5-4742-9c62-5362e9d8806e/current/log_inprogress_0
2024-02-20 17:17:49,466 [s3@group-5362E9D8806E-SegmentedRaftLogWorker] INFO  segmented.SegmentedRaftLogWorker (SegmentedRaftLogWorker.java:execute(638)) - s3@group-5362E9D8806E-SegmentedRaftLogWorker: created new log segment /home/runner/work/ratis/ratis/ratis-test/target/test/data/e6831fa0/MiniRaftClusterWithGrpc1c021b02/s3/23fc7c77-eda5-4742-9c62-5362e9d8806e/current/log_inprogress_0
2024-02-20 17:17:49,478 [s2@group-5362E9D8806E-StateMachineUpdater] TRACE util.FileUtils (LogUtils.java:supplyAndLog(69)) - Successfully supplied FileChannel.open /home/runner/work/ratis/ratis/ratis-test/target/test/data/e6831fa0/MiniRaftClusterWithGrpc1c021b02/s2/23fc7c77-eda5-4742-9c62-5362e9d8806e/current/raft-meta.conf.tmp with options [CREATE, WRITE]: sun.nio.ch.FileChannelImpl@3e2d2791
2024-02-20 17:17:49,481 [s2@group-5362E9D8806E-StateMachineUpdater] TRACE util.FileUtils (LogUtils.java:runAndLog(49)) - Successfully ran Atomic Files.move /home/runner/work/ratis/ratis/ratis-test/target/test/data/e6831fa0/MiniRaftClusterWithGrpc1c021b02/s2/23fc7c77-eda5-4742-9c62-5362e9d8806e/current/raft-meta.conf.tmp to /home/runner/work/ratis/ratis/ratis-test/target/test/data/e6831fa0/MiniRaftClusterWithGrpc1c021b02/s2/23fc7c77-eda5-4742-9c62-5362e9d8806e/current/raft-meta.conf with options [REPLACE_EXISTING]
2024-02-20 17:17:49,482 [s2@group-5362E9D8806E-StateMachineUpdater] INFO  server.RaftServer$Division (LeaderStateImpl.java:checkStartIndex(317)) - Leader s2@group-5362E9D8806E-LeaderStateImpl is ready since appliedIndex == startIndex == 0
2024-02-20 17:17:50,980 [s0@group-5362E9D8806E-StateMachineUpdater] TRACE util.FileUtils (LogUtils.java:supplyAndLog(69)) - Successfully supplied FileChannel.open /home/runner/work/ratis/ratis/ratis-test/target/test/data/e6831fa0/MiniRaftClusterWithGrpc1c021b02/s0/23fc7c77-eda5-4742-9c62-5362e9d8806e/current/raft-meta.conf.tmp with options [CREATE, WRITE]: sun.nio.ch.FileChannelImpl@165d07c9
2024-02-20 17:17:50,981 [s4@group-5362E9D8806E-StateMachineUpdater] TRACE util.FileUtils (LogUtils.java:supplyAndLog(69)) - Successfully supplied FileChannel.open /home/runner/work/ratis/ratis/ratis-test/target/test/data/e6831fa0/MiniRaftClusterWithGrpc1c021b02/s4/23fc7c77-eda5-4742-9c62-5362e9d8806e/current/raft-meta.conf.tmp with options [CREATE, WRITE]: sun.nio.ch.FileChannelImpl@71564230
2024-02-20 17:17:50,985 [s0@group-5362E9D8806E-StateMachineUpdater] TRACE util.FileUtils (LogUtils.java:runAndLog(49)) - Successfully ran Atomic Files.move /home/runner/work/ratis/ratis/ratis-test/target/test/data/e6831fa0/MiniRaftClusterWithGrpc1c021b02/s0/23fc7c77-eda5-4742-9c62-5362e9d8806e/current/raft-meta.conf.tmp to /home/runner/work/ratis/ratis/ratis-test/target/test/data/e6831fa0/MiniRaftClusterWithGrpc1c021b02/s0/23fc7c77-eda5-4742-9c62-5362e9d8806e/current/raft-meta.conf with options [REPLACE_EXISTING]
2024-02-20 17:17:50,985 [s1@group-5362E9D8806E-StateMachineUpdater] TRACE util.FileUtils (LogUtils.java:supplyAndLog(69)) - Successfully supplied FileChannel.open /home/runner/work/ratis/ratis/ratis-test/target/test/data/e6831fa0/MiniRaftClusterWithGrpc1c021b02/s1/23fc7c77-eda5-4742-9c62-5362e9d8806e/current/raft-meta.conf.tmp with options [CREATE, WRITE]: sun.nio.ch.FileChannelImpl@5dd772e5
2024-02-20 17:17:50,985 [s4@group-5362E9D8806E-StateMachineUpdater] TRACE util.FileUtils (LogUtils.java:runAndLog(49)) - Successfully ran Atomic Files.move /home/runner/work/ratis/ratis/ratis-test/target/test/data/e6831fa0/MiniRaftClusterWithGrpc1c021b02/s4/23fc7c77-eda5-4742-9c62-5362e9d8806e/current/raft-meta.conf.tmp to /home/runner/work/ratis/ratis/ratis-test/target/test/data/e6831fa0/MiniRaftClusterWithGrpc1c021b02/s4/23fc7c77-eda5-4742-9c62-5362e9d8806e/current/raft-meta.conf with options [REPLACE_EXISTING]
2024-02-20 17:17:50,986 [s3@group-5362E9D8806E-StateMachineUpdater] TRACE util.FileUtils (LogUtils.java:supplyAndLog(69)) - Successfully supplied FileChannel.open /home/runner/work/ratis/ratis/ratis-test/target/test/data/e6831fa0/MiniRaftClusterWithGrpc1c021b02/s3/23fc7c77-eda5-4742-9c62-5362e9d8806e/current/raft-meta.conf.tmp with options [CREATE, WRITE]: sun.nio.ch.FileChannelImpl@81029fc
2024-02-20 17:17:50,989 [s1@group-5362E9D8806E-StateMachineUpdater] TRACE util.FileUtils (LogUtils.java:runAndLog(49)) - Successfully ran Atomic Files.move /home/runner/work/ratis/ratis/ratis-test/target/test/data/e6831fa0/MiniRaftClusterWithGrpc1c021b02/s1/23fc7c77-eda5-4742-9c62-5362e9d8806e/current/raft-meta.conf.tmp to /home/runner/work/ratis/ratis/ratis-test/target/test/data/e6831fa0/MiniRaftClusterWithGrpc1c021b02/s1/23fc7c77-eda5-4742-9c62-5362e9d8806e/current/raft-meta.conf with options [REPLACE_EXISTING]
2024-02-20 17:17:50,991 [s3@group-5362E9D8806E-StateMachineUpdater] TRACE util.FileUtils (LogUtils.java:runAndLog(49)) - Successfully ran Atomic Files.move /home/runner/work/ratis/ratis/ratis-test/target/test/data/e6831fa0/MiniRaftClusterWithGrpc1c021b02/s3/23fc7c77-eda5-4742-9c62-5362e9d8806e/current/raft-meta.conf.tmp to /home/runner/work/ratis/ratis/ratis-test/target/test/data/e6831fa0/MiniRaftClusterWithGrpc1c021b02/s3/23fc7c77-eda5-4742-9c62-5362e9d8806e/current/raft-meta.conf with options [REPLACE_EXISTING]
2024-02-20 17:17:53,048 [main] INFO  ratis.RaftTestUtil (RaftTestUtil.java:waitForLeader(131)) - printing ALL groups
  s3:  RUNNING  FOLLOWER s3@group-5362E9D8806E:t2, leader=s2, voted=s2, raftlog=Memoized:s3@group-5362E9D8806E-SegmentedRaftLog:OPENED:c0:last(t:2, i:0), conf=0: peers:[s3|localhost:15012, s4|localhost:15016, s0|localhost:15000, s1|localhost:15004, s2|localhost:15008]|listeners:[], old=null RUNNING
  s4:  RUNNING  FOLLOWER s4@group-5362E9D8806E:t2, leader=s2, voted=s2, raftlog=Memoized:s4@group-5362E9D8806E-SegmentedRaftLog:OPENED:c0:last(t:2, i:0), conf=0: peers:[s3|localhost:15012, s4|localhost:15016, s0|localhost:15000, s1|localhost:15004, s2|localhost:15008]|listeners:[], old=null RUNNING
  s0:  RUNNING  FOLLOWER s0@group-5362E9D8806E:t2, leader=s2, voted=s2, raftlog=Memoized:s0@group-5362E9D8806E-SegmentedRaftLog:OPENED:c0:last(t:2, i:0), conf=0: peers:[s3|localhost:15012, s4|localhost:15016, s0|localhost:15000, s1|localhost:15004, s2|localhost:15008]|listeners:[], old=null RUNNING
  s1:  RUNNING  FOLLOWER s1@group-5362E9D8806E:t2, leader=s2, voted=s2, raftlog=Memoized:s1@group-5362E9D8806E-SegmentedRaftLog:OPENED:c0:last(t:2, i:0), conf=0: peers:[s3|localhost:15012, s4|localhost:15016, s0|localhost:15000, s1|localhost:15004, s2|localhost:15008]|listeners:[], old=null RUNNING
  s2:  RUNNING    LEADER s2@group-5362E9D8806E:t2, leader=s2, voted=s2, raftlog=Memoized:s2@group-5362E9D8806E-SegmentedRaftLog:OPENED:c0:last(t:2, i:0), conf=0: peers:[s3|localhost:15012, s4|localhost:15016, s0|localhost:15000, s1|localhost:15004, s2|localhost:15008]|listeners:[], old=null RUNNING
2024-02-20 17:17:53,052 [main] INFO  grpc.TestRaftLogTruncateWithGrpc (RaftLogTruncateTests.java:runTestLogTruncate(127)) - oldLeader: s2, term=2
2024-02-20 17:17:53,052 [main] INFO  grpc.TestRaftLogTruncateWithGrpc (RaftLogTruncateTests.java:runTestLogTruncate(128)) - killedPeers   : [s3, s4, s0]
2024-02-20 17:17:53,052 [main] INFO  grpc.TestRaftLogTruncateWithGrpc (RaftLogTruncateTests.java:runTestLogTruncate(129)) - remainingPeers: [s2, s1]
2024-02-20 17:17:53,053 [main] DEBUG impl.TransactionManager (TransactionManager.java:getMap(49)) - s3-TransactionManager <empty>
2024-02-20 17:17:53,053 [main] DEBUG impl.TransactionManager (TransactionManager.java:getMap(49)) - s4-TransactionManager <empty>
2024-02-20 17:17:53,054 [main] DEBUG impl.TransactionManager (TransactionManager.java:getMap(49)) - s0-TransactionManager <empty>
2024-02-20 17:17:53,054 [main] DEBUG impl.TransactionManager (TransactionManager.java:getMap(49)) - s1-TransactionManager <empty>
2024-02-20 17:17:53,054 [main] DEBUG impl.TransactionManager (TransactionManager.java:getMap(49)) - s2-TransactionManager <empty>
2024-02-20 17:17:53,146 [s3-server-thread2] DEBUG impl.TransactionManager (TransactionManager.java:computeIfAbsent(60)) - (t:2, i:1): s3-TransactionManager
  (t:2, i:1): initialized? false
2024-02-20 17:17:53,149 [s1-server-thread2] DEBUG impl.TransactionManager (TransactionManager.java:computeIfAbsent(60)) - (t:2, i:1): s1-TransactionManager
  (t:2, i:1): initialized? false
2024-02-20 17:17:53,149 [s0-server-thread2] DEBUG impl.TransactionManager (TransactionManager.java:computeIfAbsent(60)) - (t:2, i:1): s0-TransactionManager
  (t:2, i:1): initialized? false
2024-02-20 17:17:53,151 [s4-server-thread2] DEBUG impl.TransactionManager (TransactionManager.java:computeIfAbsent(60)) - (t:2, i:1): s4-TransactionManager
  (t:2, i:1): initialized? false
2024-02-20 17:17:53,152 [s2@group-5362E9D8806E-StateMachineUpdater] INFO  impl.SimpleStateMachine4Testing (SimpleStateMachine4Testing.java:applyTransaction(250)) - applyTransaction for log index 1
2024-02-20 17:17:53,161 [s0@group-5362E9D8806E-StateMachineUpdater] INFO  impl.SimpleStateMachine4Testing (SimpleStateMachine4Testing.java:applyTransaction(250)) - applyTransaction for log index 1
2024-02-20 17:17:53,169 [s1@group-5362E9D8806E-StateMachineUpdater] INFO  impl.SimpleStateMachine4Testing (SimpleStateMachine4Testing.java:applyTransaction(250)) - applyTransaction for log index 1
2024-02-20 17:17:53,169 [s4@group-5362E9D8806E-StateMachineUpdater] INFO  impl.SimpleStateMachine4Testing (SimpleStateMachine4Testing.java:applyTransaction(250)) - applyTransaction for log index 1
2024-02-20 17:17:53,170 [s3@group-5362E9D8806E-StateMachineUpdater] INFO  impl.SimpleStateMachine4Testing (SimpleStateMachine4Testing.java:applyTransaction(250)) - applyTransaction for log index 1
2024-02-20 17:17:53,320 [s3@group-5362E9D8806E-StateMachineUpdater] INFO  impl.SimpleStateMachine4Testing (SimpleStateMachine4Testing.java:put(207)) - s3: put 1, first0 -> (t:2, i:1), STATEMACHINELOGENTRY, logData:<ByteString@c2fac26 size=6 contents="first0">, stateMachineEntry:WRITE:stateMachineData: "StateMachine Data"

2024-02-20 17:17:53,320 [s0@group-5362E9D8806E-StateMachineUpdater] INFO  impl.SimpleStateMachine4Testing (SimpleStateMachine4Testing.java:put(207)) - s0: put 1, first0 -> (t:2, i:1), STATEMACHINELOGENTRY, logData:<ByteString@189aeb72 size=6 contents="first0">, stateMachineEntry:WRITE:stateMachineData: "StateMachine Data"

2024-02-20 17:17:53,320 [s1@group-5362E9D8806E-StateMachineUpdater] INFO  impl.SimpleStateMachine4Testing (SimpleStateMachine4Testing.java:put(207)) - s1: put 1, first0 -> (t:2, i:1), STATEMACHINELOGENTRY, logData:<ByteString@5310972f size=6 contents="first0">, stateMachineEntry:WRITE:stateMachineData: "StateMachine Data"

2024-02-20 17:17:53,321 [s4@group-5362E9D8806E-StateMachineUpdater] INFO  impl.SimpleStateMachine4Testing (SimpleStateMachine4Testing.java:put(207)) - s4: put 1, first0 -> (t:2, i:1), STATEMACHINELOGENTRY, logData:<ByteString@7f91a26a size=6 contents="first0">, stateMachineEntry:WRITE:stateMachineData: "StateMachine Data"

2024-02-20 17:17:53,321 [s3@group-5362E9D8806E-StateMachineUpdater] DEBUG impl.TransactionManager (TransactionManager.java:remove(68)) - (t:2, i:1): s3-TransactionManager <empty>
2024-02-20 17:17:53,320 [s2@group-5362E9D8806E-StateMachineUpdater] INFO  impl.SimpleStateMachine4Testing (SimpleStateMachine4Testing.java:put(207)) - s2: put 1, first0 -> (t:2, i:1), STATEMACHINELOGENTRY, logData:<ByteString@27ef7931 size=6 contents="first0">, stateMachineEntry:WRITE:stateMachineData: "StateMachine Data"

2024-02-20 17:17:53,321 [s1@group-5362E9D8806E-StateMachineUpdater] DEBUG impl.TransactionManager (TransactionManager.java:remove(68)) - (t:2, i:1): s1-TransactionManager <empty>
2024-02-20 17:17:53,321 [s0@group-5362E9D8806E-StateMachineUpdater] DEBUG impl.TransactionManager (TransactionManager.java:remove(68)) - (t:2, i:1): s0-TransactionManager <empty>
2024-02-20 17:17:53,321 [s4@group-5362E9D8806E-StateMachineUpdater] DEBUG impl.TransactionManager (TransactionManager.java:remove(68)) - (t:2, i:1): s4-TransactionManager <empty>
2024-02-20 17:17:53,358 [s3-server-thread2] DEBUG impl.TransactionManager (TransactionManager.java:computeIfAbsent(60)) - (t:2, i:3): s3-TransactionManager
  (t:2, i:3): initialized? false
2024-02-20 17:17:53,359 [s4-server-thread2] DEBUG impl.TransactionManager (TransactionManager.java:computeIfAbsent(60)) - (t:2, i:3): s4-TransactionManager
  (t:2, i:3): initialized? false
2024-02-20 17:17:53,362 [s0-server-thread2] DEBUG impl.TransactionManager (TransactionManager.java:computeIfAbsent(60)) - (t:2, i:3): s0-TransactionManager
  (t:2, i:3): initialized? false
2024-02-20 17:17:53,364 [s1-server-thread2] DEBUG impl.TransactionManager (TransactionManager.java:computeIfAbsent(60)) - (t:2, i:3): s1-TransactionManager
  (t:2, i:3): initialized? false
2024-02-20 17:17:53,369 [s2@group-5362E9D8806E-StateMachineUpdater] INFO  impl.SimpleStateMachine4Testing (SimpleStateMachine4Testing.java:applyTransaction(250)) - applyTransaction for log index 3
2024-02-20 17:17:53,370 [s2@group-5362E9D8806E-StateMachineUpdater] INFO  impl.SimpleStateMachine4Testing (SimpleStateMachine4Testing.java:put(207)) - s2: put 3, first1 -> (t:2, i:3), STATEMACHINELOGENTRY, logData:<ByteString@183accf3 size=6 contents="first1">, stateMachineEntry:WRITE:stateMachineData: "StateMachine Data"

2024-02-20 17:17:53,375 [s0@group-5362E9D8806E-StateMachineUpdater] INFO  impl.SimpleStateMachine4Testing (SimpleStateMachine4Testing.java:applyTransaction(250)) - applyTransaction for log index 3
2024-02-20 17:17:53,376 [s0@group-5362E9D8806E-StateMachineUpdater] INFO  impl.SimpleStateMachine4Testing (SimpleStateMachine4Testing.java:put(207)) - s0: put 3, first1 -> (t:2, i:3), STATEMACHINELOGENTRY, logData:<ByteString@3cbb799 size=6 contents="first1">, stateMachineEntry:WRITE:stateMachineData: "StateMachine Data"

2024-02-20 17:17:53,376 [s0@group-5362E9D8806E-StateMachineUpdater] DEBUG impl.TransactionManager (TransactionManager.java:remove(68)) - (t:2, i:3): s0-TransactionManager <empty>
2024-02-20 17:17:53,377 [s3@group-5362E9D8806E-StateMachineUpdater] INFO  impl.SimpleStateMachine4Testing (SimpleStateMachine4Testing.java:applyTransaction(250)) - applyTransaction for log index 3
2024-02-20 17:17:53,377 [s1@group-5362E9D8806E-StateMachineUpdater] INFO  impl.SimpleStateMachine4Testing (SimpleStateMachine4Testing.java:applyTransaction(250)) - applyTransaction for log index 3
2024-02-20 17:17:53,377 [s3@group-5362E9D8806E-StateMachineUpdater] INFO  impl.SimpleStateMachine4Testing (SimpleStateMachine4Testing.java:put(207)) - s3: put 3, first1 -> (t:2, i:3), STATEMACHINELOGENTRY, logData:<ByteString@7db03914 size=6 contents="first1">, stateMachineEntry:WRITE:stateMachineData: "StateMachine Data"

2024-02-20 17:17:53,378 [s1@group-5362E9D8806E-StateMachineUpdater] INFO  impl.SimpleStateMachine4Testing (SimpleStateMachine4Testing.java:put(207)) - s1: put 3, first1 -> (t:2, i:3), STATEMACHINELOGENTRY, logData:<ByteString@cb98be5 size=6 contents="first1">, stateMachineEntry:WRITE:stateMachineData: "StateMachine Data"

2024-02-20 17:17:53,378 [s3@group-5362E9D8806E-StateMachineUpdater] DEBUG impl.TransactionManager (TransactionManager.java:remove(68)) - (t:2, i:3): s3-TransactionManager <empty>
2024-02-20 17:17:53,378 [s1@group-5362E9D8806E-StateMachineUpdater] DEBUG impl.TransactionManager (TransactionManager.java:remove(68)) - (t:2, i:3): s1-TransactionManager <empty>
2024-02-20 17:17:53,380 [s4@group-5362E9D8806E-StateMachineUpdater] INFO  impl.SimpleStateMachine4Testing (SimpleStateMachine4Testing.java:applyTransaction(250)) - applyTransaction for log index 3
2024-02-20 17:17:53,381 [s4@group-5362E9D8806E-StateMachineUpdater] INFO  impl.SimpleStateMachine4Testing (SimpleStateMachine4Testing.java:put(207)) - s4: put 3, first1 -> (t:2, i:3), STATEMACHINELOGENTRY, logData:<ByteString@3eaca851 size=6 contents="first1">, stateMachineEntry:WRITE:stateMachineData: "StateMachine Data"

2024-02-20 17:17:53,381 [s4@group-5362E9D8806E-StateMachineUpdater] DEBUG impl.TransactionManager (TransactionManager.java:remove(68)) - (t:2, i:3): s4-TransactionManager <empty>
2024-02-20 17:17:53,384 [s4-server-thread2] DEBUG impl.TransactionManager (TransactionManager.java:computeIfAbsent(60)) - (t:2, i:5): s4-TransactionManager
  (t:2, i:5): initialized? false
2024-02-20 17:17:53,384 [s3-server-thread2] DEBUG impl.TransactionManager (TransactionManager.java:computeIfAbsent(60)) - (t:2, i:5): s3-TransactionManager
  (t:2, i:5): initialized? false
2024-02-20 17:17:53,386 [s0-server-thread2] DEBUG impl.TransactionManager (TransactionManager.java:computeIfAbsent(60)) - (t:2, i:5): s0-TransactionManager
  (t:2, i:5): initialized? false
2024-02-20 17:17:53,387 [s1-server-thread2] DEBUG impl.TransactionManager (TransactionManager.java:computeIfAbsent(60)) - (t:2, i:5): s1-TransactionManager
  (t:2, i:5): initialized? false
2024-02-20 17:17:53,389 [s2@group-5362E9D8806E-StateMachineUpdater] INFO  impl.SimpleStateMachine4Testing (SimpleStateMachine4Testing.java:applyTransaction(250)) - applyTransaction for log index 5
2024-02-20 17:17:53,389 [s2@group-5362E9D8806E-StateMachineUpdater] INFO  impl.SimpleStateMachine4Testing (SimpleStateMachine4Testing.java:put(207)) - s2: put 5, first2 -> (t:2, i:5), STATEMACHINELOGENTRY, logData:<ByteString@183f4666 size=6 contents="first2">, stateMachineEntry:WRITE:stateMachineData: "StateMachine Data"

2024-02-20 17:17:53,393 [s0@group-5362E9D8806E-StateMachineUpdater] INFO  impl.SimpleStateMachine4Testing (SimpleStateMachine4Testing.java:applyTransaction(250)) - applyTransaction for log index 5
2024-02-20 17:17:53,394 [s0@group-5362E9D8806E-StateMachineUpdater] INFO  impl.SimpleStateMachine4Testing (SimpleStateMachine4Testing.java:put(207)) - s0: put 5, first2 -> (t:2, i:5), STATEMACHINELOGENTRY, logData:<ByteString@44478d9f size=6 contents="first2">, stateMachineEntry:WRITE:stateMachineData: "StateMachine Data"

2024-02-20 17:17:53,394 [s0@group-5362E9D8806E-StateMachineUpdater] DEBUG impl.TransactionManager (TransactionManager.java:remove(68)) - (t:2, i:5): s0-TransactionManager <empty>
2024-02-20 17:17:53,396 [s4@group-5362E9D8806E-StateMachineUpdater] INFO  impl.SimpleStateMachine4Testing (SimpleStateMachine4Testing.java:applyTransaction(250)) - applyTransaction for log index 5
2024-02-20 17:17:53,397 [s4@group-5362E9D8806E-StateMachineUpdater] INFO  impl.SimpleStateMachine4Testing (SimpleStateMachine4Testing.java:put(207)) - s4: put 5, first2 -> (t:2, i:5), STATEMACHINELOGENTRY, logData:<ByteString@7da82a76 size=6 contents="first2">, stateMachineEntry:WRITE:stateMachineData: "StateMachine Data"

2024-02-20 17:17:53,397 [s4@group-5362E9D8806E-StateMachineUpdater] DEBUG impl.TransactionManager (TransactionManager.java:remove(68)) - (t:2, i:5): s4-TransactionManager <empty>
2024-02-20 17:17:53,398 [s1@group-5362E9D8806E-StateMachineUpdater] INFO  impl.SimpleStateMachine4Testing (SimpleStateMachine4Testing.java:applyTransaction(250)) - applyTransaction for log index 5
2024-02-20 17:17:53,398 [s1@group-5362E9D8806E-StateMachineUpdater] INFO  impl.SimpleStateMachine4Testing (SimpleStateMachine4Testing.java:put(207)) - s1: put 5, first2 -> (t:2, i:5), STATEMACHINELOGENTRY, logData:<ByteString@5a0ead00 size=6 contents="first2">, stateMachineEntry:WRITE:stateMachineData: "StateMachine Data"

2024-02-20 17:17:53,399 [s1@group-5362E9D8806E-StateMachineUpdater] DEBUG impl.TransactionManager (TransactionManager.java:remove(68)) - (t:2, i:5): s1-TransactionManager <empty>
2024-02-20 17:17:53,401 [s3@group-5362E9D8806E-StateMachineUpdater] INFO  impl.SimpleStateMachine4Testing (SimpleStateMachine4Testing.java:applyTransaction(250)) - applyTransaction for log index 5
2024-02-20 17:17:53,402 [s3@group-5362E9D8806E-StateMachineUpdater] INFO  impl.SimpleStateMachine4Testing (SimpleStateMachine4Testing.java:put(207)) - s3: put 5, first2 -> (t:2, i:5), STATEMACHINELOGENTRY, logData:<ByteString@1d4b1a01 size=6 contents="first2">, stateMachineEntry:WRITE:stateMachineData: "StateMachine Data"

2024-02-20 17:17:53,402 [s3@group-5362E9D8806E-StateMachineUpdater] DEBUG impl.TransactionManager (TransactionManager.java:remove(68)) - (t:2, i:5): s3-TransactionManager <empty>
2024-02-20 17:17:53,408 [s4-server-thread2] DEBUG impl.TransactionManager (TransactionManager.java:computeIfAbsent(60)) - (t:2, i:7): s4-TransactionManager
  (t:2, i:7): initialized? false
2024-02-20 17:17:53,410 [s1-server-thread2] DEBUG impl.TransactionManager (TransactionManager.java:computeIfAbsent(60)) - (t:2, i:7): s1-TransactionManager
  (t:2, i:7): initialized? false
2024-02-20 17:17:53,411 [s0-server-thread2] DEBUG impl.TransactionManager (TransactionManager.java:computeIfAbsent(60)) - (t:2, i:7): s0-TransactionManager
  (t:2, i:7): initialized? false
2024-02-20 17:17:53,413 [s3-server-thread2] DEBUG impl.TransactionManager (TransactionManager.java:computeIfAbsent(60)) - (t:2, i:7): s3-TransactionManager
  (t:2, i:7): initialized? false
2024-02-20 17:17:53,413 [s2@group-5362E9D8806E-StateMachineUpdater] INFO  impl.SimpleStateMachine4Testing (SimpleStateMachine4Testing.java:applyTransaction(250)) - applyTransaction for log index 7
2024-02-20 17:17:53,414 [s2@group-5362E9D8806E-StateMachineUpdater] INFO  impl.SimpleStateMachine4Testing (SimpleStateMachine4Testing.java:put(207)) - s2: put 7, first3 -> (t:2, i:7), STATEMACHINELOGENTRY, logData:<ByteString@657a9af9 size=6 contents="first3">, stateMachineEntry:WRITE:stateMachineData: "StateMachine Data"

2024-02-20 17:17:53,417 [s4@group-5362E9D8806E-StateMachineUpdater] INFO  impl.SimpleStateMachine4Testing (SimpleStateMachine4Testing.java:applyTransaction(250)) - applyTransaction for log index 7
2024-02-20 17:17:53,418 [s4@group-5362E9D8806E-StateMachineUpdater] INFO  impl.SimpleStateMachine4Testing (SimpleStateMachine4Testing.java:put(207)) - s4: put 7, first3 -> (t:2, i:7), STATEMACHINELOGENTRY, logData:<ByteString@fd8555b size=6 contents="first3">, stateMachineEntry:WRITE:stateMachineData: "StateMachine Data"

2024-02-20 17:17:53,419 [s4@group-5362E9D8806E-StateMachineUpdater] DEBUG impl.TransactionManager (TransactionManager.java:remove(68)) - (t:2, i:7): s4-TransactionManager <empty>
2024-02-20 17:17:53,421 [s1@group-5362E9D8806E-StateMachineUpdater] INFO  impl.SimpleStateMachine4Testing (SimpleStateMachine4Testing.java:applyTransaction(250)) - applyTransaction for log index 7
2024-02-20 17:17:53,421 [s1@group-5362E9D8806E-StateMachineUpdater] INFO  impl.SimpleStateMachine4Testing (SimpleStateMachine4Testing.java:put(207)) - s1: put 7, first3 -> (t:2, i:7), STATEMACHINELOGENTRY, logData:<ByteString@571b1b5b size=6 contents="first3">, stateMachineEntry:WRITE:stateMachineData: "StateMachine Data"

2024-02-20 17:17:53,422 [s1@group-5362E9D8806E-StateMachineUpdater] DEBUG impl.TransactionManager (TransactionManager.java:remove(68)) - (t:2, i:7): s1-TransactionManager <empty>
2024-02-20 17:17:53,423 [s3@group-5362E9D8806E-StateMachineUpdater] INFO  impl.SimpleStateMachine4Testing (SimpleStateMachine4Testing.java:applyTransaction(250)) - applyTransaction for log index 7
2024-02-20 17:17:53,424 [s3@group-5362E9D8806E-StateMachineUpdater] INFO  impl.SimpleStateMachine4Testing (SimpleStateMachine4Testing.java:put(207)) - s3: put 7, first3 -> (t:2, i:7), STATEMACHINELOGENTRY, logData:<ByteString@763228df size=6 contents="first3">, stateMachineEntry:WRITE:stateMachineData: "StateMachine Data"

2024-02-20 17:17:53,424 [s3@group-5362E9D8806E-StateMachineUpdater] DEBUG impl.TransactionManager (TransactionManager.java:remove(68)) - (t:2, i:7): s3-TransactionManager <empty>
2024-02-20 17:17:53,427 [s0@group-5362E9D8806E-StateMachineUpdater] INFO  impl.SimpleStateMachine4Testing (SimpleStateMachine4Testing.java:applyTransaction(250)) - applyTransaction for log index 7
2024-02-20 17:17:53,427 [s0@group-5362E9D8806E-StateMachineUpdater] INFO  impl.SimpleStateMachine4Testing (SimpleStateMachine4Testing.java:put(207)) - s0: put 7, first3 -> (t:2, i:7), STATEMACHINELOGENTRY, logData:<ByteString@3dc6c33f size=6 contents="first3">, stateMachineEntry:WRITE:stateMachineData: "StateMachine Data"

2024-02-20 17:17:53,427 [s0@group-5362E9D8806E-StateMachineUpdater] DEBUG impl.TransactionManager (TransactionManager.java:remove(68)) - (t:2, i:7): s0-TransactionManager <empty>
2024-02-20 17:17:53,428 [s4-server-thread2] DEBUG impl.TransactionManager (TransactionManager.java:computeIfAbsent(60)) - (t:2, i:9): s4-TransactionManager
  (t:2, i:9): initialized? false
2024-02-20 17:17:53,430 [s0-server-thread2] DEBUG impl.TransactionManager (TransactionManager.java:computeIfAbsent(60)) - (t:2, i:9): s0-TransactionManager
  (t:2, i:9): initialized? false
2024-02-20 17:17:53,432 [s1-server-thread2] DEBUG impl.TransactionManager (TransactionManager.java:computeIfAbsent(60)) - (t:2, i:9): s1-TransactionManager
  (t:2, i:9): initialized? false
2024-02-20 17:17:53,433 [s3-server-thread2] DEBUG impl.TransactionManager (TransactionManager.java:computeIfAbsent(60)) - (t:2, i:9): s3-TransactionManager
  (t:2, i:9): initialized? false
2024-02-20 17:17:53,435 [s2@group-5362E9D8806E-StateMachineUpdater] INFO  impl.SimpleStateMachine4Testing (SimpleStateMachine4Testing.java:applyTransaction(250)) - applyTransaction for log index 9
2024-02-20 17:17:53,435 [s2@group-5362E9D8806E-StateMachineUpdater] INFO  impl.SimpleStateMachine4Testing (SimpleStateMachine4Testing.java:put(207)) - s2: put 9, first4 -> (t:2, i:9), STATEMACHINELOGENTRY, logData:<ByteString@1f855fe2 size=6 contents="first4">, stateMachineEntry:WRITE:stateMachineData: "StateMachine Data"

2024-02-20 17:17:53,441 [s4@group-5362E9D8806E-StateMachineUpdater] INFO  impl.SimpleStateMachine4Testing (SimpleStateMachine4Testing.java:applyTransaction(250)) - applyTransaction for log index 9
2024-02-20 17:17:53,441 [s4@group-5362E9D8806E-StateMachineUpdater] INFO  impl.SimpleStateMachine4Testing (SimpleStateMachine4Testing.java:put(207)) - s4: put 9, first4 -> (t:2, i:9), STATEMACHINELOGENTRY, logData:<ByteString@5e83571e size=6 contents="first4">, stateMachineEntry:WRITE:stateMachineData: "StateMachine Data"

2024-02-20 17:17:53,442 [s4@group-5362E9D8806E-StateMachineUpdater] DEBUG impl.TransactionManager (TransactionManager.java:remove(68)) - (t:2, i:9): s4-TransactionManager <empty>
2024-02-20 17:17:53,447 [main] DEBUG impl.TransactionManager (TransactionManager.java:getMap(49)) - s3-TransactionManager
  (t:2, i:9): initialized? true
2024-02-20 17:17:53,451 [s1@group-5362E9D8806E-StateMachineUpdater] INFO  impl.SimpleStateMachine4Testing (SimpleStateMachine4Testing.java:applyTransaction(250)) - applyTransaction for log index 9
2024-02-20 17:17:53,452 [s1@group-5362E9D8806E-StateMachineUpdater] INFO  impl.SimpleStateMachine4Testing (SimpleStateMachine4Testing.java:put(207)) - s1: put 9, first4 -> (t:2, i:9), STATEMACHINELOGENTRY, logData:<ByteString@17bd44fe size=6 contents="first4">, stateMachineEntry:WRITE:stateMachineData: "StateMachine Data"

2024-02-20 17:17:53,452 [s1@group-5362E9D8806E-StateMachineUpdater] DEBUG impl.TransactionManager (TransactionManager.java:remove(68)) - (t:2, i:9): s1-TransactionManager <empty>
2024-02-20 17:17:53,454 [s0@group-5362E9D8806E-StateMachineUpdater] INFO  impl.SimpleStateMachine4Testing (SimpleStateMachine4Testing.java:applyTransaction(250)) - applyTransaction for log index 9
2024-02-20 17:17:53,455 [s0@group-5362E9D8806E-StateMachineUpdater] INFO  impl.SimpleStateMachine4Testing (SimpleStateMachine4Testing.java:put(207)) - s0: put 9, first4 -> (t:2, i:9), STATEMACHINELOGENTRY, logData:<ByteString@5108ec5f size=6 contents="first4">, stateMachineEntry:WRITE:stateMachineData: "StateMachine Data"

2024-02-20 17:17:53,455 [s0@group-5362E9D8806E-StateMachineUpdater] DEBUG impl.TransactionManager (TransactionManager.java:remove(68)) - (t:2, i:9): s0-TransactionManager <empty>
2024-02-20 17:17:53,458 [s3@group-5362E9D8806E-StateMachineUpdater] INFO  impl.SimpleStateMachine4Testing (SimpleStateMachine4Testing.java:applyTransaction(250)) - applyTransaction for log index 9
2024-02-20 17:17:53,459 [s3@group-5362E9D8806E-StateMachineUpdater] INFO  impl.SimpleStateMachine4Testing (SimpleStateMachine4Testing.java:put(207)) - s3: put 9, first4 -> (t:2, i:9), STATEMACHINELOGENTRY, logData:<ByteString@ab6d794 size=6 contents="first4">, stateMachineEntry:WRITE:stateMachineData: "StateMachine Data"

2024-02-20 17:17:53,459 [s3@group-5362E9D8806E-StateMachineUpdater] DEBUG impl.TransactionManager (TransactionManager.java:remove(68)) - (t:2, i:9): s3-TransactionManager <empty>
2024-02-20 17:17:53,485 [main] INFO  grpc.TestRaftLogTruncateWithGrpc (RaftLogTruncateTests.java:runTestLogTruncate(117)) - killedPeers   : [s3, s4, s0]
2024-02-20 17:17:53,485 [main] INFO  grpc.TestRaftLogTruncateWithGrpc (RaftLogTruncateTests.java:runTestLogTruncate(118)) - remainingPeers: [s2, s1]
2024-02-20 17:17:53,485 [main] INFO  impl.MiniRaftCluster (MiniRaftCluster.java:shutdown(833)) - ************************************************************** 
2024-02-20 17:17:53,486 [main] INFO  impl.MiniRaftCluster (MiniRaftCluster.java:shutdown(834)) - *** 
2024-02-20 17:17:53,486 [main] INFO  impl.MiniRaftCluster (MiniRaftCluster.java:shutdown(835)) - ***     Stopping MiniRaftClusterWithGrpc
2024-02-20 17:17:53,486 [main] INFO  impl.MiniRaftCluster (MiniRaftCluster.java:shutdown(836)) - *** 
2024-02-20 17:17:53,486 [main] INFO  impl.MiniRaftCluster (MiniRaftCluster.java:shutdown(837)) - ************************************************************** 
2024-02-20 17:17:53,487 [main] INFO  impl.MiniRaftCluster (MiniRaftCluster.java:shutdown(838)) - printing ALL groups
  s3:  RUNNING  FOLLOWER s3@group-5362E9D8806E:t2, leader=s2, voted=s2, raftlog=Memoized:s3@group-5362E9D8806E-SegmentedRaftLog:OPENED:c9:last(t:2, i:10), conf=0: peers:[s3|localhost:15012, s4|localhost:15016, s0|localhost:15000, s1|localhost:15004, s2|localhost:15008]|listeners:[], old=null RUNNING
  s4:  RUNNING  FOLLOWER s4@group-5362E9D8806E:t2, leader=s2, voted=s2, raftlog=Memoized:s4@group-5362E9D8806E-SegmentedRaftLog:OPENED:c9:last(t:2, i:10), conf=0: peers:[s3|localhost:15012, s4|localhost:15016, s0|localhost:15000, s1|localhost:15004, s2|localhost:15008]|listeners:[], old=null RUNNING
  s0:  RUNNING  FOLLOWER s0@group-5362E9D8806E:t2, leader=s2, voted=s2, raftlog=Memoized:s0@group-5362E9D8806E-SegmentedRaftLog:OPENED:c9:last(t:2, i:10), conf=0: peers:[s3|localhost:15012, s4|localhost:15016, s0|localhost:15000, s1|localhost:15004, s2|localhost:15008]|listeners:[], old=null RUNNING
  s1:  RUNNING  FOLLOWER s1@group-5362E9D8806E:t2, leader=s2, voted=s2, raftlog=Memoized:s1@group-5362E9D8806E-SegmentedRaftLog:OPENED:c9:last(t:2, i:10), conf=0: peers:[s3|localhost:15012, s4|localhost:15016, s0|localhost:15000, s1|localhost:15004, s2|localhost:15008]|listeners:[], old=null RUNNING
  s2:  RUNNING    LEADER s2@group-5362E9D8806E:t2, leader=s2, voted=s2, raftlog=Memoized:s2@group-5362E9D8806E-SegmentedRaftLog:OPENED:c10:last(t:2, i:10), conf=0: peers:[s3|localhost:15012, s4|localhost:15016, s0|localhost:15000, s1|localhost:15004, s2|localhost:15008]|listeners:[], old=null RUNNING
2024-02-20 17:17:53,488 [MiniRaftCluster-1] INFO  server.RaftServer (RaftServerProxy.java:lambda$close$9(417)) - s3: close
2024-02-20 17:17:53,488 [MiniRaftCluster-2] INFO  server.RaftServer (RaftServerProxy.java:lambda$close$9(417)) - s4: close
2024-02-20 17:17:53,490 [MiniRaftCluster-5] INFO  server.RaftServer (RaftServerProxy.java:lambda$close$9(417)) - s2: close
2024-02-20 17:17:53,490 [MiniRaftCluster-2] INFO  server.GrpcService (GrpcService.java:closeImpl(318)) - s4: shutdown server org.apache.ratis.grpc.server.GrpcClientProtocolService now
2024-02-20 17:17:53,491 [MiniRaftCluster-5] INFO  server.GrpcService (GrpcService.java:closeImpl(318)) - s2: shutdown server org.apache.ratis.grpc.server.GrpcClientProtocolService now
2024-02-20 17:17:53,491 [MiniRaftCluster-1] INFO  server.GrpcService (GrpcService.java:closeImpl(318)) - s3: shutdown server org.apache.ratis.grpc.server.GrpcClientProtocolService now
2024-02-20 17:17:53,492 [s4-impl-thread1] INFO  server.RaftServer$Division (RaftServerImpl.java:lambda$close$1(499)) - s4@group-5362E9D8806E: shutdown
2024-02-20 17:17:53,492 [s4-impl-thread1] INFO  util.JmxRegister (JmxRegister.java:unregister(74)) - Successfully un-registered JMX Bean with object name Ratis:service=RaftServer,group=group-5362E9D8806E,id=s4
2024-02-20 17:17:53,492 [s4-impl-thread1] INFO  impl.RoleInfo (RoleInfo.java:shutdownFollowerState(119)) - s4: shutdown s4@group-5362E9D8806E-FollowerState
2024-02-20 17:17:53,493 [s4-impl-thread1] INFO  impl.StateMachineUpdater (StateMachineUpdater.java:stopAndJoin(157)) - s4@group-5362E9D8806E-StateMachineUpdater: set stopIndex = 9
2024-02-20 17:17:53,493 [s4@group-5362E9D8806E-FollowerState] INFO  impl.FollowerState (FollowerState.java:run(152)) - s4@group-5362E9D8806E-FollowerState was interrupted
2024-02-20 17:17:53,488 [MiniRaftCluster-3] INFO  server.RaftServer (RaftServerProxy.java:lambda$close$9(417)) - s0: close
2024-02-20 17:17:53,490 [s2-impl-thread1] INFO  server.RaftServer$Division (RaftServerImpl.java:lambda$close$1(499)) - s2@group-5362E9D8806E: shutdown
2024-02-20 17:17:53,493 [MiniRaftCluster-3] INFO  server.GrpcService (GrpcService.java:closeImpl(318)) - s0: shutdown server org.apache.ratis.grpc.server.GrpcClientProtocolService now
2024-02-20 17:17:53,490 [s3-impl-thread1] INFO  server.RaftServer$Division (RaftServerImpl.java:lambda$close$1(499)) - s3@group-5362E9D8806E: shutdown
2024-02-20 17:17:53,488 [MiniRaftCluster-4] INFO  server.RaftServer (RaftServerProxy.java:lambda$close$9(417)) - s1: close
2024-02-20 17:17:53,496 [s3-impl-thread1] INFO  util.JmxRegister (JmxRegister.java:unregister(74)) - Successfully un-registered JMX Bean with object name Ratis:service=RaftServer,group=group-5362E9D8806E,id=s3
2024-02-20 17:17:53,496 [s1-impl-thread1] INFO  server.RaftServer$Division (RaftServerImpl.java:lambda$close$1(499)) - s1@group-5362E9D8806E: shutdown
2024-02-20 17:17:53,496 [s1-impl-thread1] INFO  util.JmxRegister (JmxRegister.java:unregister(74)) - Successfully un-registered JMX Bean with object name Ratis:service=RaftServer,group=group-5362E9D8806E,id=s1
2024-02-20 17:17:53,496 [s1-impl-thread1] INFO  impl.RoleInfo (RoleInfo.java:shutdownFollowerState(119)) - s1: shutdown s1@group-5362E9D8806E-FollowerState
2024-02-20 17:17:53,496 [s1-impl-thread1] INFO  impl.StateMachineUpdater (StateMachineUpdater.java:stopAndJoin(157)) - s1@group-5362E9D8806E-StateMachineUpdater: set stopIndex = 9
2024-02-20 17:17:53,496 [s1@group-5362E9D8806E-FollowerState] INFO  impl.FollowerState (FollowerState.java:run(152)) - s1@group-5362E9D8806E-FollowerState was interrupted
2024-02-20 17:17:53,495 [s4-impl-thread1] INFO  server.RaftServer$Division (ServerState.java:close(424)) - s4@group-5362E9D8806E: applyIndex: 9
2024-02-20 17:17:53,497 [Thread-140] INFO  server.GrpcServerProtocolClient (GrpcServerProtocolClient.java:close(103)) - s3 Close channels
2024-02-20 17:17:53,494 [s0-impl-thread1] INFO  server.RaftServer$Division (RaftServerImpl.java:lambda$close$1(499)) - s0@group-5362E9D8806E: shutdown
2024-02-20 17:17:53,497 [s0-impl-thread1] INFO  util.JmxRegister (JmxRegister.java:unregister(74)) - Successfully un-registered JMX Bean with object name Ratis:service=RaftServer,group=group-5362E9D8806E,id=s0
2024-02-20 17:17:53,497 [s0-impl-thread1] INFO  impl.RoleInfo (RoleInfo.java:shutdownFollowerState(119)) - s0: shutdown s0@group-5362E9D8806E-FollowerState
2024-02-20 17:17:53,493 [s2-impl-thread1] INFO  util.JmxRegister (JmxRegister.java:unregister(74)) - Successfully un-registered JMX Bean with object name Ratis:service=RaftServer,group=group-5362E9D8806E,id=s2
2024-02-20 17:17:53,498 [MiniRaftCluster-4] INFO  server.GrpcService (GrpcService.java:closeImpl(318)) - s1: shutdown server org.apache.ratis.grpc.server.GrpcClientProtocolService now
2024-02-20 17:17:53,496 [s3-impl-thread1] INFO  impl.RoleInfo (RoleInfo.java:shutdownFollowerState(119)) - s3: shutdown s3@group-5362E9D8806E-FollowerState
2024-02-20 17:17:53,498 [s1-impl-thread1] INFO  server.RaftServer$Division (ServerState.java:close(424)) - s1@group-5362E9D8806E: applyIndex: 9
2024-02-20 17:17:53,498 [s3@group-5362E9D8806E-FollowerState] INFO  impl.FollowerState (FollowerState.java:run(152)) - s3@group-5362E9D8806E-FollowerState was interrupted
2024-02-20 17:17:53,498 [s1@group-5362E9D8806E-cacheEviction-AwaitToRun] INFO  util.AwaitToRun (AwaitToRun.java:run(49)) - s1@group-5362E9D8806E-cacheEviction-AwaitToRun-AwaitForSignal is interrupted
2024-02-20 17:17:53,498 [Thread-141] INFO  server.GrpcServerProtocolClient (GrpcServerProtocolClient.java:close(103)) - s4 Close channels
2024-02-20 17:17:53,498 [s3-impl-thread1] INFO  impl.StateMachineUpdater (StateMachineUpdater.java:stopAndJoin(157)) - s3@group-5362E9D8806E-StateMachineUpdater: set stopIndex = 9
2024-02-20 17:17:53,498 [s3-impl-thread1] INFO  server.RaftServer$Division (ServerState.java:close(424)) - s3@group-5362E9D8806E: applyIndex: 9
2024-02-20 17:17:53,499 [Thread-143] INFO  server.GrpcServerProtocolClient (GrpcServerProtocolClient.java:close(103)) - s1 Close channels
2024-02-20 17:17:53,499 [s0-impl-thread1] INFO  impl.StateMachineUpdater (StateMachineUpdater.java:stopAndJoin(157)) - s0@group-5362E9D8806E-StateMachineUpdater: set stopIndex = 9
2024-02-20 17:17:53,499 [s0@group-5362E9D8806E-FollowerState] INFO  impl.FollowerState (FollowerState.java:run(152)) - s0@group-5362E9D8806E-FollowerState was interrupted
2024-02-20 17:17:53,500 [s0-impl-thread1] INFO  server.RaftServer$Division (ServerState.java:close(424)) - s0@group-5362E9D8806E: applyIndex: 9
2024-02-20 17:17:53,501 [s0@group-5362E9D8806E-cacheEviction-AwaitToRun] INFO  util.AwaitToRun (AwaitToRun.java:run(49)) - s0@group-5362E9D8806E-cacheEviction-AwaitToRun-AwaitForSignal is interrupted
2024-02-20 17:17:53,498 [Thread-142] INFO  server.GrpcServerProtocolClient (GrpcServerProtocolClient.java:close(103)) - s0 Close channels
2024-02-20 17:17:53,498 [s2-impl-thread1] INFO  impl.RoleInfo (RoleInfo.java:shutdownLeaderState(103)) - s2: shutdown s2@group-5362E9D8806E-LeaderStateImpl
2024-02-20 17:17:53,503 [s4@group-5362E9D8806E-cacheEviction-AwaitToRun] INFO  util.AwaitToRun (AwaitToRun.java:run(49)) - s4@group-5362E9D8806E-cacheEviction-AwaitToRun-AwaitForSignal is interrupted
2024-02-20 17:17:53,505 [Thread-145] INFO  server.GrpcServerProtocolClient (GrpcServerProtocolClient.java:close(103)) - s3 Close channels
2024-02-20 17:17:53,506 [Thread-149] INFO  server.GrpcServerProtocolClient (GrpcServerProtocolClient.java:close(103)) - s0 Close channels
2024-02-20 17:17:53,510 [Thread-150] INFO  server.GrpcServerProtocolClient (GrpcServerProtocolClient.java:close(103)) - s1 Close channels
2024-02-20 17:17:53,510 [Thread-151] INFO  server.GrpcServerProtocolClient (GrpcServerProtocolClient.java:close(103)) - s2 Close channels
2024-02-20 17:17:53,510 [Thread-139] INFO  server.GrpcServerProtocolClient (GrpcServerProtocolClient.java:close(103)) - s3 Close channels
2024-02-20 17:17:53,512 [Thread-154] INFO  server.GrpcServerProtocolClient (GrpcServerProtocolClient.java:close(103)) - s1 Close channels
2024-02-20 17:17:53,512 [Thread-152] INFO  server.GrpcServerProtocolClient (GrpcServerProtocolClient.java:close(103)) - s4 Close channels
2024-02-20 17:17:53,513 [s2-impl-thread1] INFO  impl.PendingRequests (PendingRequests.java:sendNotLeaderResponses(287)) - s2@group-5362E9D8806E-PendingRequests: sendNotLeaderResponses
2024-02-20 17:17:53,514 [s2@group-5362E9D8806E->s4-GrpcLogAppender-LogAppenderDaemon] WARN  server.GrpcLogAppender (GrpcLogAppender.java:mayWait(293)) - s2@group-5362E9D8806E->s4-GrpcLogAppender: Wait interrupted by java.lang.InterruptedException
2024-02-20 17:17:53,514 [Thread-155] INFO  server.GrpcServerProtocolClient (GrpcServerProtocolClient.java:close(103)) - s2 Close channels
2024-02-20 17:17:53,515 [Thread-147] INFO  server.GrpcServerProtocolClient (GrpcServerProtocolClient.java:close(103)) - s3 Close channels
2024-02-20 17:17:53,515 [Thread-157] INFO  server.GrpcServerProtocolClient (GrpcServerProtocolClient.java:close(103)) - s4 Close channels
2024-02-20 17:17:53,515 [Thread-158] INFO  server.GrpcServerProtocolClient (GrpcServerProtocolClient.java:close(103)) - s0 Close channels
2024-02-20 17:17:53,518 [Thread-159] INFO  server.GrpcServerProtocolClient (GrpcServerProtocolClient.java:close(103)) - s1 Close channels
2024-02-20 17:17:53,518 [Thread-160] INFO  server.GrpcServerProtocolClient (GrpcServerProtocolClient.java:close(103)) - s2 Close channels
2024-02-20 17:17:53,514 [s2@group-5362E9D8806E->s1-GrpcLogAppender-LogAppenderDaemon] WARN  server.GrpcLogAppender (GrpcLogAppender.java:mayWait(293)) - s2@group-5362E9D8806E->s1-GrpcLogAppender: Wait interrupted by java.lang.InterruptedException
2024-02-20 17:17:53,514 [s2@group-5362E9D8806E->s0-GrpcLogAppender-LogAppenderDaemon] WARN  server.GrpcLogAppender (GrpcLogAppender.java:mayWait(293)) - s2@group-5362E9D8806E->s0-GrpcLogAppender: Wait interrupted by java.lang.InterruptedException
2024-02-20 17:17:53,520 [Thread-156] INFO  server.GrpcServerProtocolClient (GrpcServerProtocolClient.java:close(103)) - s4 Close channels
2024-02-20 17:17:53,520 [Thread-161] INFO  server.GrpcServerProtocolClient (GrpcServerProtocolClient.java:close(103)) - s0 Close channels
2024-02-20 17:17:53,514 [s2@group-5362E9D8806E->s3-GrpcLogAppender-LogAppenderDaemon] WARN  server.GrpcLogAppender (GrpcLogAppender.java:mayWait(293)) - s2@group-5362E9D8806E->s3-GrpcLogAppender: Wait interrupted by java.lang.InterruptedException
2024-02-20 17:17:53,519 [s3@group-5362E9D8806E-cacheEviction-AwaitToRun] INFO  util.AwaitToRun (AwaitToRun.java:run(49)) - s3@group-5362E9D8806E-cacheEviction-AwaitToRun-AwaitForSignal is interrupted
2024-02-20 17:17:53,522 [Thread-163] INFO  server.GrpcServerProtocolClient (GrpcServerProtocolClient.java:close(103)) - s2 Close channels
2024-02-20 17:17:53,523 [MiniRaftCluster-2] INFO  server.GrpcService (GrpcService.java:closeImpl(327)) - s4: shutdown server org.apache.ratis.grpc.server.GrpcClientProtocolService successfully
2024-02-20 17:17:53,523 [MiniRaftCluster-2] INFO  server.GrpcService (GrpcService.java:closeImpl(318)) - s4: shutdown server GrpcServerProtocolService now
2024-02-20 17:17:53,524 [MiniRaftCluster-3] INFO  server.GrpcService (GrpcService.java:closeImpl(327)) - s0: shutdown server org.apache.ratis.grpc.server.GrpcClientProtocolService successfully
2024-02-20 17:17:53,524 [MiniRaftCluster-3] INFO  server.GrpcService (GrpcService.java:closeImpl(318)) - s0: shutdown server GrpcServerProtocolService now
2024-02-20 17:17:53,525 [grpc-default-executor-5] INFO  server.GrpcServerProtocolService (GrpcServerProtocolService.java:onCompleted(200)) - s0: Completed APPEND_ENTRIES, lastRequest: s2->s0#33-t2,previous=(t:2, i:9),leaderCommit=9,initializing? false,entries: size=1, first=(t:2, i:10), METADATAENTRY(c:9)
2024-02-20 17:17:53,525 [grpc-default-executor-5] INFO  server.GrpcServerProtocolService (GrpcServerProtocolService.java:lambda$onCompleted$7(202)) - s0: Completed APPEND_ENTRIES, lastReply: null
2024-02-20 17:17:53,525 [grpc-default-executor-1] INFO  server.GrpcServerProtocolService (GrpcServerProtocolService.java:onCompleted(200)) - s3: Completed APPEND_ENTRIES, lastRequest: s2->s3#33-t2,previous=(t:2, i:9),leaderCommit=9,initializing? false,entries: size=1, first=(t:2, i:10), METADATAENTRY(c:9)
2024-02-20 17:17:53,526 [grpc-default-executor-1] INFO  server.GrpcServerProtocolService (GrpcServerProtocolService.java:lambda$onCompleted$7(202)) - s3: Completed APPEND_ENTRIES, lastReply: null
2024-02-20 17:17:53,526 [grpc-default-executor-4] INFO  server.GrpcServerProtocolService (GrpcServerProtocolService.java:onCompleted(200)) - s4: Completed APPEND_ENTRIES, lastRequest: s2->s4#27-t2,previous=(t:2, i:9),leaderCommit=9,initializing? false,entries: size=1, first=(t:2, i:10), METADATAENTRY(c:9)
2024-02-20 17:17:53,526 [grpc-default-executor-4] INFO  server.GrpcServerProtocolService (GrpcServerProtocolService.java:lambda$onCompleted$7(202)) - s4: Completed APPEND_ENTRIES, lastReply: null
2024-02-20 17:17:53,526 [grpc-default-executor-9] INFO  server.GrpcServerProtocolService (GrpcServerProtocolService.java:onCompleted(200)) - s1: Completed APPEND_ENTRIES, lastRequest: s2->s1#37-t2,previous=(t:2, i:9),leaderCommit=9,initializing? false,entries: size=1, first=(t:2, i:10), METADATAENTRY(c:9)
2024-02-20 17:17:53,526 [grpc-default-executor-11] INFO  server.GrpcServerProtocolService (GrpcServerProtocolService.java:onCompleted(200)) - s4: Completed APPEND_ENTRIES, lastRequest: null
2024-02-20 17:17:53,526 [grpc-default-executor-15] INFO  server.GrpcServerProtocolService (GrpcServerProtocolService.java:onCompleted(200)) - s0: Completed APPEND_ENTRIES, lastRequest: null
2024-02-20 17:17:53,526 [grpc-default-executor-9] INFO  server.GrpcServerProtocolService (GrpcServerProtocolService.java:lambda$onCompleted$7(202)) - s1: Completed APPEND_ENTRIES, lastReply: null
2024-02-20 17:17:53,530 [grpc-default-executor-12] INFO  server.GrpcLogAppender (GrpcLogAppender.java:onError(537)) - s2@group-5362E9D8806E->s4-GrpcLogAppender is already stopped
2024-02-20 17:17:53,530 [grpc-default-executor-12] INFO  server.GrpcLogAppender (GrpcLogAppender.java:onCompleted(550)) - s2@group-5362E9D8806E->s3-AppendLogResponseHandler: follower responses appendEntries COMPLETED
2024-02-20 17:17:53,531 [grpc-default-executor-12] WARN  server.GrpcLogAppender (GrpcLogAppender.java:resetClient(230)) - s2@group-5362E9D8806E->s3-GrpcLogAppender: Failed to getClient for s3
org.apache.ratis.protocol.exceptions.AlreadyClosedException: s2 is already CLOSED
	at org.apache.ratis.util.PeerProxyMap$PeerAndProxy.getProxy(PeerProxyMap.java:66)
	at org.apache.ratis.util.PeerProxyMap.getProxy(PeerProxyMap.java:123)
	at org.apache.ratis.grpc.server.GrpcLogAppender.getClient(GrpcLogAppender.java:200)
	at org.apache.ratis.grpc.server.GrpcLogAppender.resetClient(GrpcLogAppender.java:205)
	at org.apache.ratis.grpc.server.GrpcLogAppender.access$800(GrpcLogAppender.java:64)
	at org.apache.ratis.grpc.server.GrpcLogAppender$AppendLogResponseHandler.onCompleted(GrpcLogAppender.java:551)
	at org.apache.ratis.thirdparty.io.grpc.stub.ClientCalls$StreamObserverToCallListenerAdapter.onClose(ClientCalls.java:479)
	at org.apache.ratis.thirdparty.io.grpc.internal.ClientCallImpl.closeObserver(ClientCallImpl.java:567)
	at org.apache.ratis.thirdparty.io.grpc.internal.ClientCallImpl.access$300(ClientCallImpl.java:71)
	at org.apache.ratis.thirdparty.io.grpc.internal.ClientCallImpl$ClientStreamListenerImpl$1StreamClosed.runInternal(ClientCallImpl.java:735)
	at org.apache.ratis.thirdparty.io.grpc.internal.ClientCallImpl$ClientStreamListenerImpl$1StreamClosed.runInContext(ClientCallImpl.java:716)
	at org.apache.ratis.thirdparty.io.grpc.internal.ContextRunnable.run(ContextRunnable.java:37)
	at org.apache.ratis.thirdparty.io.grpc.internal.SerializingExecutor.run(SerializingExecutor.java:133)
	at java.util.concurrent.ThreadPoolExecutor.runWorker(ThreadPoolExecutor.java:1149)
	at java.util.concurrent.ThreadPoolExecutor$Worker.run(ThreadPoolExecutor.java:624)
	at java.lang.Thread.run(Thread.java:750)
2024-02-20 17:17:53,530 [grpc-default-executor-9] INFO  server.GrpcServerProtocolService (GrpcServerProtocolService.java:onCompleted(200)) - s3: Completed APPEND_ENTRIES, lastRequest: null
2024-02-20 17:17:53,532 [grpc-default-executor-2] INFO  server.GrpcLogAppender (GrpcLogAppender.java:onError(537)) - s2@group-5362E9D8806E->s4-GrpcLogAppender is already stopped
2024-02-20 17:17:53,533 [MiniRaftCluster-2] INFO  server.GrpcService (GrpcService.java:closeImpl(327)) - s4: shutdown server GrpcServerProtocolService successfully
2024-02-20 17:17:53,533 [MiniRaftCluster-2] INFO  server.GrpcService (GrpcService.java:closeImpl(318)) - s4: shutdown server org.apache.ratis.grpc.server.GrpcAdminProtocolService now
2024-02-20 17:17:53,533 [grpc-default-executor-2] INFO  server.GrpcServerProtocolService (GrpcServerProtocolService.java:onCompleted(200)) - s1: Completed APPEND_ENTRIES, lastRequest: null
2024-02-20 17:17:53,533 [MiniRaftCluster-2] INFO  server.GrpcService (GrpcService.java:closeImpl(327)) - s4: shutdown server org.apache.ratis.grpc.server.GrpcAdminProtocolService successfully
2024-02-20 17:17:53,534 [grpc-default-executor-13] INFO  server.GrpcLogAppender (GrpcLogAppender.java:onCompleted(550)) - s2@group-5362E9D8806E->s0-AppendLogResponseHandler: follower responses appendEntries COMPLETED
2024-02-20 17:17:53,534 [grpc-default-executor-13] WARN  server.GrpcLogAppender (GrpcLogAppender.java:resetClient(230)) - s2@group-5362E9D8806E->s0-GrpcLogAppender: Failed to getClient for s0
org.apache.ratis.protocol.exceptions.AlreadyClosedException: s2 is already CLOSED
	at org.apache.ratis.util.PeerProxyMap$PeerAndProxy.getProxy(PeerProxyMap.java:66)
	at org.apache.ratis.util.PeerProxyMap.getProxy(PeerProxyMap.java:123)
	at org.apache.ratis.grpc.server.GrpcLogAppender.getClient(GrpcLogAppender.java:200)
	at org.apache.ratis.grpc.server.GrpcLogAppender.resetClient(GrpcLogAppender.java:205)
	at org.apache.ratis.grpc.server.GrpcLogAppender.access$800(GrpcLogAppender.java:64)
	at org.apache.ratis.grpc.server.GrpcLogAppender$AppendLogResponseHandler.onCompleted(GrpcLogAppender.java:551)
	at org.apache.ratis.thirdparty.io.grpc.stub.ClientCalls$StreamObserverToCallListenerAdapter.onClose(ClientCalls.java:479)
	at org.apache.ratis.thirdparty.io.grpc.internal.ClientCallImpl.closeObserver(ClientCallImpl.java:567)
	at org.apache.ratis.thirdparty.io.grpc.internal.ClientCallImpl.access$300(ClientCallImpl.java:71)
	at org.apache.ratis.thirdparty.io.grpc.internal.ClientCallImpl$ClientStreamListenerImpl$1StreamClosed.runInternal(ClientCallImpl.java:735)
	at org.apache.ratis.thirdparty.io.grpc.internal.ClientCallImpl$ClientStreamListenerImpl$1StreamClosed.runInContext(ClientCallImpl.java:716)
	at org.apache.ratis.thirdparty.io.grpc.internal.ContextRunnable.run(ContextRunnable.java:37)
	at org.apache.ratis.thirdparty.io.grpc.internal.SerializingExecutor.run(SerializingExecutor.java:133)
	at java.util.concurrent.ThreadPoolExecutor.runWorker(ThreadPoolExecutor.java:1149)
	at java.util.concurrent.ThreadPoolExecutor$Worker.run(ThreadPoolExecutor.java:624)
	at java.lang.Thread.run(Thread.java:750)
2024-02-20 17:17:53,535 [MiniRaftCluster-3] INFO  server.GrpcService (GrpcService.java:closeImpl(327)) - s0: shutdown server GrpcServerProtocolService successfully
2024-02-20 17:17:53,535 [MiniRaftCluster-3] INFO  server.GrpcService (GrpcService.java:closeImpl(318)) - s0: shutdown server org.apache.ratis.grpc.server.GrpcAdminProtocolService now
2024-02-20 17:17:53,535 [MiniRaftCluster-1] INFO  server.GrpcService (GrpcService.java:closeImpl(327)) - s3: shutdown server org.apache.ratis.grpc.server.GrpcClientProtocolService successfully
2024-02-20 17:17:53,535 [MiniRaftCluster-1] INFO  server.GrpcService (GrpcService.java:closeImpl(318)) - s3: shutdown server GrpcServerProtocolService now
2024-02-20 17:17:53,535 [MiniRaftCluster-3] INFO  server.GrpcService (GrpcService.java:closeImpl(327)) - s0: shutdown server org.apache.ratis.grpc.server.GrpcAdminProtocolService successfully
2024-02-20 17:17:53,536 [grpc-default-executor-11] INFO  server.GrpcServerProtocolService (GrpcServerProtocolService.java:lambda$onCompleted$7(202)) - s4: Completed APPEND_ENTRIES, lastReply: serverReply {
  requestorId: "s2"
  replyId: "s4"
  raftGroupId {
    id: "#\374|w\355\245GB\234bSb\351\330\200n"
  }
  callId: 4
  success: true
}
term: 2
nextIndex: 1
matchIndex: 18446744073709551615
isHearbeat: true

2024-02-20 17:17:53,536 [grpc-default-executor-2] INFO  server.GrpcServerProtocolService (GrpcServerProtocolService.java:lambda$onCompleted$7(202)) - s1: Completed APPEND_ENTRIES, lastReply: serverReply {
  requestorId: "s2"
  replyId: "s1"
  raftGroupId {
    id: "#\374|w\355\245GB\234bSb\351\330\200n"
  }
  callId: 5
  success: true
}
term: 2
nextIndex: 1
matchIndex: 18446744073709551615
isHearbeat: true

2024-02-20 17:17:53,537 [grpc-default-executor-9] INFO  server.GrpcServerProtocolService (GrpcServerProtocolService.java:lambda$onCompleted$7(202)) - s3: Completed APPEND_ENTRIES, lastReply: serverReply {
  requestorId: "s2"
  replyId: "s3"
  raftGroupId {
    id: "#\374|w\355\245GB\234bSb\351\330\200n"
  }
  callId: 5
  success: true
}
term: 2
nextIndex: 1
matchIndex: 18446744073709551615
isHearbeat: true

2024-02-20 17:17:53,539 [MiniRaftCluster-4] INFO  server.GrpcService (GrpcService.java:closeImpl(327)) - s1: shutdown server org.apache.ratis.grpc.server.GrpcClientProtocolService successfully
2024-02-20 17:17:53,539 [MiniRaftCluster-4] INFO  server.GrpcService (GrpcService.java:closeImpl(318)) - s1: shutdown server GrpcServerProtocolService now
2024-02-20 17:17:53,540 [grpc-default-executor-13] INFO  server.GrpcLogAppender (GrpcLogAppender.java:onCompleted(550)) - s2@group-5362E9D8806E->s1-AppendLogResponseHandler: follower responses appendEntries COMPLETED
2024-02-20 17:17:53,541 [grpc-default-executor-13] WARN  server.GrpcLogAppender (GrpcLogAppender.java:resetClient(230)) - s2@group-5362E9D8806E->s1-GrpcLogAppender: Failed to getClient for s1
org.apache.ratis.protocol.exceptions.AlreadyClosedException: s2 is already CLOSED
	at org.apache.ratis.util.PeerProxyMap$PeerAndProxy.getProxy(PeerProxyMap.java:66)
	at org.apache.ratis.util.PeerProxyMap.getProxy(PeerProxyMap.java:123)
	at org.apache.ratis.grpc.server.GrpcLogAppender.getClient(GrpcLogAppender.java:200)
	at org.apache.ratis.grpc.server.GrpcLogAppender.resetClient(GrpcLogAppender.java:205)
	at org.apache.ratis.grpc.server.GrpcLogAppender.access$800(GrpcLogAppender.java:64)
	at org.apache.ratis.grpc.server.GrpcLogAppender$AppendLogResponseHandler.onCompleted(GrpcLogAppender.java:551)
	at org.apache.ratis.thirdparty.io.grpc.stub.ClientCalls$StreamObserverToCallListenerAdapter.onClose(ClientCalls.java:479)
	at org.apache.ratis.thirdparty.io.grpc.internal.ClientCallImpl.closeObserver(ClientCallImpl.java:567)
	at org.apache.ratis.thirdparty.io.grpc.internal.ClientCallImpl.access$300(ClientCallImpl.java:71)
	at org.apache.ratis.thirdparty.io.grpc.internal.ClientCallImpl$ClientStreamListenerImpl$1StreamClosed.runInternal(ClientCallImpl.java:735)
	at org.apache.ratis.thirdparty.io.grpc.internal.ClientCallImpl$ClientStreamListenerImpl$1StreamClosed.runInContext(ClientCallImpl.java:716)
	at org.apache.ratis.thirdparty.io.grpc.internal.ContextRunnable.run(ContextRunnable.java:37)
	at org.apache.ratis.thirdparty.io.grpc.internal.SerializingExecutor.run(SerializingExecutor.java:133)
	at java.util.concurrent.ThreadPoolExecutor.runWorker(ThreadPoolExecutor.java:1149)
	at java.util.concurrent.ThreadPoolExecutor$Worker.run(ThreadPoolExecutor.java:624)
	at java.lang.Thread.run(Thread.java:750)
2024-02-20 17:17:53,542 [MiniRaftCluster-1] INFO  server.GrpcService (GrpcService.java:closeImpl(327)) - s3: shutdown server GrpcServerProtocolService successfully
2024-02-20 17:17:53,542 [MiniRaftCluster-1] INFO  server.GrpcService (GrpcService.java:closeImpl(318)) - s3: shutdown server org.apache.ratis.grpc.server.GrpcAdminProtocolService now
2024-02-20 17:17:53,543 [MiniRaftCluster-1] INFO  server.GrpcService (GrpcService.java:closeImpl(327)) - s3: shutdown server org.apache.ratis.grpc.server.GrpcAdminProtocolService successfully
2024-02-20 17:17:53,544 [MiniRaftCluster-4] INFO  server.GrpcService (GrpcService.java:closeImpl(327)) - s1: shutdown server GrpcServerProtocolService successfully
2024-02-20 17:17:53,544 [MiniRaftCluster-4] INFO  server.GrpcService (GrpcService.java:closeImpl(318)) - s1: shutdown server org.apache.ratis.grpc.server.GrpcAdminProtocolService now
2024-02-20 17:17:53,544 [MiniRaftCluster-4] INFO  server.GrpcService (GrpcService.java:closeImpl(327)) - s1: shutdown server org.apache.ratis.grpc.server.GrpcAdminProtocolService successfully
2024-02-20 17:17:53,547 [grpc-default-executor-0] INFO  server.GrpcLogAppender (GrpcLogAppender.java:onError(537)) - s2@group-5362E9D8806E->s0-GrpcLogAppender is already stopped
2024-02-20 17:17:53,547 [grpc-default-executor-13] INFO  server.GrpcLogAppender (GrpcLogAppender.java:onError(537)) - s2@group-5362E9D8806E->s3-GrpcLogAppender is already stopped
2024-02-20 17:17:53,547 [grpc-default-executor-5] INFO  server.GrpcLogAppender (GrpcLogAppender.java:onCompleted(550)) - s2@group-5362E9D8806E->s1-AppendLogResponseHandler: follower responses appendEntries COMPLETED
2024-02-20 17:17:53,547 [grpc-default-executor-5] WARN  server.GrpcLogAppender (GrpcLogAppender.java:resetClient(230)) - s2@group-5362E9D8806E->s1-GrpcLogAppender: Failed to getClient for s1
org.apache.ratis.protocol.exceptions.AlreadyClosedException: s2 is already CLOSED
	at org.apache.ratis.util.PeerProxyMap$PeerAndProxy.getProxy(PeerProxyMap.java:66)
	at org.apache.ratis.util.PeerProxyMap.getProxy(PeerProxyMap.java:123)
	at org.apache.ratis.grpc.server.GrpcLogAppender.getClient(GrpcLogAppender.java:200)
	at org.apache.ratis.grpc.server.GrpcLogAppender.resetClient(GrpcLogAppender.java:205)
	at org.apache.ratis.grpc.server.GrpcLogAppender.access$800(GrpcLogAppender.java:64)
	at org.apache.ratis.grpc.server.GrpcLogAppender$AppendLogResponseHandler.onCompleted(GrpcLogAppender.java:551)
	at org.apache.ratis.thirdparty.io.grpc.stub.ClientCalls$StreamObserverToCallListenerAdapter.onClose(ClientCalls.java:479)
	at org.apache.ratis.thirdparty.io.grpc.internal.DelayedClientCall$DelayedListener$3.run(DelayedClientCall.java:489)
	at org.apache.ratis.thirdparty.io.grpc.internal.DelayedClientCall$DelayedListener.delayOrExecute(DelayedClientCall.java:453)
	at org.apache.ratis.thirdparty.io.grpc.internal.DelayedClientCall$DelayedListener.onClose(DelayedClientCall.java:486)
	at org.apache.ratis.thirdparty.io.grpc.internal.ClientCallImpl.closeObserver(ClientCallImpl.java:567)
	at org.apache.ratis.thirdparty.io.grpc.internal.ClientCallImpl.access$300(ClientCallImpl.java:71)
	at org.apache.ratis.thirdparty.io.grpc.internal.ClientCallImpl$ClientStreamListenerImpl$1StreamClosed.runInternal(ClientCallImpl.java:735)
	at org.apache.ratis.thirdparty.io.grpc.internal.ClientCallImpl$ClientStreamListenerImpl$1StreamClosed.runInContext(ClientCallImpl.java:716)
	at org.apache.ratis.thirdparty.io.grpc.internal.ContextRunnable.run(ContextRunnable.java:37)
	at org.apache.ratis.thirdparty.io.grpc.internal.SerializingExecutor.run(SerializingExecutor.java:133)
	at java.util.concurrent.ThreadPoolExecutor.runWorker(ThreadPoolExecutor.java:1149)
	at java.util.concurrent.ThreadPoolExecutor$Worker.run(ThreadPoolExecutor.java:624)
	at java.lang.Thread.run(Thread.java:750)
2024-02-20 17:17:53,548 [MiniRaftCluster-5] INFO  server.GrpcService (GrpcService.java:closeImpl(327)) - s2: shutdown server org.apache.ratis.grpc.server.GrpcClientProtocolService successfully
2024-02-20 17:17:53,548 [MiniRaftCluster-5] INFO  server.GrpcService (GrpcService.java:closeImpl(318)) - s2: shutdown server GrpcServerProtocolService now
2024-02-20 17:17:53,548 [grpc-default-executor-15] INFO  server.GrpcServerProtocolService (GrpcServerProtocolService.java:lambda$onCompleted$7(202)) - s0: Completed APPEND_ENTRIES, lastReply: serverReply {
  requestorId: "s2"
  replyId: "s0"
  raftGroupId {
    id: "#\374|w\355\245GB\234bSb\351\330\200n"
  }
  callId: 4
  success: true
}
term: 2
nextIndex: 1
matchIndex: 18446744073709551615
isHearbeat: true

2024-02-20 17:17:53,548 [MiniRaftCluster-5] INFO  server.GrpcService (GrpcService.java:closeImpl(327)) - s2: shutdown server GrpcServerProtocolService successfully
2024-02-20 17:17:53,548 [MiniRaftCluster-5] INFO  server.GrpcService (GrpcService.java:closeImpl(318)) - s2: shutdown server org.apache.ratis.grpc.server.GrpcAdminProtocolService now
2024-02-20 17:17:53,549 [s2-impl-thread1] INFO  impl.StateMachineUpdater (StateMachineUpdater.java:stopAndJoin(157)) - s2@group-5362E9D8806E-StateMachineUpdater: set stopIndex = 10
2024-02-20 17:17:53,549 [s2-impl-thread1] INFO  server.RaftServer$Division (ServerState.java:close(424)) - s2@group-5362E9D8806E: applyIndex: 10
2024-02-20 17:17:53,549 [s2@group-5362E9D8806E-cacheEviction-AwaitToRun] INFO  util.AwaitToRun (AwaitToRun.java:run(49)) - s2@group-5362E9D8806E-cacheEviction-AwaitToRun-AwaitForSignal is interrupted
2024-02-20 17:17:53,550 [MiniRaftCluster-5] INFO  server.GrpcService (GrpcService.java:closeImpl(327)) - s2: shutdown server org.apache.ratis.grpc.server.GrpcAdminProtocolService successfully
2024-02-20 17:17:54,036 [Timer-0] INFO  impl.MiniRaftCluster (MiniRaftCluster.java:lambda$null$7(349)) - TIMED-PRINT: printing ALL groups
  s3:  CLOSING  FOLLOWER s3@group-5362E9D8806E:t2, leader=s2, voted=s2, raftlog=Memoized:s3@group-5362E9D8806E-SegmentedRaftLog:CLOSED:c9, conf=0: peers:[s3|localhost:15012, s4|localhost:15016, s0|localhost:15000, s1|localhost:15004, s2|localhost:15008]|listeners:[], old=null CLOSING
  s4:  CLOSING  FOLLOWER s4@group-5362E9D8806E:t2, leader=s2, voted=s2, raftlog=Memoized:s4@group-5362E9D8806E-SegmentedRaftLog:CLOSED:c9, conf=0: peers:[s3|localhost:15012, s4|localhost:15016, s0|localhost:15000, s1|localhost:15004, s2|localhost:15008]|listeners:[], old=null CLOSING
  s0:  CLOSING  FOLLOWER s0@group-5362E9D8806E:t2, leader=s2, voted=s2, raftlog=Memoized:s0@group-5362E9D8806E-SegmentedRaftLog:CLOSED:c9, conf=0: peers:[s3|localhost:15012, s4|localhost:15016, s0|localhost:15000, s1|localhost:15004, s2|localhost:15008]|listeners:[], old=null CLOSING
  s1:  CLOSING  FOLLOWER s1@group-5362E9D8806E:t2, leader=s2, voted=s2, raftlog=Memoized:s1@group-5362E9D8806E-SegmentedRaftLog:CLOSED:c9, conf=0: peers:[s3|localhost:15012, s4|localhost:15016, s0|localhost:15000, s1|localhost:15004, s2|localhost:15008]|listeners:[], old=null CLOSING
  s2:  CLOSING    LEADER s2@group-5362E9D8806E:t2, leader=s2, voted=s2, raftlog=Memoized:s2@group-5362E9D8806E-SegmentedRaftLog:CLOSED:c10, conf=0: peers:[s3|localhost:15012, s4|localhost:15016, s0|localhost:15000, s1|localhost:15004, s2|localhost:15008]|listeners:[], old=null CLOSING
2024-02-20 17:17:54,438 [s2-impl-thread1] INFO  segmented.SegmentedRaftLogWorker (SegmentedRaftLogWorker.java:close(245)) - s2@group-5362E9D8806E-SegmentedRaftLogWorker close()
2024-02-20 17:17:54,439 [JvmPauseMonitor4] INFO  util.JvmPauseMonitor (JvmPauseMonitor.java:run(152)) - JvmPauseMonitor-s2: Stopped
2024-02-20 17:17:54,441 [s4-impl-thread1] INFO  segmented.SegmentedRaftLogWorker (SegmentedRaftLogWorker.java:close(245)) - s4@group-5362E9D8806E-SegmentedRaftLogWorker close()
2024-02-20 17:17:54,442 [JvmPauseMonitor1] INFO  util.JvmPauseMonitor (JvmPauseMonitor.java:run(152)) - JvmPauseMonitor-s4: Stopped
2024-02-20 17:17:54,452 [s1-impl-thread1] INFO  segmented.SegmentedRaftLogWorker (SegmentedRaftLogWorker.java:close(245)) - s1@group-5362E9D8806E-SegmentedRaftLogWorker close()
2024-02-20 17:17:54,453 [JvmPauseMonitor3] INFO  util.JvmPauseMonitor (JvmPauseMonitor.java:run(152)) - JvmPauseMonitor-s1: Stopped
2024-02-20 17:17:54,455 [s0-impl-thread1] INFO  segmented.SegmentedRaftLogWorker (SegmentedRaftLogWorker.java:close(245)) - s0@group-5362E9D8806E-SegmentedRaftLogWorker close()
2024-02-20 17:17:54,455 [JvmPauseMonitor2] INFO  util.JvmPauseMonitor (JvmPauseMonitor.java:run(152)) - JvmPauseMonitor-s0: Stopped
2024-02-20 17:17:54,458 [s3-impl-thread1] INFO  segmented.SegmentedRaftLogWorker (SegmentedRaftLogWorker.java:close(245)) - s3@group-5362E9D8806E-SegmentedRaftLogWorker close()
2024-02-20 17:17:54,460 [JvmPauseMonitor0] INFO  util.JvmPauseMonitor (JvmPauseMonitor.java:run(152)) - JvmPauseMonitor-s3: Stopped
2024-02-20 17:17:54,460 [main] INFO  impl.MiniRaftCluster (MiniRaftCluster.java:shutdown(857)) - MiniRaftClusterWithGrpc shutdown completed
2024-02-20 17:17:54,460 [main] INFO  ratis.RaftTestUtil (RaftTestUtil.java:gc(578)) - gc 0
2024-02-20 17:17:54,622 [main] INFO  impl.MiniRaftCluster (MiniRaftClusterWithGrpc.java:lambda$null$2(97)) - Checking s3-group-5362E9D8806E
2024-02-20 17:17:54,623 [main] INFO  impl.MiniRaftCluster (MiniRaftClusterWithGrpc.java:lambda$null$2(97)) - Checking s4-group-5362E9D8806E
2024-02-20 17:17:54,623 [main] INFO  impl.MiniRaftCluster (MiniRaftClusterWithGrpc.java:lambda$null$2(97)) - Checking s0-group-5362E9D8806E
2024-02-20 17:17:54,623 [main] INFO  impl.MiniRaftCluster (MiniRaftClusterWithGrpc.java:lambda$null$2(97)) - Checking s1-group-5362E9D8806E
2024-02-20 17:17:54,623 [main] INFO  impl.MiniRaftCluster (MiniRaftClusterWithGrpc.java:lambda$null$2(97)) - Checking s2-group-5362E9D8806E
]]></system-out>
  </testcase>
</testsuite>