<?xml version="1.0" encoding="UTF-8"?>
<testsuite xmlns:xsi="http://www.w3.org/2001/XMLSchema-instance" xsi:noNamespaceSchemaLocation="https://maven.apache.org/surefire/maven-surefire-plugin/xsd/surefire-test-report.xsd" name="org.apache.ratis.grpc.TestLeaderInstallSnapshot" time="18.044" tests="4" errors="0" skipped="0" failures="2">
  <properties>
    <property name="awt.toolkit" value="sun.awt.X11.XToolkit"/>
    <property name="java.specification.version" value="11"/>
    <property name="sun.cpu.isalist" value=""/>
    <property name="sun.jnu.encoding" value="UTF-8"/>
    <property name="java.class.path" value="/home/runner/work/ratis/ratis/ratis-test/target/test-classes:/home/runner/work/ratis/ratis/ratis-test/target/classes:/home/runner/work/ratis/ratis/ratis-common/target/classes:/home/runner/.m2/repository/org/apache/ratis/ratis-thirdparty-misc/1.0.3/ratis-thirdparty-misc-1.0.3.jar:/home/runner/work/ratis/ratis/ratis-proto/target/ratis-proto-3.0.0-SNAPSHOT.jar:/home/runner/work/ratis/ratis/ratis-common/target/test-classes:/home/runner/work/ratis/ratis/ratis-client/target/classes:/home/runner/work/ratis/ratis/ratis-server/target/classes:/home/runner/work/ratis/ratis/ratis-server-api/target/classes:/home/runner/work/ratis/ratis/ratis-metrics-api/target/classes:/home/runner/work/ratis/ratis/ratis-server/target/test-classes:/home/runner/work/ratis/ratis/ratis-metrics-default/target/classes:/home/runner/work/ratis/ratis/ratis-netty/target/classes:/home/runner/work/ratis/ratis/ratis-netty/target/test-classes:/home/runner/work/ratis/ratis/ratis-grpc/target/classes:/home/runner/work/ratis/ratis/ratis-grpc/target/test-classes:/home/runner/work/ratis/ratis/ratis-shell/target/classes:/home/runner/.m2/repository/commons-cli/commons-cli/1.5.0/commons-cli-1.5.0.jar:/home/runner/.m2/repository/org/reflections/reflections/0.10.2/reflections-0.10.2.jar:/home/runner/.m2/repository/org/javassist/javassist/3.28.0-GA/javassist-3.28.0-GA.jar:/home/runner/.m2/repository/com/google/code/findbugs/jsr305/3.0.2/jsr305-3.0.2.jar:/home/runner/.m2/repository/org/bouncycastle/bcprov-jdk15on/1.70/bcprov-jdk15on-1.70.jar:/home/runner/.m2/repository/org/bouncycastle/bcpkix-jdk15on/1.70/bcpkix-jdk15on-1.70.jar:/home/runner/.m2/repository/org/bouncycastle/bcutil-jdk15on/1.70/bcutil-jdk15on-1.70.jar:/home/runner/.m2/repository/org/slf4j/slf4j-api/1.7.36/slf4j-api-1.7.36.jar:/home/runner/.m2/repository/org/slf4j/slf4j-reload4j/1.7.36/slf4j-reload4j-1.7.36.jar:/home/runner/.m2/repository/ch/qos/reload4j/reload4j/1.2.19/reload4j-1.2.19.jar:/home/runner/.m2/repository/junit/junit/4.13.2/junit-4.13.2.jar:/home/runner/.m2/repository/org/hamcrest/hamcrest-core/1.3/hamcrest-core-1.3.jar:/home/runner/.m2/repository/org/mockito/mockito-core/4.3.1/mockito-core-4.3.1.jar:/home/runner/.m2/repository/net/bytebuddy/byte-buddy/1.12.7/byte-buddy-1.12.7.jar:/home/runner/.m2/repository/net/bytebuddy/byte-buddy-agent/1.12.7/byte-buddy-agent-1.12.7.jar:/home/runner/.m2/repository/org/objenesis/objenesis/3.2/objenesis-3.2.jar:"/>
    <property name="java.vm.vendor" value="Eclipse Adoptium"/>
    <property name="sun.arch.data.model" value="64"/>
    <property name="java.vendor.url" value="https://adoptium.net/"/>
    <property name="user.timezone" value=""/>
    <property name="java.vm.specification.version" value="11"/>
    <property name="os.name" value="Linux"/>
    <property name="sun.java.launcher" value="SUN_STANDARD"/>
    <property name="sun.boot.library.path" value="/usr/lib/jvm/temurin-11-jdk-amd64/lib"/>
    <property name="sun.java.command" value="/home/runner/work/ratis/ratis/ratis-test/target/surefire/surefirebooter5080032772128584998.jar /home/runner/work/ratis/ratis/ratis-test/target/surefire 2023-02-01T13-18-57_029-jvmRun1 surefire15166749791722193402tmp surefire_291375155910797093524tmp"/>
    <property name="jdk.debug" value="release"/>
    <property name="surefire.test.class.path" value="/home/runner/work/ratis/ratis/ratis-test/target/test-classes:/home/runner/work/ratis/ratis/ratis-test/target/classes:/home/runner/work/ratis/ratis/ratis-common/target/classes:/home/runner/.m2/repository/org/apache/ratis/ratis-thirdparty-misc/1.0.3/ratis-thirdparty-misc-1.0.3.jar:/home/runner/work/ratis/ratis/ratis-proto/target/ratis-proto-3.0.0-SNAPSHOT.jar:/home/runner/work/ratis/ratis/ratis-common/target/test-classes:/home/runner/work/ratis/ratis/ratis-client/target/classes:/home/runner/work/ratis/ratis/ratis-server/target/classes:/home/runner/work/ratis/ratis/ratis-server-api/target/classes:/home/runner/work/ratis/ratis/ratis-metrics-api/target/classes:/home/runner/work/ratis/ratis/ratis-server/target/test-classes:/home/runner/work/ratis/ratis/ratis-metrics-default/target/classes:/home/runner/work/ratis/ratis/ratis-netty/target/classes:/home/runner/work/ratis/ratis/ratis-netty/target/test-classes:/home/runner/work/ratis/ratis/ratis-grpc/target/classes:/home/runner/work/ratis/ratis/ratis-grpc/target/test-classes:/home/runner/work/ratis/ratis/ratis-shell/target/classes:/home/runner/.m2/repository/commons-cli/commons-cli/1.5.0/commons-cli-1.5.0.jar:/home/runner/.m2/repository/org/reflections/reflections/0.10.2/reflections-0.10.2.jar:/home/runner/.m2/repository/org/javassist/javassist/3.28.0-GA/javassist-3.28.0-GA.jar:/home/runner/.m2/repository/com/google/code/findbugs/jsr305/3.0.2/jsr305-3.0.2.jar:/home/runner/.m2/repository/org/bouncycastle/bcprov-jdk15on/1.70/bcprov-jdk15on-1.70.jar:/home/runner/.m2/repository/org/bouncycastle/bcpkix-jdk15on/1.70/bcpkix-jdk15on-1.70.jar:/home/runner/.m2/repository/org/bouncycastle/bcutil-jdk15on/1.70/bcutil-jdk15on-1.70.jar:/home/runner/.m2/repository/org/slf4j/slf4j-api/1.7.36/slf4j-api-1.7.36.jar:/home/runner/.m2/repository/org/slf4j/slf4j-reload4j/1.7.36/slf4j-reload4j-1.7.36.jar:/home/runner/.m2/repository/ch/qos/reload4j/reload4j/1.2.19/reload4j-1.2.19.jar:/home/runner/.m2/repository/junit/junit/4.13.2/junit-4.13.2.jar:/home/runner/.m2/repository/org/hamcrest/hamcrest-core/1.3/hamcrest-core-1.3.jar:/home/runner/.m2/repository/org/mockito/mockito-core/4.3.1/mockito-core-4.3.1.jar:/home/runner/.m2/repository/net/bytebuddy/byte-buddy/1.12.7/byte-buddy-1.12.7.jar:/home/runner/.m2/repository/net/bytebuddy/byte-buddy-agent/1.12.7/byte-buddy-agent-1.12.7.jar:/home/runner/.m2/repository/org/objenesis/objenesis/3.2/objenesis-3.2.jar:"/>
    <property name="sun.cpu.endian" value="little"/>
    <property name="user.home" value="/home/runner"/>
    <property name="user.language" value="en"/>
    <property name="java.specification.vendor" value="Oracle Corporation"/>
    <property name="java.version.date" value="2022-10-18"/>
    <property name="java.home" value="/usr/lib/jvm/temurin-11-jdk-amd64"/>
    <property name="file.separator" value="/"/>
    <property name="basedir" value="/home/runner/work/ratis/ratis/ratis-test"/>
    <property name="java.vm.compressedOopsMode" value="32-bit"/>
    <property name="line.separator" value="&#10;"/>
    <property name="java.specification.name" value="Java Platform API Specification"/>
    <property name="java.vm.specification.vendor" value="Oracle Corporation"/>
    <property name="java.awt.graphicsenv" value="sun.awt.X11GraphicsEnvironment"/>
    <property name="surefire.real.class.path" value="/home/runner/work/ratis/ratis/ratis-test/target/surefire/surefirebooter5080032772128584998.jar"/>
    <property name="sun.management.compiler" value="HotSpot 64-Bit Tiered Compilers"/>
    <property name="java.runtime.version" value="11.0.17+8"/>
    <property name="user.name" value="runner"/>
    <property name="java.net.preferIPv4Stack" value="true"/>
    <property name="path.separator" value=":"/>
    <property name="os.version" value="5.15.0-1031-azure"/>
    <property name="java.runtime.name" value="OpenJDK Runtime Environment"/>
    <property name="file.encoding" value="UTF-8"/>
    <property name="java.vm.name" value="OpenJDK 64-Bit Server VM"/>
    <property name="java.vendor.version" value="Temurin-11.0.17+8"/>
    <property name="localRepository" value="/home/runner/.m2/repository"/>
    <property name="java.vendor.url.bug" value="https://github.com/adoptium/adoptium-support/issues"/>
    <property name="java.io.tmpdir" value="/tmp"/>
    <property name="java.version" value="11.0.17"/>
    <property name="user.dir" value="/home/runner/work/ratis/ratis/ratis-test"/>
    <property name="os.arch" value="amd64"/>
    <property name="ratis.tmp.dir" value="/home/runner/work/ratis/ratis/ratis-test/target/tmp"/>
    <property name="java.vm.specification.name" value="Java Virtual Machine Specification"/>
    <property name="java.awt.printerjob" value="sun.print.PSPrinterJob"/>
    <property name="ratis.log.dir" value="/home/runner/work/ratis/ratis/ratis-test/target/log"/>
    <property name="sun.os.patch.level" value="unknown"/>
    <property name="java.library.path" value="/usr/java/packages/lib:/usr/lib64:/lib64:/lib:/usr/lib"/>
    <property name="java.vm.info" value="mixed mode"/>
    <property name="java.vendor" value="Eclipse Adoptium"/>
    <property name="java.vm.version" value="11.0.17+8"/>
    <property name="sun.io.unicode.encoding" value="UnicodeLittle"/>
    <property name="java.class.version" value="55.0"/>
  </properties>
  <testcase name="testMultiFileInstallSnapshot[0]" classname="org.apache.ratis.grpc.TestLeaderInstallSnapshot" time="3.368"/>
  <testcase name="testSeparateSnapshotInstallPath[0]" classname="org.apache.ratis.grpc.TestLeaderInstallSnapshot" time="6.388">
    <failure type="java.lang.AssertionError">java.lang.AssertionError
	at org.junit.Assert.fail(Assert.java:87)
	at org.junit.Assert.assertTrue(Assert.java:42)
	at org.junit.Assert.assertNotNull(Assert.java:713)
	at org.junit.Assert.assertNotNull(Assert.java:723)
	at org.apache.ratis.InstallSnapshotFromLeaderTests.testMultiFileInstallSnapshot(InstallSnapshotFromLeaderTests.java:121)
	at org.apache.ratis.server.impl.MiniRaftCluster$Factory$Get.runWithNewCluster(MiniRaftCluster.java:141)
	at org.apache.ratis.server.impl.MiniRaftCluster$Factory$Get.runWithNewCluster(MiniRaftCluster.java:121)
	at org.apache.ratis.InstallSnapshotFromLeaderTests.testSeparateSnapshotInstallPath(InstallSnapshotFromLeaderTests.java:86)
	at java.base/jdk.internal.reflect.NativeMethodAccessorImpl.invoke0(Native Method)
	at java.base/jdk.internal.reflect.NativeMethodAccessorImpl.invoke(NativeMethodAccessorImpl.java:62)
	at java.base/jdk.internal.reflect.DelegatingMethodAccessorImpl.invoke(DelegatingMethodAccessorImpl.java:43)
	at java.base/java.lang.reflect.Method.invoke(Method.java:566)
	at org.junit.runners.model.FrameworkMethod$1.runReflectiveCall(FrameworkMethod.java:59)
	at org.junit.internal.runners.model.ReflectiveCallable.run(ReflectiveCallable.java:12)
	at org.junit.runners.model.FrameworkMethod.invokeExplosively(FrameworkMethod.java:56)
	at org.junit.internal.runners.statements.InvokeMethod.evaluate(InvokeMethod.java:17)
	at org.junit.internal.runners.statements.RunAfters.evaluate(RunAfters.java:27)
	at org.junit.internal.runners.statements.FailOnTimeout$CallableStatement.call(FailOnTimeout.java:299)
	at org.junit.internal.runners.statements.FailOnTimeout$CallableStatement.call(FailOnTimeout.java:293)
	at java.base/java.util.concurrent.FutureTask.run(FutureTask.java:264)
	at java.base/java.lang.Thread.run(Thread.java:829)
</failure>
    <system-out><![CDATA[2023-02-01 13:30:08,898 [main] INFO  util.LogUtils (Slf4jUtils.java:setLogLevel(38)) - Successfully set org.apache.ratis.conf.ConfUtils log level to WARN
2023-02-01 13:30:08,898 [main] INFO  util.LogUtils (Slf4jUtils.java:setLogLevel(38)) - Successfully set org.apache.ratis.util.FileUtils log level to TRACE
2023-02-01 13:30:08,900 [Time-limited test] INFO  impl.MiniRaftCluster (MiniRaftCluster.java:runWithNewCluster(135)) - Running runWithNewCluster
2023-02-01 13:30:08,900 [Time-limited test] INFO  impl.MiniRaftCluster (MiniRaftCluster.java:<init>(306)) - new MiniRaftClusterWithGrpc with group-159C9756C527:[s0|rpc:localhost:43393|admin:localhost:41483|client:localhost:41771|dataStream:localhost:39585|priority:0|startupRole:FOLLOWER]
2023-02-01 13:30:08,901 [Time-limited test] INFO  impl.MiniRaftCluster (MiniRaftCluster.java:start(339)) - .............................................................. 
2023-02-01 13:30:08,901 [Time-limited test] INFO  impl.MiniRaftCluster (MiniRaftCluster.java:start(340)) - ... 
2023-02-01 13:30:08,901 [Time-limited test] INFO  impl.MiniRaftCluster (MiniRaftCluster.java:start(341)) - ...     Starting MiniRaftClusterWithGrpc
2023-02-01 13:30:08,901 [Time-limited test] INFO  impl.MiniRaftCluster (MiniRaftCluster.java:start(342)) - ... 
2023-02-01 13:30:08,901 [Time-limited test] INFO  impl.MiniRaftCluster (MiniRaftCluster.java:start(343)) - .............................................................. 
2023-02-01 13:30:08,901 [Time-limited test] INFO  impl.MiniRaftCluster (MiniRaftCluster.java:initServers(318)) - servers = {}
2023-02-01 13:30:08,901 [Time-limited test] INFO  impl.MiniRaftCluster (MiniRaftCluster.java:newRaftServer(382)) - newRaftServer: s0, group-159C9756C527:[s0|rpc:localhost:43393|admin:localhost:41483|client:localhost:41771|dataStream:localhost:39585|priority:0|startupRole:FOLLOWER], format? true
2023-02-01 13:30:08,901 [Time-limited test] TRACE util.FileUtils (FileUtils.java:deleteFully(201)) - deleteFully target/test/data/ecd5beaa/MiniRaftClusterWithGrpce9e5498f/s0
2023-02-01 13:30:08,901 [Time-limited test] TRACE util.FileUtils (FileUtils.java:deleteFully(217)) - deleteFully: target/test/data/ecd5beaa/MiniRaftClusterWithGrpce9e5498f/s0 does not exist.
2023-02-01 13:30:08,902 [Time-limited test] INFO  impl.MiniRaftCluster (MiniRaftCluster.java:newRaftServer(387)) - Formatted directory target/test/data/ecd5beaa/MiniRaftClusterWithGrpce9e5498f/s0
2023-02-01 13:30:08,903 [Time-limited test] INFO  server.RaftServer (ConfUtils.java:logGet(46)) - raft.rpc.type = GRPC (default)
2023-02-01 13:30:08,903 [Time-limited test] INFO  grpc.GrpcConfigKeys (ConfUtils.java:logFallback(53)) - raft.grpc.admin.host = null (fallback to raft.grpc.server.host)
2023-02-01 13:30:08,903 [Time-limited test] INFO  grpc.GrpcConfigKeys (ConfUtils.java:logGet(46)) - raft.grpc.admin.port = 41483 (custom)
2023-02-01 13:30:08,903 [Time-limited test] INFO  grpc.GrpcConfigKeys (ConfUtils.java:logFallback(53)) - raft.grpc.client.host = null (fallback to raft.grpc.server.host)
2023-02-01 13:30:08,903 [Time-limited test] INFO  grpc.GrpcConfigKeys (ConfUtils.java:logGet(46)) - raft.grpc.client.port = 41771 (custom)
2023-02-01 13:30:08,903 [Time-limited test] INFO  grpc.GrpcConfigKeys (ConfUtils.java:logGet(46)) - raft.grpc.server.host = null (default)
2023-02-01 13:30:08,903 [Time-limited test] INFO  grpc.GrpcConfigKeys (ConfUtils.java:logGet(46)) - raft.grpc.server.port = 43393 (custom)
2023-02-01 13:30:08,904 [Time-limited test] INFO  server.GrpcService (ConfUtils.java:logGet(46)) - raft.grpc.message.size.max = 64MB (=67108864) (default)
2023-02-01 13:30:08,904 [Time-limited test] INFO  server.RaftServerConfigKeys (ConfUtils.java:logGet(46)) - raft.server.log.appender.buffer.byte-limit = 4MB (=4194304) (default)
2023-02-01 13:30:08,904 [Time-limited test] INFO  server.GrpcService (ConfUtils.java:logGet(46)) - raft.grpc.flow.control.window = 1MB (=1048576) (default)
2023-02-01 13:30:08,905 [Time-limited test] INFO  server.RaftServerConfigKeys (ConfUtils.java:logGet(46)) - raft.server.rpc.request.timeout = 3000ms (default)
2023-02-01 13:30:08,905 [Time-limited test] INFO  grpc.GrpcConfigKeys (ConfUtils.java:logGet(46)) - raft.grpc.server.heartbeat.channel = false (custom)
2023-02-01 13:30:08,905 [Time-limited test] INFO  grpc.GrpcConfigKeys (ConfUtils.java:logGet(46)) - raft.grpc.server.async.request.thread.pool.cached = true (default)
2023-02-01 13:30:08,905 [Time-limited test] INFO  grpc.GrpcConfigKeys (ConfUtils.java:logGet(46)) - raft.grpc.server.async.request.thread.pool.size = 32 (default)
2023-02-01 13:30:08,907 [Time-limited test] INFO  impl.DataStreamServerImpl (ConfUtils.java:logGet(46)) - raft.datastream.type = DISABLED (default)
2023-02-01 13:30:08,907 [Time-limited test] INFO  server.RaftServerConfigKeys (ConfUtils.java:logGet(46)) - raft.server.threadpool.proxy.cached = true (default)
2023-02-01 13:30:08,908 [Time-limited test] INFO  server.RaftServerConfigKeys (ConfUtils.java:logGet(46)) - raft.server.threadpool.proxy.size = 0 (default)
2023-02-01 13:30:08,908 [Time-limited test] INFO  server.RaftServerConfigKeys (ConfUtils.java:logGet(46)) - raft.server.rpc.slowness.timeout = 60s (default)
2023-02-01 13:30:08,908 [Time-limited test] INFO  server.RaftServerConfigKeys (ConfUtils.java:logGet(46)) - raft.server.leaderelection.leader.step-down.wait-time = 10s (default)
2023-02-01 13:30:08,909 [Time-limited test] INFO  server.RaftServerConfigKeys (ConfUtils.java:logGet(46)) - raft.server.storage.dir = [/home/runner/work/ratis/ratis/ratis-test/target/test/data/ecd5beaa/MiniRaftClusterWithGrpce9e5498f/s0] (custom)
2023-02-01 13:30:08,914 [Time-limited test] INFO  server.RaftServer (RaftServerProxy.java:addNew(99)) - s0: addNew group-159C9756C527:[s0|rpc:localhost:43393|admin:localhost:41483|client:localhost:41771|dataStream:localhost:39585|priority:0|startupRole:FOLLOWER] returns group-159C9756C527:java.util.concurrent.CompletableFuture@33b01bb[Not completed]
2023-02-01 13:30:08,914 [pool-6-thread-1] INFO  server.RaftServerConfigKeys (ConfUtils.java:logGet(46)) - raft.server.log.segment.size.max = 8MB (=8388608) (default)
2023-02-01 13:30:08,915 [pool-6-thread-1] INFO  server.RaftServerConfigKeys (ConfUtils.java:logGet(46)) - raft.server.log.preallocated.size = 4MB (=4194304) (default)
2023-02-01 13:30:08,915 [pool-6-thread-1] INFO  server.RaftServerConfigKeys (ConfUtils.java:logGet(46)) - raft.server.log.write.buffer.size = 64KB (=65536) (default)
2023-02-01 13:30:08,915 [pool-6-thread-1] INFO  server.RaftServer$Division (RaftServerImpl.java:<init>(198)) - s0: new RaftServerImpl for group-159C9756C527:[s0|rpc:localhost:43393|admin:localhost:41483|client:localhost:41771|dataStream:localhost:39585|priority:0|startupRole:FOLLOWER] with StateMachineWithSeparatedSnapshotPath:uninitialized
2023-02-01 13:30:08,915 [pool-6-thread-1] INFO  server.RaftServerConfigKeys (ConfUtils.java:logGet(46)) - raft.server.rpc.timeout.min = 150ms (default)
2023-02-01 13:30:08,916 [pool-6-thread-1] INFO  server.RaftServerConfigKeys (ConfUtils.java:logGet(46)) - raft.server.rpc.timeout.max = 300ms (default)
2023-02-01 13:30:08,916 [pool-6-thread-1] INFO  server.RaftServerConfigKeys (ConfUtils.java:logGet(46)) - raft.server.rpc.sleep.time = 25ms (default)
2023-02-01 13:30:08,916 [pool-6-thread-1] INFO  server.RaftServerConfigKeys (ConfUtils.java:logGet(46)) - raft.server.rpc.slowness.timeout = 60s (default)
2023-02-01 13:30:08,916 [pool-6-thread-1] INFO  server.RaftServerConfigKeys (ConfUtils.java:logGet(46)) - raft.server.leaderelection.leader.step-down.wait-time = 10s (default)
2023-02-01 13:30:08,916 [pool-6-thread-1] INFO  server.RaftServerConfigKeys (ConfUtils.java:logGet(46)) - raft.server.sleep.deviation.threshold = 300ms (default)
2023-02-01 13:30:08,916 [pool-6-thread-1] INFO  server.RaftServer$Division (ServerState.java:<init>(113)) - s0@group-159C9756C527: ConfigurationManager, init=-1: peers:[s0|rpc:localhost:43393|admin:localhost:41483|client:localhost:41771|dataStream:localhost:39585|priority:0|startupRole:FOLLOWER]|listeners:[], old=null, confs=<EMPTY_MAP>
2023-02-01 13:30:08,916 [pool-6-thread-1] INFO  server.RaftServerConfigKeys (ConfUtils.java:logGet(46)) - raft.server.notification.no-leader.timeout = 60s (default)
2023-02-01 13:30:08,916 [pool-6-thread-1] INFO  server.RaftServerConfigKeys (ConfUtils.java:logGet(46)) - raft.server.read.timeout = 10s (default)
2023-02-01 13:30:08,917 [pool-6-thread-1] INFO  server.RaftServerConfigKeys (ConfUtils.java:logGet(46)) - raft.server.retrycache.expirytime = 60s (default)
2023-02-01 13:30:08,917 [pool-6-thread-1] INFO  server.RaftServerConfigKeys (ConfUtils.java:logGet(46)) - raft.server.retrycache.statistics.expirytime = 100μs (default)
2023-02-01 13:30:08,917 [pool-6-thread-1] INFO  server.RaftServerConfigKeys (ConfUtils.java:logGet(46)) - raft.server.read.option = DEFAULT (default)
2023-02-01 13:30:08,926 [pool-6-thread-1] INFO  server.RaftServerConfigKeys (ConfUtils.java:logGet(46)) - raft.server.log.appender.install.snapshot.enabled = true (default)
2023-02-01 13:30:08,926 [pool-6-thread-1] INFO  server.RaftServerConfigKeys (ConfUtils.java:logGet(46)) - raft.server.threadpool.server.cached = true (default)
2023-02-01 13:30:08,927 [pool-6-thread-1] INFO  server.RaftServerConfigKeys (ConfUtils.java:logGet(46)) - raft.server.threadpool.server.size = 0 (default)
2023-02-01 13:30:08,927 [pool-6-thread-1] INFO  server.RaftServerConfigKeys (ConfUtils.java:logGet(46)) - raft.server.threadpool.client.cached = true (default)
2023-02-01 13:30:08,927 [pool-6-thread-1] INFO  server.RaftServerConfigKeys (ConfUtils.java:logGet(46)) - raft.server.threadpool.client.size = 0 (default)
2023-02-01 13:30:08,927 [s0-impl-thread1] INFO  server.RaftServerConfigKeys (ConfUtils.java:logGet(46)) - raft.server.storage.free-space.min = 0MB (=0) (default)
2023-02-01 13:30:08,927 [s0-impl-thread1] INFO  server.RaftServerConfigKeys (ConfUtils.java:logGet(46)) - raft.server.log.corruption.policy = EXCEPTION (default)
2023-02-01 13:30:08,927 [s0-impl-thread1] INFO  server.RaftServerConfigKeys (ConfUtils.java:logGet(46)) - raft.server.storage.dir = [/home/runner/work/ratis/ratis/ratis-test/target/test/data/ecd5beaa/MiniRaftClusterWithGrpce9e5498f/s0] (custom)
2023-02-01 13:30:08,928 [s0-impl-thread1] INFO  storage.RaftStorageDirectory (RaftStorageDirectoryImpl.java:analyzeStorage(138)) - The storage directory /home/runner/work/ratis/ratis/ratis-test/target/test/data/ecd5beaa/MiniRaftClusterWithGrpce9e5498f/s0/d67831f4-4867-4b20-a4d1-159c9756c527 does not exist. Creating ...
2023-02-01 13:30:08,928 [s0-impl-thread1] TRACE util.FileUtils (LogUtils.java:runAndLog(49)) - Successfully ran Files.createDirectories /home/runner/work/ratis/ratis/ratis-test/target/test/data/ecd5beaa/MiniRaftClusterWithGrpce9e5498f/s0/d67831f4-4867-4b20-a4d1-159c9756c527
2023-02-01 13:30:08,931 [s0-impl-thread1] INFO  storage.RaftStorageDirectory (RaftStorageDirectoryImpl.java:tryLock(232)) - Lock on /home/runner/work/ratis/ratis/ratis-test/target/test/data/ecd5beaa/MiniRaftClusterWithGrpce9e5498f/s0/d67831f4-4867-4b20-a4d1-159c9756c527/in_use.lock acquired by nodename 19321@fv-az82-241
2023-02-01 13:30:08,931 [s0-impl-thread1] TRACE util.FileUtils (LogUtils.java:runAndLog(49)) - Successfully ran Files.createDirectories /home/runner/work/ratis/ratis/ratis-test/target/test/data/ecd5beaa/MiniRaftClusterWithGrpce9e5498f/s0/d67831f4-4867-4b20-a4d1-159c9756c527/current
2023-02-01 13:30:08,931 [s0-impl-thread1] TRACE util.FileUtils (LogUtils.java:runAndLog(49)) - Successfully ran Files.createDirectories /home/runner/work/ratis/ratis/ratis-test/target/test/data/ecd5beaa/MiniRaftClusterWithGrpce9e5498f/s0/d67831f4-4867-4b20-a4d1-159c9756c527/sm
2023-02-01 13:30:08,933 [s0-impl-thread1] INFO  storage.RaftStorage (RaftStorageImpl.java:format(96)) - Storage directory /home/runner/work/ratis/ratis/ratis-test/target/test/data/ecd5beaa/MiniRaftClusterWithGrpce9e5498f/s0/d67831f4-4867-4b20-a4d1-159c9756c527 has been successfully formatted.
2023-02-01 13:30:08,933 [s0-impl-thread1] INFO  impl.SimpleStateMachine4Testing (SimpleStateMachine4Testing.java:initialize(213)) - Initializing StateMachineWithSeparatedSnapshotPath:uninitialized
2023-02-01 13:30:08,933 [s0-impl-thread1] INFO  impl.SimpleStateMachine4Testing (SimpleStateMachine4Testing.java:loadSnapshot(293)) - Loading snapshot null
2023-02-01 13:30:08,933 [s0-impl-thread1] TRACE util.FileUtils (FileUtils.java:deleteFully(201)) - deleteFully /tmp/ratis-tests/statemachine/s0
2023-02-01 13:30:08,934 [s0-impl-thread1] TRACE util.FileUtils (FileUtils.java:deleteFully(217)) - deleteFully: /tmp/ratis-tests/statemachine/s0 does not exist.
2023-02-01 13:30:08,934 [s0-impl-thread1] INFO  server.RaftServerConfigKeys (ConfUtils.java:logGet(46)) - raft.server.log.use.memory = false (default)
2023-02-01 13:30:08,935 [s0-impl-thread1] INFO  server.RaftServerConfigKeys (ConfUtils.java:logGet(46)) - raft.server.log.purge.gap = 8 (custom)
2023-02-01 13:30:08,935 [s0-impl-thread1] INFO  server.RaftServerConfigKeys (ConfUtils.java:logGet(46)) - raft.server.log.appender.buffer.byte-limit = 4MB (=4194304) (default)
2023-02-01 13:30:08,935 [s0-impl-thread1] INFO  server.RaftServerConfigKeys (ConfUtils.java:logGet(46)) - raft.server.log.statemachine.data.read.timeout = 1000ms (default)
2023-02-01 13:30:08,935 [s0-impl-thread1] INFO  server.RaftServerConfigKeys (ConfUtils.java:logGet(46)) - raft.server.log.purge.preservation.log.num = 0 (default)
2023-02-01 13:30:08,936 [s0-impl-thread1] INFO  server.RaftServerConfigKeys (ConfUtils.java:logGet(46)) - raft.server.log.segment.size.max = 8MB (=8388608) (default)
2023-02-01 13:30:08,936 [s0-impl-thread1] INFO  server.RaftServerConfigKeys (ConfUtils.java:logGet(46)) - raft.server.log.segment.cache.num.max = 6 (default)
2023-02-01 13:30:08,937 [s0-impl-thread1] INFO  server.RaftServerConfigKeys (ConfUtils.java:logGet(46)) - raft.server.log.segment.cache.size.max = 200MB (=209715200) (default)
2023-02-01 13:30:08,937 [s0-impl-thread1] INFO  segmented.SegmentedRaftLogWorker (SegmentedRaftLogWorker.java:<init>(184)) - new s0@group-159C9756C527-SegmentedRaftLogWorker for RaftStorageImpl:Storage Directory /home/runner/work/ratis/ratis/ratis-test/target/test/data/ecd5beaa/MiniRaftClusterWithGrpce9e5498f/s0/d67831f4-4867-4b20-a4d1-159c9756c527
2023-02-01 13:30:08,937 [s0-impl-thread1] INFO  server.RaftServerConfigKeys (ConfUtils.java:logGet(46)) - raft.server.log.queue.byte-limit = 64MB (=67108864) (default)
2023-02-01 13:30:08,937 [s0-impl-thread1] INFO  server.RaftServerConfigKeys (ConfUtils.java:logGet(46)) - raft.server.log.queue.element-limit = 4096 (default)
2023-02-01 13:30:08,937 [s0-impl-thread1] INFO  server.RaftServerConfigKeys (ConfUtils.java:logGet(46)) - raft.server.log.segment.size.max = 8MB (=8388608) (default)
2023-02-01 13:30:08,937 [s0-impl-thread1] INFO  server.RaftServerConfigKeys (ConfUtils.java:logGet(46)) - raft.server.log.preallocated.size = 4MB (=4194304) (default)
2023-02-01 13:30:08,937 [s0-impl-thread1] INFO  server.RaftServerConfigKeys (ConfUtils.java:logGet(46)) - raft.server.log.force.sync.num = 128 (default)
2023-02-01 13:30:08,937 [s0-impl-thread1] INFO  server.RaftServerConfigKeys (ConfUtils.java:logGet(46)) - raft.server.log.statemachine.data.sync = true (default)
2023-02-01 13:30:08,937 [s0-impl-thread1] INFO  server.RaftServerConfigKeys (ConfUtils.java:logGet(46)) - raft.server.log.statemachine.data.sync.timeout = 10s (default)
2023-02-01 13:30:08,938 [s0-impl-thread1] INFO  server.RaftServerConfigKeys (ConfUtils.java:logGet(46)) - raft.server.log.statemachine.data.sync.timeout.retry = -1 (default)
2023-02-01 13:30:08,938 [s0-impl-thread1] INFO  server.RaftServerConfigKeys (ConfUtils.java:logGet(46)) - raft.server.log.write.buffer.size = 64KB (=65536) (default)
2023-02-01 13:30:08,938 [s0-impl-thread1] INFO  server.RaftServerConfigKeys (ConfUtils.java:logGet(46)) - raft.server.log.appender.buffer.byte-limit = 4MB (=4194304) (default)
2023-02-01 13:30:08,940 [s0-impl-thread1] INFO  server.RaftServerConfigKeys (ConfUtils.java:logGet(46)) - raft.server.log.unsafe-flush.enabled = false (default)
2023-02-01 13:30:08,940 [s0-impl-thread1] INFO  server.RaftServerConfigKeys (ConfUtils.java:logGet(46)) - raft.server.log.async-flush.enabled = false (default)
2023-02-01 13:30:08,940 [s0-impl-thread1] INFO  server.RaftServerConfigKeys (ConfUtils.java:logGet(46)) - raft.server.log.statemachine.data.caching.enabled = false (default)
2023-02-01 13:30:08,940 [s0-impl-thread1] INFO  segmented.SegmentedRaftLogWorker (SegmentedRaftLogWorker.java:lambda$new$0(134)) - s0@group-159C9756C527-SegmentedRaftLogWorker: flushIndex: setUnconditionally 0 -> -1
2023-02-01 13:30:08,940 [s0-impl-thread1] INFO  segmented.SegmentedRaftLogWorker (SegmentedRaftLogWorker.java:lambda$new$0(134)) - s0@group-159C9756C527-SegmentedRaftLogWorker: safeCacheEvictIndex: setUnconditionally 0 -> -1
2023-02-01 13:30:08,941 [s0-impl-thread1] INFO  server.RaftServer$Division (RaftServerImpl.java:start(338)) - s0@group-159C9756C527: start as a follower, conf=-1: peers:[s0|rpc:localhost:43393|admin:localhost:41483|client:localhost:41771|dataStream:localhost:39585|priority:0|startupRole:FOLLOWER]|listeners:[], old=null
2023-02-01 13:30:08,941 [s0-impl-thread1] INFO  server.RaftServer$Division (RaftServerImpl.java:setRole(325)) - s0@group-159C9756C527: changes role from      null to FOLLOWER at term 0 for startAsFollower
2023-02-01 13:30:08,941 [s0-impl-thread1] INFO  impl.RoleInfo (RoleInfo.java:updateAndGet(139)) - s0: start s0@group-159C9756C527-FollowerState
2023-02-01 13:30:08,941 [s0-impl-thread1] INFO  util.JmxRegister (JmxRegister.java:tryRegister(44)) - Successfully registered JMX Bean with object name Ratis:service=RaftServer,group=group-159C9756C527,id=s0
2023-02-01 13:30:08,942 [s0-impl-thread1] INFO  server.RaftServerConfigKeys (ConfUtils.java:logGet(46)) - raft.server.snapshot.auto.trigger.enabled = true (custom)
2023-02-01 13:30:08,942 [s0-impl-thread1] INFO  server.RaftServerConfigKeys (ConfUtils.java:logGet(46)) - raft.server.snapshot.auto.trigger.threshold = 64 (custom)
2023-02-01 13:30:08,942 [s0-impl-thread1] INFO  server.RaftServerConfigKeys (ConfUtils.java:logGet(46)) - raft.server.snapshot.retention.file.num = -1 (default)
2023-02-01 13:30:08,942 [s0-impl-thread1] INFO  server.RaftServerConfigKeys (ConfUtils.java:logGet(46)) - raft.server.log.purge.upto.snapshot.index = false (default)
2023-02-01 13:30:08,942 [s0@group-159C9756C527-FollowerState] INFO  server.RaftServerConfigKeys (ConfUtils.java:logFallback(53)) - raft.server.rpc.first-election.timeout.min = 150ms (fallback to raft.server.rpc.timeout.min)
2023-02-01 13:30:08,942 [s0@group-159C9756C527-FollowerState] INFO  server.RaftServerConfigKeys (ConfUtils.java:logFallback(53)) - raft.server.rpc.first-election.timeout.max = 300ms (fallback to raft.server.rpc.timeout.max)
2023-02-01 13:30:08,943 [Time-limited test] INFO  server.RaftServer (RaftServerProxy.java:startImpl(396)) - s0: start RPC server
2023-02-01 13:30:08,947 [Time-limited test] INFO  server.GrpcService (GrpcService.java:startImpl(302)) - s0: GrpcService started, listening on 41771
2023-02-01 13:30:08,947 [Time-limited test] INFO  server.GrpcService (GrpcService.java:startImpl(302)) - s0: GrpcService started, listening on 43393
2023-02-01 13:30:08,948 [Time-limited test] INFO  server.GrpcService (GrpcService.java:startImpl(302)) - s0: GrpcService started, listening on 41483
2023-02-01 13:30:08,949 [Time-limited test] INFO  server.RaftServerConfigKeys (ConfUtils.java:logGet(46)) - raft.server.rpc.timeout.max = 300ms (default)
2023-02-01 13:30:08,949 [Time-limited test] INFO  ratis.RaftTestUtil (RaftTestUtil.java:waitForLeader(100)) - printing ALL groups
  s0:  RUNNING  FOLLOWER s0@group-159C9756C527:t0, leader=null, voted=, raftlog=Memoized:s0@group-159C9756C527-SegmentedRaftLog:OPENED:c-1, conf=-1: peers:[s0|rpc:localhost:43393|admin:localhost:41483|client:localhost:41771|dataStream:localhost:39585|priority:0|startupRole:FOLLOWER]|listeners:[], old=null RUNNING
2023-02-01 13:30:08,949 [Time-limited test] WARN  ratis.RaftTestUtil (JavaUtils.java:attempt(217)) - FAILED "waitForLeader-null-(expectLeader? true)", attempt #1/100: java.lang.IllegalStateException: No leader yet : printing ALL groups
  s0:  RUNNING  FOLLOWER s0@group-159C9756C527:t0, leader=null, voted=, raftlog=Memoized:s0@group-159C9756C527-SegmentedRaftLog:OPENED:c-1, conf=-1: peers:[s0|rpc:localhost:43393|admin:localhost:41483|client:localhost:41771|dataStream:localhost:39585|priority:0|startupRole:FOLLOWER]|listeners:[], old=null RUNNING, sleep 450ms and then retry.
java.lang.IllegalStateException: No leader yet : printing ALL groups
  s0:  RUNNING  FOLLOWER s0@group-159C9756C527:t0, leader=null, voted=, raftlog=Memoized:s0@group-159C9756C527-SegmentedRaftLog:OPENED:c-1, conf=-1: peers:[s0|rpc:localhost:43393|admin:localhost:41483|client:localhost:41771|dataStream:localhost:39585|priority:0|startupRole:FOLLOWER]|listeners:[], old=null RUNNING
	at org.apache.ratis.server.impl.MiniRaftCluster.newIllegalStateExceptionForNoLeaders(MiniRaftCluster.java:581)
	at org.apache.ratis.RaftTestUtil.lambda$waitForLeader$1(RaftTestUtil.java:104)
	at org.apache.ratis.server.impl.MiniRaftCluster.getLeader(MiniRaftCluster.java:615)
	at org.apache.ratis.server.impl.MiniRaftCluster.getLeader(MiniRaftCluster.java:608)
	at org.apache.ratis.RaftTestUtil.lambda$waitForLeader$3(RaftTestUtil.java:112)
	at org.apache.ratis.util.JavaUtils.attempt(JavaUtils.java:211)
	at org.apache.ratis.util.JavaUtils.attemptRepeatedly(JavaUtils.java:197)
	at org.apache.ratis.RaftTestUtil.waitForLeader(RaftTestUtil.java:111)
	at org.apache.ratis.RaftTestUtil.waitForLeader(RaftTestUtil.java:92)
	at org.apache.ratis.RaftTestUtil.waitForLeader(RaftTestUtil.java:87)
	at org.apache.ratis.InstallSnapshotFromLeaderTests.testMultiFileInstallSnapshot(InstallSnapshotFromLeaderTests.java:92)
	at org.apache.ratis.server.impl.MiniRaftCluster$Factory$Get.runWithNewCluster(MiniRaftCluster.java:141)
	at org.apache.ratis.server.impl.MiniRaftCluster$Factory$Get.runWithNewCluster(MiniRaftCluster.java:121)
	at org.apache.ratis.InstallSnapshotFromLeaderTests.testSeparateSnapshotInstallPath(InstallSnapshotFromLeaderTests.java:86)
	at java.base/jdk.internal.reflect.NativeMethodAccessorImpl.invoke0(Native Method)
	at java.base/jdk.internal.reflect.NativeMethodAccessorImpl.invoke(NativeMethodAccessorImpl.java:62)
	at java.base/jdk.internal.reflect.DelegatingMethodAccessorImpl.invoke(DelegatingMethodAccessorImpl.java:43)
	at java.base/java.lang.reflect.Method.invoke(Method.java:566)
	at org.junit.runners.model.FrameworkMethod$1.runReflectiveCall(FrameworkMethod.java:59)
	at org.junit.internal.runners.model.ReflectiveCallable.run(ReflectiveCallable.java:12)
	at org.junit.runners.model.FrameworkMethod.invokeExplosively(FrameworkMethod.java:56)
	at org.junit.internal.runners.statements.InvokeMethod.evaluate(InvokeMethod.java:17)
	at org.junit.internal.runners.statements.RunAfters.evaluate(RunAfters.java:27)
	at org.junit.internal.runners.statements.FailOnTimeout$CallableStatement.call(FailOnTimeout.java:299)
	at org.junit.internal.runners.statements.FailOnTimeout$CallableStatement.call(FailOnTimeout.java:293)
	at java.base/java.util.concurrent.FutureTask.run(FutureTask.java:264)
	at java.base/java.lang.Thread.run(Thread.java:829)
2023-02-01 13:30:08,950 [JvmPauseMonitor3] INFO  util.JvmPauseMonitor (JvmPauseMonitor.java:run(105)) - JvmPauseMonitor-s0: Started
2023-02-01 13:30:09,157 [s0@group-159C9756C527-FollowerState] INFO  impl.FollowerState (FollowerState.java:run(143)) - s0@group-159C9756C527-FollowerState: change to CANDIDATE, lastRpcElapsedTime:215904850ns, electionTimeout:214ms
2023-02-01 13:30:09,157 [s0@group-159C9756C527-FollowerState] INFO  impl.RoleInfo (RoleInfo.java:shutdownFollowerState(110)) - s0: shutdown s0@group-159C9756C527-FollowerState
2023-02-01 13:30:09,157 [s0@group-159C9756C527-FollowerState] INFO  server.RaftServer$Division (RaftServerImpl.java:setRole(325)) - s0@group-159C9756C527: changes role from  FOLLOWER to CANDIDATE at term 0 for changeToCandidate
2023-02-01 13:30:09,158 [s0@group-159C9756C527-FollowerState] INFO  server.RaftServerConfigKeys (ConfUtils.java:logGet(46)) - raft.server.leaderelection.pre-vote = true (default)
2023-02-01 13:30:09,158 [s0@group-159C9756C527-FollowerState] INFO  impl.RoleInfo (RoleInfo.java:updateAndGet(139)) - s0: start s0@group-159C9756C527-LeaderElection2
2023-02-01 13:30:09,162 [s0@group-159C9756C527-LeaderElection2] INFO  impl.LeaderElection (LeaderElection.java:askForVotes(309)) - s0@group-159C9756C527-LeaderElection2 PRE_VOTE round 0: submit vote requests at term 0 for -1: peers:[s0|rpc:localhost:43393|admin:localhost:41483|client:localhost:41771|dataStream:localhost:39585|priority:0|startupRole:FOLLOWER]|listeners:[], old=null
2023-02-01 13:30:09,162 [s0@group-159C9756C527-LeaderElection2] INFO  impl.LeaderElection (LeaderElection.java:askForVotes(311)) - s0@group-159C9756C527-LeaderElection2 PRE_VOTE round 0: result PASSED (term=0)
2023-02-01 13:30:09,163 [s0@group-159C9756C527-LeaderElection2] INFO  impl.LeaderElection (LeaderElection.java:askForVotes(309)) - s0@group-159C9756C527-LeaderElection2 ELECTION round 0: submit vote requests at term 1 for -1: peers:[s0|rpc:localhost:43393|admin:localhost:41483|client:localhost:41771|dataStream:localhost:39585|priority:0|startupRole:FOLLOWER]|listeners:[], old=null
2023-02-01 13:30:09,164 [s0@group-159C9756C527-LeaderElection2] INFO  impl.LeaderElection (LeaderElection.java:askForVotes(311)) - s0@group-159C9756C527-LeaderElection2 ELECTION round 0: result PASSED (term=1)
2023-02-01 13:30:09,164 [s0@group-159C9756C527-LeaderElection2] INFO  impl.RoleInfo (RoleInfo.java:shutdownLeaderElection(130)) - s0: shutdown s0@group-159C9756C527-LeaderElection2
2023-02-01 13:30:09,164 [s0@group-159C9756C527-LeaderElection2] INFO  server.RaftServer$Division (RaftServerImpl.java:setRole(325)) - s0@group-159C9756C527: changes role from CANDIDATE to LEADER at term 1 for changeToLeader
2023-02-01 13:30:09,164 [s0@group-159C9756C527-LeaderElection2] INFO  server.RaftServer$Division (ServerState.java:setLeader(260)) - s0@group-159C9756C527: change Leader from null to s0 at term 1 for becomeLeader, leader elected after 247ms
2023-02-01 13:30:09,164 [s0@group-159C9756C527-LeaderElection2] INFO  server.RaftServerConfigKeys (ConfUtils.java:logGet(46)) - raft.server.staging.catchup.gap = 1000 (default)
2023-02-01 13:30:09,164 [s0@group-159C9756C527-LeaderElection2] INFO  server.RaftServerConfigKeys (ConfUtils.java:logGet(46)) - raft.server.write.element-limit = 4096 (default)
2023-02-01 13:30:09,164 [s0@group-159C9756C527-LeaderElection2] INFO  server.RaftServerConfigKeys (ConfUtils.java:logGet(46)) - raft.server.write.byte-limit = 64MB (=67108864) (default)
2023-02-01 13:30:09,164 [s0@group-159C9756C527-LeaderElection2] INFO  server.RaftServerConfigKeys (ConfUtils.java:logGet(46)) - raft.server.watch.timeout = 10s (default)
2023-02-01 13:30:09,164 [s0@group-159C9756C527-LeaderElection2] INFO  server.RaftServerConfigKeys (ConfUtils.java:logGet(46)) - raft.server.watch.timeout.denomination = 1s (default)
2023-02-01 13:30:09,165 [s0@group-159C9756C527-LeaderElection2] INFO  server.RaftServerConfigKeys (ConfUtils.java:logGet(46)) - raft.server.watch.element-limit = 65536 (default)
2023-02-01 13:30:09,165 [s0@group-159C9756C527-LeaderElection2] INFO  server.RaftServerConfigKeys (ConfUtils.java:logGet(46)) - raft.server.write.element-limit = 4096 (default)
2023-02-01 13:30:09,165 [s0@group-159C9756C527-LeaderElection2] INFO  server.RaftServerConfigKeys (ConfUtils.java:logGet(46)) - raft.server.write.follower.gap.ratio.max = -1.0 (default)
2023-02-01 13:30:09,165 [s0@group-159C9756C527-LeaderElection2] INFO  impl.RoleInfo (RoleInfo.java:updateAndGet(139)) - s0: start s0@group-159C9756C527-LeaderStateImpl
2023-02-01 13:30:09,165 [s0@group-159C9756C527-LeaderElection2] INFO  segmented.SegmentedRaftLogWorker (SegmentedRaftLogWorker.java:startLogSegment(431)) - s0@group-159C9756C527-SegmentedRaftLogWorker: Starting segment from index:0
2023-02-01 13:30:09,170 [s0@group-159C9756C527-LeaderElection2] INFO  server.RaftServer$Division (ServerState.java:setRaftConf(378)) - s0@group-159C9756C527: set configuration 0: peers:[s0|rpc:localhost:43393|admin:localhost:41483|client:localhost:41771|dataStream:localhost:39585|priority:0|startupRole:FOLLOWER]|listeners:[], old=null
2023-02-01 13:30:09,180 [s0@group-159C9756C527-SegmentedRaftLogWorker] INFO  segmented.SegmentedRaftLogWorker (SegmentedRaftLogWorker.java:execute(635)) - s0@group-159C9756C527-SegmentedRaftLogWorker: created new log segment /home/runner/work/ratis/ratis/ratis-test/target/test/data/ecd5beaa/MiniRaftClusterWithGrpce9e5498f/s0/d67831f4-4867-4b20-a4d1-159c9756c527/current/log_inprogress_0
2023-02-01 13:30:09,400 [Time-limited test] INFO  ratis.RaftTestUtil (RaftTestUtil.java:waitForLeader(119)) - printing ALL groups
  s0:  RUNNING    LEADER s0@group-159C9756C527:t1, leader=s0, voted=s0, raftlog=Memoized:s0@group-159C9756C527-SegmentedRaftLog:OPENED:c0, conf=0: peers:[s0|rpc:localhost:43393|admin:localhost:41483|client:localhost:41771|dataStream:localhost:39585|priority:0|startupRole:FOLLOWER]|listeners:[], old=null RUNNING
2023-02-01 13:30:09,415 [s0@group-159C9756C527-StateMachineUpdater] INFO  impl.SimpleStateMachine4Testing (SimpleStateMachine4Testing.java:put(205)) - s0: put 1, m0 -> (t:1, i:1), STATEMACHINELOGENTRY, 129@client-C7BF78C63910
2023-02-01 13:30:09,421 [s0@group-159C9756C527-StateMachineUpdater] INFO  impl.SimpleStateMachine4Testing (SimpleStateMachine4Testing.java:put(205)) - s0: put 3, m1 -> (t:1, i:3), STATEMACHINELOGENTRY, 130@client-C7BF78C63910
2023-02-01 13:30:09,426 [s0@group-159C9756C527-StateMachineUpdater] INFO  impl.SimpleStateMachine4Testing (SimpleStateMachine4Testing.java:put(205)) - s0: put 5, m2 -> (t:1, i:5), STATEMACHINELOGENTRY, 131@client-C7BF78C63910
2023-02-01 13:30:09,431 [s0@group-159C9756C527-StateMachineUpdater] INFO  impl.SimpleStateMachine4Testing (SimpleStateMachine4Testing.java:put(205)) - s0: put 7, m3 -> (t:1, i:7), STATEMACHINELOGENTRY, 132@client-C7BF78C63910
2023-02-01 13:30:09,437 [s0@group-159C9756C527-StateMachineUpdater] INFO  impl.SimpleStateMachine4Testing (SimpleStateMachine4Testing.java:put(205)) - s0: put 9, m4 -> (t:1, i:9), STATEMACHINELOGENTRY, 133@client-C7BF78C63910
2023-02-01 13:30:09,441 [s0@group-159C9756C527-StateMachineUpdater] INFO  impl.SimpleStateMachine4Testing (SimpleStateMachine4Testing.java:put(205)) - s0: put 11, m5 -> (t:1, i:11), STATEMACHINELOGENTRY, 134@client-C7BF78C63910
2023-02-01 13:30:09,445 [s0@group-159C9756C527-StateMachineUpdater] INFO  impl.SimpleStateMachine4Testing (SimpleStateMachine4Testing.java:put(205)) - s0: put 13, m6 -> (t:1, i:13), STATEMACHINELOGENTRY, 135@client-C7BF78C63910
2023-02-01 13:30:09,448 [s0@group-159C9756C527-StateMachineUpdater] INFO  impl.SimpleStateMachine4Testing (SimpleStateMachine4Testing.java:put(205)) - s0: put 15, m7 -> (t:1, i:15), STATEMACHINELOGENTRY, 136@client-C7BF78C63910
2023-02-01 13:30:09,457 [s0@group-159C9756C527-StateMachineUpdater] INFO  impl.SimpleStateMachine4Testing (SimpleStateMachine4Testing.java:put(205)) - s0: put 17, m8 -> (t:1, i:17), STATEMACHINELOGENTRY, 137@client-C7BF78C63910
2023-02-01 13:30:09,461 [s0@group-159C9756C527-StateMachineUpdater] INFO  impl.SimpleStateMachine4Testing (SimpleStateMachine4Testing.java:put(205)) - s0: put 19, m9 -> (t:1, i:19), STATEMACHINELOGENTRY, 138@client-C7BF78C63910
2023-02-01 13:30:09,468 [s0@group-159C9756C527-StateMachineUpdater] INFO  impl.SimpleStateMachine4Testing (SimpleStateMachine4Testing.java:put(205)) - s0: put 21, m10 -> (t:1, i:21), STATEMACHINELOGENTRY, 139@client-C7BF78C63910
2023-02-01 13:30:09,472 [s0@group-159C9756C527-StateMachineUpdater] INFO  impl.SimpleStateMachine4Testing (SimpleStateMachine4Testing.java:put(205)) - s0: put 23, m11 -> (t:1, i:23), STATEMACHINELOGENTRY, 140@client-C7BF78C63910
2023-02-01 13:30:09,477 [s0@group-159C9756C527-StateMachineUpdater] INFO  impl.SimpleStateMachine4Testing (SimpleStateMachine4Testing.java:put(205)) - s0: put 25, m12 -> (t:1, i:25), STATEMACHINELOGENTRY, 141@client-C7BF78C63910
2023-02-01 13:30:09,482 [s0@group-159C9756C527-StateMachineUpdater] INFO  impl.SimpleStateMachine4Testing (SimpleStateMachine4Testing.java:put(205)) - s0: put 27, m13 -> (t:1, i:27), STATEMACHINELOGENTRY, 142@client-C7BF78C63910
2023-02-01 13:30:09,489 [s0@group-159C9756C527-StateMachineUpdater] INFO  impl.SimpleStateMachine4Testing (SimpleStateMachine4Testing.java:put(205)) - s0: put 29, m14 -> (t:1, i:29), STATEMACHINELOGENTRY, 143@client-C7BF78C63910
2023-02-01 13:30:09,495 [s0@group-159C9756C527-StateMachineUpdater] INFO  impl.SimpleStateMachine4Testing (SimpleStateMachine4Testing.java:put(205)) - s0: put 31, m15 -> (t:1, i:31), STATEMACHINELOGENTRY, 144@client-C7BF78C63910
2023-02-01 13:30:09,501 [s0@group-159C9756C527-StateMachineUpdater] INFO  impl.SimpleStateMachine4Testing (SimpleStateMachine4Testing.java:put(205)) - s0: put 33, m16 -> (t:1, i:33), STATEMACHINELOGENTRY, 145@client-C7BF78C63910
2023-02-01 13:30:09,505 [s0@group-159C9756C527-StateMachineUpdater] INFO  impl.SimpleStateMachine4Testing (SimpleStateMachine4Testing.java:put(205)) - s0: put 35, m17 -> (t:1, i:35), STATEMACHINELOGENTRY, 146@client-C7BF78C63910
2023-02-01 13:30:09,511 [s0@group-159C9756C527-StateMachineUpdater] INFO  impl.SimpleStateMachine4Testing (SimpleStateMachine4Testing.java:put(205)) - s0: put 37, m18 -> (t:1, i:37), STATEMACHINELOGENTRY, 147@client-C7BF78C63910
2023-02-01 13:30:09,517 [s0@group-159C9756C527-StateMachineUpdater] INFO  impl.SimpleStateMachine4Testing (SimpleStateMachine4Testing.java:put(205)) - s0: put 39, m19 -> (t:1, i:39), STATEMACHINELOGENTRY, 148@client-C7BF78C63910
2023-02-01 13:30:09,522 [s0@group-159C9756C527-StateMachineUpdater] INFO  impl.SimpleStateMachine4Testing (SimpleStateMachine4Testing.java:put(205)) - s0: put 41, m20 -> (t:1, i:41), STATEMACHINELOGENTRY, 149@client-C7BF78C63910
2023-02-01 13:30:09,526 [s0@group-159C9756C527-StateMachineUpdater] INFO  impl.SimpleStateMachine4Testing (SimpleStateMachine4Testing.java:put(205)) - s0: put 43, m21 -> (t:1, i:43), STATEMACHINELOGENTRY, 150@client-C7BF78C63910
2023-02-01 13:30:09,532 [s0@group-159C9756C527-StateMachineUpdater] INFO  impl.SimpleStateMachine4Testing (SimpleStateMachine4Testing.java:put(205)) - s0: put 45, m22 -> (t:1, i:45), STATEMACHINELOGENTRY, 151@client-C7BF78C63910
2023-02-01 13:30:09,536 [s0@group-159C9756C527-StateMachineUpdater] INFO  impl.SimpleStateMachine4Testing (SimpleStateMachine4Testing.java:put(205)) - s0: put 47, m23 -> (t:1, i:47), STATEMACHINELOGENTRY, 152@client-C7BF78C63910
2023-02-01 13:30:09,543 [s0@group-159C9756C527-StateMachineUpdater] INFO  impl.SimpleStateMachine4Testing (SimpleStateMachine4Testing.java:put(205)) - s0: put 49, m24 -> (t:1, i:49), STATEMACHINELOGENTRY, 153@client-C7BF78C63910
2023-02-01 13:30:09,547 [s0@group-159C9756C527-StateMachineUpdater] INFO  impl.SimpleStateMachine4Testing (SimpleStateMachine4Testing.java:put(205)) - s0: put 51, m25 -> (t:1, i:51), STATEMACHINELOGENTRY, 154@client-C7BF78C63910
2023-02-01 13:30:09,552 [s0@group-159C9756C527-StateMachineUpdater] INFO  impl.SimpleStateMachine4Testing (SimpleStateMachine4Testing.java:put(205)) - s0: put 53, m26 -> (t:1, i:53), STATEMACHINELOGENTRY, 155@client-C7BF78C63910
2023-02-01 13:30:09,556 [s0@group-159C9756C527-StateMachineUpdater] INFO  impl.SimpleStateMachine4Testing (SimpleStateMachine4Testing.java:put(205)) - s0: put 55, m27 -> (t:1, i:55), STATEMACHINELOGENTRY, 156@client-C7BF78C63910
2023-02-01 13:30:09,560 [s0@group-159C9756C527-StateMachineUpdater] INFO  impl.SimpleStateMachine4Testing (SimpleStateMachine4Testing.java:put(205)) - s0: put 57, m28 -> (t:1, i:57), STATEMACHINELOGENTRY, 157@client-C7BF78C63910
2023-02-01 13:30:09,564 [s0@group-159C9756C527-StateMachineUpdater] INFO  impl.SimpleStateMachine4Testing (SimpleStateMachine4Testing.java:put(205)) - s0: put 59, m29 -> (t:1, i:59), STATEMACHINELOGENTRY, 158@client-C7BF78C63910
2023-02-01 13:30:09,568 [s0@group-159C9756C527-StateMachineUpdater] INFO  impl.SimpleStateMachine4Testing (SimpleStateMachine4Testing.java:put(205)) - s0: put 61, m30 -> (t:1, i:61), STATEMACHINELOGENTRY, 159@client-C7BF78C63910
2023-02-01 13:30:09,572 [s0@group-159C9756C527-StateMachineUpdater] INFO  impl.SimpleStateMachine4Testing (SimpleStateMachine4Testing.java:put(205)) - s0: put 63, m31 -> (t:1, i:63), STATEMACHINELOGENTRY, 160@client-C7BF78C63910
2023-02-01 13:30:09,572 [s0@group-159C9756C527-StateMachineUpdater] TRACE util.FileUtils (FileUtils.java:deleteFully(201)) - deleteFully /tmp/ratis-tests/statemachine/s0/snapshot/1_63
2023-02-01 13:30:09,572 [s0@group-159C9756C527-StateMachineUpdater] TRACE util.FileUtils (FileUtils.java:deleteFully(217)) - deleteFully: /tmp/ratis-tests/statemachine/s0/snapshot/1_63 does not exist.
2023-02-01 13:30:09,572 [s0@group-159C9756C527-StateMachineUpdater] TRACE util.FileUtils (FileUtils.java:deleteFully(201)) - deleteFully /tmp/ratis-tests/statemachine/s0/tmp/38e98574-48e7-4fc2-9f92-ed6eac63d3bd
2023-02-01 13:30:09,572 [s0@group-159C9756C527-StateMachineUpdater] TRACE util.FileUtils (FileUtils.java:deleteFully(217)) - deleteFully: /tmp/ratis-tests/statemachine/s0/tmp/38e98574-48e7-4fc2-9f92-ed6eac63d3bd does not exist.
2023-02-01 13:30:09,573 [s0@group-159C9756C527-StateMachineUpdater] TRACE util.FileUtils (LogUtils.java:runAndLog(49)) - Successfully ran Atomic Files.move /tmp/ratis-tests/statemachine/s0/tmp/38e98574-48e7-4fc2-9f92-ed6eac63d3bd to /tmp/ratis-tests/statemachine/s0/snapshot/1_63
2023-02-01 13:30:09,573 [s0@group-159C9756C527-StateMachineUpdater] INFO  impl.StateMachineUpdater (StateMachineUpdater.java:takeSnapshot(290)) - s0@group-159C9756C527-StateMachineUpdater: Took a snapshot at index 63
2023-02-01 13:30:09,573 [s0@group-159C9756C527-StateMachineUpdater] INFO  impl.StateMachineUpdater (StateMachineUpdater.java:lambda$new$0(96)) - s0@group-159C9756C527-StateMachineUpdater: snapshotIndex: updateIncreasingly -1 -> 63
2023-02-01 13:30:09,573 [s0@group-159C9756C527-StateMachineUpdater] INFO  raftlog.RaftLog (RaftLogBase.java:purge(314)) - s0@group-159C9756C527-SegmentedRaftLog: purge 63
2023-02-01 13:30:09,573 [s0@group-159C9756C527-StateMachineUpdater] INFO  raftlog.RaftLog (RaftLogBase.java:lambda$new$0(53)) - s0@group-159C9756C527-SegmentedRaftLog: snapshotIndex: updateIncreasingly -1 -> 63
2023-02-01 13:30:09,573 [s0@group-159C9756C527-StateMachineUpdater] INFO  raftlog.RaftLog (RaftLogBase.java:lambda$new$0(53)) - s0@group-159C9756C527-SegmentedRaftLog: purgeIndex: updateToMax old=-1, new=63, updated? true
2023-02-01 13:30:09,581 [s0@group-159C9756C527-StateMachineUpdater] INFO  impl.SimpleStateMachine4Testing (SimpleStateMachine4Testing.java:put(205)) - s0: put 65, m32 -> (t:1, i:65), STATEMACHINELOGENTRY, 161@client-C7BF78C63910
2023-02-01 13:30:09,585 [s0@group-159C9756C527-StateMachineUpdater] INFO  impl.SimpleStateMachine4Testing (SimpleStateMachine4Testing.java:put(205)) - s0: put 67, m33 -> (t:1, i:67), STATEMACHINELOGENTRY, 162@client-C7BF78C63910
2023-02-01 13:30:09,588 [s0@group-159C9756C527-StateMachineUpdater] INFO  impl.SimpleStateMachine4Testing (SimpleStateMachine4Testing.java:put(205)) - s0: put 69, m34 -> (t:1, i:69), STATEMACHINELOGENTRY, 163@client-C7BF78C63910
2023-02-01 13:30:09,592 [s0@group-159C9756C527-StateMachineUpdater] INFO  impl.SimpleStateMachine4Testing (SimpleStateMachine4Testing.java:put(205)) - s0: put 71, m35 -> (t:1, i:71), STATEMACHINELOGENTRY, 164@client-C7BF78C63910
2023-02-01 13:30:09,596 [s0@group-159C9756C527-StateMachineUpdater] INFO  impl.SimpleStateMachine4Testing (SimpleStateMachine4Testing.java:put(205)) - s0: put 73, m36 -> (t:1, i:73), STATEMACHINELOGENTRY, 165@client-C7BF78C63910
2023-02-01 13:30:09,600 [s0@group-159C9756C527-StateMachineUpdater] INFO  impl.SimpleStateMachine4Testing (SimpleStateMachine4Testing.java:put(205)) - s0: put 75, m37 -> (t:1, i:75), STATEMACHINELOGENTRY, 166@client-C7BF78C63910
2023-02-01 13:30:09,604 [s0@group-159C9756C527-StateMachineUpdater] INFO  impl.SimpleStateMachine4Testing (SimpleStateMachine4Testing.java:put(205)) - s0: put 77, m38 -> (t:1, i:77), STATEMACHINELOGENTRY, 167@client-C7BF78C63910
2023-02-01 13:30:09,608 [s0@group-159C9756C527-StateMachineUpdater] INFO  impl.SimpleStateMachine4Testing (SimpleStateMachine4Testing.java:put(205)) - s0: put 79, m39 -> (t:1, i:79), STATEMACHINELOGENTRY, 168@client-C7BF78C63910
2023-02-01 13:30:09,612 [s0@group-159C9756C527-StateMachineUpdater] INFO  impl.SimpleStateMachine4Testing (SimpleStateMachine4Testing.java:put(205)) - s0: put 81, m40 -> (t:1, i:81), STATEMACHINELOGENTRY, 169@client-C7BF78C63910
2023-02-01 13:30:09,619 [s0@group-159C9756C527-StateMachineUpdater] INFO  impl.SimpleStateMachine4Testing (SimpleStateMachine4Testing.java:put(205)) - s0: put 83, m41 -> (t:1, i:83), STATEMACHINELOGENTRY, 170@client-C7BF78C63910
2023-02-01 13:30:09,623 [s0@group-159C9756C527-StateMachineUpdater] INFO  impl.SimpleStateMachine4Testing (SimpleStateMachine4Testing.java:put(205)) - s0: put 85, m42 -> (t:1, i:85), STATEMACHINELOGENTRY, 171@client-C7BF78C63910
2023-02-01 13:30:09,627 [s0@group-159C9756C527-StateMachineUpdater] INFO  impl.SimpleStateMachine4Testing (SimpleStateMachine4Testing.java:put(205)) - s0: put 87, m43 -> (t:1, i:87), STATEMACHINELOGENTRY, 172@client-C7BF78C63910
2023-02-01 13:30:09,632 [s0@group-159C9756C527-StateMachineUpdater] INFO  impl.SimpleStateMachine4Testing (SimpleStateMachine4Testing.java:put(205)) - s0: put 89, m44 -> (t:1, i:89), STATEMACHINELOGENTRY, 173@client-C7BF78C63910
2023-02-01 13:30:09,638 [s0@group-159C9756C527-StateMachineUpdater] INFO  impl.SimpleStateMachine4Testing (SimpleStateMachine4Testing.java:put(205)) - s0: put 91, m45 -> (t:1, i:91), STATEMACHINELOGENTRY, 174@client-C7BF78C63910
2023-02-01 13:30:09,642 [s0@group-159C9756C527-StateMachineUpdater] INFO  impl.SimpleStateMachine4Testing (SimpleStateMachine4Testing.java:put(205)) - s0: put 93, m46 -> (t:1, i:93), STATEMACHINELOGENTRY, 175@client-C7BF78C63910
2023-02-01 13:30:09,646 [s0@group-159C9756C527-StateMachineUpdater] INFO  impl.SimpleStateMachine4Testing (SimpleStateMachine4Testing.java:put(205)) - s0: put 95, m47 -> (t:1, i:95), STATEMACHINELOGENTRY, 176@client-C7BF78C63910
2023-02-01 13:30:09,650 [s0@group-159C9756C527-StateMachineUpdater] INFO  impl.SimpleStateMachine4Testing (SimpleStateMachine4Testing.java:put(205)) - s0: put 97, m48 -> (t:1, i:97), STATEMACHINELOGENTRY, 177@client-C7BF78C63910
2023-02-01 13:30:09,654 [s0@group-159C9756C527-StateMachineUpdater] INFO  impl.SimpleStateMachine4Testing (SimpleStateMachine4Testing.java:put(205)) - s0: put 99, m49 -> (t:1, i:99), STATEMACHINELOGENTRY, 178@client-C7BF78C63910
2023-02-01 13:30:09,657 [s0@group-159C9756C527-StateMachineUpdater] INFO  impl.SimpleStateMachine4Testing (SimpleStateMachine4Testing.java:put(205)) - s0: put 101, m50 -> (t:1, i:101), STATEMACHINELOGENTRY, 179@client-C7BF78C63910
2023-02-01 13:30:09,661 [s0@group-159C9756C527-StateMachineUpdater] INFO  impl.SimpleStateMachine4Testing (SimpleStateMachine4Testing.java:put(205)) - s0: put 103, m51 -> (t:1, i:103), STATEMACHINELOGENTRY, 180@client-C7BF78C63910
2023-02-01 13:30:09,665 [s0@group-159C9756C527-StateMachineUpdater] INFO  impl.SimpleStateMachine4Testing (SimpleStateMachine4Testing.java:put(205)) - s0: put 105, m52 -> (t:1, i:105), STATEMACHINELOGENTRY, 181@client-C7BF78C63910
2023-02-01 13:30:09,669 [s0@group-159C9756C527-StateMachineUpdater] INFO  impl.SimpleStateMachine4Testing (SimpleStateMachine4Testing.java:put(205)) - s0: put 107, m53 -> (t:1, i:107), STATEMACHINELOGENTRY, 182@client-C7BF78C63910
2023-02-01 13:30:09,673 [s0@group-159C9756C527-StateMachineUpdater] INFO  impl.SimpleStateMachine4Testing (SimpleStateMachine4Testing.java:put(205)) - s0: put 109, m54 -> (t:1, i:109), STATEMACHINELOGENTRY, 183@client-C7BF78C63910
2023-02-01 13:30:09,677 [s0@group-159C9756C527-StateMachineUpdater] INFO  impl.SimpleStateMachine4Testing (SimpleStateMachine4Testing.java:put(205)) - s0: put 111, m55 -> (t:1, i:111), STATEMACHINELOGENTRY, 184@client-C7BF78C63910
2023-02-01 13:30:09,681 [s0@group-159C9756C527-StateMachineUpdater] INFO  impl.SimpleStateMachine4Testing (SimpleStateMachine4Testing.java:put(205)) - s0: put 113, m56 -> (t:1, i:113), STATEMACHINELOGENTRY, 185@client-C7BF78C63910
2023-02-01 13:30:09,685 [s0@group-159C9756C527-StateMachineUpdater] INFO  impl.SimpleStateMachine4Testing (SimpleStateMachine4Testing.java:put(205)) - s0: put 115, m57 -> (t:1, i:115), STATEMACHINELOGENTRY, 186@client-C7BF78C63910
2023-02-01 13:30:09,689 [s0@group-159C9756C527-StateMachineUpdater] INFO  impl.SimpleStateMachine4Testing (SimpleStateMachine4Testing.java:put(205)) - s0: put 117, m58 -> (t:1, i:117), STATEMACHINELOGENTRY, 187@client-C7BF78C63910
2023-02-01 13:30:09,694 [s0@group-159C9756C527-StateMachineUpdater] INFO  impl.SimpleStateMachine4Testing (SimpleStateMachine4Testing.java:put(205)) - s0: put 119, m59 -> (t:1, i:119), STATEMACHINELOGENTRY, 188@client-C7BF78C63910
2023-02-01 13:30:09,698 [s0@group-159C9756C527-StateMachineUpdater] INFO  impl.SimpleStateMachine4Testing (SimpleStateMachine4Testing.java:put(205)) - s0: put 121, m60 -> (t:1, i:121), STATEMACHINELOGENTRY, 189@client-C7BF78C63910
2023-02-01 13:30:09,702 [s0@group-159C9756C527-StateMachineUpdater] INFO  impl.SimpleStateMachine4Testing (SimpleStateMachine4Testing.java:put(205)) - s0: put 123, m61 -> (t:1, i:123), STATEMACHINELOGENTRY, 190@client-C7BF78C63910
2023-02-01 13:30:09,706 [s0@group-159C9756C527-StateMachineUpdater] INFO  impl.SimpleStateMachine4Testing (SimpleStateMachine4Testing.java:put(205)) - s0: put 125, m62 -> (t:1, i:125), STATEMACHINELOGENTRY, 191@client-C7BF78C63910
2023-02-01 13:30:09,709 [s0@group-159C9756C527-StateMachineUpdater] INFO  impl.SimpleStateMachine4Testing (SimpleStateMachine4Testing.java:put(205)) - s0: put 127, m63 -> (t:1, i:127), STATEMACHINELOGENTRY, 192@client-C7BF78C63910
2023-02-01 13:30:09,710 [s0@group-159C9756C527-StateMachineUpdater] TRACE util.FileUtils (FileUtils.java:deleteFully(201)) - deleteFully /tmp/ratis-tests/statemachine/s0/snapshot/1_127
2023-02-01 13:30:09,710 [s0@group-159C9756C527-StateMachineUpdater] TRACE util.FileUtils (FileUtils.java:deleteFully(217)) - deleteFully: /tmp/ratis-tests/statemachine/s0/snapshot/1_127 does not exist.
2023-02-01 13:30:09,710 [s0@group-159C9756C527-StateMachineUpdater] TRACE util.FileUtils (FileUtils.java:deleteFully(201)) - deleteFully /tmp/ratis-tests/statemachine/s0/tmp/95911107-5d89-4eda-a096-14322e2d1b26
2023-02-01 13:30:09,711 [s0@group-159C9756C527-StateMachineUpdater] TRACE util.FileUtils (FileUtils.java:deleteFully(217)) - deleteFully: /tmp/ratis-tests/statemachine/s0/tmp/95911107-5d89-4eda-a096-14322e2d1b26 does not exist.
2023-02-01 13:30:09,711 [s0@group-159C9756C527-StateMachineUpdater] TRACE util.FileUtils (LogUtils.java:runAndLog(49)) - Successfully ran Atomic Files.move /tmp/ratis-tests/statemachine/s0/tmp/95911107-5d89-4eda-a096-14322e2d1b26 to /tmp/ratis-tests/statemachine/s0/snapshot/1_127
2023-02-01 13:30:09,711 [s0@group-159C9756C527-StateMachineUpdater] INFO  impl.StateMachineUpdater (StateMachineUpdater.java:takeSnapshot(290)) - s0@group-159C9756C527-StateMachineUpdater: Took a snapshot at index 127
2023-02-01 13:30:09,711 [s0@group-159C9756C527-StateMachineUpdater] INFO  impl.StateMachineUpdater (StateMachineUpdater.java:lambda$new$0(96)) - s0@group-159C9756C527-StateMachineUpdater: snapshotIndex: updateIncreasingly 63 -> 127
2023-02-01 13:30:09,711 [s0@group-159C9756C527-StateMachineUpdater] INFO  raftlog.RaftLog (RaftLogBase.java:purge(314)) - s0@group-159C9756C527-SegmentedRaftLog: purge 127
2023-02-01 13:30:09,711 [s0@group-159C9756C527-StateMachineUpdater] INFO  raftlog.RaftLog (RaftLogBase.java:lambda$new$0(53)) - s0@group-159C9756C527-SegmentedRaftLog: snapshotIndex: updateIncreasingly 63 -> 127
2023-02-01 13:30:09,711 [s0@group-159C9756C527-StateMachineUpdater] INFO  raftlog.RaftLog (RaftLogBase.java:lambda$new$0(53)) - s0@group-159C9756C527-SegmentedRaftLog: purgeIndex: updateToMax old=63, new=127, updated? true
2023-02-01 13:30:09,715 [s0@group-159C9756C527-StateMachineUpdater] INFO  impl.SimpleStateMachine4Testing (SimpleStateMachine4Testing.java:put(205)) - s0: put 129, m64 -> (t:1, i:129), STATEMACHINELOGENTRY, 193@client-C7BF78C63910
2023-02-01 13:30:09,722 [s0@group-159C9756C527-StateMachineUpdater] INFO  impl.SimpleStateMachine4Testing (SimpleStateMachine4Testing.java:put(205)) - s0: put 131, m65 -> (t:1, i:131), STATEMACHINELOGENTRY, 194@client-C7BF78C63910
2023-02-01 13:30:09,726 [s0@group-159C9756C527-StateMachineUpdater] INFO  impl.SimpleStateMachine4Testing (SimpleStateMachine4Testing.java:put(205)) - s0: put 133, m66 -> (t:1, i:133), STATEMACHINELOGENTRY, 195@client-C7BF78C63910
2023-02-01 13:30:09,729 [s0@group-159C9756C527-StateMachineUpdater] INFO  impl.SimpleStateMachine4Testing (SimpleStateMachine4Testing.java:put(205)) - s0: put 135, m67 -> (t:1, i:135), STATEMACHINELOGENTRY, 196@client-C7BF78C63910
2023-02-01 13:30:09,734 [s0@group-159C9756C527-StateMachineUpdater] INFO  impl.SimpleStateMachine4Testing (SimpleStateMachine4Testing.java:put(205)) - s0: put 137, m68 -> (t:1, i:137), STATEMACHINELOGENTRY, 197@client-C7BF78C63910
2023-02-01 13:30:09,737 [s0@group-159C9756C527-StateMachineUpdater] INFO  impl.SimpleStateMachine4Testing (SimpleStateMachine4Testing.java:put(205)) - s0: put 139, m69 -> (t:1, i:139), STATEMACHINELOGENTRY, 198@client-C7BF78C63910
2023-02-01 13:30:09,741 [s0@group-159C9756C527-StateMachineUpdater] INFO  impl.SimpleStateMachine4Testing (SimpleStateMachine4Testing.java:put(205)) - s0: put 141, m70 -> (t:1, i:141), STATEMACHINELOGENTRY, 199@client-C7BF78C63910
2023-02-01 13:30:09,745 [s0@group-159C9756C527-StateMachineUpdater] INFO  impl.SimpleStateMachine4Testing (SimpleStateMachine4Testing.java:put(205)) - s0: put 143, m71 -> (t:1, i:143), STATEMACHINELOGENTRY, 200@client-C7BF78C63910
2023-02-01 13:30:09,752 [s0@group-159C9756C527-StateMachineUpdater] INFO  impl.SimpleStateMachine4Testing (SimpleStateMachine4Testing.java:put(205)) - s0: put 145, m72 -> (t:1, i:145), STATEMACHINELOGENTRY, 201@client-C7BF78C63910
2023-02-01 13:30:09,755 [s0@group-159C9756C527-StateMachineUpdater] INFO  impl.SimpleStateMachine4Testing (SimpleStateMachine4Testing.java:put(205)) - s0: put 147, m73 -> (t:1, i:147), STATEMACHINELOGENTRY, 202@client-C7BF78C63910
2023-02-01 13:30:09,759 [s0@group-159C9756C527-StateMachineUpdater] INFO  impl.SimpleStateMachine4Testing (SimpleStateMachine4Testing.java:put(205)) - s0: put 149, m74 -> (t:1, i:149), STATEMACHINELOGENTRY, 203@client-C7BF78C63910
2023-02-01 13:30:09,763 [s0@group-159C9756C527-StateMachineUpdater] INFO  impl.SimpleStateMachine4Testing (SimpleStateMachine4Testing.java:put(205)) - s0: put 151, m75 -> (t:1, i:151), STATEMACHINELOGENTRY, 204@client-C7BF78C63910
2023-02-01 13:30:09,767 [s0@group-159C9756C527-StateMachineUpdater] INFO  impl.SimpleStateMachine4Testing (SimpleStateMachine4Testing.java:put(205)) - s0: put 153, m76 -> (t:1, i:153), STATEMACHINELOGENTRY, 205@client-C7BF78C63910
2023-02-01 13:30:09,770 [s0@group-159C9756C527-StateMachineUpdater] INFO  impl.SimpleStateMachine4Testing (SimpleStateMachine4Testing.java:put(205)) - s0: put 155, m77 -> (t:1, i:155), STATEMACHINELOGENTRY, 206@client-C7BF78C63910
2023-02-01 13:30:09,779 [s0@group-159C9756C527-StateMachineUpdater] INFO  impl.SimpleStateMachine4Testing (SimpleStateMachine4Testing.java:put(205)) - s0: put 157, m78 -> (t:1, i:157), STATEMACHINELOGENTRY, 207@client-C7BF78C63910
2023-02-01 13:30:09,782 [s0@group-159C9756C527-StateMachineUpdater] INFO  impl.SimpleStateMachine4Testing (SimpleStateMachine4Testing.java:put(205)) - s0: put 159, m79 -> (t:1, i:159), STATEMACHINELOGENTRY, 208@client-C7BF78C63910
2023-02-01 13:30:09,786 [s0@group-159C9756C527-StateMachineUpdater] INFO  impl.SimpleStateMachine4Testing (SimpleStateMachine4Testing.java:put(205)) - s0: put 161, m80 -> (t:1, i:161), STATEMACHINELOGENTRY, 209@client-C7BF78C63910
2023-02-01 13:30:09,789 [s0@group-159C9756C527-StateMachineUpdater] INFO  impl.SimpleStateMachine4Testing (SimpleStateMachine4Testing.java:put(205)) - s0: put 163, m81 -> (t:1, i:163), STATEMACHINELOGENTRY, 210@client-C7BF78C63910
2023-02-01 13:30:09,792 [s0@group-159C9756C527-StateMachineUpdater] INFO  impl.SimpleStateMachine4Testing (SimpleStateMachine4Testing.java:put(205)) - s0: put 165, m82 -> (t:1, i:165), STATEMACHINELOGENTRY, 211@client-C7BF78C63910
2023-02-01 13:30:09,795 [s0@group-159C9756C527-StateMachineUpdater] INFO  impl.SimpleStateMachine4Testing (SimpleStateMachine4Testing.java:put(205)) - s0: put 167, m83 -> (t:1, i:167), STATEMACHINELOGENTRY, 212@client-C7BF78C63910
2023-02-01 13:30:09,798 [s0@group-159C9756C527-StateMachineUpdater] INFO  impl.SimpleStateMachine4Testing (SimpleStateMachine4Testing.java:put(205)) - s0: put 169, m84 -> (t:1, i:169), STATEMACHINELOGENTRY, 213@client-C7BF78C63910
2023-02-01 13:30:09,802 [s0@group-159C9756C527-StateMachineUpdater] INFO  impl.SimpleStateMachine4Testing (SimpleStateMachine4Testing.java:put(205)) - s0: put 171, m85 -> (t:1, i:171), STATEMACHINELOGENTRY, 214@client-C7BF78C63910
2023-02-01 13:30:09,805 [s0@group-159C9756C527-StateMachineUpdater] INFO  impl.SimpleStateMachine4Testing (SimpleStateMachine4Testing.java:put(205)) - s0: put 173, m86 -> (t:1, i:173), STATEMACHINELOGENTRY, 215@client-C7BF78C63910
2023-02-01 13:30:09,808 [s0@group-159C9756C527-StateMachineUpdater] INFO  impl.SimpleStateMachine4Testing (SimpleStateMachine4Testing.java:put(205)) - s0: put 175, m87 -> (t:1, i:175), STATEMACHINELOGENTRY, 216@client-C7BF78C63910
2023-02-01 13:30:09,812 [s0@group-159C9756C527-StateMachineUpdater] INFO  impl.SimpleStateMachine4Testing (SimpleStateMachine4Testing.java:put(205)) - s0: put 177, m88 -> (t:1, i:177), STATEMACHINELOGENTRY, 217@client-C7BF78C63910
2023-02-01 13:30:09,816 [s0@group-159C9756C527-StateMachineUpdater] INFO  impl.SimpleStateMachine4Testing (SimpleStateMachine4Testing.java:put(205)) - s0: put 179, m89 -> (t:1, i:179), STATEMACHINELOGENTRY, 218@client-C7BF78C63910
2023-02-01 13:30:09,819 [s0@group-159C9756C527-StateMachineUpdater] INFO  impl.SimpleStateMachine4Testing (SimpleStateMachine4Testing.java:put(205)) - s0: put 181, m90 -> (t:1, i:181), STATEMACHINELOGENTRY, 219@client-C7BF78C63910
2023-02-01 13:30:09,828 [s0@group-159C9756C527-StateMachineUpdater] INFO  impl.SimpleStateMachine4Testing (SimpleStateMachine4Testing.java:put(205)) - s0: put 183, m91 -> (t:1, i:183), STATEMACHINELOGENTRY, 220@client-C7BF78C63910
2023-02-01 13:30:09,833 [s0@group-159C9756C527-StateMachineUpdater] INFO  impl.SimpleStateMachine4Testing (SimpleStateMachine4Testing.java:put(205)) - s0: put 185, m92 -> (t:1, i:185), STATEMACHINELOGENTRY, 221@client-C7BF78C63910
2023-02-01 13:30:09,837 [s0@group-159C9756C527-StateMachineUpdater] INFO  impl.SimpleStateMachine4Testing (SimpleStateMachine4Testing.java:put(205)) - s0: put 187, m93 -> (t:1, i:187), STATEMACHINELOGENTRY, 222@client-C7BF78C63910
2023-02-01 13:30:09,845 [s0@group-159C9756C527-StateMachineUpdater] INFO  impl.SimpleStateMachine4Testing (SimpleStateMachine4Testing.java:put(205)) - s0: put 189, m94 -> (t:1, i:189), STATEMACHINELOGENTRY, 223@client-C7BF78C63910
2023-02-01 13:30:09,849 [s0@group-159C9756C527-StateMachineUpdater] INFO  impl.SimpleStateMachine4Testing (SimpleStateMachine4Testing.java:put(205)) - s0: put 191, m95 -> (t:1, i:191), STATEMACHINELOGENTRY, 224@client-C7BF78C63910
2023-02-01 13:30:09,849 [s0@group-159C9756C527-StateMachineUpdater] TRACE util.FileUtils (FileUtils.java:deleteFully(201)) - deleteFully /tmp/ratis-tests/statemachine/s0/snapshot/1_191
2023-02-01 13:30:09,849 [s0@group-159C9756C527-StateMachineUpdater] TRACE util.FileUtils (FileUtils.java:deleteFully(217)) - deleteFully: /tmp/ratis-tests/statemachine/s0/snapshot/1_191 does not exist.
2023-02-01 13:30:09,849 [s0@group-159C9756C527-StateMachineUpdater] TRACE util.FileUtils (FileUtils.java:deleteFully(201)) - deleteFully /tmp/ratis-tests/statemachine/s0/tmp/d2e5cf27-6643-4222-9ea9-df017b637da5
2023-02-01 13:30:09,849 [s0@group-159C9756C527-StateMachineUpdater] TRACE util.FileUtils (FileUtils.java:deleteFully(217)) - deleteFully: /tmp/ratis-tests/statemachine/s0/tmp/d2e5cf27-6643-4222-9ea9-df017b637da5 does not exist.
2023-02-01 13:30:09,849 [s0@group-159C9756C527-StateMachineUpdater] TRACE util.FileUtils (LogUtils.java:runAndLog(49)) - Successfully ran Atomic Files.move /tmp/ratis-tests/statemachine/s0/tmp/d2e5cf27-6643-4222-9ea9-df017b637da5 to /tmp/ratis-tests/statemachine/s0/snapshot/1_191
2023-02-01 13:30:09,849 [s0@group-159C9756C527-StateMachineUpdater] INFO  impl.StateMachineUpdater (StateMachineUpdater.java:takeSnapshot(290)) - s0@group-159C9756C527-StateMachineUpdater: Took a snapshot at index 191
2023-02-01 13:30:09,850 [s0@group-159C9756C527-StateMachineUpdater] INFO  impl.StateMachineUpdater (StateMachineUpdater.java:lambda$new$0(96)) - s0@group-159C9756C527-StateMachineUpdater: snapshotIndex: updateIncreasingly 127 -> 191
2023-02-01 13:30:09,850 [s0@group-159C9756C527-StateMachineUpdater] INFO  raftlog.RaftLog (RaftLogBase.java:purge(314)) - s0@group-159C9756C527-SegmentedRaftLog: purge 191
2023-02-01 13:30:09,850 [s0@group-159C9756C527-StateMachineUpdater] INFO  raftlog.RaftLog (RaftLogBase.java:lambda$new$0(53)) - s0@group-159C9756C527-SegmentedRaftLog: snapshotIndex: updateIncreasingly 127 -> 191
2023-02-01 13:30:09,850 [s0@group-159C9756C527-StateMachineUpdater] INFO  raftlog.RaftLog (RaftLogBase.java:lambda$new$0(53)) - s0@group-159C9756C527-SegmentedRaftLog: purgeIndex: updateToMax old=127, new=191, updated? true
2023-02-01 13:30:09,854 [s0@group-159C9756C527-StateMachineUpdater] INFO  impl.SimpleStateMachine4Testing (SimpleStateMachine4Testing.java:put(205)) - s0: put 193, m96 -> (t:1, i:193), STATEMACHINELOGENTRY, 225@client-C7BF78C63910
2023-02-01 13:30:09,857 [s0@group-159C9756C527-StateMachineUpdater] INFO  impl.SimpleStateMachine4Testing (SimpleStateMachine4Testing.java:put(205)) - s0: put 195, m97 -> (t:1, i:195), STATEMACHINELOGENTRY, 226@client-C7BF78C63910
2023-02-01 13:30:09,861 [s0@group-159C9756C527-StateMachineUpdater] INFO  impl.SimpleStateMachine4Testing (SimpleStateMachine4Testing.java:put(205)) - s0: put 197, m98 -> (t:1, i:197), STATEMACHINELOGENTRY, 227@client-C7BF78C63910
2023-02-01 13:30:09,865 [s0@group-159C9756C527-StateMachineUpdater] INFO  impl.SimpleStateMachine4Testing (SimpleStateMachine4Testing.java:put(205)) - s0: put 199, m99 -> (t:1, i:199), STATEMACHINELOGENTRY, 228@client-C7BF78C63910
2023-02-01 13:30:09,868 [s0@group-159C9756C527-StateMachineUpdater] INFO  impl.SimpleStateMachine4Testing (SimpleStateMachine4Testing.java:put(205)) - s0: put 201, m100 -> (t:1, i:201), STATEMACHINELOGENTRY, 229@client-C7BF78C63910
2023-02-01 13:30:09,871 [s0@group-159C9756C527-StateMachineUpdater] INFO  impl.SimpleStateMachine4Testing (SimpleStateMachine4Testing.java:put(205)) - s0: put 203, m101 -> (t:1, i:203), STATEMACHINELOGENTRY, 230@client-C7BF78C63910
2023-02-01 13:30:09,874 [s0@group-159C9756C527-StateMachineUpdater] INFO  impl.SimpleStateMachine4Testing (SimpleStateMachine4Testing.java:put(205)) - s0: put 205, m102 -> (t:1, i:205), STATEMACHINELOGENTRY, 231@client-C7BF78C63910
2023-02-01 13:30:09,878 [s0@group-159C9756C527-StateMachineUpdater] INFO  impl.SimpleStateMachine4Testing (SimpleStateMachine4Testing.java:put(205)) - s0: put 207, m103 -> (t:1, i:207), STATEMACHINELOGENTRY, 232@client-C7BF78C63910
2023-02-01 13:30:09,881 [s0@group-159C9756C527-StateMachineUpdater] INFO  impl.SimpleStateMachine4Testing (SimpleStateMachine4Testing.java:put(205)) - s0: put 209, m104 -> (t:1, i:209), STATEMACHINELOGENTRY, 233@client-C7BF78C63910
2023-02-01 13:30:09,885 [s0@group-159C9756C527-StateMachineUpdater] INFO  impl.SimpleStateMachine4Testing (SimpleStateMachine4Testing.java:put(205)) - s0: put 211, m105 -> (t:1, i:211), STATEMACHINELOGENTRY, 234@client-C7BF78C63910
2023-02-01 13:30:09,888 [s0@group-159C9756C527-StateMachineUpdater] INFO  impl.SimpleStateMachine4Testing (SimpleStateMachine4Testing.java:put(205)) - s0: put 213, m106 -> (t:1, i:213), STATEMACHINELOGENTRY, 235@client-C7BF78C63910
2023-02-01 13:30:09,892 [s0@group-159C9756C527-StateMachineUpdater] INFO  impl.SimpleStateMachine4Testing (SimpleStateMachine4Testing.java:put(205)) - s0: put 215, m107 -> (t:1, i:215), STATEMACHINELOGENTRY, 236@client-C7BF78C63910
2023-02-01 13:30:09,895 [s0@group-159C9756C527-StateMachineUpdater] INFO  impl.SimpleStateMachine4Testing (SimpleStateMachine4Testing.java:put(205)) - s0: put 217, m108 -> (t:1, i:217), STATEMACHINELOGENTRY, 237@client-C7BF78C63910
2023-02-01 13:30:09,898 [s0@group-159C9756C527-StateMachineUpdater] INFO  impl.SimpleStateMachine4Testing (SimpleStateMachine4Testing.java:put(205)) - s0: put 219, m109 -> (t:1, i:219), STATEMACHINELOGENTRY, 238@client-C7BF78C63910
2023-02-01 13:30:09,902 [s0@group-159C9756C527-StateMachineUpdater] INFO  impl.SimpleStateMachine4Testing (SimpleStateMachine4Testing.java:put(205)) - s0: put 221, m110 -> (t:1, i:221), STATEMACHINELOGENTRY, 239@client-C7BF78C63910
2023-02-01 13:30:09,906 [s0@group-159C9756C527-StateMachineUpdater] INFO  impl.SimpleStateMachine4Testing (SimpleStateMachine4Testing.java:put(205)) - s0: put 223, m111 -> (t:1, i:223), STATEMACHINELOGENTRY, 240@client-C7BF78C63910
2023-02-01 13:30:09,909 [s0@group-159C9756C527-StateMachineUpdater] INFO  impl.SimpleStateMachine4Testing (SimpleStateMachine4Testing.java:put(205)) - s0: put 225, m112 -> (t:1, i:225), STATEMACHINELOGENTRY, 241@client-C7BF78C63910
2023-02-01 13:30:09,913 [s0@group-159C9756C527-StateMachineUpdater] INFO  impl.SimpleStateMachine4Testing (SimpleStateMachine4Testing.java:put(205)) - s0: put 227, m113 -> (t:1, i:227), STATEMACHINELOGENTRY, 242@client-C7BF78C63910
2023-02-01 13:30:09,916 [s0@group-159C9756C527-StateMachineUpdater] INFO  impl.SimpleStateMachine4Testing (SimpleStateMachine4Testing.java:put(205)) - s0: put 229, m114 -> (t:1, i:229), STATEMACHINELOGENTRY, 243@client-C7BF78C63910
2023-02-01 13:30:09,920 [s0@group-159C9756C527-StateMachineUpdater] INFO  impl.SimpleStateMachine4Testing (SimpleStateMachine4Testing.java:put(205)) - s0: put 231, m115 -> (t:1, i:231), STATEMACHINELOGENTRY, 244@client-C7BF78C63910
2023-02-01 13:30:09,923 [s0@group-159C9756C527-StateMachineUpdater] INFO  impl.SimpleStateMachine4Testing (SimpleStateMachine4Testing.java:put(205)) - s0: put 233, m116 -> (t:1, i:233), STATEMACHINELOGENTRY, 245@client-C7BF78C63910
2023-02-01 13:30:09,927 [s0@group-159C9756C527-StateMachineUpdater] INFO  impl.SimpleStateMachine4Testing (SimpleStateMachine4Testing.java:put(205)) - s0: put 235, m117 -> (t:1, i:235), STATEMACHINELOGENTRY, 246@client-C7BF78C63910
2023-02-01 13:30:09,930 [s0@group-159C9756C527-StateMachineUpdater] INFO  impl.SimpleStateMachine4Testing (SimpleStateMachine4Testing.java:put(205)) - s0: put 237, m118 -> (t:1, i:237), STATEMACHINELOGENTRY, 247@client-C7BF78C63910
2023-02-01 13:30:09,934 [s0@group-159C9756C527-StateMachineUpdater] INFO  impl.SimpleStateMachine4Testing (SimpleStateMachine4Testing.java:put(205)) - s0: put 239, m119 -> (t:1, i:239), STATEMACHINELOGENTRY, 248@client-C7BF78C63910
2023-02-01 13:30:09,938 [s0@group-159C9756C527-StateMachineUpdater] INFO  impl.SimpleStateMachine4Testing (SimpleStateMachine4Testing.java:put(205)) - s0: put 241, m120 -> (t:1, i:241), STATEMACHINELOGENTRY, 249@client-C7BF78C63910
2023-02-01 13:30:09,942 [s0@group-159C9756C527-StateMachineUpdater] INFO  impl.SimpleStateMachine4Testing (SimpleStateMachine4Testing.java:put(205)) - s0: put 243, m121 -> (t:1, i:243), STATEMACHINELOGENTRY, 250@client-C7BF78C63910
2023-02-01 13:30:09,946 [s0@group-159C9756C527-StateMachineUpdater] INFO  impl.SimpleStateMachine4Testing (SimpleStateMachine4Testing.java:put(205)) - s0: put 245, m122 -> (t:1, i:245), STATEMACHINELOGENTRY, 251@client-C7BF78C63910
2023-02-01 13:30:09,950 [s0@group-159C9756C527-StateMachineUpdater] INFO  impl.SimpleStateMachine4Testing (SimpleStateMachine4Testing.java:put(205)) - s0: put 247, m123 -> (t:1, i:247), STATEMACHINELOGENTRY, 252@client-C7BF78C63910
2023-02-01 13:30:09,954 [s0@group-159C9756C527-StateMachineUpdater] INFO  impl.SimpleStateMachine4Testing (SimpleStateMachine4Testing.java:put(205)) - s0: put 249, m124 -> (t:1, i:249), STATEMACHINELOGENTRY, 253@client-C7BF78C63910
2023-02-01 13:30:09,958 [s0@group-159C9756C527-StateMachineUpdater] INFO  impl.SimpleStateMachine4Testing (SimpleStateMachine4Testing.java:put(205)) - s0: put 251, m125 -> (t:1, i:251), STATEMACHINELOGENTRY, 254@client-C7BF78C63910
2023-02-01 13:30:09,961 [s0@group-159C9756C527-StateMachineUpdater] INFO  impl.SimpleStateMachine4Testing (SimpleStateMachine4Testing.java:put(205)) - s0: put 253, m126 -> (t:1, i:253), STATEMACHINELOGENTRY, 255@client-C7BF78C63910
2023-02-01 13:30:09,974 [s0-server-thread1] INFO  server.RaftServer$Division (RaftServerImpl.java:takeSnapshotAsync(1124)) - s0@group-159C9756C527: takeSnapshotAsync SnapshotManagementRequest:client-C7BF78C63910->s0@group-159C9756C527, cid=256, seq=0, RO, null, Create:
2023-02-01 13:30:09,974 [s0-server-thread1] INFO  server.RaftServerConfigKeys (ConfUtils.java:logGet(46)) - raft.server.snapshot.creation.gap = 1024 (default)
2023-02-01 13:30:09,984 [Time-limited test] INFO  impl.MiniRaftCluster (MiniRaftCluster.java:addNewPeers(464)) - Add new peers [s1, s2]
2023-02-01 13:30:09,984 [Time-limited test] INFO  impl.MiniRaftCluster (MiniRaftCluster.java:newRaftServer(382)) - newRaftServer: s1, group-159C9756C527:[], format? true
2023-02-01 13:30:09,984 [Time-limited test] TRACE util.FileUtils (FileUtils.java:deleteFully(201)) - deleteFully target/test/data/ecd5beaa/MiniRaftClusterWithGrpce9e5498f/s1
2023-02-01 13:30:09,984 [Time-limited test] TRACE util.FileUtils (FileUtils.java:deleteFully(217)) - deleteFully: target/test/data/ecd5beaa/MiniRaftClusterWithGrpce9e5498f/s1 does not exist.
2023-02-01 13:30:09,984 [Time-limited test] INFO  impl.MiniRaftCluster (MiniRaftCluster.java:newRaftServer(387)) - Formatted directory target/test/data/ecd5beaa/MiniRaftClusterWithGrpce9e5498f/s1
2023-02-01 13:30:09,985 [Time-limited test] INFO  server.RaftServer (ConfUtils.java:logGet(46)) - raft.rpc.type = GRPC (default)
2023-02-01 13:30:09,985 [Time-limited test] INFO  grpc.GrpcConfigKeys (ConfUtils.java:logFallback(53)) - raft.grpc.admin.host = null (fallback to raft.grpc.server.host)
2023-02-01 13:30:09,985 [Time-limited test] INFO  grpc.GrpcConfigKeys (ConfUtils.java:logFallback(53)) - raft.grpc.admin.port = 35145 (fallback to raft.grpc.server.port)
2023-02-01 13:30:09,985 [Time-limited test] INFO  grpc.GrpcConfigKeys (ConfUtils.java:logFallback(53)) - raft.grpc.client.host = null (fallback to raft.grpc.server.host)
2023-02-01 13:30:09,985 [Time-limited test] INFO  grpc.GrpcConfigKeys (ConfUtils.java:logFallback(53)) - raft.grpc.client.port = 35145 (fallback to raft.grpc.server.port)
2023-02-01 13:30:09,985 [Time-limited test] INFO  grpc.GrpcConfigKeys (ConfUtils.java:logGet(46)) - raft.grpc.server.host = null (default)
2023-02-01 13:30:09,986 [Time-limited test] INFO  grpc.GrpcConfigKeys (ConfUtils.java:logGet(46)) - raft.grpc.server.port = 35145 (custom)
2023-02-01 13:30:09,986 [Time-limited test] INFO  server.GrpcService (ConfUtils.java:logGet(46)) - raft.grpc.message.size.max = 64MB (=67108864) (default)
2023-02-01 13:30:09,986 [Time-limited test] INFO  server.RaftServerConfigKeys (ConfUtils.java:logGet(46)) - raft.server.log.appender.buffer.byte-limit = 4MB (=4194304) (default)
2023-02-01 13:30:09,986 [Time-limited test] INFO  server.GrpcService (ConfUtils.java:logGet(46)) - raft.grpc.flow.control.window = 1MB (=1048576) (default)
2023-02-01 13:30:09,986 [Time-limited test] INFO  server.RaftServerConfigKeys (ConfUtils.java:logGet(46)) - raft.server.rpc.request.timeout = 3000ms (default)
2023-02-01 13:30:09,986 [Time-limited test] INFO  grpc.GrpcConfigKeys (ConfUtils.java:logGet(46)) - raft.grpc.server.heartbeat.channel = false (custom)
2023-02-01 13:30:09,986 [Time-limited test] INFO  grpc.GrpcConfigKeys (ConfUtils.java:logGet(46)) - raft.grpc.server.async.request.thread.pool.cached = true (default)
2023-02-01 13:30:09,986 [Time-limited test] INFO  grpc.GrpcConfigKeys (ConfUtils.java:logGet(46)) - raft.grpc.server.async.request.thread.pool.size = 32 (default)
2023-02-01 13:30:09,987 [Time-limited test] INFO  impl.DataStreamServerImpl (ConfUtils.java:logGet(46)) - raft.datastream.type = DISABLED (default)
2023-02-01 13:30:09,987 [Time-limited test] INFO  server.RaftServerConfigKeys (ConfUtils.java:logGet(46)) - raft.server.threadpool.proxy.cached = true (default)
2023-02-01 13:30:09,987 [Time-limited test] INFO  server.RaftServerConfigKeys (ConfUtils.java:logGet(46)) - raft.server.threadpool.proxy.size = 0 (default)
2023-02-01 13:30:09,987 [Time-limited test] INFO  server.RaftServerConfigKeys (ConfUtils.java:logGet(46)) - raft.server.rpc.slowness.timeout = 60s (default)
2023-02-01 13:30:09,987 [Time-limited test] INFO  server.RaftServerConfigKeys (ConfUtils.java:logGet(46)) - raft.server.leaderelection.leader.step-down.wait-time = 10s (default)
2023-02-01 13:30:09,987 [Time-limited test] INFO  server.RaftServerConfigKeys (ConfUtils.java:logGet(46)) - raft.server.storage.dir = [/home/runner/work/ratis/ratis/ratis-test/target/test/data/ecd5beaa/MiniRaftClusterWithGrpce9e5498f/s1] (custom)
2023-02-01 13:30:09,989 [Time-limited test] INFO  server.RaftServer (RaftServerProxy.java:addNew(99)) - s1: addNew group-159C9756C527:[] returns group-159C9756C527:java.util.concurrent.CompletableFuture@247341a2[Not completed]
2023-02-01 13:30:09,989 [Time-limited test] INFO  impl.MiniRaftCluster (MiniRaftCluster.java:newRaftServer(382)) - newRaftServer: s2, group-159C9756C527:[], format? true
2023-02-01 13:30:09,989 [Time-limited test] TRACE util.FileUtils (FileUtils.java:deleteFully(201)) - deleteFully target/test/data/ecd5beaa/MiniRaftClusterWithGrpce9e5498f/s2
2023-02-01 13:30:09,989 [pool-7-thread-1] INFO  server.RaftServerConfigKeys (ConfUtils.java:logGet(46)) - raft.server.log.segment.size.max = 8MB (=8388608) (default)
2023-02-01 13:30:09,990 [Time-limited test] TRACE util.FileUtils (FileUtils.java:deleteFully(217)) - deleteFully: target/test/data/ecd5beaa/MiniRaftClusterWithGrpce9e5498f/s2 does not exist.
2023-02-01 13:30:09,990 [Time-limited test] INFO  impl.MiniRaftCluster (MiniRaftCluster.java:newRaftServer(387)) - Formatted directory target/test/data/ecd5beaa/MiniRaftClusterWithGrpce9e5498f/s2
2023-02-01 13:30:09,990 [Time-limited test] INFO  server.RaftServer (ConfUtils.java:logGet(46)) - raft.rpc.type = GRPC (default)
2023-02-01 13:30:09,990 [Time-limited test] INFO  grpc.GrpcConfigKeys (ConfUtils.java:logFallback(53)) - raft.grpc.admin.host = null (fallback to raft.grpc.server.host)
2023-02-01 13:30:09,990 [Time-limited test] INFO  grpc.GrpcConfigKeys (ConfUtils.java:logFallback(53)) - raft.grpc.admin.port = 45173 (fallback to raft.grpc.server.port)
2023-02-01 13:30:09,990 [Time-limited test] INFO  grpc.GrpcConfigKeys (ConfUtils.java:logFallback(53)) - raft.grpc.client.host = null (fallback to raft.grpc.server.host)
2023-02-01 13:30:09,990 [Time-limited test] INFO  grpc.GrpcConfigKeys (ConfUtils.java:logFallback(53)) - raft.grpc.client.port = 45173 (fallback to raft.grpc.server.port)
2023-02-01 13:30:09,990 [Time-limited test] INFO  grpc.GrpcConfigKeys (ConfUtils.java:logGet(46)) - raft.grpc.server.host = null (default)
2023-02-01 13:30:09,990 [Time-limited test] INFO  grpc.GrpcConfigKeys (ConfUtils.java:logGet(46)) - raft.grpc.server.port = 45173 (custom)
2023-02-01 13:30:09,991 [Time-limited test] INFO  server.GrpcService (ConfUtils.java:logGet(46)) - raft.grpc.message.size.max = 64MB (=67108864) (default)
2023-02-01 13:30:09,991 [Time-limited test] INFO  server.RaftServerConfigKeys (ConfUtils.java:logGet(46)) - raft.server.log.appender.buffer.byte-limit = 4MB (=4194304) (default)
2023-02-01 13:30:09,991 [Time-limited test] INFO  server.GrpcService (ConfUtils.java:logGet(46)) - raft.grpc.flow.control.window = 1MB (=1048576) (default)
2023-02-01 13:30:09,991 [Time-limited test] INFO  server.RaftServerConfigKeys (ConfUtils.java:logGet(46)) - raft.server.rpc.request.timeout = 3000ms (default)
2023-02-01 13:30:09,991 [Time-limited test] INFO  grpc.GrpcConfigKeys (ConfUtils.java:logGet(46)) - raft.grpc.server.heartbeat.channel = false (custom)
2023-02-01 13:30:09,991 [Time-limited test] INFO  grpc.GrpcConfigKeys (ConfUtils.java:logGet(46)) - raft.grpc.server.async.request.thread.pool.cached = true (default)
2023-02-01 13:30:09,991 [Time-limited test] INFO  grpc.GrpcConfigKeys (ConfUtils.java:logGet(46)) - raft.grpc.server.async.request.thread.pool.size = 32 (default)
2023-02-01 13:30:09,992 [Time-limited test] INFO  impl.DataStreamServerImpl (ConfUtils.java:logGet(46)) - raft.datastream.type = DISABLED (default)
2023-02-01 13:30:09,992 [pool-7-thread-1] INFO  server.RaftServerConfigKeys (ConfUtils.java:logGet(46)) - raft.server.log.preallocated.size = 4MB (=4194304) (default)
2023-02-01 13:30:09,992 [pool-7-thread-1] INFO  server.RaftServerConfigKeys (ConfUtils.java:logGet(46)) - raft.server.log.write.buffer.size = 64KB (=65536) (default)
2023-02-01 13:30:09,992 [pool-7-thread-1] INFO  server.RaftServer$Division (RaftServerImpl.java:<init>(198)) - s1: new RaftServerImpl for group-159C9756C527:[] with StateMachineWithSeparatedSnapshotPath:uninitialized
2023-02-01 13:30:09,992 [pool-7-thread-1] INFO  server.RaftServerConfigKeys (ConfUtils.java:logGet(46)) - raft.server.rpc.timeout.min = 150ms (default)
2023-02-01 13:30:09,992 [pool-7-thread-1] INFO  server.RaftServerConfigKeys (ConfUtils.java:logGet(46)) - raft.server.rpc.timeout.max = 300ms (default)
2023-02-01 13:30:09,992 [pool-7-thread-1] INFO  server.RaftServerConfigKeys (ConfUtils.java:logGet(46)) - raft.server.rpc.sleep.time = 25ms (default)
2023-02-01 13:30:09,992 [pool-7-thread-1] INFO  server.RaftServerConfigKeys (ConfUtils.java:logGet(46)) - raft.server.rpc.slowness.timeout = 60s (default)
2023-02-01 13:30:09,993 [pool-7-thread-1] INFO  server.RaftServerConfigKeys (ConfUtils.java:logGet(46)) - raft.server.leaderelection.leader.step-down.wait-time = 10s (default)
2023-02-01 13:30:09,993 [pool-7-thread-1] INFO  server.RaftServerConfigKeys (ConfUtils.java:logGet(46)) - raft.server.sleep.deviation.threshold = 300ms (default)
2023-02-01 13:30:09,993 [pool-7-thread-1] INFO  server.RaftServer$Division (ServerState.java:<init>(113)) - s1@group-159C9756C527: ConfigurationManager, init=-1: peers:[]|listeners:[], old=null, confs=<EMPTY_MAP>
2023-02-01 13:30:09,993 [pool-7-thread-1] INFO  server.RaftServerConfigKeys (ConfUtils.java:logGet(46)) - raft.server.notification.no-leader.timeout = 60s (default)
2023-02-01 13:30:09,993 [pool-7-thread-1] INFO  server.RaftServerConfigKeys (ConfUtils.java:logGet(46)) - raft.server.read.timeout = 10s (default)
2023-02-01 13:30:09,993 [pool-7-thread-1] INFO  server.RaftServerConfigKeys (ConfUtils.java:logGet(46)) - raft.server.retrycache.expirytime = 60s (default)
2023-02-01 13:30:09,993 [pool-7-thread-1] INFO  server.RaftServerConfigKeys (ConfUtils.java:logGet(46)) - raft.server.retrycache.statistics.expirytime = 100μs (default)
2023-02-01 13:30:09,994 [pool-7-thread-1] INFO  server.RaftServerConfigKeys (ConfUtils.java:logGet(46)) - raft.server.read.option = DEFAULT (default)
2023-02-01 13:30:09,995 [pool-7-thread-1] INFO  server.RaftServerConfigKeys (ConfUtils.java:logGet(46)) - raft.server.log.appender.install.snapshot.enabled = true (default)
2023-02-01 13:30:09,996 [pool-7-thread-1] INFO  server.RaftServerConfigKeys (ConfUtils.java:logGet(46)) - raft.server.threadpool.server.cached = true (default)
2023-02-01 13:30:09,997 [pool-7-thread-1] INFO  server.RaftServerConfigKeys (ConfUtils.java:logGet(46)) - raft.server.threadpool.server.size = 0 (default)
2023-02-01 13:30:09,997 [pool-7-thread-1] INFO  server.RaftServerConfigKeys (ConfUtils.java:logGet(46)) - raft.server.threadpool.client.cached = true (default)
2023-02-01 13:30:09,997 [pool-7-thread-1] INFO  server.RaftServerConfigKeys (ConfUtils.java:logGet(46)) - raft.server.threadpool.client.size = 0 (default)
2023-02-01 13:30:09,992 [Time-limited test] INFO  server.RaftServerConfigKeys (ConfUtils.java:logGet(46)) - raft.server.threadpool.proxy.cached = true (default)
2023-02-01 13:30:09,998 [Time-limited test] INFO  server.RaftServerConfigKeys (ConfUtils.java:logGet(46)) - raft.server.threadpool.proxy.size = 0 (default)
2023-02-01 13:30:09,998 [Time-limited test] INFO  server.RaftServerConfigKeys (ConfUtils.java:logGet(46)) - raft.server.rpc.slowness.timeout = 60s (default)
2023-02-01 13:30:09,998 [Time-limited test] INFO  server.RaftServerConfigKeys (ConfUtils.java:logGet(46)) - raft.server.leaderelection.leader.step-down.wait-time = 10s (default)
2023-02-01 13:30:09,998 [Time-limited test] INFO  server.RaftServerConfigKeys (ConfUtils.java:logGet(46)) - raft.server.storage.dir = [/home/runner/work/ratis/ratis/ratis-test/target/test/data/ecd5beaa/MiniRaftClusterWithGrpce9e5498f/s2] (custom)
2023-02-01 13:30:09,999 [Time-limited test] INFO  server.RaftServer (RaftServerProxy.java:addNew(99)) - s2: addNew group-159C9756C527:[] returns group-159C9756C527:java.util.concurrent.CompletableFuture@2724789f[Not completed]
2023-02-01 13:30:10,000 [pool-8-thread-1] INFO  server.RaftServerConfigKeys (ConfUtils.java:logGet(46)) - raft.server.log.segment.size.max = 8MB (=8388608) (default)
2023-02-01 13:30:10,000 [pool-8-thread-1] INFO  server.RaftServerConfigKeys (ConfUtils.java:logGet(46)) - raft.server.log.preallocated.size = 4MB (=4194304) (default)
2023-02-01 13:30:10,000 [pool-8-thread-1] INFO  server.RaftServerConfigKeys (ConfUtils.java:logGet(46)) - raft.server.log.write.buffer.size = 64KB (=65536) (default)
2023-02-01 13:30:10,000 [pool-8-thread-1] INFO  server.RaftServer$Division (RaftServerImpl.java:<init>(198)) - s2: new RaftServerImpl for group-159C9756C527:[] with StateMachineWithSeparatedSnapshotPath:uninitialized
2023-02-01 13:30:10,000 [pool-8-thread-1] INFO  server.RaftServerConfigKeys (ConfUtils.java:logGet(46)) - raft.server.rpc.timeout.min = 150ms (default)
2023-02-01 13:30:10,000 [pool-8-thread-1] INFO  server.RaftServerConfigKeys (ConfUtils.java:logGet(46)) - raft.server.rpc.timeout.max = 300ms (default)
2023-02-01 13:30:10,000 [pool-8-thread-1] INFO  server.RaftServerConfigKeys (ConfUtils.java:logGet(46)) - raft.server.rpc.sleep.time = 25ms (default)
2023-02-01 13:30:10,000 [pool-8-thread-1] INFO  server.RaftServerConfigKeys (ConfUtils.java:logGet(46)) - raft.server.rpc.slowness.timeout = 60s (default)
2023-02-01 13:30:10,000 [pool-8-thread-1] INFO  server.RaftServerConfigKeys (ConfUtils.java:logGet(46)) - raft.server.leaderelection.leader.step-down.wait-time = 10s (default)
2023-02-01 13:30:10,000 [pool-8-thread-1] INFO  server.RaftServerConfigKeys (ConfUtils.java:logGet(46)) - raft.server.sleep.deviation.threshold = 300ms (default)
2023-02-01 13:30:10,000 [pool-8-thread-1] INFO  server.RaftServer$Division (ServerState.java:<init>(113)) - s2@group-159C9756C527: ConfigurationManager, init=-1: peers:[]|listeners:[], old=null, confs=<EMPTY_MAP>
2023-02-01 13:30:10,000 [pool-8-thread-1] INFO  server.RaftServerConfigKeys (ConfUtils.java:logGet(46)) - raft.server.notification.no-leader.timeout = 60s (default)
2023-02-01 13:30:10,000 [pool-8-thread-1] INFO  server.RaftServerConfigKeys (ConfUtils.java:logGet(46)) - raft.server.read.timeout = 10s (default)
2023-02-01 13:30:10,000 [pool-8-thread-1] INFO  server.RaftServerConfigKeys (ConfUtils.java:logGet(46)) - raft.server.retrycache.expirytime = 60s (default)
2023-02-01 13:30:10,000 [pool-8-thread-1] INFO  server.RaftServerConfigKeys (ConfUtils.java:logGet(46)) - raft.server.retrycache.statistics.expirytime = 100μs (default)
2023-02-01 13:30:10,001 [pool-8-thread-1] INFO  server.RaftServerConfigKeys (ConfUtils.java:logGet(46)) - raft.server.read.option = DEFAULT (default)
2023-02-01 13:30:10,002 [s1-impl-thread1] INFO  server.RaftServerConfigKeys (ConfUtils.java:logGet(46)) - raft.server.storage.free-space.min = 0MB (=0) (default)
2023-02-01 13:30:10,002 [s1-impl-thread1] INFO  server.RaftServerConfigKeys (ConfUtils.java:logGet(46)) - raft.server.log.corruption.policy = EXCEPTION (default)
2023-02-01 13:30:10,002 [s1-impl-thread1] INFO  server.RaftServerConfigKeys (ConfUtils.java:logGet(46)) - raft.server.storage.dir = [/home/runner/work/ratis/ratis/ratis-test/target/test/data/ecd5beaa/MiniRaftClusterWithGrpce9e5498f/s1] (custom)
2023-02-01 13:30:10,002 [s1-impl-thread1] INFO  storage.RaftStorageDirectory (RaftStorageDirectoryImpl.java:analyzeStorage(138)) - The storage directory /home/runner/work/ratis/ratis/ratis-test/target/test/data/ecd5beaa/MiniRaftClusterWithGrpce9e5498f/s1/d67831f4-4867-4b20-a4d1-159c9756c527 does not exist. Creating ...
2023-02-01 13:30:10,003 [s1-impl-thread1] TRACE util.FileUtils (LogUtils.java:runAndLog(49)) - Successfully ran Files.createDirectories /home/runner/work/ratis/ratis/ratis-test/target/test/data/ecd5beaa/MiniRaftClusterWithGrpce9e5498f/s1/d67831f4-4867-4b20-a4d1-159c9756c527
2023-02-01 13:30:10,005 [s1-impl-thread1] INFO  storage.RaftStorageDirectory (RaftStorageDirectoryImpl.java:tryLock(232)) - Lock on /home/runner/work/ratis/ratis/ratis-test/target/test/data/ecd5beaa/MiniRaftClusterWithGrpce9e5498f/s1/d67831f4-4867-4b20-a4d1-159c9756c527/in_use.lock acquired by nodename 19321@fv-az82-241
2023-02-01 13:30:10,005 [s1-impl-thread1] TRACE util.FileUtils (LogUtils.java:runAndLog(49)) - Successfully ran Files.createDirectories /home/runner/work/ratis/ratis/ratis-test/target/test/data/ecd5beaa/MiniRaftClusterWithGrpce9e5498f/s1/d67831f4-4867-4b20-a4d1-159c9756c527/current
2023-02-01 13:30:10,005 [s1-impl-thread1] TRACE util.FileUtils (LogUtils.java:runAndLog(49)) - Successfully ran Files.createDirectories /home/runner/work/ratis/ratis/ratis-test/target/test/data/ecd5beaa/MiniRaftClusterWithGrpce9e5498f/s1/d67831f4-4867-4b20-a4d1-159c9756c527/sm
2023-02-01 13:30:10,006 [pool-8-thread-1] INFO  server.RaftServerConfigKeys (ConfUtils.java:logGet(46)) - raft.server.log.appender.install.snapshot.enabled = true (default)
2023-02-01 13:30:10,006 [pool-8-thread-1] INFO  server.RaftServerConfigKeys (ConfUtils.java:logGet(46)) - raft.server.threadpool.server.cached = true (default)
2023-02-01 13:30:10,006 [pool-8-thread-1] INFO  server.RaftServerConfigKeys (ConfUtils.java:logGet(46)) - raft.server.threadpool.server.size = 0 (default)
2023-02-01 13:30:10,006 [pool-8-thread-1] INFO  server.RaftServerConfigKeys (ConfUtils.java:logGet(46)) - raft.server.threadpool.client.cached = true (default)
2023-02-01 13:30:10,006 [pool-8-thread-1] INFO  server.RaftServerConfigKeys (ConfUtils.java:logGet(46)) - raft.server.threadpool.client.size = 0 (default)
2023-02-01 13:30:10,006 [s1-impl-thread1] INFO  storage.RaftStorage (RaftStorageImpl.java:format(96)) - Storage directory /home/runner/work/ratis/ratis/ratis-test/target/test/data/ecd5beaa/MiniRaftClusterWithGrpce9e5498f/s1/d67831f4-4867-4b20-a4d1-159c9756c527 has been successfully formatted.
2023-02-01 13:30:10,007 [s1-impl-thread1] INFO  impl.SimpleStateMachine4Testing (SimpleStateMachine4Testing.java:initialize(213)) - Initializing StateMachineWithSeparatedSnapshotPath:uninitialized
2023-02-01 13:30:10,007 [s1-impl-thread1] INFO  impl.SimpleStateMachine4Testing (SimpleStateMachine4Testing.java:loadSnapshot(293)) - Loading snapshot null
2023-02-01 13:30:10,007 [s1-impl-thread1] TRACE util.FileUtils (FileUtils.java:deleteFully(201)) - deleteFully /tmp/ratis-tests/statemachine/s1
2023-02-01 13:30:10,007 [s1-impl-thread1] TRACE util.FileUtils (FileUtils.java:deleteFully(217)) - deleteFully: /tmp/ratis-tests/statemachine/s1 does not exist.
2023-02-01 13:30:10,007 [s1-impl-thread1] INFO  server.RaftServerConfigKeys (ConfUtils.java:logGet(46)) - raft.server.log.use.memory = false (default)
2023-02-01 13:30:10,007 [s1-impl-thread1] INFO  server.RaftServerConfigKeys (ConfUtils.java:logGet(46)) - raft.server.log.purge.gap = 8 (custom)
2023-02-01 13:30:10,008 [s1-impl-thread1] INFO  server.RaftServerConfigKeys (ConfUtils.java:logGet(46)) - raft.server.log.appender.buffer.byte-limit = 4MB (=4194304) (default)
2023-02-01 13:30:10,008 [s1-impl-thread1] INFO  server.RaftServerConfigKeys (ConfUtils.java:logGet(46)) - raft.server.log.statemachine.data.read.timeout = 1000ms (default)
2023-02-01 13:30:10,008 [s1-impl-thread1] INFO  server.RaftServerConfigKeys (ConfUtils.java:logGet(46)) - raft.server.log.purge.preservation.log.num = 0 (default)
2023-02-01 13:30:10,008 [s1-impl-thread1] INFO  server.RaftServerConfigKeys (ConfUtils.java:logGet(46)) - raft.server.log.segment.size.max = 8MB (=8388608) (default)
2023-02-01 13:30:10,009 [s1-impl-thread1] INFO  server.RaftServerConfigKeys (ConfUtils.java:logGet(46)) - raft.server.log.segment.cache.num.max = 6 (default)
2023-02-01 13:30:10,009 [s1-impl-thread1] INFO  server.RaftServerConfigKeys (ConfUtils.java:logGet(46)) - raft.server.log.segment.cache.size.max = 200MB (=209715200) (default)
2023-02-01 13:30:10,009 [s1-impl-thread1] INFO  segmented.SegmentedRaftLogWorker (SegmentedRaftLogWorker.java:<init>(184)) - new s1@group-159C9756C527-SegmentedRaftLogWorker for RaftStorageImpl:Storage Directory /home/runner/work/ratis/ratis/ratis-test/target/test/data/ecd5beaa/MiniRaftClusterWithGrpce9e5498f/s1/d67831f4-4867-4b20-a4d1-159c9756c527
2023-02-01 13:30:10,009 [s1-impl-thread1] INFO  server.RaftServerConfigKeys (ConfUtils.java:logGet(46)) - raft.server.log.queue.byte-limit = 64MB (=67108864) (default)
2023-02-01 13:30:10,009 [s1-impl-thread1] INFO  server.RaftServerConfigKeys (ConfUtils.java:logGet(46)) - raft.server.log.queue.element-limit = 4096 (default)
2023-02-01 13:30:10,009 [s1-impl-thread1] INFO  server.RaftServerConfigKeys (ConfUtils.java:logGet(46)) - raft.server.log.segment.size.max = 8MB (=8388608) (default)
2023-02-01 13:30:10,009 [s1-impl-thread1] INFO  server.RaftServerConfigKeys (ConfUtils.java:logGet(46)) - raft.server.log.preallocated.size = 4MB (=4194304) (default)
2023-02-01 13:30:10,009 [s1-impl-thread1] INFO  server.RaftServerConfigKeys (ConfUtils.java:logGet(46)) - raft.server.log.force.sync.num = 128 (default)
2023-02-01 13:30:10,009 [s1-impl-thread1] INFO  server.RaftServerConfigKeys (ConfUtils.java:logGet(46)) - raft.server.log.statemachine.data.sync = true (default)
2023-02-01 13:30:10,009 [s1-impl-thread1] INFO  server.RaftServerConfigKeys (ConfUtils.java:logGet(46)) - raft.server.log.statemachine.data.sync.timeout = 10s (default)
2023-02-01 13:30:10,009 [s1-impl-thread1] INFO  server.RaftServerConfigKeys (ConfUtils.java:logGet(46)) - raft.server.log.statemachine.data.sync.timeout.retry = -1 (default)
2023-02-01 13:30:10,009 [s1-impl-thread1] INFO  server.RaftServerConfigKeys (ConfUtils.java:logGet(46)) - raft.server.log.write.buffer.size = 64KB (=65536) (default)
2023-02-01 13:30:10,009 [s1-impl-thread1] INFO  server.RaftServerConfigKeys (ConfUtils.java:logGet(46)) - raft.server.log.appender.buffer.byte-limit = 4MB (=4194304) (default)
2023-02-01 13:30:10,011 [s1-impl-thread1] INFO  server.RaftServerConfigKeys (ConfUtils.java:logGet(46)) - raft.server.log.unsafe-flush.enabled = false (default)
2023-02-01 13:30:10,014 [s1-impl-thread1] INFO  server.RaftServerConfigKeys (ConfUtils.java:logGet(46)) - raft.server.log.async-flush.enabled = false (default)
2023-02-01 13:30:10,014 [s1-impl-thread1] INFO  server.RaftServerConfigKeys (ConfUtils.java:logGet(46)) - raft.server.log.statemachine.data.caching.enabled = false (default)
2023-02-01 13:30:10,014 [s1-impl-thread1] INFO  segmented.SegmentedRaftLogWorker (SegmentedRaftLogWorker.java:lambda$new$0(134)) - s1@group-159C9756C527-SegmentedRaftLogWorker: flushIndex: setUnconditionally 0 -> -1
2023-02-01 13:30:10,014 [s1-impl-thread1] INFO  segmented.SegmentedRaftLogWorker (SegmentedRaftLogWorker.java:lambda$new$0(134)) - s1@group-159C9756C527-SegmentedRaftLogWorker: safeCacheEvictIndex: setUnconditionally 0 -> -1
2023-02-01 13:30:10,015 [s1-impl-thread1] INFO  server.RaftServer$Division (RaftServerImpl.java:start(344)) - s1@group-159C9756C527: start with initializing state, conf=-1: peers:[]|listeners:[], old=null
2023-02-01 13:30:10,015 [s1-impl-thread1] INFO  server.RaftServer$Division (RaftServerImpl.java:setRole(325)) - s1@group-159C9756C527: changes role from      null to FOLLOWER at term 0 for startInitializing
2023-02-01 13:30:10,015 [s1-impl-thread1] INFO  util.JmxRegister (JmxRegister.java:tryRegister(44)) - Successfully registered JMX Bean with object name Ratis:service=RaftServer,group=group-159C9756C527,id=s1
2023-02-01 13:30:10,015 [s1-impl-thread1] INFO  server.RaftServerConfigKeys (ConfUtils.java:logGet(46)) - raft.server.snapshot.auto.trigger.enabled = true (custom)
2023-02-01 13:30:10,015 [s1-impl-thread1] INFO  server.RaftServerConfigKeys (ConfUtils.java:logGet(46)) - raft.server.snapshot.auto.trigger.threshold = 64 (custom)
2023-02-01 13:30:10,015 [s1-impl-thread1] INFO  server.RaftServerConfigKeys (ConfUtils.java:logGet(46)) - raft.server.snapshot.retention.file.num = -1 (default)
2023-02-01 13:30:10,015 [s1-impl-thread1] INFO  server.RaftServerConfigKeys (ConfUtils.java:logGet(46)) - raft.server.log.purge.upto.snapshot.index = false (default)
2023-02-01 13:30:10,017 [Time-limited test] INFO  server.RaftServer (RaftServerProxy.java:startImpl(396)) - s1: start RPC server
2023-02-01 13:30:10,018 [Time-limited test] INFO  server.GrpcService (GrpcService.java:startImpl(302)) - s1: GrpcService started, listening on 35145
2023-02-01 13:30:10,021 [JvmPauseMonitor4] INFO  util.JvmPauseMonitor (JvmPauseMonitor.java:run(105)) - JvmPauseMonitor-s1: Started
2023-02-01 13:30:10,021 [s2-impl-thread1] INFO  server.RaftServerConfigKeys (ConfUtils.java:logGet(46)) - raft.server.storage.free-space.min = 0MB (=0) (default)
2023-02-01 13:30:10,021 [s2-impl-thread1] INFO  server.RaftServerConfigKeys (ConfUtils.java:logGet(46)) - raft.server.log.corruption.policy = EXCEPTION (default)
2023-02-01 13:30:10,021 [s2-impl-thread1] INFO  server.RaftServerConfigKeys (ConfUtils.java:logGet(46)) - raft.server.storage.dir = [/home/runner/work/ratis/ratis/ratis-test/target/test/data/ecd5beaa/MiniRaftClusterWithGrpce9e5498f/s2] (custom)
2023-02-01 13:30:10,021 [s2-impl-thread1] INFO  storage.RaftStorageDirectory (RaftStorageDirectoryImpl.java:analyzeStorage(138)) - The storage directory /home/runner/work/ratis/ratis/ratis-test/target/test/data/ecd5beaa/MiniRaftClusterWithGrpce9e5498f/s2/d67831f4-4867-4b20-a4d1-159c9756c527 does not exist. Creating ...
2023-02-01 13:30:10,022 [s2-impl-thread1] TRACE util.FileUtils (LogUtils.java:runAndLog(49)) - Successfully ran Files.createDirectories /home/runner/work/ratis/ratis/ratis-test/target/test/data/ecd5beaa/MiniRaftClusterWithGrpce9e5498f/s2/d67831f4-4867-4b20-a4d1-159c9756c527
2023-02-01 13:30:10,023 [s2-impl-thread1] INFO  storage.RaftStorageDirectory (RaftStorageDirectoryImpl.java:tryLock(232)) - Lock on /home/runner/work/ratis/ratis/ratis-test/target/test/data/ecd5beaa/MiniRaftClusterWithGrpce9e5498f/s2/d67831f4-4867-4b20-a4d1-159c9756c527/in_use.lock acquired by nodename 19321@fv-az82-241
2023-02-01 13:30:10,024 [s2-impl-thread1] TRACE util.FileUtils (LogUtils.java:runAndLog(49)) - Successfully ran Files.createDirectories /home/runner/work/ratis/ratis/ratis-test/target/test/data/ecd5beaa/MiniRaftClusterWithGrpce9e5498f/s2/d67831f4-4867-4b20-a4d1-159c9756c527/current
2023-02-01 13:30:10,024 [s2-impl-thread1] TRACE util.FileUtils (LogUtils.java:runAndLog(49)) - Successfully ran Files.createDirectories /home/runner/work/ratis/ratis/ratis-test/target/test/data/ecd5beaa/MiniRaftClusterWithGrpce9e5498f/s2/d67831f4-4867-4b20-a4d1-159c9756c527/sm
2023-02-01 13:30:10,025 [s2-impl-thread1] INFO  storage.RaftStorage (RaftStorageImpl.java:format(96)) - Storage directory /home/runner/work/ratis/ratis/ratis-test/target/test/data/ecd5beaa/MiniRaftClusterWithGrpce9e5498f/s2/d67831f4-4867-4b20-a4d1-159c9756c527 has been successfully formatted.
2023-02-01 13:30:10,025 [s2-impl-thread1] INFO  impl.SimpleStateMachine4Testing (SimpleStateMachine4Testing.java:initialize(213)) - Initializing StateMachineWithSeparatedSnapshotPath:uninitialized
2023-02-01 13:30:10,026 [s2-impl-thread1] INFO  impl.SimpleStateMachine4Testing (SimpleStateMachine4Testing.java:loadSnapshot(293)) - Loading snapshot null
2023-02-01 13:30:10,026 [s2-impl-thread1] TRACE util.FileUtils (FileUtils.java:deleteFully(201)) - deleteFully /tmp/ratis-tests/statemachine/s2
2023-02-01 13:30:10,026 [s2-impl-thread1] TRACE util.FileUtils (FileUtils.java:deleteFully(217)) - deleteFully: /tmp/ratis-tests/statemachine/s2 does not exist.
2023-02-01 13:30:10,026 [s2-impl-thread1] INFO  server.RaftServerConfigKeys (ConfUtils.java:logGet(46)) - raft.server.log.use.memory = false (default)
2023-02-01 13:30:10,026 [s2-impl-thread1] INFO  server.RaftServerConfigKeys (ConfUtils.java:logGet(46)) - raft.server.log.purge.gap = 8 (custom)
2023-02-01 13:30:10,026 [s2-impl-thread1] INFO  server.RaftServerConfigKeys (ConfUtils.java:logGet(46)) - raft.server.log.appender.buffer.byte-limit = 4MB (=4194304) (default)
2023-02-01 13:30:10,026 [s2-impl-thread1] INFO  server.RaftServerConfigKeys (ConfUtils.java:logGet(46)) - raft.server.log.statemachine.data.read.timeout = 1000ms (default)
2023-02-01 13:30:10,026 [s2-impl-thread1] INFO  server.RaftServerConfigKeys (ConfUtils.java:logGet(46)) - raft.server.log.purge.preservation.log.num = 0 (default)
2023-02-01 13:30:10,027 [s2-impl-thread1] INFO  server.RaftServerConfigKeys (ConfUtils.java:logGet(46)) - raft.server.log.segment.size.max = 8MB (=8388608) (default)
2023-02-01 13:30:10,027 [s2-impl-thread1] INFO  server.RaftServerConfigKeys (ConfUtils.java:logGet(46)) - raft.server.log.segment.cache.num.max = 6 (default)
2023-02-01 13:30:10,027 [s2-impl-thread1] INFO  server.RaftServerConfigKeys (ConfUtils.java:logGet(46)) - raft.server.log.segment.cache.size.max = 200MB (=209715200) (default)
2023-02-01 13:30:10,028 [s2-impl-thread1] INFO  segmented.SegmentedRaftLogWorker (SegmentedRaftLogWorker.java:<init>(184)) - new s2@group-159C9756C527-SegmentedRaftLogWorker for RaftStorageImpl:Storage Directory /home/runner/work/ratis/ratis/ratis-test/target/test/data/ecd5beaa/MiniRaftClusterWithGrpce9e5498f/s2/d67831f4-4867-4b20-a4d1-159c9756c527
2023-02-01 13:30:10,028 [s2-impl-thread1] INFO  server.RaftServerConfigKeys (ConfUtils.java:logGet(46)) - raft.server.log.queue.byte-limit = 64MB (=67108864) (default)
2023-02-01 13:30:10,028 [s2-impl-thread1] INFO  server.RaftServerConfigKeys (ConfUtils.java:logGet(46)) - raft.server.log.queue.element-limit = 4096 (default)
2023-02-01 13:30:10,028 [s2-impl-thread1] INFO  server.RaftServerConfigKeys (ConfUtils.java:logGet(46)) - raft.server.log.segment.size.max = 8MB (=8388608) (default)
2023-02-01 13:30:10,028 [s2-impl-thread1] INFO  server.RaftServerConfigKeys (ConfUtils.java:logGet(46)) - raft.server.log.preallocated.size = 4MB (=4194304) (default)
2023-02-01 13:30:10,028 [s2-impl-thread1] INFO  server.RaftServerConfigKeys (ConfUtils.java:logGet(46)) - raft.server.log.force.sync.num = 128 (default)
2023-02-01 13:30:10,028 [s2-impl-thread1] INFO  server.RaftServerConfigKeys (ConfUtils.java:logGet(46)) - raft.server.log.statemachine.data.sync = true (default)
2023-02-01 13:30:10,028 [s2-impl-thread1] INFO  server.RaftServerConfigKeys (ConfUtils.java:logGet(46)) - raft.server.log.statemachine.data.sync.timeout = 10s (default)
2023-02-01 13:30:10,028 [s2-impl-thread1] INFO  server.RaftServerConfigKeys (ConfUtils.java:logGet(46)) - raft.server.log.statemachine.data.sync.timeout.retry = -1 (default)
2023-02-01 13:30:10,028 [s2-impl-thread1] INFO  server.RaftServerConfigKeys (ConfUtils.java:logGet(46)) - raft.server.log.write.buffer.size = 64KB (=65536) (default)
2023-02-01 13:30:10,028 [s2-impl-thread1] INFO  server.RaftServerConfigKeys (ConfUtils.java:logGet(46)) - raft.server.log.appender.buffer.byte-limit = 4MB (=4194304) (default)
2023-02-01 13:30:10,033 [s2-impl-thread1] INFO  server.RaftServerConfigKeys (ConfUtils.java:logGet(46)) - raft.server.log.unsafe-flush.enabled = false (default)
2023-02-01 13:30:10,034 [s2-impl-thread1] INFO  server.RaftServerConfigKeys (ConfUtils.java:logGet(46)) - raft.server.log.async-flush.enabled = false (default)
2023-02-01 13:30:10,034 [s2-impl-thread1] INFO  server.RaftServerConfigKeys (ConfUtils.java:logGet(46)) - raft.server.log.statemachine.data.caching.enabled = false (default)
2023-02-01 13:30:10,034 [s2-impl-thread1] INFO  segmented.SegmentedRaftLogWorker (SegmentedRaftLogWorker.java:lambda$new$0(134)) - s2@group-159C9756C527-SegmentedRaftLogWorker: flushIndex: setUnconditionally 0 -> -1
2023-02-01 13:30:10,034 [s2-impl-thread1] INFO  segmented.SegmentedRaftLogWorker (SegmentedRaftLogWorker.java:lambda$new$0(134)) - s2@group-159C9756C527-SegmentedRaftLogWorker: safeCacheEvictIndex: setUnconditionally 0 -> -1
2023-02-01 13:30:10,034 [s2-impl-thread1] INFO  server.RaftServer$Division (RaftServerImpl.java:start(344)) - s2@group-159C9756C527: start with initializing state, conf=-1: peers:[]|listeners:[], old=null
2023-02-01 13:30:10,034 [s2-impl-thread1] INFO  server.RaftServer$Division (RaftServerImpl.java:setRole(325)) - s2@group-159C9756C527: changes role from      null to FOLLOWER at term 0 for startInitializing
2023-02-01 13:30:10,035 [s2-impl-thread1] INFO  util.JmxRegister (JmxRegister.java:tryRegister(44)) - Successfully registered JMX Bean with object name Ratis:service=RaftServer,group=group-159C9756C527,id=s2
2023-02-01 13:30:10,035 [s2-impl-thread1] INFO  server.RaftServerConfigKeys (ConfUtils.java:logGet(46)) - raft.server.snapshot.auto.trigger.enabled = true (custom)
2023-02-01 13:30:10,035 [s2-impl-thread1] INFO  server.RaftServerConfigKeys (ConfUtils.java:logGet(46)) - raft.server.snapshot.auto.trigger.threshold = 64 (custom)
2023-02-01 13:30:10,035 [s2-impl-thread1] INFO  server.RaftServerConfigKeys (ConfUtils.java:logGet(46)) - raft.server.snapshot.retention.file.num = -1 (default)
2023-02-01 13:30:10,035 [s2-impl-thread1] INFO  server.RaftServerConfigKeys (ConfUtils.java:logGet(46)) - raft.server.log.purge.upto.snapshot.index = false (default)
2023-02-01 13:30:10,038 [Time-limited test] INFO  server.RaftServer (RaftServerProxy.java:startImpl(396)) - s2: start RPC server
2023-02-01 13:30:10,040 [Time-limited test] INFO  server.GrpcService (GrpcService.java:startImpl(302)) - s2: GrpcService started, listening on 45173
2023-02-01 13:30:10,040 [JvmPauseMonitor5] INFO  util.JvmPauseMonitor (JvmPauseMonitor.java:run(105)) - JvmPauseMonitor-s2: Started
2023-02-01 13:30:10,041 [Time-limited test] INFO  impl.MiniRaftCluster (MiniRaftCluster.java:setConfiguration(819)) - Start changing the configuration: [s1|rpc:0.0.0.0:35145|priority:0|startupRole:FOLLOWER, s2|rpc:0.0.0.0:45173|priority:0|startupRole:FOLLOWER, s0|rpc:localhost:43393|admin:localhost:41483|client:localhost:41771|dataStream:localhost:39585|priority:0|startupRole:FOLLOWER]
2023-02-01 13:30:10,050 [s0-server-thread1] INFO  server.RaftServer$Division (RaftServerImpl.java:setConfigurationAsync(1192)) - s0@group-159C9756C527: receive setConfiguration SetConfigurationRequest:client-6419D03D990A->s0@group-159C9756C527, cid=257, seq=0, RW, null, SET_UNCONDITIONALLY, servers:[s1|rpc:0.0.0.0:35145|dataStream:|priority:0|startupRole:FOLLOWER, s2|rpc:0.0.0.0:45173|dataStream:|priority:0|startupRole:FOLLOWER, s0|rpc:localhost:43393|admin:localhost:41483|client:localhost:41771|dataStream:localhost:39585|priority:0|startupRole:FOLLOWER], listeners:[]
2023-02-01 13:30:10,050 [s0-server-thread1] INFO  server.RaftServer$Division (LeaderStateImpl.java:startSetConfiguration(440)) - s0@group-159C9756C527-LeaderStateImpl: startSetConfiguration SetConfigurationRequest:client-6419D03D990A->s0@group-159C9756C527, cid=257, seq=0, RW, null, SET_UNCONDITIONALLY, servers:[s1|rpc:0.0.0.0:35145|dataStream:|priority:0|startupRole:FOLLOWER, s2|rpc:0.0.0.0:45173|dataStream:|priority:0|startupRole:FOLLOWER, s0|rpc:localhost:43393|admin:localhost:41483|client:localhost:41771|dataStream:localhost:39585|priority:0|startupRole:FOLLOWER], listeners:[]
2023-02-01 13:30:10,051 [s0-server-thread1] INFO  server.RaftServerConfigKeys (ConfUtils.java:logGet(46)) - raft.server.log.appender.snapshot.chunk.size.max = 1k (=1024) (custom)
2023-02-01 13:30:10,051 [s0-server-thread1] INFO  server.RaftServerConfigKeys (ConfUtils.java:logGet(46)) - raft.server.log.appender.buffer.byte-limit = 4MB (=4194304) (default)
2023-02-01 13:30:10,051 [s0-server-thread1] INFO  server.RaftServerConfigKeys (ConfUtils.java:logGet(46)) - raft.server.log.appender.buffer.element-limit = 0 (default)
2023-02-01 13:30:10,051 [s0-server-thread1] INFO  grpc.GrpcConfigKeys (ConfUtils.java:logGet(46)) - raft.grpc.server.leader.outstanding.appends.max = 128 (default)
2023-02-01 13:30:10,051 [s0-server-thread1] INFO  server.RaftServerConfigKeys (ConfUtils.java:logGet(46)) - raft.server.rpc.request.timeout = 3000ms (default)
2023-02-01 13:30:10,051 [s0-server-thread1] INFO  server.RaftServerConfigKeys (ConfUtils.java:logGet(46)) - raft.server.log.appender.install.snapshot.enabled = true (default)
2023-02-01 13:30:10,051 [s0-server-thread1] INFO  grpc.GrpcConfigKeys (ConfUtils.java:logGet(46)) - raft.grpc.server.heartbeat.channel = false (custom)
2023-02-01 13:30:10,051 [s0-server-thread1] INFO  server.RaftServerConfigKeys (ConfUtils.java:logGet(46)) - raft.server.log.appender.wait-time.min = 10ms (default)
2023-02-01 13:30:10,052 [s0-server-thread1] INFO  server.RaftServerConfigKeys (ConfUtils.java:logGet(46)) - raft.server.log.appender.snapshot.chunk.size.max = 1k (=1024) (custom)
2023-02-01 13:30:10,052 [s0-server-thread1] INFO  server.RaftServerConfigKeys (ConfUtils.java:logGet(46)) - raft.server.log.appender.buffer.byte-limit = 4MB (=4194304) (default)
2023-02-01 13:30:10,052 [s0-server-thread1] INFO  server.RaftServerConfigKeys (ConfUtils.java:logGet(46)) - raft.server.log.appender.buffer.element-limit = 0 (default)
2023-02-01 13:30:10,052 [s0-server-thread1] INFO  grpc.GrpcConfigKeys (ConfUtils.java:logGet(46)) - raft.grpc.server.leader.outstanding.appends.max = 128 (default)
2023-02-01 13:30:10,053 [s0-server-thread1] INFO  server.RaftServerConfigKeys (ConfUtils.java:logGet(46)) - raft.server.rpc.request.timeout = 3000ms (default)
2023-02-01 13:30:10,053 [s0-server-thread1] INFO  server.RaftServerConfigKeys (ConfUtils.java:logGet(46)) - raft.server.log.appender.install.snapshot.enabled = true (default)
2023-02-01 13:30:10,053 [s0-server-thread1] INFO  grpc.GrpcConfigKeys (ConfUtils.java:logGet(46)) - raft.grpc.server.heartbeat.channel = false (custom)
2023-02-01 13:30:10,053 [s0-server-thread1] INFO  server.RaftServerConfigKeys (ConfUtils.java:logGet(46)) - raft.server.log.appender.wait-time.min = 10ms (default)
2023-02-01 13:30:10,054 [s0@group-159C9756C527->s1-GrpcLogAppender-LogAppenderDaemon] INFO  server.GrpcLogAppender (GrpcLogAppender.java:installSnapshot(585)) - s0@group-159C9756C527->s1-GrpcLogAppender: followerNextIndex = 0 but logStartIndex = 0, send snapshot FileListSnapshotInfo(t:1, i:191):[/tmp/ratis-tests/statemachine/s0/snapshot/1_191/deer, /tmp/ratis-tests/statemachine/s0/snapshot/1_191/loves, /tmp/ratis-tests/statemachine/s0/snapshot/1_191/vegetable] to follower
2023-02-01 13:30:10,058 [s0@group-159C9756C527->s1-GrpcLogAppender-LogAppenderDaemon] INFO  server.GrpcServerProtocolClient (GrpcServerProtocolClient.java:<init>(63)) - Build channel for s1
2023-02-01 13:30:10,060 [s0@group-159C9756C527->s2-GrpcLogAppender-LogAppenderDaemon] INFO  server.GrpcLogAppender (GrpcLogAppender.java:installSnapshot(585)) - s0@group-159C9756C527->s2-GrpcLogAppender: followerNextIndex = 0 but logStartIndex = 0, send snapshot FileListSnapshotInfo(t:1, i:191):[/tmp/ratis-tests/statemachine/s0/snapshot/1_191/deer, /tmp/ratis-tests/statemachine/s0/snapshot/1_191/loves, /tmp/ratis-tests/statemachine/s0/snapshot/1_191/vegetable] to follower
2023-02-01 13:30:10,060 [s0@group-159C9756C527->s2-GrpcLogAppender-LogAppenderDaemon] INFO  server.GrpcServerProtocolClient (GrpcServerProtocolClient.java:<init>(63)) - Build channel for s2
2023-02-01 13:30:10,068 [grpc-default-executor-3] INFO  impl.SnapshotInstallationHandler (SnapshotInstallationHandler.java:installSnapshot(89)) - s1@group-159C9756C527: receive installSnapshot: s0->s1#0-t1,chunk:00438f27-aa1a-4a95-8a3b-bfac4d342c80,0
2023-02-01 13:30:10,071 [grpc-default-executor-3] INFO  server.RaftServer$Division (ServerState.java:setLeader(260)) - s1@group-159C9756C527: change Leader from null to s0 at term 1 for installSnapshot, leader elected after 77ms
2023-02-01 13:30:10,074 [grpc-default-executor-3] TRACE util.FileUtils (LogUtils.java:runAndLog(49)) - Successfully ran Files.createDirectories /tmp/ratis-tests/statemachine/s1/tmp/snapshot-00438f27-aa1a-4a95-8a3b-bfac4d342c80
2023-02-01 13:30:10,074 [grpc-default-executor-3] INFO  storage.SnapshotManager (SnapshotManager.java:installSnapshot(89)) - Installing snapshot:s0->s1#0-t1,chunk:00438f27-aa1a-4a95-8a3b-bfac4d342c80,0, to tmp dir:/tmp/ratis-tests/statemachine/s1/tmp/snapshot-00438f27-aa1a-4a95-8a3b-bfac4d342c80
2023-02-01 13:30:10,074 [grpc-default-executor-3] TRACE util.FileUtils (LogUtils.java:runAndLog(49)) - Successfully ran Files.createDirectories /tmp/ratis-tests/statemachine/s1/tmp/snapshot-00438f27-aa1a-4a95-8a3b-bfac4d342c80/1_191
2023-02-01 13:30:10,077 [grpc-default-executor-2] INFO  impl.SnapshotInstallationHandler (SnapshotInstallationHandler.java:installSnapshot(89)) - s2@group-159C9756C527: receive installSnapshot: s0->s2#0-t1,chunk:980c5925-c491-42c3-8ca5-33440e5cff55,0
2023-02-01 13:30:10,078 [grpc-default-executor-3] INFO  segmented.SegmentedRaftLogWorker (SegmentedRaftLogWorker.java:lambda$new$0(134)) - s1@group-159C9756C527-SegmentedRaftLogWorker: flushIndex: setUnconditionally -1 -> 191
2023-02-01 13:30:10,078 [grpc-default-executor-3] INFO  segmented.SegmentedRaftLogWorker (SegmentedRaftLogWorker.java:lambda$new$0(134)) - s1@group-159C9756C527-SegmentedRaftLogWorker: safeCacheEvictIndex: setUnconditionally -1 -> 191
2023-02-01 13:30:10,078 [grpc-default-executor-2] INFO  server.RaftServer$Division (ServerState.java:setLeader(260)) - s2@group-159C9756C527: change Leader from null to s0 at term 1 for installSnapshot, leader elected after 78ms
2023-02-01 13:30:10,079 [grpc-default-executor-2] TRACE util.FileUtils (LogUtils.java:runAndLog(49)) - Successfully ran Files.createDirectories /tmp/ratis-tests/statemachine/s2/tmp/snapshot-980c5925-c491-42c3-8ca5-33440e5cff55
2023-02-01 13:30:10,079 [grpc-default-executor-2] INFO  storage.SnapshotManager (SnapshotManager.java:installSnapshot(89)) - Installing snapshot:s0->s2#0-t1,chunk:980c5925-c491-42c3-8ca5-33440e5cff55,0, to tmp dir:/tmp/ratis-tests/statemachine/s2/tmp/snapshot-980c5925-c491-42c3-8ca5-33440e5cff55
2023-02-01 13:30:10,079 [grpc-default-executor-2] TRACE util.FileUtils (LogUtils.java:runAndLog(49)) - Successfully ran Files.createDirectories /tmp/ratis-tests/statemachine/s2/tmp/snapshot-980c5925-c491-42c3-8ca5-33440e5cff55/1_191
2023-02-01 13:30:10,080 [grpc-default-executor-3] INFO  impl.SnapshotInstallationHandler (SnapshotInstallationHandler.java:installSnapshotImpl(134)) - s1@group-159C9756C527: set new configuration configurationEntry {
  peers {
    id: "s0"
    address: "localhost:43393"
    dataStreamAddress: "localhost:39585"
    clientAddress: "localhost:41771"
    adminAddress: "localhost:41483"
    startupRole: FOLLOWER
  }
}
 from snapshot
2023-02-01 13:30:10,080 [grpc-default-executor-3] INFO  server.RaftServer$Division (ServerState.java:setRaftConf(378)) - s1@group-159C9756C527: set configuration 0: peers:[s0|rpc:localhost:43393|admin:localhost:41483|client:localhost:41771|dataStream:localhost:39585|priority:0|startupRole:FOLLOWER]|listeners:[], old=null
2023-02-01 13:30:10,080 [grpc-default-executor-3] INFO  impl.SnapshotInstallationHandler (SnapshotInstallationHandler.java:installSnapshot(100)) - s1@group-159C9756C527: reply installSnapshot: s0<-s1#0:OK-t0,SUCCESS,requestIndex=0
2023-02-01 13:30:10,083 [grpc-default-executor-2] INFO  segmented.SegmentedRaftLogWorker (SegmentedRaftLogWorker.java:lambda$new$0(134)) - s2@group-159C9756C527-SegmentedRaftLogWorker: flushIndex: setUnconditionally -1 -> 191
2023-02-01 13:30:10,083 [grpc-default-executor-2] INFO  segmented.SegmentedRaftLogWorker (SegmentedRaftLogWorker.java:lambda$new$0(134)) - s2@group-159C9756C527-SegmentedRaftLogWorker: safeCacheEvictIndex: setUnconditionally -1 -> 191
2023-02-01 13:30:10,084 [grpc-default-executor-2] INFO  impl.SnapshotInstallationHandler (SnapshotInstallationHandler.java:installSnapshotImpl(134)) - s2@group-159C9756C527: set new configuration configurationEntry {
  peers {
    id: "s0"
    address: "localhost:43393"
    dataStreamAddress: "localhost:39585"
    clientAddress: "localhost:41771"
    adminAddress: "localhost:41483"
    startupRole: FOLLOWER
  }
}
 from snapshot
2023-02-01 13:30:10,084 [grpc-default-executor-2] INFO  server.RaftServer$Division (ServerState.java:setRaftConf(378)) - s2@group-159C9756C527: set configuration 0: peers:[s0|rpc:localhost:43393|admin:localhost:41483|client:localhost:41771|dataStream:localhost:39585|priority:0|startupRole:FOLLOWER]|listeners:[], old=null
2023-02-01 13:30:10,084 [grpc-default-executor-2] INFO  impl.SnapshotInstallationHandler (SnapshotInstallationHandler.java:installSnapshot(100)) - s2@group-159C9756C527: reply installSnapshot: s0<-s2#0:OK-t0,SUCCESS,requestIndex=0
2023-02-01 13:30:10,086 [grpc-default-executor-0] INFO  server.GrpcLogAppender (GrpcLogAppender.java:onNext(491)) - s0@group-159C9756C527->s2-InstallSnapshotResponseHandler: received the first reply s0<-s2#0:OK-t0,SUCCESS,requestIndex=0
2023-02-01 13:30:10,086 [grpc-default-executor-0] INFO  server.GrpcLogAppender (GrpcLogAppender.java:onNext(504)) - s0@group-159C9756C527->s2-InstallSnapshotResponseHandler: Completed InstallSnapshot. Reply: serverReply {
  requestorId: "s0"
  replyId: "s2"
  raftGroupId {
    id: "\326x1\364HgK \244\321\025\234\227V\305\'"
  }
  success: true
}
requestIndex: 0

2023-02-01 13:30:10,086 [grpc-default-executor-0] INFO  leader.FollowerInfo (FollowerInfoImpl.java:setAttemptedToInstallSnapshot(123)) - Follower s0@group-159C9756C527->s2 acknowledged installing snapshot
2023-02-01 13:30:10,087 [grpc-default-executor-0] WARN  server.GrpcLogAppender (LogUtils.java:warn(122)) - s0@group-159C9756C527->s2-InstallSnapshotResponseHandler: Failed InstallSnapshot: org.apache.ratis.thirdparty.io.grpc.StatusRuntimeException: CANCELLED: Failed to read message.
2023-02-01 13:30:10,087 [grpc-default-executor-0] INFO  leader.FollowerInfo (FollowerInfoImpl.java:lambda$new$0(52)) - s0@group-159C9756C527->s2: nextIndex: updateUnconditionally 0 -> 0
2023-02-01 13:30:10,088 [grpc-default-executor-2] INFO  impl.SnapshotInstallationHandler (SnapshotInstallationHandler.java:installSnapshot(89)) - s1@group-159C9756C527: receive installSnapshot: s0->s1#0-t1,chunk:00438f27-aa1a-4a95-8a3b-bfac4d342c80,1
2023-02-01 13:30:10,090 [grpc-default-executor-2] TRACE util.FileUtils (LogUtils.java:runAndLog(49)) - Successfully ran Files.createDirectories /tmp/ratis-tests/statemachine/s1/tmp/snapshot-00438f27-aa1a-4a95-8a3b-bfac4d342c80
2023-02-01 13:30:10,090 [grpc-default-executor-2] INFO  storage.SnapshotManager (SnapshotManager.java:installSnapshot(89)) - Installing snapshot:s0->s1#0-t1,chunk:00438f27-aa1a-4a95-8a3b-bfac4d342c80,1, to tmp dir:/tmp/ratis-tests/statemachine/s1/tmp/snapshot-00438f27-aa1a-4a95-8a3b-bfac4d342c80
2023-02-01 13:30:10,090 [grpc-default-executor-2] TRACE util.FileUtils (LogUtils.java:runAndLog(49)) - Successfully ran Files.createDirectories /tmp/ratis-tests/statemachine/s1/tmp/snapshot-00438f27-aa1a-4a95-8a3b-bfac4d342c80/1_191
2023-02-01 13:30:10,091 [grpc-default-executor-3] INFO  server.GrpcLogAppender (GrpcLogAppender.java:onNext(491)) - s0@group-159C9756C527->s1-InstallSnapshotResponseHandler: received the first reply s0<-s1#0:OK-t0,SUCCESS,requestIndex=0
2023-02-01 13:30:10,091 [grpc-default-executor-3] INFO  server.GrpcLogAppender (GrpcLogAppender.java:onNext(504)) - s0@group-159C9756C527->s1-InstallSnapshotResponseHandler: Completed InstallSnapshot. Reply: serverReply {
  requestorId: "s0"
  replyId: "s1"
  raftGroupId {
    id: "\326x1\364HgK \244\321\025\234\227V\305\'"
  }
  success: true
}
requestIndex: 0

2023-02-01 13:30:10,091 [grpc-default-executor-3] INFO  leader.FollowerInfo (FollowerInfoImpl.java:setAttemptedToInstallSnapshot(123)) - Follower s0@group-159C9756C527->s1 acknowledged installing snapshot
2023-02-01 13:30:10,092 [grpc-default-executor-0] WARN  server.GrpcServerProtocolService (LogUtils.java:warn(122)) - s2: installSnapshot onError, lastRequest: s0->s2#0-t1,chunk:980c5925-c491-42c3-8ca5-33440e5cff55,0: org.apache.ratis.thirdparty.io.grpc.StatusRuntimeException: CANCELLED: client cancelled
2023-02-01 13:30:10,093 [grpc-default-executor-2] INFO  segmented.SegmentedRaftLogWorker (SegmentedRaftLogWorker.java:lambda$new$0(134)) - s1@group-159C9756C527-SegmentedRaftLogWorker: flushIndex: setUnconditionally 191 -> 191
2023-02-01 13:30:10,093 [grpc-default-executor-2] INFO  segmented.SegmentedRaftLogWorker (SegmentedRaftLogWorker.java:lambda$new$0(134)) - s1@group-159C9756C527-SegmentedRaftLogWorker: safeCacheEvictIndex: setUnconditionally 191 -> 191
2023-02-01 13:30:10,093 [grpc-default-executor-2] INFO  impl.SnapshotInstallationHandler (SnapshotInstallationHandler.java:installSnapshot(100)) - s1@group-159C9756C527: reply installSnapshot: s0<-s1#0:OK-t1,SUCCESS,requestIndex=1
2023-02-01 13:30:10,095 [grpc-default-executor-3] INFO  server.GrpcLogAppender (GrpcLogAppender.java:onNext(491)) - s0@group-159C9756C527->s1-InstallSnapshotResponseHandler: received a reply s0<-s1#0:OK-t1,SUCCESS,requestIndex=1
2023-02-01 13:30:10,095 [grpc-default-executor-3] INFO  server.GrpcLogAppender (GrpcLogAppender.java:onNext(504)) - s0@group-159C9756C527->s1-InstallSnapshotResponseHandler: Completed InstallSnapshot. Reply: serverReply {
  requestorId: "s0"
  replyId: "s1"
  raftGroupId {
    id: "\326x1\364HgK \244\321\025\234\227V\305\'"
  }
  success: true
}
term: 1
requestIndex: 1

2023-02-01 13:30:10,095 [grpc-default-executor-3] INFO  leader.FollowerInfo (FollowerInfoImpl.java:setAttemptedToInstallSnapshot(123)) - Follower s0@group-159C9756C527->s1 acknowledged installing snapshot
2023-02-01 13:30:10,095 [grpc-default-executor-2] INFO  impl.SnapshotInstallationHandler (SnapshotInstallationHandler.java:installSnapshot(89)) - s1@group-159C9756C527: receive installSnapshot: s0->s1#0-t1,chunk:00438f27-aa1a-4a95-8a3b-bfac4d342c80,2
2023-02-01 13:30:10,095 [grpc-default-executor-2] TRACE util.FileUtils (LogUtils.java:runAndLog(49)) - Successfully ran Files.createDirectories /tmp/ratis-tests/statemachine/s1/tmp/snapshot-00438f27-aa1a-4a95-8a3b-bfac4d342c80
2023-02-01 13:30:10,095 [grpc-default-executor-2] INFO  storage.SnapshotManager (SnapshotManager.java:installSnapshot(89)) - Installing snapshot:s0->s1#0-t1,chunk:00438f27-aa1a-4a95-8a3b-bfac4d342c80,2, to tmp dir:/tmp/ratis-tests/statemachine/s1/tmp/snapshot-00438f27-aa1a-4a95-8a3b-bfac4d342c80
2023-02-01 13:30:10,096 [grpc-default-executor-2] TRACE util.FileUtils (LogUtils.java:runAndLog(49)) - Successfully ran Files.createDirectories /tmp/ratis-tests/statemachine/s1/tmp/snapshot-00438f27-aa1a-4a95-8a3b-bfac4d342c80/1_191
2023-02-01 13:30:10,098 [grpc-default-executor-2] INFO  storage.SnapshotManager (SnapshotManager.java:rename(167)) - Installed snapshot, renaming temporary dir /tmp/ratis-tests/statemachine/s1/tmp/snapshot-00438f27-aa1a-4a95-8a3b-bfac4d342c80 to /tmp/ratis-tests/statemachine/s1/snapshot
2023-02-01 13:30:10,098 [grpc-default-executor-2] TRACE util.FileUtils (LogUtils.java:runAndLog(49)) - Successfully ran Atomic Files.move /tmp/ratis-tests/statemachine/s1/snapshot to /tmp/ratis-tests/statemachine/s1/snapshot.tmp20230201-133010_098
2023-02-01 13:30:10,098 [grpc-default-executor-2] TRACE util.FileUtils (LogUtils.java:runAndLog(49)) - Successfully ran Atomic Files.move /tmp/ratis-tests/statemachine/s1/tmp/snapshot-00438f27-aa1a-4a95-8a3b-bfac4d342c80 to /tmp/ratis-tests/statemachine/s1/snapshot
2023-02-01 13:30:10,098 [grpc-default-executor-2] TRACE util.FileUtils (FileUtils.java:deleteFully(201)) - deleteFully /tmp/ratis-tests/statemachine/s1/snapshot.tmp20230201-133010_098
2023-02-01 13:30:10,098 [grpc-default-executor-2] TRACE util.FileUtils (LogUtils.java:runAndLog(49)) - Successfully ran Files.delete /tmp/ratis-tests/statemachine/s1/snapshot.tmp20230201-133010_098
2023-02-01 13:30:10,098 [grpc-default-executor-2] INFO  segmented.SegmentedRaftLogWorker (SegmentedRaftLogWorker.java:lambda$new$0(134)) - s1@group-159C9756C527-SegmentedRaftLogWorker: flushIndex: setUnconditionally 191 -> 191
2023-02-01 13:30:10,098 [grpc-default-executor-2] INFO  segmented.SegmentedRaftLogWorker (SegmentedRaftLogWorker.java:lambda$new$0(134)) - s1@group-159C9756C527-SegmentedRaftLogWorker: safeCacheEvictIndex: setUnconditionally 191 -> 191
2023-02-01 13:30:10,099 [grpc-default-executor-2] INFO  raftlog.RaftLog (RaftLogBase.java:lambda$new$0(53)) - s1@group-159C9756C527-SegmentedRaftLog: snapshotIndex: updateIncreasingly -1 -> 191
2023-02-01 13:30:10,099 [grpc-default-executor-2] INFO  impl.SnapshotInstallationHandler (SnapshotInstallationHandler.java:checkAndInstallSnapshot(193)) - s1@group-159C9756C527: successfully install the entire snapshot-191
2023-02-01 13:30:10,099 [s1@group-159C9756C527-StateMachineUpdater] INFO  impl.SimpleStateMachine4Testing (SimpleStateMachine4Testing.java:reinitialize(236)) - Reinitializing StateMachineWithSeparatedSnapshotPath:s1:group-159C9756C527
2023-02-01 13:30:10,099 [grpc-default-executor-2] INFO  impl.SnapshotInstallationHandler (SnapshotInstallationHandler.java:installSnapshot(100)) - s1@group-159C9756C527: reply installSnapshot: s0<-s1#0:OK-t1,SUCCESS,requestIndex=2
2023-02-01 13:30:10,099 [s1@group-159C9756C527-StateMachineUpdater] INFO  impl.SimpleStateMachine4Testing (SimpleStateMachine4Testing.java:loadSnapshot(293)) - Loading snapshot null
2023-02-01 13:30:10,099 [s1@group-159C9756C527-StateMachineUpdater] INFO  impl.StateMachineUpdater (StateMachineUpdater.java:lambda$new$0(96)) - s1@group-159C9756C527-StateMachineUpdater: snapshotIndex: setUnconditionally -1 -> 191
2023-02-01 13:30:10,099 [s1@group-159C9756C527-StateMachineUpdater] INFO  impl.StateMachineUpdater (StateMachineUpdater.java:lambda$new$0(96)) - s1@group-159C9756C527-StateMachineUpdater: appliedIndex: setUnconditionally -1 -> 191
2023-02-01 13:30:10,100 [grpc-default-executor-3] INFO  server.GrpcLogAppender (GrpcLogAppender.java:onNext(491)) - s0@group-159C9756C527->s1-InstallSnapshotResponseHandler: received a reply s0<-s1#0:OK-t1,SUCCESS,requestIndex=2
2023-02-01 13:30:10,100 [grpc-default-executor-3] INFO  server.GrpcLogAppender (GrpcLogAppender.java:onNext(504)) - s0@group-159C9756C527->s1-InstallSnapshotResponseHandler: Completed InstallSnapshot. Reply: serverReply {
  requestorId: "s0"
  replyId: "s1"
  raftGroupId {
    id: "\326x1\364HgK \244\321\025\234\227V\305\'"
  }
  success: true
}
term: 1
requestIndex: 2

2023-02-01 13:30:10,100 [grpc-default-executor-3] INFO  leader.FollowerInfo (FollowerInfoImpl.java:setAttemptedToInstallSnapshot(123)) - Follower s0@group-159C9756C527->s1 acknowledged installing snapshot
2023-02-01 13:30:10,102 [grpc-default-executor-2] INFO  server.GrpcServerProtocolService (GrpcServerProtocolService.java:onCompleted(143)) - s1: Completed INSTALL_SNAPSHOT, lastRequest: s0->s1#0-t1,chunk:00438f27-aa1a-4a95-8a3b-bfac4d342c80,2
2023-02-01 13:30:10,102 [grpc-default-executor-0] INFO  server.GrpcLogAppender (GrpcLogAppender.java:onCompleted(569)) - s0@group-159C9756C527->s1-InstallSnapshotResponseHandler: follower responded installSnapshot COMPLETED
2023-02-01 13:30:10,103 [s0@group-159C9756C527->s1-GrpcLogAppender-LogAppenderDaemon] INFO  leader.FollowerInfo (FollowerInfoImpl.java:lambda$new$0(52)) - s0@group-159C9756C527->s1: snapshotIndex: setUnconditionally 0 -> 191
2023-02-01 13:30:10,103 [s0@group-159C9756C527->s1-GrpcLogAppender-LogAppenderDaemon] INFO  leader.FollowerInfo (FollowerInfoImpl.java:lambda$new$0(52)) - s0@group-159C9756C527->s1: matchIndex: setUnconditionally -1 -> 191
2023-02-01 13:30:10,103 [s0@group-159C9756C527->s1-GrpcLogAppender-LogAppenderDaemon] INFO  leader.FollowerInfo (FollowerInfoImpl.java:lambda$new$0(52)) - s0@group-159C9756C527->s1: nextIndex: setUnconditionally 0 -> 192
2023-02-01 13:30:10,103 [s0@group-159C9756C527->s1-GrpcLogAppender-LogAppenderDaemon] INFO  server.GrpcLogAppender (GrpcLogAppender.java:installSnapshot(622)) - s0@group-159C9756C527->s1-GrpcLogAppender: installed snapshot FileListSnapshotInfo(t:1, i:191):[/tmp/ratis-tests/statemachine/s0/snapshot/1_191/deer, /tmp/ratis-tests/statemachine/s0/snapshot/1_191/loves, /tmp/ratis-tests/statemachine/s0/snapshot/1_191/vegetable] successfully
2023-02-01 13:30:10,110 [s2-server-thread1] INFO  impl.RoleInfo (RoleInfo.java:updateAndGet(139)) - s2: start s2@group-159C9756C527-FollowerState
2023-02-01 13:30:10,125 [s1-server-thread1] INFO  impl.RoleInfo (RoleInfo.java:updateAndGet(139)) - s1: start s1@group-159C9756C527-FollowerState
2023-02-01 13:30:10,127 [s1-server-thread1] INFO  segmented.SegmentedRaftLogWorker (SegmentedRaftLogWorker.java:startLogSegment(431)) - s1@group-159C9756C527-SegmentedRaftLogWorker: Starting segment from index:192
2023-02-01 13:30:10,146 [s2-server-thread1] INFO  server.RaftServer$Division (RaftServerImpl.java:checkInconsistentAppendEntries(1595)) - s2@group-159C9756C527: Failed appendEntries as the first entry (index 0) already exists (snapshotIndex: 191, commitIndex: 0)
2023-02-01 13:30:10,146 [s2-server-thread1] INFO  server.RaftServer$Division (RaftServerImpl.java:checkInconsistentAppendEntries(1575)) - s2@group-159C9756C527: inconsistency entries. Reply:s0<-s2#1:FAIL-t1,INCONSISTENCY,nextIndex=192,followerCommit=0,matchIndex=-1
2023-02-01 13:30:10,150 [grpc-default-executor-3] INFO  leader.FollowerInfo (FollowerInfoImpl.java:lambda$new$0(52)) - s0@group-159C9756C527->s2: nextIndex: updateUnconditionally 255 -> 192
2023-02-01 13:30:10,153 [s2-server-thread1] INFO  segmented.SegmentedRaftLogWorker (SegmentedRaftLogWorker.java:startLogSegment(431)) - s2@group-159C9756C527-SegmentedRaftLogWorker: Starting segment from index:192
2023-02-01 13:30:10,159 [s1@group-159C9756C527-SegmentedRaftLogWorker] INFO  segmented.SegmentedRaftLogWorker (SegmentedRaftLogWorker.java:execute(635)) - s1@group-159C9756C527-SegmentedRaftLogWorker: created new log segment /home/runner/work/ratis/ratis/ratis-test/target/test/data/ecd5beaa/MiniRaftClusterWithGrpce9e5498f/s1/d67831f4-4867-4b20-a4d1-159c9756c527/current/log_inprogress_192
2023-02-01 13:30:10,164 [s1@group-159C9756C527-StateMachineUpdater] INFO  impl.SimpleStateMachine4Testing (SimpleStateMachine4Testing.java:put(205)) - s1: put 193, m96 -> (t:1, i:193), STATEMACHINELOGENTRY, 225@client-C7BF78C63910
2023-02-01 13:30:10,164 [s1@group-159C9756C527-StateMachineUpdater] INFO  impl.SimpleStateMachine4Testing (SimpleStateMachine4Testing.java:put(205)) - s1: put 195, m97 -> (t:1, i:195), STATEMACHINELOGENTRY, 226@client-C7BF78C63910
2023-02-01 13:30:10,164 [s1@group-159C9756C527-StateMachineUpdater] INFO  impl.SimpleStateMachine4Testing (SimpleStateMachine4Testing.java:put(205)) - s1: put 197, m98 -> (t:1, i:197), STATEMACHINELOGENTRY, 227@client-C7BF78C63910
2023-02-01 13:30:10,165 [s1@group-159C9756C527-StateMachineUpdater] INFO  impl.SimpleStateMachine4Testing (SimpleStateMachine4Testing.java:put(205)) - s1: put 199, m99 -> (t:1, i:199), STATEMACHINELOGENTRY, 228@client-C7BF78C63910
2023-02-01 13:30:10,165 [s1@group-159C9756C527-StateMachineUpdater] INFO  impl.SimpleStateMachine4Testing (SimpleStateMachine4Testing.java:put(205)) - s1: put 201, m100 -> (t:1, i:201), STATEMACHINELOGENTRY, 229@client-C7BF78C63910
2023-02-01 13:30:10,165 [s1@group-159C9756C527-StateMachineUpdater] INFO  impl.SimpleStateMachine4Testing (SimpleStateMachine4Testing.java:put(205)) - s1: put 203, m101 -> (t:1, i:203), STATEMACHINELOGENTRY, 230@client-C7BF78C63910
2023-02-01 13:30:10,165 [s1@group-159C9756C527-StateMachineUpdater] INFO  impl.SimpleStateMachine4Testing (SimpleStateMachine4Testing.java:put(205)) - s1: put 205, m102 -> (t:1, i:205), STATEMACHINELOGENTRY, 231@client-C7BF78C63910
2023-02-01 13:30:10,165 [s1@group-159C9756C527-StateMachineUpdater] INFO  impl.SimpleStateMachine4Testing (SimpleStateMachine4Testing.java:put(205)) - s1: put 207, m103 -> (t:1, i:207), STATEMACHINELOGENTRY, 232@client-C7BF78C63910
2023-02-01 13:30:10,166 [s1@group-159C9756C527-StateMachineUpdater] INFO  impl.SimpleStateMachine4Testing (SimpleStateMachine4Testing.java:put(205)) - s1: put 209, m104 -> (t:1, i:209), STATEMACHINELOGENTRY, 233@client-C7BF78C63910
2023-02-01 13:30:10,166 [s1@group-159C9756C527-StateMachineUpdater] INFO  impl.SimpleStateMachine4Testing (SimpleStateMachine4Testing.java:put(205)) - s1: put 211, m105 -> (t:1, i:211), STATEMACHINELOGENTRY, 234@client-C7BF78C63910
2023-02-01 13:30:10,166 [s1@group-159C9756C527-StateMachineUpdater] INFO  impl.SimpleStateMachine4Testing (SimpleStateMachine4Testing.java:put(205)) - s1: put 213, m106 -> (t:1, i:213), STATEMACHINELOGENTRY, 235@client-C7BF78C63910
2023-02-01 13:30:10,166 [s1@group-159C9756C527-StateMachineUpdater] INFO  impl.SimpleStateMachine4Testing (SimpleStateMachine4Testing.java:put(205)) - s1: put 215, m107 -> (t:1, i:215), STATEMACHINELOGENTRY, 236@client-C7BF78C63910
2023-02-01 13:30:10,166 [s1@group-159C9756C527-StateMachineUpdater] INFO  impl.SimpleStateMachine4Testing (SimpleStateMachine4Testing.java:put(205)) - s1: put 217, m108 -> (t:1, i:217), STATEMACHINELOGENTRY, 237@client-C7BF78C63910
2023-02-01 13:30:10,166 [s1@group-159C9756C527-StateMachineUpdater] INFO  impl.SimpleStateMachine4Testing (SimpleStateMachine4Testing.java:put(205)) - s1: put 219, m109 -> (t:1, i:219), STATEMACHINELOGENTRY, 238@client-C7BF78C63910
2023-02-01 13:30:10,167 [s1@group-159C9756C527-StateMachineUpdater] INFO  impl.SimpleStateMachine4Testing (SimpleStateMachine4Testing.java:put(205)) - s1: put 221, m110 -> (t:1, i:221), STATEMACHINELOGENTRY, 239@client-C7BF78C63910
2023-02-01 13:30:10,167 [s1@group-159C9756C527-StateMachineUpdater] INFO  impl.SimpleStateMachine4Testing (SimpleStateMachine4Testing.java:put(205)) - s1: put 223, m111 -> (t:1, i:223), STATEMACHINELOGENTRY, 240@client-C7BF78C63910
2023-02-01 13:30:10,167 [s1@group-159C9756C527-StateMachineUpdater] INFO  impl.SimpleStateMachine4Testing (SimpleStateMachine4Testing.java:put(205)) - s1: put 225, m112 -> (t:1, i:225), STATEMACHINELOGENTRY, 241@client-C7BF78C63910
2023-02-01 13:30:10,167 [s1@group-159C9756C527-StateMachineUpdater] INFO  impl.SimpleStateMachine4Testing (SimpleStateMachine4Testing.java:put(205)) - s1: put 227, m113 -> (t:1, i:227), STATEMACHINELOGENTRY, 242@client-C7BF78C63910
2023-02-01 13:30:10,167 [s1@group-159C9756C527-StateMachineUpdater] INFO  impl.SimpleStateMachine4Testing (SimpleStateMachine4Testing.java:put(205)) - s1: put 229, m114 -> (t:1, i:229), STATEMACHINELOGENTRY, 243@client-C7BF78C63910
2023-02-01 13:30:10,168 [s1@group-159C9756C527-StateMachineUpdater] INFO  impl.SimpleStateMachine4Testing (SimpleStateMachine4Testing.java:put(205)) - s1: put 231, m115 -> (t:1, i:231), STATEMACHINELOGENTRY, 244@client-C7BF78C63910
2023-02-01 13:30:10,168 [s1@group-159C9756C527-StateMachineUpdater] INFO  impl.SimpleStateMachine4Testing (SimpleStateMachine4Testing.java:put(205)) - s1: put 233, m116 -> (t:1, i:233), STATEMACHINELOGENTRY, 245@client-C7BF78C63910
2023-02-01 13:30:10,168 [s1@group-159C9756C527-StateMachineUpdater] INFO  impl.SimpleStateMachine4Testing (SimpleStateMachine4Testing.java:put(205)) - s1: put 235, m117 -> (t:1, i:235), STATEMACHINELOGENTRY, 246@client-C7BF78C63910
2023-02-01 13:30:10,168 [s1@group-159C9756C527-StateMachineUpdater] INFO  impl.SimpleStateMachine4Testing (SimpleStateMachine4Testing.java:put(205)) - s1: put 237, m118 -> (t:1, i:237), STATEMACHINELOGENTRY, 247@client-C7BF78C63910
2023-02-01 13:30:10,168 [s1@group-159C9756C527-StateMachineUpdater] INFO  impl.SimpleStateMachine4Testing (SimpleStateMachine4Testing.java:put(205)) - s1: put 239, m119 -> (t:1, i:239), STATEMACHINELOGENTRY, 248@client-C7BF78C63910
2023-02-01 13:30:10,168 [s1@group-159C9756C527-StateMachineUpdater] INFO  impl.SimpleStateMachine4Testing (SimpleStateMachine4Testing.java:put(205)) - s1: put 241, m120 -> (t:1, i:241), STATEMACHINELOGENTRY, 249@client-C7BF78C63910
2023-02-01 13:30:10,169 [s1@group-159C9756C527-StateMachineUpdater] INFO  impl.SimpleStateMachine4Testing (SimpleStateMachine4Testing.java:put(205)) - s1: put 243, m121 -> (t:1, i:243), STATEMACHINELOGENTRY, 250@client-C7BF78C63910
2023-02-01 13:30:10,169 [s1@group-159C9756C527-StateMachineUpdater] INFO  impl.SimpleStateMachine4Testing (SimpleStateMachine4Testing.java:put(205)) - s1: put 245, m122 -> (t:1, i:245), STATEMACHINELOGENTRY, 251@client-C7BF78C63910
2023-02-01 13:30:10,169 [s1@group-159C9756C527-StateMachineUpdater] INFO  impl.SimpleStateMachine4Testing (SimpleStateMachine4Testing.java:put(205)) - s1: put 247, m123 -> (t:1, i:247), STATEMACHINELOGENTRY, 252@client-C7BF78C63910
2023-02-01 13:30:10,169 [s1@group-159C9756C527-StateMachineUpdater] INFO  impl.SimpleStateMachine4Testing (SimpleStateMachine4Testing.java:put(205)) - s1: put 249, m124 -> (t:1, i:249), STATEMACHINELOGENTRY, 253@client-C7BF78C63910
2023-02-01 13:30:10,169 [s1@group-159C9756C527-StateMachineUpdater] INFO  impl.SimpleStateMachine4Testing (SimpleStateMachine4Testing.java:put(205)) - s1: put 251, m125 -> (t:1, i:251), STATEMACHINELOGENTRY, 254@client-C7BF78C63910
2023-02-01 13:30:10,170 [s1@group-159C9756C527-StateMachineUpdater] INFO  impl.SimpleStateMachine4Testing (SimpleStateMachine4Testing.java:put(205)) - s1: put 253, m126 -> (t:1, i:253), STATEMACHINELOGENTRY, 255@client-C7BF78C63910
2023-02-01 13:30:10,171 [s0@group-159C9756C527-LeaderStateImpl] INFO  server.RaftServer$Division (ServerState.java:setRaftConf(378)) - s0@group-159C9756C527: set configuration 255: peers:[s0|rpc:localhost:43393|admin:localhost:41483|client:localhost:41771|dataStream:localhost:39585|priority:0|startupRole:FOLLOWER, s1|rpc:0.0.0.0:35145|dataStream:|priority:0|startupRole:FOLLOWER, s2|rpc:0.0.0.0:45173|dataStream:|priority:0|startupRole:FOLLOWER]|listeners:[], old=peers:[s0|rpc:localhost:43393|admin:localhost:41483|client:localhost:41771|dataStream:localhost:39585|priority:0|startupRole:FOLLOWER]|listeners:[]
2023-02-01 13:30:10,173 [s1-server-thread2] INFO  server.RaftServer$Division (ServerState.java:setRaftConf(378)) - s1@group-159C9756C527: set configuration 255: peers:[s0|rpc:localhost:43393|admin:localhost:41483|client:localhost:41771|dataStream:localhost:39585|priority:0|startupRole:FOLLOWER, s1|rpc:0.0.0.0:35145|dataStream:|priority:0|startupRole:FOLLOWER, s2|rpc:0.0.0.0:45173|dataStream:|priority:0|startupRole:FOLLOWER]|listeners:[], old=peers:[s0|rpc:localhost:43393|admin:localhost:41483|client:localhost:41771|dataStream:localhost:39585|priority:0|startupRole:FOLLOWER]|listeners:[]
2023-02-01 13:30:10,175 [s2-server-thread1] INFO  server.RaftServer$Division (ServerState.java:setRaftConf(378)) - s2@group-159C9756C527: set configuration 255: peers:[s0|rpc:localhost:43393|admin:localhost:41483|client:localhost:41771|dataStream:localhost:39585|priority:0|startupRole:FOLLOWER, s1|rpc:0.0.0.0:35145|dataStream:|priority:0|startupRole:FOLLOWER, s2|rpc:0.0.0.0:45173|dataStream:|priority:0|startupRole:FOLLOWER]|listeners:[], old=peers:[s0|rpc:localhost:43393|admin:localhost:41483|client:localhost:41771|dataStream:localhost:39585|priority:0|startupRole:FOLLOWER]|listeners:[]
2023-02-01 13:30:10,182 [s0@group-159C9756C527-LeaderStateImpl] INFO  server.RaftServer$Division (ServerState.java:setRaftConf(378)) - s0@group-159C9756C527: set configuration 257: peers:[s0|rpc:localhost:43393|admin:localhost:41483|client:localhost:41771|dataStream:localhost:39585|priority:0|startupRole:FOLLOWER, s1|rpc:0.0.0.0:35145|dataStream:|priority:0|startupRole:FOLLOWER, s2|rpc:0.0.0.0:45173|dataStream:|priority:0|startupRole:FOLLOWER]|listeners:[], old=null
2023-02-01 13:30:10,183 [s0@group-159C9756C527-StateMachineUpdater] TRACE util.FileUtils (FileUtils.java:deleteFully(201)) - deleteFully /tmp/ratis-tests/statemachine/s0/snapshot/1_255
2023-02-01 13:30:10,187 [s0@group-159C9756C527-StateMachineUpdater] TRACE util.FileUtils (FileUtils.java:deleteFully(217)) - deleteFully: /tmp/ratis-tests/statemachine/s0/snapshot/1_255 does not exist.
2023-02-01 13:30:10,187 [s0@group-159C9756C527-StateMachineUpdater] TRACE util.FileUtils (FileUtils.java:deleteFully(201)) - deleteFully /tmp/ratis-tests/statemachine/s0/tmp/03621f6c-69ec-4f84-a001-4e133ef66213
2023-02-01 13:30:10,187 [s0@group-159C9756C527-StateMachineUpdater] TRACE util.FileUtils (FileUtils.java:deleteFully(217)) - deleteFully: /tmp/ratis-tests/statemachine/s0/tmp/03621f6c-69ec-4f84-a001-4e133ef66213 does not exist.
2023-02-01 13:30:10,188 [s0@group-159C9756C527-StateMachineUpdater] TRACE util.FileUtils (LogUtils.java:runAndLog(49)) - Successfully ran Atomic Files.move /tmp/ratis-tests/statemachine/s0/tmp/03621f6c-69ec-4f84-a001-4e133ef66213 to /tmp/ratis-tests/statemachine/s0/snapshot/1_255
2023-02-01 13:30:10,188 [s0@group-159C9756C527-StateMachineUpdater] INFO  impl.StateMachineUpdater (StateMachineUpdater.java:takeSnapshot(290)) - s0@group-159C9756C527-StateMachineUpdater: Took a snapshot at index 255
2023-02-01 13:30:10,188 [s0@group-159C9756C527-StateMachineUpdater] INFO  impl.StateMachineUpdater (StateMachineUpdater.java:lambda$new$0(96)) - s0@group-159C9756C527-StateMachineUpdater: snapshotIndex: updateIncreasingly 191 -> 255
2023-02-01 13:30:10,189 [s1-server-thread2] INFO  server.RaftServer$Division (ServerState.java:setRaftConf(378)) - s1@group-159C9756C527: set configuration 257: peers:[s0|rpc:localhost:43393|admin:localhost:41483|client:localhost:41771|dataStream:localhost:39585|priority:0|startupRole:FOLLOWER, s1|rpc:0.0.0.0:35145|dataStream:|priority:0|startupRole:FOLLOWER, s2|rpc:0.0.0.0:45173|dataStream:|priority:0|startupRole:FOLLOWER]|listeners:[], old=null
2023-02-01 13:30:10,190 [s2-server-thread1] INFO  server.RaftServer$Division (ServerState.java:setRaftConf(378)) - s2@group-159C9756C527: set configuration 257: peers:[s0|rpc:localhost:43393|admin:localhost:41483|client:localhost:41771|dataStream:localhost:39585|priority:0|startupRole:FOLLOWER, s1|rpc:0.0.0.0:35145|dataStream:|priority:0|startupRole:FOLLOWER, s2|rpc:0.0.0.0:45173|dataStream:|priority:0|startupRole:FOLLOWER]|listeners:[], old=null
2023-02-01 13:30:10,206 [s2@group-159C9756C527-SegmentedRaftLogWorker] INFO  segmented.SegmentedRaftLogWorker (SegmentedRaftLogWorker.java:execute(635)) - s2@group-159C9756C527-SegmentedRaftLogWorker: created new log segment /home/runner/work/ratis/ratis/ratis-test/target/test/data/ecd5beaa/MiniRaftClusterWithGrpce9e5498f/s2/d67831f4-4867-4b20-a4d1-159c9756c527/current/log_inprogress_192
2023-02-01 13:30:10,222 [s1@group-159C9756C527-StateMachineUpdater] TRACE util.FileUtils (FileUtils.java:deleteFully(201)) - deleteFully /tmp/ratis-tests/statemachine/s1/snapshot/1_257
2023-02-01 13:30:10,223 [s1@group-159C9756C527-StateMachineUpdater] TRACE util.FileUtils (FileUtils.java:deleteFully(217)) - deleteFully: /tmp/ratis-tests/statemachine/s1/snapshot/1_257 does not exist.
2023-02-01 13:30:10,223 [s1@group-159C9756C527-StateMachineUpdater] TRACE util.FileUtils (FileUtils.java:deleteFully(201)) - deleteFully /tmp/ratis-tests/statemachine/s1/tmp/cfd920e9-dbb6-437f-9250-e0fb923b44aa
2023-02-01 13:30:10,223 [s1@group-159C9756C527-StateMachineUpdater] TRACE util.FileUtils (FileUtils.java:deleteFully(217)) - deleteFully: /tmp/ratis-tests/statemachine/s1/tmp/cfd920e9-dbb6-437f-9250-e0fb923b44aa does not exist.
2023-02-01 13:30:10,223 [s1@group-159C9756C527-StateMachineUpdater] TRACE util.FileUtils (LogUtils.java:runAndLog(49)) - Successfully ran Atomic Files.move /tmp/ratis-tests/statemachine/s1/tmp/cfd920e9-dbb6-437f-9250-e0fb923b44aa to /tmp/ratis-tests/statemachine/s1/snapshot/1_257
2023-02-01 13:30:10,223 [s1@group-159C9756C527-StateMachineUpdater] INFO  impl.StateMachineUpdater (StateMachineUpdater.java:takeSnapshot(290)) - s1@group-159C9756C527-StateMachineUpdater: Took a snapshot at index 257
2023-02-01 13:30:10,223 [s1@group-159C9756C527-StateMachineUpdater] INFO  impl.StateMachineUpdater (StateMachineUpdater.java:lambda$new$0(96)) - s1@group-159C9756C527-StateMachineUpdater: snapshotIndex: updateIncreasingly 191 -> 257
2023-02-01 13:30:10,242 [Time-limited test] INFO  server.RaftServerConfigKeys (ConfUtils.java:logGet(46)) - raft.server.rpc.timeout.max = 300ms (default)
2023-02-01 13:30:10,243 [Time-limited test] INFO  impl.RaftServerTestUtil (RaftServerTestUtil.java:waitAndCheckNewConf(87)) - waitAndCheckNewConf: peers=[s1|rpc:0.0.0.0:35145|priority:0|startupRole:FOLLOWER, s2|rpc:0.0.0.0:45173|priority:0|startupRole:FOLLOWER, s0|rpc:localhost:43393|admin:localhost:41483|client:localhost:41771|dataStream:localhost:39585|priority:0|startupRole:FOLLOWER], deadPeers=null, printing ALL groups
  s0:  RUNNING    LEADER s0@group-159C9756C527:t1, leader=s0, voted=s0, raftlog=Memoized:s0@group-159C9756C527-SegmentedRaftLog:OPENED:c258, conf=257: peers:[s0|rpc:localhost:43393|admin:localhost:41483|client:localhost:41771|dataStream:localhost:39585|priority:0|startupRole:FOLLOWER, s1|rpc:0.0.0.0:35145|dataStream:|priority:0|startupRole:FOLLOWER, s2|rpc:0.0.0.0:45173|dataStream:|priority:0|startupRole:FOLLOWER]|listeners:[], old=null RUNNING
  s1:  RUNNING  FOLLOWER s1@group-159C9756C527:t1, leader=s0, voted=null, raftlog=Memoized:s1@group-159C9756C527-SegmentedRaftLog:OPENED:c257, conf=257: peers:[s0|rpc:localhost:43393|admin:localhost:41483|client:localhost:41771|dataStream:localhost:39585|priority:0|startupRole:FOLLOWER, s1|rpc:0.0.0.0:35145|dataStream:|priority:0|startupRole:FOLLOWER, s2|rpc:0.0.0.0:45173|dataStream:|priority:0|startupRole:FOLLOWER]|listeners:[], old=null RUNNING
  s2:  RUNNING  FOLLOWER s2@group-159C9756C527:t1, leader=s0, voted=null, raftlog=Memoized:s2@group-159C9756C527-SegmentedRaftLog:OPENED:c257, conf=257: peers:[s0|rpc:localhost:43393|admin:localhost:41483|client:localhost:41771|dataStream:localhost:39585|priority:0|startupRole:FOLLOWER, s1|rpc:0.0.0.0:35145|dataStream:|priority:0|startupRole:FOLLOWER, s2|rpc:0.0.0.0:45173|dataStream:|priority:0|startupRole:FOLLOWER]|listeners:[], old=null RUNNING
2023-02-01 13:30:10,243 [Time-limited test] INFO  impl.RaftServerTestUtil (RaftServerTestUtil.java:waitAndCheckNewConf(96)) - checking    LEADER s0@group-159C9756C527:t1, leader=s0, voted=s0, raftlog=Memoized:s0@group-159C9756C527-SegmentedRaftLog:OPENED:c258, conf=257: peers:[s0|rpc:localhost:43393|admin:localhost:41483|client:localhost:41771|dataStream:localhost:39585|priority:0|startupRole:FOLLOWER, s1|rpc:0.0.0.0:35145|dataStream:|priority:0|startupRole:FOLLOWER, s2|rpc:0.0.0.0:45173|dataStream:|priority:0|startupRole:FOLLOWER]|listeners:[], old=null RUNNING
2023-02-01 13:30:10,243 [Time-limited test] INFO  impl.RaftServerTestUtil (RaftServerTestUtil.java:waitAndCheckNewConf(96)) - checking  FOLLOWER s1@group-159C9756C527:t1, leader=s0, voted=null, raftlog=Memoized:s1@group-159C9756C527-SegmentedRaftLog:OPENED:c257, conf=257: peers:[s0|rpc:localhost:43393|admin:localhost:41483|client:localhost:41771|dataStream:localhost:39585|priority:0|startupRole:FOLLOWER, s1|rpc:0.0.0.0:35145|dataStream:|priority:0|startupRole:FOLLOWER, s2|rpc:0.0.0.0:45173|dataStream:|priority:0|startupRole:FOLLOWER]|listeners:[], old=null RUNNING
2023-02-01 13:30:10,243 [Time-limited test] INFO  impl.RaftServerTestUtil (RaftServerTestUtil.java:waitAndCheckNewConf(96)) - checking  FOLLOWER s2@group-159C9756C527:t1, leader=s0, voted=null, raftlog=Memoized:s2@group-159C9756C527-SegmentedRaftLog:OPENED:c257, conf=257: peers:[s0|rpc:localhost:43393|admin:localhost:41483|client:localhost:41771|dataStream:localhost:39585|priority:0|startupRole:FOLLOWER, s1|rpc:0.0.0.0:35145|dataStream:|priority:0|startupRole:FOLLOWER, s2|rpc:0.0.0.0:45173|dataStream:|priority:0|startupRole:FOLLOWER]|listeners:[], old=null RUNNING
2023-02-01 13:30:10,243 [Time-limited test] INFO  impl.MiniRaftCluster (MiniRaftCluster.java:shutdown(831)) - ************************************************************** 
2023-02-01 13:30:10,243 [Time-limited test] INFO  impl.MiniRaftCluster (MiniRaftCluster.java:shutdown(832)) - *** 
2023-02-01 13:30:10,243 [Time-limited test] INFO  impl.MiniRaftCluster (MiniRaftCluster.java:shutdown(833)) - ***     Stopping MiniRaftClusterWithGrpc
2023-02-01 13:30:10,243 [Time-limited test] INFO  impl.MiniRaftCluster (MiniRaftCluster.java:shutdown(834)) - *** 
2023-02-01 13:30:10,243 [Time-limited test] INFO  impl.MiniRaftCluster (MiniRaftCluster.java:shutdown(835)) - ************************************************************** 
2023-02-01 13:30:10,244 [Time-limited test] INFO  impl.MiniRaftCluster (MiniRaftCluster.java:shutdown(836)) - printing ALL groups
  s0:  RUNNING    LEADER s0@group-159C9756C527:t1, leader=s0, voted=s0, raftlog=Memoized:s0@group-159C9756C527-SegmentedRaftLog:OPENED:c258, conf=257: peers:[s0|rpc:localhost:43393|admin:localhost:41483|client:localhost:41771|dataStream:localhost:39585|priority:0|startupRole:FOLLOWER, s1|rpc:0.0.0.0:35145|dataStream:|priority:0|startupRole:FOLLOWER, s2|rpc:0.0.0.0:45173|dataStream:|priority:0|startupRole:FOLLOWER]|listeners:[], old=null RUNNING
  s1:  RUNNING  FOLLOWER s1@group-159C9756C527:t1, leader=s0, voted=null, raftlog=Memoized:s1@group-159C9756C527-SegmentedRaftLog:OPENED:c257, conf=257: peers:[s0|rpc:localhost:43393|admin:localhost:41483|client:localhost:41771|dataStream:localhost:39585|priority:0|startupRole:FOLLOWER, s1|rpc:0.0.0.0:35145|dataStream:|priority:0|startupRole:FOLLOWER, s2|rpc:0.0.0.0:45173|dataStream:|priority:0|startupRole:FOLLOWER]|listeners:[], old=null RUNNING
  s2:  RUNNING  FOLLOWER s2@group-159C9756C527:t1, leader=s0, voted=null, raftlog=Memoized:s2@group-159C9756C527-SegmentedRaftLog:OPENED:c257, conf=257: peers:[s0|rpc:localhost:43393|admin:localhost:41483|client:localhost:41771|dataStream:localhost:39585|priority:0|startupRole:FOLLOWER, s1|rpc:0.0.0.0:35145|dataStream:|priority:0|startupRole:FOLLOWER, s2|rpc:0.0.0.0:45173|dataStream:|priority:0|startupRole:FOLLOWER]|listeners:[], old=null RUNNING
2023-02-01 13:30:10,253 [MiniRaftCluster-7] INFO  server.RaftServer (RaftServerProxy.java:lambda$close$7(412)) - s0: close
2023-02-01 13:30:10,253 [MiniRaftCluster-8] INFO  server.RaftServer (RaftServerProxy.java:lambda$close$7(412)) - s1: close
2023-02-01 13:30:10,265 [s0-impl-thread1] INFO  server.RaftServer$Division (RaftServerImpl.java:lambda$close$4(462)) - s0@group-159C9756C527: shutdown
2023-02-01 13:30:10,265 [s0-impl-thread1] INFO  util.JmxRegister (JmxRegister.java:unregister(73)) - Successfully un-registered JMX Bean with object name Ratis:service=RaftServer,group=group-159C9756C527,id=s0
2023-02-01 13:30:10,265 [s0-impl-thread1] INFO  impl.RoleInfo (RoleInfo.java:shutdownLeaderState(93)) - s0: shutdown s0@group-159C9756C527-LeaderStateImpl
2023-02-01 13:30:10,265 [MiniRaftCluster-7] INFO  server.GrpcService (GrpcService.java:closeImpl(311)) - s0: shutdown server org.apache.ratis.grpc.server.GrpcClientProtocolService now
2023-02-01 13:30:10,265 [s0@group-159C9756C527->s1-GrpcLogAppender-LogAppenderDaemon] WARN  server.GrpcLogAppender (GrpcLogAppender.java:mayWait(198)) - s0@group-159C9756C527->s1-GrpcLogAppender: Wait interrupted by java.lang.InterruptedException
2023-02-01 13:30:10,265 [s0@group-159C9756C527->s2-GrpcLogAppender-LogAppenderDaemon] WARN  server.GrpcLogAppender (GrpcLogAppender.java:mayWait(198)) - s0@group-159C9756C527->s2-GrpcLogAppender: Wait interrupted by java.lang.InterruptedException
2023-02-01 13:30:10,265 [s0-impl-thread1] INFO  impl.PendingRequests (PendingRequests.java:sendNotLeaderResponses(282)) - s0@group-159C9756C527-PendingRequests: sendNotLeaderResponses
2023-02-01 13:30:10,266 [s1-impl-thread1] INFO  server.RaftServer$Division (RaftServerImpl.java:lambda$close$4(462)) - s1@group-159C9756C527: shutdown
2023-02-01 13:30:10,266 [s1-impl-thread1] INFO  util.JmxRegister (JmxRegister.java:unregister(73)) - Successfully un-registered JMX Bean with object name Ratis:service=RaftServer,group=group-159C9756C527,id=s1
2023-02-01 13:30:10,266 [s1-impl-thread1] INFO  impl.RoleInfo (RoleInfo.java:shutdownFollowerState(110)) - s1: shutdown s1@group-159C9756C527-FollowerState
2023-02-01 13:30:10,266 [s1-impl-thread1] INFO  impl.StateMachineUpdater (StateMachineUpdater.java:stopAndJoin(154)) - s1@group-159C9756C527-StateMachineUpdater: set stopIndex = 257
2023-02-01 13:30:10,267 [s1@group-159C9756C527-FollowerState] INFO  impl.FollowerState (FollowerState.java:run(152)) - s1@group-159C9756C527-FollowerState was interrupted
2023-02-01 13:30:10,266 [MiniRaftCluster-8] INFO  server.GrpcService (GrpcService.java:closeImpl(311)) - s1: shutdown server GrpcServerProtocolService now
2023-02-01 13:30:10,267 [grpc-default-executor-3] INFO  server.GrpcServerProtocolService (GrpcServerProtocolService.java:onCompleted(143)) - s1: Completed APPEND_ENTRIES, lastRequest: s0->s1#11-t1,previous=(t:1, i:257),leaderCommit=257,initializing? true,entries: size=1, first=(t:1, i:258), METADATAENTRY(c:257)
2023-02-01 13:30:10,267 [s1-impl-thread1] INFO  server.RaftServer$Division (ServerState.java:close(414)) - s1@group-159C9756C527: applyIndex: 257
2023-02-01 13:30:10,269 [grpc-default-executor-2] INFO  server.GrpcServerProtocolService (GrpcServerProtocolService.java:onCompleted(143)) - s2: Completed APPEND_ENTRIES, lastRequest: s0->s2#12-t1,previous=(t:1, i:257),leaderCommit=257,initializing? true,entries: size=1, first=(t:1, i:258), METADATAENTRY(c:257)
2023-02-01 13:30:10,270 [grpc-default-executor-0] INFO  server.GrpcLogAppender (GrpcLogAppender.java:onCompleted(412)) - s0@group-159C9756C527->s1-AppendLogResponseHandler: follower responses appendEntries COMPLETED
2023-02-01 13:30:10,274 [grpc-default-executor-0] INFO  leader.FollowerInfo (FollowerInfoImpl.java:lambda$new$0(52)) - s0@group-159C9756C527->s1: nextIndex: updateUnconditionally 259 -> 258
2023-02-01 13:30:10,270 [s1@group-159C9756C527-SegmentedRaftLogWorker] INFO  segmented.SegmentedRaftLogWorker (SegmentedRaftLogWorker.java:run(334)) - s1@group-159C9756C527-SegmentedRaftLogWorker was interrupted, exiting. There are 0 tasks remaining in the queue.
2023-02-01 13:30:10,275 [grpc-default-executor-0] INFO  server.GrpcLogAppender (GrpcLogAppender.java:onCompleted(412)) - s0@group-159C9756C527->s2-AppendLogResponseHandler: follower responses appendEntries COMPLETED
2023-02-01 13:30:10,275 [grpc-default-executor-0] INFO  leader.FollowerInfo (FollowerInfoImpl.java:lambda$new$0(52)) - s0@group-159C9756C527->s2: nextIndex: updateUnconditionally 259 -> 258
2023-02-01 13:30:10,270 [MiniRaftCluster-9] INFO  server.RaftServer (RaftServerProxy.java:lambda$close$7(412)) - s2: close
2023-02-01 13:30:10,279 [MiniRaftCluster-7] INFO  server.GrpcServerProtocolClient (GrpcServerProtocolClient.java:close(101)) - s1 Close channels
2023-02-01 13:30:10,284 [s1-impl-thread1] INFO  segmented.SegmentedRaftLogWorker (SegmentedRaftLogWorker.java:close(247)) - s1@group-159C9756C527-SegmentedRaftLogWorker close()
2023-02-01 13:30:10,285 [s0-impl-thread1] INFO  impl.StateMachineUpdater (StateMachineUpdater.java:stopAndJoin(154)) - s0@group-159C9756C527-StateMachineUpdater: set stopIndex = 258
2023-02-01 13:30:10,285 [MiniRaftCluster-8] INFO  server.GrpcService (GrpcService.java:closeImpl(320)) - s1: shutdown server GrpcServerProtocolService successfully
2023-02-01 13:30:10,287 [s0@group-159C9756C527-StateMachineUpdater] TRACE util.FileUtils (FileUtils.java:deleteFully(201)) - deleteFully /tmp/ratis-tests/statemachine/s0/snapshot/1_258
2023-02-01 13:30:10,288 [s0@group-159C9756C527-StateMachineUpdater] TRACE util.FileUtils (FileUtils.java:deleteFully(217)) - deleteFully: /tmp/ratis-tests/statemachine/s0/snapshot/1_258 does not exist.
2023-02-01 13:30:10,288 [s0@group-159C9756C527-StateMachineUpdater] TRACE util.FileUtils (FileUtils.java:deleteFully(201)) - deleteFully /tmp/ratis-tests/statemachine/s0/tmp/0a799305-bdf4-471b-bfb1-7d69775bf6ed
2023-02-01 13:30:10,288 [s0@group-159C9756C527-StateMachineUpdater] TRACE util.FileUtils (FileUtils.java:deleteFully(217)) - deleteFully: /tmp/ratis-tests/statemachine/s0/tmp/0a799305-bdf4-471b-bfb1-7d69775bf6ed does not exist.
2023-02-01 13:30:10,288 [s0@group-159C9756C527-StateMachineUpdater] TRACE util.FileUtils (LogUtils.java:runAndLog(49)) - Successfully ran Atomic Files.move /tmp/ratis-tests/statemachine/s0/tmp/0a799305-bdf4-471b-bfb1-7d69775bf6ed to /tmp/ratis-tests/statemachine/s0/snapshot/1_258
2023-02-01 13:30:10,288 [s0@group-159C9756C527-StateMachineUpdater] INFO  impl.StateMachineUpdater (StateMachineUpdater.java:takeSnapshot(290)) - s0@group-159C9756C527-StateMachineUpdater: Took a snapshot at index 258
2023-02-01 13:30:10,288 [s0@group-159C9756C527-StateMachineUpdater] INFO  impl.StateMachineUpdater (StateMachineUpdater.java:lambda$new$0(96)) - s0@group-159C9756C527-StateMachineUpdater: snapshotIndex: updateIncreasingly 255 -> 258
2023-02-01 13:30:10,288 [s0@group-159C9756C527-StateMachineUpdater] INFO  raftlog.RaftLog (RaftLogBase.java:purge(314)) - s0@group-159C9756C527-SegmentedRaftLog: purge 258
2023-02-01 13:30:10,288 [s0@group-159C9756C527-StateMachineUpdater] INFO  raftlog.RaftLog (RaftLogBase.java:lambda$new$0(53)) - s0@group-159C9756C527-SegmentedRaftLog: snapshotIndex: updateIncreasingly 191 -> 258
2023-02-01 13:30:10,289 [s0@group-159C9756C527-StateMachineUpdater] INFO  raftlog.RaftLog (RaftLogBase.java:lambda$new$0(53)) - s0@group-159C9756C527-SegmentedRaftLog: purgeIndex: updateToMax old=191, new=258, updated? true
2023-02-01 13:30:10,289 [s0-impl-thread1] INFO  server.RaftServer$Division (ServerState.java:close(414)) - s0@group-159C9756C527: applyIndex: 258
2023-02-01 13:30:10,289 [s0@group-159C9756C527-SegmentedRaftLogWorker] INFO  segmented.SegmentedRaftLogWorker (SegmentedRaftLogWorker.java:run(334)) - s0@group-159C9756C527-SegmentedRaftLogWorker was interrupted, exiting. There are 0 tasks remaining in the queue.
2023-02-01 13:30:10,289 [JvmPauseMonitor4] INFO  util.JvmPauseMonitor (JvmPauseMonitor.java:run(111)) - JvmPauseMonitor-s1: Stopped
2023-02-01 13:30:10,291 [MiniRaftCluster-9] INFO  server.GrpcService (GrpcService.java:closeImpl(311)) - s2: shutdown server GrpcServerProtocolService now
2023-02-01 13:30:10,291 [MiniRaftCluster-7] INFO  server.GrpcServerProtocolClient (GrpcServerProtocolClient.java:close(101)) - s2 Close channels
2023-02-01 13:30:10,291 [s2-impl-thread1] INFO  server.RaftServer$Division (RaftServerImpl.java:lambda$close$4(462)) - s2@group-159C9756C527: shutdown
2023-02-01 13:30:10,294 [s2-impl-thread1] INFO  util.JmxRegister (JmxRegister.java:unregister(73)) - Successfully un-registered JMX Bean with object name Ratis:service=RaftServer,group=group-159C9756C527,id=s2
2023-02-01 13:30:10,295 [s2-impl-thread1] INFO  impl.RoleInfo (RoleInfo.java:shutdownFollowerState(110)) - s2: shutdown s2@group-159C9756C527-FollowerState
2023-02-01 13:30:10,295 [s2-impl-thread1] INFO  impl.StateMachineUpdater (StateMachineUpdater.java:stopAndJoin(154)) - s2@group-159C9756C527-StateMachineUpdater: set stopIndex = 257
2023-02-01 13:30:10,295 [s0-impl-thread1] INFO  segmented.SegmentedRaftLogWorker (SegmentedRaftLogWorker.java:close(247)) - s0@group-159C9756C527-SegmentedRaftLogWorker close()
2023-02-01 13:30:10,296 [s2@group-159C9756C527-FollowerState] INFO  impl.FollowerState (FollowerState.java:run(152)) - s2@group-159C9756C527-FollowerState was interrupted
2023-02-01 13:30:10,299 [MiniRaftCluster-7] INFO  server.GrpcService (GrpcService.java:closeImpl(320)) - s0: shutdown server org.apache.ratis.grpc.server.GrpcClientProtocolService successfully
2023-02-01 13:30:10,300 [MiniRaftCluster-7] INFO  server.GrpcService (GrpcService.java:closeImpl(311)) - s0: shutdown server GrpcServerProtocolService now
2023-02-01 13:30:10,310 [MiniRaftCluster-9] INFO  server.GrpcService (GrpcService.java:closeImpl(320)) - s2: shutdown server GrpcServerProtocolService successfully
2023-02-01 13:30:10,310 [MiniRaftCluster-7] INFO  server.GrpcService (GrpcService.java:closeImpl(320)) - s0: shutdown server GrpcServerProtocolService successfully
2023-02-01 13:30:10,310 [MiniRaftCluster-7] INFO  server.GrpcService (GrpcService.java:closeImpl(311)) - s0: shutdown server org.apache.ratis.grpc.server.GrpcAdminProtocolService now
2023-02-01 13:30:10,315 [MiniRaftCluster-7] INFO  server.GrpcService (GrpcService.java:closeImpl(320)) - s0: shutdown server org.apache.ratis.grpc.server.GrpcAdminProtocolService successfully
2023-02-01 13:30:10,316 [JvmPauseMonitor3] INFO  util.JvmPauseMonitor (JvmPauseMonitor.java:run(111)) - JvmPauseMonitor-s0: Stopped
2023-02-01 13:30:15,260 [Time-limited test] INFO  impl.MiniRaftCluster (MiniRaftCluster.java:shutdown(855)) - MiniRaftClusterWithGrpc shutdown completed
2023-02-01 13:30:15,263 [Time-limited test] INFO  impl.MiniRaftCluster (MiniRaftCluster.java:shutdown(831)) - ************************************************************** 
2023-02-01 13:30:15,263 [Time-limited test] INFO  impl.MiniRaftCluster (MiniRaftCluster.java:shutdown(832)) - *** 
2023-02-01 13:30:15,263 [Time-limited test] INFO  impl.MiniRaftCluster (MiniRaftCluster.java:shutdown(833)) - ***     Stopping MiniRaftClusterWithGrpc
2023-02-01 13:30:15,263 [Time-limited test] INFO  impl.MiniRaftCluster (MiniRaftCluster.java:shutdown(834)) - *** 
2023-02-01 13:30:15,263 [Time-limited test] INFO  impl.MiniRaftCluster (MiniRaftCluster.java:shutdown(835)) - ************************************************************** 
2023-02-01 13:30:15,263 [Time-limited test] INFO  impl.MiniRaftCluster (MiniRaftCluster.java:shutdown(836)) - printing ALL groups
  s0:   CLOSED    LEADER s0@group-159C9756C527:t1, leader=s0, voted=s0, raftlog=Memoized:s0@group-159C9756C527-SegmentedRaftLog:CLOSED:c258, conf=257: peers:[s0|rpc:localhost:43393|admin:localhost:41483|client:localhost:41771|dataStream:localhost:39585|priority:0|startupRole:FOLLOWER, s1|rpc:0.0.0.0:35145|dataStream:|priority:0|startupRole:FOLLOWER, s2|rpc:0.0.0.0:45173|dataStream:|priority:0|startupRole:FOLLOWER]|listeners:[], old=null CLOSED
  s1:   CLOSED  FOLLOWER s1@group-159C9756C527:t1, leader=s0, voted=null, raftlog=Memoized:s1@group-159C9756C527-SegmentedRaftLog:CLOSED:c257, conf=257: peers:[s0|rpc:localhost:43393|admin:localhost:41483|client:localhost:41771|dataStream:localhost:39585|priority:0|startupRole:FOLLOWER, s1|rpc:0.0.0.0:35145|dataStream:|priority:0|startupRole:FOLLOWER, s2|rpc:0.0.0.0:45173|dataStream:|priority:0|startupRole:FOLLOWER]|listeners:[], old=null CLOSED
  s2:  CLOSING  FOLLOWER s2@group-159C9756C527:t1, leader=s0, voted=null, raftlog=Memoized:s2@group-159C9756C527-SegmentedRaftLog:OPENED:c257, conf=257: peers:[s0|rpc:localhost:43393|admin:localhost:41483|client:localhost:41771|dataStream:localhost:39585|priority:0|startupRole:FOLLOWER, s1|rpc:0.0.0.0:35145|dataStream:|priority:0|startupRole:FOLLOWER, s2|rpc:0.0.0.0:45173|dataStream:|priority:0|startupRole:FOLLOWER]|listeners:[], old=null CLOSING
2023-02-01 13:30:15,271 [JvmPauseMonitor5] INFO  util.JvmPauseMonitor (JvmPauseMonitor.java:run(111)) - JvmPauseMonitor-s2: Stopped
2023-02-01 13:30:15,271 [Time-limited test] INFO  impl.MiniRaftCluster (MiniRaftCluster.java:shutdown(855)) - MiniRaftClusterWithGrpc shutdown completed
]]></system-out>
  </testcase>
  <testcase name="testMultiFileInstallSnapshot[1]" classname="org.apache.ratis.grpc.TestLeaderInstallSnapshot" time="1.558"/>
  <testcase name="testSeparateSnapshotInstallPath[1]" classname="org.apache.ratis.grpc.TestLeaderInstallSnapshot" time="6.483">
    <failure type="java.lang.AssertionError">java.lang.AssertionError
	at org.junit.Assert.fail(Assert.java:87)
	at org.junit.Assert.assertTrue(Assert.java:42)
	at org.junit.Assert.assertNotNull(Assert.java:713)
	at org.junit.Assert.assertNotNull(Assert.java:723)
	at org.apache.ratis.InstallSnapshotFromLeaderTests.testMultiFileInstallSnapshot(InstallSnapshotFromLeaderTests.java:121)
	at org.apache.ratis.server.impl.MiniRaftCluster$Factory$Get.runWithNewCluster(MiniRaftCluster.java:141)
	at org.apache.ratis.server.impl.MiniRaftCluster$Factory$Get.runWithNewCluster(MiniRaftCluster.java:121)
	at org.apache.ratis.InstallSnapshotFromLeaderTests.testSeparateSnapshotInstallPath(InstallSnapshotFromLeaderTests.java:86)
	at java.base/jdk.internal.reflect.NativeMethodAccessorImpl.invoke0(Native Method)
	at java.base/jdk.internal.reflect.NativeMethodAccessorImpl.invoke(NativeMethodAccessorImpl.java:62)
	at java.base/jdk.internal.reflect.DelegatingMethodAccessorImpl.invoke(DelegatingMethodAccessorImpl.java:43)
	at java.base/java.lang.reflect.Method.invoke(Method.java:566)
	at org.junit.runners.model.FrameworkMethod$1.runReflectiveCall(FrameworkMethod.java:59)
	at org.junit.internal.runners.model.ReflectiveCallable.run(ReflectiveCallable.java:12)
	at org.junit.runners.model.FrameworkMethod.invokeExplosively(FrameworkMethod.java:56)
	at org.junit.internal.runners.statements.InvokeMethod.evaluate(InvokeMethod.java:17)
	at org.junit.internal.runners.statements.RunAfters.evaluate(RunAfters.java:27)
	at org.junit.internal.runners.statements.FailOnTimeout$CallableStatement.call(FailOnTimeout.java:299)
	at org.junit.internal.runners.statements.FailOnTimeout$CallableStatement.call(FailOnTimeout.java:293)
	at java.base/java.util.concurrent.FutureTask.run(FutureTask.java:264)
	at java.base/java.lang.Thread.run(Thread.java:829)
</failure>
    <system-out><![CDATA[2023-02-01 13:30:16,845 [main] INFO  util.LogUtils (Slf4jUtils.java:setLogLevel(38)) - Successfully set org.apache.ratis.conf.ConfUtils log level to WARN
2023-02-01 13:30:16,845 [main] INFO  util.LogUtils (Slf4jUtils.java:setLogLevel(38)) - Successfully set org.apache.ratis.util.FileUtils log level to TRACE
2023-02-01 13:30:16,846 [Time-limited test] INFO  impl.MiniRaftCluster (MiniRaftCluster.java:runWithNewCluster(135)) - Running runWithNewCluster
2023-02-01 13:30:16,846 [Time-limited test] INFO  impl.MiniRaftCluster (MiniRaftCluster.java:<init>(306)) - new MiniRaftClusterWithGrpc with group-30CF79431F65:[s0|rpc:localhost:40279|admin:localhost:42953|client:localhost:45497|dataStream:localhost:37411|priority:0|startupRole:FOLLOWER]
2023-02-01 13:30:16,846 [Time-limited test] INFO  impl.MiniRaftCluster (MiniRaftCluster.java:start(339)) - .............................................................. 
2023-02-01 13:30:16,846 [Time-limited test] INFO  impl.MiniRaftCluster (MiniRaftCluster.java:start(340)) - ... 
2023-02-01 13:30:16,846 [Time-limited test] INFO  impl.MiniRaftCluster (MiniRaftCluster.java:start(341)) - ...     Starting MiniRaftClusterWithGrpc
2023-02-01 13:30:16,846 [Time-limited test] INFO  impl.MiniRaftCluster (MiniRaftCluster.java:start(342)) - ... 
2023-02-01 13:30:16,846 [Time-limited test] INFO  impl.MiniRaftCluster (MiniRaftCluster.java:start(343)) - .............................................................. 
2023-02-01 13:30:16,847 [Time-limited test] INFO  impl.MiniRaftCluster (MiniRaftCluster.java:initServers(318)) - servers = {}
2023-02-01 13:30:16,847 [Time-limited test] INFO  impl.MiniRaftCluster (MiniRaftCluster.java:newRaftServer(382)) - newRaftServer: s0, group-30CF79431F65:[s0|rpc:localhost:40279|admin:localhost:42953|client:localhost:45497|dataStream:localhost:37411|priority:0|startupRole:FOLLOWER], format? true
2023-02-01 13:30:16,847 [Time-limited test] TRACE util.FileUtils (FileUtils.java:deleteFully(201)) - deleteFully target/test/data/ecd5beaa/MiniRaftClusterWithGrpc9adc73ec/s0
2023-02-01 13:30:16,847 [Time-limited test] TRACE util.FileUtils (FileUtils.java:deleteFully(217)) - deleteFully: target/test/data/ecd5beaa/MiniRaftClusterWithGrpc9adc73ec/s0 does not exist.
2023-02-01 13:30:16,847 [Time-limited test] INFO  impl.MiniRaftCluster (MiniRaftCluster.java:newRaftServer(387)) - Formatted directory target/test/data/ecd5beaa/MiniRaftClusterWithGrpc9adc73ec/s0
2023-02-01 13:30:16,847 [Time-limited test] INFO  server.RaftServer (ConfUtils.java:logGet(46)) - raft.rpc.type = GRPC (default)
2023-02-01 13:30:16,848 [Time-limited test] INFO  grpc.GrpcConfigKeys (ConfUtils.java:logFallback(53)) - raft.grpc.admin.host = null (fallback to raft.grpc.server.host)
2023-02-01 13:30:16,848 [Time-limited test] INFO  grpc.GrpcConfigKeys (ConfUtils.java:logGet(46)) - raft.grpc.admin.port = 42953 (custom)
2023-02-01 13:30:16,848 [Time-limited test] INFO  grpc.GrpcConfigKeys (ConfUtils.java:logFallback(53)) - raft.grpc.client.host = null (fallback to raft.grpc.server.host)
2023-02-01 13:30:16,849 [Time-limited test] INFO  grpc.GrpcConfigKeys (ConfUtils.java:logGet(46)) - raft.grpc.client.port = 45497 (custom)
2023-02-01 13:30:16,849 [Time-limited test] INFO  grpc.GrpcConfigKeys (ConfUtils.java:logGet(46)) - raft.grpc.server.host = null (default)
2023-02-01 13:30:16,849 [Time-limited test] INFO  grpc.GrpcConfigKeys (ConfUtils.java:logGet(46)) - raft.grpc.server.port = 40279 (custom)
2023-02-01 13:30:16,849 [Time-limited test] INFO  server.GrpcService (ConfUtils.java:logGet(46)) - raft.grpc.message.size.max = 64MB (=67108864) (default)
2023-02-01 13:30:16,849 [Time-limited test] INFO  server.RaftServerConfigKeys (ConfUtils.java:logGet(46)) - raft.server.log.appender.buffer.byte-limit = 4MB (=4194304) (default)
2023-02-01 13:30:16,849 [Time-limited test] INFO  server.GrpcService (ConfUtils.java:logGet(46)) - raft.grpc.flow.control.window = 1MB (=1048576) (default)
2023-02-01 13:30:16,849 [Time-limited test] INFO  server.RaftServerConfigKeys (ConfUtils.java:logGet(46)) - raft.server.rpc.request.timeout = 3000ms (default)
2023-02-01 13:30:16,849 [Time-limited test] INFO  grpc.GrpcConfigKeys (ConfUtils.java:logGet(46)) - raft.grpc.server.heartbeat.channel = true (default)
2023-02-01 13:30:16,850 [Time-limited test] INFO  grpc.GrpcConfigKeys (ConfUtils.java:logGet(46)) - raft.grpc.server.async.request.thread.pool.cached = true (default)
2023-02-01 13:30:16,850 [Time-limited test] INFO  grpc.GrpcConfigKeys (ConfUtils.java:logGet(46)) - raft.grpc.server.async.request.thread.pool.size = 32 (default)
2023-02-01 13:30:16,851 [Time-limited test] INFO  impl.DataStreamServerImpl (ConfUtils.java:logGet(46)) - raft.datastream.type = DISABLED (default)
2023-02-01 13:30:16,851 [Time-limited test] INFO  server.RaftServerConfigKeys (ConfUtils.java:logGet(46)) - raft.server.threadpool.proxy.cached = true (default)
2023-02-01 13:30:16,851 [Time-limited test] INFO  server.RaftServerConfigKeys (ConfUtils.java:logGet(46)) - raft.server.threadpool.proxy.size = 0 (default)
2023-02-01 13:30:16,852 [Time-limited test] INFO  server.RaftServerConfigKeys (ConfUtils.java:logGet(46)) - raft.server.rpc.slowness.timeout = 60s (default)
2023-02-01 13:30:16,852 [Time-limited test] INFO  server.RaftServerConfigKeys (ConfUtils.java:logGet(46)) - raft.server.leaderelection.leader.step-down.wait-time = 10s (default)
2023-02-01 13:30:16,852 [Time-limited test] INFO  server.RaftServerConfigKeys (ConfUtils.java:logGet(46)) - raft.server.storage.dir = [/home/runner/work/ratis/ratis/ratis-test/target/test/data/ecd5beaa/MiniRaftClusterWithGrpc9adc73ec/s0] (custom)
2023-02-01 13:30:16,854 [Time-limited test] INFO  server.RaftServer (RaftServerProxy.java:addNew(99)) - s0: addNew group-30CF79431F65:[s0|rpc:localhost:40279|admin:localhost:42953|client:localhost:45497|dataStream:localhost:37411|priority:0|startupRole:FOLLOWER] returns group-30CF79431F65:java.util.concurrent.CompletableFuture@29a06178[Not completed]
2023-02-01 13:30:16,854 [pool-14-thread-1] INFO  server.RaftServerConfigKeys (ConfUtils.java:logGet(46)) - raft.server.log.segment.size.max = 8MB (=8388608) (default)
2023-02-01 13:30:16,854 [pool-14-thread-1] INFO  server.RaftServerConfigKeys (ConfUtils.java:logGet(46)) - raft.server.log.preallocated.size = 4MB (=4194304) (default)
2023-02-01 13:30:16,855 [pool-14-thread-1] INFO  server.RaftServerConfigKeys (ConfUtils.java:logGet(46)) - raft.server.log.write.buffer.size = 64KB (=65536) (default)
2023-02-01 13:30:16,855 [pool-14-thread-1] INFO  server.RaftServer$Division (RaftServerImpl.java:<init>(198)) - s0: new RaftServerImpl for group-30CF79431F65:[s0|rpc:localhost:40279|admin:localhost:42953|client:localhost:45497|dataStream:localhost:37411|priority:0|startupRole:FOLLOWER] with StateMachineWithSeparatedSnapshotPath:uninitialized
2023-02-01 13:30:16,855 [pool-14-thread-1] INFO  server.RaftServerConfigKeys (ConfUtils.java:logGet(46)) - raft.server.rpc.timeout.min = 150ms (default)
2023-02-01 13:30:16,855 [pool-14-thread-1] INFO  server.RaftServerConfigKeys (ConfUtils.java:logGet(46)) - raft.server.rpc.timeout.max = 300ms (default)
2023-02-01 13:30:16,855 [pool-14-thread-1] INFO  server.RaftServerConfigKeys (ConfUtils.java:logGet(46)) - raft.server.rpc.sleep.time = 25ms (default)
2023-02-01 13:30:16,855 [pool-14-thread-1] INFO  server.RaftServerConfigKeys (ConfUtils.java:logGet(46)) - raft.server.rpc.slowness.timeout = 60s (default)
2023-02-01 13:30:16,855 [pool-14-thread-1] INFO  server.RaftServerConfigKeys (ConfUtils.java:logGet(46)) - raft.server.leaderelection.leader.step-down.wait-time = 10s (default)
2023-02-01 13:30:16,855 [pool-14-thread-1] INFO  server.RaftServerConfigKeys (ConfUtils.java:logGet(46)) - raft.server.sleep.deviation.threshold = 300ms (default)
2023-02-01 13:30:16,856 [pool-14-thread-1] INFO  server.RaftServer$Division (ServerState.java:<init>(113)) - s0@group-30CF79431F65: ConfigurationManager, init=-1: peers:[s0|rpc:localhost:40279|admin:localhost:42953|client:localhost:45497|dataStream:localhost:37411|priority:0|startupRole:FOLLOWER]|listeners:[], old=null, confs=<EMPTY_MAP>
2023-02-01 13:30:16,856 [pool-14-thread-1] INFO  server.RaftServerConfigKeys (ConfUtils.java:logGet(46)) - raft.server.notification.no-leader.timeout = 60s (default)
2023-02-01 13:30:16,856 [pool-14-thread-1] INFO  server.RaftServerConfigKeys (ConfUtils.java:logGet(46)) - raft.server.read.timeout = 10s (default)
2023-02-01 13:30:16,856 [pool-14-thread-1] INFO  server.RaftServerConfigKeys (ConfUtils.java:logGet(46)) - raft.server.retrycache.expirytime = 60s (default)
2023-02-01 13:30:16,856 [pool-14-thread-1] INFO  server.RaftServerConfigKeys (ConfUtils.java:logGet(46)) - raft.server.retrycache.statistics.expirytime = 100μs (default)
2023-02-01 13:30:16,856 [pool-14-thread-1] INFO  server.RaftServerConfigKeys (ConfUtils.java:logGet(46)) - raft.server.read.option = DEFAULT (default)
2023-02-01 13:30:16,857 [pool-14-thread-1] INFO  server.RaftServerConfigKeys (ConfUtils.java:logGet(46)) - raft.server.log.appender.install.snapshot.enabled = true (default)
2023-02-01 13:30:16,858 [pool-14-thread-1] INFO  server.RaftServerConfigKeys (ConfUtils.java:logGet(46)) - raft.server.threadpool.server.cached = true (default)
2023-02-01 13:30:16,858 [pool-14-thread-1] INFO  server.RaftServerConfigKeys (ConfUtils.java:logGet(46)) - raft.server.threadpool.server.size = 0 (default)
2023-02-01 13:30:16,858 [pool-14-thread-1] INFO  server.RaftServerConfigKeys (ConfUtils.java:logGet(46)) - raft.server.threadpool.client.cached = true (default)
2023-02-01 13:30:16,858 [pool-14-thread-1] INFO  server.RaftServerConfigKeys (ConfUtils.java:logGet(46)) - raft.server.threadpool.client.size = 0 (default)
2023-02-01 13:30:16,858 [s0-impl-thread1] INFO  server.RaftServerConfigKeys (ConfUtils.java:logGet(46)) - raft.server.storage.free-space.min = 0MB (=0) (default)
2023-02-01 13:30:16,858 [s0-impl-thread1] INFO  server.RaftServerConfigKeys (ConfUtils.java:logGet(46)) - raft.server.log.corruption.policy = EXCEPTION (default)
2023-02-01 13:30:16,858 [s0-impl-thread1] INFO  server.RaftServerConfigKeys (ConfUtils.java:logGet(46)) - raft.server.storage.dir = [/home/runner/work/ratis/ratis/ratis-test/target/test/data/ecd5beaa/MiniRaftClusterWithGrpc9adc73ec/s0] (custom)
2023-02-01 13:30:16,858 [s0-impl-thread1] INFO  storage.RaftStorageDirectory (RaftStorageDirectoryImpl.java:analyzeStorage(138)) - The storage directory /home/runner/work/ratis/ratis/ratis-test/target/test/data/ecd5beaa/MiniRaftClusterWithGrpc9adc73ec/s0/f8f04157-cc6a-4875-b2a3-30cf79431f65 does not exist. Creating ...
2023-02-01 13:30:16,859 [s0-impl-thread1] TRACE util.FileUtils (LogUtils.java:runAndLog(49)) - Successfully ran Files.createDirectories /home/runner/work/ratis/ratis/ratis-test/target/test/data/ecd5beaa/MiniRaftClusterWithGrpc9adc73ec/s0/f8f04157-cc6a-4875-b2a3-30cf79431f65
2023-02-01 13:30:16,860 [s0-impl-thread1] INFO  storage.RaftStorageDirectory (RaftStorageDirectoryImpl.java:tryLock(232)) - Lock on /home/runner/work/ratis/ratis/ratis-test/target/test/data/ecd5beaa/MiniRaftClusterWithGrpc9adc73ec/s0/f8f04157-cc6a-4875-b2a3-30cf79431f65/in_use.lock acquired by nodename 19321@fv-az82-241
2023-02-01 13:30:16,860 [s0-impl-thread1] TRACE util.FileUtils (LogUtils.java:runAndLog(49)) - Successfully ran Files.createDirectories /home/runner/work/ratis/ratis/ratis-test/target/test/data/ecd5beaa/MiniRaftClusterWithGrpc9adc73ec/s0/f8f04157-cc6a-4875-b2a3-30cf79431f65/current
2023-02-01 13:30:16,860 [s0-impl-thread1] TRACE util.FileUtils (LogUtils.java:runAndLog(49)) - Successfully ran Files.createDirectories /home/runner/work/ratis/ratis/ratis-test/target/test/data/ecd5beaa/MiniRaftClusterWithGrpc9adc73ec/s0/f8f04157-cc6a-4875-b2a3-30cf79431f65/sm
2023-02-01 13:30:16,862 [s0-impl-thread1] INFO  storage.RaftStorage (RaftStorageImpl.java:format(96)) - Storage directory /home/runner/work/ratis/ratis/ratis-test/target/test/data/ecd5beaa/MiniRaftClusterWithGrpc9adc73ec/s0/f8f04157-cc6a-4875-b2a3-30cf79431f65 has been successfully formatted.
2023-02-01 13:30:16,862 [s0-impl-thread1] INFO  impl.SimpleStateMachine4Testing (SimpleStateMachine4Testing.java:initialize(213)) - Initializing StateMachineWithSeparatedSnapshotPath:uninitialized
2023-02-01 13:30:16,862 [s0-impl-thread1] INFO  impl.SimpleStateMachine4Testing (SimpleStateMachine4Testing.java:loadSnapshot(293)) - Loading snapshot null
2023-02-01 13:30:16,862 [s0-impl-thread1] TRACE util.FileUtils (FileUtils.java:deleteFully(201)) - deleteFully /tmp/ratis-tests/statemachine/s0
2023-02-01 13:30:16,863 [s0-impl-thread1] TRACE util.FileUtils (LogUtils.java:runAndLog(49)) - Successfully ran Files.delete /tmp/ratis-tests/statemachine/s0/snapshot/1_127/deer
2023-02-01 13:30:16,863 [s0-impl-thread1] TRACE util.FileUtils (LogUtils.java:runAndLog(49)) - Successfully ran Files.delete /tmp/ratis-tests/statemachine/s0/snapshot/1_127/loves
2023-02-01 13:30:16,863 [s0-impl-thread1] TRACE util.FileUtils (LogUtils.java:runAndLog(49)) - Successfully ran Files.delete /tmp/ratis-tests/statemachine/s0/snapshot/1_127/vegetable
2023-02-01 13:30:16,863 [s0-impl-thread1] TRACE util.FileUtils (LogUtils.java:runAndLog(49)) - Successfully ran Files.delete /tmp/ratis-tests/statemachine/s0/snapshot/1_127
2023-02-01 13:30:16,863 [s0-impl-thread1] TRACE util.FileUtils (LogUtils.java:runAndLog(49)) - Successfully ran Files.delete /tmp/ratis-tests/statemachine/s0/snapshot/1_63/deer
2023-02-01 13:30:16,863 [s0-impl-thread1] TRACE util.FileUtils (LogUtils.java:runAndLog(49)) - Successfully ran Files.delete /tmp/ratis-tests/statemachine/s0/snapshot/1_63/loves
2023-02-01 13:30:16,863 [s0-impl-thread1] TRACE util.FileUtils (LogUtils.java:runAndLog(49)) - Successfully ran Files.delete /tmp/ratis-tests/statemachine/s0/snapshot/1_63/vegetable
2023-02-01 13:30:16,864 [s0-impl-thread1] TRACE util.FileUtils (LogUtils.java:runAndLog(49)) - Successfully ran Files.delete /tmp/ratis-tests/statemachine/s0/snapshot/1_63
2023-02-01 13:30:16,864 [s0-impl-thread1] TRACE util.FileUtils (LogUtils.java:runAndLog(49)) - Successfully ran Files.delete /tmp/ratis-tests/statemachine/s0/snapshot/1_255/deer
2023-02-01 13:30:16,864 [s0-impl-thread1] TRACE util.FileUtils (LogUtils.java:runAndLog(49)) - Successfully ran Files.delete /tmp/ratis-tests/statemachine/s0/snapshot/1_255/loves
2023-02-01 13:30:16,864 [s0-impl-thread1] TRACE util.FileUtils (LogUtils.java:runAndLog(49)) - Successfully ran Files.delete /tmp/ratis-tests/statemachine/s0/snapshot/1_255/vegetable
2023-02-01 13:30:16,864 [s0-impl-thread1] TRACE util.FileUtils (LogUtils.java:runAndLog(49)) - Successfully ran Files.delete /tmp/ratis-tests/statemachine/s0/snapshot/1_255
2023-02-01 13:30:16,864 [s0-impl-thread1] TRACE util.FileUtils (LogUtils.java:runAndLog(49)) - Successfully ran Files.delete /tmp/ratis-tests/statemachine/s0/snapshot/1_191/deer
2023-02-01 13:30:16,865 [s0-impl-thread1] TRACE util.FileUtils (LogUtils.java:runAndLog(49)) - Successfully ran Files.delete /tmp/ratis-tests/statemachine/s0/snapshot/1_191/loves
2023-02-01 13:30:16,865 [s0-impl-thread1] TRACE util.FileUtils (LogUtils.java:runAndLog(49)) - Successfully ran Files.delete /tmp/ratis-tests/statemachine/s0/snapshot/1_191/vegetable
2023-02-01 13:30:16,865 [s0-impl-thread1] TRACE util.FileUtils (LogUtils.java:runAndLog(49)) - Successfully ran Files.delete /tmp/ratis-tests/statemachine/s0/snapshot/1_191
2023-02-01 13:30:16,865 [s0-impl-thread1] TRACE util.FileUtils (LogUtils.java:runAndLog(49)) - Successfully ran Files.delete /tmp/ratis-tests/statemachine/s0/snapshot/1_258/deer
2023-02-01 13:30:16,865 [s0-impl-thread1] TRACE util.FileUtils (LogUtils.java:runAndLog(49)) - Successfully ran Files.delete /tmp/ratis-tests/statemachine/s0/snapshot/1_258/loves
2023-02-01 13:30:16,865 [s0-impl-thread1] TRACE util.FileUtils (LogUtils.java:runAndLog(49)) - Successfully ran Files.delete /tmp/ratis-tests/statemachine/s0/snapshot/1_258/vegetable
2023-02-01 13:30:16,866 [s0-impl-thread1] TRACE util.FileUtils (LogUtils.java:runAndLog(49)) - Successfully ran Files.delete /tmp/ratis-tests/statemachine/s0/snapshot/1_258
2023-02-01 13:30:16,866 [s0-impl-thread1] TRACE util.FileUtils (LogUtils.java:runAndLog(49)) - Successfully ran Files.delete /tmp/ratis-tests/statemachine/s0/snapshot
2023-02-01 13:30:16,866 [s0-impl-thread1] TRACE util.FileUtils (LogUtils.java:runAndLog(49)) - Successfully ran Files.delete /tmp/ratis-tests/statemachine/s0/tmp
2023-02-01 13:30:16,866 [s0-impl-thread1] TRACE util.FileUtils (LogUtils.java:runAndLog(49)) - Successfully ran Files.delete /tmp/ratis-tests/statemachine/s0
2023-02-01 13:30:16,866 [s0-impl-thread1] INFO  server.RaftServerConfigKeys (ConfUtils.java:logGet(46)) - raft.server.log.use.memory = false (default)
2023-02-01 13:30:16,866 [s0-impl-thread1] INFO  server.RaftServerConfigKeys (ConfUtils.java:logGet(46)) - raft.server.log.purge.gap = 8 (custom)
2023-02-01 13:30:16,867 [s0-impl-thread1] INFO  server.RaftServerConfigKeys (ConfUtils.java:logGet(46)) - raft.server.log.appender.buffer.byte-limit = 4MB (=4194304) (default)
2023-02-01 13:30:16,867 [s0-impl-thread1] INFO  server.RaftServerConfigKeys (ConfUtils.java:logGet(46)) - raft.server.log.statemachine.data.read.timeout = 1000ms (default)
2023-02-01 13:30:16,867 [s0-impl-thread1] INFO  server.RaftServerConfigKeys (ConfUtils.java:logGet(46)) - raft.server.log.purge.preservation.log.num = 0 (default)
2023-02-01 13:30:16,867 [s0-impl-thread1] INFO  server.RaftServerConfigKeys (ConfUtils.java:logGet(46)) - raft.server.log.segment.size.max = 8MB (=8388608) (default)
2023-02-01 13:30:16,868 [s0-impl-thread1] INFO  server.RaftServerConfigKeys (ConfUtils.java:logGet(46)) - raft.server.log.segment.cache.num.max = 6 (default)
2023-02-01 13:30:16,868 [s0-impl-thread1] INFO  server.RaftServerConfigKeys (ConfUtils.java:logGet(46)) - raft.server.log.segment.cache.size.max = 200MB (=209715200) (default)
2023-02-01 13:30:16,868 [s0-impl-thread1] INFO  segmented.SegmentedRaftLogWorker (SegmentedRaftLogWorker.java:<init>(184)) - new s0@group-30CF79431F65-SegmentedRaftLogWorker for RaftStorageImpl:Storage Directory /home/runner/work/ratis/ratis/ratis-test/target/test/data/ecd5beaa/MiniRaftClusterWithGrpc9adc73ec/s0/f8f04157-cc6a-4875-b2a3-30cf79431f65
2023-02-01 13:30:16,868 [s0-impl-thread1] INFO  server.RaftServerConfigKeys (ConfUtils.java:logGet(46)) - raft.server.log.queue.byte-limit = 64MB (=67108864) (default)
2023-02-01 13:30:16,868 [s0-impl-thread1] INFO  server.RaftServerConfigKeys (ConfUtils.java:logGet(46)) - raft.server.log.queue.element-limit = 4096 (default)
2023-02-01 13:30:16,868 [s0-impl-thread1] INFO  server.RaftServerConfigKeys (ConfUtils.java:logGet(46)) - raft.server.log.segment.size.max = 8MB (=8388608) (default)
2023-02-01 13:30:16,868 [s0-impl-thread1] INFO  server.RaftServerConfigKeys (ConfUtils.java:logGet(46)) - raft.server.log.preallocated.size = 4MB (=4194304) (default)
2023-02-01 13:30:16,868 [s0-impl-thread1] INFO  server.RaftServerConfigKeys (ConfUtils.java:logGet(46)) - raft.server.log.force.sync.num = 128 (default)
2023-02-01 13:30:16,868 [s0-impl-thread1] INFO  server.RaftServerConfigKeys (ConfUtils.java:logGet(46)) - raft.server.log.statemachine.data.sync = true (default)
2023-02-01 13:30:16,868 [s0-impl-thread1] INFO  server.RaftServerConfigKeys (ConfUtils.java:logGet(46)) - raft.server.log.statemachine.data.sync.timeout = 10s (default)
2023-02-01 13:30:16,869 [s0-impl-thread1] INFO  server.RaftServerConfigKeys (ConfUtils.java:logGet(46)) - raft.server.log.statemachine.data.sync.timeout.retry = -1 (default)
2023-02-01 13:30:16,869 [s0-impl-thread1] INFO  server.RaftServerConfigKeys (ConfUtils.java:logGet(46)) - raft.server.log.write.buffer.size = 64KB (=65536) (default)
2023-02-01 13:30:16,869 [s0-impl-thread1] INFO  server.RaftServerConfigKeys (ConfUtils.java:logGet(46)) - raft.server.log.appender.buffer.byte-limit = 4MB (=4194304) (default)
2023-02-01 13:30:16,870 [s0-impl-thread1] INFO  server.RaftServerConfigKeys (ConfUtils.java:logGet(46)) - raft.server.log.unsafe-flush.enabled = false (default)
2023-02-01 13:30:16,870 [s0-impl-thread1] INFO  server.RaftServerConfigKeys (ConfUtils.java:logGet(46)) - raft.server.log.async-flush.enabled = false (default)
2023-02-01 13:30:16,870 [s0-impl-thread1] INFO  server.RaftServerConfigKeys (ConfUtils.java:logGet(46)) - raft.server.log.statemachine.data.caching.enabled = false (default)
2023-02-01 13:30:16,870 [s0-impl-thread1] INFO  segmented.SegmentedRaftLogWorker (SegmentedRaftLogWorker.java:lambda$new$0(134)) - s0@group-30CF79431F65-SegmentedRaftLogWorker: flushIndex: setUnconditionally 0 -> -1
2023-02-01 13:30:16,870 [s0-impl-thread1] INFO  segmented.SegmentedRaftLogWorker (SegmentedRaftLogWorker.java:lambda$new$0(134)) - s0@group-30CF79431F65-SegmentedRaftLogWorker: safeCacheEvictIndex: setUnconditionally 0 -> -1
2023-02-01 13:30:16,870 [s0-impl-thread1] INFO  server.RaftServer$Division (RaftServerImpl.java:start(338)) - s0@group-30CF79431F65: start as a follower, conf=-1: peers:[s0|rpc:localhost:40279|admin:localhost:42953|client:localhost:45497|dataStream:localhost:37411|priority:0|startupRole:FOLLOWER]|listeners:[], old=null
2023-02-01 13:30:16,871 [s0-impl-thread1] INFO  server.RaftServer$Division (RaftServerImpl.java:setRole(325)) - s0@group-30CF79431F65: changes role from      null to FOLLOWER at term 0 for startAsFollower
2023-02-01 13:30:16,871 [s0-impl-thread1] INFO  impl.RoleInfo (RoleInfo.java:updateAndGet(139)) - s0: start s0@group-30CF79431F65-FollowerState
2023-02-01 13:30:16,874 [s0-impl-thread1] INFO  util.JmxRegister (JmxRegister.java:tryRegister(44)) - Successfully registered JMX Bean with object name Ratis:service=RaftServer,group=group-30CF79431F65,id=s0
2023-02-01 13:30:16,874 [s0-impl-thread1] INFO  server.RaftServerConfigKeys (ConfUtils.java:logGet(46)) - raft.server.snapshot.auto.trigger.enabled = true (custom)
2023-02-01 13:30:16,874 [s0-impl-thread1] INFO  server.RaftServerConfigKeys (ConfUtils.java:logGet(46)) - raft.server.snapshot.auto.trigger.threshold = 64 (custom)
2023-02-01 13:30:16,874 [s0-impl-thread1] INFO  server.RaftServerConfigKeys (ConfUtils.java:logGet(46)) - raft.server.snapshot.retention.file.num = -1 (default)
2023-02-01 13:30:16,874 [s0-impl-thread1] INFO  server.RaftServerConfigKeys (ConfUtils.java:logGet(46)) - raft.server.log.purge.upto.snapshot.index = false (default)
2023-02-01 13:30:16,875 [s0@group-30CF79431F65-FollowerState] INFO  server.RaftServerConfigKeys (ConfUtils.java:logFallback(53)) - raft.server.rpc.first-election.timeout.min = 150ms (fallback to raft.server.rpc.timeout.min)
2023-02-01 13:30:16,875 [s0@group-30CF79431F65-FollowerState] INFO  server.RaftServerConfigKeys (ConfUtils.java:logFallback(53)) - raft.server.rpc.first-election.timeout.max = 300ms (fallback to raft.server.rpc.timeout.max)
2023-02-01 13:30:16,882 [Time-limited test] INFO  server.RaftServer (RaftServerProxy.java:startImpl(396)) - s0: start RPC server
2023-02-01 13:30:16,887 [Time-limited test] INFO  server.GrpcService (GrpcService.java:startImpl(302)) - s0: GrpcService started, listening on 45497
2023-02-01 13:30:16,888 [Time-limited test] INFO  server.GrpcService (GrpcService.java:startImpl(302)) - s0: GrpcService started, listening on 40279
2023-02-01 13:30:16,888 [Time-limited test] INFO  server.GrpcService (GrpcService.java:startImpl(302)) - s0: GrpcService started, listening on 42953
2023-02-01 13:30:16,889 [JvmPauseMonitor9] INFO  util.JvmPauseMonitor (JvmPauseMonitor.java:run(105)) - JvmPauseMonitor-s0: Started
2023-02-01 13:30:16,889 [Time-limited test] INFO  server.RaftServerConfigKeys (ConfUtils.java:logGet(46)) - raft.server.rpc.timeout.max = 300ms (default)
2023-02-01 13:30:16,890 [Time-limited test] INFO  ratis.RaftTestUtil (RaftTestUtil.java:waitForLeader(100)) - printing ALL groups
  s0:  RUNNING  FOLLOWER s0@group-30CF79431F65:t0, leader=null, voted=, raftlog=Memoized:s0@group-30CF79431F65-SegmentedRaftLog:OPENED:c-1, conf=-1: peers:[s0|rpc:localhost:40279|admin:localhost:42953|client:localhost:45497|dataStream:localhost:37411|priority:0|startupRole:FOLLOWER]|listeners:[], old=null RUNNING
2023-02-01 13:30:16,890 [Time-limited test] WARN  ratis.RaftTestUtil (JavaUtils.java:attempt(217)) - FAILED "waitForLeader-null-(expectLeader? true)", attempt #1/100: java.lang.IllegalStateException: No leader yet : printing ALL groups
  s0:  RUNNING  FOLLOWER s0@group-30CF79431F65:t0, leader=null, voted=, raftlog=Memoized:s0@group-30CF79431F65-SegmentedRaftLog:OPENED:c-1, conf=-1: peers:[s0|rpc:localhost:40279|admin:localhost:42953|client:localhost:45497|dataStream:localhost:37411|priority:0|startupRole:FOLLOWER]|listeners:[], old=null RUNNING, sleep 450ms and then retry.
java.lang.IllegalStateException: No leader yet : printing ALL groups
  s0:  RUNNING  FOLLOWER s0@group-30CF79431F65:t0, leader=null, voted=, raftlog=Memoized:s0@group-30CF79431F65-SegmentedRaftLog:OPENED:c-1, conf=-1: peers:[s0|rpc:localhost:40279|admin:localhost:42953|client:localhost:45497|dataStream:localhost:37411|priority:0|startupRole:FOLLOWER]|listeners:[], old=null RUNNING
	at org.apache.ratis.server.impl.MiniRaftCluster.newIllegalStateExceptionForNoLeaders(MiniRaftCluster.java:581)
	at org.apache.ratis.RaftTestUtil.lambda$waitForLeader$1(RaftTestUtil.java:104)
	at org.apache.ratis.server.impl.MiniRaftCluster.getLeader(MiniRaftCluster.java:615)
	at org.apache.ratis.server.impl.MiniRaftCluster.getLeader(MiniRaftCluster.java:608)
	at org.apache.ratis.RaftTestUtil.lambda$waitForLeader$3(RaftTestUtil.java:112)
	at org.apache.ratis.util.JavaUtils.attempt(JavaUtils.java:211)
	at org.apache.ratis.util.JavaUtils.attemptRepeatedly(JavaUtils.java:197)
	at org.apache.ratis.RaftTestUtil.waitForLeader(RaftTestUtil.java:111)
	at org.apache.ratis.RaftTestUtil.waitForLeader(RaftTestUtil.java:92)
	at org.apache.ratis.RaftTestUtil.waitForLeader(RaftTestUtil.java:87)
	at org.apache.ratis.InstallSnapshotFromLeaderTests.testMultiFileInstallSnapshot(InstallSnapshotFromLeaderTests.java:92)
	at org.apache.ratis.server.impl.MiniRaftCluster$Factory$Get.runWithNewCluster(MiniRaftCluster.java:141)
	at org.apache.ratis.server.impl.MiniRaftCluster$Factory$Get.runWithNewCluster(MiniRaftCluster.java:121)
	at org.apache.ratis.InstallSnapshotFromLeaderTests.testSeparateSnapshotInstallPath(InstallSnapshotFromLeaderTests.java:86)
	at java.base/jdk.internal.reflect.NativeMethodAccessorImpl.invoke0(Native Method)
	at java.base/jdk.internal.reflect.NativeMethodAccessorImpl.invoke(NativeMethodAccessorImpl.java:62)
	at java.base/jdk.internal.reflect.DelegatingMethodAccessorImpl.invoke(DelegatingMethodAccessorImpl.java:43)
	at java.base/java.lang.reflect.Method.invoke(Method.java:566)
	at org.junit.runners.model.FrameworkMethod$1.runReflectiveCall(FrameworkMethod.java:59)
	at org.junit.internal.runners.model.ReflectiveCallable.run(ReflectiveCallable.java:12)
	at org.junit.runners.model.FrameworkMethod.invokeExplosively(FrameworkMethod.java:56)
	at org.junit.internal.runners.statements.InvokeMethod.evaluate(InvokeMethod.java:17)
	at org.junit.internal.runners.statements.RunAfters.evaluate(RunAfters.java:27)
	at org.junit.internal.runners.statements.FailOnTimeout$CallableStatement.call(FailOnTimeout.java:299)
	at org.junit.internal.runners.statements.FailOnTimeout$CallableStatement.call(FailOnTimeout.java:293)
	at java.base/java.util.concurrent.FutureTask.run(FutureTask.java:264)
	at java.base/java.lang.Thread.run(Thread.java:829)
2023-02-01 13:30:17,169 [s0@group-30CF79431F65-FollowerState] INFO  impl.FollowerState (FollowerState.java:run(143)) - s0@group-30CF79431F65-FollowerState: change to CANDIDATE, lastRpcElapsedTime:298592322ns, electionTimeout:294ms
2023-02-01 13:30:17,170 [s0@group-30CF79431F65-FollowerState] INFO  impl.RoleInfo (RoleInfo.java:shutdownFollowerState(110)) - s0: shutdown s0@group-30CF79431F65-FollowerState
2023-02-01 13:30:17,170 [s0@group-30CF79431F65-FollowerState] INFO  server.RaftServer$Division (RaftServerImpl.java:setRole(325)) - s0@group-30CF79431F65: changes role from  FOLLOWER to CANDIDATE at term 0 for changeToCandidate
2023-02-01 13:30:17,170 [s0@group-30CF79431F65-FollowerState] INFO  server.RaftServerConfigKeys (ConfUtils.java:logGet(46)) - raft.server.leaderelection.pre-vote = true (default)
2023-02-01 13:30:17,170 [s0@group-30CF79431F65-FollowerState] INFO  impl.RoleInfo (RoleInfo.java:updateAndGet(139)) - s0: start s0@group-30CF79431F65-LeaderElection4
2023-02-01 13:30:17,174 [s0@group-30CF79431F65-LeaderElection4] INFO  impl.LeaderElection (LeaderElection.java:askForVotes(309)) - s0@group-30CF79431F65-LeaderElection4 PRE_VOTE round 0: submit vote requests at term 0 for -1: peers:[s0|rpc:localhost:40279|admin:localhost:42953|client:localhost:45497|dataStream:localhost:37411|priority:0|startupRole:FOLLOWER]|listeners:[], old=null
2023-02-01 13:30:17,176 [s0@group-30CF79431F65-LeaderElection4] INFO  impl.LeaderElection (LeaderElection.java:askForVotes(311)) - s0@group-30CF79431F65-LeaderElection4 PRE_VOTE round 0: result PASSED (term=0)
2023-02-01 13:30:17,183 [s0@group-30CF79431F65-LeaderElection4] INFO  impl.LeaderElection (LeaderElection.java:askForVotes(309)) - s0@group-30CF79431F65-LeaderElection4 ELECTION round 0: submit vote requests at term 1 for -1: peers:[s0|rpc:localhost:40279|admin:localhost:42953|client:localhost:45497|dataStream:localhost:37411|priority:0|startupRole:FOLLOWER]|listeners:[], old=null
2023-02-01 13:30:17,183 [s0@group-30CF79431F65-LeaderElection4] INFO  impl.LeaderElection (LeaderElection.java:askForVotes(311)) - s0@group-30CF79431F65-LeaderElection4 ELECTION round 0: result PASSED (term=1)
2023-02-01 13:30:17,183 [s0@group-30CF79431F65-LeaderElection4] INFO  impl.RoleInfo (RoleInfo.java:shutdownLeaderElection(130)) - s0: shutdown s0@group-30CF79431F65-LeaderElection4
2023-02-01 13:30:17,183 [s0@group-30CF79431F65-LeaderElection4] INFO  server.RaftServer$Division (RaftServerImpl.java:setRole(325)) - s0@group-30CF79431F65: changes role from CANDIDATE to LEADER at term 1 for changeToLeader
2023-02-01 13:30:17,183 [s0@group-30CF79431F65-LeaderElection4] INFO  server.RaftServer$Division (ServerState.java:setLeader(260)) - s0@group-30CF79431F65: change Leader from null to s0 at term 1 for becomeLeader, leader elected after 327ms
2023-02-01 13:30:17,189 [s0@group-30CF79431F65-LeaderElection4] INFO  server.RaftServerConfigKeys (ConfUtils.java:logGet(46)) - raft.server.staging.catchup.gap = 1000 (default)
2023-02-01 13:30:17,189 [s0@group-30CF79431F65-LeaderElection4] INFO  server.RaftServerConfigKeys (ConfUtils.java:logGet(46)) - raft.server.write.element-limit = 4096 (default)
2023-02-01 13:30:17,189 [s0@group-30CF79431F65-LeaderElection4] INFO  server.RaftServerConfigKeys (ConfUtils.java:logGet(46)) - raft.server.write.byte-limit = 64MB (=67108864) (default)
2023-02-01 13:30:17,189 [s0@group-30CF79431F65-LeaderElection4] INFO  server.RaftServerConfigKeys (ConfUtils.java:logGet(46)) - raft.server.watch.timeout = 10s (default)
2023-02-01 13:30:17,189 [s0@group-30CF79431F65-LeaderElection4] INFO  server.RaftServerConfigKeys (ConfUtils.java:logGet(46)) - raft.server.watch.timeout.denomination = 1s (default)
2023-02-01 13:30:17,190 [s0@group-30CF79431F65-LeaderElection4] INFO  server.RaftServerConfigKeys (ConfUtils.java:logGet(46)) - raft.server.watch.element-limit = 65536 (default)
2023-02-01 13:30:17,190 [s0@group-30CF79431F65-LeaderElection4] INFO  server.RaftServerConfigKeys (ConfUtils.java:logGet(46)) - raft.server.write.element-limit = 4096 (default)
2023-02-01 13:30:17,190 [s0@group-30CF79431F65-LeaderElection4] INFO  server.RaftServerConfigKeys (ConfUtils.java:logGet(46)) - raft.server.write.follower.gap.ratio.max = -1.0 (default)
2023-02-01 13:30:17,190 [s0@group-30CF79431F65-LeaderElection4] INFO  impl.RoleInfo (RoleInfo.java:updateAndGet(139)) - s0: start s0@group-30CF79431F65-LeaderStateImpl
2023-02-01 13:30:17,190 [s0@group-30CF79431F65-LeaderElection4] INFO  segmented.SegmentedRaftLogWorker (SegmentedRaftLogWorker.java:startLogSegment(431)) - s0@group-30CF79431F65-SegmentedRaftLogWorker: Starting segment from index:0
2023-02-01 13:30:17,194 [s0@group-30CF79431F65-LeaderElection4] INFO  server.RaftServer$Division (ServerState.java:setRaftConf(378)) - s0@group-30CF79431F65: set configuration 0: peers:[s0|rpc:localhost:40279|admin:localhost:42953|client:localhost:45497|dataStream:localhost:37411|priority:0|startupRole:FOLLOWER]|listeners:[], old=null
2023-02-01 13:30:17,205 [s0@group-30CF79431F65-SegmentedRaftLogWorker] INFO  segmented.SegmentedRaftLogWorker (SegmentedRaftLogWorker.java:execute(635)) - s0@group-30CF79431F65-SegmentedRaftLogWorker: created new log segment /home/runner/work/ratis/ratis/ratis-test/target/test/data/ecd5beaa/MiniRaftClusterWithGrpc9adc73ec/s0/f8f04157-cc6a-4875-b2a3-30cf79431f65/current/log_inprogress_0
2023-02-01 13:30:17,340 [Time-limited test] INFO  ratis.RaftTestUtil (RaftTestUtil.java:waitForLeader(119)) - printing ALL groups
  s0:  RUNNING    LEADER s0@group-30CF79431F65:t1, leader=s0, voted=s0, raftlog=Memoized:s0@group-30CF79431F65-SegmentedRaftLog:OPENED:c0, conf=0: peers:[s0|rpc:localhost:40279|admin:localhost:42953|client:localhost:45497|dataStream:localhost:37411|priority:0|startupRole:FOLLOWER]|listeners:[], old=null RUNNING
2023-02-01 13:30:17,361 [s0@group-30CF79431F65-StateMachineUpdater] INFO  impl.SimpleStateMachine4Testing (SimpleStateMachine4Testing.java:put(205)) - s0: put 1, m0 -> (t:1, i:1), STATEMACHINELOGENTRY, 387@client-044C7BE03BC2
2023-02-01 13:30:17,375 [s0@group-30CF79431F65-StateMachineUpdater] INFO  impl.SimpleStateMachine4Testing (SimpleStateMachine4Testing.java:put(205)) - s0: put 3, m1 -> (t:1, i:3), STATEMACHINELOGENTRY, 388@client-044C7BE03BC2
2023-02-01 13:30:17,383 [s0@group-30CF79431F65-StateMachineUpdater] INFO  impl.SimpleStateMachine4Testing (SimpleStateMachine4Testing.java:put(205)) - s0: put 5, m2 -> (t:1, i:5), STATEMACHINELOGENTRY, 389@client-044C7BE03BC2
2023-02-01 13:30:17,386 [s0@group-30CF79431F65-StateMachineUpdater] INFO  impl.SimpleStateMachine4Testing (SimpleStateMachine4Testing.java:put(205)) - s0: put 7, m3 -> (t:1, i:7), STATEMACHINELOGENTRY, 390@client-044C7BE03BC2
2023-02-01 13:30:17,389 [s0@group-30CF79431F65-StateMachineUpdater] INFO  impl.SimpleStateMachine4Testing (SimpleStateMachine4Testing.java:put(205)) - s0: put 9, m4 -> (t:1, i:9), STATEMACHINELOGENTRY, 391@client-044C7BE03BC2
2023-02-01 13:30:17,392 [s0@group-30CF79431F65-StateMachineUpdater] INFO  impl.SimpleStateMachine4Testing (SimpleStateMachine4Testing.java:put(205)) - s0: put 11, m5 -> (t:1, i:11), STATEMACHINELOGENTRY, 392@client-044C7BE03BC2
2023-02-01 13:30:17,397 [s0@group-30CF79431F65-StateMachineUpdater] INFO  impl.SimpleStateMachine4Testing (SimpleStateMachine4Testing.java:put(205)) - s0: put 13, m6 -> (t:1, i:13), STATEMACHINELOGENTRY, 393@client-044C7BE03BC2
2023-02-01 13:30:17,404 [s0@group-30CF79431F65-StateMachineUpdater] INFO  impl.SimpleStateMachine4Testing (SimpleStateMachine4Testing.java:put(205)) - s0: put 15, m7 -> (t:1, i:15), STATEMACHINELOGENTRY, 394@client-044C7BE03BC2
2023-02-01 13:30:17,407 [s0@group-30CF79431F65-StateMachineUpdater] INFO  impl.SimpleStateMachine4Testing (SimpleStateMachine4Testing.java:put(205)) - s0: put 17, m8 -> (t:1, i:17), STATEMACHINELOGENTRY, 395@client-044C7BE03BC2
2023-02-01 13:30:17,410 [s0@group-30CF79431F65-StateMachineUpdater] INFO  impl.SimpleStateMachine4Testing (SimpleStateMachine4Testing.java:put(205)) - s0: put 19, m9 -> (t:1, i:19), STATEMACHINELOGENTRY, 396@client-044C7BE03BC2
2023-02-01 13:30:17,413 [s0@group-30CF79431F65-StateMachineUpdater] INFO  impl.SimpleStateMachine4Testing (SimpleStateMachine4Testing.java:put(205)) - s0: put 21, m10 -> (t:1, i:21), STATEMACHINELOGENTRY, 397@client-044C7BE03BC2
2023-02-01 13:30:17,421 [s0@group-30CF79431F65-StateMachineUpdater] INFO  impl.SimpleStateMachine4Testing (SimpleStateMachine4Testing.java:put(205)) - s0: put 23, m11 -> (t:1, i:23), STATEMACHINELOGENTRY, 398@client-044C7BE03BC2
2023-02-01 13:30:17,425 [s0@group-30CF79431F65-StateMachineUpdater] INFO  impl.SimpleStateMachine4Testing (SimpleStateMachine4Testing.java:put(205)) - s0: put 25, m12 -> (t:1, i:25), STATEMACHINELOGENTRY, 399@client-044C7BE03BC2
2023-02-01 13:30:17,428 [s0@group-30CF79431F65-StateMachineUpdater] INFO  impl.SimpleStateMachine4Testing (SimpleStateMachine4Testing.java:put(205)) - s0: put 27, m13 -> (t:1, i:27), STATEMACHINELOGENTRY, 400@client-044C7BE03BC2
2023-02-01 13:30:17,435 [s0@group-30CF79431F65-StateMachineUpdater] INFO  impl.SimpleStateMachine4Testing (SimpleStateMachine4Testing.java:put(205)) - s0: put 29, m14 -> (t:1, i:29), STATEMACHINELOGENTRY, 401@client-044C7BE03BC2
2023-02-01 13:30:17,444 [s0@group-30CF79431F65-StateMachineUpdater] INFO  impl.SimpleStateMachine4Testing (SimpleStateMachine4Testing.java:put(205)) - s0: put 31, m15 -> (t:1, i:31), STATEMACHINELOGENTRY, 402@client-044C7BE03BC2
2023-02-01 13:30:17,448 [s0@group-30CF79431F65-StateMachineUpdater] INFO  impl.SimpleStateMachine4Testing (SimpleStateMachine4Testing.java:put(205)) - s0: put 33, m16 -> (t:1, i:33), STATEMACHINELOGENTRY, 403@client-044C7BE03BC2
2023-02-01 13:30:17,456 [s0@group-30CF79431F65-StateMachineUpdater] INFO  impl.SimpleStateMachine4Testing (SimpleStateMachine4Testing.java:put(205)) - s0: put 35, m17 -> (t:1, i:35), STATEMACHINELOGENTRY, 404@client-044C7BE03BC2
2023-02-01 13:30:17,459 [s0@group-30CF79431F65-StateMachineUpdater] INFO  impl.SimpleStateMachine4Testing (SimpleStateMachine4Testing.java:put(205)) - s0: put 37, m18 -> (t:1, i:37), STATEMACHINELOGENTRY, 405@client-044C7BE03BC2
2023-02-01 13:30:17,465 [s0@group-30CF79431F65-StateMachineUpdater] INFO  impl.SimpleStateMachine4Testing (SimpleStateMachine4Testing.java:put(205)) - s0: put 39, m19 -> (t:1, i:39), STATEMACHINELOGENTRY, 406@client-044C7BE03BC2
2023-02-01 13:30:17,471 [s0@group-30CF79431F65-StateMachineUpdater] INFO  impl.SimpleStateMachine4Testing (SimpleStateMachine4Testing.java:put(205)) - s0: put 41, m20 -> (t:1, i:41), STATEMACHINELOGENTRY, 407@client-044C7BE03BC2
2023-02-01 13:30:17,473 [s0@group-30CF79431F65-StateMachineUpdater] INFO  impl.SimpleStateMachine4Testing (SimpleStateMachine4Testing.java:put(205)) - s0: put 43, m21 -> (t:1, i:43), STATEMACHINELOGENTRY, 408@client-044C7BE03BC2
2023-02-01 13:30:17,477 [s0@group-30CF79431F65-StateMachineUpdater] INFO  impl.SimpleStateMachine4Testing (SimpleStateMachine4Testing.java:put(205)) - s0: put 45, m22 -> (t:1, i:45), STATEMACHINELOGENTRY, 409@client-044C7BE03BC2
2023-02-01 13:30:17,485 [s0@group-30CF79431F65-StateMachineUpdater] INFO  impl.SimpleStateMachine4Testing (SimpleStateMachine4Testing.java:put(205)) - s0: put 47, m23 -> (t:1, i:47), STATEMACHINELOGENTRY, 410@client-044C7BE03BC2
2023-02-01 13:30:17,489 [s0@group-30CF79431F65-StateMachineUpdater] INFO  impl.SimpleStateMachine4Testing (SimpleStateMachine4Testing.java:put(205)) - s0: put 49, m24 -> (t:1, i:49), STATEMACHINELOGENTRY, 411@client-044C7BE03BC2
2023-02-01 13:30:17,500 [s0@group-30CF79431F65-StateMachineUpdater] INFO  impl.SimpleStateMachine4Testing (SimpleStateMachine4Testing.java:put(205)) - s0: put 51, m25 -> (t:1, i:51), STATEMACHINELOGENTRY, 412@client-044C7BE03BC2
2023-02-01 13:30:17,506 [s0@group-30CF79431F65-StateMachineUpdater] INFO  impl.SimpleStateMachine4Testing (SimpleStateMachine4Testing.java:put(205)) - s0: put 53, m26 -> (t:1, i:53), STATEMACHINELOGENTRY, 413@client-044C7BE03BC2
2023-02-01 13:30:17,510 [s0@group-30CF79431F65-StateMachineUpdater] INFO  impl.SimpleStateMachine4Testing (SimpleStateMachine4Testing.java:put(205)) - s0: put 55, m27 -> (t:1, i:55), STATEMACHINELOGENTRY, 414@client-044C7BE03BC2
2023-02-01 13:30:17,515 [s0@group-30CF79431F65-StateMachineUpdater] INFO  impl.SimpleStateMachine4Testing (SimpleStateMachine4Testing.java:put(205)) - s0: put 57, m28 -> (t:1, i:57), STATEMACHINELOGENTRY, 415@client-044C7BE03BC2
2023-02-01 13:30:17,518 [s0@group-30CF79431F65-StateMachineUpdater] INFO  impl.SimpleStateMachine4Testing (SimpleStateMachine4Testing.java:put(205)) - s0: put 59, m29 -> (t:1, i:59), STATEMACHINELOGENTRY, 416@client-044C7BE03BC2
2023-02-01 13:30:17,528 [s0@group-30CF79431F65-StateMachineUpdater] INFO  impl.SimpleStateMachine4Testing (SimpleStateMachine4Testing.java:put(205)) - s0: put 61, m30 -> (t:1, i:61), STATEMACHINELOGENTRY, 417@client-044C7BE03BC2
2023-02-01 13:30:17,533 [s0@group-30CF79431F65-StateMachineUpdater] INFO  impl.SimpleStateMachine4Testing (SimpleStateMachine4Testing.java:put(205)) - s0: put 63, m31 -> (t:1, i:63), STATEMACHINELOGENTRY, 418@client-044C7BE03BC2
2023-02-01 13:30:17,533 [s0@group-30CF79431F65-StateMachineUpdater] TRACE util.FileUtils (FileUtils.java:deleteFully(201)) - deleteFully /tmp/ratis-tests/statemachine/s0/snapshot/1_63
2023-02-01 13:30:17,534 [s0@group-30CF79431F65-StateMachineUpdater] TRACE util.FileUtils (FileUtils.java:deleteFully(217)) - deleteFully: /tmp/ratis-tests/statemachine/s0/snapshot/1_63 does not exist.
2023-02-01 13:30:17,534 [s0@group-30CF79431F65-StateMachineUpdater] TRACE util.FileUtils (FileUtils.java:deleteFully(201)) - deleteFully /tmp/ratis-tests/statemachine/s0/tmp/f3e1c24f-cb26-4366-9413-8d748773c550
2023-02-01 13:30:17,534 [s0@group-30CF79431F65-StateMachineUpdater] TRACE util.FileUtils (FileUtils.java:deleteFully(217)) - deleteFully: /tmp/ratis-tests/statemachine/s0/tmp/f3e1c24f-cb26-4366-9413-8d748773c550 does not exist.
2023-02-01 13:30:17,534 [s0@group-30CF79431F65-StateMachineUpdater] TRACE util.FileUtils (LogUtils.java:runAndLog(49)) - Successfully ran Atomic Files.move /tmp/ratis-tests/statemachine/s0/tmp/f3e1c24f-cb26-4366-9413-8d748773c550 to /tmp/ratis-tests/statemachine/s0/snapshot/1_63
2023-02-01 13:30:17,534 [s0@group-30CF79431F65-StateMachineUpdater] INFO  impl.StateMachineUpdater (StateMachineUpdater.java:takeSnapshot(290)) - s0@group-30CF79431F65-StateMachineUpdater: Took a snapshot at index 63
2023-02-01 13:30:17,534 [s0@group-30CF79431F65-StateMachineUpdater] INFO  impl.StateMachineUpdater (StateMachineUpdater.java:lambda$new$0(96)) - s0@group-30CF79431F65-StateMachineUpdater: snapshotIndex: updateIncreasingly -1 -> 63
2023-02-01 13:30:17,534 [s0@group-30CF79431F65-StateMachineUpdater] INFO  raftlog.RaftLog (RaftLogBase.java:purge(314)) - s0@group-30CF79431F65-SegmentedRaftLog: purge 63
2023-02-01 13:30:17,534 [s0@group-30CF79431F65-StateMachineUpdater] INFO  raftlog.RaftLog (RaftLogBase.java:lambda$new$0(53)) - s0@group-30CF79431F65-SegmentedRaftLog: snapshotIndex: updateIncreasingly -1 -> 63
2023-02-01 13:30:17,535 [s0@group-30CF79431F65-StateMachineUpdater] INFO  raftlog.RaftLog (RaftLogBase.java:lambda$new$0(53)) - s0@group-30CF79431F65-SegmentedRaftLog: purgeIndex: updateToMax old=-1, new=63, updated? true
2023-02-01 13:30:17,538 [s0@group-30CF79431F65-StateMachineUpdater] INFO  impl.SimpleStateMachine4Testing (SimpleStateMachine4Testing.java:put(205)) - s0: put 65, m32 -> (t:1, i:65), STATEMACHINELOGENTRY, 419@client-044C7BE03BC2
2023-02-01 13:30:17,541 [s0@group-30CF79431F65-StateMachineUpdater] INFO  impl.SimpleStateMachine4Testing (SimpleStateMachine4Testing.java:put(205)) - s0: put 67, m33 -> (t:1, i:67), STATEMACHINELOGENTRY, 420@client-044C7BE03BC2
2023-02-01 13:30:17,544 [s0@group-30CF79431F65-StateMachineUpdater] INFO  impl.SimpleStateMachine4Testing (SimpleStateMachine4Testing.java:put(205)) - s0: put 69, m34 -> (t:1, i:69), STATEMACHINELOGENTRY, 421@client-044C7BE03BC2
2023-02-01 13:30:17,547 [s0@group-30CF79431F65-StateMachineUpdater] INFO  impl.SimpleStateMachine4Testing (SimpleStateMachine4Testing.java:put(205)) - s0: put 71, m35 -> (t:1, i:71), STATEMACHINELOGENTRY, 422@client-044C7BE03BC2
2023-02-01 13:30:17,550 [s0@group-30CF79431F65-StateMachineUpdater] INFO  impl.SimpleStateMachine4Testing (SimpleStateMachine4Testing.java:put(205)) - s0: put 73, m36 -> (t:1, i:73), STATEMACHINELOGENTRY, 423@client-044C7BE03BC2
2023-02-01 13:30:17,553 [s0@group-30CF79431F65-StateMachineUpdater] INFO  impl.SimpleStateMachine4Testing (SimpleStateMachine4Testing.java:put(205)) - s0: put 75, m37 -> (t:1, i:75), STATEMACHINELOGENTRY, 424@client-044C7BE03BC2
2023-02-01 13:30:17,567 [s0@group-30CF79431F65-StateMachineUpdater] INFO  impl.SimpleStateMachine4Testing (SimpleStateMachine4Testing.java:put(205)) - s0: put 77, m38 -> (t:1, i:77), STATEMACHINELOGENTRY, 425@client-044C7BE03BC2
2023-02-01 13:30:17,572 [s0@group-30CF79431F65-StateMachineUpdater] INFO  impl.SimpleStateMachine4Testing (SimpleStateMachine4Testing.java:put(205)) - s0: put 79, m39 -> (t:1, i:79), STATEMACHINELOGENTRY, 426@client-044C7BE03BC2
2023-02-01 13:30:17,577 [s0@group-30CF79431F65-StateMachineUpdater] INFO  impl.SimpleStateMachine4Testing (SimpleStateMachine4Testing.java:put(205)) - s0: put 81, m40 -> (t:1, i:81), STATEMACHINELOGENTRY, 427@client-044C7BE03BC2
2023-02-01 13:30:17,600 [s0@group-30CF79431F65-StateMachineUpdater] INFO  impl.SimpleStateMachine4Testing (SimpleStateMachine4Testing.java:put(205)) - s0: put 83, m41 -> (t:1, i:83), STATEMACHINELOGENTRY, 428@client-044C7BE03BC2
2023-02-01 13:30:17,604 [s0@group-30CF79431F65-StateMachineUpdater] INFO  impl.SimpleStateMachine4Testing (SimpleStateMachine4Testing.java:put(205)) - s0: put 85, m42 -> (t:1, i:85), STATEMACHINELOGENTRY, 429@client-044C7BE03BC2
2023-02-01 13:30:17,607 [s0@group-30CF79431F65-StateMachineUpdater] INFO  impl.SimpleStateMachine4Testing (SimpleStateMachine4Testing.java:put(205)) - s0: put 87, m43 -> (t:1, i:87), STATEMACHINELOGENTRY, 430@client-044C7BE03BC2
2023-02-01 13:30:17,609 [s0@group-30CF79431F65-StateMachineUpdater] INFO  impl.SimpleStateMachine4Testing (SimpleStateMachine4Testing.java:put(205)) - s0: put 89, m44 -> (t:1, i:89), STATEMACHINELOGENTRY, 431@client-044C7BE03BC2
2023-02-01 13:30:17,622 [s0@group-30CF79431F65-StateMachineUpdater] INFO  impl.SimpleStateMachine4Testing (SimpleStateMachine4Testing.java:put(205)) - s0: put 91, m45 -> (t:1, i:91), STATEMACHINELOGENTRY, 432@client-044C7BE03BC2
2023-02-01 13:30:17,625 [s0@group-30CF79431F65-StateMachineUpdater] INFO  impl.SimpleStateMachine4Testing (SimpleStateMachine4Testing.java:put(205)) - s0: put 93, m46 -> (t:1, i:93), STATEMACHINELOGENTRY, 433@client-044C7BE03BC2
2023-02-01 13:30:17,628 [s0@group-30CF79431F65-StateMachineUpdater] INFO  impl.SimpleStateMachine4Testing (SimpleStateMachine4Testing.java:put(205)) - s0: put 95, m47 -> (t:1, i:95), STATEMACHINELOGENTRY, 434@client-044C7BE03BC2
2023-02-01 13:30:17,636 [s0@group-30CF79431F65-StateMachineUpdater] INFO  impl.SimpleStateMachine4Testing (SimpleStateMachine4Testing.java:put(205)) - s0: put 97, m48 -> (t:1, i:97), STATEMACHINELOGENTRY, 435@client-044C7BE03BC2
2023-02-01 13:30:17,639 [s0@group-30CF79431F65-StateMachineUpdater] INFO  impl.SimpleStateMachine4Testing (SimpleStateMachine4Testing.java:put(205)) - s0: put 99, m49 -> (t:1, i:99), STATEMACHINELOGENTRY, 436@client-044C7BE03BC2
2023-02-01 13:30:17,642 [s0@group-30CF79431F65-StateMachineUpdater] INFO  impl.SimpleStateMachine4Testing (SimpleStateMachine4Testing.java:put(205)) - s0: put 101, m50 -> (t:1, i:101), STATEMACHINELOGENTRY, 437@client-044C7BE03BC2
2023-02-01 13:30:17,645 [s0@group-30CF79431F65-StateMachineUpdater] INFO  impl.SimpleStateMachine4Testing (SimpleStateMachine4Testing.java:put(205)) - s0: put 103, m51 -> (t:1, i:103), STATEMACHINELOGENTRY, 438@client-044C7BE03BC2
2023-02-01 13:30:17,648 [s0@group-30CF79431F65-StateMachineUpdater] INFO  impl.SimpleStateMachine4Testing (SimpleStateMachine4Testing.java:put(205)) - s0: put 105, m52 -> (t:1, i:105), STATEMACHINELOGENTRY, 439@client-044C7BE03BC2
2023-02-01 13:30:17,654 [s0@group-30CF79431F65-StateMachineUpdater] INFO  impl.SimpleStateMachine4Testing (SimpleStateMachine4Testing.java:put(205)) - s0: put 107, m53 -> (t:1, i:107), STATEMACHINELOGENTRY, 440@client-044C7BE03BC2
2023-02-01 13:30:17,663 [s0@group-30CF79431F65-StateMachineUpdater] INFO  impl.SimpleStateMachine4Testing (SimpleStateMachine4Testing.java:put(205)) - s0: put 109, m54 -> (t:1, i:109), STATEMACHINELOGENTRY, 441@client-044C7BE03BC2
2023-02-01 13:30:17,668 [s0@group-30CF79431F65-StateMachineUpdater] INFO  impl.SimpleStateMachine4Testing (SimpleStateMachine4Testing.java:put(205)) - s0: put 111, m55 -> (t:1, i:111), STATEMACHINELOGENTRY, 442@client-044C7BE03BC2
2023-02-01 13:30:17,677 [s0@group-30CF79431F65-StateMachineUpdater] INFO  impl.SimpleStateMachine4Testing (SimpleStateMachine4Testing.java:put(205)) - s0: put 113, m56 -> (t:1, i:113), STATEMACHINELOGENTRY, 443@client-044C7BE03BC2
2023-02-01 13:30:17,680 [s0@group-30CF79431F65-StateMachineUpdater] INFO  impl.SimpleStateMachine4Testing (SimpleStateMachine4Testing.java:put(205)) - s0: put 115, m57 -> (t:1, i:115), STATEMACHINELOGENTRY, 444@client-044C7BE03BC2
2023-02-01 13:30:17,683 [s0@group-30CF79431F65-StateMachineUpdater] INFO  impl.SimpleStateMachine4Testing (SimpleStateMachine4Testing.java:put(205)) - s0: put 117, m58 -> (t:1, i:117), STATEMACHINELOGENTRY, 445@client-044C7BE03BC2
2023-02-01 13:30:17,685 [s0@group-30CF79431F65-StateMachineUpdater] INFO  impl.SimpleStateMachine4Testing (SimpleStateMachine4Testing.java:put(205)) - s0: put 119, m59 -> (t:1, i:119), STATEMACHINELOGENTRY, 446@client-044C7BE03BC2
2023-02-01 13:30:17,689 [s0@group-30CF79431F65-StateMachineUpdater] INFO  impl.SimpleStateMachine4Testing (SimpleStateMachine4Testing.java:put(205)) - s0: put 121, m60 -> (t:1, i:121), STATEMACHINELOGENTRY, 447@client-044C7BE03BC2
2023-02-01 13:30:17,692 [s0@group-30CF79431F65-StateMachineUpdater] INFO  impl.SimpleStateMachine4Testing (SimpleStateMachine4Testing.java:put(205)) - s0: put 123, m61 -> (t:1, i:123), STATEMACHINELOGENTRY, 448@client-044C7BE03BC2
2023-02-01 13:30:17,694 [s0@group-30CF79431F65-StateMachineUpdater] INFO  impl.SimpleStateMachine4Testing (SimpleStateMachine4Testing.java:put(205)) - s0: put 125, m62 -> (t:1, i:125), STATEMACHINELOGENTRY, 449@client-044C7BE03BC2
2023-02-01 13:30:17,708 [s0@group-30CF79431F65-StateMachineUpdater] INFO  impl.SimpleStateMachine4Testing (SimpleStateMachine4Testing.java:put(205)) - s0: put 127, m63 -> (t:1, i:127), STATEMACHINELOGENTRY, 450@client-044C7BE03BC2
2023-02-01 13:30:17,708 [s0@group-30CF79431F65-StateMachineUpdater] TRACE util.FileUtils (FileUtils.java:deleteFully(201)) - deleteFully /tmp/ratis-tests/statemachine/s0/snapshot/1_127
2023-02-01 13:30:17,708 [s0@group-30CF79431F65-StateMachineUpdater] TRACE util.FileUtils (FileUtils.java:deleteFully(217)) - deleteFully: /tmp/ratis-tests/statemachine/s0/snapshot/1_127 does not exist.
2023-02-01 13:30:17,708 [s0@group-30CF79431F65-StateMachineUpdater] TRACE util.FileUtils (FileUtils.java:deleteFully(201)) - deleteFully /tmp/ratis-tests/statemachine/s0/tmp/967caf0f-f51b-4d75-bae1-b46b99c28fd9
2023-02-01 13:30:17,708 [s0@group-30CF79431F65-StateMachineUpdater] TRACE util.FileUtils (FileUtils.java:deleteFully(217)) - deleteFully: /tmp/ratis-tests/statemachine/s0/tmp/967caf0f-f51b-4d75-bae1-b46b99c28fd9 does not exist.
2023-02-01 13:30:17,709 [s0@group-30CF79431F65-StateMachineUpdater] TRACE util.FileUtils (LogUtils.java:runAndLog(49)) - Successfully ran Atomic Files.move /tmp/ratis-tests/statemachine/s0/tmp/967caf0f-f51b-4d75-bae1-b46b99c28fd9 to /tmp/ratis-tests/statemachine/s0/snapshot/1_127
2023-02-01 13:30:17,709 [s0@group-30CF79431F65-StateMachineUpdater] INFO  impl.StateMachineUpdater (StateMachineUpdater.java:takeSnapshot(290)) - s0@group-30CF79431F65-StateMachineUpdater: Took a snapshot at index 127
2023-02-01 13:30:17,709 [s0@group-30CF79431F65-StateMachineUpdater] INFO  impl.StateMachineUpdater (StateMachineUpdater.java:lambda$new$0(96)) - s0@group-30CF79431F65-StateMachineUpdater: snapshotIndex: updateIncreasingly 63 -> 127
2023-02-01 13:30:17,709 [s0@group-30CF79431F65-StateMachineUpdater] INFO  raftlog.RaftLog (RaftLogBase.java:purge(314)) - s0@group-30CF79431F65-SegmentedRaftLog: purge 127
2023-02-01 13:30:17,709 [s0@group-30CF79431F65-StateMachineUpdater] INFO  raftlog.RaftLog (RaftLogBase.java:lambda$new$0(53)) - s0@group-30CF79431F65-SegmentedRaftLog: snapshotIndex: updateIncreasingly 63 -> 127
2023-02-01 13:30:17,710 [s0@group-30CF79431F65-StateMachineUpdater] INFO  raftlog.RaftLog (RaftLogBase.java:lambda$new$0(53)) - s0@group-30CF79431F65-SegmentedRaftLog: purgeIndex: updateToMax old=63, new=127, updated? true
2023-02-01 13:30:17,713 [s0@group-30CF79431F65-StateMachineUpdater] INFO  impl.SimpleStateMachine4Testing (SimpleStateMachine4Testing.java:put(205)) - s0: put 129, m64 -> (t:1, i:129), STATEMACHINELOGENTRY, 451@client-044C7BE03BC2
2023-02-01 13:30:17,716 [s0@group-30CF79431F65-StateMachineUpdater] INFO  impl.SimpleStateMachine4Testing (SimpleStateMachine4Testing.java:put(205)) - s0: put 131, m65 -> (t:1, i:131), STATEMACHINELOGENTRY, 452@client-044C7BE03BC2
2023-02-01 13:30:17,718 [s0@group-30CF79431F65-StateMachineUpdater] INFO  impl.SimpleStateMachine4Testing (SimpleStateMachine4Testing.java:put(205)) - s0: put 133, m66 -> (t:1, i:133), STATEMACHINELOGENTRY, 453@client-044C7BE03BC2
2023-02-01 13:30:17,721 [s0@group-30CF79431F65-StateMachineUpdater] INFO  impl.SimpleStateMachine4Testing (SimpleStateMachine4Testing.java:put(205)) - s0: put 135, m67 -> (t:1, i:135), STATEMACHINELOGENTRY, 454@client-044C7BE03BC2
2023-02-01 13:30:17,723 [s0@group-30CF79431F65-StateMachineUpdater] INFO  impl.SimpleStateMachine4Testing (SimpleStateMachine4Testing.java:put(205)) - s0: put 137, m68 -> (t:1, i:137), STATEMACHINELOGENTRY, 455@client-044C7BE03BC2
2023-02-01 13:30:17,726 [s0@group-30CF79431F65-StateMachineUpdater] INFO  impl.SimpleStateMachine4Testing (SimpleStateMachine4Testing.java:put(205)) - s0: put 139, m69 -> (t:1, i:139), STATEMACHINELOGENTRY, 456@client-044C7BE03BC2
2023-02-01 13:30:17,732 [s0@group-30CF79431F65-StateMachineUpdater] INFO  impl.SimpleStateMachine4Testing (SimpleStateMachine4Testing.java:put(205)) - s0: put 141, m70 -> (t:1, i:141), STATEMACHINELOGENTRY, 457@client-044C7BE03BC2
2023-02-01 13:30:17,739 [s0@group-30CF79431F65-StateMachineUpdater] INFO  impl.SimpleStateMachine4Testing (SimpleStateMachine4Testing.java:put(205)) - s0: put 143, m71 -> (t:1, i:143), STATEMACHINELOGENTRY, 458@client-044C7BE03BC2
2023-02-01 13:30:17,742 [s0@group-30CF79431F65-StateMachineUpdater] INFO  impl.SimpleStateMachine4Testing (SimpleStateMachine4Testing.java:put(205)) - s0: put 145, m72 -> (t:1, i:145), STATEMACHINELOGENTRY, 459@client-044C7BE03BC2
2023-02-01 13:30:17,744 [s0@group-30CF79431F65-StateMachineUpdater] INFO  impl.SimpleStateMachine4Testing (SimpleStateMachine4Testing.java:put(205)) - s0: put 147, m73 -> (t:1, i:147), STATEMACHINELOGENTRY, 460@client-044C7BE03BC2
2023-02-01 13:30:17,747 [s0@group-30CF79431F65-StateMachineUpdater] INFO  impl.SimpleStateMachine4Testing (SimpleStateMachine4Testing.java:put(205)) - s0: put 149, m74 -> (t:1, i:149), STATEMACHINELOGENTRY, 461@client-044C7BE03BC2
2023-02-01 13:30:17,752 [s0@group-30CF79431F65-StateMachineUpdater] INFO  impl.SimpleStateMachine4Testing (SimpleStateMachine4Testing.java:put(205)) - s0: put 151, m75 -> (t:1, i:151), STATEMACHINELOGENTRY, 462@client-044C7BE03BC2
2023-02-01 13:30:17,755 [s0@group-30CF79431F65-StateMachineUpdater] INFO  impl.SimpleStateMachine4Testing (SimpleStateMachine4Testing.java:put(205)) - s0: put 153, m76 -> (t:1, i:153), STATEMACHINELOGENTRY, 463@client-044C7BE03BC2
2023-02-01 13:30:17,758 [s0@group-30CF79431F65-StateMachineUpdater] INFO  impl.SimpleStateMachine4Testing (SimpleStateMachine4Testing.java:put(205)) - s0: put 155, m77 -> (t:1, i:155), STATEMACHINELOGENTRY, 464@client-044C7BE03BC2
2023-02-01 13:30:17,764 [s0@group-30CF79431F65-StateMachineUpdater] INFO  impl.SimpleStateMachine4Testing (SimpleStateMachine4Testing.java:put(205)) - s0: put 157, m78 -> (t:1, i:157), STATEMACHINELOGENTRY, 465@client-044C7BE03BC2
2023-02-01 13:30:17,771 [s0@group-30CF79431F65-StateMachineUpdater] INFO  impl.SimpleStateMachine4Testing (SimpleStateMachine4Testing.java:put(205)) - s0: put 159, m79 -> (t:1, i:159), STATEMACHINELOGENTRY, 466@client-044C7BE03BC2
2023-02-01 13:30:17,774 [s0@group-30CF79431F65-StateMachineUpdater] INFO  impl.SimpleStateMachine4Testing (SimpleStateMachine4Testing.java:put(205)) - s0: put 161, m80 -> (t:1, i:161), STATEMACHINELOGENTRY, 467@client-044C7BE03BC2
2023-02-01 13:30:17,777 [s0@group-30CF79431F65-StateMachineUpdater] INFO  impl.SimpleStateMachine4Testing (SimpleStateMachine4Testing.java:put(205)) - s0: put 163, m81 -> (t:1, i:163), STATEMACHINELOGENTRY, 468@client-044C7BE03BC2
2023-02-01 13:30:17,782 [s0@group-30CF79431F65-StateMachineUpdater] INFO  impl.SimpleStateMachine4Testing (SimpleStateMachine4Testing.java:put(205)) - s0: put 165, m82 -> (t:1, i:165), STATEMACHINELOGENTRY, 469@client-044C7BE03BC2
2023-02-01 13:30:17,785 [s0@group-30CF79431F65-StateMachineUpdater] INFO  impl.SimpleStateMachine4Testing (SimpleStateMachine4Testing.java:put(205)) - s0: put 167, m83 -> (t:1, i:167), STATEMACHINELOGENTRY, 470@client-044C7BE03BC2
2023-02-01 13:30:17,788 [s0@group-30CF79431F65-StateMachineUpdater] INFO  impl.SimpleStateMachine4Testing (SimpleStateMachine4Testing.java:put(205)) - s0: put 169, m84 -> (t:1, i:169), STATEMACHINELOGENTRY, 471@client-044C7BE03BC2
2023-02-01 13:30:17,799 [s0@group-30CF79431F65-StateMachineUpdater] INFO  impl.SimpleStateMachine4Testing (SimpleStateMachine4Testing.java:put(205)) - s0: put 171, m85 -> (t:1, i:171), STATEMACHINELOGENTRY, 472@client-044C7BE03BC2
2023-02-01 13:30:17,802 [s0@group-30CF79431F65-StateMachineUpdater] INFO  impl.SimpleStateMachine4Testing (SimpleStateMachine4Testing.java:put(205)) - s0: put 173, m86 -> (t:1, i:173), STATEMACHINELOGENTRY, 473@client-044C7BE03BC2
2023-02-01 13:30:17,805 [s0@group-30CF79431F65-StateMachineUpdater] INFO  impl.SimpleStateMachine4Testing (SimpleStateMachine4Testing.java:put(205)) - s0: put 175, m87 -> (t:1, i:175), STATEMACHINELOGENTRY, 474@client-044C7BE03BC2
2023-02-01 13:30:17,808 [s0@group-30CF79431F65-StateMachineUpdater] INFO  impl.SimpleStateMachine4Testing (SimpleStateMachine4Testing.java:put(205)) - s0: put 177, m88 -> (t:1, i:177), STATEMACHINELOGENTRY, 475@client-044C7BE03BC2
2023-02-01 13:30:17,811 [s0@group-30CF79431F65-StateMachineUpdater] INFO  impl.SimpleStateMachine4Testing (SimpleStateMachine4Testing.java:put(205)) - s0: put 179, m89 -> (t:1, i:179), STATEMACHINELOGENTRY, 476@client-044C7BE03BC2
2023-02-01 13:30:17,814 [s0@group-30CF79431F65-StateMachineUpdater] INFO  impl.SimpleStateMachine4Testing (SimpleStateMachine4Testing.java:put(205)) - s0: put 181, m90 -> (t:1, i:181), STATEMACHINELOGENTRY, 477@client-044C7BE03BC2
2023-02-01 13:30:17,817 [s0@group-30CF79431F65-StateMachineUpdater] INFO  impl.SimpleStateMachine4Testing (SimpleStateMachine4Testing.java:put(205)) - s0: put 183, m91 -> (t:1, i:183), STATEMACHINELOGENTRY, 478@client-044C7BE03BC2
2023-02-01 13:30:17,820 [s0@group-30CF79431F65-StateMachineUpdater] INFO  impl.SimpleStateMachine4Testing (SimpleStateMachine4Testing.java:put(205)) - s0: put 185, m92 -> (t:1, i:185), STATEMACHINELOGENTRY, 479@client-044C7BE03BC2
2023-02-01 13:30:17,822 [s0@group-30CF79431F65-StateMachineUpdater] INFO  impl.SimpleStateMachine4Testing (SimpleStateMachine4Testing.java:put(205)) - s0: put 187, m93 -> (t:1, i:187), STATEMACHINELOGENTRY, 480@client-044C7BE03BC2
2023-02-01 13:30:17,825 [s0@group-30CF79431F65-StateMachineUpdater] INFO  impl.SimpleStateMachine4Testing (SimpleStateMachine4Testing.java:put(205)) - s0: put 189, m94 -> (t:1, i:189), STATEMACHINELOGENTRY, 481@client-044C7BE03BC2
2023-02-01 13:30:17,836 [s0@group-30CF79431F65-StateMachineUpdater] INFO  impl.SimpleStateMachine4Testing (SimpleStateMachine4Testing.java:put(205)) - s0: put 191, m95 -> (t:1, i:191), STATEMACHINELOGENTRY, 482@client-044C7BE03BC2
2023-02-01 13:30:17,836 [s0@group-30CF79431F65-StateMachineUpdater] TRACE util.FileUtils (FileUtils.java:deleteFully(201)) - deleteFully /tmp/ratis-tests/statemachine/s0/snapshot/1_191
2023-02-01 13:30:17,836 [s0@group-30CF79431F65-StateMachineUpdater] TRACE util.FileUtils (FileUtils.java:deleteFully(217)) - deleteFully: /tmp/ratis-tests/statemachine/s0/snapshot/1_191 does not exist.
2023-02-01 13:30:17,836 [s0@group-30CF79431F65-StateMachineUpdater] TRACE util.FileUtils (FileUtils.java:deleteFully(201)) - deleteFully /tmp/ratis-tests/statemachine/s0/tmp/5df1b88f-74dc-4858-b001-a2a304fb20f3
2023-02-01 13:30:17,836 [s0@group-30CF79431F65-StateMachineUpdater] TRACE util.FileUtils (FileUtils.java:deleteFully(217)) - deleteFully: /tmp/ratis-tests/statemachine/s0/tmp/5df1b88f-74dc-4858-b001-a2a304fb20f3 does not exist.
2023-02-01 13:30:17,837 [s0@group-30CF79431F65-StateMachineUpdater] TRACE util.FileUtils (LogUtils.java:runAndLog(49)) - Successfully ran Atomic Files.move /tmp/ratis-tests/statemachine/s0/tmp/5df1b88f-74dc-4858-b001-a2a304fb20f3 to /tmp/ratis-tests/statemachine/s0/snapshot/1_191
2023-02-01 13:30:17,837 [s0@group-30CF79431F65-StateMachineUpdater] INFO  impl.StateMachineUpdater (StateMachineUpdater.java:takeSnapshot(290)) - s0@group-30CF79431F65-StateMachineUpdater: Took a snapshot at index 191
2023-02-01 13:30:17,837 [s0@group-30CF79431F65-StateMachineUpdater] INFO  impl.StateMachineUpdater (StateMachineUpdater.java:lambda$new$0(96)) - s0@group-30CF79431F65-StateMachineUpdater: snapshotIndex: updateIncreasingly 127 -> 191
2023-02-01 13:30:17,837 [s0@group-30CF79431F65-StateMachineUpdater] INFO  raftlog.RaftLog (RaftLogBase.java:purge(314)) - s0@group-30CF79431F65-SegmentedRaftLog: purge 191
2023-02-01 13:30:17,837 [s0@group-30CF79431F65-StateMachineUpdater] INFO  raftlog.RaftLog (RaftLogBase.java:lambda$new$0(53)) - s0@group-30CF79431F65-SegmentedRaftLog: snapshotIndex: updateIncreasingly 127 -> 191
2023-02-01 13:30:17,837 [s0@group-30CF79431F65-StateMachineUpdater] INFO  raftlog.RaftLog (RaftLogBase.java:lambda$new$0(53)) - s0@group-30CF79431F65-SegmentedRaftLog: purgeIndex: updateToMax old=127, new=191, updated? true
2023-02-01 13:30:17,840 [s0@group-30CF79431F65-StateMachineUpdater] INFO  impl.SimpleStateMachine4Testing (SimpleStateMachine4Testing.java:put(205)) - s0: put 193, m96 -> (t:1, i:193), STATEMACHINELOGENTRY, 483@client-044C7BE03BC2
2023-02-01 13:30:17,843 [s0@group-30CF79431F65-StateMachineUpdater] INFO  impl.SimpleStateMachine4Testing (SimpleStateMachine4Testing.java:put(205)) - s0: put 195, m97 -> (t:1, i:195), STATEMACHINELOGENTRY, 484@client-044C7BE03BC2
2023-02-01 13:30:17,846 [s0@group-30CF79431F65-StateMachineUpdater] INFO  impl.SimpleStateMachine4Testing (SimpleStateMachine4Testing.java:put(205)) - s0: put 197, m98 -> (t:1, i:197), STATEMACHINELOGENTRY, 485@client-044C7BE03BC2
2023-02-01 13:30:17,849 [s0@group-30CF79431F65-StateMachineUpdater] INFO  impl.SimpleStateMachine4Testing (SimpleStateMachine4Testing.java:put(205)) - s0: put 199, m99 -> (t:1, i:199), STATEMACHINELOGENTRY, 486@client-044C7BE03BC2
2023-02-01 13:30:17,851 [s0@group-30CF79431F65-StateMachineUpdater] INFO  impl.SimpleStateMachine4Testing (SimpleStateMachine4Testing.java:put(205)) - s0: put 201, m100 -> (t:1, i:201), STATEMACHINELOGENTRY, 487@client-044C7BE03BC2
2023-02-01 13:30:17,854 [s0@group-30CF79431F65-StateMachineUpdater] INFO  impl.SimpleStateMachine4Testing (SimpleStateMachine4Testing.java:put(205)) - s0: put 203, m101 -> (t:1, i:203), STATEMACHINELOGENTRY, 488@client-044C7BE03BC2
2023-02-01 13:30:17,857 [s0@group-30CF79431F65-StateMachineUpdater] INFO  impl.SimpleStateMachine4Testing (SimpleStateMachine4Testing.java:put(205)) - s0: put 205, m102 -> (t:1, i:205), STATEMACHINELOGENTRY, 489@client-044C7BE03BC2
2023-02-01 13:30:17,860 [s0@group-30CF79431F65-StateMachineUpdater] INFO  impl.SimpleStateMachine4Testing (SimpleStateMachine4Testing.java:put(205)) - s0: put 207, m103 -> (t:1, i:207), STATEMACHINELOGENTRY, 490@client-044C7BE03BC2
2023-02-01 13:30:17,872 [s0@group-30CF79431F65-StateMachineUpdater] INFO  impl.SimpleStateMachine4Testing (SimpleStateMachine4Testing.java:put(205)) - s0: put 209, m104 -> (t:1, i:209), STATEMACHINELOGENTRY, 491@client-044C7BE03BC2
2023-02-01 13:30:17,876 [s0@group-30CF79431F65-StateMachineUpdater] INFO  impl.SimpleStateMachine4Testing (SimpleStateMachine4Testing.java:put(205)) - s0: put 211, m105 -> (t:1, i:211), STATEMACHINELOGENTRY, 492@client-044C7BE03BC2
2023-02-01 13:30:17,879 [s0@group-30CF79431F65-StateMachineUpdater] INFO  impl.SimpleStateMachine4Testing (SimpleStateMachine4Testing.java:put(205)) - s0: put 213, m106 -> (t:1, i:213), STATEMACHINELOGENTRY, 493@client-044C7BE03BC2
2023-02-01 13:30:17,882 [s0@group-30CF79431F65-StateMachineUpdater] INFO  impl.SimpleStateMachine4Testing (SimpleStateMachine4Testing.java:put(205)) - s0: put 215, m107 -> (t:1, i:215), STATEMACHINELOGENTRY, 494@client-044C7BE03BC2
2023-02-01 13:30:17,885 [s0@group-30CF79431F65-StateMachineUpdater] INFO  impl.SimpleStateMachine4Testing (SimpleStateMachine4Testing.java:put(205)) - s0: put 217, m108 -> (t:1, i:217), STATEMACHINELOGENTRY, 495@client-044C7BE03BC2
2023-02-01 13:30:17,889 [s0@group-30CF79431F65-StateMachineUpdater] INFO  impl.SimpleStateMachine4Testing (SimpleStateMachine4Testing.java:put(205)) - s0: put 219, m109 -> (t:1, i:219), STATEMACHINELOGENTRY, 496@client-044C7BE03BC2
2023-02-01 13:30:17,900 [s0@group-30CF79431F65-StateMachineUpdater] INFO  impl.SimpleStateMachine4Testing (SimpleStateMachine4Testing.java:put(205)) - s0: put 221, m110 -> (t:1, i:221), STATEMACHINELOGENTRY, 497@client-044C7BE03BC2
2023-02-01 13:30:17,904 [s0@group-30CF79431F65-StateMachineUpdater] INFO  impl.SimpleStateMachine4Testing (SimpleStateMachine4Testing.java:put(205)) - s0: put 223, m111 -> (t:1, i:223), STATEMACHINELOGENTRY, 498@client-044C7BE03BC2
2023-02-01 13:30:17,907 [s0@group-30CF79431F65-StateMachineUpdater] INFO  impl.SimpleStateMachine4Testing (SimpleStateMachine4Testing.java:put(205)) - s0: put 225, m112 -> (t:1, i:225), STATEMACHINELOGENTRY, 499@client-044C7BE03BC2
2023-02-01 13:30:17,910 [s0@group-30CF79431F65-StateMachineUpdater] INFO  impl.SimpleStateMachine4Testing (SimpleStateMachine4Testing.java:put(205)) - s0: put 227, m113 -> (t:1, i:227), STATEMACHINELOGENTRY, 500@client-044C7BE03BC2
2023-02-01 13:30:17,913 [s0@group-30CF79431F65-StateMachineUpdater] INFO  impl.SimpleStateMachine4Testing (SimpleStateMachine4Testing.java:put(205)) - s0: put 229, m114 -> (t:1, i:229), STATEMACHINELOGENTRY, 501@client-044C7BE03BC2
2023-02-01 13:30:17,916 [s0@group-30CF79431F65-StateMachineUpdater] INFO  impl.SimpleStateMachine4Testing (SimpleStateMachine4Testing.java:put(205)) - s0: put 231, m115 -> (t:1, i:231), STATEMACHINELOGENTRY, 502@client-044C7BE03BC2
2023-02-01 13:30:17,919 [s0@group-30CF79431F65-StateMachineUpdater] INFO  impl.SimpleStateMachine4Testing (SimpleStateMachine4Testing.java:put(205)) - s0: put 233, m116 -> (t:1, i:233), STATEMACHINELOGENTRY, 503@client-044C7BE03BC2
2023-02-01 13:30:17,922 [s0@group-30CF79431F65-StateMachineUpdater] INFO  impl.SimpleStateMachine4Testing (SimpleStateMachine4Testing.java:put(205)) - s0: put 235, m117 -> (t:1, i:235), STATEMACHINELOGENTRY, 504@client-044C7BE03BC2
2023-02-01 13:30:17,924 [s0@group-30CF79431F65-StateMachineUpdater] INFO  impl.SimpleStateMachine4Testing (SimpleStateMachine4Testing.java:put(205)) - s0: put 237, m118 -> (t:1, i:237), STATEMACHINELOGENTRY, 505@client-044C7BE03BC2
2023-02-01 13:30:17,927 [s0@group-30CF79431F65-StateMachineUpdater] INFO  impl.SimpleStateMachine4Testing (SimpleStateMachine4Testing.java:put(205)) - s0: put 239, m119 -> (t:1, i:239), STATEMACHINELOGENTRY, 506@client-044C7BE03BC2
2023-02-01 13:30:17,930 [s0@group-30CF79431F65-StateMachineUpdater] INFO  impl.SimpleStateMachine4Testing (SimpleStateMachine4Testing.java:put(205)) - s0: put 241, m120 -> (t:1, i:241), STATEMACHINELOGENTRY, 507@client-044C7BE03BC2
2023-02-01 13:30:17,937 [s0@group-30CF79431F65-StateMachineUpdater] INFO  impl.SimpleStateMachine4Testing (SimpleStateMachine4Testing.java:put(205)) - s0: put 243, m121 -> (t:1, i:243), STATEMACHINELOGENTRY, 508@client-044C7BE03BC2
2023-02-01 13:30:17,940 [s0@group-30CF79431F65-StateMachineUpdater] INFO  impl.SimpleStateMachine4Testing (SimpleStateMachine4Testing.java:put(205)) - s0: put 245, m122 -> (t:1, i:245), STATEMACHINELOGENTRY, 509@client-044C7BE03BC2
2023-02-01 13:30:17,942 [s0@group-30CF79431F65-StateMachineUpdater] INFO  impl.SimpleStateMachine4Testing (SimpleStateMachine4Testing.java:put(205)) - s0: put 247, m123 -> (t:1, i:247), STATEMACHINELOGENTRY, 510@client-044C7BE03BC2
2023-02-01 13:30:17,945 [s0@group-30CF79431F65-StateMachineUpdater] INFO  impl.SimpleStateMachine4Testing (SimpleStateMachine4Testing.java:put(205)) - s0: put 249, m124 -> (t:1, i:249), STATEMACHINELOGENTRY, 511@client-044C7BE03BC2
2023-02-01 13:30:17,948 [s0@group-30CF79431F65-StateMachineUpdater] INFO  impl.SimpleStateMachine4Testing (SimpleStateMachine4Testing.java:put(205)) - s0: put 251, m125 -> (t:1, i:251), STATEMACHINELOGENTRY, 512@client-044C7BE03BC2
2023-02-01 13:30:17,950 [s0@group-30CF79431F65-StateMachineUpdater] INFO  impl.SimpleStateMachine4Testing (SimpleStateMachine4Testing.java:put(205)) - s0: put 253, m126 -> (t:1, i:253), STATEMACHINELOGENTRY, 513@client-044C7BE03BC2
2023-02-01 13:30:17,966 [s0-server-thread1] INFO  server.RaftServer$Division (RaftServerImpl.java:takeSnapshotAsync(1124)) - s0@group-30CF79431F65: takeSnapshotAsync SnapshotManagementRequest:client-044C7BE03BC2->s0@group-30CF79431F65, cid=514, seq=0, RO, null, Create:
2023-02-01 13:30:17,966 [s0-server-thread1] INFO  server.RaftServerConfigKeys (ConfUtils.java:logGet(46)) - raft.server.snapshot.creation.gap = 1024 (default)
2023-02-01 13:30:17,982 [Time-limited test] INFO  impl.MiniRaftCluster (MiniRaftCluster.java:addNewPeers(464)) - Add new peers [s1, s2]
2023-02-01 13:30:17,982 [Time-limited test] INFO  impl.MiniRaftCluster (MiniRaftCluster.java:newRaftServer(382)) - newRaftServer: s1, group-30CF79431F65:[], format? true
2023-02-01 13:30:17,982 [Time-limited test] TRACE util.FileUtils (FileUtils.java:deleteFully(201)) - deleteFully target/test/data/ecd5beaa/MiniRaftClusterWithGrpc9adc73ec/s1
2023-02-01 13:30:17,982 [Time-limited test] TRACE util.FileUtils (FileUtils.java:deleteFully(217)) - deleteFully: target/test/data/ecd5beaa/MiniRaftClusterWithGrpc9adc73ec/s1 does not exist.
2023-02-01 13:30:17,982 [Time-limited test] INFO  impl.MiniRaftCluster (MiniRaftCluster.java:newRaftServer(387)) - Formatted directory target/test/data/ecd5beaa/MiniRaftClusterWithGrpc9adc73ec/s1
2023-02-01 13:30:17,982 [Time-limited test] INFO  server.RaftServer (ConfUtils.java:logGet(46)) - raft.rpc.type = GRPC (default)
2023-02-01 13:30:17,983 [Time-limited test] INFO  grpc.GrpcConfigKeys (ConfUtils.java:logFallback(53)) - raft.grpc.admin.host = null (fallback to raft.grpc.server.host)
2023-02-01 13:30:17,983 [Time-limited test] INFO  grpc.GrpcConfigKeys (ConfUtils.java:logFallback(53)) - raft.grpc.admin.port = 34465 (fallback to raft.grpc.server.port)
2023-02-01 13:30:17,983 [Time-limited test] INFO  grpc.GrpcConfigKeys (ConfUtils.java:logFallback(53)) - raft.grpc.client.host = null (fallback to raft.grpc.server.host)
2023-02-01 13:30:17,983 [Time-limited test] INFO  grpc.GrpcConfigKeys (ConfUtils.java:logFallback(53)) - raft.grpc.client.port = 34465 (fallback to raft.grpc.server.port)
2023-02-01 13:30:17,983 [Time-limited test] INFO  grpc.GrpcConfigKeys (ConfUtils.java:logGet(46)) - raft.grpc.server.host = null (default)
2023-02-01 13:30:17,983 [Time-limited test] INFO  grpc.GrpcConfigKeys (ConfUtils.java:logGet(46)) - raft.grpc.server.port = 34465 (custom)
2023-02-01 13:30:17,983 [Time-limited test] INFO  server.GrpcService (ConfUtils.java:logGet(46)) - raft.grpc.message.size.max = 64MB (=67108864) (default)
2023-02-01 13:30:17,983 [Time-limited test] INFO  server.RaftServerConfigKeys (ConfUtils.java:logGet(46)) - raft.server.log.appender.buffer.byte-limit = 4MB (=4194304) (default)
2023-02-01 13:30:17,983 [Time-limited test] INFO  server.GrpcService (ConfUtils.java:logGet(46)) - raft.grpc.flow.control.window = 1MB (=1048576) (default)
2023-02-01 13:30:17,983 [Time-limited test] INFO  server.RaftServerConfigKeys (ConfUtils.java:logGet(46)) - raft.server.rpc.request.timeout = 3000ms (default)
2023-02-01 13:30:17,983 [Time-limited test] INFO  grpc.GrpcConfigKeys (ConfUtils.java:logGet(46)) - raft.grpc.server.heartbeat.channel = true (default)
2023-02-01 13:30:17,984 [Time-limited test] INFO  grpc.GrpcConfigKeys (ConfUtils.java:logGet(46)) - raft.grpc.server.async.request.thread.pool.cached = true (default)
2023-02-01 13:30:17,984 [Time-limited test] INFO  grpc.GrpcConfigKeys (ConfUtils.java:logGet(46)) - raft.grpc.server.async.request.thread.pool.size = 32 (default)
2023-02-01 13:30:17,984 [Time-limited test] INFO  impl.DataStreamServerImpl (ConfUtils.java:logGet(46)) - raft.datastream.type = DISABLED (default)
2023-02-01 13:30:17,984 [Time-limited test] INFO  server.RaftServerConfigKeys (ConfUtils.java:logGet(46)) - raft.server.threadpool.proxy.cached = true (default)
2023-02-01 13:30:17,984 [Time-limited test] INFO  server.RaftServerConfigKeys (ConfUtils.java:logGet(46)) - raft.server.threadpool.proxy.size = 0 (default)
2023-02-01 13:30:17,985 [Time-limited test] INFO  server.RaftServerConfigKeys (ConfUtils.java:logGet(46)) - raft.server.rpc.slowness.timeout = 60s (default)
2023-02-01 13:30:17,985 [Time-limited test] INFO  server.RaftServerConfigKeys (ConfUtils.java:logGet(46)) - raft.server.leaderelection.leader.step-down.wait-time = 10s (default)
2023-02-01 13:30:17,985 [Time-limited test] INFO  server.RaftServerConfigKeys (ConfUtils.java:logGet(46)) - raft.server.storage.dir = [/home/runner/work/ratis/ratis/ratis-test/target/test/data/ecd5beaa/MiniRaftClusterWithGrpc9adc73ec/s1] (custom)
2023-02-01 13:30:18,006 [Time-limited test] INFO  server.RaftServer (RaftServerProxy.java:addNew(99)) - s1: addNew group-30CF79431F65:[] returns group-30CF79431F65:java.util.concurrent.CompletableFuture@2a6fc8b[Not completed]
2023-02-01 13:30:18,006 [Time-limited test] INFO  impl.MiniRaftCluster (MiniRaftCluster.java:newRaftServer(382)) - newRaftServer: s2, group-30CF79431F65:[], format? true
2023-02-01 13:30:18,006 [Time-limited test] TRACE util.FileUtils (FileUtils.java:deleteFully(201)) - deleteFully target/test/data/ecd5beaa/MiniRaftClusterWithGrpc9adc73ec/s2
2023-02-01 13:30:18,007 [Time-limited test] TRACE util.FileUtils (FileUtils.java:deleteFully(217)) - deleteFully: target/test/data/ecd5beaa/MiniRaftClusterWithGrpc9adc73ec/s2 does not exist.
2023-02-01 13:30:18,007 [Time-limited test] INFO  impl.MiniRaftCluster (MiniRaftCluster.java:newRaftServer(387)) - Formatted directory target/test/data/ecd5beaa/MiniRaftClusterWithGrpc9adc73ec/s2
2023-02-01 13:30:18,007 [Time-limited test] INFO  server.RaftServer (ConfUtils.java:logGet(46)) - raft.rpc.type = GRPC (default)
2023-02-01 13:30:18,007 [Time-limited test] INFO  grpc.GrpcConfigKeys (ConfUtils.java:logFallback(53)) - raft.grpc.admin.host = null (fallback to raft.grpc.server.host)
2023-02-01 13:30:18,007 [Time-limited test] INFO  grpc.GrpcConfigKeys (ConfUtils.java:logFallback(53)) - raft.grpc.admin.port = 38455 (fallback to raft.grpc.server.port)
2023-02-01 13:30:18,007 [Time-limited test] INFO  grpc.GrpcConfigKeys (ConfUtils.java:logFallback(53)) - raft.grpc.client.host = null (fallback to raft.grpc.server.host)
2023-02-01 13:30:18,008 [Time-limited test] INFO  grpc.GrpcConfigKeys (ConfUtils.java:logFallback(53)) - raft.grpc.client.port = 38455 (fallback to raft.grpc.server.port)
2023-02-01 13:30:18,008 [Time-limited test] INFO  grpc.GrpcConfigKeys (ConfUtils.java:logGet(46)) - raft.grpc.server.host = null (default)
2023-02-01 13:30:18,008 [Time-limited test] INFO  grpc.GrpcConfigKeys (ConfUtils.java:logGet(46)) - raft.grpc.server.port = 38455 (custom)
2023-02-01 13:30:18,008 [Time-limited test] INFO  server.GrpcService (ConfUtils.java:logGet(46)) - raft.grpc.message.size.max = 64MB (=67108864) (default)
2023-02-01 13:30:18,008 [Time-limited test] INFO  server.RaftServerConfigKeys (ConfUtils.java:logGet(46)) - raft.server.log.appender.buffer.byte-limit = 4MB (=4194304) (default)
2023-02-01 13:30:18,008 [Time-limited test] INFO  server.GrpcService (ConfUtils.java:logGet(46)) - raft.grpc.flow.control.window = 1MB (=1048576) (default)
2023-02-01 13:30:18,008 [Time-limited test] INFO  server.RaftServerConfigKeys (ConfUtils.java:logGet(46)) - raft.server.rpc.request.timeout = 3000ms (default)
2023-02-01 13:30:18,008 [Time-limited test] INFO  grpc.GrpcConfigKeys (ConfUtils.java:logGet(46)) - raft.grpc.server.heartbeat.channel = true (default)
2023-02-01 13:30:18,008 [Time-limited test] INFO  grpc.GrpcConfigKeys (ConfUtils.java:logGet(46)) - raft.grpc.server.async.request.thread.pool.cached = true (default)
2023-02-01 13:30:18,008 [Time-limited test] INFO  grpc.GrpcConfigKeys (ConfUtils.java:logGet(46)) - raft.grpc.server.async.request.thread.pool.size = 32 (default)
2023-02-01 13:30:18,010 [Time-limited test] INFO  impl.DataStreamServerImpl (ConfUtils.java:logGet(46)) - raft.datastream.type = DISABLED (default)
2023-02-01 13:30:18,010 [Time-limited test] INFO  server.RaftServerConfigKeys (ConfUtils.java:logGet(46)) - raft.server.threadpool.proxy.cached = true (default)
2023-02-01 13:30:18,010 [Time-limited test] INFO  server.RaftServerConfigKeys (ConfUtils.java:logGet(46)) - raft.server.threadpool.proxy.size = 0 (default)
2023-02-01 13:30:18,010 [Time-limited test] INFO  server.RaftServerConfigKeys (ConfUtils.java:logGet(46)) - raft.server.rpc.slowness.timeout = 60s (default)
2023-02-01 13:30:18,010 [Time-limited test] INFO  server.RaftServerConfigKeys (ConfUtils.java:logGet(46)) - raft.server.leaderelection.leader.step-down.wait-time = 10s (default)
2023-02-01 13:30:18,010 [Time-limited test] INFO  server.RaftServerConfigKeys (ConfUtils.java:logGet(46)) - raft.server.storage.dir = [/home/runner/work/ratis/ratis/ratis-test/target/test/data/ecd5beaa/MiniRaftClusterWithGrpc9adc73ec/s2] (custom)
2023-02-01 13:30:18,011 [pool-15-thread-1] INFO  server.RaftServerConfigKeys (ConfUtils.java:logGet(46)) - raft.server.log.segment.size.max = 8MB (=8388608) (default)
2023-02-01 13:30:18,011 [pool-15-thread-1] INFO  server.RaftServerConfigKeys (ConfUtils.java:logGet(46)) - raft.server.log.preallocated.size = 4MB (=4194304) (default)
2023-02-01 13:30:18,011 [pool-15-thread-1] INFO  server.RaftServerConfigKeys (ConfUtils.java:logGet(46)) - raft.server.log.write.buffer.size = 64KB (=65536) (default)
2023-02-01 13:30:18,011 [pool-15-thread-1] INFO  server.RaftServer$Division (RaftServerImpl.java:<init>(198)) - s1: new RaftServerImpl for group-30CF79431F65:[] with StateMachineWithSeparatedSnapshotPath:uninitialized
2023-02-01 13:30:18,011 [pool-15-thread-1] INFO  server.RaftServerConfigKeys (ConfUtils.java:logGet(46)) - raft.server.rpc.timeout.min = 150ms (default)
2023-02-01 13:30:18,011 [pool-15-thread-1] INFO  server.RaftServerConfigKeys (ConfUtils.java:logGet(46)) - raft.server.rpc.timeout.max = 300ms (default)
2023-02-01 13:30:18,011 [pool-15-thread-1] INFO  server.RaftServerConfigKeys (ConfUtils.java:logGet(46)) - raft.server.rpc.sleep.time = 25ms (default)
2023-02-01 13:30:18,011 [pool-15-thread-1] INFO  server.RaftServerConfigKeys (ConfUtils.java:logGet(46)) - raft.server.rpc.slowness.timeout = 60s (default)
2023-02-01 13:30:18,011 [pool-15-thread-1] INFO  server.RaftServerConfigKeys (ConfUtils.java:logGet(46)) - raft.server.leaderelection.leader.step-down.wait-time = 10s (default)
2023-02-01 13:30:18,011 [pool-15-thread-1] INFO  server.RaftServerConfigKeys (ConfUtils.java:logGet(46)) - raft.server.sleep.deviation.threshold = 300ms (default)
2023-02-01 13:30:18,011 [pool-15-thread-1] INFO  server.RaftServer$Division (ServerState.java:<init>(113)) - s1@group-30CF79431F65: ConfigurationManager, init=-1: peers:[]|listeners:[], old=null, confs=<EMPTY_MAP>
2023-02-01 13:30:18,012 [pool-15-thread-1] INFO  server.RaftServerConfigKeys (ConfUtils.java:logGet(46)) - raft.server.notification.no-leader.timeout = 60s (default)
2023-02-01 13:30:18,012 [pool-15-thread-1] INFO  server.RaftServerConfigKeys (ConfUtils.java:logGet(46)) - raft.server.read.timeout = 10s (default)
2023-02-01 13:30:18,012 [pool-15-thread-1] INFO  server.RaftServerConfigKeys (ConfUtils.java:logGet(46)) - raft.server.retrycache.expirytime = 60s (default)
2023-02-01 13:30:18,012 [pool-15-thread-1] INFO  server.RaftServerConfigKeys (ConfUtils.java:logGet(46)) - raft.server.retrycache.statistics.expirytime = 100μs (default)
2023-02-01 13:30:18,012 [pool-15-thread-1] INFO  server.RaftServerConfigKeys (ConfUtils.java:logGet(46)) - raft.server.read.option = DEFAULT (default)
2023-02-01 13:30:18,013 [pool-15-thread-1] INFO  server.RaftServerConfigKeys (ConfUtils.java:logGet(46)) - raft.server.log.appender.install.snapshot.enabled = true (default)
2023-02-01 13:30:18,013 [pool-15-thread-1] INFO  server.RaftServerConfigKeys (ConfUtils.java:logGet(46)) - raft.server.threadpool.server.cached = true (default)
2023-02-01 13:30:18,013 [pool-15-thread-1] INFO  server.RaftServerConfigKeys (ConfUtils.java:logGet(46)) - raft.server.threadpool.server.size = 0 (default)
2023-02-01 13:30:18,013 [pool-15-thread-1] INFO  server.RaftServerConfigKeys (ConfUtils.java:logGet(46)) - raft.server.threadpool.client.cached = true (default)
2023-02-01 13:30:18,013 [pool-15-thread-1] INFO  server.RaftServerConfigKeys (ConfUtils.java:logGet(46)) - raft.server.threadpool.client.size = 0 (default)
2023-02-01 13:30:18,032 [Time-limited test] INFO  server.RaftServer (RaftServerProxy.java:addNew(99)) - s2: addNew group-30CF79431F65:[] returns group-30CF79431F65:java.util.concurrent.CompletableFuture@5e06af28[Not completed]
2023-02-01 13:30:18,032 [s1-impl-thread1] INFO  server.RaftServerConfigKeys (ConfUtils.java:logGet(46)) - raft.server.storage.free-space.min = 0MB (=0) (default)
2023-02-01 13:30:18,032 [pool-16-thread-1] INFO  server.RaftServerConfigKeys (ConfUtils.java:logGet(46)) - raft.server.log.segment.size.max = 8MB (=8388608) (default)
2023-02-01 13:30:18,032 [s1-impl-thread1] INFO  server.RaftServerConfigKeys (ConfUtils.java:logGet(46)) - raft.server.log.corruption.policy = EXCEPTION (default)
2023-02-01 13:30:18,032 [pool-16-thread-1] INFO  server.RaftServerConfigKeys (ConfUtils.java:logGet(46)) - raft.server.log.preallocated.size = 4MB (=4194304) (default)
2023-02-01 13:30:18,032 [pool-16-thread-1] INFO  server.RaftServerConfigKeys (ConfUtils.java:logGet(46)) - raft.server.log.write.buffer.size = 64KB (=65536) (default)
2023-02-01 13:30:18,032 [s1-impl-thread1] INFO  server.RaftServerConfigKeys (ConfUtils.java:logGet(46)) - raft.server.storage.dir = [/home/runner/work/ratis/ratis/ratis-test/target/test/data/ecd5beaa/MiniRaftClusterWithGrpc9adc73ec/s1] (custom)
2023-02-01 13:30:18,033 [pool-16-thread-1] INFO  server.RaftServer$Division (RaftServerImpl.java:<init>(198)) - s2: new RaftServerImpl for group-30CF79431F65:[] with StateMachineWithSeparatedSnapshotPath:uninitialized
2023-02-01 13:30:18,033 [pool-16-thread-1] INFO  server.RaftServerConfigKeys (ConfUtils.java:logGet(46)) - raft.server.rpc.timeout.min = 150ms (default)
2023-02-01 13:30:18,033 [pool-16-thread-1] INFO  server.RaftServerConfigKeys (ConfUtils.java:logGet(46)) - raft.server.rpc.timeout.max = 300ms (default)
2023-02-01 13:30:18,033 [s1-impl-thread1] INFO  storage.RaftStorageDirectory (RaftStorageDirectoryImpl.java:analyzeStorage(138)) - The storage directory /home/runner/work/ratis/ratis/ratis-test/target/test/data/ecd5beaa/MiniRaftClusterWithGrpc9adc73ec/s1/f8f04157-cc6a-4875-b2a3-30cf79431f65 does not exist. Creating ...
2023-02-01 13:30:18,033 [pool-16-thread-1] INFO  server.RaftServerConfigKeys (ConfUtils.java:logGet(46)) - raft.server.rpc.sleep.time = 25ms (default)
2023-02-01 13:30:18,033 [pool-16-thread-1] INFO  server.RaftServerConfigKeys (ConfUtils.java:logGet(46)) - raft.server.rpc.slowness.timeout = 60s (default)
2023-02-01 13:30:18,033 [pool-16-thread-1] INFO  server.RaftServerConfigKeys (ConfUtils.java:logGet(46)) - raft.server.leaderelection.leader.step-down.wait-time = 10s (default)
2023-02-01 13:30:18,033 [pool-16-thread-1] INFO  server.RaftServerConfigKeys (ConfUtils.java:logGet(46)) - raft.server.sleep.deviation.threshold = 300ms (default)
2023-02-01 13:30:18,033 [pool-16-thread-1] INFO  server.RaftServer$Division (ServerState.java:<init>(113)) - s2@group-30CF79431F65: ConfigurationManager, init=-1: peers:[]|listeners:[], old=null, confs=<EMPTY_MAP>
2023-02-01 13:30:18,033 [pool-16-thread-1] INFO  server.RaftServerConfigKeys (ConfUtils.java:logGet(46)) - raft.server.notification.no-leader.timeout = 60s (default)
2023-02-01 13:30:18,033 [pool-16-thread-1] INFO  server.RaftServerConfigKeys (ConfUtils.java:logGet(46)) - raft.server.read.timeout = 10s (default)
2023-02-01 13:30:18,033 [pool-16-thread-1] INFO  server.RaftServerConfigKeys (ConfUtils.java:logGet(46)) - raft.server.retrycache.expirytime = 60s (default)
2023-02-01 13:30:18,033 [pool-16-thread-1] INFO  server.RaftServerConfigKeys (ConfUtils.java:logGet(46)) - raft.server.retrycache.statistics.expirytime = 100μs (default)
2023-02-01 13:30:18,033 [pool-16-thread-1] INFO  server.RaftServerConfigKeys (ConfUtils.java:logGet(46)) - raft.server.read.option = DEFAULT (default)
2023-02-01 13:30:18,033 [s1-impl-thread1] TRACE util.FileUtils (LogUtils.java:runAndLog(49)) - Successfully ran Files.createDirectories /home/runner/work/ratis/ratis/ratis-test/target/test/data/ecd5beaa/MiniRaftClusterWithGrpc9adc73ec/s1/f8f04157-cc6a-4875-b2a3-30cf79431f65
2023-02-01 13:30:18,034 [pool-16-thread-1] INFO  server.RaftServerConfigKeys (ConfUtils.java:logGet(46)) - raft.server.log.appender.install.snapshot.enabled = true (default)
2023-02-01 13:30:18,035 [pool-16-thread-1] INFO  server.RaftServerConfigKeys (ConfUtils.java:logGet(46)) - raft.server.threadpool.server.cached = true (default)
2023-02-01 13:30:18,035 [pool-16-thread-1] INFO  server.RaftServerConfigKeys (ConfUtils.java:logGet(46)) - raft.server.threadpool.server.size = 0 (default)
2023-02-01 13:30:18,035 [pool-16-thread-1] INFO  server.RaftServerConfigKeys (ConfUtils.java:logGet(46)) - raft.server.threadpool.client.cached = true (default)
2023-02-01 13:30:18,035 [pool-16-thread-1] INFO  server.RaftServerConfigKeys (ConfUtils.java:logGet(46)) - raft.server.threadpool.client.size = 0 (default)
2023-02-01 13:30:18,035 [s1-impl-thread1] INFO  storage.RaftStorageDirectory (RaftStorageDirectoryImpl.java:tryLock(232)) - Lock on /home/runner/work/ratis/ratis/ratis-test/target/test/data/ecd5beaa/MiniRaftClusterWithGrpc9adc73ec/s1/f8f04157-cc6a-4875-b2a3-30cf79431f65/in_use.lock acquired by nodename 19321@fv-az82-241
2023-02-01 13:30:18,035 [s1-impl-thread1] TRACE util.FileUtils (LogUtils.java:runAndLog(49)) - Successfully ran Files.createDirectories /home/runner/work/ratis/ratis/ratis-test/target/test/data/ecd5beaa/MiniRaftClusterWithGrpc9adc73ec/s1/f8f04157-cc6a-4875-b2a3-30cf79431f65/current
2023-02-01 13:30:18,035 [s1-impl-thread1] TRACE util.FileUtils (LogUtils.java:runAndLog(49)) - Successfully ran Files.createDirectories /home/runner/work/ratis/ratis/ratis-test/target/test/data/ecd5beaa/MiniRaftClusterWithGrpc9adc73ec/s1/f8f04157-cc6a-4875-b2a3-30cf79431f65/sm
2023-02-01 13:30:18,037 [s1-impl-thread1] INFO  storage.RaftStorage (RaftStorageImpl.java:format(96)) - Storage directory /home/runner/work/ratis/ratis/ratis-test/target/test/data/ecd5beaa/MiniRaftClusterWithGrpc9adc73ec/s1/f8f04157-cc6a-4875-b2a3-30cf79431f65 has been successfully formatted.
2023-02-01 13:30:18,037 [s1-impl-thread1] INFO  impl.SimpleStateMachine4Testing (SimpleStateMachine4Testing.java:initialize(213)) - Initializing StateMachineWithSeparatedSnapshotPath:uninitialized
2023-02-01 13:30:18,037 [s1-impl-thread1] INFO  impl.SimpleStateMachine4Testing (SimpleStateMachine4Testing.java:loadSnapshot(293)) - Loading snapshot null
2023-02-01 13:30:18,037 [s1-impl-thread1] TRACE util.FileUtils (FileUtils.java:deleteFully(201)) - deleteFully /tmp/ratis-tests/statemachine/s1
2023-02-01 13:30:18,037 [s1-impl-thread1] TRACE util.FileUtils (LogUtils.java:runAndLog(49)) - Successfully ran Files.delete /tmp/ratis-tests/statemachine/s1/snapshot/1_191/vegetable.md5
2023-02-01 13:30:18,038 [s1-impl-thread1] TRACE util.FileUtils (LogUtils.java:runAndLog(49)) - Successfully ran Files.delete /tmp/ratis-tests/statemachine/s1/snapshot/1_191/deer
2023-02-01 13:30:18,038 [s1-impl-thread1] TRACE util.FileUtils (LogUtils.java:runAndLog(49)) - Successfully ran Files.delete /tmp/ratis-tests/statemachine/s1/snapshot/1_191/deer.md5
2023-02-01 13:30:18,038 [s1-impl-thread1] TRACE util.FileUtils (LogUtils.java:runAndLog(49)) - Successfully ran Files.delete /tmp/ratis-tests/statemachine/s1/snapshot/1_191/loves
2023-02-01 13:30:18,038 [s1-impl-thread1] TRACE util.FileUtils (LogUtils.java:runAndLog(49)) - Successfully ran Files.delete /tmp/ratis-tests/statemachine/s1/snapshot/1_191/vegetable
2023-02-01 13:30:18,038 [s1-impl-thread1] TRACE util.FileUtils (LogUtils.java:runAndLog(49)) - Successfully ran Files.delete /tmp/ratis-tests/statemachine/s1/snapshot/1_191/loves.md5
2023-02-01 13:30:18,038 [s1-impl-thread1] TRACE util.FileUtils (LogUtils.java:runAndLog(49)) - Successfully ran Files.delete /tmp/ratis-tests/statemachine/s1/snapshot/1_191
2023-02-01 13:30:18,038 [s1-impl-thread1] TRACE util.FileUtils (LogUtils.java:runAndLog(49)) - Successfully ran Files.delete /tmp/ratis-tests/statemachine/s1/snapshot/1_257/deer
2023-02-01 13:30:18,039 [s1-impl-thread1] TRACE util.FileUtils (LogUtils.java:runAndLog(49)) - Successfully ran Files.delete /tmp/ratis-tests/statemachine/s1/snapshot/1_257/loves
2023-02-01 13:30:18,039 [s1-impl-thread1] TRACE util.FileUtils (LogUtils.java:runAndLog(49)) - Successfully ran Files.delete /tmp/ratis-tests/statemachine/s1/snapshot/1_257/vegetable
2023-02-01 13:30:18,039 [s1-impl-thread1] TRACE util.FileUtils (LogUtils.java:runAndLog(49)) - Successfully ran Files.delete /tmp/ratis-tests/statemachine/s1/snapshot/1_257
2023-02-01 13:30:18,039 [s1-impl-thread1] TRACE util.FileUtils (LogUtils.java:runAndLog(49)) - Successfully ran Files.delete /tmp/ratis-tests/statemachine/s1/snapshot
2023-02-01 13:30:18,039 [s1-impl-thread1] TRACE util.FileUtils (LogUtils.java:runAndLog(49)) - Successfully ran Files.delete /tmp/ratis-tests/statemachine/s1/tmp
2023-02-01 13:30:18,039 [s1-impl-thread1] TRACE util.FileUtils (LogUtils.java:runAndLog(49)) - Successfully ran Files.delete /tmp/ratis-tests/statemachine/s1
2023-02-01 13:30:18,039 [s1-impl-thread1] INFO  server.RaftServerConfigKeys (ConfUtils.java:logGet(46)) - raft.server.log.use.memory = false (default)
2023-02-01 13:30:18,040 [s1-impl-thread1] INFO  server.RaftServerConfigKeys (ConfUtils.java:logGet(46)) - raft.server.log.purge.gap = 8 (custom)
2023-02-01 13:30:18,040 [s1-impl-thread1] INFO  server.RaftServerConfigKeys (ConfUtils.java:logGet(46)) - raft.server.log.appender.buffer.byte-limit = 4MB (=4194304) (default)
2023-02-01 13:30:18,040 [s1-impl-thread1] INFO  server.RaftServerConfigKeys (ConfUtils.java:logGet(46)) - raft.server.log.statemachine.data.read.timeout = 1000ms (default)
2023-02-01 13:30:18,040 [s1-impl-thread1] INFO  server.RaftServerConfigKeys (ConfUtils.java:logGet(46)) - raft.server.log.purge.preservation.log.num = 0 (default)
2023-02-01 13:30:18,040 [s1-impl-thread1] INFO  server.RaftServerConfigKeys (ConfUtils.java:logGet(46)) - raft.server.log.segment.size.max = 8MB (=8388608) (default)
2023-02-01 13:30:18,041 [s1-impl-thread1] INFO  server.RaftServerConfigKeys (ConfUtils.java:logGet(46)) - raft.server.log.segment.cache.num.max = 6 (default)
2023-02-01 13:30:18,041 [s1-impl-thread1] INFO  server.RaftServerConfigKeys (ConfUtils.java:logGet(46)) - raft.server.log.segment.cache.size.max = 200MB (=209715200) (default)
2023-02-01 13:30:18,041 [s1-impl-thread1] INFO  segmented.SegmentedRaftLogWorker (SegmentedRaftLogWorker.java:<init>(184)) - new s1@group-30CF79431F65-SegmentedRaftLogWorker for RaftStorageImpl:Storage Directory /home/runner/work/ratis/ratis/ratis-test/target/test/data/ecd5beaa/MiniRaftClusterWithGrpc9adc73ec/s1/f8f04157-cc6a-4875-b2a3-30cf79431f65
2023-02-01 13:30:18,041 [s1-impl-thread1] INFO  server.RaftServerConfigKeys (ConfUtils.java:logGet(46)) - raft.server.log.queue.byte-limit = 64MB (=67108864) (default)
2023-02-01 13:30:18,041 [s1-impl-thread1] INFO  server.RaftServerConfigKeys (ConfUtils.java:logGet(46)) - raft.server.log.queue.element-limit = 4096 (default)
2023-02-01 13:30:18,041 [s1-impl-thread1] INFO  server.RaftServerConfigKeys (ConfUtils.java:logGet(46)) - raft.server.log.segment.size.max = 8MB (=8388608) (default)
2023-02-01 13:30:18,041 [s1-impl-thread1] INFO  server.RaftServerConfigKeys (ConfUtils.java:logGet(46)) - raft.server.log.preallocated.size = 4MB (=4194304) (default)
2023-02-01 13:30:18,041 [s1-impl-thread1] INFO  server.RaftServerConfigKeys (ConfUtils.java:logGet(46)) - raft.server.log.force.sync.num = 128 (default)
2023-02-01 13:30:18,041 [s1-impl-thread1] INFO  server.RaftServerConfigKeys (ConfUtils.java:logGet(46)) - raft.server.log.statemachine.data.sync = true (default)
2023-02-01 13:30:18,041 [s1-impl-thread1] INFO  server.RaftServerConfigKeys (ConfUtils.java:logGet(46)) - raft.server.log.statemachine.data.sync.timeout = 10s (default)
2023-02-01 13:30:18,041 [s1-impl-thread1] INFO  server.RaftServerConfigKeys (ConfUtils.java:logGet(46)) - raft.server.log.statemachine.data.sync.timeout.retry = -1 (default)
2023-02-01 13:30:18,041 [s1-impl-thread1] INFO  server.RaftServerConfigKeys (ConfUtils.java:logGet(46)) - raft.server.log.write.buffer.size = 64KB (=65536) (default)
2023-02-01 13:30:18,042 [s1-impl-thread1] INFO  server.RaftServerConfigKeys (ConfUtils.java:logGet(46)) - raft.server.log.appender.buffer.byte-limit = 4MB (=4194304) (default)
2023-02-01 13:30:18,042 [s1-impl-thread1] INFO  server.RaftServerConfigKeys (ConfUtils.java:logGet(46)) - raft.server.log.unsafe-flush.enabled = false (default)
2023-02-01 13:30:18,042 [s1-impl-thread1] INFO  server.RaftServerConfigKeys (ConfUtils.java:logGet(46)) - raft.server.log.async-flush.enabled = false (default)
2023-02-01 13:30:18,042 [s1-impl-thread1] INFO  server.RaftServerConfigKeys (ConfUtils.java:logGet(46)) - raft.server.log.statemachine.data.caching.enabled = false (default)
2023-02-01 13:30:18,043 [s1-impl-thread1] INFO  segmented.SegmentedRaftLogWorker (SegmentedRaftLogWorker.java:lambda$new$0(134)) - s1@group-30CF79431F65-SegmentedRaftLogWorker: flushIndex: setUnconditionally 0 -> -1
2023-02-01 13:30:18,043 [s1-impl-thread1] INFO  segmented.SegmentedRaftLogWorker (SegmentedRaftLogWorker.java:lambda$new$0(134)) - s1@group-30CF79431F65-SegmentedRaftLogWorker: safeCacheEvictIndex: setUnconditionally 0 -> -1
2023-02-01 13:30:18,050 [s1-impl-thread1] INFO  server.RaftServer$Division (RaftServerImpl.java:start(344)) - s1@group-30CF79431F65: start with initializing state, conf=-1: peers:[]|listeners:[], old=null
2023-02-01 13:30:18,050 [s1-impl-thread1] INFO  server.RaftServer$Division (RaftServerImpl.java:setRole(325)) - s1@group-30CF79431F65: changes role from      null to FOLLOWER at term 0 for startInitializing
2023-02-01 13:30:18,050 [s1-impl-thread1] INFO  util.JmxRegister (JmxRegister.java:tryRegister(44)) - Successfully registered JMX Bean with object name Ratis:service=RaftServer,group=group-30CF79431F65,id=s1
2023-02-01 13:30:18,051 [s1-impl-thread1] INFO  server.RaftServerConfigKeys (ConfUtils.java:logGet(46)) - raft.server.snapshot.auto.trigger.enabled = true (custom)
2023-02-01 13:30:18,051 [s1-impl-thread1] INFO  server.RaftServerConfigKeys (ConfUtils.java:logGet(46)) - raft.server.snapshot.auto.trigger.threshold = 64 (custom)
2023-02-01 13:30:18,051 [s1-impl-thread1] INFO  server.RaftServerConfigKeys (ConfUtils.java:logGet(46)) - raft.server.snapshot.retention.file.num = -1 (default)
2023-02-01 13:30:18,051 [s1-impl-thread1] INFO  server.RaftServerConfigKeys (ConfUtils.java:logGet(46)) - raft.server.log.purge.upto.snapshot.index = false (default)
2023-02-01 13:30:18,058 [Time-limited test] INFO  server.RaftServer (RaftServerProxy.java:startImpl(396)) - s1: start RPC server
2023-02-01 13:30:18,069 [Time-limited test] INFO  server.GrpcService (GrpcService.java:startImpl(302)) - s1: GrpcService started, listening on 34465
2023-02-01 13:30:18,069 [s2-impl-thread1] INFO  server.RaftServerConfigKeys (ConfUtils.java:logGet(46)) - raft.server.storage.free-space.min = 0MB (=0) (default)
2023-02-01 13:30:18,070 [s2-impl-thread1] INFO  server.RaftServerConfigKeys (ConfUtils.java:logGet(46)) - raft.server.log.corruption.policy = EXCEPTION (default)
2023-02-01 13:30:18,070 [s2-impl-thread1] INFO  server.RaftServerConfigKeys (ConfUtils.java:logGet(46)) - raft.server.storage.dir = [/home/runner/work/ratis/ratis/ratis-test/target/test/data/ecd5beaa/MiniRaftClusterWithGrpc9adc73ec/s2] (custom)
2023-02-01 13:30:18,070 [s2-impl-thread1] INFO  storage.RaftStorageDirectory (RaftStorageDirectoryImpl.java:analyzeStorage(138)) - The storage directory /home/runner/work/ratis/ratis/ratis-test/target/test/data/ecd5beaa/MiniRaftClusterWithGrpc9adc73ec/s2/f8f04157-cc6a-4875-b2a3-30cf79431f65 does not exist. Creating ...
2023-02-01 13:30:18,070 [s2-impl-thread1] TRACE util.FileUtils (LogUtils.java:runAndLog(49)) - Successfully ran Files.createDirectories /home/runner/work/ratis/ratis/ratis-test/target/test/data/ecd5beaa/MiniRaftClusterWithGrpc9adc73ec/s2/f8f04157-cc6a-4875-b2a3-30cf79431f65
2023-02-01 13:30:18,072 [s2-impl-thread1] INFO  storage.RaftStorageDirectory (RaftStorageDirectoryImpl.java:tryLock(232)) - Lock on /home/runner/work/ratis/ratis/ratis-test/target/test/data/ecd5beaa/MiniRaftClusterWithGrpc9adc73ec/s2/f8f04157-cc6a-4875-b2a3-30cf79431f65/in_use.lock acquired by nodename 19321@fv-az82-241
2023-02-01 13:30:18,072 [s2-impl-thread1] TRACE util.FileUtils (LogUtils.java:runAndLog(49)) - Successfully ran Files.createDirectories /home/runner/work/ratis/ratis/ratis-test/target/test/data/ecd5beaa/MiniRaftClusterWithGrpc9adc73ec/s2/f8f04157-cc6a-4875-b2a3-30cf79431f65/current
2023-02-01 13:30:18,072 [s2-impl-thread1] TRACE util.FileUtils (LogUtils.java:runAndLog(49)) - Successfully ran Files.createDirectories /home/runner/work/ratis/ratis/ratis-test/target/test/data/ecd5beaa/MiniRaftClusterWithGrpc9adc73ec/s2/f8f04157-cc6a-4875-b2a3-30cf79431f65/sm
2023-02-01 13:30:18,074 [s2-impl-thread1] INFO  storage.RaftStorage (RaftStorageImpl.java:format(96)) - Storage directory /home/runner/work/ratis/ratis/ratis-test/target/test/data/ecd5beaa/MiniRaftClusterWithGrpc9adc73ec/s2/f8f04157-cc6a-4875-b2a3-30cf79431f65 has been successfully formatted.
2023-02-01 13:30:18,074 [s2-impl-thread1] INFO  impl.SimpleStateMachine4Testing (SimpleStateMachine4Testing.java:initialize(213)) - Initializing StateMachineWithSeparatedSnapshotPath:uninitialized
2023-02-01 13:30:18,074 [s2-impl-thread1] INFO  impl.SimpleStateMachine4Testing (SimpleStateMachine4Testing.java:loadSnapshot(293)) - Loading snapshot null
2023-02-01 13:30:18,074 [s2-impl-thread1] TRACE util.FileUtils (FileUtils.java:deleteFully(201)) - deleteFully /tmp/ratis-tests/statemachine/s2
2023-02-01 13:30:18,075 [s2-impl-thread1] TRACE util.FileUtils (LogUtils.java:runAndLog(49)) - Successfully ran Files.delete /tmp/ratis-tests/statemachine/s2/snapshot
2023-02-01 13:30:18,075 [s2-impl-thread1] TRACE util.FileUtils (LogUtils.java:runAndLog(49)) - Successfully ran Files.delete /tmp/ratis-tests/statemachine/s2/tmp/snapshot-980c5925-c491-42c3-8ca5-33440e5cff55/1_191/deer
2023-02-01 13:30:18,075 [s2-impl-thread1] TRACE util.FileUtils (LogUtils.java:runAndLog(49)) - Successfully ran Files.delete /tmp/ratis-tests/statemachine/s2/tmp/snapshot-980c5925-c491-42c3-8ca5-33440e5cff55/1_191/deer.md5
2023-02-01 13:30:18,075 [s2-impl-thread1] TRACE util.FileUtils (LogUtils.java:runAndLog(49)) - Successfully ran Files.delete /tmp/ratis-tests/statemachine/s2/tmp/snapshot-980c5925-c491-42c3-8ca5-33440e5cff55/1_191
2023-02-01 13:30:18,075 [s2-impl-thread1] TRACE util.FileUtils (LogUtils.java:runAndLog(49)) - Successfully ran Files.delete /tmp/ratis-tests/statemachine/s2/tmp/snapshot-980c5925-c491-42c3-8ca5-33440e5cff55
2023-02-01 13:30:18,075 [s2-impl-thread1] TRACE util.FileUtils (LogUtils.java:runAndLog(49)) - Successfully ran Files.delete /tmp/ratis-tests/statemachine/s2/tmp
2023-02-01 13:30:18,076 [s2-impl-thread1] TRACE util.FileUtils (LogUtils.java:runAndLog(49)) - Successfully ran Files.delete /tmp/ratis-tests/statemachine/s2
2023-02-01 13:30:18,076 [s2-impl-thread1] INFO  server.RaftServerConfigKeys (ConfUtils.java:logGet(46)) - raft.server.log.use.memory = false (default)
2023-02-01 13:30:18,076 [s2-impl-thread1] INFO  server.RaftServerConfigKeys (ConfUtils.java:logGet(46)) - raft.server.log.purge.gap = 8 (custom)
2023-02-01 13:30:18,076 [s2-impl-thread1] INFO  server.RaftServerConfigKeys (ConfUtils.java:logGet(46)) - raft.server.log.appender.buffer.byte-limit = 4MB (=4194304) (default)
2023-02-01 13:30:18,076 [s2-impl-thread1] INFO  server.RaftServerConfigKeys (ConfUtils.java:logGet(46)) - raft.server.log.statemachine.data.read.timeout = 1000ms (default)
2023-02-01 13:30:18,076 [s2-impl-thread1] INFO  server.RaftServerConfigKeys (ConfUtils.java:logGet(46)) - raft.server.log.purge.preservation.log.num = 0 (default)
2023-02-01 13:30:18,077 [s2-impl-thread1] INFO  server.RaftServerConfigKeys (ConfUtils.java:logGet(46)) - raft.server.log.segment.size.max = 8MB (=8388608) (default)
2023-02-01 13:30:18,077 [s2-impl-thread1] INFO  server.RaftServerConfigKeys (ConfUtils.java:logGet(46)) - raft.server.log.segment.cache.num.max = 6 (default)
2023-02-01 13:30:18,077 [s2-impl-thread1] INFO  server.RaftServerConfigKeys (ConfUtils.java:logGet(46)) - raft.server.log.segment.cache.size.max = 200MB (=209715200) (default)
2023-02-01 13:30:18,077 [s2-impl-thread1] INFO  segmented.SegmentedRaftLogWorker (SegmentedRaftLogWorker.java:<init>(184)) - new s2@group-30CF79431F65-SegmentedRaftLogWorker for RaftStorageImpl:Storage Directory /home/runner/work/ratis/ratis/ratis-test/target/test/data/ecd5beaa/MiniRaftClusterWithGrpc9adc73ec/s2/f8f04157-cc6a-4875-b2a3-30cf79431f65
2023-02-01 13:30:18,077 [s2-impl-thread1] INFO  server.RaftServerConfigKeys (ConfUtils.java:logGet(46)) - raft.server.log.queue.byte-limit = 64MB (=67108864) (default)
2023-02-01 13:30:18,077 [s2-impl-thread1] INFO  server.RaftServerConfigKeys (ConfUtils.java:logGet(46)) - raft.server.log.queue.element-limit = 4096 (default)
2023-02-01 13:30:18,078 [s2-impl-thread1] INFO  server.RaftServerConfigKeys (ConfUtils.java:logGet(46)) - raft.server.log.segment.size.max = 8MB (=8388608) (default)
2023-02-01 13:30:18,078 [s2-impl-thread1] INFO  server.RaftServerConfigKeys (ConfUtils.java:logGet(46)) - raft.server.log.preallocated.size = 4MB (=4194304) (default)
2023-02-01 13:30:18,078 [s2-impl-thread1] INFO  server.RaftServerConfigKeys (ConfUtils.java:logGet(46)) - raft.server.log.force.sync.num = 128 (default)
2023-02-01 13:30:18,078 [JvmPauseMonitor10] INFO  util.JvmPauseMonitor (JvmPauseMonitor.java:run(105)) - JvmPauseMonitor-s1: Started
2023-02-01 13:30:18,078 [s2-impl-thread1] INFO  server.RaftServerConfigKeys (ConfUtils.java:logGet(46)) - raft.server.log.statemachine.data.sync = true (default)
2023-02-01 13:30:18,079 [s2-impl-thread1] INFO  server.RaftServerConfigKeys (ConfUtils.java:logGet(46)) - raft.server.log.statemachine.data.sync.timeout = 10s (default)
2023-02-01 13:30:18,079 [s2-impl-thread1] INFO  server.RaftServerConfigKeys (ConfUtils.java:logGet(46)) - raft.server.log.statemachine.data.sync.timeout.retry = -1 (default)
2023-02-01 13:30:18,079 [s2-impl-thread1] INFO  server.RaftServerConfigKeys (ConfUtils.java:logGet(46)) - raft.server.log.write.buffer.size = 64KB (=65536) (default)
2023-02-01 13:30:18,086 [s2-impl-thread1] INFO  server.RaftServerConfigKeys (ConfUtils.java:logGet(46)) - raft.server.log.appender.buffer.byte-limit = 4MB (=4194304) (default)
2023-02-01 13:30:18,087 [s2-impl-thread1] INFO  server.RaftServerConfigKeys (ConfUtils.java:logGet(46)) - raft.server.log.unsafe-flush.enabled = false (default)
2023-02-01 13:30:18,087 [s2-impl-thread1] INFO  server.RaftServerConfigKeys (ConfUtils.java:logGet(46)) - raft.server.log.async-flush.enabled = false (default)
2023-02-01 13:30:18,087 [s2-impl-thread1] INFO  server.RaftServerConfigKeys (ConfUtils.java:logGet(46)) - raft.server.log.statemachine.data.caching.enabled = false (default)
2023-02-01 13:30:18,087 [s2-impl-thread1] INFO  segmented.SegmentedRaftLogWorker (SegmentedRaftLogWorker.java:lambda$new$0(134)) - s2@group-30CF79431F65-SegmentedRaftLogWorker: flushIndex: setUnconditionally 0 -> -1
2023-02-01 13:30:18,087 [s2-impl-thread1] INFO  segmented.SegmentedRaftLogWorker (SegmentedRaftLogWorker.java:lambda$new$0(134)) - s2@group-30CF79431F65-SegmentedRaftLogWorker: safeCacheEvictIndex: setUnconditionally 0 -> -1
2023-02-01 13:30:18,090 [s2-impl-thread1] INFO  server.RaftServer$Division (RaftServerImpl.java:start(344)) - s2@group-30CF79431F65: start with initializing state, conf=-1: peers:[]|listeners:[], old=null
2023-02-01 13:30:18,090 [s2-impl-thread1] INFO  server.RaftServer$Division (RaftServerImpl.java:setRole(325)) - s2@group-30CF79431F65: changes role from      null to FOLLOWER at term 0 for startInitializing
2023-02-01 13:30:18,090 [s2-impl-thread1] INFO  util.JmxRegister (JmxRegister.java:tryRegister(44)) - Successfully registered JMX Bean with object name Ratis:service=RaftServer,group=group-30CF79431F65,id=s2
2023-02-01 13:30:18,090 [s2-impl-thread1] INFO  server.RaftServerConfigKeys (ConfUtils.java:logGet(46)) - raft.server.snapshot.auto.trigger.enabled = true (custom)
2023-02-01 13:30:18,091 [s2-impl-thread1] INFO  server.RaftServerConfigKeys (ConfUtils.java:logGet(46)) - raft.server.snapshot.auto.trigger.threshold = 64 (custom)
2023-02-01 13:30:18,091 [s2-impl-thread1] INFO  server.RaftServerConfigKeys (ConfUtils.java:logGet(46)) - raft.server.snapshot.retention.file.num = -1 (default)
2023-02-01 13:30:18,091 [s2-impl-thread1] INFO  server.RaftServerConfigKeys (ConfUtils.java:logGet(46)) - raft.server.log.purge.upto.snapshot.index = false (default)
2023-02-01 13:30:18,091 [Time-limited test] INFO  server.RaftServer (RaftServerProxy.java:startImpl(396)) - s2: start RPC server
2023-02-01 13:30:18,093 [Time-limited test] INFO  server.GrpcService (GrpcService.java:startImpl(302)) - s2: GrpcService started, listening on 38455
2023-02-01 13:30:18,094 [Time-limited test] INFO  impl.MiniRaftCluster (MiniRaftCluster.java:setConfiguration(819)) - Start changing the configuration: [s1|rpc:0.0.0.0:34465|priority:0|startupRole:FOLLOWER, s2|rpc:0.0.0.0:38455|priority:0|startupRole:FOLLOWER, s0|rpc:localhost:40279|admin:localhost:42953|client:localhost:45497|dataStream:localhost:37411|priority:0|startupRole:FOLLOWER]
2023-02-01 13:30:18,098 [JvmPauseMonitor11] INFO  util.JvmPauseMonitor (JvmPauseMonitor.java:run(105)) - JvmPauseMonitor-s2: Started
2023-02-01 13:30:18,104 [s0-server-thread1] INFO  server.RaftServer$Division (RaftServerImpl.java:setConfigurationAsync(1192)) - s0@group-30CF79431F65: receive setConfiguration SetConfigurationRequest:client-A5C65633BA68->s0@group-30CF79431F65, cid=515, seq=0, RW, null, SET_UNCONDITIONALLY, servers:[s1|rpc:0.0.0.0:34465|dataStream:|priority:0|startupRole:FOLLOWER, s2|rpc:0.0.0.0:38455|dataStream:|priority:0|startupRole:FOLLOWER, s0|rpc:localhost:40279|admin:localhost:42953|client:localhost:45497|dataStream:localhost:37411|priority:0|startupRole:FOLLOWER], listeners:[]
2023-02-01 13:30:18,104 [s0-server-thread1] INFO  server.RaftServer$Division (LeaderStateImpl.java:startSetConfiguration(440)) - s0@group-30CF79431F65-LeaderStateImpl: startSetConfiguration SetConfigurationRequest:client-A5C65633BA68->s0@group-30CF79431F65, cid=515, seq=0, RW, null, SET_UNCONDITIONALLY, servers:[s1|rpc:0.0.0.0:34465|dataStream:|priority:0|startupRole:FOLLOWER, s2|rpc:0.0.0.0:38455|dataStream:|priority:0|startupRole:FOLLOWER, s0|rpc:localhost:40279|admin:localhost:42953|client:localhost:45497|dataStream:localhost:37411|priority:0|startupRole:FOLLOWER], listeners:[]
2023-02-01 13:30:18,105 [s0-server-thread1] INFO  server.RaftServerConfigKeys (ConfUtils.java:logGet(46)) - raft.server.log.appender.snapshot.chunk.size.max = 1k (=1024) (custom)
2023-02-01 13:30:18,105 [s0-server-thread1] INFO  server.RaftServerConfigKeys (ConfUtils.java:logGet(46)) - raft.server.log.appender.buffer.byte-limit = 4MB (=4194304) (default)
2023-02-01 13:30:18,105 [s0-server-thread1] INFO  server.RaftServerConfigKeys (ConfUtils.java:logGet(46)) - raft.server.log.appender.buffer.element-limit = 0 (default)
2023-02-01 13:30:18,105 [s0-server-thread1] INFO  grpc.GrpcConfigKeys (ConfUtils.java:logGet(46)) - raft.grpc.server.leader.outstanding.appends.max = 128 (default)
2023-02-01 13:30:18,105 [s0-server-thread1] INFO  server.RaftServerConfigKeys (ConfUtils.java:logGet(46)) - raft.server.rpc.request.timeout = 3000ms (default)
2023-02-01 13:30:18,105 [s0-server-thread1] INFO  server.RaftServerConfigKeys (ConfUtils.java:logGet(46)) - raft.server.log.appender.install.snapshot.enabled = true (default)
2023-02-01 13:30:18,105 [s0-server-thread1] INFO  grpc.GrpcConfigKeys (ConfUtils.java:logGet(46)) - raft.grpc.server.heartbeat.channel = true (default)
2023-02-01 13:30:18,105 [s0-server-thread1] INFO  server.RaftServerConfigKeys (ConfUtils.java:logGet(46)) - raft.server.log.appender.wait-time.min = 10ms (default)
2023-02-01 13:30:18,106 [s0-server-thread1] INFO  server.RaftServerConfigKeys (ConfUtils.java:logGet(46)) - raft.server.log.appender.snapshot.chunk.size.max = 1k (=1024) (custom)
2023-02-01 13:30:18,106 [s0-server-thread1] INFO  server.RaftServerConfigKeys (ConfUtils.java:logGet(46)) - raft.server.log.appender.buffer.byte-limit = 4MB (=4194304) (default)
2023-02-01 13:30:18,106 [s0-server-thread1] INFO  server.RaftServerConfigKeys (ConfUtils.java:logGet(46)) - raft.server.log.appender.buffer.element-limit = 0 (default)
2023-02-01 13:30:18,106 [s0-server-thread1] INFO  grpc.GrpcConfigKeys (ConfUtils.java:logGet(46)) - raft.grpc.server.leader.outstanding.appends.max = 128 (default)
2023-02-01 13:30:18,106 [s0-server-thread1] INFO  server.RaftServerConfigKeys (ConfUtils.java:logGet(46)) - raft.server.rpc.request.timeout = 3000ms (default)
2023-02-01 13:30:18,106 [s0-server-thread1] INFO  server.RaftServerConfigKeys (ConfUtils.java:logGet(46)) - raft.server.log.appender.install.snapshot.enabled = true (default)
2023-02-01 13:30:18,106 [s0-server-thread1] INFO  grpc.GrpcConfigKeys (ConfUtils.java:logGet(46)) - raft.grpc.server.heartbeat.channel = true (default)
2023-02-01 13:30:18,106 [s0-server-thread1] INFO  server.RaftServerConfigKeys (ConfUtils.java:logGet(46)) - raft.server.log.appender.wait-time.min = 10ms (default)
2023-02-01 13:30:18,110 [s0@group-30CF79431F65->s1-GrpcLogAppender-LogAppenderDaemon] INFO  server.GrpcLogAppender (GrpcLogAppender.java:installSnapshot(585)) - s0@group-30CF79431F65->s1-GrpcLogAppender: followerNextIndex = 0 but logStartIndex = 0, send snapshot FileListSnapshotInfo(t:1, i:191):[/tmp/ratis-tests/statemachine/s0/snapshot/1_191/deer, /tmp/ratis-tests/statemachine/s0/snapshot/1_191/loves, /tmp/ratis-tests/statemachine/s0/snapshot/1_191/vegetable] to follower
2023-02-01 13:30:18,117 [s0@group-30CF79431F65->s1-GrpcLogAppender-LogAppenderDaemon] INFO  server.GrpcServerProtocolClient (GrpcServerProtocolClient.java:<init>(63)) - Build channel for s1
2023-02-01 13:30:18,119 [s0@group-30CF79431F65->s2-GrpcLogAppender-LogAppenderDaemon] INFO  server.GrpcLogAppender (GrpcLogAppender.java:installSnapshot(585)) - s0@group-30CF79431F65->s2-GrpcLogAppender: followerNextIndex = 0 but logStartIndex = 0, send snapshot FileListSnapshotInfo(t:1, i:191):[/tmp/ratis-tests/statemachine/s0/snapshot/1_191/deer, /tmp/ratis-tests/statemachine/s0/snapshot/1_191/loves, /tmp/ratis-tests/statemachine/s0/snapshot/1_191/vegetable] to follower
2023-02-01 13:30:18,119 [s0@group-30CF79431F65->s2-GrpcLogAppender-LogAppenderDaemon] INFO  server.GrpcServerProtocolClient (GrpcServerProtocolClient.java:<init>(63)) - Build channel for s2
2023-02-01 13:30:18,132 [grpc-default-executor-3] INFO  impl.SnapshotInstallationHandler (SnapshotInstallationHandler.java:installSnapshot(89)) - s1@group-30CF79431F65: receive installSnapshot: s0->s1#0-t1,chunk:de3adbe7-4573-4fea-9e97-8683cff175fb,0
2023-02-01 13:30:18,134 [grpc-default-executor-3] INFO  server.RaftServer$Division (ServerState.java:setLeader(260)) - s1@group-30CF79431F65: change Leader from null to s0 at term 1 for installSnapshot, leader elected after 122ms
2023-02-01 13:30:18,135 [grpc-default-executor-2] INFO  impl.SnapshotInstallationHandler (SnapshotInstallationHandler.java:installSnapshot(89)) - s2@group-30CF79431F65: receive installSnapshot: s0->s2#0-t1,chunk:1d147c62-a799-4905-bb98-6787eb0b6ad5,0
2023-02-01 13:30:18,136 [grpc-default-executor-3] TRACE util.FileUtils (LogUtils.java:runAndLog(49)) - Successfully ran Files.createDirectories /tmp/ratis-tests/statemachine/s1/tmp/snapshot-de3adbe7-4573-4fea-9e97-8683cff175fb
2023-02-01 13:30:18,136 [grpc-default-executor-3] INFO  storage.SnapshotManager (SnapshotManager.java:installSnapshot(89)) - Installing snapshot:s0->s1#0-t1,chunk:de3adbe7-4573-4fea-9e97-8683cff175fb,0, to tmp dir:/tmp/ratis-tests/statemachine/s1/tmp/snapshot-de3adbe7-4573-4fea-9e97-8683cff175fb
2023-02-01 13:30:18,136 [grpc-default-executor-3] TRACE util.FileUtils (LogUtils.java:runAndLog(49)) - Successfully ran Files.createDirectories /tmp/ratis-tests/statemachine/s1/tmp/snapshot-de3adbe7-4573-4fea-9e97-8683cff175fb/1_191
2023-02-01 13:30:18,137 [grpc-default-executor-2] INFO  server.RaftServer$Division (ServerState.java:setLeader(260)) - s2@group-30CF79431F65: change Leader from null to s0 at term 1 for installSnapshot, leader elected after 104ms
2023-02-01 13:30:18,137 [grpc-default-executor-3] INFO  segmented.SegmentedRaftLogWorker (SegmentedRaftLogWorker.java:lambda$new$0(134)) - s1@group-30CF79431F65-SegmentedRaftLogWorker: flushIndex: setUnconditionally -1 -> 191
2023-02-01 13:30:18,138 [grpc-default-executor-3] INFO  segmented.SegmentedRaftLogWorker (SegmentedRaftLogWorker.java:lambda$new$0(134)) - s1@group-30CF79431F65-SegmentedRaftLogWorker: safeCacheEvictIndex: setUnconditionally -1 -> 191
2023-02-01 13:30:18,138 [grpc-default-executor-3] INFO  impl.SnapshotInstallationHandler (SnapshotInstallationHandler.java:installSnapshotImpl(134)) - s1@group-30CF79431F65: set new configuration configurationEntry {
  peers {
    id: "s0"
    address: "localhost:40279"
    dataStreamAddress: "localhost:37411"
    clientAddress: "localhost:45497"
    adminAddress: "localhost:42953"
    startupRole: FOLLOWER
  }
}
 from snapshot
2023-02-01 13:30:18,140 [grpc-default-executor-2] TRACE util.FileUtils (LogUtils.java:runAndLog(49)) - Successfully ran Files.createDirectories /tmp/ratis-tests/statemachine/s2/tmp/snapshot-1d147c62-a799-4905-bb98-6787eb0b6ad5
2023-02-01 13:30:18,140 [grpc-default-executor-2] INFO  storage.SnapshotManager (SnapshotManager.java:installSnapshot(89)) - Installing snapshot:s0->s2#0-t1,chunk:1d147c62-a799-4905-bb98-6787eb0b6ad5,0, to tmp dir:/tmp/ratis-tests/statemachine/s2/tmp/snapshot-1d147c62-a799-4905-bb98-6787eb0b6ad5
2023-02-01 13:30:18,141 [grpc-default-executor-2] TRACE util.FileUtils (LogUtils.java:runAndLog(49)) - Successfully ran Files.createDirectories /tmp/ratis-tests/statemachine/s2/tmp/snapshot-1d147c62-a799-4905-bb98-6787eb0b6ad5/1_191
2023-02-01 13:30:18,141 [grpc-default-executor-3] INFO  server.RaftServer$Division (ServerState.java:setRaftConf(378)) - s1@group-30CF79431F65: set configuration 0: peers:[s0|rpc:localhost:40279|admin:localhost:42953|client:localhost:45497|dataStream:localhost:37411|priority:0|startupRole:FOLLOWER]|listeners:[], old=null
2023-02-01 13:30:18,141 [grpc-default-executor-3] INFO  impl.SnapshotInstallationHandler (SnapshotInstallationHandler.java:installSnapshot(100)) - s1@group-30CF79431F65: reply installSnapshot: s0<-s1#0:OK-t0,SUCCESS,requestIndex=0
2023-02-01 13:30:18,142 [grpc-default-executor-3] INFO  server.GrpcLogAppender (GrpcLogAppender.java:onNext(491)) - s0@group-30CF79431F65->s1-InstallSnapshotResponseHandler: received the first reply s0<-s1#0:OK-t0,SUCCESS,requestIndex=0
2023-02-01 13:30:18,142 [grpc-default-executor-3] INFO  server.GrpcLogAppender (GrpcLogAppender.java:onNext(504)) - s0@group-30CF79431F65->s1-InstallSnapshotResponseHandler: Completed InstallSnapshot. Reply: serverReply {
  requestorId: "s0"
  replyId: "s1"
  raftGroupId {
    id: "\370\360AW\314jHu\262\2430\317yC\037e"
  }
  success: true
}
requestIndex: 0

2023-02-01 13:30:18,142 [grpc-default-executor-3] INFO  leader.FollowerInfo (FollowerInfoImpl.java:setAttemptedToInstallSnapshot(123)) - Follower s0@group-30CF79431F65->s1 acknowledged installing snapshot
2023-02-01 13:30:18,143 [grpc-default-executor-3] INFO  impl.SnapshotInstallationHandler (SnapshotInstallationHandler.java:installSnapshot(89)) - s1@group-30CF79431F65: receive installSnapshot: s0->s1#0-t1,chunk:de3adbe7-4573-4fea-9e97-8683cff175fb,1
2023-02-01 13:30:18,143 [grpc-default-executor-3] TRACE util.FileUtils (LogUtils.java:runAndLog(49)) - Successfully ran Files.createDirectories /tmp/ratis-tests/statemachine/s1/tmp/snapshot-de3adbe7-4573-4fea-9e97-8683cff175fb
2023-02-01 13:30:18,143 [grpc-default-executor-3] INFO  storage.SnapshotManager (SnapshotManager.java:installSnapshot(89)) - Installing snapshot:s0->s1#0-t1,chunk:de3adbe7-4573-4fea-9e97-8683cff175fb,1, to tmp dir:/tmp/ratis-tests/statemachine/s1/tmp/snapshot-de3adbe7-4573-4fea-9e97-8683cff175fb
2023-02-01 13:30:18,144 [grpc-default-executor-3] TRACE util.FileUtils (LogUtils.java:runAndLog(49)) - Successfully ran Files.createDirectories /tmp/ratis-tests/statemachine/s1/tmp/snapshot-de3adbe7-4573-4fea-9e97-8683cff175fb/1_191
2023-02-01 13:30:18,143 [grpc-default-executor-2] INFO  segmented.SegmentedRaftLogWorker (SegmentedRaftLogWorker.java:lambda$new$0(134)) - s2@group-30CF79431F65-SegmentedRaftLogWorker: flushIndex: setUnconditionally -1 -> 191
2023-02-01 13:30:18,144 [grpc-default-executor-2] INFO  segmented.SegmentedRaftLogWorker (SegmentedRaftLogWorker.java:lambda$new$0(134)) - s2@group-30CF79431F65-SegmentedRaftLogWorker: safeCacheEvictIndex: setUnconditionally -1 -> 191
2023-02-01 13:30:18,146 [grpc-default-executor-2] INFO  impl.SnapshotInstallationHandler (SnapshotInstallationHandler.java:installSnapshotImpl(134)) - s2@group-30CF79431F65: set new configuration configurationEntry {
  peers {
    id: "s0"
    address: "localhost:40279"
    dataStreamAddress: "localhost:37411"
    clientAddress: "localhost:45497"
    adminAddress: "localhost:42953"
    startupRole: FOLLOWER
  }
}
 from snapshot
2023-02-01 13:30:18,147 [grpc-default-executor-3] INFO  segmented.SegmentedRaftLogWorker (SegmentedRaftLogWorker.java:lambda$new$0(134)) - s1@group-30CF79431F65-SegmentedRaftLogWorker: flushIndex: setUnconditionally 191 -> 191
2023-02-01 13:30:18,147 [grpc-default-executor-3] INFO  segmented.SegmentedRaftLogWorker (SegmentedRaftLogWorker.java:lambda$new$0(134)) - s1@group-30CF79431F65-SegmentedRaftLogWorker: safeCacheEvictIndex: setUnconditionally 191 -> 191
2023-02-01 13:30:18,147 [grpc-default-executor-3] INFO  impl.SnapshotInstallationHandler (SnapshotInstallationHandler.java:installSnapshot(100)) - s1@group-30CF79431F65: reply installSnapshot: s0<-s1#0:OK-t1,SUCCESS,requestIndex=1
2023-02-01 13:30:18,147 [grpc-default-executor-1] INFO  server.GrpcLogAppender (GrpcLogAppender.java:onNext(491)) - s0@group-30CF79431F65->s1-InstallSnapshotResponseHandler: received a reply s0<-s1#0:OK-t1,SUCCESS,requestIndex=1
2023-02-01 13:30:18,148 [grpc-default-executor-1] INFO  server.GrpcLogAppender (GrpcLogAppender.java:onNext(504)) - s0@group-30CF79431F65->s1-InstallSnapshotResponseHandler: Completed InstallSnapshot. Reply: serverReply {
  requestorId: "s0"
  replyId: "s1"
  raftGroupId {
    id: "\370\360AW\314jHu\262\2430\317yC\037e"
  }
  success: true
}
term: 1
requestIndex: 1

2023-02-01 13:30:18,148 [grpc-default-executor-1] INFO  leader.FollowerInfo (FollowerInfoImpl.java:setAttemptedToInstallSnapshot(123)) - Follower s0@group-30CF79431F65->s1 acknowledged installing snapshot
2023-02-01 13:30:18,150 [grpc-default-executor-2] INFO  server.RaftServer$Division (ServerState.java:setRaftConf(378)) - s2@group-30CF79431F65: set configuration 0: peers:[s0|rpc:localhost:40279|admin:localhost:42953|client:localhost:45497|dataStream:localhost:37411|priority:0|startupRole:FOLLOWER]|listeners:[], old=null
2023-02-01 13:30:18,150 [grpc-default-executor-2] INFO  impl.SnapshotInstallationHandler (SnapshotInstallationHandler.java:installSnapshot(100)) - s2@group-30CF79431F65: reply installSnapshot: s0<-s2#0:OK-t0,SUCCESS,requestIndex=0
2023-02-01 13:30:18,151 [grpc-default-executor-2] INFO  impl.SnapshotInstallationHandler (SnapshotInstallationHandler.java:installSnapshot(89)) - s2@group-30CF79431F65: receive installSnapshot: s0->s2#0-t1,chunk:1d147c62-a799-4905-bb98-6787eb0b6ad5,1
2023-02-01 13:30:18,151 [grpc-default-executor-2] TRACE util.FileUtils (LogUtils.java:runAndLog(49)) - Successfully ran Files.createDirectories /tmp/ratis-tests/statemachine/s2/tmp/snapshot-1d147c62-a799-4905-bb98-6787eb0b6ad5
2023-02-01 13:30:18,151 [grpc-default-executor-2] INFO  storage.SnapshotManager (SnapshotManager.java:installSnapshot(89)) - Installing snapshot:s0->s2#0-t1,chunk:1d147c62-a799-4905-bb98-6787eb0b6ad5,1, to tmp dir:/tmp/ratis-tests/statemachine/s2/tmp/snapshot-1d147c62-a799-4905-bb98-6787eb0b6ad5
2023-02-01 13:30:18,151 [grpc-default-executor-2] TRACE util.FileUtils (LogUtils.java:runAndLog(49)) - Successfully ran Files.createDirectories /tmp/ratis-tests/statemachine/s2/tmp/snapshot-1d147c62-a799-4905-bb98-6787eb0b6ad5/1_191
2023-02-01 13:30:18,152 [grpc-default-executor-3] INFO  server.GrpcLogAppender (GrpcLogAppender.java:onNext(491)) - s0@group-30CF79431F65->s2-InstallSnapshotResponseHandler: received the first reply s0<-s2#0:OK-t0,SUCCESS,requestIndex=0
2023-02-01 13:30:18,152 [grpc-default-executor-3] INFO  server.GrpcLogAppender (GrpcLogAppender.java:onNext(504)) - s0@group-30CF79431F65->s2-InstallSnapshotResponseHandler: Completed InstallSnapshot. Reply: serverReply {
  requestorId: "s0"
  replyId: "s2"
  raftGroupId {
    id: "\370\360AW\314jHu\262\2430\317yC\037e"
  }
  success: true
}
requestIndex: 0

2023-02-01 13:30:18,152 [grpc-default-executor-3] INFO  leader.FollowerInfo (FollowerInfoImpl.java:setAttemptedToInstallSnapshot(123)) - Follower s0@group-30CF79431F65->s2 acknowledged installing snapshot
2023-02-01 13:30:18,153 [grpc-default-executor-3] INFO  impl.SnapshotInstallationHandler (SnapshotInstallationHandler.java:installSnapshot(89)) - s1@group-30CF79431F65: receive installSnapshot: s0->s1#0-t1,chunk:de3adbe7-4573-4fea-9e97-8683cff175fb,2
2023-02-01 13:30:18,153 [grpc-default-executor-3] TRACE util.FileUtils (LogUtils.java:runAndLog(49)) - Successfully ran Files.createDirectories /tmp/ratis-tests/statemachine/s1/tmp/snapshot-de3adbe7-4573-4fea-9e97-8683cff175fb
2023-02-01 13:30:18,153 [grpc-default-executor-3] INFO  storage.SnapshotManager (SnapshotManager.java:installSnapshot(89)) - Installing snapshot:s0->s1#0-t1,chunk:de3adbe7-4573-4fea-9e97-8683cff175fb,2, to tmp dir:/tmp/ratis-tests/statemachine/s1/tmp/snapshot-de3adbe7-4573-4fea-9e97-8683cff175fb
2023-02-01 13:30:18,154 [grpc-default-executor-3] TRACE util.FileUtils (LogUtils.java:runAndLog(49)) - Successfully ran Files.createDirectories /tmp/ratis-tests/statemachine/s1/tmp/snapshot-de3adbe7-4573-4fea-9e97-8683cff175fb/1_191
2023-02-01 13:30:18,154 [grpc-default-executor-2] INFO  segmented.SegmentedRaftLogWorker (SegmentedRaftLogWorker.java:lambda$new$0(134)) - s2@group-30CF79431F65-SegmentedRaftLogWorker: flushIndex: setUnconditionally 191 -> 191
2023-02-01 13:30:18,154 [grpc-default-executor-2] INFO  segmented.SegmentedRaftLogWorker (SegmentedRaftLogWorker.java:lambda$new$0(134)) - s2@group-30CF79431F65-SegmentedRaftLogWorker: safeCacheEvictIndex: setUnconditionally 191 -> 191
2023-02-01 13:30:18,154 [grpc-default-executor-2] INFO  impl.SnapshotInstallationHandler (SnapshotInstallationHandler.java:installSnapshot(100)) - s2@group-30CF79431F65: reply installSnapshot: s0<-s2#0:OK-t1,SUCCESS,requestIndex=1
2023-02-01 13:30:18,155 [grpc-default-executor-1] INFO  server.GrpcLogAppender (GrpcLogAppender.java:onNext(491)) - s0@group-30CF79431F65->s2-InstallSnapshotResponseHandler: received a reply s0<-s2#0:OK-t1,SUCCESS,requestIndex=1
2023-02-01 13:30:18,155 [grpc-default-executor-1] INFO  server.GrpcLogAppender (GrpcLogAppender.java:onNext(504)) - s0@group-30CF79431F65->s2-InstallSnapshotResponseHandler: Completed InstallSnapshot. Reply: serverReply {
  requestorId: "s0"
  replyId: "s2"
  raftGroupId {
    id: "\370\360AW\314jHu\262\2430\317yC\037e"
  }
  success: true
}
term: 1
requestIndex: 1

2023-02-01 13:30:18,155 [grpc-default-executor-1] INFO  leader.FollowerInfo (FollowerInfoImpl.java:setAttemptedToInstallSnapshot(123)) - Follower s0@group-30CF79431F65->s2 acknowledged installing snapshot
2023-02-01 13:30:18,156 [grpc-default-executor-1] WARN  server.GrpcLogAppender (LogUtils.java:warn(122)) - s0@group-30CF79431F65->s2-InstallSnapshotResponseHandler: Failed InstallSnapshot: org.apache.ratis.thirdparty.io.grpc.StatusRuntimeException: CANCELLED: Failed to read message.
2023-02-01 13:30:18,156 [grpc-default-executor-1] INFO  leader.FollowerInfo (FollowerInfoImpl.java:lambda$new$0(52)) - s0@group-30CF79431F65->s2: nextIndex: updateUnconditionally 0 -> 0
2023-02-01 13:30:18,156 [grpc-default-executor-3] INFO  storage.SnapshotManager (SnapshotManager.java:rename(167)) - Installed snapshot, renaming temporary dir /tmp/ratis-tests/statemachine/s1/tmp/snapshot-de3adbe7-4573-4fea-9e97-8683cff175fb to /tmp/ratis-tests/statemachine/s1/snapshot
2023-02-01 13:30:18,157 [grpc-default-executor-3] TRACE util.FileUtils (LogUtils.java:runAndLog(49)) - Successfully ran Atomic Files.move /tmp/ratis-tests/statemachine/s1/snapshot to /tmp/ratis-tests/statemachine/s1/snapshot.tmp20230201-133018_156
2023-02-01 13:30:18,157 [grpc-default-executor-3] TRACE util.FileUtils (LogUtils.java:runAndLog(49)) - Successfully ran Atomic Files.move /tmp/ratis-tests/statemachine/s1/tmp/snapshot-de3adbe7-4573-4fea-9e97-8683cff175fb to /tmp/ratis-tests/statemachine/s1/snapshot
2023-02-01 13:30:18,157 [grpc-default-executor-3] TRACE util.FileUtils (FileUtils.java:deleteFully(201)) - deleteFully /tmp/ratis-tests/statemachine/s1/snapshot.tmp20230201-133018_156
2023-02-01 13:30:18,157 [grpc-default-executor-3] TRACE util.FileUtils (LogUtils.java:runAndLog(49)) - Successfully ran Files.delete /tmp/ratis-tests/statemachine/s1/snapshot.tmp20230201-133018_156
2023-02-01 13:30:18,157 [grpc-default-executor-3] INFO  segmented.SegmentedRaftLogWorker (SegmentedRaftLogWorker.java:lambda$new$0(134)) - s1@group-30CF79431F65-SegmentedRaftLogWorker: flushIndex: setUnconditionally 191 -> 191
2023-02-01 13:30:18,157 [grpc-default-executor-3] INFO  segmented.SegmentedRaftLogWorker (SegmentedRaftLogWorker.java:lambda$new$0(134)) - s1@group-30CF79431F65-SegmentedRaftLogWorker: safeCacheEvictIndex: setUnconditionally 191 -> 191
2023-02-01 13:30:18,158 [grpc-default-executor-3] INFO  raftlog.RaftLog (RaftLogBase.java:lambda$new$0(53)) - s1@group-30CF79431F65-SegmentedRaftLog: snapshotIndex: updateIncreasingly -1 -> 191
2023-02-01 13:30:18,158 [grpc-default-executor-3] INFO  impl.SnapshotInstallationHandler (SnapshotInstallationHandler.java:checkAndInstallSnapshot(193)) - s1@group-30CF79431F65: successfully install the entire snapshot-191
2023-02-01 13:30:18,158 [grpc-default-executor-3] INFO  impl.SnapshotInstallationHandler (SnapshotInstallationHandler.java:installSnapshot(100)) - s1@group-30CF79431F65: reply installSnapshot: s0<-s1#0:OK-t1,SUCCESS,requestIndex=2
2023-02-01 13:30:18,159 [grpc-default-executor-1] INFO  server.GrpcLogAppender (GrpcLogAppender.java:onNext(491)) - s0@group-30CF79431F65->s1-InstallSnapshotResponseHandler: received a reply s0<-s1#0:OK-t1,SUCCESS,requestIndex=2
2023-02-01 13:30:18,159 [grpc-default-executor-1] INFO  server.GrpcLogAppender (GrpcLogAppender.java:onNext(504)) - s0@group-30CF79431F65->s1-InstallSnapshotResponseHandler: Completed InstallSnapshot. Reply: serverReply {
  requestorId: "s0"
  replyId: "s1"
  raftGroupId {
    id: "\370\360AW\314jHu\262\2430\317yC\037e"
  }
  success: true
}
term: 1
requestIndex: 2

2023-02-01 13:30:18,159 [grpc-default-executor-1] INFO  leader.FollowerInfo (FollowerInfoImpl.java:setAttemptedToInstallSnapshot(123)) - Follower s0@group-30CF79431F65->s1 acknowledged installing snapshot
2023-02-01 13:30:18,157 [grpc-default-executor-2] WARN  server.GrpcServerProtocolService (LogUtils.java:warn(122)) - s2: installSnapshot onError, lastRequest: s0->s2#0-t1,chunk:1d147c62-a799-4905-bb98-6787eb0b6ad5,1: org.apache.ratis.thirdparty.io.grpc.StatusRuntimeException: CANCELLED: client cancelled
2023-02-01 13:30:18,158 [s1@group-30CF79431F65-StateMachineUpdater] INFO  impl.SimpleStateMachine4Testing (SimpleStateMachine4Testing.java:reinitialize(236)) - Reinitializing StateMachineWithSeparatedSnapshotPath:s1:group-30CF79431F65
2023-02-01 13:30:18,159 [grpc-default-executor-3] INFO  server.GrpcServerProtocolService (GrpcServerProtocolService.java:onCompleted(143)) - s1: Completed INSTALL_SNAPSHOT, lastRequest: s0->s1#0-t1,chunk:de3adbe7-4573-4fea-9e97-8683cff175fb,2
2023-02-01 13:30:18,159 [s1@group-30CF79431F65-StateMachineUpdater] INFO  impl.SimpleStateMachine4Testing (SimpleStateMachine4Testing.java:loadSnapshot(293)) - Loading snapshot null
2023-02-01 13:30:18,160 [s1@group-30CF79431F65-StateMachineUpdater] INFO  impl.StateMachineUpdater (StateMachineUpdater.java:lambda$new$0(96)) - s1@group-30CF79431F65-StateMachineUpdater: snapshotIndex: setUnconditionally -1 -> 191
2023-02-01 13:30:18,160 [s1@group-30CF79431F65-StateMachineUpdater] INFO  impl.StateMachineUpdater (StateMachineUpdater.java:lambda$new$0(96)) - s1@group-30CF79431F65-StateMachineUpdater: appliedIndex: setUnconditionally -1 -> 191
2023-02-01 13:30:18,160 [grpc-default-executor-2] INFO  server.GrpcLogAppender (GrpcLogAppender.java:onCompleted(569)) - s0@group-30CF79431F65->s1-InstallSnapshotResponseHandler: follower responded installSnapshot COMPLETED
2023-02-01 13:30:18,160 [s0@group-30CF79431F65->s1-GrpcLogAppender-LogAppenderDaemon] INFO  leader.FollowerInfo (FollowerInfoImpl.java:lambda$new$0(52)) - s0@group-30CF79431F65->s1: snapshotIndex: setUnconditionally 0 -> 191
2023-02-01 13:30:18,160 [s0@group-30CF79431F65->s1-GrpcLogAppender-LogAppenderDaemon] INFO  leader.FollowerInfo (FollowerInfoImpl.java:lambda$new$0(52)) - s0@group-30CF79431F65->s1: matchIndex: setUnconditionally -1 -> 191
2023-02-01 13:30:18,160 [s0@group-30CF79431F65->s1-GrpcLogAppender-LogAppenderDaemon] INFO  leader.FollowerInfo (FollowerInfoImpl.java:lambda$new$0(52)) - s0@group-30CF79431F65->s1: nextIndex: setUnconditionally 0 -> 192
2023-02-01 13:30:18,160 [s0@group-30CF79431F65->s1-GrpcLogAppender-LogAppenderDaemon] INFO  server.GrpcLogAppender (GrpcLogAppender.java:installSnapshot(622)) - s0@group-30CF79431F65->s1-GrpcLogAppender: installed snapshot FileListSnapshotInfo(t:1, i:191):[/tmp/ratis-tests/statemachine/s0/snapshot/1_191/deer, /tmp/ratis-tests/statemachine/s0/snapshot/1_191/loves, /tmp/ratis-tests/statemachine/s0/snapshot/1_191/vegetable] successfully
2023-02-01 13:30:18,191 [s2-server-thread1] INFO  impl.RoleInfo (RoleInfo.java:updateAndGet(139)) - s2: start s2@group-30CF79431F65-FollowerState
2023-02-01 13:30:18,195 [s1-server-thread1] INFO  impl.RoleInfo (RoleInfo.java:updateAndGet(139)) - s1: start s1@group-30CF79431F65-FollowerState
2023-02-01 13:30:18,201 [s2-server-thread2] INFO  server.RaftServer$Division (RaftServerImpl.java:checkInconsistentAppendEntries(1595)) - s2@group-30CF79431F65: Failed appendEntries as the first entry (index 0) already exists (snapshotIndex: 191, commitIndex: 0)
2023-02-01 13:30:18,201 [s2-server-thread2] INFO  server.RaftServer$Division (RaftServerImpl.java:checkInconsistentAppendEntries(1575)) - s2@group-30CF79431F65: inconsistency entries. Reply:s0<-s2#1:FAIL-t1,INCONSISTENCY,nextIndex=192,followerCommit=-1,matchIndex=-1
2023-02-01 13:30:18,202 [grpc-default-executor-3] INFO  leader.FollowerInfo (FollowerInfoImpl.java:lambda$new$0(52)) - s0@group-30CF79431F65->s2: nextIndex: updateUnconditionally 255 -> 192
2023-02-01 13:30:18,206 [s1-server-thread1] INFO  segmented.SegmentedRaftLogWorker (SegmentedRaftLogWorker.java:startLogSegment(431)) - s1@group-30CF79431F65-SegmentedRaftLogWorker: Starting segment from index:192
2023-02-01 13:30:18,212 [s2-server-thread3] INFO  segmented.SegmentedRaftLogWorker (SegmentedRaftLogWorker.java:startLogSegment(431)) - s2@group-30CF79431F65-SegmentedRaftLogWorker: Starting segment from index:192
2023-02-01 13:30:18,229 [s2@group-30CF79431F65-SegmentedRaftLogWorker] INFO  segmented.SegmentedRaftLogWorker (SegmentedRaftLogWorker.java:execute(635)) - s2@group-30CF79431F65-SegmentedRaftLogWorker: created new log segment /home/runner/work/ratis/ratis/ratis-test/target/test/data/ecd5beaa/MiniRaftClusterWithGrpc9adc73ec/s2/f8f04157-cc6a-4875-b2a3-30cf79431f65/current/log_inprogress_192
2023-02-01 13:30:18,230 [s1@group-30CF79431F65-SegmentedRaftLogWorker] INFO  segmented.SegmentedRaftLogWorker (SegmentedRaftLogWorker.java:execute(635)) - s1@group-30CF79431F65-SegmentedRaftLogWorker: created new log segment /home/runner/work/ratis/ratis/ratis-test/target/test/data/ecd5beaa/MiniRaftClusterWithGrpc9adc73ec/s1/f8f04157-cc6a-4875-b2a3-30cf79431f65/current/log_inprogress_192
2023-02-01 13:30:18,233 [s0@group-30CF79431F65-LeaderStateImpl] INFO  server.RaftServer$Division (ServerState.java:setRaftConf(378)) - s0@group-30CF79431F65: set configuration 255: peers:[s0|rpc:localhost:40279|admin:localhost:42953|client:localhost:45497|dataStream:localhost:37411|priority:0|startupRole:FOLLOWER, s1|rpc:0.0.0.0:34465|dataStream:|priority:0|startupRole:FOLLOWER, s2|rpc:0.0.0.0:38455|dataStream:|priority:0|startupRole:FOLLOWER]|listeners:[], old=peers:[s0|rpc:localhost:40279|admin:localhost:42953|client:localhost:45497|dataStream:localhost:37411|priority:0|startupRole:FOLLOWER]|listeners:[]
2023-02-01 13:30:18,235 [s1-server-thread1] INFO  server.RaftServer$Division (ServerState.java:setRaftConf(378)) - s1@group-30CF79431F65: set configuration 255: peers:[s0|rpc:localhost:40279|admin:localhost:42953|client:localhost:45497|dataStream:localhost:37411|priority:0|startupRole:FOLLOWER, s1|rpc:0.0.0.0:34465|dataStream:|priority:0|startupRole:FOLLOWER, s2|rpc:0.0.0.0:38455|dataStream:|priority:0|startupRole:FOLLOWER]|listeners:[], old=peers:[s0|rpc:localhost:40279|admin:localhost:42953|client:localhost:45497|dataStream:localhost:37411|priority:0|startupRole:FOLLOWER]|listeners:[]
2023-02-01 13:30:18,236 [s2-server-thread3] INFO  server.RaftServer$Division (ServerState.java:setRaftConf(378)) - s2@group-30CF79431F65: set configuration 255: peers:[s0|rpc:localhost:40279|admin:localhost:42953|client:localhost:45497|dataStream:localhost:37411|priority:0|startupRole:FOLLOWER, s1|rpc:0.0.0.0:34465|dataStream:|priority:0|startupRole:FOLLOWER, s2|rpc:0.0.0.0:38455|dataStream:|priority:0|startupRole:FOLLOWER]|listeners:[], old=peers:[s0|rpc:localhost:40279|admin:localhost:42953|client:localhost:45497|dataStream:localhost:37411|priority:0|startupRole:FOLLOWER]|listeners:[]
2023-02-01 13:30:18,242 [s1@group-30CF79431F65-StateMachineUpdater] INFO  impl.SimpleStateMachine4Testing (SimpleStateMachine4Testing.java:put(205)) - s1: put 193, m96 -> (t:1, i:193), STATEMACHINELOGENTRY, 483@client-044C7BE03BC2
2023-02-01 13:30:18,243 [s1@group-30CF79431F65-StateMachineUpdater] INFO  impl.SimpleStateMachine4Testing (SimpleStateMachine4Testing.java:put(205)) - s1: put 195, m97 -> (t:1, i:195), STATEMACHINELOGENTRY, 484@client-044C7BE03BC2
2023-02-01 13:30:18,243 [s1@group-30CF79431F65-StateMachineUpdater] INFO  impl.SimpleStateMachine4Testing (SimpleStateMachine4Testing.java:put(205)) - s1: put 197, m98 -> (t:1, i:197), STATEMACHINELOGENTRY, 485@client-044C7BE03BC2
2023-02-01 13:30:18,244 [s1@group-30CF79431F65-StateMachineUpdater] INFO  impl.SimpleStateMachine4Testing (SimpleStateMachine4Testing.java:put(205)) - s1: put 199, m99 -> (t:1, i:199), STATEMACHINELOGENTRY, 486@client-044C7BE03BC2
2023-02-01 13:30:18,244 [s1@group-30CF79431F65-StateMachineUpdater] INFO  impl.SimpleStateMachine4Testing (SimpleStateMachine4Testing.java:put(205)) - s1: put 201, m100 -> (t:1, i:201), STATEMACHINELOGENTRY, 487@client-044C7BE03BC2
2023-02-01 13:30:18,244 [s1@group-30CF79431F65-StateMachineUpdater] INFO  impl.SimpleStateMachine4Testing (SimpleStateMachine4Testing.java:put(205)) - s1: put 203, m101 -> (t:1, i:203), STATEMACHINELOGENTRY, 488@client-044C7BE03BC2
2023-02-01 13:30:18,244 [s1@group-30CF79431F65-StateMachineUpdater] INFO  impl.SimpleStateMachine4Testing (SimpleStateMachine4Testing.java:put(205)) - s1: put 205, m102 -> (t:1, i:205), STATEMACHINELOGENTRY, 489@client-044C7BE03BC2
2023-02-01 13:30:18,244 [s1@group-30CF79431F65-StateMachineUpdater] INFO  impl.SimpleStateMachine4Testing (SimpleStateMachine4Testing.java:put(205)) - s1: put 207, m103 -> (t:1, i:207), STATEMACHINELOGENTRY, 490@client-044C7BE03BC2
2023-02-01 13:30:18,244 [s1@group-30CF79431F65-StateMachineUpdater] INFO  impl.SimpleStateMachine4Testing (SimpleStateMachine4Testing.java:put(205)) - s1: put 209, m104 -> (t:1, i:209), STATEMACHINELOGENTRY, 491@client-044C7BE03BC2
2023-02-01 13:30:18,244 [s1@group-30CF79431F65-StateMachineUpdater] INFO  impl.SimpleStateMachine4Testing (SimpleStateMachine4Testing.java:put(205)) - s1: put 211, m105 -> (t:1, i:211), STATEMACHINELOGENTRY, 492@client-044C7BE03BC2
2023-02-01 13:30:18,245 [s1@group-30CF79431F65-StateMachineUpdater] INFO  impl.SimpleStateMachine4Testing (SimpleStateMachine4Testing.java:put(205)) - s1: put 213, m106 -> (t:1, i:213), STATEMACHINELOGENTRY, 493@client-044C7BE03BC2
2023-02-01 13:30:18,245 [s1@group-30CF79431F65-StateMachineUpdater] INFO  impl.SimpleStateMachine4Testing (SimpleStateMachine4Testing.java:put(205)) - s1: put 215, m107 -> (t:1, i:215), STATEMACHINELOGENTRY, 494@client-044C7BE03BC2
2023-02-01 13:30:18,245 [s1@group-30CF79431F65-StateMachineUpdater] INFO  impl.SimpleStateMachine4Testing (SimpleStateMachine4Testing.java:put(205)) - s1: put 217, m108 -> (t:1, i:217), STATEMACHINELOGENTRY, 495@client-044C7BE03BC2
2023-02-01 13:30:18,245 [s1@group-30CF79431F65-StateMachineUpdater] INFO  impl.SimpleStateMachine4Testing (SimpleStateMachine4Testing.java:put(205)) - s1: put 219, m109 -> (t:1, i:219), STATEMACHINELOGENTRY, 496@client-044C7BE03BC2
2023-02-01 13:30:18,245 [s1@group-30CF79431F65-StateMachineUpdater] INFO  impl.SimpleStateMachine4Testing (SimpleStateMachine4Testing.java:put(205)) - s1: put 221, m110 -> (t:1, i:221), STATEMACHINELOGENTRY, 497@client-044C7BE03BC2
2023-02-01 13:30:18,245 [s1@group-30CF79431F65-StateMachineUpdater] INFO  impl.SimpleStateMachine4Testing (SimpleStateMachine4Testing.java:put(205)) - s1: put 223, m111 -> (t:1, i:223), STATEMACHINELOGENTRY, 498@client-044C7BE03BC2
2023-02-01 13:30:18,246 [s1@group-30CF79431F65-StateMachineUpdater] INFO  impl.SimpleStateMachine4Testing (SimpleStateMachine4Testing.java:put(205)) - s1: put 225, m112 -> (t:1, i:225), STATEMACHINELOGENTRY, 499@client-044C7BE03BC2
2023-02-01 13:30:18,246 [s1@group-30CF79431F65-StateMachineUpdater] INFO  impl.SimpleStateMachine4Testing (SimpleStateMachine4Testing.java:put(205)) - s1: put 227, m113 -> (t:1, i:227), STATEMACHINELOGENTRY, 500@client-044C7BE03BC2
2023-02-01 13:30:18,246 [s0@group-30CF79431F65-LeaderStateImpl] INFO  server.RaftServer$Division (ServerState.java:setRaftConf(378)) - s0@group-30CF79431F65: set configuration 257: peers:[s0|rpc:localhost:40279|admin:localhost:42953|client:localhost:45497|dataStream:localhost:37411|priority:0|startupRole:FOLLOWER, s1|rpc:0.0.0.0:34465|dataStream:|priority:0|startupRole:FOLLOWER, s2|rpc:0.0.0.0:38455|dataStream:|priority:0|startupRole:FOLLOWER]|listeners:[], old=null
2023-02-01 13:30:18,249 [s1-server-thread1] INFO  server.RaftServer$Division (ServerState.java:setRaftConf(378)) - s1@group-30CF79431F65: set configuration 257: peers:[s0|rpc:localhost:40279|admin:localhost:42953|client:localhost:45497|dataStream:localhost:37411|priority:0|startupRole:FOLLOWER, s1|rpc:0.0.0.0:34465|dataStream:|priority:0|startupRole:FOLLOWER, s2|rpc:0.0.0.0:38455|dataStream:|priority:0|startupRole:FOLLOWER]|listeners:[], old=null
2023-02-01 13:30:18,248 [s2-server-thread3] INFO  server.RaftServer$Division (ServerState.java:setRaftConf(378)) - s2@group-30CF79431F65: set configuration 257: peers:[s0|rpc:localhost:40279|admin:localhost:42953|client:localhost:45497|dataStream:localhost:37411|priority:0|startupRole:FOLLOWER, s1|rpc:0.0.0.0:34465|dataStream:|priority:0|startupRole:FOLLOWER, s2|rpc:0.0.0.0:38455|dataStream:|priority:0|startupRole:FOLLOWER]|listeners:[], old=null
2023-02-01 13:30:18,247 [s0@group-30CF79431F65-StateMachineUpdater] TRACE util.FileUtils (FileUtils.java:deleteFully(201)) - deleteFully /tmp/ratis-tests/statemachine/s0/snapshot/1_255
2023-02-01 13:30:18,251 [s0@group-30CF79431F65-StateMachineUpdater] TRACE util.FileUtils (FileUtils.java:deleteFully(217)) - deleteFully: /tmp/ratis-tests/statemachine/s0/snapshot/1_255 does not exist.
2023-02-01 13:30:18,251 [s0@group-30CF79431F65-StateMachineUpdater] TRACE util.FileUtils (FileUtils.java:deleteFully(201)) - deleteFully /tmp/ratis-tests/statemachine/s0/tmp/e2a6cd54-085c-4fe7-96d1-87d68c504d6d
2023-02-01 13:30:18,251 [s0@group-30CF79431F65-StateMachineUpdater] TRACE util.FileUtils (FileUtils.java:deleteFully(217)) - deleteFully: /tmp/ratis-tests/statemachine/s0/tmp/e2a6cd54-085c-4fe7-96d1-87d68c504d6d does not exist.
2023-02-01 13:30:18,251 [s0@group-30CF79431F65-StateMachineUpdater] TRACE util.FileUtils (LogUtils.java:runAndLog(49)) - Successfully ran Atomic Files.move /tmp/ratis-tests/statemachine/s0/tmp/e2a6cd54-085c-4fe7-96d1-87d68c504d6d to /tmp/ratis-tests/statemachine/s0/snapshot/1_255
2023-02-01 13:30:18,251 [s0@group-30CF79431F65-StateMachineUpdater] INFO  impl.StateMachineUpdater (StateMachineUpdater.java:takeSnapshot(290)) - s0@group-30CF79431F65-StateMachineUpdater: Took a snapshot at index 255
2023-02-01 13:30:18,251 [s0@group-30CF79431F65-StateMachineUpdater] INFO  impl.StateMachineUpdater (StateMachineUpdater.java:lambda$new$0(96)) - s0@group-30CF79431F65-StateMachineUpdater: snapshotIndex: updateIncreasingly 191 -> 255
2023-02-01 13:30:18,251 [s0@group-30CF79431F65-StateMachineUpdater] INFO  raftlog.RaftLog (RaftLogBase.java:purge(314)) - s0@group-30CF79431F65-SegmentedRaftLog: purge 254
2023-02-01 13:30:18,251 [s0@group-30CF79431F65-StateMachineUpdater] INFO  raftlog.RaftLog (RaftLogBase.java:lambda$new$0(53)) - s0@group-30CF79431F65-SegmentedRaftLog: snapshotIndex: updateIncreasingly 191 -> 255
2023-02-01 13:30:18,251 [s0@group-30CF79431F65-StateMachineUpdater] INFO  raftlog.RaftLog (RaftLogBase.java:lambda$new$0(53)) - s0@group-30CF79431F65-SegmentedRaftLog: purgeIndex: updateToMax old=191, new=254, updated? true
2023-02-01 13:30:18,258 [s1@group-30CF79431F65-StateMachineUpdater] INFO  impl.SimpleStateMachine4Testing (SimpleStateMachine4Testing.java:put(205)) - s1: put 229, m114 -> (t:1, i:229), STATEMACHINELOGENTRY, 501@client-044C7BE03BC2
2023-02-01 13:30:18,259 [s1@group-30CF79431F65-StateMachineUpdater] INFO  impl.SimpleStateMachine4Testing (SimpleStateMachine4Testing.java:put(205)) - s1: put 231, m115 -> (t:1, i:231), STATEMACHINELOGENTRY, 502@client-044C7BE03BC2
2023-02-01 13:30:18,259 [s1@group-30CF79431F65-StateMachineUpdater] INFO  impl.SimpleStateMachine4Testing (SimpleStateMachine4Testing.java:put(205)) - s1: put 233, m116 -> (t:1, i:233), STATEMACHINELOGENTRY, 503@client-044C7BE03BC2
2023-02-01 13:30:18,259 [s1@group-30CF79431F65-StateMachineUpdater] INFO  impl.SimpleStateMachine4Testing (SimpleStateMachine4Testing.java:put(205)) - s1: put 235, m117 -> (t:1, i:235), STATEMACHINELOGENTRY, 504@client-044C7BE03BC2
2023-02-01 13:30:18,259 [s1@group-30CF79431F65-StateMachineUpdater] INFO  impl.SimpleStateMachine4Testing (SimpleStateMachine4Testing.java:put(205)) - s1: put 237, m118 -> (t:1, i:237), STATEMACHINELOGENTRY, 505@client-044C7BE03BC2
2023-02-01 13:30:18,259 [s1@group-30CF79431F65-StateMachineUpdater] INFO  impl.SimpleStateMachine4Testing (SimpleStateMachine4Testing.java:put(205)) - s1: put 239, m119 -> (t:1, i:239), STATEMACHINELOGENTRY, 506@client-044C7BE03BC2
2023-02-01 13:30:18,260 [s1@group-30CF79431F65-StateMachineUpdater] INFO  impl.SimpleStateMachine4Testing (SimpleStateMachine4Testing.java:put(205)) - s1: put 241, m120 -> (t:1, i:241), STATEMACHINELOGENTRY, 507@client-044C7BE03BC2
2023-02-01 13:30:18,260 [s1@group-30CF79431F65-StateMachineUpdater] INFO  impl.SimpleStateMachine4Testing (SimpleStateMachine4Testing.java:put(205)) - s1: put 243, m121 -> (t:1, i:243), STATEMACHINELOGENTRY, 508@client-044C7BE03BC2
2023-02-01 13:30:18,260 [s1@group-30CF79431F65-StateMachineUpdater] INFO  impl.SimpleStateMachine4Testing (SimpleStateMachine4Testing.java:put(205)) - s1: put 245, m122 -> (t:1, i:245), STATEMACHINELOGENTRY, 509@client-044C7BE03BC2
2023-02-01 13:30:18,260 [s1@group-30CF79431F65-StateMachineUpdater] INFO  impl.SimpleStateMachine4Testing (SimpleStateMachine4Testing.java:put(205)) - s1: put 247, m123 -> (t:1, i:247), STATEMACHINELOGENTRY, 510@client-044C7BE03BC2
2023-02-01 13:30:18,260 [s1@group-30CF79431F65-StateMachineUpdater] INFO  impl.SimpleStateMachine4Testing (SimpleStateMachine4Testing.java:put(205)) - s1: put 249, m124 -> (t:1, i:249), STATEMACHINELOGENTRY, 511@client-044C7BE03BC2
2023-02-01 13:30:18,260 [s1@group-30CF79431F65-StateMachineUpdater] INFO  impl.SimpleStateMachine4Testing (SimpleStateMachine4Testing.java:put(205)) - s1: put 251, m125 -> (t:1, i:251), STATEMACHINELOGENTRY, 512@client-044C7BE03BC2
2023-02-01 13:30:18,260 [s1@group-30CF79431F65-StateMachineUpdater] INFO  impl.SimpleStateMachine4Testing (SimpleStateMachine4Testing.java:put(205)) - s1: put 253, m126 -> (t:1, i:253), STATEMACHINELOGENTRY, 513@client-044C7BE03BC2
2023-02-01 13:30:18,275 [s1@group-30CF79431F65-StateMachineUpdater] TRACE util.FileUtils (FileUtils.java:deleteFully(201)) - deleteFully /tmp/ratis-tests/statemachine/s1/snapshot/1_257
2023-02-01 13:30:18,275 [s1@group-30CF79431F65-StateMachineUpdater] TRACE util.FileUtils (FileUtils.java:deleteFully(217)) - deleteFully: /tmp/ratis-tests/statemachine/s1/snapshot/1_257 does not exist.
2023-02-01 13:30:18,275 [s1@group-30CF79431F65-StateMachineUpdater] TRACE util.FileUtils (FileUtils.java:deleteFully(201)) - deleteFully /tmp/ratis-tests/statemachine/s1/tmp/73c0c7de-fb3f-41b2-9b57-7264affde106
2023-02-01 13:30:18,275 [s1@group-30CF79431F65-StateMachineUpdater] TRACE util.FileUtils (FileUtils.java:deleteFully(217)) - deleteFully: /tmp/ratis-tests/statemachine/s1/tmp/73c0c7de-fb3f-41b2-9b57-7264affde106 does not exist.
2023-02-01 13:30:18,276 [s1@group-30CF79431F65-StateMachineUpdater] TRACE util.FileUtils (LogUtils.java:runAndLog(49)) - Successfully ran Atomic Files.move /tmp/ratis-tests/statemachine/s1/tmp/73c0c7de-fb3f-41b2-9b57-7264affde106 to /tmp/ratis-tests/statemachine/s1/snapshot/1_257
2023-02-01 13:30:18,276 [s1@group-30CF79431F65-StateMachineUpdater] INFO  impl.StateMachineUpdater (StateMachineUpdater.java:takeSnapshot(290)) - s1@group-30CF79431F65-StateMachineUpdater: Took a snapshot at index 257
2023-02-01 13:30:18,276 [s1@group-30CF79431F65-StateMachineUpdater] INFO  impl.StateMachineUpdater (StateMachineUpdater.java:lambda$new$0(96)) - s1@group-30CF79431F65-StateMachineUpdater: snapshotIndex: updateIncreasingly 191 -> 257
2023-02-01 13:30:18,277 [s1@group-30CF79431F65-StateMachineUpdater] INFO  raftlog.RaftLog (RaftLogBase.java:purge(314)) - s1@group-30CF79431F65-SegmentedRaftLog: purge 255
2023-02-01 13:30:18,277 [s1@group-30CF79431F65-StateMachineUpdater] INFO  raftlog.RaftLog (RaftLogBase.java:lambda$new$0(53)) - s1@group-30CF79431F65-SegmentedRaftLog: snapshotIndex: updateIncreasingly 191 -> 257
2023-02-01 13:30:18,277 [s1@group-30CF79431F65-StateMachineUpdater] INFO  raftlog.RaftLog (RaftLogBase.java:lambda$new$0(53)) - s1@group-30CF79431F65-SegmentedRaftLog: purgeIndex: updateToMax old=-1, new=255, updated? true
2023-02-01 13:30:18,285 [Time-limited test] INFO  server.RaftServerConfigKeys (ConfUtils.java:logGet(46)) - raft.server.rpc.timeout.max = 300ms (default)
2023-02-01 13:30:18,285 [Time-limited test] INFO  impl.RaftServerTestUtil (RaftServerTestUtil.java:waitAndCheckNewConf(87)) - waitAndCheckNewConf: peers=[s1|rpc:0.0.0.0:34465|priority:0|startupRole:FOLLOWER, s2|rpc:0.0.0.0:38455|priority:0|startupRole:FOLLOWER, s0|rpc:localhost:40279|admin:localhost:42953|client:localhost:45497|dataStream:localhost:37411|priority:0|startupRole:FOLLOWER], deadPeers=null, printing ALL groups
  s0:  RUNNING    LEADER s0@group-30CF79431F65:t1, leader=s0, voted=s0, raftlog=Memoized:s0@group-30CF79431F65-SegmentedRaftLog:OPENED:c258, conf=257: peers:[s0|rpc:localhost:40279|admin:localhost:42953|client:localhost:45497|dataStream:localhost:37411|priority:0|startupRole:FOLLOWER, s1|rpc:0.0.0.0:34465|dataStream:|priority:0|startupRole:FOLLOWER, s2|rpc:0.0.0.0:38455|dataStream:|priority:0|startupRole:FOLLOWER]|listeners:[], old=null RUNNING
  s1:  RUNNING  FOLLOWER s1@group-30CF79431F65:t1, leader=s0, voted=null, raftlog=Memoized:s1@group-30CF79431F65-SegmentedRaftLog:OPENED:c257, conf=257: peers:[s0|rpc:localhost:40279|admin:localhost:42953|client:localhost:45497|dataStream:localhost:37411|priority:0|startupRole:FOLLOWER, s1|rpc:0.0.0.0:34465|dataStream:|priority:0|startupRole:FOLLOWER, s2|rpc:0.0.0.0:38455|dataStream:|priority:0|startupRole:FOLLOWER]|listeners:[], old=null RUNNING
  s2:  RUNNING  FOLLOWER s2@group-30CF79431F65:t1, leader=s0, voted=null, raftlog=Memoized:s2@group-30CF79431F65-SegmentedRaftLog:OPENED:c257, conf=257: peers:[s0|rpc:localhost:40279|admin:localhost:42953|client:localhost:45497|dataStream:localhost:37411|priority:0|startupRole:FOLLOWER, s1|rpc:0.0.0.0:34465|dataStream:|priority:0|startupRole:FOLLOWER, s2|rpc:0.0.0.0:38455|dataStream:|priority:0|startupRole:FOLLOWER]|listeners:[], old=null RUNNING
2023-02-01 13:30:18,285 [Time-limited test] INFO  impl.RaftServerTestUtil (RaftServerTestUtil.java:waitAndCheckNewConf(96)) - checking    LEADER s0@group-30CF79431F65:t1, leader=s0, voted=s0, raftlog=Memoized:s0@group-30CF79431F65-SegmentedRaftLog:OPENED:c258, conf=257: peers:[s0|rpc:localhost:40279|admin:localhost:42953|client:localhost:45497|dataStream:localhost:37411|priority:0|startupRole:FOLLOWER, s1|rpc:0.0.0.0:34465|dataStream:|priority:0|startupRole:FOLLOWER, s2|rpc:0.0.0.0:38455|dataStream:|priority:0|startupRole:FOLLOWER]|listeners:[], old=null RUNNING
2023-02-01 13:30:18,285 [Time-limited test] INFO  impl.RaftServerTestUtil (RaftServerTestUtil.java:waitAndCheckNewConf(96)) - checking  FOLLOWER s1@group-30CF79431F65:t1, leader=s0, voted=null, raftlog=Memoized:s1@group-30CF79431F65-SegmentedRaftLog:OPENED:c257, conf=257: peers:[s0|rpc:localhost:40279|admin:localhost:42953|client:localhost:45497|dataStream:localhost:37411|priority:0|startupRole:FOLLOWER, s1|rpc:0.0.0.0:34465|dataStream:|priority:0|startupRole:FOLLOWER, s2|rpc:0.0.0.0:38455|dataStream:|priority:0|startupRole:FOLLOWER]|listeners:[], old=null RUNNING
2023-02-01 13:30:18,286 [Time-limited test] INFO  impl.RaftServerTestUtil (RaftServerTestUtil.java:waitAndCheckNewConf(96)) - checking  FOLLOWER s2@group-30CF79431F65:t1, leader=s0, voted=null, raftlog=Memoized:s2@group-30CF79431F65-SegmentedRaftLog:OPENED:c257, conf=257: peers:[s0|rpc:localhost:40279|admin:localhost:42953|client:localhost:45497|dataStream:localhost:37411|priority:0|startupRole:FOLLOWER, s1|rpc:0.0.0.0:34465|dataStream:|priority:0|startupRole:FOLLOWER, s2|rpc:0.0.0.0:38455|dataStream:|priority:0|startupRole:FOLLOWER]|listeners:[], old=null RUNNING
2023-02-01 13:30:18,286 [Time-limited test] INFO  impl.MiniRaftCluster (MiniRaftCluster.java:shutdown(831)) - ************************************************************** 
2023-02-01 13:30:18,286 [Time-limited test] INFO  impl.MiniRaftCluster (MiniRaftCluster.java:shutdown(832)) - *** 
2023-02-01 13:30:18,286 [Time-limited test] INFO  impl.MiniRaftCluster (MiniRaftCluster.java:shutdown(833)) - ***     Stopping MiniRaftClusterWithGrpc
2023-02-01 13:30:18,286 [Time-limited test] INFO  impl.MiniRaftCluster (MiniRaftCluster.java:shutdown(834)) - *** 
2023-02-01 13:30:18,286 [Time-limited test] INFO  impl.MiniRaftCluster (MiniRaftCluster.java:shutdown(835)) - ************************************************************** 
2023-02-01 13:30:18,286 [Time-limited test] INFO  impl.MiniRaftCluster (MiniRaftCluster.java:shutdown(836)) - printing ALL groups
  s0:  RUNNING    LEADER s0@group-30CF79431F65:t1, leader=s0, voted=s0, raftlog=Memoized:s0@group-30CF79431F65-SegmentedRaftLog:OPENED:c258, conf=257: peers:[s0|rpc:localhost:40279|admin:localhost:42953|client:localhost:45497|dataStream:localhost:37411|priority:0|startupRole:FOLLOWER, s1|rpc:0.0.0.0:34465|dataStream:|priority:0|startupRole:FOLLOWER, s2|rpc:0.0.0.0:38455|dataStream:|priority:0|startupRole:FOLLOWER]|listeners:[], old=null RUNNING
  s1:  RUNNING  FOLLOWER s1@group-30CF79431F65:t1, leader=s0, voted=null, raftlog=Memoized:s1@group-30CF79431F65-SegmentedRaftLog:OPENED:c257, conf=257: peers:[s0|rpc:localhost:40279|admin:localhost:42953|client:localhost:45497|dataStream:localhost:37411|priority:0|startupRole:FOLLOWER, s1|rpc:0.0.0.0:34465|dataStream:|priority:0|startupRole:FOLLOWER, s2|rpc:0.0.0.0:38455|dataStream:|priority:0|startupRole:FOLLOWER]|listeners:[], old=null RUNNING
  s2:  RUNNING  FOLLOWER s2@group-30CF79431F65:t1, leader=s0, voted=null, raftlog=Memoized:s2@group-30CF79431F65-SegmentedRaftLog:OPENED:c257, conf=257: peers:[s0|rpc:localhost:40279|admin:localhost:42953|client:localhost:45497|dataStream:localhost:37411|priority:0|startupRole:FOLLOWER, s1|rpc:0.0.0.0:34465|dataStream:|priority:0|startupRole:FOLLOWER, s2|rpc:0.0.0.0:38455|dataStream:|priority:0|startupRole:FOLLOWER]|listeners:[], old=null RUNNING
2023-02-01 13:30:18,290 [MiniRaftCluster-19] INFO  server.RaftServer (RaftServerProxy.java:lambda$close$7(412)) - s0: close
2023-02-01 13:30:18,299 [MiniRaftCluster-19] INFO  server.GrpcService (GrpcService.java:closeImpl(311)) - s0: shutdown server org.apache.ratis.grpc.server.GrpcClientProtocolService now
2023-02-01 13:30:18,299 [s0-impl-thread1] INFO  server.RaftServer$Division (RaftServerImpl.java:lambda$close$4(462)) - s0@group-30CF79431F65: shutdown
2023-02-01 13:30:18,299 [s0-impl-thread1] INFO  util.JmxRegister (JmxRegister.java:unregister(73)) - Successfully un-registered JMX Bean with object name Ratis:service=RaftServer,group=group-30CF79431F65,id=s0
2023-02-01 13:30:18,299 [s0-impl-thread1] INFO  impl.RoleInfo (RoleInfo.java:shutdownLeaderState(93)) - s0: shutdown s0@group-30CF79431F65-LeaderStateImpl
2023-02-01 13:30:18,299 [s0@group-30CF79431F65->s1-GrpcLogAppender-LogAppenderDaemon] WARN  server.GrpcLogAppender (GrpcLogAppender.java:mayWait(198)) - s0@group-30CF79431F65->s1-GrpcLogAppender: Wait interrupted by java.lang.InterruptedException
2023-02-01 13:30:18,299 [s0-impl-thread1] INFO  impl.PendingRequests (PendingRequests.java:sendNotLeaderResponses(282)) - s0@group-30CF79431F65-PendingRequests: sendNotLeaderResponses
2023-02-01 13:30:18,300 [grpc-default-executor-1] INFO  server.GrpcServerProtocolService (GrpcServerProtocolService.java:onCompleted(143)) - s1: Completed APPEND_ENTRIES, lastRequest: s0->s1#10-t1,previous=(t:1, i:257),leaderCommit=257,initializing? true,entries: size=1, first=(t:1, i:258), METADATAENTRY(c:257)
2023-02-01 13:30:18,300 [grpc-default-executor-0] INFO  server.GrpcServerProtocolService (GrpcServerProtocolService.java:onCompleted(143)) - s1: Completed APPEND_ENTRIES, lastRequest: null
2023-02-01 13:30:18,300 [s0@group-30CF79431F65->s2-GrpcLogAppender-LogAppenderDaemon] WARN  server.GrpcLogAppender (GrpcLogAppender.java:mayWait(198)) - s0@group-30CF79431F65->s2-GrpcLogAppender: Wait interrupted by java.lang.InterruptedException
2023-02-01 13:30:18,301 [s0-impl-thread1] INFO  impl.StateMachineUpdater (StateMachineUpdater.java:stopAndJoin(154)) - s0@group-30CF79431F65-StateMachineUpdater: set stopIndex = 258
2023-02-01 13:30:18,302 [s0@group-30CF79431F65-StateMachineUpdater] TRACE util.FileUtils (FileUtils.java:deleteFully(201)) - deleteFully /tmp/ratis-tests/statemachine/s0/snapshot/1_258
2023-02-01 13:30:18,302 [MiniRaftCluster-20] INFO  server.RaftServer (RaftServerProxy.java:lambda$close$7(412)) - s1: close
2023-02-01 13:30:18,303 [MiniRaftCluster-20] INFO  server.GrpcService (GrpcService.java:closeImpl(311)) - s1: shutdown server GrpcServerProtocolService now
2023-02-01 13:30:18,306 [s1-impl-thread1] INFO  server.RaftServer$Division (RaftServerImpl.java:lambda$close$4(462)) - s1@group-30CF79431F65: shutdown
2023-02-01 13:30:18,306 [s1-impl-thread1] INFO  util.JmxRegister (JmxRegister.java:unregister(73)) - Successfully un-registered JMX Bean with object name Ratis:service=RaftServer,group=group-30CF79431F65,id=s1
2023-02-01 13:30:18,306 [s0@group-30CF79431F65-StateMachineUpdater] TRACE util.FileUtils (FileUtils.java:deleteFully(217)) - deleteFully: /tmp/ratis-tests/statemachine/s0/snapshot/1_258 does not exist.
2023-02-01 13:30:18,306 [s0@group-30CF79431F65-StateMachineUpdater] TRACE util.FileUtils (FileUtils.java:deleteFully(201)) - deleteFully /tmp/ratis-tests/statemachine/s0/tmp/4c0c35fe-9eab-4d03-8f56-272882ec6e38
2023-02-01 13:30:18,306 [s0@group-30CF79431F65-StateMachineUpdater] TRACE util.FileUtils (FileUtils.java:deleteFully(217)) - deleteFully: /tmp/ratis-tests/statemachine/s0/tmp/4c0c35fe-9eab-4d03-8f56-272882ec6e38 does not exist.
2023-02-01 13:30:18,306 [s1-impl-thread1] INFO  impl.RoleInfo (RoleInfo.java:shutdownFollowerState(110)) - s1: shutdown s1@group-30CF79431F65-FollowerState
2023-02-01 13:30:18,306 [s1-impl-thread1] INFO  impl.StateMachineUpdater (StateMachineUpdater.java:stopAndJoin(154)) - s1@group-30CF79431F65-StateMachineUpdater: set stopIndex = 257
2023-02-01 13:30:18,306 [s0@group-30CF79431F65-StateMachineUpdater] TRACE util.FileUtils (LogUtils.java:runAndLog(49)) - Successfully ran Atomic Files.move /tmp/ratis-tests/statemachine/s0/tmp/4c0c35fe-9eab-4d03-8f56-272882ec6e38 to /tmp/ratis-tests/statemachine/s0/snapshot/1_258
2023-02-01 13:30:18,307 [s0@group-30CF79431F65-StateMachineUpdater] INFO  impl.StateMachineUpdater (StateMachineUpdater.java:takeSnapshot(290)) - s0@group-30CF79431F65-StateMachineUpdater: Took a snapshot at index 258
2023-02-01 13:30:18,307 [s0@group-30CF79431F65-StateMachineUpdater] INFO  impl.StateMachineUpdater (StateMachineUpdater.java:lambda$new$0(96)) - s0@group-30CF79431F65-StateMachineUpdater: snapshotIndex: updateIncreasingly 255 -> 258
2023-02-01 13:30:18,307 [s1-impl-thread1] INFO  server.RaftServer$Division (ServerState.java:close(414)) - s1@group-30CF79431F65: applyIndex: 257
2023-02-01 13:30:18,307 [s1@group-30CF79431F65-SegmentedRaftLogWorker] INFO  segmented.SegmentedRaftLogWorker (SegmentedRaftLogWorker.java:run(334)) - s1@group-30CF79431F65-SegmentedRaftLogWorker was interrupted, exiting. There are 0 tasks remaining in the queue.
2023-02-01 13:30:18,307 [s1@group-30CF79431F65-FollowerState] INFO  impl.FollowerState (FollowerState.java:run(152)) - s1@group-30CF79431F65-FollowerState was interrupted
2023-02-01 13:30:18,307 [s0-impl-thread1] INFO  server.RaftServer$Division (ServerState.java:close(414)) - s0@group-30CF79431F65: applyIndex: 258
2023-02-01 13:30:18,307 [s0@group-30CF79431F65-SegmentedRaftLogWorker] INFO  segmented.SegmentedRaftLogWorker (SegmentedRaftLogWorker.java:run(334)) - s0@group-30CF79431F65-SegmentedRaftLogWorker was interrupted, exiting. There are 0 tasks remaining in the queue.
2023-02-01 13:30:18,308 [grpc-default-executor-5] INFO  server.GrpcServerProtocolService (GrpcServerProtocolService.java:onCompleted(143)) - s2: Completed APPEND_ENTRIES, lastRequest: null
2023-02-01 13:30:18,308 [grpc-default-executor-4] INFO  server.GrpcLogAppender (GrpcLogAppender.java:onCompleted(412)) - s0@group-30CF79431F65->s1-AppendLogResponseHandler: follower responses appendEntries COMPLETED
2023-02-01 13:30:18,308 [grpc-default-executor-0] INFO  server.GrpcLogAppender (GrpcLogAppender.java:onCompleted(412)) - s0@group-30CF79431F65->s1-AppendLogResponseHandler: follower responses appendEntries COMPLETED
2023-02-01 13:30:18,308 [grpc-default-executor-4] INFO  leader.FollowerInfo (FollowerInfoImpl.java:lambda$new$0(52)) - s0@group-30CF79431F65->s1: nextIndex: updateUnconditionally 259 -> 258
2023-02-01 13:30:18,308 [grpc-default-executor-1] INFO  server.GrpcServerProtocolService (GrpcServerProtocolService.java:onCompleted(143)) - s2: Completed APPEND_ENTRIES, lastRequest: s0->s2#10-t1,previous=(t:1, i:257),leaderCommit=257,initializing? true,entries: size=1, first=(t:1, i:258), METADATAENTRY(c:257)
2023-02-01 13:30:18,308 [grpc-default-executor-0] INFO  leader.FollowerInfo (FollowerInfoImpl.java:lambda$new$0(52)) - s0@group-30CF79431F65->s1: nextIndex: updateUnconditionally 258 -> 257
2023-02-01 13:30:18,309 [grpc-default-executor-3] INFO  server.GrpcLogAppender (GrpcLogAppender.java:onCompleted(412)) - s0@group-30CF79431F65->s2-AppendLogResponseHandler: follower responses appendEntries COMPLETED
2023-02-01 13:30:18,309 [grpc-default-executor-3] INFO  leader.FollowerInfo (FollowerInfoImpl.java:lambda$new$0(52)) - s0@group-30CF79431F65->s2: nextIndex: updateUnconditionally 259 -> 258
2023-02-01 13:30:18,314 [ForkJoinPool.commonPool-worker-3] INFO  server.GrpcServerProtocolClient (GrpcServerProtocolClient.java:close(101)) - s1 Close channels
2023-02-01 13:30:18,314 [grpc-default-executor-1] INFO  server.GrpcLogAppender (GrpcLogAppender.java:onCompleted(412)) - s0@group-30CF79431F65->s2-AppendLogResponseHandler: follower responses appendEntries COMPLETED
2023-02-01 13:30:18,314 [grpc-default-executor-1] INFO  leader.FollowerInfo (FollowerInfoImpl.java:lambda$new$0(52)) - s0@group-30CF79431F65->s2: nextIndex: updateUnconditionally 258 -> 257
2023-02-01 13:30:18,319 [MiniRaftCluster-20] INFO  server.GrpcService (GrpcService.java:closeImpl(320)) - s1: shutdown server GrpcServerProtocolService successfully
2023-02-01 13:30:18,315 [MiniRaftCluster-21] INFO  server.RaftServer (RaftServerProxy.java:lambda$close$7(412)) - s2: close
2023-02-01 13:30:18,314 [s0-impl-thread1] INFO  segmented.SegmentedRaftLogWorker (SegmentedRaftLogWorker.java:close(247)) - s0@group-30CF79431F65-SegmentedRaftLogWorker close()
2023-02-01 13:30:18,314 [s1-impl-thread1] INFO  segmented.SegmentedRaftLogWorker (SegmentedRaftLogWorker.java:close(247)) - s1@group-30CF79431F65-SegmentedRaftLogWorker close()
2023-02-01 13:30:18,335 [MiniRaftCluster-21] INFO  server.GrpcService (GrpcService.java:closeImpl(311)) - s2: shutdown server GrpcServerProtocolService now
2023-02-01 13:30:18,334 [s2-impl-thread1] INFO  server.RaftServer$Division (RaftServerImpl.java:lambda$close$4(462)) - s2@group-30CF79431F65: shutdown
2023-02-01 13:30:18,339 [s2-impl-thread1] INFO  util.JmxRegister (JmxRegister.java:unregister(73)) - Successfully un-registered JMX Bean with object name Ratis:service=RaftServer,group=group-30CF79431F65,id=s2
2023-02-01 13:30:18,339 [s2-impl-thread1] INFO  impl.RoleInfo (RoleInfo.java:shutdownFollowerState(110)) - s2: shutdown s2@group-30CF79431F65-FollowerState
2023-02-01 13:30:18,339 [s2-impl-thread1] INFO  impl.StateMachineUpdater (StateMachineUpdater.java:stopAndJoin(154)) - s2@group-30CF79431F65-StateMachineUpdater: set stopIndex = 257
2023-02-01 13:30:18,340 [s2@group-30CF79431F65-FollowerState] INFO  impl.FollowerState (FollowerState.java:run(152)) - s2@group-30CF79431F65-FollowerState was interrupted
2023-02-01 13:30:18,320 [ForkJoinPool.commonPool-worker-3] INFO  server.GrpcServerProtocolClient (GrpcServerProtocolClient.java:close(101)) - s2 Close channels
2023-02-01 13:30:18,342 [JvmPauseMonitor10] INFO  util.JvmPauseMonitor (JvmPauseMonitor.java:run(111)) - JvmPauseMonitor-s1: Stopped
2023-02-01 13:30:18,344 [MiniRaftCluster-19] INFO  server.GrpcService (GrpcService.java:closeImpl(320)) - s0: shutdown server org.apache.ratis.grpc.server.GrpcClientProtocolService successfully
2023-02-01 13:30:18,344 [MiniRaftCluster-19] INFO  server.GrpcService (GrpcService.java:closeImpl(311)) - s0: shutdown server GrpcServerProtocolService now
2023-02-01 13:30:18,346 [MiniRaftCluster-21] INFO  server.GrpcService (GrpcService.java:closeImpl(320)) - s2: shutdown server GrpcServerProtocolService successfully
2023-02-01 13:30:18,346 [MiniRaftCluster-19] INFO  server.GrpcService (GrpcService.java:closeImpl(320)) - s0: shutdown server GrpcServerProtocolService successfully
2023-02-01 13:30:18,346 [MiniRaftCluster-19] INFO  server.GrpcService (GrpcService.java:closeImpl(311)) - s0: shutdown server org.apache.ratis.grpc.server.GrpcAdminProtocolService now
2023-02-01 13:30:18,346 [MiniRaftCluster-19] INFO  server.GrpcService (GrpcService.java:closeImpl(320)) - s0: shutdown server org.apache.ratis.grpc.server.GrpcAdminProtocolService successfully
2023-02-01 13:30:18,347 [JvmPauseMonitor9] INFO  util.JvmPauseMonitor (JvmPauseMonitor.java:run(111)) - JvmPauseMonitor-s0: Stopped
2023-02-01 13:30:23,294 [Time-limited test] INFO  impl.MiniRaftCluster (MiniRaftCluster.java:shutdown(855)) - MiniRaftClusterWithGrpc shutdown completed
2023-02-01 13:30:23,294 [Time-limited test] INFO  impl.MiniRaftCluster (MiniRaftCluster.java:shutdown(831)) - ************************************************************** 
2023-02-01 13:30:23,294 [Time-limited test] INFO  impl.MiniRaftCluster (MiniRaftCluster.java:shutdown(832)) - *** 
2023-02-01 13:30:23,294 [Time-limited test] INFO  impl.MiniRaftCluster (MiniRaftCluster.java:shutdown(833)) - ***     Stopping MiniRaftClusterWithGrpc
2023-02-01 13:30:23,294 [Time-limited test] INFO  impl.MiniRaftCluster (MiniRaftCluster.java:shutdown(834)) - *** 
2023-02-01 13:30:23,294 [Time-limited test] INFO  impl.MiniRaftCluster (MiniRaftCluster.java:shutdown(835)) - ************************************************************** 
2023-02-01 13:30:23,295 [Time-limited test] INFO  impl.MiniRaftCluster (MiniRaftCluster.java:shutdown(836)) - printing ALL groups
  s0:   CLOSED    LEADER s0@group-30CF79431F65:t1, leader=s0, voted=s0, raftlog=Memoized:s0@group-30CF79431F65-SegmentedRaftLog:CLOSED:c258, conf=257: peers:[s0|rpc:localhost:40279|admin:localhost:42953|client:localhost:45497|dataStream:localhost:37411|priority:0|startupRole:FOLLOWER, s1|rpc:0.0.0.0:34465|dataStream:|priority:0|startupRole:FOLLOWER, s2|rpc:0.0.0.0:38455|dataStream:|priority:0|startupRole:FOLLOWER]|listeners:[], old=null CLOSED
  s1:   CLOSED  FOLLOWER s1@group-30CF79431F65:t1, leader=s0, voted=null, raftlog=Memoized:s1@group-30CF79431F65-SegmentedRaftLog:CLOSED:c257, conf=257: peers:[s0|rpc:localhost:40279|admin:localhost:42953|client:localhost:45497|dataStream:localhost:37411|priority:0|startupRole:FOLLOWER, s1|rpc:0.0.0.0:34465|dataStream:|priority:0|startupRole:FOLLOWER, s2|rpc:0.0.0.0:38455|dataStream:|priority:0|startupRole:FOLLOWER]|listeners:[], old=null CLOSED
  s2:  CLOSING  FOLLOWER s2@group-30CF79431F65:t1, leader=s0, voted=null, raftlog=Memoized:s2@group-30CF79431F65-SegmentedRaftLog:OPENED:c257, conf=257: peers:[s0|rpc:localhost:40279|admin:localhost:42953|client:localhost:45497|dataStream:localhost:37411|priority:0|startupRole:FOLLOWER, s1|rpc:0.0.0.0:34465|dataStream:|priority:0|startupRole:FOLLOWER, s2|rpc:0.0.0.0:38455|dataStream:|priority:0|startupRole:FOLLOWER]|listeners:[], old=null CLOSING
2023-02-01 13:30:23,323 [JvmPauseMonitor11] INFO  util.JvmPauseMonitor (JvmPauseMonitor.java:run(111)) - JvmPauseMonitor-s2: Stopped
2023-02-01 13:30:23,323 [Time-limited test] INFO  impl.MiniRaftCluster (MiniRaftCluster.java:shutdown(855)) - MiniRaftClusterWithGrpc shutdown completed
]]></system-out>
  </testcase>
</testsuite>